2010-01-26
Cash: 10000.00
Held: 
Value: 10000.00
Sales: 
Purchases: AGOx68@29.20 AGGx68@29.20 AGMx68@29.20 CELx68@29.20 BOCHx68@29.20 

2010-01-27
Cash: 70.94
Held: AGOx68@29.12 AGMx68@29.12 CELx68@29.12 BOCHx68@29.12 AGGx68@29.12 
Value: 9973.44
Sales: AGOx68@29.12 AGGx68@29.12 AGMx68@29.12 CELx68@29.12 BOCHx68@29.12 
Purchases: AGOx68@29.12 AGGx68@29.12 AGMx68@29.12 CELx68@29.12 BOCHx68@29.12 

2010-01-28
Cash: 70.94
Held: AGOx68@28.94 AGMx68@28.94 CELx68@28.94 BOCHx68@28.94 AGGx68@28.94 
Value: 9909.69
Sales: AGOx68@28.94 AGGx68@28.94 AGMx68@28.94 CELx68@28.94 BOCHx68@28.94 
Purchases: AGOx68@28.94 AGGx68@28.94 AGMx68@28.94 CELx68@28.94 BOCHx68@28.94 

2010-01-31
Cash: 70.94
Held: AGOx68@28.16 AGMx68@28.16 CELx68@28.16 BOCHx68@28.16 AGGx68@28.16 
Value: 9644.06
Sales: AGOx68@28.16 AGGx68@28.16 AGMx68@28.16 CELx68@28.16 BOCHx68@28.16 
Purchases: AGOx68@28.16 AGGx68@28.16 AGMx68@28.16 CELx68@28.16 BOCHx68@28.16 

2010-02-01
Cash: 70.94
Held: AGOx68@29.22 AGMx68@29.22 CELx68@29.22 BOCHx68@29.22 AGGx68@29.22 
Value: 10005.31
Sales: AGOx68@29.22 AGGx68@29.22 AGMx68@29.22 CELx68@29.22 BOCHx68@29.22 
Purchases: AGOx68@29.22 AGGx68@29.22 AGMx68@29.22 CELx68@29.22 BOCHx68@29.22 

2010-02-02
Cash: 70.94
Held: AGOx68@29.39 AGMx68@29.39 CELx68@29.39 BOCHx68@29.39 AGGx68@29.39 
Value: 10063.75
Sales: AGOx68@29.39 AGGx68@29.39 AGMx68@29.39 CELx68@29.39 BOCHx68@29.39 
Purchases: AGOx68@29.39 AGGx68@29.39 AGMx68@29.39 CELx68@29.39 BOCHx68@29.39 

2010-02-03
Cash: 70.94
Held: AGOx68@29.30 AGMx68@29.30 CELx68@29.30 BOCHx68@29.30 AGGx68@29.30 
Value: 10031.88
Sales: AGOx68@29.30 AGGx68@29.30 AGMx68@29.30 CELx68@29.30 BOCHx68@29.30 
Purchases: AGOx68@29.30 AGGx68@29.30 AGMx68@29.30 CELx68@29.30 BOCHx68@29.30 

2010-02-04
Cash: 70.94
Held: AGOx68@28.91 AGMx68@28.91 CELx68@28.91 BOCHx68@28.91 AGGx68@28.91 
Value: 9899.06
Sales: AGOx68@28.91 AGGx68@28.91 AGMx68@28.91 CELx68@28.91 BOCHx68@28.91 
Purchases: AGOx68@28.91 AGGx68@28.91 AGMx68@28.91 CELx68@28.91 BOCHx68@28.91 

2010-02-07
Cash: 70.94
Held: AGOx68@29.20 AGMx68@29.20 CELx68@29.20 BOCHx68@29.20 AGGx68@29.20 
Value: 10000.00
Sales: AGOx68@29.20 AGGx68@29.20 AGMx68@29.20 CELx68@29.20 BOCHx68@29.20 
Purchases: AGOx68@29.20 AGGx68@29.20 AGMx68@29.20 CELx68@29.20 BOCHx68@29.20 

2010-02-08
Cash: 70.94
Held: AGOx68@29.53 AGMx68@29.53 CELx68@29.53 BOCHx68@29.53 AGGx68@29.53 
Value: 10111.56
Sales: AGOx68@29.53 AGGx68@29.53 AGMx68@29.53 CELx68@29.53 BOCHx68@29.53 
Purchases: AGOx68@29.53 AGGx68@29.53 AGMx68@29.53 CELx68@29.53 BOCHx68@29.53 

2010-02-09
Cash: 70.94
Held: AGOx68@29.45 AGMx68@29.45 CELx68@29.45 BOCHx68@29.45 AGGx68@29.45 
Value: 10085.00
Sales: AGOx68@29.45 AGGx68@29.45 AGMx68@29.45 CELx68@29.45 BOCHx68@29.45 
Purchases: AGOx68@29.45 AGGx68@29.45 AGMx68@29.45 CELx68@29.45 BOCHx68@29.45 

2010-02-10
Cash: 70.94
Held: AGOx68@29.25 AGMx68@29.25 CELx68@29.25 BOCHx68@29.25 AGGx68@29.25 
Value: 10015.94
Sales: AGOx68@29.25 AGGx68@29.25 AGMx68@29.25 CELx68@29.25 BOCHx68@29.25 
Purchases: AGOx68@29.25 AGGx68@29.25 AGMx68@29.25 CELx68@29.25 BOCHx68@29.25 

2010-02-11
Cash: 70.94
Held: AGOx68@30.66 AGMx68@30.66 CELx68@30.66 BOCHx68@30.66 AGGx68@30.66 
Value: 10494.06
Sales: AGOx68@30.66 AGGx68@30.66 AGMx68@30.66 CELx68@30.66 BOCHx68@30.66 
Purchases: AGOx68@30.66 AGGx68@30.66 AGMx68@30.66 CELx68@30.66 BOCHx68@30.66 

2010-02-15
Cash: 70.94
Held: AGOx68@30.23 AGMx68@30.23 CELx68@30.23 BOCHx68@30.23 AGGx68@30.23 
Value: 10350.62
Sales: AGOx68@30.23 AGGx68@30.23 AGMx68@30.23 CELx68@30.23 BOCHx68@30.23 
Purchases: AGOx68@30.23 AGGx68@30.23 AGMx68@30.23 CELx68@30.23 BOCHx68@30.23 

2010-02-16
Cash: 70.94
Held: AGOx68@30.36 AGMx68@30.36 CELx68@30.36 BOCHx68@30.36 AGGx68@30.36 
Value: 10393.12
Sales: AGOx68@30.36 AGGx68@30.36 AGMx68@30.36 CELx68@30.36 BOCHx68@30.36 
Purchases: AGOx68@30.36 AGGx68@30.36 AGMx68@30.36 CELx68@30.36 BOCHx68@30.36 

2010-02-17
Cash: 70.94
Held: AGOx68@30.56 AGMx68@30.56 CELx68@30.56 BOCHx68@30.56 AGGx68@30.56 
Value: 10462.19
Sales: AGOx68@30.56 AGGx68@30.56 AGMx68@30.56 CELx68@30.56 BOCHx68@30.56 
Purchases: AGOx68@30.56 AGGx68@30.56 AGMx68@30.56 CELx68@30.56 BOCHx68@30.56 

2010-02-18
Cash: 70.94
Held: AGOx68@30.84 AGMx68@30.84 CELx68@30.84 BOCHx68@30.84 AGGx68@30.84 
Value: 10557.81
Sales: AGOx68@30.84 AGGx68@30.84 AGMx68@30.84 CELx68@30.84 BOCHx68@30.84 
Purchases: AGOx68@30.84 AGGx68@30.84 AGMx68@30.84 CELx68@30.84 BOCHx68@30.84 

2010-02-21
Cash: 70.94
Held: AGOx68@31.30 AGMx68@31.30 CELx68@31.30 BOCHx68@31.30 AGGx68@31.30 
Value: 10711.88
Sales: AGOx68@31.30 AGGx68@31.30 AGMx68@31.30 CELx68@31.30 BOCHx68@31.30 
Purchases: AGOx68@31.30 AGGx68@31.30 AGMx68@31.30 CELx68@31.30 BOCHx68@31.30 

2010-02-22
Cash: 70.94
Held: AGOx68@31.09 AGMx68@31.09 CELx68@31.09 BOCHx68@31.09 AGGx68@31.09 
Value: 10642.81
Sales: AGOx68@31.09 AGGx68@31.09 AGMx68@31.09 CELx68@31.09 BOCHx68@31.09 
Purchases: AGOx68@31.09 AGGx68@31.09 AGMx68@31.09 CELx68@31.09 BOCHx68@31.09 

2010-02-23
Cash: 70.94
Held: AGOx68@30.97 AGMx68@30.97 CELx68@30.97 BOCHx68@30.97 AGGx68@30.97 
Value: 10600.31
Sales: AGOx68@30.97 AGGx68@30.97 AGMx68@30.97 CELx68@30.97 BOCHx68@30.97 
Purchases: AGOx68@30.97 AGGx68@30.97 AGMx68@30.97 CELx68@30.97 BOCHx68@30.97 

2010-02-24
Cash: 70.94
Held: AGOx68@30.84 AGMx68@30.84 CELx68@30.84 BOCHx68@30.84 AGGx68@30.84 
Value: 10557.81
Sales: AGOx68@30.84 AGGx68@30.84 AGMx68@30.84 CELx68@30.84 BOCHx68@30.84 
Purchases: AGOx68@30.84 AGGx68@30.84 AGMx68@30.84 CELx68@30.84 BOCHx68@30.84 

2010-02-25
Cash: 70.94
Held: AGOx68@31.17 AGMx68@31.17 CELx68@31.17 BOCHx68@31.17 AGGx68@31.17 
Value: 10669.38
Sales: AGOx68@31.17 AGGx68@31.17 AGMx68@31.17 CELx68@31.17 BOCHx68@31.17 
Purchases: AGOx68@31.17 AGGx68@31.17 AGMx68@31.17 CELx68@31.17 BOCHx68@31.17 

2010-02-28
Cash: 70.94
Held: AGOx68@31.44 AGMx68@31.44 CELx68@31.44 BOCHx68@31.44 AGGx68@31.44 
Value: 10759.69
Sales: AGOx68@31.44 AGGx68@31.44 AGMx68@31.44 CELx68@31.44 BOCHx68@31.44 
Purchases: AGOx68@31.44 AGGx68@31.44 AGMx68@31.44 CELx68@31.44 BOCHx68@31.44 

2010-03-01
Cash: 70.94
Held: AGOx68@32.00 AGMx68@32.00 CELx68@32.00 BOCHx68@32.00 AGGx68@32.00 
Value: 10950.94
Sales: AGOx68@32.00 AGGx68@32.00 AGMx68@32.00 CELx68@32.00 BOCHx68@32.00 
Purchases: AGOx68@32.00 AGGx68@32.00 AGMx68@32.00 CELx68@32.00 BOCHx68@32.00 

2010-03-02
Cash: 70.94
Held: AGOx68@32.41 AGMx68@32.41 CELx68@32.41 BOCHx68@32.41 AGGx68@32.41 
Value: 11089.06
Sales: AGOx68@32.41 AGGx68@32.41 AGMx68@32.41 CELx68@32.41 BOCHx68@32.41 
Purchases: AGOx68@32.41 AGGx68@32.41 AGMx68@32.41 CELx68@32.41 BOCHx68@32.41 

2010-03-03
Cash: 70.94
Held: AGOx68@32.47 AGMx68@32.47 CELx68@32.47 BOCHx68@32.47 AGGx68@32.47 
Value: 11110.31
Sales: AGOx68@32.47 AGGx68@32.47 AGMx68@32.47 CELx68@32.47 BOCHx68@32.47 
Purchases: AGOx68@32.47 AGGx68@32.47 AGMx68@32.47 CELx68@32.47 BOCHx68@32.47 

2010-03-04
Cash: 70.94
Held: AGOx68@32.84 AGMx68@32.84 CELx68@32.84 BOCHx68@32.84 AGGx68@32.84 
Value: 11237.81
Sales: AGOx68@32.84 AGGx68@32.84 AGMx68@32.84 CELx68@32.84 BOCHx68@32.84 
Purchases: AGOx68@32.84 AGGx68@32.84 AGMx68@32.84 CELx68@32.84 BOCHx68@32.84 

2010-03-07
Cash: 70.94
Held: AGOx68@33.12 AGMx68@33.12 CELx68@33.12 BOCHx68@33.12 AGGx68@33.12 
Value: 11333.44
Sales: AGOx68@33.12 AGGx68@33.12 AGMx68@33.12 CELx68@33.12 BOCHx68@33.12 
Purchases: AGOx68@33.12 AGGx68@33.12 AGMx68@33.12 CELx68@33.12 BOCHx68@33.12 

2010-03-08
Cash: 70.94
Held: AGOx68@32.94 AGMx68@32.94 CELx68@32.94 BOCHx68@32.94 AGGx68@32.94 
Value: 11269.69
Sales: AGOx68@32.94 AGGx68@32.94 AGMx68@32.94 CELx68@32.94 BOCHx68@32.94 
Purchases: AGOx68@32.94 AGGx68@32.94 AGMx68@32.94 CELx68@32.94 BOCHx68@32.94 

2010-03-09
Cash: 70.94
Held: AGOx68@33.19 AGMx68@33.19 CELx68@33.19 BOCHx68@33.19 AGGx68@33.19 
Value: 11354.69
Sales: AGOx68@33.19 AGGx68@33.19 AGMx68@33.19 CELx68@33.19 BOCHx68@33.19 
Purchases: AGOx68@33.19 AGGx68@33.19 AGMx68@33.19 CELx68@33.19 BOCHx68@33.19 

2010-03-10
Cash: 70.94
Held: AGOx68@33.38 AGMx68@33.38 CELx68@33.38 BOCHx68@33.38 AGGx68@33.38 
Value: 11418.44
Sales: AGOx68@33.38 AGGx68@33.38 AGMx68@33.38 CELx68@33.38 BOCHx68@33.38 
Purchases: AGOx68@33.38 AGGx68@33.38 AGMx68@33.38 CELx68@33.38 BOCHx68@33.38 

2010-03-11
Cash: 70.94
Held: AGOx68@33.62 AGMx68@33.62 CELx68@33.62 BOCHx68@33.62 AGGx68@33.62 
Value: 11503.44
Sales: AGOx68@33.62 AGGx68@33.62 AGMx68@33.62 CELx68@33.62 BOCHx68@33.62 
Purchases: AGOx68@33.62 AGGx68@33.62 AGMx68@33.62 CELx68@33.62 BOCHx68@33.62 

2010-03-14
Cash: 70.94
Held: AGOx68@33.31 AGMx68@33.31 CELx68@33.31 BOCHx68@33.31 AGGx68@33.31 
Value: 11397.19
Sales: AGOx68@33.31 AGGx68@33.31 AGMx68@33.31 CELx68@33.31 BOCHx68@33.31 
Purchases: AGOx68@33.31 AGGx68@33.31 AGMx68@33.31 CELx68@33.31 BOCHx68@33.31 

2010-03-15
Cash: 70.94
Held: AGOx68@33.38 AGMx68@33.38 CELx68@33.38 BOCHx68@33.38 AGGx68@33.38 
Value: 11418.44
Sales: AGOx68@33.38 AGGx68@33.38 AGMx68@33.38 CELx68@33.38 BOCHx68@33.38 
Purchases: AGOx68@33.38 AGGx68@33.38 AGMx68@33.38 CELx68@33.38 BOCHx68@33.38 

2010-03-16
Cash: 70.94
Held: AGOx68@33.44 AGMx68@33.44 CELx68@33.44 BOCHx68@33.44 AGGx68@33.44 
Value: 11439.69
Sales: AGOx68@33.44 AGGx68@33.44 AGMx68@33.44 CELx68@33.44 BOCHx68@33.44 
Purchases: AGOx68@33.44 AGGx68@33.44 AGMx68@33.44 CELx68@33.44 BOCHx68@33.44 

2010-03-17
Cash: 70.94
Held: AGOx68@33.31 AGMx68@33.31 CELx68@33.31 BOCHx68@33.31 AGGx68@33.31 
Value: 11397.19
Sales: AGOx68@33.31 AGGx68@33.31 AGMx68@33.31 CELx68@33.31 BOCHx68@33.31 
Purchases: AGOx68@33.31 AGGx68@33.31 AGMx68@33.31 CELx68@33.31 BOCHx68@33.31 

2010-03-18
Cash: 70.94
Held: AGOx68@33.53 AGMx68@33.53 CELx68@33.53 BOCHx68@33.53 AGGx68@33.53 
Value: 11471.56
Sales: AGOx68@33.53 AGGx68@33.53 AGMx68@33.53 CELx68@33.53 BOCHx68@33.53 
Purchases: AGOx68@33.53 AGGx68@33.53 AGMx68@33.53 CELx68@33.53 BOCHx68@33.53 

2010-03-21
Cash: 70.94
Held: AGOx68@33.25 AGMx68@33.25 CELx68@33.25 BOCHx68@33.25 AGGx68@33.25 
Value: 11375.94
Sales: AGOx68@33.25 AGGx68@33.25 AGMx68@33.25 CELx68@33.25 BOCHx68@33.25 
Purchases: AGOx68@33.25 AGGx68@33.25 AGMx68@33.25 CELx68@33.25 BOCHx68@33.25 

2010-03-22
Cash: 70.94
Held: AGOx68@33.78 AGMx68@33.78 CELx68@33.78 BOCHx68@33.78 AGGx68@33.78 
Value: 11556.56
Sales: AGOx68@33.78 AGGx68@33.78 AGMx68@33.78 CELx68@33.78 BOCHx68@33.78 
Purchases: AGOx68@33.78 AGGx68@33.78 AGMx68@33.78 CELx68@33.78 BOCHx68@33.78 

2010-03-23
Cash: 70.94
Held: AGOx68@33.97 AGMx68@33.97 CELx68@33.97 BOCHx68@33.97 AGGx68@33.97 
Value: 11620.31
Sales: AGOx68@33.97 AGGx68@33.97 AGMx68@33.97 CELx68@33.97 BOCHx68@33.97 
Purchases: AGOx68@33.97 AGGx68@33.97 AGMx68@33.97 CELx68@33.97 BOCHx68@33.97 

2010-03-24
Cash: 70.94
Held: AGOx68@34.09 AGMx68@34.09 CELx68@34.09 BOCHx68@34.09 AGGx68@34.09 
Value: 11662.81
Sales: AGOx68@34.09 AGGx68@34.09 AGMx68@34.09 CELx68@34.09 BOCHx68@34.09 
Purchases: AGOx68@34.09 AGGx68@34.09 AGMx68@34.09 CELx68@34.09 BOCHx68@34.09 

2010-03-25
Cash: 70.94
Held: AGOx68@34.66 AGMx68@34.66 CELx68@34.66 BOCHx68@34.66 AGGx68@34.66 
Value: 11854.06
Sales: AGOx68@34.66 AGGx68@34.66 AGMx68@34.66 CELx68@34.66 BOCHx68@34.66 
Purchases: AGOx68@34.66 AGGx68@34.66 AGMx68@34.66 CELx68@34.66 BOCHx68@34.66 

2010-03-28
Cash: 70.94
Held: AGOx68@34.31 AGMx68@34.31 CELx68@34.31 BOCHx68@34.31 AGGx68@34.31 
Value: 11737.19
Sales: AGOx68@34.31 AGGx68@34.31 AGMx68@34.31 CELx68@34.31 BOCHx68@34.31 
Purchases: AGOx68@34.31 AGGx68@34.31 AGMx68@34.31 CELx68@34.31 BOCHx68@34.31 

2010-03-29
Cash: 70.94
Held: AGOx68@34.47 AGMx68@34.47 CELx68@34.47 BOCHx68@34.47 AGGx68@34.47 
Value: 11790.31
Sales: AGOx68@34.47 AGGx68@34.47 AGMx68@34.47 CELx68@34.47 BOCHx68@34.47 
Purchases: AGOx68@34.47 AGGx68@34.47 AGMx68@34.47 CELx68@34.47 BOCHx68@34.47 

2010-03-30
Cash: 70.94
Held: AGOx68@34.56 AGMx68@34.56 CELx68@34.56 BOCHx68@34.56 AGGx68@34.56 
Value: 11822.19
Sales: AGOx68@34.56 AGGx68@34.56 AGMx68@34.56 CELx68@34.56 BOCHx68@34.56 
Purchases: AGOx68@34.56 AGGx68@34.56 AGMx68@34.56 CELx68@34.56 BOCHx68@34.56 

2010-03-31
Cash: 70.94
Held: AGOx68@34.53 AGMx68@34.53 CELx68@34.53 BOCHx68@34.53 AGGx68@34.53 
Value: 11811.56
Sales: AGOx68@34.53 AGGx68@34.53 AGMx68@34.53 CELx68@34.53 BOCHx68@34.53 
Purchases: AGOx68@34.53 AGGx68@34.53 AGMx68@34.53 CELx68@34.53 BOCHx68@34.53 

2010-04-04
Cash: 70.94
Held: AGOx68@34.59 AGMx68@34.59 CELx68@34.59 BOCHx68@34.59 AGGx68@34.59 
Value: 11832.81
Sales: AGOx68@34.59 AGGx68@34.59 AGMx68@34.59 CELx68@34.59 BOCHx68@34.59 
Purchases: AGOx68@34.59 AGGx68@34.59 AGMx68@34.59 CELx68@34.59 BOCHx68@34.59 

2010-04-05
Cash: 70.94
Held: AGOx68@34.62 AGMx68@34.62 CELx68@34.62 BOCHx68@34.62 AGGx68@34.62 
Value: 11843.44
Sales: AGOx68@34.62 AGGx68@34.62 AGMx68@34.62 CELx68@34.62 BOCHx68@34.62 
Purchases: AGOx68@34.62 AGGx68@34.62 AGMx68@34.62 CELx68@34.62 BOCHx68@34.62 

2010-04-06
Cash: 70.94
Held: AGOx68@34.47 AGMx68@34.47 CELx68@34.47 BOCHx68@34.47 AGGx68@34.47 
Value: 11790.31
Sales: AGOx68@34.47 AGGx68@34.47 AGMx68@34.47 CELx68@34.47 BOCHx68@34.47 
Purchases: AGOx68@34.47 AGGx68@34.47 AGMx68@34.47 CELx68@34.47 BOCHx68@34.47 

2010-04-07
Cash: 70.94
Held: AGOx68@34.09 AGMx68@34.09 CELx68@34.09 BOCHx68@34.09 AGGx68@34.09 
Value: 11662.81
Sales: AGOx68@34.09 AGGx68@34.09 AGMx68@34.09 CELx68@34.09 BOCHx68@34.09 
Purchases: AGOx68@34.09 AGGx68@34.09 AGMx68@34.09 CELx68@34.09 BOCHx68@34.09 

2010-04-08
Cash: 70.94
Held: AGOx68@34.03 AGMx68@34.03 CELx68@34.03 BOCHx68@34.03 AGGx68@34.03 
Value: 11641.56
Sales: AGOx68@34.03 AGGx68@34.03 AGMx68@34.03 CELx68@34.03 BOCHx68@34.03 
Purchases: AGOx68@34.03 AGGx68@34.03 AGMx68@34.03 CELx68@34.03 BOCHx68@34.03 

2010-04-11
Cash: 70.94
Held: AGOx68@34.22 AGMx68@34.22 CELx68@34.22 BOCHx68@34.22 AGGx68@34.22 
Value: 11705.31
Sales: AGOx68@34.22 AGGx68@34.22 AGMx68@34.22 CELx68@34.22 BOCHx68@34.22 
Purchases: AGOx68@34.22 AGGx68@34.22 AGMx68@34.22 CELx68@34.22 BOCHx68@34.22 

2010-04-12
Cash: 70.94
Held: AGOx68@34.16 AGMx68@34.16 CELx68@34.16 BOCHx68@34.16 AGGx68@34.16 
Value: 11684.06
Sales: AGOx68@34.16 AGGx68@34.16 AGMx68@34.16 CELx68@34.16 BOCHx68@34.16 
Purchases: AGOx68@34.16 AGGx68@34.16 AGMx68@34.16 CELx68@34.16 BOCHx68@34.16 

2010-04-13
Cash: 70.94
Held: AGOx68@33.94 AGMx68@33.94 CELx68@33.94 BOCHx68@33.94 AGGx68@33.94 
Value: 11609.69
Sales: AGOx68@33.94 AGGx68@33.94 AGMx68@33.94 CELx68@33.94 BOCHx68@33.94 
Purchases: AGOx68@33.94 AGGx68@33.94 AGMx68@33.94 CELx68@33.94 BOCHx68@33.94 

2010-04-14
Cash: 70.94
Held: AGOx68@34.44 AGMx68@34.44 CELx68@34.44 BOCHx68@34.44 AGGx68@34.44 
Value: 11779.69
Sales: AGOx68@34.44 AGGx68@34.44 AGMx68@34.44 CELx68@34.44 BOCHx68@34.44 
Purchases: AGOx68@34.44 AGGx68@34.44 AGMx68@34.44 CELx68@34.44 BOCHx68@34.44 

2010-04-15
Cash: 70.94
Held: AGOx68@35.53 AGMx68@35.53 CELx68@35.53 BOCHx68@35.53 AGGx68@35.53 
Value: 12151.56
Sales: AGOx68@35.53 AGGx68@35.53 AGMx68@35.53 CELx68@35.53 BOCHx68@35.53 
Purchases: AGOx68@35.53 AGGx68@35.53 AGMx68@35.53 CELx68@35.53 BOCHx68@35.53 

2010-04-18
Cash: 70.94
Held: AGOx68@35.34 AGMx68@35.34 CELx68@35.34 BOCHx68@35.34 AGGx68@35.34 
Value: 12087.81
Sales: AGOx68@35.34 AGGx68@35.34 AGMx68@35.34 CELx68@35.34 BOCHx68@35.34 
Purchases: AGOx68@35.34 AGGx68@35.34 AGMx68@35.34 CELx68@35.34 BOCHx68@35.34 

2010-04-19
Cash: 70.94
Held: AGOx68@35.38 AGMx68@35.38 CELx68@35.38 BOCHx68@35.38 AGGx68@35.38 
Value: 12098.44
Sales: AGOx68@35.38 AGGx68@35.38 AGMx68@35.38 CELx68@35.38 BOCHx68@35.38 
Purchases: AGOx68@35.38 AGGx68@35.38 AGMx68@35.38 CELx68@35.38 BOCHx68@35.38 

2010-04-20
Cash: 70.94
Held: AGOx68@36.19 AGMx68@36.19 CELx68@36.19 BOCHx68@36.19 AGGx68@36.19 
Value: 12374.69
Sales: AGOx68@36.19 AGGx68@36.19 AGMx68@36.19 CELx68@36.19 BOCHx68@36.19 
Purchases: AGOx68@36.19 AGGx68@36.19 AGMx68@36.19 CELx68@36.19 BOCHx68@36.19 

2010-04-21
Cash: 70.94
Held: AGOx68@35.81 AGMx68@35.81 CELx68@35.81 BOCHx68@35.81 AGGx68@35.81 
Value: 12247.19
Sales: AGOx68@35.81 AGGx68@35.81 AGMx68@35.81 CELx68@35.81 BOCHx68@35.81 
Purchases: AGOx68@35.81 AGGx68@35.81 AGMx68@35.81 CELx68@35.81 BOCHx68@35.81 

2010-04-22
Cash: 70.94
Held: AGOx68@36.38 AGMx68@36.38 CELx68@36.38 BOCHx68@36.38 AGGx68@36.38 
Value: 12438.44
Sales: AGOx68@36.38 AGGx68@36.38 AGMx68@36.38 CELx68@36.38 BOCHx68@36.38 
Purchases: AGOx68@36.38 AGGx68@36.38 AGMx68@36.38 CELx68@36.38 BOCHx68@36.38 

2010-04-25
Cash: 70.94
Held: AGOx68@36.66 AGMx68@36.66 CELx68@36.66 BOCHx68@36.66 AGGx68@36.66 
Value: 12534.06
Sales: AGOx68@36.66 AGGx68@36.66 AGMx68@36.66 CELx68@36.66 BOCHx68@36.66 
Purchases: AGOx68@36.66 AGGx68@36.66 AGMx68@36.66 CELx68@36.66 BOCHx68@36.66 

2010-04-26
Cash: 70.94
Held: AGOx68@36.59 AGMx68@36.59 CELx68@36.59 BOCHx68@36.59 AGGx68@36.59 
Value: 12512.81
Sales: AGOx68@36.59 AGGx68@36.59 AGMx68@36.59 CELx68@36.59 BOCHx68@36.59 
Purchases: AGOx68@36.59 AGGx68@36.59 AGMx68@36.59 CELx68@36.59 BOCHx68@36.59 

2010-04-27
Cash: 70.94
Held: AGOx68@36.47 AGMx68@36.47 CELx68@36.47 BOCHx68@36.47 AGGx68@36.47 
Value: 12470.31
Sales: AGOx68@36.47 AGGx68@36.47 AGMx68@36.47 CELx68@36.47 BOCHx68@36.47 
Purchases: AGOx68@36.47 AGGx68@36.47 AGMx68@36.47 CELx68@36.47 BOCHx68@36.47 

2010-04-28
Cash: 70.94
Held: AGOx68@36.94 AGMx68@36.94 CELx68@36.94 BOCHx68@36.94 AGGx68@36.94 
Value: 12629.69
Sales: AGOx68@36.94 AGGx68@36.94 AGMx68@36.94 CELx68@36.94 BOCHx68@36.94 
Purchases: AGOx68@36.94 AGGx68@36.94 AGMx68@36.94 CELx68@36.94 BOCHx68@36.94 

2010-04-29
Cash: 70.94
Held: AGOx68@37.25 AGMx68@37.25 CELx68@37.25 BOCHx68@37.25 AGGx68@37.25 
Value: 12735.94
Sales: AGOx68@37.25 AGGx68@37.25 AGMx68@37.25 CELx68@37.25 BOCHx68@37.25 
Purchases: AGOx68@37.25 AGGx68@37.25 AGMx68@37.25 CELx68@37.25 BOCHx68@37.25 

2010-05-02
Cash: 70.94
Held: AGOx68@36.50 AGMx68@36.50 CELx68@36.50 BOCHx68@36.50 AGGx68@36.50 
Value: 12480.94
Sales: AGOx68@36.50 AGGx68@36.50 AGMx68@36.50 CELx68@36.50 BOCHx68@36.50 
Purchases: AGOx68@36.50 AGGx68@36.50 AGMx68@36.50 CELx68@36.50 BOCHx68@36.50 

2010-05-03
Cash: 70.94
Held: AGOx68@36.38 AGMx68@36.38 CELx68@36.38 BOCHx68@36.38 AGGx68@36.38 
Value: 12438.44
Sales: AGOx68@36.38 AGGx68@36.38 AGMx68@36.38 CELx68@36.38 BOCHx68@36.38 
Purchases: AGOx68@36.38 AGGx68@36.38 AGMx68@36.38 CELx68@36.38 BOCHx68@36.38 

2010-05-04
Cash: 70.94
Held: AGOx68@34.91 AGMx68@34.91 CELx68@34.91 BOCHx68@34.91 AGGx68@34.91 
Value: 11939.06
Sales: AGOx68@34.91 AGGx68@34.91 AGMx68@34.91 CELx68@34.91 BOCHx68@34.91 
Purchases: AGOx68@34.91 AGGx68@34.91 AGMx68@34.91 CELx68@34.91 BOCHx68@34.91 

2010-05-05
Cash: 70.94
Held: AGOx68@34.53 AGMx68@34.53 CELx68@34.53 BOCHx68@34.53 AGGx68@34.53 
Value: 11811.56
Sales: AGOx68@34.53 AGGx68@34.53 AGMx68@34.53 CELx68@34.53 BOCHx68@34.53 
Purchases: AGOx68@34.53 AGGx68@34.53 AGMx68@34.53 CELx68@34.53 BOCHx68@34.53 

2010-05-06
Cash: 70.94
Held: AGOx68@33.09 AGMx68@33.09 CELx68@33.09 BOCHx68@33.09 AGGx68@33.09 
Value: 11322.81
Sales: AGOx68@33.09 AGGx68@33.09 AGMx68@33.09 CELx68@33.09 BOCHx68@33.09 
Purchases: AGOx68@33.09 AGGx68@33.09 AGMx68@33.09 CELx68@33.09 BOCHx68@33.09 

2010-05-09
Cash: 70.94
Held: AGOx68@33.19 AGMx68@33.19 CELx68@33.19 BOCHx68@33.19 AGGx68@33.19 
Value: 11354.69
Sales: AGOx68@33.19 AGGx68@33.19 AGMx68@33.19 CELx68@33.19 BOCHx68@33.19 
Purchases: AGOx68@33.19 AGGx68@33.19 AGMx68@33.19 CELx68@33.19 BOCHx68@33.19 

2010-05-10
Cash: 70.94
Held: AGOx68@33.69 AGMx68@33.69 CELx68@33.69 BOCHx68@33.69 AGGx68@33.69 
Value: 11524.69
Sales: AGOx68@33.69 AGGx68@33.69 AGMx68@33.69 CELx68@33.69 BOCHx68@33.69 
Purchases: AGOx68@33.69 AGGx68@33.69 AGMx68@33.69 CELx68@33.69 BOCHx68@33.69 

2010-05-11
Cash: 70.94
Held: AGOx68@34.16 AGMx68@34.16 CELx68@34.16 BOCHx68@34.16 AGGx68@34.16 
Value: 11684.06
Sales: AGOx68@34.16 AGGx68@34.16 AGMx68@34.16 CELx68@34.16 BOCHx68@34.16 
Purchases: AGOx68@34.16 AGGx68@34.16 AGMx68@34.16 CELx68@34.16 BOCHx68@34.16 

2010-05-12
Cash: 70.94
Held: AGOx68@34.84 AGMx68@34.84 CELx68@34.84 BOCHx68@34.84 AGGx68@34.84 
Value: 11917.81
Sales: AGOx68@34.84 AGGx68@34.84 AGMx68@34.84 CELx68@34.84 BOCHx68@34.84 
Purchases: AGOx68@34.84 AGGx68@34.84 AGMx68@34.84 CELx68@34.84 BOCHx68@34.84 

2010-05-13
Cash: 70.94
Held: AGOx68@34.38 AGMx68@34.38 CELx68@34.38 BOCHx68@34.38 AGGx68@34.38 
Value: 11758.44
Sales: AGOx68@34.38 AGGx68@34.38 AGMx68@34.38 CELx68@34.38 BOCHx68@34.38 
Purchases: AGOx68@34.38 AGGx68@34.38 AGMx68@34.38 CELx68@34.38 BOCHx68@34.38 

2010-05-16
Cash: 70.94
Held: AGOx68@34.03 AGMx68@34.03 CELx68@34.03 BOCHx68@34.03 AGGx68@34.03 
Value: 11641.56
Sales: AGOx68@34.03 AGGx68@34.03 AGMx68@34.03 CELx68@34.03 BOCHx68@34.03 
Purchases: AGOx68@34.03 AGGx68@34.03 AGMx68@34.03 CELx68@34.03 BOCHx68@34.03 

2010-05-17
Cash: 70.94
Held: AGOx68@34.00 AGMx68@34.00 CELx68@34.00 BOCHx68@34.00 AGGx68@34.00 
Value: 11630.94
Sales: AGOx68@34.00 AGGx68@34.00 AGMx68@34.00 CELx68@34.00 BOCHx68@34.00 
Purchases: AGOx68@34.00 AGGx68@34.00 AGMx68@34.00 CELx68@34.00 BOCHx68@34.00 

2010-05-18
Cash: 70.94
Held: AGOx68@32.00 AGMx68@32.00 CELx68@32.00 BOCHx68@32.00 AGGx68@32.00 
Value: 10950.94
Sales: AGOx68@32.00 AGGx68@32.00 AGMx68@32.00 CELx68@32.00 BOCHx68@32.00 
Purchases: AGOx68@32.00 AGGx68@32.00 AGMx68@32.00 CELx68@32.00 BOCHx68@32.00 

2010-05-19
Cash: 70.94
Held: AGOx68@31.73 AGMx68@31.73 CELx68@31.73 BOCHx68@31.73 AGGx68@31.73 
Value: 10860.62
Sales: AGOx68@31.73 AGGx68@31.73 AGMx68@31.73 CELx68@31.73 BOCHx68@31.73 
Purchases: AGOx68@31.73 AGGx68@31.73 AGMx68@31.73 CELx68@31.73 BOCHx68@31.73 

2010-05-20
Cash: 70.94
Held: AGOx68@30.31 AGMx68@30.31 CELx68@30.31 BOCHx68@30.31 AGGx68@30.31 
Value: 10377.19
Sales: AGOx68@30.31 AGGx68@30.31 AGMx68@30.31 CELx68@30.31 BOCHx68@30.31 
Purchases: AGOx68@30.31 AGGx68@30.31 AGMx68@30.31 CELx68@30.31 BOCHx68@30.31 

2010-05-23
Cash: 70.94
Held: AGOx68@31.23 AGMx68@31.23 CELx68@31.23 BOCHx68@31.23 AGGx68@31.23 
Value: 10690.62
Sales: AGOx68@31.23 AGGx68@31.23 AGMx68@31.23 CELx68@31.23 BOCHx68@31.23 
Purchases: AGOx68@31.23 AGGx68@31.23 AGMx68@31.23 CELx68@31.23 BOCHx68@31.23 

2010-05-24
Cash: 70.94
Held: AGOx68@30.50 AGMx68@30.50 CELx68@30.50 BOCHx68@30.50 AGGx68@30.50 
Value: 10440.94
Sales: AGOx68@30.50 AGGx68@30.50 AGMx68@30.50 CELx68@30.50 BOCHx68@30.50 
Purchases: AGOx68@30.50 AGGx68@30.50 AGMx68@30.50 CELx68@30.50 BOCHx68@30.50 

2010-05-25
Cash: 70.94
Held: AGOx68@31.52 AGMx68@31.52 CELx68@31.52 BOCHx68@31.52 AGGx68@31.52 
Value: 10786.25
Sales: AGOx68@31.52 AGGx68@31.52 AGMx68@31.52 CELx68@31.52 BOCHx68@31.52 
Purchases: AGOx68@31.52 AGGx68@31.52 AGMx68@31.52 CELx68@31.52 BOCHx68@31.52 

2010-05-26
Cash: 70.94
Held: AGOx68@32.22 AGMx68@32.22 CELx68@32.22 BOCHx68@32.22 AGGx68@32.22 
Value: 11025.31
Sales: AGOx68@32.22 AGGx68@32.22 AGMx68@32.22 CELx68@32.22 BOCHx68@32.22 
Purchases: AGOx68@32.22 AGGx68@32.22 AGMx68@32.22 CELx68@32.22 BOCHx68@32.22 

2010-05-27
Cash: 70.94
Held: AGOx68@32.75 AGMx68@32.75 CELx68@32.75 BOCHx68@32.75 AGGx68@32.75 
Value: 11205.94
Sales: AGOx68@32.75 AGGx68@32.75 AGMx68@32.75 CELx68@32.75 BOCHx68@32.75 
Purchases: AGOx68@32.75 AGGx68@32.75 AGMx68@32.75 CELx68@32.75 BOCHx68@32.75 

2010-05-31
Cash: 70.94
Held: AGOx68@32.09 AGMx68@32.09 CELx68@32.09 BOCHx68@32.09 AGGx68@32.09 
Value: 10982.81
Sales: AGOx68@32.09 AGGx68@32.09 AGMx68@32.09 CELx68@32.09 BOCHx68@32.09 
Purchases: AGOx68@32.09 AGGx68@32.09 AGMx68@32.09 CELx68@32.09 BOCHx68@32.09 

2010-06-01
Cash: 70.94
Held: AGOx68@31.70 AGMx68@31.70 CELx68@31.70 BOCHx68@31.70 AGGx68@31.70 
Value: 10850.00
Sales: AGOx68@31.70 AGGx68@31.70 AGMx68@31.70 CELx68@31.70 BOCHx68@31.70 
Purchases: AGOx68@31.70 AGGx68@31.70 AGMx68@31.70 CELx68@31.70 BOCHx68@31.70 

2010-06-02
Cash: 70.94
Held: AGOx68@32.34 AGMx68@32.34 CELx68@32.34 BOCHx68@32.34 AGGx68@32.34 
Value: 11067.81
Sales: AGOx68@32.34 AGGx68@32.34 AGMx68@32.34 CELx68@32.34 BOCHx68@32.34 
Purchases: AGOx68@32.34 AGGx68@32.34 AGMx68@32.34 CELx68@32.34 BOCHx68@32.34 

2010-06-03
Cash: 70.94
Held: AGOx68@31.61 AGMx68@31.61 CELx68@31.61 BOCHx68@31.61 AGGx68@31.61 
Value: 10818.12
Sales: AGOx68@31.61 AGGx68@31.61 AGMx68@31.61 CELx68@31.61 BOCHx68@31.61 
Purchases: AGOx68@31.61 AGGx68@31.61 AGMx68@31.61 CELx68@31.61 BOCHx68@31.61 

2010-06-06
Cash: 70.94
Held: AGOx68@30.53 AGMx68@30.53 CELx68@30.53 BOCHx68@30.53 AGGx68@30.53 
Value: 10451.56
Sales: AGOx68@30.53 AGGx68@30.53 AGMx68@30.53 CELx68@30.53 BOCHx68@30.53 
Purchases: AGOx68@30.53 AGGx68@30.53 AGMx68@30.53 CELx68@30.53 BOCHx68@30.53 

2010-06-07
Cash: 70.94
Held: AGOx68@30.19 AGMx68@30.19 CELx68@30.19 BOCHx68@30.19 AGGx68@30.19 
Value: 10334.69
Sales: AGOx68@30.19 AGGx68@30.19 AGMx68@30.19 CELx68@30.19 BOCHx68@30.19 
Purchases: AGOx68@30.19 AGGx68@30.19 AGMx68@30.19 CELx68@30.19 BOCHx68@30.19 

2010-06-08
Cash: 70.94
Held: AGOx68@29.98 AGMx68@29.98 CELx68@29.98 BOCHx68@29.98 AGGx68@29.98 
Value: 10265.62
Sales: AGOx68@29.98 AGGx68@29.98 AGMx68@29.98 CELx68@29.98 BOCHx68@29.98 
Purchases: AGOx68@29.98 AGGx68@29.98 AGMx68@29.98 CELx68@29.98 BOCHx68@29.98 

2010-06-09
Cash: 70.94
Held: AGOx68@30.02 AGMx68@30.02 CELx68@30.02 BOCHx68@30.02 AGGx68@30.02 
Value: 10276.25
Sales: AGOx68@30.02 AGGx68@30.02 AGMx68@30.02 CELx68@30.02 BOCHx68@30.02 
Purchases: AGOx68@30.02 AGGx68@30.02 AGMx68@30.02 CELx68@30.02 BOCHx68@30.02 

2010-06-10
Cash: 70.94
Held: AGOx68@30.05 AGMx68@30.05 CELx68@30.05 BOCHx68@30.05 AGGx68@30.05 
Value: 10286.88
Sales: AGOx68@30.05 AGGx68@30.05 AGMx68@30.05 CELx68@30.05 BOCHx68@30.05 
Purchases: AGOx68@30.05 AGGx68@30.05 AGMx68@30.05 CELx68@30.05 BOCHx68@30.05 

2010-06-13
Cash: 70.94
Held: AGOx68@31.14 AGMx68@31.14 CELx68@31.14 BOCHx68@31.14 AGGx68@31.14 
Value: 10658.75
Sales: AGOx68@31.14 AGGx68@31.14 AGMx68@31.14 CELx68@31.14 BOCHx68@31.14 
Purchases: AGOx68@31.14 AGGx68@31.14 AGMx68@31.14 CELx68@31.14 BOCHx68@31.14 

2010-06-14
Cash: 70.94
Held: AGOx68@31.80 AGMx68@31.80 CELx68@31.80 BOCHx68@31.80 AGGx68@31.80 
Value: 10881.88
Sales: AGOx68@31.80 AGGx68@31.80 AGMx68@31.80 CELx68@31.80 BOCHx68@31.80 
Purchases: AGOx68@31.80 AGGx68@31.80 AGMx68@31.80 CELx68@31.80 BOCHx68@31.80 

2010-06-15
Cash: 70.94
Held: AGOx68@31.98 AGMx68@31.98 CELx68@31.98 BOCHx68@31.98 AGGx68@31.98 
Value: 10945.62
Sales: AGOx68@31.98 AGGx68@31.98 AGMx68@31.98 CELx68@31.98 BOCHx68@31.98 
Purchases: AGOx68@31.98 AGGx68@31.98 AGMx68@31.98 CELx68@31.98 BOCHx68@31.98 

2010-06-16
Cash: 70.94
Held: AGOx68@32.81 AGMx68@32.81 CELx68@32.81 BOCHx68@32.81 AGGx68@32.81 
Value: 11227.19
Sales: AGOx68@32.81 AGGx68@32.81 AGMx68@32.81 CELx68@32.81 BOCHx68@32.81 
Purchases: AGOx68@32.81 AGGx68@32.81 AGMx68@32.81 CELx68@32.81 BOCHx68@32.81 

2010-06-17
Cash: 70.94
Held: AGOx68@32.56 AGMx68@32.56 CELx68@32.56 BOCHx68@32.56 AGGx68@32.56 
Value: 11142.19
Sales: AGOx68@32.56 AGGx68@32.56 AGMx68@32.56 CELx68@32.56 BOCHx68@32.56 
Purchases: AGOx68@32.56 AGGx68@32.56 AGMx68@32.56 CELx68@32.56 BOCHx68@32.56 

2010-06-20
Cash: 70.94
Held: AGOx68@33.06 AGMx68@33.06 CELx68@33.06 BOCHx68@33.06 AGGx68@33.06 
Value: 11312.19
Sales: AGOx68@33.06 AGGx68@33.06 AGMx68@33.06 CELx68@33.06 BOCHx68@33.06 
Purchases: AGOx68@33.06 AGGx68@33.06 AGMx68@33.06 CELx68@33.06 BOCHx68@33.06 

2010-06-21
Cash: 70.94
Held: AGOx68@32.41 AGMx68@32.41 CELx68@32.41 BOCHx68@32.41 AGGx68@32.41 
Value: 11089.06
Sales: AGOx68@32.41 AGGx68@32.41 AGMx68@32.41 CELx68@32.41 BOCHx68@32.41 
Purchases: AGOx68@32.41 AGGx68@32.41 AGMx68@32.41 CELx68@32.41 BOCHx68@32.41 

2010-06-22
Cash: 70.94
Held: AGOx68@32.09 AGMx68@32.09 CELx68@32.09 BOCHx68@32.09 AGGx68@32.09 
Value: 10982.81
Sales: AGOx68@32.09 AGGx68@32.09 AGMx68@32.09 CELx68@32.09 BOCHx68@32.09 
Purchases: AGOx68@32.09 AGGx68@32.09 AGMx68@32.09 CELx68@32.09 BOCHx68@32.09 

2010-06-23
Cash: 70.94
Held: AGOx68@31.73 AGMx68@31.73 CELx68@31.73 BOCHx68@31.73 AGGx68@31.73 
Value: 10860.62
Sales: AGOx68@31.73 AGGx68@31.73 AGMx68@31.73 CELx68@31.73 BOCHx68@31.73 
Purchases: AGOx68@31.73 AGGx68@31.73 AGMx68@31.73 CELx68@31.73 BOCHx68@31.73 

2010-06-24
Cash: 70.94
Held: AGOx68@30.92 AGMx68@30.92 CELx68@30.92 BOCHx68@30.92 AGGx68@30.92 
Value: 10584.38
Sales: AGOx68@30.92 AGGx68@30.92 AGMx68@30.92 CELx68@30.92 BOCHx68@30.92 
Purchases: AGOx68@30.92 AGGx68@30.92 AGMx68@30.92 CELx68@30.92 BOCHx68@30.92 

2010-06-27
Cash: 70.94
Held: AGOx68@30.62 AGMx68@30.62 CELx68@30.62 BOCHx68@30.62 AGGx68@30.62 
Value: 10483.44
Sales: AGOx68@30.62 AGGx68@30.62 AGMx68@30.62 CELx68@30.62 BOCHx68@30.62 
Purchases: AGOx68@30.62 AGGx68@30.62 AGMx68@30.62 CELx68@30.62 BOCHx68@30.62 

2010-06-28
Cash: 70.94
Held: AGOx68@30.03 AGMx68@30.03 CELx68@30.03 BOCHx68@30.03 AGGx68@30.03 
Value: 10281.56
Sales: AGOx68@30.03 AGGx68@30.03 AGMx68@30.03 CELx68@30.03 BOCHx68@30.03 
Purchases: AGOx68@30.03 AGGx68@30.03 AGMx68@30.03 CELx68@30.03 BOCHx68@30.03 

2010-06-29
Cash: 70.94
Held: AGOx68@29.16 AGMx68@29.16 CELx68@29.16 BOCHx68@29.16 AGGx68@29.16 
Value: 9984.06
Sales: AGOx68@29.16 AGGx68@29.16 AGMx68@29.16 CELx68@29.16 BOCHx68@29.16 
Purchases: AGOx68@29.16 AGGx68@29.16 AGMx68@29.16 CELx68@29.16 BOCHx68@29.16 

2010-06-30
Cash: 70.94
Held: AGOx68@28.50 AGMx68@28.50 CELx68@28.50 BOCHx68@28.50 AGGx68@28.50 
Value: 9760.94
Sales: AGOx68@28.50 AGGx68@28.50 AGMx68@28.50 CELx68@28.50 BOCHx68@28.50 
Purchases: AGOx68@28.50 AGGx68@28.50 AGMx68@28.50 CELx68@28.50 BOCHx68@28.50 

2010-07-01
Cash: 70.94
Held: AGOx68@28.36 AGMx68@28.36 CELx68@28.36 BOCHx68@28.36 AGGx68@28.36 
Value: 9713.12
Sales: AGOx68@28.36 AGGx68@28.36 AGMx68@28.36 CELx68@28.36 BOCHx68@28.36 
Purchases: AGOx68@28.36 AGGx68@28.36 AGMx68@28.36 CELx68@28.36 BOCHx68@28.36 

2010-07-05
Cash: 70.94
Held: AGOx68@28.34 AGMx68@28.34 CELx68@28.34 BOCHx68@28.34 AGGx68@28.34 
Value: 9707.81
Sales: AGOx68@28.34 AGGx68@28.34 AGMx68@28.34 CELx68@28.34 BOCHx68@28.34 
Purchases: AGOx68@28.34 AGGx68@28.34 AGMx68@28.34 CELx68@28.34 BOCHx68@28.34 

2010-07-06
Cash: 70.94
Held: AGOx68@27.80 AGMx68@27.80 CELx68@27.80 BOCHx68@27.80 AGGx68@27.80 
Value: 9521.88
Sales: AGOx68@27.80 AGGx68@27.80 AGMx68@27.80 CELx68@27.80 BOCHx68@27.80 
Purchases: AGOx68@27.80 AGGx68@27.80 AGMx68@27.80 CELx68@27.80 BOCHx68@27.80 

2010-07-07
Cash: 70.94
Held: AGOx68@28.77 AGMx68@28.77 CELx68@28.77 BOCHx68@28.77 AGGx68@28.77 
Value: 9851.25
Sales: AGOx68@28.77 AGGx68@28.77 AGMx68@28.77 CELx68@28.77 BOCHx68@28.77 
Purchases: AGOx68@28.77 AGGx68@28.77 AGMx68@28.77 CELx68@28.77 BOCHx68@28.77 

2010-07-08
Cash: 70.94
Held: AGOx68@28.88 AGMx68@28.88 CELx68@28.88 BOCHx68@28.88 AGGx68@28.88 
Value: 9888.44
Sales: AGOx68@28.88 AGGx68@28.88 AGMx68@28.88 CELx68@28.88 BOCHx68@28.88 
Purchases: AGOx68@28.88 AGGx68@28.88 AGMx68@28.88 CELx68@28.88 BOCHx68@28.88 

2010-07-11
Cash: 70.94
Held: AGOx68@28.52 AGMx68@28.52 CELx68@28.52 BOCHx68@28.52 AGGx68@28.52 
Value: 9766.25
Sales: AGOx68@28.52 AGGx68@28.52 AGMx68@28.52 CELx68@28.52 BOCHx68@28.52 
Purchases: AGOx68@28.52 AGGx68@28.52 AGMx68@28.52 CELx68@28.52 BOCHx68@28.52 

2010-07-12
Cash: 70.94
Held: AGOx68@28.47 AGMx68@28.47 CELx68@28.47 BOCHx68@28.47 AGGx68@28.47 
Value: 9750.31
Sales: AGOx68@28.47 AGGx68@28.47 AGMx68@28.47 CELx68@28.47 BOCHx68@28.47 
Purchases: AGOx68@28.47 AGGx68@28.47 AGMx68@28.47 CELx68@28.47 BOCHx68@28.47 

2010-07-13
Cash: 70.94
Held: AGOx68@28.62 AGMx68@28.62 CELx68@28.62 BOCHx68@28.62 AGGx68@28.62 
Value: 9803.44
Sales: AGOx68@28.62 AGGx68@28.62 AGMx68@28.62 CELx68@28.62 BOCHx68@28.62 
Purchases: AGOx68@28.62 AGGx68@28.62 AGMx68@28.62 CELx68@28.62 BOCHx68@28.62 

2010-07-14
Cash: 70.94
Held: AGOx68@28.62 AGMx68@28.62 CELx68@28.62 BOCHx68@28.62 AGGx68@28.62 
Value: 9803.44
Sales: AGOx68@28.62 AGGx68@28.62 AGMx68@28.62 CELx68@28.62 BOCHx68@28.62 
Purchases: AGOx68@28.62 AGGx68@28.62 AGMx68@28.62 CELx68@28.62 BOCHx68@28.62 

2010-07-15
Cash: 70.94
Held: AGOx68@28.20 AGMx68@28.20 CELx68@28.20 BOCHx68@28.20 AGGx68@28.20 
Value: 9660.00
Sales: AGOx68@28.20 AGGx68@28.20 AGMx68@28.20 CELx68@28.20 BOCHx68@28.20 
Purchases: AGOx68@28.20 AGGx68@28.20 AGMx68@28.20 CELx68@28.20 BOCHx68@28.20 

2010-07-18
Cash: 70.94
Held: AGOx68@27.30 AGMx68@27.30 CELx68@27.30 BOCHx68@27.30 AGGx68@27.30 
Value: 9351.88
Sales: AGOx68@27.30 AGGx68@27.30 AGMx68@27.30 CELx68@27.30 BOCHx68@27.30 
Purchases: AGOx68@27.30 AGGx68@27.30 AGMx68@27.30 CELx68@27.30 BOCHx68@27.30 

2010-07-19
Cash: 70.94
Held: AGOx68@27.03 AGMx68@27.03 CELx68@27.03 BOCHx68@27.03 AGGx68@27.03 
Value: 9261.56
Sales: AGOx68@27.03 AGGx68@27.03 AGMx68@27.03 CELx68@27.03 BOCHx68@27.03 
Purchases: AGOx68@27.03 AGGx68@27.03 AGMx68@27.03 CELx68@27.03 BOCHx68@27.03 

2010-07-20
Cash: 70.94
Held: AGOx68@27.69 AGMx68@27.69 CELx68@27.69 BOCHx68@27.69 AGGx68@27.69 
Value: 9484.69
Sales: AGOx68@27.69 AGGx68@27.69 AGMx68@27.69 CELx68@27.69 BOCHx68@27.69 
Purchases: AGOx68@27.69 AGGx68@27.69 AGMx68@27.69 CELx68@27.69 BOCHx68@27.69 

2010-07-21
Cash: 70.94
Held: AGOx68@27.95 AGMx68@27.95 CELx68@27.95 BOCHx68@27.95 AGGx68@27.95 
Value: 9575.00
Sales: AGOx68@27.95 AGGx68@27.95 AGMx68@27.95 CELx68@27.95 BOCHx68@27.95 
Purchases: AGOx68@27.95 AGGx68@27.95 AGMx68@27.95 CELx68@27.95 BOCHx68@27.95 

2010-07-22
Cash: 70.94
Held: AGOx68@28.56 AGMx68@28.56 CELx68@28.56 BOCHx68@28.56 AGGx68@28.56 
Value: 9782.19
Sales: AGOx68@28.56 AGGx68@28.56 AGMx68@28.56 CELx68@28.56 BOCHx68@28.56 
Purchases: AGOx68@28.56 AGGx68@28.56 AGMx68@28.56 CELx68@28.56 BOCHx68@28.56 

2010-07-25
Cash: 70.94
Held: AGOx68@29.22 AGMx68@29.22 CELx68@29.22 BOCHx68@29.22 AGGx68@29.22 
Value: 10005.31
Sales: AGOx68@29.22 AGGx68@29.22 AGMx68@29.22 CELx68@29.22 BOCHx68@29.22 
Purchases: AGOx68@29.22 AGGx68@29.22 AGMx68@29.22 CELx68@29.22 BOCHx68@29.22 

2010-07-26
Cash: 70.94
Held: AGOx68@29.73 AGMx68@29.73 CELx68@29.73 BOCHx68@29.73 AGGx68@29.73 
Value: 10180.62
Sales: AGOx68@29.73 AGGx68@29.73 AGMx68@29.73 CELx68@29.73 BOCHx68@29.73 
Purchases: AGOx68@29.73 AGGx68@29.73 AGMx68@29.73 CELx68@29.73 BOCHx68@29.73 

2010-07-27
Cash: 70.94
Held: AGOx68@28.80 AGMx68@28.80 CELx68@28.80 BOCHx68@28.80 AGGx68@28.80 
Value: 9861.88
Sales: AGOx68@28.80 AGGx68@28.80 AGMx68@28.80 CELx68@28.80 BOCHx68@28.80 
Purchases: AGOx68@28.80 AGGx68@28.80 AGMx68@28.80 CELx68@28.80 BOCHx68@28.80 

2010-07-28
Cash: 70.94
Held: AGOx68@28.97 AGMx68@28.97 CELx68@28.97 BOCHx68@28.97 AGGx68@28.97 
Value: 9920.31
Sales: AGOx68@28.97 AGGx68@28.97 AGMx68@28.97 CELx68@28.97 BOCHx68@28.97 
Purchases: AGOx68@28.97 AGGx68@28.97 AGMx68@28.97 CELx68@28.97 BOCHx68@28.97 

2010-07-29
Cash: 70.94
Held: AGOx68@27.78 AGMx68@27.78 CELx68@27.78 BOCHx68@27.78 AGGx68@27.78 
Value: 9516.56
Sales: AGOx68@27.78 AGGx68@27.78 AGMx68@27.78 CELx68@27.78 BOCHx68@27.78 
Purchases: AGOx68@27.78 AGGx68@27.78 AGMx68@27.78 CELx68@27.78 BOCHx68@27.78 

2010-08-01
Cash: 70.94
Held: AGOx68@28.34 AGMx68@28.34 CELx68@28.34 BOCHx68@28.34 AGGx68@28.34 
Value: 9707.81
Sales: AGOx68@28.34 AGGx68@28.34 AGMx68@28.34 CELx68@28.34 BOCHx68@28.34 
Purchases: AGOx68@28.34 AGGx68@28.34 AGMx68@28.34 CELx68@28.34 BOCHx68@28.34 

2010-08-02
Cash: 70.94
Held: AGOx68@28.61 AGMx68@28.61 CELx68@28.61 BOCHx68@28.61 AGGx68@28.61 
Value: 9798.12
Sales: AGOx68@28.61 AGGx68@28.61 AGMx68@28.61 CELx68@28.61 BOCHx68@28.61 
Purchases: AGOx68@28.61 AGGx68@28.61 AGMx68@28.61 CELx68@28.61 BOCHx68@28.61 

2010-08-03
Cash: 70.94
Held: AGOx68@27.86 AGMx68@27.86 CELx68@27.86 BOCHx68@27.86 AGGx68@27.86 
Value: 9543.12
Sales: AGOx68@27.86 AGGx68@27.86 AGMx68@27.86 CELx68@27.86 BOCHx68@27.86 
Purchases: AGOx68@27.86 AGGx68@27.86 AGMx68@27.86 CELx68@27.86 BOCHx68@27.86 

2010-08-04
Cash: 70.94
Held: AGOx68@28.03 AGMx68@28.03 CELx68@28.03 BOCHx68@28.03 AGGx68@28.03 
Value: 9601.56
Sales: AGOx68@28.03 AGGx68@28.03 AGMx68@28.03 CELx68@28.03 BOCHx68@28.03 
Purchases: AGOx68@28.03 AGGx68@28.03 AGMx68@28.03 CELx68@28.03 BOCHx68@28.03 

2010-08-05
Cash: 70.94
Held: AGOx68@28.19 AGMx68@28.19 CELx68@28.19 BOCHx68@28.19 AGGx68@28.19 
Value: 9654.69
Sales: AGOx68@28.19 AGGx68@28.19 AGMx68@28.19 CELx68@28.19 BOCHx68@28.19 
Purchases: AGOx68@28.19 AGGx68@28.19 AGMx68@28.19 CELx68@28.19 BOCHx68@28.19 

2010-08-08
Cash: 70.94
Held: AGOx68@28.92 AGMx68@28.92 CELx68@28.92 BOCHx68@28.92 AGGx68@28.92 
Value: 9904.38
Sales: AGOx68@28.92 AGGx68@28.92 AGMx68@28.92 CELx68@28.92 BOCHx68@28.92 
Purchases: AGOx68@28.92 AGGx68@28.92 AGMx68@28.92 CELx68@28.92 BOCHx68@28.92 

2010-08-09
Cash: 70.94
Held: AGOx68@29.44 AGMx68@29.44 CELx68@29.44 BOCHx68@29.44 AGGx68@29.44 
Value: 10079.69
Sales: AGOx68@29.44 AGGx68@29.44 AGMx68@29.44 CELx68@29.44 BOCHx68@29.44 
Purchases: AGOx68@29.44 AGGx68@29.44 AGMx68@29.44 CELx68@29.44 BOCHx68@29.44 

2010-08-10
Cash: 70.94
Held: AGOx68@28.86 AGMx68@28.86 CELx68@28.86 BOCHx68@28.86 AGGx68@28.86 
Value: 9883.12
Sales: AGOx68@28.86 AGGx68@28.86 AGMx68@28.86 CELx68@28.86 BOCHx68@28.86 
Purchases: AGOx68@28.86 AGGx68@28.86 AGMx68@28.86 CELx68@28.86 BOCHx68@28.86 

2010-08-11
Cash: 70.94
Held: AGOx68@27.66 AGMx68@27.66 CELx68@27.66 BOCHx68@27.66 AGGx68@27.66 
Value: 9474.06
Sales: AGOx68@27.66 AGGx68@27.66 AGMx68@27.66 CELx68@27.66 BOCHx68@27.66 
Purchases: AGOx68@27.66 AGGx68@27.66 AGMx68@27.66 CELx68@27.66 BOCHx68@27.66 

2010-08-12
Cash: 70.94
Held: AGOx68@27.39 AGMx68@27.39 CELx68@27.39 BOCHx68@27.39 AGGx68@27.39 
Value: 9383.75
Sales: AGOx68@27.39 AGGx68@27.39 AGMx68@27.39 CELx68@27.39 BOCHx68@27.39 
Purchases: AGOx68@27.39 AGGx68@27.39 AGMx68@27.39 CELx68@27.39 BOCHx68@27.39 

2010-08-15
Cash: 70.94
Held: AGOx68@27.11 AGMx68@27.11 CELx68@27.11 BOCHx68@27.11 AGGx68@27.11 
Value: 9288.12
Sales: AGOx68@27.11 AGGx68@27.11 AGMx68@27.11 CELx68@27.11 BOCHx68@27.11 
Purchases: AGOx68@27.11 AGGx68@27.11 AGMx68@27.11 CELx68@27.11 BOCHx68@27.11 

2010-08-16
Cash: 70.94
Held: AGOx68@28.75 AGMx68@28.75 CELx68@28.75 BOCHx68@28.75 AGGx68@28.75 
Value: 9845.94
Sales: AGOx68@28.75 AGGx68@28.75 AGMx68@28.75 CELx68@28.75 BOCHx68@28.75 
Purchases: AGOx68@28.75 AGGx68@28.75 AGMx68@28.75 CELx68@28.75 BOCHx68@28.75 

2010-08-17
Cash: 70.94
Held: AGOx68@29.33 AGMx68@29.33 CELx68@29.33 BOCHx68@29.33 AGGx68@29.33 
Value: 10042.50
Sales: AGOx68@29.33 AGGx68@29.33 AGMx68@29.33 CELx68@29.33 BOCHx68@29.33 
Purchases: AGOx68@29.33 AGGx68@29.33 AGMx68@29.33 CELx68@29.33 BOCHx68@29.33 

2010-08-18
Cash: 70.94
Held: AGOx68@29.25 AGMx68@29.25 CELx68@29.25 BOCHx68@29.25 AGGx68@29.25 
Value: 10015.94
Sales: AGOx68@29.25 AGGx68@29.25 AGMx68@29.25 CELx68@29.25 BOCHx68@29.25 
Purchases: AGOx68@29.25 AGGx68@29.25 AGMx68@29.25 CELx68@29.25 BOCHx68@29.25 

2010-08-19
Cash: 70.94
Held: AGOx68@28.27 AGMx68@28.27 CELx68@28.27 BOCHx68@28.27 AGGx68@28.27 
Value: 9681.25
Sales: AGOx68@28.27 AGGx68@28.27 AGMx68@28.27 CELx68@28.27 BOCHx68@28.27 
Purchases: AGOx68@28.27 AGGx68@28.27 AGMx68@28.27 CELx68@28.27 BOCHx68@28.27 

2010-08-22
Cash: 70.94
Held: AGOx68@28.73 AGMx68@28.73 CELx68@28.73 BOCHx68@28.73 AGGx68@28.73 
Value: 9840.62
Sales: AGOx68@28.73 AGGx68@28.73 AGMx68@28.73 CELx68@28.73 BOCHx68@28.73 
Purchases: AGOx68@28.73 AGGx68@28.73 AGMx68@28.73 CELx68@28.73 BOCHx68@28.73 

2010-08-23
Cash: 70.94
Held: AGOx68@27.52 AGMx68@27.52 CELx68@27.52 BOCHx68@27.52 AGGx68@27.52 
Value: 9426.25
Sales: AGOx68@27.52 AGGx68@27.52 AGMx68@27.52 CELx68@27.52 BOCHx68@27.52 
Purchases: AGOx68@27.52 AGGx68@27.52 AGMx68@27.52 CELx68@27.52 BOCHx68@27.52 

2010-08-24
Cash: 70.94
Held: AGOx68@27.14 AGMx68@27.14 CELx68@27.14 BOCHx68@27.14 AGGx68@27.14 
Value: 9298.75
Sales: AGOx68@27.14 AGGx68@27.14 AGMx68@27.14 CELx68@27.14 BOCHx68@27.14 
Purchases: AGOx68@27.14 AGGx68@27.14 AGMx68@27.14 CELx68@27.14 BOCHx68@27.14 

2010-08-25
Cash: 70.94
Held: AGOx68@27.88 AGMx68@27.88 CELx68@27.88 BOCHx68@27.88 AGGx68@27.88 
Value: 9548.44
Sales: AGOx68@27.88 AGGx68@27.88 AGMx68@27.88 CELx68@27.88 BOCHx68@27.88 
Purchases: AGOx68@27.88 AGGx68@27.88 AGMx68@27.88 CELx68@27.88 BOCHx68@27.88 

2010-08-26
Cash: 70.94
Held: AGOx68@27.69 AGMx68@27.69 CELx68@27.69 BOCHx68@27.69 AGGx68@27.69 
Value: 9484.69
Sales: AGOx68@27.69 AGGx68@27.69 AGMx68@27.69 CELx68@27.69 BOCHx68@27.69 
Purchases: AGOx68@27.69 AGGx68@27.69 AGMx68@27.69 CELx68@27.69 BOCHx68@27.69 

2010-08-29
Cash: 70.94
Held: AGOx68@27.77 AGMx68@27.77 CELx68@27.77 BOCHx68@27.77 AGGx68@27.77 
Value: 9511.25
Sales: AGOx68@27.77 AGGx68@27.77 AGMx68@27.77 CELx68@27.77 BOCHx68@27.77 
Purchases: AGOx68@27.77 AGGx68@27.77 AGMx68@27.77 CELx68@27.77 BOCHx68@27.77 

2010-08-30
Cash: 70.94
Held: AGOx68@27.56 AGMx68@27.56 CELx68@27.56 BOCHx68@27.56 AGGx68@27.56 
Value: 9442.19
Sales: AGOx68@27.56 AGGx68@27.56 AGMx68@27.56 CELx68@27.56 BOCHx68@27.56 
Purchases: AGOx68@27.56 AGGx68@27.56 AGMx68@27.56 CELx68@27.56 BOCHx68@27.56 

2010-08-31
Cash: 70.94
Held: AGOx68@27.45 AGMx68@27.45 CELx68@27.45 BOCHx68@27.45 AGGx68@27.45 
Value: 9405.00
Sales: AGOx68@27.45 AGGx68@27.45 AGMx68@27.45 CELx68@27.45 BOCHx68@27.45 
Purchases: AGOx68@27.45 AGGx68@27.45 AGMx68@27.45 CELx68@27.45 BOCHx68@27.45 

2010-09-01
Cash: 70.94
Held: AGOx68@28.47 AGMx68@28.47 CELx68@28.47 BOCHx68@28.47 AGGx68@28.47 
Value: 9750.31
Sales: AGOx68@28.47 AGGx68@28.47 AGMx68@28.47 CELx68@28.47 BOCHx68@28.47 
Purchases: AGOx68@28.47 AGGx68@28.47 AGMx68@28.47 CELx68@28.47 BOCHx68@28.47 

2010-09-02
Cash: 70.94
Held: AGOx68@29.48 AGMx68@29.48 CELx68@29.48 BOCHx68@29.48 AGGx68@29.48 
Value: 10095.62
Sales: AGOx68@29.48 AGGx68@29.48 AGMx68@29.48 CELx68@29.48 BOCHx68@29.48 
Purchases: AGOx68@29.48 AGGx68@29.48 AGMx68@29.48 CELx68@29.48 BOCHx68@29.48 

2010-09-06
Cash: 70.94
Held: AGOx68@29.69 AGMx68@29.69 CELx68@29.69 BOCHx68@29.69 AGGx68@29.69 
Value: 10164.69
Sales: AGOx68@29.69 AGGx68@29.69 AGMx68@29.69 CELx68@29.69 BOCHx68@29.69 
Purchases: AGOx68@29.69 AGGx68@29.69 AGMx68@29.69 CELx68@29.69 BOCHx68@29.69 

2010-09-07
Cash: 70.94
Held: AGOx68@29.08 AGMx68@29.08 CELx68@29.08 BOCHx68@29.08 AGGx68@29.08 
Value: 9957.50
Sales: AGOx68@29.08 AGGx68@29.08 AGMx68@29.08 CELx68@29.08 BOCHx68@29.08 
Purchases: AGOx68@29.08 AGGx68@29.08 AGMx68@29.08 CELx68@29.08 BOCHx68@29.08 

2010-09-08
Cash: 70.94
Held: AGOx68@29.25 AGMx68@29.25 CELx68@29.25 BOCHx68@29.25 AGGx68@29.25 
Value: 10015.94
Sales: AGOx68@29.25 AGGx68@29.25 AGMx68@29.25 CELx68@29.25 BOCHx68@29.25 
Purchases: AGOx68@29.25 AGGx68@29.25 AGMx68@29.25 CELx68@29.25 BOCHx68@29.25 

2010-09-09
Cash: 70.94
Held: AGOx68@28.95 AGMx68@28.95 CELx68@28.95 BOCHx68@28.95 AGGx68@28.95 
Value: 9915.00
Sales: AGOx68@28.95 AGGx68@28.95 AGMx68@28.95 CELx68@28.95 BOCHx68@28.95 
Purchases: AGOx68@28.95 AGGx68@28.95 AGMx68@28.95 CELx68@28.95 BOCHx68@28.95 

2010-09-12
Cash: 70.94
Held: AGOx68@29.23 AGMx68@29.23 CELx68@29.23 BOCHx68@29.23 AGGx68@29.23 
Value: 10010.62
Sales: AGOx68@29.23 AGGx68@29.23 AGMx68@29.23 CELx68@29.23 BOCHx68@29.23 
Purchases: AGOx68@29.23 AGGx68@29.23 AGMx68@29.23 CELx68@29.23 BOCHx68@29.23 

2010-09-13
Cash: 70.94
Held: AGOx68@29.02 AGMx68@29.02 CELx68@29.02 BOCHx68@29.02 AGGx68@29.02 
Value: 9936.25
Sales: AGOx68@29.02 AGGx68@29.02 AGMx68@29.02 CELx68@29.02 BOCHx68@29.02 
Purchases: AGOx68@29.02 AGGx68@29.02 AGMx68@29.02 CELx68@29.02 BOCHx68@29.02 

2010-09-14
Cash: 70.94
Held: AGOx68@29.16 AGMx68@29.16 CELx68@29.16 BOCHx68@29.16 AGGx68@29.16 
Value: 9984.06
Sales: AGOx68@29.16 AGGx68@29.16 AGMx68@29.16 CELx68@29.16 BOCHx68@29.16 
Purchases: AGOx68@29.16 AGGx68@29.16 AGMx68@29.16 CELx68@29.16 BOCHx68@29.16 

2010-09-15
Cash: 70.94
Held: AGOx68@29.34 AGMx68@29.34 CELx68@29.34 BOCHx68@29.34 AGGx68@29.34 
Value: 10047.81
Sales: AGOx68@29.34 AGGx68@29.34 AGMx68@29.34 CELx68@29.34 BOCHx68@29.34 
Purchases: AGOx68@29.34 AGGx68@29.34 AGMx68@29.34 CELx68@29.34 BOCHx68@29.34 

2010-09-16
Cash: 70.94
Held: AGOx68@30.31 AGMx68@30.31 CELx68@30.31 BOCHx68@30.31 AGGx68@30.31 
Value: 10377.19
Sales: AGOx68@30.31 AGGx68@30.31 AGMx68@30.31 CELx68@30.31 BOCHx68@30.31 
Purchases: AGOx68@30.31 AGGx68@30.31 AGMx68@30.31 CELx68@30.31 BOCHx68@30.31 

2010-09-19
Cash: 70.94
Held: AGOx68@30.78 AGMx68@30.78 CELx68@30.78 BOCHx68@30.78 AGGx68@30.78 
Value: 10536.56
Sales: AGOx68@30.78 AGGx68@30.78 AGMx68@30.78 CELx68@30.78 BOCHx68@30.78 
Purchases: AGOx68@30.78 AGGx68@30.78 AGMx68@30.78 CELx68@30.78 BOCHx68@30.78 

2010-09-20
Cash: 70.94
Held: AGOx68@30.98 AGMx68@30.98 CELx68@30.98 BOCHx68@30.98 AGGx68@30.98 
Value: 10605.62
Sales: AGOx68@30.98 AGGx68@30.98 AGMx68@30.98 CELx68@30.98 BOCHx68@30.98 
Purchases: AGOx68@30.98 AGGx68@30.98 AGMx68@30.98 CELx68@30.98 BOCHx68@30.98 

2010-09-21
Cash: 70.94
Held: AGOx68@30.98 AGMx68@30.98 CELx68@30.98 BOCHx68@30.98 AGGx68@30.98 
Value: 10605.62
Sales: AGOx68@30.98 AGGx68@30.98 AGMx68@30.98 CELx68@30.98 BOCHx68@30.98 
Purchases: AGOx68@30.98 AGGx68@30.98 AGMx68@30.98 CELx68@30.98 BOCHx68@30.98 

2010-09-22
Cash: 70.94
Held: AGOx68@30.48 AGMx68@30.48 CELx68@30.48 BOCHx68@30.48 AGGx68@30.48 
Value: 10435.62
Sales: AGOx68@30.48 AGGx68@30.48 AGMx68@30.48 CELx68@30.48 BOCHx68@30.48 
Purchases: AGOx68@30.48 AGGx68@30.48 AGMx68@30.48 CELx68@30.48 BOCHx68@30.48 

2010-09-23
Cash: 70.94
Held: AGOx68@30.97 AGMx68@30.97 CELx68@30.97 BOCHx68@30.97 AGGx68@30.97 
Value: 10600.31
Sales: AGOx68@30.97 AGGx68@30.97 AGMx68@30.97 CELx68@30.97 BOCHx68@30.97 
Purchases: AGOx68@30.97 AGGx68@30.97 AGMx68@30.97 CELx68@30.97 BOCHx68@30.97 

2010-09-26
Cash: 70.94
Held: AGOx68@32.06 AGMx68@32.06 CELx68@32.06 BOCHx68@32.06 AGGx68@32.06 
Value: 10972.19
Sales: AGOx68@32.06 AGGx68@32.06 AGMx68@32.06 CELx68@32.06 BOCHx68@32.06 
Purchases: AGOx68@32.06 AGGx68@32.06 AGMx68@32.06 CELx68@32.06 BOCHx68@32.06 

2010-09-27
Cash: 70.94
Held: AGOx68@31.95 AGMx68@31.95 CELx68@31.95 BOCHx68@31.95 AGGx68@31.95 
Value: 10935.00
Sales: AGOx68@31.95 AGGx68@31.95 AGMx68@31.95 CELx68@31.95 BOCHx68@31.95 
Purchases: AGOx68@31.95 AGGx68@31.95 AGMx68@31.95 CELx68@31.95 BOCHx68@31.95 

2010-09-28
Cash: 70.94
Held: AGOx68@32.09 AGMx68@32.09 CELx68@32.09 BOCHx68@32.09 AGGx68@32.09 
Value: 10982.81
Sales: AGOx68@32.09 AGGx68@32.09 AGMx68@32.09 CELx68@32.09 BOCHx68@32.09 
Purchases: AGOx68@32.09 AGGx68@32.09 AGMx68@32.09 CELx68@32.09 BOCHx68@32.09 

2010-09-29
Cash: 70.94
Held: AGOx68@32.78 AGMx68@32.78 CELx68@32.78 BOCHx68@32.78 AGGx68@32.78 
Value: 11216.56
Sales: AGOx68@32.78 AGGx68@32.78 AGMx68@32.78 CELx68@32.78 BOCHx68@32.78 
Purchases: AGOx68@32.78 AGGx68@32.78 AGMx68@32.78 CELx68@32.78 BOCHx68@32.78 

2010-09-30
Cash: 70.94
Held: AGOx68@33.69 AGMx68@33.69 CELx68@33.69 BOCHx68@33.69 AGGx68@33.69 
Value: 11524.69
Sales: AGOx68@33.69 AGGx68@33.69 AGMx68@33.69 CELx68@33.69 BOCHx68@33.69 
Purchases: AGOx68@33.69 AGGx68@33.69 AGMx68@33.69 CELx68@33.69 BOCHx68@33.69 

2010-10-03
Cash: 70.94
Held: AGOx68@33.56 AGMx68@33.56 CELx68@33.56 BOCHx68@33.56 AGGx68@33.56 
Value: 11482.19
Sales: AGOx68@33.56 AGGx68@33.56 AGMx68@33.56 CELx68@33.56 BOCHx68@33.56 
Purchases: AGOx68@33.56 AGGx68@33.56 AGMx68@33.56 CELx68@33.56 BOCHx68@33.56 

2010-10-04
Cash: 70.94
Held: AGOx68@32.94 AGMx68@32.94 CELx68@32.94 BOCHx68@32.94 AGGx68@32.94 
Value: 11269.69
Sales: AGOx68@32.94 AGGx68@32.94 AGMx68@32.94 CELx68@32.94 BOCHx68@32.94 
Purchases: AGOx68@32.94 AGGx68@32.94 AGMx68@32.94 CELx68@32.94 BOCHx68@32.94 

2010-10-05
Cash: 70.94
Held: AGOx68@33.03 AGMx68@33.03 CELx68@33.03 BOCHx68@33.03 AGGx68@33.03 
Value: 11301.56
Sales: AGOx68@33.03 AGGx68@33.03 AGMx68@33.03 CELx68@33.03 BOCHx68@33.03 
Purchases: AGOx68@33.03 AGGx68@33.03 AGMx68@33.03 CELx68@33.03 BOCHx68@33.03 

2010-10-06
Cash: 70.94
Held: AGOx68@32.94 AGMx68@32.94 CELx68@32.94 BOCHx68@32.94 AGGx68@32.94 
Value: 11269.69
Sales: AGOx68@32.94 AGGx68@32.94 AGMx68@32.94 CELx68@32.94 BOCHx68@32.94 
Purchases: AGOx68@32.94 AGGx68@32.94 AGMx68@32.94 CELx68@32.94 BOCHx68@32.94 

2010-10-07
Cash: 70.94
Held: AGOx68@33.22 AGMx68@33.22 CELx68@33.22 BOCHx68@33.22 AGGx68@33.22 
Value: 11365.31
Sales: AGOx68@33.22 AGGx68@33.22 AGMx68@33.22 CELx68@33.22 BOCHx68@33.22 
Purchases: AGOx68@33.22 AGGx68@33.22 AGMx68@33.22 CELx68@33.22 BOCHx68@33.22 

2010-10-10
Cash: 70.94
Held: AGOx68@33.78 AGMx68@33.78 CELx68@33.78 BOCHx68@33.78 AGGx68@33.78 
Value: 11556.56
Sales: AGOx68@33.78 AGGx68@33.78 AGMx68@33.78 CELx68@33.78 BOCHx68@33.78 
Purchases: AGOx68@33.78 AGGx68@33.78 AGMx68@33.78 CELx68@33.78 BOCHx68@33.78 

2010-10-11
Cash: 70.94
Held: AGOx68@33.62 AGMx68@33.62 CELx68@33.62 BOCHx68@33.62 AGGx68@33.62 
Value: 11503.44
Sales: AGOx68@33.62 AGGx68@33.62 AGMx68@33.62 CELx68@33.62 BOCHx68@33.62 
Purchases: AGOx68@33.62 AGGx68@33.62 AGMx68@33.62 CELx68@33.62 BOCHx68@33.62 

2010-10-12
Cash: 70.94
Held: AGOx68@33.94 AGMx68@33.94 CELx68@33.94 BOCHx68@33.94 AGGx68@33.94 
Value: 11609.69
Sales: AGOx68@33.94 AGGx68@33.94 AGMx68@33.94 CELx68@33.94 BOCHx68@33.94 
Purchases: AGOx68@33.94 AGGx68@33.94 AGMx68@33.94 CELx68@33.94 BOCHx68@33.94 

2010-10-13
Cash: 70.94
Held: AGOx68@34.28 AGMx68@34.28 CELx68@34.28 BOCHx68@34.28 AGGx68@34.28 
Value: 11726.56
Sales: AGOx68@34.28 AGGx68@34.28 AGMx68@34.28 CELx68@34.28 BOCHx68@34.28 
Purchases: AGOx68@34.28 AGGx68@34.28 AGMx68@34.28 CELx68@34.28 BOCHx68@34.28 

2010-10-14
Cash: 70.94
Held: AGOx68@34.59 AGMx68@34.59 CELx68@34.59 BOCHx68@34.59 AGGx68@34.59 
Value: 11832.81
Sales: AGOx68@34.59 AGGx68@34.59 AGMx68@34.59 CELx68@34.59 BOCHx68@34.59 
Purchases: AGOx68@34.59 AGGx68@34.59 AGMx68@34.59 CELx68@34.59 BOCHx68@34.59 

2010-10-17
Cash: 70.94
Held: AGOx68@34.50 AGMx68@34.50 CELx68@34.50 BOCHx68@34.50 AGGx68@34.50 
Value: 11800.94
Sales: AGOx68@34.50 AGGx68@34.50 AGMx68@34.50 CELx68@34.50 BOCHx68@34.50 
Purchases: AGOx68@34.50 AGGx68@34.50 AGMx68@34.50 CELx68@34.50 BOCHx68@34.50 

2010-10-18
Cash: 70.94
Held: AGOx68@34.12 AGMx68@34.12 CELx68@34.12 BOCHx68@34.12 AGGx68@34.12 
Value: 11673.44
Sales: AGOx68@34.12 AGGx68@34.12 AGMx68@34.12 CELx68@34.12 BOCHx68@34.12 
Purchases: AGOx68@34.12 AGGx68@34.12 AGMx68@34.12 CELx68@34.12 BOCHx68@34.12 

2010-10-19
Cash: 70.94
Held: AGOx68@34.12 AGMx68@34.12 CELx68@34.12 BOCHx68@34.12 AGGx68@34.12 
Value: 11673.44
Sales: AGOx68@34.12 AGGx68@34.12 AGMx68@34.12 CELx68@34.12 BOCHx68@34.12 
Purchases: AGOx68@34.12 AGGx68@34.12 AGMx68@34.12 CELx68@34.12 BOCHx68@34.12 

2010-10-20
Cash: 70.94
Held: AGOx68@34.78 AGMx68@34.78 CELx68@34.78 BOCHx68@34.78 AGGx68@34.78 
Value: 11896.56
Sales: AGOx68@34.78 AGGx68@34.78 AGMx68@34.78 CELx68@34.78 BOCHx68@34.78 
Purchases: AGOx68@34.78 AGGx68@34.78 AGMx68@34.78 CELx68@34.78 BOCHx68@34.78 

2010-10-21
Cash: 70.94
Held: AGOx68@34.75 AGMx68@34.75 CELx68@34.75 BOCHx68@34.75 AGGx68@34.75 
Value: 11885.94
Sales: AGOx68@34.75 AGGx68@34.75 AGMx68@34.75 CELx68@34.75 BOCHx68@34.75 
Purchases: AGOx68@34.75 AGGx68@34.75 AGMx68@34.75 CELx68@34.75 BOCHx68@34.75 

2010-10-24
Cash: 70.94
Held: AGOx68@35.03 AGMx68@35.03 CELx68@35.03 BOCHx68@35.03 AGGx68@35.03 
Value: 11981.56
Sales: AGOx68@35.03 AGGx68@35.03 AGMx68@35.03 CELx68@35.03 BOCHx68@35.03 
Purchases: AGOx68@35.03 AGGx68@35.03 AGMx68@35.03 CELx68@35.03 BOCHx68@35.03 

2010-10-25
Cash: 70.94
Held: AGOx68@34.62 AGMx68@34.62 CELx68@34.62 BOCHx68@34.62 AGGx68@34.62 
Value: 11843.44
Sales: AGOx68@34.62 AGGx68@34.62 AGMx68@34.62 CELx68@34.62 BOCHx68@34.62 
Purchases: AGOx68@34.62 AGGx68@34.62 AGMx68@34.62 CELx68@34.62 BOCHx68@34.62 

2010-10-26
Cash: 70.94
Held: AGOx68@34.47 AGMx68@34.47 CELx68@34.47 BOCHx68@34.47 AGGx68@34.47 
Value: 11790.31
Sales: AGOx68@34.47 AGGx68@34.47 AGMx68@34.47 CELx68@34.47 BOCHx68@34.47 
Purchases: AGOx68@34.47 AGGx68@34.47 AGMx68@34.47 CELx68@34.47 BOCHx68@34.47 

2010-10-27
Cash: 70.94
Held: AGOx68@35.12 AGMx68@35.12 CELx68@35.12 BOCHx68@35.12 AGGx68@35.12 
Value: 12013.44
Sales: AGOx68@35.12 AGGx68@35.12 AGMx68@35.12 CELx68@35.12 BOCHx68@35.12 
Purchases: AGOx68@35.12 AGGx68@35.12 AGMx68@35.12 CELx68@35.12 BOCHx68@35.12 

2010-10-28
Cash: 70.94
Held: AGOx68@34.81 AGMx68@34.81 CELx68@34.81 BOCHx68@34.81 AGGx68@34.81 
Value: 11907.19
Sales: AGOx68@34.81 AGGx68@34.81 AGMx68@34.81 CELx68@34.81 BOCHx68@34.81 
Purchases: AGOx68@34.81 AGGx68@34.81 AGMx68@34.81 CELx68@34.81 BOCHx68@34.81 

2010-10-31
Cash: 70.94
Held: AGOx68@34.94 AGMx68@34.94 CELx68@34.94 BOCHx68@34.94 AGGx68@34.94 
Value: 11949.69
Sales: AGOx68@34.94 AGGx68@34.94 AGMx68@34.94 CELx68@34.94 BOCHx68@34.94 
Purchases: AGOx68@34.94 AGGx68@34.94 AGMx68@34.94 CELx68@34.94 BOCHx68@34.94 

2010-11-01
Cash: 70.94
Held: AGOx68@34.97 AGMx68@34.97 CELx68@34.97 BOCHx68@34.97 AGGx68@34.97 
Value: 11960.31
Sales: AGOx68@34.97 AGGx68@34.97 AGMx68@34.97 CELx68@34.97 BOCHx68@34.97 
Purchases: AGOx68@34.97 AGGx68@34.97 AGMx68@34.97 CELx68@34.97 BOCHx68@34.97 

2010-11-02
Cash: 70.94
Held: AGOx68@35.19 AGMx68@35.19 CELx68@35.19 BOCHx68@35.19 AGGx68@35.19 
Value: 12034.69
Sales: AGOx68@35.19 AGGx68@35.19 AGMx68@35.19 CELx68@35.19 BOCHx68@35.19 
Purchases: AGOx68@35.19 AGGx68@35.19 AGMx68@35.19 CELx68@35.19 BOCHx68@35.19 

2010-11-03
Cash: 70.94
Held: AGOx68@35.50 AGMx68@35.50 CELx68@35.50 BOCHx68@35.50 AGGx68@35.50 
Value: 12140.94
Sales: AGOx68@35.50 AGGx68@35.50 AGMx68@35.50 CELx68@35.50 BOCHx68@35.50 
Purchases: AGOx68@35.50 AGGx68@35.50 AGMx68@35.50 CELx68@35.50 BOCHx68@35.50 

2010-11-04
Cash: 70.94
Held: AGOx68@35.97 AGMx68@35.97 CELx68@35.97 BOCHx68@35.97 AGGx68@35.97 
Value: 12300.31
Sales: AGOx68@35.97 AGGx68@35.97 AGMx68@35.97 CELx68@35.97 BOCHx68@35.97 
Purchases: AGOx68@35.97 AGGx68@35.97 AGMx68@35.97 CELx68@35.97 BOCHx68@35.97 

2010-11-07
Cash: 70.94
Held: AGOx68@36.16 AGMx68@36.16 CELx68@36.16 BOCHx68@36.16 AGGx68@36.16 
Value: 12364.06
Sales: AGOx68@36.16 AGGx68@36.16 AGMx68@36.16 CELx68@36.16 BOCHx68@36.16 
Purchases: AGOx68@36.16 AGGx68@36.16 AGMx68@36.16 CELx68@36.16 BOCHx68@36.16 

2010-11-08
Cash: 70.94
Held: AGOx68@36.19 AGMx68@36.19 CELx68@36.19 BOCHx68@36.19 AGGx68@36.19 
Value: 12374.69
Sales: AGOx68@36.19 AGGx68@36.19 AGMx68@36.19 CELx68@36.19 BOCHx68@36.19 
Purchases: AGOx68@36.19 AGGx68@36.19 AGMx68@36.19 CELx68@36.19 BOCHx68@36.19 

2010-11-09
Cash: 70.94
Held: AGOx68@35.47 AGMx68@35.47 CELx68@35.47 BOCHx68@35.47 AGGx68@35.47 
Value: 12130.31
Sales: AGOx68@35.47 AGGx68@35.47 AGMx68@35.47 CELx68@35.47 BOCHx68@35.47 
Purchases: AGOx68@35.47 AGGx68@35.47 AGMx68@35.47 CELx68@35.47 BOCHx68@35.47 

2010-11-10
Cash: 70.94
Held: AGOx68@34.81 AGMx68@34.81 CELx68@34.81 BOCHx68@34.81 AGGx68@34.81 
Value: 11907.19
Sales: AGOx68@34.81 AGGx68@34.81 AGMx68@34.81 CELx68@34.81 BOCHx68@34.81 
Purchases: AGOx68@34.81 AGGx68@34.81 AGMx68@34.81 CELx68@34.81 BOCHx68@34.81 

2010-11-11
Cash: 70.94
Held: AGOx68@35.91 AGMx68@35.91 CELx68@35.91 BOCHx68@35.91 AGGx68@35.91 
Value: 12279.06
Sales: AGOx68@35.91 AGGx68@35.91 AGMx68@35.91 CELx68@35.91 BOCHx68@35.91 
Purchases: AGOx68@35.91 AGGx68@35.91 AGMx68@35.91 CELx68@35.91 BOCHx68@35.91 

2010-11-14
Cash: 70.94
Held: AGOx68@36.53 AGMx68@36.53 CELx68@36.53 BOCHx68@36.53 AGGx68@36.53 
Value: 12491.56
Sales: AGOx68@36.53 AGGx68@36.53 AGMx68@36.53 CELx68@36.53 BOCHx68@36.53 
Purchases: AGOx68@36.53 AGGx68@36.53 AGMx68@36.53 CELx68@36.53 BOCHx68@36.53 

2010-11-15
Cash: 70.94
Held: AGOx68@35.81 AGMx68@35.81 CELx68@35.81 BOCHx68@35.81 AGGx68@35.81 
Value: 12247.19
Sales: AGOx68@35.81 AGGx68@35.81 AGMx68@35.81 CELx68@35.81 BOCHx68@35.81 
Purchases: AGOx68@35.81 AGGx68@35.81 AGMx68@35.81 CELx68@35.81 BOCHx68@35.81 

2010-11-16
Cash: 70.94
Held: AGOx68@35.00 AGMx68@35.00 CELx68@35.00 BOCHx68@35.00 AGGx68@35.00 
Value: 11970.94
Sales: AGOx68@35.00 AGGx68@35.00 AGMx68@35.00 CELx68@35.00 BOCHx68@35.00 
Purchases: AGOx68@35.00 AGGx68@35.00 AGMx68@35.00 CELx68@35.00 BOCHx68@35.00 

2010-11-17
Cash: 70.94
Held: AGOx68@35.62 AGMx68@35.62 CELx68@35.62 BOCHx68@35.62 AGGx68@35.62 
Value: 12183.44
Sales: AGOx68@35.62 AGGx68@35.62 AGMx68@35.62 CELx68@35.62 BOCHx68@35.62 
Purchases: AGOx68@35.62 AGGx68@35.62 AGMx68@35.62 CELx68@35.62 BOCHx68@35.62 

2010-11-18
Cash: 70.94
Held: AGOx68@36.16 AGMx68@36.16 CELx68@36.16 BOCHx68@36.16 AGGx68@36.16 
Value: 12364.06
Sales: AGOx68@36.16 AGGx68@36.16 AGMx68@36.16 CELx68@36.16 BOCHx68@36.16 
Purchases: AGOx68@36.16 AGGx68@36.16 AGMx68@36.16 CELx68@36.16 BOCHx68@36.16 

2010-11-21
Cash: 70.94
Held: AGOx68@36.16 AGMx68@36.16 CELx68@36.16 BOCHx68@36.16 AGGx68@36.16 
Value: 12364.06
Sales: AGOx68@36.16 AGGx68@36.16 AGMx68@36.16 CELx68@36.16 BOCHx68@36.16 
Purchases: AGOx68@36.16 AGGx68@36.16 AGMx68@36.16 CELx68@36.16 BOCHx68@36.16 

2010-11-22
Cash: 70.94
Held: AGOx68@35.88 AGMx68@35.88 CELx68@35.88 BOCHx68@35.88 AGGx68@35.88 
Value: 12268.44
Sales: AGOx68@35.88 AGGx68@35.88 AGMx68@35.88 CELx68@35.88 BOCHx68@35.88 
Purchases: AGOx68@35.88 AGGx68@35.88 AGMx68@35.88 CELx68@35.88 BOCHx68@35.88 

2010-11-23
Cash: 70.94
Held: AGOx68@35.62 AGMx68@35.62 CELx68@35.62 BOCHx68@35.62 AGGx68@35.62 
Value: 12183.44
Sales: AGOx68@35.62 AGGx68@35.62 AGMx68@35.62 CELx68@35.62 BOCHx68@35.62 
Purchases: AGOx68@35.62 AGGx68@35.62 AGMx68@35.62 CELx68@35.62 BOCHx68@35.62 

2010-11-25
Cash: 70.94
Held: AGOx68@35.97 AGMx68@35.97 CELx68@35.97 BOCHx68@35.97 AGGx68@35.97 
Value: 12300.31
Sales: AGOx68@35.97 AGGx68@35.97 AGMx68@35.97 CELx68@35.97 BOCHx68@35.97 
Purchases: AGOx68@35.97 AGGx68@35.97 AGMx68@35.97 CELx68@35.97 BOCHx68@35.97 

2010-11-28
Cash: 70.94
Held: AGOx68@35.94 AGMx68@35.94 CELx68@35.94 BOCHx68@35.94 AGGx68@35.94 
Value: 12289.69
Sales: AGOx68@35.94 AGGx68@35.94 AGMx68@35.94 CELx68@35.94 BOCHx68@35.94 
Purchases: AGOx68@35.94 AGGx68@35.94 AGMx68@35.94 CELx68@35.94 BOCHx68@35.94 

2010-11-29
Cash: 70.94
Held: AGOx68@35.22 AGMx68@35.22 CELx68@35.22 BOCHx68@35.22 AGGx68@35.22 
Value: 12045.31
Sales: AGOx68@35.22 AGGx68@35.22 AGMx68@35.22 CELx68@35.22 BOCHx68@35.22 
Purchases: AGOx68@35.22 AGGx68@35.22 AGMx68@35.22 CELx68@35.22 BOCHx68@35.22 

2010-11-30
Cash: 70.94
Held: AGOx68@35.66 AGMx68@35.66 CELx68@35.66 BOCHx68@35.66 AGGx68@35.66 
Value: 12194.06
Sales: AGOx68@35.66 AGGx68@35.66 AGMx68@35.66 CELx68@35.66 BOCHx68@35.66 
Purchases: AGOx68@35.66 AGGx68@35.66 AGMx68@35.66 CELx68@35.66 BOCHx68@35.66 

2010-12-01
Cash: 70.94
Held: AGOx68@35.97 AGMx68@35.97 CELx68@35.97 BOCHx68@35.97 AGGx68@35.97 
Value: 12300.31
Sales: AGOx68@35.97 AGGx68@35.97 AGMx68@35.97 CELx68@35.97 BOCHx68@35.97 
Purchases: AGOx68@35.97 AGGx68@35.97 AGMx68@35.97 CELx68@35.97 BOCHx68@35.97 

2010-12-02
Cash: 70.94
Held: AGOx68@36.50 AGMx68@36.50 CELx68@36.50 BOCHx68@36.50 AGGx68@36.50 
Value: 12480.94
Sales: AGOx68@36.50 AGGx68@36.50 AGMx68@36.50 CELx68@36.50 BOCHx68@36.50 
Purchases: AGOx68@36.50 AGGx68@36.50 AGMx68@36.50 CELx68@36.50 BOCHx68@36.50 

2010-12-05
Cash: 70.94
Held: AGOx68@37.31 AGMx68@37.31 CELx68@37.31 BOCHx68@37.31 AGGx68@37.31 
Value: 12757.19
Sales: AGOx68@37.31 AGGx68@37.31 AGMx68@37.31 CELx68@37.31 BOCHx68@37.31 
Purchases: AGOx68@37.31 AGGx68@37.31 AGMx68@37.31 CELx68@37.31 BOCHx68@37.31 

2010-12-06
Cash: 70.94
Held: AGOx68@37.59 AGMx68@37.59 CELx68@37.59 BOCHx68@37.59 AGGx68@37.59 
Value: 12852.81
Sales: AGOx68@37.59 AGGx68@37.59 AGMx68@37.59 CELx68@37.59 BOCHx68@37.59 
Purchases: AGOx68@37.59 AGGx68@37.59 AGMx68@37.59 CELx68@37.59 BOCHx68@37.59 

2010-12-07
Cash: 70.94
Held: AGOx68@37.59 AGMx68@37.59 CELx68@37.59 BOCHx68@37.59 AGGx68@37.59 
Value: 12852.81
Sales: AGOx68@37.59 AGGx68@37.59 AGMx68@37.59 CELx68@37.59 BOCHx68@37.59 
Purchases: AGOx68@37.59 AGGx68@37.59 AGMx68@37.59 CELx68@37.59 BOCHx68@37.59 

2010-12-08
Cash: 70.94
Held: AGOx68@37.84 AGMx68@37.84 CELx68@37.84 BOCHx68@37.84 AGGx68@37.84 
Value: 12937.81
Sales: AGOx68@37.84 AGGx68@37.84 AGMx68@37.84 CELx68@37.84 BOCHx68@37.84 
Purchases: AGOx68@37.84 AGGx68@37.84 AGMx68@37.84 CELx68@37.84 BOCHx68@37.84 

2010-12-09
Cash: 70.94
Held: AGOx68@38.00 AGMx68@38.00 CELx68@38.00 BOCHx68@38.00 AGGx68@38.00 
Value: 12990.94
Sales: AGOx68@38.00 AGGx68@38.00 AGMx68@38.00 CELx68@38.00 BOCHx68@38.00 
Purchases: AGOx68@38.00 AGGx68@38.00 AGMx68@38.00 CELx68@38.00 BOCHx68@38.00 

2010-12-12
Cash: 70.94
Held: AGOx68@38.53 AGMx68@38.53 CELx68@38.53 BOCHx68@38.53 AGGx68@38.53 
Value: 13171.56
Sales: AGOx68@38.53 AGGx68@38.53 AGMx68@38.53 CELx68@38.53 BOCHx68@38.53 
Purchases: AGOx68@38.53 AGGx68@38.53 AGMx68@38.53 CELx68@38.53 BOCHx68@38.53 

2010-12-13
Cash: 70.94
Held: AGOx68@38.81 AGMx68@38.81 CELx68@38.81 BOCHx68@38.81 AGGx68@38.81 
Value: 13267.19
Sales: AGOx68@38.81 AGGx68@38.81 AGMx68@38.81 CELx68@38.81 BOCHx68@38.81 
Purchases: AGOx68@38.81 AGGx68@38.81 AGMx68@38.81 CELx68@38.81 BOCHx68@38.81 

2010-12-14
Cash: 70.94
Held: AGOx68@39.00 AGMx68@39.00 CELx68@39.00 BOCHx68@39.00 AGGx68@39.00 
Value: 13330.94
Sales: AGOx68@39.00 AGGx68@39.00 AGMx68@39.00 CELx68@39.00 BOCHx68@39.00 
Purchases: AGOx68@39.00 AGGx68@39.00 AGMx68@39.00 CELx68@39.00 BOCHx68@39.00 

2010-12-15
Cash: 70.94
Held: AGOx68@38.62 AGMx68@38.62 CELx68@38.62 BOCHx68@38.62 AGGx68@38.62 
Value: 13203.44
Sales: AGOx68@38.62 AGGx68@38.62 AGMx68@38.62 CELx68@38.62 BOCHx68@38.62 
Purchases: AGOx68@38.62 AGGx68@38.62 AGMx68@38.62 CELx68@38.62 BOCHx68@38.62 

2010-12-16
Cash: 70.94
Held: AGOx68@39.75 AGMx68@39.75 CELx68@39.75 BOCHx68@39.75 AGGx68@39.75 
Value: 13585.94
Sales: AGOx68@39.75 AGGx68@39.75 AGMx68@39.75 CELx68@39.75 BOCHx68@39.75 
Purchases: AGOx68@39.75 AGGx68@39.75 AGMx68@39.75 CELx68@39.75 BOCHx68@39.75 

2010-12-19
Cash: 70.94
Held: AGOx68@40.09 AGMx68@40.09 CELx68@40.09 BOCHx68@40.09 AGGx68@40.09 
Value: 13702.81
Sales: AGOx68@40.09 AGGx68@40.09 AGMx68@40.09 CELx68@40.09 BOCHx68@40.09 
Purchases: AGOx68@40.09 AGGx68@40.09 AGMx68@40.09 CELx68@40.09 BOCHx68@40.09 

2010-12-20
Cash: 70.94
Held: AGOx68@40.66 AGMx68@40.66 CELx68@40.66 BOCHx68@40.66 AGGx68@40.66 
Value: 13894.06
Sales: AGOx68@40.66 AGGx68@40.66 AGMx68@40.66 CELx68@40.66 BOCHx68@40.66 
Purchases: AGOx68@40.66 AGGx68@40.66 AGMx68@40.66 CELx68@40.66 BOCHx68@40.66 

2010-12-21
Cash: 70.94
Held: AGOx68@40.66 AGMx68@40.66 CELx68@40.66 BOCHx68@40.66 AGGx68@40.66 
Value: 13894.06
Sales: AGOx68@40.66 AGGx68@40.66 AGMx68@40.66 CELx68@40.66 BOCHx68@40.66 
Purchases: AGOx68@40.66 AGGx68@40.66 AGMx68@40.66 CELx68@40.66 BOCHx68@40.66 

2010-12-22
Cash: 70.94
Held: AGOx68@40.91 AGMx68@40.91 CELx68@40.91 BOCHx68@40.91 AGGx68@40.91 
Value: 13979.06
Sales: AGOx68@40.91 AGGx68@40.91 AGMx68@40.91 CELx68@40.91 BOCHx68@40.91 
Purchases: AGOx68@40.91 AGGx68@40.91 AGMx68@40.91 CELx68@40.91 BOCHx68@40.91 

2010-12-26
Cash: 70.94
Held: AGOx68@40.88 AGMx68@40.88 CELx68@40.88 BOCHx68@40.88 AGGx68@40.88 
Value: 13968.44
Sales: AGOx68@40.88 AGGx68@40.88 AGMx68@40.88 CELx68@40.88 BOCHx68@40.88 
Purchases: AGOx68@40.88 AGGx68@40.88 AGMx68@40.88 CELx68@40.88 BOCHx68@40.88 

2010-12-27
Cash: 70.94
Held: AGOx68@41.94 AGMx68@41.94 CELx68@41.94 BOCHx68@41.94 AGGx68@41.94 
Value: 14329.69
Sales: AGOx68@41.94 AGGx68@41.94 AGMx68@41.94 CELx68@41.94 BOCHx68@41.94 
Purchases: AGOx68@41.94 AGGx68@41.94 AGMx68@41.94 CELx68@41.94 BOCHx68@41.94 

2010-12-28
Cash: 70.94
Held: AGOx68@41.53 AGMx68@41.53 CELx68@41.53 BOCHx68@41.53 AGGx68@41.53 
Value: 14191.56
Sales: AGOx68@41.53 AGGx68@41.53 AGMx68@41.53 CELx68@41.53 BOCHx68@41.53 
Purchases: AGOx68@41.53 AGGx68@41.53 AGMx68@41.53 CELx68@41.53 BOCHx68@41.53 

2010-12-29
Cash: 70.94
Held: AGOx68@41.62 AGMx68@41.62 CELx68@41.62 BOCHx68@41.62 AGGx68@41.62 
Value: 14223.44
Sales: AGOx68@41.62 AGGx68@41.62 AGMx68@41.62 CELx68@41.62 BOCHx68@41.62 
Purchases: AGOx68@41.62 AGGx68@41.62 AGMx68@41.62 CELx68@41.62 BOCHx68@41.62 

2010-12-30
Cash: 70.94
Held: AGOx68@41.44 AGMx68@41.44 CELx68@41.44 BOCHx68@41.44 AGGx68@41.44 
Value: 14159.69
Sales: AGOx68@41.44 AGGx68@41.44 AGMx68@41.44 CELx68@41.44 BOCHx68@41.44 
Purchases: AGOx68@41.44 AGGx68@41.44 AGMx68@41.44 CELx68@41.44 BOCHx68@41.44 

2011-01-02
Cash: 70.94
Held: AGOx68@41.56 AGMx68@41.56 CELx68@41.56 BOCHx68@41.56 AGGx68@41.56 
Value: 14202.19
Sales: AGOx68@41.56 AGGx68@41.56 AGMx68@41.56 CELx68@41.56 BOCHx68@41.56 
Purchases: AGOx68@41.56 AGGx68@41.56 AGMx68@41.56 CELx68@41.56 BOCHx68@41.56 

2011-01-03
Cash: 70.94
Held: AGOx68@42.00 AGMx68@42.00 CELx68@42.00 BOCHx68@42.00 AGGx68@42.00 
Value: 14350.94
Sales: AGOx68@42.00 AGGx68@42.00 AGMx68@42.00 CELx68@42.00 BOCHx68@42.00 
Purchases: AGOx68@42.00 AGGx68@42.00 AGMx68@42.00 CELx68@42.00 BOCHx68@42.00 

2011-01-04
Cash: 70.94
Held: AGOx68@41.25 AGMx68@41.25 CELx68@41.25 BOCHx68@41.25 AGGx68@41.25 
Value: 14095.94
Sales: AGOx68@41.25 AGGx68@41.25 AGMx68@41.25 CELx68@41.25 BOCHx68@41.25 
Purchases: AGOx68@41.25 AGGx68@41.25 AGMx68@41.25 CELx68@41.25 BOCHx68@41.25 

2011-01-05
Cash: 70.94
Held: AGOx68@41.38 AGMx68@41.38 CELx68@41.38 BOCHx68@41.38 AGGx68@41.38 
Value: 14138.44
Sales: AGOx68@41.38 AGGx68@41.38 AGMx68@41.38 CELx68@41.38 BOCHx68@41.38 
Purchases: AGOx68@41.38 AGGx68@41.38 AGMx68@41.38 CELx68@41.38 BOCHx68@41.38 

2011-01-06
Cash: 70.94
Held: AGOx68@41.53 AGMx68@41.53 CELx68@41.53 BOCHx68@41.53 AGGx68@41.53 
Value: 14191.56
Sales: AGOx68@41.53 AGGx68@41.53 AGMx68@41.53 CELx68@41.53 BOCHx68@41.53 
Purchases: AGOx68@41.53 AGGx68@41.53 AGMx68@41.53 CELx68@41.53 BOCHx68@41.53 

2011-01-09
Cash: 70.94
Held: AGOx68@41.41 AGMx68@41.41 CELx68@41.41 BOCHx68@41.41 AGGx68@41.41 
Value: 14149.06
Sales: AGOx68@41.41 AGGx68@41.41 AGMx68@41.41 CELx68@41.41 BOCHx68@41.41 
Purchases: AGOx68@41.41 AGGx68@41.41 AGMx68@41.41 CELx68@41.41 BOCHx68@41.41 

2011-01-10
Cash: 70.94
Held: AGOx68@42.53 AGMx68@42.53 CELx68@42.53 BOCHx68@42.53 AGGx68@42.53 
Value: 14531.56
Sales: AGOx68@42.53 AGGx68@42.53 AGMx68@42.53 CELx68@42.53 BOCHx68@42.53 
Purchases: AGOx68@42.53 AGGx68@42.53 AGMx68@42.53 CELx68@42.53 BOCHx68@42.53 

2011-01-11
Cash: 70.94
Held: AGOx68@43.19 AGMx68@43.19 CELx68@43.19 BOCHx68@43.19 AGGx68@43.19 
Value: 14754.69
Sales: AGOx68@43.19 AGGx68@43.19 AGMx68@43.19 CELx68@43.19 BOCHx68@43.19 
Purchases: AGOx68@43.19 AGGx68@43.19 AGMx68@43.19 CELx68@43.19 BOCHx68@43.19 

2011-01-12
Cash: 70.94
Held: AGOx68@42.88 AGMx68@42.88 CELx68@42.88 BOCHx68@42.88 AGGx68@42.88 
Value: 14648.44
Sales: AGOx68@42.88 AGGx68@42.88 AGMx68@42.88 CELx68@42.88 BOCHx68@42.88 
Purchases: AGOx68@42.88 AGGx68@42.88 AGMx68@42.88 CELx68@42.88 BOCHx68@42.88 

2011-01-13
Cash: 70.94
Held: AGOx68@42.78 AGMx68@42.78 CELx68@42.78 BOCHx68@42.78 AGGx68@42.78 
Value: 14616.56
Sales: AGOx68@42.78 AGGx68@42.78 AGMx68@42.78 CELx68@42.78 BOCHx68@42.78 
Purchases: AGOx68@42.78 AGGx68@42.78 AGMx68@42.78 CELx68@42.78 BOCHx68@42.78 

2011-01-17
Cash: 70.94
Held: AGOx68@43.38 AGMx68@43.38 CELx68@43.38 BOCHx68@43.38 AGGx68@43.38 
Value: 14818.44
Sales: AGOx68@43.38 AGGx68@43.38 AGMx68@43.38 CELx68@43.38 BOCHx68@43.38 
Purchases: AGOx68@43.38 AGGx68@43.38 AGMx68@43.38 CELx68@43.38 BOCHx68@43.38 

2011-01-18
Cash: 70.94
Held: AGOx68@44.22 AGMx68@44.22 CELx68@44.22 BOCHx68@44.22 AGGx68@44.22 
Value: 15105.31
Sales: AGOx68@44.22 AGGx68@44.22 AGMx68@44.22 CELx68@44.22 BOCHx68@44.22 
Purchases: AGOx68@44.22 AGGx68@44.22 AGMx68@44.22 CELx68@44.22 BOCHx68@44.22 

2011-01-19
Cash: 70.94
Held: AGOx68@41.94 AGMx68@41.94 CELx68@41.94 BOCHx68@41.94 AGGx68@41.94 
Value: 14329.69
Sales: AGOx68@41.94 AGGx68@41.94 AGMx68@41.94 CELx68@41.94 BOCHx68@41.94 
Purchases: AGOx68@41.94 AGGx68@41.94 AGMx68@41.94 CELx68@41.94 BOCHx68@41.94 

2011-01-20
Cash: 70.94
Held: AGOx68@42.50 AGMx68@42.50 CELx68@42.50 BOCHx68@42.50 AGGx68@42.50 
Value: 14520.94
Sales: AGOx68@42.50 AGGx68@42.50 AGMx68@42.50 CELx68@42.50 BOCHx68@42.50 
Purchases: AGOx68@42.50 AGGx68@42.50 AGMx68@42.50 CELx68@42.50 BOCHx68@42.50 

