2011-06-22
Cash: 10000.00
Held: 
Value: 10000.00
Sales: 
Purchases: AGOx41@48.19 AGGx41@48.19 AGMx41@48.19 CELx41@48.19 BOCHx41@48.19 

2011-06-23
Cash: 121.56
Held: AGOx41@49.31 AGMx41@49.31 CELx41@49.31 BOCHx41@49.31 AGGx41@49.31 
Value: 10230.62
Sales: AGOx41@49.31 AGGx41@49.31 AGMx41@49.31 CELx41@49.31 BOCHx41@49.31 
Purchases: AGOx41@49.31 AGGx41@49.31 AGMx41@49.31 CELx41@49.31 BOCHx41@49.31 

2011-06-26
Cash: 121.56
Held: AGOx41@48.34 AGMx41@48.34 CELx41@48.34 BOCHx41@48.34 AGGx41@48.34 
Value: 10032.03
Sales: AGOx41@48.34 AGGx41@48.34 AGMx41@48.34 CELx41@48.34 BOCHx41@48.34 
Purchases: AGOx41@48.34 AGGx41@48.34 AGMx41@48.34 CELx41@48.34 BOCHx41@48.34 

2011-06-27
Cash: 121.56
Held: AGOx41@49.03 AGMx41@49.03 CELx41@49.03 BOCHx41@49.03 AGGx41@49.03 
Value: 10172.97
Sales: AGOx41@49.03 AGGx41@49.03 AGMx41@49.03 CELx41@49.03 BOCHx41@49.03 
Purchases: AGOx41@49.03 AGGx41@49.03 AGMx41@49.03 CELx41@49.03 BOCHx41@49.03 

2011-06-28
Cash: 121.56
Held: AGOx41@50.78 AGMx41@50.78 CELx41@50.78 BOCHx41@50.78 AGGx41@50.78 
Value: 10531.72
Sales: AGOx41@50.78 AGGx41@50.78 AGMx41@50.78 CELx41@50.78 BOCHx41@50.78 
Purchases: AGOx41@50.78 AGGx41@50.78 AGMx41@50.78 CELx41@50.78 BOCHx41@50.78 

2011-06-29
Cash: 121.56
Held: AGOx41@50.53 AGMx41@50.53 CELx41@50.53 BOCHx41@50.53 AGGx41@50.53 
Value: 10480.47
Sales: AGOx41@50.53 AGGx41@50.53 AGMx41@50.53 CELx41@50.53 BOCHx41@50.53 
Purchases: AGOx41@50.53 AGGx41@50.53 AGMx41@50.53 CELx41@50.53 BOCHx41@50.53 

2011-06-30
Cash: 121.56
Held: AGOx41@51.22 AGMx41@51.22 CELx41@51.22 BOCHx41@51.22 AGGx41@51.22 
Value: 10621.41
Sales: AGOx41@51.22 AGGx41@51.22 AGMx41@51.22 CELx41@51.22 BOCHx41@51.22 
Purchases: AGOx41@51.22 AGGx41@51.22 AGMx41@51.22 CELx41@51.22 BOCHx41@51.22 

2011-07-04
Cash: 121.56
Held: AGOx41@51.94 AGMx41@51.94 CELx41@51.94 BOCHx41@51.94 AGGx41@51.94 
Value: 10768.75
Sales: AGOx41@51.94 AGGx41@51.94 AGMx41@51.94 CELx41@51.94 BOCHx41@51.94 
Purchases: AGOx41@51.94 AGGx41@51.94 AGMx41@51.94 CELx41@51.94 BOCHx41@51.94 

2011-07-05
Cash: 121.56
Held: AGOx41@51.50 AGMx41@51.50 CELx41@51.50 BOCHx41@51.50 AGGx41@51.50 
Value: 10679.06
Sales: AGOx41@51.50 AGGx41@51.50 AGMx41@51.50 CELx41@51.50 BOCHx41@51.50 
Purchases: AGOx41@51.50 AGGx41@51.50 AGMx41@51.50 CELx41@51.50 BOCHx41@51.50 

2011-07-06
Cash: 121.56
Held: AGOx41@52.44 AGMx41@52.44 CELx41@52.44 BOCHx41@52.44 AGGx41@52.44 
Value: 10871.25
Sales: AGOx41@52.44 AGGx41@52.44 AGMx41@52.44 CELx41@52.44 BOCHx41@52.44 
Purchases: AGOx41@52.44 AGGx41@52.44 AGMx41@52.44 CELx41@52.44 BOCHx41@52.44 

2011-07-07
Cash: 121.56
Held: AGOx41@51.06 AGMx41@51.06 CELx41@51.06 BOCHx41@51.06 AGGx41@51.06 
Value: 10589.38
Sales: AGOx41@51.06 AGGx41@51.06 AGMx41@51.06 CELx41@51.06 BOCHx41@51.06 
Purchases: AGOx41@51.06 AGGx41@51.06 AGMx41@51.06 CELx41@51.06 BOCHx41@51.06 

2011-07-10
Cash: 121.56
Held: AGOx41@49.44 AGMx41@49.44 CELx41@49.44 BOCHx41@49.44 AGGx41@49.44 
Value: 10256.25
Sales: AGOx41@49.44 AGGx41@49.44 AGMx41@49.44 CELx41@49.44 BOCHx41@49.44 
Purchases: AGOx41@49.44 AGGx41@49.44 AGMx41@49.44 CELx41@49.44 BOCHx41@49.44 

2011-07-11
Cash: 121.56
Held: AGOx41@48.59 AGMx41@48.59 CELx41@48.59 BOCHx41@48.59 AGGx41@48.59 
Value: 10083.28
Sales: AGOx41@48.59 AGGx41@48.59 AGMx41@48.59 CELx41@48.59 BOCHx41@48.59 
Purchases: AGOx41@48.59 AGGx41@48.59 AGMx41@48.59 CELx41@48.59 BOCHx41@48.59 

2011-07-12
Cash: 121.56
Held: AGOx41@48.25 AGMx41@48.25 CELx41@48.25 BOCHx41@48.25 AGGx41@48.25 
Value: 10012.81
Sales: AGOx41@48.25 AGGx41@48.25 AGMx41@48.25 CELx41@48.25 BOCHx41@48.25 
Purchases: AGOx41@48.25 AGGx41@48.25 AGMx41@48.25 CELx41@48.25 BOCHx41@48.25 

2011-07-13
Cash: 121.56
Held: AGOx41@48.28 AGMx41@48.28 CELx41@48.28 BOCHx41@48.28 AGGx41@48.28 
Value: 10019.22
Sales: AGOx41@48.28 AGGx41@48.28 AGMx41@48.28 CELx41@48.28 BOCHx41@48.28 
Purchases: AGOx41@48.28 AGGx41@48.28 AGMx41@48.28 CELx41@48.28 BOCHx41@48.28 

2011-07-14
Cash: 121.56
Held: AGOx41@47.62 AGMx41@47.62 CELx41@47.62 BOCHx41@47.62 AGGx41@47.62 
Value: 9884.69
Sales: AGOx41@47.62 AGGx41@47.62 AGMx41@47.62 CELx41@47.62 BOCHx41@47.62 
Purchases: AGOx41@47.62 AGGx41@47.62 AGMx41@47.62 CELx41@47.62 BOCHx41@47.62 

2011-07-17
Cash: 121.56
Held: AGOx41@46.72 AGMx41@46.72 CELx41@46.72 BOCHx41@46.72 AGGx41@46.72 
Value: 9698.91
Sales: AGOx41@46.72 AGGx41@46.72 AGMx41@46.72 CELx41@46.72 BOCHx41@46.72 
Purchases: AGOx41@46.72 AGGx41@46.72 AGMx41@46.72 CELx41@46.72 BOCHx41@46.72 

2011-07-18
Cash: 121.56
Held: AGOx41@45.75 AGMx41@45.75 CELx41@45.75 BOCHx41@45.75 AGGx41@45.75 
Value: 9500.31
Sales: AGOx41@45.75 AGGx41@45.75 AGMx41@45.75 CELx41@45.75 BOCHx41@45.75 
Purchases: AGOx41@45.75 AGGx41@45.75 AGMx41@45.75 CELx41@45.75 BOCHx41@45.75 

2011-07-19
Cash: 121.56
Held: AGOx41@46.94 AGMx41@46.94 CELx41@46.94 BOCHx41@46.94 AGGx41@46.94 
Value: 9743.75
Sales: AGOx41@46.94 AGGx41@46.94 AGMx41@46.94 CELx41@46.94 BOCHx41@46.94 
Purchases: AGOx41@46.94 AGGx41@46.94 AGMx41@46.94 CELx41@46.94 BOCHx41@46.94 

2011-07-20
Cash: 121.56
Held: AGOx41@47.12 AGMx41@47.12 CELx41@47.12 BOCHx41@47.12 AGGx41@47.12 
Value: 9782.19
Sales: AGOx41@47.12 AGGx41@47.12 AGMx41@47.12 CELx41@47.12 BOCHx41@47.12 
Purchases: AGOx41@47.12 AGGx41@47.12 AGMx41@47.12 CELx41@47.12 BOCHx41@47.12 

2011-07-21
Cash: 121.56
Held: AGOx41@46.94 AGMx41@46.94 CELx41@46.94 BOCHx41@46.94 AGGx41@46.94 
Value: 9743.75
Sales: AGOx41@46.94 AGGx41@46.94 AGMx41@46.94 CELx41@46.94 BOCHx41@46.94 
Purchases: AGOx41@46.94 AGGx41@46.94 AGMx41@46.94 CELx41@46.94 BOCHx41@46.94 

2011-07-24
Cash: 121.56
Held: AGOx41@46.19 AGMx41@46.19 CELx41@46.19 BOCHx41@46.19 AGGx41@46.19 
Value: 9590.00
Sales: AGOx41@46.19 AGGx41@46.19 AGMx41@46.19 CELx41@46.19 BOCHx41@46.19 
Purchases: AGOx41@46.19 AGGx41@46.19 AGMx41@46.19 CELx41@46.19 BOCHx41@46.19 

2011-07-25
Cash: 121.56
Held: AGOx41@45.84 AGMx41@45.84 CELx41@45.84 BOCHx41@45.84 AGGx41@45.84 
Value: 9519.53
Sales: AGOx41@45.84 AGGx41@45.84 AGMx41@45.84 CELx41@45.84 BOCHx41@45.84 
Purchases: AGOx41@45.84 AGGx41@45.84 AGMx41@45.84 CELx41@45.84 BOCHx41@45.84 

2011-07-26
Cash: 121.56
Held: AGOx41@44.44 AGMx41@44.44 CELx41@44.44 BOCHx41@44.44 AGGx41@44.44 
Value: 9231.25
Sales: AGOx41@44.44 AGGx41@44.44 AGMx41@44.44 CELx41@44.44 BOCHx41@44.44 
Purchases: AGOx41@44.44 AGGx41@44.44 AGMx41@44.44 CELx41@44.44 BOCHx41@44.44 

2011-07-27
Cash: 121.56
Held: AGOx41@42.38 AGMx41@42.38 CELx41@42.38 BOCHx41@42.38 AGGx41@42.38 
Value: 8808.44
Sales: AGOx41@42.38 AGGx41@42.38 AGMx41@42.38 CELx41@42.38 BOCHx41@42.38 
Purchases: AGOx41@42.38 AGGx41@42.38 AGMx41@42.38 CELx41@42.38 BOCHx41@42.38 

2011-07-28
Cash: 121.56
Held: AGOx41@41.53 AGMx41@41.53 CELx41@41.53 BOCHx41@41.53 AGGx41@41.53 
Value: 8635.47
Sales: AGOx41@41.53 AGGx41@41.53 AGMx41@41.53 CELx41@41.53 BOCHx41@41.53 
Purchases: AGOx41@41.53 AGGx41@41.53 AGMx41@41.53 CELx41@41.53 BOCHx41@41.53 

2011-07-31
Cash: 121.56
Held: AGOx41@42.62 AGMx41@42.62 CELx41@42.62 BOCHx41@42.62 AGGx41@42.62 
Value: 8859.69
Sales: AGOx41@42.62 AGGx41@42.62 AGMx41@42.62 CELx41@42.62 BOCHx41@42.62 
Purchases: AGOx41@42.62 AGGx41@42.62 AGMx41@42.62 CELx41@42.62 BOCHx41@42.62 

2011-08-01
Cash: 121.56
Held: AGOx41@40.34 AGMx41@40.34 CELx41@40.34 BOCHx41@40.34 AGGx41@40.34 
Value: 8392.03
Sales: AGOx41@40.34 AGGx41@40.34 AGMx41@40.34 CELx41@40.34 BOCHx41@40.34 
Purchases: AGOx41@40.34 AGGx41@40.34 AGMx41@40.34 CELx41@40.34 BOCHx41@40.34 

2011-08-02
Cash: 121.56
Held: AGOx41@39.09 AGMx41@39.09 CELx41@39.09 BOCHx41@39.09 AGGx41@39.09 
Value: 8135.78
Sales: AGOx41@39.09 AGGx41@39.09 AGMx41@39.09 CELx41@39.09 BOCHx41@39.09 
Purchases: AGOx41@39.09 AGGx41@39.09 AGMx41@39.09 CELx41@39.09 BOCHx41@39.09 

2011-08-03
Cash: 121.56
Held: AGOx41@38.84 AGMx41@38.84 CELx41@38.84 BOCHx41@38.84 AGGx41@38.84 
Value: 8084.53
Sales: AGOx41@38.84 AGGx41@38.84 AGMx41@38.84 CELx41@38.84 BOCHx41@38.84 
Purchases: AGOx41@38.84 AGGx41@38.84 AGMx41@38.84 CELx41@38.84 BOCHx41@38.84 

2011-08-04
Cash: 121.56
Held: AGOx41@37.59 AGMx41@37.59 CELx41@37.59 BOCHx41@37.59 AGGx41@37.59 
Value: 7828.28
Sales: AGOx41@37.59 AGGx41@37.59 AGMx41@37.59 CELx41@37.59 BOCHx41@37.59 
Purchases: AGOx41@37.59 AGGx41@37.59 AGMx41@37.59 CELx41@37.59 BOCHx41@37.59 

2011-08-07
Cash: 121.56
Held: AGOx41@35.44 AGMx41@35.44 CELx41@35.44 BOCHx41@35.44 AGGx41@35.44 
Value: 7386.25
Sales: AGOx41@35.44 AGGx41@35.44 AGMx41@35.44 CELx41@35.44 BOCHx41@35.44 
Purchases: AGOx41@35.44 AGGx41@35.44 AGMx41@35.44 CELx41@35.44 BOCHx41@35.44 

2011-08-08
Cash: 121.56
Held: AGOx41@33.28 AGMx41@33.28 CELx41@33.28 BOCHx41@33.28 AGGx41@33.28 
Value: 6944.22
Sales: AGOx41@33.28 AGGx41@33.28 AGMx41@33.28 CELx41@33.28 BOCHx41@33.28 
Purchases: AGOx41@33.28 AGGx41@33.28 AGMx41@33.28 CELx41@33.28 BOCHx41@33.28 

2011-08-09
Cash: 121.56
Held: AGOx41@33.31 AGMx41@33.31 CELx41@33.31 BOCHx41@33.31 AGGx41@33.31 
Value: 6950.62
Sales: AGOx41@33.31 AGGx41@33.31 AGMx41@33.31 CELx41@33.31 BOCHx41@33.31 
Purchases: AGOx41@33.31 AGGx41@33.31 AGMx41@33.31 CELx41@33.31 BOCHx41@33.31 

2011-08-10
Cash: 121.56
Held: AGOx41@32.12 AGMx41@32.12 CELx41@32.12 BOCHx41@32.12 AGGx41@32.12 
Value: 6707.19
Sales: AGOx41@32.12 AGGx41@32.12 AGMx41@32.12 CELx41@32.12 BOCHx41@32.12 
Purchases: AGOx41@32.12 AGGx41@32.12 AGMx41@32.12 CELx41@32.12 BOCHx41@32.12 

2011-08-11
Cash: 121.56
Held: AGOx41@34.94 AGMx41@34.94 CELx41@34.94 BOCHx41@34.94 AGGx41@34.94 
Value: 7283.75
Sales: AGOx41@34.94 AGGx41@34.94 AGMx41@34.94 CELx41@34.94 BOCHx41@34.94 
Purchases: AGOx41@34.94 AGGx41@34.94 AGMx41@34.94 CELx41@34.94 BOCHx41@34.94 

2011-08-14
Cash: 121.56
Held: AGOx41@36.72 AGMx41@36.72 CELx41@36.72 BOCHx41@36.72 AGGx41@36.72 
Value: 7648.91
Sales: AGOx41@36.72 AGGx41@36.72 AGMx41@36.72 CELx41@36.72 BOCHx41@36.72 
Purchases: AGOx41@36.72 AGGx41@36.72 AGMx41@36.72 CELx41@36.72 BOCHx41@36.72 

2011-08-15
Cash: 121.56
Held: AGOx41@36.97 AGMx41@36.97 CELx41@36.97 BOCHx41@36.97 AGGx41@36.97 
Value: 7700.16
Sales: AGOx41@36.97 AGGx41@36.97 AGMx41@36.97 CELx41@36.97 BOCHx41@36.97 
Purchases: AGOx41@36.97 AGGx41@36.97 AGMx41@36.97 CELx41@36.97 BOCHx41@36.97 

2011-08-16
Cash: 121.56
Held: AGOx41@36.88 AGMx41@36.88 CELx41@36.88 BOCHx41@36.88 AGGx41@36.88 
Value: 7680.94
Sales: AGOx41@36.88 AGGx41@36.88 AGMx41@36.88 CELx41@36.88 BOCHx41@36.88 
Purchases: AGOx41@36.88 AGGx41@36.88 AGMx41@36.88 CELx41@36.88 BOCHx41@36.88 

2011-08-17
Cash: 121.56
Held: AGOx41@34.59 AGMx41@34.59 CELx41@34.59 BOCHx41@34.59 AGGx41@34.59 
Value: 7213.28
Sales: AGOx41@34.59 AGGx41@34.59 AGMx41@34.59 CELx41@34.59 BOCHx41@34.59 
Purchases: AGOx41@34.59 AGGx41@34.59 AGMx41@34.59 CELx41@34.59 BOCHx41@34.59 

2011-08-18
Cash: 121.56
Held: AGOx41@31.73 AGMx41@31.73 CELx41@31.73 BOCHx41@31.73 AGGx41@31.73 
Value: 6627.11
Sales: AGOx41@31.73 AGGx41@31.73 AGMx41@31.73 CELx41@31.73 BOCHx41@31.73 
Purchases: AGOx41@31.73 AGGx41@31.73 AGMx41@31.73 CELx41@31.73 BOCHx41@31.73 

2011-08-21
Cash: 121.56
Held: AGOx41@31.98 AGMx41@31.98 CELx41@31.98 BOCHx41@31.98 AGGx41@31.98 
Value: 6678.36
Sales: AGOx41@31.98 AGGx41@31.98 AGMx41@31.98 CELx41@31.98 BOCHx41@31.98 
Purchases: AGOx41@31.98 AGGx41@31.98 AGMx41@31.98 CELx41@31.98 BOCHx41@31.98 

2011-08-22
Cash: 121.56
Held: AGOx41@30.73 AGMx41@30.73 CELx41@30.73 BOCHx41@30.73 AGGx41@30.73 
Value: 6422.11
Sales: AGOx41@30.73 AGGx41@30.73 AGMx41@30.73 CELx41@30.73 BOCHx41@30.73 
Purchases: AGOx41@30.73 AGGx41@30.73 AGMx41@30.73 CELx41@30.73 BOCHx41@30.73 

2011-08-23
Cash: 121.56
Held: AGOx41@31.86 AGMx41@31.86 CELx41@31.86 BOCHx41@31.86 AGGx41@31.86 
Value: 6652.73
Sales: AGOx41@31.86 AGGx41@31.86 AGMx41@31.86 CELx41@31.86 BOCHx41@31.86 
Purchases: AGOx41@31.86 AGGx41@31.86 AGMx41@31.86 CELx41@31.86 BOCHx41@31.86 

2011-08-24
Cash: 121.56
Held: AGOx41@33.44 AGMx41@33.44 CELx41@33.44 BOCHx41@33.44 AGGx41@33.44 
Value: 6976.25
Sales: AGOx41@33.44 AGGx41@33.44 AGMx41@33.44 CELx41@33.44 BOCHx41@33.44 
Purchases: AGOx41@33.44 AGGx41@33.44 AGMx41@33.44 CELx41@33.44 BOCHx41@33.44 

2011-08-25
Cash: 121.56
Held: AGOx41@32.62 AGMx41@32.62 CELx41@32.62 BOCHx41@32.62 AGGx41@32.62 
Value: 6809.69
Sales: AGOx41@32.62 AGGx41@32.62 AGMx41@32.62 CELx41@32.62 BOCHx41@32.62 
Purchases: AGOx41@32.62 AGGx41@32.62 AGMx41@32.62 CELx41@32.62 BOCHx41@32.62 

2011-08-28
Cash: 121.56
Held: AGOx41@35.44 AGMx41@35.44 CELx41@35.44 BOCHx41@35.44 AGGx41@35.44 
Value: 7386.25
Sales: AGOx41@35.44 AGGx41@35.44 AGMx41@35.44 CELx41@35.44 BOCHx41@35.44 
Purchases: AGOx41@35.44 AGGx41@35.44 AGMx41@35.44 CELx41@35.44 BOCHx41@35.44 

2011-08-29
Cash: 121.56
Held: AGOx41@36.47 AGMx41@36.47 CELx41@36.47 BOCHx41@36.47 AGGx41@36.47 
Value: 7597.66
Sales: AGOx41@36.47 AGGx41@36.47 AGMx41@36.47 CELx41@36.47 BOCHx41@36.47 
Purchases: AGOx41@36.47 AGGx41@36.47 AGMx41@36.47 CELx41@36.47 BOCHx41@36.47 

2011-08-30
Cash: 121.56
Held: AGOx41@36.75 AGMx41@36.75 CELx41@36.75 BOCHx41@36.75 AGGx41@36.75 
Value: 7655.31
Sales: AGOx41@36.75 AGGx41@36.75 AGMx41@36.75 CELx41@36.75 BOCHx41@36.75 
Purchases: AGOx41@36.75 AGGx41@36.75 AGMx41@36.75 CELx41@36.75 BOCHx41@36.75 

2011-08-31
Cash: 121.56
Held: AGOx41@36.81 AGMx41@36.81 CELx41@36.81 BOCHx41@36.81 AGGx41@36.81 
Value: 7668.12
Sales: AGOx41@36.81 AGGx41@36.81 AGMx41@36.81 CELx41@36.81 BOCHx41@36.81 
Purchases: AGOx41@36.81 AGGx41@36.81 AGMx41@36.81 CELx41@36.81 BOCHx41@36.81 

2011-09-01
Cash: 121.56
Held: AGOx41@34.91 AGMx41@34.91 CELx41@34.91 BOCHx41@34.91 AGGx41@34.91 
Value: 7277.34
Sales: AGOx41@34.91 AGGx41@34.91 AGMx41@34.91 CELx41@34.91 BOCHx41@34.91 
Purchases: AGOx41@34.91 AGGx41@34.91 AGMx41@34.91 CELx41@34.91 BOCHx41@34.91 

2011-09-05
Cash: 121.56
Held: AGOx41@32.78 AGMx41@32.78 CELx41@32.78 BOCHx41@32.78 AGGx41@32.78 
Value: 6841.72
Sales: AGOx41@32.78 AGGx41@32.78 AGMx41@32.78 CELx41@32.78 BOCHx41@32.78 
Purchases: AGOx41@32.78 AGGx41@32.78 AGMx41@32.78 CELx41@32.78 BOCHx41@32.78 

2011-09-06
Cash: 121.56
Held: AGOx41@34.44 AGMx41@34.44 CELx41@34.44 BOCHx41@34.44 AGGx41@34.44 
Value: 7181.25
Sales: AGOx41@34.44 AGGx41@34.44 AGMx41@34.44 CELx41@34.44 BOCHx41@34.44 
Purchases: AGOx41@34.44 AGGx41@34.44 AGMx41@34.44 CELx41@34.44 BOCHx41@34.44 

2011-09-07
Cash: 121.56
Held: AGOx41@35.41 AGMx41@35.41 CELx41@35.41 BOCHx41@35.41 AGGx41@35.41 
Value: 7379.84
Sales: AGOx41@35.41 AGGx41@35.41 AGMx41@35.41 CELx41@35.41 BOCHx41@35.41 
Purchases: AGOx41@35.41 AGGx41@35.41 AGMx41@35.41 CELx41@35.41 BOCHx41@35.41 

2011-09-08
Cash: 121.56
Held: AGOx41@33.66 AGMx41@33.66 CELx41@33.66 BOCHx41@33.66 AGGx41@33.66 
Value: 7021.09
Sales: AGOx41@33.66 AGGx41@33.66 AGMx41@33.66 CELx41@33.66 BOCHx41@33.66 
Purchases: AGOx41@33.66 AGGx41@33.66 AGMx41@33.66 CELx41@33.66 BOCHx41@33.66 

2011-09-11
Cash: 121.56
Held: AGOx41@32.69 AGMx41@32.69 CELx41@32.69 BOCHx41@32.69 AGGx41@32.69 
Value: 6822.50
Sales: AGOx41@32.69 AGGx41@32.69 AGMx41@32.69 CELx41@32.69 BOCHx41@32.69 
Purchases: AGOx41@32.69 AGGx41@32.69 AGMx41@32.69 CELx41@32.69 BOCHx41@32.69 

2011-09-12
Cash: 121.56
Held: AGOx41@33.53 AGMx41@33.53 CELx41@33.53 BOCHx41@33.53 AGGx41@33.53 
Value: 6995.47
Sales: AGOx41@33.53 AGGx41@33.53 AGMx41@33.53 CELx41@33.53 BOCHx41@33.53 
Purchases: AGOx41@33.53 AGGx41@33.53 AGMx41@33.53 CELx41@33.53 BOCHx41@33.53 

2011-09-13
Cash: 121.56
Held: AGOx41@35.12 AGMx41@35.12 CELx41@35.12 BOCHx41@35.12 AGGx41@35.12 
Value: 7322.19
Sales: AGOx41@35.12 AGGx41@35.12 AGMx41@35.12 CELx41@35.12 BOCHx41@35.12 
Purchases: AGOx41@35.12 AGGx41@35.12 AGMx41@35.12 CELx41@35.12 BOCHx41@35.12 

2011-09-14
Cash: 121.56
Held: AGOx41@37.12 AGMx41@37.12 CELx41@37.12 BOCHx41@37.12 AGGx41@37.12 
Value: 7732.19
Sales: AGOx41@37.12 AGGx41@37.12 AGMx41@37.12 CELx41@37.12 BOCHx41@37.12 
Purchases: AGOx41@37.12 AGGx41@37.12 AGMx41@37.12 CELx41@37.12 BOCHx41@37.12 

2011-09-15
Cash: 121.56
Held: AGOx41@37.19 AGMx41@37.19 CELx41@37.19 BOCHx41@37.19 AGGx41@37.19 
Value: 7745.00
Sales: AGOx41@37.19 AGGx41@37.19 AGMx41@37.19 CELx41@37.19 BOCHx41@37.19 
Purchases: AGOx41@37.19 AGGx41@37.19 AGMx41@37.19 CELx41@37.19 BOCHx41@37.19 

2011-09-18
Cash: 121.56
Held: AGOx41@35.41 AGMx41@35.41 CELx41@35.41 BOCHx41@35.41 AGGx41@35.41 
Value: 7379.84
Sales: AGOx41@35.41 AGGx41@35.41 AGMx41@35.41 CELx41@35.41 BOCHx41@35.41 
Purchases: AGOx41@35.41 AGGx41@35.41 AGMx41@35.41 CELx41@35.41 BOCHx41@35.41 

2011-09-19
Cash: 121.56
Held: AGOx41@35.34 AGMx41@35.34 CELx41@35.34 BOCHx41@35.34 AGGx41@35.34 
Value: 7367.03
Sales: AGOx41@35.34 AGGx41@35.34 AGMx41@35.34 CELx41@35.34 BOCHx41@35.34 
Purchases: AGOx41@35.34 AGGx41@35.34 AGMx41@35.34 CELx41@35.34 BOCHx41@35.34 

2011-09-20
Cash: 121.56
Held: AGOx41@35.09 AGMx41@35.09 CELx41@35.09 BOCHx41@35.09 AGGx41@35.09 
Value: 7315.78
Sales: AGOx41@35.09 AGGx41@35.09 AGMx41@35.09 CELx41@35.09 BOCHx41@35.09 
Purchases: AGOx41@35.09 AGGx41@35.09 AGMx41@35.09 CELx41@35.09 BOCHx41@35.09 

2011-09-21
Cash: 121.56
Held: AGOx41@31.09 AGMx41@31.09 CELx41@31.09 BOCHx41@31.09 AGGx41@31.09 
Value: 6495.78
Sales: AGOx41@31.09 AGGx41@31.09 AGMx41@31.09 CELx41@31.09 BOCHx41@31.09 
Purchases: AGOx41@31.09 AGGx41@31.09 AGMx41@31.09 CELx41@31.09 BOCHx41@31.09 

2011-09-22
Cash: 121.56
Held: AGOx41@31.00 AGMx41@31.00 CELx41@31.00 BOCHx41@31.00 AGGx41@31.00 
Value: 6476.56
Sales: AGOx41@31.00 AGGx41@31.00 AGMx41@31.00 CELx41@31.00 BOCHx41@31.00 
Purchases: AGOx41@31.00 AGGx41@31.00 AGMx41@31.00 CELx41@31.00 BOCHx41@31.00 

2011-09-25
Cash: 121.56
Held: AGOx41@32.03 AGMx41@32.03 CELx41@32.03 BOCHx41@32.03 AGGx41@32.03 
Value: 6687.97
Sales: AGOx41@32.03 AGGx41@32.03 AGMx41@32.03 CELx41@32.03 BOCHx41@32.03 
Purchases: AGOx41@32.03 AGGx41@32.03 AGMx41@32.03 CELx41@32.03 BOCHx41@32.03 

2011-09-26
Cash: 121.56
Held: AGOx41@33.41 AGMx41@33.41 CELx41@33.41 BOCHx41@33.41 AGGx41@33.41 
Value: 6969.84
Sales: AGOx41@33.41 AGGx41@33.41 AGMx41@33.41 CELx41@33.41 BOCHx41@33.41 
Purchases: AGOx41@33.41 AGGx41@33.41 AGMx41@33.41 CELx41@33.41 BOCHx41@33.41 

2011-09-27
Cash: 121.56
Held: AGOx41@33.66 AGMx41@33.66 CELx41@33.66 BOCHx41@33.66 AGGx41@33.66 
Value: 7021.09
Sales: AGOx41@33.66 AGGx41@33.66 AGMx41@33.66 CELx41@33.66 BOCHx41@33.66 
Purchases: AGOx41@33.66 AGGx41@33.66 AGMx41@33.66 CELx41@33.66 BOCHx41@33.66 

2011-09-28
Cash: 121.56
Held: AGOx41@32.50 AGMx41@32.50 CELx41@32.50 BOCHx41@32.50 AGGx41@32.50 
Value: 6784.06
Sales: AGOx41@32.50 AGGx41@32.50 AGMx41@32.50 CELx41@32.50 BOCHx41@32.50 
Purchases: AGOx41@32.50 AGGx41@32.50 AGMx41@32.50 CELx41@32.50 BOCHx41@32.50 

2011-09-29
Cash: 121.56
Held: AGOx41@31.83 AGMx41@31.83 CELx41@31.83 BOCHx41@31.83 AGGx41@31.83 
Value: 6646.33
Sales: AGOx41@31.83 AGGx41@31.83 AGMx41@31.83 CELx41@31.83 BOCHx41@31.83 
Purchases: AGOx41@31.83 AGGx41@31.83 AGMx41@31.83 CELx41@31.83 BOCHx41@31.83 

2011-10-02
Cash: 121.56
Held: AGOx41@30.91 AGMx41@30.91 CELx41@30.91 BOCHx41@30.91 AGGx41@30.91 
Value: 6457.34
Sales: AGOx41@30.91 AGGx41@30.91 AGMx41@30.91 CELx41@30.91 BOCHx41@30.91 
Purchases: AGOx41@30.91 AGGx41@30.91 AGMx41@30.91 CELx41@30.91 BOCHx41@30.91 

2011-10-03
Cash: 121.56
Held: AGOx41@28.88 AGMx41@28.88 CELx41@28.88 BOCHx41@28.88 AGGx41@28.88 
Value: 6040.94
Sales: AGOx41@28.88 AGGx41@28.88 AGMx41@28.88 CELx41@28.88 BOCHx41@28.88 
Purchases: AGOx41@28.88 AGGx41@28.88 AGMx41@28.88 CELx41@28.88 BOCHx41@28.88 

2011-10-04
Cash: 121.56
Held: AGOx41@31.12 AGMx41@31.12 CELx41@31.12 BOCHx41@31.12 AGGx41@31.12 
Value: 6502.19
Sales: AGOx41@31.12 AGGx41@31.12 AGMx41@31.12 CELx41@31.12 BOCHx41@31.12 
Purchases: AGOx41@31.12 AGGx41@31.12 AGMx41@31.12 CELx41@31.12 BOCHx41@31.12 

2011-10-05
Cash: 121.56
Held: AGOx41@31.97 AGMx41@31.97 CELx41@31.97 BOCHx41@31.97 AGGx41@31.97 
Value: 6675.16
Sales: AGOx41@31.97 AGGx41@31.97 AGMx41@31.97 CELx41@31.97 BOCHx41@31.97 
Purchases: AGOx41@31.97 AGGx41@31.97 AGMx41@31.97 CELx41@31.97 BOCHx41@31.97 

2011-10-06
Cash: 121.56
Held: AGOx41@32.31 AGMx41@32.31 CELx41@32.31 BOCHx41@32.31 AGGx41@32.31 
Value: 6745.62
Sales: AGOx41@32.31 AGGx41@32.31 AGMx41@32.31 CELx41@32.31 BOCHx41@32.31 
Purchases: AGOx41@32.31 AGGx41@32.31 AGMx41@32.31 CELx41@32.31 BOCHx41@32.31 

2011-10-09
Cash: 121.56
Held: AGOx41@32.12 AGMx41@32.12 CELx41@32.12 BOCHx41@32.12 AGGx41@32.12 
Value: 6707.19
Sales: AGOx41@32.12 AGGx41@32.12 AGMx41@32.12 CELx41@32.12 BOCHx41@32.12 
Purchases: AGOx41@32.12 AGGx41@32.12 AGMx41@32.12 CELx41@32.12 BOCHx41@32.12 

2011-10-10
Cash: 121.56
Held: AGOx41@32.88 AGMx41@32.88 CELx41@32.88 BOCHx41@32.88 AGGx41@32.88 
Value: 6860.94
Sales: AGOx41@32.88 AGGx41@32.88 AGMx41@32.88 CELx41@32.88 BOCHx41@32.88 
Purchases: AGOx41@32.88 AGGx41@32.88 AGMx41@32.88 CELx41@32.88 BOCHx41@32.88 

2011-10-11
Cash: 121.56
Held: AGOx41@34.22 AGMx41@34.22 CELx41@34.22 BOCHx41@34.22 AGGx41@34.22 
Value: 7136.41
Sales: AGOx41@34.22 AGGx41@34.22 AGMx41@34.22 CELx41@34.22 BOCHx41@34.22 
Purchases: AGOx41@34.22 AGGx41@34.22 AGMx41@34.22 CELx41@34.22 BOCHx41@34.22 

2011-10-12
Cash: 121.56
Held: AGOx41@33.34 AGMx41@33.34 CELx41@33.34 BOCHx41@33.34 AGGx41@33.34 
Value: 6957.03
Sales: AGOx41@33.34 AGGx41@33.34 AGMx41@33.34 CELx41@33.34 BOCHx41@33.34 
Purchases: AGOx41@33.34 AGGx41@33.34 AGMx41@33.34 CELx41@33.34 BOCHx41@33.34 

2011-10-13
Cash: 121.56
Held: AGOx41@33.16 AGMx41@33.16 CELx41@33.16 BOCHx41@33.16 AGGx41@33.16 
Value: 6918.59
Sales: AGOx41@33.16 AGGx41@33.16 AGMx41@33.16 CELx41@33.16 BOCHx41@33.16 
Purchases: AGOx41@33.16 AGGx41@33.16 AGMx41@33.16 CELx41@33.16 BOCHx41@33.16 

2011-10-16
Cash: 121.56
Held: AGOx41@33.03 AGMx41@33.03 CELx41@33.03 BOCHx41@33.03 AGGx41@33.03 
Value: 6892.97
Sales: AGOx41@33.03 AGGx41@33.03 AGMx41@33.03 CELx41@33.03 BOCHx41@33.03 
Purchases: AGOx41@33.03 AGGx41@33.03 AGMx41@33.03 CELx41@33.03 BOCHx41@33.03 

2011-10-17
Cash: 121.56
Held: AGOx41@33.03 AGMx41@33.03 CELx41@33.03 BOCHx41@33.03 AGGx41@33.03 
Value: 6892.97
Sales: AGOx41@33.03 AGGx41@33.03 AGMx41@33.03 CELx41@33.03 BOCHx41@33.03 
Purchases: AGOx41@33.03 AGGx41@33.03 AGMx41@33.03 CELx41@33.03 BOCHx41@33.03 

2011-10-18
Cash: 121.56
Held: AGOx41@33.31 AGMx41@33.31 CELx41@33.31 BOCHx41@33.31 AGGx41@33.31 
Value: 6950.62
Sales: AGOx41@33.31 AGGx41@33.31 AGMx41@33.31 CELx41@33.31 BOCHx41@33.31 
Purchases: AGOx41@33.31 AGGx41@33.31 AGMx41@33.31 CELx41@33.31 BOCHx41@33.31 

2011-10-19
Cash: 121.56
Held: AGOx41@33.12 AGMx41@33.12 CELx41@33.12 BOCHx41@33.12 AGGx41@33.12 
Value: 6912.19
Sales: AGOx41@33.12 AGGx41@33.12 AGMx41@33.12 CELx41@33.12 BOCHx41@33.12 
Purchases: AGOx41@33.12 AGGx41@33.12 AGMx41@33.12 CELx41@33.12 BOCHx41@33.12 

2011-10-20
Cash: 121.56
Held: AGOx41@34.28 AGMx41@34.28 CELx41@34.28 BOCHx41@34.28 AGGx41@34.28 
Value: 7149.22
Sales: AGOx41@34.28 AGGx41@34.28 AGMx41@34.28 CELx41@34.28 BOCHx41@34.28 
Purchases: AGOx41@34.28 AGGx41@34.28 AGMx41@34.28 CELx41@34.28 BOCHx41@34.28 

2011-10-23
Cash: 121.56
Held: AGOx41@35.59 AGMx41@35.59 CELx41@35.59 BOCHx41@35.59 AGGx41@35.59 
Value: 7418.28
Sales: AGOx41@35.59 AGGx41@35.59 AGMx41@35.59 CELx41@35.59 BOCHx41@35.59 
Purchases: AGOx41@35.59 AGGx41@35.59 AGMx41@35.59 CELx41@35.59 BOCHx41@35.59 

2011-10-24
Cash: 121.56
Held: AGOx41@36.94 AGMx41@36.94 CELx41@36.94 BOCHx41@36.94 AGGx41@36.94 
Value: 7693.75
Sales: AGOx41@36.94 AGGx41@36.94 AGMx41@36.94 CELx41@36.94 BOCHx41@36.94 
Purchases: AGOx41@36.94 AGGx41@36.94 AGMx41@36.94 CELx41@36.94 BOCHx41@36.94 

2011-10-25
Cash: 121.56
Held: AGOx41@35.97 AGMx41@35.97 CELx41@35.97 BOCHx41@35.97 AGGx41@35.97 
Value: 7495.16
Sales: AGOx41@35.97 AGGx41@35.97 AGMx41@35.97 CELx41@35.97 BOCHx41@35.97 
Purchases: AGOx41@35.97 AGGx41@35.97 AGMx41@35.97 CELx41@35.97 BOCHx41@35.97 

2011-10-26
Cash: 121.56
Held: AGOx41@37.81 AGMx41@37.81 CELx41@37.81 BOCHx41@37.81 AGGx41@37.81 
Value: 7873.12
Sales: AGOx41@37.81 AGGx41@37.81 AGMx41@37.81 CELx41@37.81 BOCHx41@37.81 
Purchases: AGOx41@37.81 AGGx41@37.81 AGMx41@37.81 CELx41@37.81 BOCHx41@37.81 

2011-10-27
Cash: 121.56
Held: AGOx41@39.84 AGMx41@39.84 CELx41@39.84 BOCHx41@39.84 AGGx41@39.84 
Value: 8289.53
Sales: AGOx41@39.84 AGGx41@39.84 AGMx41@39.84 CELx41@39.84 BOCHx41@39.84 
Purchases: AGOx41@39.84 AGGx41@39.84 AGMx41@39.84 CELx41@39.84 BOCHx41@39.84 

2011-10-30
Cash: 121.56
Held: AGOx41@39.84 AGMx41@39.84 CELx41@39.84 BOCHx41@39.84 AGGx41@39.84 
Value: 8289.53
Sales: AGOx41@39.84 AGGx41@39.84 AGMx41@39.84 CELx41@39.84 BOCHx41@39.84 
Purchases: AGOx41@39.84 AGGx41@39.84 AGMx41@39.84 CELx41@39.84 BOCHx41@39.84 

2011-10-31
Cash: 121.56
Held: AGOx41@35.25 AGMx41@35.25 CELx41@35.25 BOCHx41@35.25 AGGx41@35.25 
Value: 7347.81
Sales: AGOx41@35.25 AGGx41@35.25 AGMx41@35.25 CELx41@35.25 BOCHx41@35.25 
Purchases: AGOx41@35.25 AGGx41@35.25 AGMx41@35.25 CELx41@35.25 BOCHx41@35.25 

2011-11-01
Cash: 121.56
Held: AGOx41@35.81 AGMx41@35.81 CELx41@35.81 BOCHx41@35.81 AGGx41@35.81 
Value: 7463.12
Sales: AGOx41@35.81 AGGx41@35.81 AGMx41@35.81 CELx41@35.81 BOCHx41@35.81 
Purchases: AGOx41@35.81 AGGx41@35.81 AGMx41@35.81 CELx41@35.81 BOCHx41@35.81 

2011-11-02
Cash: 121.56
Held: AGOx41@36.81 AGMx41@36.81 CELx41@36.81 BOCHx41@36.81 AGGx41@36.81 
Value: 7668.12
Sales: AGOx41@36.81 AGGx41@36.81 AGMx41@36.81 CELx41@36.81 BOCHx41@36.81 
Purchases: AGOx41@36.81 AGGx41@36.81 AGMx41@36.81 CELx41@36.81 BOCHx41@36.81 

2011-11-03
Cash: 121.56
Held: AGOx41@36.56 AGMx41@36.56 CELx41@36.56 BOCHx41@36.56 AGGx41@36.56 
Value: 7616.88
Sales: AGOx41@36.56 AGGx41@36.56 AGMx41@36.56 CELx41@36.56 BOCHx41@36.56 
Purchases: AGOx41@36.56 AGGx41@36.56 AGMx41@36.56 CELx41@36.56 BOCHx41@36.56 

2011-11-06
Cash: 121.56
Held: AGOx41@36.81 AGMx41@36.81 CELx41@36.81 BOCHx41@36.81 AGGx41@36.81 
Value: 7668.12
Sales: AGOx41@36.81 AGGx41@36.81 AGMx41@36.81 CELx41@36.81 BOCHx41@36.81 
Purchases: AGOx41@36.81 AGGx41@36.81 AGMx41@36.81 CELx41@36.81 BOCHx41@36.81 

2011-11-07
Cash: 121.56
Held: AGOx41@38.03 AGMx41@38.03 CELx41@38.03 BOCHx41@38.03 AGGx41@38.03 
Value: 7917.97
Sales: AGOx41@38.03 AGGx41@38.03 AGMx41@38.03 CELx41@38.03 BOCHx41@38.03 
Purchases: AGOx41@38.03 AGGx41@38.03 AGMx41@38.03 CELx41@38.03 BOCHx41@38.03 

2011-11-08
Cash: 121.56
Held: AGOx41@37.41 AGMx41@37.41 CELx41@37.41 BOCHx41@37.41 AGGx41@37.41 
Value: 7789.84
Sales: AGOx41@37.41 AGGx41@37.41 AGMx41@37.41 CELx41@37.41 BOCHx41@37.41 
Purchases: AGOx41@37.41 AGGx41@37.41 AGMx41@37.41 CELx41@37.41 BOCHx41@37.41 

2011-11-09
Cash: 121.56
Held: AGOx41@36.91 AGMx41@36.91 CELx41@36.91 BOCHx41@36.91 AGGx41@36.91 
Value: 7687.34
Sales: AGOx41@36.91 AGGx41@36.91 AGMx41@36.91 CELx41@36.91 BOCHx41@36.91 
Purchases: AGOx41@36.91 AGGx41@36.91 AGMx41@36.91 CELx41@36.91 BOCHx41@36.91 

2011-11-10
Cash: 121.56
Held: AGOx41@37.59 AGMx41@37.59 CELx41@37.59 BOCHx41@37.59 AGGx41@37.59 
Value: 7828.28
Sales: AGOx41@37.59 AGGx41@37.59 AGMx41@37.59 CELx41@37.59 BOCHx41@37.59 
Purchases: AGOx41@37.59 AGGx41@37.59 AGMx41@37.59 CELx41@37.59 BOCHx41@37.59 

2011-11-13
Cash: 121.56
Held: AGOx41@37.12 AGMx41@37.12 CELx41@37.12 BOCHx41@37.12 AGGx41@37.12 
Value: 7732.19
Sales: AGOx41@37.12 AGGx41@37.12 AGMx41@37.12 CELx41@37.12 BOCHx41@37.12 
Purchases: AGOx41@37.12 AGGx41@37.12 AGMx41@37.12 CELx41@37.12 BOCHx41@37.12 

2011-11-14
Cash: 121.56
Held: AGOx41@37.97 AGMx41@37.97 CELx41@37.97 BOCHx41@37.97 AGGx41@37.97 
Value: 7905.16
Sales: AGOx41@37.97 AGGx41@37.97 AGMx41@37.97 CELx41@37.97 BOCHx41@37.97 
Purchases: AGOx41@37.97 AGGx41@37.97 AGMx41@37.97 CELx41@37.97 BOCHx41@37.97 

2011-11-15
Cash: 121.56
Held: AGOx41@37.34 AGMx41@37.34 CELx41@37.34 BOCHx41@37.34 AGGx41@37.34 
Value: 7777.03
Sales: AGOx41@37.34 AGGx41@37.34 AGMx41@37.34 CELx41@37.34 BOCHx41@37.34 
Purchases: AGOx41@37.34 AGGx41@37.34 AGMx41@37.34 CELx41@37.34 BOCHx41@37.34 

2011-11-16
Cash: 121.56
Held: AGOx41@38.34 AGMx41@38.34 CELx41@38.34 BOCHx41@38.34 AGGx41@38.34 
Value: 7982.03
Sales: AGOx41@38.34 AGGx41@38.34 AGMx41@38.34 CELx41@38.34 BOCHx41@38.34 
Purchases: AGOx41@38.34 AGGx41@38.34 AGMx41@38.34 CELx41@38.34 BOCHx41@38.34 

2011-11-17
Cash: 121.56
Held: AGOx41@37.50 AGMx41@37.50 CELx41@37.50 BOCHx41@37.50 AGGx41@37.50 
Value: 7809.06
Sales: AGOx41@37.50 AGGx41@37.50 AGMx41@37.50 CELx41@37.50 BOCHx41@37.50 
Purchases: AGOx41@37.50 AGGx41@37.50 AGMx41@37.50 CELx41@37.50 BOCHx41@37.50 

2011-11-20
Cash: 121.56
Held: AGOx41@35.81 AGMx41@35.81 CELx41@35.81 BOCHx41@35.81 AGGx41@35.81 
Value: 7463.12
Sales: AGOx41@35.81 AGGx41@35.81 AGMx41@35.81 CELx41@35.81 BOCHx41@35.81 
Purchases: AGOx41@35.81 AGGx41@35.81 AGMx41@35.81 CELx41@35.81 BOCHx41@35.81 

2011-11-21
Cash: 121.56
Held: AGOx41@35.62 AGMx41@35.62 CELx41@35.62 BOCHx41@35.62 AGGx41@35.62 
Value: 7424.69
Sales: AGOx41@35.62 AGGx41@35.62 AGMx41@35.62 CELx41@35.62 BOCHx41@35.62 
Purchases: AGOx41@35.62 AGGx41@35.62 AGMx41@35.62 CELx41@35.62 BOCHx41@35.62 

2011-11-22
Cash: 121.56
Held: AGOx41@35.00 AGMx41@35.00 CELx41@35.00 BOCHx41@35.00 AGGx41@35.00 
Value: 7296.56
Sales: AGOx41@35.00 AGGx41@35.00 AGMx41@35.00 CELx41@35.00 BOCHx41@35.00 
Purchases: AGOx41@35.00 AGGx41@35.00 AGMx41@35.00 CELx41@35.00 BOCHx41@35.00 

2011-11-24
Cash: 121.56
Held: AGOx41@33.41 AGMx41@33.41 CELx41@33.41 BOCHx41@33.41 AGGx41@33.41 
Value: 6969.84
Sales: AGOx41@33.41 AGGx41@33.41 AGMx41@33.41 CELx41@33.41 BOCHx41@33.41 
Purchases: AGOx41@33.41 AGGx41@33.41 AGMx41@33.41 CELx41@33.41 BOCHx41@33.41 

2011-11-27
Cash: 121.56
Held: AGOx41@35.12 AGMx41@35.12 CELx41@35.12 BOCHx41@35.12 AGGx41@35.12 
Value: 7322.19
Sales: AGOx41@35.12 AGGx41@35.12 AGMx41@35.12 CELx41@35.12 BOCHx41@35.12 
Purchases: AGOx41@35.12 AGGx41@35.12 AGMx41@35.12 CELx41@35.12 BOCHx41@35.12 

2011-11-28
Cash: 121.56
Held: AGOx41@35.38 AGMx41@35.38 CELx41@35.38 BOCHx41@35.38 AGGx41@35.38 
Value: 7373.44
Sales: AGOx41@35.38 AGGx41@35.38 AGMx41@35.38 CELx41@35.38 BOCHx41@35.38 
Purchases: AGOx41@35.38 AGGx41@35.38 AGMx41@35.38 CELx41@35.38 BOCHx41@35.38 

2011-11-29
Cash: 121.56
Held: AGOx41@36.59 AGMx41@36.59 CELx41@36.59 BOCHx41@36.59 AGGx41@36.59 
Value: 7623.28
Sales: AGOx41@36.59 AGGx41@36.59 AGMx41@36.59 CELx41@36.59 BOCHx41@36.59 
Purchases: AGOx41@36.59 AGGx41@36.59 AGMx41@36.59 CELx41@36.59 BOCHx41@36.59 

2011-11-30
Cash: 121.56
Held: AGOx41@37.31 AGMx41@37.31 CELx41@37.31 BOCHx41@37.31 AGGx41@37.31 
Value: 7770.62
Sales: AGOx41@37.31 AGGx41@37.31 AGMx41@37.31 CELx41@37.31 BOCHx41@37.31 
Purchases: AGOx41@37.31 AGGx41@37.31 AGMx41@37.31 CELx41@37.31 BOCHx41@37.31 

2011-12-01
Cash: 121.56
Held: AGOx41@38.38 AGMx41@38.38 CELx41@38.38 BOCHx41@38.38 AGGx41@38.38 
Value: 7988.44
Sales: AGOx41@38.38 AGGx41@38.38 AGMx41@38.38 CELx41@38.38 BOCHx41@38.38 
Purchases: AGOx41@38.38 AGGx41@38.38 AGMx41@38.38 CELx41@38.38 BOCHx41@38.38 

2011-12-04
Cash: 121.56
Held: AGOx41@37.53 AGMx41@37.53 CELx41@37.53 BOCHx41@37.53 AGGx41@37.53 
Value: 7815.47
Sales: AGOx41@37.53 AGGx41@37.53 AGMx41@37.53 CELx41@37.53 BOCHx41@37.53 
Purchases: AGOx41@37.53 AGGx41@37.53 AGMx41@37.53 CELx41@37.53 BOCHx41@37.53 

2011-12-05
Cash: 121.56
Held: AGOx41@37.12 AGMx41@37.12 CELx41@37.12 BOCHx41@37.12 AGGx41@37.12 
Value: 7732.19
Sales: AGOx41@37.12 AGGx41@37.12 AGMx41@37.12 CELx41@37.12 BOCHx41@37.12 
Purchases: AGOx41@37.12 AGGx41@37.12 AGMx41@37.12 CELx41@37.12 BOCHx41@37.12 

2011-12-06
Cash: 121.56
Held: AGOx41@36.66 AGMx41@36.66 CELx41@36.66 BOCHx41@36.66 AGGx41@36.66 
Value: 7636.09
Sales: AGOx41@36.66 AGGx41@36.66 AGMx41@36.66 CELx41@36.66 BOCHx41@36.66 
Purchases: AGOx41@36.66 AGGx41@36.66 AGMx41@36.66 CELx41@36.66 BOCHx41@36.66 

2011-12-07
Cash: 121.56
Held: AGOx41@36.22 AGMx41@36.22 CELx41@36.22 BOCHx41@36.22 AGGx41@36.22 
Value: 7546.41
Sales: AGOx41@36.22 AGGx41@36.22 AGMx41@36.22 CELx41@36.22 BOCHx41@36.22 
Purchases: AGOx41@36.22 AGGx41@36.22 AGMx41@36.22 CELx41@36.22 BOCHx41@36.22 

2011-12-08
Cash: 121.56
Held: AGOx41@34.84 AGMx41@34.84 CELx41@34.84 BOCHx41@34.84 AGGx41@34.84 
Value: 7264.53
Sales: AGOx41@34.84 AGGx41@34.84 AGMx41@34.84 CELx41@34.84 BOCHx41@34.84 
Purchases: AGOx41@34.84 AGGx41@34.84 AGMx41@34.84 CELx41@34.84 BOCHx41@34.84 

2011-12-11
Cash: 121.56
Held: AGOx41@34.81 AGMx41@34.81 CELx41@34.81 BOCHx41@34.81 AGGx41@34.81 
Value: 7258.12
Sales: AGOx41@34.81 AGGx41@34.81 AGMx41@34.81 CELx41@34.81 BOCHx41@34.81 
Purchases: AGOx41@34.81 AGGx41@34.81 AGMx41@34.81 CELx41@34.81 BOCHx41@34.81 

2011-12-12
Cash: 121.56
Held: AGOx41@34.06 AGMx41@34.06 CELx41@34.06 BOCHx41@34.06 AGGx41@34.06 
Value: 7104.38
Sales: AGOx41@34.06 AGGx41@34.06 AGMx41@34.06 CELx41@34.06 BOCHx41@34.06 
Purchases: AGOx41@34.06 AGGx41@34.06 AGMx41@34.06 CELx41@34.06 BOCHx41@34.06 

2011-12-13
Cash: 121.56
Held: AGOx41@33.00 AGMx41@33.00 CELx41@33.00 BOCHx41@33.00 AGGx41@33.00 
Value: 6886.56
Sales: AGOx41@33.00 AGGx41@33.00 AGMx41@33.00 CELx41@33.00 BOCHx41@33.00 
Purchases: AGOx41@33.00 AGGx41@33.00 AGMx41@33.00 CELx41@33.00 BOCHx41@33.00 

2011-12-14
Cash: 121.56
Held: AGOx41@33.53 AGMx41@33.53 CELx41@33.53 BOCHx41@33.53 AGGx41@33.53 
Value: 6995.47
Sales: AGOx41@33.53 AGGx41@33.53 AGMx41@33.53 CELx41@33.53 BOCHx41@33.53 
Purchases: AGOx41@33.53 AGGx41@33.53 AGMx41@33.53 CELx41@33.53 BOCHx41@33.53 

2011-12-15
Cash: 121.56
Held: AGOx41@33.72 AGMx41@33.72 CELx41@33.72 BOCHx41@33.72 AGGx41@33.72 
Value: 7033.91
Sales: AGOx41@33.72 AGGx41@33.72 AGMx41@33.72 CELx41@33.72 BOCHx41@33.72 
Purchases: AGOx41@33.72 AGGx41@33.72 AGMx41@33.72 CELx41@33.72 BOCHx41@33.72 

2011-12-18
Cash: 121.56
Held: AGOx41@33.62 AGMx41@33.62 CELx41@33.62 BOCHx41@33.62 AGGx41@33.62 
Value: 7014.69
Sales: AGOx41@33.62 AGGx41@33.62 AGMx41@33.62 CELx41@33.62 BOCHx41@33.62 
Purchases: AGOx41@33.62 AGGx41@33.62 AGMx41@33.62 CELx41@33.62 BOCHx41@33.62 

2011-12-19
Cash: 121.56
Held: AGOx41@34.00 AGMx41@34.00 CELx41@34.00 BOCHx41@34.00 AGGx41@34.00 
Value: 7091.56
Sales: AGOx41@34.00 AGGx41@34.00 AGMx41@34.00 CELx41@34.00 BOCHx41@34.00 
Purchases: AGOx41@34.00 AGGx41@34.00 AGMx41@34.00 CELx41@34.00 BOCHx41@34.00 

2011-12-20
Cash: 121.56
Held: AGOx41@34.44 AGMx41@34.44 CELx41@34.44 BOCHx41@34.44 AGGx41@34.44 
Value: 7181.25
Sales: AGOx41@34.44 AGGx41@34.44 AGMx41@34.44 CELx41@34.44 BOCHx41@34.44 
Purchases: AGOx41@34.44 AGGx41@34.44 AGMx41@34.44 CELx41@34.44 BOCHx41@34.44 

2011-12-21
Cash: 121.56
Held: AGOx41@33.91 AGMx41@33.91 CELx41@33.91 BOCHx41@33.91 AGGx41@33.91 
Value: 7072.34
Sales: AGOx41@33.91 AGGx41@33.91 AGMx41@33.91 CELx41@33.91 BOCHx41@33.91 
Purchases: AGOx41@33.91 AGGx41@33.91 AGMx41@33.91 CELx41@33.91 BOCHx41@33.91 

2011-12-22
Cash: 121.56
Held: AGOx41@34.84 AGMx41@34.84 CELx41@34.84 BOCHx41@34.84 AGGx41@34.84 
Value: 7264.53
Sales: AGOx41@34.84 AGGx41@34.84 AGMx41@34.84 CELx41@34.84 BOCHx41@34.84 
Purchases: AGOx41@34.84 AGGx41@34.84 AGMx41@34.84 CELx41@34.84 BOCHx41@34.84 

2011-12-26
Cash: 121.56
Held: AGOx41@35.19 AGMx41@35.19 CELx41@35.19 BOCHx41@35.19 AGGx41@35.19 
Value: 7335.00
Sales: AGOx41@35.19 AGGx41@35.19 AGMx41@35.19 CELx41@35.19 BOCHx41@35.19 
Purchases: AGOx41@35.19 AGGx41@35.19 AGMx41@35.19 CELx41@35.19 BOCHx41@35.19 

2011-12-27
Cash: 121.56
Held: AGOx41@35.25 AGMx41@35.25 CELx41@35.25 BOCHx41@35.25 AGGx41@35.25 
Value: 7347.81
Sales: AGOx41@35.25 AGGx41@35.25 AGMx41@35.25 CELx41@35.25 BOCHx41@35.25 
Purchases: AGOx41@35.25 AGGx41@35.25 AGMx41@35.25 CELx41@35.25 BOCHx41@35.25 

2011-12-28
Cash: 121.56
Held: AGOx41@34.12 AGMx41@34.12 CELx41@34.12 BOCHx41@34.12 AGGx41@34.12 
Value: 7117.19
Sales: AGOx41@34.12 AGGx41@34.12 AGMx41@34.12 CELx41@34.12 BOCHx41@34.12 
Purchases: AGOx41@34.12 AGGx41@34.12 AGMx41@34.12 CELx41@34.12 BOCHx41@34.12 

2011-12-29
Cash: 121.56
Held: AGOx41@34.94 AGMx41@34.94 CELx41@34.94 BOCHx41@34.94 AGGx41@34.94 
Value: 7283.75
Sales: AGOx41@34.94 AGGx41@34.94 AGMx41@34.94 CELx41@34.94 BOCHx41@34.94 
Purchases: AGOx41@34.94 AGGx41@34.94 AGMx41@34.94 CELx41@34.94 BOCHx41@34.94 

2012-01-02
Cash: 121.56
Held: AGOx41@35.84 AGMx41@35.84 CELx41@35.84 BOCHx41@35.84 AGGx41@35.84 
Value: 7469.53
Sales: AGOx41@35.84 AGGx41@35.84 AGMx41@35.84 CELx41@35.84 BOCHx41@35.84 
Purchases: AGOx41@35.84 AGGx41@35.84 AGMx41@35.84 CELx41@35.84 BOCHx41@35.84 

2012-01-03
Cash: 121.56
Held: AGOx41@36.16 AGMx41@36.16 CELx41@36.16 BOCHx41@36.16 AGGx41@36.16 
Value: 7533.59
Sales: AGOx41@36.16 AGGx41@36.16 AGMx41@36.16 CELx41@36.16 BOCHx41@36.16 
Purchases: AGOx41@36.16 AGGx41@36.16 AGMx41@36.16 CELx41@36.16 BOCHx41@36.16 

2012-01-04
Cash: 121.56
Held: AGOx41@35.88 AGMx41@35.88 CELx41@35.88 BOCHx41@35.88 AGGx41@35.88 
Value: 7475.94
Sales: AGOx41@35.88 AGGx41@35.88 AGMx41@35.88 CELx41@35.88 BOCHx41@35.88 
Purchases: AGOx41@35.88 AGGx41@35.88 AGMx41@35.88 CELx41@35.88 BOCHx41@35.88 

2012-01-05
Cash: 121.56
Held: AGOx41@37.09 AGMx41@37.09 CELx41@37.09 BOCHx41@37.09 AGGx41@37.09 
Value: 7725.78
Sales: AGOx41@37.09 AGGx41@37.09 AGMx41@37.09 CELx41@37.09 BOCHx41@37.09 
Purchases: AGOx41@37.09 AGGx41@37.09 AGMx41@37.09 CELx41@37.09 BOCHx41@37.09 

2012-01-08
Cash: 121.56
Held: AGOx41@37.62 AGMx41@37.62 CELx41@37.62 BOCHx41@37.62 AGGx41@37.62 
Value: 7834.69
Sales: AGOx41@37.62 AGGx41@37.62 AGMx41@37.62 CELx41@37.62 BOCHx41@37.62 
Purchases: AGOx41@37.62 AGGx41@37.62 AGMx41@37.62 CELx41@37.62 BOCHx41@37.62 

2012-01-09
Cash: 121.56
Held: AGOx41@38.81 AGMx41@38.81 CELx41@38.81 BOCHx41@38.81 AGGx41@38.81 
Value: 8078.12
Sales: AGOx41@38.81 AGGx41@38.81 AGMx41@38.81 CELx41@38.81 BOCHx41@38.81 
Purchases: AGOx41@38.81 AGGx41@38.81 AGMx41@38.81 CELx41@38.81 BOCHx41@38.81 

2012-01-10
Cash: 121.56
Held: AGOx41@38.88 AGMx41@38.88 CELx41@38.88 BOCHx41@38.88 AGGx41@38.88 
Value: 8090.94
Sales: AGOx41@38.88 AGGx41@38.88 AGMx41@38.88 CELx41@38.88 BOCHx41@38.88 
Purchases: AGOx41@38.88 AGGx41@38.88 AGMx41@38.88 CELx41@38.88 BOCHx41@38.88 

2012-01-11
Cash: 121.56
Held: AGOx41@39.12 AGMx41@39.12 CELx41@39.12 BOCHx41@39.12 AGGx41@39.12 
Value: 8142.19
Sales: AGOx41@39.12 AGGx41@39.12 AGMx41@39.12 CELx41@39.12 BOCHx41@39.12 
Purchases: AGOx41@39.12 AGGx41@39.12 AGMx41@39.12 CELx41@39.12 BOCHx41@39.12 

2012-01-12
Cash: 121.56
Held: AGOx41@39.06 AGMx41@39.06 CELx41@39.06 BOCHx41@39.06 AGGx41@39.06 
Value: 8129.38
Sales: AGOx41@39.06 AGGx41@39.06 AGMx41@39.06 CELx41@39.06 BOCHx41@39.06 
Purchases: AGOx41@39.06 AGGx41@39.06 AGMx41@39.06 CELx41@39.06 BOCHx41@39.06 

2012-01-16
Cash: 121.56
Held: AGOx41@39.75 AGMx41@39.75 CELx41@39.75 BOCHx41@39.75 AGGx41@39.75 
Value: 8270.31
Sales: AGOx41@39.75 AGGx41@39.75 AGMx41@39.75 CELx41@39.75 BOCHx41@39.75 
Purchases: AGOx41@39.75 AGGx41@39.75 AGMx41@39.75 CELx41@39.75 BOCHx41@39.75 

2012-01-17
Cash: 121.56
Held: AGOx41@40.00 AGMx41@40.00 CELx41@40.00 BOCHx41@40.00 AGGx41@40.00 
Value: 8321.56
Sales: AGOx41@40.00 AGGx41@40.00 AGMx41@40.00 CELx41@40.00 BOCHx41@40.00 
Purchases: AGOx41@40.00 AGGx41@40.00 AGMx41@40.00 CELx41@40.00 BOCHx41@40.00 

2012-01-18
Cash: 121.56
Held: AGOx41@41.38 AGMx41@41.38 CELx41@41.38 BOCHx41@41.38 AGGx41@41.38 
Value: 8603.44
Sales: AGOx41@41.38 AGGx41@41.38 AGMx41@41.38 CELx41@41.38 BOCHx41@41.38 
Purchases: AGOx41@41.38 AGGx41@41.38 AGMx41@41.38 CELx41@41.38 BOCHx41@41.38 

2012-01-19
Cash: 121.56
Held: AGOx41@41.78 AGMx41@41.78 CELx41@41.78 BOCHx41@41.78 AGGx41@41.78 
Value: 8686.72
Sales: AGOx41@41.78 AGGx41@41.78 AGMx41@41.78 CELx41@41.78 BOCHx41@41.78 
Purchases: AGOx41@41.78 AGGx41@41.78 AGMx41@41.78 CELx41@41.78 BOCHx41@41.78 

2012-01-22
Cash: 121.56
Held: AGOx41@40.88 AGMx41@40.88 CELx41@40.88 BOCHx41@40.88 AGGx41@40.88 
Value: 8500.94
Sales: AGOx41@40.88 AGGx41@40.88 AGMx41@40.88 CELx41@40.88 BOCHx41@40.88 
Purchases: AGOx41@40.88 AGGx41@40.88 AGMx41@40.88 CELx41@40.88 BOCHx41@40.88 

2012-01-23
Cash: 121.56
Held: AGOx41@40.91 AGMx41@40.91 CELx41@40.91 BOCHx41@40.91 AGGx41@40.91 
Value: 8507.34
Sales: AGOx41@40.91 AGGx41@40.91 AGMx41@40.91 CELx41@40.91 BOCHx41@40.91 
Purchases: AGOx41@40.91 AGGx41@40.91 AGMx41@40.91 CELx41@40.91 BOCHx41@40.91 

2012-01-24
Cash: 121.56
Held: AGOx41@42.88 AGMx41@42.88 CELx41@42.88 BOCHx41@42.88 AGGx41@42.88 
Value: 8910.94
Sales: AGOx41@42.88 AGGx41@42.88 AGMx41@42.88 CELx41@42.88 BOCHx41@42.88 
Purchases: AGOx41@42.88 AGGx41@42.88 AGMx41@42.88 CELx41@42.88 BOCHx41@42.88 

2012-01-25
Cash: 121.56
Held: AGOx41@44.28 AGMx41@44.28 CELx41@44.28 BOCHx41@44.28 AGGx41@44.28 
Value: 9199.22
Sales: AGOx41@44.28 AGGx41@44.28 AGMx41@44.28 CELx41@44.28 BOCHx41@44.28 
Purchases: AGOx41@44.28 AGGx41@44.28 AGMx41@44.28 CELx41@44.28 BOCHx41@44.28 

2012-01-26
Cash: 121.56
Held: AGOx41@42.38 AGMx41@42.38 CELx41@42.38 BOCHx41@42.38 AGGx41@42.38 
Value: 8808.44
Sales: AGOx41@42.38 AGGx41@42.38 AGMx41@42.38 CELx41@42.38 BOCHx41@42.38 
Purchases: AGOx41@42.38 AGGx41@42.38 AGMx41@42.38 CELx41@42.38 BOCHx41@42.38 

2012-01-29
Cash: 121.56
Held: AGOx41@41.94 AGMx41@41.94 CELx41@41.94 BOCHx41@41.94 AGGx41@41.94 
Value: 8718.75
Sales: AGOx41@41.94 AGGx41@41.94 AGMx41@41.94 CELx41@41.94 BOCHx41@41.94 
Purchases: AGOx41@41.94 AGGx41@41.94 AGMx41@41.94 CELx41@41.94 BOCHx41@41.94 

2012-01-30
Cash: 121.56
Held: AGOx41@43.34 AGMx41@43.34 CELx41@43.34 BOCHx41@43.34 AGGx41@43.34 
Value: 9007.03
Sales: AGOx41@43.34 AGGx41@43.34 AGMx41@43.34 CELx41@43.34 BOCHx41@43.34 
Purchases: AGOx41@43.34 AGGx41@43.34 AGMx41@43.34 CELx41@43.34 BOCHx41@43.34 

2012-01-31
Cash: 121.56
Held: AGOx41@43.09 AGMx41@43.09 CELx41@43.09 BOCHx41@43.09 AGGx41@43.09 
Value: 8955.78
Sales: AGOx41@43.09 AGGx41@43.09 AGMx41@43.09 CELx41@43.09 BOCHx41@43.09 
Purchases: AGOx41@43.09 AGGx41@43.09 AGMx41@43.09 CELx41@43.09 BOCHx41@43.09 

2012-02-01
Cash: 121.56
Held: AGOx41@44.22 AGMx41@44.22 CELx41@44.22 BOCHx41@44.22 AGGx41@44.22 
Value: 9186.41
Sales: AGOx41@44.22 AGGx41@44.22 AGMx41@44.22 CELx41@44.22 BOCHx41@44.22 
Purchases: AGOx41@44.22 AGGx41@44.22 AGMx41@44.22 CELx41@44.22 BOCHx41@44.22 

2012-02-02
Cash: 121.56
Held: AGOx41@44.41 AGMx41@44.41 CELx41@44.41 BOCHx41@44.41 AGGx41@44.41 
Value: 9224.84
Sales: AGOx41@44.41 AGGx41@44.41 AGMx41@44.41 CELx41@44.41 BOCHx41@44.41 
Purchases: AGOx41@44.41 AGGx41@44.41 AGMx41@44.41 CELx41@44.41 BOCHx41@44.41 

2012-02-05
Cash: 121.56
Held: AGOx41@44.75 AGMx41@44.75 CELx41@44.75 BOCHx41@44.75 AGGx41@44.75 
Value: 9295.31
Sales: AGOx41@44.75 AGGx41@44.75 AGMx41@44.75 CELx41@44.75 BOCHx41@44.75 
Purchases: AGOx41@44.75 AGGx41@44.75 AGMx41@44.75 CELx41@44.75 BOCHx41@44.75 

2012-02-06
Cash: 121.56
Held: AGOx41@44.75 AGMx41@44.75 CELx41@44.75 BOCHx41@44.75 AGGx41@44.75 
Value: 9295.31
Sales: AGOx41@44.75 AGGx41@44.75 AGMx41@44.75 CELx41@44.75 BOCHx41@44.75 
Purchases: AGOx41@44.75 AGGx41@44.75 AGMx41@44.75 CELx41@44.75 BOCHx41@44.75 

2012-02-07
Cash: 121.56
Held: AGOx41@44.69 AGMx41@44.69 CELx41@44.69 BOCHx41@44.69 AGGx41@44.69 
Value: 9282.50
Sales: AGOx41@44.69 AGGx41@44.69 AGMx41@44.69 CELx41@44.69 BOCHx41@44.69 
Purchases: AGOx41@44.69 AGGx41@44.69 AGMx41@44.69 CELx41@44.69 BOCHx41@44.69 

2012-02-08
Cash: 121.56
Held: AGOx41@45.00 AGMx41@45.00 CELx41@45.00 BOCHx41@45.00 AGGx41@45.00 
Value: 9346.56
Sales: AGOx41@45.00 AGGx41@45.00 AGMx41@45.00 CELx41@45.00 BOCHx41@45.00 
Purchases: AGOx41@45.00 AGGx41@45.00 AGMx41@45.00 CELx41@45.00 BOCHx41@45.00 

2012-02-09
Cash: 121.56
Held: AGOx41@44.25 AGMx41@44.25 CELx41@44.25 BOCHx41@44.25 AGGx41@44.25 
Value: 9192.81
Sales: AGOx41@44.25 AGGx41@44.25 AGMx41@44.25 CELx41@44.25 BOCHx41@44.25 
Purchases: AGOx41@44.25 AGGx41@44.25 AGMx41@44.25 CELx41@44.25 BOCHx41@44.25 

2012-02-12
Cash: 121.56
Held: AGOx41@44.69 AGMx41@44.69 CELx41@44.69 BOCHx41@44.69 AGGx41@44.69 
Value: 9282.50
Sales: AGOx41@44.69 AGGx41@44.69 AGMx41@44.69 CELx41@44.69 BOCHx41@44.69 
Purchases: AGOx41@44.69 AGGx41@44.69 AGMx41@44.69 CELx41@44.69 BOCHx41@44.69 

2012-02-13
Cash: 121.56
Held: AGOx41@43.75 AGMx41@43.75 CELx41@43.75 BOCHx41@43.75 AGGx41@43.75 
Value: 9090.31
Sales: AGOx41@43.75 AGGx41@43.75 AGMx41@43.75 CELx41@43.75 BOCHx41@43.75 
Purchases: AGOx41@43.75 AGGx41@43.75 AGMx41@43.75 CELx41@43.75 BOCHx41@43.75 

2012-02-14
Cash: 121.56
Held: AGOx41@44.50 AGMx41@44.50 CELx41@44.50 BOCHx41@44.50 AGGx41@44.50 
Value: 9244.06
Sales: AGOx41@44.50 AGGx41@44.50 AGMx41@44.50 CELx41@44.50 BOCHx41@44.50 
Purchases: AGOx41@44.50 AGGx41@44.50 AGMx41@44.50 CELx41@44.50 BOCHx41@44.50 

2012-02-15
Cash: 121.56
Held: AGOx41@43.00 AGMx41@43.00 CELx41@43.00 BOCHx41@43.00 AGGx41@43.00 
Value: 8936.56
Sales: AGOx41@43.00 AGGx41@43.00 AGMx41@43.00 CELx41@43.00 BOCHx41@43.00 
Purchases: AGOx41@43.00 AGGx41@43.00 AGMx41@43.00 CELx41@43.00 BOCHx41@43.00 

2012-02-16
Cash: 121.56
Held: AGOx41@44.03 AGMx41@44.03 CELx41@44.03 BOCHx41@44.03 AGGx41@44.03 
Value: 9147.97
Sales: AGOx41@44.03 AGGx41@44.03 AGMx41@44.03 CELx41@44.03 BOCHx41@44.03 
Purchases: AGOx41@44.03 AGGx41@44.03 AGMx41@44.03 CELx41@44.03 BOCHx41@44.03 

2012-02-20
Cash: 121.56
Held: AGOx41@43.28 AGMx41@43.28 CELx41@43.28 BOCHx41@43.28 AGGx41@43.28 
Value: 8994.22
Sales: AGOx41@43.28 AGGx41@43.28 AGMx41@43.28 CELx41@43.28 BOCHx41@43.28 
Purchases: AGOx41@43.28 AGGx41@43.28 AGMx41@43.28 CELx41@43.28 BOCHx41@43.28 

2012-02-21
Cash: 121.56
Held: AGOx41@42.56 AGMx41@42.56 CELx41@42.56 BOCHx41@42.56 AGGx41@42.56 
Value: 8846.88
Sales: AGOx41@42.56 AGGx41@42.56 AGMx41@42.56 CELx41@42.56 BOCHx41@42.56 
Purchases: AGOx41@42.56 AGGx41@42.56 AGMx41@42.56 CELx41@42.56 BOCHx41@42.56 

2012-02-22
Cash: 121.56
Held: AGOx41@42.72 AGMx41@42.72 CELx41@42.72 BOCHx41@42.72 AGGx41@42.72 
Value: 8878.91
Sales: AGOx41@42.72 AGGx41@42.72 AGMx41@42.72 CELx41@42.72 BOCHx41@42.72 
Purchases: AGOx41@42.72 AGGx41@42.72 AGMx41@42.72 CELx41@42.72 BOCHx41@42.72 

2012-02-23
Cash: 121.56
Held: AGOx41@43.53 AGMx41@43.53 CELx41@43.53 BOCHx41@43.53 AGGx41@43.53 
Value: 9045.47
Sales: AGOx41@43.53 AGGx41@43.53 AGMx41@43.53 CELx41@43.53 BOCHx41@43.53 
Purchases: AGOx41@43.53 AGGx41@43.53 AGMx41@43.53 CELx41@43.53 BOCHx41@43.53 

2012-02-26
Cash: 121.56
Held: AGOx41@42.72 AGMx41@42.72 CELx41@42.72 BOCHx41@42.72 AGGx41@42.72 
Value: 8878.91
Sales: AGOx41@42.72 AGGx41@42.72 AGMx41@42.72 CELx41@42.72 BOCHx41@42.72 
Purchases: AGOx41@42.72 AGGx41@42.72 AGMx41@42.72 CELx41@42.72 BOCHx41@42.72 

2012-02-27
Cash: 121.56
Held: AGOx41@43.50 AGMx41@43.50 CELx41@43.50 BOCHx41@43.50 AGGx41@43.50 
Value: 9039.06
Sales: AGOx41@43.50 AGGx41@43.50 AGMx41@43.50 CELx41@43.50 BOCHx41@43.50 
Purchases: AGOx41@43.50 AGGx41@43.50 AGMx41@43.50 CELx41@43.50 BOCHx41@43.50 

2012-02-28
Cash: 121.56
Held: AGOx41@43.81 AGMx41@43.81 CELx41@43.81 BOCHx41@43.81 AGGx41@43.81 
Value: 9103.12
Sales: AGOx41@43.81 AGGx41@43.81 AGMx41@43.81 CELx41@43.81 BOCHx41@43.81 
Purchases: AGOx41@43.81 AGGx41@43.81 AGMx41@43.81 CELx41@43.81 BOCHx41@43.81 

2012-02-29
Cash: 121.56
Held: AGOx41@43.75 AGMx41@43.75 CELx41@43.75 BOCHx41@43.75 AGGx41@43.75 
Value: 9090.31
Sales: AGOx41@43.75 AGGx41@43.75 AGMx41@43.75 CELx41@43.75 BOCHx41@43.75 
Purchases: AGOx41@43.75 AGGx41@43.75 AGMx41@43.75 CELx41@43.75 BOCHx41@43.75 

2012-03-01
Cash: 121.56
Held: AGOx41@44.16 AGMx41@44.16 CELx41@44.16 BOCHx41@44.16 AGGx41@44.16 
Value: 9173.59
Sales: AGOx41@44.16 AGGx41@44.16 AGMx41@44.16 CELx41@44.16 BOCHx41@44.16 
Purchases: AGOx41@44.16 AGGx41@44.16 AGMx41@44.16 CELx41@44.16 BOCHx41@44.16 

2012-03-04
Cash: 121.56
Held: AGOx41@43.59 AGMx41@43.59 CELx41@43.59 BOCHx41@43.59 AGGx41@43.59 
Value: 9058.28
Sales: AGOx41@43.59 AGGx41@43.59 AGMx41@43.59 CELx41@43.59 BOCHx41@43.59 
Purchases: AGOx41@43.59 AGGx41@43.59 AGMx41@43.59 CELx41@43.59 BOCHx41@43.59 

2012-03-05
Cash: 121.56
Held: AGOx41@42.28 AGMx41@42.28 CELx41@42.28 BOCHx41@42.28 AGGx41@42.28 
Value: 8789.22
Sales: AGOx41@42.28 AGGx41@42.28 AGMx41@42.28 CELx41@42.28 BOCHx41@42.28 
Purchases: AGOx41@42.28 AGGx41@42.28 AGMx41@42.28 CELx41@42.28 BOCHx41@42.28 

2012-03-06
Cash: 121.56
Held: AGOx41@42.47 AGMx41@42.47 CELx41@42.47 BOCHx41@42.47 AGGx41@42.47 
Value: 8827.66
Sales: AGOx41@42.47 AGGx41@42.47 AGMx41@42.47 CELx41@42.47 BOCHx41@42.47 
Purchases: AGOx41@42.47 AGGx41@42.47 AGMx41@42.47 CELx41@42.47 BOCHx41@42.47 

2012-03-07
Cash: 121.56
Held: AGOx41@43.91 AGMx41@43.91 CELx41@43.91 BOCHx41@43.91 AGGx41@43.91 
Value: 9122.34
Sales: AGOx41@43.91 AGGx41@43.91 AGMx41@43.91 CELx41@43.91 BOCHx41@43.91 
Purchases: AGOx41@43.91 AGGx41@43.91 AGMx41@43.91 CELx41@43.91 BOCHx41@43.91 

2012-03-08
Cash: 121.56
Held: AGOx41@44.25 AGMx41@44.25 CELx41@44.25 BOCHx41@44.25 AGGx41@44.25 
Value: 9192.81
Sales: AGOx41@44.25 AGGx41@44.25 AGMx41@44.25 CELx41@44.25 BOCHx41@44.25 
Purchases: AGOx41@44.25 AGGx41@44.25 AGMx41@44.25 CELx41@44.25 BOCHx41@44.25 

2012-03-11
Cash: 121.56
Held: AGOx41@44.44 AGMx41@44.44 CELx41@44.44 BOCHx41@44.44 AGGx41@44.44 
Value: 9231.25
Sales: AGOx41@44.44 AGGx41@44.44 AGMx41@44.44 CELx41@44.44 BOCHx41@44.44 
Purchases: AGOx41@44.44 AGGx41@44.44 AGMx41@44.44 CELx41@44.44 BOCHx41@44.44 

2012-03-12
Cash: 121.56
Held: AGOx41@43.97 AGMx41@43.97 CELx41@43.97 BOCHx41@43.97 AGGx41@43.97 
Value: 9135.16
Sales: AGOx41@43.97 AGGx41@43.97 AGMx41@43.97 CELx41@43.97 BOCHx41@43.97 
Purchases: AGOx41@43.97 AGGx41@43.97 AGMx41@43.97 CELx41@43.97 BOCHx41@43.97 

2012-03-13
Cash: 121.56
Held: AGOx41@45.12 AGMx41@45.12 CELx41@45.12 BOCHx41@45.12 AGGx41@45.12 
Value: 9372.19
Sales: AGOx41@45.12 AGGx41@45.12 AGMx41@45.12 CELx41@45.12 BOCHx41@45.12 
Purchases: AGOx41@45.12 AGGx41@45.12 AGMx41@45.12 CELx41@45.12 BOCHx41@45.12 

2012-03-14
Cash: 121.56
Held: AGOx41@45.09 AGMx41@45.09 CELx41@45.09 BOCHx41@45.09 AGGx41@45.09 
Value: 9365.78
Sales: AGOx41@45.09 AGGx41@45.09 AGMx41@45.09 CELx41@45.09 BOCHx41@45.09 
Purchases: AGOx41@45.09 AGGx41@45.09 AGMx41@45.09 CELx41@45.09 BOCHx41@45.09 

2012-03-15
Cash: 121.56
Held: AGOx41@45.94 AGMx41@45.94 CELx41@45.94 BOCHx41@45.94 AGGx41@45.94 
Value: 9538.75
Sales: AGOx41@45.94 AGGx41@45.94 AGMx41@45.94 CELx41@45.94 BOCHx41@45.94 
Purchases: AGOx41@45.94 AGGx41@45.94 AGMx41@45.94 CELx41@45.94 BOCHx41@45.94 

2012-03-18
Cash: 121.56
Held: AGOx41@45.44 AGMx41@45.44 CELx41@45.44 BOCHx41@45.44 AGGx41@45.44 
Value: 9436.25
Sales: AGOx41@45.44 AGGx41@45.44 AGMx41@45.44 CELx41@45.44 BOCHx41@45.44 
Purchases: AGOx41@45.44 AGGx41@45.44 AGMx41@45.44 CELx41@45.44 BOCHx41@45.44 

2012-03-19
Cash: 121.56
Held: AGOx41@45.09 AGMx41@45.09 CELx41@45.09 BOCHx41@45.09 AGGx41@45.09 
Value: 9365.78
Sales: AGOx41@45.09 AGGx41@45.09 AGMx41@45.09 CELx41@45.09 BOCHx41@45.09 
Purchases: AGOx41@45.09 AGGx41@45.09 AGMx41@45.09 CELx41@45.09 BOCHx41@45.09 

2012-03-20
Cash: 121.56
Held: AGOx41@44.88 AGMx41@44.88 CELx41@44.88 BOCHx41@44.88 AGGx41@44.88 
Value: 9320.94
Sales: AGOx41@44.88 AGGx41@44.88 AGMx41@44.88 CELx41@44.88 BOCHx41@44.88 
Purchases: AGOx41@44.88 AGGx41@44.88 AGMx41@44.88 CELx41@44.88 BOCHx41@44.88 

2012-03-21
Cash: 121.56
Held: AGOx41@44.00 AGMx41@44.00 CELx41@44.00 BOCHx41@44.00 AGGx41@44.00 
Value: 9141.56
Sales: AGOx41@44.00 AGGx41@44.00 AGMx41@44.00 CELx41@44.00 BOCHx41@44.00 
Purchases: AGOx41@44.00 AGGx41@44.00 AGMx41@44.00 CELx41@44.00 BOCHx41@44.00 

2012-03-22
Cash: 121.56
Held: AGOx41@43.56 AGMx41@43.56 CELx41@43.56 BOCHx41@43.56 AGGx41@43.56 
Value: 9051.88
Sales: AGOx41@43.56 AGGx41@43.56 AGMx41@43.56 CELx41@43.56 BOCHx41@43.56 
Purchases: AGOx41@43.56 AGGx41@43.56 AGMx41@43.56 CELx41@43.56 BOCHx41@43.56 

2012-03-25
Cash: 121.56
Held: AGOx41@44.88 AGMx41@44.88 CELx41@44.88 BOCHx41@44.88 AGGx41@44.88 
Value: 9320.94
Sales: AGOx41@44.88 AGGx41@44.88 AGMx41@44.88 CELx41@44.88 BOCHx41@44.88 
Purchases: AGOx41@44.88 AGGx41@44.88 AGMx41@44.88 CELx41@44.88 BOCHx41@44.88 

2012-03-26
Cash: 121.56
Held: AGOx41@45.06 AGMx41@45.06 CELx41@45.06 BOCHx41@45.06 AGGx41@45.06 
Value: 9359.38
Sales: AGOx41@45.06 AGGx41@45.06 AGMx41@45.06 CELx41@45.06 BOCHx41@45.06 
Purchases: AGOx41@45.06 AGGx41@45.06 AGMx41@45.06 CELx41@45.06 BOCHx41@45.06 

2012-03-27
Cash: 121.56
Held: AGOx41@45.41 AGMx41@45.41 CELx41@45.41 BOCHx41@45.41 AGGx41@45.41 
Value: 9429.84
Sales: AGOx41@45.41 AGGx41@45.41 AGMx41@45.41 CELx41@45.41 BOCHx41@45.41 
Purchases: AGOx41@45.41 AGGx41@45.41 AGMx41@45.41 CELx41@45.41 BOCHx41@45.41 

2012-03-28
Cash: 121.56
Held: AGOx41@44.09 AGMx41@44.09 CELx41@44.09 BOCHx41@44.09 AGGx41@44.09 
Value: 9160.78
Sales: AGOx41@44.09 AGGx41@44.09 AGMx41@44.09 CELx41@44.09 BOCHx41@44.09 
Purchases: AGOx41@44.09 AGGx41@44.09 AGMx41@44.09 CELx41@44.09 BOCHx41@44.09 

2012-03-29
Cash: 121.56
Held: AGOx41@44.75 AGMx41@44.75 CELx41@44.75 BOCHx41@44.75 AGGx41@44.75 
Value: 9295.31
Sales: AGOx41@44.75 AGGx41@44.75 AGMx41@44.75 CELx41@44.75 BOCHx41@44.75 
Purchases: AGOx41@44.75 AGGx41@44.75 AGMx41@44.75 CELx41@44.75 BOCHx41@44.75 

2012-04-01
Cash: 121.56
Held: AGOx41@44.50 AGMx41@44.50 CELx41@44.50 BOCHx41@44.50 AGGx41@44.50 
Value: 9244.06
Sales: AGOx41@44.50 AGGx41@44.50 AGMx41@44.50 CELx41@44.50 BOCHx41@44.50 
Purchases: AGOx41@44.50 AGGx41@44.50 AGMx41@44.50 CELx41@44.50 BOCHx41@44.50 

2012-04-02
Cash: 121.56
Held: AGOx41@44.75 AGMx41@44.75 CELx41@44.75 BOCHx41@44.75 AGGx41@44.75 
Value: 9295.31
Sales: AGOx41@44.75 AGGx41@44.75 AGMx41@44.75 CELx41@44.75 BOCHx41@44.75 
Purchases: AGOx41@44.75 AGGx41@44.75 AGMx41@44.75 CELx41@44.75 BOCHx41@44.75 

2012-04-03
Cash: 121.56
Held: AGOx41@44.34 AGMx41@44.34 CELx41@44.34 BOCHx41@44.34 AGGx41@44.34 
Value: 9212.03
Sales: AGOx41@44.34 AGGx41@44.34 AGMx41@44.34 CELx41@44.34 BOCHx41@44.34 
Purchases: AGOx41@44.34 AGGx41@44.34 AGMx41@44.34 CELx41@44.34 BOCHx41@44.34 

2012-04-04
Cash: 121.56
Held: AGOx41@43.66 AGMx41@43.66 CELx41@43.66 BOCHx41@43.66 AGGx41@43.66 
Value: 9071.09
Sales: AGOx41@43.66 AGGx41@43.66 AGMx41@43.66 CELx41@43.66 BOCHx41@43.66 
Purchases: AGOx41@43.66 AGGx41@43.66 AGMx41@43.66 CELx41@43.66 BOCHx41@43.66 

2012-04-08
Cash: 121.56
Held: AGOx41@44.12 AGMx41@44.12 CELx41@44.12 BOCHx41@44.12 AGGx41@44.12 
Value: 9167.19
Sales: AGOx41@44.12 AGGx41@44.12 AGMx41@44.12 CELx41@44.12 BOCHx41@44.12 
Purchases: AGOx41@44.12 AGGx41@44.12 AGMx41@44.12 CELx41@44.12 BOCHx41@44.12 

2012-04-09
Cash: 121.56
Held: AGOx41@43.50 AGMx41@43.50 CELx41@43.50 BOCHx41@43.50 AGGx41@43.50 
Value: 9039.06
Sales: AGOx41@43.50 AGGx41@43.50 AGMx41@43.50 CELx41@43.50 BOCHx41@43.50 
Purchases: AGOx41@43.50 AGGx41@43.50 AGMx41@43.50 CELx41@43.50 BOCHx41@43.50 

2012-04-10
Cash: 121.56
Held: AGOx41@42.97 AGMx41@42.97 CELx41@42.97 BOCHx41@42.97 AGGx41@42.97 
Value: 8930.16
Sales: AGOx41@42.97 AGGx41@42.97 AGMx41@42.97 CELx41@42.97 BOCHx41@42.97 
Purchases: AGOx41@42.97 AGGx41@42.97 AGMx41@42.97 CELx41@42.97 BOCHx41@42.97 

2012-04-11
Cash: 121.56
Held: AGOx41@42.62 AGMx41@42.62 CELx41@42.62 BOCHx41@42.62 AGGx41@42.62 
Value: 8859.69
Sales: AGOx41@42.62 AGGx41@42.62 AGMx41@42.62 CELx41@42.62 BOCHx41@42.62 
Purchases: AGOx41@42.62 AGGx41@42.62 AGMx41@42.62 CELx41@42.62 BOCHx41@42.62 

2012-04-12
Cash: 121.56
Held: AGOx41@43.22 AGMx41@43.22 CELx41@43.22 BOCHx41@43.22 AGGx41@43.22 
Value: 8981.41
Sales: AGOx41@43.22 AGGx41@43.22 AGMx41@43.22 CELx41@43.22 BOCHx41@43.22 
Purchases: AGOx41@43.22 AGGx41@43.22 AGMx41@43.22 CELx41@43.22 BOCHx41@43.22 

2012-04-15
Cash: 121.56
Held: AGOx41@42.59 AGMx41@42.59 CELx41@42.59 BOCHx41@42.59 AGGx41@42.59 
Value: 8853.28
Sales: AGOx41@42.59 AGGx41@42.59 AGMx41@42.59 CELx41@42.59 BOCHx41@42.59 
Purchases: AGOx41@42.59 AGGx41@42.59 AGMx41@42.59 CELx41@42.59 BOCHx41@42.59 

2012-04-16
Cash: 121.56
Held: AGOx41@42.41 AGMx41@42.41 CELx41@42.41 BOCHx41@42.41 AGGx41@42.41 
Value: 8814.84
Sales: AGOx41@42.41 AGGx41@42.41 AGMx41@42.41 CELx41@42.41 BOCHx41@42.41 
Purchases: AGOx41@42.41 AGGx41@42.41 AGMx41@42.41 CELx41@42.41 BOCHx41@42.41 

2012-04-17
Cash: 121.56
Held: AGOx41@42.28 AGMx41@42.28 CELx41@42.28 BOCHx41@42.28 AGGx41@42.28 
Value: 8789.22
Sales: AGOx41@42.28 AGGx41@42.28 AGMx41@42.28 CELx41@42.28 BOCHx41@42.28 
Purchases: AGOx41@42.28 AGGx41@42.28 AGMx41@42.28 CELx41@42.28 BOCHx41@42.28 

2012-04-18
Cash: 121.56
Held: AGOx41@42.41 AGMx41@42.41 CELx41@42.41 BOCHx41@42.41 AGGx41@42.41 
Value: 8814.84
Sales: AGOx41@42.41 AGGx41@42.41 AGMx41@42.41 CELx41@42.41 BOCHx41@42.41 
Purchases: AGOx41@42.41 AGGx41@42.41 AGMx41@42.41 CELx41@42.41 BOCHx41@42.41 

2012-04-19
Cash: 121.56
Held: AGOx41@42.16 AGMx41@42.16 CELx41@42.16 BOCHx41@42.16 AGGx41@42.16 
Value: 8763.59
Sales: AGOx41@42.16 AGGx41@42.16 AGMx41@42.16 CELx41@42.16 BOCHx41@42.16 
Purchases: AGOx41@42.16 AGGx41@42.16 AGMx41@42.16 CELx41@42.16 BOCHx41@42.16 

2012-04-22
Cash: 121.56
Held: AGOx41@41.38 AGMx41@41.38 CELx41@41.38 BOCHx41@41.38 AGGx41@41.38 
Value: 8603.44
Sales: AGOx41@41.38 AGGx41@41.38 AGMx41@41.38 CELx41@41.38 BOCHx41@41.38 
Purchases: AGOx41@41.38 AGGx41@41.38 AGMx41@41.38 CELx41@41.38 BOCHx41@41.38 

2012-04-23
Cash: 121.56
Held: AGOx41@40.38 AGMx41@40.38 CELx41@40.38 BOCHx41@40.38 AGGx41@40.38 
Value: 8398.44
Sales: AGOx41@40.38 AGGx41@40.38 AGMx41@40.38 CELx41@40.38 BOCHx41@40.38 
Purchases: AGOx41@40.38 AGGx41@40.38 AGMx41@40.38 CELx41@40.38 BOCHx41@40.38 

2012-04-24
Cash: 121.56
Held: AGOx41@40.31 AGMx41@40.31 CELx41@40.31 BOCHx41@40.31 AGGx41@40.31 
Value: 8385.62
Sales: AGOx41@40.31 AGGx41@40.31 AGMx41@40.31 CELx41@40.31 BOCHx41@40.31 
Purchases: AGOx41@40.31 AGGx41@40.31 AGMx41@40.31 CELx41@40.31 BOCHx41@40.31 

2012-04-25
Cash: 121.56
Held: AGOx41@41.12 AGMx41@41.12 CELx41@41.12 BOCHx41@41.12 AGGx41@41.12 
Value: 8552.19
Sales: AGOx41@41.12 AGGx41@41.12 AGMx41@41.12 CELx41@41.12 BOCHx41@41.12 
Purchases: AGOx41@41.12 AGGx41@41.12 AGMx41@41.12 CELx41@41.12 BOCHx41@41.12 

2012-04-26
Cash: 121.56
Held: AGOx41@42.19 AGMx41@42.19 CELx41@42.19 BOCHx41@42.19 AGGx41@42.19 
Value: 8770.00
Sales: AGOx41@42.19 AGGx41@42.19 AGMx41@42.19 CELx41@42.19 BOCHx41@42.19 
Purchases: AGOx41@42.19 AGGx41@42.19 AGMx41@42.19 CELx41@42.19 BOCHx41@42.19 

2012-04-29
Cash: 121.56
Held: AGOx41@42.50 AGMx41@42.50 CELx41@42.50 BOCHx41@42.50 AGGx41@42.50 
Value: 8834.06
Sales: AGOx41@42.50 AGGx41@42.50 AGMx41@42.50 CELx41@42.50 BOCHx41@42.50 
Purchases: AGOx41@42.50 AGGx41@42.50 AGMx41@42.50 CELx41@42.50 BOCHx41@42.50 

2012-04-30
Cash: 121.56
Held: AGOx41@42.03 AGMx41@42.03 CELx41@42.03 BOCHx41@42.03 AGGx41@42.03 
Value: 8737.97
Sales: AGOx41@42.03 AGGx41@42.03 AGMx41@42.03 CELx41@42.03 BOCHx41@42.03 
Purchases: AGOx41@42.03 AGGx41@42.03 AGMx41@42.03 CELx41@42.03 BOCHx41@42.03 

2012-05-01
Cash: 121.56
Held: AGOx41@42.69 AGMx41@42.69 CELx41@42.69 BOCHx41@42.69 AGGx41@42.69 
Value: 8872.50
Sales: AGOx41@42.69 AGGx41@42.69 AGMx41@42.69 CELx41@42.69 BOCHx41@42.69 
Purchases: AGOx41@42.69 AGGx41@42.69 AGMx41@42.69 CELx41@42.69 BOCHx41@42.69 

2012-05-02
Cash: 121.56
Held: AGOx41@43.16 AGMx41@43.16 CELx41@43.16 BOCHx41@43.16 AGGx41@43.16 
Value: 8968.59
Sales: AGOx41@43.16 AGGx41@43.16 AGMx41@43.16 CELx41@43.16 BOCHx41@43.16 
Purchases: AGOx41@43.16 AGGx41@43.16 AGMx41@43.16 CELx41@43.16 BOCHx41@43.16 

2012-05-03
Cash: 121.56
Held: AGOx41@42.16 AGMx41@42.16 CELx41@42.16 BOCHx41@42.16 AGGx41@42.16 
Value: 8763.59
Sales: AGOx41@42.16 AGGx41@42.16 AGMx41@42.16 CELx41@42.16 BOCHx41@42.16 
Purchases: AGOx41@42.16 AGGx41@42.16 AGMx41@42.16 CELx41@42.16 BOCHx41@42.16 

2012-05-06
Cash: 121.56
Held: AGOx41@40.66 AGMx41@40.66 CELx41@40.66 BOCHx41@40.66 AGGx41@40.66 
Value: 8456.09
Sales: AGOx41@40.66 AGGx41@40.66 AGMx41@40.66 CELx41@40.66 BOCHx41@40.66 
Purchases: AGOx41@40.66 AGGx41@40.66 AGMx41@40.66 CELx41@40.66 BOCHx41@40.66 

2012-05-07
Cash: 121.56
Held: AGOx41@40.66 AGMx41@40.66 CELx41@40.66 BOCHx41@40.66 AGGx41@40.66 
Value: 8456.09
Sales: AGOx41@40.66 AGGx41@40.66 AGMx41@40.66 CELx41@40.66 BOCHx41@40.66 
Purchases: AGOx41@40.66 AGGx41@40.66 AGMx41@40.66 CELx41@40.66 BOCHx41@40.66 

2012-05-08
Cash: 121.56
Held: AGOx41@39.66 AGMx41@39.66 CELx41@39.66 BOCHx41@39.66 AGGx41@39.66 
Value: 8251.09
Sales: AGOx41@39.66 AGGx41@39.66 AGMx41@39.66 CELx41@39.66 BOCHx41@39.66 
Purchases: AGOx41@39.66 AGGx41@39.66 AGMx41@39.66 CELx41@39.66 BOCHx41@39.66 

2012-05-09
Cash: 121.56
Held: AGOx41@40.62 AGMx41@40.62 CELx41@40.62 BOCHx41@40.62 AGGx41@40.62 
Value: 8449.69
Sales: AGOx41@40.62 AGGx41@40.62 AGMx41@40.62 CELx41@40.62 BOCHx41@40.62 
Purchases: AGOx41@40.62 AGGx41@40.62 AGMx41@40.62 CELx41@40.62 BOCHx41@40.62 

2012-05-10
Cash: 121.56
Held: AGOx41@39.53 AGMx41@39.53 CELx41@39.53 BOCHx41@39.53 AGGx41@39.53 
Value: 8225.47
Sales: AGOx41@39.53 AGGx41@39.53 AGMx41@39.53 CELx41@39.53 BOCHx41@39.53 
Purchases: AGOx41@39.53 AGGx41@39.53 AGMx41@39.53 CELx41@39.53 BOCHx41@39.53 

2012-05-13
Cash: 121.56
Held: AGOx41@38.88 AGMx41@38.88 CELx41@38.88 BOCHx41@38.88 AGGx41@38.88 
Value: 8090.94
Sales: AGOx41@38.88 AGGx41@38.88 AGMx41@38.88 CELx41@38.88 BOCHx41@38.88 
Purchases: AGOx41@38.88 AGGx41@38.88 AGMx41@38.88 CELx41@38.88 BOCHx41@38.88 

2012-05-14
Cash: 121.56
Held: AGOx41@40.91 AGMx41@40.91 CELx41@40.91 BOCHx41@40.91 AGGx41@40.91 
Value: 8507.34
Sales: AGOx41@40.91 AGGx41@40.91 AGMx41@40.91 CELx41@40.91 BOCHx41@40.91 
Purchases: AGOx41@40.91 AGGx41@40.91 AGMx41@40.91 CELx41@40.91 BOCHx41@40.91 

2012-05-15
Cash: 121.56
Held: AGOx41@40.66 AGMx41@40.66 CELx41@40.66 BOCHx41@40.66 AGGx41@40.66 
Value: 8456.09
Sales: AGOx41@40.66 AGGx41@40.66 AGMx41@40.66 CELx41@40.66 BOCHx41@40.66 
Purchases: AGOx41@40.66 AGGx41@40.66 AGMx41@40.66 CELx41@40.66 BOCHx41@40.66 

2012-05-16
Cash: 121.56
Held: AGOx41@41.91 AGMx41@41.91 CELx41@41.91 BOCHx41@41.91 AGGx41@41.91 
Value: 8712.34
Sales: AGOx41@41.91 AGGx41@41.91 AGMx41@41.91 CELx41@41.91 BOCHx41@41.91 
Purchases: AGOx41@41.91 AGGx41@41.91 AGMx41@41.91 CELx41@41.91 BOCHx41@41.91 

2012-05-17
Cash: 121.56
Held: AGOx41@40.00 AGMx41@40.00 CELx41@40.00 BOCHx41@40.00 AGGx41@40.00 
Value: 8321.56
Sales: AGOx41@40.00 AGGx41@40.00 AGMx41@40.00 CELx41@40.00 BOCHx41@40.00 
Purchases: AGOx41@40.00 AGGx41@40.00 AGMx41@40.00 CELx41@40.00 BOCHx41@40.00 

2012-05-20
Cash: 121.56
Held: AGOx41@38.84 AGMx41@38.84 CELx41@38.84 BOCHx41@38.84 AGGx41@38.84 
Value: 8084.53
Sales: AGOx41@38.84 AGGx41@38.84 AGMx41@38.84 CELx41@38.84 BOCHx41@38.84 
Purchases: AGOx41@38.84 AGGx41@38.84 AGMx41@38.84 CELx41@38.84 BOCHx41@38.84 

2012-05-21
Cash: 121.56
Held: AGOx41@40.06 AGMx41@40.06 CELx41@40.06 BOCHx41@40.06 AGGx41@40.06 
Value: 8334.38
Sales: AGOx41@40.06 AGGx41@40.06 AGMx41@40.06 CELx41@40.06 BOCHx41@40.06 
Purchases: AGOx41@40.06 AGGx41@40.06 AGMx41@40.06 CELx41@40.06 BOCHx41@40.06 

2012-05-22
Cash: 121.56
Held: AGOx41@40.03 AGMx41@40.03 CELx41@40.03 BOCHx41@40.03 AGGx41@40.03 
Value: 8327.97
Sales: AGOx41@40.03 AGGx41@40.03 AGMx41@40.03 CELx41@40.03 BOCHx41@40.03 
Purchases: AGOx41@40.03 AGGx41@40.03 AGMx41@40.03 CELx41@40.03 BOCHx41@40.03 

2012-05-23
Cash: 121.56
Held: AGOx41@40.84 AGMx41@40.84 CELx41@40.84 BOCHx41@40.84 AGGx41@40.84 
Value: 8494.53
Sales: AGOx41@40.84 AGGx41@40.84 AGMx41@40.84 CELx41@40.84 BOCHx41@40.84 
Purchases: AGOx41@40.84 AGGx41@40.84 AGMx41@40.84 CELx41@40.84 BOCHx41@40.84 

2012-05-24
Cash: 121.56
Held: AGOx41@41.03 AGMx41@41.03 CELx41@41.03 BOCHx41@41.03 AGGx41@41.03 
Value: 8532.97
Sales: AGOx41@41.03 AGGx41@41.03 AGMx41@41.03 CELx41@41.03 BOCHx41@41.03 
Purchases: AGOx41@41.03 AGGx41@41.03 AGMx41@41.03 CELx41@41.03 BOCHx41@41.03 

2012-05-28
Cash: 121.56
Held: AGOx41@41.47 AGMx41@41.47 CELx41@41.47 BOCHx41@41.47 AGGx41@41.47 
Value: 8622.66
Sales: AGOx41@41.47 AGGx41@41.47 AGMx41@41.47 CELx41@41.47 BOCHx41@41.47 
Purchases: AGOx41@41.47 AGGx41@41.47 AGMx41@41.47 CELx41@41.47 BOCHx41@41.47 

2012-05-29
Cash: 121.56
Held: AGOx41@41.62 AGMx41@41.62 CELx41@41.62 BOCHx41@41.62 AGGx41@41.62 
Value: 8654.69
Sales: AGOx41@41.62 AGGx41@41.62 AGMx41@41.62 CELx41@41.62 BOCHx41@41.62 
Purchases: AGOx41@41.62 AGGx41@41.62 AGMx41@41.62 CELx41@41.62 BOCHx41@41.62 

2012-05-30
Cash: 121.56
Held: AGOx41@41.47 AGMx41@41.47 CELx41@41.47 BOCHx41@41.47 AGGx41@41.47 
Value: 8622.66
Sales: AGOx41@41.47 AGGx41@41.47 AGMx41@41.47 CELx41@41.47 BOCHx41@41.47 
Purchases: AGOx41@41.47 AGGx41@41.47 AGMx41@41.47 CELx41@41.47 BOCHx41@41.47 

2012-05-31
Cash: 121.56
Held: AGOx41@39.19 AGMx41@39.19 CELx41@39.19 BOCHx41@39.19 AGGx41@39.19 
Value: 8155.00
Sales: AGOx41@39.19 AGGx41@39.19 AGMx41@39.19 CELx41@39.19 BOCHx41@39.19 
Purchases: AGOx41@39.19 AGGx41@39.19 AGMx41@39.19 CELx41@39.19 BOCHx41@39.19 

2012-06-03
Cash: 121.56
Held: AGOx41@38.34 AGMx41@38.34 CELx41@38.34 BOCHx41@38.34 AGGx41@38.34 
Value: 7982.03
Sales: AGOx41@38.34 AGGx41@38.34 AGMx41@38.34 CELx41@38.34 BOCHx41@38.34 
Purchases: AGOx41@38.34 AGGx41@38.34 AGMx41@38.34 CELx41@38.34 BOCHx41@38.34 

2012-06-04
Cash: 121.56
Held: AGOx41@37.62 AGMx41@37.62 CELx41@37.62 BOCHx41@37.62 AGGx41@37.62 
Value: 7834.69
Sales: AGOx41@37.62 AGGx41@37.62 AGMx41@37.62 CELx41@37.62 BOCHx41@37.62 
Purchases: AGOx41@37.62 AGGx41@37.62 AGMx41@37.62 CELx41@37.62 BOCHx41@37.62 

2012-06-05
Cash: 121.56
Held: AGOx41@38.72 AGMx41@38.72 CELx41@38.72 BOCHx41@38.72 AGGx41@38.72 
Value: 8058.91
Sales: AGOx41@38.72 AGGx41@38.72 AGMx41@38.72 CELx41@38.72 BOCHx41@38.72 
Purchases: AGOx41@38.72 AGGx41@38.72 AGMx41@38.72 CELx41@38.72 BOCHx41@38.72 

2012-06-06
Cash: 121.56
Held: AGOx41@40.56 AGMx41@40.56 CELx41@40.56 BOCHx41@40.56 AGGx41@40.56 
Value: 8436.88
Sales: AGOx41@40.56 AGGx41@40.56 AGMx41@40.56 CELx41@40.56 BOCHx41@40.56 
Purchases: AGOx41@40.56 AGGx41@40.56 AGMx41@40.56 CELx41@40.56 BOCHx41@40.56 

2012-06-07
Cash: 121.56
Held: AGOx41@39.62 AGMx41@39.62 CELx41@39.62 BOCHx41@39.62 AGGx41@39.62 
Value: 8244.69
Sales: AGOx41@39.62 AGGx41@39.62 AGMx41@39.62 CELx41@39.62 BOCHx41@39.62 
Purchases: AGOx41@39.62 AGGx41@39.62 AGMx41@39.62 CELx41@39.62 BOCHx41@39.62 

2012-06-10
Cash: 121.56
Held: AGOx41@40.06 AGMx41@40.06 CELx41@40.06 BOCHx41@40.06 AGGx41@40.06 
Value: 8334.38
Sales: AGOx41@40.06 AGGx41@40.06 AGMx41@40.06 CELx41@40.06 BOCHx41@40.06 
Purchases: AGOx41@40.06 AGGx41@40.06 AGMx41@40.06 CELx41@40.06 BOCHx41@40.06 

2012-06-11
Cash: 121.56
Held: AGOx41@38.94 AGMx41@38.94 CELx41@38.94 BOCHx41@38.94 AGGx41@38.94 
Value: 8103.75
Sales: AGOx41@38.94 AGGx41@38.94 AGMx41@38.94 CELx41@38.94 BOCHx41@38.94 
Purchases: AGOx41@38.94 AGGx41@38.94 AGMx41@38.94 CELx41@38.94 BOCHx41@38.94 

2012-06-12
Cash: 121.56
Held: AGOx41@39.19 AGMx41@39.19 CELx41@39.19 BOCHx41@39.19 AGGx41@39.19 
Value: 8155.00
Sales: AGOx41@39.19 AGGx41@39.19 AGMx41@39.19 CELx41@39.19 BOCHx41@39.19 
Purchases: AGOx41@39.19 AGGx41@39.19 AGMx41@39.19 CELx41@39.19 BOCHx41@39.19 

2012-06-13
Cash: 121.56
Held: AGOx41@39.09 AGMx41@39.09 CELx41@39.09 BOCHx41@39.09 AGGx41@39.09 
Value: 8135.78
Sales: AGOx41@39.09 AGGx41@39.09 AGMx41@39.09 CELx41@39.09 BOCHx41@39.09 
Purchases: AGOx41@39.09 AGGx41@39.09 AGMx41@39.09 CELx41@39.09 BOCHx41@39.09 

2012-06-14
Cash: 121.56
Held: AGOx41@39.66 AGMx41@39.66 CELx41@39.66 BOCHx41@39.66 AGGx41@39.66 
Value: 8251.09
Sales: AGOx41@39.66 AGGx41@39.66 AGMx41@39.66 CELx41@39.66 BOCHx41@39.66 
Purchases: AGOx41@39.66 AGGx41@39.66 AGMx41@39.66 CELx41@39.66 BOCHx41@39.66 

2012-06-17
Cash: 121.56
Held: AGOx41@39.84 AGMx41@39.84 CELx41@39.84 BOCHx41@39.84 AGGx41@39.84 
Value: 8289.53
Sales: AGOx41@39.84 AGGx41@39.84 AGMx41@39.84 CELx41@39.84 BOCHx41@39.84 
Purchases: AGOx41@39.84 AGGx41@39.84 AGMx41@39.84 CELx41@39.84 BOCHx41@39.84 

2012-06-18
Cash: 121.56
Held: AGOx41@40.47 AGMx41@40.47 CELx41@40.47 BOCHx41@40.47 AGGx41@40.47 
Value: 8417.66
Sales: AGOx41@40.47 AGGx41@40.47 AGMx41@40.47 CELx41@40.47 BOCHx41@40.47 
Purchases: AGOx41@40.47 AGGx41@40.47 AGMx41@40.47 CELx41@40.47 BOCHx41@40.47 

