2012-08-05
Cash: 10000.00
Held: 
Value: 10000.00
Sales: 
Purchases: AGOx50@39.72 AGGx50@39.72 AGMx50@39.72 CELx50@39.72 BOCHx50@39.72 

2012-08-06
Cash: 70.31
Held: AGOx50@39.34 AGMx50@39.34 CELx50@39.34 BOCHx50@39.34 AGGx50@39.34 
Value: 9906.25
Sales: AGOx50@39.34 AGGx50@39.34 AGMx50@39.34 CELx50@39.34 BOCHx50@39.34 
Purchases: AGOx50@39.34 AGGx50@39.34 AGMx50@39.34 CELx50@39.34 BOCHx50@39.34 

2012-08-07
Cash: 70.31
Held: AGOx50@40.28 AGMx50@40.28 CELx50@40.28 BOCHx50@40.28 AGGx50@40.28 
Value: 10140.62
Sales: AGOx50@40.28 AGGx50@40.28 AGMx50@40.28 CELx50@40.28 BOCHx50@40.28 
Purchases: AGOx50@40.28 AGGx50@40.28 AGMx50@40.28 CELx50@40.28 BOCHx50@40.28 

2012-08-08
Cash: 70.31
Held: AGOx50@40.56 AGMx50@40.56 CELx50@40.56 BOCHx50@40.56 AGGx50@40.56 
Value: 10210.94
Sales: AGOx50@40.56 AGGx50@40.56 AGMx50@40.56 CELx50@40.56 BOCHx50@40.56 
Purchases: AGOx50@40.56 AGGx50@40.56 AGMx50@40.56 CELx50@40.56 BOCHx50@40.56 

2012-08-09
Cash: 70.31
Held: AGOx50@40.44 AGMx50@40.44 CELx50@40.44 BOCHx50@40.44 AGGx50@40.44 
Value: 10179.69
Sales: AGOx50@40.44 AGGx50@40.44 AGMx50@40.44 CELx50@40.44 BOCHx50@40.44 
Purchases: AGOx50@40.44 AGGx50@40.44 AGMx50@40.44 CELx50@40.44 BOCHx50@40.44 

2012-08-12
Cash: 70.31
Held: AGOx50@40.28 AGMx50@40.28 CELx50@40.28 BOCHx50@40.28 AGGx50@40.28 
Value: 10140.62
Sales: AGOx50@40.28 AGGx50@40.28 AGMx50@40.28 CELx50@40.28 BOCHx50@40.28 
Purchases: AGOx50@40.28 AGGx50@40.28 AGMx50@40.28 CELx50@40.28 BOCHx50@40.28 

2012-08-13
Cash: 70.31
Held: AGOx50@40.62 AGMx50@40.62 CELx50@40.62 BOCHx50@40.62 AGGx50@40.62 
Value: 10226.56
Sales: AGOx50@40.62 AGGx50@40.62 AGMx50@40.62 CELx50@40.62 BOCHx50@40.62 
Purchases: AGOx50@40.62 AGGx50@40.62 AGMx50@40.62 CELx50@40.62 BOCHx50@40.62 

2012-08-14
Cash: 70.31
Held: AGOx50@40.34 AGMx50@40.34 CELx50@40.34 BOCHx50@40.34 AGGx50@40.34 
Value: 10156.25
Sales: AGOx50@40.34 AGGx50@40.34 AGMx50@40.34 CELx50@40.34 BOCHx50@40.34 
Purchases: AGOx50@40.34 AGGx50@40.34 AGMx50@40.34 CELx50@40.34 BOCHx50@40.34 

2012-08-15
Cash: 70.31
Held: AGOx50@37.50 AGMx50@37.50 CELx50@37.50 BOCHx50@37.50 AGGx50@37.50 
Value: 9445.31
Sales: AGOx50@37.50 AGGx50@37.50 AGMx50@37.50 CELx50@37.50 BOCHx50@37.50 
Purchases: AGOx50@37.50 AGGx50@37.50 AGMx50@37.50 CELx50@37.50 BOCHx50@37.50 

2012-08-16
Cash: 70.31
Held: AGOx50@37.22 AGMx50@37.22 CELx50@37.22 BOCHx50@37.22 AGGx50@37.22 
Value: 9375.00
Sales: AGOx50@37.22 AGGx50@37.22 AGMx50@37.22 CELx50@37.22 BOCHx50@37.22 
Purchases: AGOx50@37.22 AGGx50@37.22 AGMx50@37.22 CELx50@37.22 BOCHx50@37.22 

2012-08-19
Cash: 70.31
Held: AGOx50@37.03 AGMx50@37.03 CELx50@37.03 BOCHx50@37.03 AGGx50@37.03 
Value: 9328.12
Sales: AGOx50@37.03 AGGx50@37.03 AGMx50@37.03 CELx50@37.03 BOCHx50@37.03 
Purchases: AGOx50@37.03 AGGx50@37.03 AGMx50@37.03 CELx50@37.03 BOCHx50@37.03 

2012-08-20
Cash: 70.31
Held: AGOx50@36.91 AGMx50@36.91 CELx50@36.91 BOCHx50@36.91 AGGx50@36.91 
Value: 9296.88
Sales: AGOx50@36.91 AGGx50@36.91 AGMx50@36.91 CELx50@36.91 BOCHx50@36.91 
Purchases: AGOx50@36.91 AGGx50@36.91 AGMx50@36.91 CELx50@36.91 BOCHx50@36.91 

2012-08-21
Cash: 70.31
Held: AGOx50@37.06 AGMx50@37.06 CELx50@37.06 BOCHx50@37.06 AGGx50@37.06 
Value: 9335.94
Sales: AGOx50@37.06 AGGx50@37.06 AGMx50@37.06 CELx50@37.06 BOCHx50@37.06 
Purchases: AGOx50@37.06 AGGx50@37.06 AGMx50@37.06 CELx50@37.06 BOCHx50@37.06 

2012-08-22
Cash: 70.31
Held: AGOx50@37.22 AGMx50@37.22 CELx50@37.22 BOCHx50@37.22 AGGx50@37.22 
Value: 9375.00
Sales: AGOx50@37.22 AGGx50@37.22 AGMx50@37.22 CELx50@37.22 BOCHx50@37.22 
Purchases: AGOx50@37.22 AGGx50@37.22 AGMx50@37.22 CELx50@37.22 BOCHx50@37.22 

2012-08-23
Cash: 70.31
Held: AGOx50@37.25 AGMx50@37.25 CELx50@37.25 BOCHx50@37.25 AGGx50@37.25 
Value: 9382.81
Sales: AGOx50@37.25 AGGx50@37.25 AGMx50@37.25 CELx50@37.25 BOCHx50@37.25 
Purchases: AGOx50@37.25 AGGx50@37.25 AGMx50@37.25 CELx50@37.25 BOCHx50@37.25 

2012-08-26
Cash: 70.31
Held: AGOx50@37.81 AGMx50@37.81 CELx50@37.81 BOCHx50@37.81 AGGx50@37.81 
Value: 9523.44
Sales: AGOx50@37.81 AGGx50@37.81 AGMx50@37.81 CELx50@37.81 BOCHx50@37.81 
Purchases: AGOx50@37.81 AGGx50@37.81 AGMx50@37.81 CELx50@37.81 BOCHx50@37.81 

2012-08-27
Cash: 70.31
Held: AGOx50@37.38 AGMx50@37.38 CELx50@37.38 BOCHx50@37.38 AGGx50@37.38 
Value: 9414.06
Sales: AGOx50@37.38 AGGx50@37.38 AGMx50@37.38 CELx50@37.38 BOCHx50@37.38 
Purchases: AGOx50@37.38 AGGx50@37.38 AGMx50@37.38 CELx50@37.38 BOCHx50@37.38 

2012-08-28
Cash: 70.31
Held: AGOx50@37.06 AGMx50@37.06 CELx50@37.06 BOCHx50@37.06 AGGx50@37.06 
Value: 9335.94
Sales: AGOx50@37.06 AGGx50@37.06 AGMx50@37.06 CELx50@37.06 BOCHx50@37.06 
Purchases: AGOx50@37.06 AGGx50@37.06 AGMx50@37.06 CELx50@37.06 BOCHx50@37.06 

2012-08-29
Cash: 70.31
Held: AGOx50@36.97 AGMx50@36.97 CELx50@36.97 BOCHx50@36.97 AGGx50@36.97 
Value: 9312.50
Sales: AGOx50@36.97 AGGx50@36.97 AGMx50@36.97 CELx50@36.97 BOCHx50@36.97 
Purchases: AGOx50@36.97 AGGx50@36.97 AGMx50@36.97 CELx50@36.97 BOCHx50@36.97 

2012-08-30
Cash: 70.31
Held: AGOx50@37.34 AGMx50@37.34 CELx50@37.34 BOCHx50@37.34 AGGx50@37.34 
Value: 9406.25
Sales: AGOx50@37.34 AGGx50@37.34 AGMx50@37.34 CELx50@37.34 BOCHx50@37.34 
Purchases: AGOx50@37.34 AGGx50@37.34 AGMx50@37.34 CELx50@37.34 BOCHx50@37.34 

2012-09-03
Cash: 70.31
Held: AGOx50@36.94 AGMx50@36.94 CELx50@36.94 BOCHx50@36.94 AGGx50@36.94 
Value: 9304.69
Sales: AGOx50@36.94 AGGx50@36.94 AGMx50@36.94 CELx50@36.94 BOCHx50@36.94 
Purchases: AGOx50@36.94 AGGx50@36.94 AGMx50@36.94 CELx50@36.94 BOCHx50@36.94 

2012-09-04
Cash: 70.31
Held: AGOx50@37.06 AGMx50@37.06 CELx50@37.06 BOCHx50@37.06 AGGx50@37.06 
Value: 9335.94
Sales: AGOx50@37.06 AGGx50@37.06 AGMx50@37.06 CELx50@37.06 BOCHx50@37.06 
Purchases: AGOx50@37.06 AGGx50@37.06 AGMx50@37.06 CELx50@37.06 BOCHx50@37.06 

2012-09-05
Cash: 70.31
Held: AGOx50@37.12 AGMx50@37.12 CELx50@37.12 BOCHx50@37.12 AGGx50@37.12 
Value: 9351.56
Sales: AGOx50@37.12 AGGx50@37.12 AGMx50@37.12 CELx50@37.12 BOCHx50@37.12 
Purchases: AGOx50@37.12 AGGx50@37.12 AGMx50@37.12 CELx50@37.12 BOCHx50@37.12 

2012-09-06
Cash: 70.31
Held: AGOx50@37.47 AGMx50@37.47 CELx50@37.47 BOCHx50@37.47 AGGx50@37.47 
Value: 9437.50
Sales: AGOx50@37.47 AGGx50@37.47 AGMx50@37.47 CELx50@37.47 BOCHx50@37.47 
Purchases: AGOx50@37.47 AGGx50@37.47 AGMx50@37.47 CELx50@37.47 BOCHx50@37.47 

2012-09-09
Cash: 70.31
Held: AGOx50@38.31 AGMx50@38.31 CELx50@38.31 BOCHx50@38.31 AGGx50@38.31 
Value: 9648.44
Sales: AGOx50@38.31 AGGx50@38.31 AGMx50@38.31 CELx50@38.31 BOCHx50@38.31 
Purchases: AGOx50@38.31 AGGx50@38.31 AGMx50@38.31 CELx50@38.31 BOCHx50@38.31 

2012-09-10
Cash: 70.31
Held: AGOx50@38.25 AGMx50@38.25 CELx50@38.25 BOCHx50@38.25 AGGx50@38.25 
Value: 9632.81
Sales: AGOx50@38.25 AGGx50@38.25 AGMx50@38.25 CELx50@38.25 BOCHx50@38.25 
Purchases: AGOx50@38.25 AGGx50@38.25 AGMx50@38.25 CELx50@38.25 BOCHx50@38.25 

2012-09-11
Cash: 70.31
Held: AGOx50@37.91 AGMx50@37.91 CELx50@37.91 BOCHx50@37.91 AGGx50@37.91 
Value: 9546.88
Sales: AGOx50@37.91 AGGx50@37.91 AGMx50@37.91 CELx50@37.91 BOCHx50@37.91 
Purchases: AGOx50@37.91 AGGx50@37.91 AGMx50@37.91 CELx50@37.91 BOCHx50@37.91 

2012-09-12
Cash: 70.31
Held: AGOx50@37.47 AGMx50@37.47 CELx50@37.47 BOCHx50@37.47 AGGx50@37.47 
Value: 9437.50
Sales: AGOx50@37.47 AGGx50@37.47 AGMx50@37.47 CELx50@37.47 BOCHx50@37.47 
Purchases: AGOx50@37.47 AGGx50@37.47 AGMx50@37.47 CELx50@37.47 BOCHx50@37.47 

2012-09-13
Cash: 70.31
Held: AGOx50@38.44 AGMx50@38.44 CELx50@38.44 BOCHx50@38.44 AGGx50@38.44 
Value: 9679.69
Sales: AGOx50@38.44 AGGx50@38.44 AGMx50@38.44 CELx50@38.44 BOCHx50@38.44 
Purchases: AGOx50@38.44 AGGx50@38.44 AGMx50@38.44 CELx50@38.44 BOCHx50@38.44 

2012-09-16
Cash: 70.31
Held: AGOx50@39.47 AGMx50@39.47 CELx50@39.47 BOCHx50@39.47 AGGx50@39.47 
Value: 9937.50
Sales: AGOx50@39.47 AGGx50@39.47 AGMx50@39.47 CELx50@39.47 BOCHx50@39.47 
Purchases: AGOx50@39.47 AGGx50@39.47 AGMx50@39.47 CELx50@39.47 BOCHx50@39.47 

2012-09-17
Cash: 70.31
Held: AGOx50@39.56 AGMx50@39.56 CELx50@39.56 BOCHx50@39.56 AGGx50@39.56 
Value: 9960.94
Sales: AGOx50@39.56 AGGx50@39.56 AGMx50@39.56 CELx50@39.56 BOCHx50@39.56 
Purchases: AGOx50@39.56 AGGx50@39.56 AGMx50@39.56 CELx50@39.56 BOCHx50@39.56 

2012-09-18
Cash: 70.31
Held: AGOx50@39.53 AGMx50@39.53 CELx50@39.53 BOCHx50@39.53 AGGx50@39.53 
Value: 9953.12
Sales: AGOx50@39.53 AGGx50@39.53 AGMx50@39.53 CELx50@39.53 BOCHx50@39.53 
Purchases: AGOx50@39.53 AGGx50@39.53 AGMx50@39.53 CELx50@39.53 BOCHx50@39.53 

2012-09-19
Cash: 70.31
Held: AGOx50@39.56 AGMx50@39.56 CELx50@39.56 BOCHx50@39.56 AGGx50@39.56 
Value: 9960.94
Sales: AGOx50@39.56 AGGx50@39.56 AGMx50@39.56 CELx50@39.56 BOCHx50@39.56 
Purchases: AGOx50@39.56 AGGx50@39.56 AGMx50@39.56 CELx50@39.56 BOCHx50@39.56 

2012-09-20
Cash: 70.31
Held: AGOx50@39.53 AGMx50@39.53 CELx50@39.53 BOCHx50@39.53 AGGx50@39.53 
Value: 9953.12
Sales: AGOx50@39.53 AGGx50@39.53 AGMx50@39.53 CELx50@39.53 BOCHx50@39.53 
Purchases: AGOx50@39.53 AGGx50@39.53 AGMx50@39.53 CELx50@39.53 BOCHx50@39.53 

2012-09-23
Cash: 70.31
Held: AGOx50@38.88 AGMx50@38.88 CELx50@38.88 BOCHx50@38.88 AGGx50@38.88 
Value: 9789.06
Sales: AGOx50@38.88 AGGx50@38.88 AGMx50@38.88 CELx50@38.88 BOCHx50@38.88 
Purchases: AGOx50@38.88 AGGx50@38.88 AGMx50@38.88 CELx50@38.88 BOCHx50@38.88 

2012-09-24
Cash: 70.31
Held: AGOx50@38.88 AGMx50@38.88 CELx50@38.88 BOCHx50@38.88 AGGx50@38.88 
Value: 9789.06
Sales: AGOx50@38.88 AGGx50@38.88 AGMx50@38.88 CELx50@38.88 BOCHx50@38.88 
Purchases: AGOx50@38.88 AGGx50@38.88 AGMx50@38.88 CELx50@38.88 BOCHx50@38.88 

2012-09-25
Cash: 70.31
Held: AGOx50@38.47 AGMx50@38.47 CELx50@38.47 BOCHx50@38.47 AGGx50@38.47 
Value: 9687.50
Sales: AGOx50@38.47 AGGx50@38.47 AGMx50@38.47 CELx50@38.47 BOCHx50@38.47 
Purchases: AGOx50@38.47 AGGx50@38.47 AGMx50@38.47 CELx50@38.47 BOCHx50@38.47 

2012-09-26
Cash: 70.31
Held: AGOx50@38.50 AGMx50@38.50 CELx50@38.50 BOCHx50@38.50 AGGx50@38.50 
Value: 9695.31
Sales: AGOx50@38.50 AGGx50@38.50 AGMx50@38.50 CELx50@38.50 BOCHx50@38.50 
Purchases: AGOx50@38.50 AGGx50@38.50 AGMx50@38.50 CELx50@38.50 BOCHx50@38.50 

2012-09-27
Cash: 70.31
Held: AGOx50@38.47 AGMx50@38.47 CELx50@38.47 BOCHx50@38.47 AGGx50@38.47 
Value: 9687.50
Sales: AGOx50@38.47 AGGx50@38.47 AGMx50@38.47 CELx50@38.47 BOCHx50@38.47 
Purchases: AGOx50@38.47 AGGx50@38.47 AGMx50@38.47 CELx50@38.47 BOCHx50@38.47 

2012-09-30
Cash: 70.31
Held: AGOx50@38.50 AGMx50@38.50 CELx50@38.50 BOCHx50@38.50 AGGx50@38.50 
Value: 9695.31
Sales: AGOx50@38.50 AGGx50@38.50 AGMx50@38.50 CELx50@38.50 BOCHx50@38.50 
Purchases: AGOx50@38.50 AGGx50@38.50 AGMx50@38.50 CELx50@38.50 BOCHx50@38.50 

2012-10-01
Cash: 70.31
Held: AGOx50@39.09 AGMx50@39.09 CELx50@39.09 BOCHx50@39.09 AGGx50@39.09 
Value: 9843.75
Sales: AGOx50@39.09 AGGx50@39.09 AGMx50@39.09 CELx50@39.09 BOCHx50@39.09 
Purchases: AGOx50@39.09 AGGx50@39.09 AGMx50@39.09 CELx50@39.09 BOCHx50@39.09 

2012-10-02
Cash: 70.31
Held: AGOx50@39.00 AGMx50@39.00 CELx50@39.00 BOCHx50@39.00 AGGx50@39.00 
Value: 9820.31
Sales: AGOx50@39.00 AGGx50@39.00 AGMx50@39.00 CELx50@39.00 BOCHx50@39.00 
Purchases: AGOx50@39.00 AGGx50@39.00 AGMx50@39.00 CELx50@39.00 BOCHx50@39.00 

2012-10-03
Cash: 70.31
Held: AGOx50@39.22 AGMx50@39.22 CELx50@39.22 BOCHx50@39.22 AGGx50@39.22 
Value: 9875.00
Sales: AGOx50@39.22 AGGx50@39.22 AGMx50@39.22 CELx50@39.22 BOCHx50@39.22 
Purchases: AGOx50@39.22 AGGx50@39.22 AGMx50@39.22 CELx50@39.22 BOCHx50@39.22 

2012-10-04
Cash: 70.31
Held: AGOx50@39.44 AGMx50@39.44 CELx50@39.44 BOCHx50@39.44 AGGx50@39.44 
Value: 9929.69
Sales: AGOx50@39.44 AGGx50@39.44 AGMx50@39.44 CELx50@39.44 BOCHx50@39.44 
Purchases: AGOx50@39.44 AGGx50@39.44 AGMx50@39.44 CELx50@39.44 BOCHx50@39.44 

2012-10-07
Cash: 70.31
Held: AGOx50@38.59 AGMx50@38.59 CELx50@38.59 BOCHx50@38.59 AGGx50@38.59 
Value: 9718.75
Sales: AGOx50@38.59 AGGx50@38.59 AGMx50@38.59 CELx50@38.59 BOCHx50@38.59 
Purchases: AGOx50@38.59 AGGx50@38.59 AGMx50@38.59 CELx50@38.59 BOCHx50@38.59 

2012-10-08
Cash: 70.31
Held: AGOx50@38.66 AGMx50@38.66 CELx50@38.66 BOCHx50@38.66 AGGx50@38.66 
Value: 9734.38
Sales: AGOx50@38.66 AGGx50@38.66 AGMx50@38.66 CELx50@38.66 BOCHx50@38.66 
Purchases: AGOx50@38.66 AGGx50@38.66 AGMx50@38.66 CELx50@38.66 BOCHx50@38.66 

2012-10-09
Cash: 70.31
Held: AGOx50@38.19 AGMx50@38.19 CELx50@38.19 BOCHx50@38.19 AGGx50@38.19 
Value: 9617.19
Sales: AGOx50@38.19 AGGx50@38.19 AGMx50@38.19 CELx50@38.19 BOCHx50@38.19 
Purchases: AGOx50@38.19 AGGx50@38.19 AGMx50@38.19 CELx50@38.19 BOCHx50@38.19 

2012-10-10
Cash: 70.31
Held: AGOx50@37.78 AGMx50@37.78 CELx50@37.78 BOCHx50@37.78 AGGx50@37.78 
Value: 9515.62
Sales: AGOx50@37.78 AGGx50@37.78 AGMx50@37.78 CELx50@37.78 BOCHx50@37.78 
Purchases: AGOx50@37.78 AGGx50@37.78 AGMx50@37.78 CELx50@37.78 BOCHx50@37.78 

2012-10-11
Cash: 70.31
Held: AGOx50@37.69 AGMx50@37.69 CELx50@37.69 BOCHx50@37.69 AGGx50@37.69 
Value: 9492.19
Sales: AGOx50@37.69 AGGx50@37.69 AGMx50@37.69 CELx50@37.69 BOCHx50@37.69 
Purchases: AGOx50@37.69 AGGx50@37.69 AGMx50@37.69 CELx50@37.69 BOCHx50@37.69 

2012-10-14
Cash: 70.31
Held: AGOx50@37.31 AGMx50@37.31 CELx50@37.31 BOCHx50@37.31 AGGx50@37.31 
Value: 9398.44
Sales: AGOx50@37.31 AGGx50@37.31 AGMx50@37.31 CELx50@37.31 BOCHx50@37.31 
Purchases: AGOx50@37.31 AGGx50@37.31 AGMx50@37.31 CELx50@37.31 BOCHx50@37.31 

2012-10-15
Cash: 70.31
Held: AGOx50@37.47 AGMx50@37.47 CELx50@37.47 BOCHx50@37.47 AGGx50@37.47 
Value: 9437.50
Sales: AGOx50@37.47 AGGx50@37.47 AGMx50@37.47 CELx50@37.47 BOCHx50@37.47 
Purchases: AGOx50@37.47 AGGx50@37.47 AGMx50@37.47 CELx50@37.47 BOCHx50@37.47 

2012-10-16
Cash: 70.31
Held: AGOx50@38.00 AGMx50@38.00 CELx50@38.00 BOCHx50@38.00 AGGx50@38.00 
Value: 9570.31
Sales: AGOx50@38.00 AGGx50@38.00 AGMx50@38.00 CELx50@38.00 BOCHx50@38.00 
Purchases: AGOx50@38.00 AGGx50@38.00 AGMx50@38.00 CELx50@38.00 BOCHx50@38.00 

2012-10-17
Cash: 70.31
Held: AGOx50@37.59 AGMx50@37.59 CELx50@37.59 BOCHx50@37.59 AGGx50@37.59 
Value: 9468.75
Sales: AGOx50@37.59 AGGx50@37.59 AGMx50@37.59 CELx50@37.59 BOCHx50@37.59 
Purchases: AGOx50@37.59 AGGx50@37.59 AGMx50@37.59 CELx50@37.59 BOCHx50@37.59 

2012-10-18
Cash: 70.31
Held: AGOx50@36.47 AGMx50@36.47 CELx50@36.47 BOCHx50@36.47 AGGx50@36.47 
Value: 9187.50
Sales: AGOx50@36.47 AGGx50@36.47 AGMx50@36.47 CELx50@36.47 BOCHx50@36.47 
Purchases: AGOx50@36.47 AGGx50@36.47 AGMx50@36.47 CELx50@36.47 BOCHx50@36.47 

2012-10-21
Cash: 70.31
Held: AGOx50@35.66 AGMx50@35.66 CELx50@35.66 BOCHx50@35.66 AGGx50@35.66 
Value: 8984.38
Sales: AGOx50@35.66 AGGx50@35.66 AGMx50@35.66 CELx50@35.66 BOCHx50@35.66 
Purchases: AGOx50@35.66 AGGx50@35.66 AGMx50@35.66 CELx50@35.66 BOCHx50@35.66 

2012-10-22
Cash: 70.31
Held: AGOx50@35.38 AGMx50@35.38 CELx50@35.38 BOCHx50@35.38 AGGx50@35.38 
Value: 8914.06
Sales: AGOx50@35.38 AGGx50@35.38 AGMx50@35.38 CELx50@35.38 BOCHx50@35.38 
Purchases: AGOx50@35.38 AGGx50@35.38 AGMx50@35.38 CELx50@35.38 BOCHx50@35.38 

2012-10-23
Cash: 70.31
Held: AGOx50@35.62 AGMx50@35.62 CELx50@35.62 BOCHx50@35.62 AGGx50@35.62 
Value: 8976.56
Sales: AGOx50@35.62 AGGx50@35.62 AGMx50@35.62 CELx50@35.62 BOCHx50@35.62 
Purchases: AGOx50@35.62 AGGx50@35.62 AGMx50@35.62 CELx50@35.62 BOCHx50@35.62 

2012-10-24
Cash: 70.31
Held: AGOx50@36.19 AGMx50@36.19 CELx50@36.19 BOCHx50@36.19 AGGx50@36.19 
Value: 9117.19
Sales: AGOx50@36.19 AGGx50@36.19 AGMx50@36.19 CELx50@36.19 BOCHx50@36.19 
Purchases: AGOx50@36.19 AGGx50@36.19 AGMx50@36.19 CELx50@36.19 BOCHx50@36.19 

2012-10-25
Cash: 70.31
Held: AGOx50@36.16 AGMx50@36.16 CELx50@36.16 BOCHx50@36.16 AGGx50@36.16 
Value: 9109.38
Sales: AGOx50@36.16 AGGx50@36.16 AGMx50@36.16 CELx50@36.16 BOCHx50@36.16 
Purchases: AGOx50@36.16 AGGx50@36.16 AGMx50@36.16 CELx50@36.16 BOCHx50@36.16 

2012-10-30
Cash: 70.31
Held: AGOx50@36.00 AGMx50@36.00 CELx50@36.00 BOCHx50@36.00 AGGx50@36.00 
Value: 9070.31
Sales: AGOx50@36.00 AGGx50@36.00 AGMx50@36.00 CELx50@36.00 BOCHx50@36.00 
Purchases: AGOx50@36.00 AGGx50@36.00 AGMx50@36.00 CELx50@36.00 BOCHx50@36.00 

2012-10-31
Cash: 70.31
Held: AGOx50@36.03 AGMx50@36.03 CELx50@36.03 BOCHx50@36.03 AGGx50@36.03 
Value: 9078.12
Sales: AGOx50@36.03 AGGx50@36.03 AGMx50@36.03 CELx50@36.03 BOCHx50@36.03 
Purchases: AGOx50@36.03 AGGx50@36.03 AGMx50@36.03 CELx50@36.03 BOCHx50@36.03 

2012-11-01
Cash: 70.31
Held: AGOx50@37.38 AGMx50@37.38 CELx50@37.38 BOCHx50@37.38 AGGx50@37.38 
Value: 9414.06
Sales: AGOx50@37.38 AGGx50@37.38 AGMx50@37.38 CELx50@37.38 BOCHx50@37.38 
Purchases: AGOx50@37.38 AGGx50@37.38 AGMx50@37.38 CELx50@37.38 BOCHx50@37.38 

2012-11-04
Cash: 70.31
Held: AGOx50@37.00 AGMx50@37.00 CELx50@37.00 BOCHx50@37.00 AGGx50@37.00 
Value: 9320.31
Sales: AGOx50@37.00 AGGx50@37.00 AGMx50@37.00 CELx50@37.00 BOCHx50@37.00 
Purchases: AGOx50@37.00 AGGx50@37.00 AGMx50@37.00 CELx50@37.00 BOCHx50@37.00 

2012-11-05
Cash: 70.31
Held: AGOx50@37.62 AGMx50@37.62 CELx50@37.62 BOCHx50@37.62 AGGx50@37.62 
Value: 9476.56
Sales: AGOx50@37.62 AGGx50@37.62 AGMx50@37.62 CELx50@37.62 BOCHx50@37.62 
Purchases: AGOx50@37.62 AGGx50@37.62 AGMx50@37.62 CELx50@37.62 BOCHx50@37.62 

2012-11-06
Cash: 70.31
Held: AGOx50@37.78 AGMx50@37.78 CELx50@37.78 BOCHx50@37.78 AGGx50@37.78 
Value: 9515.62
Sales: AGOx50@37.78 AGGx50@37.78 AGMx50@37.78 CELx50@37.78 BOCHx50@37.78 
Purchases: AGOx50@37.78 AGGx50@37.78 AGMx50@37.78 CELx50@37.78 BOCHx50@37.78 

2012-11-07
Cash: 70.31
Held: AGOx50@37.59 AGMx50@37.59 CELx50@37.59 BOCHx50@37.59 AGGx50@37.59 
Value: 9468.75
Sales: AGOx50@37.59 AGGx50@37.59 AGMx50@37.59 CELx50@37.59 BOCHx50@37.59 
Purchases: AGOx50@37.59 AGGx50@37.59 AGMx50@37.59 CELx50@37.59 BOCHx50@37.59 

2012-11-08
Cash: 70.31
Held: AGOx50@36.62 AGMx50@36.62 CELx50@36.62 BOCHx50@36.62 AGGx50@36.62 
Value: 9226.56
Sales: AGOx50@36.62 AGGx50@36.62 AGMx50@36.62 CELx50@36.62 BOCHx50@36.62 
Purchases: AGOx50@36.62 AGGx50@36.62 AGMx50@36.62 CELx50@36.62 BOCHx50@36.62 

2012-11-11
Cash: 70.31
Held: AGOx50@37.06 AGMx50@37.06 CELx50@37.06 BOCHx50@37.06 AGGx50@37.06 
Value: 9335.94
Sales: AGOx50@37.06 AGGx50@37.06 AGMx50@37.06 CELx50@37.06 BOCHx50@37.06 
Purchases: AGOx50@37.06 AGGx50@37.06 AGMx50@37.06 CELx50@37.06 BOCHx50@37.06 

2012-11-12
Cash: 70.31
Held: AGOx50@36.66 AGMx50@36.66 CELx50@36.66 BOCHx50@36.66 AGGx50@36.66 
Value: 9234.38
Sales: AGOx50@36.66 AGGx50@36.66 AGMx50@36.66 CELx50@36.66 BOCHx50@36.66 
Purchases: AGOx50@36.66 AGGx50@36.66 AGMx50@36.66 CELx50@36.66 BOCHx50@36.66 

2012-11-13
Cash: 70.31
Held: AGOx50@36.41 AGMx50@36.41 CELx50@36.41 BOCHx50@36.41 AGGx50@36.41 
Value: 9171.88
Sales: AGOx50@36.41 AGGx50@36.41 AGMx50@36.41 CELx50@36.41 BOCHx50@36.41 
Purchases: AGOx50@36.41 AGGx50@36.41 AGMx50@36.41 CELx50@36.41 BOCHx50@36.41 

2012-11-14
Cash: 70.31
Held: AGOx50@36.12 AGMx50@36.12 CELx50@36.12 BOCHx50@36.12 AGGx50@36.12 
Value: 9101.56
Sales: AGOx50@36.12 AGGx50@36.12 AGMx50@36.12 CELx50@36.12 BOCHx50@36.12 
Purchases: AGOx50@36.12 AGGx50@36.12 AGMx50@36.12 CELx50@36.12 BOCHx50@36.12 

2012-11-15
Cash: 70.31
Held: AGOx50@35.78 AGMx50@35.78 CELx50@35.78 BOCHx50@35.78 AGGx50@35.78 
Value: 9015.62
Sales: AGOx50@35.78 AGGx50@35.78 AGMx50@35.78 CELx50@35.78 BOCHx50@35.78 
Purchases: AGOx50@35.78 AGGx50@35.78 AGMx50@35.78 CELx50@35.78 BOCHx50@35.78 

2012-11-18
Cash: 70.31
Held: AGOx50@37.00 AGMx50@37.00 CELx50@37.00 BOCHx50@37.00 AGGx50@37.00 
Value: 9320.31
Sales: AGOx50@37.00 AGGx50@37.00 AGMx50@37.00 CELx50@37.00 BOCHx50@37.00 
Purchases: AGOx50@37.00 AGGx50@37.00 AGMx50@37.00 CELx50@37.00 BOCHx50@37.00 

2012-11-19
Cash: 70.31
Held: AGOx50@35.94 AGMx50@35.94 CELx50@35.94 BOCHx50@35.94 AGGx50@35.94 
Value: 9054.69
Sales: AGOx50@35.94 AGGx50@35.94 AGMx50@35.94 CELx50@35.94 BOCHx50@35.94 
Purchases: AGOx50@35.94 AGGx50@35.94 AGMx50@35.94 CELx50@35.94 BOCHx50@35.94 

2012-11-20
Cash: 70.31
Held: AGOx50@36.31 AGMx50@36.31 CELx50@36.31 BOCHx50@36.31 AGGx50@36.31 
Value: 9148.44
Sales: AGOx50@36.31 AGGx50@36.31 AGMx50@36.31 CELx50@36.31 BOCHx50@36.31 
Purchases: AGOx50@36.31 AGGx50@36.31 AGMx50@36.31 CELx50@36.31 BOCHx50@36.31 

2012-11-22
Cash: 70.31
Held: AGOx50@36.16 AGMx50@36.16 CELx50@36.16 BOCHx50@36.16 AGGx50@36.16 
Value: 9109.38
Sales: AGOx50@36.16 AGGx50@36.16 AGMx50@36.16 CELx50@36.16 BOCHx50@36.16 
Purchases: AGOx50@36.16 AGGx50@36.16 AGMx50@36.16 CELx50@36.16 BOCHx50@36.16 

2012-11-25
Cash: 70.31
Held: AGOx50@36.69 AGMx50@36.69 CELx50@36.69 BOCHx50@36.69 AGGx50@36.69 
Value: 9242.19
Sales: AGOx50@36.69 AGGx50@36.69 AGMx50@36.69 CELx50@36.69 BOCHx50@36.69 
Purchases: AGOx50@36.69 AGGx50@36.69 AGMx50@36.69 CELx50@36.69 BOCHx50@36.69 

2012-11-26
Cash: 70.31
Held: AGOx50@37.38 AGMx50@37.38 CELx50@37.38 BOCHx50@37.38 AGGx50@37.38 
Value: 9414.06
Sales: AGOx50@37.38 AGGx50@37.38 AGMx50@37.38 CELx50@37.38 BOCHx50@37.38 
Purchases: AGOx50@37.38 AGGx50@37.38 AGMx50@37.38 CELx50@37.38 BOCHx50@37.38 

2012-11-27
Cash: 70.31
Held: AGOx50@37.12 AGMx50@37.12 CELx50@37.12 BOCHx50@37.12 AGGx50@37.12 
Value: 9351.56
Sales: AGOx50@37.12 AGGx50@37.12 AGMx50@37.12 CELx50@37.12 BOCHx50@37.12 
Purchases: AGOx50@37.12 AGGx50@37.12 AGMx50@37.12 CELx50@37.12 BOCHx50@37.12 

2012-11-28
Cash: 70.31
Held: AGOx50@38.09 AGMx50@38.09 CELx50@38.09 BOCHx50@38.09 AGGx50@38.09 
Value: 9593.75
Sales: AGOx50@38.09 AGGx50@38.09 AGMx50@38.09 CELx50@38.09 BOCHx50@38.09 
Purchases: AGOx50@38.09 AGGx50@38.09 AGMx50@38.09 CELx50@38.09 BOCHx50@38.09 

2012-11-29
Cash: 70.31
Held: AGOx50@38.38 AGMx50@38.38 CELx50@38.38 BOCHx50@38.38 AGGx50@38.38 
Value: 9664.06
Sales: AGOx50@38.38 AGGx50@38.38 AGMx50@38.38 CELx50@38.38 BOCHx50@38.38 
Purchases: AGOx50@38.38 AGGx50@38.38 AGMx50@38.38 CELx50@38.38 BOCHx50@38.38 

2012-12-02
Cash: 70.31
Held: AGOx50@38.59 AGMx50@38.59 CELx50@38.59 BOCHx50@38.59 AGGx50@38.59 
Value: 9718.75
Sales: AGOx50@38.59 AGGx50@38.59 AGMx50@38.59 CELx50@38.59 BOCHx50@38.59 
Purchases: AGOx50@38.59 AGGx50@38.59 AGMx50@38.59 CELx50@38.59 BOCHx50@38.59 

2012-12-03
Cash: 70.31
Held: AGOx50@37.94 AGMx50@37.94 CELx50@37.94 BOCHx50@37.94 AGGx50@37.94 
Value: 9554.69
Sales: AGOx50@37.94 AGGx50@37.94 AGMx50@37.94 CELx50@37.94 BOCHx50@37.94 
Purchases: AGOx50@37.94 AGGx50@37.94 AGMx50@37.94 CELx50@37.94 BOCHx50@37.94 

2012-12-04
Cash: 70.31
Held: AGOx50@38.12 AGMx50@38.12 CELx50@38.12 BOCHx50@38.12 AGGx50@38.12 
Value: 9601.56
Sales: AGOx50@38.12 AGGx50@38.12 AGMx50@38.12 CELx50@38.12 BOCHx50@38.12 
Purchases: AGOx50@38.12 AGGx50@38.12 AGMx50@38.12 CELx50@38.12 BOCHx50@38.12 

2012-12-05
Cash: 70.31
Held: AGOx50@38.53 AGMx50@38.53 CELx50@38.53 BOCHx50@38.53 AGGx50@38.53 
Value: 9703.12
Sales: AGOx50@38.53 AGGx50@38.53 AGMx50@38.53 CELx50@38.53 BOCHx50@38.53 
Purchases: AGOx50@38.53 AGGx50@38.53 AGMx50@38.53 CELx50@38.53 BOCHx50@38.53 

2012-12-06
Cash: 70.31
Held: AGOx50@38.50 AGMx50@38.50 CELx50@38.50 BOCHx50@38.50 AGGx50@38.50 
Value: 9695.31
Sales: AGOx50@38.50 AGGx50@38.50 AGMx50@38.50 CELx50@38.50 BOCHx50@38.50 
Purchases: AGOx50@38.50 AGGx50@38.50 AGMx50@38.50 CELx50@38.50 BOCHx50@38.50 

2012-12-09
Cash: 70.31
Held: AGOx50@37.81 AGMx50@37.81 CELx50@37.81 BOCHx50@37.81 AGGx50@37.81 
Value: 9523.44
Sales: AGOx50@37.81 AGGx50@37.81 AGMx50@37.81 CELx50@37.81 BOCHx50@37.81 
Purchases: AGOx50@37.81 AGGx50@37.81 AGMx50@37.81 CELx50@37.81 BOCHx50@37.81 

2012-12-10
Cash: 70.31
Held: AGOx50@38.75 AGMx50@38.75 CELx50@38.75 BOCHx50@38.75 AGGx50@38.75 
Value: 9757.81
Sales: AGOx50@38.75 AGGx50@38.75 AGMx50@38.75 CELx50@38.75 BOCHx50@38.75 
Purchases: AGOx50@38.75 AGGx50@38.75 AGMx50@38.75 CELx50@38.75 BOCHx50@38.75 

2012-12-11
Cash: 70.31
Held: AGOx50@39.81 AGMx50@39.81 CELx50@39.81 BOCHx50@39.81 AGGx50@39.81 
Value: 10023.44
Sales: AGOx50@39.81 AGGx50@39.81 AGMx50@39.81 CELx50@39.81 BOCHx50@39.81 
Purchases: AGOx50@39.81 AGGx50@39.81 AGMx50@39.81 CELx50@39.81 BOCHx50@39.81 

2012-12-12
Cash: 70.31
Held: AGOx50@40.38 AGMx50@40.38 CELx50@40.38 BOCHx50@40.38 AGGx50@40.38 
Value: 10164.06
Sales: AGOx50@40.38 AGGx50@40.38 AGMx50@40.38 CELx50@40.38 BOCHx50@40.38 
Purchases: AGOx50@40.38 AGGx50@40.38 AGMx50@40.38 CELx50@40.38 BOCHx50@40.38 

2012-12-13
Cash: 70.31
Held: AGOx50@39.72 AGMx50@39.72 CELx50@39.72 BOCHx50@39.72 AGGx50@39.72 
Value: 10000.00
Sales: AGOx50@39.72 AGGx50@39.72 AGMx50@39.72 CELx50@39.72 BOCHx50@39.72 
Purchases: AGOx50@39.72 AGGx50@39.72 AGMx50@39.72 CELx50@39.72 BOCHx50@39.72 

2012-12-16
Cash: 70.31
Held: AGOx50@39.97 AGMx50@39.97 CELx50@39.97 BOCHx50@39.97 AGGx50@39.97 
Value: 10062.50
Sales: AGOx50@39.97 AGGx50@39.97 AGMx50@39.97 CELx50@39.97 BOCHx50@39.97 
Purchases: AGOx50@39.97 AGGx50@39.97 AGMx50@39.97 CELx50@39.97 BOCHx50@39.97 

2012-12-17
Cash: 70.31
Held: AGOx50@40.75 AGMx50@40.75 CELx50@40.75 BOCHx50@40.75 AGGx50@40.75 
Value: 10257.81
Sales: AGOx50@40.75 AGGx50@40.75 AGMx50@40.75 CELx50@40.75 BOCHx50@40.75 
Purchases: AGOx50@40.75 AGGx50@40.75 AGMx50@40.75 CELx50@40.75 BOCHx50@40.75 

2012-12-18
Cash: 70.31
Held: AGOx50@41.47 AGMx50@41.47 CELx50@41.47 BOCHx50@41.47 AGGx50@41.47 
Value: 10437.50
Sales: AGOx50@41.47 AGGx50@41.47 AGMx50@41.47 CELx50@41.47 BOCHx50@41.47 
Purchases: AGOx50@41.47 AGGx50@41.47 AGMx50@41.47 CELx50@41.47 BOCHx50@41.47 

2012-12-19
Cash: 70.31
Held: AGOx50@40.59 AGMx50@40.59 CELx50@40.59 BOCHx50@40.59 AGGx50@40.59 
Value: 10218.75
Sales: AGOx50@40.59 AGGx50@40.59 AGMx50@40.59 CELx50@40.59 BOCHx50@40.59 
Purchases: AGOx50@40.59 AGGx50@40.59 AGMx50@40.59 CELx50@40.59 BOCHx50@40.59 

2012-12-20
Cash: 70.31
Held: AGOx50@40.69 AGMx50@40.69 CELx50@40.69 BOCHx50@40.69 AGGx50@40.69 
Value: 10242.19
Sales: AGOx50@40.69 AGGx50@40.69 AGMx50@40.69 CELx50@40.69 BOCHx50@40.69 
Purchases: AGOx50@40.69 AGGx50@40.69 AGMx50@40.69 CELx50@40.69 BOCHx50@40.69 

2012-12-23
Cash: 70.31
Held: AGOx50@40.88 AGMx50@40.88 CELx50@40.88 BOCHx50@40.88 AGGx50@40.88 
Value: 10289.06
Sales: AGOx50@40.88 AGGx50@40.88 AGMx50@40.88 CELx50@40.88 BOCHx50@40.88 
Purchases: AGOx50@40.88 AGGx50@40.88 AGMx50@40.88 CELx50@40.88 BOCHx50@40.88 

2012-12-25
Cash: 70.31
Held: AGOx50@41.12 AGMx50@41.12 CELx50@41.12 BOCHx50@41.12 AGGx50@41.12 
Value: 10351.56
Sales: AGOx50@41.12 AGGx50@41.12 AGMx50@41.12 CELx50@41.12 BOCHx50@41.12 
Purchases: AGOx50@41.12 AGGx50@41.12 AGMx50@41.12 CELx50@41.12 BOCHx50@41.12 

2012-12-26
Cash: 70.31
Held: AGOx50@40.81 AGMx50@40.81 CELx50@40.81 BOCHx50@40.81 AGGx50@40.81 
Value: 10273.44
Sales: AGOx50@40.81 AGGx50@40.81 AGMx50@40.81 CELx50@40.81 BOCHx50@40.81 
Purchases: AGOx50@40.81 AGGx50@40.81 AGMx50@40.81 CELx50@40.81 BOCHx50@40.81 

2012-12-27
Cash: 70.31
Held: AGOx50@40.22 AGMx50@40.22 CELx50@40.22 BOCHx50@40.22 AGGx50@40.22 
Value: 10125.00
Sales: AGOx50@40.22 AGGx50@40.22 AGMx50@40.22 CELx50@40.22 BOCHx50@40.22 
Purchases: AGOx50@40.22 AGGx50@40.22 AGMx50@40.22 CELx50@40.22 BOCHx50@40.22 

2012-12-30
Cash: 70.31
Held: AGOx50@39.69 AGMx50@39.69 CELx50@39.69 BOCHx50@39.69 AGGx50@39.69 
Value: 9992.19
Sales: AGOx50@39.69 AGGx50@39.69 AGMx50@39.69 CELx50@39.69 BOCHx50@39.69 
Purchases: AGOx50@39.69 AGGx50@39.69 AGMx50@39.69 CELx50@39.69 BOCHx50@39.69 

2013-01-01
Cash: 70.31
Held: AGOx50@42.16 AGMx50@42.16 CELx50@42.16 BOCHx50@42.16 AGGx50@42.16 
Value: 10609.38
Sales: AGOx50@42.16 AGGx50@42.16 AGMx50@42.16 CELx50@42.16 BOCHx50@42.16 
Purchases: AGOx50@42.16 AGGx50@42.16 AGMx50@42.16 CELx50@42.16 BOCHx50@42.16 

2013-01-02
Cash: 70.31
Held: AGOx50@41.94 AGMx50@41.94 CELx50@41.94 BOCHx50@41.94 AGGx50@41.94 
Value: 10554.69
Sales: AGOx50@41.94 AGGx50@41.94 AGMx50@41.94 CELx50@41.94 BOCHx50@41.94 
Purchases: AGOx50@41.94 AGGx50@41.94 AGMx50@41.94 CELx50@41.94 BOCHx50@41.94 

2013-01-03
Cash: 70.31
Held: AGOx50@42.12 AGMx50@42.12 CELx50@42.12 BOCHx50@42.12 AGGx50@42.12 
Value: 10601.56
Sales: AGOx50@42.12 AGGx50@42.12 AGMx50@42.12 CELx50@42.12 BOCHx50@42.12 
Purchases: AGOx50@42.12 AGGx50@42.12 AGMx50@42.12 CELx50@42.12 BOCHx50@42.12 

2013-01-06
Cash: 70.31
Held: AGOx50@42.59 AGMx50@42.59 CELx50@42.59 BOCHx50@42.59 AGGx50@42.59 
Value: 10718.75
Sales: AGOx50@42.59 AGGx50@42.59 AGMx50@42.59 CELx50@42.59 BOCHx50@42.59 
Purchases: AGOx50@42.59 AGGx50@42.59 AGMx50@42.59 CELx50@42.59 BOCHx50@42.59 

2013-01-07
Cash: 70.31
Held: AGOx50@42.47 AGMx50@42.47 CELx50@42.47 BOCHx50@42.47 AGGx50@42.47 
Value: 10687.50
Sales: AGOx50@42.47 AGGx50@42.47 AGMx50@42.47 CELx50@42.47 BOCHx50@42.47 
Purchases: AGOx50@42.47 AGGx50@42.47 AGMx50@42.47 CELx50@42.47 BOCHx50@42.47 

2013-01-08
Cash: 70.31
Held: AGOx50@43.00 AGMx50@43.00 CELx50@43.00 BOCHx50@43.00 AGGx50@43.00 
Value: 10820.31
Sales: AGOx50@43.00 AGGx50@43.00 AGMx50@43.00 CELx50@43.00 BOCHx50@43.00 
Purchases: AGOx50@43.00 AGGx50@43.00 AGMx50@43.00 CELx50@43.00 BOCHx50@43.00 

2013-01-09
Cash: 70.31
Held: AGOx50@43.62 AGMx50@43.62 CELx50@43.62 BOCHx50@43.62 AGGx50@43.62 
Value: 10976.56
Sales: AGOx50@43.62 AGGx50@43.62 AGMx50@43.62 CELx50@43.62 BOCHx50@43.62 
Purchases: AGOx50@43.62 AGGx50@43.62 AGMx50@43.62 CELx50@43.62 BOCHx50@43.62 

2013-01-10
Cash: 70.31
Held: AGOx50@43.66 AGMx50@43.66 CELx50@43.66 BOCHx50@43.66 AGGx50@43.66 
Value: 10984.38
Sales: AGOx50@43.66 AGGx50@43.66 AGMx50@43.66 CELx50@43.66 BOCHx50@43.66 
Purchases: AGOx50@43.66 AGGx50@43.66 AGMx50@43.66 CELx50@43.66 BOCHx50@43.66 

2013-01-13
Cash: 70.31
Held: AGOx50@43.44 AGMx50@43.44 CELx50@43.44 BOCHx50@43.44 AGGx50@43.44 
Value: 10929.69
Sales: AGOx50@43.44 AGGx50@43.44 AGMx50@43.44 CELx50@43.44 BOCHx50@43.44 
Purchases: AGOx50@43.44 AGGx50@43.44 AGMx50@43.44 CELx50@43.44 BOCHx50@43.44 

2013-01-14
Cash: 70.31
Held: AGOx50@43.16 AGMx50@43.16 CELx50@43.16 BOCHx50@43.16 AGGx50@43.16 
Value: 10859.38
Sales: AGOx50@43.16 AGGx50@43.16 AGMx50@43.16 CELx50@43.16 BOCHx50@43.16 
Purchases: AGOx50@43.16 AGGx50@43.16 AGMx50@43.16 CELx50@43.16 BOCHx50@43.16 

2013-01-15
Cash: 70.31
Held: AGOx50@43.16 AGMx50@43.16 CELx50@43.16 BOCHx50@43.16 AGGx50@43.16 
Value: 10859.38
Sales: AGOx50@43.16 AGGx50@43.16 AGMx50@43.16 CELx50@43.16 BOCHx50@43.16 
Purchases: AGOx50@43.16 AGGx50@43.16 AGMx50@43.16 CELx50@43.16 BOCHx50@43.16 

2013-01-16
Cash: 70.31
Held: AGOx50@43.62 AGMx50@43.62 CELx50@43.62 BOCHx50@43.62 AGGx50@43.62 
Value: 10976.56
Sales: AGOx50@43.62 AGGx50@43.62 AGMx50@43.62 CELx50@43.62 BOCHx50@43.62 
Purchases: AGOx50@43.62 AGGx50@43.62 AGMx50@43.62 CELx50@43.62 BOCHx50@43.62 

2013-01-17
Cash: 70.31
Held: AGOx50@44.06 AGMx50@44.06 CELx50@44.06 BOCHx50@44.06 AGGx50@44.06 
Value: 11085.94
Sales: AGOx50@44.06 AGGx50@44.06 AGMx50@44.06 CELx50@44.06 BOCHx50@44.06 
Purchases: AGOx50@44.06 AGGx50@44.06 AGMx50@44.06 CELx50@44.06 BOCHx50@44.06 

2013-01-21
Cash: 70.31
Held: AGOx50@43.97 AGMx50@43.97 CELx50@43.97 BOCHx50@43.97 AGGx50@43.97 
Value: 11062.50
Sales: AGOx50@43.97 AGGx50@43.97 AGMx50@43.97 CELx50@43.97 BOCHx50@43.97 
Purchases: AGOx50@43.97 AGGx50@43.97 AGMx50@43.97 CELx50@43.97 BOCHx50@43.97 

2013-01-22
Cash: 70.31
Held: AGOx50@44.53 AGMx50@44.53 CELx50@44.53 BOCHx50@44.53 AGGx50@44.53 
Value: 11203.12
Sales: AGOx50@44.53 AGGx50@44.53 AGMx50@44.53 CELx50@44.53 BOCHx50@44.53 
Purchases: AGOx50@44.53 AGGx50@44.53 AGMx50@44.53 CELx50@44.53 BOCHx50@44.53 

2013-01-23
Cash: 70.31
Held: AGOx50@44.56 AGMx50@44.56 CELx50@44.56 BOCHx50@44.56 AGGx50@44.56 
Value: 11210.94
Sales: AGOx50@44.56 AGGx50@44.56 AGMx50@44.56 CELx50@44.56 BOCHx50@44.56 
Purchases: AGOx50@44.56 AGGx50@44.56 AGMx50@44.56 CELx50@44.56 BOCHx50@44.56 

2013-01-24
Cash: 70.31
Held: AGOx50@44.72 AGMx50@44.72 CELx50@44.72 BOCHx50@44.72 AGGx50@44.72 
Value: 11250.00
Sales: AGOx50@44.72 AGGx50@44.72 AGMx50@44.72 CELx50@44.72 BOCHx50@44.72 
Purchases: AGOx50@44.72 AGGx50@44.72 AGMx50@44.72 CELx50@44.72 BOCHx50@44.72 

2013-01-27
Cash: 70.31
Held: AGOx50@45.19 AGMx50@45.19 CELx50@45.19 BOCHx50@45.19 AGGx50@45.19 
Value: 11367.19
Sales: AGOx50@45.19 AGGx50@45.19 AGMx50@45.19 CELx50@45.19 BOCHx50@45.19 
Purchases: AGOx50@45.19 AGGx50@45.19 AGMx50@45.19 CELx50@45.19 BOCHx50@45.19 

2013-01-28
Cash: 70.31
Held: AGOx50@44.97 AGMx50@44.97 CELx50@44.97 BOCHx50@44.97 AGGx50@44.97 
Value: 11312.50
Sales: AGOx50@44.97 AGGx50@44.97 AGMx50@44.97 CELx50@44.97 BOCHx50@44.97 
Purchases: AGOx50@44.97 AGGx50@44.97 AGMx50@44.97 CELx50@44.97 BOCHx50@44.97 

2013-01-29
Cash: 70.31
Held: AGOx50@44.59 AGMx50@44.59 CELx50@44.59 BOCHx50@44.59 AGGx50@44.59 
Value: 11218.75
Sales: AGOx50@44.59 AGGx50@44.59 AGMx50@44.59 CELx50@44.59 BOCHx50@44.59 
Purchases: AGOx50@44.59 AGGx50@44.59 AGMx50@44.59 CELx50@44.59 BOCHx50@44.59 

2013-01-30
Cash: 70.31
Held: AGOx50@44.34 AGMx50@44.34 CELx50@44.34 BOCHx50@44.34 AGGx50@44.34 
Value: 11156.25
Sales: AGOx50@44.34 AGGx50@44.34 AGMx50@44.34 CELx50@44.34 BOCHx50@44.34 
Purchases: AGOx50@44.34 AGGx50@44.34 AGMx50@44.34 CELx50@44.34 BOCHx50@44.34 

2013-01-31
Cash: 70.31
Held: AGOx50@45.09 AGMx50@45.09 CELx50@45.09 BOCHx50@45.09 AGGx50@45.09 
Value: 11343.75
Sales: AGOx50@45.09 AGGx50@45.09 AGMx50@45.09 CELx50@45.09 BOCHx50@45.09 
Purchases: AGOx50@45.09 AGGx50@45.09 AGMx50@45.09 CELx50@45.09 BOCHx50@45.09 

2013-02-03
Cash: 70.31
Held: AGOx50@44.81 AGMx50@44.81 CELx50@44.81 BOCHx50@44.81 AGGx50@44.81 
Value: 11273.44
Sales: AGOx50@44.81 AGGx50@44.81 AGMx50@44.81 CELx50@44.81 BOCHx50@44.81 
Purchases: AGOx50@44.81 AGGx50@44.81 AGMx50@44.81 CELx50@44.81 BOCHx50@44.81 

2013-02-04
Cash: 70.31
Held: AGOx50@44.56 AGMx50@44.56 CELx50@44.56 BOCHx50@44.56 AGGx50@44.56 
Value: 11210.94
Sales: AGOx50@44.56 AGGx50@44.56 AGMx50@44.56 CELx50@44.56 BOCHx50@44.56 
Purchases: AGOx50@44.56 AGGx50@44.56 AGMx50@44.56 CELx50@44.56 BOCHx50@44.56 

2013-02-05
Cash: 70.31
Held: AGOx50@44.72 AGMx50@44.72 CELx50@44.72 BOCHx50@44.72 AGGx50@44.72 
Value: 11250.00
Sales: AGOx50@44.72 AGGx50@44.72 AGMx50@44.72 CELx50@44.72 BOCHx50@44.72 
Purchases: AGOx50@44.72 AGGx50@44.72 AGMx50@44.72 CELx50@44.72 BOCHx50@44.72 

2013-02-06
Cash: 70.31
Held: AGOx50@44.91 AGMx50@44.91 CELx50@44.91 BOCHx50@44.91 AGGx50@44.91 
Value: 11296.88
Sales: AGOx50@44.91 AGGx50@44.91 AGMx50@44.91 CELx50@44.91 BOCHx50@44.91 
Purchases: AGOx50@44.91 AGGx50@44.91 AGMx50@44.91 CELx50@44.91 BOCHx50@44.91 

2013-02-07
Cash: 70.31
Held: AGOx50@45.06 AGMx50@45.06 CELx50@45.06 BOCHx50@45.06 AGGx50@45.06 
Value: 11335.94
Sales: AGOx50@45.06 AGGx50@45.06 AGMx50@45.06 CELx50@45.06 BOCHx50@45.06 
Purchases: AGOx50@45.06 AGGx50@45.06 AGMx50@45.06 CELx50@45.06 BOCHx50@45.06 

2013-02-10
Cash: 70.31
Held: AGOx50@45.16 AGMx50@45.16 CELx50@45.16 BOCHx50@45.16 AGGx50@45.16 
Value: 11359.38
Sales: AGOx50@45.16 AGGx50@45.16 AGMx50@45.16 CELx50@45.16 BOCHx50@45.16 
Purchases: AGOx50@45.16 AGGx50@45.16 AGMx50@45.16 CELx50@45.16 BOCHx50@45.16 

2013-02-11
Cash: 70.31
Held: AGOx50@44.81 AGMx50@44.81 CELx50@44.81 BOCHx50@44.81 AGGx50@44.81 
Value: 11273.44
Sales: AGOx50@44.81 AGGx50@44.81 AGMx50@44.81 CELx50@44.81 BOCHx50@44.81 
Purchases: AGOx50@44.81 AGGx50@44.81 AGMx50@44.81 CELx50@44.81 BOCHx50@44.81 

2013-02-12
Cash: 70.31
Held: AGOx50@44.81 AGMx50@44.81 CELx50@44.81 BOCHx50@44.81 AGGx50@44.81 
Value: 11273.44
Sales: AGOx50@44.81 AGGx50@44.81 AGMx50@44.81 CELx50@44.81 BOCHx50@44.81 
Purchases: AGOx50@44.81 AGGx50@44.81 AGMx50@44.81 CELx50@44.81 BOCHx50@44.81 

2013-02-13
Cash: 70.31
Held: AGOx50@44.72 AGMx50@44.72 CELx50@44.72 BOCHx50@44.72 AGGx50@44.72 
Value: 11250.00
Sales: AGOx50@44.72 AGGx50@44.72 AGMx50@44.72 CELx50@44.72 BOCHx50@44.72 
Purchases: AGOx50@44.72 AGGx50@44.72 AGMx50@44.72 CELx50@44.72 BOCHx50@44.72 

2013-02-14
Cash: 70.31
Held: AGOx50@43.47 AGMx50@43.47 CELx50@43.47 BOCHx50@43.47 AGGx50@43.47 
Value: 10937.50
Sales: AGOx50@43.47 AGGx50@43.47 AGMx50@43.47 CELx50@43.47 BOCHx50@43.47 
Purchases: AGOx50@43.47 AGGx50@43.47 AGMx50@43.47 CELx50@43.47 BOCHx50@43.47 

2013-02-18
Cash: 70.31
Held: AGOx50@42.22 AGMx50@42.22 CELx50@42.22 BOCHx50@42.22 AGGx50@42.22 
Value: 10625.00
Sales: AGOx50@42.22 AGGx50@42.22 AGMx50@42.22 CELx50@42.22 BOCHx50@42.22 
Purchases: AGOx50@42.22 AGGx50@42.22 AGMx50@42.22 CELx50@42.22 BOCHx50@42.22 

2013-02-19
Cash: 70.31
Held: AGOx50@42.84 AGMx50@42.84 CELx50@42.84 BOCHx50@42.84 AGGx50@42.84 
Value: 10781.25
Sales: AGOx50@42.84 AGGx50@42.84 AGMx50@42.84 CELx50@42.84 BOCHx50@42.84 
Purchases: AGOx50@42.84 AGGx50@42.84 AGMx50@42.84 CELx50@42.84 BOCHx50@42.84 

2013-02-20
Cash: 70.31
Held: AGOx50@42.12 AGMx50@42.12 CELx50@42.12 BOCHx50@42.12 AGGx50@42.12 
Value: 10601.56
Sales: AGOx50@42.12 AGGx50@42.12 AGMx50@42.12 CELx50@42.12 BOCHx50@42.12 
Purchases: AGOx50@42.12 AGGx50@42.12 AGMx50@42.12 CELx50@42.12 BOCHx50@42.12 

2013-02-21
Cash: 70.31
Held: AGOx50@41.84 AGMx50@41.84 CELx50@41.84 BOCHx50@41.84 AGGx50@41.84 
Value: 10531.25
Sales: AGOx50@41.84 AGGx50@41.84 AGMx50@41.84 CELx50@41.84 BOCHx50@41.84 
Purchases: AGOx50@41.84 AGGx50@41.84 AGMx50@41.84 CELx50@41.84 BOCHx50@41.84 

2013-02-24
Cash: 70.31
Held: AGOx50@42.09 AGMx50@42.09 CELx50@42.09 BOCHx50@42.09 AGGx50@42.09 
Value: 10593.75
Sales: AGOx50@42.09 AGGx50@42.09 AGMx50@42.09 CELx50@42.09 BOCHx50@42.09 
Purchases: AGOx50@42.09 AGGx50@42.09 AGMx50@42.09 CELx50@42.09 BOCHx50@42.09 

2013-02-25
Cash: 70.31
Held: AGOx50@40.62 AGMx50@40.62 CELx50@40.62 BOCHx50@40.62 AGGx50@40.62 
Value: 10226.56
Sales: AGOx50@40.62 AGGx50@40.62 AGMx50@40.62 CELx50@40.62 BOCHx50@40.62 
Purchases: AGOx50@40.62 AGGx50@40.62 AGMx50@40.62 CELx50@40.62 BOCHx50@40.62 

2013-02-26
Cash: 70.31
Held: AGOx50@41.00 AGMx50@41.00 CELx50@41.00 BOCHx50@41.00 AGGx50@41.00 
Value: 10320.31
Sales: AGOx50@41.00 AGGx50@41.00 AGMx50@41.00 CELx50@41.00 BOCHx50@41.00 
Purchases: AGOx50@41.00 AGGx50@41.00 AGMx50@41.00 CELx50@41.00 BOCHx50@41.00 

2013-02-27
Cash: 70.31
Held: AGOx50@41.78 AGMx50@41.78 CELx50@41.78 BOCHx50@41.78 AGGx50@41.78 
Value: 10515.62
Sales: AGOx50@41.78 AGGx50@41.78 AGMx50@41.78 CELx50@41.78 BOCHx50@41.78 
Purchases: AGOx50@41.78 AGGx50@41.78 AGMx50@41.78 CELx50@41.78 BOCHx50@41.78 

2013-02-28
Cash: 70.31
Held: AGOx50@41.19 AGMx50@41.19 CELx50@41.19 BOCHx50@41.19 AGGx50@41.19 
Value: 10367.19
Sales: AGOx50@41.19 AGGx50@41.19 AGMx50@41.19 CELx50@41.19 BOCHx50@41.19 
Purchases: AGOx50@41.19 AGGx50@41.19 AGMx50@41.19 CELx50@41.19 BOCHx50@41.19 

2013-03-03
Cash: 70.31
Held: AGOx50@41.75 AGMx50@41.75 CELx50@41.75 BOCHx50@41.75 AGGx50@41.75 
Value: 10507.81
Sales: AGOx50@41.75 AGGx50@41.75 AGMx50@41.75 CELx50@41.75 BOCHx50@41.75 
Purchases: AGOx50@41.75 AGGx50@41.75 AGMx50@41.75 CELx50@41.75 BOCHx50@41.75 

2013-03-04
Cash: 70.31
Held: AGOx50@42.34 AGMx50@42.34 CELx50@42.34 BOCHx50@42.34 AGGx50@42.34 
Value: 10656.25
Sales: AGOx50@42.34 AGGx50@42.34 AGMx50@42.34 CELx50@42.34 BOCHx50@42.34 
Purchases: AGOx50@42.34 AGGx50@42.34 AGMx50@42.34 CELx50@42.34 BOCHx50@42.34 

2013-03-05
Cash: 70.31
Held: AGOx50@43.00 AGMx50@43.00 CELx50@43.00 BOCHx50@43.00 AGGx50@43.00 
Value: 10820.31
Sales: AGOx50@43.00 AGGx50@43.00 AGMx50@43.00 CELx50@43.00 BOCHx50@43.00 
Purchases: AGOx50@43.00 AGGx50@43.00 AGMx50@43.00 CELx50@43.00 BOCHx50@43.00 

2013-03-06
Cash: 70.31
Held: AGOx50@43.31 AGMx50@43.31 CELx50@43.31 BOCHx50@43.31 AGGx50@43.31 
Value: 10898.44
Sales: AGOx50@43.31 AGGx50@43.31 AGMx50@43.31 CELx50@43.31 BOCHx50@43.31 
Purchases: AGOx50@43.31 AGGx50@43.31 AGMx50@43.31 CELx50@43.31 BOCHx50@43.31 

2013-03-07
Cash: 70.31
Held: AGOx50@43.50 AGMx50@43.50 CELx50@43.50 BOCHx50@43.50 AGGx50@43.50 
Value: 10945.31
Sales: AGOx50@43.50 AGGx50@43.50 AGMx50@43.50 CELx50@43.50 BOCHx50@43.50 
Purchases: AGOx50@43.50 AGGx50@43.50 AGMx50@43.50 CELx50@43.50 BOCHx50@43.50 

2013-03-10
Cash: 70.31
Held: AGOx50@43.00 AGMx50@43.00 CELx50@43.00 BOCHx50@43.00 AGGx50@43.00 
Value: 10820.31
Sales: AGOx50@43.00 AGGx50@43.00 AGMx50@43.00 CELx50@43.00 BOCHx50@43.00 
Purchases: AGOx50@43.00 AGGx50@43.00 AGMx50@43.00 CELx50@43.00 BOCHx50@43.00 

2013-03-11
Cash: 70.31
Held: AGOx50@42.81 AGMx50@42.81 CELx50@42.81 BOCHx50@42.81 AGGx50@42.81 
Value: 10773.44
Sales: AGOx50@42.81 AGGx50@42.81 AGMx50@42.81 CELx50@42.81 BOCHx50@42.81 
Purchases: AGOx50@42.81 AGGx50@42.81 AGMx50@42.81 CELx50@42.81 BOCHx50@42.81 

2013-03-12
Cash: 70.31
Held: AGOx50@42.56 AGMx50@42.56 CELx50@42.56 BOCHx50@42.56 AGGx50@42.56 
Value: 10710.94
Sales: AGOx50@42.56 AGGx50@42.56 AGMx50@42.56 CELx50@42.56 BOCHx50@42.56 
Purchases: AGOx50@42.56 AGGx50@42.56 AGMx50@42.56 CELx50@42.56 BOCHx50@42.56 

2013-03-13
Cash: 70.31
Held: AGOx50@43.03 AGMx50@43.03 CELx50@43.03 BOCHx50@43.03 AGGx50@43.03 
Value: 10828.12
Sales: AGOx50@43.03 AGGx50@43.03 AGMx50@43.03 CELx50@43.03 BOCHx50@43.03 
Purchases: AGOx50@43.03 AGGx50@43.03 AGMx50@43.03 CELx50@43.03 BOCHx50@43.03 

2013-03-14
Cash: 70.31
Held: AGOx50@43.09 AGMx50@43.09 CELx50@43.09 BOCHx50@43.09 AGGx50@43.09 
Value: 10843.75
Sales: AGOx50@43.09 AGGx50@43.09 AGMx50@43.09 CELx50@43.09 BOCHx50@43.09 
Purchases: AGOx50@43.09 AGGx50@43.09 AGMx50@43.09 CELx50@43.09 BOCHx50@43.09 

2013-03-17
Cash: 70.31
Held: AGOx50@42.47 AGMx50@42.47 CELx50@42.47 BOCHx50@42.47 AGGx50@42.47 
Value: 10687.50
Sales: AGOx50@42.47 AGGx50@42.47 AGMx50@42.47 CELx50@42.47 BOCHx50@42.47 
Purchases: AGOx50@42.47 AGGx50@42.47 AGMx50@42.47 CELx50@42.47 BOCHx50@42.47 

2013-03-18
Cash: 70.31
Held: AGOx50@42.69 AGMx50@42.69 CELx50@42.69 BOCHx50@42.69 AGGx50@42.69 
Value: 10742.19
Sales: AGOx50@42.69 AGGx50@42.69 AGMx50@42.69 CELx50@42.69 BOCHx50@42.69 
Purchases: AGOx50@42.69 AGGx50@42.69 AGMx50@42.69 CELx50@42.69 BOCHx50@42.69 

2013-03-19
Cash: 70.31
Held: AGOx50@42.25 AGMx50@42.25 CELx50@42.25 BOCHx50@42.25 AGGx50@42.25 
Value: 10632.81
Sales: AGOx50@42.25 AGGx50@42.25 AGMx50@42.25 CELx50@42.25 BOCHx50@42.25 
Purchases: AGOx50@42.25 AGGx50@42.25 AGMx50@42.25 CELx50@42.25 BOCHx50@42.25 

2013-03-20
Cash: 70.31
Held: AGOx50@42.44 AGMx50@42.44 CELx50@42.44 BOCHx50@42.44 AGGx50@42.44 
Value: 10679.69
Sales: AGOx50@42.44 AGGx50@42.44 AGMx50@42.44 CELx50@42.44 BOCHx50@42.44 
Purchases: AGOx50@42.44 AGGx50@42.44 AGMx50@42.44 CELx50@42.44 BOCHx50@42.44 

2013-03-21
Cash: 70.31
Held: AGOx50@41.78 AGMx50@41.78 CELx50@41.78 BOCHx50@41.78 AGGx50@41.78 
Value: 10515.62
Sales: AGOx50@41.78 AGGx50@41.78 AGMx50@41.78 CELx50@41.78 BOCHx50@41.78 
Purchases: AGOx50@41.78 AGGx50@41.78 AGMx50@41.78 CELx50@41.78 BOCHx50@41.78 

2013-03-24
Cash: 70.31
Held: AGOx50@41.50 AGMx50@41.50 CELx50@41.50 BOCHx50@41.50 AGGx50@41.50 
Value: 10445.31
Sales: AGOx50@41.50 AGGx50@41.50 AGMx50@41.50 CELx50@41.50 BOCHx50@41.50 
Purchases: AGOx50@41.50 AGGx50@41.50 AGMx50@41.50 CELx50@41.50 BOCHx50@41.50 

2013-03-25
Cash: 70.31
Held: AGOx50@41.41 AGMx50@41.41 CELx50@41.41 BOCHx50@41.41 AGGx50@41.41 
Value: 10421.88
Sales: AGOx50@41.41 AGGx50@41.41 AGMx50@41.41 CELx50@41.41 BOCHx50@41.41 
Purchases: AGOx50@41.41 AGGx50@41.41 AGMx50@41.41 CELx50@41.41 BOCHx50@41.41 

2013-03-26
Cash: 70.31
Held: AGOx50@41.41 AGMx50@41.41 CELx50@41.41 BOCHx50@41.41 AGGx50@41.41 
Value: 10421.88
Sales: AGOx50@41.41 AGGx50@41.41 AGMx50@41.41 CELx50@41.41 BOCHx50@41.41 
Purchases: AGOx50@41.41 AGGx50@41.41 AGMx50@41.41 CELx50@41.41 BOCHx50@41.41 

2013-03-27
Cash: 70.31
Held: AGOx50@42.09 AGMx50@42.09 CELx50@42.09 BOCHx50@42.09 AGGx50@42.09 
Value: 10593.75
Sales: AGOx50@42.09 AGGx50@42.09 AGMx50@42.09 CELx50@42.09 BOCHx50@42.09 
Purchases: AGOx50@42.09 AGGx50@42.09 AGMx50@42.09 CELx50@42.09 BOCHx50@42.09 

2013-03-31
Cash: 70.31
Held: AGOx50@41.84 AGMx50@41.84 CELx50@41.84 BOCHx50@41.84 AGGx50@41.84 
Value: 10531.25
Sales: AGOx50@41.84 AGGx50@41.84 AGMx50@41.84 CELx50@41.84 BOCHx50@41.84 
Purchases: AGOx50@41.84 AGGx50@41.84 AGMx50@41.84 CELx50@41.84 BOCHx50@41.84 

2013-04-01
Cash: 70.31
Held: AGOx50@41.12 AGMx50@41.12 CELx50@41.12 BOCHx50@41.12 AGGx50@41.12 
Value: 10351.56
Sales: AGOx50@41.12 AGGx50@41.12 AGMx50@41.12 CELx50@41.12 BOCHx50@41.12 
Purchases: AGOx50@41.12 AGGx50@41.12 AGMx50@41.12 CELx50@41.12 BOCHx50@41.12 

2013-04-02
Cash: 70.31
Held: AGOx50@40.62 AGMx50@40.62 CELx50@40.62 BOCHx50@40.62 AGGx50@40.62 
Value: 10226.56
Sales: AGOx50@40.62 AGGx50@40.62 AGMx50@40.62 CELx50@40.62 BOCHx50@40.62 
Purchases: AGOx50@40.62 AGGx50@40.62 AGMx50@40.62 CELx50@40.62 BOCHx50@40.62 

2013-04-03
Cash: 70.31
Held: AGOx50@40.53 AGMx50@40.53 CELx50@40.53 BOCHx50@40.53 AGGx50@40.53 
Value: 10203.12
Sales: AGOx50@40.53 AGGx50@40.53 AGMx50@40.53 CELx50@40.53 BOCHx50@40.53 
Purchases: AGOx50@40.53 AGGx50@40.53 AGMx50@40.53 CELx50@40.53 BOCHx50@40.53 

2013-04-04
Cash: 70.31
Held: AGOx50@40.72 AGMx50@40.72 CELx50@40.72 BOCHx50@40.72 AGGx50@40.72 
Value: 10250.00
Sales: AGOx50@40.72 AGGx50@40.72 AGMx50@40.72 CELx50@40.72 BOCHx50@40.72 
Purchases: AGOx50@40.72 AGGx50@40.72 AGMx50@40.72 CELx50@40.72 BOCHx50@40.72 

2013-04-07
Cash: 70.31
Held: AGOx50@41.50 AGMx50@41.50 CELx50@41.50 BOCHx50@41.50 AGGx50@41.50 
Value: 10445.31
Sales: AGOx50@41.50 AGGx50@41.50 AGMx50@41.50 CELx50@41.50 BOCHx50@41.50 
Purchases: AGOx50@41.50 AGGx50@41.50 AGMx50@41.50 CELx50@41.50 BOCHx50@41.50 

2013-04-08
Cash: 70.31
Held: AGOx50@41.72 AGMx50@41.72 CELx50@41.72 BOCHx50@41.72 AGGx50@41.72 
Value: 10500.00
Sales: AGOx50@41.72 AGGx50@41.72 AGMx50@41.72 CELx50@41.72 BOCHx50@41.72 
Purchases: AGOx50@41.72 AGGx50@41.72 AGMx50@41.72 CELx50@41.72 BOCHx50@41.72 

2013-04-09
Cash: 70.31
Held: AGOx50@41.72 AGMx50@41.72 CELx50@41.72 BOCHx50@41.72 AGGx50@41.72 
Value: 10500.00
Sales: AGOx50@41.72 AGGx50@41.72 AGMx50@41.72 CELx50@41.72 BOCHx50@41.72 
Purchases: AGOx50@41.72 AGGx50@41.72 AGMx50@41.72 CELx50@41.72 BOCHx50@41.72 

2013-04-10
Cash: 70.31
Held: AGOx50@42.34 AGMx50@42.34 CELx50@42.34 BOCHx50@42.34 AGGx50@42.34 
Value: 10656.25
Sales: AGOx50@42.34 AGGx50@42.34 AGMx50@42.34 CELx50@42.34 BOCHx50@42.34 
Purchases: AGOx50@42.34 AGGx50@42.34 AGMx50@42.34 CELx50@42.34 BOCHx50@42.34 

2013-04-11
Cash: 70.31
Held: AGOx50@43.53 AGMx50@43.53 CELx50@43.53 BOCHx50@43.53 AGGx50@43.53 
Value: 10953.12
Sales: AGOx50@43.53 AGGx50@43.53 AGMx50@43.53 CELx50@43.53 BOCHx50@43.53 
Purchases: AGOx50@43.53 AGGx50@43.53 AGMx50@43.53 CELx50@43.53 BOCHx50@43.53 

2013-04-14
Cash: 70.31
Held: AGOx50@44.50 AGMx50@44.50 CELx50@44.50 BOCHx50@44.50 AGGx50@44.50 
Value: 11195.31
Sales: AGOx50@44.50 AGGx50@44.50 AGMx50@44.50 CELx50@44.50 BOCHx50@44.50 
Purchases: AGOx50@44.50 AGGx50@44.50 AGMx50@44.50 CELx50@44.50 BOCHx50@44.50 

2013-04-15
Cash: 70.31
Held: AGOx50@43.47 AGMx50@43.47 CELx50@43.47 BOCHx50@43.47 AGGx50@43.47 
Value: 10937.50
Sales: AGOx50@43.47 AGGx50@43.47 AGMx50@43.47 CELx50@43.47 BOCHx50@43.47 
Purchases: AGOx50@43.47 AGGx50@43.47 AGMx50@43.47 CELx50@43.47 BOCHx50@43.47 

2013-04-16
Cash: 70.31
Held: AGOx50@43.09 AGMx50@43.09 CELx50@43.09 BOCHx50@43.09 AGGx50@43.09 
Value: 10843.75
Sales: AGOx50@43.09 AGGx50@43.09 AGMx50@43.09 CELx50@43.09 BOCHx50@43.09 
Purchases: AGOx50@43.09 AGGx50@43.09 AGMx50@43.09 CELx50@43.09 BOCHx50@43.09 

2013-04-17
Cash: 70.31
Held: AGOx50@41.78 AGMx50@41.78 CELx50@41.78 BOCHx50@41.78 AGGx50@41.78 
Value: 10515.62
Sales: AGOx50@41.78 AGGx50@41.78 AGMx50@41.78 CELx50@41.78 BOCHx50@41.78 
Purchases: AGOx50@41.78 AGGx50@41.78 AGMx50@41.78 CELx50@41.78 BOCHx50@41.78 

2013-04-18
Cash: 70.31
Held: AGOx50@41.88 AGMx50@41.88 CELx50@41.88 BOCHx50@41.88 AGGx50@41.88 
Value: 10539.06
Sales: AGOx50@41.88 AGGx50@41.88 AGMx50@41.88 CELx50@41.88 BOCHx50@41.88 
Purchases: AGOx50@41.88 AGGx50@41.88 AGMx50@41.88 CELx50@41.88 BOCHx50@41.88 

2013-04-21
Cash: 70.31
Held: AGOx50@42.03 AGMx50@42.03 CELx50@42.03 BOCHx50@42.03 AGGx50@42.03 
Value: 10578.12
Sales: AGOx50@42.03 AGGx50@42.03 AGMx50@42.03 CELx50@42.03 BOCHx50@42.03 
Purchases: AGOx50@42.03 AGGx50@42.03 AGMx50@42.03 CELx50@42.03 BOCHx50@42.03 

2013-04-22
Cash: 70.31
Held: AGOx50@42.22 AGMx50@42.22 CELx50@42.22 BOCHx50@42.22 AGGx50@42.22 
Value: 10625.00
Sales: AGOx50@42.22 AGGx50@42.22 AGMx50@42.22 CELx50@42.22 BOCHx50@42.22 
Purchases: AGOx50@42.22 AGGx50@42.22 AGMx50@42.22 CELx50@42.22 BOCHx50@42.22 

2013-04-23
Cash: 70.31
Held: AGOx50@42.72 AGMx50@42.72 CELx50@42.72 BOCHx50@42.72 AGGx50@42.72 
Value: 10750.00
Sales: AGOx50@42.72 AGGx50@42.72 AGMx50@42.72 CELx50@42.72 BOCHx50@42.72 
Purchases: AGOx50@42.72 AGGx50@42.72 AGMx50@42.72 CELx50@42.72 BOCHx50@42.72 

2013-04-24
Cash: 70.31
Held: AGOx50@43.06 AGMx50@43.06 CELx50@43.06 BOCHx50@43.06 AGGx50@43.06 
Value: 10835.94
Sales: AGOx50@43.06 AGGx50@43.06 AGMx50@43.06 CELx50@43.06 BOCHx50@43.06 
Purchases: AGOx50@43.06 AGGx50@43.06 AGMx50@43.06 CELx50@43.06 BOCHx50@43.06 

2013-04-25
Cash: 70.31
Held: AGOx50@42.44 AGMx50@42.44 CELx50@42.44 BOCHx50@42.44 AGGx50@42.44 
Value: 10679.69
Sales: AGOx50@42.44 AGGx50@42.44 AGMx50@42.44 CELx50@42.44 BOCHx50@42.44 
Purchases: AGOx50@42.44 AGGx50@42.44 AGMx50@42.44 CELx50@42.44 BOCHx50@42.44 

2013-04-28
Cash: 70.31
Held: AGOx50@41.62 AGMx50@41.62 CELx50@41.62 BOCHx50@41.62 AGGx50@41.62 
Value: 10476.56
Sales: AGOx50@41.62 AGGx50@41.62 AGMx50@41.62 CELx50@41.62 BOCHx50@41.62 
Purchases: AGOx50@41.62 AGGx50@41.62 AGMx50@41.62 CELx50@41.62 BOCHx50@41.62 

2013-04-29
Cash: 70.31
Held: AGOx50@41.19 AGMx50@41.19 CELx50@41.19 BOCHx50@41.19 AGGx50@41.19 
Value: 10367.19
Sales: AGOx50@41.19 AGGx50@41.19 AGMx50@41.19 CELx50@41.19 BOCHx50@41.19 
Purchases: AGOx50@41.19 AGGx50@41.19 AGMx50@41.19 CELx50@41.19 BOCHx50@41.19 

2013-04-30
Cash: 70.31
Held: AGOx50@41.41 AGMx50@41.41 CELx50@41.41 BOCHx50@41.41 AGGx50@41.41 
Value: 10421.88
Sales: AGOx50@41.41 AGGx50@41.41 AGMx50@41.41 CELx50@41.41 BOCHx50@41.41 
Purchases: AGOx50@41.41 AGGx50@41.41 AGMx50@41.41 CELx50@41.41 BOCHx50@41.41 

2013-05-01
Cash: 70.31
Held: AGOx50@41.50 AGMx50@41.50 CELx50@41.50 BOCHx50@41.50 AGGx50@41.50 
Value: 10445.31
Sales: AGOx50@41.50 AGGx50@41.50 AGMx50@41.50 CELx50@41.50 BOCHx50@41.50 
Purchases: AGOx50@41.50 AGGx50@41.50 AGMx50@41.50 CELx50@41.50 BOCHx50@41.50 

2013-05-02
Cash: 70.31
Held: AGOx50@41.94 AGMx50@41.94 CELx50@41.94 BOCHx50@41.94 AGGx50@41.94 
Value: 10554.69
Sales: AGOx50@41.94 AGGx50@41.94 AGMx50@41.94 CELx50@41.94 BOCHx50@41.94 
Purchases: AGOx50@41.94 AGGx50@41.94 AGMx50@41.94 CELx50@41.94 BOCHx50@41.94 

2013-05-05
Cash: 70.31
Held: AGOx50@41.44 AGMx50@41.44 CELx50@41.44 BOCHx50@41.44 AGGx50@41.44 
Value: 10429.69
Sales: AGOx50@41.44 AGGx50@41.44 AGMx50@41.44 CELx50@41.44 BOCHx50@41.44 
Purchases: AGOx50@41.44 AGGx50@41.44 AGMx50@41.44 CELx50@41.44 BOCHx50@41.44 

2013-05-06
Cash: 70.31
Held: AGOx50@42.19 AGMx50@42.19 CELx50@42.19 BOCHx50@42.19 AGGx50@42.19 
Value: 10617.19
Sales: AGOx50@42.19 AGGx50@42.19 AGMx50@42.19 CELx50@42.19 BOCHx50@42.19 
Purchases: AGOx50@42.19 AGGx50@42.19 AGMx50@42.19 CELx50@42.19 BOCHx50@42.19 

2013-05-07
Cash: 70.31
Held: AGOx50@42.41 AGMx50@42.41 CELx50@42.41 BOCHx50@42.41 AGGx50@42.41 
Value: 10671.88
Sales: AGOx50@42.41 AGGx50@42.41 AGMx50@42.41 CELx50@42.41 BOCHx50@42.41 
Purchases: AGOx50@42.41 AGGx50@42.41 AGMx50@42.41 CELx50@42.41 BOCHx50@42.41 

2013-05-08
Cash: 70.31
Held: AGOx50@42.97 AGMx50@42.97 CELx50@42.97 BOCHx50@42.97 AGGx50@42.97 
Value: 10812.50
Sales: AGOx50@42.97 AGGx50@42.97 AGMx50@42.97 CELx50@42.97 BOCHx50@42.97 
Purchases: AGOx50@42.97 AGGx50@42.97 AGMx50@42.97 CELx50@42.97 BOCHx50@42.97 

2013-05-09
Cash: 70.31
Held: AGOx50@43.12 AGMx50@43.12 CELx50@43.12 BOCHx50@43.12 AGGx50@43.12 
Value: 10851.56
Sales: AGOx50@43.12 AGGx50@43.12 AGMx50@43.12 CELx50@43.12 BOCHx50@43.12 
Purchases: AGOx50@43.12 AGGx50@43.12 AGMx50@43.12 CELx50@43.12 BOCHx50@43.12 

2013-05-12
Cash: 70.31
Held: AGOx50@43.44 AGMx50@43.44 CELx50@43.44 BOCHx50@43.44 AGGx50@43.44 
Value: 10929.69
Sales: AGOx50@43.44 AGGx50@43.44 AGMx50@43.44 CELx50@43.44 BOCHx50@43.44 
Purchases: AGOx50@43.44 AGGx50@43.44 AGMx50@43.44 CELx50@43.44 BOCHx50@43.44 

2013-05-13
Cash: 70.31
Held: AGOx50@42.97 AGMx50@42.97 CELx50@42.97 BOCHx50@42.97 AGGx50@42.97 
Value: 10812.50
Sales: AGOx50@42.97 AGGx50@42.97 AGMx50@42.97 CELx50@42.97 BOCHx50@42.97 
Purchases: AGOx50@42.97 AGGx50@42.97 AGMx50@42.97 CELx50@42.97 BOCHx50@42.97 

2013-05-14
Cash: 70.31
Held: AGOx50@44.91 AGMx50@44.91 CELx50@44.91 BOCHx50@44.91 AGGx50@44.91 
Value: 11296.88
Sales: AGOx50@44.91 AGGx50@44.91 AGMx50@44.91 CELx50@44.91 BOCHx50@44.91 
Purchases: AGOx50@44.91 AGGx50@44.91 AGMx50@44.91 CELx50@44.91 BOCHx50@44.91 

2013-05-15
Cash: 70.31
Held: AGOx50@45.44 AGMx50@45.44 CELx50@45.44 BOCHx50@45.44 AGGx50@45.44 
Value: 11429.69
Sales: AGOx50@45.44 AGGx50@45.44 AGMx50@45.44 CELx50@45.44 BOCHx50@45.44 
Purchases: AGOx50@45.44 AGGx50@45.44 AGMx50@45.44 CELx50@45.44 BOCHx50@45.44 

2013-05-16
Cash: 70.31
Held: AGOx50@45.03 AGMx50@45.03 CELx50@45.03 BOCHx50@45.03 AGGx50@45.03 
Value: 11328.12
Sales: AGOx50@45.03 AGGx50@45.03 AGMx50@45.03 CELx50@45.03 BOCHx50@45.03 
Purchases: AGOx50@45.03 AGGx50@45.03 AGMx50@45.03 CELx50@45.03 BOCHx50@45.03 

2013-05-19
Cash: 70.31
Held: AGOx50@45.47 AGMx50@45.47 CELx50@45.47 BOCHx50@45.47 AGGx50@45.47 
Value: 11437.50
Sales: AGOx50@45.47 AGGx50@45.47 AGMx50@45.47 CELx50@45.47 BOCHx50@45.47 
Purchases: AGOx50@45.47 AGGx50@45.47 AGMx50@45.47 CELx50@45.47 BOCHx50@45.47 

2013-05-20
Cash: 70.31
Held: AGOx50@46.31 AGMx50@46.31 CELx50@46.31 BOCHx50@46.31 AGGx50@46.31 
Value: 11648.44
Sales: AGOx50@46.31 AGGx50@46.31 AGMx50@46.31 CELx50@46.31 BOCHx50@46.31 
Purchases: AGOx50@46.31 AGGx50@46.31 AGMx50@46.31 CELx50@46.31 BOCHx50@46.31 

2013-05-21
Cash: 70.31
Held: AGOx50@46.72 AGMx50@46.72 CELx50@46.72 BOCHx50@46.72 AGGx50@46.72 
Value: 11750.00
Sales: AGOx50@46.72 AGGx50@46.72 AGMx50@46.72 CELx50@46.72 BOCHx50@46.72 
Purchases: AGOx50@46.72 AGGx50@46.72 AGMx50@46.72 CELx50@46.72 BOCHx50@46.72 

2013-05-22
Cash: 70.31
Held: AGOx50@45.69 AGMx50@45.69 CELx50@45.69 BOCHx50@45.69 AGGx50@45.69 
Value: 11492.19
Sales: AGOx50@45.69 AGGx50@45.69 AGMx50@45.69 CELx50@45.69 BOCHx50@45.69 
Purchases: AGOx50@45.69 AGGx50@45.69 AGMx50@45.69 CELx50@45.69 BOCHx50@45.69 

2013-05-23
Cash: 70.31
Held: AGOx50@45.38 AGMx50@45.38 CELx50@45.38 BOCHx50@45.38 AGGx50@45.38 
Value: 11414.06
Sales: AGOx50@45.38 AGGx50@45.38 AGMx50@45.38 CELx50@45.38 BOCHx50@45.38 
Purchases: AGOx50@45.38 AGGx50@45.38 AGMx50@45.38 CELx50@45.38 BOCHx50@45.38 

2013-05-27
Cash: 70.31
Held: AGOx50@46.09 AGMx50@46.09 CELx50@46.09 BOCHx50@46.09 AGGx50@46.09 
Value: 11593.75
Sales: AGOx50@46.09 AGGx50@46.09 AGMx50@46.09 CELx50@46.09 BOCHx50@46.09 
Purchases: AGOx50@46.09 AGGx50@46.09 AGMx50@46.09 CELx50@46.09 BOCHx50@46.09 

2013-05-28
Cash: 70.31
Held: AGOx50@45.97 AGMx50@45.97 CELx50@45.97 BOCHx50@45.97 AGGx50@45.97 
Value: 11562.50
Sales: AGOx50@45.97 AGGx50@45.97 AGMx50@45.97 CELx50@45.97 BOCHx50@45.97 
Purchases: AGOx50@45.97 AGGx50@45.97 AGMx50@45.97 CELx50@45.97 BOCHx50@45.97 

2013-05-29
Cash: 70.31
Held: AGOx50@46.22 AGMx50@46.22 CELx50@46.22 BOCHx50@46.22 AGGx50@46.22 
Value: 11625.00
Sales: AGOx50@46.22 AGGx50@46.22 AGMx50@46.22 CELx50@46.22 BOCHx50@46.22 
Purchases: AGOx50@46.22 AGGx50@46.22 AGMx50@46.22 CELx50@46.22 BOCHx50@46.22 

2013-05-30
Cash: 70.31
Held: AGOx50@45.91 AGMx50@45.91 CELx50@45.91 BOCHx50@45.91 AGGx50@45.91 
Value: 11546.88
Sales: AGOx50@45.91 AGGx50@45.91 AGMx50@45.91 CELx50@45.91 BOCHx50@45.91 
Purchases: AGOx50@45.91 AGGx50@45.91 AGMx50@45.91 CELx50@45.91 BOCHx50@45.91 

2013-06-02
Cash: 70.31
Held: AGOx50@45.66 AGMx50@45.66 CELx50@45.66 BOCHx50@45.66 AGGx50@45.66 
Value: 11484.38
Sales: AGOx50@45.66 AGGx50@45.66 AGMx50@45.66 CELx50@45.66 BOCHx50@45.66 
Purchases: AGOx50@45.66 AGGx50@45.66 AGMx50@45.66 CELx50@45.66 BOCHx50@45.66 

2013-06-03
Cash: 70.31
Held: AGOx50@46.19 AGMx50@46.19 CELx50@46.19 BOCHx50@46.19 AGGx50@46.19 
Value: 11617.19
Sales: AGOx50@46.19 AGGx50@46.19 AGMx50@46.19 CELx50@46.19 BOCHx50@46.19 
Purchases: AGOx50@46.19 AGGx50@46.19 AGMx50@46.19 CELx50@46.19 BOCHx50@46.19 

2013-06-04
Cash: 70.31
Held: AGOx50@45.31 AGMx50@45.31 CELx50@45.31 BOCHx50@45.31 AGGx50@45.31 
Value: 11398.44
Sales: AGOx50@45.31 AGGx50@45.31 AGMx50@45.31 CELx50@45.31 BOCHx50@45.31 
Purchases: AGOx50@45.31 AGGx50@45.31 AGMx50@45.31 CELx50@45.31 BOCHx50@45.31 

2013-06-05
Cash: 70.31
Held: AGOx50@44.50 AGMx50@44.50 CELx50@44.50 BOCHx50@44.50 AGGx50@44.50 
Value: 11195.31
Sales: AGOx50@44.50 AGGx50@44.50 AGMx50@44.50 CELx50@44.50 BOCHx50@44.50 
Purchases: AGOx50@44.50 AGGx50@44.50 AGMx50@44.50 CELx50@44.50 BOCHx50@44.50 

2013-06-06
Cash: 70.31
Held: AGOx50@45.16 AGMx50@45.16 CELx50@45.16 BOCHx50@45.16 AGGx50@45.16 
Value: 11359.38
Sales: AGOx50@45.16 AGGx50@45.16 AGMx50@45.16 CELx50@45.16 BOCHx50@45.16 
Purchases: AGOx50@45.16 AGGx50@45.16 AGMx50@45.16 CELx50@45.16 BOCHx50@45.16 

2013-06-09
Cash: 70.31
Held: AGOx50@45.34 AGMx50@45.34 CELx50@45.34 BOCHx50@45.34 AGGx50@45.34 
Value: 11406.25
Sales: AGOx50@45.34 AGGx50@45.34 AGMx50@45.34 CELx50@45.34 BOCHx50@45.34 
Purchases: AGOx50@45.34 AGGx50@45.34 AGMx50@45.34 CELx50@45.34 BOCHx50@45.34 

2013-06-10
Cash: 70.31
Held: AGOx50@44.22 AGMx50@44.22 CELx50@44.22 BOCHx50@44.22 AGGx50@44.22 
Value: 11125.00
Sales: AGOx50@44.22 AGGx50@44.22 AGMx50@44.22 CELx50@44.22 BOCHx50@44.22 
Purchases: AGOx50@44.22 AGGx50@44.22 AGMx50@44.22 CELx50@44.22 BOCHx50@44.22 

2013-06-11
Cash: 70.31
Held: AGOx50@44.78 AGMx50@44.78 CELx50@44.78 BOCHx50@44.78 AGGx50@44.78 
Value: 11265.62
Sales: AGOx50@44.78 AGGx50@44.78 AGMx50@44.78 CELx50@44.78 BOCHx50@44.78 
Purchases: AGOx50@44.78 AGGx50@44.78 AGMx50@44.78 CELx50@44.78 BOCHx50@44.78 

2013-06-12
Cash: 70.31
Held: AGOx50@43.88 AGMx50@43.88 CELx50@43.88 BOCHx50@43.88 AGGx50@43.88 
Value: 11039.06
Sales: AGOx50@43.88 AGGx50@43.88 AGMx50@43.88 CELx50@43.88 BOCHx50@43.88 
Purchases: AGOx50@43.88 AGGx50@43.88 AGMx50@43.88 CELx50@43.88 BOCHx50@43.88 

2013-06-13
Cash: 70.31
Held: AGOx50@44.34 AGMx50@44.34 CELx50@44.34 BOCHx50@44.34 AGGx50@44.34 
Value: 11156.25
Sales: AGOx50@44.34 AGGx50@44.34 AGMx50@44.34 CELx50@44.34 BOCHx50@44.34 
Purchases: AGOx50@44.34 AGGx50@44.34 AGMx50@44.34 CELx50@44.34 BOCHx50@44.34 

2013-06-16
Cash: 70.31
Held: AGOx50@44.38 AGMx50@44.38 CELx50@44.38 BOCHx50@44.38 AGGx50@44.38 
Value: 11164.06
Sales: AGOx50@44.38 AGGx50@44.38 AGMx50@44.38 CELx50@44.38 BOCHx50@44.38 
Purchases: AGOx50@44.38 AGGx50@44.38 AGMx50@44.38 CELx50@44.38 BOCHx50@44.38 

2013-06-17
Cash: 70.31
Held: AGOx50@44.38 AGMx50@44.38 CELx50@44.38 BOCHx50@44.38 AGGx50@44.38 
Value: 11164.06
Sales: AGOx50@44.38 AGGx50@44.38 AGMx50@44.38 CELx50@44.38 BOCHx50@44.38 
Purchases: AGOx50@44.38 AGGx50@44.38 AGMx50@44.38 CELx50@44.38 BOCHx50@44.38 

2013-06-18
Cash: 70.31
Held: AGOx50@44.75 AGMx50@44.75 CELx50@44.75 BOCHx50@44.75 AGGx50@44.75 
Value: 11257.81
Sales: AGOx50@44.75 AGGx50@44.75 AGMx50@44.75 CELx50@44.75 BOCHx50@44.75 
Purchases: AGOx50@44.75 AGGx50@44.75 AGMx50@44.75 CELx50@44.75 BOCHx50@44.75 

2013-06-19
Cash: 70.31
Held: AGOx50@43.12 AGMx50@43.12 CELx50@43.12 BOCHx50@43.12 AGGx50@43.12 
Value: 10851.56
Sales: AGOx50@43.12 AGGx50@43.12 AGMx50@43.12 CELx50@43.12 BOCHx50@43.12 
Purchases: AGOx50@43.12 AGGx50@43.12 AGMx50@43.12 CELx50@43.12 BOCHx50@43.12 

2013-06-20
Cash: 70.31
Held: AGOx50@42.59 AGMx50@42.59 CELx50@42.59 BOCHx50@42.59 AGGx50@42.59 
Value: 10718.75
Sales: AGOx50@42.59 AGGx50@42.59 AGMx50@42.59 CELx50@42.59 BOCHx50@42.59 
Purchases: AGOx50@42.59 AGGx50@42.59 AGMx50@42.59 CELx50@42.59 BOCHx50@42.59 

2013-06-23
Cash: 70.31
Held: AGOx50@42.44 AGMx50@42.44 CELx50@42.44 BOCHx50@42.44 AGGx50@42.44 
Value: 10679.69
Sales: AGOx50@42.44 AGGx50@42.44 AGMx50@42.44 CELx50@42.44 BOCHx50@42.44 
Purchases: AGOx50@42.44 AGGx50@42.44 AGMx50@42.44 CELx50@42.44 BOCHx50@42.44 

2013-06-24
Cash: 70.31
Held: AGOx50@42.00 AGMx50@42.00 CELx50@42.00 BOCHx50@42.00 AGGx50@42.00 
Value: 10570.31
Sales: AGOx50@42.00 AGGx50@42.00 AGMx50@42.00 CELx50@42.00 BOCHx50@42.00 
Purchases: AGOx50@42.00 AGGx50@42.00 AGMx50@42.00 CELx50@42.00 BOCHx50@42.00 

2013-06-25
Cash: 70.31
Held: AGOx50@43.09 AGMx50@43.09 CELx50@43.09 BOCHx50@43.09 AGGx50@43.09 
Value: 10843.75
Sales: AGOx50@43.09 AGGx50@43.09 AGMx50@43.09 CELx50@43.09 BOCHx50@43.09 
Purchases: AGOx50@43.09 AGGx50@43.09 AGMx50@43.09 CELx50@43.09 BOCHx50@43.09 

2013-06-26
Cash: 70.31
Held: AGOx50@42.56 AGMx50@42.56 CELx50@42.56 BOCHx50@42.56 AGGx50@42.56 
Value: 10710.94
Sales: AGOx50@42.56 AGGx50@42.56 AGMx50@42.56 CELx50@42.56 BOCHx50@42.56 
Purchases: AGOx50@42.56 AGGx50@42.56 AGMx50@42.56 CELx50@42.56 BOCHx50@42.56 

2013-06-27
Cash: 70.31
Held: AGOx50@43.00 AGMx50@43.00 CELx50@43.00 BOCHx50@43.00 AGGx50@43.00 
Value: 10820.31
Sales: AGOx50@43.00 AGGx50@43.00 AGMx50@43.00 CELx50@43.00 BOCHx50@43.00 
Purchases: AGOx50@43.00 AGGx50@43.00 AGMx50@43.00 CELx50@43.00 BOCHx50@43.00 

2013-06-30
Cash: 70.31
Held: AGOx50@43.06 AGMx50@43.06 CELx50@43.06 BOCHx50@43.06 AGGx50@43.06 
Value: 10835.94
Sales: AGOx50@43.06 AGGx50@43.06 AGMx50@43.06 CELx50@43.06 BOCHx50@43.06 
Purchases: AGOx50@43.06 AGGx50@43.06 AGMx50@43.06 CELx50@43.06 BOCHx50@43.06 

2013-07-01
Cash: 70.31
Held: AGOx50@43.50 AGMx50@43.50 CELx50@43.50 BOCHx50@43.50 AGGx50@43.50 
Value: 10945.31
Sales: AGOx50@43.50 AGGx50@43.50 AGMx50@43.50 CELx50@43.50 BOCHx50@43.50 
Purchases: AGOx50@43.50 AGGx50@43.50 AGMx50@43.50 CELx50@43.50 BOCHx50@43.50 

2013-07-02
Cash: 70.31
Held: AGOx50@42.81 AGMx50@42.81 CELx50@42.81 BOCHx50@42.81 AGGx50@42.81 
Value: 10773.44
Sales: AGOx50@42.81 AGGx50@42.81 AGMx50@42.81 CELx50@42.81 BOCHx50@42.81 
Purchases: AGOx50@42.81 AGGx50@42.81 AGMx50@42.81 CELx50@42.81 BOCHx50@42.81 

2013-07-04
Cash: 70.31
Held: AGOx50@43.47 AGMx50@43.47 CELx50@43.47 BOCHx50@43.47 AGGx50@43.47 
Value: 10937.50
Sales: AGOx50@43.47 AGGx50@43.47 AGMx50@43.47 CELx50@43.47 BOCHx50@43.47 
Purchases: AGOx50@43.47 AGGx50@43.47 AGMx50@43.47 CELx50@43.47 BOCHx50@43.47 

2013-07-07
Cash: 70.31
Held: AGOx50@44.38 AGMx50@44.38 CELx50@44.38 BOCHx50@44.38 AGGx50@44.38 
Value: 11164.06
Sales: AGOx50@44.38 AGGx50@44.38 AGMx50@44.38 CELx50@44.38 BOCHx50@44.38 
Purchases: AGOx50@44.38 AGGx50@44.38 AGMx50@44.38 CELx50@44.38 BOCHx50@44.38 

2013-07-08
Cash: 70.31
Held: AGOx50@44.59 AGMx50@44.59 CELx50@44.59 BOCHx50@44.59 AGGx50@44.59 
Value: 11218.75
Sales: AGOx50@44.59 AGGx50@44.59 AGMx50@44.59 CELx50@44.59 BOCHx50@44.59 
Purchases: AGOx50@44.59 AGGx50@44.59 AGMx50@44.59 CELx50@44.59 BOCHx50@44.59 

2013-07-09
Cash: 70.31
Held: AGOx50@44.62 AGMx50@44.62 CELx50@44.62 BOCHx50@44.62 AGGx50@44.62 
Value: 11226.56
Sales: AGOx50@44.62 AGGx50@44.62 AGMx50@44.62 CELx50@44.62 BOCHx50@44.62 
Purchases: AGOx50@44.62 AGGx50@44.62 AGMx50@44.62 CELx50@44.62 BOCHx50@44.62 

2013-07-10
Cash: 70.31
Held: AGOx50@45.69 AGMx50@45.69 CELx50@45.69 BOCHx50@45.69 AGGx50@45.69 
Value: 11492.19
Sales: AGOx50@45.69 AGGx50@45.69 AGMx50@45.69 CELx50@45.69 BOCHx50@45.69 
Purchases: AGOx50@45.69 AGGx50@45.69 AGMx50@45.69 CELx50@45.69 BOCHx50@45.69 

2013-07-11
Cash: 70.31
Held: AGOx50@45.78 AGMx50@45.78 CELx50@45.78 BOCHx50@45.78 AGGx50@45.78 
Value: 11515.62
Sales: AGOx50@45.78 AGGx50@45.78 AGMx50@45.78 CELx50@45.78 BOCHx50@45.78 
Purchases: AGOx50@45.78 AGGx50@45.78 AGMx50@45.78 CELx50@45.78 BOCHx50@45.78 

2013-07-14
Cash: 70.31
Held: AGOx50@45.69 AGMx50@45.69 CELx50@45.69 BOCHx50@45.69 AGGx50@45.69 
Value: 11492.19
Sales: AGOx50@45.69 AGGx50@45.69 AGMx50@45.69 CELx50@45.69 BOCHx50@45.69 
Purchases: AGOx50@45.69 AGGx50@45.69 AGMx50@45.69 CELx50@45.69 BOCHx50@45.69 

2013-07-15
Cash: 70.31
Held: AGOx50@46.09 AGMx50@46.09 CELx50@46.09 BOCHx50@46.09 AGGx50@46.09 
Value: 11593.75
Sales: AGOx50@46.09 AGGx50@46.09 AGMx50@46.09 CELx50@46.09 BOCHx50@46.09 
Purchases: AGOx50@46.09 AGGx50@46.09 AGMx50@46.09 CELx50@46.09 BOCHx50@46.09 

2013-07-16
Cash: 70.31
Held: AGOx50@45.94 AGMx50@45.94 CELx50@45.94 BOCHx50@45.94 AGGx50@45.94 
Value: 11554.69
Sales: AGOx50@45.94 AGGx50@45.94 AGMx50@45.94 CELx50@45.94 BOCHx50@45.94 
Purchases: AGOx50@45.94 AGGx50@45.94 AGMx50@45.94 CELx50@45.94 BOCHx50@45.94 

2013-07-17
Cash: 70.31
Held: AGOx50@45.66 AGMx50@45.66 CELx50@45.66 BOCHx50@45.66 AGGx50@45.66 
Value: 11484.38
Sales: AGOx50@45.66 AGGx50@45.66 AGMx50@45.66 CELx50@45.66 BOCHx50@45.66 
Purchases: AGOx50@45.66 AGGx50@45.66 AGMx50@45.66 CELx50@45.66 BOCHx50@45.66 

2013-07-18
Cash: 70.31
Held: AGOx50@45.84 AGMx50@45.84 CELx50@45.84 BOCHx50@45.84 AGGx50@45.84 
Value: 11531.25
Sales: AGOx50@45.84 AGGx50@45.84 AGMx50@45.84 CELx50@45.84 BOCHx50@45.84 
Purchases: AGOx50@45.84 AGGx50@45.84 AGMx50@45.84 CELx50@45.84 BOCHx50@45.84 

2013-07-21
Cash: 70.31
Held: AGOx50@46.22 AGMx50@46.22 CELx50@46.22 BOCHx50@46.22 AGGx50@46.22 
Value: 11625.00
Sales: AGOx50@46.22 AGGx50@46.22 AGMx50@46.22 CELx50@46.22 BOCHx50@46.22 
Purchases: AGOx50@46.22 AGGx50@46.22 AGMx50@46.22 CELx50@46.22 BOCHx50@46.22 

2013-07-22
Cash: 70.31
Held: AGOx50@46.31 AGMx50@46.31 CELx50@46.31 BOCHx50@46.31 AGGx50@46.31 
Value: 11648.44
Sales: AGOx50@46.31 AGGx50@46.31 AGMx50@46.31 CELx50@46.31 BOCHx50@46.31 
Purchases: AGOx50@46.31 AGGx50@46.31 AGMx50@46.31 CELx50@46.31 BOCHx50@46.31 

2013-07-23
Cash: 70.31
Held: AGOx50@46.66 AGMx50@46.66 CELx50@46.66 BOCHx50@46.66 AGGx50@46.66 
Value: 11734.38
Sales: AGOx50@46.66 AGGx50@46.66 AGMx50@46.66 CELx50@46.66 BOCHx50@46.66 
Purchases: AGOx50@46.66 AGGx50@46.66 AGMx50@46.66 CELx50@46.66 BOCHx50@46.66 

2013-07-24
Cash: 70.31
Held: AGOx50@46.62 AGMx50@46.62 CELx50@46.62 BOCHx50@46.62 AGGx50@46.62 
Value: 11726.56
Sales: AGOx50@46.62 AGGx50@46.62 AGMx50@46.62 CELx50@46.62 BOCHx50@46.62 
Purchases: AGOx50@46.62 AGGx50@46.62 AGMx50@46.62 CELx50@46.62 BOCHx50@46.62 

2013-07-25
Cash: 70.31
Held: AGOx50@46.31 AGMx50@46.31 CELx50@46.31 BOCHx50@46.31 AGGx50@46.31 
Value: 11648.44
Sales: AGOx50@46.31 AGGx50@46.31 AGMx50@46.31 CELx50@46.31 BOCHx50@46.31 
Purchases: AGOx50@46.31 AGGx50@46.31 AGMx50@46.31 CELx50@46.31 BOCHx50@46.31 

2013-07-28
Cash: 70.31
Held: AGOx50@45.59 AGMx50@45.59 CELx50@45.59 BOCHx50@45.59 AGGx50@45.59 
Value: 11468.75
Sales: AGOx50@45.59 AGGx50@45.59 AGMx50@45.59 CELx50@45.59 BOCHx50@45.59 
Purchases: AGOx50@45.59 AGGx50@45.59 AGMx50@45.59 CELx50@45.59 BOCHx50@45.59 

2013-07-29
Cash: 70.31
Held: AGOx50@45.56 AGMx50@45.56 CELx50@45.56 BOCHx50@45.56 AGGx50@45.56 
Value: 11460.94
Sales: AGOx50@45.56 AGGx50@45.56 AGMx50@45.56 CELx50@45.56 BOCHx50@45.56 
Purchases: AGOx50@45.56 AGGx50@45.56 AGMx50@45.56 CELx50@45.56 BOCHx50@45.56 

2013-07-30
Cash: 70.31
Held: AGOx50@45.03 AGMx50@45.03 CELx50@45.03 BOCHx50@45.03 AGGx50@45.03 
Value: 11328.12
Sales: AGOx50@45.03 AGGx50@45.03 AGMx50@45.03 CELx50@45.03 BOCHx50@45.03 
Purchases: AGOx50@45.03 AGGx50@45.03 AGMx50@45.03 CELx50@45.03 BOCHx50@45.03 

2013-07-31
Cash: 70.31
Held: AGOx50@45.50 AGMx50@45.50 CELx50@45.50 BOCHx50@45.50 AGGx50@45.50 
Value: 11445.31
Sales: AGOx50@45.50 AGGx50@45.50 AGMx50@45.50 CELx50@45.50 BOCHx50@45.50 
Purchases: AGOx50@45.50 AGGx50@45.50 AGMx50@45.50 CELx50@45.50 BOCHx50@45.50 

2013-08-01
Cash: 70.31
Held: AGOx50@46.06 AGMx50@46.06 CELx50@46.06 BOCHx50@46.06 AGGx50@46.06 
Value: 11585.94
Sales: AGOx50@46.06 AGGx50@46.06 AGMx50@46.06 CELx50@46.06 BOCHx50@46.06 
Purchases: AGOx50@46.06 AGGx50@46.06 AGMx50@46.06 CELx50@46.06 BOCHx50@46.06 

2013-08-04
Cash: 70.31
Held: AGOx50@46.25 AGMx50@46.25 CELx50@46.25 BOCHx50@46.25 AGGx50@46.25 
Value: 11632.81
Sales: AGOx50@46.25 AGGx50@46.25 AGMx50@46.25 CELx50@46.25 BOCHx50@46.25 
Purchases: AGOx50@46.25 AGGx50@46.25 AGMx50@46.25 CELx50@46.25 BOCHx50@46.25 

