2013-11-10
Cash: 10000.00
Held: 
Value: 10000.00
Sales: 
Purchases: AGOx39@50.62 AGGx39@50.62 AGMx39@50.62 CELx39@50.62 BOCHx39@50.62 

2013-11-11
Cash: 128.12
Held: AGOx39@51.19 AGMx39@51.19 CELx39@51.19 BOCHx39@51.19 AGGx39@51.19 
Value: 10109.69
Sales: AGOx39@51.19 AGGx39@51.19 AGMx39@51.19 CELx39@51.19 BOCHx39@51.19 
Purchases: AGOx39@51.19 AGGx39@51.19 AGMx39@51.19 CELx39@51.19 BOCHx39@51.19 

2013-11-12
Cash: 128.12
Held: AGOx39@50.88 AGMx39@50.88 CELx39@50.88 BOCHx39@50.88 AGGx39@50.88 
Value: 10048.75
Sales: AGOx39@50.88 AGGx39@50.88 AGMx39@50.88 CELx39@50.88 BOCHx39@50.88 
Purchases: AGOx39@50.88 AGGx39@50.88 AGMx39@50.88 CELx39@50.88 BOCHx39@50.88 

2013-11-13
Cash: 128.12
Held: AGOx39@51.19 AGMx39@51.19 CELx39@51.19 BOCHx39@51.19 AGGx39@51.19 
Value: 10109.69
Sales: AGOx39@51.19 AGGx39@51.19 AGMx39@51.19 CELx39@51.19 BOCHx39@51.19 
Purchases: AGOx39@51.19 AGGx39@51.19 AGMx39@51.19 CELx39@51.19 BOCHx39@51.19 

2013-11-14
Cash: 128.12
Held: AGOx39@54.03 AGMx39@54.03 CELx39@54.03 BOCHx39@54.03 AGGx39@54.03 
Value: 10664.22
Sales: AGOx39@54.03 AGGx39@54.03 AGMx39@54.03 CELx39@54.03 BOCHx39@54.03 
Purchases: AGOx39@54.03 AGGx39@54.03 AGMx39@54.03 CELx39@54.03 BOCHx39@54.03 

2013-11-17
Cash: 128.12
Held: AGOx39@54.44 AGMx39@54.44 CELx39@54.44 BOCHx39@54.44 AGGx39@54.44 
Value: 10743.44
Sales: AGOx39@54.44 AGGx39@54.44 AGMx39@54.44 CELx39@54.44 BOCHx39@54.44 
Purchases: AGOx39@54.44 AGGx39@54.44 AGMx39@54.44 CELx39@54.44 BOCHx39@54.44 

2013-11-18
Cash: 128.12
Held: AGOx39@53.66 AGMx39@53.66 CELx39@53.66 BOCHx39@53.66 AGGx39@53.66 
Value: 10591.09
Sales: AGOx39@53.66 AGGx39@53.66 AGMx39@53.66 CELx39@53.66 BOCHx39@53.66 
Purchases: AGOx39@53.66 AGGx39@53.66 AGMx39@53.66 CELx39@53.66 BOCHx39@53.66 

2013-11-19
Cash: 128.12
Held: AGOx39@53.84 AGMx39@53.84 CELx39@53.84 BOCHx39@53.84 AGGx39@53.84 
Value: 10627.66
Sales: AGOx39@53.84 AGGx39@53.84 AGMx39@53.84 CELx39@53.84 BOCHx39@53.84 
Purchases: AGOx39@53.84 AGGx39@53.84 AGMx39@53.84 CELx39@53.84 BOCHx39@53.84 

2013-11-20
Cash: 128.12
Held: AGOx39@53.81 AGMx39@53.81 CELx39@53.81 BOCHx39@53.81 AGGx39@53.81 
Value: 10621.56
Sales: AGOx39@53.81 AGGx39@53.81 AGMx39@53.81 CELx39@53.81 BOCHx39@53.81 
Purchases: AGOx39@53.81 AGGx39@53.81 AGMx39@53.81 CELx39@53.81 BOCHx39@53.81 

2013-11-21
Cash: 128.12
Held: AGOx39@54.09 AGMx39@54.09 CELx39@54.09 BOCHx39@54.09 AGGx39@54.09 
Value: 10676.41
Sales: AGOx39@54.09 AGGx39@54.09 AGMx39@54.09 CELx39@54.09 BOCHx39@54.09 
Purchases: AGOx39@54.09 AGGx39@54.09 AGMx39@54.09 CELx39@54.09 BOCHx39@54.09 

2013-11-24
Cash: 128.12
Held: AGOx39@54.12 AGMx39@54.12 CELx39@54.12 BOCHx39@54.12 AGGx39@54.12 
Value: 10682.50
Sales: AGOx39@54.12 AGGx39@54.12 AGMx39@54.12 CELx39@54.12 BOCHx39@54.12 
Purchases: AGOx39@54.12 AGGx39@54.12 AGMx39@54.12 CELx39@54.12 BOCHx39@54.12 

2013-11-25
Cash: 128.12
Held: AGOx39@53.25 AGMx39@53.25 CELx39@53.25 BOCHx39@53.25 AGGx39@53.25 
Value: 10511.88
Sales: AGOx39@53.25 AGGx39@53.25 AGMx39@53.25 CELx39@53.25 BOCHx39@53.25 
Purchases: AGOx39@53.25 AGGx39@53.25 AGMx39@53.25 CELx39@53.25 BOCHx39@53.25 

2013-11-26
Cash: 128.12
Held: AGOx39@53.78 AGMx39@53.78 CELx39@53.78 BOCHx39@53.78 AGGx39@53.78 
Value: 10615.47
Sales: AGOx39@53.78 AGGx39@53.78 AGMx39@53.78 CELx39@53.78 BOCHx39@53.78 
Purchases: AGOx39@53.78 AGGx39@53.78 AGMx39@53.78 CELx39@53.78 BOCHx39@53.78 

2013-11-28
Cash: 128.12
Held: AGOx39@53.84 AGMx39@53.84 CELx39@53.84 BOCHx39@53.84 AGGx39@53.84 
Value: 10627.66
Sales: AGOx39@53.84 AGGx39@53.84 AGMx39@53.84 CELx39@53.84 BOCHx39@53.84 
Purchases: AGOx39@53.84 AGGx39@53.84 AGMx39@53.84 CELx39@53.84 BOCHx39@53.84 

2013-12-01
Cash: 128.12
Held: AGOx39@53.47 AGMx39@53.47 CELx39@53.47 BOCHx39@53.47 AGGx39@53.47 
Value: 10554.53
Sales: AGOx39@53.47 AGGx39@53.47 AGMx39@53.47 CELx39@53.47 BOCHx39@53.47 
Purchases: AGOx39@53.47 AGGx39@53.47 AGMx39@53.47 CELx39@53.47 BOCHx39@53.47 

2013-12-02
Cash: 128.12
Held: AGOx39@52.91 AGMx39@52.91 CELx39@52.91 BOCHx39@52.91 AGGx39@52.91 
Value: 10444.84
Sales: AGOx39@52.91 AGGx39@52.91 AGMx39@52.91 CELx39@52.91 BOCHx39@52.91 
Purchases: AGOx39@52.91 AGGx39@52.91 AGMx39@52.91 CELx39@52.91 BOCHx39@52.91 

2013-12-03
Cash: 128.12
Held: AGOx39@52.84 AGMx39@52.84 CELx39@52.84 BOCHx39@52.84 AGGx39@52.84 
Value: 10432.66
Sales: AGOx39@52.84 AGGx39@52.84 AGMx39@52.84 CELx39@52.84 BOCHx39@52.84 
Purchases: AGOx39@52.84 AGGx39@52.84 AGMx39@52.84 CELx39@52.84 BOCHx39@52.84 

2013-12-04
Cash: 128.12
Held: AGOx39@53.34 AGMx39@53.34 CELx39@53.34 BOCHx39@53.34 AGGx39@53.34 
Value: 10530.16
Sales: AGOx39@53.34 AGGx39@53.34 AGMx39@53.34 CELx39@53.34 BOCHx39@53.34 
Purchases: AGOx39@53.34 AGGx39@53.34 AGMx39@53.34 CELx39@53.34 BOCHx39@53.34 

2013-12-05
Cash: 128.12
Held: AGOx39@53.75 AGMx39@53.75 CELx39@53.75 BOCHx39@53.75 AGGx39@53.75 
Value: 10609.38
Sales: AGOx39@53.75 AGGx39@53.75 AGMx39@53.75 CELx39@53.75 BOCHx39@53.75 
Purchases: AGOx39@53.75 AGGx39@53.75 AGMx39@53.75 CELx39@53.75 BOCHx39@53.75 

2013-12-08
Cash: 128.12
Held: AGOx39@54.81 AGMx39@54.81 CELx39@54.81 BOCHx39@54.81 AGGx39@54.81 
Value: 10816.56
Sales: AGOx39@54.81 AGGx39@54.81 AGMx39@54.81 CELx39@54.81 BOCHx39@54.81 
Purchases: AGOx39@54.81 AGGx39@54.81 AGMx39@54.81 CELx39@54.81 BOCHx39@54.81 

2013-12-09
Cash: 128.12
Held: AGOx39@54.91 AGMx39@54.91 CELx39@54.91 BOCHx39@54.91 AGGx39@54.91 
Value: 10834.84
Sales: AGOx39@54.91 AGGx39@54.91 AGMx39@54.91 CELx39@54.91 BOCHx39@54.91 
Purchases: AGOx39@54.91 AGGx39@54.91 AGMx39@54.91 CELx39@54.91 BOCHx39@54.91 

2013-12-10
Cash: 128.12
Held: AGOx39@55.28 AGMx39@55.28 CELx39@55.28 BOCHx39@55.28 AGGx39@55.28 
Value: 10907.97
Sales: AGOx39@55.28 AGGx39@55.28 AGMx39@55.28 CELx39@55.28 BOCHx39@55.28 
Purchases: AGOx39@55.28 AGGx39@55.28 AGMx39@55.28 CELx39@55.28 BOCHx39@55.28 

2013-12-11
Cash: 128.12
Held: AGOx39@54.62 AGMx39@54.62 CELx39@54.62 BOCHx39@54.62 AGGx39@54.62 
Value: 10780.00
Sales: AGOx39@54.62 AGGx39@54.62 AGMx39@54.62 CELx39@54.62 BOCHx39@54.62 
Purchases: AGOx39@54.62 AGGx39@54.62 AGMx39@54.62 CELx39@54.62 BOCHx39@54.62 

2013-12-12
Cash: 128.12
Held: AGOx39@55.38 AGMx39@55.38 CELx39@55.38 BOCHx39@55.38 AGGx39@55.38 
Value: 10926.25
Sales: AGOx39@55.38 AGGx39@55.38 AGMx39@55.38 CELx39@55.38 BOCHx39@55.38 
Purchases: AGOx39@55.38 AGGx39@55.38 AGMx39@55.38 CELx39@55.38 BOCHx39@55.38 

2013-12-15
Cash: 128.12
Held: AGOx39@55.25 AGMx39@55.25 CELx39@55.25 BOCHx39@55.25 AGGx39@55.25 
Value: 10901.88
Sales: AGOx39@55.25 AGGx39@55.25 AGMx39@55.25 CELx39@55.25 BOCHx39@55.25 
Purchases: AGOx39@55.25 AGGx39@55.25 AGMx39@55.25 CELx39@55.25 BOCHx39@55.25 

2013-12-16
Cash: 128.12
Held: AGOx39@56.22 AGMx39@56.22 CELx39@56.22 BOCHx39@56.22 AGGx39@56.22 
Value: 11090.78
Sales: AGOx39@56.22 AGGx39@56.22 AGMx39@56.22 CELx39@56.22 BOCHx39@56.22 
Purchases: AGOx39@56.22 AGGx39@56.22 AGMx39@56.22 CELx39@56.22 BOCHx39@56.22 

2013-12-17
Cash: 128.12
Held: AGOx39@56.50 AGMx39@56.50 CELx39@56.50 BOCHx39@56.50 AGGx39@56.50 
Value: 11145.62
Sales: AGOx39@56.50 AGGx39@56.50 AGMx39@56.50 CELx39@56.50 BOCHx39@56.50 
Purchases: AGOx39@56.50 AGGx39@56.50 AGMx39@56.50 CELx39@56.50 BOCHx39@56.50 

2013-12-18
Cash: 128.12
Held: AGOx39@57.56 AGMx39@57.56 CELx39@57.56 BOCHx39@57.56 AGGx39@57.56 
Value: 11352.81
Sales: AGOx39@57.56 AGGx39@57.56 AGMx39@57.56 CELx39@57.56 BOCHx39@57.56 
Purchases: AGOx39@57.56 AGGx39@57.56 AGMx39@57.56 CELx39@57.56 BOCHx39@57.56 

2013-12-19
Cash: 128.12
Held: AGOx39@57.47 AGMx39@57.47 CELx39@57.47 BOCHx39@57.47 AGGx39@57.47 
Value: 11334.53
Sales: AGOx39@57.47 AGGx39@57.47 AGMx39@57.47 CELx39@57.47 BOCHx39@57.47 
Purchases: AGOx39@57.47 AGGx39@57.47 AGMx39@57.47 CELx39@57.47 BOCHx39@57.47 

2013-12-22
Cash: 128.12
Held: AGOx39@57.44 AGMx39@57.44 CELx39@57.44 BOCHx39@57.44 AGGx39@57.44 
Value: 11328.44
Sales: AGOx39@57.44 AGGx39@57.44 AGMx39@57.44 CELx39@57.44 BOCHx39@57.44 
Purchases: AGOx39@57.44 AGGx39@57.44 AGMx39@57.44 CELx39@57.44 BOCHx39@57.44 

2013-12-23
Cash: 128.12
Held: AGOx39@57.50 AGMx39@57.50 CELx39@57.50 BOCHx39@57.50 AGGx39@57.50 
Value: 11340.62
Sales: AGOx39@57.50 AGGx39@57.50 AGMx39@57.50 CELx39@57.50 BOCHx39@57.50 
Purchases: AGOx39@57.50 AGGx39@57.50 AGMx39@57.50 CELx39@57.50 BOCHx39@57.50 

2013-12-25
Cash: 128.12
Held: AGOx39@57.25 AGMx39@57.25 CELx39@57.25 BOCHx39@57.25 AGGx39@57.25 
Value: 11291.88
Sales: AGOx39@57.25 AGGx39@57.25 AGMx39@57.25 CELx39@57.25 BOCHx39@57.25 
Purchases: AGOx39@57.25 AGGx39@57.25 AGMx39@57.25 CELx39@57.25 BOCHx39@57.25 

2013-12-26
Cash: 128.12
Held: AGOx39@57.22 AGMx39@57.22 CELx39@57.22 BOCHx39@57.22 AGGx39@57.22 
Value: 11285.78
Sales: AGOx39@57.22 AGGx39@57.22 AGMx39@57.22 CELx39@57.22 BOCHx39@57.22 
Purchases: AGOx39@57.22 AGGx39@57.22 AGMx39@57.22 CELx39@57.22 BOCHx39@57.22 

2013-12-29
Cash: 128.12
Held: AGOx39@57.06 AGMx39@57.06 CELx39@57.06 BOCHx39@57.06 AGGx39@57.06 
Value: 11255.31
Sales: AGOx39@57.06 AGGx39@57.06 AGMx39@57.06 CELx39@57.06 BOCHx39@57.06 
Purchases: AGOx39@57.06 AGGx39@57.06 AGMx39@57.06 CELx39@57.06 BOCHx39@57.06 

2013-12-30
Cash: 128.12
Held: AGOx39@57.44 AGMx39@57.44 CELx39@57.44 BOCHx39@57.44 AGGx39@57.44 
Value: 11328.44
Sales: AGOx39@57.44 AGGx39@57.44 AGMx39@57.44 CELx39@57.44 BOCHx39@57.44 
Purchases: AGOx39@57.44 AGGx39@57.44 AGMx39@57.44 CELx39@57.44 BOCHx39@57.44 

2014-01-01
Cash: 128.12
Held: AGOx39@57.09 AGMx39@57.09 CELx39@57.09 BOCHx39@57.09 AGGx39@57.09 
Value: 11261.41
Sales: AGOx39@57.09 AGGx39@57.09 AGMx39@57.09 CELx39@57.09 BOCHx39@57.09 
Purchases: AGOx39@57.09 AGGx39@57.09 AGMx39@57.09 CELx39@57.09 BOCHx39@57.09 

2014-01-02
Cash: 128.12
Held: AGOx39@56.38 AGMx39@56.38 CELx39@56.38 BOCHx39@56.38 AGGx39@56.38 
Value: 11121.25
Sales: AGOx39@56.38 AGGx39@56.38 AGMx39@56.38 CELx39@56.38 BOCHx39@56.38 
Purchases: AGOx39@56.38 AGGx39@56.38 AGMx39@56.38 CELx39@56.38 BOCHx39@56.38 

2014-01-05
Cash: 128.12
Held: AGOx39@57.41 AGMx39@57.41 CELx39@57.41 BOCHx39@57.41 AGGx39@57.41 
Value: 11322.34
Sales: AGOx39@57.41 AGGx39@57.41 AGMx39@57.41 CELx39@57.41 BOCHx39@57.41 
Purchases: AGOx39@57.41 AGGx39@57.41 AGMx39@57.41 CELx39@57.41 BOCHx39@57.41 

2014-01-06
Cash: 128.12
Held: AGOx39@56.94 AGMx39@56.94 CELx39@56.94 BOCHx39@56.94 AGGx39@56.94 
Value: 11230.94
Sales: AGOx39@56.94 AGGx39@56.94 AGMx39@56.94 CELx39@56.94 BOCHx39@56.94 
Purchases: AGOx39@56.94 AGGx39@56.94 AGMx39@56.94 CELx39@56.94 BOCHx39@56.94 

2014-01-07
Cash: 128.12
Held: AGOx39@57.34 AGMx39@57.34 CELx39@57.34 BOCHx39@57.34 AGGx39@57.34 
Value: 11310.16
Sales: AGOx39@57.34 AGGx39@57.34 AGMx39@57.34 CELx39@57.34 BOCHx39@57.34 
Purchases: AGOx39@57.34 AGGx39@57.34 AGMx39@57.34 CELx39@57.34 BOCHx39@57.34 

2014-01-08
Cash: 128.12
Held: AGOx39@58.41 AGMx39@58.41 CELx39@58.41 BOCHx39@58.41 AGGx39@58.41 
Value: 11517.34
Sales: AGOx39@58.41 AGGx39@58.41 AGMx39@58.41 CELx39@58.41 BOCHx39@58.41 
Purchases: AGOx39@58.41 AGGx39@58.41 AGMx39@58.41 CELx39@58.41 BOCHx39@58.41 

2014-01-09
Cash: 128.12
Held: AGOx39@58.50 AGMx39@58.50 CELx39@58.50 BOCHx39@58.50 AGGx39@58.50 
Value: 11535.62
Sales: AGOx39@58.50 AGGx39@58.50 AGMx39@58.50 CELx39@58.50 BOCHx39@58.50 
Purchases: AGOx39@58.50 AGGx39@58.50 AGMx39@58.50 CELx39@58.50 BOCHx39@58.50 

2014-01-12
Cash: 128.12
Held: AGOx39@58.78 AGMx39@58.78 CELx39@58.78 BOCHx39@58.78 AGGx39@58.78 
Value: 11590.47
Sales: AGOx39@58.78 AGGx39@58.78 AGMx39@58.78 CELx39@58.78 BOCHx39@58.78 
Purchases: AGOx39@58.78 AGGx39@58.78 AGMx39@58.78 CELx39@58.78 BOCHx39@58.78 

2014-01-13
Cash: 128.12
Held: AGOx39@59.16 AGMx39@59.16 CELx39@59.16 BOCHx39@59.16 AGGx39@59.16 
Value: 11663.59
Sales: AGOx39@59.16 AGGx39@59.16 AGMx39@59.16 CELx39@59.16 BOCHx39@59.16 
Purchases: AGOx39@59.16 AGGx39@59.16 AGMx39@59.16 CELx39@59.16 BOCHx39@59.16 

2014-01-14
Cash: 128.12
Held: AGOx39@59.81 AGMx39@59.81 CELx39@59.81 BOCHx39@59.81 AGGx39@59.81 
Value: 11791.56
Sales: AGOx39@59.81 AGGx39@59.81 AGMx39@59.81 CELx39@59.81 BOCHx39@59.81 
Purchases: AGOx39@59.81 AGGx39@59.81 AGMx39@59.81 CELx39@59.81 BOCHx39@59.81 

2014-01-15
Cash: 128.12
Held: AGOx39@60.25 AGMx39@60.25 CELx39@60.25 BOCHx39@60.25 AGGx39@60.25 
Value: 11876.88
Sales: AGOx39@60.25 AGGx39@60.25 AGMx39@60.25 CELx39@60.25 BOCHx39@60.25 
Purchases: AGOx39@60.25 AGGx39@60.25 AGMx39@60.25 CELx39@60.25 BOCHx39@60.25 

2014-01-16
Cash: 128.12
Held: AGOx39@60.84 AGMx39@60.84 CELx39@60.84 BOCHx39@60.84 AGGx39@60.84 
Value: 11992.66
Sales: AGOx39@60.84 AGGx39@60.84 AGMx39@60.84 CELx39@60.84 BOCHx39@60.84 
Purchases: AGOx39@60.84 AGGx39@60.84 AGMx39@60.84 CELx39@60.84 BOCHx39@60.84 

2014-01-20
Cash: 128.12
Held: AGOx39@60.69 AGMx39@60.69 CELx39@60.69 BOCHx39@60.69 AGGx39@60.69 
Value: 11962.19
Sales: AGOx39@60.69 AGGx39@60.69 AGMx39@60.69 CELx39@60.69 BOCHx39@60.69 
Purchases: AGOx39@60.69 AGGx39@60.69 AGMx39@60.69 CELx39@60.69 BOCHx39@60.69 

2014-01-21
Cash: 128.12
Held: AGOx39@60.81 AGMx39@60.81 CELx39@60.81 BOCHx39@60.81 AGGx39@60.81 
Value: 11986.56
Sales: AGOx39@60.81 AGGx39@60.81 AGMx39@60.81 CELx39@60.81 BOCHx39@60.81 
Purchases: AGOx39@60.81 AGGx39@60.81 AGMx39@60.81 CELx39@60.81 BOCHx39@60.81 

2014-01-22
Cash: 128.12
Held: AGOx39@60.47 AGMx39@60.47 CELx39@60.47 BOCHx39@60.47 AGGx39@60.47 
Value: 11919.53
Sales: AGOx39@60.47 AGGx39@60.47 AGMx39@60.47 CELx39@60.47 BOCHx39@60.47 
Purchases: AGOx39@60.47 AGGx39@60.47 AGMx39@60.47 CELx39@60.47 BOCHx39@60.47 

2014-01-23
Cash: 128.12
Held: AGOx39@59.22 AGMx39@59.22 CELx39@59.22 BOCHx39@59.22 AGGx39@59.22 
Value: 11675.78
Sales: AGOx39@59.22 AGGx39@59.22 AGMx39@59.22 CELx39@59.22 BOCHx39@59.22 
Purchases: AGOx39@59.22 AGGx39@59.22 AGMx39@59.22 CELx39@59.22 BOCHx39@59.22 

2014-01-26
Cash: 128.12
Held: AGOx39@57.91 AGMx39@57.91 CELx39@57.91 BOCHx39@57.91 AGGx39@57.91 
Value: 11419.84
Sales: AGOx39@57.91 AGGx39@57.91 AGMx39@57.91 CELx39@57.91 BOCHx39@57.91 
Purchases: AGOx39@57.91 AGGx39@57.91 AGMx39@57.91 CELx39@57.91 BOCHx39@57.91 

2014-01-27
Cash: 128.12
Held: AGOx39@58.50 AGMx39@58.50 CELx39@58.50 BOCHx39@58.50 AGGx39@58.50 
Value: 11535.62
Sales: AGOx39@58.50 AGGx39@58.50 AGMx39@58.50 CELx39@58.50 BOCHx39@58.50 
Purchases: AGOx39@58.50 AGGx39@58.50 AGMx39@58.50 CELx39@58.50 BOCHx39@58.50 

2014-01-28
Cash: 128.12
Held: AGOx39@57.66 AGMx39@57.66 CELx39@57.66 BOCHx39@57.66 AGGx39@57.66 
Value: 11371.09
Sales: AGOx39@57.66 AGGx39@57.66 AGMx39@57.66 CELx39@57.66 BOCHx39@57.66 
Purchases: AGOx39@57.66 AGGx39@57.66 AGMx39@57.66 CELx39@57.66 BOCHx39@57.66 

2014-01-29
Cash: 128.12
Held: AGOx39@58.41 AGMx39@58.41 CELx39@58.41 BOCHx39@58.41 AGGx39@58.41 
Value: 11517.34
Sales: AGOx39@58.41 AGGx39@58.41 AGMx39@58.41 CELx39@58.41 BOCHx39@58.41 
Purchases: AGOx39@58.41 AGGx39@58.41 AGMx39@58.41 CELx39@58.41 BOCHx39@58.41 

2014-01-30
Cash: 128.12
Held: AGOx39@58.62 AGMx39@58.62 CELx39@58.62 BOCHx39@58.62 AGGx39@58.62 
Value: 11560.00
Sales: AGOx39@58.62 AGGx39@58.62 AGMx39@58.62 CELx39@58.62 BOCHx39@58.62 
Purchases: AGOx39@58.62 AGGx39@58.62 AGMx39@58.62 CELx39@58.62 BOCHx39@58.62 

2014-02-02
Cash: 128.12
Held: AGOx39@58.16 AGMx39@58.16 CELx39@58.16 BOCHx39@58.16 AGGx39@58.16 
Value: 11468.59
Sales: AGOx39@58.16 AGGx39@58.16 AGMx39@58.16 CELx39@58.16 BOCHx39@58.16 
Purchases: AGOx39@58.16 AGGx39@58.16 AGMx39@58.16 CELx39@58.16 BOCHx39@58.16 

2014-02-03
Cash: 128.12
Held: AGOx39@56.31 AGMx39@56.31 CELx39@56.31 BOCHx39@56.31 AGGx39@56.31 
Value: 11109.06
Sales: AGOx39@56.31 AGGx39@56.31 AGMx39@56.31 CELx39@56.31 BOCHx39@56.31 
Purchases: AGOx39@56.31 AGGx39@56.31 AGMx39@56.31 CELx39@56.31 BOCHx39@56.31 

2014-02-04
Cash: 128.12
Held: AGOx39@57.59 AGMx39@57.59 CELx39@57.59 BOCHx39@57.59 AGGx39@57.59 
Value: 11358.91
Sales: AGOx39@57.59 AGGx39@57.59 AGMx39@57.59 CELx39@57.59 BOCHx39@57.59 
Purchases: AGOx39@57.59 AGGx39@57.59 AGMx39@57.59 CELx39@57.59 BOCHx39@57.59 

2014-02-05
Cash: 128.12
Held: AGOx39@57.50 AGMx39@57.50 CELx39@57.50 BOCHx39@57.50 AGGx39@57.50 
Value: 11340.62
Sales: AGOx39@57.50 AGGx39@57.50 AGMx39@57.50 CELx39@57.50 BOCHx39@57.50 
Purchases: AGOx39@57.50 AGGx39@57.50 AGMx39@57.50 CELx39@57.50 BOCHx39@57.50 

2014-02-06
Cash: 128.12
Held: AGOx39@58.47 AGMx39@58.47 CELx39@58.47 BOCHx39@58.47 AGGx39@58.47 
Value: 11529.53
Sales: AGOx39@58.47 AGGx39@58.47 AGMx39@58.47 CELx39@58.47 BOCHx39@58.47 
Purchases: AGOx39@58.47 AGGx39@58.47 AGMx39@58.47 CELx39@58.47 BOCHx39@58.47 

2014-02-09
Cash: 128.12
Held: AGOx39@59.28 AGMx39@59.28 CELx39@59.28 BOCHx39@59.28 AGGx39@59.28 
Value: 11687.97
Sales: AGOx39@59.28 AGGx39@59.28 AGMx39@59.28 CELx39@59.28 BOCHx39@59.28 
Purchases: AGOx39@59.28 AGGx39@59.28 AGMx39@59.28 CELx39@59.28 BOCHx39@59.28 

2014-02-10
Cash: 128.12
Held: AGOx39@59.00 AGMx39@59.00 CELx39@59.00 BOCHx39@59.00 AGGx39@59.00 
Value: 11633.12
Sales: AGOx39@59.00 AGGx39@59.00 AGMx39@59.00 CELx39@59.00 BOCHx39@59.00 
Purchases: AGOx39@59.00 AGGx39@59.00 AGMx39@59.00 CELx39@59.00 BOCHx39@59.00 

2014-02-11
Cash: 128.12
Held: AGOx39@60.00 AGMx39@60.00 CELx39@60.00 BOCHx39@60.00 AGGx39@60.00 
Value: 11828.12
Sales: AGOx39@60.00 AGGx39@60.00 AGMx39@60.00 CELx39@60.00 BOCHx39@60.00 
Purchases: AGOx39@60.00 AGGx39@60.00 AGMx39@60.00 CELx39@60.00 BOCHx39@60.00 

2014-02-12
Cash: 128.12
Held: AGOx39@59.44 AGMx39@59.44 CELx39@59.44 BOCHx39@59.44 AGGx39@59.44 
Value: 11718.44
Sales: AGOx39@59.44 AGGx39@59.44 AGMx39@59.44 CELx39@59.44 BOCHx39@59.44 
Purchases: AGOx39@59.44 AGGx39@59.44 AGMx39@59.44 CELx39@59.44 BOCHx39@59.44 

2014-02-13
Cash: 128.12
Held: AGOx39@57.16 AGMx39@57.16 CELx39@57.16 BOCHx39@57.16 AGGx39@57.16 
Value: 11273.59
Sales: AGOx39@57.16 AGGx39@57.16 AGMx39@57.16 CELx39@57.16 BOCHx39@57.16 
Purchases: AGOx39@57.16 AGGx39@57.16 AGMx39@57.16 CELx39@57.16 BOCHx39@57.16 

2014-02-17
Cash: 128.12
Held: AGOx39@55.38 AGMx39@55.38 CELx39@55.38 BOCHx39@55.38 AGGx39@55.38 
Value: 10926.25
Sales: AGOx39@55.38 AGGx39@55.38 AGMx39@55.38 CELx39@55.38 BOCHx39@55.38 
Purchases: AGOx39@55.38 AGGx39@55.38 AGMx39@55.38 CELx39@55.38 BOCHx39@55.38 

2014-02-18
Cash: 128.12
Held: AGOx39@55.00 AGMx39@55.00 CELx39@55.00 BOCHx39@55.00 AGGx39@55.00 
Value: 10853.12
Sales: AGOx39@55.00 AGGx39@55.00 AGMx39@55.00 CELx39@55.00 BOCHx39@55.00 
Purchases: AGOx39@55.00 AGGx39@55.00 AGMx39@55.00 CELx39@55.00 BOCHx39@55.00 

2014-02-19
Cash: 128.12
Held: AGOx39@56.12 AGMx39@56.12 CELx39@56.12 BOCHx39@56.12 AGGx39@56.12 
Value: 11072.50
Sales: AGOx39@56.12 AGGx39@56.12 AGMx39@56.12 CELx39@56.12 BOCHx39@56.12 
Purchases: AGOx39@56.12 AGGx39@56.12 AGMx39@56.12 CELx39@56.12 BOCHx39@56.12 

2014-02-20
Cash: 128.12
Held: AGOx39@57.25 AGMx39@57.25 CELx39@57.25 BOCHx39@57.25 AGGx39@57.25 
Value: 11291.88
Sales: AGOx39@57.25 AGGx39@57.25 AGMx39@57.25 CELx39@57.25 BOCHx39@57.25 
Purchases: AGOx39@57.25 AGGx39@57.25 AGMx39@57.25 CELx39@57.25 BOCHx39@57.25 

2014-02-23
Cash: 128.12
Held: AGOx39@56.44 AGMx39@56.44 CELx39@56.44 BOCHx39@56.44 AGGx39@56.44 
Value: 11133.44
Sales: AGOx39@56.44 AGGx39@56.44 AGMx39@56.44 CELx39@56.44 BOCHx39@56.44 
Purchases: AGOx39@56.44 AGGx39@56.44 AGMx39@56.44 CELx39@56.44 BOCHx39@56.44 

2014-02-24
Cash: 128.12
Held: AGOx39@56.81 AGMx39@56.81 CELx39@56.81 BOCHx39@56.81 AGGx39@56.81 
Value: 11206.56
Sales: AGOx39@56.81 AGGx39@56.81 AGMx39@56.81 CELx39@56.81 BOCHx39@56.81 
Purchases: AGOx39@56.81 AGGx39@56.81 AGMx39@56.81 CELx39@56.81 BOCHx39@56.81 

2014-02-25
Cash: 128.12
Held: AGOx39@56.97 AGMx39@56.97 CELx39@56.97 BOCHx39@56.97 AGGx39@56.97 
Value: 11237.03
Sales: AGOx39@56.97 AGGx39@56.97 AGMx39@56.97 CELx39@56.97 BOCHx39@56.97 
Purchases: AGOx39@56.97 AGGx39@56.97 AGMx39@56.97 CELx39@56.97 BOCHx39@56.97 

2014-02-26
Cash: 128.12
Held: AGOx39@57.03 AGMx39@57.03 CELx39@57.03 BOCHx39@57.03 AGGx39@57.03 
Value: 11249.22
Sales: AGOx39@57.03 AGGx39@57.03 AGMx39@57.03 CELx39@57.03 BOCHx39@57.03 
Purchases: AGOx39@57.03 AGGx39@57.03 AGMx39@57.03 CELx39@57.03 BOCHx39@57.03 

2014-02-27
Cash: 128.12
Held: AGOx39@56.44 AGMx39@56.44 CELx39@56.44 BOCHx39@56.44 AGGx39@56.44 
Value: 11133.44
Sales: AGOx39@56.44 AGGx39@56.44 AGMx39@56.44 CELx39@56.44 BOCHx39@56.44 
Purchases: AGOx39@56.44 AGGx39@56.44 AGMx39@56.44 CELx39@56.44 BOCHx39@56.44 

2014-03-02
Cash: 128.12
Held: AGOx39@56.12 AGMx39@56.12 CELx39@56.12 BOCHx39@56.12 AGGx39@56.12 
Value: 11072.50
Sales: AGOx39@56.12 AGGx39@56.12 AGMx39@56.12 CELx39@56.12 BOCHx39@56.12 
Purchases: AGOx39@56.12 AGGx39@56.12 AGMx39@56.12 CELx39@56.12 BOCHx39@56.12 

2014-03-03
Cash: 128.12
Held: AGOx39@57.22 AGMx39@57.22 CELx39@57.22 BOCHx39@57.22 AGGx39@57.22 
Value: 11285.78
Sales: AGOx39@57.22 AGGx39@57.22 AGMx39@57.22 CELx39@57.22 BOCHx39@57.22 
Purchases: AGOx39@57.22 AGGx39@57.22 AGMx39@57.22 CELx39@57.22 BOCHx39@57.22 

2014-03-04
Cash: 128.12
Held: AGOx39@57.72 AGMx39@57.72 CELx39@57.72 BOCHx39@57.72 AGGx39@57.72 
Value: 11383.28
Sales: AGOx39@57.72 AGGx39@57.72 AGMx39@57.72 CELx39@57.72 BOCHx39@57.72 
Purchases: AGOx39@57.72 AGGx39@57.72 AGMx39@57.72 CELx39@57.72 BOCHx39@57.72 

2014-03-05
Cash: 128.12
Held: AGOx39@58.38 AGMx39@58.38 CELx39@58.38 BOCHx39@58.38 AGGx39@58.38 
Value: 11511.25
Sales: AGOx39@58.38 AGGx39@58.38 AGMx39@58.38 CELx39@58.38 BOCHx39@58.38 
Purchases: AGOx39@58.38 AGGx39@58.38 AGMx39@58.38 CELx39@58.38 BOCHx39@58.38 

2014-03-06
Cash: 128.12
Held: AGOx39@59.06 AGMx39@59.06 CELx39@59.06 BOCHx39@59.06 AGGx39@59.06 
Value: 11645.31
Sales: AGOx39@59.06 AGGx39@59.06 AGMx39@59.06 CELx39@59.06 BOCHx39@59.06 
Purchases: AGOx39@59.06 AGGx39@59.06 AGMx39@59.06 CELx39@59.06 BOCHx39@59.06 

2014-03-09
Cash: 128.12
Held: AGOx39@58.28 AGMx39@58.28 CELx39@58.28 BOCHx39@58.28 AGGx39@58.28 
Value: 11492.97
Sales: AGOx39@58.28 AGGx39@58.28 AGMx39@58.28 CELx39@58.28 BOCHx39@58.28 
Purchases: AGOx39@58.28 AGGx39@58.28 AGMx39@58.28 CELx39@58.28 BOCHx39@58.28 

2014-03-10
Cash: 128.12
Held: AGOx39@58.22 AGMx39@58.22 CELx39@58.22 BOCHx39@58.22 AGGx39@58.22 
Value: 11480.78
Sales: AGOx39@58.22 AGGx39@58.22 AGMx39@58.22 CELx39@58.22 BOCHx39@58.22 
Purchases: AGOx39@58.22 AGGx39@58.22 AGMx39@58.22 CELx39@58.22 BOCHx39@58.22 

2014-03-11
Cash: 128.12
Held: AGOx39@56.53 AGMx39@56.53 CELx39@56.53 BOCHx39@56.53 AGGx39@56.53 
Value: 11151.72
Sales: AGOx39@56.53 AGGx39@56.53 AGMx39@56.53 CELx39@56.53 BOCHx39@56.53 
Purchases: AGOx39@56.53 AGGx39@56.53 AGMx39@56.53 CELx39@56.53 BOCHx39@56.53 

2014-03-12
Cash: 128.12
Held: AGOx39@57.16 AGMx39@57.16 CELx39@57.16 BOCHx39@57.16 AGGx39@57.16 
Value: 11273.59
Sales: AGOx39@57.16 AGGx39@57.16 AGMx39@57.16 CELx39@57.16 BOCHx39@57.16 
Purchases: AGOx39@57.16 AGGx39@57.16 AGMx39@57.16 CELx39@57.16 BOCHx39@57.16 

2014-03-13
Cash: 128.12
Held: AGOx39@55.62 AGMx39@55.62 CELx39@55.62 BOCHx39@55.62 AGGx39@55.62 
Value: 10975.00
Sales: AGOx39@55.62 AGGx39@55.62 AGMx39@55.62 CELx39@55.62 BOCHx39@55.62 
Purchases: AGOx39@55.62 AGGx39@55.62 AGMx39@55.62 CELx39@55.62 BOCHx39@55.62 

2014-03-16
Cash: 128.12
Held: AGOx39@55.69 AGMx39@55.69 CELx39@55.69 BOCHx39@55.69 AGGx39@55.69 
Value: 10987.19
Sales: AGOx39@55.69 AGGx39@55.69 AGMx39@55.69 CELx39@55.69 BOCHx39@55.69 
Purchases: AGOx39@55.69 AGGx39@55.69 AGMx39@55.69 CELx39@55.69 BOCHx39@55.69 

2014-03-17
Cash: 128.12
Held: AGOx39@55.97 AGMx39@55.97 CELx39@55.97 BOCHx39@55.97 AGGx39@55.97 
Value: 11042.03
Sales: AGOx39@55.97 AGGx39@55.97 AGMx39@55.97 CELx39@55.97 BOCHx39@55.97 
Purchases: AGOx39@55.97 AGGx39@55.97 AGMx39@55.97 CELx39@55.97 BOCHx39@55.97 

2014-03-18
Cash: 128.12
Held: AGOx39@56.72 AGMx39@56.72 CELx39@56.72 BOCHx39@56.72 AGGx39@56.72 
Value: 11188.28
Sales: AGOx39@56.72 AGGx39@56.72 AGMx39@56.72 CELx39@56.72 BOCHx39@56.72 
Purchases: AGOx39@56.72 AGGx39@56.72 AGMx39@56.72 CELx39@56.72 BOCHx39@56.72 

2014-03-19
Cash: 128.12
Held: AGOx39@56.53 AGMx39@56.53 CELx39@56.53 BOCHx39@56.53 AGGx39@56.53 
Value: 11151.72
Sales: AGOx39@56.53 AGGx39@56.53 AGMx39@56.53 CELx39@56.53 BOCHx39@56.53 
Purchases: AGOx39@56.53 AGGx39@56.53 AGMx39@56.53 CELx39@56.53 BOCHx39@56.53 

2014-03-20
Cash: 128.12
Held: AGOx39@57.19 AGMx39@57.19 CELx39@57.19 BOCHx39@57.19 AGGx39@57.19 
Value: 11279.69
Sales: AGOx39@57.19 AGGx39@57.19 AGMx39@57.19 CELx39@57.19 BOCHx39@57.19 
Purchases: AGOx39@57.19 AGGx39@57.19 AGMx39@57.19 CELx39@57.19 BOCHx39@57.19 

2014-03-23
Cash: 128.12
Held: AGOx39@56.09 AGMx39@56.09 CELx39@56.09 BOCHx39@56.09 AGGx39@56.09 
Value: 11066.41
Sales: AGOx39@56.09 AGGx39@56.09 AGMx39@56.09 CELx39@56.09 BOCHx39@56.09 
Purchases: AGOx39@56.09 AGGx39@56.09 AGMx39@56.09 CELx39@56.09 BOCHx39@56.09 

2014-03-24
Cash: 128.12
Held: AGOx39@55.50 AGMx39@55.50 CELx39@55.50 BOCHx39@55.50 AGGx39@55.50 
Value: 10950.62
Sales: AGOx39@55.50 AGGx39@55.50 AGMx39@55.50 CELx39@55.50 BOCHx39@55.50 
Purchases: AGOx39@55.50 AGGx39@55.50 AGMx39@55.50 CELx39@55.50 BOCHx39@55.50 

2014-03-25
Cash: 128.12
Held: AGOx39@55.41 AGMx39@55.41 CELx39@55.41 BOCHx39@55.41 AGGx39@55.41 
Value: 10932.34
Sales: AGOx39@55.41 AGGx39@55.41 AGMx39@55.41 CELx39@55.41 BOCHx39@55.41 
Purchases: AGOx39@55.41 AGGx39@55.41 AGMx39@55.41 CELx39@55.41 BOCHx39@55.41 

2014-03-26
Cash: 128.12
Held: AGOx39@55.59 AGMx39@55.59 CELx39@55.59 BOCHx39@55.59 AGGx39@55.59 
Value: 10968.91
Sales: AGOx39@55.59 AGGx39@55.59 AGMx39@55.59 CELx39@55.59 BOCHx39@55.59 
Purchases: AGOx39@55.59 AGGx39@55.59 AGMx39@55.59 CELx39@55.59 BOCHx39@55.59 

2014-03-27
Cash: 128.12
Held: AGOx39@54.84 AGMx39@54.84 CELx39@54.84 BOCHx39@54.84 AGGx39@54.84 
Value: 10822.66
Sales: AGOx39@54.84 AGGx39@54.84 AGMx39@54.84 CELx39@54.84 BOCHx39@54.84 
Purchases: AGOx39@54.84 AGGx39@54.84 AGMx39@54.84 CELx39@54.84 BOCHx39@54.84 

2014-03-30
Cash: 128.12
Held: AGOx39@54.97 AGMx39@54.97 CELx39@54.97 BOCHx39@54.97 AGGx39@54.97 
Value: 10847.03
Sales: AGOx39@54.97 AGGx39@54.97 AGMx39@54.97 CELx39@54.97 BOCHx39@54.97 
Purchases: AGOx39@54.97 AGGx39@54.97 AGMx39@54.97 CELx39@54.97 BOCHx39@54.97 

2014-03-31
Cash: 128.12
Held: AGOx39@56.19 AGMx39@56.19 CELx39@56.19 BOCHx39@56.19 AGGx39@56.19 
Value: 11084.69
Sales: AGOx39@56.19 AGGx39@56.19 AGMx39@56.19 CELx39@56.19 BOCHx39@56.19 
Purchases: AGOx39@56.19 AGGx39@56.19 AGMx39@56.19 CELx39@56.19 BOCHx39@56.19 

2014-04-01
Cash: 128.12
Held: AGOx39@56.41 AGMx39@56.41 CELx39@56.41 BOCHx39@56.41 AGGx39@56.41 
Value: 11127.34
Sales: AGOx39@56.41 AGGx39@56.41 AGMx39@56.41 CELx39@56.41 BOCHx39@56.41 
Purchases: AGOx39@56.41 AGGx39@56.41 AGMx39@56.41 CELx39@56.41 BOCHx39@56.41 

2014-04-02
Cash: 128.12
Held: AGOx39@56.78 AGMx39@56.78 CELx39@56.78 BOCHx39@56.78 AGGx39@56.78 
Value: 11200.47
Sales: AGOx39@56.78 AGGx39@56.78 AGMx39@56.78 CELx39@56.78 BOCHx39@56.78 
Purchases: AGOx39@56.78 AGGx39@56.78 AGMx39@56.78 CELx39@56.78 BOCHx39@56.78 

2014-04-03
Cash: 128.12
Held: AGOx39@57.09 AGMx39@57.09 CELx39@57.09 BOCHx39@57.09 AGGx39@57.09 
Value: 11261.41
Sales: AGOx39@57.09 AGGx39@57.09 AGMx39@57.09 CELx39@57.09 BOCHx39@57.09 
Purchases: AGOx39@57.09 AGGx39@57.09 AGMx39@57.09 CELx39@57.09 BOCHx39@57.09 

2014-04-06
Cash: 128.12
Held: AGOx39@55.56 AGMx39@55.56 CELx39@55.56 BOCHx39@55.56 AGGx39@55.56 
Value: 10962.81
Sales: AGOx39@55.56 AGGx39@55.56 AGMx39@55.56 CELx39@55.56 BOCHx39@55.56 
Purchases: AGOx39@55.56 AGGx39@55.56 AGMx39@55.56 CELx39@55.56 BOCHx39@55.56 

2014-04-07
Cash: 128.12
Held: AGOx39@54.22 AGMx39@54.22 CELx39@54.22 BOCHx39@54.22 AGGx39@54.22 
Value: 10700.78
Sales: AGOx39@54.22 AGGx39@54.22 AGMx39@54.22 CELx39@54.22 BOCHx39@54.22 
Purchases: AGOx39@54.22 AGGx39@54.22 AGMx39@54.22 CELx39@54.22 BOCHx39@54.22 

2014-04-08
Cash: 128.12
Held: AGOx39@55.44 AGMx39@55.44 CELx39@55.44 BOCHx39@55.44 AGGx39@55.44 
Value: 10938.44
Sales: AGOx39@55.44 AGGx39@55.44 AGMx39@55.44 CELx39@55.44 BOCHx39@55.44 
Purchases: AGOx39@55.44 AGGx39@55.44 AGMx39@55.44 CELx39@55.44 BOCHx39@55.44 

2014-04-09
Cash: 128.12
Held: AGOx39@55.56 AGMx39@55.56 CELx39@55.56 BOCHx39@55.56 AGGx39@55.56 
Value: 10962.81
Sales: AGOx39@55.56 AGGx39@55.56 AGMx39@55.56 CELx39@55.56 BOCHx39@55.56 
Purchases: AGOx39@55.56 AGGx39@55.56 AGMx39@55.56 CELx39@55.56 BOCHx39@55.56 

2014-04-10
Cash: 128.12
Held: AGOx39@53.69 AGMx39@53.69 CELx39@53.69 BOCHx39@53.69 AGGx39@53.69 
Value: 10597.19
Sales: AGOx39@53.69 AGGx39@53.69 AGMx39@53.69 CELx39@53.69 BOCHx39@53.69 
Purchases: AGOx39@53.69 AGGx39@53.69 AGMx39@53.69 CELx39@53.69 BOCHx39@53.69 

2014-04-13
Cash: 128.12
Held: AGOx39@53.19 AGMx39@53.19 CELx39@53.19 BOCHx39@53.19 AGGx39@53.19 
Value: 10499.69
Sales: AGOx39@53.19 AGGx39@53.19 AGMx39@53.19 CELx39@53.19 BOCHx39@53.19 
Purchases: AGOx39@53.19 AGGx39@53.19 AGMx39@53.19 CELx39@53.19 BOCHx39@53.19 

2014-04-14
Cash: 128.12
Held: AGOx39@52.84 AGMx39@52.84 CELx39@52.84 BOCHx39@52.84 AGGx39@52.84 
Value: 10432.66
Sales: AGOx39@52.84 AGGx39@52.84 AGMx39@52.84 CELx39@52.84 BOCHx39@52.84 
Purchases: AGOx39@52.84 AGGx39@52.84 AGMx39@52.84 CELx39@52.84 BOCHx39@52.84 

2014-04-15
Cash: 128.12
Held: AGOx39@53.56 AGMx39@53.56 CELx39@53.56 BOCHx39@53.56 AGGx39@53.56 
Value: 10572.81
Sales: AGOx39@53.56 AGGx39@53.56 AGMx39@53.56 CELx39@53.56 BOCHx39@53.56 
Purchases: AGOx39@53.56 AGGx39@53.56 AGMx39@53.56 CELx39@53.56 BOCHx39@53.56 

2014-04-16
Cash: 128.12
Held: AGOx39@53.75 AGMx39@53.75 CELx39@53.75 BOCHx39@53.75 AGGx39@53.75 
Value: 10609.38
Sales: AGOx39@53.75 AGGx39@53.75 AGMx39@53.75 CELx39@53.75 BOCHx39@53.75 
Purchases: AGOx39@53.75 AGGx39@53.75 AGMx39@53.75 CELx39@53.75 BOCHx39@53.75 

2014-04-20
Cash: 128.12
Held: AGOx39@54.62 AGMx39@54.62 CELx39@54.62 BOCHx39@54.62 AGGx39@54.62 
Value: 10780.00
Sales: AGOx39@54.62 AGGx39@54.62 AGMx39@54.62 CELx39@54.62 BOCHx39@54.62 
Purchases: AGOx39@54.62 AGGx39@54.62 AGMx39@54.62 CELx39@54.62 BOCHx39@54.62 

2014-04-21
Cash: 128.12
Held: AGOx39@54.69 AGMx39@54.69 CELx39@54.69 BOCHx39@54.69 AGGx39@54.69 
Value: 10792.19
Sales: AGOx39@54.69 AGGx39@54.69 AGMx39@54.69 CELx39@54.69 BOCHx39@54.69 
Purchases: AGOx39@54.69 AGGx39@54.69 AGMx39@54.69 CELx39@54.69 BOCHx39@54.69 

2014-04-22
Cash: 128.12
Held: AGOx39@54.84 AGMx39@54.84 CELx39@54.84 BOCHx39@54.84 AGGx39@54.84 
Value: 10822.66
Sales: AGOx39@54.84 AGGx39@54.84 AGMx39@54.84 CELx39@54.84 BOCHx39@54.84 
Purchases: AGOx39@54.84 AGGx39@54.84 AGMx39@54.84 CELx39@54.84 BOCHx39@54.84 

2014-04-23
Cash: 128.12
Held: AGOx39@55.22 AGMx39@55.22 CELx39@55.22 BOCHx39@55.22 AGGx39@55.22 
Value: 10895.78
Sales: AGOx39@55.22 AGGx39@55.22 AGMx39@55.22 CELx39@55.22 BOCHx39@55.22 
Purchases: AGOx39@55.22 AGGx39@55.22 AGMx39@55.22 CELx39@55.22 BOCHx39@55.22 

2014-04-24
Cash: 128.12
Held: AGOx39@55.25 AGMx39@55.25 CELx39@55.25 BOCHx39@55.25 AGGx39@55.25 
Value: 10901.88
Sales: AGOx39@55.25 AGGx39@55.25 AGMx39@55.25 CELx39@55.25 BOCHx39@55.25 
Purchases: AGOx39@55.25 AGGx39@55.25 AGMx39@55.25 CELx39@55.25 BOCHx39@55.25 

2014-04-27
Cash: 128.12
Held: AGOx39@54.84 AGMx39@54.84 CELx39@54.84 BOCHx39@54.84 AGGx39@54.84 
Value: 10822.66
Sales: AGOx39@54.84 AGGx39@54.84 AGMx39@54.84 CELx39@54.84 BOCHx39@54.84 
Purchases: AGOx39@54.84 AGGx39@54.84 AGMx39@54.84 CELx39@54.84 BOCHx39@54.84 

2014-04-28
Cash: 128.12
Held: AGOx39@53.28 AGMx39@53.28 CELx39@53.28 BOCHx39@53.28 AGGx39@53.28 
Value: 10517.97
Sales: AGOx39@53.28 AGGx39@53.28 AGMx39@53.28 CELx39@53.28 BOCHx39@53.28 
Purchases: AGOx39@53.28 AGGx39@53.28 AGMx39@53.28 CELx39@53.28 BOCHx39@53.28 

2014-04-29
Cash: 128.12
Held: AGOx39@53.44 AGMx39@53.44 CELx39@53.44 BOCHx39@53.44 AGGx39@53.44 
Value: 10548.44
Sales: AGOx39@53.44 AGGx39@53.44 AGMx39@53.44 CELx39@53.44 BOCHx39@53.44 
Purchases: AGOx39@53.44 AGGx39@53.44 AGMx39@53.44 CELx39@53.44 BOCHx39@53.44 

2014-04-30
Cash: 128.12
Held: AGOx39@53.94 AGMx39@53.94 CELx39@53.94 BOCHx39@53.94 AGGx39@53.94 
Value: 10645.94
Sales: AGOx39@53.94 AGGx39@53.94 AGMx39@53.94 CELx39@53.94 BOCHx39@53.94 
Purchases: AGOx39@53.94 AGGx39@53.94 AGMx39@53.94 CELx39@53.94 BOCHx39@53.94 

2014-05-01
Cash: 128.12
Held: AGOx39@54.50 AGMx39@54.50 CELx39@54.50 BOCHx39@54.50 AGGx39@54.50 
Value: 10755.62
Sales: AGOx39@54.50 AGGx39@54.50 AGMx39@54.50 CELx39@54.50 BOCHx39@54.50 
Purchases: AGOx39@54.50 AGGx39@54.50 AGMx39@54.50 CELx39@54.50 BOCHx39@54.50 

2014-05-04
Cash: 128.12
Held: AGOx39@54.31 AGMx39@54.31 CELx39@54.31 BOCHx39@54.31 AGGx39@54.31 
Value: 10719.06
Sales: AGOx39@54.31 AGGx39@54.31 AGMx39@54.31 CELx39@54.31 BOCHx39@54.31 
Purchases: AGOx39@54.31 AGGx39@54.31 AGMx39@54.31 CELx39@54.31 BOCHx39@54.31 

2014-05-05
Cash: 128.12
Held: AGOx39@55.09 AGMx39@55.09 CELx39@55.09 BOCHx39@55.09 AGGx39@55.09 
Value: 10871.41
Sales: AGOx39@55.09 AGGx39@55.09 AGMx39@55.09 CELx39@55.09 BOCHx39@55.09 
Purchases: AGOx39@55.09 AGGx39@55.09 AGMx39@55.09 CELx39@55.09 BOCHx39@55.09 

2014-05-06
Cash: 128.12
Held: AGOx39@55.12 AGMx39@55.12 CELx39@55.12 BOCHx39@55.12 AGGx39@55.12 
Value: 10877.50
Sales: AGOx39@55.12 AGGx39@55.12 AGMx39@55.12 CELx39@55.12 BOCHx39@55.12 
Purchases: AGOx39@55.12 AGGx39@55.12 AGMx39@55.12 CELx39@55.12 BOCHx39@55.12 

2014-05-07
Cash: 128.12
Held: AGOx39@55.03 AGMx39@55.03 CELx39@55.03 BOCHx39@55.03 AGGx39@55.03 
Value: 10859.22
Sales: AGOx39@55.03 AGGx39@55.03 AGMx39@55.03 CELx39@55.03 BOCHx39@55.03 
Purchases: AGOx39@55.03 AGGx39@55.03 AGMx39@55.03 CELx39@55.03 BOCHx39@55.03 

2014-05-08
Cash: 128.12
Held: AGOx39@55.25 AGMx39@55.25 CELx39@55.25 BOCHx39@55.25 AGGx39@55.25 
Value: 10901.88
Sales: AGOx39@55.25 AGGx39@55.25 AGMx39@55.25 CELx39@55.25 BOCHx39@55.25 
Purchases: AGOx39@55.25 AGGx39@55.25 AGMx39@55.25 CELx39@55.25 BOCHx39@55.25 

2014-05-11
Cash: 128.12
Held: AGOx39@55.59 AGMx39@55.59 CELx39@55.59 BOCHx39@55.59 AGGx39@55.59 
Value: 10968.91
Sales: AGOx39@55.59 AGGx39@55.59 AGMx39@55.59 CELx39@55.59 BOCHx39@55.59 
Purchases: AGOx39@55.59 AGGx39@55.59 AGMx39@55.59 CELx39@55.59 BOCHx39@55.59 

2014-05-12
Cash: 128.12
Held: AGOx39@56.62 AGMx39@56.62 CELx39@56.62 BOCHx39@56.62 AGGx39@56.62 
Value: 11170.00
Sales: AGOx39@56.62 AGGx39@56.62 AGMx39@56.62 CELx39@56.62 BOCHx39@56.62 
Purchases: AGOx39@56.62 AGGx39@56.62 AGMx39@56.62 CELx39@56.62 BOCHx39@56.62 

2014-05-13
Cash: 128.12
Held: AGOx39@56.78 AGMx39@56.78 CELx39@56.78 BOCHx39@56.78 AGGx39@56.78 
Value: 11200.47
Sales: AGOx39@56.78 AGGx39@56.78 AGMx39@56.78 CELx39@56.78 BOCHx39@56.78 
Purchases: AGOx39@56.78 AGGx39@56.78 AGMx39@56.78 CELx39@56.78 BOCHx39@56.78 

2014-05-14
Cash: 128.12
Held: AGOx39@54.59 AGMx39@54.59 CELx39@54.59 BOCHx39@54.59 AGGx39@54.59 
Value: 10773.91
Sales: AGOx39@54.59 AGGx39@54.59 AGMx39@54.59 CELx39@54.59 BOCHx39@54.59 
Purchases: AGOx39@54.59 AGGx39@54.59 AGMx39@54.59 CELx39@54.59 BOCHx39@54.59 

2014-05-15
Cash: 128.12
Held: AGOx39@54.38 AGMx39@54.38 CELx39@54.38 BOCHx39@54.38 AGGx39@54.38 
Value: 10731.25
Sales: AGOx39@54.38 AGGx39@54.38 AGMx39@54.38 CELx39@54.38 BOCHx39@54.38 
Purchases: AGOx39@54.38 AGGx39@54.38 AGMx39@54.38 CELx39@54.38 BOCHx39@54.38 

2014-05-18
Cash: 128.12
Held: AGOx39@54.91 AGMx39@54.91 CELx39@54.91 BOCHx39@54.91 AGGx39@54.91 
Value: 10834.84
Sales: AGOx39@54.91 AGGx39@54.91 AGMx39@54.91 CELx39@54.91 BOCHx39@54.91 
Purchases: AGOx39@54.91 AGGx39@54.91 AGMx39@54.91 CELx39@54.91 BOCHx39@54.91 

2014-05-19
Cash: 128.12
Held: AGOx39@54.88 AGMx39@54.88 CELx39@54.88 BOCHx39@54.88 AGGx39@54.88 
Value: 10828.75
Sales: AGOx39@54.88 AGGx39@54.88 AGMx39@54.88 CELx39@54.88 BOCHx39@54.88 
Purchases: AGOx39@54.88 AGGx39@54.88 AGMx39@54.88 CELx39@54.88 BOCHx39@54.88 

2014-05-20
Cash: 128.12
Held: AGOx39@54.59 AGMx39@54.59 CELx39@54.59 BOCHx39@54.59 AGGx39@54.59 
Value: 10773.91
Sales: AGOx39@54.59 AGGx39@54.59 AGMx39@54.59 CELx39@54.59 BOCHx39@54.59 
Purchases: AGOx39@54.59 AGGx39@54.59 AGMx39@54.59 CELx39@54.59 BOCHx39@54.59 

2014-05-21
Cash: 128.12
Held: AGOx39@55.00 AGMx39@55.00 CELx39@55.00 BOCHx39@55.00 AGGx39@55.00 
Value: 10853.12
Sales: AGOx39@55.00 AGGx39@55.00 AGMx39@55.00 CELx39@55.00 BOCHx39@55.00 
Purchases: AGOx39@55.00 AGGx39@55.00 AGMx39@55.00 CELx39@55.00 BOCHx39@55.00 

2014-05-22
Cash: 128.12
Held: AGOx39@55.66 AGMx39@55.66 CELx39@55.66 BOCHx39@55.66 AGGx39@55.66 
Value: 10981.09
Sales: AGOx39@55.66 AGGx39@55.66 AGMx39@55.66 CELx39@55.66 BOCHx39@55.66 
Purchases: AGOx39@55.66 AGGx39@55.66 AGMx39@55.66 CELx39@55.66 BOCHx39@55.66 

2014-05-26
Cash: 128.12
Held: AGOx39@56.31 AGMx39@56.31 CELx39@56.31 BOCHx39@56.31 AGGx39@56.31 
Value: 11109.06
Sales: AGOx39@56.31 AGGx39@56.31 AGMx39@56.31 CELx39@56.31 BOCHx39@56.31 
Purchases: AGOx39@56.31 AGGx39@56.31 AGMx39@56.31 CELx39@56.31 BOCHx39@56.31 

2014-05-27
Cash: 128.12
Held: AGOx39@56.41 AGMx39@56.41 CELx39@56.41 BOCHx39@56.41 AGGx39@56.41 
Value: 11127.34
Sales: AGOx39@56.41 AGGx39@56.41 AGMx39@56.41 CELx39@56.41 BOCHx39@56.41 
Purchases: AGOx39@56.41 AGGx39@56.41 AGMx39@56.41 CELx39@56.41 BOCHx39@56.41 

2014-05-28
Cash: 128.12
Held: AGOx39@57.19 AGMx39@57.19 CELx39@57.19 BOCHx39@57.19 AGGx39@57.19 
Value: 11279.69
Sales: AGOx39@57.19 AGGx39@57.19 AGMx39@57.19 CELx39@57.19 BOCHx39@57.19 
Purchases: AGOx39@57.19 AGGx39@57.19 AGMx39@57.19 CELx39@57.19 BOCHx39@57.19 

2014-05-29
Cash: 128.12
Held: AGOx39@56.88 AGMx39@56.88 CELx39@56.88 BOCHx39@56.88 AGGx39@56.88 
Value: 11218.75
Sales: AGOx39@56.88 AGGx39@56.88 AGMx39@56.88 CELx39@56.88 BOCHx39@56.88 
Purchases: AGOx39@56.88 AGGx39@56.88 AGMx39@56.88 CELx39@56.88 BOCHx39@56.88 

2014-06-01
Cash: 128.12
Held: AGOx39@56.97 AGMx39@56.97 CELx39@56.97 BOCHx39@56.97 AGGx39@56.97 
Value: 11237.03
Sales: AGOx39@56.97 AGGx39@56.97 AGMx39@56.97 CELx39@56.97 BOCHx39@56.97 
Purchases: AGOx39@56.97 AGGx39@56.97 AGMx39@56.97 CELx39@56.97 BOCHx39@56.97 

2014-06-02
Cash: 128.12
Held: AGOx39@56.72 AGMx39@56.72 CELx39@56.72 BOCHx39@56.72 AGGx39@56.72 
Value: 11188.28
Sales: AGOx39@56.72 AGGx39@56.72 AGMx39@56.72 CELx39@56.72 BOCHx39@56.72 
Purchases: AGOx39@56.72 AGGx39@56.72 AGMx39@56.72 CELx39@56.72 BOCHx39@56.72 

2014-06-03
Cash: 128.12
Held: AGOx39@57.03 AGMx39@57.03 CELx39@57.03 BOCHx39@57.03 AGGx39@57.03 
Value: 11249.22
Sales: AGOx39@57.03 AGGx39@57.03 AGMx39@57.03 CELx39@57.03 BOCHx39@57.03 
Purchases: AGOx39@57.03 AGGx39@57.03 AGMx39@57.03 CELx39@57.03 BOCHx39@57.03 

2014-06-04
Cash: 128.12
Held: AGOx39@57.44 AGMx39@57.44 CELx39@57.44 BOCHx39@57.44 AGGx39@57.44 
Value: 11328.44
Sales: AGOx39@57.44 AGGx39@57.44 AGMx39@57.44 CELx39@57.44 BOCHx39@57.44 
Purchases: AGOx39@57.44 AGGx39@57.44 AGMx39@57.44 CELx39@57.44 BOCHx39@57.44 

2014-06-05
Cash: 128.12
Held: AGOx39@58.59 AGMx39@58.59 CELx39@58.59 BOCHx39@58.59 AGGx39@58.59 
Value: 11553.91
Sales: AGOx39@58.59 AGGx39@58.59 AGMx39@58.59 CELx39@58.59 BOCHx39@58.59 
Purchases: AGOx39@58.59 AGGx39@58.59 AGMx39@58.59 CELx39@58.59 BOCHx39@58.59 

2014-06-08
Cash: 128.12
Held: AGOx39@59.00 AGMx39@59.00 CELx39@59.00 BOCHx39@59.00 AGGx39@59.00 
Value: 11633.12
Sales: AGOx39@59.00 AGGx39@59.00 AGMx39@59.00 CELx39@59.00 BOCHx39@59.00 
Purchases: AGOx39@59.00 AGGx39@59.00 AGMx39@59.00 CELx39@59.00 BOCHx39@59.00 

2014-06-09
Cash: 128.12
Held: AGOx39@59.16 AGMx39@59.16 CELx39@59.16 BOCHx39@59.16 AGGx39@59.16 
Value: 11663.59
Sales: AGOx39@59.16 AGGx39@59.16 AGMx39@59.16 CELx39@59.16 BOCHx39@59.16 
Purchases: AGOx39@59.16 AGGx39@59.16 AGMx39@59.16 CELx39@59.16 BOCHx39@59.16 

2014-06-10
Cash: 128.12
Held: AGOx39@58.34 AGMx39@58.34 CELx39@58.34 BOCHx39@58.34 AGGx39@58.34 
Value: 11505.16
Sales: AGOx39@58.34 AGGx39@58.34 AGMx39@58.34 CELx39@58.34 BOCHx39@58.34 
Purchases: AGOx39@58.34 AGGx39@58.34 AGMx39@58.34 CELx39@58.34 BOCHx39@58.34 

2014-06-11
Cash: 128.12
Held: AGOx39@58.91 AGMx39@58.91 CELx39@58.91 BOCHx39@58.91 AGGx39@58.91 
Value: 11614.84
Sales: AGOx39@58.91 AGGx39@58.91 AGMx39@58.91 CELx39@58.91 BOCHx39@58.91 
Purchases: AGOx39@58.91 AGGx39@58.91 AGMx39@58.91 CELx39@58.91 BOCHx39@58.91 

2014-06-12
Cash: 128.12
Held: AGOx39@58.53 AGMx39@58.53 CELx39@58.53 BOCHx39@58.53 AGGx39@58.53 
Value: 11541.72
Sales: AGOx39@58.53 AGGx39@58.53 AGMx39@58.53 CELx39@58.53 BOCHx39@58.53 
Purchases: AGOx39@58.53 AGGx39@58.53 AGMx39@58.53 CELx39@58.53 BOCHx39@58.53 

2014-06-15
Cash: 128.12
Held: AGOx39@58.56 AGMx39@58.56 CELx39@58.56 BOCHx39@58.56 AGGx39@58.56 
Value: 11547.81
Sales: AGOx39@58.56 AGGx39@58.56 AGMx39@58.56 CELx39@58.56 BOCHx39@58.56 
Purchases: AGOx39@58.56 AGGx39@58.56 AGMx39@58.56 CELx39@58.56 BOCHx39@58.56 

2014-06-16
Cash: 128.12
Held: AGOx39@58.28 AGMx39@58.28 CELx39@58.28 BOCHx39@58.28 AGGx39@58.28 
Value: 11492.97
Sales: AGOx39@58.28 AGGx39@58.28 AGMx39@58.28 CELx39@58.28 BOCHx39@58.28 
Purchases: AGOx39@58.28 AGGx39@58.28 AGMx39@58.28 CELx39@58.28 BOCHx39@58.28 

2014-06-17
Cash: 128.12
Held: AGOx39@58.88 AGMx39@58.88 CELx39@58.88 BOCHx39@58.88 AGGx39@58.88 
Value: 11608.75
Sales: AGOx39@58.88 AGGx39@58.88 AGMx39@58.88 CELx39@58.88 BOCHx39@58.88 
Purchases: AGOx39@58.88 AGGx39@58.88 AGMx39@58.88 CELx39@58.88 BOCHx39@58.88 

2014-06-18
Cash: 128.12
Held: AGOx39@59.19 AGMx39@59.19 CELx39@59.19 BOCHx39@59.19 AGGx39@59.19 
Value: 11669.69
Sales: AGOx39@59.19 AGGx39@59.19 AGMx39@59.19 CELx39@59.19 BOCHx39@59.19 
Purchases: AGOx39@59.19 AGGx39@59.19 AGMx39@59.19 CELx39@59.19 BOCHx39@59.19 

2014-06-19
Cash: 128.12
Held: AGOx39@57.84 AGMx39@57.84 CELx39@57.84 BOCHx39@57.84 AGGx39@57.84 
Value: 11407.66
Sales: AGOx39@57.84 AGGx39@57.84 AGMx39@57.84 CELx39@57.84 BOCHx39@57.84 
Purchases: AGOx39@57.84 AGGx39@57.84 AGMx39@57.84 CELx39@57.84 BOCHx39@57.84 

2014-06-22
Cash: 128.12
Held: AGOx39@58.72 AGMx39@58.72 CELx39@58.72 BOCHx39@58.72 AGGx39@58.72 
Value: 11578.28
Sales: AGOx39@58.72 AGGx39@58.72 AGMx39@58.72 CELx39@58.72 BOCHx39@58.72 
Purchases: AGOx39@58.72 AGGx39@58.72 AGMx39@58.72 CELx39@58.72 BOCHx39@58.72 

2014-06-23
Cash: 128.12
Held: AGOx39@58.03 AGMx39@58.03 CELx39@58.03 BOCHx39@58.03 AGGx39@58.03 
Value: 11444.22
Sales: AGOx39@58.03 AGGx39@58.03 AGMx39@58.03 CELx39@58.03 BOCHx39@58.03 
Purchases: AGOx39@58.03 AGGx39@58.03 AGMx39@58.03 CELx39@58.03 BOCHx39@58.03 

2014-06-24
Cash: 128.12
Held: AGOx39@57.62 AGMx39@57.62 CELx39@57.62 BOCHx39@57.62 AGGx39@57.62 
Value: 11365.00
Sales: AGOx39@57.62 AGGx39@57.62 AGMx39@57.62 CELx39@57.62 BOCHx39@57.62 
Purchases: AGOx39@57.62 AGGx39@57.62 AGMx39@57.62 CELx39@57.62 BOCHx39@57.62 

2014-06-25
Cash: 128.12
Held: AGOx39@58.00 AGMx39@58.00 CELx39@58.00 BOCHx39@58.00 AGGx39@58.00 
Value: 11438.12
Sales: AGOx39@58.00 AGGx39@58.00 AGMx39@58.00 CELx39@58.00 BOCHx39@58.00 
Purchases: AGOx39@58.00 AGGx39@58.00 AGMx39@58.00 CELx39@58.00 BOCHx39@58.00 

2014-06-26
Cash: 128.12
Held: AGOx39@57.53 AGMx39@57.53 CELx39@57.53 BOCHx39@57.53 AGGx39@57.53 
Value: 11346.72
Sales: AGOx39@57.53 AGGx39@57.53 AGMx39@57.53 CELx39@57.53 BOCHx39@57.53 
Purchases: AGOx39@57.53 AGGx39@57.53 AGMx39@57.53 CELx39@57.53 BOCHx39@57.53 

2014-06-29
Cash: 128.12
Held: AGOx39@57.38 AGMx39@57.38 CELx39@57.38 BOCHx39@57.38 AGGx39@57.38 
Value: 11316.25
Sales: AGOx39@57.38 AGGx39@57.38 AGMx39@57.38 CELx39@57.38 BOCHx39@57.38 
Purchases: AGOx39@57.38 AGGx39@57.38 AGMx39@57.38 CELx39@57.38 BOCHx39@57.38 

2014-06-30
Cash: 128.12
Held: AGOx39@57.75 AGMx39@57.75 CELx39@57.75 BOCHx39@57.75 AGGx39@57.75 
Value: 11389.38
Sales: AGOx39@57.75 AGGx39@57.75 AGMx39@57.75 CELx39@57.75 BOCHx39@57.75 
Purchases: AGOx39@57.75 AGGx39@57.75 AGMx39@57.75 CELx39@57.75 BOCHx39@57.75 

2014-07-01
Cash: 128.12
Held: AGOx39@58.12 AGMx39@58.12 CELx39@58.12 BOCHx39@58.12 AGGx39@58.12 
Value: 11462.50
Sales: AGOx39@58.12 AGGx39@58.12 AGMx39@58.12 CELx39@58.12 BOCHx39@58.12 
Purchases: AGOx39@58.12 AGGx39@58.12 AGMx39@58.12 CELx39@58.12 BOCHx39@58.12 

2014-07-02
Cash: 128.12
Held: AGOx39@58.19 AGMx39@58.19 CELx39@58.19 BOCHx39@58.19 AGGx39@58.19 
Value: 11474.69
Sales: AGOx39@58.19 AGGx39@58.19 AGMx39@58.19 CELx39@58.19 BOCHx39@58.19 
Purchases: AGOx39@58.19 AGGx39@58.19 AGMx39@58.19 CELx39@58.19 BOCHx39@58.19 

2014-07-06
Cash: 128.12
Held: AGOx39@58.19 AGMx39@58.19 CELx39@58.19 BOCHx39@58.19 AGGx39@58.19 
Value: 11474.69
Sales: AGOx39@58.19 AGGx39@58.19 AGMx39@58.19 CELx39@58.19 BOCHx39@58.19 
Purchases: AGOx39@58.19 AGGx39@58.19 AGMx39@58.19 CELx39@58.19 BOCHx39@58.19 

2014-07-07
Cash: 128.12
Held: AGOx39@57.84 AGMx39@57.84 CELx39@57.84 BOCHx39@57.84 AGGx39@57.84 
Value: 11407.66
Sales: AGOx39@57.84 AGGx39@57.84 AGMx39@57.84 CELx39@57.84 BOCHx39@57.84 
Purchases: AGOx39@57.84 AGGx39@57.84 AGMx39@57.84 CELx39@57.84 BOCHx39@57.84 

2014-07-08
Cash: 128.12
Held: AGOx39@57.06 AGMx39@57.06 CELx39@57.06 BOCHx39@57.06 AGGx39@57.06 
Value: 11255.31
Sales: AGOx39@57.06 AGGx39@57.06 AGMx39@57.06 CELx39@57.06 BOCHx39@57.06 
Purchases: AGOx39@57.06 AGGx39@57.06 AGMx39@57.06 CELx39@57.06 BOCHx39@57.06 

2014-07-09
Cash: 128.12
Held: AGOx39@56.41 AGMx39@56.41 CELx39@56.41 BOCHx39@56.41 AGGx39@56.41 
Value: 11127.34
Sales: AGOx39@56.41 AGGx39@56.41 AGMx39@56.41 CELx39@56.41 BOCHx39@56.41 
Purchases: AGOx39@56.41 AGGx39@56.41 AGMx39@56.41 CELx39@56.41 BOCHx39@56.41 

2014-07-10
Cash: 128.12
Held: AGOx39@56.34 AGMx39@56.34 CELx39@56.34 BOCHx39@56.34 AGGx39@56.34 
Value: 11115.16
Sales: AGOx39@56.34 AGGx39@56.34 AGMx39@56.34 CELx39@56.34 BOCHx39@56.34 
Purchases: AGOx39@56.34 AGGx39@56.34 AGMx39@56.34 CELx39@56.34 BOCHx39@56.34 

2014-07-13
Cash: 128.12
Held: AGOx39@56.94 AGMx39@56.94 CELx39@56.94 BOCHx39@56.94 AGGx39@56.94 
Value: 11230.94
Sales: AGOx39@56.94 AGGx39@56.94 AGMx39@56.94 CELx39@56.94 BOCHx39@56.94 
Purchases: AGOx39@56.94 AGGx39@56.94 AGMx39@56.94 CELx39@56.94 BOCHx39@56.94 

2014-07-14
Cash: 128.12
Held: AGOx39@56.69 AGMx39@56.69 CELx39@56.69 BOCHx39@56.69 AGGx39@56.69 
Value: 11182.19
Sales: AGOx39@56.69 AGGx39@56.69 AGMx39@56.69 CELx39@56.69 BOCHx39@56.69 
Purchases: AGOx39@56.69 AGGx39@56.69 AGMx39@56.69 CELx39@56.69 BOCHx39@56.69 

2014-07-15
Cash: 128.12
Held: AGOx39@56.88 AGMx39@56.88 CELx39@56.88 BOCHx39@56.88 AGGx39@56.88 
Value: 11218.75
Sales: AGOx39@56.88 AGGx39@56.88 AGMx39@56.88 CELx39@56.88 BOCHx39@56.88 
Purchases: AGOx39@56.88 AGGx39@56.88 AGMx39@56.88 CELx39@56.88 BOCHx39@56.88 

2014-07-16
Cash: 128.12
Held: AGOx39@56.47 AGMx39@56.47 CELx39@56.47 BOCHx39@56.47 AGGx39@56.47 
Value: 11139.53
Sales: AGOx39@56.47 AGGx39@56.47 AGMx39@56.47 CELx39@56.47 BOCHx39@56.47 
Purchases: AGOx39@56.47 AGGx39@56.47 AGMx39@56.47 CELx39@56.47 BOCHx39@56.47 

2014-07-17
Cash: 128.12
Held: AGOx39@55.41 AGMx39@55.41 CELx39@55.41 BOCHx39@55.41 AGGx39@55.41 
Value: 10932.34
Sales: AGOx39@55.41 AGGx39@55.41 AGMx39@55.41 CELx39@55.41 BOCHx39@55.41 
Purchases: AGOx39@55.41 AGGx39@55.41 AGMx39@55.41 CELx39@55.41 BOCHx39@55.41 

2014-07-20
Cash: 128.12
Held: AGOx39@55.88 AGMx39@55.88 CELx39@55.88 BOCHx39@55.88 AGGx39@55.88 
Value: 11023.75
Sales: AGOx39@55.88 AGGx39@55.88 AGMx39@55.88 CELx39@55.88 BOCHx39@55.88 
Purchases: AGOx39@55.88 AGGx39@55.88 AGMx39@55.88 CELx39@55.88 BOCHx39@55.88 

2014-07-21
Cash: 128.12
Held: AGOx39@57.00 AGMx39@57.00 CELx39@57.00 BOCHx39@57.00 AGGx39@57.00 
Value: 11243.12
Sales: AGOx39@57.00 AGGx39@57.00 AGMx39@57.00 CELx39@57.00 BOCHx39@57.00 
Purchases: AGOx39@57.00 AGGx39@57.00 AGMx39@57.00 CELx39@57.00 BOCHx39@57.00 

2014-07-22
Cash: 128.12
Held: AGOx39@58.12 AGMx39@58.12 CELx39@58.12 BOCHx39@58.12 AGGx39@58.12 
Value: 11462.50
Sales: AGOx39@58.12 AGGx39@58.12 AGMx39@58.12 CELx39@58.12 BOCHx39@58.12 
Purchases: AGOx39@58.12 AGGx39@58.12 AGMx39@58.12 CELx39@58.12 BOCHx39@58.12 

2014-07-23
Cash: 128.12
Held: AGOx39@57.59 AGMx39@57.59 CELx39@57.59 BOCHx39@57.59 AGGx39@57.59 
Value: 11358.91
Sales: AGOx39@57.59 AGGx39@57.59 AGMx39@57.59 CELx39@57.59 BOCHx39@57.59 
Purchases: AGOx39@57.59 AGGx39@57.59 AGMx39@57.59 CELx39@57.59 BOCHx39@57.59 

2014-07-24
Cash: 128.12
Held: AGOx39@56.53 AGMx39@56.53 CELx39@56.53 BOCHx39@56.53 AGGx39@56.53 
Value: 11151.72
Sales: AGOx39@56.53 AGGx39@56.53 AGMx39@56.53 CELx39@56.53 BOCHx39@56.53 
Purchases: AGOx39@56.53 AGGx39@56.53 AGMx39@56.53 CELx39@56.53 BOCHx39@56.53 

2014-07-27
Cash: 128.12
Held: AGOx39@56.50 AGMx39@56.50 CELx39@56.50 BOCHx39@56.50 AGGx39@56.50 
Value: 11145.62
Sales: AGOx39@56.50 AGGx39@56.50 AGMx39@56.50 CELx39@56.50 BOCHx39@56.50 
Purchases: AGOx39@56.50 AGGx39@56.50 AGMx39@56.50 CELx39@56.50 BOCHx39@56.50 

2014-07-28
Cash: 128.12
Held: AGOx39@56.28 AGMx39@56.28 CELx39@56.28 BOCHx39@56.28 AGGx39@56.28 
Value: 11102.97
Sales: AGOx39@56.28 AGGx39@56.28 AGMx39@56.28 CELx39@56.28 BOCHx39@56.28 
Purchases: AGOx39@56.28 AGGx39@56.28 AGMx39@56.28 CELx39@56.28 BOCHx39@56.28 

2014-07-29
Cash: 128.12
Held: AGOx39@56.22 AGMx39@56.22 CELx39@56.22 BOCHx39@56.22 AGGx39@56.22 
Value: 11090.78
Sales: AGOx39@56.22 AGGx39@56.22 AGMx39@56.22 CELx39@56.22 BOCHx39@56.22 
Purchases: AGOx39@56.22 AGGx39@56.22 AGMx39@56.22 CELx39@56.22 BOCHx39@56.22 

2014-07-30
Cash: 128.12
Held: AGOx39@56.22 AGMx39@56.22 CELx39@56.22 BOCHx39@56.22 AGGx39@56.22 
Value: 11090.78
Sales: AGOx39@56.22 AGGx39@56.22 AGMx39@56.22 CELx39@56.22 BOCHx39@56.22 
Purchases: AGOx39@56.22 AGGx39@56.22 AGMx39@56.22 CELx39@56.22 BOCHx39@56.22 

2014-07-31
Cash: 128.12
Held: AGOx39@55.78 AGMx39@55.78 CELx39@55.78 BOCHx39@55.78 AGGx39@55.78 
Value: 11005.47
Sales: AGOx39@55.78 AGGx39@55.78 AGMx39@55.78 CELx39@55.78 BOCHx39@55.78 
Purchases: AGOx39@55.78 AGGx39@55.78 AGMx39@55.78 CELx39@55.78 BOCHx39@55.78 

2014-08-03
Cash: 128.12
Held: AGOx39@56.19 AGMx39@56.19 CELx39@56.19 BOCHx39@56.19 AGGx39@56.19 
Value: 11084.69
Sales: AGOx39@56.19 AGGx39@56.19 AGMx39@56.19 CELx39@56.19 BOCHx39@56.19 
Purchases: AGOx39@56.19 AGGx39@56.19 AGMx39@56.19 CELx39@56.19 BOCHx39@56.19 

2014-08-04
Cash: 128.12
Held: AGOx39@55.91 AGMx39@55.91 CELx39@55.91 BOCHx39@55.91 AGGx39@55.91 
Value: 11029.84
Sales: AGOx39@55.91 AGGx39@55.91 AGMx39@55.91 CELx39@55.91 BOCHx39@55.91 
Purchases: AGOx39@55.91 AGGx39@55.91 AGMx39@55.91 CELx39@55.91 BOCHx39@55.91 

2014-08-05
Cash: 128.12
Held: AGOx39@55.22 AGMx39@55.22 CELx39@55.22 BOCHx39@55.22 AGGx39@55.22 
Value: 10895.78
Sales: AGOx39@55.22 AGGx39@55.22 AGMx39@55.22 CELx39@55.22 BOCHx39@55.22 
Purchases: AGOx39@55.22 AGGx39@55.22 AGMx39@55.22 CELx39@55.22 BOCHx39@55.22 

2014-08-06
Cash: 128.12
Held: AGOx39@55.97 AGMx39@55.97 CELx39@55.97 BOCHx39@55.97 AGGx39@55.97 
Value: 11042.03
Sales: AGOx39@55.97 AGGx39@55.97 AGMx39@55.97 CELx39@55.97 BOCHx39@55.97 
Purchases: AGOx39@55.97 AGGx39@55.97 AGMx39@55.97 CELx39@55.97 BOCHx39@55.97 

2014-08-07
Cash: 128.12
Held: AGOx39@55.31 AGMx39@55.31 CELx39@55.31 BOCHx39@55.31 AGGx39@55.31 
Value: 10914.06
Sales: AGOx39@55.31 AGGx39@55.31 AGMx39@55.31 CELx39@55.31 BOCHx39@55.31 
Purchases: AGOx39@55.31 AGGx39@55.31 AGMx39@55.31 CELx39@55.31 BOCHx39@55.31 

2014-08-10
Cash: 128.12
Held: AGOx39@55.44 AGMx39@55.44 CELx39@55.44 BOCHx39@55.44 AGGx39@55.44 
Value: 10938.44
Sales: AGOx39@55.44 AGGx39@55.44 AGMx39@55.44 CELx39@55.44 BOCHx39@55.44 
Purchases: AGOx39@55.44 AGGx39@55.44 AGMx39@55.44 CELx39@55.44 BOCHx39@55.44 

2014-08-11
Cash: 128.12
Held: AGOx39@55.00 AGMx39@55.00 CELx39@55.00 BOCHx39@55.00 AGGx39@55.00 
Value: 10853.12
Sales: AGOx39@55.00 AGGx39@55.00 AGMx39@55.00 CELx39@55.00 BOCHx39@55.00 
Purchases: AGOx39@55.00 AGGx39@55.00 AGMx39@55.00 CELx39@55.00 BOCHx39@55.00 

2014-08-12
Cash: 128.12
Held: AGOx39@54.47 AGMx39@54.47 CELx39@54.47 BOCHx39@54.47 AGGx39@54.47 
Value: 10749.53
Sales: AGOx39@54.47 AGGx39@54.47 AGMx39@54.47 CELx39@54.47 BOCHx39@54.47 
Purchases: AGOx39@54.47 AGGx39@54.47 AGMx39@54.47 CELx39@54.47 BOCHx39@54.47 

2014-08-13
Cash: 128.12
Held: AGOx39@54.78 AGMx39@54.78 CELx39@54.78 BOCHx39@54.78 AGGx39@54.78 
Value: 10810.47
Sales: AGOx39@54.78 AGGx39@54.78 AGMx39@54.78 CELx39@54.78 BOCHx39@54.78 
Purchases: AGOx39@54.78 AGGx39@54.78 AGMx39@54.78 CELx39@54.78 BOCHx39@54.78 

2014-08-14
Cash: 128.12
Held: AGOx39@58.94 AGMx39@58.94 CELx39@58.94 BOCHx39@58.94 AGGx39@58.94 
Value: 11620.94
Sales: AGOx39@58.94 AGGx39@58.94 AGMx39@58.94 CELx39@58.94 BOCHx39@58.94 
Purchases: AGOx39@58.94 AGGx39@58.94 AGMx39@58.94 CELx39@58.94 BOCHx39@58.94 

2014-08-17
Cash: 128.12
Held: AGOx39@57.75 AGMx39@57.75 CELx39@57.75 BOCHx39@57.75 AGGx39@57.75 
Value: 11389.38
Sales: AGOx39@57.75 AGGx39@57.75 AGMx39@57.75 CELx39@57.75 BOCHx39@57.75 
Purchases: AGOx39@57.75 AGGx39@57.75 AGMx39@57.75 CELx39@57.75 BOCHx39@57.75 

2014-08-18
Cash: 128.12
Held: AGOx39@58.53 AGMx39@58.53 CELx39@58.53 BOCHx39@58.53 AGGx39@58.53 
Value: 11541.72
Sales: AGOx39@58.53 AGGx39@58.53 AGMx39@58.53 CELx39@58.53 BOCHx39@58.53 
Purchases: AGOx39@58.53 AGGx39@58.53 AGMx39@58.53 CELx39@58.53 BOCHx39@58.53 

2014-08-19
Cash: 128.12
Held: AGOx39@58.31 AGMx39@58.31 CELx39@58.31 BOCHx39@58.31 AGGx39@58.31 
Value: 11499.06
Sales: AGOx39@58.31 AGGx39@58.31 AGMx39@58.31 CELx39@58.31 BOCHx39@58.31 
Purchases: AGOx39@58.31 AGGx39@58.31 AGMx39@58.31 CELx39@58.31 BOCHx39@58.31 

2014-08-20
Cash: 128.12
Held: AGOx39@58.38 AGMx39@58.38 CELx39@58.38 BOCHx39@58.38 AGGx39@58.38 
Value: 11511.25
Sales: AGOx39@58.38 AGGx39@58.38 AGMx39@58.38 CELx39@58.38 BOCHx39@58.38 
Purchases: AGOx39@58.38 AGGx39@58.38 AGMx39@58.38 CELx39@58.38 BOCHx39@58.38 

2014-08-21
Cash: 128.12
Held: AGOx39@57.91 AGMx39@57.91 CELx39@57.91 BOCHx39@57.91 AGGx39@57.91 
Value: 11419.84
Sales: AGOx39@57.91 AGGx39@57.91 AGMx39@57.91 CELx39@57.91 BOCHx39@57.91 
Purchases: AGOx39@57.91 AGGx39@57.91 AGMx39@57.91 CELx39@57.91 BOCHx39@57.91 

2014-08-24
Cash: 128.12
Held: AGOx39@57.88 AGMx39@57.88 CELx39@57.88 BOCHx39@57.88 AGGx39@57.88 
Value: 11413.75
Sales: AGOx39@57.88 AGGx39@57.88 AGMx39@57.88 CELx39@57.88 BOCHx39@57.88 
Purchases: AGOx39@57.88 AGGx39@57.88 AGMx39@57.88 CELx39@57.88 BOCHx39@57.88 

2014-08-25
Cash: 128.12
Held: AGOx39@57.75 AGMx39@57.75 CELx39@57.75 BOCHx39@57.75 AGGx39@57.75 
Value: 11389.38
Sales: AGOx39@57.75 AGGx39@57.75 AGMx39@57.75 CELx39@57.75 BOCHx39@57.75 
Purchases: AGOx39@57.75 AGGx39@57.75 AGMx39@57.75 CELx39@57.75 BOCHx39@57.75 

2014-08-26
Cash: 128.12
Held: AGOx39@58.00 AGMx39@58.00 CELx39@58.00 BOCHx39@58.00 AGGx39@58.00 
Value: 11438.12
Sales: AGOx39@58.00 AGGx39@58.00 AGMx39@58.00 CELx39@58.00 BOCHx39@58.00 
Purchases: AGOx39@58.00 AGGx39@58.00 AGMx39@58.00 CELx39@58.00 BOCHx39@58.00 

2014-08-27
Cash: 128.12
Held: AGOx39@57.12 AGMx39@57.12 CELx39@57.12 BOCHx39@57.12 AGGx39@57.12 
Value: 11267.50
Sales: AGOx39@57.12 AGGx39@57.12 AGMx39@57.12 CELx39@57.12 BOCHx39@57.12 
Purchases: AGOx39@57.12 AGGx39@57.12 AGMx39@57.12 CELx39@57.12 BOCHx39@57.12 

2014-08-28
Cash: 128.12
Held: AGOx39@57.34 AGMx39@57.34 CELx39@57.34 BOCHx39@57.34 AGGx39@57.34 
Value: 11310.16
Sales: AGOx39@57.34 AGGx39@57.34 AGMx39@57.34 CELx39@57.34 BOCHx39@57.34 
Purchases: AGOx39@57.34 AGGx39@57.34 AGMx39@57.34 CELx39@57.34 BOCHx39@57.34 

2014-09-01
Cash: 128.12
Held: AGOx39@57.22 AGMx39@57.22 CELx39@57.22 BOCHx39@57.22 AGGx39@57.22 
Value: 11285.78
Sales: AGOx39@57.22 AGGx39@57.22 AGMx39@57.22 CELx39@57.22 BOCHx39@57.22 
Purchases: AGOx39@57.22 AGGx39@57.22 AGMx39@57.22 CELx39@57.22 BOCHx39@57.22 

2014-09-02
Cash: 128.12
Held: AGOx39@58.22 AGMx39@58.22 CELx39@58.22 BOCHx39@58.22 AGGx39@58.22 
Value: 11480.78
Sales: AGOx39@58.22 AGGx39@58.22 AGMx39@58.22 CELx39@58.22 BOCHx39@58.22 
Purchases: AGOx39@58.22 AGGx39@58.22 AGMx39@58.22 CELx39@58.22 BOCHx39@58.22 

2014-09-03
Cash: 128.12
Held: AGOx39@58.12 AGMx39@58.12 CELx39@58.12 BOCHx39@58.12 AGGx39@58.12 
Value: 11462.50
Sales: AGOx39@58.12 AGGx39@58.12 AGMx39@58.12 CELx39@58.12 BOCHx39@58.12 
Purchases: AGOx39@58.12 AGGx39@58.12 AGMx39@58.12 CELx39@58.12 BOCHx39@58.12 

2014-09-04
Cash: 128.12
Held: AGOx39@57.59 AGMx39@57.59 CELx39@57.59 BOCHx39@57.59 AGGx39@57.59 
Value: 11358.91
Sales: AGOx39@57.59 AGGx39@57.59 AGMx39@57.59 CELx39@57.59 BOCHx39@57.59 
Purchases: AGOx39@57.59 AGGx39@57.59 AGMx39@57.59 CELx39@57.59 BOCHx39@57.59 

2014-09-07
Cash: 128.12
Held: AGOx39@57.72 AGMx39@57.72 CELx39@57.72 BOCHx39@57.72 AGGx39@57.72 
Value: 11383.28
Sales: AGOx39@57.72 AGGx39@57.72 AGMx39@57.72 CELx39@57.72 BOCHx39@57.72 
Purchases: AGOx39@57.72 AGGx39@57.72 AGMx39@57.72 CELx39@57.72 BOCHx39@57.72 

2014-09-08
Cash: 128.12
Held: AGOx39@57.69 AGMx39@57.69 CELx39@57.69 BOCHx39@57.69 AGGx39@57.69 
Value: 11377.19
Sales: AGOx39@57.69 AGGx39@57.69 AGMx39@57.69 CELx39@57.69 BOCHx39@57.69 
Purchases: AGOx39@57.69 AGGx39@57.69 AGMx39@57.69 CELx39@57.69 BOCHx39@57.69 

2014-09-09
Cash: 128.12
Held: AGOx39@57.59 AGMx39@57.59 CELx39@57.59 BOCHx39@57.59 AGGx39@57.59 
Value: 11358.91
Sales: AGOx39@57.59 AGGx39@57.59 AGMx39@57.59 CELx39@57.59 BOCHx39@57.59 
Purchases: AGOx39@57.59 AGGx39@57.59 AGMx39@57.59 CELx39@57.59 BOCHx39@57.59 

2014-09-10
Cash: 128.12
Held: AGOx39@57.53 AGMx39@57.53 CELx39@57.53 BOCHx39@57.53 AGGx39@57.53 
Value: 11346.72
Sales: AGOx39@57.53 AGGx39@57.53 AGMx39@57.53 CELx39@57.53 BOCHx39@57.53 
Purchases: AGOx39@57.53 AGGx39@57.53 AGMx39@57.53 CELx39@57.53 BOCHx39@57.53 

2014-09-11
Cash: 128.12
Held: AGOx39@57.62 AGMx39@57.62 CELx39@57.62 BOCHx39@57.62 AGGx39@57.62 
Value: 11365.00
Sales: AGOx39@57.62 AGGx39@57.62 AGMx39@57.62 CELx39@57.62 BOCHx39@57.62 
Purchases: AGOx39@57.62 AGGx39@57.62 AGMx39@57.62 CELx39@57.62 BOCHx39@57.62 

2014-09-14
Cash: 128.12
Held: AGOx39@58.50 AGMx39@58.50 CELx39@58.50 BOCHx39@58.50 AGGx39@58.50 
Value: 11535.62
Sales: AGOx39@58.50 AGGx39@58.50 AGMx39@58.50 CELx39@58.50 BOCHx39@58.50 
Purchases: AGOx39@58.50 AGGx39@58.50 AGMx39@58.50 CELx39@58.50 BOCHx39@58.50 

2014-09-15
Cash: 128.12
Held: AGOx39@57.81 AGMx39@57.81 CELx39@57.81 BOCHx39@57.81 AGGx39@57.81 
Value: 11401.56
Sales: AGOx39@57.81 AGGx39@57.81 AGMx39@57.81 CELx39@57.81 BOCHx39@57.81 
Purchases: AGOx39@57.81 AGGx39@57.81 AGMx39@57.81 CELx39@57.81 BOCHx39@57.81 

2014-09-16
Cash: 128.12
Held: AGOx39@58.00 AGMx39@58.00 CELx39@58.00 BOCHx39@58.00 AGGx39@58.00 
Value: 11438.12
Sales: AGOx39@58.00 AGGx39@58.00 AGMx39@58.00 CELx39@58.00 BOCHx39@58.00 
Purchases: AGOx39@58.00 AGGx39@58.00 AGMx39@58.00 CELx39@58.00 BOCHx39@58.00 

2014-09-17
Cash: 128.12
Held: AGOx39@59.19 AGMx39@59.19 CELx39@59.19 BOCHx39@59.19 AGGx39@59.19 
Value: 11669.69
Sales: AGOx39@59.19 AGGx39@59.19 AGMx39@59.19 CELx39@59.19 BOCHx39@59.19 
Purchases: AGOx39@59.19 AGGx39@59.19 AGMx39@59.19 CELx39@59.19 BOCHx39@59.19 

2014-09-18
Cash: 128.12
Held: AGOx39@58.81 AGMx39@58.81 CELx39@58.81 BOCHx39@58.81 AGGx39@58.81 
Value: 11596.56
Sales: AGOx39@58.81 AGGx39@58.81 AGMx39@58.81 CELx39@58.81 BOCHx39@58.81 
Purchases: AGOx39@58.81 AGGx39@58.81 AGMx39@58.81 CELx39@58.81 BOCHx39@58.81 

2014-09-21
Cash: 128.12
Held: AGOx39@58.12 AGMx39@58.12 CELx39@58.12 BOCHx39@58.12 AGGx39@58.12 
Value: 11462.50
Sales: AGOx39@58.12 AGGx39@58.12 AGMx39@58.12 CELx39@58.12 BOCHx39@58.12 
Purchases: AGOx39@58.12 AGGx39@58.12 AGMx39@58.12 CELx39@58.12 BOCHx39@58.12 

2014-09-22
Cash: 128.12
Held: AGOx39@57.25 AGMx39@57.25 CELx39@57.25 BOCHx39@57.25 AGGx39@57.25 
Value: 11291.88
Sales: AGOx39@57.25 AGGx39@57.25 AGMx39@57.25 CELx39@57.25 BOCHx39@57.25 
Purchases: AGOx39@57.25 AGGx39@57.25 AGMx39@57.25 CELx39@57.25 BOCHx39@57.25 

2014-09-23
Cash: 128.12
Held: AGOx39@56.88 AGMx39@56.88 CELx39@56.88 BOCHx39@56.88 AGGx39@56.88 
Value: 11218.75
Sales: AGOx39@56.88 AGGx39@56.88 AGMx39@56.88 CELx39@56.88 BOCHx39@56.88 
Purchases: AGOx39@56.88 AGGx39@56.88 AGMx39@56.88 CELx39@56.88 BOCHx39@56.88 

2014-09-24
Cash: 128.12
Held: AGOx39@57.88 AGMx39@57.88 CELx39@57.88 BOCHx39@57.88 AGGx39@57.88 
Value: 11413.75
Sales: AGOx39@57.88 AGGx39@57.88 AGMx39@57.88 CELx39@57.88 BOCHx39@57.88 
Purchases: AGOx39@57.88 AGGx39@57.88 AGMx39@57.88 CELx39@57.88 BOCHx39@57.88 

2014-09-25
Cash: 128.12
Held: AGOx39@56.78 AGMx39@56.78 CELx39@56.78 BOCHx39@56.78 AGGx39@56.78 
Value: 11200.47
Sales: AGOx39@56.78 AGGx39@56.78 AGMx39@56.78 CELx39@56.78 BOCHx39@56.78 
Purchases: AGOx39@56.78 AGGx39@56.78 AGMx39@56.78 CELx39@56.78 BOCHx39@56.78 

2014-09-28
Cash: 128.12
Held: AGOx39@56.03 AGMx39@56.03 CELx39@56.03 BOCHx39@56.03 AGGx39@56.03 
Value: 11054.22
Sales: AGOx39@56.03 AGGx39@56.03 AGMx39@56.03 CELx39@56.03 BOCHx39@56.03 
Purchases: AGOx39@56.03 AGGx39@56.03 AGMx39@56.03 CELx39@56.03 BOCHx39@56.03 

2014-09-29
Cash: 128.12
Held: AGOx39@57.22 AGMx39@57.22 CELx39@57.22 BOCHx39@57.22 AGGx39@57.22 
Value: 11285.78
Sales: AGOx39@57.22 AGGx39@57.22 AGMx39@57.22 CELx39@57.22 BOCHx39@57.22 
Purchases: AGOx39@57.22 AGGx39@57.22 AGMx39@57.22 CELx39@57.22 BOCHx39@57.22 

2014-09-30
Cash: 128.12
Held: AGOx39@56.84 AGMx39@56.84 CELx39@56.84 BOCHx39@56.84 AGGx39@56.84 
Value: 11212.66
Sales: AGOx39@56.84 AGGx39@56.84 AGMx39@56.84 CELx39@56.84 BOCHx39@56.84 
Purchases: AGOx39@56.84 AGGx39@56.84 AGMx39@56.84 CELx39@56.84 BOCHx39@56.84 

2014-10-01
Cash: 128.12
Held: AGOx39@56.12 AGMx39@56.12 CELx39@56.12 BOCHx39@56.12 AGGx39@56.12 
Value: 11072.50
Sales: AGOx39@56.12 AGGx39@56.12 AGMx39@56.12 CELx39@56.12 BOCHx39@56.12 
Purchases: AGOx39@56.12 AGGx39@56.12 AGMx39@56.12 CELx39@56.12 BOCHx39@56.12 

2014-10-02
Cash: 128.12
Held: AGOx39@56.19 AGMx39@56.19 CELx39@56.19 BOCHx39@56.19 AGGx39@56.19 
Value: 11084.69
Sales: AGOx39@56.19 AGGx39@56.19 AGMx39@56.19 CELx39@56.19 BOCHx39@56.19 
Purchases: AGOx39@56.19 AGGx39@56.19 AGMx39@56.19 CELx39@56.19 BOCHx39@56.19 

2014-10-05
Cash: 128.12
Held: AGOx39@57.06 AGMx39@57.06 CELx39@57.06 BOCHx39@57.06 AGGx39@57.06 
Value: 11255.31
Sales: AGOx39@57.06 AGGx39@57.06 AGMx39@57.06 CELx39@57.06 BOCHx39@57.06 
Purchases: AGOx39@57.06 AGGx39@57.06 AGMx39@57.06 CELx39@57.06 BOCHx39@57.06 

2014-10-06
Cash: 128.12
Held: AGOx39@56.25 AGMx39@56.25 CELx39@56.25 BOCHx39@56.25 AGGx39@56.25 
Value: 11096.88
Sales: AGOx39@56.25 AGGx39@56.25 AGMx39@56.25 CELx39@56.25 BOCHx39@56.25 
Purchases: AGOx39@56.25 AGGx39@56.25 AGMx39@56.25 CELx39@56.25 BOCHx39@56.25 

2014-10-07
Cash: 128.12
Held: AGOx39@55.06 AGMx39@55.06 CELx39@55.06 BOCHx39@55.06 AGGx39@55.06 
Value: 10865.31
Sales: AGOx39@55.06 AGGx39@55.06 AGMx39@55.06 CELx39@55.06 BOCHx39@55.06 
Purchases: AGOx39@55.06 AGGx39@55.06 AGMx39@55.06 CELx39@55.06 BOCHx39@55.06 

2014-10-08
Cash: 128.12
Held: AGOx39@56.28 AGMx39@56.28 CELx39@56.28 BOCHx39@56.28 AGGx39@56.28 
Value: 11102.97
Sales: AGOx39@56.28 AGGx39@56.28 AGMx39@56.28 CELx39@56.28 BOCHx39@56.28 
Purchases: AGOx39@56.28 AGGx39@56.28 AGMx39@56.28 CELx39@56.28 BOCHx39@56.28 

2014-10-09
Cash: 128.12
Held: AGOx39@54.91 AGMx39@54.91 CELx39@54.91 BOCHx39@54.91 AGGx39@54.91 
Value: 10834.84
Sales: AGOx39@54.91 AGGx39@54.91 AGMx39@54.91 CELx39@54.91 BOCHx39@54.91 
Purchases: AGOx39@54.91 AGGx39@54.91 AGMx39@54.91 CELx39@54.91 BOCHx39@54.91 

2014-10-12
Cash: 128.12
Held: AGOx39@53.72 AGMx39@53.72 CELx39@53.72 BOCHx39@53.72 AGGx39@53.72 
Value: 10603.28
Sales: AGOx39@53.72 AGGx39@53.72 AGMx39@53.72 CELx39@53.72 BOCHx39@53.72 
Purchases: AGOx39@53.72 AGGx39@53.72 AGMx39@53.72 CELx39@53.72 BOCHx39@53.72 

2014-10-13
Cash: 128.12
Held: AGOx39@53.03 AGMx39@53.03 CELx39@53.03 BOCHx39@53.03 AGGx39@53.03 
Value: 10469.22
Sales: AGOx39@53.03 AGGx39@53.03 AGMx39@53.03 CELx39@53.03 BOCHx39@53.03 
Purchases: AGOx39@53.03 AGGx39@53.03 AGMx39@53.03 CELx39@53.03 BOCHx39@53.03 

2014-10-14
Cash: 128.12
Held: AGOx39@50.88 AGMx39@50.88 CELx39@50.88 BOCHx39@50.88 AGGx39@50.88 
Value: 10048.75
Sales: AGOx39@50.88 AGGx39@50.88 AGMx39@50.88 CELx39@50.88 BOCHx39@50.88 
Purchases: AGOx39@50.88 AGGx39@50.88 AGMx39@50.88 CELx39@50.88 BOCHx39@50.88 

2014-10-15
Cash: 128.12
Held: AGOx39@50.78 AGMx39@50.78 CELx39@50.78 BOCHx39@50.78 AGGx39@50.78 
Value: 10030.47
Sales: AGOx39@50.78 AGGx39@50.78 AGMx39@50.78 CELx39@50.78 BOCHx39@50.78 
Purchases: AGOx39@50.78 AGGx39@50.78 AGMx39@50.78 CELx39@50.78 BOCHx39@50.78 

2014-10-16
Cash: 128.12
Held: AGOx39@52.16 AGMx39@52.16 CELx39@52.16 BOCHx39@52.16 AGGx39@52.16 
Value: 10298.59
Sales: AGOx39@52.16 AGGx39@52.16 AGMx39@52.16 CELx39@52.16 BOCHx39@52.16 
Purchases: AGOx39@52.16 AGGx39@52.16 AGMx39@52.16 CELx39@52.16 BOCHx39@52.16 

2014-10-19
Cash: 128.12
Held: AGOx39@52.06 AGMx39@52.06 CELx39@52.06 BOCHx39@52.06 AGGx39@52.06 
Value: 10280.31
Sales: AGOx39@52.06 AGGx39@52.06 AGMx39@52.06 CELx39@52.06 BOCHx39@52.06 
Purchases: AGOx39@52.06 AGGx39@52.06 AGMx39@52.06 CELx39@52.06 BOCHx39@52.06 

2014-10-20
Cash: 128.12
Held: AGOx39@52.88 AGMx39@52.88 CELx39@52.88 BOCHx39@52.88 AGGx39@52.88 
Value: 10438.75
Sales: AGOx39@52.88 AGGx39@52.88 AGMx39@52.88 CELx39@52.88 BOCHx39@52.88 
Purchases: AGOx39@52.88 AGGx39@52.88 AGMx39@52.88 CELx39@52.88 BOCHx39@52.88 

2014-10-21
Cash: 128.12
Held: AGOx39@53.78 AGMx39@53.78 CELx39@53.78 BOCHx39@53.78 AGGx39@53.78 
Value: 10615.47
Sales: AGOx39@53.78 AGGx39@53.78 AGMx39@53.78 CELx39@53.78 BOCHx39@53.78 
Purchases: AGOx39@53.78 AGGx39@53.78 AGMx39@53.78 CELx39@53.78 BOCHx39@53.78 

2014-10-22
Cash: 128.12
Held: AGOx39@53.59 AGMx39@53.59 CELx39@53.59 BOCHx39@53.59 AGGx39@53.59 
Value: 10578.91
Sales: AGOx39@53.59 AGGx39@53.59 AGMx39@53.59 CELx39@53.59 BOCHx39@53.59 
Purchases: AGOx39@53.59 AGGx39@53.59 AGMx39@53.59 CELx39@53.59 BOCHx39@53.59 

2014-10-23
Cash: 128.12
Held: AGOx39@53.69 AGMx39@53.69 CELx39@53.69 BOCHx39@53.69 AGGx39@53.69 
Value: 10597.19
Sales: AGOx39@53.69 AGGx39@53.69 AGMx39@53.69 CELx39@53.69 BOCHx39@53.69 
Purchases: AGOx39@53.69 AGGx39@53.69 AGMx39@53.69 CELx39@53.69 BOCHx39@53.69 

2014-10-26
Cash: 128.12
Held: AGOx39@53.94 AGMx39@53.94 CELx39@53.94 BOCHx39@53.94 AGGx39@53.94 
Value: 10645.94
Sales: AGOx39@53.94 AGGx39@53.94 AGMx39@53.94 CELx39@53.94 BOCHx39@53.94 
Purchases: AGOx39@53.94 AGGx39@53.94 AGMx39@53.94 CELx39@53.94 BOCHx39@53.94 

2014-10-27
Cash: 128.12
Held: AGOx39@54.12 AGMx39@54.12 CELx39@54.12 BOCHx39@54.12 AGGx39@54.12 
Value: 10682.50
Sales: AGOx39@54.12 AGGx39@54.12 AGMx39@54.12 CELx39@54.12 BOCHx39@54.12 
Purchases: AGOx39@54.12 AGGx39@54.12 AGMx39@54.12 CELx39@54.12 BOCHx39@54.12 

2014-10-28
Cash: 128.12
Held: AGOx39@54.59 AGMx39@54.59 CELx39@54.59 BOCHx39@54.59 AGGx39@54.59 
Value: 10773.91
Sales: AGOx39@54.59 AGGx39@54.59 AGMx39@54.59 CELx39@54.59 BOCHx39@54.59 
Purchases: AGOx39@54.59 AGGx39@54.59 AGMx39@54.59 CELx39@54.59 BOCHx39@54.59 

2014-10-29
Cash: 128.12
Held: AGOx39@53.91 AGMx39@53.91 CELx39@53.91 BOCHx39@53.91 AGGx39@53.91 
Value: 10639.84
Sales: AGOx39@53.91 AGGx39@53.91 AGMx39@53.91 CELx39@53.91 BOCHx39@53.91 
Purchases: AGOx39@53.91 AGGx39@53.91 AGMx39@53.91 CELx39@53.91 BOCHx39@53.91 

2014-10-30
Cash: 128.12
Held: AGOx39@55.22 AGMx39@55.22 CELx39@55.22 BOCHx39@55.22 AGGx39@55.22 
Value: 10895.78
Sales: AGOx39@55.22 AGGx39@55.22 AGMx39@55.22 CELx39@55.22 BOCHx39@55.22 
Purchases: AGOx39@55.22 AGGx39@55.22 AGMx39@55.22 CELx39@55.22 BOCHx39@55.22 

2014-11-02
Cash: 128.12
Held: AGOx39@39.91 AGMx39@39.91 CELx39@39.91 BOCHx39@39.91 AGGx39@39.91 
Value: 7909.84
Sales: AGOx39@39.91 AGGx39@39.91 AGMx39@39.91 CELx39@39.91 BOCHx39@39.91 
Purchases: AGOx39@39.91 AGGx39@39.91 AGMx39@39.91 CELx39@39.91 BOCHx39@39.91 

2014-11-03
Cash: 128.12
Held: AGOx39@40.25 AGMx39@40.25 CELx39@40.25 BOCHx39@40.25 AGGx39@40.25 
Value: 7976.88
Sales: AGOx39@40.25 AGGx39@40.25 AGMx39@40.25 CELx39@40.25 BOCHx39@40.25 
Purchases: AGOx39@40.25 AGGx39@40.25 AGMx39@40.25 CELx39@40.25 BOCHx39@40.25 

2014-11-04
Cash: 128.12
Held: AGOx39@40.62 AGMx39@40.62 CELx39@40.62 BOCHx39@40.62 AGGx39@40.62 
Value: 8050.00
Sales: AGOx39@40.62 AGGx39@40.62 AGMx39@40.62 CELx39@40.62 BOCHx39@40.62 
Purchases: AGOx39@40.62 AGGx39@40.62 AGMx39@40.62 CELx39@40.62 BOCHx39@40.62 

2014-11-05
Cash: 128.12
Held: AGOx39@40.38 AGMx39@40.38 CELx39@40.38 BOCHx39@40.38 AGGx39@40.38 
Value: 8001.25
Sales: AGOx39@40.38 AGGx39@40.38 AGMx39@40.38 CELx39@40.38 BOCHx39@40.38 
Purchases: AGOx39@40.38 AGGx39@40.38 AGMx39@40.38 CELx39@40.38 BOCHx39@40.38 

