2013-09-11
Cash: 10000.00
Held: 
Value: 10000.00
Sales: 
Purchases: AGOx40@48.91 AGGx40@48.91 AGMx40@48.91 CELx40@48.91 BOCHx40@48.91 

2013-09-12
Cash: 218.75
Held: AGOx40@48.59 AGMx40@48.59 CELx40@48.59 BOCHx40@48.59 AGGx40@48.59 
Value: 9937.50
Sales: AGOx40@48.59 AGGx40@48.59 AGMx40@48.59 CELx40@48.59 BOCHx40@48.59 
Purchases: AGOx40@48.59 AGGx40@48.59 AGMx40@48.59 CELx40@48.59 BOCHx40@48.59 

2013-09-15
Cash: 218.75
Held: AGOx40@49.06 AGMx40@49.06 CELx40@49.06 BOCHx40@49.06 AGGx40@49.06 
Value: 10031.25
Sales: AGOx40@49.06 AGGx40@49.06 AGMx40@49.06 CELx40@49.06 BOCHx40@49.06 
Purchases: AGOx40@49.06 AGGx40@49.06 AGMx40@49.06 CELx40@49.06 BOCHx40@49.06 

2013-09-16
Cash: 218.75
Held: AGOx40@48.72 AGMx40@48.72 CELx40@48.72 BOCHx40@48.72 AGGx40@48.72 
Value: 9962.50
Sales: AGOx40@48.72 AGGx40@48.72 AGMx40@48.72 CELx40@48.72 BOCHx40@48.72 
Purchases: AGOx40@48.72 AGGx40@48.72 AGMx40@48.72 CELx40@48.72 BOCHx40@48.72 

2013-09-17
Cash: 218.75
Held: AGOx40@48.78 AGMx40@48.78 CELx40@48.78 BOCHx40@48.78 AGGx40@48.78 
Value: 9975.00
Sales: AGOx40@48.78 AGGx40@48.78 AGMx40@48.78 CELx40@48.78 BOCHx40@48.78 
Purchases: AGOx40@48.78 AGGx40@48.78 AGMx40@48.78 CELx40@48.78 BOCHx40@48.78 

2013-09-18
Cash: 218.75
Held: AGOx40@52.91 AGMx40@52.91 CELx40@52.91 BOCHx40@52.91 AGGx40@52.91 
Value: 10800.00
Sales: AGOx40@52.91 AGGx40@52.91 AGMx40@52.91 CELx40@52.91 BOCHx40@52.91 
Purchases: AGOx40@52.91 AGGx40@52.91 AGMx40@52.91 CELx40@52.91 BOCHx40@52.91 

2013-09-19
Cash: 218.75
Held: AGOx40@51.03 AGMx40@51.03 CELx40@51.03 BOCHx40@51.03 AGGx40@51.03 
Value: 10425.00
Sales: AGOx40@51.03 AGGx40@51.03 AGMx40@51.03 CELx40@51.03 BOCHx40@51.03 
Purchases: AGOx40@51.03 AGGx40@51.03 AGMx40@51.03 CELx40@51.03 BOCHx40@51.03 

2013-09-22
Cash: 218.75
Held: AGOx40@51.91 AGMx40@51.91 CELx40@51.91 BOCHx40@51.91 AGGx40@51.91 
Value: 10600.00
Sales: AGOx40@51.91 AGGx40@51.91 AGMx40@51.91 CELx40@51.91 BOCHx40@51.91 
Purchases: AGOx40@51.91 AGGx40@51.91 AGMx40@51.91 CELx40@51.91 BOCHx40@51.91 

2013-09-23
Cash: 218.75
Held: AGOx40@51.62 AGMx40@51.62 CELx40@51.62 BOCHx40@51.62 AGGx40@51.62 
Value: 10543.75
Sales: AGOx40@51.62 AGGx40@51.62 AGMx40@51.62 CELx40@51.62 BOCHx40@51.62 
Purchases: AGOx40@51.62 AGGx40@51.62 AGMx40@51.62 CELx40@51.62 BOCHx40@51.62 

2013-09-24
Cash: 218.75
Held: AGOx40@51.59 AGMx40@51.59 CELx40@51.59 BOCHx40@51.59 AGGx40@51.59 
Value: 10537.50
Sales: AGOx40@51.59 AGGx40@51.59 AGMx40@51.59 CELx40@51.59 BOCHx40@51.59 
Purchases: AGOx40@51.59 AGGx40@51.59 AGMx40@51.59 CELx40@51.59 BOCHx40@51.59 

2013-09-25
Cash: 218.75
Held: AGOx40@51.97 AGMx40@51.97 CELx40@51.97 BOCHx40@51.97 AGGx40@51.97 
Value: 10612.50
Sales: AGOx40@51.97 AGGx40@51.97 AGMx40@51.97 CELx40@51.97 BOCHx40@51.97 
Purchases: AGOx40@51.97 AGGx40@51.97 AGMx40@51.97 CELx40@51.97 BOCHx40@51.97 

2013-09-26
Cash: 218.75
Held: AGOx40@51.84 AGMx40@51.84 CELx40@51.84 BOCHx40@51.84 AGGx40@51.84 
Value: 10587.50
Sales: AGOx40@51.84 AGGx40@51.84 AGMx40@51.84 CELx40@51.84 BOCHx40@51.84 
Purchases: AGOx40@51.84 AGGx40@51.84 AGMx40@51.84 CELx40@51.84 BOCHx40@51.84 

2013-09-29
Cash: 218.75
Held: AGOx40@51.03 AGMx40@51.03 CELx40@51.03 BOCHx40@51.03 AGGx40@51.03 
Value: 10425.00
Sales: AGOx40@51.03 AGGx40@51.03 AGMx40@51.03 CELx40@51.03 BOCHx40@51.03 
Purchases: AGOx40@51.03 AGGx40@51.03 AGMx40@51.03 CELx40@51.03 BOCHx40@51.03 

2013-09-30
Cash: 218.75
Held: AGOx40@50.69 AGMx40@50.69 CELx40@50.69 BOCHx40@50.69 AGGx40@50.69 
Value: 10356.25
Sales: AGOx40@50.69 AGGx40@50.69 AGMx40@50.69 CELx40@50.69 BOCHx40@50.69 
Purchases: AGOx40@50.69 AGGx40@50.69 AGMx40@50.69 CELx40@50.69 BOCHx40@50.69 

2013-10-01
Cash: 218.75
Held: AGOx40@51.59 AGMx40@51.59 CELx40@51.59 BOCHx40@51.59 AGGx40@51.59 
Value: 10537.50
Sales: AGOx40@51.59 AGGx40@51.59 AGMx40@51.59 CELx40@51.59 BOCHx40@51.59 
Purchases: AGOx40@51.59 AGGx40@51.59 AGMx40@51.59 CELx40@51.59 BOCHx40@51.59 

2013-10-02
Cash: 218.75
Held: AGOx40@51.56 AGMx40@51.56 CELx40@51.56 BOCHx40@51.56 AGGx40@51.56 
Value: 10531.25
Sales: AGOx40@51.56 AGGx40@51.56 AGMx40@51.56 CELx40@51.56 BOCHx40@51.56 
Purchases: AGOx40@51.56 AGGx40@51.56 AGMx40@51.56 CELx40@51.56 BOCHx40@51.56 

2013-10-03
Cash: 218.75
Held: AGOx40@51.16 AGMx40@51.16 CELx40@51.16 BOCHx40@51.16 AGGx40@51.16 
Value: 10450.00
Sales: AGOx40@51.16 AGGx40@51.16 AGMx40@51.16 CELx40@51.16 BOCHx40@51.16 
Purchases: AGOx40@51.16 AGGx40@51.16 AGMx40@51.16 CELx40@51.16 BOCHx40@51.16 

2013-10-06
Cash: 218.75
Held: AGOx40@51.34 AGMx40@51.34 CELx40@51.34 BOCHx40@51.34 AGGx40@51.34 
Value: 10487.50
Sales: AGOx40@51.34 AGGx40@51.34 AGMx40@51.34 CELx40@51.34 BOCHx40@51.34 
Purchases: AGOx40@51.34 AGGx40@51.34 AGMx40@51.34 CELx40@51.34 BOCHx40@51.34 

2013-10-07
Cash: 218.75
Held: AGOx40@51.19 AGMx40@51.19 CELx40@51.19 BOCHx40@51.19 AGGx40@51.19 
Value: 10456.25
Sales: AGOx40@51.19 AGGx40@51.19 AGMx40@51.19 CELx40@51.19 BOCHx40@51.19 
Purchases: AGOx40@51.19 AGGx40@51.19 AGMx40@51.19 CELx40@51.19 BOCHx40@51.19 

2013-10-08
Cash: 218.75
Held: AGOx40@50.22 AGMx40@50.22 CELx40@50.22 BOCHx40@50.22 AGGx40@50.22 
Value: 10262.50
Sales: AGOx40@50.22 AGGx40@50.22 AGMx40@50.22 CELx40@50.22 BOCHx40@50.22 
Purchases: AGOx40@50.22 AGGx40@50.22 AGMx40@50.22 CELx40@50.22 BOCHx40@50.22 

2013-10-09
Cash: 218.75
Held: AGOx40@50.28 AGMx40@50.28 CELx40@50.28 BOCHx40@50.28 AGGx40@50.28 
Value: 10275.00
Sales: AGOx40@50.28 AGGx40@50.28 AGMx40@50.28 CELx40@50.28 BOCHx40@50.28 
Purchases: AGOx40@50.28 AGGx40@50.28 AGMx40@50.28 CELx40@50.28 BOCHx40@50.28 

2013-10-10
Cash: 218.75
Held: AGOx40@50.88 AGMx40@50.88 CELx40@50.88 BOCHx40@50.88 AGGx40@50.88 
Value: 10393.75
Sales: AGOx40@50.88 AGGx40@50.88 AGMx40@50.88 CELx40@50.88 BOCHx40@50.88 
Purchases: AGOx40@50.88 AGGx40@50.88 AGMx40@50.88 CELx40@50.88 BOCHx40@50.88 

2013-10-13
Cash: 218.75
Held: AGOx40@51.19 AGMx40@51.19 CELx40@51.19 BOCHx40@51.19 AGGx40@51.19 
Value: 10456.25
Sales: AGOx40@51.19 AGGx40@51.19 AGMx40@51.19 CELx40@51.19 BOCHx40@51.19 
Purchases: AGOx40@51.19 AGGx40@51.19 AGMx40@51.19 CELx40@51.19 BOCHx40@51.19 

2013-10-14
Cash: 218.75
Held: AGOx40@51.09 AGMx40@51.09 CELx40@51.09 BOCHx40@51.09 AGGx40@51.09 
Value: 10437.50
Sales: AGOx40@51.09 AGGx40@51.09 AGMx40@51.09 CELx40@51.09 BOCHx40@51.09 
Purchases: AGOx40@51.09 AGGx40@51.09 AGMx40@51.09 CELx40@51.09 BOCHx40@51.09 

2013-10-15
Cash: 218.75
Held: AGOx40@51.22 AGMx40@51.22 CELx40@51.22 BOCHx40@51.22 AGGx40@51.22 
Value: 10462.50
Sales: AGOx40@51.22 AGGx40@51.22 AGMx40@51.22 CELx40@51.22 BOCHx40@51.22 
Purchases: AGOx40@51.22 AGGx40@51.22 AGMx40@51.22 CELx40@51.22 BOCHx40@51.22 

2013-10-16
Cash: 218.75
Held: AGOx40@51.25 AGMx40@51.25 CELx40@51.25 BOCHx40@51.25 AGGx40@51.25 
Value: 10468.75
Sales: AGOx40@51.25 AGGx40@51.25 AGMx40@51.25 CELx40@51.25 BOCHx40@51.25 
Purchases: AGOx40@51.25 AGGx40@51.25 AGMx40@51.25 CELx40@51.25 BOCHx40@51.25 

2013-10-17
Cash: 218.75
Held: AGOx40@52.94 AGMx40@52.94 CELx40@52.94 BOCHx40@52.94 AGGx40@52.94 
Value: 10806.25
Sales: AGOx40@52.94 AGGx40@52.94 AGMx40@52.94 CELx40@52.94 BOCHx40@52.94 
Purchases: AGOx40@52.94 AGGx40@52.94 AGMx40@52.94 CELx40@52.94 BOCHx40@52.94 

2013-10-20
Cash: 218.75
Held: AGOx40@53.03 AGMx40@53.03 CELx40@53.03 BOCHx40@53.03 AGGx40@53.03 
Value: 10825.00
Sales: AGOx40@53.03 AGGx40@53.03 AGMx40@53.03 CELx40@53.03 BOCHx40@53.03 
Purchases: AGOx40@53.03 AGGx40@53.03 AGMx40@53.03 CELx40@53.03 BOCHx40@53.03 

2013-10-21
Cash: 218.75
Held: AGOx40@52.09 AGMx40@52.09 CELx40@52.09 BOCHx40@52.09 AGGx40@52.09 
Value: 10637.50
Sales: AGOx40@52.09 AGGx40@52.09 AGMx40@52.09 CELx40@52.09 BOCHx40@52.09 
Purchases: AGOx40@52.09 AGGx40@52.09 AGMx40@52.09 CELx40@52.09 BOCHx40@52.09 

2013-10-22
Cash: 218.75
Held: AGOx40@50.75 AGMx40@50.75 CELx40@50.75 BOCHx40@50.75 AGGx40@50.75 
Value: 10368.75
Sales: AGOx40@50.75 AGGx40@50.75 AGMx40@50.75 CELx40@50.75 BOCHx40@50.75 
Purchases: AGOx40@50.75 AGGx40@50.75 AGMx40@50.75 CELx40@50.75 BOCHx40@50.75 

2013-10-23
Cash: 218.75
Held: AGOx40@50.66 AGMx40@50.66 CELx40@50.66 BOCHx40@50.66 AGGx40@50.66 
Value: 10350.00
Sales: AGOx40@50.66 AGGx40@50.66 AGMx40@50.66 CELx40@50.66 BOCHx40@50.66 
Purchases: AGOx40@50.66 AGGx40@50.66 AGMx40@50.66 CELx40@50.66 BOCHx40@50.66 

2013-10-24
Cash: 218.75
Held: AGOx40@51.34 AGMx40@51.34 CELx40@51.34 BOCHx40@51.34 AGGx40@51.34 
Value: 10487.50
Sales: AGOx40@51.34 AGGx40@51.34 AGMx40@51.34 CELx40@51.34 BOCHx40@51.34 
Purchases: AGOx40@51.34 AGGx40@51.34 AGMx40@51.34 CELx40@51.34 BOCHx40@51.34 

2013-10-27
Cash: 218.75
Held: AGOx40@51.78 AGMx40@51.78 CELx40@51.78 BOCHx40@51.78 AGGx40@51.78 
Value: 10575.00
Sales: AGOx40@51.78 AGGx40@51.78 AGMx40@51.78 CELx40@51.78 BOCHx40@51.78 
Purchases: AGOx40@51.78 AGGx40@51.78 AGMx40@51.78 CELx40@51.78 BOCHx40@51.78 

2013-10-28
Cash: 218.75
Held: AGOx40@51.53 AGMx40@51.53 CELx40@51.53 BOCHx40@51.53 AGGx40@51.53 
Value: 10525.00
Sales: AGOx40@51.53 AGGx40@51.53 AGMx40@51.53 CELx40@51.53 BOCHx40@51.53 
Purchases: AGOx40@51.53 AGGx40@51.53 AGMx40@51.53 CELx40@51.53 BOCHx40@51.53 

2013-10-29
Cash: 218.75
Held: AGOx40@51.75 AGMx40@51.75 CELx40@51.75 BOCHx40@51.75 AGGx40@51.75 
Value: 10568.75
Sales: AGOx40@51.75 AGGx40@51.75 AGMx40@51.75 CELx40@51.75 BOCHx40@51.75 
Purchases: AGOx40@51.75 AGGx40@51.75 AGMx40@51.75 CELx40@51.75 BOCHx40@51.75 

2013-10-30
Cash: 218.75
Held: AGOx40@51.16 AGMx40@51.16 CELx40@51.16 BOCHx40@51.16 AGGx40@51.16 
Value: 10450.00
Sales: AGOx40@51.16 AGGx40@51.16 AGMx40@51.16 CELx40@51.16 BOCHx40@51.16 
Purchases: AGOx40@51.16 AGGx40@51.16 AGMx40@51.16 CELx40@51.16 BOCHx40@51.16 

2013-10-31
Cash: 218.75
Held: AGOx40@50.91 AGMx40@50.91 CELx40@50.91 BOCHx40@50.91 AGGx40@50.91 
Value: 10400.00
Sales: AGOx40@50.91 AGGx40@50.91 AGMx40@50.91 CELx40@50.91 BOCHx40@50.91 
Purchases: AGOx40@50.91 AGGx40@50.91 AGMx40@50.91 CELx40@50.91 BOCHx40@50.91 

2013-11-03
Cash: 218.75
Held: AGOx40@51.38 AGMx40@51.38 CELx40@51.38 BOCHx40@51.38 AGGx40@51.38 
Value: 10493.75
Sales: AGOx40@51.38 AGGx40@51.38 AGMx40@51.38 CELx40@51.38 BOCHx40@51.38 
Purchases: AGOx40@51.38 AGGx40@51.38 AGMx40@51.38 CELx40@51.38 BOCHx40@51.38 

2013-11-04
Cash: 218.75
Held: AGOx40@51.19 AGMx40@51.19 CELx40@51.19 BOCHx40@51.19 AGGx40@51.19 
Value: 10456.25
Sales: AGOx40@51.19 AGGx40@51.19 AGMx40@51.19 CELx40@51.19 BOCHx40@51.19 
Purchases: AGOx40@51.19 AGGx40@51.19 AGMx40@51.19 CELx40@51.19 BOCHx40@51.19 

2013-11-05
Cash: 218.75
Held: AGOx40@51.19 AGMx40@51.19 CELx40@51.19 BOCHx40@51.19 AGGx40@51.19 
Value: 10456.25
Sales: AGOx40@51.19 AGGx40@51.19 AGMx40@51.19 CELx40@51.19 BOCHx40@51.19 
Purchases: AGOx40@51.19 AGGx40@51.19 AGMx40@51.19 CELx40@51.19 BOCHx40@51.19 

2013-11-06
Cash: 218.75
Held: AGOx40@51.09 AGMx40@51.09 CELx40@51.09 BOCHx40@51.09 AGGx40@51.09 
Value: 10437.50
Sales: AGOx40@51.09 AGGx40@51.09 AGMx40@51.09 CELx40@51.09 BOCHx40@51.09 
Purchases: AGOx40@51.09 AGGx40@51.09 AGMx40@51.09 CELx40@51.09 BOCHx40@51.09 

2013-11-07
Cash: 218.75
Held: AGOx40@50.12 AGMx40@50.12 CELx40@50.12 BOCHx40@50.12 AGGx40@50.12 
Value: 10243.75
Sales: AGOx40@50.12 AGGx40@50.12 AGMx40@50.12 CELx40@50.12 BOCHx40@50.12 
Purchases: AGOx40@50.12 AGGx40@50.12 AGMx40@50.12 CELx40@50.12 BOCHx40@50.12 

2013-11-10
Cash: 218.75
Held: AGOx40@50.62 AGMx40@50.62 CELx40@50.62 BOCHx40@50.62 AGGx40@50.62 
Value: 10343.75
Sales: AGOx40@50.62 AGGx40@50.62 AGMx40@50.62 CELx40@50.62 BOCHx40@50.62 
Purchases: AGOx40@50.62 AGGx40@50.62 AGMx40@50.62 CELx40@50.62 BOCHx40@50.62 

2013-11-11
Cash: 218.75
Held: AGOx40@51.19 AGMx40@51.19 CELx40@51.19 BOCHx40@51.19 AGGx40@51.19 
Value: 10456.25
Sales: AGOx40@51.19 AGGx40@51.19 AGMx40@51.19 CELx40@51.19 BOCHx40@51.19 
Purchases: AGOx40@51.19 AGGx40@51.19 AGMx40@51.19 CELx40@51.19 BOCHx40@51.19 

2013-11-12
Cash: 218.75
Held: AGOx40@50.88 AGMx40@50.88 CELx40@50.88 BOCHx40@50.88 AGGx40@50.88 
Value: 10393.75
Sales: AGOx40@50.88 AGGx40@50.88 AGMx40@50.88 CELx40@50.88 BOCHx40@50.88 
Purchases: AGOx40@50.88 AGGx40@50.88 AGMx40@50.88 CELx40@50.88 BOCHx40@50.88 

2013-11-13
Cash: 218.75
Held: AGOx40@51.19 AGMx40@51.19 CELx40@51.19 BOCHx40@51.19 AGGx40@51.19 
Value: 10456.25
Sales: AGOx40@51.19 AGGx40@51.19 AGMx40@51.19 CELx40@51.19 BOCHx40@51.19 
Purchases: AGOx40@51.19 AGGx40@51.19 AGMx40@51.19 CELx40@51.19 BOCHx40@51.19 

2013-11-14
Cash: 218.75
Held: AGOx40@54.03 AGMx40@54.03 CELx40@54.03 BOCHx40@54.03 AGGx40@54.03 
Value: 11025.00
Sales: AGOx40@54.03 AGGx40@54.03 AGMx40@54.03 CELx40@54.03 BOCHx40@54.03 
Purchases: AGOx40@54.03 AGGx40@54.03 AGMx40@54.03 CELx40@54.03 BOCHx40@54.03 

2013-11-17
Cash: 218.75
Held: AGOx40@54.44 AGMx40@54.44 CELx40@54.44 BOCHx40@54.44 AGGx40@54.44 
Value: 11106.25
Sales: AGOx40@54.44 AGGx40@54.44 AGMx40@54.44 CELx40@54.44 BOCHx40@54.44 
Purchases: AGOx40@54.44 AGGx40@54.44 AGMx40@54.44 CELx40@54.44 BOCHx40@54.44 

2013-11-18
Cash: 218.75
Held: AGOx40@53.66 AGMx40@53.66 CELx40@53.66 BOCHx40@53.66 AGGx40@53.66 
Value: 10950.00
Sales: AGOx40@53.66 AGGx40@53.66 AGMx40@53.66 CELx40@53.66 BOCHx40@53.66 
Purchases: AGOx40@53.66 AGGx40@53.66 AGMx40@53.66 CELx40@53.66 BOCHx40@53.66 

2013-11-19
Cash: 218.75
Held: AGOx40@53.84 AGMx40@53.84 CELx40@53.84 BOCHx40@53.84 AGGx40@53.84 
Value: 10987.50
Sales: AGOx40@53.84 AGGx40@53.84 AGMx40@53.84 CELx40@53.84 BOCHx40@53.84 
Purchases: AGOx40@53.84 AGGx40@53.84 AGMx40@53.84 CELx40@53.84 BOCHx40@53.84 

2013-11-20
Cash: 218.75
Held: AGOx40@53.81 AGMx40@53.81 CELx40@53.81 BOCHx40@53.81 AGGx40@53.81 
Value: 10981.25
Sales: AGOx40@53.81 AGGx40@53.81 AGMx40@53.81 CELx40@53.81 BOCHx40@53.81 
Purchases: AGOx40@53.81 AGGx40@53.81 AGMx40@53.81 CELx40@53.81 BOCHx40@53.81 

2013-11-21
Cash: 218.75
Held: AGOx40@54.09 AGMx40@54.09 CELx40@54.09 BOCHx40@54.09 AGGx40@54.09 
Value: 11037.50
Sales: AGOx40@54.09 AGGx40@54.09 AGMx40@54.09 CELx40@54.09 BOCHx40@54.09 
Purchases: AGOx40@54.09 AGGx40@54.09 AGMx40@54.09 CELx40@54.09 BOCHx40@54.09 

2013-11-24
Cash: 218.75
Held: AGOx40@54.12 AGMx40@54.12 CELx40@54.12 BOCHx40@54.12 AGGx40@54.12 
Value: 11043.75
Sales: AGOx40@54.12 AGGx40@54.12 AGMx40@54.12 CELx40@54.12 BOCHx40@54.12 
Purchases: AGOx40@54.12 AGGx40@54.12 AGMx40@54.12 CELx40@54.12 BOCHx40@54.12 

2013-11-25
Cash: 218.75
Held: AGOx40@53.25 AGMx40@53.25 CELx40@53.25 BOCHx40@53.25 AGGx40@53.25 
Value: 10868.75
Sales: AGOx40@53.25 AGGx40@53.25 AGMx40@53.25 CELx40@53.25 BOCHx40@53.25 
Purchases: AGOx40@53.25 AGGx40@53.25 AGMx40@53.25 CELx40@53.25 BOCHx40@53.25 

2013-11-26
Cash: 218.75
Held: AGOx40@53.78 AGMx40@53.78 CELx40@53.78 BOCHx40@53.78 AGGx40@53.78 
Value: 10975.00
Sales: AGOx40@53.78 AGGx40@53.78 AGMx40@53.78 CELx40@53.78 BOCHx40@53.78 
Purchases: AGOx40@53.78 AGGx40@53.78 AGMx40@53.78 CELx40@53.78 BOCHx40@53.78 

2013-11-28
Cash: 218.75
Held: AGOx40@53.84 AGMx40@53.84 CELx40@53.84 BOCHx40@53.84 AGGx40@53.84 
Value: 10987.50
Sales: AGOx40@53.84 AGGx40@53.84 AGMx40@53.84 CELx40@53.84 BOCHx40@53.84 
Purchases: AGOx40@53.84 AGGx40@53.84 AGMx40@53.84 CELx40@53.84 BOCHx40@53.84 

2013-12-01
Cash: 218.75
Held: AGOx40@53.47 AGMx40@53.47 CELx40@53.47 BOCHx40@53.47 AGGx40@53.47 
Value: 10912.50
Sales: AGOx40@53.47 AGGx40@53.47 AGMx40@53.47 CELx40@53.47 BOCHx40@53.47 
Purchases: AGOx40@53.47 AGGx40@53.47 AGMx40@53.47 CELx40@53.47 BOCHx40@53.47 

2013-12-02
Cash: 218.75
Held: AGOx40@52.91 AGMx40@52.91 CELx40@52.91 BOCHx40@52.91 AGGx40@52.91 
Value: 10800.00
Sales: AGOx40@52.91 AGGx40@52.91 AGMx40@52.91 CELx40@52.91 BOCHx40@52.91 
Purchases: AGOx40@52.91 AGGx40@52.91 AGMx40@52.91 CELx40@52.91 BOCHx40@52.91 

2013-12-03
Cash: 218.75
Held: AGOx40@52.84 AGMx40@52.84 CELx40@52.84 BOCHx40@52.84 AGGx40@52.84 
Value: 10787.50
Sales: AGOx40@52.84 AGGx40@52.84 AGMx40@52.84 CELx40@52.84 BOCHx40@52.84 
Purchases: AGOx40@52.84 AGGx40@52.84 AGMx40@52.84 CELx40@52.84 BOCHx40@52.84 

2013-12-04
Cash: 218.75
Held: AGOx40@53.34 AGMx40@53.34 CELx40@53.34 BOCHx40@53.34 AGGx40@53.34 
Value: 10887.50
Sales: AGOx40@53.34 AGGx40@53.34 AGMx40@53.34 CELx40@53.34 BOCHx40@53.34 
Purchases: AGOx40@53.34 AGGx40@53.34 AGMx40@53.34 CELx40@53.34 BOCHx40@53.34 

2013-12-05
Cash: 218.75
Held: AGOx40@53.75 AGMx40@53.75 CELx40@53.75 BOCHx40@53.75 AGGx40@53.75 
Value: 10968.75
Sales: AGOx40@53.75 AGGx40@53.75 AGMx40@53.75 CELx40@53.75 BOCHx40@53.75 
Purchases: AGOx40@53.75 AGGx40@53.75 AGMx40@53.75 CELx40@53.75 BOCHx40@53.75 

2013-12-08
Cash: 218.75
Held: AGOx40@54.81 AGMx40@54.81 CELx40@54.81 BOCHx40@54.81 AGGx40@54.81 
Value: 11181.25
Sales: AGOx40@54.81 AGGx40@54.81 AGMx40@54.81 CELx40@54.81 BOCHx40@54.81 
Purchases: AGOx40@54.81 AGGx40@54.81 AGMx40@54.81 CELx40@54.81 BOCHx40@54.81 

2013-12-09
Cash: 218.75
Held: AGOx40@54.91 AGMx40@54.91 CELx40@54.91 BOCHx40@54.91 AGGx40@54.91 
Value: 11200.00
Sales: AGOx40@54.91 AGGx40@54.91 AGMx40@54.91 CELx40@54.91 BOCHx40@54.91 
Purchases: AGOx40@54.91 AGGx40@54.91 AGMx40@54.91 CELx40@54.91 BOCHx40@54.91 

2013-12-10
Cash: 218.75
Held: AGOx40@55.28 AGMx40@55.28 CELx40@55.28 BOCHx40@55.28 AGGx40@55.28 
Value: 11275.00
Sales: AGOx40@55.28 AGGx40@55.28 AGMx40@55.28 CELx40@55.28 BOCHx40@55.28 
Purchases: AGOx40@55.28 AGGx40@55.28 AGMx40@55.28 CELx40@55.28 BOCHx40@55.28 

2013-12-11
Cash: 218.75
Held: AGOx40@54.62 AGMx40@54.62 CELx40@54.62 BOCHx40@54.62 AGGx40@54.62 
Value: 11143.75
Sales: AGOx40@54.62 AGGx40@54.62 AGMx40@54.62 CELx40@54.62 BOCHx40@54.62 
Purchases: AGOx40@54.62 AGGx40@54.62 AGMx40@54.62 CELx40@54.62 BOCHx40@54.62 

2013-12-12
Cash: 218.75
Held: AGOx40@55.38 AGMx40@55.38 CELx40@55.38 BOCHx40@55.38 AGGx40@55.38 
Value: 11293.75
Sales: AGOx40@55.38 AGGx40@55.38 AGMx40@55.38 CELx40@55.38 BOCHx40@55.38 
Purchases: AGOx40@55.38 AGGx40@55.38 AGMx40@55.38 CELx40@55.38 BOCHx40@55.38 

2013-12-15
Cash: 218.75
Held: AGOx40@55.25 AGMx40@55.25 CELx40@55.25 BOCHx40@55.25 AGGx40@55.25 
Value: 11268.75
Sales: AGOx40@55.25 AGGx40@55.25 AGMx40@55.25 CELx40@55.25 BOCHx40@55.25 
Purchases: AGOx40@55.25 AGGx40@55.25 AGMx40@55.25 CELx40@55.25 BOCHx40@55.25 

2013-12-16
Cash: 218.75
Held: AGOx40@56.22 AGMx40@56.22 CELx40@56.22 BOCHx40@56.22 AGGx40@56.22 
Value: 11462.50
Sales: AGOx40@56.22 AGGx40@56.22 AGMx40@56.22 CELx40@56.22 BOCHx40@56.22 
Purchases: AGOx40@56.22 AGGx40@56.22 AGMx40@56.22 CELx40@56.22 BOCHx40@56.22 

2013-12-17
Cash: 218.75
Held: AGOx40@56.50 AGMx40@56.50 CELx40@56.50 BOCHx40@56.50 AGGx40@56.50 
Value: 11518.75
Sales: AGOx40@56.50 AGGx40@56.50 AGMx40@56.50 CELx40@56.50 BOCHx40@56.50 
Purchases: AGOx40@56.50 AGGx40@56.50 AGMx40@56.50 CELx40@56.50 BOCHx40@56.50 

2013-12-18
Cash: 218.75
Held: AGOx40@57.56 AGMx40@57.56 CELx40@57.56 BOCHx40@57.56 AGGx40@57.56 
Value: 11731.25
Sales: AGOx40@57.56 AGGx40@57.56 AGMx40@57.56 CELx40@57.56 BOCHx40@57.56 
Purchases: AGOx40@57.56 AGGx40@57.56 AGMx40@57.56 CELx40@57.56 BOCHx40@57.56 

2013-12-19
Cash: 218.75
Held: AGOx40@57.47 AGMx40@57.47 CELx40@57.47 BOCHx40@57.47 AGGx40@57.47 
Value: 11712.50
Sales: AGOx40@57.47 AGGx40@57.47 AGMx40@57.47 CELx40@57.47 BOCHx40@57.47 
Purchases: AGOx40@57.47 AGGx40@57.47 AGMx40@57.47 CELx40@57.47 BOCHx40@57.47 

2013-12-22
Cash: 218.75
Held: AGOx40@57.44 AGMx40@57.44 CELx40@57.44 BOCHx40@57.44 AGGx40@57.44 
Value: 11706.25
Sales: AGOx40@57.44 AGGx40@57.44 AGMx40@57.44 CELx40@57.44 BOCHx40@57.44 
Purchases: AGOx40@57.44 AGGx40@57.44 AGMx40@57.44 CELx40@57.44 BOCHx40@57.44 

2013-12-23
Cash: 218.75
Held: AGOx40@57.50 AGMx40@57.50 CELx40@57.50 BOCHx40@57.50 AGGx40@57.50 
Value: 11718.75
Sales: AGOx40@57.50 AGGx40@57.50 AGMx40@57.50 CELx40@57.50 BOCHx40@57.50 
Purchases: AGOx40@57.50 AGGx40@57.50 AGMx40@57.50 CELx40@57.50 BOCHx40@57.50 

2013-12-25
Cash: 218.75
Held: AGOx40@57.25 AGMx40@57.25 CELx40@57.25 BOCHx40@57.25 AGGx40@57.25 
Value: 11668.75
Sales: AGOx40@57.25 AGGx40@57.25 AGMx40@57.25 CELx40@57.25 BOCHx40@57.25 
Purchases: AGOx40@57.25 AGGx40@57.25 AGMx40@57.25 CELx40@57.25 BOCHx40@57.25 

2013-12-26
Cash: 218.75
Held: AGOx40@57.22 AGMx40@57.22 CELx40@57.22 BOCHx40@57.22 AGGx40@57.22 
Value: 11662.50
Sales: AGOx40@57.22 AGGx40@57.22 AGMx40@57.22 CELx40@57.22 BOCHx40@57.22 
Purchases: AGOx40@57.22 AGGx40@57.22 AGMx40@57.22 CELx40@57.22 BOCHx40@57.22 

2013-12-29
Cash: 218.75
Held: AGOx40@57.06 AGMx40@57.06 CELx40@57.06 BOCHx40@57.06 AGGx40@57.06 
Value: 11631.25
Sales: AGOx40@57.06 AGGx40@57.06 AGMx40@57.06 CELx40@57.06 BOCHx40@57.06 
Purchases: AGOx40@57.06 AGGx40@57.06 AGMx40@57.06 CELx40@57.06 BOCHx40@57.06 

2013-12-30
Cash: 218.75
Held: AGOx40@57.44 AGMx40@57.44 CELx40@57.44 BOCHx40@57.44 AGGx40@57.44 
Value: 11706.25
Sales: AGOx40@57.44 AGGx40@57.44 AGMx40@57.44 CELx40@57.44 BOCHx40@57.44 
Purchases: AGOx40@57.44 AGGx40@57.44 AGMx40@57.44 CELx40@57.44 BOCHx40@57.44 

2014-01-01
Cash: 218.75
Held: AGOx40@57.09 AGMx40@57.09 CELx40@57.09 BOCHx40@57.09 AGGx40@57.09 
Value: 11637.50
Sales: AGOx40@57.09 AGGx40@57.09 AGMx40@57.09 CELx40@57.09 BOCHx40@57.09 
Purchases: AGOx40@57.09 AGGx40@57.09 AGMx40@57.09 CELx40@57.09 BOCHx40@57.09 

2014-01-02
Cash: 218.75
Held: AGOx40@56.38 AGMx40@56.38 CELx40@56.38 BOCHx40@56.38 AGGx40@56.38 
Value: 11493.75
Sales: AGOx40@56.38 AGGx40@56.38 AGMx40@56.38 CELx40@56.38 BOCHx40@56.38 
Purchases: AGOx40@56.38 AGGx40@56.38 AGMx40@56.38 CELx40@56.38 BOCHx40@56.38 

2014-01-05
Cash: 218.75
Held: AGOx40@57.41 AGMx40@57.41 CELx40@57.41 BOCHx40@57.41 AGGx40@57.41 
Value: 11700.00
Sales: AGOx40@57.41 AGGx40@57.41 AGMx40@57.41 CELx40@57.41 BOCHx40@57.41 
Purchases: AGOx40@57.41 AGGx40@57.41 AGMx40@57.41 CELx40@57.41 BOCHx40@57.41 

2014-01-06
Cash: 218.75
Held: AGOx40@56.94 AGMx40@56.94 CELx40@56.94 BOCHx40@56.94 AGGx40@56.94 
Value: 11606.25
Sales: AGOx40@56.94 AGGx40@56.94 AGMx40@56.94 CELx40@56.94 BOCHx40@56.94 
Purchases: AGOx40@56.94 AGGx40@56.94 AGMx40@56.94 CELx40@56.94 BOCHx40@56.94 

2014-01-07
Cash: 218.75
Held: AGOx40@57.34 AGMx40@57.34 CELx40@57.34 BOCHx40@57.34 AGGx40@57.34 
Value: 11687.50
Sales: AGOx40@57.34 AGGx40@57.34 AGMx40@57.34 CELx40@57.34 BOCHx40@57.34 
Purchases: AGOx40@57.34 AGGx40@57.34 AGMx40@57.34 CELx40@57.34 BOCHx40@57.34 

2014-01-08
Cash: 218.75
Held: AGOx40@58.41 AGMx40@58.41 CELx40@58.41 BOCHx40@58.41 AGGx40@58.41 
Value: 11900.00
Sales: AGOx40@58.41 AGGx40@58.41 AGMx40@58.41 CELx40@58.41 BOCHx40@58.41 
Purchases: AGOx40@58.41 AGGx40@58.41 AGMx40@58.41 CELx40@58.41 BOCHx40@58.41 

2014-01-09
Cash: 218.75
Held: AGOx40@58.50 AGMx40@58.50 CELx40@58.50 BOCHx40@58.50 AGGx40@58.50 
Value: 11918.75
Sales: AGOx40@58.50 AGGx40@58.50 AGMx40@58.50 CELx40@58.50 BOCHx40@58.50 
Purchases: AGOx40@58.50 AGGx40@58.50 AGMx40@58.50 CELx40@58.50 BOCHx40@58.50 

2014-01-12
Cash: 218.75
Held: AGOx40@58.78 AGMx40@58.78 CELx40@58.78 BOCHx40@58.78 AGGx40@58.78 
Value: 11975.00
Sales: AGOx40@58.78 AGGx40@58.78 AGMx40@58.78 CELx40@58.78 BOCHx40@58.78 
Purchases: AGOx40@58.78 AGGx40@58.78 AGMx40@58.78 CELx40@58.78 BOCHx40@58.78 

2014-01-13
Cash: 218.75
Held: AGOx40@59.16 AGMx40@59.16 CELx40@59.16 BOCHx40@59.16 AGGx40@59.16 
Value: 12050.00
Sales: AGOx40@59.16 AGGx40@59.16 AGMx40@59.16 CELx40@59.16 BOCHx40@59.16 
Purchases: AGOx40@59.16 AGGx40@59.16 AGMx40@59.16 CELx40@59.16 BOCHx40@59.16 

2014-01-14
Cash: 218.75
Held: AGOx40@59.81 AGMx40@59.81 CELx40@59.81 BOCHx40@59.81 AGGx40@59.81 
Value: 12181.25
Sales: AGOx40@59.81 AGGx40@59.81 AGMx40@59.81 CELx40@59.81 BOCHx40@59.81 
Purchases: AGOx40@59.81 AGGx40@59.81 AGMx40@59.81 CELx40@59.81 BOCHx40@59.81 

2014-01-15
Cash: 218.75
Held: AGOx40@60.25 AGMx40@60.25 CELx40@60.25 BOCHx40@60.25 AGGx40@60.25 
Value: 12268.75
Sales: AGOx40@60.25 AGGx40@60.25 AGMx40@60.25 CELx40@60.25 BOCHx40@60.25 
Purchases: AGOx40@60.25 AGGx40@60.25 AGMx40@60.25 CELx40@60.25 BOCHx40@60.25 

2014-01-16
Cash: 218.75
Held: AGOx40@60.84 AGMx40@60.84 CELx40@60.84 BOCHx40@60.84 AGGx40@60.84 
Value: 12387.50
Sales: AGOx40@60.84 AGGx40@60.84 AGMx40@60.84 CELx40@60.84 BOCHx40@60.84 
Purchases: AGOx40@60.84 AGGx40@60.84 AGMx40@60.84 CELx40@60.84 BOCHx40@60.84 

2014-01-20
Cash: 218.75
Held: AGOx40@60.69 AGMx40@60.69 CELx40@60.69 BOCHx40@60.69 AGGx40@60.69 
Value: 12356.25
Sales: AGOx40@60.69 AGGx40@60.69 AGMx40@60.69 CELx40@60.69 BOCHx40@60.69 
Purchases: AGOx40@60.69 AGGx40@60.69 AGMx40@60.69 CELx40@60.69 BOCHx40@60.69 

2014-01-21
Cash: 218.75
Held: AGOx40@60.81 AGMx40@60.81 CELx40@60.81 BOCHx40@60.81 AGGx40@60.81 
Value: 12381.25
Sales: AGOx40@60.81 AGGx40@60.81 AGMx40@60.81 CELx40@60.81 BOCHx40@60.81 
Purchases: AGOx40@60.81 AGGx40@60.81 AGMx40@60.81 CELx40@60.81 BOCHx40@60.81 

2014-01-22
Cash: 218.75
Held: AGOx40@60.47 AGMx40@60.47 CELx40@60.47 BOCHx40@60.47 AGGx40@60.47 
Value: 12312.50
Sales: AGOx40@60.47 AGGx40@60.47 AGMx40@60.47 CELx40@60.47 BOCHx40@60.47 
Purchases: AGOx40@60.47 AGGx40@60.47 AGMx40@60.47 CELx40@60.47 BOCHx40@60.47 

2014-01-23
Cash: 218.75
Held: AGOx40@59.22 AGMx40@59.22 CELx40@59.22 BOCHx40@59.22 AGGx40@59.22 
Value: 12062.50
Sales: AGOx40@59.22 AGGx40@59.22 AGMx40@59.22 CELx40@59.22 BOCHx40@59.22 
Purchases: AGOx40@59.22 AGGx40@59.22 AGMx40@59.22 CELx40@59.22 BOCHx40@59.22 

2014-01-26
Cash: 218.75
Held: AGOx40@57.91 AGMx40@57.91 CELx40@57.91 BOCHx40@57.91 AGGx40@57.91 
Value: 11800.00
Sales: AGOx40@57.91 AGGx40@57.91 AGMx40@57.91 CELx40@57.91 BOCHx40@57.91 
Purchases: AGOx40@57.91 AGGx40@57.91 AGMx40@57.91 CELx40@57.91 BOCHx40@57.91 

2014-01-27
Cash: 218.75
Held: AGOx40@58.50 AGMx40@58.50 CELx40@58.50 BOCHx40@58.50 AGGx40@58.50 
Value: 11918.75
Sales: AGOx40@58.50 AGGx40@58.50 AGMx40@58.50 CELx40@58.50 BOCHx40@58.50 
Purchases: AGOx40@58.50 AGGx40@58.50 AGMx40@58.50 CELx40@58.50 BOCHx40@58.50 

2014-01-28
Cash: 218.75
Held: AGOx40@57.66 AGMx40@57.66 CELx40@57.66 BOCHx40@57.66 AGGx40@57.66 
Value: 11750.00
Sales: AGOx40@57.66 AGGx40@57.66 AGMx40@57.66 CELx40@57.66 BOCHx40@57.66 
Purchases: AGOx40@57.66 AGGx40@57.66 AGMx40@57.66 CELx40@57.66 BOCHx40@57.66 

2014-01-29
Cash: 218.75
Held: AGOx40@58.41 AGMx40@58.41 CELx40@58.41 BOCHx40@58.41 AGGx40@58.41 
Value: 11900.00
Sales: AGOx40@58.41 AGGx40@58.41 AGMx40@58.41 CELx40@58.41 BOCHx40@58.41 
Purchases: AGOx40@58.41 AGGx40@58.41 AGMx40@58.41 CELx40@58.41 BOCHx40@58.41 

2014-01-30
Cash: 218.75
Held: AGOx40@58.62 AGMx40@58.62 CELx40@58.62 BOCHx40@58.62 AGGx40@58.62 
Value: 11943.75
Sales: AGOx40@58.62 AGGx40@58.62 AGMx40@58.62 CELx40@58.62 BOCHx40@58.62 
Purchases: AGOx40@58.62 AGGx40@58.62 AGMx40@58.62 CELx40@58.62 BOCHx40@58.62 

2014-02-02
Cash: 218.75
Held: AGOx40@58.16 AGMx40@58.16 CELx40@58.16 BOCHx40@58.16 AGGx40@58.16 
Value: 11850.00
Sales: AGOx40@58.16 AGGx40@58.16 AGMx40@58.16 CELx40@58.16 BOCHx40@58.16 
Purchases: AGOx40@58.16 AGGx40@58.16 AGMx40@58.16 CELx40@58.16 BOCHx40@58.16 

2014-02-03
Cash: 218.75
Held: AGOx40@56.31 AGMx40@56.31 CELx40@56.31 BOCHx40@56.31 AGGx40@56.31 
Value: 11481.25
Sales: AGOx40@56.31 AGGx40@56.31 AGMx40@56.31 CELx40@56.31 BOCHx40@56.31 
Purchases: AGOx40@56.31 AGGx40@56.31 AGMx40@56.31 CELx40@56.31 BOCHx40@56.31 

2014-02-04
Cash: 218.75
Held: AGOx40@57.59 AGMx40@57.59 CELx40@57.59 BOCHx40@57.59 AGGx40@57.59 
Value: 11737.50
Sales: AGOx40@57.59 AGGx40@57.59 AGMx40@57.59 CELx40@57.59 BOCHx40@57.59 
Purchases: AGOx40@57.59 AGGx40@57.59 AGMx40@57.59 CELx40@57.59 BOCHx40@57.59 

2014-02-05
Cash: 218.75
Held: AGOx40@57.50 AGMx40@57.50 CELx40@57.50 BOCHx40@57.50 AGGx40@57.50 
Value: 11718.75
Sales: AGOx40@57.50 AGGx40@57.50 AGMx40@57.50 CELx40@57.50 BOCHx40@57.50 
Purchases: AGOx40@57.50 AGGx40@57.50 AGMx40@57.50 CELx40@57.50 BOCHx40@57.50 

2014-02-06
Cash: 218.75
Held: AGOx40@58.47 AGMx40@58.47 CELx40@58.47 BOCHx40@58.47 AGGx40@58.47 
Value: 11912.50
Sales: AGOx40@58.47 AGGx40@58.47 AGMx40@58.47 CELx40@58.47 BOCHx40@58.47 
Purchases: AGOx40@58.47 AGGx40@58.47 AGMx40@58.47 CELx40@58.47 BOCHx40@58.47 

2014-02-09
Cash: 218.75
Held: AGOx40@59.28 AGMx40@59.28 CELx40@59.28 BOCHx40@59.28 AGGx40@59.28 
Value: 12075.00
Sales: AGOx40@59.28 AGGx40@59.28 AGMx40@59.28 CELx40@59.28 BOCHx40@59.28 
Purchases: AGOx40@59.28 AGGx40@59.28 AGMx40@59.28 CELx40@59.28 BOCHx40@59.28 

2014-02-10
Cash: 218.75
Held: AGOx40@59.00 AGMx40@59.00 CELx40@59.00 BOCHx40@59.00 AGGx40@59.00 
Value: 12018.75
Sales: AGOx40@59.00 AGGx40@59.00 AGMx40@59.00 CELx40@59.00 BOCHx40@59.00 
Purchases: AGOx40@59.00 AGGx40@59.00 AGMx40@59.00 CELx40@59.00 BOCHx40@59.00 

2014-02-11
Cash: 218.75
Held: AGOx40@60.00 AGMx40@60.00 CELx40@60.00 BOCHx40@60.00 AGGx40@60.00 
Value: 12218.75
Sales: AGOx40@60.00 AGGx40@60.00 AGMx40@60.00 CELx40@60.00 BOCHx40@60.00 
Purchases: AGOx40@60.00 AGGx40@60.00 AGMx40@60.00 CELx40@60.00 BOCHx40@60.00 

2014-02-12
Cash: 218.75
Held: AGOx40@59.44 AGMx40@59.44 CELx40@59.44 BOCHx40@59.44 AGGx40@59.44 
Value: 12106.25
Sales: AGOx40@59.44 AGGx40@59.44 AGMx40@59.44 CELx40@59.44 BOCHx40@59.44 
Purchases: AGOx40@59.44 AGGx40@59.44 AGMx40@59.44 CELx40@59.44 BOCHx40@59.44 

2014-02-13
Cash: 218.75
Held: AGOx40@57.16 AGMx40@57.16 CELx40@57.16 BOCHx40@57.16 AGGx40@57.16 
Value: 11650.00
Sales: AGOx40@57.16 AGGx40@57.16 AGMx40@57.16 CELx40@57.16 BOCHx40@57.16 
Purchases: AGOx40@57.16 AGGx40@57.16 AGMx40@57.16 CELx40@57.16 BOCHx40@57.16 

2014-02-17
Cash: 218.75
Held: AGOx40@55.38 AGMx40@55.38 CELx40@55.38 BOCHx40@55.38 AGGx40@55.38 
Value: 11293.75
Sales: AGOx40@55.38 AGGx40@55.38 AGMx40@55.38 CELx40@55.38 BOCHx40@55.38 
Purchases: AGOx40@55.38 AGGx40@55.38 AGMx40@55.38 CELx40@55.38 BOCHx40@55.38 

2014-02-18
Cash: 218.75
Held: AGOx40@55.00 AGMx40@55.00 CELx40@55.00 BOCHx40@55.00 AGGx40@55.00 
Value: 11218.75
Sales: AGOx40@55.00 AGGx40@55.00 AGMx40@55.00 CELx40@55.00 BOCHx40@55.00 
Purchases: AGOx40@55.00 AGGx40@55.00 AGMx40@55.00 CELx40@55.00 BOCHx40@55.00 

2014-02-19
Cash: 218.75
Held: AGOx40@56.12 AGMx40@56.12 CELx40@56.12 BOCHx40@56.12 AGGx40@56.12 
Value: 11443.75
Sales: AGOx40@56.12 AGGx40@56.12 AGMx40@56.12 CELx40@56.12 BOCHx40@56.12 
Purchases: AGOx40@56.12 AGGx40@56.12 AGMx40@56.12 CELx40@56.12 BOCHx40@56.12 

2014-02-20
Cash: 218.75
Held: AGOx40@57.25 AGMx40@57.25 CELx40@57.25 BOCHx40@57.25 AGGx40@57.25 
Value: 11668.75
Sales: AGOx40@57.25 AGGx40@57.25 AGMx40@57.25 CELx40@57.25 BOCHx40@57.25 
Purchases: AGOx40@57.25 AGGx40@57.25 AGMx40@57.25 CELx40@57.25 BOCHx40@57.25 

2014-02-23
Cash: 218.75
Held: AGOx40@56.44 AGMx40@56.44 CELx40@56.44 BOCHx40@56.44 AGGx40@56.44 
Value: 11506.25
Sales: AGOx40@56.44 AGGx40@56.44 AGMx40@56.44 CELx40@56.44 BOCHx40@56.44 
Purchases: AGOx40@56.44 AGGx40@56.44 AGMx40@56.44 CELx40@56.44 BOCHx40@56.44 

2014-02-24
Cash: 218.75
Held: AGOx40@56.81 AGMx40@56.81 CELx40@56.81 BOCHx40@56.81 AGGx40@56.81 
Value: 11581.25
Sales: AGOx40@56.81 AGGx40@56.81 AGMx40@56.81 CELx40@56.81 BOCHx40@56.81 
Purchases: AGOx40@56.81 AGGx40@56.81 AGMx40@56.81 CELx40@56.81 BOCHx40@56.81 

2014-02-25
Cash: 218.75
Held: AGOx40@56.97 AGMx40@56.97 CELx40@56.97 BOCHx40@56.97 AGGx40@56.97 
Value: 11612.50
Sales: AGOx40@56.97 AGGx40@56.97 AGMx40@56.97 CELx40@56.97 BOCHx40@56.97 
Purchases: AGOx40@56.97 AGGx40@56.97 AGMx40@56.97 CELx40@56.97 BOCHx40@56.97 

2014-02-26
Cash: 218.75
Held: AGOx40@57.03 AGMx40@57.03 CELx40@57.03 BOCHx40@57.03 AGGx40@57.03 
Value: 11625.00
Sales: AGOx40@57.03 AGGx40@57.03 AGMx40@57.03 CELx40@57.03 BOCHx40@57.03 
Purchases: AGOx40@57.03 AGGx40@57.03 AGMx40@57.03 CELx40@57.03 BOCHx40@57.03 

2014-02-27
Cash: 218.75
Held: AGOx40@56.44 AGMx40@56.44 CELx40@56.44 BOCHx40@56.44 AGGx40@56.44 
Value: 11506.25
Sales: AGOx40@56.44 AGGx40@56.44 AGMx40@56.44 CELx40@56.44 BOCHx40@56.44 
Purchases: AGOx40@56.44 AGGx40@56.44 AGMx40@56.44 CELx40@56.44 BOCHx40@56.44 

2014-03-02
Cash: 218.75
Held: AGOx40@56.12 AGMx40@56.12 CELx40@56.12 BOCHx40@56.12 AGGx40@56.12 
Value: 11443.75
Sales: AGOx40@56.12 AGGx40@56.12 AGMx40@56.12 CELx40@56.12 BOCHx40@56.12 
Purchases: AGOx40@56.12 AGGx40@56.12 AGMx40@56.12 CELx40@56.12 BOCHx40@56.12 

2014-03-03
Cash: 218.75
Held: AGOx40@57.22 AGMx40@57.22 CELx40@57.22 BOCHx40@57.22 AGGx40@57.22 
Value: 11662.50
Sales: AGOx40@57.22 AGGx40@57.22 AGMx40@57.22 CELx40@57.22 BOCHx40@57.22 
Purchases: AGOx40@57.22 AGGx40@57.22 AGMx40@57.22 CELx40@57.22 BOCHx40@57.22 

2014-03-04
Cash: 218.75
Held: AGOx40@57.72 AGMx40@57.72 CELx40@57.72 BOCHx40@57.72 AGGx40@57.72 
Value: 11762.50
Sales: AGOx40@57.72 AGGx40@57.72 AGMx40@57.72 CELx40@57.72 BOCHx40@57.72 
Purchases: AGOx40@57.72 AGGx40@57.72 AGMx40@57.72 CELx40@57.72 BOCHx40@57.72 

2014-03-05
Cash: 218.75
Held: AGOx40@58.38 AGMx40@58.38 CELx40@58.38 BOCHx40@58.38 AGGx40@58.38 
Value: 11893.75
Sales: AGOx40@58.38 AGGx40@58.38 AGMx40@58.38 CELx40@58.38 BOCHx40@58.38 
Purchases: AGOx40@58.38 AGGx40@58.38 AGMx40@58.38 CELx40@58.38 BOCHx40@58.38 

2014-03-06
Cash: 218.75
Held: AGOx40@59.06 AGMx40@59.06 CELx40@59.06 BOCHx40@59.06 AGGx40@59.06 
Value: 12031.25
Sales: AGOx40@59.06 AGGx40@59.06 AGMx40@59.06 CELx40@59.06 BOCHx40@59.06 
Purchases: AGOx40@59.06 AGGx40@59.06 AGMx40@59.06 CELx40@59.06 BOCHx40@59.06 

2014-03-09
Cash: 218.75
Held: AGOx40@58.28 AGMx40@58.28 CELx40@58.28 BOCHx40@58.28 AGGx40@58.28 
Value: 11875.00
Sales: AGOx40@58.28 AGGx40@58.28 AGMx40@58.28 CELx40@58.28 BOCHx40@58.28 
Purchases: AGOx40@58.28 AGGx40@58.28 AGMx40@58.28 CELx40@58.28 BOCHx40@58.28 

2014-03-10
Cash: 218.75
Held: AGOx40@58.22 AGMx40@58.22 CELx40@58.22 BOCHx40@58.22 AGGx40@58.22 
Value: 11862.50
Sales: AGOx40@58.22 AGGx40@58.22 AGMx40@58.22 CELx40@58.22 BOCHx40@58.22 
Purchases: AGOx40@58.22 AGGx40@58.22 AGMx40@58.22 CELx40@58.22 BOCHx40@58.22 

2014-03-11
Cash: 218.75
Held: AGOx40@56.53 AGMx40@56.53 CELx40@56.53 BOCHx40@56.53 AGGx40@56.53 
Value: 11525.00
Sales: AGOx40@56.53 AGGx40@56.53 AGMx40@56.53 CELx40@56.53 BOCHx40@56.53 
Purchases: AGOx40@56.53 AGGx40@56.53 AGMx40@56.53 CELx40@56.53 BOCHx40@56.53 

2014-03-12
Cash: 218.75
Held: AGOx40@57.16 AGMx40@57.16 CELx40@57.16 BOCHx40@57.16 AGGx40@57.16 
Value: 11650.00
Sales: AGOx40@57.16 AGGx40@57.16 AGMx40@57.16 CELx40@57.16 BOCHx40@57.16 
Purchases: AGOx40@57.16 AGGx40@57.16 AGMx40@57.16 CELx40@57.16 BOCHx40@57.16 

2014-03-13
Cash: 218.75
Held: AGOx40@55.62 AGMx40@55.62 CELx40@55.62 BOCHx40@55.62 AGGx40@55.62 
Value: 11343.75
Sales: AGOx40@55.62 AGGx40@55.62 AGMx40@55.62 CELx40@55.62 BOCHx40@55.62 
Purchases: AGOx40@55.62 AGGx40@55.62 AGMx40@55.62 CELx40@55.62 BOCHx40@55.62 

2014-03-16
Cash: 218.75
Held: AGOx40@55.69 AGMx40@55.69 CELx40@55.69 BOCHx40@55.69 AGGx40@55.69 
Value: 11356.25
Sales: AGOx40@55.69 AGGx40@55.69 AGMx40@55.69 CELx40@55.69 BOCHx40@55.69 
Purchases: AGOx40@55.69 AGGx40@55.69 AGMx40@55.69 CELx40@55.69 BOCHx40@55.69 

2014-03-17
Cash: 218.75
Held: AGOx40@55.97 AGMx40@55.97 CELx40@55.97 BOCHx40@55.97 AGGx40@55.97 
Value: 11412.50
Sales: AGOx40@55.97 AGGx40@55.97 AGMx40@55.97 CELx40@55.97 BOCHx40@55.97 
Purchases: AGOx40@55.97 AGGx40@55.97 AGMx40@55.97 CELx40@55.97 BOCHx40@55.97 

2014-03-18
Cash: 218.75
Held: AGOx40@56.72 AGMx40@56.72 CELx40@56.72 BOCHx40@56.72 AGGx40@56.72 
Value: 11562.50
Sales: AGOx40@56.72 AGGx40@56.72 AGMx40@56.72 CELx40@56.72 BOCHx40@56.72 
Purchases: AGOx40@56.72 AGGx40@56.72 AGMx40@56.72 CELx40@56.72 BOCHx40@56.72 

2014-03-19
Cash: 218.75
Held: AGOx40@56.53 AGMx40@56.53 CELx40@56.53 BOCHx40@56.53 AGGx40@56.53 
Value: 11525.00
Sales: AGOx40@56.53 AGGx40@56.53 AGMx40@56.53 CELx40@56.53 BOCHx40@56.53 
Purchases: AGOx40@56.53 AGGx40@56.53 AGMx40@56.53 CELx40@56.53 BOCHx40@56.53 

2014-03-20
Cash: 218.75
Held: AGOx40@57.19 AGMx40@57.19 CELx40@57.19 BOCHx40@57.19 AGGx40@57.19 
Value: 11656.25
Sales: AGOx40@57.19 AGGx40@57.19 AGMx40@57.19 CELx40@57.19 BOCHx40@57.19 
Purchases: AGOx40@57.19 AGGx40@57.19 AGMx40@57.19 CELx40@57.19 BOCHx40@57.19 

2014-03-23
Cash: 218.75
Held: AGOx40@56.09 AGMx40@56.09 CELx40@56.09 BOCHx40@56.09 AGGx40@56.09 
Value: 11437.50
Sales: AGOx40@56.09 AGGx40@56.09 AGMx40@56.09 CELx40@56.09 BOCHx40@56.09 
Purchases: AGOx40@56.09 AGGx40@56.09 AGMx40@56.09 CELx40@56.09 BOCHx40@56.09 

2014-03-24
Cash: 218.75
Held: AGOx40@55.50 AGMx40@55.50 CELx40@55.50 BOCHx40@55.50 AGGx40@55.50 
Value: 11318.75
Sales: AGOx40@55.50 AGGx40@55.50 AGMx40@55.50 CELx40@55.50 BOCHx40@55.50 
Purchases: AGOx40@55.50 AGGx40@55.50 AGMx40@55.50 CELx40@55.50 BOCHx40@55.50 

2014-03-25
Cash: 218.75
Held: AGOx40@55.41 AGMx40@55.41 CELx40@55.41 BOCHx40@55.41 AGGx40@55.41 
Value: 11300.00
Sales: AGOx40@55.41 AGGx40@55.41 AGMx40@55.41 CELx40@55.41 BOCHx40@55.41 
Purchases: AGOx40@55.41 AGGx40@55.41 AGMx40@55.41 CELx40@55.41 BOCHx40@55.41 

2014-03-26
Cash: 218.75
Held: AGOx40@55.59 AGMx40@55.59 CELx40@55.59 BOCHx40@55.59 AGGx40@55.59 
Value: 11337.50
Sales: AGOx40@55.59 AGGx40@55.59 AGMx40@55.59 CELx40@55.59 BOCHx40@55.59 
Purchases: AGOx40@55.59 AGGx40@55.59 AGMx40@55.59 CELx40@55.59 BOCHx40@55.59 

2014-03-27
Cash: 218.75
Held: AGOx40@54.84 AGMx40@54.84 CELx40@54.84 BOCHx40@54.84 AGGx40@54.84 
Value: 11187.50
Sales: AGOx40@54.84 AGGx40@54.84 AGMx40@54.84 CELx40@54.84 BOCHx40@54.84 
Purchases: AGOx40@54.84 AGGx40@54.84 AGMx40@54.84 CELx40@54.84 BOCHx40@54.84 

2014-03-30
Cash: 218.75
Held: AGOx40@54.97 AGMx40@54.97 CELx40@54.97 BOCHx40@54.97 AGGx40@54.97 
Value: 11212.50
Sales: AGOx40@54.97 AGGx40@54.97 AGMx40@54.97 CELx40@54.97 BOCHx40@54.97 
Purchases: AGOx40@54.97 AGGx40@54.97 AGMx40@54.97 CELx40@54.97 BOCHx40@54.97 

2014-03-31
Cash: 218.75
Held: AGOx40@56.19 AGMx40@56.19 CELx40@56.19 BOCHx40@56.19 AGGx40@56.19 
Value: 11456.25
Sales: AGOx40@56.19 AGGx40@56.19 AGMx40@56.19 CELx40@56.19 BOCHx40@56.19 
Purchases: AGOx40@56.19 AGGx40@56.19 AGMx40@56.19 CELx40@56.19 BOCHx40@56.19 

2014-04-01
Cash: 218.75
Held: AGOx40@56.41 AGMx40@56.41 CELx40@56.41 BOCHx40@56.41 AGGx40@56.41 
Value: 11500.00
Sales: AGOx40@56.41 AGGx40@56.41 AGMx40@56.41 CELx40@56.41 BOCHx40@56.41 
Purchases: AGOx40@56.41 AGGx40@56.41 AGMx40@56.41 CELx40@56.41 BOCHx40@56.41 

2014-04-02
Cash: 218.75
Held: AGOx40@56.78 AGMx40@56.78 CELx40@56.78 BOCHx40@56.78 AGGx40@56.78 
Value: 11575.00
Sales: AGOx40@56.78 AGGx40@56.78 AGMx40@56.78 CELx40@56.78 BOCHx40@56.78 
Purchases: AGOx40@56.78 AGGx40@56.78 AGMx40@56.78 CELx40@56.78 BOCHx40@56.78 

2014-04-03
Cash: 218.75
Held: AGOx40@57.09 AGMx40@57.09 CELx40@57.09 BOCHx40@57.09 AGGx40@57.09 
Value: 11637.50
Sales: AGOx40@57.09 AGGx40@57.09 AGMx40@57.09 CELx40@57.09 BOCHx40@57.09 
Purchases: AGOx40@57.09 AGGx40@57.09 AGMx40@57.09 CELx40@57.09 BOCHx40@57.09 

2014-04-06
Cash: 218.75
Held: AGOx40@55.56 AGMx40@55.56 CELx40@55.56 BOCHx40@55.56 AGGx40@55.56 
Value: 11331.25
Sales: AGOx40@55.56 AGGx40@55.56 AGMx40@55.56 CELx40@55.56 BOCHx40@55.56 
Purchases: AGOx40@55.56 AGGx40@55.56 AGMx40@55.56 CELx40@55.56 BOCHx40@55.56 

2014-04-07
Cash: 218.75
Held: AGOx40@54.22 AGMx40@54.22 CELx40@54.22 BOCHx40@54.22 AGGx40@54.22 
Value: 11062.50
Sales: AGOx40@54.22 AGGx40@54.22 AGMx40@54.22 CELx40@54.22 BOCHx40@54.22 
Purchases: AGOx40@54.22 AGGx40@54.22 AGMx40@54.22 CELx40@54.22 BOCHx40@54.22 

2014-04-08
Cash: 218.75
Held: AGOx40@55.44 AGMx40@55.44 CELx40@55.44 BOCHx40@55.44 AGGx40@55.44 
Value: 11306.25
Sales: AGOx40@55.44 AGGx40@55.44 AGMx40@55.44 CELx40@55.44 BOCHx40@55.44 
Purchases: AGOx40@55.44 AGGx40@55.44 AGMx40@55.44 CELx40@55.44 BOCHx40@55.44 

2014-04-09
Cash: 218.75
Held: AGOx40@55.56 AGMx40@55.56 CELx40@55.56 BOCHx40@55.56 AGGx40@55.56 
Value: 11331.25
Sales: AGOx40@55.56 AGGx40@55.56 AGMx40@55.56 CELx40@55.56 BOCHx40@55.56 
Purchases: AGOx40@55.56 AGGx40@55.56 AGMx40@55.56 CELx40@55.56 BOCHx40@55.56 

2014-04-10
Cash: 218.75
Held: AGOx40@53.69 AGMx40@53.69 CELx40@53.69 BOCHx40@53.69 AGGx40@53.69 
Value: 10956.25
Sales: AGOx40@53.69 AGGx40@53.69 AGMx40@53.69 CELx40@53.69 BOCHx40@53.69 
Purchases: AGOx40@53.69 AGGx40@53.69 AGMx40@53.69 CELx40@53.69 BOCHx40@53.69 

2014-04-13
Cash: 218.75
Held: AGOx40@53.19 AGMx40@53.19 CELx40@53.19 BOCHx40@53.19 AGGx40@53.19 
Value: 10856.25
Sales: AGOx40@53.19 AGGx40@53.19 AGMx40@53.19 CELx40@53.19 BOCHx40@53.19 
Purchases: AGOx40@53.19 AGGx40@53.19 AGMx40@53.19 CELx40@53.19 BOCHx40@53.19 

2014-04-14
Cash: 218.75
Held: AGOx40@52.84 AGMx40@52.84 CELx40@52.84 BOCHx40@52.84 AGGx40@52.84 
Value: 10787.50
Sales: AGOx40@52.84 AGGx40@52.84 AGMx40@52.84 CELx40@52.84 BOCHx40@52.84 
Purchases: AGOx40@52.84 AGGx40@52.84 AGMx40@52.84 CELx40@52.84 BOCHx40@52.84 

2014-04-15
Cash: 218.75
Held: AGOx40@53.56 AGMx40@53.56 CELx40@53.56 BOCHx40@53.56 AGGx40@53.56 
Value: 10931.25
Sales: AGOx40@53.56 AGGx40@53.56 AGMx40@53.56 CELx40@53.56 BOCHx40@53.56 
Purchases: AGOx40@53.56 AGGx40@53.56 AGMx40@53.56 CELx40@53.56 BOCHx40@53.56 

2014-04-16
Cash: 218.75
Held: AGOx40@53.75 AGMx40@53.75 CELx40@53.75 BOCHx40@53.75 AGGx40@53.75 
Value: 10968.75
Sales: AGOx40@53.75 AGGx40@53.75 AGMx40@53.75 CELx40@53.75 BOCHx40@53.75 
Purchases: AGOx40@53.75 AGGx40@53.75 AGMx40@53.75 CELx40@53.75 BOCHx40@53.75 

2014-04-20
Cash: 218.75
Held: AGOx40@54.62 AGMx40@54.62 CELx40@54.62 BOCHx40@54.62 AGGx40@54.62 
Value: 11143.75
Sales: AGOx40@54.62 AGGx40@54.62 AGMx40@54.62 CELx40@54.62 BOCHx40@54.62 
Purchases: AGOx40@54.62 AGGx40@54.62 AGMx40@54.62 CELx40@54.62 BOCHx40@54.62 

2014-04-21
Cash: 218.75
Held: AGOx40@54.69 AGMx40@54.69 CELx40@54.69 BOCHx40@54.69 AGGx40@54.69 
Value: 11156.25
Sales: AGOx40@54.69 AGGx40@54.69 AGMx40@54.69 CELx40@54.69 BOCHx40@54.69 
Purchases: AGOx40@54.69 AGGx40@54.69 AGMx40@54.69 CELx40@54.69 BOCHx40@54.69 

2014-04-22
Cash: 218.75
Held: AGOx40@54.84 AGMx40@54.84 CELx40@54.84 BOCHx40@54.84 AGGx40@54.84 
Value: 11187.50
Sales: AGOx40@54.84 AGGx40@54.84 AGMx40@54.84 CELx40@54.84 BOCHx40@54.84 
Purchases: AGOx40@54.84 AGGx40@54.84 AGMx40@54.84 CELx40@54.84 BOCHx40@54.84 

2014-04-23
Cash: 218.75
Held: AGOx40@55.22 AGMx40@55.22 CELx40@55.22 BOCHx40@55.22 AGGx40@55.22 
Value: 11262.50
Sales: AGOx40@55.22 AGGx40@55.22 AGMx40@55.22 CELx40@55.22 BOCHx40@55.22 
Purchases: AGOx40@55.22 AGGx40@55.22 AGMx40@55.22 CELx40@55.22 BOCHx40@55.22 

2014-04-24
Cash: 218.75
Held: AGOx40@55.25 AGMx40@55.25 CELx40@55.25 BOCHx40@55.25 AGGx40@55.25 
Value: 11268.75
Sales: AGOx40@55.25 AGGx40@55.25 AGMx40@55.25 CELx40@55.25 BOCHx40@55.25 
Purchases: AGOx40@55.25 AGGx40@55.25 AGMx40@55.25 CELx40@55.25 BOCHx40@55.25 

2014-04-27
Cash: 218.75
Held: AGOx40@54.84 AGMx40@54.84 CELx40@54.84 BOCHx40@54.84 AGGx40@54.84 
Value: 11187.50
Sales: AGOx40@54.84 AGGx40@54.84 AGMx40@54.84 CELx40@54.84 BOCHx40@54.84 
Purchases: AGOx40@54.84 AGGx40@54.84 AGMx40@54.84 CELx40@54.84 BOCHx40@54.84 

2014-04-28
Cash: 218.75
Held: AGOx40@53.28 AGMx40@53.28 CELx40@53.28 BOCHx40@53.28 AGGx40@53.28 
Value: 10875.00
Sales: AGOx40@53.28 AGGx40@53.28 AGMx40@53.28 CELx40@53.28 BOCHx40@53.28 
Purchases: AGOx40@53.28 AGGx40@53.28 AGMx40@53.28 CELx40@53.28 BOCHx40@53.28 

2014-04-29
Cash: 218.75
Held: AGOx40@53.44 AGMx40@53.44 CELx40@53.44 BOCHx40@53.44 AGGx40@53.44 
Value: 10906.25
Sales: AGOx40@53.44 AGGx40@53.44 AGMx40@53.44 CELx40@53.44 BOCHx40@53.44 
Purchases: AGOx40@53.44 AGGx40@53.44 AGMx40@53.44 CELx40@53.44 BOCHx40@53.44 

2014-04-30
Cash: 218.75
Held: AGOx40@53.94 AGMx40@53.94 CELx40@53.94 BOCHx40@53.94 AGGx40@53.94 
Value: 11006.25
Sales: AGOx40@53.94 AGGx40@53.94 AGMx40@53.94 CELx40@53.94 BOCHx40@53.94 
Purchases: AGOx40@53.94 AGGx40@53.94 AGMx40@53.94 CELx40@53.94 BOCHx40@53.94 

2014-05-01
Cash: 218.75
Held: AGOx40@54.50 AGMx40@54.50 CELx40@54.50 BOCHx40@54.50 AGGx40@54.50 
Value: 11118.75
Sales: AGOx40@54.50 AGGx40@54.50 AGMx40@54.50 CELx40@54.50 BOCHx40@54.50 
Purchases: AGOx40@54.50 AGGx40@54.50 AGMx40@54.50 CELx40@54.50 BOCHx40@54.50 

2014-05-04
Cash: 218.75
Held: AGOx40@54.31 AGMx40@54.31 CELx40@54.31 BOCHx40@54.31 AGGx40@54.31 
Value: 11081.25
Sales: AGOx40@54.31 AGGx40@54.31 AGMx40@54.31 CELx40@54.31 BOCHx40@54.31 
Purchases: AGOx40@54.31 AGGx40@54.31 AGMx40@54.31 CELx40@54.31 BOCHx40@54.31 

2014-05-05
Cash: 218.75
Held: AGOx40@55.09 AGMx40@55.09 CELx40@55.09 BOCHx40@55.09 AGGx40@55.09 
Value: 11237.50
Sales: AGOx40@55.09 AGGx40@55.09 AGMx40@55.09 CELx40@55.09 BOCHx40@55.09 
Purchases: AGOx40@55.09 AGGx40@55.09 AGMx40@55.09 CELx40@55.09 BOCHx40@55.09 

2014-05-06
Cash: 218.75
Held: AGOx40@55.12 AGMx40@55.12 CELx40@55.12 BOCHx40@55.12 AGGx40@55.12 
Value: 11243.75
Sales: AGOx40@55.12 AGGx40@55.12 AGMx40@55.12 CELx40@55.12 BOCHx40@55.12 
Purchases: AGOx40@55.12 AGGx40@55.12 AGMx40@55.12 CELx40@55.12 BOCHx40@55.12 

2014-05-07
Cash: 218.75
Held: AGOx40@55.03 AGMx40@55.03 CELx40@55.03 BOCHx40@55.03 AGGx40@55.03 
Value: 11225.00
Sales: AGOx40@55.03 AGGx40@55.03 AGMx40@55.03 CELx40@55.03 BOCHx40@55.03 
Purchases: AGOx40@55.03 AGGx40@55.03 AGMx40@55.03 CELx40@55.03 BOCHx40@55.03 

2014-05-08
Cash: 218.75
Held: AGOx40@55.25 AGMx40@55.25 CELx40@55.25 BOCHx40@55.25 AGGx40@55.25 
Value: 11268.75
Sales: AGOx40@55.25 AGGx40@55.25 AGMx40@55.25 CELx40@55.25 BOCHx40@55.25 
Purchases: AGOx40@55.25 AGGx40@55.25 AGMx40@55.25 CELx40@55.25 BOCHx40@55.25 

2014-05-11
Cash: 218.75
Held: AGOx40@55.59 AGMx40@55.59 CELx40@55.59 BOCHx40@55.59 AGGx40@55.59 
Value: 11337.50
Sales: AGOx40@55.59 AGGx40@55.59 AGMx40@55.59 CELx40@55.59 BOCHx40@55.59 
Purchases: AGOx40@55.59 AGGx40@55.59 AGMx40@55.59 CELx40@55.59 BOCHx40@55.59 

2014-05-12
Cash: 218.75
Held: AGOx40@56.62 AGMx40@56.62 CELx40@56.62 BOCHx40@56.62 AGGx40@56.62 
Value: 11543.75
Sales: AGOx40@56.62 AGGx40@56.62 AGMx40@56.62 CELx40@56.62 BOCHx40@56.62 
Purchases: AGOx40@56.62 AGGx40@56.62 AGMx40@56.62 CELx40@56.62 BOCHx40@56.62 

2014-05-13
Cash: 218.75
Held: AGOx40@56.78 AGMx40@56.78 CELx40@56.78 BOCHx40@56.78 AGGx40@56.78 
Value: 11575.00
Sales: AGOx40@56.78 AGGx40@56.78 AGMx40@56.78 CELx40@56.78 BOCHx40@56.78 
Purchases: AGOx40@56.78 AGGx40@56.78 AGMx40@56.78 CELx40@56.78 BOCHx40@56.78 

2014-05-14
Cash: 218.75
Held: AGOx40@54.59 AGMx40@54.59 CELx40@54.59 BOCHx40@54.59 AGGx40@54.59 
Value: 11137.50
Sales: AGOx40@54.59 AGGx40@54.59 AGMx40@54.59 CELx40@54.59 BOCHx40@54.59 
Purchases: AGOx40@54.59 AGGx40@54.59 AGMx40@54.59 CELx40@54.59 BOCHx40@54.59 

2014-05-15
Cash: 218.75
Held: AGOx40@54.38 AGMx40@54.38 CELx40@54.38 BOCHx40@54.38 AGGx40@54.38 
Value: 11093.75
Sales: AGOx40@54.38 AGGx40@54.38 AGMx40@54.38 CELx40@54.38 BOCHx40@54.38 
Purchases: AGOx40@54.38 AGGx40@54.38 AGMx40@54.38 CELx40@54.38 BOCHx40@54.38 

2014-05-18
Cash: 218.75
Held: AGOx40@54.91 AGMx40@54.91 CELx40@54.91 BOCHx40@54.91 AGGx40@54.91 
Value: 11200.00
Sales: AGOx40@54.91 AGGx40@54.91 AGMx40@54.91 CELx40@54.91 BOCHx40@54.91 
Purchases: AGOx40@54.91 AGGx40@54.91 AGMx40@54.91 CELx40@54.91 BOCHx40@54.91 

2014-05-19
Cash: 218.75
Held: AGOx40@54.88 AGMx40@54.88 CELx40@54.88 BOCHx40@54.88 AGGx40@54.88 
Value: 11193.75
Sales: AGOx40@54.88 AGGx40@54.88 AGMx40@54.88 CELx40@54.88 BOCHx40@54.88 
Purchases: AGOx40@54.88 AGGx40@54.88 AGMx40@54.88 CELx40@54.88 BOCHx40@54.88 

2014-05-20
Cash: 218.75
Held: AGOx40@54.59 AGMx40@54.59 CELx40@54.59 BOCHx40@54.59 AGGx40@54.59 
Value: 11137.50
Sales: AGOx40@54.59 AGGx40@54.59 AGMx40@54.59 CELx40@54.59 BOCHx40@54.59 
Purchases: AGOx40@54.59 AGGx40@54.59 AGMx40@54.59 CELx40@54.59 BOCHx40@54.59 

2014-05-21
Cash: 218.75
Held: AGOx40@55.00 AGMx40@55.00 CELx40@55.00 BOCHx40@55.00 AGGx40@55.00 
Value: 11218.75
Sales: AGOx40@55.00 AGGx40@55.00 AGMx40@55.00 CELx40@55.00 BOCHx40@55.00 
Purchases: AGOx40@55.00 AGGx40@55.00 AGMx40@55.00 CELx40@55.00 BOCHx40@55.00 

2014-05-22
Cash: 218.75
Held: AGOx40@55.66 AGMx40@55.66 CELx40@55.66 BOCHx40@55.66 AGGx40@55.66 
Value: 11350.00
Sales: AGOx40@55.66 AGGx40@55.66 AGMx40@55.66 CELx40@55.66 BOCHx40@55.66 
Purchases: AGOx40@55.66 AGGx40@55.66 AGMx40@55.66 CELx40@55.66 BOCHx40@55.66 

2014-05-26
Cash: 218.75
Held: AGOx40@56.31 AGMx40@56.31 CELx40@56.31 BOCHx40@56.31 AGGx40@56.31 
Value: 11481.25
Sales: AGOx40@56.31 AGGx40@56.31 AGMx40@56.31 CELx40@56.31 BOCHx40@56.31 
Purchases: AGOx40@56.31 AGGx40@56.31 AGMx40@56.31 CELx40@56.31 BOCHx40@56.31 

2014-05-27
Cash: 218.75
Held: AGOx40@56.41 AGMx40@56.41 CELx40@56.41 BOCHx40@56.41 AGGx40@56.41 
Value: 11500.00
Sales: AGOx40@56.41 AGGx40@56.41 AGMx40@56.41 CELx40@56.41 BOCHx40@56.41 
Purchases: AGOx40@56.41 AGGx40@56.41 AGMx40@56.41 CELx40@56.41 BOCHx40@56.41 

2014-05-28
Cash: 218.75
Held: AGOx40@57.19 AGMx40@57.19 CELx40@57.19 BOCHx40@57.19 AGGx40@57.19 
Value: 11656.25
Sales: AGOx40@57.19 AGGx40@57.19 AGMx40@57.19 CELx40@57.19 BOCHx40@57.19 
Purchases: AGOx40@57.19 AGGx40@57.19 AGMx40@57.19 CELx40@57.19 BOCHx40@57.19 

2014-05-29
Cash: 218.75
Held: AGOx40@56.88 AGMx40@56.88 CELx40@56.88 BOCHx40@56.88 AGGx40@56.88 
Value: 11593.75
Sales: AGOx40@56.88 AGGx40@56.88 AGMx40@56.88 CELx40@56.88 BOCHx40@56.88 
Purchases: AGOx40@56.88 AGGx40@56.88 AGMx40@56.88 CELx40@56.88 BOCHx40@56.88 

2014-06-01
Cash: 218.75
Held: AGOx40@56.97 AGMx40@56.97 CELx40@56.97 BOCHx40@56.97 AGGx40@56.97 
Value: 11612.50
Sales: AGOx40@56.97 AGGx40@56.97 AGMx40@56.97 CELx40@56.97 BOCHx40@56.97 
Purchases: AGOx40@56.97 AGGx40@56.97 AGMx40@56.97 CELx40@56.97 BOCHx40@56.97 

2014-06-02
Cash: 218.75
Held: AGOx40@56.72 AGMx40@56.72 CELx40@56.72 BOCHx40@56.72 AGGx40@56.72 
Value: 11562.50
Sales: AGOx40@56.72 AGGx40@56.72 AGMx40@56.72 CELx40@56.72 BOCHx40@56.72 
Purchases: AGOx40@56.72 AGGx40@56.72 AGMx40@56.72 CELx40@56.72 BOCHx40@56.72 

2014-06-03
Cash: 218.75
Held: AGOx40@57.03 AGMx40@57.03 CELx40@57.03 BOCHx40@57.03 AGGx40@57.03 
Value: 11625.00
Sales: AGOx40@57.03 AGGx40@57.03 AGMx40@57.03 CELx40@57.03 BOCHx40@57.03 
Purchases: AGOx40@57.03 AGGx40@57.03 AGMx40@57.03 CELx40@57.03 BOCHx40@57.03 

2014-06-04
Cash: 218.75
Held: AGOx40@57.44 AGMx40@57.44 CELx40@57.44 BOCHx40@57.44 AGGx40@57.44 
Value: 11706.25
Sales: AGOx40@57.44 AGGx40@57.44 AGMx40@57.44 CELx40@57.44 BOCHx40@57.44 
Purchases: AGOx40@57.44 AGGx40@57.44 AGMx40@57.44 CELx40@57.44 BOCHx40@57.44 

2014-06-05
Cash: 218.75
Held: AGOx40@58.59 AGMx40@58.59 CELx40@58.59 BOCHx40@58.59 AGGx40@58.59 
Value: 11937.50
Sales: AGOx40@58.59 AGGx40@58.59 AGMx40@58.59 CELx40@58.59 BOCHx40@58.59 
Purchases: AGOx40@58.59 AGGx40@58.59 AGMx40@58.59 CELx40@58.59 BOCHx40@58.59 

2014-06-08
Cash: 218.75
Held: AGOx40@59.00 AGMx40@59.00 CELx40@59.00 BOCHx40@59.00 AGGx40@59.00 
Value: 12018.75
Sales: AGOx40@59.00 AGGx40@59.00 AGMx40@59.00 CELx40@59.00 BOCHx40@59.00 
Purchases: AGOx40@59.00 AGGx40@59.00 AGMx40@59.00 CELx40@59.00 BOCHx40@59.00 

2014-06-09
Cash: 218.75
Held: AGOx40@59.16 AGMx40@59.16 CELx40@59.16 BOCHx40@59.16 AGGx40@59.16 
Value: 12050.00
Sales: AGOx40@59.16 AGGx40@59.16 AGMx40@59.16 CELx40@59.16 BOCHx40@59.16 
Purchases: AGOx40@59.16 AGGx40@59.16 AGMx40@59.16 CELx40@59.16 BOCHx40@59.16 

2014-06-10
Cash: 218.75
Held: AGOx40@58.34 AGMx40@58.34 CELx40@58.34 BOCHx40@58.34 AGGx40@58.34 
Value: 11887.50
Sales: AGOx40@58.34 AGGx40@58.34 AGMx40@58.34 CELx40@58.34 BOCHx40@58.34 
Purchases: AGOx40@58.34 AGGx40@58.34 AGMx40@58.34 CELx40@58.34 BOCHx40@58.34 

2014-06-11
Cash: 218.75
Held: AGOx40@58.91 AGMx40@58.91 CELx40@58.91 BOCHx40@58.91 AGGx40@58.91 
Value: 12000.00
Sales: AGOx40@58.91 AGGx40@58.91 AGMx40@58.91 CELx40@58.91 BOCHx40@58.91 
Purchases: AGOx40@58.91 AGGx40@58.91 AGMx40@58.91 CELx40@58.91 BOCHx40@58.91 

2014-06-12
Cash: 218.75
Held: AGOx40@58.53 AGMx40@58.53 CELx40@58.53 BOCHx40@58.53 AGGx40@58.53 
Value: 11925.00
Sales: AGOx40@58.53 AGGx40@58.53 AGMx40@58.53 CELx40@58.53 BOCHx40@58.53 
Purchases: AGOx40@58.53 AGGx40@58.53 AGMx40@58.53 CELx40@58.53 BOCHx40@58.53 

2014-06-15
Cash: 218.75
Held: AGOx40@58.56 AGMx40@58.56 CELx40@58.56 BOCHx40@58.56 AGGx40@58.56 
Value: 11931.25
Sales: AGOx40@58.56 AGGx40@58.56 AGMx40@58.56 CELx40@58.56 BOCHx40@58.56 
Purchases: AGOx40@58.56 AGGx40@58.56 AGMx40@58.56 CELx40@58.56 BOCHx40@58.56 

2014-06-16
Cash: 218.75
Held: AGOx40@58.28 AGMx40@58.28 CELx40@58.28 BOCHx40@58.28 AGGx40@58.28 
Value: 11875.00
Sales: AGOx40@58.28 AGGx40@58.28 AGMx40@58.28 CELx40@58.28 BOCHx40@58.28 
Purchases: AGOx40@58.28 AGGx40@58.28 AGMx40@58.28 CELx40@58.28 BOCHx40@58.28 

2014-06-17
Cash: 218.75
Held: AGOx40@58.88 AGMx40@58.88 CELx40@58.88 BOCHx40@58.88 AGGx40@58.88 
Value: 11993.75
Sales: AGOx40@58.88 AGGx40@58.88 AGMx40@58.88 CELx40@58.88 BOCHx40@58.88 
Purchases: AGOx40@58.88 AGGx40@58.88 AGMx40@58.88 CELx40@58.88 BOCHx40@58.88 

2014-06-18
Cash: 218.75
Held: AGOx40@59.19 AGMx40@59.19 CELx40@59.19 BOCHx40@59.19 AGGx40@59.19 
Value: 12056.25
Sales: AGOx40@59.19 AGGx40@59.19 AGMx40@59.19 CELx40@59.19 BOCHx40@59.19 
Purchases: AGOx40@59.19 AGGx40@59.19 AGMx40@59.19 CELx40@59.19 BOCHx40@59.19 

2014-06-19
Cash: 218.75
Held: AGOx40@57.84 AGMx40@57.84 CELx40@57.84 BOCHx40@57.84 AGGx40@57.84 
Value: 11787.50
Sales: AGOx40@57.84 AGGx40@57.84 AGMx40@57.84 CELx40@57.84 BOCHx40@57.84 
Purchases: AGOx40@57.84 AGGx40@57.84 AGMx40@57.84 CELx40@57.84 BOCHx40@57.84 

2014-06-22
Cash: 218.75
Held: AGOx40@58.72 AGMx40@58.72 CELx40@58.72 BOCHx40@58.72 AGGx40@58.72 
Value: 11962.50
Sales: AGOx40@58.72 AGGx40@58.72 AGMx40@58.72 CELx40@58.72 BOCHx40@58.72 
Purchases: AGOx40@58.72 AGGx40@58.72 AGMx40@58.72 CELx40@58.72 BOCHx40@58.72 

2014-06-23
Cash: 218.75
Held: AGOx40@58.03 AGMx40@58.03 CELx40@58.03 BOCHx40@58.03 AGGx40@58.03 
Value: 11825.00
Sales: AGOx40@58.03 AGGx40@58.03 AGMx40@58.03 CELx40@58.03 BOCHx40@58.03 
Purchases: AGOx40@58.03 AGGx40@58.03 AGMx40@58.03 CELx40@58.03 BOCHx40@58.03 

2014-06-24
Cash: 218.75
Held: AGOx40@57.62 AGMx40@57.62 CELx40@57.62 BOCHx40@57.62 AGGx40@57.62 
Value: 11743.75
Sales: AGOx40@57.62 AGGx40@57.62 AGMx40@57.62 CELx40@57.62 BOCHx40@57.62 
Purchases: AGOx40@57.62 AGGx40@57.62 AGMx40@57.62 CELx40@57.62 BOCHx40@57.62 

2014-06-25
Cash: 218.75
Held: AGOx40@58.00 AGMx40@58.00 CELx40@58.00 BOCHx40@58.00 AGGx40@58.00 
Value: 11818.75
Sales: AGOx40@58.00 AGGx40@58.00 AGMx40@58.00 CELx40@58.00 BOCHx40@58.00 
Purchases: AGOx40@58.00 AGGx40@58.00 AGMx40@58.00 CELx40@58.00 BOCHx40@58.00 

2014-06-26
Cash: 218.75
Held: AGOx40@57.53 AGMx40@57.53 CELx40@57.53 BOCHx40@57.53 AGGx40@57.53 
Value: 11725.00
Sales: AGOx40@57.53 AGGx40@57.53 AGMx40@57.53 CELx40@57.53 BOCHx40@57.53 
Purchases: AGOx40@57.53 AGGx40@57.53 AGMx40@57.53 CELx40@57.53 BOCHx40@57.53 

2014-06-29
Cash: 218.75
Held: AGOx40@57.38 AGMx40@57.38 CELx40@57.38 BOCHx40@57.38 AGGx40@57.38 
Value: 11693.75
Sales: AGOx40@57.38 AGGx40@57.38 AGMx40@57.38 CELx40@57.38 BOCHx40@57.38 
Purchases: AGOx40@57.38 AGGx40@57.38 AGMx40@57.38 CELx40@57.38 BOCHx40@57.38 

2014-06-30
Cash: 218.75
Held: AGOx40@57.75 AGMx40@57.75 CELx40@57.75 BOCHx40@57.75 AGGx40@57.75 
Value: 11768.75
Sales: AGOx40@57.75 AGGx40@57.75 AGMx40@57.75 CELx40@57.75 BOCHx40@57.75 
Purchases: AGOx40@57.75 AGGx40@57.75 AGMx40@57.75 CELx40@57.75 BOCHx40@57.75 

2014-07-01
Cash: 218.75
Held: AGOx40@58.12 AGMx40@58.12 CELx40@58.12 BOCHx40@58.12 AGGx40@58.12 
Value: 11843.75
Sales: AGOx40@58.12 AGGx40@58.12 AGMx40@58.12 CELx40@58.12 BOCHx40@58.12 
Purchases: AGOx40@58.12 AGGx40@58.12 AGMx40@58.12 CELx40@58.12 BOCHx40@58.12 

2014-07-02
Cash: 218.75
Held: AGOx40@58.19 AGMx40@58.19 CELx40@58.19 BOCHx40@58.19 AGGx40@58.19 
Value: 11856.25
Sales: AGOx40@58.19 AGGx40@58.19 AGMx40@58.19 CELx40@58.19 BOCHx40@58.19 
Purchases: AGOx40@58.19 AGGx40@58.19 AGMx40@58.19 CELx40@58.19 BOCHx40@58.19 

2014-07-06
Cash: 218.75
Held: AGOx40@58.19 AGMx40@58.19 CELx40@58.19 BOCHx40@58.19 AGGx40@58.19 
Value: 11856.25
Sales: AGOx40@58.19 AGGx40@58.19 AGMx40@58.19 CELx40@58.19 BOCHx40@58.19 
Purchases: AGOx40@58.19 AGGx40@58.19 AGMx40@58.19 CELx40@58.19 BOCHx40@58.19 

2014-07-07
Cash: 218.75
Held: AGOx40@57.84 AGMx40@57.84 CELx40@57.84 BOCHx40@57.84 AGGx40@57.84 
Value: 11787.50
Sales: AGOx40@57.84 AGGx40@57.84 AGMx40@57.84 CELx40@57.84 BOCHx40@57.84 
Purchases: AGOx40@57.84 AGGx40@57.84 AGMx40@57.84 CELx40@57.84 BOCHx40@57.84 

2014-07-08
Cash: 218.75
Held: AGOx40@57.06 AGMx40@57.06 CELx40@57.06 BOCHx40@57.06 AGGx40@57.06 
Value: 11631.25
Sales: AGOx40@57.06 AGGx40@57.06 AGMx40@57.06 CELx40@57.06 BOCHx40@57.06 
Purchases: AGOx40@57.06 AGGx40@57.06 AGMx40@57.06 CELx40@57.06 BOCHx40@57.06 

2014-07-09
Cash: 218.75
Held: AGOx40@56.41 AGMx40@56.41 CELx40@56.41 BOCHx40@56.41 AGGx40@56.41 
Value: 11500.00
Sales: AGOx40@56.41 AGGx40@56.41 AGMx40@56.41 CELx40@56.41 BOCHx40@56.41 
Purchases: AGOx40@56.41 AGGx40@56.41 AGMx40@56.41 CELx40@56.41 BOCHx40@56.41 

2014-07-10
Cash: 218.75
Held: AGOx40@56.34 AGMx40@56.34 CELx40@56.34 BOCHx40@56.34 AGGx40@56.34 
Value: 11487.50
Sales: AGOx40@56.34 AGGx40@56.34 AGMx40@56.34 CELx40@56.34 BOCHx40@56.34 
Purchases: AGOx40@56.34 AGGx40@56.34 AGMx40@56.34 CELx40@56.34 BOCHx40@56.34 

2014-07-13
Cash: 218.75
Held: AGOx40@56.94 AGMx40@56.94 CELx40@56.94 BOCHx40@56.94 AGGx40@56.94 
Value: 11606.25
Sales: AGOx40@56.94 AGGx40@56.94 AGMx40@56.94 CELx40@56.94 BOCHx40@56.94 
Purchases: AGOx40@56.94 AGGx40@56.94 AGMx40@56.94 CELx40@56.94 BOCHx40@56.94 

2014-07-14
Cash: 218.75
Held: AGOx40@56.69 AGMx40@56.69 CELx40@56.69 BOCHx40@56.69 AGGx40@56.69 
Value: 11556.25
Sales: AGOx40@56.69 AGGx40@56.69 AGMx40@56.69 CELx40@56.69 BOCHx40@56.69 
Purchases: AGOx40@56.69 AGGx40@56.69 AGMx40@56.69 CELx40@56.69 BOCHx40@56.69 

2014-07-15
Cash: 218.75
Held: AGOx40@56.88 AGMx40@56.88 CELx40@56.88 BOCHx40@56.88 AGGx40@56.88 
Value: 11593.75
Sales: AGOx40@56.88 AGGx40@56.88 AGMx40@56.88 CELx40@56.88 BOCHx40@56.88 
Purchases: AGOx40@56.88 AGGx40@56.88 AGMx40@56.88 CELx40@56.88 BOCHx40@56.88 

2014-07-16
Cash: 218.75
Held: AGOx40@56.47 AGMx40@56.47 CELx40@56.47 BOCHx40@56.47 AGGx40@56.47 
Value: 11512.50
Sales: AGOx40@56.47 AGGx40@56.47 AGMx40@56.47 CELx40@56.47 BOCHx40@56.47 
Purchases: AGOx40@56.47 AGGx40@56.47 AGMx40@56.47 CELx40@56.47 BOCHx40@56.47 

2014-07-17
Cash: 218.75
Held: AGOx40@55.41 AGMx40@55.41 CELx40@55.41 BOCHx40@55.41 AGGx40@55.41 
Value: 11300.00
Sales: AGOx40@55.41 AGGx40@55.41 AGMx40@55.41 CELx40@55.41 BOCHx40@55.41 
Purchases: AGOx40@55.41 AGGx40@55.41 AGMx40@55.41 CELx40@55.41 BOCHx40@55.41 

2014-07-20
Cash: 218.75
Held: AGOx40@55.88 AGMx40@55.88 CELx40@55.88 BOCHx40@55.88 AGGx40@55.88 
Value: 11393.75
Sales: AGOx40@55.88 AGGx40@55.88 AGMx40@55.88 CELx40@55.88 BOCHx40@55.88 
Purchases: AGOx40@55.88 AGGx40@55.88 AGMx40@55.88 CELx40@55.88 BOCHx40@55.88 

2014-07-21
Cash: 218.75
Held: AGOx40@57.00 AGMx40@57.00 CELx40@57.00 BOCHx40@57.00 AGGx40@57.00 
Value: 11618.75
Sales: AGOx40@57.00 AGGx40@57.00 AGMx40@57.00 CELx40@57.00 BOCHx40@57.00 
Purchases: AGOx40@57.00 AGGx40@57.00 AGMx40@57.00 CELx40@57.00 BOCHx40@57.00 

2014-07-22
Cash: 218.75
Held: AGOx40@58.12 AGMx40@58.12 CELx40@58.12 BOCHx40@58.12 AGGx40@58.12 
Value: 11843.75
Sales: AGOx40@58.12 AGGx40@58.12 AGMx40@58.12 CELx40@58.12 BOCHx40@58.12 
Purchases: AGOx40@58.12 AGGx40@58.12 AGMx40@58.12 CELx40@58.12 BOCHx40@58.12 

2014-07-23
Cash: 218.75
Held: AGOx40@57.59 AGMx40@57.59 CELx40@57.59 BOCHx40@57.59 AGGx40@57.59 
Value: 11737.50
Sales: AGOx40@57.59 AGGx40@57.59 AGMx40@57.59 CELx40@57.59 BOCHx40@57.59 
Purchases: AGOx40@57.59 AGGx40@57.59 AGMx40@57.59 CELx40@57.59 BOCHx40@57.59 

2014-07-24
Cash: 218.75
Held: AGOx40@56.53 AGMx40@56.53 CELx40@56.53 BOCHx40@56.53 AGGx40@56.53 
Value: 11525.00
Sales: AGOx40@56.53 AGGx40@56.53 AGMx40@56.53 CELx40@56.53 BOCHx40@56.53 
Purchases: AGOx40@56.53 AGGx40@56.53 AGMx40@56.53 CELx40@56.53 BOCHx40@56.53 

2014-07-27
Cash: 218.75
Held: AGOx40@56.50 AGMx40@56.50 CELx40@56.50 BOCHx40@56.50 AGGx40@56.50 
Value: 11518.75
Sales: AGOx40@56.50 AGGx40@56.50 AGMx40@56.50 CELx40@56.50 BOCHx40@56.50 
Purchases: AGOx40@56.50 AGGx40@56.50 AGMx40@56.50 CELx40@56.50 BOCHx40@56.50 

2014-07-28
Cash: 218.75
Held: AGOx40@56.28 AGMx40@56.28 CELx40@56.28 BOCHx40@56.28 AGGx40@56.28 
Value: 11475.00
Sales: AGOx40@56.28 AGGx40@56.28 AGMx40@56.28 CELx40@56.28 BOCHx40@56.28 
Purchases: AGOx40@56.28 AGGx40@56.28 AGMx40@56.28 CELx40@56.28 BOCHx40@56.28 

2014-07-29
Cash: 218.75
Held: AGOx40@56.22 AGMx40@56.22 CELx40@56.22 BOCHx40@56.22 AGGx40@56.22 
Value: 11462.50
Sales: AGOx40@56.22 AGGx40@56.22 AGMx40@56.22 CELx40@56.22 BOCHx40@56.22 
Purchases: AGOx40@56.22 AGGx40@56.22 AGMx40@56.22 CELx40@56.22 BOCHx40@56.22 

2014-07-30
Cash: 218.75
Held: AGOx40@56.22 AGMx40@56.22 CELx40@56.22 BOCHx40@56.22 AGGx40@56.22 
Value: 11462.50
Sales: AGOx40@56.22 AGGx40@56.22 AGMx40@56.22 CELx40@56.22 BOCHx40@56.22 
Purchases: AGOx40@56.22 AGGx40@56.22 AGMx40@56.22 CELx40@56.22 BOCHx40@56.22 

2014-07-31
Cash: 218.75
Held: AGOx40@55.78 AGMx40@55.78 CELx40@55.78 BOCHx40@55.78 AGGx40@55.78 
Value: 11375.00
Sales: AGOx40@55.78 AGGx40@55.78 AGMx40@55.78 CELx40@55.78 BOCHx40@55.78 
Purchases: AGOx40@55.78 AGGx40@55.78 AGMx40@55.78 CELx40@55.78 BOCHx40@55.78 

2014-08-03
Cash: 218.75
Held: AGOx40@56.19 AGMx40@56.19 CELx40@56.19 BOCHx40@56.19 AGGx40@56.19 
Value: 11456.25
Sales: AGOx40@56.19 AGGx40@56.19 AGMx40@56.19 CELx40@56.19 BOCHx40@56.19 
Purchases: AGOx40@56.19 AGGx40@56.19 AGMx40@56.19 CELx40@56.19 BOCHx40@56.19 

2014-08-04
Cash: 218.75
Held: AGOx40@55.91 AGMx40@55.91 CELx40@55.91 BOCHx40@55.91 AGGx40@55.91 
Value: 11400.00
Sales: AGOx40@55.91 AGGx40@55.91 AGMx40@55.91 CELx40@55.91 BOCHx40@55.91 
Purchases: AGOx40@55.91 AGGx40@55.91 AGMx40@55.91 CELx40@55.91 BOCHx40@55.91 

2014-08-05
Cash: 218.75
Held: AGOx40@55.22 AGMx40@55.22 CELx40@55.22 BOCHx40@55.22 AGGx40@55.22 
Value: 11262.50
Sales: AGOx40@55.22 AGGx40@55.22 AGMx40@55.22 CELx40@55.22 BOCHx40@55.22 
Purchases: AGOx40@55.22 AGGx40@55.22 AGMx40@55.22 CELx40@55.22 BOCHx40@55.22 

2014-08-06
Cash: 218.75
Held: AGOx40@55.97 AGMx40@55.97 CELx40@55.97 BOCHx40@55.97 AGGx40@55.97 
Value: 11412.50
Sales: AGOx40@55.97 AGGx40@55.97 AGMx40@55.97 CELx40@55.97 BOCHx40@55.97 
Purchases: AGOx40@55.97 AGGx40@55.97 AGMx40@55.97 CELx40@55.97 BOCHx40@55.97 

2014-08-07
Cash: 218.75
Held: AGOx40@55.31 AGMx40@55.31 CELx40@55.31 BOCHx40@55.31 AGGx40@55.31 
Value: 11281.25
Sales: AGOx40@55.31 AGGx40@55.31 AGMx40@55.31 CELx40@55.31 BOCHx40@55.31 
Purchases: AGOx40@55.31 AGGx40@55.31 AGMx40@55.31 CELx40@55.31 BOCHx40@55.31 

2014-08-10
Cash: 218.75
Held: AGOx40@55.44 AGMx40@55.44 CELx40@55.44 BOCHx40@55.44 AGGx40@55.44 
Value: 11306.25
Sales: AGOx40@55.44 AGGx40@55.44 AGMx40@55.44 CELx40@55.44 BOCHx40@55.44 
Purchases: AGOx40@55.44 AGGx40@55.44 AGMx40@55.44 CELx40@55.44 BOCHx40@55.44 

2014-08-11
Cash: 218.75
Held: AGOx40@55.00 AGMx40@55.00 CELx40@55.00 BOCHx40@55.00 AGGx40@55.00 
Value: 11218.75
Sales: AGOx40@55.00 AGGx40@55.00 AGMx40@55.00 CELx40@55.00 BOCHx40@55.00 
Purchases: AGOx40@55.00 AGGx40@55.00 AGMx40@55.00 CELx40@55.00 BOCHx40@55.00 

2014-08-12
Cash: 218.75
Held: AGOx40@54.47 AGMx40@54.47 CELx40@54.47 BOCHx40@54.47 AGGx40@54.47 
Value: 11112.50
Sales: AGOx40@54.47 AGGx40@54.47 AGMx40@54.47 CELx40@54.47 BOCHx40@54.47 
Purchases: AGOx40@54.47 AGGx40@54.47 AGMx40@54.47 CELx40@54.47 BOCHx40@54.47 

2014-08-13
Cash: 218.75
Held: AGOx40@54.78 AGMx40@54.78 CELx40@54.78 BOCHx40@54.78 AGGx40@54.78 
Value: 11175.00
Sales: AGOx40@54.78 AGGx40@54.78 AGMx40@54.78 CELx40@54.78 BOCHx40@54.78 
Purchases: AGOx40@54.78 AGGx40@54.78 AGMx40@54.78 CELx40@54.78 BOCHx40@54.78 

2014-08-14
Cash: 218.75
Held: AGOx40@58.94 AGMx40@58.94 CELx40@58.94 BOCHx40@58.94 AGGx40@58.94 
Value: 12006.25
Sales: AGOx40@58.94 AGGx40@58.94 AGMx40@58.94 CELx40@58.94 BOCHx40@58.94 
Purchases: AGOx40@58.94 AGGx40@58.94 AGMx40@58.94 CELx40@58.94 BOCHx40@58.94 

2014-08-17
Cash: 218.75
Held: AGOx40@57.75 AGMx40@57.75 CELx40@57.75 BOCHx40@57.75 AGGx40@57.75 
Value: 11768.75
Sales: AGOx40@57.75 AGGx40@57.75 AGMx40@57.75 CELx40@57.75 BOCHx40@57.75 
Purchases: AGOx40@57.75 AGGx40@57.75 AGMx40@57.75 CELx40@57.75 BOCHx40@57.75 

2014-08-18
Cash: 218.75
Held: AGOx40@58.53 AGMx40@58.53 CELx40@58.53 BOCHx40@58.53 AGGx40@58.53 
Value: 11925.00
Sales: AGOx40@58.53 AGGx40@58.53 AGMx40@58.53 CELx40@58.53 BOCHx40@58.53 
Purchases: AGOx40@58.53 AGGx40@58.53 AGMx40@58.53 CELx40@58.53 BOCHx40@58.53 

2014-08-19
Cash: 218.75
Held: AGOx40@58.31 AGMx40@58.31 CELx40@58.31 BOCHx40@58.31 AGGx40@58.31 
Value: 11881.25
Sales: AGOx40@58.31 AGGx40@58.31 AGMx40@58.31 CELx40@58.31 BOCHx40@58.31 
Purchases: AGOx40@58.31 AGGx40@58.31 AGMx40@58.31 CELx40@58.31 BOCHx40@58.31 

2014-08-20
Cash: 218.75
Held: AGOx40@58.38 AGMx40@58.38 CELx40@58.38 BOCHx40@58.38 AGGx40@58.38 
Value: 11893.75
Sales: AGOx40@58.38 AGGx40@58.38 AGMx40@58.38 CELx40@58.38 BOCHx40@58.38 
Purchases: AGOx40@58.38 AGGx40@58.38 AGMx40@58.38 CELx40@58.38 BOCHx40@58.38 

2014-08-21
Cash: 218.75
Held: AGOx40@57.91 AGMx40@57.91 CELx40@57.91 BOCHx40@57.91 AGGx40@57.91 
Value: 11800.00
Sales: AGOx40@57.91 AGGx40@57.91 AGMx40@57.91 CELx40@57.91 BOCHx40@57.91 
Purchases: AGOx40@57.91 AGGx40@57.91 AGMx40@57.91 CELx40@57.91 BOCHx40@57.91 

2014-08-24
Cash: 218.75
Held: AGOx40@57.88 AGMx40@57.88 CELx40@57.88 BOCHx40@57.88 AGGx40@57.88 
Value: 11793.75
Sales: AGOx40@57.88 AGGx40@57.88 AGMx40@57.88 CELx40@57.88 BOCHx40@57.88 
Purchases: AGOx40@57.88 AGGx40@57.88 AGMx40@57.88 CELx40@57.88 BOCHx40@57.88 

2014-08-25
Cash: 218.75
Held: AGOx40@57.75 AGMx40@57.75 CELx40@57.75 BOCHx40@57.75 AGGx40@57.75 
Value: 11768.75
Sales: AGOx40@57.75 AGGx40@57.75 AGMx40@57.75 CELx40@57.75 BOCHx40@57.75 
Purchases: AGOx40@57.75 AGGx40@57.75 AGMx40@57.75 CELx40@57.75 BOCHx40@57.75 

2014-08-26
Cash: 218.75
Held: AGOx40@58.00 AGMx40@58.00 CELx40@58.00 BOCHx40@58.00 AGGx40@58.00 
Value: 11818.75
Sales: AGOx40@58.00 AGGx40@58.00 AGMx40@58.00 CELx40@58.00 BOCHx40@58.00 
Purchases: AGOx40@58.00 AGGx40@58.00 AGMx40@58.00 CELx40@58.00 BOCHx40@58.00 

2014-08-27
Cash: 218.75
Held: AGOx40@57.12 AGMx40@57.12 CELx40@57.12 BOCHx40@57.12 AGGx40@57.12 
Value: 11643.75
Sales: AGOx40@57.12 AGGx40@57.12 AGMx40@57.12 CELx40@57.12 BOCHx40@57.12 
Purchases: AGOx40@57.12 AGGx40@57.12 AGMx40@57.12 CELx40@57.12 BOCHx40@57.12 

2014-08-28
Cash: 218.75
Held: AGOx40@57.34 AGMx40@57.34 CELx40@57.34 BOCHx40@57.34 AGGx40@57.34 
Value: 11687.50
Sales: AGOx40@57.34 AGGx40@57.34 AGMx40@57.34 CELx40@57.34 BOCHx40@57.34 
Purchases: AGOx40@57.34 AGGx40@57.34 AGMx40@57.34 CELx40@57.34 BOCHx40@57.34 

2014-09-01
Cash: 218.75
Held: AGOx40@57.22 AGMx40@57.22 CELx40@57.22 BOCHx40@57.22 AGGx40@57.22 
Value: 11662.50
Sales: AGOx40@57.22 AGGx40@57.22 AGMx40@57.22 CELx40@57.22 BOCHx40@57.22 
Purchases: AGOx40@57.22 AGGx40@57.22 AGMx40@57.22 CELx40@57.22 BOCHx40@57.22 

2014-09-02
Cash: 218.75
Held: AGOx40@58.22 AGMx40@58.22 CELx40@58.22 BOCHx40@58.22 AGGx40@58.22 
Value: 11862.50
Sales: AGOx40@58.22 AGGx40@58.22 AGMx40@58.22 CELx40@58.22 BOCHx40@58.22 
Purchases: AGOx40@58.22 AGGx40@58.22 AGMx40@58.22 CELx40@58.22 BOCHx40@58.22 

2014-09-03
Cash: 218.75
Held: AGOx40@58.12 AGMx40@58.12 CELx40@58.12 BOCHx40@58.12 AGGx40@58.12 
Value: 11843.75
Sales: AGOx40@58.12 AGGx40@58.12 AGMx40@58.12 CELx40@58.12 BOCHx40@58.12 
Purchases: AGOx40@58.12 AGGx40@58.12 AGMx40@58.12 CELx40@58.12 BOCHx40@58.12 

2014-09-04
Cash: 218.75
Held: AGOx40@57.59 AGMx40@57.59 CELx40@57.59 BOCHx40@57.59 AGGx40@57.59 
Value: 11737.50
Sales: AGOx40@57.59 AGGx40@57.59 AGMx40@57.59 CELx40@57.59 BOCHx40@57.59 
Purchases: AGOx40@57.59 AGGx40@57.59 AGMx40@57.59 CELx40@57.59 BOCHx40@57.59 

2014-09-07
Cash: 218.75
Held: AGOx40@57.72 AGMx40@57.72 CELx40@57.72 BOCHx40@57.72 AGGx40@57.72 
Value: 11762.50
Sales: AGOx40@57.72 AGGx40@57.72 AGMx40@57.72 CELx40@57.72 BOCHx40@57.72 
Purchases: AGOx40@57.72 AGGx40@57.72 AGMx40@57.72 CELx40@57.72 BOCHx40@57.72 

2014-09-08
Cash: 218.75
Held: AGOx40@57.69 AGMx40@57.69 CELx40@57.69 BOCHx40@57.69 AGGx40@57.69 
Value: 11756.25
Sales: AGOx40@57.69 AGGx40@57.69 AGMx40@57.69 CELx40@57.69 BOCHx40@57.69 
Purchases: AGOx40@57.69 AGGx40@57.69 AGMx40@57.69 CELx40@57.69 BOCHx40@57.69 

