2014-08-05
Cash: 10000.00
Held: 
Value: 10000.00
Sales: 
Purchases: AGOx36@55.22 AGGx36@55.22 AGMx36@55.22 CELx36@55.22 BOCHx36@55.22 

2014-08-06
Cash: 60.62
Held: AGOx36@55.97 AGMx36@55.97 CELx36@55.97 BOCHx36@55.97 AGGx36@55.97 
Value: 10135.00
Sales: AGOx36@55.97 AGGx36@55.97 AGMx36@55.97 CELx36@55.97 BOCHx36@55.97 
Purchases: AGOx36@55.97 AGGx36@55.97 AGMx36@55.97 CELx36@55.97 BOCHx36@55.97 

2014-08-07
Cash: 60.62
Held: AGOx36@55.31 AGMx36@55.31 CELx36@55.31 BOCHx36@55.31 AGGx36@55.31 
Value: 10016.88
Sales: AGOx36@55.31 AGGx36@55.31 AGMx36@55.31 CELx36@55.31 BOCHx36@55.31 
Purchases: AGOx36@55.31 AGGx36@55.31 AGMx36@55.31 CELx36@55.31 BOCHx36@55.31 

2014-08-10
Cash: 60.62
Held: AGOx36@55.44 AGMx36@55.44 CELx36@55.44 BOCHx36@55.44 AGGx36@55.44 
Value: 10039.38
Sales: AGOx36@55.44 AGGx36@55.44 AGMx36@55.44 CELx36@55.44 BOCHx36@55.44 
Purchases: AGOx36@55.44 AGGx36@55.44 AGMx36@55.44 CELx36@55.44 BOCHx36@55.44 

2014-08-11
Cash: 60.62
Held: AGOx36@55.00 AGMx36@55.00 CELx36@55.00 BOCHx36@55.00 AGGx36@55.00 
Value: 9960.62
Sales: AGOx36@55.00 AGGx36@55.00 AGMx36@55.00 CELx36@55.00 BOCHx36@55.00 
Purchases: AGOx36@55.00 AGGx36@55.00 AGMx36@55.00 CELx36@55.00 BOCHx36@55.00 

2014-08-12
Cash: 60.62
Held: AGOx36@54.47 AGMx36@54.47 CELx36@54.47 BOCHx36@54.47 AGGx36@54.47 
Value: 9865.00
Sales: AGOx36@54.47 AGGx36@54.47 AGMx36@54.47 CELx36@54.47 BOCHx36@54.47 
Purchases: AGOx36@54.47 AGGx36@54.47 AGMx36@54.47 CELx36@54.47 BOCHx36@54.47 

2014-08-13
Cash: 60.62
Held: AGOx36@54.78 AGMx36@54.78 CELx36@54.78 BOCHx36@54.78 AGGx36@54.78 
Value: 9921.25
Sales: AGOx36@54.78 AGGx36@54.78 AGMx36@54.78 CELx36@54.78 BOCHx36@54.78 
Purchases: AGOx36@54.78 AGGx36@54.78 AGMx36@54.78 CELx36@54.78 BOCHx36@54.78 

2014-08-14
Cash: 60.62
Held: AGOx36@58.94 AGMx36@58.94 CELx36@58.94 BOCHx36@58.94 AGGx36@58.94 
Value: 10669.38
Sales: AGOx36@58.94 AGGx36@58.94 AGMx36@58.94 CELx36@58.94 BOCHx36@58.94 
Purchases: AGOx36@58.94 AGGx36@58.94 AGMx36@58.94 CELx36@58.94 BOCHx36@58.94 

2014-08-17
Cash: 60.62
Held: AGOx36@57.75 AGMx36@57.75 CELx36@57.75 BOCHx36@57.75 AGGx36@57.75 
Value: 10455.62
Sales: AGOx36@57.75 AGGx36@57.75 AGMx36@57.75 CELx36@57.75 BOCHx36@57.75 
Purchases: AGOx36@57.75 AGGx36@57.75 AGMx36@57.75 CELx36@57.75 BOCHx36@57.75 

2014-08-18
Cash: 60.62
Held: AGOx36@58.53 AGMx36@58.53 CELx36@58.53 BOCHx36@58.53 AGGx36@58.53 
Value: 10596.25
Sales: AGOx36@58.53 AGGx36@58.53 AGMx36@58.53 CELx36@58.53 BOCHx36@58.53 
Purchases: AGOx36@58.53 AGGx36@58.53 AGMx36@58.53 CELx36@58.53 BOCHx36@58.53 

2014-08-19
Cash: 60.62
Held: AGOx36@58.31 AGMx36@58.31 CELx36@58.31 BOCHx36@58.31 AGGx36@58.31 
Value: 10556.88
Sales: AGOx36@58.31 AGGx36@58.31 AGMx36@58.31 CELx36@58.31 BOCHx36@58.31 
Purchases: AGOx36@58.31 AGGx36@58.31 AGMx36@58.31 CELx36@58.31 BOCHx36@58.31 

2014-08-20
Cash: 60.62
Held: AGOx36@58.38 AGMx36@58.38 CELx36@58.38 BOCHx36@58.38 AGGx36@58.38 
Value: 10568.12
Sales: AGOx36@58.38 AGGx36@58.38 AGMx36@58.38 CELx36@58.38 BOCHx36@58.38 
Purchases: AGOx36@58.38 AGGx36@58.38 AGMx36@58.38 CELx36@58.38 BOCHx36@58.38 

2014-08-21
Cash: 60.62
Held: AGOx36@57.91 AGMx36@57.91 CELx36@57.91 BOCHx36@57.91 AGGx36@57.91 
Value: 10483.75
Sales: AGOx36@57.91 AGGx36@57.91 AGMx36@57.91 CELx36@57.91 BOCHx36@57.91 
Purchases: AGOx36@57.91 AGGx36@57.91 AGMx36@57.91 CELx36@57.91 BOCHx36@57.91 

2014-08-24
Cash: 60.62
Held: AGOx36@57.88 AGMx36@57.88 CELx36@57.88 BOCHx36@57.88 AGGx36@57.88 
Value: 10478.12
Sales: AGOx36@57.88 AGGx36@57.88 AGMx36@57.88 CELx36@57.88 BOCHx36@57.88 
Purchases: AGOx36@57.88 AGGx36@57.88 AGMx36@57.88 CELx36@57.88 BOCHx36@57.88 

2014-08-25
Cash: 60.62
Held: AGOx36@57.75 AGMx36@57.75 CELx36@57.75 BOCHx36@57.75 AGGx36@57.75 
Value: 10455.62
Sales: AGOx36@57.75 AGGx36@57.75 AGMx36@57.75 CELx36@57.75 BOCHx36@57.75 
Purchases: AGOx36@57.75 AGGx36@57.75 AGMx36@57.75 CELx36@57.75 BOCHx36@57.75 

2014-08-26
Cash: 60.62
Held: AGOx36@58.00 AGMx36@58.00 CELx36@58.00 BOCHx36@58.00 AGGx36@58.00 
Value: 10500.62
Sales: AGOx36@58.00 AGGx36@58.00 AGMx36@58.00 CELx36@58.00 BOCHx36@58.00 
Purchases: AGOx36@58.00 AGGx36@58.00 AGMx36@58.00 CELx36@58.00 BOCHx36@58.00 

2014-08-27
Cash: 60.62
Held: AGOx36@57.12 AGMx36@57.12 CELx36@57.12 BOCHx36@57.12 AGGx36@57.12 
Value: 10343.12
Sales: AGOx36@57.12 AGGx36@57.12 AGMx36@57.12 CELx36@57.12 BOCHx36@57.12 
Purchases: AGOx36@57.12 AGGx36@57.12 AGMx36@57.12 CELx36@57.12 BOCHx36@57.12 

2014-08-28
Cash: 60.62
Held: AGOx36@57.34 AGMx36@57.34 CELx36@57.34 BOCHx36@57.34 AGGx36@57.34 
Value: 10382.50
Sales: AGOx36@57.34 AGGx36@57.34 AGMx36@57.34 CELx36@57.34 BOCHx36@57.34 
Purchases: AGOx36@57.34 AGGx36@57.34 AGMx36@57.34 CELx36@57.34 BOCHx36@57.34 

2014-09-01
Cash: 60.62
Held: AGOx36@57.22 AGMx36@57.22 CELx36@57.22 BOCHx36@57.22 AGGx36@57.22 
Value: 10360.00
Sales: AGOx36@57.22 AGGx36@57.22 AGMx36@57.22 CELx36@57.22 BOCHx36@57.22 
Purchases: AGOx36@57.22 AGGx36@57.22 AGMx36@57.22 CELx36@57.22 BOCHx36@57.22 

2014-09-02
Cash: 60.62
Held: AGOx36@58.22 AGMx36@58.22 CELx36@58.22 BOCHx36@58.22 AGGx36@58.22 
Value: 10540.00
Sales: AGOx36@58.22 AGGx36@58.22 AGMx36@58.22 CELx36@58.22 BOCHx36@58.22 
Purchases: AGOx36@58.22 AGGx36@58.22 AGMx36@58.22 CELx36@58.22 BOCHx36@58.22 

2014-09-03
Cash: 60.62
Held: AGOx36@58.12 AGMx36@58.12 CELx36@58.12 BOCHx36@58.12 AGGx36@58.12 
Value: 10523.12
Sales: AGOx36@58.12 AGGx36@58.12 AGMx36@58.12 CELx36@58.12 BOCHx36@58.12 
Purchases: AGOx36@58.12 AGGx36@58.12 AGMx36@58.12 CELx36@58.12 BOCHx36@58.12 

2014-09-04
Cash: 60.62
Held: AGOx36@57.59 AGMx36@57.59 CELx36@57.59 BOCHx36@57.59 AGGx36@57.59 
Value: 10427.50
Sales: AGOx36@57.59 AGGx36@57.59 AGMx36@57.59 CELx36@57.59 BOCHx36@57.59 
Purchases: AGOx36@57.59 AGGx36@57.59 AGMx36@57.59 CELx36@57.59 BOCHx36@57.59 

2014-09-07
Cash: 60.62
Held: AGOx36@57.72 AGMx36@57.72 CELx36@57.72 BOCHx36@57.72 AGGx36@57.72 
Value: 10450.00
Sales: AGOx36@57.72 AGGx36@57.72 AGMx36@57.72 CELx36@57.72 BOCHx36@57.72 
Purchases: AGOx36@57.72 AGGx36@57.72 AGMx36@57.72 CELx36@57.72 BOCHx36@57.72 

2014-09-08
Cash: 60.62
Held: AGOx36@57.69 AGMx36@57.69 CELx36@57.69 BOCHx36@57.69 AGGx36@57.69 
Value: 10444.38
Sales: AGOx36@57.69 AGGx36@57.69 AGMx36@57.69 CELx36@57.69 BOCHx36@57.69 
Purchases: AGOx36@57.69 AGGx36@57.69 AGMx36@57.69 CELx36@57.69 BOCHx36@57.69 

2014-09-09
Cash: 60.62
Held: AGOx36@57.59 AGMx36@57.59 CELx36@57.59 BOCHx36@57.59 AGGx36@57.59 
Value: 10427.50
Sales: AGOx36@57.59 AGGx36@57.59 AGMx36@57.59 CELx36@57.59 BOCHx36@57.59 
Purchases: AGOx36@57.59 AGGx36@57.59 AGMx36@57.59 CELx36@57.59 BOCHx36@57.59 

2014-09-10
Cash: 60.62
Held: AGOx36@57.53 AGMx36@57.53 CELx36@57.53 BOCHx36@57.53 AGGx36@57.53 
Value: 10416.25
Sales: AGOx36@57.53 AGGx36@57.53 AGMx36@57.53 CELx36@57.53 BOCHx36@57.53 
Purchases: AGOx36@57.53 AGGx36@57.53 AGMx36@57.53 CELx36@57.53 BOCHx36@57.53 

2014-09-11
Cash: 60.62
Held: AGOx36@57.62 AGMx36@57.62 CELx36@57.62 BOCHx36@57.62 AGGx36@57.62 
Value: 10433.12
Sales: AGOx36@57.62 AGGx36@57.62 AGMx36@57.62 CELx36@57.62 BOCHx36@57.62 
Purchases: AGOx36@57.62 AGGx36@57.62 AGMx36@57.62 CELx36@57.62 BOCHx36@57.62 

2014-09-14
Cash: 60.62
Held: AGOx36@58.50 AGMx36@58.50 CELx36@58.50 BOCHx36@58.50 AGGx36@58.50 
Value: 10590.62
Sales: AGOx36@58.50 AGGx36@58.50 AGMx36@58.50 CELx36@58.50 BOCHx36@58.50 
Purchases: AGOx36@58.50 AGGx36@58.50 AGMx36@58.50 CELx36@58.50 BOCHx36@58.50 

2014-09-15
Cash: 60.62
Held: AGOx36@57.81 AGMx36@57.81 CELx36@57.81 BOCHx36@57.81 AGGx36@57.81 
Value: 10466.88
Sales: AGOx36@57.81 AGGx36@57.81 AGMx36@57.81 CELx36@57.81 BOCHx36@57.81 
Purchases: AGOx36@57.81 AGGx36@57.81 AGMx36@57.81 CELx36@57.81 BOCHx36@57.81 

2014-09-16
Cash: 60.62
Held: AGOx36@58.00 AGMx36@58.00 CELx36@58.00 BOCHx36@58.00 AGGx36@58.00 
Value: 10500.62
Sales: AGOx36@58.00 AGGx36@58.00 AGMx36@58.00 CELx36@58.00 BOCHx36@58.00 
Purchases: AGOx36@58.00 AGGx36@58.00 AGMx36@58.00 CELx36@58.00 BOCHx36@58.00 

2014-09-17
Cash: 60.62
Held: AGOx36@59.19 AGMx36@59.19 CELx36@59.19 BOCHx36@59.19 AGGx36@59.19 
Value: 10714.38
Sales: AGOx36@59.19 AGGx36@59.19 AGMx36@59.19 CELx36@59.19 BOCHx36@59.19 
Purchases: AGOx36@59.19 AGGx36@59.19 AGMx36@59.19 CELx36@59.19 BOCHx36@59.19 

2014-09-18
Cash: 60.62
Held: AGOx36@58.81 AGMx36@58.81 CELx36@58.81 BOCHx36@58.81 AGGx36@58.81 
Value: 10646.88
Sales: AGOx36@58.81 AGGx36@58.81 AGMx36@58.81 CELx36@58.81 BOCHx36@58.81 
Purchases: AGOx36@58.81 AGGx36@58.81 AGMx36@58.81 CELx36@58.81 BOCHx36@58.81 

2014-09-21
Cash: 60.62
Held: AGOx36@58.12 AGMx36@58.12 CELx36@58.12 BOCHx36@58.12 AGGx36@58.12 
Value: 10523.12
Sales: AGOx36@58.12 AGGx36@58.12 AGMx36@58.12 CELx36@58.12 BOCHx36@58.12 
Purchases: AGOx36@58.12 AGGx36@58.12 AGMx36@58.12 CELx36@58.12 BOCHx36@58.12 

2014-09-22
Cash: 60.62
Held: AGOx36@57.25 AGMx36@57.25 CELx36@57.25 BOCHx36@57.25 AGGx36@57.25 
Value: 10365.62
Sales: AGOx36@57.25 AGGx36@57.25 AGMx36@57.25 CELx36@57.25 BOCHx36@57.25 
Purchases: AGOx36@57.25 AGGx36@57.25 AGMx36@57.25 CELx36@57.25 BOCHx36@57.25 

2014-09-23
Cash: 60.62
Held: AGOx36@56.88 AGMx36@56.88 CELx36@56.88 BOCHx36@56.88 AGGx36@56.88 
Value: 10298.12
Sales: AGOx36@56.88 AGGx36@56.88 AGMx36@56.88 CELx36@56.88 BOCHx36@56.88 
Purchases: AGOx36@56.88 AGGx36@56.88 AGMx36@56.88 CELx36@56.88 BOCHx36@56.88 

2014-09-24
Cash: 60.62
Held: AGOx36@57.88 AGMx36@57.88 CELx36@57.88 BOCHx36@57.88 AGGx36@57.88 
Value: 10478.12
Sales: AGOx36@57.88 AGGx36@57.88 AGMx36@57.88 CELx36@57.88 BOCHx36@57.88 
Purchases: AGOx36@57.88 AGGx36@57.88 AGMx36@57.88 CELx36@57.88 BOCHx36@57.88 

2014-09-25
Cash: 60.62
Held: AGOx36@56.78 AGMx36@56.78 CELx36@56.78 BOCHx36@56.78 AGGx36@56.78 
Value: 10281.25
Sales: AGOx36@56.78 AGGx36@56.78 AGMx36@56.78 CELx36@56.78 BOCHx36@56.78 
Purchases: AGOx36@56.78 AGGx36@56.78 AGMx36@56.78 CELx36@56.78 BOCHx36@56.78 

2014-09-28
Cash: 60.62
Held: AGOx36@56.03 AGMx36@56.03 CELx36@56.03 BOCHx36@56.03 AGGx36@56.03 
Value: 10146.25
Sales: AGOx36@56.03 AGGx36@56.03 AGMx36@56.03 CELx36@56.03 BOCHx36@56.03 
Purchases: AGOx36@56.03 AGGx36@56.03 AGMx36@56.03 CELx36@56.03 BOCHx36@56.03 

2014-09-29
Cash: 60.62
Held: AGOx36@57.22 AGMx36@57.22 CELx36@57.22 BOCHx36@57.22 AGGx36@57.22 
Value: 10360.00
Sales: AGOx36@57.22 AGGx36@57.22 AGMx36@57.22 CELx36@57.22 BOCHx36@57.22 
Purchases: AGOx36@57.22 AGGx36@57.22 AGMx36@57.22 CELx36@57.22 BOCHx36@57.22 

2014-09-30
Cash: 60.62
Held: AGOx36@56.84 AGMx36@56.84 CELx36@56.84 BOCHx36@56.84 AGGx36@56.84 
Value: 10292.50
Sales: AGOx36@56.84 AGGx36@56.84 AGMx36@56.84 CELx36@56.84 BOCHx36@56.84 
Purchases: AGOx36@56.84 AGGx36@56.84 AGMx36@56.84 CELx36@56.84 BOCHx36@56.84 

2014-10-01
Cash: 60.62
Held: AGOx36@56.12 AGMx36@56.12 CELx36@56.12 BOCHx36@56.12 AGGx36@56.12 
Value: 10163.12
Sales: AGOx36@56.12 AGGx36@56.12 AGMx36@56.12 CELx36@56.12 BOCHx36@56.12 
Purchases: AGOx36@56.12 AGGx36@56.12 AGMx36@56.12 CELx36@56.12 BOCHx36@56.12 

2014-10-02
Cash: 60.62
Held: AGOx36@56.19 AGMx36@56.19 CELx36@56.19 BOCHx36@56.19 AGGx36@56.19 
Value: 10174.38
Sales: AGOx36@56.19 AGGx36@56.19 AGMx36@56.19 CELx36@56.19 BOCHx36@56.19 
Purchases: AGOx36@56.19 AGGx36@56.19 AGMx36@56.19 CELx36@56.19 BOCHx36@56.19 

2014-10-05
Cash: 60.62
Held: AGOx36@57.06 AGMx36@57.06 CELx36@57.06 BOCHx36@57.06 AGGx36@57.06 
Value: 10331.88
Sales: AGOx36@57.06 AGGx36@57.06 AGMx36@57.06 CELx36@57.06 BOCHx36@57.06 
Purchases: AGOx36@57.06 AGGx36@57.06 AGMx36@57.06 CELx36@57.06 BOCHx36@57.06 

2014-10-06
Cash: 60.62
Held: AGOx36@56.25 AGMx36@56.25 CELx36@56.25 BOCHx36@56.25 AGGx36@56.25 
Value: 10185.62
Sales: AGOx36@56.25 AGGx36@56.25 AGMx36@56.25 CELx36@56.25 BOCHx36@56.25 
Purchases: AGOx36@56.25 AGGx36@56.25 AGMx36@56.25 CELx36@56.25 BOCHx36@56.25 

2014-10-07
Cash: 60.62
Held: AGOx36@55.06 AGMx36@55.06 CELx36@55.06 BOCHx36@55.06 AGGx36@55.06 
Value: 9971.88
Sales: AGOx36@55.06 AGGx36@55.06 AGMx36@55.06 CELx36@55.06 BOCHx36@55.06 
Purchases: AGOx36@55.06 AGGx36@55.06 AGMx36@55.06 CELx36@55.06 BOCHx36@55.06 

2014-10-08
Cash: 60.62
Held: AGOx36@56.28 AGMx36@56.28 CELx36@56.28 BOCHx36@56.28 AGGx36@56.28 
Value: 10191.25
Sales: AGOx36@56.28 AGGx36@56.28 AGMx36@56.28 CELx36@56.28 BOCHx36@56.28 
Purchases: AGOx36@56.28 AGGx36@56.28 AGMx36@56.28 CELx36@56.28 BOCHx36@56.28 

2014-10-09
Cash: 60.62
Held: AGOx36@54.91 AGMx36@54.91 CELx36@54.91 BOCHx36@54.91 AGGx36@54.91 
Value: 9943.75
Sales: AGOx36@54.91 AGGx36@54.91 AGMx36@54.91 CELx36@54.91 BOCHx36@54.91 
Purchases: AGOx36@54.91 AGGx36@54.91 AGMx36@54.91 CELx36@54.91 BOCHx36@54.91 

2014-10-12
Cash: 60.62
Held: AGOx36@53.72 AGMx36@53.72 CELx36@53.72 BOCHx36@53.72 AGGx36@53.72 
Value: 9730.00
Sales: AGOx36@53.72 AGGx36@53.72 AGMx36@53.72 CELx36@53.72 BOCHx36@53.72 
Purchases: AGOx36@53.72 AGGx36@53.72 AGMx36@53.72 CELx36@53.72 BOCHx36@53.72 

2014-10-13
Cash: 60.62
Held: AGOx36@53.03 AGMx36@53.03 CELx36@53.03 BOCHx36@53.03 AGGx36@53.03 
Value: 9606.25
Sales: AGOx36@53.03 AGGx36@53.03 AGMx36@53.03 CELx36@53.03 BOCHx36@53.03 
Purchases: AGOx36@53.03 AGGx36@53.03 AGMx36@53.03 CELx36@53.03 BOCHx36@53.03 

2014-10-14
Cash: 60.62
Held: AGOx36@50.88 AGMx36@50.88 CELx36@50.88 BOCHx36@50.88 AGGx36@50.88 
Value: 9218.12
Sales: AGOx36@50.88 AGGx36@50.88 AGMx36@50.88 CELx36@50.88 BOCHx36@50.88 
Purchases: AGOx36@50.88 AGGx36@50.88 AGMx36@50.88 CELx36@50.88 BOCHx36@50.88 

2014-10-15
Cash: 60.62
Held: AGOx36@50.78 AGMx36@50.78 CELx36@50.78 BOCHx36@50.78 AGGx36@50.78 
Value: 9201.25
Sales: AGOx36@50.78 AGGx36@50.78 AGMx36@50.78 CELx36@50.78 BOCHx36@50.78 
Purchases: AGOx36@50.78 AGGx36@50.78 AGMx36@50.78 CELx36@50.78 BOCHx36@50.78 

2014-10-16
Cash: 60.62
Held: AGOx36@52.16 AGMx36@52.16 CELx36@52.16 BOCHx36@52.16 AGGx36@52.16 
Value: 9448.75
Sales: AGOx36@52.16 AGGx36@52.16 AGMx36@52.16 CELx36@52.16 BOCHx36@52.16 
Purchases: AGOx36@52.16 AGGx36@52.16 AGMx36@52.16 CELx36@52.16 BOCHx36@52.16 

2014-10-19
Cash: 60.62
Held: AGOx36@52.06 AGMx36@52.06 CELx36@52.06 BOCHx36@52.06 AGGx36@52.06 
Value: 9431.88
Sales: AGOx36@52.06 AGGx36@52.06 AGMx36@52.06 CELx36@52.06 BOCHx36@52.06 
Purchases: AGOx36@52.06 AGGx36@52.06 AGMx36@52.06 CELx36@52.06 BOCHx36@52.06 

2014-10-20
Cash: 60.62
Held: AGOx36@52.88 AGMx36@52.88 CELx36@52.88 BOCHx36@52.88 AGGx36@52.88 
Value: 9578.12
Sales: AGOx36@52.88 AGGx36@52.88 AGMx36@52.88 CELx36@52.88 BOCHx36@52.88 
Purchases: AGOx36@52.88 AGGx36@52.88 AGMx36@52.88 CELx36@52.88 BOCHx36@52.88 

2014-10-21
Cash: 60.62
Held: AGOx36@53.78 AGMx36@53.78 CELx36@53.78 BOCHx36@53.78 AGGx36@53.78 
Value: 9741.25
Sales: AGOx36@53.78 AGGx36@53.78 AGMx36@53.78 CELx36@53.78 BOCHx36@53.78 
Purchases: AGOx36@53.78 AGGx36@53.78 AGMx36@53.78 CELx36@53.78 BOCHx36@53.78 

2014-10-22
Cash: 60.62
Held: AGOx36@53.59 AGMx36@53.59 CELx36@53.59 BOCHx36@53.59 AGGx36@53.59 
Value: 9707.50
Sales: AGOx36@53.59 AGGx36@53.59 AGMx36@53.59 CELx36@53.59 BOCHx36@53.59 
Purchases: AGOx36@53.59 AGGx36@53.59 AGMx36@53.59 CELx36@53.59 BOCHx36@53.59 

2014-10-23
Cash: 60.62
Held: AGOx36@53.69 AGMx36@53.69 CELx36@53.69 BOCHx36@53.69 AGGx36@53.69 
Value: 9724.38
Sales: AGOx36@53.69 AGGx36@53.69 AGMx36@53.69 CELx36@53.69 BOCHx36@53.69 
Purchases: AGOx36@53.69 AGGx36@53.69 AGMx36@53.69 CELx36@53.69 BOCHx36@53.69 

2014-10-26
Cash: 60.62
Held: AGOx36@53.94 AGMx36@53.94 CELx36@53.94 BOCHx36@53.94 AGGx36@53.94 
Value: 9769.38
Sales: AGOx36@53.94 AGGx36@53.94 AGMx36@53.94 CELx36@53.94 BOCHx36@53.94 
Purchases: AGOx36@53.94 AGGx36@53.94 AGMx36@53.94 CELx36@53.94 BOCHx36@53.94 

2014-10-27
Cash: 60.62
Held: AGOx36@54.12 AGMx36@54.12 CELx36@54.12 BOCHx36@54.12 AGGx36@54.12 
Value: 9803.12
Sales: AGOx36@54.12 AGGx36@54.12 AGMx36@54.12 CELx36@54.12 BOCHx36@54.12 
Purchases: AGOx36@54.12 AGGx36@54.12 AGMx36@54.12 CELx36@54.12 BOCHx36@54.12 

2014-10-28
Cash: 60.62
Held: AGOx36@54.59 AGMx36@54.59 CELx36@54.59 BOCHx36@54.59 AGGx36@54.59 
Value: 9887.50
Sales: AGOx36@54.59 AGGx36@54.59 AGMx36@54.59 CELx36@54.59 BOCHx36@54.59 
Purchases: AGOx36@54.59 AGGx36@54.59 AGMx36@54.59 CELx36@54.59 BOCHx36@54.59 

2014-10-29
Cash: 60.62
Held: AGOx36@53.91 AGMx36@53.91 CELx36@53.91 BOCHx36@53.91 AGGx36@53.91 
Value: 9763.75
Sales: AGOx36@53.91 AGGx36@53.91 AGMx36@53.91 CELx36@53.91 BOCHx36@53.91 
Purchases: AGOx36@53.91 AGGx36@53.91 AGMx36@53.91 CELx36@53.91 BOCHx36@53.91 

2014-10-30
Cash: 60.62
Held: AGOx36@55.22 AGMx36@55.22 CELx36@55.22 BOCHx36@55.22 AGGx36@55.22 
Value: 10000.00
Sales: AGOx36@55.22 AGGx36@55.22 AGMx36@55.22 CELx36@55.22 BOCHx36@55.22 
Purchases: AGOx36@55.22 AGGx36@55.22 AGMx36@55.22 CELx36@55.22 BOCHx36@55.22 

2014-11-02
Cash: 60.62
Held: AGOx36@39.91 AGMx36@39.91 CELx36@39.91 BOCHx36@39.91 AGGx36@39.91 
Value: 7243.75
Sales: AGOx36@39.91 AGGx36@39.91 AGMx36@39.91 CELx36@39.91 BOCHx36@39.91 
Purchases: AGOx36@39.91 AGGx36@39.91 AGMx36@39.91 CELx36@39.91 BOCHx36@39.91 

2014-11-03
Cash: 60.62
Held: AGOx36@40.25 AGMx36@40.25 CELx36@40.25 BOCHx36@40.25 AGGx36@40.25 
Value: 7305.62
Sales: AGOx36@40.25 AGGx36@40.25 AGMx36@40.25 CELx36@40.25 BOCHx36@40.25 
Purchases: AGOx36@40.25 AGGx36@40.25 AGMx36@40.25 CELx36@40.25 BOCHx36@40.25 

2014-11-04
Cash: 60.62
Held: AGOx36@40.62 AGMx36@40.62 CELx36@40.62 BOCHx36@40.62 AGGx36@40.62 
Value: 7373.12
Sales: AGOx36@40.62 AGGx36@40.62 AGMx36@40.62 CELx36@40.62 BOCHx36@40.62 
Purchases: AGOx36@40.62 AGGx36@40.62 AGMx36@40.62 CELx36@40.62 BOCHx36@40.62 

2014-11-05
Cash: 60.62
Held: AGOx36@40.38 AGMx36@40.38 CELx36@40.38 BOCHx36@40.38 AGGx36@40.38 
Value: 7328.12
Sales: AGOx36@40.38 AGGx36@40.38 AGMx36@40.38 CELx36@40.38 BOCHx36@40.38 
Purchases: AGOx36@40.38 AGGx36@40.38 AGMx36@40.38 CELx36@40.38 BOCHx36@40.38 

2014-11-06
Cash: 60.62
Held: AGOx36@41.38 AGMx36@41.38 CELx36@41.38 BOCHx36@41.38 AGGx36@41.38 
Value: 7508.12
Sales: AGOx36@41.38 AGGx36@41.38 AGMx36@41.38 CELx36@41.38 BOCHx36@41.38 
Purchases: AGOx36@41.38 AGGx36@41.38 AGMx36@41.38 CELx36@41.38 BOCHx36@41.38 

2014-11-09
Cash: 60.62
Held: AGOx36@40.97 AGMx36@40.97 CELx36@40.97 BOCHx36@40.97 AGGx36@40.97 
Value: 7435.00
Sales: AGOx36@40.97 AGGx36@40.97 AGMx36@40.97 CELx36@40.97 BOCHx36@40.97 
Purchases: AGOx36@40.97 AGGx36@40.97 AGMx36@40.97 CELx36@40.97 BOCHx36@40.97 

2014-11-10
Cash: 60.62
Held: AGOx36@41.53 AGMx36@41.53 CELx36@41.53 BOCHx36@41.53 AGGx36@41.53 
Value: 7536.25
Sales: AGOx36@41.53 AGGx36@41.53 AGMx36@41.53 CELx36@41.53 BOCHx36@41.53 
Purchases: AGOx36@41.53 AGGx36@41.53 AGMx36@41.53 CELx36@41.53 BOCHx36@41.53 

2014-11-11
Cash: 60.62
Held: AGOx36@41.31 AGMx36@41.31 CELx36@41.31 BOCHx36@41.31 AGGx36@41.31 
Value: 7496.88
Sales: AGOx36@41.31 AGGx36@41.31 AGMx36@41.31 CELx36@41.31 BOCHx36@41.31 
Purchases: AGOx36@41.31 AGGx36@41.31 AGMx36@41.31 CELx36@41.31 BOCHx36@41.31 

2014-11-12
Cash: 60.62
Held: AGOx36@41.56 AGMx36@41.56 CELx36@41.56 BOCHx36@41.56 AGGx36@41.56 
Value: 7541.88
Sales: AGOx36@41.56 AGGx36@41.56 AGMx36@41.56 CELx36@41.56 BOCHx36@41.56 
Purchases: AGOx36@41.56 AGGx36@41.56 AGMx36@41.56 CELx36@41.56 BOCHx36@41.56 

2014-11-13
Cash: 60.62
Held: AGOx36@41.38 AGMx36@41.38 CELx36@41.38 BOCHx36@41.38 AGGx36@41.38 
Value: 7508.12
Sales: AGOx36@41.38 AGGx36@41.38 AGMx36@41.38 CELx36@41.38 BOCHx36@41.38 
Purchases: AGOx36@41.38 AGGx36@41.38 AGMx36@41.38 CELx36@41.38 BOCHx36@41.38 

2014-11-16
Cash: 60.62
Held: AGOx36@41.56 AGMx36@41.56 CELx36@41.56 BOCHx36@41.56 AGGx36@41.56 
Value: 7541.88
Sales: AGOx36@41.56 AGGx36@41.56 AGMx36@41.56 CELx36@41.56 BOCHx36@41.56 
Purchases: AGOx36@41.56 AGGx36@41.56 AGMx36@41.56 CELx36@41.56 BOCHx36@41.56 

2014-11-17
Cash: 60.62
Held: AGOx36@40.25 AGMx36@40.25 CELx36@40.25 BOCHx36@40.25 AGGx36@40.25 
Value: 7305.62
Sales: AGOx36@40.25 AGGx36@40.25 AGMx36@40.25 CELx36@40.25 BOCHx36@40.25 
Purchases: AGOx36@40.25 AGGx36@40.25 AGMx36@40.25 CELx36@40.25 BOCHx36@40.25 

2014-11-18
Cash: 60.62
Held: AGOx36@40.81 AGMx36@40.81 CELx36@40.81 BOCHx36@40.81 AGGx36@40.81 
Value: 7406.88
Sales: AGOx36@40.81 AGGx36@40.81 AGMx36@40.81 CELx36@40.81 BOCHx36@40.81 
Purchases: AGOx36@40.81 AGGx36@40.81 AGMx36@40.81 CELx36@40.81 BOCHx36@40.81 

2014-11-19
Cash: 60.62
Held: AGOx36@40.56 AGMx36@40.56 CELx36@40.56 BOCHx36@40.56 AGGx36@40.56 
Value: 7361.88
Sales: AGOx36@40.56 AGGx36@40.56 AGMx36@40.56 CELx36@40.56 BOCHx36@40.56 
Purchases: AGOx36@40.56 AGGx36@40.56 AGMx36@40.56 CELx36@40.56 BOCHx36@40.56 

2014-11-20
Cash: 60.62
Held: AGOx36@41.75 AGMx36@41.75 CELx36@41.75 BOCHx36@41.75 AGGx36@41.75 
Value: 7575.62
Sales: AGOx36@41.75 AGGx36@41.75 AGMx36@41.75 CELx36@41.75 BOCHx36@41.75 
Purchases: AGOx36@41.75 AGGx36@41.75 AGMx36@41.75 CELx36@41.75 BOCHx36@41.75 

2014-11-23
Cash: 60.62
Held: AGOx36@42.44 AGMx36@42.44 CELx36@42.44 BOCHx36@42.44 AGGx36@42.44 
Value: 7699.38
Sales: AGOx36@42.44 AGGx36@42.44 AGMx36@42.44 CELx36@42.44 BOCHx36@42.44 
Purchases: AGOx36@42.44 AGGx36@42.44 AGMx36@42.44 CELx36@42.44 BOCHx36@42.44 

2014-11-24
Cash: 60.62
Held: AGOx36@42.34 AGMx36@42.34 CELx36@42.34 BOCHx36@42.34 AGGx36@42.34 
Value: 7682.50
Sales: AGOx36@42.34 AGGx36@42.34 AGMx36@42.34 CELx36@42.34 BOCHx36@42.34 
Purchases: AGOx36@42.34 AGGx36@42.34 AGMx36@42.34 CELx36@42.34 BOCHx36@42.34 

2014-11-25
Cash: 60.62
Held: AGOx36@42.69 AGMx36@42.69 CELx36@42.69 BOCHx36@42.69 AGGx36@42.69 
Value: 7744.38
Sales: AGOx36@42.69 AGGx36@42.69 AGMx36@42.69 CELx36@42.69 BOCHx36@42.69 
Purchases: AGOx36@42.69 AGGx36@42.69 AGMx36@42.69 CELx36@42.69 BOCHx36@42.69 

2014-11-27
Cash: 60.62
Held: AGOx36@42.75 AGMx36@42.75 CELx36@42.75 BOCHx36@42.75 AGGx36@42.75 
Value: 7755.62
Sales: AGOx36@42.75 AGGx36@42.75 AGMx36@42.75 CELx36@42.75 BOCHx36@42.75 
Purchases: AGOx36@42.75 AGGx36@42.75 AGMx36@42.75 CELx36@42.75 BOCHx36@42.75 

2014-11-30
Cash: 60.62
Held: AGOx36@42.69 AGMx36@42.69 CELx36@42.69 BOCHx36@42.69 AGGx36@42.69 
Value: 7744.38
Sales: AGOx36@42.69 AGGx36@42.69 AGMx36@42.69 CELx36@42.69 BOCHx36@42.69 
Purchases: AGOx36@42.69 AGGx36@42.69 AGMx36@42.69 CELx36@42.69 BOCHx36@42.69 

2014-12-01
Cash: 60.62
Held: AGOx36@41.59 AGMx36@41.59 CELx36@41.59 BOCHx36@41.59 AGGx36@41.59 
Value: 7547.50
Sales: AGOx36@41.59 AGGx36@41.59 AGMx36@41.59 CELx36@41.59 BOCHx36@41.59 
Purchases: AGOx36@41.59 AGGx36@41.59 AGMx36@41.59 CELx36@41.59 BOCHx36@41.59 

2014-12-02
Cash: 60.62
Held: AGOx36@41.97 AGMx36@41.97 CELx36@41.97 BOCHx36@41.97 AGGx36@41.97 
Value: 7615.00
Sales: AGOx36@41.97 AGGx36@41.97 AGMx36@41.97 CELx36@41.97 BOCHx36@41.97 
Purchases: AGOx36@41.97 AGGx36@41.97 AGMx36@41.97 CELx36@41.97 BOCHx36@41.97 

2014-12-03
Cash: 60.62
Held: AGOx36@42.16 AGMx36@42.16 CELx36@42.16 BOCHx36@42.16 AGGx36@42.16 
Value: 7648.75
Sales: AGOx36@42.16 AGGx36@42.16 AGMx36@42.16 CELx36@42.16 BOCHx36@42.16 
Purchases: AGOx36@42.16 AGGx36@42.16 AGMx36@42.16 CELx36@42.16 BOCHx36@42.16 

2014-12-04
Cash: 60.62
Held: AGOx36@42.22 AGMx36@42.22 CELx36@42.22 BOCHx36@42.22 AGGx36@42.22 
Value: 7660.00
Sales: AGOx36@42.22 AGGx36@42.22 AGMx36@42.22 CELx36@42.22 BOCHx36@42.22 
Purchases: AGOx36@42.22 AGGx36@42.22 AGMx36@42.22 CELx36@42.22 BOCHx36@42.22 

2014-12-07
Cash: 60.62
Held: AGOx36@42.22 AGMx36@42.22 CELx36@42.22 BOCHx36@42.22 AGGx36@42.22 
Value: 7660.00
Sales: AGOx36@42.22 AGGx36@42.22 AGMx36@42.22 CELx36@42.22 BOCHx36@42.22 
Purchases: AGOx36@42.22 AGGx36@42.22 AGMx36@42.22 CELx36@42.22 BOCHx36@42.22 

2014-12-08
Cash: 60.62
Held: AGOx36@41.00 AGMx36@41.00 CELx36@41.00 BOCHx36@41.00 AGGx36@41.00 
Value: 7440.62
Sales: AGOx36@41.00 AGGx36@41.00 AGMx36@41.00 CELx36@41.00 BOCHx36@41.00 
Purchases: AGOx36@41.00 AGGx36@41.00 AGMx36@41.00 CELx36@41.00 BOCHx36@41.00 

2014-12-09
Cash: 60.62
Held: AGOx36@41.38 AGMx36@41.38 CELx36@41.38 BOCHx36@41.38 AGGx36@41.38 
Value: 7508.12
Sales: AGOx36@41.38 AGGx36@41.38 AGMx36@41.38 CELx36@41.38 BOCHx36@41.38 
Purchases: AGOx36@41.38 AGGx36@41.38 AGMx36@41.38 CELx36@41.38 BOCHx36@41.38 

2014-12-10
Cash: 60.62
Held: AGOx36@40.50 AGMx36@40.50 CELx36@40.50 BOCHx36@40.50 AGGx36@40.50 
Value: 7350.62
Sales: AGOx36@40.50 AGGx36@40.50 AGMx36@40.50 CELx36@40.50 BOCHx36@40.50 
Purchases: AGOx36@40.50 AGGx36@40.50 AGMx36@40.50 CELx36@40.50 BOCHx36@40.50 

2014-12-11
Cash: 60.62
Held: AGOx36@40.19 AGMx36@40.19 CELx36@40.19 BOCHx36@40.19 AGGx36@40.19 
Value: 7294.38
Sales: AGOx36@40.19 AGGx36@40.19 AGMx36@40.19 CELx36@40.19 BOCHx36@40.19 
Purchases: AGOx36@40.19 AGGx36@40.19 AGMx36@40.19 CELx36@40.19 BOCHx36@40.19 

2014-12-14
Cash: 60.62
Held: AGOx36@40.06 AGMx36@40.06 CELx36@40.06 BOCHx36@40.06 AGGx36@40.06 
Value: 7271.88
Sales: AGOx36@40.06 AGGx36@40.06 AGMx36@40.06 CELx36@40.06 BOCHx36@40.06 
Purchases: AGOx36@40.06 AGGx36@40.06 AGMx36@40.06 CELx36@40.06 BOCHx36@40.06 

2014-12-15
Cash: 60.62
Held: AGOx36@38.31 AGMx36@38.31 CELx36@38.31 BOCHx36@38.31 AGGx36@38.31 
Value: 6956.88
Sales: AGOx36@38.31 AGGx36@38.31 AGMx36@38.31 CELx36@38.31 BOCHx36@38.31 
Purchases: AGOx36@38.31 AGGx36@38.31 AGMx36@38.31 CELx36@38.31 BOCHx36@38.31 

2014-12-16
Cash: 60.62
Held: AGOx36@38.34 AGMx36@38.34 CELx36@38.34 BOCHx36@38.34 AGGx36@38.34 
Value: 6962.50
Sales: AGOx36@38.34 AGGx36@38.34 AGMx36@38.34 CELx36@38.34 BOCHx36@38.34 
Purchases: AGOx36@38.34 AGGx36@38.34 AGMx36@38.34 CELx36@38.34 BOCHx36@38.34 

2014-12-17
Cash: 60.62
Held: AGOx36@40.47 AGMx36@40.47 CELx36@40.47 BOCHx36@40.47 AGGx36@40.47 
Value: 7345.00
Sales: AGOx36@40.47 AGGx36@40.47 AGMx36@40.47 CELx36@40.47 BOCHx36@40.47 
Purchases: AGOx36@40.47 AGGx36@40.47 AGMx36@40.47 CELx36@40.47 BOCHx36@40.47 

2014-12-18
Cash: 60.62
Held: AGOx36@40.91 AGMx36@40.91 CELx36@40.91 BOCHx36@40.91 AGGx36@40.91 
Value: 7423.75
Sales: AGOx36@40.91 AGGx36@40.91 AGMx36@40.91 CELx36@40.91 BOCHx36@40.91 
Purchases: AGOx36@40.91 AGGx36@40.91 AGMx36@40.91 CELx36@40.91 BOCHx36@40.91 

2014-12-21
Cash: 60.62
Held: AGOx36@41.38 AGMx36@41.38 CELx36@41.38 BOCHx36@41.38 AGGx36@41.38 
Value: 7508.12
Sales: AGOx36@41.38 AGGx36@41.38 AGMx36@41.38 CELx36@41.38 BOCHx36@41.38 
Purchases: AGOx36@41.38 AGGx36@41.38 AGMx36@41.38 CELx36@41.38 BOCHx36@41.38 

2014-12-22
Cash: 60.62
Held: AGOx36@41.97 AGMx36@41.97 CELx36@41.97 BOCHx36@41.97 AGGx36@41.97 
Value: 7615.00
Sales: AGOx36@41.97 AGGx36@41.97 AGMx36@41.97 CELx36@41.97 BOCHx36@41.97 
Purchases: AGOx36@41.97 AGGx36@41.97 AGMx36@41.97 CELx36@41.97 BOCHx36@41.97 

2014-12-23
Cash: 60.62
Held: AGOx36@41.41 AGMx36@41.41 CELx36@41.41 BOCHx36@41.41 AGGx36@41.41 
Value: 7513.75
Sales: AGOx36@41.41 AGGx36@41.41 AGMx36@41.41 CELx36@41.41 BOCHx36@41.41 
Purchases: AGOx36@41.41 AGGx36@41.41 AGMx36@41.41 CELx36@41.41 BOCHx36@41.41 

2014-12-25
Cash: 60.62
Held: AGOx36@41.34 AGMx36@41.34 CELx36@41.34 BOCHx36@41.34 AGGx36@41.34 
Value: 7502.50
Sales: AGOx36@41.34 AGGx36@41.34 AGMx36@41.34 CELx36@41.34 BOCHx36@41.34 
Purchases: AGOx36@41.34 AGGx36@41.34 AGMx36@41.34 CELx36@41.34 BOCHx36@41.34 

2014-12-28
Cash: 60.62
Held: AGOx36@41.38 AGMx36@41.38 CELx36@41.38 BOCHx36@41.38 AGGx36@41.38 
Value: 7508.12
Sales: AGOx36@41.38 AGGx36@41.38 AGMx36@41.38 CELx36@41.38 BOCHx36@41.38 
Purchases: AGOx36@41.38 AGGx36@41.38 AGMx36@41.38 CELx36@41.38 BOCHx36@41.38 

2014-12-29
Cash: 60.62
Held: AGOx36@41.22 AGMx36@41.22 CELx36@41.22 BOCHx36@41.22 AGGx36@41.22 
Value: 7480.00
Sales: AGOx36@41.22 AGGx36@41.22 AGMx36@41.22 CELx36@41.22 BOCHx36@41.22 
Purchases: AGOx36@41.22 AGGx36@41.22 AGMx36@41.22 CELx36@41.22 BOCHx36@41.22 

2014-12-30
Cash: 60.62
Held: AGOx36@41.38 AGMx36@41.38 CELx36@41.38 BOCHx36@41.38 AGGx36@41.38 
Value: 7508.12
Sales: AGOx36@41.38 AGGx36@41.38 AGMx36@41.38 CELx36@41.38 BOCHx36@41.38 
Purchases: AGOx36@41.38 AGGx36@41.38 AGMx36@41.38 CELx36@41.38 BOCHx36@41.38 

2015-01-01
Cash: 60.62
Held: AGOx36@41.19 AGMx36@41.19 CELx36@41.19 BOCHx36@41.19 AGGx36@41.19 
Value: 7474.38
Sales: AGOx36@41.19 AGGx36@41.19 AGMx36@41.19 CELx36@41.19 BOCHx36@41.19 
Purchases: AGOx36@41.19 AGGx36@41.19 AGMx36@41.19 CELx36@41.19 BOCHx36@41.19 

2015-01-04
Cash: 60.62
Held: AGOx36@40.31 AGMx36@40.31 CELx36@40.31 BOCHx36@40.31 AGGx36@40.31 
Value: 7316.88
Sales: AGOx36@40.31 AGGx36@40.31 AGMx36@40.31 CELx36@40.31 BOCHx36@40.31 
Purchases: AGOx36@40.31 AGGx36@40.31 AGMx36@40.31 CELx36@40.31 BOCHx36@40.31 

2015-01-05
Cash: 60.62
Held: AGOx36@39.81 AGMx36@39.81 CELx36@39.81 BOCHx36@39.81 AGGx36@39.81 
Value: 7226.88
Sales: AGOx36@39.81 AGGx36@39.81 AGMx36@39.81 CELx36@39.81 BOCHx36@39.81 
Purchases: AGOx36@39.81 AGGx36@39.81 AGMx36@39.81 CELx36@39.81 BOCHx36@39.81 

2015-01-06
Cash: 60.62
Held: AGOx36@39.53 AGMx36@39.53 CELx36@39.53 BOCHx36@39.53 AGGx36@39.53 
Value: 7176.25
Sales: AGOx36@39.53 AGGx36@39.53 AGMx36@39.53 CELx36@39.53 BOCHx36@39.53 
Purchases: AGOx36@39.53 AGGx36@39.53 AGMx36@39.53 CELx36@39.53 BOCHx36@39.53 

2015-01-07
Cash: 60.62
Held: AGOx36@40.25 AGMx36@40.25 CELx36@40.25 BOCHx36@40.25 AGGx36@40.25 
Value: 7305.62
Sales: AGOx36@40.25 AGGx36@40.25 AGMx36@40.25 CELx36@40.25 BOCHx36@40.25 
Purchases: AGOx36@40.25 AGGx36@40.25 AGMx36@40.25 CELx36@40.25 BOCHx36@40.25 

2015-01-08
Cash: 60.62
Held: AGOx36@41.00 AGMx36@41.00 CELx36@41.00 BOCHx36@41.00 AGGx36@41.00 
Value: 7440.62
Sales: AGOx36@41.00 AGGx36@41.00 AGMx36@41.00 CELx36@41.00 BOCHx36@41.00 
Purchases: AGOx36@41.00 AGGx36@41.00 AGMx36@41.00 CELx36@41.00 BOCHx36@41.00 

2015-01-11
Cash: 60.62
Held: AGOx36@40.62 AGMx36@40.62 CELx36@40.62 BOCHx36@40.62 AGGx36@40.62 
Value: 7373.12
Sales: AGOx36@40.62 AGGx36@40.62 AGMx36@40.62 CELx36@40.62 BOCHx36@40.62 
Purchases: AGOx36@40.62 AGGx36@40.62 AGMx36@40.62 CELx36@40.62 BOCHx36@40.62 

2015-01-12
Cash: 60.62
Held: AGOx36@40.47 AGMx36@40.47 CELx36@40.47 BOCHx36@40.47 AGGx36@40.47 
Value: 7345.00
Sales: AGOx36@40.47 AGGx36@40.47 AGMx36@40.47 CELx36@40.47 BOCHx36@40.47 
Purchases: AGOx36@40.47 AGGx36@40.47 AGMx36@40.47 CELx36@40.47 BOCHx36@40.47 

2015-01-13
Cash: 60.62
Held: AGOx36@39.03 AGMx36@39.03 CELx36@39.03 BOCHx36@39.03 AGGx36@39.03 
Value: 7086.25
Sales: AGOx36@39.03 AGGx36@39.03 AGMx36@39.03 CELx36@39.03 BOCHx36@39.03 
Purchases: AGOx36@39.03 AGGx36@39.03 AGMx36@39.03 CELx36@39.03 BOCHx36@39.03 

2015-01-14
Cash: 60.62
Held: AGOx36@39.34 AGMx36@39.34 CELx36@39.34 BOCHx36@39.34 AGGx36@39.34 
Value: 7142.50
Sales: AGOx36@39.34 AGGx36@39.34 AGMx36@39.34 CELx36@39.34 BOCHx36@39.34 
Purchases: AGOx36@39.34 AGGx36@39.34 AGMx36@39.34 CELx36@39.34 BOCHx36@39.34 

2015-01-15
Cash: 60.62
Held: AGOx36@37.84 AGMx36@37.84 CELx36@37.84 BOCHx36@37.84 AGGx36@37.84 
Value: 6872.50
Sales: AGOx36@37.84 AGGx36@37.84 AGMx36@37.84 CELx36@37.84 BOCHx36@37.84 
Purchases: AGOx36@37.84 AGGx36@37.84 AGMx36@37.84 CELx36@37.84 BOCHx36@37.84 

2015-01-19
Cash: 60.62
Held: AGOx36@38.44 AGMx36@38.44 CELx36@38.44 BOCHx36@38.44 AGGx36@38.44 
Value: 6979.38
Sales: AGOx36@38.44 AGGx36@38.44 AGMx36@38.44 CELx36@38.44 BOCHx36@38.44 
Purchases: AGOx36@38.44 AGGx36@38.44 AGMx36@38.44 CELx36@38.44 BOCHx36@38.44 

2015-01-20
Cash: 60.62
Held: AGOx36@37.75 AGMx36@37.75 CELx36@37.75 BOCHx36@37.75 AGGx36@37.75 
Value: 6855.62
Sales: AGOx36@37.75 AGGx36@37.75 AGMx36@37.75 CELx36@37.75 BOCHx36@37.75 
Purchases: AGOx36@37.75 AGGx36@37.75 AGMx36@37.75 CELx36@37.75 BOCHx36@37.75 

2015-01-21
Cash: 60.62
Held: AGOx36@38.50 AGMx36@38.50 CELx36@38.50 BOCHx36@38.50 AGGx36@38.50 
Value: 6990.62
Sales: AGOx36@38.50 AGGx36@38.50 AGMx36@38.50 CELx36@38.50 BOCHx36@38.50 
Purchases: AGOx36@38.50 AGGx36@38.50 AGMx36@38.50 CELx36@38.50 BOCHx36@38.50 

2015-01-22
Cash: 60.62
Held: AGOx36@39.59 AGMx36@39.59 CELx36@39.59 BOCHx36@39.59 AGGx36@39.59 
Value: 7187.50
Sales: AGOx36@39.59 AGGx36@39.59 AGMx36@39.59 CELx36@39.59 BOCHx36@39.59 
Purchases: AGOx36@39.59 AGGx36@39.59 AGMx36@39.59 CELx36@39.59 BOCHx36@39.59 

2015-01-25
Cash: 60.62
Held: AGOx36@38.78 AGMx36@38.78 CELx36@38.78 BOCHx36@38.78 AGGx36@38.78 
Value: 7041.25
Sales: AGOx36@38.78 AGGx36@38.78 AGMx36@38.78 CELx36@38.78 BOCHx36@38.78 
Purchases: AGOx36@38.78 AGGx36@38.78 AGMx36@38.78 CELx36@38.78 BOCHx36@38.78 

2015-01-26
Cash: 60.62
Held: AGOx36@38.69 AGMx36@38.69 CELx36@38.69 BOCHx36@38.69 AGGx36@38.69 
Value: 7024.38
Sales: AGOx36@38.69 AGGx36@38.69 AGMx36@38.69 CELx36@38.69 BOCHx36@38.69 
Purchases: AGOx36@38.69 AGGx36@38.69 AGMx36@38.69 CELx36@38.69 BOCHx36@38.69 

2015-01-27
Cash: 60.62
Held: AGOx36@39.00 AGMx36@39.00 CELx36@39.00 BOCHx36@39.00 AGGx36@39.00 
Value: 7080.62
Sales: AGOx36@39.00 AGGx36@39.00 AGMx36@39.00 CELx36@39.00 BOCHx36@39.00 
Purchases: AGOx36@39.00 AGGx36@39.00 AGMx36@39.00 CELx36@39.00 BOCHx36@39.00 

2015-01-28
Cash: 60.62
Held: AGOx36@38.00 AGMx36@38.00 CELx36@38.00 BOCHx36@38.00 AGGx36@38.00 
Value: 6900.62
Sales: AGOx36@38.00 AGGx36@38.00 AGMx36@38.00 CELx36@38.00 BOCHx36@38.00 
Purchases: AGOx36@38.00 AGGx36@38.00 AGMx36@38.00 CELx36@38.00 BOCHx36@38.00 

2015-01-29
Cash: 60.62
Held: AGOx36@38.00 AGMx36@38.00 CELx36@38.00 BOCHx36@38.00 AGGx36@38.00 
Value: 6900.62
Sales: AGOx36@38.00 AGGx36@38.00 AGMx36@38.00 CELx36@38.00 BOCHx36@38.00 
Purchases: AGOx36@38.00 AGGx36@38.00 AGMx36@38.00 CELx36@38.00 BOCHx36@38.00 

2015-02-01
Cash: 60.62
Held: AGOx36@37.91 AGMx36@37.91 CELx36@37.91 BOCHx36@37.91 AGGx36@37.91 
Value: 6883.75
Sales: AGOx36@37.91 AGGx36@37.91 AGMx36@37.91 CELx36@37.91 BOCHx36@37.91 
Purchases: AGOx36@37.91 AGGx36@37.91 AGMx36@37.91 CELx36@37.91 BOCHx36@37.91 

2015-02-02
Cash: 60.62
Held: AGOx36@39.03 AGMx36@39.03 CELx36@39.03 BOCHx36@39.03 AGGx36@39.03 
Value: 7086.25
Sales: AGOx36@39.03 AGGx36@39.03 AGMx36@39.03 CELx36@39.03 BOCHx36@39.03 
Purchases: AGOx36@39.03 AGGx36@39.03 AGMx36@39.03 CELx36@39.03 BOCHx36@39.03 

2015-02-03
Cash: 60.62
Held: AGOx36@39.34 AGMx36@39.34 CELx36@39.34 BOCHx36@39.34 AGGx36@39.34 
Value: 7142.50
Sales: AGOx36@39.34 AGGx36@39.34 AGMx36@39.34 CELx36@39.34 BOCHx36@39.34 
Purchases: AGOx36@39.34 AGGx36@39.34 AGMx36@39.34 CELx36@39.34 BOCHx36@39.34 

2015-02-04
Cash: 60.62
Held: AGOx36@39.22 AGMx36@39.22 CELx36@39.22 BOCHx36@39.22 AGGx36@39.22 
Value: 7120.00
Sales: AGOx36@39.22 AGGx36@39.22 AGMx36@39.22 CELx36@39.22 BOCHx36@39.22 
Purchases: AGOx36@39.22 AGGx36@39.22 AGMx36@39.22 CELx36@39.22 BOCHx36@39.22 

2015-02-05
Cash: 60.62
Held: AGOx36@39.53 AGMx36@39.53 CELx36@39.53 BOCHx36@39.53 AGGx36@39.53 
Value: 7176.25
Sales: AGOx36@39.53 AGGx36@39.53 AGMx36@39.53 CELx36@39.53 BOCHx36@39.53 
Purchases: AGOx36@39.53 AGGx36@39.53 AGMx36@39.53 CELx36@39.53 BOCHx36@39.53 

2015-02-08
Cash: 60.62
Held: AGOx36@39.22 AGMx36@39.22 CELx36@39.22 BOCHx36@39.22 AGGx36@39.22 
Value: 7120.00
Sales: AGOx36@39.22 AGGx36@39.22 AGMx36@39.22 CELx36@39.22 BOCHx36@39.22 
Purchases: AGOx36@39.22 AGGx36@39.22 AGMx36@39.22 CELx36@39.22 BOCHx36@39.22 

2015-02-09
Cash: 60.62
Held: AGOx36@39.31 AGMx36@39.31 CELx36@39.31 BOCHx36@39.31 AGGx36@39.31 
Value: 7136.88
Sales: AGOx36@39.31 AGGx36@39.31 AGMx36@39.31 CELx36@39.31 BOCHx36@39.31 
Purchases: AGOx36@39.31 AGGx36@39.31 AGMx36@39.31 CELx36@39.31 BOCHx36@39.31 

2015-02-10
Cash: 60.62
Held: AGOx36@39.62 AGMx36@39.62 CELx36@39.62 BOCHx36@39.62 AGGx36@39.62 
Value: 7193.12
Sales: AGOx36@39.62 AGGx36@39.62 AGMx36@39.62 CELx36@39.62 BOCHx36@39.62 
Purchases: AGOx36@39.62 AGGx36@39.62 AGMx36@39.62 CELx36@39.62 BOCHx36@39.62 

2015-02-11
Cash: 60.62
Held: AGOx36@39.59 AGMx36@39.59 CELx36@39.59 BOCHx36@39.59 AGGx36@39.59 
Value: 7187.50
Sales: AGOx36@39.59 AGGx36@39.59 AGMx36@39.59 CELx36@39.59 BOCHx36@39.59 
Purchases: AGOx36@39.59 AGGx36@39.59 AGMx36@39.59 CELx36@39.59 BOCHx36@39.59 

2015-02-12
Cash: 60.62
Held: AGOx36@39.97 AGMx36@39.97 CELx36@39.97 BOCHx36@39.97 AGGx36@39.97 
Value: 7255.00
Sales: AGOx36@39.97 AGGx36@39.97 AGMx36@39.97 CELx36@39.97 BOCHx36@39.97 
Purchases: AGOx36@39.97 AGGx36@39.97 AGMx36@39.97 CELx36@39.97 BOCHx36@39.97 

2015-02-16
Cash: 60.62
Held: AGOx36@40.00 AGMx36@40.00 CELx36@40.00 BOCHx36@40.00 AGGx36@40.00 
Value: 7260.62
Sales: AGOx36@40.00 AGGx36@40.00 AGMx36@40.00 CELx36@40.00 BOCHx36@40.00 
Purchases: AGOx36@40.00 AGGx36@40.00 AGMx36@40.00 CELx36@40.00 BOCHx36@40.00 

2015-02-17
Cash: 60.62
Held: AGOx36@41.12 AGMx36@41.12 CELx36@41.12 BOCHx36@41.12 AGGx36@41.12 
Value: 7463.12
Sales: AGOx36@41.12 AGGx36@41.12 AGMx36@41.12 CELx36@41.12 BOCHx36@41.12 
Purchases: AGOx36@41.12 AGGx36@41.12 AGMx36@41.12 CELx36@41.12 BOCHx36@41.12 

2015-02-18
Cash: 60.62
Held: AGOx36@41.41 AGMx36@41.41 CELx36@41.41 BOCHx36@41.41 AGGx36@41.41 
Value: 7513.75
Sales: AGOx36@41.41 AGGx36@41.41 AGMx36@41.41 CELx36@41.41 BOCHx36@41.41 
Purchases: AGOx36@41.41 AGGx36@41.41 AGMx36@41.41 CELx36@41.41 BOCHx36@41.41 

2015-02-19
Cash: 60.62
Held: AGOx36@41.09 AGMx36@41.09 CELx36@41.09 BOCHx36@41.09 AGGx36@41.09 
Value: 7457.50
Sales: AGOx36@41.09 AGGx36@41.09 AGMx36@41.09 CELx36@41.09 BOCHx36@41.09 
Purchases: AGOx36@41.09 AGGx36@41.09 AGMx36@41.09 CELx36@41.09 BOCHx36@41.09 

2015-02-22
Cash: 60.62
Held: AGOx36@41.88 AGMx36@41.88 CELx36@41.88 BOCHx36@41.88 AGGx36@41.88 
Value: 7598.12
Sales: AGOx36@41.88 AGGx36@41.88 AGMx36@41.88 CELx36@41.88 BOCHx36@41.88 
Purchases: AGOx36@41.88 AGGx36@41.88 AGMx36@41.88 CELx36@41.88 BOCHx36@41.88 

2015-02-23
Cash: 60.62
Held: AGOx36@41.62 AGMx36@41.62 CELx36@41.62 BOCHx36@41.62 AGGx36@41.62 
Value: 7553.12
Sales: AGOx36@41.62 AGGx36@41.62 AGMx36@41.62 CELx36@41.62 BOCHx36@41.62 
Purchases: AGOx36@41.62 AGGx36@41.62 AGMx36@41.62 CELx36@41.62 BOCHx36@41.62 

2015-02-24
Cash: 60.62
Held: AGOx36@42.34 AGMx36@42.34 CELx36@42.34 BOCHx36@42.34 AGGx36@42.34 
Value: 7682.50
Sales: AGOx36@42.34 AGGx36@42.34 AGMx36@42.34 CELx36@42.34 BOCHx36@42.34 
Purchases: AGOx36@42.34 AGGx36@42.34 AGMx36@42.34 CELx36@42.34 BOCHx36@42.34 

2015-02-25
Cash: 60.62
Held: AGOx36@42.22 AGMx36@42.22 CELx36@42.22 BOCHx36@42.22 AGGx36@42.22 
Value: 7660.00
Sales: AGOx36@42.22 AGGx36@42.22 AGMx36@42.22 CELx36@42.22 BOCHx36@42.22 
Purchases: AGOx36@42.22 AGGx36@42.22 AGMx36@42.22 CELx36@42.22 BOCHx36@42.22 

2015-02-26
Cash: 60.62
Held: AGOx36@42.31 AGMx36@42.31 CELx36@42.31 BOCHx36@42.31 AGGx36@42.31 
Value: 7676.88
Sales: AGOx36@42.31 AGGx36@42.31 AGMx36@42.31 CELx36@42.31 BOCHx36@42.31 
Purchases: AGOx36@42.31 AGGx36@42.31 AGMx36@42.31 CELx36@42.31 BOCHx36@42.31 

2015-03-01
Cash: 60.62
Held: AGOx36@42.34 AGMx36@42.34 CELx36@42.34 BOCHx36@42.34 AGGx36@42.34 
Value: 7682.50
Sales: AGOx36@42.34 AGGx36@42.34 AGMx36@42.34 CELx36@42.34 BOCHx36@42.34 
Purchases: AGOx36@42.34 AGGx36@42.34 AGMx36@42.34 CELx36@42.34 BOCHx36@42.34 

2015-03-02
Cash: 60.62
Held: AGOx36@42.44 AGMx36@42.44 CELx36@42.44 BOCHx36@42.44 AGGx36@42.44 
Value: 7699.38
Sales: AGOx36@42.44 AGGx36@42.44 AGMx36@42.44 CELx36@42.44 BOCHx36@42.44 
Purchases: AGOx36@42.44 AGGx36@42.44 AGMx36@42.44 CELx36@42.44 BOCHx36@42.44 

2015-03-03
Cash: 60.62
Held: AGOx36@41.94 AGMx36@41.94 CELx36@41.94 BOCHx36@41.94 AGGx36@41.94 
Value: 7609.38
Sales: AGOx36@41.94 AGGx36@41.94 AGMx36@41.94 CELx36@41.94 BOCHx36@41.94 
Purchases: AGOx36@41.94 AGGx36@41.94 AGMx36@41.94 CELx36@41.94 BOCHx36@41.94 

2015-03-04
Cash: 60.62
Held: AGOx36@42.00 AGMx36@42.00 CELx36@42.00 BOCHx36@42.00 AGGx36@42.00 
Value: 7620.62
Sales: AGOx36@42.00 AGGx36@42.00 AGMx36@42.00 CELx36@42.00 BOCHx36@42.00 
Purchases: AGOx36@42.00 AGGx36@42.00 AGMx36@42.00 CELx36@42.00 BOCHx36@42.00 

2015-03-05
Cash: 60.62
Held: AGOx36@41.94 AGMx36@41.94 CELx36@41.94 BOCHx36@41.94 AGGx36@41.94 
Value: 7609.38
Sales: AGOx36@41.94 AGGx36@41.94 AGMx36@41.94 CELx36@41.94 BOCHx36@41.94 
Purchases: AGOx36@41.94 AGGx36@41.94 AGMx36@41.94 CELx36@41.94 BOCHx36@41.94 

2015-03-08
Cash: 60.62
Held: AGOx36@41.53 AGMx36@41.53 CELx36@41.53 BOCHx36@41.53 AGGx36@41.53 
Value: 7536.25
Sales: AGOx36@41.53 AGGx36@41.53 AGMx36@41.53 CELx36@41.53 BOCHx36@41.53 
Purchases: AGOx36@41.53 AGGx36@41.53 AGMx36@41.53 CELx36@41.53 BOCHx36@41.53 

2015-03-09
Cash: 60.62
Held: AGOx36@41.22 AGMx36@41.22 CELx36@41.22 BOCHx36@41.22 AGGx36@41.22 
Value: 7480.00
Sales: AGOx36@41.22 AGGx36@41.22 AGMx36@41.22 CELx36@41.22 BOCHx36@41.22 
Purchases: AGOx36@41.22 AGGx36@41.22 AGMx36@41.22 CELx36@41.22 BOCHx36@41.22 

2015-03-10
Cash: 60.62
Held: AGOx36@40.78 AGMx36@40.78 CELx36@40.78 BOCHx36@40.78 AGGx36@40.78 
Value: 7401.25
Sales: AGOx36@40.78 AGGx36@40.78 AGMx36@40.78 CELx36@40.78 BOCHx36@40.78 
Purchases: AGOx36@40.78 AGGx36@40.78 AGMx36@40.78 CELx36@40.78 BOCHx36@40.78 

2015-03-11
Cash: 60.62
Held: AGOx36@41.00 AGMx36@41.00 CELx36@41.00 BOCHx36@41.00 AGGx36@41.00 
Value: 7440.62
Sales: AGOx36@41.00 AGGx36@41.00 AGMx36@41.00 CELx36@41.00 BOCHx36@41.00 
Purchases: AGOx36@41.00 AGGx36@41.00 AGMx36@41.00 CELx36@41.00 BOCHx36@41.00 

2015-03-12
Cash: 60.62
Held: AGOx36@40.97 AGMx36@40.97 CELx36@40.97 BOCHx36@40.97 AGGx36@40.97 
Value: 7435.00
Sales: AGOx36@40.97 AGGx36@40.97 AGMx36@40.97 CELx36@40.97 BOCHx36@40.97 
Purchases: AGOx36@40.97 AGGx36@40.97 AGMx36@40.97 CELx36@40.97 BOCHx36@40.97 

2015-03-15
Cash: 60.62
Held: AGOx36@41.16 AGMx36@41.16 CELx36@41.16 BOCHx36@41.16 AGGx36@41.16 
Value: 7468.75
Sales: AGOx36@41.16 AGGx36@41.16 AGMx36@41.16 CELx36@41.16 BOCHx36@41.16 
Purchases: AGOx36@41.16 AGGx36@41.16 AGMx36@41.16 CELx36@41.16 BOCHx36@41.16 

2015-03-16
Cash: 60.62
Held: AGOx36@41.53 AGMx36@41.53 CELx36@41.53 BOCHx36@41.53 AGGx36@41.53 
Value: 7536.25
Sales: AGOx36@41.53 AGGx36@41.53 AGMx36@41.53 CELx36@41.53 BOCHx36@41.53 
Purchases: AGOx36@41.53 AGGx36@41.53 AGMx36@41.53 CELx36@41.53 BOCHx36@41.53 

2015-03-17
Cash: 60.62
Held: AGOx36@41.44 AGMx36@41.44 CELx36@41.44 BOCHx36@41.44 AGGx36@41.44 
Value: 7519.38
Sales: AGOx36@41.44 AGGx36@41.44 AGMx36@41.44 CELx36@41.44 BOCHx36@41.44 
Purchases: AGOx36@41.44 AGGx36@41.44 AGMx36@41.44 CELx36@41.44 BOCHx36@41.44 

2015-03-18
Cash: 60.62
Held: AGOx36@42.06 AGMx36@42.06 CELx36@42.06 BOCHx36@42.06 AGGx36@42.06 
Value: 7631.88
Sales: AGOx36@42.06 AGGx36@42.06 AGMx36@42.06 CELx36@42.06 BOCHx36@42.06 
Purchases: AGOx36@42.06 AGGx36@42.06 AGMx36@42.06 CELx36@42.06 BOCHx36@42.06 

2015-03-19
Cash: 60.62
Held: AGOx36@42.38 AGMx36@42.38 CELx36@42.38 BOCHx36@42.38 AGGx36@42.38 
Value: 7688.12
Sales: AGOx36@42.38 AGGx36@42.38 AGMx36@42.38 CELx36@42.38 BOCHx36@42.38 
Purchases: AGOx36@42.38 AGGx36@42.38 AGMx36@42.38 CELx36@42.38 BOCHx36@42.38 

2015-03-22
Cash: 60.62
Held: AGOx36@42.12 AGMx36@42.12 CELx36@42.12 BOCHx36@42.12 AGGx36@42.12 
Value: 7643.12
Sales: AGOx36@42.12 AGGx36@42.12 AGMx36@42.12 CELx36@42.12 BOCHx36@42.12 
Purchases: AGOx36@42.12 AGGx36@42.12 AGMx36@42.12 CELx36@42.12 BOCHx36@42.12 

2015-03-23
Cash: 60.62
Held: AGOx36@42.12 AGMx36@42.12 CELx36@42.12 BOCHx36@42.12 AGGx36@42.12 
Value: 7643.12
Sales: AGOx36@42.12 AGGx36@42.12 AGMx36@42.12 CELx36@42.12 BOCHx36@42.12 
Purchases: AGOx36@42.12 AGGx36@42.12 AGMx36@42.12 CELx36@42.12 BOCHx36@42.12 

2015-03-24
Cash: 60.62
Held: AGOx36@41.16 AGMx36@41.16 CELx36@41.16 BOCHx36@41.16 AGGx36@41.16 
Value: 7468.75
Sales: AGOx36@41.16 AGGx36@41.16 AGMx36@41.16 CELx36@41.16 BOCHx36@41.16 
Purchases: AGOx36@41.16 AGGx36@41.16 AGMx36@41.16 CELx36@41.16 BOCHx36@41.16 

2015-03-25
Cash: 60.62
Held: AGOx36@40.69 AGMx36@40.69 CELx36@40.69 BOCHx36@40.69 AGGx36@40.69 
Value: 7384.38
Sales: AGOx36@40.69 AGGx36@40.69 AGMx36@40.69 CELx36@40.69 BOCHx36@40.69 
Purchases: AGOx36@40.69 AGGx36@40.69 AGMx36@40.69 CELx36@40.69 BOCHx36@40.69 

2015-03-26
Cash: 60.62
Held: AGOx36@40.59 AGMx36@40.59 CELx36@40.59 BOCHx36@40.59 AGGx36@40.59 
Value: 7367.50
Sales: AGOx36@40.59 AGGx36@40.59 AGMx36@40.59 CELx36@40.59 BOCHx36@40.59 
Purchases: AGOx36@40.59 AGGx36@40.59 AGMx36@40.59 CELx36@40.59 BOCHx36@40.59 

2015-03-29
Cash: 60.62
Held: AGOx36@41.53 AGMx36@41.53 CELx36@41.53 BOCHx36@41.53 AGGx36@41.53 
Value: 7536.25
Sales: AGOx36@41.53 AGGx36@41.53 AGMx36@41.53 CELx36@41.53 BOCHx36@41.53 
Purchases: AGOx36@41.53 AGGx36@41.53 AGMx36@41.53 CELx36@41.53 BOCHx36@41.53 

2015-03-30
Cash: 60.62
Held: AGOx36@41.28 AGMx36@41.28 CELx36@41.28 BOCHx36@41.28 AGGx36@41.28 
Value: 7491.25
Sales: AGOx36@41.28 AGGx36@41.28 AGMx36@41.28 CELx36@41.28 BOCHx36@41.28 
Purchases: AGOx36@41.28 AGGx36@41.28 AGMx36@41.28 CELx36@41.28 BOCHx36@41.28 

2015-03-31
Cash: 60.62
Held: AGOx36@41.47 AGMx36@41.47 CELx36@41.47 BOCHx36@41.47 AGGx36@41.47 
Value: 7525.00
Sales: AGOx36@41.47 AGGx36@41.47 AGMx36@41.47 CELx36@41.47 BOCHx36@41.47 
Purchases: AGOx36@41.47 AGGx36@41.47 AGMx36@41.47 CELx36@41.47 BOCHx36@41.47 

2015-04-01
Cash: 60.62
Held: AGOx36@41.47 AGMx36@41.47 CELx36@41.47 BOCHx36@41.47 AGGx36@41.47 
Value: 7525.00
Sales: AGOx36@41.47 AGGx36@41.47 AGMx36@41.47 CELx36@41.47 BOCHx36@41.47 
Purchases: AGOx36@41.47 AGGx36@41.47 AGMx36@41.47 CELx36@41.47 BOCHx36@41.47 

2015-04-05
Cash: 60.62
Held: AGOx36@41.69 AGMx36@41.69 CELx36@41.69 BOCHx36@41.69 AGGx36@41.69 
Value: 7564.38
Sales: AGOx36@41.69 AGGx36@41.69 AGMx36@41.69 CELx36@41.69 BOCHx36@41.69 
Purchases: AGOx36@41.69 AGGx36@41.69 AGMx36@41.69 CELx36@41.69 BOCHx36@41.69 

2015-04-06
Cash: 60.62
Held: AGOx36@41.94 AGMx36@41.94 CELx36@41.94 BOCHx36@41.94 AGGx36@41.94 
Value: 7609.38
Sales: AGOx36@41.94 AGGx36@41.94 AGMx36@41.94 CELx36@41.94 BOCHx36@41.94 
Purchases: AGOx36@41.94 AGGx36@41.94 AGMx36@41.94 CELx36@41.94 BOCHx36@41.94 

2015-04-07
Cash: 60.62
Held: AGOx36@42.44 AGMx36@42.44 CELx36@42.44 BOCHx36@42.44 AGGx36@42.44 
Value: 7699.38
Sales: AGOx36@42.44 AGGx36@42.44 AGMx36@42.44 CELx36@42.44 BOCHx36@42.44 
Purchases: AGOx36@42.44 AGGx36@42.44 AGMx36@42.44 CELx36@42.44 BOCHx36@42.44 

2015-04-08
Cash: 60.62
Held: AGOx36@42.16 AGMx36@42.16 CELx36@42.16 BOCHx36@42.16 AGGx36@42.16 
Value: 7648.75
Sales: AGOx36@42.16 AGGx36@42.16 AGMx36@42.16 CELx36@42.16 BOCHx36@42.16 
Purchases: AGOx36@42.16 AGGx36@42.16 AGMx36@42.16 CELx36@42.16 BOCHx36@42.16 

2015-04-09
Cash: 60.62
Held: AGOx36@42.81 AGMx36@42.81 CELx36@42.81 BOCHx36@42.81 AGGx36@42.81 
Value: 7766.88
Sales: AGOx36@42.81 AGGx36@42.81 AGMx36@42.81 CELx36@42.81 BOCHx36@42.81 
Purchases: AGOx36@42.81 AGGx36@42.81 AGMx36@42.81 CELx36@42.81 BOCHx36@42.81 

2015-04-12
Cash: 60.62
Held: AGOx36@43.59 AGMx36@43.59 CELx36@43.59 BOCHx36@43.59 AGGx36@43.59 
Value: 7907.50
Sales: AGOx36@43.59 AGGx36@43.59 AGMx36@43.59 CELx36@43.59 BOCHx36@43.59 
Purchases: AGOx36@43.59 AGGx36@43.59 AGMx36@43.59 CELx36@43.59 BOCHx36@43.59 

2015-04-13
Cash: 60.62
Held: AGOx36@42.97 AGMx36@42.97 CELx36@42.97 BOCHx36@42.97 AGGx36@42.97 
Value: 7795.00
Sales: AGOx36@42.97 AGGx36@42.97 AGMx36@42.97 CELx36@42.97 BOCHx36@42.97 
Purchases: AGOx36@42.97 AGGx36@42.97 AGMx36@42.97 CELx36@42.97 BOCHx36@42.97 

2015-04-14
Cash: 60.62
Held: AGOx36@43.28 AGMx36@43.28 CELx36@43.28 BOCHx36@43.28 AGGx36@43.28 
Value: 7851.25
Sales: AGOx36@43.28 AGGx36@43.28 AGMx36@43.28 CELx36@43.28 BOCHx36@43.28 
Purchases: AGOx36@43.28 AGGx36@43.28 AGMx36@43.28 CELx36@43.28 BOCHx36@43.28 

2015-04-15
Cash: 60.62
Held: AGOx36@43.12 AGMx36@43.12 CELx36@43.12 BOCHx36@43.12 AGGx36@43.12 
Value: 7823.12
Sales: AGOx36@43.12 AGGx36@43.12 AGMx36@43.12 CELx36@43.12 BOCHx36@43.12 
Purchases: AGOx36@43.12 AGGx36@43.12 AGMx36@43.12 CELx36@43.12 BOCHx36@43.12 

2015-04-16
Cash: 60.62
Held: AGOx36@42.75 AGMx36@42.75 CELx36@42.75 BOCHx36@42.75 AGGx36@42.75 
Value: 7755.62
Sales: AGOx36@42.75 AGGx36@42.75 AGMx36@42.75 CELx36@42.75 BOCHx36@42.75 
Purchases: AGOx36@42.75 AGGx36@42.75 AGMx36@42.75 CELx36@42.75 BOCHx36@42.75 

2015-04-19
Cash: 60.62
Held: AGOx36@43.34 AGMx36@43.34 CELx36@43.34 BOCHx36@43.34 AGGx36@43.34 
Value: 7862.50
Sales: AGOx36@43.34 AGGx36@43.34 AGMx36@43.34 CELx36@43.34 BOCHx36@43.34 
Purchases: AGOx36@43.34 AGGx36@43.34 AGMx36@43.34 CELx36@43.34 BOCHx36@43.34 

2015-04-20
Cash: 60.62
Held: AGOx36@43.41 AGMx36@43.41 CELx36@43.41 BOCHx36@43.41 AGGx36@43.41 
Value: 7873.75
Sales: AGOx36@43.41 AGGx36@43.41 AGMx36@43.41 CELx36@43.41 BOCHx36@43.41 
Purchases: AGOx36@43.41 AGGx36@43.41 AGMx36@43.41 CELx36@43.41 BOCHx36@43.41 

2015-04-21
Cash: 60.62
Held: AGOx36@42.72 AGMx36@42.72 CELx36@42.72 BOCHx36@42.72 AGGx36@42.72 
Value: 7750.00
Sales: AGOx36@42.72 AGGx36@42.72 AGMx36@42.72 CELx36@42.72 BOCHx36@42.72 
Purchases: AGOx36@42.72 AGGx36@42.72 AGMx36@42.72 CELx36@42.72 BOCHx36@42.72 

2015-04-22
Cash: 60.62
Held: AGOx36@42.41 AGMx36@42.41 CELx36@42.41 BOCHx36@42.41 AGGx36@42.41 
Value: 7693.75
Sales: AGOx36@42.41 AGGx36@42.41 AGMx36@42.41 CELx36@42.41 BOCHx36@42.41 
Purchases: AGOx36@42.41 AGGx36@42.41 AGMx36@42.41 CELx36@42.41 BOCHx36@42.41 

2015-04-23
Cash: 60.62
Held: AGOx36@42.72 AGMx36@42.72 CELx36@42.72 BOCHx36@42.72 AGGx36@42.72 
Value: 7750.00
Sales: AGOx36@42.72 AGGx36@42.72 AGMx36@42.72 CELx36@42.72 BOCHx36@42.72 
Purchases: AGOx36@42.72 AGGx36@42.72 AGMx36@42.72 CELx36@42.72 BOCHx36@42.72 

2015-04-26
Cash: 60.62
Held: AGOx36@42.75 AGMx36@42.75 CELx36@42.75 BOCHx36@42.75 AGGx36@42.75 
Value: 7755.62
Sales: AGOx36@42.75 AGGx36@42.75 AGMx36@42.75 CELx36@42.75 BOCHx36@42.75 
Purchases: AGOx36@42.75 AGGx36@42.75 AGMx36@42.75 CELx36@42.75 BOCHx36@42.75 

2015-04-27
Cash: 60.62
Held: AGOx36@41.88 AGMx36@41.88 CELx36@41.88 BOCHx36@41.88 AGGx36@41.88 
Value: 7598.12
Sales: AGOx36@41.88 AGGx36@41.88 AGMx36@41.88 CELx36@41.88 BOCHx36@41.88 
Purchases: AGOx36@41.88 AGGx36@41.88 AGMx36@41.88 CELx36@41.88 BOCHx36@41.88 

2015-04-28
Cash: 60.62
Held: AGOx36@42.03 AGMx36@42.03 CELx36@42.03 BOCHx36@42.03 AGGx36@42.03 
Value: 7626.25
Sales: AGOx36@42.03 AGGx36@42.03 AGMx36@42.03 CELx36@42.03 BOCHx36@42.03 
Purchases: AGOx36@42.03 AGGx36@42.03 AGMx36@42.03 CELx36@42.03 BOCHx36@42.03 

2015-04-29
Cash: 60.62
Held: AGOx36@41.84 AGMx36@41.84 CELx36@41.84 BOCHx36@41.84 AGGx36@41.84 
Value: 7592.50
Sales: AGOx36@41.84 AGGx36@41.84 AGMx36@41.84 CELx36@41.84 BOCHx36@41.84 
Purchases: AGOx36@41.84 AGGx36@41.84 AGMx36@41.84 CELx36@41.84 BOCHx36@41.84 

2015-04-30
Cash: 60.62
Held: AGOx36@41.41 AGMx36@41.41 CELx36@41.41 BOCHx36@41.41 AGGx36@41.41 
Value: 7513.75
Sales: AGOx36@41.41 AGGx36@41.41 AGMx36@41.41 CELx36@41.41 BOCHx36@41.41 
Purchases: AGOx36@41.41 AGGx36@41.41 AGMx36@41.41 CELx36@41.41 BOCHx36@41.41 

2015-05-03
Cash: 60.62
Held: AGOx36@41.88 AGMx36@41.88 CELx36@41.88 BOCHx36@41.88 AGGx36@41.88 
Value: 7598.12
Sales: AGOx36@41.88 AGGx36@41.88 AGMx36@41.88 CELx36@41.88 BOCHx36@41.88 
Purchases: AGOx36@41.88 AGGx36@41.88 AGMx36@41.88 CELx36@41.88 BOCHx36@41.88 

2015-05-04
Cash: 60.62
Held: AGOx36@41.72 AGMx36@41.72 CELx36@41.72 BOCHx36@41.72 AGGx36@41.72 
Value: 7570.00
Sales: AGOx36@41.72 AGGx36@41.72 AGMx36@41.72 CELx36@41.72 BOCHx36@41.72 
Purchases: AGOx36@41.72 AGGx36@41.72 AGMx36@41.72 CELx36@41.72 BOCHx36@41.72 

2015-05-05
Cash: 60.62
Held: AGOx36@41.88 AGMx36@41.88 CELx36@41.88 BOCHx36@41.88 AGGx36@41.88 
Value: 7598.12
Sales: AGOx36@41.88 AGGx36@41.88 AGMx36@41.88 CELx36@41.88 BOCHx36@41.88 
Purchases: AGOx36@41.88 AGGx36@41.88 AGMx36@41.88 CELx36@41.88 BOCHx36@41.88 

2015-05-06
Cash: 60.62
Held: AGOx36@41.59 AGMx36@41.59 CELx36@41.59 BOCHx36@41.59 AGGx36@41.59 
Value: 7547.50
Sales: AGOx36@41.59 AGGx36@41.59 AGMx36@41.59 CELx36@41.59 BOCHx36@41.59 
Purchases: AGOx36@41.59 AGGx36@41.59 AGMx36@41.59 CELx36@41.59 BOCHx36@41.59 

2015-05-07
Cash: 60.62
Held: AGOx36@42.22 AGMx36@42.22 CELx36@42.22 BOCHx36@42.22 AGGx36@42.22 
Value: 7660.00
Sales: AGOx36@42.22 AGGx36@42.22 AGMx36@42.22 CELx36@42.22 BOCHx36@42.22 
Purchases: AGOx36@42.22 AGGx36@42.22 AGMx36@42.22 CELx36@42.22 BOCHx36@42.22 

2015-05-10
Cash: 60.62
Held: AGOx36@42.38 AGMx36@42.38 CELx36@42.38 BOCHx36@42.38 AGGx36@42.38 
Value: 7688.12
Sales: AGOx36@42.38 AGGx36@42.38 AGMx36@42.38 CELx36@42.38 BOCHx36@42.38 
Purchases: AGOx36@42.38 AGGx36@42.38 AGMx36@42.38 CELx36@42.38 BOCHx36@42.38 

2015-05-11
Cash: 60.62
Held: AGOx36@42.38 AGMx36@42.38 CELx36@42.38 BOCHx36@42.38 AGGx36@42.38 
Value: 7688.12
Sales: AGOx36@42.38 AGGx36@42.38 AGMx36@42.38 CELx36@42.38 BOCHx36@42.38 
Purchases: AGOx36@42.38 AGGx36@42.38 AGMx36@42.38 CELx36@42.38 BOCHx36@42.38 

2015-05-12
Cash: 60.62
Held: AGOx36@42.06 AGMx36@42.06 CELx36@42.06 BOCHx36@42.06 AGGx36@42.06 
Value: 7631.88
Sales: AGOx36@42.06 AGGx36@42.06 AGMx36@42.06 CELx36@42.06 BOCHx36@42.06 
Purchases: AGOx36@42.06 AGGx36@42.06 AGMx36@42.06 CELx36@42.06 BOCHx36@42.06 

2015-05-13
Cash: 60.62
Held: AGOx36@42.19 AGMx36@42.19 CELx36@42.19 BOCHx36@42.19 AGGx36@42.19 
Value: 7654.38
Sales: AGOx36@42.19 AGGx36@42.19 AGMx36@42.19 CELx36@42.19 BOCHx36@42.19 
Purchases: AGOx36@42.19 AGGx36@42.19 AGMx36@42.19 CELx36@42.19 BOCHx36@42.19 

2015-05-14
Cash: 60.62
Held: AGOx36@42.12 AGMx36@42.12 CELx36@42.12 BOCHx36@42.12 AGGx36@42.12 
Value: 7643.12
Sales: AGOx36@42.12 AGGx36@42.12 AGMx36@42.12 CELx36@42.12 BOCHx36@42.12 
Purchases: AGOx36@42.12 AGGx36@42.12 AGMx36@42.12 CELx36@42.12 BOCHx36@42.12 

2015-05-17
Cash: 60.62
Held: AGOx36@42.06 AGMx36@42.06 CELx36@42.06 BOCHx36@42.06 AGGx36@42.06 
Value: 7631.88
Sales: AGOx36@42.06 AGGx36@42.06 AGMx36@42.06 CELx36@42.06 BOCHx36@42.06 
Purchases: AGOx36@42.06 AGGx36@42.06 AGMx36@42.06 CELx36@42.06 BOCHx36@42.06 

2015-05-18
Cash: 60.62
Held: AGOx36@41.56 AGMx36@41.56 CELx36@41.56 BOCHx36@41.56 AGGx36@41.56 
Value: 7541.88
Sales: AGOx36@41.56 AGGx36@41.56 AGMx36@41.56 CELx36@41.56 BOCHx36@41.56 
Purchases: AGOx36@41.56 AGGx36@41.56 AGMx36@41.56 CELx36@41.56 BOCHx36@41.56 

2015-05-19
Cash: 60.62
Held: AGOx36@42.50 AGMx36@42.50 CELx36@42.50 BOCHx36@42.50 AGGx36@42.50 
Value: 7710.62
Sales: AGOx36@42.50 AGGx36@42.50 AGMx36@42.50 CELx36@42.50 BOCHx36@42.50 
Purchases: AGOx36@42.50 AGGx36@42.50 AGMx36@42.50 CELx36@42.50 BOCHx36@42.50 

2015-05-20
Cash: 60.62
Held: AGOx36@42.56 AGMx36@42.56 CELx36@42.56 BOCHx36@42.56 AGGx36@42.56 
Value: 7721.88
Sales: AGOx36@42.56 AGGx36@42.56 AGMx36@42.56 CELx36@42.56 BOCHx36@42.56 
Purchases: AGOx36@42.56 AGGx36@42.56 AGMx36@42.56 CELx36@42.56 BOCHx36@42.56 

2015-05-21
Cash: 60.62
Held: AGOx36@42.28 AGMx36@42.28 CELx36@42.28 BOCHx36@42.28 AGGx36@42.28 
Value: 7671.25
Sales: AGOx36@42.28 AGGx36@42.28 AGMx36@42.28 CELx36@42.28 BOCHx36@42.28 
Purchases: AGOx36@42.28 AGGx36@42.28 AGMx36@42.28 CELx36@42.28 BOCHx36@42.28 

2015-05-25
Cash: 60.62
Held: AGOx36@42.47 AGMx36@42.47 CELx36@42.47 BOCHx36@42.47 AGGx36@42.47 
Value: 7705.00
Sales: AGOx36@42.47 AGGx36@42.47 AGMx36@42.47 CELx36@42.47 BOCHx36@42.47 
Purchases: AGOx36@42.47 AGGx36@42.47 AGMx36@42.47 CELx36@42.47 BOCHx36@42.47 

2015-05-26
Cash: 60.62
Held: AGOx36@42.28 AGMx36@42.28 CELx36@42.28 BOCHx36@42.28 AGGx36@42.28 
Value: 7671.25
Sales: AGOx36@42.28 AGGx36@42.28 AGMx36@42.28 CELx36@42.28 BOCHx36@42.28 
Purchases: AGOx36@42.28 AGGx36@42.28 AGMx36@42.28 CELx36@42.28 BOCHx36@42.28 

2015-05-27
Cash: 60.62
Held: AGOx36@42.44 AGMx36@42.44 CELx36@42.44 BOCHx36@42.44 AGGx36@42.44 
Value: 7699.38
Sales: AGOx36@42.44 AGGx36@42.44 AGMx36@42.44 CELx36@42.44 BOCHx36@42.44 
Purchases: AGOx36@42.44 AGGx36@42.44 AGMx36@42.44 CELx36@42.44 BOCHx36@42.44 

2015-05-28
Cash: 60.62
Held: AGOx36@41.78 AGMx36@41.78 CELx36@41.78 BOCHx36@41.78 AGGx36@41.78 
Value: 7581.25
Sales: AGOx36@41.78 AGGx36@41.78 AGMx36@41.78 CELx36@41.78 BOCHx36@41.78 
Purchases: AGOx36@41.78 AGGx36@41.78 AGMx36@41.78 CELx36@41.78 BOCHx36@41.78 

2015-05-31
Cash: 60.62
Held: AGOx36@41.44 AGMx36@41.44 CELx36@41.44 BOCHx36@41.44 AGGx36@41.44 
Value: 7519.38
Sales: AGOx36@41.44 AGGx36@41.44 AGMx36@41.44 CELx36@41.44 BOCHx36@41.44 
Purchases: AGOx36@41.44 AGGx36@41.44 AGMx36@41.44 CELx36@41.44 BOCHx36@41.44 

2015-06-01
Cash: 60.62
Held: AGOx36@40.94 AGMx36@40.94 CELx36@40.94 BOCHx36@40.94 AGGx36@40.94 
Value: 7429.38
Sales: AGOx36@40.94 AGGx36@40.94 AGMx36@40.94 CELx36@40.94 BOCHx36@40.94 
Purchases: AGOx36@40.94 AGGx36@40.94 AGMx36@40.94 CELx36@40.94 BOCHx36@40.94 

2015-06-02
Cash: 60.62
Held: AGOx36@41.31 AGMx36@41.31 CELx36@41.31 BOCHx36@41.31 AGGx36@41.31 
Value: 7496.88
Sales: AGOx36@41.31 AGGx36@41.31 AGMx36@41.31 CELx36@41.31 BOCHx36@41.31 
Purchases: AGOx36@41.31 AGGx36@41.31 AGMx36@41.31 CELx36@41.31 BOCHx36@41.31 

2015-06-03
Cash: 60.62
Held: AGOx36@40.88 AGMx36@40.88 CELx36@40.88 BOCHx36@40.88 AGGx36@40.88 
Value: 7418.12
Sales: AGOx36@40.88 AGGx36@40.88 AGMx36@40.88 CELx36@40.88 BOCHx36@40.88 
Purchases: AGOx36@40.88 AGGx36@40.88 AGMx36@40.88 CELx36@40.88 BOCHx36@40.88 

2015-06-04
Cash: 60.62
Held: AGOx36@40.53 AGMx36@40.53 CELx36@40.53 BOCHx36@40.53 AGGx36@40.53 
Value: 7356.25
Sales: AGOx36@40.53 AGGx36@40.53 AGMx36@40.53 CELx36@40.53 BOCHx36@40.53 
Purchases: AGOx36@40.53 AGGx36@40.53 AGMx36@40.53 CELx36@40.53 BOCHx36@40.53 

2015-06-07
Cash: 60.62
Held: AGOx36@40.25 AGMx36@40.25 CELx36@40.25 BOCHx36@40.25 AGGx36@40.25 
Value: 7305.62
Sales: AGOx36@40.25 AGGx36@40.25 AGMx36@40.25 CELx36@40.25 BOCHx36@40.25 
Purchases: AGOx36@40.25 AGGx36@40.25 AGMx36@40.25 CELx36@40.25 BOCHx36@40.25 

2015-06-08
Cash: 60.62
Held: AGOx36@39.94 AGMx36@39.94 CELx36@39.94 BOCHx36@39.94 AGGx36@39.94 
Value: 7249.38
Sales: AGOx36@39.94 AGGx36@39.94 AGMx36@39.94 CELx36@39.94 BOCHx36@39.94 
Purchases: AGOx36@39.94 AGGx36@39.94 AGMx36@39.94 CELx36@39.94 BOCHx36@39.94 

2015-06-09
Cash: 60.62
Held: AGOx36@40.41 AGMx36@40.41 CELx36@40.41 BOCHx36@40.41 AGGx36@40.41 
Value: 7333.75
Sales: AGOx36@40.41 AGGx36@40.41 AGMx36@40.41 CELx36@40.41 BOCHx36@40.41 
Purchases: AGOx36@40.41 AGGx36@40.41 AGMx36@40.41 CELx36@40.41 BOCHx36@40.41 

2015-06-10
Cash: 60.62
Held: AGOx36@40.56 AGMx36@40.56 CELx36@40.56 BOCHx36@40.56 AGGx36@40.56 
Value: 7361.88
Sales: AGOx36@40.56 AGGx36@40.56 AGMx36@40.56 CELx36@40.56 BOCHx36@40.56 
Purchases: AGOx36@40.56 AGGx36@40.56 AGMx36@40.56 CELx36@40.56 BOCHx36@40.56 

2015-06-11
Cash: 60.62
Held: AGOx36@40.34 AGMx36@40.34 CELx36@40.34 BOCHx36@40.34 AGGx36@40.34 
Value: 7322.50
Sales: AGOx36@40.34 AGGx36@40.34 AGMx36@40.34 CELx36@40.34 BOCHx36@40.34 
Purchases: AGOx36@40.34 AGGx36@40.34 AGMx36@40.34 CELx36@40.34 BOCHx36@40.34 

2015-06-14
Cash: 60.62
Held: AGOx36@39.62 AGMx36@39.62 CELx36@39.62 BOCHx36@39.62 AGGx36@39.62 
Value: 7193.12
Sales: AGOx36@39.62 AGGx36@39.62 AGMx36@39.62 CELx36@39.62 BOCHx36@39.62 
Purchases: AGOx36@39.62 AGGx36@39.62 AGMx36@39.62 CELx36@39.62 BOCHx36@39.62 

2015-06-15
Cash: 60.62
Held: AGOx36@39.59 AGMx36@39.59 CELx36@39.59 BOCHx36@39.59 AGGx36@39.59 
Value: 7187.50
Sales: AGOx36@39.59 AGGx36@39.59 AGMx36@39.59 CELx36@39.59 BOCHx36@39.59 
Purchases: AGOx36@39.59 AGGx36@39.59 AGMx36@39.59 CELx36@39.59 BOCHx36@39.59 

2015-06-16
Cash: 60.62
Held: AGOx36@39.75 AGMx36@39.75 CELx36@39.75 BOCHx36@39.75 AGGx36@39.75 
Value: 7215.62
Sales: AGOx36@39.75 AGGx36@39.75 AGMx36@39.75 CELx36@39.75 BOCHx36@39.75 
Purchases: AGOx36@39.75 AGGx36@39.75 AGMx36@39.75 CELx36@39.75 BOCHx36@39.75 

2015-06-17
Cash: 60.62
Held: AGOx36@39.81 AGMx36@39.81 CELx36@39.81 BOCHx36@39.81 AGGx36@39.81 
Value: 7226.88
Sales: AGOx36@39.81 AGGx36@39.81 AGMx36@39.81 CELx36@39.81 BOCHx36@39.81 
Purchases: AGOx36@39.81 AGGx36@39.81 AGMx36@39.81 CELx36@39.81 BOCHx36@39.81 

2015-06-18
Cash: 60.62
Held: AGOx36@39.81 AGMx36@39.81 CELx36@39.81 BOCHx36@39.81 AGGx36@39.81 
Value: 7226.88
Sales: AGOx36@39.81 AGGx36@39.81 AGMx36@39.81 CELx36@39.81 BOCHx36@39.81 
Purchases: AGOx36@39.81 AGGx36@39.81 AGMx36@39.81 CELx36@39.81 BOCHx36@39.81 

2015-06-21
Cash: 60.62
Held: AGOx36@39.81 AGMx36@39.81 CELx36@39.81 BOCHx36@39.81 AGGx36@39.81 
Value: 7226.88
Sales: AGOx36@39.81 AGGx36@39.81 AGMx36@39.81 CELx36@39.81 BOCHx36@39.81 
Purchases: AGOx36@39.81 AGGx36@39.81 AGMx36@39.81 CELx36@39.81 BOCHx36@39.81 

2015-06-22
Cash: 60.62
Held: AGOx36@39.88 AGMx36@39.88 CELx36@39.88 BOCHx36@39.88 AGGx36@39.88 
Value: 7238.12
Sales: AGOx36@39.88 AGGx36@39.88 AGMx36@39.88 CELx36@39.88 BOCHx36@39.88 
Purchases: AGOx36@39.88 AGGx36@39.88 AGMx36@39.88 CELx36@39.88 BOCHx36@39.88 

2015-06-23
Cash: 60.62
Held: AGOx36@39.47 AGMx36@39.47 CELx36@39.47 BOCHx36@39.47 AGGx36@39.47 
Value: 7165.00
Sales: AGOx36@39.47 AGGx36@39.47 AGMx36@39.47 CELx36@39.47 BOCHx36@39.47 
Purchases: AGOx36@39.47 AGGx36@39.47 AGMx36@39.47 CELx36@39.47 BOCHx36@39.47 

2015-06-24
Cash: 60.62
Held: AGOx36@39.81 AGMx36@39.81 CELx36@39.81 BOCHx36@39.81 AGGx36@39.81 
Value: 7226.88
Sales: AGOx36@39.81 AGGx36@39.81 AGMx36@39.81 CELx36@39.81 BOCHx36@39.81 
Purchases: AGOx36@39.81 AGGx36@39.81 AGMx36@39.81 CELx36@39.81 BOCHx36@39.81 

2015-06-25
Cash: 60.62
Held: AGOx36@40.00 AGMx36@40.00 CELx36@40.00 BOCHx36@40.00 AGGx36@40.00 
Value: 7260.62
Sales: AGOx36@40.00 AGGx36@40.00 AGMx36@40.00 CELx36@40.00 BOCHx36@40.00 
Purchases: AGOx36@40.00 AGGx36@40.00 AGMx36@40.00 CELx36@40.00 BOCHx36@40.00 

2015-06-28
Cash: 60.62
Held: AGOx36@39.59 AGMx36@39.59 CELx36@39.59 BOCHx36@39.59 AGGx36@39.59 
Value: 7187.50
Sales: AGOx36@39.59 AGGx36@39.59 AGMx36@39.59 CELx36@39.59 BOCHx36@39.59 
Purchases: AGOx36@39.59 AGGx36@39.59 AGMx36@39.59 CELx36@39.59 BOCHx36@39.59 

2015-06-29
Cash: 60.62
Held: AGOx36@39.09 AGMx36@39.09 CELx36@39.09 BOCHx36@39.09 AGGx36@39.09 
Value: 7097.50
Sales: AGOx36@39.09 AGGx36@39.09 AGMx36@39.09 CELx36@39.09 BOCHx36@39.09 
Purchases: AGOx36@39.09 AGGx36@39.09 AGMx36@39.09 CELx36@39.09 BOCHx36@39.09 

2015-06-30
Cash: 60.62
Held: AGOx36@38.88 AGMx36@38.88 CELx36@38.88 BOCHx36@38.88 AGGx36@38.88 
Value: 7058.12
Sales: AGOx36@38.88 AGGx36@38.88 AGMx36@38.88 CELx36@38.88 BOCHx36@38.88 
Purchases: AGOx36@38.88 AGGx36@38.88 AGMx36@38.88 CELx36@38.88 BOCHx36@38.88 

2015-07-01
Cash: 60.62
Held: AGOx36@39.38 AGMx36@39.38 CELx36@39.38 BOCHx36@39.38 AGGx36@39.38 
Value: 7148.12
Sales: AGOx36@39.38 AGGx36@39.38 AGMx36@39.38 CELx36@39.38 BOCHx36@39.38 
Purchases: AGOx36@39.38 AGGx36@39.38 AGMx36@39.38 CELx36@39.38 BOCHx36@39.38 

2015-07-05
Cash: 60.62
Held: AGOx36@39.12 AGMx36@39.12 CELx36@39.12 BOCHx36@39.12 AGGx36@39.12 
Value: 7103.12
Sales: AGOx36@39.12 AGGx36@39.12 AGMx36@39.12 CELx36@39.12 BOCHx36@39.12 
Purchases: AGOx36@39.12 AGGx36@39.12 AGMx36@39.12 CELx36@39.12 BOCHx36@39.12 

2015-07-06
Cash: 60.62
Held: AGOx36@39.53 AGMx36@39.53 CELx36@39.53 BOCHx36@39.53 AGGx36@39.53 
Value: 7176.25
Sales: AGOx36@39.53 AGGx36@39.53 AGMx36@39.53 CELx36@39.53 BOCHx36@39.53 
Purchases: AGOx36@39.53 AGGx36@39.53 AGMx36@39.53 CELx36@39.53 BOCHx36@39.53 

2015-07-07
Cash: 60.62
Held: AGOx36@39.47 AGMx36@39.47 CELx36@39.47 BOCHx36@39.47 AGGx36@39.47 
Value: 7165.00
Sales: AGOx36@39.47 AGGx36@39.47 AGMx36@39.47 CELx36@39.47 BOCHx36@39.47 
Purchases: AGOx36@39.47 AGGx36@39.47 AGMx36@39.47 CELx36@39.47 BOCHx36@39.47 

2015-07-08
Cash: 60.62
Held: AGOx36@39.28 AGMx36@39.28 CELx36@39.28 BOCHx36@39.28 AGGx36@39.28 
Value: 7131.25
Sales: AGOx36@39.28 AGGx36@39.28 AGMx36@39.28 CELx36@39.28 BOCHx36@39.28 
Purchases: AGOx36@39.28 AGGx36@39.28 AGMx36@39.28 CELx36@39.28 BOCHx36@39.28 

2015-07-09
Cash: 60.62
Held: AGOx36@39.28 AGMx36@39.28 CELx36@39.28 BOCHx36@39.28 AGGx36@39.28 
Value: 7131.25
Sales: AGOx36@39.28 AGGx36@39.28 AGMx36@39.28 CELx36@39.28 BOCHx36@39.28 
Purchases: AGOx36@39.28 AGGx36@39.28 AGMx36@39.28 CELx36@39.28 BOCHx36@39.28 

2015-07-12
Cash: 60.62
Held: AGOx36@39.72 AGMx36@39.72 CELx36@39.72 BOCHx36@39.72 AGGx36@39.72 
Value: 7210.00
Sales: AGOx36@39.72 AGGx36@39.72 AGMx36@39.72 CELx36@39.72 BOCHx36@39.72 
Purchases: AGOx36@39.72 AGGx36@39.72 AGMx36@39.72 CELx36@39.72 BOCHx36@39.72 

2015-07-13
Cash: 60.62
Held: AGOx36@40.06 AGMx36@40.06 CELx36@40.06 BOCHx36@40.06 AGGx36@40.06 
Value: 7271.88
Sales: AGOx36@40.06 AGGx36@40.06 AGMx36@40.06 CELx36@40.06 BOCHx36@40.06 
Purchases: AGOx36@40.06 AGGx36@40.06 AGMx36@40.06 CELx36@40.06 BOCHx36@40.06 

2015-07-14
Cash: 60.62
Held: AGOx36@40.41 AGMx36@40.41 CELx36@40.41 BOCHx36@40.41 AGGx36@40.41 
Value: 7333.75
Sales: AGOx36@40.41 AGGx36@40.41 AGMx36@40.41 CELx36@40.41 BOCHx36@40.41 
Purchases: AGOx36@40.41 AGGx36@40.41 AGMx36@40.41 CELx36@40.41 BOCHx36@40.41 

2015-07-15
Cash: 60.62
Held: AGOx36@40.38 AGMx36@40.38 CELx36@40.38 BOCHx36@40.38 AGGx36@40.38 
Value: 7328.12
Sales: AGOx36@40.38 AGGx36@40.38 AGMx36@40.38 CELx36@40.38 BOCHx36@40.38 
Purchases: AGOx36@40.38 AGGx36@40.38 AGMx36@40.38 CELx36@40.38 BOCHx36@40.38 

2015-07-16
Cash: 60.62
Held: AGOx36@40.19 AGMx36@40.19 CELx36@40.19 BOCHx36@40.19 AGGx36@40.19 
Value: 7294.38
Sales: AGOx36@40.19 AGGx36@40.19 AGMx36@40.19 CELx36@40.19 BOCHx36@40.19 
Purchases: AGOx36@40.19 AGGx36@40.19 AGMx36@40.19 CELx36@40.19 BOCHx36@40.19 

2015-07-19
Cash: 60.62
Held: AGOx36@40.06 AGMx36@40.06 CELx36@40.06 BOCHx36@40.06 AGGx36@40.06 
Value: 7271.88
Sales: AGOx36@40.06 AGGx36@40.06 AGMx36@40.06 CELx36@40.06 BOCHx36@40.06 
Purchases: AGOx36@40.06 AGGx36@40.06 AGMx36@40.06 CELx36@40.06 BOCHx36@40.06 

2015-07-20
Cash: 60.62
Held: AGOx36@39.97 AGMx36@39.97 CELx36@39.97 BOCHx36@39.97 AGGx36@39.97 
Value: 7255.00
Sales: AGOx36@39.97 AGGx36@39.97 AGMx36@39.97 CELx36@39.97 BOCHx36@39.97 
Purchases: AGOx36@39.97 AGGx36@39.97 AGMx36@39.97 CELx36@39.97 BOCHx36@39.97 

2015-07-21
Cash: 60.62
Held: AGOx36@39.28 AGMx36@39.28 CELx36@39.28 BOCHx36@39.28 AGGx36@39.28 
Value: 7131.25
Sales: AGOx36@39.28 AGGx36@39.28 AGMx36@39.28 CELx36@39.28 BOCHx36@39.28 
Purchases: AGOx36@39.28 AGGx36@39.28 AGMx36@39.28 CELx36@39.28 BOCHx36@39.28 

2015-07-22
Cash: 60.62
Held: AGOx36@40.38 AGMx36@40.38 CELx36@40.38 BOCHx36@40.38 AGGx36@40.38 
Value: 7328.12
Sales: AGOx36@40.38 AGGx36@40.38 AGMx36@40.38 CELx36@40.38 BOCHx36@40.38 
Purchases: AGOx36@40.38 AGGx36@40.38 AGMx36@40.38 CELx36@40.38 BOCHx36@40.38 

2015-07-23
Cash: 60.62
Held: AGOx36@40.12 AGMx36@40.12 CELx36@40.12 BOCHx36@40.12 AGGx36@40.12 
Value: 7283.12
Sales: AGOx36@40.12 AGGx36@40.12 AGMx36@40.12 CELx36@40.12 BOCHx36@40.12 
Purchases: AGOx36@40.12 AGGx36@40.12 AGMx36@40.12 CELx36@40.12 BOCHx36@40.12 

2015-07-26
Cash: 60.62
Held: AGOx36@39.03 AGMx36@39.03 CELx36@39.03 BOCHx36@39.03 AGGx36@39.03 
Value: 7086.25
Sales: AGOx36@39.03 AGGx36@39.03 AGMx36@39.03 CELx36@39.03 BOCHx36@39.03 
Purchases: AGOx36@39.03 AGGx36@39.03 AGMx36@39.03 CELx36@39.03 BOCHx36@39.03 

2015-07-27
Cash: 60.62
Held: AGOx36@40.00 AGMx36@40.00 CELx36@40.00 BOCHx36@40.00 AGGx36@40.00 
Value: 7260.62
Sales: AGOx36@40.00 AGGx36@40.00 AGMx36@40.00 CELx36@40.00 BOCHx36@40.00 
Purchases: AGOx36@40.00 AGGx36@40.00 AGMx36@40.00 CELx36@40.00 BOCHx36@40.00 

2015-07-28
Cash: 60.62
Held: AGOx36@40.50 AGMx36@40.50 CELx36@40.50 BOCHx36@40.50 AGGx36@40.50 
Value: 7350.62
Sales: AGOx36@40.50 AGGx36@40.50 AGMx36@40.50 CELx36@40.50 BOCHx36@40.50 
Purchases: AGOx36@40.50 AGGx36@40.50 AGMx36@40.50 CELx36@40.50 BOCHx36@40.50 

2015-07-29
Cash: 60.62
Held: AGOx36@40.25 AGMx36@40.25 CELx36@40.25 BOCHx36@40.25 AGGx36@40.25 
Value: 7305.62
Sales: AGOx36@40.25 AGGx36@40.25 AGMx36@40.25 CELx36@40.25 BOCHx36@40.25 
Purchases: AGOx36@40.25 AGGx36@40.25 AGMx36@40.25 CELx36@40.25 BOCHx36@40.25 

2015-07-30
Cash: 60.62
Held: AGOx36@41.06 AGMx36@41.06 CELx36@41.06 BOCHx36@41.06 AGGx36@41.06 
Value: 7451.88
Sales: AGOx36@41.06 AGGx36@41.06 AGMx36@41.06 CELx36@41.06 BOCHx36@41.06 
Purchases: AGOx36@41.06 AGGx36@41.06 AGMx36@41.06 CELx36@41.06 BOCHx36@41.06 

2015-08-02
Cash: 60.62
Held: AGOx36@40.91 AGMx36@40.91 CELx36@40.91 BOCHx36@40.91 AGGx36@40.91 
Value: 7423.75
Sales: AGOx36@40.91 AGGx36@40.91 AGMx36@40.91 CELx36@40.91 BOCHx36@40.91 
Purchases: AGOx36@40.91 AGGx36@40.91 AGMx36@40.91 CELx36@40.91 BOCHx36@40.91 

