2014-04-28
Cash: 10000.00
Held: 
Value: 10000.00
Sales: 
Purchases: AGOx37@53.28 AGGx37@53.28 AGMx37@53.28 CELx37@53.28 BOCHx37@53.28 

2014-04-29
Cash: 142.97
Held: AGOx37@53.44 AGMx37@53.44 CELx37@53.44 BOCHx37@53.44 AGGx37@53.44 
Value: 10028.91
Sales: AGOx37@53.44 AGGx37@53.44 AGMx37@53.44 CELx37@53.44 BOCHx37@53.44 
Purchases: AGOx37@53.44 AGGx37@53.44 AGMx37@53.44 CELx37@53.44 BOCHx37@53.44 

2014-04-30
Cash: 142.97
Held: AGOx37@53.94 AGMx37@53.94 CELx37@53.94 BOCHx37@53.94 AGGx37@53.94 
Value: 10121.41
Sales: AGOx37@53.94 AGGx37@53.94 AGMx37@53.94 CELx37@53.94 BOCHx37@53.94 
Purchases: AGOx37@53.94 AGGx37@53.94 AGMx37@53.94 CELx37@53.94 BOCHx37@53.94 

2014-05-01
Cash: 142.97
Held: AGOx37@54.50 AGMx37@54.50 CELx37@54.50 BOCHx37@54.50 AGGx37@54.50 
Value: 10225.47
Sales: AGOx37@54.50 AGGx37@54.50 AGMx37@54.50 CELx37@54.50 BOCHx37@54.50 
Purchases: AGOx37@54.50 AGGx37@54.50 AGMx37@54.50 CELx37@54.50 BOCHx37@54.50 

2014-05-04
Cash: 142.97
Held: AGOx37@54.31 AGMx37@54.31 CELx37@54.31 BOCHx37@54.31 AGGx37@54.31 
Value: 10190.78
Sales: AGOx37@54.31 AGGx37@54.31 AGMx37@54.31 CELx37@54.31 BOCHx37@54.31 
Purchases: AGOx37@54.31 AGGx37@54.31 AGMx37@54.31 CELx37@54.31 BOCHx37@54.31 

2014-05-05
Cash: 142.97
Held: AGOx37@55.09 AGMx37@55.09 CELx37@55.09 BOCHx37@55.09 AGGx37@55.09 
Value: 10335.31
Sales: AGOx37@55.09 AGGx37@55.09 AGMx37@55.09 CELx37@55.09 BOCHx37@55.09 
Purchases: AGOx37@55.09 AGGx37@55.09 AGMx37@55.09 CELx37@55.09 BOCHx37@55.09 

2014-05-06
Cash: 142.97
Held: AGOx37@55.12 AGMx37@55.12 CELx37@55.12 BOCHx37@55.12 AGGx37@55.12 
Value: 10341.09
Sales: AGOx37@55.12 AGGx37@55.12 AGMx37@55.12 CELx37@55.12 BOCHx37@55.12 
Purchases: AGOx37@55.12 AGGx37@55.12 AGMx37@55.12 CELx37@55.12 BOCHx37@55.12 

2014-05-07
Cash: 142.97
Held: AGOx37@55.03 AGMx37@55.03 CELx37@55.03 BOCHx37@55.03 AGGx37@55.03 
Value: 10323.75
Sales: AGOx37@55.03 AGGx37@55.03 AGMx37@55.03 CELx37@55.03 BOCHx37@55.03 
Purchases: AGOx37@55.03 AGGx37@55.03 AGMx37@55.03 CELx37@55.03 BOCHx37@55.03 

2014-05-08
Cash: 142.97
Held: AGOx37@55.25 AGMx37@55.25 CELx37@55.25 BOCHx37@55.25 AGGx37@55.25 
Value: 10364.22
Sales: AGOx37@55.25 AGGx37@55.25 AGMx37@55.25 CELx37@55.25 BOCHx37@55.25 
Purchases: AGOx37@55.25 AGGx37@55.25 AGMx37@55.25 CELx37@55.25 BOCHx37@55.25 

2014-05-11
Cash: 142.97
Held: AGOx37@55.59 AGMx37@55.59 CELx37@55.59 BOCHx37@55.59 AGGx37@55.59 
Value: 10427.81
Sales: AGOx37@55.59 AGGx37@55.59 AGMx37@55.59 CELx37@55.59 BOCHx37@55.59 
Purchases: AGOx37@55.59 AGGx37@55.59 AGMx37@55.59 CELx37@55.59 BOCHx37@55.59 

2014-05-12
Cash: 142.97
Held: AGOx37@56.62 AGMx37@56.62 CELx37@56.62 BOCHx37@56.62 AGGx37@56.62 
Value: 10618.59
Sales: AGOx37@56.62 AGGx37@56.62 AGMx37@56.62 CELx37@56.62 BOCHx37@56.62 
Purchases: AGOx37@56.62 AGGx37@56.62 AGMx37@56.62 CELx37@56.62 BOCHx37@56.62 

2014-05-13
Cash: 142.97
Held: AGOx37@56.78 AGMx37@56.78 CELx37@56.78 BOCHx37@56.78 AGGx37@56.78 
Value: 10647.50
Sales: AGOx37@56.78 AGGx37@56.78 AGMx37@56.78 CELx37@56.78 BOCHx37@56.78 
Purchases: AGOx37@56.78 AGGx37@56.78 AGMx37@56.78 CELx37@56.78 BOCHx37@56.78 

2014-05-14
Cash: 142.97
Held: AGOx37@54.59 AGMx37@54.59 CELx37@54.59 BOCHx37@54.59 AGGx37@54.59 
Value: 10242.81
Sales: AGOx37@54.59 AGGx37@54.59 AGMx37@54.59 CELx37@54.59 BOCHx37@54.59 
Purchases: AGOx37@54.59 AGGx37@54.59 AGMx37@54.59 CELx37@54.59 BOCHx37@54.59 

2014-05-15
Cash: 142.97
Held: AGOx37@54.38 AGMx37@54.38 CELx37@54.38 BOCHx37@54.38 AGGx37@54.38 
Value: 10202.34
Sales: AGOx37@54.38 AGGx37@54.38 AGMx37@54.38 CELx37@54.38 BOCHx37@54.38 
Purchases: AGOx37@54.38 AGGx37@54.38 AGMx37@54.38 CELx37@54.38 BOCHx37@54.38 

2014-05-18
Cash: 142.97
Held: AGOx37@54.91 AGMx37@54.91 CELx37@54.91 BOCHx37@54.91 AGGx37@54.91 
Value: 10300.62
Sales: AGOx37@54.91 AGGx37@54.91 AGMx37@54.91 CELx37@54.91 BOCHx37@54.91 
Purchases: AGOx37@54.91 AGGx37@54.91 AGMx37@54.91 CELx37@54.91 BOCHx37@54.91 

2014-05-19
Cash: 142.97
Held: AGOx37@54.88 AGMx37@54.88 CELx37@54.88 BOCHx37@54.88 AGGx37@54.88 
Value: 10294.84
Sales: AGOx37@54.88 AGGx37@54.88 AGMx37@54.88 CELx37@54.88 BOCHx37@54.88 
Purchases: AGOx37@54.88 AGGx37@54.88 AGMx37@54.88 CELx37@54.88 BOCHx37@54.88 

2014-05-20
Cash: 142.97
Held: AGOx37@54.59 AGMx37@54.59 CELx37@54.59 BOCHx37@54.59 AGGx37@54.59 
Value: 10242.81
Sales: AGOx37@54.59 AGGx37@54.59 AGMx37@54.59 CELx37@54.59 BOCHx37@54.59 
Purchases: AGOx37@54.59 AGGx37@54.59 AGMx37@54.59 CELx37@54.59 BOCHx37@54.59 

2014-05-21
Cash: 142.97
Held: AGOx37@55.00 AGMx37@55.00 CELx37@55.00 BOCHx37@55.00 AGGx37@55.00 
Value: 10317.97
Sales: AGOx37@55.00 AGGx37@55.00 AGMx37@55.00 CELx37@55.00 BOCHx37@55.00 
Purchases: AGOx37@55.00 AGGx37@55.00 AGMx37@55.00 CELx37@55.00 BOCHx37@55.00 

2014-05-22
Cash: 142.97
Held: AGOx37@55.66 AGMx37@55.66 CELx37@55.66 BOCHx37@55.66 AGGx37@55.66 
Value: 10439.38
Sales: AGOx37@55.66 AGGx37@55.66 AGMx37@55.66 CELx37@55.66 BOCHx37@55.66 
Purchases: AGOx37@55.66 AGGx37@55.66 AGMx37@55.66 CELx37@55.66 BOCHx37@55.66 

2014-05-26
Cash: 142.97
Held: AGOx37@56.31 AGMx37@56.31 CELx37@56.31 BOCHx37@56.31 AGGx37@56.31 
Value: 10560.78
Sales: AGOx37@56.31 AGGx37@56.31 AGMx37@56.31 CELx37@56.31 BOCHx37@56.31 
Purchases: AGOx37@56.31 AGGx37@56.31 AGMx37@56.31 CELx37@56.31 BOCHx37@56.31 

2014-05-27
Cash: 142.97
Held: AGOx37@56.41 AGMx37@56.41 CELx37@56.41 BOCHx37@56.41 AGGx37@56.41 
Value: 10578.12
Sales: AGOx37@56.41 AGGx37@56.41 AGMx37@56.41 CELx37@56.41 BOCHx37@56.41 
Purchases: AGOx37@56.41 AGGx37@56.41 AGMx37@56.41 CELx37@56.41 BOCHx37@56.41 

2014-05-28
Cash: 142.97
Held: AGOx37@57.19 AGMx37@57.19 CELx37@57.19 BOCHx37@57.19 AGGx37@57.19 
Value: 10722.66
Sales: AGOx37@57.19 AGGx37@57.19 AGMx37@57.19 CELx37@57.19 BOCHx37@57.19 
Purchases: AGOx37@57.19 AGGx37@57.19 AGMx37@57.19 CELx37@57.19 BOCHx37@57.19 

2014-05-29
Cash: 142.97
Held: AGOx37@56.88 AGMx37@56.88 CELx37@56.88 BOCHx37@56.88 AGGx37@56.88 
Value: 10664.84
Sales: AGOx37@56.88 AGGx37@56.88 AGMx37@56.88 CELx37@56.88 BOCHx37@56.88 
Purchases: AGOx37@56.88 AGGx37@56.88 AGMx37@56.88 CELx37@56.88 BOCHx37@56.88 

2014-06-01
Cash: 142.97
Held: AGOx37@56.97 AGMx37@56.97 CELx37@56.97 BOCHx37@56.97 AGGx37@56.97 
Value: 10682.19
Sales: AGOx37@56.97 AGGx37@56.97 AGMx37@56.97 CELx37@56.97 BOCHx37@56.97 
Purchases: AGOx37@56.97 AGGx37@56.97 AGMx37@56.97 CELx37@56.97 BOCHx37@56.97 

2014-06-02
Cash: 142.97
Held: AGOx37@56.72 AGMx37@56.72 CELx37@56.72 BOCHx37@56.72 AGGx37@56.72 
Value: 10635.94
Sales: AGOx37@56.72 AGGx37@56.72 AGMx37@56.72 CELx37@56.72 BOCHx37@56.72 
Purchases: AGOx37@56.72 AGGx37@56.72 AGMx37@56.72 CELx37@56.72 BOCHx37@56.72 

2014-06-03
Cash: 142.97
Held: AGOx37@57.03 AGMx37@57.03 CELx37@57.03 BOCHx37@57.03 AGGx37@57.03 
Value: 10693.75
Sales: AGOx37@57.03 AGGx37@57.03 AGMx37@57.03 CELx37@57.03 BOCHx37@57.03 
Purchases: AGOx37@57.03 AGGx37@57.03 AGMx37@57.03 CELx37@57.03 BOCHx37@57.03 

2014-06-04
Cash: 142.97
Held: AGOx37@57.44 AGMx37@57.44 CELx37@57.44 BOCHx37@57.44 AGGx37@57.44 
Value: 10768.91
Sales: AGOx37@57.44 AGGx37@57.44 AGMx37@57.44 CELx37@57.44 BOCHx37@57.44 
Purchases: AGOx37@57.44 AGGx37@57.44 AGMx37@57.44 CELx37@57.44 BOCHx37@57.44 

2014-06-05
Cash: 142.97
Held: AGOx37@58.59 AGMx37@58.59 CELx37@58.59 BOCHx37@58.59 AGGx37@58.59 
Value: 10982.81
Sales: AGOx37@58.59 AGGx37@58.59 AGMx37@58.59 CELx37@58.59 BOCHx37@58.59 
Purchases: AGOx37@58.59 AGGx37@58.59 AGMx37@58.59 CELx37@58.59 BOCHx37@58.59 

2014-06-08
Cash: 142.97
Held: AGOx37@59.00 AGMx37@59.00 CELx37@59.00 BOCHx37@59.00 AGGx37@59.00 
Value: 11057.97
Sales: AGOx37@59.00 AGGx37@59.00 AGMx37@59.00 CELx37@59.00 BOCHx37@59.00 
Purchases: AGOx37@59.00 AGGx37@59.00 AGMx37@59.00 CELx37@59.00 BOCHx37@59.00 

2014-06-09
Cash: 142.97
Held: AGOx37@59.16 AGMx37@59.16 CELx37@59.16 BOCHx37@59.16 AGGx37@59.16 
Value: 11086.88
Sales: AGOx37@59.16 AGGx37@59.16 AGMx37@59.16 CELx37@59.16 BOCHx37@59.16 
Purchases: AGOx37@59.16 AGGx37@59.16 AGMx37@59.16 CELx37@59.16 BOCHx37@59.16 

2014-06-10
Cash: 142.97
Held: AGOx37@58.34 AGMx37@58.34 CELx37@58.34 BOCHx37@58.34 AGGx37@58.34 
Value: 10936.56
Sales: AGOx37@58.34 AGGx37@58.34 AGMx37@58.34 CELx37@58.34 BOCHx37@58.34 
Purchases: AGOx37@58.34 AGGx37@58.34 AGMx37@58.34 CELx37@58.34 BOCHx37@58.34 

2014-06-11
Cash: 142.97
Held: AGOx37@58.91 AGMx37@58.91 CELx37@58.91 BOCHx37@58.91 AGGx37@58.91 
Value: 11040.62
Sales: AGOx37@58.91 AGGx37@58.91 AGMx37@58.91 CELx37@58.91 BOCHx37@58.91 
Purchases: AGOx37@58.91 AGGx37@58.91 AGMx37@58.91 CELx37@58.91 BOCHx37@58.91 

2014-06-12
Cash: 142.97
Held: AGOx37@58.53 AGMx37@58.53 CELx37@58.53 BOCHx37@58.53 AGGx37@58.53 
Value: 10971.25
Sales: AGOx37@58.53 AGGx37@58.53 AGMx37@58.53 CELx37@58.53 BOCHx37@58.53 
Purchases: AGOx37@58.53 AGGx37@58.53 AGMx37@58.53 CELx37@58.53 BOCHx37@58.53 

2014-06-15
Cash: 142.97
Held: AGOx37@58.56 AGMx37@58.56 CELx37@58.56 BOCHx37@58.56 AGGx37@58.56 
Value: 10977.03
Sales: AGOx37@58.56 AGGx37@58.56 AGMx37@58.56 CELx37@58.56 BOCHx37@58.56 
Purchases: AGOx37@58.56 AGGx37@58.56 AGMx37@58.56 CELx37@58.56 BOCHx37@58.56 

2014-06-16
Cash: 142.97
Held: AGOx37@58.28 AGMx37@58.28 CELx37@58.28 BOCHx37@58.28 AGGx37@58.28 
Value: 10925.00
Sales: AGOx37@58.28 AGGx37@58.28 AGMx37@58.28 CELx37@58.28 BOCHx37@58.28 
Purchases: AGOx37@58.28 AGGx37@58.28 AGMx37@58.28 CELx37@58.28 BOCHx37@58.28 

2014-06-17
Cash: 142.97
Held: AGOx37@58.88 AGMx37@58.88 CELx37@58.88 BOCHx37@58.88 AGGx37@58.88 
Value: 11034.84
Sales: AGOx37@58.88 AGGx37@58.88 AGMx37@58.88 CELx37@58.88 BOCHx37@58.88 
Purchases: AGOx37@58.88 AGGx37@58.88 AGMx37@58.88 CELx37@58.88 BOCHx37@58.88 

2014-06-18
Cash: 142.97
Held: AGOx37@59.19 AGMx37@59.19 CELx37@59.19 BOCHx37@59.19 AGGx37@59.19 
Value: 11092.66
Sales: AGOx37@59.19 AGGx37@59.19 AGMx37@59.19 CELx37@59.19 BOCHx37@59.19 
Purchases: AGOx37@59.19 AGGx37@59.19 AGMx37@59.19 CELx37@59.19 BOCHx37@59.19 

2014-06-19
Cash: 142.97
Held: AGOx37@57.84 AGMx37@57.84 CELx37@57.84 BOCHx37@57.84 AGGx37@57.84 
Value: 10844.06
Sales: AGOx37@57.84 AGGx37@57.84 AGMx37@57.84 CELx37@57.84 BOCHx37@57.84 
Purchases: AGOx37@57.84 AGGx37@57.84 AGMx37@57.84 CELx37@57.84 BOCHx37@57.84 

2014-06-22
Cash: 142.97
Held: AGOx37@58.72 AGMx37@58.72 CELx37@58.72 BOCHx37@58.72 AGGx37@58.72 
Value: 11005.94
Sales: AGOx37@58.72 AGGx37@58.72 AGMx37@58.72 CELx37@58.72 BOCHx37@58.72 
Purchases: AGOx37@58.72 AGGx37@58.72 AGMx37@58.72 CELx37@58.72 BOCHx37@58.72 

2014-06-23
Cash: 142.97
Held: AGOx37@58.03 AGMx37@58.03 CELx37@58.03 BOCHx37@58.03 AGGx37@58.03 
Value: 10878.75
Sales: AGOx37@58.03 AGGx37@58.03 AGMx37@58.03 CELx37@58.03 BOCHx37@58.03 
Purchases: AGOx37@58.03 AGGx37@58.03 AGMx37@58.03 CELx37@58.03 BOCHx37@58.03 

2014-06-24
Cash: 142.97
Held: AGOx37@57.62 AGMx37@57.62 CELx37@57.62 BOCHx37@57.62 AGGx37@57.62 
Value: 10803.59
Sales: AGOx37@57.62 AGGx37@57.62 AGMx37@57.62 CELx37@57.62 BOCHx37@57.62 
Purchases: AGOx37@57.62 AGGx37@57.62 AGMx37@57.62 CELx37@57.62 BOCHx37@57.62 

2014-06-25
Cash: 142.97
Held: AGOx37@58.00 AGMx37@58.00 CELx37@58.00 BOCHx37@58.00 AGGx37@58.00 
Value: 10872.97
Sales: AGOx37@58.00 AGGx37@58.00 AGMx37@58.00 CELx37@58.00 BOCHx37@58.00 
Purchases: AGOx37@58.00 AGGx37@58.00 AGMx37@58.00 CELx37@58.00 BOCHx37@58.00 

2014-06-26
Cash: 142.97
Held: AGOx37@57.53 AGMx37@57.53 CELx37@57.53 BOCHx37@57.53 AGGx37@57.53 
Value: 10786.25
Sales: AGOx37@57.53 AGGx37@57.53 AGMx37@57.53 CELx37@57.53 BOCHx37@57.53 
Purchases: AGOx37@57.53 AGGx37@57.53 AGMx37@57.53 CELx37@57.53 BOCHx37@57.53 

2014-06-29
Cash: 142.97
Held: AGOx37@57.38 AGMx37@57.38 CELx37@57.38 BOCHx37@57.38 AGGx37@57.38 
Value: 10757.34
Sales: AGOx37@57.38 AGGx37@57.38 AGMx37@57.38 CELx37@57.38 BOCHx37@57.38 
Purchases: AGOx37@57.38 AGGx37@57.38 AGMx37@57.38 CELx37@57.38 BOCHx37@57.38 

2014-06-30
Cash: 142.97
Held: AGOx37@57.75 AGMx37@57.75 CELx37@57.75 BOCHx37@57.75 AGGx37@57.75 
Value: 10826.72
Sales: AGOx37@57.75 AGGx37@57.75 AGMx37@57.75 CELx37@57.75 BOCHx37@57.75 
Purchases: AGOx37@57.75 AGGx37@57.75 AGMx37@57.75 CELx37@57.75 BOCHx37@57.75 

2014-07-01
Cash: 142.97
Held: AGOx37@58.12 AGMx37@58.12 CELx37@58.12 BOCHx37@58.12 AGGx37@58.12 
Value: 10896.09
Sales: AGOx37@58.12 AGGx37@58.12 AGMx37@58.12 CELx37@58.12 BOCHx37@58.12 
Purchases: AGOx37@58.12 AGGx37@58.12 AGMx37@58.12 CELx37@58.12 BOCHx37@58.12 

2014-07-02
Cash: 142.97
Held: AGOx37@58.19 AGMx37@58.19 CELx37@58.19 BOCHx37@58.19 AGGx37@58.19 
Value: 10907.66
Sales: AGOx37@58.19 AGGx37@58.19 AGMx37@58.19 CELx37@58.19 BOCHx37@58.19 
Purchases: AGOx37@58.19 AGGx37@58.19 AGMx37@58.19 CELx37@58.19 BOCHx37@58.19 

2014-07-06
Cash: 142.97
Held: AGOx37@58.19 AGMx37@58.19 CELx37@58.19 BOCHx37@58.19 AGGx37@58.19 
Value: 10907.66
Sales: AGOx37@58.19 AGGx37@58.19 AGMx37@58.19 CELx37@58.19 BOCHx37@58.19 
Purchases: AGOx37@58.19 AGGx37@58.19 AGMx37@58.19 CELx37@58.19 BOCHx37@58.19 

2014-07-07
Cash: 142.97
Held: AGOx37@57.84 AGMx37@57.84 CELx37@57.84 BOCHx37@57.84 AGGx37@57.84 
Value: 10844.06
Sales: AGOx37@57.84 AGGx37@57.84 AGMx37@57.84 CELx37@57.84 BOCHx37@57.84 
Purchases: AGOx37@57.84 AGGx37@57.84 AGMx37@57.84 CELx37@57.84 BOCHx37@57.84 

2014-07-08
Cash: 142.97
Held: AGOx37@57.06 AGMx37@57.06 CELx37@57.06 BOCHx37@57.06 AGGx37@57.06 
Value: 10699.53
Sales: AGOx37@57.06 AGGx37@57.06 AGMx37@57.06 CELx37@57.06 BOCHx37@57.06 
Purchases: AGOx37@57.06 AGGx37@57.06 AGMx37@57.06 CELx37@57.06 BOCHx37@57.06 

2014-07-09
Cash: 142.97
Held: AGOx37@56.41 AGMx37@56.41 CELx37@56.41 BOCHx37@56.41 AGGx37@56.41 
Value: 10578.12
Sales: AGOx37@56.41 AGGx37@56.41 AGMx37@56.41 CELx37@56.41 BOCHx37@56.41 
Purchases: AGOx37@56.41 AGGx37@56.41 AGMx37@56.41 CELx37@56.41 BOCHx37@56.41 

2014-07-10
Cash: 142.97
Held: AGOx37@56.34 AGMx37@56.34 CELx37@56.34 BOCHx37@56.34 AGGx37@56.34 
Value: 10566.56
Sales: AGOx37@56.34 AGGx37@56.34 AGMx37@56.34 CELx37@56.34 BOCHx37@56.34 
Purchases: AGOx37@56.34 AGGx37@56.34 AGMx37@56.34 CELx37@56.34 BOCHx37@56.34 

2014-07-13
Cash: 142.97
Held: AGOx37@56.94 AGMx37@56.94 CELx37@56.94 BOCHx37@56.94 AGGx37@56.94 
Value: 10676.41
Sales: AGOx37@56.94 AGGx37@56.94 AGMx37@56.94 CELx37@56.94 BOCHx37@56.94 
Purchases: AGOx37@56.94 AGGx37@56.94 AGMx37@56.94 CELx37@56.94 BOCHx37@56.94 

2014-07-14
Cash: 142.97
Held: AGOx37@56.69 AGMx37@56.69 CELx37@56.69 BOCHx37@56.69 AGGx37@56.69 
Value: 10630.16
Sales: AGOx37@56.69 AGGx37@56.69 AGMx37@56.69 CELx37@56.69 BOCHx37@56.69 
Purchases: AGOx37@56.69 AGGx37@56.69 AGMx37@56.69 CELx37@56.69 BOCHx37@56.69 

2014-07-15
Cash: 142.97
Held: AGOx37@56.88 AGMx37@56.88 CELx37@56.88 BOCHx37@56.88 AGGx37@56.88 
Value: 10664.84
Sales: AGOx37@56.88 AGGx37@56.88 AGMx37@56.88 CELx37@56.88 BOCHx37@56.88 
Purchases: AGOx37@56.88 AGGx37@56.88 AGMx37@56.88 CELx37@56.88 BOCHx37@56.88 

2014-07-16
Cash: 142.97
Held: AGOx37@56.47 AGMx37@56.47 CELx37@56.47 BOCHx37@56.47 AGGx37@56.47 
Value: 10589.69
Sales: AGOx37@56.47 AGGx37@56.47 AGMx37@56.47 CELx37@56.47 BOCHx37@56.47 
Purchases: AGOx37@56.47 AGGx37@56.47 AGMx37@56.47 CELx37@56.47 BOCHx37@56.47 

2014-07-17
Cash: 142.97
Held: AGOx37@55.41 AGMx37@55.41 CELx37@55.41 BOCHx37@55.41 AGGx37@55.41 
Value: 10393.12
Sales: AGOx37@55.41 AGGx37@55.41 AGMx37@55.41 CELx37@55.41 BOCHx37@55.41 
Purchases: AGOx37@55.41 AGGx37@55.41 AGMx37@55.41 CELx37@55.41 BOCHx37@55.41 

2014-07-20
Cash: 142.97
Held: AGOx37@55.88 AGMx37@55.88 CELx37@55.88 BOCHx37@55.88 AGGx37@55.88 
Value: 10479.84
Sales: AGOx37@55.88 AGGx37@55.88 AGMx37@55.88 CELx37@55.88 BOCHx37@55.88 
Purchases: AGOx37@55.88 AGGx37@55.88 AGMx37@55.88 CELx37@55.88 BOCHx37@55.88 

2014-07-21
Cash: 142.97
Held: AGOx37@57.00 AGMx37@57.00 CELx37@57.00 BOCHx37@57.00 AGGx37@57.00 
Value: 10687.97
Sales: AGOx37@57.00 AGGx37@57.00 AGMx37@57.00 CELx37@57.00 BOCHx37@57.00 
Purchases: AGOx37@57.00 AGGx37@57.00 AGMx37@57.00 CELx37@57.00 BOCHx37@57.00 

2014-07-22
Cash: 142.97
Held: AGOx37@58.12 AGMx37@58.12 CELx37@58.12 BOCHx37@58.12 AGGx37@58.12 
Value: 10896.09
Sales: AGOx37@58.12 AGGx37@58.12 AGMx37@58.12 CELx37@58.12 BOCHx37@58.12 
Purchases: AGOx37@58.12 AGGx37@58.12 AGMx37@58.12 CELx37@58.12 BOCHx37@58.12 

2014-07-23
Cash: 142.97
Held: AGOx37@57.59 AGMx37@57.59 CELx37@57.59 BOCHx37@57.59 AGGx37@57.59 
Value: 10797.81
Sales: AGOx37@57.59 AGGx37@57.59 AGMx37@57.59 CELx37@57.59 BOCHx37@57.59 
Purchases: AGOx37@57.59 AGGx37@57.59 AGMx37@57.59 CELx37@57.59 BOCHx37@57.59 

2014-07-24
Cash: 142.97
Held: AGOx37@56.53 AGMx37@56.53 CELx37@56.53 BOCHx37@56.53 AGGx37@56.53 
Value: 10601.25
Sales: AGOx37@56.53 AGGx37@56.53 AGMx37@56.53 CELx37@56.53 BOCHx37@56.53 
Purchases: AGOx37@56.53 AGGx37@56.53 AGMx37@56.53 CELx37@56.53 BOCHx37@56.53 

2014-07-27
Cash: 142.97
Held: AGOx37@56.50 AGMx37@56.50 CELx37@56.50 BOCHx37@56.50 AGGx37@56.50 
Value: 10595.47
Sales: AGOx37@56.50 AGGx37@56.50 AGMx37@56.50 CELx37@56.50 BOCHx37@56.50 
Purchases: AGOx37@56.50 AGGx37@56.50 AGMx37@56.50 CELx37@56.50 BOCHx37@56.50 

2014-07-28
Cash: 142.97
Held: AGOx37@56.28 AGMx37@56.28 CELx37@56.28 BOCHx37@56.28 AGGx37@56.28 
Value: 10555.00
Sales: AGOx37@56.28 AGGx37@56.28 AGMx37@56.28 CELx37@56.28 BOCHx37@56.28 
Purchases: AGOx37@56.28 AGGx37@56.28 AGMx37@56.28 CELx37@56.28 BOCHx37@56.28 

2014-07-29
Cash: 142.97
Held: AGOx37@56.22 AGMx37@56.22 CELx37@56.22 BOCHx37@56.22 AGGx37@56.22 
Value: 10543.44
Sales: AGOx37@56.22 AGGx37@56.22 AGMx37@56.22 CELx37@56.22 BOCHx37@56.22 
Purchases: AGOx37@56.22 AGGx37@56.22 AGMx37@56.22 CELx37@56.22 BOCHx37@56.22 

2014-07-30
Cash: 142.97
Held: AGOx37@56.22 AGMx37@56.22 CELx37@56.22 BOCHx37@56.22 AGGx37@56.22 
Value: 10543.44
Sales: AGOx37@56.22 AGGx37@56.22 AGMx37@56.22 CELx37@56.22 BOCHx37@56.22 
Purchases: AGOx37@56.22 AGGx37@56.22 AGMx37@56.22 CELx37@56.22 BOCHx37@56.22 

2014-07-31
Cash: 142.97
Held: AGOx37@55.78 AGMx37@55.78 CELx37@55.78 BOCHx37@55.78 AGGx37@55.78 
Value: 10462.50
Sales: AGOx37@55.78 AGGx37@55.78 AGMx37@55.78 CELx37@55.78 BOCHx37@55.78 
Purchases: AGOx37@55.78 AGGx37@55.78 AGMx37@55.78 CELx37@55.78 BOCHx37@55.78 

2014-08-03
Cash: 142.97
Held: AGOx37@56.19 AGMx37@56.19 CELx37@56.19 BOCHx37@56.19 AGGx37@56.19 
Value: 10537.66
Sales: AGOx37@56.19 AGGx37@56.19 AGMx37@56.19 CELx37@56.19 BOCHx37@56.19 
Purchases: AGOx37@56.19 AGGx37@56.19 AGMx37@56.19 CELx37@56.19 BOCHx37@56.19 

2014-08-04
Cash: 142.97
Held: AGOx37@55.91 AGMx37@55.91 CELx37@55.91 BOCHx37@55.91 AGGx37@55.91 
Value: 10485.62
Sales: AGOx37@55.91 AGGx37@55.91 AGMx37@55.91 CELx37@55.91 BOCHx37@55.91 
Purchases: AGOx37@55.91 AGGx37@55.91 AGMx37@55.91 CELx37@55.91 BOCHx37@55.91 

2014-08-05
Cash: 142.97
Held: AGOx37@55.22 AGMx37@55.22 CELx37@55.22 BOCHx37@55.22 AGGx37@55.22 
Value: 10358.44
Sales: AGOx37@55.22 AGGx37@55.22 AGMx37@55.22 CELx37@55.22 BOCHx37@55.22 
Purchases: AGOx37@55.22 AGGx37@55.22 AGMx37@55.22 CELx37@55.22 BOCHx37@55.22 

2014-08-06
Cash: 142.97
Held: AGOx37@55.97 AGMx37@55.97 CELx37@55.97 BOCHx37@55.97 AGGx37@55.97 
Value: 10497.19
Sales: AGOx37@55.97 AGGx37@55.97 AGMx37@55.97 CELx37@55.97 BOCHx37@55.97 
Purchases: AGOx37@55.97 AGGx37@55.97 AGMx37@55.97 CELx37@55.97 BOCHx37@55.97 

2014-08-07
Cash: 142.97
Held: AGOx37@55.31 AGMx37@55.31 CELx37@55.31 BOCHx37@55.31 AGGx37@55.31 
Value: 10375.78
Sales: AGOx37@55.31 AGGx37@55.31 AGMx37@55.31 CELx37@55.31 BOCHx37@55.31 
Purchases: AGOx37@55.31 AGGx37@55.31 AGMx37@55.31 CELx37@55.31 BOCHx37@55.31 

2014-08-10
Cash: 142.97
Held: AGOx37@55.44 AGMx37@55.44 CELx37@55.44 BOCHx37@55.44 AGGx37@55.44 
Value: 10398.91
Sales: AGOx37@55.44 AGGx37@55.44 AGMx37@55.44 CELx37@55.44 BOCHx37@55.44 
Purchases: AGOx37@55.44 AGGx37@55.44 AGMx37@55.44 CELx37@55.44 BOCHx37@55.44 

2014-08-11
Cash: 142.97
Held: AGOx37@55.00 AGMx37@55.00 CELx37@55.00 BOCHx37@55.00 AGGx37@55.00 
Value: 10317.97
Sales: AGOx37@55.00 AGGx37@55.00 AGMx37@55.00 CELx37@55.00 BOCHx37@55.00 
Purchases: AGOx37@55.00 AGGx37@55.00 AGMx37@55.00 CELx37@55.00 BOCHx37@55.00 

2014-08-12
Cash: 142.97
Held: AGOx37@54.47 AGMx37@54.47 CELx37@54.47 BOCHx37@54.47 AGGx37@54.47 
Value: 10219.69
Sales: AGOx37@54.47 AGGx37@54.47 AGMx37@54.47 CELx37@54.47 BOCHx37@54.47 
Purchases: AGOx37@54.47 AGGx37@54.47 AGMx37@54.47 CELx37@54.47 BOCHx37@54.47 

2014-08-13
Cash: 142.97
Held: AGOx37@54.78 AGMx37@54.78 CELx37@54.78 BOCHx37@54.78 AGGx37@54.78 
Value: 10277.50
Sales: AGOx37@54.78 AGGx37@54.78 AGMx37@54.78 CELx37@54.78 BOCHx37@54.78 
Purchases: AGOx37@54.78 AGGx37@54.78 AGMx37@54.78 CELx37@54.78 BOCHx37@54.78 

2014-08-14
Cash: 142.97
Held: AGOx37@58.94 AGMx37@58.94 CELx37@58.94 BOCHx37@58.94 AGGx37@58.94 
Value: 11046.41
Sales: AGOx37@58.94 AGGx37@58.94 AGMx37@58.94 CELx37@58.94 BOCHx37@58.94 
Purchases: AGOx37@58.94 AGGx37@58.94 AGMx37@58.94 CELx37@58.94 BOCHx37@58.94 

2014-08-17
Cash: 142.97
Held: AGOx37@57.75 AGMx37@57.75 CELx37@57.75 BOCHx37@57.75 AGGx37@57.75 
Value: 10826.72
Sales: AGOx37@57.75 AGGx37@57.75 AGMx37@57.75 CELx37@57.75 BOCHx37@57.75 
Purchases: AGOx37@57.75 AGGx37@57.75 AGMx37@57.75 CELx37@57.75 BOCHx37@57.75 

2014-08-18
Cash: 142.97
Held: AGOx37@58.53 AGMx37@58.53 CELx37@58.53 BOCHx37@58.53 AGGx37@58.53 
Value: 10971.25
Sales: AGOx37@58.53 AGGx37@58.53 AGMx37@58.53 CELx37@58.53 BOCHx37@58.53 
Purchases: AGOx37@58.53 AGGx37@58.53 AGMx37@58.53 CELx37@58.53 BOCHx37@58.53 

2014-08-19
Cash: 142.97
Held: AGOx37@58.31 AGMx37@58.31 CELx37@58.31 BOCHx37@58.31 AGGx37@58.31 
Value: 10930.78
Sales: AGOx37@58.31 AGGx37@58.31 AGMx37@58.31 CELx37@58.31 BOCHx37@58.31 
Purchases: AGOx37@58.31 AGGx37@58.31 AGMx37@58.31 CELx37@58.31 BOCHx37@58.31 

2014-08-20
Cash: 142.97
Held: AGOx37@58.38 AGMx37@58.38 CELx37@58.38 BOCHx37@58.38 AGGx37@58.38 
Value: 10942.34
Sales: AGOx37@58.38 AGGx37@58.38 AGMx37@58.38 CELx37@58.38 BOCHx37@58.38 
Purchases: AGOx37@58.38 AGGx37@58.38 AGMx37@58.38 CELx37@58.38 BOCHx37@58.38 

2014-08-21
Cash: 142.97
Held: AGOx37@57.91 AGMx37@57.91 CELx37@57.91 BOCHx37@57.91 AGGx37@57.91 
Value: 10855.62
Sales: AGOx37@57.91 AGGx37@57.91 AGMx37@57.91 CELx37@57.91 BOCHx37@57.91 
Purchases: AGOx37@57.91 AGGx37@57.91 AGMx37@57.91 CELx37@57.91 BOCHx37@57.91 

2014-08-24
Cash: 142.97
Held: AGOx37@57.88 AGMx37@57.88 CELx37@57.88 BOCHx37@57.88 AGGx37@57.88 
Value: 10849.84
Sales: AGOx37@57.88 AGGx37@57.88 AGMx37@57.88 CELx37@57.88 BOCHx37@57.88 
Purchases: AGOx37@57.88 AGGx37@57.88 AGMx37@57.88 CELx37@57.88 BOCHx37@57.88 

2014-08-25
Cash: 142.97
Held: AGOx37@57.75 AGMx37@57.75 CELx37@57.75 BOCHx37@57.75 AGGx37@57.75 
Value: 10826.72
Sales: AGOx37@57.75 AGGx37@57.75 AGMx37@57.75 CELx37@57.75 BOCHx37@57.75 
Purchases: AGOx37@57.75 AGGx37@57.75 AGMx37@57.75 CELx37@57.75 BOCHx37@57.75 

2014-08-26
Cash: 142.97
Held: AGOx37@58.00 AGMx37@58.00 CELx37@58.00 BOCHx37@58.00 AGGx37@58.00 
Value: 10872.97
Sales: AGOx37@58.00 AGGx37@58.00 AGMx37@58.00 CELx37@58.00 BOCHx37@58.00 
Purchases: AGOx37@58.00 AGGx37@58.00 AGMx37@58.00 CELx37@58.00 BOCHx37@58.00 

2014-08-27
Cash: 142.97
Held: AGOx37@57.12 AGMx37@57.12 CELx37@57.12 BOCHx37@57.12 AGGx37@57.12 
Value: 10711.09
Sales: AGOx37@57.12 AGGx37@57.12 AGMx37@57.12 CELx37@57.12 BOCHx37@57.12 
Purchases: AGOx37@57.12 AGGx37@57.12 AGMx37@57.12 CELx37@57.12 BOCHx37@57.12 

2014-08-28
Cash: 142.97
Held: AGOx37@57.34 AGMx37@57.34 CELx37@57.34 BOCHx37@57.34 AGGx37@57.34 
Value: 10751.56
Sales: AGOx37@57.34 AGGx37@57.34 AGMx37@57.34 CELx37@57.34 BOCHx37@57.34 
Purchases: AGOx37@57.34 AGGx37@57.34 AGMx37@57.34 CELx37@57.34 BOCHx37@57.34 

2014-09-01
Cash: 142.97
Held: AGOx37@57.22 AGMx37@57.22 CELx37@57.22 BOCHx37@57.22 AGGx37@57.22 
Value: 10728.44
Sales: AGOx37@57.22 AGGx37@57.22 AGMx37@57.22 CELx37@57.22 BOCHx37@57.22 
Purchases: AGOx37@57.22 AGGx37@57.22 AGMx37@57.22 CELx37@57.22 BOCHx37@57.22 

2014-09-02
Cash: 142.97
Held: AGOx37@58.22 AGMx37@58.22 CELx37@58.22 BOCHx37@58.22 AGGx37@58.22 
Value: 10913.44
Sales: AGOx37@58.22 AGGx37@58.22 AGMx37@58.22 CELx37@58.22 BOCHx37@58.22 
Purchases: AGOx37@58.22 AGGx37@58.22 AGMx37@58.22 CELx37@58.22 BOCHx37@58.22 

2014-09-03
Cash: 142.97
Held: AGOx37@58.12 AGMx37@58.12 CELx37@58.12 BOCHx37@58.12 AGGx37@58.12 
Value: 10896.09
Sales: AGOx37@58.12 AGGx37@58.12 AGMx37@58.12 CELx37@58.12 BOCHx37@58.12 
Purchases: AGOx37@58.12 AGGx37@58.12 AGMx37@58.12 CELx37@58.12 BOCHx37@58.12 

2014-09-04
Cash: 142.97
Held: AGOx37@57.59 AGMx37@57.59 CELx37@57.59 BOCHx37@57.59 AGGx37@57.59 
Value: 10797.81
Sales: AGOx37@57.59 AGGx37@57.59 AGMx37@57.59 CELx37@57.59 BOCHx37@57.59 
Purchases: AGOx37@57.59 AGGx37@57.59 AGMx37@57.59 CELx37@57.59 BOCHx37@57.59 

2014-09-07
Cash: 142.97
Held: AGOx37@57.72 AGMx37@57.72 CELx37@57.72 BOCHx37@57.72 AGGx37@57.72 
Value: 10820.94
Sales: AGOx37@57.72 AGGx37@57.72 AGMx37@57.72 CELx37@57.72 BOCHx37@57.72 
Purchases: AGOx37@57.72 AGGx37@57.72 AGMx37@57.72 CELx37@57.72 BOCHx37@57.72 

2014-09-08
Cash: 142.97
Held: AGOx37@57.69 AGMx37@57.69 CELx37@57.69 BOCHx37@57.69 AGGx37@57.69 
Value: 10815.16
Sales: AGOx37@57.69 AGGx37@57.69 AGMx37@57.69 CELx37@57.69 BOCHx37@57.69 
Purchases: AGOx37@57.69 AGGx37@57.69 AGMx37@57.69 CELx37@57.69 BOCHx37@57.69 

2014-09-09
Cash: 142.97
Held: AGOx37@57.59 AGMx37@57.59 CELx37@57.59 BOCHx37@57.59 AGGx37@57.59 
Value: 10797.81
Sales: AGOx37@57.59 AGGx37@57.59 AGMx37@57.59 CELx37@57.59 BOCHx37@57.59 
Purchases: AGOx37@57.59 AGGx37@57.59 AGMx37@57.59 CELx37@57.59 BOCHx37@57.59 

2014-09-10
Cash: 142.97
Held: AGOx37@57.53 AGMx37@57.53 CELx37@57.53 BOCHx37@57.53 AGGx37@57.53 
Value: 10786.25
Sales: AGOx37@57.53 AGGx37@57.53 AGMx37@57.53 CELx37@57.53 BOCHx37@57.53 
Purchases: AGOx37@57.53 AGGx37@57.53 AGMx37@57.53 CELx37@57.53 BOCHx37@57.53 

2014-09-11
Cash: 142.97
Held: AGOx37@57.62 AGMx37@57.62 CELx37@57.62 BOCHx37@57.62 AGGx37@57.62 
Value: 10803.59
Sales: AGOx37@57.62 AGGx37@57.62 AGMx37@57.62 CELx37@57.62 BOCHx37@57.62 
Purchases: AGOx37@57.62 AGGx37@57.62 AGMx37@57.62 CELx37@57.62 BOCHx37@57.62 

2014-09-14
Cash: 142.97
Held: AGOx37@58.50 AGMx37@58.50 CELx37@58.50 BOCHx37@58.50 AGGx37@58.50 
Value: 10965.47
Sales: AGOx37@58.50 AGGx37@58.50 AGMx37@58.50 CELx37@58.50 BOCHx37@58.50 
Purchases: AGOx37@58.50 AGGx37@58.50 AGMx37@58.50 CELx37@58.50 BOCHx37@58.50 

2014-09-15
Cash: 142.97
Held: AGOx37@57.81 AGMx37@57.81 CELx37@57.81 BOCHx37@57.81 AGGx37@57.81 
Value: 10838.28
Sales: AGOx37@57.81 AGGx37@57.81 AGMx37@57.81 CELx37@57.81 BOCHx37@57.81 
Purchases: AGOx37@57.81 AGGx37@57.81 AGMx37@57.81 CELx37@57.81 BOCHx37@57.81 

2014-09-16
Cash: 142.97
Held: AGOx37@58.00 AGMx37@58.00 CELx37@58.00 BOCHx37@58.00 AGGx37@58.00 
Value: 10872.97
Sales: AGOx37@58.00 AGGx37@58.00 AGMx37@58.00 CELx37@58.00 BOCHx37@58.00 
Purchases: AGOx37@58.00 AGGx37@58.00 AGMx37@58.00 CELx37@58.00 BOCHx37@58.00 

2014-09-17
Cash: 142.97
Held: AGOx37@59.19 AGMx37@59.19 CELx37@59.19 BOCHx37@59.19 AGGx37@59.19 
Value: 11092.66
Sales: AGOx37@59.19 AGGx37@59.19 AGMx37@59.19 CELx37@59.19 BOCHx37@59.19 
Purchases: AGOx37@59.19 AGGx37@59.19 AGMx37@59.19 CELx37@59.19 BOCHx37@59.19 

2014-09-18
Cash: 142.97
Held: AGOx37@58.81 AGMx37@58.81 CELx37@58.81 BOCHx37@58.81 AGGx37@58.81 
Value: 11023.28
Sales: AGOx37@58.81 AGGx37@58.81 AGMx37@58.81 CELx37@58.81 BOCHx37@58.81 
Purchases: AGOx37@58.81 AGGx37@58.81 AGMx37@58.81 CELx37@58.81 BOCHx37@58.81 

2014-09-21
Cash: 142.97
Held: AGOx37@58.12 AGMx37@58.12 CELx37@58.12 BOCHx37@58.12 AGGx37@58.12 
Value: 10896.09
Sales: AGOx37@58.12 AGGx37@58.12 AGMx37@58.12 CELx37@58.12 BOCHx37@58.12 
Purchases: AGOx37@58.12 AGGx37@58.12 AGMx37@58.12 CELx37@58.12 BOCHx37@58.12 

2014-09-22
Cash: 142.97
Held: AGOx37@57.25 AGMx37@57.25 CELx37@57.25 BOCHx37@57.25 AGGx37@57.25 
Value: 10734.22
Sales: AGOx37@57.25 AGGx37@57.25 AGMx37@57.25 CELx37@57.25 BOCHx37@57.25 
Purchases: AGOx37@57.25 AGGx37@57.25 AGMx37@57.25 CELx37@57.25 BOCHx37@57.25 

2014-09-23
Cash: 142.97
Held: AGOx37@56.88 AGMx37@56.88 CELx37@56.88 BOCHx37@56.88 AGGx37@56.88 
Value: 10664.84
Sales: AGOx37@56.88 AGGx37@56.88 AGMx37@56.88 CELx37@56.88 BOCHx37@56.88 
Purchases: AGOx37@56.88 AGGx37@56.88 AGMx37@56.88 CELx37@56.88 BOCHx37@56.88 

2014-09-24
Cash: 142.97
Held: AGOx37@57.88 AGMx37@57.88 CELx37@57.88 BOCHx37@57.88 AGGx37@57.88 
Value: 10849.84
Sales: AGOx37@57.88 AGGx37@57.88 AGMx37@57.88 CELx37@57.88 BOCHx37@57.88 
Purchases: AGOx37@57.88 AGGx37@57.88 AGMx37@57.88 CELx37@57.88 BOCHx37@57.88 

2014-09-25
Cash: 142.97
Held: AGOx37@56.78 AGMx37@56.78 CELx37@56.78 BOCHx37@56.78 AGGx37@56.78 
Value: 10647.50
Sales: AGOx37@56.78 AGGx37@56.78 AGMx37@56.78 CELx37@56.78 BOCHx37@56.78 
Purchases: AGOx37@56.78 AGGx37@56.78 AGMx37@56.78 CELx37@56.78 BOCHx37@56.78 

2014-09-28
Cash: 142.97
Held: AGOx37@56.03 AGMx37@56.03 CELx37@56.03 BOCHx37@56.03 AGGx37@56.03 
Value: 10508.75
Sales: AGOx37@56.03 AGGx37@56.03 AGMx37@56.03 CELx37@56.03 BOCHx37@56.03 
Purchases: AGOx37@56.03 AGGx37@56.03 AGMx37@56.03 CELx37@56.03 BOCHx37@56.03 

2014-09-29
Cash: 142.97
Held: AGOx37@57.22 AGMx37@57.22 CELx37@57.22 BOCHx37@57.22 AGGx37@57.22 
Value: 10728.44
Sales: AGOx37@57.22 AGGx37@57.22 AGMx37@57.22 CELx37@57.22 BOCHx37@57.22 
Purchases: AGOx37@57.22 AGGx37@57.22 AGMx37@57.22 CELx37@57.22 BOCHx37@57.22 

2014-09-30
Cash: 142.97
Held: AGOx37@56.84 AGMx37@56.84 CELx37@56.84 BOCHx37@56.84 AGGx37@56.84 
Value: 10659.06
Sales: AGOx37@56.84 AGGx37@56.84 AGMx37@56.84 CELx37@56.84 BOCHx37@56.84 
Purchases: AGOx37@56.84 AGGx37@56.84 AGMx37@56.84 CELx37@56.84 BOCHx37@56.84 

2014-10-01
Cash: 142.97
Held: AGOx37@56.12 AGMx37@56.12 CELx37@56.12 BOCHx37@56.12 AGGx37@56.12 
Value: 10526.09
Sales: AGOx37@56.12 AGGx37@56.12 AGMx37@56.12 CELx37@56.12 BOCHx37@56.12 
Purchases: AGOx37@56.12 AGGx37@56.12 AGMx37@56.12 CELx37@56.12 BOCHx37@56.12 

2014-10-02
Cash: 142.97
Held: AGOx37@56.19 AGMx37@56.19 CELx37@56.19 BOCHx37@56.19 AGGx37@56.19 
Value: 10537.66
Sales: AGOx37@56.19 AGGx37@56.19 AGMx37@56.19 CELx37@56.19 BOCHx37@56.19 
Purchases: AGOx37@56.19 AGGx37@56.19 AGMx37@56.19 CELx37@56.19 BOCHx37@56.19 

2014-10-05
Cash: 142.97
Held: AGOx37@57.06 AGMx37@57.06 CELx37@57.06 BOCHx37@57.06 AGGx37@57.06 
Value: 10699.53
Sales: AGOx37@57.06 AGGx37@57.06 AGMx37@57.06 CELx37@57.06 BOCHx37@57.06 
Purchases: AGOx37@57.06 AGGx37@57.06 AGMx37@57.06 CELx37@57.06 BOCHx37@57.06 

2014-10-06
Cash: 142.97
Held: AGOx37@56.25 AGMx37@56.25 CELx37@56.25 BOCHx37@56.25 AGGx37@56.25 
Value: 10549.22
Sales: AGOx37@56.25 AGGx37@56.25 AGMx37@56.25 CELx37@56.25 BOCHx37@56.25 
Purchases: AGOx37@56.25 AGGx37@56.25 AGMx37@56.25 CELx37@56.25 BOCHx37@56.25 

2014-10-07
Cash: 142.97
Held: AGOx37@55.06 AGMx37@55.06 CELx37@55.06 BOCHx37@55.06 AGGx37@55.06 
Value: 10329.53
Sales: AGOx37@55.06 AGGx37@55.06 AGMx37@55.06 CELx37@55.06 BOCHx37@55.06 
Purchases: AGOx37@55.06 AGGx37@55.06 AGMx37@55.06 CELx37@55.06 BOCHx37@55.06 

2014-10-08
Cash: 142.97
Held: AGOx37@56.28 AGMx37@56.28 CELx37@56.28 BOCHx37@56.28 AGGx37@56.28 
Value: 10555.00
Sales: AGOx37@56.28 AGGx37@56.28 AGMx37@56.28 CELx37@56.28 BOCHx37@56.28 
Purchases: AGOx37@56.28 AGGx37@56.28 AGMx37@56.28 CELx37@56.28 BOCHx37@56.28 

2014-10-09
Cash: 142.97
Held: AGOx37@54.91 AGMx37@54.91 CELx37@54.91 BOCHx37@54.91 AGGx37@54.91 
Value: 10300.62
Sales: AGOx37@54.91 AGGx37@54.91 AGMx37@54.91 CELx37@54.91 BOCHx37@54.91 
Purchases: AGOx37@54.91 AGGx37@54.91 AGMx37@54.91 CELx37@54.91 BOCHx37@54.91 

2014-10-12
Cash: 142.97
Held: AGOx37@53.72 AGMx37@53.72 CELx37@53.72 BOCHx37@53.72 AGGx37@53.72 
Value: 10080.94
Sales: AGOx37@53.72 AGGx37@53.72 AGMx37@53.72 CELx37@53.72 BOCHx37@53.72 
Purchases: AGOx37@53.72 AGGx37@53.72 AGMx37@53.72 CELx37@53.72 BOCHx37@53.72 

2014-10-13
Cash: 142.97
Held: AGOx37@53.03 AGMx37@53.03 CELx37@53.03 BOCHx37@53.03 AGGx37@53.03 
Value: 9953.75
Sales: AGOx37@53.03 AGGx37@53.03 AGMx37@53.03 CELx37@53.03 BOCHx37@53.03 
Purchases: AGOx37@53.03 AGGx37@53.03 AGMx37@53.03 CELx37@53.03 BOCHx37@53.03 

2014-10-14
Cash: 142.97
Held: AGOx37@50.88 AGMx37@50.88 CELx37@50.88 BOCHx37@50.88 AGGx37@50.88 
Value: 9554.84
Sales: AGOx37@50.88 AGGx37@50.88 AGMx37@50.88 CELx37@50.88 BOCHx37@50.88 
Purchases: AGOx37@50.88 AGGx37@50.88 AGMx37@50.88 CELx37@50.88 BOCHx37@50.88 

2014-10-15
Cash: 142.97
Held: AGOx37@50.78 AGMx37@50.78 CELx37@50.78 BOCHx37@50.78 AGGx37@50.78 
Value: 9537.50
Sales: AGOx37@50.78 AGGx37@50.78 AGMx37@50.78 CELx37@50.78 BOCHx37@50.78 
Purchases: AGOx37@50.78 AGGx37@50.78 AGMx37@50.78 CELx37@50.78 BOCHx37@50.78 

2014-10-16
Cash: 142.97
Held: AGOx37@52.16 AGMx37@52.16 CELx37@52.16 BOCHx37@52.16 AGGx37@52.16 
Value: 9791.88
Sales: AGOx37@52.16 AGGx37@52.16 AGMx37@52.16 CELx37@52.16 BOCHx37@52.16 
Purchases: AGOx37@52.16 AGGx37@52.16 AGMx37@52.16 CELx37@52.16 BOCHx37@52.16 

2014-10-19
Cash: 142.97
Held: AGOx37@52.06 AGMx37@52.06 CELx37@52.06 BOCHx37@52.06 AGGx37@52.06 
Value: 9774.53
Sales: AGOx37@52.06 AGGx37@52.06 AGMx37@52.06 CELx37@52.06 BOCHx37@52.06 
Purchases: AGOx37@52.06 AGGx37@52.06 AGMx37@52.06 CELx37@52.06 BOCHx37@52.06 

2014-10-20
Cash: 142.97
Held: AGOx37@52.88 AGMx37@52.88 CELx37@52.88 BOCHx37@52.88 AGGx37@52.88 
Value: 9924.84
Sales: AGOx37@52.88 AGGx37@52.88 AGMx37@52.88 CELx37@52.88 BOCHx37@52.88 
Purchases: AGOx37@52.88 AGGx37@52.88 AGMx37@52.88 CELx37@52.88 BOCHx37@52.88 

2014-10-21
Cash: 142.97
Held: AGOx37@53.78 AGMx37@53.78 CELx37@53.78 BOCHx37@53.78 AGGx37@53.78 
Value: 10092.50
Sales: AGOx37@53.78 AGGx37@53.78 AGMx37@53.78 CELx37@53.78 BOCHx37@53.78 
Purchases: AGOx37@53.78 AGGx37@53.78 AGMx37@53.78 CELx37@53.78 BOCHx37@53.78 

2014-10-22
Cash: 142.97
Held: AGOx37@53.59 AGMx37@53.59 CELx37@53.59 BOCHx37@53.59 AGGx37@53.59 
Value: 10057.81
Sales: AGOx37@53.59 AGGx37@53.59 AGMx37@53.59 CELx37@53.59 BOCHx37@53.59 
Purchases: AGOx37@53.59 AGGx37@53.59 AGMx37@53.59 CELx37@53.59 BOCHx37@53.59 

2014-10-23
Cash: 142.97
Held: AGOx37@53.69 AGMx37@53.69 CELx37@53.69 BOCHx37@53.69 AGGx37@53.69 
Value: 10075.16
Sales: AGOx37@53.69 AGGx37@53.69 AGMx37@53.69 CELx37@53.69 BOCHx37@53.69 
Purchases: AGOx37@53.69 AGGx37@53.69 AGMx37@53.69 CELx37@53.69 BOCHx37@53.69 

2014-10-26
Cash: 142.97
Held: AGOx37@53.94 AGMx37@53.94 CELx37@53.94 BOCHx37@53.94 AGGx37@53.94 
Value: 10121.41
Sales: AGOx37@53.94 AGGx37@53.94 AGMx37@53.94 CELx37@53.94 BOCHx37@53.94 
Purchases: AGOx37@53.94 AGGx37@53.94 AGMx37@53.94 CELx37@53.94 BOCHx37@53.94 

2014-10-27
Cash: 142.97
Held: AGOx37@54.12 AGMx37@54.12 CELx37@54.12 BOCHx37@54.12 AGGx37@54.12 
Value: 10156.09
Sales: AGOx37@54.12 AGGx37@54.12 AGMx37@54.12 CELx37@54.12 BOCHx37@54.12 
Purchases: AGOx37@54.12 AGGx37@54.12 AGMx37@54.12 CELx37@54.12 BOCHx37@54.12 

2014-10-28
Cash: 142.97
Held: AGOx37@54.59 AGMx37@54.59 CELx37@54.59 BOCHx37@54.59 AGGx37@54.59 
Value: 10242.81
Sales: AGOx37@54.59 AGGx37@54.59 AGMx37@54.59 CELx37@54.59 BOCHx37@54.59 
Purchases: AGOx37@54.59 AGGx37@54.59 AGMx37@54.59 CELx37@54.59 BOCHx37@54.59 

2014-10-29
Cash: 142.97
Held: AGOx37@53.91 AGMx37@53.91 CELx37@53.91 BOCHx37@53.91 AGGx37@53.91 
Value: 10115.62
Sales: AGOx37@53.91 AGGx37@53.91 AGMx37@53.91 CELx37@53.91 BOCHx37@53.91 
Purchases: AGOx37@53.91 AGGx37@53.91 AGMx37@53.91 CELx37@53.91 BOCHx37@53.91 

2014-10-30
Cash: 142.97
Held: AGOx37@55.22 AGMx37@55.22 CELx37@55.22 BOCHx37@55.22 AGGx37@55.22 
Value: 10358.44
Sales: AGOx37@55.22 AGGx37@55.22 AGMx37@55.22 CELx37@55.22 BOCHx37@55.22 
Purchases: AGOx37@55.22 AGGx37@55.22 AGMx37@55.22 CELx37@55.22 BOCHx37@55.22 

2014-11-02
Cash: 142.97
Held: AGOx37@39.91 AGMx37@39.91 CELx37@39.91 BOCHx37@39.91 AGGx37@39.91 
Value: 7525.62
Sales: AGOx37@39.91 AGGx37@39.91 AGMx37@39.91 CELx37@39.91 BOCHx37@39.91 
Purchases: AGOx37@39.91 AGGx37@39.91 AGMx37@39.91 CELx37@39.91 BOCHx37@39.91 

2014-11-03
Cash: 142.97
Held: AGOx37@40.25 AGMx37@40.25 CELx37@40.25 BOCHx37@40.25 AGGx37@40.25 
Value: 7589.22
Sales: AGOx37@40.25 AGGx37@40.25 AGMx37@40.25 CELx37@40.25 BOCHx37@40.25 
Purchases: AGOx37@40.25 AGGx37@40.25 AGMx37@40.25 CELx37@40.25 BOCHx37@40.25 

2014-11-04
Cash: 142.97
Held: AGOx37@40.62 AGMx37@40.62 CELx37@40.62 BOCHx37@40.62 AGGx37@40.62 
Value: 7658.59
Sales: AGOx37@40.62 AGGx37@40.62 AGMx37@40.62 CELx37@40.62 BOCHx37@40.62 
Purchases: AGOx37@40.62 AGGx37@40.62 AGMx37@40.62 CELx37@40.62 BOCHx37@40.62 

2014-11-05
Cash: 142.97
Held: AGOx37@40.38 AGMx37@40.38 CELx37@40.38 BOCHx37@40.38 AGGx37@40.38 
Value: 7612.34
Sales: AGOx37@40.38 AGGx37@40.38 AGMx37@40.38 CELx37@40.38 BOCHx37@40.38 
Purchases: AGOx37@40.38 AGGx37@40.38 AGMx37@40.38 CELx37@40.38 BOCHx37@40.38 

2014-11-06
Cash: 142.97
Held: AGOx37@41.38 AGMx37@41.38 CELx37@41.38 BOCHx37@41.38 AGGx37@41.38 
Value: 7797.34
Sales: AGOx37@41.38 AGGx37@41.38 AGMx37@41.38 CELx37@41.38 BOCHx37@41.38 
Purchases: AGOx37@41.38 AGGx37@41.38 AGMx37@41.38 CELx37@41.38 BOCHx37@41.38 

2014-11-09
Cash: 142.97
Held: AGOx37@40.97 AGMx37@40.97 CELx37@40.97 BOCHx37@40.97 AGGx37@40.97 
Value: 7722.19
Sales: AGOx37@40.97 AGGx37@40.97 AGMx37@40.97 CELx37@40.97 BOCHx37@40.97 
Purchases: AGOx37@40.97 AGGx37@40.97 AGMx37@40.97 CELx37@40.97 BOCHx37@40.97 

2014-11-10
Cash: 142.97
Held: AGOx37@41.53 AGMx37@41.53 CELx37@41.53 BOCHx37@41.53 AGGx37@41.53 
Value: 7826.25
Sales: AGOx37@41.53 AGGx37@41.53 AGMx37@41.53 CELx37@41.53 BOCHx37@41.53 
Purchases: AGOx37@41.53 AGGx37@41.53 AGMx37@41.53 CELx37@41.53 BOCHx37@41.53 

2014-11-11
Cash: 142.97
Held: AGOx37@41.31 AGMx37@41.31 CELx37@41.31 BOCHx37@41.31 AGGx37@41.31 
Value: 7785.78
Sales: AGOx37@41.31 AGGx37@41.31 AGMx37@41.31 CELx37@41.31 BOCHx37@41.31 
Purchases: AGOx37@41.31 AGGx37@41.31 AGMx37@41.31 CELx37@41.31 BOCHx37@41.31 

2014-11-12
Cash: 142.97
Held: AGOx37@41.56 AGMx37@41.56 CELx37@41.56 BOCHx37@41.56 AGGx37@41.56 
Value: 7832.03
Sales: AGOx37@41.56 AGGx37@41.56 AGMx37@41.56 CELx37@41.56 BOCHx37@41.56 
Purchases: AGOx37@41.56 AGGx37@41.56 AGMx37@41.56 CELx37@41.56 BOCHx37@41.56 

2014-11-13
Cash: 142.97
Held: AGOx37@41.38 AGMx37@41.38 CELx37@41.38 BOCHx37@41.38 AGGx37@41.38 
Value: 7797.34
Sales: AGOx37@41.38 AGGx37@41.38 AGMx37@41.38 CELx37@41.38 BOCHx37@41.38 
Purchases: AGOx37@41.38 AGGx37@41.38 AGMx37@41.38 CELx37@41.38 BOCHx37@41.38 

2014-11-16
Cash: 142.97
Held: AGOx37@41.56 AGMx37@41.56 CELx37@41.56 BOCHx37@41.56 AGGx37@41.56 
Value: 7832.03
Sales: AGOx37@41.56 AGGx37@41.56 AGMx37@41.56 CELx37@41.56 BOCHx37@41.56 
Purchases: AGOx37@41.56 AGGx37@41.56 AGMx37@41.56 CELx37@41.56 BOCHx37@41.56 

2014-11-17
Cash: 142.97
Held: AGOx37@40.25 AGMx37@40.25 CELx37@40.25 BOCHx37@40.25 AGGx37@40.25 
Value: 7589.22
Sales: AGOx37@40.25 AGGx37@40.25 AGMx37@40.25 CELx37@40.25 BOCHx37@40.25 
Purchases: AGOx37@40.25 AGGx37@40.25 AGMx37@40.25 CELx37@40.25 BOCHx37@40.25 

2014-11-18
Cash: 142.97
Held: AGOx37@40.81 AGMx37@40.81 CELx37@40.81 BOCHx37@40.81 AGGx37@40.81 
Value: 7693.28
Sales: AGOx37@40.81 AGGx37@40.81 AGMx37@40.81 CELx37@40.81 BOCHx37@40.81 
Purchases: AGOx37@40.81 AGGx37@40.81 AGMx37@40.81 CELx37@40.81 BOCHx37@40.81 

2014-11-19
Cash: 142.97
Held: AGOx37@40.56 AGMx37@40.56 CELx37@40.56 BOCHx37@40.56 AGGx37@40.56 
Value: 7647.03
Sales: AGOx37@40.56 AGGx37@40.56 AGMx37@40.56 CELx37@40.56 BOCHx37@40.56 
Purchases: AGOx37@40.56 AGGx37@40.56 AGMx37@40.56 CELx37@40.56 BOCHx37@40.56 

2014-11-20
Cash: 142.97
Held: AGOx37@41.75 AGMx37@41.75 CELx37@41.75 BOCHx37@41.75 AGGx37@41.75 
Value: 7866.72
Sales: AGOx37@41.75 AGGx37@41.75 AGMx37@41.75 CELx37@41.75 BOCHx37@41.75 
Purchases: AGOx37@41.75 AGGx37@41.75 AGMx37@41.75 CELx37@41.75 BOCHx37@41.75 

2014-11-23
Cash: 142.97
Held: AGOx37@42.44 AGMx37@42.44 CELx37@42.44 BOCHx37@42.44 AGGx37@42.44 
Value: 7993.91
Sales: AGOx37@42.44 AGGx37@42.44 AGMx37@42.44 CELx37@42.44 BOCHx37@42.44 
Purchases: AGOx37@42.44 AGGx37@42.44 AGMx37@42.44 CELx37@42.44 BOCHx37@42.44 

2014-11-24
Cash: 142.97
Held: AGOx37@42.34 AGMx37@42.34 CELx37@42.34 BOCHx37@42.34 AGGx37@42.34 
Value: 7976.56
Sales: AGOx37@42.34 AGGx37@42.34 AGMx37@42.34 CELx37@42.34 BOCHx37@42.34 
Purchases: AGOx37@42.34 AGGx37@42.34 AGMx37@42.34 CELx37@42.34 BOCHx37@42.34 

2014-11-25
Cash: 142.97
Held: AGOx37@42.69 AGMx37@42.69 CELx37@42.69 BOCHx37@42.69 AGGx37@42.69 
Value: 8040.16
Sales: AGOx37@42.69 AGGx37@42.69 AGMx37@42.69 CELx37@42.69 BOCHx37@42.69 
Purchases: AGOx37@42.69 AGGx37@42.69 AGMx37@42.69 CELx37@42.69 BOCHx37@42.69 

2014-11-27
Cash: 142.97
Held: AGOx37@42.75 AGMx37@42.75 CELx37@42.75 BOCHx37@42.75 AGGx37@42.75 
Value: 8051.72
Sales: AGOx37@42.75 AGGx37@42.75 AGMx37@42.75 CELx37@42.75 BOCHx37@42.75 
Purchases: AGOx37@42.75 AGGx37@42.75 AGMx37@42.75 CELx37@42.75 BOCHx37@42.75 

2014-11-30
Cash: 142.97
Held: AGOx37@42.69 AGMx37@42.69 CELx37@42.69 BOCHx37@42.69 AGGx37@42.69 
Value: 8040.16
Sales: AGOx37@42.69 AGGx37@42.69 AGMx37@42.69 CELx37@42.69 BOCHx37@42.69 
Purchases: AGOx37@42.69 AGGx37@42.69 AGMx37@42.69 CELx37@42.69 BOCHx37@42.69 

2014-12-01
Cash: 142.97
Held: AGOx37@41.59 AGMx37@41.59 CELx37@41.59 BOCHx37@41.59 AGGx37@41.59 
Value: 7837.81
Sales: AGOx37@41.59 AGGx37@41.59 AGMx37@41.59 CELx37@41.59 BOCHx37@41.59 
Purchases: AGOx37@41.59 AGGx37@41.59 AGMx37@41.59 CELx37@41.59 BOCHx37@41.59 

2014-12-02
Cash: 142.97
Held: AGOx37@41.97 AGMx37@41.97 CELx37@41.97 BOCHx37@41.97 AGGx37@41.97 
Value: 7907.19
Sales: AGOx37@41.97 AGGx37@41.97 AGMx37@41.97 CELx37@41.97 BOCHx37@41.97 
Purchases: AGOx37@41.97 AGGx37@41.97 AGMx37@41.97 CELx37@41.97 BOCHx37@41.97 

2014-12-03
Cash: 142.97
Held: AGOx37@42.16 AGMx37@42.16 CELx37@42.16 BOCHx37@42.16 AGGx37@42.16 
Value: 7941.88
Sales: AGOx37@42.16 AGGx37@42.16 AGMx37@42.16 CELx37@42.16 BOCHx37@42.16 
Purchases: AGOx37@42.16 AGGx37@42.16 AGMx37@42.16 CELx37@42.16 BOCHx37@42.16 

2014-12-04
Cash: 142.97
Held: AGOx37@42.22 AGMx37@42.22 CELx37@42.22 BOCHx37@42.22 AGGx37@42.22 
Value: 7953.44
Sales: AGOx37@42.22 AGGx37@42.22 AGMx37@42.22 CELx37@42.22 BOCHx37@42.22 
Purchases: AGOx37@42.22 AGGx37@42.22 AGMx37@42.22 CELx37@42.22 BOCHx37@42.22 

2014-12-07
Cash: 142.97
Held: AGOx37@42.22 AGMx37@42.22 CELx37@42.22 BOCHx37@42.22 AGGx37@42.22 
Value: 7953.44
Sales: AGOx37@42.22 AGGx37@42.22 AGMx37@42.22 CELx37@42.22 BOCHx37@42.22 
Purchases: AGOx37@42.22 AGGx37@42.22 AGMx37@42.22 CELx37@42.22 BOCHx37@42.22 

2014-12-08
Cash: 142.97
Held: AGOx37@41.00 AGMx37@41.00 CELx37@41.00 BOCHx37@41.00 AGGx37@41.00 
Value: 7727.97
Sales: AGOx37@41.00 AGGx37@41.00 AGMx37@41.00 CELx37@41.00 BOCHx37@41.00 
Purchases: AGOx37@41.00 AGGx37@41.00 AGMx37@41.00 CELx37@41.00 BOCHx37@41.00 

2014-12-09
Cash: 142.97
Held: AGOx37@41.38 AGMx37@41.38 CELx37@41.38 BOCHx37@41.38 AGGx37@41.38 
Value: 7797.34
Sales: AGOx37@41.38 AGGx37@41.38 AGMx37@41.38 CELx37@41.38 BOCHx37@41.38 
Purchases: AGOx37@41.38 AGGx37@41.38 AGMx37@41.38 CELx37@41.38 BOCHx37@41.38 

2014-12-10
Cash: 142.97
Held: AGOx37@40.50 AGMx37@40.50 CELx37@40.50 BOCHx37@40.50 AGGx37@40.50 
Value: 7635.47
Sales: AGOx37@40.50 AGGx37@40.50 AGMx37@40.50 CELx37@40.50 BOCHx37@40.50 
Purchases: AGOx37@40.50 AGGx37@40.50 AGMx37@40.50 CELx37@40.50 BOCHx37@40.50 

2014-12-11
Cash: 142.97
Held: AGOx37@40.19 AGMx37@40.19 CELx37@40.19 BOCHx37@40.19 AGGx37@40.19 
Value: 7577.66
Sales: AGOx37@40.19 AGGx37@40.19 AGMx37@40.19 CELx37@40.19 BOCHx37@40.19 
Purchases: AGOx37@40.19 AGGx37@40.19 AGMx37@40.19 CELx37@40.19 BOCHx37@40.19 

2014-12-14
Cash: 142.97
Held: AGOx37@40.06 AGMx37@40.06 CELx37@40.06 BOCHx37@40.06 AGGx37@40.06 
Value: 7554.53
Sales: AGOx37@40.06 AGGx37@40.06 AGMx37@40.06 CELx37@40.06 BOCHx37@40.06 
Purchases: AGOx37@40.06 AGGx37@40.06 AGMx37@40.06 CELx37@40.06 BOCHx37@40.06 

2014-12-15
Cash: 142.97
Held: AGOx37@38.31 AGMx37@38.31 CELx37@38.31 BOCHx37@38.31 AGGx37@38.31 
Value: 7230.78
Sales: AGOx37@38.31 AGGx37@38.31 AGMx37@38.31 CELx37@38.31 BOCHx37@38.31 
Purchases: AGOx37@38.31 AGGx37@38.31 AGMx37@38.31 CELx37@38.31 BOCHx37@38.31 

2014-12-16
Cash: 142.97
Held: AGOx37@38.34 AGMx37@38.34 CELx37@38.34 BOCHx37@38.34 AGGx37@38.34 
Value: 7236.56
Sales: AGOx37@38.34 AGGx37@38.34 AGMx37@38.34 CELx37@38.34 BOCHx37@38.34 
Purchases: AGOx37@38.34 AGGx37@38.34 AGMx37@38.34 CELx37@38.34 BOCHx37@38.34 

2014-12-17
Cash: 142.97
Held: AGOx37@40.47 AGMx37@40.47 CELx37@40.47 BOCHx37@40.47 AGGx37@40.47 
Value: 7629.69
Sales: AGOx37@40.47 AGGx37@40.47 AGMx37@40.47 CELx37@40.47 BOCHx37@40.47 
Purchases: AGOx37@40.47 AGGx37@40.47 AGMx37@40.47 CELx37@40.47 BOCHx37@40.47 

2014-12-18
Cash: 142.97
Held: AGOx37@40.91 AGMx37@40.91 CELx37@40.91 BOCHx37@40.91 AGGx37@40.91 
Value: 7710.62
Sales: AGOx37@40.91 AGGx37@40.91 AGMx37@40.91 CELx37@40.91 BOCHx37@40.91 
Purchases: AGOx37@40.91 AGGx37@40.91 AGMx37@40.91 CELx37@40.91 BOCHx37@40.91 

2014-12-21
Cash: 142.97
Held: AGOx37@41.38 AGMx37@41.38 CELx37@41.38 BOCHx37@41.38 AGGx37@41.38 
Value: 7797.34
Sales: AGOx37@41.38 AGGx37@41.38 AGMx37@41.38 CELx37@41.38 BOCHx37@41.38 
Purchases: AGOx37@41.38 AGGx37@41.38 AGMx37@41.38 CELx37@41.38 BOCHx37@41.38 

2014-12-22
Cash: 142.97
Held: AGOx37@41.97 AGMx37@41.97 CELx37@41.97 BOCHx37@41.97 AGGx37@41.97 
Value: 7907.19
Sales: AGOx37@41.97 AGGx37@41.97 AGMx37@41.97 CELx37@41.97 BOCHx37@41.97 
Purchases: AGOx37@41.97 AGGx37@41.97 AGMx37@41.97 CELx37@41.97 BOCHx37@41.97 

2014-12-23
Cash: 142.97
Held: AGOx37@41.41 AGMx37@41.41 CELx37@41.41 BOCHx37@41.41 AGGx37@41.41 
Value: 7803.12
Sales: AGOx37@41.41 AGGx37@41.41 AGMx37@41.41 CELx37@41.41 BOCHx37@41.41 
Purchases: AGOx37@41.41 AGGx37@41.41 AGMx37@41.41 CELx37@41.41 BOCHx37@41.41 

2014-12-25
Cash: 142.97
Held: AGOx37@41.34 AGMx37@41.34 CELx37@41.34 BOCHx37@41.34 AGGx37@41.34 
Value: 7791.56
Sales: AGOx37@41.34 AGGx37@41.34 AGMx37@41.34 CELx37@41.34 BOCHx37@41.34 
Purchases: AGOx37@41.34 AGGx37@41.34 AGMx37@41.34 CELx37@41.34 BOCHx37@41.34 

2014-12-28
Cash: 142.97
Held: AGOx37@41.38 AGMx37@41.38 CELx37@41.38 BOCHx37@41.38 AGGx37@41.38 
Value: 7797.34
Sales: AGOx37@41.38 AGGx37@41.38 AGMx37@41.38 CELx37@41.38 BOCHx37@41.38 
Purchases: AGOx37@41.38 AGGx37@41.38 AGMx37@41.38 CELx37@41.38 BOCHx37@41.38 

2014-12-29
Cash: 142.97
Held: AGOx37@41.22 AGMx37@41.22 CELx37@41.22 BOCHx37@41.22 AGGx37@41.22 
Value: 7768.44
Sales: AGOx37@41.22 AGGx37@41.22 AGMx37@41.22 CELx37@41.22 BOCHx37@41.22 
Purchases: AGOx37@41.22 AGGx37@41.22 AGMx37@41.22 CELx37@41.22 BOCHx37@41.22 

2014-12-30
Cash: 142.97
Held: AGOx37@41.38 AGMx37@41.38 CELx37@41.38 BOCHx37@41.38 AGGx37@41.38 
Value: 7797.34
Sales: AGOx37@41.38 AGGx37@41.38 AGMx37@41.38 CELx37@41.38 BOCHx37@41.38 
Purchases: AGOx37@41.38 AGGx37@41.38 AGMx37@41.38 CELx37@41.38 BOCHx37@41.38 

2015-01-01
Cash: 142.97
Held: AGOx37@41.19 AGMx37@41.19 CELx37@41.19 BOCHx37@41.19 AGGx37@41.19 
Value: 7762.66
Sales: AGOx37@41.19 AGGx37@41.19 AGMx37@41.19 CELx37@41.19 BOCHx37@41.19 
Purchases: AGOx37@41.19 AGGx37@41.19 AGMx37@41.19 CELx37@41.19 BOCHx37@41.19 

2015-01-04
Cash: 142.97
Held: AGOx37@40.31 AGMx37@40.31 CELx37@40.31 BOCHx37@40.31 AGGx37@40.31 
Value: 7600.78
Sales: AGOx37@40.31 AGGx37@40.31 AGMx37@40.31 CELx37@40.31 BOCHx37@40.31 
Purchases: AGOx37@40.31 AGGx37@40.31 AGMx37@40.31 CELx37@40.31 BOCHx37@40.31 

2015-01-05
Cash: 142.97
Held: AGOx37@39.81 AGMx37@39.81 CELx37@39.81 BOCHx37@39.81 AGGx37@39.81 
Value: 7508.28
Sales: AGOx37@39.81 AGGx37@39.81 AGMx37@39.81 CELx37@39.81 BOCHx37@39.81 
Purchases: AGOx37@39.81 AGGx37@39.81 AGMx37@39.81 CELx37@39.81 BOCHx37@39.81 

2015-01-06
Cash: 142.97
Held: AGOx37@39.53 AGMx37@39.53 CELx37@39.53 BOCHx37@39.53 AGGx37@39.53 
Value: 7456.25
Sales: AGOx37@39.53 AGGx37@39.53 AGMx37@39.53 CELx37@39.53 BOCHx37@39.53 
Purchases: AGOx37@39.53 AGGx37@39.53 AGMx37@39.53 CELx37@39.53 BOCHx37@39.53 

2015-01-07
Cash: 142.97
Held: AGOx37@40.25 AGMx37@40.25 CELx37@40.25 BOCHx37@40.25 AGGx37@40.25 
Value: 7589.22
Sales: AGOx37@40.25 AGGx37@40.25 AGMx37@40.25 CELx37@40.25 BOCHx37@40.25 
Purchases: AGOx37@40.25 AGGx37@40.25 AGMx37@40.25 CELx37@40.25 BOCHx37@40.25 

2015-01-08
Cash: 142.97
Held: AGOx37@41.00 AGMx37@41.00 CELx37@41.00 BOCHx37@41.00 AGGx37@41.00 
Value: 7727.97
Sales: AGOx37@41.00 AGGx37@41.00 AGMx37@41.00 CELx37@41.00 BOCHx37@41.00 
Purchases: AGOx37@41.00 AGGx37@41.00 AGMx37@41.00 CELx37@41.00 BOCHx37@41.00 

2015-01-11
Cash: 142.97
Held: AGOx37@40.62 AGMx37@40.62 CELx37@40.62 BOCHx37@40.62 AGGx37@40.62 
Value: 7658.59
Sales: AGOx37@40.62 AGGx37@40.62 AGMx37@40.62 CELx37@40.62 BOCHx37@40.62 
Purchases: AGOx37@40.62 AGGx37@40.62 AGMx37@40.62 CELx37@40.62 BOCHx37@40.62 

2015-01-12
Cash: 142.97
Held: AGOx37@40.47 AGMx37@40.47 CELx37@40.47 BOCHx37@40.47 AGGx37@40.47 
Value: 7629.69
Sales: AGOx37@40.47 AGGx37@40.47 AGMx37@40.47 CELx37@40.47 BOCHx37@40.47 
Purchases: AGOx37@40.47 AGGx37@40.47 AGMx37@40.47 CELx37@40.47 BOCHx37@40.47 

2015-01-13
Cash: 142.97
Held: AGOx37@39.03 AGMx37@39.03 CELx37@39.03 BOCHx37@39.03 AGGx37@39.03 
Value: 7363.75
Sales: AGOx37@39.03 AGGx37@39.03 AGMx37@39.03 CELx37@39.03 BOCHx37@39.03 
Purchases: AGOx37@39.03 AGGx37@39.03 AGMx37@39.03 CELx37@39.03 BOCHx37@39.03 

2015-01-14
Cash: 142.97
Held: AGOx37@39.34 AGMx37@39.34 CELx37@39.34 BOCHx37@39.34 AGGx37@39.34 
Value: 7421.56
Sales: AGOx37@39.34 AGGx37@39.34 AGMx37@39.34 CELx37@39.34 BOCHx37@39.34 
Purchases: AGOx37@39.34 AGGx37@39.34 AGMx37@39.34 CELx37@39.34 BOCHx37@39.34 

2015-01-15
Cash: 142.97
Held: AGOx37@37.84 AGMx37@37.84 CELx37@37.84 BOCHx37@37.84 AGGx37@37.84 
Value: 7144.06
Sales: AGOx37@37.84 AGGx37@37.84 AGMx37@37.84 CELx37@37.84 BOCHx37@37.84 
Purchases: AGOx37@37.84 AGGx37@37.84 AGMx37@37.84 CELx37@37.84 BOCHx37@37.84 

2015-01-19
Cash: 142.97
Held: AGOx37@38.44 AGMx37@38.44 CELx37@38.44 BOCHx37@38.44 AGGx37@38.44 
Value: 7253.91
Sales: AGOx37@38.44 AGGx37@38.44 AGMx37@38.44 CELx37@38.44 BOCHx37@38.44 
Purchases: AGOx37@38.44 AGGx37@38.44 AGMx37@38.44 CELx37@38.44 BOCHx37@38.44 

2015-01-20
Cash: 142.97
Held: AGOx37@37.75 AGMx37@37.75 CELx37@37.75 BOCHx37@37.75 AGGx37@37.75 
Value: 7126.72
Sales: AGOx37@37.75 AGGx37@37.75 AGMx37@37.75 CELx37@37.75 BOCHx37@37.75 
Purchases: AGOx37@37.75 AGGx37@37.75 AGMx37@37.75 CELx37@37.75 BOCHx37@37.75 

2015-01-21
Cash: 142.97
Held: AGOx37@38.50 AGMx37@38.50 CELx37@38.50 BOCHx37@38.50 AGGx37@38.50 
Value: 7265.47
Sales: AGOx37@38.50 AGGx37@38.50 AGMx37@38.50 CELx37@38.50 BOCHx37@38.50 
Purchases: AGOx37@38.50 AGGx37@38.50 AGMx37@38.50 CELx37@38.50 BOCHx37@38.50 

2015-01-22
Cash: 142.97
Held: AGOx37@39.59 AGMx37@39.59 CELx37@39.59 BOCHx37@39.59 AGGx37@39.59 
Value: 7467.81
Sales: AGOx37@39.59 AGGx37@39.59 AGMx37@39.59 CELx37@39.59 BOCHx37@39.59 
Purchases: AGOx37@39.59 AGGx37@39.59 AGMx37@39.59 CELx37@39.59 BOCHx37@39.59 

2015-01-25
Cash: 142.97
Held: AGOx37@38.78 AGMx37@38.78 CELx37@38.78 BOCHx37@38.78 AGGx37@38.78 
Value: 7317.50
Sales: AGOx37@38.78 AGGx37@38.78 AGMx37@38.78 CELx37@38.78 BOCHx37@38.78 
Purchases: AGOx37@38.78 AGGx37@38.78 AGMx37@38.78 CELx37@38.78 BOCHx37@38.78 

2015-01-26
Cash: 142.97
Held: AGOx37@38.69 AGMx37@38.69 CELx37@38.69 BOCHx37@38.69 AGGx37@38.69 
Value: 7300.16
Sales: AGOx37@38.69 AGGx37@38.69 AGMx37@38.69 CELx37@38.69 BOCHx37@38.69 
Purchases: AGOx37@38.69 AGGx37@38.69 AGMx37@38.69 CELx37@38.69 BOCHx37@38.69 

2015-01-27
Cash: 142.97
Held: AGOx37@39.00 AGMx37@39.00 CELx37@39.00 BOCHx37@39.00 AGGx37@39.00 
Value: 7357.97
Sales: AGOx37@39.00 AGGx37@39.00 AGMx37@39.00 CELx37@39.00 BOCHx37@39.00 
Purchases: AGOx37@39.00 AGGx37@39.00 AGMx37@39.00 CELx37@39.00 BOCHx37@39.00 

2015-01-28
Cash: 142.97
Held: AGOx37@38.00 AGMx37@38.00 CELx37@38.00 BOCHx37@38.00 AGGx37@38.00 
Value: 7172.97
Sales: AGOx37@38.00 AGGx37@38.00 AGMx37@38.00 CELx37@38.00 BOCHx37@38.00 
Purchases: AGOx37@38.00 AGGx37@38.00 AGMx37@38.00 CELx37@38.00 BOCHx37@38.00 

2015-01-29
Cash: 142.97
Held: AGOx37@38.00 AGMx37@38.00 CELx37@38.00 BOCHx37@38.00 AGGx37@38.00 
Value: 7172.97
Sales: AGOx37@38.00 AGGx37@38.00 AGMx37@38.00 CELx37@38.00 BOCHx37@38.00 
Purchases: AGOx37@38.00 AGGx37@38.00 AGMx37@38.00 CELx37@38.00 BOCHx37@38.00 

2015-02-01
Cash: 142.97
Held: AGOx37@37.91 AGMx37@37.91 CELx37@37.91 BOCHx37@37.91 AGGx37@37.91 
Value: 7155.62
Sales: AGOx37@37.91 AGGx37@37.91 AGMx37@37.91 CELx37@37.91 BOCHx37@37.91 
Purchases: AGOx37@37.91 AGGx37@37.91 AGMx37@37.91 CELx37@37.91 BOCHx37@37.91 

2015-02-02
Cash: 142.97
Held: AGOx37@39.03 AGMx37@39.03 CELx37@39.03 BOCHx37@39.03 AGGx37@39.03 
Value: 7363.75
Sales: AGOx37@39.03 AGGx37@39.03 AGMx37@39.03 CELx37@39.03 BOCHx37@39.03 
Purchases: AGOx37@39.03 AGGx37@39.03 AGMx37@39.03 CELx37@39.03 BOCHx37@39.03 

2015-02-03
Cash: 142.97
Held: AGOx37@39.34 AGMx37@39.34 CELx37@39.34 BOCHx37@39.34 AGGx37@39.34 
Value: 7421.56
Sales: AGOx37@39.34 AGGx37@39.34 AGMx37@39.34 CELx37@39.34 BOCHx37@39.34 
Purchases: AGOx37@39.34 AGGx37@39.34 AGMx37@39.34 CELx37@39.34 BOCHx37@39.34 

2015-02-04
Cash: 142.97
Held: AGOx37@39.22 AGMx37@39.22 CELx37@39.22 BOCHx37@39.22 AGGx37@39.22 
Value: 7398.44
Sales: AGOx37@39.22 AGGx37@39.22 AGMx37@39.22 CELx37@39.22 BOCHx37@39.22 
Purchases: AGOx37@39.22 AGGx37@39.22 AGMx37@39.22 CELx37@39.22 BOCHx37@39.22 

2015-02-05
Cash: 142.97
Held: AGOx37@39.53 AGMx37@39.53 CELx37@39.53 BOCHx37@39.53 AGGx37@39.53 
Value: 7456.25
Sales: AGOx37@39.53 AGGx37@39.53 AGMx37@39.53 CELx37@39.53 BOCHx37@39.53 
Purchases: AGOx37@39.53 AGGx37@39.53 AGMx37@39.53 CELx37@39.53 BOCHx37@39.53 

2015-02-08
Cash: 142.97
Held: AGOx37@39.22 AGMx37@39.22 CELx37@39.22 BOCHx37@39.22 AGGx37@39.22 
Value: 7398.44
Sales: AGOx37@39.22 AGGx37@39.22 AGMx37@39.22 CELx37@39.22 BOCHx37@39.22 
Purchases: AGOx37@39.22 AGGx37@39.22 AGMx37@39.22 CELx37@39.22 BOCHx37@39.22 

2015-02-09
Cash: 142.97
Held: AGOx37@39.31 AGMx37@39.31 CELx37@39.31 BOCHx37@39.31 AGGx37@39.31 
Value: 7415.78
Sales: AGOx37@39.31 AGGx37@39.31 AGMx37@39.31 CELx37@39.31 BOCHx37@39.31 
Purchases: AGOx37@39.31 AGGx37@39.31 AGMx37@39.31 CELx37@39.31 BOCHx37@39.31 

2015-02-10
Cash: 142.97
Held: AGOx37@39.62 AGMx37@39.62 CELx37@39.62 BOCHx37@39.62 AGGx37@39.62 
Value: 7473.59
Sales: AGOx37@39.62 AGGx37@39.62 AGMx37@39.62 CELx37@39.62 BOCHx37@39.62 
Purchases: AGOx37@39.62 AGGx37@39.62 AGMx37@39.62 CELx37@39.62 BOCHx37@39.62 

2015-02-11
Cash: 142.97
Held: AGOx37@39.59 AGMx37@39.59 CELx37@39.59 BOCHx37@39.59 AGGx37@39.59 
Value: 7467.81
Sales: AGOx37@39.59 AGGx37@39.59 AGMx37@39.59 CELx37@39.59 BOCHx37@39.59 
Purchases: AGOx37@39.59 AGGx37@39.59 AGMx37@39.59 CELx37@39.59 BOCHx37@39.59 

2015-02-12
Cash: 142.97
Held: AGOx37@39.97 AGMx37@39.97 CELx37@39.97 BOCHx37@39.97 AGGx37@39.97 
Value: 7537.19
Sales: AGOx37@39.97 AGGx37@39.97 AGMx37@39.97 CELx37@39.97 BOCHx37@39.97 
Purchases: AGOx37@39.97 AGGx37@39.97 AGMx37@39.97 CELx37@39.97 BOCHx37@39.97 

2015-02-16
Cash: 142.97
Held: AGOx37@40.00 AGMx37@40.00 CELx37@40.00 BOCHx37@40.00 AGGx37@40.00 
Value: 7542.97
Sales: AGOx37@40.00 AGGx37@40.00 AGMx37@40.00 CELx37@40.00 BOCHx37@40.00 
Purchases: AGOx37@40.00 AGGx37@40.00 AGMx37@40.00 CELx37@40.00 BOCHx37@40.00 

2015-02-17
Cash: 142.97
Held: AGOx37@41.12 AGMx37@41.12 CELx37@41.12 BOCHx37@41.12 AGGx37@41.12 
Value: 7751.09
Sales: AGOx37@41.12 AGGx37@41.12 AGMx37@41.12 CELx37@41.12 BOCHx37@41.12 
Purchases: AGOx37@41.12 AGGx37@41.12 AGMx37@41.12 CELx37@41.12 BOCHx37@41.12 

2015-02-18
Cash: 142.97
Held: AGOx37@41.41 AGMx37@41.41 CELx37@41.41 BOCHx37@41.41 AGGx37@41.41 
Value: 7803.12
Sales: AGOx37@41.41 AGGx37@41.41 AGMx37@41.41 CELx37@41.41 BOCHx37@41.41 
Purchases: AGOx37@41.41 AGGx37@41.41 AGMx37@41.41 CELx37@41.41 BOCHx37@41.41 

2015-02-19
Cash: 142.97
Held: AGOx37@41.09 AGMx37@41.09 CELx37@41.09 BOCHx37@41.09 AGGx37@41.09 
Value: 7745.31
Sales: AGOx37@41.09 AGGx37@41.09 AGMx37@41.09 CELx37@41.09 BOCHx37@41.09 
Purchases: AGOx37@41.09 AGGx37@41.09 AGMx37@41.09 CELx37@41.09 BOCHx37@41.09 

2015-02-22
Cash: 142.97
Held: AGOx37@41.88 AGMx37@41.88 CELx37@41.88 BOCHx37@41.88 AGGx37@41.88 
Value: 7889.84
Sales: AGOx37@41.88 AGGx37@41.88 AGMx37@41.88 CELx37@41.88 BOCHx37@41.88 
Purchases: AGOx37@41.88 AGGx37@41.88 AGMx37@41.88 CELx37@41.88 BOCHx37@41.88 

2015-02-23
Cash: 142.97
Held: AGOx37@41.62 AGMx37@41.62 CELx37@41.62 BOCHx37@41.62 AGGx37@41.62 
Value: 7843.59
Sales: AGOx37@41.62 AGGx37@41.62 AGMx37@41.62 CELx37@41.62 BOCHx37@41.62 
Purchases: AGOx37@41.62 AGGx37@41.62 AGMx37@41.62 CELx37@41.62 BOCHx37@41.62 

2015-02-24
Cash: 142.97
Held: AGOx37@42.34 AGMx37@42.34 CELx37@42.34 BOCHx37@42.34 AGGx37@42.34 
Value: 7976.56
Sales: AGOx37@42.34 AGGx37@42.34 AGMx37@42.34 CELx37@42.34 BOCHx37@42.34 
Purchases: AGOx37@42.34 AGGx37@42.34 AGMx37@42.34 CELx37@42.34 BOCHx37@42.34 

2015-02-25
Cash: 142.97
Held: AGOx37@42.22 AGMx37@42.22 CELx37@42.22 BOCHx37@42.22 AGGx37@42.22 
Value: 7953.44
Sales: AGOx37@42.22 AGGx37@42.22 AGMx37@42.22 CELx37@42.22 BOCHx37@42.22 
Purchases: AGOx37@42.22 AGGx37@42.22 AGMx37@42.22 CELx37@42.22 BOCHx37@42.22 

2015-02-26
Cash: 142.97
Held: AGOx37@42.31 AGMx37@42.31 CELx37@42.31 BOCHx37@42.31 AGGx37@42.31 
Value: 7970.78
Sales: AGOx37@42.31 AGGx37@42.31 AGMx37@42.31 CELx37@42.31 BOCHx37@42.31 
Purchases: AGOx37@42.31 AGGx37@42.31 AGMx37@42.31 CELx37@42.31 BOCHx37@42.31 

2015-03-01
Cash: 142.97
Held: AGOx37@42.34 AGMx37@42.34 CELx37@42.34 BOCHx37@42.34 AGGx37@42.34 
Value: 7976.56
Sales: AGOx37@42.34 AGGx37@42.34 AGMx37@42.34 CELx37@42.34 BOCHx37@42.34 
Purchases: AGOx37@42.34 AGGx37@42.34 AGMx37@42.34 CELx37@42.34 BOCHx37@42.34 

2015-03-02
Cash: 142.97
Held: AGOx37@42.44 AGMx37@42.44 CELx37@42.44 BOCHx37@42.44 AGGx37@42.44 
Value: 7993.91
Sales: AGOx37@42.44 AGGx37@42.44 AGMx37@42.44 CELx37@42.44 BOCHx37@42.44 
Purchases: AGOx37@42.44 AGGx37@42.44 AGMx37@42.44 CELx37@42.44 BOCHx37@42.44 

2015-03-03
Cash: 142.97
Held: AGOx37@41.94 AGMx37@41.94 CELx37@41.94 BOCHx37@41.94 AGGx37@41.94 
Value: 7901.41
Sales: AGOx37@41.94 AGGx37@41.94 AGMx37@41.94 CELx37@41.94 BOCHx37@41.94 
Purchases: AGOx37@41.94 AGGx37@41.94 AGMx37@41.94 CELx37@41.94 BOCHx37@41.94 

2015-03-04
Cash: 142.97
Held: AGOx37@42.00 AGMx37@42.00 CELx37@42.00 BOCHx37@42.00 AGGx37@42.00 
Value: 7912.97
Sales: AGOx37@42.00 AGGx37@42.00 AGMx37@42.00 CELx37@42.00 BOCHx37@42.00 
Purchases: AGOx37@42.00 AGGx37@42.00 AGMx37@42.00 CELx37@42.00 BOCHx37@42.00 

2015-03-05
Cash: 142.97
Held: AGOx37@41.94 AGMx37@41.94 CELx37@41.94 BOCHx37@41.94 AGGx37@41.94 
Value: 7901.41
Sales: AGOx37@41.94 AGGx37@41.94 AGMx37@41.94 CELx37@41.94 BOCHx37@41.94 
Purchases: AGOx37@41.94 AGGx37@41.94 AGMx37@41.94 CELx37@41.94 BOCHx37@41.94 

2015-03-08
Cash: 142.97
Held: AGOx37@41.53 AGMx37@41.53 CELx37@41.53 BOCHx37@41.53 AGGx37@41.53 
Value: 7826.25
Sales: AGOx37@41.53 AGGx37@41.53 AGMx37@41.53 CELx37@41.53 BOCHx37@41.53 
Purchases: AGOx37@41.53 AGGx37@41.53 AGMx37@41.53 CELx37@41.53 BOCHx37@41.53 

2015-03-09
Cash: 142.97
Held: AGOx37@41.22 AGMx37@41.22 CELx37@41.22 BOCHx37@41.22 AGGx37@41.22 
Value: 7768.44
Sales: AGOx37@41.22 AGGx37@41.22 AGMx37@41.22 CELx37@41.22 BOCHx37@41.22 
Purchases: AGOx37@41.22 AGGx37@41.22 AGMx37@41.22 CELx37@41.22 BOCHx37@41.22 

2015-03-10
Cash: 142.97
Held: AGOx37@40.78 AGMx37@40.78 CELx37@40.78 BOCHx37@40.78 AGGx37@40.78 
Value: 7687.50
Sales: AGOx37@40.78 AGGx37@40.78 AGMx37@40.78 CELx37@40.78 BOCHx37@40.78 
Purchases: AGOx37@40.78 AGGx37@40.78 AGMx37@40.78 CELx37@40.78 BOCHx37@40.78 

2015-03-11
Cash: 142.97
Held: AGOx37@41.00 AGMx37@41.00 CELx37@41.00 BOCHx37@41.00 AGGx37@41.00 
Value: 7727.97
Sales: AGOx37@41.00 AGGx37@41.00 AGMx37@41.00 CELx37@41.00 BOCHx37@41.00 
Purchases: AGOx37@41.00 AGGx37@41.00 AGMx37@41.00 CELx37@41.00 BOCHx37@41.00 

2015-03-12
Cash: 142.97
Held: AGOx37@40.97 AGMx37@40.97 CELx37@40.97 BOCHx37@40.97 AGGx37@40.97 
Value: 7722.19
Sales: AGOx37@40.97 AGGx37@40.97 AGMx37@40.97 CELx37@40.97 BOCHx37@40.97 
Purchases: AGOx37@40.97 AGGx37@40.97 AGMx37@40.97 CELx37@40.97 BOCHx37@40.97 

2015-03-15
Cash: 142.97
Held: AGOx37@41.16 AGMx37@41.16 CELx37@41.16 BOCHx37@41.16 AGGx37@41.16 
Value: 7756.88
Sales: AGOx37@41.16 AGGx37@41.16 AGMx37@41.16 CELx37@41.16 BOCHx37@41.16 
Purchases: AGOx37@41.16 AGGx37@41.16 AGMx37@41.16 CELx37@41.16 BOCHx37@41.16 

2015-03-16
Cash: 142.97
Held: AGOx37@41.53 AGMx37@41.53 CELx37@41.53 BOCHx37@41.53 AGGx37@41.53 
Value: 7826.25
Sales: AGOx37@41.53 AGGx37@41.53 AGMx37@41.53 CELx37@41.53 BOCHx37@41.53 
Purchases: AGOx37@41.53 AGGx37@41.53 AGMx37@41.53 CELx37@41.53 BOCHx37@41.53 

2015-03-17
Cash: 142.97
Held: AGOx37@41.44 AGMx37@41.44 CELx37@41.44 BOCHx37@41.44 AGGx37@41.44 
Value: 7808.91
Sales: AGOx37@41.44 AGGx37@41.44 AGMx37@41.44 CELx37@41.44 BOCHx37@41.44 
Purchases: AGOx37@41.44 AGGx37@41.44 AGMx37@41.44 CELx37@41.44 BOCHx37@41.44 

2015-03-18
Cash: 142.97
Held: AGOx37@42.06 AGMx37@42.06 CELx37@42.06 BOCHx37@42.06 AGGx37@42.06 
Value: 7924.53
Sales: AGOx37@42.06 AGGx37@42.06 AGMx37@42.06 CELx37@42.06 BOCHx37@42.06 
Purchases: AGOx37@42.06 AGGx37@42.06 AGMx37@42.06 CELx37@42.06 BOCHx37@42.06 

2015-03-19
Cash: 142.97
Held: AGOx37@42.38 AGMx37@42.38 CELx37@42.38 BOCHx37@42.38 AGGx37@42.38 
Value: 7982.34
Sales: AGOx37@42.38 AGGx37@42.38 AGMx37@42.38 CELx37@42.38 BOCHx37@42.38 
Purchases: AGOx37@42.38 AGGx37@42.38 AGMx37@42.38 CELx37@42.38 BOCHx37@42.38 

2015-03-22
Cash: 142.97
Held: AGOx37@42.12 AGMx37@42.12 CELx37@42.12 BOCHx37@42.12 AGGx37@42.12 
Value: 7936.09
Sales: AGOx37@42.12 AGGx37@42.12 AGMx37@42.12 CELx37@42.12 BOCHx37@42.12 
Purchases: AGOx37@42.12 AGGx37@42.12 AGMx37@42.12 CELx37@42.12 BOCHx37@42.12 

2015-03-23
Cash: 142.97
Held: AGOx37@42.12 AGMx37@42.12 CELx37@42.12 BOCHx37@42.12 AGGx37@42.12 
Value: 7936.09
Sales: AGOx37@42.12 AGGx37@42.12 AGMx37@42.12 CELx37@42.12 BOCHx37@42.12 
Purchases: AGOx37@42.12 AGGx37@42.12 AGMx37@42.12 CELx37@42.12 BOCHx37@42.12 

2015-03-24
Cash: 142.97
Held: AGOx37@41.16 AGMx37@41.16 CELx37@41.16 BOCHx37@41.16 AGGx37@41.16 
Value: 7756.88
Sales: AGOx37@41.16 AGGx37@41.16 AGMx37@41.16 CELx37@41.16 BOCHx37@41.16 
Purchases: AGOx37@41.16 AGGx37@41.16 AGMx37@41.16 CELx37@41.16 BOCHx37@41.16 

2015-03-25
Cash: 142.97
Held: AGOx37@40.69 AGMx37@40.69 CELx37@40.69 BOCHx37@40.69 AGGx37@40.69 
Value: 7670.16
Sales: AGOx37@40.69 AGGx37@40.69 AGMx37@40.69 CELx37@40.69 BOCHx37@40.69 
Purchases: AGOx37@40.69 AGGx37@40.69 AGMx37@40.69 CELx37@40.69 BOCHx37@40.69 

2015-03-26
Cash: 142.97
Held: AGOx37@40.59 AGMx37@40.59 CELx37@40.59 BOCHx37@40.59 AGGx37@40.59 
Value: 7652.81
Sales: AGOx37@40.59 AGGx37@40.59 AGMx37@40.59 CELx37@40.59 BOCHx37@40.59 
Purchases: AGOx37@40.59 AGGx37@40.59 AGMx37@40.59 CELx37@40.59 BOCHx37@40.59 

2015-03-29
Cash: 142.97
Held: AGOx37@41.53 AGMx37@41.53 CELx37@41.53 BOCHx37@41.53 AGGx37@41.53 
Value: 7826.25
Sales: AGOx37@41.53 AGGx37@41.53 AGMx37@41.53 CELx37@41.53 BOCHx37@41.53 
Purchases: AGOx37@41.53 AGGx37@41.53 AGMx37@41.53 CELx37@41.53 BOCHx37@41.53 

2015-03-30
Cash: 142.97
Held: AGOx37@41.28 AGMx37@41.28 CELx37@41.28 BOCHx37@41.28 AGGx37@41.28 
Value: 7780.00
Sales: AGOx37@41.28 AGGx37@41.28 AGMx37@41.28 CELx37@41.28 BOCHx37@41.28 
Purchases: AGOx37@41.28 AGGx37@41.28 AGMx37@41.28 CELx37@41.28 BOCHx37@41.28 

2015-03-31
Cash: 142.97
Held: AGOx37@41.47 AGMx37@41.47 CELx37@41.47 BOCHx37@41.47 AGGx37@41.47 
Value: 7814.69
Sales: AGOx37@41.47 AGGx37@41.47 AGMx37@41.47 CELx37@41.47 BOCHx37@41.47 
Purchases: AGOx37@41.47 AGGx37@41.47 AGMx37@41.47 CELx37@41.47 BOCHx37@41.47 

2015-04-01
Cash: 142.97
Held: AGOx37@41.47 AGMx37@41.47 CELx37@41.47 BOCHx37@41.47 AGGx37@41.47 
Value: 7814.69
Sales: AGOx37@41.47 AGGx37@41.47 AGMx37@41.47 CELx37@41.47 BOCHx37@41.47 
Purchases: AGOx37@41.47 AGGx37@41.47 AGMx37@41.47 CELx37@41.47 BOCHx37@41.47 

2015-04-05
Cash: 142.97
Held: AGOx37@41.69 AGMx37@41.69 CELx37@41.69 BOCHx37@41.69 AGGx37@41.69 
Value: 7855.16
Sales: AGOx37@41.69 AGGx37@41.69 AGMx37@41.69 CELx37@41.69 BOCHx37@41.69 
Purchases: AGOx37@41.69 AGGx37@41.69 AGMx37@41.69 CELx37@41.69 BOCHx37@41.69 

2015-04-06
Cash: 142.97
Held: AGOx37@41.94 AGMx37@41.94 CELx37@41.94 BOCHx37@41.94 AGGx37@41.94 
Value: 7901.41
Sales: AGOx37@41.94 AGGx37@41.94 AGMx37@41.94 CELx37@41.94 BOCHx37@41.94 
Purchases: AGOx37@41.94 AGGx37@41.94 AGMx37@41.94 CELx37@41.94 BOCHx37@41.94 

2015-04-07
Cash: 142.97
Held: AGOx37@42.44 AGMx37@42.44 CELx37@42.44 BOCHx37@42.44 AGGx37@42.44 
Value: 7993.91
Sales: AGOx37@42.44 AGGx37@42.44 AGMx37@42.44 CELx37@42.44 BOCHx37@42.44 
Purchases: AGOx37@42.44 AGGx37@42.44 AGMx37@42.44 CELx37@42.44 BOCHx37@42.44 

2015-04-08
Cash: 142.97
Held: AGOx37@42.16 AGMx37@42.16 CELx37@42.16 BOCHx37@42.16 AGGx37@42.16 
Value: 7941.88
Sales: AGOx37@42.16 AGGx37@42.16 AGMx37@42.16 CELx37@42.16 BOCHx37@42.16 
Purchases: AGOx37@42.16 AGGx37@42.16 AGMx37@42.16 CELx37@42.16 BOCHx37@42.16 

2015-04-09
Cash: 142.97
Held: AGOx37@42.81 AGMx37@42.81 CELx37@42.81 BOCHx37@42.81 AGGx37@42.81 
Value: 8063.28
Sales: AGOx37@42.81 AGGx37@42.81 AGMx37@42.81 CELx37@42.81 BOCHx37@42.81 
Purchases: AGOx37@42.81 AGGx37@42.81 AGMx37@42.81 CELx37@42.81 BOCHx37@42.81 

2015-04-12
Cash: 142.97
Held: AGOx37@43.59 AGMx37@43.59 CELx37@43.59 BOCHx37@43.59 AGGx37@43.59 
Value: 8207.81
Sales: AGOx37@43.59 AGGx37@43.59 AGMx37@43.59 CELx37@43.59 BOCHx37@43.59 
Purchases: AGOx37@43.59 AGGx37@43.59 AGMx37@43.59 CELx37@43.59 BOCHx37@43.59 

2015-04-13
Cash: 142.97
Held: AGOx37@42.97 AGMx37@42.97 CELx37@42.97 BOCHx37@42.97 AGGx37@42.97 
Value: 8092.19
Sales: AGOx37@42.97 AGGx37@42.97 AGMx37@42.97 CELx37@42.97 BOCHx37@42.97 
Purchases: AGOx37@42.97 AGGx37@42.97 AGMx37@42.97 CELx37@42.97 BOCHx37@42.97 

2015-04-14
Cash: 142.97
Held: AGOx37@43.28 AGMx37@43.28 CELx37@43.28 BOCHx37@43.28 AGGx37@43.28 
Value: 8150.00
Sales: AGOx37@43.28 AGGx37@43.28 AGMx37@43.28 CELx37@43.28 BOCHx37@43.28 
Purchases: AGOx37@43.28 AGGx37@43.28 AGMx37@43.28 CELx37@43.28 BOCHx37@43.28 

2015-04-15
Cash: 142.97
Held: AGOx37@43.12 AGMx37@43.12 CELx37@43.12 BOCHx37@43.12 AGGx37@43.12 
Value: 8121.09
Sales: AGOx37@43.12 AGGx37@43.12 AGMx37@43.12 CELx37@43.12 BOCHx37@43.12 
Purchases: AGOx37@43.12 AGGx37@43.12 AGMx37@43.12 CELx37@43.12 BOCHx37@43.12 

2015-04-16
Cash: 142.97
Held: AGOx37@42.75 AGMx37@42.75 CELx37@42.75 BOCHx37@42.75 AGGx37@42.75 
Value: 8051.72
Sales: AGOx37@42.75 AGGx37@42.75 AGMx37@42.75 CELx37@42.75 BOCHx37@42.75 
Purchases: AGOx37@42.75 AGGx37@42.75 AGMx37@42.75 CELx37@42.75 BOCHx37@42.75 

2015-04-19
Cash: 142.97
Held: AGOx37@43.34 AGMx37@43.34 CELx37@43.34 BOCHx37@43.34 AGGx37@43.34 
Value: 8161.56
Sales: AGOx37@43.34 AGGx37@43.34 AGMx37@43.34 CELx37@43.34 BOCHx37@43.34 
Purchases: AGOx37@43.34 AGGx37@43.34 AGMx37@43.34 CELx37@43.34 BOCHx37@43.34 

2015-04-20
Cash: 142.97
Held: AGOx37@43.41 AGMx37@43.41 CELx37@43.41 BOCHx37@43.41 AGGx37@43.41 
Value: 8173.12
Sales: AGOx37@43.41 AGGx37@43.41 AGMx37@43.41 CELx37@43.41 BOCHx37@43.41 
Purchases: AGOx37@43.41 AGGx37@43.41 AGMx37@43.41 CELx37@43.41 BOCHx37@43.41 

2015-04-21
Cash: 142.97
Held: AGOx37@42.72 AGMx37@42.72 CELx37@42.72 BOCHx37@42.72 AGGx37@42.72 
Value: 8045.94
Sales: AGOx37@42.72 AGGx37@42.72 AGMx37@42.72 CELx37@42.72 BOCHx37@42.72 
Purchases: AGOx37@42.72 AGGx37@42.72 AGMx37@42.72 CELx37@42.72 BOCHx37@42.72 

2015-04-22
Cash: 142.97
Held: AGOx37@42.41 AGMx37@42.41 CELx37@42.41 BOCHx37@42.41 AGGx37@42.41 
Value: 7988.12
Sales: AGOx37@42.41 AGGx37@42.41 AGMx37@42.41 CELx37@42.41 BOCHx37@42.41 
Purchases: AGOx37@42.41 AGGx37@42.41 AGMx37@42.41 CELx37@42.41 BOCHx37@42.41 

2015-04-23
Cash: 142.97
Held: AGOx37@42.72 AGMx37@42.72 CELx37@42.72 BOCHx37@42.72 AGGx37@42.72 
Value: 8045.94
Sales: AGOx37@42.72 AGGx37@42.72 AGMx37@42.72 CELx37@42.72 BOCHx37@42.72 
Purchases: AGOx37@42.72 AGGx37@42.72 AGMx37@42.72 CELx37@42.72 BOCHx37@42.72 

