2014-11-09
Cash: 10000.00
Held: 
Value: 10000.00
Sales: 
Purchases: AGOx48@40.97 AGGx48@40.97 AGMx48@40.97 CELx48@40.97 BOCHx48@40.97 

2014-11-10
Cash: 167.50
Held: AGOx48@41.53 AGMx48@41.53 CELx48@41.53 BOCHx48@41.53 AGGx48@41.53 
Value: 10135.00
Sales: AGOx48@41.53 AGGx48@41.53 AGMx48@41.53 CELx48@41.53 BOCHx48@41.53 
Purchases: AGOx48@41.53 AGGx48@41.53 AGMx48@41.53 CELx48@41.53 BOCHx48@41.53 

2014-11-11
Cash: 167.50
Held: AGOx48@41.31 AGMx48@41.31 CELx48@41.31 BOCHx48@41.31 AGGx48@41.31 
Value: 10082.50
Sales: AGOx48@41.31 AGGx48@41.31 AGMx48@41.31 CELx48@41.31 BOCHx48@41.31 
Purchases: AGOx48@41.31 AGGx48@41.31 AGMx48@41.31 CELx48@41.31 BOCHx48@41.31 

2014-11-12
Cash: 167.50
Held: AGOx48@41.56 AGMx48@41.56 CELx48@41.56 BOCHx48@41.56 AGGx48@41.56 
Value: 10142.50
Sales: AGOx48@41.56 AGGx48@41.56 AGMx48@41.56 CELx48@41.56 BOCHx48@41.56 
Purchases: AGOx48@41.56 AGGx48@41.56 AGMx48@41.56 CELx48@41.56 BOCHx48@41.56 

2014-11-13
Cash: 167.50
Held: AGOx48@41.38 AGMx48@41.38 CELx48@41.38 BOCHx48@41.38 AGGx48@41.38 
Value: 10097.50
Sales: AGOx48@41.38 AGGx48@41.38 AGMx48@41.38 CELx48@41.38 BOCHx48@41.38 
Purchases: AGOx48@41.38 AGGx48@41.38 AGMx48@41.38 CELx48@41.38 BOCHx48@41.38 

2014-11-16
Cash: 167.50
Held: AGOx48@41.56 AGMx48@41.56 CELx48@41.56 BOCHx48@41.56 AGGx48@41.56 
Value: 10142.50
Sales: AGOx48@41.56 AGGx48@41.56 AGMx48@41.56 CELx48@41.56 BOCHx48@41.56 
Purchases: AGOx48@41.56 AGGx48@41.56 AGMx48@41.56 CELx48@41.56 BOCHx48@41.56 

2014-11-17
Cash: 167.50
Held: AGOx48@40.25 AGMx48@40.25 CELx48@40.25 BOCHx48@40.25 AGGx48@40.25 
Value: 9827.50
Sales: AGOx48@40.25 AGGx48@40.25 AGMx48@40.25 CELx48@40.25 BOCHx48@40.25 
Purchases: AGOx48@40.25 AGGx48@40.25 AGMx48@40.25 CELx48@40.25 BOCHx48@40.25 

2014-11-18
Cash: 167.50
Held: AGOx48@40.81 AGMx48@40.81 CELx48@40.81 BOCHx48@40.81 AGGx48@40.81 
Value: 9962.50
Sales: AGOx48@40.81 AGGx48@40.81 AGMx48@40.81 CELx48@40.81 BOCHx48@40.81 
Purchases: AGOx48@40.81 AGGx48@40.81 AGMx48@40.81 CELx48@40.81 BOCHx48@40.81 

2014-11-19
Cash: 167.50
Held: AGOx48@40.56 AGMx48@40.56 CELx48@40.56 BOCHx48@40.56 AGGx48@40.56 
Value: 9902.50
Sales: AGOx48@40.56 AGGx48@40.56 AGMx48@40.56 CELx48@40.56 BOCHx48@40.56 
Purchases: AGOx48@40.56 AGGx48@40.56 AGMx48@40.56 CELx48@40.56 BOCHx48@40.56 

2014-11-20
Cash: 167.50
Held: AGOx48@41.75 AGMx48@41.75 CELx48@41.75 BOCHx48@41.75 AGGx48@41.75 
Value: 10187.50
Sales: AGOx48@41.75 AGGx48@41.75 AGMx48@41.75 CELx48@41.75 BOCHx48@41.75 
Purchases: AGOx48@41.75 AGGx48@41.75 AGMx48@41.75 CELx48@41.75 BOCHx48@41.75 

2014-11-23
Cash: 167.50
Held: AGOx48@42.44 AGMx48@42.44 CELx48@42.44 BOCHx48@42.44 AGGx48@42.44 
Value: 10352.50
Sales: AGOx48@42.44 AGGx48@42.44 AGMx48@42.44 CELx48@42.44 BOCHx48@42.44 
Purchases: AGOx48@42.44 AGGx48@42.44 AGMx48@42.44 CELx48@42.44 BOCHx48@42.44 

2014-11-24
Cash: 167.50
Held: AGOx48@42.34 AGMx48@42.34 CELx48@42.34 BOCHx48@42.34 AGGx48@42.34 
Value: 10330.00
Sales: AGOx48@42.34 AGGx48@42.34 AGMx48@42.34 CELx48@42.34 BOCHx48@42.34 
Purchases: AGOx48@42.34 AGGx48@42.34 AGMx48@42.34 CELx48@42.34 BOCHx48@42.34 

2014-11-25
Cash: 167.50
Held: AGOx48@42.69 AGMx48@42.69 CELx48@42.69 BOCHx48@42.69 AGGx48@42.69 
Value: 10412.50
Sales: AGOx48@42.69 AGGx48@42.69 AGMx48@42.69 CELx48@42.69 BOCHx48@42.69 
Purchases: AGOx48@42.69 AGGx48@42.69 AGMx48@42.69 CELx48@42.69 BOCHx48@42.69 

2014-11-27
Cash: 167.50
Held: AGOx48@42.75 AGMx48@42.75 CELx48@42.75 BOCHx48@42.75 AGGx48@42.75 
Value: 10427.50
Sales: AGOx48@42.75 AGGx48@42.75 AGMx48@42.75 CELx48@42.75 BOCHx48@42.75 
Purchases: AGOx48@42.75 AGGx48@42.75 AGMx48@42.75 CELx48@42.75 BOCHx48@42.75 

2014-11-30
Cash: 167.50
Held: AGOx48@42.69 AGMx48@42.69 CELx48@42.69 BOCHx48@42.69 AGGx48@42.69 
Value: 10412.50
Sales: AGOx48@42.69 AGGx48@42.69 AGMx48@42.69 CELx48@42.69 BOCHx48@42.69 
Purchases: AGOx48@42.69 AGGx48@42.69 AGMx48@42.69 CELx48@42.69 BOCHx48@42.69 

2014-12-01
Cash: 167.50
Held: AGOx48@41.59 AGMx48@41.59 CELx48@41.59 BOCHx48@41.59 AGGx48@41.59 
Value: 10150.00
Sales: AGOx48@41.59 AGGx48@41.59 AGMx48@41.59 CELx48@41.59 BOCHx48@41.59 
Purchases: AGOx48@41.59 AGGx48@41.59 AGMx48@41.59 CELx48@41.59 BOCHx48@41.59 

2014-12-02
Cash: 167.50
Held: AGOx48@41.97 AGMx48@41.97 CELx48@41.97 BOCHx48@41.97 AGGx48@41.97 
Value: 10240.00
Sales: AGOx48@41.97 AGGx48@41.97 AGMx48@41.97 CELx48@41.97 BOCHx48@41.97 
Purchases: AGOx48@41.97 AGGx48@41.97 AGMx48@41.97 CELx48@41.97 BOCHx48@41.97 

2014-12-03
Cash: 167.50
Held: AGOx48@42.16 AGMx48@42.16 CELx48@42.16 BOCHx48@42.16 AGGx48@42.16 
Value: 10285.00
Sales: AGOx48@42.16 AGGx48@42.16 AGMx48@42.16 CELx48@42.16 BOCHx48@42.16 
Purchases: AGOx48@42.16 AGGx48@42.16 AGMx48@42.16 CELx48@42.16 BOCHx48@42.16 

2014-12-04
Cash: 167.50
Held: AGOx48@42.22 AGMx48@42.22 CELx48@42.22 BOCHx48@42.22 AGGx48@42.22 
Value: 10300.00
Sales: AGOx48@42.22 AGGx48@42.22 AGMx48@42.22 CELx48@42.22 BOCHx48@42.22 
Purchases: AGOx48@42.22 AGGx48@42.22 AGMx48@42.22 CELx48@42.22 BOCHx48@42.22 

2014-12-07
Cash: 167.50
Held: AGOx48@42.22 AGMx48@42.22 CELx48@42.22 BOCHx48@42.22 AGGx48@42.22 
Value: 10300.00
Sales: AGOx48@42.22 AGGx48@42.22 AGMx48@42.22 CELx48@42.22 BOCHx48@42.22 
Purchases: AGOx48@42.22 AGGx48@42.22 AGMx48@42.22 CELx48@42.22 BOCHx48@42.22 

2014-12-08
Cash: 167.50
Held: AGOx48@41.00 AGMx48@41.00 CELx48@41.00 BOCHx48@41.00 AGGx48@41.00 
Value: 10007.50
Sales: AGOx48@41.00 AGGx48@41.00 AGMx48@41.00 CELx48@41.00 BOCHx48@41.00 
Purchases: AGOx48@41.00 AGGx48@41.00 AGMx48@41.00 CELx48@41.00 BOCHx48@41.00 

2014-12-09
Cash: 167.50
Held: AGOx48@41.38 AGMx48@41.38 CELx48@41.38 BOCHx48@41.38 AGGx48@41.38 
Value: 10097.50
Sales: AGOx48@41.38 AGGx48@41.38 AGMx48@41.38 CELx48@41.38 BOCHx48@41.38 
Purchases: AGOx48@41.38 AGGx48@41.38 AGMx48@41.38 CELx48@41.38 BOCHx48@41.38 

2014-12-10
Cash: 167.50
Held: AGOx48@40.50 AGMx48@40.50 CELx48@40.50 BOCHx48@40.50 AGGx48@40.50 
Value: 9887.50
Sales: AGOx48@40.50 AGGx48@40.50 AGMx48@40.50 CELx48@40.50 BOCHx48@40.50 
Purchases: AGOx48@40.50 AGGx48@40.50 AGMx48@40.50 CELx48@40.50 BOCHx48@40.50 

2014-12-11
Cash: 167.50
Held: AGOx48@40.19 AGMx48@40.19 CELx48@40.19 BOCHx48@40.19 AGGx48@40.19 
Value: 9812.50
Sales: AGOx48@40.19 AGGx48@40.19 AGMx48@40.19 CELx48@40.19 BOCHx48@40.19 
Purchases: AGOx48@40.19 AGGx48@40.19 AGMx48@40.19 CELx48@40.19 BOCHx48@40.19 

2014-12-14
Cash: 167.50
Held: AGOx48@40.06 AGMx48@40.06 CELx48@40.06 BOCHx48@40.06 AGGx48@40.06 
Value: 9782.50
Sales: AGOx48@40.06 AGGx48@40.06 AGMx48@40.06 CELx48@40.06 BOCHx48@40.06 
Purchases: AGOx48@40.06 AGGx48@40.06 AGMx48@40.06 CELx48@40.06 BOCHx48@40.06 

2014-12-15
Cash: 167.50
Held: AGOx48@38.31 AGMx48@38.31 CELx48@38.31 BOCHx48@38.31 AGGx48@38.31 
Value: 9362.50
Sales: AGOx48@38.31 AGGx48@38.31 AGMx48@38.31 CELx48@38.31 BOCHx48@38.31 
Purchases: AGOx48@38.31 AGGx48@38.31 AGMx48@38.31 CELx48@38.31 BOCHx48@38.31 

2014-12-16
Cash: 167.50
Held: AGOx48@38.34 AGMx48@38.34 CELx48@38.34 BOCHx48@38.34 AGGx48@38.34 
Value: 9370.00
Sales: AGOx48@38.34 AGGx48@38.34 AGMx48@38.34 CELx48@38.34 BOCHx48@38.34 
Purchases: AGOx48@38.34 AGGx48@38.34 AGMx48@38.34 CELx48@38.34 BOCHx48@38.34 

2014-12-17
Cash: 167.50
Held: AGOx48@40.47 AGMx48@40.47 CELx48@40.47 BOCHx48@40.47 AGGx48@40.47 
Value: 9880.00
Sales: AGOx48@40.47 AGGx48@40.47 AGMx48@40.47 CELx48@40.47 BOCHx48@40.47 
Purchases: AGOx48@40.47 AGGx48@40.47 AGMx48@40.47 CELx48@40.47 BOCHx48@40.47 

2014-12-18
Cash: 167.50
Held: AGOx48@40.91 AGMx48@40.91 CELx48@40.91 BOCHx48@40.91 AGGx48@40.91 
Value: 9985.00
Sales: AGOx48@40.91 AGGx48@40.91 AGMx48@40.91 CELx48@40.91 BOCHx48@40.91 
Purchases: AGOx48@40.91 AGGx48@40.91 AGMx48@40.91 CELx48@40.91 BOCHx48@40.91 

2014-12-21
Cash: 167.50
Held: AGOx48@41.38 AGMx48@41.38 CELx48@41.38 BOCHx48@41.38 AGGx48@41.38 
Value: 10097.50
Sales: AGOx48@41.38 AGGx48@41.38 AGMx48@41.38 CELx48@41.38 BOCHx48@41.38 
Purchases: AGOx48@41.38 AGGx48@41.38 AGMx48@41.38 CELx48@41.38 BOCHx48@41.38 

2014-12-22
Cash: 167.50
Held: AGOx48@41.97 AGMx48@41.97 CELx48@41.97 BOCHx48@41.97 AGGx48@41.97 
Value: 10240.00
Sales: AGOx48@41.97 AGGx48@41.97 AGMx48@41.97 CELx48@41.97 BOCHx48@41.97 
Purchases: AGOx48@41.97 AGGx48@41.97 AGMx48@41.97 CELx48@41.97 BOCHx48@41.97 

2014-12-23
Cash: 167.50
Held: AGOx48@41.41 AGMx48@41.41 CELx48@41.41 BOCHx48@41.41 AGGx48@41.41 
Value: 10105.00
Sales: AGOx48@41.41 AGGx48@41.41 AGMx48@41.41 CELx48@41.41 BOCHx48@41.41 
Purchases: AGOx48@41.41 AGGx48@41.41 AGMx48@41.41 CELx48@41.41 BOCHx48@41.41 

2014-12-25
Cash: 167.50
Held: AGOx48@41.34 AGMx48@41.34 CELx48@41.34 BOCHx48@41.34 AGGx48@41.34 
Value: 10090.00
Sales: AGOx48@41.34 AGGx48@41.34 AGMx48@41.34 CELx48@41.34 BOCHx48@41.34 
Purchases: AGOx48@41.34 AGGx48@41.34 AGMx48@41.34 CELx48@41.34 BOCHx48@41.34 

2014-12-28
Cash: 167.50
Held: AGOx48@41.38 AGMx48@41.38 CELx48@41.38 BOCHx48@41.38 AGGx48@41.38 
Value: 10097.50
Sales: AGOx48@41.38 AGGx48@41.38 AGMx48@41.38 CELx48@41.38 BOCHx48@41.38 
Purchases: AGOx48@41.38 AGGx48@41.38 AGMx48@41.38 CELx48@41.38 BOCHx48@41.38 

2014-12-29
Cash: 167.50
Held: AGOx48@41.22 AGMx48@41.22 CELx48@41.22 BOCHx48@41.22 AGGx48@41.22 
Value: 10060.00
Sales: AGOx48@41.22 AGGx48@41.22 AGMx48@41.22 CELx48@41.22 BOCHx48@41.22 
Purchases: AGOx48@41.22 AGGx48@41.22 AGMx48@41.22 CELx48@41.22 BOCHx48@41.22 

2014-12-30
Cash: 167.50
Held: AGOx48@41.38 AGMx48@41.38 CELx48@41.38 BOCHx48@41.38 AGGx48@41.38 
Value: 10097.50
Sales: AGOx48@41.38 AGGx48@41.38 AGMx48@41.38 CELx48@41.38 BOCHx48@41.38 
Purchases: AGOx48@41.38 AGGx48@41.38 AGMx48@41.38 CELx48@41.38 BOCHx48@41.38 

2015-01-01
Cash: 167.50
Held: AGOx48@41.19 AGMx48@41.19 CELx48@41.19 BOCHx48@41.19 AGGx48@41.19 
Value: 10052.50
Sales: AGOx48@41.19 AGGx48@41.19 AGMx48@41.19 CELx48@41.19 BOCHx48@41.19 
Purchases: AGOx48@41.19 AGGx48@41.19 AGMx48@41.19 CELx48@41.19 BOCHx48@41.19 

2015-01-04
Cash: 167.50
Held: AGOx48@40.31 AGMx48@40.31 CELx48@40.31 BOCHx48@40.31 AGGx48@40.31 
Value: 9842.50
Sales: AGOx48@40.31 AGGx48@40.31 AGMx48@40.31 CELx48@40.31 BOCHx48@40.31 
Purchases: AGOx48@40.31 AGGx48@40.31 AGMx48@40.31 CELx48@40.31 BOCHx48@40.31 

2015-01-05
Cash: 167.50
Held: AGOx48@39.81 AGMx48@39.81 CELx48@39.81 BOCHx48@39.81 AGGx48@39.81 
Value: 9722.50
Sales: AGOx48@39.81 AGGx48@39.81 AGMx48@39.81 CELx48@39.81 BOCHx48@39.81 
Purchases: AGOx48@39.81 AGGx48@39.81 AGMx48@39.81 CELx48@39.81 BOCHx48@39.81 

2015-01-06
Cash: 167.50
Held: AGOx48@39.53 AGMx48@39.53 CELx48@39.53 BOCHx48@39.53 AGGx48@39.53 
Value: 9655.00
Sales: AGOx48@39.53 AGGx48@39.53 AGMx48@39.53 CELx48@39.53 BOCHx48@39.53 
Purchases: AGOx48@39.53 AGGx48@39.53 AGMx48@39.53 CELx48@39.53 BOCHx48@39.53 

2015-01-07
Cash: 167.50
Held: AGOx48@40.25 AGMx48@40.25 CELx48@40.25 BOCHx48@40.25 AGGx48@40.25 
Value: 9827.50
Sales: AGOx48@40.25 AGGx48@40.25 AGMx48@40.25 CELx48@40.25 BOCHx48@40.25 
Purchases: AGOx48@40.25 AGGx48@40.25 AGMx48@40.25 CELx48@40.25 BOCHx48@40.25 

2015-01-08
Cash: 167.50
Held: AGOx48@41.00 AGMx48@41.00 CELx48@41.00 BOCHx48@41.00 AGGx48@41.00 
Value: 10007.50
Sales: AGOx48@41.00 AGGx48@41.00 AGMx48@41.00 CELx48@41.00 BOCHx48@41.00 
Purchases: AGOx48@41.00 AGGx48@41.00 AGMx48@41.00 CELx48@41.00 BOCHx48@41.00 

2015-01-11
Cash: 167.50
Held: AGOx48@40.62 AGMx48@40.62 CELx48@40.62 BOCHx48@40.62 AGGx48@40.62 
Value: 9917.50
Sales: AGOx48@40.62 AGGx48@40.62 AGMx48@40.62 CELx48@40.62 BOCHx48@40.62 
Purchases: AGOx48@40.62 AGGx48@40.62 AGMx48@40.62 CELx48@40.62 BOCHx48@40.62 

2015-01-12
Cash: 167.50
Held: AGOx48@40.47 AGMx48@40.47 CELx48@40.47 BOCHx48@40.47 AGGx48@40.47 
Value: 9880.00
Sales: AGOx48@40.47 AGGx48@40.47 AGMx48@40.47 CELx48@40.47 BOCHx48@40.47 
Purchases: AGOx48@40.47 AGGx48@40.47 AGMx48@40.47 CELx48@40.47 BOCHx48@40.47 

2015-01-13
Cash: 167.50
Held: AGOx48@39.03 AGMx48@39.03 CELx48@39.03 BOCHx48@39.03 AGGx48@39.03 
Value: 9535.00
Sales: AGOx48@39.03 AGGx48@39.03 AGMx48@39.03 CELx48@39.03 BOCHx48@39.03 
Purchases: AGOx48@39.03 AGGx48@39.03 AGMx48@39.03 CELx48@39.03 BOCHx48@39.03 

2015-01-14
Cash: 167.50
Held: AGOx48@39.34 AGMx48@39.34 CELx48@39.34 BOCHx48@39.34 AGGx48@39.34 
Value: 9610.00
Sales: AGOx48@39.34 AGGx48@39.34 AGMx48@39.34 CELx48@39.34 BOCHx48@39.34 
Purchases: AGOx48@39.34 AGGx48@39.34 AGMx48@39.34 CELx48@39.34 BOCHx48@39.34 

2015-01-15
Cash: 167.50
Held: AGOx48@37.84 AGMx48@37.84 CELx48@37.84 BOCHx48@37.84 AGGx48@37.84 
Value: 9250.00
Sales: AGOx48@37.84 AGGx48@37.84 AGMx48@37.84 CELx48@37.84 BOCHx48@37.84 
Purchases: AGOx48@37.84 AGGx48@37.84 AGMx48@37.84 CELx48@37.84 BOCHx48@37.84 

2015-01-19
Cash: 167.50
Held: AGOx48@38.44 AGMx48@38.44 CELx48@38.44 BOCHx48@38.44 AGGx48@38.44 
Value: 9392.50
Sales: AGOx48@38.44 AGGx48@38.44 AGMx48@38.44 CELx48@38.44 BOCHx48@38.44 
Purchases: AGOx48@38.44 AGGx48@38.44 AGMx48@38.44 CELx48@38.44 BOCHx48@38.44 

2015-01-20
Cash: 167.50
Held: AGOx48@37.75 AGMx48@37.75 CELx48@37.75 BOCHx48@37.75 AGGx48@37.75 
Value: 9227.50
Sales: AGOx48@37.75 AGGx48@37.75 AGMx48@37.75 CELx48@37.75 BOCHx48@37.75 
Purchases: AGOx48@37.75 AGGx48@37.75 AGMx48@37.75 CELx48@37.75 BOCHx48@37.75 

2015-01-21
Cash: 167.50
Held: AGOx48@38.50 AGMx48@38.50 CELx48@38.50 BOCHx48@38.50 AGGx48@38.50 
Value: 9407.50
Sales: AGOx48@38.50 AGGx48@38.50 AGMx48@38.50 CELx48@38.50 BOCHx48@38.50 
Purchases: AGOx48@38.50 AGGx48@38.50 AGMx48@38.50 CELx48@38.50 BOCHx48@38.50 

2015-01-22
Cash: 167.50
Held: AGOx48@39.59 AGMx48@39.59 CELx48@39.59 BOCHx48@39.59 AGGx48@39.59 
Value: 9670.00
Sales: AGOx48@39.59 AGGx48@39.59 AGMx48@39.59 CELx48@39.59 BOCHx48@39.59 
Purchases: AGOx48@39.59 AGGx48@39.59 AGMx48@39.59 CELx48@39.59 BOCHx48@39.59 

2015-01-25
Cash: 167.50
Held: AGOx48@38.78 AGMx48@38.78 CELx48@38.78 BOCHx48@38.78 AGGx48@38.78 
Value: 9475.00
Sales: AGOx48@38.78 AGGx48@38.78 AGMx48@38.78 CELx48@38.78 BOCHx48@38.78 
Purchases: AGOx48@38.78 AGGx48@38.78 AGMx48@38.78 CELx48@38.78 BOCHx48@38.78 

2015-01-26
Cash: 167.50
Held: AGOx48@38.69 AGMx48@38.69 CELx48@38.69 BOCHx48@38.69 AGGx48@38.69 
Value: 9452.50
Sales: AGOx48@38.69 AGGx48@38.69 AGMx48@38.69 CELx48@38.69 BOCHx48@38.69 
Purchases: AGOx48@38.69 AGGx48@38.69 AGMx48@38.69 CELx48@38.69 BOCHx48@38.69 

2015-01-27
Cash: 167.50
Held: AGOx48@39.00 AGMx48@39.00 CELx48@39.00 BOCHx48@39.00 AGGx48@39.00 
Value: 9527.50
Sales: AGOx48@39.00 AGGx48@39.00 AGMx48@39.00 CELx48@39.00 BOCHx48@39.00 
Purchases: AGOx48@39.00 AGGx48@39.00 AGMx48@39.00 CELx48@39.00 BOCHx48@39.00 

2015-01-28
Cash: 167.50
Held: AGOx48@38.00 AGMx48@38.00 CELx48@38.00 BOCHx48@38.00 AGGx48@38.00 
Value: 9287.50
Sales: AGOx48@38.00 AGGx48@38.00 AGMx48@38.00 CELx48@38.00 BOCHx48@38.00 
Purchases: AGOx48@38.00 AGGx48@38.00 AGMx48@38.00 CELx48@38.00 BOCHx48@38.00 

2015-01-29
Cash: 167.50
Held: AGOx48@38.00 AGMx48@38.00 CELx48@38.00 BOCHx48@38.00 AGGx48@38.00 
Value: 9287.50
Sales: AGOx48@38.00 AGGx48@38.00 AGMx48@38.00 CELx48@38.00 BOCHx48@38.00 
Purchases: AGOx48@38.00 AGGx48@38.00 AGMx48@38.00 CELx48@38.00 BOCHx48@38.00 

2015-02-01
Cash: 167.50
Held: AGOx48@37.91 AGMx48@37.91 CELx48@37.91 BOCHx48@37.91 AGGx48@37.91 
Value: 9265.00
Sales: AGOx48@37.91 AGGx48@37.91 AGMx48@37.91 CELx48@37.91 BOCHx48@37.91 
Purchases: AGOx48@37.91 AGGx48@37.91 AGMx48@37.91 CELx48@37.91 BOCHx48@37.91 

2015-02-02
Cash: 167.50
Held: AGOx48@39.03 AGMx48@39.03 CELx48@39.03 BOCHx48@39.03 AGGx48@39.03 
Value: 9535.00
Sales: AGOx48@39.03 AGGx48@39.03 AGMx48@39.03 CELx48@39.03 BOCHx48@39.03 
Purchases: AGOx48@39.03 AGGx48@39.03 AGMx48@39.03 CELx48@39.03 BOCHx48@39.03 

2015-02-03
Cash: 167.50
Held: AGOx48@39.34 AGMx48@39.34 CELx48@39.34 BOCHx48@39.34 AGGx48@39.34 
Value: 9610.00
Sales: AGOx48@39.34 AGGx48@39.34 AGMx48@39.34 CELx48@39.34 BOCHx48@39.34 
Purchases: AGOx48@39.34 AGGx48@39.34 AGMx48@39.34 CELx48@39.34 BOCHx48@39.34 

2015-02-04
Cash: 167.50
Held: AGOx48@39.22 AGMx48@39.22 CELx48@39.22 BOCHx48@39.22 AGGx48@39.22 
Value: 9580.00
Sales: AGOx48@39.22 AGGx48@39.22 AGMx48@39.22 CELx48@39.22 BOCHx48@39.22 
Purchases: AGOx48@39.22 AGGx48@39.22 AGMx48@39.22 CELx48@39.22 BOCHx48@39.22 

2015-02-05
Cash: 167.50
Held: AGOx48@39.53 AGMx48@39.53 CELx48@39.53 BOCHx48@39.53 AGGx48@39.53 
Value: 9655.00
Sales: AGOx48@39.53 AGGx48@39.53 AGMx48@39.53 CELx48@39.53 BOCHx48@39.53 
Purchases: AGOx48@39.53 AGGx48@39.53 AGMx48@39.53 CELx48@39.53 BOCHx48@39.53 

2015-02-08
Cash: 167.50
Held: AGOx48@39.22 AGMx48@39.22 CELx48@39.22 BOCHx48@39.22 AGGx48@39.22 
Value: 9580.00
Sales: AGOx48@39.22 AGGx48@39.22 AGMx48@39.22 CELx48@39.22 BOCHx48@39.22 
Purchases: AGOx48@39.22 AGGx48@39.22 AGMx48@39.22 CELx48@39.22 BOCHx48@39.22 

2015-02-09
Cash: 167.50
Held: AGOx48@39.31 AGMx48@39.31 CELx48@39.31 BOCHx48@39.31 AGGx48@39.31 
Value: 9602.50
Sales: AGOx48@39.31 AGGx48@39.31 AGMx48@39.31 CELx48@39.31 BOCHx48@39.31 
Purchases: AGOx48@39.31 AGGx48@39.31 AGMx48@39.31 CELx48@39.31 BOCHx48@39.31 

2015-02-10
Cash: 167.50
Held: AGOx48@39.62 AGMx48@39.62 CELx48@39.62 BOCHx48@39.62 AGGx48@39.62 
Value: 9677.50
Sales: AGOx48@39.62 AGGx48@39.62 AGMx48@39.62 CELx48@39.62 BOCHx48@39.62 
Purchases: AGOx48@39.62 AGGx48@39.62 AGMx48@39.62 CELx48@39.62 BOCHx48@39.62 

2015-02-11
Cash: 167.50
Held: AGOx48@39.59 AGMx48@39.59 CELx48@39.59 BOCHx48@39.59 AGGx48@39.59 
Value: 9670.00
Sales: AGOx48@39.59 AGGx48@39.59 AGMx48@39.59 CELx48@39.59 BOCHx48@39.59 
Purchases: AGOx48@39.59 AGGx48@39.59 AGMx48@39.59 CELx48@39.59 BOCHx48@39.59 

2015-02-12
Cash: 167.50
Held: AGOx48@39.97 AGMx48@39.97 CELx48@39.97 BOCHx48@39.97 AGGx48@39.97 
Value: 9760.00
Sales: AGOx48@39.97 AGGx48@39.97 AGMx48@39.97 CELx48@39.97 BOCHx48@39.97 
Purchases: AGOx48@39.97 AGGx48@39.97 AGMx48@39.97 CELx48@39.97 BOCHx48@39.97 

2015-02-16
Cash: 167.50
Held: AGOx48@40.00 AGMx48@40.00 CELx48@40.00 BOCHx48@40.00 AGGx48@40.00 
Value: 9767.50
Sales: AGOx48@40.00 AGGx48@40.00 AGMx48@40.00 CELx48@40.00 BOCHx48@40.00 
Purchases: AGOx48@40.00 AGGx48@40.00 AGMx48@40.00 CELx48@40.00 BOCHx48@40.00 

2015-02-17
Cash: 167.50
Held: AGOx48@41.12 AGMx48@41.12 CELx48@41.12 BOCHx48@41.12 AGGx48@41.12 
Value: 10037.50
Sales: AGOx48@41.12 AGGx48@41.12 AGMx48@41.12 CELx48@41.12 BOCHx48@41.12 
Purchases: AGOx48@41.12 AGGx48@41.12 AGMx48@41.12 CELx48@41.12 BOCHx48@41.12 

2015-02-18
Cash: 167.50
Held: AGOx48@41.41 AGMx48@41.41 CELx48@41.41 BOCHx48@41.41 AGGx48@41.41 
Value: 10105.00
Sales: AGOx48@41.41 AGGx48@41.41 AGMx48@41.41 CELx48@41.41 BOCHx48@41.41 
Purchases: AGOx48@41.41 AGGx48@41.41 AGMx48@41.41 CELx48@41.41 BOCHx48@41.41 

2015-02-19
Cash: 167.50
Held: AGOx48@41.09 AGMx48@41.09 CELx48@41.09 BOCHx48@41.09 AGGx48@41.09 
Value: 10030.00
Sales: AGOx48@41.09 AGGx48@41.09 AGMx48@41.09 CELx48@41.09 BOCHx48@41.09 
Purchases: AGOx48@41.09 AGGx48@41.09 AGMx48@41.09 CELx48@41.09 BOCHx48@41.09 

2015-02-22
Cash: 167.50
Held: AGOx48@41.88 AGMx48@41.88 CELx48@41.88 BOCHx48@41.88 AGGx48@41.88 
Value: 10217.50
Sales: AGOx48@41.88 AGGx48@41.88 AGMx48@41.88 CELx48@41.88 BOCHx48@41.88 
Purchases: AGOx48@41.88 AGGx48@41.88 AGMx48@41.88 CELx48@41.88 BOCHx48@41.88 

2015-02-23
Cash: 167.50
Held: AGOx48@41.62 AGMx48@41.62 CELx48@41.62 BOCHx48@41.62 AGGx48@41.62 
Value: 10157.50
Sales: AGOx48@41.62 AGGx48@41.62 AGMx48@41.62 CELx48@41.62 BOCHx48@41.62 
Purchases: AGOx48@41.62 AGGx48@41.62 AGMx48@41.62 CELx48@41.62 BOCHx48@41.62 

2015-02-24
Cash: 167.50
Held: AGOx48@42.34 AGMx48@42.34 CELx48@42.34 BOCHx48@42.34 AGGx48@42.34 
Value: 10330.00
Sales: AGOx48@42.34 AGGx48@42.34 AGMx48@42.34 CELx48@42.34 BOCHx48@42.34 
Purchases: AGOx48@42.34 AGGx48@42.34 AGMx48@42.34 CELx48@42.34 BOCHx48@42.34 

2015-02-25
Cash: 167.50
Held: AGOx48@42.22 AGMx48@42.22 CELx48@42.22 BOCHx48@42.22 AGGx48@42.22 
Value: 10300.00
Sales: AGOx48@42.22 AGGx48@42.22 AGMx48@42.22 CELx48@42.22 BOCHx48@42.22 
Purchases: AGOx48@42.22 AGGx48@42.22 AGMx48@42.22 CELx48@42.22 BOCHx48@42.22 

2015-02-26
Cash: 167.50
Held: AGOx48@42.31 AGMx48@42.31 CELx48@42.31 BOCHx48@42.31 AGGx48@42.31 
Value: 10322.50
Sales: AGOx48@42.31 AGGx48@42.31 AGMx48@42.31 CELx48@42.31 BOCHx48@42.31 
Purchases: AGOx48@42.31 AGGx48@42.31 AGMx48@42.31 CELx48@42.31 BOCHx48@42.31 

2015-03-01
Cash: 167.50
Held: AGOx48@42.34 AGMx48@42.34 CELx48@42.34 BOCHx48@42.34 AGGx48@42.34 
Value: 10330.00
Sales: AGOx48@42.34 AGGx48@42.34 AGMx48@42.34 CELx48@42.34 BOCHx48@42.34 
Purchases: AGOx48@42.34 AGGx48@42.34 AGMx48@42.34 CELx48@42.34 BOCHx48@42.34 

2015-03-02
Cash: 167.50
Held: AGOx48@42.44 AGMx48@42.44 CELx48@42.44 BOCHx48@42.44 AGGx48@42.44 
Value: 10352.50
Sales: AGOx48@42.44 AGGx48@42.44 AGMx48@42.44 CELx48@42.44 BOCHx48@42.44 
Purchases: AGOx48@42.44 AGGx48@42.44 AGMx48@42.44 CELx48@42.44 BOCHx48@42.44 

2015-03-03
Cash: 167.50
Held: AGOx48@41.94 AGMx48@41.94 CELx48@41.94 BOCHx48@41.94 AGGx48@41.94 
Value: 10232.50
Sales: AGOx48@41.94 AGGx48@41.94 AGMx48@41.94 CELx48@41.94 BOCHx48@41.94 
Purchases: AGOx48@41.94 AGGx48@41.94 AGMx48@41.94 CELx48@41.94 BOCHx48@41.94 

2015-03-04
Cash: 167.50
Held: AGOx48@42.00 AGMx48@42.00 CELx48@42.00 BOCHx48@42.00 AGGx48@42.00 
Value: 10247.50
Sales: AGOx48@42.00 AGGx48@42.00 AGMx48@42.00 CELx48@42.00 BOCHx48@42.00 
Purchases: AGOx48@42.00 AGGx48@42.00 AGMx48@42.00 CELx48@42.00 BOCHx48@42.00 

2015-03-05
Cash: 167.50
Held: AGOx48@41.94 AGMx48@41.94 CELx48@41.94 BOCHx48@41.94 AGGx48@41.94 
Value: 10232.50
Sales: AGOx48@41.94 AGGx48@41.94 AGMx48@41.94 CELx48@41.94 BOCHx48@41.94 
Purchases: AGOx48@41.94 AGGx48@41.94 AGMx48@41.94 CELx48@41.94 BOCHx48@41.94 

2015-03-08
Cash: 167.50
Held: AGOx48@41.53 AGMx48@41.53 CELx48@41.53 BOCHx48@41.53 AGGx48@41.53 
Value: 10135.00
Sales: AGOx48@41.53 AGGx48@41.53 AGMx48@41.53 CELx48@41.53 BOCHx48@41.53 
Purchases: AGOx48@41.53 AGGx48@41.53 AGMx48@41.53 CELx48@41.53 BOCHx48@41.53 

2015-03-09
Cash: 167.50
Held: AGOx48@41.22 AGMx48@41.22 CELx48@41.22 BOCHx48@41.22 AGGx48@41.22 
Value: 10060.00
Sales: AGOx48@41.22 AGGx48@41.22 AGMx48@41.22 CELx48@41.22 BOCHx48@41.22 
Purchases: AGOx48@41.22 AGGx48@41.22 AGMx48@41.22 CELx48@41.22 BOCHx48@41.22 

2015-03-10
Cash: 167.50
Held: AGOx48@40.78 AGMx48@40.78 CELx48@40.78 BOCHx48@40.78 AGGx48@40.78 
Value: 9955.00
Sales: AGOx48@40.78 AGGx48@40.78 AGMx48@40.78 CELx48@40.78 BOCHx48@40.78 
Purchases: AGOx48@40.78 AGGx48@40.78 AGMx48@40.78 CELx48@40.78 BOCHx48@40.78 

2015-03-11
Cash: 167.50
Held: AGOx48@41.00 AGMx48@41.00 CELx48@41.00 BOCHx48@41.00 AGGx48@41.00 
Value: 10007.50
Sales: AGOx48@41.00 AGGx48@41.00 AGMx48@41.00 CELx48@41.00 BOCHx48@41.00 
Purchases: AGOx48@41.00 AGGx48@41.00 AGMx48@41.00 CELx48@41.00 BOCHx48@41.00 

2015-03-12
Cash: 167.50
Held: AGOx48@40.97 AGMx48@40.97 CELx48@40.97 BOCHx48@40.97 AGGx48@40.97 
Value: 10000.00
Sales: AGOx48@40.97 AGGx48@40.97 AGMx48@40.97 CELx48@40.97 BOCHx48@40.97 
Purchases: AGOx48@40.97 AGGx48@40.97 AGMx48@40.97 CELx48@40.97 BOCHx48@40.97 

2015-03-15
Cash: 167.50
Held: AGOx48@41.16 AGMx48@41.16 CELx48@41.16 BOCHx48@41.16 AGGx48@41.16 
Value: 10045.00
Sales: AGOx48@41.16 AGGx48@41.16 AGMx48@41.16 CELx48@41.16 BOCHx48@41.16 
Purchases: AGOx48@41.16 AGGx48@41.16 AGMx48@41.16 CELx48@41.16 BOCHx48@41.16 

2015-03-16
Cash: 167.50
Held: AGOx48@41.53 AGMx48@41.53 CELx48@41.53 BOCHx48@41.53 AGGx48@41.53 
Value: 10135.00
Sales: AGOx48@41.53 AGGx48@41.53 AGMx48@41.53 CELx48@41.53 BOCHx48@41.53 
Purchases: AGOx48@41.53 AGGx48@41.53 AGMx48@41.53 CELx48@41.53 BOCHx48@41.53 

2015-03-17
Cash: 167.50
Held: AGOx48@41.44 AGMx48@41.44 CELx48@41.44 BOCHx48@41.44 AGGx48@41.44 
Value: 10112.50
Sales: AGOx48@41.44 AGGx48@41.44 AGMx48@41.44 CELx48@41.44 BOCHx48@41.44 
Purchases: AGOx48@41.44 AGGx48@41.44 AGMx48@41.44 CELx48@41.44 BOCHx48@41.44 

2015-03-18
Cash: 167.50
Held: AGOx48@42.06 AGMx48@42.06 CELx48@42.06 BOCHx48@42.06 AGGx48@42.06 
Value: 10262.50
Sales: AGOx48@42.06 AGGx48@42.06 AGMx48@42.06 CELx48@42.06 BOCHx48@42.06 
Purchases: AGOx48@42.06 AGGx48@42.06 AGMx48@42.06 CELx48@42.06 BOCHx48@42.06 

2015-03-19
Cash: 167.50
Held: AGOx48@42.38 AGMx48@42.38 CELx48@42.38 BOCHx48@42.38 AGGx48@42.38 
Value: 10337.50
Sales: AGOx48@42.38 AGGx48@42.38 AGMx48@42.38 CELx48@42.38 BOCHx48@42.38 
Purchases: AGOx48@42.38 AGGx48@42.38 AGMx48@42.38 CELx48@42.38 BOCHx48@42.38 

2015-03-22
Cash: 167.50
Held: AGOx48@42.12 AGMx48@42.12 CELx48@42.12 BOCHx48@42.12 AGGx48@42.12 
Value: 10277.50
Sales: AGOx48@42.12 AGGx48@42.12 AGMx48@42.12 CELx48@42.12 BOCHx48@42.12 
Purchases: AGOx48@42.12 AGGx48@42.12 AGMx48@42.12 CELx48@42.12 BOCHx48@42.12 

2015-03-23
Cash: 167.50
Held: AGOx48@42.12 AGMx48@42.12 CELx48@42.12 BOCHx48@42.12 AGGx48@42.12 
Value: 10277.50
Sales: AGOx48@42.12 AGGx48@42.12 AGMx48@42.12 CELx48@42.12 BOCHx48@42.12 
Purchases: AGOx48@42.12 AGGx48@42.12 AGMx48@42.12 CELx48@42.12 BOCHx48@42.12 

2015-03-24
Cash: 167.50
Held: AGOx48@41.16 AGMx48@41.16 CELx48@41.16 BOCHx48@41.16 AGGx48@41.16 
Value: 10045.00
Sales: AGOx48@41.16 AGGx48@41.16 AGMx48@41.16 CELx48@41.16 BOCHx48@41.16 
Purchases: AGOx48@41.16 AGGx48@41.16 AGMx48@41.16 CELx48@41.16 BOCHx48@41.16 

2015-03-25
Cash: 167.50
Held: AGOx48@40.69 AGMx48@40.69 CELx48@40.69 BOCHx48@40.69 AGGx48@40.69 
Value: 9932.50
Sales: AGOx48@40.69 AGGx48@40.69 AGMx48@40.69 CELx48@40.69 BOCHx48@40.69 
Purchases: AGOx48@40.69 AGGx48@40.69 AGMx48@40.69 CELx48@40.69 BOCHx48@40.69 

2015-03-26
Cash: 167.50
Held: AGOx48@40.59 AGMx48@40.59 CELx48@40.59 BOCHx48@40.59 AGGx48@40.59 
Value: 9910.00
Sales: AGOx48@40.59 AGGx48@40.59 AGMx48@40.59 CELx48@40.59 BOCHx48@40.59 
Purchases: AGOx48@40.59 AGGx48@40.59 AGMx48@40.59 CELx48@40.59 BOCHx48@40.59 

2015-03-29
Cash: 167.50
Held: AGOx48@41.53 AGMx48@41.53 CELx48@41.53 BOCHx48@41.53 AGGx48@41.53 
Value: 10135.00
Sales: AGOx48@41.53 AGGx48@41.53 AGMx48@41.53 CELx48@41.53 BOCHx48@41.53 
Purchases: AGOx48@41.53 AGGx48@41.53 AGMx48@41.53 CELx48@41.53 BOCHx48@41.53 

2015-03-30
Cash: 167.50
Held: AGOx48@41.28 AGMx48@41.28 CELx48@41.28 BOCHx48@41.28 AGGx48@41.28 
Value: 10075.00
Sales: AGOx48@41.28 AGGx48@41.28 AGMx48@41.28 CELx48@41.28 BOCHx48@41.28 
Purchases: AGOx48@41.28 AGGx48@41.28 AGMx48@41.28 CELx48@41.28 BOCHx48@41.28 

2015-03-31
Cash: 167.50
Held: AGOx48@41.47 AGMx48@41.47 CELx48@41.47 BOCHx48@41.47 AGGx48@41.47 
Value: 10120.00
Sales: AGOx48@41.47 AGGx48@41.47 AGMx48@41.47 CELx48@41.47 BOCHx48@41.47 
Purchases: AGOx48@41.47 AGGx48@41.47 AGMx48@41.47 CELx48@41.47 BOCHx48@41.47 

2015-04-01
Cash: 167.50
Held: AGOx48@41.47 AGMx48@41.47 CELx48@41.47 BOCHx48@41.47 AGGx48@41.47 
Value: 10120.00
Sales: AGOx48@41.47 AGGx48@41.47 AGMx48@41.47 CELx48@41.47 BOCHx48@41.47 
Purchases: AGOx48@41.47 AGGx48@41.47 AGMx48@41.47 CELx48@41.47 BOCHx48@41.47 

2015-04-05
Cash: 167.50
Held: AGOx48@41.69 AGMx48@41.69 CELx48@41.69 BOCHx48@41.69 AGGx48@41.69 
Value: 10172.50
Sales: AGOx48@41.69 AGGx48@41.69 AGMx48@41.69 CELx48@41.69 BOCHx48@41.69 
Purchases: AGOx48@41.69 AGGx48@41.69 AGMx48@41.69 CELx48@41.69 BOCHx48@41.69 

2015-04-06
Cash: 167.50
Held: AGOx48@41.94 AGMx48@41.94 CELx48@41.94 BOCHx48@41.94 AGGx48@41.94 
Value: 10232.50
Sales: AGOx48@41.94 AGGx48@41.94 AGMx48@41.94 CELx48@41.94 BOCHx48@41.94 
Purchases: AGOx48@41.94 AGGx48@41.94 AGMx48@41.94 CELx48@41.94 BOCHx48@41.94 

2015-04-07
Cash: 167.50
Held: AGOx48@42.44 AGMx48@42.44 CELx48@42.44 BOCHx48@42.44 AGGx48@42.44 
Value: 10352.50
Sales: AGOx48@42.44 AGGx48@42.44 AGMx48@42.44 CELx48@42.44 BOCHx48@42.44 
Purchases: AGOx48@42.44 AGGx48@42.44 AGMx48@42.44 CELx48@42.44 BOCHx48@42.44 

2015-04-08
Cash: 167.50
Held: AGOx48@42.16 AGMx48@42.16 CELx48@42.16 BOCHx48@42.16 AGGx48@42.16 
Value: 10285.00
Sales: AGOx48@42.16 AGGx48@42.16 AGMx48@42.16 CELx48@42.16 BOCHx48@42.16 
Purchases: AGOx48@42.16 AGGx48@42.16 AGMx48@42.16 CELx48@42.16 BOCHx48@42.16 

2015-04-09
Cash: 167.50
Held: AGOx48@42.81 AGMx48@42.81 CELx48@42.81 BOCHx48@42.81 AGGx48@42.81 
Value: 10442.50
Sales: AGOx48@42.81 AGGx48@42.81 AGMx48@42.81 CELx48@42.81 BOCHx48@42.81 
Purchases: AGOx48@42.81 AGGx48@42.81 AGMx48@42.81 CELx48@42.81 BOCHx48@42.81 

2015-04-12
Cash: 167.50
Held: AGOx48@43.59 AGMx48@43.59 CELx48@43.59 BOCHx48@43.59 AGGx48@43.59 
Value: 10630.00
Sales: AGOx48@43.59 AGGx48@43.59 AGMx48@43.59 CELx48@43.59 BOCHx48@43.59 
Purchases: AGOx48@43.59 AGGx48@43.59 AGMx48@43.59 CELx48@43.59 BOCHx48@43.59 

2015-04-13
Cash: 167.50
Held: AGOx48@42.97 AGMx48@42.97 CELx48@42.97 BOCHx48@42.97 AGGx48@42.97 
Value: 10480.00
Sales: AGOx48@42.97 AGGx48@42.97 AGMx48@42.97 CELx48@42.97 BOCHx48@42.97 
Purchases: AGOx48@42.97 AGGx48@42.97 AGMx48@42.97 CELx48@42.97 BOCHx48@42.97 

2015-04-14
Cash: 167.50
Held: AGOx48@43.28 AGMx48@43.28 CELx48@43.28 BOCHx48@43.28 AGGx48@43.28 
Value: 10555.00
Sales: AGOx48@43.28 AGGx48@43.28 AGMx48@43.28 CELx48@43.28 BOCHx48@43.28 
Purchases: AGOx48@43.28 AGGx48@43.28 AGMx48@43.28 CELx48@43.28 BOCHx48@43.28 

2015-04-15
Cash: 167.50
Held: AGOx48@43.12 AGMx48@43.12 CELx48@43.12 BOCHx48@43.12 AGGx48@43.12 
Value: 10517.50
Sales: AGOx48@43.12 AGGx48@43.12 AGMx48@43.12 CELx48@43.12 BOCHx48@43.12 
Purchases: AGOx48@43.12 AGGx48@43.12 AGMx48@43.12 CELx48@43.12 BOCHx48@43.12 

2015-04-16
Cash: 167.50
Held: AGOx48@42.75 AGMx48@42.75 CELx48@42.75 BOCHx48@42.75 AGGx48@42.75 
Value: 10427.50
Sales: AGOx48@42.75 AGGx48@42.75 AGMx48@42.75 CELx48@42.75 BOCHx48@42.75 
Purchases: AGOx48@42.75 AGGx48@42.75 AGMx48@42.75 CELx48@42.75 BOCHx48@42.75 

2015-04-19
Cash: 167.50
Held: AGOx48@43.34 AGMx48@43.34 CELx48@43.34 BOCHx48@43.34 AGGx48@43.34 
Value: 10570.00
Sales: AGOx48@43.34 AGGx48@43.34 AGMx48@43.34 CELx48@43.34 BOCHx48@43.34 
Purchases: AGOx48@43.34 AGGx48@43.34 AGMx48@43.34 CELx48@43.34 BOCHx48@43.34 

2015-04-20
Cash: 167.50
Held: AGOx48@43.41 AGMx48@43.41 CELx48@43.41 BOCHx48@43.41 AGGx48@43.41 
Value: 10585.00
Sales: AGOx48@43.41 AGGx48@43.41 AGMx48@43.41 CELx48@43.41 BOCHx48@43.41 
Purchases: AGOx48@43.41 AGGx48@43.41 AGMx48@43.41 CELx48@43.41 BOCHx48@43.41 

2015-04-21
Cash: 167.50
Held: AGOx48@42.72 AGMx48@42.72 CELx48@42.72 BOCHx48@42.72 AGGx48@42.72 
Value: 10420.00
Sales: AGOx48@42.72 AGGx48@42.72 AGMx48@42.72 CELx48@42.72 BOCHx48@42.72 
Purchases: AGOx48@42.72 AGGx48@42.72 AGMx48@42.72 CELx48@42.72 BOCHx48@42.72 

2015-04-22
Cash: 167.50
Held: AGOx48@42.41 AGMx48@42.41 CELx48@42.41 BOCHx48@42.41 AGGx48@42.41 
Value: 10345.00
Sales: AGOx48@42.41 AGGx48@42.41 AGMx48@42.41 CELx48@42.41 BOCHx48@42.41 
Purchases: AGOx48@42.41 AGGx48@42.41 AGMx48@42.41 CELx48@42.41 BOCHx48@42.41 

2015-04-23
Cash: 167.50
Held: AGOx48@42.72 AGMx48@42.72 CELx48@42.72 BOCHx48@42.72 AGGx48@42.72 
Value: 10420.00
Sales: AGOx48@42.72 AGGx48@42.72 AGMx48@42.72 CELx48@42.72 BOCHx48@42.72 
Purchases: AGOx48@42.72 AGGx48@42.72 AGMx48@42.72 CELx48@42.72 BOCHx48@42.72 

2015-04-26
Cash: 167.50
Held: AGOx48@42.75 AGMx48@42.75 CELx48@42.75 BOCHx48@42.75 AGGx48@42.75 
Value: 10427.50
Sales: AGOx48@42.75 AGGx48@42.75 AGMx48@42.75 CELx48@42.75 BOCHx48@42.75 
Purchases: AGOx48@42.75 AGGx48@42.75 AGMx48@42.75 CELx48@42.75 BOCHx48@42.75 

2015-04-27
Cash: 167.50
Held: AGOx48@41.88 AGMx48@41.88 CELx48@41.88 BOCHx48@41.88 AGGx48@41.88 
Value: 10217.50
Sales: AGOx48@41.88 AGGx48@41.88 AGMx48@41.88 CELx48@41.88 BOCHx48@41.88 
Purchases: AGOx48@41.88 AGGx48@41.88 AGMx48@41.88 CELx48@41.88 BOCHx48@41.88 

2015-04-28
Cash: 167.50
Held: AGOx48@42.03 AGMx48@42.03 CELx48@42.03 BOCHx48@42.03 AGGx48@42.03 
Value: 10255.00
Sales: AGOx48@42.03 AGGx48@42.03 AGMx48@42.03 CELx48@42.03 BOCHx48@42.03 
Purchases: AGOx48@42.03 AGGx48@42.03 AGMx48@42.03 CELx48@42.03 BOCHx48@42.03 

2015-04-29
Cash: 167.50
Held: AGOx48@41.84 AGMx48@41.84 CELx48@41.84 BOCHx48@41.84 AGGx48@41.84 
Value: 10210.00
Sales: AGOx48@41.84 AGGx48@41.84 AGMx48@41.84 CELx48@41.84 BOCHx48@41.84 
Purchases: AGOx48@41.84 AGGx48@41.84 AGMx48@41.84 CELx48@41.84 BOCHx48@41.84 

2015-04-30
Cash: 167.50
Held: AGOx48@41.41 AGMx48@41.41 CELx48@41.41 BOCHx48@41.41 AGGx48@41.41 
Value: 10105.00
Sales: AGOx48@41.41 AGGx48@41.41 AGMx48@41.41 CELx48@41.41 BOCHx48@41.41 
Purchases: AGOx48@41.41 AGGx48@41.41 AGMx48@41.41 CELx48@41.41 BOCHx48@41.41 

2015-05-03
Cash: 167.50
Held: AGOx48@41.88 AGMx48@41.88 CELx48@41.88 BOCHx48@41.88 AGGx48@41.88 
Value: 10217.50
Sales: AGOx48@41.88 AGGx48@41.88 AGMx48@41.88 CELx48@41.88 BOCHx48@41.88 
Purchases: AGOx48@41.88 AGGx48@41.88 AGMx48@41.88 CELx48@41.88 BOCHx48@41.88 

2015-05-04
Cash: 167.50
Held: AGOx48@41.72 AGMx48@41.72 CELx48@41.72 BOCHx48@41.72 AGGx48@41.72 
Value: 10180.00
Sales: AGOx48@41.72 AGGx48@41.72 AGMx48@41.72 CELx48@41.72 BOCHx48@41.72 
Purchases: AGOx48@41.72 AGGx48@41.72 AGMx48@41.72 CELx48@41.72 BOCHx48@41.72 

2015-05-05
Cash: 167.50
Held: AGOx48@41.88 AGMx48@41.88 CELx48@41.88 BOCHx48@41.88 AGGx48@41.88 
Value: 10217.50
Sales: AGOx48@41.88 AGGx48@41.88 AGMx48@41.88 CELx48@41.88 BOCHx48@41.88 
Purchases: AGOx48@41.88 AGGx48@41.88 AGMx48@41.88 CELx48@41.88 BOCHx48@41.88 

2015-05-06
Cash: 167.50
Held: AGOx48@41.59 AGMx48@41.59 CELx48@41.59 BOCHx48@41.59 AGGx48@41.59 
Value: 10150.00
Sales: AGOx48@41.59 AGGx48@41.59 AGMx48@41.59 CELx48@41.59 BOCHx48@41.59 
Purchases: AGOx48@41.59 AGGx48@41.59 AGMx48@41.59 CELx48@41.59 BOCHx48@41.59 

2015-05-07
Cash: 167.50
Held: AGOx48@42.22 AGMx48@42.22 CELx48@42.22 BOCHx48@42.22 AGGx48@42.22 
Value: 10300.00
Sales: AGOx48@42.22 AGGx48@42.22 AGMx48@42.22 CELx48@42.22 BOCHx48@42.22 
Purchases: AGOx48@42.22 AGGx48@42.22 AGMx48@42.22 CELx48@42.22 BOCHx48@42.22 

2015-05-10
Cash: 167.50
Held: AGOx48@42.38 AGMx48@42.38 CELx48@42.38 BOCHx48@42.38 AGGx48@42.38 
Value: 10337.50
Sales: AGOx48@42.38 AGGx48@42.38 AGMx48@42.38 CELx48@42.38 BOCHx48@42.38 
Purchases: AGOx48@42.38 AGGx48@42.38 AGMx48@42.38 CELx48@42.38 BOCHx48@42.38 

2015-05-11
Cash: 167.50
Held: AGOx48@42.38 AGMx48@42.38 CELx48@42.38 BOCHx48@42.38 AGGx48@42.38 
Value: 10337.50
Sales: AGOx48@42.38 AGGx48@42.38 AGMx48@42.38 CELx48@42.38 BOCHx48@42.38 
Purchases: AGOx48@42.38 AGGx48@42.38 AGMx48@42.38 CELx48@42.38 BOCHx48@42.38 

2015-05-12
Cash: 167.50
Held: AGOx48@42.06 AGMx48@42.06 CELx48@42.06 BOCHx48@42.06 AGGx48@42.06 
Value: 10262.50
Sales: AGOx48@42.06 AGGx48@42.06 AGMx48@42.06 CELx48@42.06 BOCHx48@42.06 
Purchases: AGOx48@42.06 AGGx48@42.06 AGMx48@42.06 CELx48@42.06 BOCHx48@42.06 

2015-05-13
Cash: 167.50
Held: AGOx48@42.19 AGMx48@42.19 CELx48@42.19 BOCHx48@42.19 AGGx48@42.19 
Value: 10292.50
Sales: AGOx48@42.19 AGGx48@42.19 AGMx48@42.19 CELx48@42.19 BOCHx48@42.19 
Purchases: AGOx48@42.19 AGGx48@42.19 AGMx48@42.19 CELx48@42.19 BOCHx48@42.19 

2015-05-14
Cash: 167.50
Held: AGOx48@42.12 AGMx48@42.12 CELx48@42.12 BOCHx48@42.12 AGGx48@42.12 
Value: 10277.50
Sales: AGOx48@42.12 AGGx48@42.12 AGMx48@42.12 CELx48@42.12 BOCHx48@42.12 
Purchases: AGOx48@42.12 AGGx48@42.12 AGMx48@42.12 CELx48@42.12 BOCHx48@42.12 

2015-05-17
Cash: 167.50
Held: AGOx48@42.06 AGMx48@42.06 CELx48@42.06 BOCHx48@42.06 AGGx48@42.06 
Value: 10262.50
Sales: AGOx48@42.06 AGGx48@42.06 AGMx48@42.06 CELx48@42.06 BOCHx48@42.06 
Purchases: AGOx48@42.06 AGGx48@42.06 AGMx48@42.06 CELx48@42.06 BOCHx48@42.06 

2015-05-18
Cash: 167.50
Held: AGOx48@41.56 AGMx48@41.56 CELx48@41.56 BOCHx48@41.56 AGGx48@41.56 
Value: 10142.50
Sales: AGOx48@41.56 AGGx48@41.56 AGMx48@41.56 CELx48@41.56 BOCHx48@41.56 
Purchases: AGOx48@41.56 AGGx48@41.56 AGMx48@41.56 CELx48@41.56 BOCHx48@41.56 

2015-05-19
Cash: 167.50
Held: AGOx48@42.50 AGMx48@42.50 CELx48@42.50 BOCHx48@42.50 AGGx48@42.50 
Value: 10367.50
Sales: AGOx48@42.50 AGGx48@42.50 AGMx48@42.50 CELx48@42.50 BOCHx48@42.50 
Purchases: AGOx48@42.50 AGGx48@42.50 AGMx48@42.50 CELx48@42.50 BOCHx48@42.50 

2015-05-20
Cash: 167.50
Held: AGOx48@42.56 AGMx48@42.56 CELx48@42.56 BOCHx48@42.56 AGGx48@42.56 
Value: 10382.50
Sales: AGOx48@42.56 AGGx48@42.56 AGMx48@42.56 CELx48@42.56 BOCHx48@42.56 
Purchases: AGOx48@42.56 AGGx48@42.56 AGMx48@42.56 CELx48@42.56 BOCHx48@42.56 

2015-05-21
Cash: 167.50
Held: AGOx48@42.28 AGMx48@42.28 CELx48@42.28 BOCHx48@42.28 AGGx48@42.28 
Value: 10315.00
Sales: AGOx48@42.28 AGGx48@42.28 AGMx48@42.28 CELx48@42.28 BOCHx48@42.28 
Purchases: AGOx48@42.28 AGGx48@42.28 AGMx48@42.28 CELx48@42.28 BOCHx48@42.28 

2015-05-25
Cash: 167.50
Held: AGOx48@42.47 AGMx48@42.47 CELx48@42.47 BOCHx48@42.47 AGGx48@42.47 
Value: 10360.00
Sales: AGOx48@42.47 AGGx48@42.47 AGMx48@42.47 CELx48@42.47 BOCHx48@42.47 
Purchases: AGOx48@42.47 AGGx48@42.47 AGMx48@42.47 CELx48@42.47 BOCHx48@42.47 

2015-05-26
Cash: 167.50
Held: AGOx48@42.28 AGMx48@42.28 CELx48@42.28 BOCHx48@42.28 AGGx48@42.28 
Value: 10315.00
Sales: AGOx48@42.28 AGGx48@42.28 AGMx48@42.28 CELx48@42.28 BOCHx48@42.28 
Purchases: AGOx48@42.28 AGGx48@42.28 AGMx48@42.28 CELx48@42.28 BOCHx48@42.28 

2015-05-27
Cash: 167.50
Held: AGOx48@42.44 AGMx48@42.44 CELx48@42.44 BOCHx48@42.44 AGGx48@42.44 
Value: 10352.50
Sales: AGOx48@42.44 AGGx48@42.44 AGMx48@42.44 CELx48@42.44 BOCHx48@42.44 
Purchases: AGOx48@42.44 AGGx48@42.44 AGMx48@42.44 CELx48@42.44 BOCHx48@42.44 

2015-05-28
Cash: 167.50
Held: AGOx48@41.78 AGMx48@41.78 CELx48@41.78 BOCHx48@41.78 AGGx48@41.78 
Value: 10195.00
Sales: AGOx48@41.78 AGGx48@41.78 AGMx48@41.78 CELx48@41.78 BOCHx48@41.78 
Purchases: AGOx48@41.78 AGGx48@41.78 AGMx48@41.78 CELx48@41.78 BOCHx48@41.78 

2015-05-31
Cash: 167.50
Held: AGOx48@41.44 AGMx48@41.44 CELx48@41.44 BOCHx48@41.44 AGGx48@41.44 
Value: 10112.50
Sales: AGOx48@41.44 AGGx48@41.44 AGMx48@41.44 CELx48@41.44 BOCHx48@41.44 
Purchases: AGOx48@41.44 AGGx48@41.44 AGMx48@41.44 CELx48@41.44 BOCHx48@41.44 

2015-06-01
Cash: 167.50
Held: AGOx48@40.94 AGMx48@40.94 CELx48@40.94 BOCHx48@40.94 AGGx48@40.94 
Value: 9992.50
Sales: AGOx48@40.94 AGGx48@40.94 AGMx48@40.94 CELx48@40.94 BOCHx48@40.94 
Purchases: AGOx48@40.94 AGGx48@40.94 AGMx48@40.94 CELx48@40.94 BOCHx48@40.94 

2015-06-02
Cash: 167.50
Held: AGOx48@41.31 AGMx48@41.31 CELx48@41.31 BOCHx48@41.31 AGGx48@41.31 
Value: 10082.50
Sales: AGOx48@41.31 AGGx48@41.31 AGMx48@41.31 CELx48@41.31 BOCHx48@41.31 
Purchases: AGOx48@41.31 AGGx48@41.31 AGMx48@41.31 CELx48@41.31 BOCHx48@41.31 

2015-06-03
Cash: 167.50
Held: AGOx48@40.88 AGMx48@40.88 CELx48@40.88 BOCHx48@40.88 AGGx48@40.88 
Value: 9977.50
Sales: AGOx48@40.88 AGGx48@40.88 AGMx48@40.88 CELx48@40.88 BOCHx48@40.88 
Purchases: AGOx48@40.88 AGGx48@40.88 AGMx48@40.88 CELx48@40.88 BOCHx48@40.88 

2015-06-04
Cash: 167.50
Held: AGOx48@40.53 AGMx48@40.53 CELx48@40.53 BOCHx48@40.53 AGGx48@40.53 
Value: 9895.00
Sales: AGOx48@40.53 AGGx48@40.53 AGMx48@40.53 CELx48@40.53 BOCHx48@40.53 
Purchases: AGOx48@40.53 AGGx48@40.53 AGMx48@40.53 CELx48@40.53 BOCHx48@40.53 

2015-06-07
Cash: 167.50
Held: AGOx48@40.25 AGMx48@40.25 CELx48@40.25 BOCHx48@40.25 AGGx48@40.25 
Value: 9827.50
Sales: AGOx48@40.25 AGGx48@40.25 AGMx48@40.25 CELx48@40.25 BOCHx48@40.25 
Purchases: AGOx48@40.25 AGGx48@40.25 AGMx48@40.25 CELx48@40.25 BOCHx48@40.25 

2015-06-08
Cash: 167.50
Held: AGOx48@39.94 AGMx48@39.94 CELx48@39.94 BOCHx48@39.94 AGGx48@39.94 
Value: 9752.50
Sales: AGOx48@39.94 AGGx48@39.94 AGMx48@39.94 CELx48@39.94 BOCHx48@39.94 
Purchases: AGOx48@39.94 AGGx48@39.94 AGMx48@39.94 CELx48@39.94 BOCHx48@39.94 

2015-06-09
Cash: 167.50
Held: AGOx48@40.41 AGMx48@40.41 CELx48@40.41 BOCHx48@40.41 AGGx48@40.41 
Value: 9865.00
Sales: AGOx48@40.41 AGGx48@40.41 AGMx48@40.41 CELx48@40.41 BOCHx48@40.41 
Purchases: AGOx48@40.41 AGGx48@40.41 AGMx48@40.41 CELx48@40.41 BOCHx48@40.41 

2015-06-10
Cash: 167.50
Held: AGOx48@40.56 AGMx48@40.56 CELx48@40.56 BOCHx48@40.56 AGGx48@40.56 
Value: 9902.50
Sales: AGOx48@40.56 AGGx48@40.56 AGMx48@40.56 CELx48@40.56 BOCHx48@40.56 
Purchases: AGOx48@40.56 AGGx48@40.56 AGMx48@40.56 CELx48@40.56 BOCHx48@40.56 

2015-06-11
Cash: 167.50
Held: AGOx48@40.34 AGMx48@40.34 CELx48@40.34 BOCHx48@40.34 AGGx48@40.34 
Value: 9850.00
Sales: AGOx48@40.34 AGGx48@40.34 AGMx48@40.34 CELx48@40.34 BOCHx48@40.34 
Purchases: AGOx48@40.34 AGGx48@40.34 AGMx48@40.34 CELx48@40.34 BOCHx48@40.34 

2015-06-14
Cash: 167.50
Held: AGOx48@39.62 AGMx48@39.62 CELx48@39.62 BOCHx48@39.62 AGGx48@39.62 
Value: 9677.50
Sales: AGOx48@39.62 AGGx48@39.62 AGMx48@39.62 CELx48@39.62 BOCHx48@39.62 
Purchases: AGOx48@39.62 AGGx48@39.62 AGMx48@39.62 CELx48@39.62 BOCHx48@39.62 

2015-06-15
Cash: 167.50
Held: AGOx48@39.59 AGMx48@39.59 CELx48@39.59 BOCHx48@39.59 AGGx48@39.59 
Value: 9670.00
Sales: AGOx48@39.59 AGGx48@39.59 AGMx48@39.59 CELx48@39.59 BOCHx48@39.59 
Purchases: AGOx48@39.59 AGGx48@39.59 AGMx48@39.59 CELx48@39.59 BOCHx48@39.59 

2015-06-16
Cash: 167.50
Held: AGOx48@39.75 AGMx48@39.75 CELx48@39.75 BOCHx48@39.75 AGGx48@39.75 
Value: 9707.50
Sales: AGOx48@39.75 AGGx48@39.75 AGMx48@39.75 CELx48@39.75 BOCHx48@39.75 
Purchases: AGOx48@39.75 AGGx48@39.75 AGMx48@39.75 CELx48@39.75 BOCHx48@39.75 

2015-06-17
Cash: 167.50
Held: AGOx48@39.81 AGMx48@39.81 CELx48@39.81 BOCHx48@39.81 AGGx48@39.81 
Value: 9722.50
Sales: AGOx48@39.81 AGGx48@39.81 AGMx48@39.81 CELx48@39.81 BOCHx48@39.81 
Purchases: AGOx48@39.81 AGGx48@39.81 AGMx48@39.81 CELx48@39.81 BOCHx48@39.81 

2015-06-18
Cash: 167.50
Held: AGOx48@39.81 AGMx48@39.81 CELx48@39.81 BOCHx48@39.81 AGGx48@39.81 
Value: 9722.50
Sales: AGOx48@39.81 AGGx48@39.81 AGMx48@39.81 CELx48@39.81 BOCHx48@39.81 
Purchases: AGOx48@39.81 AGGx48@39.81 AGMx48@39.81 CELx48@39.81 BOCHx48@39.81 

2015-06-21
Cash: 167.50
Held: AGOx48@39.81 AGMx48@39.81 CELx48@39.81 BOCHx48@39.81 AGGx48@39.81 
Value: 9722.50
Sales: AGOx48@39.81 AGGx48@39.81 AGMx48@39.81 CELx48@39.81 BOCHx48@39.81 
Purchases: AGOx48@39.81 AGGx48@39.81 AGMx48@39.81 CELx48@39.81 BOCHx48@39.81 

2015-06-22
Cash: 167.50
Held: AGOx48@39.88 AGMx48@39.88 CELx48@39.88 BOCHx48@39.88 AGGx48@39.88 
Value: 9737.50
Sales: AGOx48@39.88 AGGx48@39.88 AGMx48@39.88 CELx48@39.88 BOCHx48@39.88 
Purchases: AGOx48@39.88 AGGx48@39.88 AGMx48@39.88 CELx48@39.88 BOCHx48@39.88 

2015-06-23
Cash: 167.50
Held: AGOx48@39.47 AGMx48@39.47 CELx48@39.47 BOCHx48@39.47 AGGx48@39.47 
Value: 9640.00
Sales: AGOx48@39.47 AGGx48@39.47 AGMx48@39.47 CELx48@39.47 BOCHx48@39.47 
Purchases: AGOx48@39.47 AGGx48@39.47 AGMx48@39.47 CELx48@39.47 BOCHx48@39.47 

2015-06-24
Cash: 167.50
Held: AGOx48@39.81 AGMx48@39.81 CELx48@39.81 BOCHx48@39.81 AGGx48@39.81 
Value: 9722.50
Sales: AGOx48@39.81 AGGx48@39.81 AGMx48@39.81 CELx48@39.81 BOCHx48@39.81 
Purchases: AGOx48@39.81 AGGx48@39.81 AGMx48@39.81 CELx48@39.81 BOCHx48@39.81 

2015-06-25
Cash: 167.50
Held: AGOx48@40.00 AGMx48@40.00 CELx48@40.00 BOCHx48@40.00 AGGx48@40.00 
Value: 9767.50
Sales: AGOx48@40.00 AGGx48@40.00 AGMx48@40.00 CELx48@40.00 BOCHx48@40.00 
Purchases: AGOx48@40.00 AGGx48@40.00 AGMx48@40.00 CELx48@40.00 BOCHx48@40.00 

2015-06-28
Cash: 167.50
Held: AGOx48@39.59 AGMx48@39.59 CELx48@39.59 BOCHx48@39.59 AGGx48@39.59 
Value: 9670.00
Sales: AGOx48@39.59 AGGx48@39.59 AGMx48@39.59 CELx48@39.59 BOCHx48@39.59 
Purchases: AGOx48@39.59 AGGx48@39.59 AGMx48@39.59 CELx48@39.59 BOCHx48@39.59 

2015-06-29
Cash: 167.50
Held: AGOx48@39.09 AGMx48@39.09 CELx48@39.09 BOCHx48@39.09 AGGx48@39.09 
Value: 9550.00
Sales: AGOx48@39.09 AGGx48@39.09 AGMx48@39.09 CELx48@39.09 BOCHx48@39.09 
Purchases: AGOx48@39.09 AGGx48@39.09 AGMx48@39.09 CELx48@39.09 BOCHx48@39.09 

2015-06-30
Cash: 167.50
Held: AGOx48@38.88 AGMx48@38.88 CELx48@38.88 BOCHx48@38.88 AGGx48@38.88 
Value: 9497.50
Sales: AGOx48@38.88 AGGx48@38.88 AGMx48@38.88 CELx48@38.88 BOCHx48@38.88 
Purchases: AGOx48@38.88 AGGx48@38.88 AGMx48@38.88 CELx48@38.88 BOCHx48@38.88 

2015-07-01
Cash: 167.50
Held: AGOx48@39.38 AGMx48@39.38 CELx48@39.38 BOCHx48@39.38 AGGx48@39.38 
Value: 9617.50
Sales: AGOx48@39.38 AGGx48@39.38 AGMx48@39.38 CELx48@39.38 BOCHx48@39.38 
Purchases: AGOx48@39.38 AGGx48@39.38 AGMx48@39.38 CELx48@39.38 BOCHx48@39.38 

2015-07-05
Cash: 167.50
Held: AGOx48@39.12 AGMx48@39.12 CELx48@39.12 BOCHx48@39.12 AGGx48@39.12 
Value: 9557.50
Sales: AGOx48@39.12 AGGx48@39.12 AGMx48@39.12 CELx48@39.12 BOCHx48@39.12 
Purchases: AGOx48@39.12 AGGx48@39.12 AGMx48@39.12 CELx48@39.12 BOCHx48@39.12 

2015-07-06
Cash: 167.50
Held: AGOx48@39.53 AGMx48@39.53 CELx48@39.53 BOCHx48@39.53 AGGx48@39.53 
Value: 9655.00
Sales: AGOx48@39.53 AGGx48@39.53 AGMx48@39.53 CELx48@39.53 BOCHx48@39.53 
Purchases: AGOx48@39.53 AGGx48@39.53 AGMx48@39.53 CELx48@39.53 BOCHx48@39.53 

2015-07-07
Cash: 167.50
Held: AGOx48@39.47 AGMx48@39.47 CELx48@39.47 BOCHx48@39.47 AGGx48@39.47 
Value: 9640.00
Sales: AGOx48@39.47 AGGx48@39.47 AGMx48@39.47 CELx48@39.47 BOCHx48@39.47 
Purchases: AGOx48@39.47 AGGx48@39.47 AGMx48@39.47 CELx48@39.47 BOCHx48@39.47 

2015-07-08
Cash: 167.50
Held: AGOx48@39.28 AGMx48@39.28 CELx48@39.28 BOCHx48@39.28 AGGx48@39.28 
Value: 9595.00
Sales: AGOx48@39.28 AGGx48@39.28 AGMx48@39.28 CELx48@39.28 BOCHx48@39.28 
Purchases: AGOx48@39.28 AGGx48@39.28 AGMx48@39.28 CELx48@39.28 BOCHx48@39.28 

2015-07-09
Cash: 167.50
Held: AGOx48@39.28 AGMx48@39.28 CELx48@39.28 BOCHx48@39.28 AGGx48@39.28 
Value: 9595.00
Sales: AGOx48@39.28 AGGx48@39.28 AGMx48@39.28 CELx48@39.28 BOCHx48@39.28 
Purchases: AGOx48@39.28 AGGx48@39.28 AGMx48@39.28 CELx48@39.28 BOCHx48@39.28 

2015-07-12
Cash: 167.50
Held: AGOx48@39.72 AGMx48@39.72 CELx48@39.72 BOCHx48@39.72 AGGx48@39.72 
Value: 9700.00
Sales: AGOx48@39.72 AGGx48@39.72 AGMx48@39.72 CELx48@39.72 BOCHx48@39.72 
Purchases: AGOx48@39.72 AGGx48@39.72 AGMx48@39.72 CELx48@39.72 BOCHx48@39.72 

2015-07-13
Cash: 167.50
Held: AGOx48@40.06 AGMx48@40.06 CELx48@40.06 BOCHx48@40.06 AGGx48@40.06 
Value: 9782.50
Sales: AGOx48@40.06 AGGx48@40.06 AGMx48@40.06 CELx48@40.06 BOCHx48@40.06 
Purchases: AGOx48@40.06 AGGx48@40.06 AGMx48@40.06 CELx48@40.06 BOCHx48@40.06 

2015-07-14
Cash: 167.50
Held: AGOx48@40.41 AGMx48@40.41 CELx48@40.41 BOCHx48@40.41 AGGx48@40.41 
Value: 9865.00
Sales: AGOx48@40.41 AGGx48@40.41 AGMx48@40.41 CELx48@40.41 BOCHx48@40.41 
Purchases: AGOx48@40.41 AGGx48@40.41 AGMx48@40.41 CELx48@40.41 BOCHx48@40.41 

2015-07-15
Cash: 167.50
Held: AGOx48@40.38 AGMx48@40.38 CELx48@40.38 BOCHx48@40.38 AGGx48@40.38 
Value: 9857.50
Sales: AGOx48@40.38 AGGx48@40.38 AGMx48@40.38 CELx48@40.38 BOCHx48@40.38 
Purchases: AGOx48@40.38 AGGx48@40.38 AGMx48@40.38 CELx48@40.38 BOCHx48@40.38 

2015-07-16
Cash: 167.50
Held: AGOx48@40.19 AGMx48@40.19 CELx48@40.19 BOCHx48@40.19 AGGx48@40.19 
Value: 9812.50
Sales: AGOx48@40.19 AGGx48@40.19 AGMx48@40.19 CELx48@40.19 BOCHx48@40.19 
Purchases: AGOx48@40.19 AGGx48@40.19 AGMx48@40.19 CELx48@40.19 BOCHx48@40.19 

2015-07-19
Cash: 167.50
Held: AGOx48@40.06 AGMx48@40.06 CELx48@40.06 BOCHx48@40.06 AGGx48@40.06 
Value: 9782.50
Sales: AGOx48@40.06 AGGx48@40.06 AGMx48@40.06 CELx48@40.06 BOCHx48@40.06 
Purchases: AGOx48@40.06 AGGx48@40.06 AGMx48@40.06 CELx48@40.06 BOCHx48@40.06 

2015-07-20
Cash: 167.50
Held: AGOx48@39.97 AGMx48@39.97 CELx48@39.97 BOCHx48@39.97 AGGx48@39.97 
Value: 9760.00
Sales: AGOx48@39.97 AGGx48@39.97 AGMx48@39.97 CELx48@39.97 BOCHx48@39.97 
Purchases: AGOx48@39.97 AGGx48@39.97 AGMx48@39.97 CELx48@39.97 BOCHx48@39.97 

2015-07-21
Cash: 167.50
Held: AGOx48@39.28 AGMx48@39.28 CELx48@39.28 BOCHx48@39.28 AGGx48@39.28 
Value: 9595.00
Sales: AGOx48@39.28 AGGx48@39.28 AGMx48@39.28 CELx48@39.28 BOCHx48@39.28 
Purchases: AGOx48@39.28 AGGx48@39.28 AGMx48@39.28 CELx48@39.28 BOCHx48@39.28 

2015-07-22
Cash: 167.50
Held: AGOx48@40.38 AGMx48@40.38 CELx48@40.38 BOCHx48@40.38 AGGx48@40.38 
Value: 9857.50
Sales: AGOx48@40.38 AGGx48@40.38 AGMx48@40.38 CELx48@40.38 BOCHx48@40.38 
Purchases: AGOx48@40.38 AGGx48@40.38 AGMx48@40.38 CELx48@40.38 BOCHx48@40.38 

2015-07-23
Cash: 167.50
Held: AGOx48@40.12 AGMx48@40.12 CELx48@40.12 BOCHx48@40.12 AGGx48@40.12 
Value: 9797.50
Sales: AGOx48@40.12 AGGx48@40.12 AGMx48@40.12 CELx48@40.12 BOCHx48@40.12 
Purchases: AGOx48@40.12 AGGx48@40.12 AGMx48@40.12 CELx48@40.12 BOCHx48@40.12 

2015-07-26
Cash: 167.50
Held: AGOx48@39.03 AGMx48@39.03 CELx48@39.03 BOCHx48@39.03 AGGx48@39.03 
Value: 9535.00
Sales: AGOx48@39.03 AGGx48@39.03 AGMx48@39.03 CELx48@39.03 BOCHx48@39.03 
Purchases: AGOx48@39.03 AGGx48@39.03 AGMx48@39.03 CELx48@39.03 BOCHx48@39.03 

2015-07-27
Cash: 167.50
Held: AGOx48@40.00 AGMx48@40.00 CELx48@40.00 BOCHx48@40.00 AGGx48@40.00 
Value: 9767.50
Sales: AGOx48@40.00 AGGx48@40.00 AGMx48@40.00 CELx48@40.00 BOCHx48@40.00 
Purchases: AGOx48@40.00 AGGx48@40.00 AGMx48@40.00 CELx48@40.00 BOCHx48@40.00 

2015-07-28
Cash: 167.50
Held: AGOx48@40.50 AGMx48@40.50 CELx48@40.50 BOCHx48@40.50 AGGx48@40.50 
Value: 9887.50
Sales: AGOx48@40.50 AGGx48@40.50 AGMx48@40.50 CELx48@40.50 BOCHx48@40.50 
Purchases: AGOx48@40.50 AGGx48@40.50 AGMx48@40.50 CELx48@40.50 BOCHx48@40.50 

2015-07-29
Cash: 167.50
Held: AGOx48@40.25 AGMx48@40.25 CELx48@40.25 BOCHx48@40.25 AGGx48@40.25 
Value: 9827.50
Sales: AGOx48@40.25 AGGx48@40.25 AGMx48@40.25 CELx48@40.25 BOCHx48@40.25 
Purchases: AGOx48@40.25 AGGx48@40.25 AGMx48@40.25 CELx48@40.25 BOCHx48@40.25 

2015-07-30
Cash: 167.50
Held: AGOx48@41.06 AGMx48@41.06 CELx48@41.06 BOCHx48@41.06 AGGx48@41.06 
Value: 10022.50
Sales: AGOx48@41.06 AGGx48@41.06 AGMx48@41.06 CELx48@41.06 BOCHx48@41.06 
Purchases: AGOx48@41.06 AGGx48@41.06 AGMx48@41.06 CELx48@41.06 BOCHx48@41.06 

2015-08-02
Cash: 167.50
Held: AGOx48@40.91 AGMx48@40.91 CELx48@40.91 BOCHx48@40.91 AGGx48@40.91 
Value: 9985.00
Sales: AGOx48@40.91 AGGx48@40.91 AGMx48@40.91 CELx48@40.91 BOCHx48@40.91 
Purchases: AGOx48@40.91 AGGx48@40.91 AGMx48@40.91 CELx48@40.91 BOCHx48@40.91 

2015-08-03
Cash: 167.50
Held: AGOx48@40.94 AGMx48@40.94 CELx48@40.94 BOCHx48@40.94 AGGx48@40.94 
Value: 9992.50
Sales: AGOx48@40.94 AGGx48@40.94 AGMx48@40.94 CELx48@40.94 BOCHx48@40.94 
Purchases: AGOx48@40.94 AGGx48@40.94 AGMx48@40.94 CELx48@40.94 BOCHx48@40.94 

2015-08-04
Cash: 167.50
Held: AGOx48@40.94 AGMx48@40.94 CELx48@40.94 BOCHx48@40.94 AGGx48@40.94 
Value: 9992.50
Sales: AGOx48@40.94 AGGx48@40.94 AGMx48@40.94 CELx48@40.94 BOCHx48@40.94 
Purchases: AGOx48@40.94 AGGx48@40.94 AGMx48@40.94 CELx48@40.94 BOCHx48@40.94 

2015-08-05
Cash: 167.50
Held: AGOx48@40.94 AGMx48@40.94 CELx48@40.94 BOCHx48@40.94 AGGx48@40.94 
Value: 9992.50
Sales: AGOx48@40.94 AGGx48@40.94 AGMx48@40.94 CELx48@40.94 BOCHx48@40.94 
Purchases: AGOx48@40.94 AGGx48@40.94 AGMx48@40.94 CELx48@40.94 BOCHx48@40.94 

2015-08-06
Cash: 167.50
Held: AGOx48@40.12 AGMx48@40.12 CELx48@40.12 BOCHx48@40.12 AGGx48@40.12 
Value: 9797.50
Sales: AGOx48@40.12 AGGx48@40.12 AGMx48@40.12 CELx48@40.12 BOCHx48@40.12 
Purchases: AGOx48@40.12 AGGx48@40.12 AGMx48@40.12 CELx48@40.12 BOCHx48@40.12 

2015-08-09
Cash: 167.50
Held: AGOx48@40.25 AGMx48@40.25 CELx48@40.25 BOCHx48@40.25 AGGx48@40.25 
Value: 9827.50
Sales: AGOx48@40.25 AGGx48@40.25 AGMx48@40.25 CELx48@40.25 BOCHx48@40.25 
Purchases: AGOx48@40.25 AGGx48@40.25 AGMx48@40.25 CELx48@40.25 BOCHx48@40.25 

2015-08-10
Cash: 167.50
Held: AGOx48@40.19 AGMx48@40.19 CELx48@40.19 BOCHx48@40.19 AGGx48@40.19 
Value: 9812.50
Sales: AGOx48@40.19 AGGx48@40.19 AGMx48@40.19 CELx48@40.19 BOCHx48@40.19 
Purchases: AGOx48@40.19 AGGx48@40.19 AGMx48@40.19 CELx48@40.19 BOCHx48@40.19 

2015-08-11
Cash: 167.50
Held: AGOx48@39.06 AGMx48@39.06 CELx48@39.06 BOCHx48@39.06 AGGx48@39.06 
Value: 9542.50
Sales: AGOx48@39.06 AGGx48@39.06 AGMx48@39.06 CELx48@39.06 BOCHx48@39.06 
Purchases: AGOx48@39.06 AGGx48@39.06 AGMx48@39.06 CELx48@39.06 BOCHx48@39.06 

2015-08-12
Cash: 167.50
Held: AGOx48@38.94 AGMx48@38.94 CELx48@38.94 BOCHx48@38.94 AGGx48@38.94 
Value: 9512.50
Sales: AGOx48@38.94 AGGx48@38.94 AGMx48@38.94 CELx48@38.94 BOCHx48@38.94 
Purchases: AGOx48@38.94 AGGx48@38.94 AGMx48@38.94 CELx48@38.94 BOCHx48@38.94 

2015-08-13
Cash: 167.50
Held: AGOx48@38.62 AGMx48@38.62 CELx48@38.62 BOCHx48@38.62 AGGx48@38.62 
Value: 9437.50
Sales: AGOx48@38.62 AGGx48@38.62 AGMx48@38.62 CELx48@38.62 BOCHx48@38.62 
Purchases: AGOx48@38.62 AGGx48@38.62 AGMx48@38.62 CELx48@38.62 BOCHx48@38.62 

2015-08-16
Cash: 167.50
Held: AGOx48@38.38 AGMx48@38.38 CELx48@38.38 BOCHx48@38.38 AGGx48@38.38 
Value: 9377.50
Sales: AGOx48@38.38 AGGx48@38.38 AGMx48@38.38 CELx48@38.38 BOCHx48@38.38 
Purchases: AGOx48@38.38 AGGx48@38.38 AGMx48@38.38 CELx48@38.38 BOCHx48@38.38 

2015-08-17
Cash: 167.50
Held: AGOx48@39.12 AGMx48@39.12 CELx48@39.12 BOCHx48@39.12 AGGx48@39.12 
Value: 9557.50
Sales: AGOx48@39.12 AGGx48@39.12 AGMx48@39.12 CELx48@39.12 BOCHx48@39.12 
Purchases: AGOx48@39.12 AGGx48@39.12 AGMx48@39.12 CELx48@39.12 BOCHx48@39.12 

2015-08-18
Cash: 167.50
Held: AGOx48@38.69 AGMx48@38.69 CELx48@38.69 BOCHx48@38.69 AGGx48@38.69 
Value: 9452.50
Sales: AGOx48@38.69 AGGx48@38.69 AGMx48@38.69 CELx48@38.69 BOCHx48@38.69 
Purchases: AGOx48@38.69 AGGx48@38.69 AGMx48@38.69 CELx48@38.69 BOCHx48@38.69 

2015-08-19
Cash: 167.50
Held: AGOx48@38.00 AGMx48@38.00 CELx48@38.00 BOCHx48@38.00 AGGx48@38.00 
Value: 9287.50
Sales: AGOx48@38.00 AGGx48@38.00 AGMx48@38.00 CELx48@38.00 BOCHx48@38.00 
Purchases: AGOx48@38.00 AGGx48@38.00 AGMx48@38.00 CELx48@38.00 BOCHx48@38.00 

2015-08-20
Cash: 167.50
Held: AGOx48@37.12 AGMx48@37.12 CELx48@37.12 BOCHx48@37.12 AGGx48@37.12 
Value: 9077.50
Sales: AGOx48@37.12 AGGx48@37.12 AGMx48@37.12 CELx48@37.12 BOCHx48@37.12 
Purchases: AGOx48@37.12 AGGx48@37.12 AGMx48@37.12 CELx48@37.12 BOCHx48@37.12 

2015-08-23
Cash: 167.50
Held: AGOx48@33.88 AGMx48@33.88 CELx48@33.88 BOCHx48@33.88 AGGx48@33.88 
Value: 8297.50
Sales: AGOx48@33.88 AGGx48@33.88 AGMx48@33.88 CELx48@33.88 BOCHx48@33.88 
Purchases: AGOx48@33.88 AGGx48@33.88 AGMx48@33.88 CELx48@33.88 BOCHx48@33.88 

2015-08-24
Cash: 167.50
Held: AGOx48@35.69 AGMx48@35.69 CELx48@35.69 BOCHx48@35.69 AGGx48@35.69 
Value: 8732.50
Sales: AGOx48@35.69 AGGx48@35.69 AGMx48@35.69 CELx48@35.69 BOCHx48@35.69 
Purchases: AGOx48@35.69 AGGx48@35.69 AGMx48@35.69 CELx48@35.69 BOCHx48@35.69 

2015-08-25
Cash: 167.50
Held: AGOx48@35.38 AGMx48@35.38 CELx48@35.38 BOCHx48@35.38 AGGx48@35.38 
Value: 8657.50
Sales: AGOx48@35.38 AGGx48@35.38 AGMx48@35.38 CELx48@35.38 BOCHx48@35.38 
Purchases: AGOx48@35.38 AGGx48@35.38 AGMx48@35.38 CELx48@35.38 BOCHx48@35.38 

2015-08-26
Cash: 167.50
Held: AGOx48@36.16 AGMx48@36.16 CELx48@36.16 BOCHx48@36.16 AGGx48@36.16 
Value: 8845.00
Sales: AGOx48@36.16 AGGx48@36.16 AGMx48@36.16 CELx48@36.16 BOCHx48@36.16 
Purchases: AGOx48@36.16 AGGx48@36.16 AGMx48@36.16 CELx48@36.16 BOCHx48@36.16 

2015-08-27
Cash: 167.50
Held: AGOx48@36.44 AGMx48@36.44 CELx48@36.44 BOCHx48@36.44 AGGx48@36.44 
Value: 8912.50
Sales: AGOx48@36.44 AGGx48@36.44 AGMx48@36.44 CELx48@36.44 BOCHx48@36.44 
Purchases: AGOx48@36.44 AGGx48@36.44 AGMx48@36.44 CELx48@36.44 BOCHx48@36.44 

2015-08-30
Cash: 167.50
Held: AGOx48@36.44 AGMx48@36.44 CELx48@36.44 BOCHx48@36.44 AGGx48@36.44 
Value: 8912.50
Sales: AGOx48@36.44 AGGx48@36.44 AGMx48@36.44 CELx48@36.44 BOCHx48@36.44 
Purchases: AGOx48@36.44 AGGx48@36.44 AGMx48@36.44 CELx48@36.44 BOCHx48@36.44 

2015-08-31
Cash: 167.50
Held: AGOx48@35.31 AGMx48@35.31 CELx48@35.31 BOCHx48@35.31 AGGx48@35.31 
Value: 8642.50
Sales: AGOx48@35.31 AGGx48@35.31 AGMx48@35.31 CELx48@35.31 BOCHx48@35.31 
Purchases: AGOx48@35.31 AGGx48@35.31 AGMx48@35.31 CELx48@35.31 BOCHx48@35.31 

2015-09-01
Cash: 167.50
Held: AGOx48@35.34 AGMx48@35.34 CELx48@35.34 BOCHx48@35.34 AGGx48@35.34 
Value: 8650.00
Sales: AGOx48@35.34 AGGx48@35.34 AGMx48@35.34 CELx48@35.34 BOCHx48@35.34 
Purchases: AGOx48@35.34 AGGx48@35.34 AGMx48@35.34 CELx48@35.34 BOCHx48@35.34 

2015-09-02
Cash: 167.50
Held: AGOx48@35.62 AGMx48@35.62 CELx48@35.62 BOCHx48@35.62 AGGx48@35.62 
Value: 8717.50
Sales: AGOx48@35.62 AGGx48@35.62 AGMx48@35.62 CELx48@35.62 BOCHx48@35.62 
Purchases: AGOx48@35.62 AGGx48@35.62 AGMx48@35.62 CELx48@35.62 BOCHx48@35.62 

2015-09-03
Cash: 167.50
Held: AGOx48@35.03 AGMx48@35.03 CELx48@35.03 BOCHx48@35.03 AGGx48@35.03 
Value: 8575.00
Sales: AGOx48@35.03 AGGx48@35.03 AGMx48@35.03 CELx48@35.03 BOCHx48@35.03 
Purchases: AGOx48@35.03 AGGx48@35.03 AGMx48@35.03 CELx48@35.03 BOCHx48@35.03 

2015-09-07
Cash: 167.50
Held: AGOx48@35.81 AGMx48@35.81 CELx48@35.81 BOCHx48@35.81 AGGx48@35.81 
Value: 8762.50
Sales: AGOx48@35.81 AGGx48@35.81 AGMx48@35.81 CELx48@35.81 BOCHx48@35.81 
Purchases: AGOx48@35.81 AGGx48@35.81 AGMx48@35.81 CELx48@35.81 BOCHx48@35.81 

2015-09-08
Cash: 167.50
Held: AGOx48@36.50 AGMx48@36.50 CELx48@36.50 BOCHx48@36.50 AGGx48@36.50 
Value: 8927.50
Sales: AGOx48@36.50 AGGx48@36.50 AGMx48@36.50 CELx48@36.50 BOCHx48@36.50 
Purchases: AGOx48@36.50 AGGx48@36.50 AGMx48@36.50 CELx48@36.50 BOCHx48@36.50 

2015-09-09
Cash: 167.50
Held: AGOx48@35.62 AGMx48@35.62 CELx48@35.62 BOCHx48@35.62 AGGx48@35.62 
Value: 8717.50
Sales: AGOx48@35.62 AGGx48@35.62 AGMx48@35.62 CELx48@35.62 BOCHx48@35.62 
Purchases: AGOx48@35.62 AGGx48@35.62 AGMx48@35.62 CELx48@35.62 BOCHx48@35.62 

2015-09-10
Cash: 167.50
Held: AGOx48@35.66 AGMx48@35.66 CELx48@35.66 BOCHx48@35.66 AGGx48@35.66 
Value: 8725.00
Sales: AGOx48@35.66 AGGx48@35.66 AGMx48@35.66 CELx48@35.66 BOCHx48@35.66 
Purchases: AGOx48@35.66 AGGx48@35.66 AGMx48@35.66 CELx48@35.66 BOCHx48@35.66 

2015-09-13
Cash: 167.50
Held: AGOx48@35.91 AGMx48@35.91 CELx48@35.91 BOCHx48@35.91 AGGx48@35.91 
Value: 8785.00
Sales: AGOx48@35.91 AGGx48@35.91 AGMx48@35.91 CELx48@35.91 BOCHx48@35.91 
Purchases: AGOx48@35.91 AGGx48@35.91 AGMx48@35.91 CELx48@35.91 BOCHx48@35.91 

2015-09-14
Cash: 167.50
Held: AGOx48@35.75 AGMx48@35.75 CELx48@35.75 BOCHx48@35.75 AGGx48@35.75 
Value: 8747.50
Sales: AGOx48@35.75 AGGx48@35.75 AGMx48@35.75 CELx48@35.75 BOCHx48@35.75 
Purchases: AGOx48@35.75 AGGx48@35.75 AGMx48@35.75 CELx48@35.75 BOCHx48@35.75 

2015-09-15
Cash: 167.50
Held: AGOx48@36.16 AGMx48@36.16 CELx48@36.16 BOCHx48@36.16 AGGx48@36.16 
Value: 8845.00
Sales: AGOx48@36.16 AGGx48@36.16 AGMx48@36.16 CELx48@36.16 BOCHx48@36.16 
Purchases: AGOx48@36.16 AGGx48@36.16 AGMx48@36.16 CELx48@36.16 BOCHx48@36.16 

2015-09-16
Cash: 167.50
Held: AGOx48@36.62 AGMx48@36.62 CELx48@36.62 BOCHx48@36.62 AGGx48@36.62 
Value: 8957.50
Sales: AGOx48@36.62 AGGx48@36.62 AGMx48@36.62 CELx48@36.62 BOCHx48@36.62 
Purchases: AGOx48@36.62 AGGx48@36.62 AGMx48@36.62 CELx48@36.62 BOCHx48@36.62 

2015-09-17
Cash: 167.50
Held: AGOx48@35.88 AGMx48@35.88 CELx48@35.88 BOCHx48@35.88 AGGx48@35.88 
Value: 8777.50
Sales: AGOx48@35.88 AGGx48@35.88 AGMx48@35.88 CELx48@35.88 BOCHx48@35.88 
Purchases: AGOx48@35.88 AGGx48@35.88 AGMx48@35.88 CELx48@35.88 BOCHx48@35.88 

2015-09-20
Cash: 167.50
Held: AGOx48@35.97 AGMx48@35.97 CELx48@35.97 BOCHx48@35.97 AGGx48@35.97 
Value: 8800.00
Sales: AGOx48@35.97 AGGx48@35.97 AGMx48@35.97 CELx48@35.97 BOCHx48@35.97 
Purchases: AGOx48@35.97 AGGx48@35.97 AGMx48@35.97 CELx48@35.97 BOCHx48@35.97 

2015-09-21
Cash: 167.50
Held: AGOx48@35.19 AGMx48@35.19 CELx48@35.19 BOCHx48@35.19 AGGx48@35.19 
Value: 8612.50
Sales: AGOx48@35.19 AGGx48@35.19 AGMx48@35.19 CELx48@35.19 BOCHx48@35.19 
Purchases: AGOx48@35.19 AGGx48@35.19 AGMx48@35.19 CELx48@35.19 BOCHx48@35.19 

2015-09-22
Cash: 167.50
Held: AGOx48@35.09 AGMx48@35.09 CELx48@35.09 BOCHx48@35.09 AGGx48@35.09 
Value: 8590.00
Sales: AGOx48@35.09 AGGx48@35.09 AGMx48@35.09 CELx48@35.09 BOCHx48@35.09 
Purchases: AGOx48@35.09 AGGx48@35.09 AGMx48@35.09 CELx48@35.09 BOCHx48@35.09 

2015-09-23
Cash: 167.50
Held: AGOx48@34.56 AGMx48@34.56 CELx48@34.56 BOCHx48@34.56 AGGx48@34.56 
Value: 8462.50
Sales: AGOx48@34.56 AGGx48@34.56 AGMx48@34.56 CELx48@34.56 BOCHx48@34.56 
Purchases: AGOx48@34.56 AGGx48@34.56 AGMx48@34.56 CELx48@34.56 BOCHx48@34.56 

2015-09-24
Cash: 167.50
Held: AGOx48@34.69 AGMx48@34.69 CELx48@34.69 BOCHx48@34.69 AGGx48@34.69 
Value: 8492.50
Sales: AGOx48@34.69 AGGx48@34.69 AGMx48@34.69 CELx48@34.69 BOCHx48@34.69 
Purchases: AGOx48@34.69 AGGx48@34.69 AGMx48@34.69 CELx48@34.69 BOCHx48@34.69 

2015-09-27
Cash: 167.50
Held: AGOx48@34.12 AGMx48@34.12 CELx48@34.12 BOCHx48@34.12 AGGx48@34.12 
Value: 8357.50
Sales: AGOx48@34.12 AGGx48@34.12 AGMx48@34.12 CELx48@34.12 BOCHx48@34.12 
Purchases: AGOx48@34.12 AGGx48@34.12 AGMx48@34.12 CELx48@34.12 BOCHx48@34.12 

2015-09-28
Cash: 167.50
Held: AGOx48@33.38 AGMx48@33.38 CELx48@33.38 BOCHx48@33.38 AGGx48@33.38 
Value: 8177.50
Sales: AGOx48@33.38 AGGx48@33.38 AGMx48@33.38 CELx48@33.38 BOCHx48@33.38 
Purchases: AGOx49@33.38 AGGx49@33.38 AGMx49@33.38 CELx49@33.38 BOCHx49@33.38 

2015-09-29
Cash: 0.62
Held: AGOx49@34.09 AGMx49@34.09 CELx49@34.09 BOCHx49@34.09 AGGx49@34.09 
Value: 8353.59
Sales: AGOx49@34.09 AGGx49@34.09 AGMx49@34.09 CELx49@34.09 BOCHx49@34.09 
Purchases: AGOx49@34.09 AGGx49@34.09 AGMx49@34.09 CELx49@34.09 BOCHx49@34.09 

2015-09-30
Cash: 0.62
Held: AGOx49@34.31 AGMx49@34.31 CELx49@34.31 BOCHx49@34.31 AGGx49@34.31 
Value: 8407.19
Sales: AGOx49@34.31 AGGx49@34.31 AGMx49@34.31 CELx49@34.31 BOCHx49@34.31 
Purchases: AGOx49@34.31 AGGx49@34.31 AGMx49@34.31 CELx49@34.31 BOCHx49@34.31 

2015-10-01
Cash: 0.62
Held: AGOx49@33.19 AGMx49@33.19 CELx49@33.19 BOCHx49@33.19 AGGx49@33.19 
Value: 8131.56
Sales: AGOx49@33.19 AGGx49@33.19 AGMx49@33.19 CELx49@33.19 BOCHx49@33.19 
Purchases: AGOx49@33.19 AGGx49@33.19 AGMx49@33.19 CELx49@33.19 BOCHx49@33.19 

2015-10-04
Cash: 0.62
Held: AGOx49@35.03 AGMx49@35.03 CELx49@35.03 BOCHx49@35.03 AGGx49@35.03 
Value: 8583.28
Sales: AGOx49@35.03 AGGx49@35.03 AGMx49@35.03 CELx49@35.03 BOCHx49@35.03 
Purchases: AGOx49@35.03 AGGx49@35.03 AGMx49@35.03 CELx49@35.03 BOCHx49@35.03 

2015-10-05
Cash: 0.62
Held: AGOx49@35.12 AGMx49@35.12 CELx49@35.12 BOCHx49@35.12 AGGx49@35.12 
Value: 8606.25
Sales: AGOx49@35.12 AGGx49@35.12 AGMx49@35.12 CELx49@35.12 BOCHx49@35.12 
Purchases: AGOx49@35.12 AGGx49@35.12 AGMx49@35.12 CELx49@35.12 BOCHx49@35.12 

2015-10-06
Cash: 0.62
Held: AGOx49@35.19 AGMx49@35.19 CELx49@35.19 BOCHx49@35.19 AGGx49@35.19 
Value: 8621.56
Sales: AGOx49@35.19 AGGx49@35.19 AGMx49@35.19 CELx49@35.19 BOCHx49@35.19 
Purchases: AGOx49@35.19 AGGx49@35.19 AGMx49@35.19 CELx49@35.19 BOCHx49@35.19 

2015-10-07
Cash: 0.62
Held: AGOx49@35.38 AGMx49@35.38 CELx49@35.38 BOCHx49@35.38 AGGx49@35.38 
Value: 8667.50
Sales: AGOx49@35.38 AGGx49@35.38 AGMx49@35.38 CELx49@35.38 BOCHx49@35.38 
Purchases: AGOx49@35.38 AGGx49@35.38 AGMx49@35.38 CELx49@35.38 BOCHx49@35.38 

2015-10-08
Cash: 0.62
Held: AGOx49@35.94 AGMx49@35.94 CELx49@35.94 BOCHx49@35.94 AGGx49@35.94 
Value: 8805.31
Sales: AGOx49@35.94 AGGx49@35.94 AGMx49@35.94 CELx49@35.94 BOCHx49@35.94 
Purchases: AGOx49@35.94 AGGx49@35.94 AGMx49@35.94 CELx49@35.94 BOCHx49@35.94 

2015-10-11
Cash: 0.62
Held: AGOx49@36.09 AGMx49@36.09 CELx49@36.09 BOCHx49@36.09 AGGx49@36.09 
Value: 8843.59
Sales: AGOx49@36.09 AGGx49@36.09 AGMx49@36.09 CELx49@36.09 BOCHx49@36.09 
Purchases: AGOx49@36.09 AGGx49@36.09 AGMx49@36.09 CELx49@36.09 BOCHx49@36.09 

2015-10-12
Cash: 0.62
Held: AGOx49@35.75 AGMx49@35.75 CELx49@35.75 BOCHx49@35.75 AGGx49@35.75 
Value: 8759.38
Sales: AGOx49@35.75 AGGx49@35.75 AGMx49@35.75 CELx49@35.75 BOCHx49@35.75 
Purchases: AGOx49@35.75 AGGx49@35.75 AGMx49@35.75 CELx49@35.75 BOCHx49@35.75 

2015-10-13
Cash: 0.62
Held: AGOx49@35.62 AGMx49@35.62 CELx49@35.62 BOCHx49@35.62 AGGx49@35.62 
Value: 8728.75
Sales: AGOx49@35.62 AGGx49@35.62 AGMx49@35.62 CELx49@35.62 BOCHx49@35.62 
Purchases: AGOx49@35.62 AGGx49@35.62 AGMx49@35.62 CELx49@35.62 BOCHx49@35.62 

2015-10-14
Cash: 0.62
Held: AGOx49@35.12 AGMx49@35.12 CELx49@35.12 BOCHx49@35.12 AGGx49@35.12 
Value: 8606.25
Sales: AGOx49@35.12 AGGx49@35.12 AGMx49@35.12 CELx49@35.12 BOCHx49@35.12 
Purchases: AGOx49@35.12 AGGx49@35.12 AGMx49@35.12 CELx49@35.12 BOCHx49@35.12 

2015-10-15
Cash: 0.62
Held: AGOx49@35.69 AGMx49@35.69 CELx49@35.69 BOCHx49@35.69 AGGx49@35.69 
Value: 8744.06
Sales: AGOx49@35.69 AGGx49@35.69 AGMx49@35.69 CELx49@35.69 BOCHx49@35.69 
Purchases: AGOx49@35.69 AGGx49@35.69 AGMx49@35.69 CELx49@35.69 BOCHx49@35.69 

2015-10-18
Cash: 0.62
Held: AGOx49@35.69 AGMx49@35.69 CELx49@35.69 BOCHx49@35.69 AGGx49@35.69 
Value: 8744.06
Sales: AGOx49@35.69 AGGx49@35.69 AGMx49@35.69 CELx49@35.69 BOCHx49@35.69 
Purchases: AGOx49@35.69 AGGx49@35.69 AGMx49@35.69 CELx49@35.69 BOCHx49@35.69 

2015-10-19
Cash: 0.62
Held: AGOx49@36.12 AGMx49@36.12 CELx49@36.12 BOCHx49@36.12 AGGx49@36.12 
Value: 8851.25
Sales: AGOx49@36.12 AGGx49@36.12 AGMx49@36.12 CELx49@36.12 BOCHx49@36.12 
Purchases: AGOx49@36.12 AGGx49@36.12 AGMx49@36.12 CELx49@36.12 BOCHx49@36.12 

2015-10-20
Cash: 0.62
Held: AGOx49@36.53 AGMx49@36.53 CELx49@36.53 BOCHx49@36.53 AGGx49@36.53 
Value: 8950.78
Sales: AGOx49@36.53 AGGx49@36.53 AGMx49@36.53 CELx49@36.53 BOCHx49@36.53 
Purchases: AGOx49@36.53 AGGx49@36.53 AGMx49@36.53 CELx49@36.53 BOCHx49@36.53 

2015-10-21
Cash: 0.62
Held: AGOx49@36.03 AGMx49@36.03 CELx49@36.03 BOCHx49@36.03 AGGx49@36.03 
Value: 8828.28
Sales: AGOx49@36.03 AGGx49@36.03 AGMx49@36.03 CELx49@36.03 BOCHx49@36.03 
Purchases: AGOx49@36.03 AGGx49@36.03 AGMx49@36.03 CELx49@36.03 BOCHx49@36.03 

2015-10-22
Cash: 0.62
Held: AGOx49@36.50 AGMx49@36.50 CELx49@36.50 BOCHx49@36.50 AGGx49@36.50 
Value: 8943.12
Sales: AGOx49@36.50 AGGx49@36.50 AGMx49@36.50 CELx49@36.50 BOCHx49@36.50 
Purchases: AGOx49@36.50 AGGx49@36.50 AGMx49@36.50 CELx49@36.50 BOCHx49@36.50 

2015-10-25
Cash: 0.62
Held: AGOx49@36.97 AGMx49@36.97 CELx49@36.97 BOCHx49@36.97 AGGx49@36.97 
Value: 9057.97
Sales: AGOx49@36.97 AGGx49@36.97 AGMx49@36.97 CELx49@36.97 BOCHx49@36.97 
Purchases: AGOx49@36.97 AGGx49@36.97 AGMx49@36.97 CELx49@36.97 BOCHx49@36.97 

2015-10-26
Cash: 0.62
Held: AGOx49@36.66 AGMx49@36.66 CELx49@36.66 BOCHx49@36.66 AGGx49@36.66 
Value: 8981.41
Sales: AGOx49@36.66 AGGx49@36.66 AGMx49@36.66 CELx49@36.66 BOCHx49@36.66 
Purchases: AGOx49@36.66 AGGx49@36.66 AGMx49@36.66 CELx49@36.66 BOCHx49@36.66 

2015-10-27
Cash: 0.62
Held: AGOx49@37.06 AGMx49@37.06 CELx49@37.06 BOCHx49@37.06 AGGx49@37.06 
Value: 9080.94
Sales: AGOx49@37.06 AGGx49@37.06 AGMx49@37.06 CELx49@37.06 BOCHx49@37.06 
Purchases: AGOx49@37.06 AGGx49@37.06 AGMx49@37.06 CELx49@37.06 BOCHx49@37.06 

2015-10-28
Cash: 0.62
Held: AGOx49@37.47 AGMx49@37.47 CELx49@37.47 BOCHx49@37.47 AGGx49@37.47 
Value: 9180.47
Sales: AGOx49@37.47 AGGx49@37.47 AGMx49@37.47 CELx49@37.47 BOCHx49@37.47 
Purchases: AGOx49@37.47 AGGx49@37.47 AGMx49@37.47 CELx49@37.47 BOCHx49@37.47 

2015-10-29
Cash: 0.62
Held: AGOx49@37.72 AGMx49@37.72 CELx49@37.72 BOCHx49@37.72 AGGx49@37.72 
Value: 9241.72
Sales: AGOx49@37.72 AGGx49@37.72 AGMx49@37.72 CELx49@37.72 BOCHx49@37.72 
Purchases: AGOx49@37.72 AGGx49@37.72 AGMx49@37.72 CELx49@37.72 BOCHx49@37.72 

2015-11-01
Cash: 0.62
Held: AGOx49@37.88 AGMx49@37.88 CELx49@37.88 BOCHx49@37.88 AGGx49@37.88 
Value: 9280.00
Sales: AGOx49@37.88 AGGx49@37.88 AGMx49@37.88 CELx49@37.88 BOCHx49@37.88 
Purchases: AGOx49@37.88 AGGx49@37.88 AGMx49@37.88 CELx49@37.88 BOCHx49@37.88 

2015-11-02
Cash: 0.62
Held: AGOx49@38.31 AGMx49@38.31 CELx49@38.31 BOCHx49@38.31 AGGx49@38.31 
Value: 9387.19
Sales: AGOx49@38.31 AGGx49@38.31 AGMx49@38.31 CELx49@38.31 BOCHx49@38.31 
Purchases: AGOx49@38.31 AGGx49@38.31 AGMx49@38.31 CELx49@38.31 BOCHx49@38.31 

2015-11-03
Cash: 0.62
Held: AGOx49@38.34 AGMx49@38.34 CELx49@38.34 BOCHx49@38.34 AGGx49@38.34 
Value: 9394.84
Sales: AGOx49@38.34 AGGx49@38.34 AGMx49@38.34 CELx49@38.34 BOCHx49@38.34 
Purchases: AGOx49@38.34 AGGx49@38.34 AGMx49@38.34 CELx49@38.34 BOCHx49@38.34 

2015-11-04
Cash: 0.62
Held: AGOx49@38.28 AGMx49@38.28 CELx49@38.28 BOCHx49@38.28 AGGx49@38.28 
Value: 9379.53
Sales: AGOx49@38.28 AGGx49@38.28 AGMx49@38.28 CELx49@38.28 BOCHx49@38.28 
Purchases: AGOx49@38.28 AGGx49@38.28 AGMx49@38.28 CELx49@38.28 BOCHx49@38.28 

