2010-06-29
Cash: 10000.00
Held: 
Value: 10000.00
Sales: 
Purchases: IDNx1257@1.59 ROIAKx1562@1.28 CHCIx204@9.80 PRPHx1835@1.09 BKSx155@12.90 

2010-06-30
Cash: 4.10
Held: PRPHx1835@1.11 ROIAKx1562@1.24 CHCIx204@9.59 BKSx155@13.29 IDNx1257@1.56 
Value: 9956.15
Sales: IDNx1257@1.56 ROIAKx1562@1.24 CHCIx204@9.59 PRPHx1835@1.11 BKSx155@13.29 
Purchases: PFIEx7110@0.28 OGENx5855@0.34 AYIx56@35.31 ADKx661@3.01 UMXx81@24.34 

2010-07-01
Cash: 35.12
Held: PFIEx7110@0.28 ADKx661@3.30 UMXx81@24.34 AYIx56@35.31 OGENx5855@0.38 
Value: 10381.51
Sales: PFIEx7110@0.28 OGENx5855@0.38 AYIx56@35.31 ADKx661@3.30 UMXx81@24.34 
Purchases: DRAMx88@23.58 WNSx205@10.10 SBSAx2162@0.96 LHCGx87@23.67 CREGx631@3.29 

2010-07-05
Cash: 25.52
Held: CREGx631@3.30 WNSx205@9.73 DRAMx88@26.28 LHCGx87@23.30 SBSAx2162@0.98 
Value: 10560.56
Sales: DRAMx88@26.28 WNSx205@9.73 SBSAx2162@0.98 LHCGx87@23.30 CREGx631@3.30 
Purchases: GIGx1200@1.76 WGBSx2011@1.05 KINSx862@2.45 MAYSx147@14.30 MXCx336@6.28 

2010-07-06
Cash: 14.32
Held: GIGx1200@1.76 MAYSx147@13.00 WGBSx2011@1.03 MXCx336@6.28 KINSx862@2.45 
Value: 10330.64
Sales: GIGx1200@1.76 WGBSx2011@1.03 MXCx336@6.28 MAYSx147@13.00 KINSx862@2.45 
Purchases: PPPx7946@0.26 CASIx762@2.71 HMGx481@4.29 TSLAx130@15.80 EVLVx1307@1.58 

2010-07-07
Cash: 17.07
Held: HMGx481@4.55 CASIx762@2.87 PPPx7946@0.26 EVLVx1307@1.56 TSLAx130@17.45 
Value: 10765.59
Sales: HMGx481@4.55 CASIx762@2.87 PPPx7946@0.26 TSLAx130@17.45 EVLVx1307@1.56 
Purchases: FAZx138@15.53 PRKRx2626@0.82 APRIx68@31.50 FCNx67@31.94 TCIx234@9.19 

2010-07-08
Cash: 37.73
Held: PRKRx2626@0.92 FCNx67@32.88 TCIx234@8.99 FAZx138@14.79 APRIx68@30.30 
Value: 10861.32
Sales: FAZx138@14.79 PRKRx2626@0.92 APRIx68@30.30 FCNx67@32.88 TCIx234@8.99 
Purchases: JHIx112@19.38 BKEx76@28.44 MCBCx1809@1.20 SMIx615@3.53 CVAx137@15.84 

2010-07-11
Cash: 17.80
Held: CVAx137@15.65 MCBCx1809@1.38 JHIx112@19.66 BKEx76@28.38 SMIx615@3.46 
Value: 11144.32
Sales: JHIx112@19.66 BKEx76@28.38 MCBCx1809@1.38 SMIx615@3.46 CVAx137@15.65 
Purchases: PBBIx538@4.14 DWCHx921@2.42 RGSx164@13.58 VIRCx873@2.55 FBPx4207@0.53 

2010-07-12
Cash: 5.47
Held: PBBIx538@4.14 FBPx4207@0.56 VIRCx873@2.52 DWCHx921@2.54 RGSx164@14.20 
Value: 11456.63
Sales: PBBIx538@4.14 DWCHx921@2.54 FBPx4207@0.56 RGSx164@14.20 VIRCx873@2.52 
Purchases: HAFCx1660@1.38 INSYx7900@0.29 MOSx54@41.69 SPILx430@5.32 DVCRx531@4.31 

2010-07-13
Cash: 48.00
Held: MOSx54@42.03 INSYx7900@0.29 HAFCx1660@1.39 DVCRx531@4.36 SPILx430@5.26 
Value: 11493.18
Sales: MOSx54@42.03 INSYx7900@0.29 HAFCx1660@1.39 SPILx430@5.26 DVCRx531@4.36 
Purchases: UNXLx5607@0.41 MKTXx174@13.18 GFEDx394@5.82 AMEDx89@25.77 MCBCx1915@1.20 

2010-07-14
Cash: 16.81
Held: GFEDx394@6.29 MCBCx1915@1.16 MKTXx174@13.05 AMEDx89@26.77 UNXLx5607@0.45 
Value: 11891.58
Sales: MKTXx174@13.05 UNXLx5607@0.45 GFEDx394@6.29 MCBCx1915@1.16 AMEDx89@26.77 
Purchases: JOUTx222@10.68 BBDx154@15.35 IRWDx211@11.26 RBAx127@18.66 BCx170@13.98 

2010-07-15
Cash: 35.79
Held: BBDx154@14.94 JOUTx222@10.51 RBAx127@18.30 IRWDx211@10.70 BCx170@12.50 
Value: 11375.96
Sales: JOUTx222@10.51 BBDx154@14.94 IRWDx211@10.70 RBAx127@18.30 BCx170@12.50 
Purchases: GDENx1067@2.13 CYRXx206@11.04 IGCx2420@0.94 KLICx330@6.89 HDNGx286@7.94 

2010-07-18
Cash: 8.48
Held: KLICx330@6.81 HDNGx286@8.00 GDENx1067@2.14 CYRXx206@13.80 IGCx2420@0.90 
Value: 11847.28
Sales: GDENx1067@2.14 CYRXx206@13.80 IGCx2420@0.90 KLICx330@6.81 HDNGx286@8.00 
Purchases: FASx117@20.11 LYVx268@8.83 ALJJx9112@0.26 VVUSx477@4.96 ANTHx73@32.16 

2010-07-19
Cash: 45.57
Held: ANTHx73@31.69 LYVx268@9.06 VVUSx477@5.09 ALJJx9112@0.27 FASx117@20.81 
Value: 12110.84
Sales: FASx117@20.81 LYVx268@9.06 ALJJx9112@0.27 VVUSx477@5.09 ANTHx73@31.69 
Purchases: ROIAx2633@0.92 AANx218@11.06 GTXIx810@2.99 ISSCx611@3.96 SOXSx82@29.44 

2010-07-20
Cash: 20.96
Held: GTXIx810@2.90 ROIAx2633@0.95 ISSCx611@4.10 AANx218@10.38 SOXSx82@31.19 
Value: 12199.03
Sales: AANx218@10.38 SOXSx82@31.19 ROIAx2633@0.95 GTXIx810@2.90 ISSCx611@4.10 
Purchases: TUPx61@39.38 MANTx65@37.22 ZIONx125@19.42 TSLAx120@20.22 WYx157@15.50 

2010-07-21
Cash: 90.45
Held: TUPx61@39.50 WYx157@16.11 ZIONx125@20.17 TSLAx120@21.00 MANTx65@38.22 
Value: 12554.82
Sales: TUPx61@39.50 MANTx65@38.22 ZIONx125@20.17 TSLAx120@21.00 WYx157@16.11 
Purchases: CMTLx119@20.98 ABACx148@16.95 CDTIx418@6.00 PGNXx590@4.25 EVRIx682@3.68 

2010-07-22
Cash: 23.57
Held: ABACx148@16.08 PGNXx590@4.31 CMTLx119@21.73 EVRIx682@3.93 CDTIx418@6.75 
Value: 13033.14
Sales: CMTLx119@21.73 ABACx148@16.08 CDTIx418@6.75 PGNXx590@4.31 EVRIx682@3.93 
Purchases: SOXSx93@27.77 DRVx21@119.19 YANGx93@27.86 TCBIWx383@6.80 IIINx270@9.64 

2010-07-25
Cash: 149.41
Held: DRVx21@109.81 IIINx270@9.50 TCBIWx383@6.80 SOXSx93@26.64 YANGx93@27.53 
Value: 12663.16
Sales: SOXSx93@26.64 IIINx270@9.50 YANGx93@27.53 TCBIWx383@6.80 DRVx21@109.81 
Purchases: LTBRx403@6.27 RSTx120@21.09 DDCx205@12.30 MAYSx177@14.28 IBKRx152@16.56 

2010-07-26
Cash: 39.15
Held: RSTx120@21.75 LTBRx403@6.19 MAYSx177@15.48 DDCx205@12.26 IBKRx152@16.59 
Value: 12918.74
Sales: RSTx120@21.75 LTBRx403@6.19 DDCx205@12.26 IBKRx152@16.59 MAYSx177@15.48 
Purchases: MFNCx465@5.55 IRIXx792@3.26 BIO.Bx31@81.38 SBFGx667@3.87 DRVx23@109.62 

2010-07-27
Cash: 131.17
Held: IRIXx792@3.48 MFNCx465@5.45 DRVx23@110.75 SBFGx667@3.95 BIO.Bx31@83.00 
Value: 13175.97
Sales: MFNCx465@5.45 IRIXx792@3.48 BIO.Bx31@83.00 SBFGx667@3.95 DRVx23@110.75 
Purchases: TMOx57@46.00 EVBSx649@4.06 SANMx206@12.79 USATPx445@5.91 PLTx87@30.16 

2010-07-28
Cash: 31.78
Held: SANMx206@12.61 TMOx57@44.97 EVBSx649@4.02 USATPx445@8.00 PLTx87@30.03 
Value: 13973.93
Sales: USATPx445@8.00 SANMx206@12.61 EVBSx649@4.02 PLTx87@30.03 TMOx57@44.97 
Purchases: EWBCx177@15.70 SSYSx123@22.62 IGTx186@14.98 GTNx1091@2.56 FORMx287@9.71 

2010-07-29
Cash: 45.36
Held: FORMx287@9.68 EWBCx177@15.59 SSYSx123@22.70 GTNx1091@2.60 IGTx186@15.24 
Value: 14047.23
Sales: EWBCx177@15.59 SSYSx123@22.70 IGTx186@15.24 GTNx1091@2.60 FORMx287@9.68 
Purchases: SYMCx216@12.97 YTENx199@14.12 AMAGx89@31.48 DXTRx1614@1.74 NVCNx10404@0.27 

2010-08-01
Cash: 16.53
Held: YTENx199@14.00 NVCNx10404@0.27 SYMCx216@13.17 DXTRx1614@1.68 AMAGx89@32.12 
Value: 14027.08
Sales: SYMCx216@13.17 YTENx199@14.00 AMAGx89@32.12 DXTRx1614@1.68 NVCNx10404@0.27 
Purchases: ANWx136@20.50 MARKx487@5.75 NTRIx144@19.44 PCYOx1168@2.40 TNAVx524@5.35 

2010-08-02
Cash: 31.95
Held: TNAVx524@5.14 ANWx136@20.12 NTRIx144@19.16 MARKx487@6.18 PCYOx1168@2.40 
Value: 14034.30
Sales: ANWx136@20.12 PCYOx1168@2.40 NTRIx144@19.16 MARKx487@6.18 TNAVx524@5.14 
Purchases: ROIAKx3153@0.89 MCBCx1722@1.63 QRHCx20046@0.14 RILYx3119@0.90 ERYx10@277.50 

2010-08-03
Cash: 32.52
Held: ROIAKx3153@1.04 QRHCx20046@0.22 ERYx10@271.75 MCBCx1722@1.53 RILYx3119@0.90 
Value: 15880.72
Sales: RILYx3119@0.90 ROIAKx3153@1.04 ERYx10@271.75 QRHCx20046@0.22 MCBCx1722@1.53 
Purchases: BHIx74@42.84 RDNx450@7.05 YRCWx10243@0.31 VMCx75@42.25 DOWx128@24.80 

2010-08-04
Cash: 18.75
Held: DOWx128@25.27 RDNx450@7.44 YRCWx10243@0.28 VMCx75@41.59 BHIx74@42.47 
Value: 15731.94
Sales: BHIx74@42.47 RDNx450@7.44 YRCWx10243@0.28 DOWx128@25.27 VMCx75@41.59 
Purchases: TORMx448@7.02 BOFIx836@3.76 PBIx152@20.62 UVVx82@38.06 WINTx12585@0.25 

2010-08-05
Cash: 41.65
Held: TORMx448@7.11 BOFIx836@3.81 UVVx82@37.78 PBIx152@20.70 WINTx12585@0.25 
Value: 15803.46
Sales: TORMx448@7.11 BOFIx836@3.81 PBIx152@20.70 WINTx12585@0.25 UVVx82@37.78 
Purchases: ROCKx351@9.00 LINCx207@15.20 MFCx231@13.66 CKXx330@9.57 TFSLx316@10.00 

2010-08-08
Cash: 24.61
Held: CKXx330@10.54 ROCKx351@8.94 LINCx207@14.75 TFSLx316@9.98 MFCx231@13.91 
Value: 16057.75
Sales: MFCx231@13.91 TFSLx316@9.98 LINCx207@14.75 CKXx330@10.54 ROCKx351@8.94 
Purchases: RSTx169@19.00 APEIx115@27.70 KLICx480@6.68 OSTKx200@16.05 PMCx373@8.60 

2010-08-09
Cash: 36.89
Held: KLICx480@6.28 RSTx169@18.69 OSTKx200@15.13 APEIx115@27.59 PMCx373@8.15 
Value: 15449.28
Sales: RSTx169@18.69 APEIx115@27.59 PMCx373@8.15 KLICx480@6.28 OSTKx200@15.13 
Purchases: BWENx126@24.50 DISHx168@18.36 OPHCx6061@0.51 TXMDx20595@0.15 SKXx103@29.95 

2010-08-10
Cash: 13.30
Held: DISHx168@18.09 TXMDx20595@0.06 OPHCx6061@0.62 BWENx126@22.09 SKXx103@28.67 
Value: 13784.24
Sales: DISHx168@18.09 BWENx126@22.09 OPHCx6061@0.62 TXMDx20595@0.06 SKXx103@28.67 
Purchases: CYRXx310@8.88 SCLNx1153@2.39 PEGAx119@23.02 MITLx352@7.82 CVBFx345@7.97 

2010-08-11
Cash: 33.35
Held: SCLNx1153@2.49 CVBFx345@7.48 CYRXx310@8.16 MITLx352@7.40 PEGAx119@22.67 
Value: 13315.99
Sales: CYRXx310@8.16 SCLNx1153@2.49 MITLx352@7.40 PEGAx119@22.67 CVBFx345@7.48 
Purchases: AGYSx483@5.51 VECOx84@31.66 DZKx54@49.00 TWINx226@11.77 CREEx45@58.78 

2010-08-12
Cash: 42.76
Held: CREEx45@56.75 TWINx226@11.50 AGYSx483@5.35 DZKx54@48.47 VECOx84@31.30 
Value: 13026.56
Sales: AGYSx483@5.35 VECOx84@31.30 TWINx226@11.50 CREEx45@56.75 DZKx54@48.47 
Purchases: AANx187@13.90 LINKx8682@0.30 IDSYx1118@2.33 MARKx491@5.30 VRMLx374@6.95 

2010-08-15
Cash: 15.81
Held: LINKx8682@0.30 VRMLx374@6.84 MARKx491@5.86 AANx187@13.92 IDSYx1118@2.34 
Value: 13275.22
Sales: MARKx491@5.86 LINKx8682@0.30 IDSYx1118@2.34 AANx187@13.92 VRMLx374@6.84 
Purchases: PSTBx425@6.24 ACYx175@15.10 GSBx1115@2.38 WSO.Bx55@47.91 PDLIx516@5.14 

2010-08-16
Cash: 39.12
Held: PSTBx425@6.20 PDLIx516@5.43 ACYx175@15.20 WSO.Bx55@54.00 GSBx1115@2.66 
Value: 14072.12
Sales: PSTBx425@6.20 ACYx175@15.20 GSBx1115@2.66 WSO.Bx55@54.00 PDLIx516@5.43 
Purchases: ESNCx4263@0.66 STRAx18@155.62 SVAx684@4.11 IGCx4201@0.67 WLDNx922@3.05 

2010-08-17
Cash: 18.65
Held: ESNCx4263@0.64 WLDNx922@3.15 SVAx684@4.20 IGCx4201@0.68 STRAx18@169.00 
Value: 14423.90
Sales: ESNCx4263@0.64 STRAx18@169.00 SVAx684@4.20 IGCx4201@0.68 WLDNx922@3.15 
Purchases: SVBIx678@4.25 BDLx490@5.88 EVKx1211@2.38 TPIVx28854@0.10 PRPHx2075@1.39 

2010-08-18
Cash: 10.30
Held: PRPHx2075@1.31 EVKx1211@2.36 TPIVx28854@0.12 SVBIx678@4.25 BDLx490@7.34 
Value: 15525.22
Sales: SVBIx678@4.25 BDLx490@7.34 EVKx1211@2.36 TPIVx28854@0.12 PRPHx2075@1.31 
Purchases: IBCPx1150@2.70 CTRNx134@23.16 SALMx1066@2.91 PEIXx4929@0.63 CETCx28@108.00 

2010-08-19
Cash: 87.27
Held: IBCPx1150@2.20 CTRNx134@23.73 SALMx1066@2.99 PEIXx4929@0.64 CETCx28@123.31 
Value: 15592.35
Sales: CETCx28@123.31 IBCPx1150@2.20 CTRNx134@23.73 PEIXx4929@0.64 SALMx1066@2.99 
Purchases: FLWSx1632@1.91 ENZx847@3.68 PROx441@7.07 HCKTx854@3.65 BIO.Bx40@76.75 

2010-08-22
Cash: 52.84
Held: PROx441@7.30 FLWSx1632@1.70 ENZx847@3.57 HCKTx854@3.62 BIO.Bx40@83.81 
Value: 15514.50
Sales: FLWSx1632@1.70 PROx441@7.30 ENZx847@3.57 HCKTx854@3.62 BIO.Bx40@83.81 
Purchases: ATVx144@21.47 KIRKx271@11.42 BLDPx1773@1.75 IBCPx1491@2.08 BDLx473@6.55 

2010-08-23
Cash: 25.01
Held: KIRKx271@11.20 IBCPx1491@2.10 ATVx144@23.59 BLDPx1773@1.81 BDLx473@5.82 
Value: 15550.45
Sales: ATVx144@23.59 KIRKx271@11.20 BLDPx1773@1.81 IBCPx1491@2.10 BDLx473@5.82 
Purchases: IMNPx5272@0.59 HNHx387@8.03 FLWSx1839@1.69 OSBCPx1388@2.24 GUTx518@6.00 

2010-08-24
Cash: 6.55
Held: OSBCPx1388@2.20 FLWSx1839@1.69 IMNPx5272@0.60 GUTx518@6.23 HNHx387@8.05 
Value: 15673.00
Sales: FLWSx1839@1.69 IMNPx5272@0.60 OSBCPx1388@2.20 HNHx387@8.05 GUTx518@6.23 
Purchases: SCSSx612@5.12 SHIPx3407@0.92 SALMx1323@2.37 SYPRx1008@3.11 FORDx924@3.39 

2010-08-25
Cash: 3.16
Held: SYPRx1008@3.25 FORDx924@3.42 SHIPx3407@0.92 SALMx1323@2.64 SCSSx612@4.95 
Value: 16095.81
Sales: SCSSx612@4.95 SHIPx3407@0.92 SALMx1323@2.64 SYPRx1008@3.25 FORDx924@3.42 
Purchases: ELTKx3387@0.95 AXDXx4348@0.74 SPUx686@4.69 BIOLx4469@0.72 CALx293@10.97 

2010-08-26
Cash: 8.17
Held: SPUx686@4.90 AXDXx4348@0.80 CALx293@10.95 ELTKx3387@1.03 BIOLx4469@0.70 
Value: 16674.03
Sales: ELTKx3387@1.03 AXDXx4348@0.80 SPUx686@4.90 BIOLx4469@0.70 CALx293@10.95 
Purchases: GESx99@33.50 CRVPx5557@0.60 LGLx234@14.25 BIOLx4762@0.70 MARKx542@6.15 

2010-08-29
Cash: 21.50
Held: CRVPx5557@0.64 GESx99@33.06 LGLx234@13.93 MARKx542@6.30 BIOLx4762@0.59 
Value: 16335.33
Sales: GESx99@33.06 CRVPx5557@0.64 BIOLx4762@0.59 LGLx234@13.93 MARKx542@6.30 
Purchases: DFFNx3754@0.87 CVRx234@13.94 OBx245@13.28 BKJx310@10.51 PNBKx1794@1.82 

2010-08-30
Cash: 30.57
Held: CVRx234@16.44 DFFNx3754@0.88 PNBKx1794@1.89 OBx245@13.05 BKJx310@10.51 
Value: 17023.96
Sales: DFFNx3754@0.88 CVRx234@16.44 OBx245@13.05 BKJx310@10.51 PNBKx1794@1.89 
Purchases: NYNYx4309@0.79 HEESx502@6.78 AXNx1351@2.52 EMMSx552@6.16 MNOVx700@4.86 

2010-08-31
Cash: 9.64
Held: AXNx1351@2.70 HEESx502@7.22 MNOVx700@5.37 NYNYx4309@0.86 EMMSx552@6.04 
Value: 18078.57
Sales: NYNYx4309@0.86 HEESx502@7.22 AXNx1351@2.70 EMMSx552@6.04 MNOVx700@5.37 
Purchases: FANHx165@21.83 SNFCAx2620@1.38 ISLEx519@6.96 EMMSx598@6.04 DLx934@3.87 

2010-09-01
Cash: 23.78
Held: DLx934@4.28 ISLEx519@6.81 FANHx165@21.88 SNFCAx2620@1.38 EMMSx598@6.36 
Value: 18583.70
Sales: FANHx165@21.88 DLx934@4.28 SNFCAx2620@1.38 ISLEx519@6.81 EMMSx598@6.36 
Purchases: EDZx21@170.38 OHRPx14866@0.25 DPKx72@51.19 GENEx4588@0.81 GTIMx10321@0.36 

2010-09-02
Cash: 170.61
Held: EDZx21@164.75 DPKx72@49.72 OHRPx14866@0.25 GENEx4588@0.81 GTIMx10321@0.30 
Value: 17739.96
Sales: EDZx21@164.75 GTIMx10321@0.30 OHRPx14866@0.25 DPKx72@49.72 GENEx4588@0.81 
Purchases: FBPx8655@0.41 ADUSx771@4.60 COYNx946@3.75 IHTx3140@1.13 GTIMx11824@0.30 

2010-09-06
Cash: 1.26
Held: ADUSx771@4.67 IHTx3140@1.25 FBPx8655@0.38 GTIMx11824@0.40 COYNx946@4.00 
Value: 19328.60
Sales: GTIMx11824@0.40 FBPx8655@0.38 COYNx946@4.00 IHTx3140@1.25 ADUSx771@4.67 
Purchases: SEACx540@7.15 RGENx1167@3.31 CLDXx1113@3.47 SBFGx1208@3.20 WSCIx1050@3.68 

2010-09-07
Cash: 13.82
Held: WSCIx1050@3.52 SBFGx1208@3.44 CLDXx1113@3.55 RGENx1167@3.49 SEACx540@7.21 
Value: 19783.21
Sales: RGENx1167@3.49 SEACx540@7.21 SBFGx1208@3.44 WSCIx1050@3.52 CLDXx1113@3.55 
Purchases: PMBCx1198@3.30 BRKSx701@5.64 OSURx1177@3.36 MAYSx279@14.15 CMLSx214@18.41 

2010-09-08
Cash: 34.46
Held: OSURx1177@3.35 BRKSx701@5.56 MAYSx279@14.42 PMBCx1198@3.30 CMLSx214@17.92 
Value: 19686.85
Sales: PMBCx1198@3.30 BRKSx701@5.56 OSURx1177@3.35 MAYSx279@14.42 CMLSx214@17.92 
Purchases: ROSGx3678@1.07 SLABx112@34.88 CREEx79@49.41 PNBKx1998@1.97 ANGOx287@13.70 

2010-09-09
Cash: 72.84
Held: CREEx79@48.72 SLABx112@34.84 PNBKx1998@1.98 ANGOx287@13.74 ROSGx3678@1.05 
Value: 19586.28
Sales: ANGOx287@13.74 SLABx112@34.84 CREEx79@48.72 ROSGx3678@1.05 PNBKx1998@1.98 
Purchases: TBIOx11189@0.35 JKSx160@24.41 CROXx351@11.13 EMMSx914@4.28 SKXx171@22.84 

2010-09-12
Cash: 37.08
Held: JKSx160@26.45 CROXx351@10.88 SKXx171@22.84 TBIOx11189@0.33 EMMSx914@4.76 
Value: 20041.18
Sales: TBIOx11189@0.33 EMMSx914@4.76 SKXx171@22.84 CROXx351@10.88 JKSx160@26.45 
Purchases: TRNSx596@6.72 GEN           x894@4.48 HBPx4715@0.85 RDCMx452@8.85 GENx894@4.48 

2010-09-13
Cash: 16.61
Held: TRNSx596@6.64 GEN           x894@4.21 RDCMx452@9.43 HBPx4715@1.05 GENx894@4.21 
Value: 20715.63
Sales: TRNSx596@6.64 GEN           x894@4.21 HBPx4715@1.05 RDCMx452@9.43 GENx894@4.21 
Purchases: LIVEx920@4.50 AEPIx197@20.98 SGRPx4183@0.99 LODEx2541@1.63 CETCx48@84.81 

2010-09-14
Cash: 87.03
Held: LIVEx920@4.50 SGRPx4183@0.99 AEPIx197@20.97 LODEx2541@1.70 CETCx48@86.12 
Value: 20954.22
Sales: LIVEx920@4.50 AEPIx197@20.97 SGRPx4183@0.99 LODEx2541@1.70 CETCx48@86.12 
Purchases: FBCx2205@1.90 HBMDx761@5.50 ARNAx1120@3.74 CYRXx529@7.92 TISAx4762@0.88 

2010-09-15
Cash: 8.62
Held: HBMDx761@5.75 ARNAx1120@3.75 TISAx4762@0.95 CYRXx529@8.40 FBCx2205@1.94 
Value: 21830.62
Sales: FBCx2205@1.94 HBMDx761@5.75 ARNAx1120@3.75 CYRXx529@8.40 TISAx4762@0.95 
Purchases: BORNx526@8.29 ACCOx734@5.94 RDWRx125@34.66 EMMSx1019@4.28 OSBCx5136@0.85 

2010-09-16
Cash: 48.85
Held: ACCOx734@5.91 RDWRx125@36.44 OSBCx5136@1.05 BORNx526@8.45 EMMSx1019@4.16 
Value: 23018.94
Sales: BORNx526@8.45 ACCOx734@5.91 RDWRx125@36.44 EMMSx1019@4.16 OSBCx5136@1.05 
Purchases: PFSWx1621@2.84 MHOx449@10.25 FBPx15343@0.30 TPIVx28767@0.16 SVAx1142@4.03 

2010-09-19
Cash: 2.26
Held: TPIVx28767@0.18 PFSWx1621@3.01 SVAx1142@3.88 FBPx15343@0.29 MHOx449@11.21 
Value: 23976.42
Sales: PFSWx1621@3.01 MHOx449@11.21 FBPx15343@0.29 TPIVx28767@0.18 SVAx1142@3.88 
Purchases: ARNAx2577@1.86 PFINx3155@1.52 OREXx814@5.89 EATx272@17.62 INSx4795@1.00 

2010-09-20
Cash: 4.20
Held: PFINx3155@1.55 EATx272@17.73 INSx4795@1.00 OREXx814@5.91 ARNAx2577@1.78 
Value: 23911.22
Sales: ARNAx2577@1.78 PFINx3155@1.55 OREXx814@5.91 EATx272@17.73 INSx4795@1.00 
Purchases: ISDRx26560@0.18 PSTIx3414@1.40 HBPx6210@0.77 PRPHx3543@1.35 CIG.Cx440@10.86 

2010-09-21
Cash: 6.44
Held: ISDRx26560@0.18 PRPHx3543@1.33 CIG.Cx440@11.94 PSTIx3414@1.40 HBPx6210@0.79 
Value: 24440.71
Sales: ISDRx26560@0.18 HBPx6210@0.79 PSTIx3414@1.40 PRPHx3543@1.33 CIG.Cx440@11.94 
Purchases: CBZx903@5.41 INTTx1916@2.55 MMYTx146@33.28 RDCMx533@9.16 CACBx922@5.30 

2010-09-22
Cash: 41.38
Held: MMYTx146@38.00 INTTx1916@2.66 RDCMx533@9.00 CACBx922@5.20 CBZx903@5.58 
Value: 25313.97
Sales: CBZx903@5.58 INTTx1916@2.66 MMYTx146@38.00 RDCMx533@9.00 CACBx922@5.20 
Purchases: PNFPx595@8.51 RANDx1716@2.95 ZIONWx975@5.19 ADBEx191@26.41 AEISx421@12.00 

2010-09-23
Cash: 33.74
Held: ZIONWx975@5.50 AEISx421@12.63 ADBEx191@26.88 RANDx1716@3.35 PNFPx595@9.11 
Value: 27015.79
Sales: PNFPx595@9.11 RANDx1716@3.35 ZIONWx975@5.50 ADBEx191@26.88 AEISx421@12.63 
Purchases: FHx1818@2.97 JOBx21612@0.25 SKLNx31775@0.17 UWNx5146@1.05 TRCBx1111@4.86 

2010-09-26
Cash: 7.85
Held: JOBx21612@0.25 SKLNx31775@0.17 UWNx5146@1.04 TRCBx1111@4.86 FHx1818@3.00 
Value: 27018.80
Sales: FHx1818@3.00 JOBx21612@0.25 SKLNx31775@0.17 UWNx5146@1.04 TRCBx1111@4.86 
Purchases: KGJIx831@6.50 NFECx771@7.00 FINLx382@14.11 VICLx2444@2.21 EDUx230@23.42 

2010-09-27
Cash: 39.95
Held: EDUx230@23.80 NFECx771@6.31 VICLx2444@2.25 FINLx382@14.20 KGJIx831@8.50 
Value: 28365.26
Sales: KGJIx831@8.50 NFECx771@6.31 FINLx382@14.20 VICLx2444@2.25 EDUx230@23.80 
Purchases: SIMOx1033@5.49 AMRNx2101@2.70 RPRXx11819@0.48 SGYPx2269@2.50 SIFIx937@6.05 

2010-09-28
Cash: 9.83
Held: AMRNx2101@2.70 RPRXx11819@0.39 SIFIx937@6.25 SIMOx1033@5.45 SGYPx2269@2.50 
Value: 27446.82
Sales: SIMOx1033@5.45 AMRNx2101@2.70 RPRXx11819@0.39 SGYPx2269@2.50 SIFIx937@6.25 
Purchases: NLSx4323@1.27 GOGLx282@19.42 MBRGx391@14.03 MONx114@48.00 BIOLx4816@1.14 

2010-09-29
Cash: 34.91
Held: MBRGx391@14.08 NLSx4323@1.33 MONx114@47.94 GOGLx282@18.91 BIOLx4816@1.13 
Value: 27527.33
Sales: NLSx4323@1.33 GOGLx282@18.91 MBRGx391@14.08 MONx114@47.94 BIOLx4816@1.13 
Purchases: FALCx1798@3.06 RPRXx14874@0.37 MESOx442@12.45 APRIx318@17.30 CASIx1444@3.81 

2010-09-30
Cash: 12.23
Held: RPRXx14874@0.39 CASIx1444@3.76 MESOx442@12.45 FALCx1798@3.00 APRIx318@17.41 
Value: 27674.06
Sales: MESOx442@12.45 CASIx1444@3.76 RPRXx14874@0.39 FALCx1798@3.00 APRIx318@17.41 
Purchases: AAWWx110@50.12 MEIPx5078@1.09 RBPAAx3460@1.60 HRIx553@10.01 CRUSx317@17.41 

2010-10-03
Cash: 39.34
Held: MEIPx5078@1.19 RBPAAx3460@1.49 HRIx553@9.94 AAWWx110@49.38 CRUSx317@17.09 
Value: 27585.95
Sales: AAWWx110@49.38 MEIPx5078@1.19 RBPAAx3460@1.49 HRIx553@9.94 CRUSx317@17.09 
Purchases: AEHRx3998@1.38 BGIx7771@0.71 RANDx1857@2.97 TNKx460@11.97 CBKx835@6.60 

2010-10-04
Cash: 17.55
Held: AEHRx3998@1.35 TNKx460@12.06 CBKx835@6.60 RANDx1857@3.15 BGIx7771@1.04 
Value: 30406.76
Sales: AEHRx3998@1.35 CBKx835@6.60 BGIx7771@1.04 TNKx460@12.06 RANDx1857@3.15 
Purchases: CETCx74@82.00 GTIMx8108@0.75 USATx5739@1.06 PEGAx212@28.62 SIFYx2631@2.31 

2010-10-05
Cash: 29.34
Held: SIFYx2631@2.22 GTIMx8108@0.74 USATx5739@1.13 CETCx74@80.88 PEGAx212@28.34 
Value: 30351.85
Sales: CETCx74@80.88 GTIMx8108@0.74 USATx5739@1.13 PEGAx212@28.34 SIFYx2631@2.22 
Purchases: UAMYx12916@0.47 MXLx619@9.80 DPKx156@38.75 IRMx297@20.44 GTIMx8200@0.74 

2010-10-06
Cash: 32.59
Held: DPKx156@38.97 UAMYx12916@0.47 GTIMx8200@0.80 MXLx619@9.92 IRMx297@20.33 
Value: 30919.35
Sales: UAMYx12916@0.47 MXLx619@9.92 DPKx156@38.97 IRMx297@20.33 GTIMx8200@0.80 
Purchases: VMWx79@77.38 SANDx8710@0.71 CVLTx242@25.52 TZOOx243@25.34 RHTx162@38.16 

2010-10-07
Cash: 108.34
Held: VMWx79@79.19 CVLTx242@25.59 TZOOx243@25.48 SANDx8710@0.73 RHTx162@38.66 
Value: 31370.98
Sales: VMWx79@79.19 SANDx8710@0.73 CVLTx242@25.59 TZOOx243@25.48 RHTx162@38.66 
Purchases: ACFCx3922@1.60 CAMPx2561@2.45 CKXx633@9.90 SPEXx5552@1.13 AUMNx325@19.30 

2010-10-10
Cash: 14.56
Held: CAMPx2561@2.40 CKXx633@9.99 SPEXx5552@1.02 AUMNx325@24.50 ACFCx3922@1.60 
Value: 32383.62
Sales: ACFCx3922@1.60 CAMPx2561@2.40 CKXx633@9.99 SPEXx5552@1.02 AUMNx325@24.50 
Purchases: CYTXx91@70.94 MDXGx6414@1.01 TSNx436@14.84 KLICx1134@5.71 XTLBx32391@0.20 

2010-10-11
Cash: 26.97
Held: XTLBx32391@0.25 KLICx1134@5.86 TSNx436@14.84 MDXGx6414@1.01 CYTXx91@70.19 
Value: 34104.83
Sales: TSNx436@14.84 MDXGx6414@1.01 CYTXx91@70.19 KLICx1134@5.86 XTLBx32391@0.25 
Purchases: IDRAx2266@3.01 CBRx2186@3.12 VCELx4517@1.51 THRMx697@9.77 SPEXx7178@0.95 

2010-10-12
Cash: 14.06
Held: VCELx4517@1.48 SPEXx7178@0.99 THRMx697@10.13 CBRx2186@3.28 IDRAx2266@2.98 
Value: 34794.09
Sales: CBRx2186@3.28 IDRAx2266@2.98 VCELx4517@1.48 THRMx697@10.13 SPEXx7178@0.99 
Purchases: KMGx497@13.99 GPNx179@38.75 RBCNx371@18.73 RVLTx3429@2.03 BOSCx746@9.32 

2010-10-13
Cash: 41.86
Held: RVLTx3429@2.16 RBCNx371@19.80 GPNx179@38.59 KMGx497@14.15 BOSCx746@9.28 
Value: 35657.55
Sales: KMGx497@14.15 GPNx179@38.59 BOSCx746@9.28 RVLTx3429@2.16 RBCNx371@19.80 
Purchases: SSYx3583@1.99 DFFNx15174@0.47 BCLIx2160@3.30 CASHx342@20.80 MGMx616@11.56 

2010-10-14
Cash: 30.48
Held: SSYx3583@1.93 CASHx342@18.95 DFFNx15174@0.52 MGMx616@11.06 BCLIx2160@3.22 
Value: 35088.52
Sales: BCLIx2160@3.22 DFFNx15174@0.52 SSYx3583@1.93 CASHx342@18.95 MGMx616@11.06 
Purchases: DVx168@41.72 BSRRx643@10.90 APOLx191@36.59 OGENx1079@6.50 CECOx413@16.95 

2010-10-17
Cash: 67.52
Held: BSRRx643@10.99 CECOx413@17.44 DVx168@43.75 APOLx191@37.28 OGENx1079@6.50 
Value: 35821.41
Sales: DVx168@43.75 BSRRx643@10.99 APOLx191@37.28 OGENx1079@6.50 CECOx413@17.44 
Purchases: TGNAx574@12.47 BDLx1178@6.08 MEGx829@8.63 JASOx798@8.98 INSYx24701@0.29 

2010-10-18
Cash: 20.16
Held: TGNAx574@12.13 INSYx24701@0.29 JASOx798@8.05 MEGx829@7.98 BDLx1178@7.05 
Value: 35491.68
Sales: TGNAx574@12.13 INSYx24701@0.29 MEGx829@7.98 BDLx1178@7.05 JASOx798@8.05 
Purchases: HRBx654@10.85 VHIx354@20.02 CASHx534@13.29 EBRx486@14.59 BOSCx943@7.52 

2010-10-19
Cash: 29.39
Held: EBRx486@15.01 CASHx534@13.85 VHIx354@20.66 BOSCx943@6.84 HRBx654@10.73 
Value: 35497.38
Sales: HRBx654@10.73 VHIx354@20.66 CASHx534@13.85 EBRx486@15.01 BOSCx943@6.84 
Purchases: BXCx231@30.70 SVUx695@10.21 FNSRx377@18.80 PCOx4928@1.44 SIFYx3549@2.00 

2010-10-20
Cash: 25.50
Held: PCOx4928@1.49 SIFYx3549@1.98 FNSRx377@18.44 SVUx695@10.55 BXCx231@30.41 
Value: 35702.91
Sales: SVUx695@10.55 FNSRx377@18.44 PCOx4928@1.49 BXCx231@30.41 SIFYx3549@1.98 
Purchases: MEGx1052@6.78 RBPAAx4057@1.76 GBRx2119@3.37 OKSBx613@11.64 RTNBx12749@0.56 

2010-10-21
Cash: 14.57
Held: RBPAAx4057@1.76 OKSBx613@11.54 MEGx1052@6.70 RTNBx12749@0.56 GBRx2119@3.30 
Value: 35409.51
Sales: MEGx1052@6.70 RBPAAx4057@1.76 GBRx2119@3.30 OKSBx613@11.54 RTNBx12749@0.56 
Purchases: FHx3357@2.11 FNFx554@12.78 CRUSx535@13.22 PLCEx158@44.78 ACFCx4721@1.50 

2010-10-24
Cash: 18.55
Held: PLCEx158@44.44 FNFx554@13.12 ACFCx4721@1.35 FHx3357@2.04 CRUSx535@12.80 
Value: 34369.57
Sales: FHx3357@2.04 FNFx554@13.12 CRUSx535@12.80 PLCEx158@44.44 ACFCx4721@1.35 
Purchases: HMNFx2261@3.04 LIVEx731@9.40 MCBCx3736@1.84 CONNx1888@3.64 RASx4165@1.65 

2010-10-25
Cash: 6.96
Held: LIVEx731@9.19 CONNx1888@4.20 MCBCx3736@1.78 HMNFx2261@3.04 RASx4165@1.72 
Value: 35336.23
Sales: HMNFx2261@3.04 LIVEx731@9.19 MCBCx3736@1.78 CONNx1888@4.20 RASx4165@1.72 
Purchases: CGAx970@7.28 SNGXx37207@0.19 INVTx4232@1.67 CVBx800@8.83 SRIx682@10.36 

2010-10-26
Cash: 11.56
Held: CVBx800@9.24 INVTx4232@1.88 SRIx682@10.49 SNGXx37207@0.19 CGAx970@7.75 
Value: 37101.30
Sales: CGAx970@7.75 SRIx682@10.49 INVTx4232@1.88 CVBx800@9.24 SNGXx37207@0.19 
Purchases: CPLAx138@53.50 LOPEx398@18.64 UISx314@23.59 BXSx589@12.58 BWL.Ax667@11.12 

2010-10-27
Cash: 67.21
Held: BWL.Ax667@11.12 UISx314@23.16 LOPEx398@18.61 CPLAx138@54.12 BXSx589@12.84 
Value: 37194.19
Sales: CPLAx138@54.12 UISx314@23.16 BWL.Ax667@11.12 BXSx589@12.84 LOPEx398@18.61 
Purchases: CBMXx1@4972.00 KONAx2214@3.36 GTXIx2619@2.84 BXMTx5129@1.45 SOXSx316@23.50 

2010-10-28
Cash: 2482.93
Held: KONAx2214@3.34 GTXIx2619@2.80 BXMTx5129@1.46 SOXSx316@23.05 CBMXx1@5084.00 
Value: 37067.54
Sales: CBMXx1@5084.00 KONAx2214@3.34 GTXIx2619@2.80 BXMTx5129@1.46 SOXSx316@23.05 
Purchases: OCLRx881@8.41 CDTIx87@84.25 GPREx667@11.10 SRTx1817@4.08 NCIx810@9.15 

2010-10-31
Cash: 106.95
Held: SRTx1817@4.24 GPREx667@11.22 NCIx810@8.90 CDTIx87@71.19 OCLRx881@8.62 
Value: 36283.61
Sales: OCLRx881@8.62 NCIx810@8.90 CDTIx87@71.19 GPREx667@11.22 SRTx1817@4.24 
Purchases: PIPx2103@3.45 NRx1354@5.36 EXASx1161@6.25 NUVAx281@25.73 AMAGx457@15.87 

2010-11-01
Cash: 34.39
Held: NRx1354@5.55 NUVAx281@24.86 PIPx2103@3.21 AMAGx457@16.02 EXASx1161@6.25 
Value: 35863.63
Sales: PIPx2103@3.21 NRx1354@5.55 EXASx1161@6.25 NUVAx281@24.86 AMAGx457@16.02 
Purchases: LIVEx1078@6.65 BIOPx13793@0.52 CDTIx110@65.00 XTLBx51228@0.14 MTSLx3677@1.95 

2010-11-02
Cash: 30.44
Held: XTLBx51228@0.16 LIVEx1078@6.46 MTSLx3677@1.90 CDTIx110@70.25 BIOPx13793@0.50 
Value: 36805.30
Sales: LIVEx1078@6.46 BIOPx13793@0.50 CDTIx110@70.25 MTSLx3677@1.90 XTLBx51228@0.16 
Purchases: SPRx386@19.03 BOSCx1022@7.20 BNCNx831@8.85 BELx650@11.32 CCURx1517@4.85 

2010-11-03
Cash: 27.97
Held: BELx650@11.49 SPRx386@18.94 BNCNx831@8.77 CCURx1517@4.79 BOSCx1022@7.12 
Value: 36641.25
Sales: SPRx386@18.94 BNCNx831@8.77 BOSCx1022@7.12 BELx650@11.49 CCURx1517@4.79 
Purchases: TGBx1553@4.72 HSNIx280@26.17 GIGAx3347@2.19 PWRx412@17.77 NANOx582@12.57 

2010-11-04
Cash: 21.45
Held: HSNIx280@26.23 NANOx582@12.74 GIGAx3347@2.34 PWRx412@17.84 TGBx1553@4.67 
Value: 37221.53
Sales: HSNIx280@26.23 PWRx412@17.84 TGBx1553@4.67 GIGAx3347@2.34 NANOx582@12.74 
Purchases: DFFNx17315@0.43 KRAx256@28.97 INUVx21889@0.34 NSITx569@13.07 ECHOx625@11.90 

2010-11-07
Cash: 43.55
Held: INUVx21889@0.34 ECHOx625@11.26 DFFNx17315@0.43 NSITx569@13.46 KRAx256@28.88 
Value: 37019.41
Sales: DFFNx17315@0.43 KRAx256@28.88 INUVx21889@0.34 NSITx569@13.46 ECHOx625@11.26 
Purchases: PODDx517@14.30 INSYx28475@0.26 SEMx1157@6.40 YRCWx1855@3.99 STSx3190@2.32 

2010-11-08
Cash: 17.47
Held: SEMx1157@6.28 STSx3190@2.32 PODDx517@13.96 INSYx28475@0.26 YRCWx1855@3.77 
Value: 36300.74
Sales: INSYx28475@0.26 SEMx1157@6.28 PODDx517@13.96 YRCWx1855@3.77 STSx3190@2.32 
Purchases: IESCx2110@3.44 PLABx1180@6.15 STMPx552@13.13 NAVBx4195@1.73 LMIAx510@14.22 

2010-11-09
Cash: 28.14
Held: STMPx552@13.99 IESCx2110@3.43 LMIAx510@14.43 NAVBx4195@1.73 PLABx1180@6.31 
Value: 37051.07
Sales: NAVBx4195@1.73 PLABx1180@6.31 STMPx552@13.99 LMIAx510@14.43 IESCx2110@3.43 
Purchases: DFx965@7.67 ENOCx290@25.55 GSSx1563@4.74 OGENx1852@4.00 INSx6022@1.23 

2010-11-10
Cash: 15.30
Held: INSx6022@1.18 ENOCx290@26.16 DFx965@7.71 OGENx1852@4.00 GSSx1563@4.72 
Value: 36929.15
Sales: DFx965@7.71 GSSx1563@4.72 ENOCx290@26.16 OGENx1852@4.00 INSx6022@1.18 
Purchases: BDSIx2521@2.93 IDSAx619@11.93 AIZx207@35.56 MARKx1516@4.87 FCSCx17588@0.42 

2010-11-11
Cash: 27.33
Held: AIZx207@35.00 MARKx1516@4.78 FCSCx17588@0.45 BDSIx2521@3.09 IDSAx619@11.39 
Value: 37274.74
Sales: FCSCx17588@0.45 BDSIx2521@3.09 MARKx1516@4.78 IDSAx619@11.39 AIZx207@35.00 
Purchases: IMNPx17339@0.43 HPJx2065@3.61 SRDXx855@8.71 ANWx736@10.12 CSCOx369@20.16 

2010-11-14
Cash: 35.04
Held: HPJx2065@3.58 SRDXx855@8.58 IMNPx17339@0.43 ANWx736@9.55 CSCOx369@19.95 
Value: 36605.99
Sales: IMNPx17339@0.43 HPJx2065@3.58 SRDXx855@8.58 CSCOx369@19.95 ANWx736@9.55 
Purchases: TORMx851@8.59 ESNCx12848@0.57 NXSTx1567@4.67 ASMx4257@1.72 BDDx429@17.05 

2010-11-15
Cash: 16.79
Held: ESNCx12848@0.57 TORMx851@8.62 NXSTx1567@4.29 ASMx4257@1.56 BDDx429@15.00 
Value: 34466.17
Sales: TORMx851@8.62 ESNCx12848@0.57 BDDx429@15.00 ASMx4257@1.56 NXSTx1567@4.29 
Purchases: MMYTx246@27.94 HRTXx12097@0.57 GNMKx2027@3.40 HCSGx435@15.82 WCNx266@25.84 

2010-11-16
Cash: 51.52
Held: WCNx266@25.91 MMYTx246@27.52 HCSGx435@15.65 GNMKx2027@3.40 HRTXx12097@0.59 
Value: 34546.42
Sales: HCSGx435@15.65 HRTXx12097@0.59 GNMKx2027@3.40 MMYTx246@27.52 WCNx266@25.91 
Purchases: CVVx1151@6.00 BDDx462@14.95 FFHLx3713@1.86 SSKNx2731@2.53 FNx419@16.48 

2010-11-17
Cash: 10.13
Held: CVVx1151@6.50 SSKNx2731@2.53 FFHLx3713@2.01 FNx419@16.53 BDDx462@16.00 
Value: 36179.99
Sales: CVVx1151@6.50 BDDx462@16.00 FFHLx3713@2.01 SSKNx2731@2.53 FNx419@16.53 
Purchases: CBMXx1@4952.00 SARx394@18.33 HAFCx7698@0.94 FBPx27829@0.26 JKSx294@24.59 

2010-11-18
Cash: 2304.67
Held: SARx394@18.39 JKSx294@26.06 HAFCx7698@0.92 FBPx27829@0.26 CBMXx1@4884.00 
Value: 36414.32
Sales: HAFCx7698@0.92 SARx394@18.39 CBMXx1@4884.00 FBPx27829@0.26 JKSx294@26.06 
Purchases: ZSLx556@13.08 VCELx3034@2.40 YANGx418@17.42 LPTHx4090@1.78 ITUSx33108@0.22 

2010-11-21
Cash: 13.65
Held: ITUSx33108@0.25 VCELx3034@2.49 LPTHx4090@1.85 ZSLx556@12.64 YANGx418@17.38 
Value: 37701.86
Sales: ZSLx556@12.64 VCELx3034@2.49 YANGx418@17.38 LPTHx4090@1.85 ITUSx33108@0.25 
Purchases: SPWRx613@12.29 HRTXx13714@0.55 LIVEx1100@6.85 CKXx727@10.37 BALx124@60.62 

2010-11-22
Cash: 37.48
Held: SPWRx613@12.08 CKXx727@10.35 LIVEx1100@6.69 BALx124@56.25 HRTXx13714@0.55 
Value: 36842.52
Sales: SPWRx613@12.08 LIVEx1100@6.69 HRTXx13714@0.55 CKXx727@10.35 BALx124@56.25 
Purchases: ELTKx6465@1.14 NYNYx6636@1.11 XPOx3082@2.39 BWL.Ax636@11.57 CONNx2232@3.30 

2010-11-23
Cash: 12.43
Held: BWL.Ax636@11.57 CONNx2232@3.33 XPOx3082@2.32 NYNYx6636@1.08 ELTKx6465@1.20 
Value: 36881.75
Sales: NYNYx6636@1.08 ELTKx6465@1.20 XPOx3082@2.32 BWL.Ax636@11.57 CONNx2232@3.33 
Purchases: SSKNx1881@3.92 CDTIx112@65.44 BRCDx1445@5.10 SPHSx15695@0.47 JACKx369@19.95 

2010-11-25
Cash: 68.73
Held: JACKx369@20.05 SSKNx1881@3.87 SPHSx15695@0.47 BRCDx1445@5.05 CDTIx112@76.06 
Value: 37937.45
Sales: BRCDx1445@5.05 CDTIx112@76.06 JACKx369@20.05 SPHSx15695@0.47 SSKNx1881@3.87 
Purchases: CVVx1193@6.36 FMBHx445@17.05 VRTBx4743@1.60 EVBSx2167@3.50 LPTHx4543@1.67 

2010-11-28
Cash: 6.95
Held: CVVx1193@6.80 VRTBx4743@1.65 LPTHx4543@1.67 EVBSx2167@3.70 FMBHx445@17.05 
Value: 39136.61
Sales: CVVx1193@6.80 EVBSx2167@3.70 VRTBx4743@1.65 LPTHx4543@1.67 FMBHx445@17.05 
Purchases: AIIIx6021@1.30 CYANx2717@2.88 MGAx162@48.28 GFEDx1819@4.30 SCIFx408@19.14 

2010-11-29
Cash: 29.13
Held: GFEDx1819@4.50 SCIFx408@19.30 MGAx162@47.62 CYANx2717@2.91 AIIIx6021@1.43 
Value: 40318.05
Sales: AIIIx6021@1.43 CYANx2717@2.91 MGAx162@47.62 GFEDx1819@4.50 SCIFx408@19.30 
Purchases: UNISx1485@5.43 HIHOx2435@3.31 MSONx3345@2.41 VBFCx4607@1.75 DHILx116@69.25 

2010-11-30
Cash: 36.56
Held: VBFCx4607@1.80 MSONx3345@2.35 HIHOx2435@3.37 UNISx1485@5.51 DHILx116@73.81 
Value: 41138.71
Sales: UNISx1485@5.51 HIHOx2435@3.37 MSONx3345@2.35 VBFCx4607@1.80 DHILx116@73.81 
Purchases: XBKSx17141@0.48 BGIx6634@1.24 ROSGx7687@1.07 SALMx2478@3.32 NNVCx6377@1.29 

2010-12-01
Cash: 1.84
Held: SALMx2478@3.36 BGIx6634@1.34 NNVCx6377@1.42 XBKSx17141@0.54 ROSGx7687@1.06 
Value: 43671.47
Sales: XBKSx17141@0.54 BGIx6634@1.34 ROSGx7687@1.06 SALMx2478@3.36 NNVCx6377@1.42 
Purchases: DFFNx19411@0.45 NNAx2109@4.14 IGCx15886@0.55 TROVx26461@0.33 CPHCx863@10.12 

2010-12-02
Cash: 5.36
Held: CPHCx863@10.42 DFFNx19411@0.45 IGCx15886@0.58 TROVx26461@0.33 NNAx2109@4.07 
Value: 44267.05
Sales: DFFNx19411@0.45 NNAx2109@4.07 IGCx15886@0.58 TROVx26461@0.33 CPHCx863@10.42 
Purchases: FAZx812@10.90 FANHx527@16.80 KRx419@21.11 INSMx13622@0.65 CACBx1362@6.50 

2010-12-05
Cash: 14.76
Held: CACBx1362@6.60 FAZx812@10.95 INSMx13622@0.64 KRx419@20.62 FANHx527@16.98 
Value: 44212.61
Sales: FAZx812@10.95 KRx419@20.62 FANHx527@16.98 INSMx13622@0.64 CACBx1362@6.60 
Purchases: CDTIx119@73.75 LBx277@31.81 MITLx1598@5.53 OREXx1857@4.76 CPRXx8842@1.00 

2010-12-06
Cash: 100.85
Held: CPRXx8842@0.99 LBx277@31.44 OREXx1857@4.76 MITLx1598@5.45 CDTIx119@70.38 
Value: 43489.68
Sales: CDTIx119@70.38 OREXx1857@4.76 MITLx1598@5.45 LBx277@31.44 CPRXx8842@0.99 
Purchases: PTNx9665@0.90 INSx6851@1.27 XCRAx1196@7.27 AHPIx1066@8.16 VMOx659@13.19 

2010-12-07
Cash: 15.08
Held: XCRAx1196@6.96 VMOx659@13.10 PTNx9665@0.99 INSx6851@1.26 AHPIx1066@8.26 
Value: 43978.39
Sales: VMOx659@13.10 INSx6851@1.26 XCRAx1196@6.96 AHPIx1066@8.26 PTNx9665@0.99 
Purchases: ABMDx950@9.25 AXUx1113@7.90 GERNx1810@4.86 GSTx2104@4.18 TROVx33828@0.26 

2010-12-08
Cash: 14.79
Held: GERNx1810@4.72 AXUx1113@7.88 GSTx2104@4.24 TROVx33828@0.26 ABMDx950@9.43 
Value: 43996.10
Sales: TROVx33828@0.26 ABMDx950@9.43 GERNx1810@4.72 GSTx2104@4.24 AXUx1113@7.88 
Purchases: TRQx353@24.88 UNXLx24434@0.36 RLGTx9361@0.94 TLRDx375@23.42 GTIMx16609@0.53 

2010-12-09
Cash: 35.17
Held: TRQx353@23.94 RLGTx9361@0.99 GTIMx16609@0.58 UNXLx24434@5.25 TLRDx375@24.88 
Value: 164995.83
Sales: TRQx353@23.94 UNXLx24434@5.25 RLGTx9361@0.99 TLRDx375@24.88 GTIMx16609@0.58 
Purchases: DRAMx1030@32.03 OPHCx10277@3.21 CIVBx8822@3.74 LDOSx2180@15.13 MTSLx12887@2.56 

2010-12-12
Cash: 21.19
Held: DRAMx1030@32.41 LDOSx2180@15.39 CIVBx8822@3.71 OPHCx10277@2.40 MTSLx12887@2.28 
Value: 153731.20
Sales: DRAMx1030@32.41 LDOSx2180@15.39 CIVBx8822@3.71 OPHCx10277@2.40 MTSLx12887@2.28 
Purchases: DDCx2464@12.48 VCELx13085@2.35 CASIx5662@5.43 KINSx9125@3.37 STRMx20631@1.49 

2010-12-13
Cash: 12.98
Held: VCELx13085@2.25 CASIx5662@5.09 DDCx2464@11.98 STRMx20631@1.51 KINSx9125@3.03 
Value: 146573.49
Sales: DDCx2464@11.98 VCELx13085@2.25 CASIx5662@5.09 KINSx9125@3.03 STRMx20631@1.51 
Purchases: RESx1490@19.67 CYTKx2272@12.90 ROLx1525@19.22 PTIEx4461@6.57 USATPx2254@13.00 

2010-12-14
Cash: 36.39
Held: PTIEx4461@6.58 RESx1490@18.50 USATPx2254@13.00 CYTKx2272@12.60 ROLx1525@19.44 
Value: 144521.34
Sales: RESx1490@18.50 CYTKx2272@12.60 USATPx2254@13.00 PTIEx4461@6.58 ROLx1525@19.44 
Purchases: INVTx13015@2.22 RLIx551@52.38 SQBGx262801@0.11 BBYx837@34.50 APDNx9090@3.18 

2010-12-15
Cash: 76.14
Held: APDNx9090@3.54 BBYx837@34.59 INVTx13015@2.31 RLIx551@52.59 SQBGx262801@0.11 
Value: 149156.38
Sales: INVTx13015@2.31 RLIx551@52.59 APDNx9090@3.54 BBYx837@34.59 SQBGx262801@0.11 
Purchases: EOSx2477@12.04 MMACx248604@0.12 COYNx6629@4.50 INUVx6417@4.65 GLOWx59662@0.50 

2010-12-16
Cash: 13.83
Held: GLOWx59662@0.56 EOSx2477@12.00 INUVx6417@4.72 MMACx248604@0.12 COYNx6629@4.75 
Value: 154751.28
Sales: EOSx2477@12.00 MMACx248604@0.12 COYNx6629@4.75 INUVx6417@4.72 GLOWx59662@0.56 
Purchases: CRKx281@110.00 RGCx2402@12.88 MAx139@221.25 PKOHx1540@20.09 Vx462@66.88 

2010-12-19
Cash: 302.39
Held: PKOHx1540@19.92 MAx139@223.50 RGCx2402@12.54 Vx462@68.00 CRKx281@111.38 
Value: 154879.78
Sales: CRKx281@111.38 RGCx2402@12.54 MAx139@223.50 PKOHx1540@19.92 Vx462@68.00 
Purchases: PBIBx3090@10.02 FSBKx5179@5.98 DXRx3540@8.75 SAJAx36438@0.85 PNBKx15883@1.95 

2010-12-20
Cash: 8.70
Held: FSBKx5179@6.41 PBIBx3090@10.10 SAJAx36438@0.82 DXRx3540@9.44 PNBKx15883@1.91 
Value: 158041.24
Sales: PBIBx3090@10.10 FSBKx5179@6.41 SAJAx36438@0.82 PNBKx15883@1.91 DXRx3540@9.44 
Purchases: SGOCx6361@4.97 INVTx16727@1.89 CDTIx607@52.06 CXEx6915@4.57 BIOLx22108@1.43 

2010-12-21
Cash: 13.69
Held: SGOCx6361@4.90 CXEx6915@4.67 INVTx16727@1.82 CDTIx607@49.75 BIOLx22108@1.60 
Value: 159489.45
Sales: SGOCx6361@4.90 INVTx16727@1.82 CDTIx607@49.75 CXEx6915@4.67 BIOLx22108@1.60 
Purchases: ORNx2847@11.20 STVx4399@7.25 CYRXx5113@6.24 SKXx1643@19.41 BASIx15554@2.05 

2010-12-22
Cash: 22.75
Held: ORNx2847@11.16 STVx4399@7.19 BASIx15554@1.70 CYRXx5113@6.60 SKXx1643@19.88 
Value: 156272.84
Sales: ORNx2847@11.16 STVx4399@7.19 CYRXx5113@6.60 SKXx1643@19.88 BASIx15554@1.70 
Purchases: EMKRx6792@4.60 ARNAx18061@1.73 CFFNx2695@11.59 LNNx505@61.81 BASIx18382@1.70 

2010-12-26
Cash: 51.58
Held: EMKRx6792@4.72 BASIx18382@2.18 LNNx505@60.00 ARNAx18061@1.79 CFFNx2695@11.72 
Value: 166380.27
Sales: EMKRx6792@4.72 ARNAx18061@1.79 LNNx505@60.00 CFFNx2695@11.72 BASIx18382@2.18 
Purchases: GDXJx877@37.94 EMMSx11880@2.80 CKXx3410@9.76 CASCx1675@19.86 CURx1196@27.81 

2010-12-27
Cash: 33.46
Held: CKXx3410@9.82 CASCx1675@19.31 GDXJx877@39.97 EMMSx11880@2.79 CURx1196@28.08 
Value: 167637.25
Sales: CURx1196@28.08 EMMSx11880@2.79 CKXx3410@9.82 CASCx1675@19.31 GDXJx877@39.97 
Purchases: MNROx951@35.22 RLOGx7450@4.50 BSFx28164@1.19 PSDVx6472@5.18 DRYSx4@8296.00 

2010-12-28
Cash: 385.02
Held: MNROx951@35.34 PSDVx6472@5.08 BSFx28164@1.34 DRYSx4@8192.00 RLOGx7450@4.46 
Value: 170599.90
Sales: MNROx951@35.34 RLOGx7450@4.46 BSFx28164@1.34 PSDVx6472@5.08 DRYSx4@8192.00 
Purchases: ACADx32201@1.06 BORNx3192@10.69 VRMLx4454@7.66 PBPx1638@20.83 GLOWx56857@0.60 

2010-12-29
Cash: 11.62
Held: GLOWx56857@0.60 PBPx1638@20.88 ACADx32201@1.23 VRMLx4454@7.42 BORNx3192@10.66 
Value: 175018.73
Sales: VRMLx4454@7.42 BORNx3192@10.66 ACADx32201@1.23 PBPx1638@20.88 GLOWx56857@0.60 
Purchases: HRTXx72927@0.48 XPLx9383@3.73 GRRx1813@19.30 KGJIx7993@4.38 BTXx4152@8.43 

2010-12-30
Cash: 26.31
Held: XPLx9383@3.63 GRRx1813@19.69 BTXx4152@8.33 KGJIx7993@4.08 HRTXx72927@0.45 
Value: 169776.52
Sales: KGJIx7993@4.08 HRTXx72927@0.45 GRRx1813@19.69 BTXx4152@8.33 XPLx9383@3.63 
Purchases: QADBx3416@9.94 MEIPx34997@0.97 CVMx41417@0.82 PRPHx28291@1.20 BLINx4716@7.20 

2011-01-02
Cash: 14.51
Held: MEIPx34997@1.00 PRPHx28291@1.21 CVMx41417@0.83 QADBx3416@10.42 BLINx4716@7.05 
Value: 172474.47
Sales: QADBx3416@10.42 MEIPx34997@1.00 CVMx41417@0.83 PRPHx28291@1.21 BLINx4716@7.05 
Purchases: ETRMx10@3182.00 CDTIx734@46.94 DTOx649@53.12 NBNx2299@15.00 AGAx1948@17.70 

2011-01-03
Cash: 2753.53
Held: AGAx1948@18.44 NBNx2299@14.55 ETRMx10@3266.00 DTOx649@55.75 CDTIx734@43.44 
Value: 172837.92
Sales: ETRMx10@3266.00 CDTIx734@43.44 DTOx649@55.75 NBNx2299@14.55 AGAx1948@18.44 
Purchases: FCELx16463@2.10 EDAPx6984@4.95 BIOLx22445@1.54 NUROx58604@0.59 VRMLx5068@6.82 

2011-01-04
Cash: 7.98
Held: NUROx58604@0.54 FCELx16463@2.09 VRMLx5068@7.56 EDAPx6984@5.00 BIOLx22445@1.51 
Value: 173175.17
Sales: FCELx16463@2.09 EDAPx6984@5.00 BIOLx22445@1.51 NUROx58604@0.54 VRMLx5068@7.56 
Purchases: PIPx9786@3.54 GPLx13640@2.54 YTENx3157@10.97 EMXx12022@2.88 ELTKx25663@1.35 

2011-01-05
Cash: 12.03
Held: YTENx3157@10.56 EMXx12022@3.11 PIPx9786@3.43 GPLx13640@2.21 ELTKx25663@1.40 
Value: 170397.09
Sales: PIPx9786@3.43 GPLx13640@2.21 YTENx3157@10.56 EMXx12022@3.11 ELTKx25663@1.40 
Purchases: IIIx16081@2.12 NUROx64326@0.53 WSO.Bx604@56.41 RTNBx41569@0.82 WSCIx6736@5.06 

2011-01-06
Cash: 16.89
Held: IIIx16081@2.14 NUROx64326@0.53 WSCIx6736@4.93 RTNBx41569@0.82 WSO.Bx604@61.09 
Value: 172705.51
Sales: WSO.Bx604@61.09 IIIx16081@2.14 WSCIx6736@4.93 NUROx64326@0.53 RTNBx41569@0.82 
Purchases: BTXx4128@8.37 SSYx19519@1.77 CRWSx7832@4.41 PEIXx40170@0.86 BASx2363@14.62 

2011-01-09
Cash: 4.82
Held: SSYx19519@1.88 BTXx4128@8.71 CRWSx7832@4.37 BASx2363@15.12 PEIXx40170@0.87 
Value: 177565.93
Sales: BASx2363@15.12 SSYx19519@1.88 BTXx4128@8.71 PEIXx40170@0.87 CRWSx7832@4.37 
Purchases: KGJIx10664@3.33 RNNx27738@1.28 MSTXx14205@2.50 XOMAx6134@5.79 KATEx6176@5.75 

2011-01-10
Cash: 7.14
Held: KATEx6176@5.78 MSTXx14205@2.49 XOMAx6134@5.72 KGJIx10664@3.25 RNNx27738@1.31 
Value: 177147.59
Sales: KGJIx10664@3.25 RNNx27738@1.31 MSTXx14205@2.49 KATEx6176@5.78 XOMAx6134@5.72 
Purchases: CPLAx666@53.19 RAVEx18360@1.93 STRAx299@118.38 RBPAAx20838@1.70 UCBIx20245@1.75 

2011-01-11
Cash: 44.11
Held: RBPAAx20838@1.88 RAVEx18360@1.95 UCBIx20245@1.81 CPLAx666@53.69 STRAx299@123.56 
Value: 184358.51
Sales: RAVEx18360@1.95 CPLAx666@53.69 STRAx299@123.56 RBPAAx20838@1.88 UCBIx20245@1.81 
Purchases: INSYx136551@0.27 TCIx6074@6.07 TUESx8397@4.39 HSTMx5453@6.76 SQBGx526683@0.07 

2011-01-12
Cash: 4.60
Held: TUESx8397@4.41 INSYx136551@0.30 SQBGx526683@0.07 TCIx6074@6.07 HSTMx5453@6.80 
Value: 188836.05
Sales: INSYx136551@0.30 TCIx6074@6.07 TUESx8397@4.41 HSTMx5453@6.80 SQBGx526683@0.07 
Purchases: EPVx2731@13.83 DPKx1207@31.28 VTNRx104877@0.36 WSO.Bx648@58.22 GTIMx18416@2.05 

2011-01-13
Cash: 55.05
Held: DPKx1207@30.77 VTNRx104877@0.60 EPVx2731@13.52 GTIMx18416@2.00 WSO.Bx648@58.12 
Value: 211555.11
Sales: EPVx2731@13.52 WSO.Bx648@58.12 VTNRx104877@0.60 DPKx1207@30.77 GTIMx18416@2.00 
Purchases: GPLx19052@2.22 GTIMx21155@2.00 CDTIx905@46.75 BPTHx108519@0.39 DLHCx98413@0.43 

2011-01-17
Cash: 5.91
Held: DLHCx98413@0.50 BPTHx108519@0.52 GTIMx21155@2.04 CDTIx905@46.84 GPLx19052@2.22 
Value: 233483.20
Sales: GPLx19052@2.22 GTIMx21155@2.04 CDTIx905@46.84 BPTHx108519@0.52 DLHCx98413@0.50 
Purchases: SORLx5971@7.82 NSYSx10987@4.25 KNDIx9398@4.97 CPFx1255@37.19 EMMSx10422@4.48 

2011-01-18
Cash: 31.30
Held: SORLx5971@7.88 KNDIx9398@4.99 CPFx1255@34.19 NSYSx10987@4.25 EMMSx10422@4.24 
Value: 227727.54
Sales: SORLx5971@7.88 NSYSx10987@4.25 EMMSx10422@4.24 CPFx1255@34.19 KNDIx9398@4.99 
Purchases: EGPTx607@74.94 FHx25305@1.80 AKGx6031@7.55 MCZx52344@0.87 SPEXx58407@0.78 

2011-01-19
Cash: 67.34
Held: EGPTx607@75.25 AKGx6031@7.51 SPEXx58407@0.54 FHx25305@1.80 MCZx52344@0.84 
Value: 212094.16
Sales: EGPTx607@75.25 FHx25305@1.80 AKGx6031@7.51 MCZx52344@0.84 SPEXx58407@0.54 
Purchases: RDNx5375@7.89 CREEx809@52.38 INUVx13170@3.22 MTGx4609@9.20 TESSx3261@13.01 

2011-01-20
Cash: 58.34
Held: CREEx809@51.25 INUVx13170@3.12 RDNx5375@7.86 MTGx4609@9.07 TESSx3261@12.50 
Value: 207410.38
Sales: TESSx3261@12.50 RDNx5375@7.86 INUVx13170@3.12 CREEx809@51.25 MTGx4609@9.07 
Purchases: MNKDx7199@5.76 VUZIx414922@0.10 AIGx964@43.00 VISIx6913@6.00 FBPx7740@5.36 

2011-01-23
Cash: 38.13
Held: MNKDx7199@5.43 AIGx964@41.94 FBPx7740@5.17 VISIx6913@6.09 VUZIx414922@0.11 
Value: 207318.95
Sales: MNKDx7199@5.43 VUZIx414922@0.11 AIGx964@41.94 FBPx7740@5.17 VISIx6913@6.09 
Purchases: WITx3041@13.63 ACORx1757@23.59 VVUSx4824@8.59 EMMSx9966@4.16 SYNAx1481@27.98 

2011-01-24
Cash: 46.12
Held: ACORx1757@22.98 VVUSx4824@8.51 SYNAx1481@28.41 WITx3041@13.64 EMMSx9966@3.88 
Value: 203698.80
Sales: WITx3041@13.64 ACORx1757@22.98 VVUSx4824@8.51 EMMSx9966@3.88 SYNAx1481@28.41 
Purchases: WWEx3313@12.30 SGYPx8705@4.68 DARx3220@12.65 CPFx1297@31.41 CIG.Cx3513@11.59 

2011-01-25
Cash: 31.85
Held: CIG.Cx3513@12.74 WWEx3313@11.76 CPFx1297@31.20 SGYPx8705@4.15 DARx3220@12.93 
Value: 201964.98
Sales: WWEx3313@11.76 DARx3220@12.93 SGYPx8705@4.15 CPFx1297@31.20 CIG.Cx3513@12.74 
Purchases: TASRx9736@4.15 GENEx13197@3.06 DFFNx89771@0.45 SNFCAx26928@1.50 JKSx1517@26.62 

2011-01-26
Cash: 11.07
Held: TASRx9736@4.22 GENEx13197@2.99 JKSx1517@27.20 DFFNx89771@0.48 SNFCAx26928@1.62 
Value: 208528.92
Sales: SNFCAx26928@1.62 TASRx9736@4.22 GENEx13197@2.99 DFFNx89771@0.48 JKSx1517@27.20 
Purchases: SEVx5589@7.46 CFRx711@58.59 CRVPx52144@0.80 SGYPx10972@3.80 GTIMx12560@3.32 

2011-01-27
Cash: 59.28
Held: CRVPx52144@0.78 SEVx5589@7.48 CFRx711@58.22 GTIMx12560@2.93 SGYPx10972@4.55 
Value: 210650.31
Sales: CRVPx52144@0.78 GTIMx12560@2.93 CFRx711@58.22 SGYPx10972@4.55 SEVx5589@7.48 
Purchases: GHLx582@72.38 QTMx15265@2.76 XTNTx8183@5.15 CPHCx3179@13.25 COHUx2784@15.13 

2011-01-30
Cash: 19.07
Held: CPHCx3179@13.50 COHUx2784@14.94 XTNTx8183@5.60 GHLx582@69.44 QTMx15265@2.69 
Value: 211826.29
Sales: GHLx582@69.44 QTMx15265@2.69 XTNTx8183@5.60 CPHCx3179@13.50 COHUx2784@14.94 
Purchases: INFNx5771@7.34 ARNAx26812@1.58 BSFx20560@2.06 CMCOx2510@16.88 Fx2655@15.95 

2011-01-31
Cash: 26.35
Held: BSFx20560@2.02 Fx2655@15.89 INFNx5771@7.75 ARNAx26812@1.68 CMCOx2510@17.27 
Value: 216835.28
Sales: INFNx5771@7.75 BSFx20560@2.02 ARNAx26812@1.68 CMCOx2510@17.27 Fx2655@15.89 
Purchases: SVBIx8811@4.92 CHKEx2722@15.93 REIx24095@1.80 OTIVx12909@3.36 CDTIx1317@32.91 

2011-02-01
Cash: 38.03
Held: CHKEx2722@16.45 REIx24095@1.80 OTIVx12909@3.13 CDTIx1317@37.19 SVBIx8811@5.20 
Value: 223392.25
Sales: CDTIx1317@37.19 CHKEx2722@16.45 REIx24095@1.80 OTIVx12909@3.13 SVBIx8811@5.20 
Purchases: OPHCx14796@3.02 PFBCx29402@1.52 PRXLx2167@20.61 IDXx1685@26.50 TCIx10388@4.30 

2011-02-02
Cash: 48.47
Held: PFBCx29402@1.50 PRXLx2167@20.34 TCIx10388@5.10 OPHCx14796@2.57 IDXx1685@26.59 
Value: 224072.22
Sales: PRXLx2167@20.34 TCIx10388@5.10 OPHCx14796@2.57 IDXx1685@26.59 PFBCx29402@1.50 
Purchases: TCCOx4171@10.74 ACLSx4293@10.44 XTLBx117969@0.38 IVACx3567@12.56 KTCCx9640@4.65 

2011-02-03
Cash: 22.60
Held: ACLSx4293@11.12 XTLBx117969@0.38 IVACx3567@12.48 TCCOx4171@10.73 KTCCx9640@4.69 
Value: 227032.63
Sales: KTCCx9640@4.69 TCCOx4171@10.73 ACLSx4293@11.12 IVACx3567@12.48 XTLBx117969@0.38 
Purchases: LRADx22268@2.04 AMPx781@58.09 BORNx3543@12.81 IKGHx4369@10.39 OSBCx40893@1.11 

2011-02-06
Cash: 58.63
Held: IKGHx4369@10.11 AMPx781@58.69 OSBCx40893@1.10 LRADx22268@2.01 BORNx3543@12.72 
Value: 224843.75
Sales: IKGHx4369@10.11 OSBCx40893@1.10 BORNx3543@12.72 LRADx22268@2.01 AMPx781@58.69 
Purchases: CBPOx2818@15.95 SYUTx3902@11.52 EVBSx12253@3.67 TTNPx30175@1.49 OSBCx40895@1.10 

2011-02-07
Cash: 19.49
Held: CBPOx2818@16.14 SYUTx3902@11.46 TTNPx30175@1.46 EVBSx12253@3.89 OSBCx40895@1.11 
Value: 227358.32
Sales: CBPOx2818@16.14 OSBCx40895@1.11 EVBSx12253@3.89 TTNPx30175@1.46 SYUTx3902@11.46 
Purchases: MPETx19433@2.34 TRRx12991@3.50 GIGAx19433@2.34 ALIMx5155@8.82 VNDAx6195@7.34 

2011-02-08
Cash: 10.41
Held: GIGAx19433@2.35 MPETx19433@2.36 ALIMx5155@8.50 TRRx12991@3.87 VNDAx6195@6.99 
Value: 228894.02
Sales: MPETx19433@2.36 TRRx12991@3.87 GIGAx19433@2.35 ALIMx5155@8.50 VNDAx6195@6.99 
Purchases: OPXAx24089@1.90 MNIx10624@4.31 TEUMx18240@2.51 OREXx13309@3.44 MEETx3814@12.00 

2011-02-09
Cash: 19.20
Held: OPXAx24089@2.03 TEUMx18240@2.55 MEETx3814@10.75 MNIx10624@4.27 OREXx13309@3.23 
Value: 224783.49
Sales: OPXAx24089@2.03 MEETx3814@10.75 TEUMx18240@2.55 OREXx13309@3.23 MNIx10624@4.27 
Purchases: HVT.Ax4300@10.45 USNAx1315@34.19 OGENx12844@3.50 CSCx934@48.09 SWIRx3968@11.33 

2011-02-10
Cash: 54.93
Held: USNAx1315@33.94 SWIRx3968@11.14 CSCx934@47.91 OGENx12844@3.99 HVT.Ax4300@10.72 
Value: 230974.37
Sales: HVT.Ax4300@10.72 OGENx12844@3.99 USNAx1315@33.94 CSCx934@47.91 SWIRx3968@11.14 
Purchases: SSYx30187@1.53 ITICx1510@30.58 CSCOx2469@18.70 IBIOx11381@4.06 SGYPx13995@3.30 

2011-02-13
Cash: 43.74
Held: SSYx30187@1.51 ITICx1510@31.27 IBIOx11381@4.20 CSCOx2469@18.81 SGYPx13995@3.15 
Value: 231159.21
Sales: CSCOx2469@18.81 ITICx1510@31.27 SSYx30187@1.51 IBIOx11381@4.20 SGYPx13995@3.15 
Purchases: MNKDx13283@3.48 FNCXx24465@1.89 ZIXIx11271@4.10 XTNTx10624@4.35 TCIx12163@3.80 

2011-02-14
Cash: 9.28
Held: MNKDx13283@3.85 XTNTx10624@4.25 FNCXx24465@2.55 ZIXIx11271@3.98 TCIx12163@3.61 
Value: 247465.20
Sales: MNKDx13283@3.85 FNCXx24465@2.55 ZIXIx11271@3.98 XTNTx10624@4.25 TCIx12163@3.61 
Purchases: BWENx2550@19.41 DFFNx164949@0.30 ARLx12373@4.00 AXTIx5391@9.18 MXCx6510@7.60 

2011-02-15
Cash: 20.64
Held: AXTIx5391@9.20 DFFNx164949@0.38 MXCx6510@7.94 BWENx2550@19.00 ARLx12373@3.85 
Value: 260075.75
Sales: BWENx2550@19.00 AXTIx5391@9.20 ARLx12373@3.85 DFFNx164949@0.38 MXCx6510@7.94 
Purchases: UCTTx4942@10.52 MVISx29394@1.77 VPGx3076@16.91 CKXx4725@11.01 CJJDx13099@3.97 

2011-02-16
Cash: 27.54
Held: UCTTx4942@10.89 CKXx4725@11.01 VPGx3076@16.95 CJJDx13099@3.95 MVISx29394@1.66 
Value: 258538.18
Sales: UCTTx4942@10.89 CJJDx13099@3.95 VPGx3076@16.95 CKXx4725@11.01 MVISx29394@1.66 
Purchases: CBBx3760@13.75 TIVOx860@60.12 BVXx18397@2.81 ARCWx46162@1.12 PDLIx10447@4.95 

2011-02-17
Cash: 13.72
Held: TIVOx860@57.84 ARCWx46162@1.10 PDLIx10447@4.93 CBBx3760@13.65 BVXx18397@2.86 
Value: 255942.00
Sales: TIVOx860@57.84 CBBx3760@13.65 ARCWx46162@1.10 PDLIx10447@4.93 BVXx18397@2.86 
Purchases: THLDx21876@2.34 BBWx7548@6.78 ROSGx94786@0.54 OHGIx1706349@0.03 PRPHx37096@1.38 

2011-02-21
Cash: 6.04
Held: PRPHx37096@1.40 BBWx7548@6.51 OHGIx1706349@0.05 THLDx21876@2.23 ROSGx94786@0.52 
Value: 284486.31
Sales: BBWx7548@6.51 THLDx21876@2.23 ROSGx94786@0.52 OHGIx1706349@0.05 PRPHx37096@1.40 
Purchases: RSTx3552@16.02 FNCXx3346@17.00 VTNRx113794@0.50 CKHx610@93.25 TAx6485@8.77 

2011-02-22
Cash: 41.57
Held: CKHx610@93.94 VTNRx113794@0.63 RSTx3552@16.39 FNCXx3346@18.00 TAx6485@8.30 
Value: 301273.06
Sales: RSTx3552@16.39 FNCXx3346@18.00 VTNRx113794@0.63 CKHx610@93.94 TAx6485@8.30 
Purchases: NMRXx6389@9.43 AMOTx8461@7.12 DAKTx5442@11.07 CAMTx15174@3.97 DCTHx9004@6.69 

2011-02-23
Cash: 29.70
Held: CAMTx15174@3.88 DCTHx9004@6.18 DAKTx5442@10.82 AMOTx8461@7.42 NMRXx6389@9.35 
Value: 295987.53
Sales: NMRXx6389@9.35 DCTHx9004@6.18 DAKTx5442@10.82 AMOTx8461@7.42 CAMTx15174@3.88 
Purchases: VICRx3954@14.97 WGBSx59197@1.00 FFHLx12810@4.62 SMBCx2889@20.48 SITOx109617@0.54 

2011-02-24
Cash: 31.06
Held: VICRx3954@15.00 FFHLx12810@4.90 WGBSx59197@1.01 SMBCx2889@20.20 SITOx109617@0.56 
Value: 301623.91
Sales: VICRx3954@15.00 WGBSx59197@1.01 FFHLx12810@4.90 SMBCx2889@20.20 SITOx109617@0.56 
Purchases: MGAx1199@50.31 GSSx19340@3.12 ECHOx5046@11.95 WMARx5810@10.38 TKCx4275@14.11 

2011-02-27
Cash: 17.85
Held: TKCx4275@14.07 ECHOx5046@11.82 MGAx1199@49.38 WMARx5810@10.43 GSSx19340@3.16 
Value: 300728.27
Sales: GSSx19340@3.16 MGAx1199@49.38 WMARx5810@10.43 TKCx4275@14.07 ECHOx5046@11.82 
Purchases: GIGx20048@3.00 NAKx3400@17.69 VSECx2218@27.11 NTRIx4547@13.23 PLXx8530@7.05 

2011-02-28
Cash: 33.83
Held: VSECx2218@26.86 NAKx3400@18.09 GIGx20048@2.95 NTRIx4547@13.52 PLXx8530@7.04 
Value: 301786.89
Sales: GIGx20048@2.95 NAKx3400@18.09 PLXx8530@7.04 VSECx2218@26.86 NTRIx4547@13.52 
Purchases: HMNFx24643@2.45 ESXBx43433@1.39 YRCWx26480@2.28 RILYx182857@0.33 CPFx2682@22.50 

2011-03-01
Cash: 16.31
Held: ESXBx43433@1.39 YRCWx26480@2.22 RILYx182857@0.33 HMNFx24643@2.62 CPFx2682@19.48 
Value: 296334.80
Sales: HMNFx24643@2.62 ESXBx43433@1.39 YRCWx26480@2.22 CPFx2682@19.48 RILYx182857@0.33 
Purchases: MEETx7571@7.83 FNCXx4281@13.84 ACYx3225@18.38 YRCWx26688@2.22 BASIx32042@1.85 

2011-03-02
Cash: 12.29
Held: MEETx7571@7.17 BASIx32042@1.98 FNCXx4281@12.00 YRCWx26688@2.37 ACYx3225@15.50 
Value: 282355.86
Sales: MEETx7571@7.17 ACYx3225@15.50 YRCWx26688@2.37 FNCXx4281@12.00 BASIx32042@1.98 
Purchases: GTYx2577@21.91 FANHx3550@15.91 HMNYx69712@0.81 CPFx2926@19.30 WTIx2752@20.52 

2011-03-03
Cash: 43.81
Held: WTIx2752@20.58 GTYx2577@22.02 HMNYx69712@0.81 CPFx2926@20.41 FANHx3550@16.06 
Value: 286610.44
Sales: WTIx2752@20.58 FANHx3550@16.06 CPFx2926@20.41 HMNYx69712@0.81 GTYx2577@22.02 
Purchases: EDZx560@102.31 XBKSx58493@0.98 CTHRx16286@3.52 CIXx4357@13.16 LAWSx2620@21.88 

2011-03-06
Cash: 40.07
Held: EDZx560@106.50 CTHRx16286@3.46 LAWSx2620@20.62 XBKSx58493@0.96 CIXx4357@13.01 
Value: 282908.44
Sales: EDZx560@106.50 XBKSx58493@0.96 CTHRx16286@3.46 CIXx4357@13.01 LAWSx2620@20.62 
Purchases: AXDXx13002@4.35 BSQRx6602@8.57 MRVLx3578@15.81 UBNKx5356@10.56 KOOLx25257@2.24 

2011-03-07
Cash: 16.74
Held: AXDXx13002@4.09 BSQRx6602@8.18 KOOLx25257@2.24 MRVLx3578@16.19 UBNKx5356@10.65 
Value: 278728.69
Sales: UBNKx5356@10.65 MRVLx3578@16.19 AXDXx13002@4.09 BSQRx6602@8.18 KOOLx25257@2.24 
Purchases: RGENx16161@3.45 FNCXx5867@9.50 OCCx9577@5.82 VIVEx557593@0.10 CIENx2170@25.69 

2011-03-08
Cash: 20.67
Held: CIENx2170@24.33 FNCXx5867@9.50 RGENx16161@3.36 OCCx9577@5.76 VIVEx557593@0.14 
Value: 296091.23
Sales: RGENx16161@3.36 FNCXx5867@9.50 OCCx9577@5.76 VIVEx557593@0.14 CIENx2170@24.33 
Purchases: SGMAx9474@6.25 TGCx54336@1.09 BKCCx5733@10.33 NCTYx8839@6.70 URBNx1899@31.17 

2011-03-09
Cash: 40.06
Held: TGCx54336@1.03 SGMAx9474@5.56 URBNx1899@31.67 BKCCx5733@10.20 NCTYx8839@6.53 
Value: 285052.24
Sales: SGMAx9474@5.56 TGCx54336@1.03 BKCCx5733@10.20 NCTYx8839@6.53 URBNx1899@31.67 
Purchases: AXDXx18627@3.06 EMKRx6065@9.40 FNSRx2383@23.92 OCLRx4449@12.81 FFHLx14690@3.88 

2011-03-10
Cash: 23.44
Held: EMKRx6065@9.68 AXDXx18627@2.83 FNSRx2383@23.20 FFHLx14690@3.82 OCLRx4449@12.64 
Value: 279098.19
Sales: OCLRx4449@12.64 EMKRx6065@9.68 AXDXx18627@2.83 FNSRx2383@23.20 FFHLx14690@3.82 
Purchases: CSIQx5052@11.05 UUUUx65662@0.85 SMTXx19116@2.92 ISRLx874@63.81 HMNYx74426@0.75 

2011-03-13
Cash: 61.41
Held: SMTXx19116@2.76 CSIQx5052@10.75 UUUUx65662@0.61 HMNYx74426@0.73 ISRLx874@65.00 
Value: 258310.46
Sales: CSIQx5052@10.75 UUUUx65662@0.61 SMTXx19116@2.76 ISRLx874@65.00 HMNYx74426@0.73 
Purchases: CYANx14977@3.45 RFILx13705@3.77 SGRPx28704@1.80 AOBCx15192@3.40 GENEx24605@2.10 

2011-03-14
Cash: 8.87
Held: SGRPx28704@1.80 GENEx24605@1.86 AOBCx15192@3.48 RFILx13705@3.89 CYANx14977@3.50 
Value: 256060.21
Sales: CYANx14977@3.50 GENEx24605@1.86 SGRPx28704@1.80 AOBCx15192@3.48 RFILx13705@3.89 
Purchases: UUUUx106696@0.48 DNNx21616@2.37 URGx32211@1.59 URREx32411@1.58 SPCBx731524@0.07 

2011-03-15
Cash: 2.47
Held: DNNx21616@2.29 UUUUx106696@0.47 URGx32211@1.45 URREx32411@1.53 SPCBx731524@0.07 
Value: 247148.81
Sales: UUUUx106696@0.47 URGx32211@1.45 DNNx21616@2.29 SPCBx731524@0.07 URREx32411@1.53 
Purchases: UUUUx105176@0.47 MLNKx9415@5.25 FCx6922@7.14 RASx21873@2.26 CALx4564@10.83 

2011-03-16
Cash: 15.60
Held: CALx4564@11.09 UUUUx105176@0.43 MLNKx9415@5.12 FCx6922@7.08 RASx21873@2.26 
Value: 242503.69
Sales: UUUUx105176@0.43 MLNKx9415@5.12 FCx6922@7.08 RASx21873@2.26 CALx4564@11.09 
Purchases: PCMIx5080@9.55 URGx33671@1.44 YRCWx36734@1.32 EVKx26070@1.86 CREGx21462@2.26 

2011-03-17
Cash: 6.05
Held: EVKx26070@1.80 CREGx21462@2.41 PCMIx5080@9.67 YRCWx36734@1.88 URGx33671@1.70 
Value: 274089.74
Sales: PCMIx5080@9.67 URGx33671@1.70 EVKx26070@1.80 YRCWx36734@1.88 CREGx21462@2.41 
Purchases: WGOx4249@12.90 SANMx5220@10.50 DPKx345@158.88 SMBKx35149@1.56 SYMXx33215@1.65 

2011-03-20
Cash: 27.35
Held: DPKx345@147.25 SANMx5220@10.22 SMBKx35149@1.56 SYMXx33215@1.57 WGOx4249@13.50 
Value: 268507.24
Sales: WGOx4249@13.50 SANMx5220@10.22 DPKx345@147.25 SMBKx35149@1.56 SYMXx33215@1.57 
Purchases: IDNx49274@1.09 TAYDx9586@5.60 NKEx699@76.81 NTICx3787@14.18 GUREx7784@6.90 

2011-03-21
Cash: 21.85
Held: NTICx3787@14.35 TAYDx9586@6.29 GUREx7784@6.87 NKEx699@75.44 IDNx49274@0.98 
Value: 269161.13
Sales: IDNx49274@0.98 TAYDx9586@6.29 NKEx699@75.44 NTICx3787@14.35 GUREx7784@6.87 
Purchases: RANDx18180@2.96 SBACx1457@36.94 MITKx14746@3.65 YANGx3306@16.28 MBVXx66454@0.81 

2011-03-22
Cash: 27.24
Held: SBACx1457@37.75 MITKx14746@3.75 RANDx18180@2.81 MBVXx66454@0.91 YANGx3306@15.63 
Value: 273587.84
Sales: RANDx18180@2.81 MBVXx66454@0.91 MITKx14746@3.75 YANGx3306@15.63 SBACx1457@37.75 
Purchases: CNETx6740@8.12 BSFTx1215@45.03 PLBCx23287@2.35 PRPHx50206@1.09 INSx28792@1.90 

2011-03-23
Cash: 16.93
Held: PRPHx50206@1.25 PLBCx23287@2.12 CNETx6740@8.70 INSx28792@1.94 BSFTx1215@43.75 
Value: 279807.02
Sales: CNETx6740@8.70 BSFTx1215@43.75 PLBCx23287@2.12 PRPHx50206@1.25 INSx28792@1.94 
Purchases: DSx9406@5.95 MEIPx40270@1.39 HOTRx18653@3.00 BPTHx136520@0.41 XOMAx17014@3.29 

2011-03-24
Cash: 7.22
Held: MEIPx40270@1.39 DSx9406@6.07 HOTRx18653@3.20 XOMAx17014@3.29 BPTHx136520@0.41 
Value: 284662.06
Sales: MEIPx40270@1.39 XOMAx17014@3.29 DSx9406@6.07 BPTHx136520@0.41 HOTRx18653@3.20 
Purchases: SCHLx2117@26.89 RBPAAx32532@1.75 AVEOx4274@13.32 BIOLx13083@4.35 CACBx9109@6.25 

2011-03-27
Cash: 9.85
Held: RBPAAx32532@1.63 AVEOx4274@13.51 CACBx9109@6.24 SCHLx2117@26.56 BIOLx13083@4.54 
Value: 283207.45
Sales: SCHLx2117@26.56 RBPAAx32532@1.63 AVEOx4274@13.51 BIOLx13083@4.54 CACBx9109@6.24 
Purchases: SPRTx10709@5.29 GUREx10262@5.52 NFECx17428@3.25 CTICx321@176.38 BBRYx1011@56.00 

2011-03-28
Cash: 52.08
Held: NFECx17428@3.40 CTICx321@190.00 GUREx10262@6.60 SPRTx10709@5.21 BBRYx1011@57.06 
Value: 301543.44
Sales: SPRTx10709@5.21 NFECx17428@3.40 CTICx321@190.00 BBRYx1011@57.06 GUREx10262@6.60 
Purchases: URGx37450@1.61 AWREx18336@3.29 VIVEx430731@0.14 ANIKx6892@8.75 URREx30154@2.00 

2011-03-29
Cash: 5.87
Held: URGx37450@1.70 AWREx18336@3.41 ANIKx6892@8.94 URREx30154@2.12 VIVEx430731@0.17 
Value: 324947.83
Sales: AWREx18336@3.41 URGx37450@1.70 VIVEx430731@0.17 ANIKx6892@8.94 URREx30154@2.12 
Purchases: MEIPx39378@1.65 NVGNx41934@1.55 EDAPx18103@3.59 MPBx6841@9.50 ERSx13515@4.81 

2011-03-30
Cash: 4.65
Held: MEIPx39378@1.58 MPBx6841@8.89 ERSx13515@4.80 NVGNx41934@1.53 EDAPx18103@3.49 
Value: 315282.49
Sales: MEIPx39378@1.58 NVGNx41934@1.53 MPBx6841@8.89 EDAPx18103@3.49 ERSx13515@4.80 
Purchases: GDENx23361@2.70 NHTCx450356@0.14 THLDx40944@1.54 NVGNx41206@1.53 WLDNx15641@4.03 

2011-03-31
Cash: 5.02
Held: WLDNx15641@4.18 NVGNx41206@1.43 GDENx23361@2.69 THLDx40944@1.61 NHTCx450356@0.18 
Value: 334142.03
Sales: GDENx23361@2.69 THLDx40944@1.61 NHTCx450356@0.18 NVGNx41206@1.43 WLDNx15641@4.18 
Purchases: TORMx3494@19.12 IPCIx22887@2.92 MTORx4046@16.52 NLSTx26836@2.49 KNDIx22348@2.99 

2011-04-03
Cash: 15.12
Held: MTORx4046@16.81 TORMx3494@18.27 KNDIx22348@2.80 NLSTx26836@2.43 IPCIx22887@2.95 
Value: 327152.31
Sales: TORMx3494@18.27 NLSTx26836@2.43 MTORx4046@16.81 KNDIx22348@2.80 IPCIx22887@2.95 
Purchases: OMERx12984@5.04 EXFOx8271@7.91 CDTIx1992@32.84 RECNx4364@14.99 LOGIx4505@14.52 

2011-04-04
Cash: 21.48
Held: RECNx4364@15.50 OMERx12984@4.91 EXFOx8271@7.89 CDTIx1992@30.55 LOGIx4505@14.46 
Value: 322676.21
Sales: CDTIx1992@30.55 OMERx12984@4.91 EXFOx8271@7.89 RECNx4364@15.50 LOGIx4505@14.46 
Purchases: XBKSx107541@0.60 RLGTx30880@2.09 SMTXx24530@2.63 KGJIx32425@1.99 OVBCx3082@20.94 

2011-04-05
Cash: 9.02
Held: OVBCx3082@20.94 SMTXx24530@2.62 RLGTx30880@1.95 KGJIx32425@2.08 XBKSx107541@0.61 
Value: 322039.79
Sales: XBKSx107541@0.61 RLGTx30880@1.95 SMTXx24530@2.62 KGJIx32425@2.08 OVBCx3082@20.94 
Purchases: MDXGx61928@1.04 LAMRx1896@33.97 USATx29549@2.18 VIVEx460008@0.14 CREGx25763@2.50 

2011-04-06
Cash: 4.56
Held: CREGx25763@2.45 LAMRx1896@33.78 MDXGx61928@1.05 USATx29549@2.24 VIVEx460008@0.14 
Value: 322769.88
Sales: LAMRx1896@33.78 MDXGx61928@1.05 USATx29549@2.24 VIVEx460008@0.14 CREGx25763@2.45 
Purchases: RLGTx33267@1.94 CRAIx2453@26.31 AMSCx485@133.00 SFx1345@47.97 NAIIx15401@4.19 

2011-04-07
Cash: 98.23
Held: AMSCx485@137.75 RLGTx33267@1.95 SFx1345@47.16 CRAIx2453@25.44 NAIIx15401@4.29 
Value: 323663.32
Sales: RLGTx33267@1.95 AMSCx485@137.75 SFx1345@47.16 NAIIx15401@4.29 CRAIx2453@25.44 
Purchases: RTx6088@10.63 SSWx3384@19.12 WGBSx78959@0.82 BBGIx9765@6.63 DTRMx11744@5.51 

2011-04-10
Cash: 18.36
Held: DTRMx11744@5.35 RTx6088@10.66 WGBSx78959@0.83 BBGIx9765@6.67 SSWx3384@19.17 
Value: 323312.98
Sales: RTx6088@10.66 SSWx3384@19.17 WGBSx78959@0.83 BBGIx9765@6.67 DTRMx11744@5.35 
Purchases: MBOTx82923@0.78 AXDXx18630@3.47 CTSOx9948@6.50 CKXx6441@10.04 CETCx1116@57.91 

2011-04-11
Cash: 44.68
Held: MBOTx82923@0.77 AXDXx18630@3.58 CKXx6441@13.50 CTSOx9948@5.92 CETCx1116@56.00 
Value: 338954.18
Sales: MBOTx82923@0.77 CETCx1116@56.00 AXDXx18630@3.58 CKXx6441@13.50 CTSOx9948@5.92 
Purchases: TGCx69175@0.98 MMACx398666@0.17 DLHCx109319@0.62 GTNx31668@2.14 XPLx22079@3.07 

2011-04-12
Cash: 3.96
Held: XPLx22079@2.76 TGCx69175@1.00 DLHCx109319@0.64 GTNx31668@2.18 MMACx398666@0.17 
Value: 336908.01
Sales: TGCx69175@1.00 MMACx398666@0.17 DLHCx109319@0.64 GTNx31668@2.18 XPLx22079@2.76 
Purchases: NXSTx9556@7.05 UWNx47454@1.42 ATLCx13922@4.84 DSSx19872@3.39 CIG.Cx5360@12.57 

2011-04-13
Cash: 14.10
Held: CIG.Cx5360@15.28 DSSx19872@3.40 UWNx47454@1.46 ATLCx13922@4.88 NXSTx9556@6.68 
Value: 350530.37
Sales: NXSTx9556@6.68 UWNx47454@1.46 ATLCx13922@4.88 DSSx19872@3.40 CIG.Cx5360@15.28 
Purchases: NDSNx1266@55.38 INVEx20325@3.45 BSPMx1987@35.28 CPFx4720@14.85 XPLx25493@2.75 

2011-04-14
Cash: 11.28
Held: XPLx25493@3.03 INVEx20325@3.36 NDSNx1266@55.59 CPFx4720@15.18 BSPMx1987@34.88 
Value: 356842.88
Sales: NDSNx1266@55.59 INVEx20325@3.36 BSPMx1987@34.88 CPFx4720@15.18 XPLx25493@3.03 
Purchases: CUOx4205@16.97 INUVx32596@2.19 GRBKx113304@0.63 FFHLx21698@3.29 WSO.Bx1088@65.56 

2011-04-17
Cash: 55.55
Held: GRBKx113304@0.63 INUVx32596@2.42 FFHLx21698@2.20 WSO.Bx1088@70.00 CUOx4205@16.97 
Value: 345535.81
Sales: CUOx4205@16.97 FFHLx21698@2.20 GRBKx113304@0.63 INUVx32596@2.42 WSO.Bx1088@70.00 
Purchases: GALEx76794@0.90 IAGx3449@20.03 CLNTx2844@24.30 SYNx62238@1.11 GTIMx36364@1.90 

2011-04-18
Cash: 28.75
Held: GALEx76794@0.89 SYNx62238@1.12 CLNTx2844@24.59 GTIMx36364@1.80 IAGx3449@20.69 
Value: 344843.67
Sales: GALEx76794@0.89 IAGx3449@20.69 CLNTx2844@24.59 SYNx62238@1.12 GTIMx36364@1.80 
Purchases: ACHNx10642@6.48 OPHCx29723@2.32 FFHLx32218@2.14 MCZx36687@1.88 TI.Ax5699@12.10 

2011-04-19
Cash: 11.16
Held: FFHLx32218@2.23 OPHCx29723@2.37 ACHNx10642@6.59 TI.Ax5699@12.36 MCZx36687@1.89 
Value: 352181.09
Sales: OPHCx29723@2.37 FFHLx32218@2.23 ACHNx10642@6.59 TI.Ax5699@12.36 MCZx36687@1.89 
Purchases: PFSWx11543@6.10 NYCBx4359@16.16 NBNx4953@14.22 GTWNx11529@6.11 ABIOx926@76.00 

2011-04-20
Cash: 89.21
Held: NBNx4953@14.22 PFSWx11543@5.99 ABIOx926@76.44 GTWNx11529@6.11 NYCBx4359@16.19 
Value: 351414.83
Sales: PFSWx11543@5.99 NYCBx4359@16.19 NBNx4953@14.22 GTWNx11529@6.11 ABIOx926@76.44 
Purchases: SMSIx8929@7.87 SINOx29912@2.35 SSGx1487@47.25 LEEx35141@2.00 GUREx16768@4.19 

2011-04-24
Cash: 28.07
Held: SMSIx8929@7.90 LEEx35141@1.95 SINOx29912@2.23 GUREx16768@3.85 SSGx1487@46.53 
Value: 339545.03
Sales: SMSIx8929@7.90 SINOx29912@2.23 SSGx1487@46.53 LEEx35141@1.95 GUREx16768@3.85 
Purchases: HNIx2619@25.92 HAFCx51855@1.31 ZSLx4658@14.58 IBIOx23257@2.92 IHTx31579@2.15 

2011-04-25
Cash: 27.16
Held: IHTx31579@1.81 HNIx2619@26.67 HAFCx51855@1.30 ZSLx4658@15.76 IBIOx23257@2.92 
Value: 335735.10
Sales: HNIx2619@26.67 HAFCx51855@1.30 ZSLx4658@15.76 IBIOx23257@2.92 IHTx31579@1.81 
Purchases: MLSSx129124@0.52 AVIDx3626@18.52 STRTx2335@28.75 INSMx7592@8.84 DCTHx9236@7.27 

2011-04-26
Cash: 36.05
Held: MLSSx129124@0.52 DCTHx9236@7.04 STRTx2335@29.30 INSMx7592@8.87 AVIDx3626@18.31 
Value: 334324.85
Sales: MLSSx129124@0.52 AVIDx3626@18.31 STRTx2335@29.30 INSMx7592@8.87 DCTHx9236@7.04 
Purchases: TCCOx6852@9.76 UISx2386@28.02 TZOOx783@85.38 HEIx1410@47.41 IMNx6553@10.20 

2011-04-27
Cash: 66.53
Held: UISx2386@28.62 IMNx6553@10.09 HEIx1410@47.56 TZOOx783@84.12 TCCOx6852@9.75 
Value: 334250.12
Sales: TCCOx6852@9.75 UISx2386@28.62 TZOOx783@84.12 HEIx1410@47.56 IMNx6553@10.09 
Purchases: ZSLx4977@13.43 ZIXIx20074@3.33 DBDx1967@33.97 LEEx44858@1.49 RNVAx121588@0.55 

2011-04-28
Cash: 47.46
Held: DBDx1967@33.81 LEEx44858@1.43 RNVAx121588@0.59 ZSLx4977@13.64 ZIXIx20074@3.30 
Value: 336556.76
Sales: ZSLx4977@13.64 ZIXIx20074@3.30 RNVAx121588@0.59 DBDx1967@33.81 LEEx44858@1.43 
Purchases: HHSx7246@9.29 FOEx4487@15.00 AKAMx1954@34.44 OSKx2126@31.66 DDDx1613@41.72 

2011-05-01
Cash: 58.81
Held: FOEx4487@14.40 AKAMx1954@34.22 DDDx1613@38.28 HHSx7246@9.00 OSKx2126@30.98 
Value: 324362.47
Sales: HHSx7246@9.00 FOEx4487@14.40 AKAMx1954@34.22 OSKx2126@30.98 DDDx1613@38.28 
Purchases: CHHx1741@37.25 CYRXx5629@11.52 DECKx772@84.00 KVHIx5069@12.80 BBRYx1348@48.09 

2011-05-02
Cash: 99.06
Held: CHHx1741@36.97 CYRXx5629@11.04 KVHIx5069@12.81 DECKx772@83.38 BBRYx1348@48.25 
Value: 320953.60
Sales: CHHx1741@36.97 CYRXx5629@11.04 BBRYx1348@48.25 KVHIx5069@12.81 DECKx772@83.38 
Purchases: YRCWx49758@1.29 SIFYx10882@5.90 AGQx60@1060.00 SYMXx20840@3.08 PXLWx26208@2.45 

2011-05-03
Cash: 599.09
Held: AGQx60@937.00 PXLWx26208@2.45 SIFYx10882@6.50 SYMXx20840@2.80 YRCWx49758@1.24 
Value: 311821.07
Sales: SIFYx10882@6.50 YRCWx49758@1.24 SYMXx20840@2.80 AGQx60@937.00 PXLWx26208@2.45 
Purchases: ISIGx12502@4.99 YRCWx50284@1.24 WLKx1058@58.91 CSCx1418@43.97 LPSNx5730@10.88 

2011-05-04
Cash: 64.62
Held: LPSNx5730@10.91 ISIGx12502@4.87 YRCWx50284@1.35 CSCx1418@43.47 WLKx1058@58.44 
Value: 314785.17
Sales: ISIGx12502@4.87 YRCWx50284@1.35 WLKx1058@58.44 CSCx1418@43.47 LPSNx5730@10.91 
Purchases: WEBx5199@12.11 SONSx21123@2.98 LLITx14950@4.21 TPIVx331455@0.19 CENXx3870@16.27 

2011-05-05
Cash: 13.57
Held: WEBx5199@12.12 LLITx14950@4.28 TPIVx331455@0.21 CENXx3870@16.72 SONSx21123@2.94 
Value: 323399.75
Sales: WEBx5199@12.12 CENXx3870@16.72 LLITx14950@4.28 SONSx21123@2.94 TPIVx331455@0.21 
Purchases: SMSIx11611@5.57 UCOx1379@46.88 DYYx5913@10.94 EIGx3931@16.45 ANIKx8859@7.30 

2011-05-08
Cash: 53.94
Held: SMSIx11611@5.79 DYYx5913@11.87 UCOx1379@51.59 EIGx3931@16.53 ANIKx8859@7.63 
Value: 341158.03
Sales: SMSIx11611@5.79 UCOx1379@51.59 DYYx5913@11.87 EIGx3931@16.53 ANIKx8859@7.63 
Purchases: RCONx26976@2.53 OPHCx32497@2.10 TPCx2926@23.31 CTICx467@146.00 NILEx1327@51.41 

2011-05-09
Cash: 86.24
Held: RCONx26976@2.07 CTICx467@145.00 TPCx2926@23.58 OPHCx32497@2.10 NILEx1327@52.31 
Value: 330289.28
Sales: OPHCx32497@2.10 RCONx26976@2.07 TPCx2926@23.58 CTICx467@145.00 NILEx1327@52.31 
Purchases: ZSLx3514@18.80 SCOx1565@42.19 DTOx1492@44.25 IHTx41806@1.58 PETSx5096@12.96 

2011-05-10
Cash: 86.94
Held: IHTx41806@1.58 SCOx1565@45.53 PETSx5096@13.19 ZSLx3514@21.70 DTOx1492@47.09 
Value: 351132.24
Sales: ZSLx3514@21.70 SCOx1565@45.53 DTOx1492@47.09 PETSx5096@13.19 IHTx41806@1.58 
Purchases: AEYx26496@2.65 OLEDx1617@43.41 USNAx2240@31.34 RCONx37968@1.85 PRZMx10326@6.80 

2011-05-11
Cash: 58.75
Held: USNAx2240@31.48 RCONx37968@1.94 AEYx26496@2.62 OLEDx1617@47.19 PRZMx10326@6.87 
Value: 360907.84
Sales: AEYx26496@2.62 RCONx37968@1.94 USNAx2240@31.48 OLEDx1617@47.19 PRZMx10326@6.87 
Purchases: ATLCx19451@3.71 BSFx11205@6.44 ALJx6470@11.16 MUXx10387@6.95 AGQx109@662.00 

2011-05-12
Cash: 29.96
Held: AGQx109@699.00 MUXx10387@6.68 BSFx11205@6.82 ATLCx19451@3.68 ALJx6470@10.97 
Value: 364565.89
Sales: ALJx6470@10.97 BSFx11205@6.82 ATLCx19451@3.68 MUXx10387@6.68 AGQx109@699.00 
Purchases: HPJx33906@2.15 GRBKx121502@0.60 LLITx21767@3.35 INVTx38171@1.91 STSx25852@2.82 

2011-05-15
Cash: 7.44
Held: HPJx33906@2.00 GRBKx121502@0.57 INVTx38171@1.85 STSx25852@2.98 LLITx21767@3.51 
Value: 361103.81
Sales: LLITx21767@3.51 HPJx33906@2.00 GRBKx121502@0.57 INVTx38171@1.85 STSx25852@2.98 
Purchases: MNTXx13554@5.33 NVGNx60667@1.19 AMTXx48147@1.50 RMBSx4922@14.67 NVDAx4079@17.70 

2011-05-16
Cash: 20.09
Held: NVGNx60667@1.11 AMTXx48147@1.50 MNTXx13554@5.16 NVDAx4079@17.62 RMBSx4922@13.18 
Value: 346305.84
Sales: MNTXx13554@5.16 RMBSx4922@13.18 NVGNx60667@1.11 NVDAx4079@17.62 AMTXx48147@1.50 
Purchases: WGBSx130734@0.53 SYMXx29355@2.36 BVXx25096@2.76 CAPRx123667@0.56 SIFYx16031@4.32 

2011-05-17
Cash: 6.68
Held: CAPRx123667@0.58 SIFYx16031@4.62 SYMXx29355@2.61 WGBSx130734@0.52 BVXx25096@2.89 
Value: 362949.52
Sales: WGBSx130734@0.52 SYMXx29355@2.61 BVXx25096@2.89 CAPRx123667@0.58 SIFYx16031@4.62 
Purchases: RCONx45077@1.61 NBNx5279@13.75 CALDx11806@6.15 ABIOx761@95.31 VTNRx40332@1.80 

2011-05-18
Cash: 62.47
Held: RCONx45077@1.64 CALDx11806@5.99 VTNRx40332@2.05 NBNx5279@13.75 ABIOx761@91.12 
Value: 369315.03
Sales: ABIOx761@91.12 RCONx45077@1.64 CALDx11806@5.99 VTNRx40332@2.05 NBNx5279@13.75 
Purchases: HLFx1401@52.72 SPLSx4451@16.59 TAx11558@6.39 NOAx9716@7.60 CTRNx4447@16.61 

2011-05-19
Cash: 15.76
Held: NOAx9716@7.80 HLFx1401@52.03 CTRNx4447@16.69 TAx11558@5.86 SPLSx4451@16.38 
Value: 363521.03
Sales: HLFx1401@52.03 SPLSx4451@16.38 TAx11558@5.86 NOAx9716@7.80 CTRNx4447@16.69 
Purchases: BKEx1811@40.12 YRCWx83556@0.87 AAPx1148@63.28 PCYOx20543@3.54 BIGx2166@33.56 

2011-05-22
Cash: 104.93
Held: YRCWx83556@0.81 BKEx1811@39.69 PCYOx20543@3.49 AAPx1148@63.00 BIGx2166@33.69 
Value: 356655.26
Sales: BKEx1811@39.69 YRCWx83556@0.81 AAPx1148@63.00 PCYOx20543@3.49 BIGx2166@33.69 
Purchases: KIRKx5470@13.04 YGEx8108@8.80 USAPx2133@33.44 SMIx16555@4.31 CYDx3445@20.70 

2011-05-23
Cash: 33.30
Held: CYDx3445@20.91 KIRKx5470@13.08 YGEx8108@8.85 SMIx16555@4.37 USAPx2133@33.75 
Value: 359713.35
Sales: KIRKx5470@13.08 YGEx8108@8.85 USAPx2133@33.75 SMIx16555@4.37 CYDx3445@20.91 
Purchases: TECDx1560@46.09 BORNx10364@6.94 MOHx2768@25.98 SPEXx25074@2.87 FASTx2226@32.31 

2011-05-24
Cash: 73.16
Held: MOHx2768@25.94 FASTx2226@32.94 SPEXx25074@2.79 TECDx1560@45.84 BORNx10364@6.78 
Value: 356917.12
Sales: TECDx1560@45.84 BORNx10364@6.78 MOHx2768@25.94 SPEXx25074@2.79 FASTx2226@32.94 
Purchases: TGSx19660@3.63 CBRLx1537@46.44 CBLIx665@107.19 KONEx72087@0.99 KGJIx52891@1.35 

2011-05-25
Cash: 115.08
Held: CBLIx665@108.38 TGSx19660@3.60 KONEx72087@1.00 CBRLx1537@47.50 KGJIx52891@1.41 
Value: 362631.85
Sales: TGSx19660@3.60 CBLIx665@108.38 KGJIx52891@1.41 KONEx72087@1.00 CBRLx1537@47.50 
Purchases: PLUGx31522@2.30 EGTx51790@1.40 FROx4155@17.45 KFSx69734@1.04 CTSOx16116@4.50 

2011-05-26
Cash: 14.58
Held: FROx4155@17.73 CTSOx16116@4.52 PLUGx31522@2.34 KFSx69734@1.06 EGTx51790@1.32 
Value: 362561.28
Sales: PLUGx31522@2.34 EGTx51790@1.32 FROx4155@17.73 KFSx69734@1.06 CTSOx16116@4.52 
Purchases: EMITFx491@147.62 LULUx805@90.06 NTZx19488@3.72 SIGMx8414@8.62 SEEDx11565@6.27 

2011-05-30
Cash: 55.89
Held: SIGMx8414@8.99 EMITFx491@134.25 NTZx19488@3.64 SEEDx11565@6.11 LULUx805@90.81 
Value: 356340.39
Sales: EMITFx491@134.25 LULUx805@90.81 NTZx19488@3.64 SIGMx8414@8.99 SEEDx11565@6.11 
Purchases: MENTx5316@13.41 GMANx4098@17.39 SGRPx56137@1.27 TOPSx118760@0.60 CAPRx122859@0.58 

2011-05-31
Cash: 2.89
Held: TOPSx118760@0.58 CAPRx122859@0.58 SGRPx56137@1.27 MENTx5316@13.34 GMANx4098@17.02 
Value: 352093.87
Sales: MENTx5316@13.34 SGRPx56137@1.27 TOPSx118760@0.58 CAPRx122859@0.58 GMANx4098@17.02 
Purchases: MPETx48558@1.45 SBOTx111796@0.63 ARLx29970@2.35 URREx39555@1.78 NOKx10523@6.69 

2011-06-01
Cash: 6.73
Held: MPETx48558@1.55 URREx39555@1.81 SBOTx111796@0.63 NOKx10523@6.57 ARLx29970@2.35 
Value: 356815.27
Sales: MPETx48558@1.55 SBOTx111796@0.63 ARLx29970@2.35 URREx39555@1.81 NOKx10523@6.57 
Purchases: NLSx34307@2.08 AMSCx899@79.38 NAIIx21429@3.33 ESNDx2064@34.56 SHOOx2015@35.41 

2011-06-02
Cash: 55.07
Held: NLSx34307@2.11 AMSCx899@77.31 SHOOx2015@34.38 ESNDx2064@33.81 NAIIx21429@3.45 
Value: 354893.27
Sales: NLSx34307@2.11 AMSCx899@77.31 NAIIx21429@3.45 ESNDx2064@33.81 SHOOx2015@34.38 
Purchases: MBTFx51804@1.37 ZUMZx2882@24.62 SEEDx12997@5.46 FTNTx3028@23.44 FFINx2132@33.28 

2011-06-05
Cash: 46.29
Held: FFINx2132@33.47 ZUMZx2882@22.84 MBTFx51804@1.38 FTNTx3028@23.70 SEEDx12997@4.84 
Value: 343397.31
Sales: SEEDx12997@4.84 ZUMZx2882@22.84 MBTFx51804@1.38 FTNTx3028@23.70 FFINx2132@33.47 
Purchases: SINAx627@109.38 CASIx18069@3.80 SNOAx38578@1.78 OREXx37528@1.83 BOSCx7731@8.88 

2011-06-06
Cash: 111.28
Held: SNOAx38578@1.70 CASIx18069@4.40 OREXx37528@1.93 SINAx627@109.12 BOSCx7731@8.80 
Value: 354024.11
Sales: OREXx37528@1.93 BOSCx7731@8.80 SNOAx38578@1.70 CASIx18069@4.40 SINAx627@109.12 
Purchases: CORTx16097@4.40 CNTFx3241@21.84 SEEDx14688@4.82 NEONx22843@3.10 ARLx33412@2.12 

2011-06-07
Cash: 17.02
Held: CNTFx3241@21.55 CORTx16097@4.32 NEONx22843@2.95 SEEDx14688@4.69 ARLx33412@2.12 
Value: 346475.62
Sales: CORTx16097@4.32 CNTFx3241@21.55 SEEDx14688@4.69 NEONx22843@2.95 ARLx33412@2.12 
Purchases: CJJDx40044@1.73 VRTBx46806@1.48 NAVBx17955@3.86 GIIIx2074@33.41 DLx22132@3.13 

2011-06-08
Cash: 14.09
Held: GIIIx2074@33.41 DLx22132@3.13 VRTBx46806@1.54 CJJDx40044@1.67 NAVBx17955@3.87 
Value: 347014.67
Sales: NAVBx17955@3.87 CJJDx40044@1.67 GIIIx2074@33.41 VRTBx46806@1.54 DLx22132@3.13 
Purchases: OMEXx20902@3.32 RDNx19385@3.58 QNSTx6377@10.88 MTGx12094@5.74 CIENx3652@19.00 

2011-06-09
Cash: 27.21
Held: CIENx3652@19.05 RDNx19385@3.66 QNSTx6377@11.15 MTGx12094@6.08 OMEXx20902@3.29 
Value: 353888.94
Sales: OMEXx20902@3.29 RDNx19385@3.66 QNSTx6377@11.15 CIENx3652@19.05 MTGx12094@6.08 
Purchases: HAFCx70777@1.00 LIVEx23516@3.01 FVEx11599@6.10 CLNTx4950@14.30 NBYx61525@1.15 

2011-06-12
Cash: 14.96
Held: LIVEx23516@2.90 NBYx61525@1.06 HAFCx70777@1.01 FVEx11599@5.69 CLNTx4950@13.70 
Value: 338723.88
Sales: HAFCx70777@1.01 LIVEx23516@2.90 CLNTx4950@13.70 FVEx11599@5.69 NBYx61525@1.06 
Purchases: DIODx2947@22.98 TAITx57426@1.18 MBTFx49094@1.38 PGNXx9694@6.99 SYUTx7084@9.56 

2011-06-13
Cash: 15.07
Held: PGNXx9694@7.19 TAITx57426@1.24 DIODx2947@23.33 SYUTx7084@9.59 MBTFx49094@1.44 
Value: 348376.83
Sales: DIODx2947@23.33 TAITx57426@1.24 MBTFx49094@1.44 PGNXx9694@7.19 SYUTx7084@9.59 
Purchases: AEHRx57123@1.22 FOLDx10262@6.79 ABRx16701@4.17 AOIx224@311.00 ITUSx204874@0.34 

2011-06-14
Cash: 19.38
Held: ITUSx204874@0.29 AEHRx57123@1.20 AOIx224@298.00 FOLDx10262@6.30 ABRx16701@4.46 
Value: 333912.33
Sales: AEHRx57123@1.20 FOLDx10262@6.30 ABRx16701@4.46 AOIx224@298.00 ITUSx204874@0.29 
Purchases: WKHSx94064@0.71 AXDXx12211@5.47 SEVx11590@5.76 VRMLx16736@3.99 COOLx477@139.88 

2011-06-15
Cash: 72.40
Held: AXDXx12211@4.62 SEVx11590@5.87 COOLx477@131.00 VRMLx16736@3.66 WKHSx94064@0.70 
Value: 314153.10
Sales: SEVx11590@5.87 AXDXx12211@4.62 VRMLx16736@3.66 WKHSx94064@0.70 COOLx477@131.00 
Purchases: CPSTx2379@26.41 SPWRx3723@16.88 RCONx26389@2.38 OPHCx89732@0.70 OIx2506@25.06 

2011-06-16
Cash: 41.96
Held: RCONx26389@2.10 SPWRx3723@16.72 OPHCx89732@0.65 OIx2506@25.58 CPSTx2379@26.59 
Value: 303374.81
Sales: CPSTx2379@26.59 OPHCx89732@0.65 RCONx26389@2.10 SPWRx3723@16.72 OIx2506@25.58 
Purchases: OPHCx93360@0.65 WGOx7099@8.55 LIVEx17792@3.41 HBPx121349@0.50 MCZx47793@1.27 

2011-06-19
Cash: 2.95
Held: LIVEx17792@3.25 HBPx121349@0.65 WGOx7099@8.59 OPHCx93360@0.68 MCZx47793@1.39 
Value: 327615.66
Sales: WGOx7099@8.59 OPHCx93360@0.68 LIVEx17792@3.25 HBPx121349@0.65 MCZx47793@1.39 
Purchases: CALIx9498@6.90 CBLIx954@68.62 BBRYx2530@25.89 NFECx34478@1.90 INSx50409@1.30 

2011-06-20
Cash: 79.25
Held: CBLIx954@65.19 CALIx9498@7.55 NFECx34478@1.71 INSx50409@1.30 BBRYx2530@28.55 
Value: 330686.93
Sales: CALIx9498@7.55 CBLIx954@65.19 BBRYx2530@28.55 NFECx34478@1.71 INSx50409@1.30 
Purchases: PMBCx19919@3.32 HPJx49362@1.34 DLx30073@2.20 RVPx46578@1.42 CDXSx7060@9.37 

2011-06-21
Cash: 5.68
Held: DLx30073@2.26 RVPx46578@1.42 HPJx49362@1.31 PMBCx19919@3.39 CDXSx7060@9.44 
Value: 332910.36
Sales: PMBCx19919@3.39 HPJx49362@1.31 DLx30073@2.26 RVPx46578@1.42 CDXSx7060@9.44 
Purchases: NYNYx72377@0.92 MNGAx277436@0.24 CFBKx17517@3.80 ARLx17208@3.87 HSTMx5943@11.20 

2011-06-22
Cash: 8.61
Held: MNGAx277436@0.24 NYNYx72377@0.85 HSTMx5943@11.38 ARLx17208@3.29 CFBKx17517@4.18 
Value: 325579.89
Sales: NYNYx72377@0.85 MNGAx277436@0.24 CFBKx17517@4.18 ARLx17208@3.29 HSTMx5943@11.38 
Purchases: BSFx12035@5.41 LZBx6781@9.60 SUNWx310133@0.21 FUNCx14223@4.58 LTRXx26355@2.47 

2011-06-23
Cash: 14.59
Held: BSFx12035@5.18 SUNWx310133@0.20 FUNCx14223@4.84 LTRXx26355@3.20 LZBx6781@9.37 
Value: 341035.00
Sales: BSFx12035@5.18 LZBx6781@9.37 SUNWx310133@0.20 FUNCx14223@4.84 LTRXx26355@3.20 
Purchases: GIGx30314@2.25 VTNRx24352@2.80 ARLx21450@3.18 ARKRx4578@14.90 ASMx31432@2.17 

