2010-02-18
Cash: 10000.00
Held: 
Value: 10000.00
Sales: 
Purchases: REGNx76@26.30 UNISx204@9.80 DEPOx844@2.37 REEDx1169@1.71 WILCx319@6.26 

2010-02-21
Cash: 6.89
Held: REGNx76@25.53 WILCx319@6.50 REEDx1169@1.65 UNISx204@8.93 DEPOx844@2.45 
Value: 9838.87
Sales: REGNx76@25.53 UNISx204@8.93 DEPOx844@2.45 REEDx1169@1.65 WILCx319@6.50 
Purchases: CSIQx95@20.53 UNISx220@8.93 ATRCx431@4.56 ELGXx551@3.57 TCXx2623@0.75 

2010-02-22
Cash: 24.62
Held: CSIQx95@19.08 TCXx2623@0.75 ATRCx431@4.80 UNISx220@8.32 ELGXx551@3.43 
Value: 9593.66
Sales: CSIQx95@19.08 UNISx220@8.32 ATRCx431@4.80 ELGXx551@3.43 TCXx2623@0.75 
Purchases: TRECx680@2.82 OGENx4680@0.41 VISNx250@7.65 NLSTx502@3.82 MARKx931@2.06 

2010-02-23
Cash: 9.18
Held: VISNx250@7.48 NLSTx502@3.69 MARKx931@1.85 OGENx4680@0.44 TRECx680@2.81 
Value: 9423.49
Sales: TRECx680@2.81 NLSTx502@3.69 VISNx250@7.48 OGENx4680@0.44 MARKx931@1.85 
Purchases: PCOx1484@1.27 RWCx463@4.07 FONRx1427@1.32 GLDDx439@4.29 CPRXx2654@0.71 

2010-02-24
Cash: 3.73
Held: CPRXx2654@0.67 PCOx1484@1.16 RWCx463@4.05 FONRx1427@1.33 GLDDx439@4.50 
Value: 9252.40
Sales: FONRx1427@1.33 GLDDx439@4.50 RWCx463@4.05 PCOx1484@1.16 CPRXx2654@0.67 
Purchases: MDXGx1276@1.45 PLMx790@2.34 CBLIx21@84.81 WAYNx286@6.45 TAx530@3.49 

2010-02-25
Cash: 78.11
Held: CBLIx21@77.19 WAYNx286@6.91 TAx530@3.41 MDXGx1276@1.45 PLMx790@2.35 
Value: 9189.38
Sales: MDXGx1276@1.45 PLMx790@2.35 CBLIx21@77.19 WAYNx286@6.91 TAx530@3.41 
Purchases: FUSBx127@14.40 DYNx245@7.50 BCLIx371@4.95 TSx44@41.44 TISx113@16.23 

2010-02-28
Cash: 29.38
Held: DYNx245@7.30 TISx113@16.20 BCLIx371@4.95 TSx44@42.75 FUSBx127@14.73 
Value: 9236.46
Sales: FUSBx127@14.73 DYNx245@7.30 BCLIx371@4.95 TSx44@42.75 TISx113@16.20 
Purchases: KEQUx135@13.68 RMTIx313@5.90 ATHNx51@35.88 FCNx50@36.66 WTWx74@24.81 

2010-03-01
Cash: 44.93
Held: RMTIx313@6.21 WTWx74@24.70 FCNx50@36.91 KEQUx135@13.92 ATHNx51@37.19 
Value: 9438.31
Sales: ATHNx51@37.19 RMTIx313@6.21 KEQUx135@13.92 FCNx50@36.91 WTWx74@24.70 
Purchases: CYANx491@3.84 MGx168@11.17 AWIx55@34.12 SGMSx122@15.46 GTWNx410@4.60 

2010-03-02
Cash: 26.33
Held: AWIx55@33.66 MGx168@10.88 SGMSx122@14.42 GTWNx410@4.60 CYANx491@3.92 
Value: 9276.52
Sales: CYANx491@3.92 MGx168@10.88 SGMSx122@14.42 AWIx55@33.66 GTWNx410@4.60 
Purchases: CYRXx70@26.41 SPLSx82@22.56 GEOx101@18.23 NTRIx119@15.51 DLx315@5.88 

2010-03-03
Cash: 39.00
Held: DLx315@5.98 GEOx101@18.89 NTRIx119@15.77 CYRXx70@27.12 SPLSx82@22.95 
Value: 9488.75
Sales: DLx315@5.98 CYRXx70@27.12 GEOx101@18.89 NTRIx119@15.77 SPLSx82@22.95 
Purchases: CGNTx382@4.96 CLFDx661@2.87 VISNx374@5.07 BXMTx1345@1.41 FDPx98@19.25 

2010-03-04
Cash: 17.71
Held: CLFDx661@2.88 FDPx98@20.16 BXMTx1345@1.28 CGNTx382@5.00 VISNx374@4.90 
Value: 9361.26
Sales: FDPx98@20.16 VISNx374@4.90 CLFDx661@2.88 CGNTx382@5.00 BXMTx1345@1.28 
Purchases: AXDXx2637@0.71 JNPx1642@1.14 MEIx172@10.85 INVTx417@4.49 MITKx2880@0.65 

2010-03-07
Cash: 7.99
Held: JNPx1642@1.06 AXDXx2637@0.73 INVTx417@4.77 MEIx172@10.03 MITKx2880@0.70 
Value: 9403.59
Sales: AXDXx2637@0.73 JNPx1642@1.06 MEIx172@10.03 INVTx417@4.77 MITKx2880@0.70 
Purchases: EDZx7@238.50 MENTx234@8.02 RWCx496@3.79 WSO.Bx35@52.94 BOOMx117@15.95 

2010-03-08
Cash: 257.90
Held: EDZx7@234.75 RWCx496@3.82 MENTx234@8.09 BOOMx117@15.83 WSO.Bx35@57.53 
Value: 9555.45
Sales: EDZx7@234.75 MENTx234@8.09 RWCx496@3.82 WSO.Bx35@57.53 BOOMx117@15.83 
Purchases: NEOx1459@1.31 YGEx157@12.12 CHNRx154@12.35 LXRXx1209@1.58 AMNx231@8.25 

2010-03-09
Cash: 24.18
Held: LXRXx1209@1.64 YGEx157@12.48 CHNRx154@12.03 AMNx231@8.47 NEOx1459@1.31 
Value: 9685.10
Sales: CHNRx154@12.03 YGEx157@12.48 NEOx1459@1.31 LXRXx1209@1.64 AMNx231@8.47 
Purchases: TEARx694@2.79 MLNKx201@9.61 TZOOx141@13.68 MASIx72@26.73 CLSNx103@18.77 

2010-03-10
Cash: 31.43
Held: MASIx72@26.59 CLSNx103@18.69 MLNKx201@9.43 TZOOx141@14.43 TEARx694@3.44 
Value: 10187.93
Sales: TEARx694@3.44 MLNKx201@9.43 TZOOx141@14.43 CLSNx103@18.69 MASIx72@26.59 
Purchases: NYNYx1126@1.81 DITx35@57.75 QCRHx229@8.87 GNVCx738@2.76 HMNYx1940@1.05 

2010-03-11
Cash: 25.19
Held: DITx35@58.72 QCRHx229@8.85 HMNYx1940@1.08 GNVCx738@2.85 NYNYx1126@1.82 
Value: 10355.39
Sales: DITx35@58.72 NYNYx1126@1.82 QCRHx229@8.85 GNVCx738@2.85 HMNYx1940@1.08 
Purchases: WGx160@12.90 MSNx539@3.84 DRWIx8@231.25 ERHx167@12.36 MTEXx570@3.63 

2010-03-14
Cash: 238.35
Held: ERHx167@12.27 WGx160@12.47 DRWIx8@239.00 MTEXx570@3.59 MSNx539@3.77 
Value: 10273.01
Sales: WGx160@12.47 MTEXx570@3.59 DRWIx8@239.00 ERHx167@12.27 MSNx539@3.77 
Purchases: BWENx49@41.09 ATVx57@35.81 HHx2233@0.92 CYTXx26@78.75 WILCx339@6.05 

2010-03-15
Cash: 65.20
Held: HHx2233@0.96 WILCx339@6.06 ATVx57@35.34 BWENx49@42.19 CYTXx26@76.94 
Value: 10344.81
Sales: ATVx57@35.34 BWENx49@42.19 HHx2233@0.96 CYTXx26@76.94 WILCx339@6.06 
Purchases: MNKDx272@7.59 TEARx676@3.06 IPCIx650@3.18 CYTXx26@76.94 STRLx128@16.05 

2010-03-16
Cash: 90.27
Held: MNKDx272@7.49 STRLx128@17.55 IPCIx650@3.14 CYTXx26@72.31 TEARx676@2.87 
Value: 10234.16
Sales: MNKDx272@7.49 CYTXx26@72.31 IPCIx650@3.14 TEARx676@2.87 STRLx128@17.55 
Purchases: DSWx160@12.77 INVTx626@3.27 LINKx8187@0.25 MOVx184@11.11 ORRFx62@32.69 

2010-03-17
Cash: 26.18
Held: MOVx184@11.39 INVTx626@3.26 DSWx160@13.20 LINKx8187@0.25 ORRFx62@32.16 
Value: 10315.61
Sales: DSWx160@13.20 INVTx626@3.26 LINKx8187@0.25 MOVx184@11.39 ORRFx62@32.16 
Purchases: PRKRx1057@1.95 INVTx632@3.26 UVEx390@5.28 CONNx335@6.15 GLOWx3683@0.56 

2010-03-18
Cash: 11.97
Held: GLOWx3683@0.58 CONNx335@6.07 INVTx632@3.26 UVEx390@5.17 PRKRx1057@1.84 
Value: 10203.87
Sales: PRKRx1057@1.84 INVTx632@3.26 UVEx390@5.17 CONNx335@6.07 GLOWx3683@0.58 
Purchases: CAIx185@11.01 WPCSx662@3.08 MGICx800@2.55 CRAIx90@22.48 BKJx156@13.00 

2010-03-21
Cash: 36.19
Held: WPCSx662@3.06 MGICx800@2.59 CAIx185@11.81 BKJx156@14.01 CRAIx90@22.12 
Value: 10495.93
Sales: CAIx185@11.81 WPCSx662@3.06 MGICx800@2.59 CRAIx90@22.12 BKJx156@14.01 
Purchases: SGAx98@21.38 SPWRx115@18.20 HRTXx1981@1.06 SALMx536@3.91 OESXx417@5.03 

2010-03-22
Cash: 14.94
Held: SPWRx115@18.47 SGAx98@21.05 SALMx536@3.97 OESXx417@5.17 HRTXx1981@1.11 
Value: 10686.01
Sales: SGAx98@21.05 SPWRx115@18.47 HRTXx1981@1.11 SALMx536@3.97 OESXx417@5.17 
Purchases: UNTYx427@5.00 INVTx747@2.86 CGNTx440@4.85 VHCx418@5.10 MARKx1473@1.45 

2010-03-23
Cash: 11.78
Held: INVTx747@2.91 VHCx418@5.43 CGNTx440@5.05 UNTYx427@5.10 MARKx1473@1.49 
Value: 11051.10
Sales: UNTYx427@5.10 INVTx747@2.91 CGNTx440@5.05 VHCx418@5.43 MARKx1473@1.49 
Purchases: FBCx2599@0.85 GALEx385@5.73 SCSx333@6.62 CASCx107@20.52 MNDOx1315@1.68 

2010-03-24
Cash: 26.68
Held: MNDOx1315@1.77 GALEx385@5.73 SCSx333@6.51 CASCx107@21.06 FBCx2599@0.72 
Value: 10853.78
Sales: FBCx2599@0.72 GALEx385@5.73 CASCx107@21.06 SCSx333@6.51 MNDOx1315@1.77 
Purchases: CORTx804@2.70 JBLx132@16.44 XRAx337@6.43 PLBCx952@2.28 MGHx1974@1.10 

2010-03-25
Cash: 6.53
Held: PLBCx952@2.28 XRAx337@6.39 CORTx804@2.81 MGHx1974@1.13 JBLx132@16.38 
Value: 10981.63
Sales: CORTx804@2.81 MGHx1974@1.13 XRAx337@6.39 PLBCx952@2.28 JBLx132@16.38 
Purchases: KEGx235@9.33 PERIx352@6.23 SSKNx310@7.07 MTSLx1454@1.51 OIBR.Cx249@8.80 

2010-03-28
Cash: 18.98
Held: PERIx352@6.23 SSKNx310@7.48 OIBR.Cx249@8.90 KEGx235@9.40 MTSLx1454@1.51 
Value: 11150.59
Sales: KEGx235@9.40 PERIx352@6.23 SSKNx310@7.48 MTSLx1454@1.51 OIBR.Cx249@8.90 
Purchases: MNTXx906@2.46 NAVBx1496@1.49 APDNx550@4.05 VHCx427@5.21 CRVPx3184@0.70 

2010-03-29
Cash: 9.17
Held: APDNx550@4.08 CRVPx3184@0.70 VHCx427@5.16 MNTXx906@2.49 NAVBx1496@1.65 
Value: 11410.08
Sales: CRVPx3184@0.70 NAVBx1496@1.65 APDNx550@4.08 VHCx427@5.16 MNTXx906@2.49 
Purchases: PLUGx3622@0.63 VIRCx650@3.51 ABIOx9@233.12 PEIXx2055@1.11 BOMx150@15.21 

2010-03-30
Cash: 185.76
Held: BOMx150@15.01 PLUGx3622@0.69 VIRCx650@3.81 ABIOx9@228.88 PEIXx2055@1.11 
Value: 11754.40
Sales: PLUGx3622@0.69 PEIXx2055@1.11 BOMx150@15.01 VIRCx650@3.81 ABIOx9@228.88 
Purchases: OXMx115@20.33 GNVCx3014@0.78 SSNx5343@0.44 FONRx1230@1.91 JXSBx176@13.30 

2010-03-31
Cash: 26.05
Held: SSNx5343@0.48 OXMx115@20.84 FONRx1230@1.73 JXSBx176@13.04 GNVCx3014@0.73 
Value: 11611.13
Sales: OXMx115@20.84 GNVCx3014@0.73 SSNx5343@0.48 FONRx1230@1.73 JXSBx176@13.04 
Purchases: SORLx252@9.21 FACx1149@2.02 RADx1558@1.49 GRBKx797@2.91 HMNYx1903@1.22 

2010-04-04
Cash: 7.21
Held: GRBKx797@3.14 SORLx252@9.72 FACx1149@2.12 HMNYx1903@1.14 RADx1558@1.44 
Value: 11807.25
Sales: SORLx252@9.72 FACx1149@2.12 GRBKx797@3.14 RADx1558@1.44 HMNYx1903@1.14 
Purchases: IFONx3688@0.64 FORTYx169@13.91 SYNx1584@1.49 VBFCx837@2.82 SQBGx12432@0.19 

2010-04-05
Cash: 13.78
Held: VBFCx837@3.06 IFONx3688@0.68 SYNx1584@1.55 SQBGx12432@0.19 FORTYx169@13.99 
Value: 12264.87
Sales: SQBGx12432@0.19 IFONx3688@0.68 FORTYx169@13.99 VBFCx837@3.06 SYNx1584@1.55 
Purchases: OHAIx323@7.58 NSLx327@7.50 ERYx43@56.16 NUROx1460@1.68 TCIx228@10.76 

2010-04-06
Cash: 44.79
Held: NUROx1460@1.72 ERYx43@57.47 NSLx327@7.45 TCIx228@10.96 OHAIx323@7.52 
Value: 12390.55
Sales: OHAIx323@7.52 NSLx327@7.45 ERYx43@57.47 NUROx1460@1.72 TCIx228@10.96 
Purchases: UNISx359@6.89 FHCOx400@6.19 ALGNx136@18.17 ADKx453@5.46 CIVBx552@4.49 

2010-04-07
Cash: 17.54
Held: ADKx453@5.35 FHCOx400@6.23 CIVBx552@4.54 UNISx359@6.72 ALGNx136@17.48 
Value: 12229.45
Sales: ALGNx136@17.48 CIVBx552@4.54 FHCOx400@6.23 ADKx453@5.35 UNISx359@6.72 
Purchases: GIGx771@3.17 HUSAx177@13.77 TBIOx3445@0.71 OPHCx3058@0.80 CPRXx3445@0.71 

2010-04-08
Cash: 10.11
Held: CPRXx3445@0.80 HUSAx177@14.20 GIGx771@3.20 OPHCx3058@0.80 TBIOx3445@0.70 
Value: 12603.96
Sales: GIGx771@3.20 HUSAx177@14.20 OPHCx3058@0.80 TBIOx3445@0.70 CPRXx3445@0.80 
Purchases: APOGx183@13.76 ZUMZx124@20.25 GTTx2401@1.05 ANTHx45@55.91 PRPHx1326@1.90 

2010-04-11
Cash: 19.00
Held: PRPHx1326@2.03 ANTHx45@53.59 ZUMZx124@20.02 APOGx183@13.89 GTTx2401@1.05 
Value: 12666.07
Sales: APOGx183@13.89 ZUMZx124@20.02 GTTx2401@1.05 ANTHx45@53.59 PRPHx1326@2.03 
Purchases: SILCx260@9.73 OPXAx1059@2.39 FBPx974@2.60 JXSBx216@11.73 DFBGx921@2.75 

2010-04-12
Cash: 7.79
Held: OPXAx1059@2.88 SILCx260@9.66 FBPx974@2.97 JXSBx216@11.73 DFBGx921@2.64 
Value: 13427.66
Sales: OPXAx1059@2.88 DFBGx921@2.64 SILCx260@9.66 JXSBx216@11.73 FBPx974@2.97 
Purchases: CPSSx1754@1.53 UNXLx13430@0.20 LTBRx406@6.61 WGBSx1109@2.42 FCSCx3275@0.82 

2010-04-13
Cash: 6.19
Held: LTBRx406@6.77 WGBSx1109@2.50 UNXLx13430@0.20 FCSCx3275@0.83 CPSSx1754@1.62 
Value: 13772.66
Sales: LTBRx406@6.77 UNXLx13430@0.20 WGBSx1109@2.50 CPSSx1754@1.62 FCSCx3275@0.83 
Purchases: ARLx267@10.30 VHIx100@27.48 CPEx402@6.84 PKDx535@5.15 DRVx94@29.16 

2010-04-14
Cash: 30.24
Held: DRVx94@31.52 VHIx100@27.59 CPEx402@6.51 PKDx535@5.15 ARLx267@10.28 
Value: 13869.30
Sales: ARLx267@10.28 VHIx100@27.59 CPEx402@6.51 PKDx535@5.15 DRVx94@31.52 
Purchases: SOXSx100@27.69 SSGx203@13.64 USATx2454@1.13 SSYx1059@2.62 CETCx12@229.75 

2010-04-15
Cash: 28.10
Held: SSYx1059@2.75 USATx2454@1.17 SSGx203@13.98 SOXSx100@28.69 CETCx12@234.75 
Value: 14334.33
Sales: SOXSx100@28.69 SSGx203@13.98 CETCx12@234.75 SSYx1059@2.75 USATx2454@1.17 
Purchases: OPXAx1210@2.37 MMACx9246@0.31 PRIx125@22.78 FCCYx344@8.31 IDSAx173@16.56 

2010-04-18
Cash: 28.40
Held: OPXAx1210@2.33 PRIx125@23.30 MMACx9246@0.25 IDSAx173@16.38 FCCYx344@8.00 
Value: 13656.28
Sales: OPXAx1210@2.33 MMACx9246@0.25 PRIx125@23.30 FCCYx344@8.00 IDSAx173@16.38 
Purchases: FANHx107@25.47 DBx37@73.56 MSTXx13659@0.20 ARLx291@9.37 AEZSx3@732.00 

2010-04-19
Cash: 556.33
Held: DBx37@74.75 MSTXx13659@0.19 FANHx107@27.39 ARLx291@9.38 AEZSx3@744.00 
Value: 13809.68
Sales: MSTXx13659@0.19 AEZSx3@744.00 DBx37@74.75 ARLx291@9.38 FANHx107@27.39 
Purchases: LTSx2076@1.33 LNGx621@4.44 MLPx511@5.40 EGYx495@5.57 MERCx528@5.23 

2010-04-20
Cash: 12.73
Held: LNGx621@4.55 MERCx528@5.28 MLPx511@5.50 LTSx2076@1.28 EGYx495@5.32 
Value: 13729.17
Sales: LTSx2076@1.28 EGYx495@5.32 LNGx621@4.55 MERCx528@5.28 MLPx511@5.50 
Purchases: ATAXx515@5.33 ACURx93@29.50 BDSIx771@3.56 CYCCx13@199.88 PRANx1569@1.75 

2010-04-21
Cash: 152.38
Held: ATAXx515@5.40 ACURx93@29.50 BDSIx771@3.61 CYCCx13@205.75 PRANx1569@1.72 
Value: 13831.90
Sales: ATAXx515@5.40 ACURx93@29.50 BDSIx771@3.61 CYCCx13@205.75 PRANx1569@1.72 
Purchases: GILDx68@40.59 PRANx1608@1.72 IINx730@3.79 PJCx71@38.59 OGENx4536@0.61 

2010-04-22
Cash: 33.70
Held: IINx730@3.85 PJCx71@38.84 GILDx68@41.66 OGENx4536@0.66 PRANx1608@1.66 
Value: 14098.44
Sales: GILDx68@41.66 PRANx1608@1.66 IINx730@3.85 PJCx71@38.84 OGENx4536@0.66 
Purchases: SOXSx103@27.20 VALUx124@22.72 BAXx57@49.31 CAPRx4027@0.70 NOKx221@12.76 

2010-04-25
Cash: 29.42
Held: CAPRx4027@0.72 BAXx57@47.59 VALUx124@21.86 SOXSx103@27.30 NOKx221@12.45 
Value: 13916.85
Sales: SOXSx103@27.30 VALUx124@21.86 BAXx57@47.59 CAPRx4027@0.72 NOKx221@12.45 
Purchases: ACURx141@19.66 TASRx583@4.77 ASTCx915@3.04 NCRx194@14.30 PXLWx615@4.52 

2010-04-26
Cash: 30.83
Held: TASRx583@4.95 ASTCx915@3.00 PXLWx615@4.44 NCRx194@13.75 ACURx141@18.75 
Value: 13703.94
Sales: ACURx141@18.75 TASRx583@4.95 ASTCx915@3.00 NCRx194@13.75 PXLWx615@4.44 
Purchases: WTFCx69@39.44 FMBIx176@15.52 PVTBx187@14.64 CPFx46@58.81 BANRx66@41.38 

2010-04-27
Cash: 76.71
Held: WTFCx69@37.94 PVTBx187@14.47 CPFx46@60.81 FMBIx176@15.56 BANRx66@40.81 
Value: 13630.05
Sales: WTFCx69@37.94 FMBIx176@15.56 PVTBx187@14.47 CPFx46@60.81 BANRx66@40.81 
Purchases: ODPx396@6.87 HEI.Ax81@33.47 SAHx249@10.93 HEIx63@43.25 FORMx173@15.69 

2010-04-28
Cash: 37.95
Held: FORMx173@15.71 HEI.Ax81@34.50 HEIx63@44.72 ODPx396@7.04 SAHx249@11.00 
Value: 13894.19
Sales: HEI.Ax81@34.50 ODPx396@7.04 SAHx249@11.00 HEIx63@44.72 FORMx173@15.71 
Purchases: XBKSx1235@2.25 LARKx175@15.85 EEFTx171@16.20 FBCx4209@0.66 JBLUx489@5.68 

2010-04-29
Cash: 14.72
Held: JBLUx489@5.59 EEFTx171@15.93 LARKx175@16.02 FBCx4209@0.64 XBKSx1235@2.89 
Value: 14539.12
Sales: EEFTx171@15.93 JBLUx489@5.59 FBCx4209@0.64 LARKx175@16.02 XBKSx1235@2.89 
Purchases: GECx1303@2.23 HARx73@39.47 TISx196@14.81 CECOx99@29.27 STCx255@11.38 

2010-05-02
Cash: 48.44
Held: CECOx99@30.23 STCx255@11.82 HARx73@40.72 TISx196@14.59 GECx1303@2.31 
Value: 14899.31
Sales: GECx1303@2.31 HARx73@40.72 TISx196@14.59 CECOx99@30.23 STCx255@11.82 
Purchases: RIOx62@47.91 BIOPx790@3.77 FSSx370@8.04 ATHNx103@28.75 PDEXx4255@0.70 

2010-05-03
Cash: 36.16
Held: PDEXx4255@0.76 RIOx62@48.03 FSSx370@7.37 ATHNx103@28.61 BIOPx790@3.84 
Value: 14954.44
Sales: RIOx62@48.03 BIOPx790@3.84 FSSx370@7.37 ATHNx103@28.61 PDEXx4255@0.76 
Purchases: MBTx136@21.89 AGYSx339@8.81 MSTXx1112@2.69 MAYSx190@15.71 SHOOx80@37.06 

2010-05-04
Cash: 49.13
Held: SHOOx80@35.16 AGYSx339@8.60 MSTXx1112@2.56 MAYSx190@14.89 MBTx136@20.98 
Value: 14307.98
Sales: AGYSx339@8.60 MBTx136@20.98 MSTXx1112@2.56 MAYSx190@14.89 SHOOx80@35.16 
Purchases: MERCx585@4.89 DINx78@36.62 WLKx121@23.62 GBLIx347@8.24 BZHx102@28.00 

2010-05-05
Cash: 15.55
Held: GBLIx347@7.95 MERCx585@4.29 DINx78@35.62 BZHx102@26.25 WLKx121@22.53 
Value: 13465.56
Sales: WLKx121@22.53 DINx78@35.62 MERCx585@4.29 GBLIx347@7.95 BZHx102@26.25 
Purchases: TECLx77@34.53 FASx95@28.17 MIDUx74@36.06 MYGNx153@17.55 MTSLx1456@1.85 

2010-05-06
Cash: 84.00
Held: MYGNx153@17.50 FASx95@27.06 MIDUx74@33.66 MTSLx1456@1.83 TECLx77@32.00 
Value: 12951.60
Sales: TECLx77@32.00 FASx95@27.06 MIDUx74@33.66 MYGNx153@17.50 MTSLx1456@1.83 
Purchases: AVNWx46@55.44 VIAVx247@10.45 SBSAx1639@1.58 HILx589@4.39 NCITx119@21.77 

2010-05-09
Cash: 53.61
Held: VIAVx247@11.68 AVNWx46@54.84 SBSAx1639@1.75 HILx589@4.45 NCITx119@22.06 
Value: 13575.59
Sales: AVNWx46@54.84 VIAVx247@11.68 SBSAx1639@1.75 HILx589@4.45 NCITx119@22.06 
Purchases: DRWIx19@137.75 CAMPx1293@2.10 ATNIx58@46.12 UBGx82@32.91 GSTx607@4.47 

2010-05-10
Cash: 157.45
Held: CAMPx1293@2.32 UBGx82@33.50 DRWIx19@151.25 GSTx607@4.66 ATNIx58@47.41 
Value: 14356.64
Sales: DRWIx19@151.25 CAMPx1293@2.32 ATNIx58@47.41 UBGx82@33.50 GSTx607@4.66 
Purchases: DFx299@9.58 TZAx463@6.20 SRTYx63@45.50 SMDDx57@50.09 DRVx113@25.41 

2010-05-11
Cash: 29.79
Held: SMDDx57@46.69 DRVx113@24.12 DFx299@9.94 SRTYx63@41.31 TZAx463@5.64 
Value: 13602.71
Sales: SMDDx57@46.69 DFx299@9.94 SRTYx63@41.31 TZAx463@5.64 DRVx113@24.12 
Purchases: AIIIx1609@1.69 RCKYx340@8.00 WSO.Bx52@52.22 PCLNx12@217.88 AGOx151@17.97 

2010-05-12
Cash: 119.66
Held: AGOx151@17.95 PCLNx12@212.88 RCKYx340@8.23 AIIIx1609@1.95 WSO.Bx52@53.19 
Value: 14085.72
Sales: AGOx151@17.95 RCKYx340@8.23 AIIIx1609@1.95 PCLNx12@212.88 WSO.Bx52@53.19 
Purchases: TMHx205@13.72 GIGx782@3.60 SPWRx199@14.12 COYNx536@5.25 IMUCx2253@1.25 

2010-05-13
Cash: 18.91
Held: IMUCx2253@1.17 SPWRx199@13.05 GIGx782@3.60 TMHx205@13.89 COYNx536@5.10 
Value: 13647.99
Sales: GIGx782@3.60 TMHx205@13.89 IMUCx2253@1.17 COYNx536@5.10 SPWRx199@13.05 
Purchases: STLYx341@7.99 AGENx369@7.38 SKLNx10918@0.25 RASx964@2.83 PBHx345@7.90 

2010-05-16
Cash: 18.51
Held: STLYx341@7.54 PBHx345@7.83 SKLNx10918@0.25 AGENx369@8.10 RASx964@2.75 
Value: 13660.01
Sales: RASx964@2.75 SKLNx10918@0.25 STLYx341@7.54 PBHx345@7.83 AGENx369@8.10 
Purchases: RVLTx761@3.59 GRBKx1242@2.20 AANx163@16.75 CVBx373@7.32 OESXx746@3.66 

2010-05-17
Cash: 5.51
Held: RVLTx761@3.49 CVBx373@10.32 GRBKx1242@2.15 OESXx746@3.46 AANx163@16.25 
Value: 14412.45
Sales: CVBx373@10.32 GRBKx1242@2.15 AANx163@16.25 RVLTx761@3.49 OESXx746@3.46 
Purchases: UAMYx7207@0.40 ASTCx1360@2.12 CEIx1736@1.66 MFCBx281@10.25 DLHCx4502@0.64 

2010-05-18
Cash: 4.14
Held: ASTCx1360@1.89 MFCBx281@10.14 UAMYx7207@0.40 DLHCx4502@0.65 CEIx1736@1.54 
Value: 13905.04
Sales: UAMYx7207@0.40 ASTCx1360@1.89 CEIx1736@1.54 MFCBx281@10.14 DLHCx4502@0.65 
Purchases: DXTRx1817@1.53 CASIx5794@0.48 SQBGx23176@0.12 QRHCx8425@0.33 HNHx709@3.92 

2010-05-19
Cash: 2.39
Held: QRHCx8425@0.31 CASIx5794@0.45 SQBGx23176@0.12 DXTRx1817@1.62 HNHx709@3.65 
Value: 13534.54
Sales: DXTRx1817@1.62 CASIx5794@0.45 SQBGx23176@0.12 QRHCx8425@0.31 HNHx709@3.65 
Purchases: SITOx3426@0.79 CIXx257@10.50 ERSx1041@2.60 TPIVx11279@0.24 EVLVx1402@1.93 

2010-05-20
Cash: 10.90
Held: ERSx1041@2.60 TPIVx11279@0.21 EVLVx1402@1.84 SITOx3426@0.85 CIXx257@10.35 
Value: 13237.49
Sales: SITOx3426@0.85 EVLVx1402@1.84 CIXx257@10.35 TPIVx11279@0.21 ERSx1041@2.60 
Purchases: AGENx436@6.06 STVx489@5.41 ALJJx8823@0.30 CDTIx464@5.70 NWYx687@3.85 

2010-05-23
Cash: 13.92
Held: NWYx687@3.58 STVx489@5.54 ALJJx8823@0.30 AGENx436@6.42 CDTIx464@5.90 
Value: 13366.18
Sales: AGENx436@6.42 STVx489@5.54 ALJJx8823@0.30 CDTIx464@5.90 NWYx687@3.58 
Purchases: CRMDx1069@2.50 YANGx66@40.09 SGRPx3220@0.83 BRCDx504@5.30 RRGBx132@20.12 

2010-05-24
Cash: 46.55
Held: SGRPx3220@1.00 BRCDx504@5.34 CRMDx1069@2.35 YANGx66@42.00 RRGBx132@19.66 
Value: 13836.19
Sales: CRMDx1069@2.35 YANGx66@42.00 SGRPx3220@1.00 BRCDx504@5.34 RRGBx132@19.66 
Purchases: MAGSx1044@2.65 UEICx149@18.45 PLPMx2050@1.35 PEIXx3738@0.74 HOLIx328@8.43 

2010-05-25
Cash: 21.03
Held: UEICx149@18.67 PLPMx2050@1.50 MAGSx1044@2.60 PEIXx3738@0.76 HOLIx328@9.11 
Value: 14420.01
Sales: MAGSx1044@2.60 UEICx149@18.67 PLPMx2050@1.50 PEIXx3738@0.76 HOLIx328@9.11 
Purchases: PFSWx860@3.35 BWENx125@22.91 LIONx424@6.79 NNAx425@6.78 ARCBx130@22.02 

2010-05-26
Cash: 53.44
Held: ARCBx130@23.09 PFSWx860@3.73 LIONx424@6.86 BWENx125@23.41 NNAx425@6.61 
Value: 14906.97
Sales: PFSWx860@3.73 BWENx125@23.41 LIONx424@6.86 NNAx425@6.61 ARCBx130@23.09 
Purchases: IDRAx795@3.75 CDXSx273@10.88 XOMAx6934@0.43 VALUx153@19.48 INVEx1785@1.67 

2010-05-27
Cash: 11.65
Held: INVEx1785@1.70 XOMAx6934@0.44 VALUx153@19.80 CDXSx273@10.34 IDRAx795@3.76 
Value: 14938.83
Sales: IDRAx795@3.76 INVEx1785@1.70 XOMAx6934@0.44 VALUx153@19.80 CDXSx273@10.34 
Purchases: HVT.Ax202@14.77 RMBSx127@23.44 BSTCx123@24.20 CIEx426@7.00 CTSOx1707@1.75 

2010-05-31
Cash: 31.80
Held: CTSOx1707@1.75 BSTCx123@24.00 RMBSx127@22.64 HVT.Ax202@15.45 CIEx426@6.52 
Value: 14745.26
Sales: HVT.Ax202@15.45 CIEx426@6.52 RMBSx127@22.64 BSTCx123@24.00 CTSOx1707@1.75 
Purchases: HRTx535@5.51 NCx36@79.81 AOIx7@404.00 UVVx74@39.44 BDRx2681@1.10 

2010-06-01
Cash: 228.81
Held: UVVx74@38.62 HRTx535@5.19 NCx36@86.25 AOIx7@412.00 BDRx2681@1.28 
Value: 15285.88
Sales: HRTx535@5.19 NCx36@86.25 AOIx7@412.00 UVVx74@38.62 BDRx2681@1.28 
Purchases: EDUCx574@5.32 SMEDx631@4.84 LEEx1009@3.03 HFBCx276@11.06 

2010-06-02
Cash: 3068.27
Held: SMEDx631@4.44 EDUCx574@5.50 LEEx1009@3.05 HFBCx276@11.00 
Value: 15142.03
Sales: EDUCx574@5.50 SMEDx631@4.44 LEEx1009@3.05 HFBCx276@11.00 
Purchases: FAFx219@13.83 ISDRx12113@0.25 NVGNx2970@1.02 CVRx305@9.90 ERYx44@68.31 

2010-06-03
Cash: 32.64
Held: ISDRx12113@0.25 CVRx305@14.90 ERYx44@75.38 NVGNx2970@0.94 FAFx219@13.73 
Value: 16719.16
Sales: FAFx219@13.73 ISDRx12113@0.25 NVGNx2970@0.94 CVRx305@14.90 ERYx44@75.38 
Purchases: HOVx682@4.90 PRZMx743@4.50 BWL.Ax369@9.04 NAIIx532@6.28 DLHCx5308@0.63 

2010-06-06
Cash: 14.47
Held: BWL.Ax369@9.24 HOVx682@4.58 DLHCx5308@0.62 PRZMx743@4.50 NAIIx532@6.37 
Value: 16571.62
Sales: HOVx682@4.58 PRZMx743@4.50 BWL.Ax369@9.24 NAIIx532@6.37 DLHCx5308@0.62 
Purchases: GALEx1294@2.56 KRUx80@41.16 BIO.Bx44@74.75 PGCx259@12.75 DRNx769@4.31 

2010-06-07
Cash: 61.21
Held: GALEx1294@2.82 DRNx769@4.53 PGCx259@12.88 KRUx80@40.94 BIO.Bx44@87.50 
Value: 17656.88
Sales: GALEx1294@2.82 KRUx80@40.94 BIO.Bx44@87.50 PGCx259@12.88 DRNx769@4.53 
Purchases: FRBKx1681@2.10 BIOPx2504@1.41 LNGx1235@2.86 CYCCx25@136.88 DCTHx329@10.72 

2010-06-08
Cash: 116.73
Held: LNGx1235@2.86 DCTHx329@8.77 FRBKx1681@2.22 CYCCx25@119.25 BIOPx2504@1.23 
Value: 16329.87
Sales: FRBKx1681@2.22 LNGx1235@2.86 BIOPx2504@1.23 CYCCx25@119.25 DCTHx329@8.77 
Purchases: ROIAx1146@2.85 NVGNx4534@0.72 NWYx1498@2.18 CWSTx941@3.47 KGJIx1632@2.00 

2010-06-09
Cash: 3.66
Held: NWYx1498@2.53 NVGNx4534@0.71 CWSTx941@3.46 ROIAx1146@2.67 KGJIx1632@2.55 
Value: 17490.85
Sales: ROIAx1146@2.67 NVGNx4534@0.71 NWYx1498@2.53 CWSTx941@3.46 KGJIx1632@2.55 
Purchases: XRMx254@13.72 OVLYx583@6.00 YRCWx17495@0.20 HTBKx920@3.80 WINTx10929@0.32 

2010-06-10
Cash: 15.40
Held: OVLYx583@6.00 XRMx254@13.40 WINTx10929@0.34 YRCWx17495@0.22 HTBKx920@3.87 
Value: 18041.42
Sales: XRMx254@13.40 OVLYx583@6.00 YRCWx17495@0.22 HTBKx920@3.87 WINTx10929@0.34 
Purchases: EPVx143@25.19 EDZx15@232.62 INVTx2173@1.66 DPKx51@70.75 ERYx56@63.53 

2010-06-13
Cash: 176.71
Held: EDZx15@232.38 DPKx51@69.50 INVTx2173@1.56 ERYx56@64.19 EPVx143@24.70 
Value: 17722.83
Sales: EDZx15@232.38 EPVx143@24.70 INVTx2173@1.56 DPKx51@69.50 ERYx56@64.19 
Purchases: BGYx384@9.23 FCELx2135@1.66 BANRx139@25.48 MFRIx572@6.19 CTSOx2036@1.74 

2010-06-14
Cash: 8.47
Held: MFRIx572@6.15 CTSOx2036@2.20 FCELx2135@1.95 BANRx139@27.16 BGYx384@9.27 
Value: 19502.37
Sales: BGYx384@9.27 FCELx2135@1.95 BANRx139@27.16 MFRIx572@6.15 CTSOx2036@2.20 
Purchases: ESNCx10831@0.36 SNFCAx2483@1.57 WCSTx48745@0.08 CVRx275@14.16 BVXx1167@3.34 

2010-06-15
Cash: 11.96
Held: ESNCx10831@0.40 CVRx275@15.60 WCSTx48745@0.08 SNFCAx2483@1.54 BVXx1167@3.25 
Value: 20150.83
Sales: ESNCx10831@0.40 SNFCAx2483@1.54 WCSTx48745@0.08 CVRx275@15.60 BVXx1167@3.25 
Purchases: EDZx19@211.25 SOXSx145@27.75 IMUCx3503@1.15 LZBx403@9.99 YANGx131@30.66 

2010-06-16
Cash: 40.69
Held: IMUCx3503@1.13 EDZx19@214.38 LZBx403@9.61 SOXSx145@27.94 YANGx131@31.56 
Value: 20130.00
Sales: EDZx19@214.38 SOXSx145@27.94 IMUCx3503@1.13 LZBx403@9.61 YANGx131@31.56 
Purchases: FCHx732@5.50 HVT.Ax312@12.88 HAx645@6.24 OIBR.Cx430@9.34 CTSOx2074@1.94 

2010-06-17
Cash: 18.61
Held: HAx645@6.34 CTSOx2074@2.22 FCHx732@5.47 OIBR.Cx430@9.62 HVT.Ax312@12.91 
Value: 20878.81
Sales: FCHx732@5.47 HVT.Ax312@12.91 HAx645@6.34 OIBR.Cx430@9.62 CTSOx2074@2.22 
Purchases: CFFIx245@16.98 DFFNx4175@1.00 ROIAKx1711@2.44 OREXx966@4.32 WINTx17399@0.24 

2010-06-20
Cash: 19.72
Held: ROIAKx1711@2.35 WINTx17399@0.24 OREXx966@4.10 DFFNx4175@0.80 CFFIx245@18.45 
Value: 20037.81
Sales: CFFIx245@18.45 DFFNx4175@0.80 ROIAKx1711@2.35 OREXx966@4.10 WINTx17399@0.24 
Purchases: YUMAx740@5.41 INODx1484@2.70 PHMDx739@5.42 SOHOx1908@2.10 GCBCx237@16.84 

2010-06-21
Cash: 23.86
Held: SOHOx1908@2.04 PHMDx739@5.36 INODx1484@2.83 GCBCx237@17.22 YUMAx740@5.37 
Value: 20130.26
Sales: INODx1484@2.83 YUMAx740@5.37 GCBCx237@17.22 SOHOx1908@2.04 PHMDx739@5.36 
Purchases: EXELx1099@3.66 WNSx383@10.50 CFBKx526@7.65 IBCPx805@5.00 CEIx1572@2.56 

2010-06-22
Cash: 12.99
Held: IBCPx805@4.60 WNSx383@10.36 EXELx1099@3.77 CEIx1572@2.47 CFBKx526@7.50 
Value: 19656.55
Sales: EXELx1099@3.77 WNSx383@10.36 CFBKx526@7.50 IBCPx805@4.60 CEIx1572@2.47 
Purchases: RDNTx1560@2.52 ALQAx35743@0.11 MIDUx127@30.80 URREx9144@0.43 BCx263@14.90 

2010-06-23
Cash: 34.09
Held: ALQAx35743@0.12 RDNTx1560@2.45 MIDUx127@29.08 URREx9144@0.41 BCx263@14.21 
Value: 19322.49
Sales: RDNTx1560@2.45 ALQAx35743@0.12 MIDUx127@29.08 URREx9144@0.41 BCx263@14.21 
Purchases: AIIIx2477@1.56 ISDRx21463@0.18 WITx305@12.64 RELVx1644@2.35 RNVAx5152@0.75 

2010-06-24
Cash: 12.79
Held: ISDRx21463@0.18 RELVx1644@2.48 RNVAx5152@0.80 WITx305@12.60 AIIIx2477@1.60 
Value: 19881.48
Sales: AIIIx2477@1.60 ISDRx21463@0.18 WITx305@12.60 RELVx1644@2.48 RNVAx5152@0.80 
Purchases: LTBRx510@7.79 FFHLx4971@0.80 ORITx387@10.27 MCBCx3616@1.10 PRKRx3059@1.30 

2010-06-27
Cash: 5.12
Held: ORITx387@10.36 MCBCx3616@1.20 PRKRx3059@1.27 LTBRx510@7.63 FFHLx4971@0.81 
Value: 20155.14
Sales: LTBRx510@7.63 PRKRx3059@1.27 ORITx387@10.36 MCBCx3616@1.20 FFHLx4971@0.81 
Purchases: CLBSx2144@1.88 WGBSx3224@1.25 DLTRx96@41.88 AODx398@10.12 FCELx3276@1.23 

2010-06-28
Cash: 17.01
Held: DLTRx96@41.75 FCELx3276@1.17 CLBSx2144@1.82 AODx398@9.78 WGBSx3224@1.15 
Value: 19362.23
Sales: CLBSx2144@1.82 WGBSx3224@1.15 DLTRx96@41.75 AODx398@9.78 FCELx3276@1.17 
Purchases: ETRMx1@3024.00 LMNRx184@20.98 JOBx15489@0.25 ISLEx383@10.10 BKJx351@11.02 

2010-06-29
Cash: 866.73
Held: JOBx15489@0.28 LMNRx184@21.77 ISLEx383@9.26 ETRMx1@2268.00 BKJx351@12.29 
Value: 19336.18
Sales: ETRMx1@2268.00 LMNRx184@21.77 JOBx15489@0.28 ISLEx383@9.26 BKJx351@12.29 
Purchases: IDNx2432@1.59 ROIAKx3020@1.28 CHCIx394@9.80 PRPHx3548@1.09 BKSx299@12.90 

2010-06-30
Cash: 19.88
Held: PRPHx3548@1.11 ROIAKx3020@1.24 CHCIx394@9.59 BKSx299@13.29 IDNx2432@1.56 
Value: 19251.16
Sales: IDNx2432@1.56 ROIAKx3020@1.24 CHCIx394@9.59 PRPHx3548@1.11 BKSx299@13.29 
Purchases: PFIEx13749@0.28 OGENx11321@0.34 AYIx109@35.31 ADKx1279@3.01 UMXx158@24.34 

2010-07-01
Cash: 6.04
Held: PFIEx13749@0.28 ADKx1279@3.30 UMXx158@24.34 AYIx109@35.31 OGENx11321@0.38 
Value: 20073.89
Sales: PFIEx13749@0.28 OGENx11321@0.38 AYIx109@35.31 ADKx1279@3.30 UMXx158@24.34 
Purchases: DRAMx170@23.58 WNSx397@10.10 SBSAx4182@0.96 LHCGx169@23.67 CREGx1220@3.29 

2010-07-05
Cash: 27.53
Held: CREGx1220@3.30 WNSx397@9.73 DRAMx170@26.28 LHCGx169@23.30 SBSAx4182@0.98 
Value: 20419.19
Sales: DRAMx170@26.28 WNSx397@9.73 SBSAx4182@0.98 LHCGx169@23.30 CREGx1220@3.30 
Purchases: GIGx2320@1.76 WGBSx3890@1.05 KINSx1667@2.45 MAYSx285@14.30 MXCx650@6.28 

2010-07-06
Cash: 12.52
Held: GIGx2320@1.76 MAYSx285@13.00 WGBSx3890@1.03 MXCx650@6.28 KINSx1667@2.45 
Value: 19973.60
Sales: GIGx2320@1.76 WGBSx3890@1.03 MXCx650@6.28 MAYSx285@13.00 KINSx1667@2.45 
Purchases: PPPx15363@0.26 CASIx1473@2.71 HMGx931@4.29 TSLAx252@15.80 EVLVx2528@1.58 

2010-07-07
Cash: 17.49
Held: HMGx931@4.55 CASIx1473@2.87 PPPx15363@0.26 EVLVx2528@1.56 TSLAx252@17.45 
Value: 20815.83
Sales: HMGx931@4.55 CASIx1473@2.87 PPPx15363@0.26 TSLAx252@17.45 EVLVx2528@1.56 
Purchases: FAZx268@15.53 PRKRx5078@0.82 APRIx132@31.50 FCNx130@31.94 TCIx453@9.19 

2010-07-08
Cash: 18.57
Held: PRKRx5078@0.92 FCNx130@32.88 TCIx453@8.99 FAZx268@14.79 APRIx132@30.30 
Value: 20999.80
Sales: FAZx268@14.79 PRKRx5078@0.92 APRIx132@30.30 FCNx130@32.88 TCIx453@8.99 
Purchases: JHIx216@19.38 BKEx147@28.44 MCBCx3499@1.20 SMIx1190@3.53 CVAx265@15.84 

2010-07-11
Cash: 36.55
Held: CVAx265@15.65 MCBCx3499@1.38 JHIx216@19.66 BKEx147@28.38 SMIx1190@3.46 
Value: 21546.99
Sales: JHIx216@19.66 BKEx147@28.38 MCBCx3499@1.38 SMIx1190@3.46 CVAx265@15.65 
Purchases: PBBIx1040@4.14 DWCHx1780@2.42 RGSx317@13.58 VIRCx1689@2.55 FBPx8134@0.53 

2010-07-12
Cash: 11.47
Held: PBBIx1040@4.14 FBPx8134@0.56 VIRCx1689@2.52 DWCHx1780@2.54 RGSx317@14.20 
Value: 22150.64
Sales: PBBIx1040@4.14 DWCHx1780@2.54 FBPx8134@0.56 RGSx317@14.20 VIRCx1689@2.52 
Purchases: HAFCx3210@1.38 INSYx15274@0.29 MOSx106@41.69 SPILx832@5.32 DVCRx1028@4.31 

2010-07-13
Cash: 16.55
Held: MOSx106@42.03 INSYx15274@0.29 HAFCx3210@1.39 DVCRx1028@4.36 SPILx832@5.26 
Value: 22221.88
Sales: MOSx106@42.03 INSYx15274@0.29 HAFCx3210@1.39 SPILx832@5.26 DVCRx1028@4.36 
Purchases: UNXLx10842@0.41 MKTXx337@13.18 GFEDx763@5.82 AMEDx172@25.77 MCBCx3703@1.20 

2010-07-14
Cash: 19.15
Held: GFEDx763@6.29 MCBCx3703@1.16 MKTXx337@13.05 AMEDx172@26.77 UNXLx10842@0.45 
Value: 22992.62
Sales: MKTXx337@13.05 UNXLx10842@0.45 GFEDx763@6.29 MCBCx3703@1.16 AMEDx172@26.77 
Purchases: JOUTx430@10.68 BBDx299@15.35 IRWDx408@11.26 RBAx246@18.66 BCx329@13.98 

2010-07-15
Cash: 29.32
Held: BBDx299@14.94 JOUTx430@10.51 RBAx246@18.30 IRWDx408@10.70 BCx329@12.50 
Value: 21994.40
Sales: JOUTx430@10.51 BBDx299@14.94 IRWDx408@10.70 RBAx246@18.30 BCx329@12.50 
Purchases: GDENx2064@2.13 CYRXx398@11.04 IGCx4679@0.94 KLICx638@6.89 HDNGx553@7.94 

2010-07-18
Cash: 16.96
Held: KLICx638@6.81 HDNGx553@8.00 GDENx2064@2.14 CYRXx398@13.80 IGCx4679@0.90 
Value: 22904.89
Sales: GDENx2064@2.14 CYRXx398@13.80 IGCx4679@0.90 KLICx638@6.81 HDNGx553@8.00 
Purchases: FASx227@20.11 LYVx518@8.83 ALJJx17618@0.26 VVUSx923@4.96 ANTHx142@32.16 

2010-07-19
Cash: 41.11
Held: ANTHx142@31.69 LYVx518@9.06 VVUSx923@5.09 ALJJx17618@0.27 FASx227@20.81 
Value: 23414.68
Sales: FASx227@20.81 LYVx518@9.06 ALJJx17618@0.27 VVUSx923@5.09 ANTHx142@31.69 
Purchases: ROIAx5090@0.92 AANx423@11.06 GTXIx1566@2.99 ISSCx1182@3.96 SOXSx159@29.44 

2010-07-20
Cash: 7.74
Held: GTXIx1566@2.90 ROIAx5090@0.95 ISSCx1182@4.10 AANx423@10.38 SOXSx159@31.19 
Value: 23585.03
Sales: AANx423@10.38 SOXSx159@31.19 ROIAx5090@0.95 GTXIx1566@2.90 ISSCx1182@4.10 
Purchases: TUPx119@39.38 MANTx126@37.22 ZIONx242@19.42 TSLAx233@20.22 WYx304@15.50 

2010-07-21
Cash: 86.78
Held: TUPx119@39.50 WYx304@16.11 ZIONx242@20.17 TSLAx233@21.00 MANTx126@38.22 
Value: 24274.69
Sales: TUPx119@39.50 MANTx126@38.22 ZIONx242@20.17 TSLAx233@21.00 WYx304@16.11 
Purchases: CMTLx231@20.98 ABACx286@16.95 CDTIx809@6.00 PGNXx1142@4.25 EVRIx1319@3.68 

2010-07-22
Cash: 17.70
Held: ABACx286@16.08 PGNXx1142@4.31 CMTLx231@21.73 EVRIx1319@3.93 CDTIx809@6.75 
Value: 25201.10
Sales: CMTLx231@21.73 ABACx286@16.08 CDTIx809@6.75 PGNXx1142@4.31 EVRIx1319@3.93 
Purchases: SOXSx181@27.77 DRVx42@119.19 YANGx180@27.86 TCBIWx741@6.80 IIINx522@9.64 

2010-07-25
Cash: 83.18
Held: DRVx42@109.81 IIINx522@9.50 TCBIWx741@6.80 SOXSx181@26.64 YANGx180@27.53 
Value: 24471.26
Sales: SOXSx181@26.64 IIINx522@9.50 YANGx180@27.53 TCBIWx741@6.80 DRVx42@109.81 
Purchases: LTBRx780@6.27 RSTx232@21.09 DDCx398@12.30 MAYSx342@14.28 IBKRx295@16.56 

2010-07-26
Cash: 22.99
Held: RSTx232@21.75 LTBRx780@6.19 MAYSx342@15.48 DDCx398@12.26 IBKRx295@16.59 
Value: 24965.04
Sales: RSTx232@21.75 LTBRx780@6.19 DDCx398@12.26 IBKRx295@16.59 MAYSx342@15.48 
Purchases: MFNCx899@5.55 IRIXx1531@3.26 BIO.Bx61@81.38 SBFGx1290@3.87 DRVx45@109.62 

2010-07-27
Cash: 96.00
Held: IRIXx1531@3.48 MFNCx899@5.45 DRVx45@110.75 SBFGx1290@3.95 BIO.Bx61@83.00 
Value: 25464.68
Sales: MFNCx899@5.45 IRIXx1531@3.48 BIO.Bx61@83.00 SBFGx1290@3.95 DRVx45@110.75 
Purchases: TMOx110@46.00 EVBSx1254@4.06 SANMx398@12.79 USATPx861@5.91 PLTx168@30.16 

2010-07-28
Cash: 70.27
Held: SANMx398@12.61 TMOx110@44.97 EVBSx1254@4.02 USATPx861@8.00 PLTx168@30.03 
Value: 27009.10
Sales: USATPx861@8.00 SANMx398@12.61 EVBSx1254@4.02 PLTx168@30.03 TMOx110@44.97 
Purchases: EWBCx343@15.70 SSYSx238@22.62 IGTx360@14.98 GTNx2109@2.56 FORMx556@9.71 

2010-07-29
Cash: 47.14
Held: FORMx556@9.68 EWBCx343@15.59 SSYSx238@22.70 GTNx2109@2.60 IGTx360@15.24 
Value: 27150.81
Sales: EWBCx343@15.59 SSYSx238@22.70 IGTx360@15.24 GTNx2109@2.60 FORMx556@9.68 
Purchases: SYMCx418@12.97 YTENx384@14.12 AMAGx172@31.48 DXTRx3120@1.74 NVCNx20110@0.27 

2010-08-01
Cash: 33.94
Held: YTENx384@14.00 NVCNx20110@0.27 SYMCx418@13.17 DXTRx3120@1.68 AMAGx172@32.12 
Value: 27112.00
Sales: SYMCx418@13.17 YTENx384@14.00 AMAGx172@32.12 DXTRx3120@1.68 NVCNx20110@0.27 
Purchases: ANWx264@20.50 MARKx943@5.75 NTRIx278@19.44 PCYOx2258@2.40 TNAVx1013@5.35 

2010-08-02
Cash: 32.91
Held: TNAVx1013@5.14 ANWx264@20.12 NTRIx278@19.16 MARKx943@6.18 PCYOx2258@2.40 
Value: 27126.33
Sales: ANWx264@20.12 PCYOx2258@2.40 NTRIx278@19.16 MARKx943@6.18 TNAVx1013@5.14 
Purchases: ROIAKx6094@0.89 MCBCx3328@1.63 QRHCx38747@0.14 RILYx6028@0.90 ERYx19@277.50 

2010-08-03
Cash: 155.33
Held: ROIAKx6094@1.04 QRHCx38747@0.22 ERYx19@271.75 MCBCx3328@1.53 RILYx6028@0.90 
Value: 30697.14
Sales: RILYx6028@0.90 ROIAKx6094@1.04 ERYx19@271.75 QRHCx38747@0.22 MCBCx3328@1.53 
Purchases: BHIx143@42.84 RDNx870@7.05 YRCWx19800@0.31 VMCx145@42.25 DOWx247@24.80 

2010-08-04
Cash: 46.07
Held: DOWx247@25.27 RDNx870@7.44 YRCWx19800@0.28 VMCx145@41.59 BHIx143@42.47 
Value: 30409.40
Sales: BHIx143@42.47 RDNx870@7.44 YRCWx19800@0.28 DOWx247@25.27 VMCx145@41.59 
Purchases: TORMx866@7.02 BOFIx1617@3.76 PBIx294@20.62 UVVx159@38.06 WINTx24327@0.25 

2010-08-05
Cash: 53.51
Held: TORMx866@7.11 BOFIx1617@3.81 UVVx159@37.78 PBIx294@20.70 WINTx24327@0.25 
Value: 30547.57
Sales: TORMx866@7.11 BOFIx1617@3.81 PBIx294@20.70 WINTx24327@0.25 UVVx159@37.78 
Purchases: ROCKx678@9.00 LINCx401@15.20 MFCx447@13.66 CKXx638@9.57 TFSLx610@10.00 

2010-08-08
Cash: 38.92
Held: CKXx638@10.54 ROCKx678@8.94 LINCx401@14.75 TFSLx610@9.98 MFCx447@13.91 
Value: 31039.01
Sales: MFCx447@13.91 TFSLx610@9.98 LINCx401@14.75 CKXx638@10.54 ROCKx678@8.94 
Purchases: RSTx326@19.00 APEIx224@27.70 KLICx929@6.68 OSTKx386@16.05 PMCx721@8.60 

2010-08-09
Cash: 38.26
Held: KLICx929@6.28 RSTx326@18.69 OSTKx386@15.13 APEIx224@27.59 PMCx721@8.15 
Value: 29862.96
Sales: RSTx326@18.69 APEIx224@27.59 PMCx721@8.15 KLICx929@6.28 OSTKx386@15.13 
Purchases: BWENx243@24.50 DISHx325@18.36 OPHCx11716@0.51 TXMDx39810@0.15 SKXx199@29.95 

2010-08-10
Cash: 37.10
Held: DISHx325@18.09 TXMDx39810@0.06 OPHCx11716@0.62 BWENx243@22.09 SKXx199@28.67 
Value: 26645.85
Sales: DISHx325@18.09 BWENx243@22.09 OPHCx11716@0.62 TXMDx39810@0.06 SKXx199@28.67 
Purchases: CYRXx599@8.88 SCLNx2229@2.39 PEGAx231@23.02 MITLx681@7.82 CVBFx668@7.97 

2010-08-11
Cash: 30.97
Held: SCLNx2229@2.49 CVBFx668@7.48 CYRXx599@8.16 MITLx681@7.40 PEGAx231@22.67 
Value: 25739.79
Sales: CYRXx599@8.16 SCLNx2229@2.49 MITLx681@7.40 PEGAx231@22.67 CVBFx668@7.48 
Purchases: AGYSx934@5.51 VECOx162@31.66 DZKx105@49.00 TWINx437@11.77 CREEx87@58.78 

2010-08-12
Cash: 59.57
Held: CREEx87@56.75 TWINx437@11.50 AGYSx934@5.35 DZKx105@48.47 VECOx162@31.30 
Value: 25180.00
Sales: AGYSx934@5.35 VECOx162@31.30 TWINx437@11.50 CREEx87@56.75 DZKx105@48.47 
Purchases: AANx362@13.90 LINKx16783@0.30 IDSYx2161@2.33 MARKx950@5.30 VRMLx724@6.95 

2010-08-15
Cash: 10.77
Held: LINKx16783@0.30 VRMLx724@6.84 MARKx950@5.86 AANx362@13.92 IDSYx2161@2.34 
Value: 25661.06
Sales: MARKx950@5.86 LINKx16783@0.30 IDSYx2161@2.34 AANx362@13.92 VRMLx724@6.84 
Purchases: PSTBx822@6.24 ACYx339@15.10 GSBx2155@2.38 WSO.Bx107@47.91 PDLIx998@5.14 

2010-08-16
Cash: 26.70
Held: PSTBx822@6.20 PDLIx998@5.43 ACYx339@15.20 WSO.Bx107@54.00 GSBx2155@2.66 
Value: 27205.78
Sales: PSTBx822@6.20 ACYx339@15.20 GSBx2155@2.66 WSO.Bx107@54.00 PDLIx998@5.43 
Purchases: ESNCx8242@0.66 STRAx34@155.62 SVAx1324@4.11 IGCx8122@0.67 WLDNx1783@3.05 

2010-08-17
Cash: 152.06
Held: ESNCx8242@0.64 WLDNx1783@3.15 SVAx1324@4.20 IGCx8122@0.68 STRAx34@169.00 
Value: 27875.37
Sales: ESNCx8242@0.64 STRAx34@169.00 SVAx1324@4.20 IGCx8122@0.68 WLDNx1783@3.15 
Purchases: SVBIx1311@4.25 BDLx948@5.88 EVKx2341@2.38 TPIVx55764@0.10 PRPHx4011@1.39 

2010-08-18
Cash: 7.91
Held: PRPHx4011@1.31 EVKx2341@2.36 TPIVx55764@0.12 SVBIx1311@4.25 BDLx948@7.34 
Value: 30005.22
Sales: SVBIx1311@4.25 BDLx948@7.34 EVKx2341@2.36 TPIVx55764@0.12 PRPHx4011@1.31 
Purchases: IBCPx2223@2.70 CTRNx259@23.16 SALMx2062@2.91 PEIXx9527@0.63 CETCx55@108.00 

2010-08-19
Cash: 65.75
Held: IBCPx2223@2.20 CTRNx259@23.73 SALMx2062@2.99 PEIXx9527@0.64 CETCx55@123.31 
Value: 30148.45
Sales: CETCx55@123.31 IBCPx2223@2.20 CTRNx259@23.73 PEIXx9527@0.64 SALMx2062@2.99 
Purchases: FLWSx3156@1.91 ENZx1638@3.68 PROx852@7.07 HCKTx1651@3.65 BIO.Bx78@76.75 

2010-08-22
Cash: 55.47
Held: PROx852@7.30 FLWSx3156@1.70 ENZx1638@3.57 HCKTx1651@3.62 BIO.Bx78@83.81 
Value: 30002.30
Sales: FLWSx3156@1.70 PROx852@7.30 ENZx1638@3.57 HCKTx1651@3.62 BIO.Bx78@83.81 
Purchases: ATVx279@21.47 KIRKx525@11.42 BLDPx3428@1.75 IBCPx2884@2.08 BDLx915@6.55 

2010-08-23
Cash: 24.12
Held: KIRKx525@11.20 IBCPx2884@2.10 ATVx279@23.59 BLDPx3428@1.81 BDLx915@5.82 
Value: 30072.49
Sales: ATVx279@23.59 KIRKx525@11.20 BLDPx3428@1.81 IBCPx2884@2.10 BDLx915@5.82 
Purchases: IMNPx10196@0.59 HNHx748@8.03 FLWSx3557@1.69 OSBCPx2684@2.24 GUTx1002@6.00 

2010-08-24
Cash: 13.42
Held: OSBCPx2684@2.20 FLWSx3557@1.69 IMNPx10196@0.60 GUTx1002@6.23 HNHx748@8.05 
Value: 30309.57
Sales: FLWSx3557@1.69 IMNPx10196@0.60 OSBCPx2684@2.20 HNHx748@8.05 GUTx1002@6.23 
Purchases: SCSSx1183@5.12 SHIPx6589@0.92 SALMx2558@2.37 SYPRx1949@3.11 FORDx1787@3.39 

2010-08-25
Cash: 10.47
Held: SYPRx1949@3.25 FORDx1787@3.42 SHIPx6589@0.92 SALMx2558@2.64 SCSSx1183@4.95 
Value: 31127.13
Sales: SCSSx1183@4.95 SHIPx6589@0.92 SALMx2558@2.64 SYPRx1949@3.25 FORDx1787@3.42 
Purchases: ELTKx6551@0.95 AXDXx8410@0.74 SPUx1326@4.69 BIOLx8643@0.72 CALx567@10.97 

2010-08-26
Cash: 12.12
Held: SPUx1326@4.90 AXDXx8410@0.80 CALx567@10.95 ELTKx6551@1.03 BIOLx8643@0.70 
Value: 32245.34
Sales: ELTKx6551@1.03 AXDXx8410@0.80 SPUx1326@4.90 BIOLx8643@0.70 CALx567@10.95 
Purchases: GESx192@33.50 CRVPx10746@0.60 LGLx452@14.25 BIOLx9210@0.70 MARKx1048@6.15 

2010-08-29
Cash: 31.33
Held: CRVPx10746@0.64 GESx192@33.06 LGLx452@13.93 MARKx1048@6.30 BIOLx9210@0.59 
Value: 31590.14
Sales: GESx192@33.06 CRVPx10746@0.64 BIOLx9210@0.59 LGLx452@13.93 MARKx1048@6.30 
Purchases: DFFNx7261@0.87 CVRx453@13.94 OBx475@13.28 BKJx601@10.51 PNBKx3470@1.82 

2010-08-30
Cash: 18.25
Held: CVRx453@16.44 DFFNx7261@0.88 PNBKx3470@1.89 OBx475@13.05 BKJx601@10.51 
Value: 32922.81
Sales: DFFNx7261@0.88 CVRx453@16.44 OBx475@13.05 BKJx601@10.51 PNBKx3470@1.89 
Purchases: NYNYx8334@0.79 HEESx970@6.78 AXNx2613@2.52 EMMSx1068@6.16 MNOVx1355@4.86 

2010-08-31
Cash: 13.78
Held: AXNx2613@2.70 HEESx970@7.22 MNOVx1355@5.37 NYNYx8334@0.86 EMMSx1068@6.04 
Value: 34962.68
Sales: NYNYx8334@0.86 HEESx970@7.22 AXNx2613@2.70 EMMSx1068@6.04 MNOVx1355@5.37 
Purchases: FANHx320@21.83 SNFCAx5067@1.38 ISLEx1004@6.96 EMMSx1157@6.04 DLx1807@3.87 

2010-09-01
Cash: 18.30
Held: DLx1807@4.28 ISLEx1004@6.81 FANHx320@21.88 SNFCAx5067@1.38 EMMSx1157@6.36 
Value: 35940.01
Sales: FANHx320@21.88 DLx1807@4.28 SNFCAx5067@1.38 ISLEx1004@6.81 EMMSx1157@6.36 
Purchases: EDZx42@170.38 OHRPx28752@0.25 DPKx140@51.19 GENEx8873@0.81 GTIMx19960@0.36 

2010-09-02
Cash: 54.61
Held: EDZx42@164.75 DPKx140@49.72 OHRPx28752@0.25 GENEx8873@0.81 GTIMx19960@0.30 
Value: 34299.36
Sales: EDZx42@164.75 GTIMx19960@0.30 OHRPx28752@0.25 DPKx140@49.72 GENEx8873@0.81 
Purchases: FBPx16734@0.41 ADUSx1490@4.60 COYNx1829@3.75 IHTx6071@1.13 GTIMx22862@0.30 

2010-09-06
Cash: 5.58
Held: ADUSx1490@4.67 IHTx6071@1.25 FBPx16734@0.38 GTIMx22862@0.40 COYNx1829@4.00 
Value: 37370.95
Sales: GTIMx22862@0.40 FBPx16734@0.38 COYNx1829@4.00 IHTx6071@1.25 ADUSx1490@4.67 
Purchases: SEACx1045@7.15 RGENx2257@3.31 CLDXx2153@3.47 SBFGx2336@3.20 WSCIx2031@3.68 

2010-09-07
Cash: 9.68
Held: WSCIx2031@3.52 SBFGx2336@3.44 CLDXx2153@3.55 RGENx2257@3.49 SEACx1045@7.21 
Value: 38250.14
Sales: RGENx2257@3.49 SEACx1045@7.21 SBFGx2336@3.44 WSCIx2031@3.52 CLDXx2153@3.55 
Purchases: PMBCx2317@3.30 BRKSx1356@5.64 OSURx2277@3.36 MAYSx540@14.15 CMLSx415@18.41 

2010-09-08
Cash: 25.49
Held: OSURx2277@3.35 BRKSx1356@5.56 MAYSx540@14.42 PMBCx2317@3.30 CMLSx415@17.92 
Value: 38063.31
Sales: PMBCx2317@3.30 BRKSx1356@5.56 OSURx2277@3.35 MAYSx540@14.42 CMLSx415@17.92 
Purchases: ROSGx7112@1.07 SLABx218@34.88 CREEx154@49.41 PNBKx3864@1.97 ANGOx555@13.70 

2010-09-09
Cash: 23.67
Held: CREEx154@48.72 SLABx218@34.84 PNBKx3864@1.98 ANGOx555@13.74 ROSGx7112@1.05 
Value: 37867.95
Sales: ANGOx555@13.74 SLABx218@34.84 CREEx154@48.72 ROSGx7112@1.05 PNBKx3864@1.98 
Purchases: TBIOx21632@0.35 JKSx310@24.41 CROXx680@11.13 EMMSx1769@4.28 SKXx331@22.84 

2010-09-12
Cash: 23.58
Held: JKSx310@26.45 CROXx680@10.88 SKXx331@22.84 TBIOx21632@0.33 EMMSx1769@4.76 
Value: 38749.37
Sales: TBIOx21632@0.33 EMMSx1769@4.76 SKXx331@22.84 CROXx680@10.88 JKSx310@26.45 
Purchases: TRNSx1153@6.72 GEN           x1729@4.48 HBPx9116@0.85 RDCMx875@8.85 GENx1729@4.48 

2010-09-13
Cash: 14.58
Held: TRNSx1153@6.64 GEN           x1729@4.21 RDCMx875@9.43 HBPx9116@1.05 GENx1729@4.21 
Value: 40053.64
Sales: TRNSx1153@6.64 GEN           x1729@4.21 HBPx9116@1.05 RDCMx875@9.43 GENx1729@4.21 
Purchases: LIVEx1780@4.50 AEPIx381@20.98 SGRPx8089@0.99 LODEx4914@1.63 CETCx94@84.81 

2010-09-14
Cash: 56.97
Held: LIVEx1780@4.50 SGRPx8089@0.99 AEPIx381@20.97 LODEx4914@1.70 CETCx94@86.12 
Value: 40516.58
Sales: LIVEx1780@4.50 AEPIx381@20.97 SGRPx8089@0.99 LODEx4914@1.70 CETCx94@86.12 
Purchases: FBCx4264@1.90 HBMDx1473@5.50 ARNAx2166@3.74 CYRXx1022@7.92 TISAx9209@0.88 

2010-09-15
Cash: 11.47
Held: HBMDx1473@5.75 ARNAx2166@3.75 TISAx9209@0.95 CYRXx1022@8.40 FBCx4264@1.94 
Value: 42211.26
Sales: FBCx4264@1.94 HBMDx1473@5.75 ARNAx2166@3.75 CYRXx1022@8.40 TISAx9209@0.95 
Purchases: BORNx1018@8.29 ACCOx1420@5.94 RDWRx243@34.66 EMMSx1971@4.28 OSBCx9930@0.85 

2010-09-16
Cash: 34.92
Held: ACCOx1420@5.91 RDWRx243@36.44 OSBCx9930@1.05 BORNx1018@8.45 EMMSx1971@4.16 
Value: 44511.16
Sales: BORNx1018@8.45 ACCOx1420@5.91 RDWRx243@36.44 EMMSx1971@4.16 OSBCx9930@1.05 
Purchases: PFSWx3134@2.84 MHOx868@10.25 FBPx29669@0.30 TPIVx55627@0.16 SVAx2208@4.03 

2010-09-19
Cash: 8.72
Held: TPIVx55627@0.18 PFSWx3134@3.01 SVAx2208@3.88 FBPx29669@0.29 MHOx868@11.21 
Value: 46362.38
Sales: PFSWx3134@3.01 MHOx868@11.21 FBPx29669@0.29 TPIVx55627@0.18 SVAx2208@3.88 
Purchases: ARNAx4984@1.86 PFINx6102@1.52 OREXx1574@5.89 EATx526@17.62 INSx9272@1.00 

2010-09-20
Cash: 3.61
Held: PFINx6102@1.55 EATx526@17.73 INSx9272@1.00 OREXx1574@5.91 ARNAx4984@1.78 
Value: 46236.27
Sales: ARNAx4984@1.78 PFINx6102@1.55 OREXx1574@5.91 EATx526@17.73 INSx9272@1.00 
Purchases: ISDRx51358@0.18 PSTIx6603@1.40 HBPx12009@0.77 PRPHx6851@1.35 CIG.Cx851@10.86 

2010-09-21
Cash: 7.63
Held: ISDRx51358@0.18 PRPHx6851@1.33 CIG.Cx851@11.94 PSTIx6603@1.40 HBPx12009@0.79 
Value: 47260.36
Sales: ISDRx51358@0.18 HBPx12009@0.79 PSTIx6603@1.40 PRPHx6851@1.33 CIG.Cx851@11.94 
Purchases: CBZx1747@5.41 INTTx3705@2.55 MMYTx284@33.28 RDCMx1032@9.16 CACBx1783@5.30 

2010-09-22
Cash: 5.75
Held: MMYTx284@38.00 INTTx3705@2.66 RDCMx1032@9.00 CACBx1783@5.20 CBZx1747@5.58 
Value: 48956.82
Sales: CBZx1747@5.58 INTTx3705@2.66 MMYTx284@38.00 RDCMx1032@9.00 CACBx1783@5.20 
Purchases: PNFPx1150@8.51 RANDx3319@2.95 ZIONWx1886@5.19 ADBEx370@26.41 AEISx815@12.00 

2010-09-23
Cash: 43.08
Held: ZIONWx1886@5.50 AEISx815@12.63 ADBEx370@26.88 RANDx3319@3.35 PNFPx1150@9.11 
Value: 52248.71
Sales: PNFPx1150@9.11 RANDx3319@3.35 ZIONWx1886@5.50 ADBEx370@26.88 AEISx815@12.63 
Purchases: FHx3517@2.97 JOBx41798@0.25 SKLNx61453@0.17 UWNx9953@1.05 TRCBx2150@4.86 

2010-09-26
Cash: 5.17
Held: JOBx41798@0.25 SKLNx61453@0.17 UWNx9953@1.04 TRCBx2150@4.86 FHx3517@3.00 
Value: 52254.55
Sales: FHx3517@3.00 JOBx41798@0.25 SKLNx61453@0.17 UWNx9953@1.04 TRCBx2150@4.86 
Purchases: KGJIx1607@6.50 NFECx1492@7.00 FINLx740@14.11 VICLx4726@2.21 EDUx446@23.42 

2010-09-27
Cash: 29.06
Held: EDUx446@23.80 NFECx1492@6.31 VICLx4726@2.25 FINLx740@14.20 KGJIx1607@8.50 
Value: 54858.20
Sales: KGJIx1607@8.50 NFECx1492@6.31 FINLx740@14.20 VICLx4726@2.25 EDUx446@23.80 
Purchases: SIMOx1999@5.49 AMRNx4064@2.70 RPRXx22858@0.48 SGYPx4388@2.50 SIFIx1813@6.05 

2010-09-28
Cash: 6.04
Held: AMRNx4064@2.70 RPRXx22858@0.39 SIFIx1813@6.25 SIMOx1999@5.45 SGYPx4388@2.50 
Value: 53082.07
Sales: SIMOx1999@5.45 AMRNx4064@2.70 RPRXx22858@0.39 SGYPx4388@2.50 SIFIx1813@6.25 
Purchases: NLSx8362@1.27 GOGLx546@19.42 MBRGx756@14.03 MONx221@48.00 BIOLx9315@1.14 

2010-09-29
Cash: 30.46
Held: MBRGx756@14.08 NLSx8362@1.33 MONx221@47.94 GOGLx546@18.91 BIOLx9315@1.13 
Value: 53237.49
Sales: NLSx8362@1.33 GOGLx546@18.91 MBRGx756@14.08 MONx221@47.94 BIOLx9315@1.13 
Purchases: FALCx3478@3.06 RPRXx28767@0.37 MESOx855@12.45 APRIx615@17.30 CASIx2794@3.81 

2010-09-30
Cash: 14.08
Held: RPRXx28767@0.39 CASIx2794@3.76 MESOx855@12.45 FALCx3478@3.00 APRIx615@17.41 
Value: 53521.17
Sales: MESOx855@12.45 CASIx2794@3.76 RPRXx28767@0.39 FALCx3478@3.00 APRIx615@17.41 
Purchases: AAWWx213@50.12 MEIPx9821@1.09 RBPAAx6691@1.60 HRIx1069@10.01 CRUSx614@17.41 

2010-10-03
Cash: 52.41
Held: MEIPx9821@1.19 RBPAAx6691@1.49 HRIx1069@9.94 AAWWx213@49.38 CRUSx614@17.09 
Value: 53350.41
Sales: AAWWx213@49.38 MEIPx9821@1.19 RBPAAx6691@1.49 HRIx1069@9.94 CRUSx614@17.09 
Purchases: AEHRx7732@1.38 BGIx15029@0.71 RANDx3591@2.97 TNKx891@11.97 CBKx1616@6.60 

2010-10-04
Cash: 11.07
Held: AEHRx7732@1.35 TNKx891@12.06 CBKx1616@6.60 RANDx3591@3.15 BGIx15029@1.04 
Value: 58805.87
Sales: AEHRx7732@1.35 CBKx1616@6.60 BGIx15029@1.04 TNKx891@12.06 RANDx3591@3.15 
Purchases: CETCx143@82.00 GTIMx15681@0.75 USATx11099@1.06 PEGAx410@28.62 SIFYx5090@2.31 

2010-10-05
Cash: 62.01
Held: SIFYx5090@2.22 GTIMx15681@0.74 USATx11099@1.13 CETCx143@80.88 PEGAx410@28.34 
Value: 58699.64
Sales: CETCx143@80.88 GTIMx15681@0.74 USATx11099@1.13 PEGAx410@28.34 SIFYx5090@2.22 
Purchases: UAMYx24980@0.47 MXLx1198@9.80 DPKx302@38.75 IRMx574@20.44 GTIMx15859@0.74 

2010-10-06
Cash: 50.11
Held: DPKx302@38.97 UAMYx24980@0.47 GTIMx15859@0.80 MXLx1198@9.92 IRMx574@20.33 
Value: 59797.39
Sales: UAMYx24980@0.47 MXLx1198@9.92 DPKx302@38.97 IRMx574@20.33 GTIMx15859@0.80 
Purchases: VMWx154@77.38 SANDx16845@0.71 CVLTx468@25.52 TZOOx471@25.34 RHTx313@38.16 

2010-10-07
Cash: 101.23
Held: VMWx154@79.19 CVLTx468@25.59 TZOOx471@25.48 SANDx16845@0.73 RHTx313@38.66 
Value: 60673.05
Sales: VMWx154@79.19 SANDx16845@0.73 CVLTx468@25.59 TZOOx471@25.48 RHTx313@38.66 
Purchases: ACFCx7585@1.60 CAMPx4954@2.45 CKXx1225@9.90 SPEXx10739@1.13 AUMNx628@19.30 

2010-10-10
Cash: 28.74
Held: CAMPx4954@2.40 CKXx1225@9.99 SPEXx10739@1.02 AUMNx628@24.50 ACFCx7585@1.60 
Value: 62628.49
Sales: ACFCx7585@1.60 CAMPx4954@2.40 CKXx1225@9.99 SPEXx10739@1.02 AUMNx628@24.50 
Purchases: CYTXx176@70.94 MDXGx12404@1.01 TSNx843@14.84 KLICx2193@5.71 XTLBx62643@0.20 

2010-10-11
Cash: 55.45
Held: XTLBx62643@0.25 KLICx2193@5.86 TSNx843@14.84 MDXGx12404@1.01 CYTXx176@70.19 
Value: 65957.22
Sales: TSNx843@14.84 MDXGx12404@1.01 CYTXx176@70.19 KLICx2193@5.86 XTLBx62643@0.25 
Purchases: IDRAx4382@3.01 CBRx4229@3.12 VCELx8737@1.51 THRMx1349@9.77 SPEXx13882@0.95 

2010-10-12
Cash: 11.78
Held: VCELx8737@1.48 SPEXx13882@0.99 THRMx1349@10.13 CBRx4229@3.28 IDRAx4382@2.98 
Value: 67290.80
Sales: CBRx4229@3.28 IDRAx4382@2.98 VCELx8737@1.48 THRMx1349@10.13 SPEXx13882@0.99 
Purchases: KMGx961@13.99 GPNx347@38.75 RBCNx718@18.73 RVLTx6631@2.03 BOSCx1443@9.32 

2010-10-13
Cash: 41.30
Held: RVLTx6631@2.16 RBCNx718@19.80 GPNx347@38.59 KMGx961@14.15 BOSCx1443@9.28 
Value: 68960.97
Sales: KMGx961@14.15 GPNx347@38.59 BOSCx1443@9.28 RVLTx6631@2.16 RBCNx718@19.80 
Purchases: SSYx6929@1.99 DFFNx29346@0.47 BCLIx4178@3.30 CASHx663@20.80 MGMx1192@11.56 

2010-10-14
Cash: 17.39
Held: SSYx6929@1.93 CASHx663@18.95 DFFNx29346@0.52 MGMx1192@11.06 BCLIx4178@3.22 
Value: 67857.20
Sales: BCLIx4178@3.22 DFFNx29346@0.52 SSYx6929@1.93 CASHx663@18.95 MGMx1192@11.06 
Purchases: DVx325@41.72 BSRRx1245@10.90 APOLx370@36.59 OGENx2087@6.50 CECOx800@16.95 

2010-10-17
Cash: 62.37
Held: BSRRx1245@10.99 CECOx800@17.44 DVx325@43.75 APOLx370@37.28 OGENx2087@6.50 
Value: 69275.95
Sales: DVx325@43.75 BSRRx1245@10.99 APOLx370@37.28 OGENx2087@6.50 CECOx800@17.44 
Purchases: TGNAx1111@12.47 BDLx2279@6.08 MEGx1604@8.63 JASOx1543@8.98 INSYx47770@0.29 

2010-10-18
Cash: 18.09
Held: TGNAx1111@12.13 INSYx47770@0.29 JASOx1543@8.05 MEGx1604@7.98 BDLx2279@7.05 
Value: 68638.54
Sales: TGNAx1111@12.13 INSYx47770@0.29 MEGx1604@7.98 BDLx2279@7.05 JASOx1543@8.05 
Purchases: HRBx1265@10.85 VHIx685@20.02 CASHx1033@13.29 EBRx940@14.59 BOSCx1825@7.52 

2010-10-19
Cash: 31.74
Held: EBRx940@15.01 CASHx1033@13.85 VHIx685@20.66 BOSCx1825@6.84 HRBx1265@10.73 
Value: 68649.10
Sales: HRBx1265@10.73 VHIx685@20.66 CASHx1033@13.85 EBRx940@15.01 BOSCx1825@6.84 
Purchases: BXCx447@30.70 SVUx1344@10.21 FNSRx730@18.80 PCOx9531@1.44 SIFYx6864@2.00 

2010-10-20
Cash: 22.85
Held: PCOx9531@1.49 SIFYx6864@1.98 FNSRx730@18.44 SVUx1344@10.55 BXCx447@30.41 
Value: 69046.18
Sales: SVUx1344@10.55 FNSRx730@18.44 PCOx9531@1.49 BXCx447@30.41 SIFYx6864@1.98 
Purchases: MEGx2036@6.78 RBPAAx7847@1.76 GBRx4098@3.37 OKSBx1186@11.64 RTNBx24656@0.56 

2010-10-21
Cash: 9.35
Held: RBPAAx7847@1.76 OKSBx1186@11.54 MEGx2036@6.70 RTNBx24656@0.56 GBRx4098@3.30 
Value: 68478.57
Sales: MEGx2036@6.70 RBPAAx7847@1.76 GBRx4098@3.30 OKSBx1186@11.54 RTNBx24656@0.56 
Purchases: FHx6492@2.11 FNFx1071@12.78 CRUSx1036@13.22 PLCEx305@44.78 ACFCx9130@1.50 

2010-10-24
Cash: 47.88
Held: PLCEx305@44.44 FNFx1071@13.12 ACFCx9130@1.35 FHx6492@2.04 CRUSx1036@12.80 
Value: 66466.92
Sales: FHx6492@2.04 FNFx1071@13.12 CRUSx1036@12.80 PLCEx305@44.44 ACFCx9130@1.35 
Purchases: HMNFx4374@3.04 LIVEx1414@9.40 MCBCx7225@1.84 CONNx3651@3.64 RASx8054@1.65 

2010-10-25
Cash: 7.63
Held: LIVEx1414@9.19 CONNx3651@4.20 MCBCx7225@1.78 HMNFx4374@3.04 RASx8054@1.72 
Value: 68336.11
Sales: HMNFx4374@3.04 LIVEx1414@9.19 MCBCx7225@1.78 CONNx3651@4.20 RASx8054@1.72 
Purchases: CGAx1877@7.28 SNGXx71954@0.19 INVTx8184@1.67 CVBx1548@8.83 SRIx1319@10.36 

2010-10-26
Cash: 5.57
Held: CVBx1548@9.24 INVTx8184@1.88 SRIx1319@10.49 SNGXx71954@0.19 CGAx1877@7.75 
Value: 71750.43
Sales: CGAx1877@7.75 SRIx1319@10.49 INVTx8184@1.88 CVBx1548@9.24 SNGXx71954@0.19 
Purchases: CPLAx268@53.50 LOPEx769@18.64 UISx608@23.59 BXSx1140@12.58 BWL.Ax1290@11.12 

2010-10-27
Cash: 52.55
Held: BWL.Ax1290@11.12 UISx608@23.16 LOPEx769@18.61 CPLAx268@54.12 BXSx1140@12.84 
Value: 71930.71
Sales: CPLAx268@54.12 UISx608@23.16 BWL.Ax1290@11.12 BXSx1140@12.84 LOPEx769@18.61 
Purchases: CBMXx2@4972.00 KONAx4282@3.36 GTXIx5065@2.84 BXMTx9920@1.45 SOXSx612@23.50 

2010-10-28
Cash: 4450.12
Held: KONAx4282@3.34 GTXIx5065@2.80 BXMTx9920@1.46 SOXSx612@23.05 CBMXx2@5084.00 
Value: 71692.79
Sales: CBMXx2@5084.00 KONAx4282@3.34 GTXIx5065@2.80 BXMTx9920@1.46 SOXSx612@23.05 
Purchases: OCLRx1705@8.41 CDTIx170@84.25 GPREx1291@11.10 SRTx3515@4.08 NCIx1567@9.15 

2010-10-31
Cash: 35.30
Held: SRTx3515@4.24 GPREx1291@11.22 NCIx1567@8.90 CDTIx170@71.19 OCLRx1705@8.62 
Value: 70154.30
Sales: OCLRx1705@8.62 NCIx1567@8.90 CDTIx170@71.19 GPREx1291@11.22 SRTx3515@4.24 
Purchases: PIPx4067@3.45 NRx2618@5.36 EXASx2244@6.25 NUVAx545@25.73 AMAGx884@15.87 

2010-11-01
Cash: 18.65
Held: NRx2618@5.55 NUVAx545@24.86 PIPx4067@3.21 AMAGx884@16.02 EXASx2244@6.25 
Value: 69340.65
Sales: PIPx4067@3.21 NRx2618@5.55 EXASx2244@6.25 NUVAx545@24.86 AMAGx884@16.02 
Purchases: LIVEx2085@6.65 BIOPx26668@0.52 CDTIx213@65.00 XTLBx99047@0.14 MTSLx7111@1.95 

2010-11-02
Cash: 29.91
Held: XTLBx99047@0.16 LIVEx2085@6.46 MTSLx7111@1.90 CDTIx213@70.25 BIOPx26668@0.50 
Value: 71162.80
Sales: LIVEx2085@6.46 BIOPx26668@0.50 CDTIx213@70.25 MTSLx7111@1.90 XTLBx99047@0.16 
Purchases: SPRx747@19.03 BOSCx1976@7.20 BNCNx1607@8.85 BELx1257@11.32 CCURx2933@4.85 

2010-11-03
Cash: 37.07
Held: BELx1257@11.49 SPRx747@18.94 BNCNx1607@8.77 CCURx2933@4.79 BOSCx1976@7.12 
Value: 70845.58
Sales: SPRx747@18.94 BNCNx1607@8.77 BOSCx1976@7.12 BELx1257@11.49 CCURx2933@4.79 
Purchases: TGBx3002@4.72 HSNIx541@26.17 GIGAx6471@2.19 PWRx797@17.77 NANOx1127@12.57 

2010-11-04
Cash: 27.01
Held: HSNIx541@26.23 NANOx1127@12.74 GIGAx6471@2.34 PWRx797@17.84 TGBx3002@4.67 
Value: 71967.82
Sales: HSNIx541@26.23 PWRx797@17.84 TGBx3002@4.67 GIGAx6471@2.34 NANOx1127@12.74 
Purchases: DFFNx33478@0.43 KRAx496@28.97 INUVx42323@0.34 NSITx1101@13.07 ECHOx1209@11.90 

2010-11-07
Cash: 36.90
Held: INUVx42323@0.34 ECHOx1209@11.26 DFFNx33478@0.43 NSITx1101@13.46 KRAx496@28.88 
Value: 71576.88
Sales: DFFNx33478@0.43 KRAx496@28.88 INUVx42323@0.34 NSITx1101@13.46 ECHOx1209@11.26 
Purchases: PODDx1001@14.30 INSYx55057@0.26 SEMx2237@6.40 YRCWx3587@3.99 STSx6169@2.32 

2010-11-08
Cash: 10.07
Held: SEMx2237@6.28 STSx6169@2.32 PODDx1001@13.96 INSYx55057@0.26 YRCWx3587@3.77 
Value: 70186.80
Sales: INSYx55057@0.26 SEMx2237@6.28 PODDx1001@13.96 YRCWx3587@3.77 STSx6169@2.32 
Purchases: IESCx4081@3.44 PLABx2283@6.15 STMPx1068@13.13 NAVBx8111@1.73 LMIAx987@14.22 

2010-11-09
Cash: 17.93
Held: STMPx1068@13.99 IESCx4081@3.43 LMIAx987@14.43 NAVBx8111@1.73 PLABx2283@6.31 
Value: 71638.59
Sales: NAVBx8111@1.73 PLABx2283@6.31 STMPx1068@13.99 LMIAx987@14.43 IESCx4081@3.43 
Purchases: DFx1867@7.67 ENOCx560@25.55 GSSx3023@4.74 OGENx3581@4.00 INSx11644@1.23 

2010-11-10
Cash: 33.55
Held: INSx11644@1.18 ENOCx560@26.16 DFx1867@7.71 OGENx3581@4.00 GSSx3023@4.72 
Value: 71402.43
Sales: DFx1867@7.71 GSSx3023@4.72 ENOCx560@26.16 OGENx3581@4.00 INSx11644@1.18 
Purchases: BDSIx4874@2.93 IDSAx1197@11.93 AIZx401@35.56 MARKx2931@4.87 FCSCx34007@0.42 

2010-11-11
Cash: 25.28
Held: AIZx401@35.00 MARKx2931@4.78 FCSCx34007@0.45 BDSIx4874@3.09 IDSAx1197@11.39 
Value: 72070.09
Sales: FCSCx34007@0.45 BDSIx4874@3.09 MARKx2931@4.78 IDSAx1197@11.39 AIZx401@35.00 
Purchases: IMNPx33526@0.43 HPJx3993@3.61 SRDXx1654@8.71 ANWx1424@10.12 CSCOx715@20.16 

2010-11-14
Cash: 17.48
Held: HPJx3993@3.58 SRDXx1654@8.58 IMNPx33526@0.43 ANWx1424@9.55 CSCOx715@19.95 
Value: 70776.07
Sales: IMNPx33526@0.43 HPJx3993@3.58 SRDXx1654@8.58 CSCOx715@19.95 ANWx1424@9.55 
Purchases: TORMx1647@8.59 ESNCx24841@0.57 NXSTx3029@4.67 ASMx8231@1.72 BDDx830@17.05 

2010-11-15
Cash: 12.08
Held: ESNCx24841@0.57 TORMx1647@8.62 NXSTx3029@4.29 ASMx8231@1.56 BDDx830@15.00 
Value: 66637.98
Sales: TORMx1647@8.62 ESNCx24841@0.57 BDDx830@15.00 ASMx8231@1.56 NXSTx3029@4.29 
Purchases: MMYTx477@27.94 HRTXx23388@0.57 GNMKx3919@3.40 HCSGx842@15.82 WCNx515@25.84 

2010-11-16
Cash: 28.38
Held: WCNx515@25.91 MMYTx477@27.52 HCSGx842@15.65 GNMKx3919@3.40 HRTXx23388@0.59 
Value: 66792.43
Sales: HCSGx842@15.65 HRTXx23388@0.59 GNMKx3919@3.40 MMYTx477@27.52 WCNx515@25.91 
Purchases: CVVx2226@6.00 BDDx893@14.95 FFHLx7180@1.86 SSKNx5281@2.53 FNx810@16.48 

2010-11-17
Cash: 16.41
Held: CVVx2226@6.50 SSKNx5281@2.53 FFHLx7180@2.01 FNx810@16.53 BDDx893@16.00 
Value: 69951.05
Sales: CVVx2226@6.50 BDDx893@16.00 FFHLx7180@2.01 SSKNx5281@2.53 FNx810@16.53 
Purchases: CBMXx2@4952.00 SARx763@18.33 HAFCx14884@0.94 FBPx53806@0.26 JKSx568@24.59 

2010-11-18
Cash: 4113.27
Held: SARx763@18.39 JKSx568@26.06 HAFCx14884@0.92 FBPx53806@0.26 CBMXx2@4884.00 
Value: 70399.02
Sales: HAFCx14884@0.92 SARx763@18.39 CBMXx2@4884.00 FBPx53806@0.26 JKSx568@26.06 
Purchases: ZSLx1076@13.08 VCELx5865@2.40 YANGx808@17.42 LPTHx7908@1.78 ITUSx64007@0.22 

2010-11-21
Cash: 13.73
Held: ITUSx64007@0.25 VCELx5865@2.49 LPTHx7908@1.85 ZSLx1076@12.64 YANGx808@17.38 
Value: 72887.72
Sales: ZSLx1076@12.64 VCELx5865@2.49 YANGx808@17.38 LPTHx7908@1.85 ITUSx64007@0.25 
Purchases: SPWRx1186@12.29 HRTXx26514@0.55 LIVEx2127@6.85 CKXx1406@10.37 BALx240@60.62 

2010-11-22
Cash: 35.83
Held: SPWRx1186@12.08 CKXx1406@10.35 LIVEx2127@6.69 BALx240@56.25 HRTXx26514@0.55 
Value: 71224.93
Sales: SPWRx1186@12.08 LIVEx2127@6.69 HRTXx26514@0.55 CKXx1406@10.35 BALx240@56.25 
Purchases: ELTKx12499@1.14 NYNYx12829@1.11 XPOx5958@2.39 BWL.Ax1231@11.57 CONNx4315@3.30 

2010-11-23
Cash: 6.49
Held: BWL.Ax1231@11.57 CONNx4315@3.33 XPOx5958@2.32 NYNYx12829@1.08 ELTKx12499@1.20 
Value: 71300.82
Sales: NYNYx12829@1.08 ELTKx12499@1.20 XPOx5958@2.32 BWL.Ax1231@11.57 CONNx4315@3.33 
Purchases: SSKNx3637@3.92 CDTIx217@65.44 BRCDx2795@5.10 SPHSx30342@0.47 JACKx714@19.95 

2010-11-25
Cash: 78.88
Held: JACKx714@20.05 SSKNx3637@3.87 SPHSx30342@0.47 BRCDx2795@5.05 CDTIx217@76.06 
Value: 73346.76
Sales: BRCDx2795@5.05 CDTIx217@76.06 JACKx714@20.05 SPHSx30342@0.47 SSKNx3637@3.87 
Purchases: CVVx2306@6.36 FMBHx860@17.05 VRTBx9170@1.60 EVBSx4191@3.50 LPTHx8784@1.67 

2010-11-28
Cash: 16.22
Held: CVVx2306@6.80 VRTBx9170@1.65 LPTHx8784@1.67 EVBSx4191@3.70 FMBHx860@17.05 
Value: 75665.23
Sales: CVVx2306@6.80 EVBSx4191@3.70 VRTBx9170@1.65 LPTHx8784@1.67 FMBHx860@17.05 
Purchases: AIIIx11642@1.30 CYANx5252@2.88 MGAx313@48.28 GFEDx3518@4.30 SCIFx790@19.14 

2010-11-29
Cash: 39.36
Held: GFEDx3518@4.50 SCIFx790@19.30 MGAx313@47.62 CYANx5252@2.91 AIIIx11642@1.43 
Value: 77950.08
Sales: AIIIx11642@1.43 CYANx5252@2.91 MGAx313@47.62 GFEDx3518@4.50 SCIFx790@19.30 
Purchases: UNISx2871@5.43 HIHOx4709@3.31 MSONx6468@2.41 VBFCx8908@1.75 DHILx225@69.25 

2010-11-30
Cash: 12.94
Held: VBFCx8908@1.80 MSONx6468@2.35 HIHOx4709@3.37 UNISx2871@5.51 DHILx225@73.81 
Value: 79540.11
Sales: UNISx2871@5.51 HIHOx4709@3.37 MSONx6468@2.35 VBFCx8908@1.80 DHILx225@73.81 
Purchases: XBKSx33143@0.48 BGIx12826@1.24 ROSGx14862@1.07 SALMx4791@3.32 NNVCx12331@1.29 

2010-12-01
Cash: 2.80
Held: SALMx4791@3.36 BGIx12826@1.34 NNVCx12331@1.42 XBKSx33143@0.54 ROSGx14862@1.06 
Value: 84437.31
Sales: XBKSx33143@0.54 BGIx12826@1.34 ROSGx14862@1.06 SALMx4791@3.36 NNVCx12331@1.42 
Purchases: DFFNx37531@0.45 NNAx4078@4.14 IGCx30715@0.55 TROVx51162@0.33 CPHCx1669@10.12 

2010-12-02
Cash: 4.43
Held: CPHCx1669@10.42 DFFNx37531@0.45 IGCx30715@0.58 TROVx51162@0.33 NNAx4078@4.07 
Value: 85588.95
Sales: DFFNx37531@0.45 NNAx4078@4.07 IGCx30715@0.58 TROVx51162@0.33 CPHCx1669@10.42 
Purchases: FAZx1570@10.90 FANHx1019@16.80 KRx810@21.11 INSMx26339@0.65 CACBx2633@6.50 

2010-12-05
Cash: 31.51
Held: CACBx2633@6.60 FAZx1570@10.95 INSMx26339@0.64 KRx810@20.62 FANHx1019@16.98 
Value: 85483.72
Sales: FAZx1570@10.95 KRx810@20.62 FANHx1019@16.98 INSMx26339@0.64 CACBx2633@6.60 
Purchases: CDTIx231@73.75 LBx537@31.81 MITLx3090@5.53 OREXx3590@4.76 CPRXx17096@1.00 

2010-12-06
Cash: 82.03
Held: CPRXx17096@0.99 LBx537@31.44 OREXx3590@4.76 MITLx3090@5.45 CDTIx231@70.38 
Value: 84082.29
Sales: CDTIx231@70.38 OREXx3590@4.76 MITLx3090@5.45 LBx537@31.44 CPRXx17096@0.99 
Purchases: PTNx18686@0.90 INSx13246@1.27 XCRAx2313@7.27 AHPIx2061@8.16 VMOx1275@13.19 

2010-12-07
Cash: 11.99
Held: XCRAx2313@6.96 VMOx1275@13.10 PTNx18686@0.99 INSx13246@1.26 AHPIx2061@8.26 
Value: 85026.85
Sales: VMOx1275@13.10 INSx13246@1.26 XCRAx2313@6.96 AHPIx2061@8.26 PTNx18686@0.99 
Purchases: ABMDx1838@9.25 AXUx2153@7.90 GERNx3499@4.86 GSTx4068@4.18 TROVx65402@0.26 

2010-12-08
Cash: 8.94
Held: GERNx3499@4.72 AXUx2153@7.88 GSTx4068@4.24 TROVx65402@0.26 ABMDx1838@9.43 
Value: 85061.38
Sales: TROVx65402@0.26 ABMDx1838@9.43 GERNx3499@4.72 GSTx4068@4.24 AXUx2153@7.88 
Purchases: TRQx683@24.88 UNXLx47242@0.36 RLGTx18099@0.94 TLRDx726@23.42 GTIMx32111@0.53 

2010-12-09
Cash: 31.35
Held: TRQx683@23.94 RLGTx18099@0.99 GTIMx32111@0.58 UNXLx47242@5.25 TLRDx726@24.88 
Value: 319009.55
Sales: TRQx683@23.94 UNXLx47242@5.25 RLGTx18099@0.99 TLRDx726@24.88 GTIMx32111@0.58 
Purchases: DRAMx1991@32.03 OPHCx19870@3.21 CIVBx17058@3.74 LDOSx4216@15.13 MTSLx24917@2.56 

2010-12-12
Cash: 32.00
Held: DRAMx1991@32.41 LDOSx4216@15.39 CIVBx17058@3.71 OPHCx19870@2.40 MTSLx24917@2.28 
Value: 297229.90
Sales: DRAMx1991@32.41 LDOSx4216@15.39 CIVBx17058@3.71 OPHCx19870@2.40 MTSLx24917@2.28 
Purchases: DDCx4764@12.48 VCELx25300@2.35 CASIx10948@5.43 KINSx17644@3.37 STRMx39890@1.49 

2010-12-13
Cash: 11.65
Held: VCELx25300@2.25 CASIx10948@5.09 DDCx4764@11.98 STRMx39890@1.51 KINSx17644@3.03 
Value: 283390.07
Sales: DDCx4764@11.98 VCELx25300@2.25 CASIx10948@5.09 KINSx17644@3.03 STRMx39890@1.51 
Purchases: RESx2881@19.67 CYTKx4394@12.90 ROLx2949@19.22 PTIEx8626@6.57 USATPx4359@13.00 

2010-12-14
Cash: 21.05
Held: PTIEx8626@6.58 RESx2881@18.50 USATPx4359@13.00 CYTKx4394@12.60 ROLx2949@19.44 
Value: 279421.91
Sales: RESx2881@18.50 CYTKx4394@12.60 USATPx4359@13.00 PTIEx8626@6.58 ROLx2949@19.44 
Purchases: INVTx25165@2.22 RLIx1067@52.38 SQBGx508107@0.11 BBYx1619@34.50 APDNx17575@3.18 

2010-12-15
Cash: 30.96
Held: APDNx17575@3.54 BBYx1619@34.59 INVTx25165@2.31 RLIx1067@52.59 SQBGx508107@0.11 
Value: 288384.03
Sales: INVTx25165@2.31 RLIx1067@52.59 APDNx17575@3.54 BBYx1619@34.59 SQBGx508107@0.11 
Purchases: EOSx4790@12.04 MMACx480659@0.12 COYNx12817@4.50 INUVx12407@4.65 GLOWx115353@0.50 

2010-12-16
Cash: 14.03
Held: GLOWx115353@0.56 EOSx4790@12.00 INUVx12407@4.72 MMACx480659@0.12 COYNx12817@4.75 
Value: 299201.48
Sales: EOSx4790@12.00 MMACx480659@0.12 COYNx12817@4.75 INUVx12407@4.72 GLOWx115353@0.56 
Purchases: CRKx544@110.00 RGCx4644@12.88 MAx270@221.25 PKOHx2978@20.09 Vx894@66.88 

2010-12-19
Cash: 170.76
Held: PKOHx2978@19.92 MAx270@223.50 RGCx4644@12.54 Vx894@68.00 CRKx544@111.38 
Value: 299454.51
Sales: CRKx544@111.38 RGCx4644@12.54 MAx270@223.50 PKOHx2978@19.92 Vx894@68.00 
Purchases: PBIBx5975@10.02 FSBKx10014@5.98 DXRx6844@8.75 SAJAx70451@0.85 PNBKx30710@1.95 

2010-12-20
Cash: 10.33
Held: FSBKx10014@6.41 PBIBx5975@10.10 SAJAx70451@0.82 DXRx6844@9.44 PNBKx30710@1.91 
Value: 305567.05
Sales: PBIBx5975@10.10 FSBKx10014@6.41 SAJAx70451@0.82 PNBKx30710@1.91 DXRx6844@9.44 
Purchases: SGOCx12299@4.97 INVTx32341@1.89 CDTIx1173@52.06 CXEx13371@4.57 BIOLx42745@1.43 

2010-12-21
Cash: 52.32
Held: SGOCx12299@4.90 CXEx13371@4.67 INVTx32341@1.82 CDTIx1173@49.75 BIOLx42745@1.60 
Value: 308368.63
Sales: SGOCx12299@4.90 INVTx32341@1.82 CDTIx1173@49.75 CXEx13371@4.67 BIOLx42745@1.60 
Purchases: ORNx5505@11.20 STVx8506@7.25 CYRXx9886@6.24 SKXx3178@19.41 BASIx30073@2.05 

2010-12-22
Cash: 9.07
Held: ORNx5505@11.16 STVx8506@7.19 BASIx30073@1.70 CYRXx9886@6.60 SKXx3178@19.88 
Value: 302150.10
Sales: ORNx5505@11.16 STVx8506@7.19 CYRXx9886@6.60 SKXx3178@19.88 BASIx30073@1.70 
Purchases: EMKRx13132@4.60 ARNAx34921@1.73 CFFNx5212@11.59 LNNx977@61.81 BASIx35542@1.70 

2010-12-26
Cash: 46.90
Held: EMKRx13132@4.72 BASIx35542@2.18 LNNx977@60.00 ARNAx34921@1.79 CFFNx5212@11.72 
Value: 321692.06
Sales: EMKRx13132@4.72 ARNAx34921@1.79 LNNx977@60.00 CFFNx5212@11.72 BASIx35542@2.18 
Purchases: GDXJx1695@37.94 EMMSx22971@2.80 CKXx6593@9.76 CASCx3239@19.86 CURx2313@27.81 

2010-12-27
Cash: 63.16
Held: CKXx6593@9.82 CASCx3239@19.31 GDXJx1695@39.97 EMMSx22971@2.79 CURx2313@28.08 
Value: 324120.96
Sales: CURx2313@28.08 EMMSx22971@2.79 CKXx6593@9.82 CASCx3239@19.31 GDXJx1695@39.97 
Purchases: MNROx1840@35.22 RLOGx14405@4.50 BSFx54454@1.19 PSDVx12515@5.18 DRYSx7@8296.00 

2010-12-28
Cash: 6776.51
Held: MNROx1840@35.34 PSDVx12515@5.08 BSFx54454@1.34 DRYSx7@8192.00 RLOGx14405@4.46 
Value: 329925.40
Sales: MNROx1840@35.34 RLOGx14405@4.46 BSFx54454@1.34 PSDVx12515@5.08 DRYSx7@8192.00 
Purchases: ACADx62275@1.06 BORNx6174@10.69 VRMLx8614@7.66 PBPx3168@20.83 GLOWx109957@0.60 

2010-12-29
Cash: 3.01
Held: GLOWx109957@0.60 PBPx3168@20.88 ACADx62275@1.23 VRMLx8614@7.42 BORNx6174@10.66 
Value: 338471.11
Sales: VRMLx8614@7.42 BORNx6174@10.66 ACADx62275@1.23 PBPx3168@20.88 GLOWx109957@0.60 
Purchases: HRTXx141035@0.48 XPLx18146@3.73 GRRx3508@19.30 KGJIx15459@4.38 BTXx8030@8.43 

2010-12-30
Cash: 6.64
Held: XPLx18146@3.63 GRRx3508@19.69 BTXx8030@8.33 KGJIx15459@4.08 HRTXx141035@0.45 
Value: 328333.41
Sales: KGJIx15459@4.08 HRTXx141035@0.45 GRRx3508@19.69 BTXx8030@8.33 XPLx18146@3.63 
Purchases: QADBx6607@9.94 MEIPx67682@0.97 CVMx80098@0.82 PRPHx54713@1.20 BLINx9121@7.20 

2011-01-02
Cash: 13.62
Held: MEIPx67682@1.00 PRPHx54713@1.21 CVMx80098@0.83 QADBx6607@10.42 BLINx9121@7.05 
Value: 333551.32
Sales: QADBx6607@10.42 MEIPx67682@1.00 CVMx80098@0.83 PRPHx54713@1.21 BLINx9121@7.05 
Purchases: ETRMx20@3182.00 CDTIx1421@46.94 DTOx1255@53.12 NBNx4447@15.00 AGAx3768@17.70 

2011-01-03
Cash: 3130.88
Held: AGAx3768@18.44 NBNx4447@14.55 ETRMx20@3266.00 DTOx1255@55.75 CDTIx1421@43.44 
Value: 334304.27
Sales: ETRMx20@3266.00 CDTIx1421@43.44 DTOx1255@55.75 NBNx4447@14.55 AGAx3768@18.44 
Purchases: FCELx31844@2.10 EDAPx13509@4.95 BIOLx43415@1.54 NUROx113353@0.59 VRMLx9803@6.82 

2011-01-04
Cash: 4.43
Held: NUROx113353@0.54 FCELx31844@2.09 VRMLx9803@7.56 EDAPx13509@5.00 BIOLx43415@1.51 
Value: 334956.83
Sales: FCELx31844@2.09 EDAPx13509@5.00 BIOLx43415@1.51 NUROx113353@0.54 VRMLx9803@7.56 
Purchases: PIPx18929@3.54 GPLx26384@2.54 YTENx6107@10.97 EMXx23253@2.88 ELTKx49637@1.35 

2011-01-05
Cash: 9.96
Held: YTENx6107@10.56 EMXx23253@3.11 PIPx18929@3.43 GPLx26384@2.21 ELTKx49637@1.40 
Value: 329582.56
Sales: PIPx18929@3.43 GPLx26384@2.21 YTENx6107@10.56 EMXx23253@3.11 ELTKx49637@1.40 
Purchases: IIIx31105@2.12 NUROx124421@0.53 WSO.Bx1168@56.41 RTNBx80403@0.82 WSCIx13030@5.06 

2011-01-06
Cash: 37.99
Held: IIIx31105@2.14 NUROx124421@0.53 WSCIx13030@4.93 RTNBx80403@0.82 WSO.Bx1168@61.09 
Value: 334046.18
Sales: WSO.Bx1168@61.09 IIIx31105@2.14 WSCIx13030@4.93 NUROx124421@0.53 RTNBx80403@0.82 
Purchases: BTXx7984@8.37 SSYx37755@1.77 CRWSx15148@4.41 PEIXx77697@0.86 BASx4570@14.62 

2011-01-09
Cash: 19.51
Held: SSYx37755@1.88 BTXx7984@8.71 CRWSx15148@4.37 BASx4570@15.12 PEIXx77697@0.87 
Value: 343446.98
Sales: BASx4570@15.12 SSYx37755@1.88 BTXx7984@8.71 PEIXx77697@0.87 CRWSx15148@4.37 
Purchases: KGJIx20626@3.33 RNNx53652@1.28 MSTXx27475@2.50 XOMAx11865@5.79 KATEx11945@5.75 

2011-01-10
Cash: 13.09
Held: KATEx11945@5.78 MSTXx27475@2.49 XOMAx11865@5.72 KGJIx20626@3.25 RNNx53652@1.31 
Value: 342637.84
Sales: KGJIx20626@3.25 RNNx53652@1.31 MSTXx27475@2.49 KATEx11945@5.78 XOMAx11865@5.72 
Purchases: CPLAx1288@53.19 RAVEx35512@1.93 STRAx578@118.38 RBPAAx40305@1.70 UCBIx39158@1.75 

2011-01-11
Cash: 131.66
Held: RBPAAx40305@1.88 RAVEx35512@1.95 UCBIx39158@1.81 CPLAx1288@53.69 STRAx578@123.56 
Value: 356583.45
Sales: RAVEx35512@1.95 CPLAx1288@53.69 STRAx578@123.56 RBPAAx40305@1.88 UCBIx39158@1.81 
Purchases: INSYx264116@0.27 TCIx11748@6.07 TUESx16242@4.39 HSTMx10547@6.76 SQBGx1018703@0.07 

2011-01-12
Cash: 7.89
Held: TUESx16242@4.41 INSYx264116@0.30 SQBGx1018703@0.07 TCIx11748@6.07 HSTMx10547@6.80 
Value: 365243.89
Sales: INSYx264116@0.30 TCIx11748@6.07 TUESx16242@4.41 HSTMx10547@6.80 SQBGx1018703@0.07 
Purchases: EPVx5282@13.83 DPKx2335@31.28 VTNRx202852@0.36 WSO.Bx1254@58.22 GTIMx35619@2.05 

2011-01-13
Cash: 60.41
Held: DPKx2335@30.77 VTNRx202852@0.60 EPVx5282@13.52 GTIMx35619@2.00 WSO.Bx1254@58.12 
Value: 409186.70
Sales: EPVx5282@13.52 WSO.Bx1254@58.12 VTNRx202852@0.60 DPKx2335@30.77 GTIMx35619@2.00 
Purchases: GPLx36851@2.22 GTIMx40918@2.00 CDTIx1750@46.75 BPTHx209897@0.39 DLHCx190349@0.43 

2011-01-17
Cash: 28.73
Held: DLHCx190349@0.50 BPTHx209897@0.52 GTIMx40918@2.04 CDTIx1750@46.84 GPLx36851@2.22 
Value: 451599.82
Sales: GPLx36851@2.22 GTIMx40918@2.04 CDTIx1750@46.84 BPTHx209897@0.52 DLHCx190349@0.50 
Purchases: SORLx11549@7.82 NSYSx21251@4.25 KNDIx18177@4.97 CPFx2428@37.19 EMMSx20158@4.48 

2011-01-18
Cash: 40.78
Held: SORLx11549@7.88 KNDIx18177@4.99 CPFx2428@34.19 NSYSx21251@4.25 EMMSx20158@4.24 
Value: 440465.53
Sales: SORLx11549@7.88 NSYSx21251@4.25 EMMSx20158@4.24 CPFx2428@34.19 KNDIx18177@4.99 
Purchases: EGPTx1175@74.94 FHx48945@1.80 AKGx11666@7.55 MCZx101242@0.87 SPEXx112970@0.78 

2011-01-19
Cash: 50.38
Held: EGPTx1175@75.25 AKGx11666@7.51 SPEXx112970@0.54 FHx48945@1.80 MCZx101242@0.84 
Value: 410227.95
Sales: EGPTx1175@75.25 FHx48945@1.80 AKGx11666@7.51 MCZx101242@0.84 SPEXx112970@0.54 
Purchases: RDNx10397@7.89 CREEx1566@52.38 INUVx25474@3.22 MTGx8914@9.20 TESSx6307@13.01 

2011-01-20
Cash: 48.75
Held: CREEx1566@51.25 INUVx25474@3.12 RDNx10397@7.86 MTGx8914@9.07 TESSx6307@12.50 
Value: 401167.43
Sales: TESSx6307@12.50 RDNx10397@7.86 INUVx25474@3.12 CREEx1566@51.25 MTGx8914@9.07 
Purchases: MNKDx13925@5.76 VUZIx802530@0.10 AIGx1865@43.00 VISIx13372@6.00 FBPx14970@5.36 

2011-01-23
Cash: 45.24
Held: MNKDx13925@5.43 AIGx1865@41.94 FBPx14970@5.17 VISIx13372@6.09 VUZIx802530@0.11 
Value: 400989.98
Sales: MNKDx13925@5.43 VUZIx802530@0.11 AIGx1865@41.94 FBPx14970@5.17 VISIx13372@6.09 
Purchases: WITx5882@13.63 ACORx3399@23.59 VVUSx9332@8.59 EMMSx19277@4.16 SYNAx2865@27.98 

2011-01-24
Cash: 39.18
Held: ACORx3399@22.98 VVUSx9332@8.51 SYNAx2865@28.41 WITx5882@13.64 EMMSx19277@3.88 
Value: 393987.37
Sales: WITx5882@13.64 ACORx3399@22.98 VVUSx9332@8.51 EMMSx19277@3.88 SYNAx2865@28.41 
Purchases: WWEx6407@12.30 SGYPx16838@4.68 DARx6229@12.65 CPFx2508@31.41 CIG.Cx6796@11.59 

2011-01-25
Cash: 59.59
Held: CIG.Cx6796@12.74 WWEx6407@11.76 CPFx2508@31.20 SGYPx16838@4.15 DARx6229@12.93 
Value: 390635.66
Sales: WWEx6407@11.76 DARx6229@12.93 SGYPx16838@4.15 CPFx2508@31.20 CIG.Cx6796@12.74 
Purchases: TASRx18832@4.15 GENEx25527@3.06 DFFNx173634@0.45 SNFCAx52084@1.50 JKSx2934@26.62 

2011-01-26
Cash: 15.13
Held: TASRx18832@4.22 GENEx25527@2.99 JKSx2934@27.20 DFFNx173634@0.48 SNFCAx52084@1.62 
Value: 403331.42
Sales: SNFCAx52084@1.62 TASRx18832@4.22 GENEx25527@2.99 DFFNx173634@0.48 JKSx2934@27.20 
Purchases: SEVx10811@7.46 CFRx1376@58.59 CRVPx100857@0.80 SGYPx21223@3.80 GTIMx24294@3.32 

2011-01-27
Cash: 52.67
Held: CRVPx100857@0.78 SEVx10811@7.48 CFRx1376@58.22 GTIMx24294@2.93 SGYPx21223@4.55 
Value: 407434.87
Sales: CRVPx100857@0.78 GTIMx24294@2.93 CFRx1376@58.22 SGYPx21223@4.55 SEVx10811@7.48 
Purchases: GHLx1125@72.38 QTMx29526@2.76 XTNTx15827@5.15 CPHCx6149@13.25 COHUx5384@15.13 

2011-01-30
Cash: 94.52
Held: CPHCx6149@13.50 COHUx5384@14.94 XTNTx15827@5.60 GHLx1125@69.44 QTMx29526@2.69 
Value: 409711.43
Sales: GHLx1125@69.44 QTMx29526@2.69 XTNTx15827@5.60 CPHCx6149@13.50 COHUx5384@14.94 
Purchases: INFNx11164@7.34 ARNAx51859@1.58 BSFx39767@2.06 CMCOx4855@16.88 Fx5136@15.95 

2011-01-31
Cash: 23.00
Held: BSFx39767@2.02 Fx5136@15.89 INFNx11164@7.75 ARNAx51859@1.68 CMCOx4855@17.27 
Value: 419400.48
Sales: INFNx11164@7.75 BSFx39767@2.02 ARNAx51859@1.68 CMCOx4855@17.27 Fx5136@15.89 
Purchases: SVBIx17042@4.92 CHKEx5265@15.93 REIx46605@1.80 OTIVx24968@3.36 CDTIx2549@32.91 

2011-02-01
Cash: 17.28
Held: CHKEx5265@16.45 REIx46605@1.80 OTIVx24968@3.13 CDTIx2549@37.19 SVBIx17042@5.20 
Value: 432090.20
Sales: CDTIx2549@37.19 CHKEx5265@16.45 REIx46605@1.80 OTIVx24968@3.13 SVBIx17042@5.20 
Purchases: OPHCx28619@3.02 PFBCx56871@1.52 PRXLx4193@20.61 IDXx3261@26.50 TCIx20093@4.30 

2011-02-02
Cash: 9.76
Held: PFBCx56871@1.50 PRXLx4193@20.34 TCIx20093@5.10 OPHCx28619@2.57 IDXx3261@26.59 
Value: 433405.29
Sales: PRXLx4193@20.34 TCIx20093@5.10 OPHCx28619@2.57 IDXx3261@26.59 PFBCx56871@1.50 
Purchases: TCCOx8069@10.74 ACLSx8304@10.44 XTLBx228178@0.38 IVACx6899@12.56 KTCCx18647@4.65 

2011-02-03
Cash: 24.58
Held: ACLSx8304@11.12 XTLBx228178@0.38 IVACx6899@12.48 TCCOx8069@10.73 KTCCx18647@4.69 
Value: 439131.70
Sales: KTCCx18647@4.69 TCCOx8069@10.73 ACLSx8304@11.12 IVACx6899@12.48 XTLBx228178@0.38 
Purchases: LRADx43071@2.04 AMPx1511@58.09 BORNx6854@12.81 IKGHx8452@10.39 OSBCx79097@1.11 

2011-02-06
Cash: 63.66
Held: IKGHx8452@10.11 AMPx1511@58.69 OSBCx79097@1.10 LRADx43071@2.01 BORNx6854@12.72 
Value: 434897.64
Sales: IKGHx8452@10.11 OSBCx79097@1.10 BORNx6854@12.72 LRADx43071@2.01 AMPx1511@58.69 
Purchases: CBPOx5452@15.95 SYUTx7548@11.52 EVBSx23700@3.67 TTNPx58366@1.49 OSBCx79100@1.10 

2011-02-07
Cash: 7.03
Held: CBPOx5452@16.14 SYUTx7548@11.46 TTNPx58366@1.46 EVBSx23700@3.89 OSBCx79100@1.11 
Value: 439761.58
Sales: CBPOx5452@16.14 OSBCx79100@1.11 EVBSx23700@3.89 TTNPx58366@1.46 SYUTx7548@11.46 
Purchases: MPETx37588@2.34 TRRx25129@3.50 GIGAx37588@2.34 ALIMx9971@8.82 VNDAx11982@7.34 

2011-02-08
Cash: 16.64
Held: GIGAx37588@2.35 MPETx37588@2.36 ALIMx9971@8.50 TRRx25129@3.87 VNDAx11982@6.99 
Value: 442732.66
Sales: MPETx37588@2.36 TRRx25129@3.87 GIGAx37588@2.35 ALIMx9971@8.50 VNDAx11982@6.99 
Purchases: OPXAx46593@1.90 MNIx20551@4.31 TEUMx35280@2.51 OREXx25744@3.44 MEETx7378@12.00 

2011-02-09
Cash: 16.04
Held: OPXAx46593@2.03 TEUMx35280@2.55 MEETx7378@10.75 MNIx20551@4.27 OREXx25744@3.23 
Value: 434780.46
Sales: OPXAx46593@2.03 MEETx7378@10.75 TEUMx35280@2.55 OREXx25744@3.23 MNIx20551@4.27 
Purchases: HVT.Ax8318@10.45 USNAx2543@34.19 OGENx24844@3.50 CSCx1808@48.09 SWIRx7676@11.33 

2011-02-10
Cash: 30.36
Held: USNAx2543@33.94 SWIRx7676@11.14 CSCx1808@47.91 OGENx24844@3.99 HVT.Ax8318@10.72 
Value: 446755.31
Sales: HVT.Ax8318@10.72 OGENx24844@3.99 USNAx2543@33.94 CSCx1808@47.91 SWIRx7676@11.14 
Purchases: SSYx58388@1.53 ITICx2922@30.58 CSCOx4777@18.70 IBIOx22015@4.06 SGYPx27069@3.30 

2011-02-13
Cash: 12.80
Held: SSYx58388@1.51 ITICx2922@31.27 IBIOx22015@4.20 CSCOx4777@18.81 SGYPx27069@3.15 
Value: 447114.19
Sales: CSCOx4777@18.81 ITICx2922@31.27 SSYx58388@1.51 IBIOx22015@4.20 SGYPx27069@3.15 
Purchases: MNKDx25692@3.48 FNCXx47322@1.89 ZIXIx21802@4.10 XTNTx20549@4.35 TCIx23527@3.80 

