2010-02-28
Cash: 10000.00
Held: 
Value: 10000.00
Sales: 
Purchases: KEQUx146@13.68 RMTIx339@5.90 ATHNx55@35.88 FCNx54@36.66 WTWx80@24.81 

2010-03-01
Cash: 65.63
Held: RMTIx339@6.21 WTWx80@24.70 FCNx54@36.91 KEQUx146@13.92 ATHNx55@37.19 
Value: 10218.23
Sales: ATHNx55@37.19 RMTIx339@6.21 KEQUx146@13.92 FCNx54@36.91 WTWx80@24.70 
Purchases: CYANx532@3.84 MGx182@11.17 AWIx59@34.12 SGMSx132@15.46 GTWNx444@4.60 

2010-03-02
Cash: 44.84
Held: AWIx59@33.66 MGx182@10.88 SGMSx132@14.42 GTWNx444@4.60 CYANx532@3.92 
Value: 10043.41
Sales: CYANx532@3.92 MGx182@10.88 SGMSx132@14.42 AWIx59@33.66 GTWNx444@4.60 
Purchases: CYRXx76@26.41 SPLSx89@22.56 GEOx110@18.23 NTRIx129@15.51 DLx341@5.88 

2010-03-03
Cash: 17.48
Held: DLx341@5.98 GEOx110@18.89 NTRIx129@15.77 CYRXx76@27.12 SPLSx89@22.95 
Value: 10273.89
Sales: DLx341@5.98 CYRXx76@27.12 GEOx110@18.89 NTRIx129@15.77 SPLSx89@22.95 
Purchases: CGNTx414@4.96 CLFDx716@2.87 VISNx405@5.07 BXMTx1457@1.41 FDPx106@19.25 

2010-03-04
Cash: 17.18
Held: CLFDx716@2.88 FDPx106@20.16 BXMTx1457@1.28 CGNTx414@5.00 VISNx405@4.90 
Value: 10135.67
Sales: FDPx106@20.16 VISNx405@4.90 CLFDx716@2.88 CGNTx414@5.00 BXMTx1457@1.28 
Purchases: AXDXx2855@0.71 JNPx1778@1.14 MEIx186@10.85 INVTx451@4.49 MITKx3119@0.65 

2010-03-07
Cash: 12.78
Held: JNPx1778@1.06 AXDXx2855@0.73 INVTx451@4.77 MEIx186@10.03 MITKx3119@0.70 
Value: 10181.57
Sales: AXDXx2855@0.73 JNPx1778@1.06 MEIx186@10.03 INVTx451@4.77 MITKx3119@0.70 
Purchases: EDZx8@238.50 MENTx253@8.02 RWCx537@3.79 WSO.Bx38@52.94 BOOMx127@15.95 

2010-03-08
Cash: 171.25
Held: EDZx8@234.75 RWCx537@3.82 MENTx253@8.09 BOOMx127@15.83 WSO.Bx38@57.53 
Value: 10344.83
Sales: EDZx8@234.75 MENTx253@8.09 RWCx537@3.82 WSO.Bx38@57.53 BOOMx127@15.83 
Purchases: NEOx1579@1.31 YGEx170@12.12 CHNRx167@12.35 LXRXx1309@1.58 AMNx250@8.25 

2010-03-09
Cash: 23.56
Held: LXRXx1309@1.64 YGEx170@12.48 CHNRx167@12.03 AMNx250@8.47 NEOx1579@1.31 
Value: 10485.10
Sales: CHNRx167@12.03 YGEx170@12.48 NEOx1579@1.31 LXRXx1309@1.64 AMNx250@8.47 
Purchases: TEARx751@2.79 MLNKx218@9.61 TZOOx153@13.68 MASIx78@26.73 CLSNx111@18.77 

2010-03-10
Cash: 34.41
Held: MASIx78@26.59 CLSNx111@18.69 MLNKx218@9.43 TZOOx153@14.43 TEARx751@3.44 
Value: 11029.48
Sales: TEARx751@3.44 MLNKx218@9.43 TZOOx153@14.43 CLSNx111@18.69 MASIx78@26.59 
Purchases: NYNYx1219@1.81 DITx38@57.75 QCRHx248@8.87 GNVCx799@2.76 HMNYx2101@1.05 

2010-03-11
Cash: 19.36
Held: DITx38@58.72 QCRHx248@8.85 HMNYx2101@1.08 GNVCx799@2.85 NYNYx1219@1.82 
Value: 11210.90
Sales: DITx38@58.72 NYNYx1219@1.82 QCRHx248@8.85 GNVCx799@2.85 HMNYx2101@1.08 
Purchases: WGx173@12.90 MSNx583@3.84 DRWIx9@231.25 ERHx181@12.36 MTEXx617@3.63 

2010-03-14
Cash: 182.30
Held: ERHx181@12.27 WGx173@12.47 DRWIx9@239.00 MTEXx617@3.59 MSNx583@3.77 
Value: 11124.46
Sales: WGx173@12.47 MTEXx617@3.59 DRWIx9@239.00 ERHx181@12.27 MSNx583@3.77 
Purchases: BWENx54@41.09 ATVx62@35.81 HHx2418@0.92 CYTXx28@78.75 WILCx367@6.05 

2010-03-15
Cash: 35.02
Held: HHx2418@0.96 WILCx367@6.06 ATVx62@35.34 BWENx54@42.19 CYTXx28@76.94 
Value: 11203.39
Sales: ATVx62@35.34 BWENx54@42.19 HHx2418@0.96 CYTXx28@76.94 WILCx367@6.06 
Purchases: MNKDx295@7.59 TEARx732@3.06 IPCIx704@3.18 CYTXx29@76.94 STRLx139@16.05 

2010-03-16
Cash: 23.87
Held: MNKDx295@7.49 STRLx139@17.55 IPCIx704@3.14 CYTXx29@72.31 TEARx732@2.87 
Value: 11080.20
Sales: MNKDx295@7.49 CYTXx29@72.31 IPCIx704@3.14 TEARx732@2.87 STRLx139@17.55 
Purchases: DSWx173@12.77 INVTx677@3.27 LINKx8864@0.25 MOVx199@11.11 ORRFx67@32.69 

2010-03-17
Cash: 40.09
Held: MOVx199@11.39 INVTx677@3.26 DSWx173@13.20 LINKx8864@0.25 ORRFx67@32.16 
Value: 11168.30
Sales: DSWx173@13.20 INVTx677@3.26 LINKx8864@0.25 MOVx199@11.39 ORRFx67@32.16 
Purchases: PRKRx1145@1.95 INVTx685@3.26 UVEx422@5.28 CONNx363@6.15 GLOWx3988@0.56 

2010-03-18
Cash: 8.30
Held: GLOWx3988@0.58 CONNx363@6.07 INVTx685@3.26 UVEx422@5.17 PRKRx1145@1.84 
Value: 11047.27
Sales: PRKRx1145@1.84 INVTx685@3.26 UVEx422@5.17 CONNx363@6.07 GLOWx3988@0.58 
Purchases: CAIx200@11.01 WPCSx717@3.08 MGICx866@2.55 CRAIx98@22.48 BKJx169@13.00 

2010-03-21
Cash: 27.84
Held: WPCSx717@3.06 MGICx866@2.59 CAIx200@11.81 BKJx169@14.01 CRAIx98@22.12 
Value: 11363.13
Sales: CAIx200@11.81 WPCSx717@3.06 MGICx866@2.59 CRAIx98@22.12 BKJx169@14.01 
Purchases: SGAx106@21.38 SPWRx124@18.20 HRTXx2144@1.06 SALMx581@3.91 OESXx451@5.03 

2010-03-22
Cash: 27.58
Held: SPWRx124@18.47 SGAx106@21.05 SALMx581@3.97 OESXx451@5.17 HRTXx2144@1.11 
Value: 11568.76
Sales: SGAx106@21.05 SPWRx124@18.47 HRTXx2144@1.11 SALMx581@3.97 OESXx451@5.17 
Purchases: UNTYx462@5.00 INVTx809@2.86 CGNTx476@4.85 VHCx453@5.10 MARKx1595@1.45 

2010-03-23
Cash: 12.11
Held: INVTx809@2.91 VHCx453@5.43 CGNTx476@5.05 UNTYx462@5.10 MARKx1595@1.49 
Value: 11964.10
Sales: UNTYx462@5.10 INVTx809@2.91 CGNTx476@5.05 VHCx453@5.43 MARKx1595@1.49 
Purchases: FBCx2814@0.85 GALEx417@5.73 SCSx361@6.62 CASCx116@20.52 MNDOx1424@1.68 

2010-03-24
Cash: 20.41
Held: MNDOx1424@1.77 GALEx417@5.73 SCSx361@6.51 CASCx116@21.06 FBCx2814@0.72 
Value: 11750.50
Sales: FBCx2814@0.72 GALEx417@5.73 CASCx116@21.06 SCSx361@6.51 MNDOx1424@1.77 
Purchases: CORTx870@2.70 JBLx142@16.44 XRAx365@6.43 PLBCx1031@2.28 MGHx2137@1.10 

2010-03-25
Cash: 21.39
Held: PLBCx1031@2.28 XRAx365@6.39 CORTx870@2.81 MGHx2137@1.13 JBLx142@16.38 
Value: 11888.91
Sales: CORTx870@2.81 MGHx2137@1.13 XRAx365@6.39 PLBCx1031@2.28 JBLx142@16.38 
Purchases: KEGx254@9.33 PERIx381@6.23 SSKNx336@7.07 MTSLx1574@1.51 OIBR.Cx270@8.80 

2010-03-28
Cash: 18.61
Held: PERIx381@6.23 SSKNx336@7.48 OIBR.Cx270@8.90 KEGx254@9.40 MTSLx1574@1.51 
Value: 12072.01
Sales: KEGx254@9.40 PERIx381@6.23 SSKNx336@7.48 MTSLx1574@1.51 OIBR.Cx270@8.90 
Purchases: MNTXx981@2.46 NAVBx1620@1.49 APDNx596@4.05 VHCx463@5.21 CRVPx3448@0.70 

2010-03-29
Cash: 2.44
Held: APDNx596@4.08 CRVPx3448@0.70 VHCx463@5.16 MNTXx981@2.49 NAVBx1620@1.65 
Value: 12352.99
Sales: CRVPx3448@0.70 NAVBx1620@1.65 APDNx596@4.08 VHCx463@5.16 MNTXx981@2.49 
Purchases: PLUGx3922@0.63 VIRCx703@3.51 ABIOx10@233.12 PEIXx2225@1.11 BOMx162@15.21 

2010-03-30
Cash: 149.27
Held: BOMx162@15.01 PLUGx3922@0.69 VIRCx703@3.81 ABIOx10@228.88 PEIXx2225@1.11 
Value: 12724.58
Sales: PLUGx3922@0.69 PEIXx2225@1.11 BOMx162@15.01 VIRCx703@3.81 ABIOx10@228.88 
Purchases: OXMx125@20.33 GNVCx3263@0.78 SSNx5784@0.44 FONRx1332@1.91 JXSBx191@13.30 

2010-03-31
Cash: 10.47
Held: SSNx5784@0.48 OXMx125@20.84 FONRx1332@1.73 JXSBx191@13.04 GNVCx3263@0.73 
Value: 12569.52
Sales: OXMx125@20.84 GNVCx3263@0.73 SSNx5784@0.48 FONRx1332@1.73 JXSBx191@13.04 
Purchases: SORLx272@9.21 FACx1244@2.02 RADx1686@1.49 GRBKx863@2.91 HMNYx2061@1.22 

2010-04-04
Cash: 13.99
Held: GRBKx863@3.14 SORLx272@9.72 FACx1244@2.12 HMNYx2061@1.14 RADx1686@1.44 
Value: 12781.44
Sales: SORLx272@9.72 FACx1244@2.12 GRBKx863@3.14 RADx1686@1.44 HMNYx2061@1.14 
Purchases: IFONx3993@0.64 FORTYx183@13.91 SYNx1715@1.49 VBFCx906@2.82 SQBGx13458@0.19 

2010-04-05
Cash: 13.34
Held: VBFCx906@3.06 IFONx3993@0.68 SYNx1715@1.55 SQBGx13458@0.19 FORTYx183@13.99 
Value: 13276.86
Sales: SQBGx13458@0.19 IFONx3993@0.68 FORTYx183@13.99 VBFCx906@3.06 SYNx1715@1.55 
Purchases: OHAIx350@7.58 NSLx354@7.50 ERYx47@56.16 NUROx1580@1.68 TCIx246@10.76 

2010-04-06
Cash: 29.84
Held: NUROx1580@1.72 ERYx47@57.47 NSLx354@7.45 TCIx246@10.96 OHAIx350@7.52 
Value: 13413.29
Sales: OHAIx350@7.52 NSLx354@7.45 ERYx47@57.47 NUROx1580@1.72 TCIx246@10.96 
Purchases: UNISx389@6.89 FHCOx433@6.19 ALGNx147@18.17 ADKx491@5.46 CIVBx597@4.49 

2010-04-07
Cash: 19.87
Held: ADKx491@5.35 FHCOx433@6.23 CIVBx597@4.54 UNISx389@6.72 ALGNx147@17.48 
Value: 13238.90
Sales: ALGNx147@17.48 CIVBx597@4.54 FHCOx433@6.23 ADKx491@5.35 UNISx389@6.72 
Purchases: GIGx835@3.17 HUSAx192@13.77 TBIOx3729@0.71 OPHCx3310@0.80 CPRXx3729@0.71 

2010-04-08
Cash: 5.27
Held: CPRXx3729@0.80 HUSAx192@14.20 GIGx835@3.20 OPHCx3310@0.80 TBIOx3729@0.70 
Value: 13644.47
Sales: GIGx835@3.20 HUSAx192@14.20 OPHCx3310@0.80 TBIOx3729@0.70 CPRXx3729@0.80 
Purchases: APOGx198@13.76 ZUMZx134@20.25 GTTx2599@1.05 ANTHx48@55.91 PRPHx1435@1.90 

2010-04-11
Cash: 67.92
Held: PRPHx1435@2.03 ANTHx48@53.59 ZUMZx134@20.02 APOGx198@13.89 GTTx2599@1.05 
Value: 13713.34
Sales: APOGx198@13.89 ZUMZx134@20.02 GTTx2599@1.05 ANTHx48@53.59 PRPHx1435@2.03 
Purchases: SILCx281@9.73 OPXAx1147@2.39 FBPx1055@2.60 JXSBx233@11.73 DFBGx997@2.75 

2010-04-12
Cash: 21.50
Held: OPXAx1147@2.88 SILCx281@9.66 FBPx1055@2.97 JXSBx233@11.73 DFBGx997@2.64 
Value: 14538.34
Sales: OPXAx1147@2.88 DFBGx997@2.64 SILCx281@9.66 JXSBx233@11.73 FBPx1055@2.97 
Purchases: CPSSx1900@1.53 UNXLx14541@0.20 LTBRx439@6.61 WGBSx1201@2.42 FCSCx3546@0.82 

2010-04-13
Cash: 8.39
Held: LTBRx439@6.77 WGBSx1201@2.50 UNXLx14541@0.20 FCSCx3546@0.83 CPSSx1900@1.62 
Value: 14911.89
Sales: LTBRx439@6.77 UNXLx14541@0.20 WGBSx1201@2.50 CPSSx1900@1.62 FCSCx3546@0.83 
Purchases: ARLx289@10.30 VHIx108@27.48 CPEx436@6.84 PKDx579@5.15 DRVx102@29.16 

2010-04-14
Cash: 30.72
Held: DRVx102@31.52 VHIx108@27.59 CPEx436@6.51 PKDx579@5.15 ARLx289@10.28 
Value: 15016.78
Sales: ARLx289@10.28 VHIx108@27.59 CPEx436@6.51 PKDx579@5.15 DRVx102@31.52 
Purchases: SOXSx108@27.69 SSGx220@13.64 USATx2658@1.13 SSYx1146@2.62 CETCx13@229.75 

2010-04-15
Cash: 34.08
Held: SSYx1146@2.75 USATx2658@1.17 SSGx220@13.98 SOXSx108@28.69 CETCx13@234.75 
Value: 15520.07
Sales: SOXSx108@28.69 SSGx220@13.98 CETCx13@234.75 SSYx1146@2.75 USATx2658@1.17 
Purchases: OPXAx1310@2.37 MMACx10011@0.31 PRIx136@22.78 FCCYx373@8.31 IDSAx187@16.56 

2010-04-18
Cash: 16.50
Held: OPXAx1310@2.33 PRIx136@23.30 MMACx10011@0.25 IDSAx187@16.38 FCCYx373@8.00 
Value: 14786.15
Sales: OPXAx1310@2.33 MMACx10011@0.25 PRIx136@23.30 FCCYx373@8.00 IDSAx187@16.38 
Purchases: FANHx116@25.47 DBx40@73.56 MSTXx14789@0.20 ARLx315@9.37 AEZSx4@732.00 

2010-04-19
Cash: 53.54
Held: DBx40@74.75 MSTXx14789@0.19 FANHx116@27.39 ARLx315@9.38 AEZSx4@744.00 
Value: 14961.48
Sales: MSTXx14789@0.19 AEZSx4@744.00 DBx40@74.75 ARLx315@9.38 FANHx116@27.39 
Purchases: LTSx2249@1.33 LNGx673@4.44 MLPx554@5.40 EGYx537@5.57 MERCx572@5.23 

2010-04-20
Cash: 7.25
Held: LNGx673@4.55 MERCx572@5.28 MLPx554@5.50 LTSx2249@1.28 EGYx537@5.32 
Value: 14874.14
Sales: LTSx2249@1.28 EGYx537@5.32 LNGx673@4.55 MERCx572@5.28 MLPx554@5.50 
Purchases: ATAXx558@5.33 ACURx100@29.50 BDSIx835@3.56 CYCCx14@199.88 PRANx1699@1.75 

2010-04-21
Cash: 206.49
Held: ATAXx558@5.40 ACURx100@29.50 BDSIx835@3.61 CYCCx14@205.75 PRANx1699@1.72 
Value: 14984.96
Sales: ATAXx558@5.40 ACURx100@29.50 BDSIx835@3.61 CYCCx14@205.75 PRANx1699@1.72 
Purchases: GILDx73@40.59 PRANx1742@1.72 IINx790@3.79 PJCx77@38.59 OGENx4914@0.61 

2010-04-22
Cash: 63.91
Held: IINx790@3.85 PJCx77@38.84 GILDx73@41.66 OGENx4914@0.66 PRANx1742@1.66 
Value: 15272.97
Sales: GILDx73@41.66 PRANx1742@1.66 IINx790@3.85 PJCx77@38.84 OGENx4914@0.66 
Purchases: SOXSx112@27.20 VALUx134@22.72 BAXx61@49.31 CAPRx4362@0.70 NOKx239@12.76 

2010-04-25
Cash: 70.48
Held: CAPRx4362@0.72 BAXx61@47.59 VALUx134@21.86 SOXSx112@27.30 NOKx239@12.45 
Value: 15077.98
Sales: SOXSx112@27.30 VALUx134@21.86 BAXx61@47.59 CAPRx4362@0.72 NOKx239@12.45 
Purchases: ACURx153@19.66 TASRx632@4.77 ASTCx992@3.04 NCRx210@14.30 PXLWx667@4.52 

2010-04-26
Cash: 24.61
Held: TASRx632@4.95 ASTCx992@3.00 PXLWx667@4.44 NCRx210@13.75 ACURx153@18.75 
Value: 14847.18
Sales: ACURx153@18.75 TASRx632@4.95 ASTCx992@3.00 NCRx210@13.75 PXLWx667@4.44 
Purchases: WTFCx75@39.44 FMBIx191@15.52 PVTBx202@14.64 CPFx50@58.81 BANRx71@41.38 

2010-04-27
Cash: 88.74
Held: WTFCx75@37.94 PVTBx202@14.47 CPFx50@60.81 FMBIx191@15.56 BANRx71@40.81 
Value: 14767.49
Sales: WTFCx75@37.94 FMBIx191@15.56 PVTBx202@14.47 CPFx50@60.81 BANRx71@40.81 
Purchases: ODPx429@6.87 HEI.Ax88@33.47 SAHx270@10.93 HEIx68@43.25 FORMx188@15.69 

2010-04-28
Cash: 33.27
Held: FORMx188@15.71 HEI.Ax88@34.50 HEIx68@44.72 ODPx429@7.04 SAHx270@11.00 
Value: 15053.56
Sales: HEI.Ax88@34.50 ODPx429@7.04 SAHx270@11.00 HEIx68@44.72 FORMx188@15.71 
Purchases: XBKSx1338@2.25 LARKx189@15.85 EEFTx185@16.20 FBCx4560@0.66 JBLUx530@5.68 

2010-04-29
Cash: 28.99
Held: JBLUx530@5.59 EEFTx185@15.93 LARKx189@16.02 FBCx4560@0.64 XBKSx1338@2.89 
Value: 15752.23
Sales: EEFTx185@15.93 JBLUx530@5.59 FBCx4560@0.64 LARKx189@16.02 XBKSx1338@2.89 
Purchases: GECx1412@2.23 HARx79@39.47 TISx212@14.81 CECOx107@29.27 STCx276@11.38 

2010-05-02
Cash: 71.45
Held: CECOx107@30.23 STCx276@11.82 HARx79@40.72 TISx212@14.59 GECx1412@2.31 
Value: 16142.08
Sales: GECx1412@2.31 HARx79@40.72 TISx212@14.59 CECOx107@30.23 STCx276@11.82 
Purchases: RIOx67@47.91 BIOPx856@3.77 FSSx401@8.04 ATHNx112@28.75 PDEXx4610@0.70 

2010-05-03
Cash: 34.08
Held: PDEXx4610@0.76 RIOx67@48.03 FSSx401@7.37 ATHNx112@28.61 BIOPx856@3.84 
Value: 16201.66
Sales: RIOx67@48.03 BIOPx856@3.84 FSSx401@7.37 ATHNx112@28.61 PDEXx4610@0.76 
Purchases: MBTx148@21.89 AGYSx367@8.81 MSTXx1204@2.69 MAYSx206@15.71 SHOOx87@37.06 

2010-05-04
Cash: 28.67
Held: SHOOx87@35.16 AGYSx367@8.60 MSTXx1204@2.56 MAYSx206@14.89 MBTx148@20.98 
Value: 15500.09
Sales: AGYSx367@8.60 MBTx148@20.98 MSTXx1204@2.56 MAYSx206@14.89 SHOOx87@35.16 
Purchases: MERCx633@4.89 DINx84@36.62 WLKx131@23.62 GBLIx376@8.24 BZHx110@28.00 

2010-05-05
Cash: 53.89
Held: GBLIx376@7.95 MERCx633@4.29 DINx84@35.62 BZHx110@26.25 WLKx131@22.53 
Value: 14589.36
Sales: WLKx131@22.53 DINx84@35.62 MERCx633@4.29 GBLIx376@7.95 BZHx110@26.25 
Purchases: TECLx84@34.53 FASx103@28.17 MIDUx80@36.06 MYGNx166@17.55 MTSLx1577@1.85 

2010-05-06
Cash: 72.42
Held: MYGNx166@17.50 FASx103@27.06 MIDUx80@33.66 MTSLx1577@1.83 TECLx84@32.00 
Value: 14031.39
Sales: TECLx84@32.00 FASx103@27.06 MIDUx80@33.66 MYGNx166@17.50 MTSLx1577@1.83 
Purchases: AVNWx50@55.44 VIAVx268@10.45 SBSAx1776@1.58 HILx639@4.39 NCITx128@21.77 

2010-05-09
Cash: 60.25
Held: VIAVx268@11.68 AVNWx50@54.84 SBSAx1776@1.75 HILx639@4.45 NCITx128@22.06 
Value: 14707.64
Sales: AVNWx50@54.84 VIAVx268@11.68 SBSAx1776@1.75 HILx639@4.45 NCITx128@22.06 
Purchases: DRWIx21@137.75 CAMPx1400@2.10 ATNIx63@46.12 UBGx89@32.91 GSTx658@4.47 

2010-05-10
Cash: 100.47
Held: CAMPx1400@2.32 UBGx89@33.50 DRWIx21@151.25 GSTx658@4.66 ATNIx63@47.41 
Value: 15559.64
Sales: DRWIx21@151.25 CAMPx1400@2.32 ATNIx63@47.41 UBGx89@33.50 GSTx658@4.66 
Purchases: DFx324@9.58 TZAx501@6.20 SRTYx68@45.50 SMDDx62@50.09 DRVx122@25.41 

2010-05-11
Cash: 51.14
Held: SMDDx62@46.69 DRVx122@24.12 DFx324@9.94 SRTYx68@41.31 TZAx501@5.64 
Value: 14743.97
Sales: SMDDx62@46.69 DFx324@9.94 SRTYx68@41.31 TZAx501@5.64 DRVx122@24.12 
Purchases: AIIIx1744@1.69 RCKYx368@8.00 WSO.Bx56@52.22 PCLNx13@217.88 AGOx164@17.97 

2010-05-12
Cash: 148.36
Held: AGOx164@17.95 PCLNx13@212.88 RCKYx368@8.23 AIIIx1744@1.95 WSO.Bx56@53.19 
Value: 15267.06
Sales: AGOx164@17.95 RCKYx368@8.23 AIIIx1744@1.95 PCLNx13@212.88 WSO.Bx56@53.19 
Purchases: TMHx222@13.72 GIGx848@3.60 SPWRx216@14.12 COYNx581@5.25 IMUCx2442@1.25 

2010-05-13
Cash: 16.97
Held: IMUCx2442@1.17 SPWRx216@13.05 GIGx848@3.60 TMHx222@13.89 COYNx581@5.10 
Value: 14792.24
Sales: GIGx848@3.60 TMHx222@13.89 IMUCx2442@1.17 COYNx581@5.10 SPWRx216@13.05 
Purchases: STLYx370@7.99 AGENx400@7.38 SKLNx11833@0.25 RASx1045@2.83 PBHx374@7.90 

2010-05-16
Cash: 15.31
Held: STLYx370@7.54 PBHx374@7.83 SKLNx11833@0.25 AGENx400@8.10 RASx1045@2.75 
Value: 14805.11
Sales: RASx1045@2.75 SKLNx11833@0.25 STLYx370@7.54 PBHx374@7.83 AGENx400@8.10 
Purchases: RVLTx824@3.59 GRBKx1346@2.20 AANx176@16.75 CVBx404@7.32 OESXx808@3.66 

2010-05-17
Cash: 24.12
Held: RVLTx824@3.49 CVBx404@10.32 GRBKx1346@2.15 OESXx808@3.46 AANx176@16.25 
Value: 15620.34
Sales: CVBx404@10.32 GRBKx1346@2.15 AANx176@16.25 RVLTx824@3.49 OESXx808@3.46 
Purchases: UAMYx7812@0.40 ASTCx1474@2.12 CEIx1881@1.66 MFCBx304@10.25 DLHCx4880@0.64 

2010-05-18
Cash: 10.07
Held: ASTCx1474@1.89 MFCBx304@10.14 UAMYx7812@0.40 DLHCx4880@0.65 CEIx1881@1.54 
Value: 15070.54
Sales: UAMYx7812@0.40 ASTCx1474@1.89 CEIx1881@1.54 MFCBx304@10.14 DLHCx4880@0.65 
Purchases: DXTRx1969@1.53 CASIx6279@0.48 SQBGx25118@0.12 QRHCx9131@0.33 HNHx768@3.92 

2010-05-19
Cash: 5.15
Held: QRHCx9131@0.31 CASIx6279@0.45 SQBGx25118@0.12 DXTRx1969@1.62 HNHx768@3.65 
Value: 14669.09
Sales: DXTRx1969@1.62 CASIx6279@0.45 SQBGx25118@0.12 QRHCx9131@0.31 HNHx768@3.65 
Purchases: SITOx3713@0.79 CIXx279@10.50 ERSx1128@2.60 TPIVx12224@0.24 EVLVx1520@1.93 

2010-05-20
Cash: 7.05
Held: ERSx1128@2.60 TPIVx12224@0.21 EVLVx1520@1.84 SITOx3713@0.85 CIXx279@10.35 
Value: 14347.03
Sales: SITOx3713@0.85 EVLVx1520@1.84 CIXx279@10.35 TPIVx12224@0.21 ERSx1128@2.60 
Purchases: AGENx473@6.06 STVx530@5.41 ALJJx9563@0.30 CDTIx503@5.70 NWYx745@3.85 

2010-05-23
Cash: 9.90
Held: NWYx745@3.58 STVx530@5.54 ALJJx9563@0.30 AGENx473@6.42 CDTIx503@5.90 
Value: 14486.59
Sales: AGENx473@6.42 STVx530@5.54 ALJJx9563@0.30 CDTIx503@5.90 NWYx745@3.58 
Purchases: CRMDx1158@2.50 YANGx72@40.09 SGRPx3490@0.83 BRCDx546@5.30 RRGBx143@20.12 

2010-05-24
Cash: 35.76
Held: SGRPx3490@1.00 BRCDx546@5.34 CRMDx1158@2.35 YANGx72@42.00 RRGBx143@19.66 
Value: 14997.01
Sales: CRMDx1158@2.35 YANGx72@42.00 SGRPx3490@1.00 BRCDx546@5.34 RRGBx143@19.66 
Purchases: MAGSx1131@2.65 UEICx162@18.45 PLPMx2222@1.35 PEIXx4051@0.74 HOLIx355@8.43 

2010-05-25
Cash: 19.95
Held: UEICx162@18.67 PLPMx2222@1.50 MAGSx1131@2.60 PEIXx4051@0.76 HOLIx355@9.11 
Value: 15629.59
Sales: MAGSx1131@2.60 UEICx162@18.67 PLPMx2222@1.50 PEIXx4051@0.76 HOLIx355@9.11 
Purchases: PFSWx933@3.35 BWENx136@22.91 LIONx460@6.79 NNAx460@6.78 ARCBx141@22.02 

2010-05-26
Cash: 42.61
Held: ARCBx141@23.09 PFSWx933@3.73 LIONx460@6.86 BWENx136@23.41 NNAx460@6.61 
Value: 16158.23
Sales: PFSWx933@3.73 BWENx136@23.41 LIONx460@6.86 NNAx460@6.61 ARCBx141@23.09 
Purchases: IDRAx861@3.75 CDXSx296@10.88 XOMAx7516@0.43 VALUx165@19.48 INVEx1935@1.67 

2010-05-27
Cash: 30.58
Held: INVEx1935@1.70 XOMAx7516@0.44 VALUx165@19.80 CDXSx296@10.34 IDRAx861@3.76 
Value: 16192.45
Sales: IDRAx861@3.76 INVEx1935@1.70 XOMAx7516@0.44 VALUx165@19.80 CDXSx296@10.34 
Purchases: HVT.Ax219@14.77 RMBSx138@23.44 BSTCx133@24.20 CIEx462@7.00 CTSOx1850@1.75 

2010-05-31
Cash: 32.18
Held: CTSOx1850@1.75 BSTCx133@24.00 RMBSx138@22.64 HVT.Ax219@15.45 CIEx462@6.52 
Value: 15982.34
Sales: HVT.Ax219@15.45 CIEx462@6.52 RMBSx138@22.64 BSTCx133@24.00 CTSOx1850@1.75 
Purchases: HRTx579@5.51 NCx40@79.81 AOIx7@404.00 UVVx81@39.44 BDRx2906@1.10 

2010-06-01
Cash: 380.65
Held: UVVx81@38.62 HRTx579@5.19 NCx40@86.25 AOIx7@412.00 BDRx2906@1.28 
Value: 16569.58
Sales: HRTx579@5.19 NCx40@86.25 AOIx7@412.00 UVVx81@38.62 BDRx2906@1.28 
Purchases: EDUCx622@5.32 SMEDx684@4.84 LEEx1093@3.03 HFBCx299@11.06 

2010-06-02
Cash: 3331.18
Held: SMEDx684@4.44 EDUCx622@5.50 LEEx1093@3.05 HFBCx299@11.00 
Value: 16413.61
Sales: EDUCx622@5.50 SMEDx684@4.44 LEEx1093@3.05 HFBCx299@11.00 
Purchases: FAFx237@13.83 ISDRx13130@0.25 NVGNx3219@1.02 CVRx331@9.90 ERYx48@68.31 

2010-06-03
Cash: 16.59
Held: ISDRx13130@0.25 CVRx331@14.90 ERYx48@75.38 NVGNx3219@0.94 FAFx237@13.73 
Value: 18127.34
Sales: FAFx237@13.73 ISDRx13130@0.25 NVGNx3219@0.94 CVRx331@14.90 ERYx48@75.38 
Purchases: HOVx740@4.90 PRZMx805@4.50 BWL.Ax401@9.04 NAIIx577@6.28 DLHCx5755@0.63 

2010-06-06
Cash: 6.07
Held: BWL.Ax401@9.24 HOVx740@4.58 DLHCx5755@0.62 PRZMx805@4.50 NAIIx577@6.37 
Value: 17967.40
Sales: HOVx740@4.58 PRZMx805@4.50 BWL.Ax401@9.24 NAIIx577@6.37 DLHCx5755@0.62 
Purchases: GALEx1403@2.56 KRUx87@41.16 BIO.Bx48@74.75 PGCx281@12.75 DRNx834@4.31 

2010-06-07
Cash: 30.24
Held: GALEx1403@2.82 DRNx834@4.53 PGCx281@12.88 KRUx87@40.94 BIO.Bx48@87.50 
Value: 19147.83
Sales: GALEx1403@2.82 KRUx87@40.94 BIO.Bx48@87.50 PGCx281@12.88 DRNx834@4.53 
Purchases: FRBKx1823@2.10 BIOPx2715@1.41 LNGx1339@2.86 CYCCx27@136.88 DCTHx357@10.72 

2010-06-08
Cash: 140.75
Held: LNGx1339@2.86 DCTHx357@8.77 FRBKx1823@2.22 CYCCx27@119.25 BIOPx2715@1.23 
Value: 17710.38
Sales: FRBKx1823@2.22 LNGx1339@2.86 BIOPx2715@1.23 CYCCx27@119.25 DCTHx357@8.77 
Purchases: ROIAx1243@2.85 NVGNx4918@0.72 NWYx1625@2.18 CWSTx1020@3.47 KGJIx1771@2.00 

2010-06-09
Cash: 2.19
Held: NWYx1625@2.53 NVGNx4918@0.71 CWSTx1020@3.46 ROIAx1243@2.67 KGJIx1771@2.55 
Value: 18970.19
Sales: ROIAx1243@2.67 NVGNx4918@0.71 NWYx1625@2.53 CWSTx1020@3.46 KGJIx1771@2.55 
Purchases: XRMx276@13.72 OVLYx632@6.00 YRCWx18974@0.20 HTBKx998@3.80 WINTx11853@0.32 

2010-06-10
Cash: 10.99
Held: OVLYx632@6.00 XRMx276@13.40 WINTx11853@0.34 YRCWx18974@0.22 HTBKx998@3.87 
Value: 19567.15
Sales: XRMx276@13.40 OVLYx632@6.00 YRCWx18974@0.22 HTBKx998@3.87 WINTx11853@0.34 
Purchases: EPVx155@25.19 EDZx16@232.62 INVTx2357@1.66 DPKx55@70.75 ERYx61@63.53 

2010-06-13
Cash: 261.44
Held: EDZx16@232.38 DPKx55@69.50 INVTx2357@1.56 ERYx61@64.19 EPVx155@24.70 
Value: 19222.27
Sales: EDZx16@232.38 EPVx155@24.70 INVTx2357@1.56 DPKx55@69.50 ERYx61@64.19 
Purchases: BGYx416@9.23 FCELx2315@1.66 BANRx150@25.48 MFRIx620@6.19 CTSOx2209@1.74 

2010-06-14
Cash: 35.25
Held: MFRIx620@6.15 CTSOx2209@2.20 FCELx2315@1.95 BANRx150@27.16 BGYx416@9.27 
Value: 21151.25
Sales: BGYx416@9.27 FCELx2315@1.95 BANRx150@27.16 MFRIx620@6.15 CTSOx2209@2.20 
Purchases: ESNCx11747@0.36 SNFCAx2693@1.57 WCSTx52866@0.08 CVRx298@14.16 BVXx1266@3.34 

2010-06-15
Cash: 15.23
Held: ESNCx11747@0.40 CVRx298@15.60 WCSTx52866@0.08 SNFCAx2693@1.54 BVXx1266@3.25 
Value: 21854.16
Sales: ESNCx11747@0.40 SNFCAx2693@1.54 WCSTx52866@0.08 CVRx298@15.60 BVXx1266@3.25 
Purchases: EDZx20@211.25 SOXSx157@27.75 IMUCx3799@1.15 LZBx437@9.99 YANGx142@30.66 

2010-06-16
Cash: 182.30
Held: IMUCx3799@1.13 EDZx20@214.38 LZBx437@9.61 SOXSx157@27.94 YANGx142@31.56 
Value: 21829.58
Sales: EDZx20@214.38 SOXSx157@27.94 IMUCx3799@1.13 LZBx437@9.61 YANGx142@31.56 
Purchases: FCHx793@5.50 HVT.Ax338@12.88 HAx699@6.24 OIBR.Cx467@9.34 CTSOx2249@1.94 

2010-06-17
Cash: 25.58
Held: HAx699@6.34 CTSOx2249@2.22 FCHx793@5.47 OIBR.Cx467@9.62 HVT.Ax338@12.91 
Value: 22641.75
Sales: FCHx793@5.47 HVT.Ax338@12.91 HAx699@6.34 OIBR.Cx467@9.62 CTSOx2249@2.22 
Purchases: CFFIx266@16.98 DFFNx4528@1.00 ROIAKx1856@2.44 OREXx1048@4.32 WINTx18868@0.24 

2010-06-20
Cash: 12.45
Held: ROIAKx1856@2.35 WINTx18868@0.24 OREXx1048@4.10 DFFNx4528@0.80 CFFIx266@18.45 
Value: 21729.95
Sales: CFFIx266@18.45 DFFNx4528@0.80 ROIAKx1856@2.35 OREXx1048@4.10 WINTx18868@0.24 
Purchases: YUMAx803@5.41 INODx1610@2.70 PHMDx801@5.42 SOHOx2069@2.10 GCBCx258@16.84 

2010-06-21
Cash: 7.15
Held: SOHOx2069@2.04 PHMDx801@5.36 INODx1610@2.83 GCBCx258@17.22 YUMAx803@5.37 
Value: 21830.68
Sales: INODx1610@2.83 YUMAx803@5.37 GCBCx258@17.22 SOHOx2069@2.04 PHMDx801@5.36 
Purchases: EXELx1192@3.66 WNSx415@10.50 CFBKx570@7.65 IBCPx873@5.00 CEIx1705@2.56 

2010-06-22
Cash: 19.93
Held: IBCPx873@4.60 WNSx415@10.36 EXELx1192@3.77 CEIx1705@2.47 CFBKx570@7.50 
Value: 21317.07
Sales: EXELx1192@3.77 WNSx415@10.36 CFBKx570@7.50 IBCPx873@4.60 CEIx1705@2.47 
Purchases: RDNTx1692@2.52 ALQAx38763@0.11 MIDUx138@30.80 URREx9916@0.43 BCx286@14.90 

2010-06-23
Cash: 16.53
Held: ALQAx38763@0.12 RDNTx1692@2.45 MIDUx138@29.08 URREx9916@0.41 BCx286@14.21 
Value: 20953.78
Sales: RDNTx1692@2.45 ALQAx38763@0.12 MIDUx138@29.08 URREx9916@0.41 BCx286@14.21 
Purchases: AIIIx2687@1.56 ISDRx23275@0.18 WITx331@12.64 RELVx1783@2.35 RNVAx5587@0.75 

2010-06-24
Cash: 8.82
Held: ISDRx23275@0.18 RELVx1783@2.48 RNVAx5587@0.80 WITx331@12.60 AIIIx2687@1.60 
Value: 21560.02
Sales: AIIIx2687@1.60 ISDRx23275@0.18 WITx331@12.60 RELVx1783@2.48 RNVAx5587@0.80 
Purchases: LTBRx553@7.79 FFHLx5391@0.80 ORITx419@10.27 MCBCx3921@1.10 PRKRx3317@1.30 

2010-06-27
Cash: 13.33
Held: ORITx419@10.36 MCBCx3921@1.20 PRKRx3317@1.27 LTBRx553@7.63 FFHLx5391@0.81 
Value: 21856.72
Sales: LTBRx553@7.63 PRKRx3317@1.27 ORITx419@10.36 MCBCx3921@1.20 FFHLx5391@0.81 
Purchases: CLBSx2325@1.88 WGBSx3497@1.25 DLTRx104@41.88 AODx432@10.12 FCELx3552@1.23 

2010-06-28
Cash: 18.49
Held: DLTRx104@41.75 FCELx3552@1.17 CLBSx2325@1.82 AODx432@9.78 WGBSx3497@1.15 
Value: 20996.70
Sales: CLBSx2325@1.82 WGBSx3497@1.15 DLTRx104@41.75 AODx432@9.78 FCELx3552@1.17 
Purchases: ETRMx1@3024.00 LMNRx200@20.98 JOBx16797@0.25 ISLEx415@10.10 BKJx380@11.02 

2010-06-29
Cash: 1195.52
Held: JOBx16797@0.28 LMNRx200@21.77 ISLEx415@9.26 ETRMx1@2268.00 BKJx380@12.29 
Value: 21032.13
Sales: ETRMx1@2268.00 LMNRx200@21.77 JOBx16797@0.28 ISLEx415@9.26 BKJx380@12.29 
Purchases: IDNx2645@1.59 ROIAKx3285@1.28 CHCIx429@9.80 PRPHx3859@1.09 BKSx326@12.90 

2010-06-30
Cash: 7.84
Held: PRPHx3859@1.11 ROIAKx3285@1.24 CHCIx429@9.59 BKSx326@13.29 IDNx2645@1.56 
Value: 20939.87
Sales: IDNx2645@1.56 ROIAKx3285@1.24 CHCIx429@9.59 PRPHx3859@1.11 BKSx326@13.29 
Purchases: PFIEx14955@0.28 OGENx12314@0.34 AYIx118@35.31 ADKx1391@3.01 UMXx172@24.34 

2010-07-01
Cash: 23.61
Held: PFIEx14955@0.28 ADKx1391@3.30 UMXx172@24.34 AYIx118@35.31 OGENx12314@0.38 
Value: 21834.71
Sales: PFIEx14955@0.28 OGENx12314@0.38 AYIx118@35.31 ADKx1391@3.30 UMXx172@24.34 
Purchases: DRAMx185@23.58 WNSx432@10.10 SBSAx4549@0.96 LHCGx184@23.67 CREGx1327@3.29 

2010-07-05
Cash: 21.81
Held: CREGx1327@3.30 WNSx432@9.73 DRAMx185@26.28 LHCGx184@23.30 SBSAx4549@0.98 
Value: 22210.41
Sales: DRAMx185@26.28 WNSx432@9.73 SBSAx4549@0.98 LHCGx184@23.30 CREGx1327@3.30 
Purchases: GIGx2524@1.76 WGBSx4231@1.05 KINSx1813@2.45 MAYSx310@14.30 MXCx707@6.28 

2010-07-06
Cash: 13.72
Held: GIGx2524@1.76 MAYSx310@13.00 WGBSx4231@1.03 MXCx707@6.28 KINSx1813@2.45 
Value: 21725.74
Sales: GIGx2524@1.76 WGBSx4231@1.03 MXCx707@6.28 MAYSx310@13.00 KINSx1813@2.45 
Purchases: PPPx16711@0.26 CASIx1602@2.71 HMGx1013@4.29 TSLAx275@15.80 EVLVx2749@1.58 

2010-07-07
Cash: 5.20
Held: HMGx1013@4.55 CASIx1602@2.87 PPPx16711@0.26 EVLVx2749@1.56 TSLAx275@17.45 
Value: 22643.39
Sales: HMGx1013@4.55 CASIx1602@2.87 PPPx16711@0.26 TSLAx275@17.45 EVLVx2749@1.56 
Purchases: FAZx291@15.53 PRKRx5523@0.82 APRIx143@31.50 FCNx141@31.94 TCIx492@9.19 

2010-07-08
Cash: 67.97
Held: PRKRx5523@0.92 FCNx141@32.88 TCIx492@8.99 FAZx291@14.79 APRIx143@30.30 
Value: 22844.30
Sales: FAZx291@14.79 PRKRx5523@0.92 APRIx143@30.30 FCNx141@32.88 TCIx492@8.99 
Purchases: JHIx235@19.38 BKEx160@28.44 MCBCx3806@1.20 SMIx1294@3.53 CVAx288@15.84 

2010-07-11
Cash: 43.32
Held: CVAx288@15.65 MCBCx3806@1.38 JHIx235@19.66 BKEx160@28.38 SMIx1294@3.46 
Value: 23439.58
Sales: JHIx235@19.66 BKEx160@28.38 MCBCx3806@1.38 SMIx1294@3.46 CVAx288@15.65 
Purchases: PBBIx1132@4.14 DWCHx1937@2.42 RGSx345@13.58 VIRCx1837@2.55 FBPx8848@0.53 

2010-07-12
Cash: 7.23
Held: PBBIx1132@4.14 FBPx8848@0.56 VIRCx1837@2.52 DWCHx1937@2.54 RGSx345@14.20 
Value: 24096.43
Sales: PBBIx1132@4.14 DWCHx1937@2.54 FBPx8848@0.56 RGSx345@14.20 VIRCx1837@2.52 
Purchases: HAFCx3492@1.38 INSYx16615@0.29 MOSx115@41.69 SPILx905@5.32 DVCRx1118@4.31 

2010-07-13
Cash: 32.93
Held: MOSx115@42.03 INSYx16615@0.29 HAFCx3492@1.39 DVCRx1118@4.36 SPILx905@5.26 
Value: 24173.81
Sales: MOSx115@42.03 INSYx16615@0.29 HAFCx3492@1.39 SPILx905@5.26 DVCRx1118@4.36 
Purchases: UNXLx11794@0.41 MKTXx366@13.18 GFEDx830@5.82 AMEDx187@25.77 MCBCx4028@1.20 

2010-07-14
Cash: 32.13
Held: GFEDx830@6.29 MCBCx4028@1.16 MKTXx366@13.05 AMEDx187@26.77 UNXLx11794@0.45 
Value: 25012.21
Sales: MKTXx366@13.05 UNXLx11794@0.45 GFEDx830@6.29 MCBCx4028@1.16 AMEDx187@26.77 
Purchases: JOUTx468@10.68 BBDx325@15.35 IRWDx444@11.26 RBAx268@18.66 BCx357@13.98 

2010-07-15
Cash: 36.88
Held: BBDx325@14.94 JOUTx468@10.51 RBAx268@18.30 IRWDx444@10.70 BCx357@12.50 
Value: 23927.47
Sales: JOUTx468@10.51 BBDx325@14.94 IRWDx444@10.70 RBAx268@18.30 BCx357@12.50 
Purchases: GDENx2245@2.13 CYRXx433@11.04 IGCx5091@0.94 KLICx694@6.89 HDNGx602@7.94 

2010-07-18
Cash: 15.72
Held: KLICx694@6.81 HDNGx602@8.00 GDENx2245@2.14 CYRXx433@13.80 IGCx5091@0.90 
Value: 24918.04
Sales: GDENx2245@2.14 CYRXx433@13.80 IGCx5091@0.90 KLICx694@6.81 HDNGx602@8.00 
Purchases: FASx247@20.11 LYVx564@8.83 ALJJx19167@0.26 VVUSx1004@4.96 ANTHx154@32.16 

2010-07-19
Cash: 55.51
Held: ANTHx154@31.69 LYVx564@9.06 VVUSx1004@5.09 ALJJx19167@0.27 FASx247@20.81 
Value: 25472.99
Sales: FASx247@20.81 LYVx564@9.06 ALJJx19167@0.27 VVUSx1004@5.09 ANTHx154@31.69 
Purchases: ROIAx5538@0.92 AANx460@11.06 GTXIx1703@2.99 ISSCx1286@3.96 SOXSx173@29.44 

2010-07-20
Cash: 10.89
Held: GTXIx1703@2.90 ROIAx5538@0.95 ISSCx1286@4.10 AANx460@10.38 SOXSx173@31.19 
Value: 25658.57
Sales: AANx460@10.38 SOXSx173@31.19 ROIAx5538@0.95 GTXIx1703@2.90 ISSCx1286@4.10 
Purchases: TUPx130@39.38 MANTx137@37.22 ZIONx264@19.42 TSLAx253@20.22 WYx331@15.50 

2010-07-21
Cash: 67.64
Held: TUPx130@39.50 WYx331@16.11 ZIONx264@20.17 TSLAx253@21.00 MANTx137@38.22 
Value: 26409.18
Sales: TUPx130@39.50 MANTx137@38.22 ZIONx264@20.17 TSLAx253@21.00 WYx331@16.11 
Purchases: CMTLx251@20.98 ABACx311@16.95 CDTIx880@6.00 PGNXx1242@4.25 EVRIx1435@3.68 

2010-07-22
Cash: 30.83
Held: ABACx311@16.08 PGNXx1242@4.31 CMTLx251@21.73 EVRIx1435@3.93 CDTIx880@6.75 
Value: 27416.83
Sales: CMTLx251@21.73 ABACx311@16.08 CDTIx880@6.75 PGNXx1242@4.31 EVRIx1435@3.93 
Purchases: SOXSx197@27.77 DRVx46@119.19 YANGx196@27.86 TCBIWx806@6.80 IIINx568@9.64 

2010-07-25
Cash: 46.64
Held: DRVx46@109.81 IIINx568@9.50 TCBIWx806@6.80 SOXSx197@26.64 YANGx196@27.53 
Value: 26619.77
Sales: SOXSx197@26.64 IIINx568@9.50 YANGx196@27.53 TCBIWx806@6.80 DRVx46@109.81 
Purchases: LTBRx849@6.27 RSTx252@21.09 DDCx432@12.30 MAYSx372@14.28 IBKRx321@16.56 

2010-07-26
Cash: 39.88
Held: RSTx252@21.75 LTBRx849@6.19 MAYSx372@15.48 DDCx432@12.26 IBKRx321@16.59 
Value: 27156.63
Sales: RSTx252@21.75 LTBRx849@6.19 DDCx432@12.26 IBKRx321@16.59 MAYSx372@15.48 
Purchases: MFNCx978@5.55 IRIXx1666@3.26 BIO.Bx66@81.38 SBFGx1403@3.87 DRVx49@109.62 

2010-07-27
Cash: 126.42
Held: IRIXx1666@3.48 MFNCx978@5.45 DRVx49@110.75 SBFGx1403@3.95 BIO.Bx66@83.00 
Value: 27699.72
Sales: MFNCx978@5.45 IRIXx1666@3.48 BIO.Bx66@83.00 SBFGx1403@3.95 DRVx49@110.75 
Purchases: TMOx120@46.00 EVBSx1364@4.06 SANMx433@12.79 USATPx937@5.91 PLTx183@30.16 

2010-07-28
Cash: 49.72
Held: SANMx433@12.61 TMOx120@44.97 EVBSx1364@4.02 USATPx937@8.00 PLTx183@30.03 
Value: 29380.19
Sales: USATPx937@8.00 SANMx433@12.61 EVBSx1364@4.02 PLTx183@30.03 TMOx120@44.97 
Purchases: EWBCx374@15.70 SSYSx259@22.62 IGTx392@14.98 GTNx2294@2.56 FORMx605@9.71 

2010-07-29
Cash: 27.52
Held: FORMx605@9.68 EWBCx374@15.59 SSYSx259@22.70 GTNx2294@2.60 IGTx392@15.24 
Value: 29534.35
Sales: EWBCx374@15.59 SSYSx259@22.70 IGTx392@15.24 GTNx2294@2.60 FORMx605@9.68 
Purchases: SYMCx455@12.97 YTENx418@14.12 AMAGx187@31.48 DXTRx3394@1.74 NVCNx21875@0.27 

2010-08-01
Cash: 31.97
Held: YTENx418@14.00 NVCNx21875@0.27 SYMCx455@13.17 DXTRx3394@1.68 AMAGx187@32.12 
Value: 29492.08
Sales: SYMCx455@13.17 YTENx418@14.00 AMAGx187@32.12 DXTRx3394@1.68 NVCNx21875@0.27 
Purchases: ANWx287@20.50 MARKx1025@5.75 NTRIx303@19.44 PCYOx2457@2.40 TNAVx1102@5.35 

2010-08-02
Cash: 30.09
Held: TNAVx1102@5.14 ANWx287@20.12 NTRIx303@19.16 MARKx1025@6.18 PCYOx2457@2.40 
Value: 29507.22
Sales: ANWx287@20.12 PCYOx2457@2.40 NTRIx303@19.16 MARKx1025@6.18 TNAVx1102@5.14 
Purchases: ROIAKx6629@0.89 MCBCx3620@1.63 QRHCx42148@0.14 RILYx6557@0.90 ERYx21@277.50 

2010-08-03
Cash: 76.83
Held: ROIAKx6629@1.04 QRHCx42148@0.22 ERYx21@271.75 MCBCx3620@1.53 RILYx6557@0.90 
Value: 33389.57
Sales: RILYx6557@0.90 ROIAKx6629@1.04 ERYx21@271.75 QRHCx42148@0.22 MCBCx3620@1.53 
Purchases: BHIx155@42.84 RDNx947@7.05 YRCWx21537@0.31 VMCx158@42.25 DOWx269@24.80 

2010-08-04
Cash: 48.11
Held: DOWx269@25.27 RDNx947@7.44 YRCWx21537@0.28 VMCx158@41.59 BHIx155@42.47 
Value: 33077.03
Sales: BHIx155@42.47 RDNx947@7.44 YRCWx21537@0.28 DOWx269@25.27 VMCx158@41.59 
Purchases: TORMx942@7.02 BOFIx1759@3.76 PBIx320@20.62 UVVx173@38.06 WINTx26461@0.25 

2010-08-05
Cash: 51.15
Held: TORMx942@7.11 BOFIx1759@3.81 UVVx173@37.78 PBIx320@20.70 WINTx26461@0.25 
Value: 33227.33
Sales: TORMx942@7.11 BOFIx1759@3.81 PBIx320@20.70 WINTx26461@0.25 UVVx173@37.78 
Purchases: ROCKx738@9.00 LINCx437@15.20 MFCx486@13.66 CKXx694@9.57 TFSLx664@10.00 

2010-08-08
Cash: 22.83
Held: CKXx694@10.54 ROCKx738@8.94 LINCx437@14.75 TFSLx664@9.98 MFCx486@13.91 
Value: 33761.44
Sales: MFCx486@13.91 TFSLx664@9.98 LINCx437@14.75 CKXx694@10.54 ROCKx738@8.94 
Purchases: RSTx355@19.00 APEIx243@27.70 KLICx1010@6.68 OSTKx420@16.05 PMCx785@8.60 

2010-08-09
Cash: 46.19
Held: KLICx1010@6.28 RSTx355@18.69 OSTKx420@15.13 APEIx243@27.59 PMCx785@8.15 
Value: 32481.90
Sales: RSTx355@18.69 APEIx243@27.59 PMCx785@8.15 KLICx1010@6.28 OSTKx420@15.13 
Purchases: BWENx265@24.50 DISHx353@18.36 OPHCx12743@0.51 TXMDx43302@0.15 SKXx216@29.95 

2010-08-10
Cash: 46.36
Held: DISHx353@18.09 TXMDx43302@0.06 OPHCx12743@0.62 BWENx265@22.09 SKXx216@28.67 
Value: 28981.59
Sales: DISHx353@18.09 BWENx265@22.09 OPHCx12743@0.62 TXMDx43302@0.06 SKXx216@28.67 
Purchases: CYRXx652@8.88 SCLNx2424@2.39 PEGAx251@23.02 MITLx741@7.82 CVBFx727@7.97 

2010-08-11
Cash: 30.07
Held: SCLNx2424@2.49 CVBFx727@7.48 CYRXx652@8.16 MITLx741@7.40 PEGAx251@22.67 
Value: 27995.46
Sales: CYRXx652@8.16 SCLNx2424@2.49 MITLx741@7.40 PEGAx251@22.67 CVBFx727@7.48 
Purchases: AGYSx1015@5.51 VECOx176@31.66 DZKx114@49.00 TWINx475@11.77 CREEx95@58.78 

2010-08-12
Cash: 66.96
Held: CREEx95@56.75 TWINx475@11.50 AGYSx1015@5.35 DZKx114@48.47 VECOx176@31.30 
Value: 27386.23
Sales: AGYSx1015@5.35 VECOx176@31.30 TWINx475@11.50 CREEx95@56.75 DZKx114@48.47 
Purchases: AANx394@13.90 LINKx18254@0.30 IDSYx2350@2.33 MARKx1033@5.30 VRMLx788@6.95 

2010-08-15
Cash: 5.78
Held: LINKx18254@0.30 VRMLx788@6.84 MARKx1033@5.86 AANx394@13.92 IDSYx2350@2.34 
Value: 27909.26
Sales: MARKx1033@5.86 LINKx18254@0.30 IDSYx2350@2.34 AANx394@13.92 VRMLx788@6.84 
Purchases: PSTBx894@6.24 ACYx369@15.10 GSBx2344@2.38 WSO.Bx116@47.91 PDLIx1085@5.14 

2010-08-16
Cash: 44.32
Held: PSTBx894@6.20 PDLIx1085@5.43 ACYx369@15.20 WSO.Bx116@54.00 GSBx2344@2.66 
Value: 29586.99
Sales: PSTBx894@6.20 ACYx369@15.20 GSBx2344@2.66 WSO.Bx116@54.00 PDLIx1085@5.43 
Purchases: ESNCx8963@0.66 STRAx38@155.62 SVAx1439@4.11 IGCx8832@0.67 WLDNx1939@3.05 

2010-08-17
Cash: 10.65
Held: ESNCx8963@0.64 WLDNx1939@3.15 SVAx1439@4.20 IGCx8832@0.68 STRAx38@169.00 
Value: 30328.80
Sales: ESNCx8963@0.64 STRAx38@169.00 SVAx1439@4.20 IGCx8832@0.68 WLDNx1939@3.15 
Purchases: SVBIx1427@4.25 BDLx1031@5.88 EVKx2547@2.38 TPIVx60672@0.10 PRPHx4364@1.39 

2010-08-18
Cash: 8.70
Held: PRPHx4364@1.31 EVKx2547@2.36 TPIVx60672@0.12 SVBIx1427@4.25 BDLx1031@7.34 
Value: 32645.47
Sales: SVBIx1427@4.25 BDLx1031@7.34 EVKx2547@2.36 TPIVx60672@0.12 PRPHx4364@1.31 
Purchases: IBCPx2418@2.70 CTRNx281@23.16 SALMx2243@2.91 PEIXx10365@0.63 CETCx60@108.00 

2010-08-19
Cash: 75.63
Held: IBCPx2418@2.20 CTRNx281@23.73 SALMx2243@2.99 PEIXx10365@0.64 CETCx60@123.31 
Value: 32803.57
Sales: CETCx60@123.31 IBCPx2418@2.20 CTRNx281@23.73 PEIXx10365@0.64 SALMx2243@2.99 
Purchases: FLWSx3434@1.91 ENZx1782@3.68 PROx927@7.07 HCKTx1797@3.65 BIO.Bx85@76.75 

2010-08-22
Cash: 49.20
Held: PROx927@7.30 FLWSx3434@1.70 ENZx1782@3.57 HCKTx1797@3.62 BIO.Bx85@83.81 
Value: 32645.45
Sales: FLWSx3434@1.70 PROx927@7.30 ENZx1782@3.57 HCKTx1797@3.62 BIO.Bx85@83.81 
Purchases: ATVx304@21.47 KIRKx571@11.42 BLDPx3730@1.75 IBCPx3138@2.08 BDLx996@6.55 

2010-08-23
Cash: 17.70
Held: KIRKx571@11.20 IBCPx3138@2.10 ATVx304@23.59 BLDPx3730@1.81 BDLx996@5.82 
Value: 32722.49
Sales: ATVx304@23.59 KIRKx571@11.20 BLDPx3730@1.81 IBCPx3138@2.10 BDLx996@5.82 
Purchases: IMNPx11095@0.59 HNHx814@8.03 FLWSx3871@1.69 OSBCPx2921@2.24 GUTx1090@6.00 

2010-08-24
Cash: 13.36
Held: OSBCPx2921@2.20 FLWSx3871@1.69 IMNPx11095@0.60 GUTx1090@6.23 HNHx814@8.05 
Value: 32980.38
Sales: FLWSx3871@1.69 IMNPx11095@0.60 OSBCPx2921@2.20 HNHx814@8.05 GUTx1090@6.23 
Purchases: SCSSx1288@5.12 SHIPx7170@0.92 SALMx2784@2.37 SYPRx2121@3.11 FORDx1945@3.39 

2010-08-25
Cash: 3.13
Held: SYPRx2121@3.25 FORDx1945@3.42 SHIPx7170@0.92 SALMx2784@2.64 SCSSx1288@4.95 
Value: 33870.06
Sales: SCSSx1288@4.95 SHIPx7170@0.92 SALMx2784@2.64 SYPRx2121@3.25 FORDx1945@3.42 
Purchases: ELTKx7129@0.95 AXDXx9151@0.74 SPUx1443@4.69 BIOLx9405@0.72 CALx617@10.97 

2010-08-26
Cash: 11.20
Held: SPUx1443@4.90 AXDXx9151@0.80 CALx617@10.95 ELTKx7129@1.03 BIOLx9405@0.70 
Value: 35086.89
Sales: ELTKx7129@1.03 AXDXx9151@0.80 SPUx1443@4.90 BIOLx9405@0.70 CALx617@10.95 
Purchases: GESx209@33.50 CRVPx11693@0.60 LGLx492@14.25 BIOLx10022@0.70 MARKx1141@6.15 

2010-08-29
Cash: 24.72
Held: CRVPx11693@0.64 GESx209@33.06 LGLx492@13.93 MARKx1141@6.30 BIOLx10022@0.59 
Value: 34373.92
Sales: GESx209@33.06 CRVPx11693@0.64 BIOLx10022@0.59 LGLx492@13.93 MARKx1141@6.30 
Purchases: DFFNx7900@0.87 CVRx493@13.94 OBx517@13.28 BKJx654@10.51 PNBKx3776@1.82 

2010-08-30
Cash: 16.79
Held: CVRx493@16.44 DFFNx7900@0.88 PNBKx3776@1.89 OBx517@13.05 BKJx654@10.51 
Value: 35824.21
Sales: DFFNx7900@0.88 CVRx493@16.44 OBx517@13.05 BKJx654@10.51 PNBKx3776@1.89 
Purchases: NYNYx9068@0.79 HEESx1056@6.78 AXNx2843@2.52 EMMSx1163@6.16 MNOVx1474@4.86 

2010-08-31
Cash: 9.12
Held: AXNx2843@2.70 HEESx1056@7.22 MNOVx1474@5.37 NYNYx9068@0.86 EMMSx1163@6.04 
Value: 38043.66
Sales: NYNYx9068@0.86 HEESx1056@7.22 AXNx2843@2.70 EMMSx1163@6.04 MNOVx1474@5.37 
Purchases: FANHx348@21.83 SNFCAx5514@1.38 ISLEx1093@6.96 EMMSx1259@6.04 DLx1966@3.87 

2010-09-01
Cash: 20.59
Held: DLx1966@4.28 ISLEx1093@6.81 FANHx348@21.88 SNFCAx5514@1.38 EMMSx1259@6.36 
Value: 39106.95
Sales: FANHx348@21.88 DLx1966@4.28 SNFCAx5514@1.38 ISLEx1093@6.81 EMMSx1259@6.36 
Purchases: EDZx45@170.38 OHRPx31285@0.25 DPKx152@51.19 GENEx9655@0.81 GTIMx21719@0.36 

2010-09-02
Cash: 196.03
Held: EDZx45@164.75 DPKx152@49.72 OHRPx31285@0.25 GENEx9655@0.81 GTIMx21719@0.30 
Value: 37326.16
Sales: EDZx45@164.75 GTIMx21719@0.30 OHRPx31285@0.25 DPKx152@49.72 GENEx9655@0.81 
Purchases: FBPx18211@0.41 ADUSx1622@4.60 COYNx1990@3.75 IHTx6607@1.13 GTIMx24880@0.30 

2010-09-06
Cash: 4.66
Held: ADUSx1622@4.67 IHTx6607@1.25 FBPx18211@0.38 GTIMx24880@0.40 COYNx1990@4.00 
Value: 40668.81
Sales: GTIMx24880@0.40 FBPx18211@0.38 COYNx1990@4.00 IHTx6607@1.25 ADUSx1622@4.67 
Purchases: SEACx1137@7.15 RGENx2456@3.31 CLDXx2343@3.47 SBFGx2542@3.20 WSCIx2210@3.68 

2010-09-07
Cash: 13.95
Held: WSCIx2210@3.52 SBFGx2542@3.44 CLDXx2343@3.55 RGENx2456@3.49 SEACx1137@7.21 
Value: 41625.54
Sales: RGENx2456@3.49 SEACx1137@7.21 SBFGx2542@3.44 WSCIx2210@3.52 CLDXx2343@3.55 
Purchases: PMBCx2522@3.30 BRKSx1475@5.64 OSURx2478@3.36 MAYSx588@14.15 CMLSx452@18.41 

2010-09-08
Cash: 17.61
Held: OSURx2478@3.35 BRKSx1475@5.56 MAYSx588@14.42 PMBCx2522@3.30 CMLSx452@17.92 
Value: 41422.19
Sales: PMBCx2522@3.30 BRKSx1475@5.56 OSURx2478@3.35 MAYSx588@14.42 CMLSx452@17.92 
Purchases: ROSGx7740@1.07 SLABx237@34.88 CREEx167@49.41 PNBKx4205@1.97 ANGOx604@13.70 

2010-09-09
Cash: 62.36
Held: CREEx167@48.72 SLABx237@34.84 PNBKx4205@1.98 ANGOx604@13.74 ROSGx7740@1.05 
Value: 41210.00
Sales: ANGOx604@13.74 SLABx237@34.84 CREEx167@48.72 ROSGx7740@1.05 PNBKx4205@1.98 
Purchases: TBIOx23542@0.35 JKSx337@24.41 CROXx740@11.13 EMMSx1925@4.28 SKXx360@22.84 

2010-09-12
Cash: 39.66
Held: JKSx337@26.45 CROXx740@10.88 SKXx360@22.84 TBIOx23542@0.33 EMMSx1925@4.76 
Value: 42168.40
Sales: TBIOx23542@0.33 EMMSx1925@4.76 SKXx360@22.84 CROXx740@10.88 JKSx337@26.45 
Purchases: TRNSx1255@6.72 GEN           x1882@4.48 HBPx9920@0.85 RDCMx952@8.85 GENx1882@4.48 

2010-09-13
Cash: 12.23
Held: TRNSx1255@6.64 GEN           x1882@4.21 RDCMx952@9.43 HBPx9920@1.05 GENx1882@4.21 
Value: 43587.31
Sales: TRNSx1255@6.64 GEN           x1882@4.21 HBPx9920@1.05 RDCMx952@9.43 GENx1882@4.21 
Purchases: LIVEx1937@4.50 AEPIx415@20.98 SGRPx8803@0.99 LODEx5348@1.63 CETCx102@84.81 

2010-09-14
Cash: 77.77
Held: LIVEx1937@4.50 SGRPx8803@0.99 AEPIx415@20.97 LODEx5348@1.70 CETCx102@86.12 
Value: 44090.73
Sales: LIVEx1937@4.50 AEPIx415@20.97 SGRPx8803@0.99 LODEx5348@1.70 CETCx102@86.12 
Purchases: FBCx4640@1.90 HBMDx1603@5.50 ARNAx2357@3.74 CYRXx1113@7.92 TISAx10021@0.88 

2010-09-15
Cash: 6.33
Held: HBMDx1603@5.75 ARNAx2357@3.75 TISAx10021@0.95 CYRXx1113@8.40 FBCx4640@1.94 
Value: 45935.30
Sales: FBCx4640@1.94 HBMDx1603@5.75 ARNAx2357@3.75 CYRXx1113@8.40 TISAx10021@0.95 
Purchases: BORNx1108@8.29 ACCOx1546@5.94 RDWRx265@34.66 EMMSx2145@4.28 OSBCx10807@0.85 

2010-09-16
Cash: 11.41
Held: ACCOx1546@5.91 RDWRx265@36.44 OSBCx10807@1.05 BORNx1108@8.45 EMMSx2145@4.16 
Value: 48439.28
Sales: BORNx1108@8.45 ACCOx1546@5.91 RDWRx265@36.44 EMMSx2145@4.16 OSBCx10807@1.05 
Purchases: PFSWx3411@2.84 MHOx945@10.25 FBPx32287@0.30 TPIVx60536@0.16 SVAx2403@4.03 

2010-09-19
Cash: 3.73
Held: TPIVx60536@0.18 PFSWx3411@3.01 SVAx2403@3.88 FBPx32287@0.29 MHOx945@11.21 
Value: 50454.30
Sales: PFSWx3411@3.01 MHOx945@11.21 FBPx32287@0.29 TPIVx60536@0.18 SVAx2403@3.88 
Purchases: ARNAx5424@1.86 PFINx6640@1.52 OREXx1713@5.89 EATx572@17.62 INSx10090@1.00 

2010-09-20
Cash: 11.93
Held: PFINx6640@1.55 EATx572@17.73 INSx10090@1.00 OREXx1713@5.91 ARNAx5424@1.78 
Value: 50316.99
Sales: ARNAx5424@1.78 PFINx6640@1.55 OREXx1713@5.91 EATx572@17.73 INSx10090@1.00 
Purchases: ISDRx55891@0.18 PSTIx7186@1.40 HBPx13069@0.77 PRPHx7456@1.35 CIG.Cx926@10.86 

2010-09-21
Cash: 8.55
Held: ISDRx55891@0.18 PRPHx7456@1.33 CIG.Cx926@11.94 PSTIx7186@1.40 HBPx13069@0.79 
Value: 51431.35
Sales: ISDRx55891@0.18 HBPx13069@0.79 PSTIx7186@1.40 PRPHx7456@1.33 CIG.Cx926@11.94 
Purchases: CBZx1901@5.41 INTTx4032@2.55 MMYTx309@33.28 RDCMx1123@9.16 CACBx1940@5.30 

2010-09-22
Cash: 12.00
Held: MMYTx309@38.00 INTTx4032@2.66 RDCMx1123@9.00 CACBx1940@5.20 CBZx1901@5.58 
Value: 53277.25
Sales: CBZx1901@5.58 INTTx4032@2.66 MMYTx309@38.00 RDCMx1123@9.00 CACBx1940@5.20 
Purchases: PNFPx1252@8.51 RANDx3612@2.95 ZIONWx2052@5.19 ADBEx403@26.41 AEISx887@12.00 

2010-09-23
Cash: 34.41
Held: ZIONWx2052@5.50 AEISx887@12.63 ADBEx403@26.88 RANDx3612@3.35 PNFPx1252@9.11 
Value: 56860.06
Sales: PNFPx1252@9.11 RANDx3612@3.35 ZIONWx2052@5.50 ADBEx403@26.88 AEISx887@12.63 
Purchases: FHx3828@2.97 JOBx45488@0.25 SKLNx66876@0.17 UWNx10832@1.05 TRCBx2340@4.86 

2010-09-26
Cash: 1.93
Held: JOBx45488@0.25 SKLNx66876@0.17 UWNx10832@1.04 TRCBx2340@4.86 FHx3828@3.00 
Value: 56866.43
Sales: FHx3828@3.00 JOBx45488@0.25 SKLNx66876@0.17 UWNx10832@1.04 TRCBx2340@4.86 
Purchases: KGJIx1749@6.50 NFECx1624@7.00 FINLx806@14.11 VICLx5144@2.21 EDUx485@23.42 

2010-09-27
Cash: 25.10
Held: EDUx485@23.80 NFECx1624@6.31 VICLx5144@2.25 FINLx806@14.20 KGJIx1749@8.50 
Value: 59699.96
Sales: KGJIx1749@8.50 NFECx1624@6.31 FINLx806@14.20 VICLx5144@2.25 EDUx485@23.80 
Purchases: SIMOx2175@5.49 AMRNx4423@2.70 RPRXx24875@0.48 SGYPx4775@2.50 SIFIx1973@6.05 

2010-09-28
Cash: 9.10
Held: AMRNx4423@2.70 RPRXx24875@0.39 SIFIx1973@6.25 SIMOx2175@5.45 SGYPx4775@2.50 
Value: 57767.12
Sales: SIMOx2175@5.45 AMRNx4423@2.70 RPRXx24875@0.39 SGYPx4775@2.50 SIFIx1973@6.25 
Purchases: NLSx9100@1.27 GOGLx594@19.42 MBRGx823@14.03 MONx240@48.00 BIOLx10137@1.14 

2010-09-29
Cash: 57.46
Held: MBRGx823@14.08 NLSx9100@1.33 MONx240@47.94 GOGLx594@18.91 BIOLx10137@1.13 
Value: 57936.40
Sales: NLSx9100@1.33 GOGLx594@18.91 MBRGx823@14.08 MONx240@47.94 BIOLx10137@1.13 
Purchases: FALCx3786@3.06 RPRXx31307@0.37 MESOx930@12.45 APRIx669@17.30 CASIx3040@3.81 

2010-09-30
Cash: 24.83
Held: RPRXx31307@0.39 CASIx3040@3.76 MESOx930@12.45 FALCx3786@3.00 APRIx669@17.41 
Value: 58245.08
Sales: MESOx930@12.45 CASIx3040@3.76 RPRXx31307@0.39 FALCx3786@3.00 APRIx669@17.41 
Purchases: AAWWx232@50.12 MEIPx10688@1.09 RBPAAx7282@1.60 HRIx1163@10.01 CRUSx669@17.41 

2010-10-03
Cash: 35.60
Held: MEIPx10688@1.19 RBPAAx7282@1.49 HRIx1163@9.94 AAWWx232@49.38 CRUSx669@17.09 
Value: 58058.83
Sales: AAWWx232@49.38 MEIPx10688@1.19 RBPAAx7282@1.49 HRIx1163@9.94 CRUSx669@17.09 
Purchases: AEHRx8415@1.38 BGIx16355@0.71 RANDx3908@2.97 TNKx970@11.97 CBKx1758@6.60 

2010-10-04
Cash: 10.97
Held: AEHRx8415@1.35 TNKx970@12.06 CBKx1758@6.60 RANDx3908@3.15 BGIx16355@1.04 
Value: 63995.67
Sales: AEHRx8415@1.35 CBKx1758@6.60 BGIx16355@1.04 TNKx970@12.06 RANDx3908@3.15 
Purchases: CETCx156@82.00 GTIMx17065@0.75 USATx12079@1.06 PEGAx447@28.62 SIFYx5539@2.31 

2010-10-05
Cash: 12.87
Held: SIFYx5539@2.22 GTIMx17065@0.74 USATx12079@1.13 CETCx156@80.88 PEGAx447@28.34 
Value: 63879.46
Sales: CETCx156@80.88 GTIMx17065@0.74 USATx12079@1.13 PEGAx447@28.34 SIFYx5539@2.22 
Purchases: UAMYx27184@0.47 MXLx1304@9.80 DPKx329@38.75 IRMx625@20.44 GTIMx17259@0.74 

2010-10-06
Cash: 30.76
Held: DPKx329@38.97 UAMYx27184@0.47 GTIMx17259@0.80 MXLx1304@9.92 IRMx625@20.33 
Value: 65074.19
Sales: UAMYx27184@0.47 MXLx1304@9.92 DPKx329@38.97 IRMx625@20.33 GTIMx17259@0.80 
Purchases: VMWx168@77.38 SANDx18331@0.71 CVLTx510@25.52 TZOOx513@25.34 RHTx341@38.16 

2010-10-07
Cash: 35.30
Held: VMWx168@79.19 CVLTx510@25.59 TZOOx513@25.48 SANDx18331@0.73 RHTx341@38.66 
Value: 66028.15
Sales: VMWx168@79.19 SANDx18331@0.73 CVLTx510@25.59 TZOOx513@25.48 RHTx341@38.66 
Purchases: ACFCx8255@1.60 CAMPx5391@2.45 CKXx1334@9.90 SPEXx11687@1.13 AUMNx684@19.30 

2010-10-10
Cash: 11.12
Held: CAMPx5391@2.40 CKXx1334@9.99 SPEXx11687@1.02 AUMNx684@24.50 ACFCx8255@1.60 
Value: 68159.24
Sales: ACFCx8255@1.60 CAMPx5391@2.40 CKXx1334@9.99 SPEXx11687@1.02 AUMNx684@24.50 
Purchases: CYTXx192@70.94 MDXGx13500@1.01 TSNx918@14.84 KLICx2386@5.71 XTLBx68175@0.20 

2010-10-11
Cash: 22.88
Held: XTLBx68175@0.25 KLICx2386@5.86 TSNx918@14.84 MDXGx13500@1.01 CYTXx192@70.19 
Value: 71781.49
Sales: TSNx918@14.84 MDXGx13500@1.01 CYTXx192@70.19 KLICx2386@5.86 XTLBx68175@0.25 
Purchases: IDRAx4769@3.01 CBRx4602@3.12 VCELx9508@1.51 THRMx1468@9.77 SPEXx15108@0.95 

2010-10-12
Cash: 15.83
Held: VCELx9508@1.48 SPEXx15108@0.99 THRMx1468@10.13 CBRx4602@3.28 IDRAx4769@2.98 
Value: 73232.73
Sales: CBRx4602@3.28 IDRAx4769@2.98 VCELx9508@1.48 THRMx1468@10.13 SPEXx15108@0.99 
Purchases: KMGx1046@13.99 GPNx377@38.75 RBCNx781@18.73 RVLTx7217@2.03 BOSCx1571@9.32 

2010-10-13
Cash: 68.96
Held: RVLTx7217@2.16 RBCNx781@19.80 GPNx377@38.59 KMGx1046@14.15 BOSCx1571@9.28 
Value: 75050.12
Sales: KMGx1046@14.15 GPNx377@38.59 BOSCx1571@9.28 RVLTx7217@2.16 RBCNx781@19.80 
Purchases: SSYx7541@1.99 DFFNx31938@0.47 BCLIx4547@3.30 CASHx721@20.80 MGMx1298@11.56 

2010-10-14
Cash: 20.52
Held: SSYx7541@1.93 CASHx721@18.95 DFFNx31938@0.52 MGMx1298@11.06 BCLIx4547@3.22 
Value: 73849.54
Sales: BCLIx4547@3.22 DFFNx31938@0.52 SSYx7541@1.93 CASHx721@18.95 MGMx1298@11.06 
Purchases: DVx354@41.72 BSRRx1355@10.90 APOLx403@36.59 OGENx2272@6.50 CECOx871@16.95 

2010-10-17
Cash: 32.26
Held: BSRRx1355@10.99 CECOx871@17.44 DVx354@43.75 APOLx403@37.28 OGENx2272@6.50 
Value: 75394.58
Sales: DVx354@43.75 BSRRx1355@10.99 APOLx403@37.28 OGENx2272@6.50 CECOx871@17.44 
Purchases: TGNAx1209@12.47 BDLx2480@6.08 MEGx1746@8.63 JASOx1679@8.98 INSYx51989@0.29 

2010-10-18
Cash: 22.74
Held: TGNAx1209@12.13 INSYx51989@0.29 JASOx1679@8.05 MEGx1746@7.98 BDLx2480@7.05 
Value: 74700.69
Sales: TGNAx1209@12.13 INSYx51989@0.29 MEGx1746@7.98 BDLx2480@7.05 JASOx1679@8.05 
Purchases: HRBx1376@10.85 VHIx746@20.02 CASHx1124@13.29 EBRx1023@14.59 BOSCx1986@7.52 

2010-10-19
Cash: 37.18
Held: EBRx1023@15.01 CASHx1124@13.85 VHIx746@20.66 BOSCx1986@6.84 HRBx1376@10.73 
Value: 74712.57
Sales: HRBx1376@10.73 VHIx746@20.66 CASHx1124@13.85 EBRx1023@15.01 BOSCx1986@6.84 
Purchases: BXCx486@30.70 SVUx1463@10.21 FNSRx794@18.80 PCOx10373@1.44 SIFYx7471@2.00 

2010-10-20
Cash: 43.95
Held: PCOx10373@1.49 SIFYx7471@1.98 FNSRx794@18.44 SVUx1463@10.55 BXCx486@30.41 
Value: 75145.13
Sales: SVUx1463@10.55 FNSRx794@18.44 PCOx10373@1.49 BXCx486@30.41 SIFYx7471@1.98 
Purchases: MEGx2216@6.78 RBPAAx8540@1.76 GBRx4460@3.37 OKSBx1291@11.64 RTNBx26834@0.56 

2010-10-21
Cash: 6.45
Held: RBPAAx8540@1.76 OKSBx1291@11.54 MEGx2216@6.70 RTNBx26834@0.56 GBRx4460@3.30 
Value: 74527.35
Sales: MEGx2216@6.70 RBPAAx8540@1.76 GBRx4460@3.30 OKSBx1291@11.54 RTNBx26834@0.56 
Purchases: FHx7066@2.11 FNFx1166@12.78 CRUSx1127@13.22 PLCEx332@44.78 ACFCx9936@1.50 

2010-10-24
Cash: 50.66
Held: PLCEx332@44.44 FNFx1166@13.12 ACFCx9936@1.35 FHx7066@2.04 CRUSx1127@12.80 
Value: 72338.36
Sales: FHx7066@2.04 FNFx1166@13.12 CRUSx1127@12.80 PLCEx332@44.44 ACFCx9936@1.35 
Purchases: HMNFx4760@3.04 LIVEx1539@9.40 MCBCx7863@1.84 CONNx3973@3.64 RASx8766@1.65 

2010-10-25
Cash: 10.01
Held: LIVEx1539@9.19 CONNx3973@4.20 MCBCx7863@1.78 HMNFx4760@3.04 RASx8766@1.72 
Value: 74372.42
Sales: HMNFx4760@3.04 LIVEx1539@9.19 MCBCx7863@1.78 CONNx3973@4.20 RASx8766@1.72 
Purchases: CGAx2042@7.28 SNGXx78310@0.19 INVTx8907@1.67 CVBx1684@8.83 SRIx1435@10.36 

2010-10-26
Cash: 23.54
Held: CVBx1684@9.24 INVTx8907@1.88 SRIx1435@10.49 SNGXx78310@0.19 CGAx2042@7.75 
Value: 78087.60
Sales: CGAx2042@7.75 SRIx1435@10.49 INVTx8907@1.88 CVBx1684@9.24 SNGXx78310@0.19 
Purchases: CPLAx291@53.50 LOPEx837@18.64 UISx661@23.59 BXSx1241@12.58 BWL.Ax1404@11.12 

2010-10-27
Cash: 103.44
Held: BWL.Ax1404@11.12 UISx661@23.16 LOPEx837@18.61 CPLAx291@54.12 BXSx1241@12.84 
Value: 78283.77
Sales: CPLAx291@54.12 UISx661@23.16 BWL.Ax1404@11.12 BXSx1241@12.84 LOPEx837@18.61 
Purchases: CBMXx3@4972.00 KONAx4660@3.36 GTXIx5513@2.84 BXMTx10796@1.45 SOXSx666@23.50 

2010-10-28
Cash: 749.71
Held: KONAx4660@3.34 GTXIx5513@2.80 BXMTx10796@1.46 SOXSx666@23.05 CBMXx3@5084.00 
Value: 78117.05
Sales: CBMXx3@5084.00 KONAx4660@3.34 GTXIx5513@2.80 BXMTx10796@1.46 SOXSx666@23.05 
Purchases: OCLRx1858@8.41 CDTIx185@84.25 GPREx1407@11.10 SRTx3831@4.08 NCIx1707@9.15 

2010-10-31
Cash: 52.41
Held: SRTx3831@4.24 GPREx1407@11.22 NCIx1707@8.90 CDTIx185@71.19 OCLRx1858@8.62 
Value: 76444.10
Sales: OCLRx1858@8.62 NCIx1707@8.90 CDTIx185@71.19 GPREx1407@11.22 SRTx3831@4.24 
Purchases: PIPx4432@3.45 NRx2852@5.36 EXASx2446@6.25 NUVAx594@25.73 AMAGx963@15.87 

2010-11-01
Cash: 18.40
Held: NRx2852@5.55 NUVAx594@24.86 PIPx4432@3.21 AMAGx963@16.02 EXASx2446@6.25 
Value: 75557.12
Sales: PIPx4432@3.21 NRx2852@5.55 EXASx2446@6.25 NUVAx594@24.86 AMAGx963@16.02 
Purchases: LIVEx2272@6.65 BIOPx29059@0.52 CDTIx232@65.00 XTLBx107927@0.14 MTSLx7748@1.95 

2010-11-02
Cash: 39.15
Held: XTLBx107927@0.16 LIVEx2272@6.46 MTSLx7748@1.90 CDTIx232@70.25 BIOPx29059@0.50 
Value: 77542.14
Sales: LIVEx2272@6.46 BIOPx29059@0.50 CDTIx232@70.25 MTSLx7748@1.90 XTLBx107927@0.16 
Purchases: SPRx814@19.03 BOSCx2154@7.20 BNCNx1752@8.85 BELx1369@11.32 CCURx3196@4.85 

2010-11-03
Cash: 32.54
Held: BELx1369@11.49 SPRx814@18.94 BNCNx1752@8.77 CCURx3196@4.79 BOSCx2154@7.12 
Value: 77196.21
Sales: SPRx814@18.94 BNCNx1752@8.77 BOSCx2154@7.12 BELx1369@11.49 CCURx3196@4.79 
Purchases: TGBx3271@4.72 HSNIx589@26.17 GIGAx7051@2.19 PWRx869@17.77 NANOx1228@12.57 

2010-11-04
Cash: 33.44
Held: HSNIx589@26.23 NANOx1228@12.74 GIGAx7051@2.34 PWRx869@17.84 TGBx3271@4.67 
Value: 78419.06
Sales: HSNIx589@26.23 PWRx869@17.84 TGBx3271@4.67 GIGAx7051@2.34 NANOx1228@12.74 
Purchases: DFFNx36479@0.43 KRAx541@28.97 INUVx46116@0.34 NSITx1199@13.07 ECHOx1318@11.90 

2010-11-07
Cash: 26.55
Held: INUVx46116@0.34 ECHOx1318@11.26 DFFNx36479@0.43 NSITx1199@13.46 KRAx541@28.88 
Value: 77992.35
Sales: DFFNx36479@0.43 KRAx541@28.88 INUVx46116@0.34 NSITx1199@13.46 ECHOx1318@11.26 
Purchases: PODDx1091@14.30 INSYx59991@0.26 SEMx2437@6.40 YRCWx3909@3.99 STSx6722@2.32 

2010-11-08
Cash: 8.26
Held: SEMx2437@6.28 STSx6722@2.32 PODDx1091@13.96 INSYx59991@0.26 YRCWx3909@3.77 
Value: 76477.53
Sales: INSYx59991@0.26 SEMx2437@6.28 PODDx1091@13.96 YRCWx3909@3.77 STSx6722@2.32 
Purchases: IESCx4447@3.44 PLABx2487@6.15 STMPx1164@13.13 NAVBx8838@1.73 LMIAx1075@14.22 

2010-11-09
Cash: 25.49
Held: STMPx1164@13.99 IESCx4447@3.43 LMIAx1075@14.43 NAVBx8838@1.73 PLABx2487@6.31 
Value: 78059.48
Sales: NAVBx8838@1.73 PLABx2487@6.31 STMPx1164@13.99 LMIAx1075@14.43 IESCx4447@3.43 
Purchases: DFx2034@7.67 ENOCx611@25.55 GSSx3294@4.74 OGENx3902@4.00 INSx12687@1.23 

2010-11-10
Cash: 18.89
Held: INSx12687@1.18 ENOCx611@26.16 DFx2034@7.71 OGENx3902@4.00 GSSx3294@4.72 
Value: 77802.67
Sales: DFx2034@7.71 GSSx3294@4.72 ENOCx611@26.16 OGENx3902@4.00 INSx12687@1.18 
Purchases: BDSIx5311@2.93 IDSAx1304@11.93 AIZx437@35.56 MARKx3194@4.87 FCSCx37055@0.42 

2010-11-11
Cash: 27.49
Held: AIZx437@35.00 MARKx3194@4.78 FCSCx37055@0.45 BDSIx5311@3.09 IDSAx1304@11.39 
Value: 78530.28
Sales: FCSCx37055@0.45 BDSIx5311@3.09 MARKx3194@4.78 IDSAx1304@11.39 AIZx437@35.00 
Purchases: IMNPx36531@0.43 HPJx4351@3.61 SRDXx1803@8.71 ANWx1552@10.12 CSCOx779@20.16 

2010-11-14
Cash: 10.64
Held: HPJx4351@3.58 SRDXx1803@8.58 IMNPx36531@0.43 ANWx1552@9.55 CSCOx779@19.95 
Value: 77119.99
Sales: IMNPx36531@0.43 HPJx4351@3.58 SRDXx1803@8.58 CSCOx779@19.95 ANWx1552@9.55 
Purchases: TORMx1794@8.59 ESNCx27067@0.57 NXSTx3301@4.67 ASMx8968@1.72 BDDx904@17.05 

2010-11-15
Cash: 24.63
Held: ESNCx27067@0.57 TORMx1794@8.62 NXSTx3301@4.29 ASMx8968@1.56 BDDx904@15.00 
Value: 72611.72
Sales: TORMx1794@8.62 ESNCx27067@0.57 BDDx904@15.00 ASMx8968@1.56 NXSTx3301@4.29 
Purchases: MMYTx519@27.94 HRTXx25485@0.57 GNMKx4270@3.40 HCSGx917@15.82 WCNx561@25.84 

2010-11-16
Cash: 64.94
Held: WCNx561@25.91 MMYTx519@27.52 HCSGx917@15.65 GNMKx4270@3.40 HRTXx25485@0.59 
Value: 72780.41
Sales: HCSGx917@15.65 HRTXx25485@0.59 GNMKx4270@3.40 MMYTx519@27.52 WCNx561@25.91 
Purchases: CVVx2426@6.00 BDDx973@14.95 FFHLx7824@1.86 SSKNx5754@2.53 FNx883@16.48 

2010-11-17
Cash: 10.36
Held: CVVx2426@6.50 SSKNx5754@2.53 FFHLx7824@2.01 FNx883@16.53 BDDx973@16.00 
Value: 76222.43
Sales: CVVx2426@6.50 BDDx973@16.00 FFHLx7824@2.01 SSKNx5754@2.53 FNx883@16.53 
Purchases: CBMXx3@4952.00 SARx831@18.33 HAFCx16218@0.94 FBPx58630@0.26 JKSx619@24.59 

2010-11-18
Cash: 423.88
Held: SARx831@18.39 JKSx619@26.06 HAFCx16218@0.92 FBPx58630@0.26 CBMXx3@4884.00 
Value: 76654.85
Sales: HAFCx16218@0.92 SARx831@18.39 CBMXx3@4884.00 FBPx58630@0.26 JKSx619@26.06 
Purchases: ZSLx1172@13.08 VCELx6386@2.40 YANGx879@17.42 LPTHx8611@1.78 ITUSx69695@0.22 

2010-11-21
Cash: 23.77
Held: ITUSx69695@0.25 VCELx6386@2.49 LPTHx8611@1.85 ZSLx1172@12.64 YANGx879@17.38 
Value: 79364.58
Sales: ZSLx1172@12.64 VCELx6386@2.49 YANGx879@17.38 LPTHx8611@1.85 ITUSx69695@0.25 
Purchases: SPWRx1291@12.29 HRTXx28870@0.55 LIVEx2316@6.85 CKXx1531@10.37 BALx261@60.62 

2010-11-22
Cash: 63.03
Held: SPWRx1291@12.08 CKXx1531@10.35 LIVEx2316@6.69 BALx261@56.25 HRTXx28870@0.55 
Value: 77555.54
Sales: SPWRx1291@12.08 LIVEx2316@6.69 HRTXx28870@0.55 CKXx1531@10.35 BALx261@56.25 
Purchases: ELTKx13610@1.14 NYNYx13969@1.11 XPOx6488@2.39 BWL.Ax1340@11.57 CONNx4699@3.30 

2010-11-23
Cash: 9.46
Held: BWL.Ax1340@11.57 CONNx4699@3.33 XPOx6488@2.32 NYNYx13969@1.08 ELTKx13610@1.20 
Value: 77638.17
Sales: NYNYx13969@1.08 ELTKx13610@1.20 XPOx6488@2.32 BWL.Ax1340@11.57 CONNx4699@3.33 
Purchases: SSKNx3961@3.92 CDTIx237@65.44 BRCDx3043@5.10 SPHSx33039@0.47 JACKx778@19.95 

2010-11-25
Cash: 27.73
Held: JACKx778@20.05 SSKNx3961@3.87 SPHSx33039@0.47 BRCDx3043@5.05 CDTIx237@76.06 
Value: 79873.56
Sales: BRCDx3043@5.05 CDTIx237@76.06 JACKx778@20.05 SPHSx33039@0.47 SSKNx3961@3.87 
Purchases: CVVx2511@6.36 FMBHx937@17.05 VRTBx9986@1.60 EVBSx4564@3.50 LPTHx9566@1.67 

2010-11-28
Cash: 10.08
Held: CVVx2511@6.80 VRTBx9986@1.65 LPTHx9566@1.67 EVBSx4564@3.70 FMBHx937@17.05 
Value: 82398.27
Sales: CVVx2511@6.80 EVBSx4564@3.70 VRTBx9986@1.65 LPTHx9566@1.67 FMBHx937@17.05 
Purchases: AIIIx12678@1.30 CYANx5720@2.88 MGAx341@48.28 GFEDx3831@4.30 SCIFx860@19.14 

2010-11-29
Cash: 39.69
Held: GFEDx3831@4.50 SCIFx860@19.30 MGAx341@47.62 CYANx5720@2.91 AIIIx12678@1.43 
Value: 84886.30
Sales: AIIIx12678@1.43 CYANx5720@2.91 MGAx341@47.62 GFEDx3831@4.50 SCIFx860@19.30 
Purchases: UNISx3126@5.43 HIHOx5128@3.31 MSONx7044@2.41 VBFCx9701@1.75 DHILx245@69.25 

2010-11-30
Cash: 16.47
Held: VBFCx9701@1.80 MSONx7044@2.35 HIHOx5128@3.37 UNISx3126@5.51 DHILx245@73.81 
Value: 86617.68
Sales: UNISx3126@5.51 HIHOx5128@3.37 MSONx7044@2.35 VBFCx9701@1.80 DHILx245@73.81 
Purchases: XBKSx36092@0.48 BGIx13967@1.24 ROSGx16185@1.07 SALMx5217@3.32 NNVCx13428@1.29 

2010-12-01
Cash: 4.15
Held: SALMx5217@3.36 BGIx13967@1.34 NNVCx13428@1.42 XBKSx36092@0.54 ROSGx16185@1.06 
Value: 91950.55
Sales: XBKSx36092@0.54 BGIx13967@1.34 ROSGx16185@1.06 SALMx5217@3.36 NNVCx13428@1.42 
Purchases: DFFNx40871@0.45 NNAx4441@4.14 IGCx33448@0.55 TROVx55714@0.33 CPHCx1817@10.12 

2010-12-02
Cash: 9.31
Held: CPHCx1817@10.42 DFFNx40871@0.45 IGCx33448@0.58 TROVx55714@0.33 NNAx4441@4.07 
Value: 93204.49
Sales: DFFNx40871@0.45 NNAx4441@4.07 IGCx33448@0.58 TROVx55714@0.33 CPHCx1817@10.42 
Purchases: FAZx1710@10.90 FANHx1109@16.80 KRx883@21.11 INSMx28682@0.65 CACBx2867@6.50 

2010-12-05
Cash: 24.85
Held: CACBx2867@6.60 FAZx1710@10.95 INSMx28682@0.64 KRx883@20.62 FANHx1109@16.98 
Value: 93089.33
Sales: FAZx1710@10.95 KRx883@20.62 FANHx1109@16.98 INSMx28682@0.64 CACBx2867@6.60 
Purchases: CDTIx252@73.75 LBx585@31.81 MITLx3365@5.53 OREXx3909@4.76 CPRXx18617@1.00 

2010-12-06
Cash: 50.80
Held: CPRXx18617@0.99 LBx585@31.44 OREXx3909@4.76 MITLx3365@5.45 CDTIx252@70.38 
Value: 91561.61
Sales: CDTIx252@70.38 OREXx3909@4.76 MITLx3365@5.45 LBx585@31.44 CPRXx18617@0.99 
Purchases: PTNx20349@0.90 INSx14424@1.27 XCRAx2519@7.27 AHPIx2245@8.16 VMOx1388@13.19 

2010-12-07
Cash: 10.80
Held: XCRAx2519@6.96 VMOx1388@13.10 PTNx20349@0.99 INSx14424@1.26 AHPIx2245@8.26 
Value: 92590.30
Sales: VMOx1388@13.10 INSx14424@1.26 XCRAx2519@6.96 AHPIx2245@8.26 PTNx20349@0.99 
Purchases: ABMDx2001@9.25 AXUx2344@7.90 GERNx3810@4.86 GSTx4430@4.18 TROVx71220@0.26 

2010-12-08
Cash: 18.98
Held: GERNx3810@4.72 AXUx2344@7.88 GSTx4430@4.24 TROVx71220@0.26 ABMDx2001@9.43 
Value: 92627.86
Sales: TROVx71220@0.26 ABMDx2001@9.43 GERNx3810@4.72 GSTx4430@4.24 AXUx2344@7.88 
Purchases: TRQx744@24.88 UNXLx51444@0.36 RLGTx19709@0.94 TLRDx790@23.42 GTIMx34968@0.53 

2010-12-09
Cash: 41.38
Held: TRQx744@23.94 RLGTx19709@0.99 GTIMx34968@0.58 UNXLx51444@5.25 TLRDx790@24.88 
Value: 347383.83
Sales: TRQx744@23.94 UNXLx51444@5.25 RLGTx19709@0.99 TLRDx790@24.88 GTIMx34968@0.58 
Purchases: DRAMx2169@32.03 OPHCx21637@3.21 CIVBx18575@3.74 LDOSx4591@15.13 MTSLx27133@2.56 

2010-12-12
Cash: 8.08
Held: DRAMx2169@32.41 LDOSx4591@15.39 CIVBx18575@3.71 OPHCx21637@2.40 MTSLx27133@2.28 
Value: 323667.67
Sales: DRAMx2169@32.41 LDOSx4591@15.39 CIVBx18575@3.71 OPHCx21637@2.40 MTSLx27133@2.28 
Purchases: DDCx5188@12.48 VCELx27550@2.35 CASIx11922@5.43 KINSx19213@3.37 STRMx43438@1.49 

2010-12-13
Cash: 10.69
Held: VCELx27550@2.25 CASIx11922@5.09 DDCx5188@11.98 STRMx43438@1.51 KINSx19213@3.03 
Value: 308596.80
Sales: DDCx5188@11.98 VCELx27550@2.25 CASIx11922@5.09 KINSx19213@3.03 STRMx43438@1.51 
Purchases: RESx3137@19.67 CYTKx4785@12.90 ROLx3211@19.22 PTIEx9393@6.57 USATPx4747@13.00 

2010-12-14
Cash: 29.75
Held: PTIEx9393@6.58 RESx3137@18.50 USATPx4747@13.00 CYTKx4785@12.60 ROLx3211@19.44 
Value: 304275.87
Sales: RESx3137@18.50 CYTKx4785@12.60 USATPx4747@13.00 PTIEx9393@6.58 ROLx3211@19.44 
Purchases: INVTx27403@2.22 RLIx1161@52.38 SQBGx553302@0.11 BBYx1763@34.50 APDNx19138@3.18 

2010-12-15
Cash: 83.09
Held: APDNx19138@3.54 BBYx1763@34.59 INVTx27403@2.31 RLIx1161@52.59 SQBGx553302@0.11 
Value: 314034.83
Sales: INVTx27403@2.31 RLIx1161@52.59 APDNx19138@3.54 BBYx1763@34.59 SQBGx553302@0.11 
Purchases: EOSx5216@12.04 MMACx523412@0.12 COYNx13957@4.50 INUVx13511@4.65 GLOWx125613@0.50 

2010-12-16
Cash: 14.15
Held: GLOWx125613@0.56 EOSx5216@12.00 INUVx13511@4.72 MMACx523412@0.12 COYNx13957@4.75 
Value: 325814.46
Sales: EOSx5216@12.00 MMACx523412@0.12 COYNx13957@4.75 INUVx13511@4.72 GLOWx125613@0.56 
Purchases: CRKx592@110.00 RGCx5058@12.88 MAx294@221.25 PKOHx3242@20.09 Vx974@66.88 

2010-12-19
Cash: 205.50
Held: PKOHx3242@19.92 MAx294@223.50 RGCx5058@12.54 Vx974@68.00 CRKx592@111.38 
Value: 326089.80
Sales: CRKx592@111.38 RGCx5058@12.54 MAx294@223.50 PKOHx3242@19.92 Vx974@68.00 
Purchases: PBIBx6506@10.02 FSBKx10905@5.98 DXRx7453@8.75 SAJAx76718@0.85 PNBKx33441@1.95 

2010-12-20
Cash: 12.28
Held: FSBKx10905@6.41 PBIBx6506@10.10 SAJAx76718@0.82 DXRx7453@9.44 PNBKx33441@1.91 
Value: 332746.30
Sales: PBIBx6506@10.10 FSBKx10905@6.41 SAJAx76718@0.82 PNBKx33441@1.91 DXRx7453@9.44 
Purchases: SGOCx13393@4.97 INVTx35217@1.89 CDTIx1278@52.06 CXEx14561@4.57 BIOLx46548@1.43 

2010-12-21
Cash: 18.79
Held: SGOCx13393@4.90 CXEx14561@4.67 INVTx35217@1.82 CDTIx1278@49.75 BIOLx46548@1.60 
Value: 335795.80
Sales: SGOCx13393@4.90 INVTx35217@1.82 CDTIx1278@49.75 CXEx14561@4.67 BIOLx46548@1.60 
Purchases: ORNx5994@11.20 STVx9263@7.25 CYRXx10765@6.24 SKXx3460@19.41 BASIx32748@2.05 

2010-12-22
Cash: 27.81
Held: ORNx5994@11.16 STVx9263@7.19 BASIx32748@1.70 CYRXx10765@6.60 SKXx3460@19.88 
Value: 329023.69
Sales: ORNx5994@11.16 STVx9263@7.19 CYRXx10765@6.60 SKXx3460@19.88 BASIx32748@1.70 
Purchases: EMKRx14300@4.60 ARNAx38027@1.73 CFFNx5675@11.59 LNNx1064@61.81 BASIx38704@1.70 

2010-12-26
Cash: 49.42
Held: EMKRx14300@4.72 BASIx38704@2.18 LNNx1064@60.00 ARNAx38027@1.79 CFFNx5675@11.72 
Value: 350303.89
Sales: EMKRx14300@4.72 ARNAx38027@1.79 LNNx1064@60.00 CFFNx5675@11.72 BASIx38704@2.18 
Purchases: GDXJx1846@37.94 EMMSx25014@2.80 CKXx7179@9.76 CASCx3527@19.86 CURx2519@27.81 

2010-12-27
Cash: 57.48
Held: CKXx7179@9.82 CASCx3527@19.31 GDXJx1846@39.97 EMMSx25014@2.79 CURx2519@28.08 
Value: 352949.41
Sales: CURx2519@28.08 EMMSx25014@2.79 CKXx7179@9.82 CASCx3527@19.31 GDXJx1846@39.97 
Purchases: MNROx2004@35.22 RLOGx15686@4.50 BSFx59297@1.19 PSDVx13628@5.18 DRYSx8@8296.00 

2010-12-28
Cash: 4238.35
Held: MNROx2004@35.34 PSDVx13628@5.08 BSFx59297@1.34 DRYSx8@8192.00 RLOGx15686@4.46 
Value: 359230.89
Sales: MNROx2004@35.34 RLOGx15686@4.46 BSFx59297@1.34 PSDVx13628@5.08 DRYSx8@8192.00 
Purchases: ACADx67806@1.06 BORNx6722@10.69 VRMLx9379@7.66 PBPx3449@20.83 GLOWx119724@0.60 

2010-12-29
Cash: 17.39
Held: GLOWx119724@0.60 PBPx3449@20.88 ACADx67806@1.23 VRMLx9379@7.42 BORNx6722@10.66 
Value: 368535.60
Sales: VRMLx9379@7.42 BORNx6722@10.66 ACADx67806@1.23 PBPx3449@20.88 GLOWx119724@0.60 
Purchases: HRTXx153562@0.48 XPLx19758@3.73 GRRx3819@19.30 KGJIx16832@4.38 BTXx8743@8.43 

2010-12-30
Cash: 20.96
Held: XPLx19758@3.63 GRRx3819@19.69 BTXx8743@8.33 KGJIx16832@4.08 HRTXx153562@0.45 
Value: 357497.24
Sales: KGJIx16832@4.08 HRTXx153562@0.45 GRRx3819@19.69 BTXx8743@8.33 XPLx19758@3.63 
Purchases: QADBx7194@9.94 MEIPx73694@0.97 CVMx87213@0.82 PRPHx59573@1.20 BLINx9931@7.20 

2011-01-02
Cash: 13.85
Held: MEIPx73694@1.00 PRPHx59573@1.21 CVMx87213@0.83 QADBx7194@10.42 BLINx9931@7.05 
Value: 363178.73
Sales: QADBx7194@10.42 MEIPx73694@1.00 CVMx87213@0.83 PRPHx59573@1.21 BLINx9931@7.05 
Purchases: ETRMx22@3182.00 CDTIx1547@46.94 DTOx1367@53.12 NBNx4842@15.00 AGAx4102@17.70 

2011-01-03
Cash: 2692.33
Held: AGAx4102@18.44 NBNx4842@14.55 ETRMx22@3266.00 DTOx1367@55.75 CDTIx1547@43.44 
Value: 364018.98
Sales: ETRMx22@3266.00 CDTIx1547@43.44 DTOx1367@55.75 NBNx4842@14.55 AGAx4102@18.44 
Purchases: FCELx34674@2.10 EDAPx14710@4.95 BIOLx47273@1.54 NUROx123428@0.59 VRMLx10674@6.82 

2011-01-04
Cash: 8.60
Held: NUROx123428@0.54 FCELx34674@2.09 VRMLx10674@7.56 EDAPx14710@5.00 BIOLx47273@1.51 
Value: 364729.37
Sales: FCELx34674@2.09 EDAPx14710@5.00 BIOLx47273@1.51 NUROx123428@0.54 VRMLx10674@7.56 
Purchases: PIPx20611@3.54 GPLx28729@2.54 YTENx6650@10.97 EMXx25320@2.88 ELTKx54049@1.35 

2011-01-05
Cash: 10.44
Held: YTENx6650@10.56 EMXx25320@3.11 PIPx20611@3.43 GPLx28729@2.21 ELTKx54049@1.40 
Value: 358877.46
Sales: PIPx20611@3.43 GPLx28729@2.21 YTENx6650@10.56 EMXx25320@3.11 ELTKx54049@1.40 
Purchases: IIIx33870@2.12 NUROx135480@0.53 WSO.Bx1272@56.41 RTNBx87549@0.82 WSCIx14188@5.06 

2011-01-06
Cash: 32.01
Held: IIIx33870@2.14 NUROx135480@0.53 WSCIx14188@4.93 RTNBx87549@0.82 WSO.Bx1272@61.09 
Value: 363738.72
Sales: WSO.Bx1272@61.09 IIIx33870@2.14 WSCIx14188@4.93 NUROx135480@0.53 RTNBx87549@0.82 
Purchases: BTXx8694@8.37 SSYx41111@1.77 CRWSx16495@4.41 PEIXx84603@0.86 BASx4976@14.62 

2011-01-09
Cash: 19.53
Held: SSYx41111@1.88 BTXx8694@8.71 CRWSx16495@4.37 BASx4976@15.12 PEIXx84603@0.87 
Value: 373975.12
Sales: BASx4976@15.12 SSYx41111@1.88 BTXx8694@8.71 PEIXx84603@0.87 CRWSx16495@4.37 
Purchases: KGJIx22460@3.33 RNNx58421@1.28 MSTXx29918@2.50 XOMAx12920@5.79 KATEx13007@5.75 

2011-01-10
Cash: 6.77
Held: KATEx13007@5.78 MSTXx29918@2.49 XOMAx12920@5.72 KGJIx22460@3.25 RNNx58421@1.31 
Value: 373093.98
Sales: KGJIx22460@3.25 RNNx58421@1.31 MSTXx29918@2.49 KATEx13007@5.78 XOMAx12920@5.72 
Purchases: CPLAx1402@53.19 RAVEx38668@1.93 STRAx630@118.38 RBPAAx43888@1.70 UCBIx42639@1.75 

2011-01-11
Cash: 95.28
Held: RBPAAx43888@1.88 RAVEx38668@1.95 UCBIx42639@1.81 CPLAx1402@53.69 STRAx630@123.56 
Value: 388282.24
Sales: RAVEx38668@1.95 CPLAx1402@53.69 STRAx630@123.56 RBPAAx43888@1.88 UCBIx42639@1.81 
Purchases: INSYx287595@0.27 TCIx12792@6.07 TUESx17686@4.39 HSTMx11484@6.76 SQBGx1109261@0.07 

2011-01-12
Cash: 13.97
Held: TUESx17686@4.41 INSYx287595@0.30 SQBGx1109261@0.07 TCIx12792@6.07 HSTMx11484@6.80 
Value: 397712.54
Sales: INSYx287595@0.30 TCIx12792@6.07 TUESx17686@4.41 HSTMx11484@6.80 SQBGx1109261@0.07 
Purchases: EPVx5752@13.83 DPKx2542@31.28 VTNRx220885@0.36 WSO.Bx1366@58.22 GTIMx38786@2.05 

2011-01-13
Cash: 45.49
Held: DPKx2542@30.77 VTNRx220885@0.60 EPVx5752@13.52 GTIMx38786@2.00 WSO.Bx1366@58.12 
Value: 445561.84
Sales: EPVx5752@13.52 WSO.Bx1366@58.12 VTNRx220885@0.60 DPKx2542@30.77 GTIMx38786@2.00 
Purchases: GPLx40127@2.22 GTIMx44556@2.00 CDTIx1906@46.75 BPTHx228556@0.39 DLHCx207271@0.43 

2011-01-17
Cash: 9.54
Held: DLHCx207271@0.50 BPTHx228556@0.52 GTIMx44556@2.04 CDTIx1906@46.84 GPLx40127@2.22 
Value: 491745.43
Sales: GPLx40127@2.22 GTIMx44556@2.04 CDTIx1906@46.84 BPTHx228556@0.52 DLHCx207271@0.50 
Purchases: SORLx12576@7.82 NSYSx23140@4.25 KNDIx19793@4.97 CPFx2644@37.19 EMMSx21950@4.48 

2011-01-18
Cash: 35.67
Held: SORLx12576@7.88 KNDIx19793@4.99 CPFx2644@34.19 NSYSx23140@4.25 EMMSx21950@4.24 
Value: 479620.87
Sales: SORLx12576@7.88 NSYSx23140@4.25 EMMSx21950@4.24 CPFx2644@34.19 KNDIx19793@4.99 
Purchases: EGPTx1280@74.94 FHx53296@1.80 AKGx12703@7.55 MCZx110242@0.87 SPEXx123013@0.78 

2011-01-19
Cash: 13.74
Held: EGPTx1280@75.25 AKGx12703@7.51 SPEXx123013@0.54 FHx53296@1.80 MCZx110242@0.84 
Value: 446695.37
Sales: EGPTx1280@75.25 FHx53296@1.80 AKGx12703@7.51 MCZx110242@0.84 SPEXx123013@0.54 
Purchases: RDNx11322@7.89 CREEx1705@52.38 INUVx27738@3.22 MTGx9707@9.20 TESSx6868@13.01 

2011-01-20
Cash: 50.09
Held: CREEx1705@51.25 INUVx27738@3.12 RDNx11322@7.86 MTGx9707@9.07 TESSx6868@12.50 
Value: 436829.43
Sales: TESSx6868@12.50 RDNx11322@7.86 INUVx27738@3.12 CREEx1705@51.25 MTGx9707@9.07 
Purchases: MNKDx15163@5.76 VUZIx873872@0.10 AIGx2031@43.00 VISIx14560@6.00 FBPx16301@5.36 

2011-01-23
Cash: 42.45
Held: MNKDx15163@5.43 AIGx2031@41.94 FBPx16301@5.17 VISIx14560@6.09 VUZIx873872@0.11 
Value: 436635.84
Sales: MNKDx15163@5.43 VUZIx873872@0.11 AIGx2031@41.94 FBPx16301@5.17 VISIx14560@6.09 
Purchases: WITx6405@13.63 ACORx3701@23.59 VVUSx10161@8.59 EMMSx20991@4.16 SYNAx3120@27.98 

2011-01-24
Cash: 39.03
Held: ACORx3701@22.98 VVUSx10161@8.51 SYNAx3120@28.41 WITx6405@13.64 EMMSx20991@3.88 
Value: 429010.90
Sales: WITx6405@13.64 ACORx3701@22.98 VVUSx10161@8.51 EMMSx20991@3.88 SYNAx3120@28.41 
Purchases: WWEx6977@12.30 SGYPx18335@4.68 DARx6783@12.65 CPFx2732@31.41 CIG.Cx7400@11.59 

2011-01-25
Cash: 23.56
Held: CIG.Cx7400@12.74 WWEx6977@11.76 CPFx2732@31.20 SGYPx18335@4.15 DARx6783@12.93 
Value: 425360.61
Sales: WWEx6977@11.76 DARx6783@12.93 SGYPx18335@4.15 CPFx2732@31.20 CIG.Cx7400@12.74 
Purchases: TASRx20507@4.15 GENEx27796@3.06 DFFNx189069@0.45 SNFCAx56714@1.50 JKSx3195@26.62 

2011-01-26
Cash: 7.95
Held: TASRx20507@4.22 GENEx27796@2.99 JKSx3195@27.20 DFFNx189069@0.48 SNFCAx56714@1.62 
Value: 439185.15
Sales: SNFCAx56714@1.62 TASRx20507@4.22 GENEx27796@2.99 DFFNx189069@0.48 JKSx3195@27.20 
Purchases: SEVx11772@7.46 CFRx1499@58.59 CRVPx109823@0.80 SGYPx23110@3.80 GTIMx26454@3.32 

2011-01-27
Cash: 14.41
Held: CRVPx109823@0.78 SEVx11772@7.48 CFRx1499@58.22 GTIMx26454@2.93 SGYPx23110@4.55 
Value: 443653.25
Sales: CRVPx109823@0.78 GTIMx26454@2.93 CFRx1499@58.22 SGYPx23110@4.55 SEVx11772@7.48 
Purchases: GHLx1225@72.38 QTMx32151@2.76 XTNTx17234@5.15 CPHCx6696@13.25 COHUx5863@15.13 

2011-01-30
Cash: 90.80
Held: CPHCx6696@13.50 COHUx5863@14.94 XTNTx17234@5.60 GHLx1225@69.44 QTMx32151@2.69 
Value: 446132.23
Sales: GHLx1225@69.44 QTMx32151@2.69 XTNTx17234@5.60 CPHCx6696@13.50 COHUx5863@14.94 
Purchases: INFNx12156@7.34 ARNAx56469@1.58 BSFx43302@2.06 CMCOx5287@16.88 Fx5593@15.95 

2011-01-31
Cash: 13.91
Held: BSFx43302@2.02 Fx5593@15.89 INFNx12156@7.75 ARNAx56469@1.68 CMCOx5287@17.27 
Value: 456682.55
Sales: INFNx12156@7.75 BSFx43302@2.02 ARNAx56469@1.68 CMCOx5287@17.27 Fx5593@15.89 
Purchases: SVBIx18557@4.92 CHKEx5733@15.93 REIx50748@1.80 OTIVx27188@3.36 CDTIx2775@32.91 

2011-02-01
Cash: 36.39
Held: CHKEx5733@16.45 REIx50748@1.80 OTIVx27188@3.13 CDTIx2775@37.19 SVBIx18557@5.20 
Value: 470497.67
Sales: CDTIx2775@37.19 CHKEx5733@16.45 REIx50748@1.80 OTIVx27188@3.13 SVBIx18557@5.20 
Purchases: OPHCx31163@3.02 PFBCx61926@1.52 PRXLx4565@20.61 IDXx3550@26.50 TCIx21879@4.30 

2011-02-02
Cash: 47.93
Held: PFBCx61926@1.50 PRXLx4565@20.34 TCIx21879@5.10 OPHCx31163@2.57 IDXx3550@26.59 
Value: 471929.70
Sales: PRXLx4565@20.34 TCIx21879@5.10 OPHCx31163@2.57 IDXx3550@26.59 PFBCx61926@1.50 
Purchases: TCCOx8786@10.74 ACLSx9042@10.44 XTLBx248460@0.38 IVACx7513@12.56 KTCCx20304@4.65 

2011-02-03
Cash: 23.34
Held: ACLSx9042@11.12 XTLBx248460@0.38 IVACx7513@12.48 TCCOx8786@10.73 KTCCx20304@4.69 
Value: 478164.94
Sales: KTCCx20304@4.69 TCCOx8786@10.73 ACLSx9042@11.12 IVACx7513@12.48 XTLBx248460@0.38 
Purchases: LRADx46900@2.04 AMPx1646@58.09 BORNx7464@12.81 IKGHx9203@10.39 OSBCx86128@1.11 

2011-02-06
Cash: 20.82
Held: IKGHx9203@10.11 AMPx1646@58.69 OSBCx86128@1.10 LRADx46900@2.01 BORNx7464@12.72 
Value: 473554.93
Sales: IKGHx9203@10.11 OSBCx86128@1.10 BORNx7464@12.72 LRADx46900@2.01 AMPx1646@58.69 
Purchases: CBPOx5936@15.95 SYUTx8218@11.52 EVBSx25807@3.67 TTNPx63554@1.49 OSBCx86131@1.10 

2011-02-07
Cash: 27.09
Held: CBPOx5936@16.14 SYUTx8218@11.46 TTNPx63554@1.46 EVBSx25807@3.89 OSBCx86131@1.11 
Value: 478851.23
Sales: CBPOx5936@16.14 OSBCx86131@1.11 EVBSx25807@3.89 TTNPx63554@1.46 SYUTx8218@11.46 
Purchases: MPETx40930@2.34 TRRx27362@3.50 GIGAx40930@2.34 ALIMx10857@8.82 VNDAx13047@7.34 

2011-02-08
Cash: 19.55
Held: GIGAx40930@2.35 MPETx40930@2.36 ALIMx10857@8.50 TRRx27362@3.87 VNDAx13047@6.99 
Value: 482086.31
Sales: MPETx40930@2.36 TRRx27362@3.87 GIGAx40930@2.35 ALIMx10857@8.50 VNDAx13047@6.99 
Purchases: OPXAx50735@1.90 MNIx22377@4.31 TEUMx38416@2.51 OREXx28032@3.44 MEETx8034@12.00 

2011-02-09
Cash: 18.68
Held: OPXAx50735@2.03 TEUMx38416@2.55 MEETx8034@10.75 MNIx22377@4.27 OREXx28032@3.23 
Value: 473427.17
Sales: OPXAx50735@2.03 MEETx8034@10.75 TEUMx38416@2.55 OREXx28032@3.23 MNIx22377@4.27 
Purchases: HVT.Ax9058@10.45 USNAx2769@34.19 OGENx27052@3.50 CSCx1968@48.09 SWIRx8358@11.33 

2011-02-10
Cash: 66.61
Held: USNAx2769@33.94 SWIRx8358@11.14 CSCx1968@47.91 OGENx27052@3.99 HVT.Ax9058@10.72 
Value: 486466.65
Sales: HVT.Ax9058@10.72 OGENx27052@3.99 USNAx2769@33.94 CSCx1968@47.91 SWIRx8358@11.14 
Purchases: SSYx63579@1.53 ITICx3181@30.58 CSCOx5201@18.70 IBIOx23972@4.06 SGYPx29475@3.30 

2011-02-13
Cash: 46.29
Held: SSYx63579@1.51 ITICx3181@31.27 IBIOx23972@4.20 CSCOx5201@18.81 SGYPx29475@3.15 
Value: 486856.88
Sales: CSCOx5201@18.81 ITICx3181@31.27 SSYx63579@1.51 IBIOx23972@4.20 SGYPx29475@3.15 
Purchases: MNKDx27976@3.48 FNCXx51528@1.89 ZIXIx23740@4.10 XTNTx22376@4.35 TCIx25618@3.80 

2011-02-14
Cash: 7.41
Held: MNKDx27976@3.85 XTNTx22376@4.25 FNCXx51528@2.55 ZIXIx23740@3.98 TCIx25618@3.61 
Value: 521200.04
Sales: MNKDx27976@3.85 FNCXx51528@2.55 ZIXIx23740@3.98 XTNTx22376@4.25 TCIx25618@3.61 
Purchases: BWENx5371@19.41 DFFNx347410@0.30 ARLx26060@4.00 AXTIx11355@9.18 MXCx13712@7.60 

2011-02-15
Cash: 21.13
Held: AXTIx11355@9.20 DFFNx347410@0.38 MXCx13712@7.94 BWENx5371@19.00 ARLx26060@3.85 
Value: 547760.08
Sales: BWENx5371@19.00 AXTIx11355@9.20 ARLx26060@3.85 DFFNx347410@0.38 MXCx13712@7.94 
Purchases: UCTTx10410@10.52 MVISx61910@1.77 VPGx6479@16.91 CKXx9952@11.01 CJJDx27590@3.97 

2011-02-16
Cash: 22.37
Held: UCTTx10410@10.89 CKXx9952@11.01 VPGx6479@16.95 CJJDx27590@3.95 MVISx61910@1.66 
Value: 544522.05
Sales: UCTTx10410@10.89 CJJDx27590@3.95 VPGx6479@16.95 CKXx9952@11.01 MVISx61910@1.66 
Purchases: CBBx7920@13.75 TIVOx1811@60.12 BVXx38748@2.81 ARCWx97225@1.12 PDLIx22004@4.95 

2011-02-17
Cash: 26.60
Held: TIVOx1811@57.84 ARCWx97225@1.10 PDLIx22004@4.93 CBBx7920@13.65 BVXx38748@2.86 
Value: 539054.68
Sales: TIVOx1811@57.84 CBBx7920@13.65 ARCWx97225@1.10 PDLIx22004@4.93 BVXx38748@2.86 
Purchases: THLDx46076@2.34 BBWx15898@6.78 ROSGx199635@0.54 OHGIx3593844@0.03 PRPHx78130@1.38 

2011-02-21
Cash: 3.85
Held: PRPHx78130@1.40 BBWx15898@6.51 OHGIx3593844@0.05 THLDx46076@2.23 ROSGx199635@0.52 
Value: 599173.18
Sales: BBWx15898@6.51 THLDx46076@2.23 ROSGx199635@0.52 OHGIx3593844@0.05 PRPHx78130@1.40 
Purchases: RSTx7482@16.02 FNCXx7049@17.00 VTNRx239669@0.50 CKHx1285@93.25 TAx13658@8.77 

2011-02-22
Cash: 22.92
Held: CKHx1285@93.94 VTNRx239669@0.63 RSTx7482@16.39 FNCXx7049@18.00 TAx13658@8.30 
Value: 634531.37
Sales: RSTx7482@16.39 FNCXx7049@18.00 VTNRx239669@0.63 CKHx1285@93.94 TAx13658@8.30 
Purchases: NMRXx13458@9.43 AMOTx17821@7.12 DAKTx11463@11.07 CAMTx31960@3.97 DCTHx18965@6.69 

