2011-08-30
Cash: 10000.00
Held: 
Value: 10000.00
Sales: 
Purchases: SMTCx93@21.33 NETEx10002@0.20 RVPx1562@1.28 MOSYx500@4.00 GUREx1087@1.84 

2011-08-31
Cash: 16.88
Held: RVPx1562@1.36 SMTCx93@21.11 GUREx1087@1.86 NETEx10002@0.20 MOSYx500@3.85 
Value: 10051.83
Sales: NETEx10002@0.20 RVPx1562@1.36 MOSYx500@3.85 GUREx1087@1.86 SMTCx93@21.11 
Purchases: XCRAx353@5.68 JVAx110@18.19 BCLIx350@5.74 OMNx457@4.39 ERIIx801@2.51 

2011-09-01
Cash: 21.04
Held: ERIIx801@2.48 XCRAx353@5.53 JVAx110@17.98 BCLIx350@6.00 OMNx457@4.41 
Value: 10054.15
Sales: BCLIx350@6.00 JVAx110@17.98 XCRAx353@5.53 OMNx457@4.41 ERIIx801@2.48 
Purchases: XBKSx335@6.00 HFCx59@34.00 MEIx251@7.98 LDOSx155@12.94 GEFx40@50.03 

2011-09-05
Cash: 28.49
Held: HFCx59@34.91 LDOSx155@12.97 GEFx40@49.59 MEIx251@7.83 XBKSx335@5.72 
Value: 9962.51
Sales: XBKSx335@5.72 HFCx59@34.91 MEIx251@7.83 LDOSx155@12.97 GEFx40@49.59 
Purchases: ULHx157@12.69 RGCOx107@18.50 DFFNx2845@0.70 ESLx31@62.94 SYUTx411@4.84 

2011-09-06
Cash: 58.78
Held: ESLx31@63.44 SYUTx411@4.77 DFFNx2845@0.70 RGCOx107@18.66 ULHx157@13.29 
Value: 10060.27
Sales: DFFNx2845@0.70 ESLx31@63.44 ULHx157@13.29 RGCOx107@18.66 SYUTx411@4.77 
Purchases: EMITFx41@48.59 GILTx581@3.46 ROSGx1609@1.25 SALMx859@2.34 JKSx155@12.90 

2011-09-07
Cash: 36.69
Held: JKSx155@11.82 SALMx859@2.34 EMITFx41@45.19 GILTx581@3.46 ROSGx1609@1.30 
Value: 9833.64
Sales: EMITFx41@45.19 GILTx581@3.46 ROSGx1609@1.30 SALMx859@2.34 JKSx155@11.82 
Purchases: MLSSx3933@0.50 VIRCx889@2.21 SENEBx96@20.31 VDSIx353@5.57 HMNFx1123@1.75 

2011-09-08
Cash: 20.05
Held: MLSSx3933@0.50 VDSIx353@5.21 VIRCx889@2.11 HMNFx1123@1.77 SENEBx96@20.31 
Value: 9638.43
Sales: MLSSx3933@0.50 SENEBx96@20.31 VIRCx889@2.11 VDSIx353@5.21 HMNFx1123@1.77 
Purchases: VRTBx1460@1.32 GIIIx85@22.58 PPPx625@3.08 TITNx90@21.19 MPXx471@4.09 

2011-09-11
Cash: 33.39
Held: GIIIx85@21.98 MPXx471@4.06 VRTBx1460@1.29 TITNx90@21.28 PPPx625@3.06 
Value: 9525.27
Sales: PPPx625@3.06 GIIIx85@21.98 TITNx90@21.28 VRTBx1460@1.29 MPXx471@4.06 
Purchases: IDRAx1432@1.33 CETVx195@9.75 RDNx683@2.79 MTGx807@2.36 KFYx152@12.48 

2011-09-12
Cash: 13.97
Held: RDNx683@2.65 MTGx807@2.33 KFYx152@13.08 CETVx195@10.09 IDRAx1432@1.38 
Value: 9636.71
Sales: IDRAx1432@1.38 CETVx195@10.09 RDNx683@2.65 MTGx807@2.33 KFYx152@13.08 
Purchases: EMITFx48@39.59 FBCx3933@0.49 YRCWx5073@0.38 SPEXx1036@1.86 IDSAx299@6.44 

2011-09-13
Cash: 28.63
Held: SPEXx1036@2.13 YRCWx5073@0.35 EMITFx48@45.00 FBCx3933@0.53 IDSAx299@6.50 
Value: 10199.39
Sales: EMITFx48@45.00 FBCx3933@0.53 YRCWx5073@0.35 SPEXx1036@2.13 IDSAx299@6.50 
Purchases: WNRx130@15.69 BGIx2291@0.89 LINKx6179@0.33 EXLSx89@22.83 KOOLx1416@1.44 

2011-09-14
Cash: 9.80
Held: KOOLx1416@1.44 EXLSx89@22.80 LINKx6179@0.33 WNRx130@16.02 BGIx2291@1.15 
Value: 10835.50
Sales: WNRx130@16.02 LINKx6179@0.33 BGIx2291@1.15 EXLSx89@22.80 KOOLx1416@1.44 
Purchases: WGBSx6189@0.35 GSSx975@2.22 SEEDx899@2.41 LODEx820@2.64 COOLx23@92.00 

2011-09-15
Cash: 55.52
Held: COOLx23@92.38 WGBSx6189@0.34 LODEx820@2.74 SEEDx899@2.37 GSSx975@2.26 
Value: 10865.07
Sales: GSSx975@2.26 WGBSx6189@0.34 SEEDx899@2.37 LODEx820@2.74 COOLx23@92.38 
Purchases: MTEXx3952@0.55 FANHx248@8.75 SNGXx43470@0.05 NFLXx13@155.25 HRTXx8692@0.25 

2011-09-18
Cash: 158.02
Held: NFLXx13@143.75 MTEXx3952@0.54 FANHx248@7.31 SNGXx43470@0.04 HRTXx8692@0.26 
Value: 9972.71
Sales: MTEXx3952@0.54 FANHx248@7.31 SNGXx43470@0.04 NFLXx13@143.75 HRTXx8692@0.26 
Purchases: NTWKx2809@0.71 CETCx56@35.09 INUVx1608@1.24 ACFCx807@2.47 BBRYx84@23.72 

2011-09-19
Cash: 32.65
Held: INUVx1608@1.20 NTWKx2809@0.72 ACFCx807@2.56 CETCx56@35.50 BBRYx84@22.73 
Value: 9949.70
Sales: NTWKx2809@0.72 BBRYx84@22.73 INUVx1608@1.20 ACFCx807@2.56 CETCx56@35.50 
Purchases: MNTAx171@11.60 FANHx279@7.12 GTIMx1292@1.54 NUROx1149@1.73 JKSx337@5.89 

2011-09-20
Cash: 15.87
Held: NUROx1149@1.74 JKSx337@5.76 MNTAx171@10.62 GTIMx1292@1.54 FANHx279@6.95 
Value: 9701.20
Sales: MNTAx171@10.62 FANHx279@6.95 GTIMx1292@1.54 NUROx1149@1.74 JKSx337@5.76 
Purchases: ARAYx492@3.94 TSLx250@7.75 SINAx21@90.00 TZOOx69@27.88 MARKx612@3.17 

2011-09-21
Cash: 72.12
Held: SINAx21@81.81 TSLx250@7.44 MARKx612@2.96 ARAYx492@3.63 TZOOx69@23.39 
Value: 8862.96
Sales: ARAYx492@3.63 TSLx250@7.44 MARKx612@2.96 TZOOx69@23.39 SINAx21@81.81 
Purchases: FFBCWx432@4.10 KRUx73@23.98 SBSAx984@1.80 BPOPNx111@15.96 ABACx259@6.84 

2011-09-22
Cash: 26.04
Held: ABACx259@7.04 FFBCWx432@4.10 BPOPNx111@15.97 KRUx73@24.06 SBSAx984@1.70 
Value: 8823.12
Sales: ABACx259@7.04 SBSAx984@1.70 KRUx73@24.06 BPOPNx111@15.97 FFBCWx432@4.10 
Purchases: ERXx56@31.33 TRECx501@3.52 AKGx330@5.34 PGTIx1297@1.36 AUMNx203@8.69 

2011-09-25
Cash: 15.37
Held: PGTIx1297@1.28 AKGx330@5.45 ERXx56@34.66 AUMNx203@8.28 TRECx501@3.55 
Value: 8874.91
Sales: ERXx56@34.66 TRECx501@3.55 AKGx330@5.45 PGTIx1297@1.28 AUMNx203@8.28 
Purchases: CASMx1014@1.75 DBSx33@53.25 CYCCx42@41.50 AGQx3@453.50 CKXx178@9.93 

2011-09-26
Cash: 472.18
Held: AGQx3@485.00 DBSx33@55.84 CKXx178@9.93 CASMx1014@1.94 CYCCx42@40.31 
Value: 9198.23
Sales: CASMx1014@1.94 CYCCx42@40.31 DBSx33@55.84 CKXx178@9.93 AGQx3@485.00 
Purchases: FAZx30@60.44 BXCx122@15.00 NFECx2359@0.78 SPUx963@1.91 MBVXx5747@0.32 

2011-09-27
Cash: 36.67
Held: SPUx963@1.83 NFECx2359@0.82 FAZx30@65.38 BXCx122@14.60 MBVXx5747@0.32 
Value: 9315.08
Sales: FAZx30@65.38 BXCx122@14.60 NFECx2359@0.82 SPUx963@1.83 MBVXx5747@0.32 
Purchases: CALXx228@8.16 HIHOx719@2.59 IOCx44@42.22 JRJCx862@2.16 IMUCx1250@1.49 

2011-09-28
Cash: 10.88
Held: IMUCx1250@1.53 CALXx228@8.15 IOCx44@46.50 HIHOx719@2.73 JRJCx862@2.10 
Value: 9600.64
Sales: CALXx228@8.15 IMUCx1250@1.53 IOCx44@46.50 HIHOx719@2.73 JRJCx862@2.10 
Purchases: JVAx226@8.48 JKSx387@4.96 GLUUx853@2.25 LODEx984@1.95 USATx1599@1.20 

2011-09-29
Cash: 7.70
Held: JKSx387@4.86 GLUUx853@2.11 JVAx226@7.49 USATx1599@1.20 LODEx984@2.00 
Value: 9267.04
Sales: JVAx226@7.49 GLUUx853@2.11 USATx1599@1.20 LODEx984@2.00 JKSx387@4.86 
Purchases: KONAx333@5.55 BDSIx1700@1.09 AXDXx712@2.60 AMDx364@5.08 RNVAx1002@1.85 

2011-10-02
Cash: 13.23
Held: AXDXx712@2.43 KONAx333@5.40 RNVAx1002@1.60 AMDx364@4.53 BDSIx1700@0.99 
Value: 8476.42
Sales: KONAx333@5.40 BDSIx1700@0.99 AXDXx712@2.43 AMDx364@4.53 RNVAx1002@1.60 
Purchases: AGENx642@2.64 JVAx229@7.39 ENOCx206@8.20 CFx70@24.20 EBTCx141@12.00 

2011-10-03
Cash: 12.63
Held: CFx70@24.81 ENOCx206@8.53 JVAx229@7.82 AGENx642@2.62 EBTCx141@13.50 
Value: 8882.78
Sales: AGENx642@2.62 JVAx229@7.82 ENOCx206@8.53 CFx70@24.81 EBTCx141@13.50 
Purchases: BSPMx157@11.29 SBSAx1387@1.28 SKLNx11841@0.15 FONRx1160@1.53 SIFYx625@2.84 

2011-10-04
Cash: 8.20
Held: SKLNx11841@0.27 SIFYx625@3.01 FONRx1160@1.81 SBSAx1387@1.33 BSPMx157@12.60 
Value: 11008.97
Sales: BSPMx157@12.60 SBSAx1387@1.33 SKLNx11841@0.27 FONRx1160@1.81 SIFYx625@3.01 
Purchases: TZAx46@47.56 SDDx39@55.88 SRTYx93@23.50 CRMDx5795@0.38 CDXCx1048@2.10 

2011-10-05
Cash: 54.66
Held: SDDx39@53.28 SRTYx93@21.94 CRMDx5795@0.35 CDXCx1048@2.04 TZAx46@44.25 
Value: 10374.07
Sales: SDDx39@53.28 TZAx46@44.25 SRTYx93@21.94 CRMDx5795@0.35 CDXCx1048@2.04 
Purchases: SOXSx27@74.56 DYNTx628@3.30 CRMDx5926@0.35 ERYx17@116.75 RBPAAx2095@0.99 

2011-10-06
Cash: 154.02
Held: DYNTx628@3.39 RBPAAx2095@1.00 ERYx17@120.88 CRMDx5926@0.37 SOXSx27@73.44 
Value: 10609.33
Sales: SOXSx27@73.44 DYNTx628@3.39 CRMDx5926@0.37 ERYx17@120.88 RBPAAx2095@1.00 
Purchases: MYOSx10611@0.20 DTOx31@66.56 SCOx36@58.09 TOPSx2002@1.06 OBCIx1082@1.96 

2011-10-09
Cash: 90.90
Held: TOPSx2002@1.02 OBCIx1082@2.19 SCOx36@53.94 DTOx31@60.97 MYOSx10611@0.20 
Value: 10454.46
Sales: MYOSx10611@0.20 DTOx31@60.97 SCOx36@53.94 TOPSx2002@1.02 OBCIx1082@2.19 
Purchases: CSIIx282@7.41 JASOx1123@1.86 ILMNx78@26.48 Sx941@2.22 IDTx117@17.84 

2011-10-10
Cash: 32.43
Held: CSIIx282@8.02 JASOx1123@1.87 ILMNx78@26.20 Sx941@2.38 IDTx117@17.02 
Value: 10670.25
Sales: CSIIx282@8.02 JASOx1123@1.87 ILMNx78@26.20 Sx941@2.38 IDTx117@17.02 
Purchases: EDZx16@125.75 SKYx294@7.25 PRPHx2845@0.75 SPNx90@23.52 ERYx20@104.69 

2011-10-11
Cash: 182.84
Held: SPNx90@24.09 PRPHx2845@0.79 EDZx16@114.94 ERYx20@102.00 SKYx294@7.53 
Value: 10692.13
Sales: EDZx16@114.94 SKYx294@7.53 PRPHx2845@0.79 SPNx90@24.09 ERYx20@102.00 
Purchases: NYNYx3012@0.71 GALEx2777@0.77 HIHOx855@2.50 ANHx330@6.47 CAPRx3889@0.55 

2011-10-12
Cash: 5.00
Held: GALEx2777@0.80 CAPRx3889@0.53 HIHOx855@2.45 ANHx330@6.41 NYNYx3012@0.73 
Value: 10694.53
Sales: NYNYx3012@0.73 GALEx2777@0.80 HIHOx855@2.45 ANHx330@6.41 CAPRx3889@0.53 
Purchases: BKEx52@40.56 RCONx3100@0.69 BRCDx483@4.42 VXXx49@42.88 UCBIx268@7.96 

2011-10-13
Cash: 76.29
Held: RCONx3100@0.76 VXXx49@40.47 BRCDx483@4.51 UCBIx268@7.80 BKEx52@41.44 
Value: 10839.05
Sales: BKEx52@41.44 RCONx3100@0.76 UCBIx268@7.80 VXXx49@40.47 BRCDx483@4.51 
Purchases: ONVIx747@2.90 ROSGx2644@0.82 IGIx108@19.95 OGENx1083@2.00 USATx1837@1.18 

2011-10-16
Cash: 16.82
Held: ONVIx747@2.85 IGIx108@20.05 USATx1837@1.12 OGENx1083@1.85 ROSGx2644@0.83 
Value: 10566.05
Sales: ONVIx747@2.85 OGENx1083@1.85 ROSGx2644@0.83 IGIx108@20.05 USATx1837@1.12 
Purchases: DEPOx467@4.52 SRPTx2485@0.85 SGRPx2012@1.05 OPHCx4594@0.46 NCMIx180@11.71 

2011-10-17
Cash: 9.70
Held: SRPTx2485@0.89 SGRPx2012@1.05 NCMIx180@11.62 OPHCx4594@0.46 DEPOx467@4.51 
Value: 10645.02
Sales: OPHCx4594@0.46 SRPTx2485@0.89 SGRPx2012@1.05 DEPOx467@4.51 NCMIx180@11.62 
Purchases: CSIQx669@3.18 NAVBx785@2.71 EVCx1542@1.38 INUVx1532@1.39 SPRTx962@2.21 

2011-10-18
Cash: 6.08
Held: EVCx1542@1.28 INUVx1532@1.18 CSIQx669@3.11 SPRTx962@2.08 NAVBx785@2.63 
Value: 9933.98
Sales: CSIQx669@3.11 NAVBx785@2.63 EVCx1542@1.28 INUVx1532@1.18 SPRTx962@2.08 
Purchases: APEIx64@30.92 BMIx141@13.99 HIMXx2006@0.99 AMTXx320@6.20 CROXx129@15.36 

2011-10-19
Cash: 30.56
Held: AMTXx320@7.60 BMIx141@13.80 HIMXx2006@1.00 CROXx129@15.23 APEIx64@31.69 
Value: 10406.65
Sales: APEIx64@31.69 CROXx129@15.23 BMIx141@13.80 HIMXx2006@1.00 AMTXx320@7.60 
Purchases: INBKx211@9.85 ONx309@6.73 AEMx47@43.66 CMAx90@23.06 INFNx295@7.05 

2011-10-20
Cash: 40.80
Held: AEMx47@43.84 CMAx90@24.38 INFNx295@7.05 INBKx211@9.85 ONx309@6.58 
Value: 10486.51
Sales: INBKx211@9.85 INFNx295@7.05 AEMx47@43.84 CMAx90@24.38 ONx309@6.58 
Purchases: EGHTx547@3.83 WSTLx1048@2.00 NVECx38@55.19 GLFx52@40.19 BLINx838@2.50 

2011-10-23
Cash: 13.58
Held: NVECx38@56.03 WSTLx1048@2.10 EGHTx547@3.80 BLINx838@2.40 GLFx52@42.31 
Value: 10633.96
Sales: EGHTx547@3.80 WSTLx1048@2.10 NVECx38@56.03 GLFx52@42.31 BLINx838@2.40 
Purchases: CBPOx277@7.67 DAIOx530@4.01 RCONx2363@0.90 PBIBx1090@1.95 WSCIx376@5.65 

2011-10-24
Cash: 6.65
Held: RCONx2363@0.84 WSCIx376@5.46 DAIOx530@4.06 CBPOx277@8.98 PBIBx1090@2.63 
Value: 11549.71
Sales: CBPOx277@8.98 DAIOx530@4.06 RCONx2363@0.84 PBIBx1090@2.63 WSCIx376@5.46 
Purchases: INUVx2007@1.15 EVBSx1149@2.01 ATRCx231@9.97 SBSAx2357@0.98 DTOx47@48.53 

2011-10-25
Cash: 38.09
Held: INUVx2007@1.16 ATRCx231@10.00 SBSAx2357@1.00 EVBSx1149@2.00 DTOx47@52.12 
Value: 11781.40
Sales: DTOx47@52.12 EVBSx1149@2.00 ATRCx231@10.00 SBSAx2357@1.00 INUVx2007@1.16 
Purchases: MNTAx197@11.91 DHTx1491@1.58 PCYOx1161@2.03 RMDx86@27.27 FNx197@11.95 

2011-10-26
Cash: 24.35
Held: RMDx86@28.62 DHTx1491@1.56 MNTAx197@12.30 FNx197@13.05 PCYOx1161@2.14 
Value: 12289.40
Sales: MNTAx197@12.30 DHTx1491@1.56 PCYOx1161@2.14 FNx197@13.05 RMDx86@28.62 
Purchases: SVBIx913@2.69 VASCx226@10.83 MGYRx847@2.90 SPEXx1165@2.11 MSBFx491@5.00 

2011-10-27
Cash: 17.72
Held: MSBFx491@4.90 MGYRx847@2.90 SPEXx1165@2.01 VASCx226@10.81 SVBIx913@2.90 
Value: 12312.55
Sales: MSBFx491@4.90 VASCx226@10.81 SVBIx913@2.90 MGYRx847@2.90 SPEXx1165@2.01 
Purchases: MDRx226@10.86 SPOKx186@13.23 AVPx130@18.88 QSIIx63@38.94 ORRFx271@9.06 

2011-10-30
Cash: 35.44
Held: AVPx130@18.28 SPOKx186@13.05 MDRx226@10.98 QSIIx63@38.91 ORRFx271@9.16 
Value: 12251.86
Sales: MDRx226@10.98 SPOKx186@13.05 AVPx130@18.28 QSIIx63@38.91 ORRFx271@9.16 
Purchases: AVIDx395@6.20 NUVAx165@14.82 WHRx48@50.81 HMNYx2849@0.86 CPRXx2356@1.04 

2011-10-31
Cash: 18.73
Held: CPRXx2356@1.00 WHRx48@49.88 NUVAx165@14.03 HMNYx2849@0.87 AVIDx395@6.08 
Value: 11963.71
Sales: AVIDx395@6.08 NUVAx165@14.03 HMNYx2849@0.87 WHRx48@49.88 CPRXx2356@1.00 
Purchases: XBKSx570@4.19 IARTx79@30.00 BMAx119@19.95 CVBx276@8.64 GGALx297@8.03 

2011-11-01
Cash: 60.10
Held: CVBx276@10.56 GGALx297@7.99 IARTx79@28.30 BMAx119@20.98 XBKSx570@4.38 
Value: 12576.44
Sales: XBKSx570@4.38 IARTx79@28.30 BMAx119@20.98 CVBx276@10.56 GGALx297@7.99 
Purchases: EXELx576@4.36 AIIIx2062@1.22 GRBKx5850@0.43 AMEDx251@10.00 SIFYx528@4.76 

2011-11-02
Cash: 11.07
Held: GRBKx5850@0.52 SIFYx528@4.91 AMEDx251@9.59 EXELx576@4.53 AIIIx2062@1.34 
Value: 13426.54
Sales: EXELx576@4.53 AIIIx2062@1.34 GRBKx5850@0.52 AMEDx251@9.59 SIFYx528@4.91 
Purchases: HPJx2050@1.31 EVKx1917@1.40 ACFCx2201@1.22 CECOx364@7.37 INSGx789@3.40 

2011-11-03
Cash: 6.77
Held: EVKx1917@1.30 HPJx2050@1.21 CECOx364@7.98 INSGx789@3.53 ACFCx2201@1.25 
Value: 13419.67
Sales: HPJx2050@1.21 EVKx1917@1.30 ACFCx2201@1.25 CECOx364@7.98 INSGx789@3.53 
Purchases: MTEXx4129@0.65 ANFx46@58.22 DXCMx351@7.63 UWNx1742@1.54 EVLVx1308@2.05 

2011-11-06
Cash: 15.24
Held: UWNx1742@1.52 DXCMx351@7.41 EVLVx1308@2.04 MTEXx4129@0.65 ANFx46@58.31 
Value: 13296.15
Sales: MTEXx4129@0.65 ANFx46@58.31 DXCMx351@7.41 UWNx1742@1.52 EVLVx1308@2.04 
Purchases: RSTx377@7.04 MTZx158@16.75 RNWKx337@7.87 RNNx4288@0.62 MSBFx625@4.25 

2011-11-07
Cash: 28.05
Held: MSBFx625@4.25 RSTx377@7.01 RNWKx337@7.80 RNNx4288@0.62 MTZx158@16.58 
Value: 13234.99
Sales: MSBFx625@4.25 RSTx377@7.01 RNWKx337@7.80 MTZx158@16.58 RNNx4288@0.62 
Purchases: LTRXx2300@1.15 IMMRx485@5.45 IBCPx1890@1.40 CRNTx317@8.33 MBVXx10587@0.25 

2011-11-08
Cash: 12.71
Held: IBCPx1890@1.30 LTRXx2300@1.18 IMMRx485@5.04 CRNTx317@8.30 MBVXx10587@0.25 
Value: 12903.43
Sales: LTRXx2300@1.18 IMMRx485@5.04 IBCPx1890@1.30 CRNTx317@8.30 MBVXx10587@0.25 
Purchases: ARLx1912@1.35 LXUx80@32.25 PFINx710@3.63 QNSTx291@8.84 LDLx285@9.02 

2011-11-09
Cash: 19.85
Held: PFINx710@3.60 LXUx80@33.62 LDLx285@9.11 QNSTx291@8.61 ARLx1912@1.50 
Value: 13235.08
Sales: ARLx1912@1.50 LXUx80@33.62 PFINx710@3.60 QNSTx291@8.61 LDLx285@9.11 
Purchases: OMEx313@8.45 SBSAx1254@2.11 ILx551@4.80 NILEx83@31.59 ALSKx548@4.83 

2011-11-10
Cash: 30.77
Held: ALSKx548@5.30 ILx551@5.14 SBSAx1254@3.10 NILEx83@33.41 OMEx313@7.71 
Value: 14841.23
Sales: OMEx313@7.71 SBSAx1254@3.10 ALSKx548@5.30 NILEx83@33.41 ILx551@5.14 
Purchases: QUADx234@12.63 DYNx1006@2.95 RVPx2473@1.20 NFECx4302@0.69 VRMLx2283@1.30 

2011-11-13
Cash: 14.58
Held: NFECx4302@0.64 RVPx2473@1.30 QUADx234@12.65 DYNx1006@2.83 VRMLx2283@1.23 
Value: 14598.81
Sales: QUADx234@12.65 DYNx1006@2.83 RVPx2473@1.30 NFECx4302@0.64 VRMLx2283@1.23 
Purchases: MVISx5958@0.49 ROSGx6489@0.45 MSTXx4492@0.65 ALIMx1847@1.58 PSDVx1836@1.59 

2011-11-14
Cash: 3.00
Held: PSDVx1836@1.40 ALIMx1847@1.50 MSTXx4492@0.65 MVISx5958@0.48 ROSGx6489@0.44 
Value: 13978.48
Sales: MVISx5958@0.48 ROSGx6489@0.44 MSTXx4492@0.65 PSDVx1836@1.40 ALIMx1847@1.50 
Purchases: PSDVx1996@1.40 XBKSx829@3.37 HBPx7763@0.36 HGSHx3992@0.70 ALIMx1863@1.50 

2011-11-15
Cash: 5.09
Held: PSDVx1996@1.34 ALIMx1863@1.36 HBPx7763@0.36 HGSHx3992@0.66 XBKSx829@3.05 
Value: 13173.71
Sales: XBKSx829@3.05 HBPx7763@0.36 PSDVx1996@1.34 HGSHx3992@0.66 ALIMx1863@1.36 
Purchases: TATx1966@1.34 MTORx423@6.22 SVBIx986@2.67 GERNx1626@1.62 PSDVx1966@1.34 

2011-11-16
Cash: 8.06
Held: MTORx423@5.67 PSDVx1966@1.34 GERNx1626@1.58 TATx1966@1.32 SVBIx986@2.69 
Value: 12858.14
Sales: TATx1966@1.32 GERNx1626@1.58 SVBIx986@2.69 MTORx423@5.67 PSDVx1966@1.34 
Purchases: AIIIx2316@1.11 ARTXx1933@1.33 UNISx622@4.13 CHEx51@50.00 CVIx146@17.53 

2011-11-17
Cash: 37.78
Held: ARTXx1933@1.47 CHEx51@49.78 CVIx146@17.95 UNISx622@4.16 AIIIx2316@1.51 
Value: 14123.00
Sales: AIIIx2316@1.51 ARTXx1933@1.47 UNISx622@4.16 CHEx51@49.78 CVIx146@17.95 
Purchases: SGOCx1233@2.29 PERYx225@12.54 KEMx317@8.88 ABIOx51@54.59 TXx138@20.45 

2011-11-20
Cash: 56.63
Held: SGOCx1233@2.10 PERYx225@12.67 KEMx317@8.40 ABIOx51@59.62 TXx138@19.45 
Value: 13884.33
Sales: SGOCx1233@2.10 PERYx225@12.67 KEMx317@8.40 TXx138@19.45 ABIOx51@59.62 
Purchases: HOVNPx2152@1.29 ESXBx2547@1.09 CYTKx477@5.82 RELVx2168@1.28 CRMx99@28.00 

2011-11-21
Cash: 8.41
Held: ESXBx2547@1.06 RELVx2168@1.36 HOVNPx2152@1.30 CYTKx477@5.88 CRMx99@27.06 
Value: 13936.99
Sales: HOVNPx2152@1.30 ESXBx2547@1.06 CYTKx477@5.88 RELVx2168@1.36 CRMx99@27.06 
Purchases: SEVx551@5.05 PXLWx1359@2.05 AXNx7149@0.39 VRMLx1990@1.40 PESx278@9.99 

2011-11-22
Cash: 15.05
Held: PXLWx1359@2.06 SEVx551@5.05 PESx278@9.26 AXNx7149@0.37 VRMLx1990@1.41 
Value: 13624.16
Sales: SEVx551@5.05 PESx278@9.26 AXNx7149@0.37 VRMLx1990@1.41 PXLWx1359@2.06 
Purchases: FANHx469@5.81 SFLx260@10.45 FROx966@2.82 HMNYx2454@1.11 BIO.Bx42@63.88 

2011-11-24
Cash: 50.14
Held: FROx966@2.76 SFLx260@10.00 HMNYx2454@1.11 FANHx469@5.85 BIO.Bx42@89.88 
Value: 14560.01
Sales: FANHx469@5.85 SFLx260@10.00 FROx966@2.76 HMNYx2454@1.11 BIO.Bx42@89.88 
Purchases: STVx820@3.55 AXDXx1635@1.78 ADMPx12661@0.23 XTNTx1341@2.17 SCKTx1434@2.03 

2011-11-27
Cash: 5.96
Held: AXDXx1635@1.66 XTNTx1341@2.20 SCKTx1434@2.03 STVx820@3.56 ADMPx12661@0.23 
Value: 14410.92
Sales: STVx820@3.56 AXDXx1635@1.66 ADMPx12661@0.23 XTNTx1341@2.20 SCKTx1434@2.03 
Purchases: CPHIx3603@0.80 SKYx566@5.09 IFMIx1934@1.49 CNITx1610@1.79 NUROx1824@1.58 

2011-11-28
Cash: 2.23
Held: NUROx1824@1.63 IFMIx1934@1.47 CPHIx3603@0.77 SKYx566@5.17 CNITx1610@1.78 
Value: 14385.49
Sales: SKYx566@5.17 IFMIx1934@1.47 CPHIx3603@0.77 CNITx1610@1.78 NUROx1824@1.63 
Purchases: OPHCx5232@0.55 DPKx18@158.62 CLSNx277@10.35 TXx185@15.54 WILCx632@4.55 

2011-11-29
Cash: 35.46
Held: DPKx18@134.00 WILCx632@4.53 CLSNx277@10.26 OPHCx5232@0.54 TXx185@16.69 
Value: 14065.29
Sales: OPHCx5232@0.54 DPKx18@134.00 TXx185@16.69 CLSNx277@10.26 WILCx632@4.53 
Purchases: MMACx15623@0.18 INVTx2759@1.02 NFECx3800@0.74 RCONx6862@0.41 RADAx1654@1.70 

2011-11-30
Cash: 1.60
Held: RADAx1654@1.78 RCONx6862@0.44 NFECx3800@0.64 INVTx2759@1.00 MMACx15623@0.19 
Value: 14124.02
Sales: RCONx6862@0.44 INVTx2759@1.00 NFECx3800@0.64 MMACx15623@0.19 RADAx1654@1.78 
Purchases: SPXUx204@13.84 SOXSx51@54.56 SSGx63@44.31 PBIBx1319@2.14 YANGx176@15.99 

2011-12-01
Cash: 87.41
Held: PBIBx1319@2.26 SPXUx204@13.86 SSGx63@44.72 SOXSx51@54.69 YANGx176@16.30 
Value: 14369.95
Sales: SPXUx204@13.86 SOXSx51@54.69 SSGx63@44.72 PBIBx1319@2.26 YANGx176@16.30 
Purchases: STNGx542@5.30 AEHRx4872@0.59 HOVNPx2211@1.30 KEQUx348@8.25 HMNYx1854@1.55 

2011-12-04
Cash: 5.00
Held: STNGx542@5.40 AEHRx4872@0.65 KEQUx348@8.22 HOVNPx2211@1.41 HMNYx1854@1.43 
Value: 14725.90
Sales: STNGx542@5.40 AEHRx4872@0.65 HOVNPx2211@1.41 HMNYx1854@1.43 KEQUx348@8.22 
Purchases: FBMSx390@7.55 CSIQx1059@2.78 SKLNx13388@0.22 ISLEx704@4.18 FUNCx959@3.07 

2011-12-05
Cash: 5.92
Held: FBMSx390@7.65 SKLNx13388@0.25 FUNCx959@3.16 ISLEx704@4.39 CSIQx1059@2.74 
Value: 15359.31
Sales: FBMSx390@7.65 CSIQx1059@2.74 SKLNx13388@0.25 ISLEx704@4.39 FUNCx959@3.16 
Purchases: HHx5118@0.60 PRPHx2580@1.19 GTTx2603@1.18 RELVx2419@1.27 TCFCx189@16.25 

2011-12-06
Cash: 3.73
Held: PRPHx2580@1.23 TCFCx189@16.25 RELVx2419@1.27 HHx5118@0.60 GTTx2603@1.18 
Value: 15462.61
Sales: HHx5118@0.60 GTTx2603@1.18 TCFCx189@16.25 PRPHx2580@1.23 RELVx2419@1.27 
Purchases: PFSWx1034@2.99 GTYx236@13.06 ACFCx1538@2.01 MTLx302@10.22 PLXx582@5.31 

2011-12-07
Cash: 21.27
Held: PFSWx1034@2.78 ACFCx1538@2.20 GTYx236@12.82 PLXx582@5.35 MTLx302@9.71 
Value: 15350.37
Sales: PFSWx1034@2.78 GTYx236@12.82 ACFCx1538@2.20 MTLx302@9.71 PLXx582@5.35 
Purchases: NNVCx4650@0.66 ZIONWx1137@2.70 OGENx2192@1.40 OCCx930@3.30 CWBCx1980@1.55 

2011-12-08
Cash: 3.64
Held: ZIONWx1137@3.00 CWBCx1980@1.55 OCCx930@3.31 OGENx2192@1.60 NNVCx4650@0.61 
Value: 15904.27
Sales: NNVCx4650@0.61 ZIONWx1137@3.00 OGENx2192@1.60 OCCx930@3.31 CWBCx1980@1.55 
Purchases: YUMAx795@4.00 DCTHx1365@2.33 IIIx3058@1.04 CYCCx54@58.47 ATECx1975@1.61 

2011-12-11
Cash: 25.51
Held: ATECx1975@1.59 IIIx3058@1.08 DCTHx1365@2.26 YUMAx795@4.00 CYCCx54@57.12 
Value: 15817.67
Sales: YUMAx795@4.00 DCTHx1365@2.26 IIIx3058@1.08 CYCCx54@57.12 ATECx1975@1.59 
Purchases: LOANx3365@0.94 PLPMx1216@2.60 CFBKx944@3.35 CTICx5@580.00 GEOSx39@80.12 

2011-12-12
Cash: 306.73
Held: PLPMx1216@2.64 CTICx5@550.00 GEOSx39@77.38 LOANx3365@1.00 CFBKx944@3.55 
Value: 16002.29
Sales: LOANx3365@1.00 GEOSx39@77.38 CFBKx944@3.55 PLPMx1216@2.64 CTICx5@550.00 
Purchases: INDLx183@17.48 OBASx3020@1.06 PNTRx891@3.59 DHTx4638@0.69 NTPx624@5.13 

2011-12-13
Cash: 3.81
Held: DHTx4638@0.66 OBASx3020@1.01 NTPx624@5.09 PNTRx891@3.59 INDLx183@15.99 
Value: 15416.29
Sales: NTPx624@5.09 DHTx4638@0.66 PNTRx891@3.59 OBASx3020@1.01 INDLx183@15.99 
Purchases: TRQx193@15.91 HOVx2266@1.36 IDTx320@9.61 BBYx132@23.34 LRNx146@21.09 

2011-12-14
Cash: 27.77
Held: BBYx132@23.36 HOVx2266@1.35 TRQx193@16.16 LRNx146@20.73 IDTx320@9.60 
Value: 15387.30
Sales: HOVx2266@1.35 TRQx193@16.16 IDTx320@9.60 BBYx132@23.36 LRNx146@20.73 
Purchases: SRPTx5597@0.55 RCONx7507@0.41 FSLRx97@31.45 SPWRx581@5.29 SYNx2630@1.17 

2011-12-15
Cash: 32.04
Held: RCONx7507@0.42 SPWRx581@5.13 SRPTx5597@0.56 FSLRx97@31.91 SYNx2630@1.29 
Value: 15786.64
Sales: RCONx7507@0.42 SRPTx5597@0.56 FSLRx97@31.91 SPWRx581@5.13 SYNx2630@1.29 
Purchases: MAGSx894@3.53 AXDXx2339@1.35 WGBSx31580@0.10 INVTx2208@1.43 ANIPx7017@0.45 

2011-12-18
Cash: 3.43
Held: AXDXx2339@1.20 ANIPx7017@0.38 INVTx2208@1.25 MAGSx894@3.60 WGBSx31580@0.13 
Value: 15559.93
Sales: MAGSx894@3.60 WGBSx31580@0.13 AXDXx2339@1.20 INVTx2208@1.25 ANIPx7017@0.38 
Purchases: ROSTx67@46.25 MBOTx3990@0.78 NYNYx2394@1.30 GIGAx2176@1.43 HMNYx1526@2.04 

2011-12-19
Cash: 15.49
Held: MBOTx3990@0.76 GIGAx2176@1.49 HMNYx1526@1.75 NYNYx2394@1.49 ROSTx67@47.88 
Value: 15735.45
Sales: MBOTx3990@0.76 NYNYx2394@1.49 ROSTx67@47.88 GIGAx2176@1.49 HMNYx1526@1.75 
Purchases: CVVx272@11.55 MEETx1021@3.08 GFAx673@4.67 JAKKx228@13.75 MBVXx15739@0.20 

2011-12-20
Cash: 23.74
Held: MEETx1021@2.98 CVVx272@11.68 JAKKx228@13.74 GFAx673@4.64 MBVXx15739@0.20 
Value: 15647.06
Sales: CVVx272@11.68 MEETx1021@2.98 GFAx673@4.64 JAKKx228@13.74 MBVXx15739@0.20 
Purchases: EDZx31@99.81 TZAx117@26.70 SRTYx236@13.26 KONEx6803@0.46 RTNBx6138@0.51 

2011-12-21
Cash: 41.71
Held: EDZx31@95.88 KONEx6803@0.47 SRTYx236@12.99 RTNBx6138@0.51 TZAx117@26.08 
Value: 15457.29
Sales: EDZx31@95.88 TZAx117@26.08 SRTYx236@12.99 KONEx6803@0.47 RTNBx6138@0.51 
Purchases: IMMYx34339@0.09 ORCLx120@25.69 ICNx153@20.20 RILYx25763@0.12 MGYRx1277@2.42 

2011-12-22
Cash: 10.60
Held: MGYRx1277@2.35 RILYx25763@0.12 IMMYx34339@0.10 ICNx153@20.28 ORCLx120@26.06 
Value: 15766.08
Sales: IMMYx34339@0.10 ORCLx120@26.06 MGYRx1277@2.35 RILYx25763@0.12 ICNx153@20.28 
Purchases: MLHRx171@18.44 LIVEx788@4.00 GRRx257@12.25 ALSKx958@3.29 ABIOx74@42.41 

2011-12-26
Cash: 24.03
Held: GRRx257@12.34 LIVEx788@4.15 ALSKx958@3.14 MLHRx171@18.48 ABIOx74@42.00 
Value: 15742.89
Sales: ABIOx74@42.00 LIVEx788@4.15 GRRx257@12.34 ALSKx958@3.14 MLHRx171@18.48 
Purchases: BRFx86@36.31 BIOPx2691@1.17 CAMPx754@4.17 NLRx213@14.72 SNOAx2889@1.09 

2011-12-27
Cash: 42.51
Held: NLRx213@14.62 CAMPx754@4.33 BRFx86@35.78 SNOAx2889@1.05 BIOPx2691@1.07 
Value: 15409.66
Sales: BRFx86@35.78 BIOPx2691@1.07 NLRx213@14.62 CAMPx754@4.33 SNOAx2889@1.05 
Purchases: SHIPx1495@2.06 CPSSx3541@0.87 IESCx1580@1.95 PERFx258@11.94 SHLDx92@33.34 

2011-12-28
Cash: 19.25
Held: SHIPx1495@2.20 PERFx258@10.82 IESCx1580@1.85 SHLDx92@32.91 CPSSx3541@0.94 
Value: 15376.81
Sales: SHIPx1495@2.20 CPSSx3541@0.94 IESCx1580@1.85 PERFx258@10.82 SHLDx92@32.91 
Purchases: SRSCx307@10.00 KONEx9042@0.34 OGENx3045@1.01 ZAGGx462@6.65 FRBKx2244@1.37 

2011-12-29
Cash: 10.88
Held: ZAGGx462@7.07 SRSCx307@10.06 KONEx9042@0.31 FRBKx2244@1.45 OGENx3045@1.01 
Value: 15499.08
Sales: SRSCx307@10.06 OGENx3045@1.01 FRBKx2244@1.45 ZAGGx462@7.07 KONEx9042@0.31 
Purchases: CYANx446@6.95 CFBKx1000@3.10 CASIx3262@0.95 PERFx298@10.40 SCKTx1657@1.87 

2012-01-02
Cash: 3.06
Held: PERFx298@10.60 SCKTx1657@2.07 CASIx3262@1.15 CYANx446@6.88 CFBKx1000@3.23 
Value: 16643.87
Sales: CYANx446@6.88 CFBKx1000@3.23 CASIx3262@1.15 PERFx298@10.60 SCKTx1657@2.07 
Purchases: ACYx543@6.12 CYANx483@6.88 LOANx3361@0.99 GRBKx4968@0.67 MHOx346@9.59 

2012-01-03
Cash: 21.82
Held: GRBKx4968@0.64 LOANx3361@0.94 MHOx346@9.62 ACYx543@6.64 CYANx483@6.89 
Value: 16622.74
Sales: ACYx543@6.64 MHOx346@9.62 GRBKx4968@0.64 LOANx3361@0.94 CYANx483@6.89 
Purchases: OLEDx102@32.47 RNVAx1158@2.87 SCOx93@35.38 BZQx96@34.53 NEPTx1368@2.43 

2012-01-04
Cash: 59.77
Held: NEPTx1368@2.40 SCOx93@36.38 OLEDx102@34.72 RNVAx1158@3.00 BZQx96@35.47 
Value: 17146.70
Sales: SCOx93@36.38 RNVAx1158@3.00 OLEDx102@34.72 BZQx96@35.47 NEPTx1368@2.40 
Purchases: MLSSx6858@0.50 LIVEx1293@2.65 RPRXx810@4.23 EVOLx596@5.75 KNDIx1099@3.12 

2012-01-05
Cash: 9.12
Held: RPRXx810@4.61 LIVEx1293@2.84 MLSSx6858@0.54 KNDIx1099@3.19 EVOLx596@5.67 
Value: 18003.87
Sales: MLSSx6858@0.54 LIVEx1293@2.84 RPRXx810@4.61 KNDIx1099@3.19 EVOLx596@5.67 
Purchases: DESTx240@14.98 BGIx4502@0.80 ARLx2022@1.78 AEOx268@13.40 BKSx321@11.19 

2012-01-08
Cash: 27.09
Held: AEOx268@13.21 DESTx240@14.97 BKSx321@11.65 BGIx4502@1.16 ARLx2022@1.70 
Value: 19560.09
Sales: DESTx240@14.97 BGIx4502@1.16 ARLx2022@1.70 AEOx268@13.21 BKSx321@11.65 
Purchases: MSBFx861@4.54 PSMTx65@59.66 MDGLx898@4.35 IARTx163@23.91 UCBIx608@6.43 

2012-01-09
Cash: 60.63
Held: MSBFx861@4.54 IARTx163@23.22 PSMTx65@59.09 MDGLx898@4.29 UCBIx608@6.60 
Value: 19459.84
Sales: MSBFx861@4.54 PSMTx65@59.09 MDGLx898@4.29 IARTx163@23.22 UCBIx608@6.60 
Purchases: XBKSx1341@2.90 AWXx1452@2.68 RFILx1197@3.25 PNTRx1111@3.50 TCIx1550@2.51 

2012-01-10
Cash: 10.62
Held: AWXx1452@2.91 RFILx1197@3.58 TCIx1550@2.56 PNTRx1111@3.85 XBKSx1341@2.87 
Value: 20614.81
Sales: XBKSx1341@2.87 RFILx1197@3.58 PNTRx1111@3.85 TCIx1550@2.56 AWXx1452@2.91 
Purchases: IMNPx14723@0.28 HGGx376@10.96 SSYx3171@1.30 KONEx9589@0.43 IBIOx5426@0.76 

2012-01-11
Cash: 3.84
Held: SSYx3171@1.29 IMNPx14723@0.30 KONEx9589@0.42 IBIOx5426@0.76 HGGx376@10.93 
Value: 20770.85
Sales: IMNPx14723@0.30 HGGx376@10.93 SSYx3171@1.29 KONEx9589@0.42 IBIOx5426@0.76 
Purchases: SVBIx1730@2.40 COGx247@16.80 SVUx568@7.31 SUMRx782@5.31 HRCx137@30.12 

2012-01-12
Cash: 39.62
Held: HRCx137@30.09 COGx247@16.78 SVUx568@7.04 SUMRx782@5.08 SVBIx1730@2.60 
Value: 20774.04
Sales: SVBIx1730@2.60 SVUx568@7.04 COGx247@16.78 HRCx137@30.09 SUMRx782@5.08 
Purchases: LPTHx4114@1.01 AEx121@34.12 WSMx122@33.84 BGFVx533@7.79 REXXx374@11.10 

2012-01-16
Cash: 58.25
Held: WSMx122@33.19 LPTHx4114@0.99 REXXx374@11.19 AEx121@36.34 BGFVx533@7.88 
Value: 20962.12
Sales: LPTHx4114@0.99 AEx121@36.34 WSMx122@33.19 BGFVx533@7.88 REXXx374@11.19 
Purchases: BDSIx2025@2.07 LIVEx1426@2.94 CBLIx65@63.81 GAIAx1289@3.25 DXTRx2525@1.66 

2012-01-17
Cash: 49.12
Held: CBLIx65@64.19 LIVEx1426@3.00 GAIAx1289@3.23 DXTRx2525@1.62 BDSIx2025@2.12 
Value: 21045.44
Sales: BDSIx2025@2.12 CBLIx65@64.19 LIVEx1426@3.00 DXTRx2525@1.62 GAIAx1289@3.23 
Purchases: PFSWx1643@2.56 ACHNx386@10.88 RRDx355@11.83 IBIOx5766@0.73 QRHCx16836@0.25 

2012-01-18
Cash: 20.64
Held: QRHCx16836@0.25 PFSWx1643@2.55 ACHNx386@10.62 IBIOx5766@0.72 RRDx355@11.94 
Value: 20909.38
Sales: PFSWx1643@2.55 ACHNx386@10.62 RRDx355@11.94 IBIOx5766@0.72 QRHCx16836@0.25 
Purchases: SOXSx109@38.19 SSGx111@37.38 BCLIx1118@3.74 BZQx143@29.23 ASURx913@4.58 

2012-01-19
Cash: 56.40
Held: ASURx913@4.49 BCLIx1118@3.60 BZQx143@29.06 SSGx111@36.41 SOXSx109@37.62 
Value: 20476.72
Sales: ASURx913@4.49 SSGx111@36.41 BCLIx1118@3.60 BZQx143@29.06 SOXSx109@37.62 
Purchases: JASOx2327@1.76 TSLx505@8.10 SEEDx1563@2.62 YGEx932@4.39 LXRXx2989@1.37 

2012-01-22
Cash: 9.39
Held: LXRXx2989@1.32 YGEx932@4.20 TSLx505@7.91 JASOx2327@1.71 SEEDx1563@2.51 
Value: 19765.95
Sales: JASOx2327@1.71 YGEx932@4.20 SEEDx1563@2.51 TSLx505@7.91 LXRXx2989@1.32 
Purchases: ZSLx350@11.28 NETEx19770@0.20 WGBSx35942@0.11 THSx70@56.28 NCITx513@7.70 

2012-01-23
Cash: 22.00
Held: WGBSx35942@0.12 ZSLx350@11.50 THSx70@56.62 NETEx19770@0.17 NCITx513@7.49 
Value: 19526.87
Sales: ZSLx350@11.50 NETEx19770@0.17 WGBSx35942@0.12 THSx70@56.62 NCITx513@7.49 
Purchases: CBPOx429@9.09 PAASx178@21.84 NETEx22966@0.17 MTZx246@15.84 IBIOx5275@0.74 

2012-01-24
Cash: 29.94
Held: CBPOx429@10.25 PAASx178@22.38 IBIOx5275@0.75 MTZx246@16.38 NETEx22966@0.20 
Value: 20986.51
Sales: CBPOx429@10.25 PAASx178@22.38 NETEx22966@0.20 MTZx246@16.38 IBIOx5275@0.75 
Purchases: FPAYx27977@0.15 TCBx399@10.50 NVGNx1908@2.20 GIGAx2816@1.49 UWNx2894@1.45 

2012-01-25
Cash: 10.31
Held: UWNx2894@1.52 NVGNx1908@2.60 GIGAx2816@1.34 FPAYx27977@0.20 TCBx399@10.46 
Value: 22908.83
Sales: FPAYx27977@0.20 TCBx399@10.46 NVGNx1908@2.60 GIGAx2816@1.34 UWNx2894@1.52 
Purchases: GLWx361@12.67 ZSLx437@10.46 BVSNx207@22.03 SUNWx57259@0.08 MARKx784@5.84 

2012-01-26
Cash: 42.25
Held: BVSNx207@21.22 GLWx361@12.62 SUNWx57259@0.07 ZSLx437@10.13 MARKx784@5.88 
Value: 22034.99
Sales: ZSLx437@10.13 BVSNx207@21.22 SUNWx57259@0.07 MARKx784@5.88 GLWx361@12.62 
Purchases: CRRx43@102.06 FTKx391@11.25 CLFDx747@5.90 CVMx12958@0.34 EFSCx356@12.35 

2012-01-29
Cash: 37.40
Held: CVMx12958@0.34 CLFDx747@5.95 EFSCx356@12.34 FTKx391@11.35 CRRx43@98.00 
Value: 21935.16
Sales: CRRx43@98.00 CLFDx747@5.95 CVMx12958@0.34 FTKx391@11.35 EFSCx356@12.34 
Purchases: EDAPx1768@2.48 PATKx827@5.30 GDOTx154@28.47 VTNRx1966@2.23 ARCBx239@18.28 

2012-01-30
Cash: 27.44
Held: ARCBx239@18.12 VTNRx1966@2.30 PATKx827@5.72 EDAPx1768@2.50 GDOTx154@28.38 
Value: 22401.81
Sales: GDOTx154@28.38 VTNRx1966@2.30 EDAPx1768@2.50 PATKx827@5.72 ARCBx239@18.12 
Purchases: ASTCx6398@0.70 PBIBx2026@2.21 GSMx327@13.68 ROSGx11794@0.38 PMCx357@12.55 

2012-01-31
Cash: 9.77
Held: ASTCx6398@0.74 PBIBx2026@2.15 GSMx327@13.97 ROSGx11794@0.38 PMCx357@12.49 
Value: 22610.31
Sales: PBIBx2026@2.15 ASTCx6398@0.74 GSMx327@13.97 ROSGx11794@0.38 PMCx357@12.49 
Purchases: MNKDx1687@2.68 KONAx808@5.59 PCHx148@30.42 PBIBx2102@2.15 OFGx396@11.40 

2012-02-01
Cash: 36.74
Held: MNKDx1687@2.47 KONAx808@5.41 PCHx148@30.48 PBIBx2102@2.10 OFGx396@11.46 
Value: 22039.82
Sales: MNKDx1687@2.47 KONAx808@5.41 PCHx148@30.48 PBIBx2102@2.10 OFGx396@11.46 
Purchases: SAUCx1469@3.00 INSYx339@13.00 UISx247@17.78 TOPSx3039@1.45 CKXx434@10.15 

2012-02-02
Cash: 22.29
Held: TOPSx3039@1.36 CKXx434@11.39 UISx247@18.33 INSYx339@14.50 SAUCx1469@3.00 
Value: 22949.48
Sales: SAUCx1469@3.00 INSYx339@14.50 UISx247@18.33 TOPSx3039@1.36 CKXx434@11.39 
Purchases: SHORx850@5.40 ESXBx3450@1.33 RCONx11477@0.40 SPEXx4501@1.02 IBIOx5886@0.78 

2012-02-05
Cash: 3.63
Held: RCONx11477@0.43 ESXBx3450@1.29 SHORx850@5.57 SPEXx4501@1.05 IBIOx5886@0.77 
Value: 23380.86
Sales: SHORx850@5.57 RCONx11477@0.43 ESXBx3450@1.29 SPEXx4501@1.05 IBIOx5886@0.77 
Purchases: TJXx136@34.31 NVGNx2015@2.32 BRSx99@47.00 CNXNx474@9.86 NOAx844@5.54 

2012-02-06
Cash: 37.62
Held: NOAx844@5.52 TJXx136@34.59 BRSx99@46.72 NVGNx2015@2.80 CNXNx474@9.74 
Value: 24287.38
Sales: TJXx136@34.59 NVGNx2015@2.80 BRSx99@46.72 NOAx844@5.52 CNXNx474@9.74 
Purchases: SNGXx6937@0.70 WINAx74@65.38 HALLx684@7.10 SMIx1854@2.62 SOHUx94@51.59 

2012-02-07
Cash: 29.21
Held: HALLx684@7.16 WINAx74@61.25 SOHUx94@51.84 SMIx1854@2.74 SNGXx6937@0.63 
Value: 23782.46
Sales: SNGXx6937@0.63 WINAx74@61.25 HALLx684@7.16 SMIx1854@2.74 SOHUx94@51.84 
Purchases: GHDXx181@26.19 PFBXx489@9.72 NSUx1127@4.22 ANIPx5663@0.84 PDEXx2162@2.20 

2012-02-08
Cash: 24.78
Held: GHDXx181@26.59 ANIPx5663@0.90 PFBXx489@9.80 PDEXx2162@2.25 NSUx1127@4.11 
Value: 24220.83
Sales: NSUx1127@4.11 PFBXx489@9.80 GHDXx181@26.59 ANIPx5663@0.90 PDEXx2162@2.25 
Purchases: GIGMx4106@1.18 DLx1499@3.23 CDXSx968@5.00 POWLx141@34.19 NUROx5322@0.91 

2012-02-09
Cash: 30.27
Held: NUROx5322@0.92 DLx1499@3.27 POWLx141@33.69 GIGMx4106@1.23 CDXSx968@4.89 
Value: 24363.49
Sales: GIGMx4106@1.23 DLx1499@3.27 POWLx141@33.69 NUROx5322@0.92 CDXSx968@4.89 
Purchases: AGYSx681@7.15 INTLx216@22.52 APRIx133@36.50 MCZx8551@0.57 OSIRx1010@4.82 

2012-02-12
Cash: 36.45
Held: INTLx216@23.02 AGYSx681@7.32 OSIRx1010@4.79 APRIx133@35.81 MCZx8551@0.55 
Value: 24294.35
Sales: AGYSx681@7.32 INTLx216@23.02 APRIx133@35.81 MCZx8551@0.55 OSIRx1010@4.79 
Purchases: ELONx88@55.00 YGEx918@5.29 ABx345@14.08 ASYSx542@8.96 HBPx6231@0.78 

2012-02-13
Cash: 26.37
Held: ELONx88@55.00 ASYSx542@9.00 YGEx918@4.75 HBPx6231@0.81 ABx345@13.76 
Value: 23898.79
Sales: ELONx88@55.00 YGEx918@4.75 ABx345@13.76 ASYSx542@9.00 HBPx6231@0.81 
Purchases: NTPx844@5.66 RCONx7027@0.68 RAILx236@20.25 AMSCx101@47.19 CRD.Ax1264@3.78 

2012-02-14
Cash: 20.05
Held: RCONx7027@0.65 AMSCx101@46.09 CRD.Ax1264@3.73 RAILx236@20.67 NTPx844@5.68 
Value: 23629.92
Sales: RAILx236@20.67 RCONx7027@0.65 AMSCx101@46.09 NTPx844@5.68 CRD.Ax1264@3.73 
Purchases: CLNTx1495@3.16 PPHx128@36.84 RTHx119@39.44 SRTx2293@2.06 OIHx110@42.59 

2012-02-15
Cash: 86.27
Held: SRTx2293@2.03 RTHx119@39.62 PPHx128@37.09 CLNTx1495@3.10 OIHx110@43.25 
Value: 23594.24
Sales: CLNTx1495@3.10 PPHx128@37.09 RTHx119@39.62 SRTx2293@2.03 OIHx110@43.25 
Purchases: SBLKx4718@1.00 SINOx1541@3.06 TGTXx15726@0.30 APDNx1310@3.60 UCBAx857@5.50 

2012-02-16
Cash: 12.38
Held: APDNx1310@3.48 SINOx1541@3.15 SBLKx4718@0.97 TGTXx15726@0.43 UCBAx857@5.74 
Value: 25682.83
Sales: SBLKx4718@0.97 SINOx1541@3.15 TGTXx15726@0.43 APDNx1310@3.48 UCBAx857@5.74 
Purchases: PTNx9695@0.53 ROSGx15103@0.34 FBPx1362@3.77 HDNGx517@9.92 ANIPx6501@0.79 

2012-02-20
Cash: 10.46
Held: ANIPx6501@0.71 PTNx9695@0.54 HDNGx517@10.52 FBPx1362@3.94 ROSGx15103@0.35 
Value: 25955.28
Sales: PTNx9695@0.54 ROSGx15103@0.35 FBPx1362@3.94 HDNGx517@10.52 ANIPx6501@0.71 
Purchases: GILDx116@44.69 ISRx10183@0.51 RPx252@20.53 PLBCx2392@2.17 EMKRx999@5.19 

2012-02-21
Cash: 30.04
Held: RPx252@20.02 PLBCx2392@2.87 ISRx10183@0.51 EMKRx999@5.11 GILDx116@44.53 
Value: 27397.80
Sales: GILDx116@44.53 ISRx10183@0.51 RPx252@20.02 PLBCx2392@2.87 EMKRx999@5.11 
Purchases: TSRAx322@16.98 FBMSx591@9.26 GTXIx1530@3.58 NAIIx868@6.31 CAMTx2371@2.31 

2012-02-22
Cash: 25.78
Held: CAMTx2371@2.42 GTXIx1530@3.51 FBMSx591@9.05 TSRAx322@16.95 NAIIx868@6.36 
Value: 27458.90
Sales: FBMSx591@9.05 TSRAx322@16.95 GTXIx1530@3.51 NAIIx868@6.36 CAMTx2371@2.42 
Purchases: MVISx1419@3.87 CFBKx1444@3.80 HTMx10366@0.53 GAZx1153@4.76 SYNx2347@2.34 

2012-02-23
Cash: 6.63
Held: SYNx2347@2.32 HTMx10366@0.54 GAZx1153@4.32 MVISx1419@3.92 CFBKx1444@3.80 
Value: 27082.47
Sales: CFBKx1444@3.80 MVISx1419@3.92 HTMx10366@0.54 SYNx2347@2.32 GAZx1153@4.32 
Purchases: EMEx193@27.92 JKSx693@7.81 YGEx1417@3.82 SCKTx2376@2.28 BOSCx1829@2.96 

2012-02-26
Cash: 37.64
Held: SCKTx2376@2.36 JKSx693@7.46 EMEx193@28.02 YGEx1417@3.94 BOSCx1829@3.04 
Value: 27361.61
Sales: EMEx193@28.02 YGEx1417@3.94 JKSx693@7.46 BOSCx1829@3.04 SCKTx2376@2.36 
Purchases: INTx126@43.25 LIVEx1166@4.69 DECKx72@75.56 IAGx352@15.52 RBCNx581@9.41 

2012-02-27
Cash: 72.15
Held: LIVEx1166@4.58 INTx126@42.06 RBCNx581@9.83 DECKx72@75.62 IAGx352@15.47 
Value: 27310.26
Sales: INTx126@42.06 LIVEx1166@4.58 DECKx72@75.62 IAGx352@15.47 RBCNx581@9.83 
Purchases: IGLDx700@7.80 MCHXx1291@4.23 VTNRx2505@2.18 SBSAx1184@4.61 PLBCx1654@3.30 

2012-02-28
Cash: 11.07
Held: PLBCx1654@3.52 VTNRx2505@2.30 IGLDx700@8.04 MCHXx1291@4.29 SBSAx1184@4.36 
Value: 27921.86
Sales: IGLDx700@8.04 MCHXx1291@4.29 VTNRx2505@2.30 SBSAx1184@4.36 PLBCx1654@3.52 
Purchases: SYKEx405@13.78 THLDx1075@5.19 APOLx131@42.62 WGBSx39884@0.14 CECOx648@8.62 

2012-02-29
Cash: 7.53
Held: CECOx648@8.63 APOLx131@42.34 THLDx1075@5.06 WGBSx39884@0.14 SYKEx405@13.76 
Value: 27742.87
Sales: THLDx1075@5.06 SYKEx405@13.76 APOLx131@42.34 WGBSx39884@0.14 CECOx648@8.63 
Purchases: WMLPx646@8.58 CNTFx680@8.15 SGMSx536@10.34 MOCOx327@16.94 PHMDx498@11.14 

2012-03-01
Cash: 29.62
Held: CNTFx680@8.05 MOCOx327@16.31 SGMSx536@10.30 PHMDx498@10.83 WMLPx646@8.00 
Value: 26915.22
Sales: WMLPx646@8.00 CNTFx680@8.05 MOCOx327@16.31 SGMSx536@10.30 PHMDx498@10.83 
Purchases: CALIx934@5.76 INVEx2746@1.96 DGIx433@12.41 SNMXx1831@2.94 BLDPx3957@1.36 

2012-03-04
Cash: 14.76
Held: CALIx934@5.76 INVEx2746@1.99 DGIx433@12.21 SNMXx1831@2.81 BLDPx3957@1.43 
Value: 26952.11
Sales: CALIx934@5.76 INVEx2746@1.99 DGIx433@12.21 SNMXx1831@2.81 BLDPx3957@1.43 
Purchases: PRTSx1378@3.91 OGENx2995@1.80 KFSx6654@0.81 CCMPx157@34.16 FANHx901@5.98 

2012-03-05
Cash: 32.44
Held: PRTSx1378@3.67 CCMPx157@33.88 KFSx6654@0.83 OGENx2995@1.80 FANHx901@5.98 
Value: 26710.12
Sales: PRTSx1378@3.67 OGENx2995@1.80 FANHx901@5.98 CCMPx157@33.88 KFSx6654@0.83 
Purchases: WMLPx753@7.09 MVISx2302@2.32 MDSYx2952@1.81 CVBx675@7.91 CIXx363@14.70 

2012-03-06
Cash: 11.67
Held: CVBx675@10.82 MDSYx2952@1.78 MVISx2302@2.33 WMLPx753@8.26 CIXx363@14.74 
Value: 29504.13
Sales: WMLPx753@8.26 MVISx2302@2.33 MDSYx2952@1.78 CVBx675@10.82 CIXx363@14.74 
Purchases: NOAx1294@4.56 SMITx1810@3.26 NTRIx559@10.55 NUROx8552@0.69 AEZSx5@1062.00 

2012-03-07
Cash: 599.06
Held: NOAx1294@4.83 NUROx8552@0.69 NTRIx559@10.57 SMITx1810@3.40 AEZSx5@1080.00 
Value: 30210.54
Sales: AEZSx5@1080.00 SMITx1810@3.40 NOAx1294@4.83 NUROx8552@0.69 NTRIx559@10.57 
Purchases: GALEx4759@1.27 MBVXx33557@0.18 BWL.Ax612@9.86 CLSNx762@7.92 VRMLx2918@2.07 

2012-03-08
Cash: 15.20
Held: GALEx4759@1.32 BWL.Ax612@11.07 CLSNx762@7.70 VRMLx2918@1.95 MBVXx33557@0.18 
Value: 30673.14
Sales: GALEx4759@1.32 MBVXx33557@0.18 BWL.Ax612@11.07 CLSNx762@7.70 VRMLx2918@1.95 
Purchases: PDEXx2852@2.15 SMRTx984@6.23 SONCx841@7.29 WINTx1685@3.64 RWCx5200@1.18 

2012-03-11
Cash: 10.51
Held: RWCx5200@1.15 SONCx841@7.30 PDEXx2852@2.15 SMRTx984@6.39 WINTx1685@3.47 
Value: 30401.92
Sales: SONCx841@7.30 RWCx5200@1.15 SMRTx984@6.39 WINTx1685@3.47 PDEXx2852@2.15 
Purchases: DNNx4027@1.51 PPHMx9653@0.63 DYNx12160@0.50 ATHXx3576@1.70 MSTXx10482@0.58 

2012-03-12
Cash: 1.56
Held: DNNx4027@1.66 PPHMx9653@0.64 MSTXx10482@0.58 DYNx12160@0.55 ATHXx3576@1.64 
Value: 31495.64
Sales: PPHMx9653@0.64 DYNx12160@0.55 DNNx4027@1.66 MSTXx10482@0.58 ATHXx3576@1.64 
Purchases: EGHTx1574@4.00 FGPx403@15.62 AXDXx5673@1.11 BSPMx315@19.95 TESSx299@21.03 

2012-03-13
Cash: 33.31
Held: AXDXx5673@1.13 EGHTx1574@3.86 TESSx299@21.09 FGPx403@15.58 BSPMx315@17.84 
Value: 30723.59
Sales: EGHTx1574@3.86 BSPMx315@17.84 AXDXx5673@1.13 FGPx403@15.58 TESSx299@21.09 
Purchases: FAZx276@22.19 MEGx1146@5.36 HCIx521@11.77 OAx114@53.66 JCSx467@13.13 

2012-03-14
Cash: 74.19
Held: OAx114@53.78 JCSx467@13.10 HCIx521@11.89 FAZx276@21.16 MEGx1146@5.17 
Value: 30284.80
Sales: FAZx276@21.16 MEGx1146@5.17 HCIx521@11.89 OAx114@53.78 JCSx467@13.10 
Purchases: XRMx906@6.68 WMLPx892@6.79 IFONx8297@0.73 INVTx4659@1.30 MNDOx3205@1.89 

2012-03-15
Cash: 8.39
Held: MNDOx3205@1.88 XRMx906@6.70 IFONx8297@0.79 INVTx4659@1.34 WMLPx892@7.31 
Value: 31419.46
Sales: XRMx906@6.70 WMLPx892@7.31 IFONx8297@0.79 INVTx4659@1.34 MNDOx3205@1.88 
Purchases: GESx193@32.53 LPTHx3529@1.78 APUx157@40.00 SKLNx78531@0.08 CVOx168@37.19 

2012-03-18
Cash: 47.02
Held: CVOx168@35.12 SKLNx78531@0.07 APUx157@40.44 LPTHx3529@1.68 GESx193@32.62 
Value: 30018.70
Sales: GESx193@32.62 CVOx168@35.12 LPTHx3529@1.68 SKLNx78531@0.07 APUx157@40.44 
Purchases: GTYx430@13.94 SCKTx2084@2.88 SKLNx85758@0.07 WINTx2136@2.81 OGXIx437@13.71 

2012-03-19
Cash: 23.17
Held: OGXIx437@12.95 SCKTx2084@2.99 SKLNx85758@0.07 WINTx2136@2.82 GTYx430@14.14 
Value: 30023.68
Sales: GTYx430@14.14 SCKTx2084@2.99 SKLNx85758@0.07 WINTx2136@2.82 OGXIx437@12.95 
Purchases: SCONx8703@0.69 DYNx9533@0.63 WPCSx4880@1.23 CRMEx1412@4.25 VBFCx4055@1.48 

2012-03-20
Cash: 5.45
Held: WPCSx4880@1.29 VBFCx4055@1.43 DYNx9533@0.64 CRMEx1412@4.05 SCONx8703@0.74 
Value: 30362.61
Sales: SCONx8703@0.74 DYNx9533@0.64 WPCSx4880@1.29 VBFCx4055@1.43 CRMEx1412@4.05 
Purchases: MMACx15185@0.40 CBIOx169@35.84 FROx830@7.31 DHTx6132@0.99 RWCx5278@1.15 

2012-03-21
Cash: 22.49
Held: DHTx6132@1.01 RWCx5278@1.09 FROx830@6.80 MMACx15185@0.40 CBIOx169@35.22 
Value: 29635.70
Sales: CBIOx169@35.22 MMACx15185@0.40 DHTx6132@1.01 FROx830@6.80 RWCx5278@1.09 
Purchases: DRAMx491@12.06 YGEx1551@3.82 BVSNx175@33.69 HEBx16014@0.37 AIRx303@19.50 

2012-03-22
Cash: 56.84
Held: BVSNx175@33.12 AIRx303@18.91 YGEx1551@3.91 DRAMx491@13.14 HEBx16014@0.37 
Value: 30026.07
Sales: DRAMx491@13.14 YGEx1551@3.91 BVSNx175@33.12 HEBx16014@0.37 AIRx303@18.91 
Purchases: PLUGx4288@1.40 GALEx2657@2.26 THMx1464@4.10 BVSNx181@33.12 ANTHx320@18.72 

2012-03-25
Cash: 26.68
Held: ANTHx320@19.59 GALEx2657@2.10 BVSNx181@28.50 PLUGx4288@1.45 THMx1464@4.17 
Value: 29359.91
Sales: PLUGx4288@1.45 GALEx2657@2.10 THMx1464@4.17 BVSNx181@28.50 ANTHx320@19.59 
Purchases: SHIPx1673@3.51 EDAPx3174@1.85 MMACx16306@0.36 XTNTx2488@2.36 ADUSx1226@4.79 

2012-03-26
Cash: 3.98
Held: ADUSx1226@4.79 SHIPx1673@3.18 XTNTx2488@2.26 MMACx16306@0.40 EDAPx3174@1.88 
Value: 29304.84
Sales: SHIPx1673@3.18 EDAPx3174@1.88 MMACx16306@0.40 XTNTx2488@2.26 ADUSx1226@4.79 
Purchases: HDSNx1808@3.24 RCONx2765@2.12 BVSNx211@27.70 GAZx1601@3.66 AUDCx2070@2.83 

2012-03-27
Cash: 23.54
Held: RCONx2765@2.15 BVSNx211@29.66 HDSNx1808@3.34 GAZx1601@3.75 AUDCx2070@2.64 
Value: 29735.12
Sales: RCONx2765@2.15 BVSNx211@29.66 AUDCx2070@2.64 GAZx1601@3.75 HDSNx1808@3.34 
Purchases: SGAx166@35.78 GRVYx2132@2.79 DHTx6068@0.98 BSPMx475@12.50 DSSx1969@3.02 

2012-03-28
Cash: 19.68
Held: DHTx6068@1.00 DSSx1969@3.05 SGAx166@35.81 GRVYx2132@2.63 BSPMx475@13.23 
Value: 29931.15
Sales: SGAx166@35.81 BSPMx475@13.23 DHTx6068@1.00 GRVYx2132@2.63 DSSx1969@3.05 
Purchases: CBKx3133@1.91 FPPx1341@4.46 PFINx1507@3.97 FSMx1398@4.28 PSDVx3039@1.97 

2012-03-29
Cash: 9.48
Held: PFINx1507@3.89 PSDVx3039@1.86 FSMx1398@4.52 CBKx3133@1.86 FPPx1341@4.51 
Value: 29723.26
Sales: CBKx3133@1.86 FPPx1341@4.51 PFINx1507@3.89 PSDVx3039@1.86 FSMx1398@4.52 
Purchases: OBCIx2583@2.30 DYNx10614@0.56 TWMCx2805@2.12 KZx1092@5.44 CPSSx4755@1.25 

2012-04-01
Cash: 5.92
Held: OBCIx2583@2.25 TWMCx2805@2.12 DYNx10614@0.52 KZx1092@5.21 CPSSx4755@1.20 
Value: 28678.62
Sales: CPSSx4755@1.20 KZx1092@5.21 DYNx10614@0.52 TWMCx2805@2.12 OBCIx2583@2.25 
Purchases: IDRAx3373@1.70 AGAx340@16.83 FINLx271@21.12 AWIx119@47.88 OIBR.Cx922@6.22 

2012-04-02
Cash: 66.61
Held: AGAx340@16.97 AWIx119@47.50 FINLx271@21.92 OIBR.Cx922@6.65 IDRAx3373@1.71 
Value: 29326.87
Sales: IDRAx3373@1.71 OIBR.Cx922@6.65 AWIx119@47.50 AGAx340@16.97 FINLx271@21.92 
Purchases: OPHCx2767@2.12 YPFx253@23.16 MITKx702@8.34 KERXx3832@1.53 AEZSx14@408.00 

2012-04-03
Cash: 171.36
Held: YPFx253@23.05 OPHCx2767@2.10 KERXx3832@1.64 MITKx702@8.03 AEZSx14@432.00 
Value: 29780.91
Sales: OPHCx2767@2.10 YPFx253@23.05 MITKx702@8.03 KERXx3832@1.64 AEZSx14@432.00 
Purchases: THLDx821@7.25 OPHCx2836@2.10 CETVx778@7.65 SFSTx866@6.87 UECx1804@3.30 

2012-04-04
Cash: 18.71
Held: UECx1804@3.28 THLDx821@7.22 OPHCx2836@1.80 SFSTx866@6.86 CETVx778@7.23 
Value: 28530.92
Sales: THLDx821@7.22 OPHCx2836@1.80 CETVx778@7.23 SFSTx866@6.86 UECx1804@3.28 
Purchases: AEHRx5435@1.05 IDNx4074@1.40 CBLIx182@31.20 TOPSx2641@2.16 GSOLx1084@5.26 

2012-04-08
Cash: 32.40
Held: CBLIx182@31.00 TOPSx2641@2.13 AEHRx5435@1.14 GSOLx1084@5.34 IDNx4074@1.29 
Value: 28539.99
Sales: AEHRx5435@1.14 IDNx4074@1.29 CBLIx182@31.00 TOPSx2641@2.13 GSOLx1084@5.34 
Purchases: RTx819@6.97 PTCx272@20.95 RCONx2607@2.19 SKLNx114187@0.05 LORLx87@64.94 

2012-04-09
Cash: 67.92
Held: RCONx2607@2.44 PTCx272@20.20 SKLNx114187@0.06 RTx819@6.76 LORLx87@64.38 
Value: 29912.23
Sales: RTx819@6.76 SKLNx114187@0.06 RCONx2607@2.44 PTCx272@20.20 LORLx87@64.38 
Purchases: NAUHx1002@5.97 VBFCx4153@1.44 MOHx245@24.38 CNCx289@20.64 COOLx65@92.00 

2012-04-10
Cash: 32.43
Held: VBFCx4153@1.56 MOHx245@24.77 COOLx65@93.69 CNCx289@20.94 NAUHx1002@6.20 
Value: 30929.14
Sales: NAUHx1002@6.20 CNCx289@20.94 MOHx245@24.77 VBFCx4153@1.56 COOLx65@93.69 
Purchases: AIIIx4583@1.35 DAIOx2208@2.80 SNMXx2837@2.18 ANIPx10663@0.58 AEZSx14@432.00 

2012-04-11
Cash: 142.61
Held: ANIPx10663@0.61 DAIOx2208@2.72 SNMXx2837@2.22 AIIIx4583@1.11 AEZSx14@420.00 
Value: 29921.77
Sales: AIIIx4583@1.11 DAIOx2208@2.72 SNMXx2837@2.22 ANIPx10663@0.61 AEZSx14@420.00 
Purchases: FHx1994@3.00 HOFTx516@11.59 GTIMx5442@1.10 WPCSx6106@0.98 NOKx1414@4.23 

2012-04-12
Cash: 7.68
Held: WPCSx6106@1.02 HOFTx516@11.73 GTIMx5442@2.07 FHx1994@3.04 NOKx1414@4.02 
Value: 35293.99
Sales: FHx1994@3.04 HOFTx516@11.73 WPCSx6106@1.02 NOKx1414@4.02 GTIMx5442@2.07 
Purchases: PRKRx6136@1.15 OPHCx3529@2.00 MDSYx5647@1.25 SSYx6476@1.09 CLDXx1688@4.18 

2012-04-15
Cash: 5.30
Held: SSYx6476@1.21 CLDXx1688@4.17 PRKRx6136@1.14 OPHCx3529@2.60 MDSYx5647@1.36 
Value: 38731.94
Sales: PRKRx6136@1.14 OPHCx3529@2.60 MDSYx5647@1.36 SSYx6476@1.21 CLDXx1688@4.17 
Purchases: SGOCx5867@1.32 CYTXx239@32.41 CLNTx2152@3.60 NFECx5824@1.33 INFYx163@47.50 

2012-04-16
Cash: 5.34
Held: NFECx5824@1.54 SGOCx5867@1.60 INFYx163@47.53 CLNTx2152@4.32 CYTXx239@34.19 
Value: 43575.16
Sales: SGOCx5867@1.60 CYTXx239@34.19 CLNTx2152@4.32 NFECx5824@1.54 INFYx163@47.53 
Purchases: CNETx4842@1.80 MYOSx72628@0.12 ITUSx48402@0.18 HALOx1051@8.29 GTIMx5249@1.66 

2012-04-17
Cash: 4.57
Held: ITUSx48402@0.18 CNETx4842@1.62 HALOx1051@8.11 GTIMx5249@1.59 MYOSx72628@0.11 
Value: 41420.20
Sales: CNETx4842@1.62 MYOSx72628@0.11 GTIMx5249@1.59 HALOx1051@8.11 ITUSx48402@0.18 
Purchases: SRPTx9306@0.89 OGENx5210@1.59 EDNx3001@2.76 AKO.Ax332@24.94 HCCIx435@19.02 

2012-04-18
Cash: 20.40
Held: EDNx3001@2.76 SRPTx9306@0.93 AKO.Ax332@27.00 HCCIx435@21.34 OGENx5210@1.59 
Value: 43490.29
Sales: SRPTx9306@0.93 EDNx3001@2.76 AKO.Ax332@27.00 OGENx5210@1.59 HCCIx435@21.34 
Purchases: MSBFx1449@6.00 GOLx1578@5.51 ENOCx1299@6.69 IRCPx711@12.22 TNPx1384@6.28 

2012-04-19
Cash: 25.88
Held: MSBFx1449@6.00 ENOCx1299@6.51 GOLx1578@5.49 TNPx1384@6.38 IRCPx711@13.01 
Value: 43916.07
Sales: MSBFx1449@6.00 GOLx1578@5.49 ENOCx1299@6.51 IRCPx711@13.01 TNPx1384@6.38 
Purchases: HNIx368@23.83 HUSAx4598@1.91 ACHNx1060@8.28 GNTXx413@21.23 CKXx736@11.92 

2012-04-22
Cash: 42.00
Held: CKXx736@11.90 HNIx368@23.83 HUSAx4598@1.79 GNTXx413@20.95 ACHNx1060@6.74 
Value: 41594.82
Sales: HNIx368@23.83 HUSAx4598@1.79 ACHNx1060@6.74 GNTXx413@20.95 CKXx736@11.90 
Purchases: HUSAx4647@1.79 MPAAx1061@7.84 DZSIx8755@0.95 EZPWx322@25.77 TPXx127@65.12 

2012-04-23
Cash: 72.07
Held: DZSIx8755@1.01 EZPWx322@26.33 HUSAx4647@1.63 TPXx127@61.34 MPAAx1061@7.90 
Value: 41135.18
Sales: HUSAx4647@1.63 MPAAx1061@7.90 EZPWx322@26.33 DZSIx8755@1.01 TPXx127@61.34 
Purchases: MVISx4897@1.68 OTELx1443@5.70 SNOAx8308@0.99 TNCx197@41.62 CBAKx2083@3.95 

2012-04-24
Cash: 32.57
Held: SNOAx8308@0.98 OTELx1443@5.93 TNCx197@41.97 MVISx4897@1.96 CBAKx2083@4.00 
Value: 42928.56
Sales: MVISx4897@1.96 OTELx1443@5.93 SNOAx8308@0.98 TNCx197@41.97 CBAKx2083@4.00 
Purchases: UCTTx1314@6.53 WKHSx45201@0.19 SANMx986@8.70 NFLXx99@86.38 TROVx13845@0.62 

2012-04-25
Cash: 43.02
Held: UCTTx1314@6.81 SANMx986@8.97 NFLXx99@85.06 TROVx13845@0.61 WKHSx45201@0.20 
Value: 43735.44
Sales: UCTTx1314@6.81 WKHSx45201@0.20 SANMx986@8.97 NFLXx99@85.06 TROVx13845@0.61 
Purchases: IDRAx5991@1.46 SCHLx283@30.84 CNITx6625@1.32 HEIx215@40.50 TECSx976@8.95 

2012-04-26
Cash: 67.21
Held: TECSx976@8.95 HEIx215@40.94 SCHLx283@30.97 IDRAx5991@1.46 CNITx6625@1.28 
Value: 43599.62
Sales: IDRAx5991@1.46 SCHLx283@30.97 CNITx6625@1.28 HEIx215@40.94 TECSx976@8.95 
Purchases: CLNTx1921@4.54 CLFDx2023@4.31 SRNEx19379@0.45 IDCCx319@27.33 GTIMx2307@3.78 

2012-04-29
Cash: 7.68
Held: IDCCx319@27.72 CLFDx2023@4.25 SRNEx19379@0.45 CLNTx1921@5.31 GTIMx2307@3.96 
Value: 45503.01
Sales: CLNTx1921@5.31 CLFDx2023@4.25 SRNEx19379@0.45 IDCCx319@27.72 GTIMx2307@3.96 
Purchases: CAPRx33703@0.27 SIMOx534@17.02 DGIIx981@9.27 MXWLx957@9.51 DECKx178@51.00 

2012-04-30
Cash: 41.98
Held: CAPRx33703@0.28 SIMOx534@15.54 DGIIx981@9.25 DECKx178@52.50 MXWLx957@9.58 
Value: 45363.18
Sales: MXWLx957@9.58 SIMOx534@15.54 DGIIx981@9.25 CAPRx33703@0.28 DECKx178@52.50 
Purchases: ABCDx4014@2.26 IMMYx11941@0.76 MMACx26677@0.34 FVEx2708@3.35 HOLXx482@18.80 

2012-05-01
Cash: 16.76
Held: FVEx2708@3.31 IMMYx11941@0.52 MMACx26677@0.34 HOLXx482@18.09 ABCDx4014@2.25 
Value: 42016.48
Sales: IMMYx11941@0.52 ABCDx4014@2.25 FVEx2708@3.31 MMACx26677@0.34 HOLXx482@18.09 
Purchases: COPx153@54.59 OPHCx6317@1.33 COYNx1024@8.20 TRRx1448@5.80 HLFx159@52.69 

2012-05-02
Cash: 84.69
Held: HLFx159@46.19 COPx153@54.25 TRRx1448@5.67 OPHCx6317@1.17 COYNx1024@8.50 
Value: 40036.03
Sales: HLFx159@46.19 OPHCx6317@1.17 TRRx1448@5.67 COYNx1024@8.50 COPx153@54.25 
Purchases: IDRAx6844@1.17 SYXx550@14.55 OPHCx6844@1.17 CEVAx462@17.33 PLTx243@32.84 

2012-05-03
Cash: 34.73
Held: CEVAx462@17.00 SYXx550@14.00 OPHCx6844@1.12 PLTx243@32.06 IDRAx6844@1.10 
Value: 38571.73
Sales: IDRAx6844@1.10 OPHCx6844@1.12 CEVAx462@17.00 PLTx243@32.06 SYXx550@14.00 
Purchases: NSYSx2137@3.61 WTWx124@62.19 CALDx1270@6.07 CACIx156@49.16 INSGx3876@1.99 

2012-05-06
Cash: 55.42
Held: CALDx1270@5.88 WTWx124@59.47 INSGx3876@1.96 CACIx156@48.44 NSYSx2137@3.61 
Value: 37762.05
Sales: CACIx156@48.44 NSYSx2137@3.61 INSGx3876@1.96 CALDx1270@5.88 WTWx124@59.47 
Purchases: BEBEx123@61.09 MTSCx181@41.50 CLNTx1586@4.76 MANTx304@24.80 SGYPx1682@4.49 

2012-05-07
Cash: 96.39
Held: CLNTx1586@4.56 MANTx304@24.78 BEBEx123@60.81 MTSCx181@42.03 SGYPx1682@4.53 
Value: 37568.98
Sales: BEBEx123@60.81 MTSCx181@42.03 CLNTx1586@4.56 MANTx304@24.78 SGYPx1682@4.53 
Purchases: CNETx3494@2.15 TPXx161@46.59 BSFTx235@31.91 ESEAx48@156.00 TAx1520@4.94 

2012-05-08
Cash: 57.02
Held: CNETx3494@2.05 ESEAx48@150.00 TPXx161@48.78 TAx1520@5.08 BSFTx235@31.22 
Value: 37331.38
Sales: CNETx3494@2.05 TAx1520@5.08 BSFTx235@31.22 ESEAx48@150.00 TPXx161@48.78 
Purchases: SMGx161@46.09 TCCOx982@7.60 EGTx1866@4.00 SNCRx369@20.20 IDSYx1654@4.51 

2012-05-09
Cash: 64.22
Held: SNCRx369@20.62 SMGx161@46.91 EGTx1866@3.80 TCCOx982@7.75 IDSYx1654@4.54 
Value: 37437.12
Sales: SMGx161@46.91 TCCOx982@7.75 IDSYx1654@4.54 SNCRx369@20.62 EGTx1866@3.80 
Purchases: AEHRx6453@1.16 DVAXx192@38.91 AWREx1245@6.01 AMEDx748@10.01 ANIPx17830@0.42 

2012-05-10
Cash: 22.99
Held: ANIPx17830@0.45 AEHRx6453@1.30 AMEDx748@10.54 AWREx1245@5.90 DVAXx192@40.91 
Value: 39514.03
Sales: AEHRx6453@1.30 DVAXx192@40.91 AWREx1245@5.90 AMEDx748@10.54 ANIPx17830@0.45 
Purchases: CDTIx614@12.85 AMAGx596@13.25 WINx795@9.94 CLROx2016@3.92 FANHx1240@6.37 

2012-05-13
Cash: 23.14
Held: CLROx2016@3.95 AMAGx596@12.99 CDTIx614@13.15 FANHx1240@6.21 WINx795@9.68 
Value: 39198.16
Sales: CDTIx614@13.15 AMAGx596@12.99 WINx795@9.68 CLROx2016@3.95 FANHx1240@6.21 
Purchases: UDOWx159@49.25 QLDx149@52.47 WLDNx3111@2.52 AMOTx1266@6.19 TQQQx159@49.28 

2012-05-14
Cash: 37.27
Held: WLDNx3111@2.29 QLDx149@52.09 TQQQx159@48.84 UDOWx159@48.53 AMOTx1266@6.26 
Value: 38330.47
Sales: UDOWx159@48.53 QLDx149@52.09 TQQQx159@48.84 AMOTx1266@6.26 WLDNx3111@2.29 
Purchases: GRBKx21897@0.35 IOTx4077@1.88 CIGx588@13.02 RBPAAx5045@1.52 CIG.Cx521@14.70 

2012-05-15
Cash: 15.96
Held: CIG.Cx521@14.86 RBPAAx5045@1.70 GRBKx21897@0.35 IOTx4077@1.94 CIGx588@13.18 
Value: 39662.05
Sales: IOTx4077@1.94 GRBKx21897@0.35 RBPAAx5045@1.70 CIGx588@13.18 CIG.Cx521@14.86 
Purchases: SVTx1014@7.82 AUMNx1954@4.06 SUMRx2670@2.97 HMNYx2938@2.70 LAKEx1042@7.61 

2012-05-16
Cash: 10.71
Held: LAKEx1042@7.99 AUMNx1954@3.38 SVTx1014@7.70 HMNYx2938@2.30 SUMRx2670@3.08 
Value: 37731.21
Sales: SVTx1014@7.70 SUMRx2670@3.08 LAKEx1042@7.99 HMNYx2938@2.30 AUMNx1954@3.38 
Purchases: ABCDx5507@1.37 CALLx408@18.48 CFBKx4775@1.58 CLNTx2734@2.76 JCPx290@25.94 

2012-05-17
Cash: 32.41
Held: CALLx408@17.73 CLNTx2734@2.42 ABCDx5507@1.26 JCPx290@26.30 CFBKx4775@1.53 
Value: 35754.78
Sales: ABCDx5507@1.26 JCPx290@26.30 CFBKx4775@1.53 CLNTx2734@2.42 CALLx408@17.73 
Purchases: IMMYx11725@0.61 STRSx893@8.00 SYMXx8940@0.80 AAPx107@66.69 RRGBx234@30.47 

2012-05-20
Cash: 44.62
Held: SYMXx8940@0.90 IMMYx11725@0.80 AAPx107@69.81 STRSx893@7.75 RRGBx234@32.03 
Value: 39353.46
Sales: IMMYx11725@0.80 STRSx893@7.75 SYMXx8940@0.90 AAPx107@69.81 RRGBx234@32.03 
Purchases: RAVEx3073@2.56 KIRKx747@10.53 RVLTx20718@0.38 GAZx2407@3.27 PNBKx4740@1.66 

2012-05-21
Cash: 8.74
Held: RVLTx20718@0.38 KIRKx747@10.00 RAVEx3073@2.55 GAZx2407@3.32 PNBKx4740@1.75 
Value: 39474.70
Sales: RAVEx3073@2.55 KIRKx747@10.00 RVLTx20718@0.38 GAZx2407@3.32 PNBKx4740@1.75 
Purchases: SSKNx3157@2.50 MIDZx310@25.39 CKXx788@10.01 HMNYx3725@2.12 LOWx309@25.48 

2012-05-22
Cash: 56.48
Held: CKXx788@10.01 LOWx309@26.19 SSKNx3157@2.93 MIDZx310@25.03 HMNYx3725@2.40 
Value: 41984.74
Sales: HMNYx3725@2.40 MIDZx310@25.03 CKXx788@10.01 SSKNx3157@2.93 LOWx309@26.19 
Purchases: NAKx3398@2.47 HGTx1172@7.16 DGLYx16793@0.50 TGDx5281@1.59 CNTFx1824@4.60 

2012-05-23
Cash: 11.87
Held: CNTFx1824@4.90 TGDx5281@1.61 NAKx3398@2.46 DGLYx16793@0.51 HGTx1172@6.99 
Value: 42563.91
Sales: CNTFx1824@4.90 DGLYx16793@0.51 HGTx1172@6.99 TGDx5281@1.61 NAKx3398@2.46 
Purchases: GILTx2677@3.18 CHNRx1315@6.47 IESCx2935@2.90 SLCTx1979@4.30 CNSLx610@13.95 

2012-05-24
Cash: 10.18
Held: IESCx2935@3.11 CNSLx610@14.14 SLCTx1979@4.40 CHNRx1315@6.88 GILTx2677@3.27 
Value: 44264.78
Sales: GILTx2677@3.27 SLCTx1979@4.40 CNSLx610@14.14 IESCx2935@3.11 CHNRx1315@6.88 
Purchases: MNROx262@33.72 WPRTx345@25.64 SRNEx55319@0.16 NTAPx309@28.61 CPRXx15807@0.56 

2012-05-28
Cash: 38.38
Held: CPRXx15807@0.55 NTAPx309@29.70 MNROx262@34.47 SRNEx55319@0.23 WPRTx345@25.45 
Value: 48441.84
Sales: MNROx262@34.47 WPRTx345@25.45 SRNEx55319@0.23 NTAPx309@29.70 CPRXx15807@0.55 
Purchases: PAYx271@35.62 SNGXx32289@0.30 VRMLx4657@2.08 NVGNx4844@2.00 DCTHx6501@1.49 

2012-05-29
Cash: 36.25
Held: PAYx271@36.25 NVGNx4844@2.15 DCTHx6501@1.50 VRMLx4657@2.09 SNGXx32289@0.29 
Value: 49125.47
Sales: PAYx271@36.25 SNGXx32289@0.29 NVGNx4844@2.15 VRMLx4657@2.09 DCTHx6501@1.50 
Purchases: XBKSx5745@1.71 CALIx3720@2.64 SHIPx4292@2.29 GIGx4548@2.16 UBCx505@19.45 

2012-05-30
Cash: 5.74
Held: CALIx3720@2.64 SHIPx4292@2.27 GIGx4548@2.31 UBCx505@19.45 XBKSx5745@1.40 
Value: 47947.14
Sales: GIGx4548@2.31 CALIx3720@2.64 SHIPx4292@2.27 XBKSx5745@1.40 UBCx505@19.45 
Purchases: DAKTx1463@6.55 GENEx2089@4.59 FROx2035@4.71 TTMx461@20.80 YPFx749@12.79 

2012-05-31
Cash: 22.03
Held: TTMx461@20.11 YPFx749@12.64 GENEx2089@4.48 FROx2035@4.27 DAKTx1463@6.39 
Value: 46157.96
Sales: DAKTx1463@6.39 FROx2035@4.27 GENEx2089@4.48 YPFx749@12.64 TTMx461@20.11 
Purchases: AIIIx8395@1.10 XBKSx6840@1.35 CYRXx1451@6.36 CRMDx48602@0.19 SMIx6114@1.51 

2012-06-03
Cash: 5.72
Held: CRMDx48602@0.18 CYRXx1451@5.76 SMIx6114@1.53 AIIIx8395@1.34 XBKSx6840@1.32 
Value: 46751.96
Sales: AIIIx8395@1.34 XBKSx6840@1.32 CYRXx1451@5.76 CRMDx48602@0.18 SMIx6114@1.53 
Purchases: STRSx1335@7.00 SOXLx420@22.22 PDCEx428@21.80 GASLx539@17.34 QUIKx4289@2.18 

2012-06-04
Cash: 49.07
Held: QUIKx4289@2.03 SOXLx420@23.72 GASLx539@18.72 PDCEx428@21.77 STRSx1335@7.13 
Value: 47636.78
Sales: STRSx1335@7.13 PDCEx428@21.77 SOXLx420@23.72 QUIKx4289@2.03 GASLx539@18.72 
Purchases: ISDRx3262@2.92 CQPx480@19.81 BSPMx1248@7.63 MMACx34022@0.28 RTNBx18321@0.52 

2012-06-05
Cash: 26.68
Held: ISDRx3262@3.00 CQPx480@20.23 RTNBx18321@0.50 MMACx34022@0.28 BSPMx1248@7.56 
Value: 47645.97
Sales: ISDRx3262@3.00 CQPx480@20.23 BSPMx1248@7.56 MMACx34022@0.28 RTNBx18321@0.50 
Purchases: FHx2676@3.56 PIPx6436@1.48 LLITx5541@1.72 CPHIx32854@0.29 XTNTx7939@1.20 

2012-06-06
Cash: 3.35
Held: XTNTx7939@1.36 LLITx5541@1.87 CPHIx32854@0.34 PIPx6436@1.64 FHx2676@3.70 
Value: 52790.63
Sales: PIPx6436@1.64 FHx2676@3.70 LLITx5541@1.87 CPHIx32854@0.34 XTNTx7939@1.36 
Purchases: SNGXx39101@0.27 YANGx650@16.23 GBRx10151@1.04 FCELx10355@1.02 ERYx138@76.12 

2012-06-07
Cash: 60.32
Held: ERYx138@76.00 FCELx10355@1.02 GBRx10151@1.20 SNGXx39101@0.23 YANGx650@16.38 
Value: 52924.97
Sales: SNGXx39101@0.23 FCELx10355@1.02 YANGx650@16.38 GBRx10151@1.20 ERYx138@76.00 
Purchases: AIIIx9533@1.11 ZNx5689@1.86 REEDx3197@3.31 CVTIx3197@3.31 BLINx1203@8.80 

2012-06-10
Cash: 6.17
Held: ZNx5689@1.88 CVTIx3197@3.24 BLINx1203@9.45 REEDx3197@3.37 AIIIx9533@1.27 
Value: 55305.54
Sales: AIIIx9533@1.27 ZNx5689@1.88 REEDx3197@3.37 CVTIx3197@3.24 BLINx1203@9.45 
Purchases: TIKx2873@3.85 SITOx58234@0.19 SAJAx16031@0.69 MGPIx3106@3.56 GUREx8848@1.25 

2012-06-11
Cash: 5.06
Held: SAJAx16031@0.71 SITOx58234@0.20 GUREx8848@1.24 MGPIx3106@3.53 TIKx2873@3.74 
Value: 55711.68
Sales: TIKx2873@3.74 SAJAx16031@0.71 MGPIx3106@3.53 GUREx8848@1.24 SITOx58234@0.20 
Purchases: CTICx29@373.75 ADGEx4822@2.31 CNCx828@13.45 WCGx216@51.50 TIKx2979@3.74 

2012-06-12
Cash: 326.13
Held: CTICx29@345.00 ADGEx4822@2.51 WCGx216@51.06 CNCx828@13.42 TIKx2979@3.82 
Value: 55956.74
Sales: CNCx828@13.42 TIKx2979@3.82 CTICx29@345.00 WCGx216@51.06 ADGEx4822@2.51 
Purchases: ABCDx9728@1.15 TGSx6582@1.70 LIVEx2336@4.79 IRIXx3331@3.36 BLINx1340@8.35 

2012-06-13
Cash: 6.63
Held: IRIXx3331@3.22 LIVEx2336@5.20 TGSx6582@1.73 BLINx1340@7.85 ABCDx9728@1.14 
Value: 55877.71
Sales: ABCDx9728@1.14 TGSx6582@1.73 IRIXx3331@3.22 LIVEx2336@5.20 BLINx1340@7.85 
Purchases: REGNx100@110.88 MEETx4988@2.24 JVAx1903@5.87 BPOPx823@13.58 GBRx10847@1.03 

2012-06-14
Cash: 93.06
Held: MEETx4988@2.23 REGNx100@113.88 JVAx1903@5.78 GBRx10847@1.10 BPOPx823@14.27 
Value: 57282.36
Sales: REGNx100@113.88 MEETx4988@2.23 JVAx1903@5.78 BPOPx823@14.27 GBRx10847@1.10 
Purchases: VRTBx9468@1.21 DLx3818@3.00 OHRPx12730@0.90 LSCCx3047@3.76 KFSx23868@0.48 

2012-06-17
Cash: 4.51
Held: DLx3818@3.00 OHRPx12730@0.90 VRTBx9468@1.22 LSCCx3047@3.50 KFSx23868@0.45 
Value: 55866.57
Sales: KFSx23868@0.45 DLx3818@3.00 OHRPx12730@0.90 VRTBx9468@1.22 LSCCx3047@3.50 
Purchases: MVISx5321@2.10 JOBx28657@0.39 TEUMx6420@1.74 AIQx12698@0.88 IIVIx692@16.12 

2012-06-18
Cash: 17.84
Held: TEUMx6420@1.71 JOBx28657@0.41 IIVIx692@16.69 AIQx12698@0.89 MVISx5321@2.06 
Value: 56557.52
Sales: MVISx5321@2.06 JOBx28657@0.41 TEUMx6420@1.71 AIQx12698@0.89 IIVIx692@16.69 
Purchases: CWEIx224@50.44 MMACx40394@0.28 GTIMx4693@2.41 REEDx3707@3.05 DLHCx8637@1.31 

2012-06-19
Cash: 17.15
Held: CWEIx224@49.88 DLHCx8637@1.30 GTIMx4693@2.49 REEDx3707@3.14 MMACx40394@0.27 
Value: 56651.70
Sales: CWEIx224@49.88 MMACx40394@0.27 GTIMx4693@2.49 REEDx3707@3.14 DLHCx8637@1.30 
Purchases: LUNAx7357@1.54 SSNx8994@1.26 RVLTx31463@0.36 RILYx39064@0.29 WLDNx7265@1.56 

2012-06-20
Cash: 0.87
Held: SSNx8994@1.18 RVLTx31463@0.37 WLDNx7265@1.50 RILYx39064@0.33 LUNAx7357@1.53 
Value: 57305.87
Sales: LUNAx7357@1.53 SSNx8994@1.18 RVLTx31463@0.37 RILYx39064@0.33 WLDNx7265@1.50 
Purchases: IFMIx14329@0.80 ETHx616@18.59 LZBx1022@11.21 TTGTx2306@4.97 HGSHx20845@0.55 

2012-06-21
Cash: 15.53
Held: IFMIx14329@0.80 TTGTx2306@5.08 LZBx1022@11.49 HGSHx20845@0.56 ETHx616@18.11 
Value: 57760.90
Sales: ETHx616@18.11 IFMIx14329@0.80 TTGTx2306@5.08 HGSHx20845@0.56 LZBx1022@11.49 
Purchases: KEGx1451@7.96 BRKRx857@13.47 PDCEx574@20.12 HOTRx2661@4.34 KFSx22661@0.51 

2012-06-24
Cash: 14.98
Held: BRKRx857@12.96 HOTRx2661@4.28 KEGx1451@7.09 PDCEx574@19.62 KFSx22661@0.50 
Value: 55397.53
Sales: KEGx1451@7.09 BRKRx857@12.96 PDCEx574@19.62 HOTRx2661@4.28 KFSx22661@0.50 
Purchases: IDRAx13033@0.85 ARTXx12043@0.92 ARNAx1203@9.20 Rx322@34.34 RVSBx10258@1.08 

2012-06-25
Cash: 30.10
Held: ARTXx12043@0.93 Rx322@34.59 ARNAx1203@8.85 IDRAx13033@0.89 RVSBx10258@1.12 
Value: 56111.14
Sales: IDRAx13033@0.89 ARTXx12043@0.93 ARNAx1203@8.85 Rx322@34.59 RVSBx10258@1.12 
Purchases: IMMRx1812@6.19 SNGXx48796@0.23 PESx1716@6.54 PGTIx4366@2.57 KEXx247@45.38 

2012-06-26
Cash: 19.54
Held: PGTIx4366@2.83 PESx1716@6.77 KEXx247@45.84 IMMRx1812@5.97 SNGXx48796@0.24 
Value: 57841.52
Sales: IMMRx1812@5.97 SNGXx48796@0.24 KEXx247@45.84 PGTIx4366@2.83 PESx1716@6.77 
Purchases: OGENx5355@2.16 JKSx3392@3.41 RVLTx44491@0.26 CLSNx918@12.60 MBVXx5561@2.08 

2012-06-27
Cash: 2.99
Held: RVLTx44491@0.25 JKSx3392@3.30 CLSNx918@13.36 OGENx5355@2.16 MBVXx5561@2.20 
Value: 58383.39
Sales: MBVXx5561@2.20 OGENx5355@2.16 RVLTx44491@0.25 CLSNx918@13.36 JKSx3392@3.30 
Purchases: RAVEx4508@2.59 OMERx1128@10.34 DLTRx223@52.19 ORLYx143@81.31 EVLVx5693@2.05 

2012-06-28
Cash: 100.03
Held: DLTRx223@53.81 RAVEx4508@2.73 EVLVx5693@2.08 OMERx1128@10.00 ORLYx143@83.75 
Value: 59507.30
Sales: RAVEx4508@2.73 OMERx1128@10.00 DLTRx223@53.81 ORLYx143@83.75 EVLVx5693@2.08 
Purchases: UUUUx59521@0.20 ORBKx1561@7.62 GRBKx3342@3.56 ANTHx2199@5.41 JAKKx743@16.02 

2012-07-01
Cash: 13.59
Held: ORBKx1561@7.72 ANTHx2199@5.56 GRBKx3342@3.54 JAKKx743@16.31 UUUUx59521@0.18 
Value: 58950.62
Sales: UUUUx59521@0.18 ORBKx1561@7.72 GRBKx3342@3.54 ANTHx2199@5.56 JAKKx743@16.31 
Purchases: DPKx107@109.19 SRNEx47160@0.25 BZQx302@39.00 SQQQx253@46.44 ERYx177@66.44 

2012-07-02
Cash: 191.43
Held: DPKx107@106.19 ERYx177@61.69 SRNEx47160@0.25 SQQQx253@45.34 BZQx302@37.75 
Value: 57134.65
Sales: SRNEx47160@0.25 BZQx302@37.75 DPKx107@106.19 ERYx177@61.69 SQQQx253@45.34 
Purchases: MTRx380@30.00 GALTx6923@1.65 IRIXx3121@3.66 DLx3663@3.12 ANIPx4904@2.33 

2012-07-04
Cash: 33.53
Held: IRIXx3121@3.45 ANIPx4904@2.18 DLx3663@3.10 GALTx6923@1.89 MTRx380@29.75 
Value: 57228.64
Sales: GALTx6923@1.89 MTRx380@29.75 IRIXx3121@3.45 DLx3663@3.10 ANIPx4904@2.18 
Purchases: TCAPx499@22.92 CVOx650@17.59 SVTx1410@8.12 RICx2882@3.97 RNVAx2685@4.26 

2012-07-05
Cash: 23.17
Held: TCAPx499@22.98 CVOx650@17.20 RICx2882@3.84 RNVAx2685@4.32 SVTx1410@8.25 
Value: 56973.37
Sales: TCAPx499@22.98 CVOx650@17.20 SVTx1410@8.25 RICx2882@3.84 RNVAx2685@4.32 
Purchases: CBMXx6@1890.00 HUSAx9739@1.17 SMEDx3401@3.35 VISNx16273@0.70 CATOx401@28.38 

2012-07-08
Cash: 74.83
Held: SMEDx3401@3.30 HUSAx9739@1.18 VISNx16273@0.69 CATOx401@28.22 CBMXx6@1890.00 
Value: 56672.90
Sales: CBMXx6@1890.00 HUSAx9739@1.18 SMEDx3401@3.30 VISNx16273@0.69 CATOx401@28.22 
Purchases: MNGAx2891@3.92 NAVx478@23.67 SCMPx2171@5.22 MSTRx95@118.25 PFBCx972@11.66 

2012-07-09
Cash: 131.71
Held: MNGAx2891@4.05 PFBCx972@11.64 SCMPx2171@5.07 MSTRx95@113.31 NAVx478@21.95 
Value: 55423.14
Sales: MNGAx2891@4.05 NAVx478@21.95 SCMPx2171@5.07 MSTRx95@113.31 PFBCx972@11.64 
Purchases: BPIx848@13.07 PPCx1851@5.99 LMNXx573@19.33 SIMOx854@12.97 ADGEx5542@2.00 

2012-07-10
Cash: 20.88
Held: BPIx848@13.01 SIMOx854@11.53 LMNXx573@18.14 ADGEx5542@1.93 PPCx1851@5.68 
Value: 52501.20
Sales: BPIx848@13.01 PPCx1851@5.68 LMNXx573@18.14 SIMOx854@11.53 ADGEx5542@1.93 
Purchases: UAAx230@45.47 GRBKx3409@3.08 QTMx7498@1.40 LIVEx915@11.47 RNVAx3025@3.47 

2012-07-11
Cash: 50.49
Held: LIVEx915@10.80 GRBKx3409@2.81 RNVAx3025@3.94 QTMx7498@1.41 UAAx230@46.31 
Value: 52652.85
Sales: UAAx230@46.31 LIVEx915@10.80 QTMx7498@1.41 GRBKx3409@2.81 RNVAx3025@3.94 
Purchases: GVx4831@2.18 HGGx1440@7.31 SEEDx7212@1.46 ADTNx479@21.98 VOXXx1326@7.94 

2012-07-12
Cash: 8.35
Held: GVx4831@2.32 ADTNx479@21.58 HGGx1440@7.23 VOXXx1326@8.01 SEEDx7212@1.47 
Value: 53183.60
Sales: GVx4831@2.32 HGGx1440@7.23 VOXXx1326@8.01 SEEDx7212@1.47 ADTNx479@21.58 
Purchases: CALXx2206@4.82 CFBKx6444@1.65 SVUx4584@2.32 CADCx1042@10.20 DRWIx145@73.25 

2012-07-15
Cash: 25.66
Held: CALXx2206@4.78 SVUx4584@2.48 DRWIx145@68.25 CADCx1042@10.92 CFBKx6444@1.74 
Value: 54434.48
Sales: CALXx2206@4.78 DRWIx145@68.25 SVUx4584@2.48 CADCx1042@10.92 CFBKx6444@1.74 
Purchases: DLx3390@3.21 ACADx6932@1.57 VISNx17284@0.63 VIRCx6760@1.61 MARKx4156@2.62 

2012-07-16
Cash: 5.98
Held: DLx3390@3.29 ACADx6932@1.61 VISNx17284@0.61 VIRCx6760@1.60 MARKx4156@2.59 
Value: 54436.48
Sales: DLx3390@3.29 ACADx6932@1.61 VISNx17284@0.61 VIRCx6760@1.60 MARKx4156@2.59 
Purchases: DFx818@13.30 WOOFx510@21.34 OGENx4535@2.40 CRMDx51853@0.21 MATXx440@24.72 

2012-07-17
Cash: 25.20
Held: MATXx440@24.83 DFx818@12.98 CRMDx51853@0.25 WOOFx510@21.56 OGENx4535@2.40 
Value: 56410.30
Sales: DFx818@12.98 WOOFx510@21.56 OGENx4535@2.40 CRMDx51853@0.25 MATXx440@24.83 
Purchases: CBMXx6@1724.00 HUBGx358@31.45 NUROx19127@0.59 ANIPx6835@1.65 EDUx1187@9.50 

2012-07-18
Cash: 967.22
Held: EDUx1187@11.20 NUROx19127@0.62 ANIPx6835@1.60 HUBGx358@31.88 CBMXx6@1688.00 
Value: 58598.89
Sales: CBMXx6@1688.00 HUBGx358@31.88 ANIPx6835@1.60 NUROx19127@0.62 EDUx1187@11.20 
Purchases: MBOTx8368@1.40 NHTCx9016@1.30 SVBIx4508@2.60 LXRXx4141@2.83 HHSx1600@7.32 

2012-07-19
Cash: 10.49
Held: MBOTx8368@1.55 LXRXx4141@2.71 NHTCx9016@1.40 HHSx1600@7.02 SVBIx4508@2.56 
Value: 59605.36
Sales: MBOTx8368@1.55 NHTCx9016@1.40 SVBIx4508@2.56 HHSx1600@7.02 LXRXx4141@2.71 
Purchases: SYPRx1986@6.00 TSUx561@21.23 MITKx3922@3.04 POOLx323@36.81 ANTHx1307@9.12 

2012-07-22
Cash: 51.08
Held: SYPRx1986@5.65 ANTHx1307@8.80 TSUx561@20.58 MITKx3922@2.74 POOLx323@36.81 
Value: 56948.35
Sales: POOLx323@36.81 TSUx561@20.58 ANTHx1307@8.80 SYPRx1986@5.65 MITKx3922@2.74 
Purchases: CMGx37@306.00 ABEOx35585@0.32 STAAx1950@5.84 RMBSx2737@4.16 GOROx665@17.11 

2012-07-23
Cash: 84.94
Held: CMGx37@294.25 ABEOx35585@0.37 GOROx665@17.12 STAAx1950@5.59 RMBSx2737@4.07 
Value: 57571.58
Sales: CMGx37@294.25 ABEOx35585@0.37 STAAx1950@5.59 RMBSx2737@4.07 GOROx665@17.12 
Purchases: BGIx12935@0.89 RCONx8053@1.43 VISNx42642@0.27 PETSx1221@9.43 AMCNx6855@1.68 

2012-07-24
Cash: 2.31
Held: AMCNx6855@1.64 RCONx8053@1.48 PETSx1221@9.36 VISNx42642@0.30 BGIx12935@1.10 
Value: 61610.24
Sales: AMCNx6855@1.64 RCONx8053@1.48 VISNx42642@0.30 PETSx1221@9.36 BGIx12935@1.10 
Purchases: DVx596@20.64 LINCx2489@4.95 BYDx2324@5.30 GNTXx822@14.98 BRKRx1078@11.43 

2012-07-25
Cash: 38.87
Held: BYDx2324@5.37 BRKRx1078@11.34 DVx596@19.94 LINCx2489@4.49 GNTXx822@15.00 
Value: 60133.93
Sales: DVx596@19.94 GNTXx822@15.00 BYDx2324@5.37 BRKRx1078@11.34 LINCx2489@4.49 
Purchases: ANTMx225@53.38 CBMGx150302@0.08 IGTx1079@11.14 NFLXx210@57.00 DHXx1693@7.10 

2012-07-26
Cash: 84.15
Held: ANTMx225@55.12 DHXx1693@7.80 NFLXx210@58.91 IGTx1079@11.35 CBMGx150302@0.09 
Value: 63843.86
Sales: ANTMx225@55.12 CBMGx150302@0.09 IGTx1079@11.35 NFLXx210@58.91 DHXx1693@7.80 
Purchases: INODx3586@3.56 CRRx189@67.44 LOGMx548@23.27 WEBx822@15.53 NGx3192@4.00 

2012-07-29
Cash: 45.80
Held: WEBx822@15.40 NGx3192@3.98 INODx3586@3.34 CRRx189@65.50 LOGMx548@24.39 
Value: 63131.22
Sales: INODx3586@3.34 WEBx822@15.40 CRRx189@65.50 LOGMx548@24.39 NGx3192@3.98 
Purchases: SBUXx269@46.88 PBIBx8528@1.48 SRNEx63146@0.20 RSYSx3780@3.34 ELGXx1056@11.95 

2012-07-30
Cash: 23.18
Held: PBIBx8528@1.50 SRNEx63146@0.15 SBUXx269@45.28 ELGXx1056@11.75 RSYSx3780@3.41 
Value: 59767.67
Sales: SBUXx269@45.28 PBIBx8528@1.50 SRNEx63146@0.15 RSYSx3780@3.41 ELGXx1056@11.75 
Purchases: ACURx1285@9.30 DWSNx570@20.94 PGNXx2293@5.21 AWIx309@38.66 SMMFx3105@3.85 

2012-07-31
Cash: 40.31
Held: PGNXx2293@4.72 AWIx309@39.22 DWSNx570@18.95 ACURx1285@7.85 SMMFx3105@4.00 
Value: 56291.54
Sales: ACURx1285@7.85 DWSNx570@18.95 PGNXx2293@4.72 AWIx309@39.22 SMMFx3105@4.00 
Purchases: CBMXx7@1603.00 ABACx3704@3.04 DLx4503@2.50 HFx875@12.86 MGLNx237@47.50 

2012-08-01
Cash: 46.90
Held: ABACx3704@3.20 DLx4503@2.50 HFx875@12.73 MGLNx237@47.50 CBMXx7@1687.00 
Value: 57356.55
Sales: CBMXx7@1687.00 ABACx3704@3.20 DLx4503@2.50 HFx875@12.73 MGLNx237@47.50 
Purchases: FNCXx3373@3.40 TTMIx1277@8.98 ARCBx1149@9.98 CECOx3663@3.13 URREx20131@0.57 

2012-08-02
Cash: 21.42
Held: ARCBx1149@9.92 CECOx3663@3.08 FNCXx3373@3.05 URREx20131@0.59 TTMIx1277@9.40 
Value: 56870.21
Sales: FNCXx3373@3.05 TTMIx1277@9.40 CECOx3663@3.08 ARCBx1149@9.92 URREx20131@0.59 
Purchases: INCYx615@18.48 LINCx3306@3.44 IRDMx1516@7.50 MTGx13543@0.84 CECOx3692@3.08 

2012-08-05
Cash: 15.84
Held: CECOx3692@3.46 INCYx615@18.30 LINCx3306@3.48 MTGx13543@1.00 IRDMx1516@7.14 
Value: 59920.81
Sales: INCYx615@18.30 LINCx3306@3.48 MTGx13543@1.00 CECOx3692@3.46 IRDMx1516@7.14 
Purchases: SSFNx2944@4.07 ROSGx2651@4.52 DPKx120@99.38 ABIOx742@16.14 WCGx219@54.59 

2012-08-06
Cash: 99.16
Held: DPKx120@96.75 WCGx219@57.16 ABIOx742@15.54 SSFNx2944@4.19 ROSGx2651@4.24 
Value: 59331.55
Sales: SSFNx2944@4.19 ROSGx2651@4.24 DPKx120@96.75 ABIOx742@15.54 WCGx219@57.16 
Purchases: EXELx2591@4.58 ABEOx25249@0.47 SVUx5135@2.31 DRAMx1160@10.23 AVEOx1363@8.70 

2012-08-07
Cash: 13.51
Held: AVEOx1363@7.97 ABEOx25249@0.49 SVUx5135@2.30 DRAMx1160@10.08 EXELx2591@4.28 
Value: 57844.53
Sales: DRAMx1160@10.08 ABEOx25249@0.49 SVUx5135@2.30 AVEOx1363@7.97 EXELx2591@4.28 
Purchases: FNCXx7464@1.55 NLSx4682@2.47 TCCOx1830@6.32 SGMSx1701@6.80 NSYSx3559@3.25 

2012-08-08
Cash: 7.91
Held: NLSx4682@2.49 SGMSx1701@6.76 FNCXx7464@1.45 NSYSx3559@3.25 TCCOx1830@6.37 
Value: 57218.98
Sales: FNCXx7464@1.45 NLSx4682@2.49 TCCOx1830@6.37 SGMSx1701@6.76 NSYSx3559@3.25 
Purchases: MNTXx1459@7.84 FNCXx7891@1.45 OTELx3327@3.44 AXUx3355@3.41 INSGx5370@2.13 

2012-08-09
Cash: 10.30
Held: FNCXx7891@1.25 INSGx5370@2.21 MNTXx1459@7.84 OTELx3327@3.05 AXUx3355@3.27 
Value: 54304.35
Sales: MNTXx1459@7.84 FNCXx7891@1.25 OTELx3327@3.05 AXUx3355@3.27 INSGx5370@2.21 
Purchases: CFBKx7193@1.51 RSTx1024@10.60 SEMx1071@10.13 VIVEx57180@0.19 MITLx3233@3.36 

2012-08-12
Cash: 14.65
Held: RSTx1024@10.50 SEMx1071@10.32 MITLx3233@3.40 VIVEx57180@0.19 CFBKx7193@1.60 
Value: 55180.01
Sales: RSTx1024@10.50 SEMx1071@10.32 CFBKx7193@1.60 VIVEx57180@0.19 MITLx3233@3.40 
Purchases: CDXSx4756@2.32 HSKAx1316@8.38 INUVx20831@0.53 KONEx55193@0.20 BRKSx1379@8.00 

2012-08-13
Cash: 8.96
Held: INUVx20831@0.51 KONEx55193@0.22 BRKSx1379@8.12 HSKAx1316@8.22 CDXSx4756@2.45 
Value: 56426.69
Sales: BRKSx1379@8.12 HSKAx1316@8.22 INUVx20831@0.51 KONEx55193@0.22 CDXSx4756@2.45 
Purchases: TSEMx1437@7.85 ARWRx4180@2.70 HPJx10953@1.03 NSECx1366@8.26 OTELx4341@2.60 

2012-08-14
Cash: 11.60
Held: NSECx1366@8.40 TSEMx1437@7.33 HPJx10953@1.08 OTELx4341@2.56 ARWRx4180@2.77 
Value: 56536.45
Sales: TSEMx1437@7.33 OTELx4341@2.56 ARWRx4180@2.77 NSECx1366@8.40 HPJx10953@1.08 
Purchases: RGSEx12850@0.88 LIVEx2312@4.89 PTXx1767@6.40 NCRx503@22.45 OBCIx6046@1.87 

2012-08-15
Cash: 16.15
Held: LIVEx2312@5.60 RGSEx12850@0.97 OBCIx6046@1.88 NCRx503@22.72 PTXx1767@6.42 
Value: 59574.98
Sales: RGSEx12850@0.97 LIVEx2312@5.60 PTXx1767@6.42 NCRx503@22.72 OBCIx6046@1.88 
Purchases: CLNTx4379@2.72 SPLSx1046@11.38 NLSTx7786@1.53 CURx1864@6.39 CPRXx8574@1.39 

2012-08-16
Cash: 12.91
Held: CPRXx8574@1.47 NLSTx7786@1.58 CLNTx4379@2.81 SPLSx1046@11.34 CURx1864@6.37 
Value: 60965.50
Sales: CLNTx4379@2.81 NLSTx7786@1.58 SPLSx1046@11.34 CURx1864@6.37 CPRXx8574@1.47 
Purchases: CACIx233@52.16 PERYx663@18.39 ADMPx21398@0.57 NTESx253@48.19 PLPMx4203@2.90 

2012-08-19
Cash: 45.24
Held: NTESx253@48.84 PLPMx4203@2.90 PERYx663@18.55 CACIx233@52.69 ADMPx21398@0.53 
Value: 60502.15
Sales: ADMPx21398@0.53 NTESx253@48.84 PERYx663@18.55 CACIx233@52.69 PLPMx4203@2.90 
Purchases: KIRKx1223@9.89 PSTIx3025@4.00 MRVLx1159@10.44 IOx1772@6.83 DLHCx11983@1.01 

2012-08-20
Cash: 9.40
Held: KIRKx1223@9.46 PSTIx3025@4.18 DLHCx11983@1.10 MRVLx1159@10.62 IOx1772@6.78 
Value: 61721.99
Sales: KIRKx1223@9.46 PSTIx3025@4.18 MRVLx1159@10.62 IOx1772@6.78 DLHCx11983@1.10 
Purchases: BEBEx222@55.50 IFMIx11650@1.06 ICADx4976@2.48 BBYx689@17.91 NTNx64990@0.19 

2012-08-21
Cash: 32.49
Held: BBYx689@17.72 IFMIx11650@1.10 ICADx4976@2.25 NTNx64990@0.20 BEBEx222@56.41 
Value: 61764.17
Sales: BEBEx222@56.41 NTNx64990@0.20 IFMIx11650@1.10 BBYx689@17.72 ICADx4976@2.25 
Purchases: BPTx115@107.06 CFBKx7817@1.58 RAVNx426@28.98 IMUCx5368@2.30 ENGx16042@0.77 

2012-08-22
Cash: 49.92
Held: IMUCx5368@2.44 RAVNx426@29.77 ENGx16042@0.77 BPTx115@107.94 CFBKx7817@1.55 
Value: 62705.35
Sales: CFBKx7817@1.55 IMUCx5368@2.44 RAVNx426@29.77 BPTx115@107.94 ENGx16042@0.77 
Purchases: EXPRx840@14.93 ARTXx15680@0.80 RVLTx96466@0.13 BRNx4528@2.77 FGPx663@18.91 

2012-08-23
Cash: 7.15
Held: ARTXx15680@0.80 RVLTx96466@0.14 EXPRx840@15.15 BRNx4528@3.29 FGPx663@19.45 
Value: 66569.72
Sales: ARTXx15680@0.80 FGPx663@19.45 RVLTx96466@0.14 BRNx4528@3.29 EXPRx840@15.15 
Purchases: BIGx439@30.28 CHNRx1841@7.23 SANWx2475@5.38 QRHCx33292@0.40 FREDx991@13.42 

2012-08-26
Cash: 37.54
Held: QRHCx33292@0.45 SANWx2475@5.44 CHNRx1841@7.30 BIGx439@30.64 FREDx991@13.47 
Value: 68724.30
Sales: SANWx2475@5.44 FREDx991@13.47 BIGx439@30.64 QRHCx33292@0.45 CHNRx1841@7.30 
Purchases: ABACx3335@4.12 SSYSx221@62.00 DYNTx5327@2.58 ELYx2382@5.77 AMCNx9103@1.51 

