2011-10-20
Cash: 10000.00
Held: 
Value: 10000.00
Sales: 
Purchases: EGHTx522@3.83 WSTLx1000@2.00 NVECx36@55.19 GLFx49@40.19 BLINx800@2.50 

2011-10-23
Cash: 44.76
Held: NVECx36@56.03 WSTLx1000@2.10 EGHTx522@3.80 BLINx800@2.40 GLFx49@42.31 
Value: 10139.13
Sales: EGHTx522@3.80 WSTLx1000@2.10 NVECx36@56.03 GLFx49@42.31 BLINx800@2.40 
Purchases: CBPOx264@7.67 DAIOx505@4.01 RCONx2253@0.90 PBIBx1039@1.95 WSCIx359@5.65 

2011-10-24
Cash: 6.31
Held: RCONx2253@0.84 WSCIx359@5.46 DAIOx505@4.06 CBPOx264@8.98 PBIBx1039@2.63 
Value: 11011.82
Sales: CBPOx264@8.98 DAIOx505@4.06 RCONx2253@0.84 PBIBx1039@2.63 WSCIx359@5.46 
Purchases: INUVx1914@1.15 EVBSx1095@2.01 ATRCx220@9.97 SBSAx2247@0.98 DTOx45@48.53 

2011-10-25
Cash: 30.24
Held: INUVx1914@1.16 ATRCx220@10.00 SBSAx2247@1.00 EVBSx1095@2.00 DTOx45@52.12 
Value: 11233.40
Sales: DTOx45@52.12 EVBSx1095@2.00 ATRCx220@10.00 SBSAx2247@1.00 INUVx1914@1.16 
Purchases: MNTAx188@11.91 DHTx1421@1.58 PCYOx1107@2.03 RMDx82@27.27 FNx187@11.95 

2011-10-26
Cash: 32.29
Held: RMDx82@28.62 DHTx1421@1.56 MNTAx188@12.30 FNx187@13.05 PCYOx1107@2.14 
Value: 11716.94
Sales: MNTAx188@12.30 DHTx1421@1.56 PCYOx1107@2.14 FNx187@13.05 RMDx82@28.62 
Purchases: SVBIx871@2.69 VASCx216@10.83 MGYRx807@2.90 SPEXx1110@2.11 MSBFx468@5.00 

2011-10-27
Cash: 13.53
Held: MSBFx468@4.90 MGYRx807@2.90 SPEXx1110@2.01 VASCx216@10.81 SVBIx871@2.90 
Value: 11739.19
Sales: MSBFx468@4.90 VASCx216@10.81 SVBIx871@2.90 MGYRx807@2.90 SPEXx1110@2.01 
Purchases: MDRx216@10.86 SPOKx177@13.23 AVPx124@18.88 QSIIx60@38.94 ORRFx259@9.06 

2011-10-30
Cash: 28.53
Held: AVPx124@18.28 SPOKx177@13.05 MDRx216@10.98 QSIIx60@38.91 ORRFx259@9.16 
Value: 11681.48
Sales: MDRx216@10.98 SPOKx177@13.05 AVPx124@18.28 QSIIx60@38.91 ORRFx259@9.16 
Purchases: AVIDx376@6.20 NUVAx157@14.82 WHRx45@50.81 HMNYx2717@0.86 CPRXx2246@1.04 

2011-10-31
Cash: 65.04
Held: CPRXx2246@1.00 WHRx45@49.88 NUVAx157@14.03 HMNYx2717@0.87 AVIDx376@6.08 
Value: 11407.81
Sales: AVIDx376@6.08 NUVAx157@14.03 HMNYx2717@0.87 WHRx45@49.88 CPRXx2246@1.00 
Purchases: XBKSx544@4.19 IARTx76@30.00 BMAx114@19.95 CVBx264@8.64 GGALx284@8.03 

2011-11-01
Cash: 11.03
Held: CVBx264@10.56 GGALx284@7.99 IARTx76@28.30 BMAx114@20.98 XBKSx544@4.38 
Value: 11993.11
Sales: XBKSx544@4.38 IARTx76@28.30 BMAx114@20.98 CVBx264@10.56 GGALx284@7.99 
Purchases: EXELx550@4.36 AIIIx1966@1.22 GRBKx5579@0.43 AMEDx239@10.00 SIFYx503@4.76 

2011-11-02
Cash: 13.73
Held: GRBKx5579@0.52 SIFYx503@4.91 AMEDx239@9.59 EXELx550@4.53 AIIIx1966@1.34 
Value: 12803.96
Sales: EXELx550@4.53 AIIIx1966@1.34 GRBKx5579@0.52 AMEDx239@9.59 SIFYx503@4.91 
Purchases: HPJx1955@1.31 EVKx1828@1.40 ACFCx2099@1.22 CECOx347@7.37 INSGx753@3.40 

2011-11-03
Cash: 5.36
Held: EVKx1828@1.30 HPJx1955@1.21 CECOx347@7.98 INSGx753@3.53 ACFCx2099@1.25 
Value: 12797.41
Sales: HPJx1955@1.21 EVKx1828@1.30 ACFCx2099@1.25 CECOx347@7.98 INSGx753@3.53 
Purchases: MTEXx3938@0.65 ANFx43@58.22 DXCMx335@7.63 UWNx1661@1.54 EVLVx1248@2.05 

2011-11-06
Cash: 61.63
Held: UWNx1661@1.52 DXCMx335@7.41 EVLVx1248@2.04 MTEXx3938@0.65 ANFx43@58.31 
Value: 12679.48
Sales: MTEXx3938@0.65 ANFx43@58.31 DXCMx335@7.41 UWNx1661@1.52 EVLVx1248@2.04 
Purchases: RSTx360@7.04 MTZx151@16.75 RNWKx322@7.87 RNNx4089@0.62 MSBFx596@4.25 

2011-11-07
Cash: 13.01
Held: MSBFx596@4.25 RSTx360@7.01 RNWKx322@7.80 RNNx4089@0.62 MTZx151@16.58 
Value: 12621.04
Sales: MSBFx596@4.25 RSTx360@7.01 RNWKx322@7.80 MTZx151@16.58 RNNx4089@0.62 
Purchases: LTRXx2194@1.15 IMMRx463@5.45 IBCPx1802@1.40 CRNTx303@8.33 MBVXx10096@0.25 

2011-11-08
Cash: 3.17
Held: IBCPx1802@1.30 LTRXx2194@1.18 IMMRx463@5.04 CRNTx303@8.30 MBVXx10096@0.25 
Value: 12304.69
Sales: LTRXx2194@1.18 IMMRx463@5.04 IBCPx1802@1.30 CRNTx303@8.30 MBVXx10096@0.25 
Purchases: ARLx1823@1.35 LXUx76@32.25 PFINx677@3.63 QNSTx278@8.84 LDLx272@9.02 

2011-11-09
Cash: 22.32
Held: PFINx677@3.60 LXUx76@33.62 LDLx272@9.11 QNSTx278@8.61 ARLx1823@1.50 
Value: 12620.41
Sales: ARLx1823@1.50 LXUx76@33.62 PFINx677@3.60 QNSTx278@8.61 LDLx272@9.11 
Purchases: OMEx298@8.45 SBSAx1196@2.11 ILx525@4.80 NILEx79@31.59 ALSKx522@4.83 

2011-11-10
Cash: 41.97
Held: ALSKx522@5.30 ILx525@5.14 SBSAx1196@3.10 NILEx79@33.41 OMEx298@7.71 
Value: 14151.89
Sales: OMEx298@7.71 SBSAx1196@3.10 ALSKx522@5.30 NILEx79@33.41 ILx525@5.14 
Purchases: QUADx224@12.63 DYNx959@2.95 RVPx2358@1.20 NFECx4102@0.69 VRMLx2177@1.30 

2011-11-13
Cash: 3.97
Held: NFECx4102@0.64 RVPx2358@1.30 QUADx224@12.65 DYNx959@2.83 VRMLx2177@1.23 
Value: 13920.77
Sales: QUADx224@12.65 DYNx959@2.83 RVPx2358@1.30 NFECx4102@0.64 VRMLx2177@1.23 
Purchases: MVISx5682@0.49 ROSGx6187@0.45 MSTXx4283@0.65 ALIMx1762@1.58 PSDVx1751@1.59 

2011-11-14
Cash: 1.36
Held: PSDVx1751@1.40 ALIMx1762@1.50 MSTXx4283@0.65 MVISx5682@0.48 ROSGx6187@0.44 
Value: 13329.14
Sales: MVISx5682@0.48 ROSGx6187@0.44 MSTXx4283@0.65 PSDVx1751@1.40 ALIMx1762@1.50 
Purchases: PSDVx1903@1.40 XBKSx791@3.37 HBPx7402@0.36 HGSHx3807@0.70 ALIMx1777@1.50 

2011-11-15
Cash: 2.55
Held: PSDVx1903@1.34 ALIMx1777@1.36 HBPx7402@0.36 HGSHx3807@0.66 XBKSx791@3.05 
Value: 12561.51
Sales: XBKSx791@3.05 HBPx7402@0.36 PSDVx1903@1.34 HGSHx3807@0.66 ALIMx1777@1.36 
Purchases: TATx1875@1.34 MTORx403@6.22 SVBIx940@2.67 GERNx1550@1.62 PSDVx1875@1.34 

2011-11-16
Cash: 10.03
Held: MTORx403@5.67 PSDVx1875@1.34 GERNx1550@1.58 TATx1875@1.32 SVBIx940@2.69 
Value: 12260.80
Sales: TATx1875@1.32 GERNx1550@1.58 SVBIx940@2.69 MTORx403@5.67 PSDVx1875@1.34 
Purchases: AIIIx2208@1.11 ARTXx1843@1.33 UNISx593@4.13 CHEx49@50.00 CVIx139@17.53 

2011-11-17
Cash: 22.52
Held: ARTXx1843@1.47 CHEx49@49.78 CVIx139@17.95 UNISx593@4.16 AIIIx2208@1.51 
Value: 13466.53
Sales: AIIIx2208@1.51 ARTXx1843@1.47 UNISx593@4.16 CHEx49@49.78 CVIx139@17.95 
Purchases: SGOCx1176@2.29 PERYx214@12.54 KEMx303@8.88 ABIOx49@54.59 TXx131@20.45 

2011-11-20
Cash: 45.29
Held: SGOCx1176@2.10 PERYx214@12.67 KEMx303@8.40 ABIOx49@59.62 TXx131@19.45 
Value: 13240.92
Sales: SGOCx1176@2.10 PERYx214@12.67 KEMx303@8.40 TXx131@19.45 ABIOx49@59.62 
Purchases: HOVNPx2052@1.29 ESXBx2429@1.09 CYTKx454@5.82 RELVx2068@1.28 CRMx94@28.00 

2011-11-21
Cash: 24.50
Held: ESXBx2429@1.06 RELVx2068@1.36 HOVNPx2052@1.30 CYTKx454@5.88 CRMx94@27.06 
Value: 13291.50
Sales: HOVNPx2052@1.30 ESXBx2429@1.06 CYTKx454@5.88 RELVx2068@1.36 CRMx94@27.06 
Purchases: SEVx526@5.05 PXLWx1296@2.05 AXNx6818@0.39 VRMLx1898@1.40 PESx266@9.99 

2011-11-22
Cash: 2.83
Held: PXLWx1296@2.06 SEVx526@5.05 PESx266@9.26 AXNx6818@0.37 VRMLx1898@1.41 
Value: 12992.52
Sales: SEVx526@5.05 PESx266@9.26 AXNx6818@0.37 VRMLx1898@1.41 PXLWx1296@2.06 
Purchases: FANHx447@5.81 SFLx248@10.45 FROx921@2.82 HMNYx2340@1.11 BIO.Bx40@63.88 

2011-11-24
Cash: 52.98
Held: FROx921@2.76 SFLx248@10.00 HMNYx2340@1.11 FANHx447@5.85 BIO.Bx40@89.88 
Value: 13883.59
Sales: FANHx447@5.85 SFLx248@10.00 FROx921@2.76 HMNYx2340@1.11 BIO.Bx40@89.88 
Purchases: STVx782@3.55 AXDXx1559@1.78 ADMPx12073@0.23 XTNTx1279@2.17 SCKTx1368@2.03 

2011-11-27
Cash: 3.47
Held: AXDXx1559@1.66 XTNTx1279@2.20 SCKTx1368@2.03 STVx782@3.56 ADMPx12073@0.23 
Value: 13741.44
Sales: STVx782@3.56 AXDXx1559@1.66 ADMPx12073@0.23 XTNTx1279@2.20 SCKTx1368@2.03 
Purchases: CPHIx3436@0.80 SKYx539@5.09 IFMIx1844@1.49 CNITx1535@1.79 NUROx1739@1.58 

2011-11-28
Cash: 6.42
Held: NUROx1739@1.63 IFMIx1844@1.47 CPHIx3436@0.77 SKYx539@5.17 CNITx1535@1.78 
Value: 13717.11
Sales: SKYx539@5.17 IFMIx1844@1.47 CPHIx3436@0.77 CNITx1535@1.78 NUROx1739@1.63 
Purchases: OPHCx4989@0.55 DPKx17@158.62 CLSNx265@10.35 TXx176@15.54 WILCx602@4.55 

2011-11-29
Cash: 59.90
Held: DPKx17@134.00 WILCx602@4.53 CLSNx265@10.26 OPHCx4989@0.54 TXx176@16.69 
Value: 13415.29
Sales: OPHCx4989@0.54 DPKx17@134.00 TXx176@16.69 CLSNx265@10.26 WILCx602@4.53 
Purchases: MMACx14901@0.18 INVTx2631@1.02 NFECx3624@0.74 RCONx6545@0.41 RADAx1578@1.70 

2011-11-30
Cash: 1.53
Held: RADAx1578@1.78 RCONx6545@0.44 NFECx3624@0.64 INVTx2631@1.00 MMACx14901@0.19 
Value: 13471.39
Sales: RCONx6545@0.44 INVTx2631@1.00 NFECx3624@0.64 MMACx14901@0.19 RADAx1578@1.78 
Purchases: SPXUx194@13.84 SOXSx49@54.56 SSGx60@44.31 PBIBx1258@2.14 YANGx168@15.99 

2011-12-01
Cash: 73.80
Held: PBIBx1258@2.26 SPXUx194@13.86 SSGx60@44.72 SOXSx49@54.69 YANGx168@16.30 
Value: 13705.99
Sales: SPXUx194@13.86 SOXSx49@54.69 SSGx60@44.72 PBIBx1258@2.26 YANGx168@16.30 
Purchases: STNGx517@5.30 AEHRx4647@0.59 HOVNPx2108@1.30 KEQUx332@8.25 HMNYx1768@1.55 

2011-12-04
Cash: 5.44
Held: STNGx517@5.40 AEHRx4647@0.65 KEQUx332@8.22 HOVNPx2108@1.41 HMNYx1768@1.43 
Value: 14045.45
Sales: STNGx517@5.40 AEHRx4647@0.65 HOVNPx2108@1.41 HMNYx1768@1.43 KEQUx332@8.22 
Purchases: FBMSx372@7.55 CSIQx1010@2.78 SKLNx12770@0.22 ISLEx672@4.18 FUNCx914@3.07 

2011-12-05
Cash: 5.43
Held: FBMSx372@7.65 SKLNx12770@0.25 FUNCx914@3.16 ISLEx672@4.39 CSIQx1010@2.74 
Value: 14649.66
Sales: FBMSx372@7.65 CSIQx1010@2.74 SKLNx12770@0.25 ISLEx672@4.39 FUNCx914@3.16 
Purchases: HHx4882@0.60 PRPHx2461@1.19 GTTx2483@1.18 RELVx2307@1.27 TCFCx180@16.25 

2011-12-06
Cash: 7.37
Held: PRPHx2461@1.23 TCFCx180@16.25 RELVx2307@1.27 HHx4882@0.60 GTTx2483@1.18 
Value: 14748.20
Sales: HHx4882@0.60 GTTx2483@1.18 TCFCx180@16.25 PRPHx2461@1.23 RELVx2307@1.27 
Purchases: PFSWx986@2.99 GTYx225@13.06 ACFCx1467@2.01 MTLx288@10.22 PLXx555@5.31 

2011-12-07
Cash: 23.17
Held: PFSWx986@2.78 ACFCx1467@2.20 GTYx225@12.82 PLXx555@5.35 MTLx288@9.71 
Value: 14641.25
Sales: PFSWx986@2.78 GTYx225@12.82 ACFCx1467@2.20 MTLx288@9.71 PLXx555@5.35 
Purchases: NNVCx4435@0.66 ZIONWx1084@2.70 OGENx2091@1.40 OCCx887@3.30 CWBCx1889@1.55 

2011-12-08
Cash: 3.91
Held: ZIONWx1084@3.00 CWBCx1889@1.55 OCCx887@3.31 OGENx2091@1.60 NNVCx4435@0.61 
Value: 15169.47
Sales: NNVCx4435@0.61 ZIONWx1084@3.00 OGENx2091@1.60 OCCx887@3.31 CWBCx1889@1.55 
Purchases: YUMAx758@4.00 DCTHx1302@2.33 IIIx2917@1.04 CYCCx51@58.47 ATECx1883@1.61 

2011-12-11
Cash: 55.72
Held: ATECx1883@1.59 IIIx2917@1.08 DCTHx1302@2.26 YUMAx758@4.00 CYCCx51@57.12 
Value: 15087.57
Sales: YUMAx758@4.00 DCTHx1302@2.26 IIIx2917@1.08 CYCCx51@57.12 ATECx1883@1.59 
Purchases: LOANx3210@0.94 PLPMx1160@2.60 CFBKx900@3.35 CTICx5@580.00 GEOSx37@80.12 

2011-12-12
Cash: 175.54
Held: PLPMx1160@2.64 CTICx5@550.00 GEOSx37@77.38 LOANx3210@1.00 CFBKx900@3.55 
Value: 15257.25
Sales: LOANx3210@1.00 GEOSx37@77.38 CFBKx900@3.55 PLPMx1160@2.64 CTICx5@550.00 
Purchases: INDLx174@17.48 OBASx2879@1.06 PNTRx850@3.59 DHTx4422@0.69 NTPx594@5.13 

2011-12-13
Cash: 15.60
Held: DHTx4422@0.66 OBASx2879@1.01 NTPx594@5.09 PNTRx850@3.59 INDLx174@15.99 
Value: 14699.30
Sales: NTPx594@5.09 DHTx4422@0.66 PNTRx850@3.59 OBASx2879@1.01 INDLx174@15.99 
Purchases: TRQx184@15.91 HOVx2161@1.36 IDTx305@9.61 BBYx125@23.34 LRNx139@21.09 

2011-12-14
Cash: 51.97
Held: BBYx125@23.36 HOVx2161@1.35 TRQx184@16.16 LRNx139@20.73 IDTx305@9.60 
Value: 14671.71
Sales: HOVx2161@1.35 TRQx184@16.16 IDTx305@9.60 BBYx125@23.36 LRNx139@20.73 
Purchases: SRPTx5337@0.55 RCONx7158@0.41 FSLRx93@31.45 SPWRx554@5.29 SYNx2508@1.17 

2011-12-15
Cash: 13.80
Held: RCONx7158@0.42 SPWRx554@5.13 SRPTx5337@0.56 FSLRx93@31.91 SYNx2508@1.29 
Value: 15052.75
Sales: RCONx7158@0.42 SRPTx5337@0.56 FSLRx93@31.91 SPWRx554@5.13 SYNx2508@1.29 
Purchases: MAGSx853@3.53 AXDXx2230@1.35 WGBSx30112@0.10 INVTx2105@1.43 ANIPx6690@0.45 

2011-12-18
Cash: 2.50
Held: AXDXx2230@1.20 ANIPx6690@0.38 INVTx2105@1.25 MAGSx853@3.60 WGBSx30112@0.13 
Value: 14836.78
Sales: MAGSx853@3.60 WGBSx30112@0.13 AXDXx2230@1.20 INVTx2105@1.25 ANIPx6690@0.38 
Purchases: ROSTx64@46.25 MBOTx3805@0.78 NYNYx2282@1.30 GIGAx2075@1.43 HMNYx1455@2.04 

2011-12-19
Cash: 10.10
Held: MBOTx3805@0.76 GIGAx2075@1.49 HMNYx1455@1.75 NYNYx2282@1.49 ROSTx64@47.88 
Value: 15004.21
Sales: MBOTx3805@0.76 NYNYx2282@1.49 ROSTx64@47.88 GIGAx2075@1.49 HMNYx1455@1.75 
Purchases: CVVx259@11.55 MEETx974@3.08 GFAx642@4.67 JAKKx218@13.75 MBVXx15007@0.20 

2011-12-20
Cash: 16.06
Held: MEETx974@2.98 CVVx259@11.68 JAKKx218@13.74 GFAx642@4.64 MBVXx15007@0.20 
Value: 14919.82
Sales: CVVx259@11.68 MEETx974@2.98 GFAx642@4.64 JAKKx218@13.74 MBVXx15007@0.20 
Purchases: EDZx29@99.81 TZAx111@26.70 SRTYx225@13.26 KONEx6487@0.46 RTNBx5853@0.51 

2011-12-21
Cash: 110.78
Held: EDZx29@95.88 KONEx6487@0.47 SRTYx225@12.99 RTNBx5853@0.51 TZAx111@26.08 
Value: 14741.43
Sales: EDZx29@95.88 TZAx111@26.08 SRTYx225@12.99 KONEx6487@0.47 RTNBx5853@0.51 
Purchases: IMMYx32748@0.09 ORCLx114@25.69 ICNx145@20.20 RILYx24570@0.12 MGYRx1218@2.42 

2011-12-22
Cash: 39.66
Held: MGYRx1218@2.35 RILYx24570@0.12 IMMYx32748@0.10 ICNx145@20.28 ORCLx114@26.06 
Value: 15035.67
Sales: IMMYx32748@0.10 ORCLx114@26.06 MGYRx1218@2.35 RILYx24570@0.12 ICNx145@20.28 
Purchases: MLHRx163@18.44 LIVEx751@4.00 GRRx245@12.25 ALSKx914@3.29 ABIOx70@42.41 

2011-12-26
Cash: 50.47
Held: GRRx245@12.34 LIVEx751@4.15 ALSKx914@3.14 MLHRx163@18.48 ABIOx70@42.00 
Value: 15013.64
Sales: ABIOx70@42.00 LIVEx751@4.15 GRRx245@12.34 ALSKx914@3.14 MLHRx163@18.48 
Purchases: BRFx82@36.31 BIOPx2566@1.17 CAMPx719@4.17 NLRx204@14.72 SNOAx2755@1.09 

2011-12-27
Cash: 29.28
Held: NLRx204@14.62 CAMPx719@4.33 BRFx82@35.78 SNOAx2755@1.05 BIOPx2566@1.07 
Value: 14695.80
Sales: BRFx82@35.78 BIOPx2566@1.07 NLRx204@14.62 CAMPx719@4.33 SNOAx2755@1.05 
Purchases: SHIPx1426@2.06 CPSSx3377@0.87 IESCx1507@1.95 PERFx246@11.94 SHLDx88@33.34 

2011-12-28
Cash: 9.26
Held: SHIPx1426@2.20 PERFx246@10.82 IESCx1507@1.85 SHLDx88@32.91 CPSSx3377@0.94 
Value: 14664.43
Sales: SHIPx1426@2.20 CPSSx3377@0.94 IESCx1507@1.85 PERFx246@10.82 SHLDx88@32.91 
Purchases: SRSCx293@10.00 KONEx8623@0.34 OGENx2904@1.01 ZAGGx441@6.65 FRBKx2140@1.37 

2011-12-29
Cash: 5.48
Held: ZAGGx441@7.07 SRSCx293@10.06 KONEx8623@0.31 FRBKx2140@1.45 OGENx2904@1.01 
Value: 14781.22
Sales: SRSCx293@10.06 OGENx2904@1.01 FRBKx2140@1.45 ZAGGx441@7.07 KONEx8623@0.31 
Purchases: CYANx425@6.95 CFBKx953@3.10 CASIx3111@0.95 PERFx284@10.40 SCKTx1580@1.87 

2012-01-02
Cash: 9.87
Held: PERFx284@10.60 SCKTx1580@2.07 CASIx3111@1.15 CYANx425@6.88 CFBKx953@3.23 
Value: 15872.85
Sales: CYANx425@6.88 CFBKx953@3.23 CASIx3111@1.15 PERFx284@10.60 SCKTx1580@2.07 
Purchases: ACYx518@6.12 CYANx461@6.88 LOANx3205@0.99 GRBKx4738@0.67 MHOx330@9.59 

2012-01-03
Cash: 17.22
Held: GRBKx4738@0.64 LOANx3205@0.94 MHOx330@9.62 ACYx518@6.64 CYANx461@6.89 
Value: 15852.79
Sales: ACYx518@6.64 MHOx330@9.62 GRBKx4738@0.64 LOANx3205@0.94 CYANx461@6.89 
Purchases: OLEDx97@32.47 RNVAx1105@2.87 SCOx89@35.38 BZQx91@34.53 NEPTx1304@2.43 

2012-01-04
Cash: 73.89
Held: NEPTx1304@2.40 SCOx89@36.38 OLEDx97@34.72 RNVAx1105@3.00 BZQx91@35.47 
Value: 16351.75
Sales: SCOx89@36.38 RNVAx1105@3.00 OLEDx97@34.72 BZQx91@35.47 NEPTx1304@2.40 
Purchases: MLSSx6540@0.50 LIVEx1233@2.65 RPRXx773@4.23 EVOLx568@5.75 KNDIx1048@3.12 

2012-01-05
Cash: 8.81
Held: RPRXx773@4.61 LIVEx1233@2.84 MLSSx6540@0.54 KNDIx1048@3.19 EVOLx568@5.67 
Value: 17169.41
Sales: MLSSx6540@0.54 LIVEx1233@2.84 RPRXx773@4.61 KNDIx1048@3.19 EVOLx568@5.67 
Purchases: DESTx229@14.98 BGIx4293@0.80 ARLx1928@1.78 AEOx256@13.40 BKSx306@11.19 

2012-01-08
Cash: 20.47
Held: AEOx256@13.21 DESTx229@14.97 BKSx306@11.65 BGIx4293@1.16 ARLx1928@1.70 
Value: 18653.26
Sales: DESTx229@14.97 BGIx4293@1.16 ARLx1928@1.70 AEOx256@13.21 BKSx306@11.65 
Purchases: MSBFx821@4.54 PSMTx62@59.66 MDGLx857@4.35 IARTx156@23.91 UCBIx580@6.43 

2012-01-09
Cash: 40.12
Held: MSBFx821@4.54 IARTx156@23.22 PSMTx62@59.09 MDGLx857@4.29 UCBIx580@6.60 
Value: 18557.26
Sales: MSBFx821@4.54 PSMTx62@59.09 MDGLx857@4.29 IARTx156@23.22 UCBIx580@6.60 
Purchases: XBKSx1279@2.90 AWXx1385@2.68 RFILx1141@3.25 PNTRx1060@3.50 TCIx1478@2.51 

2012-01-10
Cash: 8.61
Held: AWXx1385@2.91 RFILx1141@3.58 TCIx1478@2.56 PNTRx1060@3.85 XBKSx1279@2.87 
Value: 19658.75
Sales: XBKSx1279@2.87 RFILx1141@3.58 PNTRx1060@3.85 TCIx1478@2.56 AWXx1385@2.91 
Purchases: IMNPx14040@0.28 HGGx358@10.96 SSYx3024@1.30 KONEx9145@0.43 IBIOx5174@0.76 

2012-01-11
Cash: 9.77
Held: SSYx3024@1.29 IMNPx14040@0.30 KONEx9145@0.42 IBIOx5174@0.76 HGGx358@10.93 
Value: 19807.57
Sales: IMNPx14040@0.30 HGGx358@10.93 SSYx3024@1.29 KONEx9145@0.42 IBIOx5174@0.76 
Purchases: SVBIx1650@2.40 COGx235@16.80 SVUx542@7.31 SUMRx746@5.31 HRCx131@30.12 

2012-01-12
Cash: 31.82
Held: HRCx131@30.09 COGx235@16.78 SVUx542@7.04 SUMRx746@5.08 SVBIx1650@2.60 
Value: 19810.50
Sales: SVBIx1650@2.60 SVUx542@7.04 COGx235@16.78 HRCx131@30.09 SUMRx746@5.08 
Purchases: LPTHx3923@1.01 AEx116@34.12 WSMx117@33.84 BGFVx508@7.79 REXXx356@11.10 

2012-01-16
Cash: 21.97
Held: WSMx117@33.19 LPTHx3923@0.99 REXXx356@11.19 AEx116@36.34 BGFVx508@7.88 
Value: 19990.71
Sales: LPTHx3923@0.99 AEx116@36.34 WSMx117@33.19 BGFVx508@7.88 REXXx356@11.19 
Purchases: BDSIx1931@2.07 LIVEx1360@2.94 CBLIx62@63.81 GAIAx1230@3.25 DXTRx2408@1.66 

2012-01-17
Cash: 43.75
Held: CBLIx62@64.19 LIVEx1360@3.00 GAIAx1230@3.23 DXTRx2408@1.62 BDSIx1931@2.12 
Value: 20070.15
Sales: BDSIx1931@2.12 CBLIx62@64.19 LIVEx1360@3.00 DXTRx2408@1.62 GAIAx1230@3.23 
Purchases: PFSWx1567@2.56 ACHNx368@10.88 RRDx339@11.83 IBIOx5498@0.73 QRHCx16056@0.25 

2012-01-18
Cash: 15.73
Held: QRHCx16056@0.25 PFSWx1567@2.55 ACHNx368@10.62 IBIOx5498@0.72 RRDx339@11.94 
Value: 19940.48
Sales: PFSWx1567@2.55 ACHNx368@10.62 RRDx339@11.94 IBIOx5498@0.72 QRHCx16056@0.25 
Purchases: SOXSx104@38.19 SSGx106@37.38 BCLIx1066@3.74 BZQx136@29.23 ASURx871@4.58 

2012-01-19
Cash: 56.72
Held: ASURx871@4.49 BCLIx1066@3.60 BZQx136@29.06 SSGx106@36.41 SOXSx104@37.62 
Value: 19527.76
Sales: ASURx871@4.49 SSGx106@36.41 BCLIx1066@3.60 BZQx136@29.06 SOXSx104@37.62 
Purchases: JASOx2219@1.76 TSLx482@8.10 SEEDx1491@2.62 YGEx889@4.39 LXRXx2850@1.37 

2012-01-22
Cash: 4.65
Held: LXRXx2850@1.32 YGEx889@4.20 TSLx482@7.91 JASOx2219@1.71 SEEDx1491@2.51 
Value: 18849.81
Sales: JASOx2219@1.71 YGEx889@4.20 SEEDx1491@2.51 TSLx482@7.91 LXRXx2850@1.32 
Purchases: ZSLx334@11.28 NETEx18854@0.20 WGBSx34276@0.11 THSx66@56.28 NCITx489@7.70 

2012-01-23
Cash: 62.65
Held: WGBSx34276@0.12 ZSLx334@11.50 THSx66@56.62 NETEx18854@0.17 NCITx489@7.49 
Value: 18621.63
Sales: ZSLx334@11.50 NETEx18854@0.17 WGBSx34276@0.12 THSx66@56.62 NCITx489@7.49 
Purchases: CBPOx409@9.09 PAASx170@21.84 NETEx21902@0.17 MTZx235@15.84 IBIOx5031@0.74 

2012-01-24
Cash: 17.15
Held: CBPOx409@10.25 PAASx170@22.38 IBIOx5031@0.75 MTZx235@16.38 NETEx21902@0.20 
Value: 20013.85
Sales: CBPOx409@10.25 PAASx170@22.38 NETEx21902@0.20 MTZx235@16.38 IBIOx5031@0.75 
Purchases: FPAYx26680@0.15 TCBx381@10.50 NVGNx1820@2.20 GIGAx2686@1.49 UWNx2760@1.45 

2012-01-25
Cash: 2.81
Held: UWNx2760@1.52 NVGNx1820@2.60 GIGAx2686@1.34 FPAYx26680@0.20 TCBx381@10.46 
Value: 21847.14
Sales: FPAYx26680@0.20 TCBx381@10.46 NVGNx1820@2.60 GIGAx2686@1.34 UWNx2760@1.52 
Purchases: GLWx344@12.67 ZSLx417@10.46 BVSNx198@22.03 SUNWx54606@0.08 MARKx748@5.84 

2012-01-26
Cash: 26.00
Held: BVSNx198@21.22 GLWx344@12.62 SUNWx54606@0.07 ZSLx417@10.13 MARKx748@5.88 
Value: 21013.25
Sales: ZSLx417@10.13 BVSNx198@21.22 SUNWx54606@0.07 MARKx748@5.88 GLWx344@12.62 
Purchases: CRRx41@102.06 FTKx373@11.25 CLFDx712@5.90 CVMx12357@0.34 EFSCx340@12.35 

2012-01-29
Cash: 30.76
Held: CVMx12357@0.34 CLFDx712@5.95 EFSCx340@12.34 FTKx373@11.35 CRRx41@98.00 
Value: 20918.07
Sales: CRRx41@98.00 CLFDx712@5.95 CVMx12357@0.34 FTKx373@11.35 EFSCx340@12.34 
Purchases: EDAPx1686@2.48 PATKx789@5.30 GDOTx146@28.47 VTNRx1875@2.23 ARCBx228@18.28 

2012-01-30
Cash: 47.00
Held: ARCBx228@18.12 VTNRx1875@2.30 PATKx789@5.72 EDAPx1686@2.50 GDOTx146@28.38 
Value: 21363.31
Sales: GDOTx146@28.38 VTNRx1875@2.30 EDAPx1686@2.50 PATKx789@5.72 ARCBx228@18.12 
Purchases: ASTCx6102@0.70 PBIBx1932@2.21 GSMx312@13.68 ROSGx11247@0.38 PMCx340@12.55 

2012-01-31
Cash: 12.64
Held: ASTCx6102@0.74 PBIBx1932@2.15 GSMx312@13.97 ROSGx11247@0.38 PMCx340@12.49 
Value: 21562.24
Sales: PBIBx1932@2.15 ASTCx6102@0.74 GSMx312@13.97 ROSGx11247@0.38 PMCx340@12.49 
Purchases: MNKDx1609@2.68 KONAx771@5.59 PCHx141@30.42 PBIBx2005@2.15 OFGx378@11.40 

2012-02-01
Cash: 31.23
Held: MNKDx1609@2.47 KONAx771@5.41 PCHx141@30.48 PBIBx2005@2.10 OFGx378@11.46 
Value: 21018.07
Sales: MNKDx1609@2.47 KONAx771@5.41 PCHx141@30.48 PBIBx2005@2.10 OFGx378@11.46 
Purchases: SAUCx1401@3.00 INSYx323@13.00 UISx236@17.78 TOPSx2898@1.45 CKXx414@10.15 

2012-02-02
Cash: 15.57
Held: TOPSx2898@1.36 CKXx414@11.39 UISx236@18.33 INSYx323@14.50 SAUCx1401@3.00 
Value: 21885.53
Sales: SAUCx1401@3.00 INSYx323@14.50 UISx236@18.33 TOPSx2898@1.36 CKXx414@11.39 
Purchases: SHORx810@5.40 ESXBx3290@1.33 RCONx10945@0.40 SPEXx4293@1.02 IBIOx5613@0.78 

2012-02-05
Cash: 6.12
Held: RCONx10945@0.43 ESXBx3290@1.29 SHORx810@5.57 SPEXx4293@1.05 IBIOx5613@0.77 
Value: 22296.84
Sales: SHORx810@5.57 RCONx10945@0.43 ESXBx3290@1.29 SPEXx4293@1.05 IBIOx5613@0.77 
Purchases: TJXx129@34.31 NVGNx1921@2.32 BRSx94@47.00 CNXNx452@9.86 NOAx805@5.54 

2012-02-06
Cash: 79.82
Held: NOAx805@5.52 TJXx129@34.59 BRSx94@46.72 NVGNx1921@2.80 CNXNx452@9.74 
Value: 23160.97
Sales: TJXx129@34.59 NVGNx1921@2.80 BRSx94@46.72 NOAx805@5.52 CNXNx452@9.74 
Purchases: SNGXx6615@0.70 WINAx70@65.38 HALLx652@7.10 SMIx1768@2.62 SOHUx89@51.59 

2012-02-07
Cash: 100.23
Held: HALLx652@7.16 WINAx70@61.25 SOHUx89@51.84 SMIx1768@2.74 SNGXx6615@0.63 
Value: 22681.65
Sales: SNGXx6615@0.63 WINAx70@61.25 HALLx652@7.16 SMIx1768@2.74 SOHUx89@51.84 
Purchases: GHDXx173@26.19 PFBXx466@9.72 NSUx1075@4.22 ANIPx5401@0.84 PDEXx2062@2.20 

2012-02-08
Cash: 16.33
Held: GHDXx173@26.59 ANIPx5401@0.90 PFBXx466@9.80 PDEXx2062@2.25 NSUx1075@4.11 
Value: 23099.85
Sales: NSUx1075@4.11 PFBXx466@9.80 GHDXx173@26.59 ANIPx5401@0.90 PDEXx2062@2.25 
Purchases: GIGMx3916@1.18 DLx1430@3.23 CDXSx923@5.00 POWLx135@34.19 NUROx5076@0.91 

2012-02-09
Cash: 10.36
Held: NUROx5076@0.92 DLx1430@3.27 POWLx135@33.69 GIGMx3916@1.23 CDXSx923@4.89 
Value: 23235.68
Sales: GIGMx3916@1.23 DLx1430@3.27 POWLx135@33.69 NUROx5076@0.92 CDXSx923@4.89 
Purchases: AGYSx650@7.15 INTLx206@22.52 APRIx127@36.50 MCZx8155@0.57 OSIRx964@4.82 

2012-02-12
Cash: 21.78
Held: INTLx206@23.02 AGYSx650@7.32 OSIRx964@4.79 APRIx127@35.81 MCZx8155@0.55 
Value: 23169.71
Sales: AGYSx650@7.32 INTLx206@23.02 APRIx127@35.81 MCZx8155@0.55 OSIRx964@4.79 
Purchases: ELONx84@55.00 YGEx876@5.29 ABx329@14.08 ASYSx517@8.96 HBPx5942@0.78 

2012-02-13
Cash: 18.50
Held: ELONx84@55.00 ASYSx517@9.00 YGEx876@4.75 HBPx5942@0.81 ABx329@13.76 
Value: 22792.18
Sales: ELONx84@55.00 YGEx876@4.75 ABx329@13.76 ASYSx517@9.00 HBPx5942@0.81 
Purchases: NTPx805@5.66 RCONx6701@0.68 RAILx225@20.25 AMSCx96@47.19 CRD.Ax1206@3.78 

2012-02-14
Cash: 33.82
Held: RCONx6701@0.65 AMSCx96@46.09 CRD.Ax1206@3.73 RAILx225@20.67 NTPx805@5.68 
Value: 22536.08
Sales: RAILx225@20.67 RCONx6701@0.65 AMSCx96@46.09 NTPx805@5.68 CRD.Ax1206@3.73 
Purchases: CLNTx1426@3.16 PPHx122@36.84 RTHx114@39.44 SRTx2187@2.06 OIHx105@42.59 

2012-02-15
Cash: 60.12
Held: SRTx2187@2.03 RTHx114@39.62 PPHx122@37.09 CLNTx1426@3.10 OIHx105@43.25 
Value: 22502.18
Sales: CLNTx1426@3.10 PPHx122@37.09 RTHx114@39.62 SRTx2187@2.03 OIHx105@43.25 
Purchases: SBLKx4500@1.00 SINOx1470@3.06 TGTXx14999@0.30 APDNx1250@3.60 UCBAx818@5.50 

2012-02-16
Cash: 4.23
Held: APDNx1250@3.48 SINOx1470@3.15 SBLKx4500@0.97 TGTXx14999@0.43 UCBAx818@5.74 
Value: 24494.31
Sales: SBLKx4500@0.97 SINOx1470@3.15 TGTXx14999@0.43 APDNx1250@3.48 UCBAx818@5.74 
Purchases: PTNx9246@0.53 ROSGx14404@0.34 FBPx1299@3.77 HDNGx493@9.92 ANIPx6200@0.79 

2012-02-20
Cash: 10.95
Held: ANIPx6200@0.71 PTNx9246@0.54 HDNGx493@10.52 FBPx1299@3.94 ROSGx14404@0.35 
Value: 24754.12
Sales: PTNx9246@0.54 ROSGx14404@0.35 FBPx1299@3.94 HDNGx493@10.52 ANIPx6200@0.71 
Purchases: GILDx110@44.69 ISRx9711@0.51 RPx241@20.53 PLBCx2281@2.17 EMKRx953@5.19 

2012-02-21
Cash: 43.13
Held: RPx241@20.02 PLBCx2281@2.87 ISRx9711@0.51 EMKRx953@5.11 GILDx110@44.53 
Value: 26129.41
Sales: GILDx110@44.53 ISRx9711@0.51 RPx241@20.02 PLBCx2281@2.87 EMKRx953@5.11 
Purchases: TSRAx307@16.98 FBMSx564@9.26 GTXIx1459@3.58 NAIIx828@6.31 CAMTx2261@2.31 

2012-02-22
Cash: 22.80
Held: CAMTx2261@2.42 GTXIx1459@3.51 FBMSx564@9.05 TSRAx307@16.95 NAIIx828@6.36 
Value: 26187.60
Sales: FBMSx564@9.05 TSRAx307@16.95 GTXIx1459@3.51 NAIIx828@6.36 CAMTx2261@2.42 
Purchases: MVISx1353@3.87 CFBKx1378@3.80 HTMx9886@0.53 GAZx1099@4.76 SYNx2238@2.34 

2012-02-23
Cash: 8.02
Held: SYNx2238@2.32 HTMx9886@0.54 GAZx1099@4.32 MVISx1353@3.92 CFBKx1378@3.80 
Value: 25828.86
Sales: CFBKx1378@3.80 MVISx1353@3.92 HTMx9886@0.54 SYNx2238@2.32 GAZx1099@4.32 
Purchases: EMEx185@27.92 JKSx661@7.81 YGEx1352@3.82 SCKTx2266@2.28 BOSCx1744@2.96 

2012-02-26
Cash: 8.01
Held: SCKTx2266@2.36 JKSx661@7.46 EMEx185@28.02 YGEx1352@3.94 BOSCx1744@3.04 
Value: 26095.19
Sales: EMEx185@28.02 YGEx1352@3.94 JKSx661@7.46 BOSCx1744@3.04 SCKTx2266@2.36 
Purchases: INTx120@43.25 LIVEx1112@4.69 DECKx69@75.56 IAGx336@15.52 RBCNx554@9.41 

2012-02-27
Cash: 47.60
Held: LIVEx1112@4.58 INTx120@42.06 RBCNx554@9.83 DECKx69@75.62 IAGx336@15.47 
Value: 26046.38
Sales: INTx120@42.06 LIVEx1112@4.58 DECKx69@75.62 IAGx336@15.47 RBCNx554@9.83 
Purchases: IGLDx667@7.80 MCHXx1231@4.23 VTNRx2389@2.18 SBSAx1130@4.61 PLBCx1578@3.30 

2012-02-28
Cash: 11.05
Held: PLBCx1578@3.52 VTNRx2389@2.30 IGLDx667@8.04 MCHXx1231@4.29 SBSAx1130@4.36 
Value: 26629.42
Sales: IGLDx667@8.04 MCHXx1231@4.29 VTNRx2389@2.30 SBSAx1130@4.36 PLBCx1578@3.52 
Purchases: SYKEx386@13.78 THLDx1025@5.19 APOLx124@42.62 WGBSx38038@0.14 CECOx618@8.62 

2012-02-29
Cash: 51.87
Held: CECOx618@8.63 APOLx124@42.34 THLDx1025@5.06 WGBSx38038@0.14 SYKEx386@13.76 
Value: 26459.02
Sales: THLDx1025@5.06 SYKEx386@13.76 APOLx124@42.34 WGBSx38038@0.14 CECOx618@8.63 
Purchases: WMLPx616@8.58 CNTFx649@8.15 SGMSx511@10.34 MOCOx312@16.94 PHMDx475@11.14 

2012-03-01
Cash: 24.61
Held: CNTFx649@8.05 MOCOx312@16.31 SGMSx511@10.30 PHMDx475@10.83 WMLPx616@8.00 
Value: 25669.59
Sales: WMLPx616@8.00 CNTFx649@8.05 MOCOx312@16.31 SGMSx511@10.30 PHMDx475@10.83 
Purchases: CALIx891@5.76 INVEx2619@1.96 DGIx413@12.41 SNMXx1746@2.94 BLDPx3773@1.36 

2012-03-04
Cash: 14.09
Held: CALIx891@5.76 INVEx2619@1.99 DGIx413@12.21 SNMXx1746@2.81 BLDPx3773@1.43 
Value: 25704.75
Sales: CALIx891@5.76 INVEx2619@1.99 DGIx413@12.21 SNMXx1746@2.81 BLDPx3773@1.43 
Purchases: PRTSx1314@3.91 OGENx2856@1.80 KFSx6346@0.81 CCMPx150@34.16 FANHx859@5.98 

2012-03-05
Cash: 25.27
Held: PRTSx1314@3.67 CCMPx150@33.88 KFSx6346@0.83 OGENx2856@1.80 FANHx859@5.98 
Value: 25473.94
Sales: PRTSx1314@3.67 OGENx2856@1.80 FANHx859@5.98 CCMPx150@33.88 KFSx6346@0.83 
Purchases: WMLPx718@7.09 MVISx2195@2.32 MDSYx2815@1.81 CVBx644@7.91 CIXx346@14.70 

2012-03-06
Cash: 14.98
Held: CVBx644@10.82 MDSYx2815@1.78 MVISx2195@2.33 WMLPx718@8.26 CIXx346@14.74 
Value: 28139.16
Sales: WMLPx718@8.26 MVISx2195@2.33 MDSYx2815@1.78 CVBx644@10.82 CIXx346@14.74 
Purchases: NOAx1234@4.56 SMITx1726@3.26 NTRIx533@10.55 NUROx8156@0.69 AEZSx5@1062.00 

2012-03-07
Cash: 328.85
Held: NOAx1234@4.83 NUROx8156@0.69 NTRIx533@10.57 SMITx1726@3.40 AEZSx5@1080.00 
Value: 28816.97
Sales: AEZSx5@1080.00 SMITx1726@3.40 NOAx1234@4.83 NUROx8156@0.69 NTRIx533@10.57 
Purchases: GALEx4539@1.27 MBVXx32009@0.18 BWL.Ax584@9.86 CLSNx727@7.92 VRMLx2783@2.07 

2012-03-08
Cash: 12.47
Held: GALEx4539@1.32 BWL.Ax584@11.07 CLSNx727@7.70 VRMLx2783@1.95 MBVXx32009@0.18 
Value: 29258.50
Sales: GALEx4539@1.32 MBVXx32009@0.18 BWL.Ax584@11.07 CLSNx727@7.70 VRMLx2783@1.95 
Purchases: PDEXx2721@2.15 SMRTx939@6.23 SONCx802@7.29 WINTx1607@3.64 RWCx4960@1.18 

2012-03-11
Cash: 9.31
Held: RWCx4960@1.15 SONCx802@7.30 PDEXx2721@2.15 SMRTx939@6.39 WINTx1607@3.47 
Value: 28999.91
Sales: SONCx802@7.30 RWCx4960@1.15 SMRTx939@6.39 WINTx1607@3.47 PDEXx2721@2.15 
Purchases: DNNx3841@1.51 PPHMx9208@0.63 DYNx11599@0.50 ATHXx3411@1.70 MSTXx9998@0.58 

2012-03-12
Cash: 2.45
Held: DNNx3841@1.66 PPHMx9208@0.64 MSTXx9998@0.58 DYNx11599@0.55 ATHXx3411@1.64 
Value: 30043.13
Sales: PPHMx9208@0.64 DYNx11599@0.55 DNNx3841@1.66 MSTXx9998@0.58 ATHXx3411@1.64 
Purchases: EGHTx1502@4.00 FGPx384@15.62 AXDXx5411@1.11 BSPMx301@19.95 TESSx285@21.03 

2012-03-13
Cash: 30.23
Held: AXDXx5411@1.13 EGHTx1502@3.86 TESSx285@21.09 FGPx384@15.58 BSPMx301@17.84 
Value: 29305.49
Sales: EGHTx1502@3.86 BSPMx301@17.84 AXDXx5411@1.13 FGPx384@15.58 TESSx285@21.09 
Purchases: FAZx264@22.19 MEGx1093@5.36 HCIx497@11.77 OAx109@53.66 JCSx446@13.13 

2012-03-14
Cash: 33.03
Held: OAx109@53.78 JCSx446@13.10 HCIx497@11.89 FAZx264@21.16 MEGx1093@5.17 
Value: 28886.23
Sales: FAZx264@21.16 MEGx1093@5.17 HCIx497@11.89 OAx109@53.78 JCSx446@13.10 
Purchases: XRMx864@6.68 WMLPx850@6.79 IFONx7914@0.73 INVTx4444@1.30 MNDOx3057@1.89 

2012-03-15
Cash: 14.23
Held: MNDOx3057@1.88 XRMx864@6.70 IFONx7914@0.79 INVTx4444@1.34 WMLPx850@7.31 
Value: 29968.09
Sales: XRMx864@6.70 WMLPx850@7.31 IFONx7914@0.79 INVTx4444@1.34 MNDOx3057@1.88 
Purchases: GESx184@32.53 LPTHx3366@1.78 APUx149@40.00 SKLNx74904@0.08 CVOx161@37.19 

2012-03-18
Cash: 49.15
Held: CVOx161@35.12 SKLNx74904@0.07 APUx149@40.44 LPTHx3366@1.68 GESx184@32.62 
Value: 28630.12
Sales: GESx184@32.62 CVOx161@35.12 LPTHx3366@1.68 SKLNx74904@0.07 APUx149@40.44 
Purchases: GTYx410@13.94 SCKTx1987@2.88 SKLNx81791@0.07 WINTx2037@2.81 OGXIx417@13.71 

2012-03-19
Cash: 22.97
Held: OGXIx417@12.95 SCKTx1987@2.99 SKLNx81791@0.07 WINTx2037@2.82 GTYx410@14.14 
Value: 28634.62
Sales: GTYx410@14.14 SCKTx1987@2.99 SKLNx81791@0.07 WINTx2037@2.82 OGXIx417@12.95 
Purchases: SCONx8300@0.69 DYNx9092@0.63 WPCSx4654@1.23 CRMEx1347@4.25 VBFCx3868@1.48 

2012-03-20
Cash: 3.41
Held: WPCSx4654@1.29 VBFCx3868@1.43 DYNx9092@0.64 CRMEx1347@4.05 SCONx8300@0.74 
Value: 28957.75
Sales: SCONx8300@0.74 DYNx9092@0.64 WPCSx4654@1.29 VBFCx3868@1.43 CRMEx1347@4.05 
Purchases: MMACx14482@0.40 CBIOx161@35.84 FROx792@7.31 DHTx5848@0.99 RWCx5034@1.15 

2012-03-21
Cash: 25.16
Held: DHTx5848@1.01 RWCx5034@1.09 FROx792@6.80 MMACx14482@0.40 CBIOx161@35.22 
Value: 28264.36
Sales: CBIOx161@35.22 MMACx14482@0.40 DHTx5848@1.01 FROx792@6.80 RWCx5034@1.09 
Purchases: DRAMx468@12.06 YGEx1479@3.82 BVSNx167@33.69 HEBx15273@0.37 AIRx289@19.50 

2012-03-22
Cash: 54.76
Held: BVSNx167@33.12 AIRx289@18.91 YGEx1479@3.91 DRAMx468@13.14 HEBx15273@0.37 
Value: 28636.27
Sales: DRAMx468@13.14 YGEx1479@3.91 BVSNx167@33.12 HEBx15273@0.37 AIRx289@18.91 
Purchases: PLUGx4089@1.40 GALEx2534@2.26 THMx1396@4.10 BVSNx172@33.12 ANTHx305@18.72 

2012-03-25
Cash: 51.33
Held: ANTHx305@19.59 GALEx2534@2.10 BVSNx172@28.50 PLUGx4089@1.45 THMx1396@4.17 
Value: 28003.62
Sales: PLUGx4089@1.45 GALEx2534@2.10 THMx1396@4.17 BVSNx172@28.50 ANTHx305@19.59 
Purchases: SHIPx1595@3.51 EDAPx3028@1.85 MMACx15552@0.36 XTNTx2373@2.36 ADUSx1169@4.79 

2012-03-26
Cash: 7.32
Held: ADUSx1169@4.79 SHIPx1595@3.18 XTNTx2373@2.26 MMACx15552@0.40 EDAPx3028@1.88 
Value: 27951.33
Sales: SHIPx1595@3.18 EDAPx3028@1.88 MMACx15552@0.40 XTNTx2373@2.26 ADUSx1169@4.79 
Purchases: HDSNx1725@3.24 RCONx2637@2.12 BVSNx201@27.70 GAZx1527@3.66 AUDCx1975@2.83 

2012-03-27
Cash: 26.96
Held: RCONx2637@2.15 BVSNx201@29.66 HDSNx1725@3.34 GAZx1527@3.75 AUDCx1975@2.64 
Value: 28361.16
Sales: RCONx2637@2.15 BVSNx201@29.66 AUDCx1975@2.64 GAZx1527@3.75 HDSNx1725@3.34 
Purchases: SGAx158@35.78 GRVYx2033@2.79 DHTx5788@0.98 BSPMx453@12.50 DSSx1878@3.02 

2012-03-28
Cash: 32.25
Held: DHTx5788@1.00 DSSx1878@3.05 SGAx158@35.81 GRVYx2033@2.63 BSPMx453@13.23 
Value: 28548.17
Sales: SGAx158@35.81 BSPMx453@13.23 DHTx5788@1.00 GRVYx2033@2.63 DSSx1878@3.05 
Purchases: CBKx2989@1.91 FPPx1279@4.46 PFINx1437@3.97 FSMx1333@4.28 PSDVx2898@1.97 

2012-03-29
Cash: 12.10
Held: PFINx1437@3.89 PSDVx2898@1.86 FSMx1333@4.52 CBKx2989@1.86 FPPx1279@4.51 
Value: 28349.84
Sales: CBKx2989@1.86 FPPx1279@4.51 PFINx1437@3.89 PSDVx2898@1.86 FSMx1333@4.52 
Purchases: OBCIx2464@2.30 DYNx10123@0.56 TWMCx2675@2.12 KZx1042@5.44 CPSSx4535@1.25 

2012-04-01
Cash: 3.84
Held: OBCIx2464@2.25 TWMCx2675@2.12 DYNx10123@0.52 KZx1042@5.21 CPSSx4535@1.20 
Value: 27353.38
Sales: CPSSx4535@1.20 KZx1042@5.21 DYNx10123@0.52 TWMCx2675@2.12 OBCIx2464@2.25 
Purchases: IDRAx3217@1.70 AGAx325@16.83 FINLx258@21.12 AWIx114@47.88 OIBR.Cx879@6.22 

2012-04-02
Cash: 40.43
Held: AGAx325@16.97 AWIx114@47.50 FINLx258@21.92 OIBR.Cx879@6.65 IDRAx3217@1.71 
Value: 27971.04
Sales: IDRAx3217@1.71 OIBR.Cx879@6.65 AWIx114@47.50 AGAx325@16.97 FINLx258@21.92 
Purchases: OPHCx2639@2.12 YPFx241@23.16 MITKx670@8.34 KERXx3655@1.53 AEZSx13@408.00 

2012-04-03
Cash: 310.51
Held: YPFx241@23.05 OPHCx2639@2.10 KERXx3655@1.64 MITKx670@8.03 AEZSx13@432.00 
Value: 28395.53
Sales: OPHCx2639@2.10 YPFx241@23.05 MITKx670@8.03 KERXx3655@1.64 AEZSx13@432.00 
Purchases: THLDx783@7.25 OPHCx2704@2.10 CETVx742@7.65 SFSTx826@6.87 UECx1720@3.30 

2012-04-04
Cash: 13.43
Held: UECx1720@3.28 THLDx783@7.22 OPHCx2704@1.80 SFSTx826@6.86 CETVx742@7.23 
Value: 27203.62
Sales: THLDx783@7.22 OPHCx2704@1.80 CETVx742@7.23 SFSTx826@6.86 UECx1720@3.28 
Purchases: AEHRx5182@1.05 IDNx3885@1.40 CBLIx174@31.20 TOPSx2518@2.16 GSOLx1034@5.26 

2012-04-08
Cash: 13.78
Held: CBLIx174@31.00 TOPSx2518@2.13 AEHRx5182@1.14 GSOLx1034@5.34 IDNx3885@1.29 
Value: 27212.15
Sales: AEHRx5182@1.14 IDNx3885@1.29 CBLIx174@31.00 TOPSx2518@2.13 GSOLx1034@5.34 
Purchases: RTx780@6.97 PTCx259@20.95 RCONx2485@2.19 SKLNx108875@0.05 LORLx83@64.94 

2012-04-09
Cash: 76.64
Held: RCONx2485@2.44 PTCx259@20.20 SKLNx108875@0.06 RTx780@6.76 LORLx83@64.38 
Value: 28520.79
Sales: RTx780@6.76 SKLNx108875@0.06 RCONx2485@2.44 PTCx259@20.20 LORLx83@64.38 
Purchases: NAUHx955@5.97 VBFCx3960@1.44 MOHx234@24.38 CNCx276@20.64 COOLx62@92.00 

2012-04-10
Cash: 11.97
Held: VBFCx3960@1.56 MOHx234@24.77 COOLx62@93.69 CNCx276@20.94 NAUHx955@6.20 
Value: 29490.65
Sales: NAUHx955@6.20 CNCx276@20.94 MOHx234@24.77 VBFCx3960@1.56 COOLx62@93.69 
Purchases: AIIIx4370@1.35 DAIOx2105@2.80 SNMXx2705@2.18 ANIPx10167@0.58 AEZSx13@432.00 

2012-04-11
Cash: 287.50
Held: ANIPx10167@0.61 DAIOx2105@2.72 SNMXx2705@2.22 AIIIx4370@1.11 AEZSx13@420.00 
Value: 28534.30
Sales: AIIIx4370@1.11 DAIOx2105@2.72 SNMXx2705@2.22 ANIPx10167@0.61 AEZSx13@420.00 
Purchases: FHx1902@3.00 HOFTx492@11.59 GTIMx5189@1.10 WPCSx5823@0.98 NOKx1348@4.23 

2012-04-12
Cash: 9.21
Held: WPCSx5823@1.02 HOFTx492@11.73 GTIMx5189@2.07 FHx1902@3.04 NOKx1348@4.02 
Value: 33656.88
Sales: FHx1902@3.04 HOFTx492@11.73 WPCSx5823@1.02 NOKx1348@4.02 GTIMx5189@2.07 
Purchases: PRKRx5851@1.15 OPHCx3365@2.00 MDSYx5385@1.25 SSYx6176@1.09 CLDXx1610@4.18 

2012-04-15
Cash: 4.53
Held: SSYx6176@1.21 CLDXx1610@4.17 PRKRx5851@1.14 OPHCx3365@2.60 MDSYx5385@1.36 
Value: 36935.22
Sales: PRKRx5851@1.14 OPHCx3365@2.60 MDSYx5385@1.36 SSYx6176@1.21 CLDXx1610@4.17 
Purchases: SGOCx5594@1.32 CYTXx227@32.41 CLNTx2052@3.60 NFECx5553@1.33 INFYx155@47.50 

2012-04-16
Cash: 58.36
Held: NFECx5553@1.54 SGOCx5594@1.60 INFYx155@47.53 CLNTx2052@4.32 CYTXx227@34.19 
Value: 41551.59
Sales: SGOCx5594@1.60 CYTXx227@34.19 CLNTx2052@4.32 NFECx5553@1.54 INFYx155@47.53 
Purchases: CNETx4617@1.80 MYOSx69255@0.12 ITUSx46154@0.18 HALOx1002@8.29 GTIMx5005@1.66 

2012-04-17
Cash: 6.71
Held: ITUSx46154@0.18 CNETx4617@1.62 HALOx1002@8.11 GTIMx5005@1.59 MYOSx69255@0.11 
Value: 39496.79
Sales: CNETx4617@1.62 MYOSx69255@0.11 GTIMx5005@1.59 HALOx1002@8.11 ITUSx46154@0.18 
Purchases: SRPTx8874@0.89 OGENx4968@1.59 EDNx2862@2.76 AKO.Ax316@24.94 HCCIx415@19.02 

2012-04-18
Cash: 29.19
Held: EDNx2862@2.76 SRPTx8874@0.93 AKO.Ax316@27.00 HCCIx415@21.34 OGENx4968@1.59 
Value: 41470.02
Sales: SRPTx8874@0.93 EDNx2862@2.76 AKO.Ax316@27.00 OGENx4968@1.59 HCCIx415@21.34 
Purchases: MSBFx1382@6.00 GOLx1504@5.51 ENOCx1239@6.69 IRCPx678@12.22 TNPx1320@6.28 

2012-04-19
Cash: 22.18
Held: MSBFx1382@6.00 ENOCx1239@6.51 GOLx1504@5.49 TNPx1320@6.38 IRCPx678@13.01 
Value: 41876.03
Sales: MSBFx1382@6.00 GOLx1504@5.49 ENOCx1239@6.51 IRCPx678@13.01 TNPx1320@6.38 
Purchases: HNIx351@23.83 HUSAx4384@1.91 ACHNx1011@8.28 GNTXx394@21.23 CKXx702@11.92 

2012-04-22
Cash: 30.39
Held: CKXx702@11.90 HNIx351@23.83 HUSAx4384@1.79 GNTXx394@20.95 ACHNx1011@6.74 
Value: 39662.23
Sales: HNIx351@23.83 HUSAx4384@1.79 ACHNx1011@6.74 GNTXx394@20.95 CKXx702@11.90 
Purchases: HUSAx4431@1.79 MPAAx1011@7.84 DZSIx8348@0.95 EZPWx307@25.77 TPXx121@65.12 

2012-04-23
Cash: 82.08
Held: DZSIx8348@1.01 EZPWx307@26.33 HUSAx4431@1.63 TPXx121@61.34 MPAAx1011@7.90 
Value: 39224.26
Sales: HUSAx4431@1.63 MPAAx1011@7.90 EZPWx307@26.33 DZSIx8348@1.01 TPXx121@61.34 
Purchases: MVISx4670@1.68 OTELx1376@5.70 SNOAx7922@0.99 TNCx188@41.62 CBAKx1986@3.95 

2012-04-24
Cash: 24.71
Held: SNOAx7922@0.98 OTELx1376@5.93 TNCx188@41.97 MVISx4670@1.96 CBAKx1986@4.00 
Value: 40934.51
Sales: MVISx4670@1.96 OTELx1376@5.93 SNOAx7922@0.98 TNCx188@41.97 CBAKx1986@4.00 
Purchases: UCTTx1253@6.53 WKHSx43102@0.19 SANMx940@8.70 NFLXx94@86.38 TROVx13202@0.62 

2012-04-25
Cash: 77.02
Held: UCTTx1253@6.81 SANMx940@8.97 NFLXx94@85.06 TROVx13202@0.61 WKHSx43102@0.20 
Value: 41704.40
Sales: UCTTx1253@6.81 WKHSx43102@0.20 SANMx940@8.97 NFLXx94@85.06 TROVx13202@0.61 
Purchases: IDRAx5713@1.46 SCHLx270@30.84 CNITx6317@1.32 HEIx205@40.50 TECSx931@8.95 

2012-04-26
Cash: 57.56
Held: TECSx931@8.95 HEIx205@40.94 SCHLx270@30.97 IDRAx5713@1.46 CNITx6317@1.28 
Value: 41574.91
Sales: IDRAx5713@1.46 SCHLx270@30.97 CNITx6317@1.28 HEIx205@40.94 TECSx931@8.95 
Purchases: CLNTx1831@4.54 CLFDx1929@4.31 SRNEx18479@0.45 IDCCx304@27.33 GTIMx2200@3.78 

2012-04-29
Cash: 15.76
Held: IDCCx304@27.72 CLFDx1929@4.25 SRNEx18479@0.45 CLNTx1831@5.31 GTIMx2200@3.96 
Value: 43389.26
Sales: CLNTx1831@5.31 CLFDx1929@4.25 SRNEx18479@0.45 IDCCx304@27.72 GTIMx2200@3.96 
Purchases: CAPRx32137@0.27 SIMOx509@17.02 DGIIx935@9.27 MXWLx912@9.51 DECKx170@51.00 

2012-04-30
Cash: 38.90
Held: CAPRx32137@0.28 SIMOx509@15.54 DGIIx935@9.25 DECKx170@52.50 MXWLx912@9.58 
Value: 43256.58
Sales: MXWLx912@9.58 SIMOx509@15.54 DGIIx935@9.25 CAPRx32137@0.28 DECKx170@52.50 
Purchases: ABCDx3828@2.26 IMMYx11386@0.76 MMACx25438@0.34 FVEx2582@3.35 HOLXx460@18.80 

2012-05-01
Cash: 9.10
Held: FVEx2582@3.31 IMMYx11386@0.52 MMACx25438@0.34 HOLXx460@18.09 ABCDx3828@2.25 
Value: 40065.15
Sales: IMMYx11386@0.52 ABCDx3828@2.25 FVEx2582@3.31 MMACx25438@0.34 HOLXx460@18.09 
Purchases: COPx146@54.59 OPHCx6024@1.33 COYNx976@8.20 TRRx1381@5.80 HLFx152@52.69 

2012-05-02
Cash: 56.44
Held: HLFx152@46.19 COPx146@54.25 TRRx1381@5.67 OPHCx6024@1.17 COYNx976@8.50 
Value: 38173.91
Sales: HLFx152@46.19 OPHCx6024@1.17 TRRx1381@5.67 COYNx976@8.50 COPx146@54.25 
Purchases: IDRAx6525@1.17 SYXx524@14.55 OPHCx6525@1.17 CEVAx440@17.33 PLTx232@32.84 

2012-05-03
Cash: 39.74
Held: CEVAx440@17.00 SYXx524@14.00 OPHCx6525@1.12 PLTx232@32.06 IDRAx6525@1.10 
Value: 36777.96
Sales: IDRAx6525@1.10 OPHCx6525@1.12 CEVAx440@17.00 PLTx232@32.06 SYXx524@14.00 
Purchases: NSYSx2037@3.61 WTWx118@62.19 CALDx1211@6.07 CACIx149@49.16 INSGx3695@1.99 

2012-05-06
Cash: 58.19
Held: CALDx1211@5.88 WTWx118@59.47 INSGx3695@1.96 CACIx149@48.44 NSYSx2037@3.61 
Value: 36006.40
Sales: CACIx149@48.44 NSYSx2037@3.61 INSGx3695@1.96 CALDx1211@5.88 WTWx118@59.47 
Purchases: BEBEx117@61.09 MTSCx173@41.50 CLNTx1512@4.76 MANTx290@24.80 SGYPx1604@4.49 

2012-05-07
Cash: 88.92
Held: CLNTx1512@4.56 MANTx290@24.78 BEBEx117@60.81 MTSCx173@42.03 SGYPx1604@4.53 
Value: 35822.67
Sales: BEBEx117@60.81 MTSCx173@42.03 CLNTx1512@4.56 MANTx290@24.78 SGYPx1604@4.53 
Purchases: CNETx3331@2.15 TPXx153@46.59 BSFTx224@31.91 ESEAx45@156.00 TAx1449@4.94 

2012-05-08
Cash: 203.77
Held: CNETx3331@2.05 ESEAx45@150.00 TPXx153@48.78 TAx1449@5.08 BSFTx224@31.22 
Value: 35599.66
Sales: CNETx3331@2.05 TAx1449@5.08 BSFTx224@31.22 ESEAx45@150.00 TPXx153@48.78 
Purchases: SMGx154@46.09 TCCOx936@7.60 EGTx1779@4.00 SNCRx352@20.20 IDSYx1578@4.51 

2012-05-09
Cash: 39.17
Held: SNCRx352@20.62 SMGx154@46.91 EGTx1779@3.80 TCCOx936@7.75 IDSYx1578@4.54 
Value: 35700.96
Sales: SMGx154@46.91 TCCOx936@7.75 IDSYx1578@4.54 SNCRx352@20.62 EGTx1779@3.80 
Purchases: AEHRx6154@1.16 DVAXx183@38.91 AWREx1187@6.01 AMEDx713@10.01 ANIPx17003@0.42 

2012-05-10
Cash: 30.10
Held: ANIPx17003@0.45 AEHRx6154@1.30 AMEDx713@10.54 AWREx1187@5.90 DVAXx183@40.91 
Value: 37681.26
Sales: AEHRx6154@1.30 DVAXx183@40.91 AWREx1187@5.90 AMEDx713@10.54 ANIPx17003@0.45 
Purchases: CDTIx586@12.85 AMAGx568@13.25 WINx758@9.94 CLROx1922@3.92 FANHx1182@6.37 

2012-05-13
Cash: 26.90
Held: CLROx1922@3.95 AMAGx568@12.99 CDTIx586@13.15 FANHx1182@6.21 WINx758@9.68 
Value: 37380.38
Sales: CDTIx586@13.15 AMAGx568@12.99 WINx758@9.68 CLROx1922@3.95 FANHx1182@6.21 
Purchases: UDOWx151@49.25 QLDx142@52.47 WLDNx2967@2.52 AMOTx1207@6.19 TQQQx151@49.28 

2012-05-14
Cash: 103.12
Held: WLDNx2967@2.29 QLDx142@52.09 TQQQx151@48.84 UDOWx151@48.53 AMOTx1207@6.26 
Value: 36553.60
Sales: UDOWx151@48.53 QLDx142@52.09 TQQQx151@48.84 AMOTx1207@6.26 WLDNx2967@2.29 
Purchases: GRBKx20881@0.35 IOTx3888@1.88 CIGx561@13.02 RBPAAx4811@1.52 CIG.Cx497@14.70 

2012-05-15
Cash: 10.16
Held: CIG.Cx497@14.86 RBPAAx4811@1.70 GRBKx20881@0.35 IOTx3888@1.94 CIGx561@13.18 
Value: 37823.49
Sales: IOTx3888@1.94 GRBKx20881@0.35 RBPAAx4811@1.70 CIGx561@13.18 CIG.Cx497@14.86 
Purchases: SVTx967@7.82 AUMNx1863@4.06 SUMRx2546@2.97 HMNYx2802@2.70 LAKEx994@7.61 

2012-05-16
Cash: 9.75
Held: LAKEx994@7.99 AUMNx1863@3.38 SVTx967@7.70 HMNYx2802@2.30 SUMRx2546@3.08 
Value: 35982.46
Sales: SVTx967@7.70 SUMRx2546@3.08 LAKEx994@7.99 HMNYx2802@2.30 AUMNx1863@3.38 
Purchases: ABCDx5252@1.37 CALLx389@18.48 CFBKx4554@1.58 CLNTx2607@2.76 JCPx277@25.94 

2012-05-17
Cash: 21.11
Held: CALLx389@17.73 CLNTx2607@2.42 ABCDx5252@1.26 JCPx277@26.30 CFBKx4554@1.53 
Value: 34097.90
Sales: ABCDx5252@1.26 JCPx277@26.30 CFBKx4554@1.53 CLNTx2607@2.42 CALLx389@17.73 
Purchases: IMMYx11182@0.61 STRSx852@8.00 SYMXx8526@0.80 AAPx102@66.69 RRGBx223@30.47 

2012-05-20
Cash: 46.62
Held: SYMXx8526@0.90 IMMYx11182@0.80 AAPx102@69.81 STRSx852@7.75 RRGBx223@32.03 
Value: 37529.45
Sales: IMMYx11182@0.80 STRSx852@7.75 SYMXx8526@0.90 AAPx102@69.81 RRGBx223@32.03 
Purchases: RAVEx2931@2.56 KIRKx712@10.53 RVLTx19758@0.38 GAZx2295@3.27 PNBKx4521@1.66 

2012-05-21
Cash: 11.37
Held: RVLTx19758@0.38 KIRKx712@10.00 RAVEx2931@2.55 GAZx2295@3.32 PNBKx4521@1.75 
Value: 37645.30
Sales: RAVEx2931@2.55 KIRKx712@10.00 RVLTx19758@0.38 GAZx2295@3.32 PNBKx4521@1.75 
Purchases: SSKNx3011@2.50 MIDZx296@25.39 CKXx752@10.01 HMNYx3552@2.12 LOWx295@25.48 

2012-05-22
Cash: 31.22
Held: CKXx752@10.01 LOWx295@26.19 SSKNx3011@2.93 MIDZx296@25.03 HMNYx3552@2.40 
Value: 40039.14
Sales: HMNYx3552@2.40 MIDZx296@25.03 CKXx752@10.01 SSKNx3011@2.93 LOWx295@26.19 
Purchases: NAKx3241@2.47 HGTx1118@7.16 DGLYx16015@0.50 TGDx5036@1.59 CNTFx1740@4.60 

2012-05-23
Cash: 5.86
Held: CNTFx1740@4.90 TGDx5036@1.61 NAKx3241@2.46 DGLYx16015@0.51 HGTx1118@6.99 
Value: 40591.57
Sales: CNTFx1740@4.90 DGLYx16015@0.51 HGTx1118@6.99 TGDx5036@1.61 NAKx3241@2.46 
Purchases: GILTx2553@3.18 CHNRx1255@6.47 IESCx2799@2.90 SLCTx1887@4.30 CNSLx581@13.95 

2012-05-24
Cash: 15.01
Held: IESCx2799@3.11 CNSLx581@14.14 SLCTx1887@4.40 CHNRx1255@6.88 GILTx2553@3.27 
Value: 42213.85
Sales: GILTx2553@3.27 SLCTx1887@4.40 CNSLx581@14.14 IESCx2799@3.11 CHNRx1255@6.88 
Purchases: MNROx250@33.72 WPRTx329@25.64 SRNEx52756@0.16 NTAPx295@28.61 CPRXx15074@0.56 

2012-05-28
Cash: 23.54
Held: CPRXx15074@0.55 NTAPx295@29.70 MNROx250@34.47 SRNEx52756@0.23 WPRTx329@25.45 
Value: 46197.83
Sales: MNROx250@34.47 WPRTx329@25.45 SRNEx52756@0.23 NTAPx295@29.70 CPRXx15074@0.55 
Purchases: PAYx259@35.62 SNGXx30793@0.30 VRMLx4441@2.08 NVGNx4619@2.00 DCTHx6200@1.49 

2012-05-29
Cash: 16.47
Held: PAYx259@36.25 NVGNx4619@2.15 DCTHx6200@1.50 VRMLx4441@2.09 SNGXx30793@0.29 
Value: 46850.05
Sales: PAYx259@36.25 SNGXx30793@0.29 NVGNx4619@2.15 VRMLx4441@2.09 DCTHx6200@1.50 
Purchases: XBKSx5479@1.71 CALIx3548@2.64 SHIPx4093@2.29 GIGx4337@2.16 UBCx481@19.45 

2012-05-30
Cash: 17.55
Held: CALIx3548@2.64 SHIPx4093@2.27 GIGx4337@2.31 UBCx481@19.45 XBKSx5479@1.40 
Value: 45726.22
Sales: GIGx4337@2.31 CALIx3548@2.64 SHIPx4093@2.27 XBKSx5479@1.40 UBCx481@19.45 
Purchases: DAKTx1396@6.55 GENEx1992@4.59 FROx1941@4.71 TTMx439@20.80 YPFx715@12.79 

2012-05-31
Cash: 20.42
Held: TTMx439@20.11 YPFx715@12.64 GENEx1992@4.48 FROx1941@4.27 DAKTx1396@6.39 
Value: 44020.05
Sales: DAKTx1396@6.39 FROx1941@4.27 GENEx1992@4.48 YPFx715@12.64 TTMx439@20.11 
Purchases: AIIIx8006@1.10 XBKSx6523@1.35 CYRXx1384@6.36 CRMDx46351@0.19 SMIx5831@1.51 

2012-06-03
Cash: 4.28
Held: CRMDx46351@0.18 CYRXx1384@5.76 SMIx5831@1.53 AIIIx8006@1.34 XBKSx6523@1.32 
Value: 44586.38
Sales: AIIIx8006@1.34 XBKSx6523@1.32 CYRXx1384@5.76 CRMDx46351@0.18 SMIx5831@1.53 
Purchases: STRSx1273@7.00 SOXLx401@22.22 PDCEx409@21.80 GASLx514@17.34 QUIKx4091@2.18 

2012-06-04
Cash: 18.95
Held: QUIKx4091@2.03 SOXLx401@23.72 GASLx514@18.72 PDCEx409@21.77 STRSx1273@7.13 
Value: 45430.70
Sales: STRSx1273@7.13 PDCEx409@21.77 SOXLx401@23.72 QUIKx4091@2.03 GASLx514@18.72 
Purchases: ISDRx3111@2.92 CQPx458@19.81 BSPMx1191@7.63 MMACx32447@0.28 RTNBx17472@0.52 

2012-06-05
Cash: 14.78
Held: ISDRx3111@3.00 CQPx458@20.23 RTNBx17472@0.50 MMACx32447@0.28 BSPMx1191@7.56 
Value: 45439.52
Sales: ISDRx3111@3.00 CQPx458@20.23 BSPMx1191@7.56 MMACx32447@0.28 RTNBx17472@0.50 
Purchases: FHx2552@3.56 PIPx6138@1.48 LLITx5284@1.72 CPHIx31333@0.29 XTNTx7572@1.20 

2012-06-06
Cash: 3.18
Held: XTNTx7572@1.36 LLITx5284@1.87 CPHIx31333@0.34 PIPx6138@1.64 FHx2552@3.70 
Value: 50346.00
Sales: PIPx6138@1.64 FHx2552@3.70 LLITx5284@1.87 CPHIx31333@0.34 XTNTx7572@1.36 
Purchases: SNGXx37290@0.27 YANGx620@16.23 GBRx9681@1.04 FCELx9876@1.02 ERYx132@76.12 

2012-06-07
Cash: 25.65
Held: ERYx132@76.00 FCELx9876@1.02 GBRx9681@1.20 SNGXx37290@0.23 YANGx620@16.38 
Value: 50474.10
Sales: SNGXx37290@0.23 FCELx9876@1.02 YANGx620@16.38 GBRx9681@1.20 ERYx132@76.00 
Purchases: AIIIx9091@1.11 ZNx5426@1.86 REEDx3049@3.31 CVTIx3049@3.31 BLINx1147@8.80 

2012-06-10
Cash: 7.90
Held: ZNx5426@1.88 CVTIx3049@3.24 BLINx1147@9.45 REEDx3049@3.37 AIIIx9091@1.27 
Value: 52744.17
Sales: AIIIx9091@1.27 ZNx5426@1.88 REEDx3049@3.37 CVTIx3049@3.24 BLINx1147@9.45 
Purchases: TIKx2740@3.85 SITOx55537@0.19 SAJAx15289@0.69 MGPIx2962@3.56 GUREx8439@1.25 

2012-06-11
Cash: 3.86
Held: SAJAx15289@0.71 SITOx55537@0.20 GUREx8439@1.24 MGPIx2962@3.53 TIKx2740@3.74 
Value: 53131.50
Sales: TIKx2740@3.74 SAJAx15289@0.71 MGPIx2962@3.53 GUREx8439@1.24 SITOx55537@0.20 
Purchases: CTICx28@373.75 ADGEx4599@2.31 CNCx789@13.45 WCGx206@51.50 TIKx2841@3.74 

2012-06-12
Cash: 190.77
Held: CTICx28@345.00 ADGEx4599@2.51 WCGx206@51.06 CNCx789@13.42 TIKx2841@3.82 
Value: 53355.43
Sales: CNCx789@13.42 TIKx2841@3.82 CTICx28@345.00 WCGx206@51.06 ADGEx4599@2.51 
Purchases: ABCDx9276@1.15 TGSx6276@1.70 LIVEx2228@4.79 IRIXx3176@3.36 BLINx1277@8.35 

2012-06-13
Cash: 9.63
Held: IRIXx3176@3.22 LIVEx2228@5.20 TGSx6276@1.73 BLINx1277@7.85 ABCDx9276@1.14 
Value: 53280.69
Sales: ABCDx9276@1.14 TGSx6276@1.73 IRIXx3176@3.22 LIVEx2228@5.20 BLINx1277@7.85 
Purchases: REGNx96@110.88 MEETx4756@2.24 JVAx1815@5.87 BPOPx784@13.58 GBRx10343@1.03 

2012-06-14
Cash: 24.73
Held: MEETx4756@2.23 REGNx96@113.88 JVAx1815@5.78 GBRx10343@1.10 BPOPx784@14.27 
Value: 54621.44
Sales: REGNx96@113.88 MEETx4756@2.23 JVAx1815@5.78 BPOPx784@14.27 GBRx10343@1.10 
Purchases: VRTBx9028@1.21 DLx3641@3.00 OHRPx12139@0.90 LSCCx2905@3.76 KFSx22759@0.48 

2012-06-17
Cash: 5.00
Held: DLx3641@3.00 OHRPx12139@0.90 VRTBx9028@1.22 LSCCx2905@3.50 KFSx22759@0.45 
Value: 53271.55
Sales: KFSx22759@0.45 DLx3641@3.00 OHRPx12139@0.90 VRTBx9028@1.22 LSCCx2905@3.50 
Purchases: MVISx5074@2.10 JOBx27326@0.39 TEUMx6122@1.74 AIQx12108@0.88 IIVIx660@16.12 

2012-06-18
Cash: 14.09
Held: TEUMx6122@1.71 JOBx27326@0.41 IIVIx660@16.69 AIQx12108@0.89 MVISx5074@2.06 
Value: 53930.47
Sales: MVISx5074@2.06 JOBx27326@0.41 TEUMx6122@1.71 AIQx12108@0.89 IIVIx660@16.69 
Purchases: CWEIx213@50.44 MMACx38517@0.28 GTIMx4475@2.41 REEDx3535@3.05 DLHCx8236@1.31 

2012-06-19
Cash: 45.81
Held: CWEIx213@49.88 DLHCx8236@1.30 GTIMx4475@2.49 REEDx3535@3.14 MMACx38517@0.27 
Value: 54020.63
Sales: CWEIx213@49.88 MMACx38517@0.27 GTIMx4475@2.49 REEDx3535@3.14 DLHCx8236@1.30 
Purchases: LUNAx7015@1.54 SSNx8576@1.26 RVLTx30002@0.36 RILYx37250@0.29 WLDNx6927@1.56 

2012-06-20
Cash: 2.46
Held: SSNx8576@1.18 RVLTx30002@0.37 WLDNx6927@1.50 RILYx37250@0.33 LUNAx7015@1.53 
Value: 54644.50
Sales: LUNAx7015@1.53 SSNx8576@1.18 RVLTx30002@0.37 RILYx37250@0.33 WLDNx6927@1.50 
Purchases: IFMIx13664@0.80 ETHx587@18.59 LZBx974@11.21 TTGTx2199@4.97 HGSHx19877@0.55 

2012-06-21
Cash: 27.23
Held: IFMIx13664@0.80 TTGTx2199@5.08 LZBx974@11.49 HGSHx19877@0.56 ETHx587@18.11 
Value: 55078.44
Sales: ETHx587@18.11 IFMIx13664@0.80 TTGTx2199@5.08 HGSHx19877@0.56 LZBx974@11.49 
Purchases: KEGx1383@7.96 BRKRx817@13.47 PDCEx547@20.12 HOTRx2538@4.34 KFSx21609@0.51 

2012-06-24
Cash: 26.07
Held: BRKRx817@12.96 HOTRx2538@4.28 KEGx1383@7.09 PDCEx547@19.62 KFSx21609@0.50 
Value: 52825.60
Sales: KEGx1383@7.09 BRKRx817@12.96 PDCEx547@19.62 HOTRx2538@4.28 KFSx21609@0.50 
Purchases: IDRAx12428@0.85 ARTXx11484@0.92 ARNAx1147@9.20 Rx307@34.34 RVSBx9781@1.08 

2012-06-25
Cash: 32.44
Held: ARTXx11484@0.93 Rx307@34.59 ARNAx1147@8.85 IDRAx12428@0.89 RVSBx9781@1.12 
Value: 53506.09
Sales: IDRAx12428@0.89 ARTXx11484@0.93 ARNAx1147@8.85 Rx307@34.59 RVSBx9781@1.12 
Purchases: IMMRx1728@6.19 SNGXx46530@0.23 PESx1636@6.54 PGTIx4163@2.57 KEXx235@45.38 

2012-06-26
Cash: 45.10
Held: PGTIx4163@2.83 PESx1636@6.77 KEXx235@45.84 IMMRx1728@5.97 SNGXx46530@0.24 
Value: 55155.70
Sales: IMMRx1728@5.97 SNGXx46530@0.24 KEXx235@45.84 PGTIx4163@2.83 PESx1636@6.77 
Purchases: OGENx5106@2.16 JKSx3234@3.41 RVLTx42425@0.26 CLSNx875@12.60 MBVXx5303@2.08 

2012-06-27
Cash: 9.56
Held: RVLTx42425@0.25 JKSx3234@3.30 CLSNx875@13.36 OGENx5106@2.16 MBVXx5303@2.20 
Value: 55672.21
Sales: MBVXx5303@2.20 OGENx5106@2.16 RVLTx42425@0.25 CLSNx875@13.36 JKSx3234@3.30 
Purchases: RAVEx4299@2.59 OMERx1076@10.34 DLTRx213@52.19 ORLYx136@81.31 EVLVx5429@2.05 

2012-06-28
Cash: 100.46
Held: DLTRx213@53.81 RAVEx4299@2.73 EVLVx5429@2.08 OMERx1076@10.00 ORLYx136@83.75 
Value: 56743.55
Sales: RAVEx4299@2.73 OMERx1076@10.00 DLTRx213@53.81 ORLYx136@83.75 EVLVx5429@2.08 
Purchases: UUUUx56757@0.20 ORBKx1489@7.62 GRBKx3187@3.56 ANTHx2097@5.41 JAKKx708@16.02 

2012-07-01
Cash: 15.49
Held: ORBKx1489@7.72 ANTHx2097@5.56 GRBKx3187@3.54 JAKKx708@16.31 UUUUx56757@0.18 
Value: 56212.64
Sales: UUUUx56757@0.18 ORBKx1489@7.72 GRBKx3187@3.54 ANTHx2097@5.56 JAKKx708@16.31 
Purchases: DPKx102@109.19 SRNEx44970@0.25 BZQx288@39.00 SQQQx242@46.44 ERYx169@66.44 

2012-07-02
Cash: 135.20
Held: DPKx102@106.19 ERYx169@61.69 SRNEx44970@0.25 SQQQx242@45.34 BZQx288@37.75 
Value: 54479.20
Sales: SRNEx44970@0.25 BZQx288@37.75 DPKx102@106.19 ERYx169@61.69 SQQQx242@45.34 
Purchases: MTRx363@30.00 GALTx6601@1.65 IRIXx2976@3.66 DLx3493@3.12 ANIPx4676@2.33 

2012-07-04
Cash: 11.74
Held: IRIXx2976@3.45 ANIPx4676@2.18 DLx3493@3.10 GALTx6601@1.89 MTRx363@29.75 
Value: 54568.59
Sales: GALTx6601@1.89 MTRx363@29.75 IRIXx2976@3.45 DLx3493@3.10 ANIPx4676@2.18 
Purchases: TCAPx476@22.92 CVOx620@17.59 SVTx1344@8.12 RICx2748@3.97 RNVAx2560@4.26 

2012-07-05
Cash: 18.66
Held: TCAPx476@22.98 CVOx620@17.20 RICx2748@3.84 RNVAx2560@4.32 SVTx1344@8.25 
Value: 54325.05
Sales: TCAPx476@22.98 CVOx620@17.20 SVTx1344@8.25 RICx2748@3.84 RNVAx2560@4.32 
Purchases: CBMXx5@1890.00 HUSAx9286@1.17 SMEDx3243@3.35 VISNx15517@0.70 CATOx382@28.38 

2012-07-08
Cash: 1444.19
Held: SMEDx3243@3.30 HUSAx9286@1.18 VISNx15517@0.69 CATOx382@28.22 CBMXx5@1890.00 
Value: 54038.59
Sales: CBMXx5@1890.00 HUSAx9286@1.18 SMEDx3243@3.30 VISNx15517@0.69 CATOx382@28.22 
Purchases: MNGAx2757@3.92 NAVx456@23.67 SCMPx2070@5.22 MSTRx91@118.25 PFBCx927@11.66 

2012-07-09
Cash: 68.08
Held: MNGAx2757@4.05 PFBCx927@11.64 SCMPx2070@5.07 MSTRx91@113.31 NAVx456@21.95 
Value: 52844.55
Sales: MNGAx2757@4.05 NAVx456@21.95 SCMPx2070@5.07 MSTRx91@113.31 PFBCx927@11.64 
Purchases: BPIx808@13.07 PPCx1764@5.99 LMNXx546@19.33 SIMOx814@12.97 ADGEx5284@2.00 

2012-07-10
Cash: 42.69
Held: BPIx808@13.01 SIMOx814@11.53 LMNXx546@18.14 ADGEx5284@1.93 PPCx1764@5.68 
Value: 50059.66
Sales: BPIx808@13.01 PPCx1764@5.68 LMNXx546@18.14 SIMOx814@11.53 ADGEx5284@1.93 
Purchases: UAAx220@45.47 GRBKx3250@3.08 QTMx7149@1.40 LIVEx872@11.47 RNVAx2884@3.47 

2012-07-11
Cash: 24.63
Held: LIVEx872@10.80 GRBKx3250@2.81 RNVAx2884@3.94 QTMx7149@1.41 UAAx220@46.31 
Value: 50205.13
Sales: UAAx220@46.31 LIVEx872@10.80 QTMx7149@1.41 GRBKx3250@2.81 RNVAx2884@3.94 
Purchases: GVx4606@2.18 HGGx1373@7.31 SEEDx6877@1.46 ADTNx456@21.98 VOXXx1264@7.94 

2012-07-12
Cash: 27.82
Held: GVx4606@2.32 ADTNx456@21.58 HGGx1373@7.23 VOXXx1264@8.01 SEEDx6877@1.47 
Value: 50711.42
Sales: GVx4606@2.32 HGGx1373@7.23 VOXXx1264@8.01 SEEDx6877@1.47 ADTNx456@21.58 
Purchases: CALXx2104@4.82 CFBKx6145@1.65 SVUx4371@2.32 CADCx994@10.20 DRWIx138@73.25 

2012-07-15
Cash: 35.34
Held: CALXx2104@4.78 SVUx4371@2.48 DRWIx138@68.25 CADCx994@10.92 CFBKx6145@1.74 
Value: 51905.81
Sales: CALXx2104@4.78 DRWIx138@68.25 SVUx4371@2.48 CADCx994@10.92 CFBKx6145@1.74 
Purchases: DLx3233@3.21 ACADx6610@1.57 VISNx16481@0.63 VIRCx6446@1.61 MARKx3963@2.62 

2012-07-16
Cash: 4.00
Held: DLx3233@3.29 ACADx6610@1.61 VISNx16481@0.61 VIRCx6446@1.60 MARKx3963@2.59 
Value: 51907.75
Sales: DLx3233@3.29 ACADx6610@1.61 VISNx16481@0.61 VIRCx6446@1.60 MARKx3963@2.59 
Purchases: DFx780@13.30 WOOFx486@21.34 OGENx4324@2.40 CRMDx49445@0.21 MATXx419@24.72 

2012-07-17
Cash: 45.17
Held: MATXx419@24.83 DFx780@12.98 CRMDx49445@0.25 WOOFx486@21.56 OGENx4324@2.40 
Value: 53789.78
Sales: DFx780@12.98 WOOFx486@21.56 OGENx4324@2.40 CRMDx49445@0.25 MATXx419@24.83 
Purchases: CBMXx6@1724.00 HUBGx342@31.45 NUROx18238@0.59 ANIPx6518@1.65 EDUx1132@9.50 

2012-07-18
Cash: 420.00
Held: EDUx1132@11.20 NUROx18238@0.62 ANIPx6518@1.60 HUBGx342@31.88 CBMXx6@1688.00 
Value: 55867.14
Sales: CBMXx6@1688.00 HUBGx342@31.88 ANIPx6518@1.60 NUROx18238@0.62 EDUx1132@11.20 
Purchases: MBOTx7978@1.40 NHTCx8596@1.30 SVBIx4298@2.60 LXRXx3948@2.83 HHSx1526@7.32 

2012-07-19
Cash: 4.63
Held: MBOTx7978@1.55 LXRXx3948@2.71 NHTCx8596@1.40 HHSx1526@7.02 SVBIx4298@2.56 
Value: 56826.55
Sales: MBOTx7978@1.55 NHTCx8596@1.40 SVBIx4298@2.56 HHSx1526@7.02 LXRXx3948@2.71 
Purchases: SYPRx1894@6.00 TSUx535@21.23 MITKx3739@3.04 POOLx308@36.81 ANTHx1246@9.12 

2012-07-22
Cash: 40.84
Held: SYPRx1894@5.65 ANTHx1246@8.80 TSUx535@20.58 MITKx3739@2.74 POOLx308@36.81 
Value: 54293.17
Sales: POOLx308@36.81 TSUx535@20.58 ANTHx1246@8.80 SYPRx1894@5.65 MITKx3739@2.74 
Purchases: CMGx35@306.00 ABEOx33925@0.32 STAAx1859@5.84 RMBSx2610@4.16 GOROx634@17.11 

2012-07-23
Cash: 163.23
Held: CMGx35@294.25 ABEOx33925@0.37 GOROx634@17.12 STAAx1859@5.59 RMBSx2610@4.07 
Value: 54890.49
Sales: CMGx35@294.25 ABEOx33925@0.37 STAAx1859@5.59 RMBSx2610@4.07 GOROx634@17.12 
Purchases: BGIx12333@0.89 RCONx7678@1.43 VISNx40656@0.27 PETSx1164@9.43 AMCNx6535@1.68 

2012-07-24
Cash: 4.46
Held: AMCNx6535@1.64 RCONx7678@1.48 PETSx1164@9.36 VISNx40656@0.30 BGIx12333@1.10 
Value: 58741.18
Sales: AMCNx6535@1.64 RCONx7678@1.48 VISNx40656@0.30 PETSx1164@9.36 BGIx12333@1.10 
Purchases: DVx569@20.64 LINCx2373@4.95 BYDx2216@5.30 GNTXx784@14.98 BRKRx1027@11.43 

2012-07-25
Cash: 25.73
Held: BYDx2216@5.37 BRKRx1027@11.34 DVx569@19.94 LINCx2373@4.49 GNTXx784@15.00 
Value: 57333.23
Sales: DVx569@19.94 GNTXx784@15.00 BYDx2216@5.37 BRKRx1027@11.34 LINCx2373@4.49 
Purchases: ANTMx214@53.38 CBMGx143302@0.08 IGTx1029@11.14 NFLXx201@57.00 DHXx1614@7.10 

2012-07-26
Cash: 61.75
Held: ANTMx214@55.12 DHXx1614@7.80 NFLXx201@58.91 IGTx1029@11.35 CBMGx143302@0.09 
Value: 60870.90
Sales: ANTMx214@55.12 CBMGx143302@0.09 IGTx1029@11.35 NFLXx201@58.91 DHXx1614@7.80 
Purchases: INODx3419@3.56 CRRx180@67.44 LOGMx523@23.27 WEBx783@15.53 NGx3043@4.00 

2012-07-29
Cash: 57.75
Held: WEBx783@15.40 NGx3043@3.98 INODx3419@3.34 CRRx180@65.50 LOGMx523@24.39 
Value: 60192.52
Sales: INODx3419@3.34 WEBx783@15.40 CRRx180@65.50 LOGMx523@24.39 NGx3043@3.98 
Purchases: SBUXx256@46.88 PBIBx8131@1.48 SRNEx60207@0.20 RSYSx3604@3.34 ELGXx1007@11.95 

2012-07-30
Cash: 42.77
Held: PBIBx8131@1.50 SRNEx60207@0.15 SBUXx256@45.28 ELGXx1007@11.75 RSYSx3604@3.41 
Value: 56986.24
Sales: SBUXx256@45.28 PBIBx8131@1.50 SRNEx60207@0.15 RSYSx3604@3.41 ELGXx1007@11.75 
Purchases: ACURx1225@9.30 DWSNx544@20.94 PGNXx2187@5.21 AWIx294@38.66 SMMFx2960@3.85 

2012-07-31
Cash: 51.47
Held: PGNXx2187@4.72 AWIx294@39.22 DWSNx544@18.95 ACURx1225@7.85 SMMFx2960@4.00 
Value: 53670.35
Sales: ACURx1225@7.85 DWSNx544@18.95 PGNXx2187@4.72 AWIx294@39.22 SMMFx2960@4.00 
Purchases: CBMXx6@1603.00 ABACx3532@3.04 DLx4293@2.50 HFx834@12.86 MGLNx225@47.50 

2012-08-01
Cash: 1173.67
Held: ABACx3532@3.20 DLx4293@2.50 HFx834@12.73 MGLNx225@47.50 CBMXx6@1687.00 
Value: 54629.26
Sales: CBMXx6@1687.00 ABACx3532@3.20 DLx4293@2.50 HFx834@12.73 MGLNx225@47.50 
Purchases: FNCXx3213@3.40 TTMIx1217@8.98 ARCBx1095@9.98 CECOx3489@3.13 URREx19174@0.57 

2012-08-02
Cash: 5.61
Held: ARCBx1095@9.92 CECOx3489@3.08 FNCXx3213@3.05 URREx19174@0.59 TTMIx1217@9.40 
Value: 54166.18
Sales: FNCXx3213@3.05 TTMIx1217@9.40 CECOx3489@3.08 ARCBx1095@9.92 URREx19174@0.59 
Purchases: INCYx586@18.48 LINCx3149@3.44 IRDMx1444@7.50 MTGx12899@0.84 CECOx3517@3.08 

2012-08-05
Cash: 7.72
Held: CECOx3517@3.46 INCYx586@18.30 LINCx3149@3.48 MTGx12899@1.00 IRDMx1444@7.14 
Value: 57071.87
Sales: INCYx586@18.30 LINCx3149@3.48 MTGx12899@1.00 CECOx3517@3.46 IRDMx1444@7.14 
Purchases: SSFNx2804@4.07 ROSGx2525@4.52 DPKx114@99.38 ABIOx707@16.14 WCGx209@54.59 

2012-08-06
Cash: 96.63
Held: DPKx114@96.75 WCGx209@57.16 ABIOx707@15.54 SSFNx2804@4.19 ROSGx2525@4.24 
Value: 56512.26
Sales: SSFNx2804@4.19 ROSGx2525@4.24 DPKx114@96.75 ABIOx707@15.54 WCGx209@57.16 
Purchases: EXELx2468@4.58 ABEOx24049@0.47 SVUx4891@2.31 DRAMx1105@10.23 AVEOx1298@8.70 

2012-08-07
Cash: 13.23
Held: AVEOx1298@7.97 ABEOx24049@0.49 SVUx4891@2.30 DRAMx1105@10.08 EXELx2468@4.28 
Value: 55096.02
Sales: DRAMx1105@10.08 ABEOx24049@0.49 SVUx4891@2.30 AVEOx1298@7.97 EXELx2468@4.28 
Purchases: FNCXx7110@1.55 NLSx4459@2.47 TCCOx1743@6.32 SGMSx1620@6.80 NSYSx3390@3.25 

2012-08-08
Cash: 8.97
Held: NLSx4459@2.49 SGMSx1620@6.76 FNCXx7110@1.45 NSYSx3390@3.25 TCCOx1743@6.37 
Value: 54500.12
Sales: FNCXx7110@1.45 NLSx4459@2.49 TCCOx1743@6.37 SGMSx1620@6.76 NSYSx3390@3.25 
Purchases: MNTXx1390@7.84 FNCXx7516@1.45 OTELx3169@3.44 AXUx3196@3.41 INSGx5115@2.13 

2012-08-09
Cash: 5.24
Held: FNCXx7516@1.25 INSGx5115@2.21 MNTXx1390@7.84 OTELx3169@3.05 AXUx3196@3.27 
Value: 51723.91
Sales: MNTXx1390@7.84 FNCXx7516@1.25 OTELx3169@3.05 AXUx3196@3.27 INSGx5115@2.21 
Purchases: CFBKx6851@1.51 RSTx975@10.60 SEMx1020@10.13 VIVEx54463@0.19 MITLx3079@3.36 

2012-08-12
Cash: 20.22
Held: RSTx975@10.50 SEMx1020@10.32 MITLx3079@3.40 VIVEx54463@0.19 CFBKx6851@1.60 
Value: 52557.94
Sales: RSTx975@10.50 SEMx1020@10.32 CFBKx6851@1.60 VIVEx54463@0.19 MITLx3079@3.40 
Purchases: CDXSx4530@2.32 HSKAx1253@8.38 INUVx19841@0.53 KONEx52570@0.20 BRKSx1313@8.00 

2012-08-13
Cash: 16.36
Held: INUVx19841@0.51 KONEx52570@0.22 BRKSx1313@8.12 HSKAx1253@8.22 CDXSx4530@2.45 
Value: 53745.41
Sales: BRKSx1313@8.12 HSKAx1253@8.22 INUVx19841@0.51 KONEx52570@0.22 CDXSx4530@2.45 
Purchases: TSEMx1369@7.85 ARWRx3982@2.70 HPJx10433@1.03 NSECx1301@8.26 OTELx4134@2.60 

2012-08-14
Cash: 9.29
Held: NSECx1301@8.40 TSEMx1369@7.33 HPJx10433@1.08 OTELx4134@2.56 ARWRx3982@2.77 
Value: 53849.89
Sales: TSEMx1369@7.33 OTELx4134@2.56 ARWRx3982@2.77 NSECx1301@8.40 HPJx10433@1.08 
Purchases: RGSEx12240@0.88 LIVEx2202@4.89 PTXx1683@6.40 NCRx479@22.45 OBCIx5758@1.87 

2012-08-15
Cash: 19.21
Held: LIVEx2202@5.60 RGSEx12240@0.97 OBCIx5758@1.88 NCRx479@22.72 PTXx1683@6.42 
Value: 56743.94
Sales: RGSEx12240@0.97 LIVEx2202@5.60 PTXx1683@6.42 NCRx479@22.72 OBCIx5758@1.88 
Purchases: CLNTx4171@2.72 SPLSx997@11.38 NLSTx7416@1.53 CURx1775@6.39 CPRXx8166@1.39 

2012-08-16
Cash: 7.49
Held: CPRXx8166@1.47 NLSTx7416@1.58 CLNTx4171@2.81 SPLSx997@11.34 CURx1775@6.37 
Value: 58068.34
Sales: CLNTx4171@2.81 NLSTx7416@1.58 SPLSx997@11.34 CURx1775@6.37 CPRXx8166@1.47 
Purchases: CACIx222@52.16 PERYx631@18.39 ADMPx20381@0.57 NTESx241@48.19 PLPMx4004@2.90 

2012-08-19
Cash: 45.23
Held: NTESx241@48.84 PLPMx4004@2.90 PERYx631@18.55 CACIx222@52.69 ADMPx20381@0.53 
Value: 57626.99
Sales: ADMPx20381@0.53 NTESx241@48.84 PERYx631@18.55 CACIx222@52.69 PLPMx4004@2.90 
Purchases: KIRKx1165@9.89 PSTIx2881@4.00 MRVLx1104@10.44 IOx1687@6.83 DLHCx11413@1.01 

2012-08-20
Cash: 13.91
Held: KIRKx1165@9.46 PSTIx2881@4.18 DLHCx11413@1.10 MRVLx1104@10.62 IOx1687@6.78 
Value: 58788.77
Sales: KIRKx1165@9.46 PSTIx2881@4.18 MRVLx1104@10.62 IOx1687@6.78 DLHCx11413@1.10 
Purchases: BEBEx211@55.50 IFMIx11096@1.06 ICADx4740@2.48 BBYx656@17.91 NTNx61902@0.19 

2012-08-21
Cash: 59.60
Held: BBYx656@17.72 IFMIx11096@1.10 ICADx4740@2.25 NTNx61902@0.20 BEBEx211@56.41 
Value: 58828.46
Sales: BEBEx211@56.41 NTNx61902@0.20 IFMIx11096@1.10 BBYx656@17.72 ICADx4740@2.25 
Purchases: BPTx109@107.06 CFBKx7446@1.58 RAVNx405@28.98 IMUCx5113@2.30 ENGx15279@0.77 

2012-08-22
Cash: 125.69
Held: IMUCx5113@2.44 RAVNx405@29.77 ENGx15279@0.77 BPTx109@107.94 CFBKx7446@1.55 
Value: 59723.86
Sales: CFBKx7446@1.55 IMUCx5113@2.44 RAVNx405@29.77 BPTx109@107.94 ENGx15279@0.77 
Purchases: EXPRx800@14.93 ARTXx14934@0.80 RVLTx91879@0.13 BRNx4312@2.77 FGPx631@18.91 

2012-08-23
Cash: 19.04
Held: ARTXx14934@0.80 RVLTx91879@0.14 EXPRx800@15.15 BRNx4312@3.29 FGPx631@19.45 
Value: 63403.84
Sales: ARTXx14934@0.80 FGPx631@19.45 RVLTx91879@0.14 BRNx4312@3.29 EXPRx800@15.15 
Purchases: BIGx418@30.28 CHNRx1753@7.23 SANWx2357@5.38 QRHCx31709@0.40 FREDx944@13.42 

2012-08-26
Cash: 42.43
Held: QRHCx31709@0.45 SANWx2357@5.44 CHNRx1753@7.30 BIGx418@30.64 FREDx944@13.47 
Value: 65455.88
Sales: SANWx2357@5.44 FREDx944@13.47 BIGx418@30.64 QRHCx31709@0.45 CHNRx1753@7.30 
Purchases: ABACx3176@4.12 SSYSx211@62.00 DYNTx5073@2.58 ELYx2269@5.77 AMCNx8670@1.51 

2012-08-27
Cash: 15.81
Held: AMCNx8670@1.47 ABACx3176@4.32 DYNTx5073@2.70 ELYx2269@5.78 SSYSx211@65.94 
Value: 67203.26
Sales: AMCNx8670@1.47 ELYx2269@5.78 DYNTx5073@2.70 SSYSx211@65.94 ABACx3176@4.32 
Purchases: DSWLx5150@2.61 LEUx20996@0.64 CVTIx2646@5.08 OTTWx2286@5.88 KONEx56004@0.24 

2012-08-28
Cash: 8.36
Held: DSWLx5150@2.62 CVTIx2646@4.92 KONEx56004@0.22 LEUx20996@0.64 OTTWx2286@6.00 
Value: 65995.76
Sales: OTTWx2286@6.00 LEUx20996@0.64 CVTIx2646@4.92 DSWLx5150@2.62 KONEx56004@0.22 
Purchases: AKSx2587@5.10 INUVx31432@0.42 VIVEx87980@0.15 SSYx11581@1.14 RDCMx4428@2.98 

2012-08-29
Cash: 4.10
Held: SSYx11581@1.19 AKSx2587@5.00 INUVx31432@0.42 RDCMx4428@3.00 VIVEx87980@0.15 
Value: 66407.60
Sales: AKSx2587@5.00 INUVx31432@0.42 SSYx11581@1.19 RDCMx4428@3.00 VIVEx87980@0.15 
Purchases: WGBSx221367@0.06 FROx4298@3.09 OESXx8679@1.53 ARQLx2487@5.34 DYx897@14.80 

2012-08-30
Cash: 11.74
Held: FROx4298@3.13 DYx897@14.52 WGBSx221367@0.06 ARQLx2487@5.24 OESXx8679@1.48 
Value: 65653.77
Sales: WGBSx221367@0.06 FROx4298@3.13 OESXx8679@1.48 ARQLx2487@5.24 DYx897@14.52 
Purchases: DGLYx2519@5.21 FNSRx955@13.74 SHLDx248@52.75 RNNx27939@0.47 GTIMx9376@1.40 

2012-09-03
Cash: 61.06
Held: SHLDx248@53.12 FNSRx955@13.52 GTIMx9376@1.45 DGLYx2519@5.35 RNNx27939@0.49 
Value: 66918.40
Sales: RNNx27939@0.49 DGLYx2519@5.35 FNSRx955@13.52 SHLDx248@53.12 GTIMx9376@1.45 
Purchases: ZSLx284@46.97 HRTx6140@2.18 IOTx6112@2.19 INVTx17380@0.77 NHTCx11439@1.17 

2012-09-04
Cash: 48.38
Held: IOTx6112@2.18 INVTx17380@0.82 HRTx6140@2.45 ZSLx284@47.22 NHTCx11439@1.25 
Value: 70366.25
Sales: ZSLx284@47.22 HRTx6140@2.45 IOTx6112@2.18 INVTx17380@0.82 NHTCx11439@1.25 
Purchases: ZNx5862@2.40 ABEOx24697@0.57 IFONx12348@1.14 DEXx1236@11.38 TSLx3357@4.19 

2012-09-05
Cash: 10.13
Held: ZNx5862@2.55 IFONx12348@1.16 ABEOx24697@0.53 TSLx3357@4.03 DEXx1236@11.52 
Value: 70148.39
Sales: DEXx1236@11.52 ABEOx24697@0.53 ZNx5862@2.55 IFONx12348@1.16 TSLx3357@4.03 
Purchases: VTNRx6682@2.10 INVAx580@24.19 CTICx78@179.00 ANIPx10313@1.36 PDEXx7382@1.90 

2012-09-06
Cash: 70.06
Held: VTNRx6682@2.10 ANIPx10313@1.40 CTICx78@232.00 INVAx580@23.91 PDEXx7382@1.85 
Value: 74157.32
Sales: VTNRx6682@2.10 PDEXx7382@1.85 CTICx78@232.00 ANIPx10313@1.40 INVAx580@23.91 
Purchases: MEIPx40072@0.37 VIIx5240@2.83 SIGMx2435@6.09 CACCx164@90.00 Gx896@16.55 

2012-09-09
Cash: 81.61
Held: MEIPx40072@0.37 Gx896@16.72 SIGMx2435@6.30 CACCx164@91.12 VIIx5240@2.90 
Value: 75377.89
Sales: MEIPx40072@0.37 VIIx5240@2.90 SIGMx2435@6.30 CACCx164@91.12 Gx896@16.72 
Purchases: GECx8468@1.78 ABMDx740@20.36 TOPSx12560@1.20 SUMRx6389@2.36 GCBCx733@20.55 

2012-09-10
Cash: 27.24
Held: TOPSx12560@1.19 GECx8468@1.83 GCBCx733@20.55 SUMRx6389@2.32 ABMDx740@20.39 
Value: 75450.54
Sales: GECx8468@1.83 ABMDx740@20.39 TOPSx12560@1.19 SUMRx6389@2.32 GCBCx733@20.55 
Purchases: MBOTx7940@1.90 LPTHx16403@0.92 GERNx11978@1.26 UWNx18867@0.80 PDEXx8824@1.71 

2012-09-11
Cash: 3.88
Held: MBOTx7940@2.09 UWNx18867@0.90 PDEXx8824@1.79 GERNx11978@1.33 LPTHx16403@0.95 
Value: 80888.73
Sales: MBOTx7940@2.09 LPTHx16403@0.95 GERNx11978@1.33 UWNx18867@0.90 PDEXx8824@1.79 
Purchases: ASURx2378@6.80 DGLYx4044@4.00 RCGx10646@1.52 EMMSx1782@9.08 MARKx10046@1.61 

2012-09-12
Cash: 8.73
Held: ASURx2378@6.75 RCGx10646@1.56 DGLYx4044@3.90 MARKx10046@1.55 EMMSx1782@8.84 
Value: 79765.49
Sales: ASURx2378@6.75 DGLYx4044@3.90 RCGx10646@1.56 EMMSx1782@8.84 MARKx10046@1.55 
Purchases: HKx2231@7.15 HUSAx12566@1.27 WLDNx12965@1.23 LAWSx2503@6.37 CIG.Cx1468@10.87 

2012-09-13
Cash: 11.49
Held: CIG.Cx1468@11.20 WLDNx12965@1.20 HUSAx12566@1.24 HKx2231@7.66 LAWSx2503@6.15 
Value: 80082.35
Sales: HKx2231@7.66 HUSAx12566@1.24 WLDNx12965@1.20 LAWSx2503@6.15 CIG.Cx1468@11.20 
Purchases: SGOCx13576@1.18 WKHSx100081@0.16 PSTIx4181@3.83 ATLCx3768@4.25 HMNYx7663@2.09 

2012-09-16
Cash: 8.50
Held: SGOCx13576@1.13 PSTIx4181@3.90 ATLCx3768@4.25 HMNYx7663@2.14 WKHSx100081@0.15 
Value: 79087.52
Sales: SGOCx13576@1.13 WKHSx100081@0.15 PSTIx4181@3.90 ATLCx3768@4.25 HMNYx7663@2.14 
Purchases: CGAx4333@3.65 ABEOx31028@0.51 SBOTx54535@0.29 IMHx2388@6.62 AUMNx2723@5.81 

2012-09-17
Cash: 8.12
Held: IMHx2388@7.50 ABEOx31028@0.43 AUMNx2723@5.90 SBOTx54535@0.30 CGAx4333@3.68 
Value: 79626.73
Sales: CGAx4333@3.68 IMHx2388@7.50 SBOTx54535@0.30 AUMNx2723@5.90 ABEOx31028@0.43 
Purchases: KSx827@19.25 CEQPx8@1821.00 NLSTx11215@1.42 MGYRx3774@4.22 HSIIx1208@13.18 

2012-09-18
Cash: 1371.94
Held: CEQPx8@1869.00 MGYRx3774@4.20 NLSTx11215@1.38 KSx827@19.20 HSIIx1208@12.97 
Value: 79194.41
Sales: KSx827@19.20 CEQPx8@1869.00 NLSTx11215@1.38 MGYRx3774@4.20 HSIIx1208@12.97 
Purchases: JBSSx1136@13.94 GOGLx2392@6.62 USATx12371@1.28 SSYSx269@58.72 DLHCx19081@0.83 

2012-09-19
Cash: 51.42
Held: JBSSx1136@13.82 DLHCx19081@0.83 GOGLx2392@6.82 SSYSx269@58.53 USATx12371@1.29 
Value: 79608.19
Sales: JBSSx1136@13.82 GOGLx2392@6.82 USATx12371@1.29 SSYSx269@58.53 DLHCx19081@0.83 
Purchases: XBKSx9200@1.73 GRBKx2227@7.15 PPPx3128@5.09 DFFNx37915@0.42 BONTx1476@10.78 

2012-09-20
Cash: 12.81
Held: GRBKx2227@7.14 PPPx3128@5.21 DFFNx37915@0.43 BONTx1476@10.50 XBKSx9200@1.55 
Value: 78271.85
Sales: XBKSx9200@1.55 GRBKx2227@7.14 PPPx3128@5.21 DFFNx37915@0.43 BONTx1476@10.50 
Purchases: HEESx1194@13.11 NSCx240@65.00 XPOx1252@12.50 UQMx11178@1.40 BBBYx254@61.56 

2012-09-23
Cash: 78.82
Held: BBBYx254@61.94 XPOx1252@12.09 NSCx240@66.25 UQMx11178@1.22 HEESx1194@12.65 
Value: 75588.66
Sales: UQMx11178@1.22 NSCx240@66.25 XPOx1252@12.09 HEESx1194@12.65 BBBYx254@61.94 
Purchases: MVISx7030@2.15 UECx5600@2.70 TRTx10078@1.50 CYCCx250@60.25 SIEBx10286@1.47 

2012-09-24
Cash: 58.68
Held: TRTx10078@1.44 UECx5600@2.66 SIEBx10286@1.47 MVISx7030@2.26 CYCCx250@58.19 
Value: 75022.84
Sales: SIEBx10286@1.47 CYCCx250@58.19 TRTx10078@1.44 UECx5600@2.66 MVISx7030@2.26 
Purchases: ESNCx51732@0.29 VECOx484@31.00 LLITx7855@1.91 RNNx30009@0.50 WPCSx28321@0.53 

2012-09-25
Cash: 1.72
Held: WPCSx28321@0.45 ESNCx51732@0.28 LLITx7855@1.85 VECOx484@30.55 RNNx30009@0.52 
Value: 72149.89
Sales: LLITx7855@1.85 ESNCx51732@0.28 WPCSx28321@0.45 RNNx30009@0.52 VECOx484@30.55 
Purchases: KEGx2026@7.12 CGNXx835@17.27 SRIx3096@4.66 TSLAx523@27.55 FWRDx469@30.72 

2012-09-26
Cash: 63.81
Held: FWRDx469@31.06 SRIx3096@5.02 CGNXx835@17.36 KEGx2026@7.16 TSLAx523@28.48 
Value: 74071.47
Sales: CGNXx835@17.36 KEGx2026@7.16 SRIx3096@5.02 TSLAx523@28.48 FWRDx469@31.06 
Purchases: CBMXx10@1384.00 CADCx3085@4.80 OMNx1978@7.49 CPRXx9876@1.50 AEZSx40@367.25 

2012-09-27
Cash: 1105.24
Held: CPRXx9876@1.51 CADCx3085@5.04 OMNx1978@7.57 CBMXx10@1484.00 AEZSx40@420.00 
Value: 78175.27
Sales: CBMXx10@1484.00 CADCx3085@5.04 OMNx1978@7.57 AEZSx40@420.00 CPRXx9876@1.51 
Purchases: XBKSx10423@1.50 PPHMx15175@1.03 HEBx19548@0.80 KNDIx3889@4.02 IMGNx1071@14.59 

2012-09-30
Cash: 9.93
Held: KNDIx3889@4.25 PPHMx15175@0.86 HEBx19548@0.78 IMGNx1071@14.87 XBKSx10423@1.65 
Value: 77954.62
Sales: XBKSx10423@1.65 PPHMx15175@0.86 HEBx19548@0.78 KNDIx3889@4.25 IMGNx1071@14.87 
Purchases: MEIPx37128@0.42 ASTCx16408@0.95 MGICx3550@4.39 AHPIx3010@5.18 ADTNx917@16.98 

2012-10-01
Cash: 20.71
Held: MEIPx37128@0.48 ASTCx16408@0.95 MGICx3550@4.42 ADTNx917@17.11 AHPIx3010@5.20 
Value: 80468.83
Sales: MEIPx37128@0.48 ASTCx16408@0.95 MGICx3550@4.42 AHPIx3010@5.20 ADTNx917@17.11 
Purchases: CBMXx11@1350.00 GMANx1134@14.19 AKGx4818@3.34 HMNYx7518@2.14 MARKx9694@1.66 

2012-10-02
Cash: 1252.06
Held: AKGx4818@3.20 HMNYx7518@2.14 MARKx9694@1.65 GMANx1134@14.29 CBMXx11@1328.00 
Value: 79569.80
Sales: CBMXx11@1328.00 GMANx1134@14.29 AKGx4818@3.20 HMNYx7518@2.14 MARKx9694@1.65 
Purchases: MDLZx571@27.83 DFFNx44192@0.36 CBMGx318356@0.05 CLBx158@100.56 EXPRx1404@11.33 

2012-10-03
Cash: 58.60
Held: EXPRx1404@11.71 CLBx158@102.38 DFFNx44192@0.37 CBMGx318356@0.06 MDLZx571@28.06 
Value: 84156.49
Sales: EXPRx1404@11.71 DFFNx44192@0.37 MDLZx571@28.06 CLBx158@102.38 CBMGx318356@0.06 
Purchases: AEHRx15158@1.11 ASTCx20530@0.82 RIGLx1780@9.45 SPEXx1842@9.13 AEZSx48@347.50 

2012-10-04
Cash: 165.59
Held: ASTCx20530@0.86 RIGLx1780@9.50 AEHRx15158@1.22 SPEXx1842@8.50 AEZSx48@309.00 
Value: 83706.20
Sales: AEHRx15158@1.22 ASTCx20530@0.86 SPEXx1842@8.50 RIGLx1780@9.50 AEZSx48@309.00 
Purchases: ISCAx661@25.31 SRPTx487@34.31 NUVAx1148@14.57 ANIPx11160@1.50 BONTx1527@10.96 

2012-10-07
Cash: 60.38
Held: ANIPx11160@1.50 SRPTx487@32.84 NUVAx1148@14.39 BONTx1527@10.65 ISCAx661@25.34 
Value: 82328.11
Sales: ISCAx661@25.34 SRPTx487@32.84 NUVAx1148@14.39 ANIPx11160@1.50 BONTx1527@10.65 
Purchases: IQNTx2144@7.68 LIVEx3995@4.12 TXMDx5987@2.75 CAWx4056@4.06 OPHCx34304@0.48 

2012-10-08
Cash: 7.93
Held: LIVEx3995@4.19 TXMDx5987@2.49 CAWx4056@4.11 IQNTx2144@7.61 OPHCx34304@0.51 
Value: 82130.76
Sales: IQNTx2144@7.61 LIVEx3995@4.19 TXMDx5987@2.49 CAWx4056@4.11 OPHCx34304@0.51 
Purchases: GECx11729@1.40 WKHSx164301@0.10 GDOTx1642@10.00 PRGSx927@17.70 HEBx23459@0.70 

2012-10-09
Cash: 22.81
Held: PRGSx927@18.27 GECx11729@1.40 HEBx23459@0.68 WKHSx164301@0.10 GDOTx1642@10.08 
Value: 82310.84
Sales: GECx11729@1.40 WKHSx164301@0.10 PRGSx927@18.27 HEBx23459@0.68 GDOTx1642@10.08 
Purchases: SMCIx1824@9.02 UNISx7191@2.29 GLUUx5361@3.07 ANGOx1457@11.30 HUSAx37418@0.44 

2012-10-10
Cash: 10.22
Held: HUSAx37418@0.48 GLUUx5361@2.89 ANGOx1457@11.16 UNISx7191@2.17 SMCIx1824@9.26 
Value: 82211.58
Sales: SMCIx1824@9.26 HUSAx37418@0.48 UNISx7191@2.17 GLUUx5361@2.89 ANGOx1457@11.16 
Purchases: ESEx474@34.66 OBASx3644@4.51 MGYRx3597@4.57 BSETx1469@11.19 GCBCx853@19.27 

2012-10-11
Cash: 36.39
Held: ESEx474@35.03 MGYRx3597@4.62 OBASx3644@4.75 GCBCx853@19.59 BSETx1469@10.91 
Value: 83307.02
Sales: ESEx474@35.03 OBASx3644@4.75 MGYRx3597@4.62 BSETx1469@10.91 GCBCx853@19.59 
Purchases: OTELx6664@2.50 RCGx11897@1.40 WSO.Bx243@68.56 NETEx2133@7.81 WSOx243@68.44 

2012-10-14
Cash: 39.85
Held: OTELx6664@2.35 WSOx243@68.69 RCGx11897@1.42 NETEx2133@7.81 WSO.Bx243@68.75 
Value: 82643.50
Sales: OTELx6664@2.35 RCGx11897@1.42 WSO.Bx243@68.75 NETEx2133@7.81 WSOx243@68.69 
Purchases: VRTXx310@53.25 LQDTx406@40.62 TZOOx862@19.17 CECOx4259@3.88 AEZSx68@240.00 

2012-10-15
Cash: 267.51
Held: VRTXx310@53.28 CECOx4259@3.74 LQDTx406@40.94 TZOOx862@19.05 AEZSx68@240.00 
Value: 82073.39
Sales: VRTXx310@53.28 LQDTx406@40.94 TZOOx862@19.05 CECOx4259@3.74 AEZSx68@240.00 
Purchases: PLUGx19544@0.84 ABACx3108@5.28 RBPAAx8637@1.90 AMEDx1360@12.06 HUSAx41046@0.40 

2012-10-16
Cash: 12.29
Held: ABACx3108@5.52 RBPAAx8637@1.88 HUSAx41046@0.45 AMEDx1360@11.86 PLUGx19544@0.81 
Value: 83832.77
Sales: PLUGx19544@0.81 ABACx3108@5.52 RBPAAx8637@1.88 AMEDx1360@11.86 HUSAx41046@0.45 
Purchases: IONSx1743@9.62 DFFNx88272@0.19 ROIAx20451@0.82 DSSx5205@3.22 PRKRx10225@1.64 

