2011-02-23
Cash: 10000.00
Held: 
Value: 10000.00
Sales: 
Purchases: VICRx133@14.97 WGBSx2000@1.00 FFHLx432@4.62 SMBCx97@20.48 SITOx3703@0.54 

2011-02-24
Cash: 26.09
Held: VICRx133@15.00 FFHLx432@4.90 WGBSx2000@1.01 SMBCx97@20.20 SITOx3703@0.56 
Value: 10190.35
Sales: VICRx133@15.00 WGBSx2000@1.01 FFHLx432@4.90 SMBCx97@20.20 SITOx3703@0.56 
Purchases: MGAx40@50.31 GSSx653@3.12 ECHOx170@11.95 WMARx196@10.38 TKCx144@14.11 

2011-02-27
Cash: 42.24
Held: TKCx144@14.07 ECHOx170@11.82 MGAx40@49.38 WMARx196@10.43 GSSx653@3.16 
Value: 10160.62
Sales: GSSx653@3.16 MGAx40@49.38 WMARx196@10.43 TKCx144@14.07 ECHOx170@11.82 
Purchases: GIGx677@3.00 NAKx114@17.69 VSECx74@27.11 NTRIx153@13.23 PLXx288@7.05 

2011-02-28
Cash: 52.86
Held: VSECx74@26.86 NAKx114@18.09 GIGx677@2.95 NTRIx153@13.52 PLXx288@7.04 
Value: 10196.10
Sales: GIGx677@2.95 NAKx114@18.09 PLXx288@7.04 VSECx74@26.86 NTRIx153@13.52 
Purchases: HMNFx832@2.45 ESXBx1467@1.39 YRCWx894@2.28 RILYx6177@0.33 CPFx90@22.50 

2011-03-01
Cash: 18.15
Held: ESXBx1467@1.39 YRCWx894@2.22 RILYx6177@0.33 HMNFx832@2.62 CPFx90@19.48 
Value: 10013.69
Sales: HMNFx832@2.62 ESXBx1467@1.39 YRCWx894@2.22 CPFx90@19.48 RILYx6177@0.33 
Purchases: MEETx255@7.83 FNCXx144@13.84 ACYx108@18.38 YRCWx901@2.22 BASIx1082@1.85 

2011-03-02
Cash: 37.38
Held: MEETx255@7.17 BASIx1082@1.98 FNCXx144@12.00 YRCWx901@2.37 ACYx108@15.50 
Value: 9545.67
Sales: MEETx255@7.17 ACYx108@15.50 YRCWx901@2.37 FNCXx144@12.00 BASIx1082@1.98 
Purchases: GTYx87@21.91 FANHx120@15.91 HMNYx2356@0.81 CPFx98@19.30 WTIx93@20.52 

2011-03-03
Cash: 23.53
Held: WTIx93@20.58 GTYx87@22.02 HMNYx2356@0.81 CPFx98@20.41 FANHx120@16.06 
Value: 9688.47
Sales: WTIx93@20.58 FANHx120@16.06 CPFx98@20.41 HMNYx2356@0.81 GTYx87@22.02 
Purchases: EDZx18@102.31 XBKSx1977@0.98 CTHRx550@3.52 CIXx147@13.16 LAWSx88@21.88 

2011-03-06
Cash: 114.71
Held: EDZx18@106.50 CTHRx550@3.46 LAWSx88@20.62 XBKSx1977@0.96 CIXx147@13.01 
Value: 9560.22
Sales: EDZx18@106.50 XBKSx1977@0.96 CTHRx550@3.46 CIXx147@13.01 LAWSx88@20.62 
Purchases: AXDXx439@4.35 BSQRx223@8.57 MRVLx120@15.81 UBNKx181@10.56 KOOLx853@2.24 

2011-03-07
Cash: 18.47
Held: AXDXx439@4.09 BSQRx223@8.18 KOOLx853@2.24 MRVLx120@16.19 UBNKx181@10.65 
Value: 9418.77
Sales: UBNKx181@10.65 MRVLx120@16.19 AXDXx439@4.09 BSQRx223@8.18 KOOLx853@2.24 
Purchases: RGENx546@3.45 FNCXx198@9.50 OCCx323@5.82 VIVEx18842@0.10 CIENx73@25.69 

2011-03-08
Cash: 15.61
Held: CIENx73@24.33 FNCXx198@9.50 RGENx546@3.36 OCCx323@5.76 VIVEx18842@0.14 
Value: 10005.97
Sales: RGENx546@3.36 FNCXx198@9.50 OCCx323@5.76 VIVEx18842@0.14 CIENx73@24.33 
Purchases: SGMAx320@6.25 TGCx1836@1.09 BKCCx193@10.33 NCTYx298@6.70 URBNx64@31.17 

2011-03-09
Cash: 20.32
Held: TGCx1836@1.03 SGMAx320@5.56 URBNx64@31.67 BKCCx193@10.20 NCTYx298@6.53 
Value: 9633.17
Sales: SGMAx320@5.56 TGCx1836@1.03 BKCCx193@10.20 NCTYx298@6.53 URBNx64@31.67 
Purchases: AXDXx629@3.06 EMKRx204@9.40 FNSRx80@23.92 OCLRx150@12.81 FFHLx496@3.88 

2011-03-10
Cash: 30.27
Held: EMKRx204@9.68 AXDXx629@2.83 FNSRx80@23.20 FFHLx496@3.82 OCLRx150@12.64 
Value: 9432.27
Sales: OCLRx150@12.64 EMKRx204@9.68 AXDXx629@2.83 FNSRx80@23.20 FFHLx496@3.82 
Purchases: CSIQx170@11.05 UUUUx2219@0.85 SMTXx646@2.92 ISRLx29@63.81 HMNYx2515@0.75 

2011-03-13
Cash: 44.85
Held: SMTXx646@2.76 CSIQx170@10.75 UUUUx2219@0.61 HMNYx2515@0.73 ISRLx29@65.00 
Value: 8729.35
Sales: CSIQx170@10.75 UUUUx2219@0.61 SMTXx646@2.76 ISRLx29@65.00 HMNYx2515@0.73 
Purchases: CYANx506@3.45 RFILx463@3.77 SGRPx970@1.80 AOBCx513@3.40 GENEx831@2.10 

2011-03-14
Cash: 3.76
Held: SGRPx970@1.80 GENEx831@1.86 AOBCx513@3.48 RFILx463@3.89 CYANx506@3.50 
Value: 8653.37
Sales: CYANx506@3.50 GENEx831@1.86 SGRPx970@1.80 AOBCx513@3.48 RFILx463@3.89 
Purchases: UUUUx3605@0.48 DNNx730@2.37 URGx1088@1.59 URREx1095@1.58 SPCBx24721@0.07 

2011-03-15
Cash: 2.98
Held: DNNx730@2.29 UUUUx3605@0.47 URGx1088@1.45 URREx1095@1.53 SPCBx24721@0.07 
Value: 8352.35
Sales: UUUUx3605@0.47 URGx1088@1.45 DNNx730@2.29 SPCBx24721@0.07 URREx1095@1.53 
Purchases: UUUUx3554@0.47 MLNKx318@5.25 FCx233@7.14 RASx739@2.26 CALx154@10.83 

2011-03-16
Cash: 11.31
Held: CALx154@11.09 UUUUx3554@0.43 MLNKx318@5.12 FCx233@7.08 RASx739@2.26 
Value: 8195.40
Sales: UUUUx3554@0.43 MLNKx318@5.12 FCx233@7.08 RASx739@2.26 CALx154@11.09 
Purchases: PCMIx171@9.55 URGx1137@1.44 YRCWx1241@1.32 EVKx881@1.86 CREGx725@2.26 

2011-03-17
Cash: 9.31
Held: EVKx881@1.80 CREGx725@2.41 PCMIx171@9.67 YRCWx1241@1.88 URGx1137@1.70 
Value: 9262.25
Sales: PCMIx171@9.67 URGx1137@1.70 EVKx881@1.80 YRCWx1241@1.88 CREGx725@2.41 
Purchases: WGOx143@12.90 SANMx176@10.50 DPKx11@158.88 SMBKx1187@1.56 SYMXx1122@1.65 

2011-03-20
Cash: 119.20
Held: DPKx11@147.25 SANMx176@10.22 SMBKx1187@1.56 SYMXx1122@1.57 WGOx143@13.50 
Value: 9081.05
Sales: WGOx143@13.50 SANMx176@10.22 DPKx11@147.25 SMBKx1187@1.56 SYMXx1122@1.57 
Purchases: IDNx1666@1.09 TAYDx324@5.60 NKEx23@76.81 NTICx128@14.18 GUREx263@6.90 

2011-03-21
Cash: 54.49
Held: NTICx128@14.35 TAYDx324@6.29 GUREx263@6.87 NKEx23@75.44 IDNx1666@0.98 
Value: 9103.95
Sales: IDNx1666@0.98 TAYDx324@6.29 NKEx23@75.44 NTICx128@14.35 GUREx263@6.87 
Purchases: RANDx614@2.96 SBACx49@36.94 MITKx498@3.65 YANGx111@16.28 MBVXx2247@0.81 

2011-03-22
Cash: 30.68
Held: SBACx49@37.75 MITKx498@3.75 RANDx614@2.81 MBVXx2247@0.91 YANGx111@15.63 
Value: 9253.97
Sales: RANDx614@2.81 MBVXx2247@0.91 MITKx498@3.75 YANGx111@15.63 SBACx49@37.75 
Purchases: CNETx228@8.12 BSFTx41@45.03 PLBCx787@2.35 PRPHx1698@1.09 INSx973@1.90 

2011-03-23
Cash: 8.20
Held: PRPHx1698@1.25 PLBCx787@2.12 CNETx228@8.70 INSx973@1.94 BSFTx41@43.75 
Value: 9464.56
Sales: CNETx228@8.70 BSFTx41@43.75 PLBCx787@2.12 PRPHx1698@1.25 INSx973@1.94 
Purchases: DSx318@5.95 MEIPx1362@1.39 HOTRx630@3.00 BPTHx4617@0.41 XOMAx575@3.29 

2011-03-24
Cash: 6.23
Held: MEIPx1362@1.39 DSx318@6.07 HOTRx630@3.20 XOMAx575@3.29 BPTHx4617@0.41 
Value: 9628.57
Sales: MEIPx1362@1.39 XOMAx575@3.29 DSx318@6.07 BPTHx4617@0.41 HOTRx630@3.20 
Purchases: SCHLx71@26.89 RBPAAx1100@1.75 AVEOx144@13.32 BIOLx442@4.35 CACBx308@6.25 

2011-03-27
Cash: 27.82
Held: RBPAAx1100@1.63 AVEOx144@13.51 CACBx308@6.24 SCHLx71@26.56 BIOLx442@4.54 
Value: 9579.41
Sales: SCHLx71@26.56 RBPAAx1100@1.63 AVEOx144@13.51 BIOLx442@4.54 CACBx308@6.24 
Purchases: SPRTx362@5.29 GUREx347@5.52 NFECx589@3.25 CTICx10@176.38 BBRYx34@56.00 

2011-03-28
Cash: 167.50
Held: NFECx589@3.40 CTICx10@190.00 GUREx347@6.60 SPRTx362@5.21 BBRYx34@57.06 
Value: 10187.55
Sales: SPRTx362@5.21 NFECx589@3.40 CTICx10@190.00 BBRYx34@57.06 GUREx347@6.60 
Purchases: URGx1265@1.61 AWREx619@3.29 VIVEx14552@0.14 ANIKx232@8.75 URREx1018@2.00 

2011-03-29
Cash: 11.04
Held: URGx1265@1.70 AWREx619@3.41 ANIKx232@8.94 URREx1018@2.12 VIVEx14552@0.17 
Value: 10977.93
Sales: AWREx619@3.41 URGx1265@1.70 VIVEx14552@0.17 ANIKx232@8.94 URREx1018@2.12 
Purchases: MEIPx1330@1.65 NVGNx1416@1.55 EDAPx611@3.59 MPBx231@9.50 ERSx456@4.81 

2011-03-30
Cash: 7.78
Held: MEIPx1330@1.58 MPBx231@8.89 ERSx456@4.80 NVGNx1416@1.53 EDAPx611@3.49 
Value: 10651.57
Sales: MEIPx1330@1.58 NVGNx1416@1.53 MPBx231@8.89 EDAPx611@3.49 ERSx456@4.80 
Purchases: GDENx789@2.70 NHTCx15214@0.14 THLDx1383@1.54 NVGNx1392@1.53 WLDNx528@4.03 

2011-03-31
Cash: 3.19
Held: WLDNx528@4.18 NVGNx1392@1.43 GDENx789@2.69 THLDx1383@1.61 NHTCx15214@0.18 
Value: 11288.62
Sales: GDENx789@2.69 THLDx1383@1.61 NHTCx15214@0.18 NVGNx1392@1.43 WLDNx528@4.18 
Purchases: TORMx118@19.12 IPCIx773@2.92 MTORx136@16.52 NLSTx906@2.49 KNDIx755@2.99 

2011-04-03
Cash: 14.87
Held: MTORx136@16.81 TORMx118@18.27 KNDIx755@2.80 NLSTx906@2.43 IPCIx773@2.95 
Value: 11052.35
Sales: TORMx118@18.27 NLSTx906@2.43 MTORx136@16.81 KNDIx755@2.80 IPCIx773@2.95 
Purchases: OMERx438@5.04 EXFOx279@7.91 CDTIx67@32.84 RECNx147@14.99 LOGIx152@14.52 

2011-04-04
Cash: 26.36
Held: RECNx147@15.50 OMERx438@4.91 EXFOx279@7.89 CDTIx67@30.55 LOGIx152@14.46 
Value: 10901.69
Sales: CDTIx67@30.55 OMERx438@4.91 EXFOx279@7.89 RECNx147@15.50 LOGIx152@14.46 
Purchases: XBKSx3633@0.60 RLGTx1043@2.09 SMTXx828@2.63 KGJIx1095@1.99 OVBCx104@20.94 

2011-04-05
Cash: 6.67
Held: OVBCx104@20.94 SMTXx828@2.62 RLGTx1043@1.95 KGJIx1095@2.08 XBKSx3633@0.61 
Value: 10880.20
Sales: XBKSx3633@0.61 RLGTx1043@1.95 SMTXx828@2.62 KGJIx1095@2.08 OVBCx104@20.94 
Purchases: MDXGx2092@1.04 LAMRx64@33.97 USATx998@2.18 VIVEx15541@0.14 CREGx870@2.50 

2011-04-06
Cash: 4.14
Held: CREGx870@2.45 LAMRx64@33.78 MDXGx2092@1.05 USATx998@2.24 VIVEx15541@0.14 
Value: 10904.87
Sales: LAMRx64@33.78 MDXGx2092@1.05 USATx998@2.24 VIVEx15541@0.14 CREGx870@2.45 
Purchases: RLGTx1123@1.94 CRAIx82@26.31 AMSCx16@133.00 SFx45@47.97 NAIIx520@4.19 

2011-04-07
Cash: 102.02
Held: AMSCx16@137.75 RLGTx1123@1.95 SFx45@47.16 CRAIx82@25.44 NAIIx520@4.29 
Value: 10934.31
Sales: RLGTx1123@1.95 AMSCx16@137.75 SFx45@47.16 NAIIx520@4.29 CRAIx82@25.44 
Purchases: RTx205@10.63 SSWx114@19.12 WGBSx2667@0.82 BBGIx329@6.63 DTRMx396@5.51 

2011-04-10
Cash: 24.31
Held: DTRMx396@5.35 RTx205@10.66 WGBSx2667@0.83 BBGIx329@6.67 SSWx114@19.17 
Value: 10922.52
Sales: RTx205@10.66 SSWx114@19.17 WGBSx2667@0.83 BBGIx329@6.67 DTRMx396@5.35 
Purchases: MBOTx2801@0.78 AXDXx629@3.47 CTSOx336@6.50 CKXx217@10.04 CETCx37@57.91 

2011-04-11
Cash: 50.26
Held: MBOTx2801@0.77 AXDXx629@3.58 CKXx217@13.50 CTSOx336@5.92 CETCx37@56.00 
Value: 11450.20
Sales: MBOTx2801@0.77 CETCx37@56.00 AXDXx629@3.58 CKXx217@13.50 CTSOx336@5.92 
Purchases: TGCx2336@0.98 MMACx13467@0.17 DLHCx3692@0.62 GTNx1069@2.14 XPLx745@3.07 

2011-04-12
Cash: 5.80
Held: XPLx745@2.76 TGCx2336@1.00 DLHCx3692@0.64 GTNx1069@2.18 MMACx13467@0.17 
Value: 11381.28
Sales: TGCx2336@1.00 MMACx13467@0.17 DLHCx3692@0.64 GTNx1069@2.18 XPLx745@2.76 
Purchases: NXSTx322@7.05 UWNx1603@1.42 ATLCx470@4.84 DSSx671@3.39 CIG.Cx181@12.57 

2011-04-13
Cash: 9.73
Held: CIG.Cx181@15.28 DSSx671@3.40 UWNx1603@1.46 ATLCx470@4.88 NXSTx322@6.68 
Value: 11841.56
Sales: NXSTx322@6.68 UWNx1603@1.46 ATLCx470@4.88 DSSx671@3.40 CIG.Cx181@15.28 
Purchases: NDSNx42@55.38 INVEx686@3.45 BSPMx67@35.28 CPFx159@14.85 XPLx861@2.75 

2011-04-14
Cash: 56.66
Held: XPLx861@3.03 INVEx686@3.36 NDSNx42@55.59 CPFx159@15.18 BSPMx67@34.88 
Value: 12054.55
Sales: NDSNx42@55.59 INVEx686@3.36 BSPMx67@34.88 CPFx159@15.18 XPLx861@3.03 
Purchases: CUOx142@16.97 INUVx1101@2.19 GRBKx3827@0.63 FFHLx733@3.29 WSO.Bx36@65.56 

2011-04-17
Cash: 52.70
Held: GRBKx3827@0.63 INUVx1101@2.42 FFHLx733@2.20 WSO.Bx36@70.00 CUOx142@16.97 
Value: 11669.19
Sales: CUOx142@16.97 FFHLx733@2.20 GRBKx3827@0.63 INUVx1101@2.42 WSO.Bx36@70.00 
Purchases: GALEx2593@0.90 IAGx116@20.03 CLNTx96@24.30 SYNx2101@1.11 GTIMx1228@1.90 

2011-04-18
Cash: 13.09
Held: GALEx2593@0.89 SYNx2101@1.12 CLNTx96@24.59 GTIMx1228@1.80 IAGx116@20.69 
Value: 11645.49
Sales: GALEx2593@0.89 IAGx116@20.69 CLNTx96@24.59 SYNx2101@1.12 GTIMx1228@1.80 
Purchases: ACHNx359@6.48 OPHCx1003@2.32 FFHLx1088@2.14 MCZx1238@1.88 TI.Ax192@12.10 

2011-04-19
Cash: 11.93
Held: FFHLx1088@2.23 OPHCx1003@2.37 ACHNx359@6.59 TI.Ax192@12.36 MCZx1238@1.89 
Value: 11893.07
Sales: OPHCx1003@2.37 FFHLx1088@2.23 ACHNx359@6.59 TI.Ax192@12.36 MCZx1238@1.89 
Purchases: PFSWx389@6.10 NYCBx147@16.16 NBNx167@14.22 GTWNx389@6.11 ABIOx31@76.00 

2011-04-20
Cash: 37.51
Held: NBNx167@14.22 PFSWx389@5.99 ABIOx31@76.44 GTWNx389@6.11 NYCBx147@16.19 
Value: 11867.16
Sales: PFSWx389@5.99 NYCBx147@16.19 NBNx167@14.22 GTWNx389@6.11 ABIOx31@76.44 
Purchases: SMSIx301@7.87 SINOx1010@2.35 SSGx50@47.25 LEEx1186@2.00 GUREx566@4.19 

2011-04-24
Cash: 18.02
Held: SMSIx301@7.90 LEEx1186@1.95 SINOx1010@2.23 GUREx566@3.85 SSGx50@46.53 
Value: 11466.59
Sales: SMSIx301@7.90 SINOx1010@2.23 SSGx50@46.53 LEEx1186@1.95 GUREx566@3.85 
Purchases: HNIx88@25.92 HAFCx1751@1.31 ZSLx157@14.58 IBIOx785@2.92 IHTx1066@2.15 

2011-04-25
Cash: 19.19
Held: IHTx1066@1.81 HNIx88@26.67 HAFCx1751@1.30 ZSLx157@15.76 IBIOx785@2.92 
Value: 11337.39
Sales: HNIx88@26.67 HAFCx1751@1.30 ZSLx157@15.76 IBIOx785@2.92 IHTx1066@1.81 
Purchases: MLSSx4360@0.52 AVIDx122@18.52 STRTx78@28.75 INSMx256@8.84 DCTHx311@7.27 

2011-04-26
Cash: 43.87
Held: MLSSx4360@0.52 DCTHx311@7.04 STRTx78@29.30 INSMx256@8.87 AVIDx122@18.31 
Value: 11289.59
Sales: MLSSx4360@0.52 AVIDx122@18.31 STRTx78@29.30 INSMx256@8.87 DCTHx311@7.04 
Purchases: TCCOx231@9.76 UISx80@28.02 TZOOx26@85.38 HEIx47@47.41 IMNx221@10.20 

2011-04-27
Cash: 91.55
Held: UISx80@28.62 IMNx221@10.09 HEIx47@47.56 TZOOx26@84.12 TCCOx231@9.75 
Value: 11287.21
Sales: TCCOx231@9.75 UISx80@28.62 TZOOx26@84.12 HEIx47@47.56 IMNx221@10.09 
Purchases: ZSLx168@13.43 ZIXIx677@3.33 DBDx66@33.97 LEEx1514@1.49 RNVAx4105@0.55 

2011-04-28
Cash: 21.45
Held: DBDx66@33.81 LEEx1514@1.43 RNVAx4105@0.59 ZSLx168@13.64 ZIXIx677@3.30 
Value: 11365.19
Sales: ZSLx168@13.64 ZIXIx677@3.30 RNVAx4105@0.59 DBDx66@33.81 LEEx1514@1.43 
Purchases: HHSx244@9.29 FOEx151@15.00 AKAMx66@34.44 OSKx71@31.66 DDDx54@41.72 

2011-05-01
Cash: 60.38
Held: FOEx151@14.40 AKAMx66@34.22 DDDx54@38.28 HHSx244@9.00 OSKx71@30.98 
Value: 10956.06
Sales: HHSx244@9.00 FOEx151@14.40 AKAMx66@34.22 OSKx71@30.98 DDDx54@38.28 
Purchases: CHHx58@37.25 CYRXx190@11.52 DECKx26@84.00 KVHIx171@12.80 BBRYx45@48.09 

2011-05-02
Cash: 69.62
Held: CHHx58@36.97 CYRXx190@11.04 KVHIx171@12.81 DECKx26@83.38 BBRYx45@48.25 
Value: 10841.17
Sales: CHHx58@36.97 CYRXx190@11.04 BBRYx45@48.25 KVHIx171@12.81 DECKx26@83.38 
Purchases: YRCWx1680@1.29 SIFYx367@5.90 AGQx2@1060.00 SYMXx703@3.08 PXLWx885@2.45 

2011-05-03
Cash: 56.32
Held: AGQx2@937.00 PXLWx885@2.45 SIFYx367@6.50 SYMXx703@2.80 YRCWx1680@1.24 
Value: 10535.92
Sales: SIFYx367@6.50 YRCWx1680@1.24 SYMXx703@2.80 AGQx2@937.00 PXLWx885@2.45 
Purchases: ISIGx422@4.99 YRCWx1699@1.24 WLKx35@58.91 CSCx47@43.97 LPSNx193@10.88 

2011-05-04
Cash: 95.08
Held: LPSNx193@10.91 ISIGx422@4.87 YRCWx1699@1.35 CSCx47@43.47 WLKx35@58.44 
Value: 10636.91
Sales: ISIGx422@4.87 YRCWx1699@1.35 WLKx35@58.44 CSCx47@43.47 LPSNx193@10.91 
Purchases: WEBx175@12.11 SONSx713@2.98 LLITx505@4.21 TPIVx11200@0.19 CENXx130@16.27 

2011-05-05
Cash: 24.30
Held: WEBx175@12.12 LLITx505@4.28 TPIVx11200@0.21 CENXx130@16.72 SONSx713@2.94 
Value: 10927.67
Sales: WEBx175@12.12 CENXx130@16.72 LLITx505@4.28 SONSx713@2.94 TPIVx11200@0.21 
Purchases: SMSIx392@5.57 UCOx46@46.88 DYYx199@10.94 EIGx132@16.45 ANIKx299@7.30 

2011-05-08
Cash: 56.55
Held: SMSIx392@5.79 DYYx199@11.87 UCOx46@51.59 EIGx132@16.53 ANIKx299@7.63 
Value: 11523.91
Sales: SMSIx392@5.79 UCOx46@51.59 DYYx199@11.87 EIGx132@16.53 ANIKx299@7.63 
Purchases: RCONx911@2.53 OPHCx1097@2.10 TPCx98@23.31 CTICx15@146.00 NILEx44@51.41 

2011-05-09
Cash: 179.95
Held: RCONx911@2.07 CTICx15@145.00 TPCx98@23.58 OPHCx1097@2.10 NILEx44@52.31 
Value: 11156.68
Sales: OPHCx1097@2.10 RCONx911@2.07 TPCx98@23.58 CTICx15@145.00 NILEx44@52.31 
Purchases: ZSLx118@18.80 SCOx52@42.19 DTOx50@44.25 IHTx1412@1.58 PETSx172@12.96 

2011-05-10
Cash: 72.05
Held: IHTx1412@1.58 SCOx52@45.53 PETSx172@13.19 ZSLx118@21.70 DTOx50@47.09 
Value: 11854.65
Sales: ZSLx118@21.70 SCOx52@45.53 DTOx50@47.09 PETSx172@13.19 IHTx1412@1.58 
Purchases: AEYx894@2.65 OLEDx54@43.41 USNAx75@31.34 RCONx1281@1.85 PRZMx348@6.80 

2011-05-11
Cash: 54.46
Held: USNAx75@31.48 RCONx1281@1.94 AEYx894@2.62 OLEDx54@47.19 PRZMx348@6.87 
Value: 12182.26
Sales: AEYx894@2.62 RCONx1281@1.94 USNAx75@31.48 OLEDx54@47.19 PRZMx348@6.87 
Purchases: ATLCx656@3.71 BSFx378@6.44 ALJx218@11.16 MUXx350@6.95 AGQx3@662.00 

2011-05-12
Cash: 462.74
Held: AGQx3@699.00 MUXx350@6.68 BSFx378@6.82 ATLCx656@3.68 ALJx218@10.97 
Value: 12280.77
Sales: ALJx218@10.97 BSFx378@6.82 ATLCx656@3.68 MUXx350@6.68 AGQx3@699.00 
Purchases: HPJx1142@2.15 GRBKx4092@0.60 LLITx733@3.35 INVTx1285@1.91 STSx870@2.82 

2011-05-15
Cash: 5.94
Held: HPJx1142@2.00 GRBKx4092@0.57 INVTx1285@1.85 STSx870@2.98 LLITx733@3.51 
Value: 12164.08
Sales: LLITx733@3.51 HPJx1142@2.00 GRBKx4092@0.57 INVTx1285@1.85 STSx870@2.98 
Purchases: MNTXx456@5.33 NVGNx2043@1.19 AMTXx1621@1.50 RMBSx165@14.67 NVDAx137@17.70 

2011-05-16
Cash: 24.72
Held: NVGNx2043@1.11 AMTXx1621@1.50 MNTXx456@5.16 NVDAx137@17.62 RMBSx165@13.18 
Value: 11666.97
Sales: MNTXx456@5.16 RMBSx165@13.18 NVGNx2043@1.11 NVDAx137@17.62 AMTXx1621@1.50 
Purchases: WGBSx4404@0.53 SYMXx988@2.36 BVXx845@2.76 CAPRx4166@0.56 SIFYx540@4.32 

2011-05-17
Cash: 4.56
Held: CAPRx4166@0.58 SIFYx540@4.62 SYMXx988@2.61 WGBSx4404@0.52 BVXx845@2.89 
Value: 12227.36
Sales: WGBSx4404@0.52 SYMXx988@2.61 BVXx845@2.89 CAPRx4166@0.58 SIFYx540@4.62 
Purchases: RCONx1518@1.61 NBNx177@13.75 CALDx397@6.15 ABIOx25@95.31 VTNRx1358@1.80 

2011-05-18
Cash: 81.22
Held: RCONx1518@1.64 CALDx397@5.99 VTNRx1358@2.05 NBNx177@13.75 ABIOx25@91.12 
Value: 12444.39
Sales: ABIOx25@91.12 RCONx1518@1.64 CALDx397@5.99 VTNRx1358@2.05 NBNx177@13.75 
Purchases: HLFx47@52.72 SPLSx149@16.59 TAx389@6.39 NOAx327@7.60 CTRNx149@16.61 

2011-05-19
Cash: 47.68
Held: NOAx327@7.80 HLFx47@52.03 CTRNx149@16.69 TAx389@5.86 SPLSx149@16.38 
Value: 12249.61
Sales: HLFx47@52.03 SPLSx149@16.38 TAx389@5.86 NOAx327@7.80 CTRNx149@16.69 
Purchases: BKEx61@40.12 YRCWx2815@0.87 AAPx38@63.28 PCYOx692@3.54 BIGx72@33.56 

2011-05-22
Cash: 82.39
Held: YRCWx2815@0.81 BKEx61@39.69 PCYOx692@3.49 AAPx38@63.00 BIGx72@33.69 
Value: 12018.38
Sales: BKEx61@39.69 YRCWx2815@0.81 AAPx38@63.00 PCYOx692@3.49 BIGx72@33.69 
Purchases: KIRKx184@13.04 YGEx273@8.80 USAPx71@33.44 SMIx557@4.31 CYDx116@20.70 

2011-05-23
Cash: 42.14
Held: CYDx116@20.91 KIRKx184@13.08 YGEx273@8.85 SMIx557@4.37 USAPx71@33.75 
Value: 12121.06
Sales: KIRKx184@13.08 YGEx273@8.85 USAPx71@33.75 SMIx557@4.37 CYDx116@20.91 
Purchases: TECDx52@46.09 BORNx349@6.94 MOHx93@25.98 SPEXx844@2.87 FASTx75@32.31 

2011-05-24
Cash: 40.10
Held: MOHx93@25.94 FASTx75@32.94 SPEXx844@2.79 TECDx52@45.84 BORNx349@6.78 
Value: 12027.10
Sales: TECDx52@45.84 BORNx349@6.78 MOHx93@25.94 SPEXx844@2.79 FASTx75@32.94 
Purchases: TGSx662@3.63 CBRLx51@46.44 CBLIx22@107.19 KONEx2429@0.99 KGJIx1782@1.35 

2011-05-25
Cash: 86.75
Held: CBLIx22@108.38 TGSx662@3.60 KONEx2429@1.00 CBRLx51@47.50 KGJIx1782@1.41 
Value: 12218.34
Sales: TGSx662@3.60 CBLIx22@108.38 KGJIx1782@1.41 KONEx2429@1.00 CBRLx51@47.50 
Purchases: PLUGx1062@2.30 EGTx1744@1.40 FROx140@17.45 KFSx2349@1.04 CTSOx543@4.50 

2011-05-26
Cash: 2.64
Held: FROx140@17.73 CTSOx543@4.52 PLUGx1062@2.34 KFSx2349@1.06 EGTx1744@1.32 
Value: 12216.03
Sales: PLUGx1062@2.34 EGTx1744@1.32 FROx140@17.73 KFSx2349@1.06 CTSOx543@4.52 
Purchases: EMITFx16@147.62 LULUx27@90.06 NTZx656@3.72 SIGMx283@8.62 SEEDx389@6.27 

2011-05-30
Cash: 104.05
Held: SIGMx283@8.99 EMITFx16@134.25 NTZx656@3.64 SEEDx389@6.11 LULUx27@90.81 
Value: 12013.57
Sales: EMITFx16@134.25 LULUx27@90.81 NTZx656@3.64 SIGMx283@8.99 SEEDx389@6.11 
Purchases: MENTx179@13.41 GMANx138@17.39 SGRPx1892@1.27 TOPSx4003@0.60 CAPRx4142@0.58 

2011-05-31
Cash: 7.12
Held: TOPSx4003@0.58 CAPRx4142@0.58 SGRPx1892@1.27 MENTx179@13.34 GMANx138@17.02 
Value: 11870.49
Sales: MENTx179@13.34 SGRPx1892@1.27 TOPSx4003@0.58 CAPRx4142@0.58 GMANx138@17.02 
Purchases: MPETx1637@1.45 SBOTx3769@0.63 ARLx1010@2.35 URREx1333@1.78 NOKx354@6.69 

2011-06-01
Cash: 7.53
Held: MPETx1637@1.55 URREx1333@1.81 SBOTx3769@0.63 NOKx354@6.57 ARLx1010@2.35 
Value: 12029.74
Sales: MPETx1637@1.55 SBOTx3769@0.63 ARLx1010@2.35 URREx1333@1.81 NOKx354@6.57 
Purchases: NLSx1156@2.08 AMSCx30@79.38 NAIIx722@3.33 ESNDx69@34.56 SHOOx67@35.41 

2011-06-02
Cash: 82.57
Held: NLSx1156@2.11 AMSCx30@77.31 SHOOx67@34.38 ESNDx69@33.81 NAIIx722@3.45 
Value: 11966.91
Sales: NLSx1156@2.11 AMSCx30@77.31 NAIIx722@3.45 ESNDx69@33.81 SHOOx67@34.38 
Purchases: MBTFx1746@1.37 ZUMZx97@24.62 SEEDx438@5.46 FTNTx102@23.44 FFINx71@33.28 

2011-06-05
Cash: 40.57
Held: FFINx71@33.47 ZUMZx97@22.84 MBTFx1746@1.38 FTNTx102@23.70 SEEDx438@4.84 
Value: 11579.54
Sales: SEEDx438@4.84 ZUMZx97@22.84 MBTFx1746@1.38 FTNTx102@23.70 FFINx71@33.47 
Purchases: SINAx21@109.38 CASIx609@3.80 SNOAx1300@1.78 OREXx1265@1.83 BOSCx260@8.88 

2011-06-06
Cash: 29.06
Held: SNOAx1300@1.70 CASIx609@4.40 OREXx1265@1.93 SINAx21@109.12 BOSCx260@8.80 
Value: 11937.83
Sales: OREXx1265@1.93 BOSCx260@8.80 SNOAx1300@1.70 CASIx609@4.40 SINAx21@109.12 
Purchases: CORTx542@4.40 CNTFx109@21.84 SEEDx495@4.82 NEONx770@3.10 ARLx1126@2.12 

2011-06-07
Cash: 14.00
Held: CNTFx109@21.55 CORTx542@4.32 NEONx770@2.95 SEEDx495@4.69 ARLx1126@2.12 
Value: 11683.51
Sales: CORTx542@4.32 CNTFx109@21.55 SEEDx495@4.69 NEONx770@2.95 ARLx1126@2.12 
Purchases: CJJDx1350@1.73 VRTBx1578@1.48 NAVBx605@3.86 GIIIx69@33.41 DLx746@3.13 

2011-06-08
Cash: 35.63
Held: GIIIx69@33.41 DLx746@3.13 VRTBx1578@1.54 CJJDx1350@1.67 NAVBx605@3.87 
Value: 11701.69
Sales: NAVBx605@3.87 CJJDx1350@1.67 GIIIx69@33.41 VRTBx1578@1.54 DLx746@3.13 
Purchases: OMEXx704@3.32 RDNx653@3.58 QNSTx215@10.88 MTGx407@5.74 CIENx123@19.00 

2011-06-09
Cash: 14.11
Held: CIENx123@19.05 RDNx653@3.66 QNSTx215@11.15 MTGx407@6.08 OMEXx704@3.29 
Value: 11933.17
Sales: OMEXx704@3.29 RDNx653@3.66 QNSTx215@11.15 CIENx123@19.05 MTGx407@6.08 
Purchases: HAFCx2386@1.00 LIVEx792@3.01 FVEx391@6.10 CLNTx166@14.30 NBYx2074@1.15 

2011-06-12
Cash: 18.53
Held: LIVEx792@2.90 NBYx2074@1.06 HAFCx2386@1.01 FVEx391@5.69 CLNTx166@13.70 
Value: 11422.55
Sales: HAFCx2386@1.01 LIVEx792@2.90 CLNTx166@13.70 FVEx391@5.69 NBYx2074@1.06 
Purchases: DIODx99@22.98 TAITx1936@1.18 MBTFx1655@1.38 PGNXx326@6.99 SYUTx238@9.56 

2011-06-13
Cash: 25.46
Held: PGNXx326@7.19 TAITx1936@1.24 DIODx99@23.33 SYUTx238@9.59 MBTFx1655@1.44 
Value: 11747.66
Sales: DIODx99@23.33 TAITx1936@1.24 MBTFx1655@1.44 PGNXx326@7.19 SYUTx238@9.59 
Purchases: AEHRx1926@1.22 FOLDx346@6.79 ABRx563@4.17 AOIx7@311.00 ITUSx6908@0.34 

2011-06-14
Cash: 174.36
Held: ITUSx6908@0.29 AEHRx1926@1.20 AOIx7@298.00 FOLDx346@6.30 ABRx563@4.46 
Value: 11267.10
Sales: AEHRx1926@1.20 FOLDx346@6.30 ABRx563@4.46 AOIx7@298.00 ITUSx6908@0.29 
Purchases: WKHSx3174@0.71 AXDXx412@5.47 SEVx391@5.76 VRMLx564@3.99 COOLx16@139.88 

2011-06-15
Cash: 19.24
Held: AXDXx412@4.62 SEVx391@5.87 COOLx16@131.00 VRMLx564@3.66 WKHSx3174@0.70 
Value: 10601.47
Sales: SEVx391@5.87 AXDXx412@4.62 VRMLx564@3.66 WKHSx3174@0.70 COOLx16@131.00 
Purchases: CPSTx80@26.41 SPWRx125@16.88 RCONx890@2.38 OPHCx3028@0.70 OIx84@25.06 

2011-06-16
Cash: 35.19
Held: RCONx890@2.10 SPWRx125@16.72 OPHCx3028@0.65 OIx84@25.58 CPSTx80@26.59 
Value: 10237.66
Sales: CPSTx80@26.59 OPHCx3028@0.65 RCONx890@2.10 SPWRx125@16.72 OIx84@25.58 
Purchases: OPHCx3150@0.65 WGOx239@8.55 LIVEx600@3.41 HBPx4095@0.50 MCZx1612@1.27 

2011-06-19
Cash: 7.68
Held: LIVEx600@3.25 HBPx4095@0.65 WGOx239@8.59 OPHCx3150@0.68 MCZx1612@1.39 
Value: 11055.61
Sales: WGOx239@8.59 OPHCx3150@0.68 LIVEx600@3.25 HBPx4095@0.65 MCZx1612@1.39 
Purchases: CALIx320@6.90 CBLIx32@68.62 BBRYx85@25.89 NFECx1163@1.90 INSx1701@1.30 

2011-06-20
Cash: 30.28
Held: CBLIx32@65.19 CALIx320@7.55 NFECx1163@1.71 INSx1701@1.30 BBRYx85@28.55 
Value: 11158.67
Sales: CALIx320@7.55 CBLIx32@65.19 BBRYx85@28.55 NFECx1163@1.71 INSx1701@1.30 
Purchases: PMBCx672@3.32 HPJx1665@1.34 DLx1014@2.20 RVPx1571@1.42 CDXSx238@9.37 

2011-06-21
Cash: 6.48
Held: DLx1014@2.26 RVPx1571@1.42 HPJx1665@1.31 PMBCx672@3.39 CDXSx238@9.44 
Value: 11233.64
Sales: PMBCx672@3.39 HPJx1665@1.31 DLx1014@2.26 RVPx1571@1.42 CDXSx238@9.44 
Purchases: NYNYx2442@0.92 MNGAx9361@0.24 CFBKx591@3.80 ARLx580@3.87 HSTMx200@11.20 

2011-06-22
Cash: 9.66
Held: MNGAx9361@0.24 NYNYx2442@0.85 HSTMx200@11.38 ARLx580@3.29 CFBKx591@4.18 
Value: 10986.56
Sales: NYNYx2442@0.85 MNGAx9361@0.24 CFBKx591@4.18 ARLx580@3.29 HSTMx200@11.38 
Purchases: BSFx406@5.41 LZBx228@9.60 SUNWx10465@0.21 FUNCx479@4.58 LTRXx889@2.47 

2011-06-23
Cash: 14.26
Held: BSFx406@5.18 SUNWx10465@0.20 FUNCx479@4.84 LTRXx889@3.20 LZBx228@9.37 
Value: 11507.81
Sales: BSFx406@5.18 LZBx228@9.37 SUNWx10465@0.20 FUNCx479@4.84 LTRXx889@3.20 
Purchases: GIGx1022@2.25 VTNRx821@2.80 ARLx723@3.18 ARKRx154@14.90 ASMx1060@2.17 

2011-06-26
Cash: 15.48
Held: VTNRx821@2.50 ARKRx154@14.63 GIGx1022@2.05 ASMx1060@2.20 ARLx723@3.16 
Value: 11033.29
Sales: GIGx1022@2.05 VTNRx821@2.50 ARLx723@3.16 ASMx1060@2.20 ARKRx154@14.63 
Purchases: FUSBx459@4.80 RCONx879@2.51 DRRXx1137@1.94 ICCCx310@7.10 PTIEx561@3.93 

2011-06-27
Cash: 11.34
Held: RCONx879@2.44 DRRXx1137@2.04 PTIEx561@4.01 ICCCx310@7.34 FUSBx459@5.10 
Value: 11341.58
Sales: FUSBx459@5.10 RCONx879@2.44 DRRXx1137@2.04 ICCCx310@7.34 PTIEx561@4.01 
Purchases: XBKSx213@10.63 CDTIx112@20.20 BXCx94@24.00 ROSGx8400@0.27 IGCx7559@0.30 

2011-06-28
Cash: 21.81
Held: IGCx7559@0.36 CDTIx112@24.80 BXCx94@23.80 XBKSx213@10.50 ROSGx8400@0.27 
Value: 12262.68
Sales: XBKSx213@10.50 CDTIx112@24.80 BXCx94@23.80 ROSGx8400@0.27 IGCx7559@0.36 
Purchases: PBIBx498@4.92 SINOx1572@1.56 SIXx65@37.66 CASIx954@2.57 SRTx706@3.47 

2011-06-29
Cash: 9.89
Held: SRTx706@3.45 PBIBx498@4.98 CASIx954@2.26 SIXx65@37.44 SINOx1572@1.45 
Value: 11794.27
Sales: SIXx65@37.44 SINOx1572@1.45 PBIBx498@4.98 CASIx954@2.26 SRTx706@3.45 
Purchases: SGOCx556@4.24 KBHx241@9.78 CLNTx256@9.20 ARLx903@2.61 PDEXx1134@2.08 

2011-06-30
Cash: 9.43
Held: SGOCx556@3.75 PDEXx1134@1.86 KBHx241@10.17 CLNTx256@9.40 ARLx903@2.57 
Value: 11382.49
Sales: SGOCx556@3.75 KBHx241@10.17 CLNTx256@9.40 ARLx903@2.57 PDEXx1134@1.86 
Purchases: SINOx1614@1.41 CJJDx1197@1.90 CORTx582@3.91 EVBSx689@3.30 ITUSx6502@0.35 

2011-07-04
Cash: 5.44
Held: ITUSx6502@0.36 CORTx582@3.99 CJJDx1197@1.90 SINOx1614@1.41 EVBSx689@3.40 
Value: 11562.81
Sales: CORTx582@3.99 CJJDx1197@1.90 EVBSx689@3.40 SINOx1614@1.41 ITUSx6502@0.36 
Purchases: AMXx85@26.98 AXNx1926@1.20 AMOVx86@26.81 MMSx55@41.66 MBVXx3920@0.59 

2011-07-05
Cash: 48.40
Held: MMSx55@41.94 AXNx1926@1.05 AMXx85@26.70 AMOVx86@26.66 MBVXx3920@0.61 
Value: 11329.76
Sales: AMXx85@26.70 AXNx1926@1.05 AMOVx86@26.66 MMSx55@41.94 MBVXx3920@0.61 
Purchases: ZSLx129@17.52 FNCXx362@6.25 ZNx512@4.42 NTCTx134@16.81 AEISx172@13.16 

2011-07-06
Cash: 27.99
Held: ZNx512@4.57 AEISx172@13.22 FNCXx362@6.25 NTCTx134@16.88 ZSLx129@17.11 
Value: 11372.48
Sales: ZSLx129@17.11 FNCXx362@6.25 ZNx512@4.57 NTCTx134@16.88 AEISx172@13.22 
Purchases: SMMFx786@2.89 IPCIx663@3.43 AXNx2230@1.02 NNAx635@3.58 CACBx254@8.93 

2011-07-07
Cash: 11.52
Held: CACBx254@9.03 IPCIx663@3.40 AXNx2230@0.95 NNAx635@3.58 SMMFx786@2.95 
Value: 11270.28
Sales: SMMFx786@2.95 IPCIx663@3.40 AXNx2230@0.95 NNAx635@3.58 CACBx254@9.03 
Purchases: IMMYx32197@0.07 BABYx162@13.91 RWCx1817@1.24 TSRAx140@16.06 INFIx280@8.05 

2011-07-10
Cash: 8.06
Held: RWCx1817@1.24 INFIx280@7.95 BABYx162@13.62 IMMYx32197@0.13 TSRAx140@16.22 
Value: 13149.73
Sales: BABYx162@13.62 IMMYx32197@0.13 RWCx1817@1.24 TSRAx140@16.22 INFIx280@7.95 
Purchases: ALVx38@68.94 NFECx1406@1.87 SYMXx1189@2.21 CNITx536@4.90 XXIAx271@9.70 

2011-07-11
Cash: 16.80
Held: NFECx1406@2.02 SYMXx1189@2.59 XXIAx271@9.90 ALVx38@70.31 CNITx536@4.92 
Value: 13928.07
Sales: ALVx38@70.31 CNITx536@4.92 SYMXx1189@2.59 NFECx1406@2.02 XXIAx271@9.90 
Purchases: UPVx78@35.53 CHNRx292@9.51 SWCx153@18.20 RDNx657@4.24 DLx934@2.98 

2011-07-12
Cash: 26.96
Held: SWCx153@18.19 DLx934@2.97 RDNx657@4.39 CHNRx292@9.95 UPVx78@36.50 
Value: 14222.24
Sales: UPVx78@36.50 CHNRx292@9.95 SWCx153@18.19 RDNx657@4.39 DLx934@2.97 
Purchases: MCHPx87@32.41 TREXx142@20.02 SKLNx6321@0.45 SOXLx70@40.25 CRVPx2609@1.09 

2011-07-13
Cash: 55.63
Held: CRVPx2609@1.10 SOXLx70@38.44 SKLNx6321@0.40 MCHPx87@32.00 TREXx142@20.20 
Value: 13795.76
Sales: MCHPx87@32.00 CRVPx2609@1.10 SKLNx6321@0.40 SOXLx70@38.44 TREXx142@20.20 
Purchases: ZSLx184@14.92 PRTKx583@4.73 OKSx64@43.06 CPSSx2338@1.18 ITGx247@11.16 

2011-07-14
Cash: 22.57
Held: ZSLx184@14.22 OKSx64@44.44 PRTKx583@4.87 ITGx247@11.00 CPSSx2338@1.20 
Value: 13845.73
Sales: ZSLx184@14.22 PRTKx583@4.87 OKSx64@44.44 CPSSx2338@1.20 ITGx247@11.00 
Purchases: CYTXx37@74.69 LBAIx280@9.87 TOPSx923@3.00 BWL.Ax261@10.58 CVCOx67@41.22 

2011-07-17
Cash: 27.93
Held: TOPSx923@2.99 LBAIx280@9.89 BWL.Ax261@10.58 CVCOx67@40.97 CYTXx37@70.81 
Value: 13683.15
Sales: CYTXx37@70.81 LBAIx280@9.89 TOPSx923@2.99 BWL.Ax261@10.58 CVCOx67@40.97 
Purchases: LEEx2942@0.93 PPHMx1512@1.81 TGIx54@49.91 DCTHx547@5.00 INSx2027@1.35 

2011-07-18
Cash: 44.91
Held: INSx2027@1.34 TGIx54@50.88 DCTHx547@5.12 LEEx2942@0.92 PPHMx1512@1.83 
Value: 13782.75
Sales: LEEx2942@0.92 PPHMx1512@1.83 TGIx54@50.88 DCTHx547@5.12 INSx2027@1.34 
Purchases: CFBKx716@3.85 RDNx792@3.48 MTGx615@4.48 SMEDx827@3.33 GSLx645@4.27 

2011-07-19
Cash: 6.59
Held: SMEDx827@3.42 RDNx792@3.61 MTGx615@4.37 GSLx645@4.25 CFBKx716@4.40 
Value: 14272.24
Sales: CFBKx716@4.40 RDNx792@3.61 SMEDx827@3.42 MTGx615@4.37 GSLx645@4.25 
Purchases: CLBSx2719@1.05 BROx131@21.67 SGOCx824@3.46 DSWLx1030@2.77 RTECx307@9.30 

2011-07-20
Cash: 20.23
Held: DSWLx1030@2.88 SGOCx824@3.60 BROx131@22.02 RTECx307@9.50 CLBSx2719@1.02 
Value: 14526.25
Sales: SGOCx824@3.60 BROx131@22.02 RTECx307@9.50 DSWLx1030@2.88 CLBSx2719@1.02 
Purchases: HUSAx169@17.16 AMAGx182@15.90 ANWx514@5.65 FTNTx140@20.70 CTRNx210@13.81 

2011-07-21
Cash: 30.97
Held: HUSAx169@17.38 CTRNx210@13.80 ANWx514@5.53 FTNTx140@21.09 AMAGx182@15.85 
Value: 14545.86
Sales: HUSAx169@17.38 AMAGx182@15.85 ANWx514@5.53 FTNTx140@21.09 CTRNx210@13.80 
Purchases: NTWKx2909@1.00 TEXx120@24.23 ITUSx12122@0.24 VIVOx131@22.12 SIFYx657@4.42 

2011-07-24
Cash: 16.03
Held: ITUSx12122@0.23 TEXx120@24.23 SIFYx657@4.30 NTWKx2909@0.93 VIVOx131@22.06 
Value: 14133.66
Sales: TEXx120@24.23 NTWKx2909@0.93 SIFYx657@4.30 VIVOx131@22.06 ITUSx12122@0.23 
Purchases: RTx298@9.46 AVIDx209@13.47 GENEx445@6.34 CFBKx814@3.47 HOTRx1228@2.30 

2011-07-25
Cash: 27.59
Held: GENEx445@5.90 RTx298@9.37 HOTRx1228@2.30 AVIDx209@13.12 CFBKx814@3.40 
Value: 13778.58
Sales: RTx298@9.37 AVIDx209@13.12 GENEx445@5.90 CFBKx814@3.40 HOTRx1228@2.30 
Purchases: SINOx591@4.66 TGTXx10598@0.26 EVKx1630@1.69 HDBx76@36.25 OTTWx496@5.55 

2011-07-26
Cash: 5.26
Held: EVKx1630@1.93 HDBx76@35.16 SINOx591@5.34 TGTXx10598@0.26 OTTWx496@5.55 
Value: 14487.14
Sales: TGTXx10598@0.26 SINOx591@5.34 EVKx1630@1.93 HDBx76@35.16 OTTWx496@5.55 
Purchases: AKSx233@12.42 VDSIx292@9.90 OKSBx455@6.36 HMNYx1335@2.17 DGSEx343@8.44 

2011-07-27
Cash: 18.08
Held: DGSEx343@8.77 AKSx233@12.13 VDSIx292@9.81 OKSBx455@6.36 HMNYx1335@2.17 
Value: 14509.92
Sales: AKSx233@12.13 HMNYx1335@2.17 OKSBx455@6.36 VDSIx292@9.81 DGSEx343@8.77 
Purchases: SSYSx109@26.47 CVGIx279@10.38 ALRx99@29.05 SOXLx74@38.75 JNPRx121@23.80 

2011-07-28
Cash: 105.46
Held: SOXLx74@37.84 JNPRx121@23.39 CVGIx279@10.60 SSYSx109@25.50 ALRx99@29.48 
Value: 14392.46
Sales: SSYSx109@25.50 CVGIx279@10.60 ALRx99@29.48 JNPRx121@23.39 SOXLx74@37.84 
Purchases: STRAx23@121.62 Sx680@4.23 SPRTx893@3.22 IPGx293@9.81 ICADx3788@0.76 

2011-07-31
Cash: 89.22
Held: IPGx293@9.57 ICADx3788@0.74 Sx680@4.29 SPRTx893@3.26 STRAx23@119.38 
Value: 14270.49
Sales: STRAx23@119.38 Sx680@4.29 ICADx3788@0.74 IPGx293@9.57 SPRTx893@3.26 
Purchases: GOLx371@7.69 RCONx1806@1.58 WSTGx252@11.29 AMCCx474@6.01 TNAVx293@9.71 

2011-08-01
Cash: 23.65
Held: AMCCx474@5.86 RCONx1806@1.71 TNAVx293@9.74 GOLx371@7.60 WSTGx252@10.89 
Value: 14308.26
Sales: GOLx371@7.60 RCONx1806@1.71 WSTGx252@10.89 AMCCx474@5.86 TNAVx293@9.74 
Purchases: BORNx507@5.64 LUNAx1683@1.70 ENSGx270@10.59 MEIPx1530@1.87 OIBR.Cx337@8.48 

2011-08-02
Cash: 8.84
Held: MEIPx1530@1.63 OIBR.Cx337@8.37 ENSGx270@11.08 LUNAx1683@1.78 BORNx507@5.22 
Value: 13955.51
Sales: MEIPx1530@1.63 LUNAx1683@1.78 ENSGx270@11.08 BORNx507@5.22 OIBR.Cx337@8.37 
Purchases: GECx1766@1.58 BPIx129@21.61 DEPOx439@6.35 INSMx548@5.09 TCIx1144@2.44 

2011-08-03
Cash: 9.17
Held: BPIx129@21.17 GECx1766@1.58 TCIx1144@2.26 INSMx548@4.16 DEPOx439@5.79 
Value: 12937.10
Sales: BPIx129@21.17 GECx1766@1.58 DEPOx439@5.79 INSMx548@4.16 TCIx1144@2.26 
Purchases: SMSIx1165@2.22 CBRx688@3.76 KFRCx299@8.64 KRAx115@22.36 IOx420@6.16 

2011-08-04
Cash: 21.12
Held: KFRCx299@8.88 SMSIx1165@2.19 IOx420@5.84 KRAx115@22.64 CBRx688@3.38 
Value: 12610.23
Sales: SMSIx1165@2.19 CBRx688@3.38 KFRCx299@8.88 KRAx115@22.64 IOx420@5.84 
Purchases: WNRx170@14.83 ERXx47@53.00 FSTRx134@18.72 EVCx1776@1.42 CTBx210@11.96 

2011-08-07
Cash: 56.56
Held: CTBx210@10.83 EVCx1776@1.30 ERXx47@40.00 WNRx170@13.11 FSTRx134@18.45 
Value: 11220.23
Sales: WNRx170@13.11 FSTRx134@18.45 EVCx1776@1.30 ERXx47@40.00 CTBx210@10.83 
Purchases: INSYx224@10.00 KONEx2244@1.00 CLGXx253@8.84 MCZx3868@0.58 BRCDx696@3.22 

2011-08-08
Cash: 13.41
Held: CLGXx253@9.30 KONEx2244@1.00 INSYx224@10.00 BRCDx696@3.51 MCZx3868@0.68 
Value: 11923.24
Sales: INSYx224@10.00 MCZx3868@0.68 CLGXx253@9.30 KONEx2244@1.00 BRCDx696@3.51 
Purchases: CIRx84@28.16 DGLYx3612@0.66 QTMx1394@1.71 NFECx1444@1.65 SBBXx542@4.40 

2011-08-09
Cash: 22.83
Held: NFECx1444@1.75 QTMx1394@1.70 DGLYx3612@0.79 SBBXx542@5.04 CIRx84@26.23 
Value: 12708.38
Sales: CIRx84@26.23 DGLYx3612@0.79 QTMx1394@1.70 NFECx1444@1.75 SBBXx542@5.04 
Purchases: SYKEx214@11.83 ENOCx270@9.40 TSUx99@25.48 AIQx2311@1.10 LLITx1199@2.12 

2011-08-10
Cash: 34.58
Held: TSUx99@26.31 ENOCx270@10.70 LLITx1199@2.76 AIQx2311@1.58 SYKEx214@12.99 
Value: 15270.21
Sales: LLITx1199@2.76 ENOCx270@10.70 TSUx99@26.31 AIQx2311@1.58 SYKEx214@12.99 
Purchases: HOVNPx1272@2.40 KARx224@13.58 MHOx425@7.18 CNITx1139@2.68 CACBx389@7.84 

2011-08-11
Cash: 22.18
Held: KARx224@13.89 CACBx389@7.79 HOVNPx1272@2.53 MHOx425@6.82 CNITx1139@2.44 
Value: 15058.06
Sales: HOVNPx1272@2.53 KARx224@13.89 MHOx425@6.82 CNITx1139@2.44 CACBx389@7.79 
Purchases: SMDDx111@27.12 SRTYx125@24.06 YANGx175@17.16 ERYx27@109.31 TCIx1162@2.59 

2011-08-14
Cash: 76.20
Held: SMDDx111@24.91 ERYx27@98.19 SRTYx125@21.92 TCIx1162@3.75 YANGx175@15.86 
Value: 15364.98
Sales: SMDDx111@24.91 SRTYx125@21.92 YANGx175@15.86 ERYx27@98.19 TCIx1162@3.75 
Purchases: DVx69@44.28 INSYx384@8.00 CDTIx139@22.00 INTXx214@14.32 ATROx116@26.38 

2011-08-15
Cash: 55.53
Held: DVx69@44.81 INSYx384@8.00 INTXx214@14.66 ATROx116@25.66 CDTIx139@21.70 
Value: 15348.89
Sales: DVx69@44.81 INSYx384@8.00 CDTIx139@21.70 INTXx214@14.66 ATROx116@25.66 
Purchases: KINSx1006@3.05 AMTXx529@5.80 ACFCx818@3.75 KNDIx1382@2.22 IDCCx47@64.00 

2011-08-16
Cash: 66.67
Held: IDCCx47@69.56 KNDIx1382@2.58 AMTXx529@5.40 ACFCx818@3.60 KINSx1006@3.15 
Value: 15871.33
Sales: AMTXx529@5.40 KINSx1006@3.15 IDCCx47@69.56 KNDIx1382@2.58 ACFCx818@3.60 
Purchases: CNETx920@3.45 MEGx1556@2.04 GUREx1497@2.12 TRRx855@3.71 EVLVx860@3.69 

2011-08-17
Cash: 7.13
Held: CNETx920@3.20 TRRx855@3.52 EVLVx860@3.38 MEGx1556@1.86 GUREx1497@1.88 
Value: 14576.04
Sales: CNETx920@3.20 MEGx1556@1.86 TRRx855@3.52 GUREx1497@1.88 EVLVx860@3.38 
Purchases: HMSYx127@22.94 OZRKx134@21.62 NVGNx3555@0.82 IKGHx436@6.67 MEIPx2010@1.45 

2011-08-18
Cash: 26.92
Held: MEIPx2010@1.41 NVGNx3555@0.78 HMSYx127@22.59 IKGHx436@6.63 OZRKx134@21.09 
Value: 14219.64
Sales: MEIPx2010@1.41 OZRKx134@21.09 NVGNx3555@0.78 IKGHx436@6.63 HMSYx127@22.59 
Purchases: TNAx78@36.25 ZIONWx1015@2.80 BSFTx111@25.48 SSIx215@13.18 SOXLx132@21.42 

2011-08-21
Cash: 59.27
Held: ZIONWx1015@2.90 SOXLx132@22.02 TNAx78@35.88 SSIx215@13.62 BSFTx111@26.11 
Value: 14533.31
Sales: SSIx215@13.62 ZIONWx1015@2.90 BSFTx111@26.11 TNAx78@35.88 SOXLx132@22.02 
Purchases: NSYSx880@3.30 FBPx1042@2.79 CGNTx267@10.85 NWYx1037@2.80 HGSHx1690@1.72 

2011-08-22
Cash: 14.31
Held: NWYx1037@3.15 CGNTx267@10.90 FBPx1042@2.91 NSYSx880@3.60 HGSHx1690@2.00 
Value: 15771.18
Sales: NSYSx880@3.60 FBPx1042@2.91 CGNTx267@10.90 NWYx1037@3.15 HGSHx1690@2.00 
Purchases: CJJDx1792@1.76 GUREx1923@1.64 TROVx4853@0.65 GBNKx2868@1.10 MTGx1865@1.69 

2011-08-23
Cash: 4.33
Held: GBNKx2868@1.12 CJJDx1792@1.80 MTGx1865@2.13 TROVx4853@0.68 GUREx1923@1.73 
Value: 17044.71
Sales: CJJDx1792@1.80 GUREx1923@1.73 MTGx1865@2.13 GBNKx2868@1.12 TROVx4853@0.68 
Purchases: TZAx71@47.78 SOXSx37@90.12 SRTYx144@23.56 ERYx31@108.75 SQQQx122@27.80 

2011-08-24
Cash: 162.15
Held: ERYx31@115.88 SRTYx144@25.30 SQQQx122@29.12 SOXSx37@97.31 TZAx71@51.09 
Value: 18178.50
Sales: TZAx71@51.09 SOXSx37@97.31 SRTYx144@25.30 ERYx31@115.88 SQQQx122@29.12 
Purchases: RNWKx1731@2.10 MGHx3190@1.14 LIVEx2177@1.67 GOROx165@21.95 UTHRx92@39.31 

2011-08-25
Cash: 34.16
Held: LIVEx2177@1.65 UTHRx92@40.06 GOROx165@22.00 MGHx3190@1.14 RNWKx1731@2.16 
Value: 18317.52
Sales: RNWKx1731@2.16 LIVEx2177@1.65 MGHx3190@1.14 UTHRx92@40.06 GOROx165@22.00 
Purchases: FANHx338@10.81 SGRPx2930@1.25 ANTHx83@44.00 FIBKx304@12.04 NUTRx280@13.08 

2011-08-28
Cash: 26.64
Held: ANTHx83@46.16 SGRPx2930@1.27 NUTRx280@14.15 FIBKx304@12.38 FANHx338@11.61 
Value: 19227.24
Sales: FANHx338@11.61 SGRPx2930@1.27 ANTHx83@46.16 FIBKx304@12.38 NUTRx280@14.15 
Purchases: TROVx6105@0.63 SYMXx2345@1.64 PRZMx634@6.06 AGAx279@13.76 ACFCx1403@2.74 

2011-08-29
Cash: 12.71
Held: AGAx279@13.81 SYMXx2345@1.65 PRZMx634@6.21 ACFCx1403@2.30 TROVx6105@0.62 
Value: 18688.11
Sales: TROVx6105@0.62 SYMXx2345@1.65 PRZMx634@6.21 AGAx279@13.81 ACFCx1403@2.30 
Purchases: TZAx93@40.09 SMDDx161@23.19 SRTYx188@19.88 EDZx34@107.12 BOSCx614@6.08 

2011-08-30
Cash: 115.48
Held: SMDDx161@22.91 EDZx34@100.62 SRTYx188@19.94 TZAx93@40.31 BOSCx614@6.40 
Value: 18650.59
Sales: SMDDx161@22.91 EDZx34@100.62 SRTYx188@19.94 BOSCx614@6.40 TZAx93@40.31 
Purchases: SMTCx174@21.33 NETEx18655@0.20 RVPx2913@1.28 MOSYx932@4.00 GUREx2027@1.84 

2011-08-31
Cash: 22.61
Held: RVPx2913@1.36 SMTCx174@21.11 GUREx2027@1.86 NETEx18655@0.20 MOSYx932@3.85 
Value: 18747.20
Sales: NETEx18655@0.20 RVPx2913@1.36 MOSYx932@3.85 GUREx2027@1.86 SMTCx174@21.11 
Purchases: XCRAx660@5.68 JVAx206@18.19 BCLIx653@5.74 OMNx853@4.39 ERIIx1493@2.51 

2011-09-01
Cash: 12.60
Held: ERIIx1493@2.48 XCRAx660@5.53 JVAx206@17.98 BCLIx653@6.00 OMNx853@4.41 
Value: 18751.21
Sales: BCLIx653@6.00 JVAx206@17.98 XCRAx660@5.53 OMNx853@4.41 ERIIx1493@2.48 
Purchases: XBKSx625@6.00 HFCx110@34.00 MEIx469@7.98 LDOSx289@12.94 GEFx74@50.03 

2011-09-05
Cash: 77.12
Held: HFCx110@34.91 LDOSx289@12.97 GEFx74@49.59 MEIx469@7.83 XBKSx625@5.72 
Value: 18580.32
Sales: XBKSx625@5.72 HFCx110@34.91 MEIx469@7.83 LDOSx289@12.97 GEFx74@49.59 
Purchases: ULHx292@12.69 RGCOx200@18.50 DFFNx5307@0.70 ESLx59@62.94 SYUTx767@4.84 

2011-09-06
Cash: 34.16
Held: ESLx59@63.44 SYUTx767@4.77 DFFNx5307@0.70 RGCOx200@18.66 ULHx292@13.29 
Value: 18762.80
Sales: DFFNx5307@0.70 ESLx59@63.44 ULHx292@13.29 RGCOx200@18.66 SYUTx767@4.77 
Purchases: EMITFx77@48.59 GILTx1084@3.46 ROSGx3002@1.25 SALMx1603@2.34 JKSx290@12.90 

2011-09-07
Cash: 25.61
Held: JKSx290@11.82 SALMx1603@2.34 EMITFx77@45.19 GILTx1084@3.46 ROSGx3002@1.30 
Value: 18337.38
Sales: EMITFx77@45.19 GILTx1084@3.46 ROSGx3002@1.30 SALMx1603@2.34 JKSx290@11.82 
Purchases: MLSSx7334@0.50 VIRCx1658@2.21 SENEBx180@20.31 VDSIx658@5.57 HMNFx2095@1.75 

2011-09-08
Cash: 16.88
Held: MLSSx7334@0.50 VDSIx658@5.21 VIRCx1658@2.11 HMNFx2095@1.77 SENEBx180@20.31 
Value: 17973.43
Sales: MLSSx7334@0.50 SENEBx180@20.31 VIRCx1658@2.11 VDSIx658@5.21 HMNFx2095@1.77 
Purchases: VRTBx2722@1.32 GIIIx159@22.58 PPPx1167@3.08 TITNx169@21.19 MPXx878@4.09 

2011-09-11
Cash: 23.60
Held: GIIIx159@21.98 MPXx878@4.06 VRTBx2722@1.29 TITNx169@21.28 PPPx1167@3.06 
Value: 17762.24
Sales: PPPx1167@3.06 GIIIx159@21.98 TITNx169@21.28 VRTBx2722@1.29 MPXx878@4.06 
Purchases: IDRAx2670@1.33 CETVx364@9.75 RDNx1273@2.79 MTGx1505@2.36 KFYx284@12.48 

2011-09-12
Cash: 17.25
Held: RDNx1273@2.65 MTGx1505@2.33 KFYx284@13.08 CETVx364@10.09 IDRAx2670@1.38 
Value: 17970.56
Sales: IDRAx2670@1.38 CETVx364@10.09 RDNx1273@2.65 MTGx1505@2.33 KFYx284@13.08 
Purchases: EMITFx90@39.59 FBCx7335@0.49 YRCWx9461@0.38 SPEXx1931@1.86 IDSAx557@6.44 

2011-09-13
Cash: 38.77
Held: SPEXx1931@2.13 YRCWx9461@0.35 EMITFx90@45.00 FBCx7335@0.53 IDSAx557@6.50 
Value: 19022.21
Sales: EMITFx90@45.00 FBCx7335@0.53 YRCWx9461@0.35 SPEXx1931@2.13 IDSAx557@6.50 
Purchases: WNRx242@15.69 BGIx4273@0.89 LINKx11525@0.33 EXLSx166@22.83 KOOLx2641@1.44 

2011-09-14
Cash: 24.49
Held: KOOLx2641@1.44 EXLSx166@22.80 LINKx11525@0.33 WNRx242@16.02 BGIx4273@1.15 
Value: 20208.50
Sales: WNRx242@16.02 LINKx11525@0.33 BGIx4273@1.15 EXLSx166@22.80 KOOLx2641@1.44 
Purchases: WGBSx11544@0.35 GSSx1820@2.22 SEEDx1676@2.41 LODEx1530@2.64 COOLx43@92.00 

2011-09-15
Cash: 89.71
Held: COOLx43@92.38 WGBSx11544@0.34 LODEx1530@2.74 SEEDx1676@2.37 GSSx1820@2.26 
Value: 20263.82
Sales: GSSx1820@2.26 WGBSx11544@0.34 SEEDx1676@2.37 LODEx1530@2.74 COOLx43@92.38 
Purchases: MTEXx7371@0.55 FANHx463@8.75 SNGXx81075@0.05 NFLXx26@155.25 HRTXx16211@0.25 

2011-09-18
Cash: 17.95
Held: NFLXx26@143.75 MTEXx7371@0.54 FANHx463@7.31 SNGXx81075@0.04 HRTXx16211@0.26 
Value: 18578.67
Sales: MTEXx7371@0.54 FANHx463@7.31 SNGXx81075@0.04 NFLXx26@143.75 HRTXx16211@0.26 
Purchases: NTWKx5233@0.71 CETCx105@35.09 INUVx2995@1.24 ACFCx1503@2.47 BBRYx156@23.72 

2011-09-19
Cash: 50.51
Held: INUVx2995@1.20 NTWKx5233@0.72 ACFCx1503@2.56 CETCx105@35.50 BBRYx156@22.73 
Value: 18536.54
Sales: NTWKx5233@0.72 BBRYx156@22.73 INUVx2995@1.20 ACFCx1503@2.56 CETCx105@35.50 
Purchases: MNTAx319@11.60 FANHx520@7.12 GTIMx2407@1.54 NUROx2142@1.73 JKSx629@5.89 

2011-09-20
Cash: 13.93
Held: NUROx2142@1.74 JKSx629@5.76 MNTAx319@10.62 GTIMx2407@1.54 FANHx520@6.95 
Value: 18072.99
Sales: MNTAx319@10.62 FANHx520@6.95 GTIMx2407@1.54 NUROx2142@1.74 JKSx629@5.76 
Purchases: ARAYx917@3.94 TSLx466@7.75 SINAx40@90.00 TZOOx129@27.88 MARKx1140@3.17 

2011-09-21
Cash: 39.42
Held: SINAx40@81.81 TSLx466@7.44 MARKx1140@2.96 ARAYx917@3.63 TZOOx129@23.39 
Value: 16501.97
Sales: ARAYx917@3.63 TSLx466@7.44 MARKx1140@2.96 TZOOx129@23.39 SINAx40@81.81 
Purchases: FFBCWx804@4.10 KRUx137@23.98 SBSAx1833@1.80 BPOPNx206@15.96 ABACx482@6.84 

2011-09-22
Cash: 34.66
Held: ABACx482@7.04 FFBCWx804@4.10 BPOPNx206@15.97 KRUx137@24.06 SBSAx1833@1.70 
Value: 16427.73
Sales: ABACx482@7.04 SBSAx1833@1.70 KRUx137@24.06 BPOPNx206@15.97 FFBCWx804@4.10 
Purchases: ERXx104@31.33 TRECx933@3.52 AKGx615@5.34 PGTIx2415@1.36 AUMNx378@8.69 

2011-09-25
Cash: 32.75
Held: PGTIx2415@1.28 AKGx615@5.45 ERXx104@34.66 AUMNx378@8.28 TRECx933@3.55 
Value: 16523.32
Sales: ERXx104@34.66 TRECx933@3.55 AKGx615@5.45 PGTIx2415@1.28 AUMNx378@8.28 
Purchases: CASMx1888@1.75 DBSx62@53.25 CYCCx79@41.50 AGQx7@453.50 CKXx332@9.93 

2011-09-26
Cash: 168.16
Held: AGQx7@485.00 DBSx62@55.84 CKXx332@9.93 CASMx1888@1.94 CYCCx79@40.31 
Value: 17170.35
Sales: CASMx1888@1.94 CYCCx79@40.31 DBSx62@55.84 CKXx332@9.93 AGQx7@485.00 
Purchases: FAZx56@60.44 BXCx228@15.00 NFECx4403@0.78 SPUx1797@1.91 MBVXx10729@0.32 

2011-09-27
Cash: 65.89
Held: SPUx1797@1.83 NFECx4403@0.82 FAZx56@65.38 BXCx228@14.60 MBVXx10729@0.32 
Value: 17388.40
Sales: FAZx56@65.38 BXCx228@14.60 NFECx4403@0.82 SPUx1797@1.83 MBVXx10729@0.32 
Purchases: CALXx426@8.16 HIHOx1342@2.59 IOCx82@42.22 JRJCx1609@2.16 IMUCx2333@1.49 

2011-09-28
Cash: 23.92
Held: IMUCx2333@1.53 CALXx426@8.15 IOCx82@46.50 HIHOx1342@2.73 JRJCx1609@2.10 
Value: 17920.84
Sales: CALXx426@8.15 IMUCx2333@1.53 IOCx82@46.50 HIHOx1342@2.73 JRJCx1609@2.10 
Purchases: JVAx422@8.48 JKSx722@4.96 GLUUx1592@2.25 LODEx1837@1.95 USATx2986@1.20 

2011-09-29
Cash: 13.65
Held: JKSx722@4.86 GLUUx1592@2.11 JVAx422@7.49 USATx2986@1.20 LODEx1837@2.00 
Value: 17298.08
Sales: JVAx422@7.49 GLUUx1592@2.11 USATx2986@1.20 LODEx1837@2.00 JKSx722@4.86 
Purchases: KONAx623@5.55 BDSIx3174@1.09 AXDXx1330@2.60 AMDx681@5.08 RNVAx1870@1.85 

2011-10-02
Cash: 6.32
Held: AXDXx1330@2.43 KONAx623@5.40 RNVAx1870@1.60 AMDx681@4.53 BDSIx3174@0.99 
Value: 15821.09
Sales: KONAx623@5.40 BDSIx3174@0.99 AXDXx1330@2.43 AMDx681@4.53 RNVAx1870@1.60 
Purchases: AGENx1198@2.64 JVAx428@7.39 ENOCx385@8.20 CFx130@24.20 EBTCx263@12.00 

2011-10-03
Cash: 33.82
Held: CFx130@24.81 ENOCx385@8.53 JVAx428@7.82 AGENx1198@2.62 EBTCx263@13.50 
Value: 16579.30
Sales: AGENx1198@2.62 JVAx428@7.82 ENOCx385@8.53 CFx130@24.81 EBTCx263@13.50 
Purchases: BSPMx293@11.29 SBSAx2589@1.28 SKLNx22102@0.15 FONRx2166@1.53 SIFYx1167@2.84 

2011-10-04
Cash: 12.47
Held: SKLNx22102@0.27 SIFYx1167@3.01 FONRx2166@1.81 SBSAx2589@1.33 BSPMx293@12.60 
Value: 20548.20
Sales: BSPMx293@12.60 SBSAx2589@1.33 SKLNx22102@0.27 FONRx2166@1.81 SIFYx1167@3.01 
Purchases: TZAx86@47.56 SDDx73@55.88 SRTYx174@23.50 CRMDx10818@0.38 CDXCx1957@2.10 

2011-10-05
Cash: 71.44
Held: SDDx73@53.28 SRTYx174@21.94 CRMDx10818@0.35 CDXCx1957@2.04 TZAx86@44.25 
Value: 19361.40
Sales: SDDx73@53.28 TZAx86@44.25 SRTYx174@21.94 CRMDx10818@0.35 CDXCx1957@2.04 
Purchases: SOXSx51@74.56 DYNTx1173@3.30 CRMDx11060@0.35 ERYx33@116.75 RBPAAx3910@0.99 

2011-10-06
Cash: 90.25
Held: DYNTx1173@3.39 RBPAAx3910@1.00 ERYx33@120.88 CRMDx11060@0.37 SOXSx51@73.44 
Value: 19805.14
Sales: SOXSx51@73.44 DYNTx1173@3.39 CRMDx11060@0.37 ERYx33@120.88 RBPAAx3910@1.00 
Purchases: MYOSx19809@0.20 DTOx59@66.56 SCOx68@58.09 TOPSx3738@1.06 OBCIx2020@1.96 

2011-10-09
Cash: 46.95
Held: TOPSx3738@1.02 OBCIx2020@2.19 SCOx68@53.94 DTOx59@60.97 MYOSx19809@0.20 
Value: 19506.39
Sales: MYOSx19809@0.20 DTOx59@60.97 SCOx68@53.94 TOPSx3738@1.02 OBCIx2020@2.19 
Purchases: CSIIx526@7.41 JASOx2097@1.86 ILMNx147@26.48 Sx1756@2.22 IDTx218@17.84 

2011-10-10
Cash: 24.79
Held: CSIIx526@8.02 JASOx2097@1.87 ILMNx147@26.20 Sx1756@2.38 IDTx218@17.02 
Value: 19908.81
Sales: CSIIx526@8.02 JASOx2097@1.87 ILMNx147@26.20 Sx1756@2.38 IDTx218@17.02 
Purchases: EDZx31@125.75 SKYx549@7.25 PRPHx5309@0.75 SPNx169@23.52 ERYx38@104.69 

2011-10-11
Cash: 96.30
Held: SPNx169@24.09 PRPHx5309@0.79 EDZx31@114.94 ERYx38@102.00 SKYx549@7.53 
Value: 19936.18
Sales: EDZx31@114.94 SKYx549@7.53 PRPHx5309@0.79 SPNx169@24.09 ERYx38@102.00 
Purchases: NYNYx5616@0.71 GALEx5178@0.77 HIHOx1594@2.50 ANHx616@6.47 CAPRx7252@0.55 

2011-10-12
Cash: 4.94
Held: GALEx5178@0.80 CAPRx7252@0.53 HIHOx1594@2.45 ANHx616@6.41 NYNYx5616@0.73 
Value: 19940.61
Sales: NYNYx5616@0.73 GALEx5178@0.80 HIHOx1594@2.45 ANHx616@6.41 CAPRx7252@0.53 
Purchases: BKEx98@40.56 RCONx5780@0.69 BRCDx901@4.42 VXXx93@42.88 UCBIx500@7.96 

2011-10-13
Cash: 25.67
Held: RCONx5780@0.76 VXXx93@40.47 BRCDx901@4.51 UCBIx500@7.80 BKEx98@41.44 
Value: 20207.04
Sales: BKEx98@41.44 RCONx5780@0.76 UCBIx500@7.80 VXXx93@40.47 BRCDx901@4.51 
Purchases: ONVIx1393@2.90 ROSGx4929@0.82 IGIx202@19.95 OGENx2020@2.00 USATx3425@1.18 

2011-10-16
Cash: 14.92
Held: ONVIx1393@2.85 IGIx202@20.05 USATx3425@1.12 OGENx2020@1.85 ROSGx4929@0.83 
Value: 19697.96
Sales: ONVIx1393@2.85 OGENx2020@1.85 ROSGx4929@0.83 IGIx202@20.05 USATx3425@1.12 
Purchases: DEPOx871@4.52 SRPTx4634@0.85 SGRPx3752@1.05 OPHCx8565@0.46 NCMIx336@11.71 

2011-10-17
Cash: 8.79
Held: SRPTx4634@0.89 SGRPx3752@1.05 NCMIx336@11.62 OPHCx8565@0.46 DEPOx871@4.51 
Value: 19845.20
Sales: OPHCx8565@0.46 SRPTx4634@0.89 SGRPx3752@1.05 DEPOx871@4.51 NCMIx336@11.62 
Purchases: CSIQx1248@3.18 NAVBx1464@2.71 EVCx2876@1.38 INUVx2856@1.39 SPRTx1795@2.21 

2011-10-18
Cash: 2.12
Held: EVCx2876@1.28 INUVx2856@1.18 CSIQx1248@3.11 SPRTx1795@2.08 NAVBx1464@2.63 
Value: 18519.19
Sales: CSIQx1248@3.11 NAVBx1464@2.63 EVCx2876@1.28 INUVx2856@1.18 SPRTx1795@2.08 
Purchases: APEIx119@30.92 BMIx264@13.99 HIMXx3740@0.99 AMTXx597@6.20 CROXx241@15.36 

2011-10-19
Cash: 39.53
Held: AMTXx597@7.60 BMIx264@13.80 HIMXx3740@1.00 CROXx241@15.23 APEIx119@31.69 
Value: 19400.46
Sales: APEIx119@31.69 CROXx241@15.23 BMIx264@13.80 HIMXx3740@1.00 AMTXx597@7.60 
Purchases: INBKx393@9.85 ONx576@6.73 AEMx88@43.66 CMAx168@23.06 INFNx550@7.05 

2011-10-20
Cash: 57.86
Held: AEMx88@43.84 CMAx168@24.38 INFNx550@7.05 INBKx393@9.85 ONx576@6.58 
Value: 19549.71
Sales: INBKx393@9.85 INFNx550@7.05 AEMx88@43.84 CMAx168@24.38 ONx576@6.58 
Purchases: EGHTx1020@3.83 WSTLx1954@2.00 NVECx70@55.19 GLFx97@40.19 BLINx1563@2.50 

2011-10-23
Cash: 66.21
Held: NVECx70@56.03 WSTLx1954@2.10 EGHTx1020@3.80 BLINx1563@2.40 GLFx97@42.31 
Value: 19823.96
Sales: EGHTx1020@3.80 WSTLx1954@2.10 NVECx70@56.03 GLFx97@42.31 BLINx1563@2.40 
Purchases: CBPOx516@7.67 DAIOx988@4.01 RCONx4405@0.90 PBIBx2033@1.95 WSCIx701@5.65 

2011-10-24
Cash: 13.32
Held: RCONx4405@0.84 WSCIx701@5.46 DAIOx988@4.06 CBPOx516@8.98 PBIBx2033@2.63 
Value: 21531.28
Sales: CBPOx516@8.98 DAIOx988@4.06 RCONx4405@0.84 PBIBx2033@2.63 WSCIx701@5.46 
Purchases: INUVx3743@1.15 EVBSx2142@2.01 ATRCx431@9.97 SBSAx4394@0.98 DTOx88@48.53 

2011-10-25
Cash: 47.14
Held: INUVx3743@1.16 ATRCx431@10.00 SBSAx4394@1.00 EVBSx2142@2.00 DTOx88@52.12 
Value: 21964.60
Sales: DTOx88@52.12 EVBSx2142@2.00 ATRCx431@10.00 SBSAx4394@1.00 INUVx3743@1.16 
Purchases: MNTAx368@11.91 DHTx2780@1.58 PCYOx2164@2.03 RMDx161@27.27 FNx367@11.95 

2011-10-26
Cash: 22.52
Held: RMDx161@28.62 DHTx2780@1.56 MNTAx368@12.30 FNx367@13.05 PCYOx2164@2.14 
Value: 22912.52
Sales: MNTAx368@12.30 DHTx2780@1.56 PCYOx2164@2.14 FNx367@13.05 RMDx161@28.62 
Purchases: SVBIx1703@2.69 VASCx423@10.83 MGYRx1579@2.90 SPEXx2172@2.11 MSBFx916@5.00 

2011-10-27
Cash: 10.81
Held: MSBFx916@4.90 MGYRx1579@2.90 SPEXx2172@2.01 VASCx423@10.81 SVBIx1703@2.90 
Value: 22955.75
Sales: MSBFx916@4.90 VASCx423@10.81 SVBIx1703@2.90 MGYRx1579@2.90 SPEXx2172@2.01 
Purchases: MDRx422@10.86 SPOKx347@13.23 AVPx243@18.88 QSIIx117@38.94 ORRFx506@9.06 

2011-10-30
Cash: 55.54
Held: AVPx243@18.28 SPOKx347@13.05 MDRx422@10.98 QSIIx117@38.91 ORRFx506@9.16 
Value: 22842.36
Sales: MDRx422@10.98 SPOKx347@13.05 AVPx243@18.28 QSIIx117@38.91 ORRFx506@9.16 
Purchases: AVIDx736@6.20 NUVAx308@14.82 WHRx89@50.81 HMNYx5313@0.86 CPRXx4392@1.04 

2011-10-31
Cash: 56.46
Held: CPRXx4392@1.00 WHRx89@49.88 NUVAx308@14.03 HMNYx5313@0.87 AVIDx736@6.08 
Value: 22305.39
Sales: AVIDx736@6.08 NUVAx308@14.03 HMNYx5313@0.87 WHRx89@49.88 CPRXx4392@1.00 
Purchases: XBKSx1064@4.19 IARTx148@30.00 BMAx223@19.95 CVBx516@8.64 GGALx555@8.03 

2011-11-01
Cash: 40.28
Held: CVBx516@10.56 GGALx555@7.99 IARTx148@28.30 BMAx223@20.98 XBKSx1064@4.38 
Value: 23450.64
Sales: XBKSx1064@4.38 IARTx148@28.30 BMAx223@20.98 CVBx516@10.56 GGALx555@7.99 
Purchases: EXELx1075@4.36 AIIIx3845@1.22 GRBKx10909@0.43 AMEDx469@10.00 SIFYx984@4.76 

2011-11-02
Cash: 8.80
Held: GRBKx10909@0.52 SIFYx984@4.91 AMEDx469@9.59 EXELx1075@4.53 AIIIx3845@1.34 
Value: 25035.55
Sales: EXELx1075@4.53 AIIIx3845@1.34 GRBKx10909@0.52 AMEDx469@9.59 SIFYx984@4.91 
Purchases: HPJx3823@1.31 EVKx3575@1.40 ACFCx4105@1.22 CECOx679@7.37 INSGx1472@3.40 

2011-11-03
Cash: 5.34
Held: EVKx3575@1.30 HPJx3823@1.21 CECOx679@7.98 INSGx1472@3.53 ACFCx4105@1.25 
Value: 25022.94
Sales: HPJx3823@1.21 EVKx3575@1.30 ACFCx4105@1.25 CECOx679@7.98 INSGx1472@3.53 
Purchases: MTEXx7700@0.65 ANFx85@58.22 DXCMx656@7.63 UWNx3249@1.54 EVLVx2440@2.05 

2011-11-06
Cash: 58.04
Held: UWNx3249@1.52 DXCMx656@7.41 EVLVx2440@2.04 MTEXx7700@0.65 ANFx85@58.31 
Value: 24792.18
Sales: MTEXx7700@0.65 ANFx85@58.31 DXCMx656@7.41 UWNx3249@1.52 EVLVx2440@2.04 
Purchases: RSTx704@7.04 MTZx296@16.75 RNWKx629@7.87 RNNx7995@0.62 MSBFx1166@4.25 

2011-11-07
Cash: 14.43
Held: MSBFx1166@4.25 RSTx704@7.01 RNWKx629@7.80 RNNx7995@0.62 MTZx296@16.58 
Value: 24677.83
Sales: MSBFx1166@4.25 RSTx704@7.01 RNWKx629@7.80 MTZx296@16.58 RNNx7995@0.62 
Purchases: LTRXx4290@1.15 IMMRx905@5.45 IBCPx3524@1.40 CRNTx592@8.33 MBVXx19742@0.25 

2011-11-08
Cash: 10.39
Held: IBCPx3524@1.30 LTRXx4290@1.18 IMMRx905@5.04 CRNTx592@8.30 MBVXx19742@0.25 
Value: 24059.36
Sales: LTRXx4290@1.18 IMMRx905@5.04 IBCPx3524@1.30 CRNTx592@8.30 MBVXx19742@0.25 
Purchases: ARLx3565@1.35 LXUx149@32.25 PFINx1325@3.63 QNSTx544@8.84 LDLx533@9.02 

2011-11-09
Cash: 11.37
Held: PFINx1325@3.60 LXUx149@33.62 LDLx533@9.11 QNSTx544@8.61 ARLx3565@1.50 
Value: 24677.28
Sales: ARLx3565@1.50 LXUx149@33.62 PFINx1325@3.60 QNSTx544@8.61 LDLx533@9.11 
Purchases: OMEx583@8.45 SBSAx2339@2.11 ILx1028@4.80 NILEx156@31.59 ALSKx1022@4.83 

2011-11-10
Cash: 17.10
Held: ALSKx1022@5.30 ILx1028@5.14 SBSAx2339@3.10 NILEx156@33.41 OMEx583@7.71 
Value: 27675.90
Sales: OMEx583@7.71 SBSAx2339@3.10 ALSKx1022@5.30 NILEx156@33.41 ILx1028@5.14 
Purchases: QUADx438@12.63 DYNx1876@2.95 RVPx4611@1.20 NFECx8022@0.69 VRMLx4258@1.30 

2011-11-13
Cash: 6.62
Held: NFECx8022@0.64 RVPx4611@1.30 QUADx438@12.65 DYNx1876@2.83 VRMLx4258@1.23 
Value: 27223.77
Sales: QUADx438@12.65 DYNx1876@2.83 RVPx4611@1.30 NFECx8022@0.64 VRMLx4258@1.23 
Purchases: MVISx11111@0.49 ROSGx12100@0.45 MSTXx8377@0.65 ALIMx3445@1.58 PSDVx3424@1.59 

2011-11-14
Cash: 3.86
Held: PSDVx3424@1.40 ALIMx3445@1.50 MSTXx8377@0.65 MVISx11111@0.48 ROSGx12100@0.44 
Value: 26066.88
Sales: MVISx11111@0.48 ROSGx12100@0.44 MSTXx8377@0.65 PSDVx3424@1.40 ALIMx3445@1.50 
Purchases: PSDVx3722@1.40 XBKSx1547@3.37 HBPx14477@0.36 HGSHx7445@0.70 ALIMx3475@1.50 

2011-11-15
Cash: 3.84
Held: PSDVx3722@1.34 ALIMx3475@1.36 HBPx14477@0.36 HGSHx7445@0.66 XBKSx1547@3.05 
Value: 24565.65
Sales: XBKSx1547@3.05 HBPx14477@0.36 PSDVx3722@1.34 HGSHx7445@0.66 ALIMx3475@1.36 
Purchases: TATx3666@1.34 MTORx790@6.22 SVBIx1840@2.67 GERNx3032@1.62 PSDVx3666@1.34 

2011-11-16
Cash: 4.25
Held: MTORx790@5.67 PSDVx3666@1.34 GERNx3032@1.58 TATx3666@1.32 SVBIx1840@2.69 
Value: 23976.56
Sales: TATx3666@1.32 GERNx3032@1.58 SVBIx1840@2.69 MTORx790@5.67 PSDVx3666@1.34 
Purchases: AIIIx4318@1.11 ARTXx3605@1.33 UNISx1161@4.13 CHEx95@50.00 CVIx273@17.53 

2011-11-17
Cash: 57.44
Held: ARTXx3605@1.47 CHEx95@49.78 CVIx273@17.95 UNISx1161@4.16 AIIIx4318@1.51 
Value: 26335.33
Sales: AIIIx4318@1.51 ARTXx3605@1.47 UNISx1161@4.16 CHEx95@49.78 CVIx273@17.95 
Purchases: SGOCx2300@2.29 PERYx420@12.54 KEMx592@8.88 ABIOx96@54.59 TXx257@20.45 

2011-11-20
Cash: 48.00
Held: SGOCx2300@2.10 PERYx420@12.67 KEMx592@8.40 ABIOx96@59.62 TXx257@19.45 
Value: 25894.62
Sales: SGOCx2300@2.10 PERYx420@12.67 KEMx592@8.40 TXx257@19.45 ABIOx96@59.62 
Purchases: HOVNPx4014@1.29 ESXBx4751@1.09 CYTKx889@5.82 RELVx4045@1.28 CRMx184@28.00 

2011-11-21
Cash: 33.59
Held: ESXBx4751@1.06 RELVx4045@1.36 HOVNPx4014@1.30 CYTKx889@5.88 CRMx184@27.06 
Value: 25993.50
Sales: HOVNPx4014@1.30 ESXBx4751@1.06 CYTKx889@5.88 RELVx4045@1.36 CRMx184@27.06 
Purchases: SEVx1029@5.05 PXLWx2534@2.05 AXNx13333@0.39 VRMLx3712@1.40 PESx520@9.99 

2011-11-22
Cash: 6.94
Held: PXLWx2534@2.06 SEVx1029@5.05 PESx520@9.26 AXNx13333@0.37 VRMLx3712@1.41 
Value: 25408.95
Sales: SEVx1029@5.05 PESx520@9.26 AXNx13333@0.37 VRMLx3712@1.41 PXLWx2534@2.06 
Purchases: FANHx874@5.81 SFLx486@10.45 FROx1801@2.82 HMNYx4576@1.11 BIO.Bx79@63.88 

2011-11-24
Cash: 45.55
Held: FROx1801@2.76 SFLx486@10.00 HMNYx4576@1.11 FANHx874@5.85 BIO.Bx79@89.88 
Value: 27171.24
Sales: FANHx874@5.85 SFLx486@10.00 FROx1801@2.76 HMNYx4576@1.11 BIO.Bx79@89.88 
Purchases: STVx1530@3.55 AXDXx3052@1.78 ADMPx23629@0.23 XTNTx2504@2.17 SCKTx2677@2.03 

2011-11-27
Cash: 5.03
Held: AXDXx3052@1.66 XTNTx2504@2.20 SCKTx2677@2.03 STVx1530@3.56 ADMPx23629@0.23 
Value: 26892.95
Sales: STVx1530@3.56 AXDXx3052@1.66 ADMPx23629@0.23 XTNTx2504@2.20 SCKTx2677@2.03 
Purchases: CPHIx6724@0.80 SKYx1056@5.09 IFMIx3609@1.49 CNITx3004@1.79 NUROx3404@1.58 

2011-11-28
Cash: 6.07
Held: NUROx3404@1.63 IFMIx3609@1.47 CPHIx6724@0.77 SKYx1056@5.17 CNITx3004@1.78 
Value: 26845.48
Sales: SKYx1056@5.17 IFMIx3609@1.47 CPHIx6724@0.77 CNITx3004@1.78 NUROx3404@1.63 
Purchases: OPHCx9765@0.55 DPKx33@158.62 CLSNx518@10.35 TXx345@15.54 WILCx1179@4.55 

2011-11-29
Cash: 153.56
Held: DPKx33@134.00 WILCx1179@4.53 CLSNx518@10.26 OPHCx9765@0.54 TXx345@16.69 
Value: 26262.12
Sales: OPHCx9765@0.54 DPKx33@134.00 TXx345@16.69 CLSNx518@10.26 WILCx1179@4.53 
Purchases: MMACx29171@0.18 INVTx5151@1.02 NFECx7095@0.74 RCONx12813@0.41 RADAx3089@1.70 

2011-11-30
Cash: 2.10
Held: RADAx3089@1.78 RCONx12813@0.44 NFECx7095@0.64 INVTx5151@1.00 MMACx29171@0.19 
Value: 26371.88
Sales: RCONx12813@0.44 INVTx5151@1.00 NFECx7095@0.64 MMACx29171@0.19 RADAx3089@1.78 
Purchases: SPXUx380@13.84 SOXSx96@54.56 SSGx119@44.31 PBIBx2463@2.14 YANGx329@15.99 

2011-12-01
Cash: 66.28
Held: PBIBx2463@2.26 SPXUx380@13.86 SSGx119@44.72 SOXSx96@54.69 YANGx329@16.30 
Value: 26831.85
Sales: SPXUx380@13.86 SOXSx96@54.69 SSGx119@44.72 PBIBx2463@2.26 YANGx329@16.30 
Purchases: STNGx1012@5.30 AEHRx9097@0.59 HOVNPx4128@1.30 KEQUx650@8.25 HMNYx3462@1.55 

2011-12-04
Cash: 8.13
Held: STNGx1012@5.40 AEHRx9097@0.65 KEQUx650@8.22 HOVNPx4128@1.41 HMNYx3462@1.43 
Value: 27496.40
Sales: STNGx1012@5.40 AEHRx9097@0.65 HOVNPx4128@1.41 HMNYx3462@1.43 KEQUx650@8.22 
Purchases: FBMSx728@7.55 CSIQx1978@2.78 SKLNx25000@0.22 ISLEx1315@4.18 FUNCx1791@3.07 

2011-12-05
Cash: 7.50
Held: FBMSx728@7.65 SKLNx25000@0.25 FUNCx1791@3.16 ISLEx1315@4.39 CSIQx1978@2.74 
Value: 28679.26
Sales: FBMSx728@7.65 CSIQx1978@2.74 SKLNx25000@0.25 ISLEx1315@4.39 FUNCx1791@3.16 
Purchases: HHx9558@0.60 PRPHx4818@1.19 GTTx4862@1.18 RELVx4518@1.27 TCFCx352@16.25 

2011-12-06
Cash: 16.65
Held: PRPHx4818@1.23 TCFCx352@16.25 RELVx4518@1.27 HHx9558@0.60 GTTx4862@1.18 
Value: 28872.16
Sales: HHx9558@0.60 GTTx4862@1.18 TCFCx352@16.25 PRPHx4818@1.23 RELVx4518@1.27 
Purchases: PFSWx1931@2.99 GTYx442@13.06 ACFCx2873@2.01 MTLx565@10.22 PLXx1087@5.31 

2011-12-07
Cash: 6.30
Held: PFSWx1931@2.78 ACFCx2873@2.20 GTYx442@12.82 PLXx1087@5.35 MTLx565@9.71 
Value: 28661.89
Sales: PFSWx1931@2.78 GTYx442@12.82 ACFCx2873@2.20 MTLx565@9.71 PLXx1087@5.35 
Purchases: NNVCx8683@0.66 ZIONWx2123@2.70 OGENx4093@1.40 OCCx1736@3.30 CWBCx3698@1.55 

2011-12-08
Cash: 6.18
Held: ZIONWx2123@3.00 CWBCx3698@1.55 OCCx1736@3.31 OGENx4093@1.60 NNVCx8683@0.61 
Value: 29696.11
Sales: NNVCx8683@0.61 ZIONWx2123@3.00 OGENx4093@1.60 OCCx1736@3.31 CWBCx3698@1.55 
Purchases: YUMAx1484@4.00 DCTHx2548@2.33 IIIx5710@1.04 CYCCx101@58.47 ATECx3688@1.61 

2011-12-11
Cash: 40.13
Held: ATECx3688@1.59 IIIx5710@1.08 DCTHx2548@2.26 YUMAx1484@4.00 CYCCx101@57.12 
Value: 29534.22
Sales: YUMAx1484@4.00 DCTHx2548@2.26 IIIx5710@1.08 CYCCx101@57.12 ATECx3688@1.59 
Purchases: LOANx6284@0.94 PLPMx2272@2.60 CFBKx1763@3.35 CTICx10@580.00 GEOSx73@80.12 

2011-12-12
Cash: 166.83
Held: PLPMx2272@2.64 CTICx10@550.00 GEOSx73@77.38 LOANx6284@1.00 CFBKx1763@3.55 
Value: 29858.74
Sales: LOANx6284@1.00 GEOSx73@77.38 CFBKx1763@3.55 PLPMx2272@2.64 CTICx10@550.00 
Purchases: INDLx341@17.48 OBASx5636@1.06 PNTRx1663@3.59 DHTx8655@0.69 NTPx1164@5.13 

2011-12-13
Cash: 13.43
Held: DHTx8655@0.66 OBASx5636@1.01 NTPx1164@5.09 PNTRx1663@3.59 INDLx341@15.99 
Value: 28765.94
Sales: NTPx1164@5.09 DHTx8655@0.66 PNTRx1663@3.59 OBASx5636@1.01 INDLx341@15.99 
Purchases: TRQx361@15.91 HOVx4229@1.36 IDTx598@9.61 BBYx246@23.34 LRNx272@21.09 

2011-12-14
Cash: 44.39
Held: BBYx246@23.36 HOVx4229@1.35 TRQx361@16.16 LRNx272@20.73 IDTx598@9.60 
Value: 28712.18
Sales: HOVx4229@1.35 TRQx361@16.16 IDTx598@9.60 BBYx246@23.36 LRNx272@20.73 
Purchases: SRPTx10444@0.55 RCONx14008@0.41 FSLRx182@31.45 SPWRx1085@5.29 SYNx4908@1.17 

2011-12-15
Cash: 22.90
Held: RCONx14008@0.42 SPWRx1085@5.13 SRPTx10444@0.56 FSLRx182@31.91 SYNx4908@1.29 
Value: 29457.73
Sales: RCONx14008@0.42 SRPTx10444@0.56 FSLRx182@31.91 SPWRx1085@5.13 SYNx4908@1.29 
Purchases: MAGSx1669@3.53 AXDXx4365@1.35 WGBSx58929@0.10 INVTx4120@1.43 ANIPx13093@0.45 

2011-12-18
Cash: 3.30
Held: AXDXx4365@1.20 ANIPx13093@0.38 INVTx4120@1.25 MAGSx1669@3.60 WGBSx58929@0.13 
Value: 29034.77
Sales: MAGSx1669@3.60 WGBSx58929@0.13 AXDXx4365@1.20 INVTx4120@1.25 ANIPx13093@0.38 
Purchases: ROSTx125@46.25 MBOTx7446@0.78 NYNYx4467@1.30 GIGAx4061@1.43 HMNYx2847@2.04 

2011-12-19
Cash: 29.84
Held: MBOTx7446@0.76 GIGAx4061@1.49 HMNYx2847@1.75 NYNYx4467@1.49 ROSTx125@47.88 
Value: 29362.39
Sales: MBOTx7446@0.76 NYNYx4467@1.49 ROSTx125@47.88 GIGAx4061@1.49 HMNYx2847@1.75 
Purchases: CVVx508@11.55 MEETx1906@3.08 GFAx1256@4.67 JAKKx427@13.75 MBVXx29369@0.20 

2011-12-20
Cash: 14.46
Held: MEETx1906@2.98 CVVx508@11.68 JAKKx427@13.74 GFAx1256@4.64 MBVXx29369@0.20 
Value: 29197.42
Sales: CVVx508@11.68 MEETx1906@2.98 GFAx1256@4.64 JAKKx427@13.74 MBVXx29369@0.20 
Purchases: EDZx58@99.81 TZAx218@26.70 SRTYx440@13.26 KONEx12695@0.46 RTNBx11455@0.51 

2011-12-21
Cash: 75.01
Held: EDZx58@95.88 KONEx12695@0.47 SRTYx440@12.99 RTNBx11455@0.51 TZAx218@26.08 
Value: 28843.00
Sales: EDZx58@95.88 TZAx218@26.08 SRTYx440@12.99 KONEx12695@0.47 RTNBx11455@0.51 
Purchases: IMMYx64076@0.09 ORCLx224@25.69 ICNx285@20.20 RILYx48073@0.12 MGYRx2383@2.42 

2011-12-22
Cash: 27.35
Held: MGYRx2383@2.35 RILYx48073@0.12 IMMYx64076@0.10 ICNx285@20.28 ORCLx224@26.06 
Value: 29419.18
Sales: IMMYx64076@0.10 ORCLx224@26.06 MGYRx2383@2.35 RILYx48073@0.12 ICNx285@20.28 
Purchases: MLHRx319@18.44 LIVEx1470@4.00 GRRx480@12.25 ALSKx1788@3.29 ABIOx138@42.41 

2011-12-26
Cash: 44.71
Held: GRRx480@12.34 LIVEx1470@4.15 ALSKx1788@3.14 MLHRx319@18.48 ABIOx138@42.00 
Value: 29375.87
Sales: ABIOx138@42.00 LIVEx1470@4.15 GRRx480@12.34 ALSKx1788@3.14 MLHRx319@18.48 
Purchases: BRFx161@36.31 BIOPx5021@1.17 CAMPx1408@4.17 NLRx399@14.72 SNOAx5390@1.09 

2011-12-27
Cash: 34.34
Held: NLRx399@14.62 CAMPx1408@4.33 BRFx161@35.78 SNOAx5390@1.05 BIOPx5021@1.07 
Value: 28753.87
Sales: BRFx161@35.78 BIOPx5021@1.07 NLRx399@14.62 CAMPx1408@4.33 SNOAx5390@1.05 
Purchases: SHIPx2790@2.06 CPSSx6609@0.87 IESCx2948@1.95 PERFx481@11.94 SHLDx172@33.34 

2011-12-28
Cash: 28.10
Held: SHIPx2790@2.20 PERFx481@10.82 IESCx2948@1.85 SHLDx172@32.91 CPSSx6609@0.94 
Value: 28693.08
Sales: SHIPx2790@2.20 CPSSx6609@0.94 IESCx2948@1.85 PERFx481@10.82 SHLDx172@32.91 
Purchases: SRSCx573@10.00 KONEx16873@0.34 OGENx5683@1.01 ZAGGx863@6.65 FRBKx4188@1.37 

2011-12-29
Cash: 10.63
Held: ZAGGx863@7.07 SRSCx573@10.06 KONEx16873@0.31 FRBKx4188@1.45 OGENx5683@1.01 
Value: 28921.66
Sales: SRSCx573@10.06 OGENx5683@1.01 FRBKx4188@1.45 ZAGGx863@7.07 KONEx16873@0.31 
Purchases: CYANx832@6.95 CFBKx1866@3.10 CASIx6087@0.95 PERFx556@10.40 SCKTx3093@1.87 

2012-01-02
Cash: 6.39
Held: PERFx556@10.60 SCKTx3093@2.07 CASIx6087@1.15 CYANx832@6.88 CFBKx1866@3.23 
Value: 31058.07
Sales: CYANx832@6.88 CFBKx1866@3.23 CASIx6087@1.15 PERFx556@10.60 SCKTx3093@2.07 
Purchases: ACYx1014@6.12 CYANx902@6.88 LOANx6272@0.99 GRBKx9272@0.67 MHOx647@9.59 

2012-01-03
Cash: 17.09
Held: GRBKx9272@0.64 LOANx6272@0.94 MHOx647@9.62 ACYx1014@6.64 CYANx902@6.89 
Value: 31019.00
Sales: ACYx1014@6.64 MHOx647@9.62 GRBKx9272@0.64 LOANx6272@0.94 CYANx902@6.89 
Purchases: OLEDx191@32.47 RNVAx2162@2.87 SCOx175@35.38 BZQx179@34.53 NEPTx2553@2.43 

2012-01-04
Cash: 39.68
Held: NEPTx2553@2.40 SCOx175@36.38 OLEDx191@34.72 RNVAx2162@3.00 BZQx179@35.47 
Value: 31999.69
Sales: SCOx175@36.38 RNVAx2162@3.00 OLEDx191@34.72 BZQx179@35.47 NEPTx2553@2.40 
Purchases: MLSSx12799@0.50 LIVEx2414@2.65 RPRXx1512@4.23 EVOLx1113@5.75 KNDIx2051@3.12 

2012-01-05
Cash: 8.57
Held: RPRXx1512@4.61 LIVEx2414@2.84 MLSSx12799@0.54 KNDIx2051@3.19 EVOLx1113@5.67 
Value: 33599.65
Sales: MLSSx12799@0.54 LIVEx2414@2.84 RPRXx1512@4.61 KNDIx2051@3.19 EVOLx1113@5.67 
Purchases: DESTx448@14.98 BGIx8401@0.80 ARLx3774@1.78 AEOx501@13.40 BKSx600@11.19 

2012-01-08
Cash: 27.13
Held: AEOx501@13.21 DESTx448@14.97 BKSx600@11.65 BGIx8401@1.16 ARLx3774@1.70 
Value: 36503.88
Sales: DESTx448@14.97 BGIx8401@1.16 ARLx3774@1.70 AEOx501@13.21 BKSx600@11.65 
Purchases: MSBFx1608@4.54 PSMTx122@59.66 MDGLx1677@4.35 IARTx305@23.91 UCBIx1135@6.43 

2012-01-09
Cash: 40.33
Held: MSBFx1608@4.54 IARTx305@23.22 PSMTx122@59.09 MDGLx1677@4.29 UCBIx1135@6.60 
Value: 36315.83
Sales: MSBFx1608@4.54 PSMTx122@59.09 MDGLx1677@4.29 IARTx305@23.22 UCBIx1135@6.60 
Purchases: XBKSx2504@2.90 AWXx2710@2.68 RFILx2234@3.25 PNTRx2075@3.50 TCIx2893@2.51 

2012-01-10
Cash: 7.55
Held: AWXx2710@2.91 RFILx2234@3.58 TCIx2893@2.56 PNTRx2075@3.85 XBKSx2504@2.87 
Value: 38471.90
Sales: XBKSx2504@2.87 RFILx2234@3.58 PNTRx2075@3.85 TCIx2893@2.56 AWXx2710@2.91 
Purchases: IMNPx27477@0.28 HGGx701@10.96 SSYx5919@1.30 KONEx17896@0.43 IBIOx10127@0.76 

2012-01-11
Cash: 12.17
Held: SSYx5919@1.29 IMNPx27477@0.30 KONEx17896@0.42 IBIOx10127@0.76 HGGx701@10.93 
Value: 38763.13
Sales: IMNPx27477@0.30 HGGx701@10.93 SSYx5919@1.29 KONEx17896@0.42 IBIOx10127@0.76 
Purchases: SVBIx3229@2.40 COGx461@16.80 SVUx1060@7.31 SUMRx1460@5.31 HRCx257@30.12 

2012-01-12
Cash: 29.13
Held: HRCx257@30.09 COGx461@16.78 SVUx1060@7.04 SUMRx1460@5.08 SVBIx3229@2.60 
Value: 38768.98
Sales: SVBIx3229@2.60 SVUx1060@7.04 COGx461@16.78 HRCx257@30.09 SUMRx1460@5.08 
Purchases: LPTHx7678@1.01 AEx227@34.12 WSMx229@33.84 BGFVx995@7.79 REXXx698@11.10 

2012-01-16
Cash: 20.40
Held: WSMx229@33.19 LPTHx7678@0.99 REXXx698@11.19 AEx227@36.34 BGFVx995@7.88 
Value: 39121.78
Sales: LPTHx7678@0.99 AEx227@36.34 WSMx229@33.19 BGFVx995@7.88 REXXx698@11.19 
Purchases: BDSIx3779@2.07 LIVEx2661@2.94 CBLIx122@63.81 GAIAx2407@3.25 DXTRx4713@1.66 

2012-01-17
Cash: 43.99
Held: CBLIx122@64.19 LIVEx2661@3.00 GAIAx2407@3.23 DXTRx4713@1.62 BDSIx3779@2.12 
Value: 39277.45
Sales: BDSIx3779@2.12 CBLIx122@64.19 LIVEx2661@3.00 DXTRx4713@1.62 GAIAx2407@3.23 
Purchases: PFSWx3067@2.56 ACHNx721@10.88 RRDx664@11.83 IBIOx10761@0.73 QRHCx31421@0.25 

2012-01-18
Cash: 13.30
Held: QRHCx31421@0.25 PFSWx3067@2.55 ACHNx721@10.62 IBIOx10761@0.72 RRDx664@11.94 
Value: 39023.52
Sales: PFSWx3067@2.55 ACHNx721@10.62 RRDx664@11.94 IBIOx10761@0.72 QRHCx31421@0.25 
Purchases: SOXSx204@38.19 SSGx208@37.38 BCLIx2086@3.74 BZQx266@29.23 ASURx1704@4.58 

2012-01-19
Cash: 79.67
Held: ASURx1704@4.49 BCLIx2086@3.60 BZQx266@29.06 SSGx208@36.41 SOXSx204@37.62 
Value: 38215.11
Sales: ASURx1704@4.49 SSGx208@36.41 BCLIx2086@3.60 BZQx266@29.06 SOXSx204@37.62 
Purchases: JASOx4343@1.76 TSLx943@8.10 SEEDx2918@2.62 YGEx1740@4.39 LXRXx5578@1.37 

2012-01-22
Cash: 7.82
Held: LXRXx5578@1.32 YGEx1740@4.20 TSLx943@7.91 JASOx4343@1.71 SEEDx2918@2.51 
Value: 36888.30
Sales: JASOx4343@1.71 YGEx1740@4.20 SEEDx2918@2.51 TSLx943@7.91 LXRXx5578@1.32 
Purchases: ZSLx653@11.28 NETEx36897@0.20 WGBSx67078@0.11 THSx131@56.28 NCITx958@7.70 

2012-01-23
Cash: 17.75
Held: WGBSx67078@0.12 ZSLx653@11.50 THSx131@56.62 NETEx36897@0.17 NCITx958@7.49 
Value: 36442.04
Sales: ZSLx653@11.50 NETEx36897@0.17 WGBSx67078@0.12 THSx131@56.62 NCITx958@7.49 
Purchases: CBPOx801@9.09 PAASx333@21.84 NETEx42861@0.17 MTZx460@15.84 IBIOx9846@0.74 

2012-01-24
Cash: 19.26
Held: CBPOx801@10.25 PAASx333@22.38 IBIOx9846@0.75 MTZx460@16.38 NETEx42861@0.20 
Value: 39167.49
Sales: CBPOx801@10.25 PAASx333@22.38 NETEx42861@0.20 MTZx460@16.38 IBIOx9846@0.75 
Purchases: FPAYx52214@0.15 TCBx746@10.50 NVGNx3561@2.20 GIGAx5256@1.49 UWNx5401@1.45 

2012-01-25
Cash: 4.52
Held: UWNx5401@1.52 NVGNx3561@2.60 GIGAx5256@1.34 FPAYx52214@0.20 TCBx746@10.46 
Value: 42755.04
Sales: FPAYx52214@0.20 TCBx746@10.46 NVGNx3561@2.60 GIGAx5256@1.34 UWNx5401@1.52 
Purchases: GLWx674@12.67 ZSLx817@10.46 BVSNx388@22.03 SUNWx106864@0.08 MARKx1464@5.84 

2012-01-26
Cash: 19.01
Held: BVSNx388@21.22 GLWx674@12.62 SUNWx106864@0.07 ZSLx817@10.13 MARKx1464@5.88 
Value: 41122.36
Sales: ZSLx817@10.13 BVSNx388@21.22 SUNWx106864@0.07 MARKx1464@5.88 GLWx674@12.62 
Purchases: CRRx80@102.06 FTKx731@11.25 CLFDx1394@5.90 CVMx24183@0.34 EFSCx665@12.35 

2012-01-29
Cash: 73.05
Held: CVMx24183@0.34 CLFDx1394@5.95 EFSCx665@12.34 FTKx731@11.35 CRRx80@98.00 
Value: 40937.20
Sales: CRRx80@98.00 CLFDx1394@5.95 CVMx24183@0.34 FTKx731@11.35 EFSCx665@12.34 
Purchases: EDAPx3300@2.48 PATKx1544@5.30 GDOTx287@28.47 VTNRx3670@2.23 ARCBx447@18.28 

2012-01-30
Cash: 39.17
Held: ARCBx447@18.12 VTNRx3670@2.30 PATKx1544@5.72 EDAPx3300@2.50 GDOTx287@28.38 
Value: 41808.29
Sales: GDOTx287@28.38 VTNRx3670@2.30 EDAPx3300@2.50 PATKx1544@5.72 ARCBx447@18.12 
Purchases: ASTCx11941@0.70 PBIBx3781@2.21 GSMx611@13.68 ROSGx22011@0.38 PMCx666@12.55 

2012-01-31
Cash: 11.60
Held: ASTCx11941@0.74 PBIBx3781@2.15 GSMx611@13.97 ROSGx22011@0.38 PMCx666@12.49 
Value: 42197.66
Sales: PBIBx3781@2.15 ASTCx11941@0.74 GSMx611@13.97 ROSGx22011@0.38 PMCx666@12.49 
Purchases: MNKDx3149@2.68 KONAx1509@5.59 PCHx277@30.42 PBIBx3924@2.15 OFGx740@11.40 

2012-02-01
Cash: 24.42
Held: MNKDx3149@2.47 KONAx1509@5.41 PCHx277@30.48 PBIBx3924@2.10 OFGx740@11.46 
Value: 41132.72
Sales: MNKDx3149@2.47 KONAx1509@5.41 PCHx277@30.48 PBIBx3924@2.10 OFGx740@11.46 
Purchases: SAUCx2742@3.00 INSYx632@13.00 UISx462@17.78 TOPSx5672@1.45 CKXx810@10.15 

2012-02-02
Cash: 30.04
Held: TOPSx5672@1.36 CKXx810@11.39 UISx462@18.33 INSYx632@14.50 SAUCx2742@3.00 
Value: 42829.96
Sales: SAUCx2742@3.00 INSYx632@14.50 UISx462@18.33 TOPSx5672@1.36 CKXx810@11.39 
Purchases: SHORx1586@5.40 ESXBx6440@1.33 RCONx21420@0.40 SPEXx8401@1.02 IBIOx10985@0.78 

2012-02-05
Cash: 5.40
Held: RCONx21420@0.43 ESXBx6440@1.29 SHORx1586@5.57 SPEXx8401@1.05 IBIOx10985@0.77 
Value: 43634.98
Sales: SHORx1586@5.57 RCONx21420@0.43 ESXBx6440@1.29 SPEXx8401@1.05 IBIOx10985@0.77 
Purchases: TJXx254@34.31 NVGNx3761@2.32 BRSx185@47.00 CNXNx885@9.86 NOAx1575@5.54 

2012-02-06
Cash: 48.34
Held: NOAx1575@5.52 TJXx254@34.59 BRSx185@46.72 NVGNx3761@2.80 CNXNx885@9.74 
Value: 45326.95
Sales: TJXx254@34.59 NVGNx3761@2.80 BRSx185@46.72 NOAx1575@5.52 CNXNx885@9.74 
Purchases: SNGXx12946@0.70 WINAx138@65.38 HALLx1276@7.10 SMIx3461@2.62 SOHUx175@51.59 

2012-02-07
Cash: 85.13
Held: HALLx1276@7.16 WINAx138@61.25 SOHUx175@51.84 SMIx3461@2.74 SNGXx12946@0.63 
Value: 44385.06
Sales: SNGXx12946@0.63 WINAx138@61.25 HALLx1276@7.16 SMIx3461@2.74 SOHUx175@51.84 
Purchases: GHDXx338@26.19 PFBXx913@9.72 NSUx2104@4.22 ANIPx10569@0.84 PDEXx4036@2.20 

2012-02-08
Cash: 31.86
Held: GHDXx338@26.59 ANIPx10569@0.90 PFBXx913@9.80 PDEXx4036@2.25 NSUx2104@4.11 
Value: 45203.29
Sales: NSUx2104@4.11 PFBXx913@9.80 GHDXx338@26.59 ANIPx10569@0.90 PDEXx4036@2.25 
Purchases: GIGMx7663@1.18 DLx2798@3.23 CDXSx1808@5.00 POWLx264@34.19 NUROx9933@0.91 

2012-02-09
Cash: 18.41
Held: NUROx9933@0.92 DLx2798@3.27 POWLx264@33.69 GIGMx7663@1.23 CDXSx1808@4.89 
Value: 45468.97
Sales: GIGMx7663@1.23 DLx2798@3.27 POWLx264@33.69 NUROx9933@0.92 CDXSx1808@4.89 
Purchases: AGYSx1272@7.15 INTLx403@22.52 APRIx249@36.50 MCZx15958@0.57 OSIRx1886@4.82 

2012-02-12
Cash: 29.50
Held: INTLx403@23.02 AGYSx1272@7.32 OSIRx1886@4.79 APRIx249@35.81 MCZx15958@0.55 
Value: 45339.50
Sales: AGYSx1272@7.32 INTLx403@23.02 APRIx249@35.81 MCZx15958@0.55 OSIRx1886@4.79 
Purchases: ELONx164@55.00 YGEx1714@5.29 ABx644@14.08 ASYSx1011@8.96 HBPx11628@0.78 

2012-02-13
Cash: 60.89
Held: ELONx164@55.00 ASYSx1011@9.00 YGEx1714@4.75 HBPx11628@0.81 ABx644@13.76 
Value: 44600.78
Sales: ELONx164@55.00 YGEx1714@4.75 ABx644@13.76 ASYSx1011@9.00 HBPx11628@0.81 
Purchases: NTPx1575@5.66 RCONx13114@0.68 RAILx440@20.25 AMSCx189@47.19 CRD.Ax2360@3.78 

2012-02-14
Cash: 18.63
Held: RCONx13114@0.65 AMSCx189@46.09 CRD.Ax2360@3.73 RAILx440@20.67 NTPx1575@5.68 
Value: 44098.21
Sales: RAILx440@20.67 RCONx13114@0.65 AMSCx189@46.09 NTPx1575@5.68 CRD.Ax2360@3.73 
Purchases: CLNTx2790@3.16 PPHx239@36.84 RTHx223@39.44 SRTx4280@2.06 OIHx207@42.59 

2012-02-15
Cash: 45.10
Held: SRTx4280@2.03 RTHx223@39.62 PPHx239@37.09 CLNTx2790@3.10 OIHx207@43.25 
Value: 44032.94
Sales: CLNTx2790@3.10 PPHx239@37.09 RTHx223@39.62 SRTx4280@2.03 OIHx207@43.25 
Purchases: SBLKx8806@1.00 SINOx2877@3.06 TGTXx29350@0.30 APDNx2446@3.60 UCBAx1601@5.50 

2012-02-16
Cash: 5.17
Held: APDNx2446@3.48 SINOx2877@3.15 SBLKx8806@0.97 TGTXx29350@0.43 UCBAx1601@5.74 
Value: 47931.26
Sales: SBLKx8806@0.97 SINOx2877@3.15 TGTXx29350@0.43 APDNx2446@3.48 UCBAx1601@5.74 
Purchases: PTNx18094@0.53 ROSGx28187@0.34 FBPx2543@3.77 HDNGx966@9.92 ANIPx12133@0.79 

2012-02-20
Cash: 3.28
Held: ANIPx12133@0.71 PTNx18094@0.54 HDNGx966@10.52 FBPx2543@3.94 ROSGx28187@0.35 
Value: 48440.57
Sales: PTNx18094@0.54 ROSGx28187@0.35 FBPx2543@3.94 HDNGx966@10.52 ANIPx12133@0.71 
Purchases: GILDx216@44.69 ISRx19005@0.51 RPx471@20.53 PLBCx4464@2.17 EMKRx1866@5.19 

