2011-06-14
Cash: 10000.00
Held: 
Value: 10000.00
Sales: 
Purchases: WKHSx2817@0.71 AXDXx365@5.47 SEVx347@5.76 VRMLx501@3.99 COOLx14@139.88 

2011-06-15
Cash: 47.27
Held: AXDXx365@4.62 SEVx347@5.87 COOLx14@131.00 VRMLx501@3.66 WKHSx2817@0.70 
Value: 9411.43
Sales: SEVx347@5.87 AXDXx365@4.62 VRMLx501@3.66 WKHSx2817@0.70 COOLx14@131.00 
Purchases: CPSTx71@26.41 SPWRx111@16.88 RCONx790@2.38 OPHCx2688@0.70 OIx75@25.06 

2011-06-16
Cash: 20.77
Held: RCONx790@2.10 SPWRx111@16.72 OPHCx2688@0.65 OIx75@25.58 CPSTx71@26.59 
Value: 9088.70
Sales: CPSTx71@26.59 OPHCx2688@0.65 RCONx790@2.10 SPWRx111@16.72 OIx75@25.58 
Purchases: OPHCx2796@0.65 WGOx212@8.55 LIVEx533@3.41 HBPx3635@0.50 MCZx1431@1.27 

2011-06-19
Cash: 7.82
Held: LIVEx533@3.25 HBPx3635@0.65 WGOx212@8.59 OPHCx2796@0.68 MCZx1431@1.39 
Value: 9814.70
Sales: WGOx212@8.59 OPHCx2796@0.68 LIVEx533@3.25 HBPx3635@0.65 MCZx1431@1.39 
Purchases: CALIx284@6.90 CBLIx28@68.62 BBRYx75@25.89 NFECx1032@1.90 INSx1510@1.30 

2011-06-20
Cash: 68.34
Held: CBLIx28@65.19 CALIx284@7.55 NFECx1032@1.71 INSx1510@1.30 BBRYx75@28.55 
Value: 9906.41
Sales: CALIx284@7.55 CBLIx28@65.19 BBRYx75@28.55 NFECx1032@1.71 INSx1510@1.30 
Purchases: PMBCx596@3.32 HPJx1478@1.34 DLx900@2.20 RVPx1395@1.42 CDXSx211@9.37 

2011-06-21
Cash: 10.65
Held: DLx900@2.26 RVPx1395@1.42 HPJx1478@1.31 PMBCx596@3.39 CDXSx211@9.44 
Value: 9972.90
Sales: PMBCx596@3.39 HPJx1478@1.31 DLx900@2.26 RVPx1395@1.42 CDXSx211@9.44 
Purchases: NYNYx2168@0.92 MNGAx8311@0.24 CFBKx524@3.80 ARLx515@3.87 HSTMx178@11.20 

2011-06-22
Cash: 5.58
Held: MNGAx8311@0.24 NYNYx2168@0.85 HSTMx178@11.38 ARLx515@3.29 CFBKx524@4.18 
Value: 9753.31
Sales: NYNYx2168@0.85 MNGAx8311@0.24 CFBKx524@4.18 ARLx515@3.29 HSTMx178@11.38 
Purchases: BSFx360@5.41 LZBx203@9.60 SUNWx9290@0.21 FUNCx426@4.58 LTRXx789@2.47 

2011-06-23
Cash: 6.33
Held: BSFx360@5.18 SUNWx9290@0.20 FUNCx426@4.84 LTRXx789@3.20 LZBx203@9.37 
Value: 10216.06
Sales: BSFx360@5.18 LZBx203@9.37 SUNWx9290@0.20 FUNCx426@4.84 LTRXx789@3.20 
Purchases: GIGx908@2.25 VTNRx729@2.80 ARLx642@3.18 ARKRx137@14.90 ASMx941@2.17 

2011-06-26
Cash: 6.95
Held: VTNRx729@2.50 ARKRx137@14.63 GIGx908@2.05 ASMx941@2.20 ARLx642@3.16 
Value: 9794.54
Sales: GIGx908@2.05 VTNRx729@2.50 ARLx642@3.16 ASMx941@2.20 ARKRx137@14.63 
Purchases: FUSBx408@4.80 RCONx780@2.51 DRRXx1009@1.94 ICCCx275@7.10 PTIEx498@3.93 

2011-06-27
Cash: 10.40
Held: RCONx780@2.44 DRRXx1009@2.04 PTIEx498@4.01 ICCCx275@7.34 FUSBx408@5.10 
Value: 10068.32
Sales: FUSBx408@5.10 RCONx780@2.44 DRRXx1009@2.04 ICCCx275@7.34 PTIEx498@4.01 
Purchases: XBKSx189@10.63 CDTIx99@20.20 BXCx83@24.00 ROSGx7457@0.27 IGCx6711@0.30 

2011-06-28
Cash: 39.44
Held: IGCx6711@0.36 CDTIx99@24.80 BXCx83@23.80 XBKSx189@10.50 ROSGx7457@0.27 
Value: 10884.19
Sales: XBKSx189@10.50 CDTIx99@24.80 BXCx83@23.80 ROSGx7457@0.27 IGCx6711@0.36 
Purchases: PBIBx442@4.92 SINOx1395@1.56 SIXx57@37.66 CASIx846@2.57 SRTx627@3.47 

2011-06-29
Cash: 36.10
Held: SRTx627@3.45 PBIBx442@4.98 CASIx846@2.26 SIXx57@37.44 SINOx1395@1.45 
Value: 10468.85
Sales: SIXx57@37.44 SINOx1395@1.45 PBIBx442@4.98 CASIx846@2.26 SRTx627@3.45 
Purchases: SGOCx494@4.24 KBHx214@9.78 CLNTx227@9.20 ARLx802@2.61 PDEXx1006@2.08 

2011-06-30
Cash: 7.56
Held: SGOCx494@3.75 PDEXx1006@1.86 KBHx214@10.17 CLNTx227@9.40 ARLx802@2.57 
Value: 10103.19
Sales: SGOCx494@3.75 KBHx214@10.17 CLNTx227@9.40 ARLx802@2.57 PDEXx1006@1.86 
Purchases: SINOx1432@1.41 CJJDx1063@1.90 CORTx516@3.91 EVBSx612@3.30 ITUSx5771@0.35 

2011-07-04
Cash: 5.60
Held: ITUSx5771@0.36 CORTx516@3.99 CJJDx1063@1.90 SINOx1432@1.41 EVBSx612@3.40 
Value: 10263.24
Sales: CORTx516@3.99 CJJDx1063@1.90 EVBSx612@3.40 SINOx1432@1.41 ITUSx5771@0.36 
Purchases: AMXx76@26.98 AXNx1710@1.20 AMOVx76@26.81 MMSx49@41.66 MBVXx3479@0.59 

2011-07-05
Cash: 29.12
Held: MMSx49@41.94 AXNx1710@1.05 AMXx76@26.70 AMOVx76@26.66 MBVXx3479@0.61 
Value: 10056.25
Sales: AMXx76@26.70 AXNx1710@1.05 AMOVx76@26.66 MMSx49@41.94 MBVXx3479@0.61 
Purchases: ZSLx114@17.52 FNCXx321@6.25 ZNx454@4.42 NTCTx119@16.81 AEISx152@13.16 

2011-07-06
Cash: 45.25
Held: ZNx454@4.57 AEISx152@13.22 FNCXx321@6.25 NTCTx119@16.88 ZSLx114@17.11 
Value: 10094.27
Sales: ZSLx114@17.11 FNCXx321@6.25 ZNx454@4.57 NTCTx119@16.88 AEISx152@13.22 
Purchases: SMMFx698@2.89 IPCIx588@3.43 AXNx1980@1.02 NNAx563@3.58 CACBx226@8.93 

2011-07-07
Cash: 7.59
Held: CACBx226@9.03 IPCIx588@3.40 AXNx1980@0.95 NNAx563@3.58 SMMFx698@2.95 
Value: 10003.61
Sales: SMMFx698@2.95 IPCIx588@3.40 AXNx1980@0.95 NNAx563@3.58 CACBx226@9.03 
Purchases: IMMYx28578@0.07 BABYx143@13.91 RWCx1613@1.24 TSRAx124@16.06 INFIx248@8.05 

2011-07-10
Cash: 26.47
Held: RWCx1613@1.24 INFIx248@7.95 BABYx143@13.62 IMMYx28578@0.13 TSRAx124@16.22 
Value: 11672.04
Sales: BABYx143@13.62 IMMYx28578@0.13 RWCx1613@1.24 TSRAx124@16.22 INFIx248@7.95 
Purchases: ALVx33@68.94 NFECx1248@1.87 SYMXx1055@2.21 CNITx476@4.90 XXIAx240@9.70 

2011-07-11
Cash: 70.25
Held: NFECx1248@2.02 SYMXx1055@2.59 XXIAx240@9.90 ALVx33@70.31 CNITx476@4.92 
Value: 12361.66
Sales: ALVx33@70.31 CNITx476@4.92 SYMXx1055@2.59 NFECx1248@2.02 XXIAx240@9.90 
Purchases: UPVx69@35.53 CHNRx260@9.51 SWCx135@18.20 RDNx583@4.24 DLx829@2.98 

2011-07-12
Cash: 38.82
Held: SWCx135@18.19 DLx829@2.97 RDNx583@4.39 CHNRx260@9.95 UPVx69@36.50 
Value: 12622.90
Sales: UPVx69@36.50 CHNRx260@9.95 SWCx135@18.19 RDNx583@4.39 DLx829@2.97 
Purchases: MCHPx77@32.41 TREXx126@20.02 SKLNx5610@0.45 SOXLx62@40.25 CRVPx2316@1.09 

2011-07-13
Cash: 61.84
Held: CRVPx2316@1.10 SOXLx62@38.44 SKLNx5610@0.40 MCHPx77@32.00 TREXx126@20.20 
Value: 12244.71
Sales: MCHPx77@32.00 CRVPx2316@1.10 SKLNx5610@0.40 SOXLx62@38.44 TREXx126@20.20 
Purchases: ZSLx164@14.92 PRTKx517@4.73 OKSx56@43.06 CPSSx2075@1.18 ITGx219@11.16 

2011-07-14
Cash: 49.30
Held: ZSLx164@14.22 OKSx56@44.44 PRTKx517@4.87 ITGx219@11.00 CPSSx2075@1.20 
Value: 12287.43
Sales: ZSLx164@14.22 PRTKx517@4.87 OKSx56@44.44 CPSSx2075@1.20 ITGx219@11.00 
Purchases: CYTXx32@74.69 LBAIx249@9.87 TOPSx819@3.00 BWL.Ax232@10.58 CVCOx59@41.22 

2011-07-17
Cash: 97.47
Held: TOPSx819@2.99 LBAIx249@9.89 BWL.Ax232@10.58 CVCOx59@40.97 CYTXx32@70.81 
Value: 12146.52
Sales: CYTXx32@70.81 LBAIx249@9.89 TOPSx819@2.99 BWL.Ax232@10.58 CVCOx59@40.97 
Purchases: LEEx2611@0.93 PPHMx1342@1.81 TGIx48@49.91 DCTHx485@5.00 INSx1800@1.35 

2011-07-18
Cash: 39.59
Held: INSx1800@1.34 TGIx48@50.88 DCTHx485@5.12 LEEx2611@0.92 PPHMx1342@1.83 
Value: 12234.92
Sales: LEEx2611@0.92 PPHMx1342@1.83 TGIx48@50.88 DCTHx485@5.12 INSx1800@1.34 
Purchases: CFBKx635@3.85 RDNx703@3.48 MTGx546@4.48 SMEDx734@3.33 GSLx573@4.27 

2011-07-19
Cash: 6.60
Held: SMEDx734@3.42 RDNx703@3.61 MTGx546@4.37 GSLx573@4.25 CFBKx635@4.40 
Value: 12669.08
Sales: CFBKx635@4.40 RDNx703@3.61 SMEDx734@3.42 MTGx546@4.37 GSLx573@4.25 
Purchases: CLBSx2413@1.05 BROx116@21.67 SGOCx732@3.46 DSWLx914@2.77 RTECx272@9.30 

2011-07-20
Cash: 28.46
Held: DSWLx914@2.88 SGOCx732@3.60 BROx116@22.02 RTECx272@9.50 CLBSx2413@1.02 
Value: 12894.42
Sales: SGOCx732@3.60 BROx116@22.02 RTECx272@9.50 DSWLx914@2.88 CLBSx2413@1.02 
Purchases: HUSAx150@17.16 AMAGx162@15.90 ANWx456@5.65 FTNTx124@20.70 CTRNx186@13.81 

2011-07-21
Cash: 33.44
Held: HUSAx150@17.38 CTRNx186@13.80 ANWx456@5.53 FTNTx124@21.09 AMAGx162@15.85 
Value: 12911.73
Sales: HUSAx150@17.38 AMAGx162@15.85 ANWx456@5.53 FTNTx124@21.09 CTRNx186@13.80 
Purchases: NTWKx2582@1.00 TEXx106@24.23 ITUSx10760@0.24 VIVOx116@22.12 SIFYx583@4.42 

2011-07-24
Cash: 34.14
Held: ITUSx10760@0.23 TEXx106@24.23 SIFYx583@4.30 NTWKx2582@0.93 VIVOx116@22.06 
Value: 12545.90
Sales: TEXx106@24.23 NTWKx2582@0.93 SIFYx583@4.30 VIVOx116@22.06 ITUSx10760@0.23 
Purchases: RTx265@9.46 AVIDx186@13.47 GENEx395@6.34 CFBKx722@3.47 HOTRx1090@2.30 

2011-07-25
Cash: 15.62
Held: GENEx395@5.90 RTx265@9.37 HOTRx1090@2.30 AVIDx186@13.12 CFBKx722@3.40 
Value: 12230.54
Sales: RTx265@9.37 AVIDx186@13.12 GENEx395@5.90 CFBKx722@3.40 HOTRx1090@2.30 
Purchases: SINOx524@4.66 TGTXx9407@0.26 EVKx1447@1.69 HDBx67@36.25 OTTWx440@5.55 

2011-07-26
Cash: 25.56
Held: EVKx1447@1.93 HDBx67@35.16 SINOx524@5.34 TGTXx9407@0.26 OTTWx440@5.55 
Value: 12859.62
Sales: TGTXx9407@0.26 SINOx524@5.34 EVKx1447@1.93 HDBx67@35.16 OTTWx440@5.55 
Purchases: AKSx207@12.42 VDSIx259@9.90 OKSBx404@6.36 HMNYx1185@2.17 DGSEx304@8.44 

2011-07-27
Cash: 19.05
Held: DGSEx304@8.77 AKSx207@12.13 VDSIx259@9.81 OKSBx404@6.36 HMNYx1185@2.17 
Value: 12879.65
Sales: AKSx207@12.13 HMNYx1185@2.17 OKSBx404@6.36 VDSIx259@9.81 DGSEx304@8.77 
Purchases: SSYSx97@26.47 CVGIx248@10.38 ALRx88@29.05 SOXLx66@38.75 JNPRx108@23.80 

2011-07-28
Cash: 53.56
Held: SOXLx66@37.84 JNPRx108@23.39 CVGIx248@10.60 SSYSx97@25.50 ALRx88@29.48 
Value: 12774.75
Sales: SSYSx97@25.50 CVGIx248@10.60 ALRx88@29.48 JNPRx108@23.39 SOXLx66@37.84 
Purchases: STRAx21@121.62 Sx603@4.23 SPRTx793@3.22 IPGx260@9.81 ICADx3362@0.76 

2011-07-31
Cash: 10.05
Held: IPGx260@9.57 ICADx3362@0.74 Sx603@4.29 SPRTx793@3.26 STRAx21@119.38 
Value: 12665.17
Sales: STRAx21@119.38 Sx603@4.29 ICADx3362@0.74 IPGx260@9.57 SPRTx793@3.26 
Purchases: GOLx329@7.69 RCONx1603@1.58 WSTGx224@11.29 AMCCx421@6.01 TNAVx260@9.71 

2011-08-01
Cash: 17.31
Held: AMCCx421@5.86 RCONx1603@1.71 TNAVx260@9.74 GOLx329@7.60 WSTGx224@10.89 
Value: 12698.55
Sales: GOLx329@7.60 RCONx1603@1.71 WSTGx224@10.89 AMCCx421@5.86 TNAVx260@9.74 
Purchases: BORNx450@5.64 LUNAx1493@1.70 ENSGx239@10.59 MEIPx1358@1.87 OIBR.Cx299@8.48 

2011-08-02
Cash: 15.86
Held: MEIPx1358@1.63 OIBR.Cx299@8.37 ENSGx239@11.08 LUNAx1493@1.78 BORNx450@5.22 
Value: 12385.09
Sales: MEIPx1358@1.63 LUNAx1493@1.78 ENSGx239@11.08 BORNx450@5.22 OIBR.Cx299@8.37 
Purchases: GECx1567@1.58 BPIx114@21.61 DEPOx389@6.35 INSMx486@5.09 TCIx1015@2.44 

2011-08-03
Cash: 25.17
Held: BPIx114@21.17 GECx1567@1.58 TCIx1015@2.26 INSMx486@4.16 DEPOx389@5.79 
Value: 11482.19
Sales: BPIx114@21.17 GECx1567@1.58 DEPOx389@5.79 INSMx486@4.16 TCIx1015@2.26 
Purchases: SMSIx1034@2.22 CBRx610@3.76 KFRCx265@8.64 KRAx102@22.36 IOx372@6.16 

2011-08-04
Cash: 30.53
Held: KFRCx265@8.88 SMSIx1034@2.19 IOx372@5.84 KRAx102@22.64 CBRx610@3.38 
Value: 11192.46
Sales: SMSIx1034@2.19 CBRx610@3.38 KFRCx265@8.88 KRAx102@22.64 IOx372@5.84 
Purchases: WNRx150@14.83 ERXx42@53.00 FSTRx119@18.72 EVCx1576@1.42 CTBx187@11.96 

2011-08-07
Cash: 40.22
Held: CTBx187@10.83 EVCx1576@1.30 ERXx42@40.00 WNRx150@13.11 FSTRx119@18.45 
Value: 9955.90
Sales: WNRx150@13.11 FSTRx119@18.45 EVCx1576@1.30 ERXx42@40.00 CTBx187@10.83 
Purchases: INSYx199@10.00 KONEx1991@1.00 CLGXx225@8.84 MCZx3432@0.58 BRCDx618@3.22 

2011-08-08
Cash: 3.83
Held: CLGXx225@9.30 KONEx1991@1.00 INSYx199@10.00 BRCDx618@3.51 MCZx3432@0.68 
Value: 10580.02
Sales: INSYx199@10.00 MCZx3432@0.68 CLGXx225@9.30 KONEx1991@1.00 BRCDx618@3.51 
Purchases: CIRx75@28.16 DGLYx3205@0.66 QTMx1237@1.71 NFECx1282@1.65 SBBXx481@4.40 

2011-08-09
Cash: 5.83
Held: NFECx1282@1.75 QTMx1237@1.70 DGLYx3205@0.79 SBBXx481@5.04 CIRx75@26.23 
Value: 11275.92
Sales: CIRx75@26.23 DGLYx3205@0.79 QTMx1237@1.70 NFECx1282@1.75 SBBXx481@5.04 
Purchases: SYKEx190@11.83 ENOCx239@9.40 TSUx88@25.48 AIQx2050@1.10 LLITx1064@2.12 

2011-08-10
Cash: 30.76
Held: TSUx88@26.31 ENOCx239@10.70 LLITx1064@2.76 AIQx2050@1.58 SYKEx190@12.99 
Value: 13548.37
Sales: LLITx1064@2.76 ENOCx239@10.70 TSUx88@26.31 AIQx2050@1.58 SYKEx190@12.99 
Purchases: HOVNPx1128@2.40 KARx199@13.58 MHOx377@7.18 CNITx1011@2.68 CACBx345@7.84 

2011-08-11
Cash: 18.03
Held: KARx199@13.89 CACBx345@7.79 HOVNPx1128@2.53 MHOx377@6.82 CNITx1011@2.44 
Value: 13360.08
Sales: HOVNPx1128@2.53 KARx199@13.89 MHOx377@6.82 CNITx1011@2.44 CACBx345@7.79 
Purchases: SMDDx98@27.12 SRTYx111@24.06 YANGx155@17.16 ERYx24@109.31 TCIx1031@2.59 

2011-08-14
Cash: 78.05
Held: SMDDx98@24.91 ERYx24@98.19 SRTYx111@21.92 TCIx1031@3.75 YANGx155@15.86 
Value: 13633.14
Sales: SMDDx98@24.91 SRTYx111@21.92 YANGx155@15.86 ERYx24@98.19 TCIx1031@3.75 
Purchases: DVx61@44.28 INSYx340@8.00 CDTIx123@22.00 INTXx190@14.32 ATROx103@26.38 

2011-08-15
Cash: 68.50
Held: DVx61@44.81 INSYx340@8.00 INTXx190@14.66 ATROx103@25.66 CDTIx123@21.70 
Value: 13618.83
Sales: DVx61@44.81 INSYx340@8.00 CDTIx123@21.70 INTXx190@14.66 ATROx103@25.66 
Purchases: KINSx892@3.05 AMTXx469@5.80 ACFCx726@3.75 KNDIx1226@2.22 IDCCx42@64.00 

2011-08-16
Cash: 43.88
Held: IDCCx42@69.56 KNDIx1226@2.58 AMTXx469@5.40 ACFCx726@3.60 KINSx892@3.15 
Value: 14084.02
Sales: AMTXx469@5.40 KINSx892@3.15 IDCCx42@69.56 KNDIx1226@2.58 ACFCx726@3.60 
Purchases: CNETx816@3.45 MEGx1381@2.04 GUREx1329@2.12 TRRx759@3.71 EVLVx763@3.69 

2011-08-17
Cash: 5.52
Held: CNETx816@3.20 TRRx759@3.52 EVLVx763@3.38 MEGx1381@1.86 GUREx1329@1.88 
Value: 12934.51
Sales: CNETx816@3.20 MEGx1381@1.86 TRRx759@3.52 GUREx1329@1.88 EVLVx763@3.38 
Purchases: HMSYx112@22.94 OZRKx119@21.62 NVGNx3155@0.82 IKGHx387@6.67 MEIPx1783@1.45 

2011-08-18
Cash: 37.88
Held: MEIPx1783@1.41 NVGNx3155@0.78 HMSYx112@22.59 IKGHx387@6.63 OZRKx119@21.09 
Value: 12618.45
Sales: MEIPx1783@1.41 OZRKx119@21.09 NVGNx3155@0.78 IKGHx387@6.63 HMSYx112@22.59 
Purchases: TNAx69@36.25 ZIONWx901@2.80 BSFTx99@25.48 SSIx191@13.18 SOXLx117@21.42 

2011-08-21
Cash: 47.06
Held: ZIONWx901@2.90 SOXLx117@22.02 TNAx69@35.88 SSIx191@13.62 BSFTx99@26.11 
Value: 12897.23
Sales: SSIx191@13.62 ZIONWx901@2.90 BSFTx99@26.11 TNAx69@35.88 SOXLx117@22.02 
Purchases: NSYSx781@3.30 FBPx924@2.79 CGNTx237@10.85 NWYx920@2.80 HGSHx1499@1.72 

2011-08-22
Cash: 15.82
Held: NWYx920@3.15 CGNTx237@10.90 FBPx924@2.91 NSYSx781@3.60 HGSHx1499@2.00 
Value: 13995.38
Sales: NSYSx781@3.60 FBPx924@2.91 CGNTx237@10.90 NWYx920@3.15 HGSHx1499@2.00 
Purchases: CJJDx1590@1.76 GUREx1707@1.64 TROVx4306@0.65 GBNKx2545@1.10 MTGx1655@1.69 

2011-08-23
Cash: 3.83
Held: GBNKx2545@1.12 CJJDx1590@1.80 MTGx1655@2.13 TROVx4306@0.68 GUREx1707@1.73 
Value: 15125.54
Sales: CJJDx1590@1.80 GUREx1707@1.73 MTGx1655@2.13 GBNKx2545@1.12 TROVx4306@0.68 
Purchases: TZAx63@47.78 SOXSx33@90.12 SRTYx128@23.56 ERYx27@108.75 SQQQx108@27.80 

2011-08-24
Cash: 186.88
Held: ERYx27@115.88 SRTYx128@25.30 SQQQx108@29.12 SOXSx33@97.31 TZAx63@51.09 
Value: 16129.22
Sales: TZAx63@51.09 SOXSx33@97.31 SRTYx128@25.30 ERYx27@115.88 SQQQx108@29.12 
Purchases: RNWKx1536@2.10 MGHx2830@1.14 LIVEx1931@1.67 GOROx146@21.95 UTHRx82@39.31 

2011-08-25
Cash: 25.62
Held: LIVEx1931@1.65 UTHRx82@40.06 GOROx146@22.00 MGHx2830@1.14 RNWKx1536@2.16 
Value: 16252.85
Sales: RNWKx1536@2.16 LIVEx1931@1.65 MGHx2830@1.14 UTHRx82@40.06 GOROx146@22.00 
Purchases: FANHx300@10.81 SGRPx2600@1.25 ANTHx73@44.00 FIBKx270@12.04 NUTRx248@13.08 

2011-08-28
Cash: 53.18
Held: ANTHx73@46.16 SGRPx2600@1.27 NUTRx248@14.15 FIBKx270@12.38 FANHx300@11.61 
Value: 17058.35
Sales: FANHx300@11.61 SGRPx2600@1.27 ANTHx73@46.16 FIBKx270@12.38 NUTRx248@14.15 
Purchases: TROVx5416@0.63 SYMXx2080@1.64 PRZMx563@6.06 AGAx247@13.76 ACFCx1245@2.74 

2011-08-29
Cash: 15.68
Held: AGAx247@13.81 SYMXx2080@1.65 PRZMx563@6.21 ACFCx1245@2.30 TROVx5416@0.62 
Value: 16579.96
Sales: TROVx5416@0.62 SYMXx2080@1.65 PRZMx563@6.21 AGAx247@13.81 ACFCx1245@2.30 
Purchases: TZAx82@40.09 SMDDx143@23.19 SRTYx166@19.88 EDZx30@107.12 BOSCx545@6.08 

2011-08-30
Cash: 150.89
Held: SMDDx143@22.91 EDZx30@100.62 SRTYx166@19.94 TZAx82@40.31 BOSCx545@6.40 
Value: 16547.63
Sales: SMDDx143@22.91 EDZx30@100.62 SRTYx166@19.94 BOSCx545@6.40 TZAx82@40.31 
Purchases: SMTCx155@21.33 NETEx16551@0.20 RVPx2585@1.28 MOSYx827@4.00 GUREx1798@1.84 

2011-08-31
Cash: 6.83
Held: RVPx2585@1.36 SMTCx155@21.11 GUREx1798@1.86 NETEx16551@0.20 MOSYx827@3.85 
Value: 16633.22
Sales: NETEx16551@0.20 RVPx2585@1.36 MOSYx827@3.85 GUREx1798@1.86 SMTCx155@21.11 
Purchases: XCRAx585@5.68 JVAx182@18.19 BCLIx579@5.74 OMNx757@4.39 ERIIx1325@2.51 

2011-09-01
Cash: 28.87
Held: ERIIx1325@2.48 XCRAx585@5.53 JVAx182@17.98 BCLIx579@6.00 OMNx757@4.41 
Value: 16636.92
Sales: BCLIx579@6.00 JVAx182@17.98 XCRAx585@5.53 OMNx757@4.41 ERIIx1325@2.48 
Purchases: XBKSx554@6.00 HFCx97@34.00 MEIx416@7.98 LDOSx257@12.94 GEFx66@50.03 

2011-09-05
Cash: 68.05
Held: HFCx97@34.91 LDOSx257@12.97 GEFx66@49.59 MEIx416@7.83 XBKSx554@5.72 
Value: 16484.80
Sales: XBKSx554@5.72 HFCx97@34.91 MEIx416@7.83 LDOSx257@12.97 GEFx66@49.59 
Purchases: ULHx259@12.69 RGCOx178@18.50 DFFNx4708@0.70 ESLx52@62.94 SYUTx681@4.84 

2011-09-06
Cash: 40.53
Held: ESLx52@63.44 SYUTx681@4.77 DFFNx4708@0.70 RGCOx178@18.66 ULHx259@13.29 
Value: 16646.53
Sales: DFFNx4708@0.70 ESLx52@63.44 ULHx259@13.29 RGCOx178@18.66 SYUTx681@4.77 
Purchases: EMITFx68@48.59 GILTx961@3.46 ROSGx2663@1.25 SALMx1422@2.34 JKSx258@12.90 

2011-09-07
Cash: 32.39
Held: JKSx258@11.82 SALMx1422@2.34 EMITFx68@45.19 GILTx961@3.46 ROSGx2663@1.30 
Value: 16269.38
Sales: EMITFx68@45.19 GILTx961@3.46 ROSGx2663@1.30 SALMx1422@2.34 JKSx258@11.82 
Purchases: MLSSx6507@0.50 VIRCx1471@2.21 SENEBx160@20.31 VDSIx584@5.57 HMNFx1859@1.75 

2011-09-08
Cash: 7.28
Held: MLSSx6507@0.50 VDSIx584@5.21 VIRCx1471@2.11 HMNFx1859@1.77 SENEBx160@20.31 
Value: 15946.41
Sales: MLSSx6507@0.50 SENEBx160@20.31 VIRCx1471@2.11 VDSIx584@5.21 HMNFx1859@1.77 
Purchases: VRTBx2415@1.32 GIIIx141@22.58 PPPx1035@3.08 TITNx150@21.19 MPXx779@4.09 

2011-09-11
Cash: 22.35
Held: GIIIx141@21.98 MPXx779@4.06 VRTBx2415@1.29 TITNx150@21.28 PPPx1035@3.06 
Value: 15759.09
Sales: PPPx1035@3.06 GIIIx141@21.98 TITNx150@21.28 VRTBx2415@1.29 MPXx779@4.06 
Purchases: IDRAx2369@1.33 CETVx323@9.75 RDNx1130@2.79 MTGx1335@2.36 KFYx252@12.48 

2011-09-12
Cash: 13.38
Held: RDNx1130@2.65 MTGx1335@2.33 KFYx252@13.08 CETVx323@10.09 IDRAx2369@1.38 
Value: 15943.89
Sales: IDRAx2369@1.38 CETVx323@10.09 RDNx1130@2.65 MTGx1335@2.33 KFYx252@13.08 
Purchases: EMITFx80@39.59 FBCx6507@0.49 YRCWx8394@0.38 SPEXx1714@1.86 IDSAx495@6.44 

2011-09-13
Cash: 22.15
Held: SPEXx1714@2.13 YRCWx8394@0.35 EMITFx80@45.00 FBCx6507@0.53 IDSAx495@6.50 
Value: 16877.97
Sales: EMITFx80@45.00 FBCx6507@0.53 YRCWx8394@0.35 SPEXx1714@2.13 IDSAx495@6.50 
Purchases: WNRx215@15.69 BGIx3792@0.89 LINKx10226@0.33 EXLSx147@22.83 KOOLx2343@1.44 

2011-09-14
Cash: 23.72
Held: KOOLx2343@1.44 EXLSx147@22.80 LINKx10226@0.33 WNRx215@16.02 BGIx3792@1.15 
Value: 17930.81
Sales: WNRx215@16.02 LINKx10226@0.33 BGIx3792@1.15 EXLSx147@22.80 KOOLx2343@1.44 
Purchases: WGBSx10243@0.35 GSSx1614@2.22 SEEDx1487@2.41 LODEx1358@2.64 COOLx38@92.00 

2011-09-15
Cash: 94.67
Held: COOLx38@92.38 WGBSx10243@0.34 LODEx1358@2.74 SEEDx1487@2.37 GSSx1614@2.26 
Value: 17979.86
Sales: GSSx1614@2.26 WGBSx10243@0.34 SEEDx1487@2.37 LODEx1358@2.74 COOLx38@92.38 
Purchases: MTEXx6540@0.55 FANHx410@8.75 SNGXx71936@0.05 NFLXx23@155.25 HRTXx14383@0.25 

2011-09-18
Cash: 34.21
Held: NFLXx23@143.75 MTEXx6540@0.54 FANHx410@7.31 SNGXx71936@0.04 HRTXx14383@0.26 
Value: 16486.62
Sales: MTEXx6540@0.54 FANHx410@7.31 SNGXx71936@0.04 NFLXx23@143.75 HRTXx14383@0.26 
Purchases: NTWKx4644@0.71 CETCx93@35.09 INUVx2658@1.24 ACFCx1334@2.47 BBRYx139@23.72 

2011-09-19
Cash: 36.47
Held: INUVx2658@1.20 NTWKx4644@0.72 ACFCx1334@2.56 CETCx93@35.50 BBRYx139@22.73 
Value: 16448.62
Sales: NTWKx4644@0.72 BBRYx139@22.73 INUVx2658@1.20 ACFCx1334@2.56 CETCx93@35.50 
Purchases: MNTAx283@11.60 FANHx461@7.12 GTIMx2136@1.54 NUROx1901@1.73 JKSx558@5.89 

2011-09-20
Cash: 16.44
Held: NUROx1901@1.74 JKSx558@5.76 MNTAx283@10.62 GTIMx2136@1.54 FANHx461@6.95 
Value: 16037.44
Sales: MNTAx283@10.62 FANHx461@6.95 GTIMx2136@1.54 NUROx1901@1.74 JKSx558@5.76 
Purchases: ARAYx814@3.94 TSLx413@7.75 SINAx35@90.00 TZOOx115@27.88 MARKx1011@3.17 

2011-09-21
Cash: 69.56
Held: SINAx35@81.81 TSLx413@7.44 MARKx1011@2.96 ARAYx814@3.63 TZOOx115@23.39 
Value: 14645.24
Sales: ARAYx814@3.63 TSLx413@7.44 MARKx1011@2.96 TZOOx115@23.39 SINAx35@81.81 
Purchases: FFBCWx714@4.10 KRUx122@23.98 SBSAx1627@1.80 BPOPNx183@15.96 ABACx428@6.84 

2011-09-22
Cash: 14.05
Held: ABACx428@7.04 FFBCWx714@4.10 BPOPNx183@15.97 KRUx122@24.06 SBSAx1627@1.70 
Value: 14579.41
Sales: ABACx428@7.04 SBSAx1627@1.70 KRUx122@24.06 BPOPNx183@15.97 FFBCWx714@4.10 
Purchases: ERXx93@31.33 TRECx828@3.52 AKGx546@5.34 PGTIx2143@1.36 AUMNx335@8.69 

2011-09-25
Cash: 10.62
Held: PGTIx2143@1.28 AKGx546@5.45 ERXx93@34.66 AUMNx335@8.28 TRECx828@3.55 
Value: 14666.82
Sales: ERXx93@34.66 TRECx828@3.55 AKGx546@5.45 PGTIx2143@1.28 AUMNx335@8.28 
Purchases: CASMx1676@1.75 DBSx55@53.25 CYCCx70@41.50 AGQx6@453.50 CKXx295@9.93 

2011-09-26
Cash: 249.81
Held: AGQx6@485.00 DBSx55@55.84 CKXx295@9.93 CASMx1676@1.94 CYCCx70@40.31 
Value: 15234.51
Sales: CASMx1676@1.94 CYCCx70@40.31 DBSx55@55.84 CKXx295@9.93 AGQx6@485.00 
Purchases: FAZx50@60.44 BXCx203@15.00 NFECx3907@0.78 SPUx1595@1.91 MBVXx9519@0.32 

2011-09-27
Cash: 27.58
Held: SPUx1595@1.83 NFECx3907@0.82 FAZx50@65.38 BXCx203@14.60 MBVXx9519@0.32 
Value: 15429.21
Sales: FAZx50@65.38 BXCx203@14.60 NFECx3907@0.82 SPUx1595@1.83 MBVXx9519@0.32 
Purchases: CALXx378@8.16 HIHOx1191@2.59 IOCx73@42.22 JRJCx1428@2.16 IMUCx2070@1.49 

2011-09-28
Cash: 10.18
Held: IMUCx2070@1.53 CALXx378@8.15 IOCx73@46.50 HIHOx1191@2.73 JRJCx1428@2.10 
Value: 15902.69
Sales: CALXx378@8.15 IMUCx2070@1.53 IOCx73@46.50 HIHOx1191@2.73 JRJCx1428@2.10 
Purchases: JVAx375@8.48 JKSx641@4.96 GLUUx1413@2.25 LODEx1630@1.95 USATx2650@1.20 

2011-09-29
Cash: 5.43
Held: JKSx641@4.86 GLUUx1413@2.11 JVAx375@7.49 USATx2650@1.20 LODEx1630@2.00 
Value: 15349.46
Sales: JVAx375@7.49 GLUUx1413@2.11 USATx2650@1.20 LODEx1630@2.00 JKSx641@4.86 
Purchases: KONAx553@5.55 BDSIx2816@1.09 AXDXx1180@2.60 AMDx604@5.08 RNVAx1659@1.85 

2011-10-02
Cash: 7.65
Held: AXDXx1180@2.43 KONAx553@5.40 RNVAx1659@1.60 AMDx604@4.53 BDSIx2816@0.99 
Value: 14039.14
Sales: KONAx553@5.40 BDSIx2816@0.99 AXDXx1180@2.43 AMDx604@4.53 RNVAx1659@1.60 
Purchases: AGENx1063@2.64 JVAx379@7.39 ENOCx342@8.20 CFx116@24.20 EBTCx233@12.00 

2011-10-03
Cash: 22.08
Held: CFx116@24.81 ENOCx342@8.53 JVAx379@7.82 AGENx1063@2.62 EBTCx233@13.50 
Value: 14711.56
Sales: AGENx1063@2.62 JVAx379@7.82 ENOCx342@8.53 CFx116@24.81 EBTCx233@13.50 
Purchases: BSPMx260@11.29 SBSAx2298@1.28 SKLNx19612@0.15 FONRx1922@1.53 SIFYx1036@2.84 

2011-10-04
Cash: 8.80
Held: SKLNx19612@0.27 SIFYx1036@3.01 FONRx1922@1.81 SBSAx2298@1.33 BSPMx260@12.60 
Value: 18233.46
Sales: BSPMx260@12.60 SBSAx2298@1.33 SKLNx19612@0.27 FONRx1922@1.81 SIFYx1036@3.01 
Purchases: TZAx76@47.56 SDDx65@55.88 SRTYx155@23.50 CRMDx9599@0.38 CDXCx1736@2.10 

2011-10-05
Cash: 52.92
Held: SDDx65@53.28 SRTYx155@21.94 CRMDx9599@0.35 CDXCx1736@2.04 TZAx76@44.25 
Value: 17179.91
Sales: SDDx65@53.28 TZAx76@44.25 SRTYx155@21.94 CRMDx9599@0.35 CDXCx1736@2.04 
Purchases: SOXSx46@74.56 DYNTx1040@3.30 CRMDx9814@0.35 ERYx29@116.75 RBPAAx3469@0.99 

2011-10-06
Cash: 60.49
Held: DYNTx1040@3.39 RBPAAx3469@1.00 ERYx29@120.88 CRMDx9814@0.37 SOXSx46@73.44 
Value: 17571.57
Sales: SOXSx46@73.44 DYNTx1040@3.39 CRMDx9814@0.37 ERYx29@120.88 RBPAAx3469@1.00 
Purchases: MYOSx17575@0.20 DTOx52@66.56 SCOx60@58.09 TOPSx3316@1.06 OBCIx1793@1.96 

2011-10-09
Cash: 82.81
Held: TOPSx3316@1.02 OBCIx1793@2.19 SCOx60@53.94 DTOx52@60.97 MYOSx17575@0.20 
Value: 17310.03
Sales: MYOSx17575@0.20 DTOx52@60.97 SCOx60@53.94 TOPSx3316@1.02 OBCIx1793@2.19 
Purchases: CSIIx467@7.41 JASOx1860@1.86 ILMNx130@26.48 Sx1558@2.22 IDTx194@17.84 

2011-10-10
Cash: 24.72
Held: CSIIx467@8.02 JASOx1860@1.87 ILMNx130@26.20 Sx1558@2.38 IDTx194@17.02 
Value: 17666.90
Sales: CSIIx467@8.02 JASOx1860@1.87 ILMNx130@26.20 Sx1558@2.38 IDTx194@17.02 
Purchases: EDZx28@125.75 SKYx487@7.25 PRPHx4711@0.75 SPNx150@23.52 ERYx33@104.69 

2011-10-11
Cash: 99.87
Held: SPNx150@24.09 PRPHx4711@0.79 EDZx28@114.94 ERYx33@102.00 SKYx487@7.53 
Value: 17687.78
Sales: EDZx28@114.94 SKYx487@7.53 PRPHx4711@0.79 SPNx150@24.09 ERYx33@102.00 
Purchases: NYNYx4982@0.71 GALEx4594@0.77 HIHOx1415@2.50 ANHx546@6.47 CAPRx6434@0.55 

2011-10-12
Cash: 6.40
Held: GALEx4594@0.80 CAPRx6434@0.53 HIHOx1415@2.45 ANHx546@6.41 NYNYx4982@0.73 
Value: 17691.69
Sales: NYNYx4982@0.73 GALEx4594@0.80 HIHOx1415@2.45 ANHx546@6.41 CAPRx6434@0.53 
Purchases: BKEx87@40.56 RCONx5128@0.69 BRCDx800@4.42 VXXx82@42.88 UCBIx444@7.96 

2011-10-13
Cash: 36.83
Held: RCONx5128@0.76 VXXx82@40.47 BRCDx800@4.51 UCBIx444@7.80 BKEx87@41.44 
Value: 17929.33
Sales: BKEx87@41.44 RCONx5128@0.76 UCBIx444@7.80 VXXx82@40.47 BRCDx800@4.51 
Purchases: ONVIx1236@2.90 ROSGx4373@0.82 IGIx179@19.95 OGENx1792@2.00 USATx3039@1.18 

2011-10-16
Cash: 18.68
Held: ONVIx1236@2.85 IGIx179@20.05 USATx3039@1.12 OGENx1792@1.85 ROSGx4373@0.83 
Value: 17477.65
Sales: ONVIx1236@2.85 OGENx1792@1.85 ROSGx4373@0.83 IGIx179@20.05 USATx3039@1.12 
Purchases: DEPOx773@4.52 SRPTx4111@0.85 SGRPx3329@1.05 OPHCx7599@0.46 NCMIx298@11.71 

2011-10-17
Cash: 9.40
Held: SRPTx4111@0.89 SGRPx3329@1.05 NCMIx298@11.62 OPHCx7599@0.46 DEPOx773@4.51 
Value: 17608.27
Sales: OPHCx7599@0.46 SRPTx4111@0.89 SGRPx3329@1.05 DEPOx773@4.51 NCMIx298@11.62 
Purchases: CSIQx1107@3.18 NAVBx1299@2.71 EVCx2552@1.38 INUVx2534@1.39 SPRTx1592@2.21 

2011-10-18
Cash: 4.21
Held: EVCx2552@1.28 INUVx2534@1.18 CSIQx1107@3.11 SPRTx1592@2.08 NAVBx1299@2.63 
Value: 16431.85
Sales: CSIQx1107@3.11 NAVBx1299@2.63 EVCx2552@1.28 INUVx2534@1.18 SPRTx1592@2.08 
Purchases: APEIx106@30.92 BMIx234@13.99 HIMXx3318@0.99 AMTXx530@6.20 CROXx213@15.36 

2011-10-19
Cash: 37.22
Held: AMTXx530@7.60 BMIx234@13.80 HIMXx3318@1.00 CROXx213@15.23 APEIx106@31.69 
Value: 17214.65
Sales: APEIx106@31.69 CROXx213@15.23 BMIx234@13.80 HIMXx3318@1.00 AMTXx530@7.60 
Purchases: INBKx349@9.85 ONx511@6.73 AEMx78@43.66 CMAx149@23.06 INFNx488@7.05 

2011-10-20
Cash: 54.91
Held: AEMx78@43.84 CMAx149@24.38 INFNx488@7.05 INBKx349@9.85 ONx511@6.58 
Value: 17346.99
Sales: INBKx349@9.85 INFNx488@7.05 AEMx78@43.84 CMAx149@24.38 ONx511@6.58 
Purchases: EGHTx905@3.83 WSTLx1734@2.00 NVECx62@55.19 GLFx86@40.19 BLINx1387@2.50 

2011-10-23
Cash: 67.52
Held: NVECx62@56.03 WSTLx1734@2.10 EGHTx905@3.80 BLINx1387@2.40 GLFx86@42.31 
Value: 17590.11
Sales: EGHTx905@3.80 WSTLx1734@2.10 NVECx62@56.03 GLFx86@42.31 BLINx1387@2.40 
Purchases: CBPOx458@7.67 DAIOx876@4.01 RCONx3909@0.90 PBIBx1803@1.95 WSCIx622@5.65 

2011-10-24
Cash: 14.87
Held: RCONx3909@0.84 WSCIx622@5.46 DAIOx876@4.06 CBPOx458@8.98 PBIBx1803@2.63 
Value: 19104.56
Sales: CBPOx458@8.98 DAIOx876@4.06 RCONx3909@0.84 PBIBx1803@2.63 WSCIx622@5.46 
Purchases: INUVx3321@1.15 EVBSx1901@2.01 ATRCx383@9.97 SBSAx3898@0.98 DTOx78@48.53 

2011-10-25
Cash: 40.12
Held: INUVx3321@1.16 ATRCx383@10.00 SBSAx3898@1.00 EVBSx1901@2.00 DTOx78@52.12 
Value: 19488.74
Sales: DTOx78@52.12 EVBSx1901@2.00 ATRCx383@10.00 SBSAx3898@1.00 INUVx3321@1.16 
Purchases: MNTAx327@11.91 DHTx2466@1.58 PCYOx1920@2.03 RMDx142@27.27 FNx326@11.95 

2011-10-26
Cash: 34.24
Held: RMDx142@28.62 DHTx2466@1.56 MNTAx327@12.30 FNx326@13.05 PCYOx1920@2.14 
Value: 20329.25
Sales: MNTAx327@12.30 DHTx2466@1.56 PCYOx1920@2.14 FNx326@13.05 RMDx142@28.62 
Purchases: SVBIx1511@2.69 VASCx375@10.83 MGYRx1401@2.90 SPEXx1927@2.11 MSBFx813@5.00 

2011-10-27
Cash: 11.73
Held: MSBFx813@4.90 MGYRx1401@2.90 SPEXx1927@2.01 VASCx375@10.81 SVBIx1511@2.90 
Value: 20367.60
Sales: MSBFx813@4.90 VASCx375@10.81 SVBIx1511@2.90 MGYRx1401@2.90 SPEXx1927@2.01 
Purchases: MDRx375@10.86 SPOKx307@13.23 AVPx215@18.88 QSIIx104@38.94 ORRFx449@9.06 

2011-10-30
Cash: 58.09
Held: AVPx215@18.28 SPOKx307@13.05 MDRx375@10.98 QSIIx104@38.91 ORRFx449@9.16 
Value: 20267.57
Sales: MDRx375@10.98 SPOKx307@13.05 AVPx215@18.28 QSIIx104@38.91 ORRFx449@9.16 
Purchases: AVIDx653@6.20 NUVAx273@14.82 WHRx79@50.81 HMNYx4714@0.86 CPRXx3897@1.04 

2011-10-31
Cash: 52.92
Held: CPRXx3897@1.00 WHRx79@49.88 NUVAx273@14.03 HMNYx4714@0.87 AVIDx653@6.08 
Value: 19791.32
Sales: AVIDx653@6.08 NUVAx273@14.03 HMNYx4714@0.87 WHRx79@49.88 CPRXx3897@1.00 
Purchases: XBKSx944@4.19 IARTx131@30.00 BMAx198@19.95 CVBx458@8.64 GGALx492@8.03 

2011-11-01
Cash: 45.13
Held: CVBx458@10.56 GGALx492@7.99 IARTx131@28.30 BMAx198@20.98 XBKSx944@4.38 
Value: 20808.48
Sales: XBKSx944@4.38 IARTx131@28.30 BMAx198@20.98 CVBx458@10.56 GGALx492@7.99 
Purchases: EXELx954@4.36 AIIIx3411@1.22 GRBKx9679@0.43 AMEDx416@10.00 SIFYx873@4.76 

2011-11-02
Cash: 10.86
Held: GRBKx9679@0.52 SIFYx873@4.91 AMEDx416@9.59 EXELx954@4.53 AIIIx3411@1.34 
Value: 22214.71
Sales: EXELx954@4.53 AIIIx3411@1.34 GRBKx9679@0.52 AMEDx416@9.59 SIFYx873@4.91 
Purchases: HPJx3392@1.31 EVKx3172@1.40 ACFCx3642@1.22 CECOx602@7.37 INSGx1306@3.40 

2011-11-03
Cash: 10.06
Held: EVKx3172@1.30 HPJx3392@1.21 CECOx602@7.98 INSGx1306@3.53 ACFCx3642@1.25 
Value: 22203.23
Sales: HPJx3392@1.21 EVKx3172@1.30 ACFCx3642@1.25 CECOx602@7.98 INSGx1306@3.53 
Purchases: MTEXx6832@0.65 ANFx76@58.22 DXCMx582@7.63 UWNx2883@1.54 EVLVx2165@2.05 

2011-11-06
Cash: 18.58
Held: UWNx2883@1.52 DXCMx582@7.41 EVLVx2165@2.04 MTEXx6832@0.65 ANFx76@58.31 
Value: 21998.55
Sales: MTEXx6832@0.65 ANFx76@58.31 DXCMx582@7.41 UWNx2883@1.52 EVLVx2165@2.04 
Purchases: RSTx625@7.04 MTZx262@16.75 RNWKx558@7.87 RNNx7094@0.62 MSBFx1035@4.25 

2011-11-07
Cash: 20.70
Held: MSBFx1035@4.25 RSTx625@7.01 RNWKx558@7.80 RNNx7094@0.62 MTZx262@16.58 
Value: 21897.19
Sales: MSBFx1035@4.25 RSTx625@7.01 RNWKx558@7.80 MTZx262@16.58 RNNx7094@0.62 
Purchases: LTRXx3806@1.15 IMMRx803@5.45 IBCPx3127@1.40 CRNTx525@8.33 MBVXx17517@0.25 

2011-11-08
Cash: 12.55
Held: IBCPx3127@1.30 LTRXx3806@1.18 IMMRx803@5.04 CRNTx525@8.30 MBVXx17517@0.25 
Value: 21348.40
Sales: LTRXx3806@1.18 IMMRx803@5.04 IBCPx3127@1.30 CRNTx525@8.30 MBVXx17517@0.25 
Purchases: ARLx3163@1.35 LXUx132@32.25 PFINx1175@3.63 QNSTx482@8.84 LDLx473@9.02 

2011-11-09
Cash: 25.56
Held: PFINx1175@3.60 LXUx132@33.62 LDLx473@9.11 QNSTx482@8.61 ARLx3163@1.50 
Value: 21896.55
Sales: ARLx3163@1.50 LXUx132@33.62 PFINx1175@3.60 QNSTx482@8.61 LDLx473@9.11 
Purchases: OMEx518@8.45 SBSAx2076@2.11 ILx912@4.80 NILEx138@31.59 ALSKx907@4.83 

2011-11-10
Cash: 21.41
Held: ALSKx907@5.30 ILx912@5.14 SBSAx2076@3.10 NILEx138@33.41 OMEx518@7.71 
Value: 24556.58
Sales: OMEx518@7.71 SBSAx2076@3.10 ALSKx907@5.30 NILEx138@33.41 ILx912@5.14 
Purchases: QUADx388@12.63 DYNx1665@2.95 RVPx4092@1.20 NFECx7118@0.69 VRMLx3778@1.30 

2011-11-13
Cash: 11.74
Held: NFECx7118@0.64 RVPx4092@1.30 QUADx388@12.65 DYNx1665@2.83 VRMLx3778@1.23 
Value: 24155.42
Sales: QUADx388@12.65 DYNx1665@2.83 RVPx4092@1.30 NFECx7118@0.64 VRMLx3778@1.23 
Purchases: MVISx9859@0.49 ROSGx10736@0.45 MSTXx7433@0.65 ALIMx3057@1.58 PSDVx3038@1.59 

2011-11-14
Cash: 2.96
Held: PSDVx3038@1.40 ALIMx3057@1.50 MSTXx7433@0.65 MVISx9859@0.48 ROSGx10736@0.44 
Value: 23128.91
Sales: MVISx9859@0.48 ROSGx10736@0.44 MSTXx7433@0.65 PSDVx3038@1.40 ALIMx3057@1.50 
Purchases: PSDVx3303@1.40 XBKSx1372@3.37 HBPx12845@0.36 HGSHx6606@0.70 ALIMx3083@1.50 

2011-11-15
Cash: 5.39
Held: PSDVx3303@1.34 ALIMx3083@1.36 HBPx12845@0.36 HGSHx6606@0.66 XBKSx1372@3.05 
Value: 21797.10
Sales: XBKSx1372@3.05 HBPx12845@0.36 PSDVx3303@1.34 HGSHx6606@0.66 ALIMx3083@1.36 
Purchases: TATx3253@1.34 MTORx701@6.22 SVBIx1632@2.67 GERNx2690@1.62 PSDVx3253@1.34 

2011-11-16
Cash: 5.31
Held: MTORx701@5.67 PSDVx3253@1.34 GERNx2690@1.58 TATx3253@1.32 SVBIx1632@2.69 
Value: 21274.38
Sales: TATx3253@1.32 GERNx2690@1.58 SVBIx1632@2.69 MTORx701@5.67 PSDVx3253@1.34 
Purchases: AIIIx3832@1.11 ARTXx3198@1.33 UNISx1030@4.13 CHEx85@50.00 CVIx242@17.53 

2011-11-17
Cash: 20.58
Held: ARTXx3198@1.47 CHEx85@49.78 CVIx242@17.95 UNISx1030@4.16 AIIIx3832@1.51 
Value: 23367.21
Sales: AIIIx3832@1.51 ARTXx3198@1.47 UNISx1030@4.16 CHEx85@49.78 CVIx242@17.95 
Purchases: SGOCx2041@2.29 PERYx372@12.54 KEMx526@8.88 ABIOx85@54.59 TXx228@20.45 

2011-11-20
Cash: 54.57
Held: SGOCx2041@2.10 PERYx372@12.67 KEMx526@8.40 ABIOx85@59.62 TXx228@19.45 
Value: 22974.82
Sales: SGOCx2041@2.10 PERYx372@12.67 KEMx526@8.40 TXx228@19.45 ABIOx85@59.62 
Purchases: HOVNPx3561@1.29 ESXBx4216@1.09 CYTKx789@5.82 RELVx3589@1.28 CRMx164@28.00 

2011-11-21
Cash: 7.08
Held: ESXBx4216@1.06 RELVx3589@1.36 HOVNPx3561@1.30 CYTKx789@5.88 CRMx164@27.06 
Value: 23061.84
Sales: HOVNPx3561@1.30 ESXBx4216@1.06 CYTKx789@5.88 RELVx3589@1.36 CRMx164@27.06 
Purchases: SEVx913@5.05 PXLWx2249@2.05 AXNx11829@0.39 VRMLx3293@1.40 PESx461@9.99 

2011-11-22
Cash: 8.35
Held: PXLWx2249@2.06 SEVx913@5.05 PESx461@9.26 AXNx11829@0.37 VRMLx3293@1.41 
Value: 22543.50
Sales: SEVx913@5.05 PESx461@9.26 AXNx11829@0.37 VRMLx3293@1.41 PXLWx2249@2.06 
Purchases: FANHx776@5.81 SFLx431@10.45 FROx1598@2.82 HMNYx4060@1.11 BIO.Bx70@63.88 

2011-11-24
Cash: 44.59
Held: FROx1598@2.76 SFLx431@10.00 HMNYx4060@1.11 FANHx776@5.85 BIO.Bx70@89.88 
Value: 24104.79
Sales: FANHx776@5.85 SFLx431@10.00 FROx1598@2.76 HMNYx4060@1.11 BIO.Bx70@89.88 
Purchases: STVx1357@3.55 AXDXx2707@1.78 ADMPx20962@0.23 XTNTx2221@2.17 SCKTx2375@2.03 

2011-11-27
Cash: 7.35
Held: AXDXx2707@1.66 XTNTx2221@2.20 SCKTx2375@2.03 STVx1357@3.56 ADMPx20962@0.23 
Value: 23857.95
Sales: STVx1357@3.56 AXDXx2707@1.66 ADMPx20962@0.23 XTNTx2221@2.20 SCKTx2375@2.03 
Purchases: CPHIx5965@0.80 SKYx937@5.09 IFMIx3201@1.49 CNITx2665@1.79 NUROx3019@1.58 

2011-11-28
Cash: 6.98
Held: NUROx3019@1.63 IFMIx3201@1.47 CPHIx5965@0.77 SKYx937@5.17 CNITx2665@1.78 
Value: 23815.84
Sales: SKYx937@5.17 IFMIx3201@1.47 CPHIx5965@0.77 CNITx2665@1.78 NUROx3019@1.63 
Purchases: OPHCx8663@0.55 DPKx30@158.62 CLSNx460@10.35 TXx306@15.54 WILCx1046@4.55 

2011-11-29
Cash: 17.34
Held: DPKx30@134.00 WILCx1046@4.53 CLSNx460@10.26 OPHCx8663@0.54 TXx306@16.69 
Value: 23280.35
Sales: OPHCx8663@0.54 DPKx30@134.00 TXx306@16.69 CLSNx460@10.26 WILCx1046@4.53 
Purchases: MMACx25859@0.18 INVTx4566@1.02 NFECx6289@0.74 RCONx11358@0.41 RADAx2738@1.70 

2011-11-30
Cash: 2.91
Held: RADAx2738@1.78 RCONx11358@0.44 NFECx6289@0.64 INVTx4566@1.00 MMACx25859@0.19 
Value: 23377.67
Sales: RCONx11358@0.44 INVTx4566@1.00 NFECx6289@0.64 MMACx25859@0.19 RADAx2738@1.78 
Purchases: SPXUx337@13.84 SOXSx85@54.56 SSGx105@44.31 PBIBx2184@2.14 YANGx292@15.99 

2011-12-01
Cash: 76.86
Held: PBIBx2184@2.26 SPXUx337@13.86 SSGx105@44.72 SOXSx85@54.69 YANGx292@16.30 
Value: 23785.39
Sales: SPXUx337@13.86 SOXSx85@54.69 SSGx105@44.72 PBIBx2184@2.26 YANGx292@16.30 
Purchases: STNGx897@5.30 AEHRx8064@0.59 HOVNPx3659@1.30 KEQUx576@8.25 HMNYx3069@1.55 

2011-12-04
Cash: 9.75
Held: STNGx897@5.40 AEHRx8064@0.65 KEQUx576@8.22 HOVNPx3659@1.41 HMNYx3069@1.43 
Value: 24374.44
Sales: STNGx897@5.40 AEHRx8064@0.65 HOVNPx3659@1.41 HMNYx3069@1.43 KEQUx576@8.22 
Purchases: FBMSx645@7.55 CSIQx1754@2.78 SKLNx22161@0.22 ISLEx1166@4.18 FUNCx1587@3.07 

2011-12-05
Cash: 8.43
Held: FBMSx645@7.65 SKLNx22161@0.25 FUNCx1587@3.16 ISLEx1166@4.39 CSIQx1754@2.74 
Value: 25422.93
Sales: FBMSx645@7.65 CSIQx1754@2.74 SKLNx22161@0.25 ISLEx1166@4.39 FUNCx1587@3.16 
Purchases: HHx8472@0.60 PRPHx4271@1.19 GTTx4310@1.18 RELVx4005@1.27 TCFCx312@16.25 

2011-12-06
Cash: 15.65
Held: PRPHx4271@1.23 TCFCx312@16.25 RELVx4005@1.27 HHx8472@0.60 GTTx4310@1.18 
Value: 25593.93
Sales: HHx8472@0.60 GTTx4310@1.18 TCFCx312@16.25 PRPHx4271@1.23 RELVx4005@1.27 
Purchases: PFSWx1711@2.99 GTYx391@13.06 ACFCx2546@2.01 MTLx500@10.22 PLXx964@5.31 

2011-12-07
Cash: 26.48
Held: PFSWx1711@2.78 ACFCx2546@2.20 GTYx391@12.82 PLXx964@5.35 MTLx500@9.71 
Value: 25408.19
Sales: PFSWx1711@2.78 GTYx391@12.82 ACFCx2546@2.20 MTLx500@9.71 PLXx964@5.35 
Purchases: NNVCx7697@0.66 ZIONWx1882@2.70 OGENx3628@1.40 OCCx1539@3.30 CWBCx3278@1.55 

2011-12-08
Cash: 6.25
Held: ZIONWx1882@3.00 CWBCx3278@1.55 OCCx1539@3.31 OGENx3628@1.60 NNVCx7697@0.61 
Value: 26324.95
Sales: NNVCx7697@0.61 ZIONWx1882@3.00 OGENx3628@1.60 OCCx1539@3.31 CWBCx3278@1.55 
Purchases: YUMAx1316@4.00 DCTHx2259@2.33 IIIx5062@1.04 CYCCx90@58.47 ATECx3269@1.61 

2011-12-11
Cash: 6.20
Held: ATECx3269@1.59 IIIx5062@1.08 DCTHx2259@2.26 YUMAx1316@4.00 CYCCx90@57.12 
Value: 26180.81
Sales: YUMAx1316@4.00 DCTHx2259@2.26 IIIx5062@1.08 CYCCx90@57.12 ATECx3269@1.59 
Purchases: LOANx5570@0.94 PLPMx2014@2.60 CFBKx1563@3.35 CTICx9@580.00 GEOSx65@80.12 

2011-12-12
Cash: 46.16
Held: PLPMx2014@2.64 CTICx9@550.00 GEOSx65@77.38 LOANx5570@1.00 CFBKx1563@3.55 
Value: 26463.62
Sales: LOANx5570@1.00 GEOSx65@77.38 CFBKx1563@3.55 PLPMx2014@2.64 CTICx9@550.00 
Purchases: INDLx302@17.48 OBASx4995@1.06 PNTRx1474@3.59 DHTx7671@0.69 NTPx1031@5.13 

2011-12-13
Cash: 18.92
Held: DHTx7671@0.66 OBASx4995@1.01 NTPx1031@5.09 PNTRx1474@3.59 INDLx302@15.99 
Value: 25495.45
Sales: NTPx1031@5.09 DHTx7671@0.66 PNTRx1474@3.59 OBASx4995@1.01 INDLx302@15.99 
Purchases: TRQx320@15.91 HOVx3748@1.36 IDTx530@9.61 BBYx218@23.34 LRNx241@21.09 

2011-12-14
Cash: 41.36
Held: BBYx218@23.36 HOVx3748@1.35 TRQx320@16.16 LRNx241@20.73 IDTx530@9.60 
Value: 25447.85
Sales: HOVx3748@1.35 TRQx320@16.16 IDTx530@9.60 BBYx218@23.36 LRNx241@20.73 
Purchases: SRPTx9257@0.55 RCONx12416@0.41 FSLRx161@31.45 SPWRx962@5.29 SYNx4350@1.17 

2011-12-15
Cash: 27.65
Held: RCONx12416@0.42 SPWRx962@5.13 SRPTx9257@0.56 FSLRx161@31.91 SYNx4350@1.29 
Value: 26108.44
Sales: RCONx12416@0.42 SRPTx9257@0.56 FSLRx161@31.91 SPWRx962@5.13 SYNx4350@1.29 
Purchases: MAGSx1479@3.53 AXDXx3869@1.35 WGBSx52229@0.10 INVTx3652@1.43 ANIPx11605@0.45 

2011-12-18
Cash: 2.45
Held: AXDXx3869@1.20 ANIPx11605@0.38 INVTx3652@1.25 MAGSx1479@3.60 WGBSx52229@0.13 
Value: 25733.39
Sales: MAGSx1479@3.60 WGBSx52229@0.13 AXDXx3869@1.20 INVTx3652@1.25 ANIPx11605@0.38 
Purchases: ROSTx111@46.25 MBOTx6600@0.78 NYNYx3959@1.30 GIGAx3599@1.43 HMNYx2524@2.04 

2011-12-19
Cash: 15.09
Held: MBOTx6600@0.76 GIGAx3599@1.49 HMNYx2524@1.75 NYNYx3959@1.49 ROSTx111@47.88 
Value: 26023.86
Sales: MBOTx6600@0.76 NYNYx3959@1.49 ROSTx111@47.88 GIGAx3599@1.49 HMNYx2524@1.75 
Purchases: CVVx450@11.55 MEETx1689@3.08 GFAx1114@4.67 JAKKx378@13.75 MBVXx26030@0.20 

2011-12-20
Cash: 18.82
Held: MEETx1689@2.98 CVVx450@11.68 JAKKx378@13.74 GFAx1114@4.64 MBVXx26030@0.20 
Value: 25877.62
Sales: CVVx450@11.68 MEETx1689@2.98 GFAx1114@4.64 JAKKx378@13.74 MBVXx26030@0.20 
Purchases: EDZx51@99.81 TZAx193@26.70 SRTYx390@13.26 KONEx11252@0.46 RTNBx10152@0.51 

2011-12-21
Cash: 112.31
Held: EDZx51@95.88 KONEx11252@0.47 SRTYx390@12.99 RTNBx10152@0.51 TZAx193@26.08 
Value: 25565.22
Sales: EDZx51@95.88 TZAx193@26.08 SRTYx390@12.99 KONEx11252@0.47 RTNBx10152@0.51 
Purchases: IMMYx56794@0.09 ORCLx199@25.69 ICNx253@20.20 RILYx42610@0.12 MGYRx2112@2.42 

2011-12-22
Cash: 5.16
Held: MGYRx2112@2.35 RILYx42610@0.12 IMMYx56794@0.10 ICNx253@20.28 ORCLx199@26.06 
Value: 26076.14
Sales: IMMYx56794@0.10 ORCLx199@26.06 MGYRx2112@2.35 RILYx42610@0.12 ICNx253@20.28 
Purchases: MLHRx282@18.44 LIVEx1303@4.00 GRRx425@12.25 ALSKx1585@3.29 ABIOx122@42.41 

2011-12-26
Cash: 71.79
Held: GRRx425@12.34 LIVEx1303@4.15 ALSKx1585@3.14 MLHRx282@18.48 ABIOx122@42.00 
Value: 26037.78
Sales: ABIOx122@42.00 LIVEx1303@4.15 GRRx425@12.34 ALSKx1585@3.14 MLHRx282@18.48 
Purchases: BRFx143@36.31 BIOPx4451@1.17 CAMPx1248@4.17 NLRx353@14.72 SNOAx4778@1.09 

2011-12-27
Cash: 28.28
Held: NLRx353@14.62 CAMPx1248@4.33 BRFx143@35.78 SNOAx4778@1.05 BIOPx4451@1.07 
Value: 25486.29
Sales: BRFx143@35.78 BIOPx4451@1.07 NLRx353@14.62 CAMPx1248@4.33 SNOAx4778@1.05 
Purchases: SHIPx2473@2.06 CPSSx5858@0.87 IESCx2613@1.95 PERFx426@11.94 SHLDx152@33.34 

2011-12-28
Cash: 43.93
Held: SHIPx2473@2.20 PERFx426@10.82 IESCx2613@1.85 SHLDx152@32.91 CPSSx5858@0.94 
Value: 25433.00
Sales: SHIPx2473@2.20 CPSSx5858@0.94 IESCx2613@1.85 PERFx426@10.82 SHLDx152@32.91 
Purchases: SRSCx508@10.00 KONEx14956@0.34 OGENx5037@1.01 ZAGGx765@6.65 FRBKx3712@1.37 

2011-12-29
Cash: 8.53
Held: ZAGGx765@7.07 SRSCx508@10.06 KONEx14956@0.31 FRBKx3712@1.45 OGENx5037@1.01 
Value: 25635.62
Sales: SRSCx508@10.06 OGENx5037@1.01 FRBKx3712@1.45 ZAGGx765@7.07 KONEx14956@0.31 
Purchases: CYANx737@6.95 CFBKx1654@3.10 CASIx5395@0.95 PERFx493@10.40 SCKTx2741@1.87 

2012-01-02
Cash: 8.57
Held: PERFx493@10.60 SCKTx2741@2.07 CASIx5395@1.15 CYANx737@6.88 CFBKx1654@3.23 
Value: 27529.17
Sales: CYANx737@6.88 CFBKx1654@3.23 CASIx5395@1.15 PERFx493@10.60 SCKTx2741@2.07 
Purchases: ACYx899@6.12 CYANx800@6.88 LOANx5560@0.99 GRBKx8218@0.67 MHOx573@9.59 

2012-01-03
Cash: 14.84
Held: GRBKx8218@0.64 LOANx5560@0.94 MHOx573@9.62 ACYx899@6.64 CYANx800@6.89 
Value: 27494.63
Sales: ACYx899@6.64 MHOx573@9.62 GRBKx8218@0.64 LOANx5560@0.94 CYANx800@6.89 
Purchases: OLEDx169@32.47 RNVAx1916@2.87 SCOx155@35.38 BZQx159@34.53 NEPTx2263@2.43 

2012-01-04
Cash: 38.16
Held: NEPTx2263@2.40 SCOx155@36.38 OLEDx169@34.72 RNVAx1916@3.00 BZQx159@35.47 
Value: 28363.37
Sales: SCOx155@36.38 RNVAx1916@3.00 OLEDx169@34.72 BZQx159@35.47 NEPTx2263@2.40 
Purchases: MLSSx11345@0.50 LIVEx2140@2.65 RPRXx1340@4.23 EVOLx986@5.75 KNDIx1818@3.12 

2012-01-05
Cash: 10.11
Held: RPRXx1340@4.61 LIVEx2140@2.84 MLSSx11345@0.54 KNDIx1818@3.19 EVOLx986@5.67 
Value: 29781.57
Sales: MLSSx11345@0.54 LIVEx2140@2.84 RPRXx1340@4.61 KNDIx1818@3.19 EVOLx986@5.67 
Purchases: DESTx397@14.98 BGIx7447@0.80 ARLx3345@1.78 AEOx444@13.40 BKSx532@11.19 

2012-01-08
Cash: 24.06
Held: AEOx444@13.21 DESTx397@14.97 BKSx532@11.65 BGIx7447@1.16 ARLx3345@1.70 
Value: 32356.12
Sales: DESTx397@14.97 BGIx7447@1.16 ARLx3345@1.70 AEOx444@13.21 BKSx532@11.65 
Purchases: MSBFx1425@4.54 PSMTx108@59.66 MDGLx1487@4.35 IARTx270@23.91 UCBIx1006@6.43 

2012-01-09
Cash: 51.35
Held: MSBFx1425@4.54 IARTx270@23.22 PSMTx108@59.09 MDGLx1487@4.29 UCBIx1006@6.60 
Value: 32189.71
Sales: MSBFx1425@4.54 PSMTx108@59.09 MDGLx1487@4.29 IARTx270@23.22 UCBIx1006@6.60 
Purchases: XBKSx2219@2.90 AWXx2402@2.68 RFILx1980@3.25 PNTRx1839@3.50 TCIx2565@2.51 

2012-01-10
Cash: 8.09
Held: AWXx2402@2.91 RFILx1980@3.58 TCIx2565@2.56 PNTRx1839@3.85 XBKSx2219@2.87 
Value: 34100.69
Sales: XBKSx2219@2.87 RFILx1980@3.58 PNTRx1839@3.85 TCIx2565@2.56 AWXx2402@2.91 
Purchases: IMNPx24355@0.28 HGGx622@10.96 SSYx5247@1.30 KONEx15863@0.43 IBIOx8976@0.76 

2012-01-11
Cash: 3.14
Held: SSYx5247@1.29 IMNPx24355@0.30 KONEx15863@0.42 IBIOx8976@0.76 HGGx622@10.93 
Value: 34358.81
Sales: IMNPx24355@0.30 HGGx622@10.93 SSYx5247@1.29 KONEx15863@0.42 IBIOx8976@0.76 
Purchases: SVBIx2862@2.40 COGx409@16.80 SVUx940@7.31 SUMRx1294@5.31 HRCx228@30.12 

2012-01-12
Cash: 11.07
Held: HRCx228@30.09 COGx409@16.78 SVUx940@7.04 SUMRx1294@5.08 SVBIx2862@2.60 
Value: 34363.87
Sales: SVBIx2862@2.60 SVUx940@7.04 COGx409@16.78 HRCx228@30.09 SUMRx1294@5.08 
Purchases: LPTHx6806@1.01 AEx201@34.12 WSMx203@33.84 BGFVx882@7.79 REXXx619@11.10 

2012-01-16
Cash: 20.18
Held: WSMx203@33.19 LPTHx6806@0.99 REXXx619@11.19 AEx201@36.34 BGFVx882@7.88 
Value: 34676.13
Sales: LPTHx6806@0.99 AEx201@36.34 WSMx203@33.19 BGFVx882@7.88 REXXx619@11.19 
Purchases: BDSIx3349@2.07 LIVEx2359@2.94 CBLIx108@63.81 GAIAx2133@3.25 DXTRx4177@1.66 

2012-01-17
Cash: 50.01
Held: CBLIx108@64.19 LIVEx2359@3.00 GAIAx2133@3.23 DXTRx4177@1.62 BDSIx3349@2.12 
Value: 34814.08
Sales: BDSIx3349@2.12 CBLIx108@64.19 LIVEx2359@3.00 DXTRx4177@1.62 GAIAx2133@3.23 
Purchases: PFSWx2719@2.56 ACHNx639@10.88 RRDx588@11.83 IBIOx9538@0.73 QRHCx27851@0.25 

2012-01-18
Cash: 17.60
Held: QRHCx27851@0.25 PFSWx2719@2.55 ACHNx639@10.62 IBIOx9538@0.72 RRDx588@11.94 
Value: 34588.96
Sales: PFSWx2719@2.55 ACHNx639@10.62 RRDx588@11.94 IBIOx9538@0.72 QRHCx27851@0.25 
Purchases: SOXSx181@38.19 SSGx185@37.38 BCLIx1849@3.74 BZQx236@29.23 ASURx1511@4.58 

2012-01-19
Cash: 30.10
Held: ASURx1511@4.49 BCLIx1849@3.60 BZQx236@29.06 SSGx185@36.41 SOXSx181@37.62 
Value: 33871.60
Sales: ASURx1511@4.49 SSGx185@36.41 BCLIx1849@3.60 BZQx236@29.06 SOXSx181@37.62 
Purchases: JASOx3849@1.76 TSLx836@8.10 SEEDx2586@2.62 YGEx1542@4.39 LXRXx4944@1.37 

2012-01-22
Cash: 8.05
Held: LXRXx4944@1.32 YGEx1542@4.20 TSLx836@7.91 JASOx3849@1.71 SEEDx2586@2.51 
Value: 32695.66
Sales: JASOx3849@1.71 YGEx1542@4.20 SEEDx2586@2.51 TSLx836@7.91 LXRXx4944@1.32 
Purchases: ZSLx579@11.28 NETEx32703@0.20 WGBSx59454@0.11 THSx116@56.28 NCITx849@7.70 

2012-01-23
Cash: 20.48
Held: WGBSx59454@0.12 ZSLx579@11.50 THSx116@56.62 NETEx32703@0.17 NCITx849@7.49 
Value: 32300.17
Sales: ZSLx579@11.50 NETEx32703@0.17 WGBSx59454@0.12 THSx116@56.62 NCITx849@7.49 
Purchases: CBPOx710@9.09 PAASx295@21.84 NETEx37990@0.17 MTZx407@15.84 IBIOx8727@0.74 

2012-01-24
Cash: 31.30
Held: CBPOx710@10.25 PAASx295@22.38 IBIOx8727@0.75 MTZx407@16.38 NETEx37990@0.20 
Value: 34715.44
Sales: CBPOx710@10.25 PAASx295@22.38 NETEx37990@0.20 MTZx407@16.38 IBIOx8727@0.75 
Purchases: FPAYx46279@0.15 TCBx661@10.50 NVGNx3157@2.20 GIGAx4659@1.49 UWNx4787@1.45 

2012-01-25
Cash: 3.94
Held: UWNx4787@1.52 NVGNx3157@2.60 GIGAx4659@1.34 FPAYx46279@0.20 TCBx661@10.46 
Value: 37895.46
Sales: FPAYx46279@0.20 TCBx661@10.46 NVGNx3157@2.60 GIGAx4659@1.34 UWNx4787@1.52 
Purchases: GLWx598@12.67 ZSLx724@10.46 BVSNx344@22.03 SUNWx94718@0.08 MARKx1297@5.84 

2012-01-26
Cash: 11.87
Held: BVSNx344@21.22 GLWx598@12.62 SUNWx94718@0.07 ZSLx724@10.13 MARKx1297@5.88 
Value: 36448.25
Sales: ZSLx724@10.13 BVSNx344@21.22 SUNWx94718@0.07 MARKx1297@5.88 GLWx598@12.62 
Purchases: CRRx71@102.06 FTKx647@11.25 CLFDx1235@5.90 CVMx21434@0.34 EFSCx590@12.35 

2012-01-29
Cash: 61.63
Held: CVMx21434@0.34 CLFDx1235@5.95 EFSCx590@12.34 FTKx647@11.35 CRRx71@98.00 
Value: 36283.63
Sales: CRRx71@98.00 CLFDx1235@5.95 CVMx21434@0.34 FTKx647@11.35 EFSCx590@12.34 
Purchases: EDAPx2925@2.48 PATKx1368@5.30 GDOTx254@28.47 VTNRx3253@2.23 ARCBx396@18.28 

2012-01-30
Cash: 50.64
Held: ARCBx396@18.12 VTNRx3253@2.30 PATKx1368@5.72 EDAPx2925@2.50 GDOTx254@28.38 
Value: 37055.58
Sales: GDOTx254@28.38 VTNRx3253@2.30 EDAPx2925@2.50 PATKx1368@5.72 ARCBx396@18.12 
Purchases: ASTCx10584@0.70 PBIBx3352@2.21 GSMx541@13.68 ROSGx19508@0.38 PMCx590@12.55 

2012-01-31
Cash: 19.53
Held: ASTCx10584@0.74 PBIBx3352@2.15 GSMx541@13.97 ROSGx19508@0.38 PMCx590@12.49 
Value: 37400.52
Sales: PBIBx3352@2.15 ASTCx10584@0.74 GSMx541@13.97 ROSGx19508@0.38 PMCx590@12.49 
Purchases: MNKDx2791@2.68 KONAx1338@5.59 PCHx245@30.42 PBIBx3478@2.15 OFGx656@11.40 

2012-02-01
Cash: 32.50
Held: MNKDx2791@2.47 KONAx1338@5.41 PCHx245@30.48 PBIBx3478@2.10 OFGx656@11.46 
Value: 36456.51
Sales: MNKDx2791@2.47 KONAx1338@5.41 PCHx245@30.48 PBIBx3478@2.10 OFGx656@11.46 
Purchases: SAUCx2430@3.00 INSYx560@13.00 UISx410@17.78 TOPSx5027@1.45 CKXx718@10.15 

2012-02-02
Cash: 19.49
Held: TOPSx5027@1.36 CKXx718@11.39 UISx410@18.33 INSYx560@14.50 SAUCx2430@3.00 
Value: 37960.98
Sales: SAUCx2430@3.00 INSYx560@14.50 UISx410@18.33 TOPSx5027@1.36 CKXx718@11.39 
Purchases: SHORx1406@5.40 ESXBx5708@1.33 RCONx18985@0.40 SPEXx7446@1.02 IBIOx9736@0.78 

2012-02-05
Cash: 3.13
Held: RCONx18985@0.43 ESXBx5708@1.29 SHORx1406@5.57 SPEXx7446@1.05 IBIOx9736@0.77 
Value: 38674.54
Sales: SHORx1406@5.57 RCONx18985@0.43 ESXBx5708@1.29 SPEXx7446@1.05 IBIOx9736@0.77 
Purchases: TJXx225@34.31 NVGNx3333@2.32 BRSx164@47.00 CNXNx784@9.86 NOAx1396@5.54 

2012-02-06
Cash: 50.34
Held: NOAx1396@5.52 TJXx225@34.59 BRSx164@46.72 NVGNx3333@2.80 CNXNx784@9.74 
Value: 40173.95
Sales: TJXx225@34.59 NVGNx3333@2.80 BRSx164@46.72 NOAx1396@5.52 CNXNx784@9.74 
Purchases: SNGXx11475@0.70 WINAx122@65.38 HALLx1131@7.10 SMIx3067@2.62 SOHUx155@51.59 

2012-02-07
Cash: 101.66
Held: HALLx1131@7.16 WINAx122@61.25 SOHUx155@51.84 SMIx3067@2.74 SNGXx11475@0.63 
Value: 39340.28
Sales: SNGXx11475@0.63 WINAx122@61.25 HALLx1131@7.16 SMIx3067@2.74 SOHUx155@51.84 
Purchases: GHDXx300@26.19 PFBXx809@9.72 NSUx1865@4.22 ANIPx9368@0.84 PDEXx3577@2.20 

2012-02-08
Cash: 19.33
Held: GHDXx300@26.59 ANIPx9368@0.90 PFBXx809@9.80 PDEXx3577@2.25 NSUx1865@4.11 
Value: 40065.65
Sales: NSUx1865@4.11 PFBXx809@9.80 GHDXx300@26.59 ANIPx9368@0.90 PDEXx3577@2.25 
Purchases: GIGMx6792@1.18 DLx2480@3.23 CDXSx1602@5.00 POWLx234@34.19 NUROx8804@0.91 

2012-02-09
Cash: 18.76
Held: NUROx8804@0.92 DLx2480@3.27 POWLx234@33.69 GIGMx6792@1.23 CDXSx1602@4.89 
Value: 40301.19
Sales: GIGMx6792@1.23 DLx2480@3.27 POWLx234@33.69 NUROx8804@0.92 CDXSx1602@4.89 
Purchases: AGYSx1127@7.15 INTLx357@22.52 APRIx220@36.50 MCZx14145@0.57 OSIRx1672@4.82 

2012-02-12
Cash: 57.10
Held: INTLx357@23.02 AGYSx1127@7.32 OSIRx1672@4.79 APRIx220@35.81 MCZx14145@0.55 
Value: 40186.72
Sales: AGYSx1127@7.32 INTLx357@23.02 APRIx220@35.81 MCZx14145@0.55 OSIRx1672@4.79 
Purchases: ELONx146@55.00 YGEx1519@5.29 ABx570@14.08 ASYSx896@8.96 HBPx10307@0.78 

2012-02-13
Cash: 31.85
Held: ELONx146@55.00 ASYSx896@9.00 YGEx1519@4.75 HBPx10307@0.81 ABx570@13.76 
Value: 39532.33
Sales: ELONx146@55.00 YGEx1519@4.75 ABx570@13.76 ASYSx896@9.00 HBPx10307@0.81 
Purchases: NTPx1396@5.66 RCONx11624@0.68 RAILx390@20.25 AMSCx167@47.19 CRD.Ax2092@3.78 

2012-02-14
Cash: 40.29
Held: RCONx11624@0.65 AMSCx167@46.09 CRD.Ax2092@3.73 RAILx390@20.67 NTPx1396@5.68 
Value: 39087.42
Sales: RAILx390@20.67 RCONx11624@0.65 AMSCx167@46.09 NTPx1396@5.68 CRD.Ax2092@3.73 
Purchases: CLNTx2473@3.16 PPHx212@36.84 RTHx198@39.44 SRTx3793@2.06 OIHx183@42.59 

2012-02-15
Cash: 42.55
Held: SRTx3793@2.03 RTHx198@39.62 PPHx212@37.09 CLNTx2473@3.10 OIHx183@43.25 
Value: 39029.38
Sales: CLNTx2473@3.10 PPHx212@37.09 RTHx198@39.62 SRTx3793@2.03 OIHx183@43.25 
Purchases: SBLKx7805@1.00 SINOx2550@3.06 TGTXx26015@0.30 APDNx2168@3.60 UCBAx1419@5.50 

2012-02-16
Cash: 5.76
Held: APDNx2168@3.48 SINOx2550@3.15 SBLKx7805@0.97 TGTXx26015@0.43 UCBAx1419@5.74 
Value: 42484.73
Sales: SBLKx7805@0.97 SINOx2550@3.15 TGTXx26015@0.43 APDNx2168@3.48 UCBAx1419@5.74 
Purchases: PTNx16038@0.53 ROSGx24984@0.34 FBPx2254@3.77 HDNGx856@9.92 ANIPx10755@0.79 

2012-02-20
Cash: 4.76
Held: ANIPx10755@0.71 PTNx16038@0.54 HDNGx856@10.52 FBPx2254@3.94 ROSGx24984@0.35 
Value: 42935.97
Sales: PTNx16038@0.54 ROSGx24984@0.35 FBPx2254@3.94 HDNGx856@10.52 ANIPx10755@0.71 
Purchases: GILDx192@44.69 ISRx16845@0.51 RPx418@20.53 PLBCx3957@2.17 EMKRx1654@5.19 

2012-02-21
Cash: 13.94
Held: RPx418@20.02 PLBCx3957@2.87 ISRx16845@0.51 EMKRx1654@5.11 GILDx192@44.53 
Value: 45321.57
Sales: GILDx192@44.53 ISRx16845@0.51 RPx418@20.02 PLBCx3957@2.87 EMKRx1654@5.11 
Purchases: TSRAx533@16.98 FBMSx979@9.26 GTXIx2531@3.58 NAIIx1436@6.31 CAMTx3923@2.31 

2012-02-22
Cash: 20.90
Held: CAMTx3923@2.42 GTXIx2531@3.51 FBMSx979@9.05 TSRAx533@16.95 NAIIx1436@6.36 
Value: 45422.44
Sales: FBMSx979@9.05 TSRAx533@16.95 GTXIx2531@3.51 NAIIx1436@6.36 CAMTx3923@2.42 
Purchases: MVISx2347@3.87 CFBKx2390@3.80 HTMx17147@0.53 GAZx1907@4.76 SYNx3882@2.34 

2012-02-23
Cash: 9.61
Held: SYNx3882@2.32 HTMx17147@0.54 GAZx1907@4.32 MVISx2347@3.92 CFBKx2390@3.80 
Value: 44799.87
Sales: CFBKx2390@3.80 MVISx2347@3.92 HTMx17147@0.54 SYNx3882@2.32 GAZx1907@4.32 
Purchases: EMEx320@27.92 JKSx1147@7.81 YGEx2345@3.82 SCKTx3931@2.28 BOSCx3026@2.96 

2012-02-26
Cash: 30.07
Held: SCKTx3931@2.36 JKSx1147@7.46 EMEx320@28.02 YGEx2345@3.94 BOSCx3026@3.04 
Value: 45261.68
Sales: EMEx320@28.02 YGEx2345@3.94 JKSx1147@7.46 BOSCx3026@3.04 SCKTx3931@2.36 
Purchases: INTx209@43.25 LIVEx1929@4.69 DECKx119@75.56 IAGx583@15.52 RBCNx962@9.41 

2012-02-27
Cash: 81.80
Held: LIVEx1929@4.58 INTx209@42.06 RBCNx962@9.83 DECKx119@75.62 IAGx583@15.47 
Value: 45176.38
Sales: INTx209@42.06 LIVEx1929@4.58 DECKx119@75.62 IAGx583@15.47 RBCNx962@9.83 
Purchases: IGLDx1158@7.80 MCHXx2135@4.23 VTNRx4145@2.18 SBSAx1960@4.61 PLBCx2737@3.30 

2012-02-28
Cash: 7.60
Held: PLBCx2737@3.52 VTNRx4145@2.30 IGLDx1158@8.04 MCHXx2135@4.29 SBSAx1960@4.36 
Value: 46188.06
Sales: IGLDx1158@8.04 MCHXx2135@4.29 VTNRx4145@2.30 SBSAx1960@4.36 PLBCx2737@3.52 
Purchases: SYKEx670@13.78 THLDx1779@5.19 APOLx216@42.62 WGBSx65976@0.14 CECOx1071@8.62 

2012-02-29
Cash: 45.49
Held: CECOx1071@8.63 APOLx216@42.34 THLDx1779@5.06 WGBSx65976@0.14 SYKEx670@13.76 
Value: 45892.06
Sales: THLDx1779@5.06 SYKEx670@13.76 APOLx216@42.34 WGBSx65976@0.14 CECOx1071@8.63 
Purchases: WMLPx1069@8.58 CNTFx1126@8.15 SGMSx887@10.34 MOCOx541@16.94 PHMDx823@11.14 

2012-03-01
Cash: 40.08
Held: CNTFx1126@8.05 MOCOx541@16.31 SGMSx887@10.30 PHMDx823@10.83 WMLPx1069@8.00 
Value: 44522.80
Sales: WMLPx1069@8.00 CNTFx1126@8.05 MOCOx541@16.31 SGMSx887@10.30 PHMDx823@10.83 
Purchases: CALIx1545@5.76 INVEx4543@1.96 DGIx717@12.41 SNMXx3029@2.94 BLDPx6545@1.36 

2012-03-04
Cash: 14.45
Held: CALIx1545@5.76 INVEx4543@1.99 DGIx717@12.21 SNMXx3029@2.81 BLDPx6545@1.43 
Value: 44583.64
Sales: CALIx1545@5.76 INVEx4543@1.99 DGIx717@12.21 SNMXx3029@2.81 BLDPx6545@1.43 
Purchases: PRTSx2280@3.91 OGENx4954@1.80 KFSx11007@0.81 CCMPx261@34.16 FANHx1490@5.98 

2012-03-05
Cash: 10.25
Held: PRTSx2280@3.67 CCMPx261@33.88 KFSx11007@0.83 OGENx4954@1.80 FANHx1490@5.98 
Value: 44182.85
Sales: PRTSx2280@3.67 OGENx4954@1.80 FANHx1490@5.98 CCMPx261@33.88 KFSx11007@0.83 
Purchases: WMLPx1246@7.09 MVISx3808@2.32 MDSYx4883@1.81 CVBx1117@7.91 CIXx600@14.70 

2012-03-06
Cash: 19.51
Held: CVBx1117@10.82 MDSYx4883@1.78 MVISx3808@2.33 WMLPx1246@8.26 CIXx600@14.74 
Value: 48806.35
Sales: WMLPx1246@8.26 MVISx3808@2.33 MDSYx4883@1.78 CVBx1117@10.82 CIXx600@14.74 
Purchases: NOAx2141@4.56 SMITx2994@3.26 NTRIx925@10.55 NUROx14147@0.69 AEZSx9@1062.00 

2012-03-07
Cash: 212.21
Held: NOAx2141@4.83 NUROx14147@0.69 NTRIx925@10.57 SMITx2994@3.40 AEZSx9@1080.00 
Value: 49988.13
Sales: AEZSx9@1080.00 SMITx2994@3.40 NOAx2141@4.83 NUROx14147@0.69 NTRIx925@10.57 
Purchases: GALEx7875@1.27 MBVXx55525@0.18 BWL.Ax1014@9.86 CLSNx1262@7.92 VRMLx4829@2.07 

2012-03-08
Cash: 0.74
Held: GALEx7875@1.32 BWL.Ax1014@11.07 CLSNx1262@7.70 VRMLx4829@1.95 MBVXx55525@0.18 
Value: 50754.89
Sales: GALEx7875@1.32 MBVXx55525@0.18 BWL.Ax1014@11.07 CLSNx1262@7.70 VRMLx4829@1.95 
Purchases: PDEXx4720@2.15 SMRTx1629@6.23 SONCx1392@7.29 WINTx2788@3.64 RWCx8604@1.18 

2012-03-11
Cash: 9.14
Held: RWCx8604@1.15 SONCx1392@7.30 PDEXx4720@2.15 SMRTx1629@6.39 WINTx2788@3.47 
Value: 50306.28
Sales: SONCx1392@7.30 RWCx8604@1.15 SMRTx1629@6.39 WINTx2788@3.47 PDEXx4720@2.15 
Purchases: DNNx6664@1.51 PPHMx15973@0.63 DYNx20122@0.50 ATHXx5917@1.70 MSTXx17344@0.58 

2012-03-12
Cash: 2.15
Held: DNNx6664@1.66 PPHMx15973@0.64 MSTXx17344@0.58 DYNx20122@0.55 ATHXx5917@1.64 
Value: 52116.18
Sales: PPHMx15973@0.64 DYNx20122@0.55 DNNx6664@1.66 MSTXx17344@0.58 ATHXx5917@1.64 
Purchases: EGHTx2605@4.00 FGPx667@15.62 AXDXx9387@1.11 BSPMx522@19.95 TESSx495@21.03 

2012-03-13
Cash: 30.65
Held: AXDXx9387@1.13 EGHTx2605@3.86 TESSx495@21.09 FGPx667@15.58 BSPMx522@17.84 
Value: 50836.98
Sales: EGHTx2605@3.86 BSPMx522@17.84 AXDXx9387@1.13 FGPx667@15.58 TESSx495@21.09 
Purchases: FAZx458@22.19 MEGx1897@5.36 HCIx863@11.77 OAx189@53.66 JCSx774@13.13 

2012-03-14
Cash: 42.07
Held: OAx189@53.78 JCSx774@13.10 HCIx863@11.89 FAZx458@21.16 MEGx1897@5.17 
Value: 50109.55
Sales: FAZx458@21.16 MEGx1897@5.17 HCIx863@11.89 OAx189@53.78 JCSx774@13.10 
Purchases: XRMx1500@6.68 WMLPx1476@6.79 IFONx13729@0.73 INVTx7710@1.30 MNDOx5303@1.89 

2012-03-15
Cash: 5.17
Held: MNDOx5303@1.88 XRMx1500@6.70 IFONx13729@0.79 INVTx7710@1.34 WMLPx1476@7.31 
Value: 51987.14
Sales: XRMx1500@6.70 WMLPx1476@7.31 IFONx13729@0.79 INVTx7710@1.34 MNDOx5303@1.88 
Purchases: GESx319@32.53 LPTHx5840@1.78 APUx259@40.00 SKLNx129940@0.08 CVOx279@37.19 

2012-03-18
Cash: 80.14
Held: CVOx279@35.12 SKLNx129940@0.07 APUx259@40.44 LPTHx5840@1.68 GESx319@32.62 
Value: 49666.83
Sales: GESx319@32.62 CVOx279@35.12 LPTHx5840@1.68 SKLNx129940@0.07 APUx259@40.44 
Purchases: GTYx712@13.94 SCKTx3448@2.88 SKLNx141890@0.07 WINTx3534@2.81 OGXIx724@13.71 

2012-03-19
Cash: 17.59
Held: OGXIx724@12.95 SCKTx3448@2.99 SKLNx141890@0.07 WINTx3534@2.82 GTYx712@14.14 
Value: 49674.43
Sales: GTYx712@14.14 SCKTx3448@2.99 SKLNx141890@0.07 WINTx3534@2.82 OGXIx724@12.95 
Purchases: SCONx14399@0.69 DYNx15772@0.63 WPCSx8074@1.23 CRMEx2337@4.25 VBFCx6710@1.48 

2012-03-20
Cash: 4.46
Held: WPCSx8074@1.29 VBFCx6710@1.43 DYNx15772@0.64 CRMEx2337@4.05 SCONx14399@0.74 
Value: 50234.98
Sales: SCONx14399@0.74 DYNx15772@0.64 WPCSx8074@1.29 VBFCx6710@1.43 CRMEx2337@4.05 
Purchases: MMACx25123@0.40 CBIOx280@35.84 FROx1374@7.31 DHTx10146@0.99 RWCx8733@1.15 

2012-03-21
Cash: 16.70
Held: DHTx10146@1.01 RWCx8733@1.09 FROx1374@6.80 MMACx25123@0.40 CBIOx280@35.22 
Value: 49031.66
Sales: CBIOx280@35.22 MMACx25123@0.40 DHTx10146@1.01 FROx1374@6.80 RWCx8733@1.09 
Purchases: DRAMx812@12.06 YGEx2566@3.82 BVSNx291@33.69 HEBx26495@0.37 AIRx502@19.50 

2012-03-22
Cash: 35.67
Held: BVSNx291@33.12 AIRx502@18.91 YGEx2566@3.91 DRAMx812@13.14 HEBx26495@0.37 
Value: 49675.88
Sales: DRAMx812@13.14 YGEx2566@3.91 BVSNx291@33.12 HEBx26495@0.37 AIRx502@18.91 
Purchases: PLUGx7094@1.40 GALEx4396@2.26 THMx2422@4.10 BVSNx299@33.12 ANTHx530@18.72 

2012-03-25
Cash: 48.28
Held: ANTHx530@19.59 GALEx4396@2.10 BVSNx299@28.50 PLUGx7094@1.45 THMx2422@4.17 
Value: 48576.32
Sales: PLUGx7094@1.45 GALEx4396@2.10 THMx2422@4.17 BVSNx299@28.50 ANTHx530@19.59 
Purchases: SHIPx2768@3.51 EDAPx5252@1.85 MMACx26978@0.36 XTNTx4117@2.36 ADUSx2028@4.79 

2012-03-26
Cash: 6.40
Held: ADUSx2028@4.79 SHIPx2768@3.18 XTNTx4117@2.26 MMACx26978@0.40 EDAPx5252@1.88 
Value: 48485.16
Sales: SHIPx2768@3.18 EDAPx5252@1.88 MMACx26978@0.40 XTNTx4117@2.26 ADUSx2028@4.79 
Purchases: HDSNx2992@3.24 RCONx4575@2.12 BVSNx350@27.70 GAZx2649@3.66 AUDCx3426@2.83 

2012-03-27
Cash: 7.61
Held: RCONx4575@2.15 BVSNx350@29.66 HDSNx2992@3.34 GAZx2649@3.75 AUDCx3426@2.64 
Value: 49198.68
Sales: RCONx4575@2.15 BVSNx350@29.66 AUDCx3426@2.64 GAZx2649@3.75 HDSNx2992@3.34 
Purchases: SGAx274@35.78 GRVYx3527@2.79 DHTx10040@0.98 BSPMx787@12.50 DSSx3258@3.02 

2012-03-28
Cash: 43.46
Held: DHTx10040@1.00 DSSx3258@3.05 SGAx274@35.81 GRVYx3527@2.63 BSPMx787@13.23 
Value: 49523.87
Sales: SGAx274@35.81 BSPMx787@13.23 DHTx10040@1.00 GRVYx3527@2.63 DSSx3258@3.05 
Purchases: CBKx5185@1.91 FPPx2220@4.46 PFINx2494@3.97 FSMx2313@4.28 PSDVx5028@1.97 

2012-03-29
Cash: 7.18
Held: PFINx2494@3.89 PSDVx5028@1.86 FSMx2313@4.52 CBKx5185@1.86 FPPx2220@4.51 
Value: 49179.86
Sales: CBKx5185@1.86 FPPx2220@4.51 PFINx2494@3.89 PSDVx5028@1.86 FSMx2313@4.52 
Purchases: OBCIx4275@2.30 DYNx17562@0.56 TWMCx4641@2.12 KZx1807@5.44 CPSSx7868@1.25 

2012-04-01
Cash: 5.72
Held: OBCIx4275@2.25 TWMCx4641@2.12 DYNx17562@0.52 KZx1807@5.21 CPSSx7868@1.20 
Value: 47451.29
Sales: CPSSx7868@1.20 KZx1807@5.21 DYNx17562@0.52 TWMCx4641@2.12 OBCIx4275@2.25 
Purchases: IDRAx5581@1.70 AGAx563@16.83 FINLx449@21.12 AWIx198@47.88 OIBR.Cx1526@6.22 

2012-04-02
Cash: 34.07
Held: AGAx563@16.97 AWIx198@47.50 FINLx449@21.92 OIBR.Cx1526@6.65 IDRAx5581@1.71 
Value: 48524.21
Sales: IDRAx5581@1.71 OIBR.Cx1526@6.65 AWIx198@47.50 AGAx563@16.97 FINLx449@21.92 
Purchases: OPHCx4579@2.12 YPFx419@23.16 MITKx1163@8.34 KERXx6341@1.53 AEZSx23@408.00 

2012-04-03
Cash: 326.95
Held: YPFx419@23.05 OPHCx4579@2.10 KERXx6341@1.64 MITKx1163@8.03 AEZSx23@432.00 
Value: 49271.06
Sales: OPHCx4579@2.10 YPFx419@23.05 MITKx1163@8.03 KERXx6341@1.64 AEZSx23@432.00 
Purchases: THLDx1359@7.25 OPHCx4693@2.10 CETVx1288@7.65 SFSTx1434@6.87 UECx2985@3.30 

2012-04-04
Cash: 7.67
Held: UECx2985@3.28 THLDx1359@7.22 OPHCx4693@1.80 SFSTx1434@6.86 CETVx1288@7.23 
Value: 47202.33
Sales: THLDx1359@7.22 OPHCx4693@1.80 CETVx1288@7.23 SFSTx1434@6.86 UECx2985@3.28 
Purchases: AEHRx8992@1.05 IDNx6741@1.40 CBLIx302@31.20 TOPSx4370@2.16 GSOLx1794@5.26 

2012-04-08
Cash: 19.70
Held: CBLIx302@31.00 TOPSx4370@2.13 AEHRx8992@1.14 GSOLx1794@5.34 IDNx6741@1.29 
Value: 47217.11
Sales: AEHRx8992@1.14 IDNx6741@1.29 CBLIx302@31.00 TOPSx4370@2.13 GSOLx1794@5.34 
Purchases: RTx1355@6.97 PTCx450@20.95 RCONx4313@2.19 SKLNx188914@0.05 LORLx145@64.94 

2012-04-09
Cash: 43.10
Held: RCONx4313@2.44 PTCx450@20.20 SKLNx188914@0.06 RTx1355@6.76 LORLx145@64.38 
Value: 49486.75
Sales: RTx1355@6.76 SKLNx188914@0.06 RCONx4313@2.44 PTCx450@20.20 LORLx145@64.38 
Purchases: NAUHx1658@5.97 VBFCx6871@1.44 MOHx406@24.38 CNCx479@20.64 COOLx107@92.00 

2012-04-10
Cash: 66.26
Held: VBFCx6871@1.56 MOHx406@24.77 COOLx107@93.69 CNCx479@20.94 NAUHx1658@6.20 
Value: 51168.84
Sales: NAUHx1658@6.20 CNCx479@20.94 MOHx406@24.77 VBFCx6871@1.56 COOLx107@93.69 
Purchases: AIIIx7582@1.35 DAIOx3653@2.80 SNMXx4695@2.18 ANIPx17642@0.58 AEZSx23@432.00 

2012-04-11
Cash: 301.48
Held: ANIPx17642@0.61 DAIOx3653@2.72 SNMXx4695@2.22 AIIIx7582@1.11 AEZSx23@420.00 
Value: 49504.30
Sales: AIIIx7582@1.11 DAIOx3653@2.72 SNMXx4695@2.22 ANIPx17642@0.61 AEZSx23@420.00 
Purchases: FHx3300@3.00 HOFTx853@11.59 GTIMx9003@1.10 WPCSx10103@0.98 NOKx2340@4.23 

2012-04-12
Cash: 15.01
Held: WPCSx10103@1.02 HOFTx853@11.73 GTIMx9003@2.07 FHx3300@3.04 NOKx2340@4.02 
Value: 58391.73
Sales: FHx3300@3.04 HOFTx853@11.73 WPCSx10103@1.02 NOKx2340@4.02 GTIMx9003@2.07 
Purchases: PRKRx10151@1.15 OPHCx5839@2.00 MDSYx9342@1.25 SSYx10715@1.09 CLDXx2794@4.18 

2012-04-15
Cash: 2.89
Held: SSYx10715@1.21 CLDXx2794@4.17 PRKRx10151@1.14 OPHCx5839@2.60 MDSYx9342@1.36 
Value: 64079.93
Sales: PRKRx10151@1.14 OPHCx5839@2.60 MDSYx9342@1.36 SSYx10715@1.21 CLDXx2794@4.17 
Purchases: SGOCx9706@1.32 CYTXx395@32.41 CLNTx3560@3.60 NFECx9635@1.33 INFYx269@47.50 

2012-04-16
Cash: 57.10
Held: NFECx9635@1.54 SGOCx9706@1.60 INFYx269@47.53 CLNTx3560@4.32 CYTXx395@34.19 
Value: 72091.47
Sales: SGOCx9706@1.60 CYTXx395@34.19 CLNTx3560@4.32 NFECx9635@1.54 INFYx269@47.53 
Purchases: CNETx8011@1.80 MYOSx120157@0.12 ITUSx80077@0.18 HALOx1739@8.29 GTIMx8684@1.66 

2012-04-17
Cash: 5.34
Held: ITUSx80077@0.18 CNETx8011@1.62 HALOx1739@8.11 GTIMx8684@1.59 MYOSx120157@0.11 
Value: 68526.18
Sales: CNETx8011@1.62 MYOSx120157@0.11 GTIMx8684@1.59 HALOx1739@8.11 ITUSx80077@0.18 
Purchases: SRPTx15396@0.89 OGENx8620@1.59 EDNx4966@2.76 AKO.Ax549@24.94 HCCIx720@19.02 

2012-04-18
Cash: 30.24
Held: EDNx4966@2.76 SRPTx15396@0.93 AKO.Ax549@27.00 HCCIx720@21.34 OGENx8620@1.59 
Value: 71951.18
Sales: SRPTx15396@0.93 EDNx4966@2.76 AKO.Ax549@27.00 OGENx8620@1.59 HCCIx720@21.34 
Purchases: MSBFx2398@6.00 GOLx2610@5.51 ENOCx2150@6.69 IRCPx1177@12.22 TNPx2290@6.28 

2012-04-19
Cash: 25.54
Held: MSBFx2398@6.00 ENOCx2150@6.51 GOLx2610@5.49 TNPx2290@6.38 IRCPx1177@13.01 
Value: 72656.04
Sales: MSBFx2398@6.00 GOLx2610@5.49 ENOCx2150@6.51 IRCPx1177@13.01 TNPx2290@6.38 
Purchases: HNIx609@23.83 HUSAx7607@1.91 ACHNx1754@8.28 GNTXx684@21.23 CKXx1218@11.92 

2012-04-22
Cash: 43.68
Held: CKXx1218@11.90 HNIx609@23.83 HUSAx7607@1.79 GNTXx684@20.95 ACHNx1754@6.74 
Value: 68815.02
Sales: HNIx609@23.83 HUSAx7607@1.79 ACHNx1754@6.74 GNTXx684@20.95 CKXx1218@11.90 
Purchases: HUSAx7688@1.79 MPAAx1755@7.84 DZSIx14484@0.95 EZPWx534@25.77 TPXx211@65.12 

2012-04-23
Cash: 31.42
Held: DZSIx14484@1.01 EZPWx534@26.33 HUSAx7688@1.63 TPXx211@61.34 MPAAx1755@7.90 
Value: 68051.92
Sales: HUSAx7688@1.63 MPAAx1755@7.90 EZPWx534@26.33 DZSIx14484@1.01 TPXx211@61.34 
Purchases: MVISx8102@1.68 OTELx2388@5.70 SNOAx13744@0.99 TNCx326@41.62 CBAKx3446@3.95 

2012-04-24
Cash: 44.82
Held: SNOAx13744@0.98 OTELx2388@5.93 TNCx326@41.97 MVISx8102@1.96 CBAKx3446@4.00 
Value: 71019.18
Sales: MVISx8102@1.96 OTELx2388@5.93 SNOAx13744@0.98 TNCx326@41.97 CBAKx3446@4.00 
Purchases: UCTTx2174@6.53 WKHSx74780@0.19 SANMx1632@8.70 NFLXx164@86.38 TROVx22905@0.62 

2012-04-25
Cash: 43.64
Held: UCTTx2174@6.81 SANMx1632@8.97 NFLXx164@85.06 TROVx22905@0.61 WKHSx74780@0.20 
Value: 72354.04
Sales: UCTTx2174@6.81 WKHSx74780@0.20 SANMx1632@8.97 NFLXx164@85.06 TROVx22905@0.61 
Purchases: IDRAx9911@1.46 SCHLx469@30.84 CNITx10960@1.32 HEIx357@40.50 TECSx1616@8.95 

2012-04-26
Cash: 21.27
Held: TECSx1616@8.95 HEIx357@40.94 SCHLx469@30.97 IDRAx9911@1.46 CNITx10960@1.28 
Value: 72130.02
Sales: IDRAx9911@1.46 SCHLx469@30.97 CNITx10960@1.28 HEIx357@40.94 TECSx1616@8.95 
Purchases: CLNTx3178@4.54 CLFDx3348@4.31 SRNEx32061@0.45 IDCCx527@27.33 GTIMx3817@3.78 

2012-04-29
Cash: 26.33
Held: IDCCx527@27.72 CLFDx3348@4.25 SRNEx32061@0.45 CLNTx3178@5.31 GTIMx3817@3.96 
Value: 75278.60
Sales: CLNTx3178@5.31 CLFDx3348@4.25 SRNEx32061@0.45 IDCCx527@27.72 GTIMx3817@3.96 
Purchases: CAPRx55757@0.27 SIMOx884@17.02 DGIIx1623@9.27 MXWLx1583@9.51 DECKx295@51.00 

2012-04-30
Cash: 34.65
Held: CAPRx55757@0.28 SIMOx884@15.54 DGIIx1623@9.25 DECKx295@52.50 MXWLx1583@9.58 
Value: 75047.20
Sales: MXWLx1583@9.58 SIMOx884@15.54 DGIIx1623@9.25 CAPRx55757@0.28 DECKx295@52.50 
Purchases: ABCDx6642@2.26 IMMYx19755@0.76 MMACx44134@0.34 FVEx4480@3.35 HOLXx798@18.80 

2012-05-01
Cash: 13.07
Held: FVEx4480@3.31 IMMYx19755@0.52 MMACx44134@0.34 HOLXx798@18.09 ABCDx6642@2.25 
Value: 69510.06
Sales: IMMYx19755@0.52 ABCDx6642@2.25 FVEx4480@3.31 MMACx44134@0.34 HOLXx798@18.09 
Purchases: COPx254@54.59 OPHCx10452@1.33 COYNx1694@8.20 TRRx2396@5.80 HLFx263@52.69 

2012-05-02
Cash: 89.69
Held: HLFx263@46.19 COPx254@54.25 TRRx2396@5.67 OPHCx10452@1.17 COYNx1694@8.50 
Value: 66233.34
Sales: HLFx263@46.19 OPHCx10452@1.17 TRRx2396@5.67 COYNx1694@8.50 COPx254@54.25 
Purchases: IDRAx11322@1.17 SYXx910@14.55 OPHCx11322@1.17 CEVAx764@17.33 PLTx403@32.84 

2012-05-03
Cash: 29.25
Held: CEVAx764@17.00 SYXx910@14.00 OPHCx11322@1.12 PLTx403@32.06 IDRAx11322@1.10 
Value: 63810.19
Sales: IDRAx11322@1.10 OPHCx11322@1.12 CEVAx764@17.00 PLTx403@32.06 SYXx910@14.00 
Purchases: NSYSx3535@3.61 WTWx205@62.19 CALDx2102@6.07 CACIx259@49.16 INSGx6412@1.99 

2012-05-06
Cash: 49.96
Held: CALDx2102@5.88 WTWx205@59.47 INSGx6412@1.96 CACIx259@48.44 NSYSx3535@3.61 
Value: 62470.24
Sales: CACIx259@48.44 NSYSx3535@3.61 INSGx6412@1.96 CALDx2102@5.88 WTWx205@59.47 
Purchases: BEBEx204@61.09 MTSCx301@41.50 CLNTx2623@4.76 MANTx503@24.80 SGYPx2783@4.49 

2012-05-07
Cash: 61.91
Held: CLNTx2623@4.56 MANTx503@24.78 BEBEx204@60.81 MTSCx301@42.03 SGYPx2783@4.53 
Value: 62151.69
Sales: BEBEx204@60.81 MTSCx301@42.03 CLNTx2623@4.56 MANTx503@24.78 SGYPx2783@4.53 
Purchases: CNETx5780@2.15 TPXx266@46.59 BSFTx389@31.91 ESEAx79@156.00 TAx2515@4.94 

2012-05-08
Cash: 165.33
Held: CNETx5780@2.05 ESEAx79@150.00 TPXx266@48.78 TAx2515@5.08 BSFTx389@31.22 
Value: 61760.24
Sales: CNETx5780@2.05 TAx2515@5.08 BSFTx389@31.22 ESEAx79@150.00 TPXx266@48.78 
Purchases: SMGx267@46.09 TCCOx1624@7.60 EGTx3088@4.00 SNCRx611@20.20 IDSYx2737@4.51 

2012-05-09
Cash: 63.58
Held: SNCRx611@20.62 SMGx267@46.91 EGTx3088@3.80 TCCOx1624@7.75 IDSYx2737@4.54 
Value: 61935.65
Sales: SMGx267@46.91 TCCOx1624@7.75 IDSYx2737@4.54 SNCRx611@20.62 EGTx3088@3.80 
Purchases: AEHRx10677@1.16 DVAXx318@38.91 AWREx2060@6.01 AMEDx1237@10.01 ANIPx29498@0.42 

2012-05-10
Cash: 25.82
Held: ANIPx29498@0.45 AEHRx10677@1.30 AMEDx1237@10.54 AWREx2060@5.90 DVAXx318@40.91 
Value: 65372.28
Sales: AEHRx10677@1.30 DVAXx318@40.91 AWREx2060@5.90 AMEDx1237@10.54 ANIPx29498@0.45 
Purchases: CDTIx1017@12.85 AMAGx986@13.25 WINx1315@9.94 CLROx3335@3.92 FANHx2052@6.37 

2012-05-13
Cash: 23.51
Held: CLROx3335@3.95 AMAGx986@12.99 CDTIx1017@13.15 FANHx2052@6.21 WINx1315@9.68 
Value: 64850.04
Sales: CDTIx1017@13.15 AMAGx986@12.99 WINx1315@9.68 CLROx3335@3.95 FANHx2052@6.21 
Purchases: UDOWx263@49.25 QLDx247@52.47 WLDNx5147@2.52 AMOTx2094@6.19 TQQQx263@49.28 

2012-05-14
Cash: 43.71
Held: WLDNx5147@2.29 QLDx247@52.09 TQQQx263@48.84 UDOWx263@48.53 AMOTx2094@6.26 
Value: 63414.33
Sales: UDOWx263@48.53 QLDx247@52.09 TQQQx263@48.84 AMOTx2094@6.26 WLDNx5147@2.29 
Purchases: GRBKx36226@0.35 IOTx6746@1.88 CIGx973@13.02 RBPAAx8346@1.52 CIG.Cx862@14.70 

2012-05-15
Cash: 22.10
Held: CIG.Cx862@14.86 RBPAAx8346@1.70 GRBKx36226@0.35 IOTx6746@1.94 CIGx973@13.18 
Value: 65617.33
Sales: IOTx6746@1.94 GRBKx36226@0.35 RBPAAx8346@1.70 CIGx973@13.18 CIG.Cx862@14.86 
Purchases: SVTx1678@7.82 AUMNx3233@4.06 SUMRx4417@2.97 HMNYx4861@2.70 LAKEx1724@7.61 

2012-05-16
Cash: 12.35
Held: LAKEx1724@7.99 AUMNx3233@3.38 SVTx1678@7.70 HMNYx4861@2.30 SUMRx4417@3.08 
Value: 62422.55
Sales: SVTx1678@7.70 SUMRx4417@3.08 LAKEx1724@7.99 HMNYx4861@2.30 AUMNx3233@3.38 
Purchases: ABCDx9112@1.37 CALLx675@18.48 CFBKx7901@1.58 CLNTx4523@2.76 JCPx481@25.94 

2012-05-17
Cash: 18.54
Held: CALLx675@17.73 CLNTx4523@2.42 ABCDx9112@1.26 JCPx481@26.30 CFBKx7901@1.53 
Value: 59153.02
Sales: ABCDx9112@1.26 JCPx481@26.30 CFBKx7901@1.53 CLNTx4523@2.42 CALLx675@17.73 
Purchases: IMMYx19398@0.61 STRSx1478@8.00 SYMXx14791@0.80 AAPx177@66.69 RRGBx388@30.47 

2012-05-20
Cash: 43.42
Held: SYMXx14791@0.90 IMMYx19398@0.80 AAPx177@69.81 STRSx1478@7.75 RRGBx388@32.03 
Value: 65107.92
Sales: IMMYx19398@0.80 STRSx1478@7.75 SYMXx14791@0.90 AAPx177@69.81 RRGBx388@32.03 
Purchases: RAVEx5085@2.56 KIRKx1236@10.53 RVLTx34277@0.38 GAZx3982@3.27 PNBKx7843@1.66 

2012-05-21
Cash: 9.79
Held: RVLTx34277@0.38 KIRKx1236@10.00 RAVEx5085@2.55 GAZx3982@3.32 PNBKx7843@1.75 
Value: 65308.49
Sales: RAVEx5085@2.55 KIRKx1236@10.00 RVLTx34277@0.38 GAZx3982@3.32 PNBKx7843@1.75 
Purchases: SSKNx5224@2.50 MIDZx514@25.39 CKXx1305@10.01 HMNYx6163@2.12 LOWx512@25.48 

2012-05-22
Cash: 29.25
Held: CKXx1305@10.01 LOWx512@26.19 SSKNx5224@2.93 MIDZx514@25.03 HMNYx6163@2.40 
Value: 69461.81
Sales: HMNYx6163@2.40 MIDZx514@25.03 CKXx1305@10.01 SSKNx5224@2.93 LOWx512@26.19 
Purchases: NAKx5622@2.47 HGTx1940@7.16 DGLYx27784@0.50 TGDx8738@1.59 CNTFx3019@4.60 

2012-05-23
Cash: 4.64
Held: CNTFx3019@4.90 TGDx8738@1.61 NAKx5622@2.46 DGLYx27784@0.51 HGTx1940@6.99 
Value: 70420.26
Sales: CNTFx3019@4.90 DGLYx27784@0.51 HGTx1940@6.99 TGDx8738@1.61 NAKx5622@2.46 
Purchases: GILTx4429@3.18 CHNRx2177@6.47 IESCx4855@2.90 SLCTx3274@4.30 CNSLx1009@13.95 

2012-05-24
Cash: 14.10
Held: IESCx4855@3.11 CNSLx1009@14.14 SLCTx3274@4.40 CHNRx2177@6.88 GILTx4429@3.27 
Value: 73234.62
Sales: GILTx4429@3.27 SLCTx3274@4.40 CNSLx1009@14.14 IESCx4855@3.11 CHNRx2177@6.88 
Purchases: MNROx434@33.72 WPRTx571@25.64 SRNEx91523@0.16 NTAPx511@28.61 CPRXx26152@0.56 

2012-05-28
Cash: 47.03
Held: CPRXx26152@0.55 NTAPx511@29.70 MNROx434@34.47 SRNEx91523@0.23 WPRTx571@25.45 
Value: 80145.50
Sales: MNROx434@34.47 WPRTx571@25.45 SRNEx91523@0.23 NTAPx511@29.70 CPRXx26152@0.55 
Purchases: PAYx449@35.62 SNGXx53421@0.30 VRMLx7706@2.08 NVGNx8014@2.00 DCTHx10756@1.49 

2012-05-29
Cash: 34.92
Held: PAYx449@36.25 NVGNx8014@2.15 DCTHx10756@1.50 VRMLx7706@2.09 SNGXx53421@0.29 
Value: 81276.91
Sales: PAYx449@36.25 SNGXx53421@0.29 NVGNx8014@2.15 VRMLx7706@2.09 DCTHx10756@1.50 
Purchases: XBKSx9506@1.71 CALIx6155@2.64 SHIPx7101@2.29 GIGx7525@2.16 UBCx835@19.45 

2012-05-30
Cash: 15.81
Held: CALIx6155@2.64 SHIPx7101@2.27 GIGx7525@2.31 UBCx835@19.45 XBKSx9506@1.40 
Value: 79327.14
Sales: GIGx7525@2.31 CALIx6155@2.64 SHIPx7101@2.27 XBKSx9506@1.40 UBCx835@19.45 
Purchases: DAKTx2421@6.55 GENEx3456@4.59 FROx3367@4.71 TTMx762@20.80 YPFx1240@12.79 

2012-05-31
Cash: 37.81
Held: TTMx762@20.11 YPFx1240@12.64 GENEx3456@4.48 FROx3367@4.27 DAKTx2421@6.39 
Value: 76367.25
Sales: DAKTx2421@6.39 FROx3367@4.27 GENEx3456@4.48 YPFx1240@12.64 TTMx762@20.11 
Purchases: AIIIx13889@1.10 XBKSx11316@1.35 CYRXx2401@6.36 CRMDx80411@0.19 SMIx10116@1.51 

2012-06-03
Cash: 7.56
Held: CRMDx80411@0.18 CYRXx2401@5.76 SMIx10116@1.53 AIIIx13889@1.34 XBKSx11316@1.32 
Value: 77349.74
Sales: AIIIx13889@1.34 XBKSx11316@1.32 CYRXx2401@5.76 CRMDx80411@0.18 SMIx10116@1.53 
Purchases: STRSx2209@7.00 SOXLx696@22.22 PDCEx709@21.80 GASLx891@17.34 QUIKx7097@2.18 

2012-06-04
Cash: 45.98
Held: QUIKx7097@2.03 SOXLx696@23.72 GASLx891@18.72 PDCEx709@21.77 STRSx2209@7.13 
Value: 78814.14
Sales: STRSx2209@7.13 PDCEx709@21.77 SOXLx696@23.72 QUIKx7097@2.03 GASLx891@18.72 
Purchases: ISDRx5398@2.92 CQPx795@19.81 BSPMx2066@7.63 MMACx56289@0.28 RTNBx30311@0.52 

2012-06-05
Cash: 15.27
Held: ISDRx5398@3.00 CQPx795@20.23 RTNBx30311@0.50 MMACx56289@0.28 BSPMx2066@7.56 
Value: 78829.72
Sales: ISDRx5398@3.00 CQPx795@20.23 BSPMx2066@7.56 MMACx56289@0.28 RTNBx30311@0.50 
Purchases: FHx4427@3.56 PIPx10649@1.48 LLITx9167@1.72 CPHIx54358@0.29 XTNTx13136@1.20 

2012-06-06
Cash: 5.22
Held: XTNTx13136@1.36 LLITx9167@1.87 CPHIx54358@0.34 PIPx10649@1.64 FHx4427@3.70 
Value: 87341.72
Sales: PIPx10649@1.64 FHx4427@3.70 LLITx9167@1.87 CPHIx54358@0.34 XTNTx13136@1.36 
Purchases: SNGXx64692@0.27 YANGx1076@16.23 GBRx16795@1.04 FCELx17133@1.02 ERYx229@76.12 

2012-06-07
Cash: 37.72
Held: ERYx229@76.00 FCELx17133@1.02 GBRx16795@1.20 SNGXx64692@0.23 YANGx1076@16.38 
Value: 87564.03
Sales: SNGXx64692@0.23 FCELx17133@1.02 YANGx1076@16.38 GBRx16795@1.20 ERYx229@76.00 
Purchases: AIIIx15772@1.11 ZNx9413@1.86 REEDx5290@3.31 CVTIx5290@3.31 BLINx1990@8.80 

2012-06-10
Cash: 8.70
Held: ZNx9413@1.88 CVTIx5290@3.24 BLINx1990@9.45 REEDx5290@3.37 AIIIx15772@1.27 
Value: 91502.40
Sales: AIIIx15772@1.27 ZNx9413@1.88 REEDx5290@3.37 CVTIx5290@3.24 BLINx1990@9.45 
Purchases: TIKx4753@3.85 SITOx96348@0.19 SAJAx26524@0.69 MGPIx5139@3.56 GUREx14640@1.25 

