2012-05-31
Cash: 10000.00
Held: 
Value: 10000.00
Sales: 
Purchases: AIIIx1818@1.10 XBKSx1481@1.35 CYRXx314@6.36 CRMDx10529@0.19 SMIx1324@1.51 

2012-06-03
Cash: 6.47
Held: CRMDx10529@0.18 CYRXx314@5.76 SMIx1324@1.53 AIIIx1818@1.34 XBKSx1481@1.32 
Value: 10128.74
Sales: AIIIx1818@1.34 XBKSx1481@1.32 CYRXx314@5.76 CRMDx10529@0.18 SMIx1324@1.53 
Purchases: STRSx289@7.00 SOXLx91@22.22 PDCEx92@21.80 GASLx116@17.34 QUIKx929@2.18 

2012-06-04
Cash: 41.71
Held: QUIKx929@2.03 SOXLx91@23.72 GASLx116@18.72 PDCEx92@21.77 STRSx289@7.13 
Value: 10319.40
Sales: STRSx289@7.13 PDCEx92@21.77 SOXLx91@23.72 QUIKx929@2.03 GASLx116@18.72 
Purchases: ISDRx706@2.92 CQPx104@19.81 BSPMx270@7.63 MMACx7370@0.28 RTNBx3968@0.52 

2012-06-05
Cash: 10.38
Held: ISDRx706@3.00 CQPx104@20.23 RTNBx3968@0.50 MMACx7370@0.28 BSPMx270@7.56 
Value: 10321.39
Sales: ISDRx706@3.00 CQPx104@20.23 BSPMx270@7.56 MMACx7370@0.28 RTNBx3968@0.50 
Purchases: FHx579@3.56 PIPx1394@1.48 LLITx1200@1.72 CPHIx7117@0.29 XTNTx1719@1.20 

2012-06-06
Cash: 5.05
Held: XTNTx1719@1.36 LLITx1200@1.87 CPHIx7117@0.34 PIPx1394@1.64 FHx579@3.70 
Value: 11435.55
Sales: PIPx1394@1.64 FHx579@3.70 LLITx1200@1.87 CPHIx7117@0.34 XTNTx1719@1.36 
Purchases: SNGXx8470@0.27 YANGx140@16.23 GBRx2199@1.04 FCELx2243@1.02 ERYx30@76.12 

2012-06-07
Cash: 18.07
Held: ERYx30@76.00 FCELx2243@1.02 GBRx2199@1.20 SNGXx8470@0.23 YANGx140@16.38 
Value: 11464.55
Sales: SNGXx8470@0.23 FCELx2243@1.02 YANGx140@16.38 GBRx2199@1.20 ERYx30@76.00 
Purchases: AIIIx2065@1.11 ZNx1232@1.86 REEDx692@3.31 CVTIx692@3.31 BLINx260@8.80 

2012-06-10
Cash: 10.73
Held: ZNx1232@1.88 CVTIx692@3.24 BLINx260@9.45 REEDx692@3.37 AIIIx2065@1.27 
Value: 11979.83
Sales: AIIIx2065@1.27 ZNx1232@1.88 REEDx692@3.37 CVTIx692@3.24 BLINx260@9.45 
Purchases: TIKx622@3.85 SITOx12614@0.19 SAJAx3472@0.69 MGPIx672@3.56 GUREx1916@1.25 

2012-06-11
Cash: 6.29
Held: SAJAx3472@0.71 SITOx12614@0.20 GUREx1916@1.24 MGPIx672@3.53 TIKx622@3.74 
Value: 12067.86
Sales: TIKx622@3.74 SAJAx3472@0.71 MGPIx672@3.53 GUREx1916@1.24 SITOx12614@0.20 
Purchases: CTICx6@373.75 ADGEx1044@2.31 CNCx179@13.45 WCGx46@51.50 TIKx645@3.74 

2012-06-12
Cash: 223.59
Held: CTICx6@345.00 ADGEx1044@2.51 WCGx46@51.06 CNCx179@13.42 TIKx645@3.82 
Value: 12129.27
Sales: CNCx179@13.42 TIKx645@3.82 CTICx6@345.00 WCGx46@51.06 ADGEx1044@2.51 
Purchases: ABCDx2108@1.15 TGSx1426@1.70 LIVEx506@4.79 IRIXx722@3.36 BLINx290@8.35 

2012-06-13
Cash: 9.08
Held: IRIXx722@3.22 LIVEx506@5.20 TGSx1426@1.73 BLINx290@7.85 ABCDx2108@1.14 
Value: 12112.22
Sales: ABCDx2108@1.14 TGSx1426@1.73 IRIXx722@3.22 LIVEx506@5.20 BLINx290@7.85 
Purchases: REGNx21@110.88 MEETx1081@2.24 JVAx412@5.87 BPOPx178@13.58 GBRx2351@1.03 

2012-06-14
Cash: 104.18
Held: MEETx1081@2.23 REGNx21@113.88 JVAx412@5.78 GBRx2351@1.10 BPOPx178@14.27 
Value: 12414.42
Sales: REGNx21@113.88 MEETx1081@2.23 JVAx412@5.78 BPOPx178@14.27 GBRx2351@1.10 
Purchases: VRTBx2052@1.21 DLx827@3.00 OHRPx2759@0.90 LSCCx660@3.76 KFSx5172@0.48 

2012-06-17
Cash: 3.84
Held: DLx827@3.00 OHRPx2759@0.90 VRTBx2052@1.22 LSCCx660@3.50 KFSx5172@0.45 
Value: 12107.70
Sales: KFSx5172@0.45 DLx827@3.00 OHRPx2759@0.90 VRTBx2052@1.22 LSCCx660@3.50 
Purchases: MVISx1153@2.10 JOBx6210@0.39 TEUMx1391@1.74 AIQx2752@0.88 IIVIx150@16.12 

2012-06-18
Cash: 4.77
Held: TEUMx1391@1.71 JOBx6210@0.41 IIVIx150@16.69 AIQx2752@0.89 MVISx1153@2.06 
Value: 12257.47
Sales: MVISx1153@2.06 JOBx6210@0.41 TEUMx1391@1.71 AIQx2752@0.89 IIVIx150@16.69 
Purchases: CWEIx48@50.44 MMACx8754@0.28 GTIMx1017@2.41 REEDx803@3.05 DLHCx1871@1.31 

2012-06-19
Cash: 33.98
Held: CWEIx48@49.88 DLHCx1871@1.30 GTIMx1017@2.49 REEDx803@3.14 MMACx8754@0.27 
Value: 12278.15
Sales: CWEIx48@49.88 MMACx8754@0.27 GTIMx1017@2.49 REEDx803@3.14 DLHCx1871@1.30 
Purchases: LUNAx1594@1.54 SSNx1949@1.26 RVLTx6819@0.36 RILYx8466@0.29 WLDNx1574@1.56 

2012-06-20
Cash: 2.24
Held: SSNx1949@1.18 RVLTx6819@0.37 WLDNx1574@1.50 RILYx8466@0.33 LUNAx1594@1.53 
Value: 12419.98
Sales: LUNAx1594@1.53 SSNx1949@1.18 RVLTx6819@0.37 RILYx8466@0.33 WLDNx1574@1.50 
Purchases: IFMIx3105@0.80 ETHx133@18.59 LZBx221@11.21 TTGTx499@4.97 HGSHx4517@0.55 

2012-06-21
Cash: 23.13
Held: IFMIx3105@0.80 TTGTx499@5.08 LZBx221@11.49 HGSHx4517@0.56 ETHx133@18.11 
Value: 12518.61
Sales: ETHx133@18.11 IFMIx3105@0.80 TTGTx499@5.08 HGSHx4517@0.56 LZBx221@11.49 
Purchases: KEGx314@7.96 BRKRx185@13.47 PDCEx124@20.12 HOTRx576@4.34 KFSx4911@0.51 

2012-06-24
Cash: 28.45
Held: BRKRx185@12.96 HOTRx576@4.28 KEGx314@7.09 PDCEx124@19.62 KFSx4911@0.50 
Value: 12007.43
Sales: KEGx314@7.09 BRKRx185@12.96 PDCEx124@19.62 HOTRx576@4.28 KFSx4911@0.50 
Purchases: IDRAx2824@0.85 ARTXx2610@0.92 ARNAx260@9.20 Rx69@34.34 RVSBx2223@1.08 

2012-06-25
Cash: 42.21
Held: ARTXx2610@0.93 Rx69@34.59 ARNAx260@8.85 IDRAx2824@0.89 RVSBx2223@1.12 
Value: 12162.11
Sales: IDRAx2824@0.89 ARTXx2610@0.93 ARNAx260@8.85 Rx69@34.59 RVSBx2223@1.12 
Purchases: IMMRx392@6.19 SNGXx10576@0.23 PESx371@6.54 PGTIx946@2.57 KEXx53@45.38 

2012-06-26
Cash: 40.43
Held: PGTIx946@2.83 PESx371@6.77 KEXx53@45.84 IMMRx392@5.97 SNGXx10576@0.24 
Value: 12536.78
Sales: IMMRx392@5.97 SNGXx10576@0.24 KEXx53@45.84 PGTIx946@2.83 PESx371@6.77 
Purchases: OGENx1160@2.16 JKSx735@3.41 RVLTx9643@0.26 CLSNx198@12.60 MBVXx1205@2.08 

2012-06-27
Cash: 15.66
Held: RVLTx9643@0.25 JKSx735@3.30 CLSNx198@13.36 OGENx1160@2.16 MBVXx1205@2.20 
Value: 12653.48
Sales: MBVXx1205@2.20 OGENx1160@2.16 RVLTx9643@0.25 CLSNx198@13.36 JKSx735@3.30 
Purchases: RAVEx977@2.59 OMERx244@10.34 DLTRx48@52.19 ORLYx31@81.31 EVLVx1234@2.05 

2012-06-28
Cash: 42.98
Held: DLTRx48@53.81 RAVEx977@2.73 EVLVx1234@2.08 OMERx244@10.00 ORLYx31@83.75 
Value: 12896.71
Sales: RAVEx977@2.73 OMERx244@10.00 DLTRx48@53.81 ORLYx31@83.75 EVLVx1234@2.08 
Purchases: UUUUx12899@0.20 ORBKx338@7.62 GRBKx724@3.56 ANTHx476@5.41 JAKKx161@16.02 

2012-07-01
Cash: 10.02
Held: ORBKx338@7.72 ANTHx476@5.56 GRBKx724@3.54 JAKKx161@16.31 UUUUx12899@0.18 
Value: 12775.96
Sales: UUUUx12899@0.18 ORBKx338@7.72 GRBKx724@3.54 ANTHx476@5.56 JAKKx161@16.31 
Purchases: DPKx23@109.19 SRNEx10220@0.25 BZQx65@39.00 SQQQx55@46.44 ERYx38@66.44 

2012-07-02
Cash: 95.96
Held: DPKx23@106.19 ERYx38@61.69 SRNEx10220@0.25 SQQQx55@45.34 BZQx65@37.75 
Value: 12385.05
Sales: SRNEx10220@0.25 BZQx65@37.75 DPKx23@106.19 ERYx38@61.69 SQQQx55@45.34 
Purchases: MTRx82@30.00 GALTx1500@1.65 IRIXx676@3.66 DLx794@3.12 ANIPx1063@2.33 

2012-07-04
Cash: 21.73
Held: IRIXx676@3.45 ANIPx1063@2.18 DLx794@3.10 GALTx1500@1.89 MTRx82@29.75 
Value: 12405.47
Sales: GALTx1500@1.89 MTRx82@29.75 IRIXx676@3.45 DLx794@3.10 ANIPx1063@2.18 
Purchases: TCAPx108@22.92 CVOx141@17.59 SVTx305@8.12 RICx624@3.97 RNVAx582@4.26 

2012-07-05
Cash: 15.41
Held: TCAPx108@22.98 CVOx141@17.20 RICx624@3.84 RNVAx582@4.32 SVTx305@8.25 
Value: 12350.10
Sales: TCAPx108@22.98 CVOx141@17.20 SVTx305@8.25 RICx624@3.84 RNVAx582@4.32 
Purchases: CBMXx1@1890.00 HUSAx2111@1.17 SMEDx737@3.35 VISNx3527@0.70 CATOx87@28.38 

2012-07-08
Cash: 583.52
Held: SMEDx737@3.30 HUSAx2111@1.18 VISNx3527@0.69 CATOx87@28.22 CBMXx1@1890.00 
Value: 12284.97
Sales: CBMXx1@1890.00 HUSAx2111@1.18 SMEDx737@3.30 VISNx3527@0.69 CATOx87@28.22 
Purchases: MNGAx626@3.92 NAVx103@23.67 SCMPx470@5.22 MSTRx20@118.25 PFBCx210@11.66 

2012-07-09
Cash: 127.27
Held: MNGAx626@4.05 PFBCx210@11.64 SCMPx470@5.07 MSTRx20@113.31 NAVx103@21.95 
Value: 12018.06
Sales: MNGAx626@4.05 NAVx103@21.95 SCMPx470@5.07 MSTRx20@113.31 PFBCx210@11.64 
Purchases: BPIx183@13.07 PPCx401@5.99 LMNXx124@19.33 SIMOx185@12.97 ADGEx1201@2.00 

2012-07-10
Cash: 26.98
Held: BPIx183@13.01 SIMOx185@11.53 LMNXx124@18.14 ADGEx1201@1.93 PPCx401@5.68 
Value: 11385.24
Sales: BPIx183@13.01 PPCx401@5.68 LMNXx124@18.14 SIMOx185@11.53 ADGEx1201@1.93 
Purchases: UAAx50@45.47 GRBKx739@3.08 QTMx1626@1.40 LIVEx198@11.47 RNVAx656@3.47 

2012-07-11
Cash: 11.00
Held: LIVEx198@10.80 GRBKx739@2.81 RNVAx656@3.94 QTMx1626@1.41 UAAx50@46.31 
Value: 11418.59
Sales: UAAx50@46.31 LIVEx198@10.80 QTMx1626@1.41 GRBKx739@2.81 RNVAx656@3.94 
Purchases: GVx1047@2.18 HGGx312@7.31 SEEDx1564@1.46 ADTNx103@21.98 VOXXx287@7.94 

2012-07-12
Cash: 29.22
Held: GVx1047@2.32 ADTNx103@21.58 HGGx312@7.23 VOXXx287@8.01 SEEDx1564@1.47 
Value: 11533.94
Sales: GVx1047@2.32 HGGx312@7.23 VOXXx287@8.01 SEEDx1564@1.47 ADTNx103@21.58 
Purchases: CALXx478@4.82 CFBKx1397@1.65 SVUx994@2.32 CADCx226@10.20 DRWIx31@73.25 

2012-07-15
Cash: 41.19
Held: CALXx478@4.78 SVUx994@2.48 DRWIx31@68.25 CADCx226@10.92 CFBKx1397@1.74 
Value: 11807.41
Sales: CALXx478@4.78 DRWIx31@68.25 SVUx994@2.48 CADCx226@10.92 CFBKx1397@1.74 
Purchases: DLx735@3.21 ACADx1503@1.57 VISNx3749@0.63 VIRCx1466@1.61 MARKx901@2.62 

2012-07-16
Cash: 5.14
Held: DLx735@3.29 ACADx1503@1.61 VISNx3749@0.61 VIRCx1466@1.60 MARKx901@2.59 
Value: 11807.81
Sales: DLx735@3.29 ACADx1503@1.61 VISNx3749@0.61 VIRCx1466@1.60 MARKx901@2.59 
Purchases: DFx177@13.30 WOOFx110@21.34 OGENx983@2.40 CRMDx11247@0.21 MATXx95@24.72 

2012-07-17
Cash: 37.16
Held: MATXx95@24.83 DFx177@12.98 CRMDx11247@0.25 WOOFx110@21.56 OGENx983@2.40 
Value: 12235.89
Sales: DFx177@12.98 WOOFx110@21.56 OGENx983@2.40 CRMDx11247@0.25 MATXx95@24.83 
Purchases: CBMXx1@1724.00 HUBGx77@31.45 NUROx4148@0.59 ANIPx1482@1.65 EDUx257@9.50 

2012-07-18
Cash: 755.95
Held: EDUx257@11.20 NUROx4148@0.62 ANIPx1482@1.60 HUBGx77@31.88 CBMXx1@1688.00 
Value: 12720.40
Sales: CBMXx1@1688.00 HUBGx77@31.88 ANIPx1482@1.60 NUROx4148@0.62 EDUx257@11.20 
Purchases: MBOTx1816@1.40 NHTCx1957@1.30 SVBIx978@2.60 LXRXx898@2.83 HHSx347@7.32 

2012-07-19
Cash: 9.59
Held: MBOTx1816@1.55 LXRXx898@2.71 NHTCx1957@1.40 HHSx347@7.02 SVBIx978@2.56 
Value: 12939.02
Sales: MBOTx1816@1.55 NHTCx1957@1.40 SVBIx978@2.56 HHSx347@7.02 LXRXx898@2.71 
Purchases: SYPRx431@6.00 TSUx121@21.23 MITKx851@3.04 POOLx70@36.81 ANTHx283@9.12 

2012-07-22
Cash: 40.38
Held: SYPRx431@5.65 ANTHx283@8.80 TSUx121@20.58 MITKx851@2.74 POOLx70@36.81 
Value: 12363.14
Sales: POOLx70@36.81 TSUx121@20.58 ANTHx283@8.80 SYPRx431@5.65 MITKx851@2.74 
Purchases: CMGx8@306.00 ABEOx7725@0.32 STAAx423@5.84 RMBSx594@4.16 GOROx144@17.11 

2012-07-23
Cash: 37.47
Held: CMGx8@294.25 ABEOx7725@0.37 GOROx144@17.12 STAAx423@5.59 RMBSx594@4.07 
Value: 12498.90
Sales: CMGx8@294.25 ABEOx7725@0.37 STAAx423@5.59 RMBSx594@4.07 GOROx144@17.12 
Purchases: BGIx2808@0.89 RCONx1748@1.43 VISNx9257@0.27 PETSx265@9.43 AMCNx1488@1.68 

2012-07-24
Cash: 2.48
Held: AMCNx1488@1.64 RCONx1748@1.48 PETSx265@9.36 VISNx9257@0.30 BGIx2808@1.10 
Value: 13375.63
Sales: AMCNx1488@1.64 RCONx1748@1.48 VISNx9257@0.30 PETSx265@9.36 BGIx2808@1.10 
Purchases: DVx129@20.64 LINCx540@4.95 BYDx504@5.30 GNTXx178@14.98 BRKRx234@11.43 

2012-07-25
Cash: 28.44
Held: BYDx504@5.37 BRKRx234@11.34 DVx129@19.94 LINCx540@4.49 GNTXx178@15.00 
Value: 13055.52
Sales: DVx129@19.94 GNTXx178@15.00 BYDx504@5.37 BRKRx234@11.34 LINCx540@4.49 
Purchases: ANTMx48@53.38 CBMGx32631@0.08 IGTx234@11.14 NFLXx45@57.00 DHXx367@7.10 

2012-07-26
Cash: 104.30
Held: ANTMx48@55.12 DHXx367@7.80 NFLXx45@58.91 IGTx234@11.35 CBMGx32631@0.09 
Value: 13857.90
Sales: ANTMx48@55.12 CBMGx32631@0.09 IGTx234@11.35 NFLXx45@58.91 DHXx367@7.80 
Purchases: INODx778@3.56 CRRx41@67.44 LOGMx119@23.27 WEBx178@15.53 NGx692@4.00 

2012-07-29
Cash: 21.69
Held: WEBx178@15.40 NGx692@3.98 INODx778@3.34 CRRx41@65.50 LOGMx119@24.39 
Value: 13703.48
Sales: INODx778@3.34 WEBx178@15.40 CRRx41@65.50 LOGMx119@24.39 NGx692@3.98 
Purchases: SBUXx58@46.88 PBIBx1851@1.48 SRNEx13706@0.20 RSYSx820@3.34 ELGXx229@11.95 

2012-07-30
Cash: 27.91
Held: PBIBx1851@1.50 SRNEx13706@0.15 SBUXx58@45.28 ELGXx229@11.75 RSYSx820@3.41 
Value: 12974.04
Sales: SBUXx58@45.28 PBIBx1851@1.50 SRNEx13706@0.15 RSYSx820@3.41 ELGXx229@11.75 
Purchases: ACURx279@9.30 DWSNx123@20.94 PGNXx497@5.21 AWIx67@38.66 SMMFx674@3.85 

2012-07-31
Cash: 30.46
Held: PGNXx497@4.72 AWIx67@39.22 DWSNx123@18.95 ACURx279@7.85 SMMFx674@4.00 
Value: 12221.15
Sales: ACURx279@7.85 DWSNx123@18.95 PGNXx497@4.72 AWIx67@39.22 SMMFx674@4.00 
Purchases: CBMXx1@1603.00 ABACx804@3.04 DLx977@2.50 HFx190@12.86 MGLNx51@47.50 

2012-08-01
Cash: 866.46
Held: ABACx804@3.20 DLx977@2.50 HFx190@12.73 MGLNx51@47.50 CBMXx1@1687.00 
Value: 12408.68
Sales: CBMXx1@1687.00 ABACx804@3.20 DLx977@2.50 HFx190@12.73 MGLNx51@47.50 
Purchases: FNCXx729@3.40 TTMIx276@8.98 ARCBx248@9.98 CECOx792@3.13 URREx4355@0.57 

2012-08-02
Cash: 16.85
Held: ARCBx248@9.92 CECOx792@3.08 FNCXx729@3.05 URREx4355@0.59 TTMIx276@9.40 
Value: 12303.66
Sales: FNCXx729@3.05 TTMIx276@9.40 CECOx792@3.08 ARCBx248@9.92 URREx4355@0.59 
Purchases: INCYx133@18.48 LINCx715@3.44 IRDMx328@7.50 MTGx2929@0.84 CECOx798@3.08 

2012-08-05
Cash: 8.22
Held: CECOx798@3.46 INCYx133@18.30 LINCx715@3.48 MTGx2929@1.00 IRDMx328@7.14 
Value: 12963.19
Sales: INCYx133@18.30 LINCx715@3.48 MTGx2929@1.00 CECOx798@3.46 IRDMx328@7.14 
Purchases: SSFNx636@4.07 ROSGx573@4.52 DPKx26@99.38 ABIOx160@16.14 WCGx47@54.59 

2012-08-06
Cash: 52.63
Held: DPKx26@96.75 WCGx47@57.16 ABIOx160@15.54 SSFNx636@4.19 ROSGx573@4.24 
Value: 12834.99
Sales: SSFNx636@4.19 ROSGx573@4.24 DPKx26@96.75 ABIOx160@15.54 WCGx47@57.16 
Purchases: EXELx560@4.58 ABEOx5462@0.47 SVUx1110@2.31 DRAMx251@10.23 AVEOx294@8.70 

2012-08-07
Cash: 13.97
Held: AVEOx294@7.97 ABEOx5462@0.49 SVUx1110@2.30 DRAMx251@10.08 EXELx560@4.28 
Value: 12514.08
Sales: DRAMx251@10.08 ABEOx5462@0.49 SVUx1110@2.30 AVEOx294@7.97 EXELx560@4.28 
Purchases: FNCXx1614@1.55 NLSx1012@2.47 TCCOx395@6.32 SGMSx368@6.80 NSYSx770@3.25 

2012-08-08
Cash: 10.64
Held: NLSx1012@2.49 SGMSx368@6.76 FNCXx1614@1.45 NSYSx770@3.25 TCCOx395@6.37 
Value: 12378.76
Sales: FNCXx1614@1.45 NLSx1012@2.49 TCCOx395@6.37 SGMSx368@6.76 NSYSx770@3.25 
Purchases: MNTXx315@7.84 FNCXx1707@1.45 OTELx719@3.44 AXUx725@3.41 INSGx1161@2.13 

2012-08-09
Cash: 14.47
Held: FNCXx1707@1.25 INSGx1161@2.21 MNTXx315@7.84 OTELx719@3.05 AXUx725@3.27 
Value: 11748.59
Sales: MNTXx315@7.84 FNCXx1707@1.25 OTELx719@3.05 AXUx725@3.27 INSGx1161@2.21 
Purchases: CFBKx1556@1.51 RSTx221@10.60 SEMx231@10.13 VIVEx12370@0.19 MITLx699@3.36 

2012-08-12
Cash: 17.99
Held: RSTx221@10.50 SEMx231@10.32 MITLx699@3.40 VIVEx12370@0.19 CFBKx1556@1.60 
Value: 11937.93
Sales: RSTx221@10.50 SEMx231@10.32 CFBKx1556@1.60 VIVEx12370@0.19 MITLx699@3.40 
Purchases: CDXSx1028@2.32 HSKAx284@8.38 INUVx4506@0.53 KONEx11940@0.20 BRKSx298@8.00 

2012-08-13
Cash: 13.30
Held: INUVx4506@0.51 KONEx11940@0.22 BRKSx298@8.12 HSKAx284@8.22 CDXSx1028@2.45 
Value: 12207.60
Sales: BRKSx298@8.12 HSKAx284@8.22 INUVx4506@0.51 KONEx11940@0.22 CDXSx1028@2.45 
Purchases: TSEMx310@7.85 ARWRx904@2.70 HPJx2369@1.03 NSECx295@8.26 OTELx939@2.60 

2012-08-14
Cash: 15.71
Held: NSECx295@8.40 TSEMx310@7.33 HPJx2369@1.08 OTELx939@2.56 ARWRx904@2.77 
Value: 12231.69
Sales: TSEMx310@7.33 OTELx939@2.56 ARWRx904@2.77 NSECx295@8.40 HPJx2369@1.08 
Purchases: RGSEx2780@0.88 LIVEx500@4.89 PTXx382@6.40 NCRx108@22.45 OBCIx1308@1.87 

2012-08-15
Cash: 25.04
Held: LIVEx500@5.60 RGSEx2780@0.97 OBCIx1308@1.88 NCRx108@22.72 PTXx382@6.42 
Value: 12888.69
Sales: RGSEx2780@0.97 LIVEx500@5.60 PTXx382@6.42 NCRx108@22.72 OBCIx1308@1.88 
Purchases: CLNTx947@2.72 SPLSx226@11.38 NLSTx1684@1.53 CURx403@6.39 CPRXx1854@1.39 

2012-08-16
Cash: 10.86
Held: CPRXx1854@1.47 NLSTx1684@1.58 CLNTx947@2.81 SPLSx226@11.34 CURx403@6.37 
Value: 13189.41
Sales: CLNTx947@2.81 NLSTx1684@1.58 SPLSx226@11.34 CURx403@6.37 CPRXx1854@1.47 
Purchases: CACIx50@52.16 PERYx143@18.39 ADMPx4629@0.57 NTESx54@48.19 PLPMx909@2.90 

2012-08-19
Cash: 75.44
Held: NTESx54@48.84 PLPMx909@2.90 PERYx143@18.55 CACIx50@52.69 ADMPx4629@0.53 
Value: 13088.41
Sales: ADMPx4629@0.53 NTESx54@48.84 PERYx143@18.55 CACIx50@52.69 PLPMx909@2.90 
Purchases: KIRKx264@9.89 PSTIx654@4.00 MRVLx250@10.44 IOx383@6.83 DLHCx2592@1.01 

2012-08-20
Cash: 19.43
Held: KIRKx264@9.46 PSTIx654@4.18 DLHCx2592@1.10 MRVLx250@10.62 IOx383@6.78 
Value: 13352.33
Sales: KIRKx264@9.46 PSTIx654@4.18 MRVLx250@10.62 IOx383@6.78 DLHCx2592@1.10 
Purchases: BEBEx48@55.50 IFMIx2520@1.06 ICADx1076@2.48 BBYx149@17.91 NTNx14059@0.19 

2012-08-21
Cash: 10.82
Held: BBYx149@17.72 IFMIx2520@1.10 ICADx1076@2.25 NTNx14059@0.20 BEBEx48@56.41 
Value: 13361.54
Sales: BEBEx48@56.41 NTNx14059@0.20 IFMIx2520@1.10 BBYx149@17.72 ICADx1076@2.25 
Purchases: BPTx24@107.06 CFBKx1691@1.58 RAVNx92@28.98 IMUCx1161@2.30 ENGx3470@0.77 

2012-08-22
Cash: 110.39
Held: IMUCx1161@2.44 RAVNx92@29.77 ENGx3470@0.77 BPTx24@107.94 CFBKx1691@1.55 
Value: 13564.22
Sales: CFBKx1691@1.55 IMUCx1161@2.44 RAVNx92@29.77 BPTx24@107.94 ENGx3470@0.77 
Purchases: EXPRx181@14.93 ARTXx3391@0.80 RVLTx20867@0.13 BRNx979@2.77 FGPx143@18.91 

2012-08-23
Cash: 22.03
Held: ARTXx3391@0.80 RVLTx20867@0.14 EXPRx181@15.15 BRNx979@3.29 FGPx143@19.45 
Value: 14399.51
Sales: ARTXx3391@0.80 FGPx143@19.45 RVLTx20867@0.14 BRNx979@3.29 EXPRx181@15.15 
Purchases: BIGx95@30.28 CHNRx398@7.23 SANWx535@5.38 QRHCx7201@0.40 FREDx214@13.42 

2012-08-26
Cash: 15.37
Held: QRHCx7201@0.45 SANWx535@5.44 CHNRx398@7.30 BIGx95@30.64 FREDx214@13.47 
Value: 14865.51
Sales: SANWx535@5.44 FREDx214@13.47 BIGx95@30.64 QRHCx7201@0.45 CHNRx398@7.30 
Purchases: ABACx721@4.12 SSYSx47@62.00 DYNTx1152@2.58 ELYx515@5.77 AMCNx1969@1.51 

2012-08-27
Cash: 63.91
Held: AMCNx1969@1.47 ABACx721@4.32 DYNTx1152@2.70 ELYx515@5.78 SSYSx47@65.94 
Value: 15258.65
Sales: AMCNx1969@1.47 ELYx515@5.78 DYNTx1152@2.70 SSYSx47@65.94 ABACx721@4.32 
Purchases: DSWLx1169@2.61 LEUx4767@0.64 CVTIx600@5.08 OTTWx519@5.88 KONEx12716@0.24 

2012-08-28
Cash: 7.02
Held: DSWLx1169@2.62 CVTIx600@4.92 KONEx12716@0.22 LEUx4767@0.64 OTTWx519@6.00 
Value: 14984.60
Sales: OTTWx519@6.00 LEUx4767@0.64 CVTIx600@4.92 DSWLx1169@2.62 KONEx12716@0.22 
Purchases: AKSx587@5.10 INUVx7136@0.42 VIVEx19976@0.15 SSYx2629@1.14 RDCMx1005@2.98 

2012-08-29
Cash: 5.02
Held: SSYx2629@1.19 AKSx587@5.00 INUVx7136@0.42 RDCMx1005@3.00 VIVEx19976@0.15 
Value: 15078.11
Sales: AKSx587@5.00 INUVx7136@0.42 SSYx2629@1.19 RDCMx1005@3.00 VIVEx19976@0.15 
Purchases: WGBSx50262@0.06 FROx975@3.09 OESXx1970@1.53 ARQLx564@5.34 DYx203@14.80 

2012-08-30
Cash: 19.84
Held: FROx975@3.13 DYx203@14.52 WGBSx50262@0.06 ARQLx564@5.24 OESXx1970@1.48 
Value: 14907.20
Sales: WGBSx50262@0.06 FROx975@3.13 OESXx1970@1.48 ARQLx564@5.24 DYx203@14.52 
Purchases: DGLYx572@5.21 FNSRx216@13.74 SHLDx56@52.75 RNNx6343@0.47 GTIMx2129@1.40 

2012-09-03
Cash: 41.78
Held: SHLDx56@53.12 FNSRx216@13.52 GTIMx2129@1.45 DGLYx572@5.35 RNNx6343@0.49 
Value: 15194.41
Sales: RNNx6343@0.49 DGLYx572@5.35 FNSRx216@13.52 SHLDx56@53.12 GTIMx2129@1.45 
Purchases: ZSLx64@46.97 HRTx1394@2.18 IOTx1387@2.19 INVTx3946@0.77 NHTCx2597@1.17 

2012-09-04
Cash: 36.37
Held: IOTx1387@2.18 INVTx3946@0.82 HRTx1394@2.45 ZSLx64@47.22 NHTCx2597@1.25 
Value: 15977.08
Sales: ZSLx64@47.22 HRTx1394@2.45 IOTx1387@2.18 INVTx3946@0.82 NHTCx2597@1.25 
Purchases: ZNx1331@2.40 ABEOx5607@0.57 IFONx2803@1.14 DEXx280@11.38 TSLx762@4.19 

2012-09-05
Cash: 11.68
Held: ZNx1331@2.55 IFONx2803@1.16 ABEOx5607@0.53 TSLx762@4.03 DEXx280@11.52 
Value: 15927.57
Sales: DEXx280@11.52 ABEOx5607@0.53 ZNx1331@2.55 IFONx2803@1.16 TSLx762@4.03 
Purchases: VTNRx1517@2.10 INVAx131@24.19 CTICx17@179.00 ANIPx2341@1.36 PDEXx1676@1.90 

2012-09-06
Cash: 161.26
Held: VTNRx1517@2.10 ANIPx2341@1.40 CTICx17@232.00 INVAx131@23.91 PDEXx1676@1.85 
Value: 16800.35
Sales: VTNRx1517@2.10 PDEXx1676@1.85 CTICx17@232.00 ANIPx2341@1.40 INVAx131@23.91 
Purchases: MEIPx9078@0.37 VIIx1187@2.83 SIGMx551@6.09 CACCx37@90.00 Gx203@16.55 

2012-09-09
Cash: 36.60
Held: MEIPx9078@0.37 Gx203@16.72 SIGMx551@6.30 CACCx37@91.12 VIIx1187@2.90 
Value: 17076.55
Sales: MEIPx9078@0.37 VIIx1187@2.90 SIGMx551@6.30 CACCx37@91.12 Gx203@16.72 
Purchases: GECx1918@1.78 ABMDx167@20.36 TOPSx2845@1.20 SUMRx1447@2.36 GCBCx166@20.55 

2012-09-10
Cash: 22.62
Held: TOPSx2845@1.19 GECx1918@1.83 GCBCx166@20.55 SUMRx1447@2.32 ABMDx167@20.39 
Value: 17092.99
Sales: GECx1918@1.83 ABMDx167@20.39 TOPSx2845@1.19 SUMRx1447@2.32 GCBCx166@20.55 
Purchases: MBOTx1798@1.90 LPTHx3716@0.92 GERNx2713@1.26 UWNx4274@0.80 PDEXx1999@1.71 

2012-09-11
Cash: 3.34
Held: MBOTx1798@2.09 UWNx4274@0.90 PDEXx1999@1.79 GERNx2713@1.33 LPTHx3716@0.95 
Value: 18324.77
Sales: MBOTx1798@2.09 LPTHx3716@0.95 GERNx2713@1.33 UWNx4274@0.90 PDEXx1999@1.79 
Purchases: ASURx538@6.80 DGLYx916@4.00 RCGx2411@1.52 EMMSx403@9.08 MARKx2275@1.61 

2012-09-12
Cash: 16.33
Held: ASURx538@6.75 RCGx2411@1.56 DGLYx916@3.90 MARKx2275@1.55 EMMSx403@8.84 
Value: 18070.55
Sales: ASURx538@6.75 DGLYx916@3.90 RCGx2411@1.56 EMMSx403@8.84 MARKx2275@1.55 
Purchases: HKx505@7.15 HUSAx2846@1.27 WLDNx2937@1.23 LAWSx567@6.37 CIG.Cx332@10.87 

2012-09-13
Cash: 13.30
Held: CIG.Cx332@11.20 WLDNx2937@1.20 HUSAx2846@1.24 HKx505@7.66 LAWSx567@6.15 
Value: 18141.96
Sales: HKx505@7.66 HUSAx2846@1.24 WLDNx2937@1.20 LAWSx567@6.15 CIG.Cx332@11.20 
Purchases: SGOCx3075@1.18 WKHSx22672@0.16 PSTIx947@3.83 ATLCx853@4.25 HMNYx1736@2.09 

2012-09-16
Cash: 5.82
Held: SGOCx3075@1.13 PSTIx947@3.90 ATLCx853@4.25 HMNYx1736@2.14 WKHSx22672@0.15 
Value: 17916.61
Sales: SGOCx3075@1.13 WKHSx22672@0.15 PSTIx947@3.90 ATLCx853@4.25 HMNYx1736@2.14 
Purchases: CGAx981@3.65 ABEOx7029@0.51 SBOTx12354@0.29 IMHx541@6.62 AUMNx616@5.81 

2012-09-17
Cash: 9.19
Held: IMHx541@7.50 ABEOx7029@0.43 AUMNx616@5.90 SBOTx12354@0.30 CGAx981@3.68 
Value: 18038.69
Sales: CGAx981@3.68 IMHx541@7.50 SBOTx12354@0.30 AUMNx616@5.90 ABEOx7029@0.43 
Purchases: KSx187@19.25 CEQPx1@1821.00 NLSTx2540@1.42 MGYRx855@4.22 HSIIx273@13.18 

2012-09-18
Cash: 1806.25
Held: CEQPx1@1869.00 MGYRx855@4.20 NLSTx2540@1.38 KSx187@19.20 HSIIx273@12.97 
Value: 17901.94
Sales: KSx187@19.20 CEQPx1@1869.00 NLSTx2540@1.38 MGYRx855@4.20 HSIIx273@12.97 
Purchases: JBSSx256@13.94 GOGLx540@6.62 USATx2796@1.28 SSYSx60@58.72 DLHCx4313@0.83 

2012-09-19
Cash: 75.65
Held: JBSSx256@13.82 DLHCx4313@0.83 GOGLx540@6.82 SSYSx60@58.53 USATx2796@1.29 
Value: 17995.57
Sales: JBSSx256@13.82 GOGLx540@6.82 USATx2796@1.29 SSYSx60@58.53 DLHCx4313@0.83 
Purchases: XBKSx2079@1.73 GRBKx503@7.15 PPPx707@5.09 DFFNx8570@0.42 BONTx333@10.78 

2012-09-20
Cash: 14.86
Held: GRBKx503@7.14 PPPx707@5.21 DFFNx8570@0.43 BONTx333@10.50 XBKSx2079@1.55 
Value: 17693.78
Sales: XBKSx2079@1.55 GRBKx503@7.14 PPPx707@5.21 DFFNx8570@0.43 BONTx333@10.50 
Purchases: HEESx269@13.11 NSCx54@65.00 XPOx283@12.50 UQMx2526@1.40 BBBYx57@61.56 

2012-09-23
Cash: 73.41
Held: BBBYx57@61.94 XPOx283@12.09 NSCx54@66.25 UQMx2526@1.22 HEESx269@12.65 
Value: 17087.34
Sales: UQMx2526@1.22 NSCx54@66.25 XPOx283@12.09 HEESx269@12.65 BBBYx57@61.94 
Purchases: MVISx1589@2.15 UECx1266@2.70 TRTx2278@1.50 CYCCx56@60.25 SIEBx2325@1.47 

2012-09-24
Cash: 45.04
Held: TRTx2278@1.44 UECx1266@2.66 SIEBx2325@1.47 MVISx1589@2.26 CYCCx56@58.19 
Value: 16960.48
Sales: SIEBx2325@1.47 CYCCx56@58.19 TRTx2278@1.44 UECx1266@2.66 MVISx1589@2.26 
Purchases: ESNCx11695@0.29 VECOx109@31.00 LLITx1775@1.91 RNNx6784@0.50 WPCSx6402@0.53 

2012-09-25
Cash: 15.26
Held: WPCSx6402@0.45 ESNCx11695@0.28 LLITx1775@1.85 VECOx109@30.55 RNNx6784@0.52 
Value: 16311.27
Sales: LLITx1775@1.85 ESNCx11695@0.28 WPCSx6402@0.45 RNNx6784@0.52 VECOx109@30.55 
Purchases: KEGx458@7.12 CGNXx188@17.27 SRIx700@4.66 TSLAx118@27.55 FWRDx106@30.72 

2012-09-26
Cash: 35.05
Held: FWRDx106@31.06 SRIx700@5.02 CGNXx188@17.36 KEGx458@7.16 TSLAx118@28.48 
Value: 16745.41
Sales: CGNXx188@17.36 KEGx458@7.16 SRIx700@5.02 TSLAx118@28.48 FWRDx106@31.06 
Purchases: CBMXx2@1384.00 CADCx697@4.80 OMNx447@7.49 CPRXx2232@1.50 AEZSx9@367.25 

2012-09-27
Cash: 630.76
Held: CPRXx2232@1.51 CADCx697@5.04 OMNx447@7.57 CBMXx2@1484.00 AEZSx9@420.00 
Value: 17644.71
Sales: CBMXx2@1484.00 CADCx697@5.04 OMNx447@7.57 AEZSx9@420.00 CPRXx2232@1.51 
Purchases: XBKSx2352@1.50 PPHMx3425@1.03 HEBx4412@0.80 KNDIx877@4.02 IMGNx241@14.59 

2012-09-30
Cash: 17.06
Held: KNDIx877@4.25 PPHMx3425@0.86 HEBx4412@0.78 IMGNx241@14.87 XBKSx2352@1.65 
Value: 17594.47
Sales: XBKSx2352@1.65 PPHMx3425@0.86 HEBx4412@0.78 KNDIx877@4.25 IMGNx241@14.87 
Purchases: MEIPx8379@0.42 ASTCx3703@0.95 MGICx801@4.39 AHPIx679@5.18 ADTNx207@16.98 

2012-10-01
Cash: 7.70
Held: MEIPx8379@0.48 ASTCx3703@0.95 MGICx801@4.42 ADTNx207@17.11 AHPIx679@5.20 
Value: 18161.87
Sales: MEIPx8379@0.48 ASTCx3703@0.95 MGICx801@4.42 AHPIx679@5.20 ADTNx207@17.11 
Purchases: CBMXx2@1350.00 GMANx256@14.19 AKGx1087@3.34 HMNYx1696@2.14 MARKx2187@1.66 

2012-10-02
Cash: 938.19
Held: AKGx1087@3.20 HMNYx1696@2.14 MARKx2187@1.65 GMANx256@14.29 CBMXx2@1328.00 
Value: 17969.65
Sales: CBMXx2@1328.00 GMANx256@14.29 AKGx1087@3.20 HMNYx1696@2.14 MARKx2187@1.65 
Purchases: MDLZx129@27.83 DFFNx9980@0.36 CBMGx71896@0.05 CLBx35@100.56 EXPRx317@11.33 

2012-10-03
Cash: 81.32
Held: EXPRx317@11.71 CLBx35@102.38 DFFNx9980@0.37 CBMGx71896@0.06 MDLZx129@28.06 
Value: 19004.23
Sales: EXPRx317@11.71 DFFNx9980@0.37 MDLZx129@28.06 CLBx35@102.38 CBMGx71896@0.06 
Purchases: AEHRx3423@1.11 ASTCx4636@0.82 RIGLx402@9.45 SPEXx416@9.13 AEZSx10@347.50 

2012-10-04
Cash: 328.39
Held: ASTCx4636@0.86 RIGLx402@9.50 AEHRx3423@1.22 SPEXx416@8.50 AEZSx10@309.00 
Value: 18934.84
Sales: AEHRx3423@1.22 ASTCx4636@0.86 SPEXx416@8.50 RIGLx402@9.50 AEZSx10@309.00 
Purchases: ISCAx149@25.31 SRPTx110@34.31 NUVAx259@14.57 ANIPx2524@1.50 BONTx345@10.96 

2012-10-07
Cash: 47.67
Held: ANIPx2524@1.50 SRPTx110@32.84 NUVAx259@14.39 BONTx345@10.65 ISCAx149@25.34 
Value: 18623.58
Sales: ISCAx149@25.34 SRPTx110@32.84 NUVAx259@14.39 ANIPx2524@1.50 BONTx345@10.65 
Purchases: IQNTx485@7.68 LIVEx903@4.12 TXMDx1354@2.75 CAWx917@4.06 OPHCx7760@0.48 

2012-10-08
Cash: 7.70
Held: LIVEx903@4.19 TXMDx1354@2.49 CAWx917@4.11 IQNTx485@7.61 OPHCx7760@0.51 
Value: 18578.95
Sales: IQNTx485@7.61 LIVEx903@4.19 TXMDx1354@2.49 CAWx917@4.11 OPHCx7760@0.51 
Purchases: GECx2653@1.40 WKHSx37166@0.10 GDOTx371@10.00 PRGSx209@17.70 HEBx5306@0.70 

2012-10-09
Cash: 22.83
Held: PRGSx209@18.27 GECx2653@1.40 HEBx5306@0.68 WKHSx37166@0.10 GDOTx371@10.08 
Value: 18619.27
Sales: GECx2653@1.40 WKHSx37166@0.10 PRGSx209@18.27 HEBx5306@0.68 GDOTx371@10.08 
Purchases: SMCIx412@9.02 UNISx1626@2.29 GLUUx1212@3.07 ANGOx329@11.30 HUSAx8464@0.44 

2012-10-10
Cash: 18.04
Held: HUSAx8464@0.48 GLUUx1212@2.89 ANGOx329@11.16 UNISx1626@2.17 SMCIx412@9.26 
Value: 18596.95
Sales: SMCIx412@9.26 HUSAx8464@0.48 UNISx1626@2.17 GLUUx1212@2.89 ANGOx329@11.16 
Purchases: ESEx107@34.66 OBASx824@4.51 MGYRx813@4.57 BSETx332@11.19 GCBCx193@19.27 

2012-10-11
Cash: 22.90
Held: ESEx107@35.03 MGYRx813@4.62 OBASx824@4.75 GCBCx193@19.59 BSETx332@10.91 
Value: 18844.66
Sales: ESEx107@35.03 OBASx824@4.75 MGYRx813@4.62 BSETx332@10.91 GCBCx193@19.59 
Purchases: OTELx1507@2.50 RCGx2691@1.40 WSO.Bx54@68.56 NETEx482@7.81 WSOx55@68.44 

2012-10-14
Cash: 78.53
Held: OTELx1507@2.35 WSOx55@68.69 RCGx2691@1.42 NETEx482@7.81 WSO.Bx54@68.75 
Value: 18694.46
Sales: OTELx1507@2.35 RCGx2691@1.42 WSO.Bx54@68.75 NETEx482@7.81 WSOx55@68.69 
Purchases: VRTXx70@53.25 LQDTx92@40.62 TZOOx195@19.17 CECOx963@3.88 AEZSx15@240.00 

2012-10-15
Cash: 153.67
Held: VRTXx70@53.28 CECOx963@3.74 LQDTx92@40.94 TZOOx195@19.05 AEZSx15@240.00 
Value: 18565.60
Sales: VRTXx70@53.28 LQDTx92@40.94 TZOOx195@19.05 CECOx963@3.74 AEZSx15@240.00 
Purchases: PLUGx4421@0.84 ABACx703@5.28 RBPAAx1953@1.90 AMEDx307@12.06 HUSAx9285@0.40 

2012-10-16
Cash: 12.18
Held: ABACx703@5.52 RBPAAx1953@1.88 HUSAx9285@0.45 AMEDx307@11.86 PLUGx4421@0.81 
Value: 18963.72
Sales: PLUGx4421@0.81 ABACx703@5.52 RBPAAx1953@1.88 AMEDx307@11.86 HUSAx9285@0.45 
Purchases: IONSx394@9.62 DFFNx19967@0.19 ROIAx4626@0.82 DSSx1177@3.22 PRKRx2313@1.64 

2012-10-17
Cash: 6.21
Held: DSSx1177@3.16 PRKRx2313@1.66 ROIAx4626@0.85 DFFNx19967@0.20 IONSx394@9.62 
Value: 19279.80
Sales: PRKRx2313@1.66 DFFNx19967@0.20 ROIAx4626@0.85 DSSx1177@3.16 IONSx394@9.62 
Purchases: ABEOx13294@0.29 APOLx182@21.17 OBASx688@5.60 FTNTx197@19.53 INVEx3602@1.07 

2012-10-18
Cash: 13.94
Held: INVEx3602@1.10 ABEOx13294@0.25 OBASx688@5.65 APOLx182@20.39 FTNTx197@19.72 
Value: 18780.05
Sales: ABEOx13294@0.25 INVEx3602@1.10 OBASx688@5.65 FTNTx197@19.72 APOLx182@20.39 
Purchases: MLNXx48@77.00 IMUCx1887@1.99 ALGNx135@27.69 UFPIx102@36.47 RGAx70@52.94 

2012-10-21
Cash: 165.23
Held: IMUCx1887@2.00 RGAx70@53.41 UFPIx102@36.81 MLNXx48@75.31 ALGNx135@27.59 
Value: 18772.70
Sales: RGAx70@53.41 IMUCx1887@2.00 UFPIx102@36.81 ALGNx135@27.59 MLNXx48@75.31 
Purchases: CMGx15@237.50 AMDx1788@2.10 GEOSx56@65.94 CBLIx104@36.00 PXLWx1591@2.36 

2012-10-22
Cash: 265.83
Held: CBLIx104@33.59 PXLWx1591@2.42 CMGx15@236.25 GEOSx56@65.75 AMDx1788@2.14 
Value: 18662.86
Sales: CMGx15@236.25 AMDx1788@2.14 CBLIx104@33.59 GEOSx56@65.75 PXLWx1591@2.42 
Purchases: MNSTx90@41.09 AVIDx566@6.59 LLITx2276@1.64 SIFYx1630@2.29 SSNx5182@0.72 

2012-10-23
Cash: 39.41
Held: SSNx5182@0.76 SIFYx1630@2.22 LLITx2276@1.57 MNSTx90@47.97 AVIDx566@6.25 
Value: 19024.98
Sales: LLITx2276@1.57 MNSTx90@47.97 AVIDx566@6.25 SSNx5182@0.76 SIFYx1630@2.22 
Purchases: PTNRx683@5.57 DDx84@44.91 GFAx968@3.93 RFx588@6.46 HLXx220@17.27 

2012-10-24
Cash: 46.92
Held: PTNRx683@5.75 HLXx220@17.69 DDx84@45.16 RFx588@6.61 GFAx968@3.71 
Value: 19137.05
Sales: PTNRx683@5.75 DDx84@45.16 GFAx968@3.71 RFx588@6.61 HLXx220@17.69 
Purchases: ATIx140@27.31 IMNx830@4.61 IRBTx210@18.20 DHTx871@4.39 NFXx140@27.23 

2012-10-25
Cash: 27.81
Held: IMNx830@4.63 DHTx871@4.35 IRBTx210@17.98 ATIx140@26.70 NFXx140@27.08 
Value: 18966.11
Sales: ATIx140@26.70 DHTx871@4.35 IRBTx210@17.98 NFXx140@27.08 IMNx830@4.63 
Purchases: CABx84@45.16 SPRx257@14.70 CRMDx6656@0.57 CROXx298@12.73 NYTx463@8.19 

2012-10-30
Cash: 18.20
Held: NYTx463@8.18 SPRx257@15.63 CABx84@44.81 CRMDx6656@0.58 CROXx298@12.60 
Value: 19203.55
Sales: CABx84@44.81 SPRx257@15.63 CRMDx6656@0.58 CROXx298@12.60 NYTx463@8.18 
Purchases: ESIOx359@10.68 VRSNx103@37.06 UQMx4219@0.91 IMGNx346@11.08 DECKx134@28.62 

2012-10-31
Cash: 43.37
Held: ESIOx359@11.08 UQMx4219@0.88 DECKx134@29.73 IMGNx346@11.32 VRSNx103@41.16 
Value: 19872.97
Sales: UQMx4219@0.88 VRSNx103@41.16 ESIOx359@11.08 IMGNx346@11.32 DECKx134@29.73 
Purchases: PBIBx3614@1.10 WUx323@12.27 BCRXx1558@2.55 INVAx177@22.34 IPXLx189@21.02 

2012-11-01
Cash: 33.75
Held: INVAx177@21.03 IPXLx189@20.36 PBIBx3614@1.15 WUx323@11.95 BCRXx1558@2.57 
Value: 19627.12
Sales: PBIBx3614@1.15 BCRXx1558@2.57 WUx323@11.95 IPXLx189@20.36 INVAx177@21.03 
Purchases: AAWWx87@44.78 ZUMZx190@20.56 DRRXx4362@0.90 DFFNx21801@0.18 STAAx771@5.09 

2012-11-04
Cash: 49.28
Held: DRRXx4362@1.00 ZUMZx190@21.00 DFFNx21801@0.15 AAWWx87@43.81 STAAx771@5.41 
Value: 19654.88
Sales: AAWWx87@43.81 ZUMZx190@21.00 DRRXx4362@1.00 DFFNx21801@0.15 STAAx771@5.41 
Purchases: SGOCx4368@0.90 PBIx309@12.70 ETRMx1@2584.00 GLUUx1560@2.52 CADCx696@5.64 

2012-11-05
Cash: 1358.50
Held: SGOCx4368@0.88 PBIx309@12.75 GLUUx1560@2.45 CADCx696@6.00 ETRMx1@2636.00 
Value: 19774.36
Sales: SGOCx4368@0.88 CADCx696@6.00 ETRMx1@2636.00 GLUUx1560@2.45 PBIx309@12.75 
Purchases: THLDx966@4.09 RDNx839@4.71 INVTx4394@0.90 TRTx2502@1.58 EBIXx1866@2.12 

2012-11-06
Cash: 9.25
Held: INVTx4394@0.94 EBIXx1866@2.04 TRTx2502@1.51 RDNx839@4.47 THLDx966@4.26 
Value: 19587.78
Sales: THLDx966@4.26 RDNx839@4.47 INVTx4394@0.94 TRTx2502@1.51 EBIXx1866@2.04 
Purchases: OCLRx2511@1.56 VVUSx357@10.96 SYPRx1050@3.73 CAPRx130590@0.03 ANTHx604@6.48 

2012-11-07
Cash: 9.91
Held: SYPRx1050@3.59 ANTHx604@5.88 CAPRx130590@0.04 VVUSx357@10.24 OCLRx2511@1.57 
Value: 20154.33
Sales: CAPRx130590@0.04 OCLRx2511@1.57 VVUSx357@10.24 ANTHx604@5.88 SYPRx1050@3.59 
Purchases: ABACx959@4.20 PRTSx1693@2.38 SYPRx1122@3.59 EZPWx229@17.56 RBCNx609@6.61 

2012-11-08
Cash: 21.76
Held: SYPRx1122@3.66 ABACx959@3.96 EZPWx229@17.91 PRTSx1693@2.30 RBCNx609@6.66 
Value: 19978.79
Sales: ABACx959@3.96 RBCNx609@6.66 EZPWx229@17.91 SYPRx1122@3.66 PRTSx1693@2.30 
Purchases: CORTx3051@1.31 FNCXx2960@1.35 PGNXx2258@1.77 IQNTx1138@3.51 CPRXx9082@0.44 

2012-11-11
Cash: 3.18
Held: CPRXx9082@0.39 PGNXx2258@1.52 CORTx3051@1.35 FNCXx2960@1.34 IQNTx1138@2.96 
Value: 18428.43
Sales: CORTx3051@1.35 FNCXx2960@1.34 PGNXx2258@1.52 IQNTx1138@2.96 CPRXx9082@0.39 
Purchases: IDNx3878@0.95 PTNx5583@0.66 ERFx293@12.56 ARRYx1083@3.40 CECOx1297@2.84 

2012-11-12
Cash: 11.21
Held: PTNx5583@0.63 CECOx1297@2.62 ERFx293@12.29 ARRYx1083@3.46 IDNx3878@1.01 
Value: 18189.63
Sales: IDNx3878@1.01 PTNx5583@0.63 ERFx293@12.29 ARRYx1083@3.46 CECOx1297@2.62 
Purchases: AEHRx4279@0.85 PFHx176@20.58 MEETx1509@2.41 JCPx209@17.41 OMERx549@6.62 

2012-11-13
Cash: 20.50
Held: MEETx1509@2.24 AEHRx4279@0.76 OMERx549@6.26 JCPx209@16.89 PFHx176@18.80 
Value: 16928.12
Sales: AEHRx4279@0.76 MEETx1509@2.24 PFHx176@18.80 JCPx209@16.89 OMERx549@6.26 
Purchases: KFSx1485@2.28 CDTIx322@10.50 OHGIx169245@0.02 WFTx372@9.09 HBNCx198@17.02 

2012-11-14
Cash: 24.78
Held: HBNCx198@16.81 OHGIx169245@0.03 KFSx1485@2.30 CDTIx322@10.25 WFTx372@9.13 
Value: 18545.36
Sales: KFSx1485@2.30 CDTIx322@10.25 OHGIx169245@0.03 WFTx372@9.13 HBNCx198@16.81 
Purchases: ASURx710@5.22 IAGx313@11.81 TSLx1520@2.44 ISRLx48@76.56 APDNx348@10.65 

2012-11-15
Cash: 54.11
Held: APDNx348@10.80 ASURx710@5.35 TSLx1520@2.32 ISRLx48@74.88 IAGx313@11.73 
Value: 18402.32
Sales: ASURx710@5.35 TSLx1520@2.32 IAGx313@11.73 APDNx348@10.80 ISRLx48@74.88 
Purchases: CBMXx11@325.25 GTIMx2216@1.66 LEEx3066@1.20 NAIIx760@4.84 DGSEx653@5.63 

2012-11-18
Cash: 111.91
Held: DGSEx653@5.16 LEEx3066@1.19 GTIMx2216@2.11 NAIIx760@4.97 CBMXx11@461.00 
Value: 20652.97
Sales: CBMXx11@461.00 GTIMx2216@2.11 LEEx3066@1.19 NAIIx760@4.97 DGSEx653@5.16 
Purchases: GRNx407@10.15 BORNx2488@1.66 RCONx2245@1.84 ARCIx2993@1.38 CALIx983@4.20 

2012-11-19
Cash: 3.82
Held: RCONx2245@2.08 GRNx407@9.90 CALIx983@4.89 ARCIx2993@1.38 BORNx2488@1.58 
Value: 21570.97
Sales: GRNx407@9.90 CALIx983@4.89 RCONx2245@2.08 ARCIx2993@1.38 BORNx2488@1.58 
Purchases: MAGx437@9.87 BSPMx581@7.42 ACFCx2115@2.04 EBRx1208@3.57 LRNx265@16.27 

2012-11-20
Cash: 10.95
Held: MAGx437@10.17 EBRx1208@3.22 ACFCx2115@2.04 BSPMx581@7.49 LRNx265@16.17 
Value: 21295.53
Sales: LRNx265@16.17 BSPMx581@7.49 EBRx1208@3.22 MAGx437@10.17 ACFCx2115@2.04 
Purchases: SCONx15773@0.27 HHx11211@0.38 BISx12@337.00 BBYx368@11.57 BAAx1478@2.88 

2012-11-22
Cash: 217.86
Held: BBYx368@11.70 HHx11211@0.38 BAAx1478@3.22 BISx12@333.00 SCONx15773@0.28 
Value: 21956.58
Sales: SCONx15773@0.28 HHx11211@0.38 BISx12@333.00 BBYx368@11.70 BAAx1478@3.22 
Purchases: CNETx1676@2.62 CADCx731@6.00 EBR.Bx1229@3.57 EBRx1381@3.18 MARKx5165@0.85 

2012-11-25
Cash: 11.08
Held: CNETx1676@2.50 EBRx1381@3.28 CADCx731@6.00 MARKx5165@0.86 EBR.Bx1229@3.81 
Value: 22240.14
Sales: CNETx1676@2.50 CADCx731@6.00 EBR.Bx1229@3.81 EBRx1381@3.28 MARKx5165@0.86 
Purchases: EDZx79@55.84 SOXSx119@37.38 ZSLx110@40.19 RVLTx8395@0.53 AMTXx946@4.70 

2012-11-26
Cash: 67.23
Held: EDZx79@57.19 RVLTx8395@0.49 AMTXx946@4.80 ZSLx110@40.41 SOXSx119@37.62 
Value: 22162.11
Sales: EDZx79@57.19 ZSLx110@40.41 RVLTx8395@0.49 AMTXx946@4.80 SOXSx119@37.62 
Purchases: EGPTx85@52.12 PTNx7147@0.62 WCSTx1786@2.48 MITKx1772@2.50 WMLPx827@5.36 

2012-11-27
Cash: 7.19
Held: EGPTx85@49.53 PTNx7147@0.67 WCSTx1786@2.38 MITKx1772@2.38 WMLPx827@5.43 
Value: 21966.73
Sales: EGPTx85@49.53 PTNx7147@0.67 WCSTx1786@2.38 MITKx1772@2.38 WMLPx827@5.43 
Purchases: PLUGx7321@0.60 CASIx2834@1.55 STVx2142@2.05 AXNx21972@0.20 SYUTx1048@4.19 

2012-11-28
Cash: 2.57
Held: STVx2142@2.09 SYUTx1048@4.49 CASIx2834@1.59 PLUGx7321@0.60 AXNx21972@0.20 
Value: 22474.99
Sales: PLUGx7321@0.60 AXNx21972@0.20 STVx2142@2.09 CASIx2834@1.59 SYUTx1048@4.49 
Purchases: MLNXx60@74.88 CAIx225@19.91 DDPx106@42.12 RLIx68@65.25 LEUx7888@0.57 

2012-11-29
Cash: 106.56
Held: RLIx68@64.44 LEUx7888@0.49 CAIx225@20.00 DDPx106@43.50 MLNXx60@72.88 
Value: 21836.86
Sales: MLNXx60@72.88 CAIx225@20.00 DDPx106@43.50 RLIx68@64.44 LEUx7888@0.49 
Purchases: PIPx3609@1.21 TASRx528@8.26 ZIONWx1753@2.49 KSSx97@44.66 IXYSx539@8.10 

2012-12-02
Cash: 46.20
Held: TASRx528@8.12 ZIONWx1753@2.50 KSSx97@43.78 IXYSx539@8.10 PIPx3609@1.13 
Value: 21405.85
Sales: PIPx3609@1.13 TASRx528@8.12 ZIONWx1753@2.50 KSSx97@43.78 IXYSx539@8.10 
Purchases: GRNx478@8.95 YUMx64@66.81 RICx1528@2.80 MDRXx388@11.03 GTIMx2301@1.86 

2012-12-03
Cash: 9.87
Held: GRNx478@8.95 RICx1528@2.90 MDRXx388@10.88 YUMx64@65.88 GTIMx2301@1.90 
Value: 21532.59
Sales: GRNx478@8.95 GTIMx2301@1.90 YUMx64@65.88 RICx1528@2.90 MDRXx388@10.88 
Purchases: TSRIx1199@3.59 IDNx7061@0.61 NETEx1230@3.50 HAEx105@40.88 DCTHx2969@1.45 

2012-12-04
Cash: 19.62
Held: HAEx105@40.25 DCTHx2969@1.46 TSRIx1199@3.45 NETEx1230@3.40 IDNx7061@0.57 
Value: 20922.11
Sales: TSRIx1199@3.45 IDNx7061@0.57 NETEx1230@3.40 HAEx105@40.25 DCTHx2969@1.46 
Purchases: CNETx2145@1.95 IQNTx1773@2.36 SSNx5231@0.80 DRIx88@47.19 PPHMx3268@1.28 

2012-12-05
Cash: 35.56
Held: SSNx5231@0.86 CNETx2145@1.99 DRIx88@47.03 PPHMx3268@1.17 IQNTx1773@2.33 
Value: 20895.84
Sales: CNETx2145@1.99 DRIx88@47.03 SSNx5231@0.86 IQNTx1773@2.33 PPHMx3268@1.17 
Purchases: FCXx135@30.81 GRNx529@7.89 DLx1044@4.00 SBSAx1808@2.31 GTN.Ax3264@1.28 

2012-12-06
Cash: 29.73
Held: GRNx529@8.10 DLx1044@4.04 FCXx135@31.70 SBSAx1808@2.47 GTN.Ax3264@1.74 
Value: 22959.32
Sales: GRNx529@8.10 FCXx135@31.70 DLx1044@4.04 SBSAx1808@2.47 GTN.Ax3264@1.74 
Purchases: KSx234@19.58 SNFCAx732@6.27 HFx328@13.98 SMRTx620@7.40 CYCCx59@77.38 

2012-12-09
Cash: 52.27
Held: HFx328@14.10 SMRTx620@7.42 KSx234@19.55 SNFCAx732@6.84 CYCCx59@72.81 
Value: 23155.82
Sales: KSx234@19.55 SMRTx620@7.42 HFx328@14.10 SNFCAx732@6.84 CYCCx59@72.81 
Purchases: CORTx2949@1.57 MNGAx3087@1.50 AMRNx495@9.34 TOPSx4411@1.05 YTENx2692@1.72 

2012-12-10
Cash: 9.12
Held: TOPSx4411@0.88 AMRNx495@9.00 MNGAx3087@1.51 CORTx2949@1.59 YTENx2692@1.64 
Value: 22108.31
Sales: CORTx2949@1.59 MNGAx3087@1.51 AMRNx495@9.00 TOPSx4411@0.88 YTENx2692@1.64 
Purchases: ABEOx19226@0.23 SOFOx727@6.08 DSSx1991@2.22 CORRx23@187.25 GTIMx2019@2.19 

2012-12-11
Cash: 119.23
Held: CORRx23@162.00 DSSx1991@2.30 ABEOx19226@0.25 GTIMx2019@2.20 SOFOx727@6.20 
Value: 22179.64
Sales: ABEOx19226@0.25 SOFOx727@6.20 DSSx1991@2.30 CORRx23@162.00 GTIMx2019@2.20 
Purchases: HUSAx20165@0.22 ESIOx465@9.53 SEVx1202@3.69 SPXCx72@61.28 LDRx76@58.16 

2012-12-12
Cash: 45.05
Held: HUSAx20165@0.22 SEVx1202@3.58 SPXCx72@60.88 LDRx76@57.03 ESIOx465@9.60 
Value: 21966.12
Sales: HUSAx20165@0.22 ESIOx465@9.60 LDRx76@57.03 SPXCx72@60.88 SEVx1202@3.58 
Purchases: RGSEx5231@0.84 MTXx116@37.81 ODCx179@24.52 CENTAx452@9.70 CENTx476@9.21 

2012-12-13
Cash: 28.13
Held: RGSEx5231@0.90 ODCx179@24.52 CENTAx452@9.61 CENTx476@9.19 MTXx116@37.91 
Value: 22237.63
Sales: RGSEx5231@0.90 CENTAx452@9.61 ODCx179@24.52 MTXx116@37.91 CENTx476@9.19 
Purchases: CBMXx2@1485.00 EVIx3066@1.45 IMMYx2541@1.75 PTIEx1837@2.42 KONEx1560@2.85 

2012-12-16
Cash: 1483.79
Held: EVIx3066@1.37 PTIEx1837@2.53 KONEx1560@2.94 IMMYx2541@1.70 CBMXx2@1413.00 
Value: 22062.63
Sales: IMMYx2541@1.70 EVIx3066@1.37 CBMXx2@1413.00 KONEx1560@2.94 PTIEx1837@2.53 
Purchases: CYTXx105@41.84 MEIPx3586@1.23 RBPAAx3646@1.21 ADMPx7743@0.57 DXTRx6126@0.72 

2012-12-17
Cash: 20.88
Held: MEIPx3586@1.42 RBPAAx3646@1.09 DXTRx6126@0.78 CYTXx105@41.84 ADMPx7743@0.78 
Value: 24294.72
Sales: CYTXx105@41.84 MEIPx3586@1.42 RBPAAx3646@1.09 ADMPx7743@0.78 DXTRx6126@0.78 
Purchases: GYROx64@75.19 MBVXx2825@1.72 INUVx4223@1.15 ANTHx948@5.12 NEPTx2841@1.71 

2012-12-18
Cash: 53.60
Held: ANTHx948@5.13 NEPTx2841@2.06 INUVx4223@1.17 GYROx64@75.19 MBVXx2825@1.61 
Value: 25071.64
Sales: GYROx64@75.19 MBVXx2825@1.61 INUVx4223@1.17 ANTHx948@5.13 NEPTx2841@2.06 
Purchases: RGSEx6269@0.80 AWREx964@5.20 TTNPx4776@1.05 RCMTx944@5.31 FNCXx4144@1.21 

2012-12-19
Cash: 6.36
Held: RGSEx6269@0.80 RCMTx944@5.44 FNCXx4144@1.22 TTNPx4776@1.06 AWREx964@5.20 
Value: 25284.12
Sales: RGSEx6269@0.80 AWREx964@5.20 TTNPx4776@1.06 RCMTx944@5.44 FNCXx4144@1.22 
Purchases: OPXAx3510@1.44 MKLx11@434.00 ANIPx3983@1.27 CASCx412@12.25 IFx432@11.68 

2012-12-20
Cash: 305.05
Held: OPXAx3510@1.26 ANIPx3983@1.30 CASCx412@12.00 IFx432@11.62 MKLx11@431.00 
Value: 24607.57
Sales: OPXAx3510@1.26 MKLx11@431.00 CASCx412@12.00 ANIPx3983@1.30 IFx432@11.62 
Purchases: FOLDx1783@2.76 OCCx1305@3.77 UNXLx476@10.32 MDRXx539@9.12 BOSCx863@5.70 

2012-12-23
Cash: 22.61
Held: MDRXx539@9.08 FOLDx1783@2.72 UNXLx476@11.14 OCCx1305@3.76 BOSCx863@5.81 
Value: 24988.98
Sales: FOLDx1783@2.72 OCCx1305@3.76 BOSCx863@5.81 MDRXx539@9.08 UNXLx476@11.14 
Purchases: HLFx191@26.06 MSONx771@6.48 HEBx18509@0.27 ALXx14@333.50 BBRYx471@10.61 

2012-12-25
Cash: 350.80
Held: HLFx191@27.41 MSONx771@6.68 HEBx18509@0.28 ALXx14@332.00 BBRYx471@11.82 
Value: 26133.86
Sales: HLFx191@27.41 MSONx771@6.68 ALXx14@332.00 HEBx18509@0.28 BBRYx471@11.82 
Purchases: UCFCx1719@3.04 IINx1256@4.16 GBRx4181@1.25 MHHx1003@5.21 SVAx1814@2.88 

2012-12-26
Cash: 5.86
Held: IINx1256@4.13 SVAx1814@2.86 MHHx1003@4.75 GBRx4181@1.27 UCFCx1719@2.97 
Value: 25557.47
Sales: UCFCx1719@2.97 IINx1256@4.13 GBRx4181@1.27 MHHx1003@4.75 SVAx1814@2.86 
Purchases: DYNTx1654@3.09 CDXCx3136@1.63 ROIAx6815@0.75 NLSTx6905@0.74 MRVLx715@7.14 

2012-12-27
Cash: 7.44
Held: DYNTx1654@2.98 MRVLx715@7.17 ROIAx6815@0.75 NLSTx6905@0.75 CDXCx3136@1.67 
Value: 25591.90
Sales: ROIAx6815@0.75 MRVLx715@7.17 DYNTx1654@2.98 NLSTx6905@0.75 CDXCx3136@1.67 
Purchases: SGOCx4126@1.24 USVx121@42.12 CIGx619@8.26 UQMx6736@0.76 CASIx3654@1.40 

2012-12-30
Cash: 31.17
Held: SGOCx4126@1.14 CASIx3654@1.38 USVx121@41.97 UQMx6736@0.76 CIGx619@8.31 
Value: 25116.89
Sales: SGOCx4126@1.14 USVx121@41.97 CIGx619@8.31 CASIx3654@1.38 UQMx6736@0.76 
Purchases: GRNx642@7.82 DRAMx845@5.94 PRAx119@42.19 PZEx1057@4.75 OMERx967@5.19 

2013-01-01
Cash: 14.61
Held: GRNx642@7.82 PRAx119@43.59 DRAMx845@7.51 OMERx967@5.39 PZEx1057@5.02 
Value: 27088.69
Sales: GRNx642@7.82 DRAMx845@7.51 PRAx119@43.59 PZEx1057@5.02 OMERx967@5.39 
Purchases: SGOCx4836@1.12 IDNx8463@0.64 DEEx207@26.08 CYCCx75@72.00 BXMTx2722@1.99 

2013-01-02
Cash: 38.73
Held: SGOCx4836@1.13 BXMTx2722@1.86 DEEx207@26.80 CYCCx75@69.38 IDNx8463@0.70 
Value: 27242.56
Sales: SGOCx4836@1.13 IDNx8463@0.70 BXMTx2722@1.86 CYCCx75@69.38 DEEx207@26.80 
Purchases: FAZx391@13.91 YANGx568@9.58 MIDZx360@15.11 BISx17@309.50 RNVAx1472@3.70 

2013-01-03
Cash: 218.71
Held: RNVAx1472@3.77 FAZx391@13.40 MIDZx360@14.73 BISx17@305.50 YANGx568@9.41 
Value: 26844.06
Sales: FAZx391@13.40 YANGx568@9.41 MIDZx360@14.73 BISx17@305.50 RNVAx1472@3.77 
Purchases: FTNTx277@19.31 THMx2496@2.15 GIGAx3833@1.40 GSSx3102@1.73 MASIx274@19.53 

2013-01-06
Cash: 39.95
Held: MASIx274@19.55 GIGAx3833@1.40 FTNTx277@19.06 THMx2496@2.12 GSSx3102@1.71 
Value: 26637.48
Sales: FTNTx277@19.06 THMx2496@2.12 GIGAx3833@1.40 GSSx3102@1.71 MASIx274@19.55 
Purchases: MLNKx1675@3.18 ARAYx1014@5.25 NFECx5549@0.96 FINLx310@17.17 ICCCx1401@3.80 

2013-01-07
Cash: 13.00
Held: NFECx5549@0.99 FINLx310@17.55 MLNKx1675@3.15 ICCCx1401@3.80 ARAYx1014@5.09 
Value: 26710.25
Sales: MLNKx1675@3.15 ARAYx1014@5.09 NFECx5549@0.99 FINLx310@17.55 ICCCx1401@3.80 
Purchases: ELONx206@25.91 ACURx456@11.70 NETEx1780@3.00 CREEx169@31.44 IHTx3000@1.78 

2013-01-08
Cash: 43.18
Held: CREEx169@32.12 IHTx3000@1.78 ELONx206@24.50 ACURx456@11.75 NETEx1780@3.00 
Value: 26558.12
Sales: ELONx206@24.50 ACURx456@11.75 NETEx1780@3.00 CREEx169@32.12 IHTx3000@1.78 
Purchases: CBMXx4@1152.00 FHx1629@3.26 SHIPx3541@1.50 CYx534@9.94 MVISx2553@2.08 

2013-01-09
Cash: 711.40
Held: SHIPx3541@1.35 MVISx2553@2.10 FHx1629@3.34 CBMXx4@1080.00 CYx534@9.94 
Value: 25917.90
Sales: FHx1629@3.34 MVISx2553@2.10 SHIPx3541@1.35 CYx534@9.94 CBMXx4@1080.00 
Purchases: ABACx1489@3.48 APOLx269@19.23 CALLx355@14.59 IIJIx448@11.57 CTSOx1727@3.00 

2013-01-10
Cash: 16.15
Held: ABACx1489@3.80 CALLx355@14.79 CTSOx1727@3.05 IIJIx448@11.70 APOLx269@19.20 
Value: 26602.97
Sales: ABACx1489@3.80 IIJIx448@11.70 CALLx355@14.79 APOLx269@19.20 CTSOx1727@3.05 
Purchases: GIGx3244@1.64 AEHRx6258@0.85 MMACx9020@0.59 HAYNx102@51.75 CBMXx4@1078.00 

2013-01-13
Cash: 1053.15
Held: AEHRx6258@0.96 GIGx3244@1.53 MMACx9020@0.59 HAYNx102@50.41 CBMXx4@993.50 
Value: 26460.62
Sales: AEHRx6258@0.96 GIGx3244@1.53 MMACx9020@0.59 HAYNx102@50.41 CBMXx4@993.50 
Purchases: FAROx167@31.52 TGTXx1374@3.85 RBPAAx3978@1.33 ARQLx2108@2.51 PDEXx2568@2.06 

2013-01-14
Cash: 35.03
Held: FAROx167@32.59 RBPAAx3978@1.35 PDEXx2568@2.04 ARQLx2108@2.67 TGTXx1374@3.80 
Value: 26933.71
Sales: FAROx167@32.59 RBPAAx3978@1.35 TGTXx1374@3.80 ARQLx2108@2.67 PDEXx2568@2.04 
Purchases: NTPx427@12.60 CRUSx192@27.95 URREx12529@0.43 AMTXx792@6.80 MBVXx2706@1.99 

2013-01-15
Cash: 27.44
Held: AMTXx792@6.50 URREx12529@0.42 NTPx427@13.00 MBVXx2706@1.75 CRUSx192@29.52 
Value: 26390.14
Sales: NTPx427@13.00 CRUSx192@29.52 URREx12529@0.42 AMTXx792@6.50 MBVXx2706@1.75 
Purchases: MXCx1003@5.26 ORMPx8511@0.62 GSTx4631@1.14 SYPRx1466@3.60 PWx517@10.20 

2013-01-16
Cash: 5.06
Held: SYPRx1466@3.64 ORMPx8511@0.67 GSTx4631@1.17 MXCx1003@5.58 PWx517@10.20 
Value: 27331.71
Sales: PWx517@10.20 ORMPx8511@0.67 GSTx4631@1.17 SYPRx1466@3.64 MXCx1003@5.58 
Purchases: GDOTx416@13.11 ACADx1016@5.38 LPTHx6748@0.81 CIEx220@24.80 IRWDx403@13.54 

2013-01-17
Cash: 35.41
Held: ACADx1016@5.22 LPTHx6748@0.81 IRWDx403@13.51 GDOTx416@13.03 CIEx220@24.66 
Value: 27092.96
Sales: IRWDx403@13.51 ACADx1016@5.22 LPTHx6748@0.81 CIEx220@24.66 GDOTx416@13.03 
Purchases: UNXLx346@15.66 HEPx151@35.75 CLSNx172@31.50 INVAx261@20.69 SSKNx3027@1.79 

2013-01-21
Cash: 41.76
Held: INVAx261@20.34 SSKNx3027@1.75 CLSNx172@34.84 HEPx151@36.25 UNXLx346@15.28 
Value: 27402.92
Sales: HEPx151@36.25 CLSNx172@34.84 SSKNx3027@1.75 INVAx261@20.34 UNXLx346@15.28 
Purchases: GRNx853@6.42 LIVEx1543@3.55 FNSRx397@13.80 AMDx2237@2.45 PLPMx1832@2.99 

2013-01-22
Cash: 11.83
Held: GRNx853@6.25 PLPMx1832@2.97 LIVEx1543@3.58 FNSRx397@13.72 AMDx2237@2.73 
Value: 27863.87
Sales: GRNx853@6.25 LIVEx1543@3.58 FNSRx397@13.72 PLPMx1832@2.97 AMDx2237@2.73 
Purchases: CVGIx762@7.31 ARNAx642@8.68 AODx710@7.84 IIVIx324@17.19 BOSCx1238@4.50 

2013-01-23
Cash: 16.32
Held: CVGIx762@7.60 IIVIx324@17.48 AODx710@8.00 ARNAx642@8.67 BOSCx1238@4.37 
Value: 28132.41
Sales: AODx710@8.00 ARNAx642@8.67 CVGIx762@7.60 IIVIx324@17.48 BOSCx1238@4.37 
Purchases: IAGx643@8.75 RRDx608@9.25 GVPx2592@2.17 NSATx11037@0.51 FMYx327@17.16 

2013-01-24
Cash: 21.35
Held: NSATx11037@0.51 FMYx327@17.30 GVPx2592@2.25 RRDx608@9.01 IAGx643@8.39 
Value: 28007.63
Sales: GVPx2592@2.25 RRDx608@9.01 IAGx643@8.39 NSATx11037@0.51 FMYx327@17.30 
Purchases: SBSx125@44.59 AAPLx89@62.84 NOKx1333@4.20 CALLx408@13.73 LOGIx804@6.96 

2013-01-27
Cash: 45.73
Held: CALLx408@14.32 AAPLx89@64.25 SBSx125@44.88 NOKx1333@4.25 LOGIx804@6.86 
Value: 28396.23
Sales: SBSx125@44.88 AAPLx89@64.25 LOGIx804@6.86 CALLx408@14.32 NOKx1333@4.25 
Purchases: TBIOx12084@0.47 SCSSx247@22.95 ZNx4895@1.16 NFBKx498@11.38 TROVx806@7.04 

2013-01-28
Cash: 26.59
Held: ZNx4895@1.05 NFBKx498@11.25 TROVx806@7.15 TBIOx12084@0.49 SCSSx247@22.20 
Value: 27934.74
Sales: TBIOx12084@0.49 SCSSx247@22.20 ZNx4895@1.05 NFBKx498@11.25 TROVx806@7.15 
Purchases: CNETx3157@1.77 UNXLx423@13.18 JVAx753@7.41 NVGNx2377@2.35 PRCPx728@7.67 

2013-01-29
Cash: 23.32
Held: CNETx3157@1.85 NVGNx2377@2.20 JVAx753@7.27 UNXLx423@13.11 PRCPx728@7.59 
Value: 27634.71
Sales: CNETx3157@1.85 UNXLx423@13.11 JVAx753@7.27 NVGNx2377@2.20 PRCPx728@7.59 
Purchases: WMLPx1435@3.85 NTGRx152@36.16 FSLRx198@27.91 STXx163@33.88 ROGx117@46.88 

2013-01-30
Cash: 83.34
Held: NTGRx152@35.12 FSLRx198@28.19 STXx163@33.97 ROGx117@46.88 WMLPx1435@3.50 
Value: 27047.24
Sales: WMLPx1435@3.50 NTGRx152@35.12 FSLRx198@28.19 STXx163@33.97 ROGx117@46.88 
Purchases: FPAYx15451@0.35 KTCCx561@9.63 MTORx1186@4.56 CEVAx356@15.18 BBRYx416@12.98 

2013-01-31
Cash: 25.16
Held: CEVAx356@15.15 MTORx1186@4.66 FPAYx15451@0.35 KTCCx561@9.68 BBRYx416@13.02 
Value: 27202.37
Sales: FPAYx15451@0.35 CEVAx356@15.15 MTORx1186@4.66 KTCCx561@9.68 BBRYx416@13.02 
Purchases: USAKx1092@4.98 SHORx1280@4.25 EXPOx113@48.12 HOTRx2720@2.00 CLSNx915@5.94 

2013-02-03
Cash: 9.18
Held: EXPOx113@47.78 SHORx1280@4.06 HOTRx2720@1.85 CLSNx915@5.26 USAKx1092@4.85 
Value: 25746.78
Sales: USAKx1092@4.85 SHORx1280@4.06 EXPOx113@47.78 HOTRx2720@1.85 CLSNx915@5.26 
Purchases: MHOx221@23.30 BDRx4365@1.18 CKHx73@70.38 KERXx785@6.56 ABIOx204@25.20 

2013-02-04
Cash: 21.53
Held: CKHx73@71.00 ABIOx204@24.16 MHOx221@23.94 KERXx785@7.12 BDRx4365@1.25 
Value: 26468.90
Sales: MHOx221@23.94 BDRx4365@1.25 CKHx73@71.00 KERXx785@7.12 ABIOx204@24.16 
Purchases: KBALx586@9.02 PBBIx997@5.31 YINNx282@18.77 IDRAx7782@0.68 CYOUx188@28.09 

2013-02-05
Cash: 21.84
Held: PBBIx997@5.32 KBALx586@8.92 YINNx282@18.94 CYOUx188@29.52 IDRAx7782@0.69 
Value: 26812.84
Sales: KBALx586@8.92 PBBIx997@5.32 YINNx282@18.94 IDRAx7782@0.69 CYOUx188@29.52 
Purchases: CUOx340@15.75 SPGIx120@44.62 TTNPx2482@2.16 RTECx445@12.03 HEBx25540@0.21 

2013-02-06
Cash: 25.03
Held: SPGIx120@43.81 TTNPx2482@2.17 RTECx445@11.97 HEBx25540@0.22 CUOx340@17.80 
Value: 27663.36
Sales: CUOx340@17.80 SPGIx120@43.81 HEBx25540@0.22 RTECx445@11.97 TTNPx2482@2.17 
Purchases: CHRWx92@59.94 VASCx364@15.18 DFFNx69143@0.08 CVUx581@9.51 NETEx2766@2.00 

2013-02-07
Cash: 35.04
Held: CVUx581@9.58 DFFNx69143@0.08 VASCx364@15.10 CHRWx92@59.72 NETEx2766@2.39 
Value: 28736.11
Sales: CHRWx92@59.72 VASCx364@15.10 DFFNx69143@0.08 CVUx581@9.58 NETEx2766@2.39 
Purchases: ARAYx1308@4.39 INODx1623@3.54 OSURx945@6.08 REIx741@7.75 SMIx2037@2.82 

2013-02-10
Cash: 17.72
Held: OSURx945@5.85 REIx741@7.50 INODx1623@3.47 SMIx2037@2.79 ARAYx1308@4.22 
Value: 27937.35
Sales: REIx741@7.50 INODx1623@3.47 OSURx945@5.85 SMIx2037@2.79 ARAYx1308@4.22 
Purchases: JEx664@8.41 MSONx997@5.60 PKEx218@25.53 NUANx286@19.52 SIEBx3774@1.48 

2013-02-11
Cash: 36.27
Held: PKEx218@25.17 MSONx997@5.73 SIEBx3774@1.50 JEx664@8.48 NUANx286@18.91 
Value: 27933.64
Sales: SIEBx3774@1.50 MSONx997@5.73 JEx664@8.48 NUANx286@18.91 PKEx218@25.17 
Purchases: JOBx15094@0.37 SNOAx8213@0.68 WPCSx13970@0.40 MSLIx5819@0.96 AEZSx19@280.00 

2013-02-12
Cash: 268.16
Held: WPCSx13970@0.41 JOBx15094@0.41 SNOAx8213@0.67 MSLIx5819@0.95 AEZSx19@284.00 
Value: 28609.10
Sales: JOBx15094@0.41 WPCSx13970@0.41 MSLIx5819@0.95 AEZSx19@284.00 SNOAx8213@0.67 
Purchases: CBMXx7@749.00 ATAIx1330@4.30 RVLTx3945@1.45 LVLTx271@21.09 APRIx197@28.91 

2013-02-13
Cash: 514.10
Held: RVLTx3945@1.41 ATAIx1330@4.23 LVLTx271@20.98 APRIx197@29.20 CBMXx7@742.50 
Value: 28340.97
Sales: APRIx197@29.20 ATAIx1330@4.23 CBMXx7@742.50 RVLTx3945@1.41 LVLTx271@20.98 
Purchases: ADXSx70837@0.08 DYNTx1846@3.07 PRCPx847@6.69 UWNx6298@0.90 AMOVx257@21.98 

2013-02-14
Cash: 19.82
Held: DYNTx1846@2.95 ADXSx70837@0.11 UWNx6298@0.95 AMOVx257@22.41 PRCPx847@6.63 
Value: 30612.53
Sales: ADXSx70837@0.11 PRCPx847@6.63 DYNTx1846@2.95 UWNx6298@0.95 AMOVx257@22.41 
Purchases: STRAx117@51.94 MATRx1594@3.84 STMPx257@23.77 TCXx3601@1.70 WTWx137@44.69 

2013-02-18
Cash: 62.77
Held: STMPx257@24.30 MATRx1594@3.98 WTWx137@45.34 TCXx3601@1.57 STRAx117@52.28 
Value: 30635.63
Sales: STMPx257@24.30 MATRx1594@3.98 STRAx117@52.28 TCXx3601@1.57 WTWx137@45.34 
Purchases: CJJDx7660@0.80 EHTHx375@16.30 SCKTx5572@1.10 FONRx1194@5.13 BOSCx1801@3.40 

2013-02-19
Cash: 22.76
Held: SCKTx5572@1.11 CJJDx7660@0.76 EHTHx375@16.52 FONRx1194@5.27 BOSCx1801@3.48 
Value: 30782.94
Sales: CJJDx7660@0.76 BOSCx1801@3.48 EHTHx375@16.52 FONRx1194@5.27 SCKTx5572@1.11 
Purchases: CBMXx9@643.50 IEPx92@66.88 SNFCAx729@8.44 TRTx3458@1.78 CBMGx2052@3.00 

2013-02-20
Cash: 375.82
Held: TRTx3458@1.81 SNFCAx729@7.97 IEPx92@70.50 CBMGx2052@2.90 CBMXx9@1519.00 
Value: 38551.14
Sales: CBMXx9@1519.00 IEPx92@70.50 SNFCAx729@7.97 TRTx3458@1.81 CBMGx2052@2.90 
Purchases: ODPx1937@3.98 CLUBx840@9.17 GNVCx4509@1.71 HNRx1428@5.40 SWCx606@12.71 

2013-02-21
Cash: 14.58
Held: SWCx606@12.99 HNRx1428@5.58 CLUBx840@9.15 GNVCx4509@1.70 ODPx1937@4.21 
Value: 39360.86
Sales: CLUBx840@9.15 ODPx1937@4.21 SWCx606@12.99 HNRx1428@5.58 GNVCx4509@1.70 
Purchases: TEUMx6200@1.27 GFIx902@8.72 EVOLx1175@6.70 CACCx73@106.62 EBIXx5111@1.54 

2013-02-24
Cash: 99.11
Held: TEUMx6200@1.25 EBIXx5111@1.47 EVOLx1175@6.98 CACCx73@105.75 GFIx902@8.78 
Value: 39203.37
Sales: TEUMx6200@1.25 EVOLx1175@6.98 CACCx73@105.75 EBIXx5111@1.47 GFIx902@8.78 
Purchases: CBMXx6@1130.00 ETRMx8@884.50 SSYx10454@0.75 INTx201@39.00 SPHSx41279@0.19 

2013-02-25
Cash: 1827.28
Held: SSYx10454@0.68 INTx201@38.41 SPHSx41279@0.19 ETRMx8@872.50 CBMXx6@1102.00 
Value: 38090.09
Sales: INTx201@38.41 ETRMx8@872.50 CBMXx6@1102.00 SSYx10454@0.68 SPHSx41279@0.19 
Purchases: OLEDx268@28.41 HOTRx4673@1.63 HBPx3135@2.43 CLSNx1727@4.41 RNVAx2240@3.40 

2013-02-26
Cash: 10.48
Held: OLEDx268@27.91 HOTRx4673@1.98 HBPx3135@2.49 CLSNx1727@4.64 RNVAx2240@3.40 
Value: 40182.21
Sales: OLEDx268@27.91 RNVAx2240@3.40 HOTRx4673@1.98 CLSNx1727@4.64 HBPx3135@2.49 
Purchases: TDSx344@23.31 RCONx4391@1.83 TWIx382@21.00 CKXx616@13.03 SGYPx1516@5.30 

2013-02-27
Cash: 41.60
Held: RCONx4391@1.82 CKXx616@12.92 TDSx344@22.89 TWIx382@21.11 SGYPx1516@5.47 
Value: 40223.25
Sales: TDSx344@22.89 RCONx4391@1.82 TWIx382@21.11 CKXx616@12.92 SGYPx1516@5.47 
Purchases: HUSAx34979@0.23 YGEx3217@2.50 FSLRx311@25.84 IIIx6004@1.34 NVGNx1289@6.24 

2013-02-28
Cash: 13.29
Held: IIIx6004@1.37 HUSAx34979@0.24 FSLRx311@25.34 NVGNx1289@6.47 YGEx3217@2.40 
Value: 40576.27
Sales: HUSAx34979@0.24 YGEx3217@2.40 FSLRx311@25.34 IIIx6004@1.37 NVGNx1289@6.47 
Purchases: VUZIx1503@5.40 IMHx728@11.14 GVAx269@30.16 NTLx656@12.36 FNCXx10681@0.76 

2013-03-03
Cash: 17.21
Held: IMHx728@11.10 FNCXx10681@0.77 GVAx269@30.27 NTLx656@13.59 VUZIx1503@5.60 
Value: 41801.83
Sales: VUZIx1503@5.60 IMHx728@11.10 GVAx269@30.27 NTLx656@13.59 FNCXx10681@0.77 
Purchases: MDRx794@10.52 LTBRx4696@1.78 DRAMx1441@5.80 ATx1414@5.91 ABIOx442@18.91 

2013-03-04
Cash: 13.60
Held: LTBRx4696@1.74 DRAMx1441@5.40 ABIOx442@17.98 MDRx794@10.50 ATx1414@5.68 
Value: 40282.06
Sales: LTBRx4696@1.74 DRAMx1441@5.40 ATx1414@5.68 ABIOx442@17.98 MDRx794@10.50 
Purchases: SCSSx468@17.19 DRWIx217@37.00 RPRXx791@10.18 ATx1418@5.68 HLx2008@4.01 

2013-03-05
Cash: 47.85
Held: RPRXx791@9.82 HLx2008@4.09 DRWIx217@41.00 ATx1418@5.66 SCSSx468@17.16 
Value: 40980.35
Sales: SCSSx468@17.16 DRWIx217@41.00 RPRXx791@9.82 ATx1418@5.66 HLx2008@4.09 
Purchases: JCPx568@14.43 HRTXx14129@0.58 CNITx8116@1.01 NUROx4019@2.04 PRTKx1525@5.37 

2013-03-06
Cash: 7.20
Held: NUROx4019@2.02 PRTKx1525@5.49 JCPx568@14.82 HRTXx14129@0.55 CNITx8116@1.38 
Value: 43878.58
Sales: PRTKx1525@5.49 HRTXx14129@0.55 JCPx568@14.82 CNITx8116@1.38 NUROx4019@2.02 
Purchases: AVAVx464@18.88 WKHSx36566@0.24 UGx439@19.98 RWCx4744@1.85 HNRGx1207@7.27 

2013-03-07
Cash: 23.09
Held: RWCx4744@1.85 AVAVx464@19.02 HNRGx1207@7.18 WKHSx36566@0.24 UGx439@20.56 
Value: 44089.19
Sales: AVAVx464@19.02 WKHSx36566@0.24 UGx439@20.56 RWCx4744@1.85 HNRGx1207@7.18 
Purchases: NXx478@18.44 BORNx5802@1.52 MTGx1795@4.91 TTNPx5127@1.72 INSYx735@11.99 

2013-03-10
Cash: 14.72
Held: INSYx735@13.99 TTNPx5127@1.75 NXx478@18.16 MTGx1795@5.13 BORNx5802@1.60 
Value: 46437.23
Sales: NXx478@18.16 INSYx735@13.99 MTGx1795@5.13 TTNPx5127@1.75 BORNx5802@1.60 
Purchases: FLx285@32.50 SBOTx17530@0.53 ANGOx872@10.65 SRNEx46448@0.20 MXWLx1149@8.08 

2013-03-11
Cash: 33.06
Held: SRNEx46448@0.22 ANGOx872@10.77 SBOTx17530@0.54 FLx285@32.75 MXWLx1149@7.74 
Value: 47336.62
Sales: FLx285@32.75 SBOTx17530@0.54 ANGOx872@10.77 SRNEx46448@0.22 MXWLx1149@7.74 
Purchases: ERIIx2433@3.89 IRCPx676@14.00 RDCMx2735@3.46 GOROx726@13.02 AEZSx48@197.00 

2013-03-12
Cash: 30.05
Held: ERIIx2433@3.74 RDCMx2735@3.25 GOROx726@13.00 IRCPx676@14.40 AEZSx48@197.00 
Value: 46646.13
Sales: AEZSx48@197.00 GOROx726@13.00 IRCPx676@14.40 RDCMx2735@3.25 ERIIx2433@3.74 
Purchases: GIGMx9055@1.03 CALIx2325@4.01 CBMXx12@760.50 ONPx5240@1.78 TNAVx1439@6.48 

2013-03-13
Cash: 209.73
Held: ONPx5240@1.80 TNAVx1439@6.42 CALIx2325@3.80 GIGMx9055@1.06 CBMXx12@740.00 
Value: 46193.01
Sales: GIGMx9055@1.06 CALIx2325@3.80 ONPx5240@1.80 CBMXx12@740.00 TNAVx1439@6.42 
Purchases: SGMAx2053@4.50 OGENx2601@3.55 CVIx169@54.47 LEUx22538@0.41 COOLx372@24.78 

2013-03-14
Cash: 56.49
Held: CVIx169@55.00 COOLx372@25.19 SGMAx2053@4.47 LEUx22538@0.34 OGENx2601@3.90 
Value: 45705.40
Sales: SGMAx2053@4.47 COOLx372@25.19 LEUx22538@0.34 OGENx2601@3.90 CVIx169@55.00 
Purchases: SCONx2919@3.13 ETFCx857@10.66 TXMDx5376@1.70 PERIx1000@9.13 VHCx419@21.81 

2013-03-17
Cash: 21.51
Held: ETFCx857@10.50 PERIx1000@8.78 VHCx419@22.50 TXMDx5376@1.70 SCONx2919@3.30 
Value: 46003.99
Sales: SCONx2919@3.30 ETFCx857@10.50 TXMDx5376@1.70 PERIx1000@8.78 VHCx419@22.50 
Purchases: AMCNx5112@1.80 ULTAx124@73.94 EGYx1182@7.78 GLDDx1263@7.28 CPEx2164@4.25 

2013-03-18
Cash: 44.49
Held: AMCNx5112@1.89 ULTAx124@74.94 CPEx2164@3.96 EGYx1182@7.73 GLDDx1263@7.01 
Value: 45561.30
Sales: AMCNx5112@1.89 ULTAx124@74.94 EGYx1182@7.73 CPEx2164@3.96 GLDDx1263@7.01 
Purchases: CNETx4143@2.20 JVAx1307@6.97 OGENx2679@3.40 MNDOx4794@1.90 PTXx1684@5.41 

2013-03-19
Cash: 10.96
Held: MNDOx4794@1.95 CNETx4143@2.24 JVAx1307@6.70 PTXx1684@5.31 OGENx2679@3.36 
Value: 45336.81
Sales: CNETx4143@2.24 JVAx1307@6.70 OGENx2679@3.36 MNDOx4794@1.95 PTXx1684@5.31 
Purchases: IDNx19713@0.46 ECTx880@10.30 HNRx2681@3.38 WSCIx1788@5.07 MTSLx3171@2.86 

2013-03-20
Cash: 11.46
Held: WSCIx1788@5.10 ECTx880@11.68 HNRx2681@3.92 MTSLx3171@3.03 IDNx19713@0.45 
Value: 48396.28
Sales: HNRx2681@3.92 IDNx19713@0.45 ECTx880@11.68 MTSLx3171@3.03 WSCIx1788@5.10 
Purchases: EMITFx212@45.59 MNGAx8343@1.16 LIVEx4206@2.30 CIGx1123@8.62 SPEXx989@9.78 

2013-03-21
Cash: 23.38
Held: LIVEx4206@2.12 MNGAx8343@1.19 SPEXx989@9.39 EMITFx212@46.59 CIGx1123@8.71 
Value: 47815.83
Sales: EMITFx212@46.59 MNGAx8343@1.19 LIVEx4206@2.12 CIGx1123@8.71 SPEXx989@9.39 
Purchases: MOVx298@31.98 BLDPx8934@1.07 ORCLx298@31.98 SCHLx363@26.30 KONEx3319@2.88 

2013-03-24
Cash: 83.63
Held: MOVx298@32.31 KONEx3319@3.08 SCHLx363@26.30 BLDPx8934@1.06 ORCLx298@31.25 
Value: 48260.00
Sales: SCHLx363@26.30 ORCLx298@31.25 BLDPx8934@1.06 MOVx298@32.31 KONEx3319@3.08 
Purchases: LIVEx4575@2.11 SSNx18560@0.52 OTIVx11092@0.87 AMTXx1930@5.00 OIBR.Cx2838@3.40 

2013-03-25
Cash: 6.40
Held: SSNx18560@0.53 LIVEx4575@2.15 AMTXx1930@5.40 OIBR.Cx2838@3.36 OTIVx11092@0.90 
Value: 49611.85
Sales: LIVEx4575@2.15 SSNx18560@0.53 OTIVx11092@0.90 AMTXx1930@5.40 OIBR.Cx2838@3.36 
Purchases: ENZx3984@2.49 GLBSx4961@2.00 VHCx512@19.34 HALOx1648@6.02 JKSx1937@5.12 

2013-03-26
Cash: 25.01
Held: HALOx1648@5.86 ENZx3984@2.42 JKSx1937@4.94 VHCx512@19.31 GLBSx4961@2.15 
Value: 49449.83
Sales: ENZx3984@2.42 GLBSx4961@2.15 VHCx512@19.31 HALOx1648@5.86 JKSx1937@4.94 
Purchases: VUZIx2472@4.00 GMANx825@11.98 ZIOPx5750@1.72 MXWLx1938@5.10 ABEOx22480@0.44 

2013-03-27
Cash: 16.02
Held: ABEOx22480@0.49 ZIOPx5750@1.83 MXWLx1938@5.39 GMANx825@11.71 VUZIx2472@4.00 
Value: 51550.51
Sales: VUZIx2472@4.00 ABEOx22480@0.49 ZIOPx5750@1.83 MXWLx1938@5.39 GMANx825@11.71 
Purchases: VCELx14724@0.70 EVBSx1821@5.66 YTENx5633@1.83 SNBCx3023@3.41 BAAx5995@1.72 

2013-03-31
Cash: 6.19
Held: SNBCx3023@3.27 BAAx5995@1.72 YTENx5633@1.67 VCELx14724@0.77 EVBSx1821@5.79 
Value: 51486.07
Sales: SNBCx3023@3.27 EVBSx1821@5.79 YTENx5633@1.67 VCELx14724@0.77 BAAx5995@1.72 
Purchases: HRTXx28594@0.36 RVPx9808@1.05 TWOx826@12.45 SNXx283@36.38 HDSNx2852@3.61 

2013-04-01
Cash: 18.33
Held: SNXx283@35.59 RVPx9808@1.00 HDSNx2852@3.45 HRTXx28594@0.37 TWOx826@12.38 
Value: 50547.86
Sales: HRTXx28594@0.37 RVPx9808@1.00 TWOx826@12.38 SNXx283@35.59 HDSNx2852@3.45 
Purchases: UNXLx442@22.84 JOBx32605@0.31 CADCx2436@4.15 NLSTx16576@0.61 INVEx7777@1.30 

2013-04-02
Cash: 18.20
Held: JOBx32605@0.33 INVEx7777@1.25 NLSTx16576@0.62 CADCx2436@3.84 UNXLx442@27.22 
Value: 52165.26
Sales: UNXLx442@27.22 JOBx32605@0.33 NLSTx16576@0.62 CADCx2436@3.84 INVEx7777@1.25 
Purchases: EDCx86@120.12 RETLx238@43.75 TNAx260@40.09 SPXLx276@37.75 FASx198@52.62 

2013-04-03
Cash: 158.88
Held: EDCx86@118.94 TNAx260@41.06 RETLx238@44.56 FASx198@53.94 SPXLx276@38.28 
Value: 52914.88
Sales: EDCx86@118.94 FASx198@53.94 TNAx260@41.06 SPXLx276@38.28 RETLx238@44.56 
Purchases: CALIx3057@3.46 AVIDx1712@6.18 SYMXx9624@1.10 VIVEx66129@0.16 HMNYx3504@3.02 

2013-04-04
Cash: 9.19
Held: CALIx3057@3.47 SYMXx9624@1.07 HMNYx3504@3.40 VIVEx66129@0.18 AVIDx1712@6.25 
Value: 55441.56
Sales: CALIx3057@3.47 AVIDx1712@6.25 SYMXx9624@1.07 VIVEx66129@0.18 HMNYx3504@3.40 
Purchases: MVISx5305@2.09 TEUMx12182@0.91 OBASx2112@5.25 SPCBx34643@0.32 BOSCx3168@3.50 

2013-04-07
Cash: 3.29
Held: TEUMx12182@0.93 OBASx2112@5.01 MVISx5305@2.02 BOSCx3168@3.32 SPCBx34643@0.32 
Value: 54239.93
Sales: MVISx5305@2.02 TEUMx12182@0.93 OBASx2112@5.01 SPCBx34643@0.32 BOSCx3168@3.32 
Purchases: ANCXx915@11.85 MYOSx120497@0.09 RDWRx376@28.80 RIGLx2453@4.42 FFIVx149@72.75 

2013-04-08
Cash: 33.55
Held: RIGLx2453@4.52 FFIVx149@72.44 RDWRx376@29.38 MYOSx120497@0.11 ANCXx915@12.18 
Value: 57355.47
Sales: MYOSx120497@0.11 ANCXx915@12.18 FFIVx149@72.44 RIGLx2453@4.52 RDWRx376@29.38 
Purchases: AVNWx327@35.03 RFIx768@14.93 XTLBx2160@5.31 XTNTx15714@0.73 TESSx574@19.95 

2013-04-09
Cash: 43.68
Held: RFIx768@14.67 XTLBx2160@5.31 XTNTx15714@0.75 AVNWx327@36.47 TESSx574@20.39 
Value: 58193.24
Sales: AVNWx327@36.47 RFIx768@14.67 XTNTx15714@0.75 XTLBx2160@5.31 TESSx574@20.39 
Purchases: FBCx829@14.02 MGx556@20.91 BCRXx6687@1.74 CADCx3325@3.50 ENGx29850@0.39 

2013-04-10
Cash: 31.19
Held: MGx556@20.66 ENGx29850@0.43 BCRXx6687@1.66 CADCx3325@3.36 FBCx829@14.85 
Value: 58932.86
Sales: FBCx829@14.85 MGx556@20.66 BCRXx6687@1.66 CADCx3325@3.36 ENGx29850@0.43 
Purchases: GIGx13545@0.87 MGCDx1594@7.39 TITNx537@21.92 SGYPx2215@5.32 IBIOx21045@0.56 

2013-04-11
Cash: 23.49
Held: TITNx537@21.89 GIGx13545@0.92 MGCDx1594@6.87 IBIOx21045@0.55 SGYPx2215@5.40 
Value: 58719.80
Sales: GIGx13545@0.92 MGCDx1594@6.87 TITNx537@21.89 IBIOx21045@0.55 SGYPx2215@5.40 
Purchases: IARTx346@33.88 VISNx4716@2.49 FTNTx625@18.77 TAYDx1488@7.89 ARCBx1089@10.78 

2013-04-14
Cash: 44.56
Held: ARCBx1089@10.14 IARTx346@33.03 VISNx4716@2.89 TAYDx1488@7.92 FTNTx625@18.06 
Value: 59225.52
Sales: VISNx4716@2.89 TAYDx1488@7.92 FTNTx625@18.06 IARTx346@33.03 ARCBx1089@10.14 
Purchases: INDLx734@16.12 CCURx1922@6.16 MGCDx1736@6.82 INFYx283@41.72 MPWx793@14.93 

2013-04-15
Cash: 64.23
Held: MPWx793@15.43 INFYx283@42.75 MGCDx1736@6.61 CCURx1922@6.94 INDLx734@18.19 
Value: 62563.11
Sales: MPWx793@15.43 INDLx734@18.19 CCURx1922@6.94 INFYx283@42.75 MGCDx1736@6.61 
Purchases: SSRIx1730@7.23 SANDx1800@6.95 KGCx2312@5.41 WINTx7071@1.77 AUMNx7822@1.60 

2013-04-16
Cash: 13.02
Held: SSRIx1730@6.62 WINTx7071@1.76 AUMNx7822@1.51 KGCx2312@5.00 SANDx1800@6.34 
Value: 58691.92
Sales: SSRIx1730@6.62 KGCx2312@5.00 SANDx1800@6.34 WINTx7071@1.76 AUMNx7822@1.51 
Purchases: GRNx3252@3.61 MAGSx2741@4.28 SSFNx2214@5.30 XPLx10203@1.15 NTGRx423@27.70 

2013-04-17
Cash: 27.54
Held: XPLx10203@1.07 GRNx3252@3.93 NTGRx423@27.55 MAGSx2741@4.15 SSFNx2214@5.74 
Value: 59455.03
Sales: GRNx3252@3.93 NTGRx423@27.55 SSFNx2214@5.74 MAGSx2741@4.15 XPLx10203@1.07 
Purchases: SKLNx62603@0.19 CRUSx672@17.69 CNITx10163@1.17 KONEx6004@1.98 BMIx539@22.05 

2013-04-18
Cash: 14.22
Held: SKLNx62603@0.20 KONEx6004@1.98 BMIx539@21.38 CNITx10163@1.01 CRUSx672@17.77 
Value: 58144.37
Sales: CNITx10163@1.01 BMIx539@21.38 SKLNx62603@0.20 KONEx6004@1.98 CRUSx672@17.77 
Purchases: VUZIx3943@2.95 CYx1204@9.66 NOKx3787@3.07 BCRXx6426@1.81 SVAx3133@3.71 

2013-04-21
Cash: 7.53
Held: SVAx3133@3.69 BCRXx6426@1.77 NOKx3787@3.15 VUZIx3943@2.50 CYx1204@9.60 
Value: 56285.91
Sales: VUZIx3943@2.50 CYx1204@9.60 BCRXx6426@1.77 NOKx3787@3.15 SVAx3133@3.69 
Purchases: DITx163@69.00 BPTHx22974@0.49 AIRMx296@37.91 RMBSx1882@5.98 BISx56@199.25 

2013-04-22
Cash: 148.38
Held: AIRMx296@37.81 DITx163@69.00 BPTHx22974@0.48 BISx56@197.25 RMBSx1882@6.04 
Value: 56026.47
Sales: DITx163@69.00 RMBSx1882@6.04 AIRMx296@37.81 BPTHx22974@0.48 BISx56@197.25 
Purchases: ASRx90@124.50 FSIx13181@0.85 AIRMx296@37.81 BPTHx23345@0.48 SBSx259@43.19 

2013-04-23
Cash: 33.12
Held: AIRMx296@37.12 SBSx259@44.31 FSIx13181@0.85 BPTHx23345@0.42 ASRx90@122.31 
Value: 54515.40
Sales: ASRx90@122.31 SBSx259@44.31 AIRMx296@37.12 BPTHx23345@0.42 FSIx13181@0.85 
Purchases: BSPMx2194@4.97 VISNx4602@2.37 ACURx841@12.95 ESNDx328@33.22 ESNCx36337@0.30 

2013-04-24
Cash: 18.97
Held: ESNCx36337@0.31 ESNDx328@33.31 VISNx4602@2.61 ACURx841@13.30 BSPMx2194@5.04 
Value: 56458.79
Sales: BSPMx2194@5.04 ESNCx36337@0.31 VISNx4602@2.61 ESNDx328@33.31 ACURx841@13.30 
Purchases: RHIx343@32.91 SCONx2895@3.90 WPCSx35279@0.32 PBBIx1990@5.67 RESx882@12.79 

2013-04-25
Cash: 21.64
Held: WPCSx35279@0.39 PBBIx1990@5.98 RHIx343@32.38 RESx882@12.97 SCONx2895@4.00 
Value: 59800.86
Sales: RHIx343@32.38 PBBIx1990@5.98 WPCSx35279@0.39 SCONx2895@4.00 RESx882@12.97 
Purchases: CRRx173@68.81 MLNXx229@52.09 CAIx454@26.34 AMEDx1174@10.18 RJFx296@40.31 

2013-04-28
Cash: 123.31
Held: RJFx296@40.25 AMEDx1174@10.20 CAIx454@25.75 MLNXx229@51.44 CRRx173@69.31 
Value: 59476.53
Sales: CRRx173@69.31 RJFx296@40.25 CAIx454@25.75 AMEDx1174@10.20 MLNXx229@51.44 
Purchases: ITRIx303@39.16 DLAx885@13.43 DECKx219@54.12 MMSIx1223@9.72 TNAVx2232@5.33 

2013-04-29
Cash: 95.13
Held: TNAVx2232@5.24 DLAx885@13.38 ITRIx303@39.66 MMSIx1223@9.67 DECKx219@55.12 
Value: 59547.69
Sales: ITRIx303@39.66 DLAx885@13.38 DECKx219@55.12 MMSIx1223@9.67 TNAVx2232@5.24 
Purchases: IGLDx4222@2.82 NTPx1575@7.56 FVEx2517@4.73 CETVx3219@3.70 LXRXx6013@1.98 

2013-04-30
Cash: 12.61
Held: LXRXx6013@1.97 IGLDx4222@2.88 FVEx2517@4.55 NTPx1575@7.66 CETVx3219@3.32 
Value: 58226.71
Sales: IGLDx4222@2.88 NTPx1575@7.66 FVEx2517@4.55 CETVx3219@3.32 LXRXx6013@1.97 
Purchases: SBSx817@14.24 CRMDx20436@0.57 AOSLx1621@7.18 NUANx613@18.97 DCTHx15327@0.76 

2013-05-01
Cash: 34.87
Held: SBSx817@14.31 DCTHx15327@0.79 AOSLx1621@7.24 CRMDx20436@0.59 NUANx613@19.41 
Value: 59520.44
Sales: SBSx817@14.31 CRMDx20436@0.59 AOSLx1621@7.24 NUANx613@19.41 DCTHx15327@0.79 
Purchases: FAROx360@33.00 XXIAx829@14.35 CRAYx689@17.27 RDCMx4508@2.64 COTx1281@9.29 

2013-05-02
Cash: 43.76
Held: FAROx360@33.94 COTx1281@9.06 RDCMx4508@4.06 XXIAx829@14.78 CRAYx689@16.66 
Value: 65896.27
Sales: FAROx360@33.94 XXIAx829@14.78 COTx1281@9.06 RDCMx4508@4.06 CRAYx689@16.66 
Purchases: RAILx700@18.81 EBR.Bx3176@4.15 AVEOx5230@2.52 EBRx5292@2.49 ENGx43923@0.30 

2013-05-05
Cash: 17.57
Held: EBRx5292@2.41 AVEOx5230@2.34 ENGx43923@0.30 RAILx700@18.64 EBR.Bx3176@3.98 
Value: 63878.95
Sales: EBR.Bx3176@3.98 RAILx700@18.64 AVEOx5230@2.34 EBRx5292@2.41 ENGx43923@0.30 
Purchases: LTRXx7341@1.74 KONEx4856@2.63 ZAGGx2629@4.86 ARNAx1699@7.52 DCTHx28393@0.45 

2013-05-06
Cash: 1.99
Held: ZAGGx2629@5.02 DCTHx28393@0.48 KONEx4856@2.60 LTRXx7341@1.78 ARNAx1699@8.34 
Value: 66695.15
Sales: LTRXx7341@1.78 KONEx4856@2.60 ZAGGx2629@5.02 ARNAx1699@8.34 DCTHx28393@0.48 
Purchases: PRTKx3538@3.77 USATPx721@18.50 APDNx1038@12.84 HGSHx1314@10.15 AXUx7538@1.77 

2013-05-07
Cash: 14.46
Held: APDNx1038@13.02 AXUx7538@1.81 PRTKx3538@3.59 USATPx721@19.97 HGSHx1314@10.30 
Value: 67801.76
Sales: PRTKx3538@3.59 USATPx721@19.97 APDNx1038@13.02 HGSHx1314@10.30 AXUx7538@1.81 
Purchases: BDEx1525@8.89 DCOx752@18.02 MTSCx246@54.97 AMRIx1332@10.18 LEUx36637@0.37 

2013-05-08
Cash: 54.17
Held: AMRIx1332@10.45 DCOx752@18.69 LEUx36637@0.35 MTSCx246@55.41 BDEx1525@8.96 
Value: 68152.62
Sales: MTSCx246@55.41 DCOx752@18.69 BDEx1525@8.96 AMRIx1332@10.45 LEUx36637@0.35 
Purchases: LIOXx5027@2.71 ESEx423@32.16 OCLRx12983@1.05 ACFCx2338@5.83 SALMx1738@7.84 

2013-05-09
Cash: 41.23
Held: LIOXx5027@2.55 ESEx423@32.94 SALMx1738@7.77 ACFCx2338@5.80 OCLRx12983@1.05 
Value: 67491.85
Sales: OCLRx12983@1.05 ESEx423@32.94 LIOXx5027@2.55 SALMx1738@7.77 ACFCx2338@5.80 
Purchases: WGx1869@7.22 NSYSx3992@3.38 KEMx2807@4.81 GSSx16663@0.81 GVx5721@2.36 

2013-05-12
Cash: 9.91
Held: GVx5721@2.48 WGx1869@7.42 KEMx2807@4.35 NSYSx3992@3.32 GSSx16663@0.77 
Value: 66372.51
Sales: WGx1869@7.42 GVx5721@2.48 KEMx2807@4.35 GSSx16663@0.77 NSYSx3992@3.32 
Purchases: MNGAx9907@1.34 MSONx2313@5.74 DRRXx13146@1.01 RILYx39032@0.34 EMKRx3892@3.41 

2013-05-13
Cash: 5.02
Held: EMKRx3892@3.34 DRRXx13146@1.02 MNGAx9907@1.49 MSONx2313@5.71 RILYx39032@0.38 
Value: 69207.18
Sales: EMKRx3892@3.34 MSONx2313@5.71 DRRXx13146@1.02 RILYx39032@0.38 MNGAx9907@1.49 
Purchases: SBLKx2284@6.06 FNCXx23466@0.59 GNVCx19218@0.72 PLGx14124@0.98 BKSx675@20.48 

2013-05-14
Cash: 18.80
Held: FNCXx23466@0.61 SBLKx2284@5.85 BKSx675@20.34 GNVCx19218@0.65 PLGx14124@1.05 
Value: 68744.11
Sales: SBLKx2284@5.85 FNCXx23466@0.61 GNVCx19218@0.65 PLGx14124@1.05 BKSx675@20.34 
Purchases: OPXAx7856@1.75 IFONx31251@0.44 MOSYx3336@4.12 SBOTx27497@0.50 TCIx1881@7.31 

2013-05-15
Cash: 3.57
Held: OPXAx7856@1.74 IFONx31251@0.44 TCIx1881@6.44 SBOTx27497@0.52 MOSYx3336@4.15 
Value: 67677.91
Sales: OPXAx7856@1.74 IFONx31251@0.44 MOSYx3336@4.15 SBOTx27497@0.52 TCIx1881@6.44 
Purchases: HSONx6209@2.18 CALIx4366@3.10 XRAx18542@0.73 VBFCx6800@1.99 VGZx10335@1.31 

2013-05-16
Cash: 8.04
Held: VGZx10335@1.23 VBFCx6800@1.88 CALIx4366@3.14 XRAx18542@0.70 HSONx6209@2.32 
Value: 66609.94
Sales: HSONx6209@2.32 CALIx4366@3.14 XRAx18542@0.70 VBFCx6800@1.88 VGZx10335@1.23 
Purchases: CJJDx20498@0.65 SNFCAx2107@6.32 PNTRx4164@3.20 APDNx976@13.65 CUTRx1447@9.20 

2013-05-19
Cash: 12.00
Held: APDNx976@12.72 CJJDx20498@0.67 CUTRx1447@9.13 PNTRx4164@3.10 SNFCAx2107@6.43 
Value: 65826.87
Sales: CJJDx20498@0.67 SNFCAx2107@6.43 PNTRx4164@3.10 APDNx976@12.72 CUTRx1447@9.13 
Purchases: UNXLx507@25.95 MNGAx11253@1.17 FSIx16058@0.82 ADKx2771@4.75 WKHSx33766@0.39 

2013-05-20
Cash: 11.40
Held: MNGAx11253@1.25 ADKx2771@4.85 FSIx16058@0.82 UNXLx507@23.47 WKHSx33766@0.35 
Value: 64406.12
Sales: MNGAx11253@1.25 UNXLx507@23.47 ADKx2771@4.85 WKHSx33766@0.35 FSIx16058@0.82 
Purchases: RAVNx407@31.62 TISIx368@35.00 FCFPx4222@3.05 ALKx440@29.27 SGMOx1643@7.84 

2013-05-21
Cash: 16.61
Held: RAVNx407@31.12 FCFPx4222@3.05 SGMOx1643@7.81 TISIx368@35.38 ALKx440@28.78 
Value: 64076.15
Sales: TISIx368@35.38 RAVNx407@31.12 FCFPx4222@3.05 ALKx440@28.78 SGMOx1643@7.81 
Purchases: NHTCx16642@0.77 HNPx308@41.50 DSSx4985@2.57 ARTWx1672@7.66 UNXLx552@23.19 

2013-05-22
Cash: 59.20
Held: ARTWx1672@7.65 DSSx4985@2.47 NHTCx16642@0.83 UNXLx552@22.34 HNPx308@42.12 
Value: 64286.25
Sales: NHTCx16642@0.83 HNPx308@42.12 DSSx4985@2.47 ARTWx1672@7.65 UNXLx552@22.34 
Purchases: VUZIx2107@6.10 JASOx1619@7.94 AMAGx586@21.94 AMSCx479@26.80 SOLx5494@2.34 

2013-05-23
Cash: 26.94
Held: AMSCx479@26.80 SOLx5494@2.16 JASOx1619@8.03 AMAGx586@22.25 VUZIx2107@6.30 
Value: 64047.38
Sales: VUZIx2107@6.30 JASOx1619@8.03 AMAGx586@22.25 AMSCx479@26.80 SOLx5494@2.16 
Purchases: CLNTx1667@7.68 BIOPx9854@1.30 CRUSx737@17.36 APRIx496@25.80 BOSCx3965@3.23 

2013-05-27
Cash: 39.15
Held: CLNTx1667@6.57 APRIx496@24.70 BOSCx3965@3.06 CRUSx737@17.61 BIOPx9854@1.30 
Value: 61166.07
Sales: BIOPx9854@1.30 CLNTx1667@6.57 APRIx496@24.70 CRUSx737@17.61 BOSCx3965@3.06 
Purchases: STVx7412@1.65 HIHOx6871@1.78 TEUMx14390@0.85 SHLDx249@48.97 GMEx385@31.72 

2013-05-28
Cash: 63.27
Held: TEUMx14390@0.81 STVx7412@1.59 SHLDx249@50.22 GMEx385@31.81 HIHOx6871@1.74 
Value: 60213.37
Sales: STVx7412@1.59 TEUMx14390@0.81 SHLDx249@50.22 GMEx385@31.81 HIHOx6871@1.74 
Purchases: IDNx23158@0.52 RGSEx4001@3.01 GNVCx26181@0.46 ENOCx830@14.51 EXCx380@31.66 

2013-05-29
Cash: 15.58
Held: RGSEx4001@3.05 ENOCx830@14.03 GNVCx26181@0.40 EXCx380@31.50 IDNx23158@0.55 
Value: 59039.92
Sales: IDNx23158@0.55 RGSEx4001@3.05 GNVCx26181@0.40 ENOCx830@14.03 EXCx380@31.50 
Purchases: UNISx3423@3.45 OIBR.Cx5650@2.09 BGIx13732@0.86 ANIPx9446@1.25 NBLx199@59.09 

2013-05-30
Cash: 50.83
Held: ANIPx9446@1.22 NBLx199@57.66 OIBR.Cx5650@1.94 UNISx3423@3.31 BGIx13732@0.86 
Value: 57149.03
Sales: UNISx3423@3.31 OIBR.Cx5650@1.94 BGIx13732@0.86 ANIPx9446@1.22 NBLx199@57.66 
Purchases: HQCLx7145@1.60 ARTXx7233@1.58 BLDPx6684@1.71 DLHCx14290@0.80 WFMx220@51.88 

