2012-03-01
Cash: 10000.00
Held: 
Value: 10000.00
Sales: 
Purchases: CALIx347@5.76 INVEx1020@1.96 DGIx161@12.41 SNMXx680@2.94 BLDPx1470@1.36 

2012-03-04
Cash: 5.57
Held: CALIx347@5.76 INVEx1020@1.99 DGIx161@12.21 SNMXx680@2.81 BLDPx1470@1.43 
Value: 10013.70
Sales: CALIx347@5.76 INVEx1020@1.99 DGIx161@12.21 SNMXx680@2.81 BLDPx1470@1.43 
Purchases: PRTSx512@3.91 OGENx1112@1.80 KFSx2472@0.81 CCMPx58@34.16 FANHx334@5.98 

2012-03-05
Cash: 29.31
Held: PRTSx512@3.67 CCMPx58@33.88 KFSx2472@0.83 OGENx1112@1.80 FANHx334@5.98 
Value: 9923.88
Sales: PRTSx512@3.67 OGENx1112@1.80 FANHx334@5.98 CCMPx58@33.88 KFSx2472@0.83 
Purchases: WMLPx279@7.09 MVISx855@2.32 MDSYx1096@1.81 CVBx250@7.91 CIXx134@14.70 

2012-03-06
Cash: 30.90
Held: CVBx250@10.82 MDSYx1096@1.78 MVISx855@2.33 WMLPx279@8.26 CIXx134@14.74 
Value: 10958.75
Sales: WMLPx279@8.26 MVISx855@2.33 MDSYx1096@1.78 CVBx250@10.82 CIXx134@14.74 
Purchases: NOAx480@4.56 SMITx672@3.26 NTRIx207@10.55 NUROx3176@0.69 AEZSx2@1062.00 

2012-03-07
Cash: 81.61
Held: NOAx480@4.83 NUROx3176@0.69 NTRIx207@10.57 SMITx672@3.40 AEZSx2@1080.00 
Value: 11223.48
Sales: AEZSx2@1080.00 SMITx672@3.40 NOAx480@4.83 NUROx3176@0.69 NTRIx207@10.57 
Purchases: GALEx1768@1.27 MBVXx12466@0.18 BWL.Ax227@9.86 CLSNx283@7.92 VRMLx1084@2.07 

2012-03-08
Cash: 10.21
Held: GALEx1768@1.32 BWL.Ax227@11.07 CLSNx283@7.70 VRMLx1084@1.95 MBVXx12466@0.18 
Value: 11394.93
Sales: GALEx1768@1.32 MBVXx12466@0.18 BWL.Ax227@11.07 CLSNx283@7.70 VRMLx1084@1.95 
Purchases: PDEXx1059@2.15 SMRTx365@6.23 SONCx312@7.29 WINTx625@3.64 RWCx1931@1.18 

2012-03-11
Cash: 15.99
Held: RWCx1931@1.15 SONCx312@7.30 PDEXx1059@2.15 SMRTx365@6.39 WINTx625@3.47 
Value: 11294.27
Sales: SONCx312@7.30 RWCx1931@1.15 SMRTx365@6.39 WINTx625@3.47 PDEXx1059@2.15 
Purchases: DNNx1496@1.51 PPHMx3586@0.63 DYNx4517@0.50 ATHXx1328@1.70 MSTXx3894@0.58 

2012-03-12
Cash: 1.71
Held: DNNx1496@1.66 PPHMx3586@0.64 MSTXx3894@0.58 DYNx4517@0.55 ATHXx1328@1.64 
Value: 11700.58
Sales: PPHMx3586@0.64 DYNx4517@0.55 DNNx1496@1.66 MSTXx3894@0.58 ATHXx1328@1.64 
Purchases: EGHTx585@4.00 FGPx149@15.62 AXDXx2107@1.11 BSPMx117@19.95 TESSx111@21.03 

2012-03-13
Cash: 25.13
Held: AXDXx2107@1.13 EGHTx585@3.86 TESSx111@21.09 FGPx149@15.58 BSPMx117@17.84 
Value: 11413.79
Sales: EGHTx585@3.86 BSPMx117@17.84 AXDXx2107@1.13 FGPx149@15.58 TESSx111@21.09 
Purchases: FAZx102@22.19 MEGx425@5.36 HCIx193@11.77 OAx42@53.66 JCSx173@13.13 

2012-03-14
Cash: 75.12
Held: OAx42@53.78 JCSx173@13.10 HCIx193@11.89 FAZx102@21.16 MEGx425@5.17 
Value: 11251.38
Sales: FAZx102@21.16 MEGx425@5.17 HCIx193@11.89 OAx42@53.78 JCSx173@13.10 
Purchases: XRMx336@6.68 WMLPx331@6.79 IFONx3082@0.73 INVTx1731@1.30 MNDOx1190@1.89 

2012-03-15
Cash: 11.38
Held: MNDOx1190@1.88 XRMx336@6.70 IFONx3082@0.79 INVTx1731@1.34 WMLPx331@7.31 
Value: 11672.69
Sales: XRMx336@6.70 WMLPx331@7.31 IFONx3082@0.79 INVTx1731@1.34 MNDOx1190@1.88 
Purchases: GESx71@32.53 LPTHx1311@1.78 APUx58@40.00 SKLNx29175@0.08 CVOx62@37.19 

2012-03-18
Cash: 68.91
Held: CVOx62@35.12 SKLNx29175@0.07 APUx58@40.44 LPTHx1311@1.68 GESx71@32.62 
Value: 11152.94
Sales: GESx71@32.62 CVOx62@35.12 LPTHx1311@1.68 SKLNx29175@0.07 APUx58@40.44 
Purchases: GTYx160@13.94 SCKTx774@2.88 SKLNx31862@0.07 WINTx793@2.81 OGXIx162@13.71 

2012-03-19
Cash: 12.65
Held: OGXIx162@12.95 SCKTx774@2.99 SKLNx31862@0.07 WINTx793@2.82 GTYx160@14.14 
Value: 11155.08
Sales: GTYx160@14.14 SCKTx774@2.99 SKLNx31862@0.07 WINTx793@2.82 OGXIx162@12.95 
Purchases: SCONx3233@0.69 DYNx3541@0.63 WPCSx1813@1.23 CRMEx524@4.25 VBFCx1506@1.48 

2012-03-20
Cash: 6.66
Held: WPCSx1813@1.29 VBFCx1506@1.43 DYNx3541@0.64 CRMEx524@4.05 SCONx3233@0.74 
Value: 11281.12
Sales: SCONx3233@0.74 DYNx3541@0.64 WPCSx1813@1.29 VBFCx1506@1.43 CRMEx524@4.05 
Purchases: MMACx5641@0.40 CBIOx62@35.84 FROx308@7.31 DHTx2278@0.99 RWCx1961@1.15 

2012-03-21
Cash: 40.24
Held: DHTx2278@1.01 RWCx1961@1.09 FROx308@6.80 MMACx5641@0.40 CBIOx62@35.22 
Value: 11011.72
Sales: CBIOx62@35.22 MMACx5641@0.40 DHTx2278@1.01 FROx308@6.80 RWCx1961@1.09 
Purchases: DRAMx182@12.06 YGEx576@3.82 BVSNx65@33.69 HEBx5950@0.37 AIRx112@19.50 

2012-03-22
Cash: 39.96
Held: BVSNx65@33.12 AIRx112@18.91 YGEx576@3.91 DRAMx182@13.14 HEBx5950@0.37 
Value: 11156.63
Sales: DRAMx182@13.14 YGEx576@3.91 BVSNx65@33.12 HEBx5950@0.37 AIRx112@18.91 
Purchases: PLUGx1593@1.40 GALEx987@2.26 THMx544@4.10 BVSNx67@33.12 ANTHx119@18.72 

2012-03-25
Cash: 17.26
Held: ANTHx119@19.59 GALEx987@2.10 BVSNx67@28.50 PLUGx1593@1.45 THMx544@4.17 
Value: 10910.39
Sales: PLUGx1593@1.45 GALEx987@2.10 THMx544@4.17 BVSNx67@28.50 ANTHx119@19.59 
Purchases: SHIPx621@3.51 EDAPx1179@1.85 MMACx6059@0.36 XTNTx924@2.36 ADUSx455@4.79 

2012-03-26
Cash: 9.16
Held: ADUSx455@4.79 SHIPx621@3.18 XTNTx924@2.26 MMACx6059@0.40 EDAPx1179@1.88 
Value: 10890.18
Sales: SHIPx621@3.18 EDAPx1179@1.88 MMACx6059@0.40 XTNTx924@2.26 ADUSx455@4.79 
Purchases: HDSNx672@3.24 RCONx1027@2.12 BVSNx78@27.70 GAZx595@3.66 AUDCx769@2.83 

2012-03-27
Cash: 21.42
Held: RCONx1027@2.15 BVSNx78@29.66 HDSNx672@3.34 GAZx595@3.75 AUDCx769@2.64 
Value: 11049.33
Sales: RCONx1027@2.15 BVSNx78@29.66 AUDCx769@2.64 GAZx595@3.75 HDSNx672@3.34 
Purchases: SGAx61@35.78 GRVYx792@2.79 DHTx2255@0.98 BSPMx176@12.50 DSSx731@3.02 

2012-03-28
Cash: 40.60
Held: DHTx2255@1.00 DSSx731@3.05 SGAx61@35.81 GRVYx792@2.63 BSPMx176@13.23 
Value: 11121.80
Sales: SGAx61@35.81 BSPMx176@13.23 DHTx2255@1.00 GRVYx792@2.63 DSSx731@3.05 
Purchases: CBKx1164@1.91 FPPx498@4.46 PFINx560@3.97 FSMx519@4.28 PSDVx1129@1.97 

2012-03-29
Cash: 7.45
Held: PFINx560@3.89 PSDVx1129@1.86 FSMx519@4.52 CBKx1164@1.86 FPPx498@4.51 
Value: 11044.46
Sales: CBKx1164@1.86 FPPx498@4.51 PFINx560@3.89 PSDVx1129@1.86 FSMx519@4.52 
Purchases: OBCIx960@2.30 DYNx3944@0.56 TWMCx1042@2.12 KZx405@5.44 CPSSx1767@1.25 

2012-04-01
Cash: 6.17
Held: OBCIx960@2.25 TWMCx1042@2.12 DYNx3944@0.52 KZx405@5.21 CPSSx1767@1.20 
Value: 10656.45
Sales: CPSSx1767@1.20 KZx405@5.21 DYNx3944@0.52 TWMCx1042@2.12 OBCIx960@2.25 
Purchases: IDRAx1253@1.70 AGAx126@16.83 FINLx100@21.12 AWIx44@47.88 OIBR.Cx342@6.22 

2012-04-02
Cash: 59.95
Held: AGAx126@16.97 AWIx44@47.50 FINLx100@21.92 OIBR.Cx342@6.65 IDRAx1253@1.71 
Value: 10896.54
Sales: IDRAx1253@1.71 OIBR.Cx342@6.65 AWIx44@47.50 AGAx126@16.97 FINLx100@21.92 
Purchases: OPHCx1028@2.12 YPFx94@23.16 MITKx261@8.34 KERXx1424@1.53 AEZSx5@408.00 

2012-04-03
Cash: 144.55
Held: YPFx94@23.05 OPHCx1028@2.10 KERXx1424@1.64 MITKx261@8.03 AEZSx5@432.00 
Value: 11060.37
Sales: OPHCx1028@2.10 YPFx94@23.05 MITKx261@8.03 KERXx1424@1.64 AEZSx5@432.00 
Purchases: THLDx305@7.25 OPHCx1053@2.10 CETVx289@7.65 SFSTx321@6.87 UECx670@3.30 

2012-04-04
Cash: 10.69
Held: UECx670@3.28 THLDx305@7.22 OPHCx1053@1.80 SFSTx321@6.86 CETVx289@7.23 
Value: 10596.20
Sales: THLDx305@7.22 OPHCx1053@1.80 CETVx289@7.23 SFSTx321@6.86 UECx670@3.28 
Purchases: AEHRx2018@1.05 IDNx1513@1.40 CBLIx67@31.20 TOPSx981@2.16 GSOLx402@5.26 

2012-04-08
Cash: 33.96
Held: CBLIx67@31.00 TOPSx981@2.13 AEHRx2018@1.14 GSOLx402@5.34 IDNx1513@1.29 
Value: 10599.59
Sales: AEHRx2018@1.14 IDNx1513@1.29 CBLIx67@31.00 TOPSx981@2.13 GSOLx402@5.34 
Purchases: RTx304@6.97 PTCx101@20.95 RCONx968@2.19 SKLNx42408@0.05 LORLx32@64.94 

2012-04-09
Cash: 47.56
Held: RCONx968@2.44 PTCx101@20.20 SKLNx42408@0.06 RTx304@6.76 LORLx32@64.38 
Value: 11109.40
Sales: RTx304@6.76 SKLNx42408@0.06 RCONx968@2.44 PTCx101@20.20 LORLx32@64.38 
Purchases: NAUHx372@5.97 VBFCx1542@1.44 MOHx91@24.38 CNCx107@20.64 COOLx24@92.00 

2012-04-10
Cash: 33.21
Held: VBFCx1542@1.56 MOHx91@24.77 COOLx24@93.69 CNCx107@20.94 NAUHx372@6.20 
Value: 11486.66
Sales: NAUHx372@6.20 CNCx107@20.94 MOHx91@24.77 VBFCx1542@1.56 COOLx24@93.69 
Purchases: AIIIx1702@1.35 DAIOx820@2.80 SNMXx1053@2.18 ANIPx3960@0.58 AEZSx5@432.00 

2012-04-11
Cash: 140.67
Held: ANIPx3960@0.61 DAIOx820@2.72 SNMXx1053@2.22 AIIIx1702@1.11 AEZSx5@420.00 
Value: 11114.92
Sales: AIIIx1702@1.11 DAIOx820@2.72 SNMXx1053@2.22 ANIPx3960@0.61 AEZSx5@420.00 
Purchases: FHx740@3.00 HOFTx191@11.59 GTIMx2021@1.10 WPCSx2268@0.98 NOKx525@4.23 

2012-04-12
Cash: 14.61
Held: WPCSx2268@1.02 HOFTx191@11.73 GTIMx2021@2.07 FHx740@3.04 NOKx525@4.02 
Value: 13109.94
Sales: FHx740@3.04 HOFTx191@11.73 WPCSx2268@1.02 NOKx525@4.02 GTIMx2021@2.07 
Purchases: PRKRx2279@1.15 OPHCx1310@2.00 MDSYx2097@1.25 SSYx2405@1.09 CLDXx627@4.18 

2012-04-15
Cash: 5.22
Held: SSYx2405@1.21 CLDXx627@4.17 PRKRx2279@1.14 OPHCx1310@2.60 MDSYx2097@1.36 
Value: 14386.34
Sales: PRKRx2279@1.14 OPHCx1310@2.60 MDSYx2097@1.36 SSYx2405@1.21 CLDXx627@4.17 
Purchases: SGOCx2179@1.32 CYTXx88@32.41 CLNTx799@3.60 NFECx2163@1.33 INFYx60@47.50 

2012-04-16
Cash: 54.58
Held: NFECx2163@1.54 SGOCx2179@1.60 INFYx60@47.53 CLNTx799@4.32 CYTXx88@34.19 
Value: 16183.54
Sales: SGOCx2179@1.60 CYTXx88@34.19 CLNTx799@4.32 NFECx2163@1.54 INFYx60@47.53 
Purchases: CNETx1798@1.80 MYOSx26973@0.12 ITUSx17976@0.18 HALOx390@8.29 GTIMx1949@1.66 

2012-04-17
Cash: 5.84
Held: ITUSx17976@0.18 CNETx1798@1.62 HALOx390@8.11 GTIMx1949@1.59 MYOSx26973@0.11 
Value: 15383.35
Sales: CNETx1798@1.62 MYOSx26973@0.11 GTIMx1949@1.59 HALOx390@8.11 ITUSx17976@0.18 
Purchases: SRPTx3456@0.89 OGENx1935@1.59 EDNx1114@2.76 AKO.Ax123@24.94 HCCIx161@19.02 

2012-04-18
Cash: 27.49
Held: EDNx1114@2.76 SRPTx3456@0.93 AKO.Ax123@27.00 HCCIx161@21.34 OGENx1935@1.59 
Value: 16150.24
Sales: SRPTx3456@0.93 EDNx1114@2.76 AKO.Ax123@27.00 OGENx1935@1.59 HCCIx161@21.34 
Purchases: MSBFx538@6.00 GOLx586@5.51 ENOCx482@6.69 IRCPx264@12.22 TNPx514@6.28 

2012-04-19
Cash: 12.81
Held: MSBFx538@6.00 ENOCx482@6.51 GOLx586@5.49 TNPx514@6.38 IRCPx264@13.01 
Value: 16308.41
Sales: MSBFx538@6.00 GOLx586@5.49 ENOCx482@6.51 IRCPx264@13.01 TNPx514@6.38 
Purchases: HNIx136@23.83 HUSAx1707@1.91 ACHNx393@8.28 GNTXx153@21.23 CKXx273@11.92 

2012-04-22
Cash: 49.08
Held: CKXx273@11.90 HNIx136@23.83 HUSAx1707@1.79 GNTXx153@20.95 ACHNx393@6.74 
Value: 15447.55
Sales: HNIx136@23.83 HUSAx1707@1.79 ACHNx393@6.74 GNTXx153@20.95 CKXx273@11.90 
Purchases: HUSAx1725@1.79 MPAAx394@7.84 DZSIx3251@0.95 EZPWx119@25.77 TPXx47@65.12 

2012-04-23
Cash: 54.77
Held: DZSIx3251@1.01 EZPWx119@26.33 HUSAx1725@1.63 TPXx47@61.34 MPAAx394@7.90 
Value: 15277.25
Sales: HUSAx1725@1.63 MPAAx394@7.90 EZPWx119@26.33 DZSIx3251@1.01 TPXx47@61.34 
Purchases: MVISx1819@1.68 OTELx536@5.70 SNOAx3085@0.99 TNCx73@41.62 CBAKx773@3.95 

2012-04-24
Cash: 20.87
Held: SNOAx3085@0.98 OTELx536@5.93 TNCx73@41.97 MVISx1819@1.96 CBAKx773@4.00 
Value: 15943.31
Sales: MVISx1819@1.96 OTELx536@5.93 SNOAx3085@0.98 TNCx73@41.97 CBAKx773@4.00 
Purchases: UCTTx488@6.53 WKHSx16787@0.19 SANMx366@8.70 NFLXx36@86.38 TROVx5142@0.62 

2012-04-25
Cash: 84.03
Held: UCTTx488@6.81 SANMx366@8.97 NFLXx36@85.06 TROVx5142@0.61 WKHSx16787@0.20 
Value: 16243.93
Sales: UCTTx488@6.81 WKHSx16787@0.20 SANMx366@8.97 NFLXx36@85.06 TROVx5142@0.61 
Purchases: IDRAx2225@1.46 SCHLx105@30.84 CNITx2460@1.32 HEIx80@40.50 TECSx362@8.95 

2012-04-26
Cash: 27.93
Held: TECSx362@8.95 HEIx80@40.94 SCHLx105@30.97 IDRAx2225@1.46 CNITx2460@1.28 
Value: 16193.56
Sales: IDRAx2225@1.46 SCHLx105@30.97 CNITx2460@1.28 HEIx80@40.94 TECSx362@8.95 
Purchases: CLNTx713@4.54 CLFDx751@4.31 SRNEx7197@0.45 IDCCx118@27.33 GTIMx856@3.78 

2012-04-29
Cash: 23.36
Held: IDCCx118@27.72 CLFDx751@4.25 SRNEx7197@0.45 CLNTx713@5.31 GTIMx856@3.96 
Value: 16899.81
Sales: CLNTx713@5.31 CLFDx751@4.25 SRNEx7197@0.45 IDCCx118@27.72 GTIMx856@3.96 
Purchases: CAPRx12517@0.27 SIMOx198@17.02 DGIIx364@9.27 MXWLx355@9.51 DECKx66@51.00 

2012-04-30
Cash: 34.08
Held: CAPRx12517@0.28 SIMOx198@15.54 DGIIx364@9.25 DECKx66@52.50 MXWLx355@9.58 
Value: 16848.18
Sales: MXWLx355@9.58 SIMOx198@15.54 DGIIx364@9.25 CAPRx12517@0.28 DECKx66@52.50 
Purchases: ABCDx1491@2.26 IMMYx4435@0.76 MMACx9908@0.34 FVEx1005@3.35 HOLXx179@18.80 

2012-05-01
Cash: 8.72
Held: FVEx1005@3.31 IMMYx4435@0.52 MMACx9908@0.34 HOLXx179@18.09 ABCDx1491@2.25 
Value: 15605.22
Sales: IMMYx4435@0.52 ABCDx1491@2.25 FVEx1005@3.31 MMACx9908@0.34 HOLXx179@18.09 
Purchases: COPx57@54.59 OPHCx2346@1.33 COYNx380@8.20 TRRx538@5.80 HLFx59@52.69 

2012-05-02
Cash: 26.45
Held: HLFx59@46.19 COPx57@54.25 TRRx538@5.67 OPHCx2346@1.17 COYNx380@8.50 
Value: 14869.86
Sales: HLFx59@46.19 OPHCx2346@1.17 TRRx538@5.67 COYNx380@8.50 COPx57@54.25 
Purchases: IDRAx2542@1.17 SYXx204@14.55 OPHCx2542@1.17 CEVAx171@17.33 PLTx90@32.84 

2012-05-03
Cash: 35.37
Held: CEVAx171@17.00 SYXx204@14.00 OPHCx2542@1.12 PLTx90@32.06 IDRAx2542@1.10 
Value: 14326.54
Sales: IDRAx2542@1.10 OPHCx2542@1.12 CEVAx171@17.00 PLTx90@32.06 SYXx204@14.00 
Purchases: NSYSx793@3.61 WTWx46@62.19 CALDx472@6.07 CACIx58@49.16 INSGx1439@1.99 

2012-05-06
Cash: 23.49
Held: CALDx472@5.88 WTWx46@59.47 INSGx1439@1.96 CACIx58@48.44 NSYSx793@3.61 
Value: 14025.88
Sales: CACIx58@48.44 NSYSx793@3.61 INSGx1439@1.96 CALDx472@5.88 WTWx46@59.47 
Purchases: BEBEx45@61.09 MTSCx67@41.50 CLNTx589@4.76 MANTx113@24.80 SGYPx625@4.49 

2012-05-07
Cash: 84.29
Held: CLNTx589@4.56 MANTx113@24.78 BEBEx45@60.81 MTSCx67@42.03 SGYPx625@4.53 
Value: 13954.27
Sales: BEBEx45@60.81 MTSCx67@42.03 CLNTx589@4.56 MANTx113@24.78 SGYPx625@4.53 
Purchases: CNETx1297@2.15 TPXx59@46.59 BSFTx87@31.91 ESEAx17@156.00 TAx564@4.94 

2012-05-08
Cash: 201.39
Held: CNETx1297@2.05 ESEAx17@150.00 TPXx59@48.78 TAx564@5.08 BSFTx87@31.22 
Value: 13869.44
Sales: CNETx1297@2.05 TAx564@5.08 BSFTx87@31.22 ESEAx17@150.00 TPXx59@48.78 
Purchases: SMGx60@46.09 TCCOx364@7.60 EGTx693@4.00 SNCRx137@20.20 IDSYx614@4.51 

2012-05-09
Cash: 26.82
Held: SNCRx137@20.62 SMGx60@46.91 EGTx693@3.80 TCCOx364@7.75 IDSYx614@4.54 
Value: 13908.75
Sales: SMGx60@46.91 TCCOx364@7.75 IDSYx614@4.54 SNCRx137@20.62 EGTx693@3.80 
Purchases: AEHRx2397@1.16 DVAXx71@38.91 AWREx462@6.01 AMEDx277@10.01 ANIPx6624@0.42 

2012-05-10
Cash: 34.37
Held: ANIPx6624@0.45 AEHRx2397@1.30 AMEDx277@10.54 AWREx462@5.90 DVAXx71@40.91 
Value: 14679.22
Sales: AEHRx2397@1.30 DVAXx71@40.91 AWREx462@5.90 AMEDx277@10.54 ANIPx6624@0.45 
Purchases: CDTIx228@12.85 AMAGx221@13.25 WINx295@9.94 CLROx748@3.92 FANHx460@6.37 

2012-05-13
Cash: 26.44
Held: CLROx748@3.95 AMAGx221@12.99 CDTIx228@13.15 FANHx460@6.21 WINx295@9.68 
Value: 14562.12
Sales: CDTIx228@13.15 AMAGx221@12.99 WINx295@9.68 CLROx748@3.95 FANHx460@6.21 
Purchases: UDOWx59@49.25 QLDx55@52.47 WLDNx1155@2.52 AMOTx470@6.19 TQQQx59@49.28 

2012-05-14
Cash: 42.97
Held: WLDNx1155@2.29 QLDx55@52.09 TQQQx59@48.84 UDOWx59@48.53 AMOTx470@6.26 
Value: 14240.13
Sales: UDOWx59@48.53 QLDx55@52.09 TQQQx59@48.84 AMOTx470@6.26 WLDNx1155@2.29 
Purchases: GRBKx8134@0.35 IOTx1515@1.88 CIGx218@13.02 RBPAAx1874@1.52 CIG.Cx193@14.70 

2012-05-15
Cash: 20.00
Held: CIG.Cx193@14.86 RBPAAx1874@1.70 GRBKx8134@0.35 IOTx1515@1.94 CIGx218@13.18 
Value: 14734.64
Sales: IOTx1515@1.94 GRBKx8134@0.35 RBPAAx1874@1.70 CIGx218@13.18 CIG.Cx193@14.86 
Purchases: SVTx376@7.82 AUMNx726@4.06 SUMRx991@2.97 HMNYx1091@2.70 LAKEx387@7.61 

2012-05-16
Cash: 14.02
Held: LAKEx387@7.99 AUMNx726@3.38 SVTx376@7.70 HMNYx1091@2.30 SUMRx991@3.08 
Value: 14017.41
Sales: SVTx376@7.70 SUMRx991@3.08 LAKEx387@7.99 HMNYx1091@2.30 AUMNx726@3.38 
Purchases: ABCDx2046@1.37 CALLx151@18.48 CFBKx1774@1.58 CLNTx1015@2.76 JCPx108@25.94 

2012-05-17
Cash: 17.53
Held: CALLx151@17.73 CLNTx1015@2.42 ABCDx2046@1.26 JCPx108@26.30 CFBKx1774@1.53 
Value: 13283.89
Sales: ABCDx2046@1.26 JCPx108@26.30 CFBKx1774@1.53 CLNTx1015@2.42 CALLx151@17.73 
Purchases: IMMYx4356@0.61 STRSx332@8.00 SYMXx3321@0.80 AAPx39@66.69 RRGBx87@30.47 

2012-05-20
Cash: 63.58
Held: SYMXx3321@0.90 IMMYx4356@0.80 AAPx39@69.81 STRSx332@7.75 RRGBx87@32.03 
Value: 14618.51
Sales: IMMYx4356@0.80 STRSx332@7.75 SYMXx3321@0.90 AAPx39@69.81 RRGBx87@32.03 
Purchases: RAVEx1141@2.56 KIRKx277@10.53 RVLTx7696@0.38 GAZx894@3.27 PNBKx1761@1.66 

2012-05-21
Cash: 9.70
Held: RVLTx7696@0.38 KIRKx277@10.00 RAVEx1141@2.55 GAZx894@3.32 PNBKx1761@1.75 
Value: 14663.83
Sales: RAVEx1141@2.55 KIRKx277@10.00 RVLTx7696@0.38 GAZx894@3.32 PNBKx1761@1.75 
Purchases: SSKNx1173@2.50 MIDZx115@25.39 CKXx293@10.01 HMNYx1383@2.12 LOWx115@25.48 

2012-05-22
Cash: 17.64
Held: CKXx293@10.01 LOWx115@26.19 SSKNx1173@2.93 MIDZx115@25.03 HMNYx1383@2.40 
Value: 15596.35
Sales: HMNYx1383@2.40 MIDZx115@25.03 CKXx293@10.01 SSKNx1173@2.93 LOWx115@26.19 
Purchases: NAKx1262@2.47 HGTx435@7.16 DGLYx6238@0.50 TGDx1961@1.59 CNTFx677@4.60 

2012-05-23
Cash: 11.72
Held: CNTFx677@4.90 TGDx1961@1.61 NAKx1262@2.46 DGLYx6238@0.51 HGTx435@6.99 
Value: 15811.38
Sales: CNTFx677@4.90 DGLYx6238@0.51 HGTx435@6.99 TGDx1961@1.61 NAKx1262@2.46 
Purchases: GILTx994@3.18 CHNRx488@6.47 IESCx1090@2.90 SLCTx735@4.30 CNSLx226@13.95 

2012-05-24
Cash: 18.12
Held: IESCx1090@3.11 CNSLx226@14.14 SLCTx735@4.40 CHNRx488@6.88 GILTx994@3.27 
Value: 16442.79
Sales: GILTx994@3.27 SLCTx735@4.40 CNSLx226@14.14 IESCx1090@3.11 CHNRx488@6.88 
Purchases: MNROx97@33.72 WPRTx128@25.64 SRNEx20549@0.16 NTAPx114@28.61 CPRXx5871@0.56 

2012-05-28
Cash: 51.95
Held: CPRXx5871@0.55 NTAPx114@29.70 MNROx97@34.47 SRNEx20549@0.23 WPRTx128@25.45 
Value: 17993.35
Sales: MNROx97@34.47 WPRTx128@25.45 SRNEx20549@0.23 NTAPx114@29.70 CPRXx5871@0.55 
Purchases: PAYx101@35.62 SNGXx11993@0.30 VRMLx1730@2.08 NVGNx1799@2.00 DCTHx2414@1.49 

2012-05-29
Cash: 2.78
Held: PAYx101@36.25 NVGNx1799@2.15 DCTHx2414@1.50 VRMLx1730@2.09 SNGXx11993@0.29 
Value: 18247.45
Sales: PAYx101@36.25 SNGXx11993@0.29 NVGNx1799@2.15 VRMLx1730@2.09 DCTHx2414@1.50 
Purchases: XBKSx2134@1.71 CALIx1382@2.64 SHIPx1594@2.29 GIGx1689@2.16 UBCx187@19.45 

2012-05-30
Cash: 14.05
Held: CALIx1382@2.64 SHIPx1594@2.27 GIGx1689@2.31 UBCx187@19.45 XBKSx2134@1.40 
Value: 17809.70
Sales: GIGx1689@2.31 CALIx1382@2.64 SHIPx1594@2.27 XBKSx2134@1.40 UBCx187@19.45 
Purchases: DAKTx543@6.55 GENEx776@4.59 FROx756@4.71 TTMx171@20.80 YPFx278@12.79 

2012-05-31
Cash: 17.82
Held: TTMx171@20.11 YPFx278@12.64 GENEx776@4.48 FROx756@4.27 DAKTx543@6.39 
Value: 17145.33
Sales: DAKTx543@6.39 FROx756@4.27 GENEx776@4.48 YPFx278@12.64 TTMx171@20.11 
Purchases: AIIIx3118@1.10 XBKSx2540@1.35 CYRXx539@6.36 CRMDx18053@0.19 SMIx2271@1.51 

2012-06-03
Cash: 3.35
Held: CRMDx18053@0.18 CYRXx539@5.76 SMIx2271@1.53 AIIIx3118@1.34 XBKSx2540@1.32 
Value: 17365.90
Sales: AIIIx3118@1.34 XBKSx2540@1.32 CYRXx539@5.76 CRMDx18053@0.18 SMIx2271@1.53 
Purchases: STRSx496@7.00 SOXLx156@22.22 PDCEx159@21.80 GASLx200@17.34 QUIKx1593@2.18 

2012-06-04
Cash: 21.08
Held: QUIKx1593@2.03 SOXLx156@23.72 GASLx200@18.72 PDCEx159@21.77 STRSx496@7.13 
Value: 17694.30
Sales: STRSx496@7.13 PDCEx159@21.77 SOXLx156@23.72 QUIKx1593@2.03 GASLx200@18.72 
Purchases: ISDRx1211@2.92 CQPx178@19.81 BSPMx463@7.63 MMACx12637@0.28 RTNBx6805@0.52 

2012-06-05
Cash: 22.00
Held: ISDRx1211@3.00 CQPx178@20.23 RTNBx6805@0.50 MMACx12637@0.28 BSPMx463@7.56 
Value: 17697.58
Sales: ISDRx1211@3.00 CQPx178@20.23 BSPMx463@7.56 MMACx12637@0.28 RTNBx6805@0.50 
Purchases: FHx994@3.56 PIPx2390@1.48 LLITx2058@1.72 CPHIx12203@0.29 XTNTx2949@1.20 

2012-06-06
Cash: 2.16
Held: XTNTx2949@1.36 LLITx2058@1.87 CPHIx12203@0.34 PIPx2390@1.64 FHx994@3.70 
Value: 19608.41
Sales: PIPx2390@1.64 FHx994@3.70 LLITx2058@1.87 CPHIx12203@0.34 XTNTx2949@1.36 
Purchases: SNGXx14523@0.27 YANGx241@16.23 GBRx3770@1.04 FCELx3846@1.02 ERYx51@76.12 

2012-06-07
Cash: 49.99
Held: ERYx51@76.00 FCELx3846@1.02 GBRx3770@1.20 SNGXx14523@0.23 YANGx241@16.38 
Value: 19658.23
Sales: SNGXx14523@0.23 FCELx3846@1.02 YANGx241@16.38 GBRx3770@1.20 ERYx51@76.00 
Purchases: AIIIx3540@1.11 ZNx2113@1.86 REEDx1187@3.31 CVTIx1187@3.31 BLINx446@8.80 

2012-06-10
Cash: 14.02
Held: ZNx2113@1.88 CVTIx1187@3.24 BLINx446@9.45 REEDx1187@3.37 AIIIx3540@1.27 
Value: 20541.77
Sales: AIIIx3540@1.27 ZNx2113@1.88 REEDx1187@3.37 CVTIx1187@3.24 BLINx446@9.45 
Purchases: TIKx1067@3.85 SITOx21629@0.19 SAJAx5954@0.69 MGPIx1153@3.56 GUREx3286@1.25 

2012-06-11
Cash: 5.27
Held: SAJAx5954@0.71 SITOx21629@0.20 GUREx3286@1.24 MGPIx1153@3.53 TIKx1067@3.74 
Value: 20692.64
Sales: TIKx1067@3.74 SAJAx5954@0.71 MGPIx1153@3.53 GUREx3286@1.24 SITOx21629@0.20 
Purchases: CTICx11@373.75 ADGEx1791@2.31 CNCx307@13.45 WCGx80@51.50 TIKx1106@3.74 

2012-06-12
Cash: 56.40
Held: CTICx11@345.00 ADGEx1791@2.51 WCGx80@51.06 CNCx307@13.42 TIKx1106@3.82 
Value: 20777.17
Sales: CNCx307@13.42 TIKx1106@3.82 CTICx11@345.00 WCGx80@51.06 ADGEx1791@2.51 
Purchases: ABCDx3612@1.15 TGSx2444@1.70 LIVEx867@4.79 IRIXx1236@3.36 BLINx497@8.35 

2012-06-13
Cash: 11.65
Held: IRIXx1236@3.22 LIVEx867@5.20 TGSx2444@1.73 BLINx497@7.85 ABCDx3612@1.14 
Value: 20748.06
Sales: ABCDx3612@1.14 TGSx2444@1.73 IRIXx1236@3.22 LIVEx867@5.20 BLINx497@7.85 
Purchases: REGNx37@110.88 MEETx1852@2.24 JVAx706@5.87 BPOPx305@13.58 GBRx4027@1.03 

2012-06-14
Cash: 61.54
Held: MEETx1852@2.23 REGNx37@113.88 JVAx706@5.78 GBRx4027@1.10 BPOPx305@14.27 
Value: 21268.83
Sales: REGNx37@113.88 MEETx1852@2.23 JVAx706@5.78 BPOPx305@14.27 GBRx4027@1.10 
Purchases: VRTBx3515@1.21 DLx1417@3.00 OHRPx4726@0.90 LSCCx1131@3.76 KFSx8862@0.48 

2012-06-17
Cash: 6.00
Held: DLx1417@3.00 OHRPx4726@0.90 VRTBx3515@1.22 LSCCx1131@3.50 KFSx8862@0.45 
Value: 20743.24
Sales: KFSx8862@0.45 DLx1417@3.00 OHRPx4726@0.90 VRTBx3515@1.22 LSCCx1131@3.50 
Purchases: MVISx1975@2.10 JOBx10640@0.39 TEUMx2383@1.74 AIQx4715@0.88 IIVIx257@16.12 

2012-06-18
Cash: 8.31
Held: TEUMx2383@1.71 JOBx10640@0.41 IIVIx257@16.69 AIQx4715@0.89 MVISx1975@2.06 
Value: 20999.87
Sales: MVISx1975@2.06 JOBx10640@0.41 TEUMx2383@1.71 AIQx4715@0.89 IIVIx257@16.69 
Purchases: CWEIx83@50.44 MMACx14998@0.28 GTIMx1742@2.41 REEDx1376@3.05 DLHCx3207@1.31 

2012-06-19
Cash: 17.52
Held: CWEIx83@49.88 DLHCx3207@1.30 GTIMx1742@2.49 REEDx1376@3.14 MMACx14998@0.27 
Value: 21034.86
Sales: CWEIx83@49.88 MMACx14998@0.27 GTIMx1742@2.49 REEDx1376@3.14 DLHCx3207@1.30 
Purchases: LUNAx2731@1.54 SSNx3339@1.26 RVLTx11682@0.36 RILYx14504@0.29 WLDNx2697@1.56 

2012-06-20
Cash: 2.99
Held: SSNx3339@1.18 RVLTx11682@0.37 WLDNx2697@1.50 RILYx14504@0.33 LUNAx2731@1.53 
Value: 21277.81
Sales: LUNAx2731@1.53 SSNx3339@1.18 RVLTx11682@0.37 RILYx14504@0.33 WLDNx2697@1.50 
Purchases: IFMIx5320@0.80 ETHx228@18.59 LZBx379@11.21 TTGTx856@4.97 HGSHx7740@0.55 

2012-06-21
Cash: 25.79
Held: IFMIx5320@0.80 TTGTx856@5.08 LZBx379@11.49 HGSHx7740@0.56 ETHx228@18.11 
Value: 21446.96
Sales: ETHx228@18.11 IFMIx5320@0.80 TTGTx856@5.08 HGSHx7740@0.56 LZBx379@11.49 
Purchases: KEGx538@7.96 BRKRx318@13.47 PDCEx213@20.12 HOTRx988@4.34 KFSx8414@0.51 

2012-06-24
Cash: 17.35
Held: BRKRx318@12.96 HOTRx988@4.28 KEGx538@7.09 PDCEx213@19.62 KFSx8414@0.50 
Value: 20570.26
Sales: KEGx538@7.09 BRKRx318@12.96 PDCEx213@19.62 HOTRx988@4.28 KFSx8414@0.50 
Purchases: IDRAx4839@0.85 ARTXx4472@0.92 ARNAx447@9.20 Rx119@34.34 RVSBx3809@1.08 

2012-06-25
Cash: 28.03
Held: ARTXx4472@0.93 Rx119@34.59 ARNAx447@8.85 IDRAx4839@0.89 RVSBx3809@1.12 
Value: 20834.98
Sales: IDRAx4839@0.89 ARTXx4472@0.93 ARNAx447@8.85 Rx119@34.59 RVSBx3809@1.12 
Purchases: IMMRx673@6.19 SNGXx18118@0.23 PESx637@6.54 PGTIx1621@2.57 KEXx91@45.38 

2012-06-26
Cash: 40.39
Held: PGTIx1621@2.83 PESx637@6.77 KEXx91@45.84 IMMRx673@5.97 SNGXx18118@0.24 
Value: 21477.03
Sales: IMMRx673@5.97 SNGXx18118@0.24 KEXx91@45.84 PGTIx1621@2.83 PESx637@6.77 
Purchases: OGENx1988@2.16 JKSx1259@3.41 RVLTx16520@0.26 CLSNx340@12.60 MBVXx2065@2.08 

2012-06-27
Cash: 14.00
Held: RVLTx16520@0.25 JKSx1259@3.30 CLSNx340@13.36 OGENx1988@2.16 MBVXx2065@2.20 
Value: 21677.65
Sales: MBVXx2065@2.20 OGENx1988@2.16 RVLTx16520@0.25 CLSNx340@13.36 JKSx1259@3.30 
Purchases: RAVEx1674@2.59 OMERx419@10.34 DLTRx83@52.19 ORLYx53@81.31 EVLVx2114@2.05 

2012-06-28
Cash: 31.74
Held: DLTRx83@53.81 RAVEx1674@2.73 EVLVx2114@2.08 OMERx419@10.00 ORLYx53@83.75 
Value: 22095.02
Sales: RAVEx1674@2.73 OMERx419@10.00 DLTRx83@53.81 ORLYx53@83.75 EVLVx2114@2.08 
Purchases: UUUUx22100@0.20 ORBKx579@7.62 GRBKx1241@3.56 ANTHx816@5.41 JAKKx275@16.02 

2012-07-01
Cash: 25.86
Held: ORBKx579@7.72 ANTHx816@5.56 GRBKx1241@3.54 JAKKx275@16.31 UUUUx22100@0.18 
Value: 21887.93
Sales: UUUUx22100@0.18 ORBKx579@7.72 GRBKx1241@3.54 ANTHx816@5.56 JAKKx275@16.31 
Purchases: DPKx40@109.19 SRNEx17510@0.25 BZQx112@39.00 SQQQx94@46.44 ERYx65@66.44 

2012-07-02
Cash: 91.37
Held: DPKx40@106.19 ERYx65@61.69 SRNEx17510@0.25 SQQQx94@45.34 BZQx112@37.75 
Value: 21216.37
Sales: SRNEx17510@0.25 BZQx112@37.75 DPKx40@106.19 ERYx65@61.69 SQQQx94@45.34 
Purchases: MTRx141@30.00 GALTx2571@1.65 IRIXx1159@3.66 DLx1360@3.12 ANIPx1821@2.33 

2012-07-04
Cash: 15.99
Held: IRIXx1159@3.45 ANIPx1821@2.18 DLx1360@3.10 GALTx2571@1.89 MTRx141@29.75 
Value: 21251.35
Sales: GALTx2571@1.89 MTRx141@29.75 IRIXx1159@3.45 DLx1360@3.10 ANIPx1821@2.18 
Purchases: TCAPx185@22.92 CVOx241@17.59 SVTx523@8.12 RICx1070@3.97 RNVAx997@4.26 

2012-07-05
Cash: 27.84
Held: TCAPx185@22.98 CVOx241@17.20 RICx1070@3.84 RNVAx997@4.32 SVTx523@8.25 
Value: 21156.63
Sales: TCAPx185@22.98 CVOx241@17.20 SVTx523@8.25 RICx1070@3.84 RNVAx997@4.32 
Purchases: CBMXx2@1890.00 HUSAx3616@1.17 SMEDx1263@3.35 VISNx6043@0.70 CATOx149@28.38 

2012-07-08
Cash: 456.48
Held: SMEDx1263@3.30 HUSAx3616@1.18 VISNx6043@0.69 CATOx149@28.22 CBMXx2@1890.00 
Value: 21045.03
Sales: CBMXx2@1890.00 HUSAx3616@1.18 SMEDx1263@3.30 VISNx6043@0.69 CATOx149@28.22 
Purchases: MNGAx1073@3.92 NAVx177@23.67 SCMPx806@5.22 MSTRx35@118.25 PFBCx361@11.66 

2012-07-09
Cash: 96.06
Held: MNGAx1073@4.05 PFBCx361@11.64 SCMPx806@5.07 MSTRx35@113.31 NAVx177@21.95 
Value: 20583.13
Sales: MNGAx1073@4.05 NAVx177@21.95 SCMPx806@5.07 MSTRx35@113.31 PFBCx361@11.64 
Purchases: BPIx314@13.07 PPCx687@5.99 LMNXx212@19.33 SIMOx317@12.97 ADGEx2058@2.00 

2012-07-10
Cash: 40.45
Held: BPIx314@13.01 SIMOx317@11.53 LMNXx212@18.14 ADGEx2058@1.93 PPCx687@5.68 
Value: 19499.36
Sales: BPIx314@13.01 PPCx687@5.68 LMNXx212@18.14 SIMOx317@11.53 ADGEx2058@1.93 
Purchases: UAAx85@45.47 GRBKx1266@3.08 QTMx2784@1.40 LIVEx340@11.47 RNVAx1123@3.47 

2012-07-11
Cash: 39.48
Held: LIVEx340@10.80 GRBKx1266@2.81 RNVAx1123@3.94 QTMx2784@1.41 UAAx85@46.31 
Value: 19555.01
Sales: UAAx85@46.31 LIVEx340@10.80 QTMx2784@1.41 GRBKx1266@2.81 RNVAx1123@3.94 
Purchases: GVx1794@2.18 HGGx535@7.31 SEEDx2678@1.46 ADTNx177@21.98 VOXXx492@7.94 

2012-07-12
Cash: 26.37
Held: GVx1794@2.32 ADTNx177@21.58 HGGx535@7.23 VOXXx492@8.01 SEEDx2678@1.47 
Value: 19752.41
Sales: GVx1794@2.32 HGGx535@7.23 VOXXx492@8.01 SEEDx2678@1.47 ADTNx177@21.58 
Purchases: CALXx819@4.82 CFBKx2393@1.65 SVUx1702@2.32 CADCx387@10.20 DRWIx53@73.25 

2012-07-15
Cash: 75.16
Held: CALXx819@4.78 SVUx1702@2.48 DRWIx53@68.25 CADCx387@10.92 CFBKx2393@1.74 
Value: 20221.16
Sales: CALXx819@4.78 DRWIx53@68.25 SVUx1702@2.48 CADCx387@10.92 CFBKx2393@1.74 
Purchases: DLx1259@3.21 ACADx2575@1.57 VISNx6420@0.63 VIRCx2511@1.61 MARKx1544@2.62 

2012-07-16
Cash: 3.64
Held: DLx1259@3.29 ACADx2575@1.61 VISNx6420@0.61 VIRCx2511@1.60 MARKx1544@2.59 
Value: 20221.88
Sales: DLx1259@3.29 ACADx2575@1.61 VISNx6420@0.61 VIRCx2511@1.60 MARKx1544@2.59 
Purchases: DFx304@13.30 WOOFx189@21.34 OGENx1684@2.40 CRMDx19262@0.21 MATXx163@24.72 

2012-07-17
Cash: 29.98
Held: MATXx163@24.83 DFx304@12.98 CRMDx19262@0.25 WOOFx189@21.56 OGENx1684@2.40 
Value: 20954.91
Sales: DFx304@12.98 WOOFx189@21.56 OGENx1684@2.40 CRMDx19262@0.25 MATXx163@24.83 
Purchases: CBMXx2@1724.00 HUBGx133@31.45 NUROx7105@0.59 ANIPx2539@1.65 EDUx441@9.50 

2012-07-18
Cash: 752.97
Held: EDUx441@11.20 NUROx7105@0.62 ANIPx2539@1.60 HUBGx133@31.88 CBMXx2@1688.00 
Value: 21776.26
Sales: CBMXx2@1688.00 HUBGx133@31.88 ANIPx2539@1.60 NUROx7105@0.62 EDUx441@11.20 
Purchases: MBOTx3110@1.40 NHTCx3350@1.30 SVBIx1675@2.60 LXRXx1538@2.83 HHSx594@7.32 

2012-07-19
Cash: 11.43
Held: MBOTx3110@1.55 LXRXx1538@2.71 NHTCx3350@1.40 HHSx594@7.02 SVBIx1675@2.56 
Value: 22150.57
Sales: MBOTx3110@1.55 NHTCx3350@1.40 SVBIx1675@2.56 HHSx594@7.02 LXRXx1538@2.71 
Purchases: SYPRx738@6.00 TSUx208@21.23 MITKx1457@3.04 POOLx120@36.81 ANTHx485@9.12 

2012-07-22
Cash: 38.57
Held: SYPRx738@5.65 ANTHx485@8.80 TSUx208@20.58 MITKx1457@2.74 POOLx120@36.81 
Value: 21163.87
Sales: POOLx120@36.81 TSUx208@20.58 ANTHx485@8.80 SYPRx738@5.65 MITKx1457@2.74 
Purchases: CMGx13@306.00 ABEOx13224@0.32 STAAx724@5.84 RMBSx1017@4.16 GOROx247@17.11 

2012-07-23
Cash: 268.35
Held: CMGx13@294.25 ABEOx13224@0.37 GOROx247@17.12 STAAx724@5.59 RMBSx1017@4.07 
Value: 21404.46
Sales: CMGx13@294.25 ABEOx13224@0.37 STAAx724@5.59 RMBSx1017@4.07 GOROx247@17.12 
Purchases: BGIx4809@0.89 RCONx2994@1.43 VISNx15854@0.27 PETSx453@9.43 AMCNx2548@1.68 

2012-07-24
Cash: 10.92
Held: AMCNx2548@1.64 RCONx2994@1.48 PETSx453@9.36 VISNx15854@0.30 BGIx4809@1.10 
Value: 22906.06
Sales: AMCNx2548@1.64 RCONx2994@1.48 VISNx15854@0.30 PETSx453@9.36 BGIx4809@1.10 
Purchases: DVx221@20.64 LINCx925@4.95 BYDx864@5.30 GNTXx305@14.98 BRKRx400@11.43 

2012-07-25
Cash: 46.86
Held: BYDx864@5.37 BRKRx400@11.34 DVx221@19.94 LINCx925@4.49 GNTXx305@15.00 
Value: 22357.83
Sales: DVx221@19.94 GNTXx305@15.00 BYDx864@5.37 BRKRx400@11.34 LINCx925@4.49 
Purchases: ANTMx83@53.38 CBMGx55882@0.08 IGTx401@11.14 NFLXx78@57.00 DHXx629@7.10 

2012-07-26
Cash: 75.91
Held: ANTMx83@55.12 DHXx629@7.80 NFLXx78@58.91 IGTx401@11.35 CBMGx55882@0.09 
Value: 23735.53
Sales: ANTMx83@55.12 CBMGx55882@0.09 IGTx401@11.35 NFLXx78@58.91 DHXx629@7.80 
Purchases: INODx1333@3.56 CRRx70@67.44 LOGMx204@23.27 WEBx305@15.53 NGx1186@4.00 

2012-07-29
Cash: 41.47
Held: WEBx305@15.40 NGx1186@3.98 INODx1333@3.34 CRRx70@65.50 LOGMx204@24.39 
Value: 23471.53
Sales: INODx1333@3.34 WEBx305@15.40 CRRx70@65.50 LOGMx204@24.39 NGx1186@3.98 
Purchases: SBUXx100@46.88 PBIBx3170@1.48 SRNEx23477@0.20 RSYSx1405@3.34 ELGXx392@11.95 

2012-07-30
Cash: 18.59
Held: PBIBx3170@1.50 SRNEx23477@0.15 SBUXx100@45.28 ELGXx392@11.75 RSYSx1405@3.41 
Value: 22221.10
Sales: SBUXx100@45.28 PBIBx3170@1.50 SRNEx23477@0.15 RSYSx1405@3.41 ELGXx392@11.75 
Purchases: ACURx478@9.30 DWSNx212@20.94 PGNXx852@5.21 AWIx114@38.66 SMMFx1154@3.85 

2012-07-31
Cash: 49.47
Held: PGNXx852@4.72 AWIx114@39.22 DWSNx212@18.95 ACURx478@7.85 SMMFx1154@4.00 
Value: 20927.89
Sales: ACURx478@7.85 DWSNx212@18.95 PGNXx852@4.72 AWIx114@39.22 SMMFx1154@4.00 
Purchases: CBMXx2@1603.00 ABACx1377@3.04 DLx1674@2.50 HFx325@12.86 MGLNx88@47.50 

2012-08-01
Cash: 992.80
Held: ABACx1377@3.20 DLx1674@2.50 HFx325@12.73 MGLNx88@47.50 CBMXx2@1687.00 
Value: 21273.26
Sales: CBMXx2@1687.00 ABACx1377@3.20 DLx1674@2.50 HFx325@12.73 MGLNx88@47.50 
Purchases: FNCXx1251@3.40 TTMIx473@8.98 ARCBx426@9.98 CECOx1358@3.13 URREx7466@0.57 

2012-08-02
Cash: 17.43
Held: ARCBx426@9.92 CECOx1358@3.08 FNCXx1251@3.05 URREx7466@0.59 TTMIx473@9.40 
Value: 21092.65
Sales: FNCXx1251@3.05 TTMIx473@9.40 CECOx1358@3.08 ARCBx426@9.92 URREx7466@0.59 
Purchases: INCYx228@18.48 LINCx1226@3.44 IRDMx562@7.50 MTGx5022@0.84 CECOx1369@3.08 

2012-08-05
Cash: 12.12
Held: CECOx1369@3.46 INCYx228@18.30 LINCx1226@3.48 MTGx5022@1.00 IRDMx562@7.14 
Value: 22223.92
Sales: INCYx228@18.30 LINCx1226@3.48 MTGx5022@1.00 CECOx1369@3.46 IRDMx562@7.14 
Purchases: SSFNx1092@4.07 ROSGx983@4.52 DPKx44@99.38 ABIOx275@16.14 WCGx81@54.59 

2012-08-06
Cash: 103.18
Held: DPKx44@96.75 WCGx81@57.16 ABIOx275@15.54 SSFNx1092@4.19 ROSGx983@4.24 
Value: 22006.32
Sales: SSFNx1092@4.19 ROSGx983@4.24 DPKx44@96.75 ABIOx275@15.54 WCGx81@57.16 
Purchases: EXELx961@4.58 ABEOx9364@0.47 SVUx1904@2.31 DRAMx430@10.23 AVEOx505@8.70 

2012-08-07
Cash: 14.16
Held: AVEOx505@7.97 ABEOx9364@0.49 SVUx1904@2.30 DRAMx430@10.08 EXELx961@4.28 
Value: 21455.20
Sales: DRAMx430@10.08 ABEOx9364@0.49 SVUx1904@2.30 AVEOx505@7.97 EXELx961@4.28 
Purchases: FNCXx2768@1.55 NLSx1736@2.47 TCCOx678@6.32 SGMSx630@6.80 NSYSx1320@3.25 

2012-08-08
Cash: 16.54
Held: NLSx1736@2.49 SGMSx630@6.76 FNCXx2768@1.45 NSYSx1320@3.25 TCCOx678@6.37 
Value: 21223.21
Sales: FNCXx2768@1.45 NLSx1736@2.49 TCCOx678@6.37 SGMSx630@6.76 NSYSx1320@3.25 
Purchases: MNTXx541@7.84 FNCXx2926@1.45 OTELx1234@3.44 AXUx1244@3.41 INSGx1991@2.13 

2012-08-09
Cash: 9.53
Held: FNCXx2926@1.25 INSGx1991@2.21 MNTXx541@7.84 OTELx1234@3.05 AXUx1244@3.27 
Value: 20142.32
Sales: MNTXx541@7.84 FNCXx2926@1.25 OTELx1234@3.05 AXUx1244@3.27 INSGx1991@2.21 
Purchases: CFBKx2668@1.51 RSTx379@10.60 SEMx397@10.13 VIVEx21208@0.19 MITLx1199@3.36 

2012-08-12
Cash: 17.38
Held: RSTx379@10.50 SEMx397@10.32 MITLx1199@3.40 VIVEx21208@0.19 CFBKx2668@1.60 
Value: 20467.14
Sales: RSTx379@10.50 SEMx397@10.32 CFBKx2668@1.60 VIVEx21208@0.19 MITLx1199@3.40 
Purchases: CDXSx1764@2.32 HSKAx488@8.38 INUVx7726@0.53 KONEx20472@0.20 BRKSx511@8.00 

2012-08-13
Cash: 8.78
Held: INUVx7726@0.51 KONEx20472@0.22 BRKSx511@8.12 HSKAx488@8.22 CDXSx1764@2.45 
Value: 20929.52
Sales: BRKSx511@8.12 HSKAx488@8.22 INUVx7726@0.51 KONEx20472@0.22 CDXSx1764@2.45 
Purchases: TSEMx533@7.85 ARWRx1550@2.70 HPJx4062@1.03 NSECx506@8.26 OTELx1610@2.60 

2012-08-14
Cash: 12.06
Held: NSECx506@8.40 TSEMx533@7.33 HPJx4062@1.08 OTELx1610@2.56 ARWRx1550@2.77 
Value: 20970.09
Sales: TSEMx533@7.33 OTELx1610@2.56 ARWRx1550@2.77 NSECx506@8.40 HPJx4062@1.08 
Purchases: RGSEx4766@0.88 LIVEx857@4.89 PTXx655@6.40 NCRx186@22.45 OBCIx2242@1.87 

2012-08-15
Cash: 25.24
Held: LIVEx857@5.60 RGSEx4766@0.97 OBCIx2242@1.88 NCRx186@22.72 PTXx655@6.42 
Value: 22096.54
Sales: RGSEx4766@0.97 LIVEx857@5.60 PTXx655@6.42 NCRx186@22.72 OBCIx2242@1.88 
Purchases: CLNTx1624@2.72 SPLSx388@11.38 NLSTx2887@1.53 CURx691@6.39 CPRXx3180@1.39 

2012-08-16
Cash: 8.68
Held: CPRXx3180@1.47 NLSTx2887@1.58 CLNTx1624@2.81 SPLSx388@11.34 CURx691@6.37 
Value: 22612.23
Sales: CLNTx1624@2.81 NLSTx2887@1.58 SPLSx388@11.34 CURx691@6.37 CPRXx3180@1.47 
Purchases: CACIx86@52.16 PERYx245@18.39 ADMPx7936@0.57 NTESx93@48.19 PLPMx1559@2.90 

2012-08-19
Cash: 95.81
Held: NTESx93@48.84 PLPMx1559@2.90 PERYx245@18.55 CACIx86@52.69 ADMPx7936@0.53 
Value: 22439.48
Sales: ADMPx7936@0.53 NTESx93@48.84 PERYx245@18.55 CACIx86@52.69 PLPMx1559@2.90 
Purchases: KIRKx453@9.89 PSTIx1121@4.00 MRVLx429@10.44 IOx657@6.83 DLHCx4444@1.01 

2012-08-20
Cash: 23.86
Held: KIRKx453@9.46 PSTIx1121@4.18 DLHCx4444@1.10 MRVLx429@10.62 IOx657@6.78 
Value: 22891.81
Sales: KIRKx453@9.46 PSTIx1121@4.18 MRVLx429@10.62 IOx657@6.78 DLHCx4444@1.10 
Purchases: BEBEx82@55.50 IFMIx4320@1.06 ICADx1845@2.48 BBYx255@17.91 NTNx24104@0.19 

2012-08-21
Cash: 42.56
Held: BBYx255@17.72 IFMIx4320@1.10 ICADx1845@2.25 NTNx24104@0.20 BEBEx82@56.41 
Value: 22907.34
Sales: BEBEx82@56.41 NTNx24104@0.20 IFMIx4320@1.10 BBYx255@17.72 ICADx1845@2.25 
Purchases: BPTx42@107.06 CFBKx2899@1.58 RAVNx158@28.98 IMUCx1991@2.30 ENGx5949@0.77 

2012-08-22
Cash: 88.84
Held: IMUCx1991@2.44 RAVNx158@29.77 ENGx5949@0.77 BPTx42@107.94 CFBKx2899@1.55 
Value: 23255.86
Sales: CFBKx2899@1.55 IMUCx1991@2.44 RAVNx158@29.77 BPTx42@107.94 ENGx5949@0.77 
Purchases: EXPRx311@14.93 ARTXx5815@0.80 RVLTx35776@0.13 BRNx1679@2.77 FGPx246@18.91 

2012-08-23
Cash: 9.83
Held: ARTXx5815@0.80 RVLTx35776@0.14 EXPRx311@15.15 BRNx1679@3.29 FGPx246@19.45 
Value: 24688.83
Sales: ARTXx5815@0.80 FGPx246@19.45 RVLTx35776@0.14 BRNx1679@3.29 EXPRx311@15.15 
Purchases: BIGx163@30.28 CHNRx682@7.23 SANWx917@5.38 QRHCx12347@0.40 FREDx367@13.42 

2012-08-26
Cash: 25.92
Held: QRHCx12347@0.45 SANWx917@5.44 CHNRx682@7.30 BIGx163@30.64 FREDx367@13.47 
Value: 25487.83
Sales: SANWx917@5.44 FREDx367@13.47 BIGx163@30.64 QRHCx12347@0.45 CHNRx682@7.30 
Purchases: ABACx1236@4.12 SSYSx82@62.00 DYNTx1975@2.58 ELYx883@5.77 AMCNx3376@1.51 

2012-08-27
Cash: 23.03
Held: AMCNx3376@1.47 ABACx1236@4.32 DYNTx1975@2.70 ELYx883@5.78 SSYSx82@65.94 
Value: 26167.41
Sales: AMCNx3376@1.47 ELYx883@5.78 DYNTx1975@2.70 SSYSx82@65.94 ABACx1236@4.32 
Purchases: DSWLx2005@2.61 LEUx8175@0.64 CVTIx1030@5.08 OTTWx890@5.88 KONEx21807@0.24 

2012-08-28
Cash: 6.34
Held: DSWLx2005@2.62 CVTIx1030@4.92 KONEx21807@0.22 LEUx8175@0.64 OTTWx890@6.00 
Value: 25697.26
Sales: OTTWx890@6.00 LEUx8175@0.64 CVTIx1030@4.92 DSWLx2005@2.62 KONEx21807@0.22 
Purchases: AKSx1007@5.10 INUVx12239@0.42 VIVEx34257@0.15 SSYx4509@1.14 RDCMx1724@2.98 

2012-08-29
Cash: 4.18
Held: SSYx4509@1.19 AKSx1007@5.00 INUVx12239@0.42 RDCMx1724@3.00 VIVEx34257@0.15 
Value: 25857.63
Sales: AKSx1007@5.00 INUVx12239@0.42 SSYx4509@1.19 RDCMx1724@3.00 VIVEx34257@0.15 
Purchases: WGBSx86195@0.06 FROx1673@3.09 OESXx3379@1.53 ARQLx968@5.34 DYx349@14.80 

2012-08-30
Cash: 12.96
Held: FROx1673@3.13 DYx349@14.52 WGBSx86195@0.06 ARQLx968@5.24 OESXx3379@1.48 
Value: 25564.22
Sales: WGBSx86195@0.06 FROx1673@3.13 OESXx3379@1.48 ARQLx968@5.24 DYx349@14.52 
Purchases: DGLYx981@5.21 FNSRx372@13.74 SHLDx96@52.75 RNNx10879@0.47 GTIMx3651@1.40 

2012-09-03
Cash: 50.56
Held: SHLDx96@53.12 FNSRx372@13.52 GTIMx3651@1.45 DGLYx981@5.35 RNNx10879@0.49 
Value: 26056.43
Sales: RNNx10879@0.49 DGLYx981@5.35 FNSRx372@13.52 SHLDx96@53.12 GTIMx3651@1.45 
Purchases: ZSLx110@46.97 HRTx2390@2.18 IOTx2380@2.19 INVTx6767@0.77 NHTCx4454@1.17 

2012-09-04
Cash: 47.96
Held: IOTx2380@2.18 INVTx6767@0.82 HRTx2390@2.45 ZSLx110@47.22 NHTCx4454@1.25 
Value: 27398.56
Sales: ZSLx110@47.22 HRTx2390@2.45 IOTx2380@2.18 INVTx6767@0.82 NHTCx4454@1.25 
Purchases: ZNx2282@2.40 ABEOx9616@0.57 IFONx4808@1.14 DEXx481@11.38 TSLx1307@4.19 

2012-09-05
Cash: 8.71
Held: ZNx2282@2.55 IFONx4808@1.16 ABEOx9616@0.53 TSLx1307@4.03 DEXx481@11.52 
Value: 27313.66
Sales: DEXx481@11.52 ABEOx9616@0.53 ZNx2282@2.55 IFONx4808@1.16 TSLx1307@4.03 
Purchases: VTNRx2601@2.10 INVAx225@24.19 CTICx30@179.00 ANIPx4015@1.36 PDEXx2874@1.90 

2012-09-06
Cash: 116.85
Held: VTNRx2601@2.10 ANIPx4015@1.40 CTICx30@232.00 INVAx225@23.91 PDEXx2874@1.85 
Value: 28855.19
Sales: VTNRx2601@2.10 PDEXx2874@1.85 CTICx30@232.00 ANIPx4015@1.40 INVAx225@23.91 
Purchases: MEIPx15592@0.37 VIIx2039@2.83 SIGMx947@6.09 CACCx64@90.00 Gx348@16.55 

2012-09-09
Cash: 28.40
Held: MEIPx15592@0.37 Gx348@16.72 SIGMx947@6.30 CACCx64@91.12 VIIx2039@2.90 
Value: 29330.12
Sales: MEIPx15592@0.37 VIIx2039@2.90 SIGMx947@6.30 CACCx64@91.12 Gx348@16.72 
Purchases: GECx3295@1.78 ABMDx288@20.36 TOPSx4887@1.20 SUMRx2486@2.36 GCBCx285@20.55 

2012-09-10
Cash: 14.00
Held: TOPSx4887@1.19 GECx3295@1.83 GCBCx285@20.55 SUMRx2486@2.32 ABMDx288@20.39 
Value: 29358.40
Sales: GECx3295@1.83 ABMDx288@20.39 TOPSx4887@1.19 SUMRx2486@2.32 GCBCx285@20.55 
Purchases: MBOTx3089@1.90 LPTHx6382@0.92 GERNx4660@1.26 UWNx7341@0.80 PDEXx3433@1.71 

2012-09-11
Cash: 4.98
Held: MBOTx3089@2.09 UWNx7341@0.90 PDEXx3433@1.79 GERNx4660@1.33 LPTHx6382@0.95 
Value: 31474.20
Sales: MBOTx3089@2.09 LPTHx6382@0.95 GERNx4660@1.33 UWNx7341@0.90 PDEXx3433@1.79 
Purchases: ASURx925@6.80 DGLYx1573@4.00 RCGx4142@1.52 EMMSx693@9.08 MARKx3908@1.61 

2012-09-12
Cash: 13.19
Held: ASURx925@6.75 RCGx4142@1.56 DGLYx1573@3.90 MARKx3908@1.55 EMMSx693@8.84 
Value: 31037.35
Sales: ASURx925@6.75 DGLYx1573@3.90 RCGx4142@1.56 EMMSx693@8.84 MARKx3908@1.55 
Purchases: HKx868@7.15 HUSAx4889@1.27 WLDNx5044@1.23 LAWSx974@6.37 CIG.Cx571@10.87 

2012-09-13
Cash: 8.67
Held: CIG.Cx571@11.20 WLDNx5044@1.20 HUSAx4889@1.24 HKx868@7.66 LAWSx974@6.15 
Value: 31160.54
Sales: HKx868@7.66 HUSAx4889@1.24 WLDNx5044@1.20 LAWSx974@6.15 CIG.Cx571@11.20 
Purchases: SGOCx5282@1.18 WKHSx38942@0.16 PSTIx1627@3.83 ATLCx1466@4.25 HMNYx2982@2.09 

2012-09-16
Cash: 3.43
Held: SGOCx5282@1.13 PSTIx1627@3.90 ATLCx1466@4.25 HMNYx2982@2.14 WKHSx38942@0.15 
Value: 30773.50
Sales: SGOCx5282@1.13 WKHSx38942@0.15 PSTIx1627@3.90 ATLCx1466@4.25 HMNYx2982@2.14 
Purchases: CGAx1686@3.65 ABEOx12073@0.51 SBOTx21220@0.29 IMHx929@6.62 AUMNx1059@5.81 

2012-09-17
Cash: 7.62
Held: IMHx929@7.50 ABEOx12073@0.43 AUMNx1059@5.90 SBOTx21220@0.30 CGAx1686@3.68 
Value: 30983.12
Sales: CGAx1686@3.68 IMHx929@7.50 SBOTx21220@0.30 AUMNx1059@5.90 ABEOx12073@0.43 
Purchases: KSx321@19.25 CEQPx3@1821.00 NLSTx4364@1.42 MGYRx1468@4.22 HSIIx470@13.18 

2012-09-18
Cash: 756.75
Held: CEQPx3@1869.00 MGYRx1468@4.20 NLSTx4364@1.38 KSx321@19.20 HSIIx470@12.97 
Value: 30809.53
Sales: KSx321@19.20 CEQPx3@1869.00 NLSTx4364@1.38 MGYRx1468@4.20 HSIIx470@12.97 
Purchases: JBSSx442@13.94 GOGLx930@6.62 USATx4812@1.28 SSYSx104@58.72 DLHCx7423@0.83 

2012-09-19
Cash: 62.44
Held: JBSSx442@13.82 DLHCx7423@0.83 GOGLx930@6.82 SSYSx104@58.53 USATx4812@1.29 
Value: 30970.49
Sales: JBSSx442@13.82 GOGLx930@6.82 USATx4812@1.29 SSYSx104@58.53 DLHCx7423@0.83 
Purchases: XBKSx3579@1.73 GRBKx866@7.15 PPPx1216@5.09 DFFNx14750@0.42 BONTx574@10.78 

2012-09-20
Cash: 15.07
Held: GRBKx866@7.14 PPPx1216@5.21 DFFNx14750@0.43 BONTx574@10.50 XBKSx3579@1.55 
Value: 30450.59
Sales: XBKSx3579@1.55 GRBKx866@7.14 PPPx1216@5.21 DFFNx14750@0.43 BONTx574@10.50 
Purchases: HEESx464@13.11 NSCx93@65.00 XPOx487@12.50 UQMx4348@1.40 BBBYx98@61.56 

2012-09-23
Cash: 113.32
Held: BBBYx98@61.94 XPOx487@12.09 NSCx93@66.25 UQMx4348@1.22 HEESx464@12.65 
Value: 29406.34
Sales: UQMx4348@1.22 NSCx93@66.25 XPOx487@12.09 HEESx464@12.65 BBBYx98@61.94 
Purchases: MVISx2734@2.15 UECx2178@2.70 TRTx3920@1.50 CYCCx97@60.25 SIEBx4001@1.47 

2012-09-24
Cash: 43.65
Held: TRTx3920@1.44 UECx2178@2.66 SIEBx4001@1.47 MVISx2734@2.26 CYCCx97@58.19 
Value: 29186.72
Sales: SIEBx4001@1.47 CYCCx97@58.19 TRTx3920@1.44 UECx2178@2.66 MVISx2734@2.26 
Purchases: ESNCx20126@0.29 VECOx188@31.00 LLITx3055@1.91 RNNx11674@0.50 WPCSx11018@0.53 

2012-09-25
Cash: 11.69
Held: WPCSx11018@0.45 ESNCx20126@0.28 LLITx3055@1.85 VECOx188@30.55 RNNx11674@0.52 
Value: 28069.20
Sales: LLITx3055@1.85 ESNCx20126@0.28 WPCSx11018@0.45 RNNx11674@0.52 VECOx188@30.55 
Purchases: KEGx788@7.12 CGNXx325@17.27 SRIx1204@4.66 TSLAx203@27.55 FWRDx182@30.72 

2012-09-26
Cash: 52.79
Held: FWRDx182@31.06 SRIx1204@5.02 CGNXx325@17.36 KEGx788@7.16 TSLAx203@28.48 
Value: 28816.01
Sales: CGNXx325@17.36 KEGx788@7.16 SRIx1204@5.02 TSLAx203@28.48 FWRDx182@31.06 
Purchases: CBMXx4@1384.00 CADCx1200@4.80 OMNx769@7.49 CPRXx3842@1.50 AEZSx15@367.25 

2012-09-27
Cash: 488.84
Held: CPRXx3842@1.51 CADCx1200@5.04 OMNx769@7.57 CBMXx4@1484.00 AEZSx15@420.00 
Value: 30393.80
Sales: CBMXx4@1484.00 CADCx1200@5.04 OMNx769@7.57 AEZSx15@420.00 CPRXx3842@1.51 
Purchases: XBKSx4052@1.50 PPHMx5900@1.03 HEBx7600@0.80 KNDIx1512@4.02 IMGNx416@14.59 

2012-09-30
Cash: 10.14
Held: KNDIx1512@4.25 PPHMx5900@0.86 HEBx7600@0.78 IMGNx416@14.87 XBKSx4052@1.65 
Value: 30307.84
Sales: XBKSx4052@1.65 PPHMx5900@0.86 HEBx7600@0.78 KNDIx1512@4.25 IMGNx416@14.87 
Purchases: MEIPx14434@0.42 ASTCx6379@0.95 MGICx1380@4.39 AHPIx1170@5.18 ADTNx356@16.98 

2012-10-01
Cash: 19.65
Held: MEIPx14434@0.48 ASTCx6379@0.95 MGICx1380@4.42 ADTNx356@17.11 AHPIx1170@5.20 
Value: 31285.20
Sales: MEIPx14434@0.48 ASTCx6379@0.95 MGICx1380@4.42 AHPIx1170@5.20 ADTNx356@17.11 
Purchases: CBMXx4@1350.00 GMANx441@14.19 AKGx1873@3.34 HMNYx2922@2.14 MARKx3768@1.66 

2012-10-02
Cash: 862.61
Held: AKGx1873@3.20 HMNYx2922@2.14 MARKx3768@1.65 GMANx441@14.29 CBMXx4@1328.00 
Value: 30941.80
Sales: CBMXx4@1328.00 GMANx441@14.29 AKGx1873@3.20 HMNYx2922@2.14 MARKx3768@1.65 
Purchases: MDLZx222@27.83 DFFNx17184@0.36 CBMGx123797@0.05 CLBx61@100.56 EXPRx546@11.33 

2012-10-03
Cash: 68.06
Held: EXPRx546@11.71 CLBx61@102.38 DFFNx17184@0.37 CBMGx123797@0.06 MDLZx222@28.06 
Value: 32724.60
Sales: EXPRx546@11.71 DFFNx17184@0.37 MDLZx222@28.06 CLBx61@102.38 CBMGx123797@0.06 
Purchases: AEHRx5894@1.11 ASTCx7983@0.82 RIGLx692@9.45 SPEXx716@9.13 AEZSx18@347.50 

2012-10-04
Cash: 299.87
Held: ASTCx7983@0.86 RIGLx692@9.50 AEHRx5894@1.22 SPEXx716@8.50 AEZSx18@309.00 
Value: 32575.23
Sales: AEHRx5894@1.22 ASTCx7983@0.86 SPEXx716@8.50 RIGLx692@9.50 AEZSx18@309.00 
Purchases: ISCAx257@25.31 SRPTx189@34.31 NUVAx447@14.57 ANIPx4343@1.50 BONTx594@10.96 

2012-10-07
Cash: 46.63
Held: ANIPx4343@1.50 SRPTx189@32.84 NUVAx447@14.39 BONTx594@10.65 ISCAx257@25.34 
Value: 32039.72
Sales: ISCAx257@25.34 SRPTx189@32.84 NUVAx447@14.39 ANIPx4343@1.50 BONTx594@10.65 
Purchases: IQNTx834@7.68 LIVEx1554@4.12 TXMDx2330@2.75 CAWx1578@4.06 OPHCx13350@0.48 

2012-10-08
Cash: 10.98
Held: LIVEx1554@4.19 TXMDx2330@2.49 CAWx1578@4.11 IQNTx834@7.61 OPHCx13350@0.51 
Value: 31962.86
Sales: IQNTx834@7.61 LIVEx1554@4.19 TXMDx2330@2.49 CAWx1578@4.11 OPHCx13350@0.51 
Purchases: GECx4564@1.40 WKHSx63941@0.10 GDOTx639@10.00 PRGSx361@17.70 HEBx9129@0.70 

2012-10-09
Cash: 6.02
Held: PRGSx361@18.27 GECx4564@1.40 HEBx9129@0.68 WKHSx63941@0.10 GDOTx639@10.08 
Value: 32033.08
Sales: GECx4564@1.40 WKHSx63941@0.10 PRGSx361@18.27 HEBx9129@0.68 GDOTx639@10.08 
Purchases: SMCIx709@9.02 UNISx2798@2.29 GLUUx2086@3.07 ANGOx567@11.30 HUSAx14562@0.44 

2012-10-10
Cash: 14.24
Held: HUSAx14562@0.48 GLUUx2086@2.89 ANGOx567@11.16 UNISx2798@2.17 SMCIx709@9.26 
Value: 31994.38
Sales: SMCIx709@9.26 HUSAx14562@0.48 UNISx2798@2.17 GLUUx2086@2.89 ANGOx567@11.16 
Purchases: ESEx184@34.66 OBASx1418@4.51 MGYRx1400@4.57 BSETx571@11.19 GCBCx332@19.27 

2012-10-11
Cash: 37.33
Held: ESEx184@35.03 MGYRx1400@4.62 OBASx1418@4.75 GCBCx332@19.59 BSETx571@10.91 
Value: 32420.70
Sales: ESEx184@35.03 OBASx1418@4.75 MGYRx1400@4.62 BSETx571@10.91 GCBCx332@19.59 
Purchases: OTELx2593@2.50 RCGx4630@1.40 WSO.Bx94@68.56 NETEx830@7.81 WSOx94@68.44 

2012-10-14
Cash: 95.26
Held: OTELx2593@2.35 WSOx94@68.69 RCGx4630@1.42 NETEx830@7.81 WSO.Bx94@68.75 
Value: 32162.30
Sales: OTELx2593@2.35 RCGx4630@1.42 WSO.Bx94@68.75 NETEx830@7.81 WSOx94@68.69 
Purchases: VRTXx120@53.25 LQDTx158@40.62 TZOOx335@19.17 CECOx1657@3.88 AEZSx26@240.00 

2012-10-15
Cash: 260.38
Held: VRTXx120@53.28 CECOx1657@3.74 LQDTx158@40.94 TZOOx335@19.05 AEZSx26@240.00 
Value: 31940.53
Sales: VRTXx120@53.28 LQDTx158@40.94 TZOOx335@19.05 CECOx1657@3.74 AEZSx26@240.00 
Purchases: PLUGx7606@0.84 ABACx1209@5.28 RBPAAx3361@1.90 AMEDx529@12.06 HUSAx15974@0.40 

2012-10-16
Cash: 11.33
Held: ABACx1209@5.52 RBPAAx3361@1.88 HUSAx15974@0.45 AMEDx529@11.86 PLUGx7606@0.81 
Value: 32625.17
Sales: PLUGx7606@0.81 ABACx1209@5.52 RBPAAx3361@1.88 AMEDx529@11.86 HUSAx15974@0.45 
Purchases: IONSx678@9.62 DFFNx34352@0.19 ROIAx7959@0.82 DSSx2025@3.22 PRKRx3979@1.64 

2012-10-17
Cash: 8.78
Held: DSSx2025@3.16 PRKRx3979@1.66 ROIAx7959@0.85 DFFNx34352@0.20 IONSx678@9.62 
Value: 33168.96
Sales: PRKRx3979@1.66 DFFNx34352@0.20 ROIAx7959@0.85 DSSx2025@3.16 IONSx678@9.62 
Purchases: ABEOx22872@0.29 APOLx313@21.17 OBASx1184@5.60 FTNTx339@19.53 INVEx6197@1.07 

2012-10-18
Cash: 22.32
Held: INVEx6197@1.10 ABEOx22872@0.25 OBASx1184@5.65 APOLx313@20.39 FTNTx339@19.72 
Value: 32309.27
Sales: ABEOx22872@0.25 INVEx6197@1.10 OBASx1184@5.65 FTNTx339@19.72 APOLx313@20.39 
Purchases: MLNXx83@77.00 IMUCx3246@1.99 ALGNx233@27.69 UFPIx177@36.47 RGAx122@52.94 

2012-10-21
Cash: 93.44
Held: IMUCx3246@2.00 RGAx122@53.41 UFPIx177@36.81 MLNXx83@75.31 ALGNx233@27.59 
Value: 32297.10
Sales: RGAx122@53.41 IMUCx3246@2.00 UFPIx177@36.81 ALGNx233@27.59 MLNXx83@75.31 
Purchases: CMGx27@237.50 AMDx3076@2.10 GEOSx97@65.94 CBLIx179@36.00 PXLWx2737@2.36 

2012-10-22
Cash: 128.65
Held: CBLIx179@33.59 PXLWx2737@2.42 CMGx27@236.25 GEOSx97@65.75 AMDx3076@2.14 
Value: 32106.32
Sales: CMGx27@236.25 AMDx3076@2.14 CBLIx179@33.59 GEOSx97@65.75 PXLWx2737@2.42 
Purchases: MNSTx156@41.09 AVIDx974@6.59 LLITx3916@1.64 SIFYx2805@2.29 SSNx8915@0.72 

2012-10-23
Cash: 14.79
Held: SSNx8915@0.76 SIFYx2805@2.22 LLITx3916@1.57 MNSTx156@47.97 AVIDx974@6.25 
Value: 32737.14
Sales: LLITx3916@1.57 MNSTx156@47.97 AVIDx974@6.25 SSNx8915@0.76 SIFYx2805@2.22 
Purchases: PTNRx1175@5.57 DDx145@44.91 GFAx1666@3.93 RFx1013@6.46 HLXx379@17.27 

2012-10-24
Cash: 45.16
Held: PTNRx1175@5.75 HLXx379@17.69 DDx145@45.16 RFx1013@6.61 GFAx1666@3.71 
Value: 32930.34
Sales: PTNRx1175@5.75 DDx145@45.16 GFAx1666@3.71 RFx1013@6.61 HLXx379@17.69 
Purchases: ATIx241@27.31 IMNx1428@4.61 IRBTx361@18.20 DHTx1500@4.39 NFXx241@27.23 

2012-10-25
Cash: 45.09
Held: IMNx1428@4.63 DHTx1500@4.35 IRBTx361@17.98 ATIx241@26.70 NFXx241@27.08 
Value: 32636.16
Sales: ATIx241@26.70 DHTx1500@4.35 IRBTx361@17.98 NFXx241@27.08 IMNx1428@4.63 
Purchases: CABx144@45.16 SPRx443@14.70 CRMDx11454@0.57 CROXx512@12.73 NYTx797@8.19 

2012-10-30
Cash: 51.97
Held: NYTx797@8.18 SPRx443@15.63 CABx144@44.81 CRMDx11454@0.58 CROXx512@12.60 
Value: 33045.73
Sales: CABx144@44.81 SPRx443@15.63 CRMDx11454@0.58 CROXx512@12.60 NYTx797@8.18 
Purchases: ESIOx618@10.68 VRSNx178@37.06 UQMx7261@0.91 IMGNx596@11.08 DECKx230@28.62 

2012-10-31
Cash: 53.60
Held: ESIOx618@11.08 UQMx7261@0.88 DECKx230@29.73 IMGNx596@11.32 VRSNx178@41.16 
Value: 34200.34
Sales: UQMx7261@0.88 VRSNx178@41.16 ESIOx618@11.08 IMGNx596@11.32 DECKx230@29.73 
Purchases: PBIBx6220@1.10 WUx557@12.27 BCRXx2681@2.55 INVAx306@22.34 IPXLx325@21.02 

2012-11-01
Cash: 18.55
Held: INVAx306@21.03 IPXLx325@20.36 PBIBx6220@1.15 WUx557@11.95 BCRXx2681@2.57 
Value: 33775.24
Sales: PBIBx6220@1.15 BCRXx2681@2.57 WUx557@11.95 IPXLx325@20.36 INVAx306@21.03 
Purchases: AAWWx150@44.78 ZUMZx328@20.56 DRRXx7506@0.90 DFFNx37516@0.18 STAAx1327@5.09 

2012-11-04
Cash: 49.77
Held: DRRXx7506@1.00 ZUMZx328@21.00 DFFNx37516@0.15 AAWWx150@43.81 STAAx1327@5.41 
Value: 33823.23
Sales: AAWWx150@43.81 ZUMZx328@21.00 DRRXx7506@1.00 DFFNx37516@0.15 STAAx1327@5.41 
Purchases: SGOCx7517@0.90 PBIx532@12.70 ETRMx2@2584.00 GLUUx2684@2.52 CADCx1199@5.64 

2012-11-05
Cash: 1607.07
Held: SGOCx7517@0.88 PBIx532@12.75 GLUUx2684@2.45 CADCx1199@6.00 ETRMx2@2636.00 
Value: 34043.86
Sales: SGOCx7517@0.88 CADCx1199@6.00 ETRMx2@2636.00 GLUUx2684@2.45 PBIx532@12.75 
Purchases: THLDx1664@4.09 RDNx1445@4.71 INVTx7566@0.90 TRTx4309@1.58 EBIXx3212@2.12 

2012-11-06
Cash: 7.15
Held: INVTx7566@0.94 EBIXx3212@2.04 TRTx4309@1.51 RDNx1445@4.47 THLDx1664@4.26 
Value: 33722.64
Sales: THLDx1664@4.26 RDNx1445@4.47 INVTx7566@0.94 TRTx4309@1.51 EBIXx3212@2.04 
Purchases: OCLRx4324@1.56 VVUSx615@10.96 SYPRx1807@3.73 CAPRx224826@0.03 ANTHx1040@6.48 

2012-11-07
Cash: 12.94
Held: SYPRx1807@3.59 ANTHx1040@5.88 CAPRx224826@0.04 VVUSx615@10.24 OCLRx4324@1.57 
Value: 34697.78
Sales: CAPRx224826@0.04 OCLRx4324@1.57 VVUSx615@10.24 ANTHx1040@5.88 SYPRx1807@3.59 
Purchases: ABACx1652@4.20 PRTSx2914@2.38 SYPRx1933@3.59 EZPWx395@17.56 RBCNx1049@6.61 

2012-11-08
Cash: 13.26
Held: SYPRx1933@3.66 ABACx1652@3.96 EZPWx395@17.91 PRTSx2914@2.30 RBCNx1049@6.66 
Value: 34395.76
Sales: ABACx1652@3.96 RBCNx1049@6.66 EZPWx395@17.91 SYPRx1933@3.66 PRTSx2914@2.30 
Purchases: CORTx5252@1.31 FNCXx5097@1.35 PGNXx3887@1.77 IQNTx1960@3.51 CPRXx15636@0.44 

2012-11-11
Cash: 2.71
Held: CPRXx15636@0.39 PGNXx3887@1.52 CORTx5252@1.35 FNCXx5097@1.34 IQNTx1960@2.96 
Value: 31726.25
Sales: CORTx5252@1.35 FNCXx5097@1.34 PGNXx3887@1.52 IQNTx1960@2.96 CPRXx15636@0.39 
Purchases: IDNx6677@0.95 PTNx9611@0.66 ERFx505@12.56 ARRYx1866@3.40 CECOx2234@2.84 

2012-11-12
Cash: 3.63
Held: PTNx9611@0.63 CECOx2234@2.62 ERFx505@12.29 ARRYx1866@3.46 IDNx6677@1.01 
Value: 31314.89
Sales: IDNx6677@1.01 PTNx9611@0.63 ERFx505@12.29 ARRYx1866@3.46 CECOx2234@2.62 
Purchases: AEHRx7367@0.85 PFHx304@20.58 MEETx2598@2.41 JCPx359@17.41 OMERx945@6.62 

2012-11-13
Cash: 29.11
Held: MEETx2598@2.24 AEHRx7367@0.76 OMERx945@6.26 JCPx359@16.89 PFHx304@18.80 
Value: 29141.74
Sales: AEHRx7367@0.76 MEETx2598@2.24 PFHx304@18.80 JCPx359@16.89 OMERx945@6.26 
Purchases: KFSx2557@2.28 CDTIx555@10.50 OHGIx291355@0.02 WFTx640@9.09 HBNCx342@17.02 

2012-11-14
Cash: 18.39
Held: HBNCx342@16.81 OHGIx291355@0.03 KFSx2557@2.30 CDTIx555@10.25 WFTx640@9.13 
Value: 31925.40
Sales: KFSx2557@2.30 CDTIx555@10.25 OHGIx291355@0.03 WFTx640@9.13 HBNCx342@16.81 
Purchases: ASURx1223@5.22 IAGx540@11.81 TSLx2617@2.44 ISRLx83@76.56 APDNx599@10.65 

2012-11-15
Cash: 46.97
Held: APDNx599@10.80 ASURx1223@5.35 TSLx2617@2.32 ISRLx83@74.88 IAGx540@11.73 
Value: 31678.49
Sales: ASURx1223@5.35 TSLx2617@2.32 IAGx540@11.73 APDNx599@10.80 ISRLx83@74.88 
Purchases: CBMXx19@325.25 GTIMx3816@1.66 LEEx5278@1.20 NAIIx1309@4.84 DGSEx1125@5.63 

2012-11-18
Cash: 161.08
Held: DGSEx1125@5.16 LEEx5278@1.19 GTIMx3816@2.11 NAIIx1309@4.97 CBMXx19@461.00 
Value: 35561.81
Sales: CBMXx19@461.00 GTIMx3816@2.11 LEEx5278@1.19 NAIIx1309@4.97 DGSEx1125@5.16 
Purchases: GRNx700@10.15 BORNx4284@1.66 RCONx3865@1.84 ARCIx5154@1.38 CALIx1693@4.20 

2012-11-19
Cash: 13.60
Held: RCONx3865@2.08 GRNx700@9.90 CALIx1693@4.89 ARCIx5154@1.38 BORNx4284@1.58 
Value: 37142.81
Sales: GRNx700@9.90 CALIx1693@4.89 RCONx3865@2.08 ARCIx5154@1.38 BORNx4284@1.58 
Purchases: MAGx752@9.87 BSPMx1000@7.42 ACFCx3643@2.04 EBRx2080@3.57 LRNx456@16.27 

2012-11-20
Cash: 29.13
Held: MAGx752@10.17 EBRx2080@3.22 ACFCx3643@2.04 BSPMx1000@7.49 LRNx456@16.17 
Value: 36668.40
Sales: LRNx456@16.17 BSPMx1000@7.49 EBRx2080@3.22 MAGx752@10.17 ACFCx3643@2.04 
Purchases: SCONx27159@0.27 HHx19305@0.38 BISx21@337.00 BBYx633@11.57 BAAx2545@2.88 

2012-11-22
Cash: 268.51
Held: BBYx633@11.70 HHx19305@0.38 BAAx2545@3.22 BISx21@333.00 SCONx27159@0.28 
Value: 37805.23
Sales: SCONx27159@0.28 HHx19305@0.38 BISx21@333.00 BBYx633@11.70 BAAx2545@3.22 
Purchases: CNETx2886@2.62 CADCx1260@6.00 EBR.Bx2117@3.57 EBRx2377@3.18 MARKx8894@0.85 

2012-11-25
Cash: 9.15
Held: CNETx2886@2.50 EBRx2377@3.28 CADCx1260@6.00 MARKx8894@0.86 EBR.Bx2117@3.81 
Value: 38293.60
Sales: CNETx2886@2.50 CADCx1260@6.00 EBR.Bx2117@3.81 EBRx2377@3.28 MARKx8894@0.86 
Purchases: EDZx137@55.84 SOXSx204@37.38 ZSLx190@40.19 RVLTx14456@0.53 AMTXx1629@4.70 

2012-11-26
Cash: 69.28
Held: EDZx137@57.19 RVLTx14456@0.49 AMTXx1629@4.80 ZSLx190@40.41 SOXSx204@37.62 
Value: 38160.42
Sales: EDZx137@57.19 ZSLx190@40.41 RVLTx14456@0.49 AMTXx1629@4.80 SOXSx204@37.62 
Purchases: EGPTx146@52.12 PTNx12307@0.62 WCSTx3076@2.48 MITKx3052@2.50 WMLPx1424@5.36 

2012-11-27
Cash: 26.72
Held: EGPTx146@49.53 PTNx12307@0.67 WCSTx3076@2.38 MITKx3052@2.38 WMLPx1424@5.43 
Value: 37824.79
Sales: EGPTx146@49.53 PTNx12307@0.67 WCSTx3076@2.38 MITKx3052@2.38 WMLPx1424@5.43 
Purchases: PLUGx12606@0.60 CASIx4881@1.55 STVx3688@2.05 AXNx37834@0.20 SYUTx1804@4.19 

2012-11-28
Cash: 5.83
Held: STVx3688@2.09 SYUTx1804@4.49 CASIx4881@1.59 PLUGx12606@0.60 AXNx37834@0.20 
Value: 38699.85
Sales: PLUGx12606@0.60 AXNx37834@0.20 STVx3688@2.09 CASIx4881@1.59 SYUTx1804@4.49 
Purchases: MLNXx103@74.88 CAIx388@19.91 DDPx183@42.12 RLIx118@65.25 LEUx13583@0.57 

2012-11-29
Cash: 115.80
Held: RLIx118@64.44 LEUx13583@0.49 CAIx388@20.00 DDPx183@43.50 MLNXx103@72.88 
Value: 37601.59
Sales: MLNXx103@72.88 CAIx388@20.00 DDPx183@43.50 RLIx118@64.44 LEUx13583@0.49 
Purchases: PIPx6215@1.21 TASRx910@8.26 ZIONWx3019@2.49 KSSx168@44.66 IXYSx928@8.10 

2012-12-02
Cash: 28.55
Held: TASRx910@8.12 ZIONWx3019@2.50 KSSx168@43.78 IXYSx928@8.10 PIPx6215@1.13 
Value: 36858.41
Sales: PIPx6215@1.13 TASRx910@8.12 ZIONWx3019@2.50 KSSx168@43.78 IXYSx928@8.10 
Purchases: GRNx823@8.95 YUMx110@66.81 RICx2632@2.80 MDRXx668@11.03 GTIMx3962@1.86 

2012-12-03
Cash: 29.37
Held: GRNx823@8.95 RICx2632@2.90 MDRXx668@10.88 YUMx110@65.88 GTIMx3962@1.90 
Value: 37076.94
Sales: GRNx823@8.95 GTIMx3962@1.90 YUMx110@65.88 RICx2632@2.90 MDRXx668@10.88 
Purchases: TSRIx2065@3.59 IDNx12159@0.61 NETEx2118@3.50 HAEx181@40.88 DCTHx5113@1.45 

2012-12-04
Cash: 22.36
Held: HAEx181@40.25 DCTHx5113@1.46 TSRIx2065@3.45 NETEx2118@3.40 IDNx12159@0.57 
Value: 36025.55
Sales: TSRIx2065@3.45 IDNx12159@0.57 NETEx2118@3.40 HAEx181@40.25 DCTHx5113@1.46 
Purchases: CNETx3694@1.95 IQNTx3053@2.36 SSNx9008@0.80 DRIx152@47.19 PPHMx5627@1.28 

2012-12-05
Cash: 37.11
Held: SSNx9008@0.86 CNETx3694@1.99 DRIx152@47.03 PPHMx5627@1.17 IQNTx3053@2.33 
Value: 35980.32
Sales: CNETx3694@1.99 DRIx152@47.03 SSNx9008@0.86 IQNTx3053@2.33 PPHMx5627@1.17 
Purchases: FCXx233@30.81 GRNx911@7.89 DLx1799@4.00 SBSAx3114@2.31 GTN.Ax5620@1.28 

2012-12-06
Cash: 26.47
Held: GRNx911@8.10 DLx1799@4.04 FCXx233@31.70 SBSAx3114@2.47 GTN.Ax5620@1.74 
Value: 39533.98
Sales: GRNx911@8.10 FCXx233@31.70 DLx1799@4.04 SBSAx3114@2.47 GTN.Ax5620@1.74 
Purchases: KSx403@19.58 SNFCAx1261@6.27 HFx565@13.98 SMRTx1068@7.40 CYCCx102@77.38 

2012-12-09
Cash: 47.58
Held: HFx565@14.10 SMRTx1068@7.42 KSx403@19.55 SNFCAx1261@6.84 CYCCx102@72.81 
Value: 39870.83
Sales: KSx403@19.55 SMRTx1068@7.42 HFx565@14.10 SNFCAx1261@6.84 CYCCx102@72.81 
Purchases: CORTx5078@1.57 MNGAx5316@1.50 AMRNx853@9.34 TOPSx7595@1.05 YTENx4636@1.72 

2012-12-10
Cash: 6.64
Held: TOPSx7595@0.88 AMRNx853@9.00 MNGAx5316@1.51 CORTx5078@1.59 YTENx4636@1.64 
Value: 38066.91
Sales: CORTx5078@1.59 MNGAx5316@1.51 AMRNx853@9.00 TOPSx7595@0.88 YTENx4636@1.64 
Purchases: ABEOx33104@0.23 SOFOx1252@6.08 DSSx3428@2.22 CORRx40@187.25 GTIMx3477@2.19 

2012-12-11
Cash: 128.52
Held: CORRx40@162.00 DSSx3428@2.30 ABEOx33104@0.25 GTIMx3477@2.20 SOFOx1252@6.20 
Value: 38179.70
Sales: ABEOx33104@0.25 SOFOx1252@6.20 DSSx3428@2.30 CORRx40@162.00 GTIMx3477@2.20 
Purchases: HUSAx34713@0.22 ESIOx801@9.53 SEVx2069@3.69 SPXCx124@61.28 LDRx131@58.16 

2012-12-12
Cash: 58.51
Held: HUSAx34713@0.22 SEVx2069@3.58 SPXCx124@60.88 LDRx131@57.03 ESIOx801@9.60 
Value: 37811.98
Sales: HUSAx34713@0.22 ESIOx801@9.60 LDRx131@57.03 SPXCx124@60.88 SEVx2069@3.58 
Purchases: RGSEx9004@0.84 MTXx199@37.81 ODCx308@24.52 CENTAx779@9.70 CENTx821@9.21 

2012-12-13
Cash: 53.61
Held: RGSEx9004@0.90 ODCx308@24.52 CENTAx779@9.61 CENTx821@9.19 MTXx199@37.91 
Value: 38279.13
Sales: RGSEx9004@0.90 CENTAx779@9.61 ODCx308@24.52 MTXx199@37.91 CENTx821@9.19 
Purchases: CBMXx5@1485.00 EVIx5279@1.45 IMMYx4374@1.75 PTIEx3163@2.42 KONEx2686@2.85 

2012-12-16
Cash: 235.78
Held: EVIx5279@1.37 PTIEx3163@2.53 KONEx2686@2.94 IMMYx4374@1.70 CBMXx5@1413.00 
Value: 37865.82
Sales: IMMYx4374@1.70 EVIx5279@1.37 CBMXx5@1413.00 KONEx2686@2.94 PTIEx3163@2.53 
Purchases: CYTXx180@41.84 MEIPx6154@1.23 RBPAAx6259@1.21 ADMPx13290@0.57 DXTRx10515@0.72 

2012-12-17
Cash: 42.48
Held: MEIPx6154@1.42 RBPAAx6259@1.09 DXTRx10515@0.78 CYTXx180@41.84 ADMPx13290@0.78 
Value: 41696.67
Sales: CYTXx180@41.84 MEIPx6154@1.42 RBPAAx6259@1.09 ADMPx13290@0.78 DXTRx10515@0.78 
Purchases: GYROx110@75.19 MBVXx4849@1.72 INUVx7249@1.15 ANTHx1628@5.12 NEPTx4876@1.71 

2012-12-18
Cash: 73.00
Held: ANTHx1628@5.13 NEPTx4876@2.06 INUVx7249@1.17 GYROx110@75.19 MBVXx4849@1.61 
Value: 43030.07
Sales: GYROx110@75.19 MBVXx4849@1.61 INUVx7249@1.17 ANTHx1628@5.13 NEPTx4876@2.06 
Purchases: RGSEx10760@0.80 AWREx1655@5.20 TTNPx8197@1.05 RCMTx1621@5.31 FNCXx7112@1.21 

2012-12-19
Cash: 3.74
Held: RGSEx10760@0.80 RCMTx1621@5.44 FNCXx7112@1.22 TTNPx8197@1.06 AWREx1655@5.20 
Value: 43394.86
Sales: RGSEx10760@0.80 AWREx1655@5.20 TTNPx8197@1.06 RCMTx1621@5.44 FNCXx7112@1.22 
Purchases: OPXAx6025@1.44 MKLx19@434.00 ANIPx6836@1.27 CASCx708@12.25 IFx743@11.68 

2012-12-20
Cash: 440.74
Held: OPXAx6025@1.26 ANIPx6836@1.30 CASCx708@12.00 IFx743@11.62 MKLx19@431.00 
Value: 42232.87
Sales: OPXAx6025@1.26 MKLx19@431.00 CASCx708@12.00 ANIPx6836@1.30 IFx743@11.62 
Purchases: FOLDx3060@2.76 OCCx2240@3.77 UNXLx818@10.32 MDRXx926@9.12 BOSCx1482@5.70 

2012-12-23
Cash: 13.46
Held: MDRXx926@9.08 FOLDx3060@2.72 UNXLx818@11.14 OCCx2240@3.76 BOSCx1482@5.81 
Value: 42888.40
Sales: FOLDx3060@2.72 OCCx2240@3.76 BOSCx1482@5.81 MDRXx926@9.08 UNXLx818@11.14 
Purchases: HLFx329@26.06 MSONx1323@6.48 HEBx31766@0.27 ALXx25@333.50 BBRYx808@10.61 

2012-12-25
Cash: 252.86
Held: HLFx329@27.41 MSONx1323@6.68 HEBx31766@0.28 ALXx25@332.00 BBRYx808@11.82 
Value: 44852.97
Sales: HLFx329@27.41 MSONx1323@6.68 ALXx25@332.00 HEBx31766@0.28 BBRYx808@11.82 
Purchases: UCFCx2951@3.04 IINx2156@4.16 GBRx7176@1.25 MHHx1721@5.21 SVAx3113@2.88 

2012-12-26
Cash: 9.26
Held: IINx2156@4.13 SVAx3113@2.86 MHHx1721@4.75 GBRx7176@1.27 UCFCx2951@2.97 
Value: 43863.87
Sales: UCFCx2951@2.97 IINx2156@4.13 GBRx7176@1.27 MHHx1721@4.75 SVAx3113@2.86 
Purchases: DYNTx2839@3.09 CDXCx5382@1.63 ROIAx11697@0.75 NLSTx11851@0.74 MRVLx1228@7.14 

2012-12-27
Cash: 5.81
Held: DYNTx2839@2.98 MRVLx1228@7.17 ROIAx11697@0.75 NLSTx11851@0.75 CDXCx5382@1.67 
Value: 43922.95
Sales: ROIAx11697@0.75 MRVLx1228@7.17 DYNTx2839@2.98 NLSTx11851@0.75 CDXCx5382@1.67 
Purchases: SGOCx7083@1.24 USVx208@42.12 CIGx1063@8.26 UQMx11562@0.76 CASIx6272@1.40 

2012-12-30
Cash: 30.65
Held: SGOCx7083@1.14 CASIx6272@1.38 USVx208@41.97 UQMx11562@0.76 CIGx1063@8.31 
Value: 43107.50
Sales: SGOCx7083@1.14 USVx208@41.97 CIGx1063@8.31 CASIx6272@1.38 UQMx11562@0.76 
Purchases: GRNx1102@7.82 DRAMx1451@5.94 PRAx204@42.19 PZEx1815@4.75 OMERx1660@5.19 

2013-01-01
Cash: 23.31
Held: GRNx1102@7.82 PRAx204@43.59 DRAMx1451@7.51 OMERx1660@5.39 PZEx1815@5.02 
Value: 46492.81
Sales: GRNx1102@7.82 DRAMx1451@7.51 PRAx204@43.59 PZEx1815@5.02 OMERx1660@5.39 
Purchases: SGOCx8301@1.12 IDNx14525@0.64 DEEx356@26.08 CYCCx129@72.00 BXMTx4672@1.99 

2013-01-02
Cash: 26.54
Held: SGOCx8301@1.13 BXMTx4672@1.86 DEEx356@26.80 CYCCx129@69.38 IDNx14525@0.70 
Value: 46756.66
Sales: SGOCx8301@1.13 IDNx14525@0.70 BXMTx4672@1.86 CYCCx129@69.38 DEEx356@26.80 
Purchases: FAZx672@13.91 YANGx976@9.58 MIDZx618@15.11 BISx30@309.50 RNVAx2527@3.70 

2013-01-03
Cash: 92.89
Held: RNVAx2527@3.77 FAZx672@13.40 MIDZx618@14.73 BISx30@305.50 YANGx976@9.41 
Value: 46068.76
Sales: FAZx672@13.40 YANGx976@9.41 MIDZx618@14.73 BISx30@305.50 RNVAx2527@3.77 
Purchases: FTNTx477@19.31 THMx4284@2.15 GIGAx6579@1.40 GSSx5324@1.73 MASIx471@19.53 

2013-01-06
Cash: 19.02
Held: MASIx471@19.55 GIGAx6579@1.40 FTNTx477@19.06 THMx4284@2.12 GSSx5324@1.71 
Value: 45713.81
Sales: FTNTx477@19.06 THMx4284@2.12 GIGAx6579@1.40 GSSx5324@1.71 MASIx471@19.55 
Purchases: MLNKx2875@3.18 ARAYx1741@5.25 NFECx9524@0.96 FINLx532@17.17 ICCCx2405@3.80 

2013-01-07
Cash: 12.98
Held: NFECx9524@0.99 FINLx532@17.55 MLNKx2875@3.15 ICCCx2405@3.80 ARAYx1741@5.09 
Value: 45838.57
Sales: MLNKx2875@3.15 ARAYx1741@5.09 NFECx9524@0.99 FINLx532@17.55 ICCCx2405@3.80 
Purchases: ELONx353@25.91 ACURx783@11.70 NETEx3055@3.00 CREEx291@31.44 IHTx5149@1.78 

2013-01-08
Cash: 50.18
Held: CREEx291@32.12 IHTx5149@1.78 ELONx353@24.50 ACURx783@11.75 NETEx3055@3.00 
Value: 45578.93
Sales: ELONx353@24.50 ACURx783@11.75 NETEx3055@3.00 CREEx291@32.12 IHTx5149@1.78 
Purchases: CBMXx7@1152.00 FHx2796@3.26 SHIPx6077@1.50 CYx917@9.94 MVISx4382@2.08 

2013-01-09
Cash: 1057.54
Held: SHIPx6077@1.35 MVISx4382@2.10 FHx2796@3.34 CBMXx7@1080.00 CYx917@9.94 
Value: 44470.49
Sales: FHx2796@3.34 MVISx4382@2.10 SHIPx6077@1.35 CYx917@9.94 CBMXx7@1080.00 
Purchases: ABACx2555@3.48 APOLx462@19.23 CALLx609@14.59 IIJIx768@11.57 CTSOx2964@3.00 

2013-01-10
Cash: 26.02
Held: ABACx2555@3.80 CALLx609@14.79 CTSOx2964@3.05 IIJIx768@11.70 APOLx462@19.20 
Value: 45645.92
Sales: ABACx2555@3.80 IIJIx768@11.70 CALLx609@14.79 APOLx462@19.20 CTSOx2964@3.05 
Purchases: GIGx5567@1.64 AEHRx10738@0.85 MMACx15477@0.59 HAYNx176@51.75 CBMXx8@1078.00 

2013-01-13
Cash: 528.63
Held: AEHRx10738@0.96 GIGx5567@1.53 MMACx15477@0.59 HAYNx176@50.41 CBMXx8@993.50 
Value: 45304.24
Sales: AEHRx10738@0.96 GIGx5567@1.53 MMACx15477@0.59 HAYNx176@50.41 CBMXx8@993.50 
Purchases: FAROx287@31.52 TGTXx2353@3.85 RBPAAx6812@1.33 ARQLx3610@2.51 PDEXx4397@2.06 

2013-01-14
Cash: 20.15
Held: FAROx287@32.59 RBPAAx6812@1.35 PDEXx4397@2.04 ARQLx3610@2.67 TGTXx2353@3.80 
Value: 46115.51
Sales: FAROx287@32.59 RBPAAx6812@1.35 TGTXx2353@3.80 ARQLx3610@2.67 PDEXx4397@2.04 
Purchases: NTPx731@12.60 CRUSx329@27.95 URREx21452@0.43 AMTXx1356@6.80 MBVXx4634@1.99 

2013-01-15
Cash: 39.69
Held: AMTXx1356@6.50 URREx21452@0.42 NTPx731@13.00 MBVXx4634@1.75 CRUSx329@29.52 
Value: 45185.00
Sales: NTPx731@13.00 CRUSx329@29.52 URREx21452@0.42 AMTXx1356@6.50 MBVXx4634@1.75 
Purchases: MXCx1717@5.26 ORMPx14573@0.62 GSTx7929@1.14 SYPRx2510@3.60 PWx885@10.20 

2013-01-16
Cash: 12.60
Held: SYPRx2510@3.64 ORMPx14573@0.67 GSTx7929@1.17 MXCx1717@5.58 PWx885@10.20 
Value: 46797.06
Sales: PWx885@10.20 ORMPx14573@0.67 GSTx7929@1.17 SYPRx2510@3.64 MXCx1717@5.58 
Purchases: GDOTx713@13.11 ACADx1740@5.38 LPTHx11553@0.81 CIEx377@24.80 IRWDx691@13.54 

2013-01-17
Cash: 28.25
Held: ACADx1740@5.22 LPTHx11553@0.81 IRWDx691@13.51 GDOTx713@13.03 CIEx377@24.66 
Value: 46388.07
Sales: IRWDx691@13.51 ACADx1740@5.22 LPTHx11553@0.81 CIEx377@24.66 GDOTx713@13.03 
Purchases: UNXLx592@15.66 HEPx259@35.75 CLSNx294@31.50 INVAx448@20.69 SSKNx5182@1.79 

2013-01-21
Cash: 55.34
Held: INVAx448@20.34 SSKNx5182@1.75 CLSNx294@34.84 HEPx259@36.25 UNXLx592@15.28 
Value: 46917.15
Sales: HEPx259@36.25 CLSNx294@34.84 SSKNx5182@1.75 INVAx448@20.34 UNXLx592@15.28 
Purchases: GRNx1461@6.42 LIVEx2642@3.55 FNSRx680@13.80 AMDx3831@2.45 PLPMx3138@2.99 

2013-01-22
Cash: 5.44
Held: GRNx1461@6.25 PLPMx3138@2.97 LIVEx2642@3.58 FNSRx680@13.72 AMDx3831@2.73 
Value: 47706.50
Sales: GRNx1461@6.25 LIVEx2642@3.58 FNSRx680@13.72 PLPMx3138@2.97 AMDx3831@2.73 
Purchases: CVGIx1305@7.31 ARNAx1099@8.68 AODx1217@7.84 IIVIx555@17.19 BOSCx2120@4.50 

2013-01-23
Cash: 9.66
Held: CVGIx1305@7.60 IIVIx555@17.48 AODx1217@8.00 ARNAx1099@8.67 BOSCx2120@4.37 
Value: 48166.63
Sales: AODx1217@8.00 ARNAx1099@8.67 CVGIx1305@7.60 IIVIx555@17.48 BOSCx2120@4.37 
Purchases: IAGx1100@8.75 RRDx1041@9.25 GVPx4439@2.17 NSATx18897@0.51 FMYx561@17.16 

2013-01-24
Cash: 22.40
Held: NSATx18897@0.51 FMYx561@17.30 GVPx4439@2.25 RRDx1041@9.01 IAGx1100@8.39 
Value: 47953.56
Sales: GVPx4439@2.25 RRDx1041@9.01 IAGx1100@8.39 NSATx18897@0.51 FMYx561@17.30 
Purchases: SBSx215@44.59 AAPLx152@62.84 NOKx2283@4.20 CALLx698@13.73 LOGIx1377@6.96 

2013-01-27
Cash: 60.49
Held: CALLx698@14.32 AAPLx152@64.25 SBSx215@44.88 NOKx2283@4.25 LOGIx1377@6.86 
Value: 48618.30
Sales: SBSx215@44.88 AAPLx152@64.25 LOGIx1377@6.86 CALLx698@14.32 NOKx2283@4.25 
Purchases: TBIOx20689@0.47 SCSSx423@22.95 ZNx8381@1.16 NFBKx854@11.38 TROVx1381@7.04 

2013-01-28
Cash: 20.77
Held: ZNx8381@1.05 NFBKx854@11.25 TROVx1381@7.15 TBIOx20689@0.49 SCSSx423@22.20 
Value: 47828.00
Sales: TBIOx20689@0.49 SCSSx423@22.20 ZNx8381@1.05 NFBKx854@11.25 TROVx1381@7.15 
Purchases: CNETx5405@1.77 UNXLx725@13.18 JVAx1290@7.41 NVGNx4071@2.35 PRCPx1246@7.67 

2013-01-29
Cash: 24.89
Held: CNETx5405@1.85 NVGNx4071@2.20 JVAx1290@7.27 UNXLx725@13.11 PRCPx1246@7.59 
Value: 47313.99
Sales: CNETx5405@1.85 UNXLx725@13.11 JVAx1290@7.27 NVGNx4071@2.20 PRCPx1246@7.59 
Purchases: WMLPx2458@3.85 NTGRx261@36.16 FSLRx339@27.91 STXx279@33.88 ROGx201@46.88 

2013-01-30
Cash: 81.65
Held: NTGRx261@35.12 FSLRx339@28.19 STXx279@33.97 ROGx201@46.88 WMLPx2458@3.50 
Value: 46306.99
Sales: WMLPx2458@3.50 NTGRx261@35.12 FSLRx339@28.19 STXx279@33.97 ROGx201@46.88 
Purchases: FPAYx26453@0.35 KTCCx961@9.63 MTORx2031@4.56 CEVAx610@15.18 BBRYx713@12.98 

2013-01-31
Cash: 18.33
Held: CEVAx610@15.15 MTORx2031@4.66 FPAYx26453@0.35 KTCCx961@9.68 BBRYx713@13.02 
Value: 46572.67
Sales: FPAYx26453@0.35 CEVAx610@15.15 MTORx2031@4.66 KTCCx961@9.68 BBRYx713@13.02 
Purchases: USAKx1870@4.98 SHORx2191@4.25 EXPOx193@48.12 HOTRx4657@2.00 CLSNx1567@5.94 

2013-02-03
Cash: 35.14
Held: EXPOx193@47.78 SHORx2191@4.06 HOTRx4657@1.85 CLSNx1567@5.26 USAKx1870@4.85 
Value: 44080.46
Sales: USAKx1870@4.85 SHORx2191@4.06 EXPOx193@47.78 HOTRx4657@1.85 CLSNx1567@5.26 
Purchases: MHOx378@23.30 BDRx7473@1.18 CKHx125@70.38 KERXx1344@6.56 ABIOx349@25.20 

2013-02-04
Cash: 50.93
Held: CKHx125@71.00 ABIOx349@24.16 MHOx378@23.94 KERXx1344@7.12 BDRx7473@1.25 
Value: 45316.83
Sales: MHOx378@23.94 BDRx7473@1.25 CKHx125@71.00 KERXx1344@7.12 ABIOx349@24.16 
Purchases: KBALx1004@9.02 PBBIx1707@5.31 YINNx482@18.77 IDRAx13325@0.68 CYOUx322@28.09 

2013-02-05
Cash: 40.97
Held: PBBIx1707@5.32 KBALx1004@8.92 YINNx482@18.94 CYOUx322@29.52 IDRAx13325@0.69 
Value: 45905.68
Sales: KBALx1004@8.92 PBBIx1707@5.32 YINNx482@18.94 IDRAx13325@0.69 CYOUx322@29.52 
Purchases: CUOx582@15.75 SPGIx205@44.62 TTNPx4250@2.16 RTECx763@12.03 HEBx43727@0.21 

2013-02-06
Cash: 49.59
Held: SPGIx205@43.81 TTNPx4250@2.17 RTECx763@11.97 HEBx43727@0.22 CUOx582@17.80 
Value: 47361.91
Sales: CUOx582@17.80 SPGIx205@43.81 HEBx43727@0.22 RTECx763@11.97 TTNPx4250@2.17 
Purchases: CHRWx158@59.94 VASCx624@15.18 DFFNx118379@0.08 CVUx996@9.51 NETEx4736@2.00 

2013-02-07
Cash: 5.54
Held: CVUx996@9.58 DFFNx118379@0.08 VASCx624@15.10 CHRWx158@59.72 NETEx4736@2.39 
Value: 49198.63
Sales: CHRWx158@59.72 VASCx624@15.10 DFFNx118379@0.08 CVUx996@9.58 NETEx4736@2.39 
Purchases: ARAYx2241@4.39 INODx2780@3.54 OSURx1618@6.08 REIx1269@7.75 SMIx3488@2.82 

2013-02-10
Cash: 14.24
Held: OSURx1618@5.85 REIx1269@7.50 INODx2780@3.47 SMIx3488@2.79 ARAYx2241@4.22 
Value: 47830.59
Sales: REIx1269@7.50 INODx2780@3.47 OSURx1618@5.85 SMIx3488@2.79 ARAYx2241@4.22 
Purchases: JEx1137@8.41 MSONx1707@5.60 PKEx374@25.53 NUANx490@19.52 SIEBx6461@1.48 

2013-02-11
Cash: 34.17
Held: PKEx374@25.17 MSONx1707@5.73 SIEBx6461@1.50 JEx1137@8.48 NUANx490@18.91 
Value: 47823.77
Sales: SIEBx6461@1.50 MSONx1707@5.73 JEx1137@8.48 NUANx490@18.91 PKEx374@25.17 
Purchases: JOBx25842@0.37 SNOAx14062@0.68 WPCSx23917@0.40 MSLIx9963@0.96 AEZSx34@280.00 

2013-02-12
Cash: 46.02
Held: WPCSx23917@0.41 JOBx25842@0.41 SNOAx14062@0.67 MSLIx9963@0.95 AEZSx34@284.00 
Value: 48986.07
Sales: JOBx25842@0.41 WPCSx23917@0.41 MSLIx9963@0.95 AEZSx34@284.00 SNOAx14062@0.67 
Purchases: CBMXx13@749.00 ATAIx2278@4.30 RVLTx6755@1.45 LVLTx464@21.09 APRIx338@28.91 

2013-02-13
Cash: 98.01
Held: RVLTx6755@1.41 ATAIx2278@4.23 LVLTx464@20.98 APRIx338@29.20 CBMXx13@742.50 
Value: 48520.53
Sales: APRIx338@29.20 ATAIx2278@4.23 CBMXx13@742.50 RVLTx6755@1.41 LVLTx464@20.98 
Purchases: ADXSx121275@0.08 DYNTx3160@3.07 PRCPx1450@6.69 UWNx10783@0.90 AMOVx441@21.98 

2013-02-14
Cash: 12.97
Held: DYNTx3160@2.95 ADXSx121275@0.11 UWNx10783@0.95 AMOVx441@22.41 PRCPx1450@6.63 
Value: 52410.01
Sales: ADXSx121275@0.11 PRCPx1450@6.63 DYNTx3160@2.95 UWNx10783@0.95 AMOVx441@22.41 
Purchases: STRAx201@51.94 MATRx2729@3.84 STMPx441@23.77 TCXx6165@1.70 WTWx234@44.69 

2013-02-18
Cash: 72.41
Held: STMPx441@24.30 MATRx2729@3.98 WTWx234@45.34 TCXx6165@1.57 STRAx201@52.28 
Value: 52449.98
Sales: STMPx441@24.30 MATRx2729@3.98 STRAx201@52.28 TCXx6165@1.57 WTWx234@45.34 
Purchases: CJJDx13115@0.80 EHTHx643@16.30 SCKTx9539@1.10 FONRx2045@5.13 BOSCx3084@3.40 

2013-02-19
Cash: 17.06
Held: SCKTx9539@1.11 CJJDx13115@0.76 EHTHx643@16.52 FONRx2045@5.27 BOSCx3084@3.48 
Value: 52702.53
Sales: CJJDx13115@0.76 BOSCx3084@3.48 EHTHx643@16.52 FONRx2045@5.27 SCKTx9539@1.11 
Purchases: CBMXx16@643.50 IEPx157@66.88 SNFCAx1249@8.44 TRTx5920@1.78 CBMGx3513@3.00 

2013-02-20
Cash: 290.50
Held: TRTx5920@1.81 SNFCAx1249@7.97 IEPx157@70.50 CBMGx3513@2.90 CBMXx16@1519.00 
Value: 66517.70
Sales: CBMXx16@1519.00 IEPx157@70.50 SNFCAx1249@7.97 TRTx5920@1.81 CBMGx3513@2.90 
Purchases: ODPx3342@3.98 CLUBx1450@9.17 GNVCx7780@1.71 HNRx2464@5.40 SWCx1046@12.71 

2013-02-21
Cash: 14.87
Held: SWCx1046@12.99 HNRx2464@5.58 CLUBx1450@9.15 GNVCx7780@1.70 ODPx3342@4.21 
Value: 67914.90
Sales: CLUBx1450@9.15 ODPx3342@4.21 SWCx1046@12.99 HNRx2464@5.58 GNVCx7780@1.70 
Purchases: TEUMx10699@1.27 GFIx1557@8.72 EVOLx2027@6.70 CACCx127@106.62 EBIXx8819@1.54 

2013-02-24
Cash: 54.80
Held: TEUMx10699@1.25 EBIXx8819@1.47 EVOLx2027@6.98 CACCx127@105.75 GFIx1557@8.78 
Value: 67642.13
Sales: TEUMx10699@1.25 EVOLx2027@6.98 CACCx127@105.75 EBIXx8819@1.47 GFIx1557@8.78 
Purchases: CBMXx11@1130.00 ETRMx15@884.50 SSYx18037@0.75 INTx346@39.00 SPHSx71224@0.19 

2013-02-25
Cash: 1394.50
Held: SSYx18037@0.68 INTx346@38.41 SPHSx71224@0.19 ETRMx15@872.50 CBMXx11@1102.00 
Value: 65689.28
Sales: INTx346@38.41 ETRMx15@872.50 CBMXx11@1102.00 SSYx18037@0.68 SPHSx71224@0.19 
Purchases: OLEDx462@28.41 HOTRx8060@1.63 HBPx5407@2.43 CLSNx2978@4.41 RNVAx3863@3.40 

2013-02-26
Cash: 22.26
Held: OLEDx462@27.91 HOTRx8060@1.98 HBPx5407@2.49 CLSNx2978@4.64 RNVAx3863@3.40 
Value: 69297.71
Sales: OLEDx462@27.91 RNVAx3863@3.40 HOTRx8060@1.98 CLSNx2978@4.64 HBPx5407@2.49 
Purchases: TDSx594@23.31 RCONx7573@1.83 TWIx659@21.00 CKXx1063@13.03 SGYPx2614@5.30 

2013-02-27
Cash: 43.44
Held: RCONx7573@1.82 CKXx1063@12.92 TDSx594@22.89 TWIx659@21.11 SGYPx2614@5.47 
Value: 69368.05
Sales: TDSx594@22.89 RCONx7573@1.82 TWIx659@21.11 CKXx1063@12.92 SGYPx2614@5.47 
Purchases: HUSAx60325@0.23 YGEx5549@2.50 FSLRx536@25.84 IIIx10354@1.34 NVGNx2223@6.24 

2013-02-28
Cash: 29.28
Held: IIIx10354@1.37 HUSAx60325@0.24 FSLRx536@25.34 NVGNx2223@6.47 YGEx5549@2.40 
Value: 69976.94
Sales: HUSAx60325@0.24 YGEx5549@2.40 FSLRx536@25.34 IIIx10354@1.37 NVGNx2223@6.47 
Purchases: VUZIx2592@5.40 IMHx1256@11.14 GVAx464@30.16 NTLx1132@12.36 FNCXx18420@0.76 

