2012-09-06
Cash: 10000.00
Held: 
Value: 10000.00
Sales: 
Purchases: MEIPx5403@0.37 VIIx706@2.83 SIGMx328@6.09 CACCx22@90.00 Gx120@16.55 

2012-09-09
Cash: 39.13
Held: MEIPx5403@0.37 Gx120@16.72 SIGMx328@6.30 CACCx22@91.12 VIIx706@2.90 
Value: 10164.20
Sales: MEIPx5403@0.37 VIIx706@2.90 SIGMx328@6.30 CACCx22@91.12 Gx120@16.72 
Purchases: GECx1141@1.78 ABMDx99@20.36 TOPSx1693@1.20 SUMRx861@2.36 GCBCx98@20.55 

2012-09-10
Cash: 40.39
Held: TOPSx1693@1.19 GECx1141@1.83 GCBCx98@20.55 SUMRx861@2.32 ABMDx99@20.39 
Value: 10173.96
Sales: GECx1141@1.83 ABMDx99@20.39 TOPSx1693@1.19 SUMRx861@2.32 GCBCx98@20.55 
Purchases: MBOTx1070@1.90 LPTHx2211@0.92 GERNx1615@1.26 UWNx2544@0.80 PDEXx1189@1.71 

2012-09-11
Cash: 4.22
Held: MBOTx1070@2.09 UWNx2544@0.90 PDEXx1189@1.79 GERNx1615@1.33 LPTHx2211@0.95 
Value: 10907.02
Sales: MBOTx1070@2.09 LPTHx2211@0.95 GERNx1615@1.33 UWNx2544@0.90 PDEXx1189@1.79 
Purchases: ASURx320@6.80 DGLYx545@4.00 RCGx1435@1.52 EMMSx240@9.08 MARKx1354@1.61 

2012-09-12
Cash: 11.08
Held: ASURx320@6.75 RCGx1435@1.56 DGLYx545@3.90 MARKx1354@1.55 EMMSx240@8.84 
Value: 10755.71
Sales: ASURx320@6.75 DGLYx545@3.90 RCGx1435@1.56 EMMSx240@8.84 MARKx1354@1.55 
Purchases: HKx300@7.15 HUSAx1694@1.27 WLDNx1748@1.23 LAWSx337@6.37 CIG.Cx197@10.87 

2012-09-13
Cash: 21.84
Held: CIG.Cx197@11.20 WLDNx1748@1.20 HUSAx1694@1.24 HKx300@7.66 LAWSx337@6.15 
Value: 10797.83
Sales: HKx300@7.66 HUSAx1694@1.24 WLDNx1748@1.20 LAWSx337@6.15 CIG.Cx197@11.20 
Purchases: SGOCx1830@1.18 WKHSx13494@0.16 PSTIx563@3.83 ATLCx508@4.25 HMNYx1033@2.09 

2012-09-16
Cash: 5.35
Held: SGOCx1830@1.13 PSTIx563@3.90 ATLCx508@4.25 HMNYx1033@2.14 WKHSx13494@0.15 
Value: 10663.65
Sales: SGOCx1830@1.13 WKHSx13494@0.15 PSTIx563@3.90 ATLCx508@4.25 HMNYx1033@2.14 
Purchases: CGAx584@3.65 ABEOx4183@0.51 SBOTx7353@0.29 IMHx322@6.62 AUMNx367@5.81 

2012-09-17
Cash: 3.07
Held: IMHx322@7.50 ABEOx4183@0.43 AUMNx367@5.90 SBOTx7353@0.30 CGAx584@3.68 
Value: 10736.40
Sales: CGAx584@3.68 IMHx322@7.50 SBOTx7353@0.30 AUMNx367@5.90 ABEOx4183@0.43 
Purchases: KSx111@19.25 CEQPx1@1821.00 NLSTx1512@1.42 MGYRx508@4.22 HSIIx162@13.18 

2012-09-18
Cash: 353.49
Held: CEQPx1@1869.00 MGYRx508@4.20 NLSTx1512@1.38 KSx111@19.20 HSIIx162@12.97 
Value: 10674.56
Sales: KSx111@19.20 CEQPx1@1869.00 NLSTx1512@1.38 MGYRx508@4.20 HSIIx162@12.97 
Purchases: JBSSx153@13.94 GOGLx322@6.62 USATx1667@1.28 SSYSx36@58.72 DLHCx2571@0.83 

2012-09-19
Cash: 27.91
Held: JBSSx153@13.82 DLHCx2571@0.83 GOGLx322@6.82 SSYSx36@58.53 USATx1667@1.29 
Value: 10730.31
Sales: JBSSx153@13.82 GOGLx322@6.82 USATx1667@1.29 SSYSx36@58.53 DLHCx2571@0.83 
Purchases: XBKSx1240@1.73 GRBKx300@7.15 PPPx421@5.09 DFFNx5110@0.42 BONTx199@10.78 

2012-09-20
Cash: 5.91
Held: GRBKx300@7.14 PPPx421@5.21 DFFNx5110@0.43 BONTx199@10.50 XBKSx1240@1.55 
Value: 10550.11
Sales: XBKSx1240@1.55 GRBKx300@7.14 PPPx421@5.21 DFFNx5110@0.43 BONTx199@10.50 
Purchases: HEESx160@13.11 NSCx32@65.00 XPOx168@12.50 UQMx1506@1.40 BBBYx34@61.56 

2012-09-23
Cash: 70.49
Held: BBBYx34@61.94 XPOx168@12.09 NSCx32@66.25 UQMx1506@1.22 HEESx160@12.65 
Value: 10188.78
Sales: UQMx1506@1.22 NSCx32@66.25 XPOx168@12.09 HEESx160@12.65 BBBYx34@61.94 
Purchases: MVISx947@2.15 UECx754@2.70 TRTx1358@1.50 CYCCx33@60.25 SIEBx1386@1.47 

2012-09-24
Cash: 54.85
Held: TRTx1358@1.44 UECx754@2.66 SIEBx1386@1.47 MVISx947@2.26 CYCCx33@58.19 
Value: 10113.94
Sales: SIEBx1386@1.47 CYCCx33@58.19 TRTx1358@1.44 UECx754@2.66 MVISx947@2.26 
Purchases: ESNCx6974@0.29 VECOx65@31.00 LLITx1058@1.91 RNNx4045@0.50 WPCSx3818@0.53 

2012-09-25
Cash: 10.04
Held: WPCSx3818@0.45 ESNCx6974@0.28 LLITx1058@1.85 VECOx65@30.55 RNNx4045@0.52 
Value: 9726.80
Sales: LLITx1058@1.85 ESNCx6974@0.28 WPCSx3818@0.45 RNNx4045@0.52 VECOx65@30.55 
Purchases: KEGx273@7.12 CGNXx112@17.27 SRIx417@4.66 TSLAx70@27.55 FWRDx63@30.72 

2012-09-26
Cash: 42.14
Held: FWRDx63@31.06 SRIx417@5.02 CGNXx112@17.36 KEGx273@7.16 TSLAx70@28.48 
Value: 9985.10
Sales: CGNXx112@17.36 KEGx273@7.16 SRIx417@5.02 TSLAx70@28.48 FWRDx63@31.06 
Purchases: CBMXx1@1384.00 CADCx415@4.80 OMNx266@7.49 CPRXx1331@1.50 AEZSx5@367.25 

2012-09-27
Cash: 784.14
Held: CPRXx1331@1.51 CADCx415@5.04 OMNx266@7.57 CBMXx1@1484.00 AEZSx5@420.00 
Value: 10482.56
Sales: CBMXx1@1484.00 CADCx415@5.04 OMNx266@7.57 AEZSx5@420.00 CPRXx1331@1.51 
Purchases: XBKSx1397@1.50 PPHMx2034@1.03 HEBx2621@0.80 KNDIx521@4.02 IMGNx143@14.59 

2012-09-30
Cash: 14.11
Held: KNDIx521@4.25 PPHMx2034@0.86 HEBx2621@0.78 IMGNx143@14.87 XBKSx1397@1.65 
Value: 10452.74
Sales: XBKSx1397@1.65 PPHMx2034@0.86 HEBx2621@0.78 KNDIx521@4.25 IMGNx143@14.87 
Purchases: MEIPx4978@0.42 ASTCx2200@0.95 MGICx476@4.39 AHPIx403@5.18 ADTNx123@16.98 

2012-10-01
Cash: 5.51
Held: MEIPx4978@0.48 ASTCx2200@0.95 MGICx476@4.42 ADTNx123@17.11 AHPIx403@5.20 
Value: 10789.83
Sales: MEIPx4978@0.48 ASTCx2200@0.95 MGICx476@4.42 AHPIx403@5.20 ADTNx123@17.11 
Purchases: CBMXx1@1350.00 GMANx152@14.19 AKGx646@3.34 HMNYx1008@2.14 MARKx1299@1.66 

2012-10-02
Cash: 811.50
Held: AKGx646@3.20 HMNYx1008@2.14 MARKx1299@1.65 GMANx152@14.29 CBMXx1@1328.00 
Value: 10679.74
Sales: CBMXx1@1328.00 GMANx152@14.29 AKGx646@3.20 HMNYx1008@2.14 MARKx1299@1.65 
Purchases: MDLZx76@27.83 DFFNx5931@0.36 CBMGx42729@0.05 CLBx21@100.56 EXPRx188@11.33 

2012-10-03
Cash: 51.58
Held: EXPRx188@11.71 CLBx21@102.38 DFFNx5931@0.37 CBMGx42729@0.06 MDLZx76@28.06 
Value: 11294.66
Sales: EXPRx188@11.71 DFFNx5931@0.37 MDLZx76@28.06 CLBx21@102.38 CBMGx42729@0.06 
Purchases: AEHRx2034@1.11 ASTCx2755@0.82 RIGLx238@9.45 SPEXx247@9.13 AEZSx6@347.50 

2012-10-04
Cash: 186.94
Held: ASTCx2755@0.86 RIGLx238@9.50 AEHRx2034@1.22 SPEXx247@8.50 AEZSx6@309.00 
Value: 11251.29
Sales: AEHRx2034@1.22 ASTCx2755@0.86 SPEXx247@8.50 RIGLx238@9.50 AEZSx6@309.00 
Purchases: ISCAx88@25.31 SRPTx65@34.31 NUVAx154@14.57 ANIPx1500@1.50 BONTx205@10.96 

2012-10-07
Cash: 52.66
Held: ANIPx1500@1.50 SRPTx65@32.84 NUVAx154@14.39 BONTx205@10.65 ISCAx88@25.34 
Value: 11066.84
Sales: ISCAx88@25.34 SRPTx65@32.84 NUVAx154@14.39 ANIPx1500@1.50 BONTx205@10.65 
Purchases: IQNTx288@7.68 LIVEx537@4.12 TXMDx804@2.75 CAWx545@4.06 OPHCx4611@0.48 

2012-10-08
Cash: 5.94
Held: LIVEx537@4.19 TXMDx804@2.49 CAWx545@4.11 IQNTx288@7.61 OPHCx4611@0.51 
Value: 11040.51
Sales: IQNTx288@7.61 LIVEx537@4.19 TXMDx804@2.49 CAWx545@4.11 OPHCx4611@0.51 
Purchases: GECx1576@1.40 WKHSx22086@0.10 GDOTx220@10.00 PRGSx124@17.70 HEBx3153@0.70 

2012-10-09
Cash: 22.53
Held: PRGSx124@18.27 GECx1576@1.40 HEBx3153@0.68 WKHSx22086@0.10 GDOTx220@10.08 
Value: 11064.32
Sales: GECx1576@1.40 WKHSx22086@0.10 PRGSx124@18.27 HEBx3153@0.68 GDOTx220@10.08 
Purchases: SMCIx245@9.02 UNISx966@2.29 GLUUx720@3.07 ANGOx195@11.30 HUSAx5029@0.44 

2012-10-10
Cash: 16.37
Held: HUSAx5029@0.48 GLUUx720@2.89 ANGOx195@11.16 UNISx966@2.17 SMCIx245@9.26 
Value: 11051.21
Sales: SMCIx245@9.26 HUSAx5029@0.48 UNISx966@2.17 GLUUx720@2.89 ANGOx195@11.16 
Purchases: ESEx63@34.66 OBASx489@4.51 MGYRx483@4.57 BSETx197@11.19 GCBCx114@19.27 

2012-10-11
Cash: 53.96
Held: ESEx63@35.03 MGYRx483@4.62 OBASx489@4.75 GCBCx114@19.59 BSETx197@10.91 
Value: 11197.89
Sales: ESEx63@35.03 OBASx489@4.75 MGYRx483@4.62 BSETx197@10.91 GCBCx114@19.59 
Purchases: OTELx895@2.50 RCGx1599@1.40 WSO.Bx32@68.56 NETEx286@7.81 WSOx32@68.44 

2012-10-14
Cash: 103.90
Held: OTELx895@2.35 WSOx32@68.69 RCGx1599@1.42 NETEx286@7.81 WSO.Bx32@68.75 
Value: 11108.52
Sales: OTELx895@2.35 RCGx1599@1.42 WSO.Bx32@68.75 NETEx286@7.81 WSOx32@68.69 
Purchases: VRTXx41@53.25 LQDTx54@40.62 TZOOx115@19.17 CECOx572@3.88 AEZSx9@240.00 

2012-10-15
Cash: 146.90
Held: VRTXx41@53.28 CECOx572@3.74 LQDTx54@40.94 TZOOx115@19.05 AEZSx9@240.00 
Value: 11031.86
Sales: VRTXx41@53.28 LQDTx54@40.94 TZOOx115@19.05 CECOx572@3.74 AEZSx9@240.00 
Purchases: PLUGx2627@0.84 ABACx417@5.28 RBPAAx1161@1.90 AMEDx182@12.06 HUSAx5517@0.40 

2012-10-16
Cash: 15.32
Held: ABACx417@5.52 RBPAAx1161@1.88 HUSAx5517@0.45 AMEDx182@11.86 PLUGx2627@0.81 
Value: 11268.32
Sales: PLUGx2627@0.81 ABACx417@5.52 RBPAAx1161@1.88 AMEDx182@11.86 HUSAx5517@0.45 
Purchases: IONSx234@9.62 DFFNx11865@0.19 ROIAx2748@0.82 DSSx699@3.22 PRKRx1374@1.64 

2012-10-17
Cash: 7.22
Held: DSSx699@3.16 PRKRx1374@1.66 ROIAx2748@0.85 DFFNx11865@0.20 IONSx234@9.62 
Value: 11456.13
Sales: PRKRx1374@1.66 DFFNx11865@0.20 ROIAx2748@0.85 DSSx699@3.16 IONSx234@9.62 
Purchases: ABEOx7899@0.29 APOLx108@21.17 OBASx409@5.60 FTNTx117@19.53 INVEx2140@1.07 

2012-10-18
Cash: 11.89
Held: INVEx2140@1.10 ABEOx7899@0.25 OBASx409@5.65 APOLx108@20.39 FTNTx117@19.72 
Value: 11159.29
Sales: ABEOx7899@0.25 INVEx2140@1.10 OBASx409@5.65 FTNTx117@19.72 APOLx108@20.39 
Purchases: MLNXx28@77.00 IMUCx1121@1.99 ALGNx80@27.69 UFPIx61@36.47 RGAx42@52.94 

2012-10-21
Cash: 109.27
Held: IMUCx1121@2.00 RGAx42@53.41 UFPIx61@36.81 MLNXx28@75.31 ALGNx80@27.59 
Value: 11156.15
Sales: RGAx42@53.41 IMUCx1121@2.00 UFPIx61@36.81 ALGNx80@27.59 MLNXx28@75.31 
Purchases: CMGx9@237.50 AMDx1062@2.10 GEOSx33@65.94 CBLIx61@36.00 PXLWx945@2.36 

2012-10-22
Cash: 187.32
Held: CBLIx61@33.59 PXLWx945@2.42 CMGx9@236.25 GEOSx33@65.75 AMDx1062@2.14 
Value: 11092.70
Sales: CMGx9@236.25 AMDx1062@2.14 CBLIx61@33.59 GEOSx33@65.75 PXLWx945@2.42 
Purchases: MNSTx53@41.09 AVIDx336@6.59 LLITx1353@1.64 SIFYx969@2.29 SSNx3080@0.72 

2012-10-23
Cash: 45.74
Held: SSNx3080@0.76 SIFYx969@2.22 LLITx1353@1.57 MNSTx53@47.97 AVIDx336@6.25 
Value: 11304.66
Sales: LLITx1353@1.57 MNSTx53@47.97 AVIDx336@6.25 SSNx3080@0.76 SIFYx969@2.22 
Purchases: PTNRx405@5.57 DDx50@44.91 GFAx575@3.93 RFx349@6.46 HLXx130@17.27 

2012-10-24
Cash: 44.40
Held: PTNRx405@5.75 HLXx130@17.69 DDx50@45.16 RFx349@6.61 GFAx575@3.71 
Value: 11370.80
Sales: PTNRx405@5.75 DDx50@45.16 GFAx575@3.71 RFx349@6.61 HLXx130@17.69 
Purchases: ATIx83@27.31 IMNx493@4.61 IRBTx124@18.20 DHTx517@4.39 NFXx83@27.23 

2012-10-25
Cash: 43.84
Held: IMNx493@4.63 DHTx517@4.35 IRBTx124@17.98 ATIx83@26.70 NFXx83@27.08 
Value: 11269.56
Sales: ATIx83@26.70 DHTx517@4.35 IRBTx124@17.98 NFXx83@27.08 IMNx493@4.63 
Purchases: CABx49@45.16 SPRx153@14.70 CRMDx3955@0.57 CROXx177@12.73 NYTx275@8.19 

2012-10-30
Cash: 49.51
Held: NYTx275@8.18 SPRx153@15.63 CABx49@44.81 CRMDx3955@0.58 CROXx177@12.60 
Value: 11411.24
Sales: CABx49@44.81 SPRx153@15.63 CRMDx3955@0.58 CROXx177@12.60 NYTx275@8.18 
Purchases: ESIOx213@10.68 VRSNx61@37.06 UQMx2507@0.91 IMGNx206@11.08 DECKx79@28.62 

2012-10-31
Cash: 50.42
Held: ESIOx213@11.08 UQMx2507@0.88 DECKx79@29.73 IMGNx206@11.32 VRSNx61@41.16 
Value: 11807.46
Sales: UQMx2507@0.88 VRSNx61@41.16 ESIOx213@11.08 IMGNx206@11.32 DECKx79@29.73 
Purchases: PBIBx2147@1.10 WUx192@12.27 BCRXx925@2.55 INVAx105@22.34 IPXLx112@21.02 

2012-11-01
Cash: 30.78
Held: INVAx105@21.03 IPXLx112@20.36 PBIBx2147@1.15 WUx192@11.95 BCRXx925@2.57 
Value: 11661.74
Sales: PBIBx2147@1.15 BCRXx925@2.57 WUx192@11.95 IPXLx112@20.36 INVAx105@21.03 
Purchases: AAWWx52@44.78 ZUMZx113@20.56 DRRXx2591@0.90 DFFNx12953@0.18 STAAx458@5.09 

2012-11-04
Cash: 14.52
Held: DRRXx2591@1.00 ZUMZx113@21.00 DFFNx12953@0.15 AAWWx52@43.81 STAAx458@5.41 
Value: 11677.89
Sales: AAWWx52@43.81 ZUMZx113@21.00 DRRXx2591@1.00 DFFNx12953@0.15 STAAx458@5.41 
Purchases: SGOCx2595@0.90 PBIx183@12.70 GLUUx926@2.52 CADCx414@5.64 

2012-11-05
Cash: 2349.67
Held: SGOCx2595@0.88 PBIx183@12.75 GLUUx926@2.45 CADCx414@6.00 
Value: 11718.19
Sales: SGOCx2595@0.88 CADCx414@6.00 GLUUx926@2.45 PBIx183@12.75 
Purchases: THLDx573@4.09 RDNx497@4.71 INVTx2604@0.90 TRTx1483@1.58 EBIXx1105@2.12 

2012-11-06
Cash: 5.12
Held: INVTx2604@0.94 EBIXx1105@2.04 TRTx1483@1.51 RDNx497@4.47 THLDx573@4.26 
Value: 11607.81
Sales: THLDx573@4.26 RDNx497@4.47 INVTx2604@0.94 TRTx1483@1.51 EBIXx1105@2.04 
Purchases: OCLRx1488@1.56 VVUSx211@10.96 SYPRx622@3.73 CAPRx77388@0.03 ANTHx358@6.48 

2012-11-07
Cash: 12.51
Held: SYPRx622@3.59 ANTHx358@5.88 CAPRx77388@0.04 VVUSx211@10.24 OCLRx1488@1.57 
Value: 11943.94
Sales: CAPRx77388@0.04 OCLRx1488@1.57 VVUSx211@10.24 ANTHx358@5.88 SYPRx622@3.59 
Purchases: ABACx568@4.20 PRTSx1003@2.38 SYPRx665@3.59 EZPWx136@17.56 RBCNx361@6.61 

2012-11-08
Cash: 9.06
Held: SYPRx665@3.66 ABACx568@3.96 EZPWx136@17.91 PRTSx1003@2.30 RBCNx361@6.66 
Value: 11840.12
Sales: ABACx568@3.96 RBCNx361@6.66 EZPWx136@17.91 SYPRx665@3.66 PRTSx1003@2.30 
Purchases: CORTx1808@1.31 FNCXx1754@1.35 PGNXx1338@1.77 IQNTx674@3.51 CPRXx5382@0.44 

2012-11-11
Cash: 4.22
Held: CPRXx5382@0.39 PGNXx1338@1.52 CORTx1808@1.35 FNCXx1754@1.34 IQNTx674@2.96 
Value: 10921.61
Sales: CORTx1808@1.35 FNCXx1754@1.34 PGNXx1338@1.52 IQNTx674@2.96 CPRXx5382@0.39 
Purchases: IDNx2298@0.95 PTNx3308@0.66 ERFx173@12.56 ARRYx642@3.40 CECOx769@2.84 

2012-11-12
Cash: 14.06
Held: PTNx3308@0.63 CECOx769@2.62 ERFx173@12.29 ARRYx642@3.46 IDNx2298@1.01 
Value: 10780.20
Sales: IDNx2298@1.01 PTNx3308@0.63 ERFx173@12.29 ARRYx642@3.46 CECOx769@2.62 
Purchases: AEHRx2536@0.85 PFHx104@20.58 MEETx894@2.41 JCPx123@17.41 OMERx325@6.62 

2012-11-13
Cash: 36.73
Held: MEETx894@2.24 AEHRx2536@0.76 OMERx325@6.26 JCPx123@16.89 PFHx104@18.80 
Value: 10033.74
Sales: AEHRx2536@0.76 MEETx894@2.24 PFHx104@18.80 JCPx123@16.89 OMERx325@6.26 
Purchases: KFSx880@2.28 CDTIx191@10.50 OHGIx100316@0.02 WFTx220@9.09 HBNCx117@17.02 

2012-11-14
Cash: 24.26
Held: HBNCx117@16.81 OHGIx100316@0.03 KFSx880@2.30 CDTIx191@10.25 WFTx220@9.13 
Value: 10992.34
Sales: KFSx880@2.30 CDTIx191@10.25 OHGIx100316@0.03 WFTx220@9.13 HBNCx117@16.81 
Purchases: ASURx421@5.22 IAGx186@11.81 TSLx901@2.44 ISRLx28@76.56 APDNx206@10.65 

2012-11-15
Cash: 62.84
Held: APDNx206@10.80 ASURx421@5.35 TSLx901@2.32 ISRLx28@74.88 IAGx186@11.73 
Value: 10908.25
Sales: ASURx421@5.35 TSLx901@2.32 IAGx186@11.73 APDNx206@10.80 ISRLx28@74.88 
Purchases: CBMXx6@325.25 GTIMx1314@1.66 LEEx1817@1.20 NAIIx450@4.84 DGSEx387@5.63 

2012-11-18
Cash: 238.23
Held: DGSEx387@5.16 LEEx1817@1.19 GTIMx1314@2.11 NAIIx450@4.97 CBMXx6@461.00 
Value: 12171.88
Sales: CBMXx6@461.00 GTIMx1314@2.11 LEEx1817@1.19 NAIIx450@4.97 DGSEx387@5.16 
Purchases: GRNx239@10.15 BORNx1466@1.66 RCONx1323@1.84 ARCIx1764@1.38 CALIx579@4.20 

2012-11-19
Cash: 13.04
Held: RCONx1323@2.08 GRNx239@9.90 CALIx579@4.89 ARCIx1764@1.38 BORNx1466@1.58 
Value: 12712.89
Sales: GRNx239@9.90 CALIx579@4.89 RCONx1323@2.08 ARCIx1764@1.38 BORNx1466@1.58 
Purchases: MAGx257@9.87 BSPMx342@7.42 ACFCx1246@2.04 EBRx712@3.57 LRNx156@16.27 

2012-11-20
Cash: 18.57
Held: MAGx257@10.17 EBRx712@3.22 ACFCx1246@2.04 BSPMx342@7.49 LRNx156@16.17 
Value: 12550.36
Sales: LRNx156@16.17 BSPMx342@7.49 EBRx712@3.22 MAGx257@10.17 ACFCx1246@2.04 
Purchases: SCONx9295@0.27 HHx6607@0.38 BISx7@337.00 BBYx216@11.57 BAAx871@2.88 

2012-11-22
Cash: 163.22
Held: BBYx216@11.70 HHx6607@0.38 BAAx871@3.22 BISx7@333.00 SCONx9295@0.28 
Value: 12940.09
Sales: SCONx9295@0.28 HHx6607@0.38 BISx7@333.00 BBYx216@11.70 BAAx871@3.22 
Purchases: CNETx988@2.62 CADCx431@6.00 EBR.Bx724@3.57 EBRx813@3.18 MARKx3044@0.85 

2012-11-25
Cash: 8.69
Held: CNETx988@2.50 EBRx813@3.28 CADCx431@6.00 MARKx3044@0.86 EBR.Bx724@3.81 
Value: 13107.02
Sales: CNETx988@2.50 CADCx431@6.00 EBR.Bx724@3.81 EBRx813@3.28 MARKx3044@0.86 
Purchases: EDZx46@55.84 SOXSx70@37.38 ZSLx65@40.19 RVLTx4948@0.53 AMTXx557@4.70 

2012-11-26
Cash: 70.93
Held: EDZx46@57.19 RVLTx4948@0.49 AMTXx557@4.80 ZSLx65@40.41 SOXSx70@37.62 
Value: 13060.21
Sales: EDZx46@57.19 ZSLx65@40.41 RVLTx4948@0.49 AMTXx557@4.80 SOXSx70@37.62 
Purchases: EGPTx50@52.12 PTNx4212@0.62 WCSTx1053@2.48 MITKx1044@2.50 WMLPx487@5.36 

2012-11-27
Cash: 10.08
Held: EGPTx50@49.53 PTNx4212@0.67 WCSTx1053@2.38 MITKx1044@2.38 WMLPx487@5.43 
Value: 12945.27
Sales: EGPTx50@49.53 PTNx4212@0.67 WCSTx1053@2.38 MITKx1044@2.38 WMLPx487@5.43 
Purchases: PLUGx4314@0.60 CASIx1670@1.55 STVx1262@2.05 AXNx12948@0.20 SYUTx617@4.19 

2012-11-28
Cash: 5.13
Held: STVx1262@2.09 SYUTx617@4.49 CASIx1670@1.59 PLUGx4314@0.60 AXNx12948@0.20 
Value: 13244.61
Sales: PLUGx4314@0.60 AXNx12948@0.20 STVx1262@2.09 CASIx1670@1.59 SYUTx617@4.49 
Purchases: MLNXx35@74.88 CAIx133@19.91 DDPx62@42.12 RLIx40@65.25 LEUx4648@0.57 

2012-11-29
Cash: 106.16
Held: RLIx40@64.44 LEUx4648@0.49 CAIx133@20.00 DDPx62@43.50 MLNXx35@72.88 
Value: 12868.76
Sales: MLNXx35@72.88 CAIx133@20.00 DDPx62@43.50 RLIx40@64.44 LEUx4648@0.49 
Purchases: PIPx2127@1.21 TASRx311@8.26 ZIONWx1033@2.49 KSSx57@44.66 IXYSx317@8.10 

2012-12-02
Cash: 40.98
Held: TASRx311@8.12 ZIONWx1033@2.50 KSSx57@43.78 IXYSx317@8.10 PIPx2127@1.13 
Value: 12614.91
Sales: PIPx2127@1.13 TASRx311@8.12 ZIONWx1033@2.50 KSSx57@43.78 IXYSx317@8.10 
Purchases: GRNx281@8.95 YUMx37@66.81 RICx900@2.80 MDRXx228@11.03 GTIMx1356@1.86 

2012-12-03
Cash: 68.56
Held: GRNx281@8.95 RICx900@2.90 MDRXx228@10.88 YUMx37@65.88 GTIMx1356@1.90 
Value: 12690.32
Sales: GRNx281@8.95 GTIMx1356@1.90 YUMx37@65.88 RICx900@2.90 MDRXx228@10.88 
Purchases: TSRIx707@3.59 IDNx4161@0.61 NETEx725@3.50 HAEx62@40.88 DCTHx1750@1.45 

2012-12-04
Cash: 5.07
Held: HAEx62@40.25 DCTHx1750@1.46 TSRIx707@3.45 NETEx725@3.40 IDNx4161@0.57 
Value: 12330.42
Sales: TSRIx707@3.45 IDNx4161@0.57 NETEx725@3.40 HAEx62@40.25 DCTHx1750@1.46 
Purchases: CNETx1264@1.95 IQNTx1045@2.36 SSNx3083@0.80 DRIx52@47.19 PPHMx1926@1.28 

2012-12-05
Cash: 14.47
Held: SSNx3083@0.86 CNETx1264@1.99 DRIx52@47.03 PPHMx1926@1.17 IQNTx1045@2.33 
Value: 12314.91
Sales: CNETx1264@1.99 DRIx52@47.03 SSNx3083@0.86 IQNTx1045@2.33 PPHMx1926@1.17 
Purchases: FCXx79@30.81 GRNx312@7.89 DLx615@4.00 SBSAx1065@2.31 GTN.Ax1923@1.28 

2012-12-06
Cash: 36.15
Held: GRNx312@8.10 DLx615@4.04 FCXx79@31.70 SBSAx1065@2.47 GTN.Ax1923@1.74 
Value: 13530.18
Sales: GRNx312@8.10 FCXx79@31.70 DLx615@4.04 SBSAx1065@2.47 GTN.Ax1923@1.74 
Purchases: KSx138@19.58 SNFCAx431@6.27 HFx193@13.98 SMRTx365@7.40 CYCCx34@77.38 

2012-12-09
Cash: 97.57
Held: HFx193@14.10 SMRTx365@7.42 KSx138@19.55 SNFCAx431@6.84 CYCCx34@72.81 
Value: 13649.23
Sales: KSx138@19.55 SMRTx365@7.42 HFx193@14.10 SNFCAx431@6.84 CYCCx34@72.81 
Purchases: CORTx1738@1.57 MNGAx1819@1.50 AMRNx292@9.34 TOPSx2600@1.05 YTENx1587@1.72 

2012-12-10
Cash: 4.45
Held: TOPSx2600@0.88 AMRNx292@9.00 MNGAx1819@1.51 CORTx1738@1.59 YTENx1587@1.64 
Value: 13031.68
Sales: CORTx1738@1.59 MNGAx1819@1.51 AMRNx292@9.00 TOPSx2600@0.88 YTENx1587@1.64 
Purchases: ABEOx11332@0.23 SOFOx428@6.08 DSSx1173@2.22 CORRx13@187.25 GTIMx1190@2.19 

2012-12-11
Cash: 179.52
Held: CORRx13@162.00 DSSx1173@2.30 ABEOx11332@0.25 GTIMx1190@2.20 SOFOx428@6.20 
Value: 13087.67
Sales: ABEOx11332@0.25 SOFOx428@6.20 DSSx1173@2.30 CORRx13@162.00 GTIMx1190@2.20 
Purchases: HUSAx11899@0.22 ESIOx274@9.53 SEVx709@3.69 SPXCx42@61.28 LDRx45@58.16 

2012-12-12
Cash: 52.01
Held: HUSAx11899@0.22 SEVx709@3.58 SPXCx42@60.88 LDRx45@57.03 ESIOx274@9.60 
Value: 12961.70
Sales: HUSAx11899@0.22 ESIOx274@9.60 LDRx45@57.03 SPXCx42@60.88 SEVx709@3.58 
Purchases: RGSEx3086@0.84 MTXx68@37.81 ODCx105@24.52 CENTAx267@9.70 CENTx281@9.21 

2012-12-13
Cash: 45.55
Held: RGSEx3086@0.90 ODCx105@24.52 CENTAx267@9.61 CENTx281@9.19 MTXx68@37.91 
Value: 13121.80
Sales: RGSEx3086@0.90 CENTAx267@9.61 ODCx105@24.52 MTXx68@37.91 CENTx281@9.19 
Purchases: CBMXx1@1485.00 EVIx1809@1.45 IMMYx1499@1.75 PTIEx1084@2.42 KONEx920@2.85 

2012-12-16
Cash: 1145.31
Held: EVIx1809@1.37 PTIEx1084@2.53 KONEx920@2.94 IMMYx1499@1.70 CBMXx1@1413.00 
Value: 13031.50
Sales: IMMYx1499@1.70 EVIx1809@1.37 CBMXx1@1413.00 KONEx920@2.94 PTIEx1084@2.53 
Purchases: CYTXx62@41.84 MEIPx2118@1.23 RBPAAx2154@1.21 ADMPx4573@0.57 DXTRx3618@0.72 

2012-12-17
Cash: 13.26
Held: MEIPx2118@1.42 RBPAAx2154@1.09 DXTRx3618@0.78 CYTXx62@41.84 ADMPx4573@0.78 
Value: 14349.71
Sales: CYTXx62@41.84 MEIPx2118@1.42 RBPAAx2154@1.09 ADMPx4573@0.78 DXTRx3618@0.78 
Purchases: GYROx38@75.19 MBVXx1668@1.72 INUVx2494@1.15 ANTHx560@5.12 NEPTx1678@1.71 

2012-12-18
Cash: 17.88
Held: ANTHx560@5.13 NEPTx1678@2.06 INUVx2494@1.17 GYROx38@75.19 MBVXx1668@1.61 
Value: 14808.64
Sales: GYROx38@75.19 MBVXx1668@1.61 INUVx2494@1.17 ANTHx560@5.13 NEPTx1678@2.06 
Purchases: RGSEx3703@0.80 AWREx569@5.20 TTNPx2821@1.05 RCMTx557@5.31 FNCXx2447@1.21 

2012-12-19
Cash: 9.45
Held: RGSEx3703@0.80 RCMTx557@5.44 FNCXx2447@1.22 TTNPx2821@1.06 AWREx569@5.20 
Value: 14934.06
Sales: RGSEx3703@0.80 AWREx569@5.20 TTNPx2821@1.06 RCMTx557@5.44 FNCXx2447@1.22 
Purchases: OPXAx2073@1.44 MKLx6@434.00 ANIPx2352@1.27 CASCx243@12.25 IFx255@11.68 

2012-12-20
Cash: 403.04
Held: OPXAx2073@1.26 ANIPx2352@1.30 CASCx243@12.00 IFx255@11.62 MKLx6@431.00 
Value: 14536.06
Sales: OPXAx2073@1.26 MKLx6@431.00 CASCx243@12.00 ANIPx2352@1.30 IFx255@11.62 
Purchases: FOLDx1053@2.76 OCCx771@3.77 UNXLx281@10.32 MDRXx318@9.12 BOSCx510@5.70 

2012-12-23
Cash: 17.84
Held: MDRXx318@9.08 FOLDx1053@2.72 UNXLx281@11.14 OCCx771@3.76 BOSCx510@5.81 
Value: 14761.27
Sales: FOLDx1053@2.72 OCCx771@3.76 BOSCx510@5.81 MDRXx318@9.08 UNXLx281@11.14 
Purchases: HLFx113@26.06 MSONx455@6.48 HEBx10933@0.27 ALXx8@333.50 BBRYx278@10.61 

2012-12-25
Cash: 298.06
Held: HLFx113@27.41 MSONx455@6.68 HEBx10933@0.28 ALXx8@332.00 BBRYx278@11.82 
Value: 15437.83
Sales: HLFx113@27.41 MSONx455@6.68 ALXx8@332.00 HEBx10933@0.28 BBRYx278@11.82 
Purchases: UCFCx1015@3.04 IINx742@4.16 GBRx2470@1.25 MHHx592@5.21 SVAx1071@2.88 

2012-12-26
Cash: 8.57
Held: IINx742@4.13 SVAx1071@2.86 MHHx592@4.75 GBRx2470@1.27 UCFCx1015@2.97 
Value: 15097.62
Sales: UCFCx1015@2.97 IINx742@4.13 GBRx2470@1.27 MHHx592@4.75 SVAx1071@2.86 
Purchases: DYNTx977@3.09 CDXCx1852@1.63 ROIAx4026@0.75 NLSTx4079@0.74 MRVLx422@7.14 

2012-12-27
Cash: 8.04
Held: DYNTx977@2.98 MRVLx422@7.17 ROIAx4026@0.75 NLSTx4079@0.75 CDXCx1852@1.67 
Value: 15117.93
Sales: ROIAx4026@0.75 MRVLx422@7.17 DYNTx977@2.98 NLSTx4079@0.75 CDXCx1852@1.67 
Purchases: SGOCx2437@1.24 USVx71@42.12 CIGx366@8.26 UQMx3979@0.76 CASIx2159@1.40 

2012-12-30
Cash: 35.69
Held: SGOCx2437@1.14 CASIx2159@1.38 USVx71@41.97 UQMx3979@0.76 CIGx366@8.31 
Value: 14837.45
Sales: SGOCx2437@1.14 USVx71@41.97 CIGx366@8.31 CASIx2159@1.38 UQMx3979@0.76 
Purchases: GRNx379@7.82 DRAMx499@5.94 PRAx70@42.19 PZEx624@4.75 OMERx571@5.19 

2013-01-01
Cash: 27.37
Held: GRNx379@7.82 PRAx70@43.59 DRAMx499@7.51 OMERx571@5.39 PZEx624@5.02 
Value: 16001.41
Sales: GRNx379@7.82 DRAMx499@7.51 PRAx70@43.59 PZEx624@5.02 OMERx571@5.39 
Purchases: SGOCx2857@1.12 IDNx4999@0.64 DEEx122@26.08 CYCCx44@72.00 BXMTx1607@1.99 

2013-01-02
Cash: 53.36
Held: SGOCx2857@1.13 BXMTx1607@1.86 DEEx122@26.80 CYCCx44@69.38 IDNx4999@0.70 
Value: 16093.01
Sales: SGOCx2857@1.13 IDNx4999@0.70 BXMTx1607@1.86 CYCCx44@69.38 DEEx122@26.80 
Purchases: FAZx231@13.91 YANGx336@9.58 MIDZx213@15.11 BISx10@309.50 RNVAx870@3.70 

2013-01-03
Cash: 130.80
Held: RNVAx870@3.77 FAZx231@13.40 MIDZx213@14.73 BISx10@305.50 YANGx336@9.41 
Value: 15857.59
Sales: FAZx231@13.40 YANGx336@9.41 MIDZx213@14.73 BISx10@305.50 RNVAx870@3.77 
Purchases: FTNTx164@19.31 THMx1474@2.15 GIGAx2264@1.40 GSSx1832@1.73 MASIx162@19.53 

2013-01-06
Cash: 15.90
Held: MASIx162@19.55 GIGAx2264@1.40 FTNTx164@19.06 THMx1474@2.12 GSSx1832@1.71 
Value: 15735.49
Sales: FTNTx164@19.06 THMx1474@2.12 GIGAx2264@1.40 GSSx1832@1.71 MASIx162@19.55 
Purchases: MLNKx989@3.18 ARAYx599@5.25 NFECx3278@0.96 FINLx183@17.17 ICCCx828@3.80 

2013-01-07
Cash: 9.78
Held: NFECx3278@0.99 FINLx183@17.55 MLNKx989@3.15 ICCCx828@3.80 ARAYx599@5.09 
Value: 15778.44
Sales: MLNKx989@3.15 ARAYx599@5.09 NFECx3278@0.99 FINLx183@17.55 ICCCx828@3.80 
Purchases: ELONx121@25.91 ACURx269@11.70 NETEx1051@3.00 CREEx100@31.44 IHTx1772@1.78 

2013-01-08
Cash: 44.25
Held: CREEx100@32.12 IHTx1772@1.78 ELONx121@24.50 ACURx269@11.75 NETEx1051@3.00 
Value: 15689.65
Sales: ELONx121@24.50 ACURx269@11.75 NETEx1051@3.00 CREEx100@32.12 IHTx1772@1.78 
Purchases: CBMXx2@1152.00 FHx962@3.26 SHIPx2091@1.50 CYx315@9.94 MVISx1508@2.08 

2013-01-09
Cash: 846.18
Held: SHIPx2091@1.35 MVISx1508@2.10 FHx962@3.34 CBMXx2@1080.00 CYx315@9.94 
Value: 15337.67
Sales: FHx962@3.34 MVISx1508@2.10 SHIPx2091@1.35 CYx315@9.94 CBMXx2@1080.00 
Purchases: ABACx881@3.48 APOLx159@19.23 CALLx210@14.59 IIJIx265@11.57 CTSOx1022@3.00 

2013-01-10
Cash: 16.29
Held: ABACx881@3.80 CALLx210@14.79 CTSOx1022@3.05 IIJIx265@11.70 APOLx159@19.20 
Value: 15743.00
Sales: ABACx881@3.80 IIJIx265@11.70 CALLx210@14.79 APOLx159@19.20 CTSOx1022@3.05 
Purchases: GIGx1920@1.64 AEHRx3703@0.85 MMACx5338@0.59 HAYNx60@51.75 CBMXx2@1078.00 

2013-01-13
Cash: 1037.38
Held: AEHRx3703@0.96 GIGx1920@1.53 MMACx5338@0.59 HAYNx60@50.41 CBMXx2@993.50 
Value: 15690.20
Sales: AEHRx3703@0.96 GIGx1920@1.53 MMACx5338@0.59 HAYNx60@50.41 CBMXx2@993.50 
Purchases: FAROx99@31.52 TGTXx815@3.85 RBPAAx2359@1.33 ARQLx1250@2.51 PDEXx1522@2.06 

2013-01-14
Cash: 21.71
Held: FAROx99@32.59 RBPAAx2359@1.35 PDEXx1522@2.04 ARQLx1250@2.67 TGTXx815@3.80 
Value: 15970.71
Sales: FAROx99@32.59 RBPAAx2359@1.35 TGTXx815@3.80 ARQLx1250@2.67 PDEXx1522@2.04 
Purchases: NTPx253@12.60 CRUSx114@27.95 URREx7429@0.43 AMTXx469@6.80 MBVXx1604@1.99 

2013-01-15
Cash: 20.00
Held: AMTXx469@6.50 URREx7429@0.42 NTPx253@13.00 MBVXx1604@1.75 CRUSx114@29.52 
Value: 15648.88
Sales: NTPx253@13.00 CRUSx114@29.52 URREx7429@0.42 AMTXx469@6.50 MBVXx1604@1.75 
Purchases: MXCx594@5.26 ORMPx5047@0.62 GSTx2746@1.14 SYPRx869@3.60 PWx306@10.20 

2013-01-16
Cash: 13.99
Held: SYPRx869@3.64 ORMPx5047@0.67 GSTx2746@1.17 MXCx594@5.58 PWx306@10.20 
Value: 16206.96
Sales: PWx306@10.20 ORMPx5047@0.67 GSTx2746@1.17 SYPRx869@3.64 MXCx594@5.58 
Purchases: GDOTx247@13.11 ACADx602@5.38 LPTHx4001@0.81 CIEx130@24.80 IRWDx239@13.54 

2013-01-17
Cash: 30.37
Held: ACADx602@5.22 LPTHx4001@0.81 IRWDx239@13.51 GDOTx247@13.03 CIEx130@24.66 
Value: 16065.50
Sales: IRWDx239@13.51 ACADx602@5.22 LPTHx4001@0.81 CIEx130@24.66 GDOTx247@13.03 
Purchases: UNXLx205@15.66 HEPx89@35.75 CLSNx102@31.50 INVAx155@20.69 SSKNx1794@1.79 

2013-01-21
Cash: 43.32
Held: INVAx155@20.34 SSKNx1794@1.75 CLSNx102@34.84 HEPx89@36.25 UNXLx205@15.28 
Value: 16249.07
Sales: HEPx89@36.25 CLSNx102@34.84 SSKNx1794@1.75 INVAx155@20.34 UNXLx205@15.28 
Purchases: GRNx506@6.42 LIVEx915@3.55 FNSRx235@13.80 AMDx1326@2.45 PLPMx1086@2.99 

2013-01-22
Cash: 13.32
Held: GRNx506@6.25 PLPMx1086@2.97 LIVEx915@3.58 FNSRx235@13.72 AMDx1326@2.73 
Value: 16522.28
Sales: GRNx506@6.25 LIVEx915@3.58 FNSRx235@13.72 PLPMx1086@2.97 AMDx1326@2.73 
Purchases: CVGIx452@7.31 ARNAx380@8.68 AODx421@7.84 IIVIx192@17.19 BOSCx734@4.50 

2013-01-23
Cash: 16.94
Held: CVGIx452@7.60 IIVIx192@17.48 AODx421@8.00 ARNAx380@8.67 BOSCx734@4.37 
Value: 16681.54
Sales: AODx421@8.00 ARNAx380@8.67 CVGIx452@7.60 IIVIx192@17.48 BOSCx734@4.37 
Purchases: IAGx381@8.75 RRDx360@9.25 GVPx1537@2.17 NSATx6544@0.51 FMYx194@17.16 

2013-01-24
Cash: 18.40
Held: NSATx6544@0.51 FMYx194@17.30 GVPx1537@2.25 RRDx360@9.01 IAGx381@8.39 
Value: 16607.79
Sales: GVPx1537@2.25 RRDx360@9.01 IAGx381@8.39 NSATx6544@0.51 FMYx194@17.30 
Purchases: SBSx74@44.59 AAPLx52@62.84 NOKx790@4.20 CALLx241@13.73 LOGIx477@6.96 

2013-01-27
Cash: 94.13
Held: CALLx241@14.32 AAPLx52@64.25 SBSx74@44.88 NOKx790@4.25 LOGIx477@6.86 
Value: 16836.50
Sales: SBSx74@44.88 AAPLx52@64.25 LOGIx477@6.86 CALLx241@14.32 NOKx790@4.25 
Purchases: TBIOx7164@0.47 SCSSx146@22.95 ZNx2902@1.16 NFBKx295@11.38 TROVx478@7.04 

2013-01-28
Cash: 29.09
Held: ZNx2902@1.05 NFBKx295@11.25 TROVx478@7.15 TBIOx7164@0.49 SCSSx146@22.20 
Value: 16563.28
Sales: TBIOx7164@0.49 SCSSx146@22.20 ZNx2902@1.05 NFBKx295@11.25 TROVx478@7.15 
Purchases: CNETx1872@1.77 UNXLx251@13.18 JVAx447@7.41 NVGNx1409@2.35 PRCPx431@7.67 

2013-01-29
Cash: 13.10
Held: CNETx1872@1.85 NVGNx1409@2.20 JVAx447@7.27 UNXLx251@13.11 PRCPx431@7.59 
Value: 16385.42
Sales: CNETx1872@1.85 UNXLx251@13.11 JVAx447@7.27 NVGNx1409@2.20 PRCPx431@7.59 
Purchases: WMLPx851@3.85 NTGRx90@36.16 FSLRx117@27.91 STXx96@33.88 ROGx69@46.88 

2013-01-30
Cash: 103.93
Held: NTGRx90@35.12 FSLRx117@28.19 STXx96@33.97 ROGx69@46.88 WMLPx851@3.50 
Value: 16037.00
Sales: WMLPx851@3.50 NTGRx90@35.12 FSLRx117@28.19 STXx96@33.97 ROGx69@46.88 
Purchases: FPAYx9161@0.35 KTCCx332@9.63 MTORx703@4.56 CEVAx211@15.18 BBRYx247@12.98 

2013-01-31
Cash: 18.84
Held: CEVAx211@15.15 MTORx703@4.66 FPAYx9161@0.35 KTCCx332@9.68 BBRYx247@13.02 
Value: 16128.94
Sales: FPAYx9161@0.35 CEVAx211@15.15 MTORx703@4.66 KTCCx332@9.68 BBRYx247@13.02 
Purchases: USAKx647@4.98 SHORx759@4.25 EXPOx67@48.12 HOTRx1612@2.00 CLSNx542@5.94 

2013-02-03
Cash: 12.21
Held: EXPOx67@47.78 SHORx759@4.06 HOTRx1612@1.85 CLSNx542@5.26 USAKx647@4.85 
Value: 15266.41
Sales: USAKx647@4.85 SHORx759@4.06 EXPOx67@47.78 HOTRx1612@1.85 CLSNx542@5.26 
Purchases: MHOx131@23.30 BDRx2588@1.18 CKHx43@70.38 KERXx465@6.56 ABIOx121@25.20 

2013-02-04
Cash: 36.04
Held: CKHx43@71.00 ABIOx121@24.16 MHOx131@23.94 KERXx465@7.12 BDRx2588@1.25 
Value: 15694.07
Sales: MHOx131@23.94 BDRx2588@1.25 CKHx43@71.00 KERXx465@7.12 ABIOx121@24.16 
Purchases: KBALx347@9.02 PBBIx591@5.31 YINNx167@18.77 IDRAx4614@0.68 CYOUx111@28.09 

2013-02-05
Cash: 34.96
Held: PBBIx591@5.32 KBALx347@8.92 YINNx167@18.94 CYOUx111@29.52 IDRAx4614@0.69 
Value: 15897.34
Sales: KBALx347@8.92 PBBIx591@5.32 YINNx167@18.94 IDRAx4614@0.69 CYOUx111@29.52 
Purchases: CUOx201@15.75 SPGIx71@44.62 TTNPx1471@2.16 RTECx264@12.03 HEBx15143@0.21 

2013-02-06
Cash: 29.94
Held: SPGIx71@43.81 TTNPx1471@2.17 RTECx264@11.97 HEBx15143@0.22 CUOx201@17.80 
Value: 16400.52
Sales: CUOx201@17.80 SPGIx71@43.81 HEBx15143@0.22 RTECx264@11.97 TTNPx1471@2.17 
Purchases: CHRWx54@59.94 VASCx216@15.18 DFFNx40992@0.08 CVUx344@9.51 NETEx1640@2.00 

2013-02-07
Cash: 54.33
Held: CVUx344@9.58 DFFNx40992@0.08 VASCx216@15.10 CHRWx54@59.72 NETEx1640@2.39 
Value: 17036.64
Sales: CHRWx54@59.72 VASCx216@15.10 DFFNx40992@0.08 CVUx344@9.58 NETEx1640@2.39 
Purchases: ARAYx776@4.39 INODx962@3.54 OSURx560@6.08 REIx439@7.75 SMIx1208@2.82 

2013-02-10
Cash: 12.00
Held: OSURx560@5.85 REIx439@7.50 INODx962@3.47 SMIx1208@2.79 ARAYx776@4.22 
Value: 16563.13
Sales: REIx439@7.50 INODx962@3.47 OSURx560@5.85 SMIx1208@2.79 ARAYx776@4.22 
Purchases: JEx394@8.41 MSONx591@5.60 PKEx129@25.53 NUANx169@19.52 SIEBx2237@1.48 

2013-02-11
Cash: 37.06
Held: PKEx129@25.17 MSONx591@5.73 SIEBx2237@1.50 JEx394@8.48 NUANx169@18.91 
Value: 16561.37
Sales: SIEBx2237@1.50 MSONx591@5.73 JEx394@8.48 NUANx169@18.91 PKEx129@25.17 
Purchases: JOBx8949@0.37 SNOAx4869@0.68 WPCSx8282@0.40 MSLIx3450@0.96 AEZSx11@280.00 

2013-02-12
Cash: 233.55
Held: WPCSx8282@0.41 JOBx8949@0.41 SNOAx4869@0.67 MSLIx3450@0.95 AEZSx11@284.00 
Value: 16960.77
Sales: JOBx8949@0.41 WPCSx8282@0.41 MSLIx3450@0.95 AEZSx11@284.00 SNOAx4869@0.67 
Purchases: CBMXx4@749.00 ATAIx788@4.30 RVLTx2339@1.45 LVLTx160@21.09 APRIx117@28.91 

2013-02-13
Cash: 426.72
Held: RVLTx2339@1.41 ATAIx788@4.23 LVLTx160@20.98 APRIx117@29.20 CBMXx4@742.50 
Value: 16802.95
Sales: APRIx117@29.20 ATAIx788@4.23 CBMXx4@742.50 RVLTx2339@1.41 LVLTx160@20.98 
Purchases: ADXSx41998@0.08 DYNTx1094@3.07 PRCPx502@6.69 UWNx3734@0.90 AMOVx152@21.98 

2013-02-14
Cash: 22.52
Held: DYNTx1094@2.95 ADXSx41998@0.11 UWNx3734@0.95 AMOVx152@22.41 PRCPx502@6.63 
Value: 18149.62
Sales: ADXSx41998@0.11 PRCPx502@6.63 DYNTx1094@2.95 UWNx3734@0.95 AMOVx152@22.41 
Purchases: STRAx69@51.94 MATRx945@3.84 STMPx152@23.77 TCXx2135@1.70 WTWx81@44.69 

2013-02-18
Cash: 75.30
Held: STMPx152@24.30 MATRx945@3.98 WTWx81@45.34 TCXx2135@1.57 STRAx69@52.28 
Value: 18162.84
Sales: STMPx152@24.30 MATRx945@3.98 STRAx69@52.28 TCXx2135@1.57 WTWx81@45.34 
Purchases: CJJDx4541@0.80 EHTHx222@16.30 SCKTx3303@1.10 FONRx708@5.13 BOSCx1068@3.40 

2013-02-19
Cash: 18.13
Held: SCKTx3303@1.11 CJJDx4541@0.76 EHTHx222@16.52 FONRx708@5.27 BOSCx1068@3.48 
Value: 18250.15
Sales: CJJDx4541@0.76 BOSCx1068@3.48 EHTHx222@16.52 FONRx708@5.27 SCKTx3303@1.11 
Purchases: CBMXx5@643.50 IEPx54@66.88 SNFCAx432@8.44 TRTx2050@1.78 CBMGx1216@3.00 

2013-02-20
Cash: 478.84
Held: TRTx2050@1.81 SNFCAx432@7.97 IEPx54@70.50 CBMGx1216@2.90 CBMXx5@1519.00 
Value: 22559.84
Sales: CBMXx5@1519.00 IEPx54@70.50 SNFCAx432@7.97 TRTx2050@1.81 CBMGx1216@2.90 
Purchases: ODPx1133@3.98 CLUBx491@9.17 GNVCx2638@1.71 HNRx835@5.40 SWCx354@12.71 

2013-02-21
Cash: 28.33
Held: SWCx354@12.99 HNRx835@5.58 CLUBx491@9.15 GNVCx2638@1.70 ODPx1133@4.21 
Value: 23033.29
Sales: CLUBx491@9.15 ODPx1133@4.21 SWCx354@12.99 HNRx835@5.58 GNVCx2638@1.70 
Purchases: TEUMx3628@1.27 GFIx528@8.72 EVOLx687@6.70 CACCx43@106.62 EBIXx2991@1.54 

2013-02-24
Cash: 30.43
Held: TEUMx3628@1.25 EBIXx2991@1.47 EVOLx687@6.98 CACCx43@105.75 GFIx528@8.78 
Value: 22940.72
Sales: TEUMx3628@1.25 EVOLx687@6.98 CACCx43@105.75 EBIXx2991@1.47 GFIx528@8.78 
Purchases: CBMXx4@1130.00 ETRMx5@884.50 SSYx6117@0.75 INTx117@39.00 SPHSx24155@0.19 

2013-02-25
Cash: 259.43
Held: SSYx6117@0.68 INTx117@38.41 SPHSx24155@0.19 ETRMx5@872.50 CBMXx4@1102.00 
Value: 22272.14
Sales: INTx117@38.41 ETRMx5@872.50 CBMXx4@1102.00 SSYx6117@0.68 SPHSx24155@0.19 
Purchases: OLEDx156@28.41 HOTRx2732@1.63 HBPx1833@2.43 CLSNx1010@4.41 RNVAx1309@3.40 

2013-02-26
Cash: 28.93
Held: OLEDx156@27.91 HOTRx2732@1.98 HBPx1833@2.49 CLSNx1010@4.64 RNVAx1309@3.40 
Value: 23495.69
Sales: OLEDx156@27.91 RNVAx1309@3.40 HOTRx2732@1.98 CLSNx1010@4.64 HBPx1833@2.49 
Purchases: TDSx201@23.31 RCONx2567@1.83 TWIx223@21.00 CKXx360@13.03 SGYPx886@5.30 

2013-02-27
Cash: 41.33
Held: RCONx2567@1.82 CKXx360@12.92 TDSx201@22.89 TWIx223@21.11 SGYPx886@5.47 
Value: 23519.66
Sales: TDSx201@22.89 RCONx2567@1.82 TWIx223@21.11 CKXx360@12.92 SGYPx886@5.47 
Purchases: HUSAx20453@0.23 YGEx1881@2.50 FSLRx182@25.84 IIIx3510@1.34 NVGNx754@6.24 

2013-02-28
Cash: 3.29
Held: IIIx3510@1.37 HUSAx20453@0.24 FSLRx182@25.34 NVGNx754@6.47 YGEx1881@2.40 
Value: 23726.06
Sales: HUSAx20453@0.24 YGEx1881@2.40 FSLRx182@25.34 IIIx3510@1.37 NVGNx754@6.47 
Purchases: VUZIx878@5.40 IMHx425@11.14 GVAx157@30.16 NTLx383@12.36 FNCXx6245@0.76 

2013-03-03
Cash: 38.56
Held: IMHx425@11.10 FNCXx6245@0.77 GVAx157@30.27 NTLx383@13.59 VUZIx878@5.60 
Value: 24441.78
Sales: VUZIx878@5.60 IMHx425@11.10 GVAx157@30.27 NTLx383@13.59 FNCXx6245@0.77 
Purchases: MDRx464@10.52 LTBRx2745@1.78 DRAMx842@5.80 ATx827@5.91 ABIOx258@18.91 

2013-03-04
Cash: 22.28
Held: LTBRx2745@1.74 DRAMx842@5.40 ABIOx258@17.98 MDRx464@10.50 ATx827@5.68 
Value: 23553.78
Sales: LTBRx2745@1.74 DRAMx842@5.40 ATx827@5.68 ABIOx258@17.98 MDRx464@10.50 
Purchases: SCSSx274@17.19 DRWIx127@37.00 RPRXx462@10.18 ATx829@5.68 HLx1174@4.01 

2013-03-05
Cash: 24.17
Held: RPRXx462@9.82 HLx1174@4.09 DRWIx127@41.00 ATx829@5.66 SCSSx274@17.16 
Value: 23962.71
Sales: SCSSx274@17.16 DRWIx127@41.00 RPRXx462@9.82 ATx829@5.66 HLx1174@4.09 
Purchases: JCPx332@14.43 HRTXx8261@0.58 CNITx4746@1.01 NUROx2350@2.04 PRTKx892@5.37 

2013-03-06
Cash: 4.87
Held: NUROx2350@2.02 PRTKx892@5.49 JCPx332@14.82 HRTXx8261@0.55 CNITx4746@1.38 
Value: 25657.52
Sales: PRTKx892@5.49 HRTXx8261@0.55 JCPx332@14.82 CNITx4746@1.38 NUROx2350@2.02 
Purchases: AVAVx271@18.88 WKHSx21382@0.24 UGx256@19.98 RWCx2774@1.85 HNRGx705@7.27 

2013-03-07
Cash: 39.09
Held: RWCx2774@1.85 AVAVx271@19.02 HNRGx705@7.18 WKHSx21382@0.24 UGx256@20.56 
Value: 25780.29
Sales: AVAVx271@19.02 WKHSx21382@0.24 UGx256@20.56 RWCx2774@1.85 HNRGx705@7.18 
Purchases: NXx279@18.44 BORNx3393@1.52 MTGx1050@4.91 TTNPx2998@1.72 INSYx429@11.99 

2013-03-10
Cash: 24.40
Held: INSYx429@13.99 TTNPx2998@1.75 NXx279@18.16 MTGx1050@5.13 BORNx3393@1.60 
Value: 27151.97
Sales: NXx279@18.16 INSYx429@13.99 MTGx1050@5.13 TTNPx2998@1.75 BORNx3393@1.60 
Purchases: FLx167@32.50 SBOTx10250@0.53 ANGOx509@10.65 SRNEx27158@0.20 MXWLx672@8.08 

2013-03-11
Cash: 15.35
Held: SRNEx27158@0.22 ANGOx509@10.77 SBOTx10250@0.54 FLx167@32.75 MXWLx672@7.74 
Value: 27677.77
Sales: FLx167@32.75 SBOTx10250@0.54 ANGOx509@10.77 SRNEx27158@0.22 MXWLx672@7.74 
Purchases: ERIIx1422@3.89 IRCPx395@14.00 RDCMx1599@3.46 GOROx425@13.02 AEZSx28@197.00 

2013-03-12
Cash: 30.30
Held: ERIIx1422@3.74 RDCMx1599@3.25 GOROx425@13.00 IRCPx395@14.40 AEZSx28@197.00 
Value: 27274.04
Sales: AEZSx28@197.00 GOROx425@13.00 IRCPx395@14.40 RDCMx1599@3.25 ERIIx1422@3.74 
Purchases: GIGMx5294@1.03 CALIx1359@4.01 CBMXx7@760.50 ONPx3064@1.78 TNAVx841@6.48 

2013-03-13
Cash: 139.52
Held: ONPx3064@1.80 TNAVx841@6.42 CALIx1359@3.80 GIGMx5294@1.06 CBMXx7@740.00 
Value: 27009.54
Sales: GIGMx5294@1.06 CALIx1359@3.80 ONPx3064@1.80 CBMXx7@740.00 TNAVx841@6.42 
Purchases: SGMAx1200@4.50 OGENx1521@3.55 CVIx99@54.47 LEUx13178@0.41 COOLx217@24.78 

2013-03-14
Cash: 37.05
Held: CVIx99@55.00 COOLx217@25.19 SGMAx1200@4.47 LEUx13178@0.34 OGENx1521@3.90 
Value: 26724.41
Sales: SGMAx1200@4.47 COOLx217@25.19 LEUx13178@0.34 OGENx1521@3.90 CVIx99@55.00 
Purchases: SCONx1707@3.13 ETFCx501@10.66 TXMDx3143@1.70 PERIx585@9.13 VHCx245@21.81 

2013-03-17
Cash: 10.78
Held: ETFCx501@10.50 PERIx585@8.78 VHCx245@22.50 TXMDx3143@1.70 SCONx1707@3.30 
Value: 26898.95
Sales: SCONx1707@3.30 ETFCx501@10.50 TXMDx3143@1.70 PERIx585@8.78 VHCx245@22.50 
Purchases: AMCNx2989@1.80 ULTAx72@73.94 EGYx691@7.78 GLDDx738@7.28 CPEx1265@4.25 

2013-03-18
Cash: 69.18
Held: AMCNx2989@1.89 ULTAx72@74.94 CPEx1265@3.96 EGYx691@7.73 GLDDx738@7.01 
Value: 26639.83
Sales: AMCNx2989@1.89 ULTAx72@74.94 EGYx691@7.73 CPEx1265@3.96 GLDDx738@7.01 
Purchases: CNETx2422@2.20 JVAx764@6.97 OGENx1566@3.40 MNDOx2803@1.90 PTXx984@5.41 

2013-03-19
Cash: 13.80
Held: MNDOx2803@1.95 CNETx2422@2.24 JVAx764@6.70 PTXx984@5.31 OGENx1566@3.36 
Value: 26508.68
Sales: CNETx2422@2.24 JVAx764@6.70 OGENx1566@3.36 MNDOx2803@1.95 PTXx984@5.31 
Purchases: IDNx11526@0.46 ECTx514@10.30 HNRx1568@3.38 WSCIx1045@5.07 MTSLx1854@2.86 

2013-03-20
Cash: 13.63
Held: WSCIx1045@5.10 ECTx514@11.68 HNRx1568@3.92 MTSLx1854@3.03 IDNx11526@0.45 
Value: 28297.02
Sales: HNRx1568@3.92 IDNx11526@0.45 ECTx514@11.68 MTSLx1854@3.03 WSCIx1045@5.10 
Purchases: EMITFx124@45.59 MNGAx4878@1.16 LIVEx2459@2.30 CIGx656@8.62 SPEXx578@9.78 

2013-03-21
Cash: 20.09
Held: LIVEx2459@2.12 MNGAx4878@1.19 SPEXx578@9.39 EMITFx124@46.59 CIGx656@8.71 
Value: 27957.75
Sales: EMITFx124@46.59 MNGAx4878@1.19 LIVEx2459@2.12 CIGx656@8.71 SPEXx578@9.39 
Purchases: MOVx174@31.98 BLDPx5224@1.07 ORCLx174@31.98 SCHLx212@26.30 KONEx1940@2.88 

2013-03-24
Cash: 72.08
Held: MOVx174@32.31 KONEx1940@3.08 SCHLx212@26.30 BLDPx5224@1.06 ORCLx174@31.25 
Value: 28217.43
Sales: SCHLx212@26.30 ORCLx174@31.25 BLDPx5224@1.06 MOVx174@32.31 KONEx1940@3.08 
Purchases: LIVEx2675@2.11 SSNx10852@0.52 OTIVx6485@0.87 AMTXx1128@5.00 OIBR.Cx1659@3.40 

2013-03-25
Cash: 7.65
Held: SSNx10852@0.53 LIVEx2675@2.15 AMTXx1128@5.40 OIBR.Cx1659@3.36 OTIVx6485@0.90 
Value: 29007.68
Sales: LIVEx2675@2.15 SSNx10852@0.53 OTIVx6485@0.90 AMTXx1128@5.40 OIBR.Cx1659@3.36 
Purchases: ENZx2329@2.49 GLBSx2900@2.00 VHCx299@19.34 HALOx963@6.02 JKSx1132@5.12 

2013-03-26
Cash: 30.25
Held: HALOx963@5.86 ENZx2329@2.42 JKSx1132@4.94 VHCx299@19.31 GLBSx2900@2.15 
Value: 28913.07
Sales: ENZx2329@2.42 GLBSx2900@2.15 VHCx299@19.31 HALOx963@5.86 JKSx1132@4.94 
Purchases: VUZIx1445@4.00 GMANx482@11.98 ZIOPx3362@1.72 MXWLx1133@5.10 ABEOx13144@0.44 

2013-03-27
Cash: 15.99
Held: ABEOx13144@0.49 ZIOPx3362@1.83 MXWLx1133@5.39 GMANx482@11.71 VUZIx1445@4.00 
Value: 30141.39
Sales: VUZIx1445@4.00 ABEOx13144@0.49 ZIOPx3362@1.83 MXWLx1133@5.39 GMANx482@11.71 
Purchases: VCELx8609@0.70 EVBSx1065@5.66 YTENx3294@1.83 SNBCx1767@3.41 BAAx3505@1.72 

2013-03-31
Cash: 3.68
Held: SNBCx1767@3.27 BAAx3505@1.72 YTENx3294@1.67 VCELx8609@0.77 EVBSx1065@5.79 
Value: 30103.75
Sales: SNBCx1767@3.27 EVBSx1065@5.79 YTENx3294@1.67 VCELx8609@0.77 BAAx3505@1.72 
Purchases: HRTXx16719@0.36 RVPx5735@1.05 TWOx483@12.45 SNXx165@36.38 HDSNx1668@3.61 

2013-04-01
Cash: 25.32
Held: SNXx165@35.59 RVPx5735@1.00 HDSNx1668@3.45 HRTXx16719@0.37 TWOx483@12.38 
Value: 29555.47
Sales: HRTXx16719@0.37 RVPx5735@1.00 TWOx483@12.38 SNXx165@35.59 HDSNx1668@3.45 
Purchases: UNXLx258@22.84 JOBx19064@0.31 CADCx1424@4.15 NLSTx9692@0.61 INVEx4547@1.30 

2013-04-02
Cash: 22.44
Held: JOBx19064@0.33 INVEx4547@1.25 NLSTx9692@0.62 CADCx1424@3.84 UNXLx258@27.22 
Value: 30499.35
Sales: UNXLx258@27.22 JOBx19064@0.33 NLSTx9692@0.62 CADCx1424@3.84 INVEx4547@1.25 
Purchases: EDCx50@120.12 RETLx139@43.75 TNAx152@40.09 SPXLx161@37.75 FASx115@52.62 

2013-04-03
Cash: 187.98
Held: EDCx50@118.94 TNAx152@41.06 RETLx139@44.56 FASx115@53.94 SPXLx161@38.28 
Value: 30936.64
Sales: EDCx50@118.94 FASx115@53.94 TNAx152@41.06 SPXLx161@38.28 RETLx139@44.56 
Purchases: CALIx1787@3.46 AVIDx1001@6.18 SYMXx5626@1.10 VIVEx38662@0.16 HMNYx2049@3.02 

2013-04-04
Cash: 5.41
Held: CALIx1787@3.47 SYMXx5626@1.07 HMNYx2049@3.40 VIVEx38662@0.18 AVIDx1001@6.25 
Value: 32414.02
Sales: CALIx1787@3.47 AVIDx1001@6.25 SYMXx5626@1.07 VIVEx38662@0.18 HMNYx2049@3.40 
Purchases: MVISx3102@2.09 TEUMx7122@0.91 OBASx1234@5.25 SPCBx20254@0.32 BOSCx1852@3.50 

2013-04-07
Cash: 6.03
Held: TEUMx7122@0.93 OBASx1234@5.01 MVISx3102@2.02 BOSCx1852@3.32 SPCBx20254@0.32 
Value: 31711.67
Sales: MVISx3102@2.02 TEUMx7122@0.93 OBASx1234@5.01 SPCBx20254@0.32 BOSCx1852@3.32 
Purchases: ANCXx535@11.85 MYOSx70449@0.09 RDWRx220@28.80 RIGLx1434@4.42 FFIVx87@72.75 

2013-04-08
Cash: 23.25
Held: RIGLx1434@4.52 FFIVx87@72.44 RDWRx220@29.38 MYOSx70449@0.11 ANCXx535@12.18 
Value: 33533.31
Sales: MYOSx70449@0.11 ANCXx535@12.18 FFIVx87@72.44 RIGLx1434@4.52 RDWRx220@29.38 
Purchases: AVNWx191@35.03 RFIx449@14.93 XTLBx1263@5.31 XTNTx9187@0.73 TESSx336@19.95 

2013-04-09
Cash: 23.58
Held: RFIx449@14.67 XTLBx1263@5.31 XTNTx9187@0.75 AVNWx191@36.47 TESSx336@20.39 
Value: 34023.04
Sales: AVNWx191@36.47 RFIx449@14.67 XTNTx9187@0.75 XTLBx1263@5.31 TESSx336@20.39 
Purchases: FBCx485@14.02 MGx325@20.91 BCRXx3910@1.74 CADCx1944@3.50 ENGx17452@0.39 

2013-04-10
Cash: 14.42
Held: MGx325@20.66 ENGx17452@0.43 BCRXx3910@1.66 CADCx1944@3.36 FBCx485@14.85 
Value: 34455.71
Sales: FBCx485@14.85 MGx325@20.66 BCRXx3910@1.66 CADCx1944@3.36 ENGx17452@0.43 
Purchases: GIGx7919@0.87 MGCDx932@7.39 TITNx314@21.92 SGYPx1295@5.32 IBIOx12304@0.56 

2013-04-11
Cash: 12.95
Held: TITNx314@21.89 GIGx7919@0.92 MGCDx932@6.87 IBIOx12304@0.55 SGYPx1295@5.40 
Value: 34331.10
Sales: GIGx7919@0.92 MGCDx932@6.87 TITNx314@21.89 IBIOx12304@0.55 SGYPx1295@5.40 
Purchases: IARTx202@33.88 VISNx2757@2.49 FTNTx365@18.77 TAYDx870@7.89 ARCBx636@10.78 

2013-04-14
Cash: 51.61
Held: ARCBx636@10.14 IARTx202@33.03 VISNx2757@2.89 TAYDx870@7.92 FTNTx365@18.06 
Value: 34627.65
Sales: VISNx2757@2.89 TAYDx870@7.92 FTNTx365@18.06 IARTx202@33.03 ARCBx636@10.14 
Purchases: INDLx429@16.12 CCURx1124@6.16 MGCDx1015@6.82 INFYx166@41.72 MPWx463@14.93 

2013-04-15
Cash: 25.64
Held: MPWx463@15.43 INFYx166@42.75 MGCDx1015@6.61 CCURx1124@6.94 INDLx429@18.19 
Value: 36579.18
Sales: MPWx463@15.43 INDLx429@18.19 CCURx1124@6.94 INFYx166@42.75 MGCDx1015@6.61 
Purchases: SSRIx1011@7.23 SANDx1052@6.95 KGCx1352@5.41 WINTx4134@1.77 AUMNx4573@1.60 

2013-04-16
Cash: 13.81
Held: SSRIx1011@6.62 WINTx4134@1.76 AUMNx4573@1.51 KGCx1352@5.00 SANDx1052@6.34 
Value: 34316.28
Sales: SSRIx1011@6.62 KGCx1352@5.00 SANDx1052@6.34 WINTx4134@1.76 AUMNx4573@1.51 
Purchases: GRNx1901@3.61 MAGSx1603@4.28 SSFNx1294@5.30 XPLx5966@1.15 NTGRx247@27.70 

2013-04-17
Cash: 26.90
Held: XPLx5966@1.07 GRNx1901@3.93 NTGRx247@27.55 MAGSx1603@4.15 SSFNx1294@5.74 
Value: 34762.08
Sales: GRNx1901@3.93 NTGRx247@27.55 SSFNx1294@5.74 MAGSx1603@4.15 XPLx5966@1.07 
Purchases: SKLNx36602@0.19 CRUSx393@17.69 CNITx5942@1.17 KONEx3510@1.98 BMIx315@22.05 

2013-04-18
Cash: 10.77
Held: SKLNx36602@0.20 KONEx3510@1.98 BMIx315@21.38 CNITx5942@1.01 CRUSx393@17.77 
Value: 33995.87
Sales: CNITx5942@1.01 BMIx315@21.38 SKLNx36602@0.20 KONEx3510@1.98 CRUSx393@17.77 
Purchases: VUZIx2305@2.95 CYx704@9.66 NOKx2214@3.07 BCRXx3757@1.81 SVAx1832@3.71 

2013-04-21
Cash: 5.26
Held: SVAx1832@3.69 BCRXx3757@1.77 NOKx2214@3.15 VUZIx2305@2.50 CYx704@9.60 
Value: 32909.43
Sales: VUZIx2305@2.50 CYx704@9.60 BCRXx3757@1.77 NOKx2214@3.15 SVAx1832@3.69 
Purchases: DITx95@69.00 BPTHx13432@0.49 AIRMx173@37.91 RMBSx1100@5.98 BISx33@199.25 

2013-04-22
Cash: 61.33
Held: AIRMx173@37.81 DITx95@69.00 BPTHx13432@0.48 BISx33@197.25 RMBSx1100@6.04 
Value: 32757.21
Sales: DITx95@69.00 RMBSx1100@6.04 AIRMx173@37.81 BPTHx13432@0.48 BISx33@197.25 
Purchases: ASRx52@124.50 FSIx7706@0.85 AIRMx173@37.81 BPTHx13649@0.48 SBSx151@43.19 

2013-04-23
Cash: 118.23
Held: AIRMx173@37.12 SBSx151@44.31 FSIx7706@0.85 BPTHx13649@0.42 ASRx52@122.31 
Value: 31874.66
Sales: ASRx52@122.31 SBSx151@44.31 AIRMx173@37.12 BPTHx13649@0.42 FSIx7706@0.85 
Purchases: BSPMx1283@4.97 VISNx2690@2.37 ACURx492@12.95 ESNDx191@33.22 ESNCx21246@0.30 

2013-04-24
Cash: 34.21
Held: ESNCx21246@0.31 ESNDx191@33.31 VISNx2690@2.61 ACURx492@13.30 BSPMx1283@5.04 
Value: 33010.80
Sales: BSPMx1283@5.04 ESNCx21246@0.31 VISNx2690@2.61 ESNDx191@33.31 ACURx492@13.30 
Purchases: RHIx200@32.91 SCONx1692@3.90 WPCSx20627@0.32 PBBIx1164@5.67 RESx516@12.79 

2013-04-25
Cash: 26.82
Held: WPCSx20627@0.39 PBBIx1164@5.98 RHIx200@32.38 RESx516@12.97 SCONx1692@4.00 
Value: 34965.27
Sales: RHIx200@32.38 PBBIx1164@5.98 WPCSx20627@0.39 SCONx1692@4.00 RESx516@12.97 
Purchases: CRRx101@68.81 MLNXx134@52.09 CAIx265@26.34 AMEDx686@10.18 RJFx173@40.31 

2013-04-28
Cash: 96.23
Held: RJFx173@40.25 AMEDx686@10.20 CAIx265@25.75 MLNXx134@51.44 CRRx101@69.31 
Value: 34775.76
Sales: CRRx101@69.31 RJFx173@40.25 CAIx265@25.75 AMEDx686@10.20 MLNXx134@51.44 
Purchases: ITRIx177@39.16 DLAx517@13.43 DECKx128@54.12 MMSIx715@9.72 TNAVx1305@5.33 

2013-04-29
Cash: 71.84
Held: TNAVx1305@5.24 DLAx517@13.38 ITRIx177@39.66 MMSIx715@9.67 DECKx128@55.12 
Value: 34817.26
Sales: ITRIx177@39.66 DLAx517@13.38 DECKx128@55.12 MMSIx715@9.67 TNAVx1305@5.24 
Purchases: IGLDx2469@2.82 NTPx921@7.56 FVEx1472@4.73 CETVx1882@3.70 LXRXx3516@1.98 

2013-04-30
Cash: 3.94
Held: LXRXx3516@1.97 IGLDx2469@2.88 FVEx1472@4.55 NTPx921@7.66 CETVx1882@3.32 
Value: 34044.92
Sales: IGLDx2469@2.88 NTPx921@7.66 FVEx1472@4.55 CETVx1882@3.32 LXRXx3516@1.97 
Purchases: SBSx478@14.24 CRMDx11949@0.57 AOSLx948@7.18 NUANx358@18.97 DCTHx8961@0.76 

2013-05-01
Cash: 22.91
Held: SBSx478@14.31 DCTHx8961@0.79 AOSLx948@7.24 CRMDx11949@0.59 NUANx358@19.41 
Value: 34801.20
Sales: SBSx478@14.31 CRMDx11949@0.59 AOSLx948@7.24 NUANx358@19.41 DCTHx8961@0.79 
Purchases: FAROx210@33.00 XXIAx484@14.35 CRAYx403@17.27 RDCMx2635@2.64 COTx749@9.29 

2013-05-02
Cash: 51.44
Held: FAROx210@33.94 COTx749@9.06 RDCMx2635@4.06 XXIAx484@14.78 CRAYx403@16.66 
Value: 38527.11
Sales: FAROx210@33.94 XXIAx484@14.78 COTx749@9.06 RDCMx2635@4.06 CRAYx403@16.66 
Purchases: RAILx409@18.81 EBR.Bx1857@4.15 AVEOx3058@2.52 EBRx3094@2.49 ENGx25680@0.30 

2013-05-05
Cash: 14.39
Held: EBRx3094@2.41 AVEOx3058@2.34 ENGx25680@0.30 RAILx409@18.64 EBR.Bx1857@3.98 
Value: 37347.65
Sales: EBR.Bx1857@3.98 RAILx409@18.64 AVEOx3058@2.34 EBRx3094@2.41 ENGx25680@0.30 
Purchases: LTRXx4292@1.74 KONEx2839@2.63 ZAGGx1537@4.86 ARNAx993@7.52 DCTHx16600@0.45 

2013-05-06
Cash: 4.61
Held: ZAGGx1537@5.02 DCTHx16600@0.48 KONEx2839@2.60 LTRXx4292@1.78 ARNAx993@8.34 
Value: 38993.88
Sales: LTRXx4292@1.78 KONEx2839@2.60 ZAGGx1537@5.02 ARNAx993@8.34 DCTHx16600@0.48 
Purchases: PRTKx2068@3.77 USATPx421@18.50 APDNx607@12.84 HGSHx768@10.15 AXUx4407@1.77 

2013-05-07
Cash: 21.51
Held: APDNx607@13.02 AXUx4407@1.81 PRTKx2068@3.59 USATPx421@19.97 HGSHx768@10.30 
Value: 39640.15
Sales: PRTKx2068@3.59 USATPx421@19.97 APDNx607@13.02 HGSHx768@10.30 AXUx4407@1.81 
Purchases: BDEx891@8.89 DCOx440@18.02 MTSCx144@54.97 AMRIx778@10.18 LEUx21420@0.37 

2013-05-08
Cash: 28.52
Held: AMRIx778@10.45 DCOx440@18.69 LEUx21420@0.35 MTSCx144@55.41 BDEx891@8.96 
Value: 39845.34
Sales: MTSCx144@55.41 DCOx440@18.69 BDEx891@8.96 AMRIx778@10.45 LEUx21420@0.35 
Purchases: LIOXx2939@2.71 ESEx247@32.16 OCLRx7591@1.05 ACFCx1367@5.83 SALMx1016@7.84 

2013-05-09
Cash: 33.90
Held: LIOXx2939@2.55 ESEx247@32.94 SALMx1016@7.77 ACFCx1367@5.80 OCLRx7591@1.05 
Value: 39458.79
Sales: OCLRx7591@1.05 ESEx247@32.94 LIOXx2939@2.55 SALMx1016@7.77 ACFCx1367@5.80 
Purchases: WGx1093@7.22 NSYSx2334@3.38 KEMx1641@4.81 GSSx9742@0.81 GVx3344@2.36 

2013-05-12
Cash: 5.53
Held: GVx3344@2.48 WGx1093@7.42 KEMx1641@4.35 NSYSx2334@3.32 GSSx9742@0.77 
Value: 38804.38
Sales: WGx1093@7.42 GVx3344@2.48 KEMx1641@4.35 GSSx9742@0.77 NSYSx2334@3.32 
Purchases: MNGAx5792@1.34 MSONx1352@5.74 DRRXx7685@1.01 RILYx22820@0.34 EMKRx2275@3.41 

2013-05-13
Cash: 6.89
Held: EMKRx2275@3.34 DRRXx7685@1.02 MNGAx5792@1.49 MSONx1352@5.71 RILYx22820@0.38 
Value: 40461.68
Sales: EMKRx2275@3.34 MSONx1352@5.71 DRRXx7685@1.02 RILYx22820@0.38 MNGAx5792@1.49 
Purchases: SBLKx1335@6.06 FNCXx13719@0.59 GNVCx11236@0.72 PLGx8257@0.98 BKSx395@20.48 

2013-05-14
Cash: 6.03
Held: FNCXx13719@0.61 SBLKx1335@5.85 BKSx395@20.34 GNVCx11236@0.65 PLGx8257@1.05 
Value: 40190.90
Sales: SBLKx1335@5.85 FNCXx13719@0.61 GNVCx11236@0.65 PLGx8257@1.05 BKSx395@20.34 
Purchases: OPXAx4593@1.75 IFONx18271@0.44 MOSYx1950@4.12 SBOTx16076@0.50 TCIx1099@7.31 

2013-05-15
Cash: 8.71
Held: OPXAx4593@1.74 IFONx18271@0.44 TCIx1099@6.44 SBOTx16076@0.52 MOSYx1950@4.15 
Value: 39568.17
Sales: OPXAx4593@1.74 IFONx18271@0.44 MOSYx1950@4.15 SBOTx16076@0.52 TCIx1099@6.44 
Purchases: HSONx3630@2.18 CALIx2553@3.10 XRAx10840@0.73 VBFCx3976@1.99 VGZx6042@1.31 

2013-05-16
Cash: 4.01
Held: VGZx6042@1.23 VBFCx3976@1.88 CALIx2553@3.14 XRAx10840@0.70 HSONx3630@2.32 
Value: 38943.79
Sales: HSONx3630@2.32 CALIx2553@3.14 XRAx10840@0.70 VBFCx3976@1.88 VGZx6042@1.23 
Purchases: CJJDx11984@0.65 SNFCAx1232@6.32 PNTRx2434@3.20 APDNx570@13.65 CUTRx846@9.20 

2013-05-19
Cash: 16.38
Held: APDNx570@12.72 CJJDx11984@0.67 CUTRx846@9.13 PNTRx2434@3.10 SNFCAx1232@6.43 
Value: 38486.59
Sales: CJJDx11984@0.67 SNFCAx1232@6.43 PNTRx2434@3.10 APDNx570@12.72 CUTRx846@9.13 
Purchases: UNXLx296@25.95 MNGAx6579@1.17 FSIx9388@0.82 ADKx1620@4.75 WKHSx19742@0.39 

2013-05-20
Cash: 18.78
Held: MNGAx6579@1.25 ADKx1620@4.85 FSIx9388@0.82 UNXLx296@23.47 WKHSx19742@0.35 
Value: 37656.95
Sales: MNGAx6579@1.25 UNXLx296@23.47 ADKx1620@4.85 WKHSx19742@0.35 FSIx9388@0.82 
Purchases: RAVNx238@31.62 TISIx215@35.00 FCFPx2468@3.05 ALKx257@29.27 SGMOx960@7.84 

2013-05-21
Cash: 28.36
Held: RAVNx238@31.12 FCFPx2468@3.05 SGMOx960@7.81 TISIx215@35.38 ALKx257@28.78 
Value: 37464.09
Sales: TISIx215@35.38 RAVNx238@31.12 FCFPx2468@3.05 ALKx257@28.78 SGMOx960@7.81 
Purchases: NHTCx9730@0.77 HNPx180@41.50 DSSx2915@2.57 ARTWx978@7.66 UNXLx323@23.19 

2013-05-22
Cash: 28.15
Held: ARTWx978@7.65 DSSx2915@2.47 NHTCx9730@0.83 UNXLx323@22.34 HNPx180@42.12 
Value: 37586.61
Sales: NHTCx9730@0.83 HNPx180@42.12 DSSx2915@2.47 ARTWx978@7.65 UNXLx323@22.34 
Purchases: VUZIx1232@6.10 JASOx946@7.94 AMAGx342@21.94 AMSCx280@26.80 SOLx3212@2.34 

2013-05-23
Cash: 35.59
Held: AMSCx280@26.80 SOLx3212@2.16 JASOx946@8.03 AMAGx342@22.25 VUZIx1232@6.30 
Value: 37446.76
Sales: VUZIx1232@6.30 JASOx946@8.03 AMAGx342@22.25 AMSCx280@26.80 SOLx3212@2.16 
Purchases: CLNTx975@7.68 BIOPx5761@1.30 CRUSx431@17.36 APRIx290@25.80 BOSCx2318@3.23 

2013-05-27
Cash: 19.68
Held: CLNTx975@6.57 APRIx290@24.70 BOSCx2318@3.06 CRUSx431@17.61 BIOPx5761@1.30 
Value: 35761.80
Sales: BIOPx5761@1.30 CLNTx975@6.57 APRIx290@24.70 CRUSx431@17.61 BOSCx2318@3.06 
Purchases: STVx4333@1.65 HIHOx4017@1.78 TEUMx8413@0.85 SHLDx146@48.97 GMEx225@31.72 

2013-05-28
Cash: 21.27
Held: TEUMx8413@0.81 STVx4333@1.59 SHLDx146@50.22 GMEx225@31.81 HIHOx4017@1.74 
Value: 35205.36
Sales: STVx4333@1.59 TEUMx8413@0.81 SHLDx146@50.22 GMEx225@31.81 HIHOx4017@1.74 
Purchases: IDNx13540@0.52 RGSEx2339@3.01 GNVCx15307@0.46 ENOCx485@14.51 EXCx222@31.66 

2013-05-29
Cash: 19.86
Held: RGSEx2339@3.05 ENOCx485@14.03 GNVCx15307@0.40 EXCx222@31.50 IDNx13540@0.55 
Value: 34519.45
Sales: IDNx13540@0.55 RGSEx2339@3.05 GNVCx15307@0.40 ENOCx485@14.03 EXCx222@31.50 
Purchases: UNISx2001@3.45 OIBR.Cx3303@2.09 BGIx8029@0.86 ANIPx5523@1.25 NBLx116@59.09 

2013-05-30
Cash: 52.34
Held: ANIPx5523@1.22 NBLx116@57.66 OIBR.Cx3303@1.94 UNISx2001@3.31 BGIx8029@0.86 
Value: 33414.50
Sales: UNISx2001@3.31 OIBR.Cx3303@1.94 BGIx8029@0.86 ANIPx5523@1.22 NBLx116@57.66 
Purchases: HQCLx4177@1.60 ARTXx4229@1.58 BLDPx3908@1.71 DLHCx8355@0.80 WFMx128@51.88 

2013-06-02
Cash: 45.89
Held: ARTXx4229@1.50 DLHCx8355@0.87 WFMx128@52.38 HQCLx4177@1.63 BLDPx3908@1.75 
Value: 34010.24
Sales: HQCLx4177@1.63 ARTXx4229@1.50 BLDPx3908@1.75 WFMx128@52.38 DLHCx8355@0.87 
Purchases: EMITFx161@42.19 HPJx6671@1.02 LIVEx2710@2.51 NTLx400@16.98 MTLx2274@2.99 

2013-06-03
Cash: 21.75
Held: LIVEx2710@2.70 HPJx6671@1.10 EMITFx161@42.81 NTLx400@17.31 MTLx2274@2.95 
Value: 35196.46
Sales: EMITFx161@42.81 HPJx6671@1.10 LIVEx2710@2.70 NTLx400@17.31 MTLx2274@2.95 
Purchases: AEHRx5498@1.28 SCONx2285@3.08 ATHXx4400@1.60 BGGx319@22.02 RWCx2435@2.89 

2013-06-04
Cash: 19.60
Held: AEHRx5498@1.30 RWCx2435@2.89 BGGx319@21.39 ATHXx4400@1.59 SCONx2285@2.96 
Value: 34789.27
Sales: AEHRx5498@1.30 ATHXx4400@1.59 RWCx2435@2.89 SCONx2285@2.96 BGGx319@21.39 
Purchases: UAMYx5352@1.30 TTNPx15463@0.45 BTXx1743@3.99 RIGLx1932@3.60 VRMLx2342@2.97 

2013-06-05
Cash: 8.31
Held: BTXx1743@4.13 RIGLx1932@3.52 UAMYx5352@1.21 TTNPx15463@0.47 VRMLx2342@2.68 
Value: 34023.42
Sales: UAMYx5352@1.21 TTNPx15463@0.47 BTXx1743@4.13 RIGLx1932@3.52 VRMLx2342@2.68 
Purchases: FNCXx12376@0.55 VRTBx3910@1.74 NVGNx1620@4.20 ADMPx10973@0.62 NUROx3318@2.05 

2013-06-06
Cash: 2.95
Held: NUROx3318@2.03 VRTBx3910@1.70 NVGNx1620@3.86 FNCXx12376@0.68 ADMPx10973@0.69 
Value: 35624.69
Sales: FNCXx12376@0.68 VRTBx3910@1.70 NVGNx1620@3.86 ADMPx10973@0.69 NUROx3318@2.03 
Purchases: UAMYx5985@1.19 PAYx416@17.09 FFBCWx1386@5.14 HEBx29688@0.24 CBAKx6251@1.14 

2013-06-09
Cash: 15.29
Held: PAYx416@17.16 UAMYx5985@1.08 FFBCWx1386@5.14 HEBx29688@0.26 CBAKx6251@1.36 
Value: 36964.19
Sales: UAMYx5985@1.08 PAYx416@17.16 CBAKx6251@1.36 HEBx29688@0.26 FFBCWx1386@5.14 
Purchases: LQDTx219@33.62 NGx2957@2.50 AEMx238@31.05 IRMx259@28.50 RICx3932@1.88 

2013-06-10
Cash: 45.46
Held: AEMx238@30.20 RICx3932@1.74 NGx2957@2.41 LQDTx219@32.72 IRMx259@29.16 
Value: 35920.11
Sales: LQDTx219@32.72 IRMx259@29.16 AEMx238@30.20 RICx3932@1.74 NGx2957@2.41 
Purchases: SHIx233@30.77 GNRCx199@36.06 URTYx132@54.25 UPROx109@65.44 UMDDx115@62.47 

2013-06-11
Cash: 97.69
Held: GNRCx199@35.56 URTYx132@52.72 UPROx109@63.72 SHIx233@30.52 UMDDx115@60.78 
Value: 35178.83
Sales: SHIx233@30.52 UMDDx115@60.78 URTYx132@52.72 UPROx109@63.72 GNRCx199@35.56 
Purchases: UAMYx7329@0.96 NAVx228@30.73 YZCx785@8.95 LULUx109@64.31 GNMKx574@12.24 

2013-06-12
Cash: 70.56
Held: GNMKx574@12.03 UAMYx7329@1.15 YZCx785@8.99 NAVx228@31.09 LULUx109@66.81 
Value: 36838.51
Sales: UAMYx7329@1.15 LULUx109@66.81 GNMKx574@12.03 NAVx228@31.09 YZCx785@8.99 
Purchases: UNXLx519@14.19 NLSTx8187@0.90 FSLRx160@45.84 KNDIx1143@6.44 CBAKx6189@1.19 

2013-06-13
Cash: 42.60
Held: FSLRx160@44.72 KNDIx1143@6.27 NLSTx8187@0.89 UNXLx519@15.76 CBAKx6189@1.13 
Value: 36822.38
Sales: UNXLx519@15.76 FSLRx160@44.72 NLSTx8187@0.89 KNDIx1143@6.27 CBAKx6189@1.13 
Purchases: DVAXx640@11.50 SNGXx4632@1.59 CREGx7437@0.99 HOMBx357@20.61 BKSx380@19.38 

2013-06-16
Cash: 13.80
Held: CREGx7437@1.01 HOMBx357@20.98 BKSx380@19.44 DVAXx640@11.00 SNGXx4632@1.54 
Value: 36574.56
Sales: DVAXx640@11.00 SNGXx4632@1.54 BKSx380@19.44 HOMBx357@20.98 CREGx7437@1.01 
Purchases: RBCNx1037@7.05 AMSCx318@23.00 MYGNx274@26.62 CLSNx1344@5.44 DLHCx8922@0.82 

2013-06-17
Cash: 25.93
Held: AMSCx318@21.59 MYGNx274@26.44 DLHCx8922@0.83 RBCNx1037@7.18 CLSNx1344@5.90 
Value: 36915.41
Sales: RBCNx1037@7.18 AMSCx318@21.59 MYGNx274@26.44 CLSNx1344@5.90 DLHCx8922@0.83 
Purchases: CUOx487@15.15 FOLDx2930@2.52 ORMPx1153@6.40 VBFCx4242@1.74 BLINx1261@5.85 

2013-06-18
Cash: 17.60
Held: VBFCx4242@1.74 ORMPx1153@6.00 FOLDx2930@2.46 BLINx1261@5.55 CUOx487@15.03 
Value: 35847.97
Sales: CUOx487@15.03 FOLDx2930@2.46 ORMPx1153@6.00 VBFCx4242@1.74 BLINx1261@5.55 
Purchases: CYRXx3145@2.28 FROx3463@2.07 MMACx5195@1.38 BIOLx1876@3.82 BAAx7468@0.96 

2013-06-19
Cash: 5.71
Held: BAAx7468@0.82 FROx3463@1.88 CYRXx3145@1.97 MMACx5195@1.24 BIOLx1876@3.62 
Value: 32065.51
Sales: CYRXx3145@1.97 FROx3463@1.88 MMACx5195@1.24 BIOLx1876@3.62 BAAx7468@0.82 
Purchases: WVVIx1497@4.28 CEQPx4@1470.00 VNDAx764@8.39 NVMIx690@9.28 OIBR.Cx3563@1.80 

2013-06-20
Cash: 549.27
Held: WVVIx1497@4.49 CEQPx4@1621.00 OIBR.Cx3563@1.69 VNDAx764@8.27 NVMIx690@9.27 
Value: 32494.81
Sales: WVVIx1497@4.49 CEQPx4@1621.00 VNDAx764@8.27 NVMIx690@9.27 OIBR.Cx3563@1.69 
Purchases: FCELx5555@1.17 TGAx1120@5.80 FLOx301@21.55 EBIXx6133@1.06 BAAx8334@0.78 

2013-06-23
Cash: 16.33
Held: EBIXx6133@1.03 BAAx8334@0.72 FCELx5555@1.14 FLOx301@21.47 TGAx1120@5.82 
Value: 31648.86
Sales: FCELx5555@1.14 TGAx1120@5.82 FLOx301@21.47 EBIXx6133@1.03 BAAx8334@0.72 
Purchases: ANIPx6593@0.96 SNGXx6524@0.97 GNVCx18080@0.35 EBIXx6143@1.03 PMCx488@12.97 

2013-06-24
Cash: 2.67
Held: ANIPx6593@0.90 EBIXx6143@1.11 GNVCx18080@0.40 SNGXx6524@0.96 PMCx488@13.19 
Value: 32685.14
Sales: SNGXx6524@0.96 GNVCx18080@0.40 EBIXx6143@1.11 ANIPx6593@0.90 PMCx488@13.19 
Purchases: MNGAx8604@0.76 BSPMx1482@4.41 EEIx605@10.80 SRNEx21786@0.30 INSx5402@1.21 

2013-06-25
Cash: 7.08
Held: MNGAx8604@0.80 INSx5402@1.23 SRNEx21786@0.30 BSPMx1482@4.76 EEIx605@10.80 
Value: 33661.43
Sales: MNGAx8604@0.80 EEIx605@10.80 SRNEx21786@0.30 BSPMx1482@4.76 INSx5402@1.23 
Purchases: AVDx303@22.16 NCIx565@11.90 SGOCx3825@1.76 CAPRx134678@0.05 SOXSx419@16.05 

2013-06-26
Cash: 38.47
Held: SGOCx3825@1.84 CAPRx134678@0.05 AVDx303@22.94 NCIx565@12.05 SOXSx419@15.89 
Value: 34222.85
Sales: SGOCx3825@1.84 AVDx303@22.94 SOXSx419@15.89 CAPRx134678@0.05 NCIx565@12.05 
Purchases: CBMXx9@729.00 FCFSx139@48.91 APOLx396@17.28 AGQx112@60.69 GOROx839@8.16 

2013-06-27
Cash: 380.41
Held: AGQx112@68.00 FCFSx139@49.22 APOLx396@17.72 GOROx839@8.71 CBMXx9@715.50 
Value: 35602.42
Sales: FCFSx139@49.22 CBMXx9@715.50 APOLx396@17.72 AGQx112@68.00 GOROx839@8.71 
Purchases: TEUMx12071@0.59 IRCPx468@15.20 SIXx202@35.16 SMKx269@26.47 OGENx2297@3.10 

2013-06-30
Cash: 25.89
Held: TEUMx12071@0.62 SIXx202@36.84 SMKx269@25.84 OGENx2297@2.95 IRCPx468@16.02 
Value: 36175.40
Sales: SIXx202@36.84 IRCPx468@16.02 TEUMx12071@0.62 SMKx269@25.84 OGENx2297@2.95 
Purchases: ARNAx958@7.55 CDTIx1205@6.00 AMEDx647@11.17 AZZx196@36.88 BBRYx703@10.29 

2013-07-01
Cash: 22.84
Held: AMEDx647@10.87 AZZx196@35.75 ARNAx958@7.41 CDTIx1205@5.85 BBRYx703@9.70 
Value: 35032.27
Sales: AZZx196@35.75 CDTIx1205@5.85 AMEDx647@10.87 ARNAx958@7.41 BBRYx703@9.70 
Purchases: LTEAx70081@0.10 TXMDx2705@2.59 DSSx4026@1.74 MMSx194@36.00 IDCCx184@37.91 

2013-07-02
Cash: 55.42
Held: IDCCx184@38.00 DSSx4026@1.82 MMSx194@36.03 TXMDx2705@2.57 LTEAx70081@0.07 
Value: 33224.94
Sales: LTEAx70081@0.07 TXMDx2705@2.57 IDCCx184@38.00 MMSx194@36.03 DSSx4026@1.82 
Purchases: PLUGx23729@0.28 FOEx1059@6.27 LBJx333@19.91 SSYx8410@0.79 SNPx98@67.44 

2013-07-04
Cash: 58.80
Held: SNPx98@67.88 SSYx8410@0.71 FOEx1059@6.35 PLUGx23729@0.33 LBJx333@18.73 
Value: 33478.60
Sales: PLUGx23729@0.33 FOEx1059@6.35 LBJx333@18.73 SSYx8410@0.71 SNPx98@67.88 
Purchases: ABACx3015@2.22 LTEAx111599@0.06 PNRGx177@37.62 UQMx5441@1.23 OSTKx260@25.66 

2013-07-07
Cash: 62.28
Held: ABACx3015@2.24 OSTKx260@26.78 LTEAx111599@0.06 UQMx5441@1.18 PNRGx177@42.53 
Value: 34422.09
Sales: ABACx3015@2.24 LTEAx111599@0.06 PNRGx177@42.53 UQMx5441@1.18 OSTKx260@26.78 
Purchases: IMNPx98338@0.07 AIx282@24.39 WRLDx88@77.69 LEUx2325@2.96 KLDXx6316@1.09 

2013-07-08
Cash: 55.42
Held: IMNPx98338@0.06 KLDXx6316@1.09 LEUx2325@3.25 WRLDx88@76.00 AIx282@24.75 
Value: 34062.67
Sales: IMNPx98338@0.06 AIx282@24.75 WRLDx88@76.00 KLDXx6316@1.09 LEUx2325@3.25 
Purchases: BABYx578@11.78 THMx12390@0.55 GBRx6195@1.10 SPCBx12163@0.56 WYYx9729@0.70 

2013-07-09
Cash: 4.75
Held: WYYx9729@0.75 BABYx578@11.94 GBRx6195@1.06 THMx12390@0.59 SPCBx12163@0.60 
Value: 35372.57
Sales: BABYx578@11.94 THMx12390@0.59 GBRx6195@1.06 SPCBx12163@0.60 WYYx9729@0.75 
Purchases: LUNAx4314@1.64 ANWx841@8.41 ALGTx71@98.38 XXIAx495@14.27 HGSHx1068@6.62 

2013-07-10
Cash: 108.16
Held: ANWx841@8.55 XXIAx495@14.36 LUNAx4314@1.65 ALGTx71@100.50 HGSHx1068@6.68 
Value: 35793.16
Sales: LUNAx4314@1.65 ANWx841@8.55 ALGTx71@100.50 XXIAx495@14.36 HGSHx1068@6.68 
Purchases: AWXx2062@3.47 GALEx3728@1.92 IPASx3490@2.05 NBRx490@14.60 BKSx420@17.02 

2013-07-11
Cash: 20.55
Held: AWXx2062@3.50 GALEx3728@1.87 NBRx490@14.80 BKSx420@16.81 IPASx3490@2.02 
Value: 35569.23
Sales: GALEx3728@1.87 IPASx3490@2.02 BKSx420@16.81 NBRx490@14.80 AWXx2062@3.50 
Purchases: ALNx7905@0.90 INOx5781@1.23 FFHLx6839@1.04 SQQQx293@24.27 KNDIx1569@4.53 

2013-07-14
Cash: 9.98
Held: INOx5781@1.29 KNDIx1569@4.76 FFHLx6839@1.02 SQQQx293@24.08 ALNx7905@0.88 
Value: 35921.77
Sales: ALNx7905@0.88 INOx5781@1.29 FFHLx6839@1.02 SQQQx293@24.08 KNDIx1569@4.76 
Purchases: HRTx2956@2.43 DDPx271@26.50 MSLIx7484@0.96 ASMx8868@0.81 UPSx84@85.50 

2013-07-15
Cash: 8.16
Held: UPSx84@86.00 HRTx2956@2.45 MSLIx7484@1.03 DDPx271@26.23 ASMx8868@0.86 
Value: 36917.40
Sales: HRTx2956@2.45 DDPx271@26.23 UPSx84@86.00 ASMx8868@0.86 MSLIx7484@1.03 
Purchases: BGIx4644@1.59 CMDx291@25.34 GLBSx3927@1.88 RILYx21710@0.34 INGRx119@61.69 

2013-07-16
Cash: 52.72
Held: CMDx291@25.44 INGRx119@63.12 GLBSx3927@1.95 RILYx21710@0.34 BGIx4644@1.51 
Value: 37019.98
Sales: BGIx4644@1.51 CMDx291@25.44 GLBSx3927@1.95 RILYx21710@0.34 INGRx119@63.12 
Purchases: LQDTx250@29.59 MGIx361@20.48 APLPx247@29.89 HGSHx1415@5.23 DFBGx5250@1.41 

2013-07-17
Cash: 39.27
Held: APLPx247@30.02 LQDTx250@29.47 MGIx361@20.69 DFBGx5250@1.28 HGSHx1415@6.40 
Value: 38063.73
Sales: LQDTx250@29.47 MGIx361@20.69 APLPx247@30.02 HGSHx1415@6.40 DFBGx5250@1.28 
Purchases: ADXSx1870@4.07 MSNx4788@1.59 WNCx733@10.38 TGDx3461@2.20 RGSEx3069@2.48 

2013-07-18
Cash: 5.41
Held: ADXSx1870@3.86 RGSEx3069@2.50 TGDx3461@2.16 WNCx733@10.47 MSNx4788@1.71 
Value: 38232.13
Sales: ADXSx1870@3.86 RGSEx3069@2.50 MSNx4788@1.71 TGDx3461@2.16 WNCx733@10.47 
Purchases: GILTx1470@5.20 CFBKx5665@1.35 UQMx6646@1.15 JAKKx1146@6.67 ICCCx2216@3.45 

2013-07-21
Cash: 8.81
Held: JAKKx1146@6.32 UQMx6646@1.18 GILTx1470@5.20 ICCCx2216@3.55 CFBKx5665@1.50 
Value: 39100.97
Sales: GILTx1470@5.20 CFBKx5665@1.50 UQMx6646@1.18 JAKKx1146@6.32 ICCCx2216@3.55 
Purchases: TRQx1518@5.15 CYHx181@43.12 WPCSx2166@3.61 AMDx2004@3.90 ACTGx355@22.00 

2013-07-22
Cash: 35.73
Held: WPCSx2166@3.71 CYHx181@43.41 TRQx1518@5.23 ACTGx355@22.09 AMDx2004@3.66 
Value: 39048.24
Sales: TRQx1518@5.23 AMDx2004@3.66 WPCSx2166@3.71 CYHx181@43.41 ACTGx355@22.09 
Purchases: AEHRx5349@1.46 EVCx1324@5.90 DZZx1237@6.31 IGCx6506@1.20 APDNx737@10.59 

2013-07-23
Cash: 9.58
Held: APDNx737@10.74 AEHRx5349@1.41 EVCx1324@5.21 DZZx1237@6.60 IGCx6506@1.22 
Value: 38470.46
Sales: AEHRx5349@1.41 EVCx1324@5.21 IGCx6506@1.22 APDNx737@10.74 DZZx1237@6.60 
Purchases: OMEx888@8.66 STMx895@8.59 SILCx215@35.72 ALSKx3065@2.51 ALGTx82@92.88 

2013-07-24
Cash: 104.59
Held: ALSKx3065@2.58 STMx895@8.73 SILCx215@35.22 ALGTx82@93.75 OMEx888@8.84 
Value: 38935.58
Sales: OMEx888@8.84 STMx895@8.73 SILCx215@35.22 ALSKx3065@2.58 ALGTx82@93.75 
Purchases: SGOCx4185@1.86 SRPTx210@36.91 CADCx2237@3.48 VIRCx3522@2.21 SCKTx5369@1.45 

2013-07-25
Cash: 40.87
Held: SGOCx4185@1.81 SRPTx210@36.97 SCKTx5369@1.50 VIRCx3522@2.26 CADCx2237@3.60 
Value: 39442.08
Sales: SGOCx4185@1.81 SRPTx210@36.97 CADCx2237@3.60 VIRCx3522@2.26 SCKTx5369@1.50 
Purchases: RTx1016@7.76 CLFDx710@11.10 DHIx408@19.33 PHMx482@16.36 AEZSx56@139.00 

2013-07-28
Cash: 118.97
Held: CLFDx710@10.72 RTx1016@7.37 DHIx408@19.67 PHMx482@16.39 AEZSx56@139.00 
Value: 38928.72
Sales: RTx1016@7.37 CLFDx710@10.72 PHMx482@16.39 DHIx408@19.67 AEZSx56@139.00 
Purchases: ABAXx190@40.88 IPCIx4012@1.94 AIMCx305@25.45 EXPEx169@46.03 PTXx2302@3.38 

2013-07-29
Cash: 52.24
Held: ABAXx190@41.31 PTXx2302@3.35 AIMCx305@25.39 EXPEx169@47.50 IPCIx4012@1.84 
Value: 38765.51
Sales: ABAXx190@41.31 IPCIx4012@1.84 EXPEx169@47.50 AIMCx305@25.39 PTXx2302@3.35 
Purchases: DRAMx844@9.18 TRQx1972@3.93 CYOUx236@32.72 HAEx185@41.72 SOHUx123@62.88 

2013-07-30
Cash: 95.29
Held: HAEx185@42.22 TRQx1972@4.03 DRAMx844@9.21 SOHUx123@62.47 CYOUx236@32.53 
Value: 38990.45
Sales: TRQx1972@4.03 DRAMx844@9.21 CYOUx236@32.53 HAEx185@42.22 SOHUx123@62.47 
Purchases: MOSx189@41.09 TOPSx3899@2.00 IPIx610@12.78 OFIXx343@22.70 SQMx269@28.95 

2013-07-31
Cash: 53.61
Held: TOPSx3899@2.00 MOSx189@41.88 IPIx610@13.07 SQMx269@29.38 OFIXx343@22.75 
Value: 39444.00
Sales: MOSx189@41.88 OFIXx343@22.75 IPIx610@13.07 TOPSx3899@2.00 SQMx269@29.38 
Purchases: VUZIx4151@1.90 INFUx5403@1.46 JCPx541@14.58 BGFVx391@20.14 HDSNx3506@2.25 

2013-08-01
Cash: 17.06
Held: HDSNx3506@2.16 INFUx5403@1.46 JCPx541@14.28 BGFVx391@20.06 VUZIx4151@1.92 
Value: 39018.92
Sales: VUZIx4151@1.92 INFUx5403@1.46 JCPx541@14.28 BGFVx391@20.06 HDSNx3506@2.16 
Purchases: TIVOx415@18.77 BJRIx250@31.20 HALOx1106@7.05 DGICBx406@19.20 RELVx2786@2.80 

2013-08-04
Cash: 32.80
Held: RELVx2786@2.99 HALOx1106@7.24 DGICBx406@18.00 BJRIx250@31.80 TIVOx415@18.45 
Value: 39284.39
Sales: TIVOx415@18.45 DGICBx406@18.00 RELVx2786@2.99 HALOx1106@7.24 BJRIx250@31.80 
Purchases: XRMx679@11.56 IMKTAx305@25.69 UAMx838@9.37 URREx2244@3.50 ONx1036@7.58 

2013-08-05
Cash: 44.13
Held: XRMx679@11.58 IMKTAx305@25.72 ONx1036@7.50 URREx2244@3.45 UAMx838@9.18 
Value: 38952.52
Sales: XRMx679@11.58 IMKTAx305@25.72 UAMx838@9.18 URREx2244@3.45 ONx1036@7.50 
Purchases: ABCDx6136@1.27 RBPAAx4720@1.65 SSPx539@14.45 KONEx2450@3.18 IDCCx216@36.00 

2013-08-06
Cash: 16.36
Held: IDCCx216@36.75 RBPAAx4720@1.67 KONEx2450@3.45 SSPx539@14.44 ABCDx6136@1.27 
Value: 39858.64
Sales: SSPx539@14.44 ABCDx6136@1.27 RBPAAx4720@1.67 IDCCx216@36.75 KONEx2450@3.45 
Purchases: MDRx1184@6.73 SCONx4890@1.63 NLSx1202@6.63 CYRNx3254@2.45 TAx983@8.10 

2013-08-07
Cash: 18.10
Held: NLSx1202@6.66 CYRNx3254@2.50 MDRx1184@6.88 TAx983@7.72 SCONx4890@1.61 
Value: 39765.38
Sales: MDRx1184@6.88 SCONx4890@1.61 NLSx1202@6.66 CYRNx3254@2.50 TAx983@7.72 
Purchases: VCELx16231@0.49 YRCWx352@22.56 SPEXx503@15.79 HMNYx1169@6.80 BOSCx2668@2.98 

2013-08-08
Cash: 26.45
Held: VCELx16231@0.57 SPEXx503@16.61 YRCWx352@18.09 HMNYx1169@6.90 BOSCx2668@3.90 
Value: 42469.29
Sales: VCELx16231@0.57 YRCWx352@18.09 HMNYx1169@6.90 SPEXx503@16.61 BOSCx2668@3.90 
Purchases: OPXAx6199@1.37 LMIAx612@13.87 UAMx1093@7.77 XOMAx2113@4.02 CAMTx4800@1.77 

2013-08-11
Cash: 10.10
Held: OPXAx6199@1.36 CAMTx4800@1.68 XOMAx2113@3.87 UAMx1093@7.67 LMIAx612@13.40 
Value: 41266.12
Sales: OPXAx6199@1.36 LMIAx612@13.40 UAMx1093@7.67 XOMAx2113@3.87 CAMTx4800@1.68 
Purchases: GTN.Ax1188@6.94 GNVCx25785@0.32 IINx2807@2.94 OTELx909@9.07 DTRMx1443@5.72 

2013-08-12
Cash: 18.65
Held: IINx2807@2.75 DTRMx1443@5.04 OTELx909@8.69 GTN.Ax1188@6.53 GNVCx25785@0.29 
Value: 38143.99
Sales: GTN.Ax1188@6.53 OTELx909@8.69 IINx2807@2.75 GNVCx25785@0.29 DTRMx1443@5.04 
Purchases: NYNYx3127@2.44 MLSSx6870@1.11 GBRx5958@1.28 PGNXx1641@4.65 CREGx3450@2.21 

2013-08-13
Cash: 4.01
Held: PGNXx1641@4.78 CREGx3450@2.20 MLSSx6870@1.20 NYNYx3127@2.75 GBRx5958@1.22 
Value: 39549.07
Sales: NYNYx3127@2.75 MLSSx6870@1.20 GBRx5958@1.22 PGNXx1641@4.78 CREGx3450@2.20 
Purchases: CJJDx15819@0.50 ARLx2161@3.66 SPUx3954@2.00 WYYx11464@0.69 CHCIx532@14.84 

2013-08-14
Cash: 15.61
Held: SPUx3954@1.84 WYYx11464@0.72 CJJDx15819@0.50 CHCIx532@14.70 ARLx2161@3.79 
Value: 39466.62
Sales: CJJDx15819@0.50 ARLx2161@3.79 SPUx3954@1.84 WYYx11464@0.72 CHCIx532@14.70 
Purchases: CALIx3448@2.29 DFFNx60715@0.13 CAASx1116@7.07 CREEx141@55.94 GVx4726@1.67 

2013-08-15
Cash: 10.98
Held: GVx4726@1.62 CALIx3448@2.34 CREEx141@57.12 CAASx1116@7.32 DFFNx60715@0.13 
Value: 39852.78
Sales: GVx4726@1.62 DFFNx60715@0.13 CAASx1116@7.32 CREEx141@57.12 CALIx3448@2.34 
Purchases: ZSLx113@70.44 CNTFx1122@7.10 VRMLx3307@2.41 RILYx26564@0.30 OSIRx409@19.48 

2013-08-18
Cash: 15.39
Held: CNTFx1122@7.05 RILYx26564@0.30 ZSLx113@70.69 OSIRx409@20.00 VRMLx3307@2.21 
Value: 39376.12
Sales: ZSLx113@70.69 CNTFx1122@7.05 VRMLx3307@2.21 RILYx26564@0.30 OSIRx409@20.00 
Purchases: BORNx6508@1.21 PXLWx2029@3.88 EROx151@51.97 SRNEx1016@7.75 KOOLx6508@1.21 

2013-08-19
Cash: 31.73
Held: PXLWx2029@4.04 KOOLx6508@1.20 SRNEx1016@7.77 EROx151@51.97 BORNx6508@1.22 
Value: 39716.96
Sales: EROx151@51.97 BORNx6508@1.22 KOOLx6508@1.20 SRNEx1016@7.77 PXLWx2029@4.04 
Purchases: FSIx7496@1.06 HMNYx1551@5.12 OTIVx5190@1.53 WBKx278@28.52 CIEx321@24.67 

2013-08-20
Cash: 42.47
Held: FSIx7496@1.09 WBKx278@28.03 HMNYx1551@5.07 OTIVx5190@1.44 CIEx321@24.44 
Value: 39188.95
Sales: FSIx7496@1.09 OTIVx5190@1.44 WBKx278@28.03 HMNYx1551@5.07 CIEx321@24.44 
Purchases: PBIBx5404@1.45 CBAKx5761@1.36 LPTHx5225@1.50 DKSx169@46.28 BKSx540@14.49 

2013-08-21
Cash: 30.30
Held: PBIBx5404@1.45 DKSx169@46.50 LPTHx5225@1.45 BKSx540@14.46 CBAKx5761@1.38 
Value: 39061.33
Sales: PBIBx5404@1.45 LPTHx5225@1.45 DKSx169@46.50 CBAKx5761@1.38 BKSx540@14.46 
Purchases: WKHSx27898@0.28 SPLSx555@14.07 KTCCx768@10.17 STVx5242@1.49 SSNx16622@0.47 

2013-08-22
Cash: 4.39
Held: SSNx16622@0.47 STVx5242@1.47 WKHSx27898@0.34 SPLSx555@14.20 KTCCx768@10.01 
Value: 40577.06
Sales: WKHSx27898@0.34 STVx5242@1.47 SSNx16622@0.47 SPLSx555@14.20 KTCCx768@10.01 
Purchases: SGOCx2422@3.35 VUZIx3575@2.27 BONTx647@12.53 SHLDx204@39.59 EVLVx1666@4.87 

2013-08-25
Cash: 50.64
Held: SGOCx2422@3.23 SHLDx204@39.34 EVLVx1666@5.01 BONTx647@12.07 VUZIx3575@2.35 
Value: 40459.83
Sales: SGOCx2422@3.23 VUZIx3575@2.35 BONTx647@12.07 SHLDx204@39.34 EVLVx1666@5.01 
Purchases: ZSLx127@63.47 BHx18@429.75 DSGXx750@10.79 NFECx4108@1.97 HIBBx152@53.09 

2013-08-26
Cash: 410.12
Held: NFECx4108@1.94 DSGXx750@10.72 HIBBx152@52.25 ZSLx127@62.69 BHx18@408.50 
Value: 39676.78
Sales: ZSLx127@62.69 BHx18@408.50 DSGXx750@10.72 NFECx4108@1.94 HIBBx152@52.25 
Purchases: TSNx272@29.12 TGCx20888@0.38 TOPSx3744@2.12 RIGLx2552@3.11 CNTFx1380@5.75 

2013-08-27
Cash: 15.60
Held: TOPSx3744@2.15 CNTFx1380@5.95 TGCx20888@0.42 RIGLx2552@3.07 TSNx272@28.45 
Value: 40622.60
Sales: TSNx272@28.45 CNTFx1380@5.95 TOPSx3744@2.15 RIGLx2552@3.07 TGCx20888@0.42 
Purchases: GSSx14005@0.58 THMx13321@0.61 FFHLx6153@1.32 SPCBx1592@5.10 VGZx10158@0.80 

2013-08-28
Cash: 4.63
Held: VGZx10158@0.81 FFHLx6153@1.29 THMx13321@0.60 GSSx14005@0.60 SPCBx1592@4.88 
Value: 40336.30
Sales: SPCBx1592@4.88 THMx13321@0.60 FFHLx6153@1.29 GSSx14005@0.60 VGZx10158@0.81 
Purchases: FROx3162@2.55 XCRAx1921@4.20 SKLNx23042@0.35 RNNx21796@0.37 PRKRx2241@3.60 

2013-08-29
Cash: 3.28
Held: XCRAx1921@4.06 SKLNx23042@0.34 FROx3162@2.42 PRKRx2241@3.31 RNNx21796@0.38 
Value: 38986.80
Sales: FROx3162@2.42 SKLNx23042@0.34 XCRAx1921@4.06 RNNx21796@0.38 PRKRx2241@3.31 
Purchases: CVVx695@11.22 LARKx393@19.81 SHIPx5413@1.44 GCOx126@61.69 NGx2845@2.74 

2013-09-02
Cash: 37.82
Held: SHIPx5413@1.35 GCOx126@61.88 CVVx695@11.68 NGx2845@2.83 LARKx393@19.80 
Value: 39088.63
Sales: CVVx695@11.68 LARKx393@19.80 SHIPx5413@1.35 GCOx126@61.88 NGx2845@2.83 
Purchases: ATAIx1737@4.50 DFFNx111670@0.07 INSGx2704@2.89 TROVx982@7.96 KOOLx7742@1.01 

2013-09-03
Cash: 2.92
Held: KOOLx7742@1.02 ATAIx1737@4.67 INSGx2704@2.90 DFFNx111670@0.07 TROVx982@7.84 
Value: 39370.28
Sales: ATAIx1737@4.67 DFFNx111670@0.07 INSGx2704@2.90 TROVx982@7.84 KOOLx7742@1.02 
Purchases: BIOSx694@11.34 CYRXx1772@4.44 KONEx3514@2.24 ADKx1883@4.18 LEUx554@14.21 

2013-09-04
Cash: 12.15
Held: ADKx1883@4.18 KONEx3514@2.72 LEUx554@13.60 CYRXx1772@4.20 BIOSx694@11.58 
Value: 40454.55
Sales: BIOSx694@11.58 CYRXx1772@4.20 LEUx554@13.60 ADKx1883@4.18 KONEx3514@2.72 
Purchases: SOXSx143@56.34 OCLRx9089@0.89 ARQLx3627@2.23 URREx2888@2.80 OPKx956@8.46 

2013-09-05
Cash: 39.72
Held: OPKx956@8.49 ARQLx3627@2.24 URREx2888@2.62 SOXSx143@56.91 OCLRx9089@0.91 
Value: 40257.66
Sales: SOXSx143@56.91 OCLRx9089@0.91 URREx2888@2.62 ARQLx3627@2.24 OPKx956@8.49 
Purchases: FFHLx5552@1.45 REXx287@28.05 MINDx549@14.66 DSSx6601@1.22 DVAXx682@11.80 

