2013-10-28
Cash: 10000.00
Held: 
Value: 10000.00
Sales: 
Purchases: MDGLx410@4.87 NTNx3923@0.51 COYNx449@4.45 DDEx1298@1.54 SOHUx29@67.88 

2013-10-29
Cash: 38.00
Held: MDGLx410@4.43 DDEx1298@1.54 SOHUx29@66.38 NTNx3923@0.50 COYNx449@4.25 
Value: 9647.76
Sales: MDGLx410@4.43 NTNx3923@0.50 COYNx449@4.25 DDEx1298@1.54 SOHUx29@66.38 
Purchases: DCOx77@24.88 DANx101@18.95 YRCWx207@9.30 SANMx130@14.81 DHXx256@7.51 

2013-10-30
Cash: 45.04
Held: DCOx77@24.86 SANMx130@14.56 DHXx256@7.38 YRCWx207@9.52 DANx101@19.59 
Value: 9691.66
Sales: DCOx77@24.86 DANx101@19.59 SANMx130@14.56 YRCWx207@9.52 DHXx256@7.38 
Purchases: DLRx40@47.66 ACCOx331@5.85 BBOXx77@25.05 PRXLx42@45.72 AUDCx318@6.09 

2013-10-31
Cash: 63.18
Held: BBOXx77@24.23 DLRx40@48.50 ACCOx331@5.85 PRXLx42@45.19 AUDCx318@6.45 
Value: 9754.82
Sales: DLRx40@48.50 ACCOx331@5.85 BBOXx77@24.23 PRXLx42@45.19 AUDCx318@6.45 
Purchases: STRAx51@37.84 SPRTx442@4.41 BYDx189@10.32 NEOGx42@45.41 CTHRx375@5.19 

2013-11-03
Cash: 71.12
Held: BYDx189@10.21 CTHRx375@4.99 NEOGx42@47.38 SPRTx442@4.52 STRAx51@37.84 
Value: 9789.01
Sales: STRAx51@37.84 BYDx189@10.21 CTHRx375@4.99 NEOGx42@47.38 SPRTx442@4.52 
Purchases: GECx1439@1.36 NSPx55@35.31 CRD.Bx197@9.91 MUXx998@1.96 AUMNx2965@0.66 

2013-11-04
Cash: 24.34
Held: MUXx998@1.89 CRD.Bx197@9.59 NSPx55@34.62 AUMNx2965@0.63 GECx1439@1.43 
Value: 9629.47
Sales: NSPx55@34.62 GECx1439@1.43 CRD.Bx197@9.59 MUXx998@1.89 AUMNx2965@0.63 
Purchases: PENNx141@13.61 CETVx841@2.29 UTSIx816@2.36 TCXx776@2.48 HBIOx441@4.36 

2013-11-05
Cash: 12.87
Held: PENNx141@13.26 TCXx776@2.52 HBIOx441@4.15 UTSIx816@2.39 CETVx841@2.28 
Value: 9534.48
Sales: PENNx141@13.26 CETVx841@2.28 UTSIx816@2.39 HBIOx441@4.15 TCXx776@2.52 
Purchases: CUTRx221@8.60 IMMUx557@3.42 IMGNx146@13.01 RADAx1162@1.64 LEUx344@5.54 

2013-11-06
Cash: 18.79
Held: RADAx1162@1.71 CUTRx221@8.49 LEUx344@5.20 IMMUx557@3.45 IMGNx146@12.76 
Value: 9454.92
Sales: IMGNx146@12.76 IMMUx557@3.45 CUTRx221@8.49 RADAx1162@1.71 LEUx344@5.20 
Purchases: CYTXx45@41.69 QUADx71@26.44 ANFx57@33.00 NAVBx1350@1.40 HPJx892@2.12 

2013-11-07
Cash: 40.12
Held: HPJx892@2.13 QUADx71@25.20 ANFx57@34.38 CYTXx45@38.69 NAVBx1350@1.53 
Value: 9496.45
Sales: CYTXx45@38.69 HPJx892@2.13 ANFx57@34.38 NAVBx1350@1.53 QUADx71@25.20 
Purchases: YRCWx211@8.98 PLPCx26@72.81 VISNx336@5.65 XTLBx432@4.39 NXTMx187@10.16 

2013-11-10
Cash: 15.43
Held: XTLBx432@4.40 NXTMx187@9.83 VISNx336@9.10 PLPCx26@71.25 YRCWx211@10.64 
Value: 10909.21
Sales: YRCWx211@10.64 PLPCx26@71.25 VISNx336@9.10 XTLBx432@4.40 NXTMx187@9.83 
Purchases: NTWKx421@5.17 ESNCx3408@0.64 HGSHx569@3.83 NUROx1192@1.83 MBVXx1691@1.29 

2013-11-11
Cash: 8.04
Held: NUROx1192@2.13 ESNCx3408@0.67 NTWKx421@5.11 HGSHx569@5.56 MBVXx1691@1.55 
Value: 12765.72
Sales: NTWKx421@5.11 ESNCx3408@0.67 HGSHx569@5.56 NUROx1192@2.13 MBVXx1691@1.55 
Purchases: ADXSx785@3.25 EGHTx259@9.84 NYNYx515@4.95 TEARx238@10.72 AEHRx1144@2.23 

2013-11-12
Cash: 13.38
Held: ADXSx785@3.09 AEHRx1144@2.30 EGHTx259@9.63 NYNYx515@5.20 TEARx238@9.54 
Value: 12513.79
Sales: ADXSx785@3.09 AEHRx1144@2.30 EGHTx259@9.63 TEARx238@9.54 NYNYx515@5.20 
Purchases: HNRx884@2.83 NETEx689@3.63 SRPTx194@12.89 AMEDx193@12.96 PEIXx919@2.72 

2013-11-13
Cash: 7.77
Held: HNRx884@2.87 SRPTx194@14.41 AMEDx193@13.77 PEIXx919@2.43 NETEx689@3.26 
Value: 12476.04
Sales: SRPTx194@14.41 NETEx689@3.26 HNRx884@2.87 AMEDx193@13.77 PEIXx919@2.43 
Purchases: CLNTx439@5.68 CWCOx214@11.63 PERYx167@14.90 NLSTx4023@0.62 CDXSx1862@1.34 

2013-11-14
Cash: 15.67
Held: PERYx167@14.74 NLSTx4023@0.60 CWCOx214@11.54 CLNTx439@5.88 CDXSx1862@1.29 
Value: 12344.06
Sales: CWCOx214@11.54 PERYx167@14.74 NLSTx4023@0.60 CDXSx1862@1.29 CLNTx439@5.88 
Purchases: QBAKx2396@1.03 PYDSx30853@0.08 AXNx11223@0.22 CNTYx480@5.14 ENGx1656@1.49 

2013-11-17
Cash: 2.70
Held: CNTYx480@4.73 ENGx1656@1.50 AXNx11223@0.22 PYDSx30853@0.08 QBAKx2396@1.03 
Value: 12163.36
Sales: QBAKx2396@1.03 PYDSx30853@0.08 AXNx11223@0.22 CNTYx480@4.73 ENGx1656@1.50 
Purchases: SANWx500@4.86 MMACx2043@1.19 CETx116@20.91 ESNCx4678@0.52 CREGx661@3.68 

2013-11-18
Cash: 11.58
Held: ESNCx4678@0.46 CREGx661@3.33 SANWx500@5.00 MMACx2043@1.18 CETx116@20.81 
Value: 11688.81
Sales: ESNCx4678@0.46 MMACx2043@1.18 CETx116@20.81 SANWx500@5.00 CREGx661@3.33 
Purchases: BGIx1382@1.69 STRMx342@6.83 CLNTx438@5.33 VNDAx194@11.99 DXTRx2597@0.90 

2013-11-19
Cash: 20.17
Held: CLNTx438@5.25 DXTRx2597@0.93 BGIx1382@1.74 VNDAx194@11.62 STRMx342@6.64 
Value: 11665.16
Sales: BGIx1382@1.74 STRMx342@6.64 CLNTx438@5.25 VNDAx194@11.62 DXTRx2597@0.93 
Purchases: YTENx2810@0.83 YGEx431@5.41 BSPMx168@13.86 AMRIx206@11.27 BBYx60@38.72 

2013-11-20
Cash: 27.04
Held: AMRIx206@11.43 BBYx60@39.06 YTENx2810@0.84 YGEx431@5.70 BSPMx168@13.93 
Value: 11881.82
Sales: YGEx431@5.70 YTENx2810@0.84 BSPMx168@13.93 AMRIx206@11.43 BBYx60@39.06 
Purchases: NETEx970@2.45 TOPSx1638@1.45 SAx319@7.43 SQMx94@25.25 AEZSx23@103.00 

2013-11-21
Cash: 18.08
Held: TOPSx1638@1.39 SAx319@7.31 NETEx970@2.47 SQMx94@24.78 AEZSx23@105.00 
Value: 11766.79
Sales: SAx319@7.31 TOPSx1638@1.39 NETEx970@2.47 SQMx94@24.78 AEZSx23@105.00 
Purchases: SGOCx564@4.17 FFHLx2159@1.09 DGLYx286@8.22 WTTx1115@2.11 SMRTx163@14.44 

2013-11-24
Cash: 5.05
Held: SGOCx564@3.79 WTTx1115@2.07 SMRTx163@14.74 FFHLx2159@1.09 DGLYx286@7.57 
Value: 11371.54
Sales: SGOCx564@3.79 FFHLx2159@1.09 SMRTx163@14.74 WTTx1115@2.07 DGLYx286@7.57 
Purchases: CBMXx3@607.50 LNDCx202@11.25 OLEDx64@35.16 REFRx337@6.73 NATx285@7.96 

2013-11-25
Cash: 489.50
Held: LNDCx202@11.36 OLEDx64@36.25 NATx285@7.76 REFRx337@6.88 CBMXx3@607.50 
Value: 11456.88
Sales: CBMXx3@607.50 LNDCx202@11.36 OLEDx64@36.25 REFRx337@6.88 NATx285@7.76 
Purchases: MTEXx108@21.03 BORNx1324@1.73 RCONx561@4.08 EVIx666@3.44 FRDx268@8.55 

2013-11-26
Cash: 25.30
Held: EVIx666@3.57 RCONx561@3.79 FRDx268@8.50 MTEXx108@21.11 BORNx1324@1.83 
Value: 11509.62
Sales: MTEXx108@21.11 EVIx666@3.57 RCONx561@3.79 BORNx1324@1.83 FRDx268@8.50 
Purchases: IQNTx206@11.13 CBRLx21@108.81 GNVCx1353@1.70 ARIAx507@4.54 QRHCx920@2.50 

2013-11-28
Cash: 29.53
Held: QRHCx920@2.85 ARIAx507@4.84 CBRLx21@108.50 IQNTx206@11.59 GNVCx1353@1.66 
Value: 12017.98
Sales: IQNTx206@11.59 CBRLx21@108.50 GNVCx1353@1.66 ARIAx507@4.84 QRHCx920@2.85 
Purchases: USAKx170@14.13 EBR.Bx535@4.49 ZUMZx86@27.77 GIGAx2357@1.02 NFXx85@28.09 

2013-12-01
Cash: 35.32
Held: ZUMZx86@27.56 GIGAx2357@1.13 NFXx85@28.30 USAKx170@14.47 EBR.Bx535@4.34 
Value: 12255.57
Sales: USAKx170@14.47 EBR.Bx535@4.34 ZUMZx86@27.56 GIGAx2357@1.13 NFXx85@28.30 
Purchases: WTIx144@16.91 FTNTx146@16.77 UEPSx303@8.07 CAPRx1089@2.25 RDCMx540@4.54 

2013-12-02
Cash: 26.64
Held: CAPRx1089@2.30 RDCMx540@4.77 WTIx144@16.70 UEPSx303@7.99 FTNTx146@17.06 
Value: 12424.56
Sales: WTIx144@16.70 FTNTx146@17.06 RDCMx540@4.77 CAPRx1089@2.30 UEPSx303@7.99 
Purchases: CYRXx530@4.68 RFILx242@10.23 EDNx356@6.96 AMTXx1178@2.11 CIEx141@17.52 

2013-12-03
Cash: 36.86
Held: EDNx356@6.99 RFILx242@9.68 AMTXx1178@2.40 CYRXx530@4.74 CIEx141@17.72 
Value: 12704.46
Sales: CYRXx530@4.74 RFILx242@9.68 EDNx356@6.99 CIEx141@17.72 AMTXx1178@2.40 
Purchases: ELTKx1045@2.43 MFINx159@15.89 LDOSx61@41.44 XRAx4621@0.55 PDLIx303@8.36 

2013-12-04
Cash: 37.61
Held: XRAx4621@0.55 LDOSx61@41.38 PDLIx303@8.10 MFINx159@15.77 ELTKx1045@2.31 
Value: 12479.40
Sales: ELTKx1045@2.31 MFINx159@15.77 LDOSx61@41.38 XRAx4621@0.55 PDLIx303@8.10 
Purchases: TRQx740@3.37 GIGx1512@1.65 VLGEAx73@33.78 SHLDx49@49.97 IHTx1540@1.62 

2013-12-05
Cash: 81.36
Held: IHTx1540@1.62 SHLDx49@48.09 TRQx740@3.35 GIGx1512@1.61 VLGEAx73@33.62 
Value: 12301.13
Sales: TRQx740@3.35 GIGx1512@1.61 VLGEAx73@33.62 SHLDx49@48.09 IHTx1540@1.62 
Purchases: REIx222@11.05 CEQPx1@1297.00 NWYx576@4.27 KERXx192@12.75 SOLx814@3.02 

2013-12-08
Cash: 1186.57
Held: CEQPx1@1330.00 NWYx576@4.26 REIx222@11.48 SOLx814@2.99 KERXx192@12.59 
Value: 12371.17
Sales: REIx222@11.48 CEQPx1@1330.00 NWYx576@4.26 KERXx192@12.59 SOLx814@2.99 
Purchases: SEACx215@11.50 CALIx661@3.74 ULTAx27@90.19 SOLx827@2.99 BIGx79@31.23 

2013-12-09
Cash: 50.87
Held: CALIx661@3.78 ULTAx27@94.38 SOLx827@3.10 SEACx215@11.36 BIGx79@30.69 
Value: 12527.07
Sales: SEACx215@11.36 CALIx661@3.78 ULTAx27@94.38 SOLx827@3.10 BIGx79@30.69 
Purchases: ODCx72@34.41 GBRx1518@1.65 ARRYx492@5.09 XTLBx835@3.00 CRISx904@2.77 

2013-12-10
Cash: 31.67
Held: XTLBx835@3.00 ODCx72@33.19 CRISx904@2.46 ARRYx492@4.86 GBRx1518@1.60 
Value: 11969.87
Sales: ODCx72@33.19 GBRx1518@1.60 ARRYx492@4.86 XTLBx835@3.00 CRISx904@2.46 
Purchases: GASSx228@10.47 TGTXx691@3.46 QRHCx1123@2.13 CAPRx993@2.41 HIHOx741@3.23 

2013-12-11
Cash: 11.47
Held: GASSx228@9.88 CAPRx993@2.62 QRHCx1123@2.05 HIHOx741@3.09 TGTXx691@3.69 
Value: 12007.57
Sales: GASSx228@9.88 TGTXx691@3.69 QRHCx1123@2.05 CAPRx993@2.62 HIHOx741@3.09 
Purchases: AEHRx923@2.60 GRFx311@7.72 LHx27@87.75 INFIx181@13.26 OPKx254@9.42 

2013-12-12
Cash: 45.53
Held: GRFx311@7.66 LHx27@89.12 AEHRx923@2.76 INFIx181@12.96 OPKx254@8.97 
Value: 12005.47
Sales: GRFx311@7.66 AEHRx923@2.76 INFIx181@12.96 LHx27@89.12 OPKx254@8.97 
Purchases: EVIx723@3.32 IMUCx2355@1.02 SIGMx535@4.48 SYNx2355@1.02 AFSIx142@16.81 

2013-12-15
Cash: 18.47
Held: EVIx723@2.96 IMUCx2355@0.90 SIGMx535@4.17 SYNx2355@1.00 AFSIx142@17.62 
Value: 11368.20
Sales: EVIx723@2.96 IMUCx2355@0.90 SIGMx535@4.17 SYNx2355@1.00 AFSIx142@17.62 
Purchases: RGSEx1047@2.17 SNOAx584@3.89 INVTx2012@1.13 AVEOx1353@1.68 MNOVx984@2.31 

2013-12-16
Cash: 4.65
Held: RGSEx1047@2.29 INVTx2012@1.24 AVEOx1353@1.62 SNOAx584@3.67 MNOVx984@2.30 
Value: 11495.87
Sales: RGSEx1047@2.29 INVTx2012@1.24 AVEOx1353@1.62 MNOVx984@2.30 SNOAx584@3.67 
Purchases: EMITFx157@14.60 TTMIx300@7.64 IFMIx1127@2.04 RIBTx488@4.71 ADUSx99@23.19 

2013-12-17
Cash: 18.71
Held: ADUSx99@23.58 IFMIx1127@2.07 EMITFx157@14.08 TTMIx300@7.87 RIBTx488@4.57 
Value: 11488.09
Sales: EMITFx157@14.08 TTMIx300@7.87 IFMIx1127@2.07 RIBTx488@4.57 ADUSx99@23.58 
Purchases: FPAYx3828@0.60 CBMXx4@501.75 RMTIx218@10.52 CBIOx85@26.95 

2013-12-18
Cash: 2598.80
Held: RMTIx218@11.15 FPAYx3828@0.60 CBMXx4@504.00 CBIOx85@26.95 
Value: 11633.34
Sales: FPAYx3828@0.60 CBMXx4@504.00 RMTIx218@11.15 CBIOx85@26.95 
Purchases: ZNx1593@1.46 GCHx231@10.04 IMUCx3230@0.72 ABEx168@13.82 BGRx98@23.61 

2013-12-19
Cash: 26.78
Held: IMUCx3230@0.81 GCHx231@10.11 ZNx1593@1.45 ABEx168@13.74 BGRx98@23.72 
Value: 11921.82
Sales: GCHx231@10.11 IMUCx3230@0.81 ZNx1593@1.45 BGRx98@23.72 ABEx168@13.74 
Purchases: WGOx90@26.48 IECx627@3.80 RADx477@4.99 CHNx118@20.08 SMTCx98@24.20 

2013-12-22
Cash: 34.60
Held: CHNx118@20.08 SMTCx98@24.98 WGOx90@27.36 IECx627@3.81 RADx477@5.24 
Value: 12202.50
Sales: WGOx90@27.36 RADx477@5.24 IECx627@3.81 CHNx118@20.08 SMTCx98@24.98 
Purchases: MDx46@52.69 CYRXx674@3.62 NTNx3755@0.65 IDCCx84@28.72 KMXx51@47.44 

2013-12-23
Cash: 67.51
Held: IDCCx84@29.92 MDx46@52.88 CYRXx674@4.04 NTNx3755@0.63 KMXx51@47.59 
Value: 12528.02
Sales: MDx46@52.88 CYRXx674@4.04 KMXx51@47.59 IDCCx84@29.92 NTNx3755@0.63 
Purchases: TATx3093@0.81 NAKx1883@1.33 YGEx547@4.58 INUVx1883@1.33 SCKTx2947@0.85 

2013-12-25
Cash: 3.96
Held: SCKTx2947@0.77 INUVx1883@1.32 NAKx1883@1.20 YGEx547@4.63 TATx3093@0.82 
Value: 12087.05
Sales: TATx3093@0.82 NAKx1883@1.20 YGEx547@4.63 INUVx1883@1.32 SCKTx2947@0.77 
Purchases: ABEOx10511@0.23 ARCWx223@10.81 ASURx445@5.43 CYBx95@25.39 BVXx1178@2.05 

2013-12-26
Cash: 14.40
Held: CYBx95@25.42 ASURx445@5.63 ABEOx10511@0.26 ARCWx223@11.64 BVXx1178@2.05 
Value: 12678.98
Sales: ABEOx10511@0.26 CYBx95@25.42 ARCWx223@11.64 BVXx1178@2.05 ASURx445@5.63 
Purchases: EMITFx183@13.80 KEFx313@8.09 SUMRx1440@1.76 MHHx180@14.05 PTYx144@17.55 

2013-12-29
Cash: 31.56
Held: PTYx144@17.33 KEFx313@8.22 MHHx180@14.40 EMITFx183@19.41 SUMRx1440@1.82 
Value: 13863.59
Sales: EMITFx183@19.41 KEFx313@8.22 MHHx180@14.40 PTYx144@17.33 SUMRx1440@1.82 
Purchases: AGFx215@12.89 GFx139@19.94 EDNx546@5.08 INXXx261@10.62 IFx337@8.22 

2013-12-30
Cash: 7.33
Held: AGFx215@12.64 GFx139@19.94 EDNx546@5.06 INXXx261@10.64 IFx337@8.26 
Value: 13818.46
Sales: AGFx215@12.64 IFx337@8.26 EDNx546@5.06 INXXx261@10.64 GFx139@19.94 
Purchases: TSRIx822@3.36 PZZAx60@45.41 DYNTx666@4.15 IGLDx322@8.56 ESNCx3104@0.89 

2014-01-01
Cash: 49.71
Held: ESNCx3104@0.89 DYNTx666@4.17 PZZAx60@45.31 TSRIx822@3.67 IGLDx322@8.81 
Value: 14164.21
Sales: TSRIx822@3.67 ESNCx3104@0.89 DYNTx666@4.17 IGLDx322@8.81 PZZAx60@45.31 
Purchases: GYROx238@11.89 FTEKx400@7.07 TCFCx138@20.50 DGICBx121@23.41 UNXLx283@9.99 

2014-01-02
Cash: 17.17
Held: TCFCx138@20.80 DGICBx121@23.12 FTEKx400@7.89 UNXLx283@9.49 GYROx238@10.79 
Value: 14095.60
Sales: UNXLx283@9.49 FTEKx400@7.89 DGICBx121@23.12 TCFCx138@20.80 GYROx238@10.79 
Purchases: EDCx27@101.06 THDx45@62.00 VHIx177@15.84 YZCx344@8.18 

2014-01-05
Cash: 2958.76
Held: EDCx27@98.06 YZCx344@8.23 VHIx177@15.95 THDx45@62.50 
Value: 14072.59
Sales: EDCx27@98.06 THDx45@62.50 YZCx344@8.23 VHIx177@15.95 
Purchases: IDNx5863@0.48 AXNx12238@0.23 CTRPx253@11.11 ATLCx847@3.32 LEUx471@5.97 

2014-01-06
Cash: 9.70
Held: CTRPx253@11.50 LEUx471@5.40 AXNx12238@0.24 ATLCx847@3.29 IDNx5863@0.56 
Value: 14468.33
Sales: IDNx5863@0.56 ATLCx847@3.29 CTRPx253@11.50 AXNx12238@0.24 LEUx471@5.40 
Purchases: TKFx264@10.95 GYROx370@7.82 PRANx465@6.22 ODPx599@4.83 CHNRx311@9.30 

2014-01-07
Cash: 8.09
Held: TKFx264@10.71 CHNRx311@9.48 ODPx599@4.95 GYROx370@8.30 PRANx465@6.24 
Value: 14718.22
Sales: TKFx264@10.71 CHNRx311@9.48 PRANx465@6.24 GYROx370@8.30 ODPx599@4.95 
Purchases: VUZIx806@3.65 HGGx260@11.28 EDUCx928@3.17 LEUx566@5.20 ASMx2495@1.18 

2014-01-08
Cash: 15.11
Held: EDUCx928@3.10 LEUx566@5.11 HGGx260@10.76 ASMx2495@1.15 VUZIx806@3.60 
Value: 14352.00
Sales: VUZIx806@3.60 HGGx260@10.76 EDUCx928@3.10 LEUx566@5.11 ASMx2495@1.15 
Purchases: FPAYx4099@0.70 AZZx71@40.34 SEEDx1510@1.90 AVIDx410@6.99 SPRTx1003@2.86 

2014-01-09
Cash: 14.75
Held: FPAYx4099@0.70 AZZx71@40.34 SEEDx1510@1.84 SPRTx1003@2.84 AVIDx410@7.35 
Value: 14389.93
Sales: FPAYx4099@0.70 AZZx71@40.34 SEEDx1510@1.84 AVIDx410@7.35 SPRTx1003@2.84 
Purchases: VOXXx208@13.81 EXFOx697@4.13 CTRPx295@9.74 OPHCx1799@1.60 CHNRx340@8.45 

2014-01-12
Cash: 13.37
Held: CTRPx295@9.78 CHNRx340@8.30 OPHCx1799@1.44 EXFOx697@4.14 VOXXx208@14.03 
Value: 14115.63
Sales: CHNRx340@8.30 OPHCx1799@1.44 CTRPx295@9.78 EXFOx697@4.14 VOXXx208@14.03 
Purchases: MNKDx490@5.75 SEVx405@6.96 NRPx170@16.52 YRCWx213@13.20 SHLDx79@35.47 

2014-01-13
Cash: 56.99
Held: MNKDx490@5.94 SEVx405@7.70 SHLDx79@35.66 NRPx170@16.19 YRCWx213@12.63 
Value: 14345.97
Sales: MNKDx490@5.94 SEVx405@7.70 NRPx170@16.19 YRCWx213@12.63 SHLDx79@35.66 
Purchases: MANHx92@31.14 CORTx896@3.20 BONTx231@12.39 LULUx58@49.25 CIG.Cx493@5.81 

2014-01-14
Cash: 32.17
Held: CIG.Cx493@5.80 CORTx896@3.10 MANHx92@32.03 BONTx231@12.30 LULUx58@49.66 
Value: 14336.72
Sales: CORTx896@3.10 MANHx92@32.03 BONTx231@12.30 LULUx58@49.66 CIG.Cx493@5.80 
Purchases: ABCDx1378@2.08 ISRx3539@0.81 DSGXx213@13.42 RNNx2756@1.04 BONTx233@12.30 

2014-01-15
Cash: 13.19
Held: ISRx3539@0.83 DSGXx213@13.79 BONTx233@11.98 RNNx2756@1.12 ABCDx1378@2.02 
Value: 14548.41
Sales: ABCDx1378@2.02 ISRx3539@0.83 DSGXx213@13.79 RNNx2756@1.12 BONTx233@11.98 
Purchases: BGIx2508@1.16 LKQx99@29.30 DSSx1927@1.51 GTNx240@12.10 COOLx120@24.06 

2014-01-16
Cash: 37.15
Held: DSSx1927@1.47 COOLx120@25.20 LKQx99@27.94 GTNx240@11.78 BGIx2508@1.08 
Value: 14195.84
Sales: BGIx2508@1.08 LKQx99@27.94 DSSx1927@1.47 GTNx240@11.78 COOLx120@25.20 
Purchases: FONRx133@21.30 MNGAx2729@1.04 NUSx35@79.50 BBYx116@24.44 DECKx37@75.00 

2014-01-20
Cash: 132.84
Held: BBYx116@24.47 MNGAx2729@1.11 FONRx133@21.52 DECKx37@76.25 NUSx35@77.38 
Value: 14392.31
Sales: NUSx35@77.38 MNGAx2729@1.11 FONRx133@21.52 BBYx116@24.47 DECKx37@76.25 
Purchases: ARCx380@7.57 SLMx118@24.23 SAJAx2115@1.36 ICADx225@12.75 CREGx1050@2.74 

2014-01-21
Cash: 32.80
Held: CREGx1050@2.98 SAJAx2115@1.45 ICADx225@12.51 SLMx118@24.42 ARCx380@7.56 
Value: 14797.76
Sales: ARCx380@7.56 SLMx118@24.42 SAJAx2115@1.45 ICADx225@12.51 CREGx1050@2.98 
Purchases: NNVCx611@4.84 AMRNx1750@1.69 KONEx294@10.05 XTNTx4553@0.65 NHTCx852@3.47 

2014-01-22
Cash: 12.54
Held: AMRNx1750@1.64 XTNTx4553@0.71 KONEx294@9.60 NHTCx852@3.60 NNVCx611@4.85 
Value: 14968.40
Sales: NHTCx852@3.60 AMRNx1750@1.64 KONEx294@9.60 XTNTx4553@0.71 NNVCx611@4.85 
Purchases: BBSIx35@84.38 NFECx1720@1.74 MAx36@82.38 AMDx827@3.62 MTSLx1482@2.02 

2014-01-23
Cash: 70.60
Held: NFECx1720@1.55 MAx36@78.50 AMDx827@3.47 MTSLx1482@2.08 BBSIx35@81.19 
Value: 14356.78
Sales: BBSIx35@81.19 MAx36@78.50 NFECx1720@1.55 AMDx827@3.47 MTSLx1482@2.08 
Purchases: CBLIx208@13.80 YPFx124@23.02 LUNAx1772@1.62 DZSIx659@4.35 PAMx692@4.15 

2014-01-26
Cash: 23.84
Held: CBLIx208@13.60 DZSIx659@4.57 YPFx124@25.69 LUNAx1772@1.52 PAMx692@4.20 
Value: 14648.52
Sales: CBLIx208@13.60 YPFx124@25.69 LUNAx1772@1.52 DZSIx659@4.57 PAMx692@4.20 
Purchases: KSUx29@99.31 IMNPx1279@2.29 DLx156@18.67 MVVx49@59.59 TQQQx51@57.41 

2014-01-27
Cash: 80.12
Held: DLx156@22.03 IMNPx1279@2.29 TQQQx51@57.41 KSUx29@101.56 MVVx49@60.56 
Value: 15285.30
Sales: IMNPx1279@2.29 KSUx29@101.56 DLx156@22.03 MVVx49@60.56 TQQQx51@57.41 
Purchases: DRAMx420@7.26 SSYx2568@1.19 BDSIx379@8.06 GERNx663@4.61 SMTXx1421@2.15 

2014-01-28
Cash: 10.95
Held: SSYx2568@1.17 GERNx663@4.33 DRAMx420@7.38 SMTXx1421@2.16 BDSIx379@7.82 
Value: 15017.48
Sales: DRAMx420@7.38 GERNx663@4.33 SMTXx1421@2.16 SSYx2568@1.17 BDSIx379@7.82 
Purchases: FCFSx60@49.31 VIPx311@9.65 AAPLx41@71.56 DZSIx740@4.06 RCIIx124@24.19 

2014-01-29
Cash: 121.39
Held: DZSIx740@4.12 AAPLx41@71.38 FCFSx60@49.38 RCIIx124@25.03 VIPx311@9.68 
Value: 15174.13
Sales: FCFSx60@49.38 AAPLx41@71.38 VIPx311@9.68 DZSIx740@4.12 RCIIx124@25.03 
Purchases: GMANx420@7.22 RCONx699@4.34 TGIx44@68.12 ORBCx425@7.14 BKSx224@13.52 

2014-01-30
Cash: 47.19
Held: RCONx699@4.39 TGIx44@68.44 ORBCx425@6.90 BKSx224@13.48 GMANx420@7.22 
Value: 15109.95
Sales: GMANx420@7.22 RCONx699@4.39 TGIx44@68.44 ORBCx425@6.90 BKSx224@13.48 
Purchases: FHx704@4.29 HGGx365@8.26 NSRx89@33.88 BVSNx262@11.52 OSTKx143@21.06 

2014-02-02
Cash: 30.39
Held: BVSNx262@11.08 NSRx89@33.59 OSTKx143@20.72 FHx704@4.06 HGGx365@7.67 
Value: 14542.97
Sales: FHx704@4.06 HGGx365@7.67 NSRx89@33.59 BVSNx262@11.08 OSTKx143@20.72 
Purchases: SANWx472@6.16 CYTRx427@6.81 UTIx247@11.76 UQMx1710@1.70 ATx1197@2.43 

2014-02-03
Cash: 8.26
Held: SANWx472@6.65 UTIx247@11.91 UQMx1710@1.68 ATx1197@2.38 CYTRx427@6.57 
Value: 14614.84
Sales: SANWx472@6.65 CYTRx427@6.57 UTIx247@11.91 UQMx1710@1.68 ATx1197@2.38 
Purchases: MTEXx221@13.22 LQDTx136@21.45 TDx68@42.97 ORMPx192@15.18 NETEx741@3.94 

2014-02-04
Cash: 20.37
Held: LQDTx136@20.52 ORMPx192@16.20 MTEXx221@13.00 TDx68@43.19 NETEx741@3.56 
Value: 14369.61
Sales: MTEXx221@13.00 LQDTx136@20.52 TDx68@43.19 ORMPx192@16.20 NETEx741@3.56 
Purchases: CDXCx651@4.41 STLYx927@3.10 KONEx402@7.15 FNx169@16.91 ITUSx9578@0.30 

2014-02-05
Cash: 20.56
Held: ITUSx9578@0.30 STLYx927@3.11 KONEx402@7.40 CDXCx651@4.53 FNx169@17.28 
Value: 14621.37
Sales: CDXCx651@4.53 STLYx927@3.11 KONEx402@7.40 FNx169@17.28 ITUSx9578@0.30 
Purchases: BBGx130@22.45 LRADx1523@1.92 CNITx718@4.07 EXTRx496@5.89 GHDXx109@26.66 

2014-02-06
Cash: 28.65
Held: BBGx130@22.41 GHDXx109@26.52 EXTRx496@5.67 LRADx1523@2.00 CNITx718@4.14 
Value: 14663.89
Sales: BBGx130@22.41 LRADx1523@2.00 CNITx718@4.14 GHDXx109@26.52 EXTRx496@5.67 
Purchases: TYLx31@92.00 CALDx255@11.50 SFLYx67@43.72 NILEx85@34.44 RRTSx134@21.75 

2014-02-09
Cash: 108.54
Held: CALDx255@12.02 SFLYx67@42.75 TYLx31@90.19 NILEx85@34.00 RRTSx134@21.28 
Value: 14576.27
Sales: TYLx31@90.19 CALDx255@12.02 NILEx85@34.00 SFLYx67@42.75 RRTSx134@21.28 
Purchases: ELONx102@28.55 IIJIx298@9.76 GIGAx2558@1.14 URREx1080@2.70 PDEXx1161@2.51 

2014-02-10
Cash: 12.45
Held: PDEXx1161@2.51 ELONx102@28.80 GIGAx2558@1.17 IIJIx298@9.90 URREx1080@2.87 
Value: 14904.63
Sales: ELONx102@28.80 IIJIx298@9.90 GIGAx2558@1.17 URREx1080@2.87 PDEXx1161@2.51 
Purchases: MOSYx652@4.57 OPHCx2128@1.40 CYOUx113@26.16 VSRx754@3.95 NSSCx425@7.00 

2014-02-11
Cash: 36.39
Held: NSSCx425@7.31 VSRx754@3.85 OPHCx2128@1.35 CYOUx113@26.16 MOSYx652@4.56 
Value: 14844.97
Sales: MOSYx652@4.56 VSRx754@3.85 CYOUx113@26.16 OPHCx2128@1.35 NSSCx425@7.31 
Purchases: CSIQx82@36.09 CHNRx500@5.93 CAGx102@28.97 APDNx361@8.22 ATECx1640@1.81 

2014-02-12
Cash: 30.97
Held: APDNx361@8.46 ATECx1640@1.85 CSIQx82@38.16 CAGx102@29.00 CHNRx500@6.08 
Value: 15244.60
Sales: CSIQx82@38.16 CHNRx500@6.08 CAGx102@29.00 APDNx361@8.46 ATECx1640@1.85 
Purchases: IDRAx693@4.40 SIEBx1073@2.84 MGHx6097@0.50 CVMx2650@1.15 WINAx37@82.00 

2014-02-13
Cash: 18.30
Held: CVMx2650@1.18 WINAx37@81.25 SIEBx1073@2.68 MGHx6097@0.49 IDRAx693@4.40 
Value: 15061.61
Sales: MGHx6097@0.49 SIEBx1073@2.68 CVMx2650@1.18 IDRAx693@4.40 WINAx37@81.25 
Purchases: LTRXx1400@2.15 LLITx349@8.62 OZMx215@14.00 INVEx3812@0.79 SPRTx1224@2.46 

2014-02-17
Cash: 9.85
Held: INVEx3812@0.88 LLITx349@8.83 LTRXx1400@2.08 OZMx215@13.78 SPRTx1224@2.51 
Value: 15392.01
Sales: SPRTx1224@2.51 INVEx3812@0.88 LLITx349@8.83 LTRXx1400@2.08 OZMx215@13.78 
Purchases: Ax55@55.16 DYNTx818@3.76 DSx641@4.80 AHPIx687@4.48 WTWx147@20.91 

2014-02-18
Cash: 54.32
Held: Ax55@55.94 DYNTx818@3.70 WTWx147@20.84 DSx641@4.70 AHPIx687@4.49 
Value: 15316.53
Sales: Ax55@55.94 DYNTx818@3.70 DSx641@4.70 AHPIx687@4.49 WTWx147@20.84 
Purchases: EMITFx519@5.90 MNGAx3830@0.80 GENEx1770@1.73 ARCWx297@10.30 SMIx726@4.22 

2014-02-19
Cash: 8.07
Held: MNGAx3830@0.83 GENEx1770@1.74 ARCWx297@10.51 EMITFx519@3.56 SMIx726@4.19 
Value: 14279.19
Sales: EMITFx519@3.56 MNGAx3830@0.83 GENEx1770@1.74 ARCWx297@10.51 SMIx726@4.19 
Purchases: EVIx868@3.29 ATECx1752@1.63 LEUx547@5.22 SMx39@71.69 PRANx353@8.07 

2014-02-20
Cash: 69.44
Held: EVIx868@3.24 ATECx1752@1.50 LEUx547@5.08 SMx39@72.88 PRANx353@8.03 
Value: 13964.86
Sales: EVIx868@3.24 PRANx353@8.03 LEUx547@5.08 SMx39@72.88 ATECx1752@1.50 
Purchases: EMITFx873@3.20 CLUBx327@8.53 CCCx147@18.95 EIGx140@19.81 PRANx347@8.03 

2014-02-23
Cash: 35.52
Held: CLUBx327@8.63 EIGx140@19.31 EMITFx873@4.40 CCCx147@18.86 PRANx347@9.03 
Value: 15308.20
Sales: CLUBx327@8.63 EMITFx873@4.40 CCCx147@18.86 EIGx140@19.31 PRANx347@9.03 
Purchases: MDCAx137@22.20 NLSTx1554@1.97 ABTLx207@14.79 COGx85@35.66 NCMIx196@15.60 

2014-02-24
Cash: 55.40
Held: COGx85@35.53 ABTLx207@15.48 NLSTx1554@2.01 NCMIx196@15.83 MDCAx137@22.70 
Value: 15615.02
Sales: NLSTx1554@2.01 MDCAx137@22.70 ABTLx207@15.48 COGx85@35.53 NCMIx196@15.83 
Purchases: KMGx209@14.88 TCCOx455@6.85 GSBx1412@2.21 SNOAx907@3.44 IIIx655@4.76 

2014-02-25
Cash: 26.70
Held: IIIx655@4.88 SNOAx907@3.56 KMGx209@14.90 TCCOx455@7.20 GSBx1412@2.31 
Value: 16103.71
Sales: KMGx209@14.90 TCCOx455@7.20 GSBx1412@2.31 SNOAx907@3.56 IIIx655@4.88 
Purchases: FSIx3538@0.91 VVUSx550@5.85 AXNx7857@0.41 JRJCx500@6.43 MCZx7157@0.45 

2014-02-26
Cash: 9.39
Held: VVUSx550@5.81 FSIx3538@0.89 AXNx7857@0.49 JRJCx500@6.50 MCZx7157@0.44 
Value: 16601.93
Sales: FSIx3538@0.89 VVUSx550@5.81 JRJCx500@6.50 AXNx7857@0.49 MCZx7157@0.44 
Purchases: SEACx310@10.70 BOOMx157@21.08 STVx1110@2.99 CERSx505@6.57 ASPSx33@99.94 

2014-02-27
Cash: 39.59
Held: STVx1110@2.99 CERSx505@6.46 ASPSx33@98.38 BOOMx157@20.77 SEACx310@10.55 
Value: 16397.64
Sales: SEACx310@10.55 BOOMx157@20.77 STVx1110@2.99 CERSx505@6.46 ASPSx33@98.38 
Purchases: CNETx795@4.12 BIOSx460@7.13 WACx128@25.55 NTRIx222@14.72 

2014-03-02
Cash: 3304.51
Held: CNETx795@4.72 WACx128@25.52 NTRIx222@14.29 BIOSx460@7.24 
Value: 16823.70
Sales: CNETx795@4.72 BIOSx460@7.24 WACx128@25.52 NTRIx222@14.29 
Purchases: KBRx123@27.19 NAKx4006@0.84 PROx100@33.34 MNTAx235@14.31 NEPTx1325@2.54 

2014-03-03
Cash: 53.15
Held: PROx100@33.41 NEPTx1325@2.58 NAKx4006@0.98 KBRx123@27.62 MNTAx235@14.51 
Value: 17545.39
Sales: KBRx123@27.62 NAKx4006@0.98 PROx100@33.41 MNTAx235@14.51 NEPTx1325@2.58 
Purchases: HSCx157@22.23 CETVx843@4.16 CTBx153@22.86 SHLOx196@17.88 ATECx2785@1.26 

2014-03-04
Cash: 38.15
Held: CTBx153@23.59 ATECx2785@1.28 SHLOx196@17.97 HSCx157@21.91 CETVx843@4.02 
Value: 17563.18
Sales: HSCx157@21.91 CETVx843@4.02 SHLOx196@17.97 CTBx153@23.59 ATECx2785@1.28 
Purchases: MDRx476@7.37 HBMDx331@10.60 LBTYAx81@43.28 LBTYBx80@43.44 AETIx508@6.91 

2014-03-05
Cash: 54.28
Held: LBTYAx81@44.16 LBTYBx80@44.00 HBMDx331@11.79 MDRx476@7.84 AETIx508@6.76 
Value: 18219.83
Sales: MDRx476@7.84 HBMDx331@11.79 LBTYAx81@44.16 LBTYBx80@44.00 AETIx508@6.76 
Purchases: HOVx698@5.22 MDGLx684@5.32 HCIx95@38.28 XOMAx556@6.55 LEUx902@4.04 

2014-03-06
Cash: 15.86
Held: HOVx698@5.08 LEUx902@3.65 HCIx95@38.22 MDGLx684@5.13 XOMAx556@6.33 
Value: 17510.44
Sales: HOVx698@5.08 MDGLx684@5.13 HCIx95@38.22 LEUx902@3.65 XOMAx556@6.33 
Purchases: RGENx248@14.12 SCONx1167@3.00 GRBKx1144@3.06 RILYx13469@0.26 GALEx1042@3.36 

2014-03-09
Cash: 4.57
Held: GALEx1042@3.52 GRBKx1144@3.20 RILYx13469@0.27 RGENx248@14.21 SCONx1167@3.13 
Value: 18146.75
Sales: RGENx248@14.21 GALEx1042@3.52 GRBKx1144@3.20 RILYx13469@0.27 SCONx1167@3.13 
Purchases: VRMLx1315@2.76 PXLWx565@6.42 CADCx664@5.46 ALSKx1736@2.09 INSGx1720@2.11 

2014-03-10
Cash: 7.14
Held: PXLWx565@6.40 ALSKx1736@1.93 INSGx1720@2.09 CADCx664@5.46 VRMLx1315@2.82 
Value: 17901.50
Sales: VRMLx1315@2.82 INSGx1720@2.09 CADCx664@5.46 ALSKx1736@1.93 PXLWx565@6.40 
Purchases: SMSIx1755@2.04 HTHTx133@26.73 BSPMx215@16.59 HOTRx906@3.95 RELVx1790@2.00 

2014-03-11
Cash: 41.62
Held: RELVx1790@1.92 SMSIx1755@2.04 HOTRx906@4.01 BSPMx215@15.05 HTHTx133@26.23 
Value: 17415.70
Sales: SMSIx1755@2.04 HTHTx133@26.23 BSPMx215@15.05 RELVx1790@1.92 HOTRx906@4.01 
Purchases: BPIx226@15.38 ARTXx791@4.40 FTEKx619@5.62 INUVx3483@1.00 RGSEx793@4.39 

2014-03-12
Cash: 15.80
Held: ARTXx791@4.38 BPIx226@14.99 RGSEx793@4.19 INUVx3483@0.96 FTEKx619@5.37 
Value: 16859.79
Sales: BPIx226@14.99 ARTXx791@4.38 FTEKx619@5.37 INUVx3483@0.96 RGSEx793@4.19 
Purchases: SGMAx429@7.85 EXPRx211@15.94 SSYx2043@1.65 ORMPx293@11.48 LTBRx1253@2.69 

2014-03-13
Cash: 24.39
Held: SSYx2043@1.74 EXPRx211@15.49 SGMAx429@8.22 LTBRx1253@2.92 ORMPx293@11.34 
Value: 17356.76
Sales: SGMAx429@8.22 EXPRx211@15.49 SSYx2043@1.74 ORMPx293@11.34 LTBRx1253@2.92 
Purchases: MEIx115@30.12 CYTRx836@4.15 AMRCx461@7.52 AEx50@69.00 ADUSx160@21.69 

2014-03-16
Cash: 37.79
Held: ADUSx160@22.12 AMRCx461@7.48 MEIx115@30.23 AEx50@68.12 CYTRx836@4.08 
Value: 17318.80
Sales: AEx50@68.12 CYTRx836@4.08 AMRCx461@7.48 MEIx115@30.23 ADUSx160@22.12 
Purchases: PLUGx531@6.51 ESNCx1559@2.22 XOXOx357@9.69 GJPx162@21.27 OPTTx840@4.12 

2014-03-17
Cash: 33.82
Held: ESNCx1559@2.32 PLUGx531@5.96 GJPx162@21.25 XOXOx357@9.98 OPTTx840@4.13 
Value: 17288.86
Sales: PLUGx531@5.96 ESNCx1559@2.32 XOXOx357@9.98 GJPx162@21.25 OPTTx840@4.13 
Purchases: TRXx1417@2.44 LMIAx255@13.51 MUXx1141@3.03 FSMx900@3.84 APDNx478@7.23 

2014-03-18
Cash: 19.21
Held: APDNx478@7.62 MUXx1141@2.75 FSMx900@3.60 TRXx1417@2.33 LMIAx255@13.53 
Value: 16791.68
Sales: TRXx1417@2.33 LMIAx255@13.53 FSMx900@3.60 APDNx478@7.62 MUXx1141@2.75 
Purchases: NATRx239@14.00 YGEx626@5.36 TEUMx2946@1.14 TBIOx707@4.75 TWMCx863@3.89 

2014-03-19
Cash: 17.45
Held: TEUMx2946@1.10 TWMCx863@3.87 YGEx626@5.03 NATRx239@14.06 TBIOx707@4.69 
Value: 16423.29
Sales: NATRx239@14.06 YGEx626@5.03 TEUMx2946@1.10 TBIOx707@4.69 TWMCx863@3.87 
Purchases: CETVx992@3.31 USNAx49@66.88 CDTIx120@27.30 MUXx1230@2.67 KNDIx178@18.38 

2014-03-20
Cash: 31.97
Held: USNAx49@66.69 MUXx1230@2.88 KNDIx178@18.91 CDTIx120@24.80 CETVx992@3.35 
Value: 16506.87
Sales: CETVx992@3.35 USNAx49@66.69 CDTIx120@24.80 MUXx1230@2.88 KNDIx178@18.91 
Purchases: CNETx801@4.12 AGENx906@3.64 JOBx15008@0.22 IIJIx326@10.11 SIEBx1130@2.92 

2014-03-23
Cash: 10.97
Held: JOBx15008@0.20 CNETx801@4.08 IIJIx326@10.41 SIEBx1130@2.95 AGENx906@3.41 
Value: 16093.08
Sales: CNETx801@4.08 IIJIx326@10.41 JOBx15008@0.20 AGENx906@3.41 SIEBx1130@2.95 
Purchases: MDXGx523@6.15 ISRx1358@2.37 GSSx5548@0.58 SNOAx660@4.87 ABTLx269@11.96 

2014-03-24
Cash: 9.46
Held: ISRx1358@2.06 SNOAx660@4.54 ABTLx269@12.50 MDXGx523@6.12 GSSx5548@0.65 
Value: 15972.96
Sales: MDXGx523@6.12 ISRx1358@2.06 GSSx5548@0.65 SNOAx660@4.54 ABTLx269@12.50 
Purchases: IDRAx706@4.52 DRAMx324@9.84 VCELx648@4.93 ARWRx185@17.22 AXUx1825@1.75 

2014-03-25
Cash: 19.14
Held: VCELx648@4.18 DRAMx324@9.06 AXUx1825@1.54 ARWRx185@16.36 IDRAx706@4.19 
Value: 14460.01
Sales: DRAMx324@9.06 IDRAx706@4.19 VCELx648@4.18 ARWRx185@16.36 AXUx1825@1.54 
Purchases: IDNx3109@0.93 MNGAx1889@1.53 HIMXx247@11.70 CAPRx344@8.40 MVISx1460@1.98 

2014-03-26
Cash: 6.19
Held: MNGAx1889@1.51 CAPRx344@7.45 HIMXx247@11.41 MVISx1460@1.85 IDNx3109@0.89 
Value: 13705.88
Sales: IDNx3109@0.89 MNGAx1889@1.51 HIMXx247@11.41 CAPRx344@7.45 MVISx1460@1.85 
Purchases: EXELx710@3.86 RGSEx721@3.80 VCELx660@4.15 CMCTx121@22.59 IDNx3079@0.89 

2014-03-27
Cash: 12.81
Held: RGSEx721@4.16 VCELx660@4.06 EXELx710@3.38 CMCTx121@22.91 IDNx3079@0.90 
Value: 13633.83
Sales: EXELx710@3.38 RGSEx721@4.16 VCELx660@4.06 CMCTx121@22.91 IDNx3079@0.90 
Purchases: DGLYx437@6.24 CTHRx930@2.93 FFHLx1683@1.62 LDOSx78@34.62 SPEXx908@3.00 

2014-03-30
Cash: 31.68
Held: CTHRx930@2.86 SPEXx908@2.99 FFHLx1683@1.76 LDOSx78@35.38 DGLYx437@6.14 
Value: 13810.42
Sales: LDOSx78@35.38 CTHRx930@2.86 FFHLx1683@1.76 DGLYx437@6.14 SPEXx908@2.99 
Purchases: ESNCx1596@1.73 SNOAx732@3.77 FCSCx528@5.23 SPEXx923@2.99 CREGx702@3.93 

2014-03-31
Cash: 8.98
Held: ESNCx1596@1.71 CREGx702@3.99 SNOAx732@4.04 SPEXx923@3.01 FCSCx528@5.03 
Value: 13930.33
Sales: ESNCx1596@1.71 SNOAx732@4.04 FCSCx528@5.03 SPEXx923@3.01 CREGx702@3.99 
Purchases: MNTAx239@11.64 FNCXx132@21.00 YUMAx453@6.15 TPIVx763@3.65 PRANx1210@2.30 

2014-04-01
Cash: 21.79
Held: FNCXx132@21.00 TPIVx763@4.00 MNTAx239@11.55 YUMAx453@6.08 PRANx1210@2.31 
Value: 14154.64
Sales: MNTAx239@11.55 FNCXx132@21.00 YUMAx453@6.08 TPIVx763@4.00 PRANx1210@2.31 
Purchases: LQDTx135@20.86 MNGAx1926@1.47 CDTIx178@15.90 RELVx1287@2.20 DLHCx1322@2.14 

2014-04-02
Cash: 17.71
Held: RELVx1287@2.12 MNGAx1926@1.54 DLHCx1322@1.75 LQDTx135@18.36 CDTIx178@16.25 
Value: 13395.67
Sales: MNGAx1926@1.54 CDTIx178@16.25 RELVx1287@2.12 LQDTx135@18.36 DLHCx1322@1.75 
Purchases: PLPMx1075@2.49 APOLx84@31.89 PEGAx145@18.42 UNFx26@101.12 KONEx423@6.32 

2014-04-03
Cash: 65.95
Held: PLPMx1075@2.48 UNFx26@98.12 KONEx423@6.40 APOLx84@31.86 PEGAx145@17.89 
Value: 13260.57
Sales: APOLx84@31.86 PEGAx145@17.89 PLPMx1075@2.48 UNFx26@98.12 KONEx423@6.40 
Purchases: SGOCx1024@2.59 LQDTx145@18.27 BIOPx1222@2.17 GOOGLx4@545.00 DLHCx1678@1.58 

2014-04-06
Cash: 477.04
Held: SGOCx1024@2.46 DLHCx1678@1.55 LQDTx145@18.17 GOOGLx4@540.50 BIOPx1222@2.08 
Value: 12936.38
Sales: SGOCx1024@2.46 LQDTx145@18.17 BIOPx1222@2.08 GOOGLx4@540.50 DLHCx1678@1.55 
Purchases: OPTTx895@2.89 LLITx365@7.08 ATHNx17@143.75 HALOx313@8.26 VNDAx174@14.83 

2014-04-07
Cash: 157.22
Held: HALOx313@8.29 LLITx365@7.17 VNDAx174@14.97 ATHNx17@146.50 OPTTx895@2.94 
Value: 13095.30
Sales: OPTTx895@2.94 LLITx365@7.17 VNDAx174@14.97 HALOx313@8.29 ATHNx17@146.50 
Purchases: WWEx117@22.20 ASYSx261@10.02 SKYx463@5.65 SHLDx70@37.00 EMMSx209@12.52 

2014-04-08
Cash: 58.80
Held: SHLDx70@35.97 ASYSx261@9.94 SKYx463@5.65 WWEx117@22.75 EMMSx209@13.04 
Value: 13172.44
Sales: WWEx117@22.75 SKYx463@5.65 ASYSx261@9.94 SHLDx70@35.97 EMMSx209@13.04 
Purchases: SBSIx86@30.41 SRNEx296@8.90 RELVx1386@1.90 UFSx26@101.19 NVCNx433@6.07 

2014-04-09
Cash: 30.30
Held: SBSIx86@29.38 RELVx1386@1.90 NVCNx433@6.19 UFSx26@98.19 SRNEx296@9.23 
Value: 13155.31
Sales: SRNEx296@9.23 SBSIx86@29.38 UFSx26@98.19 RELVx1386@1.90 NVCNx433@6.19 
Purchases: WDFCx37@71.00 HVT.Ax102@25.66 SIDx627@4.19 ISRGx5@453.50 HVTx104@25.20 

2014-04-10
Cash: 394.73
Held: SIDx627@4.16 HVTx104@23.59 ISRGx5@439.75 WDFCx37@70.50 HVT.Ax102@23.88 
Value: 12699.40
Sales: WDFCx37@70.50 HVT.Ax102@23.88 ISRGx5@439.75 HVTx104@23.59 SIDx627@4.16 
Purchases: CALIx891@2.85 KNDIx207@12.26 CURx49@51.62 CEIx3681@0.69 DDDx52@48.06 

2014-04-13
Cash: 54.48
Held: CALIx891@2.50 KNDIx207@12.16 DDDx52@46.25 CEIx3681@0.68 CURx49@49.00 
Value: 12108.05
Sales: CALIx891@2.50 CURx49@49.00 CEIx3681@0.68 KNDIx207@12.16 DDDx52@46.25 
Purchases: DWCHx173@13.92 TGTXx441@5.49 JCPx318@7.61 ARWRx193@12.49 CLDXx176@13.72 

2014-04-14
Cash: 33.96
Held: CLDXx176@13.73 TGTXx441@5.33 DWCHx173@14.05 ARWRx193@11.42 JCPx318@7.25 
Value: 11739.57
Sales: ARWRx193@11.42 DWCHx173@14.05 TGTXx441@5.33 JCPx318@7.25 CLDXx176@13.73 
Purchases: IDRAx882@2.66 WSTGx123@19.05 PTXx547@4.29 KONEx518@4.53 BOSCx557@4.21 

2014-04-15
Cash: 11.75
Held: KONEx518@4.69 PTXx547@4.32 WSTGx123@18.98 BOSCx557@4.41 IDRAx882@2.94 
Value: 12189.25
Sales: IDRAx882@2.94 WSTGx123@18.98 BOSCx557@4.41 KONEx518@4.69 PTXx547@4.32 
Purchases: CNETx773@3.15 PESIx584@4.17 DGLYx521@4.67 SPEXx1369@1.78 MFRIx260@9.37 

2014-04-16
Cash: 10.91
Held: CNETx773@3.20 MFRIx260@9.19 SPEXx1369@1.91 PESIx584@4.09 DGLYx521@4.61 
Value: 12277.61
Sales: CNETx773@3.20 PESIx584@4.09 DGLYx521@4.61 SPEXx1369@1.91 MFRIx260@9.19 
Purchases: LTEAx4721@0.52 EWVx34@72.00 TOPSx1964@1.25 CDXCx568@4.32 GLOWx1647@1.49 

2014-04-20
Cash: 11.25
Held: TOPSx1964@7.62 GLOWx1647@1.49 LTEAx4721@0.50 CDXCx568@3.93 EWVx34@72.12 
Value: 24478.30
Sales: LTEAx4721@0.50 EWVx34@72.12 TOPSx1964@7.62 CDXCx568@3.93 GLOWx1647@1.49 
Purchases: MGIx382@12.80 ACATx116@42.19 TZOOx286@17.09 TPIVx1847@2.65 MAGx750@6.52 

2014-04-21
Cash: 22.41
Held: MAGx750@6.75 ACATx116@42.84 TPIVx1847@2.71 MGIx382@13.77 TZOOx286@17.56 
Value: 25346.22
Sales: MGIx382@13.77 ACATx116@42.84 TZOOx286@17.56 TPIVx1847@2.71 MAGx750@6.75 
Purchases: PMDx319@15.87 ATHNx37@134.12 GDOTx293@17.28 KONEx1276@3.97 AUMNx7140@0.71 

2014-04-22
Cash: 122.82
Held: KONEx1276@4.11 AUMNx7140@0.74 GDOTx293@17.16 ATHNx37@135.00 PMDx319@15.55 
Value: 25632.89
Sales: PMDx319@15.55 ATHNx37@135.00 GDOTx293@17.16 KONEx1276@4.11 AUMNx7140@0.74 
Purchases: BEBEx92@55.69 ARTXx1393@3.68 CDXSx2897@1.77 ECx140@36.47 EDGWx698@7.34 

2014-04-23
Cash: 28.66
Held: ARTXx1393@3.53 EDGWx698@7.39 ECx140@36.41 CDXSx2897@1.80 BEBEx92@53.91 
Value: 25373.92
Sales: BEBEx92@53.91 ARTXx1393@3.53 CDXSx2897@1.80 ECx140@36.41 EDGWx698@7.39 
Purchases: UISx199@25.45 TGTXx987@5.14 ISRGx13@371.25 DZSIx1580@3.21 CREEx101@50.03 

2014-04-24
Cash: 282.26
Held: DZSIx1580@2.89 CREEx101@47.94 UISx199@25.03 TGTXx987@4.70 ISRGx13@366.25 
Value: 24071.73
Sales: UISx199@25.03 TGTXx987@4.70 CREEx101@47.94 DZSIx1580@2.89 ISRGx13@366.25 
Purchases: TCBIx86@55.78 SILCx102@47.00 MYEx241@19.94 TNPx670@7.18 CLBx25@190.62 

2014-04-27
Cash: 99.59
Held: TCBIx86@55.12 CLBx25@189.50 SILCx102@48.06 MYEx241@18.81 TNPx670@6.98 
Value: 23690.94
Sales: TCBIx86@55.12 SILCx102@48.06 MYEx241@18.81 TNPx670@6.98 CLBx25@189.50 
Purchases: CAMPx262@18.03 CYTKx1062@4.46 DGIIx545@8.69 CVLTx102@46.06 STSx825@5.74 

2014-04-28
Cash: 62.10
Held: CAMPx262@17.67 CVLTx102@46.56 STSx825@5.74 DGIIx545@8.80 CYTKx1062@4.54 
Value: 23790.36
Sales: CYTKx1062@4.54 CAMPx262@17.67 DGIIx545@8.80 CVLTx102@46.56 STSx825@5.74 
Purchases: SBOTx3806@1.25 NETEx2042@2.33 WCSTx1748@2.72 IFONx2133@2.23 GUREx2544@1.87 

2014-04-29
Cash: 3.89
Held: IFONx2133@2.24 WCSTx1748@2.97 SBOTx3806@1.05 GUREx2544@1.84 NETEx2042@2.23 
Value: 23205.83
Sales: NETEx2042@2.23 IFONx2133@2.24 WCSTx1748@2.97 SBOTx3806@1.05 GUREx2544@1.84 
Purchases: UCTTx544@8.52 BLDPx1268@3.66 CNITx1143@4.06 SYNx3200@1.45 RTECx509@9.11 

2014-04-30
Cash: 11.74
Held: UCTTx544@8.60 SYNx3200@1.44 RTECx509@9.26 BLDPx1268@3.74 CNITx1143@4.35 
Value: 23729.04
Sales: UCTTx544@8.60 BLDPx1268@3.74 CNITx1143@4.35 SYNx3200@1.44 RTECx509@9.26 
Purchases: CLUBx724@6.55 DLBx120@39.38 CMPRx122@38.59 SYNx3294@1.44 BGFVx393@12.07 

2014-05-01
Cash: 64.43
Held: DLBx120@39.06 SYNx3294@1.30 CLUBx724@6.33 CMPRx122@39.22 BGFVx393@12.06 
Value: 23140.30
Sales: CLUBx724@6.33 DLBx120@39.06 CMPRx122@39.22 SYNx3294@1.30 BGFVx393@12.06 
Purchases: LCUTx283@16.30 SLMx515@8.98 STMPx160@28.80 QUIKx1257@3.68 CPSTx136@33.91 

2014-05-04
Cash: 61.24
Held: STMPx160@29.06 QUIKx1257@3.55 LCUTx283@15.00 SLMx515@8.79 CPSTx136@34.00 
Value: 22569.94
Sales: LCUTx283@15.00 SLMx515@8.79 STMPx160@29.06 QUIKx1257@3.55 CPSTx136@34.00 
Purchases: MTWx159@28.31 AUMNx7166@0.63 AMNx410@10.99 BCORx261@17.23 RBCNx563@8.01 

2014-05-05
Cash: 41.14
Held: AUMNx7166@0.64 BCORx261@17.34 RBCNx563@7.67 AMNx410@10.80 MTWx159@28.20 
Value: 22385.36
Sales: MTWx159@28.20 RBCNx563@7.67 AMNx410@10.80 BCORx261@17.34 AUMNx7166@0.64 
Purchases: TSNx117@38.25 TREXx63@70.75 OLEDx195@22.94 SGMAx508@8.81 CRD.Ax531@8.43 

2014-05-06
Cash: 27.13
Held: CRD.Ax531@8.54 SGMAx508@8.49 OLEDx195@24.61 TSNx117@39.22 TREXx63@68.56 
Value: 22582.27
Sales: SGMAx508@8.49 TSNx117@39.22 OLEDx195@24.61 TREXx63@68.56 CRD.Ax531@8.54 
Purchases: EVKx816@5.53 TREEx189@23.80 OHGIx1125@4.01 FNx240@18.81 ATHNx41@107.88 

2014-05-07
Cash: 120.10
Held: EVKx816@5.36 OHGIx1125@4.05 FNx240@18.70 ATHNx41@106.81 TREEx189@23.86 
Value: 22427.96
Sales: EVKx816@5.36 TREEx189@23.86 OHGIx1125@4.05 FNx240@18.70 ATHNx41@106.81 
Purchases: CORTx2577@1.74 AVNWx373@12.00 ICADx647@6.93 OCLRx2563@1.75 EXTRx1263@3.55 

2014-05-08
Cash: 13.98
Held: CORTx2577@1.84 AVNWx373@12.48 ICADx647@7.00 EXTRx1263@3.68 OCLRx2563@1.75 
Value: 23070.71
Sales: CORTx2577@1.84 AVNWx373@12.48 ICADx647@7.00 OCLRx2563@1.75 EXTRx1263@3.68 
Purchases: ANDEx90@51.16 MEETx2059@2.24 INVTx1728@2.67 GTTx535@8.62 CECOx990@4.66 

2014-05-11
Cash: 16.63
Held: MEETx2059@2.29 INVTx1728@2.71 CECOx990@5.00 GTTx535@10.05 ANDEx90@51.38 
Value: 24363.14
Sales: ANDEx90@51.38 MEETx2059@2.29 INVTx1728@2.71 GTTx535@10.05 CECOx990@5.00 
Purchases: SMSIx6092@0.80 OHRPx714@6.82 AIRMx106@45.78 UVEx395@12.33 ACETx262@18.55 

2014-05-12
Cash: 39.32
Held: AIRMx106@45.31 OHRPx714@7.84 UVEx395@11.82 SMSIx6092@0.78 ACETx262@18.41 
Value: 24682.01
Sales: SMSIx6092@0.78 OHRPx714@7.84 ACETx262@18.41 AIRMx106@45.31 UVEx395@11.82 
Purchases: INSYx180@27.30 COOLx300@16.44 NEONx1323@3.73 CLBx30@162.88 EGTx1738@2.84 

2014-05-13
Cash: 80.01
Held: COOLx300@15.96 NEONx1323@3.67 CLBx30@162.50 INSYx180@23.02 EGTx1738@2.84 
Value: 23677.06
Sales: INSYx180@23.02 EGTx1738@2.84 NEONx1323@3.67 CLBx30@162.50 COOLx300@15.96 
Purchases: TCCOx1013@4.67 CALLx302@15.66 OMEXx2940@1.61 MDCAx216@21.86 DXPEx73@64.56 

2014-05-14
Cash: 47.15
Held: CALLx302@15.19 DXPEx73@66.69 OMEXx2940@1.61 MDCAx216@21.30 TCCOx1013@4.88 
Value: 23778.85
Sales: TCCOx1013@4.88 MDCAx216@21.30 OMEXx2940@1.61 CALLx302@15.19 DXPEx73@66.69 
Purchases: INSYx210@22.59 HYGSx336@14.14 FLLx3150@1.51 SSKNx11601@0.41 QBAKx4134@1.15 

2014-05-15
Cash: 16.04
Held: SSKNx11601@0.39 HYGSx336@14.35 INSYx210@23.84 FLLx3150@1.54 QBAKx4134@1.26 
Value: 24427.49
Sales: INSYx210@23.84 QBAKx4134@1.26 HYGSx336@14.35 SSKNx11601@0.39 FLLx3150@1.54 
Purchases: ACXMx237@20.61 SRNEx977@5.00 FONRx352@13.86 KINSx842@5.80 GVx2960@1.65 

2014-05-18
Cash: 10.16
Held: GVx2960@1.63 FONRx352@13.02 SRNEx977@5.14 ACXMx237@21.50 KINSx842@5.80 
Value: 24421.01
Sales: GVx2960@1.63 SRNEx977@5.14 FONRx352@13.02 KINSx842@5.80 ACXMx237@21.50 
Purchases: WWEx445@10.96 CSIQx225@21.70 RCONx1364@3.58 SGRPx2942@1.66 FMBHx232@21.00 

2014-05-19
Cash: 20.78
Held: RCONx1364@3.36 SGRPx2942@1.65 CSIQx225@22.41 WWEx445@10.93 FMBHx232@21.00 
Value: 24235.54
Sales: CSIQx225@22.41 WWEx445@10.93 RCONx1364@3.36 SGRPx2942@1.65 FMBHx232@21.00 
Purchases: PRKRx1069@4.53 LTEAx8077@0.60 NLSTx4143@1.17 LGLx1154@4.20 CSPIx718@6.75 

2014-05-20
Cash: 5.26
Held: CSPIx718@6.72 PRKRx1069@4.49 NLSTx4143@1.16 LTEAx8077@0.62 LGLx1154@4.18 
Value: 24265.87
Sales: PRKRx1069@4.49 LTEAx8077@0.62 NLSTx4143@1.16 LGLx1154@4.18 CSPIx718@6.72 
Purchases: MBWMx234@20.69 INUVx7467@0.65 DKSx113@42.84 URBNx149@32.53 AUMNx8516@0.57 

2014-05-21
Cash: 31.05
Held: INUVx7467@0.72 DKSx113@43.25 AUMNx8516@0.58 URBNx149@32.53 MBWMx234@20.70 
Value: 24927.77
Sales: MBWMx234@20.70 INUVx7467@0.72 DKSx113@43.25 URBNx149@32.53 AUMNx8516@0.58 
Purchases: MGCDx507@9.82 HTMx9587@0.52 OHRPx622@8.01 CPHIx13844@0.36 DYx169@29.34 

2014-05-22
Cash: 38.17
Held: OHRPx622@7.55 DYx169@29.30 CPHIx13844@0.36 HTMx9587@0.59 MGCDx507@9.70 
Value: 25245.57
Sales: MGCDx507@9.70 HTMx9587@0.59 OHRPx622@7.55 CPHIx13844@0.36 DYx169@29.30 
Purchases: EGHTx696@7.25 ATVx420@12.00 APOLx185@27.28 IGCx3824@1.32 TPIVx3041@1.66 

2014-05-26
Cash: 15.13
Held: ATVx420@10.87 TPIVx3041@1.97 APOLx185@27.48 EGHTx696@7.52 IGCx3824@1.48 
Value: 26548.80
Sales: ATVx420@10.87 EGHTx696@7.52 APOLx185@27.48 IGCx3824@1.48 TPIVx3041@1.97 
Purchases: SCVLx286@18.55 DFFNx1327@4.00 ORMPx756@7.02 NWYx1327@4.00 PCTIx748@7.09 

2014-05-27
Cash: 18.43
Held: SCVLx286@18.11 NWYx1327@3.99 ORMPx756@7.70 DFFNx1327@4.30 PCTIx748@7.15 
Value: 27367.53
Sales: SCVLx286@18.11 DFFNx1327@4.30 ORMPx756@7.70 NWYx1327@3.99 PCTIx748@7.15 
Purchases: SSRIx819@6.68 WGBSx4378@1.25 FROx2358@2.32 ALOGx80@67.75 CETCx636@8.60 

2014-05-28
Cash: 62.47
Held: SSRIx819@6.54 ALOGx80@68.06 FROx2358@2.42 WGBSx4378@1.40 CETCx636@9.40 
Value: 28677.46
Sales: SSRIx819@6.54 WGBSx4378@1.40 FROx2358@2.42 ALOGx80@68.06 CETCx636@9.40 
Purchases: SPNCx262@21.84 ACURx1052@5.45 NLSx526@10.90 OHGIx1634@3.51 WKHSx52147@0.11 

2014-05-29
Cash: 18.87
Held: NLSx526@10.83 OHGIx1634@4.07 ACURx1052@5.30 SPNCx262@21.44 WKHSx52147@0.11 
Value: 29293.81
Sales: SPNCx262@21.44 ACURx1052@5.30 NLSx526@10.83 OHGIx1634@4.07 WKHSx52147@0.11 
Purchases: MPETx3508@1.67 GMANx1362@4.30 MARPSx339@17.27 SPEXx3036@1.93 EVIx2411@2.43 

2014-06-01
Cash: 8.51
Held: EVIx2411@2.45 SPEXx3036@1.81 MPETx3508@1.67 MARPSx339@17.25 GMANx1362@4.32 
Value: 28997.53
Sales: MPETx3508@1.67 EVIx2411@2.45 MARPSx339@17.25 SPEXx3036@1.81 GMANx1362@4.32 
Purchases: CSIQx226@25.59 CLFx371@15.61 INVTx2214@2.62 GLUUx1611@3.60 PARx1354@4.28 

2014-06-02
Cash: 27.70
Held: PARx1354@4.29 INVTx2214@2.45 CLFx371@14.94 GLUUx1611@3.60 CSIQx226@25.09 
Value: 28269.63
Sales: CSIQx226@25.09 PARx1354@4.29 INVTx2214@2.45 GLUUx1611@3.60 CLFx371@14.94 
Purchases: WMKx130@43.25 NEONx1818@3.11 VCELx1334@4.24 GTXIx4126@1.37 TISIx146@38.56 

2014-06-03
Cash: 57.20
Held: GTXIx4126@1.32 NEONx1818@3.20 VCELx1334@4.15 TISIx146@38.25 WMKx130@43.47 
Value: 28090.44
Sales: WMKx130@43.47 NEONx1818@3.20 VCELx1334@4.15 GTXIx4126@1.32 TISIx146@38.25 
Purchases: PFIEx1377@4.08 FACx2350@2.39 ENSGx381@14.73 JAKKx743@7.56 ESPx246@22.80 

2014-06-04
Cash: 22.00
Held: PFIEx1377@4.09 ESPx246@23.44 JAKKx743@7.31 ENSGx381@15.36 FACx2350@2.42 
Value: 28388.37
Sales: PFIEx1377@4.09 FACx2350@2.42 ENSGx381@15.36 JAKKx743@7.31 ESPx246@23.44 
Purchases: CSIQx242@23.45 PRTKx2811@2.02 RIBTx989@5.74 RILYx630@9.00 JKSx229@24.70 

2014-06-05
Cash: 33.63
Held: JKSx229@24.47 CSIQx242@24.05 RILYx630@9.00 PRTKx2811@2.00 RIBTx989@5.89 
Value: 28574.15
Sales: CSIQx242@24.05 PRTKx2811@2.00 RIBTx989@5.89 RILYx630@9.00 JKSx229@24.47 
Purchases: PVHx47@119.69 NFECx3997@1.43 PYTx283@20.14 GYBx282@20.22 SPEXx3402@1.68 

2014-06-08
Cash: 118.59
Held: NFECx3997@1.46 GYBx282@20.50 SPEXx3402@1.73 PYTx283@19.73 PVHx47@121.56 
Value: 28920.38
Sales: PYTx283@19.73 NFECx3997@1.46 GYBx282@20.50 SPEXx3402@1.73 PVHx47@121.56 
Purchases: SMSIx7140@0.81 AEYx2088@2.77 VTNRx620@9.33 HRIx214@26.94 KONEx1136@5.09 

2014-06-09
Cash: 23.65
Held: AEYx2088@2.78 VTNRx620@9.52 HRIx214@27.23 SMSIx7140@0.82 KONEx1136@5.30 
Value: 29434.75
Sales: AEYx2088@2.78 SMSIx7140@0.82 VTNRx620@9.52 HRIx214@27.23 KONEx1136@5.30 
Purchases: AEHRx2737@2.15 GIGAx2432@2.42 NSRx241@24.39 ODCx187@31.33 LINKx735@8.01 

2014-06-10
Cash: 41.63
Held: AEHRx2737@2.35 ODCx187@30.58 GIGAx2432@2.58 NSRx241@24.16 LINKx735@8.01 
Value: 30172.77
Sales: AEHRx2737@2.35 LINKx735@8.01 NSRx241@24.16 ODCx187@30.58 GIGAx2432@2.58 
Purchases: INOx684@8.82 LONEx16304@0.37 SYNx4076@1.48 QRHCx1311@4.60 RELVx3529@1.71 

2014-06-11
Cash: 3.80
Held: RELVx3529@1.78 INOx684@8.81 QRHCx1311@4.62 SYNx4076@1.42 LONEx16304@0.37 
Value: 30194.38
Sales: INOx684@8.81 LONEx16304@0.37 RELVx3529@1.78 QRHCx1311@4.62 SYNx4076@1.42 
Purchases: CGAx2580@2.34 UNXLx738@8.17 OREXx1063@5.68 GGALx441@13.69 TBBKx529@11.40 

2014-06-12
Cash: 23.27
Held: GGALx441@13.82 OREXx1063@5.85 TBBKx529@11.37 UNXLx738@8.02 CGAx2580@2.31 
Value: 30233.99
Sales: CGAx2580@2.31 UNXLx738@8.02 OREXx1063@5.85 GGALx441@13.82 TBBKx529@11.37 
Purchases: OMERx428@14.11 INVTx1778@3.40 VHIx1163@5.20 ARIAx947@6.38 DSSx4169@1.45 

2014-06-15
Cash: 15.90
Held: INVTx1778@3.29 DSSx4169@1.44 ARIAx947@6.46 OMERx428@14.18 VHIx1163@5.11 
Value: 29998.62
Sales: ARIAx947@6.46 INVTx1778@3.29 VHIx1163@5.11 DSSx4169@1.44 OMERx428@14.18 
Purchases: BCLIx1401@4.28 FNSRx308@19.44 SXLx132@45.25 PTIEx1158@5.18 KOOLx4137@1.45 

2014-06-16
Cash: 43.30
Held: PTIEx1158@5.40 KOOLx4137@1.48 FNSRx308@19.58 SXLx132@45.06 BCLIx1401@4.35 
Value: 30494.25
Sales: BCLIx1401@4.35 FNSRx308@19.58 SXLx132@45.06 PTIEx1158@5.40 KOOLx4137@1.48 
Purchases: PZEx1007@6.05 VRTXx92@65.88 SUMRx2032@3.00 XTLBx1955@3.12 ENGx1728@3.53 

2014-06-17
Cash: 48.06
Held: XTLBx1955@3.12 VRTXx92@65.06 ENGx1728@3.46 SUMRx2032@2.94 PZEx1007@6.29 
Value: 30418.29
Sales: VRTXx92@65.06 PZEx1007@6.29 SUMRx2032@2.94 XTLBx1955@3.12 ENGx1728@3.46 
Purchases: REIx352@17.28 SIFYx2578@2.36 INVTx2090@2.91 PRPHx3826@1.59 INSx4167@1.46 

2014-06-18
Cash: 4.19
Held: PRPHx3826@1.61 INVTx2090@3.03 INSx4167@1.48 SIFYx2578@2.27 REIx352@17.48 
Value: 30671.09
Sales: REIx352@17.48 INVTx2090@3.03 SIFYx2578@2.27 PRPHx3826@1.61 INSx4167@1.48 
Purchases: CBPOx147@41.66 UTEKx270@22.69 UFSx140@43.78 MTSLx3834@1.60 RNVAx2826@2.17 

2014-06-19
Cash: 27.52
Held: UTEKx270@22.47 CBPOx147@42.56 UFSx140@44.22 RNVAx2826@1.95 MTSLx3834@1.54 
Value: 29957.16
Sales: CBPOx147@42.56 RNVAx2826@1.95 UTEKx270@22.47 MTSLx3834@1.54 UFSx140@44.22 
Purchases: ZSLx81@73.94 COHx172@34.72 PIRx394@15.18 KBRx247@24.20 NOKx773@7.75 

2014-06-22
Cash: 46.88
Held: PIRx394@15.39 COHx172@34.03 KBRx247@23.98 ZSLx81@73.81 NOKx773@7.89 
Value: 29966.57
Sales: KBRx247@23.98 COHx172@34.03 PIRx394@15.39 NOKx773@7.89 ZSLx81@73.81 
Purchases: TTNPx7783@0.77 SGCx352@16.98 LEUx1997@3.00 RIBTx1161@5.16 AOBCx391@15.30 

2014-06-23
Cash: 31.99
Held: AOBCx391@14.89 TTNPx7783@0.78 LEUx1997@2.92 SGCx352@16.61 RIBTx1161@5.18 
Value: 29614.49
Sales: RIBTx1161@5.18 SGCx352@16.61 AOBCx391@14.89 TTNPx7783@0.78 LEUx1997@2.92 
Purchases: PRKRx3845@1.54 NETEx3526@1.68 IGCx4200@1.41 NCITx662@8.94 CBMGx483@12.26 

2014-06-24
Cash: 10.66
Held: PRKRx3845@1.49 IGCx4200@1.42 CBMGx483@12.85 NETEx3526@1.72 NCITx662@8.97 
Value: 29912.65
Sales: PRKRx3845@1.49 NETEx3526@1.72 IGCx4200@1.42 NCITx662@8.97 CBMGx483@12.85 
Purchases: ADMPx1246@4.80 PRKRx4014@1.49 OHRPx818@7.31 GIGAx2216@2.70 LINKx738@8.10 

2014-06-25
Cash: 10.23
Held: OHRPx818@9.90 PRKRx4014@1.58 GIGAx2216@2.59 LINKx738@8.10 ADMPx1246@4.78 
Value: 32125.07
Sales: ADMPx1246@4.78 PRKRx4014@1.58 OHRPx818@9.90 GIGAx2216@2.59 LINKx738@8.10 
Purchases: MLSSx3569@1.80 GBRx1736@3.70 HGSHx2424@2.65 NUROx3196@2.01 IMGNx544@11.79 

2014-06-26
Cash: 18.71
Held: NUROx3196@1.98 MLSSx3569@1.80 GBRx1736@3.84 HGSHx2424@2.68 IMGNx544@11.91 
Value: 32410.32
Sales: MLSSx3569@1.80 GBRx1736@3.84 HGSHx2424@2.68 NUROx3196@1.98 IMGNx544@11.91 
Purchases: WMLPx7625@0.85 BMAx181@35.66 KONEx1231@5.26 SCSx417@15.52 NTNx12465@0.52 

2014-06-29
Cash: 42.06
Held: SCSx417@15.13 KONEx1231@5.84 BMAx181@36.03 NTNx12465@0.53 WMLPx7625@0.84 
Value: 33070.52
Sales: WMLPx7625@0.84 BMAx181@36.03 KONEx1231@5.84 SCSx417@15.13 NTNx12465@0.53 
Purchases: WKHSx66157@0.10 GAIAx861@7.68 OGENx3391@1.95 ISNSx2003@3.30 FNCXx1528@4.33 

2014-06-30
Cash: 6.28
Held: FNCXx1528@4.17 ISNSx2003@3.36 GAIAx861@7.51 OGENx3391@1.95 WKHSx66157@0.10 
Value: 32804.52
Sales: FNCXx1528@4.17 GAIAx861@7.51 OGENx3391@1.95 ISNSx2003@3.36 WKHSx66157@0.10 
Purchases: RYNx187@34.97 DAGx916@7.16 IOTx1046@6.27 HBPx1457@4.50 RELVx4206@1.56 

2014-07-01
Cash: 32.67
Held: RELVx4206@1.60 IOTx1046@6.50 RYNx187@34.97 HBPx1457@4.60 DAGx916@7.21 
Value: 33408.48
Sales: RYNx187@34.97 DAGx916@7.21 IOTx1046@6.50 RELVx4206@1.60 HBPx1457@4.60 
Purchases: FNFx234@28.55 SYMXx3977@1.68 OSBCPx674@9.91 BPTHx2369@2.82 STAAx482@13.85 

2014-07-02
Cash: 13.81
Held: OSBCPx674@9.90 FNFx234@28.44 SYMXx3977@1.63 BPTHx2369@2.94 STAAx482@14.15 
Value: 33604.89
Sales: FNFx234@28.44 SYMXx3977@1.63 OSBCPx674@9.90 BPTHx2369@2.94 STAAx482@14.15 
Purchases: OHRPx827@8.12 LINCx1596@4.21 JOEx276@24.27 BIOLx3296@2.04 ADGEx4099@1.64 

2014-07-06
Cash: 32.34
Held: JOEx276@23.92 OHRPx827@7.91 ADGEx4099@1.50 LINCx1596@4.05 BIOLx3296@1.99 
Value: 32349.83
Sales: OHRPx827@7.91 LINCx1596@4.05 JOEx276@23.92 BIOLx3296@1.99 ADGEx4099@1.50 
Purchases: RGSEx2536@2.55 WCSTx2352@2.75 LEUx1071@6.04 SSKNx22307@0.29 LAKEx983@6.58 

2014-07-07
Cash: 9.02
Held: RGSEx2536@2.55 SSKNx22307@0.28 LAKEx983@6.59 LEUx1071@6.31 WCSTx2352@2.75 
Value: 32426.73
Sales: RGSEx2536@2.55 LEUx1071@6.31 SSKNx22307@0.28 WCSTx2352@2.75 LAKEx983@6.59 
Purchases: SMSIx5690@1.14 GNVCx2737@2.37 CBAKx2098@3.09 ARRYx1547@4.19 COOLx502@12.90 

2014-07-08
Cash: 16.18
Held: COOLx502@13.02 SMSIx5690@1.12 ARRYx1547@4.10 GNVCx2737@2.39 CBAKx2098@3.37 
Value: 32884.13
Sales: SMSIx5690@1.12 GNVCx2737@2.39 CBAKx2098@3.37 ARRYx1547@4.10 COOLx502@13.02 
Purchases: OMERx445@14.75 HRTXx640@10.27 RELVx4600@1.43 AOIx26@248.00 JKSx246@26.70 

2014-07-09
Cash: 151.85
Held: RELVx4600@1.40 JKSx246@26.22 AOIx26@256.00 OMERx445@14.61 HRTXx640@10.28 
Value: 32780.63
Sales: OMERx445@14.61 HRTXx640@10.28 RELVx4600@1.40 AOIx26@256.00 JKSx246@26.22 
Purchases: FNCXx2061@3.18 IPCIx2285@2.87 MYRGx263@24.86 LEUx1207@5.43 SPILx791@8.28 

2014-07-10
Cash: 29.19
Held: FNCXx2061@3.21 LEUx1207@5.49 IPCIx2285@2.83 SPILx791@8.28 MYRGx263@24.97 
Value: 32855.26
Sales: FNCXx2061@3.21 IPCIx2285@2.83 MYRGx263@24.97 LEUx1207@5.49 SPILx791@8.28 
Purchases: CXDCx1039@6.32 LLx119@54.88 SRPTx298@21.98 NETEx5093@1.29 BAAx19321@0.34 

2014-07-13
Cash: 65.98
Held: SRPTx298@21.81 BAAx19321@0.33 LLx119@55.16 NETEx5093@1.21 CXDCx1039@5.91 
Value: 31810.13
Sales: CXDCx1039@5.91 LLx119@55.16 SRPTx298@21.81 NETEx5093@1.21 BAAx19321@0.33 
Purchases: NYNYx1014@6.27 CADCx1429@4.45 SGRPx4449@1.43 ISLEx750@8.48 MBVXx5215@1.22 

2014-07-14
Cash: 15.91
Held: SGRPx4449@1.44 ISLEx750@8.42 CADCx1429@4.27 NYNYx1014@6.17 MBVXx5215@1.21 
Value: 31410.18
Sales: NYNYx1014@6.17 CADCx1429@4.27 SGRPx4449@1.44 ISLEx750@8.42 MBVXx5215@1.21 
Purchases: ATVx514@12.20 MBVXx5191@1.21 DRWIx126@49.75 DLHCx3490@1.80 HLITx1050@5.98 

2014-07-15
Cash: 27.55
Held: DLHCx3490@1.83 HLITx1050@6.01 ATVx514@12.80 DRWIx126@50.00 MBVXx5191@1.20 
Value: 31834.64
Sales: ATVx514@12.80 MBVXx5191@1.20 DRWIx126@50.00 HLITx1050@6.01 DLHCx3490@1.83 
Purchases: EXELx1744@3.65 OPTTx5534@1.15 YTENx9503@0.67 CBIOx226@28.06 IGCx5948@1.07 

2014-07-16
Cash: 27.48
Held: YTENx9503@0.62 EXELx1744@3.43 IGCx5948@1.06 CBIOx226@26.73 OPTTx5534@1.15 
Value: 30612.39
Sales: EXELx1744@3.43 OPTTx5534@1.15 YTENx9503@0.62 CBIOx226@26.73 IGCx5948@1.06 
Purchases: EGTx2125@2.88 BBRYx630@9.71 CAWx1719@3.56 MTGx789@7.75 LCIx165@36.97 

2014-07-17
Cash: 37.50
Held: CAWx1719@3.58 MTGx789@7.86 EGTx2125@3.12 LCIx165@38.19 BBRYx630@10.04 
Value: 31646.42
Sales: LCIx165@38.19 CAWx1719@3.58 MTGx789@7.86 BBRYx630@10.04 EGTx2125@3.12 
Purchases: RNNx9173@0.69 WPCSx10048@0.63 TZOOx360@17.56 OHGIx1528@4.14 OIBR.Cx9173@0.69 

2014-07-20
Cash: 10.32
Held: WPCSx10048@0.65 OHGIx1528@4.30 OIBR.Cx9173@0.70 TZOOx360@17.77 RNNx9173@0.66 
Value: 31986.26
Sales: RNNx9173@0.66 WPCSx10048@0.65 TZOOx360@17.77 OHGIx1528@4.30 OIBR.Cx9173@0.70 
Purchases: KEGx924@6.92 SBOTx9405@0.68 RPx388@16.48 AMDx1692@3.78 BISx86@73.62 

2014-07-21
Cash: 71.13
Held: RPx388@16.38 KEGx924@6.86 AMDx1692@3.80 SBOTx9405@0.70 BISx86@71.94 
Value: 31965.58
Sales: KEGx924@6.86 SBOTx9405@0.70 RPx388@16.38 AMDx1692@3.80 BISx86@71.94 
Purchases: PZEx991@6.45 GRBKx814@7.85 DGLYx1354@4.72 EZPWx670@9.53 SCKTx4262@1.50 

2014-07-22
Cash: 15.11
Held: EZPWx670@9.66 GRBKx814@8.70 SCKTx4262@1.59 DGLYx1354@4.66 PZEx991@6.54 
Value: 33135.12
Sales: PZEx991@6.54 GRBKx814@8.70 DGLYx1354@4.66 EZPWx670@9.66 SCKTx4262@1.59 
Purchases: BXSx313@21.14 SILCx226@29.20 SSKNx2727@2.43 ITIx3897@1.70 EDUx322@20.53 

2014-07-23
Cash: 55.71
Held: EDUx322@19.39 ITIx3897@1.74 SSKNx2727@2.52 SILCx226@28.00 BXSx313@21.55 
Value: 33024.12
Sales: SILCx226@28.00 BXSx313@21.55 ITIx3897@1.74 SSKNx2727@2.52 EDUx322@19.39 
Purchases: CNMDx170@38.69 STMx758@8.70 NETEx3085@2.14 FDMLx370@17.83 LSCCx893@7.39 

2014-07-24
Cash: 50.21
Held: CNMDx170@39.34 STMx758@8.57 FDMLx370@17.66 LSCCx893@7.06 NETEx3085@2.18 
Value: 32795.42
Sales: CNMDx170@39.34 STMx758@8.57 NETEx3085@2.18 FDMLx370@17.66 LSCCx893@7.06 
Purchases: IQNTx572@11.45 KEMx1293@5.07 CLFDx495@13.23 IINx964@6.80 DHIx303@21.61 

2014-07-27
Cash: 37.58
Held: IINx964@7.00 CLFDx495@13.08 DHIx303@21.48 IQNTx572@11.11 KEMx1293@5.05 
Value: 32654.24
Sales: IQNTx572@11.11 CLFDx495@13.08 IINx964@7.00 KEMx1293@5.05 DHIx303@21.48 
Purchases: DRWIx171@38.00 AWREx1407@4.64 AMZNx20@320.50 MXWLx580@11.26 TPXx119@54.81 

2014-07-28
Cash: 164.66
Held: TPXx119@54.28 DRWIx171@39.25 AMZNx20@320.00 AWREx1407@4.46 MXWLx580@10.96 
Value: 32369.76
Sales: DRWIx171@39.25 AWREx1407@4.46 AMZNx20@320.00 MXWLx580@10.96 TPXx119@54.28 
Purchases: NCTYx1854@3.49 CWEIx57@112.50 DWSNx509@12.72 AWIx130@49.56 MARKx922@7.02 

2014-07-29
Cash: 97.39
Held: CWEIx57@109.38 AWIx130@49.09 DWSNx509@11.88 NCTYx1854@3.50 MARKx922@7.20 
Value: 31888.98
Sales: CWEIx57@109.38 NCTYx1854@3.50 DWSNx509@11.88 AWIx130@49.09 MARKx922@7.20 
Purchases: CBRx1678@3.80 HLFx114@55.84 IPXLx272@23.38 HILx1339@4.76 TLRDx123@51.59 

2014-07-30
Cash: 65.11
Held: HLFx114@52.41 IPXLx272@23.39 CBRx1678@3.49 HILx1339@4.81 TLRDx123@50.31 
Value: 30885.43
Sales: CBRx1678@3.49 HLFx114@52.41 IPXLx272@23.39 HILx1339@4.81 TLRDx123@50.31 
Purchases: RTx1027@6.01 UIHCx425@14.52 YTENx12354@0.50 PWEx799@7.73 GNWx471@13.10 

2014-07-31
Cash: 14.46
Held: RTx1027@5.91 YTENx12354@0.43 GNWx471@13.07 UIHCx425@14.93 PWEx799@7.58 
Value: 29951.72
Sales: RTx1027@5.91 UIHCx425@14.93 YTENx12354@0.43 PWEx799@7.58 GNWx471@13.07 
Purchases: CLUBx1390@4.31 HGGx864@6.93 EDAPx3255@1.84 QUIKx1804@3.32 EHTHx295@20.27 

2014-08-03
Cash: 18.63
Held: QUIKx1804@3.39 CLUBx1390@4.14 EHTHx295@21.23 HGGx864@6.83 EDAPx3255@1.61 
Value: 29296.12
Sales: CLUBx1390@4.14 HGGx864@6.83 EDAPx3255@1.61 QUIKx1804@3.39 EHTHx295@21.23 
Purchases: CASMx3685@1.59 WEBx295@19.84 ADGEx4341@1.35 XTNTx1181@4.96 PXLWx943@6.21 

2014-08-04
Cash: 9.20
Held: WEBx295@19.69 PXLWx943@6.04 XTNTx1181@5.10 CASMx3685@1.60 ADGEx4341@1.28 
Value: 28989.03
Sales: CASMx3685@1.60 WEBx295@19.69 ADGEx4341@1.28 XTNTx1181@5.10 PXLWx943@6.04 
Purchases: LTBRx1932@3.00 FNCXx2827@2.05 SAJAx1104@5.25 NEx218@26.55 ASPSx68@84.06 

2014-08-05
Cash: 96.00
Held: FNCXx2827@2.02 LTBRx1932@2.96 NEx218@26.44 SAJAx1104@5.95 ASPSx68@86.69 
Value: 29751.81
Sales: LTBRx1932@2.96 FNCXx2827@2.02 SAJAx1104@5.95 NEx218@26.44 ASPSx68@86.69 
Purchases: CRRx56@104.56 AMSCx348@17.09 ROIAx1776@3.35 ROIAKx1792@3.32 AREXx336@17.70 

2014-08-06
Cash: 100.53
Held: ROIAKx1792@3.07 AREXx336@17.50 AMSCx348@18.00 ROIAx1776@2.92 CRRx56@101.88 
Value: 28637.31
Sales: CRRx56@101.88 ROIAx1776@2.92 ROIAKx1792@3.07 AMSCx348@18.00 AREXx336@17.50 
Purchases: LINCx2121@2.70 Sx974@5.88 NCMIx403@14.19 LIOXx1142@5.01 APEIx193@29.66 

2014-08-07
Cash: 21.61
Held: LIOXx1142@5.14 LINCx2121@2.59 NCMIx403@14.71 Sx974@5.67 APEIx193@29.77 
Value: 28582.94
Sales: LINCx2121@2.59 Sx974@5.67 LIOXx1142@5.14 APEIx193@29.77 NCMIx403@14.71 
Purchases: MNTXx475@12.02 EVCx1216@4.70 ARCIx1970@2.90 OMEx489@11.69 GSITx1032@5.54 

2014-08-10
Cash: 12.29
Held: EVCx1216@4.46 MNTXx475@11.95 ARCIx1970@3.04 GSITx1032@5.23 OMEx489@12.29 
Value: 28508.67
Sales: MNTXx475@11.95 EVCx1216@4.46 ARCIx1970@3.04 OMEx489@12.29 GSITx1032@5.23 
Purchases: TEARx1638@3.48 FNCXx1845@3.09 KNDx290@19.59 XTNTx1296@4.40 CPSTx239@23.80 

2014-08-11
Cash: 36.89
Held: KNDx290@19.41 XTNTx1296@4.63 FNCXx1845@2.99 TEARx1638@3.36 CPSTx239@23.80 
Value: 28370.85
Sales: TEARx1638@3.36 FNCXx1845@2.99 KNDx290@19.41 XTNTx1296@4.63 CPSTx239@23.80 
Purchases: WGBSx515@11.00 WACx231@24.55 VBFCx243@23.31 XTLBx2296@2.47 INOx653@8.68 

2014-08-12
Cash: 30.02
Held: VBFCx243@23.55 XTLBx2296@2.40 INOx653@9.58 WGBSx515@11.00 WACx231@25.00 
Value: 28957.72
Sales: WGBSx515@11.00 INOx653@9.58 WACx231@25.00 VBFCx243@23.55 XTLBx2296@2.40 
Purchases: MNKDx775@7.47 BDEx721@8.03 INTXx1613@3.59 RGENx285@20.31 TTECx220@26.22 

2014-08-13
Cash: 31.30
Held: MNKDx775@7.05 INTXx1613@3.66 RGENx285@19.19 TTECx220@26.61 BDEx721@7.98 
Value: 28475.91
Sales: MNKDx775@7.05 RGENx285@19.19 BDEx721@7.98 INTXx1613@3.66 TTECx220@26.61 
Purchases: VLGEAx281@20.23 MSLIx2966@1.92 CREEx127@44.72 MXWLx608@9.36 CTSOx876@6.50 

2014-08-14
Cash: 31.78
Held: CREEx127@44.00 CTSOx876@6.58 MSLIx2966@1.89 VLGEAx281@19.22 MXWLx608@9.30 
Value: 28039.88
Sales: VLGEAx281@19.22 MSLIx2966@1.89 CREEx127@44.00 MXWLx608@9.30 CTSOx876@6.58 
Purchases: PNTRx686@8.17 RMTIx547@10.24 OCLRx3317@1.69 CHCIx651@8.61 CBMGx247@22.62 

2014-08-17
Cash: 31.27
Held: RMTIx547@10.39 CHCIx651@8.40 PNTRx686@7.86 OCLRx3317@1.70 CBMGx247@21.52 
Value: 27527.76
Sales: OCLRx3317@1.70 RMTIx547@10.39 PNTRx686@7.86 CHCIx651@8.40 CBMGx247@21.52 
Purchases: BHx14@385.75 CPHIx21174@0.26 LEUx1013@5.43 XINx1605@3.43 RTNBx5505@1.00 

2014-08-18
Cash: 111.89
Held: XINx1605@3.50 CPHIx21174@0.27 LEUx1013@5.04 RTNBx5505@1.00 BHx14@386.50 
Value: 27467.35
Sales: BHx14@386.50 CPHIx21174@0.27 LEUx1013@5.04 XINx1605@3.50 RTNBx5505@1.00 
Purchases: ROXx5388@1.02 ALNx4656@1.18 ACYx497@11.05 DYNTx1254@4.38 MITKx2279@2.41 

2014-08-19
Cash: 7.30
Held: DYNTx1254@4.22 ACYx497@11.07 ALNx4656@1.20 MITKx2279@2.28 ROXx5388@1.02 
Value: 27075.42
Sales: ALNx4656@1.20 ROXx5388@1.02 ACYx497@11.07 DYNTx1254@4.22 MITKx2279@2.28 
Purchases: INBKx317@17.06 JOEx254@21.30 ECTx815@6.64 FSNNx1203@4.50 NVCNx1025@5.28 

2014-08-20
Cash: 18.31
Held: JOEx254@21.16 ECTx815@6.61 NVCNx1025@5.22 INBKx317@17.19 FSNNx1203@4.50 
Value: 26989.80
Sales: INBKx317@17.19 ECTx815@6.61 FSNNx1203@4.50 JOEx254@21.16 NVCNx1025@5.22 
Purchases: NBYx6922@0.78 WPCSx5345@1.01 XRAx7709@0.70 STVx1332@4.05 PLXx2212@2.44 

2014-08-21
Cash: 5.41
Held: WPCSx5345@1.03 XRAx7709@0.70 NBYx6922@0.74 STVx1332@4.14 PLXx2212@2.44 
Value: 26945.31
Sales: NBYx6922@0.74 WPCSx5345@1.03 XRAx7709@0.70 STVx1332@4.14 PLXx2212@2.44 
Purchases: CYTXx262@20.55 CALIx3431@1.57 CORTx1996@2.70 SSIx323@16.64 SHLDx162@33.09 

2014-08-24
Cash: 50.54
Held: CALIx3431@1.79 CORTx1996@2.81 SHLDx162@33.44 SSIx323@16.62 CYTXx262@20.55 
Value: 27972.05
Sales: CORTx1996@2.81 CALIx3431@1.79 CYTXx262@20.55 SSIx323@16.62 SHLDx162@33.44 
Purchases: CVGIx674@8.30 RGSEx3453@1.62 WGBSx1203@4.65 BSPMx421@13.28 OZMx473@11.82 

2014-08-25
Cash: 11.20
Held: RGSEx3453@1.50 CVGIx674@8.13 WGBSx1203@4.57 OZMx473@12.26 BSPMx421@13.30 
Value: 27566.23
Sales: WGBSx1203@4.57 RGSEx3453@1.50 CVGIx674@8.13 BSPMx421@13.30 OZMx473@12.26 
Purchases: NTWKx1990@2.77 FSIx3402@1.62 HIHOx1636@3.37 SPUx4556@1.21 BORNx2461@2.24 

2014-08-26
Cash: 5.52
Held: SPUx4556@1.19 NTWKx1990@3.88 FSIx3402@1.58 HIHOx1636@3.39 BORNx2461@2.33 
Value: 29808.83
Sales: NTWKx1990@3.88 FSIx3402@1.58 HIHOx1636@3.39 SPUx4556@1.19 BORNx2461@2.33 
Purchases: ABEOx19869@0.30 HUBGx135@44.00 KOSSx2276@2.62 MOVx153@38.78 ALQAx1180@5.05 

2014-08-27
Cash: 52.55
Held: ALQAx1180@5.15 MOVx153@37.06 HUBGx135@43.16 ABEOx19869@0.32 KOSSx2276@2.35 
Value: 29331.51
Sales: KOSSx2276@2.35 ALQAx1180@5.15 HUBGx135@43.16 MOVx153@37.06 ABEOx19869@0.32 
Purchases: ELTKx3860@1.52 COYNx345@17.00 GENEx8262@0.71 AOBCx527@11.12 XKEx828@7.08 

2014-08-28
Cash: 15.98
Held: GENEx8262@0.66 AOBCx527@11.07 XKEx828@7.25 ELTKx3860@1.53 COYNx345@16.50 
Value: 28906.60
Sales: ELTKx3860@1.53 COYNx345@16.50 GENEx8262@0.66 AOBCx527@11.07 XKEx828@7.25 
Purchases: KOSSx2512@2.30 ONPx3303@1.75 COYNx350@16.50 WSMx87@65.75 GMANx1633@3.54 

2014-09-01
Cash: 72.24
Held: WSMx87@65.56 ONPx3303@1.75 KOSSx2512@2.26 GMANx1633@3.55 COYNx350@15.00 
Value: 28281.39
Sales: KOSSx2512@2.26 ONPx3303@1.75 COYNx350@15.00 WSMx87@65.56 GMANx1633@3.55 
Purchases: PEDx3107@1.82 PBBIx808@7.00 SBOTx3900@1.45 FROx2800@2.02 KNDIx322@17.55 

2014-09-02
Cash: 9.14
Held: PBBIx808@6.99 KNDIx322@17.25 FROx2800@1.78 PEDx3107@1.76 SBOTx3900@1.73 
Value: 28411.35
Sales: PEDx3107@1.76 PBBIx808@6.99 SBOTx3900@1.73 FROx2800@1.78 KNDIx322@17.25 
Purchases: CVTIx449@12.64 CLDx399@14.23 VCELx1691@3.36 RIBTx1149@4.94 CONNx186@30.42 

2014-09-03
Cash: 42.47
Held: CVTIx449@12.55 CONNx186@29.44 VCELx1691@3.31 CLDx399@14.23 RIBTx1149@4.96 
Value: 28126.04
Sales: CLDx399@14.23 VCELx1691@3.31 CONNx186@29.44 CVTIx449@12.55 RIBTx1149@4.96 
Purchases: CPHIx24459@0.23 DEPOx405@13.86 YANGx441@12.75 RPRXx327@17.16 PHMDx753@7.47 

2014-09-04
Cash: 31.09
Held: RPRXx327@16.77 CPHIx24459@0.24 PHMDx753@7.49 DEPOx405@13.95 YANGx441@12.45 
Value: 28164.89
Sales: CPHIx24459@0.24 DEPOx405@13.95 YANGx441@12.45 RPRXx327@16.77 PHMDx753@7.49 
Purchases: SCVLx290@19.41 IDNx1085@5.19 MINDx532@10.57 ISNSx839@6.71 AVAVx187@30.09 

2014-09-07
Cash: 22.98
Held: SCVLx290@19.31 ISNSx839@6.41 AVAVx187@30.61 MINDx532@10.36 IDNx1085@5.02 
Value: 27683.06
Sales: SCVLx290@19.31 AVAVx187@30.61 MINDx532@10.36 ISNSx839@6.41 IDNx1085@5.02 
Purchases: ZUMZx187@29.58 BDRx3767@1.47 SHIPx3643@1.52 HGSHx706@7.84 AUMNx7584@0.73 

2014-09-08
Cash: 8.74
Held: SHIPx3643@1.56 ZUMZx187@28.95 AUMNx7584@0.72 HGSHx706@7.37 BDRx3767@1.48 
Value: 27347.51
Sales: SHIPx3643@1.56 BDRx3767@1.48 ZUMZx187@28.95 HGSHx706@7.37 AUMNx7584@0.72 
Purchases: TCCOx1173@4.66 UGIx151@36.00 VIIx1608@3.40 KERXx373@14.63 AXASx1041@5.25 

2014-09-09
Cash: 54.03
Held: AXASx1041@5.40 UGIx151@35.69 VIIx1608@3.33 KERXx373@14.40 TCCOx1173@4.47 
Value: 27029.85
Sales: TCCOx1173@4.47 UGIx151@35.69 VIIx1608@3.33 KERXx373@14.40 AXASx1041@5.40 
Purchases: NHTCx421@12.81 MXLx780@6.92 GIGAx2320@2.33 LEUx1700@3.18 RADAx1535@3.52 

2014-09-10
Cash: 22.99
Held: RADAx1535@3.65 GIGAx2320@2.29 LEUx1700@3.02 NHTCx421@11.61 MXLx780@6.81 
Value: 26268.42
Sales: NHTCx421@11.61 MXLx780@6.81 GIGAx2320@2.29 LEUx1700@3.02 RADAx1535@3.65 
Purchases: UAMYx4528@1.16 MGCDx769@6.83 JVAx871@6.03 MFRIx502@10.45 STRMx1300@4.04 

2014-09-11
Cash: 12.93
Held: UAMYx4528@1.18 MFRIx502@10.43 JVAx871@6.09 MGCDx769@6.83 STRMx1300@4.09 
Value: 26462.14
Sales: UAMYx4528@1.18 MGCDx769@6.83 JVAx871@6.09 STRMx1300@4.09 MFRIx502@10.43 
Purchases: INVEx352@15.03 SYMXx4523@1.17 OREXx1025@5.16 MTSLx3150@1.68 MBVXx882@6.00 

2014-09-14
Cash: 7.41
Held: INVEx352@15.02 OREXx1025@4.88 SYMXx4523@1.11 MTSLx3150@1.50 MBVXx882@7.00 
Value: 26217.66
Sales: INVEx352@15.02 SYMXx4523@1.11 OREXx1025@4.88 MTSLx3150@1.50 MBVXx882@7.00 
Purchases: AMRNx3692@1.42 LDLx185@28.33 AXNx20974@0.25 LUNAx3541@1.48 DRNx373@14.04 

2014-09-15
Cash: 12.19
Held: AMRNx3692@1.35 DRNx373@14.44 LDLx185@28.73 AXNx20974@0.25 LUNAx3541@1.52 
Value: 26320.16
Sales: AMRNx3692@1.35 LDLx185@28.73 AXNx20974@0.25 LUNAx3541@1.52 DRNx373@14.44 
Purchases: NETEx2024@2.60 SPOKx362@14.52 SNMXx594@8.86 SYNx2956@1.78 RADAx1957@2.69 

2014-09-16
Cash: 12.85
Held: RADAx1957@2.86 SNMXx594@8.60 SYNx2956@1.75 SPOKx362@14.33 NETEx2024@2.98 
Value: 27110.22
Sales: NETEx2024@2.98 SPOKx362@14.33 SNMXx594@8.60 SYNx2956@1.75 RADAx1957@2.86 
Purchases: BBSIx111@48.50 OMEXx6231@0.87 ATx2409@2.25 VHCx711@7.62 COOLx622@8.70 

2014-09-17
Cash: 52.83
Held: COOLx622@8.58 VHCx711@5.37 OMEXx6231@0.87 ATx2409@2.45 BBSIx111@48.53 
Value: 25916.11
Sales: BBSIx111@48.53 OMEXx6231@0.87 ATx2409@2.45 VHCx711@5.37 COOLx622@8.58 
Purchases: NVLNx994@5.21 BOSCx1283@4.04 ISNSx1295@4.00 PEIXx312@16.61 ANTHx3180@1.63 

2014-09-18
Cash: 9.17
Held: ANTHx3180@1.61 NVLNx994@5.20 ISNSx1295@3.96 PEIXx312@15.97 BOSCx1283@4.14 
Value: 25722.20
Sales: NVLNx994@5.20 BOSCx1283@4.14 ANTHx3180@1.61 PEIXx312@15.97 ISNSx1295@3.96 
Purchases: MCHXx1286@4.00 RADx961@5.35 RPRXx565@9.10 IFONx2108@2.44 CETCx124@41.19 

2014-09-21
Cash: 43.34
Held: RPRXx565@8.86 IFONx2108@2.22 MCHXx1286@3.96 RADx961@5.11 CETCx124@37.59 
Value: 24395.63
Sales: MCHXx1286@3.96 IFONx2108@2.22 RPRXx565@8.86 RADx961@5.11 CETCx124@37.59 
Purchases: MUXx2345@2.08 NEONx2187@2.23 LEUx3387@1.44 QRHCx2886@1.69 CREGx4281@1.14 

2014-09-22
Cash: 3.66
Held: MUXx2345@2.22 CREGx4281@1.21 QRHCx2886@1.78 NEONx2187@2.16 LEUx3387@1.76 
Value: 26213.51
Sales: LEUx3387@1.76 NEONx2187@2.16 MUXx2345@2.22 QRHCx2886@1.78 CREGx4281@1.21 
Purchases: CRRx78@66.75 YUMAx1278@4.10 CBMXx19@265.50 THLDx1340@3.91 MTLx6554@0.80 

2014-09-23
Cash: 239.19
Held: THLDx1340@3.90 YUMAx1278@3.86 CRRx78@66.00 CBMXx19@290.25 MTLx6554@0.77 
Value: 26107.45
Sales: THLDx1340@3.90 YUMAx1278@3.86 CRRx78@66.00 MTLx6554@0.77 CBMXx19@290.25 
Purchases: VOXXx555@9.41 SBOTx4177@1.25 IFONx2573@2.03 MTLx6780@0.77 ACURx1450@3.60 

2014-09-24
Cash: 4.18
Held: IFONx2573@1.96 ACURx1450@3.50 SBOTx4177@1.16 VOXXx555@9.15 MTLx6780@0.72 
Value: 24928.58
Sales: ACURx1450@3.50 IFONx2573@1.96 SBOTx4177@1.16 MTLx6780@0.72 VOXXx555@9.15 
Purchases: ZNx3216@1.55 GRBKx796@6.26 RWCx1011@4.93 TPIVx7442@0.67 SPEXx6154@0.81 

2014-09-25
Cash: 5.50
Held: ZNx3216@1.62 GRBKx796@6.25 RWCx1011@5.01 SPEXx6154@0.82 TPIVx7442@0.56 
Value: 24470.80
Sales: ZNx3216@1.62 RWCx1011@5.01 GRBKx796@6.25 SPEXx6154@0.82 TPIVx7442@0.56 
Purchases: VIIx2065@2.37 ARCWx288@16.94 LEUx4572@1.07 NMx836@5.85 OGENx4044@1.21 

2014-09-28
Cash: 22.07
Held: NMx836@5.89 LEUx4572@0.83 VIIx2065@2.31 ARCWx288@16.23 OGENx4044@1.22 
Value: 23121.10
Sales: VIIx2065@2.31 ARCWx288@16.23 NMx836@5.89 OGENx4044@1.22 LEUx4572@0.83 
Purchases: AEYx2009@2.30 CBLIx507@9.12 RCGx3256@1.42 POWLx106@43.34 LGLx1201@3.85 

2014-09-29
Cash: 35.33
Held: CBLIx507@9.18 AEYx2009@2.32 POWLx106@40.88 RCGx3256@1.50 LGLx1201@3.85 
Value: 23191.07
Sales: AEYx2009@2.32 CBLIx507@9.18 RCGx3256@1.50 LGLx1201@3.85 POWLx106@40.88 
Purchases: LBJx234@19.81 XTLBx2728@1.70 UBRx110@42.09 ELGXx437@10.60 PGPx228@20.33 

2014-09-30
Cash: 18.81
Held: XTLBx2728@1.65 UBRx110@38.81 PGPx228@21.69 LBJx234@18.08 ELGXx437@10.66 
Value: 22622.26
Sales: ELGXx437@10.66 LBJx234@18.08 UBRx110@38.81 XTLBx2728@1.65 PGPx228@21.69 
Purchases: MSNx3591@1.26 SANWx1206@3.75 JRJCx768@5.89 RADAx1582@2.86 TAx481@9.39 

2014-10-01
Cash: 11.52
Held: RADAx1582@2.83 SANWx1206@3.83 JRJCx768@5.94 TAx481@9.21 MSNx3591@1.24 
Value: 22554.92
Sales: MSNx3591@1.24 SANWx1206@3.83 JRJCx768@5.94 RADAx1582@2.83 TAx481@9.21 
Purchases: ISNSx1473@3.06 CPRXx1663@2.71 LEUx609@7.40 SPEXx4296@1.05 WPRTx595@7.57 

2014-10-02
Cash: 18.50
Held: CPRXx1663@2.79 SPEXx4296@1.19 LEUx609@7.36 ISNSx1473@2.81 WPRTx595@7.20 
Value: 22676.13
Sales: ISNSx1473@2.81 WPRTx595@7.20 LEUx609@7.36 SPEXx4296@1.19 CPRXx1663@2.79 
Purchases: UAMYx3942@1.15 GTLSx96@47.22 GBRx3600@1.26 CREEx134@33.72 MTLx4448@1.02 

2014-10-05
Cash: 19.95
Held: CREEx134@33.53 UAMYx3942@1.06 GTLSx96@47.75 GBRx3600@1.07 MTLx4448@0.96 
Value: 21396.99
Sales: UAMYx3942@1.06 GTLSx96@47.75 GBRx3600@1.07 CREEx134@33.53 MTLx4448@0.96 
Purchases: QBAKx3423@1.25 CLFx518@8.25 DYNTx1251@3.42 KOSSx2403@1.78 TXx200@21.39 

2014-10-06
Cash: 10.30
Held: DYNTx1251@3.59 CLFx518@7.77 KOSSx2403@1.90 QBAKx3423@1.29 TXx200@22.12 
Value: 21933.25
Sales: QBAKx3423@1.29 CLFx518@7.77 DYNTx1251@3.59 KOSSx2403@1.90 TXx200@22.12 
Purchases: BZQx148@29.50 PRTSx1932@2.27 UISx212@20.62 RADAx1706@2.57 XTLBx2039@2.15 

2014-10-07
Cash: 40.42
Held: RADAx1706@2.40 XTLBx2039@1.96 UISx212@20.20 PRTSx1932@2.22 BZQx148@29.38 
Value: 21052.80
Sales: BZQx148@29.38 PRTSx1932@2.22 UISx212@20.20 XTLBx2039@1.96 RADAx1706@2.40 
Purchases: CETCx129@32.50 VIIx2251@1.87 GASLx238@17.69 CONNx149@28.22 WTWx166@25.27 

2014-10-08
Cash: 42.36
Held: CONNx149@26.98 WTWx166@24.62 GASLx238@14.61 VIIx2251@1.66 CETCx129@31.20 
Value: 19390.03
Sales: CETCx129@31.20 VIIx2251@1.66 GASLx238@14.61 CONNx149@26.98 WTWx166@24.62 
Purchases: CYTXx543@7.14 TILEx285@13.59 ARWRx560@6.92 TPIVx6462@0.60 OIIMx1685@2.30 

2014-10-09
Cash: 7.55
Held: TILEx285@14.13 TPIVx6462@0.55 OIIMx1685@2.06 ARWRx560@6.37 CYTXx543@6.96 
Value: 18407.86
Sales: TILEx285@14.13 CYTXx543@6.96 ARWRx560@6.37 TPIVx6462@0.55 OIIMx1685@2.06 
Purchases: INVEx365@10.08 PHXx154@23.80 ARCWx367@10.01 GASLx272@13.52 GPSx101@36.34 

2014-10-12
Cash: 42.67
Held: INVEx365@9.53 GPSx101@36.06 GASLx272@10.93 PHXx154@20.94 ARCWx367@9.18 
Value: 16730.08
Sales: INVEx365@9.53 PHXx154@20.94 ARCWx367@9.18 GASLx272@10.93 GPSx101@36.06 
Purchases: APHx73@45.56 ARCWx364@9.18 GTXIx7968@0.42 SOXLx47@70.44 INSGx1317@2.54 

2014-10-13
Cash: 62.17
Held: APHx73@46.44 GTXIx7968@0.45 SOXLx47@74.44 INSGx1317@2.56 ARCWx364@8.37 
Value: 16953.77
Sales: APHx73@46.44 ARCWx364@8.37 GTXIx7968@0.45 SOXLx47@74.44 INSGx1317@2.56 
Purchases: REXXx418@8.09 CPEx654@5.18 GASLx316@10.70 BZQx119@28.44 MBVXx678@5.00 

2014-10-14
Cash: 26.82
Held: GASLx316@12.18 REXXx418@8.90 CPEx654@5.48 BZQx119@31.38 MBVXx678@4.50 
Value: 17964.00
Sales: MBVXx678@4.50 CPEx654@5.48 GASLx316@12.18 BZQx119@31.38 REXXx418@8.90 
Purchases: CDXSx1548@2.32 EXACx176@20.41 IBIOx2585@1.39 AHPIx831@4.32 AEZSx37@97.00 

2014-10-15
Cash: 9.24
Held: AHPIx831@5.80 CDXSx1548@2.26 IBIOx2585@1.89 EXACx176@20.16 AEZSx37@108.00 
Value: 20756.04
Sales: CDXSx1548@2.26 EXACx176@20.16 IBIOx2585@1.89 AHPIx831@5.80 AEZSx37@108.00 
Purchases: SNNx141@29.39 PEDx4111@1.01 CENTAx589@7.04 NUSx95@43.53 DGSEx3808@1.09 

2014-10-16
Cash: 29.22
Held: SNNx141@30.42 DGSEx3808@1.11 CENTAx589@7.33 PEDx4111@0.99 NUSx95@43.59 
Value: 21075.45
Sales: SNNx141@30.42 PEDx4111@0.99 CENTAx589@7.33 NUSx95@43.59 DGSEx3808@1.11 
Purchases: TZOOx318@13.22 NFLXx11@357.00 FLLx3698@1.14 FLICx178@23.56 NRCIBx135@31.00 

2014-10-19
Cash: 351.34
Held: NRCIBx135@30.94 FLLx3698@1.28 NFLXx11@359.25 FLICx178@24.05 TZOOx318@12.74 
Value: 21546.46
Sales: TZOOx318@12.74 NFLXx11@359.25 FLLx3698@1.28 FLICx178@24.05 NRCIBx135@30.94 
Purchases: RENx1180@3.65 REN           x236@18.25 RPRXx691@6.23 PBHCx445@9.68 LAKEx288@14.93 

2014-10-20
Cash: 19.54
Held: RPRXx691@6.02 LAKEx288@14.94 REN           x236@18.80 RENx1180@3.76 PBHCx445@9.81 
Value: 21720.18
Sales: RENx1180@3.76 REN           x236@18.80 RPRXx691@6.02 LAKEx288@14.94 PBHCx445@9.81 
Purchases: VSRx1237@3.51 FORTYx177@24.52 IBIOx2496@1.74 AHPIx1029@4.22 DLHCx1677@2.59 

2014-10-21
Cash: 11.45
Held: VSRx1237@3.27 DLHCx1677@2.54 AHPIx1029@4.17 FORTYx177@24.52 IBIOx2496@1.77 
Value: 21362.74
Sales: VSRx1237@3.27 IBIOx2496@1.77 FORTYx177@24.52 AHPIx1029@4.17 DLHCx1677@2.54 
Purchases: MNGAx4108@1.04 CVMx6377@0.67 OCNx224@19.05 OMERx363@11.76 CETCx133@32.00 

2014-10-22
Cash: 27.58
Held: MNGAx4108@1.02 CVMx6377@0.69 OMERx363@12.18 OCNx224@19.52 CETCx133@29.00 
Value: 21265.30
Sales: MNGAx4108@1.02 CETCx133@29.00 CVMx6377@0.69 OCNx224@19.52 OMERx363@12.18 
Purchases: SINOx2336@1.82 CTGx482@8.82 LINCx1552@2.74 TPIVx13287@0.32 CHCIx675@6.30 

2014-10-23
Cash: 3.04
Held: CTGx482@8.48 TPIVx13287@0.31 LINCx1552@2.71 SINOx2336@1.82 CHCIx675@6.08 
Value: 20770.85
Sales: SINOx2336@1.82 CTGx482@8.48 LINCx1552@2.71 TPIVx13287@0.31 CHCIx675@6.08 
Purchases: UTEKx234@17.70 KZx702@5.91 VIIx2320@1.79 AIRMx92@45.06 EGTx2320@1.79 

