2013-02-28
Cash: 10000.00
Held: 
Value: 10000.00
Sales: 
Purchases: VUZIx370@5.40 IMHx179@11.14 GVAx66@30.16 NTLx161@12.36 FNCXx2632@0.76 

2013-03-03
Cash: 28.53
Held: IMHx179@11.10 FNCXx2632@0.77 GVAx66@30.27 NTLx161@13.59 VUZIx370@5.60 
Value: 10301.11
Sales: VUZIx370@5.60 IMHx179@11.10 GVAx66@30.27 NTLx161@13.59 FNCXx2632@0.77 
Purchases: MDRx195@10.52 LTBRx1157@1.78 DRAMx355@5.80 ATx348@5.91 ABIOx108@18.91 

2013-03-04
Cash: 31.37
Held: LTBRx1157@1.74 DRAMx355@5.40 ABIOx108@17.98 MDRx195@10.50 ATx348@5.68 
Value: 9927.61
Sales: LTBRx1157@1.74 DRAMx355@5.40 ATx348@5.68 ABIOx108@17.98 MDRx195@10.50 
Purchases: SCSSx115@17.19 DRWIx53@37.00 RPRXx195@10.18 ATx349@5.68 HLx494@4.01 

2013-03-05
Cash: 41.01
Held: RPRXx195@9.82 HLx494@4.09 DRWIx53@41.00 ATx349@5.66 SCSSx115@17.16 
Value: 10097.72
Sales: SCSSx115@17.16 DRWIx53@41.00 RPRXx195@9.82 ATx349@5.66 HLx494@4.09 
Purchases: JCPx139@14.43 HRTXx3481@0.58 CNITx2000@1.01 NUROx990@2.04 PRTKx376@5.37 

2013-03-06
Cash: 15.00
Held: NUROx990@2.02 PRTKx376@5.49 JCPx139@14.82 HRTXx3481@0.55 CNITx2000@1.38 
Value: 10811.59
Sales: PRTKx376@5.49 HRTXx3481@0.55 JCPx139@14.82 CNITx2000@1.38 NUROx990@2.02 
Purchases: AVAVx114@18.88 WKHSx9010@0.24 UGx108@19.98 RWCx1169@1.85 HNRGx297@7.27 

2013-03-07
Cash: 17.98
Held: RWCx1169@1.85 AVAVx114@19.02 HNRGx297@7.18 WKHSx9010@0.24 UGx108@20.56 
Value: 10863.38
Sales: AVAVx114@19.02 WKHSx9010@0.24 UGx108@20.56 RWCx1169@1.85 HNRGx297@7.18 
Purchases: NXx117@18.44 BORNx1429@1.52 MTGx442@4.91 TTNPx1263@1.72 INSYx181@11.99 

2013-03-10
Cash: 21.89
Held: INSYx181@13.99 TTNPx1263@1.75 NXx117@18.16 MTGx442@5.13 BORNx1429@1.60 
Value: 11441.83
Sales: NXx117@18.16 INSYx181@13.99 MTGx442@5.13 TTNPx1263@1.75 BORNx1429@1.60 
Purchases: FLx70@32.50 SBOTx4319@0.53 ANGOx214@10.65 SRNEx11444@0.20 MXWLx283@8.08 

2013-03-11
Cash: 25.57
Held: SRNEx11444@0.22 ANGOx214@10.77 SBOTx4319@0.54 FLx70@32.75 MXWLx283@7.74 
Value: 11663.29
Sales: FLx70@32.75 SBOTx4319@0.54 ANGOx214@10.77 SRNEx11444@0.22 MXWLx283@7.74 
Purchases: ERIIx599@3.89 IRCPx166@14.00 RDCMx673@3.46 GOROx179@13.02 AEZSx11@197.00 

2013-03-12
Cash: 181.40
Held: ERIIx599@3.74 RDCMx673@3.25 GOROx179@13.00 IRCPx166@14.40 AEZSx11@197.00 
Value: 11493.19
Sales: AEZSx11@197.00 GOROx179@13.00 IRCPx166@14.40 RDCMx673@3.25 ERIIx599@3.74 
Purchases: GIGMx2231@1.03 CALIx572@4.01 CBMXx3@760.50 ONPx1291@1.78 TNAVx354@6.48 

2013-03-13
Cash: 26.03
Held: ONPx1291@1.80 TNAVx354@6.42 CALIx572@3.80 GIGMx2231@1.06 CBMXx3@740.00 
Value: 11380.87
Sales: GIGMx2231@1.06 CALIx572@3.80 ONPx1291@1.80 CBMXx3@740.00 TNAVx354@6.42 
Purchases: SGMAx505@4.50 OGENx641@3.55 CVIx41@54.47 LEUx5552@0.41 COOLx91@24.78 

2013-03-14
Cash: 68.17
Held: CVIx41@55.00 COOLx91@25.19 SGMAx505@4.47 LEUx5552@0.34 OGENx641@3.90 
Value: 11260.27
Sales: SGMAx505@4.47 COOLx91@25.19 LEUx5552@0.34 OGENx641@3.90 CVIx41@55.00 
Purchases: SCONx719@3.13 ETFCx211@10.66 TXMDx1324@1.70 PERIx246@9.13 VHCx103@21.81 

2013-03-17
Cash: 16.30
Held: ETFCx211@10.50 PERIx246@8.78 VHCx103@22.50 TXMDx1324@1.70 SCONx719@3.30 
Value: 11333.81
Sales: SCONx719@3.30 ETFCx211@10.50 TXMDx1324@1.70 PERIx246@8.78 VHCx103@22.50 
Purchases: AMCNx1259@1.80 ULTAx30@73.94 EGYx291@7.78 GLDDx311@7.28 CPEx533@4.25 

2013-03-18
Cash: 55.67
Held: AMCNx1259@1.89 ULTAx30@74.94 CPEx533@3.96 EGYx291@7.73 GLDDx311@7.01 
Value: 11224.25
Sales: AMCNx1259@1.89 ULTAx30@74.94 EGYx291@7.73 CPEx533@3.96 GLDDx311@7.01 
Purchases: CNETx1020@2.20 JVAx322@6.97 OGENx660@3.40 MNDOx1181@1.90 PTXx414@5.41 

2013-03-19
Cash: 8.68
Held: MNDOx1181@1.95 CNETx1020@2.24 JVAx322@6.70 PTXx414@5.31 OGENx660@3.36 
Value: 11169.00
Sales: CNETx1020@2.24 JVAx322@6.70 OGENx660@3.36 MNDOx1181@1.95 PTXx414@5.31 
Purchases: IDNx4856@0.46 ECTx216@10.30 HNRx660@3.38 WSCIx440@5.07 MTSLx781@2.86 

2013-03-20
Cash: 15.83
Held: WSCIx440@5.10 ECTx216@11.68 HNRx660@3.92 MTSLx781@3.03 IDNx4856@0.45 
Value: 11921.32
Sales: HNRx660@3.92 IDNx4856@0.45 ECTx216@11.68 MTSLx781@3.03 WSCIx440@5.10 
Purchases: EMITFx52@45.59 MNGAx2055@1.16 LIVEx1036@2.30 CIGx276@8.62 SPEXx243@9.78 

2013-03-21
Cash: 27.52
Held: LIVEx1036@2.12 MNGAx2055@1.19 SPEXx243@9.39 EMITFx52@46.59 CIGx276@8.71 
Value: 11778.30
Sales: EMITFx52@46.59 MNGAx2055@1.19 LIVEx1036@2.12 CIGx276@8.71 SPEXx243@9.39 
Purchases: MOVx73@31.98 BLDPx2200@1.07 ORCLx73@31.98 SCHLx89@26.30 KONEx817@2.88 

2013-03-24
Cash: 59.81
Held: MOVx73@32.31 KONEx817@3.08 SCHLx89@26.30 BLDPx2200@1.06 ORCLx73@31.25 
Value: 11887.78
Sales: SCHLx89@26.30 ORCLx73@31.25 BLDPx2200@1.06 MOVx73@32.31 KONEx817@3.08 
Purchases: LIVEx1127@2.11 SSNx4572@0.52 OTIVx2732@0.87 AMTXx475@5.00 OIBR.Cx699@3.40 

2013-03-25
Cash: 3.95
Held: SSNx4572@0.53 LIVEx1127@2.15 AMTXx475@5.40 OIBR.Cx699@3.36 OTIVx2732@0.90 
Value: 12220.61
Sales: LIVEx1127@2.15 SSNx4572@0.53 OTIVx2732@0.90 AMTXx475@5.40 OIBR.Cx699@3.36 
Purchases: ENZx981@2.49 GLBSx1222@2.00 VHCx126@19.34 HALOx406@6.02 JKSx477@5.12 

2013-03-26
Cash: 9.69
Held: HALOx406@5.86 ENZx981@2.42 JKSx477@4.94 VHCx126@19.31 GLBSx1222@2.15 
Value: 12180.74
Sales: ENZx981@2.42 GLBSx1222@2.15 VHCx126@19.31 HALOx406@5.86 JKSx477@4.94 
Purchases: VUZIx609@4.00 GMANx203@11.98 ZIOPx1416@1.72 MXWLx477@5.10 ABEOx5537@0.44 

2013-03-27
Cash: 8.96
Held: ABEOx5537@0.49 ZIOPx1416@1.83 MXWLx477@5.39 GMANx203@11.71 VUZIx609@4.00 
Value: 12698.08
Sales: VUZIx609@4.00 ABEOx5537@0.49 ZIOPx1416@1.83 MXWLx477@5.39 GMANx203@11.71 
Purchases: VCELx3627@0.70 EVBSx448@5.66 YTENx1387@1.83 SNBCx744@3.41 BAAx1476@1.72 

2013-03-31
Cash: 8.93
Held: SNBCx744@3.27 BAAx1476@1.72 YTENx1387@1.67 VCELx3627@0.77 EVBSx448@5.79 
Value: 12682.32
Sales: SNBCx744@3.27 EVBSx448@5.79 YTENx1387@1.67 VCELx3627@0.77 BAAx1476@1.72 
Purchases: HRTXx7043@0.36 RVPx2416@1.05 TWOx203@12.45 SNXx69@36.38 HDSNx702@3.61 

2013-04-01
Cash: 38.11
Held: SNXx69@35.59 RVPx2416@1.00 HDSNx702@3.45 HRTXx7043@0.37 TWOx203@12.38 
Value: 12451.88
Sales: HRTXx7043@0.37 RVPx2416@1.00 TWOx203@12.38 SNXx69@35.59 HDSNx702@3.45 
Purchases: UNXLx109@22.84 JOBx8031@0.31 CADCx600@4.15 NLSTx4083@0.61 INVEx1915@1.30 

2013-04-02
Cash: 3.57
Held: JOBx8031@0.33 INVEx1915@1.25 NLSTx4083@0.62 CADCx600@3.84 UNXLx109@27.22 
Value: 12850.87
Sales: UNXLx109@27.22 JOBx8031@0.33 NLSTx4083@0.62 CADCx600@3.84 INVEx1915@1.25 
Purchases: EDCx21@120.12 RETLx58@43.75 TNAx64@40.09 SPXLx68@37.75 FASx48@52.62 

2013-04-03
Cash: 131.74
Held: EDCx21@118.94 TNAx64@41.06 RETLx58@44.56 FASx48@53.94 SPXLx68@38.28 
Value: 13034.18
Sales: EDCx21@118.94 FASx48@53.94 TNAx64@41.06 SPXLx68@38.28 RETLx58@44.56 
Purchases: CALIx753@3.46 AVIDx421@6.18 SYMXx2370@1.10 VIVEx16289@0.16 HMNYx863@3.02 

2013-04-04
Cash: 7.72
Held: CALIx753@3.47 SYMXx2370@1.07 HMNYx863@3.40 VIVEx16289@0.18 AVIDx421@6.25 
Value: 13656.48
Sales: CALIx753@3.47 AVIDx421@6.25 SYMXx2370@1.07 VIVEx16289@0.18 HMNYx863@3.40 
Purchases: MVISx1306@2.09 TEUMx3000@0.91 OBASx520@5.25 SPCBx8533@0.32 BOSCx780@3.50 

2013-04-07
Cash: 5.53
Held: TEUMx3000@0.93 OBASx520@5.01 MVISx1306@2.02 BOSCx780@3.32 SPCBx8533@0.32 
Value: 13360.65
Sales: MVISx1306@2.02 TEUMx3000@0.93 OBASx520@5.01 SPCBx8533@0.32 BOSCx780@3.32 
Purchases: ANCXx225@11.85 MYOSx29681@0.09 RDWRx92@28.80 RIGLx604@4.42 FFIVx36@72.75 

2013-04-08
Cash: 82.83
Held: RIGLx604@4.52 FFIVx36@72.44 RDWRx92@29.38 MYOSx29681@0.11 ANCXx225@12.18 
Value: 14127.79
Sales: MYOSx29681@0.11 ANCXx225@12.18 FFIVx36@72.44 RIGLx604@4.52 RDWRx92@29.38 
Purchases: AVNWx80@35.03 RFIx189@14.93 XTLBx532@5.31 XTNTx3870@0.73 TESSx141@19.95 

2013-04-09
Cash: 40.99
Held: RFIx189@14.67 XTLBx532@5.31 XTNTx3870@0.75 AVNWx80@36.47 TESSx141@20.39 
Value: 14333.22
Sales: AVNWx80@36.47 RFIx189@14.67 XTNTx3870@0.75 XTLBx532@5.31 TESSx141@20.39 
Purchases: FBCx204@14.02 MGx137@20.91 BCRXx1647@1.74 CADCx819@3.50 ENGx7352@0.39 

2013-04-10
Cash: 9.13
Held: MGx137@20.66 ENGx7352@0.43 BCRXx1647@1.66 CADCx819@3.36 FBCx204@14.85 
Value: 14515.22
Sales: FBCx204@14.85 MGx137@20.66 BCRXx1647@1.66 CADCx819@3.36 ENGx7352@0.43 
Purchases: GIGx3336@0.87 MGCDx392@7.39 TITNx132@21.92 SGYPx545@5.32 IBIOx5183@0.56 

2013-04-11
Cash: 19.34
Held: TITNx132@21.89 GIGx3336@0.92 MGCDx392@6.87 IBIOx5183@0.55 SGYPx545@5.40 
Value: 14463.02
Sales: GIGx3336@0.92 MGCDx392@6.87 TITNx132@21.89 IBIOx5183@0.55 SGYPx545@5.40 
Purchases: IARTx85@33.88 VISNx1161@2.49 FTNTx154@18.77 TAYDx366@7.89 ARCBx268@10.78 

2013-04-14
Cash: 25.23
Held: ARCBx268@10.14 IARTx85@33.03 VISNx1161@2.89 TAYDx366@7.92 FTNTx154@18.06 
Value: 14587.62
Sales: VISNx1161@2.89 TAYDx366@7.92 FTNTx154@18.06 IARTx85@33.03 ARCBx268@10.14 
Purchases: INDLx180@16.12 CCURx473@6.16 MGCDx427@6.82 INFYx69@41.72 MPWx195@14.93 

2013-04-15
Cash: 69.21
Held: MPWx195@15.43 INFYx69@42.75 MGCDx427@6.61 CCURx473@6.94 INDLx180@18.19 
Value: 15406.99
Sales: MPWx195@15.43 INDLx180@18.19 CCURx473@6.94 INFYx69@42.75 MGCDx427@6.61 
Purchases: SSRIx426@7.23 SANDx443@6.95 KGCx569@5.41 WINTx1741@1.77 AUMNx1926@1.60 

2013-04-16
Cash: 8.32
Held: SSRIx426@6.62 WINTx1741@1.76 AUMNx1926@1.51 KGCx569@5.00 SANDx443@6.34 
Value: 14454.02
Sales: SSRIx426@6.62 KGCx569@5.00 SANDx443@6.34 WINTx1741@1.76 AUMNx1926@1.51 
Purchases: GRNx800@3.61 MAGSx675@4.28 SSFNx545@5.30 XPLx2512@1.15 NTGRx104@27.70 

2013-04-17
Cash: 16.84
Held: XPLx2512@1.07 GRNx800@3.93 NTGRx104@27.55 MAGSx675@4.15 SSFNx545@5.74 
Value: 14641.65
Sales: GRNx800@3.93 NTGRx104@27.55 SSFNx545@5.74 MAGSx675@4.15 XPLx2512@1.07 
Purchases: SKLNx15417@0.19 CRUSx165@17.69 CNITx2503@1.17 KONEx1478@1.98 BMIx132@22.05 

2013-04-18
Cash: 29.25
Held: SKLNx15417@0.20 KONEx1478@1.98 BMIx132@21.38 CNITx2503@1.01 CRUSx165@17.77 
Value: 14319.31
Sales: CNITx2503@1.01 BMIx132@21.38 SKLNx15417@0.20 KONEx1478@1.98 CRUSx165@17.77 
Purchases: VUZIx971@2.95 CYx296@9.66 NOKx932@3.07 BCRXx1582@1.81 SVAx771@3.71 

2013-04-21
Cash: 11.96
Held: SVAx771@3.69 BCRXx1582@1.77 NOKx932@3.15 VUZIx971@2.50 CYx296@9.60 
Value: 13861.65
Sales: VUZIx971@2.50 CYx296@9.60 BCRXx1582@1.77 NOKx932@3.15 SVAx771@3.69 
Purchases: DITx40@69.00 BPTHx5657@0.49 AIRMx73@37.91 RMBSx463@5.98 BISx13@199.25 

2013-04-22
Cash: 203.41
Held: AIRMx73@37.81 DITx40@69.00 BPTHx5657@0.48 BISx13@197.25 RMBSx463@6.04 
Value: 13799.31
Sales: DITx40@69.00 RMBSx463@6.04 AIRMx73@37.81 BPTHx5657@0.48 BISx13@197.25 
Purchases: ASRx22@124.50 FSIx3246@0.85 AIRMx72@37.81 BPTHx5749@0.48 SBSx63@43.19 

2013-04-23
Cash: 98.18
Held: AIRMx72@37.12 SBSx63@44.31 FSIx3246@0.85 BPTHx5749@0.42 ASRx22@122.31 
Value: 13427.29
Sales: ASRx22@122.31 SBSx63@44.31 AIRMx72@37.12 BPTHx5749@0.42 FSIx3246@0.85 
Purchases: BSPMx540@4.97 VISNx1133@2.37 ACURx207@12.95 ESNDx80@33.22 ESNCx8950@0.30 

2013-04-24
Cash: 35.69
Held: ESNCx8950@0.31 ESNDx80@33.31 VISNx1133@2.61 ACURx207@13.30 BSPMx540@5.04 
Value: 13905.68
Sales: BSPMx540@5.04 ESNCx8950@0.31 VISNx1133@2.61 ESNDx80@33.31 ACURx207@13.30 
Purchases: RHIx84@32.91 SCONx713@3.90 WPCSx8689@0.32 PBBIx490@5.67 RESx217@12.79 

2013-04-25
Cash: 25.06
Held: WPCSx8689@0.39 PBBIx490@5.98 RHIx84@32.38 RESx217@12.97 SCONx713@4.00 
Value: 14728.99
Sales: RHIx84@32.38 PBBIx490@5.98 WPCSx8689@0.39 SCONx713@4.00 RESx217@12.97 
Purchases: CRRx42@68.81 MLNXx56@52.09 CAIx111@26.34 AMEDx289@10.18 RJFx73@40.31 

2013-04-28
Cash: 112.71
Held: RJFx73@40.25 AMEDx289@10.20 CAIx111@25.75 MLNXx56@51.44 CRRx42@69.31 
Value: 14649.54
Sales: CRRx42@69.31 RJFx73@40.25 CAIx111@25.75 AMEDx289@10.20 MLNXx56@51.44 
Purchases: ITRIx74@39.16 DLAx218@13.43 DECKx54@54.12 MMSIx301@9.72 TNAVx549@5.33 

2013-04-29
Cash: 51.07
Held: TNAVx549@5.24 DLAx218@13.38 ITRIx74@39.66 MMSIx301@9.67 DECKx54@55.12 
Value: 14666.89
Sales: ITRIx74@39.66 DLAx218@13.38 DECKx54@55.12 MMSIx301@9.67 TNAVx549@5.24 
Purchases: IGLDx1040@2.82 NTPx388@7.56 FVEx620@4.73 CETVx792@3.70 LXRXx1481@1.98 

2013-04-30
Cash: 5.28
Held: LXRXx1481@1.97 IGLDx1040@2.88 FVEx620@4.55 NTPx388@7.66 CETVx792@3.32 
Value: 14341.85
Sales: IGLDx1040@2.88 NTPx388@7.66 FVEx620@4.55 CETVx792@3.32 LXRXx1481@1.97 
Purchases: SBSx201@14.24 CRMDx5033@0.57 AOSLx399@7.18 NUANx151@18.97 DCTHx3775@0.76 

2013-05-01
Cash: 14.16
Held: SBSx201@14.31 DCTHx3775@0.79 AOSLx399@7.24 CRMDx5033@0.59 NUANx151@19.41 
Value: 14660.47
Sales: SBSx201@14.31 CRMDx5033@0.59 AOSLx399@7.24 NUANx151@19.41 DCTHx3775@0.79 
Purchases: FAROx88@33.00 XXIAx204@14.35 CRAYx169@17.27 RDCMx1110@2.64 COTx315@9.29 

2013-05-02
Cash: 53.71
Held: FAROx88@33.94 COTx315@9.06 RDCMx1110@4.06 XXIAx204@14.78 CRAYx169@16.66 
Value: 16230.22
Sales: FAROx88@33.94 XXIAx204@14.78 COTx315@9.06 RDCMx1110@4.06 CRAYx169@16.66 
Purchases: RAILx172@18.81 EBR.Bx782@4.15 AVEOx1288@2.52 EBRx1303@2.49 ENGx10818@0.30 

2013-05-05
Cash: 14.53
Held: EBRx1303@2.41 AVEOx1288@2.34 ENGx10818@0.30 RAILx172@18.64 EBR.Bx782@3.98 
Value: 15733.53
Sales: EBR.Bx782@3.98 RAILx172@18.64 AVEOx1288@2.34 EBRx1303@2.41 ENGx10818@0.30 
Purchases: LTRXx1808@1.74 KONEx1196@2.63 ZAGGx647@4.86 ARNAx418@7.52 DCTHx6993@0.45 

2013-05-06
Cash: 6.99
Held: ZAGGx647@5.02 DCTHx6993@0.48 KONEx1196@2.60 LTRXx1808@1.78 ARNAx418@8.34 
Value: 16426.68
Sales: LTRXx1808@1.78 KONEx1196@2.60 ZAGGx647@5.02 ARNAx418@8.34 DCTHx6993@0.48 
Purchases: PRTKx871@3.77 USATPx177@18.50 APDNx255@12.84 HGSHx323@10.15 AXUx1856@1.77 

2013-05-07
Cash: 31.57
Held: APDNx255@13.02 AXUx1856@1.81 PRTKx871@3.59 USATPx177@19.97 HGSHx323@10.30 
Value: 16698.22
Sales: PRTKx871@3.59 USATPx177@19.97 APDNx255@13.02 HGSHx323@10.30 AXUx1856@1.81 
Purchases: BDEx375@8.89 DCOx185@18.02 MTSCx60@54.97 AMRIx328@10.18 LEUx9023@0.37 

2013-05-08
Cash: 54.72
Held: AMRIx328@10.45 DCOx185@18.69 LEUx9023@0.35 MTSCx60@55.41 BDEx375@8.96 
Value: 16784.19
Sales: MTSCx60@55.41 DCOx185@18.69 BDEx375@8.96 AMRIx328@10.45 LEUx9023@0.35 
Purchases: LIOXx1238@2.71 ESEx104@32.16 OCLRx3197@1.05 ACFCx575@5.83 SALMx428@7.84 

2013-05-09
Cash: 20.94
Held: LIOXx1238@2.55 ESEx104@32.94 SALMx428@7.77 ACFCx575@5.80 OCLRx3197@1.05 
Value: 16621.35
Sales: OCLRx3197@1.05 ESEx104@32.94 LIOXx1238@2.55 SALMx428@7.77 ACFCx575@5.80 
Purchases: WGx460@7.22 NSYSx983@3.38 KEMx691@4.81 GSSx4103@0.81 GVx1408@2.36 

2013-05-12
Cash: 8.93
Held: GVx1408@2.48 WGx460@7.42 KEMx691@4.35 NSYSx983@3.32 GSSx4103@0.77 
Value: 16345.68
Sales: WGx460@7.42 GVx1408@2.48 KEMx691@4.35 GSSx4103@0.77 NSYSx983@3.32 
Purchases: MNGAx2439@1.34 MSONx569@5.74 DRRXx3237@1.01 RILYx9612@0.34 EMKRx958@3.41 

2013-05-13
Cash: 8.25
Held: EMKRx958@3.34 DRRXx3237@1.02 MNGAx2439@1.49 MSONx569@5.71 RILYx9612@0.38 
Value: 17043.68
Sales: EMKRx958@3.34 MSONx569@5.71 DRRXx3237@1.02 RILYx9612@0.38 MNGAx2439@1.49 
Purchases: SBLKx562@6.06 FNCXx5779@0.59 GNVCx4732@0.72 PLGx3478@0.98 BKSx166@20.48 

2013-05-14
Cash: 13.21
Held: FNCXx5779@0.61 SBLKx562@5.85 BKSx166@20.34 GNVCx4732@0.65 PLGx3478@1.05 
Value: 16929.81
Sales: SBLKx562@5.85 FNCXx5779@0.61 GNVCx4732@0.65 PLGx3478@1.05 BKSx166@20.34 
Purchases: OPXAx1934@1.75 IFONx7696@0.44 MOSYx821@4.12 SBOTx6771@0.50 TCIx463@7.31 

2013-05-15
Cash: 6.72
Held: OPXAx1934@1.74 IFONx7696@0.44 TCIx463@6.44 SBOTx6771@0.52 MOSYx821@4.15 
Value: 16667.42
Sales: OPXAx1934@1.74 IFONx7696@0.44 MOSYx821@4.15 SBOTx6771@0.52 TCIx463@6.44 
Purchases: HSONx1529@2.18 CALIx1075@3.10 XRAx4566@0.73 VBFCx1674@1.99 VGZx2545@1.31 

2013-05-16
Cash: 4.99
Held: VGZx2545@1.23 VBFCx1674@1.88 CALIx1075@3.14 XRAx4566@0.70 HSONx1529@2.32 
Value: 16404.48
Sales: HSONx1529@2.32 CALIx1075@3.14 XRAx4566@0.70 VBFCx1674@1.88 VGZx2545@1.23 
Purchases: CJJDx5048@0.65 SNFCAx519@6.32 PNTRx1025@3.20 APDNx240@13.65 CUTRx356@9.20 

2013-05-19
Cash: 12.40
Held: APDNx240@12.72 CJJDx5048@0.67 CUTRx356@9.13 PNTRx1025@3.10 SNFCAx519@6.43 
Value: 16212.05
Sales: CJJDx5048@0.67 SNFCAx519@6.43 PNTRx1025@3.10 APDNx240@12.72 CUTRx356@9.13 
Purchases: UNXLx124@25.95 MNGAx2771@1.17 FSIx3955@0.82 ADKx682@4.75 WKHSx8316@0.39 

2013-05-20
Cash: 27.76
Held: MNGAx2771@1.25 ADKx682@4.85 FSIx3955@0.82 UNXLx124@23.47 WKHSx8316@0.35 
Value: 15864.22
Sales: MNGAx2771@1.25 UNXLx124@23.47 ADKx682@4.85 WKHSx8316@0.35 FSIx3955@0.82 
Purchases: RAVNx100@31.62 TISIx90@35.00 FCFPx1040@3.05 ALKx108@29.27 SGMOx404@7.84 

2013-05-21
Cash: 50.92
Held: RAVNx100@31.12 FCFPx1040@3.05 SGMOx404@7.81 TISIx90@35.38 ALKx108@28.78 
Value: 15783.03
Sales: TISIx90@35.38 RAVNx100@31.12 FCFPx1040@3.05 ALKx108@28.78 SGMOx404@7.81 
Purchases: NHTCx4099@0.77 HNPx76@41.50 DSSx1228@2.57 ARTWx412@7.66 UNXLx136@23.19 

2013-05-22
Cash: 6.89
Held: ARTWx412@7.65 DSSx1228@2.47 NHTCx4099@0.83 UNXLx136@22.34 HNPx76@42.12 
Value: 15834.81
Sales: NHTCx4099@0.83 HNPx76@42.12 DSSx1228@2.47 ARTWx412@7.65 UNXLx136@22.34 
Purchases: VUZIx519@6.10 JASOx398@7.94 AMAGx144@21.94 AMSCx118@26.80 SOLx1353@2.34 

2013-05-23
Cash: 20.58
Held: AMSCx118@26.80 SOLx1353@2.16 JASOx398@8.03 AMAGx144@22.25 VUZIx519@6.30 
Value: 15775.84
Sales: VUZIx519@6.30 JASOx398@8.03 AMAGx144@22.25 AMSCx118@26.80 SOLx1353@2.16 
Purchases: CLNTx410@7.68 BIOPx2427@1.30 CRUSx181@17.36 APRIx122@25.80 BOSCx976@3.23 

2013-05-27
Cash: 30.34
Held: CLNTx410@6.57 APRIx122@24.70 BOSCx976@3.06 CRUSx181@17.61 BIOPx2427@1.30 
Value: 15066.97
Sales: BIOPx2427@1.30 CLNTx410@6.57 APRIx122@24.70 CRUSx181@17.61 BOSCx976@3.06 
Purchases: STVx1825@1.65 HIHOx1692@1.78 TEUMx3544@0.85 SHLDx61@48.97 GMEx95@31.72 

2013-05-28
Cash: 29.66
Held: TEUMx3544@0.81 STVx1825@1.59 SHLDx61@50.22 GMEx95@31.81 HIHOx1692@1.74 
Value: 14831.98
Sales: STVx1825@1.59 TEUMx3544@0.81 SHLDx61@50.22 GMEx95@31.81 HIHOx1692@1.74 
Purchases: IDNx5704@0.52 RGSEx985@3.01 GNVCx6449@0.46 ENOCx204@14.51 EXCx93@31.66 

2013-05-29
Cash: 31.26
Held: RGSEx985@3.05 ENOCx204@14.03 GNVCx6449@0.40 EXCx93@31.50 IDNx5704@0.55 
Value: 14543.21
Sales: IDNx5704@0.55 RGSEx985@3.05 GNVCx6449@0.40 ENOCx204@14.03 EXCx93@31.50 
Purchases: UNISx843@3.45 OIBR.Cx1391@2.09 BGIx3382@0.86 ANIPx2326@1.25 NBLx49@59.09 

2013-05-30
Cash: 17.40
Held: ANIPx2326@1.22 NBLx49@57.66 OIBR.Cx1391@1.94 UNISx843@3.31 BGIx3382@0.86 
Value: 14077.62
Sales: UNISx843@3.31 OIBR.Cx1391@1.94 BGIx3382@0.86 ANIPx2326@1.22 NBLx49@57.66 
Purchases: HQCLx1760@1.60 ARTXx1781@1.58 BLDPx1646@1.71 DLHCx3520@0.80 WFMx54@51.88 

2013-06-02
Cash: 17.03
Held: ARTXx1781@1.50 DLHCx3520@0.87 WFMx54@52.38 HQCLx1760@1.63 BLDPx1646@1.75 
Value: 14328.69
Sales: HQCLx1760@1.63 ARTXx1781@1.50 BLDPx1646@1.75 WFMx54@52.38 DLHCx3520@0.87 
Purchases: EMITFx67@42.19 HPJx2810@1.02 LIVEx1141@2.51 NTLx168@16.98 MTLx958@2.99 

2013-06-03
Cash: 55.58
Held: LIVEx1141@2.70 HPJx2810@1.10 EMITFx67@42.81 NTLx168@17.31 MTLx958@2.95 
Value: 14827.58
Sales: EMITFx67@42.81 HPJx2810@1.10 LIVEx1141@2.70 NTLx168@17.31 MTLx958@2.95 
Purchases: AEHRx2316@1.28 SCONx962@3.08 ATHXx1853@1.60 BGGx134@22.02 RWCx1025@2.89 

2013-06-04
Cash: 22.37
Held: AEHRx2316@1.30 RWCx1025@2.89 BGGx134@21.39 ATHXx1853@1.59 SCONx962@2.96 
Value: 14656.36
Sales: AEHRx2316@1.30 ATHXx1853@1.59 RWCx1025@2.89 SCONx962@2.96 BGGx134@21.39 
Purchases: UAMYx2255@1.30 TTNPx6514@0.45 BTXx734@3.99 RIGLx814@3.60 VRMLx986@2.97 

2013-06-05
Cash: 6.29
Held: BTXx734@4.13 RIGLx814@3.52 UAMYx2255@1.21 TTNPx6514@0.47 VRMLx986@2.68 
Value: 14333.83
Sales: UAMYx2255@1.21 TTNPx6514@0.47 BTXx734@4.13 RIGLx814@3.52 VRMLx986@2.68 
Purchases: FNCXx5214@0.55 VRTBx1647@1.74 NVGNx682@4.20 ADMPx4622@0.62 NUROx1397@2.05 

2013-06-06
Cash: 5.99
Held: NUROx1397@2.03 VRTBx1647@1.70 NVGNx682@3.86 FNCXx5214@0.68 ADMPx4622@0.69 
Value: 15008.58
Sales: FNCXx5214@0.68 VRTBx1647@1.70 NVGNx682@3.86 ADMPx4622@0.69 NUROx1397@2.03 
Purchases: UAMYx2521@1.19 PAYx175@17.09 FFBCWx583@5.14 HEBx12507@0.24 CBAKx2633@1.14 

2013-06-09
Cash: 16.86
Held: PAYx175@17.16 UAMYx2521@1.08 FFBCWx583@5.14 HEBx12507@0.26 CBAKx2633@1.36 
Value: 15572.81
Sales: UAMYx2521@1.08 PAYx175@17.16 CBAKx2633@1.36 HEBx12507@0.26 FFBCWx583@5.14 
Purchases: LQDTx92@33.62 NGx1245@2.50 AEMx100@31.05 IRMx109@28.50 RICx1656@1.88 

2013-06-10
Cash: 42.54
Held: AEMx100@30.20 RICx1656@1.74 NGx1245@2.41 LQDTx92@32.72 IRMx109@29.16 
Value: 15133.48
Sales: LQDTx92@32.72 IRMx109@29.16 AEMx100@30.20 RICx1656@1.74 NGx1245@2.41 
Purchases: SHIx98@30.77 GNRCx83@36.06 URTYx55@54.25 UPROx46@65.44 UMDDx48@62.47 

2013-06-11
Cash: 132.89
Held: GNRCx83@35.56 URTYx55@52.72 UPROx46@63.72 SHIx98@30.52 UMDDx48@60.78 
Value: 14823.20
Sales: SHIx98@30.52 UMDDx48@60.78 URTYx55@52.72 UPROx46@63.72 GNRCx83@35.56 
Purchases: UAMYx3088@0.96 NAVx96@30.73 YZCx331@8.95 LULUx46@64.31 GNMKx242@12.24 

2013-06-12
Cash: 23.87
Held: GNMKx242@12.03 UAMYx3088@1.15 YZCx331@8.99 NAVx96@31.09 LULUx46@66.81 
Value: 15522.63
Sales: UAMYx3088@1.15 LULUx46@66.81 GNMKx242@12.03 NAVx96@31.09 YZCx331@8.99 
Purchases: UNXLx218@14.19 NLSTx3449@0.90 FSLRx67@45.84 KNDIx481@6.44 CBAKx2607@1.19 

2013-06-13
Cash: 52.69
Held: FSLRx67@44.72 KNDIx481@6.27 NLSTx3449@0.89 UNXLx218@15.76 CBAKx2607@1.13 
Value: 15515.38
Sales: UNXLx218@15.76 FSLRx67@44.72 NLSTx3449@0.89 KNDIx481@6.27 CBAKx2607@1.13 
Purchases: DVAXx269@11.50 SNGXx1951@1.59 CREGx3133@0.99 HOMBx150@20.61 BKSx160@19.38 

2013-06-16
Cash: 26.29
Held: CREGx3133@1.01 HOMBx150@20.98 BKSx160@19.44 DVAXx269@11.00 SNGXx1951@1.54 
Value: 15411.16
Sales: DVAXx269@11.00 SNGXx1951@1.54 BKSx160@19.44 HOMBx150@20.98 CREGx3133@1.01 
Purchases: RBCNx437@7.05 AMSCx134@23.00 MYGNx115@26.62 CLSNx566@5.44 DLHCx3759@0.82 

2013-06-17
Cash: 24.53
Held: AMSCx134@21.59 MYGNx115@26.44 DLHCx3759@0.83 RBCNx437@7.18 CLSNx566@5.90 
Value: 15554.71
Sales: RBCNx437@7.18 AMSCx134@21.59 MYGNx115@26.44 CLSNx566@5.90 DLHCx3759@0.83 
Purchases: CUOx205@15.15 FOLDx1234@2.52 ORMPx486@6.40 VBFCx1787@1.74 BLINx531@5.85 

2013-06-18
Cash: 13.56
Held: VBFCx1787@1.74 ORMPx486@6.00 FOLDx1234@2.46 BLINx531@5.55 CUOx205@15.03 
Value: 15105.03
Sales: CUOx205@15.03 FOLDx1234@2.46 ORMPx486@6.00 VBFCx1787@1.74 BLINx531@5.55 
Purchases: CYRXx1325@2.28 FROx1459@2.07 MMACx2189@1.38 BIOLx790@3.82 BAAx3147@0.96 

2013-06-19
Cash: 4.77
Held: BAAx3147@0.82 FROx1459@1.88 CYRXx1325@1.97 MMACx2189@1.24 BIOLx790@3.62 
Value: 13511.38
Sales: CYRXx1325@1.97 FROx1459@1.88 MMACx2189@1.24 BIOLx790@3.62 BAAx3147@0.82 
Purchases: WVVIx631@4.28 CEQPx1@1470.00 VNDAx322@8.39 NVMIx291@9.28 OIBR.Cx1501@1.80 

2013-06-20
Cash: 1235.78
Held: WVVIx631@4.49 CEQPx1@1621.00 OIBR.Cx1501@1.69 VNDAx322@8.27 NVMIx291@9.27 
Value: 13588.84
Sales: WVVIx631@4.49 CEQPx1@1621.00 VNDAx322@8.27 NVMIx291@9.27 OIBR.Cx1501@1.69 
Purchases: FCELx2323@1.17 TGAx468@5.80 FLOx126@21.55 EBIXx2564@1.06 BAAx3485@0.78 

2013-06-23
Cash: 7.15
Held: EBIXx2564@1.03 BAAx3485@0.72 FCELx2323@1.14 FLOx126@21.47 TGAx468@5.82 
Value: 13235.09
Sales: FCELx2323@1.14 TGAx468@5.82 FLOx126@21.47 EBIXx2564@1.03 BAAx3485@0.72 
Purchases: ANIPx2757@0.96 SNGXx2728@0.97 GNVCx7560@0.35 EBIXx2569@1.03 PMCx204@12.97 

2013-06-24
Cash: 2.60
Held: ANIPx2757@0.90 EBIXx2569@1.11 GNVCx7560@0.40 SNGXx2728@0.96 PMCx204@13.19 
Value: 13668.41
Sales: SNGXx2728@0.96 GNVCx7560@0.40 EBIXx2569@1.11 ANIPx2757@0.90 PMCx204@13.19 
Purchases: MNGAx3598@0.76 BSPMx619@4.41 EEIx253@10.80 SRNEx9110@0.30 INSx2259@1.21 

2013-06-25
Cash: 6.53
Held: MNGAx3598@0.80 INSx2259@1.23 SRNEx9110@0.30 BSPMx619@4.76 EEIx253@10.80 
Value: 14076.41
Sales: MNGAx3598@0.80 EEIx253@10.80 SRNEx9110@0.30 BSPMx619@4.76 INSx2259@1.23 
Purchases: AVDx127@22.16 NCIx236@11.90 SGOCx1599@1.76 CAPRx56319@0.05 SOXSx175@16.05 

2013-06-26
Cash: 17.21
Held: SGOCx1599@1.84 CAPRx56319@0.05 AVDx127@22.94 NCIx236@12.05 SOXSx175@15.89 
Value: 14311.36
Sales: SGOCx1599@1.84 AVDx127@22.94 SOXSx175@15.89 CAPRx56319@0.05 NCIx236@12.05 
Purchases: CBMXx3@729.00 FCFSx58@48.91 APOLx165@17.28 AGQx47@60.69 GOROx350@8.16 

2013-06-27
Cash: 729.40
Held: AGQx47@68.00 FCFSx58@49.22 APOLx165@17.72 GOROx350@8.71 CBMXx3@715.50 
Value: 14899.01
Sales: FCFSx58@49.22 CBMXx3@715.50 APOLx165@17.72 AGQx47@68.00 GOROx350@8.71 
Purchases: TEUMx5051@0.59 IRCPx195@15.20 SIXx84@35.16 SMKx112@26.47 OGENx961@3.10 

2013-06-30
Cash: 58.75
Held: TEUMx5051@0.62 SIXx84@36.84 SMKx112@25.84 OGENx961@2.95 IRCPx195@16.02 
Value: 15137.58
Sales: SIXx84@36.84 IRCPx195@16.02 TEUMx5051@0.62 SMKx112@25.84 OGENx961@2.95 
Purchases: ARNAx400@7.55 CDTIx504@6.00 AMEDx270@11.17 AZZx82@36.88 BBRYx294@10.29 

2013-07-01
Cash: 28.13
Held: AMEDx270@10.87 AZZx82@35.75 ARNAx400@7.41 CDTIx504@5.85 BBRYx294@9.70 
Value: 14659.74
Sales: AZZx82@35.75 CDTIx504@5.85 AMEDx270@10.87 ARNAx400@7.41 BBRYx294@9.70 
Purchases: LTEAx29326@0.10 TXMDx1132@2.59 DSSx1684@1.74 MMSx81@36.00 IDCCx77@37.91 

2013-07-02
Cash: 30.81
Held: IDCCx77@38.00 DSSx1684@1.82 MMSx81@36.03 TXMDx1132@2.57 LTEAx29326@0.07 
Value: 13903.38
Sales: LTEAx29326@0.07 TXMDx1132@2.57 IDCCx77@38.00 MMSx81@36.03 DSSx1684@1.82 
Purchases: PLUGx9929@0.28 FOEx443@6.27 LBJx139@19.91 SSYx3519@0.79 SNPx41@67.44 

2013-07-04
Cash: 33.51
Held: SNPx41@67.88 SSYx3519@0.71 FOEx443@6.35 PLUGx9929@0.33 LBJx139@18.73 
Value: 14009.90
Sales: PLUGx9929@0.33 FOEx443@6.35 LBJx139@18.73 SSYx3519@0.71 SNPx41@67.88 
Purchases: ABACx1261@2.22 LTEAx46701@0.06 PNRGx74@37.62 UQMx2277@1.23 OSTKx109@25.66 

2013-07-07
Cash: 25.09
Held: ABACx1261@2.24 OSTKx109@26.78 LTEAx46701@0.06 UQMx2277@1.18 PNRGx74@42.53 
Value: 14404.59
Sales: ABACx1261@2.24 LTEAx46701@0.06 PNRGx74@42.53 UQMx2277@1.18 OSTKx109@26.78 
Purchases: IMNPx41151@0.07 AIx118@24.39 WRLDx37@77.69 LEUx972@2.96 KLDXx2643@1.09 

2013-07-08
Cash: 12.70
Held: IMNPx41151@0.06 KLDXx2643@1.09 LEUx972@3.25 WRLDx37@76.00 AIx118@24.75 
Value: 14253.62
Sales: IMNPx41151@0.06 AIx118@24.75 WRLDx37@76.00 KLDXx2643@1.09 LEUx972@3.25 
Purchases: BABYx241@11.78 THMx5184@0.55 GBRx2592@1.10 SPCBx5090@0.56 WYYx4071@0.70 

2013-07-09
Cash: 12.77
Held: WYYx4071@0.75 BABYx241@11.94 GBRx2592@1.06 THMx5184@0.59 SPCBx5090@0.60 
Value: 14801.61
Sales: BABYx241@11.94 THMx5184@0.59 GBRx2592@1.06 SPCBx5090@0.60 WYYx4071@0.75 
Purchases: LUNAx1805@1.64 ANWx352@8.41 ALGTx30@98.38 XXIAx207@14.27 HGSHx447@6.62 

2013-07-10
Cash: 17.56
Held: ANWx352@8.55 XXIAx207@14.36 LUNAx1805@1.65 ALGTx30@100.50 HGSHx447@6.68 
Value: 14978.23
Sales: LUNAx1805@1.65 ANWx352@8.55 ALGTx30@100.50 XXIAx207@14.36 HGSHx447@6.68 
Purchases: AWXx863@3.47 GALEx1560@1.92 IPASx1460@2.05 NBRx205@14.60 BKSx176@17.02 

2013-07-11
Cash: 5.72
Held: AWXx863@3.50 GALEx1560@1.87 NBRx205@14.80 BKSx176@16.81 IPASx1460@2.02 
Value: 14884.48
Sales: GALEx1560@1.87 IPASx1460@2.02 BKSx176@16.81 NBRx205@14.80 AWXx863@3.50 
Purchases: ALNx3308@0.90 INOx2419@1.23 FFHLx2862@1.04 SQQQx122@24.27 KNDIx656@4.53 

2013-07-14
Cash: 21.60
Held: INOx2419@1.29 KNDIx656@4.76 FFHLx2862@1.02 SQQQx122@24.08 ALNx3308@0.88 
Value: 15031.98
Sales: ALNx3308@0.88 INOx2419@1.29 FFHLx2862@1.02 SQQQx122@24.08 KNDIx656@4.76 
Purchases: HRTx1237@2.43 DDPx113@26.50 MSLIx3131@0.96 ASMx3711@0.81 UPSx35@85.50 

2013-07-15
Cash: 27.69
Held: UPSx35@86.00 HRTx1237@2.45 MSLIx3131@1.03 DDPx113@26.23 ASMx3711@0.86 
Value: 15448.59
Sales: HRTx1237@2.45 DDPx113@26.23 UPSx35@86.00 ASMx3711@0.86 MSLIx3131@1.03 
Purchases: BGIx1943@1.59 CMDx121@25.34 GLBSx1643@1.88 RILYx9085@0.34 INGRx50@61.69 

2013-07-16
Cash: 30.21
Held: CMDx121@25.44 INGRx50@63.12 GLBSx1643@1.95 RILYx9085@0.34 BGIx1943@1.51 
Value: 15491.74
Sales: BGIx1943@1.51 CMDx121@25.44 GLBSx1643@1.95 RILYx9085@0.34 INGRx50@63.12 
Purchases: LQDTx104@29.59 MGIx151@20.48 APLPx103@29.89 HGSHx592@5.23 DFBGx2197@1.41 

2013-07-17
Cash: 47.57
Held: APLPx103@30.02 LQDTx104@29.47 MGIx151@20.69 DFBGx2197@1.28 HGSHx592@6.40 
Value: 15928.38
Sales: LQDTx104@29.47 MGIx151@20.69 APLPx103@30.02 HGSHx592@6.40 DFBGx2197@1.28 
Purchases: ADXSx782@4.07 MSNx2003@1.59 WNCx306@10.38 TGDx1448@2.20 RGSEx1284@2.48 

2013-07-18
Cash: 14.40
Held: ADXSx782@3.86 RGSEx1284@2.50 TGDx1448@2.16 WNCx306@10.47 MSNx2003@1.71 
Value: 15998.83
Sales: ADXSx782@3.86 RGSEx1284@2.50 MSNx2003@1.71 TGDx1448@2.16 WNCx306@10.47 
Purchases: GILTx615@5.20 CFBKx2370@1.35 UQMx2781@1.15 JAKKx479@6.67 ICCCx927@3.45 

2013-07-21
Cash: 10.25
Held: JAKKx479@6.32 UQMx2781@1.18 GILTx615@5.20 ICCCx927@3.55 CFBKx2370@1.50 
Value: 16362.48
Sales: GILTx615@5.20 CFBKx2370@1.50 UQMx2781@1.18 JAKKx479@6.32 ICCCx927@3.55 
Purchases: TRQx635@5.15 CYHx75@43.12 WPCSx906@3.61 AMDx839@3.90 ACTGx148@22.00 

2013-07-22
Cash: 60.33
Held: WPCSx906@3.71 CYHx75@43.41 TRQx635@5.23 ACTGx148@22.09 AMDx839@3.66 
Value: 16340.00
Sales: TRQx635@5.23 AMDx839@3.66 WPCSx906@3.71 CYHx75@43.41 ACTGx148@22.09 
Purchases: AEHRx2238@1.46 EVCx554@5.90 DZZx518@6.31 IGCx2722@1.20 APDNx308@10.59 

2013-07-23
Cash: 7.21
Held: APDNx308@10.74 AEHRx2238@1.41 EVCx554@5.21 DZZx518@6.60 IGCx2722@1.22 
Value: 16098.30
Sales: AEHRx2238@1.41 EVCx554@5.21 IGCx2722@1.22 APDNx308@10.74 DZZx518@6.60 
Purchases: OMEx371@8.66 STMx374@8.59 SILCx90@35.72 ALSKx1282@2.51 ALGTx34@92.88 

2013-07-24
Cash: 82.81
Held: ALSKx1282@2.58 STMx374@8.73 SILCx90@35.22 ALGTx34@93.75 OMEx371@8.84 
Value: 16292.43
Sales: OMEx371@8.84 STMx374@8.73 SILCx90@35.22 ALSKx1282@2.58 ALGTx34@93.75 
Purchases: SGOCx1751@1.86 SRPTx88@36.91 CADCx936@3.48 VIRCx1473@2.21 SCKTx2246@1.45 

2013-07-25
Cash: 15.63
Held: SGOCx1751@1.81 SRPTx88@36.97 SCKTx2246@1.50 VIRCx1473@2.26 CADCx936@3.60 
Value: 16504.31
Sales: SGOCx1751@1.81 SRPTx88@36.97 CADCx936@3.60 VIRCx1473@2.26 SCKTx2246@1.50 
Purchases: RTx425@7.76 CLFDx297@11.10 DHIx170@19.33 PHMx201@16.36 AEZSx23@139.00 

2013-07-28
Cash: 137.40
Held: CLFDx297@10.72 RTx425@7.37 DHIx170@19.67 PHMx201@16.39 AEZSx23@139.00 
Value: 16289.32
Sales: RTx425@7.37 CLFDx297@10.72 PHMx201@16.39 DHIx170@19.67 AEZSx23@139.00 
Purchases: ABAXx79@40.88 IPCIx1678@1.94 AIMCx127@25.45 EXPEx70@46.03 PTXx963@3.38 

2013-07-29
Cash: 93.65
Held: ABAXx79@41.31 PTXx963@3.35 AIMCx127@25.39 EXPEx70@47.50 IPCIx1678@1.84 
Value: 16219.88
Sales: ABAXx79@41.31 IPCIx1678@1.84 EXPEx70@47.50 AIMCx127@25.39 PTXx963@3.35 
Purchases: DRAMx353@9.18 TRQx825@3.93 CYOUx99@32.72 HAEx77@41.72 SOHUx51@62.88 

2013-07-30
Cash: 79.33
Held: HAEx77@42.22 TRQx825@4.03 DRAMx353@9.21 SOHUx51@62.47 CYOUx99@32.53 
Value: 16313.92
Sales: TRQx825@4.03 DRAMx353@9.21 CYOUx99@32.53 HAEx77@42.22 SOHUx51@62.47 
Purchases: MOSx79@41.09 TOPSx1631@2.00 IPIx255@12.78 OFIXx143@22.70 SQMx112@28.95 

2013-07-31
Cash: 56.99
Held: TOPSx1631@2.00 MOSx79@41.88 IPIx255@13.07 SQMx112@29.38 OFIXx143@22.75 
Value: 16503.30
Sales: MOSx79@41.88 OFIXx143@22.75 IPIx255@13.07 TOPSx1631@2.00 SQMx112@29.38 
Purchases: VUZIx1736@1.90 INFUx2260@1.46 JCPx226@14.58 BGFVx163@20.14 HDSNx1466@2.25 

2013-08-01
Cash: 28.63
Held: HDSNx1466@2.16 INFUx2260@1.46 JCPx226@14.28 BGFVx163@20.06 VUZIx1736@1.92 
Value: 16325.67
Sales: VUZIx1736@1.92 INFUx2260@1.46 JCPx226@14.28 BGFVx163@20.06 HDSNx1466@2.16 
Purchases: TIVOx173@18.77 BJRIx104@31.20 HALOx463@7.05 DGICBx170@19.20 RELVx1165@2.80 

2013-08-04
Cash: 42.14
Held: RELVx1165@2.99 HALOx463@7.24 DGICBx170@18.00 BJRIx104@31.80 TIVOx173@18.45 
Value: 16436.35
Sales: TIVOx173@18.45 DGICBx170@18.00 RELVx1165@2.99 HALOx463@7.24 BJRIx104@31.80 
Purchases: XRMx284@11.56 IMKTAx127@25.69 UAMx350@9.37 URREx939@3.50 ONx433@7.58 

2013-08-05
Cash: 43.94
Held: XRMx284@11.58 IMKTAx127@25.72 ONx433@7.50 URREx939@3.45 UAMx350@9.18 
Value: 16297.62
Sales: XRMx284@11.58 IMKTAx127@25.72 UAMx350@9.18 URREx939@3.45 ONx433@7.50 
Purchases: ABCDx2567@1.27 RBPAAx1975@1.65 SSPx225@14.45 KONEx1025@3.18 IDCCx90@36.00 

2013-08-06
Cash: 28.08
Held: IDCCx90@36.75 RBPAAx1975@1.67 KONEx1025@3.45 SSPx225@14.44 ABCDx2567@1.27 
Value: 16676.45
Sales: SSPx225@14.44 ABCDx2567@1.27 RBPAAx1975@1.67 IDCCx90@36.75 KONEx1025@3.45 
Purchases: MDRx495@6.73 SCONx2046@1.63 NLSx503@6.63 CYRNx1361@2.45 TAx411@8.10 

2013-08-07
Cash: 12.65
Held: NLSx503@6.66 CYRNx1361@2.50 MDRx495@6.88 TAx411@7.72 SCONx2046@1.61 
Value: 16637.46
Sales: MDRx495@6.88 SCONx2046@1.61 NLSx503@6.66 CYRNx1361@2.50 TAx411@7.72 
Purchases: VCELx6790@0.49 YRCWx147@22.56 SPEXx210@15.79 HMNYx489@6.80 BOSCx1116@2.98 

2013-08-08
Cash: 26.25
Held: VCELx6790@0.57 SPEXx210@16.61 YRCWx147@18.09 HMNYx489@6.90 BOSCx1116@3.90 
Value: 17769.28
Sales: VCELx6790@0.57 YRCWx147@18.09 HMNYx489@6.90 SPEXx210@16.61 BOSCx1116@3.90 
Purchases: OPXAx2593@1.37 LMIAx256@13.87 UAMx457@7.77 XOMAx884@4.02 CAMTx2008@1.77 

2013-08-11
Cash: 9.40
Held: OPXAx2593@1.36 CAMTx2008@1.68 XOMAx884@3.87 UAMx457@7.67 LMIAx256@13.40 
Value: 17265.97
Sales: OPXAx2593@1.36 LMIAx256@13.40 UAMx457@7.67 XOMAx884@3.87 CAMTx2008@1.68 
Purchases: GTN.Ax497@6.94 GNVCx10788@0.32 IINx1174@2.94 OTELx380@9.07 DTRMx603@5.72 

2013-08-12
Cash: 17.15
Held: IINx1174@2.75 DTRMx603@5.04 OTELx380@8.69 GTN.Ax497@6.53 GNVCx10788@0.29 
Value: 15960.43
Sales: GTN.Ax497@6.53 OTELx380@8.69 IINx1174@2.75 GNVCx10788@0.29 DTRMx603@5.04 
Purchases: NYNYx1308@2.44 MLSSx2874@1.11 GBRx2493@1.28 PGNXx686@4.65 CREGx1443@2.21 

2013-08-13
Cash: 7.54
Held: PGNXx686@4.78 CREGx1443@2.20 MLSSx2874@1.20 NYNYx1308@2.75 GBRx2493@1.22 
Value: 16548.09
Sales: NYNYx1308@2.75 MLSSx2874@1.20 GBRx2493@1.22 PGNXx686@4.78 CREGx1443@2.20 
Purchases: CJJDx6619@0.50 ARLx904@3.66 SPUx1654@2.00 WYYx4796@0.69 CHCIx222@14.84 

2013-08-14
Cash: 17.54
Held: SPUx1654@1.84 WYYx4796@0.72 CJJDx6619@0.50 CHCIx222@14.70 ARLx904@3.79 
Value: 16513.70
Sales: CJJDx6619@0.50 ARLx904@3.79 SPUx1654@1.84 WYYx4796@0.72 CHCIx222@14.70 
Purchases: CALIx1442@2.29 DFFNx25404@0.13 CAASx467@7.07 CREEx59@55.94 GVx1977@1.67 

2013-08-15
Cash: 6.64
Held: GVx1977@1.62 CALIx1442@2.34 CREEx59@57.12 CAASx467@7.32 DFFNx25404@0.13 
Value: 16675.27
Sales: GVx1977@1.62 DFFNx25404@0.13 CAASx467@7.32 CREEx59@57.12 CALIx1442@2.34 
Purchases: ZSLx47@70.44 CNTFx469@7.10 VRMLx1383@2.41 RILYx11115@0.30 OSIRx171@19.48 

2013-08-18
Cash: 33.96
Held: CNTFx469@7.05 RILYx11115@0.30 ZSLx47@70.69 OSIRx171@20.00 VRMLx1383@2.21 
Value: 16475.86
Sales: ZSLx47@70.69 CNTFx469@7.05 VRMLx1383@2.21 RILYx11115@0.30 OSIRx171@20.00 
Purchases: BORNx2723@1.21 PXLWx849@3.88 EROx63@51.97 SRNEx425@7.75 KOOLx2723@1.21 

2013-08-19
Cash: 23.78
Held: PXLWx849@4.04 KOOLx2723@1.20 SRNEx425@7.77 EROx63@51.97 BORNx2723@1.22 
Value: 16618.48
Sales: EROx63@51.97 BORNx2723@1.22 KOOLx2723@1.20 SRNEx425@7.77 PXLWx849@4.04 
Purchases: FSIx3136@1.06 HMNYx649@5.12 OTIVx2171@1.53 WBKx116@28.52 CIEx134@24.67 

2013-08-20
Cash: 36.01
Held: FSIx3136@1.09 WBKx116@28.03 HMNYx649@5.07 OTIVx2171@1.44 CIEx134@24.44 
Value: 16397.81
Sales: FSIx3136@1.09 OTIVx2171@1.44 WBKx116@28.03 HMNYx649@5.07 CIEx134@24.44 
Purchases: PBIBx2261@1.45 CBAKx2410@1.36 LPTHx2186@1.50 DKSx70@46.28 BKSx226@14.49 

2013-08-21
Cash: 46.55
Held: PBIBx2261@1.45 DKSx70@46.50 LPTHx2186@1.45 BKSx226@14.46 CBAKx2410@1.38 
Value: 16344.26
Sales: PBIBx2261@1.45 LPTHx2186@1.45 DKSx70@46.50 CBAKx2410@1.38 BKSx226@14.46 
Purchases: WKHSx11673@0.28 SPLSx232@14.07 KTCCx321@10.17 STVx2193@1.49 SSNx6955@0.47 

2013-08-22
Cash: 9.26
Held: SSNx6955@0.47 STVx2193@1.47 WKHSx11673@0.34 SPLSx232@14.20 KTCCx321@10.01 
Value: 16978.50
Sales: WKHSx11673@0.34 STVx2193@1.47 SSNx6955@0.47 SPLSx232@14.20 KTCCx321@10.01 
Purchases: SGOCx1013@3.35 VUZIx1496@2.27 BONTx270@12.53 SHLDx85@39.59 EVLVx697@4.87 

2013-08-25
Cash: 46.07
Held: SGOCx1013@3.23 SHLDx85@39.34 EVLVx697@5.01 BONTx270@12.07 VUZIx1496@2.35 
Value: 16929.92
Sales: SGOCx1013@3.23 VUZIx1496@2.35 BONTx270@12.07 SHLDx85@39.34 EVLVx697@5.01 
Purchases: ZSLx53@63.47 BHx7@429.75 DSGXx313@10.79 NFECx1719@1.97 HIBBx63@53.09 

2013-08-26
Cash: 449.98
Held: NFECx1719@1.94 DSGXx313@10.72 HIBBx63@52.25 ZSLx53@62.69 BHx7@408.50 
Value: 16614.24
Sales: ZSLx53@62.69 BHx7@408.50 DSGXx313@10.72 NFECx1719@1.94 HIBBx63@52.25 
Purchases: TSNx114@29.12 TGCx8747@0.38 TOPSx1568@2.12 RIGLx1068@3.11 CNTFx577@5.75 

2013-08-27
Cash: 9.78
Held: TOPSx1568@2.15 CNTFx577@5.95 TGCx8747@0.42 RIGLx1068@3.07 TSNx114@28.45 
Value: 17010.09
Sales: TSNx114@28.45 CNTFx577@5.95 TOPSx1568@2.15 RIGLx1068@3.07 TGCx8747@0.42 
Purchases: GSSx5864@0.58 THMx5578@0.61 FFHLx2576@1.32 SPCBx666@5.10 VGZx4253@0.80 

2013-08-28
Cash: 6.36
Held: VGZx4253@0.81 FFHLx2576@1.29 THMx5578@0.60 GSSx5864@0.60 SPCBx666@4.88 
Value: 16890.35
Sales: SPCBx666@4.88 THMx5578@0.60 FFHLx2576@1.29 GSSx5864@0.60 VGZx4253@0.81 
Purchases: FROx1324@2.55 XCRAx804@4.20 SKLNx9648@0.35 RNNx9127@0.37 PRKRx938@3.60 

2013-08-29
Cash: 4.71
Held: XCRAx804@4.06 SKLNx9648@0.34 FROx1324@2.42 PRKRx938@3.31 RNNx9127@0.38 
Value: 16325.45
Sales: FROx1324@2.42 SKLNx9648@0.34 XCRAx804@4.06 RNNx9127@0.38 PRKRx938@3.31 
Purchases: CVVx291@11.22 LARKx164@19.81 SHIPx2266@1.44 GCOx52@61.69 NGx1191@2.74 

2013-09-02
Cash: 76.16
Held: SHIPx2266@1.35 GCOx52@61.88 CVVx291@11.68 NGx1191@2.83 LARKx164@19.80 
Value: 16367.97
Sales: CVVx291@11.68 LARKx164@19.80 SHIPx2266@1.35 GCOx52@61.88 NGx1191@2.83 
Purchases: ATAIx727@4.50 DFFNx46760@0.07 INSGx1132@2.89 TROVx411@7.96 KOOLx3241@1.01 

2013-09-03
Cash: 6.15
Held: KOOLx3241@1.02 ATAIx727@4.67 INSGx1132@2.90 DFFNx46760@0.07 TROVx411@7.84 
Value: 16485.86
Sales: ATAIx727@4.67 DFFNx46760@0.07 INSGx1132@2.90 TROVx411@7.84 KOOLx3241@1.02 
Purchases: BIOSx290@11.34 CYRXx742@4.44 KONEx1471@2.24 ADKx788@4.18 LEUx232@14.21 

2013-09-04
Cash: 14.74
Held: ADKx788@4.18 KONEx1471@2.72 LEUx232@13.60 CYRXx742@4.20 BIOSx290@11.58 
Value: 16939.52
Sales: BIOSx290@11.58 CYRXx742@4.20 LEUx232@13.60 ADKx788@4.18 KONEx1471@2.72 
Purchases: SOXSx60@56.34 OCLRx3806@0.89 ARQLx1518@2.23 URREx1209@2.80 OPKx400@8.46 

2013-09-05
Cash: 14.67
Held: OPKx400@8.49 ARQLx1518@2.24 URREx1209@2.62 SOXSx60@56.91 OCLRx3806@0.91 
Value: 16857.19
Sales: SOXSx60@56.91 OCLRx3806@0.91 URREx1209@2.62 ARQLx1518@2.24 OPKx400@8.49 
Purchases: FFHLx2324@1.45 REXx120@28.05 MINDx230@14.66 DSSx2764@1.22 DVAXx285@11.80 

2013-09-08
Cash: 16.94
Held: DSSx2764@1.23 FFHLx2324@1.40 REXx120@29.02 DVAXx285@12.30 MINDx230@14.75 
Value: 17051.45
Sales: MINDx230@14.75 DVAXx285@12.30 REXx120@29.02 FFHLx2324@1.40 DSSx2764@1.23 
Purchases: SPPx1585@2.15 MDXGx841@4.05 MSONx819@4.16 TITNx203@16.73 CONNx64@53.09 

2013-09-09
Cash: 34.12
Held: SPPx1585@2.24 CONNx64@55.19 MSONx819@4.58 TITNx203@17.31 MDXGx841@3.93 
Value: 17685.68
Sales: SPPx1585@2.24 MDXGx841@3.93 MSONx819@4.58 TITNx203@17.31 CONNx64@55.19 
Purchases: NYMXx527@6.71 SMKx145@24.23 JOBx19644@0.18 DVAx126@27.91 BZQx90@38.97 

2013-09-10
Cash: 74.69
Held: JOBx19644@0.18 NYMXx527@6.50 BZQx90@39.22 SMKx145@24.23 DVAx126@27.84 
Value: 17589.14
Sales: NYMXx527@6.50 DVAx126@27.84 JOBx19644@0.18 SMKx145@24.23 BZQx90@39.22 
Purchases: ALJx317@11.07 VISNx1812@1.94 LEUx315@11.15 URBNx92@38.19 NBIXx304@11.57 

2013-09-11
Cash: 21.41
Held: NBIXx304@11.15 LEUx315@10.45 VISNx1812@1.95 URBNx92@38.31 ALJx317@10.91 
Value: 17219.06
Sales: ALJx317@10.91 VISNx1812@1.95 LEUx315@10.45 URBNx92@38.31 NBIXx304@11.15 
Purchases: WBMDx108@31.73 ITGx206@16.70 ARCx780@4.41 SOLx800@4.30 EVLVx795@4.33 

2013-09-12
Cash: 29.50
Held: WBMDx108@31.02 EVLVx795@4.60 SOLx800@4.24 ITGx206@16.69 ARCx780@4.53 
Value: 17400.05
Sales: WBMDx108@31.02 ITGx206@16.69 ARCx780@4.53 SOLx800@4.24 EVLVx795@4.60 
Purchases: IDRAx2011@1.73 MTEXx137@25.39 IINx1058@3.29 ADXSx565@6.15 PLXx746@4.66 

2013-09-15
Cash: 11.39
Held: IINx1058@3.23 ADXSx565@6.23 MTEXx137@29.55 PLXx746@4.60 IDRAx2011@1.62 
Value: 17688.18
Sales: ADXSx565@6.23 MTEXx137@29.55 IINx1058@3.23 IDRAx2011@1.62 PLXx746@4.60 
Purchases: SGAx79@44.75 ARTXx1976@1.79 DCTHx10717@0.33 ISFx155@22.80 GUREx2118@1.67 

2013-09-16
Cash: 7.96
Held: ARTXx1976@1.76 ISFx155@22.73 DCTHx10717@0.32 SGAx79@45.12 GUREx2118@1.68 
Value: 17561.71
Sales: SGAx79@45.12 ARTXx1976@1.76 GUREx2118@1.68 ISFx155@22.73 DCTHx10717@0.32 
Purchases: ABCDx2356@1.49 IMMYx659@5.33 THMx7983@0.44 ARLx846@4.15 LEUx367@9.55 

2013-09-17
Cash: 14.15
Held: LEUx367@9.74 IMMYx659@5.25 THMx7983@0.52 ABCDx2356@1.50 ARLx846@4.24 
Value: 18320.19
Sales: IMMYx659@5.25 ABCDx2356@1.50 THMx7983@0.52 ARLx846@4.24 LEUx367@9.74 
Purchases: OMERx505@7.25 DGLYx267@13.67 NFECx1980@1.85 GPREx236@15.50 ENGx3700@0.99 

2013-09-18
Cash: 24.45
Held: NFECx1980@1.93 GPREx236@15.72 ENGx3700@0.99 OMERx505@7.74 DGLYx267@14.56 
Value: 19014.74
Sales: OMERx505@7.74 DGLYx267@14.56 NFECx1980@1.93 GPREx236@15.72 ENGx3700@0.99 
Purchases: CPHIx12674@0.30 TGIx53@70.75 LINKx422@9.00 PBHCx293@12.97 SMKx171@22.12 

2013-09-19
Cash: 80.96
Held: TGIx53@69.31 CPHIx12674@0.29 LINKx422@9.00 PBHCx293@13.20 SMKx171@22.12 
Value: 18880.36
Sales: LINKx422@9.00 TGIx53@69.31 CPHIx12674@0.29 PBHCx293@13.20 SMKx171@22.12 
Purchases: GNVCx4605@0.82 BPOPx141@26.59 CTHRx503@7.50 DSGXx343@11.00 BCSx216@17.45 

2013-09-22
Cash: 39.98
Held: BCSx216@17.09 DSGXx343@11.41 CTHRx503@7.38 GNVCx4605@1.11 BPOPx141@26.55 
Value: 20212.44
Sales: BPOPx141@26.55 DSGXx343@11.41 CTHRx503@7.38 GNVCx4605@1.11 BCSx216@17.09 
Purchases: GPLx4755@0.85 SINOx1572@2.57 FROx1519@2.66 EMMSx372@10.84 TRXx1347@3.00 

2013-09-23
Cash: 14.04
Held: FROx1519@2.60 TRXx1347@2.93 SINOx1572@2.56 GPLx4755@0.87 EMMSx372@10.84 
Value: 20105.60
Sales: GPLx4755@0.87 TRXx1347@2.93 FROx1519@2.60 EMMSx372@10.84 SINOx1572@2.56 
Purchases: PBIBx2955@1.36 JOBx17484@0.23 TEUMx5828@0.69 WYYx4570@0.88 GLOWx2934@1.37 

2013-09-24
Cash: 2.82
Held: TEUMx5828@0.67 JOBx17484@0.23 WYYx4570@0.87 GLOWx2934@1.38 PBIBx2955@1.34 
Value: 19912.35
Sales: PBIBx2955@1.34 JOBx17484@0.23 TEUMx5828@0.67 WYYx4570@0.87 GLOWx2934@1.38 
Purchases: ASMx3236@1.23 CYx437@9.10 WPCSx1549@2.57 THMx11710@0.34 RADAx2804@1.42 

2013-09-25
Cash: 7.87
Held: RADAx2804@1.59 WPCSx1549@2.59 ASMx3236@1.19 THMx11710@0.34 CYx437@9.18 
Value: 20323.64
Sales: THMx11710@0.34 WPCSx1549@2.59 CYx437@9.18 ASMx3236@1.19 RADAx2804@1.59 
Purchases: DFFNx40657@0.10 CPRTx131@30.98 SHIPx2348@1.73 AMAGx181@22.39 ABMDx218@18.64 

2013-09-26
Cash: 20.48
Held: CPRTx131@30.98 SHIPx2348@1.78 DFFNx40657@0.11 AMAGx181@21.66 ABMDx218@18.75 
Value: 20738.47
Sales: SHIPx2348@1.78 CPRTx131@30.98 DFFNx40657@0.11 AMAGx181@21.66 ABMDx218@18.75 
Purchases: PBIBx3455@1.20 PRTKx1268@3.27 JBLx193@21.42 VGZx9218@0.45 WPRTx167@24.83 

2013-09-29
Cash: 17.66
Held: VGZx9218@0.46 PBIBx3455@1.20 PRTKx1268@3.18 JBLx193@21.69 WPRTx167@24.19 
Value: 20661.10
Sales: JBLx193@21.69 PRTKx1268@3.18 PBIBx3455@1.20 VGZx9218@0.46 WPRTx167@24.19 
Purchases: SINOx1633@2.53 NKTRx395@10.45 JCPx469@8.80 UALx134@30.70 INDLx95@43.06 

2013-09-30
Cash: 70.88
Held: SINOx1633@2.65 NKTRx395@10.45 UALx134@31.38 JCPx469@8.75 INDLx95@45.31 
Value: 21140.64
Sales: SINOx1633@2.65 NKTRx395@10.45 JCPx469@8.75 UALx134@31.38 INDLx95@45.31 
Purchases: SSIx220@19.19 ACHNx1595@2.65 GERNx1273@3.32 ARNAx827@5.11 THMx14091@0.30 

2013-10-01
Cash: 11.82
Held: GERNx1273@3.40 SSIx220@18.88 ARNAx827@5.00 ACHNx1595@2.88 THMx14091@0.30 
Value: 21450.98
Sales: SSIx220@18.88 ARNAx827@5.00 GERNx1273@3.40 ACHNx1595@2.88 THMx14091@0.30 
Purchases: ADXSx852@5.03 ASTCx6218@0.69 CVMx2878@1.49 GOROx757@5.66 RBCNx386@11.09 

2013-10-02
Cash: 18.48
Held: ASTCx6218@0.69 ADXSx852@5.03 CVMx2878@1.33 RBCNx386@10.89 GOROx757@5.64 
Value: 20896.86
Sales: ADXSx852@5.03 ASTCx6218@0.69 CVMx2878@1.33 GOROx757@5.64 RBCNx386@10.89 
Purchases: SBLKx484@8.63 TISIx127@32.78 RECNx351@11.88 CGNTx856@4.88 SHOOx116@35.88 

2013-10-03
Cash: 46.64
Held: SHOOx116@36.25 CGNTx856@4.95 RECNx351@11.96 TISIx127@34.94 SBLKx484@8.66 
Value: 21313.15
Sales: SBLKx484@8.66 RECNx351@11.96 TISIx127@34.94 CGNTx856@4.95 SHOOx116@36.25 
Purchases: RDNTx1711@2.49 CEVAx305@13.97 IDSYx764@5.58 BSETx293@14.51 DCTHx8361@0.51 

2013-10-06
Cash: 17.27
Held: CEVAx305@14.12 DCTHx8361@0.49 RDNTx1711@2.45 IDSYx764@5.64 BSETx293@14.26 
Value: 21097.41
Sales: RDNTx1711@2.45 CEVAx305@14.12 IDSYx764@5.64 BSETx293@14.26 DCTHx8361@0.49 
Purchases: CLBSx601@7.01 OIBR.Cx2453@1.72 NLSTx5553@0.76 RTNBx6804@0.62 LCIx235@17.94 

2013-10-07
Cash: 11.31
Held: CLBSx601@6.96 OIBR.Cx2453@1.79 NLSTx5553@0.75 RTNBx6804@0.61 LCIx235@17.00 
Value: 20895.05
Sales: CLBSx601@6.96 NLSTx5553@0.75 LCIx235@17.00 RTNBx6804@0.61 OIBR.Cx2453@1.79 
Purchases: AEHRx1816@2.30 LQDTx151@27.66 CYRXx793@5.27 MTRNx150@27.73 MYEx233@17.92 

2013-10-08
Cash: 26.05
Held: AEHRx1816@2.45 MTRNx150@27.81 LQDTx151@26.80 MYEx233@17.55 CYRXx793@5.28 
Value: 20968.49
Sales: AEHRx1816@2.45 LQDTx151@26.80 CYRXx793@5.28 MTRNx150@27.81 MYEx233@17.55 
Purchases: CGAx970@4.32 CLNEx373@11.23 CVMx5177@0.81 JMBAx389@10.77 WYYx5243@0.80 

2013-10-09
Cash: 12.36
Held: WYYx5243@0.85 CVMx5177@0.84 CLNEx373@11.42 JMBAx389@10.92 CGAx970@4.45 
Value: 21642.00
Sales: CGAx970@4.45 CLNEx373@11.42 CVMx5177@0.84 JMBAx389@10.92 WYYx5243@0.85 
Purchases: PRKRx1658@2.61 CJJDx5621@0.77 ARIAx800@5.41 RVPx1540@2.81 SCKTx3606@1.20 

2013-10-10
Cash: 3.11
Held: RVPx1540@2.77 SCKTx3606@1.20 CJJDx5621@0.83 PRKRx1658@2.45 ARIAx800@4.26 
Value: 20732.14
Sales: PRKRx1658@2.45 CJJDx5621@0.83 RVPx1540@2.77 ARIAx800@4.26 SCKTx3606@1.20 
Purchases: RTx677@6.12 WPCSx2083@1.99 VXXx285@14.53 SPCBx1001@4.14 BISx30@134.38 

2013-10-13
Cash: 125.08
Held: WPCSx2083@1.80 VXXx285@14.68 RTx677@6.11 BISx30@135.00 SPCBx1001@4.23 
Value: 20478.53
Sales: RTx677@6.11 WPCSx2083@1.80 VXXx285@14.68 SPCBx1001@4.23 BISx30@135.00 
Purchases: MLSSx2730@1.50 AMRNx817@5.01 ARIAx975@4.20 LBIXx922@4.44 INSYx103@39.66 

2013-10-14
Cash: 15.15
Held: AMRNx817@5.17 MLSSx2730@1.50 ARIAx975@4.02 INSYx103@39.12 LBIXx922@4.27 
Value: 20221.00
Sales: MLSSx2730@1.50 AMRNx817@5.17 ARIAx975@4.02 LBIXx922@4.27 INSYx103@39.12 
Purchases: IMNPx1813@2.23 MNGAx6222@0.65 ACORx125@32.16 FROx1935@2.09 WPCSx2351@1.72 

2013-10-15
Cash: 27.01
Held: WPCSx2351@2.68 MNGAx6222@0.65 ACORx125@33.00 FROx1935@2.16 IMNPx1813@2.20 
Value: 22662.73
Sales: IMNPx1813@2.20 MNGAx6222@0.65 WPCSx2351@2.68 FROx1935@2.16 ACORx125@33.00 
Purchases: TDCx109@41.47 DRWIx114@39.50 IPASx2324@1.95 DCTHx11057@0.41 FLIRx159@28.38 

2013-10-16
Cash: 63.36
Held: DCTHx11057@0.45 DRWIx114@41.25 TDCx109@42.53 FLIRx159@28.98 IPASx2324@1.97 
Value: 23563.04
Sales: TDCx109@42.53 DRWIx114@41.25 FLIRx159@28.98 IPASx2324@1.97 DCTHx11057@0.45 
Purchases: SWKx63@74.38 QTMx3439@1.37 VISIx598@7.88 VXXx362@13.01 BISx37@126.62 

2013-10-17
Cash: 60.04
Held: SWKx63@77.19 VXXx362@12.86 VISIx598@8.25 QTMx3439@1.38 BISx37@128.75 
Value: 24020.61
Sales: QTMx3439@1.38 SWKx63@77.19 VISIx598@8.25 VXXx362@12.86 BISx37@128.75 
Purchases: SCSSx258@18.59 BORNx2001@2.40 UTEKx188@25.48 TZOOx220@21.81 ALIMx1936@2.48 

2013-10-20
Cash: 28.24
Held: UTEKx188@24.56 ALIMx1936@2.18 TZOOx220@20.84 SCSSx258@18.05 BORNx2001@2.20 
Value: 22508.22
Sales: SCSSx258@18.05 BORNx2001@2.20 UTEKx188@24.56 TZOOx220@20.84 ALIMx1936@2.18 
Purchases: AMDx1336@3.37 SVUx615@7.31 IMMUx1059@4.25 PSDVx1698@2.65 CPRXx2962@1.52 

2013-10-21
Cash: 10.30
Held: CPRXx2962@1.82 PSDVx1698@2.65 SVUx615@7.18 IMMUx1059@4.09 AMDx1336@3.18 
Value: 22897.15
Sales: AMDx1336@3.18 SVUx615@7.18 IMMUx1059@4.09 PSDVx1698@2.65 CPRXx2962@1.82 
Purchases: CJJDx3846@1.19 HIHOx1817@2.52 NMx628@7.29 PETSx302@15.13 OSIRx323@14.17 

2013-10-22
Cash: 15.61
Held: CJJDx3846@1.08 PETSx302@14.62 NMx628@7.26 HIHOx1817@2.47 OSIRx323@14.74 
Value: 22395.33
Sales: CJJDx3846@1.08 HIHOx1817@2.47 NMx628@7.26 PETSx302@14.62 OSIRx323@14.74 
Purchases: LTBRx2588@1.73 ARWRx561@7.98 SLCTx691@6.48 INSMx320@13.96 HGSHx650@6.89 

2013-10-23
Cash: 15.43
Held: LTBRx2588@1.64 SLCTx691@6.26 INSMx320@13.57 ARWRx561@8.01 HGSHx650@7.25 
Value: 22133.07
Sales: LTBRx2588@1.64 ARWRx561@8.01 SLCTx691@6.26 INSMx320@13.57 HGSHx650@7.25 
Purchases: ZIOPx1223@3.62 CREEx72@61.12 HEIx81@54.50 DGLYx418@10.58 SIFYx2108@2.10 

2013-10-24
Cash: 43.73
Held: CREEx72@60.84 SIFYx2108@2.00 ZIOPx1223@3.62 HEIx81@54.41 DGLYx418@11.29 
Value: 22192.42
Sales: ZIOPx1223@3.62 DGLYx418@11.29 CREEx72@60.84 HEIx81@54.41 SIFYx2108@2.00 
Purchases: TKRx86@51.38 ACATx88@50.41 AXNx17753@0.25 NVDQx270@16.44 FORMx839@5.29 

2013-10-27
Cash: 24.52
Held: FORMx839@5.23 TKRx86@51.91 ACATx88@51.47 AXNx17753@0.28 NVDQx270@16.50 
Value: 22832.43
Sales: AXNx17753@0.28 ACATx88@51.47 TKRx86@51.91 NVDQx270@16.50 FORMx839@5.23 
Purchases: OPTTx1833@2.49 NCRx126@36.22 TVTYx423@10.77 AIQx198@23.02 MEIPx550@8.30 

2013-10-28
Cash: 26.73
Held: MEIPx550@8.13 NCRx126@37.22 AIQx198@24.42 TVTYx423@10.78 OPTTx1833@2.49 
Value: 23149.94
Sales: MEIPx550@8.13 NCRx126@37.22 TVTYx423@10.78 AIQx198@24.42 OPTTx1833@2.49 
Purchases: MDGLx950@4.87 NTNx9082@0.51 COYNx1040@4.45 DDEx3006@1.54 SOHUx68@67.88 

2013-10-29
Cash: 20.66
Held: MDGLx950@4.43 DDEx3006@1.54 SOHUx68@66.38 NTNx9082@0.50 COYNx1040@4.25 
Value: 22332.72
Sales: MDGLx950@4.43 NTNx9082@0.50 COYNx1040@4.25 DDEx3006@1.54 SOHUx68@66.38 
Purchases: DCOx179@24.88 DANx235@18.95 YRCWx480@9.30 SANMx301@14.81 DHXx594@7.51 

2013-10-30
Cash: 43.09
Held: DCOx179@24.86 SANMx301@14.56 DHXx594@7.38 YRCWx480@9.52 DANx235@19.59 
Value: 22435.08
Sales: DCOx179@24.86 DANx235@19.59 SANMx301@14.56 YRCWx480@9.52 DHXx594@7.38 
Purchases: DLRx94@47.66 ACCOx766@5.85 BBOXx179@25.05 PRXLx98@45.72 AUDCx736@6.09 

2013-10-31
Cash: 27.15
Held: BBOXx179@24.23 DLRx94@48.50 ACCOx766@5.85 PRXLx98@45.19 AUDCx736@6.45 
Value: 22581.40
Sales: DLRx94@48.50 ACCOx766@5.85 BBOXx179@24.23 PRXLx98@45.19 AUDCx736@6.45 
Purchases: STRAx119@37.84 SPRTx1024@4.41 BYDx437@10.32 NEOGx99@45.41 CTHRx869@5.19 

2013-11-03
Cash: 45.46
Held: BYDx437@10.21 CTHRx869@4.99 NEOGx99@47.38 SPRTx1024@4.52 STRAx119@37.84 
Value: 22663.99
Sales: STRAx119@37.84 BYDx437@10.21 CTHRx869@4.99 NEOGx99@47.38 SPRTx1024@4.52 
Purchases: GECx3332@1.36 NSPx128@35.31 CRD.Bx457@9.91 MUXx2312@1.96 AUMNx6866@0.66 

2013-11-04
Cash: 20.08
Held: MUXx2312@1.89 CRD.Bx457@9.59 NSPx128@34.62 AUMNx6866@0.63 GECx3332@1.43 
Value: 22293.79
Sales: NSPx128@34.62 GECx3332@1.43 CRD.Bx457@9.59 MUXx2312@1.89 AUMNx6866@0.63 
Purchases: PENNx327@13.61 CETVx1947@2.29 UTSIx1889@2.36 TCXx1797@2.48 HBIOx1022@4.36 

2013-11-05
Cash: 17.17
Held: PENNx327@13.26 TCXx1797@2.52 HBIOx1022@4.15 UTSIx1889@2.39 CETVx1947@2.28 
Value: 22073.46
Sales: PENNx327@13.26 CETVx1947@2.28 UTSIx1889@2.39 HBIOx1022@4.15 TCXx1797@2.52 
Purchases: CUTRx513@8.60 IMMUx1290@3.42 IMGNx339@13.01 RADAx2692@1.64 LEUx797@5.54 

2013-11-06
Cash: 10.94
Held: RADAx2692@1.71 CUTRx513@8.49 LEUx797@5.20 IMMUx1290@3.45 IMGNx339@12.76 
Value: 21888.82
Sales: IMGNx339@12.76 IMMUx1290@3.45 CUTRx513@8.49 RADAx2692@1.71 LEUx797@5.20 
Purchases: CYTXx105@41.69 QUADx165@26.44 ANFx132@33.00 NAVBx3126@1.40 HPJx2065@2.12 

2013-11-07
Cash: 39.80
Held: HPJx2065@2.13 QUADx165@25.20 ANFx132@34.38 CYTXx105@38.69 NAVBx3126@1.53 
Value: 21981.86
Sales: CYTXx105@38.69 HPJx2065@2.13 ANFx132@34.38 NAVBx3126@1.53 QUADx165@25.20 
Purchases: YRCWx489@8.98 PLPCx60@72.81 VISNx778@5.65 XTLBx1001@4.39 NXTMx432@10.16 

2013-11-10
Cash: 46.57
Held: XTLBx1001@4.40 NXTMx432@9.83 VISNx778@9.10 PLPCx60@71.25 YRCWx489@10.64 
Value: 25254.44
Sales: YRCWx489@10.64 PLPCx60@71.25 VISNx778@9.10 XTLBx1001@4.40 NXTMx432@9.83 
Purchases: NTWKx976@5.17 ESNCx7890@0.64 HGSHx1318@3.83 NUROx2759@1.83 MBVXx3915@1.29 

2013-11-11
Cash: 8.28
Held: NUROx2759@2.13 ESNCx7890@0.67 NTWKx976@5.11 HGSHx1318@5.56 MBVXx3915@1.55 
Value: 29553.46
Sales: NTWKx976@5.11 ESNCx7890@0.67 HGSHx1318@5.56 NUROx2759@2.13 MBVXx3915@1.55 
Purchases: ADXSx1818@3.25 EGHTx600@9.84 NYNYx1194@4.95 TEARx551@10.72 AEHRx2649@2.23 

2013-11-12
Cash: 14.80
Held: ADXSx1818@3.09 AEHRx2649@2.30 EGHTx600@9.63 NYNYx1194@5.20 TEARx551@9.54 
Value: 28970.49
Sales: ADXSx1818@3.09 AEHRx2649@2.30 EGHTx600@9.63 TEARx551@9.54 NYNYx1194@5.20 
Purchases: HNRx2047@2.83 NETEx1595@3.63 SRPTx449@12.89 AMEDx447@12.96 PEIXx2129@2.72 

2013-11-13
Cash: 12.29
Held: HNRx2047@2.87 SRPTx449@14.41 AMEDx447@13.77 PEIXx2129@2.43 NETEx1595@3.26 
Value: 28882.68
Sales: SRPTx449@14.41 NETEx1595@3.26 HNRx2047@2.87 AMEDx447@13.77 PEIXx2129@2.43 
Purchases: CLNTx1017@5.68 CWCOx496@11.63 PERYx387@14.90 NLSTx9315@0.62 CDXSx4311@1.34 

2013-11-14
Cash: 18.41
Held: PERYx387@14.74 NLSTx9315@0.60 CWCOx496@11.54 CLNTx1017@5.88 CDXSx4311@1.29 
Value: 28577.13
Sales: CWCOx496@11.54 PERYx387@14.74 NLSTx9315@0.60 CDXSx4311@1.29 CLNTx1017@5.88 
Purchases: QBAKx5547@1.03 PYDSx71427@0.08 AXNx25982@0.22 CNTYx1111@5.14 ENGx3835@1.49 

2013-11-17
Cash: 5.26
Held: CNTYx1111@4.73 ENGx3835@1.50 AXNx25982@0.22 PYDSx71427@0.08 QBAKx5547@1.03 
Value: 28158.90
Sales: QBAKx5547@1.03 PYDSx71427@0.08 AXNx25982@0.22 CNTYx1111@4.73 ENGx3835@1.50 
Purchases: SANWx1158@4.86 MMACx4730@1.19 CETx269@20.91 ESNCx10829@0.52 CREGx1530@3.68 

2013-11-18
Cash: 16.02
Held: ESNCx10829@0.46 CREGx1530@3.33 SANWx1158@5.00 MMACx4730@1.18 CETx269@20.81 
Value: 27060.44
Sales: ESNCx10829@0.46 MMACx4730@1.18 CETx269@20.81 SANWx1158@5.00 CREGx1530@3.33 
Purchases: BGIx3201@1.69 STRMx792@6.83 CLNTx1015@5.33 VNDAx451@11.99 DXTRx6014@0.90 

2013-11-19
Cash: 12.96
Held: CLNTx1015@5.25 DXTRx6014@0.93 BGIx3201@1.74 VNDAx451@11.62 STRMx792@6.64 
Value: 27005.00
Sales: BGIx3201@1.74 STRMx792@6.64 CLNTx1015@5.25 VNDAx451@11.62 DXTRx6014@0.93 
Purchases: YTENx6506@0.83 YGEx998@5.41 BSPMx389@13.86 AMRIx479@11.27 BBYx139@38.72 

2013-11-20
Cash: 32.00
Held: AMRIx479@11.43 BBYx139@39.06 YTENx6506@0.84 YGEx998@5.70 BSPMx389@13.93 
Value: 27507.00
Sales: YGEx998@5.70 YTENx6506@0.84 BSPMx389@13.93 AMRIx479@11.43 BBYx139@39.06 
Purchases: NETEx2246@2.45 TOPSx3793@1.45 SAx740@7.43 SQMx217@25.25 AEZSx53@103.00 

2013-11-21
Cash: 69.25
Held: TOPSx3793@1.39 SAx740@7.31 NETEx2246@2.47 SQMx217@24.78 AEZSx53@105.00 
Value: 27240.27
Sales: SAx740@7.31 TOPSx3793@1.39 NETEx2246@2.47 SQMx217@24.78 AEZSx53@105.00 
Purchases: SGOCx1305@4.17 FFHLx4998@1.09 DGLYx662@8.22 WTTx2582@2.11 SMRTx377@14.44 

2013-11-24
Cash: 18.78
Held: SGOCx1305@3.79 WTTx2582@2.07 SMRTx377@14.74 FFHLx4998@1.09 DGLYx662@7.57 
Value: 26325.44
Sales: SGOCx1305@3.79 FFHLx4998@1.09 SMRTx377@14.74 WTTx2582@2.07 DGLYx662@7.57 
Purchases: CBMXx8@607.50 LNDCx468@11.25 OLEDx149@35.16 REFRx782@6.73 NATx661@7.96 

2013-11-25
Cash: 436.76
Held: LNDCx468@11.36 OLEDx149@36.25 NATx661@7.76 REFRx782@6.88 CBMXx8@607.50 
Value: 26523.99
Sales: CBMXx8@607.50 LNDCx468@11.36 OLEDx149@36.25 REFRx782@6.88 NATx661@7.76 
Purchases: MTEXx252@21.03 BORNx3065@1.73 RCONx1300@4.08 EVIx1542@3.44 FRDx620@8.55 

2013-11-26
Cash: 15.97
Held: EVIx1542@3.57 RCONx1300@3.79 FRDx620@8.50 MTEXx252@21.11 BORNx3065@1.83 
Value: 26645.93
Sales: MTEXx252@21.11 EVIx1542@3.57 RCONx1300@3.79 BORNx3065@1.83 FRDx620@8.50 
Purchases: IQNTx478@11.13 CBRLx48@108.81 GNVCx3134@1.70 ARIAx1174@4.54 QRHCx2131@2.50 

2013-11-28
Cash: 116.67
Held: QRHCx2131@2.85 ARIAx1174@4.84 CBRLx48@108.50 IQNTx478@11.59 GNVCx3134@1.66 
Value: 27823.91
Sales: IQNTx478@11.59 CBRLx48@108.50 GNVCx3134@1.66 ARIAx1174@4.84 QRHCx2131@2.85 
Purchases: USAKx393@14.13 EBR.Bx1239@4.49 ZUMZx200@27.77 GIGAx5458@1.02 NFXx198@28.09 

2013-12-01
Cash: 28.44
Held: ZUMZx200@27.56 GIGAx5458@1.13 NFXx198@28.30 USAKx393@14.47 EBR.Bx1239@4.34 
Value: 28373.91
Sales: USAKx393@14.47 EBR.Bx1239@4.34 ZUMZx200@27.56 GIGAx5458@1.13 NFXx198@28.30 
Purchases: WTIx335@16.91 FTNTx338@16.77 UEPSx703@8.07 CAPRx2522@2.25 RDCMx1250@4.54 

2013-12-02
Cash: 21.78
Held: CAPRx2522@2.30 RDCMx1250@4.77 WTIx335@16.70 UEPSx703@7.99 FTNTx338@17.06 
Value: 28764.69
Sales: WTIx335@16.70 FTNTx338@17.06 RDCMx1250@4.77 CAPRx2522@2.30 UEPSx703@7.99 
Purchases: CYRXx1229@4.68 RFILx562@10.23 EDNx826@6.96 AMTXx2727@2.11 CIEx328@17.52 

2013-12-03
Cash: 18.90
Held: EDNx826@6.99 RFILx562@9.68 AMTXx2727@2.40 CYRXx1229@4.74 CIEx328@17.72 
Value: 29412.17
Sales: CYRXx1229@4.74 RFILx562@9.68 EDNx826@6.99 CIEx328@17.72 AMTXx2727@2.40 
Purchases: ELTKx2421@2.43 MFINx370@15.89 LDOSx141@41.44 XRAx10699@0.55 PDLIx703@8.36 

2013-12-04
Cash: 48.68
Held: XRAx10699@0.55 LDOSx141@41.38 PDLIx703@8.10 MFINx370@15.77 ELTKx2421@2.31 
Value: 28890.32
Sales: ELTKx2421@2.31 MFINx370@15.77 LDOSx141@41.38 XRAx10699@0.55 PDLIx703@8.10 
Purchases: TRQx1714@3.37 GIGx3501@1.65 VLGEAx171@33.78 SHLDx115@49.97 IHTx3566@1.62 

2013-12-05
Cash: 37.26
Held: IHTx3566@1.62 SHLDx115@48.09 TRQx1714@3.35 GIGx3501@1.61 VLGEAx171@33.62 
Value: 28474.32
Sales: TRQx1714@3.35 GIGx3501@1.61 VLGEAx171@33.62 SHLDx115@48.09 IHTx3566@1.62 
Purchases: REIx515@11.05 CEQPx4@1297.00 NWYx1333@4.27 KERXx446@12.75 SOLx1886@3.02 

2013-12-08
Cash: 524.56
Held: CEQPx4@1330.00 NWYx1333@4.26 REIx515@11.48 SOLx1886@2.99 KERXx446@12.59 
Value: 28692.25
Sales: REIx515@11.48 CEQPx4@1330.00 NWYx1333@4.26 KERXx446@12.59 SOLx1886@2.99 
Purchases: SEACx498@11.50 CALIx1534@3.74 ULTAx63@90.19 SOLx1919@2.99 BIGx183@31.23 

2013-12-09
Cash: 91.77
Held: CALIx1534@3.78 ULTAx63@94.38 SOLx1919@3.10 SEACx498@11.36 BIGx183@30.69 
Value: 29055.77
Sales: SEACx498@11.36 CALIx1534@3.78 ULTAx63@94.38 SOLx1919@3.10 BIGx183@30.69 
Purchases: ODCx168@34.41 GBRx3521@1.65 ARRYx1141@5.09 XTLBx1937@3.00 CRISx2098@2.77 

2013-12-10
Cash: 35.51
Held: XTLBx1937@3.00 ODCx168@33.19 CRISx2098@2.46 ARRYx1141@4.86 GBRx3521@1.60 
Value: 27761.83
Sales: ODCx168@33.19 GBRx3521@1.60 ARRYx1141@4.86 XTLBx1937@3.00 CRISx2098@2.46 
Purchases: GASSx530@10.47 TGTXx1604@3.46 QRHCx2605@2.13 CAPRx2303@2.41 HIHOx1718@3.23 

2013-12-11
Cash: 10.62
Held: GASSx530@9.88 CAPRx2303@2.62 QRHCx2605@2.05 HIHOx1718@3.09 TGTXx1604@3.69 
Value: 27848.91
Sales: GASSx530@9.88 TGTXx1604@3.69 QRHCx2605@2.05 CAPRx2303@2.62 HIHOx1718@3.09 
Purchases: AEHRx2142@2.60 GRFx721@7.72 LHx63@87.75 INFIx420@13.26 OPKx591@9.42 

2013-12-12
Cash: 50.47
Held: GRFx721@7.66 LHx63@89.12 AEHRx2142@2.76 INFIx420@12.96 OPKx591@8.97 
Value: 27843.86
Sales: GRFx721@7.66 AEHRx2142@2.76 INFIx420@12.96 LHx63@89.12 OPKx591@8.97 
Purchases: EVIx1677@3.32 IMUCx5462@1.02 SIGMx1242@4.48 SYNx5462@1.02 AFSIx331@16.81 

2013-12-15
Cash: 8.66
Held: EVIx1677@2.96 IMUCx5462@0.90 SIGMx1242@4.17 SYNx5462@1.00 AFSIx331@17.62 
Value: 26366.76
Sales: EVIx1677@2.96 IMUCx5462@0.90 SIGMx1242@4.17 SYNx5462@1.00 AFSIx331@17.62 
Purchases: RGSEx2430@2.17 SNOAx1355@3.89 INVTx4667@1.13 AVEOx3139@1.68 MNOVx2282@2.31 

2013-12-16
Cash: 3.68
Held: RGSEx2430@2.29 INVTx4667@1.24 AVEOx3139@1.62 SNOAx1355@3.67 MNOVx2282@2.30 
Value: 26662.95
Sales: RGSEx2430@2.29 INVTx4667@1.24 AVEOx3139@1.62 MNOVx2282@2.30 SNOAx1355@3.67 
Purchases: EMITFx365@14.60 TTMIx697@7.64 IFMIx2615@2.04 RIBTx1131@4.71 ADUSx229@23.19 

2013-12-17
Cash: 37.71
Held: ADUSx229@23.58 IFMIx2615@2.07 EMITFx365@14.08 TTMIx697@7.87 RIBTx1131@4.57 
Value: 26644.66
Sales: EMITFx365@14.08 TTMIx697@7.87 IFMIx2615@2.07 RIBTx1131@4.57 ADUSx229@23.58 
Purchases: FPAYx8880@0.60 CBMXx10@501.75 RMTIx506@10.52 CBIOx197@26.95 

2013-12-18
Cash: 5663.67
Held: RMTIx506@11.15 FPAYx8880@0.60 CBMXx10@504.00 CBIOx197@26.95 
Value: 26983.41
Sales: FPAYx8880@0.60 CBMXx10@504.00 RMTIx506@11.15 CBIOx197@26.95 
Purchases: ZNx3696@1.46 GCHx537@10.04 IMUCx7493@0.72 ABEx390@13.82 BGRx228@23.61 

2013-12-19
Cash: 26.99
Held: IMUCx7493@0.81 GCHx537@10.11 ZNx3696@1.45 ABEx390@13.74 BGRx228@23.72 
Value: 27652.74
Sales: GCHx537@10.11 IMUCx7493@0.81 ZNx3696@1.45 BGRx228@23.72 ABEx390@13.74 
Purchases: WGOx208@26.48 IECx1455@3.80 RADx1108@4.99 CHNx275@20.08 SMTCx228@24.20 

2013-12-22
Cash: 47.04
Held: CHNx275@20.08 SMTCx228@24.98 WGOx208@27.36 IECx1455@3.81 RADx1108@5.24 
Value: 28304.08
Sales: WGOx208@27.36 RADx1108@5.24 IECx1455@3.81 CHNx275@20.08 SMTCx228@24.98 
Purchases: MDx107@52.69 CYRXx1564@3.62 NTNx8710@0.65 IDCCx197@28.72 KMXx119@47.44 

2013-12-23
Cash: 42.87
Held: IDCCx197@29.92 MDx107@52.88 CYRXx1564@4.04 NTNx8710@0.63 KMXx119@47.59 
Value: 29062.14
Sales: MDx107@52.88 CYRXx1564@4.04 KMXx119@47.59 IDCCx197@29.92 NTNx8710@0.63 
Purchases: TATx7175@0.81 NAKx4369@1.33 YGEx1269@4.58 INUVx4369@1.33 SCKTx6837@0.85 

2013-12-25
Cash: 5.98
Held: SCKTx6837@0.77 INUVx4369@1.32 NAKx4369@1.20 YGEx1269@4.63 TATx7175@0.82 
Value: 28039.03
Sales: TATx7175@0.82 NAKx4369@1.20 YGEx1269@4.63 INUVx4369@1.32 SCKTx6837@0.77 
Purchases: ABEOx24383@0.23 ARCWx518@10.81 ASURx1032@5.43 CYBx220@25.39 BVXx2734@2.05 

2013-12-26
Cash: 34.33
Held: CYBx220@25.42 ASURx1032@5.63 ABEOx24383@0.26 ARCWx518@11.64 BVXx2734@2.05 
Value: 29412.67
Sales: ABEOx24383@0.26 CYBx220@25.42 ARCWx518@11.64 BVXx2734@2.05 ASURx1032@5.63 
Purchases: EMITFx426@13.80 KEFx726@8.09 SUMRx3342@1.76 MHHx418@14.05 PTYx335@17.55 

2013-12-29
Cash: 28.20
Held: PTYx335@17.33 KEFx726@8.22 MHHx418@14.40 EMITFx426@19.41 SUMRx3342@1.82 
Value: 32169.03
Sales: EMITFx426@19.41 KEFx726@8.22 MHHx418@14.40 PTYx335@17.33 SUMRx3342@1.82 
Purchases: AGFx499@12.89 GFx322@19.94 EDNx1266@5.08 INXXx605@10.62 IFx782@8.22 

2013-12-30
Cash: 37.37
Held: AGFx499@12.64 GFx322@19.94 EDNx1266@5.06 INXXx605@10.64 IFx782@8.26 
Value: 32064.28
Sales: AGFx499@12.64 IFx782@8.26 EDNx1266@5.06 INXXx605@10.64 GFx322@19.94 
Purchases: TSRIx1908@3.36 PZZAx141@45.41 DYNTx1545@4.15 IGLDx748@8.56 ESNCx7204@0.89 

2014-01-01
Cash: 25.68
Held: ESNCx7204@0.89 DYNTx1545@4.17 PZZAx141@45.31 TSRIx1908@3.67 IGLDx748@8.81 
Value: 32866.80
Sales: TSRIx1908@3.67 ESNCx7204@0.89 DYNTx1545@4.17 IGLDx748@8.81 PZZAx141@45.31 
Purchases: GYROx552@11.89 FTEKx929@7.07 TCFCx320@20.50 DGICBx280@23.41 UNXLx657@9.99 

2014-01-02
Cash: 56.24
Held: TCFCx320@20.80 DGICBx280@23.12 FTEKx929@7.89 UNXLx657@9.49 GYROx552@10.79 
Value: 32708.56
Sales: UNXLx657@9.49 FTEKx929@7.89 DGICBx280@23.12 TCFCx320@20.80 GYROx552@10.79 
Purchases: EDCx64@101.06 THDx105@62.00 VHIx412@15.84 YZCx799@8.18 DRYSx1@6404.00 

2014-01-05
Cash: 263.36
Held: EDCx64@98.06 YZCx799@8.23 VHIx412@15.95 DRYSx1@6060.00 THDx105@62.50 
Value: 32307.57
Sales: EDCx64@98.06 THDx105@62.50 YZCx799@8.23 VHIx412@15.95 DRYSx1@6060.00 
Purchases: IDNx13462@0.48 AXNx28095@0.23 CTRPx581@11.11 ATLCx1946@3.32 LEUx1082@5.97 

2014-01-06
Cash: 10.71
Held: CTRPx581@11.50 LEUx1082@5.40 AXNx28095@0.24 ATLCx1946@3.29 IDNx13462@0.56 
Value: 33215.87
Sales: IDNx13462@0.56 ATLCx1946@3.29 CTRPx581@11.50 AXNx28095@0.24 LEUx1082@5.40 
Purchases: TKFx606@10.95 GYROx849@7.82 PRANx1068@6.22 ODPx1375@4.83 CHNRx714@9.30 

2014-01-07
Cash: 20.57
Held: TKFx606@10.71 CHNRx714@9.48 ODPx1375@4.95 GYROx849@8.30 PRANx1068@6.24 
Value: 33789.37
Sales: TKFx606@10.71 CHNRx714@9.48 PRANx1068@6.24 GYROx849@8.30 ODPx1375@4.95 
Purchases: VUZIx1851@3.65 HGGx599@11.28 EDUCx2131@3.17 LEUx1299@5.20 ASMx5728@1.18 

2014-01-08
Cash: 8.89
Held: EDUCx2131@3.10 LEUx1299@5.11 HGGx599@10.76 ASMx5728@1.15 VUZIx1851@3.60 
Value: 32947.48
Sales: VUZIx1851@3.60 HGGx599@10.76 EDUCx2131@3.10 LEUx1299@5.11 ASMx5728@1.15 
Purchases: FPAYx9410@0.70 AZZx163@40.34 SEEDx3467@1.90 AVIDx942@6.99 SPRTx2304@2.86 

2014-01-09
Cash: 22.99
Held: FPAYx9410@0.70 AZZx163@40.34 SEEDx3467@1.84 SPRTx2304@2.84 AVIDx942@7.35 
Value: 33034.77
Sales: FPAYx9410@0.70 AZZx163@40.34 SEEDx3467@1.84 AVIDx942@7.35 SPRTx2304@2.84 
Purchases: VOXXx478@13.81 EXFOx1600@4.13 CTRPx678@9.74 OPHCx4130@1.60 CHNRx781@8.45 

2014-01-12
Cash: 12.67
Held: CTRPx678@9.78 CHNRx781@8.30 OPHCx4130@1.44 EXFOx1600@4.14 VOXXx478@14.03 
Value: 32405.12
Sales: CHNRx781@8.30 OPHCx4130@1.44 CTRPx678@9.78 EXFOx1600@4.14 VOXXx478@14.03 
Purchases: MNKDx1127@5.75 SEVx931@6.96 NRPx392@16.52 YRCWx490@13.20 SHLDx182@35.47 

2014-01-13
Cash: 45.27
Held: MNKDx1127@5.94 SEVx931@7.70 SHLDx182@35.66 NRPx392@16.19 YRCWx490@12.63 
Value: 32934.23
Sales: MNKDx1127@5.94 SEVx931@7.70 NRPx392@16.19 YRCWx490@12.63 SHLDx182@35.66 
Purchases: MANHx211@31.14 CORTx2058@3.20 BONTx531@12.39 LULUx133@49.25 CIG.Cx1133@5.81 

2014-01-14
Cash: 68.75
Held: CIG.Cx1133@5.80 CORTx2058@3.10 MANHx211@32.03 BONTx531@12.30 LULUx133@49.66 
Value: 32912.55
Sales: CORTx2058@3.10 MANHx211@32.03 BONTx531@12.30 LULUx133@49.66 CIG.Cx1133@5.80 
Purchases: ABCDx3164@2.08 ISRx8125@0.81 DSGXx490@13.42 RNNx6329@1.04 BONTx535@12.30 

2014-01-15
Cash: 11.50
Held: ISRx8125@0.83 DSGXx490@13.79 BONTx535@11.98 RNNx6329@1.12 ABCDx3164@2.02 
Value: 33399.01
Sales: ABCDx3164@2.02 ISRx8125@0.83 DSGXx490@13.79 RNNx6329@1.12 BONTx535@11.98 
Purchases: BGIx5757@1.16 LKQx228@29.30 DSSx4424@1.51 GTNx551@12.10 COOLx277@24.06 

2014-01-16
Cash: 27.82
Held: DSSx4424@1.47 COOLx277@25.20 LKQx228@27.94 GTNx551@11.78 BGIx5757@1.08 
Value: 32590.39
Sales: BGIx5757@1.08 LKQx228@27.94 DSSx4424@1.47 GTNx551@11.78 COOLx277@25.20 
Purchases: FONRx306@21.30 MNGAx6267@1.04 NUSx81@79.50 BBYx266@24.44 DECKx86@75.00 

2014-01-20
Cash: 165.74
Held: BBYx266@24.47 MNGAx6267@1.11 FONRx306@21.52 DECKx86@76.25 NUSx81@77.38 
Value: 33041.66
Sales: NUSx81@77.38 MNGAx6267@1.11 FONRx306@21.52 BBYx266@24.47 DECKx86@76.25 
Purchases: ARCx872@7.57 SLMx272@24.23 SAJAx4857@1.36 ICADx518@12.75 CREGx2411@2.74 

2014-01-21
Cash: 30.17
Held: CREGx2411@2.98 SAJAx4857@1.45 ICADx518@12.51 SLMx272@24.42 ARCx872@7.56 
Value: 33972.57
Sales: ARCx872@7.56 SLMx272@24.42 SAJAx4857@1.45 ICADx518@12.51 CREGx2411@2.98 
Purchases: NNVCx1403@4.84 AMRNx4019@1.69 KONEx676@10.05 XTNTx10454@0.65 NHTCx1957@3.47 

2014-01-22
Cash: 10.50
Held: AMRNx4019@1.64 XTNTx10454@0.71 KONEx676@9.60 NHTCx1957@3.60 NNVCx1403@4.85 
Value: 34364.01
Sales: NHTCx1957@3.60 AMRNx4019@1.64 KONEx676@9.60 XTNTx10454@0.71 NNVCx1403@4.85 
Purchases: BBSIx81@84.38 NFECx3949@1.74 MAx83@82.38 AMDx1899@3.62 MTSLx3403@2.02 

2014-01-23
Cash: 75.11
Held: NFECx3949@1.55 MAx83@78.50 AMDx1899@3.47 MTSLx3403@2.08 BBSIx81@81.19 
Value: 32956.35
Sales: BBSIx81@81.19 MAx83@78.50 NFECx3949@1.55 AMDx1899@3.47 MTSLx3403@2.08 
Purchases: CBLIx477@13.80 YPFx286@23.02 LUNAx4068@1.62 DZSIx1514@4.35 PAMx1588@4.15 

2014-01-26
Cash: 26.15
Held: CBLIx477@13.60 DZSIx1514@4.57 YPFx286@25.69 LUNAx4068@1.52 PAMx1588@4.20 
Value: 33629.98
Sales: CBLIx477@13.60 YPFx286@25.69 LUNAx4068@1.52 DZSIx1514@4.57 PAMx1588@4.20 
Purchases: KSUx67@99.31 IMNPx2938@2.29 DLx360@18.67 MVVx112@59.59 TQQQx117@57.41 

2014-01-27
Cash: 137.87
Held: DLx360@22.03 IMNPx2938@2.29 TQQQx117@57.41 KSUx67@101.56 MVVx112@60.56 
Value: 35098.61
Sales: IMNPx2938@2.29 KSUx67@101.56 DLx360@22.03 MVVx112@60.56 TQQQx117@57.41 
Purchases: DRAMx966@7.26 SSYx5896@1.19 BDSIx870@8.06 GERNx1522@4.61 SMTXx3264@2.15 

2014-01-28
Cash: 16.30
Held: SSYx5896@1.17 GERNx1522@4.33 DRAMx966@7.38 SMTXx3264@2.16 BDSIx870@7.82 
Value: 34484.01
Sales: DRAMx966@7.38 GERNx1522@4.33 SMTXx3264@2.16 SSYx5896@1.17 BDSIx870@7.82 
Purchases: FCFSx139@49.31 VIPx714@9.65 AAPLx96@71.56 DZSIx1699@4.06 RCIIx285@24.19 

2014-01-29
Cash: 81.60
Held: DZSIx1699@4.12 AAPLx96@71.38 FCFSx139@49.38 RCIIx285@25.03 VIPx714@9.68 
Value: 34843.66
Sales: FCFSx139@49.38 AAPLx96@71.38 VIPx714@9.68 DZSIx1699@4.12 RCIIx285@25.03 
Purchases: GMANx965@7.22 RCONx1605@4.34 TGIx102@68.12 ORBCx975@7.14 BKSx515@13.52 

2014-01-30
Cash: 36.69
Held: RCONx1605@4.39 TGIx102@68.44 ORBCx975@6.90 BKSx515@13.48 GMANx965@7.22 
Value: 34696.77
Sales: GMANx965@7.22 RCONx1605@4.39 TGIx102@68.44 ORBCx975@6.90 BKSx515@13.48 
Purchases: FHx1617@4.29 HGGx840@8.26 NSRx204@33.88 BVSNx602@11.52 OSTKx329@21.06 

2014-02-02
Cash: 47.62
Held: BVSNx602@11.08 NSRx204@33.59 OSTKx329@20.72 FHx1617@4.06 HGGx840@7.67 
Value: 33393.37
Sales: FHx1617@4.06 HGGx840@7.67 NSRx204@33.59 BVSNx602@11.08 OSTKx329@20.72 
Purchases: SANWx1084@6.16 CYTRx980@6.81 UTIx568@11.76 UQMx3928@1.70 ATx2748@2.43 

2014-02-03
Cash: 9.75
Held: SANWx1084@6.65 UTIx568@11.91 UQMx3928@1.68 ATx2748@2.38 CYTRx980@6.57 
Value: 33558.73
Sales: SANWx1084@6.65 CYTRx980@6.57 UTIx568@11.91 UQMx3928@1.68 ATx2748@2.38 
Purchases: MTEXx507@13.22 LQDTx312@21.45 TDx156@42.97 ORMPx442@15.18 NETEx1703@3.94 

2014-02-04
Cash: 42.01
Held: LQDTx312@20.52 ORMPx442@16.20 MTEXx507@13.00 TDx156@43.19 NETEx1703@3.56 
Value: 32996.53
Sales: MTEXx507@13.00 LQDTx312@20.52 TDx156@43.19 ORMPx442@16.20 NETEx1703@3.56 
Purchases: CDXCx1496@4.41 STLYx2129@3.10 KONEx923@7.15 FNx390@16.91 ITUSx21994@0.30 

2014-02-05
Cash: 9.15
Held: ITUSx21994@0.30 STLYx2129@3.11 KONEx923@7.40 CDXCx1496@4.53 FNx390@17.28 
Value: 33575.47
Sales: CDXCx1496@4.53 STLYx2129@3.11 KONEx923@7.40 FNx390@17.28 ITUSx21994@0.30 
Purchases: BBGx299@22.45 LRADx3497@1.92 CNITx1649@4.07 EXTRx1139@5.89 GHDXx251@26.66 

2014-02-06
Cash: 35.94
Held: BBGx299@22.41 GHDXx251@26.52 EXTRx1139@5.67 LRADx3497@2.00 CNITx1649@4.14 
Value: 33672.98
Sales: BBGx299@22.41 LRADx3497@2.00 CNITx1649@4.14 GHDXx251@26.52 EXTRx1139@5.67 
Purchases: TYLx73@92.00 CALDx585@11.50 SFLYx154@43.72 NILEx195@34.44 RRTSx309@21.75 

2014-02-09
Cash: 60.73
Held: CALDx585@12.02 SFLYx154@42.75 TYLx73@90.19 NILEx195@34.00 RRTSx309@21.28 
Value: 33467.54
Sales: TYLx73@90.19 CALDx585@12.02 NILEx195@34.00 SFLYx154@42.75 RRTSx309@21.28 
Purchases: ELONx234@28.55 IIJIx685@9.76 GIGAx5873@1.14 URREx2479@2.70 PDEXx2666@2.51 

2014-02-10
Cash: 27.91
Held: PDEXx2666@2.51 ELONx234@28.80 GIGAx5873@1.17 IIJIx685@9.90 URREx2479@2.87 
Value: 34221.40
Sales: ELONx234@28.80 IIJIx685@9.90 GIGAx5873@1.17 URREx2479@2.87 PDEXx2666@2.51 
Purchases: MOSYx1497@4.57 OPHCx4887@1.40 CYOUx261@26.16 VSRx1733@3.95 NSSCx977@7.00 

2014-02-11
Cash: 26.15
Held: NSSCx977@7.31 VSRx1733@3.85 OPHCx4887@1.35 CYOUx261@26.16 MOSYx1497@4.56 
Value: 34084.56
Sales: MOSYx1497@4.56 VSRx1733@3.85 CYOUx261@26.16 OPHCx4887@1.35 NSSCx977@7.31 
Purchases: CSIQx188@36.09 CHNRx1149@5.93 CAGx235@28.97 APDNx829@8.22 ATECx3767@1.81 

2014-02-12
Cash: 48.07
Held: APDNx829@8.46 ATECx3767@1.85 CSIQx188@38.16 CAGx235@29.00 CHNRx1149@6.08 
Value: 35001.81
Sales: CSIQx188@38.16 CHNRx1149@6.08 CAGx235@29.00 APDNx829@8.46 ATECx3767@1.85 
Purchases: IDRAx1591@4.40 SIEBx2465@2.84 MGHx14000@0.50 CVMx6085@1.15 WINAx85@82.00 

2014-02-13
Cash: 33.55
Held: CVMx6085@1.18 WINAx85@81.25 SIEBx2465@2.68 MGHx14000@0.49 IDRAx1591@4.40 
Value: 34581.41
Sales: MGHx14000@0.49 SIEBx2465@2.68 CVMx6085@1.18 IDRAx1591@4.40 WINAx85@81.25 
Purchases: LTRXx3216@2.15 LLITx802@8.62 OZMx494@14.00 INVEx8754@0.79 SPRTx2810@2.46 

2014-02-17
Cash: 7.53
Held: INVEx8754@0.88 LLITx802@8.83 LTRXx3216@2.08 OZMx494@13.78 SPRTx2810@2.51 
Value: 35340.09
Sales: SPRTx2810@2.51 INVEx8754@0.88 LLITx802@8.83 LTRXx3216@2.08 OZMx494@13.78 
Purchases: Ax128@55.16 DYNTx1879@3.76 DSx1472@4.80 AHPIx1577@4.48 WTWx338@20.91 

2014-02-18
Cash: 16.73
Held: Ax128@55.94 DYNTx1879@3.70 WTWx338@20.84 DSx1472@4.70 AHPIx1577@4.49 
Value: 35168.02
Sales: Ax128@55.94 DYNTx1879@3.70 DSx1472@4.70 AHPIx1577@4.49 WTWx338@20.84 
Purchases: EMITFx1192@5.90 MNGAx8794@0.80 GENEx4064@1.73 ARCWx683@10.30 SMIx1667@4.22 

2014-02-19
Cash: 5.55
Held: MNGAx8794@0.83 GENEx4064@1.74 ARCWx683@10.51 EMITFx1192@3.56 SMIx1667@4.19 
Value: 32785.66
Sales: EMITFx1192@3.56 MNGAx8794@0.83 GENEx4064@1.74 ARCWx683@10.51 SMIx1667@4.19 
Purchases: EVIx1993@3.29 ATECx4023@1.63 LEUx1256@5.22 SMx91@71.69 PRANx812@8.07 

2014-02-20
Cash: 42.13
Held: EVIx1993@3.24 ATECx4023@1.50 LEUx1256@5.08 SMx91@72.88 PRANx812@8.03 
Value: 32065.54
Sales: EVIx1993@3.24 PRANx812@8.03 LEUx1256@5.08 SMx91@72.88 ATECx4023@1.50 
Purchases: EMITFx2004@3.20 CLUBx751@8.53 CCCx338@18.95 EIGx323@19.81 PRANx798@8.03 

2014-02-23
Cash: 32.81
Held: CLUBx751@8.63 EIGx323@19.31 EMITFx2004@4.40 CCCx338@18.86 PRANx798@9.03 
Value: 35149.86
Sales: CLUBx751@8.63 EMITFx2004@4.40 CCCx338@18.86 EIGx323@19.31 PRANx798@9.03 
Purchases: MDCAx316@22.20 NLSTx3569@1.97 ABTLx475@14.79 COGx197@35.66 NCMIx450@15.60 

2014-02-24
Cash: 33.93
Held: COGx197@35.53 ABTLx475@15.48 NLSTx3569@2.01 NCMIx450@15.83 MDCAx316@22.70 
Value: 35854.65
Sales: NLSTx3569@2.01 MDCAx316@22.70 ABTLx475@15.48 COGx197@35.53 NCMIx450@15.83 
Purchases: KMGx481@14.88 TCCOx1046@6.85 GSBx3243@2.21 SNOAx2084@3.44 IIIx1505@4.76 

2014-02-25
Cash: 25.01
Held: IIIx1505@4.88 SNOAx2084@3.56 KMGx481@14.90 TCCOx1046@7.20 GSBx3243@2.31 
Value: 36977.58
Sales: KMGx481@14.90 TCCOx1046@7.20 GSBx3243@2.31 SNOAx2084@3.56 IIIx1505@4.88 
Purchases: FSIx8125@0.91 VVUSx1263@5.85 AXNx18041@0.41 JRJCx1150@6.43 MCZx16436@0.45 

