2014-07-10
Cash: 10000.00
Held: 
Value: 10000.00
Sales: 
Purchases: CXDCx316@6.32 LLx36@54.88 SRPTx90@21.98 NETEx1550@1.29 BAAx5880@0.34 

2014-07-13
Cash: 49.41
Held: SRPTx90@21.81 BAAx5880@0.33 LLx36@55.16 NETEx1550@1.21 CXDCx316@5.91 
Value: 9682.07
Sales: CXDCx316@5.91 LLx36@55.16 SRPTx90@21.81 NETEx1550@1.21 BAAx5880@0.33 
Purchases: NYNYx308@6.27 CADCx435@4.45 SGRPx1354@1.43 ISLEx228@8.48 MBVXx1587@1.22 

2014-07-14
Cash: 11.48
Held: SGRPx1354@1.44 ISLEx228@8.42 CADCx435@4.27 NYNYx308@6.17 MBVXx1587@1.21 
Value: 9560.40
Sales: NYNYx308@6.17 CADCx435@4.27 SGRPx1354@1.44 ISLEx228@8.42 MBVXx1587@1.21 
Purchases: ATVx156@12.20 MBVXx1580@1.21 DRWIx38@49.75 DLHCx1062@1.80 HLITx319@5.98 

2014-07-15
Cash: 35.32
Held: DLHCx1062@1.83 HLITx319@6.01 ATVx156@12.80 DRWIx38@50.00 MBVXx1580@1.20 
Value: 9689.22
Sales: ATVx156@12.80 MBVXx1580@1.20 DRWIx38@50.00 HLITx319@6.01 DLHCx1062@1.83 
Purchases: EXELx530@3.65 OPTTx1684@1.15 YTENx2892@0.67 CBIOx69@28.06 IGCx1810@1.07 

2014-07-16
Cash: 6.26
Held: YTENx2892@0.62 EXELx530@3.43 IGCx1810@1.06 CBIOx69@26.73 OPTTx1684@1.15 
Value: 9317.13
Sales: EXELx530@3.43 OPTTx1684@1.15 YTENx2892@0.62 CBIOx69@26.73 IGCx1810@1.06 
Purchases: EGTx646@2.88 BBRYx191@9.71 CAWx523@3.56 MTGx240@7.75 LCIx50@36.97 

2014-07-17
Cash: 30.70
Held: CAWx523@3.58 MTGx240@7.86 EGTx646@3.12 LCIx50@38.19 BBRYx191@10.04 
Value: 9631.13
Sales: LCIx50@38.19 CAWx523@3.58 MTGx240@7.86 BBRYx191@10.04 EGTx646@3.12 
Purchases: RNNx2791@0.69 WPCSx3058@0.63 TZOOx109@17.56 OHGIx465@4.14 OIBR.Cx2791@0.69 

2014-07-20
Cash: 13.99
Held: WPCSx3058@0.65 OHGIx465@4.30 OIBR.Cx2791@0.70 TZOOx109@17.77 RNNx2791@0.66 
Value: 9734.45
Sales: RNNx2791@0.66 WPCSx3058@0.65 TZOOx109@17.77 OHGIx465@4.30 OIBR.Cx2791@0.70 
Purchases: KEGx281@6.92 SBOTx2862@0.68 RPx118@16.48 AMDx515@3.78 BISx26@73.62 

2014-07-21
Cash: 37.00
Held: RPx118@16.38 KEGx281@6.86 AMDx515@3.80 SBOTx2862@0.70 BISx26@71.94 
Value: 9728.47
Sales: KEGx281@6.86 SBOTx2862@0.70 RPx118@16.38 AMDx515@3.80 BISx26@71.94 
Purchases: PZEx301@6.45 GRBKx247@7.85 DGLYx412@4.72 EZPWx204@9.53 SCKTx1297@1.50 

2014-07-22
Cash: 13.92
Held: EZPWx204@9.66 GRBKx247@8.70 SCKTx1297@1.59 DGLYx412@4.66 PZEx301@6.54 
Value: 10083.73
Sales: PZEx301@6.54 GRBKx247@8.70 DGLYx412@4.66 EZPWx204@9.66 SCKTx1297@1.59 
Purchases: BXSx95@21.14 SILCx69@29.20 SSKNx830@2.43 ITIx1186@1.70 EDUx98@20.53 

2014-07-23
Cash: 15.22
Held: EDUx98@19.39 ITIx1186@1.74 SSKNx830@2.52 SILCx69@28.00 BXSx95@21.55 
Value: 10049.59
Sales: SILCx69@28.00 BXSx95@21.55 ITIx1186@1.74 SSKNx830@2.52 EDUx98@19.39 
Purchases: CNMDx51@38.69 STMx230@8.70 NETEx938@2.14 FDMLx112@17.83 LSCCx271@7.39 

2014-07-24
Cash: 67.29
Held: CNMDx51@39.34 STMx230@8.57 FDMLx112@17.66 LSCCx271@7.06 NETEx938@2.18 
Value: 9979.92
Sales: CNMDx51@39.34 STMx230@8.57 NETEx938@2.18 FDMLx112@17.66 LSCCx271@7.06 
Purchases: IQNTx174@11.45 KEMx393@5.07 CLFDx150@13.23 IINx293@6.80 DHIx92@21.61 

2014-07-27
Cash: 29.77
Held: IINx293@7.00 CLFDx150@13.08 DHIx92@21.48 IQNTx174@11.11 KEMx393@5.05 
Value: 9937.04
Sales: IQNTx174@11.11 CLFDx150@13.08 IINx293@7.00 KEMx393@5.05 DHIx92@21.48 
Purchases: DRWIx52@38.00 AWREx428@4.64 AMZNx6@320.50 MXWLx176@11.26 TPXx36@54.81 

2014-07-28
Cash: 97.22
Held: TPXx36@54.28 DRWIx52@39.25 AMZNx6@320.00 AWREx428@4.46 MXWLx176@10.96 
Value: 9850.76
Sales: DRWIx52@39.25 AWREx428@4.46 AMZNx6@320.00 MXWLx176@10.96 TPXx36@54.28 
Purchases: NCTYx564@3.49 CWEIx17@112.50 DWSNx154@12.72 AWIx39@49.56 MARKx280@7.02 

2014-07-29
Cash: 112.67
Held: CWEIx17@109.38 AWIx39@49.09 DWSNx154@11.88 NCTYx564@3.50 MARKx280@7.20 
Value: 9706.44
Sales: CWEIx17@109.38 NCTYx564@3.50 DWSNx154@11.88 AWIx39@49.09 MARKx280@7.20 
Purchases: CBRx510@3.80 HLFx34@55.84 IPXLx83@23.38 HILx407@4.76 TLRDx37@51.59 

2014-07-30
Cash: 82.24
Held: HLFx34@52.41 IPXLx83@23.39 CBRx510@3.49 HILx407@4.81 TLRDx37@50.31 
Value: 9404.15
Sales: CBRx510@3.49 HLFx34@52.41 IPXLx83@23.39 HILx407@4.81 TLRDx37@50.31 
Purchases: RTx312@6.01 UIHCx129@14.52 YTENx3761@0.50 PWEx243@7.73 GNWx143@13.10 

2014-07-31
Cash: 22.44
Held: RTx312@5.91 YTENx3761@0.43 GNWx143@13.07 UIHCx129@14.93 PWEx243@7.58 
Value: 9119.85
Sales: RTx312@5.91 UIHCx129@14.93 YTENx3761@0.43 PWEx243@7.58 GNWx143@13.07 
Purchases: CLUBx423@4.31 HGGx263@6.93 EDAPx991@1.84 QUIKx549@3.32 EHTHx90@20.27 

2014-08-03
Cash: 4.77
Held: QUIKx549@3.39 CLUBx423@4.14 EHTHx90@21.23 HGGx263@6.83 EDAPx991@1.61 
Value: 8920.45
Sales: CLUBx423@4.14 HGGx263@6.83 EDAPx991@1.61 QUIKx549@3.39 EHTHx90@21.23 
Purchases: CASMx1122@1.59 WEBx89@19.84 ADGEx1321@1.35 XTNTx359@4.96 PXLWx287@6.21 

2014-08-04
Cash: 24.21
Held: WEBx89@19.69 PXLWx287@6.04 XTNTx359@5.10 CASMx1122@1.60 ADGEx1321@1.28 
Value: 8827.07
Sales: CASMx1122@1.60 WEBx89@19.69 ADGEx1321@1.28 XTNTx359@5.10 PXLWx287@6.04 
Purchases: LTBRx588@3.00 FNCXx860@2.05 SAJAx336@5.25 NEx66@26.55 ASPSx21@84.06 

2014-08-05
Cash: 17.99
Held: FNCXx860@2.02 LTBRx588@2.96 NEx66@26.44 SAJAx336@5.95 ASPSx21@86.69 
Value: 9060.07
Sales: LTBRx588@2.96 FNCXx860@2.02 SAJAx336@5.95 NEx66@26.44 ASPSx21@86.69 
Purchases: CRRx17@104.56 AMSCx106@17.09 ROIAx540@3.35 ROIAKx545@3.32 AREXx102@17.70 

2014-08-06
Cash: 46.49
Held: ROIAKx545@3.07 AREXx102@17.50 AMSCx106@18.00 ROIAx540@2.92 CRRx17@101.88 
Value: 8721.44
Sales: CRRx17@101.88 ROIAx540@2.92 ROIAKx545@3.07 AMSCx106@18.00 AREXx102@17.50 
Purchases: LINCx646@2.70 Sx296@5.88 NCMIx122@14.19 LIOXx348@5.01 APEIx58@29.66 

2014-08-07
Cash: 42.58
Held: LIOXx348@5.14 LINCx646@2.59 NCMIx122@14.71 Sx296@5.67 APEIx58@29.77 
Value: 8704.57
Sales: LINCx646@2.59 Sx296@5.67 LIOXx348@5.14 APEIx58@29.77 NCMIx122@14.71 
Purchases: MNTXx144@12.02 EVCx370@4.70 ARCIx600@2.90 OMEx148@11.69 GSITx314@5.54 

2014-08-10
Cash: 25.23
Held: EVCx370@4.46 MNTXx144@11.95 ARCIx600@3.04 GSITx314@5.23 OMEx148@12.29 
Value: 8681.62
Sales: MNTXx144@11.95 EVCx370@4.46 ARCIx600@3.04 OMEx148@12.29 GSITx314@5.23 
Purchases: TEARx498@3.48 FNCXx561@3.09 KNDx88@19.59 XTNTx394@4.40 CPSTx72@23.80 

2014-08-11
Cash: 44.33
Held: KNDx88@19.41 XTNTx394@4.63 FNCXx561@2.99 TEARx498@3.36 CPSTx72@23.80 
Value: 8639.73
Sales: TEARx498@3.36 FNCXx561@2.99 KNDx88@19.41 XTNTx394@4.63 CPSTx72@23.80 
Purchases: WGBSx157@11.00 WACx70@24.55 VBFCx74@23.31 XTLBx699@2.47 INOx199@8.68 

2014-08-12
Cash: 15.05
Held: VBFCx74@23.55 XTLBx699@2.40 INOx199@9.58 WGBSx157@11.00 WACx70@25.00 
Value: 8818.44
Sales: WGBSx157@11.00 INOx199@9.58 WACx70@25.00 VBFCx74@23.55 XTLBx699@2.40 
Purchases: MNKDx236@7.47 BDEx219@8.03 INTXx491@3.59 RGENx86@20.31 TTECx67@26.22 

2014-08-13
Cash: 30.82
Held: MNKDx236@7.05 INTXx491@3.66 RGENx86@19.19 TTECx67@26.61 BDEx219@7.98 
Value: 8672.62
Sales: MNKDx236@7.05 RGENx86@19.19 BDEx219@7.98 INTXx491@3.66 TTECx67@26.61 
Purchases: VLGEAx85@20.23 MSLIx903@1.92 CREEx38@44.72 MXWLx185@9.36 CTSOx266@6.50 

2014-08-14
Cash: 59.21
Held: CREEx38@44.00 CTSOx266@6.58 MSLIx903@1.89 VLGEAx85@19.22 MXWLx185@9.30 
Value: 8540.86
Sales: VLGEAx85@19.22 MSLIx903@1.89 CREEx38@44.00 MXWLx185@9.30 CTSOx266@6.58 
Purchases: PNTRx209@8.17 RMTIx166@10.24 OCLRx1010@1.69 CHCIx198@8.61 CBMGx75@22.62 

2014-08-17
Cash: 23.87
Held: RMTIx166@10.39 CHCIx198@8.40 PNTRx209@7.86 OCLRx1010@1.70 CBMGx75@21.52 
Value: 8385.09
Sales: OCLRx1010@1.70 RMTIx166@10.39 PNTRx209@7.86 CHCIx198@8.40 CBMGx75@21.52 
Purchases: BHx4@385.75 CPHIx6449@0.26 LEUx308@5.43 XINx488@3.43 RTNBx1677@1.00 

2014-08-18
Cash: 142.25
Held: XINx488@3.50 CPHIx6449@0.27 LEUx308@5.04 RTNBx1677@1.00 BHx4@386.50 
Value: 8366.64
Sales: BHx4@386.50 CPHIx6449@0.27 LEUx308@5.04 XINx488@3.50 RTNBx1677@1.00 
Purchases: ROXx1641@1.02 ALNx1418@1.18 ACYx151@11.05 DYNTx382@4.38 MITKx694@2.41 

2014-08-19
Cash: 7.32
Held: DYNTx382@4.22 ACYx151@11.07 ALNx1418@1.20 MITKx694@2.28 ROXx1641@1.02 
Value: 8247.26
Sales: ALNx1418@1.20 ROXx1641@1.02 ACYx151@11.07 DYNTx382@4.22 MITKx694@2.28 
Purchases: INBKx96@17.06 JOEx77@21.30 ECTx248@6.64 FSNNx366@4.50 NVCNx312@5.28 

2014-08-20
Cash: 27.78
Held: JOEx77@21.16 ECTx248@6.61 NVCNx312@5.22 INBKx96@17.19 FSNNx366@4.50 
Value: 8221.18
Sales: INBKx96@17.19 ECTx248@6.61 FSNNx366@4.50 JOEx77@21.16 NVCNx312@5.22 
Purchases: NBYx2108@0.78 WPCSx1628@1.01 XRAx2348@0.70 STVx405@4.05 PLXx674@2.44 

2014-08-21
Cash: 4.68
Held: WPCSx1628@1.03 XRAx2348@0.70 NBYx2108@0.74 STVx405@4.14 PLXx674@2.44 
Value: 8207.58
Sales: NBYx2108@0.74 WPCSx1628@1.03 XRAx2348@0.70 STVx405@4.14 PLXx674@2.44 
Purchases: CYTXx79@20.55 CALIx1045@1.57 CORTx608@2.70 SSIx98@16.64 SHLDx49@33.09 

2014-08-24
Cash: 49.90
Held: CALIx1045@1.79 CORTx608@2.81 SHLDx49@33.44 SSIx98@16.62 CYTXx79@20.55 
Value: 8520.20
Sales: CORTx608@2.81 CALIx1045@1.79 CYTXx79@20.55 SSIx98@16.62 SHLDx49@33.44 
Purchases: CVGIx205@8.30 RGSEx1051@1.62 WGBSx366@4.65 BSPMx128@13.28 OZMx144@11.82 

2014-08-25
Cash: 13.14
Held: RGSEx1051@1.50 CVGIx205@8.13 WGBSx366@4.57 OZMx144@12.26 BSPMx128@13.30 
Value: 8396.73
Sales: WGBSx366@4.57 RGSEx1051@1.50 CVGIx205@8.13 BSPMx128@13.30 OZMx144@12.26 
Purchases: NTWKx606@2.77 FSIx1036@1.62 HIHOx498@3.37 SPUx1387@1.21 BORNx749@2.24 

2014-08-26
Cash: 5.97
Held: SPUx1387@1.19 NTWKx606@3.88 FSIx1036@1.58 HIHOx498@3.39 BORNx749@2.33 
Value: 9079.61
Sales: NTWKx606@3.88 FSIx1036@1.58 HIHOx498@3.39 SPUx1387@1.19 BORNx749@2.33 
Purchases: ABEOx6052@0.30 HUBGx41@44.00 KOSSx693@2.62 MOVx46@38.78 ALQAx359@5.05 

2014-08-27
Cash: 47.49
Held: ALQAx359@5.15 MOVx46@37.06 HUBGx41@43.16 ABEOx6052@0.32 KOSSx693@2.35 
Value: 8935.39
Sales: KOSSx693@2.35 ALQAx359@5.15 HUBGx41@43.16 MOVx46@37.06 ABEOx6052@0.32 
Purchases: ELTKx1176@1.52 COYNx105@17.00 GENEx2517@0.71 AOBCx160@11.12 XKEx252@7.08 

2014-08-28
Cash: 14.01
Held: GENEx2517@0.66 AOBCx160@11.07 XKEx252@7.25 ELTKx1176@1.53 COYNx105@16.50 
Value: 8805.98
Sales: ELTKx1176@1.53 COYNx105@16.50 GENEx2517@0.66 AOBCx160@11.07 XKEx252@7.25 
Purchases: KOSSx765@2.30 ONPx1006@1.75 COYNx106@16.50 WSMx26@65.75 GMANx497@3.54 

2014-09-01
Cash: 67.97
Held: WSMx26@65.56 ONPx1006@1.75 KOSSx765@2.26 GMANx497@3.55 COYNx106@15.00 
Value: 8616.55
Sales: KOSSx765@2.26 ONPx1006@1.75 COYNx106@15.00 WSMx26@65.56 GMANx497@3.55 
Purchases: PEDx946@1.82 PBBIx246@7.00 SBOTx1188@1.45 FROx853@2.02 KNDIx98@17.55 

2014-09-02
Cash: 7.45
Held: PBBIx246@6.99 KNDIx98@17.25 FROx853@1.78 PEDx946@1.76 SBOTx1188@1.73 
Value: 8656.17
Sales: PEDx946@1.76 PBBIx246@6.99 SBOTx1188@1.73 FROx853@1.78 KNDIx98@17.25 
Purchases: CVTIx136@12.64 CLDx121@14.23 VCELx515@3.36 RIBTx350@4.94 CONNx56@30.42 

2014-09-03
Cash: 52.44
Held: CVTIx136@12.55 CONNx56@29.44 VCELx515@3.31 CLDx121@14.23 RIBTx350@4.96 
Value: 8569.99
Sales: CLDx121@14.23 VCELx515@3.31 CONNx56@29.44 CVTIx136@12.55 RIBTx350@4.96 
Purchases: CPHIx7452@0.23 DEPOx123@13.86 YANGx134@12.75 RPRXx99@17.16 PHMDx229@7.47 

2014-09-04
Cash: 34.16
Held: RPRXx99@16.77 CPHIx7452@0.24 PHMDx229@7.49 DEPOx123@13.95 YANGx134@12.45 
Value: 8582.13
Sales: CPHIx7452@0.24 DEPOx123@13.95 YANGx134@12.45 RPRXx99@16.77 PHMDx229@7.49 
Purchases: SCVLx88@19.41 IDNx330@5.19 MINDx162@10.57 ISNSx255@6.71 AVAVx57@30.09 

2014-09-07
Cash: 22.19
Held: SCVLx88@19.31 ISNSx255@6.41 AVAVx57@30.61 MINDx162@10.36 IDNx330@5.02 
Value: 8435.68
Sales: SCVLx88@19.31 AVAVx57@30.61 MINDx162@10.36 ISNSx255@6.41 IDNx330@5.02 
Purchases: ZUMZx57@29.58 BDRx1147@1.47 SHIPx1110@1.52 HGSHx215@7.84 AUMNx2311@0.73 

2014-09-08
Cash: 4.72
Held: SHIPx1110@1.56 ZUMZx57@28.95 AUMNx2311@0.72 HGSHx215@7.37 BDRx1147@1.48 
Value: 8333.47
Sales: SHIPx1110@1.56 BDRx1147@1.48 ZUMZx57@28.95 HGSHx215@7.37 AUMNx2311@0.72 
Purchases: TCCOx357@4.66 UGIx46@36.00 VIIx490@3.40 KERXx113@14.63 AXASx317@5.25 

2014-09-09
Cash: 29.85
Held: AXASx317@5.40 UGIx46@35.69 VIIx490@3.33 KERXx113@14.40 TCCOx357@4.47 
Value: 8236.88
Sales: TCCOx357@4.47 UGIx46@35.69 VIIx490@3.33 KERXx113@14.40 AXASx317@5.40 
Purchases: NHTCx128@12.81 MXLx237@6.92 GIGAx707@2.33 LEUx518@3.18 RADAx468@3.52 

2014-09-10
Cash: 14.81
Held: RADAx468@3.65 GIGAx707@2.29 LEUx518@3.02 NHTCx128@11.61 MXLx237@6.81 
Value: 8005.32
Sales: NHTCx128@11.61 MXLx237@6.81 GIGAx707@2.29 LEUx518@3.02 RADAx468@3.65 
Purchases: UAMYx1380@1.16 MGCDx234@6.83 JVAx265@6.03 MFRIx153@10.45 STRMx396@4.04 

2014-09-11
Cash: 9.44
Held: UAMYx1380@1.18 MFRIx153@10.43 JVAx265@6.09 MGCDx234@6.83 STRMx396@4.09 
Value: 8064.32
Sales: UAMYx1380@1.18 MGCDx234@6.83 JVAx265@6.09 STRMx396@4.09 MFRIx153@10.43 
Purchases: INVEx107@15.03 SYMXx1378@1.17 OREXx312@5.16 MTSLx960@1.68 MBVXx268@6.00 

2014-09-14
Cash: 13.36
Held: INVEx107@15.02 OREXx312@4.88 SYMXx1378@1.11 MTSLx960@1.50 MBVXx268@7.00 
Value: 7989.15
Sales: INVEx107@15.02 SYMXx1378@1.11 OREXx312@4.88 MTSLx960@1.50 MBVXx268@7.00 
Purchases: AMRNx1125@1.42 LDLx56@28.33 AXNx6391@0.25 LUNAx1079@1.48 DRNx113@14.04 

2014-09-15
Cash: 23.77
Held: AMRNx1125@1.35 DRNx113@14.44 LDLx56@28.73 AXNx6391@0.25 LUNAx1079@1.52 
Value: 8019.97
Sales: AMRNx1125@1.35 LDLx56@28.73 AXNx6391@0.25 LUNAx1079@1.52 DRNx113@14.44 
Purchases: NETEx617@2.60 SPOKx110@14.52 SNMXx181@8.86 SYNx900@1.78 RADAx596@2.69 

2014-09-16
Cash: 9.72
Held: RADAx596@2.86 SNMXx181@8.60 SYNx900@1.75 SPOKx110@14.33 NETEx617@2.98 
Value: 8260.84
Sales: NETEx617@2.98 SPOKx110@14.33 SNMXx181@8.60 SYNx900@1.75 RADAx596@2.86 
Purchases: BBSIx34@48.50 OMEXx1898@0.87 ATx734@2.25 VHCx216@7.62 COOLx189@8.70 

2014-09-17
Cash: 17.81
Held: COOLx189@8.58 VHCx216@5.37 OMEXx1898@0.87 ATx734@2.45 BBSIx34@48.53 
Value: 7898.50
Sales: BBSIx34@48.53 OMEXx1898@0.87 ATx734@2.45 VHCx216@5.37 COOLx189@8.58 
Purchases: NVLNx303@5.21 BOSCx391@4.04 ISNSx394@4.00 PEIXx95@16.61 ANTHx969@1.63 

2014-09-18
Cash: 7.07
Held: ANTHx969@1.61 NVLNx303@5.20 ISNSx394@3.96 PEIXx95@15.97 BOSCx391@4.14 
Value: 7839.49
Sales: NVLNx303@5.20 BOSCx391@4.14 ANTHx969@1.61 PEIXx95@15.97 ISNSx394@3.96 
Purchases: MCHXx391@4.00 RADx292@5.35 RPRXx172@9.10 IFONx642@2.44 CETCx38@41.19 

2014-09-21
Cash: 16.11
Held: RPRXx172@8.86 IFONx642@2.22 MCHXx391@3.96 RADx292@5.11 CETCx38@37.59 
Value: 7434.84
Sales: MCHXx391@3.96 IFONx642@2.22 RPRXx172@8.86 RADx292@5.11 CETCx38@37.59 
Purchases: MUXx714@2.08 NEONx666@2.23 LEUx1032@1.44 QRHCx879@1.69 CREGx1304@1.14 

2014-09-22
Cash: 5.66
Held: MUXx714@2.22 CREGx1304@1.21 QRHCx879@1.78 NEONx666@2.16 LEUx1032@1.76 
Value: 7988.63
Sales: LEUx1032@1.76 NEONx666@2.16 MUXx714@2.22 QRHCx879@1.78 CREGx1304@1.21 
Purchases: CRRx23@66.75 YUMAx389@4.10 CBMXx6@265.50 THLDx408@3.91 MTLx1997@0.80 

2014-09-23
Cash: 72.32
Held: THLDx408@3.90 YUMAx389@3.86 CRRx23@66.00 CBMXx6@290.25 MTLx1997@0.77 
Value: 7962.20
Sales: THLDx408@3.90 YUMAx389@3.86 CRRx23@66.00 MTLx1997@0.77 CBMXx6@290.25 
Purchases: VOXXx169@9.41 SBOTx1273@1.25 IFONx784@2.03 MTLx2068@0.77 ACURx442@3.60 

2014-09-24
Cash: 6.90
Held: IFONx784@1.96 ACURx442@3.50 SBOTx1273@1.16 VOXXx169@9.15 MTLx2068@0.72 
Value: 7602.88
Sales: ACURx442@3.50 IFONx784@1.96 SBOTx1273@1.16 MTLx2068@0.72 VOXXx169@9.15 
Purchases: ZNx981@1.55 GRBKx242@6.26 RWCx308@4.93 TPIVx2269@0.67 SPEXx1877@0.81 

2014-09-25
Cash: 8.31
Held: ZNx981@1.62 GRBKx242@6.25 RWCx308@5.01 SPEXx1877@0.82 TPIVx2269@0.56 
Value: 7463.34
Sales: ZNx981@1.62 RWCx308@5.01 GRBKx242@6.25 SPEXx1877@0.82 TPIVx2269@0.56 
Purchases: VIIx630@2.37 ARCWx88@16.94 LEUx1394@1.07 NMx255@5.85 OGENx1233@1.21 

2014-09-28
Cash: 4.23
Held: NMx255@5.89 LEUx1394@0.83 VIIx630@2.31 ARCWx88@16.23 OGENx1233@1.22 
Value: 7051.66
Sales: VIIx630@2.31 ARCWx88@16.23 NMx255@5.89 OGENx1233@1.22 LEUx1394@0.83 
Purchases: AEYx612@2.30 CBLIx154@9.12 RCGx993@1.42 POWLx32@43.34 LGLx366@3.85 

2014-09-29
Cash: 33.60
Held: CBLIx154@9.18 AEYx612@2.32 POWLx32@40.88 RCGx993@1.50 LGLx366@3.85 
Value: 7073.76
Sales: AEYx612@2.32 CBLIx154@9.18 RCGx993@1.50 LGLx366@3.85 POWLx32@40.88 
Purchases: LBJx71@19.81 XTLBx832@1.70 UBRx33@42.09 ELGXx133@10.60 PGPx69@20.33 

2014-09-30
Cash: 50.77
Held: XTLBx832@1.65 UBRx33@38.81 PGPx69@21.69 LBJx71@18.08 ELGXx133@10.66 
Value: 6901.97
Sales: ELGXx133@10.66 LBJx71@18.08 UBRx33@38.81 XTLBx832@1.65 PGPx69@21.69 
Purchases: MSNx1095@1.26 SANWx368@3.75 JRJCx234@5.89 RADAx482@2.86 TAx146@9.39 

2014-10-01
Cash: 14.87
Held: RADAx482@2.83 SANWx368@3.83 JRJCx234@5.94 TAx146@9.21 MSNx1095@1.24 
Value: 6881.58
Sales: MSNx1095@1.24 SANWx368@3.83 JRJCx234@5.94 RADAx482@2.83 TAx146@9.21 
Purchases: ISNSx449@3.06 CPRXx507@2.71 LEUx186@7.40 SPEXx1311@1.05 WPRTx181@7.57 

2014-10-02
Cash: 10.32
Held: CPRXx507@2.79 SPEXx1311@1.19 LEUx186@7.36 ISNSx449@2.81 WPRTx181@7.20 
Value: 6918.86
Sales: ISNSx449@2.81 WPRTx181@7.20 LEUx186@7.36 SPEXx1311@1.19 CPRXx507@2.79 
Purchases: UAMYx1202@1.15 GTLSx29@47.22 GBRx1098@1.26 CREEx41@33.72 MTLx1357@1.02 

2014-10-05
Cash: 17.56
Held: CREEx41@33.53 UAMYx1202@1.06 GTLSx29@47.75 GBRx1098@1.07 MTLx1357@0.96 
Value: 6528.56
Sales: UAMYx1202@1.06 GTLSx29@47.75 GBRx1098@1.07 CREEx41@33.53 MTLx1357@0.96 
Purchases: QBAKx1044@1.25 CLFx158@8.25 DYNTx381@3.42 KOSSx733@1.78 TXx61@21.39 

2014-10-06
Cash: 7.30
Held: DYNTx381@3.59 CLFx158@7.77 KOSSx733@1.90 QBAKx1044@1.29 TXx61@22.12 
Value: 6692.03
Sales: QBAKx1044@1.29 CLFx158@7.77 DYNTx381@3.59 KOSSx733@1.90 TXx61@22.12 
Purchases: BZQx45@29.50 PRTSx589@2.27 UISx64@20.62 RADAx520@2.57 XTLBx622@2.15 

2014-10-07
Cash: 33.67
Held: RADAx520@2.40 XTLBx622@1.96 UISx64@20.20 PRTSx589@2.22 BZQx45@29.38 
Value: 6423.84
Sales: BZQx45@29.38 PRTSx589@2.22 UISx64@20.20 XTLBx622@1.96 RADAx520@2.40 
Purchases: CETCx39@32.50 VIIx686@1.87 GASLx72@17.69 CONNx45@28.22 WTWx50@25.27 

2014-10-08
Cash: 66.81
Held: CONNx45@26.98 WTWx50@24.62 GASLx72@14.61 VIIx686@1.66 CETCx39@31.20 
Value: 5920.02
Sales: CETCx39@31.20 VIIx686@1.66 GASLx72@14.61 CONNx45@26.98 WTWx50@24.62 
Purchases: CYTXx165@7.14 TILEx87@13.59 ARWRx171@6.92 TPIVx1973@0.60 OIIMx514@2.30 

2014-10-09
Cash: 8.93
Held: TILEx87@14.13 TPIVx1973@0.55 OIIMx514@2.06 ARWRx171@6.37 CYTXx165@6.96 
Value: 5620.38
Sales: TILEx87@14.13 CYTXx165@6.96 ARWRx171@6.37 TPIVx1973@0.55 OIIMx514@2.06 
Purchases: INVEx111@10.08 PHXx47@23.80 ARCWx112@10.01 GASLx83@13.52 GPSx30@36.34 

2014-10-12
Cash: 49.62
Held: INVEx111@9.53 GPSx30@36.06 GASLx83@10.93 PHXx47@20.94 ARCWx112@9.18 
Value: 5108.82
Sales: INVEx111@9.53 PHXx47@20.94 ARCWx112@9.18 GASLx83@10.93 GPSx30@36.06 
Purchases: APHx22@45.56 ARCWx111@9.18 GTXIx2433@0.42 SOXLx14@70.44 INSGx402@2.54 

2014-10-13
Cash: 59.00
Held: APHx22@46.44 GTXIx2433@0.45 SOXLx14@74.44 INSGx402@2.56 ARCWx111@8.37 
Value: 5175.58
Sales: APHx22@46.44 ARCWx111@8.37 GTXIx2433@0.45 SOXLx14@74.44 INSGx402@2.56 
Purchases: REXXx127@8.09 CPEx199@5.18 GASLx96@10.70 BZQx36@28.44 MBVXx207@5.00 

2014-10-14
Cash: 30.67
Held: GASLx96@12.18 REXXx127@8.90 CPEx199@5.48 BZQx36@31.38 MBVXx207@4.50 
Value: 5481.63
Sales: MBVXx207@4.50 CPEx199@5.48 GASLx96@12.18 BZQx36@31.38 REXXx127@8.90 
Purchases: CDXSx472@2.32 EXACx53@20.41 IBIOx788@1.39 AHPIx253@4.32 AEZSx11@97.00 

2014-10-15
Cash: 49.83
Held: AHPIx253@5.80 CDXSx472@2.26 IBIOx788@1.89 EXACx53@20.16 AEZSx11@108.00 
Value: 6329.36
Sales: CDXSx472@2.26 EXACx53@20.16 IBIOx788@1.89 AHPIx253@5.80 AEZSx11@108.00 
Purchases: SNNx43@29.39 PEDx1253@1.01 CENTAx179@7.04 NUSx29@43.53 DGSEx1161@1.09 

2014-10-16
Cash: 12.62
Held: SNNx43@30.42 DGSEx1161@1.11 CENTAx179@7.33 PEDx1253@0.99 NUSx29@43.59 
Value: 6426.60
Sales: SNNx43@30.42 PEDx1253@0.99 CENTAx179@7.33 NUSx29@43.59 DGSEx1161@1.11 
Purchases: TZOOx97@13.22 NFLXx3@357.00 FLLx1127@1.14 FLICx54@23.56 NRCIBx41@31.00 

2014-10-19
Cash: 245.62
Held: NRCIBx41@30.94 FLLx1127@1.28 NFLXx3@359.25 FLICx54@24.05 TZOOx97@12.74 
Value: 6569.20
Sales: TZOOx97@12.74 NFLXx3@359.25 FLLx1127@1.28 FLICx54@24.05 NRCIBx41@30.94 
Purchases: RENx359@3.65 REN           x71@18.25 RPRXx210@6.23 PBHCx135@9.68 LAKEx88@14.93 

2014-10-20
Cash: 33.99
Held: RPRXx210@6.02 LAKEx88@14.94 REN           x71@18.80 RENx359@3.76 PBHCx135@9.81 
Value: 6621.61
Sales: RENx359@3.76 REN           x71@18.80 RPRXx210@6.02 LAKEx88@14.94 PBHCx135@9.81 
Purchases: VSRx377@3.51 FORTYx54@24.52 IBIOx761@1.74 AHPIx313@4.22 DLHCx511@2.59 

2014-10-21
Cash: 6.39
Held: VSRx377@3.27 DLHCx511@2.54 AHPIx313@4.17 FORTYx54@24.52 IBIOx761@1.77 
Value: 6512.72
Sales: VSRx377@3.27 IBIOx761@1.77 FORTYx54@24.52 AHPIx313@4.17 DLHCx511@2.54 
Purchases: MNGAx1252@1.04 CVMx1944@0.67 OCNx68@19.05 OMERx110@11.76 CETCx40@32.00 

2014-10-22
Cash: 39.71
Held: MNGAx1252@1.02 CVMx1944@0.69 OMERx110@12.18 OCNx68@19.52 CETCx40@29.00 
Value: 6484.24
Sales: MNGAx1252@1.02 CETCx40@29.00 CVMx1944@0.69 OCNx68@19.52 OMERx110@12.18 
Purchases: SINOx712@1.82 CTGx147@8.82 LINCx473@2.74 TPIVx4051@0.32 CHCIx205@6.30 

2014-10-23
Cash: 7.20
Held: CTGx147@8.48 TPIVx4051@0.31 LINCx473@2.71 SINOx712@1.82 CHCIx205@6.08 
Value: 6333.66
Sales: SINOx712@1.82 CTGx147@8.48 LINCx473@2.71 TPIVx4051@0.31 CHCIx205@6.08 
Purchases: UTEKx71@17.70 KZx214@5.91 VIIx707@1.79 AIRMx28@45.06 EGTx707@1.79 

2014-10-26
Cash: 19.10
Held: UTEKx71@17.30 AIRMx28@44.84 VIIx707@1.75 EGTx707@1.76 KZx214@5.65 
Value: 6192.97
Sales: KZx214@5.65 UTEKx71@17.30 AIRMx28@44.84 VIIx707@1.75 EGTx707@1.76 
Purchases: FBRCx50@24.48 AMRNx1360@0.91 KOSSx878@1.41 LAKEx98@12.60 AUMNx2099@0.59 

2014-10-27
Cash: 19.79
Held: AMRNx1360@0.92 LAKEx98@12.24 FBRCx50@24.42 AUMNx2099@0.59 KOSSx878@1.45 
Value: 6203.06
Sales: FBRCx50@24.42 AMRNx1360@0.92 KOSSx878@1.45 LAKEx98@12.24 AUMNx2099@0.59 
Purchases: FROx844@1.47 CALIx892@1.39 SRPTx82@15.12 AXNx4001@0.31 ENGx939@1.32 

2014-10-28
Cash: 3.12
Held: CALIx892@1.34 SRPTx82@15.19 ENGx939@1.32 FROx844@1.39 AXNx4001@0.30 
Value: 6056.77
Sales: CALIx892@1.34 SRPTx82@15.19 FROx844@1.39 AXNx4001@0.30 ENGx939@1.32 
Purchases: DCOx48@24.88 YANGx80@15.05 GIGAx743@1.63 AMKRx198@6.11 IBIOx1274@0.95 

2014-10-29
Cash: 27.81
Held: DCOx48@26.23 GIGAx743@1.64 AMKRx198@5.97 IBIOx1274@1.00 YANGx80@14.93 
Value: 6155.51
Sales: DCOx48@26.23 YANGx80@14.93 GIGAx743@1.64 AMKRx198@5.97 IBIOx1274@1.00 
Purchases: WNCx129@9.49 MYEx85@14.33 DSSx2239@0.55 MNOVx341@3.61 AFSIx55@22.06 

2014-10-30
Cash: 37.88
Held: DSSx2239@0.56 WNCx129@10.30 MYEx85@14.94 AFSIx55@22.44 MNOVx341@3.57 
Value: 6341.37
Sales: WNCx129@10.30 MYEx85@14.94 DSSx2239@0.56 MNOVx341@3.57 AFSIx55@22.44 
Purchases: BWENx198@6.38 WSTLx946@1.34 SANDx438@2.89 CRNTx1006@1.26 LRNx102@12.40 

2014-11-02
Cash: 12.80
Held: WSTLx946@1.42 BWENx198@6.12 SANDx438@2.89 CRNTx1006@1.25 LRNx102@12.25 
Value: 6341.11
Sales: BWENx198@6.12 WSTLx946@1.42 LRNx102@12.25 SANDx438@2.89 CRNTx1006@1.25 
Purchases: BLINx403@3.14 EPAYx50@25.02 MGIx152@8.32 SOXSx75@16.83 RGSEx1585@0.80 

2014-11-03
Cash: 30.17
Held: RGSEx1585@0.80 MGIx152@8.33 BLINx403@3.10 EPAYx50@24.61 SOXSx75@17.02 
Value: 6319.52
Sales: RGSEx1585@0.80 MGIx152@8.33 SOXSx75@17.02 EPAYx50@24.61 BLINx403@3.10 
Purchases: NYMXx1541@0.82 KBALx100@12.62 APx65@19.22 Ax31@40.19 NEOx272@4.64 

2014-11-04
Cash: 37.17
Held: Ax31@40.12 KBALx100@11.50 NYMXx1541@0.73 NEOx272@4.79 APx65@18.86 
Value: 6084.43
Sales: Ax31@40.12 KBALx100@11.50 APx65@18.86 NYMXx1541@0.73 NEOx272@4.79 
Purchases: AKSx195@6.23 HLFx30@39.78 ACHNx119@10.15 TESOx78@15.48 Sx247@4.92 

2014-11-05
Cash: 45.51
Held: HLFx30@40.00 TESOx78@15.73 AKSx195@6.14 ACHNx119@10.26 Sx247@4.69 
Value: 6049.06
Sales: AKSx195@6.14 HLFx30@40.00 ACHNx119@10.26 TESOx78@15.73 Sx247@4.69 
Purchases: TAITx1163@1.04 SSYSx11@106.31 MOSYx720@1.68 AMRIx75@16.09 KELYAx77@15.55 

2014-11-06
Cash: 56.55
Held: AMRIx75@16.84 TAITx1163@1.06 KELYAx77@15.52 SSYSx11@103.06 MOSYx720@1.74 
Value: 6134.07
Sales: TAITx1163@1.06 SSYSx11@103.06 MOSYx720@1.74 AMRIx75@16.84 KELYAx77@15.52 
Purchases: ABEOx127@9.65 CVOx94@12.96 TBIOx471@2.60 GNWx145@8.41 AEZSx21@56.69 

2014-11-09
Cash: 56.63
Held: CVOx94@11.20 ABEOx127@8.50 GNWx145@8.12 TBIOx471@2.62 AEZSx21@62.28 
Value: 5907.74
Sales: CVOx94@11.20 TBIOx471@2.62 AEZSx21@62.28 GNWx145@8.12 ABEOx127@8.50 
Purchases: MSONx102@11.55 ANFx41@28.69 FNGNx37@31.34 SUMRx656@1.80 COOLx198@5.94 

2014-11-10
Cash: 36.98
Held: FNGNx37@31.44 COOLx198@6.00 MSONx102@12.26 ANFx41@29.06 SUMRx656@2.63 
Value: 6555.87
Sales: MSONx102@12.26 ANFx41@29.06 FNGNx37@31.44 SUMRx656@2.63 COOLx198@6.00 
Purchases: MTZx52@24.81 NAVBx1286@1.02 REN           x97@13.50 RENx485@2.70 INFUx447@2.93 

2014-11-11
Cash: 26.31
Held: INFUx447@2.91 REN           x97@12.50 RENx485@2.50 MTZx52@24.38 NAVBx1286@1.05 
Value: 6369.70
Sales: MTZx52@24.38 INFUx447@2.91 REN           x97@12.50 RENx485@2.50 NAVBx1286@1.05 
Purchases: ASCMAx24@51.31 ARTXx532@2.39 VIVEx2547@0.50 SUNWx5095@0.25 PRKRx1179@1.08 

2014-11-12
Cash: 45.72
Held: ARTXx532@2.26 PRKRx1179@1.10 SUNWx5095@0.21 ASCMAx24@51.97 VIVEx2547@0.50 
Value: 6134.86
Sales: ASCMAx24@51.97 ARTXx532@2.26 VIVEx2547@0.50 SUNWx5095@0.21 PRKRx1179@1.10 
Purchases: PLUGx302@4.06 LTBRx598@2.05 SANDx475@2.58 GHDXx37@32.78 ASPSx22@55.00 

2014-11-13
Cash: 34.35
Held: GHDXx37@31.45 LTBRx598@2.00 PLUGx302@3.72 ASPSx22@51.75 SANDx475@2.89 
Value: 6029.32
Sales: LTBRx598@2.00 PLUGx302@3.72 SANDx475@2.89 GHDXx37@31.45 ASPSx22@51.75 
Purchases: DXYNx179@6.72 VTNRx241@4.99 APDNx312@3.86 AMTXx202@5.95 MBVXx344@3.50 

2014-11-16
Cash: 14.62
Held: APDNx312@3.86 VTNRx241@4.55 AMTXx202@6.00 DXYNx179@6.50 MBVXx344@3.06 
Value: 5743.81
Sales: VTNRx241@4.55 MBVXx344@3.06 APDNx312@3.86 AMTXx202@6.00 DXYNx179@6.50 
Purchases: IFONx897@1.28 INVTx1320@0.87 BSPMx122@9.38 VRMLx870@1.32 DFBGx1714@0.67 

2014-11-17
Cash: 5.23
Held: IFONx897@1.27 INVTx1320@0.89 VRMLx870@1.37 DFBGx1714@0.69 BSPMx122@9.10 
Value: 5803.93
Sales: DFBGx1714@0.69 IFONx897@1.27 INVTx1320@0.89 BSPMx122@9.10 VRMLx870@1.37 
Purchases: HALx23@48.53 INOx117@9.86 EBR.Bx420@2.76 CEAx55@20.94 COOLx268@4.32 

2014-11-18
Cash: 65.66
Held: COOLx268@3.72 INOx117@9.44 HALx23@48.44 EBR.Bx420@2.97 CEAx55@21.58 
Value: 5715.55
Sales: EBR.Bx420@2.97 INOx117@9.44 HALx23@48.44 CEAx55@21.58 COOLx268@3.72 
Purchases: CLBSx264@4.33 CXDCx211@5.41 OMEx100@11.41 DXTRx1814@0.63 TRTx374@3.05 

2014-11-19
Cash: 7.16
Held: TRTx374@3.03 CLBSx264@4.45 DXTRx1814@0.57 OMEx100@10.85 CXDCx211@5.43 
Value: 5579.19
Sales: CLBSx264@4.45 OMEx100@10.85 CXDCx211@5.43 TRTx374@3.03 DXTRx1814@0.57 
Purchases: AMRNx899@1.24 HDSNx312@3.57 MOSYx630@1.77 BZQx31@34.97 SYUTx207@5.38 

2014-11-20
Cash: 38.01
Held: AMRNx899@1.31 HDSNx312@3.57 SYUTx207@5.53 BZQx31@30.11 MOSYx630@1.81 
Value: 5547.64
Sales: AMRNx899@1.31 SYUTx207@5.53 MOSYx630@1.81 BZQx31@30.11 HDSNx312@3.57 
Purchases: DWCHx123@8.97 SHIPx853@1.30 DFFNx278@3.99 LXRXx1167@0.95 DCIx28@39.50 

2014-11-23
Cash: 11.59
Held: SHIPx853@1.32 LXRXx1167@0.99 DFFNx278@3.99 DWCHx123@8.99 DCIx28@39.97 
Value: 5627.87
Sales: SHIPx853@1.32 DCIx28@39.97 DFFNx278@3.99 LXRXx1167@0.99 DWCHx123@8.99 
Purchases: RGSEx1424@0.79 GEOSx40@28.08 YANGx80@14.03 FXPx23@48.16 GMEx29@37.75 

2014-11-24
Cash: 54.88
Held: FXPx23@49.00 RGSEx1424@0.83 GEOSx40@27.97 GMEx29@37.41 YANGx80@14.37 
Value: 5716.82
Sales: RGSEx1424@0.83 GEOSx40@27.97 YANGx80@14.37 FXPx23@49.00 GMEx29@37.41 
Purchases: FNCXx429@2.66 AREXx97@11.72 TAP.Ax13@87.50 SPEXx865@1.32 GALEx624@1.83 

2014-11-25
Cash: 17.36
Held: AREXx97@11.41 GALEx624@1.83 FNCXx429@3.43 SPEXx865@1.28 TAP.Ax13@81.00 
Value: 5897.50
Sales: GALEx624@1.83 TAP.Ax13@81.00 SPEXx865@1.28 AREXx97@11.41 FNCXx429@3.43 
Purchases: ERIIx240@4.90 CLFx128@9.15 FREDx77@15.24 DAKTx97@12.13 PHMDx670@1.76 

2014-11-27
Cash: 21.30
Held: ERIIx240@4.75 CLFx128@9.12 DAKTx97@11.93 PHMDx670@1.72 FREDx77@15.50 
Value: 5831.20
Sales: FREDx77@15.50 CLFx128@9.12 PHMDx670@1.72 DAKTx97@11.93 ERIIx240@4.75 
Purchases: AVAVx42@27.70 APDNx506@2.30 LAKEx101@11.55 TITNx90@12.83 SDRLx79@14.66 

2014-11-30
Cash: 24.86
Held: APDNx506@2.08 LAKEx101@10.71 SDRLx79@13.92 TITNx90@12.27 AVAVx42@26.31 
Value: 5468.75
Sales: AVAVx42@26.31 SDRLx79@13.92 APDNx506@2.08 TITNx90@12.27 LAKEx101@10.71 
Purchases: CWEIx19@57.03 OASx63@17.09 REN           x123@8.85 RENx618@1.77 GASLx177@6.17 

2014-12-01
Cash: 33.52
Held: CWEIx19@59.06 OASx63@15.75 GASLx177@5.85 REN           x123@9.90 RENx618@1.98 
Value: 5625.12
Sales: CWEIx19@59.06 RENx618@1.98 REN           x123@9.90 OASx63@15.75 GASLx177@5.85 
Purchases: IKGHx673@1.67 CEQPx1@780.00 PRIMx49@22.55 AREXx141@7.97 AMTXx245@4.59 

2014-12-02
Cash: 368.36
Held: AREXx141@8.06 CEQPx1@795.00 PRIMx49@23.31 AMTXx245@4.59 IKGHx673@1.60 
Value: 5643.53
Sales: IKGHx673@1.60 CEQPx1@795.00 PRIMx49@23.31 AMTXx245@4.59 AREXx141@8.06 
Purchases: CNETx290@3.88 PRKRx1282@0.88 XKEx209@5.38 GMOx2625@0.43 CBAKx466@2.42 

2014-12-03
Cash: 9.63
Held: CNETx290@3.85 GMOx2625@0.41 PRKRx1282@0.88 XKEx209@6.32 CBAKx466@2.20 
Value: 5675.82
Sales: CNETx290@3.85 PRKRx1282@0.88 CBAKx466@2.20 GMOx2625@0.41 XKEx209@6.32 
Purchases: CWCOx101@11.20 SOXSx86@13.07 TBIOx696@1.63 SSGx24@46.50 CEIx7093@0.16 

2014-12-04
Cash: 34.74
Held: CWCOx101@10.81 CEIx7093@0.13 SSGx24@46.19 TBIOx696@1.65 SOXSx86@12.71 
Value: 5399.24
Sales: CWCOx101@10.81 SOXSx86@12.71 SSGx24@46.19 TBIOx696@1.65 CEIx7093@0.13 
Purchases: PEDx2700@0.40 CBKx234@4.60 SEACx179@6.00 GENEx2700@0.40 PWEx371@2.91 

2014-12-07
Cash: 9.33
Held: GENEx2700@0.39 PEDx2700@0.53 PWEx371@2.61 SEACx179@5.69 CBKx234@4.29 
Value: 5482.95
Sales: PEDx2700@0.53 SEACx179@5.69 GENEx2700@0.39 CBKx234@4.29 PWEx371@2.61 
Purchases: MTLx1768@0.62 SBSAx398@2.75 CEIx9138@0.12 RADAx391@2.80 CBMGx77@14.11 

2014-12-08
Cash: 14.04
Held: RADAx391@2.77 SBSAx398@2.70 CEIx9138@0.14 CBMGx77@12.94 MTLx1768@0.58 
Value: 5472.43
Sales: MTLx1768@0.58 SBSAx398@2.70 CEIx9138@0.14 RADAx391@2.77 CBMGx77@12.94 
Purchases: RENx816@1.34 RGSEx1990@0.55 OMEXx1128@0.97 AXNx4377@0.25 INFYx34@32.16 

2014-12-09
Cash: 3.04
Held: RGSEx1990@0.53 INFYx34@31.41 RENx816@1.28 AXNx4377@0.27 OMEXx1128@0.95 
Value: 5423.53
Sales: OMEXx1128@0.95 RGSEx1990@0.53 AXNx4377@0.27 RENx816@1.28 INFYx34@31.41 
Purchases: ZSLx10@102.00 YINNx35@30.75 CONNx59@18.22 IBNx91@11.83 LCIx25@41.91 

2014-12-10
Cash: 128.35
Held: CONNx59@17.09 IBNx91@11.81 ZSLx10@102.62 YINNx35@31.11 LCIx25@44.03 
Value: 5427.68
Sales: ZSLx10@102.62 YINNx35@31.11 IBNx91@11.81 CONNx59@17.09 LCIx25@44.03 
Purchases: PLGx2129@0.51 EGYx238@4.55 TCIx117@9.22 GASLx302@3.59 ADGEx2087@0.52 

2014-12-11
Cash: 11.30
Held: ADGEx2087@0.50 GASLx302@3.50 TCIx117@9.07 EGYx238@4.49 PLGx2129@0.51 
Value: 5326.53
Sales: PLGx2129@0.51 EGYx238@4.49 TCIx117@9.07 GASLx302@3.50 ADGEx2087@0.50 
Purchases: MEIPx253@4.20 MEIx30@34.66 OPTTx1639@0.65 RMTx108@9.79 VIVEx3042@0.35 

2014-12-14
Cash: 37.03
Held: MEIPx253@4.07 RMTx108@9.66 MEIx30@33.31 VIVEx3042@0.51 OPTTx1639@0.65 
Value: 5724.97
Sales: MEIPx253@4.07 MEIx30@33.31 OPTTx1639@0.65 RMTx108@9.66 VIVEx3042@0.51 
Purchases: MNIx348@3.29 ESLx11@101.88 EMFx77@14.73 TDFx50@22.56 SOFOx153@7.44 

2014-12-15
Cash: 59.14
Held: TDFx50@22.38 MNIx348@3.20 ESLx11@102.62 EMFx77@14.53 SOFOx153@7.69 
Value: 5715.79
Sales: MNIx348@3.20 ESLx11@102.62 EMFx77@14.53 TDFx50@22.38 SOFOx153@7.69 
Purchases: FHx1874@0.61 PEDx2381@0.48 SWZx101@11.29 EXKx618@1.85 SPHSx2540@0.45 

2014-12-16
Cash: 3.94
Held: PEDx2381@0.55 SPHSx2540@0.50 SWZx101@11.40 FHx1874@0.58 EXKx618@2.04 
Value: 6081.47
Sales: PEDx2381@0.55 FHx1874@0.58 SWZx101@11.40 EXKx618@2.04 SPHSx2540@0.50 
Purchases: WLDNx107@11.33 HMGx108@11.22 VIVEx3286@0.37 DSSx2482@0.49 MBVXx565@2.15 

2014-12-17
Cash: 10.41
Held: HMGx108@11.22 WLDNx107@11.73 DSSx2482@0.48 VIVEx3286@0.37 MBVXx565@2.20 
Value: 6126.85
Sales: MBVXx565@2.20 HMGx108@11.22 VIVEx3286@0.37 DSSx2482@0.48 WLDNx107@11.73 
Purchases: RTx183@6.67 NVGNx448@2.73 CGNTx245@5.00 ERYx55@22.03 CEIx9425@0.13 

2014-12-18
Cash: 20.63
Held: ERYx55@19.98 RTx183@6.43 NVGNx448@2.58 CGNTx245@5.05 CEIx9425@0.12 
Value: 5820.68
Sales: RTx183@6.43 NVGNx448@2.58 CGNTx245@5.05 ERYx55@19.98 CEIx9425@0.12 
Purchases: TECSx104@11.17 NVGNx451@2.58 SDOWx56@20.70 CHNx64@17.95 WORx38@30.06 

2014-12-21
Cash: 44.44
Held: CHNx64@18.03 NVGNx451@2.45 TECSx104@10.76 SDOWx56@20.06 WORx38@29.77 
Value: 5676.44
Sales: WORx38@29.77 NVGNx451@2.45 SDOWx56@20.06 CHNx64@18.03 TECSx104@10.76 
Purchases: GPLx1891@0.60 TRXx2064@0.55 GWXx41@27.41 IMGNx191@5.92 FINLx50@22.62 

2014-12-22
Cash: 20.87
Held: FINLx50@22.62 TRXx2064@0.60 GWXx41@27.30 GPLx1891@0.57 IMGNx191@5.77 
Value: 5689.42
Sales: GPLx1891@0.57 TRXx2064@0.60 FINLx50@22.62 IMGNx191@5.77 GWXx41@27.30 
Purchases: SGOCx1806@0.63 OCNx75@15.02 CGNTx274@4.15 MAGx174@6.52 ASPSx38@29.44 

2014-12-23
Cash: 35.39
Held: MAGx174@6.83 SGOCx1806@0.61 CGNTx274@3.80 ASPSx38@33.81 OCNx75@14.88 
Value: 5767.40
Sales: SGOCx1806@0.61 OCNx75@14.88 CGNTx274@3.80 MAGx174@6.83 ASPSx38@33.81 
Purchases: GALTx361@3.19 CEQPx1@703.00 GEOSx43@26.42 SBSAx549@2.10 SKLNx226@5.10 

2014-12-25
Cash: 471.23
Held: GALTx361@3.33 CEQPx1@701.00 SKLNx226@4.51 GEOSx43@26.73 SBSAx549@2.49 
Value: 5910.75
Sales: GALTx361@3.33 GEOSx43@26.73 CEQPx1@701.00 SKLNx226@4.51 SBSAx549@2.49 
Purchases: IGLDx180@6.53 CHNRx622@1.90 CAMPx67@17.56 GLBSx525@2.25 CUBAx123@9.60 

2014-12-28
Cash: 14.16
Held: CAMPx67@18.11 GLBSx525@2.32 IGLDx180@6.60 CHNRx622@1.93 CUBAx123@9.31 
Value: 5979.63
Sales: IGLDx180@6.60 CHNRx622@1.93 CAMPx67@18.11 GLBSx525@2.32 CUBAx123@9.31 
Purchases: SZKx64@18.44 NAVBx699@1.71 TWNx73@16.19 IHTx506@2.36 CUBAx128@9.31 

2014-12-29
Cash: 36.84
Held: IHTx506@2.34 TWNx73@16.16 SZKx64@18.72 NAVBx699@1.83 CUBAx128@9.09 
Value: 6041.43
Sales: SZKx64@18.72 NAVBx699@1.83 TWNx73@16.16 IHTx506@2.34 CUBAx128@9.09 
Purchases: DRAMx208@5.79 GFx86@14.03 NVGNx559@2.16 MTLx1803@0.67 TPLMx243@4.97 

2014-12-30
Cash: 7.81
Held: GFx86@14.04 NVGNx559@2.08 DRAMx208@5.10 MTLx1803@0.68 TPLMx243@4.78 
Value: 5827.26
Sales: DRAMx208@5.10 GFx86@14.04 NVGNx559@2.08 MTLx1803@0.68 TPLMx243@4.78 
Purchases: LTBRx751@1.55 JOBx963@1.21 HAINx19@58.28 TPIVx4161@0.28 

2015-01-01
Cash: 1225.62
Held: JOBx963@1.66 LTBRx751@1.57 TPIVx4161@0.28 HAINx19@56.94 
Value: 6250.67
Sales: LTBRx751@1.57 JOBx963@1.66 HAINx19@56.94 TPIVx4161@0.28 
Purchases: KEGx753@1.66 PCYOx316@3.95 ULBIx416@3.00 XTLBx644@1.94 RCMTx181@6.89 

2015-01-04
Cash: 7.78
Held: XTLBx644@2.13 ULBIx416@3.02 RCMTx181@6.83 KEGx753@1.61 PCYOx316@3.84 
Value: 6298.05
Sales: KEGx753@1.61 PCYOx316@3.84 ULBIx416@3.02 RCMTx181@6.83 XTLBx644@2.13 
Purchases: PRTKx37@33.81 GNTXx71@17.52 IHTx564@2.23 CJJDx511@2.46 WTWx59@21.27 

2015-01-05
Cash: 33.19
Held: IHTx564@2.08 WTWx59@19.73 CJJDx511@2.34 GNTXx71@17.16 PRTKx37@32.75 
Value: 5996.18
Sales: CJJDx511@2.34 GNTXx71@17.16 PRTKx37@32.75 IHTx564@2.08 WTWx59@19.73 
Purchases: UUUUx225@5.31 USATPx73@16.38 BCLIx239@5.00 GASLx376@3.19 PTNRx290@4.13 

2015-01-06
Cash: 14.76
Held: PTNRx290@4.08 GASLx376@2.99 UUUUx225@5.39 BCLIx239@5.03 USATPx73@16.48 
Value: 5940.46
Sales: PTNRx290@4.08 UUUUx225@5.39 BCLIx239@5.03 GASLx376@2.99 USATPx73@16.48 
Purchases: QADBx69@16.98 CHNRx525@2.26 CTSOx122@9.67 UAMYx1722@0.69 OIBR.Cx475@2.50 

2015-01-07
Cash: 26.61
Held: UAMYx1722@0.68 CTSOx122@9.46 QADBx69@16.73 OIBR.Cx475@2.64 CHNRx525@2.22 
Value: 5926.95
Sales: UAMYx1722@0.68 QADBx69@16.73 OIBR.Cx475@2.64 CHNRx525@2.22 CTSOx122@9.46 
Purchases: MNGAx2522@0.47 REN           x281@4.21 CGNTx401@2.95 NOAx432@2.74 RENx1411@0.84 

2015-01-08
Cash: 6.97
Held: NOAx432@2.89 MNGAx2522@0.44 CGNTx401@3.00 REN           x281@4.20 RENx1411@0.84 
Value: 5933.25
Sales: MNGAx2522@0.44 REN           x281@4.20 CGNTx401@3.00 NOAx432@2.89 RENx1411@0.84 
Purchases: BWENx238@4.98 SOXSx89@13.32 APOLx44@26.94 JOBx1059@1.12 KATEx42@28.16 

2015-01-11
Cash: 8.38
Held: JOBx1059@1.11 KATEx42@28.17 APOLx44@26.05 BWENx238@4.75 SOXSx89@14.13 
Value: 5901.84
Sales: BWENx238@4.75 SOXSx89@14.13 JOBx1059@1.11 KATEx42@28.17 APOLx44@26.05 
Purchases: SBLKx236@5.00 JOBx1063@1.11 TESOx120@9.80 VNDAx97@12.13 AMAGx27@42.31 

2015-01-12
Cash: 46.59
Held: JOBx1063@1.03 TESOx120@9.85 SBLKx236@4.81 AMAGx27@42.06 VNDAx97@12.09 
Value: 5767.57
Sales: SBLKx236@4.81 JOBx1063@1.03 TESOx120@9.85 AMAGx27@42.06 VNDAx97@12.09 
Purchases: ARWRx182@6.32 SRPTx99@11.61 OASx88@13.10 TIFx13@86.31 REXXx422@2.73 

2015-01-13
Cash: 40.69
Held: OASx88@13.42 SRPTx99@12.23 TIFx13@86.75 REXXx422@2.65 ARWRx182@6.71 
Value: 5899.85
Sales: TIFx13@86.75 SRPTx99@12.23 OASx88@13.42 ARWRx182@6.71 REXXx422@2.65 
Purchases: MBVXx786@1.50 ECOM          x120@9.79 RNVAx1404@0.84 KBHx87@13.54 OCNx168@7.00 

2015-01-14
Cash: 13.12
Held: ECOM          x120@9.50 KBHx87@12.39 RNVAx1404@0.85 OCNx168@7.81 MBVXx786@1.35 
Value: 5797.28
Sales: MBVXx786@1.35 ECOM          x120@9.50 OCNx168@7.81 KBHx87@12.39 RNVAx1404@0.85 
Purchases: SIEBx554@2.09 DWCHx205@5.65 NTZx840@1.38 JOBx1348@0.86 ERIIx309@3.75 

2015-01-15
Cash: 4.63
Held: ERIIx309@3.74 JOBx1348@0.87 SIEBx554@2.14 DWCHx205@5.74 NTZx840@1.43 
Value: 5896.47
Sales: SIEBx554@2.14 JOBx1348@0.87 NTZx840@1.43 DWCHx205@5.74 ERIIx309@3.74 
Purchases: SRNEx130@9.02 SPWRx48@24.52 FROx352@3.35 VBFCx57@20.56 MFCBx223@5.27 

2015-01-19
Cash: 20.44
Held: VBFCx57@20.56 SPWRx48@23.80 MFCBx223@5.17 FROx352@3.54 SRNEx130@10.11 
Value: 6048.05
Sales: SRNEx130@10.11 SPWRx48@23.80 FROx352@3.54 VBFCx57@20.56 MFCBx223@5.17 
Purchases: ERYx51@23.70 SZKx62@19.23 TESSx50@23.91 TTFx131@9.19 KONEx363@3.33 

2015-01-20
Cash: 38.97
Held: TTFx131@9.16 ERYx51@22.30 KONEx363@3.16 SZKx62@25.27 TESSx50@23.09 
Value: 6243.87
Sales: SZKx62@25.27 KONEx363@3.16 TESSx50@23.09 TTFx131@9.16 ERYx51@22.30 
Purchases: EXPRx99@12.50 KIQx319@3.91 LLITx455@2.74 BAKx123@10.15 INWKx243@5.13 

2015-01-21
Cash: 17.64
Held: EXPRx99@12.52 BAKx123@10.19 LLITx455@2.71 INWKx243@5.40 KIQx319@4.06 
Value: 6350.51
Sales: EXPRx99@12.52 KIQx319@4.06 LLITx455@2.71 BAKx123@10.19 INWKx243@5.40 
Purchases: ADXSx170@7.43 ARNAx272@4.66 SNOAx1588@0.80 ISDRx136@9.30 OHRPx159@7.95 

2015-01-22
Cash: 21.51
Held: ISDRx136@9.35 ADXSx170@7.73 OHRPx159@7.83 SNOAx1588@0.83 ARNAx272@4.55 
Value: 6408.16
Sales: ADXSx170@7.73 ISDRx136@9.35 OHRPx159@7.83 ARNAx272@4.55 SNOAx1588@0.83 
Purchases: GRNx151@8.45 SZKx68@18.70 GENEx1025@1.25 TZOOx139@9.17 MBVXx1124@1.14 

2015-01-25
Cash: 22.82
Held: GRNx151@8.48 GENEx1025@1.36 SZKx68@26.42 TZOOx139@9.04 MBVXx1124@1.17 
Value: 7065.25
Sales: GRNx151@8.48 SZKx68@26.42 GENEx1025@1.36 TZOOx139@9.04 MBVXx1124@1.17 
Purchases: UAMYx2943@0.48 SBSx283@4.99 CLFx195@7.22 SRVx334@4.22 FFHLx2479@0.57 

2015-01-26
Cash: 11.67
Held: SRVx334@4.13 UAMYx2943@0.50 SBSx283@5.33 CLFx195@6.80 FFHLx2479@0.56 
Value: 7084.62
Sales: UAMYx2943@0.50 SBSx283@5.33 CLFx195@6.80 SRVx334@4.13 FFHLx2479@0.56 
Purchases: SIEBx805@1.76 ETPx23@60.38 SRVx343@4.13 HGSHx414@3.42 OIBR.Cx566@2.50 

2015-01-27
Cash: 32.32
Held: ETPx23@59.12 SRVx343@4.13 OIBR.Cx566@2.29 SIEBx805@1.78 HGSHx414@3.34 
Value: 6919.83
Sales: SIEBx805@1.78 ETPx23@59.12 SRVx343@4.13 HGSHx414@3.34 OIBR.Cx566@2.29 
Purchases: ELONx98@14.10 TECLx11@125.00 STAAx242@5.71 INVTx2197@0.63 STRLx356@3.88 

2015-01-28
Cash: 15.40
Held: INVTx2197@0.62 STRLx356@3.74 ELONx98@14.40 STAAx242@5.86 TECLx11@128.50 
Value: 6951.83
Sales: ELONx98@14.40 TECLx11@128.50 INVTx2197@0.62 STAAx242@5.86 STRLx356@3.74 
Purchases: TPLMx273@5.08 PDSx291@4.76 MTORx106@13.11 GASLx512@2.71 RDWRx70@19.59 

2015-01-29
Cash: 30.69
Held: PDSx291@5.10 MTORx106@12.80 GASLx512@2.81 RDWRx70@19.23 TPLMx273@5.25 
Value: 7090.37
Sales: TPLMx273@5.25 MTORx106@12.80 PDSx291@5.10 GASLx512@2.81 RDWRx70@19.23 
Purchases: UAMYx2836@0.50 QCOMx22@62.47 BIOPx2836@0.50 FROx613@2.31 MBVXx1363@1.04 

2015-02-01
Cash: 46.12
Held: UAMYx2836@0.50 FROx613@2.61 QCOMx22@65.50 MBVXx1363@1.03 BIOPx2836@0.43 
Value: 7128.21
Sales: UAMYx2836@0.50 QCOMx22@65.50 BIOPx2836@0.43 FROx613@2.61 MBVXx1363@1.03 
Purchases: STRTx22@62.75 HAx74@19.09 GDOTx95@14.96 CPSIx29@48.03 GENEx550@2.59 

2015-02-02
Cash: 96.17
Held: HAx74@18.72 GENEx550@3.09 STRTx22@62.72 CPSIx29@49.81 GDOTx95@13.94 
Value: 7329.20
Sales: STRTx22@62.72 HAx74@18.72 GDOTx95@13.94 CPSIx29@49.81 GENEx550@3.09 
Purchases: LUNAx970@1.51 PSTIx516@2.84 FUEx177@8.25 SMBCx76@19.09 PRPHx983@1.49 

2015-02-03
Cash: 23.10
Held: PRPHx983@1.59 PSTIx516@2.86 SMBCx76@18.41 FUEx177@8.25 LUNAx970@1.51 
Value: 7384.95
Sales: LUNAx970@1.51 PSTIx516@2.86 FUEx177@8.25 SMBCx76@18.41 PRPHx983@1.59 
Purchases: PHMDx953@1.55 OPHCx1476@1.00 WCSTx671@2.20 DDPx33@43.62 RCIIx48@30.22 

2015-02-04
Cash: 66.18
Held: RCIIx48@29.31 PHMDx953@1.62 WCSTx671@2.29 DDPx33@43.62 OPHCx1476@1.07 
Value: 7572.52
Sales: OPHCx1476@1.07 PHMDx953@1.62 DDPx33@43.62 WCSTx671@2.29 RCIIx48@29.31 
Purchases: MYGNx44@34.25 CBLIx480@3.15 AIRTx84@17.94 ACHNx136@11.08 DXRx251@6.01 

2015-02-05
Cash: 31.02
Held: CBLIx480@3.16 AIRTx84@17.38 MYGNx44@32.62 DXRx251@5.95 ACHNx136@10.82 
Value: 7407.71
Sales: ACHNx136@10.82 CBLIx480@3.16 AIRTx84@17.38 MYGNx44@32.62 DXRx251@5.95 
Purchases: FARMx60@24.67 CASMx1097@1.35 OSURx182@8.12 IMMUx371@3.99 OHGIx705@2.10 

2015-02-08
Cash: 8.95
Held: FARMx60@23.44 OSURx182@7.70 OHGIx705@1.91 CASMx1097@1.29 IMMUx371@3.88 
Value: 7018.09
Sales: FARMx60@23.44 CASMx1097@1.29 OSURx182@7.70 IMMUx371@3.88 OHGIx705@1.91 
Purchases: NTGRx46@30.19 EGOVx91@15.41 ARCWx217@6.46 MXWLx214@6.55 SWIRx43@32.28 

2015-02-09
Cash: 35.51
Held: SWIRx43@34.12 NTGRx46@30.64 EGOVx91@15.73 ARCWx217@6.39 MXWLx214@6.61 
Value: 7144.64
Sales: NTGRx46@30.64 EGOVx91@15.73 ARCWx217@6.39 MXWLx214@6.61 SWIRx43@34.12 
Purchases: EPMx222@6.43 FNCXx736@1.94 CENXx62@22.84 FSCx205@6.95 CUTRx117@12.18 

2015-02-10
Cash: 23.17
Held: FNCXx736@1.90 FSCx205@6.86 CUTRx117@12.34 EPMx222@6.42 CENXx62@22.23 
Value: 7076.43
Sales: EPMx222@6.42 FNCXx736@1.90 CENXx62@22.23 FSCx205@6.86 CUTRx117@12.34 
Purchases: DFx89@15.75 SOXSx110@12.76 RCONx683@2.07 OASx88@15.93 OAx23@61.50 

2015-02-11
Cash: 40.99
Held: RCONx683@1.96 OASx88@16.88 OAx23@62.34 DFx89@16.30 SOXSx110@12.18 
Value: 7088.74
Sales: DFx89@16.30 SOXSx110@12.18 RCONx683@1.96 OASx88@16.88 OAx23@62.34 
Purchases: YUMAx1171@1.21 PIRx114@12.35 AWREx322@4.40 FFHLx2362@0.60 APDNx416@3.40 

2015-02-12
Cash: 15.50
Held: APDNx416@3.45 PIRx114@12.52 FFHLx2362@0.58 AWREx322@4.50 YUMAx1171@1.88 
Value: 7898.54
Sales: YUMAx1171@1.88 PIRx114@12.52 AWREx322@4.50 FFHLx2362@0.58 APDNx416@3.45 
Purchases: PNRAx10@155.00 IMUCx2925@0.54 WPCSx6868@0.23 ARCIx624@2.53 OESXx380@4.15 

2015-02-16
Cash: 34.73
Held: WPCSx6868@0.26 IMUCx2925@0.57 ARCIx624@2.87 OESXx380@4.22 PNRAx10@153.62 
Value: 8416.93
Sales: PNRAx10@153.62 IMUCx2925@0.57 WPCSx6868@0.26 ARCIx624@2.87 OESXx380@4.22 
Purchases: SZKx93@18.00 MGIx196@8.56 ERYx95@17.59 CECOx328@5.13 AIZx27@60.88 

2015-02-17
Cash: 67.37
Held: CECOx328@5.12 ERYx95@18.19 AIZx27@60.56 SZKx93@18.03 MGIx196@8.56 
Value: 8465.24
Sales: SZKx93@18.03 MGIx196@8.56 ERYx95@18.19 CECOx328@5.12 AIZx27@60.56 
Purchases: SCONx787@2.15 RNVAx1485@1.14 CADCx417@4.05 DEEx31@53.62 DFBGx8913@0.19 

2015-02-18
Cash: 36.01
Held: RNVAx1485@1.89 CADCx417@4.34 DEEx31@55.81 DFBGx8913@0.20 SCONx787@2.14 
Value: 9848.88
Sales: SCONx787@2.14 DFBGx8913@0.20 CADCx417@4.34 DEEx31@55.81 RNVAx1485@1.89 
Purchases: MCFx73@26.67 RCONx1179@1.67 SONSx123@15.98 IBIOx2558@0.77 XCOx879@2.24 

2015-02-19
Cash: 29.00
Held: RCONx1179@1.68 IBIOx2558@0.93 XCOx879@2.18 MCFx73@25.38 SONSx123@16.75 
Value: 10217.31
Sales: MCFx73@25.38 RCONx1179@1.68 SONSx123@16.75 IBIOx2558@0.93 XCOx879@2.18 
Purchases: MNGAx2461@0.83 AXDXx113@18.05 HSTx93@21.77 HSTMx77@26.45 CDEx349@5.84 

2015-02-22
Cash: 35.99
Held: AXDXx113@18.00 MNGAx2461@0.83 HSTx93@21.61 HSTMx77@26.66 CDEx349@5.78 
Value: 10192.67
Sales: MNGAx2461@0.83 AXDXx113@18.00 HSTMx77@26.66 HSTx93@21.61 CDEx349@5.78 
Purchases: SRTx259@7.85 GEN           x294@6.93 GENx294@6.93 OESXx567@3.59 RNVAx1742@1.17 

2015-02-23
Cash: 11.02
Held: SRTx259@7.87 GEN           x294@6.90 RNVAx1742@1.19 GENx294@6.90 OESXx567@3.68 
Value: 10266.02
Sales: OESXx567@3.68 GEN           x294@6.90 GENx294@6.90 SRTx259@7.87 RNVAx1742@1.19 
Purchases: SEEDx1668@1.23 MSONx186@11.01 SPPIx330@6.22 HOTRx1058@1.94 CRAYx64@31.80 

2015-02-24
Cash: 25.99
Held: SPPIx330@6.35 MSONx186@11.27 HOTRx1058@2.00 CRAYx64@31.12 SEEDx1668@1.25 
Value: 10411.86
Sales: SEEDx1668@1.25 MSONx186@11.27 SPPIx330@6.35 HOTRx1058@2.00 CRAYx64@31.12 
Purchases: DOx68@30.20 RGSEx4430@0.47 AIRx71@29.20 GLDDx334@6.23 WORx78@26.52 

2015-02-25
Cash: 53.46
Held: RGSEx4430@0.45 DOx68@29.05 AIRx71@28.56 WORx78@26.56 GLDDx334@6.12 
Value: 10166.19
Sales: RGSEx4430@0.45 AIRx71@28.56 GLDDx334@6.12 WORx78@26.56 DOx68@29.05 
Purchases: LLx41@49.22 CHKx118@17.20 AXNx1666@1.22 HPQx59@34.00 XKEx330@6.16 

2015-02-26
Cash: 47.34
Held: CHKx118@16.69 HPQx59@34.84 XKEx330@6.01 AXNx1666@1.10 LLx41@51.88 
Value: 10014.93
Sales: HPQx59@34.84 CHKx118@16.69 AXNx1666@1.10 LLx41@51.88 XKEx330@6.01 
Purchases: CWEIx40@49.06 BLDPx875@2.29 SITOx6068@0.33 ANIKx50@39.91 RNVAx1484@1.35 

2015-03-01
Cash: 48.46
Held: CWEIx40@46.66 RNVAx1484@1.40 ANIKx50@40.59 SITOx6068@0.33 BLDPx875@2.37 
Value: 10098.49
Sales: CWEIx40@46.66 BLDPx875@2.37 SITOx6068@0.33 ANIKx50@40.59 RNVAx1484@1.40 
Purchases: SZKx114@17.70 ENOCx157@12.82 STAAx296@6.82 GENEx352@5.73 WTWx187@10.78 

2015-03-02
Cash: 15.51
Held: GENEx352@5.36 WTWx187@10.59 ENOCx157@11.86 SZKx114@24.81 STAAx296@7.76 
Value: 10871.06
Sales: ENOCx157@11.86 SZKx114@24.81 GENEx352@5.36 STAAx296@7.76 WTWx187@10.59 
Purchases: SBLKx521@4.17 SMRTx178@12.16 GIFIx152@14.22 SUNWx381@5.70 CEIx10355@0.21 

2015-03-03
Cash: 26.90
Held: GIFIx152@14.43 SMRTx178@12.27 SUNWx381@3.10 SBLKx521@4.11 CEIx10355@0.23 
Value: 10108.27
Sales: SBLKx521@4.11 SMRTx178@12.27 GIFIx152@14.43 SUNWx381@3.10 CEIx10355@0.23 
Purchases: NYMXx3260@0.62 RCONx1330@1.52 HMNYx586@3.45 URREx1287@1.57 CMLSx80@25.05 

2015-03-04
Cash: 19.73
Held: RCONx1330@1.55 NYMXx3260@0.61 HMNYx586@3.04 URREx1287@1.61 CMLSx80@24.23 
Value: 9861.28
Sales: NYMXx3260@0.61 RCONx1330@1.55 URREx1287@1.61 HMNYx586@3.04 CMLSx80@24.23 
Purchases: CENXx119@16.48 HBIx61@32.12 SUNWx661@2.98 CYCCx155@12.72 CDIx136@14.41 

2015-03-05
Cash: 39.27
Held: SUNWx661@3.00 HBIx61@32.00 CENXx119@16.08 CDIx136@13.95 CYCCx155@12.60 
Value: 9738.44
Sales: CENXx119@16.08 HBIx61@32.00 SUNWx661@3.00 CYCCx155@12.60 CDIx136@13.95 
Purchases: YTENx2291@0.85 DRWIx97@20.00 CECEx153@12.65 GEFx52@36.88 RWCx357@5.44 

2015-03-08
Cash: 55.57
Held: CECEx153@12.10 RWCx357@5.56 YTENx2291@0.82 DRWIx97@19.23 GEFx52@36.56 
Value: 9536.73
Sales: YTENx2291@0.82 RWCx357@5.56 CECEx153@12.10 DRWIx97@19.23 GEFx52@36.56 
Purchases: HURCx65@28.91 BORNx1630@1.17 GENEx417@4.57 MTLx1402@1.36 AEZSx36@52.00 

2015-03-09
Cash: 65.81
Held: GENEx417@4.45 HURCx65@29.06 MTLx1402@1.36 BORNx1630@1.13 AEZSx36@51.31 
Value: 9406.37
Sales: HURCx65@29.06 BORNx1630@1.13 GENEx417@4.45 MTLx1402@1.36 AEZSx36@51.31 
Purchases: ATVx380@4.94 PPHMx1343@1.40 EDAPx533@3.53 VNRx130@14.45 LODEx3033@0.62 

2015-03-10
Cash: 7.08
Held: ATVx380@4.73 PPHMx1343@1.43 LODEx3033@0.62 VNRx130@15.01 EDAPx533@3.49 
Value: 9416.85
Sales: ATVx380@4.73 PPHMx1343@1.43 EDAPx533@3.49 VNRx130@15.01 LODEx3033@0.62 
Purchases: GOGLx467@4.03 UBMx156@12.05 TITNx154@12.21 PRTSx707@2.66 BIOSx547@3.44 

2015-03-11
Cash: 12.35
Held: PRTSx707@2.63 GOGLx467@4.08 TITNx154@12.37 UBMx156@14.82 BIOSx547@3.85 
Value: 10099.10
Sales: BIOSx547@3.85 PRTSx707@2.63 GOGLx467@4.08 TITNx154@12.37 UBMx156@14.82 
Purchases: OPXAx3107@0.65 CRMDx251@8.05 HTHTx113@17.75 MRVCx254@7.92 BAKx309@6.53 

2015-03-12
Cash: 24.03
Held: OPXAx3107@0.64 BAKx309@6.74 MRVCx254@7.93 CRMDx251@8.40 HTHTx113@17.95 
Value: 10245.91
Sales: OPXAx3107@0.64 CRMDx251@8.40 HTHTx113@17.95 MRVCx254@7.93 BAKx309@6.74 
Purchases: SGOCx3474@0.59 RGSEx7589@0.27 ACADx59@34.44 SPEXx2410@0.85 BVXx822@2.49 

2015-03-15
Cash: 20.10
Held: RGSEx7589@0.28 SGOCx3474@0.60 ACADx59@35.19 SPEXx2410@0.83 BVXx822@2.50 
Value: 10361.53
Sales: SGOCx3474@0.60 RGSEx7589@0.28 ACADx59@35.19 SPEXx2410@0.83 BVXx822@2.50 
Purchases: YUMAx1726@1.20 GALEx1479@1.40 LLx69@29.94 OPTTx4710@0.44 SIEBx1248@1.66 

2015-03-16
Cash: 9.13
Held: GALEx1479@1.37 SIEBx1248@1.67 YUMAx1726@1.17 LLx69@29.69 OPTTx4710@0.41 
Value: 10118.00
Sales: YUMAx1726@1.17 GALEx1479@1.37 LLx69@29.69 OPTTx4710@0.41 SIEBx1248@1.67 
Purchases: PFIEx1425@1.42 PRTSx945@2.14 SYNx843@2.40 MTLx1964@1.03 HRTx302@6.69 

2015-03-17
Cash: 3.93
Held: PFIEx1425@1.35 HRTx302@6.74 PRTSx945@2.15 SYNx843@2.38 MTLx1964@1.26 
Value: 10475.45
Sales: PFIEx1425@1.35 HRTx302@6.74 SYNx843@2.38 MTLx1964@1.26 PRTSx945@2.15 
Purchases: RDNTx269@7.76 EGYx612@3.42 WGBSx521@4.02 GLBSx1745@1.20 MDSYx952@2.20 

2015-03-18
Cash: 12.38
Held: GLBSx1745@1.29 WGBSx521@4.11 RDNTx269@7.63 MDSYx952@2.20 EGYx612@3.03 
Value: 10404.25
Sales: RDNTx269@7.63 EGYx612@3.03 WGBSx521@4.11 GLBSx1745@1.29 MDSYx952@2.20 
Purchases: SHIPx2930@0.71 NKTRx174@11.89 XINx737@2.82 WSCIx366@5.68 SQMx116@17.88 

2015-03-19
Cash: 24.26
Held: WSCIx366@5.73 SHIPx2930@0.71 XINx737@2.81 NKTRx174@12.02 SQMx116@18.86 
Value: 10552.93
Sales: SQMx116@18.86 SHIPx2930@0.71 NKTRx174@12.02 XINx737@2.81 WSCIx366@5.73 
Purchases: SGYx149@14.10 MTORx170@12.37 WINTx1701@1.24 DGICBx100@20.95 BOSCx875@2.41 

2015-03-22
Cash: 35.54
Held: MTORx170@12.40 DGICBx100@22.00 WINTx1701@1.22 SGYx149@13.79 BOSCx875@2.49 
Value: 10651.56
Sales: SGYx149@13.79 MTORx170@12.40 WINTx1701@1.22 DGICBx100@22.00 BOSCx875@2.49 
Purchases: AEHRx822@2.59 SCONx1490@1.43 YTENx3611@0.59 HMNYx848@2.51 EGTx1177@1.81 

2015-03-23
Cash: 4.40
Held: AEHRx822@2.52 YTENx3611@0.60 HMNYx848@2.55 EGTx1177@1.83 SCONx1490@1.44 
Value: 10705.71
Sales: AEHRx822@2.52 SCONx1490@1.44 YTENx3611@0.60 HMNYx848@2.55 EGTx1177@1.83 
Purchases: TRXx5636@0.38 PARx531@4.03 COYNx151@14.12 CPRXx501@4.27 SITOx7646@0.28 

2015-03-24
Cash: 12.26
Held: CPRXx501@4.13 PARx531@4.03 TRXx5636@0.34 SITOx7646@0.27 COYNx151@12.75 
Value: 10127.99
Sales: TRXx5636@0.34 PARx531@4.03 SITOx7646@0.27 COYNx151@12.75 CPRXx501@4.13 
Purchases: PPCx85@23.80 HPJx486@4.16 SONSx241@8.38 ZAGGx246@8.21 CECOx402@5.03 

2015-03-25
Cash: 20.71
Held: ZAGGx246@8.20 HPJx486@3.91 CECOx402@5.02 SONSx241@8.08 PPCx85@23.55 
Value: 9905.18
Sales: PPCx85@23.55 HPJx486@3.91 SONSx241@8.08 ZAGGx246@8.20 CECOx402@5.02 
Purchases: IDRAx567@3.49 IIJIx233@8.47 APOLx103@19.20 SONCx61@31.95 MCZx5352@0.37 

2015-03-26
Cash: 45.07
Held: SONCx61@32.06 IIJIx233@8.27 APOLx103@19.20 MCZx5352@0.37 IDRAx567@3.43 
Value: 9832.01
Sales: IDRAx567@3.43 IIJIx233@8.27 APOLx103@19.20 SONCx61@32.06 MCZx5352@0.37 
Purchases: ELONx209@9.40 MGAx37@52.06 WRLDx26@75.00 MTLx1598@1.23 MBVXx1213@1.62 

2015-03-29
Cash: 59.94
Held: ELONx209@9.28 WRLDx26@74.69 MGAx37@53.00 MTLx1598@1.35 MBVXx1213@1.86 
Value: 10315.88
Sales: ELONx209@9.28 MGAx37@53.00 WRLDx26@74.69 MTLx1598@1.35 MBVXx1213@1.86 
Purchases: SSGx44@46.72 REXXx535@3.85 WAFDWx477@4.32 XCOx1192@1.73 NTNx4913@0.42 

2015-03-30
Cash: 14.13
Held: WAFDWx477@4.65 REXXx535@3.72 NTNx4913@0.42 XCOx1192@1.83 SSGx44@47.97 
Value: 10577.16
Sales: SSGx44@47.97 NTNx4913@0.42 WAFDWx477@4.65 XCOx1192@1.83 REXXx535@3.72 
Purchases: WWEx151@14.01 GBRx1052@2.01 BDSIx201@10.50 GILx71@29.52 IRCPx71@29.75 

2015-03-31
Cash: 29.35
Held: GILx71@29.86 WWEx151@13.60 GBRx1052@2.03 BDSIx201@10.11 IRCPx71@29.75 
Value: 10482.26
Sales: WWEx151@13.60 IRCPx71@29.75 BDSIx201@10.11 GILx71@29.86 GBRx1052@2.03 
Purchases: ATVx374@5.60 SSNx1508@1.39 WTTx815@2.57 ARCIx1069@1.96 BDRx2253@0.93 

2015-04-01
Cash: 5.99
Held: SSNx1508@1.66 WTTx815@2.54 ATVx374@5.47 ARCIx1069@2.15 BDRx2253@0.94 
Value: 11040.61
Sales: ATVx374@5.47 SSNx1508@1.66 WTTx815@2.54 ARCIx1069@2.15 BDRx2253@0.94 
Purchases: PEDx4416@0.50 VTNRx785@2.81 NHFx290@7.59 WLDNx166@13.29 CTSOx286@7.71 

2015-04-05
Cash: 13.97
Held: VTNRx785@2.55 WLDNx166@14.09 CTSOx286@7.30 PEDx4416@0.52 NHFx290@7.61 
Value: 10947.04
Sales: PEDx4416@0.52 VTNRx785@2.55 CTSOx286@7.30 NHFx290@7.61 WLDNx166@14.09 
Purchases: SEACx335@6.53 JOBx2737@0.80 TRIBx125@17.39 SUNWx511@4.28 CTSOx299@7.30 

2015-04-06
Cash: 25.52
Held: JOBx2737@0.88 TRIBx125@17.45 SUNWx511@4.31 CTSOx299@8.21 SEACx335@6.42 
Value: 11423.49
Sales: SEACx335@6.42 JOBx2737@0.88 CTSOx299@8.21 SUNWx511@4.31 TRIBx125@17.45 
Purchases: NYMXx1692@1.35 SIEBx1351@1.69 NATHx45@50.59 AXNx1376@1.66 SYPRx1368@1.67 

2015-04-07
Cash: 10.64
Held: SYPRx1368@1.57 NYMXx1692@1.38 SIEBx1351@1.61 AXNx1376@1.75 NATHx45@49.66 
Value: 11311.70
Sales: NYMXx1692@1.38 SIEBx1351@1.61 NATHx45@49.66 AXNx1376@1.75 SYPRx1368@1.57 
Purchases: WGx804@2.81 SRSCx258@8.76 IIINx108@20.89 RILYx226@10.00 ITUSx17401@0.13 

2015-04-08
Cash: 14.11
Held: ITUSx17401@0.14 SRSCx258@8.56 WGx804@2.64 RILYx226@9.95 IIINx108@21.03 
Value: 11303.47
Sales: WGx804@2.64 SRSCx258@8.56 IIINx108@21.03 RILYx226@9.95 ITUSx17401@0.14 
Purchases: UCOx294@7.68 TPLMx424@5.32 YANGx409@5.52 FXPx85@26.53 NUROx1638@1.38 

2015-04-09
Cash: 16.94
Held: FXPx85@26.86 NUROx1638@1.33 UCOx294@7.97 TPLMx424@5.37 YANGx409@5.61 
Value: 11393.04
Sales: UCOx294@7.97 TPLMx424@5.37 YANGx409@5.61 FXPx85@26.86 NUROx1638@1.33 
Purchases: WGx866@2.63 SEVx301@7.55 XRAx4144@0.55 SYPRx1571@1.45 DRNx110@20.55 

2015-04-12
Cash: 25.13
Held: SYPRx1571@1.39 XRAx4144@0.54 DRNx110@20.38 SEVx301@7.55 WGx866@2.68 
Value: 11280.83
Sales: WGx866@2.68 SEVx301@7.55 XRAx4144@0.54 SYPRx1571@1.39 DRNx110@20.38 
Purchases: DGLYx156@14.43 ACHx142@15.88 FRPHx65@34.56 EXTRx913@2.47 EDUx92@24.42 

2015-04-13
Cash: 25.31
Held: EDUx92@23.94 FRPHx65@34.47 DGLYx156@13.77 ACHx142@15.56 EXTRx913@2.41 
Value: 11027.04
Sales: DGLYx156@13.77 ACHx142@15.56 FRPHx65@34.47 EXTRx913@2.41 EDUx92@23.94 
Purchases: TEARx1002@2.20 COREx76@28.98 CTSOx297@7.41 HMNYx958@2.30 MBVXx566@3.89 

2015-04-14
Cash: 13.55
Held: COREx76@28.58 CTSOx297@7.29 HMNYx958@2.35 TEARx1002@2.25 MBVXx566@3.40 
Value: 10780.39
Sales: TEARx1002@2.25 COREx76@28.58 MBVXx566@3.40 HMNYx958@2.35 CTSOx297@7.29 
Purchases: OPXAx5134@0.42 NYMXx2114@1.02 HHx4791@0.45 STRMx769@2.80 CBAKx505@4.26 

2015-04-15
Cash: 7.53
Held: OPXAx5134@0.43 HHx4791@0.45 NYMXx2114@1.02 STRMx769@2.81 CBAKx505@4.44 
Value: 10930.03
Sales: OPXAx5134@0.43 NYMXx2114@1.02 HHx4791@0.45 STRMx769@2.81 CBAKx505@4.44 
Purchases: CAPRx333@6.56 SCOx36@59.75 DTOx31@69.94 SSKNx1285@1.70 DXTRx4651@0.47 

2015-04-16
Cash: 56.37
Held: CAPRx333@6.57 SSKNx1285@1.60 SCOx36@60.28 DTOx31@71.00 DXTRx4651@0.45 
Value: 10763.63
Sales: DXTRx4651@0.45 SCOx36@60.28 DTOx31@71.00 SSKNx1285@1.60 CAPRx333@6.57 
Purchases: CNETx554@3.88 OCNx279@7.70 NLSTx3777@0.57 GLFx135@15.85 AGXx66@32.34 

2015-04-19
Cash: 38.68
Held: AGXx66@32.28 CNETx554@3.78 NLSTx3777@0.59 GLFx135@16.36 OCNx279@7.63 
Value: 10827.79
Sales: CNETx554@3.78 NLSTx3777@0.59 OCNx279@7.63 GLFx135@16.36 AGXx66@32.28 
Purchases: RNVAx2165@1.00 ATHXx1604@1.35 GNMKx199@10.85 DSSx8020@0.27 AMDx869@2.49 

2015-04-20
Cash: 8.98
Held: GNMKx199@10.73 DSSx8020@0.29 RNVAx2165@0.95 AMDx869@2.35 ATHXx1604@1.33 
Value: 10702.11
Sales: AMDx869@2.35 GNMKx199@10.73 ATHXx1604@1.33 DSSx8020@0.29 RNVAx2165@0.95 
Purchases: PEDx3509@0.61 UNXLx372@5.75 FAROx46@45.56 BCLIx488@4.38 ZIOPx197@10.85 

2015-04-21
Cash: 52.56
Held: FAROx46@44.62 PEDx3509@0.62 ZIOPx197@10.88 BCLIx488@4.29 UNXLx372@5.76 
Value: 10661.64
Sales: PEDx3509@0.62 UNXLx372@5.76 FAROx46@44.62 BCLIx488@4.29 ZIOPx197@10.88 
Purchases: NYMXx1615@1.32 NBYx3230@0.66 NVGNx288@7.40 SKLNx346@6.15 GLFx154@13.77 

2015-04-22
Cash: 17.81
Held: NBYx3230@0.63 SKLNx346@6.15 NVGNx288@6.55 NYMXx1615@1.44 GLFx154@13.63 
Value: 10492.06
Sales: NYMXx1615@1.44 NBYx3230@0.63 NVGNx288@6.55 SKLNx346@6.15 GLFx154@13.63 
Purchases: BIOPx3816@0.55 EMMSx329@6.36 VIRCx755@2.78 PWx339@6.18 HMNYx749@2.80 

2015-04-23
Cash: 10.71
Held: VIRCx755@2.78 HMNYx749@2.89 PWx339@6.25 EMMSx329@6.00 BIOPx3816@0.56 
Value: 10504.09
Sales: BIOPx3816@0.56 EMMSx329@6.00 HMNYx749@2.89 VIRCx755@2.78 PWx339@6.25 
Purchases: SGCx110@19.02 SNAKx241@8.71 CIDMx2210@0.95 NVGNx321@6.54 ERICx184@11.41 

2015-04-26
Cash: 15.31
Held: ERICx184@11.40 SNAKx241@9.17 CIDMx2210@0.88 NVGNx321@6.33 SGCx110@18.30 
Value: 10311.57
Sales: SGCx110@18.30 SNAKx241@9.17 ERICx184@11.40 NVGNx321@6.33 CIDMx2210@0.88 
Purchases: MBOTx3436@0.60 SPNCx78@26.19 TRNx73@28.12 DRRXx996@2.07 CPRXx615@3.35 

2015-04-27
Cash: 31.85
Held: MBOTx3436@0.62 CPRXx615@3.55 DRRXx996@2.01 TRNx73@28.20 SPNCx78@26.11 
Value: 10443.39
Sales: MBOTx3436@0.62 SPNCx78@26.11 TRNx73@28.20 DRRXx996@2.01 CPRXx615@3.55 
Purchases: AIRTx104@19.98 IGCx4177@0.50 CLDXx87@23.92 IMGNx240@8.68 CBMGx85@24.56 

2015-04-28
Cash: 24.37
Held: AIRTx104@20.45 CLDXx87@24.55 IGCx4177@0.50 IMGNx240@8.64 CBMGx85@26.41 
Value: 10693.85
Sales: IGCx4177@0.50 CBMGx85@26.41 AIRTx104@20.45 CLDXx87@24.55 IMGNx240@8.64 
Purchases: UNXLx609@3.51 IDXXx16@130.62 GLBSx1328@1.61 SYMXx1464@1.46 PRTSx1320@1.62 

2015-04-29
Cash: 51.92
Held: IDXXx16@125.38 PRTSx1320@1.60 SYMXx1464@1.49 GLBSx1328@1.61 UNXLx609@3.50 
Value: 10621.16
Sales: PRTSx1320@1.60 IDXXx16@125.38 GLBSx1328@1.61 SYMXx1464@1.49 UNXLx609@3.50 
Purchases: SMSIx1712@1.24 UAMYx1931@1.10 SSYSx56@37.44 BWLDx13@159.25 DHXx279@7.60 

2015-04-30
Cash: 86.94
Held: UAMYx1931@1.16 DHXx279@7.66 SMSIx1712@1.23 BWLDx13@157.38 SSYSx56@36.72 
Value: 10673.08
Sales: UAMYx1931@1.16 SMSIx1712@1.23 SSYSx56@36.72 BWLDx13@157.38 DHXx279@7.66 
Purchases: STMx268@7.94 REISx95@22.30 AEx45@46.41 QUIKx1255@1.70 NOKx328@6.50 

2015-05-03
Cash: 72.55
Held: QUIKx1255@1.71 STMx268@7.77 REISx95@22.56 AEx45@47.00 NOKx328@6.54 
Value: 10704.04
Sales: STMx268@7.77 NOKx328@6.54 AEx45@47.00 QUIKx1255@1.71 REISx95@22.56 
Purchases: GTLSx59@36.06 ABAXx38@55.09 TYPEx78@27.12 TUESx153@13.93 SCONx1946@1.10 

2015-05-04
Cash: 95.95
Held: ABAXx38@53.16 TUESx153@13.39 GTLSx59@35.56 TYPEx78@27.02 SCONx1946@1.10 
Value: 10509.90
Sales: GTLSx59@35.56 ABAXx38@53.16 TYPEx78@27.02 TUESx153@13.39 SCONx1946@1.10 
Purchases: GYROx640@3.28 GIIIx37@56.19 VSECx35@58.81 EMMSx417@5.04 OIBR.Cx1194@1.76 

2015-05-05
Cash: 71.33
Held: VSECx35@65.56 GIIIx37@56.25 OIBR.Cx1194@1.94 GYROx640@3.33 EMMSx417@4.92 
Value: 10947.81
Sales: GYROx640@3.33 GIIIx37@56.25 VSECx35@65.56 EMMSx417@4.92 OIBR.Cx1194@1.94 
Purchases: CLBSx919@2.38 WACx128@16.98 AVPx309@7.07 KLICx165@13.21 MAVx158@13.77 

2015-05-06
Cash: 45.07
Held: KLICx165@13.34 AVPx309@7.02 CLBSx919@2.35 MAVx158@13.78 WACx128@18.92 
Value: 11174.55
Sales: CLBSx919@2.35 WACx128@18.92 AVPx309@7.02 KLICx165@13.34 MAVx158@13.78 
Purchases: CLUBx446@5.00 KONAx107@20.77 CEQPx4@555.00 LINKx297@7.50 IMHx104@21.30 

2015-05-07
Cash: 60.25
Held: KONAx107@20.72 IMHx104@19.06 CEQPx4@520.00 CLUBx446@4.76 LINKx297@7.50 
Value: 10690.89
Sales: CLUBx446@4.76 KONAx107@20.72 CEQPx4@520.00 LINKx297@7.50 IMHx104@19.06 
Purchases: PMTx117@18.22 NETEx2639@0.81 LOVx672@3.18 KATEx74@28.62 WFMx50@42.59 

2015-05-10
Cash: 36.86
Held: LOVx672@3.16 KATEx74@29.20 WFMx50@42.72 PMTx117@18.27 NETEx2639@0.87 
Value: 10890.77
Sales: PMTx117@18.27 NETEx2639@0.87 LOVx672@3.16 KATEx74@29.20 WFMx50@42.72 
Purchases: PRKRx5733@0.38 PROx120@18.03 ENOCx216@10.06 QUMUx220@9.86 CBLIx1099@1.98 

2015-05-11
Cash: 30.05
Held: CBLIx1099@2.00 PROx120@18.42 ENOCx216@10.41 PRKRx5733@0.38 QUMUx220@9.92 
Value: 11047.11
Sales: PRKRx5733@0.38 CBLIx1099@2.00 ENOCx216@10.41 QUMUx220@9.92 PROx120@18.42 
Purchases: RDNTx303@7.27 CTSOx321@6.88 VRTSx19@115.06 VIVEx6693@0.33 STRLx677@3.26 

2015-05-12
Cash: 34.05
Held: VRTSx19@116.06 STRLx677@3.36 CTSOx321@6.37 RDNTx303@6.95 VIVEx6693@0.47 
Value: 11809.78
Sales: RDNTx303@6.95 CTSOx321@6.37 VRTSx19@116.06 VIVEx6693@0.47 STRLx677@3.36 
Purchases: NMRXx258@9.14 DEPOx118@19.91 KOSSx878@2.69 KNDIx223@10.56 SRTx369@6.40 

2015-05-13
Cash: 24.76
Held: SRTx369@6.56 KNDIx223@9.07 KOSSx878@2.73 NMRXx258@9.18 DEPOx118@20.02 
Value: 11595.12
Sales: NMRXx258@9.18 DEPOx118@20.02 KOSSx878@2.73 KNDIx223@9.07 SRTx369@6.56 
Purchases: ATVx216@10.73 DCOx95@24.41 OREXx462@5.01 CECOx554@4.18 EBRx991@2.34 

2015-05-14
Cash: 9.84
Held: DCOx95@25.02 EBRx991@2.37 CECOx554@4.12 ATVx216@10.80 OREXx462@5.01 
Value: 11664.77
Sales: ATVx216@10.80 DCOx95@25.02 OREXx462@5.01 CECOx554@4.12 EBRx991@2.37 
Purchases: DGLYx150@15.46 GIGAx1166@2.00 OHGIx1208@1.93 PTIEx1060@2.20 DGSEx2592@0.90 

2015-05-17
Cash: 18.85
Held: DGSEx2592@0.87 PTIEx1060@2.08 GIGAx1166@2.13 OHGIx1208@2.05 DGLYx150@14.44 
Value: 11606.63
Sales: DGLYx150@14.44 GIGAx1166@2.13 OHGIx1208@2.05 PTIEx1060@2.08 DGSEx2592@0.87 
Purchases: HGGx527@4.40 URGx2418@0.96 SSYx1706@1.36 GVx1682@1.38 SOFOx346@6.69 

2015-05-18
Cash: 10.51
Held: GVx1682@1.34 SSYx1706@1.44 URGx2418@0.94 SOFOx346@6.84 HGGx527@4.19 
Value: 11569.74
Sales: GVx1682@1.34 HGGx527@4.19 URGx2418@0.94 SSYx1706@1.44 SOFOx346@6.84 
Purchases: HPJx527@4.39 CYRXx320@7.21 INVTx7711@0.30 FLLx1502@1.54 WTWx354@6.53 

2015-05-19
Cash: 9.50
Held: HPJx527@4.64 INVTx7711@0.31 WTWx354@6.52 FLLx1502@1.56 CYRXx320@7.10 
Value: 11768.86
Sales: HPJx527@4.64 CYRXx320@7.10 INVTx7711@0.31 FLLx1502@1.56 WTWx354@6.52 
Purchases: HRTXx189@12.40 OSURx373@6.30 URBNx68@34.12 BIOLx1293@1.82 AEZSx79@29.50 

2015-05-20
Cash: 70.70
Held: OSURx373@6.42 URBNx68@34.53 HRTXx189@12.69 BIOLx1293@1.83 AEZSx79@31.53 
Value: 12069.38
Sales: HRTXx189@12.69 OSURx373@6.42 URBNx68@34.53 BIOLx1293@1.83 AEZSx79@31.53 
Purchases: FASx73@33.00 FANHx287@8.39 UMDDx35@68.06 UYGx31@76.38 INDLx114@21.05 

2015-05-21
Cash: 103.12
Held: UYGx31@76.25 FASx73@33.00 FANHx287@8.50 UMDDx35@68.00 INDLx114@21.17 
Value: 12108.96
Sales: FASx73@33.00 INDLx114@21.17 UMDDx35@68.00 UYGx31@76.25 FANHx287@8.50 
Purchases: ISRx1316@1.84 LLx115@21.05 HYGSx263@9.19 CNITx637@3.80 DGSEx4324@0.56 

2015-05-25
Cash: 8.23
Held: ISRx1316@1.94 DGSEx4324@0.51 HYGSx263@9.02 LLx115@22.05 CNITx637@3.98 
Value: 12210.18
Sales: ISRx1316@1.94 LLx115@22.05 HYGSx263@9.02 CNITx637@3.98 DGSEx4324@0.51 
Purchases: FNCXx1013@2.41 QUMUx306@7.98 YANGx48@50.75 GFNx414@5.90 OESXx1104@2.21 

2015-05-26
Cash: 7.84
Held: FNCXx1013@2.31 OESXx1104@2.62 QUMUx306@7.91 GFNx414@5.80 YANGx48@50.81 
Value: 12500.99
Sales: GFNx414@5.80 FNCXx1013@2.31 YANGx48@50.81 QUMUx306@7.91 OESXx1104@2.62 
Purchases: UAMYx2841@0.88 ROIAx718@3.48 CYRNx1011@2.47 RTNBx1213@2.06 RADAx1157@2.16 

2015-05-27
Cash: 5.64
Held: RADAx1157@2.13 UAMYx2841@0.82 ROIAx718@3.57 CYRNx1011@2.54 RTNBx1213@2.04 
Value: 12404.02
Sales: UAMYx2841@0.82 ROIAx718@3.57 CYRNx1011@2.54 RTNBx1213@2.04 RADAx1157@2.13 
Purchases: SOXSx66@37.09 AWXx1041@2.38 PRTSx1047@2.37 LFCx101@24.36 DGSEx6702@0.37 

2015-05-28
Cash: 56.05
Held: DGSEx6702@0.40 AWXx1041@2.37 PRTSx1047@2.25 LFCx101@23.84 SOXSx66@36.78 
Value: 12394.00
Sales: PRTSx1047@2.25 AWXx1041@2.37 SOXSx66@36.78 LFCx101@23.84 DGSEx6702@0.40 
Purchases: YINNx47@52.72 WILCx510@4.86 XCRAx321@7.72 HNRGx291@8.50 SMTCx116@21.36 

2015-05-31
Cash: 9.03
Held: XCRAx321@7.83 WILCx510@5.00 SMTCx116@21.62 HNRGx291@7.97 YINNx47@54.38 
Value: 12454.89
Sales: YINNx47@54.38 SMTCx116@21.62 XCRAx321@7.83 HNRGx291@7.97 WILCx510@5.00 
Purchases: TGBx3954@0.63 ANFx122@20.41 WSTLx2466@1.01 INTGx124@20.00 OHGIx711@3.50 

2015-06-01
Cash: 16.19
Held: WSTLx2466@1.07 INTGx124@20.05 OHGIx711@3.51 TGBx3954@0.63 ANFx122@21.16 
Value: 12708.45
Sales: TGBx3954@0.63 ANFx122@21.16 WSTLx2466@1.07 INTGx124@20.05 OHGIx711@3.51 
Purchases: HQCLx1444@1.76 ATVx286@8.87 PATKx64@39.62 VIVEx2989@0.85 AUMNx6355@0.40 

2015-06-02
Cash: 13.02
Held: HQCLx1444@1.50 ATVx286@8.87 AUMNx6355@0.40 VIVEx2989@0.85 PATKx64@39.94 
Value: 12353.35
Sales: HQCLx1444@1.50 ATVx286@8.87 PATKx64@39.94 VIVEx2989@0.85 AUMNx6355@0.40 
Purchases: IRMx72@34.28 FSNNx848@2.91 MOSYx1171@2.11 IMGNx179@13.75 PPLx78@31.45 

2015-06-03
Cash: 32.62
Held: PPLx78@31.45 FSNNx848@2.77 IMGNx179@14.66 IRMx72@32.88 MOSYx1171@2.14 
Value: 12331.67
Sales: IRMx72@32.88 MOSYx1171@2.14 FSNNx848@2.77 IMGNx179@14.66 PPLx78@31.45 
Purchases: EMITFx1611@1.53 MGCDx445@5.53 PYDSx9133@0.27 RENx2349@1.05 RAVEx227@10.85 

2015-06-04
Cash: 9.60
Held: RAVEx227@11.18 RENx2349@1.08 PYDSx9133@0.28 EMITFx1611@1.52 MGCDx445@5.35 
Value: 12471.41
Sales: RAVEx227@11.18 EMITFx1611@1.52 PYDSx9133@0.28 RENx2349@1.08 MGCDx445@5.35 
Purchases: JNPx344@7.24 HKx2095@1.19 FTRx501@4.97 KONEx626@3.98 OPKx154@16.19 

2015-06-07
Cash: 13.50
Held: JNPx344@7.29 KONEx626@4.06 OPKx154@16.72 HKx2095@1.26 FTRx501@5.03 
Value: 12796.17
Sales: HKx2095@1.26 JNPx344@7.29 KONEx626@4.06 FTRx501@5.03 OPKx154@16.72 
Purchases: LTBRx1968@1.30 ZUMZx107@23.83 ESLx27@92.75 EXPOx59@43.16 CYRXx365@7.00 

2015-06-08
Cash: 83.08
Held: EXPOx59@42.97 ESLx27@92.62 ZUMZx107@23.61 LTBRx1968@1.23 CYRXx365@7.90 
Value: 12949.81
Sales: LTBRx1968@1.23 ZUMZx107@23.61 ESLx27@92.62 EXPOx59@42.97 CYRXx365@7.90 
Purchases: EMITFx1903@1.36 JBLUx137@18.88 TURx60@43.09 HAx119@21.61 PXLWx406@6.37 

2015-06-09
Cash: 31.38
Held: TURx60@44.41 PXLWx406@6.46 JBLUx137@19.16 HAx119@22.41 EMITFx1903@1.40 
Value: 13274.59
Sales: EMITFx1903@1.40 JBLUx137@19.16 TURx60@44.41 HAx119@22.41 PXLWx406@6.46 
Purchases: ADXSx111@23.84 CBKx610@4.35 AVIDx165@16.00 HOTRx958@2.77 DGSEx8562@0.31 

2015-06-10
Cash: 25.54
Held: DGSEx8562@0.30 ADXSx111@24.45 HOTRx958@2.85 CBKx610@4.31 AVIDx165@15.91 
Value: 13291.56
Sales: ADXSx111@24.45 CBKx610@4.31 AVIDx165@15.91 HOTRx958@2.85 DGSEx8562@0.30 
Purchases: DPKx103@25.62 NETEx4835@0.55 AXNx1176@2.26 SHLDx93@28.55 BOSCx1051@2.53 

2015-06-11
Cash: 23.24
Held: DPKx103@26.27 SHLDx93@28.06 AXNx1176@2.20 BOSCx1051@2.57 NETEx4835@0.55 
Value: 13284.40
Sales: AXNx1176@2.20 NETEx4835@0.55 DPKx103@26.27 SHLDx93@28.06 BOSCx1051@2.57 
Purchases: GALTx817@3.25 AVDx194@13.66 YTENx824@3.22 CURx112@23.66 TMVx77@34.19 

2015-06-14
Cash: 44.04
Held: GALTx817@3.17 AVDx194@13.57 YTENx824@3.19 TMVx77@34.03 CURx112@25.22 
Value: 13339.52
Sales: GALTx817@3.17 AVDx194@13.57 YTENx824@3.19 CURx112@25.22 TMVx77@34.03 
Purchases: CLDx595@4.48 RGSEx863@3.09 OCCx766@3.48 EXASx101@26.23 DDCx163@16.31 

2015-06-15
Cash: 32.46
Held: RGSEx863@2.92 CLDx595@4.40 DDCx163@15.93 OCCx766@3.50 EXASx101@26.59 
Value: 13132.93
Sales: CLDx595@4.40 RGSEx863@2.92 OCCx766@3.50 EXASx101@26.59 DDCx163@15.93 
Purchases: AMCNx459@5.71 PYDSx10506@0.25 CBLIx911@2.88 YINNx56@46.66 AMOTx106@24.70 

2015-06-16
Cash: 29.37
Held: CBLIx911@2.83 AMCNx459@4.63 PYDSx10506@0.27 YINNx56@47.22 AMOTx106@24.06 
Value: 12763.94
Sales: AMCNx459@4.63 CBLIx911@2.83 PYDSx10506@0.27 YINNx56@47.22 AMOTx106@24.06 
Purchases: SGOCx3497@0.73 AGFx214@11.88 IDXXx38@66.38 GBXx48@52.50 OGENx1556@1.64 

2015-06-17
Cash: 74.73
Held: AGFx214@11.41 SGOCx3497@0.70 IDXXx38@67.25 OGENx1556@1.49 GBXx48@53.88 
Value: 12424.56
Sales: SGOCx3497@0.70 AGFx214@11.41 IDXXx38@67.25 GBXx48@53.88 OGENx1556@1.49 
Purchases: EDNx184@13.45 CASIx1479@1.68 XCOx1645@1.51 XTNTx748@3.32 KOOLx2824@0.88 

2015-06-18
Cash: 12.98
Held: EDNx184@13.30 XTNTx748@3.40 KOOLx2824@0.85 CASIx1479@1.58 XCOx1645@1.21 
Value: 11731.09
Sales: CASIx1479@1.58 EDNx184@13.30 XCOx1645@1.21 XTNTx748@3.40 KOOLx2824@0.85 
Purchases: AVHIx161@14.57 AGENx271@8.63 TEUMx6017@0.39 OGENx1617@1.45 WKHSx9384@0.25 

2015-06-21
Cash: 8.83
Held: AVHIx161@14.87 TEUMx6017@0.40 AGENx271@8.32 OGENx1617@1.49 WKHSx9384@0.25 
Value: 11819.17
Sales: AVHIx161@14.87 AGENx271@8.32 TEUMx6017@0.40 WKHSx9384@0.25 OGENx1617@1.49 
Purchases: KEGx1374@1.72 NNBRx91@25.73 FNSRx119@19.78 ATLCx774@3.05 DGSEx5911@0.40 

2015-06-22
Cash: 35.34
Held: DGSEx5911@0.36 NNBRx91@22.50 FNSRx119@19.78 KEGx1374@1.85 ATLCx774@3.01 
Value: 11436.33
Sales: KEGx1374@1.85 ATLCx774@3.01 FNSRx119@19.78 NNBRx91@22.50 DGSEx5911@0.36 
Purchases: PRSCx47@47.69 BWXTx97@23.45 OHGIx659@3.47 RTNBx2243@1.02 SGYPx281@8.12 

2015-06-23
Cash: 65.13
Held: BWXTx97@23.41 OHGIx659@3.30 PRSCx47@45.75 RTNBx2243@1.17 SGYPx281@8.30 
Value: 11616.56
Sales: PRSCx47@45.75 BWXTx97@23.41 OHGIx659@3.30 RTNBx2243@1.17 SGYPx281@8.30 
Purchases: OPXAx4840@0.48 SONCx76@30.41 AXNx1256@1.85 AFAMx59@38.88 VICLx2940@0.79 

2015-06-24
Cash: 43.13
Held: OPXAx4840@0.48 SONCx76@30.08 VICLx2940@0.76 AXNx1256@1.83 AFAMx59@39.28 
Value: 11502.05
Sales: OPXAx4840@0.48 SONCx76@30.08 AXNx1256@1.83 AFAMx59@39.28 VICLx2940@0.76 
Purchases: USAKx104@21.97 BCPCx39@57.94 KOOLx2771@0.83 EPCx22@101.69 FPPx1812@1.27 

2015-06-25
Cash: 120.08
Held: KOOLx2771@0.79 EPCx22@135.38 BCPCx39@58.56 USAKx104@21.62 FPPx1812@1.25 
Value: 12085.47
Sales: USAKx104@21.62 BCPCx39@58.56 EPCx22@135.38 FPPx1812@1.25 KOOLx2771@0.79 
Purchases: IKGHx1140@2.12 WRLDx39@61.38 MEIx79@30.41 CREEx89@27.00 OGENx1873@1.29 

2015-06-28
Cash: 54.68
Held: CREEx89@25.95 WRLDx39@61.91 IKGHx1140@2.21 MEIx79@27.80 OGENx1873@1.30 
Value: 11929.81
Sales: IKGHx1140@2.21 WRLDx39@61.91 MEIx79@27.80 CREEx89@25.95 OGENx1873@1.30 
Purchases: MUx127@18.73 RGSEx896@2.66 CPSTx290@8.20 AOIx111@21.41 PRKRx6280@0.38 

2015-06-29
Cash: 26.38
Held: RGSEx896@2.23 MUx127@18.84 PRKRx6280@0.38 AOIx111@23.91 CPSTx290@8.21 
Value: 11838.47
Sales: MUx127@18.84 RGSEx896@2.23 CPSTx290@8.21 AOIx111@23.91 PRKRx6280@0.38 
Purchases: UAMYx3481@0.68 VTNRx999@2.37 CRMDx610@3.88 EPCx24@97.62 MBIx393@6.01 

2015-06-30
Cash: 31.07
Held: VTNRx999@2.18 UAMYx3481@0.74 EPCx24@101.12 CRMDx610@3.74 MBIx393@5.88 
Value: 11804.29
Sales: UAMYx3481@0.74 VTNRx999@2.18 CRMDx610@3.74 EPCx24@101.12 MBIx393@5.88 
Purchases: ETRMx3@625.00 WKHSx13111@0.18 APOLx189@12.45 TUESx215@10.97 ABEOx473@4.99 

2015-07-01
Cash: 497.23
Held: TUESx215@10.99 ABEOx473@5.10 APOLx189@12.93 ETRMx3@555.50 WKHSx13111@0.19 
Value: 11874.12
Sales: ETRMx3@555.50 ABEOx473@5.10 APOLx189@12.93 TUESx215@10.99 WKHSx13111@0.19 
Purchases: RENXx152@15.61 BLDPx1396@1.70 RELXx143@16.56 BAXx61@38.31 CRKx193@12.25 

2015-07-05
Cash: 58.27
Held: BAXx61@38.03 RELXx143@16.20 RENXx152@15.27 CRKx193@10.60 BLDPx1396@1.64 
Value: 11351.84
Sales: RENXx152@15.27 BLDPx1396@1.64 RELXx143@16.20 BAXx61@38.03 CRKx193@10.60 
Purchases: NIx134@16.84 WUx119@18.95 PHMDx2044@1.11 XCOx2703@0.84 LBTYAx44@50.50 

2015-07-06
Cash: 77.70
Held: LBTYAx44@49.78 WUx119@19.09 NIx134@17.12 PHMDx2044@1.12 XCOx2703@0.93 
Value: 11638.76
Sales: NIx134@17.12 WUx119@19.09 XCOx2703@0.93 LBTYAx44@49.78 PHMDx2044@1.12 
Purchases: RGSEx1419@1.64 SILCx85@27.09 KELYBx154@15.02 FSNNx1218@1.91 ALLTx409@5.68 

2015-07-07
Cash: 45.96
Held: RGSEx1419@1.42 ALLTx409@5.49 KELYBx154@15.02 SILCx85@25.91 FSNNx1218@1.97 
Value: 11220.31
Sales: SILCx85@25.91 RGSEx1419@1.42 ALLTx409@5.49 KELYBx154@15.02 FSNNx1218@1.97 
Purchases: ETRMx5@388.75 UAMYx3299@0.68 STVx824@2.72 AMDx1116@2.01 MXCx590@3.80 

