2014-05-06
Cash: 10000.00
Held: 
Value: 10000.00
Sales: 
Purchases: EVKx361@5.53 TREEx84@23.80 OHGIx498@4.01 FNx106@18.81 ATHNx18@107.88 

2014-05-07
Cash: 70.57
Held: EVKx361@5.36 OHGIx498@4.05 FNx106@18.70 ATHNx18@106.81 TREEx84@23.86 
Value: 9931.94
Sales: EVKx361@5.36 TREEx84@23.86 OHGIx498@4.05 FNx106@18.70 ATHNx18@106.81 
Purchases: CORTx1141@1.74 AVNWx165@12.00 ICADx286@6.93 OCLRx1135@1.75 EXTRx559@3.55 

2014-05-08
Cash: 13.30
Held: CORTx1141@1.84 AVNWx165@12.48 ICADx286@7.00 EXTRx559@3.68 OCLRx1135@1.75 
Value: 10216.39
Sales: CORTx1141@1.84 AVNWx165@12.48 ICADx286@7.00 OCLRx1135@1.75 EXTRx559@3.68 
Purchases: ANDEx39@51.16 MEETx912@2.24 INVTx765@2.67 GTTx237@8.62 CECOx438@4.66 

2014-05-11
Cash: 52.29
Held: MEETx912@2.29 INVTx765@2.71 CECOx438@5.00 GTTx237@10.05 ANDEx39@51.38 
Value: 10788.52
Sales: ANDEx39@51.38 MEETx912@2.29 INVTx765@2.71 GTTx237@10.05 CECOx438@5.00 
Purchases: SMSIx2697@0.80 OHRPx316@6.82 AIRMx47@45.78 UVEx175@12.33 ACETx116@18.55 

2014-05-12
Cash: 15.65
Held: AIRMx47@45.31 OHRPx316@7.84 UVEx175@11.82 SMSIx2697@0.78 ACETx116@18.41 
Value: 10929.49
Sales: SMSIx2697@0.78 OHRPx316@7.84 ACETx116@18.41 AIRMx47@45.31 UVEx175@11.82 
Purchases: INSYx80@27.30 COOLx132@16.44 NEONx585@3.73 CLBx13@162.88 EGTx769@2.84 

2014-05-13
Cash: 92.45
Held: COOLx132@15.96 NEONx585@3.67 CLBx13@162.50 INSYx80@23.02 EGTx769@2.84 
Value: 10483.79
Sales: INSYx80@23.02 EGTx769@2.84 NEONx585@3.67 CLBx13@162.50 COOLx132@15.96 
Purchases: TCCOx448@4.67 CALLx133@15.66 OMEXx1302@1.61 MDCAx95@21.86 DXPEx32@64.56 

2014-05-14
Cash: 69.19
Held: CALLx133@15.19 DXPEx32@66.69 OMEXx1302@1.61 MDCAx95@21.30 TCCOx448@4.88 
Value: 10528.76
Sales: TCCOx448@4.88 MDCAx95@21.30 OMEXx1302@1.61 CALLx133@15.19 DXPEx32@66.69 
Purchases: INSYx93@22.59 HYGSx148@14.14 FLLx1394@1.51 SSKNx5137@0.41 QBAKx1830@1.15 

2014-05-15
Cash: 19.18
Held: SSKNx5137@0.39 HYGSx148@14.35 INSYx93@23.84 FLLx1394@1.54 QBAKx1830@1.26 
Value: 10815.74
Sales: INSYx93@23.84 QBAKx1830@1.26 HYGSx148@14.35 SSKNx5137@0.39 FLLx1394@1.54 
Purchases: ACXMx104@20.61 SRNEx432@5.00 FONRx156@13.86 KINSx372@5.80 GVx1310@1.65 

2014-05-18
Cash: 30.40
Held: GVx1310@1.63 FONRx156@13.02 SRNEx432@5.14 ACXMx104@21.50 KINSx372@5.80 
Value: 10811.84
Sales: GVx1310@1.63 SRNEx432@5.14 FONRx156@13.02 KINSx372@5.80 ACXMx104@21.50 
Purchases: WWEx197@10.96 CSIQx99@21.70 RCONx604@3.58 SGRPx1302@1.66 FMBHx102@21.00 

2014-05-19
Cash: 38.04
Held: RCONx604@3.36 SGRPx1302@1.65 CSIQx99@22.41 WWEx197@10.93 FMBHx102@21.00 
Value: 10729.28
Sales: CSIQx99@22.41 WWEx197@10.93 RCONx604@3.36 SGRPx1302@1.65 FMBHx102@21.00 
Purchases: PRKRx473@4.53 LTEAx3575@0.60 NLSTx1834@1.17 LGLx511@4.20 CSPIx317@6.75 

2014-05-20
Cash: 9.46
Held: CSPIx317@6.72 PRKRx473@4.49 NLSTx1834@1.16 LTEAx3575@0.62 LGLx511@4.18 
Value: 10742.73
Sales: PRKRx473@4.49 LTEAx3575@0.62 NLSTx1834@1.16 LGLx511@4.18 CSPIx317@6.72 
Purchases: MBWMx103@20.69 INUVx3305@0.65 DKSx50@42.84 URBNx66@32.53 AUMNx3770@0.57 

2014-05-21
Cash: 26.50
Held: INUVx3305@0.72 DKSx50@43.25 AUMNx3770@0.58 URBNx66@32.53 MBWMx103@20.70 
Value: 11035.69
Sales: MBWMx103@20.70 INUVx3305@0.72 DKSx50@43.25 URBNx66@32.53 AUMNx3770@0.58 
Purchases: MGCDx224@9.82 HTMx4244@0.52 OHRPx275@8.01 CPHIx6129@0.36 DYx75@29.34 

2014-05-22
Cash: 18.95
Held: OHRPx275@7.55 DYx75@29.30 CPHIx6129@0.36 HTMx4244@0.59 MGCDx224@9.70 
Value: 11176.57
Sales: MGCDx224@9.70 HTMx4244@0.59 OHRPx275@7.55 CPHIx6129@0.36 DYx75@29.30 
Purchases: EGHTx308@7.25 ATVx186@12.00 APOLx81@27.28 IGCx1693@1.32 TPIVx1346@1.66 

2014-05-26
Cash: 31.93
Held: ATVx186@10.87 TPIVx1346@1.97 APOLx81@27.48 EGHTx308@7.52 IGCx1693@1.48 
Value: 11753.17
Sales: ATVx186@10.87 EGHTx308@7.52 APOLx81@27.48 IGCx1693@1.48 TPIVx1346@1.97 
Purchases: SCVLx126@18.55 DFFNx587@4.00 ORMPx334@7.02 NWYx587@4.00 PCTIx331@7.09 

2014-05-27
Cash: 29.00
Held: SCVLx126@18.11 NWYx587@3.99 ORMPx334@7.70 DFFNx587@4.30 PCTIx331@7.15 
Value: 12115.28
Sales: SCVLx126@18.11 DFFNx587@4.30 ORMPx334@7.70 NWYx587@3.99 PCTIx331@7.15 
Purchases: SSRIx362@6.68 WGBSx1938@1.25 FROx1044@2.32 ALOGx35@67.75 CETCx281@8.60 

2014-05-28
Cash: 64.03
Held: SSRIx362@6.54 ALOGx35@68.06 FROx1044@2.42 WGBSx1938@1.40 CETCx281@9.40 
Value: 12694.68
Sales: SSRIx362@6.54 WGBSx1938@1.40 FROx1044@2.42 ALOGx35@68.06 CETCx281@9.40 
Purchases: SPNCx116@21.84 ACURx465@5.45 NLSx232@10.90 OHGIx723@3.51 WKHSx23084@0.11 

2014-05-29
Cash: 22.02
Held: NLSx232@10.83 OHGIx723@4.07 ACURx465@5.30 SPNCx116@21.44 WKHSx23084@0.11 
Value: 12967.49
Sales: SPNCx116@21.44 ACURx465@5.30 NLSx232@10.83 OHGIx723@4.07 WKHSx23084@0.11 
Purchases: MPETx1553@1.67 GMANx603@4.30 MARPSx150@17.27 SPEXx1343@1.93 EVIx1067@2.43 

2014-06-01
Cash: 6.84
Held: EVIx1067@2.45 SPEXx1343@1.81 MPETx1553@1.67 MARPSx150@17.25 GMANx603@4.32 
Value: 12836.45
Sales: MPETx1553@1.67 EVIx1067@2.45 MARPSx150@17.25 SPEXx1343@1.81 GMANx603@4.32 
Purchases: CSIQx100@25.59 CLFx164@15.61 INVTx980@2.62 GLUUx713@3.60 PARx599@4.28 

2014-06-02
Cash: 19.39
Held: PARx599@4.29 INVTx980@2.45 CLFx164@14.94 GLUUx713@3.60 CSIQx100@25.09 
Value: 12514.42
Sales: CSIQx100@25.09 PARx599@4.29 INVTx980@2.45 GLUUx713@3.60 CLFx164@14.94 
Purchases: WMKx57@43.25 NEONx804@3.11 VCELx590@4.24 GTXIx1826@1.37 TISIx64@38.56 

2014-06-03
Cash: 78.81
Held: GTXIx1826@1.32 NEONx804@3.20 VCELx590@4.15 TISIx64@38.25 WMKx57@43.47 
Value: 12435.17
Sales: WMKx57@43.47 NEONx804@3.20 VCELx590@4.15 GTXIx1826@1.32 TISIx64@38.25 
Purchases: PFIEx609@4.08 FACx1040@2.39 ENSGx168@14.73 JAKKx329@7.56 ESPx109@22.80 

2014-06-04
Cash: 19.64
Held: PFIEx609@4.09 ESPx109@23.44 JAKKx329@7.31 ENSGx168@15.36 FACx1040@2.42 
Value: 12566.67
Sales: PFIEx609@4.09 FACx1040@2.42 ENSGx168@15.36 JAKKx329@7.31 ESPx109@23.44 
Purchases: CSIQx107@23.45 PRTKx1244@2.02 RIBTx437@5.74 RILYx279@9.00 JKSx101@24.70 

2014-06-05
Cash: 31.24
Held: JKSx101@24.47 CSIQx107@24.05 RILYx279@9.00 PRTKx1244@2.00 RIBTx437@5.89 
Value: 12648.80
Sales: CSIQx107@24.05 PRTKx1244@2.00 RIBTx437@5.89 RILYx279@9.00 JKSx101@24.47 
Purchases: PVHx21@119.69 NFECx1769@1.43 PYTx125@20.14 GYBx125@20.22 SPEXx1506@1.68 

2014-06-08
Cash: 31.72
Held: NFECx1769@1.46 GYBx125@20.50 SPEXx1506@1.73 PYTx125@19.73 PVHx21@121.56 
Value: 12802.58
Sales: PYTx125@19.73 NFECx1769@1.46 GYBx125@20.50 SPEXx1506@1.73 PVHx21@121.56 
Purchases: SMSIx3160@0.81 AEYx924@2.77 VTNRx274@9.33 HRIx95@26.94 KONEx503@5.09 

2014-06-09
Cash: 8.59
Held: AEYx924@2.78 VTNRx274@9.52 HRIx95@27.23 SMSIx3160@0.82 KONEx503@5.30 
Value: 13030.29
Sales: AEYx924@2.78 SMSIx3160@0.82 VTNRx274@9.52 HRIx95@27.23 KONEx503@5.30 
Purchases: AEHRx1211@2.15 GIGAx1076@2.42 NSRx106@24.39 ODCx83@31.33 LINKx325@8.01 

2014-06-10
Cash: 34.15
Held: AEHRx1211@2.35 ODCx83@30.58 GIGAx1076@2.58 NSRx106@24.16 LINKx325@8.01 
Value: 13356.77
Sales: AEHRx1211@2.35 LINKx325@8.01 NSRx106@24.16 ODCx83@30.58 GIGAx1076@2.58 
Purchases: INOx302@8.82 LONEx7217@0.37 SYNx1804@1.48 QRHCx580@4.60 RELVx1562@1.71 

2014-06-11
Cash: 11.27
Held: RELVx1562@1.78 INOx302@8.81 QRHCx580@4.62 SYNx1804@1.42 LONEx7217@0.37 
Value: 13366.35
Sales: INOx302@8.81 LONEx7217@0.37 RELVx1562@1.78 QRHCx580@4.62 SYNx1804@1.42 
Purchases: CGAx1142@2.34 UNXLx327@8.17 OREXx470@5.68 GGALx195@13.69 TBBKx234@11.40 

2014-06-12
Cash: 16.29
Held: GGALx195@13.82 OREXx470@5.85 TBBKx234@11.37 UNXLx327@8.02 CGAx1142@2.31 
Value: 13383.72
Sales: CGAx1142@2.31 UNXLx327@8.02 OREXx470@5.85 GGALx195@13.82 TBBKx234@11.37 
Purchases: OMERx189@14.11 INVTx787@3.40 VHIx514@5.20 ARIAx419@6.38 DSSx1845@1.45 

2014-06-15
Cash: 20.17
Held: INVTx787@3.29 DSSx1845@1.44 ARIAx419@6.46 OMERx189@14.18 VHIx514@5.11 
Value: 13279.56
Sales: ARIAx419@6.46 INVTx787@3.29 VHIx514@5.11 DSSx1845@1.44 OMERx189@14.18 
Purchases: BCLIx620@4.28 FNSRx136@19.44 SXLx58@45.25 PTIEx512@5.18 KOOLx1831@1.45 

2014-06-16
Cash: 49.88
Held: PTIEx512@5.40 KOOLx1831@1.48 FNSRx136@19.58 SXLx58@45.06 BCLIx620@4.35 
Value: 13498.84
Sales: BCLIx620@4.35 FNSRx136@19.58 SXLx58@45.06 PTIEx512@5.40 KOOLx1831@1.48 
Purchases: PZEx446@6.05 VRTXx40@65.88 SUMRx899@3.00 XTLBx865@3.12 ENGx764@3.53 

2014-06-17
Cash: 73.75
Held: XTLBx865@3.12 VRTXx40@65.06 ENGx764@3.46 SUMRx899@2.94 PZEx446@6.29 
Value: 13465.95
Sales: VRTXx40@65.06 PZEx446@6.29 SUMRx899@2.94 XTLBx865@3.12 ENGx764@3.46 
Purchases: REIx155@17.28 SIFYx1141@2.36 INVTx925@2.91 PRPHx1693@1.59 INSx1844@1.46 

2014-06-18
Cash: 19.65
Held: PRPHx1693@1.61 INVTx925@3.03 INSx1844@1.48 SIFYx1141@2.27 REIx155@17.48 
Value: 13577.67
Sales: REIx155@17.48 INVTx925@3.03 SIFYx1141@2.27 PRPHx1693@1.61 INSx1844@1.48 
Purchases: CBPOx65@41.66 UTEKx119@22.69 UFSx62@43.78 MTSLx1697@1.60 RNVAx1251@2.17 

2014-06-19
Cash: 26.65
Held: UTEKx119@22.47 CBPOx65@42.56 UFSx62@44.22 RNVAx1251@1.95 MTSLx1697@1.54 
Value: 13261.70
Sales: CBPOx65@42.56 RNVAx1251@1.95 UTEKx119@22.47 MTSLx1697@1.54 UFSx62@44.22 
Purchases: ZSLx35@73.94 COHx76@34.72 PIRx174@15.18 KBRx109@24.20 NOKx342@7.75 

2014-06-22
Cash: 105.35
Held: PIRx174@15.39 COHx76@34.03 KBRx109@23.98 ZSLx35@73.81 NOKx342@7.89 
Value: 13266.03
Sales: KBRx109@23.98 COHx76@34.03 PIRx174@15.39 NOKx342@7.89 ZSLx35@73.81 
Purchases: TTNPx3445@0.77 SGCx156@16.98 LEUx884@3.00 RIBTx514@5.16 AOBCx173@15.30 

2014-06-23
Cash: 13.07
Held: AOBCx173@14.89 TTNPx3445@0.78 LEUx884@2.92 SGCx156@16.61 RIBTx514@5.18 
Value: 13110.14
Sales: RIBTx514@5.18 SGCx156@16.61 AOBCx173@14.89 TTNPx3445@0.78 LEUx884@2.92 
Purchases: PRKRx1702@1.54 NETEx1561@1.68 IGCx1859@1.41 NCITx293@8.94 CBMGx213@12.26 

2014-06-24
Cash: 15.92
Held: PRKRx1702@1.49 IGCx1859@1.42 CBMGx213@12.85 NETEx1561@1.72 NCITx293@8.97 
Value: 13241.65
Sales: PRKRx1702@1.49 NETEx1561@1.72 IGCx1859@1.42 NCITx293@8.97 CBMGx213@12.85 
Purchases: ADMPx551@4.80 PRKRx1777@1.49 OHRPx362@7.31 GIGAx981@2.70 LINKx326@8.10 

2014-06-25
Cash: 13.52
Held: OHRPx362@9.90 PRKRx1777@1.58 GIGAx981@2.59 LINKx326@8.10 ADMPx551@4.78 
Value: 14220.77
Sales: ADMPx551@4.78 PRKRx1777@1.58 OHRPx362@9.90 GIGAx981@2.59 LINKx326@8.10 
Purchases: MLSSx1580@1.80 GBRx768@3.70 HGSHx1073@2.65 NUROx1415@2.01 IMGNx241@11.79 

2014-06-26
Cash: 7.23
Held: NUROx1415@1.98 MLSSx1580@1.80 GBRx768@3.84 HGSHx1073@2.68 IMGNx241@11.91 
Value: 14346.99
Sales: MLSSx1580@1.80 GBRx768@3.84 HGSHx1073@2.68 NUROx1415@1.98 IMGNx241@11.91 
Purchases: WMLPx3375@0.85 BMAx80@35.66 KONEx545@5.26 SCSx184@15.52 NTNx5517@0.52 

2014-06-29
Cash: 32.51
Held: SCSx184@15.13 KONEx545@5.84 BMAx80@36.03 NTNx5517@0.53 WMLPx3375@0.84 
Value: 14639.46
Sales: WMLPx3375@0.84 BMAx80@36.03 KONEx545@5.84 SCSx184@15.13 NTNx5517@0.53 
Purchases: WKHSx29286@0.10 GAIAx381@7.68 OGENx1501@1.95 ISNSx887@3.30 FNCXx676@4.33 

2014-06-30
Cash: 4.77
Held: FNCXx676@4.17 ISNSx887@3.36 GAIAx381@7.51 OGENx1501@1.95 WKHSx29286@0.10 
Value: 14521.82
Sales: FNCXx676@4.17 GAIAx381@7.51 OGENx1501@1.95 ISNSx887@3.36 WKHSx29286@0.10 
Purchases: RYNx83@34.97 DAGx405@7.16 IOTx463@6.27 HBPx645@4.50 RELVx1862@1.56 

2014-07-01
Cash: 10.33
Held: RELVx1862@1.60 IOTx463@6.50 RYNx83@34.97 HBPx645@4.60 DAGx405@7.21 
Value: 14789.15
Sales: RYNx83@34.97 DAGx405@7.21 IOTx463@6.50 RELVx1862@1.60 HBPx645@4.60 
Purchases: FNFx103@28.55 SYMXx1760@1.68 OSBCPx298@9.91 BPTHx1048@2.82 STAAx213@13.85 

2014-07-02
Cash: 34.44
Held: OSBCPx298@9.90 FNFx103@28.44 SYMXx1760@1.63 BPTHx1048@2.94 STAAx213@14.15 
Value: 14875.99
Sales: FNFx103@28.44 SYMXx1760@1.63 OSBCPx298@9.90 BPTHx1048@2.94 STAAx213@14.15 
Purchases: OHRPx366@8.12 LINCx706@4.21 JOEx122@24.27 BIOLx1459@2.04 ADGEx1814@1.64 

2014-07-06
Cash: 22.46
Held: JOEx122@23.92 OHRPx366@7.91 ADGEx1814@1.50 LINCx706@4.05 BIOLx1459@1.99 
Value: 14320.65
Sales: OHRPx366@7.91 LINCx706@4.05 JOEx122@23.92 BIOLx1459@1.99 ADGEx1814@1.50 
Purchases: RGSEx1122@2.55 WCSTx1041@2.75 LEUx474@6.04 SSKNx9874@0.29 LAKEx435@6.58 

2014-07-07
Cash: 8.08
Held: RGSEx1122@2.55 SSKNx9874@0.28 LAKEx435@6.59 LEUx474@6.31 WCSTx1041@2.75 
Value: 14354.67
Sales: RGSEx1122@2.55 LEUx474@6.31 SSKNx9874@0.28 WCSTx1041@2.75 LAKEx435@6.59 
Purchases: SMSIx2519@1.14 GNVCx1211@2.37 CBAKx929@3.09 ARRYx684@4.19 COOLx222@12.90 

2014-07-08
Cash: 14.02
Held: COOLx222@13.02 SMSIx2519@1.12 ARRYx684@4.10 GNVCx1211@2.39 CBAKx929@3.37 
Value: 14557.25
Sales: SMSIx2519@1.12 GNVCx1211@2.39 CBAKx929@3.37 ARRYx684@4.10 COOLx222@13.02 
Purchases: OMERx197@14.75 HRTXx283@10.27 RELVx2036@1.43 AOIx11@248.00 JKSx109@26.70 

2014-07-09
Cash: 194.63
Held: RELVx2036@1.40 JKSx109@26.22 AOIx11@256.00 OMERx197@14.61 HRTXx283@10.28 
Value: 14507.31
Sales: OMERx197@14.61 HRTXx283@10.28 RELVx2036@1.40 AOIx11@256.00 JKSx109@26.22 
Purchases: FNCXx912@3.18 IPCIx1011@2.87 MYRGx116@24.86 LEUx534@5.43 SPILx350@8.28 

2014-07-10
Cash: 25.16
Held: FNCXx912@3.21 LEUx534@5.49 IPCIx1011@2.83 SPILx350@8.28 MYRGx116@24.97 
Value: 14540.30
Sales: FNCXx912@3.21 IPCIx1011@2.83 MYRGx116@24.97 LEUx534@5.49 SPILx350@8.28 
Purchases: CXDCx460@6.32 LLx52@54.88 SRPTx132@21.98 NETEx2254@1.29 BAAx8550@0.34 

2014-07-13
Cash: 62.02
Held: SRPTx132@21.81 BAAx8550@0.33 LLx52@55.16 NETEx2254@1.21 CXDCx460@5.91 
Value: 14077.48
Sales: CXDCx460@5.91 LLx52@55.16 SRPTx132@21.81 NETEx2254@1.21 BAAx8550@0.33 
Purchases: NYNYx449@6.27 CADCx632@4.45 SGRPx1969@1.43 ISLEx332@8.48 MBVXx2308@1.22 

2014-07-14
Cash: 6.16
Held: SGRPx1969@1.44 ISLEx332@8.42 CADCx632@4.27 NYNYx449@6.17 MBVXx2308@1.21 
Value: 13900.53
Sales: NYNYx449@6.17 CADCx632@4.27 SGRPx1969@1.44 ISLEx332@8.42 MBVXx2308@1.21 
Purchases: ATVx227@12.20 MBVXx2297@1.21 DRWIx55@49.75 DLHCx1544@1.80 HLITx464@5.98 

2014-07-15
Cash: 61.05
Held: DLHCx1544@1.83 HLITx464@6.01 ATVx227@12.80 DRWIx55@50.00 MBVXx2297@1.20 
Value: 14087.87
Sales: ATVx227@12.80 MBVXx2297@1.20 DRWIx55@50.00 HLITx464@6.01 DLHCx1544@1.83 
Purchases: EXELx771@3.65 OPTTx2449@1.15 YTENx4205@0.67 CBIOx100@28.06 IGCx2632@1.07 

2014-07-16
Cash: 15.78
Held: YTENx4205@0.62 EXELx771@3.43 IGCx2632@1.06 CBIOx100@26.73 OPTTx2449@1.15 
Value: 13547.19
Sales: EXELx771@3.43 OPTTx2449@1.15 YTENx4205@0.62 CBIOx100@26.73 IGCx2632@1.06 
Purchases: EGTx940@2.88 BBRYx279@9.71 CAWx760@3.56 MTGx349@7.75 LCIx73@36.97 

2014-07-17
Cash: 20.35
Held: CAWx760@3.58 MTGx349@7.86 EGTx940@3.12 LCIx73@38.19 BBRYx279@10.04 
Value: 14004.71
Sales: LCIx73@38.19 CAWx760@3.58 MTGx349@7.86 BBRYx279@10.04 EGTx940@3.12 
Purchases: RNNx4059@0.69 WPCSx4446@0.63 TZOOx159@17.56 OHGIx676@4.14 OIBR.Cx4059@0.69 

2014-07-20
Cash: 11.81
Held: WPCSx4446@0.65 OHGIx676@4.30 OIBR.Cx4059@0.70 TZOOx159@17.77 RNNx4059@0.66 
Value: 14155.00
Sales: RNNx4059@0.66 WPCSx4446@0.65 TZOOx159@17.77 OHGIx676@4.30 OIBR.Cx4059@0.70 
Purchases: KEGx408@6.92 SBOTx4162@0.68 RPx171@16.48 AMDx749@3.78 BISx38@73.62 

2014-07-21
Cash: 52.71
Held: RPx171@16.38 KEGx408@6.86 AMDx749@3.80 SBOTx4162@0.70 BISx38@71.94 
Value: 14146.09
Sales: KEGx408@6.86 SBOTx4162@0.70 RPx171@16.38 AMDx749@3.80 BISx38@71.94 
Purchases: PZEx438@6.45 GRBKx360@7.85 DGLYx599@4.72 EZPWx296@9.53 SCKTx1886@1.50 

2014-07-22
Cash: 17.99
Held: EZPWx296@9.66 GRBKx360@8.70 SCKTx1886@1.59 DGLYx599@4.66 PZEx438@6.54 
Value: 14663.35
Sales: PZEx438@6.54 GRBKx360@8.70 DGLYx599@4.66 EZPWx296@9.66 SCKTx1886@1.59 
Purchases: BXSx138@21.14 SILCx100@29.20 SSKNx1207@2.43 ITIx1724@1.70 EDUx142@20.53 

2014-07-23
Cash: 46.42
Held: EDUx142@19.39 ITIx1724@1.74 SSKNx1207@2.52 SILCx100@28.00 BXSx138@21.55 
Value: 14614.60
Sales: SILCx100@28.00 BXSx138@21.55 ITIx1724@1.74 SSKNx1207@2.52 EDUx142@19.39 
Purchases: CNMDx75@38.69 STMx335@8.70 NETEx1365@2.14 FDMLx163@17.83 LSCCx395@7.39 

2014-07-24
Cash: 50.25
Held: CNMDx75@39.34 STMx335@8.57 FDMLx163@17.66 LSCCx395@7.06 NETEx1365@2.18 
Value: 14513.48
Sales: CNMDx75@39.34 STMx335@8.57 NETEx1365@2.18 FDMLx163@17.66 LSCCx395@7.06 
Purchases: IQNTx253@11.45 KEMx572@5.07 CLFDx219@13.23 IINx426@6.80 DHIx134@21.61 

2014-07-27
Cash: 26.21
Held: IINx426@7.00 CLFDx219@13.08 DHIx134@21.48 IQNTx253@11.11 KEMx572@5.05 
Value: 14450.95
Sales: IQNTx253@11.11 CLFDx219@13.08 IINx426@7.00 KEMx572@5.05 DHIx134@21.48 
Purchases: DRWIx76@38.00 AWREx622@4.64 AMZNx9@320.50 MXWLx256@11.26 TPXx52@54.81 

2014-07-28
Cash: 59.73
Held: TPXx52@54.28 DRWIx76@39.25 AMZNx9@320.00 AWREx622@4.46 MXWLx256@10.96 
Value: 14326.06
Sales: DRWIx76@39.25 AWREx622@4.46 AMZNx9@320.00 MXWLx256@10.96 TPXx52@54.28 
Purchases: NCTYx820@3.49 CWEIx25@112.50 DWSNx225@12.72 AWIx57@49.56 MARKx408@7.02 

2014-07-29
Cash: 100.81
Held: CWEIx25@109.38 AWIx57@49.09 DWSNx225@11.88 NCTYx820@3.50 MARKx408@7.20 
Value: 14114.45
Sales: CWEIx25@109.38 NCTYx820@3.50 DWSNx225@11.88 AWIx57@49.09 MARKx408@7.20 
Purchases: CBRx742@3.80 HLFx50@55.84 IPXLx120@23.38 HILx592@4.76 TLRDx54@51.59 

2014-07-30
Cash: 92.08
Held: HLFx50@52.41 IPXLx120@23.39 CBRx742@3.49 HILx592@4.81 TLRDx54@50.31 
Value: 13672.58
Sales: CBRx742@3.49 HLFx50@52.41 IPXLx120@23.39 HILx592@4.81 TLRDx54@50.31 
Purchases: RTx454@6.01 UIHCx188@14.52 YTENx5469@0.50 PWEx353@7.73 GNWx208@13.10 

2014-07-31
Cash: 24.38
Held: RTx454@5.91 YTENx5469@0.43 GNWx208@13.07 UIHCx188@14.93 PWEx353@7.58 
Value: 13259.37
Sales: RTx454@5.91 UIHCx188@14.93 YTENx5469@0.43 PWEx353@7.58 GNWx208@13.07 
Purchases: CLUBx615@4.31 HGGx382@6.93 EDAPx1441@1.84 QUIKx798@3.32 EHTHx130@20.27 

2014-08-03
Cash: 27.09
Held: QUIKx798@3.39 CLUBx615@4.14 EHTHx130@21.23 HGGx382@6.83 EDAPx1441@1.61 
Value: 12968.62
Sales: CLUBx615@4.14 HGGx382@6.83 EDAPx1441@1.61 QUIKx798@3.39 EHTHx130@21.23 
Purchases: CASMx1631@1.59 WEBx130@19.84 ADGEx1921@1.35 XTNTx522@4.96 PXLWx417@6.21 

2014-08-04
Cash: 23.73
Held: WEBx130@19.69 PXLWx417@6.04 XTNTx522@5.10 CASMx1631@1.60 ADGEx1921@1.28 
Value: 12832.77
Sales: CASMx1631@1.60 WEBx130@19.69 ADGEx1921@1.28 XTNTx522@5.10 PXLWx417@6.04 
Purchases: LTBRx855@3.00 FNCXx1251@2.05 SAJAx488@5.25 NEx96@26.55 ASPSx30@84.06 

2014-08-05
Cash: 69.87
Held: FNCXx1251@2.02 LTBRx855@2.96 NEx96@26.44 SAJAx488@5.95 ASPSx30@86.69 
Value: 13169.75
Sales: LTBRx855@2.96 FNCXx1251@2.02 SAJAx488@5.95 NEx96@26.44 ASPSx30@86.69 
Purchases: CRRx25@104.56 AMSCx154@17.09 ROIAx786@3.35 ROIAKx793@3.32 AREXx148@17.70 

2014-08-06
Cash: 37.39
Held: ROIAKx793@3.07 AREXx148@17.50 AMSCx154@18.00 ROIAx786@2.92 CRRx25@101.88 
Value: 12676.08
Sales: CRRx25@101.88 ROIAx786@2.92 ROIAKx793@3.07 AMSCx154@18.00 AREXx148@17.50 
Purchases: LINCx939@2.70 Sx431@5.88 NCMIx178@14.19 LIOXx505@5.01 APEIx85@29.66 

2014-08-07
Cash: 30.63
Held: LIOXx505@5.14 LINCx939@2.59 NCMIx178@14.71 Sx431@5.67 APEIx85@29.77 
Value: 12651.71
Sales: LINCx939@2.59 Sx431@5.67 LIOXx505@5.14 APEIx85@29.77 NCMIx178@14.71 
Purchases: MNTXx210@12.02 EVCx538@4.70 ARCIx872@2.90 OMEx216@11.69 GSITx456@5.54 

2014-08-10
Cash: 19.16
Held: EVCx538@4.46 MNTXx210@11.95 ARCIx872@3.04 GSITx456@5.23 OMEx216@12.29 
Value: 12618.89
Sales: MNTXx210@11.95 EVCx538@4.46 ARCIx872@3.04 OMEx216@12.29 GSITx456@5.23 
Purchases: TEARx725@3.48 FNCXx816@3.09 KNDx128@19.59 XTNTx573@4.40 CPSTx106@23.80 

2014-08-11
Cash: 23.47
Held: KNDx128@19.41 XTNTx573@4.63 FNCXx816@2.99 TEARx725@3.36 CPSTx106@23.80 
Value: 12557.88
Sales: TEARx725@3.36 FNCXx816@2.99 KNDx128@19.41 XTNTx573@4.63 CPSTx106@23.80 
Purchases: WGBSx228@11.00 WACx102@24.55 VBFCx107@23.31 XTLBx1016@2.47 INOx289@8.68 

2014-08-12
Cash: 32.99
Held: VBFCx107@23.55 XTLBx1016@2.40 INOx289@9.58 WGBSx228@11.00 WACx102@25.00 
Value: 12817.38
Sales: WGBSx228@11.00 INOx289@9.58 WACx102@25.00 VBFCx107@23.55 XTLBx1016@2.40 
Purchases: MNKDx343@7.47 BDEx319@8.03 INTXx714@3.59 RGENx126@20.31 TTECx97@26.22 

2014-08-13
Cash: 27.89
Held: MNKDx343@7.05 INTXx714@3.66 RGENx126@19.19 TTECx97@26.61 BDEx319@7.98 
Value: 12604.16
Sales: MNKDx343@7.05 RGENx126@19.19 BDEx319@7.98 INTXx714@3.66 TTECx97@26.61 
Purchases: VLGEAx124@20.23 MSLIx1312@1.92 CREEx56@44.72 MXWLx269@9.36 CTSOx387@6.50 

2014-08-14
Cash: 38.74
Held: CREEx56@44.00 CTSOx387@6.58 MSLIx1312@1.89 VLGEAx124@19.22 MXWLx269@9.30 
Value: 12411.68
Sales: VLGEAx124@19.22 MSLIx1312@1.89 CREEx56@44.00 MXWLx269@9.30 CTSOx387@6.58 
Purchases: PNTRx303@8.17 RMTIx242@10.24 OCLRx1468@1.69 CHCIx288@8.61 CBMGx109@22.62 

2014-08-17
Cash: 29.82
Held: RMTIx242@10.39 CHCIx288@8.40 PNTRx303@7.86 OCLRx1468@1.70 CBMGx109@21.52 
Value: 12185.58
Sales: OCLRx1468@1.70 RMTIx242@10.39 PNTRx303@7.86 CHCIx288@8.40 CBMGx109@21.52 
Purchases: BHx6@385.75 CPHIx9373@0.26 LEUx448@5.43 XINx710@3.43 RTNBx2437@1.00 

2014-08-18
Cash: 129.43
Held: XINx710@3.50 CPHIx9373@0.27 LEUx448@5.04 RTNBx2437@1.00 BHx6@386.50 
Value: 12158.82
Sales: BHx6@386.50 CPHIx9373@0.27 LEUx448@5.04 XINx710@3.50 RTNBx2437@1.00 
Purchases: ROXx2385@1.02 ALNx2061@1.18 ACYx220@11.05 DYNTx555@4.38 MITKx1008@2.41 

2014-08-19
Cash: 5.86
Held: DYNTx555@4.22 ACYx220@11.07 ALNx2061@1.20 MITKx1008@2.28 ROXx2385@1.02 
Value: 11985.45
Sales: ALNx2061@1.20 ROXx2385@1.02 ACYx220@11.07 DYNTx555@4.22 MITKx1008@2.28 
Purchases: INBKx140@17.06 JOEx112@21.30 ECTx360@6.64 FSNNx532@4.50 NVCNx453@5.28 

2014-08-20
Cash: 34.42
Held: JOEx112@21.16 ECTx360@6.61 NVCNx453@5.22 INBKx140@17.19 FSNNx532@4.50 
Value: 11947.64
Sales: INBKx140@17.19 ECTx360@6.61 FSNNx532@4.50 JOEx112@21.16 NVCNx453@5.22 
Purchases: NBYx3064@0.78 WPCSx2366@1.01 XRAx3412@0.70 STVx589@4.05 PLXx979@2.44 

2014-08-21
Cash: 6.07
Held: WPCSx2366@1.03 XRAx3412@0.70 NBYx3064@0.74 STVx589@4.14 PLXx979@2.44 
Value: 11927.90
Sales: NBYx3064@0.74 WPCSx2366@1.03 XRAx3412@0.70 STVx589@4.14 PLXx979@2.44 
Purchases: CYTXx116@20.55 CALIx1519@1.57 CORTx883@2.70 SSIx143@16.64 SHLDx72@33.09 

2014-08-24
Cash: 13.38
Held: CALIx1519@1.79 CORTx883@2.81 SHLDx72@33.44 SSIx143@16.62 CYTXx116@20.55 
Value: 12382.48
Sales: CORTx883@2.81 CALIx1519@1.79 CYTXx116@20.55 SSIx143@16.62 SHLDx72@33.44 
Purchases: CVGIx298@8.30 RGSEx1528@1.62 WGBSx532@4.65 BSPMx186@13.28 OZMx209@11.82 

2014-08-25
Cash: 20.74
Held: RGSEx1528@1.50 CVGIx298@8.13 WGBSx532@4.57 OZMx209@12.26 BSPMx186@13.30 
Value: 12202.83
Sales: WGBSx532@4.57 RGSEx1528@1.50 CVGIx298@8.13 BSPMx186@13.30 OZMx209@12.26 
Purchases: NTWKx881@2.77 FSIx1506@1.62 HIHOx724@3.37 SPUx2017@1.21 BORNx1089@2.24 

2014-08-26
Cash: 3.61
Held: SPUx2017@1.19 NTWKx881@3.88 FSIx1506@1.58 HIHOx724@3.39 BORNx1089@2.33 
Value: 13195.61
Sales: NTWKx881@3.88 FSIx1506@1.58 HIHOx724@3.39 SPUx2017@1.19 BORNx1089@2.33 
Purchases: ABEOx8795@0.30 HUBGx59@44.00 KOSSx1007@2.62 MOVx68@38.78 ALQAx522@5.05 

2014-08-27
Cash: 49.57
Held: ALQAx522@5.15 MOVx68@37.06 HUBGx59@43.16 ABEOx8795@0.32 KOSSx1007@2.35 
Value: 12984.58
Sales: KOSSx1007@2.35 ALQAx522@5.15 HUBGx59@43.16 MOVx68@37.06 ABEOx8795@0.32 
Purchases: ELTKx1709@1.52 COYNx152@17.00 GENEx3657@0.71 AOBCx233@11.12 XKEx366@7.08 

2014-08-28
Cash: 26.48
Held: GENEx3657@0.66 AOBCx233@11.07 XKEx366@7.25 ELTKx1709@1.53 COYNx152@16.50 
Value: 12796.79
Sales: ELTKx1709@1.53 COYNx152@16.50 GENEx3657@0.66 AOBCx233@11.07 XKEx366@7.25 
Purchases: KOSSx1112@2.30 ONPx1462@1.75 COYNx155@16.50 WSMx38@65.75 GMANx723@3.54 

2014-09-01
Cash: 65.08
Held: WSMx38@65.56 ONPx1462@1.75 KOSSx1112@2.26 GMANx723@3.55 COYNx155@15.00 
Value: 12520.03
Sales: KOSSx1112@2.26 ONPx1462@1.75 COYNx155@15.00 WSMx38@65.56 GMANx723@3.55 
Purchases: PEDx1375@1.82 PBBIx357@7.00 SBOTx1726@1.45 FROx1239@2.02 KNDIx142@17.55 

2014-09-02
Cash: 21.21
Held: PBBIx357@6.99 KNDIx142@17.25 FROx1239@1.78 PEDx1375@1.76 SBOTx1726@1.73 
Value: 12577.75
Sales: PEDx1375@1.76 PBBIx357@6.99 SBOTx1726@1.73 FROx1239@1.78 KNDIx142@17.25 
Purchases: CVTIx199@12.64 CLDx176@14.23 VCELx748@3.36 RIBTx509@4.94 CONNx82@30.42 

2014-09-03
Cash: 35.81
Held: CVTIx199@12.55 CONNx82@29.44 VCELx748@3.31 CLDx176@14.23 RIBTx509@4.96 
Value: 12451.79
Sales: CLDx176@14.23 VCELx748@3.31 CONNx82@29.44 CVTIx199@12.55 RIBTx509@4.96 
Purchases: CPHIx10828@0.23 DEPOx179@13.86 YANGx195@12.75 RPRXx145@17.16 PHMDx333@7.47 

2014-09-04
Cash: 19.74
Held: RPRXx145@16.77 CPHIx10828@0.24 PHMDx333@7.49 DEPOx179@13.95 YANGx195@12.45 
Value: 12468.93
Sales: CPHIx10828@0.24 DEPOx179@13.95 YANGx195@12.45 RPRXx145@16.77 PHMDx333@7.49 
Purchases: SCVLx128@19.41 IDNx480@5.19 MINDx235@10.57 ISNSx371@6.71 AVAVx82@30.09 

2014-09-07
Cash: 51.59
Held: SCVLx128@19.31 ISNSx371@6.41 AVAVx82@30.61 MINDx235@10.36 IDNx480@5.02 
Value: 12255.55
Sales: SCVLx128@19.31 AVAVx82@30.61 MINDx235@10.36 ISNSx371@6.41 IDNx480@5.02 
Purchases: ZUMZx82@29.58 BDRx1667@1.47 SHIPx1613@1.52 HGSHx312@7.84 AUMNx3357@0.73 

2014-09-08
Cash: 32.53
Held: SHIPx1613@1.56 ZUMZx82@28.95 AUMNx3357@0.72 HGSHx312@7.37 BDRx1667@1.48 
Value: 12107.76
Sales: SHIPx1613@1.56 BDRx1667@1.48 ZUMZx82@28.95 HGSHx312@7.37 AUMNx3357@0.72 
Purchases: TCCOx519@4.66 UGIx67@36.00 VIIx712@3.40 KERXx165@14.63 AXASx461@5.25 

2014-09-09
Cash: 21.40
Held: AXASx461@5.40 UGIx67@35.69 VIIx712@3.33 KERXx165@14.40 TCCOx519@4.47 
Value: 11967.18
Sales: TCCOx519@4.47 UGIx67@35.69 VIIx712@3.33 KERXx165@14.40 AXASx461@5.40 
Purchases: NHTCx186@12.81 MXLx345@6.92 GIGAx1027@2.33 LEUx752@3.18 RADAx680@3.52 

2014-09-10
Cash: 18.61
Held: RADAx680@3.65 GIGAx1027@2.29 LEUx752@3.02 NHTCx186@11.61 MXLx345@6.81 
Value: 11630.74
Sales: NHTCx186@11.61 MXLx345@6.81 GIGAx1027@2.29 LEUx752@3.02 RADAx680@3.65 
Purchases: UAMYx2005@1.16 MGCDx340@6.83 JVAx385@6.03 MFRIx222@10.45 STRMx575@4.04 

2014-09-11
Cash: 17.98
Held: UAMYx2005@1.18 MFRIx222@10.43 JVAx385@6.09 MGCDx340@6.83 STRMx575@4.09 
Value: 11716.45
Sales: UAMYx2005@1.18 MGCDx340@6.83 JVAx385@6.09 STRMx575@4.09 MFRIx222@10.43 
Purchases: INVEx155@15.03 SYMXx2002@1.17 OREXx454@5.16 MTSLx1395@1.68 MBVXx390@6.00 

2014-09-14
Cash: 18.55
Held: INVEx155@15.02 OREXx454@4.88 SYMXx2002@1.11 MTSLx1395@1.50 MBVXx390@7.00 
Value: 11607.63
Sales: INVEx155@15.02 SYMXx2002@1.11 OREXx454@4.88 MTSLx1395@1.50 MBVXx390@7.00 
Purchases: AMRNx1634@1.42 LDLx81@28.33 AXNx9286@0.25 LUNAx1568@1.48 DRNx165@14.04 

2014-09-15
Cash: 33.58
Held: AMRNx1634@1.35 DRNx165@14.44 LDLx81@28.73 AXNx9286@0.25 LUNAx1568@1.52 
Value: 11652.64
Sales: AMRNx1634@1.35 LDLx81@28.73 AXNx9286@0.25 LUNAx1568@1.52 DRNx165@14.44 
Purchases: NETEx896@2.60 SPOKx160@14.52 SNMXx263@8.86 SYNx1309@1.78 RADAx866@2.69 

2014-09-16
Cash: 10.18
Held: RADAx866@2.86 SNMXx263@8.60 SYNx1309@1.75 SPOKx160@14.33 NETEx896@2.98 
Value: 12002.36
Sales: NETEx896@2.98 SPOKx160@14.33 SNMXx263@8.60 SYNx1309@1.75 RADAx866@2.86 
Purchases: BBSIx49@48.50 OMEXx2758@0.87 ATx1066@2.25 VHCx314@7.62 COOLx275@8.70 

2014-09-17
Cash: 41.19
Held: COOLx275@8.58 VHCx314@5.37 OMEXx2758@0.87 ATx1066@2.45 BBSIx49@48.53 
Value: 11475.38
Sales: BBSIx49@48.53 OMEXx2758@0.87 ATx1066@2.45 VHCx314@5.37 COOLx275@8.58 
Purchases: NVLNx440@5.21 BOSCx568@4.04 ISNSx573@4.00 PEIXx138@16.61 ANTHx1408@1.63 

2014-09-18
Cash: 9.41
Held: ANTHx1408@1.61 NVLNx440@5.20 ISNSx573@3.96 PEIXx138@15.97 BOSCx568@4.14 
Value: 11389.62
Sales: NVLNx440@5.20 BOSCx568@4.14 ANTHx1408@1.61 PEIXx138@15.97 ISNSx573@3.96 
Purchases: MCHXx569@4.00 RADx425@5.35 RPRXx250@9.10 IFONx933@2.44 CETCx55@41.19 

2014-09-21
Cash: 22.50
Held: RPRXx250@8.86 IFONx933@2.22 MCHXx569@3.96 RADx425@5.11 CETCx55@37.59 
Value: 10802.17
Sales: MCHXx569@3.96 IFONx933@2.22 RPRXx250@8.86 RADx425@5.11 CETCx55@37.59 
Purchases: MUXx1038@2.08 NEONx968@2.23 LEUx1499@1.44 QRHCx1278@1.69 CREGx1895@1.14 

2014-09-22
Cash: 4.75
Held: MUXx1038@2.22 CREGx1895@1.21 QRHCx1278@1.78 NEONx968@2.16 LEUx1499@1.76 
Value: 11606.83
Sales: LEUx1499@1.76 NEONx968@2.16 MUXx1038@2.22 QRHCx1278@1.78 CREGx1895@1.21 
Purchases: CRRx34@66.75 YUMAx565@4.10 CBMXx8@265.50 THLDx593@3.91 MTLx2902@0.80 

2014-09-23
Cash: 256.19
Held: THLDx593@3.90 YUMAx565@3.86 CRRx34@66.00 CBMXx8@290.25 MTLx2902@0.77 
Value: 11550.26
Sales: THLDx593@3.90 YUMAx565@3.86 CRRx34@66.00 MTLx2902@0.77 CBMXx8@290.25 
Purchases: VOXXx245@9.41 SBOTx1848@1.25 IFONx1138@2.03 MTLx2999@0.77 ACURx641@3.60 

2014-09-24
Cash: 9.75
Held: IFONx1138@1.96 ACURx641@3.50 SBOTx1848@1.16 VOXXx245@9.15 MTLx2999@0.72 
Value: 11028.95
Sales: ACURx641@3.50 IFONx1138@1.96 SBOTx1848@1.16 MTLx2999@0.72 VOXXx245@9.15 
Purchases: ZNx1423@1.55 GRBKx352@6.26 RWCx447@4.93 TPIVx3292@0.67 SPEXx2723@0.81 

2014-09-25
Cash: 4.71
Held: ZNx1423@1.62 GRBKx352@6.25 RWCx447@5.01 SPEXx2723@0.82 TPIVx3292@0.56 
Value: 10826.47
Sales: ZNx1423@1.62 RWCx447@5.01 GRBKx352@6.25 SPEXx2723@0.82 TPIVx3292@0.56 
Purchases: VIIx913@2.37 ARCWx127@16.94 LEUx2023@1.07 NMx370@5.85 OGENx1789@1.21 

2014-09-28
Cash: 17.44
Held: NMx370@5.89 LEUx2023@0.83 VIIx913@2.31 ARCWx127@16.23 OGENx1789@1.22 
Value: 10229.60
Sales: VIIx913@2.31 ARCWx127@16.23 NMx370@5.89 OGENx1789@1.22 LEUx2023@0.83 
Purchases: AEYx889@2.30 CBLIx224@9.12 RCGx1440@1.42 POWLx47@43.34 LGLx531@3.85 

2014-09-29
Cash: 15.97
Held: CBLIx224@9.18 AEYx889@2.32 POWLx47@40.88 RCGx1440@1.50 LGLx531@3.85 
Value: 10260.25
Sales: AEYx889@2.32 CBLIx224@9.18 RCGx1440@1.50 LGLx531@3.85 POWLx47@40.88 
Purchases: LBJx103@19.81 XTLBx1206@1.70 UBRx48@42.09 ELGXx193@10.60 PGPx100@20.33 

2014-09-30
Cash: 69.71
Held: XTLBx1206@1.65 UBRx48@38.81 PGPx100@21.69 LBJx103@18.08 ELGXx193@10.66 
Value: 10010.54
Sales: ELGXx193@10.66 LBJx103@18.08 UBRx48@38.81 XTLBx1206@1.65 PGPx100@21.69 
Purchases: MSNx1589@1.26 SANWx533@3.75 JRJCx339@5.89 RADAx700@2.86 TAx213@9.39 

2014-10-01
Cash: 11.33
Held: RADAx700@2.83 SANWx533@3.83 JRJCx339@5.94 TAx213@9.21 MSNx1589@1.24 
Value: 9980.62
Sales: MSNx1589@1.24 SANWx533@3.83 JRJCx339@5.94 RADAx700@2.83 TAx213@9.21 
Purchases: ISNSx652@3.06 CPRXx736@2.71 LEUx269@7.40 SPEXx1901@1.05 WPRTx263@7.57 

2014-10-02
Cash: 13.04
Held: CPRXx736@2.79 SPEXx1901@1.19 LEUx269@7.36 ISNSx652@2.81 WPRTx263@7.20 
Value: 10034.34
Sales: ISNSx652@2.81 WPRTx263@7.20 LEUx269@7.36 SPEXx1901@1.19 CPRXx736@2.79 
Purchases: UAMYx1744@1.15 GTLSx42@47.22 GBRx1593@1.26 CREEx59@33.72 MTLx1968@1.02 

2014-10-05
Cash: 42.22
Held: CREEx59@33.53 UAMYx1744@1.06 GTLSx42@47.75 GBRx1593@1.07 MTLx1968@0.96 
Value: 9468.17
Sales: UAMYx1744@1.06 GTLSx42@47.75 GBRx1593@1.07 CREEx59@33.53 MTLx1968@0.96 
Purchases: QBAKx1514@1.25 CLFx229@8.25 DYNTx553@3.42 KOSSx1063@1.78 TXx88@21.39 

2014-10-06
Cash: 20.39
Held: DYNTx553@3.59 CLFx229@7.77 KOSSx1063@1.90 QBAKx1514@1.29 TXx88@22.12 
Value: 9705.03
Sales: QBAKx1514@1.29 CLFx229@7.77 DYNTx553@3.59 KOSSx1063@1.90 TXx88@22.12 
Purchases: BZQx65@29.50 PRTSx855@2.27 UISx94@20.62 RADAx755@2.57 XTLBx902@2.15 

2014-10-07
Cash: 28.10
Held: RADAx755@2.40 XTLBx902@1.96 UISx94@20.20 PRTSx855@2.22 BZQx65@29.38 
Value: 9315.45
Sales: BZQx65@29.38 PRTSx855@2.22 UISx94@20.20 XTLBx902@1.96 RADAx755@2.40 
Purchases: CETCx57@32.50 VIIx996@1.87 GASLx105@17.69 CONNx66@28.22 WTWx73@25.27 

2014-10-08
Cash: 36.29
Held: CONNx66@26.98 WTWx73@24.62 GASLx105@14.61 VIIx996@1.66 CETCx57@31.20 
Value: 8580.96
Sales: CETCx57@31.20 VIIx996@1.66 GASLx105@14.61 CONNx66@26.98 WTWx73@24.62 
Purchases: CYTXx240@7.14 TILEx126@13.59 ARWRx247@6.92 TPIVx2859@0.60 OIIMx745@2.30 

2014-10-09
Cash: 14.94
Held: TILEx126@14.13 TPIVx2859@0.55 OIIMx745@2.06 ARWRx247@6.37 CYTXx240@6.96 
Value: 8146.96
Sales: TILEx126@14.13 CYTXx240@6.96 ARWRx247@6.37 TPIVx2859@0.55 OIIMx745@2.06 
Purchases: INVEx161@10.08 PHXx68@23.80 ARCWx162@10.01 GASLx120@13.52 GPSx44@36.34 

2014-10-12
Cash: 62.99
Held: INVEx161@9.53 GPSx44@36.06 GASLx120@10.93 PHXx68@20.94 ARCWx162@9.18 
Value: 7406.69
Sales: INVEx161@9.53 PHXx68@20.94 ARCWx162@9.18 GASLx120@10.93 GPSx44@36.06 
Purchases: APHx32@45.56 ARCWx161@9.18 GTXIx3527@0.42 SOXLx21@70.44 INSGx583@2.54 

2014-10-13
Cash: 30.24
Held: APHx32@46.44 GTXIx3527@0.45 SOXLx21@74.44 INSGx583@2.56 ARCWx161@8.37 
Value: 7506.32
Sales: APHx32@46.44 ARCWx161@8.37 GTXIx3527@0.45 SOXLx21@74.44 INSGx583@2.56 
Purchases: REXXx185@8.09 CPEx289@5.18 GASLx140@10.70 BZQx52@28.44 MBVXx300@5.00 

2014-10-14
Cash: 34.86
Held: GASLx140@12.18 REXXx185@8.90 CPEx289@5.48 BZQx52@31.38 MBVXx300@4.50 
Value: 7951.58
Sales: MBVXx300@4.50 CPEx289@5.48 GASLx140@12.18 BZQx52@31.38 REXXx185@8.90 
Purchases: CDXSx685@2.32 EXACx77@20.41 IBIOx1144@1.39 AHPIx368@4.32 AEZSx16@97.00 

2014-10-15
Cash: 59.25
Held: AHPIx368@5.80 CDXSx685@2.26 IBIOx1144@1.89 EXACx77@20.16 AEZSx16@108.00 
Value: 9183.67
Sales: CDXSx685@2.26 EXACx77@20.16 IBIOx1144@1.89 AHPIx368@5.80 AEZSx16@108.00 
Purchases: SNNx62@29.39 PEDx1818@1.01 CENTAx260@7.04 NUSx42@43.53 DGSEx1685@1.09 

2014-10-16
Cash: 30.84
Held: SNNx62@30.42 DGSEx1685@1.11 CENTAx260@7.33 PEDx1818@0.99 NUSx42@43.59 
Value: 9324.43
Sales: SNNx62@30.42 PEDx1818@0.99 CENTAx260@7.33 NUSx42@43.59 DGSEx1685@1.11 
Purchases: TZOOx141@13.22 NFLXx5@357.00 FLLx1636@1.14 FLICx79@23.56 NRCIBx60@31.00 

2014-10-19
Cash: 89.69
Held: NRCIBx60@30.94 FLLx1636@1.28 NFLXx5@359.25 FLICx79@24.05 TZOOx141@12.74 
Value: 9533.07
Sales: TZOOx141@12.74 NFLXx5@359.25 FLLx1636@1.28 FLICx79@24.05 NRCIBx60@30.94 
Purchases: RENx522@3.65 REN           x104@18.25 RPRXx306@6.23 PBHCx196@9.68 LAKEx127@14.93 

2014-10-20
Cash: 29.75
Held: RPRXx306@6.02 LAKEx127@14.94 REN           x104@18.80 RENx522@3.76 PBHCx196@9.81 
Value: 9609.51
Sales: RENx522@3.76 REN           x104@18.80 RPRXx306@6.02 LAKEx127@14.94 PBHCx196@9.81 
Purchases: VSRx547@3.51 FORTYx78@24.52 IBIOx1104@1.74 AHPIx455@4.22 DLHCx742@2.59 

2014-10-21
Cash: 15.04
Held: VSRx547@3.27 DLHCx742@2.54 AHPIx455@4.17 FORTYx78@24.52 IBIOx1104@1.77 
Value: 9451.44
Sales: VSRx547@3.27 IBIOx1104@1.77 FORTYx78@24.52 AHPIx455@4.17 DLHCx742@2.54 
Purchases: MNGAx1817@1.04 CVMx2821@0.67 OCNx99@19.05 OMERx160@11.76 CETCx59@32.00 

2014-10-22
Cash: 16.95
Held: MNGAx1817@1.02 CVMx2821@0.69 OMERx160@12.18 OCNx99@19.52 CETCx59@29.00 
Value: 9407.56
Sales: MNGAx1817@1.02 CETCx59@29.00 CVMx2821@0.69 OCNx99@19.52 OMERx160@12.18 
Purchases: SINOx1033@1.82 CTGx213@8.82 LINCx686@2.74 TPIVx5878@0.32 CHCIx298@6.30 

2014-10-23
Cash: 9.65
Held: CTGx213@8.48 TPIVx5878@0.31 LINCx686@2.71 SINOx1033@1.82 CHCIx298@6.08 
Value: 9189.05
Sales: SINOx1033@1.82 CTGx213@8.48 LINCx686@2.71 TPIVx5878@0.31 CHCIx298@6.08 
Purchases: UTEKx103@17.70 KZx310@5.91 VIIx1026@1.79 AIRMx40@45.06 EGTx1026@1.79 

2014-10-26
Cash: 57.82
Held: UTEKx103@17.30 AIRMx40@44.84 VIIx1026@1.75 EGTx1026@1.76 KZx310@5.65 
Value: 8985.19
Sales: KZx310@5.65 UTEKx103@17.30 AIRMx40@44.84 VIIx1026@1.75 EGTx1026@1.76 
Purchases: FBRCx73@24.48 AMRNx1974@0.91 KOSSx1274@1.41 LAKEx142@12.60 AUMNx3046@0.59 

2014-10-27
Cash: 18.55
Held: AMRNx1974@0.92 LAKEx142@12.24 FBRCx73@24.42 AUMNx3046@0.59 KOSSx1274@1.45 
Value: 8999.88
Sales: FBRCx73@24.42 AMRNx1974@0.92 KOSSx1274@1.45 LAKEx142@12.24 AUMNx3046@0.59 
Purchases: FROx1224@1.47 CALIx1295@1.39 SRPTx119@15.12 AXNx5805@0.31 ENGx1363@1.32 

2014-10-28
Cash: 2.92
Held: CALIx1295@1.34 SRPTx119@15.19 ENGx1363@1.32 FROx1224@1.39 AXNx5805@0.30 
Value: 8787.63
Sales: CALIx1295@1.34 SRPTx119@15.19 FROx1224@1.39 AXNx5805@0.30 ENGx1363@1.32 
Purchases: DCOx70@24.88 YANGx116@15.05 GIGAx1078@1.63 AMKRx287@6.11 IBIOx1849@0.95 

2014-10-29
Cash: 33.62
Held: DCOx70@26.23 GIGAx1078@1.64 AMKRx287@5.97 IBIOx1849@1.00 YANGx116@14.93 
Value: 8931.45
Sales: DCOx70@26.23 YANGx116@14.93 GIGAx1078@1.64 AMKRx287@5.97 IBIOx1849@1.00 
Purchases: WNCx188@9.49 MYEx124@14.33 DSSx3248@0.55 MNOVx494@3.61 AFSIx80@22.06 

2014-10-30
Cash: 36.43
Held: DSSx3248@0.56 WNCx188@10.30 MYEx124@14.94 AFSIx80@22.44 MNOVx494@3.57 
Value: 9202.30
Sales: WNCx188@10.30 MYEx124@14.94 DSSx3248@0.56 MNOVx494@3.57 AFSIx80@22.44 
Purchases: BWENx288@6.38 WSTLx1373@1.34 SANDx636@2.89 CRNTx1460@1.26 LRNx148@12.40 

2014-11-02
Cash: 12.90
Held: WSTLx1373@1.42 BWENx288@6.12 SANDx636@2.89 CRNTx1460@1.25 LRNx148@12.25 
Value: 9201.77
Sales: BWENx288@6.12 WSTLx1373@1.42 LRNx148@12.25 SANDx636@2.89 CRNTx1460@1.25 
Purchases: BLINx585@3.14 EPAYx73@25.02 MGIx221@8.32 SOXSx109@16.83 RGSEx2301@0.80 

2014-11-03
Cash: 24.96
Held: RGSEx2301@0.80 MGIx221@8.33 BLINx585@3.10 EPAYx73@24.61 SOXSx109@17.02 
Value: 9170.28
Sales: RGSEx2301@0.80 MGIx221@8.33 SOXSx109@17.02 EPAYx73@24.61 BLINx585@3.10 
Purchases: NYMXx2237@0.82 KBALx145@12.62 APx95@19.22 Ax45@40.19 NEOx395@4.64 

2014-11-04
Cash: 39.58
Held: Ax45@40.12 KBALx145@11.50 NYMXx2237@0.73 NEOx395@4.79 APx95@18.86 
Value: 8828.99
Sales: Ax45@40.12 KBALx145@11.50 APx95@18.86 NYMXx2237@0.73 NEOx395@4.79 
Purchases: AKSx283@6.23 HLFx44@39.78 ACHNx173@10.15 TESOx114@15.48 Sx358@4.92 

2014-11-05
Cash: 33.35
Held: HLFx44@40.00 TESOx114@15.73 AKSx283@6.14 ACHNx173@10.26 Sx358@4.69 
Value: 8778.10
Sales: AKSx283@6.14 HLFx44@40.00 ACHNx173@10.26 TESOx114@15.73 Sx358@4.69 
Purchases: TAITx1688@1.04 SSYSx16@106.31 MOSYx1045@1.68 AMRIx109@16.09 KELYAx112@15.55 

2014-11-06
Cash: 70.77
Held: AMRIx109@16.84 TAITx1688@1.06 KELYAx112@15.52 SSYSx16@103.06 MOSYx1045@1.74 
Value: 8901.47
Sales: TAITx1688@1.06 SSYSx16@103.06 MOSYx1045@1.74 AMRIx109@16.84 KELYAx112@15.52 
Purchases: ABEOx184@9.65 CVOx137@12.96 TBIOx684@2.60 GNWx211@8.41 AEZSx31@56.69 

2014-11-09
Cash: 41.34
Held: CVOx137@11.20 ABEOx184@8.50 GNWx211@8.12 TBIOx684@2.62 AEZSx31@62.28 
Value: 8575.11
Sales: CVOx137@11.20 TBIOx684@2.62 AEZSx31@62.28 GNWx211@8.12 ABEOx184@8.50 
Purchases: MSONx148@11.55 ANFx59@28.69 FNGNx54@31.34 SUMRx952@1.80 COOLx288@5.94 

2014-11-10
Cash: 56.51
Held: FNGNx54@31.44 COOLx288@6.00 MSONx148@12.26 ANFx59@29.06 SUMRx952@2.63 
Value: 9515.55
Sales: MSONx148@12.26 ANFx59@29.06 FNGNx54@31.44 SUMRx952@2.63 COOLx288@6.00 
Purchases: MTZx76@24.81 NAVBx1866@1.02 REN           x140@13.50 RENx705@2.70 INFUx649@2.93 

2014-11-11
Cash: 33.04
Held: INFUx649@2.91 REN           x140@12.50 RENx705@2.50 MTZx76@24.38 NAVBx1866@1.05 
Value: 9245.67
Sales: MTZx76@24.38 INFUx649@2.91 REN           x140@12.50 RENx705@2.50 NAVBx1866@1.05 
Purchases: ASCMAx36@51.31 ARTXx773@2.39 VIVEx3698@0.50 SUNWx7396@0.25 PRKRx1712@1.08 

2014-11-12
Cash: 3.37
Held: ARTXx773@2.26 PRKRx1712@1.10 SUNWx7396@0.21 ASCMAx36@51.97 VIVEx3698@0.50 
Value: 8905.45
Sales: ASCMAx36@51.97 ARTXx773@2.26 VIVEx3698@0.50 SUNWx7396@0.21 PRKRx1712@1.10 
Purchases: PLUGx438@4.06 LTBRx868@2.05 SANDx690@2.58 GHDXx54@32.78 ASPSx32@55.00 

2014-11-13
Cash: 37.26
Held: GHDXx54@31.45 LTBRx868@2.00 PLUGx438@3.72 ASPSx32@51.75 SANDx690@2.89 
Value: 8751.93
Sales: LTBRx868@2.00 PLUGx438@3.72 SANDx690@2.89 GHDXx54@31.45 ASPSx32@51.75 
Purchases: DXYNx260@6.72 VTNRx350@4.99 APDNx453@3.86 AMTXx294@5.95 MBVXx500@3.50 

2014-11-16
Cash: 11.79
Held: APDNx453@3.86 VTNRx350@4.55 AMTXx294@6.00 DXYNx260@6.50 MBVXx500@3.06 
Value: 8337.14
Sales: VTNRx350@4.55 MBVXx500@3.06 APDNx453@3.86 AMTXx294@6.00 DXYNx260@6.50 
Purchases: IFONx1302@1.28 INVTx1916@0.87 BSPMx177@9.38 VRMLx1262@1.32 DFBGx2488@0.67 

2014-11-17
Cash: 9.32
Held: IFONx1302@1.27 INVTx1916@0.89 VRMLx1262@1.37 DFBGx2488@0.69 BSPMx177@9.10 
Value: 8424.39
Sales: DFBGx2488@0.69 IFONx1302@1.27 INVTx1916@0.89 BSPMx177@9.10 VRMLx1262@1.37 
Purchases: HALx34@48.53 INOx170@9.86 EBR.Bx610@2.76 CEAx80@20.94 COOLx389@4.32 

2014-11-18
Cash: 59.17
Held: COOLx389@3.72 INOx170@9.44 HALx34@48.44 EBR.Bx610@2.97 CEAx80@21.58 
Value: 8296.15
Sales: EBR.Bx610@2.97 INOx170@9.44 HALx34@48.44 CEAx80@21.58 COOLx389@3.72 
Purchases: CLBSx383@4.33 CXDCx306@5.41 OMEx145@11.41 DXTRx2634@0.63 TRTx543@3.05 

2014-11-19
Cash: 13.38
Held: TRTx543@3.03 CLBSx383@4.45 DXTRx2634@0.57 OMEx145@10.85 CXDCx306@5.43 
Value: 8098.22
Sales: CLBSx383@4.45 OMEx145@10.85 CXDCx306@5.43 TRTx543@3.03 DXTRx2634@0.57 
Purchases: AMRNx1305@1.24 HDSNx453@3.57 MOSYx915@1.77 BZQx46@34.97 SYUTx301@5.38 

2014-11-20
Cash: 15.63
Held: AMRNx1305@1.31 HDSNx453@3.57 SYUTx301@5.53 BZQx46@30.11 MOSYx915@1.81 
Value: 8047.66
Sales: AMRNx1305@1.31 SYUTx301@5.53 MOSYx915@1.81 BZQx46@30.11 HDSNx453@3.57 
Purchases: DWCHx179@8.97 SHIPx1238@1.30 DFFNx403@3.99 LXRXx1693@0.95 DCIx40@39.50 

2014-11-23
Cash: 36.35
Held: SHIPx1238@1.32 LXRXx1693@0.99 DFFNx403@3.99 DWCHx179@8.99 DCIx40@39.97 
Value: 8163.78
Sales: SHIPx1238@1.32 DCIx40@39.97 DFFNx403@3.99 LXRXx1693@0.99 DWCHx179@8.99 
Purchases: RGSEx2066@0.79 GEOSx58@28.08 YANGx116@14.03 FXPx33@48.16 GMEx43@37.75 

2014-11-24
Cash: 63.00
Held: FXPx33@49.00 RGSEx2066@0.83 GEOSx58@27.97 GMEx43@37.41 YANGx116@14.37 
Value: 8292.19
Sales: RGSEx2066@0.83 GEOSx58@27.97 YANGx116@14.37 FXPx33@49.00 GMEx43@37.41 
Purchases: FNCXx623@2.66 AREXx141@11.72 TAP.Ax18@87.50 SPEXx1256@1.32 GALEx906@1.83 

2014-11-25
Cash: 91.21
Held: AREXx141@11.41 GALEx906@1.83 FNCXx623@3.43 SPEXx1256@1.28 TAP.Ax18@81.00 
Value: 8560.26
Sales: GALEx906@1.83 TAP.Ax18@81.00 SPEXx1256@1.28 AREXx141@11.41 FNCXx623@3.43 
Purchases: ERIIx349@4.90 CLFx187@9.15 FREDx112@15.24 DAKTx141@12.13 PHMDx972@1.76 

2014-11-27
Cash: 11.60
Held: ERIIx349@4.75 CLFx187@9.12 DAKTx141@11.93 PHMDx972@1.72 FREDx112@15.50 
Value: 8463.93
Sales: FREDx112@15.50 CLFx187@9.12 PHMDx972@1.72 DAKTx141@11.93 ERIIx349@4.75 
Purchases: AVAVx61@27.70 APDNx735@2.30 LAKEx146@11.55 TITNx131@12.83 SDRLx115@14.66 

2014-11-30
Cash: 31.16
Held: APDNx735@2.08 LAKEx146@10.71 SDRLx115@13.92 TITNx131@12.27 AVAVx61@26.31 
Value: 7937.72
Sales: AVAVx61@26.31 SDRLx115@13.92 APDNx735@2.08 TITNx131@12.27 LAKEx146@10.71 
Purchases: CWEIx27@57.03 OASx92@17.09 REN           x179@8.85 RENx897@1.77 GASLx257@6.17 

2014-12-01
Cash: 67.38
Held: CWEIx27@59.06 OASx92@15.75 GASLx257@5.85 REN           x179@9.90 RENx897@1.98 
Value: 8163.22
Sales: CWEIx27@59.06 RENx897@1.98 REN           x179@9.90 OASx92@15.75 GASLx257@5.85 
Purchases: IKGHx977@1.67 CEQPx2@780.00 PRIMx72@22.55 AREXx204@7.97 AMTXx355@4.59 

2014-12-02
Cash: 93.31
Held: AREXx204@8.06 CEQPx2@795.00 PRIMx72@23.31 AMTXx355@4.59 IKGHx977@1.60 
Value: 8198.77
Sales: IKGHx977@1.60 CEQPx2@795.00 PRIMx72@23.31 AMTXx355@4.59 AREXx204@8.06 
Purchases: CNETx422@3.88 PRKRx1863@0.88 XKEx304@5.38 GMOx3813@0.43 CBAKx677@2.42 

2014-12-03
Cash: 9.02
Held: CNETx422@3.85 GMOx3813@0.41 PRKRx1863@0.88 XKEx304@6.32 CBAKx677@2.20 
Value: 8246.02
Sales: CNETx422@3.85 PRKRx1863@0.88 CBAKx677@2.20 GMOx3813@0.41 XKEx304@6.32 
Purchases: CWCOx147@11.20 SOXSx126@13.07 TBIOx1011@1.63 SSGx35@46.50 CEIx10305@0.16 

2014-12-04
Cash: 27.84
Held: CWCOx147@10.81 CEIx10305@0.13 SSGx35@46.19 TBIOx1011@1.65 SOXSx126@12.71 
Value: 7843.66
Sales: CWCOx147@10.81 SOXSx126@12.71 SSGx35@46.19 TBIOx1011@1.65 CEIx10305@0.13 
Purchases: PEDx3922@0.40 CBKx340@4.60 SEACx261@6.00 GENEx3922@0.40 PWEx539@2.91 

2014-12-07
Cash: 7.72
Held: GENEx3922@0.39 PEDx3922@0.53 PWEx539@2.61 SEACx261@5.69 CBKx340@4.29 
Value: 7964.89
Sales: PEDx3922@0.53 SEACx261@5.69 GENEx3922@0.39 CBKx340@4.29 PWEx539@2.61 
Purchases: MTLx2568@0.62 SBSAx579@2.75 CEIx13275@0.12 RADAx568@2.80 CBMGx112@14.11 

2014-12-08
Cash: 16.15
Held: RADAx568@2.77 SBSAx579@2.70 CEIx13275@0.14 CBMGx112@12.94 MTLx2568@0.58 
Value: 7949.43
Sales: MTLx2568@0.58 SBSAx579@2.70 CEIx13275@0.14 RADAx568@2.77 CBMGx112@12.94 
Purchases: RENx1186@1.34 RGSEx2891@0.55 OMEXx1638@0.97 AXNx6359@0.25 INFYx49@32.16 

2014-12-09
Cash: 16.27
Held: RGSEx2891@0.53 INFYx49@31.41 RENx1186@1.28 AXNx6359@0.27 OMEXx1638@0.95 
Value: 7878.66
Sales: OMEXx1638@0.95 RGSEx2891@0.53 AXNx6359@0.27 RENx1186@1.28 INFYx49@31.41 
Purchases: ZSLx15@102.00 YINNx51@30.75 CONNx86@18.22 IBNx133@11.83 LCIx37@41.91 

2014-12-10
Cash: 89.93
Held: CONNx86@17.09 IBNx133@11.81 ZSLx15@102.62 YINNx51@31.11 LCIx37@44.03 
Value: 7886.16
Sales: ZSLx15@102.62 YINNx51@31.11 IBNx133@11.81 CONNx86@17.09 LCIx37@44.03 
Purchases: PLGx3094@0.51 EGYx346@4.55 TCIx171@9.22 GASLx439@3.59 ADGEx3033@0.52 

2014-12-11
Cash: 4.81
Held: ADGEx3033@0.50 GASLx439@3.50 TCIx171@9.07 EGYx346@4.49 PLGx3094@0.51 
Value: 7738.99
Sales: PLGx3094@0.51 EGYx346@4.49 TCIx171@9.07 GASLx439@3.50 ADGEx3033@0.50 
Purchases: MEIPx368@4.20 MEIx44@34.66 OPTTx2381@0.65 RMTx158@9.79 VIVEx4421@0.35 

2014-12-14
Cash: 26.94
Held: MEIPx368@4.07 RMTx158@9.66 MEIx44@33.31 VIVEx4421@0.51 OPTTx2381@0.65 
Value: 8317.34
Sales: MEIPx368@4.07 MEIx44@33.31 OPTTx2381@0.65 RMTx158@9.66 VIVEx4421@0.51 
Purchases: MNIx505@3.29 ESLx16@101.88 EMFx112@14.73 TDFx73@22.56 SOFOx223@7.44 

2014-12-15
Cash: 70.49
Held: TDFx73@22.38 MNIx505@3.20 ESLx16@102.62 EMFx112@14.53 SOFOx223@7.69 
Value: 8304.16
Sales: MNIx505@3.20 ESLx16@102.62 EMFx112@14.53 TDFx73@22.38 SOFOx223@7.69 
Purchases: FHx2723@0.61 PEDx3460@0.48 SWZx147@11.29 EXKx897@1.85 SPHSx3691@0.45 

2014-12-16
Cash: 3.40
Held: PEDx3460@0.55 SPHSx3691@0.50 SWZx147@11.40 FHx2723@0.58 EXKx897@2.04 
Value: 8835.39
Sales: PEDx3460@0.55 FHx2723@0.58 SWZx147@11.40 EXKx897@2.04 SPHSx3691@0.50 
Purchases: WLDNx155@11.33 HMGx157@11.22 VIVEx4774@0.37 DSSx3606@0.49 MBVXx821@2.15 

2014-12-17
Cash: 18.87
Held: HMGx157@11.22 WLDNx155@11.73 DSSx3606@0.48 VIVEx4774@0.37 MBVXx821@2.20 
Value: 8901.14
Sales: MBVXx821@2.20 HMGx157@11.22 VIVEx4774@0.37 DSSx3606@0.48 WLDNx155@11.73 
Purchases: RTx266@6.67 NVGNx651@2.73 CGNTx356@5.00 ERYx80@22.03 CEIx13693@0.13 

2014-12-18
Cash: 26.23
Held: ERYx80@19.98 RTx266@6.43 NVGNx651@2.58 CGNTx356@5.05 CEIx13693@0.12 
Value: 8456.08
Sales: RTx266@6.43 NVGNx651@2.58 CGNTx356@5.05 ERYx80@19.98 CEIx13693@0.12 
Purchases: TECSx151@11.17 NVGNx655@2.58 SDOWx81@20.70 CHNx94@17.95 WORx56@30.06 

2014-12-21
Cash: 31.13
Held: CHNx94@18.03 NVGNx655@2.45 TECSx151@10.76 SDOWx81@20.06 WORx56@29.77 
Value: 8246.67
Sales: WORx56@29.77 NVGNx655@2.45 SDOWx81@20.06 CHNx94@18.03 TECSx151@10.76 
Purchases: GPLx2748@0.60 TRXx2999@0.55 GWXx60@27.41 IMGNx278@5.92 FINLx72@22.62 

2014-12-22
Cash: 29.08
Held: FINLx72@22.62 TRXx2999@0.60 GWXx60@27.30 GPLx2748@0.57 IMGNx278@5.77 
Value: 8265.39
Sales: GPLx2748@0.57 TRXx2999@0.60 FINLx72@22.62 IMGNx278@5.77 GWXx60@27.30 
Purchases: SGOCx2624@0.63 OCNx110@15.02 CGNTx398@4.15 MAGx253@6.52 ASPSx56@29.44 

2014-12-23
Cash: 10.98
Held: MAGx253@6.83 SGOCx2624@0.61 CGNTx398@3.80 ASPSx56@33.81 OCNx110@14.88 
Value: 8382.10
Sales: SGOCx2624@0.61 OCNx110@14.88 CGNTx398@3.80 MAGx253@6.83 ASPSx56@33.81 
Purchases: GALTx525@3.19 CEQPx2@703.00 GEOSx63@26.42 SBSAx798@2.10 SKLNx328@5.10 

2014-12-25
Cash: 288.26
Held: GALTx525@3.33 CEQPx2@701.00 SKLNx328@4.51 GEOSx63@26.73 SBSAx798@2.49 
Value: 8589.87
Sales: GALTx525@3.33 GEOSx63@26.73 CEQPx2@701.00 SKLNx328@4.51 SBSAx798@2.49 
Purchases: IGLDx263@6.53 CHNRx904@1.90 CAMPx97@17.56 GLBSx763@2.25 CUBAx178@9.60 

2014-12-28
Cash: 24.80
Held: CAMPx97@18.11 GLBSx763@2.32 IGLDx263@6.60 CHNRx904@1.93 CUBAx178@9.31 
Value: 8690.09
Sales: IGLDx263@6.60 CHNRx904@1.93 CAMPx97@18.11 GLBSx763@2.32 CUBAx178@9.31 
Purchases: SZKx94@18.44 NAVBx1016@1.71 TWNx107@16.19 IHTx736@2.36 CUBAx186@9.31 

2014-12-29
Cash: 18.95
Held: IHTx736@2.34 TWNx107@16.16 SZKx94@18.72 NAVBx1016@1.83 CUBAx186@9.09 
Value: 8780.16
Sales: SZKx94@18.72 NAVBx1016@1.83 TWNx107@16.16 IHTx736@2.34 CUBAx186@9.09 
Purchases: DRAMx303@5.79 GFx125@14.03 NVGNx812@2.16 MTLx2621@0.67 TPLMx353@4.97 

2014-12-30
Cash: 8.28
Held: GFx125@14.04 NVGNx812@2.08 DRAMx303@5.10 MTLx2621@0.68 TPLMx353@4.78 
Value: 8468.48
Sales: DRAMx303@5.10 GFx125@14.04 NVGNx812@2.08 MTLx2621@0.68 TPLMx353@4.78 
Purchases: LTBRx1092@1.55 JOBx1399@1.21 HAINx29@58.28 TPIVx6048@0.28 DRYSx1@1590.00 

2015-01-01
Cash: 109.59
Held: JOBx1399@1.66 LTBRx1092@1.57 TPIVx6048@0.28 DRYSx1@1695.00 HAINx29@56.94 
Value: 9186.73
Sales: LTBRx1092@1.57 JOBx1399@1.66 HAINx29@56.94 TPIVx6048@0.28 DRYSx1@1695.00 
Purchases: KEGx1106@1.66 PCYOx465@3.95 ULBIx612@3.00 XTLBx946@1.94 RCMTx266@6.89 

2015-01-04
Cash: 9.66
Held: XTLBx946@2.13 ULBIx612@3.02 RCMTx266@6.83 KEGx1106@1.61 PCYOx465@3.84 
Value: 9256.26
Sales: KEGx1106@1.61 PCYOx465@3.84 ULBIx612@3.02 RCMTx266@6.83 XTLBx946@2.13 
Purchases: PRTKx54@33.81 GNTXx105@17.52 IHTx829@2.23 CJJDx752@2.46 WTWx87@21.27 

2015-01-05
Cash: 41.46
Held: IHTx829@2.08 WTWx87@19.73 CJJDx752@2.34 GNTXx105@17.16 PRTKx54@32.75 
Value: 8812.20
Sales: CJJDx752@2.34 GNTXx105@17.16 PRTKx54@32.75 IHTx829@2.08 WTWx87@19.73 
Purchases: UUUUx331@5.31 USATPx107@16.38 BCLIx352@5.00 GASLx552@3.19 PTNRx426@4.13 

2015-01-06
Cash: 23.44
Held: PTNRx426@4.08 GASLx552@2.99 UUUUx331@5.39 BCLIx352@5.03 USATPx107@16.48 
Value: 8730.45
Sales: PTNRx426@4.08 UUUUx331@5.39 BCLIx352@5.03 GASLx552@2.99 USATPx107@16.48 
Purchases: QADBx102@16.98 CHNRx772@2.26 CTSOx180@9.67 UAMYx2530@0.69 OIBR.Cx698@2.50 

2015-01-07
Cash: 22.02
Held: UAMYx2530@0.68 CTSOx180@9.46 QADBx102@16.73 OIBR.Cx698@2.64 CHNRx772@2.22 
Value: 8710.28
Sales: UAMYx2530@0.68 QADBx102@16.73 OIBR.Cx698@2.64 CHNRx772@2.22 CTSOx180@9.46 
Purchases: MNGAx3706@0.47 REN           x413@4.21 CGNTx590@2.95 NOAx635@2.74 RENx2074@0.84 

2015-01-08
Cash: 7.53
Held: NOAx635@2.89 MNGAx3706@0.44 CGNTx590@3.00 REN           x413@4.20 RENx2074@0.84 
Value: 8719.61
Sales: MNGAx3706@0.44 REN           x413@4.20 CGNTx590@3.00 NOAx635@2.89 RENx2074@0.84 
Purchases: BWENx350@4.98 SOXSx130@13.32 APOLx64@26.94 JOBx1556@1.12 KATEx61@28.16 

2015-01-11
Cash: 60.37
Held: JOBx1556@1.11 KATEx61@28.17 APOLx64@26.05 BWENx350@4.75 SOXSx130@14.13 
Value: 8673.33
Sales: BWENx350@4.75 SOXSx130@14.13 JOBx1556@1.11 KATEx61@28.17 APOLx64@26.05 
Purchases: SBLKx346@5.00 JOBx1562@1.11 TESOx177@9.80 VNDAx142@12.13 AMAGx40@42.31 

2015-01-12
Cash: 59.55
Held: JOBx1562@1.03 TESOx177@9.85 SBLKx346@4.81 AMAGx40@42.06 VNDAx142@12.09 
Value: 8476.15
Sales: SBLKx346@4.81 JOBx1562@1.03 TESOx177@9.85 AMAGx40@42.06 VNDAx142@12.09 
Purchases: ARWRx268@6.32 SRPTx146@11.61 OASx129@13.10 TIFx19@86.31 REXXx620@2.73 

2015-01-13
Cash: 64.41
Held: OASx129@13.42 SRPTx146@12.23 TIFx19@86.75 REXXx620@2.65 ARWRx268@6.71 
Value: 8670.93
Sales: TIFx19@86.75 SRPTx146@12.23 OASx129@13.42 ARWRx268@6.71 REXXx620@2.65 
Purchases: MBVXx1156@1.50 ECOM          x177@9.79 RNVAx2064@0.84 KBHx128@13.54 OCNx247@7.00 

2015-01-14
Cash: 8.83
Held: ECOM          x177@9.50 KBHx128@12.39 RNVAx2064@0.85 OCNx247@7.81 MBVXx1156@1.35 
Value: 8519.80
Sales: MBVXx1156@1.35 ECOM          x177@9.50 OCNx247@7.81 KBHx128@12.39 RNVAx2064@0.85 
Purchases: SIEBx815@2.09 DWCHx301@5.65 NTZx1234@1.38 JOBx1981@0.86 ERIIx454@3.75 

2015-01-15
Cash: 7.74
Held: ERIIx454@3.74 JOBx1981@0.87 SIEBx815@2.14 DWCHx301@5.74 NTZx1234@1.43 
Value: 8665.57
Sales: SIEBx815@2.14 JOBx1981@0.87 NTZx1234@1.43 DWCHx301@5.74 ERIIx454@3.74 
Purchases: SRNEx192@9.02 SPWRx70@24.52 FROx517@3.35 VBFCx84@20.56 MFCBx328@5.27 

2015-01-19
Cash: 29.57
Held: VBFCx84@20.56 SPWRx70@23.80 MFCBx328@5.17 FROx517@3.54 SRNEx192@10.11 
Value: 8889.68
Sales: SRNEx192@10.11 SPWRx70@23.80 FROx517@3.54 VBFCx84@20.56 MFCBx328@5.17 
Purchases: ERYx75@23.70 SZKx92@19.23 TESSx74@23.91 TTFx193@9.19 KONEx533@3.33 

2015-01-20
Cash: 25.20
Held: TTFx193@9.16 ERYx75@22.30 KONEx533@3.16 SZKx92@25.27 TESSx74@23.09 
Value: 9182.36
Sales: SZKx92@25.27 KONEx533@3.16 TESSx74@23.09 TTFx193@9.16 ERYx75@22.30 
Purchases: EXPRx146@12.50 KIQx469@3.91 LLITx670@2.74 BAKx180@10.15 INWKx358@5.13 

2015-01-21
Cash: 24.67
Held: EXPRx146@12.52 BAKx180@10.19 LLITx670@2.71 INWKx358@5.40 KIQx469@4.06 
Value: 9339.29
Sales: EXPRx146@12.52 KIQx469@4.06 LLITx670@2.71 BAKx180@10.19 INWKx358@5.40 
Purchases: ADXSx251@7.43 ARNAx400@4.66 SNOAx2335@0.80 ISDRx200@9.30 OHRPx234@7.95 

2015-01-22
Cash: 23.34
Held: ISDRx200@9.35 ADXSx251@7.73 OHRPx234@7.83 SNOAx2335@0.83 ARNAx400@4.55 
Value: 9424.33
Sales: ADXSx251@7.73 ISDRx200@9.35 OHRPx234@7.83 ARNAx400@4.55 SNOAx2335@0.83 
Purchases: GRNx222@8.45 SZKx100@18.70 GENEx1507@1.25 TZOOx205@9.17 MBVXx1653@1.14 

2015-01-25
Cash: 29.60
Held: GRNx222@8.48 GENEx1507@1.36 SZKx100@26.42 TZOOx205@9.04 MBVXx1653@1.17 
Value: 10390.52
Sales: GRNx222@8.48 SZKx100@26.42 GENEx1507@1.36 TZOOx205@9.04 MBVXx1653@1.17 
Purchases: UAMYx4329@0.48 SBSx416@4.99 CLFx287@7.22 SRVx492@4.22 FFHLx3646@0.57 

2015-01-26
Cash: 12.57
Held: SRVx492@4.13 UAMYx4329@0.50 SBSx416@5.33 CLFx287@6.80 FFHLx3646@0.56 
Value: 10418.79
Sales: UAMYx4329@0.50 SBSx416@5.33 CLFx287@6.80 SRVx492@4.13 FFHLx3646@0.56 
Purchases: SIEBx1184@1.76 ETPx34@60.38 SRVx504@4.13 HGSHx609@3.42 OIBR.Cx833@2.50 

2015-01-27
Cash: 36.28
Held: ETPx34@59.12 SRVx504@4.13 OIBR.Cx833@2.29 SIEBx1184@1.78 HGSHx609@3.34 
Value: 10176.10
Sales: SIEBx1184@1.78 ETPx34@59.12 SRVx504@4.13 HGSHx609@3.34 OIBR.Cx833@2.29 
Purchases: ELONx144@14.10 TECLx16@125.00 STAAx356@5.71 INVTx3231@0.63 STRLx524@3.88 

2015-01-28
Cash: 43.66
Held: INVTx3231@0.62 STRLx524@3.74 ELONx144@14.40 STAAx356@5.86 TECLx16@128.50 
Value: 10222.45
Sales: ELONx144@14.40 TECLx16@128.50 INVTx3231@0.62 STAAx356@5.86 STRLx524@3.74 
Purchases: TPLMx402@5.08 PDSx429@4.76 MTORx155@13.11 GASLx754@2.71 RDWRx104@19.59 

2015-01-29
Cash: 24.52
Held: PDSx429@5.10 MTORx155@12.80 GASLx754@2.81 RDWRx104@19.23 TPLMx402@5.25 
Value: 10426.63
Sales: TPLMx402@5.25 MTORx155@12.80 PDSx429@5.10 GASLx754@2.81 RDWRx104@19.23 
Purchases: UAMYx4170@0.50 QCOMx33@62.47 BIOPx4170@0.50 FROx902@2.31 MBVXx2005@1.04 

2015-02-01
Cash: 25.77
Held: UAMYx4170@0.50 FROx902@2.61 QCOMx33@65.50 MBVXx2005@1.03 BIOPx4170@0.43 
Value: 10484.44
Sales: UAMYx4170@0.50 QCOMx33@65.50 BIOPx4170@0.43 FROx902@2.61 MBVXx2005@1.03 
Purchases: STRTx33@62.75 HAx109@19.09 GDOTx140@14.96 CPSIx43@48.03 GENEx809@2.59 

2015-02-02
Cash: 77.41
Held: HAx109@18.72 GENEx809@3.09 STRTx33@62.72 CPSIx43@49.81 GDOTx140@13.94 
Value: 10780.35
Sales: STRTx33@62.72 HAx109@18.72 GDOTx140@13.94 CPSIx43@49.81 GENEx809@3.09 
Purchases: LUNAx1428@1.51 PSTIx759@2.84 FUEx261@8.25 SMBCx112@19.09 PRPHx1446@1.49 

2015-02-03
Cash: 22.33
Held: PRPHx1446@1.59 PSTIx759@2.86 SMBCx112@18.41 FUEx261@8.25 LUNAx1428@1.51 
Value: 10862.20
Sales: LUNAx1428@1.51 PSTIx759@2.86 FUEx261@8.25 SMBCx112@18.41 PRPHx1446@1.59 
Purchases: PHMDx1401@1.55 OPHCx2172@1.00 WCSTx987@2.20 DDPx49@43.62 RCIIx71@30.22 

2015-02-04
Cash: 65.14
Held: RCIIx71@29.31 PHMDx1401@1.62 WCSTx987@2.29 DDPx49@43.62 OPHCx2172@1.07 
Value: 11137.76
Sales: OPHCx2172@1.07 PHMDx1401@1.62 DDPx49@43.62 WCSTx987@2.29 RCIIx71@29.31 
Purchases: MYGNx65@34.25 CBLIx707@3.15 AIRTx124@17.94 ACHNx201@11.08 DXRx370@6.01 

2015-02-05
Cash: 8.90
Held: CBLIx707@3.16 AIRTx124@17.38 MYGNx65@32.62 DXRx370@5.95 ACHNx201@10.82 
Value: 10894.35
Sales: ACHNx201@10.82 CBLIx707@3.16 AIRTx124@17.38 MYGNx65@32.62 DXRx370@5.95 
Purchases: FARMx88@24.67 CASMx1614@1.35 OSURx268@8.12 IMMUx546@3.99 OHGIx1037@2.10 

2015-02-08
Cash: 13.58
Held: FARMx88@23.44 OSURx268@7.70 OHGIx1037@1.91 CASMx1614@1.29 IMMUx546@3.88 
Value: 10321.38
Sales: FARMx88@23.44 CASMx1614@1.29 OSURx268@7.70 IMMUx546@3.88 OHGIx1037@1.91 
Purchases: NTGRx68@30.19 EGOVx133@15.41 ARCWx319@6.46 MXWLx315@6.55 SWIRx63@32.28 

2015-02-09
Cash: 61.34
Held: SWIRx63@34.12 NTGRx68@30.64 EGOVx133@15.73 ARCWx319@6.39 MXWLx315@6.61 
Value: 10506.98
Sales: NTGRx68@30.64 EGOVx133@15.73 ARCWx319@6.39 MXWLx315@6.61 SWIRx63@34.12 
Purchases: EPMx326@6.43 FNCXx1082@1.94 CENXx91@22.84 FSCx302@6.95 CUTRx172@12.18 

2015-02-10
Cash: 39.00
Held: FNCXx1082@1.90 FSCx302@6.86 CUTRx172@12.34 EPMx326@6.42 CENXx91@22.23 
Value: 10406.74
Sales: EPMx326@6.42 FNCXx1082@1.90 CENXx91@22.23 FSCx302@6.86 CUTRx172@12.34 
Purchases: DFx132@15.75 SOXSx163@12.76 RCONx1005@2.07 OASx130@15.93 OAx33@61.50 

2015-02-11
Cash: 67.19
Held: RCONx1005@1.96 OASx130@16.88 OAx33@62.34 DFx132@16.30 SOXSx163@12.18 
Value: 10424.52
Sales: DFx132@16.30 SOXSx163@12.18 RCONx1005@1.96 OASx130@16.88 OAx33@62.34 
Purchases: YUMAx1723@1.21 PIRx168@12.35 AWREx474@4.40 FFHLx3474@0.60 APDNx613@3.40 

2015-02-12
Cash: 10.66
Held: APDNx613@3.45 PIRx168@12.52 FFHLx3474@0.58 AWREx474@4.50 YUMAx1723@1.88 
Value: 11616.20
Sales: YUMAx1723@1.88 PIRx168@12.52 AWREx474@4.50 FFHLx3474@0.58 APDNx613@3.45 
Purchases: PNRAx14@155.00 IMUCx4301@0.54 WPCSx10101@0.23 ARCIx918@2.53 OESXx560@4.15 

2015-02-16
Cash: 155.44
Held: WPCSx10101@0.26 IMUCx4301@0.57 ARCIx918@2.87 OESXx560@4.22 PNRAx14@153.62 
Value: 12379.73
Sales: PNRAx14@153.62 IMUCx4301@0.57 WPCSx10101@0.26 ARCIx918@2.87 OESXx560@4.22 
Purchases: SZKx137@18.00 MGIx289@8.56 ERYx140@17.59 CECOx482@5.13 AIZx40@60.88 

2015-02-17
Cash: 68.91
Held: CECOx482@5.12 ERYx140@18.19 AIZx40@60.56 SZKx137@18.03 MGIx289@8.56 
Value: 12450.87
Sales: SZKx137@18.03 MGIx289@8.56 ERYx140@18.19 CECOx482@5.12 AIZx40@60.56 
Purchases: SCONx1158@2.15 RNVAx2185@1.14 CADCx614@4.05 DEEx46@53.62 DFBGx13110@0.19 

2015-02-18
Cash: 26.53
Held: RNVAx2185@1.89 CADCx614@4.34 DEEx46@55.81 DFBGx13110@0.20 SCONx1158@2.14 
Value: 14487.65
Sales: SCONx1158@2.14 DFBGx13110@0.20 CADCx614@4.34 DEEx46@55.81 RNVAx2185@1.89 
Purchases: MCFx108@26.67 RCONx1735@1.67 SONSx181@15.98 IBIOx3762@0.77 XCOx1293@2.24 

2015-02-19
Cash: 24.58
Held: RCONx1735@1.68 IBIOx3762@0.93 XCOx1293@2.18 MCFx108@25.38 SONSx181@16.75 
Value: 15028.75
Sales: MCFx108@25.38 RCONx1735@1.68 SONSx181@16.75 IBIOx3762@0.93 XCOx1293@2.18 
Purchases: MNGAx3621@0.83 AXDXx166@18.05 HSTx138@21.77 HSTMx113@26.45 CDEx514@5.84 

2015-02-22
Cash: 32.71
Held: AXDXx166@18.00 MNGAx3621@0.83 HSTx138@21.61 HSTMx113@26.66 CDEx514@5.78 
Value: 14992.24
Sales: MNGAx3621@0.83 AXDXx166@18.00 HSTMx113@26.66 HSTx138@21.61 CDEx514@5.78 
Purchases: SRTx381@7.85 GEN           x432@6.93 GENx432@6.93 OESXx835@3.59 RNVAx2562@1.17 

2015-02-23
Cash: 18.68
Held: SRTx381@7.87 GEN           x432@6.90 RNVAx2562@1.19 GENx432@6.90 OESXx835@3.68 
Value: 15100.24
Sales: OESXx835@3.68 GEN           x432@6.90 GENx432@6.90 SRTx381@7.87 RNVAx2562@1.19 
Purchases: SEEDx2454@1.23 MSONx274@11.01 SPPIx485@6.22 HOTRx1556@1.94 CRAYx94@31.80 

2015-02-24
Cash: 40.22
Held: SPPIx485@6.35 MSONx274@11.27 HOTRx1556@2.00 CRAYx94@31.12 SEEDx2454@1.25 
Value: 15314.90
Sales: SEEDx2454@1.25 MSONx274@11.27 SPPIx485@6.35 HOTRx1556@2.00 CRAYx94@31.12 
Purchases: DOx101@30.20 RGSEx6517@0.47 AIRx104@29.20 GLDDx491@6.23 WORx115@26.52 

2015-02-25
Cash: 56.00
Held: RGSEx6517@0.45 DOx101@29.05 AIRx104@28.56 WORx115@26.56 GLDDx491@6.12 
Value: 14952.71
Sales: RGSEx6517@0.45 AIRx104@28.56 GLDDx491@6.12 WORx115@26.56 DOx101@29.05 
Purchases: LLx60@49.22 CHKx173@17.20 AXNx2451@1.22 HPQx87@34.00 XKEx485@6.16 

2015-02-26
Cash: 88.22
Held: CHKx173@16.69 HPQx87@34.84 XKEx485@6.01 AXNx2451@1.10 LLx60@51.88 
Value: 14729.89
Sales: HPQx87@34.84 CHKx173@16.69 AXNx2451@1.10 LLx60@51.88 XKEx485@6.01 
Purchases: CWEIx60@49.06 BLDPx1286@2.29 SITOx8925@0.33 ANIKx73@39.91 RNVAx2182@1.35 

2015-03-01
Cash: 38.46
Held: CWEIx60@46.66 RNVAx2182@1.40 ANIKx73@40.59 SITOx8925@0.33 BLDPx1286@2.37 
Value: 14849.49
Sales: CWEIx60@46.66 BLDPx1286@2.37 SITOx8925@0.33 ANIKx73@40.59 RNVAx2182@1.40 
Purchases: SZKx167@17.70 ENOCx231@12.82 STAAx435@6.82 GENEx518@5.73 WTWx275@10.78 

2015-03-02
Cash: 31.51
Held: GENEx518@5.36 WTWx275@10.59 ENOCx231@11.86 SZKx167@24.81 STAAx435@7.76 
Value: 15980.50
Sales: ENOCx231@11.86 SZKx167@24.81 GENEx518@5.36 STAAx435@7.76 WTWx275@10.59 
Purchases: SBLKx766@4.17 SMRTx262@12.16 GIFIx224@14.22 SUNWx560@5.70 CEIx15222@0.21 

2015-03-03
Cash: 27.32
Held: GIFIx224@14.43 SMRTx262@12.27 SUNWx560@3.10 SBLKx766@4.11 CEIx15222@0.23 
Value: 14859.54
Sales: SBLKx766@4.11 SMRTx262@12.27 GIFIx224@14.43 SUNWx560@3.10 CEIx15222@0.23 
Purchases: NYMXx4792@0.62 RCONx1955@1.52 HMNYx861@3.45 URREx1892@1.57 CMLSx118@25.05 

2015-03-04
Cash: 20.91
Held: RCONx1955@1.55 NYMXx4792@0.61 HMNYx861@3.04 URREx1892@1.61 CMLSx118@24.23 
Value: 14496.32
Sales: NYMXx4792@0.61 RCONx1955@1.55 URREx1892@1.61 HMNYx861@3.04 CMLSx118@24.23 
Purchases: CENXx175@16.48 HBIx90@32.12 SUNWx972@2.98 CYCCx227@12.72 CDIx201@14.41 

2015-03-05
Cash: 40.47
Held: SUNWx972@3.00 HBIx90@32.00 CENXx175@16.08 CDIx201@13.95 CYCCx227@12.60 
Value: 14315.28
Sales: CENXx175@16.08 HBIx90@32.00 SUNWx972@3.00 CYCCx227@12.60 CDIx201@13.95 
Purchases: YTENx3367@0.85 DRWIx143@20.00 CECEx226@12.65 GEFx77@36.88 RWCx526@5.44 

2015-03-08
Cash: 32.90
Held: CECEx226@12.10 RWCx526@5.56 YTENx3367@0.82 DRWIx143@19.23 GEFx77@36.56 
Value: 14017.85
Sales: YTENx3367@0.82 RWCx526@5.56 CECEx226@12.10 DRWIx143@19.23 GEFx77@36.56 
Purchases: HURCx96@28.91 BORNx2396@1.17 GENEx613@4.57 MTLx2060@1.36 AEZSx53@52.00 

2015-03-09
Cash: 79.79
Held: GENEx613@4.45 HURCx96@29.06 MTLx2060@1.36 BORNx2396@1.13 AEZSx53@51.31 
Value: 13826.25
Sales: HURCx96@29.06 BORNx2396@1.13 GENEx613@4.45 MTLx2060@1.36 AEZSx53@51.31 
Purchases: ATVx559@4.94 PPHMx1974@1.40 EDAPx783@3.53 VNRx191@14.45 LODEx4459@0.62 

2015-03-10
Cash: 10.54
Held: ATVx559@4.73 PPHMx1974@1.43 LODEx4459@0.62 VNRx191@15.01 EDAPx783@3.49 
Value: 13841.52
Sales: ATVx559@4.73 PPHMx1974@1.43 EDAPx783@3.49 VNRx191@15.01 LODEx4459@0.62 
Purchases: GOGLx686@4.03 UBMx229@12.05 TITNx226@12.21 PRTSx1040@2.66 BIOSx804@3.44 

2015-03-11
Cash: 25.80
Held: PRTSx1040@2.63 GOGLx686@4.08 TITNx226@12.37 UBMx229@14.82 BIOSx804@3.85 
Value: 14843.41
Sales: BIOSx804@3.85 PRTSx1040@2.63 GOGLx686@4.08 TITNx226@12.37 UBMx229@14.82 
Purchases: OPXAx4567@0.65 CRMDx368@8.05 HTHTx167@17.75 MRVCx374@7.92 BAKx454@6.53 

2015-03-12
Cash: 21.83
Held: OPXAx4567@0.64 BAKx454@6.74 MRVCx374@7.93 CRMDx368@8.40 HTHTx167@17.95 
Value: 15059.02
Sales: OPXAx4567@0.64 CRMDx368@8.40 HTHTx167@17.95 MRVCx374@7.93 BAKx454@6.74 
Purchases: SGOCx5106@0.59 RGSEx11154@0.27 ACADx87@34.44 SPEXx3542@0.85 BVXx1209@2.49 

2015-03-15
Cash: 17.68
Held: RGSEx11154@0.28 SGOCx5106@0.60 ACADx87@35.19 SPEXx3542@0.83 BVXx1209@2.50 
Value: 15229.17
Sales: SGOCx5106@0.60 RGSEx11154@0.28 ACADx87@35.19 SPEXx3542@0.83 BVXx1209@2.50 
Purchases: YUMAx2537@1.20 GALEx2174@1.40 LLx101@29.94 OPTTx6923@0.44 SIEBx1834@1.66 

2015-03-16
Cash: 25.70
Held: GALEx2174@1.37 SIEBx1834@1.67 YUMAx2537@1.17 LLx101@29.69 OPTTx6923@0.41 
Value: 14871.32
Sales: YUMAx2537@1.17 GALEx2174@1.37 LLx101@29.69 OPTTx6923@0.41 SIEBx1834@1.67 
Purchases: PFIEx2094@1.42 PRTSx1389@2.14 SYNx1239@2.40 MTLx2886@1.03 HRTx444@6.69 

2015-03-17
Cash: 6.24
Held: PFIEx2094@1.35 HRTx444@6.74 PRTSx1389@2.15 SYNx1239@2.38 MTLx2886@1.26 
Value: 15396.58
Sales: PFIEx2094@1.35 HRTx444@6.74 SYNx1239@2.38 MTLx2886@1.26 PRTSx1389@2.15 
Purchases: RDNTx396@7.76 EGYx900@3.42 WGBSx766@4.02 GLBSx2565@1.20 MDSYx1400@2.20 

2015-03-18
Cash: 8.64
Held: GLBSx2565@1.29 WGBSx766@4.11 RDNTx396@7.63 MDSYx1400@2.20 EGYx900@3.03 
Value: 15291.69
Sales: RDNTx396@7.63 EGYx900@3.03 WGBSx766@4.11 GLBSx2565@1.29 MDSYx1400@2.20 
Purchases: SHIPx4307@0.71 NKTRx257@11.89 XINx1084@2.82 WSCIx538@5.68 SQMx171@17.88 

2015-03-19
Cash: 8.48
Held: WSCIx538@5.73 SHIPx4307@0.71 XINx1084@2.81 NKTRx257@12.02 SQMx171@18.86 
Value: 15510.89
Sales: SQMx171@18.86 SHIPx4307@0.71 NKTRx257@12.02 XINx1084@2.81 WSCIx538@5.73 
Purchases: SGYx219@14.10 MTORx250@12.37 WINTx2501@1.24 DGICBx148@20.95 BOSCx1287@2.41 

2015-03-22
Cash: 26.09
Held: MTORx250@12.40 DGICBx148@22.00 WINTx2501@1.22 SGYx219@13.79 BOSCx1287@2.49 
Value: 15656.97
Sales: SGYx219@13.79 MTORx250@12.40 WINTx2501@1.22 DGICBx148@22.00 BOSCx1287@2.49 
Purchases: AEHRx1209@2.59 SCONx2190@1.43 YTENx5308@0.59 HMNYx1247@2.51 EGTx1730@1.81 

2015-03-23
Cash: 3.71
Held: AEHRx1209@2.52 YTENx5308@0.60 HMNYx1247@2.55 EGTx1730@1.83 SCONx2190@1.44 
Value: 15736.54
Sales: AEHRx1209@2.52 SCONx2190@1.44 YTENx5308@0.60 HMNYx1247@2.55 EGTx1730@1.83 
Purchases: TRXx8284@0.38 PARx780@4.03 COYNx222@14.12 CPRXx737@4.27 SITOx11239@0.28 

2015-03-24
Cash: 17.31
Held: CPRXx737@4.13 PARx780@4.03 TRXx8284@0.34 SITOx11239@0.27 COYNx222@12.75 
Value: 14887.22
Sales: TRXx8284@0.34 PARx780@4.03 SITOx11239@0.27 COYNx222@12.75 CPRXx737@4.13 
Purchases: PPCx125@23.80 HPJx715@4.16 SONSx355@8.38 ZAGGx362@8.21 CECOx591@5.03 

2015-03-25
Cash: 16.38
Held: ZAGGx362@8.20 HPJx715@3.91 CECOx591@5.02 SONSx355@8.08 PPCx125@23.55 
Value: 14559.31
Sales: PPCx125@23.55 HPJx715@3.91 SONSx355@8.08 ZAGGx362@8.20 CECOx591@5.02 
Purchases: IDRAx834@3.49 IIJIx343@8.47 APOLx151@19.20 SONCx91@31.95 MCZx7867@0.37 

2015-03-26
Cash: 24.55
Held: SONCx91@32.06 IIJIx343@8.27 APOLx151@19.20 MCZx7867@0.37 IDRAx834@3.43 
Value: 14451.77
Sales: IDRAx834@3.43 IIJIx343@8.27 APOLx151@19.20 SONCx91@32.06 MCZx7867@0.37 
Purchases: ELONx307@9.40 MGAx55@52.06 WRLDx38@75.00 MTLx2348@1.23 MBVXx1784@1.62 

2015-03-29
Cash: 73.58
Held: ELONx307@9.28 WRLDx38@74.69 MGAx55@53.00 MTLx2348@1.35 MBVXx1784@1.86 
Value: 15163.80
Sales: ELONx307@9.28 MGAx55@53.00 WRLDx38@74.69 MTLx2348@1.35 MBVXx1784@1.86 
Purchases: SSGx64@46.72 REXXx787@3.85 WAFDWx701@4.32 XCOx1752@1.73 NTNx7222@0.42 

2015-03-30
Cash: 51.16
Held: WAFDWx701@4.65 REXXx787@3.72 NTNx7222@0.42 XCOx1752@1.83 SSGx64@47.97 
Value: 15546.88
Sales: SSGx64@47.97 NTNx7222@0.42 WAFDWx701@4.65 XCOx1752@1.83 REXXx787@3.72 
Purchases: WWEx221@14.01 GBRx1547@2.01 BDSIx296@10.50 GILx105@29.52 IRCPx104@29.75 

2015-03-31
Cash: 40.91
Held: GILx105@29.86 WWEx221@13.60 GBRx1547@2.03 BDSIx296@10.11 IRCPx104@29.75 
Value: 15407.79
Sales: WWEx221@13.60 IRCPx104@29.75 BDSIx296@10.11 GILx105@29.86 GBRx1547@2.03 
Purchases: ATVx550@5.60 SSNx2217@1.39 WTTx1198@2.57 ARCIx1572@1.96 BDRx3312@0.93 

2015-04-01
Cash: 5.04
Held: SSNx2217@1.66 WTTx1198@2.54 ATVx550@5.47 ARCIx1572@2.15 BDRx3312@0.94 
Value: 16228.72
Sales: ATVx550@5.47 SSNx2217@1.66 WTTx1198@2.54 ARCIx1572@2.15 BDRx3312@0.94 
Purchases: PEDx6491@0.50 VTNRx1154@2.81 NHFx427@7.59 WLDNx244@13.29 CTSOx420@7.71 

2015-04-05
Cash: 17.86
Held: VTNRx1154@2.55 WLDNx244@14.09 CTSOx420@7.30 PEDx6491@0.52 NHFx427@7.61 
Value: 16091.31
Sales: PEDx6491@0.52 VTNRx1154@2.55 CTSOx420@7.30 NHFx427@7.61 WLDNx244@14.09 
Purchases: SEACx492@6.53 JOBx4023@0.80 TRIBx185@17.39 SUNWx751@4.28 CTSOx440@7.30 

2015-04-06
Cash: 15.49
Held: JOBx4023@0.88 TRIBx185@17.45 SUNWx751@4.31 CTSOx440@8.21 SEACx492@6.42 
Value: 16792.22
Sales: SEACx492@6.42 JOBx4023@0.88 CTSOx440@8.21 SUNWx751@4.31 TRIBx185@17.45 
Purchases: NYMXx2488@1.35 SIEBx1986@1.69 NATHx66@50.59 AXNx2022@1.66 SYPRx2011@1.67 

2015-04-07
Cash: 22.96
Held: SYPRx2011@1.57 NYMXx2488@1.38 SIEBx1986@1.61 AXNx2022@1.75 NATHx66@49.66 
Value: 16627.98
Sales: NYMXx2488@1.38 SIEBx1986@1.61 NATHx66@49.66 AXNx2022@1.75 SYPRx2011@1.57 
Purchases: WGx1183@2.81 SRSCx379@8.76 IIINx159@20.89 RILYx332@10.00 ITUSx25580@0.13 

2015-04-08
Cash: 16.76
Held: ITUSx25580@0.14 SRSCx379@8.56 WGx1183@2.64 RILYx332@9.95 IIINx159@21.03 
Value: 16615.79
Sales: WGx1183@2.64 SRSCx379@8.56 IIINx159@21.03 RILYx332@9.95 ITUSx25580@0.14 
Purchases: UCOx432@7.68 TPLMx624@5.32 YANGx602@5.52 FXPx125@26.53 NUROx2408@1.38 

2015-04-09
Cash: 16.36
Held: FXPx125@26.86 NUROx2408@1.33 UCOx432@7.97 TPLMx624@5.37 YANGx602@5.61 
Value: 16747.52
Sales: UCOx432@7.97 TPLMx624@5.37 YANGx602@5.61 FXPx125@26.86 NUROx2408@1.33 
Purchases: WGx1273@2.63 SEVx443@7.55 XRAx6092@0.55 SYPRx2309@1.45 DRNx163@20.55 

2015-04-12
Cash: 6.39
Held: SYPRx2309@1.39 XRAx6092@0.54 DRNx163@20.38 SEVx443@7.55 WGx1273@2.68 
Value: 16582.37
Sales: WGx1273@2.68 SEVx443@7.55 XRAx6092@0.54 SYPRx2309@1.39 DRNx163@20.38 
Purchases: DGLYx229@14.43 ACHx208@15.88 FRPHx95@34.56 EXTRx1342@2.47 EDUx135@24.42 

2015-04-13
Cash: 78.27
Held: EDUx135@23.94 FRPHx95@34.47 DGLYx229@13.77 ACHx208@15.56 EXTRx1342@2.41 
Value: 16209.91
Sales: DGLYx229@13.77 ACHx208@15.56 FRPHx95@34.47 EXTRx1342@2.41 EDUx135@23.94 
Purchases: TEARx1474@2.20 COREx111@28.98 CTSOx437@7.41 HMNYx1409@2.30 MBVXx833@3.89 

2015-04-14
Cash: 30.07
Held: COREx111@28.58 CTSOx437@7.29 HMNYx1409@2.35 TEARx1474@2.25 MBVXx833@3.40 
Value: 15847.18
Sales: TEARx1474@2.25 COREx111@28.58 MBVXx833@3.40 HMNYx1409@2.35 CTSOx437@7.29 
Purchases: OPXAx7547@0.42 NYMXx3108@1.02 HHx7043@0.45 STRMx1131@2.80 CBAKx743@4.26 

2015-04-15
Cash: 6.18
Held: OPXAx7547@0.43 HHx7043@0.45 NYMXx3108@1.02 STRMx1131@2.81 CBAKx743@4.44 
Value: 16067.28
Sales: OPXAx7547@0.43 NYMXx3108@1.02 HHx7043@0.45 STRMx1131@2.81 CBAKx743@4.44 
Purchases: CAPRx489@6.56 SCOx53@59.75 DTOx45@69.94 SSKNx1890@1.70 DXTRx6837@0.47 

2015-04-16
Cash: 119.63
Held: CAPRx489@6.57 SSKNx1890@1.60 SCOx53@60.28 DTOx45@71.00 DXTRx6837@0.45 
Value: 15822.00
Sales: DXTRx6837@0.45 SCOx53@60.28 DTOx45@71.00 SSKNx1890@1.60 CAPRx489@6.57 
Purchases: CNETx815@3.88 OCNx411@7.70 NLSTx5553@0.57 GLFx199@15.85 AGXx97@32.34 

2015-04-19
Cash: 38.68
Held: AGXx97@32.28 CNETx815@3.78 NLSTx5553@0.59 GLFx199@16.36 OCNx411@7.63 
Value: 15916.49
Sales: CNETx815@3.78 NLSTx5553@0.59 OCNx411@7.63 GLFx199@16.36 AGXx97@32.28 
Purchases: RNVAx3183@1.00 ATHXx2358@1.35 GNMKx293@10.85 DSSx11789@0.27 AMDx1278@2.49 

2015-04-20
Cash: 5.82
Held: GNMKx293@10.73 DSSx11789@0.29 RNVAx3183@0.95 AMDx1278@2.35 ATHXx2358@1.33 
Value: 15731.57
Sales: AMDx1278@2.35 GNMKx293@10.73 ATHXx2358@1.33 DSSx11789@0.29 RNVAx3183@0.95 
Purchases: PEDx5159@0.61 UNXLx547@5.75 FAROx69@45.56 BCLIx718@4.38 ZIOPx289@10.85 

2015-04-21
Cash: 16.07
Held: FAROx69@44.62 PEDx5159@0.62 ZIOPx289@10.88 BCLIx718@4.29 UNXLx547@5.76 
Value: 15670.72
Sales: PEDx5159@0.62 UNXLx547@5.76 FAROx69@44.62 BCLIx718@4.29 ZIOPx289@10.88 
Purchases: NYMXx2373@1.32 NBYx4747@0.66 NVGNx423@7.40 SKLNx509@6.15 GLFx227@13.77 

2015-04-22
Cash: 18.19
Held: NBYx4747@0.63 SKLNx509@6.15 NVGNx423@6.55 NYMXx2373@1.44 GLFx227@13.63 
Value: 15421.57
Sales: NYMXx2373@1.44 NBYx4747@0.63 NVGNx423@6.55 SKLNx509@6.15 GLFx227@13.63 
Purchases: BIOPx5609@0.55 EMMSx485@6.36 VIRCx1109@2.78 PWx499@6.18 HMNYx1101@2.80 

2015-04-23
Cash: 3.85
Held: VIRCx1109@2.78 HMNYx1101@2.89 PWx499@6.25 EMMSx485@6.00 BIOPx5609@0.56 
Value: 15438.79
Sales: BIOPx5609@0.56 EMMSx485@6.00 HMNYx1101@2.89 VIRCx1109@2.78 PWx499@6.25 
Purchases: SGCx162@19.02 SNAKx354@8.71 CIDMx3249@0.95 NVGNx472@6.54 ERICx270@11.41 

2015-04-26
Cash: 21.27
Held: ERICx270@11.40 SNAKx354@9.17 CIDMx3249@0.88 NVGNx472@6.33 SGCx162@18.30 
Value: 15155.40
Sales: SGCx162@18.30 SNAKx354@9.17 ERICx270@11.40 NVGNx472@6.33 CIDMx3249@0.88 
Purchases: MBOTx5050@0.60 SPNCx115@26.19 TRNx107@28.12 DRRXx1464@2.07 CPRXx904@3.35 

2015-04-27
Cash: 44.99
Held: MBOTx5050@0.62 CPRXx904@3.55 DRRXx1464@2.01 TRNx107@28.20 SPNCx115@26.11 
Value: 15349.10
Sales: MBOTx5050@0.62 SPNCx115@26.11 TRNx107@28.20 DRRXx1464@2.01 CPRXx904@3.55 
Purchases: AIRTx153@19.98 IGCx6139@0.50 CLDXx128@23.92 IMGNx353@8.68 CBMGx124@24.56 

2015-04-28
Cash: 50.31
Held: AIRTx153@20.45 CLDXx128@24.55 IGCx6139@0.50 IMGNx353@8.64 CBMGx124@26.41 
Value: 15715.65
Sales: IGCx6139@0.50 CBMGx124@26.41 AIRTx153@20.45 CLDXx128@24.55 IMGNx353@8.64 
Purchases: UNXLx895@3.51 IDXXx24@130.62 GLBSx1951@1.61 SYMXx2152@1.46 PRTSx1940@1.62 

2015-04-29
Cash: 12.75
Held: IDXXx24@125.38 PRTSx1940@1.60 SYMXx2152@1.49 GLBSx1951@1.61 UNXLx895@3.50 
Value: 15606.27
Sales: PRTSx1940@1.60 IDXXx24@125.38 GLBSx1951@1.61 SYMXx2152@1.49 UNXLx895@3.50 
Purchases: SMSIx2516@1.24 UAMYx2838@1.10 SSYSx83@37.44 BWLDx19@159.25 DHXx410@7.60 

2015-04-30
Cash: 115.45
Held: UAMYx2838@1.16 DHXx410@7.66 SMSIx2516@1.23 BWLDx19@157.38 SSYSx83@36.72 
Value: 15682.28
Sales: UAMYx2838@1.16 SMSIx2516@1.23 SSYSx83@36.72 BWLDx19@157.38 DHXx410@7.66 
Purchases: STMx394@7.94 REISx140@22.30 AEx67@46.41 QUIKx1844@1.70 NOKx482@6.50 

2015-05-03
Cash: 54.42
Held: QUIKx1844@1.71 STMx394@7.77 REISx140@22.56 AEx67@47.00 NOKx482@6.54 
Value: 15728.36
Sales: STMx394@7.77 NOKx482@6.54 AEx67@47.00 QUIKx1844@1.71 REISx140@22.56 
Purchases: GTLSx87@36.06 ABAXx57@55.09 TYPEx115@27.12 TUESx225@13.93 SCONx2860@1.10 

