2014-12-02
Cash: 10000.00
Held: 
Value: 10000.00
Sales: 
Purchases: CNETx515@3.88 PRKRx2273@0.88 XKEx371@5.38 GMOx4651@0.43 CBAKx826@2.42 

2014-12-03
Cash: 7.34
Held: CNETx515@3.85 GMOx4651@0.41 PRKRx2273@0.88 XKEx371@6.32 CBAKx826@2.20 
Value: 10057.76
Sales: CNETx515@3.85 PRKRx2273@0.88 CBAKx826@2.20 GMOx4651@0.41 XKEx371@6.32 
Purchases: CWCOx179@11.20 SOXSx153@13.07 TBIOx1234@1.63 SSGx43@46.50 CEIx12569@0.16 

2014-12-04
Cash: 30.39
Held: CWCOx179@10.81 CEIx12569@0.13 SSGx43@46.19 TBIOx1234@1.65 SOXSx153@12.71 
Value: 9567.28
Sales: CWCOx179@10.81 SOXSx153@12.71 SSGx43@46.19 TBIOx1234@1.65 CEIx12569@0.13 
Purchases: PEDx4784@0.40 CBKx415@4.60 SEACx318@6.00 GENEx4784@0.40 PWEx657@2.91 

2014-12-07
Cash: 11.39
Held: GENEx4784@0.39 PEDx4784@0.53 PWEx657@2.61 SEACx318@5.69 CBKx415@4.29 
Value: 9715.32
Sales: PEDx4784@0.53 SEACx318@5.69 GENEx4784@0.39 CBKx415@4.29 PWEx657@2.61 
Purchases: MTLx3133@0.62 SBSAx706@2.75 CEIx16192@0.12 RADAx693@2.80 CBMGx137@14.11 

2014-12-08
Cash: 14.11
Held: RADAx693@2.77 SBSAx706@2.70 CEIx16192@0.14 CBMGx137@12.94 MTLx3133@0.58 
Value: 9695.98
Sales: MTLx3133@0.58 SBSAx706@2.70 CEIx16192@0.14 RADAx693@2.77 CBMGx137@12.94 
Purchases: RENx1447@1.34 RGSEx3527@0.55 OMEXx1998@0.97 AXNx7756@0.25 INFYx60@32.16 

2014-12-09
Cash: 11.20
Held: RGSEx3527@0.53 INFYx60@31.41 RENx1447@1.28 AXNx7756@0.27 OMEXx1998@0.95 
Value: 9609.44
Sales: OMEXx1998@0.95 RGSEx3527@0.53 AXNx7756@0.27 RENx1447@1.28 INFYx60@31.41 
Purchases: ZSLx18@102.00 YINNx62@30.75 CONNx105@18.22 IBNx162@11.83 LCIx45@41.91 

2014-12-10
Cash: 152.04
Held: CONNx105@17.09 IBNx162@11.81 ZSLx18@102.62 YINNx62@31.11 LCIx45@44.03 
Value: 9617.94
Sales: ZSLx18@102.62 YINNx62@31.11 IBNx162@11.81 CONNx105@17.09 LCIx45@44.03 
Purchases: PLGx3773@0.51 EGYx422@4.55 TCIx208@9.22 GASLx535@3.59 ADGEx3699@0.52 

2014-12-11
Cash: 12.55
Held: ADGEx3699@0.50 GASLx535@3.50 TCIx208@9.07 EGYx422@4.49 PLGx3773@0.51 
Value: 9438.58
Sales: PLGx3773@0.51 EGYx422@4.49 TCIx208@9.07 GASLx535@3.50 ADGEx3699@0.50 
Purchases: MEIPx449@4.20 MEIx54@34.66 OPTTx2904@0.65 RMTx192@9.79 VIVEx5391@0.35 

2014-12-14
Cash: 27.50
Held: MEIPx449@4.07 RMTx192@9.66 MEIx54@33.31 VIVEx5391@0.51 OPTTx2904@0.65 
Value: 10143.40
Sales: MEIPx449@4.07 MEIx54@33.31 OPTTx2904@0.65 RMTx192@9.66 VIVEx5391@0.51 
Purchases: MNIx616@3.29 ESLx19@101.88 EMFx137@14.73 TDFx89@22.56 SOFOx272@7.44 

2014-12-15
Cash: 132.05
Held: TDFx89@22.38 MNIx616@3.20 ESLx19@102.62 EMFx137@14.53 SOFOx272@7.69 
Value: 10126.87
Sales: MNIx616@3.20 ESLx19@102.62 EMFx137@14.53 TDFx89@22.38 SOFOx272@7.69 
Purchases: FHx3321@0.61 PEDx4219@0.48 SWZx179@11.29 EXKx1095@1.85 SPHSx4501@0.45 

2014-12-16
Cash: 5.18
Held: PEDx4219@0.55 SPHSx4501@0.50 SWZx179@11.40 FHx3321@0.58 EXKx1095@2.04 
Value: 10774.84
Sales: PEDx4219@0.55 FHx3321@0.58 SWZx179@11.40 EXKx1095@2.04 SPHSx4501@0.50 
Purchases: WLDNx190@11.33 HMGx192@11.22 VIVEx5822@0.37 DSSx4397@0.49 MBVXx1002@2.15 

2014-12-17
Cash: 4.49
Held: HMGx192@11.22 WLDNx190@11.73 DSSx4397@0.48 VIVEx5822@0.37 MBVXx1002@2.20 
Value: 10855.45
Sales: MBVXx1002@2.20 HMGx192@11.22 VIVEx5822@0.37 DSSx4397@0.48 WLDNx190@11.73 
Purchases: RTx325@6.67 NVGNx795@2.73 CGNTx434@5.00 ERYx98@22.03 CEIx16700@0.13 

2014-12-18
Cash: 16.23
Held: ERYx98@19.98 RTx325@6.43 NVGNx795@2.58 CGNTx434@5.05 CEIx16700@0.12 
Value: 10311.46
Sales: RTx325@6.43 NVGNx795@2.58 CGNTx434@5.05 ERYx98@19.98 CEIx16700@0.12 
Purchases: TECSx184@11.17 NVGNx799@2.58 SDOWx99@20.70 CHNx114@17.95 WORx68@30.06 

2014-12-21
Cash: 53.84
Held: CHNx114@18.03 NVGNx799@2.45 TECSx184@10.76 SDOWx99@20.06 WORx68@29.77 
Value: 10056.02
Sales: WORx68@29.77 NVGNx799@2.45 SDOWx99@20.06 CHNx114@18.03 TECSx184@10.76 
Purchases: GPLx3351@0.60 TRXx3658@0.55 GWXx73@27.41 IMGNx339@5.92 FINLx88@22.62 

2014-12-22
Cash: 34.73
Held: FINLx88@22.62 TRXx3658@0.60 GWXx73@27.30 GPLx3351@0.57 IMGNx339@5.77 
Value: 10078.91
Sales: GPLx3351@0.57 TRXx3658@0.60 FINLx88@22.62 IMGNx339@5.77 GWXx73@27.30 
Purchases: SGOCx3200@0.63 OCNx134@15.02 CGNTx485@4.15 MAGx309@6.52 ASPSx68@29.44 

2014-12-23
Cash: 21.87
Held: MAGx309@6.83 SGOCx3200@0.61 CGNTx485@3.80 ASPSx68@33.81 OCNx134@14.88 
Value: 10220.25
Sales: SGOCx3200@0.61 OCNx134@14.88 CGNTx485@3.80 MAGx309@6.83 ASPSx68@33.81 
Purchases: GALTx640@3.19 CEQPx2@703.00 GEOSx77@26.42 SBSAx973@2.10 SKLNx400@5.10 

2014-12-25
Cash: 654.97
Held: GALTx640@3.33 CEQPx2@701.00 SKLNx400@4.51 GEOSx77@26.73 SBSAx973@2.49 
Value: 10474.45
Sales: GALTx640@3.33 GEOSx77@26.73 CEQPx2@701.00 SKLNx400@4.51 SBSAx973@2.49 
Purchases: IGLDx320@6.53 CHNRx1102@1.90 CAMPx119@17.56 GLBSx931@2.25 CUBAx218@9.60 

2014-12-28
Cash: 12.39
Held: CAMPx119@18.11 GLBSx931@2.32 IGLDx320@6.60 CHNRx1102@1.93 CUBAx218@9.31 
Value: 10596.76
Sales: IGLDx320@6.60 CHNRx1102@1.93 CAMPx119@18.11 GLBSx931@2.32 CUBAx218@9.31 
Purchases: SZKx114@18.44 NAVBx1239@1.71 TWNx130@16.19 IHTx898@2.36 CUBAx227@9.31 

2014-12-29
Cash: 39.21
Held: IHTx898@2.34 TWNx130@16.16 SZKx114@18.72 NAVBx1239@1.83 CUBAx227@9.09 
Value: 10706.39
Sales: SZKx114@18.72 NAVBx1239@1.83 TWNx130@16.16 IHTx898@2.34 CUBAx227@9.09 
Purchases: DRAMx369@5.79 GFx152@14.03 NVGNx991@2.16 MTLx3196@0.67 TPLMx430@4.97 

2014-12-30
Cash: 19.13
Held: GFx152@14.04 NVGNx991@2.08 DRAMx369@5.10 MTLx3196@0.68 TPLMx430@4.78 
Value: 10326.68
Sales: DRAMx369@5.10 GFx152@14.04 NVGNx991@2.08 MTLx3196@0.68 TPLMx430@4.78 
Purchases: LTBRx1332@1.55 JOBx1706@1.21 HAINx35@58.28 TPIVx7375@0.28 DRYSx1@1590.00 

2015-01-01
Cash: 503.09
Held: JOBx1706@1.66 LTBRx1332@1.57 TPIVx7375@0.28 DRYSx1@1695.00 HAINx35@56.94 
Value: 11180.00
Sales: LTBRx1332@1.57 JOBx1706@1.66 HAINx35@56.94 TPIVx7375@0.28 DRYSx1@1695.00 
Purchases: KEGx1346@1.66 PCYOx566@3.95 ULBIx745@3.00 XTLBx1152@1.94 RCMTx324@6.89 

2015-01-04
Cash: 7.23
Held: XTLBx1152@2.13 ULBIx745@3.02 RCMTx324@6.83 KEGx1346@1.61 PCYOx566@3.84 
Value: 11264.73
Sales: KEGx1346@1.61 PCYOx566@3.84 ULBIx745@3.02 RCMTx324@6.83 XTLBx1152@2.13 
Purchases: PRTKx66@33.81 GNTXx128@17.52 IHTx1010@2.23 CJJDx915@2.46 WTWx105@21.27 

2015-01-05
Cash: 53.68
Held: IHTx1010@2.08 WTWx105@19.73 CJJDx915@2.34 GNTXx128@17.16 PRTKx66@32.75 
Value: 10725.13
Sales: CJJDx915@2.34 GNTXx128@17.16 PRTKx66@32.75 IHTx1010@2.08 WTWx105@19.73 
Purchases: UUUUx404@5.31 USATPx130@16.38 BCLIx429@5.00 GASLx672@3.19 PTNRx519@4.13 

2015-01-06
Cash: 20.49
Held: PTNRx519@4.08 GASLx672@2.99 UUUUx404@5.39 BCLIx429@5.03 USATPx130@16.48 
Value: 10625.66
Sales: PTNRx519@4.08 UUUUx404@5.39 BCLIx429@5.03 GASLx672@2.99 USATPx130@16.48 
Purchases: QADBx125@16.98 CHNRx940@2.26 CTSOx219@9.67 UAMYx3080@0.69 OIBR.Cx850@2.50 

2015-01-07
Cash: 10.28
Held: UAMYx3080@0.68 CTSOx219@9.46 QADBx125@16.73 OIBR.Cx850@2.64 CHNRx940@2.22 
Value: 10600.95
Sales: UAMYx3080@0.68 QADBx125@16.73 OIBR.Cx850@2.64 CHNRx940@2.22 CTSOx219@9.46 
Purchases: MNGAx4511@0.47 REN           x503@4.21 CGNTx718@2.95 NOAx773@2.74 RENx2524@0.84 

2015-01-08
Cash: 7.31
Held: NOAx773@2.89 MNGAx4511@0.44 CGNTx718@3.00 REN           x503@4.20 RENx2524@0.84 
Value: 10612.31
Sales: MNGAx4511@0.44 REN           x503@4.20 CGNTx718@3.00 NOAx773@2.89 RENx2524@0.84 
Purchases: BWENx426@4.98 SOXSx159@13.32 APOLx78@26.94 JOBx1894@1.12 KATEx75@28.16 

2015-01-11
Cash: 38.35
Held: JOBx1894@1.11 KATEx75@28.17 APOLx78@26.05 BWENx426@4.75 SOXSx159@14.13 
Value: 10556.52
Sales: BWENx426@4.75 SOXSx159@14.13 JOBx1894@1.11 KATEx75@28.17 APOLx78@26.05 
Purchases: SBLKx422@5.00 JOBx1901@1.11 TESOx215@9.80 VNDAx174@12.13 AMAGx49@42.31 

2015-01-12
Cash: 45.00
Held: JOBx1901@1.03 TESOx215@9.85 SBLKx422@4.81 AMAGx49@42.06 VNDAx174@12.09 
Value: 10316.23
Sales: SBLKx422@4.81 JOBx1901@1.03 TESOx215@9.85 AMAGx49@42.06 VNDAx174@12.09 
Purchases: ARWRx326@6.32 SRPTx177@11.61 OASx157@13.10 TIFx23@86.31 REXXx755@2.73 

2015-01-13
Cash: 97.31
Held: OASx157@13.42 SRPTx177@12.23 TIFx23@86.75 REXXx755@2.65 ARWRx326@6.71 
Value: 10552.71
Sales: TIFx23@86.75 SRPTx177@12.23 OASx157@13.42 ARWRx326@6.71 REXXx755@2.65 
Purchases: MBVXx1407@1.50 ECOM          x215@9.79 RNVAx2513@0.84 KBHx155@13.54 OCNx301@7.00 

2015-01-14
Cash: 21.48
Held: ECOM          x215@9.50 KBHx155@12.39 RNVAx2513@0.85 OCNx301@7.81 MBVXx1407@1.35 
Value: 10370.11
Sales: MBVXx1407@1.35 ECOM          x215@9.50 OCNx301@7.81 KBHx155@12.39 RNVAx2513@0.85 
Purchases: SIEBx992@2.09 DWCHx367@5.65 NTZx1503@1.38 JOBx2412@0.86 ERIIx553@3.75 

2015-01-15
Cash: 2.30
Held: ERIIx553@3.74 JOBx2412@0.87 SIEBx992@2.14 DWCHx367@5.74 NTZx1503@1.43 
Value: 10547.65
Sales: SIEBx992@2.14 JOBx2412@0.87 NTZx1503@1.43 DWCHx367@5.74 ERIIx553@3.74 
Purchases: SRNEx233@9.02 SPWRx86@24.52 FROx629@3.35 VBFCx102@20.56 MFCBx400@5.27 

2015-01-19
Cash: 24.75
Held: VBFCx102@20.56 SPWRx86@23.80 MFCBx400@5.17 FROx629@3.54 SRNEx233@10.11 
Value: 10818.96
Sales: SRNEx233@10.11 SPWRx86@23.80 FROx629@3.54 VBFCx102@20.56 MFCBx400@5.17 
Purchases: ERYx91@23.70 SZKx112@19.23 TESSx90@23.91 TTFx235@9.19 KONEx649@3.33 

2015-01-20
Cash: 35.88
Held: TTFx235@9.16 ERYx91@22.30 KONEx649@3.16 SZKx112@25.27 TESSx90@23.09 
Value: 11175.74
Sales: SZKx112@25.27 KONEx649@3.16 TESSx90@23.09 TTFx235@9.16 ERYx91@22.30 
Purchases: EXPRx178@12.50 KIQx571@3.91 LLITx815@2.74 BAKx220@10.15 INWKx435@5.13 

2015-01-21
Cash: 21.02
Held: EXPRx178@12.52 BAKx220@10.19 LLITx815@2.71 INWKx435@5.40 KIQx571@4.06 
Value: 11366.64
Sales: EXPRx178@12.52 KIQx571@4.06 LLITx815@2.71 BAKx220@10.19 INWKx435@5.40 
Purchases: ADXSx305@7.43 ARNAx487@4.66 SNOAx2842@0.80 ISDRx244@9.30 OHRPx285@7.95 

2015-01-22
Cash: 24.08
Held: ISDRx244@9.35 ADXSx305@7.73 OHRPx285@7.83 SNOAx2842@0.83 ARNAx487@4.55 
Value: 11469.98
Sales: ADXSx305@7.73 ISDRx244@9.35 OHRPx285@7.83 ARNAx487@4.55 SNOAx2842@0.83 
Purchases: GRNx271@8.45 SZKx122@18.70 GENEx1835@1.25 TZOOx250@9.17 MBVXx2012@1.14 

2015-01-25
Cash: 17.71
Held: GRNx271@8.48 GENEx1835@1.36 SZKx122@26.42 TZOOx250@9.04 MBVXx2012@1.17 
Value: 12648.22
Sales: GRNx271@8.48 SZKx122@26.42 GENEx1835@1.36 TZOOx250@9.04 MBVXx2012@1.17 
Purchases: UAMYx5270@0.48 SBSx507@4.99 CLFx350@7.22 SRVx599@4.22 FFHLx4439@0.57 

2015-01-26
Cash: 6.62
Held: SRVx599@4.13 UAMYx5270@0.50 SBSx507@5.33 CLFx350@6.80 FFHLx4439@0.56 
Value: 12682.57
Sales: UAMYx5270@0.50 SBSx507@5.33 CLFx350@6.80 SRVx599@4.13 FFHLx4439@0.56 
Purchases: SIEBx1441@1.76 ETPx42@60.38 SRVx614@4.13 HGSHx741@3.42 OIBR.Cx1014@2.50 

2015-01-27
Cash: 6.69
Held: ETPx42@59.12 SRVx614@4.13 OIBR.Cx1014@2.29 SIEBx1441@1.78 HGSHx741@3.34 
Value: 12386.39
Sales: SIEBx1441@1.78 ETPx42@59.12 SRVx614@4.13 HGSHx741@3.34 OIBR.Cx1014@2.29 
Purchases: ELONx175@14.10 TECLx19@125.00 STAAx433@5.71 INVTx3932@0.63 STRLx638@3.88 

2015-01-28
Cash: 118.09
Held: INVTx3932@0.62 STRLx638@3.74 ELONx175@14.40 STAAx433@5.86 TECLx19@128.50 
Value: 12441.00
Sales: ELONx175@14.40 TECLx19@128.50 INVTx3932@0.62 STAAx433@5.86 STRLx638@3.74 
Purchases: TPLMx489@5.08 PDSx522@4.76 MTORx189@13.11 GASLx917@2.71 RDWRx126@19.59 

2015-01-29
Cash: 39.77
Held: PDSx522@5.10 MTORx189@12.80 GASLx917@2.81 RDWRx126@19.23 TPLMx489@5.25 
Value: 12689.44
Sales: TPLMx489@5.25 MTORx189@12.80 PDSx522@5.10 GASLx917@2.81 RDWRx126@19.23 
Purchases: UAMYx5075@0.50 QCOMx40@62.47 BIOPx5075@0.50 FROx1098@2.31 MBVXx2440@1.04 

2015-02-01
Cash: 41.02
Held: UAMYx5075@0.50 FROx1098@2.61 QCOMx40@65.50 MBVXx2440@1.03 BIOPx5075@0.43 
Value: 12759.38
Sales: UAMYx5075@0.50 QCOMx40@65.50 BIOPx5075@0.43 FROx1098@2.61 MBVXx2440@1.03 
Purchases: STRTx40@62.75 HAx133@19.09 GDOTx170@14.96 CPSIx53@48.03 GENEx985@2.59 

2015-02-02
Cash: 69.90
Held: HAx133@18.72 GENEx985@3.09 STRTx40@62.72 CPSIx53@49.81 GDOTx170@13.94 
Value: 13121.18
Sales: STRTx40@62.72 HAx133@18.72 GDOTx170@13.94 CPSIx53@49.81 GENEx985@3.09 
Purchases: LUNAx1738@1.51 PSTIx924@2.84 FUEx318@8.25 SMBCx137@19.09 PRPHx1760@1.49 

2015-02-03
Cash: 11.03
Held: PRPHx1760@1.59 PSTIx924@2.86 SMBCx137@18.41 FUEx318@8.25 LUNAx1738@1.51 
Value: 13220.35
Sales: LUNAx1738@1.51 PSTIx924@2.86 FUEx318@8.25 SMBCx137@18.41 PRPHx1760@1.59 
Purchases: PHMDx1706@1.55 OPHCx2644@1.00 WCSTx1202@2.20 DDPx60@43.62 RCIIx87@30.22 

2015-02-04
Cash: 42.39
Held: RCIIx87@29.31 PHMDx1706@1.62 WCSTx1202@2.29 DDPx60@43.62 OPHCx2644@1.07 
Value: 13555.36
Sales: OPHCx2644@1.07 PHMDx1706@1.62 DDPx60@43.62 WCSTx1202@2.29 RCIIx87@29.31 
Purchases: MYGNx79@34.25 CBLIx860@3.15 AIRTx151@17.94 ACHNx244@11.08 DXRx450@6.01 

2015-02-05
Cash: 23.37
Held: CBLIx860@3.16 AIRTx151@17.38 MYGNx79@32.62 DXRx450@5.95 ACHNx244@10.82 
Value: 13259.41
Sales: ACHNx244@10.82 CBLIx860@3.16 AIRTx151@17.38 MYGNx79@32.62 DXRx450@5.95 
Purchases: FARMx107@24.67 CASMx1964@1.35 OSURx326@8.12 IMMUx664@3.99 OHGIx1263@2.10 

2015-02-08
Cash: 21.36
Held: FARMx107@23.44 OSURx326@7.70 OHGIx1263@1.91 CASMx1964@1.29 IMMUx664@3.88 
Value: 12562.18
Sales: FARMx107@23.44 CASMx1964@1.29 OSURx326@7.70 IMMUx664@3.88 OHGIx1263@1.91 
Purchases: NTGRx83@30.19 EGOVx163@15.41 ARCWx388@6.46 MXWLx383@6.55 SWIRx77@32.28 

2015-02-09
Cash: 43.95
Held: SWIRx77@34.12 NTGRx83@30.64 EGOVx163@15.73 ARCWx388@6.39 MXWLx383@6.61 
Value: 12789.13
Sales: NTGRx83@30.64 EGOVx163@15.73 ARCWx388@6.39 MXWLx383@6.61 SWIRx77@34.12 
Purchases: EPMx397@6.43 FNCXx1318@1.94 CENXx111@22.84 FSCx368@6.95 CUTRx210@12.18 

2015-02-10
Cash: 28.35
Held: FNCXx1318@1.90 FSCx368@6.86 CUTRx210@12.34 EPMx397@6.42 CENXx111@22.23 
Value: 12667.00
Sales: EPMx397@6.42 FNCXx1318@1.90 CENXx111@22.23 FSCx368@6.86 CUTRx210@12.34 
Purchases: DFx160@15.75 SOXSx198@12.76 RCONx1223@2.07 OASx159@15.93 OAx41@61.50 

2015-02-11
Cash: 34.64
Held: RCONx1223@1.96 OASx159@16.88 OAx41@62.34 DFx160@16.30 SOXSx198@12.18 
Value: 12689.97
Sales: DFx160@16.30 SOXSx198@12.18 RCONx1223@1.96 OASx159@16.88 OAx41@62.34 
Purchases: YUMAx2097@1.21 PIRx205@12.35 AWREx577@4.40 FFHLx4229@0.60 APDNx746@3.40 

2015-02-12
Cash: 8.21
Held: APDNx746@3.45 PIRx205@12.52 FFHLx4229@0.58 AWREx577@4.50 YUMAx2097@1.88 
Value: 14140.40
Sales: YUMAx2097@1.88 PIRx205@12.52 AWREx577@4.50 FFHLx4229@0.58 APDNx746@3.45 
Purchases: PNRAx18@155.00 IMUCx5236@0.54 WPCSx12297@0.23 ARCIx1118@2.53 OESXx681@4.15 

2015-02-16
Cash: 41.84
Held: WPCSx12297@0.26 IMUCx5236@0.57 ARCIx1118@2.87 OESXx681@4.22 PNRAx18@153.62 
Value: 15068.70
Sales: PNRAx18@153.62 IMUCx5236@0.57 WPCSx12297@0.26 ARCIx1118@2.87 OESXx681@4.22 
Purchases: SZKx167@18.00 MGIx351@8.56 ERYx171@17.59 CECOx587@5.13 AIZx49@60.88 

2015-02-17
Cash: 55.19
Held: CECOx587@5.12 ERYx171@18.19 AIZx49@60.56 SZKx167@18.03 MGIx351@8.56 
Value: 15155.55
Sales: SZKx167@18.03 MGIx351@8.56 ERYx171@18.19 CECOx587@5.12 AIZx49@60.56 
Purchases: SCONx1409@2.15 RNVAx2659@1.14 CADCx748@4.05 DEEx56@53.62 DFBGx15958@0.19 

2015-02-18
Cash: 31.26
Held: RNVAx2659@1.89 CADCx748@4.34 DEEx56@55.81 DFBGx15958@0.20 SCONx1409@2.14 
Value: 17634.50
Sales: SCONx1409@2.14 DFBGx15958@0.20 CADCx748@4.34 DEEx56@55.81 RNVAx2659@1.89 
Purchases: MCFx132@26.67 RCONx2112@1.67 SONSx220@15.98 IBIOx4580@0.77 XCOx1574@2.24 

2015-02-19
Cash: 19.27
Held: RCONx2112@1.68 IBIOx4580@0.93 XCOx1574@2.18 MCFx132@25.38 SONSx220@16.75 
Value: 18292.31
Sales: MCFx132@25.38 RCONx2112@1.68 SONSx220@16.75 IBIOx4580@0.93 XCOx1574@2.18 
Purchases: MNGAx4407@0.83 AXDXx202@18.05 HSTx168@21.77 HSTMx138@26.45 CDEx626@5.84 

2015-02-22
Cash: 25.79
Held: AXDXx202@18.00 MNGAx4407@0.83 HSTx168@21.61 HSTMx138@26.66 CDEx626@5.78 
Value: 18247.94
Sales: MNGAx4407@0.83 AXDXx202@18.00 HSTMx138@26.66 HSTx168@21.61 CDEx626@5.78 
Purchases: SRTx464@7.85 GEN           x526@6.93 GENx526@6.93 OESXx1016@3.59 RNVAx3119@1.17 

2015-02-23
Cash: 18.52
Held: SRTx464@7.87 GEN           x526@6.90 RNVAx3119@1.19 GENx526@6.90 OESXx1016@3.68 
Value: 18379.37
Sales: OESXx1016@3.68 GEN           x526@6.90 GENx526@6.90 SRTx464@7.87 RNVAx3119@1.19 
Purchases: SEEDx2987@1.23 MSONx333@11.01 SPPIx591@6.22 HOTRx1894@1.94 CRAYx115@31.80 

2015-02-24
Cash: 31.26
Held: SPPIx591@6.35 MSONx333@11.27 HOTRx1894@2.00 CRAYx115@31.12 SEEDx2987@1.25 
Value: 18640.22
Sales: SEEDx2987@1.25 MSONx333@11.27 SPPIx591@6.35 HOTRx1894@2.00 CRAYx115@31.12 
Purchases: DOx123@30.20 RGSEx7932@0.47 AIRx127@29.20 GLDDx598@6.23 WORx140@26.52 

2015-02-25
Cash: 50.62
Held: RGSEx7932@0.45 DOx123@29.05 AIRx127@28.56 WORx140@26.56 GLDDx598@6.12 
Value: 18199.00
Sales: RGSEx7932@0.45 AIRx127@28.56 GLDDx598@6.12 WORx140@26.56 DOx123@29.05 
Purchases: LLx73@49.22 CHKx211@17.20 AXNx2984@1.22 HPQx107@34.00 XKEx590@6.16 

2015-02-26
Cash: 64.02
Held: CHKx211@16.69 HPQx107@34.84 XKEx590@6.01 AXNx2984@1.10 LLx73@51.88 
Value: 17928.38
Sales: HPQx107@34.84 CHKx211@16.69 AXNx2984@1.10 LLx73@51.88 XKEx590@6.01 
Purchases: CWEIx73@49.06 BLDPx1566@2.29 SITOx10863@0.33 ANIKx89@39.91 RNVAx2656@1.35 

2015-03-01
Cash: 40.29
Held: CWEIx73@46.66 RNVAx2656@1.40 ANIKx89@40.59 SITOx10863@0.33 BLDPx1566@2.37 
Value: 18074.19
Sales: CWEIx73@46.66 BLDPx1566@2.37 SITOx10863@0.33 ANIKx89@40.59 RNVAx2656@1.40 
Purchases: SZKx204@17.70 ENOCx281@12.82 STAAx530@6.82 GENEx630@5.73 WTWx335@10.78 

2015-03-02
Cash: 23.57
Held: GENEx630@5.36 WTWx335@10.59 ENOCx281@11.86 SZKx204@24.81 STAAx530@7.76 
Value: 19456.83
Sales: ENOCx281@11.86 SZKx204@24.81 GENEx630@5.36 STAAx530@7.76 WTWx335@10.59 
Purchases: SBLKx932@4.17 SMRTx320@12.16 GIFIx273@14.22 SUNWx682@5.70 CEIx18533@0.21 

2015-03-03
Cash: 18.85
Held: GIFIx273@14.43 SMRTx320@12.27 SUNWx682@3.10 SBLKx932@4.11 CEIx18533@0.23 
Value: 18091.75
Sales: SBLKx932@4.11 SMRTx320@12.27 GIFIx273@14.43 SUNWx682@3.10 CEIx18533@0.23 
Purchases: NYMXx5834@0.62 RCONx2381@1.52 HMNYx1049@3.45 URREx2304@1.57 CMLSx144@25.05 

2015-03-04
Cash: 13.00
Held: RCONx2381@1.55 NYMXx5834@0.61 HMNYx1049@3.04 URREx2304@1.61 CMLSx144@24.23 
Value: 17649.01
Sales: NYMXx5834@0.61 RCONx2381@1.55 URREx2304@1.61 HMNYx1049@3.04 CMLSx144@24.23 
Purchases: CENXx214@16.48 HBIx109@32.12 SUNWx1184@2.98 CYCCx277@12.72 CDIx245@14.41 

2015-03-05
Cash: 38.22
Held: SUNWx1184@3.00 HBIx109@32.00 CENXx214@16.08 CDIx245@13.95 CYCCx277@12.60 
Value: 17428.09
Sales: CENXx214@16.08 HBIx109@32.00 SUNWx1184@3.00 CYCCx277@12.60 CDIx245@13.95 
Purchases: YTENx4100@0.85 DRWIx174@20.00 CECEx275@12.65 GEFx94@36.88 RWCx640@5.44 

2015-03-08
Cash: 35.62
Held: CECEx275@12.10 RWCx640@5.56 YTENx4100@0.82 DRWIx174@19.23 GEFx94@36.56 
Value: 17065.99
Sales: YTENx4100@0.82 RWCx640@5.56 CECEx275@12.10 DRWIx174@19.23 GEFx94@36.56 
Purchases: HURCx118@28.91 BORNx2917@1.17 GENEx746@4.57 MTLx2509@1.36 AEZSx65@52.00 

2015-03-09
Cash: 39.81
Held: GENEx746@4.45 HURCx118@29.06 MTLx2509@1.36 BORNx2917@1.13 AEZSx65@51.31 
Value: 16832.61
Sales: HURCx118@29.06 BORNx2917@1.13 GENEx746@4.45 MTLx2509@1.36 AEZSx65@51.31 
Purchases: ATVx681@4.94 PPHMx2403@1.40 EDAPx953@3.53 VNRx232@14.45 LODEx5428@0.62 

2015-03-10
Cash: 19.83
Held: ATVx681@4.73 PPHMx2403@1.43 LODEx5428@0.62 VNRx232@15.01 EDAPx953@3.49 
Value: 16850.82
Sales: ATVx681@4.73 PPHMx2403@1.43 EDAPx953@3.49 VNRx232@15.01 LODEx5428@0.62 
Purchases: GOGLx836@4.03 UBMx279@12.05 TITNx275@12.21 PRTSx1266@2.66 BIOSx979@3.44 

2015-03-11
Cash: 26.63
Held: PRTSx1266@2.63 GOGLx836@4.08 TITNx275@12.37 UBMx279@14.82 BIOSx979@3.85 
Value: 18071.22
Sales: BIOSx979@3.85 PRTSx1266@2.63 GOGLx836@4.08 TITNx275@12.37 UBMx279@14.82 
Purchases: OPXAx5561@0.65 CRMDx449@8.05 HTHTx203@17.75 MRVCx456@7.92 BAKx553@6.53 

2015-03-12
Cash: 16.66
Held: OPXAx5561@0.64 BAKx553@6.74 MRVCx456@7.93 CRMDx449@8.40 HTHTx203@17.95 
Value: 18334.05
Sales: OPXAx5561@0.64 CRMDx449@8.40 HTHTx203@17.95 MRVCx456@7.93 BAKx553@6.74 
Purchases: SGOCx6216@0.59 RGSEx13579@0.27 ACADx106@34.44 SPEXx4313@0.85 BVXx1472@2.49 

2015-03-15
Cash: 18.51
Held: RGSEx13579@0.28 SGOCx6216@0.60 ACADx106@35.19 SPEXx4313@0.83 BVXx1472@2.50 
Value: 18541.24
Sales: SGOCx6216@0.60 RGSEx13579@0.28 ACADx106@35.19 SPEXx4313@0.83 BVXx1472@2.50 
Purchases: YUMAx3089@1.20 GALEx2648@1.40 LLx123@29.94 OPTTx8428@0.44 SIEBx2233@1.66 

2015-03-16
Cash: 28.33
Held: GALEx2648@1.37 SIEBx2233@1.67 YUMAx3089@1.17 LLx123@29.69 OPTTx8428@0.41 
Value: 18105.53
Sales: YUMAx3089@1.17 GALEx2648@1.37 LLx123@29.69 OPTTx8428@0.41 SIEBx2233@1.67 
Purchases: PFIEx2550@1.42 PRTSx1691@2.14 SYNx1508@2.40 MTLx3514@1.03 HRTx541@6.69 

2015-03-17
Cash: 4.71
Held: PFIEx2550@1.35 HRTx541@6.74 PRTSx1691@2.15 SYNx1508@2.38 MTLx3514@1.26 
Value: 18745.09
Sales: PFIEx2550@1.35 HRTx541@6.74 SYNx1508@2.38 MTLx3514@1.26 PRTSx1691@2.15 
Purchases: RDNTx483@7.76 EGYx1096@3.42 WGBSx932@4.02 GLBSx3123@1.20 MDSYx1704@2.20 

2015-03-18
Cash: 6.06
Held: GLBSx3123@1.29 WGBSx932@4.11 RDNTx483@7.63 MDSYx1704@2.20 EGYx1096@3.03 
Value: 18617.13
Sales: RDNTx483@7.63 EGYx1096@3.03 WGBSx932@4.11 GLBSx3123@1.29 MDSYx1704@2.20 
Purchases: SHIPx5244@0.71 NKTRx313@11.89 XINx1320@2.82 WSCIx655@5.68 SQMx208@17.88 

2015-03-19
Cash: 11.32
Held: WSCIx655@5.73 SHIPx5244@0.71 XINx1320@2.81 NKTRx313@12.02 SQMx208@18.86 
Value: 18883.82
Sales: SQMx208@18.86 SHIPx5244@0.71 NKTRx313@12.02 XINx1320@2.81 WSCIx655@5.73 
Purchases: SGYx267@14.10 MTORx305@12.37 WINTx3045@1.24 DGICBx180@20.95 BOSCx1567@2.41 

2015-03-22
Cash: 21.92
Held: MTORx305@12.40 DGICBx180@22.00 WINTx3045@1.22 SGYx267@13.79 BOSCx1567@2.49 
Value: 19061.39
Sales: SGYx267@13.79 MTORx305@12.40 WINTx3045@1.22 DGICBx180@22.00 BOSCx1567@2.49 
Purchases: AEHRx1472@2.59 SCONx2666@1.43 YTENx6463@0.59 HMNYx1518@2.51 EGTx2106@1.81 

2015-03-23
Cash: 4.65
Held: AEHRx1472@2.52 YTENx6463@0.60 HMNYx1518@2.55 EGTx2106@1.83 SCONx2666@1.44 
Value: 19158.25
Sales: AEHRx1472@2.52 SCONx2666@1.44 YTENx6463@0.60 HMNYx1518@2.55 EGTx2106@1.83 
Purchases: TRXx10086@0.38 PARx950@4.03 COYNx271@14.12 CPRXx897@4.27 SITOx13683@0.28 

2015-03-24
Cash: 9.90
Held: CPRXx897@4.13 PARx950@4.03 TRXx10086@0.34 SITOx13683@0.27 COYNx271@12.75 
Value: 18123.27
Sales: TRXx10086@0.34 PARx950@4.03 SITOx13683@0.27 COYNx271@12.75 CPRXx897@4.13 
Purchases: PPCx152@23.80 HPJx871@4.16 SONSx432@8.38 ZAGGx441@8.21 CECOx720@5.03 

2015-03-25
Cash: 17.75
Held: ZAGGx441@8.20 HPJx871@3.91 CECOx720@5.02 SONSx432@8.08 PPCx152@23.55 
Value: 17724.01
Sales: PPCx152@23.55 HPJx871@3.91 SONSx432@8.08 ZAGGx441@8.20 CECOx720@5.02 
Purchases: IDRAx1015@3.49 IIJIx418@8.47 APOLx184@19.20 SONCx110@31.95 MCZx9577@0.37 

2015-03-26
Cash: 48.65
Held: SONCx110@32.06 IIJIx418@8.27 APOLx184@19.20 MCZx9577@0.37 IDRAx1015@3.43 
Value: 17592.95
Sales: IDRAx1015@3.43 IIJIx418@8.27 APOLx184@19.20 SONCx110@32.06 MCZx9577@0.37 
Purchases: ELONx374@9.40 MGAx67@52.06 WRLDx46@75.00 MTLx2859@1.23 MBVXx2171@1.62 

2015-03-29
Cash: 104.56
Held: ELONx374@9.28 WRLDx46@74.69 MGAx67@53.00 MTLx2859@1.35 MBVXx2171@1.86 
Value: 18459.73
Sales: ELONx374@9.28 MGAx67@53.00 WRLDx46@74.69 MTLx2859@1.35 MBVXx2171@1.86 
Purchases: SSGx79@46.72 REXXx959@3.85 WAFDWx854@4.32 XCOx2133@1.73 NTNx8791@0.42 

2015-03-30
Cash: 5.00
Held: WAFDWx854@4.65 REXXx959@3.72 NTNx8791@0.42 XCOx2133@1.83 SSGx79@47.97 
Value: 18927.54
Sales: SSGx79@47.97 NTNx8791@0.42 WAFDWx854@4.65 XCOx2133@1.83 REXXx959@3.72 
Purchases: WWEx270@14.01 GBRx1883@2.01 BDSIx360@10.50 GILx128@29.52 IRCPx127@29.75 

2015-03-31
Cash: 24.79
Held: GILx128@29.86 WWEx270@13.60 GBRx1883@2.03 BDSIx360@10.11 IRCPx127@29.75 
Value: 18758.01
Sales: WWEx270@13.60 IRCPx127@29.75 BDSIx360@10.11 GILx128@29.86 GBRx1883@2.03 
Purchases: ATVx669@5.60 SSNx2699@1.39 WTTx1459@2.57 ARCIx1914@1.96 BDRx4033@0.93 

2015-04-01
Cash: 7.05
Held: SSNx2699@1.66 WTTx1459@2.54 ATVx669@5.47 ARCIx1914@2.15 BDRx4033@0.94 
Value: 19757.53
Sales: ATVx669@5.47 SSNx2699@1.66 WTTx1459@2.54 ARCIx1914@2.15 BDRx4033@0.94 
Purchases: PEDx7903@0.50 VTNRx1405@2.81 NHFx520@7.59 WLDNx297@13.29 CTSOx512@7.71 

2015-04-05
Cash: 15.64
Held: VTNRx1405@2.55 WLDNx297@14.09 CTSOx512@7.30 PEDx7903@0.52 NHFx520@7.61 
Value: 19589.92
Sales: PEDx7903@0.52 VTNRx1405@2.55 CTSOx512@7.30 NHFx520@7.61 WLDNx297@14.09 
Purchases: SEACx599@6.53 JOBx4898@0.80 TRIBx225@17.39 SUNWx915@4.28 CTSOx536@7.30 

2015-04-06
Cash: 16.81
Held: JOBx4898@0.88 TRIBx225@17.45 SUNWx915@4.31 CTSOx536@8.21 SEACx599@6.42 
Value: 20443.55
Sales: SEACx599@6.42 JOBx4898@0.88 CTSOx536@8.21 SUNWx915@4.31 TRIBx225@17.45 
Purchases: NYMXx3029@1.35 SIEBx2418@1.69 NATHx80@50.59 AXNx2462@1.66 SYPRx2448@1.67 

2015-04-07
Cash: 45.35
Held: SYPRx2448@1.57 NYMXx3029@1.38 SIEBx2418@1.61 AXNx2462@1.75 NATHx80@49.66 
Value: 20243.97
Sales: NYMXx3029@1.38 SIEBx2418@1.61 NATHx80@49.66 AXNx2462@1.75 SYPRx2448@1.57 
Purchases: WGx1440@2.81 SRSCx462@8.76 IIINx193@20.89 RILYx404@10.00 ITUSx31143@0.13 

2015-04-08
Cash: 30.04
Held: ITUSx31143@0.14 SRSCx462@8.56 WGx1440@2.64 RILYx404@9.95 IIINx193@21.03 
Value: 20228.99
Sales: WGx1440@2.64 SRSCx462@8.56 IIINx193@21.03 RILYx404@9.95 ITUSx31143@0.14 
Purchases: UCOx526@7.68 TPLMx760@5.32 YANGx732@5.52 FXPx152@26.53 NUROx2931@1.38 

2015-04-09
Cash: 28.55
Held: FXPx152@26.86 NUROx2931@1.33 UCOx526@7.97 TPLMx760@5.37 YANGx732@5.61 
Value: 20389.29
Sales: UCOx526@7.97 TPLMx760@5.37 YANGx732@5.61 FXPx152@26.86 NUROx2931@1.33 
Purchases: WGx1550@2.63 SEVx540@7.55 XRAx7416@0.55 SYPRx2811@1.45 DRNx198@20.55 

2015-04-12
Cash: 11.91
Held: SYPRx2811@1.39 XRAx7416@0.54 DRNx198@20.38 SEVx540@7.55 WGx1550@2.68 
Value: 20188.33
Sales: WGx1550@2.68 SEVx540@7.55 XRAx7416@0.54 SYPRx2811@1.39 DRNx198@20.38 
Purchases: DGLYx279@14.43 ACHx254@15.88 FRPHx116@34.56 EXTRx1634@2.47 EDUx165@24.42 

2015-04-13
Cash: 52.22
Held: EDUx165@23.94 FRPHx116@34.47 DGLYx279@13.77 ACHx254@15.56 EXTRx1634@2.41 
Value: 19734.14
Sales: DGLYx279@13.77 ACHx254@15.56 FRPHx116@34.47 EXTRx1634@2.41 EDUx165@23.94 
Purchases: TEARx1794@2.20 COREx136@28.98 CTSOx532@7.41 HMNYx1715@2.30 MBVXx1014@3.89 

2015-04-14
Cash: 13.73
Held: COREx136@28.58 CTSOx532@7.29 HMNYx1715@2.35 TEARx1794@2.25 MBVXx1014@3.40 
Value: 19292.22
Sales: TEARx1794@2.25 COREx136@28.58 MBVXx1014@3.40 HMNYx1715@2.35 CTSOx532@7.29 
Purchases: OPXAx9188@0.42 NYMXx3784@1.02 HHx8575@0.45 STRMx1377@2.80 CBAKx905@4.26 

2015-04-15
Cash: 4.20
Held: OPXAx9188@0.43 HHx8575@0.45 NYMXx3784@1.02 STRMx1377@2.81 CBAKx905@4.44 
Value: 19560.25
Sales: OPXAx9188@0.43 NYMXx3784@1.02 HHx8575@0.45 STRMx1377@2.81 CBAKx905@4.44 
Purchases: CAPRx596@6.56 SCOx65@59.75 DTOx55@69.94 SSKNx2300@1.70 DXTRx8324@0.47 

2015-04-16
Cash: 98.53
Held: CAPRx596@6.57 SSKNx2300@1.60 SCOx65@60.28 DTOx55@71.00 DXTRx8324@0.45 
Value: 19262.21
Sales: DXTRx8324@0.45 SCOx65@60.28 DTOx55@71.00 SSKNx2300@1.60 CAPRx596@6.57 
Purchases: CNETx992@3.88 OCNx500@7.70 NLSTx6760@0.57 GLFx243@15.85 AGXx119@32.34 

2015-04-19
Cash: 9.94
Held: AGXx119@32.28 CNETx992@3.78 NLSTx6760@0.59 GLFx243@16.36 OCNx500@7.63 
Value: 19377.60
Sales: CNETx992@3.78 NLSTx6760@0.59 OCNx500@7.63 GLFx243@16.36 AGXx119@32.28 
Purchases: RNVAx3875@1.00 ATHXx2871@1.35 GNMKx357@10.85 DSSx14352@0.27 AMDx1556@2.49 

2015-04-20
Cash: 3.74
Held: GNMKx357@10.73 DSSx14352@0.29 RNVAx3875@0.95 AMDx1556@2.35 ATHXx2871@1.33 
Value: 19152.41
Sales: AMDx1556@2.35 GNMKx357@10.73 ATHXx2871@1.33 DSSx14352@0.29 RNVAx3875@0.95 
Purchases: PEDx6280@0.61 UNXLx666@5.75 FAROx84@45.56 BCLIx874@4.38 ZIOPx352@10.85 

2015-04-21
Cash: 18.81
Held: FAROx84@44.62 PEDx6280@0.62 ZIOPx352@10.88 BCLIx874@4.29 UNXLx666@5.76 
Value: 19078.34
Sales: PEDx6280@0.62 UNXLx666@5.76 FAROx84@44.62 BCLIx874@4.29 ZIOPx352@10.88 
Purchases: NYMXx2889@1.32 NBYx5779@0.66 NVGNx515@7.40 SKLNx620@6.15 GLFx277@13.77 

2015-04-22
Cash: 11.45
Held: NBYx5779@0.63 SKLNx620@6.15 NVGNx515@6.55 NYMXx2889@1.44 GLFx277@13.63 
Value: 18774.91
Sales: NYMXx2889@1.44 NBYx5779@0.63 NVGNx515@6.55 SKLNx620@6.15 GLFx277@13.63 
Purchases: BIOPx6829@0.55 EMMSx590@6.36 VIRCx1351@2.78 PWx607@6.18 HMNYx1340@2.80 

2015-04-23
Cash: 9.32
Held: VIRCx1351@2.78 HMNYx1340@2.89 PWx607@6.25 EMMSx590@6.00 BIOPx6829@0.56 
Value: 18795.98
Sales: BIOPx6829@0.56 EMMSx590@6.00 HMNYx1340@2.89 VIRCx1351@2.78 PWx607@6.25 
Purchases: SGCx197@19.02 SNAKx431@8.71 CIDMx3956@0.95 NVGNx574@6.54 ERICx329@11.41 

2015-04-26
Cash: 30.43
Held: ERICx329@11.40 SNAKx431@9.17 CIDMx3956@0.88 NVGNx574@6.33 SGCx197@18.30 
Value: 18451.24
Sales: SGCx197@18.30 SNAKx431@9.17 ERICx329@11.40 NVGNx574@6.33 CIDMx3956@0.88 
Purchases: MBOTx6149@0.60 SPNCx140@26.19 TRNx131@28.12 DRRXx1782@2.07 CPRXx1101@3.35 

2015-04-27
Cash: 33.40
Held: MBOTx6149@0.62 CPRXx1101@3.55 DRRXx1782@2.01 TRNx131@28.20 SPNCx140@26.11 
Value: 18687.23
Sales: MBOTx6149@0.62 SPNCx140@26.11 TRNx131@28.20 DRRXx1782@2.01 CPRXx1101@3.55 
Purchases: AIRTx187@19.98 IGCx7474@0.50 CLDXx156@23.92 IMGNx430@8.68 CBMGx152@24.56 

2015-04-28
Cash: 15.58
Held: AIRTx187@20.45 CLDXx156@24.55 IGCx7474@0.50 IMGNx430@8.64 CBMGx152@26.41 
Value: 19135.84
Sales: IGCx7474@0.50 CBMGx152@26.41 AIRTx187@20.45 CLDXx156@24.55 IMGNx430@8.64 
Purchases: UNXLx1090@3.51 IDXXx29@130.62 GLBSx2376@1.61 SYMXx2621@1.46 PRTSx2362@1.62 

2015-04-29
Cash: 42.60
Held: IDXXx29@125.38 PRTSx2362@1.60 SYMXx2621@1.49 GLBSx2376@1.61 UNXLx1090@3.50 
Value: 19003.86
Sales: PRTSx2362@1.60 IDXXx29@125.38 GLBSx2376@1.61 SYMXx2621@1.49 UNXLx1090@3.50 
Purchases: SMSIx3064@1.24 UAMYx3456@1.10 SSYSx101@37.44 BWLDx23@159.25 DHXx499@7.60 

2015-04-30
Cash: 166.41
Held: UAMYx3456@1.16 DHXx499@7.66 SMSIx3064@1.23 BWLDx23@157.38 SSYSx101@36.72 
Value: 19096.70
Sales: UAMYx3456@1.16 SMSIx3064@1.23 SSYSx101@36.72 BWLDx23@157.38 DHXx499@7.66 
Purchases: STMx480@7.94 REISx171@22.30 AEx82@46.41 QUIKx2246@1.70 NOKx587@6.50 

2015-05-03
Cash: 32.61
Held: QUIKx2246@1.71 STMx480@7.77 REISx171@22.56 AEx82@47.00 NOKx587@6.54 
Value: 19153.18
Sales: STMx480@7.77 NOKx587@6.54 AEx82@47.00 QUIKx2246@1.71 REISx171@22.56 
Purchases: GTLSx106@36.06 ABAXx69@55.09 TYPEx141@27.12 TUESx274@13.93 SCONx3483@1.10 

2015-05-04
Cash: 57.78
Held: ABAXx69@53.16 TUESx274@13.39 GTLSx106@35.56 TYPEx141@27.02 SCONx3483@1.10 
Value: 18803.36
Sales: GTLSx106@35.56 ABAXx69@53.16 TYPEx141@27.02 TUESx274@13.39 SCONx3483@1.10 
Purchases: GYROx1146@3.28 GIIIx66@56.19 VSECx63@58.81 EMMSx746@5.04 OIBR.Cx2137@1.76 

2015-05-05
Cash: 111.97
Held: VSECx63@65.56 GIIIx66@56.25 OIBR.Cx2137@1.94 GYROx1146@3.33 EMMSx746@4.92 
Value: 19589.59
Sales: GYROx1146@3.33 GIIIx66@56.25 VSECx63@65.56 EMMSx746@4.92 OIBR.Cx2137@1.94 
Purchases: CLBSx1645@2.38 WACx230@16.98 AVPx554@7.07 KLICx296@13.21 MAVx284@13.77 

2015-05-06
Cash: 27.62
Held: KLICx296@13.34 AVPx554@7.02 CLBSx1645@2.35 MAVx284@13.78 WACx230@18.92 
Value: 19997.21
Sales: CLBSx1645@2.35 WACx230@18.92 AVPx554@7.02 KLICx296@13.34 MAVx284@13.78 
Purchases: CLUBx799@5.00 KONAx192@20.77 CEQPx7@555.00 LINKx533@7.50 IMHx187@21.30 

2015-05-07
Cash: 150.19
Held: KONAx192@20.72 IMHx187@19.06 CEQPx7@520.00 CLUBx799@4.76 LINKx533@7.50 
Value: 19134.99
Sales: CLUBx799@4.76 KONAx192@20.72 CEQPx7@520.00 LINKx533@7.50 IMHx187@19.06 
Purchases: PMTx210@18.22 NETEx4724@0.81 LOVx1203@3.18 KATEx133@28.62 WFMx89@42.59 

2015-05-10
Cash: 59.21
Held: LOVx1203@3.16 KATEx133@29.20 WFMx89@42.72 PMTx210@18.27 NETEx4724@0.87 
Value: 19493.07
Sales: PMTx210@18.27 NETEx4724@0.87 LOVx1203@3.16 KATEx133@29.20 WFMx89@42.72 
Purchases: PRKRx10262@0.38 PROx216@18.03 ENOCx387@10.06 QUMUx395@9.86 CBLIx1968@1.98 

2015-05-11
Cash: 13.76
Held: CBLIx1968@2.00 PROx216@18.42 ENOCx387@10.41 PRKRx10262@0.38 QUMUx395@9.92 
Value: 19773.60
Sales: PRKRx10262@0.38 CBLIx1968@2.00 ENOCx387@10.41 QUMUx395@9.92 PROx216@18.42 
Purchases: RDNTx544@7.27 CTSOx574@6.88 VRTSx34@115.06 VIVEx11981@0.33 STRLx1213@3.26 

2015-05-12
Cash: 49.60
Held: VRTSx34@116.06 STRLx1213@3.36 CTSOx574@6.37 RDNTx544@6.95 VIVEx11981@0.47 
Value: 21138.75
Sales: RDNTx544@6.95 CTSOx574@6.37 VRTSx34@116.06 VIVEx11981@0.47 STRLx1213@3.36 
Purchases: NMRXx462@9.14 DEPOx212@19.91 KOSSx1571@2.69 KNDIx400@10.56 SRTx660@6.40 

2015-05-13
Cash: 22.56
Held: SRTx660@6.56 KNDIx400@9.07 KOSSx1571@2.73 NMRXx462@9.18 DEPOx212@20.02 
Value: 20753.25
Sales: NMRXx462@9.18 DEPOx212@20.02 KOSSx1571@2.73 KNDIx400@9.07 SRTx660@6.56 
Purchases: ATVx386@10.73 DCOx170@24.41 OREXx828@5.01 CECOx993@4.18 EBRx1773@2.34 

2015-05-14
Cash: 15.06
Held: DCOx170@25.02 EBRx1773@2.37 CECOx993@4.12 ATVx386@10.80 OREXx828@5.01 
Value: 20877.74
Sales: ATVx386@10.80 DCOx170@25.02 OREXx828@5.01 CECOx993@4.12 EBRx1773@2.37 
Purchases: DGLYx270@15.46 GIGAx2087@2.00 OHGIx2163@1.93 PTIEx1898@2.20 DGSEx4640@0.90 

2015-05-17
Cash: 5.71
Held: DGSEx4640@0.87 PTIEx1898@2.08 GIGAx2087@2.13 OHGIx2163@2.05 DGLYx270@14.44 
Value: 20772.11
Sales: DGLYx270@14.44 GIGAx2087@2.13 OHGIx2163@2.05 PTIEx1898@2.08 DGSEx4640@0.87 
Purchases: HGGx944@4.40 URGx4327@0.96 SSYx3053@1.36 GVx3010@1.38 SOFOx620@6.69 

2015-05-18
Cash: 10.96
Held: GVx3010@1.34 SSYx3053@1.44 URGx4327@0.94 SOFOx620@6.84 HGGx944@4.19 
Value: 20706.04
Sales: GVx3010@1.34 HGGx944@4.19 URGx4327@0.94 SSYx3053@1.44 SOFOx620@6.84 
Purchases: HPJx943@4.39 CYRXx574@7.21 INVTx13801@0.30 FLLx2689@1.54 WTWx634@6.53 

2015-05-19
Cash: 3.65
Held: HPJx943@4.64 INVTx13801@0.31 WTWx634@6.52 FLLx2689@1.56 CYRXx574@7.10 
Value: 21062.24
Sales: HPJx943@4.64 CYRXx574@7.10 INVTx13801@0.31 FLLx2689@1.56 WTWx634@6.52 
Purchases: HRTXx339@12.40 OSURx668@6.30 URBNx123@34.12 BIOLx2314@1.82 AEZSx142@29.50 

2015-05-20
Cash: 51.67
Held: OSURx668@6.42 URBNx123@34.53 HRTXx339@12.69 BIOLx2314@1.83 AEZSx142@31.53 
Value: 21602.13
Sales: HRTXx339@12.69 OSURx668@6.42 URBNx123@34.53 BIOLx2314@1.83 AEZSx142@31.53 
Purchases: FASx130@33.00 FANHx514@8.39 UMDDx63@68.06 UYGx56@76.38 INDLx205@21.05 

2015-05-21
Cash: 119.80
Held: UYGx56@76.25 FASx130@33.00 FANHx514@8.50 UMDDx63@68.00 INDLx205@21.17 
Value: 21673.04
Sales: FASx130@33.00 INDLx205@21.17 UMDDx63@68.00 UYGx56@76.25 FANHx514@8.50 
Purchases: ISRx2355@1.84 LLx205@21.05 HYGSx471@9.19 CNITx1140@3.80 DGSEx7739@0.56 

2015-05-25
Cash: 31.10
Held: ISRx2355@1.94 DGSEx7739@0.51 HYGSx471@9.02 LLx205@22.05 CNITx1140@3.98 
Value: 21853.27
Sales: ISRx2355@1.94 LLx205@22.05 HYGSx471@9.02 CNITx1140@3.98 DGSEx7739@0.51 
Purchases: FNCXx1813@2.41 QUMUx547@7.98 YANGx86@50.75 GFNx740@5.90 OESXx1976@2.21 

2015-05-26
Cash: 20.18
Held: FNCXx1813@2.31 OESXx1976@2.62 QUMUx547@7.91 GFNx740@5.80 YANGx86@50.81 
Value: 22373.94
Sales: GFNx740@5.80 FNCXx1813@2.31 YANGx86@50.81 QUMUx547@7.91 OESXx1976@2.62 
Purchases: UAMYx5085@0.88 ROIAx1285@3.48 CYRNx1811@2.47 RTNBx2171@2.06 RADAx2071@2.16 

2015-05-27
Cash: 5.76
Held: RADAx2071@2.13 UAMYx5085@0.82 ROIAx1285@3.57 CYRNx1811@2.54 RTNBx2171@2.04 
Value: 22200.47
Sales: UAMYx5085@0.82 ROIAx1285@3.57 CYRNx1811@2.54 RTNBx2171@2.04 RADAx2071@2.13 
Purchases: SOXSx119@37.09 AWXx1864@2.38 PRTSx1874@2.37 LFCx182@24.36 DGSEx11996@0.37 

2015-05-28
Cash: 35.29
Held: DGSEx11996@0.40 AWXx1864@2.37 PRTSx1874@2.25 LFCx182@23.84 SOXSx119@36.78 
Value: 22181.63
Sales: PRTSx1874@2.25 AWXx1864@2.37 SOXSx119@36.78 LFCx182@23.84 DGSEx11996@0.40 
Purchases: YINNx84@52.72 WILCx912@4.86 XCRAx574@7.72 HNRGx521@8.50 SMTCx207@21.36 

2015-05-31
Cash: 41.05
Held: XCRAx574@7.83 WILCx912@5.00 SMTCx207@21.62 HNRGx521@7.97 YINNx84@54.38 
Value: 22289.99
Sales: YINNx84@54.38 SMTCx207@21.62 XCRAx574@7.83 HNRGx521@7.97 WILCx912@5.00 
Purchases: TGBx7077@0.63 ANFx218@20.41 WSTLx4414@1.01 INTGx222@20.00 OHGIx1273@3.50 

2015-06-01
Cash: 31.14
Held: WSTLx4414@1.07 INTGx222@20.05 OHGIx1273@3.51 TGBx7077@0.63 ANFx218@21.16 
Value: 22743.58
Sales: TGBx7077@0.63 ANFx218@21.16 WSTLx4414@1.07 INTGx222@20.05 OHGIx1273@3.51 
Purchases: HQCLx2584@1.76 ATVx512@8.87 PATKx114@39.62 VIVEx5350@0.85 AUMNx11374@0.40 

2015-06-02
Cash: 42.58
Held: HQCLx2584@1.50 ATVx512@8.87 AUMNx11374@0.40 VIVEx5350@0.85 PATKx114@39.94 
Value: 22107.97
Sales: HQCLx2584@1.50 ATVx512@8.87 PATKx114@39.94 VIVEx5350@0.85 AUMNx11374@0.40 
Purchases: IRMx128@34.28 FSNNx1519@2.91 MOSYx2096@2.11 IMGNx321@13.75 PPLx140@31.45 

2015-06-03
Cash: 61.01
Held: PPLx140@31.45 FSNNx1519@2.77 IMGNx321@14.66 IRMx128@32.88 MOSYx2096@2.14 
Value: 22070.77
Sales: IRMx128@32.88 MOSYx2096@2.14 FSNNx1519@2.77 IMGNx321@14.66 PPLx140@31.45 
Purchases: EMITFx2884@1.53 MGCDx798@5.53 PYDSx16347@0.27 RENx4204@1.05 RAVEx406@10.85 

2015-06-04
Cash: 10.40
Held: RAVEx406@11.18 RENx4204@1.08 PYDSx16347@0.28 EMITFx2884@1.52 MGCDx798@5.35 
Value: 22320.51
Sales: RAVEx406@11.18 EMITFx2884@1.52 PYDSx16347@0.28 RENx4204@1.08 MGCDx798@5.35 
Purchases: JNPx616@7.24 HKx3749@1.19 FTRx898@4.97 KONEx1121@3.98 OPKx275@16.19 

2015-06-07
Cash: 23.21
Held: JNPx616@7.29 KONEx1121@4.06 OPKx275@16.72 HKx3749@1.26 FTRx898@5.03 
Value: 22901.53
Sales: HKx3749@1.26 JNPx616@7.29 KONEx1121@4.06 FTRx898@5.03 OPKx275@16.72 
Purchases: LTBRx3523@1.30 ZUMZx192@23.83 ESLx49@92.75 EXPOx106@43.16 CYRXx654@7.00 

2015-06-08
Cash: 50.01
Held: EXPOx106@42.97 ESLx49@92.62 ZUMZx192@23.61 LTBRx3523@1.23 CYRXx654@7.90 
Value: 23176.84
Sales: LTBRx3523@1.23 ZUMZx192@23.61 ESLx49@92.62 EXPOx106@42.97 CYRXx654@7.90 
Purchases: EMITFx3407@1.36 JBLUx245@18.88 TURx107@43.09 HAx214@21.61 PXLWx727@6.37 

2015-06-09
Cash: 50.52
Held: TURx107@44.41 PXLWx727@6.46 JBLUx245@19.16 HAx214@22.41 EMITFx3407@1.40 
Value: 23758.44
Sales: EMITFx3407@1.40 JBLUx245@19.16 TURx107@44.41 HAx214@22.41 PXLWx727@6.46 
Purchases: ADXSx199@23.84 CBKx1091@4.35 AVIDx296@16.00 HOTRx1715@2.77 DGSEx15325@0.31 

2015-06-10
Cash: 28.59
Held: DGSEx15325@0.30 ADXSx199@24.45 HOTRx1715@2.85 CBKx1091@4.31 AVIDx296@15.91 
Value: 23789.02
Sales: ADXSx199@24.45 CBKx1091@4.31 AVIDx296@15.91 HOTRx1715@2.85 DGSEx15325@0.30 
Purchases: DPKx185@25.62 NETEx8653@0.55 AXNx2105@2.26 SHLDx166@28.55 BOSCx1881@2.53 

2015-06-11
Cash: 37.74
Held: DPKx185@26.27 SHLDx166@28.06 AXNx2105@2.20 BOSCx1881@2.57 NETEx8653@0.55 
Value: 23776.82
Sales: AXNx2105@2.20 NETEx8653@0.55 DPKx185@26.27 SHLDx166@28.06 BOSCx1881@2.57 
Purchases: GALTx1463@3.25 AVDx348@13.66 YTENx1476@3.22 CURx201@23.66 TMVx139@34.19 

2015-06-14
Cash: 8.97
Held: GALTx1463@3.17 AVDx348@13.57 YTENx1476@3.19 TMVx139@34.03 CURx201@25.22 
Value: 23875.98
Sales: GALTx1463@3.17 AVDx348@13.57 YTENx1476@3.19 CURx201@25.22 TMVx139@34.03 
Purchases: CLDx1065@4.48 RGSEx1545@3.09 OCCx1371@3.48 EXASx182@26.23 DDCx292@16.31 

2015-06-15
Cash: 20.85
Held: RGSEx1545@2.92 CLDx1065@4.40 DDCx292@15.93 OCCx1371@3.50 EXASx182@26.59 
Value: 23506.49
Sales: CLDx1065@4.40 RGSEx1545@2.92 OCCx1371@3.50 EXASx182@26.59 DDCx292@15.93 
Purchases: AMCNx823@5.71 PYDSx18805@0.25 CBLIx1631@2.88 YINNx100@46.66 AMOTx190@24.70 

2015-06-16
Cash: 47.24
Held: CBLIx1631@2.83 AMCNx823@4.63 PYDSx18805@0.27 YINNx100@47.22 AMOTx190@24.06 
Value: 22844.15
Sales: AMCNx823@4.63 CBLIx1631@2.83 PYDSx18805@0.27 YINNx100@47.22 AMOTx190@24.06 
Purchases: SGOCx6258@0.73 AGFx384@11.88 IDXXx68@66.38 GBXx87@52.50 OGENx2786@1.64 

2015-06-17
Cash: 63.88
Held: AGFx384@11.41 SGOCx6258@0.70 IDXXx68@67.25 OGENx2786@1.49 GBXx87@53.88 
Value: 22237.62
Sales: SGOCx6258@0.70 AGFx384@11.41 IDXXx68@67.25 GBXx87@53.88 OGENx2786@1.49 
Purchases: EDNx330@13.45 CASIx2647@1.68 XCOx2945@1.51 XTNTx1339@3.32 KOOLx5054@0.88 

2015-06-18
Cash: 12.87
Held: EDNx330@13.30 XTNTx1339@3.40 KOOLx5054@0.85 CASIx2647@1.58 XCOx2945@1.21 
Value: 20996.15
Sales: CASIx2647@1.58 EDNx330@13.30 XCOx2945@1.21 XTNTx1339@3.40 KOOLx5054@0.85 
Purchases: AVHIx288@14.57 AGENx486@8.63 TEUMx10770@0.39 OGENx2895@1.45 WKHSx16796@0.25 

2015-06-21
Cash: 7.90
Held: AVHIx288@14.87 TEUMx10770@0.40 AGENx486@8.32 OGENx2895@1.49 WKHSx16796@0.25 
Value: 21153.50
Sales: AVHIx288@14.87 AGENx486@8.32 TEUMx10770@0.40 WKHSx16796@0.25 OGENx2895@1.49 
Purchases: KEGx2460@1.72 NNBRx164@25.73 FNSRx213@19.78 ATLCx1386@3.05 DGSEx10579@0.40 

2015-06-22
Cash: 30.18
Held: DGSEx10579@0.36 NNBRx164@22.50 FNSRx213@19.78 KEGx2460@1.85 ATLCx1386@3.01 
Value: 20464.73
Sales: KEGx2460@1.85 ATLCx1386@3.01 FNSRx213@19.78 NNBRx164@22.50 DGSEx10579@0.36 
Purchases: PRSCx85@47.69 BWXTx174@23.45 OHGIx1179@3.47 RTNBx4014@1.02 SGYPx504@8.12 

2015-06-23
Cash: 55.03
Held: BWXTx174@23.41 OHGIx1179@3.30 PRSCx85@45.75 RTNBx4014@1.17 SGYPx504@8.30 
Value: 20785.78
Sales: PRSCx85@45.75 BWXTx174@23.41 OHGIx1179@3.30 RTNBx4014@1.17 SGYPx504@8.30 
Purchases: OPXAx8661@0.48 SONCx136@30.41 AXNx2247@1.85 AFAMx106@38.88 VICLx5261@0.79 

2015-06-24
Cash: 60.20
Held: OPXAx8661@0.48 SONCx136@30.08 VICLx5261@0.76 AXNx2247@1.83 AFAMx106@39.28 
Value: 20581.06
Sales: OPXAx8661@0.48 SONCx136@30.08 AXNx2247@1.83 AFAMx106@39.28 VICLx5261@0.76 
Purchases: USAKx187@21.97 BCPCx71@57.94 KOOLx4958@0.83 EPCx40@101.69 FPPx3242@1.27 

2015-06-25
Cash: 60.50
Held: KOOLx4958@0.79 EPCx40@135.38 BCPCx71@58.56 USAKx187@21.62 FPPx3242@1.25 
Value: 21646.82
Sales: USAKx187@21.62 BCPCx71@58.56 EPCx40@135.38 FPPx3242@1.25 KOOLx4958@0.79 
Purchases: IKGHx2042@2.12 WRLDx70@61.38 MEIx142@30.41 CREEx160@27.00 OGENx3355@1.29 

2015-06-28
Cash: 57.52
Held: CREEx160@25.95 WRLDx70@61.91 IKGHx2042@2.21 MEIx142@27.80 OGENx3355@1.30 
Value: 21366.19
Sales: IKGHx2042@2.21 WRLDx70@61.91 MEIx142@27.80 CREEx160@25.95 OGENx3355@1.30 
Purchases: MUx228@18.73 RGSEx1606@2.66 CPSTx520@8.20 AOIx199@21.41 PRKRx11248@0.38 

2015-06-29
Cash: 24.15
Held: RGSEx1606@2.23 MUx228@18.84 PRKRx11248@0.38 AOIx199@23.91 CPSTx520@8.21 
Value: 21202.61
Sales: MUx228@18.84 RGSEx1606@2.23 CPSTx520@8.21 AOIx199@23.91 PRKRx11248@0.38 
Purchases: UAMYx6234@0.68 VTNRx1789@2.37 CRMDx1092@3.88 EPCx43@97.62 MBIx705@6.01 

2015-06-30
Cash: 49.97
Held: VTNRx1789@2.18 UAMYx6234@0.74 EPCx43@101.12 CRMDx1092@3.74 MBIx705@5.88 
Value: 21141.39
Sales: UAMYx6234@0.74 VTNRx1789@2.18 CRMDx1092@3.74 EPCx43@101.12 MBIx705@5.88 
Purchases: ETRMx6@625.00 WKHSx23483@0.18 APOLx339@12.45 TUESx385@10.97 ABEOx847@4.99 

2015-07-01
Cash: 493.54
Held: TUESx385@10.99 ABEOx847@5.10 APOLx339@12.93 ETRMx6@555.50 WKHSx23483@0.19 
Value: 21223.11
Sales: ETRMx6@555.50 ABEOx847@5.10 APOLx339@12.93 TUESx385@10.99 WKHSx23483@0.19 
Purchases: RENXx271@15.61 BLDPx2496@1.70 RELXx256@16.56 BAXx110@38.31 CRKx346@12.25 

2015-07-05
Cash: 56.41
Held: BAXx110@38.03 RELXx256@16.20 RENXx271@15.27 CRKx346@10.60 BLDPx2496@1.64 
Value: 20287.65
Sales: RENXx271@15.27 BLDPx2496@1.64 RELXx256@16.20 BAXx110@38.03 CRKx346@10.60 
Purchases: NIx240@16.84 WUx214@18.95 PHMDx3654@1.11 XCOx4831@0.84 LBTYAx80@50.50 

2015-07-06
Cash: 34.67
Held: LBTYAx80@49.78 WUx214@19.09 NIx240@17.12 PHMDx3654@1.12 XCOx4831@0.93 
Value: 20799.82
Sales: NIx240@17.12 WUx214@19.09 XCOx4831@0.93 LBTYAx80@49.78 PHMDx3654@1.12 
Purchases: RGSEx2537@1.64 SILCx153@27.09 KELYBx276@15.02 FSNNx2177@1.91 ALLTx732@5.68 

2015-07-07
Cash: 32.28
Held: RGSEx2537@1.42 ALLTx732@5.49 KELYBx276@15.02 SILCx153@25.91 FSNNx2177@1.97 
Value: 20050.27
Sales: SILCx153@25.91 RGSEx2537@1.42 ALLTx732@5.49 KELYBx276@15.02 FSNNx2177@1.97 
Purchases: ETRMx10@388.75 UAMYx5895@0.68 STVx1473@2.72 AMDx1995@2.01 MXCx1055@3.80 

2015-07-08
Cash: 126.23
Held: UAMYx5895@0.65 STVx1473@3.32 ETRMx10@401.75 AMDx1995@1.98 MXCx1055@3.75 
Value: 20773.01
Sales: UAMYx5895@0.65 ETRMx10@401.75 STVx1473@3.32 AMDx1995@1.98 MXCx1055@3.75 
Purchases: PRFTx272@15.22 PLUGx1783@2.33 PFBXx432@9.60 MNTXx639@6.50 OBCIx1254@3.31 

2015-07-09
Cash: 26.18
Held: OBCIx1254@3.33 PFBXx432@9.58 MNTXx639@6.62 PLUGx1783@2.28 PRFTx272@15.90 
Value: 20959.08
Sales: PLUGx1783@2.28 MNTXx639@6.62 PFBXx432@9.58 PRFTx272@15.90 OBCIx1254@3.33 
Purchases: LPTHx2205@1.90 YANGx54@77.56 SCLNx464@9.02 CACCx16@250.62 NTNx20964@0.20 

2015-07-12
Cash: 191.70
Held: SCLNx464@9.21 LPTHx2205@1.91 CACCx16@249.75 NTNx20964@0.21 YANGx54@76.56 
Value: 21209.46
Sales: LPTHx2205@1.91 YANGx54@76.56 SCLNx464@9.21 CACCx16@249.75 NTNx20964@0.21 
Purchases: EPVx83@50.91 YANGx55@76.56 DPKx161@26.33 FXPx124@34.00 EFUx116@36.41 

2015-07-13
Cash: 95.35
Held: DPKx161@25.62 FXPx124@34.34 EPVx83@50.09 EFUx116@35.88 YANGx55@77.69 
Value: 21071.70
Sales: EPVx83@50.09 YANGx55@77.69 DPKx161@25.62 FXPx124@34.34 EFUx116@35.88 
Purchases: YTENx1254@3.36 NETEx15049@0.28 FELEx149@28.22 KONEx874@4.82 VXXx237@17.77 

2015-07-14
Cash: 16.88
Held: FELEx149@27.75 VXXx237@17.70 YTENx1254@3.33 KONEx874@4.85 NETEx15049@0.27 
Value: 20826.98
Sales: YTENx1254@3.33 NETEx15049@0.27 FELEx149@27.75 VXXx237@17.70 KONEx874@4.85 
Purchases: CBLIx1105@3.77 AXNx2758@1.51 ITUBx419@9.93 FORMx537@7.75 KATEx194@21.45 

2015-07-15
Cash: 13.52
Held: ITUBx419@9.88 CBLIx1105@3.89 FORMx537@7.72 KATEx194@21.20 AXNx2758@1.53 
Value: 20932.42
Sales: CBLIx1105@3.89 AXNx2758@1.53 FORMx537@7.72 ITUBx419@9.88 KATEx194@21.20 
Purchases: FSIx3269@1.28 IECx1156@3.62 REIx415@10.07 GASLx316@13.24 IHTx1709@2.45 

2015-07-16
Cash: 14.06
Held: IHTx1709@2.45 FSIx3269@1.22 GASLx316@11.60 REIx415@9.82 IECx1156@3.97 
Value: 20518.72
Sales: FSIx3269@1.22 IECx1156@3.97 REIx415@9.82 GASLx316@11.60 IHTx1709@2.45 
Purchases: TIVOx301@13.63 QTMx3181@1.29 TZOOx429@9.56 SPEXx17099@0.24 DCTHx7598@0.54 

2015-07-19
Cash: 2.50
Held: SPEXx17099@0.22 DCTHx7598@0.52 QTMx3181@1.27 TIVOx301@13.58 TZOOx429@9.21 
Value: 19791.78
Sales: TIVOx301@13.58 QTMx3181@1.27 TZOOx429@9.21 SPEXx17099@0.22 DCTHx7598@0.52 
Purchases: MSBFx331@11.95 ZIONWx824@4.80 CYRXx659@6.00 RDCx230@17.19 DGSEx9426@0.42 

2015-07-20
Cash: 14.14
Held: MSBFx331@11.92 DGSEx9426@0.43 ZIONWx824@5.25 RDCx230@17.48 CYRXx659@6.00 
Value: 20314.22
Sales: MSBFx331@11.92 ZIONWx824@5.25 CYRXx659@6.00 RDCx230@17.48 DGSEx9426@0.43 
Purchases: USEGx10694@0.38 HMSYx347@11.70 SAx1001@4.06 CJJDx1532@2.65 NRTx460@8.83 

2015-07-21
Cash: 6.78
Held: NRTx460@8.81 USEGx10694@0.37 CJJDx1532@2.67 HMSYx347@11.50 SAx1001@3.72 
Value: 19823.81
Sales: USEGx10694@0.37 CJJDx1532@2.67 SAx1001@3.72 HMSYx347@11.50 NRTx460@8.81 
Purchases: HNRx3509@1.13 CYTRx1400@2.83 EVKx924@4.29 WPCSx2831@1.40 ATIx192@20.56 

2015-07-22
Cash: 21.34
Held: EVKx924@4.26 WPCSx2831@1.50 HNRx3509@1.24 ATIx192@21.67 CYTRx1400@2.80 
Value: 20639.75
Sales: HNRx3509@1.24 CYTRx1400@2.80 EVKx924@4.26 ATIx192@21.67 WPCSx2831@1.50 
Purchases: PEDx11153@0.37 CYRXx1031@4.00 MVOx663@6.22 LODEx10866@0.38 REXXx1587@2.60 

2015-07-23
Cash: 11.41
Held: PEDx11153@0.37 REXXx1587@2.31 CYRXx1031@2.25 MVOx663@5.92 LODEx10866@0.38 
Value: 18179.93
Sales: PEDx11153@0.37 CYRXx1031@2.25 MVOx663@5.92 LODEx10866@0.38 REXXx1587@2.31 
Purchases: CABx79@45.72 HZOx194@18.70 MOSYx2578@1.41 URIx56@64.75 QSIIx287@12.65 

2015-07-26
Cash: 48.26
Held: URIx56@65.19 CABx79@43.47 QSIIx287@12.65 HZOx194@18.27 MOSYx2578@1.39 
Value: 17888.93
Sales: CABx79@43.47 HZOx194@18.27 MOSYx2578@1.39 URIx56@65.19 QSIIx287@12.65 
Purchases: SPNCx231@15.48 WLBx265@13.46 DRWIx622@5.75 UISx220@16.20 KERXx467@7.66 

2015-07-27
Cash: 28.22
Held: UISx220@16.03 DRWIx622@6.25 KERXx467@8.09 SPNCx231@15.65 WLBx265@13.99 
Value: 18545.09
Sales: SPNCx231@15.65 WLBx265@13.99 UISx220@16.03 DRWIx622@6.25 KERXx467@8.09 
Purchases: MNIx4524@0.82 MBVXx2332@1.59 MYLx65@56.34 CEIx1941@1.91 CRKx533@6.95 

2015-07-28
Cash: 54.80
Held: MNIx4524@0.82 MYLx65@57.25 CEIx1941@1.87 CRKx533@7.10 MBVXx2332@1.80 
Value: 19097.11
Sales: MNIx4524@0.82 MBVXx2332@1.80 MYLx65@57.25 CEIx1941@1.87 CRKx533@7.10 
Purchases: SRNEx198@19.20 HHx27278@0.14 RWCx1133@3.37 IMMUx1810@2.11 CEIx2042@1.87 

2015-07-29
Cash: 21.59
Held: HHx27278@0.15 RWCx1133@3.44 SRNEx198@20.39 IMMUx1810@2.11 CEIx2042@2.10 
Value: 20153.57
Sales: IMMUx1810@2.11 HHx27278@0.15 RWCx1133@3.44 SRNEx198@20.39 CEIx2042@2.10 
Purchases: IGCx13897@0.29 CYRXx1612@2.50 GIGAx2600@1.55 MDCOx132@30.41 EVRIx772@5.22 

2015-07-30
Cash: 20.90
Held: MDCOx132@31.39 GIGAx2600@1.51 CYRXx1612@2.51 IGCx13897@0.28 EVRIx772@5.05 
Value: 19926.37
Sales: IGCx13897@0.28 CYRXx1612@2.51 GIGAx2600@1.51 MDCOx132@31.39 EVRIx772@5.05 
Purchases: TASRx146@27.22 CMPRx61@64.50 XCOx6870@0.58 MMYTx272@14.60 IXYSx380@10.46 

2015-08-02
Cash: 86.02
Held: TASRx146@25.12 MMYTx272@14.08 IXYSx380@10.63 CMPRx61@65.75 XCOx6870@0.57 
Value: 19549.43
Sales: TASRx146@25.12 XCOx6870@0.57 MMYTx272@14.08 CMPRx61@65.75 IXYSx380@10.63 
Purchases: REN           x1421@2.75 PRKRx13480@0.29 SNOAx2772@1.41 UQMx6016@0.65 RADAx3521@1.11 

2015-08-03
Cash: 3.64
Held: RADAx3521@1.18 SNOAx2772@1.29 PRKRx13480@0.27 REN           x1421@2.75 UQMx6016@0.67 
Value: 19311.17
Sales: REN           x1421@2.75 PRKRx13480@0.27 SNOAx2772@1.29 UQMx6016@0.67 RADAx3521@1.18 
Purchases: HMSYx427@9.04 WLBx283@13.62 NRPx1615@2.39 GASLx612@6.31 INVEx1044@3.70 

2015-08-04
Cash: 14.12
Held: INVEx1044@2.64 HMSYx427@8.81 NRPx1615@2.25 GASLx612@5.83 WLBx283@12.26 
Value: 17203.39
Sales: WLBx283@12.26 HMSYx427@8.81 INVEx1044@2.64 NRPx1615@2.25 GASLx612@5.83 
Purchases: HOVNPx573@6.00 TRSx214@16.03 FSTRx171@20.06 NRGx171@20.03 STONx134@25.61 

2015-08-05
Cash: 47.02
Held: NRGx171@19.44 TRSx214@17.05 HOVNPx573@5.51 FSTRx171@19.91 STONx134@25.59 
Value: 17010.61
Sales: HOVNPx573@5.51 TRSx214@17.05 FSTRx171@19.91 NRGx171@19.44 STONx134@25.59 
Purchases: SPPx428@7.94 LLx280@12.12 EVOLx520@6.54 OHGIx2520@1.35 ATECx6542@0.52 

2015-08-06
Cash: 15.58
Held: SPPx428@7.69 ATECx6542@0.66 EVOLx520@6.31 OHGIx2520@1.48 LLx280@12.06 
Value: 18014.99
Sales: SPPx428@7.69 LLx280@12.06 EVOLx520@6.31 OHGIx2520@1.48 ATECx6542@0.66 
Purchases: TDCx120@30.00 IFONx2451@1.47 PHHx230@15.60 MTSLx2451@1.47 ECHOx143@25.19 

2015-08-09
Cash: 20.22
Held: IFONx2451@1.39 PHHx230@16.50 ECHOx143@25.27 TDCx120@30.91 MTSLx2451@1.47 
Value: 18145.28
Sales: TDCx120@30.91 IFONx2451@1.39 PHHx230@16.50 MTSLx2451@1.47 ECHOx143@25.27 
Purchases: IMHx223@16.22 UAMx511@7.09 HOTRx2134@1.70 DRYSx5@625.50 ICONx249@14.57 

2015-08-10
Cash: 521.87
Held: IMHx223@15.85 HOTRx2134@1.64 ICONx249@13.91 UAMx511@7.18 DRYSx5@592.50 
Value: 17649.75
Sales: IMHx223@15.85 UAMx511@7.18 HOTRx2134@1.64 DRYSx5@592.50 ICONx249@13.91 
Purchases: BIOSx1705@2.07 NETEx14708@0.24 WGBSx2695@1.31 FVEx1008@3.50 KROx450@7.83 

2015-08-11
Cash: 10.14
Held: WGBSx2695@1.33 FVEx1008@3.49 KROx450@7.95 NETEx14708@0.22 BIOSx1705@1.90 
Value: 17165.51
Sales: NETEx14708@0.22 BIOSx1705@1.90 FVEx1008@3.49 WGBSx2695@1.33 KROx450@7.95 
Purchases: ASCMAx125@27.41 ARTXx2146@1.60 ZNHx83@40.97 CLDXx206@16.61 RGSEx2451@1.40 

2015-08-12
Cash: 52.67
Held: ARTXx2146@1.64 RGSEx2451@1.31 CLDXx206@16.50 ZNHx83@41.47 ASCMAx125@28.34 
Value: 17164.98
Sales: ASCMAx125@28.34 ARTXx2146@1.64 ZNHx83@41.47 CLDXx206@16.50 RGSEx2451@1.31 
Purchases: CBLIx948@3.62 NVCNx692@4.96 SKLNx975@3.52 NUSx76@44.88 FORDx3300@1.04 

2015-08-13
Cash: 26.90
Held: CBLIx948@3.54 FORDx3300@1.26 SKLNx975@3.25 NVCNx692@4.79 NUSx76@45.47 
Value: 17477.56
Sales: CBLIx948@3.54 NVCNx692@4.79 SKLNx975@3.25 NUSx76@45.47 FORDx3300@1.26 
Purchases: NYMXx1376@2.54 CPAx56@62.00 GFIx1318@2.65 SRNEx234@14.89 BAAx17481@0.20 

2015-08-16
Cash: 38.85
Held: BAAx17481@0.20 NYMXx1376@2.46 SRNEx234@16.30 CPAx56@60.94 GFIx1318@2.79 
Value: 17822.39
Sales: NYMXx1376@2.46 CPAx56@60.94 GFIx1318@2.79 SRNEx234@16.30 BAAx17481@0.20 
Purchases: KIQx2360@1.51 PWEx4096@0.87 NETEx17826@0.20 OHGIx2527@1.41 ERSx1188@3.00 

2015-08-17
Cash: 3.55
Held: ERSx1188@2.85 OHGIx2527@1.41 PWEx4096@0.85 KIQx2360@2.00 NETEx17826@0.18 
Value: 18363.99
Sales: NETEx17826@0.18 KIQx2360@2.00 PWEx4096@0.85 OHGIx2527@1.41 ERSx1188@2.85 
Purchases: PYDSx1003@3.66 WCSTx1685@2.18 ARCIx2915@1.26 GTEx1707@2.15 BASIx2498@1.47 

2015-08-18
Cash: 5.77
Held: BASIx2498@1.30 GTEx1707@2.07 WCSTx1685@2.13 PYDSx1003@3.90 ARCIx2915@1.25 
Value: 17933.05
Sales: ARCIx2915@1.25 PYDSx1003@3.90 WCSTx1685@2.13 GTEx1707@2.07 BASIx2498@1.30 
Purchases: NHTCx126@28.34 CLFx1060@3.38 ANWx398@9.01 CEAx111@32.25 CETCx432@8.30 

2015-08-19
Cash: 28.91
Held: CLFx1060@3.23 ANWx398@8.37 NHTCx126@25.94 CEAx111@29.86 CETCx432@8.10 
Value: 16865.74
Sales: NHTCx126@25.94 CLFx1060@3.23 ANWx398@8.37 CEAx111@29.86 CETCx432@8.10 
Purchases: CSIQx179@18.78 FLXSx104@32.22 BASx827@4.08 BTEx665@5.07 GASLx586@5.75 

2015-08-20
Cash: 39.28
Held: BTEx665@4.49 BASx827@3.70 GASLx586@5.23 CSIQx179@17.41 FLXSx104@30.45 
Value: 15431.14
Sales: BTEx665@4.49 CSIQx179@17.41 BASx827@3.70 FLXSx104@30.45 GASLx586@5.23 
Purchases: INFNx146@21.06 NBYx7717@0.40 RGSEx3247@0.95 SSIx314@9.82 BONTx995@3.10 

2015-08-23
Cash: 17.00
Held: RGSEx3247@0.84 NBYx7717@0.39 INFNx146@19.72 SSIx314@10.01 BONTx995@2.98 
Value: 14739.73
Sales: RGSEx3247@0.84 NBYx7717@0.39 BONTx995@2.98 SSIx314@10.01 INFNx146@19.72 
Purchases: MYOSx1333@2.21 KEGx5361@0.55 IRCPx119@24.75 TREEx28@104.19 HPJx1364@2.16 

2015-08-24
Cash: 36.09
Held: HPJx1364@2.18 KEGx5361@0.53 MYOSx1333@1.91 TREEx28@104.69 IRCPx119@26.00 
Value: 14420.85
Sales: KEGx5361@0.53 HPJx1364@2.18 MYOSx1333@1.91 IRCPx119@26.00 TREEx28@104.69 
Purchases: BBGx796@3.62 ERXx122@23.50 GASLx701@4.11 AMTXx1109@2.60 AEZSx336@8.57 

2015-08-25
Cash: 29.75
Held: BBGx796@3.82 ERXx122@25.95 GASLx701@4.54 AMTXx1109@2.54 AEZSx336@8.08 
Value: 14948.95
Sales: BBGx796@3.82 ERXx122@25.95 GASLx701@4.54 AMTXx1109@2.54 AEZSx336@8.08 
Purchases: LAYNx455@6.57 ACURx1172@2.55 GFIx1098@2.72 DAKTx364@8.20 QRHCx3986@0.75 

2015-08-26
Cash: 7.18
Held: QRHCx3986@0.75 DAKTx364@8.53 LAYNx455@7.04 ACURx1172@2.74 GFIx1098@3.09 
Value: 15909.03
Sales: LAYNx455@7.04 ACURx1172@2.74 GFIx1098@3.09 DAKTx364@8.53 QRHCx3986@0.75 
Purchases: MYOSx1838@1.73 REWx58@54.78 GROWx1575@2.02 SQQQx130@24.36 TECSx77@40.81 

2015-08-27
Cash: 61.07
Held: REWx58@54.19 GROWx1575@2.00 TECSx77@40.72 SQQQx130@24.41 MYOSx1838@1.60 
Value: 15602.18
Sales: MYOSx1838@1.60 TECSx77@40.72 REWx58@54.19 SQQQx130@24.41 GROWx1575@2.00 
Purchases: SMKx109@28.44 SCOx34@91.25 LINCx5476@0.57 ERYx110@28.27 WAFDWx600@5.20 

2015-08-30
Cash: 50.89
Held: WAFDWx600@5.35 ERYx110@27.28 SCOx34@78.31 LINCx5476@0.43 SMKx109@27.83 
Value: 14312.96
Sales: LINCx5476@0.43 SCOx34@78.31 WAFDWx600@5.35 ERYx110@27.28 SMKx109@27.83 
Purchases: YUMAx5963@0.48 CRKx187@15.25 CEAx110@25.84 GMEx67@42.47 FORDx2121@1.35 

2015-08-31
Cash: 48.35
Held: FORDx2121@1.85 GMEx67@41.19 YUMAx5963@0.51 CEAx110@24.19 CRKx187@13.65 
Value: 14983.55
Sales: YUMAx5963@0.51 CRKx187@13.65 CEAx110@24.19 GMEx67@41.19 FORDx2121@1.85 
Purchases: HOVNPx749@4.00 KIQx1772@1.69 SKLNx749@4.00 FBIZx135@22.06 ANTHx440@6.81 

2015-09-01
Cash: 21.89
Held: ANTHx440@7.41 SKLNx749@3.48 HOVNPx749@3.88 KIQx1772@1.75 FBIZx135@22.61 
Value: 14949.26
Sales: HOVNPx749@3.88 KIQx1772@1.75 SKLNx749@3.48 ANTHx440@7.41 FBIZx135@22.61 
Purchases: TPLMx940@3.18 NOGx587@5.09 BRNx1573@1.90 PGHx2429@1.23 NAKx7870@0.38 

2015-09-02
Cash: 4.81
Held: NOGx587@5.18 BRNx1573@1.91 NAKx7870@0.39 PGHx2429@1.23 TPLMx940@3.22 
Value: 15134.69
Sales: TPLMx940@3.22 BRNx1573@1.91 NOGx587@5.18 PGHx2429@1.23 NAKx7870@0.39 
Purchases: AVAVx147@20.56 NLSTx7968@0.38 TGAx1080@2.80 VXXx110@27.31 TECSx71@42.38 

2015-09-03
Cash: 47.25
Held: VXXx110@29.31 AVAVx147@20.38 TECSx71@44.28 NLSTx7968@0.35 TGAx1080@2.76 
Value: 15180.84
Sales: AVAVx147@20.38 NLSTx7968@0.35 TGAx1080@2.76 VXXx110@29.31 TECSx71@44.28 
Purchases: JOYx163@18.62 OPHCx3450@0.88 SUMRx2153@1.41 KERXx637@4.76 SGMOx462@6.57 

2015-09-07
Cash: 4.61
Held: JOYx163@18.94 SGMOx462@6.86 OPHCx3450@0.94 KERXx637@4.75 SUMRx2153@1.35 
Value: 15434.71
Sales: JOYx163@18.94 OPHCx3450@0.94 KERXx637@4.75 SGMOx462@6.86 SUMRx2153@1.35 
Purchases: USEGx6055@0.51 FSIx3057@1.01 XCOx4228@0.73 BSBRx818@3.77 OGXIx1151@2.68 

2015-09-08
Cash: 7.07
Held: BSBRx818@3.73 OGXIx1151@2.57 USEGx6055@0.49 FSIx3057@1.10 XCOx4228@0.73 
Value: 15431.78
Sales: USEGx6055@0.49 BSBRx818@3.73 FSIx3057@1.10 XCOx4228@0.73 OGXIx1151@2.57 
Purchases: AXDXx181@17.05 YXIx103@29.88 NTZx1705@1.81 FXPx68@44.81 GRIFx112@27.38 

2015-09-09
Cash: 70.60
Held: FXPx68@44.59 AXDXx181@17.67 GRIFx112@27.16 NTZx1705@1.76 YXIx103@29.86 
Value: 15419.00
Sales: YXIx103@29.86 NTZx1705@1.76 AXDXx181@17.67 FXPx68@44.59 GRIFx112@27.16 
Purchases: PESx1195@2.58 TDFx169@18.20 MXCx1177@2.62 INVAx295@10.42 BLINx2447@1.26 

2015-09-10
Cash: 19.65
Held: TDFx169@18.16 INVAx295@10.13 PESx1195@2.50 BLINx2447@1.35 MXCx1177@2.50 
Value: 15309.73
Sales: MXCx1177@2.50 BLINx2447@1.35 TDFx169@18.16 INVAx295@10.13 PESx1195@2.50 
Purchases: CLDx1020@3.00 CBIOx322@9.50 SIGMx352@8.69 SHLOx355@8.62 DRYSx8@342.75 

2015-09-13
Cash: 331.63
Held: SIGMx352@8.29 SHLOx355@10.26 CLDx1020@3.02 DRYSx8@341.75 CBIOx322@9.50 
Value: 15763.82
Sales: CLDx1020@3.02 CBIOx322@9.50 SIGMx352@8.29 DRYSx8@341.75 SHLOx355@10.26 
Purchases: XRTx68@45.94 XPHx55@57.31 XBIx40@77.25 XSDx81@38.81 MTKx63@50.00 

2015-09-14
Cash: 104.07
Held: XBIx40@78.00 XPHx55@57.69 XRTx68@46.31 XSDx81@39.16 MTKx63@50.84 
Value: 15920.95
Sales: XRTx68@46.31 XPHx55@57.69 XBIx40@78.00 XSDx81@39.16 MTKx63@50.84 
Purchases: TPLMx1315@2.42 ABACx1170@2.72 CLFx995@3.20 RNWKx754@4.22 WKHSx6922@0.46 

2015-09-15
Cash: 7.52
Held: ABACx1170@2.76 CLFx995@3.34 RNWKx754@4.12 WKHSx6922@0.49 TPLMx1315@2.41 
Value: 16227.96
Sales: TPLMx1315@2.41 ABACx1170@2.76 CLFx995@3.34 RNWKx754@4.12 WKHSx6922@0.49 
Purchases: CYTXx569@5.70 UNISx2897@1.12 GLBSx2774@1.17 UWNx1966@1.65 VXXx146@22.09 

2015-09-16
Cash: 24.41
Held: UWNx1966@1.65 VXXx146@21.97 GLBSx2774@1.12 UNISx2897@1.14 CYTXx569@5.95 
Value: 16270.39
Sales: CYTXx569@5.95 UNISx2897@1.14 GLBSx2774@1.12 UWNx1966@1.65 VXXx146@21.97 
Purchases: ETRMx11@288.50 RGSEx2446@1.33 CSIIx153@21.20 TPIVx6383@0.51 CREGx6383@0.51 

2015-09-17
Cash: 91.77
Held: CREGx6383@0.50 RGSEx2446@1.42 TPIVx6383@0.51 CSIIx153@21.27 ETRMx11@304.50 
Value: 16613.37
Sales: CSIIx153@21.27 RGSEx2446@1.42 ETRMx11@304.50 TPIVx6383@0.51 CREGx6383@0.50 
Purchases: CRKx277@11.95 ARCWx1489@2.23 AIQx278@11.92 CAFx153@21.64 CLCx71@46.53 

2015-09-20
Cash: 52.17
Held: CLCx71@46.75 AIQx278@11.53 CAFx153@22.30 ARCWx1489@2.03 CRKx277@11.35 
Value: 16154.54
Sales: CRKx277@11.35 ARCWx1489@2.03 AIQx278@11.53 CAFx153@22.30 CLCx71@46.75 
Purchases: MPETx2375@1.36 BWENx1149@2.81 APOGx66@48.59 NEx283@11.39 ITUSx669@4.83 

2015-09-21
Cash: 33.63
Held: ITUSx669@4.63 MPETx2375@1.31 NEx283@11.25 APOGx66@47.62 BWENx1149@2.67 
Value: 15635.34
Sales: MPETx2375@1.31 APOGx66@47.62 BWENx1149@2.67 NEx283@11.25 ITUSx669@4.63 
Purchases: TGCx13029@0.24 OPHCx3127@1.00 AEZSx406@7.70 URREx3909@0.80 GLOWx5301@0.59 

2015-09-22
Cash: 2.43
Held: GLOWx5301@0.60 TGCx13029@0.22 OPHCx3127@1.13 URREx3909@0.79 AEZSx406@9.26 
Value: 16429.62
Sales: TGCx13029@0.22 OPHCx3127@1.13 AEZSx406@9.26 URREx3909@0.79 GLOWx5301@0.60 
Purchases: JHXx266@12.33 DEPOx136@24.09 GMOx12169@0.27 HMYx5133@0.64 ANIPx73@44.88 

2015-09-23
Cash: 26.03
Held: HMYx5133@0.67 ANIPx73@46.19 GMOx12169@0.28 JHXx266@12.54 DEPOx136@22.31 
Value: 16613.99
Sales: JHXx266@12.54 DEPOx136@22.31 GMOx12169@0.28 HMYx5133@0.67 ANIPx73@46.19 
Purchases: SGOCx10716@0.31 ATECx9770@0.34 CNXx305@10.88 SPEXx8746@0.38 AXASx2575@1.29 

2015-09-24
Cash: 5.18
Held: AXASx2575@1.24 ATECx9770@0.35 SGOCx10716@0.31 SPEXx8746@0.34 CNXx305@10.44 
Value: 16099.67
Sales: SGOCx10716@0.31 ATECx9770@0.35 CNXx305@10.44 SPEXx8746@0.34 AXASx2575@1.24 
Purchases: MPETx3659@0.88 CNTFx1149@2.80 PTSIx91@35.12 LINCx14638@0.22 BDRx4733@0.68 

2015-09-27
Cash: 26.51
Held: PTSIx91@33.59 CNTFx1149@2.72 MPETx3659@0.63 LINCx14638@0.20 BDRx4733@0.68 
Value: 14660.52
Sales: PTSIx91@33.59 CNTFx1149@2.72 LINCx14638@0.20 MPETx3659@0.63 BDRx4733@0.68 
Purchases: FCSCx718@4.08 IMUCx6516@0.45 WGBSx2109@1.39 FINLx150@19.55 XCOx3711@0.79 

2015-09-28
Cash: 5.91
Held: IMUCx6516@0.42 FINLx150@19.17 WGBSx2109@1.46 FCSCx718@3.86 XCOx3711@0.80 
Value: 14436.07
Sales: XCOx3711@0.80 IMUCx6516@0.42 WGBSx2109@1.46 FINLx150@19.17 FCSCx718@3.86 
Purchases: MPETx4811@0.60 DRAMx829@3.48 HUNx309@9.33 HRTXx135@21.34 SPXCx246@11.73 

2015-09-29
Cash: 15.16
Held: HUNx309@9.69 SPXCx246@11.92 MPETx4811@0.61 DRAMx829@3.72 HRTXx135@24.41 
Value: 15254.74
Sales: MPETx4811@0.61 DRAMx829@3.72 HUNx309@9.69 HRTXx135@24.41 SPXCx246@11.92 
Purchases: CMTLx148@20.61 TISIx94@32.12 OGENx1860@1.64 CHCIx862@3.54 DGICBx164@18.55 

2015-09-30
Cash: 42.69
Held: DGICBx164@18.55 CMTLx148@20.52 TISIx94@32.78 CHCIx862@3.61 OGENx1860@1.57 
Value: 15234.19
Sales: CMTLx148@20.52 TISIx94@32.78 OGENx1860@1.57 CHCIx862@3.61 DGICBx164@18.55 
Purchases: ALNx3206@0.95 MTRx311@9.78 EDZx61@49.44 WYYx3543@0.86 DXTRx12187@0.25 

2015-10-01
Cash: 36.97
Held: EDZx61@45.41 WYYx3543@0.87 ALNx3206@1.01 DXTRx12187@0.25 MTRx311@9.58 
Value: 15152.43
Sales: EDZx61@45.41 ALNx3206@1.01 MTRx311@9.58 DXTRx12187@0.25 WYYx3543@0.87 
Purchases: CPSTx628@4.82 KNDx227@13.34 CSWCx201@15.07 GLBZx236@12.80 PHMDx7216@0.42 

2015-10-04
Cash: 16.89
Held: KNDx227@14.28 GLBZx236@12.82 PHMDx7216@0.43 CSWCx201@14.72 CPSTx628@4.40 
Value: 15107.40
Sales: CPSTx628@4.40 KNDx227@14.28 CSWCx201@14.72 GLBZx236@12.82 PHMDx7216@0.43 
Purchases: ORNx594@5.08 LLITx2342@1.29 CSWCx205@14.72 YANGx32@94.12 CETCx755@4.00 

2015-10-05
Cash: 20.38
Held: ORNx594@5.14 LLITx2342@1.32 CSWCx205@14.53 CETCx755@4.20 YANGx32@98.00 
Value: 15451.40
Sales: ORNx594@5.14 LLITx2342@1.32 CSWCx205@14.53 YANGx32@98.00 CETCx755@4.20 
Purchases: IDRAx1107@2.79 DPKx99@31.19 CDZIx686@4.50 VIIx2087@1.48 SLPx331@9.31 

2015-10-06
Cash: 17.17
Held: DPKx99@30.02 CDZIx686@4.01 VIIx2087@1.58 SLPx331@9.34 IDRAx1107@2.95 
Value: 15395.94
Sales: IDRAx1107@2.95 SLPx331@9.34 CDZIx686@4.01 VIIx2087@1.58 DPKx99@30.02 
Purchases: SRPTx81@37.97 EDAPx747@4.12 SCMPx159@19.25 OIIMx1655@1.86 IDSAx1257@2.45 

2015-10-07
Cash: 23.72
Held: SRPTx81@37.81 SCMPx159@19.41 OIIMx1655@1.80 EDAPx747@4.12 IDSAx1257@2.31 
Value: 15133.62
Sales: SRPTx81@37.81 EDAPx747@4.12 SCMPx159@19.41 OIIMx1655@1.80 IDSAx1257@2.31 
Purchases: GTXIx3152@0.96 RCGx3185@0.95 YANGx35@84.75 YUMx44@67.44 NEONx1356@2.23 

2015-10-08
Cash: 123.43
Held: GTXIx3152@0.96 NEONx1356@2.29 YUMx44@70.25 RCGx3185@0.95 YANGx35@85.81 
Value: 15374.01
Sales: NEONx1356@2.29 RCGx3185@0.95 GTXIx3152@0.96 YANGx35@85.81 YUMx44@70.25 
Purchases: BDEx557@5.52 SPNCx282@10.90 BCRXx349@8.80 COWNx44@68.81 NEWTx181@16.95 

2015-10-11
Cash: 59.89
Held: BCRXx349@9.10 COWNx44@67.50 SPNCx282@11.52 NEWTx181@16.86 BDEx557@5.67 
Value: 15666.73
Sales: SPNCx282@11.52 BDEx557@5.67 BCRXx349@9.10 COWNx44@67.50 NEWTx181@16.86 
Purchases: SMCIx119@26.33 RTx555@5.64 CDZIx1092@2.87 CLBHx216@14.45 HLTHx853@3.67 

2015-10-12
Cash: 17.71
Held: RTx555@5.40 HLTHx853@3.92 CLBHx216@14.26 CDZIx1092@2.92 SMCIx119@26.92 
Value: 15829.49
Sales: RTx555@5.40 SMCIx119@26.92 CDZIx1092@2.92 CLBHx216@14.26 HLTHx853@3.92 
Purchases: SGYx484@6.53 CENXx535@5.91 KTCCx367@8.61 UNTx215@14.71 GASLx123@25.66 

2015-10-13
Cash: 28.22
Held: CENXx535@5.58 GASLx123@26.59 SGYx484@6.65 UNTx215@15.17 KTCCx367@8.43 
Value: 15857.04
Sales: SGYx484@6.65 CENXx535@5.58 KTCCx367@8.43 UNTx215@15.17 GASLx123@26.59 
Purchases: NYMXx1019@3.11 MDXGx398@7.95 HRTXx136@23.28 CRTNx1415@2.24 NSSCx483@6.56 

2015-10-14
Cash: 20.81
Held: CRTNx1415@2.28 NSSCx483@6.83 NYMXx1019@3.17 MDXGx398@8.38 HRTXx136@23.89 
Value: 16359.64
Sales: NYMXx1019@3.17 MDXGx398@8.38 HRTXx136@23.89 CRTNx1415@2.28 NSSCx483@6.83 
Purchases: WGBSx2271@1.44 VOXXx561@5.83 SRPTx116@28.20 SOXSx71@45.53 WMTx55@59.34 

2015-10-15
Cash: 50.66
Held: SRPTx116@27.94 WMTx55@58.88 WGBSx2271@1.11 VOXXx561@5.83 SOXSx71@45.31 
Value: 15537.90
Sales: WGBSx2271@1.11 VOXXx561@5.83 SRPTx116@27.94 SOXSx71@45.31 WMTx55@58.88 
Purchases: KMGx153@20.22 NFLXx31@99.00 DRWIx858@3.62 YANGx39@78.38 STXx78@39.56 

2015-10-18
Cash: 127.71
Held: STXx78@38.75 DRWIx858@2.95 NFLXx31@101.69 KMGx153@19.92 YANGx39@80.31 
Value: 15013.19
Sales: KMGx153@19.92 NFLXx31@101.69 DRWIx858@2.95 YANGx39@80.31 STXx78@38.75 
Purchases: MYRGx133@22.56 BOFIx121@24.77 WGBSx2755@1.09 QUMUx929@3.23 CBIOx739@4.06 

2015-10-19
Cash: 12.81
Held: BOFIx121@23.86 WGBSx2755@1.06 QUMUx929@3.22 MYRGx133@21.94 CBIOx739@3.96 
Value: 14655.76
Sales: MYRGx133@21.94 BOFIx121@23.86 WGBSx2755@1.06 QUMUx929@3.22 CBIOx739@3.96 
Purchases: CPSTx651@4.50 CRSx96@30.44 DRWIx1065@2.75 QUMUx910@3.22 SRTx707@4.14 

2015-10-20
Cash: 17.25
Held: SRTx707@3.97 DRWIx1065@2.70 QUMUx910@3.20 CRSx96@29.77 CPSTx651@4.50 
Value: 14397.50
Sales: CPSTx651@4.50 CRSx96@29.77 DRWIx1065@2.70 QUMUx910@3.20 SRTx707@3.97 
Purchases: HOGx61@47.03 YGEx4055@0.71 DEPOx178@16.12 EXARx543@5.30 SPEXx8723@0.33 

2015-10-21
Cash: 21.85
Held: SPEXx8723@0.31 HOGx61@48.12 YGEx4055@0.73 EXARx543@5.51 DEPOx178@15.41 
Value: 14357.37
Sales: HOGx61@48.12 YGEx4055@0.73 DEPOx178@15.41 EXARx543@5.51 SPEXx8723@0.31 
Purchases: ORNx678@4.23 MDGLx4286@0.67 VRXx26@109.88 PSOx197@14.54 GASLx121@23.70 

2015-10-22
Cash: 28.80
Held: PSOx197@13.69 ORNx678@4.21 GASLx121@22.66 MDGLx4286@0.67 VRXx26@116.19 
Value: 14213.82
Sales: ORNx678@4.21 MDGLx4286@0.67 VRXx26@116.19 PSOx197@13.69 GASLx121@22.66 
Purchases: CABx84@33.59 NRPx1457@1.95 RPRXx547@5.19 SMEDx350@8.12 RCKYx231@12.30 

2015-10-25
Cash: 29.22
Held: RPRXx547@5.00 SMEDx350@8.08 NRPx1457@1.89 RCKYx231@11.59 CABx84@33.56 
Value: 13842.18
Sales: CABx84@33.56 RCKYx231@11.59 SMEDx350@8.08 RPRXx547@5.00 NRPx1457@1.89 
Purchases: FTNTx79@34.72 WLBx368@7.51 ACTGx382@7.23 SPPIx527@5.25 ADUSx114@24.19 

2015-10-26
Cash: 48.93
Held: SPPIx527@5.26 ADUSx114@25.45 ACTGx382@7.02 WLBx368@6.89 FTNTx79@33.81 
Value: 13611.91
Sales: FTNTx79@33.81 WLBx368@6.89 ACTGx382@7.02 SPPIx527@5.26 ADUSx114@25.45 
Purchases: SCONx14332@0.19 KIQx2642@1.03 GASLx159@17.05 NUROx4463@0.61 MXCx1047@2.60 

2015-10-27
Cash: 13.62
Held: NUROx4463@0.60 GASLx159@18.41 MXCx1047@2.90 KIQx2642@1.00 SCONx14332@0.23 
Value: 14593.24
Sales: SCONx14332@0.23 KIQx2642@1.00 GASLx159@18.41 NUROx4463@0.60 MXCx1047@2.90 
Purchases: CGIx206@14.15 CPLAx66@44.22 SANDx1097@2.66 UQMx4948@0.59 RCIIx163@17.89 

2015-10-28
Cash: 7.31
Held: RCIIx163@18.61 UQMx4948@0.52 CPLAx66@44.81 SANDx1097@2.65 CGIx206@14.33 
Value: 14430.40
Sales: CPLAx66@44.81 CGIx206@14.33 SANDx1097@2.65 UQMx4948@0.52 RCIIx163@18.61 
Purchases: ILGx163@17.61 AKAMx47@61.12 IPIx707@4.08 BOOMx386@7.46 SAIAx125@22.91 

2015-10-29
Cash: 60.75
Held: ILGx163@17.66 IPIx707@3.86 SAIAx125@23.61 AKAMx47@60.81 BOOMx386@7.13 
Value: 14228.42
Sales: ILGx163@17.66 AKAMx47@60.81 IPIx707@3.86 BOOMx386@7.13 SAIAx125@23.61 
Purchases: MDXGx390@7.28 DMRCx126@22.45 RPRXx1664@1.71 DXYNx433@6.57 HBIOx968@2.94 

2015-11-01
Cash: 23.93
Held: RPRXx1664@1.67 DXYNx433@6.23 DMRCx126@24.12 MDXGx390@7.81 HBIOx968@3.06 
Value: 14548.18
Sales: MDXGx390@7.81 DMRCx126@24.12 RPRXx1664@1.67 DXYNx433@6.23 HBIOx968@3.06 
Purchases: CALXx419@6.94 ESCAx200@14.52 RPRXx1742@1.67 BVNx463@6.28 ECOLx75@38.66 

2015-11-02
Cash: 18.60
Held: CALXx419@6.93 RPRXx1742@1.80 ECOLx75@37.75 ESCAx200@14.27 BVNx463@6.41 
Value: 14711.24
Sales: CALXx419@6.93 ECOLx75@37.75 RPRXx1742@1.80 BVNx463@6.41 ESCAx200@14.27 
Purchases: FPAYx5884@0.50 GLBSx4902@0.60 SBRAx142@20.59 IDXGx2162@1.36 PRZMx2317@1.27 

2015-11-03
Cash: 20.67
Held: PRZMx2317@0.99 GLBSx4902@0.52 FPAYx5884@0.50 IDXGx2162@1.37 SBRAx142@20.94 
Value: 13741.49
Sales: FPAYx5884@0.50 IDXGx2162@1.37 SBRAx142@20.94 GLBSx4902@0.52 PRZMx2317@0.99 
Purchases: TASRx133@20.58 TGHx189@14.51 AROCx218@12.60 AMAGx89@30.59 NRPx1509@1.82 

2015-11-04
Cash: 45.79
Held: TASRx133@20.16 TGHx189@14.88 NRPx1509@1.91 AROCx218@11.99 AMAGx89@29.30 
Value: 13643.57
Sales: AMAGx89@29.30 TASRx133@20.16 NRPx1509@1.91 TGHx189@14.88 AROCx218@11.99 
Purchases: CLUBx1100@2.48 PZZAx45@59.75 DAVEx277@9.82 AVPx868@3.14 HHSx802@3.40 

2015-11-05
Cash: 52.90
Held: AVPx868@3.19 CLUBx1100@2.36 DAVEx277@9.67 PZZAx45@57.62 HHSx802@3.54 
Value: 13527.22
Sales: CLUBx1100@2.36 PZZAx45@57.62 DAVEx277@9.67 AVPx868@3.19 HHSx802@3.54 
Purchases: ETRMx14@192.12 NMRXx425@6.35 ENOCx575@4.70 CMTx180@15.00 MTSLx2705@1.00 

2015-11-08
Cash: 31.00
Held: CMTx180@15.37 ENOCx575@4.45 ETRMx14@177.88 NMRXx425@6.33 MTSLx2705@0.99 
Value: 13213.69
Sales: ETRMx14@177.88 ENOCx575@4.45 CMTx180@15.37 MTSLx2705@0.99 NMRXx425@6.33 
Purchases: LXUx360@7.34 MCZx6146@0.43 AVIDx416@6.35 TLRDx120@22.00 CMLSx1179@2.24 

2015-11-09
Cash: 5.50
Held: LXUx360@7.76 CMLSx1179@2.17 MCZx6146@0.40 TLRDx120@22.08 AVIDx416@6.24 
Value: 13060.35
Sales: LXUx360@7.76 AVIDx416@6.24 MCZx6146@0.40 TLRDx120@22.08 CMLSx1179@2.17 
Purchases: CPSTx936@2.79 FSTRx229@11.41 HRIx159@16.38 EVEPx632@4.13 LABLx41@63.62 

2015-11-10
Cash: 16.04
Held: EVEPx632@3.85 HRIx159@16.38 LABLx41@61.59 FSTRx229@11.72 CPSTx936@2.17 
Value: 12292.60
Sales: CPSTx936@2.17 FSTRx229@11.72 HRIx159@16.38 EVEPx632@3.85 LABLx41@61.59 
Purchases: PLUGx1336@1.84 RGSEx4096@0.60 FTKx281@8.72 RTKx645@3.81 SBx1229@2.00 

2015-11-11
Cash: 10.80
Held: RGSEx4096@0.51 SBx1229@2.01 PLUGx1336@1.78 FTKx281@9.59 RTKx645@3.30 
Value: 11772.10
Sales: PLUGx1336@1.78 RGSEx4096@0.51 FTKx281@9.59 RTKx645@3.30 SBx1229@2.01 
Purchases: HKx3923@0.60 ATWx149@15.72 SGMSx276@8.50 ROSGx1409@1.67 WTIx717@3.28 

2015-11-12
Cash: 25.64
Held: SGMSx276@7.93 ATWx149@15.78 WTIx717@3.33 HKx3923@0.58 ROSGx1409@1.68 
Value: 11595.63
Sales: HKx3923@0.58 ATWx149@15.78 SGMSx276@7.93 ROSGx1409@1.68 WTIx717@3.33 
Purchases: HHx16563@0.14 DGLYx423@5.48 MMSx44@51.66 WINTx8588@0.27 AAPx14@161.62 

2015-11-15
Cash: 103.78
Held: HHx16563@0.15 MMSx44@52.53 WINTx8588@0.23 DGLYx423@5.42 AAPx14@164.25 
Value: 11468.04
Sales: HHx16563@0.15 DGLYx423@5.42 WINTx8588@0.23 MMSx44@52.53 AAPx14@164.25 
Purchases: ZSLx37@61.44 TCIx229@10.00 FOSLx72@31.84 SPHSx984@2.33 OBCIx859@2.67 

2015-11-16
Cash: 25.84
Held: OBCIx859@2.63 SPHSx984@1.84 ZSLx37@61.97 TCIx229@8.30 FOSLx72@34.56 
Value: 10777.48
Sales: ZSLx37@61.97 TCIx229@8.30 FOSLx72@34.56 SPHSx984@1.84 OBCIx859@2.63 
Purchases: CPSTx1088@1.98 MFCBx1006@2.14 SPUx3475@0.62 NEWTx158@13.60 OHGIx2072@1.04 

2015-11-17
Cash: 10.35
Held: SPUx3475@0.59 MFCBx1006@2.30 OHGIx2072@1.09 NEWTx158@13.95 CPSTx1088@1.90 
Value: 10905.02
Sales: CPSTx1088@1.90 NEWTx158@13.95 SPUx3475@0.59 MFCBx1006@2.30 OHGIx2072@1.09 
Purchases: LEUx1282@1.70 DGLYx508@4.29 OSIRx206@10.54 TCIx264@8.25 KOOLx7788@0.28 

2015-11-18
Cash: 16.61
Held: KOOLx7788@0.33 LEUx1282@1.60 TCIx264@8.55 DGLYx508@4.08 OSIRx206@10.57 
Value: 11143.50
Sales: DGLYx508@4.08 TCIx264@8.55 OSIRx206@10.57 LEUx1282@1.60 KOOLx7788@0.33 
Purchases: NCTYx1114@2.00 SBx1569@1.42 WKHSx4845@0.46 RADAx5183@0.43 CREGx7958@0.28 

2015-11-19
Cash: 2.32
Held: RADAx5183@0.45 CREGx7958@0.35 SBx1569@1.23 NCTYx1114@2.09 WKHSx4845@0.45 
Value: 11559.20
Sales: NCTYx1114@2.09 SBx1569@1.23 WKHSx4845@0.45 RADAx5183@0.45 CREGx7958@0.35 
Purchases: KIRKx179@12.91 FTKx223@10.33 TWIx551@4.19 UVEx125@18.47 LQDTx352@6.55 

2015-11-22
Cash: 21.88
Held: KIRKx179@13.80 TWIx551@4.10 UVEx125@21.47 LQDTx352@6.76 FTKx223@10.90 
Value: 12245.55
Sales: KIRKx179@13.80 FTKx223@10.90 TWIx551@4.10 UVEx125@21.47 LQDTx352@6.76 
Purchases: ASYSx569@4.30 CRMTx77@31.50 GASLx166@14.73 URREx4152@0.59 NMx1787@1.37 

2015-11-23
Cash: 30.87
Held: ASYSx569@4.33 GASLx166@17.14 NMx1787@1.50 CRMTx77@29.88 URREx4152@0.61 
Value: 12851.94
Sales: CRMTx77@29.88 ASYSx569@4.33 GASLx166@17.14 URREx4152@0.61 NMx1787@1.50 
Purchases: TPLMx3135@0.82 OPHCx6427@0.40 EDNx146@17.58 APDNx848@3.03 GGALx99@25.84 

2015-11-24
Cash: 17.84
Held: APDNx848@3.02 EDNx146@17.55 GGALx99@24.45 OPHCx6427@0.45 TPLMx3135@0.80 
Value: 12960.33
Sales: TPLMx3135@0.80 OPHCx6427@0.45 EDNx146@17.55 APDNx848@3.02 GGALx99@24.45 
Purchases: XCRAx436@5.94 DFFNx5184@0.50 NFECx2945@0.88 PDCOx56@45.59 EVIx711@3.64 

2015-11-26
Cash: 44.88
Held: EVIx711@3.55 XCRAx436@5.83 NFECx2945@0.89 DFFNx5184@0.50 PDCOx56@45.59 
Value: 12877.26
Sales: EVIx711@3.55 DFFNx5184@0.50 XCRAx436@5.83 PDCOx56@45.59 NFECx2945@0.89 
Purchases: OBCIx1154@2.23 HPQx204@12.61 CADCx1542@1.67 BMAx45@57.03 WPCSx1599@1.61 

2015-11-29
Cash: 14.60
Held: WPCSx1599@1.65 HPQx204@12.54 OBCIx1154@2.28 BMAx45@57.88 CADCx1542@1.69 
Value: 13052.87
Sales: HPQx204@12.54 WPCSx1599@1.65 CADCx1542@1.69 BMAx45@57.88 OBCIx1154@2.28 
Purchases: GALTx1305@2.00 BTEx624@4.18 RDYx55@46.84 KONEx873@2.99 SMx88@29.38 

