2014-10-26
Cash: 10000.00
Held: 
Value: 10000.00
Sales: 
Purchases: FBRCx81@24.48 AMRNx2197@0.91 KOSSx1418@1.41 LAKEx158@12.60 AUMNx3390@0.59 

2014-10-27
Cash: 26.93
Held: AMRNx2197@0.92 LAKEx158@12.24 FBRCx81@24.42 AUMNx3390@0.59 KOSSx1418@1.45 
Value: 10016.39
Sales: FBRCx81@24.42 AMRNx2197@0.92 KOSSx1418@1.45 LAKEx158@12.24 AUMNx3390@0.59 
Purchases: FROx1363@1.47 CALIx1441@1.39 SRPTx132@15.12 AXNx6460@0.31 ENGx1517@1.32 

2014-10-28
Cash: 9.30
Held: CALIx1441@1.34 SRPTx132@15.19 ENGx1517@1.32 FROx1363@1.39 AXNx6460@0.30 
Value: 9780.09
Sales: CALIx1441@1.34 SRPTx132@15.19 FROx1363@1.39 AXNx6460@0.30 ENGx1517@1.32 
Purchases: DCOx78@24.88 YANGx129@15.05 GIGAx1200@1.63 AMKRx320@6.11 IBIOx2058@0.95 

2014-10-29
Cash: 32.43
Held: DCOx78@26.23 GIGAx1200@1.64 AMKRx320@5.97 IBIOx2058@1.00 YANGx129@14.93 
Value: 9940.22
Sales: DCOx78@26.23 YANGx129@14.93 GIGAx1200@1.64 AMKRx320@5.97 IBIOx2058@1.00 
Purchases: WNCx209@9.49 MYEx138@14.33 DSSx3615@0.55 MNOVx550@3.61 AFSIx90@22.06 

2014-10-30
Cash: 20.75
Held: DSSx3615@0.56 WNCx209@10.30 MYEx138@14.94 AFSIx90@22.44 MNOVx550@3.57 
Value: 10241.83
Sales: WNCx209@10.30 MYEx138@14.94 DSSx3615@0.56 MNOVx550@3.57 AFSIx90@22.44 
Purchases: BWENx321@6.38 WSTLx1528@1.34 SANDx708@2.89 CRNTx1625@1.26 LRNx165@12.40 

2014-11-02
Cash: 7.49
Held: WSTLx1528@1.42 BWENx321@6.12 SANDx708@2.89 CRNTx1625@1.25 LRNx165@12.25 
Value: 10241.07
Sales: BWENx321@6.12 WSTLx1528@1.42 LRNx165@12.25 SANDx708@2.89 CRNTx1625@1.25 
Purchases: BLINx652@3.14 EPAYx81@25.02 MGIx246@8.32 SOXSx121@16.83 RGSEx2560@0.80 

2014-11-03
Cash: 36.61
Held: RGSEx2560@0.80 MGIx246@8.33 BLINx652@3.10 EPAYx81@24.61 SOXSx121@17.02 
Value: 10206.03
Sales: RGSEx2560@0.80 MGIx246@8.33 SOXSx121@17.02 EPAYx81@24.61 BLINx652@3.10 
Purchases: NYMXx2489@0.82 KBALx161@12.62 APx106@19.22 Ax50@40.19 NEOx439@4.64 

2014-11-04
Cash: 50.32
Held: Ax50@40.12 KBALx161@11.50 NYMXx2489@0.73 NEOx439@4.79 APx106@18.86 
Value: 9826.49
Sales: Ax50@40.12 KBALx161@11.50 APx106@18.86 NYMXx2489@0.73 NEOx439@4.79 
Purchases: AKSx315@6.23 HLFx49@39.78 ACHNx193@10.15 TESOx126@15.48 Sx399@4.92 

2014-11-05
Cash: 42.08
Held: HLFx49@40.00 TESOx126@15.73 AKSx315@6.14 ACHNx193@10.26 Sx399@4.69 
Value: 9769.56
Sales: AKSx315@6.14 HLFx49@40.00 ACHNx193@10.26 TESOx126@15.73 Sx399@4.69 
Purchases: TAITx1878@1.04 SSYSx18@106.31 MOSYx1163@1.68 AMRIx121@16.09 KELYAx125@15.55 

2014-11-06
Cash: 58.56
Held: AMRIx121@16.84 TAITx1878@1.06 KELYAx125@15.52 SSYSx18@103.06 MOSYx1163@1.74 
Value: 9905.97
Sales: TAITx1878@1.06 SSYSx18@103.06 MOSYx1163@1.74 AMRIx121@16.84 KELYAx125@15.52 
Purchases: ABEOx205@9.65 CVOx152@12.96 TBIOx762@2.60 GNWx235@8.41 AEZSx34@56.69 

2014-11-09
Cash: 74.23
Held: CVOx152@11.20 ABEOx205@8.50 GNWx235@8.12 TBIOx762@2.62 AEZSx34@62.28 
Value: 9540.50
Sales: CVOx152@11.20 TBIOx762@2.62 AEZSx34@62.28 GNWx235@8.12 ABEOx205@8.50 
Purchases: MSONx165@11.55 ANFx66@28.69 FNGNx60@31.34 SUMRx1060@1.80 COOLx321@5.94 

2014-11-10
Cash: 46.28
Held: FNGNx60@31.44 COOLx321@6.00 MSONx165@12.26 ANFx66@29.06 SUMRx1060@2.63 
Value: 10587.90
Sales: MSONx165@12.26 ANFx66@29.06 FNGNx60@31.44 SUMRx1060@2.63 COOLx321@6.00 
Purchases: MTZx85@24.81 NAVBx2077@1.02 REN           x156@13.50 RENx784@2.70 INFUx722@2.93 

2014-11-11
Cash: 23.85
Held: INFUx722@2.91 REN           x156@12.50 RENx784@2.50 MTZx85@24.38 NAVBx2077@1.05 
Value: 10287.30
Sales: MTZx85@24.38 INFUx722@2.91 REN           x156@12.50 RENx784@2.50 NAVBx2077@1.05 
Purchases: ASCMAx40@51.31 ARTXx860@2.39 VIVEx4114@0.50 SUNWx8229@0.25 PRKRx1904@1.08 

2014-11-12
Cash: 8.15
Held: ARTXx860@2.26 PRKRx1904@1.10 SUNWx8229@0.21 ASCMAx40@51.97 VIVEx4114@0.50 
Value: 9908.72
Sales: ASCMAx40@51.97 ARTXx860@2.26 VIVEx4114@0.50 SUNWx8229@0.21 PRKRx1904@1.10 
Purchases: PLUGx488@4.06 LTBRx966@2.05 SANDx768@2.58 GHDXx60@32.78 ASPSx36@55.00 

2014-11-13
Cash: 18.70
Held: GHDXx60@31.45 LTBRx966@2.00 PLUGx488@3.72 ASPSx36@51.75 SANDx768@2.89 
Value: 9736.59
Sales: LTBRx966@2.00 PLUGx488@3.72 SANDx768@2.89 GHDXx60@31.45 ASPSx36@51.75 
Purchases: DXYNx289@6.72 VTNRx390@4.99 APDNx504@3.86 AMTXx327@5.95 MBVXx556@3.50 

2014-11-16
Cash: 12.92
Held: APDNx504@3.86 VTNRx390@4.55 AMTXx327@6.00 DXYNx289@6.50 MBVXx556@3.06 
Value: 9275.01
Sales: VTNRx390@4.55 MBVXx556@3.06 APDNx504@3.86 AMTXx327@6.00 DXYNx289@6.50 
Purchases: IFONx1448@1.28 INVTx2131@0.87 BSPMx197@9.38 VRMLx1404@1.32 DFBGx2768@0.67 

2014-11-17
Cash: 10.48
Held: IFONx1448@1.27 INVTx2131@0.89 VRMLx1404@1.37 DFBGx2768@0.69 BSPMx197@9.10 
Value: 9372.05
Sales: DFBGx2768@0.69 IFONx1448@1.27 INVTx2131@0.89 BSPMx197@9.10 VRMLx1404@1.37 
Purchases: HALx38@48.53 INOx190@9.86 EBR.Bx679@2.76 CEAx89@20.94 COOLx433@4.32 

2014-11-18
Cash: 46.57
Held: COOLx433@3.72 INOx190@9.44 HALx38@48.44 EBR.Bx679@2.97 CEAx89@21.58 
Value: 9228.95
Sales: EBR.Bx679@2.97 INOx190@9.44 HALx38@48.44 CEAx89@21.58 COOLx433@3.72 
Purchases: CLBSx426@4.33 CXDCx341@5.41 OMEx161@11.41 DXTRx2930@0.63 TRTx605@3.05 

2014-11-19
Cash: 12.62
Held: TRTx605@3.03 CLBSx426@4.45 DXTRx2930@0.57 OMEx161@10.85 CXDCx341@5.43 
Value: 9008.92
Sales: CLBSx426@4.45 OMEx161@10.85 CXDCx341@5.43 TRTx605@3.03 DXTRx2930@0.57 
Purchases: AMRNx1452@1.24 HDSNx504@3.57 MOSYx1018@1.77 BZQx51@34.97 SYUTx334@5.38 

2014-11-20
Cash: 27.32
Held: AMRNx1452@1.31 HDSNx504@3.57 SYUTx334@5.53 BZQx51@30.11 MOSYx1018@1.81 
Value: 8953.41
Sales: AMRNx1452@1.31 SYUTx334@5.53 MOSYx1018@1.81 BZQx51@30.11 HDSNx504@3.57 
Purchases: DWCHx199@8.97 SHIPx1377@1.30 DFFNx448@3.99 LXRXx1884@0.95 DCIx45@39.50 

2014-11-23
Cash: 23.50
Held: SHIPx1377@1.32 LXRXx1884@0.99 DFFNx448@3.99 DWCHx199@8.99 DCIx45@39.97 
Value: 9082.84
Sales: SHIPx1377@1.32 DCIx45@39.97 DFFNx448@3.99 LXRXx1884@0.99 DWCHx199@8.99 
Purchases: RGSEx2299@0.79 GEOSx64@28.08 YANGx129@14.03 FXPx37@48.16 GMEx48@37.75 

2014-11-24
Cash: 65.73
Held: FXPx37@49.00 RGSEx2299@0.83 GEOSx64@27.97 GMEx48@37.41 YANGx129@14.37 
Value: 9225.94
Sales: RGSEx2299@0.83 GEOSx64@27.97 YANGx129@14.37 FXPx37@49.00 GMEx48@37.41 
Purchases: FNCXx693@2.66 AREXx157@11.72 TAP.Ax21@87.50 SPEXx1397@1.32 GALEx1008@1.83 

2014-11-25
Cash: 15.92
Held: AREXx157@11.41 GALEx1008@1.83 FNCXx693@3.43 SPEXx1397@1.28 TAP.Ax21@81.00 
Value: 9517.73
Sales: GALEx1008@1.83 TAP.Ax21@81.00 SPEXx1397@1.28 AREXx157@11.41 FNCXx693@3.43 
Purchases: ERIIx388@4.90 CLFx208@9.15 FREDx124@15.24 DAKTx156@12.13 PHMDx1081@1.76 

2014-11-27
Cash: 29.21
Held: ERIIx388@4.75 CLFx208@9.12 DAKTx156@11.93 PHMDx1081@1.72 FREDx124@15.50 
Value: 9410.64
Sales: FREDx124@15.50 CLFx208@9.12 PHMDx1081@1.72 DAKTx156@11.93 ERIIx388@4.75 
Purchases: AVAVx67@27.70 APDNx818@2.30 LAKEx162@11.55 TITNx146@12.83 SDRLx128@14.66 

2014-11-30
Cash: 52.99
Held: APDNx818@2.08 LAKEx162@10.71 SDRLx128@13.92 TITNx146@12.27 AVAVx67@26.31 
Value: 8826.52
Sales: AVAVx67@26.31 SDRLx128@13.92 APDNx818@2.08 TITNx146@12.27 LAKEx162@10.71 
Purchases: CWEIx30@57.03 OASx103@17.09 REN           x199@8.85 RENx997@1.77 GASLx286@6.17 

2014-12-01
Cash: 64.09
Held: CWEIx30@59.06 OASx103@15.75 GASLx286@5.85 REN           x199@9.90 RENx997@1.98 
Value: 9076.08
Sales: CWEIx30@59.06 RENx997@1.98 REN           x199@9.90 OASx103@15.75 GASLx286@5.85 
Purchases: IKGHx1087@1.67 CEQPx2@780.00 PRIMx80@22.55 AREXx227@7.97 AMTXx395@4.59 

2014-12-02
Cash: 275.23
Held: AREXx227@8.06 CEQPx2@795.00 PRIMx80@23.31 AMTXx395@4.59 IKGHx1087@1.60 
Value: 9112.18
Sales: IKGHx1087@1.60 CEQPx2@795.00 PRIMx80@23.31 AMTXx395@4.59 AREXx227@8.06 
Purchases: CNETx469@3.88 PRKRx2071@0.88 XKEx338@5.38 GMOx4238@0.43 CBAKx753@2.42 

2014-12-03
Cash: 7.50
Held: CNETx469@3.85 GMOx4238@0.41 PRKRx2071@0.88 XKEx338@6.32 CBAKx753@2.20 
Value: 9164.69
Sales: CNETx469@3.85 PRKRx2071@0.88 CBAKx753@2.20 GMOx4238@0.41 XKEx338@6.32 
Purchases: CWCOx163@11.20 SOXSx140@13.07 TBIOx1124@1.63 SSGx39@46.50 CEIx11453@0.16 

2014-12-04
Cash: 30.37
Held: CWCOx163@10.81 CEIx11453@0.13 SSGx39@46.19 TBIOx1124@1.65 SOXSx140@12.71 
Value: 8717.64
Sales: CWCOx163@10.81 SOXSx140@12.71 SSGx39@46.19 TBIOx1124@1.65 CEIx11453@0.13 
Purchases: PEDx4359@0.40 CBKx378@4.60 SEACx290@6.00 GENEx4359@0.40 PWEx599@2.91 

2014-12-07
Cash: 8.72
Held: GENEx4359@0.39 PEDx4359@0.53 PWEx599@2.61 SEACx290@5.69 CBKx378@4.29 
Value: 8852.38
Sales: PEDx4359@0.53 SEACx290@5.69 GENEx4359@0.39 CBKx378@4.29 PWEx599@2.61 
Purchases: MTLx2855@0.62 SBSAx643@2.75 CEIx14754@0.12 RADAx632@2.80 CBMGx125@14.11 

2014-12-08
Cash: 9.52
Held: RADAx632@2.77 SBSAx643@2.70 CEIx14754@0.14 CBMGx125@12.94 MTLx2855@0.58 
Value: 8834.55
Sales: MTLx2855@0.58 SBSAx643@2.70 CEIx14754@0.14 RADAx632@2.77 CBMGx125@12.94 
Purchases: RENx1318@1.34 RGSEx3213@0.55 OMEXx1821@0.97 AXNx7067@0.25 INFYx54@32.16 

2014-12-09
Cash: 32.17
Held: RGSEx3213@0.53 INFYx54@31.41 RENx1318@1.28 AXNx7067@0.27 OMEXx1821@0.95 
Value: 8756.24
Sales: OMEXx1821@0.95 RGSEx3213@0.53 AXNx7067@0.27 RENx1318@1.28 INFYx54@31.41 
Purchases: ZSLx17@102.00 YINNx56@30.75 CONNx96@18.22 IBNx148@11.83 LCIx41@41.91 

2014-12-10
Cash: 82.52
Held: CONNx96@17.09 IBNx148@11.81 ZSLx17@102.62 YINNx56@31.11 LCIx41@44.03 
Value: 8763.80
Sales: ZSLx17@102.62 YINNx56@31.11 IBNx148@11.81 CONNx96@17.09 LCIx41@44.03 
Purchases: PLGx3438@0.51 EGYx385@4.55 TCIx190@9.22 GASLx488@3.59 ADGEx3370@0.52 

2014-12-11
Cash: 3.30
Held: ADGEx3370@0.50 GASLx488@3.50 TCIx190@9.07 EGYx385@4.49 PLGx3438@0.51 
Value: 8600.22
Sales: PLGx3438@0.51 EGYx385@4.49 TCIx190@9.07 GASLx488@3.50 ADGEx3370@0.50 
Purchases: MEIPx409@4.20 MEIx49@34.66 OPTTx2646@0.65 RMTx175@9.79 VIVEx4913@0.35 

2014-12-14
Cash: 31.83
Held: MEIPx409@4.07 RMTx175@9.66 MEIx49@33.31 VIVEx4913@0.51 OPTTx2646@0.65 
Value: 9242.86
Sales: MEIPx409@4.07 MEIx49@33.31 OPTTx2646@0.65 RMTx175@9.66 VIVEx4913@0.51 
Purchases: MNIx562@3.29 ESLx18@101.88 EMFx125@14.73 TDFx81@22.56 SOFOx248@7.44 

2014-12-15
Cash: 46.81
Held: TDFx81@22.38 MNIx562@3.20 ESLx18@102.62 EMFx125@14.53 SOFOx248@7.69 
Value: 9228.27
Sales: MNIx562@3.20 ESLx18@102.62 EMFx125@14.53 TDFx81@22.38 SOFOx248@7.69 
Purchases: FHx3026@0.61 PEDx3845@0.48 SWZx163@11.29 EXKx997@1.85 SPHSx4101@0.45 

2014-12-16
Cash: 7.87
Held: PEDx3845@0.55 SPHSx4101@0.50 SWZx163@11.40 FHx3026@0.58 EXKx997@2.04 
Value: 9818.58
Sales: PEDx3845@0.55 FHx3026@0.58 SWZx163@11.40 EXKx997@2.04 SPHSx4101@0.50 
Purchases: WLDNx173@11.33 HMGx175@11.22 VIVEx5305@0.37 DSSx4007@0.49 MBVXx913@2.15 

2014-12-17
Cash: 5.36
Held: HMGx175@11.22 WLDNx173@11.73 DSSx4007@0.48 VIVEx5305@0.37 MBVXx913@2.20 
Value: 9891.98
Sales: MBVXx913@2.20 HMGx175@11.22 VIVEx5305@0.37 DSSx4007@0.48 WLDNx173@11.73 
Purchases: RTx296@6.67 NVGNx724@2.73 CGNTx395@5.00 ERYx89@22.03 CEIx15217@0.13 

2014-12-18
Cash: 26.18
Held: ERYx89@19.98 RTx296@6.43 NVGNx724@2.58 CGNTx395@5.05 CEIx15217@0.12 
Value: 9396.98
Sales: RTx296@6.43 NVGNx724@2.58 CGNTx395@5.05 ERYx89@19.98 CEIx15217@0.12 
Purchases: TECSx168@11.17 NVGNx728@2.58 SDOWx90@20.70 CHNx104@17.95 WORx62@30.06 

2014-12-21
Cash: 47.52
Held: CHNx104@18.03 NVGNx728@2.45 TECSx168@10.76 SDOWx90@20.06 WORx62@29.77 
Value: 9164.21
Sales: WORx62@29.77 NVGNx728@2.45 SDOWx90@20.06 CHNx104@18.03 TECSx168@10.76 
Purchases: GPLx3054@0.60 TRXx3333@0.55 GWXx66@27.41 IMGNx309@5.92 FINLx81@22.62 

2014-12-22
Cash: 27.72
Held: FINLx81@22.62 TRXx3333@0.60 GWXx66@27.30 GPLx3054@0.57 IMGNx309@5.77 
Value: 9185.09
Sales: GPLx3054@0.57 TRXx3333@0.60 FINLx81@22.62 IMGNx309@5.77 GWXx66@27.30 
Purchases: SGOCx2916@0.63 OCNx122@15.02 CGNTx442@4.15 MAGx281@6.52 ASPSx62@29.44 

2014-12-23
Cash: 24.77
Held: MAGx281@6.83 SGOCx2916@0.61 CGNTx442@3.80 ASPSx62@33.81 OCNx122@14.88 
Value: 9313.86
Sales: SGOCx2916@0.61 OCNx122@14.88 CGNTx442@3.80 MAGx281@6.83 ASPSx62@33.81 
Purchases: GALTx584@3.19 CEQPx2@703.00 GEOSx70@26.42 SBSAx887@2.10 SKLNx365@5.10 

2014-12-25
Cash: 471.26
Held: GALTx584@3.33 CEQPx2@701.00 SKLNx365@4.51 GEOSx70@26.73 SBSAx887@2.49 
Value: 9545.05
Sales: GALTx584@3.33 GEOSx70@26.73 CEQPx2@701.00 SKLNx365@4.51 SBSAx887@2.49 
Purchases: IGLDx292@6.53 CHNRx1004@1.90 CAMPx108@17.56 GLBSx848@2.25 CUBAx198@9.60 

2014-12-28
Cash: 24.07
Held: CAMPx108@18.11 GLBSx848@2.32 IGLDx292@6.60 CHNRx1004@1.93 CUBAx198@9.31 
Value: 9656.45
Sales: IGLDx292@6.60 CHNRx1004@1.93 CAMPx108@18.11 GLBSx848@2.32 CUBAx198@9.31 
Purchases: SZKx104@18.44 NAVBx1129@1.71 TWNx119@16.19 IHTx818@2.36 CUBAx207@9.31 

2014-12-29
Cash: 24.43
Held: IHTx818@2.34 TWNx119@16.16 SZKx104@18.72 NAVBx1129@1.83 CUBAx207@9.09 
Value: 9756.33
Sales: SZKx104@18.72 NAVBx1129@1.83 TWNx119@16.16 IHTx818@2.34 CUBAx207@9.09 
Purchases: DRAMx337@5.79 GFx139@14.03 NVGNx903@2.16 MTLx2912@0.67 TPLMx392@4.97 

2014-12-30
Cash: 5.89
Held: GFx139@14.04 NVGNx903@2.08 DRAMx337@5.10 MTLx2912@0.68 TPLMx392@4.78 
Value: 9409.78
Sales: DRAMx337@5.10 GFx139@14.04 NVGNx903@2.08 MTLx2912@0.68 TPLMx392@4.78 
Purchases: LTBRx1214@1.55 JOBx1555@1.21 HAINx32@58.28 TPIVx6720@0.28 DRYSx1@1590.00 

2015-01-01
Cash: 310.03
Held: JOBx1555@1.66 LTBRx1214@1.57 TPIVx6720@0.28 DRYSx1@1695.00 HAINx32@56.94 
Value: 10196.73
Sales: LTBRx1214@1.57 JOBx1555@1.66 HAINx32@56.94 TPIVx6720@0.28 DRYSx1@1695.00 
Purchases: KEGx1228@1.66 PCYOx516@3.95 ULBIx679@3.00 XTLBx1050@1.94 RCMTx295@6.89 

2015-01-04
Cash: 13.08
Held: XTLBx1050@2.13 ULBIx679@3.02 RCMTx295@6.83 KEGx1228@1.61 PCYOx516@3.84 
Value: 10273.91
Sales: KEGx1228@1.61 PCYOx516@3.84 ULBIx679@3.02 RCMTx295@6.83 XTLBx1050@2.13 
Purchases: PRTKx60@33.81 GNTXx117@17.52 IHTx921@2.23 CJJDx834@2.46 WTWx96@21.27 

2015-01-05
Cash: 47.65
Held: IHTx921@2.08 WTWx96@19.73 CJJDx834@2.34 GNTXx117@17.16 PRTKx60@32.75 
Value: 9781.61
Sales: CJJDx834@2.34 GNTXx117@17.16 PRTKx60@32.75 IHTx921@2.08 WTWx96@19.73 
Purchases: UUUUx368@5.31 USATPx119@16.38 BCLIx391@5.00 GASLx613@3.19 PTNRx473@4.13 

2015-01-06
Cash: 16.31
Held: PTNRx473@4.08 GASLx613@2.99 UUUUx368@5.39 BCLIx391@5.03 USATPx119@16.48 
Value: 9690.89
Sales: PTNRx473@4.08 UUUUx368@5.39 BCLIx391@5.03 GASLx613@2.99 USATPx119@16.48 
Purchases: QADBx114@16.98 CHNRx857@2.26 CTSOx200@9.67 UAMYx2809@0.69 OIBR.Cx775@2.50 

2015-01-07
Cash: 8.13
Held: UAMYx2809@0.68 CTSOx200@9.46 QADBx114@16.73 OIBR.Cx775@2.64 CHNRx857@2.22 
Value: 9668.28
Sales: UAMYx2809@0.68 QADBx114@16.73 OIBR.Cx775@2.64 CHNRx857@2.22 CTSOx200@9.46 
Purchases: MNGAx4114@0.47 REN           x459@4.21 CGNTx655@2.95 NOAx705@2.74 RENx2302@0.84 

2015-01-08
Cash: 5.08
Held: NOAx705@2.89 MNGAx4114@0.44 CGNTx655@3.00 REN           x459@4.20 RENx2302@0.84 
Value: 9678.65
Sales: MNGAx4114@0.44 REN           x459@4.20 CGNTx655@3.00 NOAx705@2.89 RENx2302@0.84 
Purchases: BWENx388@4.98 SOXSx145@13.32 APOLx71@26.94 JOBx1728@1.12 KATEx68@28.16 

2015-01-11
Cash: 52.03
Held: JOBx1728@1.11 KATEx68@28.17 APOLx71@26.05 BWENx388@4.75 SOXSx145@14.13 
Value: 9627.99
Sales: BWENx388@4.75 SOXSx145@14.13 JOBx1728@1.11 KATEx68@28.17 APOLx71@26.05 
Purchases: SBLKx385@5.00 JOBx1734@1.11 TESOx196@9.80 VNDAx158@12.13 AMAGx45@42.31 

2015-01-12
Cash: 36.41
Held: JOBx1734@1.03 TESOx196@9.85 SBLKx385@4.81 AMAGx45@42.06 VNDAx158@12.09 
Value: 9408.74
Sales: SBLKx385@4.81 JOBx1734@1.03 TESOx196@9.85 AMAGx45@42.06 VNDAx158@12.09 
Purchases: ARWRx297@6.32 SRPTx162@11.61 OASx143@13.10 TIFx21@86.31 REXXx689@2.73 

2015-01-13
Cash: 83.51
Held: OASx143@13.42 SRPTx162@12.23 TIFx21@86.75 REXXx689@2.65 ARWRx297@6.71 
Value: 9624.56
Sales: TIFx21@86.75 SRPTx162@12.23 OASx143@13.42 ARWRx297@6.71 REXXx689@2.65 
Purchases: MBVXx1283@1.50 ECOM          x196@9.79 RNVAx2291@0.84 KBHx142@13.54 OCNx274@7.00 

2015-01-14
Cash: 16.77
Held: ECOM          x196@9.50 KBHx142@12.39 RNVAx2291@0.85 OCNx274@7.81 MBVXx1283@1.35 
Value: 9456.92
Sales: MBVXx1283@1.35 ECOM          x196@9.50 OCNx274@7.81 KBHx142@12.39 RNVAx2291@0.85 
Purchases: SIEBx905@2.09 DWCHx334@5.65 NTZx1370@1.38 JOBx2199@0.86 ERIIx504@3.75 

2015-01-15
Cash: 7.75
Held: ERIIx504@3.74 JOBx2199@0.87 SIEBx905@2.14 DWCHx334@5.74 NTZx1370@1.43 
Value: 9618.74
Sales: SIEBx905@2.14 JOBx2199@0.87 NTZx1370@1.43 DWCHx334@5.74 ERIIx504@3.74 
Purchases: SRNEx213@9.02 SPWRx78@24.52 FROx574@3.35 VBFCx93@20.56 MFCBx365@5.27 

2015-01-19
Cash: 26.17
Held: VBFCx93@20.56 SPWRx78@23.80 MFCBx365@5.17 FROx574@3.54 SRNEx213@10.11 
Value: 9867.09
Sales: SRNEx213@10.11 SPWRx78@23.80 FROx574@3.54 VBFCx93@20.56 MFCBx365@5.17 
Purchases: ERYx83@23.70 SZKx102@19.23 TESSx82@23.91 TTFx214@9.19 KONEx592@3.33 

2015-01-20
Cash: 39.98
Held: TTFx214@9.16 ERYx83@22.30 KONEx592@3.16 SZKx102@25.27 TESSx82@23.09 
Value: 10191.65
Sales: SZKx102@25.27 KONEx592@3.16 TESSx82@23.09 TTFx214@9.16 ERYx83@22.30 
Purchases: EXPRx163@12.50 KIQx521@3.91 LLITx743@2.74 BAKx200@10.15 INWKx397@5.13 

2015-01-21
Cash: 15.10
Held: EXPRx163@12.52 BAKx200@10.19 LLITx743@2.71 INWKx397@5.40 KIQx521@4.06 
Value: 10365.85
Sales: EXPRx163@12.52 KIQx521@4.06 LLITx743@2.71 BAKx200@10.19 INWKx397@5.40 
Purchases: ADXSx279@7.43 ARNAx444@4.66 SNOAx2592@0.80 ISDRx222@9.30 OHRPx260@7.95 

2015-01-22
Cash: 20.07
Held: ISDRx222@9.35 ADXSx279@7.73 OHRPx260@7.83 SNOAx2592@0.83 ARNAx444@4.55 
Value: 10460.34
Sales: ADXSx279@7.73 ISDRx222@9.35 OHRPx260@7.83 ARNAx444@4.55 SNOAx2592@0.83 
Purchases: GRNx247@8.45 SZKx111@18.70 GENEx1673@1.25 TZOOx228@9.17 MBVXx1835@1.14 

2015-01-25
Cash: 22.67
Held: GRNx247@8.48 GENEx1673@1.36 SZKx111@26.42 TZOOx228@9.04 MBVXx1835@1.17 
Value: 11532.79
Sales: GRNx247@8.48 SZKx111@26.42 GENEx1673@1.36 TZOOx228@9.04 MBVXx1835@1.17 
Purchases: UAMYx4805@0.48 SBSx462@4.99 CLFx319@7.22 SRVx546@4.22 FFHLx4047@0.57 

2015-01-26
Cash: 9.60
Held: SRVx546@4.13 UAMYx4805@0.50 SBSx462@5.33 CLFx319@6.80 FFHLx4047@0.56 
Value: 11564.09
Sales: UAMYx4805@0.50 SBSx462@5.33 CLFx319@6.80 SRVx546@4.13 FFHLx4047@0.56 
Purchases: SIEBx1314@1.76 ETPx38@60.38 SRVx560@4.13 HGSHx676@3.42 OIBR.Cx925@2.50 

2015-01-27
Cash: 20.95
Held: ETPx38@59.12 SRVx560@4.13 OIBR.Cx925@2.29 SIEBx1314@1.78 HGSHx676@3.34 
Value: 11294.28
Sales: SIEBx1314@1.78 ETPx38@59.12 SRVx560@4.13 HGSHx676@3.34 OIBR.Cx925@2.29 
Purchases: ELONx160@14.10 TECLx18@125.00 STAAx395@5.71 INVTx3586@0.63 STRLx582@3.88 

2015-01-28
Cash: 14.79
Held: INVTx3586@0.62 STRLx582@3.74 ELONx160@14.40 STAAx395@5.86 TECLx18@128.50 
Value: 11346.55
Sales: ELONx160@14.40 TECLx18@128.50 INVTx3586@0.62 STAAx395@5.86 STRLx582@3.74 
Purchases: TPLMx446@5.08 PDSx476@4.76 MTORx173@13.11 GASLx837@2.71 RDWRx115@19.59 

2015-01-29
Cash: 24.87
Held: PDSx476@5.10 MTORx173@12.80 GASLx837@2.81 RDWRx115@19.23 TPLMx446@5.25 
Value: 11572.96
Sales: TPLMx446@5.25 MTORx173@12.80 PDSx476@5.10 GASLx837@2.81 RDWRx115@19.23 
Purchases: UAMYx4629@0.50 QCOMx37@62.47 BIOPx4629@0.50 FROx1001@2.31 MBVXx2225@1.04 

2015-02-01
Cash: 5.67
Held: UAMYx4629@0.50 FROx1001@2.61 QCOMx37@65.50 MBVXx2225@1.03 BIOPx4629@0.43 
Value: 11638.17
Sales: UAMYx4629@0.50 QCOMx37@65.50 BIOPx4629@0.43 FROx1001@2.61 MBVXx2225@1.03 
Purchases: STRTx37@62.75 HAx121@19.09 GDOTx155@14.96 CPSIx48@48.03 GENEx898@2.59 

2015-02-02
Cash: 55.95
Held: HAx121@18.72 GENEx898@3.09 STRTx37@62.72 CPSIx48@49.81 GDOTx155@13.94 
Value: 11967.50
Sales: STRTx37@62.72 HAx121@18.72 GDOTx155@13.94 CPSIx48@49.81 GENEx898@3.09 
Purchases: LUNAx1585@1.51 PSTIx842@2.84 FUEx290@8.25 SMBCx125@19.09 PRPHx1606@1.49 

2015-02-03
Cash: 10.84
Held: PRPHx1606@1.59 PSTIx842@2.86 SMBCx125@18.41 FUEx290@8.25 LUNAx1585@1.51 
Value: 12057.98
Sales: LUNAx1585@1.51 PSTIx842@2.86 FUEx290@8.25 SMBCx125@18.41 PRPHx1606@1.59 
Purchases: PHMDx1556@1.55 OPHCx2411@1.00 WCSTx1096@2.20 DDPx55@43.62 RCIIx79@30.22 

2015-02-04
Cash: 38.49
Held: RCIIx79@29.31 PHMDx1556@1.62 WCSTx1096@2.29 DDPx55@43.62 OPHCx2411@1.07 
Value: 12363.79
Sales: OPHCx2411@1.07 PHMDx1556@1.62 DDPx55@43.62 WCSTx1096@2.29 RCIIx79@29.31 
Purchases: MYGNx72@34.25 CBLIx784@3.15 AIRTx137@17.94 ACHNx223@11.08 DXRx411@6.01 

2015-02-05
Cash: 29.21
Held: CBLIx784@3.16 AIRTx137@17.38 MYGNx72@32.62 DXRx411@5.95 ACHNx223@10.82 
Value: 12094.20
Sales: ACHNx223@10.82 CBLIx784@3.16 AIRTx137@17.38 MYGNx72@32.62 DXRx411@5.95 
Purchases: FARMx98@24.67 CASMx1792@1.35 OSURx297@8.12 IMMUx606@3.99 OHGIx1152@2.10 

2015-02-08
Cash: 10.22
Held: FARMx98@23.44 OSURx297@7.70 OHGIx1152@1.91 CASMx1792@1.29 IMMUx606@3.88 
Value: 11457.82
Sales: FARMx98@23.44 CASMx1792@1.29 OSURx297@7.70 IMMUx606@3.88 OHGIx1152@1.91 
Purchases: NTGRx75@30.19 EGOVx148@15.41 ARCWx354@6.46 MXWLx349@6.55 SWIRx70@32.28 

2015-02-09
Cash: 80.55
Held: SWIRx70@34.12 NTGRx75@30.64 EGOVx148@15.73 ARCWx354@6.39 MXWLx349@6.61 
Value: 11663.83
Sales: NTGRx75@30.64 EGOVx148@15.73 ARCWx354@6.39 MXWLx349@6.61 SWIRx70@34.12 
Purchases: EPMx362@6.43 FNCXx1202@1.94 CENXx102@22.84 FSCx335@6.95 CUTRx191@12.18 

2015-02-10
Cash: 19.51
Held: FNCXx1202@1.90 FSCx335@6.86 CUTRx191@12.34 EPMx362@6.42 CENXx102@22.23 
Value: 11551.95
Sales: EPMx362@6.42 FNCXx1202@1.90 CENXx102@22.23 FSCx335@6.86 CUTRx191@12.34 
Purchases: DFx146@15.75 SOXSx181@12.76 RCONx1115@2.07 OASx145@15.93 OAx37@61.50 

2015-02-11
Cash: 49.59
Held: RCONx1115@1.96 OASx145@16.88 OAx37@62.34 DFx146@16.30 SOXSx181@12.18 
Value: 11572.40
Sales: DFx146@16.30 SOXSx181@12.18 RCONx1115@1.96 OASx145@16.88 OAx37@62.34 
Purchases: YUMAx1912@1.21 PIRx187@12.35 AWREx526@4.40 FFHLx3856@0.60 APDNx680@3.40 

2015-02-12
Cash: 9.40
Held: APDNx680@3.45 PIRx187@12.52 FFHLx3856@0.58 AWREx526@4.50 YUMAx1912@1.88 
Value: 12894.87
Sales: YUMAx1912@1.88 PIRx187@12.52 AWREx526@4.50 FFHLx3856@0.58 APDNx680@3.45 
Purchases: PNRAx16@155.00 IMUCx4775@0.54 WPCSx11213@0.23 ARCIx1019@2.53 OESXx621@4.15 

2015-02-16
Cash: 103.87
Held: WPCSx11213@0.26 IMUCx4775@0.57 ARCIx1019@2.87 OESXx621@4.22 PNRAx16@153.62 
Value: 13741.77
Sales: PNRAx16@153.62 IMUCx4775@0.57 WPCSx11213@0.26 ARCIx1019@2.87 OESXx621@4.22 
Purchases: SZKx152@18.00 MGIx320@8.56 ERYx156@17.59 CECOx535@5.13 AIZx45@60.88 

2015-02-17
Cash: 37.81
Held: CECOx535@5.12 ERYx156@18.19 AIZx45@60.56 SZKx152@18.03 MGIx320@8.56 
Value: 13820.91
Sales: SZKx152@18.03 MGIx320@8.56 ERYx156@18.19 CECOx535@5.12 AIZx45@60.56 
Purchases: SCONx1285@2.15 RNVAx2425@1.14 CADCx682@4.05 DEEx51@53.62 DFBGx14552@0.19 

2015-02-18
Cash: 32.47
Held: RNVAx2425@1.89 CADCx682@4.34 DEEx51@55.81 DFBGx14552@0.20 SCONx1285@2.14 
Value: 16081.47
Sales: SCONx1285@2.14 DFBGx14552@0.20 CADCx682@4.34 DEEx51@55.81 RNVAx2425@1.89 
Purchases: MCFx120@26.67 RCONx1926@1.67 SONSx201@15.98 IBIOx4176@0.77 XCOx1435@2.24 

2015-02-19
Cash: 22.95
Held: RCONx1926@1.68 IBIOx4176@0.93 XCOx1435@2.18 MCFx120@25.38 SONSx201@16.75 
Value: 16682.04
Sales: MCFx120@25.38 RCONx1926@1.68 SONSx201@16.75 IBIOx4176@0.93 XCOx1435@2.18 
Purchases: MNGAx4019@0.83 AXDXx184@18.05 HSTx153@21.77 HSTMx126@26.45 CDEx571@5.84 

2015-02-22
Cash: 27.55
Held: AXDXx184@18.00 MNGAx4019@0.83 HSTx153@21.61 HSTMx126@26.66 CDEx571@5.78 
Value: 16641.65
Sales: MNGAx4019@0.83 AXDXx184@18.00 HSTMx126@26.66 HSTx153@21.61 CDEx571@5.78 
Purchases: SRTx423@7.85 GEN           x480@6.93 GENx480@6.93 OESXx927@3.59 RNVAx2844@1.17 

2015-02-23
Cash: 12.90
Held: SRTx423@7.87 GEN           x480@6.90 RNVAx2844@1.19 GENx480@6.90 OESXx927@3.68 
Value: 16761.52
Sales: OESXx927@3.68 GEN           x480@6.90 GENx480@6.90 SRTx423@7.87 RNVAx2844@1.19 
Purchases: SEEDx2724@1.23 MSONx304@11.01 SPPIx539@6.22 HOTRx1727@1.94 CRAYx105@31.80 

2015-02-24
Cash: 21.65
Held: SPPIx539@6.35 MSONx304@11.27 HOTRx1727@2.00 CRAYx105@31.12 SEEDx2724@1.25 
Value: 16999.39
Sales: SEEDx2724@1.25 MSONx304@11.27 SPPIx539@6.35 HOTRx1727@2.00 CRAYx105@31.12 
Purchases: DOx112@30.20 RGSEx7234@0.47 AIRx116@29.20 GLDDx545@6.23 WORx128@26.52 

2015-02-25
Cash: 39.70
Held: RGSEx7234@0.45 DOx112@29.05 AIRx116@28.56 WORx128@26.56 GLDDx545@6.12 
Value: 16597.15
Sales: RGSEx7234@0.45 AIRx116@28.56 GLDDx545@6.12 WORx128@26.56 DOx112@29.05 
Purchases: LLx67@49.22 CHKx192@17.20 AXNx2721@1.22 HPQx97@34.00 XKEx538@6.16 

2015-02-26
Cash: 65.45
Held: CHKx192@16.69 HPQx97@34.84 XKEx538@6.01 AXNx2721@1.10 LLx67@51.88 
Value: 16351.26
Sales: HPQx97@34.84 CHKx192@16.69 AXNx2721@1.10 LLx67@51.88 XKEx538@6.01 
Purchases: CWEIx66@49.06 BLDPx1428@2.29 SITOx9907@0.33 ANIKx81@39.91 RNVAx2423@1.35 

2015-03-01
Cash: 71.76
Held: CWEIx66@46.66 RNVAx2423@1.40 ANIKx81@40.59 SITOx9907@0.33 BLDPx1428@2.37 
Value: 16485.53
Sales: CWEIx66@46.66 BLDPx1428@2.37 SITOx9907@0.33 ANIKx81@40.59 RNVAx2423@1.40 
Purchases: SZKx186@17.70 ENOCx257@12.82 STAAx483@6.82 GENEx575@5.73 WTWx305@10.78 

2015-03-02
Cash: 20.42
Held: GENEx575@5.36 WTWx305@10.59 ENOCx257@11.86 SZKx186@24.81 STAAx483@7.76 
Value: 17745.05
Sales: ENOCx257@11.86 SZKx186@24.81 GENEx575@5.36 STAAx483@7.76 WTWx305@10.59 
Purchases: SBLKx850@4.17 SMRTx291@12.16 GIFIx249@14.22 SUNWx622@5.70 CEIx16903@0.21 

2015-03-03
Cash: 27.13
Held: GIFIx249@14.43 SMRTx291@12.27 SUNWx622@3.10 SBLKx850@4.11 CEIx16903@0.23 
Value: 16499.98
Sales: SBLKx850@4.11 SMRTx291@12.27 GIFIx249@14.43 SUNWx622@3.10 CEIx16903@0.23 
Purchases: NYMXx5321@0.62 RCONx2171@1.52 HMNYx956@3.45 URREx2101@1.57 CMLSx131@25.05 

2015-03-04
Cash: 23.61
Held: RCONx2171@1.55 NYMXx5321@0.61 HMNYx956@3.04 URREx2101@1.61 CMLSx131@24.23 
Value: 16096.72
Sales: NYMXx5321@0.61 RCONx2171@1.55 URREx2101@1.61 HMNYx956@3.04 CMLSx131@24.23 
Purchases: CENXx195@16.48 HBIx100@32.12 SUNWx1080@2.98 CYCCx253@12.72 CDIx223@14.41 

2015-03-05
Cash: 20.42
Held: SUNWx1080@3.00 HBIx100@32.00 CENXx195@16.08 CDIx223@13.95 CYCCx253@12.60 
Value: 15895.40
Sales: CENXx195@16.08 HBIx100@32.00 SUNWx1080@3.00 CYCCx253@12.60 CDIx223@13.95 
Purchases: YTENx3739@0.85 DRWIx158@20.00 CECEx251@12.65 GEFx86@36.88 RWCx584@5.44 

2015-03-08
Cash: 33.09
Held: CECEx251@12.10 RWCx584@5.56 YTENx3739@0.82 DRWIx158@19.23 GEFx86@36.56 
Value: 15565.53
Sales: YTENx3739@0.82 RWCx584@5.56 CECEx251@12.10 DRWIx158@19.23 GEFx86@36.56 
Purchases: HURCx107@28.91 BORNx2660@1.17 GENEx681@4.57 MTLx2288@1.36 AEZSx59@52.00 

2015-03-09
Cash: 67.71
Held: GENEx681@4.45 HURCx107@29.06 MTLx2288@1.36 BORNx2660@1.13 AEZSx59@51.31 
Value: 15352.72
Sales: HURCx107@29.06 BORNx2660@1.13 GENEx681@4.45 MTLx2288@1.36 AEZSx59@51.31 
Purchases: ATVx621@4.94 PPHMx2192@1.40 EDAPx870@3.53 VNRx212@14.45 LODEx4951@0.62 

2015-03-10
Cash: 9.70
Held: ATVx621@4.73 PPHMx2192@1.43 LODEx4951@0.62 VNRx212@15.01 EDAPx870@3.49 
Value: 15369.56
Sales: ATVx621@4.73 PPHMx2192@1.43 EDAPx870@3.49 VNRx212@15.01 LODEx4951@0.62 
Purchases: GOGLx762@4.03 UBMx255@12.05 TITNx251@12.21 PRTSx1155@2.66 BIOSx893@3.44 

2015-03-11
Cash: 16.93
Held: PRTSx1155@2.63 GOGLx762@4.08 TITNx251@12.37 UBMx255@14.82 BIOSx893@3.85 
Value: 16484.15
Sales: BIOSx893@3.85 PRTSx1155@2.63 GOGLx762@4.08 TITNx251@12.37 UBMx255@14.82 
Purchases: OPXAx5072@0.65 CRMDx409@8.05 HTHTx185@17.75 MRVCx416@7.92 BAKx504@6.53 

2015-03-12
Cash: 25.68
Held: OPXAx5072@0.64 BAKx504@6.74 MRVCx416@7.93 CRMDx409@8.40 HTHTx185@17.95 
Value: 16723.58
Sales: OPXAx5072@0.64 CRMDx409@8.40 HTHTx185@17.95 MRVCx416@7.93 BAKx504@6.74 
Purchases: SGOCx5670@0.59 RGSEx12386@0.27 ACADx97@34.44 SPEXx3934@0.85 BVXx1343@2.49 

2015-03-15
Cash: 5.60
Held: RGSEx12386@0.28 SGOCx5670@0.60 ACADx97@35.19 SPEXx3934@0.83 BVXx1343@2.50 
Value: 16912.81
Sales: SGOCx5670@0.60 RGSEx12386@0.28 ACADx97@35.19 SPEXx3934@0.83 BVXx1343@2.50 
Purchases: YUMAx2818@1.20 GALEx2415@1.40 LLx112@29.94 OPTTx7688@0.44 SIEBx2037@1.66 

2015-03-16
Cash: 31.71
Held: GALEx2415@1.37 SIEBx2037@1.67 YUMAx2818@1.17 LLx112@29.69 OPTTx7688@0.41 
Value: 16515.42
Sales: YUMAx2818@1.17 GALEx2415@1.37 LLx112@29.69 OPTTx7688@0.41 SIEBx2037@1.67 
Purchases: PFIEx2326@1.42 PRTSx1543@2.14 SYNx1376@2.40 MTLx3206@1.03 HRTx493@6.69 

2015-03-17
Cash: 4.84
Held: PFIEx2326@1.35 HRTx493@6.74 PRTSx1543@2.15 SYNx1376@2.38 MTLx3206@1.26 
Value: 17098.93
Sales: PFIEx2326@1.35 HRTx493@6.74 SYNx1376@2.38 MTLx3206@1.26 PRTSx1543@2.15 
Purchases: RDNTx440@7.76 EGYx999@3.42 WGBSx850@4.02 GLBSx2849@1.20 MDSYx1554@2.20 

2015-03-18
Cash: 13.72
Held: GLBSx2849@1.29 WGBSx850@4.11 RDNTx440@7.63 MDSYx1554@2.20 EGYx999@3.03 
Value: 16982.59
Sales: RDNTx440@7.63 EGYx999@3.03 WGBSx850@4.11 GLBSx2849@1.29 MDSYx1554@2.20 
Purchases: SHIPx4784@0.71 NKTRx285@11.89 XINx1204@2.82 WSCIx598@5.68 SQMx190@17.88 

2015-03-19
Cash: 8.95
Held: WSCIx598@5.73 SHIPx4784@0.71 XINx1204@2.81 NKTRx285@12.02 SQMx190@18.86 
Value: 17226.08
Sales: SQMx190@18.86 SHIPx4784@0.71 NKTRx285@12.02 XINx1204@2.81 WSCIx598@5.73 
Purchases: SGYx244@14.10 MTORx278@12.37 WINTx2777@1.24 DGICBx164@20.95 BOSCx1429@2.41 

2015-03-22
Cash: 22.66
Held: MTORx278@12.40 DGICBx164@22.00 WINTx2777@1.22 SGYx244@13.79 BOSCx1429@2.49 
Value: 17387.68
Sales: SGYx244@13.79 MTORx278@12.40 WINTx2777@1.22 DGICBx164@22.00 BOSCx1429@2.49 
Purchases: AEHRx1342@2.59 SCONx2432@1.43 YTENx5895@0.59 HMNYx1385@2.51 EGTx1921@1.81 

2015-03-23
Cash: 5.78
Held: AEHRx1342@2.52 YTENx5895@0.60 HMNYx1385@2.55 EGTx1921@1.83 SCONx2432@1.44 
Value: 17476.10
Sales: AEHRx1342@2.52 SCONx2432@1.44 YTENx5895@0.60 HMNYx1385@2.55 EGTx1921@1.83 
Purchases: TRXx9200@0.38 PARx867@4.03 COYNx247@14.12 CPRXx818@4.27 SITOx12481@0.28 

2015-03-24
Cash: 11.62
Held: CPRXx818@4.13 PARx867@4.03 TRXx9200@0.34 SITOx12481@0.27 COYNx247@12.75 
Value: 16532.33
Sales: TRXx9200@0.34 PARx867@4.03 SITOx12481@0.27 COYNx247@12.75 CPRXx818@4.13 
Purchases: PPCx138@23.80 HPJx794@4.16 SONSx394@8.38 ZAGGx402@8.21 CECOx657@5.03 

2015-03-25
Cash: 36.04
Held: ZAGGx402@8.20 HPJx794@3.91 CECOx657@5.02 SONSx394@8.08 PPCx138@23.55 
Value: 16168.44
Sales: PPCx138@23.55 HPJx794@3.91 SONSx394@8.08 ZAGGx402@8.20 CECOx657@5.02 
Purchases: IDRAx926@3.49 IIJIx381@8.47 APOLx168@19.20 SONCx101@31.95 MCZx8736@0.37 

2015-03-26
Cash: 23.16
Held: SONCx101@32.06 IIJIx381@8.27 APOLx168@19.20 MCZx8736@0.37 IDRAx926@3.43 
Value: 16049.01
Sales: IDRAx926@3.43 IIJIx381@8.27 APOLx168@19.20 SONCx101@32.06 MCZx8736@0.37 
Purchases: ELONx341@9.40 MGAx61@52.06 WRLDx42@75.00 MTLx2608@1.23 MBVXx1981@1.62 

2015-03-29
Cash: 99.81
Held: ELONx341@9.28 WRLDx42@74.69 MGAx61@53.00 MTLx2608@1.35 MBVXx1981@1.86 
Value: 16839.73
Sales: ELONx341@9.28 MGAx61@53.00 WRLDx42@74.69 MTLx2608@1.35 MBVXx1981@1.86 
Purchases: SSGx72@46.72 REXXx874@3.85 WAFDWx779@4.32 XCOx1946@1.73 NTNx8020@0.42 

2015-03-30
Cash: 10.63
Held: WAFDWx779@4.65 REXXx874@3.72 NTNx8020@0.42 XCOx1946@1.83 SSGx72@47.97 
Value: 17266.52
Sales: SSGx72@47.97 NTNx8020@0.42 WAFDWx779@4.65 XCOx1946@1.83 REXXx874@3.72 
Purchases: WWEx246@14.01 GBRx1718@2.01 BDSIx328@10.50 GILx116@29.52 IRCPx116@29.75 

2015-03-31
Cash: 49.00
Held: GILx116@29.86 WWEx246@13.60 GBRx1718@2.03 BDSIx328@10.11 IRCPx116@29.75 
Value: 17111.88
Sales: WWEx246@13.60 IRCPx116@29.75 BDSIx328@10.11 GILx116@29.86 GBRx1718@2.03 
Purchases: ATVx610@5.60 SSNx2462@1.39 WTTx1331@2.57 ARCIx1746@1.96 BDRx3679@0.93 

2015-04-01
Cash: 8.32
Held: SSNx2462@1.66 WTTx1331@2.54 ATVx610@5.47 ARCIx1746@2.15 BDRx3679@0.94 
Value: 18023.68
Sales: ATVx610@5.47 SSNx2462@1.66 WTTx1331@2.54 ARCIx1746@2.15 BDRx3679@0.94 
Purchases: PEDx7209@0.50 VTNRx1282@2.81 NHFx474@7.59 WLDNx271@13.29 CTSOx467@7.71 

2015-04-05
Cash: 16.13
Held: VTNRx1282@2.55 WLDNx271@14.09 CTSOx467@7.30 PEDx7209@0.52 NHFx474@7.61 
Value: 17870.77
Sales: PEDx7209@0.52 VTNRx1282@2.55 CTSOx467@7.30 NHFx474@7.61 WLDNx271@14.09 
Purchases: SEACx547@6.53 JOBx4468@0.80 TRIBx205@17.39 SUNWx834@4.28 CTSOx489@7.30 

2015-04-06
Cash: 18.93
Held: JOBx4468@0.88 TRIBx205@17.45 SUNWx834@4.31 CTSOx489@8.21 SEACx547@6.42 
Value: 18649.41
Sales: SEACx547@6.42 JOBx4468@0.88 CTSOx489@8.21 SUNWx834@4.31 TRIBx205@17.45 
Purchases: NYMXx2763@1.35 SIEBx2206@1.69 NATHx73@50.59 AXNx2246@1.66 SYPRx2233@1.67 

2015-04-07
Cash: 40.36
Held: SYPRx2233@1.57 NYMXx2763@1.38 SIEBx2206@1.61 AXNx2246@1.75 NATHx73@49.66 
Value: 18467.33
Sales: NYMXx2763@1.38 SIEBx2206@1.61 NATHx73@49.66 AXNx2246@1.75 SYPRx2233@1.57 
Purchases: WGx1314@2.81 SRSCx421@8.76 IIINx176@20.89 RILYx369@10.00 ITUSx28410@0.13 

2015-04-08
Cash: 27.04
Held: ITUSx28410@0.14 SRSCx421@8.56 WGx1314@2.64 RILYx369@9.95 IIINx176@21.03 
Value: 18453.66
Sales: WGx1314@2.64 SRSCx421@8.56 IIINx176@21.03 RILYx369@9.95 ITUSx28410@0.14 
Purchases: UCOx480@7.68 TPLMx693@5.32 YANGx668@5.52 FXPx139@26.53 NUROx2674@1.38 

2015-04-09
Cash: 15.73
Held: FXPx139@26.86 NUROx2674@1.33 UCOx480@7.97 TPLMx693@5.37 YANGx668@5.61 
Value: 18600.05
Sales: UCOx480@7.97 TPLMx693@5.37 YANGx668@5.61 FXPx139@26.86 NUROx2674@1.33 
Purchases: WGx1413@2.63 SEVx492@7.55 XRAx6766@0.55 SYPRx2565@1.45 DRNx181@20.55 

2015-04-12
Cash: 8.94
Held: SYPRx2565@1.39 XRAx6766@0.54 DRNx181@20.38 SEVx492@7.55 WGx1413@2.68 
Value: 18416.55
Sales: WGx1413@2.68 SEVx492@7.55 XRAx6766@0.54 SYPRx2565@1.39 DRNx181@20.38 
Purchases: DGLYx255@14.43 ACHx231@15.88 FRPHx106@34.56 EXTRx1490@2.47 EDUx150@24.42 

2015-04-13
Cash: 59.80
Held: EDUx150@23.94 FRPHx106@34.47 DGLYx255@13.77 ACHx231@15.56 EXTRx1490@2.41 
Value: 18002.41
Sales: DGLYx255@13.77 ACHx231@15.56 FRPHx106@34.47 EXTRx1490@2.41 EDUx150@23.94 
Purchases: TEARx1637@2.20 COREx124@28.98 CTSOx485@7.41 HMNYx1564@2.30 MBVXx925@3.89 

2015-04-14
Cash: 17.05
Held: COREx124@28.58 CTSOx485@7.29 HMNYx1564@2.35 TEARx1637@2.25 MBVXx925@3.40 
Value: 17599.33
Sales: TEARx1637@2.25 COREx124@28.58 MBVXx925@3.40 HMNYx1564@2.35 CTSOx485@7.29 
Purchases: OPXAx8382@0.42 NYMXx3452@1.02 HHx7822@0.45 STRMx1256@2.80 CBAKx825@4.26 

2015-04-15
Cash: 6.91
Held: OPXAx8382@0.43 HHx7822@0.45 NYMXx3452@1.02 STRMx1256@2.81 CBAKx825@4.44 
Value: 17843.74
Sales: OPXAx8382@0.43 NYMXx3452@1.02 HHx7822@0.45 STRMx1256@2.81 CBAKx825@4.44 
Purchases: CAPRx544@6.56 SCOx59@59.75 DTOx51@69.94 SSKNx2099@1.70 DXTRx7593@0.47 

2015-04-16
Cash: 46.61
Held: CAPRx544@6.57 SSKNx2099@1.60 SCOx59@60.28 DTOx51@71.00 DXTRx7593@0.45 
Value: 17572.51
Sales: DXTRx7593@0.45 SCOx59@60.28 DTOx51@71.00 SSKNx2099@1.60 CAPRx544@6.57 
Purchases: CNETx905@3.88 OCNx456@7.70 NLSTx6167@0.57 GLFx221@15.85 AGXx108@32.34 

2015-04-19
Cash: 39.06
Held: AGXx108@32.28 CNETx905@3.78 NLSTx6167@0.59 GLFx221@16.36 OCNx456@7.63 
Value: 17677.47
Sales: CNETx905@3.78 NLSTx6167@0.59 OCNx456@7.63 GLFx221@16.36 AGXx108@32.28 
Purchases: RNVAx3535@1.00 ATHXx2619@1.35 GNMKx325@10.85 DSSx13093@0.27 AMDx1419@2.49 

2015-04-20
Cash: 12.08
Held: GNMKx325@10.73 DSSx13093@0.29 RNVAx3535@0.95 AMDx1419@2.35 ATHXx2619@1.33 
Value: 17472.20
Sales: AMDx1419@2.35 GNMKx325@10.73 ATHXx2619@1.33 DSSx13093@0.29 RNVAx3535@0.95 
Purchases: PEDx5729@0.61 UNXLx607@5.75 FAROx76@45.56 BCLIx798@4.38 ZIOPx322@10.85 

2015-04-21
Cash: 36.73
Held: FAROx76@44.62 PEDx5729@0.62 ZIOPx322@10.88 BCLIx798@4.29 UNXLx607@5.76 
Value: 17405.18
Sales: PEDx5729@0.62 UNXLx607@5.76 FAROx76@44.62 BCLIx798@4.29 ZIOPx322@10.88 
Purchases: NYMXx2636@1.32 NBYx5273@0.66 NVGNx470@7.40 SKLNx566@6.15 GLFx252@13.77 

2015-04-22
Cash: 15.64
Held: NBYx5273@0.63 SKLNx566@6.15 NVGNx470@6.55 NYMXx2636@1.44 GLFx252@13.63 
Value: 17128.34
Sales: NYMXx2636@1.44 NBYx5273@0.63 NVGNx470@6.55 SKLNx566@6.15 GLFx252@13.63 
Purchases: BIOPx6230@0.55 EMMSx538@6.36 VIRCx1232@2.78 PWx554@6.18 HMNYx1223@2.80 

2015-04-23
Cash: 8.72
Held: VIRCx1232@2.78 HMNYx1223@2.89 PWx554@6.25 EMMSx538@6.00 BIOPx6230@0.56 
Value: 17147.71
Sales: BIOPx6230@0.56 EMMSx538@6.00 HMNYx1223@2.89 VIRCx1232@2.78 PWx554@6.25 
Purchases: SGCx180@19.02 SNAKx393@8.71 CIDMx3609@0.95 NVGNx524@6.54 ERICx300@11.41 

2015-04-26
Cash: 23.90
Held: ERICx300@11.40 SNAKx393@9.17 CIDMx3609@0.88 NVGNx524@6.33 SGCx180@18.30 
Value: 16832.85
Sales: SGCx180@18.30 SNAKx393@9.17 ERICx300@11.40 NVGNx524@6.33 CIDMx3609@0.88 
Purchases: MBOTx5610@0.60 SPNCx128@26.19 TRNx119@28.12 DRRXx1626@2.07 CPRXx1005@3.35 

2015-04-27
Cash: 34.74
Held: MBOTx5610@0.62 CPRXx1005@3.55 DRRXx1626@2.01 TRNx119@28.20 SPNCx128@26.11 
Value: 17048.19
Sales: MBOTx5610@0.62 SPNCx128@26.11 TRNx119@28.20 DRRXx1626@2.01 CPRXx1005@3.55 
Purchases: AIRTx170@19.98 IGCx6819@0.50 CLDXx142@23.92 IMGNx392@8.68 CBMGx138@24.56 

2015-04-28
Cash: 52.37
Held: AIRTx170@20.45 CLDXx142@24.55 IGCx6819@0.50 IMGNx392@8.64 CBMGx138@26.41 
Value: 17455.75
Sales: IGCx6819@0.50 CBMGx138@26.41 AIRTx170@20.45 CLDXx142@24.55 IMGNx392@8.64 
Purchases: UNXLx994@3.51 IDXXx26@130.62 GLBSx2167@1.61 SYMXx2391@1.46 PRTSx2154@1.62 

2015-04-29
Cash: 100.66
Held: IDXXx26@125.38 PRTSx2154@1.60 SYMXx2391@1.49 GLBSx2167@1.61 UNXLx994@3.50 
Value: 17337.75
Sales: PRTSx2154@1.60 IDXXx26@125.38 GLBSx2167@1.61 SYMXx2391@1.49 UNXLx994@3.50 
Purchases: SMSIx2795@1.24 UAMYx3153@1.10 SSYSx92@37.44 BWLDx21@159.25 DHXx456@7.60 

2015-04-30
Cash: 149.41
Held: UAMYx3153@1.16 DHXx456@7.66 SMSIx2795@1.23 BWLDx21@157.38 SSYSx92@36.72 
Value: 17422.58
Sales: UAMYx3153@1.16 SMSIx2795@1.23 SSYSx92@36.72 BWLDx21@157.38 DHXx456@7.66 
Purchases: STMx438@7.94 REISx156@22.30 AEx75@46.41 QUIKx2049@1.70 NOKx536@6.50 

2015-05-03
Cash: 17.76
Held: QUIKx2049@1.71 STMx438@7.77 REISx156@22.56 AEx75@47.00 NOKx536@6.54 
Value: 17474.21
Sales: STMx438@7.77 NOKx536@6.54 AEx75@47.00 QUIKx2049@1.71 REISx156@22.56 
Purchases: GTLSx96@36.06 ABAXx63@55.09 TYPEx128@27.12 TUESx250@13.93 SCONx3178@1.10 

2015-05-04
Cash: 92.33
Held: ABAXx63@53.16 TUESx250@13.39 GTLSx96@35.56 TYPEx128@27.02 SCONx3178@1.10 
Value: 17155.39
Sales: GTLSx96@35.56 ABAXx63@53.16 TYPEx128@27.02 TUESx250@13.39 SCONx3178@1.10 
Purchases: GYROx1046@3.28 GIIIx61@56.19 VSECx58@58.81 EMMSx680@5.04 OIBR.Cx1949@1.76 

2015-05-05
Cash: 30.33
Held: VSECx58@65.56 GIIIx61@56.25 OIBR.Cx1949@1.94 GYROx1046@3.33 EMMSx680@4.92 
Value: 17876.24
Sales: GYROx1046@3.33 GIIIx61@56.25 VSECx58@65.56 EMMSx680@4.92 OIBR.Cx1949@1.94 
Purchases: CLBSx1501@2.38 WACx210@16.98 AVPx505@7.07 KLICx270@13.21 MAVx259@13.77 

2015-05-06
Cash: 31.07
Held: KLICx270@13.34 AVPx505@7.02 CLBSx1501@2.35 MAVx259@13.78 WACx210@18.92 
Value: 18248.45
Sales: CLBSx1501@2.35 WACx210@18.92 AVPx505@7.02 KLICx270@13.34 MAVx259@13.78 
Purchases: CLUBx729@5.00 KONAx175@20.77 CEQPx6@555.00 LINKx486@7.50 IMHx171@21.30 

2015-05-07
Cash: 352.70
Held: KONAx175@20.72 IMHx171@19.06 CEQPx6@520.00 CLUBx729@4.76 LINKx486@7.50 
Value: 17474.46
Sales: CLUBx729@4.76 KONAx175@20.72 CEQPx6@520.00 LINKx486@7.50 IMHx171@19.06 
Purchases: PMTx191@18.22 NETEx4314@0.81 LOVx1099@3.18 KATEx122@28.62 WFMx82@42.59 

2015-05-10
Cash: 20.67
Held: LOVx1099@3.16 KATEx122@29.20 WFMx82@42.72 PMTx191@18.27 NETEx4314@0.87 
Value: 17801.82
Sales: PMTx191@18.27 NETEx4314@0.87 LOVx1099@3.16 KATEx122@29.20 WFMx82@42.72 
Purchases: PRKRx9372@0.38 PROx197@18.03 ENOCx353@10.06 QUMUx361@9.86 CBLIx1797@1.98 

2015-05-11
Cash: 19.21
Held: CBLIx1797@2.00 PROx197@18.42 ENOCx353@10.41 PRKRx9372@0.38 QUMUx361@9.92 
Value: 18057.78
Sales: PRKRx9372@0.38 CBLIx1797@2.00 ENOCx353@10.41 QUMUx361@9.92 PROx197@18.42 
Purchases: RDNTx496@7.27 CTSOx525@6.88 VRTSx31@115.06 VIVEx10941@0.33 STRLx1107@3.26 

2015-05-12
Cash: 53.78
Held: VRTSx31@116.06 STRLx1107@3.36 CTSOx525@6.37 RDNTx496@6.95 VIVEx10941@0.47 
Value: 19304.14
Sales: RDNTx496@6.95 CTSOx525@6.37 VRTSx31@116.06 VIVEx10941@0.47 STRLx1107@3.36 
Purchases: NMRXx422@9.14 DEPOx193@19.91 KOSSx1435@2.69 KNDIx365@10.56 SRTx603@6.40 

2015-05-13
Cash: 31.95
Held: SRTx603@6.56 KNDIx365@9.07 KOSSx1435@2.73 NMRXx422@9.18 DEPOx193@20.02 
Value: 18952.51
Sales: NMRXx422@9.18 DEPOx193@20.02 KOSSx1435@2.73 KNDIx365@9.07 SRTx603@6.56 
Purchases: ATVx353@10.73 DCOx155@24.41 OREXx756@5.01 CECOx906@4.18 EBRx1619@2.34 

2015-05-14
Cash: 19.20
Held: DCOx155@25.02 EBRx1619@2.37 CECOx906@4.12 ATVx353@10.80 OREXx756@5.01 
Value: 19066.13
Sales: ATVx353@10.80 DCOx155@25.02 OREXx756@5.01 CECOx906@4.12 EBRx1619@2.37 
Purchases: DGLYx246@15.46 GIGAx1906@2.00 OHGIx1976@1.93 PTIEx1733@2.20 DGSEx4237@0.90 

2015-05-17
Cash: 13.55
Held: DGSEx4237@0.87 PTIEx1733@2.08 GIGAx1906@2.13 OHGIx1976@2.05 DGLYx246@14.44 
Value: 18970.39
Sales: DGLYx246@14.44 GIGAx1906@2.13 OHGIx1976@2.05 PTIEx1733@2.08 DGSEx4237@0.87 
Purchases: HGGx862@4.40 URGx3952@0.96 SSYx2789@1.36 GVx2749@1.38 SOFOx567@6.69 

2015-05-18
Cash: 3.83
Held: GVx2749@1.34 SSYx2789@1.44 URGx3952@0.94 SOFOx567@6.84 HGGx862@4.19 
Value: 18910.25
Sales: GVx2749@1.34 HGGx862@4.19 URGx3952@0.94 SSYx2789@1.44 SOFOx567@6.84 
Purchases: HPJx861@4.39 CYRXx524@7.21 INVTx12604@0.30 FLLx2455@1.54 WTWx579@6.53 

2015-05-19
Cash: 7.19
Held: HPJx861@4.64 INVTx12604@0.31 WTWx579@6.52 FLLx2455@1.56 CYRXx524@7.10 
Value: 19235.52
Sales: HPJx861@4.64 CYRXx524@7.10 INVTx12604@0.31 FLLx2455@1.56 WTWx579@6.52 
Purchases: HRTXx310@12.40 OSURx610@6.30 URBNx112@34.12 BIOLx2113@1.82 AEZSx130@29.50 

2015-05-20
Cash: 45.20
Held: OSURx610@6.42 URBNx112@34.53 HRTXx310@12.69 BIOLx2113@1.83 AEZSx130@31.53 
Value: 19729.19
Sales: HRTXx310@12.69 OSURx610@6.42 URBNx112@34.53 BIOLx2113@1.83 AEZSx130@31.53 
Purchases: FASx119@33.00 FANHx470@8.39 UMDDx57@68.06 UYGx51@76.38 INDLx187@21.05 

2015-05-21
Cash: 148.14
Held: UYGx51@76.25 FASx119@33.00 FANHx470@8.50 UMDDx57@68.00 INDLx187@21.17 
Value: 19794.03
Sales: FASx119@33.00 INDLx187@21.17 UMDDx57@68.00 UYGx51@76.25 FANHx470@8.50 
Purchases: ISRx2151@1.84 LLx188@21.05 HYGSx430@9.19 CNITx1041@3.80 DGSEx7068@0.56 

2015-05-25
Cash: 13.98
Held: ISRx2151@1.94 DGSEx7068@0.51 HYGSx430@9.02 LLx188@22.05 CNITx1041@3.98 
Value: 19959.43
Sales: ISRx2151@1.94 LLx188@22.05 HYGSx430@9.02 CNITx1041@3.98 DGSEx7068@0.51 
Purchases: FNCXx1656@2.41 QUMUx500@7.98 YANGx78@50.75 GFNx676@5.90 OESXx1805@2.21 

2015-05-26
Cash: 41.39
Held: FNCXx1656@2.31 OESXx1805@2.62 QUMUx500@7.91 GFNx676@5.80 YANGx78@50.81 
Value: 20434.99
Sales: GFNx676@5.80 FNCXx1656@2.31 YANGx78@50.81 QUMUx500@7.91 OESXx1805@2.62 
Purchases: UAMYx4644@0.88 ROIAx1174@3.48 CYRNx1654@2.47 RTNBx1983@2.06 RADAx1891@2.16 

2015-05-27
Cash: 5.28
Held: RADAx1891@2.13 UAMYx4644@0.82 ROIAx1174@3.57 CYRNx1654@2.54 RTNBx1983@2.04 
Value: 20276.61
Sales: UAMYx4644@0.82 ROIAx1174@3.57 CYRNx1654@2.54 RTNBx1983@2.04 RADAx1891@2.13 
Purchases: SOXSx109@37.09 AWXx1703@2.38 PRTSx1711@2.37 LFCx166@24.36 DGSEx10956@0.37 

2015-05-28
Cash: 26.53
Held: DGSEx10956@0.40 AWXx1703@2.37 PRTSx1711@2.25 LFCx166@23.84 SOXSx109@36.78 
Value: 20259.48
Sales: PRTSx1711@2.25 AWXx1703@2.37 SOXSx109@36.78 LFCx166@23.84 DGSEx10956@0.40 
Purchases: YINNx76@52.72 WILCx833@4.86 XCRAx524@7.72 HNRGx476@8.50 SMTCx189@21.36 

2015-05-31
Cash: 77.45
Held: XCRAx524@7.83 WILCx833@5.00 SMTCx189@21.62 HNRGx476@7.97 YINNx76@54.38 
Value: 20357.13
Sales: YINNx76@54.38 SMTCx189@21.62 XCRAx524@7.83 HNRGx476@7.97 WILCx833@5.00 
Purchases: TGBx6463@0.63 ANFx199@20.41 WSTLx4032@1.01 INTGx203@20.00 OHGIx1163@3.50 

2015-06-01
Cash: 23.48
Held: WSTLx4032@1.07 INTGx203@20.05 OHGIx1163@3.51 TGBx6463@0.63 ANFx199@21.16 
Value: 20771.38
Sales: TGBx6463@0.63 ANFx199@21.16 WSTLx4032@1.07 INTGx203@20.05 OHGIx1163@3.51 
Purchases: HQCLx2360@1.76 ATVx468@8.87 PATKx104@39.62 VIVEx4886@0.85 AUMNx10388@0.40 

2015-06-02
Cash: 39.73
Held: HQCLx2360@1.50 ATVx468@8.87 AUMNx10388@0.40 VIVEx4886@0.85 PATKx104@39.94 
Value: 20190.84
Sales: HQCLx2360@1.50 ATVx468@8.87 PATKx104@39.94 VIVEx4886@0.85 AUMNx10388@0.40 
Purchases: IRMx117@34.28 FSNNx1387@2.91 MOSYx1914@2.11 IMGNx293@13.75 PPLx128@31.45 

2015-06-03
Cash: 51.45
Held: PPLx128@31.45 FSNNx1387@2.77 IMGNx293@14.66 IRMx117@32.88 MOSYx1914@2.14 
Value: 20156.60
Sales: IRMx117@32.88 MOSYx1914@2.14 FSNNx1387@2.77 IMGNx293@14.66 PPLx128@31.45 
Purchases: EMITFx2634@1.53 MGCDx728@5.53 PYDSx14929@0.27 RENx3840@1.05 RAVEx371@10.85 

2015-06-04
Cash: 10.81
Held: RAVEx371@11.18 RENx3840@1.08 PYDSx14929@0.28 EMITFx2634@1.52 MGCDx728@5.35 
Value: 20384.91
Sales: RAVEx371@11.18 EMITFx2634@1.52 PYDSx14929@0.28 RENx3840@1.08 MGCDx728@5.35 
Purchases: JNPx563@7.24 HKx3424@1.19 FTRx820@4.97 KONEx1024@3.98 OPKx251@16.19 

2015-06-07
Cash: 20.29
Held: JNPx563@7.29 KONEx1024@4.06 OPKx251@16.72 HKx3424@1.26 FTRx820@5.03 
Value: 20915.50
Sales: HKx3424@1.26 JNPx563@7.29 KONEx1024@4.06 FTRx820@5.03 OPKx251@16.72 
Purchases: LTBRx3218@1.30 ZUMZx175@23.83 ESLx45@92.75 EXPOx96@43.16 CYRXx597@7.00 

2015-06-08
Cash: 67.06
Held: EXPOx96@42.97 ESLx45@92.62 ZUMZx175@23.61 LTBRx3218@1.23 CYRXx597@7.90 
Value: 21166.84
Sales: LTBRx3218@1.23 ZUMZx175@23.61 ESLx45@92.62 EXPOx96@42.97 CYRXx597@7.90 
Purchases: EMITFx3111@1.36 JBLUx224@18.88 TURx98@43.09 HAx195@21.61 PXLWx664@6.37 

2015-06-09
Cash: 39.37
Held: TURx98@44.41 PXLWx664@6.46 JBLUx224@19.16 HAx195@22.41 EMITFx3111@1.40 
Value: 21698.07
Sales: EMITFx3111@1.40 JBLUx224@19.16 TURx98@44.41 HAx195@22.41 PXLWx664@6.46 
Purchases: ADXSx182@23.84 CBKx997@4.35 AVIDx271@16.00 HOTRx1566@2.77 DGSEx13996@0.31 

2015-06-10
Cash: 7.34
Held: DGSEx13996@0.30 ADXSx182@24.45 HOTRx1566@2.85 CBKx997@4.31 AVIDx271@15.91 
Value: 21726.04
Sales: ADXSx182@24.45 CBKx997@4.31 AVIDx271@15.91 HOTRx1566@2.85 DGSEx13996@0.30 
Purchases: DPKx169@25.62 NETEx7903@0.55 AXNx1922@2.26 SHLDx152@28.55 BOSCx1717@2.53 

2015-06-11
Cash: 25.11
Held: DPKx169@26.27 SHLDx152@28.06 AXNx1922@2.20 BOSCx1717@2.57 NETEx7903@0.55 
Value: 21714.73
Sales: AXNx1922@2.20 NETEx7903@0.55 DPKx169@26.27 SHLDx152@28.06 BOSCx1717@2.57 
Purchases: GALTx1336@3.25 AVDx318@13.66 YTENx1348@3.22 CURx183@23.66 TMVx127@34.19 

2015-06-14
Cash: 17.63
Held: GALTx1336@3.17 AVDx318@13.57 YTENx1348@3.19 TMVx127@34.03 CURx183@25.22 
Value: 21804.39
Sales: GALTx1336@3.17 AVDx318@13.57 YTENx1348@3.19 CURx183@25.22 TMVx127@34.03 
Purchases: CLDx973@4.48 RGSEx1411@3.09 OCCx1252@3.48 EXASx166@26.23 DDCx267@16.31 

2015-06-15
Cash: 17.23
Held: RGSEx1411@2.92 CLDx973@4.40 DDCx267@15.93 OCCx1252@3.50 EXASx166@26.59 
Value: 21466.71
Sales: CLDx973@4.40 RGSEx1411@2.92 OCCx1252@3.50 EXASx166@26.59 DDCx267@15.93 
Purchases: AMCNx751@5.71 PYDSx17173@0.25 CBLIx1490@2.88 YINNx92@46.66 AMOTx173@24.70 

2015-06-16
Cash: 26.05
Held: CBLIx1490@2.83 AMCNx751@4.63 PYDSx17173@0.27 YINNx92@47.22 AMOTx173@24.06 
Value: 20863.16
Sales: AMCNx751@4.63 CBLIx1490@2.83 PYDSx17173@0.27 YINNx92@47.22 AMOTx173@24.06 
Purchases: SGOCx5716@0.73 AGFx351@11.88 IDXXx62@66.38 GBXx79@52.50 OGENx2544@1.64 

2015-06-17
Cash: 85.71
Held: AGFx351@11.41 SGOCx5716@0.70 IDXXx62@67.25 OGENx2544@1.49 GBXx79@53.88 
Value: 20308.40
Sales: SGOCx5716@0.70 AGFx351@11.41 IDXXx62@67.25 GBXx79@53.88 OGENx2544@1.49 
Purchases: EDNx301@13.45 CASIx2418@1.68 XCOx2690@1.51 XTNTx1223@3.32 KOOLx4616@0.88 

2015-06-18
Cash: 13.97
Held: EDNx301@13.30 XTNTx1223@3.40 KOOLx4616@0.85 CASIx2418@1.58 XCOx2690@1.21 
Value: 19174.49
Sales: CASIx2418@1.58 EDNx301@13.30 XCOx2690@1.21 XTNTx1223@3.40 KOOLx4616@0.85 
Purchases: AVHIx263@14.57 AGENx444@8.63 TEUMx9835@0.39 OGENx2644@1.45 WKHSx15339@0.25 

2015-06-21
Cash: 5.87
Held: AVHIx263@14.87 TEUMx9835@0.40 AGENx444@8.32 OGENx2644@1.49 WKHSx15339@0.25 
Value: 19318.12
Sales: AVHIx263@14.87 AGENx444@8.32 TEUMx9835@0.40 WKHSx15339@0.25 OGENx2644@1.49 
Purchases: KEGx2246@1.72 NNBRx150@25.73 FNSRx195@19.78 ATLCx1266@3.05 DGSEx9661@0.40 

2015-06-22
Cash: 12.37
Held: DGSEx9661@0.36 NNBRx150@22.50 FNSRx195@19.78 KEGx2246@1.85 ATLCx1266@3.01 
Value: 18688.30
Sales: KEGx2246@1.85 ATLCx1266@3.01 FNSRx195@19.78 NNBRx150@22.50 DGSEx9661@0.36 
Purchases: PRSCx78@47.69 BWXTx159@23.45 OHGIx1076@3.47 RTNBx3666@1.02 SGYPx460@8.12 

2015-06-23
Cash: 33.64
Held: BWXTx159@23.41 OHGIx1076@3.30 PRSCx78@45.75 RTNBx3666@1.17 SGYPx460@8.30 
Value: 18980.87
Sales: PRSCx78@45.75 BWXTx159@23.41 OHGIx1076@3.30 RTNBx3666@1.17 SGYPx460@8.30 
Purchases: OPXAx7909@0.48 SONCx124@30.41 AXNx2052@1.85 AFAMx97@38.88 VICLx4805@0.79 

2015-06-24
Cash: 51.92
Held: OPXAx7909@0.48 SONCx124@30.08 VICLx4805@0.76 AXNx2052@1.83 AFAMx97@39.28 
Value: 18794.05
Sales: OPXAx7909@0.48 SONCx124@30.08 AXNx2052@1.83 AFAMx97@39.28 VICLx4805@0.76 
Purchases: USAKx171@21.97 BCPCx64@57.94 KOOLx4528@0.83 EPCx36@101.69 FPPx2960@1.27 

2015-06-25
Cash: 152.24
Held: KOOLx4528@0.79 EPCx36@135.38 BCPCx64@58.56 USAKx171@21.62 FPPx2960@1.25 
Value: 19748.91
Sales: USAKx171@21.62 BCPCx64@58.56 EPCx36@135.38 FPPx2960@1.25 KOOLx4528@0.79 
Purchases: IKGHx1863@2.12 WRLDx64@61.38 MEIx129@30.41 CREEx146@27.00 OGENx3061@1.29 

2015-06-28
Cash: 59.74
Held: CREEx146@25.95 WRLDx64@61.91 IKGHx1863@2.21 MEIx129@27.80 OGENx3061@1.30 
Value: 19494.37
Sales: IKGHx1863@2.21 WRLDx64@61.91 MEIx129@27.80 CREEx146@25.95 OGENx3061@1.30 
Purchases: MUx208@18.73 RGSEx1465@2.66 CPSTx475@8.20 AOIx182@21.41 PRKRx10263@0.38 

2015-06-29
Cash: 9.33
Held: RGSEx1465@2.23 MUx208@18.84 PRKRx10263@0.38 AOIx182@23.91 CPSTx475@8.21 
Value: 19346.34
Sales: MUx208@18.84 RGSEx1465@2.23 CPSTx475@8.21 AOIx182@23.91 PRKRx10263@0.38 
Purchases: UAMYx5688@0.68 VTNRx1633@2.37 CRMDx997@3.88 EPCx39@97.62 MBIx643@6.01 

2015-06-30
Cash: 66.56
Held: VTNRx1633@2.18 UAMYx5688@0.74 EPCx39@101.12 CRMDx997@3.74 MBIx643@5.88 
Value: 19289.47
Sales: UAMYx5688@0.74 VTNRx1633@2.18 CRMDx997@3.74 EPCx39@101.12 MBIx643@5.88 
Purchases: ETRMx6@625.00 WKHSx21426@0.18 APOLx309@12.45 TUESx351@10.97 ABEOx773@4.99 

2015-07-01
Cash: 127.65
Held: TUESx351@10.99 ABEOx773@5.10 APOLx309@12.93 ETRMx6@555.50 WKHSx21426@0.19 
Value: 19327.38
Sales: ETRMx6@555.50 ABEOx773@5.10 APOLx309@12.93 TUESx351@10.99 WKHSx21426@0.19 
Purchases: RENXx247@15.61 BLDPx2273@1.70 RELXx233@16.56 BAXx100@38.31 CRKx315@12.25 

2015-07-05
Cash: 58.25
Held: BAXx100@38.03 RELXx233@16.20 RENXx247@15.27 CRKx315@10.60 BLDPx2273@1.64 
Value: 18475.66
Sales: RENXx247@15.27 BLDPx2273@1.64 RELXx233@16.20 BAXx100@38.03 CRKx315@10.60 
Purchases: NIx219@16.84 WUx194@18.95 PHMDx3327@1.11 XCOx4399@0.84 LBTYAx73@50.50 

2015-07-06
Cash: 34.86
Held: LBTYAx73@49.78 WUx194@19.09 NIx219@17.12 PHMDx3327@1.12 XCOx4399@0.93 
Value: 18941.93
Sales: NIx219@17.12 WUx194@19.09 XCOx4399@0.93 LBTYAx73@49.78 PHMDx3327@1.12 
Purchases: RGSEx2310@1.64 SILCx139@27.09 KELYBx252@15.02 FSNNx1983@1.91 ALLTx667@5.68 

2015-07-07
Cash: 26.21
Held: RGSEx2310@1.42 ALLTx667@5.49 KELYBx252@15.02 SILCx139@25.91 FSNNx1983@1.97 
Value: 18259.75
Sales: SILCx139@25.91 RGSEx2310@1.42 ALLTx667@5.49 KELYBx252@15.02 FSNNx1983@1.97 
Purchases: ETRMx9@388.75 UAMYx5369@0.68 STVx1342@2.72 AMDx1817@2.01 MXCx960@3.80 

2015-07-08
Cash: 157.46
Held: UAMYx5369@0.65 STVx1342@3.32 ETRMx9@401.75 AMDx1817@1.98 MXCx960@3.75 
Value: 18916.91
Sales: UAMYx5369@0.65 ETRMx9@401.75 STVx1342@3.32 AMDx1817@1.98 MXCx960@3.75 
Purchases: PRFTx248@15.22 PLUGx1623@2.33 PFBXx394@9.60 MNTXx582@6.50 OBCIx1142@3.31 

2015-07-09
Cash: 14.28
Held: OBCIx1142@3.33 PFBXx394@9.58 MNTXx582@6.62 PLUGx1623@2.28 PRFTx248@15.90 
Value: 19086.60
Sales: PLUGx1623@2.28 MNTXx582@6.62 PFBXx394@9.58 PRFTx248@15.90 OBCIx1142@3.33 
Purchases: LPTHx2008@1.90 YANGx49@77.56 SCLNx423@9.02 CACCx15@250.62 NTNx19091@0.20 

2015-07-12
Cash: 76.50
Held: SCLNx423@9.21 LPTHx2008@1.91 CACCx15@249.75 NTNx19091@0.21 YANGx49@76.56 
Value: 19314.49
Sales: LPTHx2008@1.91 YANGx49@76.56 SCLNx423@9.21 CACCx15@249.75 NTNx19091@0.21 
Purchases: EPVx75@50.91 YANGx50@76.56 DPKx146@26.33 FXPx113@34.00 EFUx106@36.41 

2015-07-13
Cash: 123.43
Held: DPKx146@25.62 FXPx113@34.34 EPVx75@50.09 EFUx106@35.88 YANGx50@77.69 
Value: 19189.68
Sales: EPVx75@50.09 YANGx50@77.69 DPKx146@25.62 FXPx113@34.34 EFUx106@35.88 
Purchases: YTENx1142@3.36 NETEx13705@0.28 FELEx136@28.22 KONEx796@4.82 VXXx216@17.77 

2015-07-14
Cash: 3.38
Held: FELEx136@27.75 VXXx216@17.70 YTENx1142@3.33 KONEx796@4.85 NETEx13705@0.27 
Value: 18966.67
Sales: YTENx1142@3.33 NETEx13705@0.27 FELEx136@27.75 VXXx216@17.70 KONEx796@4.85 
Purchases: CBLIx1006@3.77 AXNx2512@1.51 ITUBx382@9.93 FORMx489@7.75 KATEx176@21.45 

2015-07-15
Cash: 23.35
Held: ITUBx382@9.88 CBLIx1006@3.89 FORMx489@7.72 KATEx176@21.20 AXNx2512@1.53 
Value: 19062.81
Sales: CBLIx1006@3.89 AXNx2512@1.53 FORMx489@7.72 ITUBx382@9.88 KATEx176@21.20 
Purchases: FSIx2977@1.28 IECx1053@3.62 REIx378@10.07 GASLx287@13.24 IHTx1556@2.45 

2015-07-16
Cash: 22.42
Held: IHTx1556@2.45 FSIx2977@1.22 GASLx287@11.60 REIx378@9.82 IECx1053@3.97 
Value: 18687.40
Sales: FSIx2977@1.22 IECx1053@3.97 REIx378@9.82 GASLx287@11.60 IHTx1556@2.45 
Purchases: TIVOx274@13.63 QTMx2897@1.29 TZOOx390@9.56 SPEXx15573@0.24 DCTHx6920@0.54 

2015-07-19
Cash: 10.96
Held: SPEXx15573@0.22 DCTHx6920@0.52 QTMx2897@1.27 TIVOx274@13.58 TZOOx390@9.21 
Value: 18025.60
Sales: TIVOx274@13.58 QTMx2897@1.27 TZOOx390@9.21 SPEXx15573@0.22 DCTHx6920@0.52 
Purchases: MSBFx301@11.95 ZIONWx750@4.80 CYRXx600@6.00 RDCx209@17.19 DGSEx8585@0.42 

2015-07-20
Cash: 29.91
Held: MSBFx301@11.92 DGSEx8585@0.43 ZIONWx750@5.25 RDCx209@17.48 CYRXx600@6.00 
Value: 18501.09
Sales: MSBFx301@11.92 ZIONWx750@5.25 CYRXx600@6.00 RDCx209@17.48 DGSEx8585@0.43 
Purchases: USEGx9740@0.38 HMSYx316@11.70 SAx911@4.06 CJJDx1396@2.65 NRTx419@8.83 

2015-07-21
Cash: 6.53
Held: NRTx419@8.81 USEGx9740@0.37 CJJDx1396@2.67 HMSYx316@11.50 SAx911@3.72 
Value: 18054.68
Sales: USEGx9740@0.37 CJJDx1396@2.67 SAx911@3.72 HMSYx316@11.50 NRTx419@8.81 
Purchases: HNRx3195@1.13 CYTRx1275@2.83 EVKx841@4.29 WPCSx2578@1.40 ATIx175@20.56 

2015-07-22
Cash: 20.61
Held: EVKx841@4.26 WPCSx2578@1.50 HNRx3195@1.24 ATIx175@21.67 CYTRx1275@2.80 
Value: 18797.84
Sales: HNRx3195@1.24 CYTRx1275@2.80 EVKx841@4.26 ATIx175@21.67 WPCSx2578@1.50 
Purchases: PEDx10157@0.37 CYRXx939@4.00 MVOx604@6.22 LODEx9896@0.38 REXXx1446@2.60 

2015-07-23
Cash: 8.08
Held: PEDx10157@0.37 REXXx1446@2.31 CYRXx939@2.25 MVOx604@5.92 LODEx9896@0.38 
Value: 16557.29
Sales: PEDx10157@0.37 CYRXx939@2.25 MVOx604@5.92 LODEx9896@0.38 REXXx1446@2.31 
Purchases: CABx72@45.72 HZOx177@18.70 MOSYx2348@1.41 URIx51@64.75 QSIIx261@12.65 

2015-07-26
Cash: 40.55
Held: URIx51@65.19 CABx72@43.47 QSIIx261@12.65 HZOx177@18.27 MOSYx2348@1.39 
Value: 16292.02
Sales: CABx72@43.47 HZOx177@18.27 MOSYx2348@1.39 URIx51@65.19 QSIIx261@12.65 
Purchases: SPNCx210@15.48 WLBx242@13.46 DRWIx566@5.75 UISx201@16.20 KERXx425@7.66 

2015-07-27
Cash: 17.50
Held: UISx201@16.03 DRWIx566@6.25 KERXx425@8.09 SPNCx210@15.65 WLBx242@13.99 
Value: 16889.40
Sales: SPNCx210@15.65 WLBx242@13.99 UISx201@16.03 DRWIx566@6.25 KERXx425@8.09 
Purchases: MNIx4120@0.82 MBVXx2124@1.59 MYLx59@56.34 CEIx1768@1.91 CRKx486@6.95 

2015-07-28
Cash: 56.14
Held: MNIx4120@0.82 MYLx59@57.25 CEIx1768@1.87 CRKx486@7.10 MBVXx2124@1.80 
Value: 17392.08
Sales: MNIx4120@0.82 MBVXx2124@1.80 MYLx59@57.25 CEIx1768@1.87 CRKx486@7.10 
Purchases: SRNEx181@19.20 HHx24843@0.14 RWCx1032@3.37 IMMUx1649@2.11 CEIx1859@1.87 

2015-07-29
Cash: 6.07
Held: HHx24843@0.15 RWCx1032@3.44 SRNEx181@20.39 IMMUx1649@2.11 CEIx1859@2.10 
Value: 18354.88
Sales: IMMUx1649@2.11 HHx24843@0.15 RWCx1032@3.44 SRNEx181@20.39 CEIx1859@2.10 
Purchases: IGCx12656@0.29 CYRXx1468@2.50 GIGAx2368@1.55 MDCOx120@30.41 EVRIx703@5.22 

2015-07-30
Cash: 26.67
Held: MDCOx120@31.39 GIGAx2368@1.51 CYRXx1468@2.51 IGCx12656@0.28 EVRIx703@5.05 
Value: 18147.76
Sales: IGCx12656@0.28 CYRXx1468@2.51 GIGAx2368@1.51 MDCOx120@31.39 EVRIx703@5.05 
Purchases: TASRx133@27.22 CMPRx56@64.50 XCOx6257@0.58 MMYTx248@14.60 IXYSx346@10.46 

2015-08-02
Cash: 45.45
Held: TASRx133@25.12 MMYTx248@14.08 IXYSx346@10.63 CMPRx56@65.75 XCOx6257@0.57 
Value: 17804.79
Sales: TASRx133@25.12 XCOx6257@0.57 MMYTx248@14.08 CMPRx56@65.75 IXYSx346@10.63 
Purchases: REN           x1294@2.75 PRKRx12277@0.29 SNOAx2525@1.41 UQMx5479@0.65 RADAx3207@1.11 

2015-08-03
Cash: 3.12
Held: RADAx3207@1.18 SNOAx2525@1.29 PRKRx12277@0.27 REN           x1294@2.75 UQMx5479@0.67 
Value: 17587.76
Sales: REN           x1294@2.75 PRKRx12277@0.27 SNOAx2525@1.29 UQMx5479@0.67 RADAx3207@1.18 
Purchases: HMSYx389@9.04 WLBx258@13.62 NRPx1471@2.39 GASLx557@6.31 INVEx950@3.70 

2015-08-04
Cash: 13.58
Held: INVEx950@2.64 HMSYx389@8.81 NRPx1471@2.25 GASLx557@5.83 WLBx258@12.26 
Value: 15668.76
Sales: WLBx258@12.26 HMSYx389@8.81 INVEx950@2.64 NRPx1471@2.25 GASLx557@5.83 
Purchases: HOVNPx522@6.00 TRSx195@16.03 FSTRx156@20.06 NRGx156@20.03 STONx122@25.61 

2015-08-05
Cash: 31.70
Held: NRGx156@19.44 TRSx195@17.05 HOVNPx522@5.51 FSTRx156@19.91 STONx122@25.59 
Value: 15493.02
Sales: HOVNPx522@5.51 TRSx195@17.05 FSTRx156@19.91 NRGx156@19.44 STONx122@25.59 
Purchases: SPPx390@7.94 LLx255@12.12 EVOLx473@6.54 OHGIx2295@1.35 ATECx5958@0.52 

2015-08-06
Cash: 17.38
Held: SPPx390@7.69 ATECx5958@0.66 EVOLx473@6.31 OHGIx2295@1.48 LLx255@12.06 
Value: 16407.82
Sales: SPPx390@7.69 LLx255@12.06 EVOLx473@6.31 OHGIx2295@1.48 ATECx5958@0.66 
Purchases: TDCx109@30.00 IFONx2232@1.47 PHHx210@15.60 MTSLx2232@1.47 ECHOx130@25.19 

2015-08-09
Cash: 26.26
Held: IFONx2232@1.39 PHHx210@16.50 ECHOx130@25.27 TDCx109@30.91 MTSLx2232@1.47 
Value: 16526.70
Sales: TDCx109@30.91 IFONx2232@1.39 PHHx210@16.50 MTSLx2232@1.47 ECHOx130@25.27 
Purchases: IMHx203@16.22 UAMx466@7.09 HOTRx1944@1.70 DRYSx5@625.50 ICONx226@14.57 

2015-08-10
Cash: 204.85
Held: IMHx203@15.85 HOTRx1944@1.64 ICONx226@13.91 UAMx466@7.18 DRYSx5@592.50 
Value: 16061.24
Sales: IMHx203@15.85 UAMx466@7.18 HOTRx1944@1.64 DRYSx5@592.50 ICONx226@13.91 
Purchases: BIOSx1551@2.07 NETEx13384@0.24 WGBSx2452@1.31 FVEx917@3.50 KROx410@7.83 

2015-08-11
Cash: 8.06
Held: WGBSx2452@1.33 FVEx917@3.49 KROx410@7.95 NETEx13384@0.22 BIOSx1551@1.90 
Value: 15620.73
Sales: NETEx13384@0.22 BIOSx1551@1.90 FVEx917@3.49 WGBSx2452@1.33 KROx410@7.95 
Purchases: ASCMAx113@27.41 ARTXx1953@1.60 ZNHx76@40.97 CLDXx188@16.61 RGSEx2230@1.40 

2015-08-12
Cash: 40.73
Held: ARTXx1953@1.64 RGSEx2230@1.31 CLDXx188@16.50 ZNHx76@41.47 ASCMAx113@28.34 
Value: 15619.77
Sales: ASCMAx113@28.34 ARTXx1953@1.64 ZNHx76@41.47 CLDXx188@16.50 RGSEx2230@1.31 
Purchases: CBLIx863@3.62 NVCNx629@4.96 SKLNx887@3.52 NUSx69@44.88 FORDx3003@1.04 

2015-08-13
Cash: 34.59
Held: CBLIx863@3.54 FORDx3003@1.26 SKLNx887@3.25 NVCNx629@4.79 NUSx69@45.47 
Value: 15904.29
Sales: CBLIx863@3.54 NVCNx629@4.79 SKLNx887@3.25 NUSx69@45.47 FORDx3003@1.26 
Purchases: NYMXx1252@2.54 CPAx51@62.00 GFIx1200@2.65 SRNEx213@14.89 BAAx15908@0.20 

2015-08-16
Cash: 30.39
Held: BAAx15908@0.20 NYMXx1252@2.46 SRNEx213@16.30 CPAx51@60.94 GFIx1200@2.79 
Value: 16218.23
Sales: NYMXx1252@2.46 CPAx51@60.94 GFIx1200@2.79 SRNEx213@16.30 BAAx15908@0.20 
Purchases: KIQx2148@1.51 PWEx3727@0.87 NETEx16222@0.20 OHGIx2300@1.41 ERSx1081@3.00 

2015-08-17
Cash: 2.36
Held: ERSx1081@2.85 OHGIx2300@1.41 PWEx3727@0.85 KIQx2148@2.00 NETEx16222@0.18 
Value: 16711.29
Sales: NETEx16222@0.18 KIQx2148@2.00 PWEx3727@0.85 OHGIx2300@1.41 ERSx1081@2.85 
Purchases: PYDSx913@3.66 WCSTx1533@2.18 ARCIx2653@1.26 GTEx1554@2.15 BASIx2274@1.47 

2015-08-18
Cash: 2.08
Held: BASIx2274@1.30 GTEx1554@2.07 WCSTx1533@2.13 PYDSx913@3.90 ARCIx2653@1.25 
Value: 16319.02
Sales: ARCIx2653@1.25 PYDSx913@3.90 WCSTx1533@2.13 GTEx1554@2.07 BASIx2274@1.30 
Purchases: NHTCx115@28.34 CLFx965@3.38 ANWx362@9.01 CEAx101@32.25 CETCx393@8.30 

2015-08-19
Cash: 18.21
Held: CLFx965@3.23 ANWx362@8.37 NHTCx115@25.94 CEAx101@29.86 CETCx393@8.10 
Value: 15347.06
Sales: NHTCx115@25.94 CLFx965@3.23 ANWx362@8.37 CEAx101@29.86 CETCx393@8.10 
Purchases: CSIQx163@18.78 FLXSx95@32.22 BASx752@4.08 BTEx605@5.07 GASLx533@5.75 

2015-08-20
Cash: 25.89
Held: BTEx605@4.49 BASx752@3.70 GASLx533@5.23 CSIQx163@17.41 FLXSx95@30.45 
Value: 14041.22
Sales: BTEx605@4.49 CSIQx163@17.41 BASx752@3.70 FLXSx95@30.45 GASLx533@5.23 
Purchases: INFNx133@21.06 NBYx7022@0.40 RGSEx2955@0.95 SSIx285@9.82 BONTx905@3.10 

2015-08-23
Cash: 20.03
Held: RGSEx2955@0.84 NBYx7022@0.39 INFNx133@19.72 SSIx285@10.01 BONTx905@2.98 
Value: 13411.74
Sales: RGSEx2955@0.84 NBYx7022@0.39 BONTx905@2.98 SSIx285@10.01 INFNx133@19.72 
Purchases: MYOSx1213@2.21 KEGx4878@0.55 IRCPx108@24.75 TREEx25@104.19 HPJx1241@2.16 

2015-08-24
Cash: 89.48
Held: HPJx1241@2.18 KEGx4878@0.53 MYOSx1213@1.91 TREEx25@104.69 IRCPx108@26.00 
Value: 13120.97
Sales: KEGx4878@0.53 HPJx1241@2.18 MYOSx1213@1.91 IRCPx108@26.00 TREEx25@104.69 
Purchases: BBGx725@3.62 ERXx111@23.50 GASLx638@4.11 AMTXx1009@2.60 AEZSx306@8.57 

2015-08-25
Cash: 21.29
Held: BBGx725@3.82 ERXx111@25.95 GASLx638@4.54 AMTXx1009@2.54 AEZSx306@8.08 
Value: 13601.56
Sales: BBGx725@3.82 ERXx111@25.95 GASLx638@4.54 AMTXx1009@2.54 AEZSx306@8.08 
Purchases: LAYNx414@6.57 ACURx1066@2.55 GFIx999@2.72 DAKTx331@8.20 QRHCx3627@0.75 

2015-08-26
Cash: 8.85
Held: QRHCx3627@0.75 DAKTx331@8.53 LAYNx414@7.04 ACURx1066@2.74 GFIx999@3.09 
Value: 14474.96
Sales: LAYNx414@7.04 ACURx1066@2.74 GFIx999@3.09 DAKTx331@8.53 QRHCx3627@0.75 
Purchases: MYOSx1672@1.73 REWx52@54.78 GROWx1433@2.02 SQQQx118@24.36 TECSx70@40.81 

2015-08-27
Cash: 107.72
Held: REWx52@54.19 GROWx1433@2.00 TECSx70@40.72 SQQQx118@24.41 MYOSx1672@1.60 
Value: 14196.27
Sales: MYOSx1672@1.60 TECSx70@40.72 REWx52@54.19 SQQQx118@24.41 GROWx1433@2.00 
Purchases: SMKx99@28.44 SCOx31@91.25 LINCx4982@0.57 ERYx100@28.27 WAFDWx546@5.20 

2015-08-30
Cash: 48.01
Held: WAFDWx546@5.35 ERYx100@27.28 SCOx31@78.31 LINCx4982@0.43 SMKx99@27.83 
Value: 13022.68
Sales: LINCx4982@0.43 SCOx31@78.31 WAFDWx546@5.35 ERYx100@27.28 SMKx99@27.83 
Purchases: YUMAx5426@0.48 CRKx170@15.25 CEAx100@25.84 GMEx61@42.47 FORDx1929@1.35 

2015-08-31
Cash: 47.44
Held: FORDx1929@1.85 GMEx61@41.19 YUMAx5426@0.51 CEAx100@24.19 CRKx170@13.65 
Value: 13632.74
Sales: YUMAx5426@0.51 CRKx170@13.65 CEAx100@24.19 GMEx61@41.19 FORDx1929@1.85 
Purchases: HOVNPx681@4.00 KIQx1612@1.69 SKLNx681@4.00 FBIZx123@22.06 ANTHx400@6.81 

2015-09-01
Cash: 22.65
Held: ANTHx400@7.41 SKLNx681@3.48 HOVNPx681@3.88 KIQx1612@1.75 FBIZx123@22.61 
Value: 13601.73
Sales: HOVNPx681@3.88 KIQx1612@1.75 SKLNx681@3.48 ANTHx400@7.41 FBIZx123@22.61 
Purchases: TPLMx855@3.18 NOGx534@5.09 BRNx1431@1.90 PGHx2210@1.23 NAKx7161@0.38 

2015-09-02
Cash: 5.98
Held: NOGx534@5.18 BRNx1431@1.91 NAKx7161@0.39 PGHx2210@1.23 TPLMx855@3.22 
Value: 13770.42
Sales: TPLMx855@3.22 BRNx1431@1.91 NOGx534@5.18 PGHx2210@1.23 NAKx7161@0.39 
Purchases: AVAVx133@20.56 NLSTx7249@0.38 TGAx983@2.80 VXXx100@27.31 TECSx64@42.38 

2015-09-03
Cash: 85.42
Held: VXXx100@29.31 AVAVx133@20.38 TECSx64@44.28 NLSTx7249@0.35 TGAx983@2.76 
Value: 13811.26
Sales: AVAVx133@20.38 NLSTx7249@0.35 TGAx983@2.76 VXXx100@29.31 TECSx64@44.28 
Purchases: JOYx148@18.62 OPHCx3139@0.88 SUMRx1958@1.41 KERXx580@4.76 SGMOx420@6.57 

2015-09-07
Cash: 10.39
Held: JOYx148@18.94 SGMOx420@6.86 OPHCx3139@0.94 KERXx580@4.75 SUMRx1958@1.35 
Value: 14042.09
Sales: JOYx148@18.94 OPHCx3139@0.94 KERXx580@4.75 SGMOx420@6.86 SUMRx1958@1.35 
Purchases: USEGx5509@0.51 FSIx2781@1.01 XCOx3847@0.73 BSBRx745@3.77 OGXIx1048@2.68 

2015-09-08
Cash: 0.78
Held: BSBRx745@3.73 OGXIx1048@2.57 USEGx5509@0.49 FSIx2781@1.10 XCOx3847@0.73 
Value: 14039.27
Sales: USEGx5509@0.49 BSBRx745@3.73 FSIx2781@1.10 XCOx3847@0.73 OGXIx1048@2.57 
Purchases: AXDXx164@17.05 YXIx93@29.88 NTZx1551@1.81 FXPx62@44.81 GRIFx102@27.38 

2015-09-09
Cash: 87.94
Held: FXPx62@44.59 AXDXx164@17.67 GRIFx102@27.16 NTZx1551@1.76 YXIx93@29.86 
Value: 14027.20
Sales: YXIx93@29.86 NTZx1551@1.76 AXDXx164@17.67 FXPx62@44.59 GRIFx102@27.16 
Purchases: PESx1087@2.58 TDFx154@18.20 MXCx1071@2.62 INVAx269@10.42 BLINx2226@1.26 

2015-09-10
Cash: 6.55
Held: TDFx154@18.16 INVAx269@10.13 PESx1087@2.50 BLINx2226@1.35 MXCx1071@2.50 
Value: 13927.57
Sales: MXCx1071@2.50 BLINx2226@1.35 TDFx154@18.16 INVAx269@10.13 PESx1087@2.50 
Purchases: CLDx928@3.00 CBIOx293@9.50 SIGMx320@8.69 SHLOx323@8.62 DRYSx8@342.75 

2015-09-13
Cash: 54.72
Held: SIGMx320@8.29 SHLOx323@10.26 CLDx928@3.02 DRYSx8@341.75 CBIOx293@9.50 
Value: 14340.12
Sales: CLDx928@3.02 CBIOx293@9.50 SIGMx320@8.29 DRYSx8@341.75 SHLOx323@10.26 
Purchases: XRTx62@45.94 XPHx50@57.31 XBIx37@77.25 XSDx73@38.81 MTKx57@50.00 

2015-09-14
Cash: 84.81
Held: XBIx37@78.00 XPHx50@57.69 XRTx62@46.31 XSDx73@39.16 MTKx57@50.84 
Value: 14483.06
Sales: XRTx62@46.31 XPHx50@57.69 XBIx37@78.00 XSDx73@39.16 MTKx57@50.84 
Purchases: TPLMx1196@2.42 ABACx1064@2.72 CLFx905@3.20 RNWKx686@4.22 WKHSx6297@0.46 

2015-09-15
Cash: 8.27
Held: ABACx1064@2.76 CLFx905@3.34 RNWKx686@4.12 WKHSx6297@0.49 TPLMx1196@2.41 
Value: 14762.31
Sales: TPLMx1196@2.41 ABACx1064@2.76 CLFx905@3.34 RNWKx686@4.12 WKHSx6297@0.49 
Purchases: CYTXx518@5.70 UNISx2635@1.12 GLBSx2523@1.17 UWNx1788@1.65 VXXx133@22.09 

2015-09-16
Cash: 17.52
Held: UWNx1788@1.65 VXXx133@21.97 GLBSx2523@1.12 UNISx2635@1.14 CYTXx518@5.95 
Value: 14800.99
Sales: CYTXx518@5.95 UNISx2635@1.14 GLBSx2523@1.12 UWNx1788@1.65 VXXx133@21.97 
Purchases: ETRMx10@288.50 RGSEx2225@1.33 CSIIx139@21.20 TPIVx5806@0.51 CREGx5806@0.51 

2015-09-17
Cash: 89.93
Held: CREGx5806@0.50 RGSEx2225@1.42 TPIVx5806@0.51 CSIIx139@21.27 ETRMx10@304.50 
Value: 15112.88
Sales: CSIIx139@21.27 RGSEx2225@1.42 ETRMx10@304.50 TPIVx5806@0.51 CREGx5806@0.50 
Purchases: CRKx252@11.95 ARCWx1355@2.23 AIQx253@11.92 CAFx139@21.64 CLCx64@46.53 

2015-09-20
Cash: 76.13
Held: CLCx64@46.75 AIQx253@11.53 CAFx139@22.30 ARCWx1355@2.03 CRKx252@11.35 
Value: 14695.09
Sales: CRKx252@11.35 ARCWx1355@2.03 AIQx253@11.53 CAFx139@22.30 CLCx64@46.75 
Purchases: MPETx2160@1.36 BWENx1045@2.81 APOGx60@48.59 NEx258@11.39 ITUSx608@4.83 

2015-09-21
Cash: 29.80
Held: ITUSx608@4.63 MPETx2160@1.31 NEx258@11.25 APOGx60@47.62 BWENx1045@2.67 
Value: 14222.92
Sales: MPETx2160@1.31 APOGx60@47.62 BWENx1045@2.67 NEx258@11.25 ITUSx608@4.63 
Purchases: TGCx11852@0.24 OPHCx2844@1.00 AEZSx369@7.70 URREx3556@0.80 GLOWx4822@0.59 

2015-09-22
Cash: 5.21
Held: GLOWx4822@0.60 TGCx11852@0.22 OPHCx2844@1.13 URREx3556@0.79 AEZSx369@9.26 
Value: 14944.87
Sales: TGCx11852@0.22 OPHCx2844@1.13 AEZSx369@9.26 URREx3556@0.79 GLOWx4822@0.60 
Purchases: JHXx242@12.33 DEPOx124@24.09 GMOx11069@0.27 HMYx4669@0.64 ANIPx66@44.88 

2015-09-23
Cash: 34.44
Held: HMYx4669@0.67 ANIPx66@46.19 GMOx11069@0.28 JHXx242@12.54 DEPOx124@22.31 
Value: 15111.53
Sales: JHXx242@12.54 DEPOx124@22.31 GMOx11069@0.28 HMYx4669@0.67 ANIPx66@46.19 
Purchases: SGOCx9747@0.31 ATECx8886@0.34 CNXx277@10.88 SPEXx7955@0.38 AXASx2342@1.29 

2015-09-24
Cash: 9.59
Held: AXASx2342@1.24 ATECx8886@0.35 SGOCx9747@0.31 SPEXx7955@0.34 CNXx277@10.44 
Value: 14643.92
Sales: SGOCx9747@0.31 ATECx8886@0.35 CNXx277@10.44 SPEXx7955@0.34 AXASx2342@1.24 
Purchases: MPETx3328@0.88 CNTFx1045@2.80 PTSIx83@35.12 LINCx13314@0.22 BDRx4305@0.68 

2015-09-27
Cash: 16.63
Held: PTSIx83@33.59 CNTFx1045@2.72 MPETx3328@0.63 LINCx13314@0.20 BDRx4305@0.68 
Value: 13334.60
Sales: PTSIx83@33.59 CNTFx1045@2.72 LINCx13314@0.20 MPETx3328@0.63 BDRx4305@0.68 
Purchases: FCSCx653@4.08 IMUCx5927@0.45 WGBSx1919@1.39 FINLx136@19.55 XCOx3375@0.79 

2015-09-28
Cash: 13.23
Held: IMUCx5927@0.42 FINLx136@19.17 WGBSx1919@1.46 FCSCx653@3.86 XCOx3375@0.80 
Value: 13130.66
Sales: XCOx3375@0.80 IMUCx5927@0.42 WGBSx1919@1.46 FINLx136@19.17 FCSCx653@3.86 
Purchases: MPETx4376@0.60 DRAMx754@3.48 HUNx281@9.33 HRTXx123@21.34 SPXCx223@11.73 

2015-09-29
Cash: 18.85
Held: HUNx281@9.69 SPXCx223@11.92 MPETx4376@0.61 DRAMx754@3.72 HRTXx123@24.41 
Value: 13875.76
Sales: MPETx4376@0.61 DRAMx754@3.72 HUNx281@9.69 HRTXx123@24.41 SPXCx223@11.92 
Purchases: CMTLx134@20.61 TISIx86@32.12 OGENx1692@1.64 CHCIx784@3.54 DGICBx149@18.55 

2015-09-30
Cash: 38.96
Held: DGICBx149@18.55 CMTLx134@20.52 TISIx86@32.78 CHCIx784@3.61 OGENx1692@1.57 
Value: 13857.44
Sales: CMTLx134@20.52 TISIx86@32.78 OGENx1692@1.57 CHCIx784@3.61 DGICBx149@18.55 
Purchases: ALNx2916@0.95 MTRx283@9.78 EDZx56@49.44 WYYx3223@0.86 DXTRx11085@0.25 

2015-10-01
Cash: 7.49
Held: EDZx56@45.41 WYYx3223@0.87 ALNx2916@1.01 DXTRx11085@0.25 MTRx283@9.58 
Value: 13780.96
Sales: EDZx56@45.41 ALNx2916@1.01 MTRx283@9.58 DXTRx11085@0.25 WYYx3223@0.87 
Purchases: CPSTx571@4.82 KNDx206@13.34 CSWCx182@15.07 GLBZx215@12.80 PHMDx6563@0.42 

2015-10-04
Cash: 29.68
Held: KNDx206@14.28 GLBZx215@12.82 PHMDx6563@0.43 CSWCx182@14.72 CPSTx571@4.40 
Value: 13739.95
Sales: CPSTx571@4.40 KNDx206@14.28 CSWCx182@14.72 GLBZx215@12.82 PHMDx6563@0.43 
Purchases: ORNx541@5.08 LLITx2130@1.29 CSWCx186@14.72 YANGx29@94.12 CETCx686@4.00 

2015-10-05
Cash: 33.59
Held: ORNx541@5.14 LLITx2130@1.32 CSWCx186@14.53 CETCx686@4.20 YANGx29@98.00 
Value: 14052.41
Sales: ORNx541@5.14 LLITx2130@1.32 CSWCx186@14.53 YANGx29@98.00 CETCx686@4.20 
Purchases: IDRAx1007@2.79 DPKx90@31.19 CDZIx624@4.50 VIIx1898@1.48 SLPx301@9.31 

2015-10-06
Cash: 15.95
Held: DPKx90@30.02 CDZIx624@4.01 VIIx1898@1.58 SLPx301@9.34 IDRAx1007@2.95 
Value: 14001.99
Sales: IDRAx1007@2.95 SLPx301@9.34 CDZIx624@4.01 VIIx1898@1.58 DPKx90@30.02 
Purchases: SRPTx73@37.97 EDAPx679@4.12 SCMPx145@19.25 OIIMx1505@1.86 IDSAx1143@2.45 

2015-10-07
Cash: 41.51
Held: SRPTx73@37.81 SCMPx145@19.41 OIIMx1505@1.80 EDAPx679@4.12 IDSAx1143@2.31 
Value: 13763.62
Sales: SRPTx73@37.81 EDAPx679@4.12 SCMPx145@19.41 OIIMx1505@1.80 IDSAx1143@2.31 
Purchases: GTXIx2867@0.96 RCGx2897@0.95 YANGx32@84.75 YUMx40@67.44 NEONx1234@2.23 

2015-10-08
Cash: 96.80
Held: GTXIx2867@0.96 NEONx1234@2.29 YUMx40@70.25 RCGx2897@0.95 YANGx32@85.81 
Value: 13982.42
Sales: NEONx1234@2.29 RCGx2897@0.95 GTXIx2867@0.96 YANGx32@85.81 YUMx40@70.25 
Purchases: BDEx506@5.52 SPNCx256@10.90 BCRXx317@8.80 COWNx40@68.81 NEWTx164@16.95 

2015-10-11
Cash: 78.12
Held: BCRXx317@9.10 COWNx40@67.50 SPNCx256@11.52 NEWTx164@16.86 BDEx506@5.67 
Value: 14248.22
Sales: SPNCx256@11.52 BDEx506@5.67 BCRXx317@9.10 COWNx40@67.50 NEWTx164@16.86 
Purchases: SMCIx108@26.33 RTx505@5.64 CDZIx993@2.87 CLBHx197@14.45 HLTHx776@3.67 

2015-10-12
Cash: 12.08
Held: RTx505@5.40 HLTHx776@3.92 CLBHx197@14.26 CDZIx993@2.92 SMCIx108@26.92 
Value: 14395.99
Sales: RTx505@5.40 SMCIx108@26.92 CDZIx993@2.92 CLBHx197@14.26 HLTHx776@3.92 
Purchases: SGYx440@6.53 CENXx487@5.91 KTCCx334@8.61 UNTx195@14.71 GASLx112@25.66 

2015-10-13
Cash: 26.33
Held: CENXx487@5.58 GASLx112@26.59 SGYx440@6.65 UNTx195@15.17 KTCCx334@8.43 
Value: 14420.72
Sales: SGYx440@6.65 CENXx487@5.58 KTCCx334@8.43 UNTx195@15.17 GASLx112@26.59 
Purchases: NYMXx927@3.11 MDXGx362@7.95 HRTXx123@23.28 CRTNx1287@2.24 NSSCx439@6.56 

2015-10-14
Cash: 34.71
Held: CRTNx1287@2.28 NSSCx439@6.83 NYMXx927@3.17 MDXGx362@8.38 HRTXx123@23.89 
Value: 14877.36
Sales: NYMXx927@3.17 MDXGx362@8.38 HRTXx123@23.89 CRTNx1287@2.28 NSSCx439@6.83 
Purchases: WGBSx2065@1.44 VOXXx510@5.83 SRPTx105@28.20 SOXSx65@45.53 WMTx50@59.34 

2015-10-15
Cash: 42.48
Held: SRPTx105@27.94 WMTx50@58.88 WGBSx2065@1.11 VOXXx510@5.83 SOXSx65@45.31 
Value: 14130.20
Sales: WGBSx2065@1.11 VOXXx510@5.83 SRPTx105@27.94 SOXSx65@45.31 WMTx50@58.88 
Purchases: KMGx139@20.22 NFLXx28@99.00 DRWIx780@3.62 YANGx36@78.38 STXx71@39.56 

2015-10-18
Cash: 94.43
Held: STXx71@38.75 DRWIx780@2.95 NFLXx28@101.69 KMGx139@19.92 YANGx36@80.31 
Value: 13653.71
Sales: KMGx139@19.92 NFLXx28@101.69 DRWIx780@2.95 YANGx36@80.31 STXx71@38.75 
Purchases: MYRGx121@22.56 BOFIx110@24.77 WGBSx2505@1.09 QUMUx845@3.23 CBIOx672@4.06 

2015-10-19
Cash: 12.25
Held: BOFIx110@23.86 WGBSx2505@1.06 QUMUx845@3.22 MYRGx121@21.94 CBIOx672@3.96 
Value: 13328.68
Sales: MYRGx121@21.94 BOFIx110@23.86 WGBSx2505@1.06 QUMUx845@3.22 CBIOx672@3.96 
Purchases: CPSTx592@4.50 CRSx87@30.44 DRWIx969@2.75 QUMUx827@3.22 SRTx643@4.14 

2015-10-20
Cash: 25.93
Held: SRTx643@3.97 DRWIx969@2.70 QUMUx827@3.20 CRSx87@29.77 CPSTx592@4.50 
Value: 13094.00
Sales: CPSTx592@4.50 CRSx87@29.77 DRWIx969@2.70 QUMUx827@3.20 SRTx643@3.97 
Purchases: HOGx55@47.03 YGEx3688@0.71 DEPOx162@16.12 EXARx494@5.30 SPEXx7933@0.33 

2015-10-21
Cash: 39.59
Held: SPEXx7933@0.31 HOGx55@48.12 YGEx3688@0.73 EXARx494@5.51 DEPOx162@15.41 
Value: 13056.93
Sales: HOGx55@48.12 YGEx3688@0.73 DEPOx162@15.41 EXARx494@5.51 SPEXx7933@0.31 
Purchases: ORNx617@4.23 MDGLx3898@0.67 VRXx23@109.88 PSOx179@14.54 GASLx110@23.70 

