2014-11-24
Cash: 10000.00
Held: 
Value: 10000.00
Sales: 
Purchases: FNCXx751@2.66 AREXx170@11.72 TAP.Ax22@87.50 SPEXx1514@1.32 GALEx1092@1.83 

2014-11-25
Cash: 87.64
Held: AREXx170@11.41 GALEx1092@1.83 FNCXx751@3.43 SPEXx1514@1.28 TAP.Ax22@81.00 
Value: 10321.17
Sales: GALEx1092@1.83 TAP.Ax22@81.00 SPEXx1514@1.28 AREXx170@11.41 FNCXx751@3.43 
Purchases: ERIIx421@4.90 CLFx225@9.15 FREDx135@15.24 DAKTx170@12.13 PHMDx1173@1.76 

2014-11-27
Cash: 16.05
Held: ERIIx421@4.75 CLFx225@9.12 DAKTx170@11.93 PHMDx1173@1.72 FREDx135@15.50 
Value: 10204.96
Sales: FREDx135@15.50 CLFx225@9.12 PHMDx1173@1.72 DAKTx170@11.93 ERIIx421@4.75 
Purchases: AVAVx73@27.70 APDNx887@2.30 LAKEx176@11.55 TITNx159@12.83 SDRLx139@14.66 

2014-11-30
Cash: 32.70
Held: APDNx887@2.08 LAKEx176@10.71 SDRLx139@13.92 TITNx159@12.27 AVAVx73@26.31 
Value: 9570.28
Sales: AVAVx73@26.31 SDRLx139@13.92 APDNx887@2.08 TITNx159@12.27 LAKEx176@10.71 
Purchases: CWEIx33@57.03 OASx111@17.09 REN           x216@8.85 RENx1081@1.77 GASLx310@6.17 

2014-12-01
Cash: 52.76
Held: CWEIx33@59.06 OASx111@15.75 GASLx310@5.85 REN           x216@9.90 RENx1081@1.98 
Value: 9843.01
Sales: CWEIx33@59.06 RENx1081@1.98 REN           x216@9.90 OASx111@15.75 GASLx310@5.85 
Purchases: IKGHx1178@1.67 CEQPx2@780.00 PRIMx87@22.55 AREXx247@7.97 AMTXx428@4.59 

2014-12-02
Cash: 421.53
Held: AREXx247@8.06 CEQPx2@795.00 PRIMx87@23.31 AMTXx428@4.59 IKGHx1178@1.60 
Value: 9879.94
Sales: IKGHx1178@1.60 CEQPx2@795.00 PRIMx87@23.31 AMTXx428@4.59 AREXx247@8.06 
Purchases: CNETx509@3.88 PRKRx2245@0.88 XKEx367@5.38 GMOx4596@0.43 CBAKx816@2.42 

2014-12-03
Cash: 4.57
Held: CNETx509@3.85 GMOx4596@0.41 PRKRx2245@0.88 XKEx367@6.32 CBAKx816@2.20 
Value: 9937.43
Sales: CNETx509@3.85 PRKRx2245@0.88 CBAKx816@2.20 GMOx4596@0.41 XKEx367@6.32 
Purchases: CWCOx177@11.20 SOXSx152@13.07 TBIOx1219@1.63 SSGx42@46.50 CEIx12419@0.16 

2014-12-04
Cash: 40.50
Held: CWCOx177@10.81 CEIx12419@0.13 SSGx42@46.19 TBIOx1219@1.65 SOXSx152@12.71 
Value: 9452.61
Sales: CWCOx177@10.81 SOXSx152@12.71 SSGx42@46.19 TBIOx1219@1.65 CEIx12419@0.13 
Purchases: PEDx4727@0.40 CBKx410@4.60 SEACx315@6.00 GENEx4727@0.40 PWEx649@2.91 

2014-12-07
Cash: 6.60
Held: GENEx4727@0.39 PEDx4727@0.53 PWEx649@2.61 SEACx315@5.69 CBKx410@4.29 
Value: 9598.71
Sales: PEDx4727@0.53 SEACx315@5.69 GENEx4727@0.39 CBKx410@4.29 PWEx649@2.61 
Purchases: MTLx3095@0.62 SBSAx698@2.75 CEIx15998@0.12 RADAx685@2.80 CBMGx136@14.11 

2014-12-08
Cash: 2.85
Held: RADAx685@2.77 SBSAx698@2.70 CEIx15998@0.14 CBMGx136@12.94 MTLx3095@0.58 
Value: 9578.83
Sales: MTLx3095@0.58 SBSAx698@2.70 CEIx15998@0.14 RADAx685@2.77 CBMGx136@12.94 
Purchases: RENx1429@1.34 RGSEx3484@0.55 OMEXx1974@0.97 AXNx7663@0.25 INFYx59@32.16 

2014-12-09
Cash: 20.50
Held: RGSEx3484@0.53 INFYx59@31.41 RENx1429@1.28 AXNx7663@0.27 OMEXx1974@0.95 
Value: 9493.60
Sales: OMEXx1974@0.95 RGSEx3484@0.53 AXNx7663@0.27 RENx1429@1.28 INFYx59@31.41 
Purchases: ZSLx18@102.00 YINNx61@30.75 CONNx104@18.22 IBNx160@11.83 LCIx45@41.91 

2014-12-10
Cash: 108.82
Held: CONNx104@17.09 IBNx160@11.81 ZSLx18@102.62 YINNx61@31.11 LCIx45@44.03 
Value: 9502.90
Sales: ZSLx18@102.62 YINNx61@31.11 IBNx160@11.81 CONNx104@17.09 LCIx45@44.03 
Purchases: PLGx3728@0.51 EGYx417@4.55 TCIx206@9.22 GASLx529@3.59 ADGEx3654@0.52 

2014-12-11
Cash: 6.57
Held: ADGEx3654@0.50 GASLx529@3.50 TCIx206@9.07 EGYx417@4.49 PLGx3728@0.51 
Value: 9325.58
Sales: PLGx3728@0.51 EGYx417@4.49 TCIx206@9.07 GASLx529@3.50 ADGEx3654@0.50 
Purchases: MEIPx444@4.20 MEIx53@34.66 OPTTx2869@0.65 RMTx190@9.79 VIVEx5327@0.35 

2014-12-14
Cash: 34.88
Held: MEIPx444@4.07 RMTx190@9.66 MEIx53@33.31 VIVEx5327@0.51 OPTTx2869@0.65 
Value: 10022.44
Sales: MEIPx444@4.07 MEIx53@33.31 OPTTx2869@0.65 RMTx190@9.66 VIVEx5327@0.51 
Purchases: MNIx609@3.29 ESLx19@101.88 EMFx136@14.73 TDFx88@22.56 SOFOx269@7.44 

2014-12-15
Cash: 93.72
Held: TDFx88@22.38 MNIx609@3.20 ESLx19@102.62 EMFx136@14.53 SOFOx269@7.69 
Value: 10006.16
Sales: MNIx609@3.20 ESLx19@102.62 EMFx136@14.53 TDFx88@22.38 SOFOx269@7.69 
Purchases: FHx3281@0.61 PEDx4169@0.48 SWZx177@11.29 EXKx1081@1.85 SPHSx4447@0.45 

2014-12-16
Cash: 5.64
Held: PEDx4169@0.55 SPHSx4447@0.50 SWZx177@11.40 FHx3281@0.58 EXKx1081@2.04 
Value: 10646.26
Sales: PEDx4169@0.55 FHx3281@0.58 SWZx177@11.40 EXKx1081@2.04 SPHSx4447@0.50 
Purchases: WLDNx187@11.33 HMGx189@11.22 VIVEx5752@0.37 DSSx4345@0.49 MBVXx990@2.15 

2014-12-17
Cash: 20.75
Held: HMGx189@11.22 WLDNx187@11.73 DSSx4345@0.48 VIVEx5752@0.37 MBVXx990@2.20 
Value: 10725.61
Sales: MBVXx990@2.20 HMGx189@11.22 VIVEx5752@0.37 DSSx4345@0.48 WLDNx187@11.73 
Purchases: RTx321@6.67 NVGNx785@2.73 CGNTx429@5.00 ERYx97@22.03 CEIx16500@0.13 

2014-12-18
Cash: 13.41
Held: ERYx97@19.98 RTx321@6.43 NVGNx785@2.58 CGNTx429@5.05 CEIx16500@0.12 
Value: 10187.89
Sales: RTx321@6.43 NVGNx785@2.58 CGNTx429@5.05 ERYx97@19.98 CEIx16500@0.12 
Purchases: TECSx182@11.17 NVGNx789@2.58 SDOWx98@20.70 CHNx113@17.95 WORx67@30.06 

2014-12-21
Cash: 47.13
Held: CHNx113@18.03 NVGNx789@2.45 TECSx182@10.76 SDOWx98@20.06 WORx67@29.77 
Value: 9935.44
Sales: WORx67@29.77 NVGNx789@2.45 SDOWx98@20.06 CHNx113@18.03 TECSx182@10.76 
Purchases: GPLx3311@0.60 TRXx3614@0.55 GWXx72@27.41 IMGNx335@5.92 FINLx87@22.62 

2014-12-22
Cash: 36.07
Held: FINLx87@22.62 TRXx3614@0.60 GWXx72@27.30 GPLx3311@0.57 IMGNx335@5.77 
Value: 9958.06
Sales: GPLx3311@0.57 TRXx3614@0.60 FINLx87@22.62 IMGNx335@5.77 GWXx72@27.30 
Purchases: SGOCx3161@0.63 OCNx132@15.02 CGNTx480@4.15 MAGx305@6.52 ASPSx67@29.44 

2014-12-23
Cash: 31.88
Held: MAGx305@6.83 SGOCx3161@0.61 CGNTx480@3.80 ASPSx67@33.81 OCNx132@14.88 
Value: 10096.58
Sales: SGOCx3161@0.61 OCNx132@14.88 CGNTx480@3.80 MAGx305@6.83 ASPSx67@33.81 
Purchases: GALTx633@3.19 CEQPx2@703.00 GEOSx76@26.42 SBSAx961@2.10 SKLNx395@5.10 

2014-12-25
Cash: 630.75
Held: GALTx633@3.33 CEQPx2@701.00 SKLNx395@4.51 GEOSx76@26.73 SBSAx961@2.49 
Value: 10347.75
Sales: GALTx633@3.33 GEOSx76@26.73 CEQPx2@701.00 SKLNx395@4.51 SBSAx961@2.49 
Purchases: IGLDx316@6.53 CHNRx1089@1.90 CAMPx117@17.56 GLBSx919@2.25 CUBAx215@9.60 

2014-12-28
Cash: 27.45
Held: CAMPx117@18.11 GLBSx919@2.32 IGLDx316@6.60 CHNRx1089@1.93 CUBAx215@9.31 
Value: 10468.33
Sales: IGLDx316@6.60 CHNRx1089@1.93 CAMPx117@18.11 GLBSx919@2.32 CUBAx215@9.31 
Purchases: SZKx113@18.44 NAVBx1224@1.71 TWNx129@16.19 IHTx887@2.36 CUBAx224@9.31 

2014-12-29
Cash: 24.94
Held: IHTx887@2.34 TWNx129@16.16 SZKx113@18.72 NAVBx1224@1.83 CUBAx224@9.09 
Value: 10576.78
Sales: SZKx113@18.72 NAVBx1224@1.83 TWNx129@16.16 IHTx887@2.34 CUBAx224@9.09 
Purchases: DRAMx365@5.79 GFx150@14.03 NVGNx979@2.16 MTLx3157@0.67 TPLMx425@4.97 

2014-12-30
Cash: 17.62
Held: GFx150@14.04 NVGNx979@2.08 DRAMx365@5.10 MTLx3157@0.68 TPLMx425@4.78 
Value: 10201.30
Sales: DRAMx365@5.10 GFx150@14.04 NVGNx979@2.08 MTLx3157@0.68 TPLMx425@4.78 
Purchases: LTBRx1316@1.55 JOBx1686@1.21 HAINx35@58.28 TPIVx7285@0.28 DRYSx1@1590.00 

2015-01-01
Cash: 451.90
Held: JOBx1686@1.66 LTBRx1316@1.57 TPIVx7285@0.28 DRYSx1@1695.00 HAINx35@56.94 
Value: 11045.28
Sales: LTBRx1316@1.57 JOBx1686@1.66 HAINx35@56.94 TPIVx7285@0.28 DRYSx1@1695.00 
Purchases: KEGx1330@1.66 PCYOx559@3.95 ULBIx736@3.00 XTLBx1138@1.94 RCMTx320@6.89 

2015-01-04
Cash: 8.45
Held: XTLBx1138@2.13 ULBIx736@3.02 RCMTx320@6.83 KEGx1330@1.61 PCYOx559@3.84 
Value: 11128.99
Sales: KEGx1330@1.61 PCYOx559@3.84 ULBIx736@3.02 RCMTx320@6.83 XTLBx1138@2.13 
Purchases: PRTKx65@33.81 GNTXx127@17.52 IHTx997@2.23 CJJDx904@2.46 WTWx104@21.27 

2015-01-05
Cash: 46.60
Held: IHTx997@2.08 WTWx104@19.73 CJJDx904@2.34 GNTXx127@17.16 PRTKx65@32.75 
Value: 10595.63
Sales: CJJDx904@2.34 GNTXx127@17.16 PRTKx65@32.75 IHTx997@2.08 WTWx104@19.73 
Purchases: UUUUx399@5.31 USATPx129@16.38 BCLIx423@5.00 GASLx664@3.19 PTNRx513@4.13 

2015-01-06
Cash: 14.20
Held: PTNRx513@4.08 GASLx664@2.99 UUUUx399@5.39 BCLIx423@5.03 USATPx129@16.48 
Value: 10497.35
Sales: PTNRx513@4.08 UUUUx399@5.39 BCLIx423@5.03 GASLx664@2.99 USATPx129@16.48 
Purchases: QADBx123@16.98 CHNRx929@2.26 CTSOx217@9.67 UAMYx3042@0.69 OIBR.Cx839@2.50 

2015-01-07
Cash: 13.85
Held: UAMYx3042@0.68 CTSOx217@9.46 QADBx123@16.73 OIBR.Cx839@2.64 CHNRx929@2.22 
Value: 10472.82
Sales: UAMYx3042@0.68 QADBx123@16.73 OIBR.Cx839@2.64 CHNRx929@2.22 CTSOx217@9.46 
Purchases: MNGAx4456@0.47 REN           x497@4.21 CGNTx710@2.95 NOAx764@2.74 RENx2493@0.84 

2015-01-08
Cash: 4.58
Held: NOAx764@2.89 MNGAx4456@0.44 CGNTx710@3.00 REN           x497@4.20 RENx2493@0.84 
Value: 10484.14
Sales: MNGAx4456@0.44 REN           x497@4.20 CGNTx710@3.00 NOAx764@2.89 RENx2493@0.84 
Purchases: BWENx421@4.98 SOXSx157@13.32 APOLx77@26.94 JOBx1871@1.12 KATEx74@28.16 

2015-01-11
Cash: 42.58
Held: JOBx1871@1.11 KATEx74@28.17 APOLx77@26.05 BWENx421@4.75 SOXSx157@14.13 
Value: 10428.98
Sales: BWENx421@4.75 SOXSx157@14.13 JOBx1871@1.11 KATEx74@28.17 APOLx77@26.05 
Purchases: SBLKx417@5.00 JOBx1878@1.11 TESOx212@9.80 VNDAx171@12.13 AMAGx49@42.31 

2015-01-12
Cash: 33.78
Held: JOBx1878@1.03 TESOx212@9.85 SBLKx417@4.81 AMAGx49@42.06 VNDAx171@12.09 
Value: 10191.44
Sales: SBLKx417@4.81 JOBx1878@1.03 TESOx212@9.85 AMAGx49@42.06 VNDAx171@12.09 
Purchases: ARWRx322@6.32 SRPTx175@11.61 OASx155@13.10 TIFx23@86.31 REXXx746@2.73 

2015-01-13
Cash: 71.80
Held: OASx155@13.42 SRPTx175@12.23 TIFx23@86.75 REXXx746@2.65 ARWRx322@6.71 
Value: 10425.20
Sales: TIFx23@86.75 SRPTx175@12.23 OASx155@13.42 ARWRx322@6.71 REXXx746@2.65 
Purchases: MBVXx1390@1.50 ECOM          x212@9.79 RNVAx2482@0.84 KBHx154@13.54 OCNx297@7.00 

2015-01-14
Cash: 16.41
Held: ECOM          x212@9.50 KBHx154@12.39 RNVAx2482@0.85 OCNx297@7.81 MBVXx1390@1.35 
Value: 10243.62
Sales: MBVXx1390@1.35 ECOM          x212@9.50 OCNx297@7.81 KBHx154@12.39 RNVAx2482@0.85 
Purchases: SIEBx980@2.09 DWCHx362@5.65 NTZx1484@1.38 JOBx2382@0.86 ERIIx546@3.75 

2015-01-15
Cash: 7.40
Held: ERIIx546@3.74 JOBx2382@0.87 SIEBx980@2.14 DWCHx362@5.74 NTZx1484@1.43 
Value: 10418.91
Sales: SIEBx980@2.14 JOBx2382@0.87 NTZx1484@1.43 DWCHx362@5.74 ERIIx546@3.74 
Purchases: SRNEx230@9.02 SPWRx84@24.52 FROx622@3.35 VBFCx101@20.56 MFCBx395@5.27 

2015-01-19
Cash: 42.47
Held: VBFCx101@20.56 SPWRx84@23.80 MFCBx395@5.17 FROx622@3.54 SRNEx230@10.11 
Value: 10687.57
Sales: SRNEx230@10.11 SPWRx84@23.80 FROx622@3.54 VBFCx101@20.56 MFCBx395@5.17 
Purchases: ERYx90@23.70 SZKx111@19.23 TESSx89@23.91 TTFx232@9.19 KONEx641@3.33 

2015-01-20
Cash: 25.53
Held: TTFx232@9.16 ERYx90@22.30 KONEx641@3.16 SZKx111@25.27 TESSx89@23.09 
Value: 11041.99
Sales: SZKx111@25.27 KONEx641@3.16 TESSx89@23.09 TTFx232@9.16 ERYx90@22.30 
Purchases: EXPRx176@12.50 KIQx564@3.91 LLITx805@2.74 BAKx217@10.15 INWKx430@5.13 

2015-01-21
Cash: 23.13
Held: EXPRx176@12.52 BAKx217@10.19 LLITx805@2.71 INWKx430@5.40 KIQx564@4.06 
Value: 11230.63
Sales: EXPRx176@12.52 KIQx564@4.06 LLITx805@2.71 BAKx217@10.19 INWKx430@5.40 
Purchases: ADXSx302@7.43 ARNAx481@4.66 SNOAx2808@0.80 ISDRx241@9.30 OHRPx282@7.95 

2015-01-22
Cash: 17.25
Held: ISDRx241@9.35 ADXSx302@7.73 OHRPx282@7.83 SNOAx2808@0.83 ARNAx481@4.55 
Value: 11332.89
Sales: ADXSx302@7.73 ISDRx241@9.35 OHRPx282@7.83 ARNAx481@4.55 SNOAx2808@0.83 
Purchases: GRNx268@8.45 SZKx121@18.70 GENEx1813@1.25 TZOOx247@9.17 MBVXx1988@1.14 

2015-01-25
Cash: 7.05
Held: GRNx268@8.48 GENEx1813@1.36 SZKx121@26.42 TZOOx247@9.04 MBVXx1988@1.17 
Value: 12500.59
Sales: GRNx268@8.48 SZKx121@26.42 GENEx1813@1.36 TZOOx247@9.04 MBVXx1988@1.17 
Purchases: UAMYx5208@0.48 SBSx501@4.99 CLFx346@7.22 SRVx592@4.22 FFHLx4387@0.57 

2015-01-26
Cash: 6.71
Held: SRVx592@4.13 UAMYx5208@0.50 SBSx501@5.33 CLFx346@6.80 FFHLx4387@0.56 
Value: 12534.46
Sales: UAMYx5208@0.50 SBSx501@5.33 CLFx346@6.80 SRVx592@4.13 FFHLx4387@0.56 
Purchases: SIEBx1424@1.76 ETPx41@60.38 SRVx607@4.13 HGSHx733@3.42 OIBR.Cx1002@2.50 

2015-01-27
Cash: 35.13
Held: ETPx41@59.12 SRVx607@4.13 OIBR.Cx1002@2.29 SIEBx1424@1.78 HGSHx733@3.34 
Value: 12242.36
Sales: SIEBx1424@1.78 ETPx41@59.12 SRVx607@4.13 HGSHx733@3.34 OIBR.Cx1002@2.29 
Purchases: ELONx173@14.10 TECLx19@125.00 STAAx428@5.71 INVTx3887@0.63 STRLx630@3.88 

2015-01-28
Cash: 90.21
Held: INVTx3887@0.62 STRLx630@3.74 ELONx173@14.40 STAAx428@5.86 TECLx19@128.50 
Value: 12297.20
Sales: ELONx173@14.40 TECLx19@128.50 INVTx3887@0.62 STAAx428@5.86 STRLx630@3.74 
Purchases: TPLMx484@5.08 PDSx516@4.76 MTORx187@13.11 GASLx907@2.71 RDWRx125@19.59 

2015-01-29
Cash: 22.85
Held: PDSx516@5.10 MTORx187@12.80 GASLx907@2.81 RDWRx125@19.23 TPLMx484@5.25 
Value: 12542.73
Sales: TPLMx484@5.25 MTORx187@12.80 PDSx516@5.10 GASLx907@2.81 RDWRx125@19.23 
Purchases: UAMYx5017@0.50 QCOMx40@62.47 BIOPx5017@0.50 FROx1085@2.31 MBVXx2411@1.04 

2015-02-01
Cash: 12.50
Held: UAMYx5017@0.50 FROx1085@2.61 QCOMx40@65.50 MBVXx2411@1.03 BIOPx5017@0.43 
Value: 12613.13
Sales: UAMYx5017@0.50 QCOMx40@65.50 BIOPx5017@0.43 FROx1085@2.61 MBVXx2411@1.03 
Purchases: STRTx40@62.75 HAx132@19.09 GDOTx168@14.96 CPSIx52@48.03 GENEx974@2.59 

2015-02-02
Cash: 49.19
Held: HAx132@18.72 GENEx974@3.09 STRTx40@62.72 CPSIx52@49.81 GDOTx168@13.94 
Value: 12970.07
Sales: STRTx40@62.72 HAx132@18.72 GDOTx168@13.94 CPSIx52@49.81 GENEx974@3.09 
Purchases: LUNAx1718@1.51 PSTIx913@2.84 FUEx314@8.25 SMBCx135@19.09 PRPHx1740@1.49 

2015-02-03
Cash: 22.35
Held: PRPHx1740@1.59 PSTIx913@2.86 SMBCx135@18.41 FUEx314@8.25 LUNAx1718@1.51 
Value: 13068.41
Sales: LUNAx1718@1.51 PSTIx913@2.86 FUEx314@8.25 SMBCx135@18.41 PRPHx1740@1.59 
Purchases: PHMDx1686@1.55 OPHCx2613@1.00 WCSTx1188@2.20 DDPx59@43.62 RCIIx86@30.22 

2015-02-04
Cash: 57.08
Held: RCIIx86@29.31 PHMDx1686@1.62 WCSTx1188@2.29 DDPx59@43.62 OPHCx2613@1.07 
Value: 13399.48
Sales: OPHCx2613@1.07 PHMDx1686@1.62 DDPx59@43.62 WCSTx1188@2.29 RCIIx86@29.31 
Purchases: MYGNx78@34.25 CBLIx850@3.15 AIRTx149@17.94 ACHNx241@11.08 DXRx445@6.01 

2015-02-05
Cash: 32.42
Held: CBLIx850@3.16 AIRTx149@17.38 MYGNx78@32.62 DXRx445@5.95 ACHNx241@10.82 
Value: 13107.27
Sales: ACHNx241@10.82 CBLIx850@3.16 AIRTx149@17.38 MYGNx78@32.62 DXRx445@5.95 
Purchases: FARMx106@24.67 CASMx1942@1.35 OSURx322@8.12 IMMUx656@3.99 OHGIx1248@2.10 

2015-02-08
Cash: 19.47
Held: FARMx106@23.44 OSURx322@7.70 OHGIx1248@1.91 CASMx1942@1.29 IMMUx656@3.88 
Value: 12417.97
Sales: FARMx106@23.44 CASMx1942@1.29 OSURx322@7.70 IMMUx656@3.88 OHGIx1248@1.91 
Purchases: NTGRx82@30.19 EGOVx161@15.41 ARCWx384@6.46 MXWLx379@6.55 SWIRx76@32.28 

2015-02-09
Cash: 45.07
Held: SWIRx76@34.12 NTGRx82@30.64 EGOVx161@15.73 ARCWx384@6.39 MXWLx379@6.61 
Value: 12642.03
Sales: NTGRx82@30.64 EGOVx161@15.73 ARCWx384@6.39 MXWLx379@6.61 SWIRx76@34.12 
Purchases: EPMx393@6.43 FNCXx1303@1.94 CENXx110@22.84 FSCx363@6.95 CUTRx207@12.18 

2015-02-10
Cash: 30.21
Held: FNCXx1303@1.90 FSCx363@6.86 CUTRx207@12.34 EPMx393@6.42 CENXx110@22.23 
Value: 12521.10
Sales: EPMx393@6.42 FNCXx1303@1.90 CENXx110@22.23 FSCx363@6.86 CUTRx207@12.34 
Purchases: DFx158@15.75 SOXSx196@12.76 RCONx1209@2.07 OASx157@15.93 OAx40@61.50 

2015-02-11
Cash: 68.10
Held: RCONx1209@1.96 OASx157@16.88 OAx40@62.34 DFx158@16.30 SOXSx196@12.18 
Value: 12542.95
Sales: DFx158@16.30 SOXSx196@12.18 RCONx1209@1.96 OASx157@16.88 OAx40@62.34 
Purchases: YUMAx2073@1.21 PIRx203@12.35 AWREx570@4.40 FFHLx4180@0.60 APDNx737@3.40 

2015-02-12
Cash: 5.73
Held: APDNx737@3.45 PIRx203@12.52 FFHLx4180@0.58 AWREx570@4.50 YUMAx2073@1.88 
Value: 13976.78
Sales: YUMAx2073@1.88 PIRx203@12.52 AWREx570@4.50 FFHLx4180@0.58 APDNx737@3.45 
Purchases: PNRAx18@155.00 IMUCx5176@0.54 WPCSx12154@0.23 ARCIx1105@2.53 OESXx673@4.15 

2015-02-16
Cash: 9.58
Held: WPCSx12154@0.26 IMUCx5176@0.57 ARCIx1105@2.87 OESXx673@4.22 PNRAx18@153.62 
Value: 14894.02
Sales: PNRAx18@153.62 IMUCx5176@0.57 WPCSx12154@0.26 ARCIx1105@2.87 OESXx673@4.22 
Purchases: SZKx165@18.00 MGIx347@8.56 ERYx169@17.59 CECOx580@5.13 AIZx48@60.88 

2015-02-17
Cash: 82.73
Held: CECOx580@5.12 ERYx169@18.19 AIZx48@60.56 SZKx165@18.03 MGIx347@8.56 
Value: 14979.99
Sales: SZKx165@18.03 MGIx347@8.56 ERYx169@18.19 CECOx580@5.12 AIZx48@60.56 
Purchases: SCONx1393@2.15 RNVAx2628@1.14 CADCx739@4.05 DEEx55@53.62 DFBGx15773@0.19 

2015-02-18
Cash: 50.65
Held: RNVAx2628@1.89 CADCx739@4.34 DEEx55@55.81 DFBGx15773@0.20 SCONx1393@2.14 
Value: 17429.20
Sales: SCONx1393@2.14 DFBGx15773@0.20 CADCx739@4.34 DEEx55@55.81 RNVAx2628@1.89 
Purchases: MCFx130@26.67 RCONx2087@1.67 SONSx218@15.98 IBIOx4526@0.77 XCOx1556@2.24 

2015-02-19
Cash: 22.93
Held: RCONx2087@1.68 IBIOx4526@0.93 XCOx1556@2.18 MCFx130@25.38 SONSx218@16.75 
Value: 18080.25
Sales: MCFx130@25.38 RCONx2087@1.68 SONSx218@16.75 IBIOx4526@0.93 XCOx1556@2.18 
Purchases: MNGAx4356@0.83 AXDXx200@18.05 HSTx166@21.77 HSTMx136@26.45 CDEx619@5.84 

2015-02-22
Cash: 29.48
Held: AXDXx200@18.00 MNGAx4356@0.83 HSTx166@21.61 HSTMx136@26.66 CDEx619@5.78 
Value: 18036.30
Sales: MNGAx4356@0.83 AXDXx200@18.00 HSTMx136@26.66 HSTx166@21.61 CDEx619@5.78 
Purchases: SRTx459@7.85 GEN           x520@6.93 GENx520@6.93 OESXx1004@3.59 RNVAx3083@1.17 

2015-02-23
Cash: 14.48
Held: SRTx459@7.87 GEN           x520@6.90 RNVAx3083@1.19 GENx520@6.90 OESXx1004@3.68 
Value: 18166.19
Sales: OESXx1004@3.68 GEN           x520@6.90 GENx520@6.90 SRTx459@7.87 RNVAx3083@1.19 
Purchases: SEEDx2952@1.23 MSONx330@11.01 SPPIx584@6.22 HOTRx1872@1.94 CRAYx114@31.80 

2015-02-24
Cash: 12.19
Held: SPPIx584@6.35 MSONx330@11.27 HOTRx1872@2.00 CRAYx114@31.12 SEEDx2952@1.25 
Value: 18423.99
Sales: SEEDx2952@1.25 MSONx330@11.27 SPPIx584@6.35 HOTRx1872@2.00 CRAYx114@31.12 
Purchases: DOx122@30.20 RGSEx7840@0.47 AIRx126@29.20 GLDDx591@6.23 WORx138@26.52 

2015-02-25
Cash: 33.68
Held: RGSEx7840@0.45 DOx122@29.05 AIRx126@28.56 WORx138@26.56 GLDDx591@6.12 
Value: 17987.08
Sales: RGSEx7840@0.45 AIRx126@28.56 GLDDx591@6.12 WORx138@26.56 DOx122@29.05 
Purchases: LLx73@49.22 CHKx209@17.20 AXNx2949@1.22 HPQx105@34.00 XKEx583@6.16 

2015-02-26
Cash: 40.31
Held: CHKx209@16.69 HPQx105@34.84 XKEx583@6.01 AXNx2949@1.10 LLx73@51.88 
Value: 17721.05
Sales: HPQx105@34.84 CHKx209@16.69 AXNx2949@1.10 LLx73@51.88 XKEx583@6.01 
Purchases: CWEIx72@49.06 BLDPx1548@2.29 SITOx10737@0.33 ANIKx88@39.91 RNVAx2626@1.35 

2015-03-01
Cash: 45.21
Held: CWEIx72@46.66 RNVAx2626@1.40 ANIKx88@40.59 SITOx10737@0.33 BLDPx1548@2.37 
Value: 17865.61
Sales: CWEIx72@46.66 BLDPx1548@2.37 SITOx10737@0.33 ANIKx88@40.59 RNVAx2626@1.40 
Purchases: SZKx201@17.70 ENOCx278@12.82 STAAx523@6.82 GENEx623@5.73 WTWx331@10.78 

2015-03-02
Cash: 37.54
Held: GENEx623@5.36 WTWx331@10.59 ENOCx278@11.86 SZKx201@24.81 STAAx523@7.76 
Value: 19226.56
Sales: ENOCx278@11.86 SZKx201@24.81 GENEx623@5.36 STAAx523@7.76 WTWx331@10.59 
Purchases: SBLKx921@4.17 SMRTx316@12.16 GIFIx270@14.22 SUNWx674@5.70 CEIx18314@0.21 

2015-03-03
Cash: 17.33
Held: GIFIx270@14.43 SMRTx316@12.27 SUNWx674@3.10 SBLKx921@4.11 CEIx18314@0.23 
Value: 17877.48
Sales: SBLKx921@4.11 SMRTx316@12.27 GIFIx270@14.43 SUNWx674@3.10 CEIx18314@0.23 
Purchases: NYMXx5765@0.62 RCONx2353@1.52 HMNYx1036@3.45 URREx2276@1.57 CMLSx142@25.05 

2015-03-04
Cash: 22.97
Held: RCONx2353@1.55 NYMXx5765@0.61 HMNYx1036@3.04 URREx2276@1.61 CMLSx142@24.23 
Value: 17440.43
Sales: NYMXx5765@0.61 RCONx2353@1.55 URREx2276@1.61 HMNYx1036@3.04 CMLSx142@24.23 
Purchases: CENXx211@16.48 HBIx108@32.12 SUNWx1170@2.98 CYCCx274@12.72 CDIx242@14.41 

2015-03-05
Cash: 34.33
Held: SUNWx1170@3.00 HBIx108@32.00 CENXx211@16.08 CDIx242@13.95 CYCCx274@12.60 
Value: 17222.30
Sales: CENXx211@16.08 HBIx108@32.00 SUNWx1170@3.00 CYCCx274@12.60 CDIx242@13.95 
Purchases: YTENx4051@0.85 DRWIx172@20.00 CECEx272@12.65 GEFx93@36.88 RWCx633@5.44 

2015-03-08
Cash: 24.40
Held: CECEx272@12.10 RWCx633@5.56 YTENx4051@0.82 DRWIx172@19.23 GEFx93@36.56 
Value: 16864.34
Sales: YTENx4051@0.82 RWCx633@5.56 CECEx272@12.10 DRWIx172@19.23 GEFx93@36.56 
Purchases: HURCx116@28.91 BORNx2882@1.17 GENEx737@4.57 MTLx2479@1.36 AEZSx64@52.00 

2015-03-09
Cash: 70.87
Held: GENEx737@4.45 HURCx116@29.06 MTLx2479@1.36 BORNx2882@1.13 AEZSx64@51.31 
Value: 16633.83
Sales: HURCx116@29.06 BORNx2882@1.13 GENEx737@4.45 MTLx2479@1.36 AEZSx64@51.31 
Purchases: ATVx673@4.94 PPHMx2375@1.40 EDAPx942@3.53 VNRx230@14.45 LODEx5364@0.62 

2015-03-10
Cash: 7.21
Held: ATVx673@4.73 PPHMx2375@1.43 LODEx5364@0.62 VNRx230@15.01 EDAPx942@3.49 
Value: 16652.23
Sales: ATVx673@4.73 PPHMx2375@1.43 EDAPx942@3.49 VNRx230@15.01 LODEx5364@0.62 
Purchases: GOGLx826@4.03 UBMx276@12.05 TITNx272@12.21 PRTSx1251@2.66 BIOSx968@3.44 

2015-03-11
Cash: 18.86
Held: PRTSx1251@2.63 GOGLx826@4.08 TITNx272@12.37 UBMx276@14.82 BIOSx968@3.85 
Value: 17859.30
Sales: BIOSx968@3.85 PRTSx1251@2.63 GOGLx826@4.08 TITNx272@12.37 UBMx276@14.82 
Purchases: OPXAx5495@0.65 CRMDx443@8.05 HTHTx201@17.75 MRVCx450@7.92 BAKx546@6.53 

2015-03-12
Cash: 24.66
Held: OPXAx5495@0.64 BAKx546@6.74 MRVCx450@7.93 CRMDx443@8.40 HTHTx201@17.95 
Value: 18118.76
Sales: OPXAx5495@0.64 CRMDx443@8.40 HTHTx201@17.95 MRVCx450@7.93 BAKx546@6.74 
Purchases: SGOCx6143@0.59 RGSEx13420@0.27 ACADx105@34.44 SPEXx4262@0.85 BVXx1455@2.49 

2015-03-15
Cash: 9.34
Held: RGSEx13420@0.28 SGOCx6143@0.60 ACADx105@35.19 SPEXx4262@0.83 BVXx1455@2.50 
Value: 18323.72
Sales: SGOCx6143@0.60 RGSEx13420@0.28 ACADx105@35.19 SPEXx4262@0.83 BVXx1455@2.50 
Purchases: YUMAx3053@1.20 GALEx2616@1.40 LLx122@29.94 OPTTx8330@0.44 SIEBx2207@1.66 

2015-03-16
Cash: 15.05
Held: GALEx2616@1.37 SIEBx2207@1.67 YUMAx3053@1.17 LLx122@29.69 OPTTx8330@0.41 
Value: 17893.01
Sales: YUMAx3053@1.17 GALEx2616@1.37 LLx122@29.69 OPTTx8330@0.41 SIEBx2207@1.67 
Purchases: PFIEx2520@1.42 PRTSx1671@2.14 SYNx1490@2.40 MTLx3473@1.03 HRTx534@6.69 

2015-03-17
Cash: 9.89
Held: PFIEx2520@1.35 HRTx534@6.74 PRTSx1671@2.15 SYNx1490@2.38 MTLx3473@1.26 
Value: 18525.09
Sales: PFIEx2520@1.35 HRTx534@6.74 SYNx1490@2.38 MTLx3473@1.26 PRTSx1671@2.15 
Purchases: RDNTx477@7.76 EGYx1083@3.42 WGBSx921@4.02 GLBSx3087@1.20 MDSYx1684@2.20 

2015-03-18
Cash: 8.50
Held: GLBSx3087@1.29 WGBSx921@4.11 RDNTx477@7.63 MDSYx1684@2.20 EGYx1083@3.03 
Value: 18398.79
Sales: RDNTx477@7.63 EGYx1083@3.03 WGBSx921@4.11 GLBSx3087@1.29 MDSYx1684@2.20 
Purchases: SHIPx5183@0.71 NKTRx309@11.89 XINx1304@2.82 WSCIx647@5.68 SQMx205@17.88 

2015-03-19
Cash: 28.04
Held: WSCIx647@5.73 SHIPx5183@0.71 XINx1304@2.81 NKTRx309@12.02 SQMx205@18.86 
Value: 18661.75
Sales: SQMx205@18.86 SHIPx5183@0.71 NKTRx309@12.02 XINx1304@2.81 WSCIx647@5.73 
Purchases: SGYx264@14.10 MTORx301@12.37 WINTx3009@1.24 DGICBx178@20.95 BOSCx1548@2.41 

2015-03-22
Cash: 23.97
Held: MTORx301@12.40 DGICBx178@22.00 WINTx3009@1.22 SGYx264@13.79 BOSCx1548@2.49 
Value: 18837.25
Sales: SGYx264@13.79 MTORx301@12.40 WINTx3009@1.22 DGICBx178@22.00 BOSCx1548@2.49 
Purchases: AEHRx1454@2.59 SCONx2635@1.43 YTENx6387@0.59 HMNYx1501@2.51 EGTx2081@1.81 

2015-03-23
Cash: 4.18
Held: AEHRx1454@2.52 YTENx6387@0.60 HMNYx1501@2.55 EGTx2081@1.83 SCONx2635@1.44 
Value: 18933.05
Sales: AEHRx1454@2.52 SCONx2635@1.44 YTENx6387@0.60 HMNYx1501@2.55 EGTx2081@1.83 
Purchases: TRXx9967@0.38 PARx939@4.03 COYNx268@14.12 CPRXx886@4.27 SITOx13522@0.28 

2015-03-24
Cash: 8.65
Held: CPRXx886@4.13 PARx939@4.03 TRXx9967@0.34 SITOx13522@0.27 COYNx268@12.75 
Value: 17910.06
Sales: TRXx9967@0.34 PARx939@4.03 SITOx13522@0.27 COYNx268@12.75 CPRXx886@4.13 
Purchases: PPCx150@23.80 HPJx861@4.16 SONSx427@8.38 ZAGGx436@8.21 CECOx711@5.03 

2015-03-25
Cash: 21.99
Held: ZAGGx436@8.20 HPJx861@3.91 CECOx711@5.02 SONSx427@8.08 PPCx150@23.55 
Value: 17515.47
Sales: PPCx150@23.55 HPJx861@3.91 SONSx427@8.08 ZAGGx436@8.20 CECOx711@5.02 
Purchases: IDRAx1003@3.49 IIJIx413@8.47 APOLx182@19.20 SONCx109@31.95 MCZx9464@0.37 

2015-03-26
Cash: 36.53
Held: SONCx109@32.06 IIJIx413@8.27 APOLx182@19.20 MCZx9464@0.37 IDRAx1003@3.43 
Value: 17386.00
Sales: IDRAx1003@3.43 IIJIx413@8.27 APOLx182@19.20 SONCx109@32.06 MCZx9464@0.37 
Purchases: ELONx369@9.40 MGAx66@52.06 WRLDx46@75.00 MTLx2825@1.23 MBVXx2146@1.62 

2015-03-29
Cash: 79.01
Held: ELONx369@9.28 WRLDx46@74.69 MGAx66@53.00 MTLx2825@1.35 MBVXx2146@1.86 
Value: 18242.38
Sales: ELONx369@9.28 MGAx66@53.00 WRLDx46@74.69 MTLx2825@1.35 MBVXx2146@1.86 
Purchases: SSGx78@46.72 REXXx947@3.85 WAFDWx844@4.32 XCOx2108@1.73 NTNx8688@0.42 

2015-03-30
Cash: 10.28
Held: WAFDWx844@4.65 REXXx947@3.72 NTNx8688@0.42 XCOx2108@1.83 SSGx78@47.97 
Value: 18704.72
Sales: SSGx78@47.97 NTNx8688@0.42 WAFDWx844@4.65 XCOx2108@1.83 REXXx947@3.72 
Purchases: WWEx267@14.01 GBRx1861@2.01 BDSIx356@10.50 GILx126@29.52 IRCPx125@29.75 

2015-03-31
Cash: 48.74
Held: GILx126@29.86 WWEx267@13.60 GBRx1861@2.03 BDSIx356@10.11 IRCPx125@29.75 
Value: 18536.85
Sales: WWEx267@13.60 IRCPx125@29.75 BDSIx356@10.11 GILx126@29.86 GBRx1861@2.03 
Purchases: ATVx661@5.60 SSNx2667@1.39 WTTx1442@2.57 ARCIx1891@1.96 BDRx3985@0.93 

2015-04-01
Cash: 8.59
Held: SSNx2667@1.66 WTTx1442@2.54 ATVx661@5.47 ARCIx1891@2.15 BDRx3985@0.94 
Value: 19524.46
Sales: ATVx661@5.47 SSNx2667@1.66 WTTx1442@2.54 ARCIx1891@2.15 BDRx3985@0.94 
Purchases: PEDx7809@0.50 VTNRx1389@2.81 NHFx514@7.59 WLDNx293@13.29 CTSOx506@7.71 

2015-04-05
Cash: 19.50
Held: VTNRx1389@2.55 WLDNx293@14.09 CTSOx506@7.30 PEDx7809@0.52 NHFx514@7.61 
Value: 19358.25
Sales: PEDx7809@0.52 VTNRx1389@2.55 CTSOx506@7.30 NHFx514@7.61 WLDNx293@14.09 
Purchases: SEACx592@6.53 JOBx4840@0.80 TRIBx222@17.39 SUNWx904@4.28 CTSOx530@7.30 

2015-04-06
Cash: 20.31
Held: JOBx4840@0.88 TRIBx222@17.45 SUNWx904@4.31 CTSOx530@8.21 SEACx592@6.42 
Value: 20202.05
Sales: SEACx592@6.42 JOBx4840@0.88 CTSOx530@8.21 SUNWx904@4.31 TRIBx222@17.45 
Purchases: NYMXx2993@1.35 SIEBx2390@1.69 NATHx79@50.59 AXNx2433@1.66 SYPRx2419@1.67 

2015-04-07
Cash: 46.94
Held: SYPRx2419@1.57 NYMXx2993@1.38 SIEBx2390@1.61 AXNx2433@1.75 NATHx79@49.66 
Value: 20004.85
Sales: NYMXx2993@1.38 SIEBx2390@1.61 NATHx79@49.66 AXNx2433@1.75 SYPRx2419@1.57 
Purchases: WGx1423@2.81 SRSCx456@8.76 IIINx191@20.89 RILYx400@10.00 ITUSx30775@0.13 

2015-04-08
Cash: 20.87
Held: ITUSx30775@0.14 SRSCx456@8.56 WGx1423@2.64 RILYx400@9.95 IIINx191@21.03 
Value: 19990.15
Sales: WGx1423@2.64 SRSCx456@8.56 IIINx191@21.03 RILYx400@9.95 ITUSx30775@0.14 
Purchases: UCOx520@7.68 TPLMx751@5.32 YANGx724@5.52 FXPx150@26.53 NUROx2897@1.38 

2015-04-09
Cash: 27.80
Held: FXPx150@26.86 NUROx2897@1.33 UCOx520@7.97 TPLMx751@5.37 YANGx724@5.61 
Value: 20148.58
Sales: UCOx520@7.97 TPLMx751@5.37 YANGx724@5.61 FXPx150@26.86 NUROx2897@1.33 
Purchases: WGx1531@2.63 SEVx533@7.55 XRAx7329@0.55 SYPRx2778@1.45 DRNx196@20.55 

2015-04-12
Cash: 10.82
Held: SYPRx2778@1.39 XRAx7329@0.54 DRNx196@20.38 SEVx533@7.55 WGx1531@2.68 
Value: 19949.87
Sales: WGx1531@2.68 SEVx533@7.55 XRAx7329@0.54 SYPRx2778@1.39 DRNx196@20.38 
Purchases: DGLYx276@14.43 ACHx251@15.88 FRPHx115@34.56 EXTRx1614@2.47 EDUx163@24.42 

2015-04-13
Cash: 37.53
Held: EDUx163@23.94 FRPHx115@34.47 DGLYx276@13.77 ACHx251@15.56 EXTRx1614@2.41 
Value: 19500.89
Sales: DGLYx276@13.77 ACHx251@15.56 FRPHx115@34.47 EXTRx1614@2.41 EDUx163@23.94 
Purchases: TEARx1773@2.20 COREx134@28.98 CTSOx526@7.41 HMNYx1695@2.30 MBVXx1002@3.89 

2015-04-14
Cash: 21.80
Held: COREx134@28.58 CTSOx526@7.29 HMNYx1695@2.35 TEARx1773@2.25 MBVXx1002@3.40 
Value: 19064.34
Sales: TEARx1773@2.25 COREx134@28.58 MBVXx1002@3.40 HMNYx1695@2.35 CTSOx526@7.29 
Purchases: OPXAx9079@0.42 NYMXx3739@1.02 HHx8473@0.45 STRMx1361@2.80 CBAKx894@4.26 

2015-04-15
Cash: 5.57
Held: OPXAx9079@0.43 HHx8473@0.45 NYMXx3739@1.02 STRMx1361@2.81 CBAKx894@4.44 
Value: 19329.15
Sales: OPXAx9079@0.43 NYMXx3739@1.02 HHx8473@0.45 STRMx1361@2.81 CBAKx894@4.44 
Purchases: CAPRx589@6.56 SCOx64@59.75 DTOx55@69.94 SSKNx2273@1.70 DXTRx8225@0.47 

2015-04-16
Cash: 65.53
Held: CAPRx589@6.57 SSKNx2273@1.60 SCOx64@60.28 DTOx55@71.00 DXTRx8225@0.45 
Value: 19035.20
Sales: DXTRx8225@0.45 SCOx64@60.28 DTOx55@71.00 SSKNx2273@1.60 CAPRx589@6.57 
Purchases: CNETx980@3.88 OCNx494@7.70 NLSTx6681@0.57 GLFx240@15.85 AGXx117@32.34 

2015-04-19
Cash: 32.96
Held: AGXx117@32.28 CNETx980@3.78 NLSTx6681@0.59 GLFx240@16.36 OCNx494@7.63 
Value: 19149.25
Sales: CNETx980@3.78 NLSTx6681@0.59 OCNx494@7.63 GLFx240@16.36 AGXx117@32.28 
Purchases: RNVAx3829@1.00 ATHXx2837@1.35 GNMKx352@10.85 DSSx14183@0.27 AMDx1537@2.49 

2015-04-20
Cash: 14.48
Held: GNMKx352@10.73 DSSx14183@0.29 RNVAx3829@0.95 AMDx1537@2.35 ATHXx2837@1.33 
Value: 18926.93
Sales: AMDx1537@2.35 GNMKx352@10.73 ATHXx2837@1.33 DSSx14183@0.29 RNVAx3829@0.95 
Purchases: PEDx6206@0.61 UNXLx658@5.75 FAROx83@45.56 BCLIx864@4.38 ZIOPx348@10.85 

2015-04-21
Cash: 17.22
Held: FAROx83@44.62 PEDx6206@0.62 ZIOPx348@10.88 BCLIx864@4.29 UNXLx658@5.76 
Value: 18853.72
Sales: PEDx6206@0.62 UNXLx658@5.76 FAROx83@44.62 BCLIx864@4.29 ZIOPx348@10.88 
Purchases: NYMXx2855@1.32 NBYx5711@0.66 NVGNx509@7.40 SKLNx613@6.15 GLFx273@13.77 

2015-04-22
Cash: 19.13
Held: NBYx5711@0.63 SKLNx613@6.15 NVGNx509@6.55 NYMXx2855@1.44 GLFx273@13.63 
Value: 18553.91
Sales: NYMXx2855@1.44 NBYx5711@0.63 NVGNx509@6.55 SKLNx613@6.15 GLFx273@13.63 
Purchases: BIOPx6749@0.55 EMMSx583@6.36 VIRCx1335@2.78 PWx600@6.18 HMNYx1324@2.80 

2015-04-23
Cash: 9.36
Held: VIRCx1335@2.78 HMNYx1324@2.89 PWx600@6.25 EMMSx583@6.00 BIOPx6749@0.56 
Value: 18574.74
Sales: BIOPx6749@0.56 EMMSx583@6.00 HMNYx1324@2.89 VIRCx1335@2.78 PWx600@6.25 
Purchases: SGCx195@19.02 SNAKx426@8.71 CIDMx3909@0.95 NVGNx568@6.54 ERICx325@11.41 

2015-04-26
Cash: 20.30
Held: ERICx325@11.40 SNAKx426@9.17 CIDMx3909@0.88 NVGNx568@6.33 SGCx195@18.30 
Value: 18233.74
Sales: SGCx195@18.30 SNAKx426@9.17 ERICx325@11.40 NVGNx568@6.33 CIDMx3909@0.88 
Purchases: MBOTx6076@0.60 SPNCx139@26.19 TRNx129@28.12 DRRXx1761@2.07 CPRXx1088@3.35 

2015-04-27
Cash: 29.16
Held: MBOTx6076@0.62 CPRXx1088@3.55 DRRXx1761@2.01 TRNx129@28.20 SPNCx139@26.11 
Value: 18466.85
Sales: MBOTx6076@0.62 SPNCx139@26.11 TRNx129@28.20 DRRXx1761@2.01 CPRXx1088@3.55 
Purchases: AIRTx184@19.98 IGCx7386@0.50 CLDXx154@23.92 IMGNx425@8.68 CBMGx150@24.56 

2015-04-28
Cash: 39.51
Held: AIRTx184@20.45 CLDXx154@24.55 IGCx7386@0.50 IMGNx425@8.64 CBMGx150@26.41 
Value: 18909.31
Sales: IGCx7386@0.50 CBMGx150@26.41 AIRTx184@20.45 CLDXx154@24.55 IMGNx425@8.64 
Purchases: UNXLx1077@3.51 IDXXx28@130.62 GLBSx2348@1.61 SYMXx2590@1.46 PRTSx2334@1.62 

2015-04-29
Cash: 128.04
Held: IDXXx28@125.38 PRTSx2334@1.60 SYMXx2590@1.49 GLBSx2348@1.61 UNXLx1077@3.50 
Value: 18782.34
Sales: PRTSx2334@1.60 IDXXx28@125.38 GLBSx2348@1.61 SYMXx2590@1.49 UNXLx1077@3.50 
Purchases: SMSIx3028@1.24 UAMYx3416@1.10 SSYSx100@37.44 BWLDx23@159.25 DHXx494@7.60 

2015-04-30
Cash: 108.97
Held: UAMYx3416@1.16 DHXx494@7.66 SMSIx3028@1.23 BWLDx23@157.38 SSYSx100@36.72 
Value: 18873.54
Sales: UAMYx3416@1.16 SMSIx3028@1.23 SSYSx100@36.72 BWLDx23@157.38 DHXx494@7.66 
Purchases: STMx475@7.94 REISx169@22.30 AEx81@46.41 QUIKx2220@1.70 NOKx580@6.50 

2015-05-03
Cash: 29.86
Held: QUIKx2220@1.71 STMx475@7.77 REISx169@22.56 AEx81@47.00 NOKx580@6.54 
Value: 18929.22
Sales: STMx475@7.77 NOKx580@6.54 AEx81@47.00 QUIKx2220@1.71 REISx169@22.56 
Purchases: GTLSx104@36.06 ABAXx68@55.09 TYPEx139@27.12 TUESx271@13.93 SCONx3442@1.10 

2015-05-04
Cash: 102.17
Held: ABAXx68@53.16 TUESx271@13.39 GTLSx104@35.56 TYPEx139@27.02 SCONx3442@1.10 
Value: 18584.18
Sales: GTLSx104@35.56 ABAXx68@53.16 TYPEx139@27.02 TUESx271@13.39 SCONx3442@1.10 
Purchases: GYROx1133@3.28 GIIIx66@56.19 VSECx63@58.81 EMMSx737@5.04 OIBR.Cx2112@1.76 

2015-05-05
Cash: 24.76
Held: VSECx63@65.56 GIIIx66@56.25 OIBR.Cx2112@1.94 GYROx1133@3.33 EMMSx737@4.92 
Value: 19366.29
Sales: GYROx1133@3.33 GIIIx66@56.25 VSECx63@65.56 EMMSx737@4.92 OIBR.Cx2112@1.94 
Purchases: CLBSx1626@2.38 WACx228@16.98 AVPx547@7.07 KLICx293@13.21 MAVx281@13.77 

2015-05-06
Cash: 13.97
Held: KLICx293@13.34 AVPx547@7.02 CLBSx1626@2.35 MAVx281@13.78 WACx228@18.92 
Value: 19770.56
Sales: CLBSx1626@2.35 WACx228@18.92 AVPx547@7.02 KLICx293@13.34 MAVx281@13.78 
Purchases: CLUBx790@5.00 KONAx190@20.77 CEQPx7@555.00 LINKx527@7.50 IMHx185@21.30 

2015-05-07
Cash: 97.66
Held: KONAx190@20.72 IMHx185@19.06 CEQPx7@520.00 CLUBx790@4.76 LINKx527@7.50 
Value: 18915.05
Sales: CLUBx790@4.76 KONAx190@20.72 CEQPx7@520.00 LINKx527@7.50 IMHx185@19.06 
Purchases: PMTx207@18.22 NETEx4670@0.81 LOVx1189@3.18 KATEx132@28.62 WFMx88@42.59 

2015-05-10
Cash: 53.39
Held: LOVx1189@3.16 KATEx132@29.20 WFMx88@42.72 PMTx207@18.27 NETEx4670@0.87 
Value: 19269.31
Sales: PMTx207@18.27 NETEx4670@0.87 LOVx1189@3.16 KATEx132@29.20 WFMx88@42.72 
Purchases: PRKRx10144@0.38 PROx213@18.03 ENOCx382@10.06 QUMUx390@9.86 CBLIx1945@1.98 

2015-05-11
Cash: 34.08
Held: CBLIx1945@2.00 PROx213@18.42 ENOCx382@10.41 PRKRx10144@0.38 QUMUx390@9.92 
Value: 19546.19
Sales: PRKRx10144@0.38 CBLIx1945@2.00 ENOCx382@10.41 QUMUx390@9.92 PROx213@18.42 
Purchases: RDNTx537@7.27 CTSOx568@6.88 VRTSx33@115.06 VIVEx11843@0.33 STRLx1199@3.26 

2015-05-12
Cash: 120.60
Held: VRTSx33@116.06 STRLx1199@3.36 CTSOx568@6.37 RDNTx537@6.95 VIVEx11843@0.47 
Value: 20894.93
Sales: RDNTx537@6.95 CTSOx568@6.37 VRTSx33@116.06 VIVEx11843@0.47 STRLx1199@3.36 
Purchases: NMRXx457@9.14 DEPOx209@19.91 KOSSx1553@2.69 KNDIx395@10.56 SRTx653@6.40 

2015-05-13
Cash: 30.17
Held: SRTx653@6.56 KNDIx395@9.07 KOSSx1553@2.73 NMRXx457@9.18 DEPOx209@20.02 
Value: 20514.50
Sales: NMRXx457@9.18 DEPOx209@20.02 KOSSx1553@2.73 KNDIx395@9.07 SRTx653@6.56 
Purchases: ATVx382@10.73 DCOx168@24.41 OREXx818@5.01 CECOx981@4.18 EBRx1753@2.34 

2015-05-14
Cash: 15.10
Held: DCOx168@25.02 EBRx1753@2.37 CECOx981@4.12 ATVx382@10.80 OREXx818@5.01 
Value: 20637.61
Sales: ATVx382@10.80 DCOx168@25.02 OREXx818@5.01 CECOx981@4.12 EBRx1753@2.37 
Purchases: DGLYx266@15.46 GIGAx2063@2.00 OHGIx2138@1.93 PTIEx1876@2.20 DGSEx4586@0.90 

2015-05-17
Cash: 20.65
Held: DGSEx4586@0.87 PTIEx1876@2.08 GIGAx2063@2.13 OHGIx2138@2.05 DGLYx266@14.44 
Value: 20534.14
Sales: DGLYx266@14.44 GIGAx2063@2.13 OHGIx2138@2.05 PTIEx1876@2.08 DGSEx4586@0.87 
Purchases: HGGx933@4.40 URGx4278@0.96 SSYx3018@1.36 GVx2976@1.38 SOFOx613@6.69 

2015-05-18
Cash: 9.78
Held: GVx2976@1.34 SSYx3018@1.44 URGx4278@0.94 SOFOx613@6.84 HGGx933@4.19 
Value: 20468.85
Sales: GVx2976@1.34 HGGx933@4.19 URGx4278@0.94 SSYx3018@1.44 SOFOx613@6.84 
Purchases: HPJx932@4.39 CYRXx567@7.21 INVTx13643@0.30 FLLx2658@1.54 WTWx626@6.53 

2015-05-19
Cash: 12.63
Held: HPJx932@4.64 INVTx13643@0.31 WTWx626@6.52 FLLx2658@1.56 CYRXx567@7.10 
Value: 20820.97
Sales: HPJx932@4.64 CYRXx567@7.10 INVTx13643@0.31 FLLx2658@1.56 WTWx626@6.52 
Purchases: HRTXx335@12.40 OSURx660@6.30 URBNx122@34.12 BIOLx2287@1.82 AEZSx141@29.50 

2015-05-20
Cash: 23.18
Held: OSURx660@6.42 URBNx122@34.53 HRTXx335@12.69 BIOLx2287@1.83 AEZSx141@31.53 
Value: 21356.03
Sales: HRTXx335@12.69 OSURx660@6.42 URBNx122@34.53 BIOLx2287@1.83 AEZSx141@31.53 
Purchases: FASx129@33.00 FANHx509@8.39 UMDDx62@68.06 UYGx55@76.38 INDLx202@21.05 

2015-05-21
Cash: 156.24
Held: UYGx55@76.25 FASx129@33.00 FANHx509@8.50 UMDDx62@68.00 INDLx202@21.17 
Value: 21426.21
Sales: FASx129@33.00 INDLx202@21.17 UMDDx62@68.00 UYGx55@76.25 FANHx509@8.50 
Purchases: ISRx2329@1.84 LLx203@21.05 HYGSx466@9.19 CNITx1127@3.80 DGSEx7651@0.56 

2015-05-25
Cash: 18.83
Held: ISRx2329@1.94 DGSEx7651@0.51 HYGSx466@9.02 LLx203@22.05 CNITx1127@3.98 
Value: 21604.73
Sales: ISRx2329@1.94 LLx203@22.05 HYGSx466@9.02 CNITx1127@3.98 DGSEx7651@0.51 
Purchases: FNCXx1792@2.41 QUMUx541@7.98 YANGx85@50.75 GFNx732@5.90 OESXx1954@2.21 

2015-05-26
Cash: 16.72
Held: FNCXx1792@2.31 OESXx1954@2.62 QUMUx541@7.91 GFNx732@5.80 YANGx85@50.81 
Value: 22119.65
Sales: GFNx732@5.80 FNCXx1792@2.31 YANGx85@50.81 QUMUx541@7.91 OESXx1954@2.62 
Purchases: UAMYx5027@0.88 ROIAx1271@3.48 CYRNx1790@2.47 RTNBx2146@2.06 RADAx2047@2.16 

2015-05-27
Cash: 6.47
Held: RADAx2047@2.13 UAMYx5027@0.82 ROIAx1271@3.57 CYRNx1790@2.54 RTNBx2146@2.04 
Value: 21948.22
Sales: UAMYx5027@0.82 ROIAx1271@3.57 CYRNx1790@2.54 RTNBx2146@2.04 RADAx2047@2.13 
Purchases: SOXSx118@37.09 AWXx1843@2.38 PRTSx1852@2.37 LFCx180@24.36 DGSEx11860@0.37 

2015-05-28
Cash: 21.30
Held: DGSEx11860@0.40 AWXx1843@2.37 PRTSx1852@2.25 LFCx180@23.84 SOXSx118@36.78 
Value: 21929.53
Sales: PRTSx1852@2.25 AWXx1843@2.37 SOXSx118@36.78 LFCx180@23.84 DGSEx11860@0.40 
Purchases: YINNx83@52.72 WILCx902@4.86 XCRAx568@7.72 HNRGx515@8.50 SMTCx205@21.36 

2015-05-31
Cash: 30.30
Held: XCRAx568@7.83 WILCx902@5.00 SMTCx205@21.62 HNRGx515@7.97 YINNx83@54.38 
Value: 22036.83
Sales: YINNx83@54.38 SMTCx205@21.62 XCRAx568@7.83 HNRGx515@7.97 WILCx902@5.00 
Purchases: TGBx6997@0.63 ANFx215@20.41 WSTLx4364@1.01 INTGx220@20.00 OHGIx1259@3.50 

2015-06-01
Cash: 29.08
Held: WSTLx4364@1.07 INTGx220@20.05 OHGIx1259@3.51 TGBx6997@0.63 ANFx215@21.16 
Value: 22484.91
Sales: TGBx6997@0.63 ANFx215@21.16 WSTLx4364@1.07 INTGx220@20.05 OHGIx1259@3.51 
Purchases: HQCLx2555@1.76 ATVx507@8.87 PATKx113@39.62 VIVEx5289@0.85 AUMNx11245@0.40 

2015-06-02
Cash: 22.36
Held: HQCLx2555@1.50 ATVx507@8.87 AUMNx11245@0.40 VIVEx5289@0.85 PATKx113@39.94 
Value: 21856.53
Sales: HQCLx2555@1.50 ATVx507@8.87 PATKx113@39.94 VIVEx5289@0.85 AUMNx11245@0.40 
Purchases: IRMx127@34.28 FSNNx1502@2.91 MOSYx2072@2.11 IMGNx317@13.75 PPLx138@31.45 

2015-06-03
Cash: 61.85
Held: PPLx138@31.45 FSNNx1502@2.77 IMGNx317@14.66 IRMx127@32.88 MOSYx2072@2.14 
Value: 21818.74
Sales: IRMx127@32.88 MOSYx2072@2.14 FSNNx1502@2.77 IMGNx317@14.66 PPLx138@31.45 
Purchases: EMITFx2851@1.53 MGCDx788@5.53 PYDSx16160@0.27 RENx4156@1.05 RAVEx402@10.85 

2015-06-04
Cash: 8.48
Held: RAVEx402@11.18 RENx4156@1.08 PYDSx16160@0.28 EMITFx2851@1.52 MGCDx788@5.35 
Value: 22066.01
Sales: RAVEx402@11.18 EMITFx2851@1.52 PYDSx16160@0.28 RENx4156@1.08 MGCDx788@5.35 
Purchases: JNPx609@7.24 HKx3707@1.19 FTRx888@4.97 KONEx1108@3.98 OPKx272@16.19 

2015-06-07
Cash: 19.36
Held: JNPx609@7.29 KONEx1108@4.06 OPKx272@16.72 HKx3707@1.26 FTRx888@5.03 
Value: 22640.52
Sales: HKx3707@1.26 JNPx609@7.29 KONEx1108@4.06 FTRx888@5.03 OPKx272@16.72 
Purchases: LTBRx3483@1.30 ZUMZx190@23.83 ESLx48@92.75 EXPOx104@43.16 CYRXx646@7.00 

2015-06-08
Cash: 123.71
Held: EXPOx104@42.97 ESLx48@92.62 ZUMZx190@23.61 LTBRx3483@1.23 CYRXx646@7.90 
Value: 22912.35
Sales: LTBRx3483@1.23 ZUMZx190@23.61 ESLx48@92.62 EXPOx104@42.97 CYRXx646@7.90 
Purchases: EMITFx3368@1.36 JBLUx242@18.88 TURx106@43.09 HAx212@21.61 PXLWx719@6.37 

2015-06-09
Cash: 33.00
Held: TURx106@44.41 PXLWx719@6.46 JBLUx242@19.16 HAx212@22.41 EMITFx3368@1.40 
Value: 23487.93
Sales: EMITFx3368@1.40 JBLUx242@19.16 TURx106@44.41 HAx212@22.41 PXLWx719@6.46 
Purchases: ADXSx197@23.84 CBKx1079@4.35 AVIDx293@16.00 HOTRx1696@2.77 DGSEx15150@0.31 

2015-06-10
Cash: 12.86
Held: DGSEx15150@0.30 ADXSx197@24.45 HOTRx1696@2.85 CBKx1079@4.31 AVIDx293@15.91 
Value: 23518.31
Sales: ADXSx197@24.45 CBKx1079@4.31 AVIDx293@15.91 HOTRx1696@2.85 DGSEx15150@0.30 
Purchases: DPKx183@25.62 NETEx8555@0.55 AXNx2081@2.26 SHLDx164@28.55 BOSCx1859@2.53 

2015-06-11
Cash: 39.13
Held: DPKx183@26.27 SHLDx164@28.06 AXNx2081@2.20 BOSCx1859@2.57 NETEx8555@0.55 
Value: 23506.35
Sales: AXNx2081@2.20 NETEx8555@0.55 DPKx183@26.27 SHLDx164@28.06 BOSCx1859@2.57 
Purchases: GALTx1446@3.25 AVDx344@13.66 YTENx1459@3.22 CURx198@23.66 TMVx137@34.19 

2015-06-14
Cash: 42.47
Held: GALTx1446@3.17 AVDx344@13.57 YTENx1459@3.19 TMVx137@34.03 CURx198@25.22 
Value: 23603.37
Sales: GALTx1446@3.17 AVDx344@13.57 YTENx1459@3.19 CURx198@25.22 TMVx137@34.03 
Purchases: CLDx1053@4.48 RGSEx1527@3.09 OCCx1356@3.48 EXASx179@26.23 DDCx289@16.31 

2015-06-15
Cash: 37.47
Held: RGSEx1527@2.92 CLDx1053@4.40 DDCx289@15.93 OCCx1356@3.50 EXASx179@26.59 
Value: 23237.70
Sales: CLDx1053@4.40 RGSEx1527@2.92 OCCx1356@3.50 EXASx179@26.59 DDCx289@15.93 
Purchases: AMCNx813@5.71 PYDSx18590@0.25 CBLIx1613@2.88 YINNx99@46.66 AMOTx188@24.70 

2015-06-16
Cash: 37.23
Held: CBLIx1613@2.83 AMCNx813@4.63 PYDSx18590@0.27 YINNx99@47.22 AMOTx188@24.06 
Value: 22583.51
Sales: AMCNx813@4.63 CBLIx1613@2.83 PYDSx18590@0.27 YINNx99@47.22 AMOTx188@24.06 
Purchases: SGOCx6187@0.73 AGFx380@11.88 IDXXx68@66.38 GBXx86@52.50 OGENx2754@1.64 

2015-06-17
Cash: 7.56
Held: AGFx380@11.41 SGOCx6187@0.70 IDXXx68@67.25 OGENx2754@1.49 GBXx86@53.88 
Value: 21984.40
Sales: SGOCx6187@0.70 AGFx380@11.41 IDXXx68@67.25 GBXx86@53.88 OGENx2754@1.49 
Purchases: EDNx326@13.45 CASIx2617@1.68 XCOx2912@1.51 XTNTx1324@3.32 KOOLx4997@0.88 

2015-06-18
Cash: 13.64
Held: EDNx326@13.30 XTNTx1324@3.40 KOOLx4997@0.85 CASIx2617@1.58 XCOx2912@1.21 
Value: 20756.94
Sales: CASIx2617@1.58 EDNx326@13.30 XCOx2912@1.21 XTNTx1324@3.40 KOOLx4997@0.85 
Purchases: AVHIx284@14.57 AGENx480@8.63 TEUMx10647@0.39 OGENx2862@1.45 WKHSx16605@0.25 

2015-06-21
Cash: 22.33
Held: AVHIx284@14.87 TEUMx10647@0.40 AGENx480@8.32 OGENx2862@1.49 WKHSx16605@0.25 
Value: 20912.42
Sales: AVHIx284@14.87 AGENx480@8.32 TEUMx10647@0.40 WKHSx16605@0.25 OGENx2862@1.49 
Purchases: KEGx2432@1.72 NNBRx162@25.73 FNSRx211@19.78 ATLCx1370@3.05 DGSEx10458@0.40 

2015-06-22
Cash: 25.49
Held: DGSEx10458@0.36 NNBRx162@22.50 FNSRx211@19.78 KEGx2432@1.85 ATLCx1370@3.01 
Value: 20231.96
Sales: KEGx2432@1.85 ATLCx1370@3.01 FNSRx211@19.78 NNBRx162@22.50 DGSEx10458@0.36 
Purchases: PRSCx84@47.69 BWXTx172@23.45 OHGIx1165@3.47 RTNBx3968@1.02 SGYPx498@8.12 

2015-06-23
Cash: 61.05
Held: BWXTx172@23.41 OHGIx1165@3.30 PRSCx84@45.75 RTNBx3968@1.17 SGYPx498@8.30 
Value: 20549.42
Sales: PRSCx84@45.75 BWXTx172@23.41 OHGIx1165@3.30 RTNBx3968@1.17 SGYPx498@8.30 
Purchases: OPXAx8562@0.48 SONCx135@30.41 AXNx2222@1.85 AFAMx105@38.88 VICLx5202@0.79 

2015-06-24
Cash: 33.50
Held: OPXAx8562@0.48 SONCx135@30.08 VICLx5202@0.76 AXNx2222@1.83 AFAMx105@39.28 
Value: 20346.90
Sales: OPXAx8562@0.48 SONCx135@30.08 AXNx2222@1.83 AFAMx105@39.28 VICLx5202@0.76 
Purchases: USAKx185@21.97 BCPCx70@57.94 KOOLx4902@0.83 EPCx40@101.69 FPPx3205@1.27 

2015-06-25
Cash: 21.67
Held: KOOLx4902@0.79 EPCx40@135.38 BCPCx70@58.56 USAKx185@21.62 FPPx3205@1.25 
Value: 21415.69
Sales: USAKx185@21.62 BCPCx70@58.56 EPCx40@135.38 FPPx3205@1.25 KOOLx4902@0.79 
Purchases: IKGHx2021@2.12 WRLDx69@61.38 MEIx140@30.41 CREEx158@27.00 OGENx3320@1.29 

2015-06-28
Cash: 92.23
Held: CREEx158@25.95 WRLDx69@61.91 IKGHx2021@2.21 MEIx140@27.80 OGENx3320@1.30 
Value: 21139.57
Sales: IKGHx2021@2.21 WRLDx69@61.91 MEIx140@27.80 CREEx158@25.95 OGENx3320@1.30 
Purchases: MUx225@18.73 RGSEx1589@2.66 CPSTx515@8.20 AOIx197@21.41 PRKRx11129@0.38 

2015-06-29
Cash: 27.99
Held: RGSEx1589@2.23 MUx225@18.84 PRKRx11129@0.38 AOIx197@23.91 CPSTx515@8.21 
Value: 20977.93
Sales: MUx225@18.84 RGSEx1589@2.23 CPSTx515@8.21 AOIx197@23.91 PRKRx11129@0.38 
Purchases: UAMYx6168@0.68 VTNRx1770@2.37 CRMDx1081@3.88 EPCx42@97.62 MBIx697@6.01 

2015-06-30
Cash: 103.60
Held: VTNRx1770@2.18 UAMYx6168@0.74 EPCx42@101.12 CRMDx1081@3.74 MBIx697@5.88 
Value: 20915.45
Sales: UAMYx6168@0.74 VTNRx1770@2.18 CRMDx1081@3.74 EPCx42@101.12 MBIx697@5.88 
Purchases: ETRMx6@625.00 WKHSx23232@0.18 APOLx335@12.45 TUESx381@10.97 ABEOx838@4.99 

2015-07-01
Cash: 451.38
Held: TUESx381@10.99 ABEOx838@5.10 APOLx335@12.93 ETRMx6@555.50 WKHSx23232@0.19 
Value: 20991.67
Sales: ETRMx6@555.50 ABEOx838@5.10 APOLx335@12.93 TUESx381@10.99 WKHSx23232@0.19 
Purchases: RENXx268@15.61 BLDPx2469@1.70 RELXx253@16.56 BAXx109@38.31 CRKx342@12.25 

2015-07-05
Cash: 54.70
Held: BAXx109@38.03 RELXx253@16.20 RENXx268@15.27 CRKx342@10.60 BLDPx2469@1.64 
Value: 20066.81
Sales: RENXx268@15.27 BLDPx2469@1.64 RELXx253@16.20 BAXx109@38.03 CRKx342@10.60 
Purchases: NIx238@16.84 WUx211@18.95 PHMDx3614@1.11 XCOx4778@0.84 LBTYAx79@50.50 

2015-07-06
Cash: 43.80
Held: LBTYAx79@49.78 WUx211@19.09 NIx238@17.12 PHMDx3614@1.12 XCOx4778@0.93 
Value: 20573.54
Sales: NIx238@17.12 WUx211@19.09 XCOx4778@0.93 LBTYAx79@49.78 PHMDx3614@1.12 
Purchases: RGSEx2509@1.64 SILCx151@27.09 KELYBx273@15.02 FSNNx2154@1.91 ALLTx724@5.68 

2015-07-07
Cash: 40.53
Held: RGSEx2509@1.42 ALLTx724@5.49 KELYBx273@15.02 SILCx151@25.91 FSNNx2154@1.97 
Value: 19832.67
Sales: SILCx151@25.91 RGSEx2509@1.42 ALLTx724@5.49 KELYBx273@15.02 FSNNx2154@1.97 
Purchases: ETRMx10@388.75 UAMYx5831@0.68 STVx1457@2.72 AMDx1973@2.01 MXCx1043@3.80 

2015-07-08
Cash: 85.51
Held: UAMYx5831@0.65 STVx1457@3.32 ETRMx10@401.75 AMDx1973@1.98 MXCx1043@3.75 
Value: 20549.00
Sales: UAMYx5831@0.65 ETRMx10@401.75 STVx1457@3.32 AMDx1973@1.98 MXCx1043@3.75 
Purchases: PRFTx270@15.22 PLUGx1763@2.33 PFBXx428@9.60 MNTXx632@6.50 OBCIx1241@3.31 

2015-07-09
Cash: 6.16
Held: OBCIx1241@3.33 PFBXx428@9.58 MNTXx632@6.62 PLUGx1763@2.28 PRFTx270@15.90 
Value: 20733.73
Sales: PLUGx1763@2.28 MNTXx632@6.62 PFBXx428@9.58 PRFTx270@15.90 OBCIx1241@3.33 
Purchases: LPTHx2182@1.90 YANGx53@77.56 SCLNx459@9.02 CACCx16@250.62 NTNx20738@0.20 

2015-07-12
Cash: 177.92
Held: SCLNx459@9.21 LPTHx2182@1.91 CACCx16@249.75 NTNx20738@0.21 YANGx53@76.56 
Value: 20981.68
Sales: LPTHx2182@1.91 YANGx53@76.56 SCLNx459@9.21 CACCx16@249.75 NTNx20738@0.21 
Purchases: EPVx82@50.91 YANGx54@76.56 DPKx159@26.33 FXPx123@34.00 EFUx115@36.41 

2015-07-13
Cash: 118.11
Held: DPKx159@25.62 FXPx123@34.34 EPVx82@50.09 EFUx115@35.88 YANGx54@77.69 
Value: 20845.20
Sales: EPVx82@50.09 YANGx54@77.69 DPKx159@25.62 FXPx123@34.34 EFUx115@35.88 
Purchases: YTENx1241@3.36 NETEx14887@0.28 FELEx147@28.22 KONEx864@4.82 VXXx234@17.77 

2015-07-14
Cash: 37.36
Held: FELEx147@27.75 VXXx234@17.70 YTENx1241@3.33 KONEx864@4.85 NETEx14887@0.27 
Value: 20603.30
Sales: YTENx1241@3.33 NETEx14887@0.27 FELEx147@27.75 VXXx234@17.70 KONEx864@4.85 
Purchases: CBLIx1093@3.77 AXNx2729@1.51 ITUBx414@9.93 FORMx531@7.75 KATEx192@21.45 

2015-07-15
Cash: 17.91
Held: ITUBx414@9.88 CBLIx1093@3.89 FORMx531@7.72 KATEx192@21.20 AXNx2729@1.53 
Value: 20707.62
Sales: CBLIx1093@3.89 AXNx2729@1.53 FORMx531@7.72 ITUBx414@9.88 KATEx192@21.20 
Purchases: FSIx3234@1.28 IECx1144@3.62 REIx411@10.07 GASLx312@13.24 IHTx1690@2.45 

2015-07-16
Cash: 17.28
Held: IHTx1690@2.45 FSIx3234@1.22 GASLx312@11.60 REIx411@9.82 IECx1144@3.97 
Value: 20299.37
Sales: FSIx3234@1.22 IECx1144@3.97 REIx411@9.82 GASLx312@11.60 IHTx1690@2.45 
Purchases: TIVOx297@13.63 QTMx3147@1.29 TZOOx424@9.56 SPEXx16916@0.24 DCTHx7517@0.54 

2015-07-19
Cash: 17.02
Held: SPEXx16916@0.22 DCTHx7517@0.52 QTMx3147@1.27 TIVOx297@13.58 TZOOx424@9.21 
Value: 19580.39
Sales: TIVOx297@13.58 QTMx3147@1.27 TZOOx424@9.21 SPEXx16916@0.22 DCTHx7517@0.52 
Purchases: MSBFx327@11.95 ZIONWx815@4.80 CYRXx652@6.00 RDCx227@17.19 DGSEx9325@0.42 

2015-07-20
Cash: 29.75
Held: MSBFx327@11.92 DGSEx9325@0.43 ZIONWx815@5.25 RDCx227@17.48 CYRXx652@6.00 
Value: 20097.02
Sales: MSBFx327@11.92 ZIONWx815@5.25 CYRXx652@6.00 RDCx227@17.48 DGSEx9325@0.43 
Purchases: USEGx10580@0.38 HMSYx343@11.70 SAx990@4.06 CJJDx1516@2.65 NRTx455@8.83 

2015-07-21
Cash: 10.89
Held: NRTx455@8.81 USEGx10580@0.37 CJJDx1516@2.67 HMSYx343@11.50 SAx990@3.72 
Value: 19612.01
Sales: USEGx10580@0.37 CJJDx1516@2.67 SAx990@3.72 HMSYx343@11.50 NRTx455@8.81 
Purchases: HNRx3471@1.13 CYTRx1385@2.83 EVKx914@4.29 WPCSx2800@1.40 ATIx190@20.56 

2015-07-22
Cash: 22.36
Held: EVKx914@4.26 WPCSx2800@1.50 HNRx3471@1.24 ATIx190@21.67 CYTRx1385@2.80 
Value: 20419.16
Sales: HNRx3471@1.24 CYTRx1385@2.80 EVKx914@4.26 ATIx190@21.67 WPCSx2800@1.50 
Purchases: PEDx11033@0.37 CYRXx1020@4.00 MVOx656@6.22 LODEx10750@0.38 REXXx1570@2.60 

2015-07-23
Cash: 11.03
Held: PEDx11033@0.37 REXXx1570@2.31 CYRXx1020@2.25 MVOx656@5.92 LODEx10750@0.38 
Value: 17985.58
Sales: PEDx11033@0.37 CYRXx1020@2.25 MVOx656@5.92 LODEx10750@0.38 REXXx1570@2.31 
Purchases: CABx78@45.72 HZOx192@18.70 MOSYx2550@1.41 URIx55@64.75 QSIIx284@12.65 

2015-07-26
Cash: 79.22
Held: URIx55@65.19 CABx78@43.47 QSIIx284@12.65 HZOx192@18.27 MOSYx2550@1.39 
Value: 17697.85
Sales: CABx78@43.47 HZOx192@18.27 MOSYx2550@1.39 URIx55@65.19 QSIIx284@12.65 
Purchases: SPNCx228@15.48 WLBx262@13.46 DRWIx615@5.75 UISx218@16.20 KERXx462@7.66 

2015-07-27
Cash: 34.91
Held: UISx218@16.03 DRWIx615@6.25 KERXx462@8.09 SPNCx228@15.65 WLBx262@13.99 
Value: 18346.58
Sales: SPNCx228@15.65 WLBx262@13.99 UISx218@16.03 DRWIx615@6.25 KERXx462@8.09 
Purchases: MNIx4475@0.82 MBVXx2307@1.59 MYLx65@56.34 CEIx1920@1.91 CRKx528@6.95 

2015-07-28
Cash: 11.06
Held: MNIx4475@0.82 MYLx65@57.25 CEIx1920@1.87 CRKx528@7.10 MBVXx2307@1.80 
Value: 18893.43
Sales: MNIx4475@0.82 MBVXx2307@1.80 MYLx65@57.25 CEIx1920@1.87 CRKx528@7.10 
Purchases: SRNEx196@19.20 HHx26987@0.14 RWCx1121@3.37 IMMUx1791@2.11 CEIx2020@1.87 

2015-07-29
Cash: 18.71
Held: HHx26987@0.15 RWCx1121@3.44 SRNEx196@20.39 IMMUx1791@2.11 CEIx2020@2.10 
Value: 19938.71
Sales: IMMUx1791@2.11 HHx26987@0.15 RWCx1121@3.44 SRNEx196@20.39 CEIx2020@2.10 
Purchases: IGCx13748@0.29 CYRXx1595@2.50 GIGAx2573@1.55 MDCOx131@30.41 EVRIx764@5.22 

2015-07-30
Cash: 5.76
Held: MDCOx131@31.39 GIGAx2573@1.51 CYRXx1595@2.51 IGCx13748@0.28 EVRIx764@5.05 
Value: 19714.27
Sales: IGCx13748@0.28 CYRXx1595@2.51 GIGAx2573@1.51 MDCOx131@31.39 EVRIx764@5.05 
Purchases: TASRx144@27.22 CMPRx61@64.50 XCOx6797@0.58 MMYTx270@14.60 IXYSx376@10.46 

2015-08-02
Cash: 41.75
Held: TASRx144@25.12 MMYTx270@14.08 IXYSx376@10.63 CMPRx61@65.75 XCOx6797@0.57 
Value: 19342.62
Sales: TASRx144@25.12 XCOx6797@0.57 MMYTx270@14.08 CMPRx61@65.75 IXYSx376@10.63 
Purchases: REN           x1406@2.75 PRKRx13337@0.29 SNOAx2743@1.41 UQMx5952@0.65 RADAx3484@1.11 

2015-08-03
Cash: 3.13
Held: RADAx3484@1.18 SNOAx2743@1.29 PRKRx13337@0.27 REN           x1406@2.75 UQMx5952@0.67 
Value: 19106.86
Sales: REN           x1406@2.75 PRKRx13337@0.27 SNOAx2743@1.29 UQMx5952@0.67 RADAx3484@1.18 
Purchases: HMSYx422@9.04 WLBx280@13.62 NRPx1598@2.39 GASLx605@6.31 INVEx1033@3.70 

2015-08-04
Cash: 21.36
Held: INVEx1033@2.64 HMSYx422@8.81 NRPx1598@2.25 GASLx605@5.83 WLBx280@12.26 
Value: 17021.70
Sales: WLBx280@12.26 HMSYx422@8.81 INVEx1033@2.64 NRPx1598@2.25 GASLx605@5.83 
Purchases: HOVNPx567@6.00 TRSx212@16.03 FSTRx169@20.06 NRGx169@20.03 STONx132@25.61 

2015-08-05
Cash: 64.79
Held: NRGx169@19.44 TRSx212@17.05 HOVNPx567@5.51 FSTRx169@19.91 STONx132@25.59 
Value: 16831.34
Sales: HOVNPx567@5.51 TRSx212@17.05 FSTRx169@19.91 NRGx169@19.44 STONx132@25.59 
Purchases: SPPx423@7.94 LLx277@12.12 EVOLx514@6.54 OHGIx2494@1.35 ATECx6473@0.52 

2015-08-06
Cash: 22.58
Held: SPPx423@7.69 ATECx6473@0.66 EVOLx514@6.31 OHGIx2494@1.48 LLx277@12.06 
Value: 17825.45
Sales: SPPx423@7.69 LLx277@12.06 EVOLx514@6.31 OHGIx2494@1.48 ATECx6473@0.66 
Purchases: TDCx118@30.00 IFONx2425@1.47 PHHx228@15.60 MTSLx2425@1.47 ECHOx141@25.19 

2015-08-09
Cash: 48.69
Held: IFONx2425@1.39 PHHx228@16.50 ECHOx141@25.27 TDCx118@30.91 MTSLx2425@1.47 
Value: 17954.06
Sales: TDCx118@30.91 IFONx2425@1.39 PHHx228@16.50 MTSLx2425@1.47 ECHOx141@25.27 
Purchases: IMHx221@16.22 UAMx506@7.09 HOTRx2111@1.70 DRYSx5@625.50 ICONx246@14.57 

2015-08-10
Cash: 481.35
Held: IMHx221@15.85 HOTRx2111@1.64 ICONx246@13.91 UAMx506@7.18 DRYSx5@592.50 
Value: 17462.20
Sales: IMHx221@15.85 UAMx506@7.18 HOTRx2111@1.64 DRYSx5@592.50 ICONx246@13.91 
Purchases: BIOSx1686@2.07 NETEx14552@0.24 WGBSx2666@1.31 FVEx997@3.50 KROx446@7.83 

2015-08-11
Cash: 7.16
Held: WGBSx2666@1.33 FVEx997@3.49 KROx446@7.95 NETEx14552@0.22 BIOSx1686@1.90 
Value: 16983.33
Sales: NETEx14552@0.22 BIOSx1686@1.90 FVEx997@3.49 WGBSx2666@1.33 KROx446@7.95 
Purchases: ASCMAx123@27.41 ARTXx2123@1.60 ZNHx82@40.97 CLDXx204@16.61 RGSEx2425@1.40 

2015-08-12
Cash: 72.70
Held: ARTXx2123@1.64 RGSEx2425@1.31 CLDXx204@16.50 ZNHx82@41.47 ASCMAx123@28.34 
Value: 16982.10
Sales: ASCMAx123@28.34 ARTXx2123@1.64 ZNHx82@41.47 CLDXx204@16.50 RGSEx2425@1.31 
Purchases: CBLIx938@3.62 NVCNx684@4.96 SKLNx965@3.52 NUSx75@44.88 FORDx3265@1.04 

2015-08-13
Cash: 36.36
Held: CBLIx938@3.54 FORDx3265@1.26 SKLNx965@3.25 NVCNx684@4.79 NUSx75@45.47 
Value: 17291.26
Sales: CBLIx938@3.54 NVCNx684@4.79 SKLNx965@3.25 NUSx75@45.47 FORDx3265@1.26 
Purchases: NYMXx1362@2.54 CPAx55@62.00 GFIx1304@2.65 SRNEx232@14.89 BAAx17295@0.20 

2015-08-16
Cash: 54.17
Held: BAAx17295@0.20 NYMXx1362@2.46 SRNEx232@16.30 CPAx55@60.94 GFIx1304@2.79 
Value: 17633.49
Sales: NYMXx1362@2.46 CPAx55@60.94 GFIx1304@2.79 SRNEx232@16.30 BAAx17295@0.20 
Purchases: KIQx2335@1.51 PWEx4053@0.87 NETEx17637@0.20 OHGIx2500@1.41 ERSx1175@3.00 

2015-08-17
Cash: 4.68
Held: ERSx1175@2.85 OHGIx2500@1.41 PWEx4053@0.85 KIQx2335@2.00 NETEx17637@0.18 
Value: 18169.41
Sales: NETEx17637@0.18 KIQx2335@2.00 PWEx4053@0.85 OHGIx2500@1.41 ERSx1175@2.85 
Purchases: PYDSx992@3.66 WCSTx1667@2.18 ARCIx2884@1.26 GTEx1689@2.15 BASIx2472@1.47 

2015-08-18
Cash: 6.66
Held: BASIx2472@1.30 GTEx1689@2.07 WCSTx1667@2.13 PYDSx992@3.90 ARCIx2884@1.25 
Value: 17742.87
Sales: ARCIx2884@1.25 PYDSx992@3.90 WCSTx1667@2.13 GTEx1689@2.07 BASIx2472@1.30 
Purchases: NHTCx125@28.34 CLFx1049@3.38 ANWx393@9.01 CEAx110@32.25 CETCx427@8.30 

2015-08-19
Cash: 23.04
Held: CLFx1049@3.23 ANWx393@8.37 NHTCx125@25.94 CEAx110@29.86 CETCx427@8.10 
Value: 16686.19
Sales: NHTCx125@25.94 CLFx1049@3.23 ANWx393@8.37 CEAx110@29.86 CETCx427@8.10 
Purchases: CSIQx177@18.78 FLXSx103@32.22 BASx818@4.08 BTEx658@5.07 GASLx580@5.75 

2015-08-20
Cash: 36.21
Held: BTEx658@4.49 BASx818@3.70 GASLx580@5.23 CSIQx177@17.41 FLXSx103@30.45 
Value: 15266.71
Sales: BTEx658@4.49 CSIQx177@17.41 BASx818@3.70 FLXSx103@30.45 GASLx580@5.23 
Purchases: INFNx144@21.06 NBYx7635@0.40 RGSEx3213@0.95 SSIx310@9.82 BONTx985@3.10 

2015-08-23
Cash: 30.06
Held: RGSEx3213@0.84 NBYx7635@0.39 INFNx144@19.72 SSIx310@10.01 BONTx985@2.98 
Value: 14582.99
Sales: RGSEx3213@0.84 NBYx7635@0.39 BONTx985@2.98 SSIx310@10.01 INFNx144@19.72 
Purchases: MYOSx1319@2.21 KEGx5304@0.55 IRCPx117@24.75 TREEx27@104.19 HPJx1350@2.16 

2015-08-24
Cash: 125.58
Held: HPJx1350@2.18 KEGx5304@0.53 MYOSx1319@1.91 TREEx27@104.69 IRCPx117@26.00 
Value: 14266.20
Sales: KEGx5304@0.53 HPJx1350@2.18 MYOSx1319@1.91 IRCPx117@26.00 TREEx27@104.69 
Purchases: BBGx788@3.62 ERXx121@23.50 GASLx694@4.11 AMTXx1097@2.60 AEZSx332@8.57 

2015-08-25
Cash: 21.79
Held: BBGx788@3.82 ERXx121@25.95 GASLx694@4.54 AMTXx1097@2.54 AEZSx332@8.08 
Value: 14789.93
Sales: BBGx788@3.82 ERXx121@25.95 GASLx694@4.54 AMTXx1097@2.54 AEZSx332@8.08 
Purchases: LAYNx450@6.57 ACURx1159@2.55 GFIx1087@2.72 DAKTx360@8.20 QRHCx3943@0.75 

2015-08-26
Cash: 9.15
Held: QRHCx3943@0.75 DAKTx360@8.53 LAYNx450@7.04 ACURx1159@2.74 GFIx1087@3.09 
Value: 15739.82
Sales: LAYNx450@7.04 ACURx1159@2.74 GFIx1087@3.09 DAKTx360@8.53 QRHCx3943@0.75 
Purchases: MYOSx1819@1.73 REWx57@54.78 GROWx1558@2.02 SQQQx129@24.36 TECSx77@40.81 

2015-08-27
Cash: 38.22
Held: REWx57@54.19 GROWx1558@2.00 TECSx77@40.72 SQQQx129@24.41 MYOSx1819@1.60 
Value: 15436.34
Sales: MYOSx1819@1.60 TECSx77@40.72 REWx57@54.19 SQQQx129@24.41 GROWx1558@2.00 
Purchases: SMKx108@28.44 SCOx33@91.25 LINCx5417@0.57 ERYx109@28.27 WAFDWx593@5.20 

2015-08-30
Cash: 103.01
Held: WAFDWx593@5.35 ERYx109@27.28 SCOx33@78.31 LINCx5417@0.43 SMKx108@27.83 
Value: 14168.84
Sales: LINCx5417@0.43 SCOx33@78.31 WAFDWx593@5.35 ERYx109@27.28 SMKx108@27.83 
Purchases: YUMAx5903@0.48 CRKx185@15.25 CEAx109@25.84 GMEx66@42.47 FORDx2099@1.35 

2015-08-31
Cash: 61.53
Held: FORDx2099@1.85 GMEx66@41.19 YUMAx5903@0.51 CEAx109@24.19 CRKx185@13.65 
Value: 14832.78
Sales: YUMAx5903@0.51 CRKx185@13.65 CEAx109@24.19 GMEx66@41.19 FORDx2099@1.85 
Purchases: HOVNPx741@4.00 KIQx1754@1.69 SKLNx741@4.00 FBIZx134@22.06 ANTHx435@6.81 

2015-09-01
Cash: 21.65
Held: ANTHx435@7.41 SKLNx741@3.48 HOVNPx741@3.88 KIQx1754@1.75 FBIZx134@22.61 
Value: 14798.97
Sales: HOVNPx741@3.88 KIQx1754@1.75 SKLNx741@3.48 ANTHx435@7.41 FBIZx134@22.61 
Purchases: TPLMx930@3.18 NOGx581@5.09 BRNx1557@1.90 PGHx2405@1.23 NAKx7791@0.38 

2015-09-02
Cash: 6.81
Held: NOGx581@5.18 BRNx1557@1.91 NAKx7791@0.39 PGHx2405@1.23 TPLMx930@3.22 
Value: 14982.50
Sales: TPLMx930@3.22 BRNx1557@1.91 NOGx581@5.18 PGHx2405@1.23 NAKx7791@0.39 
Purchases: AVAVx145@20.56 NLSTx7887@0.38 TGAx1069@2.80 VXXx109@27.31 TECSx70@42.38 

2015-09-03
Cash: 67.46
Held: VXXx109@29.31 AVAVx145@20.38 TECSx70@44.28 NLSTx7887@0.35 TGAx1069@2.76 
Value: 15027.99
Sales: AVAVx145@20.38 NLSTx7887@0.35 TGAx1069@2.76 VXXx109@29.31 TECSx70@44.28 
Purchases: JOYx161@18.62 OPHCx3415@0.88 SUMRx2131@1.41 KERXx631@4.76 SGMOx457@6.57 

2015-09-07
Cash: 12.25
Held: JOYx161@18.94 SGMOx457@6.86 OPHCx3415@0.94 KERXx631@4.75 SUMRx2131@1.35 
Value: 15279.09
Sales: JOYx161@18.94 OPHCx3415@0.94 KERXx631@4.75 SGMOx457@6.86 SUMRx2131@1.35 
Purchases: USEGx5994@0.51 FSIx3026@1.01 XCOx4186@0.73 BSBRx810@3.77 OGXIx1140@2.68 

2015-09-08
Cash: 4.14
Held: BSBRx810@3.73 OGXIx1140@2.57 USEGx5994@0.49 FSIx3026@1.10 XCOx4186@0.73 
Value: 15276.09
Sales: USEGx5994@0.49 BSBRx810@3.73 FSIx3026@1.10 XCOx4186@0.73 OGXIx1140@2.57 
Purchases: AXDXx179@17.05 YXIx102@29.88 NTZx1688@1.81 FXPx68@44.81 GRIFx111@27.38 

2015-09-09
Cash: 37.02
Held: FXPx68@44.59 AXDXx179@17.67 GRIFx111@27.16 NTZx1688@1.76 YXIx102@29.86 
Value: 15263.15
Sales: YXIx102@29.86 NTZx1688@1.76 AXDXx179@17.67 FXPx68@44.59 GRIFx111@27.16 
Purchases: PESx1183@2.58 TDFx167@18.20 MXCx1165@2.62 INVAx292@10.42 BLINx2423@1.26 

2015-09-10
Cash: 24.09
Held: TDFx167@18.16 INVAx292@10.13 PESx1183@2.50 BLINx2423@1.35 MXCx1165@2.50 
Value: 15155.07
Sales: MXCx1165@2.50 BLINx2423@1.35 TDFx167@18.16 INVAx292@10.13 PESx1183@2.50 
Purchases: CLDx1010@3.00 CBIOx319@9.50 SIGMx348@8.69 SHLOx351@8.62 DRYSx8@342.75 

2015-09-13
Cash: 304.69
Held: SIGMx348@8.29 SHLOx351@10.26 CLDx1010@3.02 DRYSx8@341.75 CBIOx319@9.50 
Value: 15604.00
Sales: CLDx1010@3.02 CBIOx319@9.50 SIGMx348@8.29 DRYSx8@341.75 SHLOx351@10.26 
Purchases: XRTx67@45.94 XPHx54@57.31 XBIx40@77.25 XSDx80@38.81 MTKx62@50.00 

2015-09-14
Cash: 136.31
Held: XBIx40@78.00 XPHx54@57.69 XRTx67@46.31 XSDx80@39.16 MTKx62@50.84 
Value: 15759.19
Sales: XRTx67@46.31 XPHx54@57.69 XBIx40@78.00 XSDx80@39.16 MTKx62@50.84 
Purchases: TPLMx1302@2.42 ABACx1158@2.72 CLFx985@3.20 RNWKx747@4.22 WKHSx6852@0.46 

2015-09-15
Cash: 3.59
Held: ABACx1158@2.76 CLFx985@3.34 RNWKx747@4.12 WKHSx6852@0.49 TPLMx1302@2.41 
Value: 16063.04
Sales: TPLMx1302@2.41 ABACx1158@2.76 CLFx985@3.34 RNWKx747@4.12 WKHSx6852@0.49 
Purchases: CYTXx563@5.70 UNISx2868@1.12 GLBSx2746@1.17 UWNx1946@1.65 VXXx145@22.09 

2015-09-16
Cash: 14.02
Held: UWNx1946@1.65 VXXx145@21.97 GLBSx2746@1.12 UNISx2868@1.14 CYTXx563@5.95 
Value: 16104.91
Sales: CYTXx563@5.95 UNISx2868@1.14 GLBSx2746@1.12 UWNx1946@1.65 VXXx145@21.97 
Purchases: ETRMx11@288.50 RGSEx2421@1.33 CSIIx151@21.20 TPIVx6318@0.51 CREGx6318@0.51 

2015-09-17
Cash: 68.22
Held: CREGx6318@0.50 RGSEx2421@1.42 TPIVx6318@0.51 CSIIx151@21.27 ETRMx11@304.50 
Value: 16446.16
Sales: CSIIx151@21.27 RGSEx2421@1.42 ETRMx11@304.50 TPIVx6318@0.51 CREGx6318@0.50 
Purchases: CRKx275@11.95 ARCWx1474@2.23 AIQx275@11.92 CAFx151@21.64 CLCx70@46.53 

2015-09-20
Cash: 67.90
Held: CLCx70@46.75 AIQx275@11.53 CAFx151@22.30 ARCWx1474@2.03 CRKx275@11.35 
Value: 15991.19
Sales: CRKx275@11.35 ARCWx1474@2.03 AIQx275@11.53 CAFx151@22.30 CLCx70@46.75 
Purchases: MPETx2351@1.36 BWENx1137@2.81 APOGx65@48.59 NEx280@11.39 ITUSx662@4.83 

2015-09-21
Cash: 53.22
Held: ITUSx662@4.63 MPETx2351@1.31 NEx280@11.25 APOGx65@47.62 BWENx1137@2.67 
Value: 15477.69
Sales: MPETx2351@1.31 APOGx65@47.62 BWENx1137@2.67 NEx280@11.25 ITUSx662@4.63 
Purchases: TGCx12898@0.24 OPHCx3095@1.00 AEZSx402@7.70 URREx3870@0.80 GLOWx5248@0.59 

2015-09-22
Cash: 1.46
Held: GLOWx5248@0.60 TGCx12898@0.22 OPHCx3095@1.13 URREx3870@0.79 AEZSx402@9.26 
Value: 16264.04
Sales: TGCx12898@0.22 OPHCx3095@1.13 AEZSx402@9.26 URREx3870@0.79 GLOWx5248@0.60 
Purchases: JHXx263@12.33 DEPOx135@24.09 GMOx12046@0.27 HMYx5081@0.64 ANIPx72@44.88 

2015-09-23
Cash: 32.89
Held: HMYx5081@0.67 ANIPx72@46.19 GMOx12046@0.28 JHXx263@12.54 DEPOx135@22.31 
Value: 16445.46
Sales: JHXx263@12.54 DEPOx135@22.31 GMOx12046@0.28 HMYx5081@0.67 ANIPx72@46.19 
Purchases: SGOCx10607@0.31 ATECx9671@0.34 CNXx302@10.88 SPEXx8658@0.38 AXASx2549@1.29 

2015-09-24
Cash: 3.73
Held: AXASx2549@1.24 ATECx9671@0.35 SGOCx10607@0.31 SPEXx8658@0.34 CNXx302@10.44 
Value: 15936.28
Sales: SGOCx10607@0.31 ATECx9671@0.35 CNXx302@10.44 SPEXx8658@0.34 AXASx2549@1.24 
Purchases: MPETx3622@0.88 CNTFx1137@2.80 PTSIx90@35.12 LINCx14489@0.22 BDRx4685@0.68 

2015-09-27
Cash: 29.83
Held: PTSIx90@33.59 CNTFx1137@2.72 MPETx3622@0.63 LINCx14489@0.20 BDRx4685@0.68 
Value: 14511.86
Sales: PTSIx90@33.59 CNTFx1137@2.72 LINCx14489@0.20 MPETx3622@0.63 BDRx4685@0.68 
Purchases: FCSCx711@4.08 IMUCx6450@0.45 WGBSx2088@1.39 FINLx148@19.55 XCOx3673@0.79 

2015-09-28
Cash: 13.79
Held: IMUCx6450@0.42 FINLx148@19.17 WGBSx2088@1.46 FCSCx711@3.86 XCOx3673@0.80 
Value: 14289.82
Sales: XCOx3673@0.80 IMUCx6450@0.42 WGBSx2088@1.46 FINLx148@19.17 FCSCx711@3.86 
Purchases: MPETx4762@0.60 DRAMx821@3.48 HUNx306@9.33 HRTXx133@21.34 SPXCx243@11.73 

2015-09-29
Cash: 32.01
Held: HUNx306@9.69 SPXCx243@11.92 MPETx4762@0.61 DRAMx821@3.72 HRTXx133@24.41 
Value: 15098.30
Sales: MPETx4762@0.61 DRAMx821@3.72 HUNx306@9.69 HRTXx133@24.41 SPXCx243@11.92 
Purchases: CMTLx146@20.61 TISIx93@32.12 OGENx1841@1.64 CHCIx853@3.54 DGICBx162@18.55 

2015-09-30
Cash: 59.70
Held: DGICBx162@18.55 CMTLx146@20.52 TISIx93@32.78 CHCIx853@3.61 OGENx1841@1.57 
Value: 15077.97
Sales: CMTLx146@20.52 TISIx93@32.78 OGENx1841@1.57 CHCIx853@3.61 DGICBx162@18.55 
Purchases: ALNx3173@0.95 MTRx308@9.78 EDZx60@49.44 WYYx3507@0.86 DXTRx12062@0.25 

2015-10-01
Cash: 53.09
Held: EDZx60@45.41 WYYx3507@0.87 ALNx3173@1.01 DXTRx12062@0.25 MTRx308@9.58 
Value: 14998.51
Sales: EDZx60@45.41 ALNx3173@1.01 MTRx308@9.58 DXTRx12062@0.25 WYYx3507@0.87 
Purchases: CPSTx622@4.82 KNDx224@13.34 CSWCx199@15.07 GLBZx234@12.80 PHMDx7143@0.42 

2015-10-04
Cash: 18.31
Held: KNDx224@14.28 GLBZx234@12.82 PHMDx7143@0.43 CSWCx199@14.72 CPSTx622@4.40 
Value: 14953.13
Sales: CPSTx622@4.40 KNDx224@14.28 CSWCx199@14.72 GLBZx234@12.82 PHMDx7143@0.43 
Purchases: ORNx588@5.08 LLITx2318@1.29 CSWCx203@14.72 YANGx31@94.12 CETCx747@4.00 

2015-10-05
Cash: 83.10
Held: ORNx588@5.14 LLITx2318@1.32 CSWCx203@14.53 CETCx747@4.20 YANGx31@98.00 
Value: 15290.93
Sales: ORNx588@5.14 LLITx2318@1.32 CSWCx203@14.53 YANGx31@98.00 CETCx747@4.20 
Purchases: IDRAx1096@2.79 DPKx98@31.19 CDZIx679@4.50 VIIx2065@1.48 SLPx328@9.31 

2015-10-06
Cash: 10.57
Held: DPKx98@30.02 CDZIx679@4.01 VIIx2065@1.58 SLPx328@9.34 IDRAx1096@2.95 
Value: 15236.02
Sales: IDRAx1096@2.95 SLPx328@9.34 CDZIx679@4.01 VIIx2065@1.58 DPKx98@30.02 
Purchases: SRPTx80@37.97 EDAPx739@4.12 SCMPx158@19.25 OIIMx1637@1.86 IDSAx1244@2.45 

2015-10-07
Cash: 19.31
Held: SRPTx80@37.81 SCMPx158@19.41 OIIMx1637@1.80 EDAPx739@4.12 IDSAx1244@2.31 
Value: 14976.58
Sales: SRPTx80@37.81 EDAPx739@4.12 SCMPx158@19.41 OIIMx1637@1.80 IDSAx1244@2.31 
Purchases: GTXIx3120@0.96 RCGx3152@0.95 YANGx35@84.75 YUMx44@67.44 NEONx1342@2.23 

2015-10-08
Cash: 59.70
Held: GTXIx3120@0.96 NEONx1342@2.29 YUMx44@70.25 RCGx3152@0.95 YANGx35@85.81 
Value: 15216.15
Sales: NEONx1342@2.29 RCGx3152@0.95 GTXIx3120@0.96 YANGx35@85.81 YUMx44@70.25 
Purchases: BDEx551@5.52 SPNCx279@10.90 BCRXx345@8.80 COWNx44@68.81 NEWTx179@16.95 

2015-10-11
Cash: 36.95
Held: BCRXx345@9.10 COWNx44@67.50 SPNCx279@11.52 NEWTx179@16.86 BDEx551@5.67 
Value: 15505.06
Sales: SPNCx279@11.52 BDEx551@5.67 BCRXx345@9.10 COWNx44@67.50 NEWTx179@16.86 
Purchases: SMCIx117@26.33 RTx549@5.64 CDZIx1080@2.87 CLBHx214@14.45 HLTHx844@3.67 

2015-10-12
Cash: 38.91
Held: RTx549@5.40 HLTHx844@3.92 CLBHx214@14.26 CDZIx1080@2.92 SMCIx117@26.92 
Value: 15665.61
Sales: RTx549@5.40 SMCIx117@26.92 CDZIx1080@2.92 CLBHx214@14.26 HLTHx844@3.92 
Purchases: SGYx479@6.53 CENXx530@5.91 KTCCx363@8.61 UNTx212@14.71 GASLx122@25.66 

2015-10-13
Cash: 30.77
Held: CENXx530@5.58 GASLx122@26.59 SGYx479@6.65 UNTx212@15.17 KTCCx363@8.43 
Value: 15692.63
Sales: SGYx479@6.65 CENXx530@5.58 KTCCx363@8.43 UNTx212@15.17 GASLx122@26.59 
Purchases: NYMXx1009@3.11 MDXGx394@7.95 HRTXx134@23.28 CRTNx1400@2.24 NSSCx478@6.56 

2015-10-14
Cash: 32.26
Held: CRTNx1400@2.28 NSSCx478@6.83 NYMXx1009@3.17 MDXGx394@8.38 HRTXx134@23.89 
Value: 16189.74
Sales: NYMXx1009@3.17 MDXGx394@8.38 HRTXx134@23.89 CRTNx1400@2.28 NSSCx478@6.83 
Purchases: WGBSx2247@1.44 VOXXx555@5.83 SRPTx114@28.20 SOXSx71@45.53 WMTx54@59.34 

2015-10-15
Cash: 66.05
Held: SRPTx114@27.94 WMTx54@58.88 WGBSx2247@1.11 VOXXx555@5.83 SOXSx71@45.31 
Value: 15376.93
Sales: WGBSx2247@1.11 VOXXx555@5.83 SRPTx114@27.94 SOXSx71@45.31 WMTx54@58.88 
Purchases: KMGx152@20.22 NFLXx31@99.00 DRWIx849@3.62 YANGx39@78.38 STXx77@39.56 

2015-10-18
Cash: 59.09
Held: STXx77@38.75 DRWIx849@2.95 NFLXx31@101.69 KMGx152@19.92 YANGx39@80.31 
Value: 14859.35
Sales: KMGx152@19.92 NFLXx31@101.69 DRWIx849@2.95 YANGx39@80.31 STXx77@38.75 
Purchases: MYRGx131@22.56 BOFIx119@24.77 WGBSx2726@1.09 QUMUx919@3.23 CBIOx732@4.06 

2015-10-19
Cash: 45.95
Held: BOFIx119@23.86 WGBSx2726@1.06 QUMUx919@3.22 MYRGx131@21.94 CBIOx732@3.96 
Value: 14506.65
Sales: MYRGx131@21.94 BOFIx119@23.86 WGBSx2726@1.06 QUMUx919@3.22 CBIOx732@3.96 
Purchases: CPSTx644@4.50 CRSx95@30.44 DRWIx1055@2.75 QUMUx900@3.22 SRTx700@4.14 

2015-10-20
Cash: 18.77
Held: SRTx700@3.97 DRWIx1055@2.70 QUMUx900@3.20 CRSx95@29.77 CPSTx644@4.50 
Value: 14250.97
Sales: CPSTx644@4.50 CRSx95@29.77 DRWIx1055@2.70 QUMUx900@3.20 SRTx700@3.97 
Purchases: HOGx60@47.03 YGEx4014@0.71 DEPOx176@16.12 EXARx537@5.30 SPEXx8634@0.33 

2015-10-21
Cash: 44.90
Held: SPEXx8634@0.31 HOGx60@48.12 YGEx4014@0.73 EXARx537@5.51 DEPOx176@15.41 
Value: 14210.88
Sales: HOGx60@48.12 YGEx4014@0.73 DEPOx176@15.41 EXARx537@5.51 SPEXx8634@0.31 
Purchases: ORNx671@4.23 MDGLx4242@0.67 VRXx25@109.88 PSOx195@14.54 GASLx119@23.70 

2015-10-22
Cash: 127.76
Held: PSOx195@13.69 ORNx671@4.21 GASLx119@22.66 MDGLx4242@0.67 VRXx25@116.19 
Value: 14064.95
Sales: ORNx671@4.21 MDGLx4242@0.67 VRXx25@116.19 PSOx195@13.69 GASLx119@22.66 
Purchases: CABx83@33.59 NRPx1442@1.95 RPRXx541@5.19 SMEDx346@8.12 RCKYx228@12.30 

2015-10-25
Cash: 43.70
Held: RPRXx541@5.00 SMEDx346@8.08 NRPx1442@1.89 RCKYx228@11.59 CABx83@33.56 
Value: 13697.67
Sales: CABx83@33.56 RCKYx228@11.59 SMEDx346@8.08 RPRXx541@5.00 NRPx1442@1.89 
Purchases: FTNTx78@34.72 WLBx364@7.51 ACTGx378@7.23 SPPIx521@5.25 ADUSx113@24.19 

2015-10-26
Cash: 53.79
Held: SPPIx521@5.26 ADUSx113@25.45 ACTGx378@7.02 WLBx364@6.89 FTNTx78@33.81 
Value: 13470.29
Sales: FTNTx78@33.81 WLBx364@6.89 ACTGx378@7.02 SPPIx521@5.26 ADUSx113@25.45 
Purchases: SCONx14183@0.19 KIQx2614@1.03 GASLx158@17.05 NUROx4417@0.61 MXCx1036@2.60 

2015-10-27
Cash: 2.85
Held: NUROx4417@0.60 GASLx158@18.41 MXCx1036@2.90 KIQx2614@1.00 SCONx14183@0.23 
Value: 14442.28
Sales: SCONx14183@0.23 KIQx2614@1.00 GASLx158@18.41 NUROx4417@0.60 MXCx1036@2.90 
Purchases: CGIx204@14.15 CPLAx65@44.22 SANDx1085@2.66 UQMx4896@0.59 RCIIx161@17.89 

2015-10-28
Cash: 27.25
Held: RCIIx161@18.61 UQMx4896@0.52 CPLAx65@44.81 SANDx1085@2.65 CGIx204@14.33 
Value: 14280.80
Sales: CPLAx65@44.81 CGIx204@14.33 SANDx1085@2.65 UQMx4896@0.52 RCIIx161@18.61 
Purchases: ILGx162@17.61 AKAMx46@61.12 IPIx700@4.08 BOOMx382@7.46 SAIAx124@22.91 

2015-10-29
Cash: 71.19
Held: ILGx162@17.66 IPIx700@3.86 SAIAx124@23.61 AKAMx46@60.81 BOOMx382@7.13 
Value: 14081.24
Sales: ILGx162@17.66 AKAMx46@60.81 IPIx700@3.86 BOOMx382@7.13 SAIAx124@23.61 
Purchases: MDXGx386@7.28 DMRCx125@22.45 RPRXx1646@1.71 DXYNx428@6.57 HBIOx958@2.94 

2015-11-01
Cash: 21.36
Held: RPRXx1646@1.67 DXYNx428@6.23 DMRCx125@24.12 MDXGx386@7.81 HBIOx958@3.06 
Value: 14398.43
Sales: MDXGx386@7.81 DMRCx125@24.12 RPRXx1646@1.67 DXYNx428@6.23 HBIOx958@3.06 
Purchases: CALXx414@6.94 ESCAx198@14.52 RPRXx1724@1.67 BVNx458@6.28 ECOLx74@38.66 

2015-11-02
Cash: 32.73
Held: CALXx414@6.93 RPRXx1724@1.80 ECOLx74@37.75 ESCAx198@14.27 BVNx458@6.41 
Value: 14559.98
Sales: CALXx414@6.93 ECOLx74@37.75 RPRXx1724@1.80 BVNx458@6.41 ESCAx198@14.27 
Purchases: FPAYx5823@0.50 GLBSx4852@0.60 SBRAx141@20.59 IDXGx2140@1.36 PRZMx2293@1.27 

2015-11-03
Cash: 10.90
Held: PRZMx2293@0.99 GLBSx4852@0.52 FPAYx5823@0.50 IDXGx2140@1.37 SBRAx141@20.94 
Value: 13600.38
Sales: FPAYx5823@0.50 IDXGx2140@1.37 SBRAx141@20.94 GLBSx4852@0.52 PRZMx2293@0.99 
Purchases: TASRx132@20.58 TGHx187@14.51 AROCx215@12.60 AMAGx88@30.59 NRPx1494@1.82 

2015-11-04
Cash: 49.97
Held: TASRx132@20.16 TGHx187@14.88 NRPx1494@1.91 AROCx215@11.99 AMAGx88@29.30 
Value: 13503.90
Sales: AMAGx88@29.30 TASRx132@20.16 NRPx1494@1.91 TGHx187@14.88 AROCx215@11.99 
Purchases: CLUBx1088@2.48 PZZAx45@59.75 DAVEx275@9.82 AVPx859@3.14 HHSx794@3.40 

2015-11-05
Cash: 18.11
Held: AVPx859@3.19 CLUBx1088@2.36 DAVEx275@9.67 PZZAx45@57.62 HHSx794@3.54 
Value: 13387.75
Sales: CLUBx1088@2.36 PZZAx45@57.62 DAVEx275@9.67 AVPx859@3.19 HHSx794@3.54 
Purchases: ETRMx13@192.12 NMRXx421@6.35 ENOCx569@4.70 CMTx178@15.00 MTSLx2677@1.00 

2015-11-08
Cash: 195.27
Held: CMTx178@15.37 ENOCx569@4.45 ETRMx13@177.88 NMRXx421@6.33 MTSLx2677@0.99 
Value: 13089.60
Sales: ETRMx13@177.88 ENOCx569@4.45 CMTx178@15.37 MTSLx2677@0.99 NMRXx421@6.33 
Purchases: LXUx356@7.34 MCZx6089@0.43 AVIDx412@6.35 TLRDx118@22.00 CMLSx1168@2.24 

2015-11-09
Cash: 29.33
Held: LXUx356@7.76 CMLSx1168@2.17 MCZx6089@0.40 TLRDx118@22.08 AVIDx412@6.24 
Value: 12937.36
Sales: LXUx356@7.76 AVIDx412@6.24 MCZx6089@0.40 TLRDx118@22.08 CMLSx1168@2.17 
Purchases: CPSTx927@2.79 FSTRx226@11.41 HRIx158@16.38 EVEPx626@4.13 LABLx40@63.62 

2015-11-10
Cash: 57.15
Held: EVEPx626@3.85 HRIx158@16.38 LABLx40@61.59 FSTRx226@11.72 CPSTx927@2.17 
Value: 12177.96
Sales: CPSTx927@2.17 FSTRx226@11.72 HRIx158@16.38 EVEPx626@3.85 LABLx40@61.59 
Purchases: PLUGx1323@1.84 RGSEx4058@0.60 FTKx279@8.72 RTKx639@3.81 SBx1217@2.00 

2015-11-11
Cash: 7.18
Held: RGSEx4058@0.51 SBx1217@2.01 PLUGx1323@1.78 FTKx279@9.59 RTKx639@3.30 
Value: 11662.85
Sales: PLUGx1323@1.78 RGSEx4058@0.51 FTKx279@9.59 RTKx639@3.30 SBx1217@2.01 
Purchases: HKx3886@0.60 ATWx148@15.72 SGMSx274@8.50 ROSGx1396@1.67 WTIx711@3.28 

2015-11-12
Cash: 12.70
Held: SGMSx274@7.93 ATWx148@15.78 WTIx711@3.33 HKx3886@0.58 ROSGx1396@1.68 
Value: 11487.77
Sales: HKx3886@0.58 ATWx148@15.78 SGMSx274@7.93 ROSGx1396@1.68 WTIx711@3.33 
Purchases: HHx16409@0.14 DGLYx419@5.48 MMSx44@51.66 WINTx8508@0.27 AAPx14@161.62 

2015-11-15
Cash: 61.01
Held: HHx16409@0.15 MMSx44@52.53 WINTx8508@0.23 DGLYx419@5.42 AAPx14@164.25 
Value: 11362.07
Sales: HHx16409@0.15 DGLYx419@5.42 WINTx8508@0.23 MMSx44@52.53 AAPx14@164.25 
Purchases: ZSLx36@61.44 TCIx227@10.00 FOSLx71@31.84 SPHSx975@2.33 OBCIx851@2.67 

2015-11-16
Cash: 75.48
Held: OBCIx851@2.63 SPHSx975@1.84 ZSLx36@61.97 TCIx227@8.30 FOSLx71@34.56 
Value: 10676.40
Sales: ZSLx36@61.97 TCIx227@8.30 FOSLx71@34.56 SPHSx975@1.84 OBCIx851@2.63 
Purchases: CPSTx1078@1.98 MFCBx997@2.14 SPUx3443@0.62 NEWTx156@13.60 OHGIx2053@1.04 

2015-11-17
Cash: 15.14
Held: SPUx3443@0.59 MFCBx997@2.30 OHGIx2053@1.09 NEWTx156@13.95 CPSTx1078@1.90 
Value: 10802.61
Sales: CPSTx1078@1.90 NEWTx156@13.95 SPUx3443@0.59 MFCBx997@2.30 OHGIx2053@1.09 
Purchases: LEUx1270@1.70 DGLYx503@4.29 OSIRx205@10.54 TCIx261@8.25 KOOLx7715@0.28 

2015-11-18
Cash: 11.78
Held: KOOLx7715@0.33 LEUx1270@1.60 TCIx261@8.55 DGLYx503@4.08 OSIRx205@10.57 
Value: 11038.78
Sales: DGLYx503@4.08 TCIx261@8.55 OSIRx205@10.57 LEUx1270@1.60 KOOLx7715@0.33 
Purchases: NCTYx1103@2.00 SBx1554@1.42 WKHSx4799@0.46 RADAx5135@0.43 CREGx7884@0.28 

2015-11-19
Cash: 3.42
Held: RADAx5135@0.45 CREGx7884@0.35 SBx1554@1.23 NCTYx1103@2.09 WKHSx4799@0.45 
Value: 11450.65
Sales: NCTYx1103@2.09 SBx1554@1.23 WKHSx4799@0.45 RADAx5135@0.45 CREGx7884@0.35 
Purchases: KIRKx177@12.91 FTKx221@10.33 TWIx546@4.19 UVEx124@18.47 LQDTx349@6.55 

