2014-03-12
Cash: 10000.00
Held: 
Value: 10000.00
Sales: 
Purchases: SGMAx254@7.85 EXPRx125@15.94 SSYx1211@1.65 ORMPx174@11.48 LTBRx743@2.69 

2014-03-13
Cash: 19.71
Held: SSYx1211@1.74 EXPRx125@15.49 SGMAx254@8.22 LTBRx743@2.92 ORMPx174@11.34 
Value: 10294.53
Sales: SGMAx254@8.22 EXPRx125@15.49 SSYx1211@1.74 ORMPx174@11.34 LTBRx743@2.92 
Purchases: MEIx68@30.12 CYTRx496@4.15 AMRCx273@7.52 AEx29@69.00 ADUSx94@21.69 

2014-03-16
Cash: 95.95
Held: ADUSx94@22.12 AMRCx273@7.48 MEIx68@30.23 AEx29@68.12 CYTRx496@4.08 
Value: 10272.18
Sales: AEx29@68.12 CYTRx496@4.08 AMRCx273@7.48 MEIx68@30.23 ADUSx94@22.12 
Purchases: PLUGx315@6.51 ESNCx925@2.22 XOXOx212@9.69 GJPx96@21.27 OPTTx498@4.12 

2014-03-17
Cash: 19.28
Held: ESNCx925@2.32 PLUGx315@5.96 GJPx96@21.25 XOXOx212@9.98 OPTTx498@4.13 
Value: 10254.49
Sales: PLUGx315@5.96 ESNCx925@2.32 XOXOx212@9.98 GJPx96@21.25 OPTTx498@4.13 
Purchases: TRXx840@2.44 LMIAx151@13.51 MUXx677@3.03 FSMx534@3.84 APDNx283@7.23 

2014-03-18
Cash: 18.14
Held: APDNx283@7.62 MUXx677@2.75 FSMx534@3.60 TRXx840@2.33 LMIAx151@13.53 
Value: 9959.34
Sales: TRXx840@2.33 LMIAx151@13.53 FSMx534@3.60 APDNx283@7.62 MUXx677@2.75 
Purchases: NATRx142@14.00 YGEx371@5.36 TEUMx1747@1.14 TBIOx419@4.75 TWMCx511@3.89 

2014-03-19
Cash: 13.68
Held: TEUMx1747@1.10 TWMCx511@3.87 YGEx371@5.03 NATRx142@14.06 TBIOx419@4.69 
Value: 9741.00
Sales: NATRx142@14.06 YGEx371@5.03 TEUMx1747@1.10 TBIOx419@4.69 TWMCx511@3.87 
Purchases: CETVx588@3.31 USNAx29@66.88 CDTIx71@27.30 MUXx729@2.67 KNDIx106@18.38 

2014-03-20
Cash: 22.82
Held: USNAx29@66.69 MUXx729@2.88 KNDIx106@18.91 CDTIx71@24.80 CETVx588@3.35 
Value: 9791.12
Sales: CETVx588@3.35 USNAx29@66.69 CDTIx71@24.80 MUXx729@2.88 KNDIx106@18.91 
Purchases: CNETx475@4.12 AGENx537@3.64 JOBx8902@0.22 IIJIx193@10.11 SIEBx670@2.92 

2014-03-23
Cash: 12.94
Held: JOBx8902@0.20 CNETx475@4.08 IIJIx193@10.41 SIEBx670@2.95 AGENx537@3.41 
Value: 9545.66
Sales: CNETx475@4.08 IIJIx193@10.41 JOBx8902@0.20 AGENx537@3.41 SIEBx670@2.95 
Purchases: MDXGx310@6.15 ISRx805@2.37 GSSx3291@0.58 SNOAx391@4.87 ABTLx159@11.96 

2014-03-24
Cash: 17.06
Held: ISRx805@2.06 SNOAx391@4.54 ABTLx159@12.50 MDXGx310@6.12 GSSx3291@0.65 
Value: 9474.44
Sales: MDXGx310@6.12 ISRx805@2.06 GSSx3291@0.65 SNOAx391@4.54 ABTLx159@12.50 
Purchases: IDRAx419@4.52 DRAMx192@9.84 VCELx384@4.93 ARWRx110@17.22 AXUx1082@1.75 

2014-03-25
Cash: 10.19
Held: VCELx384@4.18 DRAMx192@9.06 AXUx1082@1.54 ARWRx110@16.36 IDRAx419@4.19 
Value: 8577.25
Sales: DRAMx192@9.06 IDRAx419@4.19 VCELx384@4.18 ARWRx110@16.36 AXUx1082@1.54 
Purchases: IDNx1844@0.93 MNGAx1121@1.53 HIMXx146@11.70 CAPRx204@8.40 MVISx866@1.98 

2014-03-26
Cash: 9.54
Held: MNGAx1121@1.51 CAPRx204@7.45 HIMXx146@11.41 MVISx866@1.85 IDNx1844@0.89 
Value: 8130.12
Sales: IDNx1844@0.89 MNGAx1121@1.51 HIMXx146@11.41 CAPRx204@7.45 MVISx866@1.85 
Purchases: EXELx421@3.86 RGSEx427@3.80 VCELx391@4.15 CMCTx71@22.59 IDNx1826@0.89 

2014-03-27
Cash: 30.80
Held: RGSEx427@4.16 VCELx391@4.06 EXELx421@3.38 CMCTx71@22.91 IDNx1826@0.90 
Value: 8087.01
Sales: EXELx421@3.38 RGSEx427@4.16 VCELx391@4.06 CMCTx71@22.91 IDNx1826@0.90 
Purchases: DGLYx259@6.24 CTHRx552@2.93 FFHLx998@1.62 LDOSx46@34.62 SPEXx539@3.00 

2014-03-30
Cash: 27.48
Held: CTHRx552@2.86 SPEXx539@2.99 FFHLx998@1.76 LDOSx46@35.38 DGLYx259@6.14 
Value: 8191.51
Sales: LDOSx46@35.38 CTHRx552@2.86 FFHLx998@1.76 DGLYx259@6.14 SPEXx539@2.99 
Purchases: ESNCx946@1.73 SNOAx434@3.77 FCSCx313@5.23 SPEXx547@2.99 CREGx416@3.93 

2014-03-31
Cash: 10.96
Held: ESNCx946@1.71 CREGx416@3.99 SNOAx434@4.04 SPEXx547@3.01 FCSCx313@5.03 
Value: 8262.60
Sales: ESNCx946@1.71 SNOAx434@4.04 FCSCx313@5.03 SPEXx547@3.01 CREGx416@3.99 
Purchases: MNTAx141@11.64 FNCXx78@21.00 YUMAx268@6.15 TPIVx452@3.65 PRANx718@2.30 

2014-04-01
Cash: 33.55
Held: FNCXx78@21.00 TPIVx452@4.00 MNTAx141@11.55 YUMAx268@6.08 PRANx718@2.31 
Value: 8395.57
Sales: MNTAx141@11.55 FNCXx78@21.00 YUMAx268@6.08 TPIVx452@4.00 PRANx718@2.31 
Purchases: LQDTx80@20.86 MNGAx1142@1.47 CDTIx105@15.90 RELVx763@2.20 DLHCx784@2.14 

2014-04-02
Cash: 22.80
Held: RELVx763@2.12 MNGAx1142@1.54 DLHCx784@1.75 LQDTx80@18.36 CDTIx105@16.25 
Value: 7945.43
Sales: MNGAx1142@1.54 CDTIx105@16.25 RELVx763@2.12 LQDTx80@18.36 DLHCx784@1.75 
Purchases: PLPMx638@2.49 APOLx49@31.89 PEGAx86@18.42 UNFx15@101.12 KONEx251@6.32 

2014-04-03
Cash: 106.47
Held: PLPMx638@2.48 UNFx15@98.12 KONEx251@6.40 APOLx49@31.86 PEGAx86@17.89 
Value: 7866.59
Sales: APOLx49@31.86 PEGAx86@17.89 PLPMx638@2.48 UNFx15@98.12 KONEx251@6.40 
Purchases: SGOCx607@2.59 LQDTx86@18.27 BIOPx725@2.17 GOOGLx2@545.00 DLHCx995@1.58 

2014-04-06
Cash: 488.34
Held: SGOCx607@2.46 DLHCx995@1.55 LQDTx86@18.17 GOOGLx2@540.50 BIOPx725@2.08 
Value: 7676.02
Sales: SGOCx607@2.46 LQDTx86@18.17 BIOPx725@2.08 GOOGLx2@540.50 DLHCx995@1.55 
Purchases: OPTTx531@2.89 LLITx216@7.08 ATHNx10@143.75 HALOx185@8.26 VNDAx103@14.83 

2014-04-07
Cash: 119.73
Held: HALOx185@8.29 LLITx216@7.17 VNDAx103@14.97 ATHNx10@146.50 OPTTx531@2.94 
Value: 7769.97
Sales: OPTTx531@2.94 LLITx216@7.17 VNDAx103@14.97 HALOx185@8.29 ATHNx10@146.50 
Purchases: WWEx69@22.20 ASYSx155@10.02 SKYx275@5.65 SHLDx41@37.00 EMMSx124@12.52 

2014-04-08
Cash: 61.09
Held: SHLDx41@35.97 ASYSx155@9.94 SKYx275@5.65 WWEx69@22.75 EMMSx124@13.04 
Value: 7816.04
Sales: WWEx69@22.75 SKYx275@5.65 ASYSx155@9.94 SHLDx41@35.97 EMMSx124@13.04 
Purchases: SBSIx51@30.41 SRNEx175@8.90 RELVx822@1.90 UFSx15@101.19 NVCNx257@6.07 

2014-04-09
Cash: 68.09
Held: SBSIx51@29.38 RELVx822@1.90 NVCNx257@6.19 UFSx15@98.19 SRNEx175@9.23 
Value: 7806.99
Sales: SRNEx175@9.23 SBSIx51@29.38 UFSx15@98.19 RELVx822@1.90 NVCNx257@6.19 
Purchases: WDFCx21@71.00 HVT.Ax60@25.66 SIDx372@4.19 ISRGx3@453.50 HVTx61@25.20 

2014-04-10
Cash: 319.52
Held: SIDx372@4.16 HVTx61@23.59 ISRGx3@439.75 WDFCx21@70.50 HVT.Ax60@23.88 
Value: 7538.56
Sales: WDFCx21@70.50 HVT.Ax60@23.88 ISRGx3@439.75 HVTx61@23.59 SIDx372@4.16 
Purchases: CALIx529@2.85 KNDIx123@12.26 CURx29@51.62 CEIx2185@0.69 DDDx31@48.06 

2014-04-13
Cash: 28.83
Held: CALIx529@2.50 KNDIx123@12.16 DDDx31@46.25 CEIx2185@0.68 CURx29@49.00 
Value: 7187.48
Sales: CALIx529@2.50 CURx29@49.00 CEIx2185@0.68 KNDIx123@12.16 DDDx31@46.25 
Purchases: DWCHx103@13.92 TGTXx261@5.49 JCPx188@7.61 ARWRx115@12.49 CLDXx104@13.72 

2014-04-14
Cash: 27.17
Held: CLDXx104@13.73 TGTXx261@5.33 DWCHx103@14.05 ARWRx115@11.42 JCPx188@7.25 
Value: 6968.72
Sales: ARWRx115@11.42 DWCHx103@14.05 TGTXx261@5.33 JCPx188@7.25 CLDXx104@13.73 
Purchases: IDRAx523@2.66 WSTGx73@19.05 PTXx324@4.29 KONEx307@4.53 BOSCx330@4.21 

2014-04-15
Cash: 16.67
Held: KONEx307@4.69 PTXx324@4.32 WSTGx73@18.98 BOSCx330@4.41 IDRAx523@2.94 
Value: 7235.26
Sales: IDRAx523@2.94 WSTGx73@18.98 BOSCx330@4.41 KONEx307@4.69 PTXx324@4.32 
Purchases: CNETx459@3.15 PESIx346@4.17 DGLYx309@4.67 SPEXx812@1.78 MFRIx154@9.37 

2014-04-16
Cash: 14.03
Held: CNETx459@3.20 MFRIx154@9.19 SPEXx812@1.91 PESIx346@4.09 DGLYx309@4.61 
Value: 7287.77
Sales: CNETx459@3.20 PESIx346@4.09 DGLYx309@4.61 SPEXx812@1.91 MFRIx154@9.19 
Purchases: LTEAx2802@0.52 EWVx20@72.00 TOPSx1166@1.25 CDXCx337@4.32 GLOWx978@1.49 

2014-04-20
Cash: 19.78
Held: TOPSx1166@7.62 GLOWx978@1.49 LTEAx2802@0.50 CDXCx337@3.93 EWVx20@72.12 
Value: 14531.23
Sales: LTEAx2802@0.50 EWVx20@72.12 TOPSx1166@7.62 CDXCx337@3.93 GLOWx978@1.49 
Purchases: MGIx227@12.80 ACATx68@42.19 TZOOx170@17.09 TPIVx1096@2.65 MAGx445@6.52 

2014-04-21
Cash: 45.63
Held: MAGx445@6.75 ACATx68@42.84 TPIVx1096@2.71 MGIx227@13.77 TZOOx170@17.56 
Value: 15046.14
Sales: MGIx227@13.77 ACATx68@42.84 TZOOx170@17.56 TPIVx1096@2.71 MAGx445@6.75 
Purchases: PMDx189@15.87 ATHNx22@134.12 GDOTx174@17.28 KONEx757@3.97 AUMNx4238@0.71 

2014-04-22
Cash: 74.92
Held: KONEx757@4.11 AUMNx4238@0.74 GDOTx174@17.16 ATHNx22@135.00 PMDx189@15.55 
Value: 15216.38
Sales: PMDx189@15.55 ATHNx22@135.00 GDOTx174@17.16 KONEx757@4.11 AUMNx4238@0.74 
Purchases: BEBEx54@55.69 ARTXx827@3.68 CDXSx1719@1.77 ECx83@36.47 EDGWx414@7.34 

2014-04-23
Cash: 58.72
Held: ARTXx827@3.53 EDGWx414@7.39 ECx83@36.41 CDXSx1719@1.80 BEBEx54@53.91 
Value: 15063.69
Sales: BEBEx54@53.91 ARTXx827@3.53 CDXSx1719@1.80 ECx83@36.41 EDGWx414@7.39 
Purchases: UISx118@25.45 TGTXx586@5.14 ISRGx8@371.25 DZSIx938@3.21 CREEx60@50.03 

2014-04-24
Cash: 64.08
Held: DZSIx938@2.89 CREEx60@47.94 UISx118@25.03 TGTXx586@4.70 ISRGx8@366.25 
Value: 14289.17
Sales: UISx118@25.03 TGTXx586@4.70 CREEx60@47.94 DZSIx938@2.89 ISRGx8@366.25 
Purchases: TCBIx51@55.78 SILCx60@47.00 MYEx143@19.94 TNPx398@7.18 CLBx14@190.62 

2014-04-27
Cash: 247.00
Held: TCBIx51@55.12 CLBx14@189.50 SILCx60@48.06 MYEx143@18.81 TNPx398@6.98 
Value: 14063.54
Sales: TCBIx51@55.12 SILCx60@48.06 MYEx143@18.81 TNPx398@6.98 CLBx14@189.50 
Purchases: CAMPx155@18.03 CYTKx630@4.46 DGIIx323@8.69 CVLTx61@46.06 STSx490@5.74 

2014-04-28
Cash: 30.67
Held: CAMPx155@17.67 CVLTx61@46.56 STSx490@5.74 DGIIx323@8.80 CYTKx630@4.54 
Value: 14122.88
Sales: CYTKx630@4.54 CAMPx155@17.67 DGIIx323@8.80 CVLTx61@46.56 STSx490@5.74 
Purchases: SBOTx2259@1.25 NETEx1212@2.33 WCSTx1038@2.72 IFONx1266@2.23 GUREx1510@1.87 

2014-04-29
Cash: 3.33
Held: IFONx1266@2.24 WCSTx1038@2.97 SBOTx2259@1.05 GUREx1510@1.84 NETEx1212@2.23 
Value: 13776.06
Sales: NETEx1212@2.23 IFONx1266@2.24 WCSTx1038@2.97 SBOTx2259@1.05 GUREx1510@1.84 
Purchases: UCTTx323@8.52 BLDPx752@3.66 CNITx678@4.06 SYNx1899@1.45 RTECx302@9.11 

2014-04-30
Cash: 13.88
Held: UCTTx323@8.60 SYNx1899@1.44 RTECx302@9.26 BLDPx752@3.74 CNITx678@4.35 
Value: 14086.43
Sales: UCTTx323@8.60 BLDPx752@3.74 CNITx678@4.35 SYNx1899@1.44 RTECx302@9.26 
Purchases: CLUBx430@6.55 DLBx71@39.38 CMPRx72@38.59 SYNx1955@1.44 BGFVx233@12.07 

2014-05-01
Cash: 66.80
Held: DLBx71@39.06 SYNx1955@1.30 CLUBx430@6.33 CMPRx72@39.22 BGFVx233@12.06 
Value: 13736.76
Sales: CLUBx430@6.33 DLBx71@39.06 CMPRx72@39.22 SYNx1955@1.30 BGFVx233@12.06 
Purchases: LCUTx168@16.30 SLMx306@8.98 STMPx95@28.80 QUIKx746@3.68 CPSTx81@33.91 

2014-05-04
Cash: 24.90
Held: STMPx95@29.06 QUIKx746@3.55 LCUTx168@15.00 SLMx306@8.79 CPSTx81@34.00 
Value: 13398.17
Sales: LCUTx168@15.00 SLMx306@8.79 STMPx95@29.06 QUIKx746@3.55 CPSTx81@34.00 
Purchases: MTWx94@28.31 AUMNx4254@0.63 AMNx243@10.99 BCORx155@17.23 RBCNx334@8.01 

2014-05-05
Cash: 40.24
Held: AUMNx4254@0.64 BCORx155@17.34 RBCNx334@7.67 AMNx243@10.80 MTWx94@28.20 
Value: 13288.80
Sales: MTWx94@28.20 RBCNx334@7.67 AMNx243@10.80 BCORx155@17.34 AUMNx4254@0.64 
Purchases: TSNx69@38.25 TREXx37@70.75 OLEDx115@22.94 SGMAx301@8.81 CRD.Ax315@8.43 

2014-05-06
Cash: 86.07
Held: CRD.Ax315@8.54 SGMAx301@8.49 OLEDx115@24.61 TSNx69@39.22 TREXx37@68.56 
Value: 13405.01
Sales: SGMAx301@8.49 TSNx69@39.22 OLEDx115@24.61 TREXx37@68.56 CRD.Ax315@8.54 
Purchases: EVKx484@5.53 TREEx112@23.80 OHGIx668@4.01 FNx142@18.81 ATHNx24@107.88 

2014-05-07
Cash: 122.43
Held: EVKx484@5.36 OHGIx668@4.05 FNx142@18.70 ATHNx24@106.81 TREEx112@23.86 
Value: 13313.89
Sales: EVKx484@5.36 TREEx112@23.86 OHGIx668@4.05 FNx142@18.70 ATHNx24@106.81 
Purchases: CORTx1530@1.74 AVNWx221@12.00 ICADx384@6.93 OCLRx1521@1.75 EXTRx749@3.55 

2014-05-08
Cash: 17.04
Held: CORTx1530@1.84 AVNWx221@12.48 ICADx384@7.00 EXTRx749@3.68 OCLRx1521@1.75 
Value: 13695.16
Sales: CORTx1530@1.84 AVNWx221@12.48 ICADx384@7.00 OCLRx1521@1.75 EXTRx749@3.68 
Purchases: ANDEx53@51.16 MEETx1222@2.24 INVTx1025@2.67 GTTx317@8.62 CECOx587@4.66 

2014-05-11
Cash: 42.48
Held: MEETx1222@2.29 INVTx1025@2.71 CECOx587@5.00 GTTx317@10.05 ANDEx53@51.38 
Value: 14461.16
Sales: ANDEx53@51.38 MEETx1222@2.29 INVTx1025@2.71 GTTx317@10.05 CECOx587@5.00 
Purchases: SMSIx3616@0.80 OHRPx424@6.82 AIRMx63@45.78 UVEx234@12.33 ACETx155@18.55 

2014-05-12
Cash: 33.49
Held: AIRMx63@45.31 OHRPx424@7.84 UVEx234@11.82 SMSIx3616@0.78 ACETx155@18.41 
Value: 14650.90
Sales: SMSIx3616@0.78 OHRPx424@7.84 ACETx155@18.41 AIRMx63@45.31 UVEx234@11.82 
Purchases: INSYx107@27.30 COOLx178@16.44 NEONx785@3.73 CLBx17@162.88 EGTx1031@2.84 

2014-05-13
Cash: 179.08
Held: COOLx178@15.96 NEONx785@3.67 CLBx17@162.50 INSYx107@23.02 EGTx1031@2.84 
Value: 14054.07
Sales: INSYx107@23.02 EGTx1031@2.84 NEONx785@3.67 CLBx17@162.50 COOLx178@15.96 
Purchases: TCCOx601@4.67 CALLx179@15.66 OMEXx1745@1.61 MDCAx128@21.86 DXPEx43@64.56 

2014-05-14
Cash: 59.55
Held: CALLx179@15.19 DXPEx43@66.69 OMEXx1745@1.61 MDCAx128@21.30 TCCOx601@4.88 
Value: 14113.97
Sales: TCCOx601@4.88 MDCAx128@21.30 OMEXx1745@1.61 CALLx179@15.19 DXPEx43@66.69 
Purchases: INSYx124@22.59 HYGSx199@14.14 FLLx1869@1.51 SSKNx6886@0.41 QBAKx2453@1.15 

2014-05-15
Cash: 32.04
Held: SSKNx6886@0.39 HYGSx199@14.35 INSYx124@23.84 FLLx1869@1.54 QBAKx2453@1.26 
Value: 14497.97
Sales: INSYx124@23.84 QBAKx2453@1.26 HYGSx199@14.35 SSKNx6886@0.39 FLLx1869@1.54 
Purchases: ACXMx140@20.61 SRNEx579@5.00 FONRx209@13.86 KINSx499@5.80 GVx1756@1.65 

2014-05-18
Cash: 28.37
Held: GVx1756@1.63 FONRx209@13.02 SRNEx579@5.14 ACXMx140@21.50 KINSx499@5.80 
Value: 14493.35
Sales: GVx1756@1.63 SRNEx579@5.14 FONRx209@13.02 KINSx499@5.80 ACXMx140@21.50 
Purchases: WWEx264@10.96 CSIQx133@21.70 RCONx809@3.58 SGRPx1746@1.66 FMBHx138@21.00 

2014-05-19
Cash: 20.23
Held: RCONx809@3.36 SGRPx1746@1.65 CSIQx133@22.41 WWEx264@10.93 FMBHx138@21.00 
Value: 14383.02
Sales: CSIQx133@22.41 WWEx264@10.93 RCONx809@3.36 SGRPx1746@1.65 FMBHx138@21.00 
Purchases: PRKRx634@4.53 LTEAx4793@0.60 NLSTx2458@1.17 LGLx685@4.20 CSPIx426@6.75 

2014-05-20
Cash: 6.30
Held: CSPIx426@6.72 PRKRx634@4.49 NLSTx2458@1.16 LTEAx4793@0.62 LGLx685@4.18 
Value: 14401.03
Sales: PRKRx634@4.49 LTEAx4793@0.62 NLSTx2458@1.16 LGLx685@4.18 CSPIx426@6.72 
Purchases: MBWMx139@20.69 INUVx4431@0.65 DKSx67@42.84 URBNx88@32.53 AUMNx5054@0.57 

2014-05-21
Cash: 32.58
Held: INUVx4431@0.72 DKSx67@43.25 AUMNx5054@0.58 URBNx88@32.53 MBWMx139@20.70 
Value: 14793.80
Sales: MBWMx139@20.70 INUVx4431@0.72 DKSx67@43.25 URBNx88@32.53 AUMNx5054@0.58 
Purchases: MGCDx301@9.82 HTMx5689@0.52 OHRPx369@8.01 CPHIx8216@0.36 DYx100@29.34 

2014-05-22
Cash: 31.60
Held: OHRPx369@7.55 DYx100@29.30 CPHIx8216@0.36 HTMx5689@0.59 MGCDx301@9.70 
Value: 14982.43
Sales: MGCDx301@9.70 HTMx5689@0.59 OHRPx369@7.55 CPHIx8216@0.36 DYx100@29.30 
Purchases: EGHTx413@7.25 ATVx249@12.00 APOLx109@27.28 IGCx2269@1.32 TPIVx1804@1.66 

2014-05-26
Cash: 35.81
Held: ATVx249@10.87 TPIVx1804@1.97 APOLx109@27.48 EGHTx413@7.52 IGCx2269@1.48 
Value: 15755.67
Sales: ATVx249@10.87 EGHTx413@7.52 APOLx109@27.48 IGCx2269@1.48 TPIVx1804@1.97 
Purchases: SCVLx169@18.55 DFFNx787@4.00 ORMPx448@7.02 NWYx787@4.00 PCTIx444@7.09 

2014-05-27
Cash: 32.61
Held: SCVLx169@18.11 NWYx787@3.99 ORMPx448@7.70 DFFNx787@4.30 PCTIx444@7.15 
Value: 16241.28
Sales: SCVLx169@18.11 DFFNx787@4.30 ORMPx448@7.70 NWYx787@3.99 PCTIx444@7.15 
Purchases: SSRIx486@6.68 WGBSx2598@1.25 FROx1399@2.32 ALOGx47@67.75 CETCx377@8.60 

2014-05-28
Cash: 74.30
Held: SSRIx486@6.54 ALOGx47@68.06 FROx1399@2.42 WGBSx2598@1.40 CETCx377@9.40 
Value: 17018.11
Sales: SSRIx486@6.54 WGBSx2598@1.40 FROx1399@2.42 ALOGx47@68.06 CETCx377@9.40 
Purchases: SPNCx155@21.84 ACURx624@5.45 NLSx312@10.90 OHGIx969@3.51 WKHSx30946@0.11 

2014-05-29
Cash: 27.14
Held: NLSx312@10.83 OHGIx969@4.07 ACURx624@5.30 SPNCx155@21.44 WKHSx30946@0.11 
Value: 17383.75
Sales: SPNCx155@21.44 ACURx624@5.30 NLSx312@10.83 OHGIx969@4.07 WKHSx30946@0.11 
Purchases: MPETx2081@1.67 GMANx808@4.30 MARPSx201@17.27 SPEXx1801@1.93 EVIx1430@2.43 

2014-06-01
Cash: 13.40
Held: EVIx1430@2.45 SPEXx1801@1.81 MPETx2081@1.67 MARPSx201@17.25 GMANx808@4.32 
Value: 17207.99
Sales: MPETx2081@1.67 EVIx1430@2.45 MARPSx201@17.25 SPEXx1801@1.81 GMANx808@4.32 
Purchases: CSIQx134@25.59 CLFx220@15.61 INVTx1314@2.62 GLUUx956@3.60 PARx803@4.28 

2014-06-02
Cash: 23.75
Held: PARx803@4.29 INVTx1314@2.45 CLFx220@14.94 GLUUx956@3.60 CSIQx134@25.09 
Value: 16776.18
Sales: CSIQx134@25.09 PARx803@4.29 INVTx1314@2.45 GLUUx956@3.60 CLFx220@14.94 
Purchases: WMKx77@43.25 NEONx1079@3.11 VCELx791@4.24 GTXIx2448@1.37 TISIx87@38.56 

2014-06-03
Cash: 29.45
Held: GTXIx2448@1.32 NEONx1079@3.20 VCELx791@4.15 TISIx87@38.25 WMKx77@43.47 
Value: 16669.79
Sales: WMKx77@43.47 NEONx1079@3.20 VCELx791@4.15 GTXIx2448@1.32 TISIx87@38.25 
Purchases: PFIEx817@4.08 FACx1394@2.39 ENSGx226@14.73 JAKKx441@7.56 ESPx146@22.80 

2014-06-04
Cash: 15.54
Held: PFIEx817@4.09 ESPx146@23.44 JAKKx441@7.31 ENSGx226@15.36 FACx1394@2.42 
Value: 16846.50
Sales: PFIEx817@4.09 FACx1394@2.42 ENSGx226@15.36 JAKKx441@7.31 ESPx146@23.44 
Purchases: CSIQx143@23.45 PRTKx1668@2.02 RIBTx587@5.74 RILYx374@9.00 JKSx136@24.70 

2014-06-05
Cash: 30.13
Held: JKSx136@24.47 CSIQx143@24.05 RILYx374@9.00 PRTKx1668@2.00 RIBTx587@5.89 
Value: 16956.38
Sales: CSIQx143@24.05 PRTKx1668@2.00 RIBTx587@5.89 RILYx374@9.00 JKSx136@24.47 
Purchases: PVHx28@119.69 NFECx2372@1.43 PYTx168@20.14 GYBx167@20.22 SPEXx2018@1.68 

2014-06-08
Cash: 64.14
Held: NFECx2372@1.46 GYBx167@20.50 SPEXx2018@1.73 PYTx168@19.73 PVHx28@121.56 
Value: 17161.88
Sales: PYTx168@19.73 NFECx2372@1.46 GYBx167@20.50 SPEXx2018@1.73 PVHx28@121.56 
Purchases: SMSIx4237@0.81 AEYx1239@2.77 VTNRx367@9.33 HRIx127@26.94 KONEx674@5.09 

2014-06-09
Cash: 23.17
Held: AEYx1239@2.78 VTNRx367@9.52 HRIx127@27.23 SMSIx4237@0.82 KONEx674@5.30 
Value: 17466.91
Sales: AEYx1239@2.78 SMSIx4237@0.82 VTNRx367@9.52 HRIx127@27.23 KONEx674@5.30 
Purchases: AEHRx1624@2.15 GIGAx1443@2.42 NSRx143@24.39 ODCx111@31.33 LINKx436@8.01 

2014-06-10
Cash: 26.04
Held: AEHRx1624@2.35 ODCx111@30.58 GIGAx1443@2.58 NSRx143@24.16 LINKx436@8.01 
Value: 17904.78
Sales: AEHRx1624@2.35 LINKx436@8.01 NSRx143@24.16 ODCx111@30.58 GIGAx1443@2.58 
Purchases: INOx405@8.82 LONEx9675@0.37 SYNx2418@1.48 QRHCx778@4.60 RELVx2094@1.71 

2014-06-11
Cash: 11.22
Held: RELVx2094@1.78 INOx405@8.81 QRHCx778@4.62 SYNx2418@1.42 LONEx9675@0.37 
Value: 17917.65
Sales: INOx405@8.81 LONEx9675@0.37 RELVx2094@1.78 QRHCx778@4.62 SYNx2418@1.42 
Purchases: CGAx1531@2.34 UNXLx438@8.17 OREXx630@5.68 GGALx261@13.69 TBBKx314@11.40 

2014-06-12
Cash: 26.31
Held: GGALx261@13.82 OREXx630@5.85 TBBKx314@11.37 UNXLx438@8.02 CGAx1531@2.31 
Value: 17940.91
Sales: CGAx1531@2.31 UNXLx438@8.02 OREXx630@5.85 GGALx261@13.82 TBBKx314@11.37 
Purchases: OMERx254@14.11 INVTx1055@3.40 VHIx690@5.20 ARIAx562@6.38 DSSx2474@1.45 

2014-06-15
Cash: 9.53
Held: INVTx1055@3.29 DSSx2474@1.44 ARIAx562@6.46 OMERx254@14.18 VHIx690@5.11 
Value: 17801.27
Sales: ARIAx562@6.46 INVTx1055@3.29 VHIx690@5.11 DSSx2474@1.44 OMERx254@14.18 
Purchases: BCLIx831@4.28 FNSRx183@19.44 SXLx78@45.25 PTIEx687@5.18 KOOLx2455@1.45 

2014-06-16
Cash: 38.31
Held: PTIEx687@5.40 KOOLx2455@1.48 FNSRx183@19.58 SXLx78@45.06 BCLIx831@4.35 
Value: 18095.41
Sales: BCLIx831@4.35 FNSRx183@19.58 SXLx78@45.06 PTIEx687@5.40 KOOLx2455@1.48 
Purchases: PZEx598@6.05 VRTXx54@65.88 SUMRx1206@3.00 XTLBx1160@3.12 ENGx1025@3.53 

2014-06-17
Cash: 66.06
Held: XTLBx1160@3.12 VRTXx54@65.06 ENGx1025@3.46 SUMRx1206@2.94 PZEx598@6.29 
Value: 18050.94
Sales: VRTXx54@65.06 PZEx598@6.29 SUMRx1206@2.94 XTLBx1160@3.12 ENGx1025@3.46 
Purchases: REIx208@17.28 SIFYx1530@2.36 INVTx1240@2.91 PRPHx2270@1.59 INSx2472@1.46 

2014-06-18
Cash: 20.03
Held: PRPHx2270@1.61 INVTx1240@3.03 INSx2472@1.48 SIFYx1530@2.27 REIx208@17.48 
Value: 18200.71
Sales: REIx208@17.48 INVTx1240@3.03 SIFYx1530@2.27 PRPHx2270@1.61 INSx2472@1.48 
Purchases: CBPOx87@41.66 UTEKx160@22.69 UFSx83@43.78 MTSLx2275@1.60 RNVAx1677@2.17 

2014-06-19
Cash: 34.70
Held: UTEKx160@22.47 CBPOx87@42.56 UFSx83@44.22 RNVAx1677@1.95 MTSLx2275@1.54 
Value: 17776.86
Sales: CBPOx87@42.56 RNVAx1677@1.95 UTEKx160@22.47 MTSLx2275@1.54 UFSx83@44.22 
Purchases: ZSLx48@73.94 COHx102@34.72 PIRx234@15.18 KBRx146@24.20 NOKx458@7.75 

2014-06-22
Cash: 51.35
Held: PIRx234@15.39 COHx102@34.03 KBRx146@23.98 ZSLx48@73.81 NOKx458@7.89 
Value: 17782.56
Sales: KBRx146@23.98 COHx102@34.03 PIRx234@15.39 NOKx458@7.89 ZSLx48@73.81 
Purchases: TTNPx4618@0.77 SGCx209@16.98 LEUx1185@3.00 RIBTx689@5.16 AOBCx232@15.30 

2014-06-23
Cash: 17.66
Held: AOBCx232@14.89 TTNPx4618@0.78 LEUx1185@2.92 SGCx209@16.61 RIBTx689@5.18 
Value: 17573.60
Sales: RIBTx689@5.18 SGCx209@16.61 AOBCx232@14.89 TTNPx4618@0.78 LEUx1185@2.92 
Purchases: PRKRx2282@1.54 NETEx2092@1.68 IGCx2492@1.41 NCITx393@8.94 CBMGx286@12.26 

2014-06-24
Cash: 13.04
Held: PRKRx2282@1.49 IGCx2492@1.42 CBMGx286@12.85 NETEx2092@1.72 NCITx393@8.97 
Value: 17750.14
Sales: PRKRx2282@1.49 NETEx2092@1.72 IGCx2492@1.42 NCITx393@8.97 CBMGx286@12.85 
Purchases: ADMPx739@4.80 PRKRx2382@1.49 OHRPx485@7.31 GIGAx1315@2.70 LINKx438@8.10 

2014-06-25
Cash: 10.00
Held: OHRPx485@9.90 PRKRx2382@1.58 GIGAx1315@2.59 LINKx438@8.10 ADMPx739@4.78 
Value: 19061.96
Sales: ADMPx739@4.78 PRKRx2382@1.58 OHRPx485@9.90 GIGAx1315@2.59 LINKx438@8.10 
Purchases: MLSSx2118@1.80 GBRx1030@3.70 HGSHx1438@2.65 NUROx1896@2.01 IMGNx323@11.79 

2014-06-26
Cash: 10.13
Held: NUROx1896@1.98 MLSSx2118@1.80 GBRx1030@3.84 HGSHx1438@2.68 IMGNx323@11.91 
Value: 19231.24
Sales: MLSSx2118@1.80 GBRx1030@3.84 HGSHx1438@2.68 NUROx1896@1.98 IMGNx323@11.91 
Purchases: WMLPx4524@0.85 BMAx107@35.66 KONEx730@5.26 SCSx247@15.52 NTNx7396@0.52 

2014-06-29
Cash: 48.77
Held: SCSx247@15.13 KONEx730@5.84 BMAx107@36.03 NTNx7396@0.53 WMLPx4524@0.84 
Value: 19622.75
Sales: WMLPx4524@0.84 BMAx107@36.03 KONEx730@5.84 SCSx247@15.13 NTNx7396@0.53 
Purchases: WKHSx39255@0.10 GAIAx511@7.68 OGENx2012@1.95 ISNSx1188@3.30 FNCXx906@4.33 

2014-06-30
Cash: 7.48
Held: FNCXx906@4.17 ISNSx1188@3.36 GAIAx511@7.51 OGENx2012@1.95 WKHSx39255@0.10 
Value: 19464.96
Sales: FNCXx906@4.17 GAIAx511@7.51 OGENx2012@1.95 ISNSx1188@3.36 WKHSx39255@0.10 
Purchases: RYNx111@34.97 DAGx543@7.16 IOTx620@6.27 HBPx865@4.50 RELVx2496@1.56 

2014-07-01
Cash: 23.17
Held: RELVx2496@1.60 IOTx620@6.50 RYNx111@34.97 HBPx865@4.60 DAGx543@7.21 
Value: 19823.21
Sales: RYNx111@34.97 DAGx543@7.21 IOTx620@6.50 RELVx2496@1.60 HBPx865@4.60 
Purchases: FNFx138@28.55 SYMXx2360@1.68 OSBCPx400@9.91 BPTHx1405@2.82 STAAx286@13.85 

2014-07-02
Cash: 33.10
Held: OSBCPx400@9.90 FNFx138@28.44 SYMXx2360@1.63 BPTHx1405@2.94 STAAx286@14.15 
Value: 19939.76
Sales: FNFx138@28.44 SYMXx2360@1.63 OSBCPx400@9.90 BPTHx1405@2.94 STAAx286@14.15 
Purchases: OHRPx491@8.12 LINCx947@4.21 JOEx164@24.27 BIOLx1955@2.04 ADGEx2432@1.64 

2014-07-06
Cash: 12.90
Held: JOEx164@23.92 OHRPx491@7.91 ADGEx2432@1.50 LINCx947@4.05 BIOLx1955@1.99 
Value: 19194.98
Sales: OHRPx491@7.91 LINCx947@4.05 JOEx164@23.92 BIOLx1955@1.99 ADGEx2432@1.50 
Purchases: RGSEx1505@2.55 WCSTx1395@2.75 LEUx635@6.04 SSKNx13236@0.29 LAKEx583@6.58 

2014-07-07
Cash: 10.99
Held: RGSEx1505@2.55 SSKNx13236@0.28 LAKEx583@6.59 LEUx635@6.31 WCSTx1395@2.75 
Value: 19240.47
Sales: RGSEx1505@2.55 LEUx635@6.31 SSKNx13236@0.28 WCSTx1395@2.75 LAKEx583@6.59 
Purchases: SMSIx3376@1.14 GNVCx1624@2.37 CBAKx1245@3.09 ARRYx918@4.19 COOLx298@12.90 

2014-07-08
Cash: 7.23
Held: COOLx298@13.02 SMSIx3376@1.12 ARRYx918@4.10 GNVCx1624@2.39 CBAKx1245@3.37 
Value: 19511.92
Sales: SMSIx3376@1.12 GNVCx1624@2.39 CBAKx1245@3.37 ARRYx918@4.10 COOLx298@13.02 
Purchases: OMERx264@14.75 HRTXx379@10.27 RELVx2729@1.43 AOIx15@248.00 JKSx146@26.70 

2014-07-09
Cash: 204.02
Held: RELVx2729@1.40 JKSx146@26.22 AOIx15@256.00 OMERx264@14.61 HRTXx379@10.28 
Value: 19447.09
Sales: OMERx264@14.61 HRTXx379@10.28 RELVx2729@1.40 AOIx15@256.00 JKSx146@26.22 
Purchases: FNCXx1223@3.18 IPCIx1355@2.87 MYRGx156@24.86 LEUx716@5.43 SPILx469@8.28 

2014-07-10
Cash: 21.02
Held: FNCXx1223@3.21 LEUx716@5.49 IPCIx1355@2.83 SPILx469@8.28 MYRGx156@24.97 
Value: 19491.39
Sales: FNCXx1223@3.21 IPCIx1355@2.83 MYRGx156@24.97 LEUx716@5.49 SPILx469@8.28 
Purchases: CXDCx616@6.32 LLx71@54.88 SRPTx177@21.98 NETEx3021@1.29 BAAx11462@0.34 

2014-07-13
Cash: 15.43
Held: SRPTx177@21.81 BAAx11462@0.33 LLx71@55.16 NETEx3021@1.21 CXDCx616@5.91 
Value: 18871.64
Sales: CXDCx616@5.91 LLx71@55.16 SRPTx177@21.81 NETEx3021@1.21 BAAx11462@0.33 
Purchases: NYNYx602@6.27 CADCx848@4.45 SGRPx2639@1.43 ISLEx445@8.48 MBVXx3094@1.22 

2014-07-14
Cash: 5.59
Held: SGRPx2639@1.44 ISLEx445@8.42 CADCx848@4.27 NYNYx602@6.17 MBVXx3094@1.21 
Value: 18634.27
Sales: NYNYx602@6.17 CADCx848@4.27 SGRPx2639@1.44 ISLEx445@8.42 MBVXx3094@1.21 
Purchases: ATVx305@12.20 MBVXx3080@1.21 DRWIx74@49.75 DLHCx2070@1.80 HLITx623@5.98 

2014-07-15
Cash: 52.71
Held: DLHCx2070@1.83 HLITx623@6.01 ATVx305@12.80 DRWIx74@50.00 MBVXx3080@1.20 
Value: 18885.92
Sales: ATVx305@12.80 MBVXx3080@1.20 DRWIx74@50.00 HLITx623@6.01 DLHCx2070@1.83 
Purchases: EXELx1034@3.65 OPTTx3283@1.15 YTENx5638@0.67 CBIOx134@28.06 IGCx3529@1.07 

2014-07-16
Cash: 20.16
Held: YTENx5638@0.62 EXELx1034@3.43 IGCx3529@1.06 CBIOx134@26.73 OPTTx3283@1.15 
Value: 18161.04
Sales: EXELx1034@3.43 OPTTx3283@1.15 YTENx5638@0.62 CBIOx134@26.73 IGCx3529@1.06 
Purchases: EGTx1260@2.88 BBRYx374@9.71 CAWx1020@3.56 MTGx468@7.75 LCIx98@36.97 

2014-07-17
Cash: 17.57
Held: CAWx1020@3.58 MTGx468@7.86 EGTx1260@3.12 LCIx98@38.19 BBRYx374@10.04 
Value: 18774.54
Sales: LCIx98@38.19 CAWx1020@3.58 MTGx468@7.86 BBRYx374@10.04 EGTx1260@3.12 
Purchases: RNNx5442@0.69 WPCSx5961@0.63 TZOOx213@17.56 OHGIx906@4.14 OIBR.Cx5442@0.69 

2014-07-20
Cash: 18.26
Held: WPCSx5961@0.65 OHGIx906@4.30 OIBR.Cx5442@0.70 TZOOx213@17.77 RNNx5442@0.66 
Value: 18975.95
Sales: RNNx5442@0.66 WPCSx5961@0.65 TZOOx213@17.77 OHGIx906@4.30 OIBR.Cx5442@0.70 
Purchases: KEGx548@6.92 SBOTx5579@0.68 RPx230@16.48 AMDx1004@3.78 BISx51@73.62 

2014-07-21
Cash: 47.37
Held: RPx230@16.38 KEGx548@6.86 AMDx1004@3.80 SBOTx5579@0.70 BISx51@71.94 
Value: 18963.74
Sales: KEGx548@6.86 SBOTx5579@0.70 RPx230@16.38 AMDx1004@3.80 BISx51@71.94 
Purchases: PZEx588@6.45 GRBKx483@7.85 DGLYx803@4.72 EZPWx397@9.53 SCKTx2528@1.50 

2014-07-22
Cash: 14.23
Held: EZPWx397@9.66 GRBKx483@8.70 SCKTx2528@1.59 DGLYx803@4.66 PZEx588@6.54 
Value: 19657.57
Sales: PZEx588@6.54 GRBKx483@8.70 DGLYx803@4.66 EZPWx397@9.66 SCKTx2528@1.59 
Purchases: BXSx185@21.14 SILCx134@29.20 SSKNx1618@2.43 ITIx2312@1.70 EDUx191@20.53 

2014-07-23
Cash: 49.78
Held: EDUx191@19.39 ITIx2312@1.74 SSKNx1618@2.52 SILCx134@28.00 BXSx185@21.55 
Value: 19591.59
Sales: SILCx134@28.00 BXSx185@21.55 ITIx2312@1.74 SSKNx1618@2.52 EDUx191@19.39 
Purchases: CNMDx101@38.69 STMx450@8.70 NETEx1830@2.14 FDMLx219@17.83 LSCCx530@7.39 

2014-07-24
Cash: 29.01
Held: CNMDx101@39.34 STMx450@8.57 FDMLx219@17.66 LSCCx530@7.06 NETEx1830@2.18 
Value: 19455.97
Sales: CNMDx101@39.34 STMx450@8.57 NETEx1830@2.18 FDMLx219@17.66 LSCCx530@7.06 
Purchases: IQNTx339@11.45 KEMx767@5.07 CLFDx294@13.23 IINx572@6.80 DHIx180@21.61 

2014-07-27
Cash: 16.09
Held: IINx572@7.00 CLFDx294@13.08 DHIx180@21.48 IQNTx339@11.11 KEMx767@5.05 
Value: 19372.27
Sales: IQNTx339@11.11 CLFDx294@13.08 IINx572@7.00 KEMx767@5.05 DHIx180@21.48 
Purchases: DRWIx101@38.00 AWREx834@4.64 AMZNx12@320.50 MXWLx344@11.26 TPXx70@54.81 

2014-07-28
Cash: 108.43
Held: TPXx70@54.28 DRWIx101@39.25 AMZNx12@320.00 AWREx834@4.46 MXWLx344@10.96 
Value: 19203.35
Sales: DRWIx101@39.25 AWREx834@4.46 AMZNx12@320.00 MXWLx344@10.96 TPXx70@54.28 
Purchases: NCTYx1100@3.49 CWEIx34@112.50 DWSNx301@12.72 AWIx77@49.56 MARKx547@7.02 

2014-07-29
Cash: 54.75
Held: CWEIx34@109.38 AWIx77@49.09 DWSNx301@11.88 NCTYx1100@3.50 MARKx547@7.20 
Value: 18918.42
Sales: CWEIx34@109.38 NCTYx1100@3.50 DWSNx301@11.88 AWIx77@49.09 MARKx547@7.20 
Purchases: CBRx995@3.80 HLFx67@55.84 IPXLx161@23.38 HILx794@4.76 TLRDx73@51.59 

2014-07-30
Cash: 84.59
Held: HLFx67@52.41 IPXLx161@23.39 CBRx995@3.49 HILx794@4.81 TLRDx73@50.31 
Value: 18325.32
Sales: CBRx995@3.49 HLFx67@52.41 IPXLx161@23.39 HILx794@4.81 TLRDx73@50.31 
Purchases: RTx609@6.01 UIHCx252@14.52 YTENx7330@0.50 PWEx474@7.73 GNWx279@13.10 

2014-07-31
Cash: 19.70
Held: RTx609@5.91 YTENx7330@0.43 GNWx279@13.07 UIHCx252@14.93 PWEx474@7.58 
Value: 17771.31
Sales: RTx609@5.91 UIHCx252@14.93 YTENx7330@0.43 PWEx474@7.58 GNWx279@13.07 
Purchases: CLUBx824@4.31 HGGx512@6.93 EDAPx1931@1.84 QUIKx1070@3.32 EHTHx175@20.27 

2014-08-03
Cash: 21.07
Held: QUIKx1070@3.39 CLUBx824@4.14 EHTHx175@21.23 HGGx512@6.83 EDAPx1931@1.61 
Value: 17382.52
Sales: CLUBx824@4.14 HGGx512@6.83 EDAPx1931@1.61 QUIKx1070@3.39 EHTHx175@21.23 
Purchases: CASMx2186@1.59 WEBx175@19.84 ADGEx2575@1.35 XTNTx700@4.96 PXLWx559@6.21 

2014-08-04
Cash: 14.65
Held: WEBx175@19.69 PXLWx559@6.04 XTNTx700@5.10 CASMx2186@1.60 ADGEx2575@1.28 
Value: 17200.34
Sales: CASMx2186@1.60 WEBx175@19.69 ADGEx2575@1.28 XTNTx700@5.10 PXLWx559@6.04 
Purchases: LTBRx1146@3.00 FNCXx1677@2.05 SAJAx655@5.25 NEx129@26.55 ASPSx40@84.06 

2014-08-05
Cash: 97.39
Held: FNCXx1677@2.02 LTBRx1146@2.96 NEx129@26.44 SAJAx655@5.95 ASPSx40@86.69 
Value: 17652.05
Sales: LTBRx1146@2.96 FNCXx1677@2.02 SAJAx655@5.95 NEx129@26.44 ASPSx40@86.69 
Purchases: CRRx33@104.56 AMSCx206@17.09 ROIAx1053@3.35 ROIAKx1063@3.32 AREXx199@17.70 

2014-08-06
Cash: 100.62
Held: ROIAKx1063@3.07 AREXx199@17.50 AMSCx206@18.00 ROIAx1053@2.92 CRRx33@101.88 
Value: 16991.42
Sales: CRRx33@101.88 ROIAx1053@2.92 ROIAKx1063@3.07 AMSCx206@18.00 AREXx199@17.50 
Purchases: LINCx1258@2.70 Sx578@5.88 NCMIx239@14.19 LIOXx678@5.01 APEIx114@29.66 

2014-08-07
Cash: 28.22
Held: LIOXx678@5.14 LINCx1258@2.59 NCMIx239@14.71 Sx578@5.67 APEIx114@29.77 
Value: 16959.13
Sales: LINCx1258@2.59 Sx578@5.67 LIOXx678@5.14 APEIx114@29.77 NCMIx239@14.71 
Purchases: MNTXx282@12.02 EVCx721@4.70 ARCIx1169@2.90 OMEx290@11.69 GSITx612@5.54 

2014-08-10
Cash: 10.54
Held: EVCx721@4.46 MNTXx282@11.95 ARCIx1169@3.04 GSITx612@5.23 OMEx290@12.29 
Value: 16915.20
Sales: MNTXx282@11.95 EVCx721@4.46 ARCIx1169@3.04 OMEx290@12.29 GSITx612@5.23 
Purchases: TEARx972@3.48 FNCXx1094@3.09 KNDx172@19.59 XTNTx769@4.40 CPSTx142@23.80 

2014-08-11
Cash: 20.22
Held: KNDx172@19.41 XTNTx769@4.63 FNCXx1094@2.99 TEARx972@3.36 CPSTx142@23.80 
Value: 16833.51
Sales: TEARx972@3.36 FNCXx1094@2.99 KNDx172@19.41 XTNTx769@4.63 CPSTx142@23.80 
Purchases: WGBSx306@11.00 WACx137@24.55 VBFCx144@23.31 XTLBx1362@2.47 INOx387@8.68 

2014-08-12
Cash: 23.45
Held: VBFCx144@23.55 XTLBx1362@2.40 INOx387@9.58 WGBSx306@11.00 WACx137@25.00 
Value: 17181.26
Sales: WGBSx306@11.00 INOx387@9.58 WACx137@25.00 VBFCx144@23.55 XTLBx1362@2.40 
Purchases: MNKDx460@7.47 BDEx427@8.03 INTXx957@3.59 RGENx169@20.31 TTECx131@26.22 

2014-08-13
Cash: 13.35
Held: MNKDx460@7.05 INTXx957@3.66 RGENx169@19.19 TTECx131@26.61 BDEx427@7.98 
Value: 16895.65
Sales: MNKDx460@7.05 RGENx169@19.19 BDEx427@7.98 INTXx957@3.66 TTECx131@26.61 
Purchases: VLGEAx166@20.23 MSLIx1760@1.92 CREEx75@44.72 MXWLx361@9.36 CTSOx519@6.50 

2014-08-14
Cash: 51.54
Held: CREEx75@44.00 CTSOx519@6.58 MSLIx1760@1.89 VLGEAx166@19.22 MXWLx361@9.30 
Value: 16637.85
Sales: VLGEAx166@19.22 MSLIx1760@1.89 CREEx75@44.00 MXWLx361@9.30 CTSOx519@6.58 
Purchases: PNTRx407@8.17 RMTIx324@10.24 OCLRx1968@1.69 CHCIx386@8.61 CBMGx147@22.62 

2014-08-17
Cash: 17.57
Held: RMTIx324@10.39 CHCIx386@8.40 PNTRx407@7.86 OCLRx1968@1.70 CBMGx147@21.52 
Value: 16333.48
Sales: OCLRx1968@1.70 RMTIx324@10.39 PNTRx407@7.86 CHCIx386@8.40 CBMGx147@21.52 
Purchases: BHx8@385.75 CPHIx12563@0.26 LEUx601@5.43 XINx952@3.43 RTNBx3266@1.00 

2014-08-18
Cash: 186.67
Held: XINx952@3.50 CPHIx12563@0.27 LEUx601@5.04 RTNBx3266@1.00 BHx8@386.50 
Value: 16297.40
Sales: BHx8@386.50 CPHIx12563@0.27 LEUx601@5.04 XINx952@3.50 RTNBx3266@1.00 
Purchases: ROXx3197@1.02 ALNx2763@1.18 ACYx295@11.05 DYNTx744@4.38 MITKx1352@2.41 

2014-08-19
Cash: 3.22
Held: DYNTx744@4.22 ACYx295@11.07 ALNx2763@1.20 MITKx1352@2.28 ROXx3197@1.02 
Value: 16064.90
Sales: ALNx2763@1.20 ROXx3197@1.02 ACYx295@11.07 DYNTx744@4.22 MITKx1352@2.28 
Purchases: INBKx188@17.06 JOEx150@21.30 ECTx483@6.64 FSNNx713@4.50 NVCNx608@5.28 

2014-08-20
Cash: 35.70
Held: JOEx150@21.16 ECTx483@6.61 NVCNx608@5.22 INBKx188@17.19 FSNNx713@4.50 
Value: 16014.21
Sales: INBKx188@17.19 ECTx483@6.61 FSNNx713@4.50 JOEx150@21.16 NVCNx608@5.22 
Purchases: NBYx4107@0.78 WPCSx3171@1.01 XRAx4574@0.70 STVx790@4.05 PLXx1312@2.44 

2014-08-21
Cash: 6.30
Held: WPCSx3171@1.03 XRAx4574@0.70 NBYx4107@0.74 STVx790@4.14 PLXx1312@2.44 
Value: 15987.79
Sales: NBYx4107@0.74 WPCSx3171@1.03 XRAx4574@0.70 STVx790@4.14 PLXx1312@2.44 
Purchases: CYTXx155@20.55 CALIx2036@1.57 CORTx1184@2.70 SSIx192@16.64 SHLDx96@33.09 

2014-08-24
Cash: 37.99
Held: CALIx2036@1.79 CORTx1184@2.81 SHLDx96@33.44 SSIx192@16.62 CYTXx155@20.55 
Value: 16596.96
Sales: CORTx1184@2.81 CALIx2036@1.79 CYTXx155@20.55 SSIx192@16.62 SHLDx96@33.44 
Purchases: CVGIx400@8.30 RGSEx2048@1.62 WGBSx714@4.65 BSPMx249@13.28 OZMx280@11.82 

2014-08-25
Cash: 24.51
Held: RGSEx2048@1.50 CVGIx400@8.13 WGBSx714@4.57 OZMx280@12.26 BSPMx249@13.30 
Value: 16355.95
Sales: WGBSx714@4.57 RGSEx2048@1.50 CVGIx400@8.13 BSPMx249@13.30 OZMx280@12.26 
Purchases: NTWKx1181@2.77 FSIx2019@1.62 HIHOx970@3.37 SPUx2703@1.21 BORNx1460@2.24 

2014-08-26
Cash: 4.78
Held: SPUx2703@1.19 NTWKx1181@3.88 FSIx2019@1.58 HIHOx970@3.39 BORNx1460@2.33 
Value: 17686.80
Sales: NTWKx1181@3.88 FSIx2019@1.58 HIHOx970@3.39 SPUx2703@1.19 BORNx1460@2.33 
Purchases: ABEOx11789@0.30 HUBGx80@44.00 KOSSx1350@2.62 MOVx91@38.78 ALQAx700@5.05 

2014-08-27
Cash: 29.05
Held: ALQAx700@5.15 MOVx91@37.06 HUBGx80@43.16 ABEOx11789@0.32 KOSSx1350@2.35 
Value: 17403.40
Sales: KOSSx1350@2.35 ALQAx700@5.15 HUBGx80@43.16 MOVx91@37.06 ABEOx11789@0.32 
Purchases: ELTKx2290@1.52 COYNx204@17.00 GENEx4902@0.71 AOBCx313@11.12 XKEx491@7.08 

2014-08-28
Cash: 20.41
Held: GENEx4902@0.66 AOBCx313@11.07 XKEx491@7.25 ELTKx2290@1.53 COYNx204@16.50 
Value: 17151.58
Sales: ELTKx2290@1.53 COYNx204@16.50 GENEx4902@0.66 AOBCx313@11.07 XKEx491@7.25 
Purchases: KOSSx1490@2.30 ONPx1960@1.75 COYNx207@16.50 WSMx52@65.75 GMANx969@3.54 

2014-09-01
Cash: 29.56
Held: WSMx52@65.56 ONPx1960@1.75 KOSSx1490@2.26 GMANx969@3.55 COYNx207@15.00 
Value: 16781.57
Sales: KOSSx1490@2.26 ONPx1960@1.75 COYNx207@15.00 WSMx52@65.56 GMANx969@3.55 
Purchases: PEDx1843@1.82 PBBIx479@7.00 SBOTx2314@1.45 FROx1661@2.02 KNDIx191@17.55 

2014-09-02
Cash: 12.09
Held: PBBIx479@6.99 KNDIx191@17.25 FROx1661@1.78 PEDx1843@1.76 SBOTx2314@1.73 
Value: 16858.81
Sales: PEDx1843@1.76 PBBIx479@6.99 SBOTx2314@1.73 FROx1661@1.78 KNDIx191@17.25 
Purchases: CVTIx266@12.64 CLDx237@14.23 VCELx1003@3.36 RIBTx682@4.94 CONNx110@30.42 

2014-09-03
Cash: 38.81
Held: CVTIx266@12.55 CONNx110@29.44 VCELx1003@3.31 CLDx237@14.23 RIBTx682@4.96 
Value: 16689.94
Sales: CLDx237@14.23 VCELx1003@3.31 CONNx110@29.44 CVTIx266@12.55 RIBTx682@4.96 
Purchases: CPHIx14514@0.23 DEPOx240@13.86 YANGx261@12.75 RPRXx194@17.16 PHMDx446@7.47 

2014-09-04
Cash: 38.63
Held: RPRXx194@16.77 CPHIx14514@0.24 PHMDx446@7.49 DEPOx240@13.95 YANGx261@12.45 
Value: 16713.16
Sales: CPHIx14514@0.24 DEPOx240@13.95 YANGx261@12.45 RPRXx194@16.77 PHMDx446@7.49 
Purchases: SCVLx172@19.41 IDNx643@5.19 MINDx316@10.57 ISNSx498@6.71 AVAVx111@30.09 

2014-09-07
Cash: 14.54
Held: SCVLx172@19.31 ISNSx498@6.41 AVAVx111@30.61 MINDx316@10.36 IDNx643@5.02 
Value: 16427.31
Sales: SCVLx172@19.31 AVAVx111@30.61 MINDx316@10.36 ISNSx498@6.41 IDNx643@5.02 
Purchases: ZUMZx111@29.58 BDRx2235@1.47 SHIPx2162@1.52 HGSHx419@7.84 AUMNx4500@0.73 

2014-09-08
Cash: 4.27
Held: SHIPx2162@1.56 ZUMZx111@28.95 AUMNx4500@0.72 HGSHx419@7.37 BDRx2235@1.48 
Value: 16228.16
Sales: SHIPx2162@1.56 BDRx2235@1.48 ZUMZx111@28.95 HGSHx419@7.37 AUMNx4500@0.72 
Purchases: TCCOx696@4.66 UGIx90@36.00 VIIx954@3.40 KERXx221@14.63 AXASx618@5.25 

2014-09-09
Cash: 22.37
Held: AXASx618@5.40 UGIx90@35.69 VIIx954@3.33 KERXx221@14.40 TCCOx696@4.47 
Value: 16039.67
Sales: TCCOx696@4.47 UGIx90@35.69 VIIx954@3.33 KERXx221@14.40 AXASx618@5.40 
Purchases: NHTCx250@12.81 MXLx463@6.92 GIGAx1376@2.33 LEUx1008@3.18 RADAx911@3.52 

2014-09-10
Cash: 14.12
Held: RADAx911@3.65 GIGAx1376@2.29 LEUx1008@3.02 NHTCx250@11.61 MXLx463@6.81 
Value: 15587.78
Sales: NHTCx250@11.61 MXLx463@6.81 GIGAx1376@2.29 LEUx1008@3.02 RADAx911@3.65 
Purchases: UAMYx2687@1.16 MGCDx456@6.83 JVAx516@6.03 MFRIx298@10.45 STRMx771@4.04 

2014-09-11
Cash: 15.54
Held: UAMYx2687@1.18 MFRIx298@10.43 JVAx516@6.09 MGCDx456@6.83 STRMx771@4.09 
Value: 15702.66
Sales: UAMYx2687@1.18 MGCDx456@6.83 JVAx516@6.09 STRMx771@4.09 MFRIx298@10.43 
Purchases: INVEx208@15.03 SYMXx2684@1.17 OREXx608@5.16 MTSLx1869@1.68 MBVXx523@6.00 

2014-09-14
Cash: 21.38
Held: INVEx208@15.02 OREXx608@4.88 SYMXx2684@1.11 MTSLx1869@1.50 MBVXx523@7.00 
Value: 15557.32
Sales: INVEx208@15.02 SYMXx2684@1.11 OREXx608@4.88 MTSLx1869@1.50 MBVXx523@7.00 
Purchases: AMRNx2191@1.42 LDLx109@28.33 AXNx12445@0.25 LUNAx2101@1.48 DRNx221@14.04 

2014-09-15
Cash: 34.16
Held: AMRNx2191@1.35 DRNx221@14.44 LDLx109@28.73 AXNx12445@0.25 LUNAx2101@1.52 
Value: 15617.67
Sales: AMRNx2191@1.35 LDLx109@28.73 AXNx12445@0.25 LUNAx2101@1.52 DRNx221@14.44 
Purchases: NETEx1201@2.60 SPOKx215@14.52 SNMXx352@8.86 SYNx1754@1.78 RADAx1161@2.69 

2014-09-16
Cash: 9.44
Held: RADAx1161@2.86 SNMXx352@8.60 SYNx1754@1.75 SPOKx215@14.33 NETEx1201@2.98 
Value: 16086.52
Sales: NETEx1201@2.98 SPOKx215@14.33 SNMXx352@8.60 SYNx1754@1.75 RADAx1161@2.86 
Purchases: BBSIx66@48.50 OMEXx3697@0.87 ATx1429@2.25 VHCx422@7.62 COOLx369@8.70 

2014-09-17
Cash: 25.89
Held: COOLx369@8.58 VHCx422@5.37 OMEXx3697@0.87 ATx1429@2.45 BBSIx66@48.53 
Value: 15377.64
Sales: BBSIx66@48.53 OMEXx3697@0.87 ATx1429@2.45 VHCx422@5.37 COOLx369@8.58 
Purchases: NVLNx590@5.21 BOSCx761@4.04 ISNSx768@4.00 PEIXx185@16.61 ANTHx1886@1.63 

2014-09-18
Cash: 10.77
Held: ANTHx1886@1.61 NVLNx590@5.20 ISNSx768@3.96 PEIXx185@15.97 BOSCx761@4.14 
Value: 15262.66
Sales: NVLNx590@5.20 BOSCx761@4.14 ANTHx1886@1.61 PEIXx185@15.97 ISNSx768@3.96 
Purchases: MCHXx763@4.00 RADx570@5.35 RPRXx335@9.10 IFONx1251@2.44 CETCx74@41.19 

2014-09-21
Cash: 11.62
Held: RPRXx335@8.86 IFONx1251@2.22 MCHXx763@3.96 RADx570@5.11 CETCx74@37.59 
Value: 14474.08
Sales: MCHXx763@3.96 IFONx1251@2.22 RPRXx335@8.86 RADx570@5.11 CETCx74@37.59 
Purchases: MUXx1391@2.08 NEONx1297@2.23 LEUx2009@1.44 QRHCx1712@1.69 CREGx2540@1.14 

2014-09-22
Cash: 5.23
Held: MUXx1391@2.22 CREGx2540@1.21 QRHCx1712@1.78 NEONx1297@2.16 LEUx2009@1.76 
Value: 15552.45
Sales: LEUx2009@1.76 NEONx1297@2.16 MUXx1391@2.22 QRHCx1712@1.78 CREGx2540@1.21 
Purchases: CRRx46@66.75 YUMAx758@4.10 CBMXx11@265.50 THLDx795@3.91 MTLx3889@0.80 

2014-09-23
Cash: 233.45
Held: THLDx795@3.90 YUMAx758@3.86 CRRx46@66.00 CBMXx11@290.25 MTLx3889@0.77 
Value: 15483.02
Sales: THLDx795@3.90 YUMAx758@3.86 CRRx46@66.00 MTLx3889@0.77 CBMXx11@290.25 
Purchases: VOXXx329@9.41 SBOTx2477@1.25 IFONx1525@2.03 MTLx4021@0.77 ACURx860@3.60 

2014-09-24
Cash: 5.53
Held: IFONx1525@1.96 ACURx860@3.50 SBOTx2477@1.16 VOXXx329@9.15 MTLx4021@0.72 
Value: 14784.00
Sales: ACURx860@3.50 IFONx1525@1.96 SBOTx2477@1.16 MTLx4021@0.72 VOXXx329@9.15 
Purchases: ZNx1907@1.55 GRBKx472@6.26 RWCx599@4.93 TPIVx4413@0.67 SPEXx3650@0.81 

2014-09-25
Cash: 7.02
Held: ZNx1907@1.62 GRBKx472@6.25 RWCx599@5.01 SPEXx3650@0.82 TPIVx4413@0.56 
Value: 14512.50
Sales: ZNx1907@1.62 RWCx599@5.01 GRBKx472@6.25 SPEXx3650@0.82 TPIVx4413@0.56 
Purchases: VIIx1225@2.37 ARCWx171@16.94 LEUx2711@1.07 NMx496@5.85 OGENx2398@1.21 

2014-09-28
Cash: 8.52
Held: NMx496@5.89 LEUx2711@0.83 VIIx1225@2.31 ARCWx171@16.23 OGENx2398@1.22 
Value: 13712.01
Sales: VIIx1225@2.31 ARCWx171@16.23 NMx496@5.89 OGENx2398@1.22 LEUx2711@0.83 
Purchases: AEYx1191@2.30 CBLIx300@9.12 RCGx1931@1.42 POWLx63@43.34 LGLx712@3.85 

2014-09-29
Cash: 23.18
Held: CBLIx300@9.18 AEYx1191@2.32 POWLx63@40.88 RCGx1931@1.50 LGLx712@3.85 
Value: 13753.12
Sales: AEYx1191@2.32 CBLIx300@9.18 RCGx1931@1.50 LGLx712@3.85 POWLx63@40.88 
Purchases: LBJx138@19.81 XTLBx1617@1.70 UBRx65@42.09 ELGXx259@10.60 PGPx135@20.33 

2014-09-30
Cash: 43.59
Held: XTLBx1617@1.65 UBRx65@38.81 PGPx135@21.69 LBJx138@18.08 ELGXx259@10.66 
Value: 13417.64
Sales: ELGXx259@10.66 LBJx138@18.08 UBRx65@38.81 XTLBx1617@1.65 PGPx135@21.69 
Purchases: MSNx2130@1.26 SANWx715@3.75 JRJCx455@5.89 RADAx938@2.86 TAx285@9.39 

2014-10-01
Cash: 14.44
Held: RADAx938@2.83 SANWx715@3.83 JRJCx455@5.94 TAx285@9.21 MSNx2130@1.24 
Value: 13377.71
Sales: MSNx2130@1.24 SANWx715@3.83 JRJCx455@5.94 RADAx938@2.83 TAx285@9.21 
Purchases: ISNSx874@3.06 CPRXx986@2.71 LEUx361@7.40 SPEXx2548@1.05 WPRTx353@7.57 

2014-10-02
Cash: 11.75
Held: CPRXx986@2.79 SPEXx2548@1.19 LEUx361@7.36 ISNSx874@2.81 WPRTx353@7.20 
Value: 13449.46
Sales: ISNSx874@2.81 WPRTx353@7.20 LEUx361@7.36 SPEXx2548@1.19 CPRXx986@2.79 
Purchases: UAMYx2338@1.15 GTLSx56@47.22 GBRx2135@1.26 CREEx79@33.72 MTLx2638@1.02 

2014-10-05
Cash: 72.69
Held: CREEx79@33.53 UAMYx2338@1.06 GTLSx56@47.75 GBRx2135@1.07 MTLx2638@0.96 
Value: 12690.43
Sales: UAMYx2338@1.06 GTLSx56@47.75 GBRx2135@1.07 CREEx79@33.53 MTLx2638@0.96 
Purchases: QBAKx2030@1.25 CLFx307@8.25 DYNTx742@3.42 KOSSx1425@1.78 TXx118@21.39 

2014-10-06
Cash: 21.61
Held: DYNTx742@3.59 CLFx307@7.77 KOSSx1425@1.90 QBAKx2030@1.29 TXx118@22.12 
Value: 13008.11
Sales: QBAKx2030@1.29 CLFx307@7.77 DYNTx742@3.59 KOSSx1425@1.90 TXx118@22.12 
Purchases: BZQx88@29.50 PRTSx1146@2.27 UISx126@20.62 RADAx1012@2.57 XTLBx1209@2.15 

2014-10-07
Cash: 11.50
Held: RADAx1012@2.40 XTLBx1209@1.96 UISx126@20.20 PRTSx1146@2.22 BZQx88@29.38 
Value: 12485.80
Sales: BZQx88@29.38 PRTSx1146@2.22 UISx126@20.20 XTLBx1209@1.96 RADAx1012@2.40 
Purchases: CETCx76@32.50 VIIx1335@1.87 GASLx141@17.69 CONNx88@28.22 WTWx98@25.27 

2014-10-08
Cash: 65.98
Held: CONNx88@26.98 WTWx98@24.62 GASLx141@14.61 VIIx1335@1.66 CETCx76@31.20 
Value: 11501.52
Sales: CETCx76@31.20 VIIx1335@1.66 GASLx141@14.61 CONNx88@26.98 WTWx98@24.62 
Purchases: CYTXx322@7.14 TILEx169@13.59 ARWRx332@6.92 TPIVx3833@0.60 OIIMx999@2.30 

2014-10-09
Cash: 8.18
Held: TILEx169@14.13 TPIVx3833@0.55 OIIMx999@2.06 ARWRx332@6.37 CYTXx322@6.96 
Value: 10919.14
Sales: TILEx169@14.13 CYTXx322@6.96 ARWRx332@6.37 TPIVx3833@0.55 OIIMx999@2.06 
Purchases: INVEx216@10.08 PHXx91@23.80 ARCWx218@10.01 GASLx161@13.52 GPSx60@36.34 

2014-10-12
Cash: 37.15
Held: INVEx216@9.53 GPSx60@36.06 GASLx161@10.93 PHXx91@20.94 ARCWx218@9.18 
Value: 9925.81
Sales: INVEx216@9.53 PHXx91@20.94 ARCWx218@9.18 GASLx161@10.93 GPSx60@36.06 
Purchases: APHx43@45.56 ARCWx216@9.18 GTXIx4727@0.42 SOXLx28@70.44 INSGx781@2.54 

2014-10-13
Cash: 43.58
Held: APHx43@46.44 GTXIx4727@0.45 SOXLx28@74.44 INSGx781@2.56 ARCWx216@8.37 
Value: 10058.66
Sales: APHx43@46.44 ARCWx216@8.37 GTXIx4727@0.45 SOXLx28@74.44 INSGx781@2.56 
Purchases: REXXx248@8.09 CPEx388@5.18 GASLx187@10.70 BZQx70@28.44 MBVXx402@5.00 

2014-10-14
Cash: 39.58
Held: GASLx187@12.18 REXXx248@8.90 CPEx388@5.48 BZQx70@31.38 MBVXx402@4.50 
Value: 10655.67
Sales: MBVXx402@4.50 CPEx388@5.48 GASLx187@12.18 BZQx70@31.38 REXXx248@8.90 
Purchases: CDXSx918@2.32 EXACx104@20.41 IBIOx1533@1.39 AHPIx493@4.32 AEZSx21@97.00 

2014-10-15
Cash: 106.13
Held: AHPIx493@5.80 CDXSx918@2.26 IBIOx1533@1.89 EXACx104@20.16 AEZSx21@108.00 
Value: 12301.46
Sales: CDXSx918@2.26 EXACx104@20.16 IBIOx1533@1.89 AHPIx493@5.80 AEZSx21@108.00 
Purchases: SNNx83@29.39 PEDx2436@1.01 CENTAx349@7.04 NUSx56@43.53 DGSEx2257@1.09 

2014-10-16
Cash: 48.09
Held: SNNx83@30.42 DGSEx2257@1.11 CENTAx349@7.33 PEDx2436@0.99 NUSx56@43.59 
Value: 12490.14
Sales: SNNx83@30.42 PEDx2436@0.99 CENTAx349@7.33 NUSx56@43.59 DGSEx2257@1.11 
Purchases: TZOOx188@13.22 NFLXx6@357.00 FLLx2191@1.14 FLICx106@23.56 NRCIBx80@31.00 

2014-10-19
Cash: 388.42
Held: NRCIBx80@30.94 FLLx2191@1.28 NFLXx6@359.25 FLICx106@24.05 TZOOx188@12.74 
Value: 12768.50
Sales: TZOOx188@12.74 NFLXx6@359.25 FLLx2191@1.28 FLICx106@24.05 NRCIBx80@30.94 
Purchases: RENx699@3.65 REN           x139@18.25 RPRXx409@6.23 PBHCx263@9.68 LAKEx171@14.93 

2014-10-20
Cash: 33.13
Held: RPRXx409@6.02 LAKEx171@14.94 REN           x139@18.80 RENx699@3.76 PBHCx263@9.81 
Value: 12870.96
Sales: RENx699@3.76 REN           x139@18.80 RPRXx409@6.02 LAKEx171@14.94 PBHCx263@9.81 
Purchases: VSRx733@3.51 FORTYx105@24.52 IBIOx1479@1.74 AHPIx610@4.22 DLHCx993@2.59 

2014-10-21
Cash: 5.21
Held: VSRx733@3.27 DLHCx993@2.54 AHPIx610@4.17 FORTYx105@24.52 IBIOx1479@1.77 
Value: 12659.18
Sales: VSRx733@3.27 IBIOx1479@1.77 FORTYx105@24.52 AHPIx610@4.17 DLHCx993@2.54 
Purchases: MNGAx2434@1.04 CVMx3779@0.67 OCNx132@19.05 OMERx215@11.76 CETCx79@32.00 

2014-10-22
Cash: 25.98
Held: MNGAx2434@1.02 CVMx3779@0.69 OMERx215@12.18 OCNx132@19.52 CETCx79@29.00 
Value: 12600.50
Sales: MNGAx2434@1.02 CETCx79@29.00 CVMx3779@0.69 OCNx132@19.52 OMERx215@12.18 
Purchases: SINOx1384@1.82 CTGx285@8.82 LINCx919@2.74 TPIVx7873@0.32 CHCIx399@6.30 

2014-10-23
Cash: 15.21
Held: CTGx285@8.48 TPIVx7873@0.31 LINCx919@2.71 SINOx1384@1.82 CHCIx399@6.08 
Value: 12307.96
Sales: SINOx1384@1.82 CTGx285@8.48 LINCx919@2.71 TPIVx7873@0.31 CHCIx399@6.08 
Purchases: UTEKx139@17.70 KZx416@5.91 VIIx1375@1.79 AIRMx54@45.06 EGTx1375@1.79 

2014-10-26
Cash: 32.62
Held: UTEKx139@17.30 AIRMx54@44.84 VIIx1375@1.75 EGTx1375@1.76 KZx416@5.65 
Value: 12034.12
Sales: KZx416@5.65 UTEKx139@17.30 AIRMx54@44.84 VIIx1375@1.75 EGTx1375@1.76 
Purchases: FBRCx98@24.48 AMRNx2644@0.91 KOSSx1706@1.41 LAKEx190@12.60 AUMNx4080@0.59 

2014-10-27
Cash: 21.62
Held: AMRNx2644@0.92 LAKEx190@12.24 FBRCx98@24.42 AUMNx4080@0.59 KOSSx1706@1.45 
Value: 12053.84
Sales: FBRCx98@24.42 AMRNx2644@0.92 KOSSx1706@1.45 LAKEx190@12.24 AUMNx4080@0.59 
Purchases: FROx1640@1.47 CALIx1734@1.39 SRPTx159@15.12 AXNx7775@0.31 ENGx1825@1.32 

2014-10-28
Cash: 9.93
Held: CALIx1734@1.34 SRPTx159@15.19 ENGx1825@1.32 FROx1640@1.39 AXNx7775@0.30 
Value: 11769.51
Sales: CALIx1734@1.34 SRPTx159@15.19 FROx1640@1.39 AXNx7775@0.30 ENGx1825@1.32 
Purchases: DCOx94@24.88 YANGx156@15.05 GIGAx1444@1.63 AMKRx385@6.11 IBIOx2477@0.95 

2014-10-29
Cash: 24.65
Held: DCOx94@26.23 GIGAx1444@1.64 AMKRx385@5.97 IBIOx2477@1.00 YANGx156@14.93 
Value: 11962.34
Sales: DCOx94@26.23 YANGx156@14.93 GIGAx1444@1.64 AMKRx385@5.97 IBIOx2477@1.00 
Purchases: WNCx252@9.49 MYEx166@14.33 DSSx4351@0.55 MNOVx662@3.61 AFSIx108@22.06 

2014-10-30
Cash: 27.48
Held: DSSx4351@0.56 WNCx252@10.30 MYEx166@14.94 AFSIx108@22.44 MNOVx662@3.57 
Value: 12325.53
Sales: WNCx252@10.30 MYEx166@14.94 DSSx4351@0.56 MNOVx662@3.57 AFSIx108@22.44 
Purchases: BWENx386@6.38 WSTLx1839@1.34 SANDx852@2.89 CRNTx1956@1.26 LRNx198@12.40 

2014-11-02
Cash: 17.49
Held: WSTLx1839@1.42 BWENx386@6.12 SANDx852@2.89 CRNTx1956@1.25 LRNx198@12.25 
Value: 12324.78
Sales: BWENx386@6.12 WSTLx1839@1.42 LRNx198@12.25 SANDx852@2.89 CRNTx1956@1.25 
Purchases: BLINx784@3.14 EPAYx98@25.02 MGIx296@8.32 SOXSx146@16.83 RGSEx3081@0.80 

2014-11-03
Cash: 27.09
Held: RGSEx3081@0.80 MGIx296@8.33 BLINx784@3.10 EPAYx98@24.61 SOXSx146@17.02 
Value: 12282.50
Sales: RGSEx3081@0.80 MGIx296@8.33 SOXSx146@17.02 EPAYx98@24.61 BLINx784@3.10 
Purchases: NYMXx2996@0.82 KBALx194@12.62 APx127@19.22 Ax61@40.19 NEOx529@4.64 

2014-11-04
Cash: 31.47
Held: Ax61@40.12 KBALx194@11.50 NYMXx2996@0.73 NEOx529@4.79 APx127@18.86 
Value: 11825.67
Sales: Ax61@40.12 KBALx194@11.50 APx127@18.86 NYMXx2996@0.73 NEOx529@4.79 
Purchases: AKSx379@6.23 HLFx59@39.78 ACHNx233@10.15 TESOx152@15.48 Sx480@4.92 

2014-11-05
Cash: 37.70
Held: HLFx59@40.00 TESOx152@15.73 AKSx379@6.14 ACHNx233@10.26 Sx480@4.69 
Value: 11757.38
Sales: AKSx379@6.14 HLFx59@40.00 ACHNx233@10.26 TESOx152@15.73 Sx480@4.69 
Purchases: TAITx2260@1.04 SSYSx22@106.31 MOSYx1399@1.68 AMRIx146@16.09 KELYAx151@15.55 

2014-11-06
Cash: 20.87
Held: AMRIx146@16.84 TAITx2260@1.06 KELYAx151@15.52 SSYSx22@103.06 MOSYx1399@1.74 
Value: 11920.69
Sales: TAITx2260@1.06 SSYSx22@103.06 MOSYx1399@1.74 AMRIx146@16.84 KELYAx151@15.52 
Purchases: ABEOx247@9.65 CVOx183@12.96 TBIOx917@2.60 GNWx283@8.41 AEZSx42@56.69 

2014-11-09
Cash: 21.99
Held: CVOx183@11.20 ABEOx247@8.50 GNWx283@8.12 TBIOx917@2.62 AEZSx42@62.28 
Value: 11486.39
Sales: CVOx183@11.20 TBIOx917@2.62 AEZSx42@62.28 GNWx283@8.12 ABEOx247@8.50 
Purchases: MSONx198@11.55 ANFx80@28.69 FNGNx73@31.34 SUMRx1276@1.80 COOLx386@5.94 

2014-11-10
Cash: 27.08
Held: FNGNx73@31.44 COOLx386@6.00 MSONx198@12.26 ANFx80@29.06 SUMRx1276@2.63 
Value: 12747.04
Sales: MSONx198@12.26 ANFx80@29.06 FNGNx73@31.44 SUMRx1276@2.63 COOLx386@6.00 
Purchases: MTZx102@24.81 NAVBx2500@1.02 REN           x188@13.50 RENx944@2.70 INFUx870@2.93 

2014-11-11
Cash: 32.45
Held: INFUx870@2.91 REN           x188@12.50 RENx944@2.50 MTZx102@24.38 NAVBx2500@1.05 
Value: 12385.04
Sales: MTZx102@24.38 INFUx870@2.91 REN           x188@12.50 RENx944@2.50 NAVBx2500@1.05 
Purchases: ASCMAx48@51.31 ARTXx1036@2.39 VIVEx4954@0.50 SUNWx9908@0.25 PRKRx2293@1.08 

2014-11-12
Cash: 14.74
Held: ARTXx1036@2.26 PRKRx2293@1.10 SUNWx9908@0.21 ASCMAx48@51.97 VIVEx4954@0.50 
Value: 11929.05
Sales: ASCMAx48@51.97 ARTXx1036@2.26 VIVEx4954@0.50 SUNWx9908@0.21 PRKRx2293@1.10 
Purchases: PLUGx587@4.06 LTBRx1163@2.05 SANDx924@2.58 GHDXx72@32.78 ASPSx43@55.00 

2014-11-13
Cash: 52.36
Held: GHDXx72@31.45 LTBRx1163@2.00 PLUGx587@3.72 ASPSx43@51.75 SANDx924@2.89 
Value: 11723.22
Sales: LTBRx1163@2.00 PLUGx587@3.72 SANDx924@2.89 GHDXx72@31.45 ASPSx43@51.75 
Purchases: DXYNx348@6.72 VTNRx470@4.99 APDNx607@3.86 AMTXx394@5.95 MBVXx669@3.50 

2014-11-16
Cash: 12.47
Held: APDNx607@3.86 VTNRx470@4.55 AMTXx394@6.00 DXYNx348@6.50 MBVXx669@3.06 
Value: 11167.49
Sales: VTNRx470@4.55 MBVXx669@3.06 APDNx607@3.86 AMTXx394@6.00 DXYNx348@6.50 
Purchases: IFONx1744@1.28 INVTx2566@0.87 BSPMx238@9.38 VRMLx1691@1.32 DFBGx3333@0.67 

2014-11-17
Cash: 3.36
Held: IFONx1744@1.27 INVTx2566@0.89 VRMLx1691@1.37 DFBGx3333@0.69 BSPMx238@9.10 
Value: 11284.13
Sales: DFBGx3333@0.69 IFONx1744@1.27 INVTx2566@0.89 BSPMx238@9.10 VRMLx1691@1.37 
Purchases: HALx46@48.53 INOx228@9.86 EBR.Bx817@2.76 CEAx107@20.94 COOLx522@4.32 

2014-11-18
Cash: 53.51
Held: COOLx522@3.72 INOx228@9.44 HALx46@48.44 EBR.Bx817@2.97 CEAx107@21.58 
Value: 11111.52
Sales: EBR.Bx817@2.97 INOx228@9.44 HALx46@48.44 CEAx107@21.58 COOLx522@3.72 
Purchases: CLBSx513@4.33 CXDCx410@5.41 OMEx194@11.41 DXTRx3528@0.63 TRTx728@3.05 

2014-11-19
Cash: 17.02
Held: TRTx728@3.03 CLBSx513@4.45 DXTRx3528@0.57 OMEx194@10.85 CXDCx410@5.43 
Value: 10846.51
Sales: CLBSx513@4.45 OMEx194@10.85 CXDCx410@5.43 TRTx728@3.03 DXTRx3528@0.57 
Purchases: AMRNx1749@1.24 HDSNx607@3.57 MOSYx1225@1.77 BZQx62@34.97 SYUTx403@5.38 

2014-11-20
Cash: 6.72
Held: AMRNx1749@1.31 HDSNx607@3.57 SYUTx403@5.53 BZQx62@30.11 MOSYx1225@1.81 
Value: 10776.94
Sales: AMRNx1749@1.31 SYUTx403@5.53 MOSYx1225@1.81 BZQx62@30.11 HDSNx607@3.57 
Purchases: DWCHx240@8.97 SHIPx1658@1.30 DFFNx540@3.99 LXRXx2268@0.95 DCIx54@39.50 

2014-11-23
Cash: 26.59
Held: SHIPx1658@1.32 LXRXx2268@0.99 DFFNx540@3.99 DWCHx240@8.99 DCIx54@39.97 
Value: 10932.69
Sales: SHIPx1658@1.32 DCIx54@39.97 DFFNx540@3.99 LXRXx2268@0.99 DWCHx240@8.99 
Purchases: RGSEx2767@0.79 GEOSx77@28.08 YANGx155@14.03 FXPx45@48.16 GMEx57@37.75 

2014-11-24
Cash: 91.01
Held: FXPx45@49.00 RGSEx2767@0.83 GEOSx77@27.97 GMEx57@37.41 YANGx155@14.37 
Value: 11105.50
Sales: RGSEx2767@0.83 GEOSx77@27.97 YANGx155@14.37 FXPx45@49.00 GMEx57@37.41 
Purchases: FNCXx834@2.66 AREXx189@11.72 TAP.Ax25@87.50 SPEXx1682@1.32 GALEx1213@1.83 

2014-11-25
Cash: 43.93
Held: AREXx189@11.41 GALEx1213@1.83 FNCXx834@3.43 SPEXx1682@1.28 TAP.Ax25@81.00 
Value: 11458.38
Sales: GALEx1213@1.83 TAP.Ax25@81.00 SPEXx1682@1.28 AREXx189@11.41 FNCXx834@3.43 
Purchases: ERIIx467@4.90 CLFx250@9.15 FREDx150@15.24 DAKTx188@12.13 PHMDx1302@1.76 

2014-11-27
Cash: 25.19
Held: ERIIx467@4.75 CLFx250@9.12 DAKTx188@11.93 PHMDx1302@1.72 FREDx150@15.50 
Value: 11329.60
Sales: FREDx150@15.50 CLFx250@9.12 PHMDx1302@1.72 DAKTx188@11.93 ERIIx467@4.75 
Purchases: AVAVx81@27.70 APDNx984@2.30 LAKEx196@11.55 TITNx176@12.83 SDRLx154@14.66 

2014-11-30
Cash: 43.68
Held: APDNx984@2.08 LAKEx196@10.71 SDRLx154@13.92 TITNx176@12.27 AVAVx81@26.31 
Value: 10625.22
Sales: AVAVx81@26.31 SDRLx154@13.92 APDNx984@2.08 TITNx176@12.27 LAKEx196@10.71 
Purchases: CWEIx37@57.03 OASx124@17.09 REN           x240@8.85 RENx1200@1.77 GASLx344@6.17 

2014-12-01
Cash: 24.50
Held: CWEIx37@59.06 OASx124@15.75 GASLx344@5.85 REN           x240@9.90 RENx1200@1.98 
Value: 10927.94
Sales: CWEIx37@59.06 RENx1200@1.98 REN           x240@9.90 OASx124@15.75 GASLx344@5.85 
Purchases: IKGHx1308@1.67 CEQPx2@780.00 PRIMx96@22.55 AREXx274@7.97 AMTXx476@4.59 

2014-12-02
Cash: 650.98
Held: AREXx274@8.06 CEQPx2@795.00 PRIMx96@23.31 AMTXx476@4.59 IKGHx1308@1.60 
Value: 10965.16
Sales: IKGHx1308@1.60 CEQPx2@795.00 PRIMx96@23.31 AMTXx476@4.59 AREXx274@8.06 
Purchases: CNETx565@3.88 PRKRx2492@0.88 XKEx407@5.38 GMOx5100@0.43 CBAKx906@2.42 

2014-12-03
Cash: 5.49
Held: CNETx565@3.85 GMOx5100@0.41 PRKRx2492@0.88 XKEx407@6.32 CBAKx906@2.20 
Value: 11028.60
Sales: CNETx565@3.85 PRKRx2492@0.88 CBAKx906@2.20 GMOx5100@0.41 XKEx407@6.32 
Purchases: CWCOx196@11.20 SOXSx168@13.07 TBIOx1353@1.63 SSGx47@46.50 CEIx13782@0.16 

2014-12-04
Cash: 40.65
Held: CWCOx196@10.81 CEIx13782@0.13 SSGx47@46.19 TBIOx1353@1.65 SOXSx168@12.71 
Value: 10490.86
Sales: CWCOx196@10.81 SOXSx168@12.71 SSGx47@46.19 TBIOx1353@1.65 CEIx13782@0.13 
Purchases: PEDx5246@0.40 CBKx455@4.60 SEACx349@6.00 GENEx5246@0.40 PWEx720@2.91 

2014-12-07
Cash: 12.06
Held: GENEx5246@0.39 PEDx5246@0.53 PWEx720@2.61 SEACx349@5.69 CBKx455@4.29 
Value: 10653.26
Sales: PEDx5246@0.53 SEACx349@5.69 GENEx5246@0.39 CBKx455@4.29 PWEx720@2.61 
Purchases: MTLx3435@0.62 SBSAx774@2.75 CEIx17756@0.12 RADAx760@2.80 CBMGx151@14.11 

2014-12-08
Cash: 4.92
Held: RADAx760@2.77 SBSAx774@2.70 CEIx17756@0.14 CBMGx151@12.94 MTLx3435@0.58 
Value: 10631.19
Sales: MTLx3435@0.58 SBSAx774@2.70 CEIx17756@0.14 RADAx760@2.77 CBMGx151@12.94 
Purchases: RENx1586@1.34 RGSEx3867@0.55 OMEXx2191@0.97 AXNx8504@0.25 INFYx66@32.16 

2014-12-09
Cash: 6.05
Held: RGSEx3867@0.53 INFYx66@31.41 RENx1586@1.28 AXNx8504@0.27 OMEXx2191@0.95 
Value: 10536.18
Sales: OMEXx2191@0.95 RGSEx3867@0.53 AXNx8504@0.27 RENx1586@1.28 INFYx66@31.41 
Purchases: ZSLx20@102.00 YINNx68@30.75 CONNx115@18.22 IBNx178@11.83 LCIx50@41.91 

2014-12-10
Cash: 109.30
Held: CONNx115@17.09 IBNx178@11.81 ZSLx20@102.62 YINNx68@31.11 LCIx50@44.03 
Value: 10547.21
Sales: ZSLx20@102.62 YINNx68@31.11 IBNx178@11.81 CONNx115@17.09 LCIx50@44.03 
Purchases: PLGx4138@0.51 EGYx463@4.55 TCIx228@9.22 GASLx587@3.59 ADGEx4056@0.52 

2014-12-11
Cash: 12.47
Held: ADGEx4056@0.50 GASLx587@3.50 TCIx228@9.07 EGYx463@4.49 PLGx4138@0.51 
Value: 10350.49
Sales: PLGx4138@0.51 EGYx463@4.49 TCIx228@9.07 GASLx587@3.50 ADGEx4056@0.50 
Purchases: MEIPx492@4.20 MEIx59@34.66 OPTTx3185@0.65 RMTx211@9.79 VIVEx5912@0.35 

2014-12-14
Cash: 34.55
Held: MEIPx492@4.07 RMTx211@9.66 MEIx59@33.31 VIVEx5912@0.51 OPTTx3185@0.65 
Value: 11123.72
Sales: MEIPx492@4.07 MEIx59@33.31 OPTTx3185@0.65 RMTx211@9.66 VIVEx5912@0.51 
Purchases: MNIx676@3.29 ESLx21@101.88 EMFx151@14.73 TDFx98@22.56 SOFOx298@7.44 

2014-12-15
Cash: 108.56
Held: TDFx98@22.38 MNIx676@3.20 ESLx21@102.62 EMFx151@14.53 SOFOx298@7.69 
Value: 11105.37
Sales: MNIx676@3.20 ESLx21@102.62 EMFx151@14.53 TDFx98@22.38 SOFOx298@7.69 
Purchases: FHx3641@0.61 PEDx4627@0.48 SWZx196@11.29 EXKx1200@1.85 SPHSx4936@0.45 

2014-12-16
Cash: 10.84
Held: PEDx4627@0.55 SPHSx4936@0.50 SWZx196@11.40 FHx3641@0.58 EXKx1200@2.04 
Value: 11815.82
Sales: PEDx4627@0.55 FHx3641@0.58 SWZx196@11.40 EXKx1200@2.04 SPHSx4936@0.50 
Purchases: WLDNx208@11.33 HMGx210@11.22 VIVEx6384@0.37 DSSx4822@0.49 MBVXx1098@2.15 

2014-12-17
Cash: 16.94
Held: HMGx210@11.22 WLDNx208@11.73 DSSx4822@0.48 VIVEx6384@0.37 MBVXx1098@2.20 
Value: 11904.04
Sales: MBVXx1098@2.20 HMGx210@11.22 VIVEx6384@0.37 DSSx4822@0.48 WLDNx208@11.73 
Purchases: RTx356@6.67 NVGNx871@2.73 CGNTx476@5.00 ERYx108@22.03 CEIx18313@0.13 

2014-12-18
Cash: 10.46
Held: ERYx108@19.98 RTx356@6.43 NVGNx871@2.58 CGNTx476@5.05 CEIx18313@0.12 
Value: 11306.63
Sales: RTx356@6.43 NVGNx871@2.58 CGNTx476@5.05 ERYx108@19.98 CEIx18313@0.12 
Purchases: TECSx202@11.17 NVGNx876@2.58 SDOWx109@20.70 CHNx125@17.95 WORx75@30.06 

2014-12-21
Cash: 34.30
Held: CHNx125@18.03 NVGNx876@2.45 TECSx202@10.76 SDOWx109@20.06 WORx75@29.77 
Value: 11026.03
Sales: WORx75@29.77 NVGNx876@2.45 SDOWx109@20.06 CHNx125@18.03 TECSx202@10.76 
Purchases: GPLx3674@0.60 TRXx4010@0.55 GWXx80@27.41 IMGNx372@5.92 FINLx97@22.62 

2014-12-22
Cash: 26.49
Held: FINLx97@22.62 TRXx4010@0.60 GWXx80@27.30 GPLx3674@0.57 IMGNx372@5.77 
Value: 11051.06
Sales: GPLx3674@0.57 TRXx4010@0.60 FINLx97@22.62 IMGNx372@5.77 GWXx80@27.30 
Purchases: SGOCx3508@0.63 OCNx147@15.02 CGNTx532@4.15 MAGx339@6.52 ASPSx75@29.44 

2014-12-23
Cash: 8.08
Held: MAGx339@6.83 SGOCx3508@0.61 CGNTx532@3.80 ASPSx75@33.81 OCNx147@14.88 
Value: 11207.94
Sales: SGOCx3508@0.61 OCNx147@14.88 CGNTx532@3.80 MAGx339@6.83 ASPSx75@33.81 
Purchases: GALTx702@3.19 CEQPx3@703.00 GEOSx84@26.42 SBSAx1067@2.10 SKLNx439@5.10 

2014-12-25
Cash: 160.64
Held: GALTx702@3.33 CEQPx3@701.00 SKLNx439@4.51 GEOSx84@26.73 SBSAx1067@2.49 
Value: 11484.77
Sales: GALTx702@3.33 GEOSx84@26.73 CEQPx3@701.00 SKLNx439@4.51 SBSAx1067@2.49 
Purchases: IGLDx351@6.53 CHNRx1208@1.90 CAMPx130@17.56 GLBSx1020@2.25 CUBAx239@9.60 

2014-12-28
Cash: 23.73
Held: CAMPx130@18.11 GLBSx1020@2.32 IGLDx351@6.60 CHNRx1208@1.93 CUBAx239@9.31 
Value: 11618.57
Sales: IGLDx351@6.60 CHNRx1208@1.93 CAMPx130@18.11 GLBSx1020@2.32 CUBAx239@9.31 
Purchases: SZKx126@18.44 NAVBx1358@1.71 TWNx143@16.19 IHTx984@2.36 CUBAx249@9.31 

2014-12-29
Cash: 18.06
Held: IHTx984@2.34 TWNx143@16.16 SZKx126@18.72 NAVBx1358@1.83 CUBAx249@9.09 
Value: 11738.97
Sales: SZKx126@18.72 NAVBx1358@1.83 TWNx143@16.16 IHTx984@2.34 CUBAx249@9.09 
Purchases: DRAMx405@5.79 GFx167@14.03 NVGNx1086@2.16 MTLx3504@0.67 TPLMx472@4.97 

2014-12-30
Cash: 12.59
Held: GFx167@14.04 NVGNx1086@2.08 DRAMx405@5.10 MTLx3504@0.68 TPLMx472@4.78 
Value: 11322.30
Sales: DRAMx405@5.10 GFx167@14.04 NVGNx1086@2.08 MTLx3504@0.68 TPLMx472@4.78 
Purchases: LTBRx1461@1.55 JOBx1871@1.21 HAINx38@58.28 TPIVx8086@0.28 DRYSx1@1590.00 

2015-01-01
Cash: 725.19
Held: JOBx1871@1.66 LTBRx1461@1.57 TPIVx8086@0.28 DRYSx1@1695.00 HAINx38@56.94 
Value: 12248.51
Sales: LTBRx1461@1.57 JOBx1871@1.66 HAINx38@56.94 TPIVx8086@0.28 DRYSx1@1695.00 
Purchases: KEGx1475@1.66 PCYOx620@3.95 ULBIx816@3.00 XTLBx1262@1.94 RCMTx355@6.89 

2015-01-04
Cash: 8.27
Held: XTLBx1262@2.13 ULBIx816@3.02 RCMTx355@6.83 KEGx1475@1.61 PCYOx620@3.84 
Value: 12341.31
Sales: KEGx1475@1.61 PCYOx620@3.84 ULBIx816@3.02 RCMTx355@6.83 XTLBx1262@2.13 
Purchases: PRTKx72@33.81 GNTXx140@17.52 IHTx1106@2.23 CJJDx1002@2.46 WTWx116@21.27 

2015-01-05
Cash: 55.05
Held: IHTx1106@2.08 WTWx116@19.73 CJJDx1002@2.34 GNTXx140@17.16 PRTKx72@32.75 
Value: 11749.21
Sales: CJJDx1002@2.34 GNTXx140@17.16 PRTKx72@32.75 IHTx1106@2.08 WTWx116@19.73 
Purchases: UUUUx442@5.31 USATPx143@16.38 BCLIx469@5.00 GASLx736@3.19 PTNRx569@4.13 

2015-01-06
Cash: 19.40
Held: PTNRx569@4.08 GASLx736@2.99 UUUUx442@5.39 BCLIx469@5.03 USATPx143@16.48 
Value: 11640.24
Sales: PTNRx569@4.08 UUUUx442@5.39 BCLIx469@5.03 GASLx736@2.99 USATPx143@16.48 
Purchases: QADBx137@16.98 CHNRx1030@2.26 CTSOx240@9.67 UAMYx3374@0.69 OIBR.Cx931@2.50 

2015-01-07
Cash: 9.21
Held: UAMYx3374@0.68 CTSOx240@9.46 QADBx137@16.73 OIBR.Cx931@2.64 CHNRx1030@2.22 
Value: 11613.10
Sales: UAMYx3374@0.68 QADBx137@16.73 OIBR.Cx931@2.64 CHNRx1030@2.22 CTSOx240@9.46 
Purchases: MNGAx4942@0.47 REN           x551@4.21 CGNTx787@2.95 NOAx847@2.74 RENx2765@0.84 

2015-01-08
Cash: 6.10
Held: NOAx847@2.89 MNGAx4942@0.44 CGNTx787@3.00 REN           x551@4.20 RENx2765@0.84 
Value: 11625.59
Sales: MNGAx4942@0.44 REN           x551@4.20 CGNTx787@3.00 NOAx847@2.89 RENx2765@0.84 
Purchases: BWENx466@4.98 SOXSx174@13.32 APOLx86@26.94 JOBx2075@1.12 KATEx82@28.16 

2015-01-11
Cash: 37.27
Held: JOBx2075@1.11 KATEx82@28.17 APOLx86@26.05 BWENx466@4.75 SOXSx174@14.13 
Value: 11563.99
Sales: BWENx466@4.75 SOXSx174@14.13 JOBx2075@1.11 KATEx82@28.17 APOLx86@26.05 
Purchases: SBLKx462@5.00 JOBx2082@1.11 TESOx236@9.80 VNDAx190@12.13 AMAGx54@42.31 

2015-01-12
Cash: 40.06
Held: JOBx2082@1.03 TESOx236@9.85 SBLKx462@4.81 AMAGx54@42.06 VNDAx190@12.09 
Value: 11300.82
Sales: SBLKx462@4.81 JOBx2082@1.03 TESOx236@9.85 AMAGx54@42.06 VNDAx190@12.09 
Purchases: ARWRx357@6.32 SRPTx194@11.61 OASx172@13.10 TIFx26@86.31 REXXx827@2.73 

2015-01-13
Cash: 36.56
Held: OASx172@13.42 SRPTx194@12.23 TIFx26@86.75 REXXx827@2.65 ARWRx357@6.71 
Value: 11560.25
Sales: TIFx26@86.75 SRPTx194@12.23 OASx172@13.42 ARWRx357@6.71 REXXx827@2.65 
Purchases: MBVXx1541@1.50 ECOM          x236@9.79 RNVAx2752@0.84 KBHx170@13.54 OCNx330@7.00 

2015-01-14
Cash: 15.64
Held: ECOM          x236@9.50 KBHx170@12.39 RNVAx2752@0.85 OCNx330@7.81 MBVXx1541@1.35 
Value: 11360.10
Sales: MBVXx1541@1.35 ECOM          x236@9.50 OCNx330@7.81 KBHx170@12.39 RNVAx2752@0.85 
Purchases: SIEBx1087@2.09 DWCHx402@5.65 NTZx1646@1.38 JOBx2642@0.86 ERIIx605@3.75 

2015-01-15
Cash: 5.97
Held: ERIIx605@3.74 JOBx2642@0.87 SIEBx1087@2.14 DWCHx402@5.74 NTZx1646@1.43 
Value: 11554.58
Sales: SIEBx1087@2.14 JOBx2642@0.87 NTZx1646@1.43 DWCHx402@5.74 ERIIx605@3.74 
Purchases: SRNEx256@9.02 SPWRx94@24.52 FROx689@3.35 VBFCx112@20.56 MFCBx438@5.27 

2015-01-19
Cash: 21.17
Held: VBFCx112@20.56 SPWRx94@23.80 MFCBx438@5.17 FROx689@3.54 SRNEx256@10.11 
Value: 11852.78
Sales: SRNEx256@10.11 SPWRx94@23.80 FROx689@3.54 VBFCx112@20.56 MFCBx438@5.17 
Purchases: ERYx100@23.70 SZKx123@19.23 TESSx99@23.91 TTFx258@9.19 KONEx711@3.33 

2015-01-20
Cash: 11.86
Held: TTFx258@9.16 ERYx100@22.30 KONEx711@3.16 SZKx123@25.27 TESSx99@23.09 
Value: 12244.68
Sales: SZKx123@25.27 KONEx711@3.16 TESSx99@23.09 TTFx258@9.16 ERYx100@22.30 
Purchases: EXPRx195@12.50 KIQx626@3.91 LLITx893@2.74 BAKx241@10.15 INWKx477@5.13 

2015-01-21
Cash: 20.13
Held: EXPRx195@12.52 BAKx241@10.19 LLITx893@2.71 INWKx477@5.40 KIQx626@4.06 
Value: 12453.99
Sales: EXPRx195@12.52 KIQx626@4.06 LLITx893@2.71 BAKx241@10.19 INWKx477@5.40 
Purchases: ADXSx335@7.43 ARNAx534@4.66 SNOAx3114@0.80 ISDRx267@9.30 OHRPx313@7.95 

2015-01-22
Cash: 15.56
Held: ISDRx267@9.35 ADXSx335@7.73 OHRPx313@7.83 SNOAx3114@0.83 ARNAx534@4.55 
Value: 12567.32
Sales: ADXSx335@7.73 ISDRx267@9.35 OHRPx313@7.83 ARNAx534@4.55 SNOAx3114@0.83 
Purchases: GRNx297@8.45 SZKx134@18.70 GENEx2010@1.25 TZOOx274@9.17 MBVXx2205@1.14 

2015-01-25
Cash: 12.00
Held: GRNx297@8.48 GENEx2010@1.36 SZKx134@26.42 TZOOx274@9.04 MBVXx2205@1.17 
Value: 13860.76
Sales: GRNx297@8.48 SZKx134@26.42 GENEx2010@1.36 TZOOx274@9.04 MBVXx2205@1.17 
Purchases: UAMYx5775@0.48 SBSx555@4.99 CLFx384@7.22 SRVx657@4.22 FFHLx4864@0.57 

2015-01-26
Cash: 5.03
Held: SRVx657@4.13 UAMYx5775@0.50 SBSx555@5.33 CLFx384@6.80 FFHLx4864@0.56 
Value: 13897.96
Sales: UAMYx5775@0.50 SBSx555@5.33 CLFx384@6.80 SRVx657@4.13 FFHLx4864@0.56 
Purchases: SIEBx1579@1.76 ETPx46@60.38 SRVx673@4.13 HGSHx812@3.42 OIBR.Cx1111@2.50 

2015-01-27
Cash: 8.81
Held: ETPx46@59.12 SRVx673@4.13 OIBR.Cx1111@2.29 SIEBx1579@1.78 HGSHx812@3.34 
Value: 13573.47
Sales: SIEBx1579@1.78 ETPx46@59.12 SRVx673@4.13 HGSHx812@3.34 OIBR.Cx1111@2.29 
Purchases: ELONx192@14.10 TECLx21@125.00 STAAx475@5.71 INVTx4309@0.63 STRLx699@3.88 

2015-01-28
Cash: 101.38
Held: INVTx4309@0.62 STRLx699@3.74 ELONx192@14.40 STAAx475@5.86 TECLx21@128.50 
Value: 13634.10
Sales: ELONx192@14.40 TECLx21@128.50 INVTx4309@0.62 STAAx475@5.86 STRLx699@3.74 
Purchases: TPLMx536@5.08 PDSx572@4.76 MTORx208@13.11 GASLx1005@2.71 RDWRx139@19.59 

2015-01-29
Cash: 13.74
Held: PDSx572@5.10 MTORx208@12.80 GASLx1005@2.81 RDWRx139@19.23 TPLMx536@5.25 
Value: 13905.77
Sales: TPLMx536@5.25 MTORx208@12.80 PDSx572@5.10 GASLx1005@2.81 RDWRx139@19.23 
Purchases: UAMYx5562@0.50 QCOMx44@62.47 BIOPx5562@0.50 FROx1203@2.31 MBVXx2674@1.04 

2015-02-01
Cash: 34.49
Held: UAMYx5562@0.50 FROx1203@2.61 QCOMx44@65.50 MBVXx2674@1.03 BIOPx5562@0.43 
Value: 13982.80
Sales: UAMYx5562@0.50 QCOMx44@65.50 BIOPx5562@0.43 FROx1203@2.61 MBVXx2674@1.03 
Purchases: STRTx44@62.75 HAx146@19.09 GDOTx186@14.96 CPSIx58@48.03 GENEx1079@2.59 

2015-02-02
Cash: 71.12
Held: HAx146@18.72 GENEx1079@3.09 STRTx44@62.72 CPSIx58@49.81 GDOTx186@13.94 
Value: 14379.13
Sales: STRTx44@62.72 HAx146@18.72 GDOTx186@13.94 CPSIx58@49.81 GENEx1079@3.09 
Purchases: LUNAx1904@1.51 PSTIx1012@2.84 FUEx348@8.25 SMBCx150@19.09 PRPHx1929@1.49 

2015-02-03
Cash: 20.89
Held: PRPHx1929@1.59 PSTIx1012@2.86 SMBCx150@18.41 FUEx348@8.25 LUNAx1904@1.51 
Value: 14487.91
Sales: LUNAx1904@1.51 PSTIx1012@2.86 FUEx348@8.25 SMBCx150@18.41 PRPHx1929@1.59 
Purchases: PHMDx1869@1.55 OPHCx2897@1.00 WCSTx1317@2.20 DDPx66@43.62 RCIIx95@30.22 

2015-02-04
Cash: 47.93
Held: RCIIx95@29.31 PHMDx1869@1.62 WCSTx1317@2.29 DDPx66@43.62 OPHCx2897@1.07 
Value: 14855.25
Sales: OPHCx2897@1.07 PHMDx1869@1.62 DDPx66@43.62 WCSTx1317@2.29 RCIIx95@29.31 
Purchases: MYGNx86@34.25 CBLIx943@3.15 AIRTx165@17.94 ACHNx268@11.08 DXRx494@6.01 

2015-02-05
Cash: 40.52
Held: CBLIx943@3.16 AIRTx165@17.38 MYGNx86@32.62 DXRx494@5.95 ACHNx268@10.82 
Value: 14531.93
Sales: ACHNx268@10.82 CBLIx943@3.16 AIRTx165@17.38 MYGNx86@32.62 DXRx494@5.95 
Purchases: FARMx117@24.67 CASMx2153@1.35 OSURx358@8.12 IMMUx728@3.99 OHGIx1384@2.10 

2015-02-08
Cash: 22.91
Held: FARMx117@23.44 OSURx358@7.70 OHGIx1384@1.91 CASMx2153@1.29 IMMUx728@3.88 
Value: 13767.79
Sales: FARMx117@23.44 CASMx2153@1.29 OSURx358@7.70 IMMUx728@3.88 OHGIx1384@1.91 
Purchases: NTGRx91@30.19 EGOVx178@15.41 ARCWx426@6.46 MXWLx420@6.55 SWIRx85@32.28 

2015-02-09
Cash: 30.82
Held: SWIRx85@34.12 NTGRx91@30.64 EGOVx178@15.73 ARCWx426@6.39 MXWLx420@6.61 
Value: 14017.42
Sales: NTGRx91@30.64 EGOVx178@15.73 ARCWx426@6.39 MXWLx420@6.61 SWIRx85@34.12 
Purchases: EPMx436@6.43 FNCXx1444@1.94 CENXx122@22.84 FSCx403@6.95 CUTRx230@12.18 

2015-02-10
Cash: 23.29
Held: FNCXx1444@1.90 FSCx403@6.86 CUTRx230@12.34 EPMx436@6.42 CENXx122@22.23 
Value: 13883.38
Sales: EPMx436@6.42 FNCXx1444@1.90 CENXx122@22.23 FSCx403@6.86 CUTRx230@12.34 
Purchases: DFx176@15.75 SOXSx217@12.76 RCONx1341@2.07 OASx174@15.93 OAx45@61.50 

2015-02-11
Cash: 27.38
Held: RCONx1341@1.96 OASx174@16.88 OAx45@62.34 DFx176@16.30 SOXSx217@12.18 
Value: 13908.65
Sales: DFx176@16.30 SOXSx217@12.18 RCONx1341@1.96 OASx174@16.88 OAx45@62.34 
Purchases: YUMAx2299@1.21 PIRx225@12.35 AWREx632@4.40 FFHLx4635@0.60 APDNx818@3.40 

2015-02-12
Cash: 5.06
Held: APDNx818@3.45 PIRx225@12.52 FFHLx4635@0.58 AWREx632@4.50 YUMAx2299@1.88 
Value: 15498.81
Sales: YUMAx2299@1.88 PIRx225@12.52 AWREx632@4.50 FFHLx4635@0.58 APDNx818@3.45 
Purchases: PNRAx19@155.00 IMUCx5739@0.54 WPCSx13478@0.23 ARCIx1225@2.53 OESXx747@4.15 

2015-02-16
Cash: 157.58
Held: WPCSx13478@0.26 IMUCx5739@0.57 ARCIx1225@2.87 OESXx747@4.22 PNRAx19@153.62 
Value: 16517.19
Sales: PNRAx19@153.62 IMUCx5739@0.57 WPCSx13478@0.26 ARCIx1225@2.87 OESXx747@4.22 
Purchases: SZKx183@18.00 MGIx385@8.56 ERYx187@17.59 CECOx644@5.13 AIZx54@60.88 

2015-02-17
Cash: 46.33
Held: CECOx644@5.12 ERYx187@18.19 AIZx54@60.56 SZKx183@18.03 MGIx385@8.56 
Value: 16612.03
Sales: SZKx183@18.03 MGIx385@8.56 ERYx187@18.19 CECOx644@5.12 AIZx54@60.56 
Purchases: SCONx1545@2.15 RNVAx2915@1.14 CADCx820@4.05 DEEx61@53.62 DFBGx17491@0.19 

2015-02-18
Cash: 52.57
Held: RNVAx2915@1.89 CADCx820@4.34 DEEx61@55.81 DFBGx17491@0.20 SCONx1545@2.14 
Value: 19328.74
Sales: SCONx1545@2.14 DFBGx17491@0.20 CADCx820@4.34 DEEx61@55.81 RNVAx2915@1.89 
Purchases: MCFx144@26.67 RCONx2314@1.67 SONSx241@15.98 IBIOx5020@0.77 XCOx1725@2.24 

2015-02-19
Cash: 43.54
Held: RCONx2314@1.68 IBIOx5020@0.93 XCOx1725@2.18 MCFx144@25.38 SONSx241@16.75 
Value: 20050.53
Sales: MCFx144@25.38 RCONx2314@1.68 SONSx241@16.75 IBIOx5020@0.93 XCOx1725@2.18 
Purchases: MNGAx4830@0.83 AXDXx222@18.05 HSTx184@21.77 HSTMx151@26.45 CDEx686@5.84 

2015-02-22
Cash: 29.42
Held: AXDXx222@18.00 MNGAx4830@0.83 HSTx184@21.61 HSTMx151@26.66 CDEx686@5.78 
Value: 20001.85
Sales: MNGAx4830@0.83 AXDXx222@18.00 HSTMx151@26.66 HSTx184@21.61 CDEx686@5.78 
Purchases: SRTx509@7.85 GEN           x577@6.93 GENx577@6.93 OESXx1114@3.59 RNVAx3419@1.17 

2015-02-23
Cash: 9.50
Held: SRTx509@7.87 GEN           x577@6.90 RNVAx3419@1.19 GENx577@6.90 OESXx1114@3.68 
Value: 20145.93
Sales: OESXx1114@3.68 GEN           x577@6.90 GENx577@6.90 SRTx509@7.87 RNVAx3419@1.19 
Purchases: SEEDx3274@1.23 MSONx366@11.01 SPPIx647@6.22 HOTRx2076@1.94 CRAYx126@31.80 

2015-02-24
Cash: 30.25
Held: SPPIx647@6.35 MSONx366@11.27 HOTRx2076@2.00 CRAYx126@31.12 SEEDx3274@1.25 
Value: 20432.04
Sales: SEEDx3274@1.25 MSONx366@11.27 SPPIx647@6.35 HOTRx2076@2.00 CRAYx126@31.12 
Purchases: DOx135@30.20 RGSEx8695@0.47 AIRx139@29.20 GLDDx655@6.23 WORx154@26.52 

2015-02-25
Cash: 44.62
Held: RGSEx8695@0.45 DOx135@29.05 AIRx139@28.56 WORx154@26.56 GLDDx655@6.12 
Value: 19948.40
Sales: RGSEx8695@0.45 AIRx139@28.56 GLDDx655@6.12 WORx154@26.56 DOx135@29.05 
Purchases: LLx81@49.22 CHKx231@17.20 AXNx3270@1.22 HPQx117@34.00 XKEx647@6.16 

2015-02-26
Cash: 35.64
Held: CHKx231@16.69 HPQx117@34.84 XKEx647@6.01 AXNx3270@1.10 LLx81@51.88 
Value: 19654.35
Sales: HPQx117@34.84 CHKx231@16.69 AXNx3270@1.10 LLx81@51.88 XKEx647@6.01 
Purchases: CWEIx80@49.06 BLDPx1717@2.29 SITOx11908@0.33 ANIKx98@39.91 RNVAx2912@1.35 

2015-03-01
Cash: 27.58
Held: CWEIx80@46.66 RNVAx2912@1.40 ANIKx98@40.59 SITOx11908@0.33 BLDPx1717@2.37 
Value: 19814.59
Sales: CWEIx80@46.66 BLDPx1717@2.37 SITOx11908@0.33 ANIKx98@40.59 RNVAx2912@1.40 
Purchases: SZKx223@17.70 ENOCx309@12.82 STAAx581@6.82 GENEx691@5.73 WTWx367@10.78 

2015-03-02
Cash: 26.24
Held: GENEx691@5.36 WTWx367@10.59 ENOCx309@11.86 SZKx223@24.81 STAAx581@7.76 
Value: 21324.77
Sales: ENOCx309@11.86 SZKx223@24.81 GENEx691@5.36 STAAx581@7.76 WTWx367@10.59 
Purchases: SBLKx1022@4.17 SMRTx350@12.16 GIFIx299@14.22 SUNWx748@5.70 CEIx20313@0.21 

2015-03-03
Cash: 27.07
Held: GIFIx299@14.43 SMRTx350@12.27 SUNWx748@3.10 SBLKx1022@4.11 CEIx20313@0.23 
Value: 19827.13
Sales: SBLKx1022@4.11 SMRTx350@12.27 GIFIx299@14.43 SUNWx748@3.10 CEIx20313@0.23 
Purchases: NYMXx6394@0.62 RCONx2609@1.52 HMNYx1149@3.45 URREx2525@1.57 CMLSx158@25.05 

2015-03-04
Cash: 12.05
Held: RCONx2609@1.55 NYMXx6394@0.61 HMNYx1149@3.04 URREx2525@1.61 CMLSx158@24.23 
Value: 19342.00
Sales: NYMXx6394@0.61 RCONx2609@1.55 URREx2525@1.61 HMNYx1149@3.04 CMLSx158@24.23 
Purchases: CENXx234@16.48 HBIx120@32.12 SUNWx1297@2.98 CYCCx304@12.72 CDIx268@14.41 

2015-03-05
Cash: 36.62
Held: SUNWx1297@3.00 HBIx120@32.00 CENXx234@16.08 CDIx268@13.95 CYCCx304@12.60 
Value: 19100.21
Sales: CENXx234@16.08 HBIx120@32.00 SUNWx1297@3.00 CYCCx304@12.60 CDIx268@13.95 
Purchases: YTENx4493@0.85 DRWIx191@20.00 CECEx302@12.65 GEFx103@36.88 RWCx702@5.44 

2015-03-08
Cash: 22.90
Held: CECEx302@12.10 RWCx702@5.56 YTENx4493@0.82 DRWIx191@19.23 GEFx103@36.56 
Value: 18702.88
Sales: YTENx4493@0.82 RWCx702@5.56 CECEx302@12.10 DRWIx191@19.23 GEFx103@36.56 
Purchases: HURCx129@28.91 BORNx3197@1.17 GENEx818@4.57 MTLx2749@1.36 AEZSx71@52.00 

2015-03-09
Cash: 63.61
Held: GENEx818@4.45 HURCx129@29.06 MTLx2749@1.36 BORNx3197@1.13 AEZSx71@51.31 
Value: 18447.17
Sales: HURCx129@29.06 BORNx3197@1.13 GENEx818@4.45 MTLx2749@1.36 AEZSx71@51.31 
Purchases: ATVx746@4.94 PPHMx2634@1.40 EDAPx1045@3.53 VNRx255@14.45 LODEx5949@0.62 

