2015-04-16
Cash: 10000.00
Held: 
Value: 10000.00
Sales: 
Purchases: CNETx515@3.88 OCNx259@7.70 NLSTx3509@0.57 GLFx126@15.85 AGXx61@32.34 

2015-04-19
Cash: 37.48
Held: AGXx61@32.28 CNETx515@3.78 NLSTx3509@0.59 GLFx126@16.36 OCNx259@7.63 
Value: 10059.90
Sales: CNETx515@3.78 NLSTx3509@0.59 OCNx259@7.63 GLFx126@16.36 AGXx61@32.28 
Purchases: RNVAx2011@1.00 ATHXx1490@1.35 GNMKx185@10.85 DSSx7451@0.27 AMDx807@2.49 

2015-04-20
Cash: 8.91
Held: GNMKx185@10.73 DSSx7451@0.29 RNVAx2011@0.95 AMDx807@2.35 ATHXx1490@1.33 
Value: 9943.20
Sales: AMDx807@2.35 GNMKx185@10.73 ATHXx1490@1.33 DSSx7451@0.29 RNVAx2011@0.95 
Purchases: PEDx3260@0.61 UNXLx345@5.75 FAROx43@45.56 BCLIx454@4.38 ZIOPx183@10.85 

2015-04-21
Cash: 38.25
Held: FAROx43@44.62 PEDx3260@0.62 ZIOPx183@10.88 BCLIx454@4.29 UNXLx345@5.76 
Value: 9905.29
Sales: PEDx3260@0.62 UNXLx345@5.76 FAROx43@44.62 BCLIx454@4.29 ZIOPx183@10.88 
Purchases: NYMXx1500@1.32 NBYx3000@0.66 NVGNx267@7.40 SKLNx322@6.15 GLFx143@13.77 

2015-04-22
Cash: 19.57
Held: NBYx3000@0.63 SKLNx322@6.15 NVGNx267@6.55 NYMXx1500@1.44 GLFx143@13.63 
Value: 9748.21
Sales: NYMXx1500@1.44 NBYx3000@0.63 NVGNx267@6.55 SKLNx322@6.15 GLFx143@13.63 
Purchases: BIOPx3546@0.55 EMMSx306@6.36 VIRCx701@2.78 PWx315@6.18 HMNYx696@2.80 

2015-04-23
Cash: 8.40
Held: VIRCx701@2.78 HMNYx696@2.89 PWx315@6.25 EMMSx306@6.00 BIOPx3546@0.56 
Value: 9759.28
Sales: BIOPx3546@0.56 EMMSx306@6.00 HMNYx696@2.89 VIRCx701@2.78 PWx315@6.25 
Purchases: SGCx102@19.02 SNAKx224@8.71 CIDMx2054@0.95 NVGNx298@6.54 ERICx171@11.41 

2015-04-26
Cash: 17.63
Held: ERICx171@11.40 SNAKx224@9.17 CIDMx2054@0.88 NVGNx298@6.33 SGCx102@18.30 
Value: 9580.60
Sales: SGCx102@18.30 SNAKx224@9.17 ERICx171@11.40 NVGNx298@6.33 CIDMx2054@0.88 
Purchases: MBOTx3193@0.60 SPNCx73@26.19 TRNx68@28.12 DRRXx925@2.07 CPRXx572@3.35 

2015-04-27
Cash: 9.29
Held: MBOTx3193@0.62 CPRXx572@3.55 DRRXx925@2.01 TRNx68@28.20 SPNCx73@26.11 
Value: 9703.20
Sales: MBOTx3193@0.62 SPNCx73@26.11 TRNx68@28.20 DRRXx925@2.01 CPRXx572@3.55 
Purchases: AIRTx97@19.98 IGCx3881@0.50 CLDXx81@23.92 IMGNx223@8.68 CBMGx79@24.56 

2015-04-28
Cash: 10.54
Held: AIRTx97@20.45 CLDXx81@24.55 IGCx3881@0.50 IMGNx223@8.64 CBMGx79@26.41 
Value: 9936.24
Sales: IGCx3881@0.50 CBMGx79@26.41 AIRTx97@20.45 CLDXx81@24.55 IMGNx223@8.64 
Purchases: UNXLx566@3.51 IDXXx15@130.62 GLBSx1234@1.61 SYMXx1361@1.46 PRTSx1226@1.62 

2015-04-29
Cash: 29.89
Held: IDXXx15@125.38 PRTSx1226@1.60 SYMXx1361@1.49 GLBSx1234@1.61 UNXLx566@3.50 
Value: 9868.02
Sales: PRTSx1226@1.60 IDXXx15@125.38 GLBSx1234@1.61 SYMXx1361@1.49 UNXLx566@3.50 
Purchases: SMSIx1591@1.24 UAMYx1794@1.10 SSYSx52@37.44 BWLDx12@159.25 DHXx259@7.60 

2015-04-30
Cash: 95.55
Held: UAMYx1794@1.16 DHXx259@7.66 SMSIx1591@1.23 BWLDx12@157.38 SSYSx52@36.72 
Value: 9916.41
Sales: UAMYx1794@1.16 SMSIx1591@1.23 SSYSx52@36.72 BWLDx12@157.38 DHXx259@7.66 
Purchases: STMx249@7.94 REISx88@22.30 AEx42@46.41 QUIKx1166@1.70 NOKx305@6.50 

2015-05-03
Cash: 62.88
Held: QUIKx1166@1.71 STMx249@7.77 REISx88@22.56 AEx42@47.00 NOKx305@6.54 
Value: 9945.22
Sales: STMx249@7.77 NOKx305@6.54 AEx42@47.00 QUIKx1166@1.71 REISx88@22.56 
Purchases: GTLSx55@36.06 ABAXx36@55.09 TYPEx73@27.12 TUESx142@13.93 SCONx1808@1.10 

2015-05-04
Cash: 32.18
Held: ABAXx36@53.16 TUESx142@13.39 GTLSx55@35.56 TYPEx73@27.02 SCONx1808@1.10 
Value: 9763.44
Sales: GTLSx55@35.56 ABAXx36@53.16 TYPEx73@27.02 TUESx142@13.39 SCONx1808@1.10 
Purchases: GYROx595@3.28 GIIIx34@56.19 VSECx33@58.81 EMMSx387@5.04 OIBR.Cx1109@1.76 

2015-05-05
Cash: 59.37
Held: VSECx33@65.56 GIIIx34@56.25 OIBR.Cx1109@1.94 GYROx595@3.33 EMMSx387@4.92 
Value: 10173.54
Sales: GYROx595@3.33 GIIIx34@56.25 VSECx33@65.56 EMMSx387@4.92 OIBR.Cx1109@1.94 
Purchases: CLBSx854@2.38 WACx119@16.98 AVPx287@7.07 KLICx154@13.21 MAVx147@13.77 

2015-05-06
Cash: 30.78
Held: KLICx154@13.34 AVPx287@7.02 CLBSx854@2.35 MAVx147@13.78 WACx119@18.92 
Value: 10384.44
Sales: CLBSx854@2.35 WACx119@18.92 AVPx287@7.02 KLICx154@13.34 MAVx147@13.78 
Purchases: CLUBx415@5.00 KONAx100@20.77 CEQPx3@555.00 LINKx276@7.50 IMHx97@21.30 

2015-05-07
Cash: 432.08
Held: KONAx100@20.72 IMHx97@19.06 CEQPx3@520.00 CLUBx415@4.76 LINKx276@7.50 
Value: 9959.13
Sales: CLUBx415@4.76 KONAx100@20.72 CEQPx3@520.00 LINKx276@7.50 IMHx97@19.06 
Purchases: PMTx109@18.22 NETEx2458@0.81 LOVx626@3.18 KATEx69@28.62 WFMx46@42.59 

2015-05-10
Cash: 57.24
Held: LOVx626@3.16 KATEx69@29.20 WFMx46@42.72 PMTx109@18.27 NETEx2458@0.87 
Value: 10145.28
Sales: PMTx109@18.27 NETEx2458@0.87 LOVx626@3.16 KATEx69@29.20 WFMx46@42.72 
Purchases: PRKRx5341@0.38 PROx112@18.03 ENOCx201@10.06 QUMUx205@9.86 CBLIx1024@1.98 

2015-05-11
Cash: 25.09
Held: CBLIx1024@2.00 PROx112@18.42 ENOCx201@10.41 PRKRx5341@0.38 QUMUx205@9.92 
Value: 10290.93
Sales: PRKRx5341@0.38 CBLIx1024@2.00 ENOCx201@10.41 QUMUx205@9.92 PROx112@18.42 
Purchases: RDNTx283@7.27 CTSOx299@6.88 VRTSx17@115.06 VIVEx6235@0.33 STRLx631@3.26 

2015-05-12
Cash: 105.85
Held: VRTSx17@116.06 STRLx631@3.36 CTSOx299@6.37 RDNTx283@6.95 VIVEx6235@0.47 
Value: 11000.53
Sales: RDNTx283@6.95 CTSOx299@6.37 VRTSx17@116.06 VIVEx6235@0.47 STRLx631@3.36 
Purchases: NMRXx240@9.14 DEPOx110@19.91 KOSSx818@2.69 KNDIx208@10.56 SRTx343@6.40 

2015-05-13
Cash: 25.46
Held: SRTx343@6.56 KNDIx208@9.07 KOSSx818@2.73 NMRXx240@9.18 DEPOx110@20.02 
Value: 10800.05
Sales: NMRXx240@9.18 DEPOx110@20.02 KOSSx818@2.73 KNDIx208@9.07 SRTx343@6.56 
Purchases: ATVx201@10.73 DCOx88@24.41 OREXx430@5.01 CECOx516@4.18 EBRx923@2.34 

2015-05-14
Cash: 24.83
Held: DCOx88@25.02 EBRx923@2.37 CECOx516@4.12 ATVx201@10.80 OREXx430@5.01 
Value: 10864.61
Sales: ATVx201@10.80 DCOx88@25.02 OREXx430@5.01 CECOx516@4.12 EBRx923@2.37 
Purchases: DGLYx140@15.46 GIGAx1086@2.00 OHGIx1126@1.93 PTIEx988@2.20 DGSEx2414@0.90 

2015-05-17
Cash: 10.06
Held: DGSEx2414@0.87 PTIEx988@2.08 GIGAx1086@2.13 OHGIx1126@2.05 DGLYx140@14.44 
Value: 10810.18
Sales: DGLYx140@14.44 GIGAx1086@2.13 OHGIx1126@2.05 PTIEx988@2.08 DGSEx2414@0.87 
Purchases: HGGx491@4.40 URGx2252@0.96 SSYx1589@1.36 GVx1566@1.38 SOFOx323@6.69 

2015-05-18
Cash: 4.90
Held: GVx1566@1.34 SSYx1589@1.44 URGx2252@0.94 SOFOx323@6.84 HGGx491@4.19 
Value: 10775.94
Sales: GVx1566@1.34 HGGx491@4.19 URGx2252@0.94 SSYx1589@1.44 SOFOx323@6.84 
Purchases: HPJx490@4.39 CYRXx298@7.21 INVTx7182@0.30 FLLx1399@1.54 WTWx329@6.53 

2015-05-19
Cash: 17.42
Held: HPJx490@4.64 INVTx7182@0.31 WTWx329@6.52 FLLx1399@1.56 CYRXx298@7.10 
Value: 10961.20
Sales: HPJx490@4.64 CYRXx298@7.10 INVTx7182@0.31 FLLx1399@1.56 WTWx329@6.52 
Purchases: HRTXx176@12.40 OSURx347@6.30 URBNx64@34.12 BIOLx1204@1.82 AEZSx74@29.50 

2015-05-20
Cash: 34.05
Held: OSURx347@6.42 URBNx64@34.53 HRTXx176@12.69 BIOLx1204@1.83 AEZSx74@31.53 
Value: 11242.17
Sales: HRTXx176@12.69 OSURx347@6.42 URBNx64@34.53 BIOLx1204@1.83 AEZSx74@31.53 
Purchases: FASx68@33.00 FANHx267@8.39 UMDDx33@68.06 UYGx29@76.38 INDLx106@21.05 

2015-05-21
Cash: 65.96
Held: UYGx29@76.25 FASx68@33.00 FANHx267@8.50 UMDDx33@68.00 INDLx106@21.17 
Value: 11278.93
Sales: FASx68@33.00 INDLx106@21.17 UMDDx33@68.00 UYGx29@76.25 FANHx267@8.50 
Purchases: ISRx1226@1.84 LLx107@21.05 HYGSx245@9.19 CNITx593@3.80 DGSEx4027@0.56 

2015-05-25
Cash: 11.11
Held: ISRx1226@1.94 DGSEx4027@0.51 HYGSx245@9.02 LLx107@22.05 CNITx593@3.98 
Value: 11373.08
Sales: ISRx1226@1.94 LLx107@22.05 HYGSx245@9.02 CNITx593@3.98 DGSEx4027@0.51 
Purchases: FNCXx943@2.41 QUMUx285@7.98 YANGx44@50.75 GFNx385@5.90 OESXx1028@2.21 

2015-05-26
Cash: 49.13
Held: FNCXx943@2.31 OESXx1028@2.62 QUMUx285@7.91 GFNx385@5.80 YANGx44@50.81 
Value: 11643.89
Sales: GFNx385@5.80 FNCXx943@2.31 YANGx44@50.81 QUMUx285@7.91 OESXx1028@2.62 
Purchases: UAMYx2646@0.88 ROIAx669@3.48 CYRNx942@2.47 RTNBx1130@2.06 RADAx1078@2.16 

2015-05-27
Cash: 2.82
Held: RADAx1078@2.13 UAMYx2646@0.82 ROIAx669@3.57 CYRNx942@2.54 RTNBx1130@2.04 
Value: 11553.62
Sales: UAMYx2646@0.82 ROIAx669@3.57 CYRNx942@2.54 RTNBx1130@2.04 RADAx1078@2.13 
Purchases: SOXSx62@37.09 AWXx970@2.38 PRTSx975@2.37 LFCx94@24.36 DGSEx6243@0.37 

2015-05-28
Cash: 34.04
Held: DGSEx6243@0.40 AWXx970@2.37 PRTSx975@2.25 LFCx94@23.84 SOXSx62@36.78 
Value: 11544.20
Sales: PRTSx975@2.25 AWXx970@2.37 SOXSx62@36.78 LFCx94@23.84 DGSEx6243@0.40 
Purchases: YINNx43@52.72 WILCx475@4.86 XCRAx299@7.72 HNRGx271@8.50 SMTCx108@21.36 

2015-05-31
Cash: 50.87
Held: XCRAx299@7.83 WILCx475@5.00 SMTCx108@21.62 HNRGx271@7.97 YINNx43@54.38 
Value: 11599.63
Sales: YINNx43@54.38 SMTCx108@21.62 XCRAx299@7.83 HNRGx271@7.97 WILCx475@5.00 
Purchases: TGBx3683@0.63 ANFx113@20.41 WSTLx2297@1.01 INTGx115@20.00 OHGIx662@3.50 

2015-06-01
Cash: 37.44
Held: WSTLx2297@1.07 INTGx115@20.05 OHGIx662@3.51 TGBx3683@0.63 ANFx113@21.16 
Value: 11835.31
Sales: TGBx3683@0.63 ANFx113@21.16 WSTLx2297@1.07 INTGx115@20.05 OHGIx662@3.51 
Purchases: HQCLx1345@1.76 ATVx266@8.87 PATKx59@39.62 VIVEx2784@0.85 AUMNx5919@0.40 

2015-06-02
Cash: 38.19
Held: HQCLx1345@1.50 ATVx266@8.87 AUMNx5919@0.40 VIVEx2784@0.85 PATKx59@39.94 
Value: 11504.37
Sales: HQCLx1345@1.50 ATVx266@8.87 PATKx59@39.94 VIVEx2784@0.85 AUMNx5919@0.40 
Purchases: IRMx67@34.28 FSNNx790@2.91 MOSYx1090@2.11 IMGNx167@13.75 PPLx73@31.45 

2015-06-03
Cash: 16.95
Held: PPLx73@31.45 FSNNx790@2.77 IMGNx167@14.66 IRMx67@32.88 MOSYx1090@2.14 
Value: 11484.46
Sales: IRMx67@32.88 MOSYx1090@2.14 FSNNx790@2.77 IMGNx167@14.66 PPLx73@31.45 
Purchases: EMITFx1500@1.53 MGCDx415@5.53 PYDSx8506@0.27 RENx2187@1.05 RAVEx211@10.85 

2015-06-04
Cash: 11.19
Held: RAVEx211@11.18 RENx2187@1.08 PYDSx8506@0.28 EMITFx1500@1.52 MGCDx415@5.35 
Value: 11614.36
Sales: RAVEx211@11.18 EMITFx1500@1.52 PYDSx8506@0.28 RENx2187@1.08 MGCDx415@5.35 
Purchases: JNPx320@7.24 HKx1951@1.19 FTRx467@4.97 KONEx583@3.98 OPKx143@16.19 

2015-06-07
Cash: 19.75
Held: JNPx320@7.29 KONEx583@4.06 OPKx143@16.72 HKx1951@1.26 FTRx467@5.03 
Value: 11916.59
Sales: HKx1951@1.26 JNPx320@7.29 KONEx583@4.06 FTRx467@5.03 OPKx143@16.72 
Purchases: LTBRx1833@1.30 ZUMZx100@23.83 ESLx25@92.75 EXPOx55@43.16 CYRXx340@7.00 

2015-06-08
Cash: 78.89
Held: EXPOx55@42.97 ESLx25@92.62 ZUMZx100@23.61 LTBRx1833@1.23 CYRXx340@7.90 
Value: 12059.65
Sales: LTBRx1833@1.23 ZUMZx100@23.61 ESLx25@92.62 EXPOx55@42.97 CYRXx340@7.90 
Purchases: EMITFx1773@1.36 JBLUx127@18.88 TURx55@43.09 HAx111@21.61 PXLWx378@6.37 

2015-06-09
Cash: 73.55
Held: TURx55@44.41 PXLWx378@6.46 JBLUx127@19.16 HAx111@22.41 EMITFx1773@1.40 
Value: 12360.96
Sales: EMITFx1773@1.40 JBLUx127@19.16 TURx55@44.41 HAx111@22.41 PXLWx378@6.46 
Purchases: ADXSx103@23.84 CBKx568@4.35 AVIDx154@16.00 HOTRx892@2.77 DGSEx7973@0.31 

2015-06-10
Cash: 26.85
Held: DGSEx7973@0.30 ADXSx103@24.45 HOTRx892@2.85 CBKx568@4.31 AVIDx154@15.91 
Value: 12376.51
Sales: ADXSx103@24.45 CBKx568@4.31 AVIDx154@15.91 HOTRx892@2.85 DGSEx7973@0.30 
Purchases: DPKx96@25.62 NETEx4502@0.55 AXNx1095@2.26 SHLDx86@28.55 BOSCx978@2.53 

2015-06-11
Cash: 38.16
Held: DPKx96@26.27 SHLDx86@28.06 AXNx1095@2.20 BOSCx978@2.57 NETEx4502@0.55 
Value: 12370.17
Sales: AXNx1095@2.20 NETEx4502@0.55 DPKx96@26.27 SHLDx86@28.06 BOSCx978@2.57 
Purchases: GALTx761@3.25 AVDx181@13.66 YTENx768@3.22 CURx104@23.66 TMVx72@34.19 

2015-06-14
Cash: 29.88
Held: GALTx761@3.17 AVDx181@13.57 YTENx768@3.19 TMVx72@34.03 CURx104@25.22 
Value: 12420.92
Sales: GALTx761@3.17 AVDx181@13.57 YTENx768@3.19 CURx104@25.22 TMVx72@34.03 
Purchases: CLDx554@4.48 RGSEx803@3.09 OCCx713@3.48 EXASx94@26.23 DDCx152@16.31 

2015-06-15
Cash: 30.49
Held: RGSEx803@2.92 CLDx554@4.40 DDCx152@15.93 OCCx713@3.50 EXASx94@26.59 
Value: 12228.55
Sales: CLDx554@4.40 RGSEx803@2.92 OCCx713@3.50 EXASx94@26.59 DDCx152@15.93 
Purchases: AMCNx428@5.71 PYDSx9782@0.25 CBLIx848@2.88 YINNx52@46.66 AMOTx99@24.70 

2015-06-16
Cash: 24.06
Held: CBLIx848@2.83 AMCNx428@4.63 PYDSx9782@0.27 YINNx52@47.22 AMOTx99@24.06 
Value: 11884.04
Sales: AMCNx428@4.63 CBLIx848@2.83 PYDSx9782@0.27 YINNx52@47.22 AMOTx99@24.06 
Purchases: SGOCx3255@0.73 AGFx200@11.88 IDXXx35@66.38 GBXx45@52.50 OGENx1449@1.64 

2015-06-17
Cash: 69.91
Held: AGFx200@11.41 SGOCx3255@0.70 IDXXx35@67.25 OGENx1449@1.49 GBXx45@53.88 
Value: 11567.77
Sales: SGOCx3255@0.70 AGFx200@11.41 IDXXx35@67.25 GBXx45@53.88 OGENx1449@1.49 
Purchases: EDNx171@13.45 CASIx1377@1.68 XCOx1532@1.51 XTNTx696@3.32 KOOLx2629@0.88 

2015-06-18
Cash: 17.25
Held: EDNx171@13.30 XTNTx696@3.40 KOOLx2629@0.85 CASIx1377@1.58 XCOx1532@1.21 
Value: 10922.02
Sales: CASIx1377@1.58 EDNx171@13.30 XCOx1532@1.21 XTNTx696@3.40 KOOLx2629@0.85 
Purchases: AVHIx149@14.57 AGENx253@8.63 TEUMx5602@0.39 OGENx1506@1.45 WKHSx8737@0.25 

2015-06-21
Cash: 14.52
Held: AVHIx149@14.87 TEUMx5602@0.40 AGENx253@8.32 OGENx1506@1.49 WKHSx8737@0.25 
Value: 11003.56
Sales: AVHIx149@14.87 AGENx253@8.32 TEUMx5602@0.40 WKHSx8737@0.25 OGENx1506@1.49 
Purchases: KEGx1279@1.72 NNBRx85@25.73 FNSRx111@19.78 ATLCx721@3.05 DGSEx5503@0.40 

2015-06-22
Cash: 20.62
Held: DGSEx5503@0.36 NNBRx85@22.50 FNSRx111@19.78 KEGx1279@1.85 ATLCx721@3.01 
Value: 10646.20
Sales: KEGx1279@1.85 ATLCx721@3.01 FNSRx111@19.78 NNBRx85@22.50 DGSEx5503@0.36 
Purchases: PRSCx44@47.69 BWXTx90@23.45 OHGIx613@3.47 RTNBx2088@1.02 SGYPx262@8.12 

2015-06-23
Cash: 54.14
Held: BWXTx90@23.41 OHGIx613@3.30 PRSCx44@45.75 RTNBx2088@1.17 SGYPx262@8.30 
Value: 10813.66
Sales: PRSCx44@45.75 BWXTx90@23.41 OHGIx613@3.30 RTNBx2088@1.17 SGYPx262@8.30 
Purchases: OPXAx4505@0.48 SONCx71@30.41 AXNx1169@1.85 AFAMx55@38.88 VICLx2737@0.79 

2015-06-24
Cash: 29.85
Held: OPXAx4505@0.48 SONCx71@30.08 VICLx2737@0.76 AXNx1169@1.83 AFAMx55@39.28 
Value: 10707.02
Sales: OPXAx4505@0.48 SONCx71@30.08 AXNx1169@1.83 AFAMx55@39.28 VICLx2737@0.76 
Purchases: USAKx97@21.97 BCPCx36@57.94 KOOLx2579@0.83 EPCx21@101.69 FPPx1686@1.27 

2015-06-25
Cash: 73.66
Held: KOOLx2579@0.79 EPCx21@135.38 BCPCx36@58.56 USAKx97@21.62 FPPx1686@1.25 
Value: 11267.42
Sales: USAKx97@21.62 BCPCx36@58.56 EPCx21@135.38 FPPx1686@1.25 KOOLx2579@0.79 
Purchases: IKGHx1063@2.12 WRLDx36@61.38 MEIx74@30.41 CREEx83@27.00 OGENx1746@1.29 

2015-06-28
Cash: 61.80
Held: CREEx83@25.95 WRLDx36@61.91 IKGHx1063@2.21 MEIx74@27.80 OGENx1746@1.30 
Value: 11121.19
Sales: IKGHx1063@2.21 WRLDx36@61.91 MEIx74@27.80 CREEx83@25.95 OGENx1746@1.30 
Purchases: MUx118@18.73 RGSEx836@2.66 CPSTx271@8.20 AOIx103@21.41 PRKRx5855@0.38 

2015-06-29
Cash: 34.54
Held: RGSEx836@2.23 MUx118@18.84 PRKRx5855@0.38 AOIx103@23.91 CPSTx271@8.21 
Value: 11034.50
Sales: MUx118@18.84 RGSEx836@2.23 CPSTx271@8.21 AOIx103@23.91 PRKRx5855@0.38 
Purchases: UAMYx3244@0.68 VTNRx931@2.37 CRMDx568@3.88 EPCx22@97.62 MBIx367@6.01 

2015-06-30
Cash: 63.96
Held: VTNRx931@2.18 UAMYx3244@0.74 EPCx22@101.12 CRMDx568@3.74 MBIx367@5.88 
Value: 11001.33
Sales: UAMYx3244@0.74 VTNRx931@2.18 CRMDx568@3.74 EPCx22@101.12 MBIx367@5.88 
Purchases: ETRMx3@625.00 WKHSx12220@0.18 APOLx176@12.45 TUESx200@10.97 ABEOx441@4.99 

2015-07-01
Cash: 340.74
Held: TUESx200@10.99 ABEOx441@5.10 APOLx176@12.93 ETRMx3@555.50 WKHSx12220@0.19 
Value: 11052.18
Sales: ETRMx3@555.50 ABEOx441@5.10 APOLx176@12.93 TUESx200@10.99 WKHSx12220@0.19 
Purchases: RENXx141@15.61 BLDPx1300@1.70 RELXx133@16.56 BAXx57@38.31 CRKx180@12.25 

2015-07-05
Cash: 49.38
Held: BAXx57@38.03 RELXx133@16.20 RENXx141@15.27 CRKx180@10.60 BLDPx1300@1.64 
Value: 10565.55
Sales: RENXx141@15.27 BLDPx1300@1.64 RELXx133@16.20 BAXx57@38.03 CRKx180@10.60 
Purchases: NIx125@16.84 WUx111@18.95 PHMDx1903@1.11 XCOx2516@0.84 LBTYAx41@50.50 

2015-07-06
Cash: 59.74
Held: LBTYAx41@49.78 WUx111@19.09 NIx125@17.12 PHMDx1903@1.12 XCOx2516@0.93 
Value: 10832.71
Sales: NIx125@17.12 WUx111@19.09 XCOx2516@0.93 LBTYAx41@49.78 PHMDx1903@1.12 
Purchases: RGSEx1321@1.64 SILCx79@27.09 KELYBx144@15.02 FSNNx1134@1.91 ALLTx381@5.68 

2015-07-07
Cash: 32.87
Held: RGSEx1321@1.42 ALLTx381@5.49 KELYBx144@15.02 SILCx79@25.91 FSNNx1134@1.97 
Value: 10443.26
Sales: SILCx79@25.91 RGSEx1321@1.42 ALLTx381@5.49 KELYBx144@15.02 FSNNx1134@1.97 
Purchases: ETRMx5@388.75 UAMYx3070@0.68 STVx767@2.72 AMDx1039@2.01 MXCx549@3.80 

2015-07-08
Cash: 149.82
Held: UAMYx3070@0.65 STVx767@3.32 ETRMx5@401.75 AMDx1039@1.98 MXCx549@3.75 
Value: 10816.91
Sales: UAMYx3070@0.65 ETRMx5@401.75 STVx767@3.32 AMDx1039@1.98 MXCx549@3.75 
Purchases: PRFTx142@15.22 PLUGx928@2.33 PFBXx225@9.60 MNTXx332@6.50 OBCIx653@3.31 

2015-07-09
Cash: 13.39
Held: OBCIx653@3.33 PFBXx225@9.58 MNTXx332@6.62 PLUGx928@2.28 PRFTx142@15.90 
Value: 10913.98
Sales: PLUGx928@2.28 MNTXx332@6.62 PFBXx225@9.58 PRFTx142@15.90 OBCIx653@3.33 
Purchases: LPTHx1148@1.90 YANGx28@77.56 SCLNx241@9.02 CACCx8@250.62 NTNx10916@0.20 

2015-07-12
Cash: 198.27
Held: SCLNx241@9.21 LPTHx1148@1.91 CACCx8@249.75 NTNx10916@0.21 YANGx28@76.56 
Value: 11044.65
Sales: LPTHx1148@1.91 YANGx28@76.56 SCLNx241@9.21 CACCx8@249.75 NTNx10916@0.21 
Purchases: EPVx43@50.91 YANGx28@76.56 DPKx83@26.33 FXPx64@34.00 EFUx60@36.41 

2015-07-13
Cash: 166.32
Held: DPKx83@25.62 FXPx64@34.34 EPVx43@50.09 EFUx60@35.88 YANGx28@77.69 
Value: 10972.97
Sales: EPVx43@50.09 YANGx28@77.69 DPKx83@25.62 FXPx64@34.34 EFUx60@35.88 
Purchases: YTENx653@3.36 NETEx7837@0.28 FELEx77@28.22 KONEx455@4.82 VXXx123@17.77 

2015-07-14
Cash: 33.45
Held: FELEx77@27.75 VXXx123@17.70 YTENx653@3.33 KONEx455@4.85 NETEx7837@0.27 
Value: 10845.83
Sales: YTENx653@3.33 NETEx7837@0.27 FELEx77@27.75 VXXx123@17.70 KONEx455@4.85 
Purchases: CBLIx575@3.77 AXNx1436@1.51 ITUBx218@9.93 FORMx279@7.75 KATEx101@21.45 

2015-07-15
Cash: 16.64
Held: ITUBx218@9.88 CBLIx575@3.89 FORMx279@7.72 KATEx101@21.20 AXNx1436@1.53 
Value: 10900.72
Sales: CBLIx575@3.89 AXNx1436@1.53 FORMx279@7.72 ITUBx218@9.88 KATEx101@21.20 
Purchases: FSIx1702@1.28 IECx602@3.62 REIx216@10.07 GASLx164@13.24 IHTx890@2.45 

2015-07-16
Cash: 16.27
Held: IHTx890@2.45 FSIx1702@1.22 GASLx164@11.60 REIx216@9.82 IECx602@3.97 
Value: 10686.25
Sales: FSIx1702@1.22 IECx602@3.97 REIx216@9.82 GASLx164@11.60 IHTx890@2.45 
Purchases: TIVOx156@13.63 QTMx1656@1.29 TZOOx223@9.56 SPEXx8905@0.24 DCTHx3957@0.54 

2015-07-19
Cash: 16.74
Held: SPEXx8905@0.22 DCTHx3957@0.52 QTMx1656@1.27 TIVOx156@13.58 TZOOx223@9.21 
Value: 10307.87
Sales: TIVOx156@13.58 QTMx1656@1.27 TZOOx223@9.21 SPEXx8905@0.22 DCTHx3957@0.52 
Purchases: MSBFx172@11.95 ZIONWx429@4.80 CYRXx343@6.00 RDCx119@17.19 DGSEx4909@0.42 

2015-07-20
Cash: 27.69
Held: MSBFx172@11.92 DGSEx4909@0.43 ZIONWx429@5.25 RDCx119@17.48 CYRXx343@6.00 
Value: 10579.68
Sales: MSBFx172@11.92 ZIONWx429@5.25 CYRXx343@6.00 RDCx119@17.48 DGSEx4909@0.43 
Purchases: USEGx5569@0.38 HMSYx180@11.70 SAx521@4.06 CJJDx798@2.65 NRTx239@8.83 

2015-07-21
Cash: 18.08
Held: NRTx239@8.81 USEGx5569@0.37 CJJDx798@2.67 HMSYx180@11.50 SAx521@3.72 
Value: 10324.54
Sales: USEGx5569@0.37 CJJDx798@2.67 SAx521@3.72 HMSYx180@11.50 NRTx239@8.81 
Purchases: HNRx1827@1.13 CYTRx729@2.83 EVKx481@4.29 WPCSx1474@1.40 ATIx100@20.56 

2015-07-22
Cash: 13.65
Held: EVKx481@4.26 WPCSx1474@1.50 HNRx1827@1.24 ATIx100@21.67 CYTRx729@2.80 
Value: 10749.40
Sales: HNRx1827@1.24 CYTRx729@2.80 EVKx481@4.26 ATIx100@21.67 WPCSx1474@1.50 
Purchases: PEDx5808@0.37 CYRXx537@4.00 MVOx345@6.22 LODEx5659@0.38 REXXx827@2.60 

2015-07-23
Cash: 6.66
Held: PEDx5808@0.37 REXXx827@2.31 CYRXx537@2.25 MVOx345@5.92 LODEx5659@0.38 
Value: 9468.18
Sales: PEDx5808@0.37 CYRXx537@2.25 MVOx345@5.92 LODEx5659@0.38 REXXx827@2.31 
Purchases: CABx41@45.72 HZOx101@18.70 MOSYx1342@1.41 URIx29@64.75 QSIIx149@12.65 

2015-07-26
Cash: 49.90
Held: URIx29@65.19 CABx41@43.47 QSIIx149@12.65 HZOx101@18.27 MOSYx1342@1.39 
Value: 9316.91
Sales: CABx41@43.47 HZOx101@18.27 MOSYx1342@1.39 URIx29@65.19 QSIIx149@12.65 
Purchases: SPNCx120@15.48 WLBx138@13.46 DRWIx324@5.75 UISx115@16.20 KERXx243@7.66 

2015-07-27
Cash: 14.33
Held: UISx115@16.03 DRWIx324@6.25 KERXx243@8.09 SPNCx120@15.65 WLBx138@13.99 
Value: 9658.44
Sales: SPNCx120@15.65 WLBx138@13.99 UISx115@16.03 DRWIx324@6.25 KERXx243@8.09 
Purchases: MNIx2356@0.82 MBVXx1215@1.59 MYLx34@56.34 CEIx1011@1.91 CRKx277@6.95 

2015-07-28
Cash: 23.49
Held: MNIx2356@0.82 MYLx34@57.25 CEIx1011@1.87 CRKx277@7.10 MBVXx1215@1.80 
Value: 9946.07
Sales: MNIx2356@0.82 MBVXx1215@1.80 MYLx34@57.25 CEIx1011@1.87 CRKx277@7.10 
Purchases: SRNEx103@19.20 HHx14207@0.14 RWCx590@3.37 IMMUx943@2.11 CEIx1063@1.87 

2015-07-29
Cash: 14.10
Held: HHx14207@0.15 RWCx590@3.44 SRNEx103@20.39 IMMUx943@2.11 CEIx1063@2.10 
Value: 10496.03
Sales: IMMUx943@2.11 HHx14207@0.15 RWCx590@3.44 SRNEx103@20.39 CEIx1063@2.10 
Purchases: IGCx7237@0.29 CYRXx839@2.50 GIGAx1354@1.55 MDCOx69@30.41 EVRIx402@5.22 

2015-07-30
Cash: 5.11
Held: MDCOx69@31.39 GIGAx1354@1.51 CYRXx839@2.51 IGCx7237@0.28 EVRIx402@5.05 
Value: 10377.97
Sales: IGCx7237@0.28 CYRXx839@2.51 GIGAx1354@1.51 MDCOx69@31.39 EVRIx402@5.05 
Purchases: TASRx76@27.22 CMPRx32@64.50 XCOx3578@0.58 MMYTx142@14.60 IXYSx198@10.46 

2015-08-02
Cash: 25.14
Held: TASRx76@25.12 MMYTx142@14.08 IXYSx198@10.63 CMPRx32@65.75 XCOx3578@0.57 
Value: 10181.86
Sales: TASRx76@25.12 XCOx3578@0.57 MMYTx142@14.08 CMPRx32@65.75 IXYSx198@10.63 
Purchases: REN           x740@2.75 PRKRx7021@0.29 SNOAx1444@1.41 UQMx3133@0.65 RADAx1833@1.11 

2015-08-03
Cash: 2.81
Held: RADAx1833@1.18 SNOAx1444@1.29 PRKRx7021@0.27 REN           x740@2.75 UQMx3133@0.67 
Value: 10057.67
Sales: REN           x740@2.75 PRKRx7021@0.27 SNOAx1444@1.29 UQMx3133@0.67 RADAx1833@1.18 
Purchases: HMSYx222@9.04 WLBx147@13.62 NRPx841@2.39 GASLx318@6.31 INVEx543@3.70 

2015-08-04
Cash: 23.94
Held: INVEx543@2.64 HMSYx222@8.81 NRPx841@2.25 GASLx318@5.83 WLBx147@12.26 
Value: 8961.67
Sales: WLBx147@12.26 HMSYx222@8.81 INVEx543@2.64 NRPx841@2.25 GASLx318@5.83 
Purchases: HOVNPx298@6.00 TRSx111@16.03 FSTRx89@20.06 NRGx89@20.03 STONx69@25.61 

2015-08-05
Cash: 58.81
Held: NRGx89@19.44 TRSx111@17.05 HOVNPx298@5.51 FSTRx89@19.91 STONx69@25.59 
Value: 8861.07
Sales: HOVNPx298@5.51 TRSx111@17.05 FSTRx89@19.91 NRGx89@19.44 STONx69@25.59 
Purchases: SPPx223@7.94 LLx146@12.12 EVOLx271@6.54 OHGIx1313@1.35 ATECx3407@0.52 

2015-08-06
Cash: 5.20
Held: SPPx223@7.69 ATECx3407@0.66 EVOLx271@6.31 OHGIx1313@1.48 LLx146@12.06 
Value: 9384.14
Sales: SPPx223@7.69 LLx146@12.06 EVOLx271@6.31 OHGIx1313@1.48 ATECx3407@0.66 
Purchases: TDCx62@30.00 IFONx1276@1.47 PHHx120@15.60 MTSLx1276@1.47 ECHOx74@25.19 

2015-08-09
Cash: 37.34
Held: IFONx1276@1.39 PHHx120@16.50 ECHOx74@25.27 TDCx62@30.91 MTSLx1276@1.47 
Value: 9451.74
Sales: TDCx62@30.91 IFONx1276@1.39 PHHx120@16.50 MTSLx1276@1.47 ECHOx74@25.27 
Purchases: IMHx116@16.22 UAMx266@7.09 HOTRx1111@1.70 DRYSx3@625.50 ICONx129@14.57 

2015-08-10
Cash: 39.48
Held: IMHx116@15.85 HOTRx1111@1.64 ICONx129@13.91 UAMx266@7.18 DRYSx3@592.50 
Value: 9181.12
Sales: IMHx116@15.85 UAMx266@7.18 HOTRx1111@1.64 DRYSx3@592.50 ICONx129@13.91 
Purchases: BIOSx886@2.07 NETEx7651@0.24 WGBSx1402@1.31 FVEx524@3.50 KROx234@7.83 

2015-08-11
Cash: 8.85
Held: WGBSx1402@1.33 FVEx524@3.49 KROx234@7.95 NETEx7651@0.22 BIOSx886@1.90 
Value: 8929.37
Sales: NETEx7651@0.22 BIOSx886@1.90 FVEx524@3.49 WGBSx1402@1.33 KROx234@7.95 
Purchases: ASCMAx65@27.41 ARTXx1116@1.60 ZNHx43@40.97 CLDXx107@16.61 RGSEx1275@1.40 

2015-08-12
Cash: 38.44
Held: ARTXx1116@1.64 RGSEx1275@1.31 CLDXx107@16.50 ZNHx43@41.47 ASCMAx65@28.34 
Value: 8928.99
Sales: ASCMAx65@28.34 ARTXx1116@1.64 ZNHx43@41.47 CLDXx107@16.50 RGSEx1275@1.31 
Purchases: CBLIx493@3.62 NVCNx359@4.96 SKLNx507@3.52 NUSx39@44.88 FORDx1717@1.04 

2015-08-13
Cash: 43.50
Held: CBLIx493@3.54 FORDx1717@1.26 SKLNx507@3.25 NVCNx359@4.79 NUSx39@45.47 
Value: 9091.58
Sales: CBLIx493@3.54 NVCNx359@4.79 SKLNx507@3.25 NUSx39@45.47 FORDx1717@1.26 
Purchases: NYMXx716@2.54 CPAx29@62.00 GFIx686@2.65 SRNEx122@14.89 BAAx9093@0.20 

2015-08-16
Cash: 22.63
Held: BAAx9093@0.20 NYMXx716@2.46 SRNEx122@16.30 CPAx29@60.94 GFIx686@2.79 
Value: 9271.52
Sales: NYMXx716@2.46 CPAx29@60.94 GFIx686@2.79 SRNEx122@16.30 BAAx9093@0.20 
Purchases: KIQx1228@1.51 PWEx2131@0.87 NETEx9273@0.20 OHGIx1314@1.41 ERSx618@3.00 

2015-08-17
Cash: 2.22
Held: ERSx618@2.85 OHGIx1314@1.41 PWEx2131@0.85 KIQx1228@2.00 NETEx9273@0.18 
Value: 9553.42
Sales: NETEx9273@0.18 KIQx1228@2.00 PWEx2131@0.85 OHGIx1314@1.41 ERSx618@2.85 
Purchases: PYDSx522@3.66 WCSTx876@2.18 ARCIx1516@1.26 GTEx888@2.15 BASIx1300@1.47 

2015-08-18
Cash: 3.41
Held: BASIx1300@1.30 GTEx888@2.07 WCSTx876@2.13 PYDSx522@3.90 ARCIx1516@1.25 
Value: 9329.23
Sales: ARCIx1516@1.25 PYDSx522@3.90 WCSTx876@2.13 GTEx888@2.07 BASIx1300@1.30 
Purchases: NHTCx65@28.34 CLFx551@3.38 ANWx207@9.01 CEAx57@32.25 CETCx224@8.30 

2015-08-19
Cash: 62.67
Held: CLFx551@3.23 ANWx207@8.37 NHTCx65@25.94 CEAx57@29.86 CETCx224@8.10 
Value: 8777.34
Sales: NHTCx65@25.94 CLFx551@3.23 ANWx207@8.37 CEAx57@29.86 CETCx224@8.10 
Purchases: CSIQx93@18.78 FLXSx54@32.22 BASx430@4.08 BTEx346@5.07 GASLx305@5.75 

2015-08-20
Cash: 29.20
Held: BTEx346@4.49 BASx430@3.70 GASLx305@5.23 CSIQx93@17.41 FLXSx54@30.45 
Value: 8031.35
Sales: BTEx346@4.49 CSIQx93@17.41 BASx430@3.70 FLXSx54@30.45 GASLx305@5.23 
Purchases: INFNx76@21.06 NBYx4016@0.40 RGSEx1690@0.95 SSIx163@9.82 BONTx518@3.10 

2015-08-23
Cash: 12.45
Held: RGSEx1690@0.84 NBYx4016@0.39 INFNx76@19.72 SSIx163@10.01 BONTx518@2.98 
Value: 7671.38
Sales: RGSEx1690@0.84 NBYx4016@0.39 BONTx518@2.98 SSIx163@10.01 INFNx76@19.72 
Purchases: MYOSx693@2.21 KEGx2790@0.55 IRCPx61@24.75 TREEx14@104.19 HPJx710@2.16 

2015-08-24
Cash: 103.16
Held: HPJx710@2.18 KEGx2790@0.53 MYOSx693@1.91 TREEx14@104.69 IRCPx61@26.00 
Value: 7504.20
Sales: KEGx2790@0.53 HPJx710@2.18 MYOSx693@1.91 IRCPx61@26.00 TREEx14@104.69 
Purchases: BBGx414@3.62 ERXx63@23.50 GASLx365@4.11 AMTXx577@2.60 AEZSx175@8.57 

2015-08-25
Cash: 25.68
Held: BBGx414@3.82 ERXx63@25.95 GASLx365@4.54 AMTXx577@2.54 AEZSx175@8.08 
Value: 7777.80
Sales: BBGx414@3.82 ERXx63@25.95 GASLx365@4.54 AMTXx577@2.54 AEZSx175@8.08 
Purchases: LAYNx236@6.57 ACURx609@2.55 GFIx571@2.72 DAKTx189@8.20 QRHCx2074@0.75 

2015-08-26
Cash: 14.37
Held: QRHCx2074@0.75 DAKTx189@8.53 LAYNx236@7.04 ACURx609@2.74 GFIx571@3.09 
Value: 8276.60
Sales: LAYNx236@7.04 ACURx609@2.74 GFIx571@3.09 DAKTx189@8.53 QRHCx2074@0.75 
Purchases: MYOSx956@1.73 REWx30@54.78 GROWx819@2.02 SQQQx67@24.36 TECSx40@40.81 

2015-08-27
Cash: 60.26
Held: REWx30@54.19 GROWx819@2.00 TECSx40@40.72 SQQQx67@24.41 MYOSx956@1.60 
Value: 8117.08
Sales: MYOSx956@1.60 TECSx40@40.72 REWx30@54.19 SQQQx67@24.41 GROWx819@2.00 
Purchases: SMKx57@28.44 SCOx17@91.25 LINCx2848@0.57 ERYx57@28.27 WAFDWx312@5.20 

2015-08-30
Cash: 88.73
Held: WAFDWx312@5.35 ERYx57@27.28 SCOx17@78.31 LINCx2848@0.43 SMKx57@27.83 
Value: 7455.41
Sales: LINCx2848@0.43 SCOx17@78.31 WAFDWx312@5.35 ERYx57@27.28 SMKx57@27.83 
Purchases: YUMAx3106@0.48 CRKx97@15.25 CEAx57@25.84 GMEx35@42.47 FORDx1104@1.35 

2015-08-31
Cash: 35.88
Held: FORDx1104@1.85 GMEx35@41.19 YUMAx3106@0.51 CEAx57@24.19 CRKx97@13.65 
Value: 7805.32
Sales: YUMAx3106@0.51 CRKx97@13.65 CEAx57@24.19 GMEx35@41.19 FORDx1104@1.85 
Purchases: HOVNPx390@4.00 KIQx923@1.69 SKLNx390@4.00 FBIZx70@22.06 ANTHx229@6.81 

2015-09-01
Cash: 21.52
Held: ANTHx229@7.41 SKLNx390@3.48 HOVNPx390@3.88 KIQx923@1.75 FBIZx70@22.61 
Value: 7787.27
Sales: HOVNPx390@3.88 KIQx923@1.75 SKLNx390@3.48 ANTHx229@7.41 FBIZx70@22.61 
Purchases: TPLMx489@3.18 NOGx305@5.09 BRNx819@1.90 PGHx1265@1.23 NAKx4099@0.38 

2015-09-02
Cash: 9.89
Held: NOGx305@5.18 BRNx819@1.91 NAKx4099@0.39 PGHx1265@1.23 TPLMx489@3.22 
Value: 7883.75
Sales: TPLMx489@3.22 BRNx819@1.91 NOGx305@5.18 PGHx1265@1.23 NAKx4099@0.39 
Purchases: AVAVx76@20.56 NLSTx4150@0.38 TGAx562@2.80 VXXx57@27.31 TECSx37@42.38 

2015-09-03
Cash: 45.76
Held: VXXx57@29.31 AVAVx76@20.38 TECSx37@44.28 NLSTx4150@0.35 TGAx562@2.76 
Value: 7907.37
Sales: AVAVx76@20.38 NLSTx4150@0.35 TGAx562@2.76 VXXx57@29.31 TECSx37@44.28 
Purchases: JOYx84@18.62 OPHCx1797@0.88 SUMRx1121@1.41 KERXx332@4.76 SGMOx240@6.57 

2015-09-07
Cash: 23.17
Held: JOYx84@18.94 SGMOx240@6.86 OPHCx1797@0.94 KERXx332@4.75 SUMRx1121@1.35 
Value: 8039.16
Sales: JOYx84@18.94 OPHCx1797@0.94 KERXx332@4.75 SGMOx240@6.86 SUMRx1121@1.35 
Purchases: USEGx3154@0.51 FSIx1592@1.01 XCOx2202@0.73 BSBRx426@3.77 OGXIx600@2.68 

2015-09-08
Cash: 2.76
Held: BSBRx426@3.73 OGXIx600@2.57 USEGx3154@0.49 FSIx1592@1.10 XCOx2202@0.73 
Value: 8037.55
Sales: USEGx3154@0.49 BSBRx426@3.73 FSIx1592@1.10 XCOx2202@0.73 OGXIx600@2.57 
Purchases: AXDXx94@17.05 YXIx53@29.88 NTZx888@1.81 FXPx35@44.81 GRIFx58@27.38 

2015-09-09
Cash: 88.69
Held: FXPx35@44.59 AXDXx94@17.67 GRIFx58@27.16 NTZx888@1.76 YXIx53@29.86 
Value: 8030.91
Sales: YXIx53@29.86 NTZx888@1.76 AXDXx94@17.67 FXPx35@44.59 GRIFx58@27.16 
Purchases: PESx622@2.58 TDFx88@18.20 MXCx613@2.62 INVAx154@10.42 BLINx1274@1.26 

2015-09-10
Cash: 8.78
Held: TDFx88@18.16 INVAx154@10.13 PESx622@2.50 BLINx1274@1.35 MXCx613@2.50 
Value: 7973.88
Sales: MXCx613@2.50 BLINx1274@1.35 TDFx88@18.16 INVAx154@10.13 PESx622@2.50 
Purchases: CLDx531@3.00 CBIOx167@9.50 SIGMx183@8.69 SHLOx185@8.62 DRYSx4@342.75 

2015-09-13
Cash: 239.39
Held: SIGMx183@8.29 SHLOx185@10.26 CLDx531@3.02 DRYSx4@341.75 CBIOx167@9.50 
Value: 8210.86
Sales: CLDx531@3.02 CBIOx167@9.50 SIGMx183@8.29 DRYSx4@341.75 SHLOx185@10.26 
Purchases: XRTx35@45.94 XPHx28@57.31 XBIx21@77.25 XSDx42@38.81 MTKx32@50.00 

2015-09-14
Cash: 145.92
Held: XBIx21@78.00 XPHx28@57.69 XRTx35@46.31 XSDx42@39.16 MTKx32@50.84 
Value: 8291.67
Sales: XRTx35@46.31 XPHx28@57.69 XBIx21@78.00 XSDx42@39.16 MTKx32@50.84 
Purchases: TPLMx685@2.42 ABACx609@2.72 CLFx518@3.20 RNWKx393@4.22 WKHSx3605@0.46 

2015-09-15
Cash: 3.79
Held: ABACx609@2.76 CLFx518@3.34 RNWKx393@4.12 WKHSx3605@0.49 TPLMx685@2.41 
Value: 8451.49
Sales: TPLMx685@2.41 ABACx609@2.76 CLFx518@3.34 RNWKx393@4.12 WKHSx3605@0.49 
Purchases: CYTXx296@5.70 UNISx1509@1.12 GLBSx1444@1.17 UWNx1024@1.65 VXXx76@22.09 

2015-09-16
Cash: 15.77
Held: UWNx1024@1.65 VXXx76@21.97 GLBSx1444@1.12 UNISx1509@1.14 CYTXx296@5.95 
Value: 8473.54
Sales: CYTXx296@5.95 UNISx1509@1.14 GLBSx1444@1.12 UWNx1024@1.65 VXXx76@21.97 
Purchases: ETRMx5@288.50 RGSEx1274@1.33 CSIIx79@21.20 TPIVx3324@0.51 CREGx3324@0.51 

2015-09-17
Cash: 272.56
Held: CREGx3324@0.50 RGSEx1274@1.42 TPIVx3324@0.51 CSIIx79@21.27 ETRMx5@304.50 
Value: 8640.48
Sales: CSIIx79@21.27 RGSEx1274@1.42 ETRMx5@304.50 TPIVx3324@0.51 CREGx3324@0.50 
Purchases: CRKx144@11.95 ARCWx774@2.23 AIQx144@11.92 CAFx79@21.64 CLCx37@46.53 

2015-09-20
Cash: 44.83
Held: CLCx37@46.75 AIQx144@11.53 CAFx79@22.30 ARCWx774@2.03 CRKx144@11.35 
Value: 8401.84
Sales: CRKx144@11.35 ARCWx774@2.03 AIQx144@11.53 CAFx79@22.30 CLCx37@46.75 
Purchases: MPETx1235@1.36 BWENx597@2.81 APOGx34@48.59 NEx147@11.39 ITUSx348@4.83 

2015-09-21
Cash: 37.11
Held: ITUSx348@4.63 MPETx1235@1.31 NEx147@11.25 APOGx34@47.62 BWENx597@2.67 
Value: 8132.23
Sales: MPETx1235@1.31 APOGx34@47.62 BWENx597@2.67 NEx147@11.25 ITUSx348@4.63 
Purchases: TGCx6777@0.24 OPHCx1626@1.00 AEZSx211@7.70 URREx2033@0.80 GLOWx2757@0.59 

2015-09-22
Cash: 3.08
Held: GLOWx2757@0.60 TGCx6777@0.22 OPHCx1626@1.13 URREx2033@0.79 AEZSx211@9.26 
Value: 8545.03
Sales: TGCx6777@0.22 OPHCx1626@1.13 AEZSx211@9.26 URREx2033@0.79 GLOWx2757@0.60 
Purchases: JHXx138@12.33 DEPOx70@24.09 GMOx6329@0.27 HMYx2669@0.64 ANIPx38@44.88 

2015-09-23
Cash: 34.46
Held: HMYx2669@0.67 ANIPx38@46.19 GMOx6329@0.28 JHXx138@12.54 DEPOx70@22.31 
Value: 8642.17
Sales: JHXx138@12.54 DEPOx70@22.31 GMOx6329@0.28 HMYx2669@0.67 ANIPx38@46.19 
Purchases: SGOCx5574@0.31 ATECx5082@0.34 CNXx158@10.88 SPEXx4549@0.38 AXASx1339@1.29 

2015-09-24
Cash: 10.65
Held: AXASx1339@1.24 ATECx5082@0.35 SGOCx5574@0.31 SPEXx4549@0.34 CNXx158@10.44 
Value: 8374.97
Sales: SGOCx5574@0.31 ATECx5082@0.35 CNXx158@10.44 SPEXx4549@0.34 AXASx1339@1.24 
Purchases: MPETx1903@0.88 CNTFx598@2.80 PTSIx47@35.12 LINCx7614@0.22 BDRx2462@0.68 

2015-09-27
Cash: 25.36
Held: PTSIx47@33.59 CNTFx598@2.72 MPETx1903@0.63 LINCx7614@0.20 BDRx2462@0.68 
Value: 7626.93
Sales: PTSIx47@33.59 CNTFx598@2.72 LINCx7614@0.20 MPETx1903@0.63 BDRx2462@0.68 
Purchases: FCSCx374@4.08 IMUCx3390@0.45 WGBSx1097@1.39 FINLx78@19.55 XCOx1930@0.79 

2015-09-28
Cash: 2.51
Held: IMUCx3390@0.42 FINLx78@19.17 WGBSx1097@1.46 FCSCx374@3.86 XCOx1930@0.80 
Value: 7510.05
Sales: XCOx1930@0.80 IMUCx3390@0.42 WGBSx1097@1.46 FINLx78@19.17 FCSCx374@3.86 
Purchases: MPETx2502@0.60 DRAMx431@3.48 HUNx161@9.33 HRTXx70@21.34 SPXCx128@11.73 

2015-09-29
Cash: 11.64
Held: HUNx161@9.69 SPXCx128@11.92 MPETx2502@0.61 DRAMx431@3.72 HRTXx70@24.41 
Value: 7935.26
Sales: MPETx2502@0.61 DRAMx431@3.72 HUNx161@9.69 HRTXx70@24.41 SPXCx128@11.92 
Purchases: CMTLx77@20.61 TISIx49@32.12 OGENx967@1.64 CHCIx448@3.54 DGICBx85@18.55 

2015-09-30
Cash: 26.69
Held: DGICBx85@18.55 CMTLx77@20.52 TISIx49@32.78 CHCIx448@3.61 OGENx967@1.57 
Value: 7924.65
Sales: CMTLx77@20.52 TISIx49@32.78 OGENx967@1.57 CHCIx448@3.61 DGICBx85@18.55 
Purchases: ALNx1668@0.95 MTRx162@9.78 EDZx32@49.44 WYYx1843@0.86 DXTRx6339@0.25 

2015-10-01
Cash: 3.69
Held: EDZx32@45.41 WYYx1843@0.87 ALNx1668@1.01 DXTRx6339@0.25 MTRx162@9.58 
Value: 7881.01
Sales: EDZx32@45.41 ALNx1668@1.01 MTRx162@9.58 DXTRx6339@0.25 WYYx1843@0.87 
Purchases: CPSTx326@4.82 KNDx118@13.34 CSWCx104@15.07 GLBZx123@12.80 PHMDx3753@0.42 

2015-10-04
Cash: 17.73
Held: KNDx118@14.28 GLBZx123@12.82 PHMDx3753@0.43 CSWCx104@14.72 CPSTx326@4.40 
Value: 7857.99
Sales: CPSTx326@4.40 KNDx118@14.28 CSWCx104@14.72 GLBZx123@12.82 PHMDx3753@0.43 
Purchases: ORNx309@5.08 LLITx1218@1.29 CSWCx106@14.72 YANGx16@94.12 CETCx392@4.00 

2015-10-05
Cash: 83.39
Held: ORNx309@5.14 LLITx1218@1.32 CSWCx106@14.53 CETCx392@4.20 YANGx16@98.00 
Value: 8034.39
Sales: ORNx309@5.14 LLITx1218@1.32 CSWCx106@14.53 YANGx16@98.00 CETCx392@4.20 
Purchases: IDRAx576@2.79 DPKx51@31.19 CDZIx357@4.50 VIIx1085@1.48 SLPx172@9.31 

2015-10-06
Cash: 22.77
Held: DPKx51@30.02 CDZIx357@4.01 VIIx1085@1.58 SLPx172@9.34 IDRAx576@2.95 
Value: 8006.01
Sales: IDRAx576@2.95 SLPx172@9.34 CDZIx357@4.01 VIIx1085@1.58 DPKx51@30.02 
Purchases: SRPTx42@37.97 EDAPx388@4.12 SCMPx83@19.25 OIIMx860@1.86 IDSAx653@2.45 

2015-10-07
Cash: 15.35
Held: SRPTx42@37.81 SCMPx83@19.41 OIIMx860@1.80 EDAPx388@4.12 IDSAx653@2.31 
Value: 7869.79
Sales: SRPTx42@37.81 EDAPx388@4.12 SCMPx83@19.41 OIIMx860@1.80 IDSAx653@2.31 
Purchases: GTXIx1639@0.96 RCGx1656@0.95 YANGx18@84.75 YUMx23@67.44 NEONx705@2.23 

2015-10-08
Cash: 73.85
Held: GTXIx1639@0.96 NEONx705@2.29 YUMx23@70.25 RCGx1656@0.95 YANGx18@85.81 
Value: 7994.92
Sales: NEONx705@2.29 RCGx1656@0.95 GTXIx1639@0.96 YANGx18@85.81 YUMx23@70.25 
Purchases: BDEx289@5.52 SPNCx146@10.90 BCRXx181@8.80 COWNx23@68.81 NEWTx94@16.95 

2015-10-11
Cash: 40.08
Held: BCRXx181@9.10 COWNx23@67.50 SPNCx146@11.52 NEWTx94@16.86 BDEx289@5.67 
Value: 8146.34
Sales: SPNCx146@11.52 BDEx289@5.67 BCRXx181@9.10 COWNx23@67.50 NEWTx94@16.86 
Purchases: SMCIx61@26.33 RTx288@5.64 CDZIx567@2.87 CLBHx112@14.45 HLTHx443@3.67 

2015-10-12
Cash: 44.50
Held: RTx288@5.40 HLTHx443@3.92 CLBHx112@14.26 CDZIx567@2.92 SMCIx61@26.92 
Value: 8230.48
Sales: RTx288@5.40 SMCIx61@26.92 CDZIx567@2.92 CLBHx112@14.26 HLTHx443@3.92 
Purchases: SGYx252@6.53 CENXx278@5.91 KTCCx191@8.61 UNTx111@14.71 GASLx64@25.66 

2015-10-13
Cash: 22.28
Held: CENXx278@5.58 GASLx64@26.59 SGYx252@6.65 UNTx111@15.17 KTCCx191@8.43 
Value: 8244.55
Sales: SGYx252@6.65 CENXx278@5.58 KTCCx191@8.43 UNTx111@15.17 GASLx64@26.59 
Purchases: NYMXx530@3.11 MDXGx207@7.95 HRTXx70@23.28 CRTNx736@2.24 NSSCx251@6.56 

2015-10-14
Cash: 26.38
Held: CRTNx736@2.28 NSSCx251@6.83 NYMXx530@3.17 MDXGx207@8.38 HRTXx70@23.89 
Value: 8505.45
Sales: NYMXx530@3.17 MDXGx207@8.38 HRTXx70@23.89 CRTNx736@2.28 NSSCx251@6.83 
Purchases: WGBSx1180@1.44 VOXXx291@5.83 SRPTx60@28.20 SOXSx37@45.53 WMTx28@59.34 

2015-10-15
Cash: 71.29
Held: SRPTx60@27.94 WMTx28@58.88 WGBSx1180@1.11 VOXXx291@5.83 SOXSx37@45.31 
Value: 8078.80
Sales: WGBSx1180@1.11 VOXXx291@5.83 SRPTx60@27.94 SOXSx37@45.31 WMTx28@58.88 
Purchases: KMGx79@20.22 NFLXx16@99.00 DRWIx446@3.62 YANGx20@78.38 STXx40@39.56 

2015-10-18
Cash: 133.38
Held: STXx40@38.75 DRWIx446@2.95 NFLXx16@101.69 KMGx79@19.92 YANGx20@80.31 
Value: 7805.81
Sales: KMGx79@19.92 NFLXx16@101.69 DRWIx446@2.95 YANGx20@80.31 STXx40@38.75 
Purchases: MYRGx69@22.56 BOFIx63@24.77 WGBSx1432@1.09 QUMUx483@3.23 CBIOx384@4.06 

2015-10-19
Cash: 9.29
Held: BOFIx63@23.86 WGBSx1432@1.06 QUMUx483@3.22 MYRGx69@21.94 CBIOx384@3.96 
Value: 7620.03
Sales: MYRGx69@21.94 BOFIx63@23.86 WGBSx1432@1.06 QUMUx483@3.22 CBIOx384@3.96 
Purchases: CPSTx338@4.50 CRSx50@30.44 DRWIx554@2.75 QUMUx473@3.22 SRTx368@4.14 

2015-10-20
Cash: 6.51
Held: SRTx368@3.97 DRWIx554@2.70 QUMUx473@3.20 CRSx50@29.77 CPSTx338@4.50 
Value: 7485.61
Sales: CPSTx338@4.50 CRSx50@29.77 DRWIx554@2.70 QUMUx473@3.20 SRTx368@3.97 
Purchases: HOGx31@47.03 YGEx2108@0.71 DEPOx92@16.12 EXARx282@5.30 SPEXx4535@0.33 

2015-10-21
Cash: 55.82
Held: SPEXx4535@0.31 HOGx31@48.12 YGEx2108@0.73 EXARx282@5.51 DEPOx92@15.41 
Value: 7464.29
Sales: HOGx31@48.12 YGEx2108@0.73 DEPOx92@15.41 EXARx282@5.51 SPEXx4535@0.31 
Purchases: ORNx352@4.23 MDGLx2228@0.67 VRXx13@109.88 PSOx102@14.54 GASLx62@23.70 

2015-10-22
Cash: 101.62
Held: PSOx102@13.69 ORNx352@4.21 GASLx62@22.66 MDGLx2228@0.67 VRXx13@116.19 
Value: 7387.71
Sales: ORNx352@4.21 MDGLx2228@0.67 VRXx13@116.19 PSOx102@13.69 GASLx62@22.66 
Purchases: CABx43@33.59 NRPx757@1.95 RPRXx284@5.19 SMEDx182@8.12 RCKYx120@12.30 

2015-10-25
Cash: 39.57
Held: RPRXx284@5.00 SMEDx182@8.08 NRPx757@1.89 RCKYx120@11.59 CABx43@33.56 
Value: 7194.69
Sales: CABx43@33.56 RCKYx120@11.59 SMEDx182@8.08 RPRXx284@5.00 NRPx757@1.89 
Purchases: FTNTx41@34.72 WLBx191@7.51 ACTGx199@7.23 SPPIx274@5.25 ADUSx59@24.19 

2015-10-26
Cash: 32.05
Held: SPPIx274@5.26 ADUSx59@25.45 ACTGx199@7.02 WLBx191@6.89 FTNTx41@33.81 
Value: 7074.81
Sales: FTNTx41@33.81 WLBx191@6.89 ACTGx199@7.02 SPPIx274@5.26 ADUSx59@25.45 
Purchases: SCONx7449@0.19 KIQx1373@1.03 GASLx83@17.05 NUROx2320@0.61 MXCx544@2.60 

2015-10-27
Cash: 1.41
Held: NUROx2320@0.60 GASLx83@18.41 MXCx544@2.90 KIQx1373@1.00 SCONx7449@0.23 
Value: 7585.29
Sales: SCONx7449@0.23 KIQx1373@1.00 GASLx83@18.41 NUROx2320@0.60 MXCx544@2.90 
Purchases: CGIx107@14.15 CPLAx34@44.22 SANDx570@2.66 UQMx2571@0.59 RCIIx84@17.89 

2015-10-28
Cash: 32.38
Held: RCIIx84@18.61 UQMx2571@0.52 CPLAx34@44.81 SANDx570@2.65 CGIx107@14.33 
Value: 7499.99
Sales: CPLAx34@44.81 CGIx107@14.33 SANDx570@2.65 UQMx2571@0.52 RCIIx84@18.61 
Purchases: ILGx85@17.61 AKAMx24@61.12 IPIx367@4.08 BOOMx201@7.46 SAIAx65@22.91 

2015-10-29
Cash: 50.97
Held: ILGx85@17.66 IPIx367@3.86 SAIAx65@23.61 AKAMx24@60.81 BOOMx201@7.13 
Value: 7395.16
Sales: ILGx85@17.66 AKAMx24@60.81 IPIx367@3.86 BOOMx201@7.13 SAIAx65@23.61 
Purchases: MDXGx203@7.28 DMRCx65@22.45 RPRXx864@1.71 DXYNx225@6.57 HBIOx503@2.94 

2015-11-01
Cash: 23.34
Held: RPRXx864@1.67 DXYNx225@6.23 DMRCx65@24.12 MDXGx203@7.81 HBIOx503@3.06 
Value: 7560.74
Sales: MDXGx203@7.81 DMRCx65@24.12 RPRXx864@1.67 DXYNx225@6.23 HBIOx503@3.06 
Purchases: CALXx217@6.94 ESCAx104@14.52 RPRXx905@1.67 BVNx240@6.28 ECOLx39@38.66 

2015-11-02
Cash: 17.64
Held: CALXx217@6.93 RPRXx905@1.80 ECOLx39@37.75 ESCAx104@14.27 BVNx240@6.41 
Value: 7645.33
Sales: CALXx217@6.93 ECOLx39@37.75 RPRXx905@1.80 BVNx240@6.41 ESCAx104@14.27 
Purchases: FPAYx3058@0.50 GLBSx2548@0.60 SBRAx74@20.59 IDXGx1124@1.36 PRZMx1204@1.27 

2015-11-03
Cash: 5.79
Held: PRZMx1204@0.99 GLBSx2548@0.52 FPAYx3058@0.50 IDXGx1124@1.37 SBRAx74@20.94 
Value: 7141.43
Sales: FPAYx3058@0.50 IDXGx1124@1.37 SBRAx74@20.94 GLBSx2548@0.52 PRZMx1204@0.99 
Purchases: TASRx69@20.58 TGHx98@14.51 AROCx113@12.60 AMAGx46@30.59 NRPx784@1.82 

2015-11-04
Cash: 41.36
Held: TASRx69@20.16 TGHx98@14.88 NRPx784@1.91 AROCx113@11.99 AMAGx46@29.30 
Value: 7090.99
Sales: AMAGx46@29.30 TASRx69@20.16 NRPx784@1.91 TGHx98@14.88 AROCx113@11.99 
Purchases: CLUBx571@2.48 PZZAx23@59.75 DAVEx144@9.82 AVPx451@3.14 HHSx417@3.40 

2015-11-05
Cash: 51.89
Held: AVPx451@3.19 CLUBx571@2.36 DAVEx144@9.67 PZZAx23@57.62 HHSx417@3.54 
Value: 7031.45
Sales: CLUBx571@2.36 PZZAx23@57.62 DAVEx144@9.67 AVPx451@3.19 HHSx417@3.54 
Purchases: ETRMx7@192.12 NMRXx221@6.35 ENOCx299@4.70 CMTx93@15.00 MTSLx1406@1.00 

2015-11-08
Cash: 76.81
Held: CMTx93@15.37 ENOCx299@4.45 ETRMx7@177.88 NMRXx221@6.33 MTSLx1406@0.99 
Value: 6872.19
Sales: ETRMx7@177.88 ENOCx299@4.45 CMTx93@15.37 MTSLx1406@0.99 NMRXx221@6.33 
Purchases: LXUx187@7.34 MCZx3196@0.43 AVIDx216@6.35 TLRDx62@22.00 CMLSx613@2.24 

2015-11-09
Cash: 16.37
Held: LXUx187@7.76 CMLSx613@2.17 MCZx3196@0.40 TLRDx62@22.08 AVIDx216@6.24 
Value: 6792.38
Sales: LXUx187@7.76 AVIDx216@6.24 MCZx3196@0.40 TLRDx62@22.08 CMLSx613@2.17 
Purchases: CPSTx487@2.79 FSTRx119@11.41 HRIx82@16.38 EVEPx329@4.13 LABLx21@63.62 

2015-11-10
Cash: 39.47
Held: EVEPx329@3.85 HRIx82@16.38 LABLx21@61.59 FSTRx119@11.72 CPSTx487@2.17 
Value: 6393.50
Sales: CPSTx487@2.17 FSTRx119@11.72 HRIx82@16.38 EVEPx329@3.85 LABLx21@61.59 
Purchases: PLUGx695@1.84 RGSEx2130@0.60 FTKx146@8.72 RTKx335@3.81 SBx639@2.00 

2015-11-11
Cash: 9.13
Held: RGSEx2130@0.51 SBx639@2.01 PLUGx695@1.78 FTKx146@9.59 RTKx335@3.30 
Value: 6122.91
Sales: PLUGx695@1.78 RGSEx2130@0.51 FTKx146@9.59 RTKx335@3.30 SBx639@2.01 
Purchases: HKx2040@0.60 ATWx77@15.72 SGMSx144@8.50 ROSGx733@1.67 WTIx373@3.28 

2015-11-12
Cash: 17.13
Held: SGMSx144@7.93 ATWx77@15.78 WTIx373@3.33 HKx2040@0.58 ROSGx733@1.68 
Value: 6030.86
Sales: HKx2040@0.58 ATWx77@15.78 SGMSx144@7.93 ROSGx733@1.68 WTIx373@3.33 
Purchases: HHx8614@0.14 DGLYx220@5.48 MMSx23@51.66 WINTx4466@0.27 AAPx7@161.62 

2015-11-15
Cash: 93.69
Held: HHx8614@0.15 MMSx23@52.53 WINTx4466@0.23 DGLYx220@5.42 AAPx7@164.25 
Value: 5963.87
Sales: HHx8614@0.15 DGLYx220@5.42 WINTx4466@0.23 MMSx23@52.53 AAPx7@164.25 
Purchases: ZSLx19@61.44 TCIx119@10.00 FOSLx37@31.84 SPHSx511@2.33 OBCIx446@2.67 

2015-11-16
Cash: 46.89
Held: OBCIx446@2.63 SPHSx511@1.84 ZSLx19@61.97 TCIx119@8.30 FOSLx37@34.56 
Value: 5603.96
Sales: ZSLx19@61.97 TCIx119@8.30 FOSLx37@34.56 SPHSx511@1.84 OBCIx446@2.63 
Purchases: CPSTx565@1.98 MFCBx523@2.14 SPUx1807@0.62 NEWTx82@13.60 OHGIx1077@1.04 

2015-11-17
Cash: 9.44
Held: SPUx1807@0.59 MFCBx523@2.30 OHGIx1077@1.09 NEWTx82@13.95 CPSTx565@1.90 
Value: 5670.24
Sales: CPSTx565@1.90 NEWTx82@13.95 SPUx1807@0.59 MFCBx523@2.30 OHGIx1077@1.09 
Purchases: LEUx667@1.70 DGLYx264@4.29 OSIRx107@10.54 TCIx137@8.25 KOOLx4049@0.28 

2015-11-18
Cash: 12.13
Held: KOOLx4049@0.33 LEUx667@1.60 TCIx137@8.55 DGLYx264@4.08 OSIRx107@10.57 
Value: 5794.12
Sales: DGLYx264@4.08 TCIx137@8.55 OSIRx107@10.57 LEUx667@1.60 KOOLx4049@0.33 
Purchases: NCTYx579@2.00 SBx816@1.42 WKHSx2519@0.46 RADAx2695@0.43 CREGx4138@0.28 

2015-11-19
Cash: 1.40
Held: RADAx2695@0.45 CREGx4138@0.35 SBx816@1.23 NCTYx579@2.09 WKHSx2519@0.45 
Value: 6010.23
Sales: NCTYx579@2.09 SBx816@1.23 WKHSx2519@0.45 RADAx2695@0.45 CREGx4138@0.35 
Purchases: KIRKx93@12.91 FTKx116@10.33 TWIx286@4.19 UVEx65@18.47 LQDTx183@6.55 

2015-11-22
Cash: 13.88
Held: KIRKx93@13.80 TWIx286@4.10 UVEx65@21.47 LQDTx183@6.76 FTKx116@10.90 
Value: 6367.12
Sales: KIRKx93@13.80 FTKx116@10.90 TWIx286@4.10 UVEx65@21.47 LQDTx183@6.76 
Purchases: ASYSx296@4.30 CRMTx40@31.50 GASLx86@14.73 URREx2158@0.59 NMx929@1.37 

2015-11-23
Cash: 21.88
Held: ASYSx296@4.33 GASLx86@17.14 NMx929@1.50 CRMTx40@29.88 URREx2158@0.61 
Value: 6681.69
Sales: CRMTx40@29.88 ASYSx296@4.33 GASLx86@17.14 URREx2158@0.61 NMx929@1.50 
Purchases: TPLMx1630@0.82 OPHCx3341@0.40 EDNx76@17.58 APDNx441@3.03 GGALx51@25.84 

2015-11-24
Cash: 19.41
Held: APDNx441@3.02 EDNx76@17.55 GGALx51@24.45 OPHCx3341@0.45 TPLMx1630@0.80 
Value: 6738.67
Sales: TPLMx1630@0.80 OPHCx3341@0.45 EDNx76@17.55 APDNx441@3.02 GGALx51@24.45 
Purchases: XCRAx226@5.94 DFFNx2695@0.50 NFECx1531@0.88 PDCOx29@45.59 EVIx370@3.64 

2015-11-26
Cash: 32.06
Held: EVIx370@3.55 XCRAx226@5.83 NFECx1531@0.89 DFFNx2695@0.50 PDCOx29@45.59 
Value: 6695.52
Sales: EVIx370@3.55 DFFNx2695@0.50 XCRAx226@5.83 PDCOx29@45.59 NFECx1531@0.89 
Purchases: OBCIx600@2.23 HPQx106@12.61 CADCx801@1.67 BMAx23@57.03 WPCSx831@1.61 

2015-11-29
Cash: 33.12
Held: WPCSx831@1.65 HPQx106@12.54 OBCIx600@2.28 BMAx23@57.88 CADCx801@1.69 
Value: 6786.47
Sales: HPQx106@12.54 WPCSx831@1.65 CADCx801@1.69 BMAx23@57.88 OBCIx600@2.28 
Purchases: GALTx678@2.00 BTEx324@4.18 RDYx28@46.84 KONEx453@2.99 SMx46@29.38 

2015-11-30
Cash: 58.80
Held: BTEx324@4.35 GALTx678@2.00 KONEx453@4.38 RDYx28@48.06 SMx46@29.56 
Value: 7513.98
Sales: BTEx324@4.35 GALTx678@2.00 RDYx28@48.06 KONEx453@4.38 SMx46@29.56 
Purchases: UNISx2058@0.73 CRMTx57@26.02 ZUMZx100@14.94 MESOx247@6.08 GMANx497@3.02 

2015-12-01
Cash: 33.03
Held: ZUMZx100@14.94 MESOx247@5.75 CRMTx57@26.50 UNISx2058@0.72 GMANx497@2.99 
Value: 7425.88
Sales: CRMTx57@26.50 ZUMZx100@14.94 MESOx247@5.75 GMANx497@2.99 UNISx2058@0.72 
Purchases: MNIx1108@1.34 OPHCx3228@0.46 INVEx629@2.36 CORRx61@24.03 CMLSx545@2.72 

2015-12-02
Cash: 23.84
Held: MNIx1108@1.37 INVEx629@2.22 CORRx61@22.84 OPHCx3228@0.40 CMLSx545@2.60 
Value: 7039.90
Sales: MNIx1108@1.37 INVEx629@2.22 OPHCx3228@0.40 CORRx61@22.84 CMLSx545@2.60 
Purchases: ATVx188@7.48 NETEx7819@0.18 UTIx355@3.96 SPEXx8797@0.16 OGXIx998@1.41 

2015-12-03
Cash: 4.44
Held: OGXIx998@1.21 ATVx188@8.48 SPEXx8797@0.15 UTIx355@3.74 NETEx7819@0.26 
Value: 7486.14
Sales: ATVx188@8.48 NETEx7819@0.26 UTIx355@3.74 SPEXx8797@0.15 OGXIx998@1.21 
Purchases: SRSCx209@7.15 CYTKx132@11.29 TITNx146@10.19 KERXx287@5.20 PVHx18@81.81 

2015-12-06
Cash: 49.78
Held: SRSCx209@7.18 TITNx146@9.77 KERXx287@4.57 CYTKx132@11.06 PVHx18@80.50 
Value: 7198.19
Sales: SRSCx209@7.18 TITNx146@9.77 CYTKx132@11.06 KERXx287@4.57 PVHx18@80.50 
Purchases: PEDx8466@0.17 CRKx157@9.15 BKSx152@9.42 OGXIx1240@1.16 OIBR.Cx2248@0.64 

2015-12-07
Cash: 12.55
Held: OGXIx1240@1.17 PEDx8466@0.15 OIBR.Cx2248@0.60 BKSx152@9.44 CRKx157@11.15 
Value: 7267.18
Sales: PEDx8466@0.15 BKSx152@9.44 OIBR.Cx2248@0.60 CRKx157@11.15 OGXIx1240@1.17 
Purchases: SGYx299@4.86 TCCOx441@3.29 BTEx462@3.14 HNRx2505@0.58 VNRx484@3.00 

2015-12-08
Cash: 7.69
Held: BTEx462@3.14 HNRx2505@0.63 SGYx299@5.05 TCCOx441@3.20 VNRx484@2.88 
Value: 7351.89
Sales: BTEx462@3.14 SGYx299@5.05 HNRx2505@0.63 VNRx484@2.88 TCCOx441@3.20 
Purchases: USEGx11310@0.13 VTNRx1073@1.37 HLITx338@4.34 RASx521@2.82 RELVx3063@0.48 

2015-12-09
Cash: 4.96
Held: RELVx3063@0.46 VTNRx1073@1.32 HLITx338@4.30 USEGx11310@0.14 RASx521@2.63 
Value: 7238.43
Sales: USEGx11310@0.14 RASx521@2.63 VTNRx1073@1.32 RELVx3063@0.46 HLITx338@4.30 
Purchases: CENTAx88@16.30 CLNTx1056@1.37 XRAx4385@0.33 MSBx327@4.42 AEZSx309@4.68 

2015-12-10
Cash: 18.09
Held: XRAx4385@0.36 CENTAx88@15.71 CLNTx1056@1.28 MSBx327@4.30 AEZSx309@4.42 
Value: 7104.41
Sales: CENTAx88@15.71 CLNTx1056@1.28 XRAx4385@0.36 MSBx327@4.30 AEZSx309@4.42 
Purchases: SNGXx2732@0.52 EDUCx101@13.95 NAVx160@8.85 CIENx71@19.81 TLRDx95@14.81 

2015-12-13
Cash: 44.32
Held: CIENx71@19.28 EDUCx101@13.86 NAVx160@8.19 SNGXx2732@0.55 TLRDx95@13.48 
Value: 6905.43
Sales: SNGXx2732@0.55 EDUCx101@13.86 NAVx160@8.19 CIENx71@19.28 TLRDx95@13.48 
Purchases: CYTXx354@3.89 IFMIx1278@1.08 WLLx126@10.92 INVTx690@2.00 TPIVx2030@0.68 

2015-12-14
Cash: 10.89
Held: INVTx690@2.04 IFMIx1278@1.17 TPIVx2030@0.66 WLLx126@11.54 CYTXx354@3.68 
Value: 7009.66
Sales: IFMIx1278@1.17 CYTXx354@3.68 INVTx690@2.04 WLLx126@11.54 TPIVx2030@0.66 
Purchases: ADXSx168@8.30 WKHSx186@7.50 DRWIx631@2.22 ALIMx617@2.27 GAZx4521@0.31 

2015-12-15
Cash: 17.44
Held: ADXSx168@10.92 ALIMx617@2.36 DRWIx631@2.60 GAZx4521@0.39 WKHSx186@7.05 
Value: 8022.55
Sales: ADXSx168@10.92 WKHSx186@7.05 DRWIx631@2.60 ALIMx617@2.36 GAZx4521@0.39 
Purchases: LDRx52@30.36 FCELx293@5.46 KMTx88@18.17 AMTXx706@2.27 ATIx151@10.59 

2015-12-16
Cash: 42.74
Held: ATIx151@10.47 LDRx52@29.55 FCELx293@5.69 AMTXx706@2.26 KMTx88@17.94 
Value: 8001.44
Sales: LDRx52@29.55 FCELx293@5.69 KMTx88@17.94 AMTXx706@2.26 ATIx151@10.47 
Purchases: SBOTx211@7.57 KMTx89@17.94 NAVx200@7.98 LAKEx140@11.36 GPNx24@64.19 

2015-12-17
Cash: 80.76
Held: LAKEx140@11.38 GPNx24@63.81 NAVx200@8.57 SBOTx211@7.09 KMTx89@18.09 
Value: 8026.21
Sales: GPNx24@63.81 KMTx89@18.09 NAVx200@8.57 LAKEx140@11.38 SBOTx211@7.09 
Purchases: CWEIx51@31.22 CPLPx317@5.05 PIIx18@84.75 HEBx22929@0.07 KOOLx6979@0.23 

2015-12-20
Cash: 97.23
Held: CWEIx51@29.75 PIIx18@83.31 KOOLx6979@0.22 HEBx22929@0.09 CPLPx317@5.09 
Value: 8326.99
Sales: CWEIx51@29.75 PIIx18@83.31 CPLPx317@5.09 HEBx22929@0.09 KOOLx6979@0.22 
Purchases: CYTXx597@2.79 DTRMx781@2.13 IDXGx3029@0.55 RCMTx354@4.70 ACTGx379@4.39 

2015-12-21
Cash: 4.79
Held: DTRMx781@2.00 RCMTx354@4.74 IDXGx3029@0.53 ACTGx379@3.96 CYTXx597@2.84 
Value: 8045.44
Sales: CYTXx597@2.84 ACTGx379@3.96 IDXGx3029@0.53 RCMTx354@4.74 DTRMx781@2.00 
Purchases: UAMYx6436@0.25 OMEXx6188@0.26 VRTBx576@2.79 GLUUx721@2.23 SPEx126@12.75 

2015-12-22
Cash: 6.33
Held: SPEx126@12.86 VRTBx576@2.77 UAMYx6436@0.27 GLUUx721@2.51 OMEXx6188@0.25 
Value: 8316.25
Sales: UAMYx6436@0.27 OMEXx6188@0.25 VRTBx576@2.77 GLUUx721@2.51 SPEx126@12.86 
Purchases: PLUSx17@93.12 NBYx635@2.62 GMOx8318@0.20 CAPRx538@3.09 SCSx115@14.41 

2015-12-23
Cash: 87.72
Held: CAPRx538@2.97 NBYx635@2.24 GMOx8318@0.20 SCSx115@14.65 PLUSx17@93.38 
Value: 8043.65
Sales: PLUSx17@93.38 NBYx635@2.24 GMOx8318@0.20 SCSx115@14.65 CAPRx538@2.97 
Purchases: CCMx333@4.82 MYOSx773@2.08 SCOx12@128.88 KFx49@32.47 CIG.Cx893@1.80 

2015-12-27
Cash: 85.89
Held: CIG.Cx893@1.86 SCOx12@137.25 CCMx333@4.94 MYOSx773@1.88 KFx49@32.28 
Value: 8074.60
Sales: CCMx333@4.94 MYOSx773@1.88 SCOx12@137.25 KFx49@32.28 CIG.Cx893@1.86 
Purchases: ETRMx14@110.25 RLOGx1015@1.59 VRTBx659@2.45 MXCx640@2.52 RNVAx1153@1.40 

2015-12-28
Cash: 76.22
Held: VRTBx659@2.54 RNVAx1153@1.35 ETRMx14@111.31 MXCx640@2.39 RLOGx1015@1.55 
Value: 7966.99
Sales: ETRMx14@111.31 RLOGx1015@1.55 VRTBx659@2.54 MXCx640@2.39 RNVAx1153@1.35 
Purchases: OPHCx4827@0.33 ITUSx624@2.55 GTXIx2309@0.69 GOROx880@1.81 IDSAx1146@1.39 

2015-12-29
Cash: 3.98
Held: ITUSx624@3.01 GTXIx2309@0.71 GOROx880@1.69 OPHCx4827@0.40 IDSAx1146@1.30 
Value: 8428.86
Sales: OPHCx4827@0.40 GOROx880@1.69 GTXIx2309@0.71 IDSAx1146@1.30 ITUSx624@3.01 
Purchases: HQCLx77@21.88 DWSNx523@3.22 GLBSx11236@0.15 CAFx85@19.80 DRYSx7@238.50 

2015-12-30
Cash: 22.15
Held: HQCLx77@21.94 GLBSx11236@0.14 CAFx85@19.91 DWSNx523@3.46 DRYSx7@260.75 
Value: 8611.89
Sales: HQCLx77@21.94 DWSNx523@3.46 GLBSx11236@0.14 CAFx85@19.91 DRYSx7@260.75 
Purchases: SCONx8203@0.21 SAJAx459@3.75 NFECx2359@0.73 TRTx617@2.79 NUROx869@1.98 

2016-01-03
Cash: 4.43
Held: NUROx869@1.86 NFECx2359@0.86 TRTx617@2.90 SAJAx459@3.75 SCONx8203@0.19 
Value: 8718.37
Sales: SCONx8203@0.19 SAJAx459@3.75 NFECx2359@0.86 TRTx617@2.90 NUROx869@1.86 
Purchases: BGIx4980@0.35 INVTx1118@1.56 AXNx2723@0.64 OHGIx1515@1.15 OREXx1019@1.71 

2016-01-04
Cash: 2.90
Held: INVTx1118@1.49 OHGIx1515@1.11 OREXx1019@1.79 AXNx2723@0.80 BGIx4980@0.34 
Value: 9046.72
Sales: AXNx2723@0.80 INVTx1118@1.49 OREXx1019@1.79 OHGIx1515@1.11 BGIx4980@0.34 
Purchases: AVDx157@11.49 PERIx615@2.94 SRIx134@13.49 YINNx114@15.76 DRYSx7@237.75 

2016-01-05
Cash: 166.09
Held: PERIx615@2.90 AVDx157@11.48 SRIx134@12.52 YINNx114@14.74 DRYSx7@222.12 
Value: 8665.28
Sales: AVDx157@11.48 PERIx615@2.90 SRIx134@12.52 YINNx114@14.74 DRYSx7@222.12 
Purchases: MNKDx2374@0.73 SAUCx952@1.82 IDXGx5095@0.34 NAVx198@8.73 RBCNx1420@1.22 

2016-01-06
Cash: 6.75
Held: MNKDx2374@0.69 IDXGx5095@0.34 RBCNx1420@1.14 NAVx198@7.99 SAUCx952@1.75 
Value: 8243.40
Sales: MNKDx2374@0.69 NAVx198@7.99 SAUCx952@1.75 IDXGx5095@0.34 RBCNx1420@1.14 
Purchases: SBLKx4339@0.38 HGGx659@2.50 INVEx872@1.89 GASLx412@4.00 SMx103@15.98 

2016-01-07
Cash: 6.23
Held: INVEx872@1.86 GASLx412@4.31 SMx103@16.19 SBLKx4339@0.44 HGGx659@2.15 
Value: 8396.92
Sales: SBLKx4339@0.44 HGGx659@2.15 INVEx872@1.86 GASLx412@4.31 SMx103@16.19 
Purchases: CLBSx3229@0.52 SBx3651@0.46 HKx1975@0.85 HLTHx696@2.41 GALEx2125@0.79 

2016-01-10
Cash: 3.21
Held: GALEx2125@0.80 HLTHx696@2.43 SBx3651@0.40 CLBSx3229@0.53 HKx1975@0.64 
Value: 7828.85
Sales: CLBSx3229@0.53 GALEx2125@0.80 HKx1975@0.64 HLTHx696@2.43 SBx3651@0.40 
Purchases: SORLx915@1.71 GPSx69@22.69 JNPx278@5.62 SSNx2609@0.60 CBMGx95@16.42 

2016-01-11
Cash: 10.40
Held: JNPx278@5.78 SSNx2609@0.49 SORLx915@1.72 GPSx69@22.84 CBMGx95@15.90 
Value: 7556.09
Sales: SORLx915@1.72 GPSx69@22.84 JNPx278@5.78 CBMGx95@15.90 SSNx2609@0.49 
Purchases: FCXx367@4.11 HKx2605@0.58 GNVCx2436@0.62 BCLIx680@2.22 THMx7557@0.20 

2016-01-12
Cash: 5.14
Held: FCXx367@3.74 HKx2605@0.58 BCLIx680@1.92 GNVCx2436@0.59 THMx7557@0.22 
Value: 7293.63
Sales: FCXx367@3.74 HKx2605@0.58 GNVCx2436@0.59 BCLIx680@1.92 THMx7557@0.22 
Purchases: GNVCx2473@0.59 SSNx3171@0.46 GASLx515@2.83 INVAx177@8.23 MVOx361@4.03 

2016-01-13
Cash: 7.54
Held: SSNx3171@0.52 INVAx177@8.93 GASLx515@3.10 GNVCx2473@0.56 MVOx361@4.24 
Value: 7748.42
Sales: GNVCx2473@0.56 SSNx3171@0.52 GASLx515@3.10 INVAx177@8.93 MVOx361@4.24 
Purchases: AEHRx1019@1.52 ESEAx670@2.31 GLBSx12914@0.12 CLSNx1131@1.37 AXLx114@13.48 

2016-01-14
Cash: 16.40
Held: AEHRx1019@1.44 ESEAx670@2.36 GLBSx12914@0.09 CLSNx1131@1.29 AXLx114@13.43 
Value: 7217.61
Sales: AEHRx1019@1.44 AXLx114@13.43 GLBSx12914@0.09 CLSNx1131@1.29 ESEAx670@2.36 
Purchases: HBMx711@2.03 NAKx6014@0.24 SYMXx2122@0.68 CURx176@8.19 INSGx1193@1.21 

2016-01-18
Cash: 3.66
Held: SYMXx2122@0.63 HBMx711@1.96 NAKx6014@0.22 INSGx1193@1.16 CURx176@7.67 
Value: 6791.02
Sales: HBMx711@1.96 NAKx6014@0.22 SYMXx2122@0.63 CURx176@7.67 INSGx1193@1.16 
Purchases: ATWx225@6.01 SRPTx101@13.44 OSIRx193@7.01 WKHSx306@4.43 CBMGx112@12.08 

2016-01-19
Cash: 19.70
Held: SRPTx101@13.26 ATWx225@6.01 OSIRx193@7.27 WKHSx306@4.50 CBMGx112@13.61 
Value: 7015.65
Sales: ATWx225@6.01 SRPTx101@13.26 CBMGx112@13.61 WKHSx306@4.50 OSIRx193@7.27 
Purchases: SMSIx2698@0.52 HKx4383@0.32 NRPx2033@0.69 SMx143@9.78 COOLx354@3.96 

2016-01-20
Cash: 6.23
Held: COOLx354@4.32 NRPx2033@0.88 SMSIx2698@0.56 SMx143@12.32 HKx4383@0.41 
Value: 8393.91
Sales: SMSIx2698@0.56 HKx4383@0.41 NRPx2033@0.88 SMx143@12.32 COOLx354@4.32 
Purchases: AXDXx110@15.22 TOPSx8838@0.19 PNRGx42@39.22 WAFDWx397@4.22 TCBIWx86@19.36 

2016-01-21
Cash: 54.21
Held: TOPSx8838@0.30 AXDXx110@14.90 WAFDWx397@4.64 TCBIWx86@19.88 PNRGx42@38.00 
Value: 9492.45
Sales: WAFDWx397@4.64 AXDXx110@14.90 TOPSx8838@0.30 TCBIWx86@19.88 PNRGx42@38.00 
Purchases: TCBIx56@33.47 UUUx474@4.00 RDNx185@10.24 MTGx301@6.30 PTIEx1186@1.60 

2016-01-24
Cash: 33.72
Held: TCBIx56@32.31 PTIEx1186@1.61 UUUx474@4.08 RDNx185@9.37 MTGx301@5.66 
Value: 9122.77
Sales: TCBIx56@32.31 UUUx474@4.08 RDNx185@9.37 MTGx301@5.66 PTIEx1186@1.61 
Purchases: AXPx33@55.03 UAMYx7298@0.25 OPHCx498@3.66 DGIIx211@8.62 NTNx16589@0.11 

2016-01-25
Cash: 16.70
Held: UAMYx7298@0.25 DGIIx211@9.03 AXPx33@55.09 OPHCx498@3.81 NTNx16589@0.14 
Value: 9785.25
Sales: UAMYx7298@0.25 OPHCx498@3.81 AXPx33@55.09 DGIIx211@9.03 NTNx16589@0.14 
Purchases: ASCMAx187@10.44 GEN           x1165@1.68 GENx1165@1.68 EVRIx658@2.97 BONTx1118@1.75 

2016-01-26
Cash: 8.54
Held: GEN           x1165@1.71 GENx1165@1.71 ASCMAx187@10.98 BONTx1118@1.60 EVRIx658@2.88 
Value: 9729.33
Sales: ASCMAx187@10.98 GEN           x1165@1.71 GENx1165@1.71 EVRIx658@2.88 BONTx1118@1.60 
Purchases: ETRMx28@69.31 CVOx486@4.00 AMSx1239@1.57 DFFNx1341@1.45 AMTXx972@2.00 

2016-01-27
Cash: 10.26
Held: CVOx486@4.00 AMTXx972@2.24 DFFNx1341@1.30 ETRMx28@64.50 AMSx1239@1.57 
Value: 9626.42
Sales: ETRMx28@64.50 CVOx486@4.00 DFFNx1341@1.30 AMSx1239@1.57 AMTXx972@2.24 
Purchases: DVx99@19.38 LPTHx792@2.43 TSSx50@37.97 CGGx1@1608.00 LCIx78@24.42 

2016-01-28
Cash: 372.64
Held: DVx99@19.91 TSSx50@40.16 LPTHx792@2.92 CGGx1@1034.00 LCIx78@25.52 
Value: 9687.97
Sales: DVx99@19.91 LPTHx792@2.92 TSSx50@40.16 CGGx1@1034.00 LCIx78@25.52 
Purchases: TGIx75@25.50 NTCTx89@21.55 LANCx19@101.69 EXTRx702@2.76 CLDXx233@8.30 

2016-01-31
Cash: 55.20
Held: CLDXx233@8.19 TGIx75@25.19 NTCTx89@20.94 EXTRx702@2.82 LANCx19@102.12 
Value: 9635.63
Sales: EXTRx702@2.82 TGIx75@25.19 LANCx19@102.12 CLDXx233@8.19 NTCTx89@20.94 
Purchases: QTMx4380@0.44 MOG.Bx44@43.09 PRZMx2793@0.69 CGGx1@1008.50 DCTHx6644@0.29 

2016-02-01
Cash: 950.03
Held: DCTHx6644@0.27 PRZMx2793@0.61 MOG.Bx44@40.59 QTMx4380@0.48 CGGx1@891.50 
Value: 9227.33
Sales: CGGx1@891.50 QTMx4380@0.48 PRZMx2793@0.61 MOG.Bx44@40.59 DCTHx6644@0.27 
Purchases: TEARx1942@0.95 PEDx9229@0.20 DFBGx280@6.57 MTLx1246@1.48 DNRx1550@1.19 

2016-02-02
Cash: 7.18
Held: DNRx1550@1.48 PEDx9229@0.20 DFBGx280@6.95 TEARx1942@0.85 MTLx1246@1.69 
Value: 9850.20
Sales: PEDx9229@0.20 TEARx1942@0.85 DFBGx280@6.95 MTLx1246@1.69 DNRx1550@1.48 
Purchases: AXON          x148@13.24 AXEx48@40.62 BRSx99@19.80 IDTIx108@18.16 PXLWx1406@1.40 

2016-02-03
Cash: 50.65
Held: PXLWx1406@1.40 BRSx99@19.50 AXON          x148@13.39 IDTIx108@18.69 AXEx48@42.00 
Value: 9966.16
Sales: AXON          x148@13.39 AXEx48@42.00 BRSx99@19.50 IDTIx108@18.69 PXLWx1406@1.40 
Purchases: WMLPx552@3.61 JLLx16@117.75 NMMx1356@1.47 RDWRx175@11.33 PGCx112@17.69 

2016-02-04
Cash: 133.41
Held: NMMx1356@1.38 PGCx112@17.72 RDWRx175@10.94 JLLx16@111.25 WMLPx552@3.79 
Value: 9774.66
Sales: WMLPx552@3.79 JLLx16@111.25 NMMx1356@1.38 PGCx112@17.72 RDWRx175@10.94 
Purchases: RLx22@87.25 SHIPx571@3.42 PPPx1206@1.62 GRAx29@67.06 SPSCx40@48.09 

2016-02-07
Cash: 79.96
Held: GRAx29@64.94 SHIPx571@3.04 RLx22@85.25 PPPx1206@1.68 SPSCx40@45.31 
Value: 9412.15
Sales: RLx22@85.25 SPSCx40@45.31 SHIPx571@3.04 PPPx1206@1.68 GRAx29@64.94 
Purchases: BZHx297@6.32 KMPRx73@25.52 ESLx36@52.19 YRCWx278@6.76 SWIRx183@10.26 

2016-02-08
Cash: 36.69
Held: SWIRx183@10.41 ESLx36@52.66 KMPRx73@25.55 YRCWx278@6.84 BZHx297@6.50 
Value: 9533.56
Sales: BZHx297@6.50 KMPRx73@25.55 ESLx36@52.66 YRCWx278@6.84 SWIRx183@10.41 
Purchases: IKGHx1749@1.09 CYRXx1781@1.07 CHKx977@1.95 MCZx7626@0.25 EVLVx3346@0.57 

2016-02-09
Cash: 2.72
Held: CHKx977@1.70 EVLVx3346@0.58 IKGHx1749@1.15 CYRXx1781@1.10 MCZx7626@0.22 
Value: 9252.69
Sales: IKGHx1749@1.15 CYRXx1781@1.10 CHKx977@1.70 MCZx7626@0.22 EVLVx3346@0.58 
Purchases: UNTx250@7.39 BSPMx1194@1.55 TCBIWx103@17.80 IOx550@3.36 ATECx9742@0.19 

2016-02-10
Cash: 23.42
Held: ATECx9742@0.21 IOx550@2.71 TCBIWx103@16.80 UNTx250@6.85 BSPMx1194@1.46 
Value: 8746.04
Sales: BSPMx1194@1.46 UNTx250@6.85 TCBIWx103@16.80 IOx550@2.71 ATECx9742@0.21 
Purchases: KSx185@9.43 CALXx295@5.91 KFRCx114@15.23 OESXx1410@1.24 NXTMx120@14.57 

2016-02-11
Cash: 25.06
Held: CALXx295@5.67 KFRCx114@15.58 NXTMx120@14.00 OESXx1410@1.20 KSx185@9.43 
Value: 8590.93
Sales: CALXx295@5.67 KSx185@9.43 KFRCx114@15.58 OESXx1410@1.20 NXTMx120@14.00 
Purchases: DRWIx959@1.79 NRGx179@9.58 DYNx203@8.45 FLOx109@15.71 HLXx653@2.63 

2016-02-15
Cash: 13.37
Held: HLXx653@3.02 NRGx179@9.70 FLOx109@16.20 DRWIx959@1.83 DYNx203@8.05 
Value: 8876.69
Sales: DRWIx959@1.83 NRGx179@9.70 DYNx203@8.05 FLOx109@16.20 HLXx653@3.02 
Purchases: FAZx31@56.59 ERYx54@32.62 GNMKx373@4.75 NUSx61@28.98 EVLVx3550@0.50 

2016-02-16
Cash: 45.74
Held: GNMKx373@4.90 ERYx54@29.45 EVLVx3550@0.51 FAZx31@54.41 NUSx61@29.36 
Value: 8750.51
Sales: FAZx31@54.41 NUSx61@29.36 GNMKx373@4.90 ERYx54@29.45 EVLVx3550@0.51 
Purchases: SITOx714@2.45 EGOx627@2.79 PPPx1159@1.51 SENEBx51@33.75 DTRMx1017@1.72 

2016-02-17
Cash: 32.99
Held: DTRMx1017@1.56 PPPx1159@1.45 SENEBx51@33.75 SITOx714@2.35 EGOx627@3.00 
Value: 8579.72
Sales: SITOx714@2.35 PPPx1159@1.45 EGOx627@3.00 SENEBx51@33.75 DTRMx1017@1.56 
Purchases: FALCx1151@1.49 AXNx2318@0.74 CASYx16@104.94 MXWLx337@5.08 IVCx138@12.37 

2016-02-18
Cash: 51.60
Held: CASYx16@107.19 AXNx2318@0.77 IVCx138@12.50 FALCx1151@1.49 MXWLx337@5.41 
Value: 8814.99
Sales: FALCx1151@1.49 AXNx2318@0.77 CASYx16@107.19 MXWLx337@5.41 IVCx138@12.50 
Purchases: TYLx14@121.56 FFBCWx236@7.45 CGNTx1729@1.02 FPPx5508@0.32 CRKx339@5.20 

2016-02-21
Cash: 66.85
Held: FFBCWx236@7.45 CGNTx1729@1.09 TYLx14@120.94 CRKx339@5.20 FPPx5508@0.35 
Value: 9093.21
Sales: TYLx14@120.94 FFBCWx236@7.45 CGNTx1729@1.09 FPPx5508@0.35 CRKx339@5.20 
Purchases: IMHx138@13.15 RAILx101@17.95 CRVPx2456@0.74 INAPx909@2.00 TRNx111@16.38 

2016-02-22
Cash: 11.82
Held: CRVPx2456@0.76 IMHx138@13.20 TRNx111@15.73 RAILx101@16.33 INAPx909@2.09 
Value: 8994.29
Sales: CRVPx2456@0.76 TRNx111@15.73 RAILx101@16.33 INAPx909@2.09 IMHx138@13.20 
Purchases: NYNYx133@13.45 LLx159@11.27 VHCx347@5.18 CCCx127@14.13 EXKx1117@1.61 

2016-02-23
Cash: 21.57
Held: VHCx347@5.17 CCCx127@14.31 NYNYx133@13.54 EXKx1117@1.68 LLx159@11.39 
Value: 9121.91
Sales: NYNYx133@13.54 LLx159@11.39 CCCx127@14.31 VHCx347@5.17 EXKx1117@1.68 
Purchases: NLSx103@17.66 CTGx370@4.92 FFHLx3443@0.53 JAKKx288@6.33 AREXx2723@0.67 

2016-02-24
Cash: 11.47
Held: CTGx370@4.76 NLSx103@18.06 AREXx2723@0.66 JAKKx288@6.64 FFHLx3443@0.53 
Value: 9167.90
Sales: NLSx103@18.06 CTGx370@4.76 FFHLx3443@0.53 JAKKx288@6.64 AREXx2723@0.66 
Purchases: UNISx2014@0.91 EXASx316@5.80 GOGLx3395@0.54 SKLNx1309@1.40 GSTx3006@0.61 

2016-02-25
Cash: 2.01
Held: SKLNx1309@1.06 GOGLx3395@0.56 GSTx3006@0.66 UNISx2014@0.91 EXASx316@5.70 
Value: 8908.82
Sales: UNISx2014@0.91 EXASx316@5.70 GOGLx3395@0.56 SKLNx1309@1.06 GSTx3006@0.66 
Purchases: IMMYx436@4.08 NTESx13@135.38 OIBR.Cx1041@1.71 XKEx365@4.88 ZBRAx29@59.53 

2016-02-28
Cash: 83.61
Held: NTESx13@134.62 ZBRAx29@61.78 XKEx365@5.16 OIBR.Cx1041@1.50 IMMYx436@4.08 
Value: 8848.41
Sales: IMMYx436@4.08 NTESx13@134.62 XKEx365@5.16 OIBR.Cx1041@1.50 ZBRAx29@61.78 
Purchases: PPHMx4425@0.40 LTRXx2131@0.83 OREXx2492@0.71 FNCXx3159@0.56 HSCx467@3.79 

2016-02-29
Cash: 2.01
Held: FNCXx3159@0.50 HSCx467@3.67 OREXx2492@0.71 PPHMx4425@0.39 LTRXx2131@0.94 
Value: 8792.87
Sales: FNCXx3159@0.50 PPHMx4425@0.39 OREXx2492@0.71 LTRXx2131@0.94 HSCx467@3.67 
Purchases: FSSx154@11.35 VRXx26@65.44 IPIx2625@0.67 SKLNx4090@0.43 OCNx833@2.11 

2016-03-01
Cash: 69.28
Held: SKLNx4090@0.35 FSSx154@11.60 IPIx2625@0.87 OCNx833@2.27 VRXx26@67.50 
Value: 9217.40
Sales: VRXx26@67.50 IPIx2625@0.87 FSSx154@11.60 SKLNx4090@0.35 OCNx833@2.27 
Purchases: ITGRx58@31.70 RMTIx295@6.23 SKLNx5265@0.35 GSLx1676@1.10 SQQQx89@20.59 

2016-03-02
Cash: 21.58
Held: ITGRx58@33.88 SKLNx5265@0.33 RMTIx295@6.10 SQQQx89@20.70 GSLx1676@1.18 
Value: 9343.88
Sales: ITGRx58@33.88 RMTIx295@6.10 SKLNx5265@0.33 GSLx1676@1.18 SQQQx89@20.70 
Purchases: TORMx532@3.51 KONAx152@12.27 SKLNx5661@0.33 CVGWx38@48.50 HGSHx1334@1.40 

2016-03-03
Cash: 31.43
Held: TORMx532@3.59 KONAx152@13.30 SKLNx5661@0.34 CVGWx38@47.84 HGSHx1334@1.43 
Value: 9612.86
Sales: TORMx532@3.59 KONAx152@13.30 SKLNx5661@0.34 CVGWx38@47.84 HGSHx1334@1.43 
Purchases: NYMXx814@2.36 OPXAx961@2.00 GTXIx3203@0.60 DMRCx70@27.20 ERJx77@24.69 

2016-03-06
Cash: 43.06
Held: OPXAx961@2.17 GTXIx3203@0.60 ERJx77@25.30 NYMXx814@2.49 DMRCx70@27.11 
Value: 9923.03
Sales: OPXAx961@2.17 NYMXx814@2.49 DMRCx70@27.11 GTXIx3203@0.60 ERJx77@25.30 
Purchases: WLFCx100@19.80 PLMx2004@0.99 SNAKx354@5.60 SNMXx686@2.89 IINx307@6.45 

2016-03-07
Cash: 13.08
Held: IINx307@6.80 SNAKx354@5.55 WLFCx100@20.48 SNMXx686@2.81 PLMx2004@0.87 
Value: 9786.08
Sales: SNAKx354@5.55 WLFCx100@20.48 PLMx2004@0.87 IINx307@6.80 SNMXx686@2.81 
Purchases: SSRIx335@5.83 CYRXx1093@1.79 JJTx52@37.62 CLDXx531@3.68 CREEx69@28.34 

2016-03-08
Cash: 11.02
Held: CREEx69@28.98 SSRIx335@5.86 JJTx52@37.62 CLDXx531@3.62 CYRXx1093@1.76 
Value: 9775.52
Sales: SSRIx335@5.86 CYRXx1093@1.76 JJTx52@37.62 CREEx69@28.98 CLDXx531@3.62 
Purchases: CWEIx123@15.78 TISAx953@2.05 CLFx757@2.58 UNTx216@9.02 OCLRx493@3.96 

2016-03-09
Cash: 25.11
Held: CWEIx123@12.44 CLFx757@2.48 TISAx953@2.04 UNTx216@9.29 OCLRx493@4.17 
Value: 9439.03
Sales: CWEIx123@12.44 TISAx953@2.04 CLFx757@2.48 UNTx216@9.29 OCLRx493@4.17 
Purchases: MBOTx7551@0.25 HOVx1284@1.47 UISx249@7.58 DSXx734@2.57 DRYSx11@164.12 

2016-03-10
Cash: 85.21
Held: MBOTx7551@0.26 UISx249@7.67 HOVx1284@1.43 DSXx734@2.65 DRYSx11@129.00 
Value: 9158.95
Sales: MBOTx7551@0.26 HOVx1284@1.43 UISx249@7.67 DRYSx11@129.00 DSXx734@2.65 
Purchases: CWEIx154@11.83 IFONx1621@1.13 RAVNx135@13.49 MGPIx83@21.89 PTXx1071@1.71 

2016-03-13
Cash: 36.14
Held: CWEIx154@10.69 IFONx1621@1.12 RAVNx135@14.00 PTXx1071@1.56 MGPIx83@22.66 
Value: 8938.50
Sales: CWEIx154@10.69 IFONx1621@1.12 RAVNx135@14.00 MGPIx83@22.66 PTXx1071@1.56 
Purchases: SGYx960@1.86 ACATx111@16.08 YANGx16@106.50 FXPx39@45.00 QUIKx1501@1.19 

2016-03-14
Cash: 122.05
Held: FXPx39@45.47 QUIKx1501@1.16 ACATx111@15.63 SGYx960@1.54 YANGx16@108.06 
Value: 8579.41
Sales: SGYx960@1.54 YANGx16@108.06 ACATx111@15.63 FXPx39@45.47 QUIKx1501@1.16 
Purchases: HHSx623@2.75 MTx420@4.08 ASTCx893@1.92 TGDx7800@0.22 TAx225@7.61 

2016-03-15
Cash: 10.97
Held: ASTCx893@1.83 MTx420@4.26 TGDx7800@0.24 TAx225@7.48 HHSx623@2.85 
Value: 8765.49
Sales: HHSx623@2.85 MTx420@4.26 ASTCx893@1.83 TGDx7800@0.24 TAx225@7.48 
Purchases: GOLx247@7.08 MDGLx7622@0.23 NRPx190@9.19 DEPOx123@14.18 PTXx1511@1.16 

2016-03-16
Cash: 21.56
Held: GOLx247@8.30 NRPx190@9.50 PTXx1511@0.99 MDGLx7622@0.23 DEPOx123@13.28 
Value: 8758.64
Sales: GOLx247@8.30 MDGLx7622@0.23 NRPx190@9.50 DEPOx123@13.28 PTXx1511@0.99 
Purchases: FNCXx6255@0.28 CBLIx689@2.54 CALLx243@7.18 EEIx181@9.65 GCBCx98@17.80 

2016-03-17
Cash: 22.52
Held: CBLIx689@2.53 CALLx243@7.17 FNCXx6255@0.29 GCBCx98@16.55 EEIx181@10.61 
Value: 8864.05
Sales: FNCXx6255@0.29 CBLIx689@2.53 CALLx243@7.17 EEIx181@10.61 GCBCx98@16.55 
Purchases: CBLIx700@2.53 JBLx90@19.59 PRZMx4789@0.37 BZQx44@39.62 PTXx1970@0.90 

2016-03-20
Cash: 41.31
Held: CBLIx700@2.56 PRZMx4789@0.35 PTXx1970@0.92 BZQx44@39.31 JBLx90@19.62 
Value: 8818.56
Sales: CBLIx700@2.56 JBLx90@19.62 PRZMx4789@0.35 BZQx44@39.31 PTXx1970@0.92 
Purchases: BEBEx339@5.20 TGCx10372@0.17 VNRx1130@1.56 SPEXx913@1.93 SGYPx632@2.79 

2016-03-21
Cash: 5.52
Held: TGCx10372@0.17 SPEXx913@1.85 BEBEx339@5.20 VNRx1130@1.57 SGYPx632@2.59 
Value: 8631.68
Sales: BEBEx339@5.20 TGCx10372@0.17 VNRx1130@1.57 SPEXx913@1.85 SGYPx632@2.59 
Purchases: CBMXx407@4.24 DESTx196@8.78 ECTx1307@1.32 NCTYx777@2.22 EGTx981@1.76 

2016-03-22
Cash: 8.11
Held: ECTx1307@1.28 DESTx196@7.92 NCTYx777@2.33 EGTx981@1.92 CBMXx407@4.10 
Value: 8597.36
Sales: DESTx196@7.92 NCTYx777@2.33 CBMXx407@4.10 ECTx1307@1.28 EGTx981@1.92 
Purchases: UAMYx9052@0.19 GIIIx39@43.84 PNRGx46@36.97 INFIx325@5.28 VIIx1668@1.03 

2016-03-23
Cash: 32.64
Held: GIIIx39@45.38 UAMYx9052@0.20 INFIx325@5.06 VIIx1668@1.06 PNRGx46@36.50 
Value: 8702.63
Sales: UAMYx9052@0.20 GIIIx39@45.38 VIIx1668@1.06 INFIx325@5.06 PNRGx46@36.50 
Purchases: BAKx137@12.62 SCONx9163@0.19 CLMTx153@11.33 HGSHx911@1.91 INSYx101@17.12 

2016-03-27
Cash: 30.66
Held: BAKx137@12.86 INSYx101@16.30 HGSHx911@1.83 CLMTx153@11.46 SCONx9163@0.17 
Value: 8417.22
Sales: INSYx101@16.30 CLMTx153@11.46 BAKx137@12.86 HGSHx911@1.83 SCONx9163@0.17 
Purchases: TPLMx3005@0.56 YANGx64@26.20 SIGMx268@6.26 UTHRx15@108.50 SPHSx1228@1.37 

2016-03-28
Cash: 69.10
Held: SIGMx268@6.78 UTHRx15@109.62 SPHSx1228@1.43 TPLMx3005@0.54 YANGx64@25.38 
Value: 8533.32
Sales: TPLMx3005@0.54 YANGx64@25.38 SIGMx268@6.78 UTHRx15@109.62 SPHSx1228@1.43 
Purchases: BGIx4267@0.40 CHNRx958@1.78 GNVCx2369@0.72 APRIx277@6.15 MBVXx2437@0.70 

2016-03-29
Cash: 5.75
Held: CHNRx958@1.45 GNVCx2369@0.74 APRIx277@6.15 BGIx4267@0.40 MBVXx2437@0.70 
Value: 8264.53
Sales: CHNRx958@1.45 GNVCx2369@0.74 MBVXx2437@0.70 APRIx277@6.15 BGIx4267@0.40 
Purchases: DESTx229@7.21 TZAx38@43.34 SRTYx58@28.38 LBIXx830@1.99 REXXx1944@0.85 

2016-03-30
Cash: 15.93
Held: SRTYx58@28.11 LBIXx830@2.30 REXXx1944@0.77 DESTx229@6.84 TZAx38@42.94 
Value: 8250.79
Sales: DESTx229@6.84 TZAx38@42.94 SRTYx58@28.11 LBIXx830@2.30 REXXx1944@0.77 
Purchases: CHNRx1195@1.38 NSRx67@24.59 IPIx1486@1.11 CASIx1557@1.06 FORMx226@7.27 

2016-03-31
Cash: 11.40
Held: FORMx226@7.27 CASIx1557@1.08 NSRx67@24.80 IPIx1486@1.15 CHNRx1195@1.44 
Value: 8428.18
Sales: CHNRx1195@1.44 NSRx67@24.80 IPIx1486@1.15 CASIx1557@1.08 FORMx226@7.27 
Purchases: CLNTx1404@1.20 CRKx454@3.71 NETEx6019@0.28 LNNx24@69.50 NMMx1369@1.23 

2016-04-03
Cash: 20.33
Held: NMMx1369@1.23 LNNx24@68.19 CLNTx1404@1.22 CRKx454@3.82 NETEx6019@0.27 
Value: 8413.51
Sales: LNNx24@68.19 CLNTx1404@1.22 NMMx1369@1.23 NETEx6019@0.27 CRKx454@3.82 
Purchases: SGYx2671@0.63 SINOx2900@0.58 WRLDx48@34.72 AROCx251@6.70 EGYx1979@0.85 

2016-04-04
Cash: 18.52
Held: SGYx2671@0.61 WRLDx48@33.66 AROCx251@6.64 SINOx2900@0.71 EGYx1979@0.76 
Value: 8492.22
Sales: SGYx2671@0.61 SINOx2900@0.71 EGYx1979@0.76 WRLDx48@33.66 AROCx251@6.64 
Purchases: BABYx57@29.69 RGSEx3396@0.50 VCELx513@3.31 SNOAx2071@0.82 AWIx40@41.44 

2016-04-05
Cash: 48.37
Held: AWIx40@41.53 RGSEx3396@0.53 SNOAx2071@0.83 VCELx513@3.33 BABYx57@31.19 
Value: 8713.88
Sales: BABYx57@31.19 RGSEx3396@0.53 VCELx513@3.33 SNOAx2071@0.83 AWIx40@41.53 
Purchases: DTRMx1043@1.67 WNEBx229@7.59 BVSNx266@6.53 MFCBx942@1.85 IMNx1218@1.43 

2016-04-06
Cash: 13.07
Held: DTRMx1043@1.78 MFCBx942@1.83 IMNx1218@1.30 BVSNx266@6.77 WNEBx229@7.53 
Value: 8702.35
Sales: WNEBx229@7.53 IMNx1218@1.30 BVSNx266@6.77 MFCBx942@1.83 DTRMx1043@1.78 
Purchases: MTSCx33@51.94 INVTx911@1.91 FHCOx1339@1.30 AELx135@12.88 TPIVx2678@0.65 

2016-04-07
Cash: 28.20
Held: AELx135@13.01 INVTx911@1.77 TPIVx2678@0.65 FHCOx1339@1.35 MTSCx33@52.44 
Value: 8674.30
Sales: MTSCx33@52.44 INVTx911@1.77 FHCOx1339@1.35 AELx135@13.01 TPIVx2678@0.65 
Purchases: USAKx110@15.73 HOFTx65@26.66 DRWIx282@6.15 EDAPx447@3.88 IONSx42@40.38 

2016-04-10
Cash: 47.37
Held: HOFTx65@26.36 DRWIx282@6.74 IONSx42@40.66 USAKx110@15.14 EDAPx447@3.76 
Value: 8714.57
Sales: USAKx110@15.14 HOFTx65@26.36 DRWIx282@6.74 EDAPx447@3.76 IONSx42@40.66 
Purchases: UAAx42@41.16 RTx389@4.48 SCOx15@113.19 PNTRx293@5.94 BZQx46@37.12 

2016-04-11
Cash: 96.71
Held: RTx389@4.40 SCOx15@104.81 UAAx42@41.41 BZQx46@34.53 PNTRx293@6.03 
Value: 8474.55
Sales: RTx389@4.40 UAAx42@41.41 SCOx15@104.81 PNTRx293@6.03 BZQx46@34.53 
Purchases: INSYx124@13.61 LTEAx183@9.25 OMEXx521@3.25 HRIx200@8.44 HGSHx724@2.34 

2016-04-12
Cash: 19.44
Held: HRIx200@9.02 INSYx124@13.93 LTEAx183@10.30 OMEXx521@3.39 HGSHx724@2.25 
Value: 8831.25
Sales: INSYx124@13.93 LTEAx183@10.30 OMEXx521@3.39 HRIx200@9.02 HGSHx724@2.25 
Purchases: IMNPx4108@0.43 BCLIx771@2.29 OPHCx462@3.82 GLBSx5886@0.30 ERYx90@19.44 

