2015-07-19
Cash: 10000.00
Held: 
Value: 10000.00
Sales: 
Purchases: MSBFx167@11.95 ZIONWx416@4.80 CYRXx333@6.00 RDCx116@17.19 DGSEx4762@0.42 

2015-07-20
Cash: 15.29
Held: MSBFx167@11.92 DGSEx4762@0.43 ZIONWx416@5.25 RDCx116@17.48 CYRXx333@6.00 
Value: 10263.76
Sales: MSBFx167@11.92 ZIONWx416@5.25 CYRXx333@6.00 RDCx116@17.48 DGSEx4762@0.43 
Purchases: USEGx5403@0.38 HMSYx175@11.70 SAx505@4.06 CJJDx774@2.65 NRTx232@8.83 

2015-07-21
Cash: 14.09
Held: NRTx232@8.81 USEGx5403@0.37 CJJDx774@2.67 HMSYx175@11.50 SAx505@3.72 
Value: 10016.31
Sales: USEGx5403@0.37 CJJDx774@2.67 SAx505@3.72 HMSYx175@11.50 NRTx232@8.81 
Purchases: HNRx1772@1.13 CYTRx707@2.83 EVKx467@4.29 WPCSx1430@1.40 ATIx97@20.56 

2015-07-22
Cash: 13.18
Held: EVKx467@4.26 WPCSx1430@1.50 HNRx1772@1.24 ATIx97@21.67 CYTRx707@2.80 
Value: 10428.42
Sales: HNRx1772@1.24 CYTRx707@2.80 EVKx467@4.26 ATIx97@21.67 WPCSx1430@1.50 
Purchases: PEDx5635@0.37 CYRXx521@4.00 MVOx335@6.22 LODEx5490@0.38 REXXx802@2.60 

2015-07-23
Cash: 5.08
Held: PEDx5635@0.37 REXXx802@2.31 CYRXx521@2.25 MVOx335@5.92 LODEx5490@0.38 
Value: 9185.39
Sales: PEDx5635@0.37 CYRXx521@2.25 MVOx335@5.92 LODEx5490@0.38 REXXx802@2.31 
Purchases: CABx40@45.72 HZOx98@18.70 MOSYx1302@1.41 URIx28@64.75 QSIIx145@12.65 

2015-07-26
Cash: 40.68
Held: URIx28@65.19 CABx40@43.47 QSIIx145@12.65 HZOx98@18.27 MOSYx1302@1.39 
Value: 9038.06
Sales: CABx40@43.47 HZOx98@18.27 MOSYx1302@1.39 URIx28@65.19 QSIIx145@12.65 
Purchases: SPNCx116@15.48 WLBx134@13.46 DRWIx314@5.75 UISx111@16.20 KERXx235@7.66 

2015-07-27
Cash: 34.83
Held: UISx111@16.03 DRWIx314@6.25 KERXx235@8.09 SPNCx116@15.65 WLBx134@13.99 
Value: 9369.00
Sales: SPNCx116@15.65 WLBx134@13.99 UISx111@16.03 DRWIx314@6.25 KERXx235@8.09 
Purchases: MNIx2285@0.82 MBVXx1178@1.59 MYLx33@56.34 CEIx980@1.91 CRKx269@6.95 

2015-07-28
Cash: 22.23
Held: MNIx2285@0.82 MYLx33@57.25 CEIx980@1.87 CRKx269@7.10 MBVXx1178@1.80 
Value: 9647.98
Sales: MNIx2285@0.82 MBVXx1178@1.80 MYLx33@57.25 CEIx980@1.87 CRKx269@7.10 
Purchases: SRNEx100@19.20 HHx13781@0.14 RWCx572@3.37 IMMUx914@2.11 CEIx1031@1.87 

2015-07-29
Cash: 14.92
Held: HHx13781@0.15 RWCx572@3.44 SRNEx100@20.39 IMMUx914@2.11 CEIx1031@2.10 
Value: 10181.50
Sales: IMMUx914@2.11 HHx13781@0.15 RWCx572@3.44 SRNEx100@20.39 CEIx1031@2.10 
Purchases: IGCx7020@0.29 CYRXx814@2.50 GIGAx1313@1.55 MDCOx66@30.41 EVRIx390@5.22 

2015-07-30
Cash: 33.41
Held: MDCOx66@31.39 GIGAx1313@1.51 CYRXx814@2.51 IGCx7020@0.28 EVRIx390@5.05 
Value: 10066.07
Sales: IGCx7020@0.28 CYRXx814@2.51 GIGAx1313@1.51 MDCOx66@31.39 EVRIx390@5.05 
Purchases: TASRx73@27.22 CMPRx31@64.50 XCOx3470@0.58 MMYTx137@14.60 IXYSx192@10.46 

2015-08-02
Cash: 57.82
Held: TASRx73@25.12 MMYTx137@14.08 IXYSx192@10.63 CMPRx31@65.75 XCOx3470@0.57 
Value: 9877.69
Sales: TASRx73@25.12 XCOx3470@0.57 MMYTx137@14.08 CMPRx31@65.75 IXYSx192@10.63 
Purchases: REN           x718@2.75 PRKRx6811@0.29 SNOAx1400@1.41 UQMx3039@0.65 RADAx1779@1.11 

2015-08-03
Cash: 3.15
Held: RADAx1779@1.18 SNOAx1400@1.29 PRKRx6811@0.27 REN           x718@2.75 UQMx3039@0.67 
Value: 9757.36
Sales: REN           x718@2.75 PRKRx6811@0.27 SNOAx1400@1.29 UQMx3039@0.67 RADAx1779@1.18 
Purchases: HMSYx215@9.04 WLBx143@13.62 NRPx816@2.39 GASLx309@6.31 INVEx527@3.70 

2015-08-04
Cash: 17.11
Held: INVEx527@2.64 HMSYx215@8.81 NRPx816@2.25 GASLx309@5.83 WLBx143@12.26 
Value: 8693.16
Sales: WLBx143@12.26 HMSYx215@8.81 INVEx527@2.64 NRPx816@2.25 GASLx309@5.83 
Purchases: HOVNPx289@6.00 TRSx108@16.03 FSTRx86@20.06 NRGx86@20.03 STONx67@25.61 

2015-08-05
Cash: 63.90
Held: NRGx86@19.44 TRSx108@17.05 HOVNPx289@5.51 FSTRx86@19.91 STONx67@25.59 
Value: 8596.19
Sales: HOVNPx289@5.51 TRSx108@17.05 FSTRx86@19.91 NRGx86@19.44 STONx67@25.59 
Purchases: SPPx216@7.94 LLx141@12.12 EVOLx262@6.54 OHGIx1273@1.35 ATECx3306@0.52 

2015-08-06
Cash: 21.85
Held: SPPx216@7.69 ATECx3306@0.66 EVOLx262@6.31 OHGIx1273@1.48 LLx141@12.06 
Value: 9103.97
Sales: SPPx216@7.69 LLx141@12.06 EVOLx262@6.31 OHGIx1273@1.48 ATECx3306@0.66 
Purchases: TDCx60@30.00 IFONx1238@1.47 PHHx116@15.60 MTSLx1238@1.47 ECHOx72@25.19 

2015-08-09
Cash: 41.65
Held: IFONx1238@1.39 PHHx116@16.50 ECHOx72@25.27 TDCx60@30.91 MTSLx1238@1.47 
Value: 9169.06
Sales: TDCx60@30.91 IFONx1238@1.39 PHHx116@16.50 MTSLx1238@1.47 ECHOx72@25.27 
Purchases: IMHx113@16.22 UAMx258@7.09 HOTRx1078@1.70 DRYSx2@625.50 ICONx125@14.57 

2015-08-10
Cash: 602.06
Held: IMHx113@15.85 HOTRx1078@1.64 ICONx125@13.91 UAMx258@7.18 DRYSx2@592.50 
Value: 8936.47
Sales: IMHx113@15.85 UAMx258@7.18 HOTRx1078@1.64 DRYSx2@592.50 ICONx125@13.91 
Purchases: BIOSx863@2.07 NETEx7447@0.24 WGBSx1364@1.31 FVEx510@3.50 KROx228@7.83 

2015-08-11
Cash: 6.51
Held: WGBSx1364@1.33 FVEx510@3.49 KROx228@7.95 NETEx7447@0.22 BIOSx863@1.90 
Value: 8691.34
Sales: NETEx7447@0.22 BIOSx863@1.90 FVEx510@3.49 WGBSx1364@1.33 KROx228@7.95 
Purchases: ASCMAx63@27.41 ARTXx1086@1.60 ZNHx42@40.97 CLDXx104@16.61 RGSEx1241@1.40 

2015-08-12
Cash: 41.62
Held: ARTXx1086@1.64 RGSEx1241@1.31 CLDXx104@16.50 ZNHx42@41.47 ASCMAx63@28.34 
Value: 8690.80
Sales: ASCMAx63@28.34 ARTXx1086@1.64 ZNHx42@41.47 CLDXx104@16.50 RGSEx1241@1.31 
Purchases: CBLIx480@3.62 NVCNx350@4.96 SKLNx493@3.52 NUSx38@44.88 FORDx1671@1.04 

2015-08-13
Cash: 39.00
Held: CBLIx480@3.54 FORDx1671@1.26 SKLNx493@3.25 NVCNx350@4.79 NUSx38@45.47 
Value: 8849.05
Sales: CBLIx480@3.54 NVCNx350@4.79 SKLNx493@3.25 NUSx38@45.47 FORDx1671@1.26 
Purchases: NYMXx697@2.54 CPAx28@62.00 GFIx667@2.65 SRNEx118@14.89 BAAx8851@0.20 

2015-08-16
Cash: 48.66
Held: BAAx8851@0.20 NYMXx697@2.46 SRNEx118@16.30 CPAx28@60.94 GFIx667@2.79 
Value: 9023.28
Sales: NYMXx697@2.46 CPAx28@60.94 GFIx667@2.79 SRNEx118@16.30 BAAx8851@0.20 
Purchases: KIQx1195@1.51 PWEx2074@0.87 NETEx9025@0.20 OHGIx1279@1.41 ERSx601@3.00 

2015-08-17
Cash: 3.34
Held: ERSx601@2.85 OHGIx1279@1.41 PWEx2074@0.85 KIQx1195@2.00 NETEx9025@0.18 
Value: 9297.63
Sales: NETEx9025@0.18 KIQx1195@2.00 PWEx2074@0.85 OHGIx1279@1.41 ERSx601@2.85 
Purchases: PYDSx508@3.66 WCSTx853@2.18 ARCIx1476@1.26 GTEx864@2.15 BASIx1265@1.47 

2015-08-18
Cash: 2.45
Held: BASIx1265@1.30 GTEx864@2.07 WCSTx853@2.13 PYDSx508@3.90 ARCIx1476@1.25 
Value: 9079.47
Sales: ARCIx1476@1.25 PYDSx508@3.90 WCSTx853@2.13 GTEx864@2.07 BASIx1265@1.30 
Purchases: NHTCx64@28.34 CLFx537@3.38 ANWx201@9.01 CEAx56@32.25 CETCx218@8.30 

2015-08-19
Cash: 24.66
Held: CLFx537@3.23 ANWx201@8.37 NHTCx64@25.94 CEAx56@29.86 CETCx218@8.10 
Value: 8539.49
Sales: NHTCx64@25.94 CLFx537@3.23 ANWx201@8.37 CEAx56@29.86 CETCx218@8.10 
Purchases: CSIQx90@18.78 FLXSx53@32.22 BASx418@4.08 BTEx336@5.07 GASLx297@5.75 

2015-08-20
Cash: 25.55
Held: BTEx336@4.49 BASx418@3.70 GASLx297@5.23 CSIQx90@17.41 FLXSx53@30.45 
Value: 7813.92
Sales: BTEx336@4.49 CSIQx90@17.41 BASx418@3.70 FLXSx53@30.45 GASLx297@5.23 
Purchases: INFNx74@21.06 NBYx3907@0.40 RGSEx1644@0.95 SSIx159@9.82 BONTx504@3.10 

2015-08-23
Cash: 7.12
Held: RGSEx1644@0.84 NBYx3907@0.39 INFNx74@19.72 SSIx159@10.01 BONTx504@2.98 
Value: 7463.72
Sales: RGSEx1644@0.84 NBYx3907@0.39 BONTx504@2.98 SSIx159@10.01 INFNx74@19.72 
Purchases: MYOSx675@2.21 KEGx2715@0.55 IRCPx60@24.75 TREEx14@104.19 HPJx691@2.16 

2015-08-24
Cash: 42.32
Held: HPJx691@2.18 KEGx2715@0.53 MYOSx675@1.91 TREEx14@104.69 IRCPx60@26.00 
Value: 7301.83
Sales: KEGx2715@0.53 HPJx691@2.18 MYOSx675@1.91 IRCPx60@26.00 TREEx14@104.69 
Purchases: BBGx403@3.62 ERXx62@23.50 GASLx355@4.11 AMTXx561@2.60 AEZSx170@8.57 

2015-08-25
Cash: 12.16
Held: BBGx403@3.82 ERXx62@25.95 GASLx355@4.54 AMTXx561@2.54 AEZSx170@8.08 
Value: 7569.90
Sales: BBGx403@3.82 ERXx62@25.95 GASLx355@4.54 AMTXx561@2.54 AEZSx170@8.08 
Purchases: LAYNx230@6.57 ACURx593@2.55 GFIx556@2.72 DAKTx184@8.20 QRHCx2018@0.75 

2015-08-26
Cash: 10.53
Held: QRHCx2018@0.75 DAKTx184@8.53 LAYNx230@7.04 ACURx593@2.74 GFIx556@3.09 
Value: 8055.68
Sales: LAYNx230@7.04 ACURx593@2.74 GFIx556@3.09 DAKTx184@8.53 QRHCx2018@0.75 
Purchases: MYOSx931@1.73 REWx29@54.78 GROWx797@2.02 SQQQx66@24.36 TECSx39@40.81 

2015-08-27
Cash: 46.98
Held: REWx29@54.19 GROWx797@2.00 TECSx39@40.72 SQQQx66@24.41 MYOSx931@1.60 
Value: 7900.50
Sales: MYOSx931@1.60 TECSx39@40.72 REWx29@54.19 SQQQx66@24.41 GROWx797@2.00 
Purchases: SMKx55@28.44 SCOx17@91.25 LINCx2772@0.57 ERYx55@28.27 WAFDWx303@5.20 

2015-08-30
Cash: 75.66
Held: WAFDWx303@5.35 ERYx55@27.28 SCOx17@78.31 LINCx2772@0.43 SMKx55@27.83 
Value: 7251.28
Sales: LINCx2772@0.43 SCOx17@78.31 WAFDWx303@5.35 ERYx55@27.28 SMKx55@27.83 
Purchases: YUMAx3021@0.48 CRKx95@15.25 CEAx56@25.84 GMEx34@42.47 FORDx1074@1.35 

2015-08-31
Cash: 11.84
Held: FORDx1074@1.85 GMEx34@41.19 YUMAx3021@0.51 CEAx56@24.19 CRKx95@13.65 
Value: 7589.80
Sales: YUMAx3021@0.51 CRKx95@13.65 CEAx56@24.19 GMEx34@41.19 FORDx1074@1.85 
Purchases: HOVNPx379@4.00 KIQx897@1.69 SKLNx379@4.00 FBIZx68@22.06 ANTHx222@6.81 

2015-09-01
Cash: 29.73
Held: ANTHx222@7.41 SKLNx379@3.48 HOVNPx379@3.88 KIQx897@1.75 FBIZx68@22.61 
Value: 7571.92
Sales: HOVNPx379@3.88 KIQx897@1.75 SKLNx379@3.48 ANTHx222@7.41 FBIZx68@22.61 
Purchases: TPLMx476@3.18 NOGx297@5.09 BRNx796@1.90 PGHx1230@1.23 NAKx3986@0.38 

2015-09-02
Cash: 6.30
Held: NOGx297@5.18 BRNx796@1.91 NAKx3986@0.39 PGHx1230@1.23 TPLMx476@3.22 
Value: 7665.79
Sales: TPLMx476@3.22 BRNx796@1.91 NOGx297@5.18 PGHx1230@1.23 NAKx3986@0.39 
Purchases: AVAVx74@20.56 NLSTx4035@0.38 TGAx547@2.80 VXXx56@27.31 TECSx36@42.38 

2015-09-03
Cash: 24.32
Held: VXXx56@29.31 AVAVx74@20.38 TECSx36@44.28 NLSTx4035@0.35 TGAx547@2.76 
Value: 7689.93
Sales: AVAVx74@20.38 NLSTx4035@0.35 TGAx547@2.76 VXXx56@29.31 TECSx36@44.28 
Purchases: JOYx82@18.62 OPHCx1747@0.88 SUMRx1090@1.41 KERXx322@4.76 SGMOx234@6.57 

2015-09-07
Cash: 17.72
Held: JOYx82@18.94 SGMOx234@6.86 OPHCx1747@0.94 KERXx322@4.75 SUMRx1090@1.35 
Value: 7818.34
Sales: JOYx82@18.94 OPHCx1747@0.94 KERXx322@4.75 SGMOx234@6.86 SUMRx1090@1.35 
Purchases: USEGx3067@0.51 FSIx1548@1.01 XCOx2142@0.73 BSBRx414@3.77 OGXIx583@2.68 

2015-09-08
Cash: 5.31
Held: BSBRx414@3.73 OGXIx583@2.57 USEGx3067@0.49 FSIx1548@1.10 XCOx2142@0.73 
Value: 7816.83
Sales: USEGx3067@0.49 BSBRx414@3.73 FSIx1548@1.10 XCOx2142@0.73 OGXIx583@2.57 
Purchases: AXDXx91@17.05 YXIx52@29.88 NTZx863@1.81 FXPx34@44.81 GRIFx57@27.38 

2015-09-09
Cash: 66.41
Held: FXPx34@44.59 AXDXx91@17.67 GRIFx57@27.16 NTZx863@1.76 YXIx52@29.86 
Value: 7810.01
Sales: YXIx52@29.86 NTZx863@1.76 AXDXx91@17.67 FXPx34@44.59 GRIFx57@27.16 
Purchases: PESx605@2.58 TDFx85@18.20 MXCx596@2.62 INVAx149@10.42 BLINx1239@1.26 

2015-09-10
Cash: 27.08
Held: TDFx85@18.16 INVAx149@10.13 PESx605@2.50 BLINx1239@1.35 MXCx596@2.50 
Value: 7754.82
Sales: MXCx596@2.50 BLINx1239@1.35 TDFx85@18.16 INVAx149@10.13 PESx605@2.50 
Purchases: CLDx516@3.00 CBIOx163@9.50 SIGMx178@8.69 SHLOx179@8.62 DRYSx4@342.75 

2015-09-13
Cash: 198.46
Held: SIGMx178@8.29 SHLOx179@10.26 CLDx516@3.02 DRYSx4@341.75 CBIOx163@9.50 
Value: 7983.64
Sales: CLDx516@3.02 CBIOx163@9.50 SIGMx178@8.29 DRYSx4@341.75 SHLOx179@10.26 
Purchases: XRTx34@45.94 XPHx27@57.31 XBIx20@77.25 XSDx41@38.81 MTKx31@50.00 

2015-09-14
Cash: 188.02
Held: XBIx20@78.00 XPHx27@57.69 XRTx34@46.31 XSDx41@39.16 MTKx31@50.84 
Value: 8061.77
Sales: XRTx34@46.31 XPHx27@57.69 XBIx20@78.00 XSDx41@39.16 MTKx31@50.84 
Purchases: TPLMx666@2.42 ABACx592@2.72 CLFx503@3.20 RNWKx382@4.22 WKHSx3505@0.46 

2015-09-15
Cash: 6.51
Held: ABACx592@2.76 CLFx503@3.34 RNWKx382@4.12 WKHSx3505@0.49 TPLMx666@2.41 
Value: 8217.07
Sales: TPLMx666@2.41 ABACx592@2.76 CLFx503@3.34 RNWKx382@4.12 WKHSx3505@0.49 
Purchases: CYTXx288@5.70 UNISx1467@1.12 GLBSx1404@1.17 UWNx995@1.65 VXXx74@22.09 

2015-09-16
Cash: 12.84
Held: UWNx995@1.65 VXXx74@21.97 GLBSx1404@1.12 UNISx1467@1.14 CYTXx288@5.95 
Value: 8238.55
Sales: CYTXx288@5.95 UNISx1467@1.14 GLBSx1404@1.12 UWNx995@1.65 VXXx74@21.97 
Purchases: ETRMx5@288.50 RGSEx1238@1.33 CSIIx77@21.20 TPIVx3232@0.51 CREGx3232@0.51 

2015-09-17
Cash: 221.65
Held: CREGx3232@0.50 RGSEx1238@1.42 TPIVx3232@0.51 CSIIx77@21.27 ETRMx5@304.50 
Value: 8403.03
Sales: CSIIx77@21.27 RGSEx1238@1.42 ETRMx5@304.50 TPIVx3232@0.51 CREGx3232@0.50 
Purchases: CRKx140@11.95 ARCWx753@2.23 AIQx140@11.92 CAFx77@21.64 CLCx36@46.53 

2015-09-20
Cash: 39.53
Held: CLCx36@46.75 AIQx140@11.53 CAFx77@22.30 ARCWx753@2.03 CRKx140@11.35 
Value: 8171.04
Sales: CRKx140@11.35 ARCWx753@2.03 AIQx140@11.53 CAFx77@22.30 CLCx36@46.75 
Purchases: MPETx1201@1.36 BWENx581@2.81 APOGx33@48.59 NEx143@11.39 ITUSx338@4.83 

2015-09-21
Cash: 39.97
Held: ITUSx338@4.63 MPETx1201@1.31 NEx143@11.25 APOGx33@47.62 BWENx581@2.67 
Value: 7908.94
Sales: MPETx1201@1.31 APOGx33@47.62 BWENx581@2.67 NEx143@11.25 ITUSx338@4.63 
Purchases: TGCx6591@0.24 OPHCx1581@1.00 AEZSx205@7.70 URREx1977@0.80 GLOWx2681@0.59 

2015-09-22
Cash: 5.24
Held: GLOWx2681@0.60 TGCx6591@0.22 OPHCx1581@1.13 URREx1977@0.79 AEZSx205@9.26 
Value: 8310.03
Sales: TGCx6591@0.22 OPHCx1581@1.13 AEZSx205@9.26 URREx1977@0.79 GLOWx2681@0.60 
Purchases: JHXx134@12.33 DEPOx68@24.09 GMOx6155@0.27 HMYx2596@0.64 ANIPx37@44.88 

2015-09-23
Cash: 35.55
Held: HMYx2596@0.67 ANIPx37@46.19 GMOx6155@0.28 JHXx134@12.54 DEPOx68@22.31 
Value: 8404.66
Sales: JHXx134@12.54 DEPOx68@22.31 GMOx6155@0.28 HMYx2596@0.67 ANIPx37@46.19 
Purchases: SGOCx5421@0.31 ATECx4942@0.34 CNXx154@10.88 SPEXx4424@0.38 AXASx1303@1.29 

2015-09-24
Cash: 5.65
Held: AXASx1303@1.24 ATECx4942@0.35 SGOCx5421@0.31 SPEXx4424@0.34 CNXx154@10.44 
Value: 8144.61
Sales: SGOCx5421@0.31 ATECx4942@0.35 CNXx154@10.44 SPEXx4424@0.34 AXASx1303@1.24 
Purchases: MPETx1851@0.88 CNTFx581@2.80 PTSIx46@35.12 LINCx7405@0.22 BDRx2394@0.68 

2015-09-27
Cash: 15.72
Held: PTSIx46@33.59 CNTFx581@2.72 MPETx1851@0.63 LINCx7405@0.20 BDRx2394@0.68 
Value: 7416.65
Sales: PTSIx46@33.59 CNTFx581@2.72 LINCx7405@0.20 MPETx1851@0.63 BDRx2394@0.68 
Purchases: FCSCx363@4.08 IMUCx3296@0.45 WGBSx1067@1.39 FINLx75@19.55 XCOx1877@0.79 

2015-09-28
Cash: 21.58
Held: IMUCx3296@0.42 FINLx75@19.17 WGBSx1067@1.46 FCSCx363@3.86 XCOx1877@0.80 
Value: 7303.49
Sales: XCOx1877@0.80 IMUCx3296@0.42 WGBSx1067@1.46 FINLx75@19.17 FCSCx363@3.86 
Purchases: MPETx2434@0.60 DRAMx419@3.48 HUNx156@9.33 HRTXx68@21.34 SPXCx124@11.73 

2015-09-29
Cash: 23.88
Held: HUNx156@9.69 SPXCx124@11.92 MPETx2434@0.61 DRAMx419@3.72 HRTXx68@24.41 
Value: 7716.45
Sales: MPETx2434@0.61 DRAMx419@3.72 HUNx156@9.69 HRTXx68@24.41 SPXCx124@11.92 
Purchases: CMTLx74@20.61 TISIx48@32.12 OGENx941@1.64 CHCIx436@3.54 DGICBx83@18.55 

2015-09-30
Cash: 24.03
Held: DGICBx83@18.55 CMTLx74@20.52 TISIx48@32.78 CHCIx436@3.61 OGENx941@1.57 
Value: 7706.43
Sales: CMTLx74@20.52 TISIx48@32.78 OGENx941@1.57 CHCIx436@3.61 DGICBx83@18.55 
Purchases: ALNx1622@0.95 MTRx157@9.78 EDZx31@49.44 WYYx1792@0.86 DXTRx6165@0.25 

2015-10-01
Cash: 14.87
Held: EDZx31@45.41 WYYx1792@0.87 ALNx1622@1.01 DXTRx6165@0.25 MTRx157@9.58 
Value: 7664.57
Sales: EDZx31@45.41 ALNx1622@1.01 MTRx157@9.58 DXTRx6165@0.25 WYYx1792@0.87 
Purchases: CPSTx318@4.82 KNDx114@13.34 CSWCx101@15.07 GLBZx119@12.80 PHMDx3650@0.42 

2015-10-04
Cash: 32.87
Held: KNDx114@14.28 GLBZx119@12.82 PHMDx3650@0.43 CSWCx101@14.72 CPSTx318@4.40 
Value: 7641.10
Sales: CPSTx318@4.40 KNDx114@14.28 CSWCx101@14.72 GLBZx119@12.82 PHMDx3650@0.43 
Purchases: ORNx300@5.08 LLITx1184@1.29 CSWCx103@14.72 YANGx16@94.12 CETCx382@4.00 

2015-10-05
Cash: 40.23
Held: ORNx300@5.14 LLITx1184@1.32 CSWCx103@14.53 CETCx382@4.20 YANGx16@98.00 
Value: 7814.48
Sales: ORNx300@5.14 LLITx1184@1.32 CSWCx103@14.53 YANGx16@98.00 CETCx382@4.20 
Purchases: IDRAx560@2.79 DPKx50@31.19 CDZIx347@4.50 VIIx1055@1.48 SLPx167@9.31 

2015-10-06
Cash: 14.65
Held: DPKx50@30.02 CDZIx347@4.01 VIIx1055@1.58 SLPx167@9.34 IDRAx560@2.95 
Value: 7786.45
Sales: IDRAx560@2.95 SLPx167@9.34 CDZIx347@4.01 VIIx1055@1.58 DPKx50@30.02 
Purchases: SRPTx41@37.97 EDAPx377@4.12 SCMPx80@19.25 OIIMx837@1.86 IDSAx635@2.45 

2015-10-07
Cash: 23.71
Held: SRPTx41@37.81 SCMPx80@19.41 OIIMx837@1.80 EDAPx377@4.12 IDSAx635@2.31 
Value: 7653.81
Sales: SRPTx41@37.81 EDAPx377@4.12 SCMPx80@19.41 OIIMx837@1.80 IDSAx635@2.31 
Purchases: GTXIx1594@0.96 RCGx1610@0.95 YANGx18@84.75 YUMx22@67.44 NEONx686@2.23 

2015-10-08
Cash: 54.59
Held: GTXIx1594@0.96 NEONx686@2.29 YUMx22@70.25 RCGx1610@0.95 YANGx18@85.81 
Value: 7775.01
Sales: NEONx686@2.29 RCGx1610@0.95 GTXIx1594@0.96 YANGx18@85.81 YUMx22@70.25 
Purchases: BDEx281@5.52 SPNCx142@10.90 BCRXx176@8.80 COWNx22@68.81 NEWTx91@16.95 

2015-10-11
Cash: 71.58
Held: BCRXx176@9.10 COWNx22@67.50 SPNCx142@11.52 NEWTx91@16.86 BDEx281@5.67 
Value: 7922.78
Sales: SPNCx142@11.52 BDEx281@5.67 BCRXx176@9.10 COWNx22@67.50 NEWTx91@16.86 
Purchases: SMCIx60@26.33 RTx280@5.64 CDZIx552@2.87 CLBHx109@14.45 HLTHx431@3.67 

2015-10-12
Cash: 22.83
Held: RTx280@5.40 HLTHx431@3.92 CLBHx109@14.26 CDZIx552@2.92 SMCIx60@26.92 
Value: 8005.09
Sales: RTx280@5.40 SMCIx60@26.92 CDZIx552@2.92 CLBHx109@14.26 HLTHx431@3.92 
Purchases: SGYx245@6.53 CENXx270@5.91 KTCCx185@8.61 UNTx108@14.71 GASLx62@25.66 

2015-10-13
Cash: 36.99
Held: CENXx270@5.58 GASLx62@26.59 SGYx245@6.65 UNTx108@15.17 KTCCx185@8.43 
Value: 8018.81
Sales: SGYx245@6.65 CENXx270@5.58 KTCCx185@8.43 UNTx108@15.17 GASLx62@26.59 
Purchases: NYMXx515@3.11 MDXGx201@7.95 HRTXx68@23.28 CRTNx715@2.24 NSSCx244@6.56 

2015-10-14
Cash: 34.50
Held: CRTNx715@2.28 NSSCx244@6.83 NYMXx515@3.17 MDXGx201@8.38 HRTXx68@23.89 
Value: 8272.28
Sales: NYMXx515@3.17 MDXGx201@8.38 HRTXx68@23.89 CRTNx715@2.28 NSSCx244@6.83 
Purchases: WGBSx1148@1.44 VOXXx283@5.83 SRPTx58@28.20 SOXSx36@45.53 WMTx27@59.34 

2015-10-15
Cash: 92.12
Held: SRPTx58@27.94 WMTx27@58.88 WGBSx1148@1.11 VOXXx283@5.83 SOXSx36@45.31 
Value: 7857.41
Sales: WGBSx1148@1.11 VOXXx283@5.83 SRPTx58@27.94 SOXSx36@45.31 WMTx27@58.88 
Purchases: KMGx77@20.22 NFLXx15@99.00 DRWIx434@3.62 YANGx20@78.38 STXx39@39.56 

2015-10-18
Cash: 134.43
Held: STXx39@38.75 DRWIx434@2.95 NFLXx15@101.69 KMGx77@19.92 YANGx20@80.31 
Value: 7591.18
Sales: KMGx77@19.92 NFLXx15@101.69 DRWIx434@2.95 YANGx20@80.31 STXx39@38.75 
Purchases: MYRGx67@22.56 BOFIx61@24.77 WGBSx1393@1.09 QUMUx469@3.23 CBIOx374@4.06 

2015-10-19
Cash: 17.64
Held: BOFIx61@23.86 WGBSx1393@1.06 QUMUx469@3.22 MYRGx67@21.94 CBIOx374@3.96 
Value: 7410.75
Sales: MYRGx67@21.94 BOFIx61@23.86 WGBSx1393@1.06 QUMUx469@3.22 CBIOx374@3.96 
Purchases: CPSTx329@4.50 CRSx48@30.44 DRWIx538@2.75 QUMUx460@3.22 SRTx357@4.14 

2015-10-20
Cash: 30.03
Held: SRTx357@3.97 DRWIx538@2.70 QUMUx460@3.20 CRSx48@29.77 CPSTx329@4.50 
Value: 7280.64
Sales: CPSTx329@4.50 CRSx48@29.77 DRWIx538@2.70 QUMUx460@3.20 SRTx357@3.97 
Purchases: HOGx30@47.03 YGEx2050@0.71 DEPOx90@16.12 EXARx274@5.30 SPEXx4411@0.33 

2015-10-21
Cash: 54.64
Held: SPEXx4411@0.31 HOGx30@48.12 YGEx2050@0.73 EXARx274@5.51 DEPOx90@15.41 
Value: 7259.29
Sales: HOGx30@48.12 YGEx2050@0.73 DEPOx90@15.41 EXARx274@5.51 SPEXx4411@0.31 
Purchases: ORNx343@4.23 MDGLx2167@0.67 VRXx13@109.88 PSOx99@14.54 GASLx61@23.70 

2015-10-22
Cash: 42.89
Held: PSOx99@13.69 ORNx343@4.21 GASLx61@22.66 MDGLx2167@0.67 VRXx13@116.19 
Value: 7186.49
Sales: ORNx343@4.21 MDGLx2167@0.67 VRXx13@116.19 PSOx99@13.69 GASLx61@22.66 
Purchases: CABx42@33.59 NRPx737@1.95 RPRXx276@5.19 SMEDx177@8.12 RCKYx116@12.30 

2015-10-25
Cash: 42.25
Held: RPRXx276@5.00 SMEDx177@8.08 NRPx737@1.89 RCKYx116@11.59 CABx42@33.56 
Value: 6999.25
Sales: CABx42@33.56 RCKYx116@11.59 SMEDx177@8.08 RPRXx276@5.00 NRPx737@1.89 
Purchases: FTNTx40@34.72 WLBx186@7.51 ACTGx193@7.23 SPPIx266@5.25 ADUSx57@24.19 

2015-10-26
Cash: 42.65
Held: SPPIx266@5.26 ADUSx57@25.45 ACTGx193@7.02 WLBx186@6.89 FTNTx40@33.81 
Value: 6882.03
Sales: FTNTx40@33.81 WLBx186@6.89 ACTGx193@7.02 SPPIx266@5.26 ADUSx57@25.45 
Purchases: SCONx7246@0.19 KIQx1335@1.03 GASLx80@17.05 NUROx2256@0.61 MXCx529@2.60 

2015-10-27
Cash: 15.50
Held: NUROx2256@0.60 GASLx80@18.41 MXCx529@2.90 KIQx1335@1.00 SCONx7246@0.23 
Value: 7377.57
Sales: SCONx7246@0.23 KIQx1335@1.00 GASLx80@18.41 NUROx2256@0.60 MXCx529@2.90 
Purchases: CGIx104@14.15 CPLAx33@44.22 SANDx554@2.66 UQMx2501@0.59 RCIIx82@17.89 

2015-10-28
Cash: 30.95
Held: RCIIx82@18.61 UQMx2501@0.52 CPLAx33@44.81 SANDx554@2.65 CGIx104@14.33 
Value: 7294.74
Sales: CPLAx33@44.81 CGIx104@14.33 SANDx554@2.65 UQMx2501@0.52 RCIIx82@18.61 
Purchases: ILGx82@17.61 AKAMx23@61.12 IPIx357@4.08 BOOMx195@7.46 SAIAx63@22.91 

2015-10-29
Cash: 91.03
Held: ILGx82@17.66 IPIx357@3.86 SAIAx63@23.61 AKAMx23@60.81 BOOMx195@7.13 
Value: 7192.86
Sales: ILGx82@17.66 AKAMx23@60.81 IPIx357@3.86 BOOMx195@7.13 SAIAx63@23.61 
Purchases: MDXGx197@7.28 DMRCx64@22.45 RPRXx841@1.71 DXYNx218@6.57 HBIOx489@2.94 

2015-11-01
Cash: 13.65
Held: RPRXx841@1.67 DXYNx218@6.23 DMRCx64@24.12 MDXGx197@7.81 HBIOx489@3.06 
Value: 7355.20
Sales: MDXGx197@7.81 DMRCx64@24.12 RPRXx841@1.67 DXYNx218@6.23 HBIOx489@3.06 
Purchases: CALXx211@6.94 ESCAx101@14.52 RPRXx880@1.67 BVNx234@6.28 ECOLx38@38.66 

2015-11-02
Cash: 15.41
Held: CALXx211@6.93 RPRXx880@1.80 ECOLx38@37.75 ESCAx101@14.27 BVNx234@6.41 
Value: 7437.50
Sales: CALXx211@6.93 ECOLx38@37.75 RPRXx880@1.80 BVNx234@6.41 ESCAx101@14.27 
Purchases: FPAYx2975@0.50 GLBSx2478@0.60 SBRAx72@20.59 IDXGx1093@1.36 PRZMx1171@1.27 

2015-11-03
Cash: 6.72
Held: PRZMx1171@0.99 GLBSx2478@0.52 FPAYx2975@0.50 IDXGx1093@1.37 SBRAx72@20.94 
Value: 6947.43
Sales: FPAYx2975@0.50 IDXGx1093@1.37 SBRAx72@20.94 GLBSx2478@0.52 PRZMx1171@0.99 
Purchases: TASRx67@20.58 TGHx95@14.51 AROCx110@12.60 AMAGx45@30.59 NRPx763@1.82 

2015-11-04
Cash: 38.67
Held: TASRx67@20.16 TGHx95@14.88 NRPx763@1.91 AROCx110@11.99 AMAGx45@29.30 
Value: 6897.95
Sales: AMAGx45@29.30 TASRx67@20.16 NRPx763@1.91 TGHx95@14.88 AROCx110@11.99 
Purchases: CLUBx556@2.48 PZZAx23@59.75 DAVEx140@9.82 AVPx439@3.14 HHSx405@3.40 

2015-11-05
Cash: 13.83
Held: AVPx439@3.19 CLUBx556@2.36 DAVEx140@9.67 PZZAx23@57.62 HHSx405@3.54 
Value: 6838.57
Sales: CLUBx556@2.36 PZZAx23@57.62 DAVEx140@9.67 AVPx439@3.19 HHSx405@3.54 
Purchases: ETRMx7@192.12 NMRXx215@6.35 ENOCx291@4.70 CMTx91@15.00 MTSLx1367@1.00 

2015-11-08
Cash: 28.63
Held: CMTx91@15.37 ENOCx291@4.45 ETRMx7@177.88 NMRXx215@6.33 MTSLx1367@0.99 
Value: 6681.09
Sales: ETRMx7@177.88 ENOCx291@4.45 CMTx91@15.37 MTSLx1367@0.99 NMRXx215@6.33 
Purchases: LXUx182@7.34 MCZx3107@0.43 AVIDx210@6.35 TLRDx60@22.00 CMLSx596@2.24 

2015-11-09
Cash: 20.44
Held: LXUx182@7.76 CMLSx596@2.17 MCZx3107@0.40 TLRDx60@22.08 AVIDx210@6.24 
Value: 6603.57
Sales: LXUx182@7.76 AVIDx210@6.24 MCZx3107@0.40 TLRDx60@22.08 CMLSx596@2.17 
Purchases: CPSTx473@2.79 FSTRx115@11.41 HRIx80@16.38 EVEPx319@4.13 LABLx20@63.62 

2015-11-10
Cash: 73.00
Held: EVEPx319@3.85 HRIx80@16.38 LABLx20@61.59 FSTRx115@11.72 CPSTx473@2.17 
Value: 6216.93
Sales: CPSTx473@2.17 FSTRx115@11.72 HRIx80@16.38 EVEPx319@3.85 LABLx20@61.59 
Purchases: PLUGx675@1.84 RGSEx2071@0.60 FTKx142@8.72 RTKx326@3.81 SBx621@2.00 

2015-11-11
Cash: 9.93
Held: RGSEx2071@0.51 SBx621@2.01 PLUGx675@1.78 FTKx142@9.59 RTKx326@3.30 
Value: 5953.77
Sales: PLUGx675@1.78 RGSEx2071@0.51 FTKx142@9.59 RTKx326@3.30 SBx621@2.01 
Purchases: HKx1984@0.60 ATWx75@15.72 SGMSx140@8.50 ROSGx713@1.67 WTIx363@3.28 

2015-11-12
Cash: 13.23
Held: SGMSx140@7.93 ATWx75@15.78 WTIx363@3.33 HKx1984@0.58 ROSGx713@1.68 
Value: 5864.29
Sales: HKx1984@0.58 ATWx75@15.78 SGMSx140@7.93 ROSGx713@1.68 WTIx363@3.33 
Purchases: HHx8376@0.14 DGLYx214@5.48 MMSx22@51.66 WINTx4343@0.27 AAPx7@161.62 

2015-11-15
Cash: 78.20
Held: HHx8376@0.15 MMSx22@52.53 WINTx4343@0.23 DGLYx214@5.42 AAPx7@164.25 
Value: 5799.33
Sales: HHx8376@0.15 DGLYx214@5.42 WINTx4343@0.23 MMSx22@52.53 AAPx7@164.25 
Purchases: ZSLx18@61.44 TCIx115@10.00 FOSLx36@31.84 SPHSx497@2.33 OBCIx434@2.67 

2015-11-16
Cash: 80.29
Held: OBCIx434@2.63 SPHSx497@1.84 ZSLx18@61.97 TCIx115@8.30 FOSLx36@34.56 
Value: 5450.31
Sales: ZSLx18@61.97 TCIx115@8.30 FOSLx36@34.56 SPHSx497@1.84 OBCIx434@2.63 
Purchases: CPSTx550@1.98 MFCBx509@2.14 SPUx1757@0.62 NEWTx80@13.60 OHGIx1048@1.04 

2015-11-17
Cash: 3.84
Held: SPUx1757@0.59 MFCBx509@2.30 OHGIx1048@1.09 NEWTx80@13.95 CPSTx550@1.90 
Value: 5514.92
Sales: CPSTx550@1.90 NEWTx80@13.95 SPUx1757@0.59 MFCBx509@2.30 OHGIx1048@1.09 
Purchases: LEUx648@1.70 DGLYx257@4.29 OSIRx104@10.54 TCIx133@8.25 KOOLx3938@0.28 

2015-11-18
Cash: 14.83
Held: KOOLx3938@0.33 LEUx648@1.60 TCIx133@8.55 DGLYx257@4.08 OSIRx104@10.57 
Value: 5635.35
Sales: DGLYx257@4.08 TCIx133@8.55 OSIRx104@10.57 LEUx648@1.60 KOOLx3938@0.33 
Purchases: NCTYx563@2.00 SBx793@1.42 WKHSx2450@0.46 RADAx2621@0.43 CREGx4024@0.28 

2015-11-19
Cash: 2.76
Held: RADAx2621@0.45 CREGx4024@0.35 SBx793@1.23 NCTYx563@2.09 WKHSx2450@0.45 
Value: 5845.60
Sales: NCTYx563@2.09 SBx793@1.23 WKHSx2450@0.45 RADAx2621@0.45 CREGx4024@0.35 
Purchases: KIRKx90@12.91 FTKx113@10.33 TWIx278@4.19 UVEx63@18.47 LQDTx178@6.55 

2015-11-22
Cash: 22.18
Held: KIRKx90@13.80 TWIx278@4.10 UVEx63@21.47 LQDTx178@6.76 FTKx113@10.90 
Value: 6191.77
Sales: KIRKx90@13.80 FTKx113@10.90 TWIx278@4.10 UVEx63@21.47 LQDTx178@6.76 
Purchases: ASYSx287@4.30 CRMTx39@31.50 GASLx84@14.73 URREx2099@0.59 NMx903@1.37 

2015-11-23
Cash: 16.62
Held: ASYSx287@4.33 GASLx84@17.14 NMx903@1.50 CRMTx39@29.88 URREx2099@0.61 
Value: 6498.33
Sales: CRMTx39@29.88 ASYSx287@4.33 GASLx84@17.14 URREx2099@0.61 NMx903@1.50 
Purchases: TPLMx1585@0.82 OPHCx3249@0.40 EDNx73@17.58 APDNx429@3.03 GGALx50@25.84 

2015-11-24
Cash: 24.67
Held: APDNx429@3.02 EDNx73@17.55 GGALx50@24.45 OPHCx3249@0.45 TPLMx1585@0.80 
Value: 6553.21
Sales: TPLMx1585@0.80 OPHCx3249@0.45 EDNx73@17.55 APDNx429@3.02 GGALx50@24.45 
Purchases: XCRAx220@5.94 DFFNx2621@0.50 NFECx1489@0.88 PDCOx28@45.59 EVIx360@3.64 

2015-11-26
Cash: 38.20
Held: EVIx360@3.55 XCRAx220@5.83 NFECx1489@0.89 DFFNx2621@0.50 PDCOx28@45.59 
Value: 6511.21
Sales: EVIx360@3.55 DFFNx2621@0.50 XCRAx220@5.83 PDCOx28@45.59 NFECx1489@0.89 
Purchases: OBCIx583@2.23 HPQx103@12.61 CADCx779@1.67 BMAx22@57.03 WPCSx808@1.61 

2015-11-29
Cash: 55.36
Held: WPCSx808@1.65 HPQx103@12.54 OBCIx583@2.28 BMAx22@57.88 CADCx779@1.69 
Value: 6599.32
Sales: HPQx103@12.54 WPCSx808@1.65 CADCx779@1.69 BMAx22@57.88 OBCIx583@2.28 
Purchases: GALTx659@2.00 BTEx315@4.18 RDYx28@46.84 KONEx441@2.99 SMx44@29.38 

2015-11-30
Cash: 41.90
Held: BTEx315@4.35 GALTx659@2.00 KONEx441@4.38 RDYx28@48.06 SMx44@29.56 
Value: 7308.24
Sales: BTEx315@4.35 GALTx659@2.00 RDYx28@48.06 KONEx441@4.38 SMx44@29.56 
Purchases: UNISx2002@0.73 CRMTx56@26.02 ZUMZx97@14.94 MESOx240@6.08 GMANx484@3.02 

2015-12-01
Cash: 20.81
Held: ZUMZx97@14.94 MESOx240@5.75 CRMTx56@26.50 UNISx2002@0.72 GMANx484@2.99 
Value: 7222.89
Sales: CRMTx56@26.50 ZUMZx97@14.94 MESOx240@5.75 GMANx484@2.99 UNISx2002@0.72 
Purchases: MNIx1078@1.34 OPHCx3140@0.46 INVEx612@2.36 CORRx60@24.03 CMLSx530@2.72 

2015-12-02
Cash: 6.47
Held: MNIx1078@1.37 INVEx612@2.22 CORRx60@22.84 OPHCx3140@0.40 CMLSx530@2.60 
Value: 6846.64
Sales: MNIx1078@1.37 INVEx612@2.22 OPHCx3140@0.40 CORRx60@22.84 CMLSx530@2.60 
Purchases: ATVx183@7.48 NETEx7605@0.18 UTIx345@3.96 SPEXx8556@0.16 OGXIx971@1.41 

2015-12-03
Cash: 3.37
Held: OGXIx971@1.21 ATVx183@8.48 SPEXx8556@0.15 UTIx345@3.74 NETEx7605@0.26 
Value: 7280.82
Sales: ATVx183@8.48 NETEx7605@0.26 UTIx345@3.74 SPEXx8556@0.15 OGXIx971@1.21 
Purchases: SRSCx203@7.15 CYTKx128@11.29 TITNx142@10.19 KERXx280@5.20 PVHx17@81.81 

2015-12-06
Cash: 91.47
Held: SRSCx203@7.18 TITNx142@9.77 KERXx280@4.57 CYTKx128@11.06 PVHx17@80.50 
Value: 7000.96
Sales: SRSCx203@7.18 TITNx142@9.77 CYTKx128@11.06 KERXx280@4.57 PVHx17@80.50 
Purchases: PEDx8234@0.17 CRKx153@9.15 BKSx148@9.42 OGXIx1206@1.16 OIBR.Cx2187@0.64 

2015-12-07
Cash: 7.54
Held: OGXIx1206@1.17 PEDx8234@0.15 OIBR.Cx2187@0.60 BKSx148@9.44 CRKx153@11.15 
Value: 7068.64
Sales: PEDx8234@0.15 BKSx148@9.44 OIBR.Cx2187@0.60 CRKx153@11.15 OGXIx1206@1.17 
Purchases: SGYx290@4.86 TCCOx429@3.29 BTEx450@3.14 HNRx2437@0.58 VNRx471@3.00 

2015-12-08
Cash: 8.48
Held: BTEx450@3.14 HNRx2437@0.63 SGYx290@5.05 TCCOx429@3.20 VNRx471@2.88 
Value: 7150.86
Sales: BTEx450@3.14 SGYx290@5.05 HNRx2437@0.63 VNRx471@2.88 TCCOx429@3.20 
Purchases: USEGx11000@0.13 VTNRx1043@1.37 HLITx329@4.34 RASx507@2.82 RELVx2979@0.48 

2015-12-09
Cash: 4.21
Held: RELVx2979@0.46 VTNRx1043@1.32 HLITx329@4.30 USEGx11000@0.14 RASx507@2.63 
Value: 7040.48
Sales: USEGx11000@0.14 RASx507@2.63 VTNRx1043@1.32 RELVx2979@0.46 HLITx329@4.30 
Purchases: CENTAx86@16.30 CLNTx1027@1.37 XRAx4265@0.33 MSBx318@4.42 AEZSx300@4.68 

2015-12-10
Cash: 14.00
Held: XRAx4265@0.36 CENTAx86@15.71 CLNTx1027@1.28 MSBx318@4.30 AEZSx300@4.42 
Value: 6910.05
Sales: CENTAx86@15.71 CLNTx1027@1.28 XRAx4265@0.36 MSBx318@4.30 AEZSx300@4.42 
Purchases: SNGXx2657@0.52 EDUCx99@13.95 NAVx156@8.85 CIENx69@19.81 TLRDx93@14.81 

2015-12-13
Cash: 21.53
Held: CIENx69@19.28 EDUCx99@13.86 NAVx156@8.19 SNGXx2657@0.55 TLRDx93@13.48 
Value: 6715.41
Sales: SNGXx2657@0.55 EDUCx99@13.86 NAVx156@8.19 CIENx69@19.28 TLRDx93@13.48 
Purchases: CYTXx345@3.89 IFMIx1243@1.08 WLLx122@10.92 INVTx671@2.00 TPIVx1974@0.68 

2015-12-14
Cash: 13.47
Held: INVTx671@2.04 IFMIx1243@1.17 TPIVx1974@0.66 WLLx122@11.54 CYTXx345@3.68 
Value: 6816.30
Sales: IFMIx1243@1.17 CYTXx345@3.68 INVTx671@2.04 WLLx122@11.54 TPIVx1974@0.66 
Purchases: ADXSx164@8.30 WKHSx181@7.50 DRWIx613@2.22 ALIMx600@2.27 GAZx4396@0.31 

2015-12-15
Cash: 12.09
Held: ADXSx164@10.92 ALIMx600@2.36 DRWIx613@2.60 GAZx4396@0.39 WKHSx181@7.05 
Value: 7802.62
Sales: ADXSx164@10.92 WKHSx181@7.05 DRWIx613@2.60 ALIMx600@2.36 GAZx4396@0.39 
Purchases: LDRx51@30.36 FCELx285@5.46 KMTx85@18.17 AMTXx687@2.27 ATIx147@10.59 

2015-12-16
Cash: 36.87
Held: ATIx147@10.47 LDRx51@29.55 FCELx285@5.69 AMTXx687@2.26 KMTx85@17.94 
Value: 7781.86
Sales: LDRx51@29.55 FCELx285@5.69 KMTx85@17.94 AMTXx687@2.26 ATIx147@10.47 
Purchases: SBOTx205@7.57 KMTx86@17.94 NAVx195@7.98 LAKEx137@11.36 GPNx24@64.19 

2015-12-17
Cash: 34.40
Held: LAKEx137@11.38 GPNx24@63.81 NAVx195@8.57 SBOTx205@7.09 KMTx86@18.09 
Value: 7806.03
Sales: GPNx24@63.81 KMTx86@18.09 NAVx195@8.57 LAKEx137@11.38 SBOTx205@7.09 
Purchases: CWEIx50@31.22 CPLPx309@5.05 PIIx18@84.75 HEBx22300@0.07 KOOLx6788@0.23 

2015-12-20
Cash: 36.63
Held: CWEIx50@29.75 PIIx18@83.31 KOOLx6788@0.22 HEBx22300@0.09 CPLPx309@5.09 
Value: 8097.28
Sales: CWEIx50@29.75 PIIx18@83.31 CPLPx309@5.09 HEBx22300@0.09 KOOLx6788@0.22 
Purchases: CYTXx580@2.79 DTRMx760@2.13 IDXGx2945@0.55 RCMTx344@4.70 ACTGx368@4.39 

2015-12-21
Cash: 8.72
Held: DTRMx760@2.00 RCMTx344@4.74 IDXGx2945@0.53 ACTGx368@3.96 CYTXx580@2.84 
Value: 7823.64
Sales: CYTXx580@2.84 ACTGx368@3.96 IDXGx2945@0.53 RCMTx344@4.74 DTRMx760@2.00 
Purchases: UAMYx6258@0.25 OMEXx6017@0.26 VRTBx561@2.79 GLUUx701@2.23 SPEx122@12.75 

2015-12-22
Cash: 10.93
Held: SPEx122@12.86 VRTBx561@2.77 UAMYx6258@0.27 GLUUx701@2.51 OMEXx6017@0.25 
Value: 8086.86
Sales: UAMYx6258@0.27 OMEXx6017@0.25 VRTBx561@2.77 GLUUx701@2.51 SPEx122@12.86 
Purchases: PLUSx17@93.12 NBYx617@2.62 GMOx8088@0.20 CAPRx523@3.09 SCSx112@14.41 

2015-12-23
Cash: 41.03
Held: CAPRx523@2.97 NBYx617@2.24 GMOx8088@0.20 SCSx112@14.65 PLUSx17@93.38 
Value: 7822.14
Sales: PLUSx17@93.38 NBYx617@2.24 GMOx8088@0.20 SCSx112@14.65 CAPRx523@2.97 
Purchases: CCMx324@4.82 MYOSx752@2.08 SCOx12@128.88 KFx48@32.47 CIG.Cx869@1.80 

2015-12-27
Cash: 27.11
Held: CIG.Cx869@1.86 SCOx12@137.25 CCMx324@4.94 MYOSx752@1.88 KFx48@32.28 
Value: 7854.95
Sales: CCMx324@4.94 MYOSx752@1.88 SCOx12@137.25 KFx48@32.28 CIG.Cx869@1.86 
Purchases: ETRMx14@110.25 RLOGx988@1.59 VRTBx641@2.45 MXCx623@2.52 RNVAx1121@1.40 

2015-12-28
Cash: 31.22
Held: VRTBx641@2.54 RNVAx1121@1.35 ETRMx14@111.31 MXCx623@2.39 RLOGx988@1.55 
Value: 7750.62
Sales: ETRMx14@111.31 RLOGx988@1.55 VRTBx641@2.54 MXCx623@2.39 RNVAx1121@1.35 
Purchases: OPHCx4696@0.33 ITUSx607@2.55 GTXIx2246@0.69 GOROx856@1.81 IDSAx1115@1.39 

2015-12-29
Cash: 4.19
Held: ITUSx607@3.01 GTXIx2246@0.71 GOROx856@1.69 OPHCx4696@0.40 IDSAx1115@1.30 
Value: 8199.92
Sales: OPHCx4696@0.40 GOROx856@1.69 GTXIx2246@0.71 IDSAx1115@1.30 ITUSx607@3.01 
Purchases: HQCLx74@21.88 DWSNx509@3.22 GLBSx10931@0.15 CAFx82@19.80 DRYSx6@238.50 

2015-12-30
Cash: 247.57
Held: HQCLx74@21.94 GLBSx10931@0.14 CAFx82@19.91 DWSNx509@3.46 DRYSx6@260.75 
Value: 8359.88
Sales: HQCLx74@21.94 DWSNx509@3.46 GLBSx10931@0.14 CAFx82@19.91 DRYSx6@260.75 
Purchases: SCONx7963@0.21 SAJAx445@3.75 NFECx2290@0.73 TRTx599@2.79 NUROx844@1.98 

2016-01-03
Cash: 5.39
Held: NUROx844@1.86 NFECx2290@0.86 TRTx599@2.90 SAJAx445@3.75 SCONx7963@0.19 
Value: 8463.20
Sales: SCONx7963@0.19 SAJAx445@3.75 NFECx2290@0.86 TRTx599@2.90 NUROx844@1.86 
Purchases: BGIx4834@0.35 INVTx1085@1.56 AXNx2644@0.64 OHGIx1471@1.15 OREXx989@1.71 

2016-01-04
Cash: 2.79
Held: INVTx1085@1.49 OHGIx1471@1.11 OREXx989@1.79 AXNx2644@0.80 BGIx4834@0.34 
Value: 8782.04
Sales: AXNx2644@0.80 INVTx1085@1.49 OREXx989@1.79 OHGIx1471@1.11 BGIx4834@0.34 
Purchases: AVDx152@11.49 PERIx597@2.94 SRIx130@13.49 YINNx111@15.76 DRYSx7@237.75 

2016-01-05
Cash: 113.03
Held: PERIx597@2.90 AVDx152@11.48 SRIx130@12.52 YINNx111@14.74 DRYSx7@222.12 
Value: 8408.30
Sales: AVDx152@11.48 PERIx597@2.90 SRIx130@12.52 YINNx111@14.74 DRYSx7@222.12 
Purchases: MNKDx2303@0.73 SAUCx923@1.82 IDXGx4944@0.34 NAVx192@8.73 RBCNx1378@1.22 

2016-01-06
Cash: 9.33
Held: MNKDx2303@0.69 IDXGx4944@0.34 RBCNx1378@1.14 NAVx192@7.99 SAUCx923@1.75 
Value: 7999.09
Sales: MNKDx2303@0.69 NAVx192@7.99 SAUCx923@1.75 IDXGx4944@0.34 RBCNx1378@1.14 
Purchases: SBLKx4211@0.38 HGGx639@2.50 INVEx846@1.89 GASLx399@4.00 SMx100@15.98 

2016-01-07
Cash: 9.61
Held: INVEx846@1.86 GASLx399@4.31 SMx100@16.19 SBLKx4211@0.44 HGGx639@2.15 
Value: 8148.04
Sales: SBLKx4211@0.44 HGGx639@2.15 INVEx846@1.86 GASLx399@4.31 SMx100@16.19 
Purchases: CLBSx3133@0.52 SBx3542@0.46 HKx1916@0.85 HLTHx676@2.41 GALEx2062@0.79 

2016-01-10
Cash: 2.52
Held: GALEx2062@0.80 HLTHx676@2.43 SBx3542@0.40 CLBSx3133@0.53 HKx1916@0.64 
Value: 7596.96
Sales: CLBSx3133@0.53 GALEx2062@0.80 HKx1916@0.64 HLTHx676@2.43 SBx3542@0.40 
Purchases: SORLx888@1.71 GPSx66@22.69 JNPx270@5.62 SSNx2531@0.60 CBMGx92@16.42 

2016-01-11
Cash: 33.79
Held: JNPx270@5.78 SSNx2531@0.49 SORLx888@1.72 GPSx66@22.84 CBMGx92@15.90 
Value: 7332.35
Sales: SORLx888@1.72 GPSx66@22.84 JNPx270@5.78 CBMGx92@15.90 SSNx2531@0.49 
Purchases: FCXx356@4.11 HKx2528@0.58 GNVCx2364@0.62 BCLIx660@2.22 THMx7334@0.20 

2016-01-12
Cash: 4.91
Held: FCXx356@3.74 HKx2528@0.58 BCLIx660@1.92 GNVCx2364@0.59 THMx7334@0.22 
Value: 7077.68
Sales: FCXx356@3.74 HKx2528@0.58 GNVCx2364@0.59 BCLIx660@1.92 THMx7334@0.22 
Purchases: GNVCx2399@0.59 SSNx3077@0.46 GASLx500@2.83 INVAx172@8.23 MVOx351@4.03 

2016-01-13
Cash: 2.37
Held: SSNx3077@0.52 INVAx172@8.93 GASLx500@3.10 GNVCx2399@0.56 MVOx351@4.24 
Value: 7519.39
Sales: GNVCx2399@0.56 SSNx3077@0.52 GASLx500@3.10 INVAx172@8.93 MVOx351@4.24 
Purchases: AEHRx989@1.52 ESEAx650@2.31 GLBSx12532@0.12 CLSNx1097@1.37 AXLx111@13.48 

2016-01-14
Cash: 12.03
Held: AEHRx989@1.44 ESEAx650@2.36 GLBSx12532@0.09 CLSNx1097@1.29 AXLx111@13.43 
Value: 7004.29
Sales: AEHRx989@1.44 AXLx111@13.43 GLBSx12532@0.09 CLSNx1097@1.29 ESEAx650@2.36 
Purchases: HBMx690@2.03 NAKx5837@0.24 SYMXx2059@0.68 CURx171@8.19 INSGx1157@1.21 

2016-01-18
Cash: 2.78
Held: SYMXx2059@0.63 HBMx690@1.96 NAKx5837@0.22 INSGx1157@1.16 CURx171@7.67 
Value: 6590.24
Sales: HBMx690@1.96 NAKx5837@0.22 SYMXx2059@0.63 CURx171@7.67 INSGx1157@1.16 
Purchases: ATWx219@6.01 SRPTx98@13.44 OSIRx187@7.01 WKHSx297@4.43 CBMGx109@12.08 

2016-01-19
Cash: 13.48
Held: SRPTx98@13.26 ATWx219@6.01 OSIRx187@7.27 WKHSx297@4.50 CBMGx109@13.61 
Value: 6808.64
Sales: ATWx219@6.01 SRPTx98@13.26 CBMGx109@13.61 WKHSx297@4.50 OSIRx187@7.27 
Purchases: SMSIx2618@0.52 HKx4254@0.32 NRPx1973@0.69 SMx139@9.78 COOLx343@3.96 

2016-01-20
Cash: 6.20
Held: COOLx343@4.32 NRPx1973@0.88 SMSIx2618@0.56 SMx139@12.32 HKx4254@0.41 
Value: 8146.60
Sales: SMSIx2618@0.56 HKx4254@0.41 NRPx1973@0.88 SMx139@12.32 COOLx343@4.32 
Purchases: AXDXx107@15.22 TOPSx8578@0.19 PNRGx41@39.22 WAFDWx386@4.22 TCBIWx84@19.36 

2016-01-21
Cash: 26.29
Held: TOPSx8578@0.30 AXDXx107@14.90 WAFDWx386@4.64 TCBIWx84@19.88 PNRGx41@38.00 
Value: 9213.02
Sales: WAFDWx386@4.64 AXDXx107@14.90 TOPSx8578@0.30 TCBIWx84@19.88 PNRGx41@38.00 
Purchases: TCBIx55@33.47 UUUx460@4.00 RDNx179@10.24 MTGx292@6.30 PTIEx1151@1.60 

2016-01-24
Cash: 17.91
Held: TCBIx55@32.31 PTIEx1151@1.61 UUUx460@4.08 RDNx179@9.37 MTGx292@5.66 
Value: 8854.04
Sales: TCBIx55@32.31 UUUx460@4.08 RDNx179@9.37 MTGx292@5.66 PTIEx1151@1.61 
Purchases: AXPx32@55.03 UAMYx7083@0.25 OPHCx483@3.66 DGIIx205@8.62 NTNx16100@0.11 

2016-01-25
Cash: 17.15
Held: UAMYx7083@0.25 DGIIx205@9.03 AXPx32@55.09 OPHCx483@3.81 NTNx16100@0.14 
Value: 9497.03
Sales: UAMYx7083@0.25 OPHCx483@3.81 AXPx32@55.09 DGIIx205@9.03 NTNx16100@0.14 
Purchases: ASCMAx181@10.44 GEN           x1130@1.68 GENx1130@1.68 EVRIx639@2.97 BONTx1085@1.75 

2016-01-26
Cash: 14.72
Held: GEN           x1130@1.71 GENx1130@1.71 ASCMAx181@10.98 BONTx1085@1.60 EVRIx639@2.88 
Value: 9442.44
Sales: ASCMAx181@10.98 GEN           x1130@1.71 GENx1130@1.71 EVRIx639@2.88 BONTx1085@1.60 
Purchases: ETRMx27@69.31 CVOx472@4.00 AMSx1202@1.57 DFFNx1302@1.45 AMTXx944@2.00 

2016-01-27
Cash: 19.33
Held: CVOx472@4.00 AMTXx944@2.24 DFFNx1302@1.30 ETRMx27@64.50 AMSx1202@1.57 
Value: 9343.47
Sales: ETRMx27@64.50 CVOx472@4.00 DFFNx1302@1.30 AMSx1202@1.57 AMTXx944@2.24 
Purchases: DVx96@19.38 LPTHx769@2.43 TSSx49@37.97 CGGx1@1608.00 LCIx76@24.42 

2016-01-28
Cash: 290.51
Held: DVx96@19.91 TSSx49@40.16 LPTHx769@2.92 CGGx1@1034.00 LCIx76@25.52 
Value: 9387.77
Sales: DVx96@19.91 LPTHx769@2.92 TSSx49@40.16 CGGx1@1034.00 LCIx76@25.52 
Purchases: TGIx73@25.50 NTCTx87@21.55 LANCx18@101.69 EXTRx680@2.76 CLDXx226@8.30 

2016-01-31
Cash: 69.59
Held: CLDXx226@8.19 TGIx73@25.19 NTCTx87@20.94 EXTRx680@2.82 LANCx18@102.12 
Value: 9336.27
Sales: EXTRx680@2.82 TGIx73@25.19 LANCx18@102.12 CLDXx226@8.19 NTCTx87@20.94 
Purchases: QTMx4244@0.44 MOG.Bx43@43.09 PRZMx2706@0.69 CGGx1@1008.50 DCTHx6437@0.29 

2016-02-01
Cash: 873.67
Held: DCTHx6437@0.27 PRZMx2706@0.61 MOG.Bx43@40.59 QTMx4244@0.48 CGGx1@891.50 
Value: 8936.14
Sales: CGGx1@891.50 QTMx4244@0.48 PRZMx2706@0.61 MOG.Bx43@40.59 DCTHx6437@0.27 
Purchases: TEARx1880@0.95 PEDx8938@0.20 DFBGx272@6.57 MTLx1207@1.48 DNRx1501@1.19 

2016-02-02
Cash: 1.73
Held: DNRx1501@1.48 PEDx8938@0.20 DFBGx272@6.95 TEARx1880@0.85 MTLx1207@1.69 
Value: 9539.79
Sales: PEDx8938@0.20 TEARx1880@0.85 DFBGx272@6.95 MTLx1207@1.69 DNRx1501@1.48 
Purchases: AXON          x144@13.24 AXEx46@40.62 BRSx96@19.80 IDTIx105@18.16 PXLWx1362@1.40 

2016-02-03
Cash: 49.93
Held: PXLWx1362@1.40 BRSx96@19.50 AXON          x144@13.39 IDTIx105@18.69 AXEx46@42.00 
Value: 9651.70
Sales: AXON          x144@13.39 AXEx46@42.00 BRSx96@19.50 IDTIx105@18.69 PXLWx1362@1.40 
Purchases: WMLPx534@3.61 JLLx16@117.75 NMMx1313@1.47 RDWRx170@11.33 PGCx109@17.69 

2016-02-04
Cash: 56.82
Held: NMMx1313@1.38 PGCx109@17.72 RDWRx170@10.94 JLLx16@111.25 WMLPx534@3.79 
Value: 9462.69
Sales: WMLPx534@3.79 JLLx16@111.25 NMMx1313@1.38 PGCx109@17.72 RDWRx170@10.94 
Purchases: RLx21@87.25 SHIPx553@3.42 PPPx1168@1.62 GRAx28@67.06 SPSCx39@48.09 

2016-02-07
Cash: 93.52
Held: GRAx28@64.94 SHIPx553@3.04 RLx21@85.25 PPPx1168@1.68 SPSCx39@45.31 
Value: 9111.68
Sales: RLx21@85.25 SPSCx39@45.31 SHIPx553@3.04 PPPx1168@1.68 GRAx28@64.94 
Purchases: BZHx288@6.32 KMPRx71@25.52 ESLx34@52.19 YRCWx269@6.76 SWIRx177@10.26 

2016-02-08
Cash: 70.91
Held: SWIRx177@10.41 ESLx34@52.66 KMPRx71@25.55 YRCWx269@6.84 BZHx288@6.50 
Value: 9228.88
Sales: BZHx288@6.50 KMPRx71@25.55 ESLx34@52.66 YRCWx269@6.84 SWIRx177@10.41 
Purchases: IKGHx1693@1.09 CYRXx1724@1.07 CHKx946@1.95 MCZx7383@0.25 EVLVx3239@0.57 

2016-02-09
Cash: 2.26
Held: CHKx946@1.70 EVLVx3239@0.58 IKGHx1693@1.15 CYRXx1724@1.10 MCZx7383@0.22 
Value: 8956.90
Sales: IKGHx1693@1.15 CYRXx1724@1.10 CHKx946@1.70 MCZx7383@0.22 EVLVx3239@0.58 
Purchases: UNTx242@7.39 BSPMx1155@1.55 TCBIWx100@17.80 IOx533@3.36 ATECx9431@0.19 

2016-02-10
Cash: 16.77
Held: ATECx9431@0.21 IOx533@2.71 TCBIWx100@16.80 UNTx242@6.85 BSPMx1155@1.46 
Value: 8465.86
Sales: BSPMx1155@1.46 UNTx242@6.85 TCBIWx100@16.80 IOx533@2.71 ATECx9431@0.21 
Purchases: KSx179@9.43 CALXx286@5.91 KFRCx111@15.23 OESXx1365@1.24 NXTMx116@14.57 

2016-02-11
Cash: 14.42
Held: CALXx286@5.67 KFRCx111@15.58 NXTMx116@14.00 OESXx1365@1.20 KSx179@9.43 
Value: 8315.93
Sales: CALXx286@5.67 KSx179@9.43 KFRCx111@15.58 OESXx1365@1.20 NXTMx116@14.00 
Purchases: DRWIx929@1.79 NRGx173@9.58 DYNx196@8.45 FLOx105@15.71 HLXx632@2.63 

2016-02-15
Cash: 26.80
Held: HLXx632@3.02 NRGx173@9.70 FLOx105@16.20 DRWIx929@1.83 DYNx196@8.05 
Value: 8592.44
Sales: DRWIx929@1.83 NRGx173@9.70 DYNx196@8.05 FLOx105@16.20 HLXx632@3.02 
Purchases: FAZx30@56.59 ERYx52@32.62 GNMKx361@4.75 NUSx59@28.98 EVLVx3436@0.50 

2016-02-16
Cash: 55.30
Held: GNMKx361@4.90 ERYx52@29.45 EVLVx3436@0.51 FAZx30@54.41 NUSx59@29.36 
Value: 8471.15
Sales: FAZx30@54.41 NUSx59@29.36 GNMKx361@4.90 ERYx52@29.45 EVLVx3436@0.51 
Purchases: SITOx691@2.45 EGOx607@2.79 PPPx1122@1.51 SENEBx50@33.75 DTRMx985@1.72 

2016-02-17
Cash: 10.39
Held: DTRMx985@1.56 PPPx1122@1.45 SENEBx50@33.75 SITOx691@2.35 EGOx607@3.00 
Value: 8305.76
Sales: SITOx691@2.35 PPPx1122@1.45 EGOx607@3.00 SENEBx50@33.75 DTRMx985@1.56 
Purchases: FALCx1114@1.49 AXNx2244@0.74 CASYx15@104.94 MXWLx327@5.08 IVCx134@12.37 

2016-02-18
Cash: 92.74
Held: CASYx15@107.19 AXNx2244@0.77 IVCx134@12.50 FALCx1114@1.49 MXWLx327@5.41 
Value: 8532.72
Sales: FALCx1114@1.49 AXNx2244@0.77 CASYx15@107.19 MXWLx327@5.41 IVCx134@12.50 
Purchases: TYLx14@121.56 FFBCWx229@7.45 CGNTx1673@1.02 FPPx5331@0.32 CRKx328@5.20 

2016-02-21
Cash: 7.67
Held: FFBCWx229@7.45 CGNTx1673@1.09 TYLx14@120.94 CRKx328@5.20 FPPx5331@0.35 
Value: 8801.69
Sales: TYLx14@120.94 FFBCWx229@7.45 CGNTx1673@1.09 FPPx5331@0.35 CRKx328@5.20 
Purchases: IMHx133@13.15 RAILx98@17.95 CRVPx2378@0.74 INAPx880@2.00 TRNx107@16.38 

2016-02-22
Cash: 21.14
Held: CRVPx2378@0.76 IMHx133@13.20 TRNx107@15.73 RAILx98@16.33 INAPx880@2.09 
Value: 8705.84
Sales: CRVPx2378@0.76 TRNx107@15.73 RAILx98@16.33 INAPx880@2.09 IMHx133@13.20 
Purchases: NYNYx129@13.45 LLx154@11.27 VHCx336@5.18 CCCx123@14.13 EXKx1081@1.61 

2016-02-23
Cash: 14.78
Held: VHCx336@5.17 CCCx123@14.31 NYNYx129@13.54 EXKx1081@1.68 LLx154@11.39 
Value: 8829.40
Sales: NYNYx129@13.54 LLx154@11.39 CCCx123@14.31 VHCx336@5.17 EXKx1081@1.68 
Purchases: NLSx100@17.66 CTGx358@4.92 FFHLx3333@0.53 JAKKx279@6.33 AREXx2635@0.67 

2016-02-24
Cash: 5.18
Held: CTGx358@4.76 NLSx100@18.06 AREXx2635@0.66 JAKKx279@6.64 FFHLx3333@0.53 
Value: 8874.15
Sales: NLSx100@18.06 CTGx358@4.76 FFHLx3333@0.53 JAKKx279@6.64 AREXx2635@0.66 
Purchases: UNISx1950@0.91 EXASx305@5.80 GOGLx3286@0.54 SKLNx1267@1.40 GSTx2910@0.61 

2016-02-25
Cash: 6.54
Held: SKLNx1267@1.06 GOGLx3286@0.56 GSTx2910@0.66 UNISx1950@0.91 EXASx305@5.70 
Value: 8623.49
Sales: UNISx1950@0.91 EXASx305@5.70 GOGLx3286@0.56 SKLNx1267@1.06 GSTx2910@0.66 
Purchases: IMMYx422@4.08 NTESx12@135.38 OIBR.Cx1008@1.71 XKEx353@4.88 ZBRAx28@59.53 

2016-02-28
Cash: 165.25
Held: NTESx12@134.62 ZBRAx28@61.78 XKEx353@5.16 OIBR.Cx1008@1.50 IMMYx422@4.08 
Value: 8565.13
Sales: IMMYx422@4.08 NTESx12@134.62 XKEx353@5.16 OIBR.Cx1008@1.50 ZBRAx28@61.78 
Purchases: PPHMx4283@0.40 LTRXx2063@0.83 OREXx2412@0.71 FNCXx3058@0.56 HSCx452@3.79 

2016-02-29
Cash: 2.15
Held: FNCXx3058@0.50 HSCx452@3.67 OREXx2412@0.71 PPHMx4283@0.39 LTRXx2063@0.94 
Value: 8511.39
Sales: FNCXx3058@0.50 PPHMx4283@0.39 OREXx2412@0.71 LTRXx2063@0.94 HSCx452@3.67 
Purchases: FSSx149@11.35 VRXx26@65.44 IPIx2541@0.67 SKLNx3959@0.43 OCNx807@2.11 

2016-03-01
Cash: 12.00
Held: SKLNx3959@0.35 FSSx149@11.60 IPIx2541@0.87 OCNx807@2.27 VRXx26@67.50 
Value: 8924.15
Sales: VRXx26@67.50 IPIx2541@0.87 FSSx149@11.60 SKLNx3959@0.35 OCNx807@2.27 
Purchases: ITGRx56@31.70 RMTIx286@6.23 SKLNx5098@0.35 GSLx1623@1.10 SQQQx86@20.59 

2016-03-02
Cash: 26.33
Held: ITGRx56@33.88 SKLNx5098@0.33 RMTIx286@6.10 SQQQx86@20.70 GSLx1623@1.18 
Value: 9046.22
Sales: ITGRx56@33.88 RMTIx286@6.10 SKLNx5098@0.33 GSLx1623@1.18 SQQQx86@20.70 
Purchases: TORMx515@3.51 KONAx147@12.27 SKLNx5481@0.33 CVGWx37@48.50 HGSHx1291@1.40 

2016-03-03
Cash: 22.93
Held: TORMx515@3.59 KONAx147@13.30 SKLNx5481@0.34 CVGWx37@47.84 HGSHx1291@1.43 
Value: 9306.31
Sales: TORMx515@3.59 KONAx147@13.30 SKLNx5481@0.34 CVGWx37@47.84 HGSHx1291@1.43 
Purchases: NYMXx788@2.36 OPXAx930@2.00 GTXIx3101@0.60 DMRCx68@27.20 ERJx75@24.69 

2016-03-06
Cash: 24.84
Held: OPXAx930@2.17 GTXIx3101@0.60 ERJx75@25.30 NYMXx788@2.49 DMRCx68@27.11 
Value: 9606.78
Sales: OPXAx930@2.17 NYMXx788@2.49 DMRCx68@27.11 GTXIx3101@0.60 ERJx75@25.30 
Purchases: WLFCx97@19.80 PLMx1940@0.99 SNAKx343@5.60 SNMXx664@2.89 IINx297@6.45 

2016-03-07
Cash: 9.30
Held: IINx297@6.80 SNAKx343@5.55 WLFCx97@20.48 SNMXx664@2.81 PLMx1940@0.87 
Value: 9474.27
Sales: SNAKx343@5.55 WLFCx97@20.48 PLMx1940@0.87 IINx297@6.80 SNMXx664@2.81 
Purchases: SSRIx325@5.83 CYRXx1058@1.79 JJTx50@37.62 CLDXx514@3.68 CREEx66@28.34 

2016-03-08
Cash: 42.97
Held: CREEx66@28.98 SSRIx325@5.86 JJTx50@37.62 CLDXx514@3.62 CYRXx1058@1.76 
Value: 9463.55
Sales: SSRIx325@5.86 CYRXx1058@1.76 JJTx50@37.62 CREEx66@28.98 CLDXx514@3.62 
Purchases: CWEIx119@15.78 TISAx922@2.05 CLFx733@2.58 UNTx209@9.02 OCLRx477@3.96 

2016-03-09
Cash: 28.30
Held: CWEIx119@12.44 CLFx733@2.48 TISAx922@2.04 UNTx209@9.29 OCLRx477@4.17 
Value: 9137.96
Sales: CWEIx119@12.44 TISAx922@2.04 CLFx733@2.48 UNTx209@9.29 OCLRx477@4.17 
Purchases: MBOTx7310@0.25 HOVx1243@1.47 UISx241@7.58 DSXx711@2.57 DRYSx11@164.12 

2016-03-10
Cash: 24.40
Held: MBOTx7310@0.26 UISx241@7.67 HOVx1243@1.43 DSXx711@2.65 DRYSx11@129.00 
Value: 8854.52
Sales: MBOTx7310@0.26 HOVx1243@1.43 UISx241@7.67 DRYSx11@129.00 DSXx711@2.65 
Purchases: CWEIx149@11.83 IFONx1567@1.13 RAVNx131@13.49 MGPIx80@21.89 PTXx1035@1.71 

2016-03-13
Cash: 33.06
Held: CWEIx149@10.69 IFONx1567@1.12 RAVNx131@14.00 PTXx1035@1.56 MGPIx80@22.66 
Value: 8641.38
Sales: CWEIx149@10.69 IFONx1567@1.12 RAVNx131@14.00 MGPIx80@22.66 PTXx1035@1.56 
Purchases: SGYx929@1.86 ACATx107@16.08 YANGx16@106.50 FXPx38@45.00 QUIKx1451@1.19 

2016-03-14
Cash: 51.44
Held: FXPx38@45.47 QUIKx1451@1.16 ACATx107@15.63 SGYx929@1.54 YANGx16@108.06 
Value: 8295.05
Sales: SGYx929@1.54 YANGx16@108.06 ACATx107@15.63 FXPx38@45.47 QUIKx1451@1.16 
Purchases: HHSx603@2.75 MTx406@4.08 ASTCx864@1.92 TGDx7541@0.22 TAx218@7.61 

2016-03-15
Cash: 4.62
Held: ASTCx864@1.83 MTx406@4.26 TGDx7541@0.24 TAx218@7.48 HHSx603@2.85 
Value: 8474.89
Sales: HHSx603@2.85 MTx406@4.26 ASTCx864@1.83 TGDx7541@0.24 TAx218@7.48 
Purchases: GOLx239@7.08 MDGLx7370@0.23 NRPx184@9.19 DEPOx119@14.18 PTXx1460@1.16 

2016-03-16
Cash: 16.55
Held: GOLx239@8.30 NRPx184@9.50 PTXx1460@0.99 MDGLx7370@0.23 DEPOx119@13.28 
Value: 8468.67
Sales: GOLx239@8.30 MDGLx7370@0.23 NRPx184@9.50 DEPOx119@13.28 PTXx1460@0.99 
Purchases: FNCXx6048@0.28 CBLIx667@2.54 CALLx235@7.18 EEIx175@9.65 GCBCx95@17.80 

2016-03-17
Cash: 15.10
Held: CBLIx667@2.53 CALLx235@7.17 FNCXx6048@0.29 GCBCx95@16.55 EEIx175@10.61 
Value: 8570.28
Sales: FNCXx6048@0.29 CBLIx667@2.53 CALLx235@7.17 EEIx175@10.61 GCBCx95@16.55 
Purchases: CBLIx677@2.53 JBLx87@19.59 PRZMx4631@0.37 BZQx43@39.62 PTXx1904@0.90 

2016-03-20
Cash: 21.99
Held: CBLIx677@2.56 PRZMx4631@0.35 PTXx1904@0.92 BZQx43@39.31 JBLx87@19.62 
Value: 8526.12
Sales: CBLIx677@2.56 JBLx87@19.62 PRZMx4631@0.35 BZQx43@39.31 PTXx1904@0.92 
Purchases: BEBEx327@5.20 TGCx10028@0.17 VNRx1093@1.56 SPEXx883@1.93 SGYPx611@2.79 

2016-03-21
Cash: 8.13
Held: TGCx10028@0.17 SPEXx883@1.85 BEBEx327@5.20 VNRx1093@1.57 SGYPx611@2.59 
Value: 8345.43
Sales: BEBEx327@5.20 TGCx10028@0.17 VNRx1093@1.57 SPEXx883@1.85 SGYPx611@2.59 
Purchases: CBMXx393@4.24 DESTx190@8.78 ECTx1264@1.32 NCTYx751@2.22 EGTx948@1.76 

2016-03-22
Cash: 6.47
Held: ECTx1264@1.28 DESTx190@7.92 NCTYx751@2.33 EGTx948@1.92 CBMXx393@4.10 
Value: 8311.78
Sales: DESTx190@7.92 NCTYx751@2.33 CBMXx393@4.10 ECTx1264@1.28 EGTx948@1.92 
Purchases: UAMYx8751@0.19 GIIIx37@43.84 PNRGx44@36.97 INFIx314@5.28 VIIx1613@1.03 

2016-03-23
Cash: 80.61
Held: GIIIx37@45.38 UAMYx8751@0.20 INFIx314@5.06 VIIx1613@1.06 PNRGx44@36.50 
Value: 8412.75
Sales: UAMYx8751@0.20 GIIIx37@45.38 VIIx1613@1.06 INFIx314@5.06 PNRGx44@36.50 
Purchases: BAKx133@12.62 SCONx8858@0.19 CLMTx148@11.33 HGSHx880@1.91 INSYx98@17.12 

2016-03-27
Cash: 16.41
Held: BAKx133@12.86 INSYx98@16.30 HGSHx880@1.83 CLMTx148@11.46 SCONx8858@0.17 
Value: 8136.74
Sales: INSYx98@16.30 CLMTx148@11.46 BAKx133@12.86 HGSHx880@1.83 SCONx8858@0.17 
Purchases: TPLMx2905@0.56 YANGx62@26.20 SIGMx259@6.26 UTHRx14@108.50 SPHSx1187@1.37 

2016-03-28
Cash: 118.06
Held: SIGMx259@6.78 UTHRx14@109.62 SPHSx1187@1.43 TPLMx2905@0.54 YANGx62@25.38 
Value: 8248.26
Sales: TPLMx2905@0.54 YANGx62@25.38 SIGMx259@6.78 UTHRx14@109.62 SPHSx1187@1.43 
Purchases: BGIx4125@0.40 CHNRx926@1.78 GNVCx2290@0.72 APRIx268@6.15 MBVXx2355@0.70 

2016-03-29
Cash: 4.09
Held: CHNRx926@1.45 GNVCx2290@0.74 APRIx268@6.15 BGIx4125@0.40 MBVXx2355@0.70 
Value: 7988.45
Sales: CHNRx926@1.45 GNVCx2290@0.74 MBVXx2355@0.70 APRIx268@6.15 BGIx4125@0.40 
Purchases: DESTx221@7.21 TZAx36@43.34 SRTYx56@28.38 LBIXx802@1.99 REXXx1879@0.85 

2016-03-30
Cash: 51.95
Held: SRTYx56@28.11 LBIXx802@2.30 REXXx1879@0.77 DESTx221@6.84 TZAx36@42.94 
Value: 7975.53
Sales: DESTx221@6.84 TZAx36@42.94 SRTYx56@28.11 LBIXx802@2.30 REXXx1879@0.77 
Purchases: CHNRx1155@1.38 NSRx64@24.59 IPIx1436@1.11 CASIx1505@1.06 FORMx219@7.27 

2016-03-31
Cash: 26.62
Held: FORMx219@7.27 CASIx1505@1.08 NSRx64@24.80 IPIx1436@1.15 CHNRx1155@1.44 
Value: 8146.82
Sales: CHNRx1155@1.44 NSRx64@24.80 IPIx1436@1.15 CASIx1505@1.08 FORMx219@7.27 
Purchases: CLNTx1357@1.20 CRKx439@3.71 NETEx5818@0.28 LNNx23@69.50 NMMx1324@1.23 

2016-04-03
Cash: 32.20
Held: NMMx1324@1.23 LNNx23@68.19 CLNTx1357@1.22 CRKx439@3.82 NETEx5818@0.27 
Value: 8132.92
Sales: LNNx23@68.19 CLNTx1357@1.22 NMMx1324@1.23 NETEx5818@0.27 CRKx439@3.82 
Purchases: SGYx2582@0.63 SINOx2804@0.58 WRLDx46@34.72 AROCx242@6.70 EGYx1913@0.85 

2016-04-04
Cash: 35.51
Held: SGYx2582@0.61 WRLDx46@33.66 AROCx242@6.64 SINOx2804@0.71 EGYx1913@0.76 
Value: 8209.56
Sales: SGYx2582@0.61 SINOx2804@0.71 EGYx1913@0.76 WRLDx46@33.66 AROCx242@6.64 
Purchases: BABYx55@29.69 RGSEx3283@0.50 VCELx495@3.31 SNOAx2002@0.82 AWIx39@41.44 

2016-04-05
Cash: 39.17
Held: AWIx39@41.53 RGSEx3283@0.53 SNOAx2002@0.83 VCELx495@3.33 BABYx55@31.19 
Value: 8423.69
Sales: BABYx55@31.19 RGSEx3283@0.53 VCELx495@3.33 SNOAx2002@0.83 AWIx39@41.53 
Purchases: DTRMx1008@1.67 WNEBx221@7.59 BVSNx257@6.53 MFCBx910@1.85 IMNx1178@1.43 

2016-04-06
Cash: 17.21
Held: DTRMx1008@1.78 MFCBx910@1.83 IMNx1178@1.30 BVSNx257@6.77 WNEBx221@7.53 
Value: 8412.44
Sales: WNEBx221@7.53 IMNx1178@1.30 BVSNx257@6.77 MFCBx910@1.83 DTRMx1008@1.78 
Purchases: MTSCx32@51.94 INVTx880@1.91 FHCOx1294@1.30 AELx130@12.88 TPIVx2588@0.65 

2016-04-07
Cash: 30.84
Held: AELx130@13.01 INVTx880@1.77 TPIVx2588@0.65 FHCOx1294@1.35 MTSCx32@52.44 
Value: 8385.39
Sales: MTSCx32@52.44 INVTx880@1.77 FHCOx1294@1.35 AELx130@13.01 TPIVx2588@0.65 
Purchases: USAKx106@15.73 HOFTx62@26.66 DRWIx272@6.15 EDAPx432@3.88 IONSx41@40.38 

2016-04-10
Cash: 61.40
Held: HOFTx62@26.36 DRWIx272@6.74 IONSx41@40.66 USAKx106@15.14 EDAPx432@3.76 
Value: 8424.53
Sales: USAKx106@15.14 HOFTx62@26.36 DRWIx272@6.74 EDAPx432@3.76 IONSx41@40.66 
Purchases: UAAx40@41.16 RTx376@4.48 SCOx14@113.19 PNTRx283@5.94 BZQx45@37.12 

2016-04-11
Cash: 156.96
Held: RTx376@4.40 SCOx14@104.81 UAAx40@41.41 BZQx45@34.53 PNTRx283@6.03 
Value: 8195.14
Sales: RTx376@4.40 UAAx40@41.41 SCOx14@104.81 PNTRx283@6.03 BZQx45@34.53 
Purchases: INSYx120@13.61 LTEAx177@9.25 OMEXx504@3.25 HRIx194@8.44 HGSHx700@2.34 

2016-04-12
Cash: 12.00
Held: HRIx194@9.02 INSYx120@13.93 LTEAx177@10.30 OMEXx504@3.39 HGSHx700@2.25 
Value: 8540.53
Sales: INSYx120@13.93 LTEAx177@10.30 OMEXx504@3.39 HRIx194@9.02 HGSHx700@2.25 
Purchases: IMNPx3972@0.43 BCLIx746@2.29 OPHCx447@3.82 GLBSx5692@0.30 ERYx87@19.44 

2016-04-13
Cash: 18.58
Held: ERYx87@19.27 IMNPx3972@0.41 GLBSx5692@0.32 OPHCx447@3.82 BCLIx746@2.29 
Value: 8560.01
Sales: IMNPx3972@0.41 BCLIx746@2.29 OPHCx447@3.82 GLBSx5692@0.32 ERYx87@19.27 
Purchases: MLSSx989@1.73 BVSNx263@6.50 GPICx194@8.82 EVEPx807@2.12 CRKx475@3.60 

2016-04-14
Cash: 7.98
Held: EVEPx807@2.00 MLSSx989@1.75 BVSNx263@6.51 GPICx194@8.55 CRKx475@3.65 
Value: 8457.34
Sales: MLSSx989@1.75 BVSNx263@6.51 GPICx194@8.55 EVEPx807@2.00 CRKx475@3.65 
Purchases: PLGx631@2.68 TATx2415@0.70 BOFIx98@17.25 QTMx3524@0.48 STXx66@25.59 

2016-04-17
Cash: 4.35
Held: BOFIx98@18.45 STXx66@25.78 TATx2415@0.69 QTMx3524@0.48 PLGx631@2.63 
Value: 8532.05
Sales: TATx2415@0.69 PLGx631@2.63 BOFIx98@18.45 QTMx3524@0.48 STXx66@25.78 
Purchases: FHx927@1.84 MITLx241@7.07 CASIx1483@1.15 CGGx1@896.00 RADAx4376@0.39 

2016-04-18
Cash: 814.37
Held: RADAx4376@0.38 CASIx1483@1.23 FHx927@1.86 MITLx241@6.96 CGGx1@935.00 
Value: 8638.65
Sales: FHx927@1.86 MITLx241@6.96 CASIx1483@1.23 CGGx1@935.00 RADAx4376@0.38 
Purchases: LWAYx191@9.01 PPPx1040@1.66 NAIIx142@12.12 CLMTx373@4.63 CEIx381@4.53 

2016-04-19
Cash: 17.97
Held: PPPx1040@1.60 CEIx381@4.35 NAIIx142@11.95 LWAYx191@9.03 CLMTx373@5.20 
Value: 8701.13
Sales: CLMTx373@5.20 PPPx1040@1.60 NAIIx142@11.95 CEIx381@4.35 LWAYx191@9.03 
Purchases: CPSTx940@1.85 OMERx128@13.55 VCELx547@3.18 CBIOx1242@1.40 RMBSx141@12.27 

2016-04-20
Cash: 19.37
Held: VCELx547@3.11 OMERx128@13.69 RMBSx141@11.98 CBIOx1242@1.40 CPSTx940@1.79 
Value: 8582.81
Sales: CPSTx940@1.79 OMERx128@13.69 VCELx547@3.11 CBIOx1242@1.40 RMBSx141@11.98 
Purchases: RPRXx602@2.85 FNCXx5200@0.33 CLNEx572@3.00 CAMPx111@15.44 ALRx39@43.19 

2016-04-21
Cash: 37.07
Held: RPRXx602@2.78 CAMPx111@15.42 FNCXx5200@0.34 CLNEx572@2.95 ALRx39@43.38 
Value: 8569.07
Sales: FNCXx5200@0.34 CLNEx572@2.95 CAMPx111@15.42 RPRXx602@2.78 ALRx39@43.38 
Purchases: WKHSx226@7.56 REIx284@6.03 BHEx88@19.45 LVSx36@46.88 DZSIx1489@1.15 

2016-04-24
Cash: 35.64
Held: DZSIx1489@1.14 REIx284@6.33 LVSx36@45.81 BHEx88@19.58 WKHSx226@6.83 
Value: 8445.05
Sales: WKHSx226@6.83 REIx284@6.33 BHEx88@19.58 LVSx36@45.81 DZSIx1489@1.14 
Purchases: LLITx1062@1.59 CYRXx637@2.65 HAx38@43.94 LAKEx180@9.36 SAMx10@157.62 

2016-04-25
Cash: 137.77
Held: SAMx10@156.38 HAx38@44.00 LAKEx180@9.38 LLITx1062@1.37 CYRXx637@2.49 
Value: 8103.77
Sales: LLITx1062@1.37 CYRXx637@2.49 HAx38@44.00 LAKEx180@9.38 SAMx10@156.38 
Purchases: HGTx1045@1.55 SMEDx309@5.23 MYLx36@45.00 TROVx373@4.34 ALIMx698@2.32 

2016-04-26
Cash: 9.67
Held: SMEDx309@4.50 ALIMx698@2.36 MYLx36@44.47 HGTx1045@1.60 TROVx373@4.44 
Value: 7976.13
Sales: HGTx1045@1.60 SMEDx309@4.50 TROVx373@4.44 ALIMx698@2.36 MYLx36@44.47 
Purchases: CPLPx593@2.69 LLITx1199@1.33 SKYx173@9.20 HSIIx79@19.95 FNCXx5316@0.30 

2016-04-27
Cash: 23.02
Held: FNCXx5316@0.30 LLITx1199@1.89 SKYx173@8.95 CPLPx593@2.73 HSIIx79@20.34 
Value: 8658.98
Sales: FNCXx5316@0.30 LLITx1199@1.89 SKYx173@8.95 HSIIx79@20.34 CPLPx593@2.73 
Purchases: RHIx44@38.84 IRETx290@5.97 SMEDx391@4.42 CROXx200@8.65 DHXx234@7.39 

2016-04-28
Cash: 30.87
Held: SMEDx391@4.54 RHIx44@38.31 DHXx234@7.11 CROXx200@8.35 IRETx290@6.02 
Value: 8570.97
Sales: RHIx44@38.31 IRETx290@6.02 SMEDx391@4.54 CROXx200@8.35 DHXx234@7.11 
Purchases: SGYx1749@0.98 INFNx144@11.89 HARx22@76.75 RGSx125@13.67 BZHx208@8.22 

2016-05-01
Cash: 37.75
Held: HARx22@76.62 INFNx144@11.86 SGYx1749@0.83 RGSx125@13.73 BZHx208@8.27 
Value: 8319.75
Sales: SGYx1749@0.83 INFNx144@11.86 HARx22@76.62 RGSx125@13.73 BZHx208@8.27 
Purchases: HHSx929@1.79 MOHx33@49.78 STXx81@20.48 IMGNx251@6.61 NSITx67@24.56 

2016-05-02
Cash: 50.15
Held: MOHx33@47.97 STXx81@19.44 NSITx67@23.44 HHSx929@1.72 IMGNx251@6.11 
Value: 7908.94
Sales: HHSx929@1.72 MOHx33@47.97 STXx81@19.44 IMGNx251@6.11 NSITx67@23.44 
Purchases: SGYx1952@0.81 YGEx515@3.07 CYHx106@14.87 GLBSx2292@0.69 HAEx57@27.55 

2016-05-03
Cash: 19.06
Held: CYHx106@15.02 HAEx57@27.80 GLBSx2292@0.66 YGEx515@3.07 SGYx1952@0.72 
Value: 7696.11
Sales: SGYx1952@0.72 YGEx515@3.07 CYHx106@15.02 GLBSx2292@0.66 HAEx57@27.80 
Purchases: TATx1654@0.93 RVLTx273@5.63 PBIBx805@1.91 WACx328@4.69 DRYSx8@181.75 

2016-05-04
Cash: 90.46
Held: RVLTx273@5.61 PBIBx805@1.89 TATx1654@1.01 WACx328@4.39 DRYSx8@165.00 
Value: 7573.26
Sales: TATx1654@1.01 WACx328@4.39 PBIBx805@1.89 RVLTx273@5.61 DRYSx8@165.00 
Purchases: AVDx117@12.87 FSTRx134@11.23 GLUUx664@2.28 CRAYx49@30.66 BGFVx167@9.03 

2016-05-05
Cash: 39.61
Held: AVDx117@13.25 GLUUx664@2.26 CRAYx49@32.50 FSTRx134@11.96 BGFVx167@8.80 
Value: 7754.69
Sales: AVDx117@13.25 FSTRx134@11.96 GLUUx664@2.26 CRAYx49@32.50 BGFVx167@8.80 
Purchases: CBRx1140@1.36 AEHRx1131@1.37 NPOx33@46.97 CAMTx811@1.91 PTXx2927@0.53 

2016-05-08
Cash: 4.50
Held: CAMTx811@1.81 AEHRx1131@1.28 NPOx33@46.12 PTXx2927@0.52 CBRx1140@1.29 
Value: 7434.92
Sales: AEHRx1131@1.28 CBRx1140@1.29 NPOx33@46.12 PTXx2927@0.52 CAMTx811@1.81 
Purchases: BEBEx404@3.68 MSONx300@4.94 CHKx362@4.10 LONEx366@4.06 GSTx1472@1.01 

2016-05-09
Cash: 9.31
Held: CHKx362@4.30 MSONx300@4.65 LONEx366@4.15 GSTx1472@1.02 BEBEx404@3.83 
Value: 7527.16
Sales: BEBEx404@3.83 MSONx300@4.65 CHKx362@4.30 LONEx366@4.15 GSTx1472@1.02 
Purchases: GTNx122@12.25 BRSx88@16.98 SPHSx1195@1.26 AMTXx666@2.26 DTRMx1393@1.08 

2016-05-10
Cash: 23.06
Held: DTRMx1393@1.24 BRSx88@17.11 AMTXx666@2.43 SPHSx1195@1.12 GTNx122@12.13 
Value: 7693.25
Sales: GTNx122@12.13 BRSx88@17.11 SPHSx1195@1.12 AMTXx666@2.43 DTRMx1393@1.24 
Purchases: MNKDx1709@0.90 GPSx82@18.58 CDTIx699@2.20 BZQx49@31.20 ZBRAx29@51.41 

2016-05-11
Cash: 74.92
Held: MNKDx1709@0.92 ZBRAx29@51.69 GPSx82@17.86 BZQx49@31.25 CDTIx699@2.05 
Value: 7575.22
Sales: MNKDx1709@0.92 GPSx82@17.86 CDTIx699@2.05 BZQx49@31.25 ZBRAx29@51.69 
Purchases: ODPx423@3.58 Mx48@31.20 SPLSx184@8.22 FOSLx53@28.25 CYTRx639@2.37 

2016-05-12
Cash: 39.71
Held: Mx48@31.22 ODPx423@3.68 CYTRx639@2.27 SPLSx184@8.29 FOSLx53@27.27 
Value: 7515.22
Sales: ODPx423@3.68 FOSLx53@27.27 CYTRx639@2.27 Mx48@31.22 SPLSx184@8.29 
Purchases: CYTXx565@2.66 INVEx679@2.21 CYHx120@12.50 PRZMx4553@0.33 STAAx277@5.42 

2016-05-15
Cash: 6.30
Held: CYHx120@12.75 INVEx679@2.22 PRZMx4553@0.28 STAAx277@5.12 CYTXx565@2.45 
Value: 7121.48
Sales: CYTXx565@2.45 INVEx679@2.22 CYHx120@12.75 PRZMx4553@0.28 STAAx277@5.12 
Purchases: XTNTx791@1.80 APDNx535@2.66 DXPEx105@13.52 JWNx36@38.53 SIDx601@2.37 

2016-05-16
Cash: 43.71
Held: APDNx535@2.72 DXPEx105@13.95 XTNTx791@1.69 JWNx36@37.66 SIDx601@2.37 
Value: 7080.98
Sales: JWNx36@37.66 SIDx601@2.37 APDNx535@2.72 XTNTx791@1.69 DXPEx105@13.95 
Purchases: VSRx1106@1.28 OGENx2113@0.67 CIDMx1064@1.33 ZAGGx254@5.57 PHMDx4882@0.29 

2016-05-17
Cash: 3.41
Held: ZAGGx254@5.25 CIDMx1064@1.32 VSRx1106@1.24 PHMDx4882@0.29 OGENx2113@0.67 
Value: 6944.94
Sales: VSRx1106@1.24 PHMDx4882@0.29 ZAGGx254@5.25 OGENx2113@0.67 CIDMx1064@1.32 
Purchases: SGYx4339@0.32 VSRx1119@1.24 CYRXx798@1.74 YTENx1461@0.95 RRGBx28@48.19 

2016-05-18
Cash: 42.15
Held: VSRx1119@1.07 YTENx1461@0.89 SGYx4339@0.29 CYRXx798@2.00 RRGBx28@47.81 
Value: 6733.55
Sales: SGYx4339@0.29 VSRx1119@1.07 CYRXx798@2.00 YTENx1461@0.89 RRGBx28@47.81 
Purchases: CYTXx477@2.82 TISAx748@1.80 AXUx1094@1.23 ACXMx70@19.19 ATIx119@11.25 

2016-05-19
Cash: 14.00
Held: ATIx119@11.23 AXUx1094@1.22 TISAx748@1.79 ACXMx70@19.98 CYTXx477@2.97 
Value: 6839.22
Sales: CYTXx477@2.97 TISAx748@1.79 AXUx1094@1.22 ACXMx70@19.98 ATIx119@11.23 
Purchases: HKx4884@0.28 WSTLx1486@0.92 RGSx111@12.22 LTRXx1367@1.00 OGXIx1536@0.89 

2016-05-22
Cash: 14.02
Held: OGXIx1536@0.90 WSTLx1486@0.88 LTRXx1367@1.03 HKx4884@0.22 RGSx111@12.54 
Value: 6578.34
Sales: HKx4884@0.22 WSTLx1486@0.88 RGSx111@12.54 LTRXx1367@1.03 OGXIx1536@0.90 
Purchases: LNTx36@35.75 PQx635@2.07 SOXSx40@32.84 DRYSx10@130.25 NVCNx2990@0.44 

2016-05-23
Cash: 45.01
Held: NVCNx2990@0.43 LNTx36@36.38 DRYSx10@123.62 SOXSx40@30.45 PQx635@2.40 
Value: 6618.63
Sales: LNTx36@36.38 SOXSx40@30.45 PQx635@2.40 DRYSx10@123.62 NVCNx2990@0.43 
Purchases: PHIIKx85@15.54 TPLMx5755@0.23 VRXx50@26.11 STKLx404@3.27 GLFx352@3.76 

2016-05-24
Cash: 24.48
Held: PHIIKx85@15.47 STKLx404@3.54 GLFx352@3.65 TPLMx5755@0.23 VRXx50@27.12 
Value: 6733.83
Sales: PHIIKx85@15.47 TPLMx5755@0.23 VRXx50@27.12 STKLx404@3.54 GLFx352@3.65 
Purchases: SCONx5855@0.23 CLNTx1463@0.92 AHPIx1181@1.14 SOXSx45@29.89 AXUx1235@1.09 

2016-05-25
Cash: 4.49
Held: AHPIx1181@1.20 AXUx1235@1.13 CLNTx1463@1.00 SOXSx45@29.58 SCONx5855@0.22 
Value: 6899.27
Sales: SOXSx45@29.58 SCONx5855@0.22 CLNTx1463@1.00 AHPIx1181@1.20 AXUx1235@1.13 
Purchases: DVx78@17.55 TGCx1970@0.70 DLx128@10.74 AOIx68@20.06 ETEx125@11.01 

2016-05-26
Cash: 36.00
Held: DLx128@10.31 ETEx125@11.64 TGCx1970@0.73 DVx78@17.83 AOIx68@19.66 
Value: 6976.36
Sales: DVx78@17.83 TGCx1970@0.73 DLx128@10.31 AOIx68@19.66 ETEx125@11.64 
Purchases: DXPEx104@13.36 ANFx69@20.19 GLFx430@3.24 HMNYx1268@1.10 PTXx3171@0.44 

2016-05-30
Cash: 11.38
Held: DXPEx104@13.88 PTXx3171@0.44 ANFx69@19.89 HMNYx1268@1.19 GLFx430@3.24 
Value: 7125.47
Sales: ANFx69@19.89 GLFx430@3.24 DXPEx104@13.88 HMNYx1268@1.19 PTXx3171@0.44 
Purchases: UNXLx818@1.74 AGIIx27@52.66 REEDx426@3.34 INTGx52@27.25 BASx727@1.96 

2016-05-31
Cash: 15.57
Held: BASx727@1.83 AGIIx27@53.38 INTGx52@27.12 REEDx426@3.14 UNXLx818@1.70 
Value: 6926.33
Sales: INTGx52@27.12 UNXLx818@1.70 AGIIx27@53.38 REEDx426@3.14 BASx727@1.83 
Purchases: SGYx2614@0.53 HUSAx6928@0.20 CYCCx321@4.31 SYBTx48@28.77 HALLx143@9.67 

2016-06-01
Cash: 9.32
Held: HALLx143@9.83 HUSAx6928@0.20 SYBTx48@28.80 SGYx2614@0.42 CYCCx321@4.58 
Value: 6749.51
Sales: SGYx2614@0.42 HUSAx6928@0.20 CYCCx321@4.58 HALLx143@9.83 SYBTx48@28.80 
Purchases: SKYx140@9.60 ITCBx111@12.12 DAKTx217@6.22 TTNPx226@5.96 CETCx380@3.55 

2016-06-02
Cash: 14.35
Held: DAKTx217@6.00 TTNPx226@5.66 ITCBx111@12.13 SKYx140@9.90 CETCx380@3.53 
Value: 6669.20
Sales: ITCBx111@12.13 SKYx140@9.90 DAKTx217@6.00 TTNPx226@5.66 CETCx380@3.53 
Purchases: SGYx3603@0.37 OPTTx339@3.93 SRPTx85@15.57 HOVx803@1.66 CONNx156@8.51 

2016-06-05
Cash: 19.70
Held: CONNx156@8.66 SRPTx85@16.05 HOVx803@1.68 SGYx3603@0.55 OPTTx339@4.49 
Value: 7585.32
Sales: HOVx803@1.68 SGYx3603@0.55 SRPTx85@16.05 CONNx156@8.66 OPTTx339@4.49 
Purchases: CASMx781@1.94 FOLDx211@7.16 COYNx1061@1.43 VIVEx235@6.45 DNBFx58@26.05 

2016-06-06
Cash: 15.87
Held: CASMx781@1.89 DNBFx58@25.95 FOLDx211@7.04 VIVEx235@6.45 COYNx1061@1.36 
Value: 7441.11
Sales: CASMx781@1.89 FOLDx211@7.04 COYNx1061@1.36 VIVEx235@6.45 DNBFx58@25.95 
Purchases: GIGx574@2.59 IMMUx383@3.88 ADMPx389@3.82 PRPHx1153@1.29 BOSCx492@3.02 

2016-06-07
Cash: 9.05
Held: PRPHx1153@1.28 GIGx574@2.41 IMMUx383@3.66 ADMPx389@3.85 BOSCx492@3.02 
Value: 7253.58
Sales: GIGx574@2.41 ADMPx389@3.85 IMMUx383@3.66 PRPHx1153@1.28 BOSCx492@3.02 
Purchases: OPTTx415@3.49 FCELx197@7.34 VRXx60@23.92 DRYSx20@71.38 NTNx12089@0.12 

2016-06-08
Cash: 45.75
Held: FCELx197@6.12 DRYSx20@74.38 NTNx12089@0.13 VRXx60@25.48 OPTTx415@3.39 
Value: 7246.90
Sales: OPTTx415@3.39 FCELx197@6.12 VRXx60@25.48 DRYSx20@74.38 NTNx12089@0.13 
Purchases: MTSCx33@42.88 PAYx69@20.98 CLNTx1435@1.01 CALIx783@1.85 FCSCx1168@1.24 

2016-06-09
Cash: 38.26
Held: CALIx783@2.02 PAYx69@19.66 CLNTx1435@0.97 FCSCx1168@1.17 MTSCx33@42.69 
Value: 7143.24
Sales: MTSCx33@42.69 CALIx783@2.02 CLNTx1435@0.97 FCSCx1168@1.17 PAYx69@19.66 
Purchases: FCELx242@5.90 OREXx3039@0.47 TLRDx123@11.60 HOMBx64@22.09 LBIXx952@1.50 

2016-06-12
Cash: 18.59
Held: OREXx3039@0.47 FCELx242@5.41 LBIXx952@1.50 HOMBx64@21.72 TLRDx123@11.39 
Value: 6975.14
Sales: TLRDx123@11.39 FCELx242@5.41 OREXx3039@0.47 LBIXx952@1.50 HOMBx64@21.72 
Purchases: GIGx661@2.11 INSYx102@13.65 DYNx76@18.14 CADCx583@2.39 GASLx34@40.69 

2016-06-13
Cash: 32.90
Held: INSYx102@13.47 GASLx34@41.00 GIGx661@2.15 DYNx76@16.84 CADCx583@2.56 
Value: 6995.05
Sales: GIGx661@2.15 INSYx102@13.47 DYNx76@16.84 CADCx583@2.56 GASLx34@41.00 
Purchases: LTBRx3996@0.35 BIOSx669@2.09 PYDSx1028@1.36 VIIx2640@0.53 KOOLx452@3.09 

2016-06-14
Cash: 4.27
Held: KOOLx452@3.02 LTBRx3996@0.42 VIIx2640@0.53 PYDSx1028@1.40 BIOSx669@2.19 
Value: 7350.08
Sales: LTBRx3996@0.42 BIOSx669@2.19 PYDSx1028@1.40 VIIx2640@0.53 KOOLx452@3.02 
Purchases: DRAMx556@2.64 CNETx1130@1.30 VIVEx300@4.90 WNCx115@12.68 DGSEx2673@0.55 

2016-06-15
Cash: 15.79
Held: DGSEx2673@0.53 CNETx1130@1.38 WNCx115@12.94 DRAMx556@2.52 VIVEx300@4.99 
Value: 7376.33
Sales: CNETx1130@1.38 WNCx115@12.94 DRAMx556@2.52 VIVEx300@4.99 DGSEx2673@0.53 
Purchases: GMANx1061@1.39 CRAYx47@31.23 IOx246@5.98 DRYSx29@49.22 SOFOx241@6.11 

2016-06-16
Cash: 63.00
Held: IOx246@6.19 SOFOx241@6.05 DRYSx29@52.31 CRAYx47@30.41 GMANx1061@1.41 
Value: 7486.66
Sales: GMANx1061@1.41 CRAYx47@30.41 DRYSx29@52.31 IOx246@6.19 SOFOx241@6.05 
Purchases: DYNTx548@2.73 JJUx106@14.02 SRPTx86@17.36 HMNYx122@12.20 OIBR.Cx767@1.95 

2016-06-19
Cash: 26.39
Held: DYNTx548@2.80 SRPTx86@17.84 JJUx106@14.88 OIBR.Cx767@1.80 HMNYx122@12.30 
Value: 7554.02
Sales: SRPTx86@17.84 JJUx106@14.88 DYNTx548@2.80 HMNYx122@12.30 OIBR.Cx767@1.80 
Purchases: IMNPx3777@0.40 ARIAx201@7.50 ALJJx339@4.45 LBIXx786@1.92 NSUx505@2.99 

2016-06-20
Cash: 8.68
Held: ARIAx201@7.23 IMNPx3777@0.54 NSUx505@2.94 LBIXx786@1.82 ALJJx339@4.66 
Value: 7996.72
Sales: IMNPx3777@0.54 ARIAx201@7.23 NSUx505@2.94 ALJJx339@4.66 LBIXx786@1.82 
Purchases: DRAMx701@2.28 FSIx1088@1.47 BSPMx389@4.10 SPHSx919@1.74 VHCx385@4.15 

2016-06-21
Cash: 7.93
Held: FSIx1088@1.45 VHCx385@4.15 DRAMx701@2.13 SPHSx919@1.79 BSPMx389@4.00 
Value: 7877.67
Sales: DRAMx701@2.13 FSIx1088@1.45 BSPMx389@4.00 SPHSx919@1.79 VHCx385@4.15 
Purchases: PRTKx118@13.24 YTENx2187@0.72 BSPMx393@4.00 WERNx71@22.16 NVCNx2671@0.59 

2016-06-22
Cash: 19.42
Held: WERNx71@22.41 YTENx2187@0.80 NVCNx2671@0.55 PRTKx118@13.42 BSPMx393@3.27 
Value: 7696.67
Sales: PRTKx118@13.42 YTENx2187@0.80 WERNx71@22.41 BSPMx393@3.27 NVCNx2671@0.55 
Purchases: IMNPx3498@0.44 UAMx199@7.70 HMNYx147@10.47 TSLAx7@196.38 EBSx50@30.66 

2016-06-23
Cash: 179.27
Held: EBSx50@29.34 IMNPx3498@0.38 TSLAx7@193.12 HMNYx147@10.10 UAMx199@7.46 
Value: 7296.82
Sales: IMNPx3498@0.38 UAMx199@7.46 HMNYx147@10.10 TSLAx7@193.12 EBSx50@29.34 
Purchases: AIIIx1089@1.34 IKGHx1176@1.24 CACIx16@90.19 WHLMx238@6.11 UBOHx80@18.20 

2016-06-26
Cash: 25.93
Held: UBOHx80@17.55 CACIx16@87.62 IKGHx1176@1.03 WHLMx238@6.11 AIIIx1089@1.25 
Value: 6858.56
Sales: WHLMx238@6.11 CACIx16@87.62 UBOHx80@17.55 AIIIx1089@1.25 IKGHx1176@1.03 
Purchases: DZKx39@34.31 RBSx292@4.69 SANx371@3.69 TI.Ax233@5.87 TIx186@7.36 

2016-06-27
Cash: 44.89
Held: SANx371@3.84 TIx186@7.82 DZKx39@37.34 RBSx292@4.84 TI.Ax233@6.13 
Value: 7221.72
Sales: DZKx39@37.34 RBSx292@4.84 SANx371@3.84 TI.Ax233@6.13 TIx186@7.82 
Purchases: WGx580@2.49 DRAMx825@1.75 DTYSx134@10.72 EVRIx1173@1.23 CIEx1024@1.41 

2016-06-28
Cash: 9.99
Held: WGx580@2.44 DRAMx825@1.92 DTYSx134@11.15 EVRIx1173@1.21 CIEx1024@1.37 
Value: 7324.98
Sales: WGx580@2.44 DRAMx825@1.92 DTYSx134@11.15 CIEx1024@1.37 EVRIx1173@1.21 
Purchases: GDENx129@11.33 DTRMx1118@1.31 SCORx61@23.70 VXXx102@14.27 FCSCx1296@1.13 

2016-06-29
Cash: 33.44
Held: DTRMx1118@1.52 VXXx102@13.81 GDENx129@11.69 FCSCx1296@1.15 SCORx61@23.88 
Value: 7596.12
Sales: GDENx129@11.69 FCSCx1296@1.15 VXXx102@13.81 SCORx61@23.88 DTRMx1118@1.52 
Purchases: EDZx49@30.81 OGENx2980@0.51 PVTBPx58@25.80 BZQx57@26.62 NVCNx2921@0.52 

2016-06-30
Cash: 34.39
Held: EDZx49@30.00 NVCNx2921@0.51 PVTBPx58@25.94 BZQx57@26.03 OGENx2980@0.55 
Value: 7619.99
Sales: EDZx49@30.00 OGENx2980@0.55 PVTBPx58@25.94 BZQx57@26.03 NVCNx2921@0.51 
Purchases: TPLMx6095@0.25 IDXGx4761@0.32 KONEx870@1.75 BBGIx362@4.20 AMCNx463@3.29 

2016-07-04
Cash: 6.94
Held: AMCNx463@3.12 KONEx870@1.75 IDXGx4761@0.37 BBGIx362@4.36 TPLMx6095@0.24 
Value: 7776.56
Sales: AMCNx463@3.12 IDXGx4761@0.37 KONEx870@1.75 BBGIx362@4.36 TPLMx6095@0.24 
Purchases: ZSLx55@27.95 TPLMx6480@0.24 CYRXx931@1.67 HNRx2393@0.65 TRTx468@3.32 

2016-07-05
Cash: 20.18
Held: HNRx2393@0.76 TRTx468@3.10 ZSLx55@27.31 CYRXx931@1.68 TPLMx6480@0.25 
Value: 7974.90
Sales: ZSLx55@27.31 TPLMx6480@0.25 CYRXx931@1.68 HNRx2393@0.76 TRTx468@3.10 
Purchases: VUZIx239@6.66 EVRIx1275@1.25 DRYSx56@28.02 GLFx501@3.18 OCNx1049@1.52 

2016-07-06
Cash: 33.48
Held: GLFx501@3.27 DRYSx56@27.59 EVRIx1275@1.26 OCNx1049@1.58 VUZIx239@6.40 
Value: 8009.70
Sales: VUZIx239@6.40 EVRIx1275@1.26 DRYSx56@27.59 GLFx501@3.27 OCNx1049@1.58 
Purchases: LTBRx3080@0.52 TRXx1685@0.95 RNVAx3269@0.49 DYYx532@3.01 NTNx235@6.81 

2016-07-07
Cash: 3.97
Held: LTBRx3080@0.54 TRXx1685@1.09 DYYx532@3.00 RNVAx3269@0.54 NTNx235@6.95 
Value: 8498.13
Sales: LTBRx3080@0.54 TRXx1685@1.09 NTNx235@6.95 DYYx532@3.00 RNVAx3269@0.54 
Purchases: GPLx1118@1.52 HUMx10@158.12 IOTx242@7.00 ESEAx918@1.85 GALEx3695@0.46 

2016-07-10
Cash: 126.54
Held: GALEx3695@0.46 IOTx242@7.25 ESEAx918@1.85 HUMx10@154.00 GPLx1118@1.55 
Value: 8551.22
Sales: GPLx1118@1.55 GALEx3695@0.46 IOTx242@7.25 ESEAx918@1.85 HUMx10@154.00 
Purchases: SOXSx66@25.81 VSRx1257@1.36 BSPMx382@4.47 VXXx140@12.20 BZQx66@25.55 

2016-07-11
Cash: 36.04
Held: VSRx1257@1.46 VXXx140@11.93 BZQx66@25.05 SOXSx66@24.73 BSPMx382@4.23 
Value: 8442.97
Sales: SOXSx66@24.73 VSRx1257@1.46 BSPMx382@4.23 VXXx140@11.93 BZQx66@25.05 
Purchases: USEGx811@2.08 DGLYx322@5.23 VIIx2344@0.72 SBOTx510@3.31 BDRx3446@0.49 

2016-07-12
Cash: 6.75
Held: USEGx811@2.03 VIIx2344@0.84 DGLYx322@5.99 SBOTx510@3.19 BDRx3446@0.48 
Value: 8829.96
Sales: USEGx811@2.03 DGLYx322@5.99 VIIx2344@0.84 SBOTx510@3.19 BDRx3446@0.48 
Purchases: NAKx3924@0.45 CYTRx1802@0.98 NFECx2324@0.76 AMSx853@2.07 VOXXx642@2.75 

2016-07-13
Cash: 1.26
Held: NFECx2324@0.80 NAKx3924@0.53 AMSx853@2.08 VOXXx642@2.73 CYTRx1802@0.90 
Value: 9087.77
Sales: NAKx3924@0.53 AMSx853@2.08 NFECx2324@0.80 CYTRx1802@0.90 VOXXx642@2.73 
Purchases: THLDx3305@0.55 CDTIx690@2.63 HNRx2595@0.70 DWSNx241@7.52 HLXx263@6.90 

