2010-01-24
Cash: 10000.00
Held: 
Value: 10000.00
Sales: 
Purchases: ABCDx67@29.42 ABACx67@29.42 ACCOx67@29.42 ACADx67@29.42 ADBEx67@29.42 

2010-01-25
Cash: 143.67
Held: ABCDx67@29.38 ABACx67@29.38 ACCOx67@29.38 ACADx67@29.38 ADBEx67@29.38 
Value: 9984.30
Sales: ABCDx67@29.38 ABACx67@29.38 ACCOx67@29.38 ACADx67@29.38 ADBEx67@29.38 
Purchases: ABCDx67@29.38 ABACx67@29.38 ACCOx67@29.38 ACADx67@29.38 ADBEx67@29.38 

2010-01-26
Cash: 143.67
Held: ABCDx67@29.20 ABACx67@29.20 ACCOx67@29.20 ACADx67@29.20 ADBEx67@29.20 
Value: 9926.72
Sales: ABCDx67@29.20 ABACx67@29.20 ACCOx67@29.20 ACADx67@29.20 ADBEx67@29.20 
Purchases: ABCDx67@29.20 ABACx67@29.20 ACCOx67@29.20 ACADx67@29.20 ADBEx67@29.20 

2010-01-27
Cash: 143.67
Held: ABCDx67@29.12 ABACx67@29.12 ACCOx67@29.12 ACADx67@29.12 ADBEx67@29.12 
Value: 9900.55
Sales: ABCDx67@29.12 ABACx67@29.12 ACCOx67@29.12 ACADx67@29.12 ADBEx67@29.12 
Purchases: ABCDx67@29.12 ABACx67@29.12 ACCOx67@29.12 ACADx67@29.12 ADBEx67@29.12 

2010-01-28
Cash: 143.67
Held: ABCDx67@28.94 ABACx67@28.94 ACCOx67@28.94 ACADx67@28.94 ADBEx67@28.94 
Value: 9837.73
Sales: ABCDx67@28.94 ABACx67@28.94 ACCOx67@28.94 ACADx67@28.94 ADBEx67@28.94 
Purchases: ABCDx67@28.94 ABACx67@28.94 ACCOx67@28.94 ACADx67@28.94 ADBEx67@28.94 

2010-01-31
Cash: 143.67
Held: ABCDx67@28.16 ABACx67@28.16 ACCOx67@28.16 ACADx67@28.16 ADBEx67@28.16 
Value: 9576.02
Sales: ABCDx67@28.16 ABACx67@28.16 ACCOx67@28.16 ACADx67@28.16 ADBEx67@28.16 
Purchases: ABCDx68@28.16 ABACx68@28.16 ACCOx68@28.16 ACADx68@28.16 ADBEx68@28.16 

2010-02-01
Cash: 2.89
Held: ABCDx68@29.22 ABACx68@29.22 ACCOx68@29.22 ACADx68@29.22 ADBEx68@29.22 
Value: 9937.27
Sales: ABCDx68@29.22 ABACx68@29.22 ACCOx68@29.22 ACADx68@29.22 ADBEx68@29.22 
Purchases: ABCDx68@29.22 ABACx68@29.22 ACCOx68@29.22 ACADx68@29.22 ADBEx68@29.22 

2010-02-02
Cash: 2.89
Held: ABCDx68@29.39 ABACx68@29.39 ACCOx68@29.39 ACADx68@29.39 ADBEx68@29.39 
Value: 9995.70
Sales: ABCDx68@29.39 ABACx68@29.39 ACCOx68@29.39 ACADx68@29.39 ADBEx68@29.39 
Purchases: ABCDx68@29.39 ABACx68@29.39 ACCOx68@29.39 ACADx68@29.39 ADBEx68@29.39 

2010-02-03
Cash: 2.89
Held: ABCDx68@29.30 ABACx68@29.30 ACCOx68@29.30 ACADx68@29.30 ADBEx68@29.30 
Value: 9963.83
Sales: ABCDx68@29.30 ABACx68@29.30 ACCOx68@29.30 ACADx68@29.30 ADBEx68@29.30 
Purchases: ABCDx68@29.30 ABACx68@29.30 ACCOx68@29.30 ACADx68@29.30 ADBEx68@29.30 

2010-02-04
Cash: 2.89
Held: ABCDx68@28.91 ABACx68@28.91 ACCOx68@28.91 ACADx68@28.91 ADBEx68@28.91 
Value: 9831.02
Sales: ABCDx68@28.91 ABACx68@28.91 ACCOx68@28.91 ACADx68@28.91 ADBEx68@28.91 
Purchases: ABCDx68@28.91 ABACx68@28.91 ACCOx68@28.91 ACADx68@28.91 ADBEx68@28.91 

2010-02-07
Cash: 2.89
Held: ABCDx68@29.20 ABACx68@29.20 ACCOx68@29.20 ACADx68@29.20 ADBEx68@29.20 
Value: 9931.95
Sales: ABCDx68@29.20 ABACx68@29.20 ACCOx68@29.20 ACADx68@29.20 ADBEx68@29.20 
Purchases: ABCDx68@29.20 ABACx68@29.20 ACCOx68@29.20 ACADx68@29.20 ADBEx68@29.20 

2010-02-08
Cash: 2.89
Held: ABCDx68@29.53 ABACx68@29.53 ACCOx68@29.53 ACADx68@29.53 ADBEx68@29.53 
Value: 10043.52
Sales: ABCDx68@29.53 ABACx68@29.53 ACCOx68@29.53 ACADx68@29.53 ADBEx68@29.53 
Purchases: ABCDx68@29.53 ABACx68@29.53 ACCOx68@29.53 ACADx68@29.53 ADBEx68@29.53 

2010-02-09
Cash: 2.89
Held: ABCDx68@29.45 ABACx68@29.45 ACCOx68@29.45 ACADx68@29.45 ADBEx68@29.45 
Value: 10016.95
Sales: ABCDx68@29.45 ABACx68@29.45 ACCOx68@29.45 ACADx68@29.45 ADBEx68@29.45 
Purchases: ABCDx68@29.45 ABACx68@29.45 ACCOx68@29.45 ACADx68@29.45 ADBEx68@29.45 

2010-02-10
Cash: 2.89
Held: ABCDx68@29.25 ABACx68@29.25 ACCOx68@29.25 ACADx68@29.25 ADBEx68@29.25 
Value: 9947.89
Sales: ABCDx68@29.25 ABACx68@29.25 ACCOx68@29.25 ACADx68@29.25 ADBEx68@29.25 
Purchases: ABCDx68@29.25 ABACx68@29.25 ACCOx68@29.25 ACADx68@29.25 ADBEx68@29.25 

2010-02-11
Cash: 2.89
Held: ABCDx68@30.66 ABACx68@30.66 ACCOx68@30.66 ACADx68@30.66 ADBEx68@30.66 
Value: 10426.02
Sales: ABCDx68@30.66 ABACx68@30.66 ACCOx68@30.66 ACADx68@30.66 ADBEx68@30.66 
Purchases: ABCDx68@30.66 ABACx68@30.66 ACCOx68@30.66 ACADx68@30.66 ADBEx68@30.66 

2010-02-15
Cash: 2.89
Held: ABCDx68@30.23 ABACx68@30.23 ACCOx68@30.23 ACADx68@30.23 ADBEx68@30.23 
Value: 10282.58
Sales: ABCDx68@30.23 ABACx68@30.23 ACCOx68@30.23 ACADx68@30.23 ADBEx68@30.23 
Purchases: ABCDx68@30.23 ABACx68@30.23 ACCOx68@30.23 ACADx68@30.23 ADBEx68@30.23 

2010-02-16
Cash: 2.89
Held: ABCDx68@30.36 ABACx68@30.36 ACCOx68@30.36 ACADx68@30.36 ADBEx68@30.36 
Value: 10325.08
Sales: ABCDx68@30.36 ABACx68@30.36 ACCOx68@30.36 ACADx68@30.36 ADBEx68@30.36 
Purchases: ABCDx68@30.36 ABACx68@30.36 ACCOx68@30.36 ACADx68@30.36 ADBEx68@30.36 

2010-02-17
Cash: 2.89
Held: ABCDx68@30.56 ABACx68@30.56 ACCOx68@30.56 ACADx68@30.56 ADBEx68@30.56 
Value: 10394.14
Sales: ABCDx68@30.56 ABACx68@30.56 ACCOx68@30.56 ACADx68@30.56 ADBEx68@30.56 
Purchases: ABCDx68@30.56 ABACx68@30.56 ACCOx68@30.56 ACADx68@30.56 ADBEx68@30.56 

2010-02-18
Cash: 2.89
Held: ABCDx68@30.84 ABACx68@30.84 ACCOx68@30.84 ACADx68@30.84 ADBEx68@30.84 
Value: 10489.77
Sales: ABCDx68@30.84 ABACx68@30.84 ACCOx68@30.84 ACADx68@30.84 ADBEx68@30.84 
Purchases: ABCDx68@30.84 ABACx68@30.84 ACCOx68@30.84 ACADx68@30.84 ADBEx68@30.84 

2010-02-21
Cash: 2.89
Held: ABCDx68@31.30 ABACx68@31.30 ACCOx68@31.30 ACADx68@31.30 ADBEx68@31.30 
Value: 10643.83
Sales: ABCDx68@31.30 ABACx68@31.30 ACCOx68@31.30 ACADx68@31.30 ADBEx68@31.30 
Purchases: ABCDx68@31.30 ABACx68@31.30 ACCOx68@31.30 ACADx68@31.30 ADBEx68@31.30 

2010-02-22
Cash: 2.89
Held: ABCDx68@31.09 ABACx68@31.09 ACCOx68@31.09 ACADx68@31.09 ADBEx68@31.09 
Value: 10574.77
Sales: ABCDx68@31.09 ABACx68@31.09 ACCOx68@31.09 ACADx68@31.09 ADBEx68@31.09 
Purchases: ABCDx68@31.09 ABACx68@31.09 ACCOx68@31.09 ACADx68@31.09 ADBEx68@31.09 

2010-02-23
Cash: 2.89
Held: ABCDx68@30.97 ABACx68@30.97 ACCOx68@30.97 ACADx68@30.97 ADBEx68@30.97 
Value: 10532.27
Sales: ABCDx68@30.97 ABACx68@30.97 ACCOx68@30.97 ACADx68@30.97 ADBEx68@30.97 
Purchases: ABCDx68@30.97 ABACx68@30.97 ACCOx68@30.97 ACADx68@30.97 ADBEx68@30.97 

2010-02-24
Cash: 2.89
Held: ABCDx68@30.84 ABACx68@30.84 ACCOx68@30.84 ACADx68@30.84 ADBEx68@30.84 
Value: 10489.77
Sales: ABCDx68@30.84 ABACx68@30.84 ACCOx68@30.84 ACADx68@30.84 ADBEx68@30.84 
Purchases: ABCDx68@30.84 ABACx68@30.84 ACCOx68@30.84 ACADx68@30.84 ADBEx68@30.84 

2010-02-25
Cash: 2.89
Held: ABCDx68@31.17 ABACx68@31.17 ACCOx68@31.17 ACADx68@31.17 ADBEx68@31.17 
Value: 10601.33
Sales: ABCDx68@31.17 ABACx68@31.17 ACCOx68@31.17 ACADx68@31.17 ADBEx68@31.17 
Purchases: ABCDx68@31.17 ABACx68@31.17 ACCOx68@31.17 ACADx68@31.17 ADBEx68@31.17 

2010-02-28
Cash: 2.89
Held: ABCDx68@31.44 ABACx68@31.44 ACCOx68@31.44 ACADx68@31.44 ADBEx68@31.44 
Value: 10691.64
Sales: ABCDx68@31.44 ABACx68@31.44 ACCOx68@31.44 ACADx68@31.44 ADBEx68@31.44 
Purchases: ABCDx68@31.44 ABACx68@31.44 ACCOx68@31.44 ACADx68@31.44 ADBEx68@31.44 

2010-03-01
Cash: 2.89
Held: ABCDx68@32.00 ABACx68@32.00 ACCOx68@32.00 ACADx68@32.00 ADBEx68@32.00 
Value: 10882.89
Sales: ABCDx68@32.00 ABACx68@32.00 ACCOx68@32.00 ACADx68@32.00 ADBEx68@32.00 
Purchases: ABCDx68@32.00 ABACx68@32.00 ACCOx68@32.00 ACADx68@32.00 ADBEx68@32.00 

2010-03-02
Cash: 2.89
Held: ABCDx68@32.41 ABACx68@32.41 ACCOx68@32.41 ACADx68@32.41 ADBEx68@32.41 
Value: 11021.02
Sales: ABCDx68@32.41 ABACx68@32.41 ACCOx68@32.41 ACADx68@32.41 ADBEx68@32.41 
Purchases: ABCDx68@32.41 ABACx68@32.41 ACCOx68@32.41 ACADx68@32.41 ADBEx68@32.41 

2010-03-03
Cash: 2.89
Held: ABCDx68@32.47 ABACx68@32.47 ACCOx68@32.47 ACADx68@32.47 ADBEx68@32.47 
Value: 11042.27
Sales: ABCDx68@32.47 ABACx68@32.47 ACCOx68@32.47 ACADx68@32.47 ADBEx68@32.47 
Purchases: ABCDx68@32.47 ABACx68@32.47 ACCOx68@32.47 ACADx68@32.47 ADBEx68@32.47 

2010-03-04
Cash: 2.89
Held: ABCDx68@32.84 ABACx68@32.84 ACCOx68@32.84 ACADx68@32.84 ADBEx68@32.84 
Value: 11169.77
Sales: ABCDx68@32.84 ABACx68@32.84 ACCOx68@32.84 ACADx68@32.84 ADBEx68@32.84 
Purchases: ABCDx68@32.84 ABACx68@32.84 ACCOx68@32.84 ACADx68@32.84 ADBEx68@32.84 

2010-03-07
Cash: 2.89
Held: ABCDx68@33.12 ABACx68@33.12 ACCOx68@33.12 ACADx68@33.12 ADBEx68@33.12 
Value: 11265.39
Sales: ABCDx68@33.12 ABACx68@33.12 ACCOx68@33.12 ACADx68@33.12 ADBEx68@33.12 
Purchases: ABCDx68@33.12 ABACx68@33.12 ACCOx68@33.12 ACADx68@33.12 ADBEx68@33.12 

2010-03-08
Cash: 2.89
Held: ABCDx68@32.94 ABACx68@32.94 ACCOx68@32.94 ACADx68@32.94 ADBEx68@32.94 
Value: 11201.64
Sales: ABCDx68@32.94 ABACx68@32.94 ACCOx68@32.94 ACADx68@32.94 ADBEx68@32.94 
Purchases: ABCDx68@32.94 ABACx68@32.94 ACCOx68@32.94 ACADx68@32.94 ADBEx68@32.94 

2010-03-09
Cash: 2.89
Held: ABCDx68@33.19 ABACx68@33.19 ACCOx68@33.19 ACADx68@33.19 ADBEx68@33.19 
Value: 11286.64
Sales: ABCDx68@33.19 ABACx68@33.19 ACCOx68@33.19 ACADx68@33.19 ADBEx68@33.19 
Purchases: ABCDx68@33.19 ABACx68@33.19 ACCOx68@33.19 ACADx68@33.19 ADBEx68@33.19 

2010-03-10
Cash: 2.89
Held: ABCDx68@33.38 ABACx68@33.38 ACCOx68@33.38 ACADx68@33.38 ADBEx68@33.38 
Value: 11350.39
Sales: ABCDx68@33.38 ABACx68@33.38 ACCOx68@33.38 ACADx68@33.38 ADBEx68@33.38 
Purchases: ABCDx68@33.38 ABACx68@33.38 ACCOx68@33.38 ACADx68@33.38 ADBEx68@33.38 

2010-03-11
Cash: 2.89
Held: ABCDx68@33.62 ABACx68@33.62 ACCOx68@33.62 ACADx68@33.62 ADBEx68@33.62 
Value: 11435.39
Sales: ABCDx68@33.62 ABACx68@33.62 ACCOx68@33.62 ACADx68@33.62 ADBEx68@33.62 
Purchases: ABCDx68@33.62 ABACx68@33.62 ACCOx68@33.62 ACADx68@33.62 ADBEx68@33.62 

2010-03-14
Cash: 2.89
Held: ABCDx68@33.31 ABACx68@33.31 ACCOx68@33.31 ACADx68@33.31 ADBEx68@33.31 
Value: 11329.14
Sales: ABCDx68@33.31 ABACx68@33.31 ACCOx68@33.31 ACADx68@33.31 ADBEx68@33.31 
Purchases: ABCDx68@33.31 ABACx68@33.31 ACCOx68@33.31 ACADx68@33.31 ADBEx68@33.31 

2010-03-15
Cash: 2.89
Held: ABCDx68@33.38 ABACx68@33.38 ACCOx68@33.38 ACADx68@33.38 ADBEx68@33.38 
Value: 11350.39
Sales: ABCDx68@33.38 ABACx68@33.38 ACCOx68@33.38 ACADx68@33.38 ADBEx68@33.38 
Purchases: ABCDx68@33.38 ABACx68@33.38 ACCOx68@33.38 ACADx68@33.38 ADBEx68@33.38 

2010-03-16
Cash: 2.89
Held: ABCDx68@33.44 ABACx68@33.44 ACCOx68@33.44 ACADx68@33.44 ADBEx68@33.44 
Value: 11371.64
Sales: ABCDx68@33.44 ABACx68@33.44 ACCOx68@33.44 ACADx68@33.44 ADBEx68@33.44 
Purchases: ABCDx68@33.44 ABACx68@33.44 ACCOx68@33.44 ACADx68@33.44 ADBEx68@33.44 

2010-03-17
Cash: 2.89
Held: ABCDx68@33.31 ABACx68@33.31 ACCOx68@33.31 ACADx68@33.31 ADBEx68@33.31 
Value: 11329.14
Sales: ABCDx68@33.31 ABACx68@33.31 ACCOx68@33.31 ACADx68@33.31 ADBEx68@33.31 
Purchases: ABCDx68@33.31 ABACx68@33.31 ACCOx68@33.31 ACADx68@33.31 ADBEx68@33.31 

2010-03-18
Cash: 2.89
Held: ABCDx68@33.53 ABACx68@33.53 ACCOx68@33.53 ACADx68@33.53 ADBEx68@33.53 
Value: 11403.52
Sales: ABCDx68@33.53 ABACx68@33.53 ACCOx68@33.53 ACADx68@33.53 ADBEx68@33.53 
Purchases: ABCDx68@33.53 ABACx68@33.53 ACCOx68@33.53 ACADx68@33.53 ADBEx68@33.53 

2010-03-21
Cash: 2.89
Held: ABCDx68@33.25 ABACx68@33.25 ACCOx68@33.25 ACADx68@33.25 ADBEx68@33.25 
Value: 11307.89
Sales: ABCDx68@33.25 ABACx68@33.25 ACCOx68@33.25 ACADx68@33.25 ADBEx68@33.25 
Purchases: ABCDx68@33.25 ABACx68@33.25 ACCOx68@33.25 ACADx68@33.25 ADBEx68@33.25 

2010-03-22
Cash: 2.89
Held: ABCDx68@33.78 ABACx68@33.78 ACCOx68@33.78 ACADx68@33.78 ADBEx68@33.78 
Value: 11488.52
Sales: ABCDx68@33.78 ABACx68@33.78 ACCOx68@33.78 ACADx68@33.78 ADBEx68@33.78 
Purchases: ABCDx68@33.78 ABACx68@33.78 ACCOx68@33.78 ACADx68@33.78 ADBEx68@33.78 

2010-03-23
Cash: 2.89
Held: ABCDx68@33.97 ABACx68@33.97 ACCOx68@33.97 ACADx68@33.97 ADBEx68@33.97 
Value: 11552.27
Sales: ABCDx68@33.97 ABACx68@33.97 ACCOx68@33.97 ACADx68@33.97 ADBEx68@33.97 
Purchases: ABCDx68@33.97 ABACx68@33.97 ACCOx68@33.97 ACADx68@33.97 ADBEx68@33.97 

2010-03-24
Cash: 2.89
Held: ABCDx68@34.09 ABACx68@34.09 ACCOx68@34.09 ACADx68@34.09 ADBEx68@34.09 
Value: 11594.77
Sales: ABCDx68@34.09 ABACx68@34.09 ACCOx68@34.09 ACADx68@34.09 ADBEx68@34.09 
Purchases: ABCDx68@34.09 ABACx68@34.09 ACCOx68@34.09 ACADx68@34.09 ADBEx68@34.09 

2010-03-25
Cash: 2.89
Held: ABCDx68@34.66 ABACx68@34.66 ACCOx68@34.66 ACADx68@34.66 ADBEx68@34.66 
Value: 11786.02
Sales: ABCDx68@34.66 ABACx68@34.66 ACCOx68@34.66 ACADx68@34.66 ADBEx68@34.66 
Purchases: ABCDx68@34.66 ABACx68@34.66 ACCOx68@34.66 ACADx68@34.66 ADBEx68@34.66 

2010-03-28
Cash: 2.89
Held: ABCDx68@34.31 ABACx68@34.31 ACCOx68@34.31 ACADx68@34.31 ADBEx68@34.31 
Value: 11669.14
Sales: ABCDx68@34.31 ABACx68@34.31 ACCOx68@34.31 ACADx68@34.31 ADBEx68@34.31 
Purchases: ABCDx68@34.31 ABACx68@34.31 ACCOx68@34.31 ACADx68@34.31 ADBEx68@34.31 

2010-03-29
Cash: 2.89
Held: ABCDx68@34.47 ABACx68@34.47 ACCOx68@34.47 ACADx68@34.47 ADBEx68@34.47 
Value: 11722.27
Sales: ABCDx68@34.47 ABACx68@34.47 ACCOx68@34.47 ACADx68@34.47 ADBEx68@34.47 
Purchases: ABCDx68@34.47 ABACx68@34.47 ACCOx68@34.47 ACADx68@34.47 ADBEx68@34.47 

2010-03-30
Cash: 2.89
Held: ABCDx68@34.56 ABACx68@34.56 ACCOx68@34.56 ACADx68@34.56 ADBEx68@34.56 
Value: 11754.14
Sales: ABCDx68@34.56 ABACx68@34.56 ACCOx68@34.56 ACADx68@34.56 ADBEx68@34.56 
Purchases: ABCDx68@34.56 ABACx68@34.56 ACCOx68@34.56 ACADx68@34.56 ADBEx68@34.56 

2010-03-31
Cash: 2.89
Held: ABCDx68@34.53 ABACx68@34.53 ACCOx68@34.53 ACADx68@34.53 ADBEx68@34.53 
Value: 11743.52
Sales: ABCDx68@34.53 ABACx68@34.53 ACCOx68@34.53 ACADx68@34.53 ADBEx68@34.53 
Purchases: ABCDx68@34.53 ABACx68@34.53 ACCOx68@34.53 ACADx68@34.53 ADBEx68@34.53 

2010-04-04
Cash: 2.89
Held: ABCDx68@34.59 ABACx68@34.59 ACCOx68@34.59 ACADx68@34.59 ADBEx68@34.59 
Value: 11764.77
Sales: ABCDx68@34.59 ABACx68@34.59 ACCOx68@34.59 ACADx68@34.59 ADBEx68@34.59 
Purchases: ABCDx68@34.59 ABACx68@34.59 ACCOx68@34.59 ACADx68@34.59 ADBEx68@34.59 

2010-04-05
Cash: 2.89
Held: ABCDx68@34.62 ABACx68@34.62 ACCOx68@34.62 ACADx68@34.62 ADBEx68@34.62 
Value: 11775.39
Sales: ABCDx68@34.62 ABACx68@34.62 ACCOx68@34.62 ACADx68@34.62 ADBEx68@34.62 
Purchases: ABCDx68@34.62 ABACx68@34.62 ACCOx68@34.62 ACADx68@34.62 ADBEx68@34.62 

2010-04-06
Cash: 2.89
Held: ABCDx68@34.47 ABACx68@34.47 ACCOx68@34.47 ACADx68@34.47 ADBEx68@34.47 
Value: 11722.27
Sales: ABCDx68@34.47 ABACx68@34.47 ACCOx68@34.47 ACADx68@34.47 ADBEx68@34.47 
Purchases: ABCDx68@34.47 ABACx68@34.47 ACCOx68@34.47 ACADx68@34.47 ADBEx68@34.47 

2010-04-07
Cash: 2.89
Held: ABCDx68@34.09 ABACx68@34.09 ACCOx68@34.09 ACADx68@34.09 ADBEx68@34.09 
Value: 11594.77
Sales: ABCDx68@34.09 ABACx68@34.09 ACCOx68@34.09 ACADx68@34.09 ADBEx68@34.09 
Purchases: ABCDx68@34.09 ABACx68@34.09 ACCOx68@34.09 ACADx68@34.09 ADBEx68@34.09 

2010-04-08
Cash: 2.89
Held: ABCDx68@34.03 ABACx68@34.03 ACCOx68@34.03 ACADx68@34.03 ADBEx68@34.03 
Value: 11573.52
Sales: ABCDx68@34.03 ABACx68@34.03 ACCOx68@34.03 ACADx68@34.03 ADBEx68@34.03 
Purchases: ABCDx68@34.03 ABACx68@34.03 ACCOx68@34.03 ACADx68@34.03 ADBEx68@34.03 

2010-04-11
Cash: 2.89
Held: ABCDx68@34.22 ABACx68@34.22 ACCOx68@34.22 ACADx68@34.22 ADBEx68@34.22 
Value: 11637.27
Sales: ABCDx68@34.22 ABACx68@34.22 ACCOx68@34.22 ACADx68@34.22 ADBEx68@34.22 
Purchases: ABCDx68@34.22 ABACx68@34.22 ACCOx68@34.22 ACADx68@34.22 ADBEx68@34.22 

2010-04-12
Cash: 2.89
Held: ABCDx68@34.16 ABACx68@34.16 ACCOx68@34.16 ACADx68@34.16 ADBEx68@34.16 
Value: 11616.02
Sales: ABCDx68@34.16 ABACx68@34.16 ACCOx68@34.16 ACADx68@34.16 ADBEx68@34.16 
Purchases: ABCDx68@34.16 ABACx68@34.16 ACCOx68@34.16 ACADx68@34.16 ADBEx68@34.16 

2010-04-13
Cash: 2.89
Held: ABCDx68@33.94 ABACx68@33.94 ACCOx68@33.94 ACADx68@33.94 ADBEx68@33.94 
Value: 11541.64
Sales: ABCDx68@33.94 ABACx68@33.94 ACCOx68@33.94 ACADx68@33.94 ADBEx68@33.94 
Purchases: ABCDx68@33.94 ABACx68@33.94 ACCOx68@33.94 ACADx68@33.94 ADBEx68@33.94 

2010-04-14
Cash: 2.89
Held: ABCDx68@34.44 ABACx68@34.44 ACCOx68@34.44 ACADx68@34.44 ADBEx68@34.44 
Value: 11711.64
Sales: ABCDx68@34.44 ABACx68@34.44 ACCOx68@34.44 ACADx68@34.44 ADBEx68@34.44 
Purchases: ABCDx68@34.44 ABACx68@34.44 ACCOx68@34.44 ACADx68@34.44 ADBEx68@34.44 

2010-04-15
Cash: 2.89
Held: ABCDx68@35.53 ABACx68@35.53 ACCOx68@35.53 ACADx68@35.53 ADBEx68@35.53 
Value: 12083.52
Sales: ABCDx68@35.53 ABACx68@35.53 ACCOx68@35.53 ACADx68@35.53 ADBEx68@35.53 
Purchases: ABCDx68@35.53 ABACx68@35.53 ACCOx68@35.53 ACADx68@35.53 ADBEx68@35.53 

2010-04-18
Cash: 2.89
Held: ABCDx68@35.34 ABACx68@35.34 ACCOx68@35.34 ACADx68@35.34 ADBEx68@35.34 
Value: 12019.77
Sales: ABCDx68@35.34 ABACx68@35.34 ACCOx68@35.34 ACADx68@35.34 ADBEx68@35.34 
Purchases: ABCDx68@35.34 ABACx68@35.34 ACCOx68@35.34 ACADx68@35.34 ADBEx68@35.34 

2010-04-19
Cash: 2.89
Held: ABCDx68@35.38 ABACx68@35.38 ACCOx68@35.38 ACADx68@35.38 ADBEx68@35.38 
Value: 12030.39
Sales: ABCDx68@35.38 ABACx68@35.38 ACCOx68@35.38 ACADx68@35.38 ADBEx68@35.38 
Purchases: ABCDx68@35.38 ABACx68@35.38 ACCOx68@35.38 ACADx68@35.38 ADBEx68@35.38 

2010-04-20
Cash: 2.89
Held: ABCDx68@36.19 ABACx68@36.19 ACCOx68@36.19 ACADx68@36.19 ADBEx68@36.19 
Value: 12306.64
Sales: ABCDx68@36.19 ABACx68@36.19 ACCOx68@36.19 ACADx68@36.19 ADBEx68@36.19 
Purchases: ABCDx68@36.19 ABACx68@36.19 ACCOx68@36.19 ACADx68@36.19 ADBEx68@36.19 

2010-04-21
Cash: 2.89
Held: ABCDx68@35.81 ABACx68@35.81 ACCOx68@35.81 ACADx68@35.81 ADBEx68@35.81 
Value: 12179.14
Sales: ABCDx68@35.81 ABACx68@35.81 ACCOx68@35.81 ACADx68@35.81 ADBEx68@35.81 
Purchases: ABCDx68@35.81 ABACx68@35.81 ACCOx68@35.81 ACADx68@35.81 ADBEx68@35.81 

2010-04-22
Cash: 2.89
Held: ABCDx68@36.38 ABACx68@36.38 ACCOx68@36.38 ACADx68@36.38 ADBEx68@36.38 
Value: 12370.39
Sales: ABCDx68@36.38 ABACx68@36.38 ACCOx68@36.38 ACADx68@36.38 ADBEx68@36.38 
Purchases: ABCDx68@36.38 ABACx68@36.38 ACCOx68@36.38 ACADx68@36.38 ADBEx68@36.38 

2010-04-25
Cash: 2.89
Held: ABCDx68@36.66 ABACx68@36.66 ACCOx68@36.66 ACADx68@36.66 ADBEx68@36.66 
Value: 12466.02
Sales: ABCDx68@36.66 ABACx68@36.66 ACCOx68@36.66 ACADx68@36.66 ADBEx68@36.66 
Purchases: ABCDx68@36.66 ABACx68@36.66 ACCOx68@36.66 ACADx68@36.66 ADBEx68@36.66 

2010-04-26
Cash: 2.89
Held: ABCDx68@36.59 ABACx68@36.59 ACCOx68@36.59 ACADx68@36.59 ADBEx68@36.59 
Value: 12444.77
Sales: ABCDx68@36.59 ABACx68@36.59 ACCOx68@36.59 ACADx68@36.59 ADBEx68@36.59 
Purchases: ABCDx68@36.59 ABACx68@36.59 ACCOx68@36.59 ACADx68@36.59 ADBEx68@36.59 

2010-04-27
Cash: 2.89
Held: ABCDx68@36.47 ABACx68@36.47 ACCOx68@36.47 ACADx68@36.47 ADBEx68@36.47 
Value: 12402.27
Sales: ABCDx68@36.47 ABACx68@36.47 ACCOx68@36.47 ACADx68@36.47 ADBEx68@36.47 
Purchases: ABCDx68@36.47 ABACx68@36.47 ACCOx68@36.47 ACADx68@36.47 ADBEx68@36.47 

2010-04-28
Cash: 2.89
Held: ABCDx68@36.94 ABACx68@36.94 ACCOx68@36.94 ACADx68@36.94 ADBEx68@36.94 
Value: 12561.64
Sales: ABCDx68@36.94 ABACx68@36.94 ACCOx68@36.94 ACADx68@36.94 ADBEx68@36.94 
Purchases: ABCDx68@36.94 ABACx68@36.94 ACCOx68@36.94 ACADx68@36.94 ADBEx68@36.94 

2010-04-29
Cash: 2.89
Held: ABCDx68@37.25 ABACx68@37.25 ACCOx68@37.25 ACADx68@37.25 ADBEx68@37.25 
Value: 12667.89
Sales: ABCDx68@37.25 ABACx68@37.25 ACCOx68@37.25 ACADx68@37.25 ADBEx68@37.25 
Purchases: ABCDx68@37.25 ABACx68@37.25 ACCOx68@37.25 ACADx68@37.25 ADBEx68@37.25 

2010-05-02
Cash: 2.89
Held: ABCDx68@36.50 ABACx68@36.50 ACCOx68@36.50 ACADx68@36.50 ADBEx68@36.50 
Value: 12412.89
Sales: ABCDx68@36.50 ABACx68@36.50 ACCOx68@36.50 ACADx68@36.50 ADBEx68@36.50 
Purchases: ABCDx68@36.50 ABACx68@36.50 ACCOx68@36.50 ACADx68@36.50 ADBEx68@36.50 

2010-05-03
Cash: 2.89
Held: ABCDx68@36.38 ABACx68@36.38 ACCOx68@36.38 ACADx68@36.38 ADBEx68@36.38 
Value: 12370.39
Sales: ABCDx68@36.38 ABACx68@36.38 ACCOx68@36.38 ACADx68@36.38 ADBEx68@36.38 
Purchases: ABCDx68@36.38 ABACx68@36.38 ACCOx68@36.38 ACADx68@36.38 ADBEx68@36.38 

2010-05-04
Cash: 2.89
Held: ABCDx68@34.91 ABACx68@34.91 ACCOx68@34.91 ACADx68@34.91 ADBEx68@34.91 
Value: 11871.02
Sales: ABCDx68@34.91 ABACx68@34.91 ACCOx68@34.91 ACADx68@34.91 ADBEx68@34.91 
Purchases: ABCDx68@34.91 ABACx68@34.91 ACCOx68@34.91 ACADx68@34.91 ADBEx68@34.91 

2010-05-05
Cash: 2.89
Held: ABCDx68@34.53 ABACx68@34.53 ACCOx68@34.53 ACADx68@34.53 ADBEx68@34.53 
Value: 11743.52
Sales: ABCDx68@34.53 ABACx68@34.53 ACCOx68@34.53 ACADx68@34.53 ADBEx68@34.53 
Purchases: ABCDx68@34.53 ABACx68@34.53 ACCOx68@34.53 ACADx68@34.53 ADBEx68@34.53 

2010-05-06
Cash: 2.89
Held: ABCDx68@33.09 ABACx68@33.09 ACCOx68@33.09 ACADx68@33.09 ADBEx68@33.09 
Value: 11254.77
Sales: ABCDx68@33.09 ABACx68@33.09 ACCOx68@33.09 ACADx68@33.09 ADBEx68@33.09 
Purchases: ABCDx68@33.09 ABACx68@33.09 ACCOx68@33.09 ACADx68@33.09 ADBEx68@33.09 

2010-05-09
Cash: 2.89
Held: ABCDx68@33.19 ABACx68@33.19 ACCOx68@33.19 ACADx68@33.19 ADBEx68@33.19 
Value: 11286.64
Sales: ABCDx68@33.19 ABACx68@33.19 ACCOx68@33.19 ACADx68@33.19 ADBEx68@33.19 
Purchases: ABCDx68@33.19 ABACx68@33.19 ACCOx68@33.19 ACADx68@33.19 ADBEx68@33.19 

2010-05-10
Cash: 2.89
Held: ABCDx68@33.69 ABACx68@33.69 ACCOx68@33.69 ACADx68@33.69 ADBEx68@33.69 
Value: 11456.64
Sales: ABCDx68@33.69 ABACx68@33.69 ACCOx68@33.69 ACADx68@33.69 ADBEx68@33.69 
Purchases: ABCDx68@33.69 ABACx68@33.69 ACCOx68@33.69 ACADx68@33.69 ADBEx68@33.69 

2010-05-11
Cash: 2.89
Held: ABCDx68@34.16 ABACx68@34.16 ACCOx68@34.16 ACADx68@34.16 ADBEx68@34.16 
Value: 11616.02
Sales: ABCDx68@34.16 ABACx68@34.16 ACCOx68@34.16 ACADx68@34.16 ADBEx68@34.16 
Purchases: ABCDx68@34.16 ABACx68@34.16 ACCOx68@34.16 ACADx68@34.16 ADBEx68@34.16 

2010-05-12
Cash: 2.89
Held: ABCDx68@34.84 ABACx68@34.84 ACCOx68@34.84 ACADx68@34.84 ADBEx68@34.84 
Value: 11849.77
Sales: ABCDx68@34.84 ABACx68@34.84 ACCOx68@34.84 ACADx68@34.84 ADBEx68@34.84 
Purchases: ABCDx68@34.84 ABACx68@34.84 ACCOx68@34.84 ACADx68@34.84 ADBEx68@34.84 

2010-05-13
Cash: 2.89
Held: ABCDx68@34.38 ABACx68@34.38 ACCOx68@34.38 ACADx68@34.38 ADBEx68@34.38 
Value: 11690.39
Sales: ABCDx68@34.38 ABACx68@34.38 ACCOx68@34.38 ACADx68@34.38 ADBEx68@34.38 
Purchases: ABCDx68@34.38 ABACx68@34.38 ACCOx68@34.38 ACADx68@34.38 ADBEx68@34.38 

2010-05-16
Cash: 2.89
Held: ABCDx68@34.03 ABACx68@34.03 ACCOx68@34.03 ACADx68@34.03 ADBEx68@34.03 
Value: 11573.52
Sales: ABCDx68@34.03 ABACx68@34.03 ACCOx68@34.03 ACADx68@34.03 ADBEx68@34.03 
Purchases: ABCDx68@34.03 ABACx68@34.03 ACCOx68@34.03 ACADx68@34.03 ADBEx68@34.03 

2010-05-17
Cash: 2.89
Held: ABCDx68@34.00 ABACx68@34.00 ACCOx68@34.00 ACADx68@34.00 ADBEx68@34.00 
Value: 11562.89
Sales: ABCDx68@34.00 ABACx68@34.00 ACCOx68@34.00 ACADx68@34.00 ADBEx68@34.00 
Purchases: ABCDx68@34.00 ABACx68@34.00 ACCOx68@34.00 ACADx68@34.00 ADBEx68@34.00 

2010-05-18
Cash: 2.89
Held: ABCDx68@32.00 ABACx68@32.00 ACCOx68@32.00 ACADx68@32.00 ADBEx68@32.00 
Value: 10882.89
Sales: ABCDx68@32.00 ABACx68@32.00 ACCOx68@32.00 ACADx68@32.00 ADBEx68@32.00 
Purchases: ABCDx68@32.00 ABACx68@32.00 ACCOx68@32.00 ACADx68@32.00 ADBEx68@32.00 

2010-05-19
Cash: 2.89
Held: ABCDx68@31.73 ABACx68@31.73 ACCOx68@31.73 ACADx68@31.73 ADBEx68@31.73 
Value: 10792.58
Sales: ABCDx68@31.73 ABACx68@31.73 ACCOx68@31.73 ACADx68@31.73 ADBEx68@31.73 
Purchases: ABCDx68@31.73 ABACx68@31.73 ACCOx68@31.73 ACADx68@31.73 ADBEx68@31.73 

2010-05-20
Cash: 2.89
Held: ABCDx68@30.31 ABACx68@30.31 ACCOx68@30.31 ACADx68@30.31 ADBEx68@30.31 
Value: 10309.14
Sales: ABCDx68@30.31 ABACx68@30.31 ACCOx68@30.31 ACADx68@30.31 ADBEx68@30.31 
Purchases: ABCDx68@30.31 ABACx68@30.31 ACCOx68@30.31 ACADx68@30.31 ADBEx68@30.31 

2010-05-23
Cash: 2.89
Held: ABCDx68@31.23 ABACx68@31.23 ACCOx68@31.23 ACADx68@31.23 ADBEx68@31.23 
Value: 10622.58
Sales: ABCDx68@31.23 ABACx68@31.23 ACCOx68@31.23 ACADx68@31.23 ADBEx68@31.23 
Purchases: ABCDx68@31.23 ABACx68@31.23 ACCOx68@31.23 ACADx68@31.23 ADBEx68@31.23 

2010-05-24
Cash: 2.89
Held: ABCDx68@30.50 ABACx68@30.50 ACCOx68@30.50 ACADx68@30.50 ADBEx68@30.50 
Value: 10372.89
Sales: ABCDx68@30.50 ABACx68@30.50 ACCOx68@30.50 ACADx68@30.50 ADBEx68@30.50 
Purchases: ABCDx68@30.50 ABACx68@30.50 ACCOx68@30.50 ACADx68@30.50 ADBEx68@30.50 

2010-05-25
Cash: 2.89
Held: ABCDx68@31.52 ABACx68@31.52 ACCOx68@31.52 ACADx68@31.52 ADBEx68@31.52 
Value: 10718.20
Sales: ABCDx68@31.52 ABACx68@31.52 ACCOx68@31.52 ACADx68@31.52 ADBEx68@31.52 
Purchases: ABCDx68@31.52 ABACx68@31.52 ACCOx68@31.52 ACADx68@31.52 ADBEx68@31.52 

2010-05-26
Cash: 2.89
Held: ABCDx68@32.22 ABACx68@32.22 ACCOx68@32.22 ACADx68@32.22 ADBEx68@32.22 
Value: 10957.27
Sales: ABCDx68@32.22 ABACx68@32.22 ACCOx68@32.22 ACADx68@32.22 ADBEx68@32.22 
Purchases: ABCDx68@32.22 ABACx68@32.22 ACCOx68@32.22 ACADx68@32.22 ADBEx68@32.22 

2010-05-27
Cash: 2.89
Held: ABCDx68@32.75 ABACx68@32.75 ACCOx68@32.75 ACADx68@32.75 ADBEx68@32.75 
Value: 11137.89
Sales: ABCDx68@32.75 ABACx68@32.75 ACCOx68@32.75 ACADx68@32.75 ADBEx68@32.75 
Purchases: ABCDx68@32.75 ABACx68@32.75 ACCOx68@32.75 ACADx68@32.75 ADBEx68@32.75 

2010-05-31
Cash: 2.89
Held: ABCDx68@32.09 ABACx68@32.09 ACCOx68@32.09 ACADx68@32.09 ADBEx68@32.09 
Value: 10914.77
Sales: ABCDx68@32.09 ABACx68@32.09 ACCOx68@32.09 ACADx68@32.09 ADBEx68@32.09 
Purchases: ABCDx68@32.09 ABACx68@32.09 ACCOx68@32.09 ACADx68@32.09 ADBEx68@32.09 

2010-06-01
Cash: 2.89
Held: ABCDx68@31.70 ABACx68@31.70 ACCOx68@31.70 ACADx68@31.70 ADBEx68@31.70 
Value: 10781.95
Sales: ABCDx68@31.70 ABACx68@31.70 ACCOx68@31.70 ACADx68@31.70 ADBEx68@31.70 
Purchases: ABCDx68@31.70 ABACx68@31.70 ACCOx68@31.70 ACADx68@31.70 ADBEx68@31.70 

2010-06-02
Cash: 2.89
Held: ABCDx68@32.34 ABACx68@32.34 ACCOx68@32.34 ACADx68@32.34 ADBEx68@32.34 
Value: 10999.77
Sales: ABCDx68@32.34 ABACx68@32.34 ACCOx68@32.34 ACADx68@32.34 ADBEx68@32.34 
Purchases: ABCDx68@32.34 ABACx68@32.34 ACCOx68@32.34 ACADx68@32.34 ADBEx68@32.34 

2010-06-03
Cash: 2.89
Held: ABCDx68@31.61 ABACx68@31.61 ACCOx68@31.61 ACADx68@31.61 ADBEx68@31.61 
Value: 10750.08
Sales: ABCDx68@31.61 ABACx68@31.61 ACCOx68@31.61 ACADx68@31.61 ADBEx68@31.61 
Purchases: ABCDx68@31.61 ABACx68@31.61 ACCOx68@31.61 ACADx68@31.61 ADBEx68@31.61 

2010-06-06
Cash: 2.89
Held: ABCDx68@30.53 ABACx68@30.53 ACCOx68@30.53 ACADx68@30.53 ADBEx68@30.53 
Value: 10383.52
Sales: ABCDx68@30.53 ABACx68@30.53 ACCOx68@30.53 ACADx68@30.53 ADBEx68@30.53 
Purchases: ABCDx68@30.53 ABACx68@30.53 ACCOx68@30.53 ACADx68@30.53 ADBEx68@30.53 

2010-06-07
Cash: 2.89
Held: ABCDx68@30.19 ABACx68@30.19 ACCOx68@30.19 ACADx68@30.19 ADBEx68@30.19 
Value: 10266.64
Sales: ABCDx68@30.19 ABACx68@30.19 ACCOx68@30.19 ACADx68@30.19 ADBEx68@30.19 
Purchases: ABCDx68@30.19 ABACx68@30.19 ACCOx68@30.19 ACADx68@30.19 ADBEx68@30.19 

2010-06-08
Cash: 2.89
Held: ABCDx68@29.98 ABACx68@29.98 ACCOx68@29.98 ACADx68@29.98 ADBEx68@29.98 
Value: 10197.58
Sales: ABCDx68@29.98 ABACx68@29.98 ACCOx68@29.98 ACADx68@29.98 ADBEx68@29.98 
Purchases: ABCDx68@29.98 ABACx68@29.98 ACCOx68@29.98 ACADx68@29.98 ADBEx68@29.98 

2010-06-09
Cash: 2.89
Held: ABCDx68@30.02 ABACx68@30.02 ACCOx68@30.02 ACADx68@30.02 ADBEx68@30.02 
Value: 10208.20
Sales: ABCDx68@30.02 ABACx68@30.02 ACCOx68@30.02 ACADx68@30.02 ADBEx68@30.02 
Purchases: ABCDx68@30.02 ABACx68@30.02 ACCOx68@30.02 ACADx68@30.02 ADBEx68@30.02 

2010-06-10
Cash: 2.89
Held: ABCDx68@30.05 ABACx68@30.05 ACCOx68@30.05 ACADx68@30.05 ADBEx68@30.05 
Value: 10218.83
Sales: ABCDx68@30.05 ABACx68@30.05 ACCOx68@30.05 ACADx68@30.05 ADBEx68@30.05 
Purchases: ABCDx68@30.05 ABACx68@30.05 ACCOx68@30.05 ACADx68@30.05 ADBEx68@30.05 

2010-06-13
Cash: 2.89
Held: ABCDx68@31.14 ABACx68@31.14 ACCOx68@31.14 ACADx68@31.14 ADBEx68@31.14 
Value: 10590.70
Sales: ABCDx68@31.14 ABACx68@31.14 ACCOx68@31.14 ACADx68@31.14 ADBEx68@31.14 
Purchases: ABCDx68@31.14 ABACx68@31.14 ACCOx68@31.14 ACADx68@31.14 ADBEx68@31.14 

2010-06-14
Cash: 2.89
Held: ABCDx68@31.80 ABACx68@31.80 ACCOx68@31.80 ACADx68@31.80 ADBEx68@31.80 
Value: 10813.83
Sales: ABCDx68@31.80 ABACx68@31.80 ACCOx68@31.80 ACADx68@31.80 ADBEx68@31.80 
Purchases: ABCDx68@31.80 ABACx68@31.80 ACCOx68@31.80 ACADx68@31.80 ADBEx68@31.80 

2010-06-15
Cash: 2.89
Held: ABCDx68@31.98 ABACx68@31.98 ACCOx68@31.98 ACADx68@31.98 ADBEx68@31.98 
Value: 10877.58
Sales: ABCDx68@31.98 ABACx68@31.98 ACCOx68@31.98 ACADx68@31.98 ADBEx68@31.98 
Purchases: ABCDx68@31.98 ABACx68@31.98 ACCOx68@31.98 ACADx68@31.98 ADBEx68@31.98 

2010-06-16
Cash: 2.89
Held: ABCDx68@32.81 ABACx68@32.81 ACCOx68@32.81 ACADx68@32.81 ADBEx68@32.81 
Value: 11159.14
Sales: ABCDx68@32.81 ABACx68@32.81 ACCOx68@32.81 ACADx68@32.81 ADBEx68@32.81 
Purchases: ABCDx68@32.81 ABACx68@32.81 ACCOx68@32.81 ACADx68@32.81 ADBEx68@32.81 

2010-06-17
Cash: 2.89
Held: ABCDx68@32.56 ABACx68@32.56 ACCOx68@32.56 ACADx68@32.56 ADBEx68@32.56 
Value: 11074.14
Sales: ABCDx68@32.56 ABACx68@32.56 ACCOx68@32.56 ACADx68@32.56 ADBEx68@32.56 
Purchases: ABCDx68@32.56 ABACx68@32.56 ACCOx68@32.56 ACADx68@32.56 ADBEx68@32.56 

2010-06-20
Cash: 2.89
Held: ABCDx68@33.06 ABACx68@33.06 ACCOx68@33.06 ACADx68@33.06 ADBEx68@33.06 
Value: 11244.14
Sales: ABCDx68@33.06 ABACx68@33.06 ACCOx68@33.06 ACADx68@33.06 ADBEx68@33.06 
Purchases: ABCDx68@33.06 ABACx68@33.06 ACCOx68@33.06 ACADx68@33.06 ADBEx68@33.06 

2010-06-21
Cash: 2.89
Held: ABCDx68@32.41 ABACx68@32.41 ACCOx68@32.41 ACADx68@32.41 ADBEx68@32.41 
Value: 11021.02
Sales: ABCDx68@32.41 ABACx68@32.41 ACCOx68@32.41 ACADx68@32.41 ADBEx68@32.41 
Purchases: ABCDx68@32.41 ABACx68@32.41 ACCOx68@32.41 ACADx68@32.41 ADBEx68@32.41 

2010-06-22
Cash: 2.89
Held: ABCDx68@32.09 ABACx68@32.09 ACCOx68@32.09 ACADx68@32.09 ADBEx68@32.09 
Value: 10914.77
Sales: ABCDx68@32.09 ABACx68@32.09 ACCOx68@32.09 ACADx68@32.09 ADBEx68@32.09 
Purchases: ABCDx68@32.09 ABACx68@32.09 ACCOx68@32.09 ACADx68@32.09 ADBEx68@32.09 

2010-06-23
Cash: 2.89
Held: ABCDx68@31.73 ABACx68@31.73 ACCOx68@31.73 ACADx68@31.73 ADBEx68@31.73 
Value: 10792.58
Sales: ABCDx68@31.73 ABACx68@31.73 ACCOx68@31.73 ACADx68@31.73 ADBEx68@31.73 
Purchases: ABCDx68@31.73 ABACx68@31.73 ACCOx68@31.73 ACADx68@31.73 ADBEx68@31.73 

2010-06-24
Cash: 2.89
Held: ABCDx68@30.92 ABACx68@30.92 ACCOx68@30.92 ACADx68@30.92 ADBEx68@30.92 
Value: 10516.33
Sales: ABCDx68@30.92 ABACx68@30.92 ACCOx68@30.92 ACADx68@30.92 ADBEx68@30.92 
Purchases: ABCDx68@30.92 ABACx68@30.92 ACCOx68@30.92 ACADx68@30.92 ADBEx68@30.92 

2010-06-27
Cash: 2.89
Held: ABCDx68@30.62 ABACx68@30.62 ACCOx68@30.62 ACADx68@30.62 ADBEx68@30.62 
Value: 10415.39
Sales: ABCDx68@30.62 ABACx68@30.62 ACCOx68@30.62 ACADx68@30.62 ADBEx68@30.62 
Purchases: ABCDx68@30.62 ABACx68@30.62 ACCOx68@30.62 ACADx68@30.62 ADBEx68@30.62 

2010-06-28
Cash: 2.89
Held: ABCDx68@30.03 ABACx68@30.03 ACCOx68@30.03 ACADx68@30.03 ADBEx68@30.03 
Value: 10213.52
Sales: ABCDx68@30.03 ABACx68@30.03 ACCOx68@30.03 ACADx68@30.03 ADBEx68@30.03 
Purchases: ABCDx68@30.03 ABACx68@30.03 ACCOx68@30.03 ACADx68@30.03 ADBEx68@30.03 

2010-06-29
Cash: 2.89
Held: ABCDx68@29.16 ABACx68@29.16 ACCOx68@29.16 ACADx68@29.16 ADBEx68@29.16 
Value: 9916.02
Sales: ABCDx68@29.16 ABACx68@29.16 ACCOx68@29.16 ACADx68@29.16 ADBEx68@29.16 
Purchases: ABCDx68@29.16 ABACx68@29.16 ACCOx68@29.16 ACADx68@29.16 ADBEx68@29.16 

2010-06-30
Cash: 2.89
Held: ABCDx68@28.50 ABACx68@28.50 ACCOx68@28.50 ACADx68@28.50 ADBEx68@28.50 
Value: 9692.89
Sales: ABCDx68@28.50 ABACx68@28.50 ACCOx68@28.50 ACADx68@28.50 ADBEx68@28.50 
Purchases: ABCDx68@28.50 ABACx68@28.50 ACCOx68@28.50 ACADx68@28.50 ADBEx68@28.50 

2010-07-01
Cash: 2.89
Held: ABCDx68@28.36 ABACx68@28.36 ACCOx68@28.36 ACADx68@28.36 ADBEx68@28.36 
Value: 9645.08
Sales: ABCDx68@28.36 ABACx68@28.36 ACCOx68@28.36 ACADx68@28.36 ADBEx68@28.36 
Purchases: ABCDx68@28.36 ABACx68@28.36 ACCOx68@28.36 ACADx68@28.36 ADBEx68@28.36 

2010-07-05
Cash: 2.89
Held: ABCDx68@28.34 ABACx68@28.34 ACCOx68@28.34 ACADx68@28.34 ADBEx68@28.34 
Value: 9639.77
Sales: ABCDx68@28.34 ABACx68@28.34 ACCOx68@28.34 ACADx68@28.34 ADBEx68@28.34 
Purchases: ABCDx68@28.34 ABACx68@28.34 ACCOx68@28.34 ACADx68@28.34 ADBEx68@28.34 

2010-07-06
Cash: 2.89
Held: ABCDx68@27.80 ABACx68@27.80 ACCOx68@27.80 ACADx68@27.80 ADBEx68@27.80 
Value: 9453.83
Sales: ABCDx68@27.80 ABACx68@27.80 ACCOx68@27.80 ACADx68@27.80 ADBEx68@27.80 
Purchases: ABCDx68@27.80 ABACx68@27.80 ACCOx68@27.80 ACADx68@27.80 ADBEx68@27.80 

2010-07-07
Cash: 2.89
Held: ABCDx68@28.77 ABACx68@28.77 ACCOx68@28.77 ACADx68@28.77 ADBEx68@28.77 
Value: 9783.20
Sales: ABCDx68@28.77 ABACx68@28.77 ACCOx68@28.77 ACADx68@28.77 ADBEx68@28.77 
Purchases: ABCDx68@28.77 ABACx68@28.77 ACCOx68@28.77 ACADx68@28.77 ADBEx68@28.77 

2010-07-08
Cash: 2.89
Held: ABCDx68@28.88 ABACx68@28.88 ACCOx68@28.88 ACADx68@28.88 ADBEx68@28.88 
Value: 9820.39
Sales: ABCDx68@28.88 ABACx68@28.88 ACCOx68@28.88 ACADx68@28.88 ADBEx68@28.88 
Purchases: ABCDx68@28.88 ABACx68@28.88 ACCOx68@28.88 ACADx68@28.88 ADBEx68@28.88 

2010-07-11
Cash: 2.89
Held: ABCDx68@28.52 ABACx68@28.52 ACCOx68@28.52 ACADx68@28.52 ADBEx68@28.52 
Value: 9698.20
Sales: ABCDx68@28.52 ABACx68@28.52 ACCOx68@28.52 ACADx68@28.52 ADBEx68@28.52 
Purchases: ABCDx68@28.52 ABACx68@28.52 ACCOx68@28.52 ACADx68@28.52 ADBEx68@28.52 

2010-07-12
Cash: 2.89
Held: ABCDx68@28.47 ABACx68@28.47 ACCOx68@28.47 ACADx68@28.47 ADBEx68@28.47 
Value: 9682.27
Sales: ABCDx68@28.47 ABACx68@28.47 ACCOx68@28.47 ACADx68@28.47 ADBEx68@28.47 
Purchases: ABCDx68@28.47 ABACx68@28.47 ACCOx68@28.47 ACADx68@28.47 ADBEx68@28.47 

2010-07-13
Cash: 2.89
Held: ABCDx68@28.62 ABACx68@28.62 ACCOx68@28.62 ACADx68@28.62 ADBEx68@28.62 
Value: 9735.39
Sales: ABCDx68@28.62 ABACx68@28.62 ACCOx68@28.62 ACADx68@28.62 ADBEx68@28.62 
Purchases: ABCDx68@28.62 ABACx68@28.62 ACCOx68@28.62 ACADx68@28.62 ADBEx68@28.62 

2010-07-14
Cash: 2.89
Held: ABCDx68@28.62 ABACx68@28.62 ACCOx68@28.62 ACADx68@28.62 ADBEx68@28.62 
Value: 9735.39
Sales: ABCDx68@28.62 ABACx68@28.62 ACCOx68@28.62 ACADx68@28.62 ADBEx68@28.62 
Purchases: ABCDx68@28.62 ABACx68@28.62 ACCOx68@28.62 ACADx68@28.62 ADBEx68@28.62 

2010-07-15
Cash: 2.89
Held: ABCDx68@28.20 ABACx68@28.20 ACCOx68@28.20 ACADx68@28.20 ADBEx68@28.20 
Value: 9591.95
Sales: ABCDx68@28.20 ABACx68@28.20 ACCOx68@28.20 ACADx68@28.20 ADBEx68@28.20 
Purchases: ABCDx68@28.20 ABACx68@28.20 ACCOx68@28.20 ACADx68@28.20 ADBEx68@28.20 

2010-07-18
Cash: 2.89
Held: ABCDx68@27.30 ABACx68@27.30 ACCOx68@27.30 ACADx68@27.30 ADBEx68@27.30 
Value: 9283.83
Sales: ABCDx68@27.30 ABACx68@27.30 ACCOx68@27.30 ACADx68@27.30 ADBEx68@27.30 
Purchases: ABCDx68@27.30 ABACx68@27.30 ACCOx68@27.30 ACADx68@27.30 ADBEx68@27.30 

2010-07-19
Cash: 2.89
Held: ABCDx68@27.03 ABACx68@27.03 ACCOx68@27.03 ACADx68@27.03 ADBEx68@27.03 
Value: 9193.52
Sales: ABCDx68@27.03 ABACx68@27.03 ACCOx68@27.03 ACADx68@27.03 ADBEx68@27.03 
Purchases: ABCDx68@27.03 ABACx68@27.03 ACCOx68@27.03 ACADx68@27.03 ADBEx68@27.03 

2010-07-20
Cash: 2.89
Held: ABCDx68@27.69 ABACx68@27.69 ACCOx68@27.69 ACADx68@27.69 ADBEx68@27.69 
Value: 9416.64
Sales: ABCDx68@27.69 ABACx68@27.69 ACCOx68@27.69 ACADx68@27.69 ADBEx68@27.69 
Purchases: ABCDx68@27.69 ABACx68@27.69 ACCOx68@27.69 ACADx68@27.69 ADBEx68@27.69 

2010-07-21
Cash: 2.89
Held: ABCDx68@27.95 ABACx68@27.95 ACCOx68@27.95 ACADx68@27.95 ADBEx68@27.95 
Value: 9506.95
Sales: ABCDx68@27.95 ABACx68@27.95 ACCOx68@27.95 ACADx68@27.95 ADBEx68@27.95 
Purchases: ABCDx68@27.95 ABACx68@27.95 ACCOx68@27.95 ACADx68@27.95 ADBEx68@27.95 

2010-07-22
Cash: 2.89
Held: ABCDx68@28.56 ABACx68@28.56 ACCOx68@28.56 ACADx68@28.56 ADBEx68@28.56 
Value: 9714.14
Sales: ABCDx68@28.56 ABACx68@28.56 ACCOx68@28.56 ACADx68@28.56 ADBEx68@28.56 
Purchases: ABCDx68@28.56 ABACx68@28.56 ACCOx68@28.56 ACADx68@28.56 ADBEx68@28.56 

2010-07-25
Cash: 2.89
Held: ABCDx68@29.22 ABACx68@29.22 ACCOx68@29.22 ACADx68@29.22 ADBEx68@29.22 
Value: 9937.27
Sales: ABCDx68@29.22 ABACx68@29.22 ACCOx68@29.22 ACADx68@29.22 ADBEx68@29.22 
Purchases: ABCDx68@29.22 ABACx68@29.22 ACCOx68@29.22 ACADx68@29.22 ADBEx68@29.22 

2010-07-26
Cash: 2.89
Held: ABCDx68@29.73 ABACx68@29.73 ACCOx68@29.73 ACADx68@29.73 ADBEx68@29.73 
Value: 10112.58
Sales: ABCDx68@29.73 ABACx68@29.73 ACCOx68@29.73 ACADx68@29.73 ADBEx68@29.73 
Purchases: ABCDx68@29.73 ABACx68@29.73 ACCOx68@29.73 ACADx68@29.73 ADBEx68@29.73 

2010-07-27
Cash: 2.89
Held: ABCDx68@28.80 ABACx68@28.80 ACCOx68@28.80 ACADx68@28.80 ADBEx68@28.80 
Value: 9793.83
Sales: ABCDx68@28.80 ABACx68@28.80 ACCOx68@28.80 ACADx68@28.80 ADBEx68@28.80 
Purchases: ABCDx68@28.80 ABACx68@28.80 ACCOx68@28.80 ACADx68@28.80 ADBEx68@28.80 

2010-07-28
Cash: 2.89
Held: ABCDx68@28.97 ABACx68@28.97 ACCOx68@28.97 ACADx68@28.97 ADBEx68@28.97 
Value: 9852.27
Sales: ABCDx68@28.97 ABACx68@28.97 ACCOx68@28.97 ACADx68@28.97 ADBEx68@28.97 
Purchases: ABCDx68@28.97 ABACx68@28.97 ACCOx68@28.97 ACADx68@28.97 ADBEx68@28.97 

2010-07-29
Cash: 2.89
Held: ABCDx68@27.78 ABACx68@27.78 ACCOx68@27.78 ACADx68@27.78 ADBEx68@27.78 
Value: 9448.52
Sales: ABCDx68@27.78 ABACx68@27.78 ACCOx68@27.78 ACADx68@27.78 ADBEx68@27.78 
Purchases: ABCDx68@27.78 ABACx68@27.78 ACCOx68@27.78 ACADx68@27.78 ADBEx68@27.78 

2010-08-01
Cash: 2.89
Held: ABCDx68@28.34 ABACx68@28.34 ACCOx68@28.34 ACADx68@28.34 ADBEx68@28.34 
Value: 9639.77
Sales: ABCDx68@28.34 ABACx68@28.34 ACCOx68@28.34 ACADx68@28.34 ADBEx68@28.34 
Purchases: ABCDx68@28.34 ABACx68@28.34 ACCOx68@28.34 ACADx68@28.34 ADBEx68@28.34 

2010-08-02
Cash: 2.89
Held: ABCDx68@28.61 ABACx68@28.61 ACCOx68@28.61 ACADx68@28.61 ADBEx68@28.61 
Value: 9730.08
Sales: ABCDx68@28.61 ABACx68@28.61 ACCOx68@28.61 ACADx68@28.61 ADBEx68@28.61 
Purchases: ABCDx68@28.61 ABACx68@28.61 ACCOx68@28.61 ACADx68@28.61 ADBEx68@28.61 

2010-08-03
Cash: 2.89
Held: ABCDx68@27.86 ABACx68@27.86 ACCOx68@27.86 ACADx68@27.86 ADBEx68@27.86 
Value: 9475.08
Sales: ABCDx68@27.86 ABACx68@27.86 ACCOx68@27.86 ACADx68@27.86 ADBEx68@27.86 
Purchases: ABCDx68@27.86 ABACx68@27.86 ACCOx68@27.86 ACADx68@27.86 ADBEx68@27.86 

2010-08-04
Cash: 2.89
Held: ABCDx68@28.03 ABACx68@28.03 ACCOx68@28.03 ACADx68@28.03 ADBEx68@28.03 
Value: 9533.52
Sales: ABCDx68@28.03 ABACx68@28.03 ACCOx68@28.03 ACADx68@28.03 ADBEx68@28.03 
Purchases: ABCDx68@28.03 ABACx68@28.03 ACCOx68@28.03 ACADx68@28.03 ADBEx68@28.03 

2010-08-05
Cash: 2.89
Held: ABCDx68@28.19 ABACx68@28.19 ACCOx68@28.19 ACADx68@28.19 ADBEx68@28.19 
Value: 9586.64
Sales: ABCDx68@28.19 ABACx68@28.19 ACCOx68@28.19 ACADx68@28.19 ADBEx68@28.19 
Purchases: ABCDx68@28.19 ABACx68@28.19 ACCOx68@28.19 ACADx68@28.19 ADBEx68@28.19 

2010-08-08
Cash: 2.89
Held: ABCDx68@28.92 ABACx68@28.92 ACCOx68@28.92 ACADx68@28.92 ADBEx68@28.92 
Value: 9836.33
Sales: ABCDx68@28.92 ABACx68@28.92 ACCOx68@28.92 ACADx68@28.92 ADBEx68@28.92 
Purchases: ABCDx68@28.92 ABACx68@28.92 ACCOx68@28.92 ACADx68@28.92 ADBEx68@28.92 

2010-08-09
Cash: 2.89
Held: ABCDx68@29.44 ABACx68@29.44 ACCOx68@29.44 ACADx68@29.44 ADBEx68@29.44 
Value: 10011.64
Sales: ABCDx68@29.44 ABACx68@29.44 ACCOx68@29.44 ACADx68@29.44 ADBEx68@29.44 
Purchases: ABCDx68@29.44 ABACx68@29.44 ACCOx68@29.44 ACADx68@29.44 ADBEx68@29.44 

2010-08-10
Cash: 2.89
Held: ABCDx68@28.86 ABACx68@28.86 ACCOx68@28.86 ACADx68@28.86 ADBEx68@28.86 
Value: 9815.08
Sales: ABCDx68@28.86 ABACx68@28.86 ACCOx68@28.86 ACADx68@28.86 ADBEx68@28.86 
Purchases: ABCDx68@28.86 ABACx68@28.86 ACCOx68@28.86 ACADx68@28.86 ADBEx68@28.86 

2010-08-11
Cash: 2.89
Held: ABCDx68@27.66 ABACx68@27.66 ACCOx68@27.66 ACADx68@27.66 ADBEx68@27.66 
Value: 9406.02
Sales: ABCDx68@27.66 ABACx68@27.66 ACCOx68@27.66 ACADx68@27.66 ADBEx68@27.66 
Purchases: ABCDx68@27.66 ABACx68@27.66 ACCOx68@27.66 ACADx68@27.66 ADBEx68@27.66 

2010-08-12
Cash: 2.89
Held: ABCDx68@27.39 ABACx68@27.39 ACCOx68@27.39 ACADx68@27.39 ADBEx68@27.39 
Value: 9315.70
Sales: ABCDx68@27.39 ABACx68@27.39 ACCOx68@27.39 ACADx68@27.39 ADBEx68@27.39 
Purchases: ABCDx68@27.39 ABACx68@27.39 ACCOx68@27.39 ACADx68@27.39 ADBEx68@27.39 

2010-08-15
Cash: 2.89
Held: ABCDx68@27.11 ABACx68@27.11 ACCOx68@27.11 ACADx68@27.11 ADBEx68@27.11 
Value: 9220.08
Sales: ABCDx68@27.11 ABACx68@27.11 ACCOx68@27.11 ACADx68@27.11 ADBEx68@27.11 
Purchases: ABCDx68@27.11 ABACx68@27.11 ACCOx68@27.11 ACADx68@27.11 ADBEx68@27.11 

2010-08-16
Cash: 2.89
Held: ABCDx68@28.75 ABACx68@28.75 ACCOx68@28.75 ACADx68@28.75 ADBEx68@28.75 
Value: 9777.89
Sales: ABCDx68@28.75 ABACx68@28.75 ACCOx68@28.75 ACADx68@28.75 ADBEx68@28.75 
Purchases: ABCDx68@28.75 ABACx68@28.75 ACCOx68@28.75 ACADx68@28.75 ADBEx68@28.75 

2010-08-17
Cash: 2.89
Held: ABCDx68@29.33 ABACx68@29.33 ACCOx68@29.33 ACADx68@29.33 ADBEx68@29.33 
Value: 9974.45
Sales: ABCDx68@29.33 ABACx68@29.33 ACCOx68@29.33 ACADx68@29.33 ADBEx68@29.33 
Purchases: ABCDx68@29.33 ABACx68@29.33 ACCOx68@29.33 ACADx68@29.33 ADBEx68@29.33 

2010-08-18
Cash: 2.89
Held: ABCDx68@29.25 ABACx68@29.25 ACCOx68@29.25 ACADx68@29.25 ADBEx68@29.25 
Value: 9947.89
Sales: ABCDx68@29.25 ABACx68@29.25 ACCOx68@29.25 ACADx68@29.25 ADBEx68@29.25 
Purchases: ABCDx68@29.25 ABACx68@29.25 ACCOx68@29.25 ACADx68@29.25 ADBEx68@29.25 

2010-08-19
Cash: 2.89
Held: ABCDx68@28.27 ABACx68@28.27 ACCOx68@28.27 ACADx68@28.27 ADBEx68@28.27 
Value: 9613.20
Sales: ABCDx68@28.27 ABACx68@28.27 ACCOx68@28.27 ACADx68@28.27 ADBEx68@28.27 
Purchases: ABCDx68@28.27 ABACx68@28.27 ACCOx68@28.27 ACADx68@28.27 ADBEx68@28.27 

2010-08-22
Cash: 2.89
Held: ABCDx68@28.73 ABACx68@28.73 ACCOx68@28.73 ACADx68@28.73 ADBEx68@28.73 
Value: 9772.58
Sales: ABCDx68@28.73 ABACx68@28.73 ACCOx68@28.73 ACADx68@28.73 ADBEx68@28.73 
Purchases: ABCDx68@28.73 ABACx68@28.73 ACCOx68@28.73 ACADx68@28.73 ADBEx68@28.73 

2010-08-23
Cash: 2.89
Held: ABCDx68@27.52 ABACx68@27.52 ACCOx68@27.52 ACADx68@27.52 ADBEx68@27.52 
Value: 9358.20
Sales: ABCDx68@27.52 ABACx68@27.52 ACCOx68@27.52 ACADx68@27.52 ADBEx68@27.52 
Purchases: ABCDx68@27.52 ABACx68@27.52 ACCOx68@27.52 ACADx68@27.52 ADBEx68@27.52 

2010-08-24
Cash: 2.89
Held: ABCDx68@27.14 ABACx68@27.14 ACCOx68@27.14 ACADx68@27.14 ADBEx68@27.14 
Value: 9230.70
Sales: ABCDx68@27.14 ABACx68@27.14 ACCOx68@27.14 ACADx68@27.14 ADBEx68@27.14 
Purchases: ABCDx68@27.14 ABACx68@27.14 ACCOx68@27.14 ACADx68@27.14 ADBEx68@27.14 

2010-08-25
Cash: 2.89
Held: ABCDx68@27.88 ABACx68@27.88 ACCOx68@27.88 ACADx68@27.88 ADBEx68@27.88 
Value: 9480.39
Sales: ABCDx68@27.88 ABACx68@27.88 ACCOx68@27.88 ACADx68@27.88 ADBEx68@27.88 
Purchases: ABCDx68@27.88 ABACx68@27.88 ACCOx68@27.88 ACADx68@27.88 ADBEx68@27.88 

2010-08-26
Cash: 2.89
Held: ABCDx68@27.69 ABACx68@27.69 ACCOx68@27.69 ACADx68@27.69 ADBEx68@27.69 
Value: 9416.64
Sales: ABCDx68@27.69 ABACx68@27.69 ACCOx68@27.69 ACADx68@27.69 ADBEx68@27.69 
Purchases: ABCDx68@27.69 ABACx68@27.69 ACCOx68@27.69 ACADx68@27.69 ADBEx68@27.69 

2010-08-29
Cash: 2.89
Held: ABCDx68@27.77 ABACx68@27.77 ACCOx68@27.77 ACADx68@27.77 ADBEx68@27.77 
Value: 9443.20
Sales: ABCDx68@27.77 ABACx68@27.77 ACCOx68@27.77 ACADx68@27.77 ADBEx68@27.77 
Purchases: ABCDx68@27.77 ABACx68@27.77 ACCOx68@27.77 ACADx68@27.77 ADBEx68@27.77 

2010-08-30
Cash: 2.89
Held: ABCDx68@27.56 ABACx68@27.56 ACCOx68@27.56 ACADx68@27.56 ADBEx68@27.56 
Value: 9374.14
Sales: ABCDx68@27.56 ABACx68@27.56 ACCOx68@27.56 ACADx68@27.56 ADBEx68@27.56 
Purchases: ABCDx68@27.56 ABACx68@27.56 ACCOx68@27.56 ACADx68@27.56 ADBEx68@27.56 

2010-08-31
Cash: 2.89
Held: ABCDx68@27.45 ABACx68@27.45 ACCOx68@27.45 ACADx68@27.45 ADBEx68@27.45 
Value: 9336.95
Sales: ABCDx68@27.45 ABACx68@27.45 ACCOx68@27.45 ACADx68@27.45 ADBEx68@27.45 
Purchases: ABCDx68@27.45 ABACx68@27.45 ACCOx68@27.45 ACADx68@27.45 ADBEx68@27.45 

2010-09-01
Cash: 2.89
Held: ABCDx68@28.47 ABACx68@28.47 ACCOx68@28.47 ACADx68@28.47 ADBEx68@28.47 
Value: 9682.27
Sales: ABCDx68@28.47 ABACx68@28.47 ACCOx68@28.47 ACADx68@28.47 ADBEx68@28.47 
Purchases: ABCDx68@28.47 ABACx68@28.47 ACCOx68@28.47 ACADx68@28.47 ADBEx68@28.47 

2010-09-02
Cash: 2.89
Held: ABCDx68@29.48 ABACx68@29.48 ACCOx68@29.48 ACADx68@29.48 ADBEx68@29.48 
Value: 10027.58
Sales: ABCDx68@29.48 ABACx68@29.48 ACCOx68@29.48 ACADx68@29.48 ADBEx68@29.48 
Purchases: ABCDx68@29.48 ABACx68@29.48 ACCOx68@29.48 ACADx68@29.48 ADBEx68@29.48 

2010-09-06
Cash: 2.89
Held: ABCDx68@29.69 ABACx68@29.69 ACCOx68@29.69 ACADx68@29.69 ADBEx68@29.69 
Value: 10096.64
Sales: ABCDx68@29.69 ABACx68@29.69 ACCOx68@29.69 ACADx68@29.69 ADBEx68@29.69 
Purchases: ABCDx68@29.69 ABACx68@29.69 ACCOx68@29.69 ACADx68@29.69 ADBEx68@29.69 

2010-09-07
Cash: 2.89
Held: ABCDx68@29.08 ABACx68@29.08 ACCOx68@29.08 ACADx68@29.08 ADBEx68@29.08 
Value: 9889.45
Sales: ABCDx68@29.08 ABACx68@29.08 ACCOx68@29.08 ACADx68@29.08 ADBEx68@29.08 
Purchases: ABCDx68@29.08 ABACx68@29.08 ACCOx68@29.08 ACADx68@29.08 ADBEx68@29.08 

2010-09-08
Cash: 2.89
Held: ABCDx68@29.25 ABACx68@29.25 ACCOx68@29.25 ACADx68@29.25 ADBEx68@29.25 
Value: 9947.89
Sales: ABCDx68@29.25 ABACx68@29.25 ACCOx68@29.25 ACADx68@29.25 ADBEx68@29.25 
Purchases: ABCDx68@29.25 ABACx68@29.25 ACCOx68@29.25 ACADx68@29.25 ADBEx68@29.25 

2010-09-09
Cash: 2.89
Held: ABCDx68@28.95 ABACx68@28.95 ACCOx68@28.95 ACADx68@28.95 ADBEx68@28.95 
Value: 9846.95
Sales: ABCDx68@28.95 ABACx68@28.95 ACCOx68@28.95 ACADx68@28.95 ADBEx68@28.95 
Purchases: ABCDx68@28.95 ABACx68@28.95 ACCOx68@28.95 ACADx68@28.95 ADBEx68@28.95 

2010-09-12
Cash: 2.89
Held: ABCDx68@29.23 ABACx68@29.23 ACCOx68@29.23 ACADx68@29.23 ADBEx68@29.23 
Value: 9942.58
Sales: ABCDx68@29.23 ABACx68@29.23 ACCOx68@29.23 ACADx68@29.23 ADBEx68@29.23 
Purchases: ABCDx68@29.23 ABACx68@29.23 ACCOx68@29.23 ACADx68@29.23 ADBEx68@29.23 

2010-09-13
Cash: 2.89
Held: ABCDx68@29.02 ABACx68@29.02 ACCOx68@29.02 ACADx68@29.02 ADBEx68@29.02 
Value: 9868.20
Sales: ABCDx68@29.02 ABACx68@29.02 ACCOx68@29.02 ACADx68@29.02 ADBEx68@29.02 
Purchases: ABCDx68@29.02 ABACx68@29.02 ACCOx68@29.02 ACADx68@29.02 ADBEx68@29.02 

2010-09-14
Cash: 2.89
Held: ABCDx68@29.16 ABACx68@29.16 ACCOx68@29.16 ACADx68@29.16 ADBEx68@29.16 
Value: 9916.02
Sales: ABCDx68@29.16 ABACx68@29.16 ACCOx68@29.16 ACADx68@29.16 ADBEx68@29.16 
Purchases: ABCDx68@29.16 ABACx68@29.16 ACCOx68@29.16 ACADx68@29.16 ADBEx68@29.16 

2010-09-15
Cash: 2.89
Held: ABCDx68@29.34 ABACx68@29.34 ACCOx68@29.34 ACADx68@29.34 ADBEx68@29.34 
Value: 9979.77
Sales: ABCDx68@29.34 ABACx68@29.34 ACCOx68@29.34 ACADx68@29.34 ADBEx68@29.34 
Purchases: ABCDx68@29.34 ABACx68@29.34 ACCOx68@29.34 ACADx68@29.34 ADBEx68@29.34 

2010-09-16
Cash: 2.89
Held: ABCDx68@30.31 ABACx68@30.31 ACCOx68@30.31 ACADx68@30.31 ADBEx68@30.31 
Value: 10309.14
Sales: ABCDx68@30.31 ABACx68@30.31 ACCOx68@30.31 ACADx68@30.31 ADBEx68@30.31 
Purchases: ABCDx68@30.31 ABACx68@30.31 ACCOx68@30.31 ACADx68@30.31 ADBEx68@30.31 

2010-09-19
Cash: 2.89
Held: ABCDx68@30.78 ABACx68@30.78 ACCOx68@30.78 ACADx68@30.78 ADBEx68@30.78 
Value: 10468.52
Sales: ABCDx68@30.78 ABACx68@30.78 ACCOx68@30.78 ACADx68@30.78 ADBEx68@30.78 
Purchases: ABCDx68@30.78 ABACx68@30.78 ACCOx68@30.78 ACADx68@30.78 ADBEx68@30.78 

2010-09-20
Cash: 2.89
Held: ABCDx68@30.98 ABACx68@30.98 ACCOx68@30.98 ACADx68@30.98 ADBEx68@30.98 
Value: 10537.58
Sales: ABCDx68@30.98 ABACx68@30.98 ACCOx68@30.98 ACADx68@30.98 ADBEx68@30.98 
Purchases: ABCDx68@30.98 ABACx68@30.98 ACCOx68@30.98 ACADx68@30.98 ADBEx68@30.98 

2010-09-21
Cash: 2.89
Held: ABCDx68@30.98 ABACx68@30.98 ACCOx68@30.98 ACADx68@30.98 ADBEx68@30.98 
Value: 10537.58
Sales: ABCDx68@30.98 ABACx68@30.98 ACCOx68@30.98 ACADx68@30.98 ADBEx68@30.98 
Purchases: ABCDx68@30.98 ABACx68@30.98 ACCOx68@30.98 ACADx68@30.98 ADBEx68@30.98 

2010-09-22
Cash: 2.89
Held: ABCDx68@30.48 ABACx68@30.48 ACCOx68@30.48 ACADx68@30.48 ADBEx68@30.48 
Value: 10367.58
Sales: ABCDx68@30.48 ABACx68@30.48 ACCOx68@30.48 ACADx68@30.48 ADBEx68@30.48 
Purchases: ABCDx68@30.48 ABACx68@30.48 ACCOx68@30.48 ACADx68@30.48 ADBEx68@30.48 

2010-09-23
Cash: 2.89
Held: ABCDx68@30.97 ABACx68@30.97 ACCOx68@30.97 ACADx68@30.97 ADBEx68@30.97 
Value: 10532.27
Sales: ABCDx68@30.97 ABACx68@30.97 ACCOx68@30.97 ACADx68@30.97 ADBEx68@30.97 
Purchases: ABCDx68@30.97 ABACx68@30.97 ACCOx68@30.97 ACADx68@30.97 ADBEx68@30.97 

2010-09-26
Cash: 2.89
Held: ABCDx68@32.06 ABACx68@32.06 ACCOx68@32.06 ACADx68@32.06 ADBEx68@32.06 
Value: 10904.14
Sales: ABCDx68@32.06 ABACx68@32.06 ACCOx68@32.06 ACADx68@32.06 ADBEx68@32.06 
Purchases: ABCDx68@32.06 ABACx68@32.06 ACCOx68@32.06 ACADx68@32.06 ADBEx68@32.06 

2010-09-27
Cash: 2.89
Held: ABCDx68@31.95 ABACx68@31.95 ACCOx68@31.95 ACADx68@31.95 ADBEx68@31.95 
Value: 10866.95
Sales: ABCDx68@31.95 ABACx68@31.95 ACCOx68@31.95 ACADx68@31.95 ADBEx68@31.95 
Purchases: ABCDx68@31.95 ABACx68@31.95 ACCOx68@31.95 ACADx68@31.95 ADBEx68@31.95 

2010-09-28
Cash: 2.89
Held: ABCDx68@32.09 ABACx68@32.09 ACCOx68@32.09 ACADx68@32.09 ADBEx68@32.09 
Value: 10914.77
Sales: ABCDx68@32.09 ABACx68@32.09 ACCOx68@32.09 ACADx68@32.09 ADBEx68@32.09 
Purchases: ABCDx68@32.09 ABACx68@32.09 ACCOx68@32.09 ACADx68@32.09 ADBEx68@32.09 

2010-09-29
Cash: 2.89
Held: ABCDx68@32.78 ABACx68@32.78 ACCOx68@32.78 ACADx68@32.78 ADBEx68@32.78 
Value: 11148.52
Sales: ABCDx68@32.78 ABACx68@32.78 ACCOx68@32.78 ACADx68@32.78 ADBEx68@32.78 
Purchases: ABCDx68@32.78 ABACx68@32.78 ACCOx68@32.78 ACADx68@32.78 ADBEx68@32.78 

2010-09-30
Cash: 2.89
Held: ABCDx68@33.69 ABACx68@33.69 ACCOx68@33.69 ACADx68@33.69 ADBEx68@33.69 
Value: 11456.64
Sales: ABCDx68@33.69 ABACx68@33.69 ACCOx68@33.69 ACADx68@33.69 ADBEx68@33.69 
Purchases: ABCDx68@33.69 ABACx68@33.69 ACCOx68@33.69 ACADx68@33.69 ADBEx68@33.69 

2010-10-03
Cash: 2.89
Held: ABCDx68@33.56 ABACx68@33.56 ACCOx68@33.56 ACADx68@33.56 ADBEx68@33.56 
Value: 11414.14
Sales: ABCDx68@33.56 ABACx68@33.56 ACCOx68@33.56 ACADx68@33.56 ADBEx68@33.56 
Purchases: ABCDx68@33.56 ABACx68@33.56 ACCOx68@33.56 ACADx68@33.56 ADBEx68@33.56 

2010-10-04
Cash: 2.89
Held: ABCDx68@32.94 ABACx68@32.94 ACCOx68@32.94 ACADx68@32.94 ADBEx68@32.94 
Value: 11201.64
Sales: ABCDx68@32.94 ABACx68@32.94 ACCOx68@32.94 ACADx68@32.94 ADBEx68@32.94 
Purchases: ABCDx68@32.94 ABACx68@32.94 ACCOx68@32.94 ACADx68@32.94 ADBEx68@32.94 

2010-10-05
Cash: 2.89
Held: ABCDx68@33.03 ABACx68@33.03 ACCOx68@33.03 ACADx68@33.03 ADBEx68@33.03 
Value: 11233.52
Sales: ABCDx68@33.03 ABACx68@33.03 ACCOx68@33.03 ACADx68@33.03 ADBEx68@33.03 
Purchases: ABCDx68@33.03 ABACx68@33.03 ACCOx68@33.03 ACADx68@33.03 ADBEx68@33.03 

2010-10-06
Cash: 2.89
Held: ABCDx68@32.94 ABACx68@32.94 ACCOx68@32.94 ACADx68@32.94 ADBEx68@32.94 
Value: 11201.64
Sales: ABCDx68@32.94 ABACx68@32.94 ACCOx68@32.94 ACADx68@32.94 ADBEx68@32.94 
Purchases: ABCDx68@32.94 ABACx68@32.94 ACCOx68@32.94 ACADx68@32.94 ADBEx68@32.94 

2010-10-07
Cash: 2.89
Held: ABCDx68@33.22 ABACx68@33.22 ACCOx68@33.22 ACADx68@33.22 ADBEx68@33.22 
Value: 11297.27
Sales: ABCDx68@33.22 ABACx68@33.22 ACCOx68@33.22 ACADx68@33.22 ADBEx68@33.22 
Purchases: ABCDx68@33.22 ABACx68@33.22 ACCOx68@33.22 ACADx68@33.22 ADBEx68@33.22 

2010-10-10
Cash: 2.89
Held: ABCDx68@33.78 ABACx68@33.78 ACCOx68@33.78 ACADx68@33.78 ADBEx68@33.78 
Value: 11488.52
Sales: ABCDx68@33.78 ABACx68@33.78 ACCOx68@33.78 ACADx68@33.78 ADBEx68@33.78 
Purchases: ABCDx68@33.78 ABACx68@33.78 ACCOx68@33.78 ACADx68@33.78 ADBEx68@33.78 

2010-10-11
Cash: 2.89
Held: ABCDx68@33.62 ABACx68@33.62 ACCOx68@33.62 ACADx68@33.62 ADBEx68@33.62 
Value: 11435.39
Sales: ABCDx68@33.62 ABACx68@33.62 ACCOx68@33.62 ACADx68@33.62 ADBEx68@33.62 
Purchases: ABCDx68@33.62 ABACx68@33.62 ACCOx68@33.62 ACADx68@33.62 ADBEx68@33.62 

2010-10-12
Cash: 2.89
Held: ABCDx68@33.94 ABACx68@33.94 ACCOx68@33.94 ACADx68@33.94 ADBEx68@33.94 
Value: 11541.64
Sales: ABCDx68@33.94 ABACx68@33.94 ACCOx68@33.94 ACADx68@33.94 ADBEx68@33.94 
Purchases: ABCDx68@33.94 ABACx68@33.94 ACCOx68@33.94 ACADx68@33.94 ADBEx68@33.94 

2010-10-13
Cash: 2.89
Held: ABCDx68@34.28 ABACx68@34.28 ACCOx68@34.28 ACADx68@34.28 ADBEx68@34.28 
Value: 11658.52
Sales: ABCDx68@34.28 ABACx68@34.28 ACCOx68@34.28 ACADx68@34.28 ADBEx68@34.28 
Purchases: ABCDx68@34.28 ABACx68@34.28 ACCOx68@34.28 ACADx68@34.28 ADBEx68@34.28 

2010-10-14
Cash: 2.89
Held: ABCDx68@34.59 ABACx68@34.59 ACCOx68@34.59 ACADx68@34.59 ADBEx68@34.59 
Value: 11764.77
Sales: ABCDx68@34.59 ABACx68@34.59 ACCOx68@34.59 ACADx68@34.59 ADBEx68@34.59 
Purchases: ABCDx68@34.59 ABACx68@34.59 ACCOx68@34.59 ACADx68@34.59 ADBEx68@34.59 

2010-10-17
Cash: 2.89
Held: ABCDx68@34.50 ABACx68@34.50 ACCOx68@34.50 ACADx68@34.50 ADBEx68@34.50 
Value: 11732.89
Sales: ABCDx68@34.50 ABACx68@34.50 ACCOx68@34.50 ACADx68@34.50 ADBEx68@34.50 
Purchases: ABCDx68@34.50 ABACx68@34.50 ACCOx68@34.50 ACADx68@34.50 ADBEx68@34.50 

2010-10-18
Cash: 2.89
Held: ABCDx68@34.12 ABACx68@34.12 ACCOx68@34.12 ACADx68@34.12 ADBEx68@34.12 
Value: 11605.39
Sales: ABCDx68@34.12 ABACx68@34.12 ACCOx68@34.12 ACADx68@34.12 ADBEx68@34.12 
Purchases: ABCDx68@34.12 ABACx68@34.12 ACCOx68@34.12 ACADx68@34.12 ADBEx68@34.12 

2010-10-19
Cash: 2.89
Held: ABCDx68@34.12 ABACx68@34.12 ACCOx68@34.12 ACADx68@34.12 ADBEx68@34.12 
Value: 11605.39
Sales: ABCDx68@34.12 ABACx68@34.12 ACCOx68@34.12 ACADx68@34.12 ADBEx68@34.12 
Purchases: ABCDx68@34.12 ABACx68@34.12 ACCOx68@34.12 ACADx68@34.12 ADBEx68@34.12 

2010-10-20
Cash: 2.89
Held: ABCDx68@34.78 ABACx68@34.78 ACCOx68@34.78 ACADx68@34.78 ADBEx68@34.78 
Value: 11828.52
Sales: ABCDx68@34.78 ABACx68@34.78 ACCOx68@34.78 ACADx68@34.78 ADBEx68@34.78 
Purchases: ABCDx68@34.78 ABACx68@34.78 ACCOx68@34.78 ACADx68@34.78 ADBEx68@34.78 

2010-10-21
Cash: 2.89
Held: ABCDx68@34.75 ABACx68@34.75 ACCOx68@34.75 ACADx68@34.75 ADBEx68@34.75 
Value: 11817.89
Sales: ABCDx68@34.75 ABACx68@34.75 ACCOx68@34.75 ACADx68@34.75 ADBEx68@34.75 
Purchases: ABCDx68@34.75 ABACx68@34.75 ACCOx68@34.75 ACADx68@34.75 ADBEx68@34.75 

2010-10-24
Cash: 2.89
Held: ABCDx68@35.03 ABACx68@35.03 ACCOx68@35.03 ACADx68@35.03 ADBEx68@35.03 
Value: 11913.52
Sales: ABCDx68@35.03 ABACx68@35.03 ACCOx68@35.03 ACADx68@35.03 ADBEx68@35.03 
Purchases: ABCDx68@35.03 ABACx68@35.03 ACCOx68@35.03 ACADx68@35.03 ADBEx68@35.03 

2010-10-25
Cash: 2.89
Held: ABCDx68@34.62 ABACx68@34.62 ACCOx68@34.62 ACADx68@34.62 ADBEx68@34.62 
Value: 11775.39
Sales: ABCDx68@34.62 ABACx68@34.62 ACCOx68@34.62 ACADx68@34.62 ADBEx68@34.62 
Purchases: ABCDx68@34.62 ABACx68@34.62 ACCOx68@34.62 ACADx68@34.62 ADBEx68@34.62 

2010-10-26
Cash: 2.89
Held: ABCDx68@34.47 ABACx68@34.47 ACCOx68@34.47 ACADx68@34.47 ADBEx68@34.47 
Value: 11722.27
Sales: ABCDx68@34.47 ABACx68@34.47 ACCOx68@34.47 ACADx68@34.47 ADBEx68@34.47 
Purchases: ABCDx68@34.47 ABACx68@34.47 ACCOx68@34.47 ACADx68@34.47 ADBEx68@34.47 

2010-10-27
Cash: 2.89
Held: ABCDx68@35.12 ABACx68@35.12 ACCOx68@35.12 ACADx68@35.12 ADBEx68@35.12 
Value: 11945.39
Sales: ABCDx68@35.12 ABACx68@35.12 ACCOx68@35.12 ACADx68@35.12 ADBEx68@35.12 
Purchases: ABCDx68@35.12 ABACx68@35.12 ACCOx68@35.12 ACADx68@35.12 ADBEx68@35.12 

2010-10-28
Cash: 2.89
Held: ABCDx68@34.81 ABACx68@34.81 ACCOx68@34.81 ACADx68@34.81 ADBEx68@34.81 
Value: 11839.14
Sales: ABCDx68@34.81 ABACx68@34.81 ACCOx68@34.81 ACADx68@34.81 ADBEx68@34.81 
Purchases: ABCDx68@34.81 ABACx68@34.81 ACCOx68@34.81 ACADx68@34.81 ADBEx68@34.81 

2010-10-31
Cash: 2.89
Held: ABCDx68@34.94 ABACx68@34.94 ACCOx68@34.94 ACADx68@34.94 ADBEx68@34.94 
Value: 11881.64
Sales: ABCDx68@34.94 ABACx68@34.94 ACCOx68@34.94 ACADx68@34.94 ADBEx68@34.94 
Purchases: ABCDx68@34.94 ABACx68@34.94 ACCOx68@34.94 ACADx68@34.94 ADBEx68@34.94 

2010-11-01
Cash: 2.89
Held: ABCDx68@34.97 ABACx68@34.97 ACCOx68@34.97 ACADx68@34.97 ADBEx68@34.97 
Value: 11892.27
Sales: ABCDx68@34.97 ABACx68@34.97 ACCOx68@34.97 ACADx68@34.97 ADBEx68@34.97 
Purchases: ABCDx68@34.97 ABACx68@34.97 ACCOx68@34.97 ACADx68@34.97 ADBEx68@34.97 

2010-11-02
Cash: 2.89
Held: ABCDx68@35.19 ABACx68@35.19 ACCOx68@35.19 ACADx68@35.19 ADBEx68@35.19 
Value: 11966.64
Sales: ABCDx68@35.19 ABACx68@35.19 ACCOx68@35.19 ACADx68@35.19 ADBEx68@35.19 
Purchases: ABCDx68@35.19 ABACx68@35.19 ACCOx68@35.19 ACADx68@35.19 ADBEx68@35.19 

2010-11-03
Cash: 2.89
Held: ABCDx68@35.50 ABACx68@35.50 ACCOx68@35.50 ACADx68@35.50 ADBEx68@35.50 
Value: 12072.89
Sales: ABCDx68@35.50 ABACx68@35.50 ACCOx68@35.50 ACADx68@35.50 ADBEx68@35.50 
Purchases: ABCDx68@35.50 ABACx68@35.50 ACCOx68@35.50 ACADx68@35.50 ADBEx68@35.50 

2010-11-04
Cash: 2.89
Held: ABCDx68@35.97 ABACx68@35.97 ACCOx68@35.97 ACADx68@35.97 ADBEx68@35.97 
Value: 12232.27
Sales: ABCDx68@35.97 ABACx68@35.97 ACCOx68@35.97 ACADx68@35.97 ADBEx68@35.97 
Purchases: ABCDx68@35.97 ABACx68@35.97 ACCOx68@35.97 ACADx68@35.97 ADBEx68@35.97 

2010-11-07
Cash: 2.89
Held: ABCDx68@36.16 ABACx68@36.16 ACCOx68@36.16 ACADx68@36.16 ADBEx68@36.16 
Value: 12296.02
Sales: ABCDx68@36.16 ABACx68@36.16 ACCOx68@36.16 ACADx68@36.16 ADBEx68@36.16 
Purchases: ABCDx68@36.16 ABACx68@36.16 ACCOx68@36.16 ACADx68@36.16 ADBEx68@36.16 

2010-11-08
Cash: 2.89
Held: ABCDx68@36.19 ABACx68@36.19 ACCOx68@36.19 ACADx68@36.19 ADBEx68@36.19 
Value: 12306.64
Sales: ABCDx68@36.19 ABACx68@36.19 ACCOx68@36.19 ACADx68@36.19 ADBEx68@36.19 
Purchases: ABCDx68@36.19 ABACx68@36.19 ACCOx68@36.19 ACADx68@36.19 ADBEx68@36.19 

2010-11-09
Cash: 2.89
Held: ABCDx68@35.47 ABACx68@35.47 ACCOx68@35.47 ACADx68@35.47 ADBEx68@35.47 
Value: 12062.27
Sales: ABCDx68@35.47 ABACx68@35.47 ACCOx68@35.47 ACADx68@35.47 ADBEx68@35.47 
Purchases: ABCDx68@35.47 ABACx68@35.47 ACCOx68@35.47 ACADx68@35.47 ADBEx68@35.47 

2010-11-10
Cash: 2.89
Held: ABCDx68@34.81 ABACx68@34.81 ACCOx68@34.81 ACADx68@34.81 ADBEx68@34.81 
Value: 11839.14
Sales: ABCDx68@34.81 ABACx68@34.81 ACCOx68@34.81 ACADx68@34.81 ADBEx68@34.81 
Purchases: ABCDx68@34.81 ABACx68@34.81 ACCOx68@34.81 ACADx68@34.81 ADBEx68@34.81 

2010-11-11
Cash: 2.89
Held: ABCDx68@35.91 ABACx68@35.91 ACCOx68@35.91 ACADx68@35.91 ADBEx68@35.91 
Value: 12211.02
Sales: ABCDx68@35.91 ABACx68@35.91 ACCOx68@35.91 ACADx68@35.91 ADBEx68@35.91 
Purchases: ABCDx68@35.91 ABACx68@35.91 ACCOx68@35.91 ACADx68@35.91 ADBEx68@35.91 

2010-11-14
Cash: 2.89
Held: ABCDx68@36.53 ABACx68@36.53 ACCOx68@36.53 ACADx68@36.53 ADBEx68@36.53 
Value: 12423.52
Sales: ABCDx68@36.53 ABACx68@36.53 ACCOx68@36.53 ACADx68@36.53 ADBEx68@36.53 
Purchases: ABCDx68@36.53 ABACx68@36.53 ACCOx68@36.53 ACADx68@36.53 ADBEx68@36.53 

2010-11-15
Cash: 2.89
Held: ABCDx68@35.81 ABACx68@35.81 ACCOx68@35.81 ACADx68@35.81 ADBEx68@35.81 
Value: 12179.14
Sales: ABCDx68@35.81 ABACx68@35.81 ACCOx68@35.81 ACADx68@35.81 ADBEx68@35.81 
Purchases: ABCDx68@35.81 ABACx68@35.81 ACCOx68@35.81 ACADx68@35.81 ADBEx68@35.81 

2010-11-16
Cash: 2.89
Held: ABCDx68@35.00 ABACx68@35.00 ACCOx68@35.00 ACADx68@35.00 ADBEx68@35.00 
Value: 11902.89
Sales: ABCDx68@35.00 ABACx68@35.00 ACCOx68@35.00 ACADx68@35.00 ADBEx68@35.00 
Purchases: ABCDx68@35.00 ABACx68@35.00 ACCOx68@35.00 ACADx68@35.00 ADBEx68@35.00 

2010-11-17
Cash: 2.89
Held: ABCDx68@35.62 ABACx68@35.62 ACCOx68@35.62 ACADx68@35.62 ADBEx68@35.62 
Value: 12115.39
Sales: ABCDx68@35.62 ABACx68@35.62 ACCOx68@35.62 ACADx68@35.62 ADBEx68@35.62 
Purchases: ABCDx68@35.62 ABACx68@35.62 ACCOx68@35.62 ACADx68@35.62 ADBEx68@35.62 

2010-11-18
Cash: 2.89
Held: ABCDx68@36.16 ABACx68@36.16 ACCOx68@36.16 ACADx68@36.16 ADBEx68@36.16 
Value: 12296.02
Sales: ABCDx68@36.16 ABACx68@36.16 ACCOx68@36.16 ACADx68@36.16 ADBEx68@36.16 
Purchases: ABCDx68@36.16 ABACx68@36.16 ACCOx68@36.16 ACADx68@36.16 ADBEx68@36.16 

2010-11-21
Cash: 2.89
Held: ABCDx68@36.16 ABACx68@36.16 ACCOx68@36.16 ACADx68@36.16 ADBEx68@36.16 
Value: 12296.02
Sales: ABCDx68@36.16 ABACx68@36.16 ACCOx68@36.16 ACADx68@36.16 ADBEx68@36.16 
Purchases: ABCDx68@36.16 ABACx68@36.16 ACCOx68@36.16 ACADx68@36.16 ADBEx68@36.16 

2010-11-22
Cash: 2.89
Held: ABCDx68@35.88 ABACx68@35.88 ACCOx68@35.88 ACADx68@35.88 ADBEx68@35.88 
Value: 12200.39
Sales: ABCDx68@35.88 ABACx68@35.88 ACCOx68@35.88 ACADx68@35.88 ADBEx68@35.88 
Purchases: ABCDx68@35.88 ABACx68@35.88 ACCOx68@35.88 ACADx68@35.88 ADBEx68@35.88 

2010-11-23
Cash: 2.89
Held: ABCDx68@35.62 ABACx68@35.62 ACCOx68@35.62 ACADx68@35.62 ADBEx68@35.62 
Value: 12115.39
Sales: ABCDx68@35.62 ABACx68@35.62 ACCOx68@35.62 ACADx68@35.62 ADBEx68@35.62 
Purchases: ABCDx68@35.62 ABACx68@35.62 ACCOx68@35.62 ACADx68@35.62 ADBEx68@35.62 

2010-11-25
Cash: 2.89
Held: ABCDx68@35.97 ABACx68@35.97 ACCOx68@35.97 ACADx68@35.97 ADBEx68@35.97 
Value: 12232.27
Sales: ABCDx68@35.97 ABACx68@35.97 ACCOx68@35.97 ACADx68@35.97 ADBEx68@35.97 
Purchases: ABCDx68@35.97 ABACx68@35.97 ACCOx68@35.97 ACADx68@35.97 ADBEx68@35.97 

2010-11-28
Cash: 2.89
Held: ABCDx68@35.94 ABACx68@35.94 ACCOx68@35.94 ACADx68@35.94 ADBEx68@35.94 
Value: 12221.64
Sales: ABCDx68@35.94 ABACx68@35.94 ACCOx68@35.94 ACADx68@35.94 ADBEx68@35.94 
Purchases: ABCDx68@35.94 ABACx68@35.94 ACCOx68@35.94 ACADx68@35.94 ADBEx68@35.94 

2010-11-29
Cash: 2.89
Held: ABCDx68@35.22 ABACx68@35.22 ACCOx68@35.22 ACADx68@35.22 ADBEx68@35.22 
Value: 11977.27
Sales: ABCDx68@35.22 ABACx68@35.22 ACCOx68@35.22 ACADx68@35.22 ADBEx68@35.22 
Purchases: ABCDx68@35.22 ABACx68@35.22 ACCOx68@35.22 ACADx68@35.22 ADBEx68@35.22 

2010-11-30
Cash: 2.89
Held: ABCDx68@35.66 ABACx68@35.66 ACCOx68@35.66 ACADx68@35.66 ADBEx68@35.66 
Value: 12126.02
Sales: ABCDx68@35.66 ABACx68@35.66 ACCOx68@35.66 ACADx68@35.66 ADBEx68@35.66 
Purchases: ABCDx68@35.66 ABACx68@35.66 ACCOx68@35.66 ACADx68@35.66 ADBEx68@35.66 

2010-12-01
Cash: 2.89
Held: ABCDx68@35.97 ABACx68@35.97 ACCOx68@35.97 ACADx68@35.97 ADBEx68@35.97 
Value: 12232.27
Sales: ABCDx68@35.97 ABACx68@35.97 ACCOx68@35.97 ACADx68@35.97 ADBEx68@35.97 
Purchases: ABCDx68@35.97 ABACx68@35.97 ACCOx68@35.97 ACADx68@35.97 ADBEx68@35.97 

2010-12-02
Cash: 2.89
Held: ABCDx68@36.50 ABACx68@36.50 ACCOx68@36.50 ACADx68@36.50 ADBEx68@36.50 
Value: 12412.89
Sales: ABCDx68@36.50 ABACx68@36.50 ACCOx68@36.50 ACADx68@36.50 ADBEx68@36.50 
Purchases: ABCDx68@36.50 ABACx68@36.50 ACCOx68@36.50 ACADx68@36.50 ADBEx68@36.50 

2010-12-05
Cash: 2.89
Held: ABCDx68@37.31 ABACx68@37.31 ACCOx68@37.31 ACADx68@37.31 ADBEx68@37.31 
Value: 12689.14
Sales: ABCDx68@37.31 ABACx68@37.31 ACCOx68@37.31 ACADx68@37.31 ADBEx68@37.31 
Purchases: ABCDx68@37.31 ABACx68@37.31 ACCOx68@37.31 ACADx68@37.31 ADBEx68@37.31 

2010-12-06
Cash: 2.89
Held: ABCDx68@37.59 ABACx68@37.59 ACCOx68@37.59 ACADx68@37.59 ADBEx68@37.59 
Value: 12784.77
Sales: ABCDx68@37.59 ABACx68@37.59 ACCOx68@37.59 ACADx68@37.59 ADBEx68@37.59 
Purchases: ABCDx68@37.59 ABACx68@37.59 ACCOx68@37.59 ACADx68@37.59 ADBEx68@37.59 

2010-12-07
Cash: 2.89
Held: ABCDx68@37.59 ABACx68@37.59 ACCOx68@37.59 ACADx68@37.59 ADBEx68@37.59 
Value: 12784.77
Sales: ABCDx68@37.59 ABACx68@37.59 ACCOx68@37.59 ACADx68@37.59 ADBEx68@37.59 
Purchases: ABCDx68@37.59 ABACx68@37.59 ACCOx68@37.59 ACADx68@37.59 ADBEx68@37.59 

2010-12-08
Cash: 2.89
Held: ABCDx68@37.84 ABACx68@37.84 ACCOx68@37.84 ACADx68@37.84 ADBEx68@37.84 
Value: 12869.77
Sales: ABCDx68@37.84 ABACx68@37.84 ACCOx68@37.84 ACADx68@37.84 ADBEx68@37.84 
Purchases: ABCDx68@37.84 ABACx68@37.84 ACCOx68@37.84 ACADx68@37.84 ADBEx68@37.84 

2010-12-09
Cash: 2.89
Held: ABCDx68@38.00 ABACx68@38.00 ACCOx68@38.00 ACADx68@38.00 ADBEx68@38.00 
Value: 12922.89
Sales: ABCDx68@38.00 ABACx68@38.00 ACCOx68@38.00 ACADx68@38.00 ADBEx68@38.00 
Purchases: ABCDx68@38.00 ABACx68@38.00 ACCOx68@38.00 ACADx68@38.00 ADBEx68@38.00 

2010-12-12
Cash: 2.89
Held: ABCDx68@38.53 ABACx68@38.53 ACCOx68@38.53 ACADx68@38.53 ADBEx68@38.53 
Value: 13103.52
Sales: ABCDx68@38.53 ABACx68@38.53 ACCOx68@38.53 ACADx68@38.53 ADBEx68@38.53 
Purchases: ABCDx68@38.53 ABACx68@38.53 ACCOx68@38.53 ACADx68@38.53 ADBEx68@38.53 

2010-12-13
Cash: 2.89
Held: ABCDx68@38.81 ABACx68@38.81 ACCOx68@38.81 ACADx68@38.81 ADBEx68@38.81 
Value: 13199.14
Sales: ABCDx68@38.81 ABACx68@38.81 ACCOx68@38.81 ACADx68@38.81 ADBEx68@38.81 
Purchases: ABCDx68@38.81 ABACx68@38.81 ACCOx68@38.81 ACADx68@38.81 ADBEx68@38.81 

2010-12-14
Cash: 2.89
Held: ABCDx68@39.00 ABACx68@39.00 ACCOx68@39.00 ACADx68@39.00 ADBEx68@39.00 
Value: 13262.89
Sales: ABCDx68@39.00 ABACx68@39.00 ACCOx68@39.00 ACADx68@39.00 ADBEx68@39.00 
Purchases: ABCDx68@39.00 ABACx68@39.00 ACCOx68@39.00 ACADx68@39.00 ADBEx68@39.00 

2010-12-15
Cash: 2.89
Held: ABCDx68@38.62 ABACx68@38.62 ACCOx68@38.62 ACADx68@38.62 ADBEx68@38.62 
Value: 13135.39
Sales: ABCDx68@38.62 ABACx68@38.62 ACCOx68@38.62 ACADx68@38.62 ADBEx68@38.62 
Purchases: ABCDx68@38.62 ABACx68@38.62 ACCOx68@38.62 ACADx68@38.62 ADBEx68@38.62 

2010-12-16
Cash: 2.89
Held: ABCDx68@39.75 ABACx68@39.75 ACCOx68@39.75 ACADx68@39.75 ADBEx68@39.75 
Value: 13517.89
Sales: ABCDx68@39.75 ABACx68@39.75 ACCOx68@39.75 ACADx68@39.75 ADBEx68@39.75 
Purchases: ABCDx68@39.75 ABACx68@39.75 ACCOx68@39.75 ACADx68@39.75 ADBEx68@39.75 

2010-12-19
Cash: 2.89
Held: ABCDx68@40.09 ABACx68@40.09 ACCOx68@40.09 ACADx68@40.09 ADBEx68@40.09 
Value: 13634.77
Sales: ABCDx68@40.09 ABACx68@40.09 ACCOx68@40.09 ACADx68@40.09 ADBEx68@40.09 
Purchases: ABCDx68@40.09 ABACx68@40.09 ACCOx68@40.09 ACADx68@40.09 ADBEx68@40.09 

2010-12-20
Cash: 2.89
Held: ABCDx68@40.66 ABACx68@40.66 ACCOx68@40.66 ACADx68@40.66 ADBEx68@40.66 
Value: 13826.02
Sales: ABCDx68@40.66 ABACx68@40.66 ACCOx68@40.66 ACADx68@40.66 ADBEx68@40.66 
Purchases: ABCDx68@40.66 ABACx68@40.66 ACCOx68@40.66 ACADx68@40.66 ADBEx68@40.66 

2010-12-21
Cash: 2.89
Held: ABCDx68@40.66 ABACx68@40.66 ACCOx68@40.66 ACADx68@40.66 ADBEx68@40.66 
Value: 13826.02
Sales: ABCDx68@40.66 ABACx68@40.66 ACCOx68@40.66 ACADx68@40.66 ADBEx68@40.66 
Purchases: ABCDx68@40.66 ABACx68@40.66 ACCOx68@40.66 ACADx68@40.66 ADBEx68@40.66 

2010-12-22
Cash: 2.89
Held: ABCDx68@40.91 ABACx68@40.91 ACCOx68@40.91 ACADx68@40.91 ADBEx68@40.91 
Value: 13911.02
Sales: ABCDx68@40.91 ABACx68@40.91 ACCOx68@40.91 ACADx68@40.91 ADBEx68@40.91 
Purchases: ABCDx68@40.91 ABACx68@40.91 ACCOx68@40.91 ACADx68@40.91 ADBEx68@40.91 

2010-12-26
Cash: 2.89
Held: ABCDx68@40.88 ABACx68@40.88 ACCOx68@40.88 ACADx68@40.88 ADBEx68@40.88 
Value: 13900.39
Sales: ABCDx68@40.88 ABACx68@40.88 ACCOx68@40.88 ACADx68@40.88 ADBEx68@40.88 
Purchases: ABCDx68@40.88 ABACx68@40.88 ACCOx68@40.88 ACADx68@40.88 ADBEx68@40.88 

2010-12-27
Cash: 2.89
Held: ABCDx68@41.94 ABACx68@41.94 ACCOx68@41.94 ACADx68@41.94 ADBEx68@41.94 
Value: 14261.64
Sales: ABCDx68@41.94 ABACx68@41.94 ACCOx68@41.94 ACADx68@41.94 ADBEx68@41.94 
Purchases: ABCDx68@41.94 ABACx68@41.94 ACCOx68@41.94 ACADx68@41.94 ADBEx68@41.94 

2010-12-28
Cash: 2.89
Held: ABCDx68@41.53 ABACx68@41.53 ACCOx68@41.53 ACADx68@41.53 ADBEx68@41.53 
Value: 14123.52
Sales: ABCDx68@41.53 ABACx68@41.53 ACCOx68@41.53 ACADx68@41.53 ADBEx68@41.53 
Purchases: ABCDx68@41.53 ABACx68@41.53 ACCOx68@41.53 ACADx68@41.53 ADBEx68@41.53 

2010-12-29
Cash: 2.89
Held: ABCDx68@41.62 ABACx68@41.62 ACCOx68@41.62 ACADx68@41.62 ADBEx68@41.62 
Value: 14155.39
Sales: ABCDx68@41.62 ABACx68@41.62 ACCOx68@41.62 ACADx68@41.62 ADBEx68@41.62 
Purchases: ABCDx68@41.62 ABACx68@41.62 ACCOx68@41.62 ACADx68@41.62 ADBEx68@41.62 

2010-12-30
Cash: 2.89
Held: ABCDx68@41.44 ABACx68@41.44 ACCOx68@41.44 ACADx68@41.44 ADBEx68@41.44 
Value: 14091.64
Sales: ABCDx68@41.44 ABACx68@41.44 ACCOx68@41.44 ACADx68@41.44 ADBEx68@41.44 
Purchases: ABCDx68@41.44 ABACx68@41.44 ACCOx68@41.44 ACADx68@41.44 ADBEx68@41.44 

2011-01-02
Cash: 2.89
Held: ABCDx68@41.56 ABACx68@41.56 ACCOx68@41.56 ACADx68@41.56 ADBEx68@41.56 
Value: 14134.14
Sales: ABCDx68@41.56 ABACx68@41.56 ACCOx68@41.56 ACADx68@41.56 ADBEx68@41.56 
Purchases: ABCDx68@41.56 ABACx68@41.56 ACCOx68@41.56 ACADx68@41.56 ADBEx68@41.56 

2011-01-03
Cash: 2.89
Held: ABCDx68@42.00 ABACx68@42.00 ACCOx68@42.00 ACADx68@42.00 ADBEx68@42.00 
Value: 14282.89
Sales: ABCDx68@42.00 ABACx68@42.00 ACCOx68@42.00 ACADx68@42.00 ADBEx68@42.00 
Purchases: ABCDx68@42.00 ABACx68@42.00 ACCOx68@42.00 ACADx68@42.00 ADBEx68@42.00 

2011-01-04
Cash: 2.89
Held: ABCDx68@41.25 ABACx68@41.25 ACCOx68@41.25 ACADx68@41.25 ADBEx68@41.25 
Value: 14027.89
Sales: ABCDx68@41.25 ABACx68@41.25 ACCOx68@41.25 ACADx68@41.25 ADBEx68@41.25 
Purchases: ABCDx68@41.25 ABACx68@41.25 ACCOx68@41.25 ACADx68@41.25 ADBEx68@41.25 

2011-01-05
Cash: 2.89
Held: ABCDx68@41.38 ABACx68@41.38 ACCOx68@41.38 ACADx68@41.38 ADBEx68@41.38 
Value: 14070.39
Sales: ABCDx68@41.38 ABACx68@41.38 ACCOx68@41.38 ACADx68@41.38 ADBEx68@41.38 
Purchases: ABCDx68@41.38 ABACx68@41.38 ACCOx68@41.38 ACADx68@41.38 ADBEx68@41.38 

2011-01-06
Cash: 2.89
Held: ABCDx68@41.53 ABACx68@41.53 ACCOx68@41.53 ACADx68@41.53 ADBEx68@41.53 
Value: 14123.52
Sales: ABCDx68@41.53 ABACx68@41.53 ACCOx68@41.53 ACADx68@41.53 ADBEx68@41.53 
Purchases: ABCDx68@41.53 ABACx68@41.53 ACCOx68@41.53 ACADx68@41.53 ADBEx68@41.53 

2011-01-09
Cash: 2.89
Held: ABCDx68@41.41 ABACx68@41.41 ACCOx68@41.41 ACADx68@41.41 ADBEx68@41.41 
Value: 14081.02
Sales: ABCDx68@41.41 ABACx68@41.41 ACCOx68@41.41 ACADx68@41.41 ADBEx68@41.41 
Purchases: ABCDx68@41.41 ABACx68@41.41 ACCOx68@41.41 ACADx68@41.41 ADBEx68@41.41 

2011-01-10
Cash: 2.89
Held: ABCDx68@42.53 ABACx68@42.53 ACCOx68@42.53 ACADx68@42.53 ADBEx68@42.53 
Value: 14463.52
Sales: ABCDx68@42.53 ABACx68@42.53 ACCOx68@42.53 ACADx68@42.53 ADBEx68@42.53 
Purchases: ABCDx68@42.53 ABACx68@42.53 ACCOx68@42.53 ACADx68@42.53 ADBEx68@42.53 

2011-01-11
Cash: 2.89
Held: ABCDx68@43.19 ABACx68@43.19 ACCOx68@43.19 ACADx68@43.19 ADBEx68@43.19 
Value: 14686.64
Sales: ABCDx68@43.19 ABACx68@43.19 ACCOx68@43.19 ACADx68@43.19 ADBEx68@43.19 
Purchases: ABCDx68@43.19 ABACx68@43.19 ACCOx68@43.19 ACADx68@43.19 ADBEx68@43.19 

2011-01-12
Cash: 2.89
Held: ABCDx68@42.88 ABACx68@42.88 ACCOx68@42.88 ACADx68@42.88 ADBEx68@42.88 
Value: 14580.39
Sales: ABCDx68@42.88 ABACx68@42.88 ACCOx68@42.88 ACADx68@42.88 ADBEx68@42.88 
Purchases: ABCDx68@42.88 ABACx68@42.88 ACCOx68@42.88 ACADx68@42.88 ADBEx68@42.88 

2011-01-13
Cash: 2.89
Held: ABCDx68@42.78 ABACx68@42.78 ACCOx68@42.78 ACADx68@42.78 ADBEx68@42.78 
Value: 14548.52
Sales: ABCDx68@42.78 ABACx68@42.78 ACCOx68@42.78 ACADx68@42.78 ADBEx68@42.78 
Purchases: ABCDx68@42.78 ABACx68@42.78 ACCOx68@42.78 ACADx68@42.78 ADBEx68@42.78 

2011-01-17
Cash: 2.89
Held: ABCDx68@43.38 ABACx68@43.38 ACCOx68@43.38 ACADx68@43.38 ADBEx68@43.38 
Value: 14750.39
Sales: ABCDx68@43.38 ABACx68@43.38 ACCOx68@43.38 ACADx68@43.38 ADBEx68@43.38 
Purchases: ABCDx68@43.38 ABACx68@43.38 ACCOx68@43.38 ACADx68@43.38 ADBEx68@43.38 

2011-01-18
Cash: 2.89
Held: ABCDx68@44.22 ABACx68@44.22 ACCOx68@44.22 ACADx68@44.22 ADBEx68@44.22 
Value: 15037.27
Sales: ABCDx68@44.22 ABACx68@44.22 ACCOx68@44.22 ACADx68@44.22 ADBEx68@44.22 
Purchases: ABCDx68@44.22 ABACx68@44.22 ACCOx68@44.22 ACADx68@44.22 ADBEx68@44.22 

