2010-06-15
Cash: 10000.00
Held: 
Value: 10000.00
Sales: 
Purchases: ABCDx62@31.98 ABACx62@31.98 ACCOx62@31.98 ACADx62@31.98 ADBEx62@31.98 

2010-06-16
Cash: 84.84
Held: ABCDx62@32.81 ABACx62@32.81 ACCOx62@32.81 ACADx62@32.81 ADBEx62@32.81 
Value: 10256.72
Sales: ABCDx62@32.81 ABACx62@32.81 ACCOx62@32.81 ACADx62@32.81 ADBEx62@32.81 
Purchases: ABCDx62@32.81 ABACx62@32.81 ACCOx62@32.81 ACADx62@32.81 ADBEx62@32.81 

2010-06-17
Cash: 84.84
Held: ABCDx62@32.56 ABACx62@32.56 ACCOx62@32.56 ACADx62@32.56 ADBEx62@32.56 
Value: 10179.22
Sales: ABCDx62@32.56 ABACx62@32.56 ACCOx62@32.56 ACADx62@32.56 ADBEx62@32.56 
Purchases: ABCDx62@32.56 ABACx62@32.56 ACCOx62@32.56 ACADx62@32.56 ADBEx62@32.56 

2010-06-20
Cash: 84.84
Held: ABCDx62@33.06 ABACx62@33.06 ACCOx62@33.06 ACADx62@33.06 ADBEx62@33.06 
Value: 10334.22
Sales: ABCDx62@33.06 ABACx62@33.06 ACCOx62@33.06 ACADx62@33.06 ADBEx62@33.06 
Purchases: ABCDx62@33.06 ABACx62@33.06 ACCOx62@33.06 ACADx62@33.06 ADBEx62@33.06 

2010-06-21
Cash: 84.84
Held: ABCDx62@32.41 ABACx62@32.41 ACCOx62@32.41 ACADx62@32.41 ADBEx62@32.41 
Value: 10130.78
Sales: ABCDx62@32.41 ABACx62@32.41 ACCOx62@32.41 ACADx62@32.41 ADBEx62@32.41 
Purchases: ABCDx62@32.41 ABACx62@32.41 ACCOx62@32.41 ACADx62@32.41 ADBEx62@32.41 

2010-06-22
Cash: 84.84
Held: ABCDx62@32.09 ABACx62@32.09 ACCOx62@32.09 ACADx62@32.09 ADBEx62@32.09 
Value: 10033.91
Sales: ABCDx62@32.09 ABACx62@32.09 ACCOx62@32.09 ACADx62@32.09 ADBEx62@32.09 
Purchases: ABCDx62@32.09 ABACx62@32.09 ACCOx62@32.09 ACADx62@32.09 ADBEx62@32.09 

2010-06-23
Cash: 84.84
Held: ABCDx62@31.73 ABACx62@31.73 ACCOx62@31.73 ACADx62@31.73 ADBEx62@31.73 
Value: 9922.50
Sales: ABCDx62@31.73 ABACx62@31.73 ACCOx62@31.73 ACADx62@31.73 ADBEx62@31.73 
Purchases: ABCDx62@31.73 ABACx62@31.73 ACCOx62@31.73 ACADx62@31.73 ADBEx62@31.73 

2010-06-24
Cash: 84.84
Held: ABCDx62@30.92 ABACx62@30.92 ACCOx62@30.92 ACADx62@30.92 ADBEx62@30.92 
Value: 9670.62
Sales: ABCDx62@30.92 ABACx62@30.92 ACCOx62@30.92 ACADx62@30.92 ADBEx62@30.92 
Purchases: ABCDx62@30.92 ABACx62@30.92 ACCOx62@30.92 ACADx62@30.92 ADBEx62@30.92 

2010-06-27
Cash: 84.84
Held: ABCDx62@30.62 ABACx62@30.62 ACCOx62@30.62 ACADx62@30.62 ADBEx62@30.62 
Value: 9578.59
Sales: ABCDx62@30.62 ABACx62@30.62 ACCOx62@30.62 ACADx62@30.62 ADBEx62@30.62 
Purchases: ABCDx62@30.62 ABACx62@30.62 ACCOx62@30.62 ACADx62@30.62 ADBEx62@30.62 

2010-06-28
Cash: 84.84
Held: ABCDx62@30.03 ABACx62@30.03 ACCOx62@30.03 ACADx62@30.03 ADBEx62@30.03 
Value: 9394.53
Sales: ABCDx62@30.03 ABACx62@30.03 ACCOx62@30.03 ACADx62@30.03 ADBEx62@30.03 
Purchases: ABCDx62@30.03 ABACx62@30.03 ACCOx62@30.03 ACADx62@30.03 ADBEx62@30.03 

2010-06-29
Cash: 84.84
Held: ABCDx62@29.16 ABACx62@29.16 ACCOx62@29.16 ACADx62@29.16 ADBEx62@29.16 
Value: 9123.28
Sales: ABCDx62@29.16 ABACx62@29.16 ACCOx62@29.16 ACADx62@29.16 ADBEx62@29.16 
Purchases: ABCDx62@29.16 ABACx62@29.16 ACCOx62@29.16 ACADx62@29.16 ADBEx62@29.16 

2010-06-30
Cash: 84.84
Held: ABCDx62@28.50 ABACx62@28.50 ACCOx62@28.50 ACADx62@28.50 ADBEx62@28.50 
Value: 8919.84
Sales: ABCDx62@28.50 ABACx62@28.50 ACCOx62@28.50 ACADx62@28.50 ADBEx62@28.50 
Purchases: ABCDx62@28.50 ABACx62@28.50 ACCOx62@28.50 ACADx62@28.50 ADBEx62@28.50 

2010-07-01
Cash: 84.84
Held: ABCDx62@28.36 ABACx62@28.36 ACCOx62@28.36 ACADx62@28.36 ADBEx62@28.36 
Value: 8876.25
Sales: ABCDx62@28.36 ABACx62@28.36 ACCOx62@28.36 ACADx62@28.36 ADBEx62@28.36 
Purchases: ABCDx62@28.36 ABACx62@28.36 ACCOx62@28.36 ACADx62@28.36 ADBEx62@28.36 

2010-07-05
Cash: 84.84
Held: ABCDx62@28.34 ABACx62@28.34 ACCOx62@28.34 ACADx62@28.34 ADBEx62@28.34 
Value: 8871.41
Sales: ABCDx62@28.34 ABACx62@28.34 ACCOx62@28.34 ACADx62@28.34 ADBEx62@28.34 
Purchases: ABCDx62@28.34 ABACx62@28.34 ACCOx62@28.34 ACADx62@28.34 ADBEx62@28.34 

2010-07-06
Cash: 84.84
Held: ABCDx62@27.80 ABACx62@27.80 ACCOx62@27.80 ACADx62@27.80 ADBEx62@27.80 
Value: 8701.88
Sales: ABCDx62@27.80 ABACx62@27.80 ACCOx62@27.80 ACADx62@27.80 ADBEx62@27.80 
Purchases: ABCDx62@27.80 ABACx62@27.80 ACCOx62@27.80 ACADx62@27.80 ADBEx62@27.80 

2010-07-07
Cash: 84.84
Held: ABCDx62@28.77 ABACx62@28.77 ACCOx62@28.77 ACADx62@28.77 ADBEx62@28.77 
Value: 9002.19
Sales: ABCDx62@28.77 ABACx62@28.77 ACCOx62@28.77 ACADx62@28.77 ADBEx62@28.77 
Purchases: ABCDx62@28.77 ABACx62@28.77 ACCOx62@28.77 ACADx62@28.77 ADBEx62@28.77 

2010-07-08
Cash: 84.84
Held: ABCDx62@28.88 ABACx62@28.88 ACCOx62@28.88 ACADx62@28.88 ADBEx62@28.88 
Value: 9036.09
Sales: ABCDx62@28.88 ABACx62@28.88 ACCOx62@28.88 ACADx62@28.88 ADBEx62@28.88 
Purchases: ABCDx62@28.88 ABACx62@28.88 ACCOx62@28.88 ACADx62@28.88 ADBEx62@28.88 

2010-07-11
Cash: 84.84
Held: ABCDx62@28.52 ABACx62@28.52 ACCOx62@28.52 ACADx62@28.52 ADBEx62@28.52 
Value: 8924.69
Sales: ABCDx62@28.52 ABACx62@28.52 ACCOx62@28.52 ACADx62@28.52 ADBEx62@28.52 
Purchases: ABCDx62@28.52 ABACx62@28.52 ACCOx62@28.52 ACADx62@28.52 ADBEx62@28.52 

2010-07-12
Cash: 84.84
Held: ABCDx62@28.47 ABACx62@28.47 ACCOx62@28.47 ACADx62@28.47 ADBEx62@28.47 
Value: 8910.16
Sales: ABCDx62@28.47 ABACx62@28.47 ACCOx62@28.47 ACADx62@28.47 ADBEx62@28.47 
Purchases: ABCDx62@28.47 ABACx62@28.47 ACCOx62@28.47 ACADx62@28.47 ADBEx62@28.47 

2010-07-13
Cash: 84.84
Held: ABCDx62@28.62 ABACx62@28.62 ACCOx62@28.62 ACADx62@28.62 ADBEx62@28.62 
Value: 8958.59
Sales: ABCDx62@28.62 ABACx62@28.62 ACCOx62@28.62 ACADx62@28.62 ADBEx62@28.62 
Purchases: ABCDx62@28.62 ABACx62@28.62 ACCOx62@28.62 ACADx62@28.62 ADBEx62@28.62 

2010-07-14
Cash: 84.84
Held: ABCDx62@28.62 ABACx62@28.62 ACCOx62@28.62 ACADx62@28.62 ADBEx62@28.62 
Value: 8958.59
Sales: ABCDx62@28.62 ABACx62@28.62 ACCOx62@28.62 ACADx62@28.62 ADBEx62@28.62 
Purchases: ABCDx62@28.62 ABACx62@28.62 ACCOx62@28.62 ACADx62@28.62 ADBEx62@28.62 

2010-07-15
Cash: 84.84
Held: ABCDx62@28.20 ABACx62@28.20 ACCOx62@28.20 ACADx62@28.20 ADBEx62@28.20 
Value: 8827.81
Sales: ABCDx62@28.20 ABACx62@28.20 ACCOx62@28.20 ACADx62@28.20 ADBEx62@28.20 
Purchases: ABCDx62@28.20 ABACx62@28.20 ACCOx62@28.20 ACADx62@28.20 ADBEx62@28.20 

2010-07-18
Cash: 84.84
Held: ABCDx62@27.30 ABACx62@27.30 ACCOx62@27.30 ACADx62@27.30 ADBEx62@27.30 
Value: 8546.88
Sales: ABCDx62@27.30 ABACx62@27.30 ACCOx62@27.30 ACADx62@27.30 ADBEx62@27.30 
Purchases: ABCDx62@27.30 ABACx62@27.30 ACCOx62@27.30 ACADx62@27.30 ADBEx62@27.30 

2010-07-19
Cash: 84.84
Held: ABCDx62@27.03 ABACx62@27.03 ACCOx62@27.03 ACADx62@27.03 ADBEx62@27.03 
Value: 8464.53
Sales: ABCDx62@27.03 ABACx62@27.03 ACCOx62@27.03 ACADx62@27.03 ADBEx62@27.03 
Purchases: ABCDx62@27.03 ABACx62@27.03 ACCOx62@27.03 ACADx62@27.03 ADBEx62@27.03 

2010-07-20
Cash: 84.84
Held: ABCDx62@27.69 ABACx62@27.69 ACCOx62@27.69 ACADx62@27.69 ADBEx62@27.69 
Value: 8667.97
Sales: ABCDx62@27.69 ABACx62@27.69 ACCOx62@27.69 ACADx62@27.69 ADBEx62@27.69 
Purchases: ABCDx62@27.69 ABACx62@27.69 ACCOx62@27.69 ACADx62@27.69 ADBEx62@27.69 

2010-07-21
Cash: 84.84
Held: ABCDx62@27.95 ABACx62@27.95 ACCOx62@27.95 ACADx62@27.95 ADBEx62@27.95 
Value: 8750.31
Sales: ABCDx62@27.95 ABACx62@27.95 ACCOx62@27.95 ACADx62@27.95 ADBEx62@27.95 
Purchases: ABCDx62@27.95 ABACx62@27.95 ACCOx62@27.95 ACADx62@27.95 ADBEx62@27.95 

2010-07-22
Cash: 84.84
Held: ABCDx62@28.56 ABACx62@28.56 ACCOx62@28.56 ACADx62@28.56 ADBEx62@28.56 
Value: 8939.22
Sales: ABCDx62@28.56 ABACx62@28.56 ACCOx62@28.56 ACADx62@28.56 ADBEx62@28.56 
Purchases: ABCDx62@28.56 ABACx62@28.56 ACCOx62@28.56 ACADx62@28.56 ADBEx62@28.56 

2010-07-25
Cash: 84.84
Held: ABCDx62@29.22 ABACx62@29.22 ACCOx62@29.22 ACADx62@29.22 ADBEx62@29.22 
Value: 9142.66
Sales: ABCDx62@29.22 ABACx62@29.22 ACCOx62@29.22 ACADx62@29.22 ADBEx62@29.22 
Purchases: ABCDx62@29.22 ABACx62@29.22 ACCOx62@29.22 ACADx62@29.22 ADBEx62@29.22 

2010-07-26
Cash: 84.84
Held: ABCDx62@29.73 ABACx62@29.73 ACCOx62@29.73 ACADx62@29.73 ADBEx62@29.73 
Value: 9302.50
Sales: ABCDx62@29.73 ABACx62@29.73 ACCOx62@29.73 ACADx62@29.73 ADBEx62@29.73 
Purchases: ABCDx62@29.73 ABACx62@29.73 ACCOx62@29.73 ACADx62@29.73 ADBEx62@29.73 

2010-07-27
Cash: 84.84
Held: ABCDx62@28.80 ABACx62@28.80 ACCOx62@28.80 ACADx62@28.80 ADBEx62@28.80 
Value: 9011.88
Sales: ABCDx62@28.80 ABACx62@28.80 ACCOx62@28.80 ACADx62@28.80 ADBEx62@28.80 
Purchases: ABCDx62@28.80 ABACx62@28.80 ACCOx62@28.80 ACADx62@28.80 ADBEx62@28.80 

2010-07-28
Cash: 84.84
Held: ABCDx62@28.97 ABACx62@28.97 ACCOx62@28.97 ACADx62@28.97 ADBEx62@28.97 
Value: 9065.16
Sales: ABCDx62@28.97 ABACx62@28.97 ACCOx62@28.97 ACADx62@28.97 ADBEx62@28.97 
Purchases: ABCDx62@28.97 ABACx62@28.97 ACCOx62@28.97 ACADx62@28.97 ADBEx62@28.97 

2010-07-29
Cash: 84.84
Held: ABCDx62@27.78 ABACx62@27.78 ACCOx62@27.78 ACADx62@27.78 ADBEx62@27.78 
Value: 8697.03
Sales: ABCDx62@27.78 ABACx62@27.78 ACCOx62@27.78 ACADx62@27.78 ADBEx62@27.78 
Purchases: ABCDx62@27.78 ABACx62@27.78 ACCOx62@27.78 ACADx62@27.78 ADBEx62@27.78 

2010-08-01
Cash: 84.84
Held: ABCDx62@28.34 ABACx62@28.34 ACCOx62@28.34 ACADx62@28.34 ADBEx62@28.34 
Value: 8871.41
Sales: ABCDx62@28.34 ABACx62@28.34 ACCOx62@28.34 ACADx62@28.34 ADBEx62@28.34 
Purchases: ABCDx62@28.34 ABACx62@28.34 ACCOx62@28.34 ACADx62@28.34 ADBEx62@28.34 

2010-08-02
Cash: 84.84
Held: ABCDx62@28.61 ABACx62@28.61 ACCOx62@28.61 ACADx62@28.61 ADBEx62@28.61 
Value: 8953.75
Sales: ABCDx62@28.61 ABACx62@28.61 ACCOx62@28.61 ACADx62@28.61 ADBEx62@28.61 
Purchases: ABCDx62@28.61 ABACx62@28.61 ACCOx62@28.61 ACADx62@28.61 ADBEx62@28.61 

2010-08-03
Cash: 84.84
Held: ABCDx62@27.86 ABACx62@27.86 ACCOx62@27.86 ACADx62@27.86 ADBEx62@27.86 
Value: 8721.25
Sales: ABCDx62@27.86 ABACx62@27.86 ACCOx62@27.86 ACADx62@27.86 ADBEx62@27.86 
Purchases: ABCDx62@27.86 ABACx62@27.86 ACCOx62@27.86 ACADx62@27.86 ADBEx62@27.86 

2010-08-04
Cash: 84.84
Held: ABCDx62@28.03 ABACx62@28.03 ACCOx62@28.03 ACADx62@28.03 ADBEx62@28.03 
Value: 8774.53
Sales: ABCDx62@28.03 ABACx62@28.03 ACCOx62@28.03 ACADx62@28.03 ADBEx62@28.03 
Purchases: ABCDx62@28.03 ABACx62@28.03 ACCOx62@28.03 ACADx62@28.03 ADBEx62@28.03 

2010-08-05
Cash: 84.84
Held: ABCDx62@28.19 ABACx62@28.19 ACCOx62@28.19 ACADx62@28.19 ADBEx62@28.19 
Value: 8822.97
Sales: ABCDx62@28.19 ABACx62@28.19 ACCOx62@28.19 ACADx62@28.19 ADBEx62@28.19 
Purchases: ABCDx62@28.19 ABACx62@28.19 ACCOx62@28.19 ACADx62@28.19 ADBEx62@28.19 

2010-08-08
Cash: 84.84
Held: ABCDx62@28.92 ABACx62@28.92 ACCOx62@28.92 ACADx62@28.92 ADBEx62@28.92 
Value: 9050.62
Sales: ABCDx62@28.92 ABACx62@28.92 ACCOx62@28.92 ACADx62@28.92 ADBEx62@28.92 
Purchases: ABCDx62@28.92 ABACx62@28.92 ACCOx62@28.92 ACADx62@28.92 ADBEx62@28.92 

2010-08-09
Cash: 84.84
Held: ABCDx62@29.44 ABACx62@29.44 ACCOx62@29.44 ACADx62@29.44 ADBEx62@29.44 
Value: 9210.47
Sales: ABCDx62@29.44 ABACx62@29.44 ACCOx62@29.44 ACADx62@29.44 ADBEx62@29.44 
Purchases: ABCDx62@29.44 ABACx62@29.44 ACCOx62@29.44 ACADx62@29.44 ADBEx62@29.44 

2010-08-10
Cash: 84.84
Held: ABCDx62@28.86 ABACx62@28.86 ACCOx62@28.86 ACADx62@28.86 ADBEx62@28.86 
Value: 9031.25
Sales: ABCDx62@28.86 ABACx62@28.86 ACCOx62@28.86 ACADx62@28.86 ADBEx62@28.86 
Purchases: ABCDx62@28.86 ABACx62@28.86 ACCOx62@28.86 ACADx62@28.86 ADBEx62@28.86 

2010-08-11
Cash: 84.84
Held: ABCDx62@27.66 ABACx62@27.66 ACCOx62@27.66 ACADx62@27.66 ADBEx62@27.66 
Value: 8658.28
Sales: ABCDx62@27.66 ABACx62@27.66 ACCOx62@27.66 ACADx62@27.66 ADBEx62@27.66 
Purchases: ABCDx62@27.66 ABACx62@27.66 ACCOx62@27.66 ACADx62@27.66 ADBEx62@27.66 

2010-08-12
Cash: 84.84
Held: ABCDx62@27.39 ABACx62@27.39 ACCOx62@27.39 ACADx62@27.39 ADBEx62@27.39 
Value: 8575.94
Sales: ABCDx62@27.39 ABACx62@27.39 ACCOx62@27.39 ACADx62@27.39 ADBEx62@27.39 
Purchases: ABCDx62@27.39 ABACx62@27.39 ACCOx62@27.39 ACADx62@27.39 ADBEx62@27.39 

2010-08-15
Cash: 84.84
Held: ABCDx62@27.11 ABACx62@27.11 ACCOx62@27.11 ACADx62@27.11 ADBEx62@27.11 
Value: 8488.75
Sales: ABCDx62@27.11 ABACx62@27.11 ACCOx62@27.11 ACADx62@27.11 ADBEx62@27.11 
Purchases: ABCDx62@27.11 ABACx62@27.11 ACCOx62@27.11 ACADx62@27.11 ADBEx62@27.11 

2010-08-16
Cash: 84.84
Held: ABCDx62@28.75 ABACx62@28.75 ACCOx62@28.75 ACADx62@28.75 ADBEx62@28.75 
Value: 8997.34
Sales: ABCDx62@28.75 ABACx62@28.75 ACCOx62@28.75 ACADx62@28.75 ADBEx62@28.75 
Purchases: ABCDx62@28.75 ABACx62@28.75 ACCOx62@28.75 ACADx62@28.75 ADBEx62@28.75 

2010-08-17
Cash: 84.84
Held: ABCDx62@29.33 ABACx62@29.33 ACCOx62@29.33 ACADx62@29.33 ADBEx62@29.33 
Value: 9176.56
Sales: ABCDx62@29.33 ABACx62@29.33 ACCOx62@29.33 ACADx62@29.33 ADBEx62@29.33 
Purchases: ABCDx62@29.33 ABACx62@29.33 ACCOx62@29.33 ACADx62@29.33 ADBEx62@29.33 

2010-08-18
Cash: 84.84
Held: ABCDx62@29.25 ABACx62@29.25 ACCOx62@29.25 ACADx62@29.25 ADBEx62@29.25 
Value: 9152.34
Sales: ABCDx62@29.25 ABACx62@29.25 ACCOx62@29.25 ACADx62@29.25 ADBEx62@29.25 
Purchases: ABCDx62@29.25 ABACx62@29.25 ACCOx62@29.25 ACADx62@29.25 ADBEx62@29.25 

2010-08-19
Cash: 84.84
Held: ABCDx62@28.27 ABACx62@28.27 ACCOx62@28.27 ACADx62@28.27 ADBEx62@28.27 
Value: 8847.19
Sales: ABCDx62@28.27 ABACx62@28.27 ACCOx62@28.27 ACADx62@28.27 ADBEx62@28.27 
Purchases: ABCDx62@28.27 ABACx62@28.27 ACCOx62@28.27 ACADx62@28.27 ADBEx62@28.27 

2010-08-22
Cash: 84.84
Held: ABCDx62@28.73 ABACx62@28.73 ACCOx62@28.73 ACADx62@28.73 ADBEx62@28.73 
Value: 8992.50
Sales: ABCDx62@28.73 ABACx62@28.73 ACCOx62@28.73 ACADx62@28.73 ADBEx62@28.73 
Purchases: ABCDx62@28.73 ABACx62@28.73 ACCOx62@28.73 ACADx62@28.73 ADBEx62@28.73 

2010-08-23
Cash: 84.84
Held: ABCDx62@27.52 ABACx62@27.52 ACCOx62@27.52 ACADx62@27.52 ADBEx62@27.52 
Value: 8614.69
Sales: ABCDx62@27.52 ABACx62@27.52 ACCOx62@27.52 ACADx62@27.52 ADBEx62@27.52 
Purchases: ABCDx62@27.52 ABACx62@27.52 ACCOx62@27.52 ACADx62@27.52 ADBEx62@27.52 

2010-08-24
Cash: 84.84
Held: ABCDx62@27.14 ABACx62@27.14 ACCOx62@27.14 ACADx62@27.14 ADBEx62@27.14 
Value: 8498.44
Sales: ABCDx62@27.14 ABACx62@27.14 ACCOx62@27.14 ACADx62@27.14 ADBEx62@27.14 
Purchases: ABCDx62@27.14 ABACx62@27.14 ACCOx62@27.14 ACADx62@27.14 ADBEx62@27.14 

2010-08-25
Cash: 84.84
Held: ABCDx62@27.88 ABACx62@27.88 ACCOx62@27.88 ACADx62@27.88 ADBEx62@27.88 
Value: 8726.09
Sales: ABCDx62@27.88 ABACx62@27.88 ACCOx62@27.88 ACADx62@27.88 ADBEx62@27.88 
Purchases: ABCDx62@27.88 ABACx62@27.88 ACCOx62@27.88 ACADx62@27.88 ADBEx62@27.88 

2010-08-26
Cash: 84.84
Held: ABCDx62@27.69 ABACx62@27.69 ACCOx62@27.69 ACADx62@27.69 ADBEx62@27.69 
Value: 8667.97
Sales: ABCDx62@27.69 ABACx62@27.69 ACCOx62@27.69 ACADx62@27.69 ADBEx62@27.69 
Purchases: ABCDx62@27.69 ABACx62@27.69 ACCOx62@27.69 ACADx62@27.69 ADBEx62@27.69 

2010-08-29
Cash: 84.84
Held: ABCDx62@27.77 ABACx62@27.77 ACCOx62@27.77 ACADx62@27.77 ADBEx62@27.77 
Value: 8692.19
Sales: ABCDx62@27.77 ABACx62@27.77 ACCOx62@27.77 ACADx62@27.77 ADBEx62@27.77 
Purchases: ABCDx62@27.77 ABACx62@27.77 ACCOx62@27.77 ACADx62@27.77 ADBEx62@27.77 

2010-08-30
Cash: 84.84
Held: ABCDx62@27.56 ABACx62@27.56 ACCOx62@27.56 ACADx62@27.56 ADBEx62@27.56 
Value: 8629.22
Sales: ABCDx62@27.56 ABACx62@27.56 ACCOx62@27.56 ACADx62@27.56 ADBEx62@27.56 
Purchases: ABCDx62@27.56 ABACx62@27.56 ACCOx62@27.56 ACADx62@27.56 ADBEx62@27.56 

2010-08-31
Cash: 84.84
Held: ABCDx62@27.45 ABACx62@27.45 ACCOx62@27.45 ACADx62@27.45 ADBEx62@27.45 
Value: 8595.31
Sales: ABCDx62@27.45 ABACx62@27.45 ACCOx62@27.45 ACADx62@27.45 ADBEx62@27.45 
Purchases: ABCDx62@27.45 ABACx62@27.45 ACCOx62@27.45 ACADx62@27.45 ADBEx62@27.45 

2010-09-01
Cash: 84.84
Held: ABCDx62@28.47 ABACx62@28.47 ACCOx62@28.47 ACADx62@28.47 ADBEx62@28.47 
Value: 8910.16
Sales: ABCDx62@28.47 ABACx62@28.47 ACCOx62@28.47 ACADx62@28.47 ADBEx62@28.47 
Purchases: ABCDx62@28.47 ABACx62@28.47 ACCOx62@28.47 ACADx62@28.47 ADBEx62@28.47 

2010-09-02
Cash: 84.84
Held: ABCDx62@29.48 ABACx62@29.48 ACCOx62@29.48 ACADx62@29.48 ADBEx62@29.48 
Value: 9225.00
Sales: ABCDx62@29.48 ABACx62@29.48 ACCOx62@29.48 ACADx62@29.48 ADBEx62@29.48 
Purchases: ABCDx62@29.48 ABACx62@29.48 ACCOx62@29.48 ACADx62@29.48 ADBEx62@29.48 

2010-09-06
Cash: 84.84
Held: ABCDx62@29.69 ABACx62@29.69 ACCOx62@29.69 ACADx62@29.69 ADBEx62@29.69 
Value: 9287.97
Sales: ABCDx62@29.69 ABACx62@29.69 ACCOx62@29.69 ACADx62@29.69 ADBEx62@29.69 
Purchases: ABCDx62@29.69 ABACx62@29.69 ACCOx62@29.69 ACADx62@29.69 ADBEx62@29.69 

2010-09-07
Cash: 84.84
Held: ABCDx62@29.08 ABACx62@29.08 ACCOx62@29.08 ACADx62@29.08 ADBEx62@29.08 
Value: 9099.06
Sales: ABCDx62@29.08 ABACx62@29.08 ACCOx62@29.08 ACADx62@29.08 ADBEx62@29.08 
Purchases: ABCDx62@29.08 ABACx62@29.08 ACCOx62@29.08 ACADx62@29.08 ADBEx62@29.08 

2010-09-08
Cash: 84.84
Held: ABCDx62@29.25 ABACx62@29.25 ACCOx62@29.25 ACADx62@29.25 ADBEx62@29.25 
Value: 9152.34
Sales: ABCDx62@29.25 ABACx62@29.25 ACCOx62@29.25 ACADx62@29.25 ADBEx62@29.25 
Purchases: ABCDx62@29.25 ABACx62@29.25 ACCOx62@29.25 ACADx62@29.25 ADBEx62@29.25 

2010-09-09
Cash: 84.84
Held: ABCDx62@28.95 ABACx62@28.95 ACCOx62@28.95 ACADx62@28.95 ADBEx62@28.95 
Value: 9060.31
Sales: ABCDx62@28.95 ABACx62@28.95 ACCOx62@28.95 ACADx62@28.95 ADBEx62@28.95 
Purchases: ABCDx62@28.95 ABACx62@28.95 ACCOx62@28.95 ACADx62@28.95 ADBEx62@28.95 

2010-09-12
Cash: 84.84
Held: ABCDx62@29.23 ABACx62@29.23 ACCOx62@29.23 ACADx62@29.23 ADBEx62@29.23 
Value: 9147.50
Sales: ABCDx62@29.23 ABACx62@29.23 ACCOx62@29.23 ACADx62@29.23 ADBEx62@29.23 
Purchases: ABCDx62@29.23 ABACx62@29.23 ACCOx62@29.23 ACADx62@29.23 ADBEx62@29.23 

2010-09-13
Cash: 84.84
Held: ABCDx62@29.02 ABACx62@29.02 ACCOx62@29.02 ACADx62@29.02 ADBEx62@29.02 
Value: 9079.69
Sales: ABCDx62@29.02 ABACx62@29.02 ACCOx62@29.02 ACADx62@29.02 ADBEx62@29.02 
Purchases: ABCDx62@29.02 ABACx62@29.02 ACCOx62@29.02 ACADx62@29.02 ADBEx62@29.02 

2010-09-14
Cash: 84.84
Held: ABCDx62@29.16 ABACx62@29.16 ACCOx62@29.16 ACADx62@29.16 ADBEx62@29.16 
Value: 9123.28
Sales: ABCDx62@29.16 ABACx62@29.16 ACCOx62@29.16 ACADx62@29.16 ADBEx62@29.16 
Purchases: ABCDx62@29.16 ABACx62@29.16 ACCOx62@29.16 ACADx62@29.16 ADBEx62@29.16 

2010-09-15
Cash: 84.84
Held: ABCDx62@29.34 ABACx62@29.34 ACCOx62@29.34 ACADx62@29.34 ADBEx62@29.34 
Value: 9181.41
Sales: ABCDx62@29.34 ABACx62@29.34 ACCOx62@29.34 ACADx62@29.34 ADBEx62@29.34 
Purchases: ABCDx62@29.34 ABACx62@29.34 ACCOx62@29.34 ACADx62@29.34 ADBEx62@29.34 

2010-09-16
Cash: 84.84
Held: ABCDx62@30.31 ABACx62@30.31 ACCOx62@30.31 ACADx62@30.31 ADBEx62@30.31 
Value: 9481.72
Sales: ABCDx62@30.31 ABACx62@30.31 ACCOx62@30.31 ACADx62@30.31 ADBEx62@30.31 
Purchases: ABCDx62@30.31 ABACx62@30.31 ACCOx62@30.31 ACADx62@30.31 ADBEx62@30.31 

2010-09-19
Cash: 84.84
Held: ABCDx62@30.78 ABACx62@30.78 ACCOx62@30.78 ACADx62@30.78 ADBEx62@30.78 
Value: 9627.03
Sales: ABCDx62@30.78 ABACx62@30.78 ACCOx62@30.78 ACADx62@30.78 ADBEx62@30.78 
Purchases: ABCDx62@30.78 ABACx62@30.78 ACCOx62@30.78 ACADx62@30.78 ADBEx62@30.78 

2010-09-20
Cash: 84.84
Held: ABCDx62@30.98 ABACx62@30.98 ACCOx62@30.98 ACADx62@30.98 ADBEx62@30.98 
Value: 9690.00
Sales: ABCDx62@30.98 ABACx62@30.98 ACCOx62@30.98 ACADx62@30.98 ADBEx62@30.98 
Purchases: ABCDx62@30.98 ABACx62@30.98 ACCOx62@30.98 ACADx62@30.98 ADBEx62@30.98 

2010-09-21
Cash: 84.84
Held: ABCDx62@30.98 ABACx62@30.98 ACCOx62@30.98 ACADx62@30.98 ADBEx62@30.98 
Value: 9690.00
Sales: ABCDx62@30.98 ABACx62@30.98 ACCOx62@30.98 ACADx62@30.98 ADBEx62@30.98 
Purchases: ABCDx62@30.98 ABACx62@30.98 ACCOx62@30.98 ACADx62@30.98 ADBEx62@30.98 

2010-09-22
Cash: 84.84
Held: ABCDx62@30.48 ABACx62@30.48 ACCOx62@30.48 ACADx62@30.48 ADBEx62@30.48 
Value: 9535.00
Sales: ABCDx62@30.48 ABACx62@30.48 ACCOx62@30.48 ACADx62@30.48 ADBEx62@30.48 
Purchases: ABCDx62@30.48 ABACx62@30.48 ACCOx62@30.48 ACADx62@30.48 ADBEx62@30.48 

2010-09-23
Cash: 84.84
Held: ABCDx62@30.97 ABACx62@30.97 ACCOx62@30.97 ACADx62@30.97 ADBEx62@30.97 
Value: 9685.16
Sales: ABCDx62@30.97 ABACx62@30.97 ACCOx62@30.97 ACADx62@30.97 ADBEx62@30.97 
Purchases: ABCDx62@30.97 ABACx62@30.97 ACCOx62@30.97 ACADx62@30.97 ADBEx62@30.97 

2010-09-26
Cash: 84.84
Held: ABCDx62@32.06 ABACx62@32.06 ACCOx62@32.06 ACADx62@32.06 ADBEx62@32.06 
Value: 10024.22
Sales: ABCDx62@32.06 ABACx62@32.06 ACCOx62@32.06 ACADx62@32.06 ADBEx62@32.06 
Purchases: ABCDx62@32.06 ABACx62@32.06 ACCOx62@32.06 ACADx62@32.06 ADBEx62@32.06 

2010-09-27
Cash: 84.84
Held: ABCDx62@31.95 ABACx62@31.95 ACCOx62@31.95 ACADx62@31.95 ADBEx62@31.95 
Value: 9990.31
Sales: ABCDx62@31.95 ABACx62@31.95 ACCOx62@31.95 ACADx62@31.95 ADBEx62@31.95 
Purchases: ABCDx62@31.95 ABACx62@31.95 ACCOx62@31.95 ACADx62@31.95 ADBEx62@31.95 

2010-09-28
Cash: 84.84
Held: ABCDx62@32.09 ABACx62@32.09 ACCOx62@32.09 ACADx62@32.09 ADBEx62@32.09 
Value: 10033.91
Sales: ABCDx62@32.09 ABACx62@32.09 ACCOx62@32.09 ACADx62@32.09 ADBEx62@32.09 
Purchases: ABCDx62@32.09 ABACx62@32.09 ACCOx62@32.09 ACADx62@32.09 ADBEx62@32.09 

2010-09-29
Cash: 84.84
Held: ABCDx62@32.78 ABACx62@32.78 ACCOx62@32.78 ACADx62@32.78 ADBEx62@32.78 
Value: 10247.03
Sales: ABCDx62@32.78 ABACx62@32.78 ACCOx62@32.78 ACADx62@32.78 ADBEx62@32.78 
Purchases: ABCDx62@32.78 ABACx62@32.78 ACCOx62@32.78 ACADx62@32.78 ADBEx62@32.78 

2010-09-30
Cash: 84.84
Held: ABCDx62@33.69 ABACx62@33.69 ACCOx62@33.69 ACADx62@33.69 ADBEx62@33.69 
Value: 10527.97
Sales: ABCDx62@33.69 ABACx62@33.69 ACCOx62@33.69 ACADx62@33.69 ADBEx62@33.69 
Purchases: ABCDx62@33.69 ABACx62@33.69 ACCOx62@33.69 ACADx62@33.69 ADBEx62@33.69 

2010-10-03
Cash: 84.84
Held: ABCDx62@33.56 ABACx62@33.56 ACCOx62@33.56 ACADx62@33.56 ADBEx62@33.56 
Value: 10489.22
Sales: ABCDx62@33.56 ABACx62@33.56 ACCOx62@33.56 ACADx62@33.56 ADBEx62@33.56 
Purchases: ABCDx62@33.56 ABACx62@33.56 ACCOx62@33.56 ACADx62@33.56 ADBEx62@33.56 

2010-10-04
Cash: 84.84
Held: ABCDx62@32.94 ABACx62@32.94 ACCOx62@32.94 ACADx62@32.94 ADBEx62@32.94 
Value: 10295.47
Sales: ABCDx62@32.94 ABACx62@32.94 ACCOx62@32.94 ACADx62@32.94 ADBEx62@32.94 
Purchases: ABCDx62@32.94 ABACx62@32.94 ACCOx62@32.94 ACADx62@32.94 ADBEx62@32.94 

2010-10-05
Cash: 84.84
Held: ABCDx62@33.03 ABACx62@33.03 ACCOx62@33.03 ACADx62@33.03 ADBEx62@33.03 
Value: 10324.53
Sales: ABCDx62@33.03 ABACx62@33.03 ACCOx62@33.03 ACADx62@33.03 ADBEx62@33.03 
Purchases: ABCDx62@33.03 ABACx62@33.03 ACCOx62@33.03 ACADx62@33.03 ADBEx62@33.03 

2010-10-06
Cash: 84.84
Held: ABCDx62@32.94 ABACx62@32.94 ACCOx62@32.94 ACADx62@32.94 ADBEx62@32.94 
Value: 10295.47
Sales: ABCDx62@32.94 ABACx62@32.94 ACCOx62@32.94 ACADx62@32.94 ADBEx62@32.94 
Purchases: ABCDx62@32.94 ABACx62@32.94 ACCOx62@32.94 ACADx62@32.94 ADBEx62@32.94 

2010-10-07
Cash: 84.84
Held: ABCDx62@33.22 ABACx62@33.22 ACCOx62@33.22 ACADx62@33.22 ADBEx62@33.22 
Value: 10382.66
Sales: ABCDx62@33.22 ABACx62@33.22 ACCOx62@33.22 ACADx62@33.22 ADBEx62@33.22 
Purchases: ABCDx62@33.22 ABACx62@33.22 ACCOx62@33.22 ACADx62@33.22 ADBEx62@33.22 

2010-10-10
Cash: 84.84
Held: ABCDx62@33.78 ABACx62@33.78 ACCOx62@33.78 ACADx62@33.78 ADBEx62@33.78 
Value: 10557.03
Sales: ABCDx62@33.78 ABACx62@33.78 ACCOx62@33.78 ACADx62@33.78 ADBEx62@33.78 
Purchases: ABCDx62@33.78 ABACx62@33.78 ACCOx62@33.78 ACADx62@33.78 ADBEx62@33.78 

2010-10-11
Cash: 84.84
Held: ABCDx62@33.62 ABACx62@33.62 ACCOx62@33.62 ACADx62@33.62 ADBEx62@33.62 
Value: 10508.59
Sales: ABCDx62@33.62 ABACx62@33.62 ACCOx62@33.62 ACADx62@33.62 ADBEx62@33.62 
Purchases: ABCDx62@33.62 ABACx62@33.62 ACCOx62@33.62 ACADx62@33.62 ADBEx62@33.62 

2010-10-12
Cash: 84.84
Held: ABCDx62@33.94 ABACx62@33.94 ACCOx62@33.94 ACADx62@33.94 ADBEx62@33.94 
Value: 10605.47
Sales: ABCDx62@33.94 ABACx62@33.94 ACCOx62@33.94 ACADx62@33.94 ADBEx62@33.94 
Purchases: ABCDx62@33.94 ABACx62@33.94 ACCOx62@33.94 ACADx62@33.94 ADBEx62@33.94 

2010-10-13
Cash: 84.84
Held: ABCDx62@34.28 ABACx62@34.28 ACCOx62@34.28 ACADx62@34.28 ADBEx62@34.28 
Value: 10712.03
Sales: ABCDx62@34.28 ABACx62@34.28 ACCOx62@34.28 ACADx62@34.28 ADBEx62@34.28 
Purchases: ABCDx62@34.28 ABACx62@34.28 ACCOx62@34.28 ACADx62@34.28 ADBEx62@34.28 

2010-10-14
Cash: 84.84
Held: ABCDx62@34.59 ABACx62@34.59 ACCOx62@34.59 ACADx62@34.59 ADBEx62@34.59 
Value: 10808.91
Sales: ABCDx62@34.59 ABACx62@34.59 ACCOx62@34.59 ACADx62@34.59 ADBEx62@34.59 
Purchases: ABCDx62@34.59 ABACx62@34.59 ACCOx62@34.59 ACADx62@34.59 ADBEx62@34.59 

2010-10-17
Cash: 84.84
Held: ABCDx62@34.50 ABACx62@34.50 ACCOx62@34.50 ACADx62@34.50 ADBEx62@34.50 
Value: 10779.84
Sales: ABCDx62@34.50 ABACx62@34.50 ACCOx62@34.50 ACADx62@34.50 ADBEx62@34.50 
Purchases: ABCDx62@34.50 ABACx62@34.50 ACCOx62@34.50 ACADx62@34.50 ADBEx62@34.50 

2010-10-18
Cash: 84.84
Held: ABCDx62@34.12 ABACx62@34.12 ACCOx62@34.12 ACADx62@34.12 ADBEx62@34.12 
Value: 10663.59
Sales: ABCDx62@34.12 ABACx62@34.12 ACCOx62@34.12 ACADx62@34.12 ADBEx62@34.12 
Purchases: ABCDx62@34.12 ABACx62@34.12 ACCOx62@34.12 ACADx62@34.12 ADBEx62@34.12 

2010-10-19
Cash: 84.84
Held: ABCDx62@34.12 ABACx62@34.12 ACCOx62@34.12 ACADx62@34.12 ADBEx62@34.12 
Value: 10663.59
Sales: ABCDx62@34.12 ABACx62@34.12 ACCOx62@34.12 ACADx62@34.12 ADBEx62@34.12 
Purchases: ABCDx62@34.12 ABACx62@34.12 ACCOx62@34.12 ACADx62@34.12 ADBEx62@34.12 

2010-10-20
Cash: 84.84
Held: ABCDx62@34.78 ABACx62@34.78 ACCOx62@34.78 ACADx62@34.78 ADBEx62@34.78 
Value: 10867.03
Sales: ABCDx62@34.78 ABACx62@34.78 ACCOx62@34.78 ACADx62@34.78 ADBEx62@34.78 
Purchases: ABCDx62@34.78 ABACx62@34.78 ACCOx62@34.78 ACADx62@34.78 ADBEx62@34.78 

2010-10-21
Cash: 84.84
Held: ABCDx62@34.75 ABACx62@34.75 ACCOx62@34.75 ACADx62@34.75 ADBEx62@34.75 
Value: 10857.34
Sales: ABCDx62@34.75 ABACx62@34.75 ACCOx62@34.75 ACADx62@34.75 ADBEx62@34.75 
Purchases: ABCDx62@34.75 ABACx62@34.75 ACCOx62@34.75 ACADx62@34.75 ADBEx62@34.75 

2010-10-24
Cash: 84.84
Held: ABCDx62@35.03 ABACx62@35.03 ACCOx62@35.03 ACADx62@35.03 ADBEx62@35.03 
Value: 10944.53
Sales: ABCDx62@35.03 ABACx62@35.03 ACCOx62@35.03 ACADx62@35.03 ADBEx62@35.03 
Purchases: ABCDx62@35.03 ABACx62@35.03 ACCOx62@35.03 ACADx62@35.03 ADBEx62@35.03 

2010-10-25
Cash: 84.84
Held: ABCDx62@34.62 ABACx62@34.62 ACCOx62@34.62 ACADx62@34.62 ADBEx62@34.62 
Value: 10818.59
Sales: ABCDx62@34.62 ABACx62@34.62 ACCOx62@34.62 ACADx62@34.62 ADBEx62@34.62 
Purchases: ABCDx62@34.62 ABACx62@34.62 ACCOx62@34.62 ACADx62@34.62 ADBEx62@34.62 

2010-10-26
Cash: 84.84
Held: ABCDx62@34.47 ABACx62@34.47 ACCOx62@34.47 ACADx62@34.47 ADBEx62@34.47 
Value: 10770.16
Sales: ABCDx62@34.47 ABACx62@34.47 ACCOx62@34.47 ACADx62@34.47 ADBEx62@34.47 
Purchases: ABCDx62@34.47 ABACx62@34.47 ACCOx62@34.47 ACADx62@34.47 ADBEx62@34.47 

2010-10-27
Cash: 84.84
Held: ABCDx62@35.12 ABACx62@35.12 ACCOx62@35.12 ACADx62@35.12 ADBEx62@35.12 
Value: 10973.59
Sales: ABCDx62@35.12 ABACx62@35.12 ACCOx62@35.12 ACADx62@35.12 ADBEx62@35.12 
Purchases: ABCDx62@35.12 ABACx62@35.12 ACCOx62@35.12 ACADx62@35.12 ADBEx62@35.12 

2010-10-28
Cash: 84.84
Held: ABCDx62@34.81 ABACx62@34.81 ACCOx62@34.81 ACADx62@34.81 ADBEx62@34.81 
Value: 10876.72
Sales: ABCDx62@34.81 ABACx62@34.81 ACCOx62@34.81 ACADx62@34.81 ADBEx62@34.81 
Purchases: ABCDx62@34.81 ABACx62@34.81 ACCOx62@34.81 ACADx62@34.81 ADBEx62@34.81 

2010-10-31
Cash: 84.84
Held: ABCDx62@34.94 ABACx62@34.94 ACCOx62@34.94 ACADx62@34.94 ADBEx62@34.94 
Value: 10915.47
Sales: ABCDx62@34.94 ABACx62@34.94 ACCOx62@34.94 ACADx62@34.94 ADBEx62@34.94 
Purchases: ABCDx62@34.94 ABACx62@34.94 ACCOx62@34.94 ACADx62@34.94 ADBEx62@34.94 

2010-11-01
Cash: 84.84
Held: ABCDx62@34.97 ABACx62@34.97 ACCOx62@34.97 ACADx62@34.97 ADBEx62@34.97 
Value: 10925.16
Sales: ABCDx62@34.97 ABACx62@34.97 ACCOx62@34.97 ACADx62@34.97 ADBEx62@34.97 
Purchases: ABCDx62@34.97 ABACx62@34.97 ACCOx62@34.97 ACADx62@34.97 ADBEx62@34.97 

2010-11-02
Cash: 84.84
Held: ABCDx62@35.19 ABACx62@35.19 ACCOx62@35.19 ACADx62@35.19 ADBEx62@35.19 
Value: 10992.97
Sales: ABCDx62@35.19 ABACx62@35.19 ACCOx62@35.19 ACADx62@35.19 ADBEx62@35.19 
Purchases: ABCDx62@35.19 ABACx62@35.19 ACCOx62@35.19 ACADx62@35.19 ADBEx62@35.19 

2010-11-03
Cash: 84.84
Held: ABCDx62@35.50 ABACx62@35.50 ACCOx62@35.50 ACADx62@35.50 ADBEx62@35.50 
Value: 11089.84
Sales: ABCDx62@35.50 ABACx62@35.50 ACCOx62@35.50 ACADx62@35.50 ADBEx62@35.50 
Purchases: ABCDx62@35.50 ABACx62@35.50 ACCOx62@35.50 ACADx62@35.50 ADBEx62@35.50 

2010-11-04
Cash: 84.84
Held: ABCDx62@35.97 ABACx62@35.97 ACCOx62@35.97 ACADx62@35.97 ADBEx62@35.97 
Value: 11235.16
Sales: ABCDx62@35.97 ABACx62@35.97 ACCOx62@35.97 ACADx62@35.97 ADBEx62@35.97 
Purchases: ABCDx62@35.97 ABACx62@35.97 ACCOx62@35.97 ACADx62@35.97 ADBEx62@35.97 

2010-11-07
Cash: 84.84
Held: ABCDx62@36.16 ABACx62@36.16 ACCOx62@36.16 ACADx62@36.16 ADBEx62@36.16 
Value: 11293.28
Sales: ABCDx62@36.16 ABACx62@36.16 ACCOx62@36.16 ACADx62@36.16 ADBEx62@36.16 
Purchases: ABCDx62@36.16 ABACx62@36.16 ACCOx62@36.16 ACADx62@36.16 ADBEx62@36.16 

2010-11-08
Cash: 84.84
Held: ABCDx62@36.19 ABACx62@36.19 ACCOx62@36.19 ACADx62@36.19 ADBEx62@36.19 
Value: 11302.97
Sales: ABCDx62@36.19 ABACx62@36.19 ACCOx62@36.19 ACADx62@36.19 ADBEx62@36.19 
Purchases: ABCDx62@36.19 ABACx62@36.19 ACCOx62@36.19 ACADx62@36.19 ADBEx62@36.19 

2010-11-09
Cash: 84.84
Held: ABCDx62@35.47 ABACx62@35.47 ACCOx62@35.47 ACADx62@35.47 ADBEx62@35.47 
Value: 11080.16
Sales: ABCDx62@35.47 ABACx62@35.47 ACCOx62@35.47 ACADx62@35.47 ADBEx62@35.47 
Purchases: ABCDx62@35.47 ABACx62@35.47 ACCOx62@35.47 ACADx62@35.47 ADBEx62@35.47 

2010-11-10
Cash: 84.84
Held: ABCDx62@34.81 ABACx62@34.81 ACCOx62@34.81 ACADx62@34.81 ADBEx62@34.81 
Value: 10876.72
Sales: ABCDx62@34.81 ABACx62@34.81 ACCOx62@34.81 ACADx62@34.81 ADBEx62@34.81 
Purchases: ABCDx62@34.81 ABACx62@34.81 ACCOx62@34.81 ACADx62@34.81 ADBEx62@34.81 

2010-11-11
Cash: 84.84
Held: ABCDx62@35.91 ABACx62@35.91 ACCOx62@35.91 ACADx62@35.91 ADBEx62@35.91 
Value: 11215.78
Sales: ABCDx62@35.91 ABACx62@35.91 ACCOx62@35.91 ACADx62@35.91 ADBEx62@35.91 
Purchases: ABCDx62@35.91 ABACx62@35.91 ACCOx62@35.91 ACADx62@35.91 ADBEx62@35.91 

2010-11-14
Cash: 84.84
Held: ABCDx62@36.53 ABACx62@36.53 ACCOx62@36.53 ACADx62@36.53 ADBEx62@36.53 
Value: 11409.53
Sales: ABCDx62@36.53 ABACx62@36.53 ACCOx62@36.53 ACADx62@36.53 ADBEx62@36.53 
Purchases: ABCDx62@36.53 ABACx62@36.53 ACCOx62@36.53 ACADx62@36.53 ADBEx62@36.53 

2010-11-15
Cash: 84.84
Held: ABCDx62@35.81 ABACx62@35.81 ACCOx62@35.81 ACADx62@35.81 ADBEx62@35.81 
Value: 11186.72
Sales: ABCDx62@35.81 ABACx62@35.81 ACCOx62@35.81 ACADx62@35.81 ADBEx62@35.81 
Purchases: ABCDx62@35.81 ABACx62@35.81 ACCOx62@35.81 ACADx62@35.81 ADBEx62@35.81 

2010-11-16
Cash: 84.84
Held: ABCDx62@35.00 ABACx62@35.00 ACCOx62@35.00 ACADx62@35.00 ADBEx62@35.00 
Value: 10934.84
Sales: ABCDx62@35.00 ABACx62@35.00 ACCOx62@35.00 ACADx62@35.00 ADBEx62@35.00 
Purchases: ABCDx62@35.00 ABACx62@35.00 ACCOx62@35.00 ACADx62@35.00 ADBEx62@35.00 

2010-11-17
Cash: 84.84
Held: ABCDx62@35.62 ABACx62@35.62 ACCOx62@35.62 ACADx62@35.62 ADBEx62@35.62 
Value: 11128.59
Sales: ABCDx62@35.62 ABACx62@35.62 ACCOx62@35.62 ACADx62@35.62 ADBEx62@35.62 
Purchases: ABCDx62@35.62 ABACx62@35.62 ACCOx62@35.62 ACADx62@35.62 ADBEx62@35.62 

2010-11-18
Cash: 84.84
Held: ABCDx62@36.16 ABACx62@36.16 ACCOx62@36.16 ACADx62@36.16 ADBEx62@36.16 
Value: 11293.28
Sales: ABCDx62@36.16 ABACx62@36.16 ACCOx62@36.16 ACADx62@36.16 ADBEx62@36.16 
Purchases: ABCDx62@36.16 ABACx62@36.16 ACCOx62@36.16 ACADx62@36.16 ADBEx62@36.16 

2010-11-21
Cash: 84.84
Held: ABCDx62@36.16 ABACx62@36.16 ACCOx62@36.16 ACADx62@36.16 ADBEx62@36.16 
Value: 11293.28
Sales: ABCDx62@36.16 ABACx62@36.16 ACCOx62@36.16 ACADx62@36.16 ADBEx62@36.16 
Purchases: ABCDx62@36.16 ABACx62@36.16 ACCOx62@36.16 ACADx62@36.16 ADBEx62@36.16 

2010-11-22
Cash: 84.84
Held: ABCDx62@35.88 ABACx62@35.88 ACCOx62@35.88 ACADx62@35.88 ADBEx62@35.88 
Value: 11206.09
Sales: ABCDx62@35.88 ABACx62@35.88 ACCOx62@35.88 ACADx62@35.88 ADBEx62@35.88 
Purchases: ABCDx62@35.88 ABACx62@35.88 ACCOx62@35.88 ACADx62@35.88 ADBEx62@35.88 

2010-11-23
Cash: 84.84
Held: ABCDx62@35.62 ABACx62@35.62 ACCOx62@35.62 ACADx62@35.62 ADBEx62@35.62 
Value: 11128.59
Sales: ABCDx62@35.62 ABACx62@35.62 ACCOx62@35.62 ACADx62@35.62 ADBEx62@35.62 
Purchases: ABCDx62@35.62 ABACx62@35.62 ACCOx62@35.62 ACADx62@35.62 ADBEx62@35.62 

2010-11-25
Cash: 84.84
Held: ABCDx62@35.97 ABACx62@35.97 ACCOx62@35.97 ACADx62@35.97 ADBEx62@35.97 
Value: 11235.16
Sales: ABCDx62@35.97 ABACx62@35.97 ACCOx62@35.97 ACADx62@35.97 ADBEx62@35.97 
Purchases: ABCDx62@35.97 ABACx62@35.97 ACCOx62@35.97 ACADx62@35.97 ADBEx62@35.97 

2010-11-28
Cash: 84.84
Held: ABCDx62@35.94 ABACx62@35.94 ACCOx62@35.94 ACADx62@35.94 ADBEx62@35.94 
Value: 11225.47
Sales: ABCDx62@35.94 ABACx62@35.94 ACCOx62@35.94 ACADx62@35.94 ADBEx62@35.94 
Purchases: ABCDx62@35.94 ABACx62@35.94 ACCOx62@35.94 ACADx62@35.94 ADBEx62@35.94 

2010-11-29
Cash: 84.84
Held: ABCDx62@35.22 ABACx62@35.22 ACCOx62@35.22 ACADx62@35.22 ADBEx62@35.22 
Value: 11002.66
Sales: ABCDx62@35.22 ABACx62@35.22 ACCOx62@35.22 ACADx62@35.22 ADBEx62@35.22 
Purchases: ABCDx62@35.22 ABACx62@35.22 ACCOx62@35.22 ACADx62@35.22 ADBEx62@35.22 

2010-11-30
Cash: 84.84
Held: ABCDx62@35.66 ABACx62@35.66 ACCOx62@35.66 ACADx62@35.66 ADBEx62@35.66 
Value: 11138.28
Sales: ABCDx62@35.66 ABACx62@35.66 ACCOx62@35.66 ACADx62@35.66 ADBEx62@35.66 
Purchases: ABCDx62@35.66 ABACx62@35.66 ACCOx62@35.66 ACADx62@35.66 ADBEx62@35.66 

2010-12-01
Cash: 84.84
Held: ABCDx62@35.97 ABACx62@35.97 ACCOx62@35.97 ACADx62@35.97 ADBEx62@35.97 
Value: 11235.16
Sales: ABCDx62@35.97 ABACx62@35.97 ACCOx62@35.97 ACADx62@35.97 ADBEx62@35.97 
Purchases: ABCDx62@35.97 ABACx62@35.97 ACCOx62@35.97 ACADx62@35.97 ADBEx62@35.97 

2010-12-02
Cash: 84.84
Held: ABCDx62@36.50 ABACx62@36.50 ACCOx62@36.50 ACADx62@36.50 ADBEx62@36.50 
Value: 11399.84
Sales: ABCDx62@36.50 ABACx62@36.50 ACCOx62@36.50 ACADx62@36.50 ADBEx62@36.50 
Purchases: ABCDx62@36.50 ABACx62@36.50 ACCOx62@36.50 ACADx62@36.50 ADBEx62@36.50 

2010-12-05
Cash: 84.84
Held: ABCDx62@37.31 ABACx62@37.31 ACCOx62@37.31 ACADx62@37.31 ADBEx62@37.31 
Value: 11651.72
Sales: ABCDx62@37.31 ABACx62@37.31 ACCOx62@37.31 ACADx62@37.31 ADBEx62@37.31 
Purchases: ABCDx62@37.31 ABACx62@37.31 ACCOx62@37.31 ACADx62@37.31 ADBEx62@37.31 

2010-12-06
Cash: 84.84
Held: ABCDx62@37.59 ABACx62@37.59 ACCOx62@37.59 ACADx62@37.59 ADBEx62@37.59 
Value: 11738.91
Sales: ABCDx62@37.59 ABACx62@37.59 ACCOx62@37.59 ACADx62@37.59 ADBEx62@37.59 
Purchases: ABCDx62@37.59 ABACx62@37.59 ACCOx62@37.59 ACADx62@37.59 ADBEx62@37.59 

2010-12-07
Cash: 84.84
Held: ABCDx62@37.59 ABACx62@37.59 ACCOx62@37.59 ACADx62@37.59 ADBEx62@37.59 
Value: 11738.91
Sales: ABCDx62@37.59 ABACx62@37.59 ACCOx62@37.59 ACADx62@37.59 ADBEx62@37.59 
Purchases: ABCDx62@37.59 ABACx62@37.59 ACCOx62@37.59 ACADx62@37.59 ADBEx62@37.59 

2010-12-08
Cash: 84.84
Held: ABCDx62@37.84 ABACx62@37.84 ACCOx62@37.84 ACADx62@37.84 ADBEx62@37.84 
Value: 11816.41
Sales: ABCDx62@37.84 ABACx62@37.84 ACCOx62@37.84 ACADx62@37.84 ADBEx62@37.84 
Purchases: ABCDx62@37.84 ABACx62@37.84 ACCOx62@37.84 ACADx62@37.84 ADBEx62@37.84 

2010-12-09
Cash: 84.84
Held: ABCDx62@38.00 ABACx62@38.00 ACCOx62@38.00 ACADx62@38.00 ADBEx62@38.00 
Value: 11864.84
Sales: ABCDx62@38.00 ABACx62@38.00 ACCOx62@38.00 ACADx62@38.00 ADBEx62@38.00 
Purchases: ABCDx62@38.00 ABACx62@38.00 ACCOx62@38.00 ACADx62@38.00 ADBEx62@38.00 

2010-12-12
Cash: 84.84
Held: ABCDx62@38.53 ABACx62@38.53 ACCOx62@38.53 ACADx62@38.53 ADBEx62@38.53 
Value: 12029.53
Sales: ABCDx62@38.53 ABACx62@38.53 ACCOx62@38.53 ACADx62@38.53 ADBEx62@38.53 
Purchases: ABCDx62@38.53 ABACx62@38.53 ACCOx62@38.53 ACADx62@38.53 ADBEx62@38.53 

2010-12-13
Cash: 84.84
Held: ABCDx62@38.81 ABACx62@38.81 ACCOx62@38.81 ACADx62@38.81 ADBEx62@38.81 
Value: 12116.72
Sales: ABCDx62@38.81 ABACx62@38.81 ACCOx62@38.81 ACADx62@38.81 ADBEx62@38.81 
Purchases: ABCDx62@38.81 ABACx62@38.81 ACCOx62@38.81 ACADx62@38.81 ADBEx62@38.81 

2010-12-14
Cash: 84.84
Held: ABCDx62@39.00 ABACx62@39.00 ACCOx62@39.00 ACADx62@39.00 ADBEx62@39.00 
Value: 12174.84
Sales: ABCDx62@39.00 ABACx62@39.00 ACCOx62@39.00 ACADx62@39.00 ADBEx62@39.00 
Purchases: ABCDx62@39.00 ABACx62@39.00 ACCOx62@39.00 ACADx62@39.00 ADBEx62@39.00 

2010-12-15
Cash: 84.84
Held: ABCDx62@38.62 ABACx62@38.62 ACCOx62@38.62 ACADx62@38.62 ADBEx62@38.62 
Value: 12058.59
Sales: ABCDx62@38.62 ABACx62@38.62 ACCOx62@38.62 ACADx62@38.62 ADBEx62@38.62 
Purchases: ABCDx62@38.62 ABACx62@38.62 ACCOx62@38.62 ACADx62@38.62 ADBEx62@38.62 

2010-12-16
Cash: 84.84
Held: ABCDx62@39.75 ABACx62@39.75 ACCOx62@39.75 ACADx62@39.75 ADBEx62@39.75 
Value: 12407.34
Sales: ABCDx62@39.75 ABACx62@39.75 ACCOx62@39.75 ACADx62@39.75 ADBEx62@39.75 
Purchases: ABCDx62@39.75 ABACx62@39.75 ACCOx62@39.75 ACADx62@39.75 ADBEx62@39.75 

2010-12-19
Cash: 84.84
Held: ABCDx62@40.09 ABACx62@40.09 ACCOx62@40.09 ACADx62@40.09 ADBEx62@40.09 
Value: 12513.91
Sales: ABCDx62@40.09 ABACx62@40.09 ACCOx62@40.09 ACADx62@40.09 ADBEx62@40.09 
Purchases: ABCDx62@40.09 ABACx62@40.09 ACCOx62@40.09 ACADx62@40.09 ADBEx62@40.09 

2010-12-20
Cash: 84.84
Held: ABCDx62@40.66 ABACx62@40.66 ACCOx62@40.66 ACADx62@40.66 ADBEx62@40.66 
Value: 12688.28
Sales: ABCDx62@40.66 ABACx62@40.66 ACCOx62@40.66 ACADx62@40.66 ADBEx62@40.66 
Purchases: ABCDx62@40.66 ABACx62@40.66 ACCOx62@40.66 ACADx62@40.66 ADBEx62@40.66 

2010-12-21
Cash: 84.84
Held: ABCDx62@40.66 ABACx62@40.66 ACCOx62@40.66 ACADx62@40.66 ADBEx62@40.66 
Value: 12688.28
Sales: ABCDx62@40.66 ABACx62@40.66 ACCOx62@40.66 ACADx62@40.66 ADBEx62@40.66 
Purchases: ABCDx62@40.66 ABACx62@40.66 ACCOx62@40.66 ACADx62@40.66 ADBEx62@40.66 

2010-12-22
Cash: 84.84
Held: ABCDx62@40.91 ABACx62@40.91 ACCOx62@40.91 ACADx62@40.91 ADBEx62@40.91 
Value: 12765.78
Sales: ABCDx62@40.91 ABACx62@40.91 ACCOx62@40.91 ACADx62@40.91 ADBEx62@40.91 
Purchases: ABCDx62@40.91 ABACx62@40.91 ACCOx62@40.91 ACADx62@40.91 ADBEx62@40.91 

2010-12-26
Cash: 84.84
Held: ABCDx62@40.88 ABACx62@40.88 ACCOx62@40.88 ACADx62@40.88 ADBEx62@40.88 
Value: 12756.09
Sales: ABCDx62@40.88 ABACx62@40.88 ACCOx62@40.88 ACADx62@40.88 ADBEx62@40.88 
Purchases: ABCDx62@40.88 ABACx62@40.88 ACCOx62@40.88 ACADx62@40.88 ADBEx62@40.88 

2010-12-27
Cash: 84.84
Held: ABCDx62@41.94 ABACx62@41.94 ACCOx62@41.94 ACADx62@41.94 ADBEx62@41.94 
Value: 13085.47
Sales: ABCDx62@41.94 ABACx62@41.94 ACCOx62@41.94 ACADx62@41.94 ADBEx62@41.94 
Purchases: ABCDx62@41.94 ABACx62@41.94 ACCOx62@41.94 ACADx62@41.94 ADBEx62@41.94 

2010-12-28
Cash: 84.84
Held: ABCDx62@41.53 ABACx62@41.53 ACCOx62@41.53 ACADx62@41.53 ADBEx62@41.53 
Value: 12959.53
Sales: ABCDx62@41.53 ABACx62@41.53 ACCOx62@41.53 ACADx62@41.53 ADBEx62@41.53 
Purchases: ABCDx62@41.53 ABACx62@41.53 ACCOx62@41.53 ACADx62@41.53 ADBEx62@41.53 

2010-12-29
Cash: 84.84
Held: ABCDx62@41.62 ABACx62@41.62 ACCOx62@41.62 ACADx62@41.62 ADBEx62@41.62 
Value: 12988.59
Sales: ABCDx62@41.62 ABACx62@41.62 ACCOx62@41.62 ACADx62@41.62 ADBEx62@41.62 
Purchases: ABCDx62@41.62 ABACx62@41.62 ACCOx62@41.62 ACADx62@41.62 ADBEx62@41.62 

2010-12-30
Cash: 84.84
Held: ABCDx62@41.44 ABACx62@41.44 ACCOx62@41.44 ACADx62@41.44 ADBEx62@41.44 
Value: 12930.47
Sales: ABCDx62@41.44 ABACx62@41.44 ACCOx62@41.44 ACADx62@41.44 ADBEx62@41.44 
Purchases: ABCDx62@41.44 ABACx62@41.44 ACCOx62@41.44 ACADx62@41.44 ADBEx62@41.44 

2011-01-02
Cash: 84.84
Held: ABCDx62@41.56 ABACx62@41.56 ACCOx62@41.56 ACADx62@41.56 ADBEx62@41.56 
Value: 12969.22
Sales: ABCDx62@41.56 ABACx62@41.56 ACCOx62@41.56 ACADx62@41.56 ADBEx62@41.56 
Purchases: ABCDx62@41.56 ABACx62@41.56 ACCOx62@41.56 ACADx62@41.56 ADBEx62@41.56 

2011-01-03
Cash: 84.84
Held: ABCDx62@42.00 ABACx62@42.00 ACCOx62@42.00 ACADx62@42.00 ADBEx62@42.00 
Value: 13104.84
Sales: ABCDx62@42.00 ABACx62@42.00 ACCOx62@42.00 ACADx62@42.00 ADBEx62@42.00 
Purchases: ABCDx62@42.00 ABACx62@42.00 ACCOx62@42.00 ACADx62@42.00 ADBEx62@42.00 

2011-01-04
Cash: 84.84
Held: ABCDx62@41.25 ABACx62@41.25 ACCOx62@41.25 ACADx62@41.25 ADBEx62@41.25 
Value: 12872.34
Sales: ABCDx62@41.25 ABACx62@41.25 ACCOx62@41.25 ACADx62@41.25 ADBEx62@41.25 
Purchases: ABCDx62@41.25 ABACx62@41.25 ACCOx62@41.25 ACADx62@41.25 ADBEx62@41.25 

2011-01-05
Cash: 84.84
Held: ABCDx62@41.38 ABACx62@41.38 ACCOx62@41.38 ACADx62@41.38 ADBEx62@41.38 
Value: 12911.09
Sales: ABCDx62@41.38 ABACx62@41.38 ACCOx62@41.38 ACADx62@41.38 ADBEx62@41.38 
Purchases: ABCDx62@41.38 ABACx62@41.38 ACCOx62@41.38 ACADx62@41.38 ADBEx62@41.38 

2011-01-06
Cash: 84.84
Held: ABCDx62@41.53 ABACx62@41.53 ACCOx62@41.53 ACADx62@41.53 ADBEx62@41.53 
Value: 12959.53
Sales: ABCDx62@41.53 ABACx62@41.53 ACCOx62@41.53 ACADx62@41.53 ADBEx62@41.53 
Purchases: ABCDx62@41.53 ABACx62@41.53 ACCOx62@41.53 ACADx62@41.53 ADBEx62@41.53 

2011-01-09
Cash: 84.84
Held: ABCDx62@41.41 ABACx62@41.41 ACCOx62@41.41 ACADx62@41.41 ADBEx62@41.41 
Value: 12920.78
Sales: ABCDx62@41.41 ABACx62@41.41 ACCOx62@41.41 ACADx62@41.41 ADBEx62@41.41 
Purchases: ABCDx62@41.41 ABACx62@41.41 ACCOx62@41.41 ACADx62@41.41 ADBEx62@41.41 

2011-01-10
Cash: 84.84
Held: ABCDx62@42.53 ABACx62@42.53 ACCOx62@42.53 ACADx62@42.53 ADBEx62@42.53 
Value: 13269.53
Sales: ABCDx62@42.53 ABACx62@42.53 ACCOx62@42.53 ACADx62@42.53 ADBEx62@42.53 
Purchases: ABCDx62@42.53 ABACx62@42.53 ACCOx62@42.53 ACADx62@42.53 ADBEx62@42.53 

2011-01-11
Cash: 84.84
Held: ABCDx62@43.19 ABACx62@43.19 ACCOx62@43.19 ACADx62@43.19 ADBEx62@43.19 
Value: 13472.97
Sales: ABCDx62@43.19 ABACx62@43.19 ACCOx62@43.19 ACADx62@43.19 ADBEx62@43.19 
Purchases: ABCDx62@43.19 ABACx62@43.19 ACCOx62@43.19 ACADx62@43.19 ADBEx62@43.19 

2011-01-12
Cash: 84.84
Held: ABCDx62@42.88 ABACx62@42.88 ACCOx62@42.88 ACADx62@42.88 ADBEx62@42.88 
Value: 13376.09
Sales: ABCDx62@42.88 ABACx62@42.88 ACCOx62@42.88 ACADx62@42.88 ADBEx62@42.88 
Purchases: ABCDx62@42.88 ABACx62@42.88 ACCOx62@42.88 ACADx62@42.88 ADBEx62@42.88 

2011-01-13
Cash: 84.84
Held: ABCDx62@42.78 ABACx62@42.78 ACCOx62@42.78 ACADx62@42.78 ADBEx62@42.78 
Value: 13347.03
Sales: ABCDx62@42.78 ABACx62@42.78 ACCOx62@42.78 ACADx62@42.78 ADBEx62@42.78 
Purchases: ABCDx62@42.78 ABACx62@42.78 ACCOx62@42.78 ACADx62@42.78 ADBEx62@42.78 

2011-01-17
Cash: 84.84
Held: ABCDx62@43.38 ABACx62@43.38 ACCOx62@43.38 ACADx62@43.38 ADBEx62@43.38 
Value: 13531.09
Sales: ABCDx62@43.38 ABACx62@43.38 ACCOx62@43.38 ACADx62@43.38 ADBEx62@43.38 
Purchases: ABCDx62@43.38 ABACx62@43.38 ACCOx62@43.38 ACADx62@43.38 ADBEx62@43.38 

2011-01-18
Cash: 84.84
Held: ABCDx62@44.22 ABACx62@44.22 ACCOx62@44.22 ACADx62@44.22 ADBEx62@44.22 
Value: 13792.66
Sales: ABCDx62@44.22 ABACx62@44.22 ACCOx62@44.22 ACADx62@44.22 ADBEx62@44.22 
Purchases: ABCDx62@44.22 ABACx62@44.22 ACCOx62@44.22 ACADx62@44.22 ADBEx62@44.22 

2011-01-19
Cash: 84.84
Held: ABCDx62@41.94 ABACx62@41.94 ACCOx62@41.94 ACADx62@41.94 ADBEx62@41.94 
Value: 13085.47
Sales: ABCDx62@41.94 ABACx62@41.94 ACCOx62@41.94 ACADx62@41.94 ADBEx62@41.94 
Purchases: ABCDx62@41.94 ABACx62@41.94 ACCOx62@41.94 ACADx62@41.94 ADBEx62@41.94 

2011-01-20
Cash: 84.84
Held: ABCDx62@42.50 ABACx62@42.50 ACCOx62@42.50 ACADx62@42.50 ADBEx62@42.50 
Value: 13259.84
Sales: ABCDx62@42.50 ABACx62@42.50 ACCOx62@42.50 ACADx62@42.50 ADBEx62@42.50 
Purchases: ABCDx62@42.50 ABACx62@42.50 ACCOx62@42.50 ACADx62@42.50 ADBEx62@42.50 

2011-01-23
Cash: 84.84
Held: ABCDx62@42.19 ABACx62@42.19 ACCOx62@42.19 ACADx62@42.19 ADBEx62@42.19 
Value: 13162.97
Sales: ABCDx62@42.19 ABACx62@42.19 ACCOx62@42.19 ACADx62@42.19 ADBEx62@42.19 
Purchases: ABCDx62@42.19 ABACx62@42.19 ACCOx62@42.19 ACADx62@42.19 ADBEx62@42.19 

2011-01-24
Cash: 84.84
Held: ABCDx62@42.78 ABACx62@42.78 ACCOx62@42.78 ACADx62@42.78 ADBEx62@42.78 
Value: 13347.03
Sales: ABCDx62@42.78 ABACx62@42.78 ACCOx62@42.78 ACADx62@42.78 ADBEx62@42.78 
Purchases: ABCDx62@42.78 ABACx62@42.78 ACCOx62@42.78 ACADx62@42.78 ADBEx62@42.78 

2011-01-25
Cash: 84.84
Held: ABCDx62@42.81 ABACx62@42.81 ACCOx62@42.81 ACADx62@42.81 ADBEx62@42.81 
Value: 13356.72
Sales: ABCDx62@42.81 ABACx62@42.81 ACCOx62@42.81 ACADx62@42.81 ADBEx62@42.81 
Purchases: ABCDx62@42.81 ABACx62@42.81 ACCOx62@42.81 ACADx62@42.81 ADBEx62@42.81 

2011-01-26
Cash: 84.84
Held: ABCDx62@42.78 ABACx62@42.78 ACCOx62@42.78 ACADx62@42.78 ADBEx62@42.78 
Value: 13347.03
Sales: ABCDx62@42.78 ABACx62@42.78 ACCOx62@42.78 ACADx62@42.78 ADBEx62@42.78 
Purchases: ABCDx62@42.78 ABACx62@42.78 ACCOx62@42.78 ACADx62@42.78 ADBEx62@42.78 

2011-01-27
Cash: 84.84
Held: ABCDx62@42.50 ABACx62@42.50 ACCOx62@42.50 ACADx62@42.50 ADBEx62@42.50 
Value: 13259.84
Sales: ABCDx62@42.50 ABACx62@42.50 ACCOx62@42.50 ACADx62@42.50 ADBEx62@42.50 
Purchases: ABCDx62@42.50 ABACx62@42.50 ACCOx62@42.50 ACADx62@42.50 ADBEx62@42.50 

2011-01-30
Cash: 84.84
Held: ABCDx62@41.22 ABACx62@41.22 ACCOx62@41.22 ACADx62@41.22 ADBEx62@41.22 
Value: 12862.66
Sales: ABCDx62@41.22 ABACx62@41.22 ACCOx62@41.22 ACADx62@41.22 ADBEx62@41.22 
Purchases: ABCDx62@41.22 ABACx62@41.22 ACCOx62@41.22 ACADx62@41.22 ADBEx62@41.22 

2011-01-31
Cash: 84.84
Held: ABCDx62@42.06 ABACx62@42.06 ACCOx62@42.06 ACADx62@42.06 ADBEx62@42.06 
Value: 13124.22
Sales: ABCDx62@42.06 ABACx62@42.06 ACCOx62@42.06 ACADx62@42.06 ADBEx62@42.06 
Purchases: ABCDx62@42.06 ABACx62@42.06 ACCOx62@42.06 ACADx62@42.06 ADBEx62@42.06 

2011-02-01
Cash: 84.84
Held: ABCDx62@41.75 ABACx62@41.75 ACCOx62@41.75 ACADx62@41.75 ADBEx62@41.75 
Value: 13027.34
Sales: ABCDx62@41.75 ABACx62@41.75 ACCOx62@41.75 ACADx62@41.75 ADBEx62@41.75 
Purchases: ABCDx62@41.75 ABACx62@41.75 ACCOx62@41.75 ACADx62@41.75 ADBEx62@41.75 

2011-02-02
Cash: 84.84
Held: ABCDx62@40.94 ABACx62@40.94 ACCOx62@40.94 ACADx62@40.94 ADBEx62@40.94 
Value: 12775.47
Sales: ABCDx62@40.94 ABACx62@40.94 ACCOx62@40.94 ACADx62@40.94 ADBEx62@40.94 
Purchases: ABCDx62@40.94 ABACx62@40.94 ACCOx62@40.94 ACADx62@40.94 ADBEx62@40.94 

2011-02-03
Cash: 84.84
Held: ABCDx62@41.12 ABACx62@41.12 ACCOx62@41.12 ACADx62@41.12 ADBEx62@41.12 
Value: 12833.59
Sales: ABCDx62@41.12 ABACx62@41.12 ACCOx62@41.12 ACADx62@41.12 ADBEx62@41.12 
Purchases: ABCDx62@41.12 ABACx62@41.12 ACCOx62@41.12 ACADx62@41.12 ADBEx62@41.12 

2011-02-06
Cash: 84.84
Held: ABCDx62@43.44 ABACx62@43.44 ACCOx62@43.44 ACADx62@43.44 ADBEx62@43.44 
Value: 13550.47
Sales: ABCDx62@43.44 ABACx62@43.44 ACCOx62@43.44 ACADx62@43.44 ADBEx62@43.44 
Purchases: ABCDx62@43.44 ABACx62@43.44 ACCOx62@43.44 ACADx62@43.44 ADBEx62@43.44 

2011-02-07
Cash: 84.84
Held: ABCDx62@44.66 ABACx62@44.66 ACCOx62@44.66 ACADx62@44.66 ADBEx62@44.66 
Value: 13928.28
Sales: ABCDx62@44.66 ABACx62@44.66 ACCOx62@44.66 ACADx62@44.66 ADBEx62@44.66 
Purchases: ABCDx62@44.66 ABACx62@44.66 ACCOx62@44.66 ACADx62@44.66 ADBEx62@44.66 

2011-02-08
Cash: 84.84
Held: ABCDx62@44.00 ABACx62@44.00 ACCOx62@44.00 ACADx62@44.00 ADBEx62@44.00 
Value: 13724.84
Sales: ABCDx62@44.00 ABACx62@44.00 ACCOx62@44.00 ACADx62@44.00 ADBEx62@44.00 
Purchases: ABCDx62@44.00 ABACx62@44.00 ACCOx62@44.00 ACADx62@44.00 ADBEx62@44.00 

2011-02-09
Cash: 84.84
Held: ABCDx62@43.22 ABACx62@43.22 ACCOx62@43.22 ACADx62@43.22 ADBEx62@43.22 
Value: 13482.66
Sales: ABCDx62@43.22 ABACx62@43.22 ACCOx62@43.22 ACADx62@43.22 ADBEx62@43.22 
Purchases: ABCDx62@43.22 ABACx62@43.22 ACCOx62@43.22 ACADx62@43.22 ADBEx62@43.22 

2011-02-10
Cash: 84.84
Held: ABCDx62@43.78 ABACx62@43.78 ACCOx62@43.78 ACADx62@43.78 ADBEx62@43.78 
Value: 13657.03
Sales: ABCDx62@43.78 ABACx62@43.78 ACCOx62@43.78 ACADx62@43.78 ADBEx62@43.78 
Purchases: ABCDx62@43.78 ABACx62@43.78 ACCOx62@43.78 ACADx62@43.78 ADBEx62@43.78 

2011-02-13
Cash: 84.84
Held: ABCDx62@45.00 ABACx62@45.00 ACCOx62@45.00 ACADx62@45.00 ADBEx62@45.00 
Value: 14034.84
Sales: ABCDx62@45.00 ABACx62@45.00 ACCOx62@45.00 ACADx62@45.00 ADBEx62@45.00 
Purchases: ABCDx62@45.00 ABACx62@45.00 ACCOx62@45.00 ACADx62@45.00 ADBEx62@45.00 

2011-02-14
Cash: 84.84
Held: ABCDx62@44.78 ABACx62@44.78 ACCOx62@44.78 ACADx62@44.78 ADBEx62@44.78 
Value: 13967.03
Sales: ABCDx62@44.78 ABACx62@44.78 ACCOx62@44.78 ACADx62@44.78 ADBEx62@44.78 
Purchases: ABCDx62@44.78 ABACx62@44.78 ACCOx62@44.78 ACADx62@44.78 ADBEx62@44.78 

2011-02-15
Cash: 84.84
Held: ABCDx62@42.91 ABACx62@42.91 ACCOx62@42.91 ACADx62@42.91 ADBEx62@42.91 
Value: 13385.78
Sales: ABCDx62@42.91 ABACx62@42.91 ACCOx62@42.91 ACADx62@42.91 ADBEx62@42.91 
Purchases: ABCDx62@42.91 ABACx62@42.91 ACCOx62@42.91 ACADx62@42.91 ADBEx62@42.91 

2011-02-16
Cash: 84.84
Held: ABCDx62@43.38 ABACx62@43.38 ACCOx62@43.38 ACADx62@43.38 ADBEx62@43.38 
Value: 13531.09
Sales: ABCDx62@43.38 ABACx62@43.38 ACCOx62@43.38 ACADx62@43.38 ADBEx62@43.38 
Purchases: ABCDx62@43.38 ABACx62@43.38 ACCOx62@43.38 ACADx62@43.38 ADBEx62@43.38 

2011-02-17
Cash: 84.84
Held: ABCDx62@43.84 ABACx62@43.84 ACCOx62@43.84 ACADx62@43.84 ADBEx62@43.84 
Value: 13676.41
Sales: ABCDx62@43.84 ABACx62@43.84 ACCOx62@43.84 ACADx62@43.84 ADBEx62@43.84 
Purchases: ABCDx62@43.84 ABACx62@43.84 ACCOx62@43.84 ACADx62@43.84 ADBEx62@43.84 

2011-02-21
Cash: 84.84
Held: ABCDx62@43.28 ABACx62@43.28 ACCOx62@43.28 ACADx62@43.28 ADBEx62@43.28 
Value: 13502.03
Sales: ABCDx62@43.28 ABACx62@43.28 ACCOx62@43.28 ACADx62@43.28 ADBEx62@43.28 
Purchases: ABCDx62@43.28 ABACx62@43.28 ACCOx62@43.28 ACADx62@43.28 ADBEx62@43.28 

2011-02-22
Cash: 84.84
Held: ABCDx62@42.56 ABACx62@42.56 ACCOx62@42.56 ACADx62@42.56 ADBEx62@42.56 
Value: 13279.22
Sales: ABCDx62@42.56 ABACx62@42.56 ACCOx62@42.56 ACADx62@42.56 ADBEx62@42.56 
Purchases: ABCDx62@42.56 ABACx62@42.56 ACCOx62@42.56 ACADx62@42.56 ADBEx62@42.56 

2011-02-23
Cash: 84.84
Held: ABCDx62@40.34 ABACx62@40.34 ACCOx62@40.34 ACADx62@40.34 ADBEx62@40.34 
Value: 12591.41
Sales: ABCDx62@40.34 ABACx62@40.34 ACCOx62@40.34 ACADx62@40.34 ADBEx62@40.34 
Purchases: ABCDx62@40.34 ABACx62@40.34 ACCOx62@40.34 ACADx62@40.34 ADBEx62@40.34 

2011-02-24
Cash: 84.84
Held: ABCDx62@41.19 ABACx62@41.19 ACCOx62@41.19 ACADx62@41.19 ADBEx62@41.19 
Value: 12852.97
Sales: ABCDx62@41.19 ABACx62@41.19 ACCOx62@41.19 ACADx62@41.19 ADBEx62@41.19 
Purchases: ABCDx62@41.19 ABACx62@41.19 ACCOx62@41.19 ACADx62@41.19 ADBEx62@41.19 

2011-02-27
Cash: 84.84
Held: ABCDx62@42.44 ABACx62@42.44 ACCOx62@42.44 ACADx62@42.44 ADBEx62@42.44 
Value: 13240.47
Sales: ABCDx62@42.44 ABACx62@42.44 ACCOx62@42.44 ACADx62@42.44 ADBEx62@42.44 
Purchases: ABCDx62@42.44 ABACx62@42.44 ACCOx62@42.44 ACADx62@42.44 ADBEx62@42.44 

2011-02-28
Cash: 84.84
Held: ABCDx62@41.97 ABACx62@41.97 ACCOx62@41.97 ACADx62@41.97 ADBEx62@41.97 
Value: 13095.16
Sales: ABCDx62@41.97 ABACx62@41.97 ACCOx62@41.97 ACADx62@41.97 ADBEx62@41.97 
Purchases: ABCDx62@41.97 ABACx62@41.97 ACCOx62@41.97 ACADx62@41.97 ADBEx62@41.97 

2011-03-01
Cash: 84.84
Held: ABCDx62@40.56 ABACx62@40.56 ACCOx62@40.56 ACADx62@40.56 ADBEx62@40.56 
Value: 12659.22
Sales: ABCDx62@40.56 ABACx62@40.56 ACCOx62@40.56 ACADx62@40.56 ADBEx62@40.56 
Purchases: ABCDx62@40.56 ABACx62@40.56 ACCOx62@40.56 ACADx62@40.56 ADBEx62@40.56 

2011-03-02
Cash: 84.84
Held: ABCDx62@42.12 ABACx62@42.12 ACCOx62@42.12 ACADx62@42.12 ADBEx62@42.12 
Value: 13143.59
Sales: ABCDx62@42.12 ABACx62@42.12 ACCOx62@42.12 ACADx62@42.12 ADBEx62@42.12 
Purchases: ABCDx62@42.12 ABACx62@42.12 ACCOx62@42.12 ACADx62@42.12 ADBEx62@42.12 

2011-03-03
Cash: 84.84
Held: ABCDx62@43.34 ABACx62@43.34 ACCOx62@43.34 ACADx62@43.34 ADBEx62@43.34 
Value: 13521.41
Sales: ABCDx62@43.34 ABACx62@43.34 ACCOx62@43.34 ACADx62@43.34 ADBEx62@43.34 
Purchases: ABCDx62@43.34 ABACx62@43.34 ACCOx62@43.34 ACADx62@43.34 ADBEx62@43.34 

2011-03-06
Cash: 84.84
Held: ABCDx62@46.25 ABACx62@46.25 ACCOx62@46.25 ACADx62@46.25 ADBEx62@46.25 
Value: 14422.34
Sales: ABCDx62@46.25 ABACx62@46.25 ACCOx62@46.25 ACADx62@46.25 ADBEx62@46.25 
Purchases: ABCDx62@46.25 ABACx62@46.25 ACCOx62@46.25 ACADx62@46.25 ADBEx62@46.25 

2011-03-07
Cash: 84.84
Held: ABCDx62@46.00 ABACx62@46.00 ACCOx62@46.00 ACADx62@46.00 ADBEx62@46.00 
Value: 14344.84
Sales: ABCDx62@46.00 ABACx62@46.00 ACCOx62@46.00 ACADx62@46.00 ADBEx62@46.00 
Purchases: ABCDx62@46.00 ABACx62@46.00 ACCOx62@46.00 ACADx62@46.00 ADBEx62@46.00 

2011-03-08
Cash: 84.84
Held: ABCDx62@45.66 ABACx62@45.66 ACCOx62@45.66 ACADx62@45.66 ADBEx62@45.66 
Value: 14238.28
Sales: ABCDx62@45.66 ABACx62@45.66 ACCOx62@45.66 ACADx62@45.66 ADBEx62@45.66 
Purchases: ABCDx62@45.66 ABACx62@45.66 ACCOx62@45.66 ACADx62@45.66 ADBEx62@45.66 

2011-03-09
Cash: 84.84
Held: ABCDx62@45.38 ABACx62@45.38 ACCOx62@45.38 ACADx62@45.38 ADBEx62@45.38 
Value: 14151.09
Sales: ABCDx62@45.38 ABACx62@45.38 ACCOx62@45.38 ACADx62@45.38 ADBEx62@45.38 
Purchases: ABCDx62@45.38 ABACx62@45.38 ACCOx62@45.38 ACADx62@45.38 ADBEx62@45.38 

2011-03-10
Cash: 84.84
Held: ABCDx62@45.06 ABACx62@45.06 ACCOx62@45.06 ACADx62@45.06 ADBEx62@45.06 
Value: 14054.22
Sales: ABCDx62@45.06 ABACx62@45.06 ACCOx62@45.06 ACADx62@45.06 ADBEx62@45.06 
Purchases: ABCDx62@45.06 ABACx62@45.06 ACCOx62@45.06 ACADx62@45.06 ADBEx62@45.06 

2011-03-13
Cash: 84.84
Held: ABCDx62@45.09 ABACx62@45.09 ACCOx62@45.09 ACADx62@45.09 ADBEx62@45.09 
Value: 14063.91
Sales: ABCDx62@45.09 ABACx62@45.09 ACCOx62@45.09 ACADx62@45.09 ADBEx62@45.09 
Purchases: ABCDx62@45.09 ABACx62@45.09 ACCOx62@45.09 ACADx62@45.09 ADBEx62@45.09 

2011-03-14
Cash: 84.84
Held: ABCDx62@43.34 ABACx62@43.34 ACCOx62@43.34 ACADx62@43.34 ADBEx62@43.34 
Value: 13521.41
Sales: ABCDx62@43.34 ABACx62@43.34 ACCOx62@43.34 ACADx62@43.34 ADBEx62@43.34 
Purchases: ABCDx62@43.34 ABACx62@43.34 ACCOx62@43.34 ACADx62@43.34 ADBEx62@43.34 

2011-03-15
Cash: 84.84
Held: ABCDx62@43.59 ABACx62@43.59 ACCOx62@43.59 ACADx62@43.59 ADBEx62@43.59 
Value: 13598.91
Sales: ABCDx62@43.59 ABACx62@43.59 ACCOx62@43.59 ACADx62@43.59 ADBEx62@43.59 
Purchases: ABCDx62@43.59 ABACx62@43.59 ACCOx62@43.59 ACADx62@43.59 ADBEx62@43.59 

2011-03-16
Cash: 84.84
Held: ABCDx62@43.12 ABACx62@43.12 ACCOx62@43.12 ACADx62@43.12 ADBEx62@43.12 
Value: 13453.59
Sales: ABCDx62@43.12 ABACx62@43.12 ACCOx62@43.12 ACADx62@43.12 ADBEx62@43.12 
Purchases: ABCDx62@43.12 ABACx62@43.12 ACCOx62@43.12 ACADx62@43.12 ADBEx62@43.12 

2011-03-17
Cash: 84.84
Held: ABCDx62@43.12 ABACx62@43.12 ACCOx62@43.12 ACADx62@43.12 ADBEx62@43.12 
Value: 13453.59
Sales: ABCDx62@43.12 ABACx62@43.12 ACCOx62@43.12 ACADx62@43.12 ADBEx62@43.12 
Purchases: ABCDx62@43.12 ABACx62@43.12 ACCOx62@43.12 ACADx62@43.12 ADBEx62@43.12 

2011-03-20
Cash: 84.84
Held: ABCDx62@43.53 ABACx62@43.53 ACCOx62@43.53 ACADx62@43.53 ADBEx62@43.53 
Value: 13579.53
Sales: ABCDx62@43.53 ABACx62@43.53 ACCOx62@43.53 ACADx62@43.53 ADBEx62@43.53 
Purchases: ABCDx62@43.53 ABACx62@43.53 ACCOx62@43.53 ACADx62@43.53 ADBEx62@43.53 

2011-03-21
Cash: 84.84
Held: ABCDx62@43.91 ABACx62@43.91 ACCOx62@43.91 ACADx62@43.91 ADBEx62@43.91 
Value: 13695.78
Sales: ABCDx62@43.91 ABACx62@43.91 ACCOx62@43.91 ACADx62@43.91 ADBEx62@43.91 
Purchases: ABCDx62@43.91 ABACx62@43.91 ACCOx62@43.91 ACADx62@43.91 ADBEx62@43.91 

2011-03-22
Cash: 84.84
Held: ABCDx62@42.94 ABACx62@42.94 ACCOx62@42.94 ACADx62@42.94 ADBEx62@42.94 
Value: 13395.47
Sales: ABCDx62@42.94 ABACx62@42.94 ACCOx62@42.94 ACADx62@42.94 ADBEx62@42.94 
Purchases: ABCDx62@42.94 ABACx62@42.94 ACCOx62@42.94 ACADx62@42.94 ADBEx62@42.94 

2011-03-23
Cash: 84.84
Held: ABCDx62@44.00 ABACx62@44.00 ACCOx62@44.00 ACADx62@44.00 ADBEx62@44.00 
Value: 13724.84
Sales: ABCDx62@44.00 ABACx62@44.00 ACCOx62@44.00 ACADx62@44.00 ADBEx62@44.00 
Purchases: ABCDx62@44.00 ABACx62@44.00 ACCOx62@44.00 ACADx62@44.00 ADBEx62@44.00 

2011-03-24
Cash: 84.84
Held: ABCDx62@44.00 ABACx62@44.00 ACCOx62@44.00 ACADx62@44.00 ADBEx62@44.00 
Value: 13724.84
Sales: ABCDx62@44.00 ABACx62@44.00 ACCOx62@44.00 ACADx62@44.00 ADBEx62@44.00 
Purchases: ABCDx62@44.00 ABACx62@44.00 ACCOx62@44.00 ACADx62@44.00 ADBEx62@44.00 

2011-03-27
Cash: 84.84
Held: ABCDx62@44.25 ABACx62@44.25 ACCOx62@44.25 ACADx62@44.25 ADBEx62@44.25 
Value: 13802.34
Sales: ABCDx62@44.25 ABACx62@44.25 ACCOx62@44.25 ACADx62@44.25 ADBEx62@44.25 
Purchases: ABCDx62@44.25 ABACx62@44.25 ACCOx62@44.25 ACADx62@44.25 ADBEx62@44.25 

2011-03-28
Cash: 84.84
Held: ABCDx62@43.94 ABACx62@43.94 ACCOx62@43.94 ACADx62@43.94 ADBEx62@43.94 
Value: 13705.47
Sales: ABCDx62@43.94 ABACx62@43.94 ACCOx62@43.94 ACADx62@43.94 ADBEx62@43.94 
Purchases: ABCDx62@43.94 ABACx62@43.94 ACCOx62@43.94 ACADx62@43.94 ADBEx62@43.94 

2011-03-29
Cash: 84.84
Held: ABCDx62@44.78 ABACx62@44.78 ACCOx62@44.78 ACADx62@44.78 ADBEx62@44.78 
Value: 13967.03
Sales: ABCDx62@44.78 ABACx62@44.78 ACCOx62@44.78 ACADx62@44.78 ADBEx62@44.78 
Purchases: ABCDx62@44.78 ABACx62@44.78 ACCOx62@44.78 ACADx62@44.78 ADBEx62@44.78 

2011-03-30
Cash: 84.84
Held: ABCDx62@44.91 ABACx62@44.91 ACCOx62@44.91 ACADx62@44.91 ADBEx62@44.91 
Value: 14005.78
Sales: ABCDx62@44.91 ABACx62@44.91 ACCOx62@44.91 ACADx62@44.91 ADBEx62@44.91 
Purchases: ABCDx62@44.91 ABACx62@44.91 ACCOx62@44.91 ACADx62@44.91 ADBEx62@44.91 

2011-03-31
Cash: 84.84
Held: ABCDx62@44.88 ABACx62@44.88 ACCOx62@44.88 ACADx62@44.88 ADBEx62@44.88 
Value: 13996.09
Sales: ABCDx62@44.88 ABACx62@44.88 ACCOx62@44.88 ACADx62@44.88 ADBEx62@44.88 
Purchases: ABCDx62@44.88 ABACx62@44.88 ACCOx62@44.88 ACADx62@44.88 ADBEx62@44.88 

2011-04-03
Cash: 84.84
Held: ABCDx62@45.06 ABACx62@45.06 ACCOx62@45.06 ACADx62@45.06 ADBEx62@45.06 
Value: 14054.22
Sales: ABCDx62@45.06 ABACx62@45.06 ACCOx62@45.06 ACADx62@45.06 ADBEx62@45.06 
Purchases: ABCDx62@45.06 ABACx62@45.06 ACCOx62@45.06 ACADx62@45.06 ADBEx62@45.06 

2011-04-04
Cash: 84.84
Held: ABCDx62@44.75 ABACx62@44.75 ACCOx62@44.75 ACADx62@44.75 ADBEx62@44.75 
Value: 13957.34
Sales: ABCDx62@44.75 ABACx62@44.75 ACCOx62@44.75 ACADx62@44.75 ADBEx62@44.75 
Purchases: ABCDx62@44.75 ABACx62@44.75 ACCOx62@44.75 ACADx62@44.75 ADBEx62@44.75 

2011-04-05
Cash: 84.84
Held: ABCDx62@45.50 ABACx62@45.50 ACCOx62@45.50 ACADx62@45.50 ADBEx62@45.50 
Value: 14189.84
Sales: ABCDx62@45.50 ABACx62@45.50 ACCOx62@45.50 ACADx62@45.50 ADBEx62@45.50 
Purchases: ABCDx62@45.50 ABACx62@45.50 ACCOx62@45.50 ACADx62@45.50 ADBEx62@45.50 

2011-04-06
Cash: 84.84
Held: ABCDx62@45.22 ABACx62@45.22 ACCOx62@45.22 ACADx62@45.22 ADBEx62@45.22 
Value: 14102.66
Sales: ABCDx62@45.22 ABACx62@45.22 ACCOx62@45.22 ACADx62@45.22 ADBEx62@45.22 
Purchases: ABCDx62@45.22 ABACx62@45.22 ACCOx62@45.22 ACADx62@45.22 ADBEx62@45.22 

2011-04-07
Cash: 84.84
Held: ABCDx62@45.19 ABACx62@45.19 ACCOx62@45.19 ACADx62@45.19 ADBEx62@45.19 
Value: 14092.97
Sales: ABCDx62@45.19 ABACx62@45.19 ACCOx62@45.19 ACADx62@45.19 ADBEx62@45.19 
Purchases: ABCDx62@45.19 ABACx62@45.19 ACCOx62@45.19 ACADx62@45.19 ADBEx62@45.19 

2011-04-10
Cash: 84.84
Held: ABCDx62@44.81 ABACx62@44.81 ACCOx62@44.81 ACADx62@44.81 ADBEx62@44.81 
Value: 13976.72
Sales: ABCDx62@44.81 ABACx62@44.81 ACCOx62@44.81 ACADx62@44.81 ADBEx62@44.81 
Purchases: ABCDx62@44.81 ABACx62@44.81 ACCOx62@44.81 ACADx62@44.81 ADBEx62@44.81 

2011-04-11
Cash: 84.84
Held: ABCDx62@44.75 ABACx62@44.75 ACCOx62@44.75 ACADx62@44.75 ADBEx62@44.75 
Value: 13957.34
Sales: ABCDx62@44.75 ABACx62@44.75 ACCOx62@44.75 ACADx62@44.75 ADBEx62@44.75 
Purchases: ABCDx62@44.75 ABACx62@44.75 ACCOx62@44.75 ACADx62@44.75 ADBEx62@44.75 

2011-04-12
Cash: 84.84
Held: ABCDx62@45.22 ABACx62@45.22 ACCOx62@45.22 ACADx62@45.22 ADBEx62@45.22 
Value: 14102.66
Sales: ABCDx62@45.22 ABACx62@45.22 ACCOx62@45.22 ACADx62@45.22 ADBEx62@45.22 
Purchases: ABCDx62@45.22 ABACx62@45.22 ACCOx62@45.22 ACADx62@45.22 ADBEx62@45.22 

2011-04-13
Cash: 84.84
Held: ABCDx62@46.28 ABACx62@46.28 ACCOx62@46.28 ACADx62@46.28 ADBEx62@46.28 
Value: 14432.03
Sales: ABCDx62@46.28 ABACx62@46.28 ACCOx62@46.28 ACADx62@46.28 ADBEx62@46.28 
Purchases: ABCDx62@46.28 ABACx62@46.28 ACCOx62@46.28 ACADx62@46.28 ADBEx62@46.28 

2011-04-14
Cash: 84.84
Held: ABCDx62@46.62 ABACx62@46.62 ACCOx62@46.62 ACADx62@46.62 ADBEx62@46.62 
Value: 14538.59
Sales: ABCDx62@46.62 ABACx62@46.62 ACCOx62@46.62 ACADx62@46.62 ADBEx62@46.62 
Purchases: ABCDx62@46.62 ABACx62@46.62 ACCOx62@46.62 ACADx62@46.62 ADBEx62@46.62 

2011-04-17
Cash: 84.84
Held: ABCDx62@46.84 ABACx62@46.84 ACCOx62@46.84 ACADx62@46.84 ADBEx62@46.84 
Value: 14606.41
Sales: ABCDx62@46.84 ABACx62@46.84 ACCOx62@46.84 ACADx62@46.84 ADBEx62@46.84 
Purchases: ABCDx62@46.84 ABACx62@46.84 ACCOx62@46.84 ACADx62@46.84 ADBEx62@46.84 

2011-04-18
Cash: 84.84
Held: ABCDx62@46.72 ABACx62@46.72 ACCOx62@46.72 ACADx62@46.72 ADBEx62@46.72 
Value: 14567.66
Sales: ABCDx62@46.72 ABACx62@46.72 ACCOx62@46.72 ACADx62@46.72 ADBEx62@46.72 
Purchases: ABCDx62@46.72 ABACx62@46.72 ACCOx62@46.72 ACADx62@46.72 ADBEx62@46.72 

2011-04-19
Cash: 84.84
Held: ABCDx62@47.47 ABACx62@47.47 ACCOx62@47.47 ACADx62@47.47 ADBEx62@47.47 
Value: 14800.16
Sales: ABCDx62@47.47 ABACx62@47.47 ACCOx62@47.47 ACADx62@47.47 ADBEx62@47.47 
Purchases: ABCDx62@47.47 ABACx62@47.47 ACCOx62@47.47 ACADx62@47.47 ADBEx62@47.47 

2011-04-20
Cash: 84.84
Held: ABCDx62@48.94 ABACx62@48.94 ACCOx62@48.94 ACADx62@48.94 ADBEx62@48.94 
Value: 15255.47
Sales: ABCDx62@48.94 ABACx62@48.94 ACCOx62@48.94 ACADx62@48.94 ADBEx62@48.94 
Purchases: ABCDx62@48.94 ABACx62@48.94 ACCOx62@48.94 ACADx62@48.94 ADBEx62@48.94 

2011-04-24
Cash: 84.84
Held: ABCDx62@49.09 ABACx62@49.09 ACCOx62@49.09 ACADx62@49.09 ADBEx62@49.09 
Value: 15303.91
Sales: ABCDx62@49.09 ABACx62@49.09 ACCOx62@49.09 ACADx62@49.09 ADBEx62@49.09 
Purchases: ABCDx62@49.09 ABACx62@49.09 ACCOx62@49.09 ACADx62@49.09 ADBEx62@49.09 

2011-04-25
Cash: 84.84
Held: ABCDx62@48.44 ABACx62@48.44 ACCOx62@48.44 ACADx62@48.44 ADBEx62@48.44 
Value: 15100.47
Sales: ABCDx62@48.44 ABACx62@48.44 ACCOx62@48.44 ACADx62@48.44 ADBEx62@48.44 
Purchases: ABCDx62@48.44 ABACx62@48.44 ACCOx62@48.44 ACADx62@48.44 ADBEx62@48.44 

2011-04-26
Cash: 84.84
Held: ABCDx62@49.47 ABACx62@49.47 ACCOx62@49.47 ACADx62@49.47 ADBEx62@49.47 
Value: 15420.16
Sales: ABCDx62@49.47 ABACx62@49.47 ACCOx62@49.47 ACADx62@49.47 ADBEx62@49.47 
Purchases: ABCDx62@49.47 ABACx62@49.47 ACCOx62@49.47 ACADx62@49.47 ADBEx62@49.47 

2011-04-27
Cash: 84.84
Held: ABCDx62@49.84 ABACx62@49.84 ACCOx62@49.84 ACADx62@49.84 ADBEx62@49.84 
Value: 15536.41
Sales: ABCDx62@49.84 ABACx62@49.84 ACCOx62@49.84 ACADx62@49.84 ADBEx62@49.84 
Purchases: ABCDx62@49.84 ABACx62@49.84 ACCOx62@49.84 ACADx62@49.84 ADBEx62@49.84 

2011-04-28
Cash: 84.84
Held: ABCDx62@50.31 ABACx62@50.31 ACCOx62@50.31 ACADx62@50.31 ADBEx62@50.31 
Value: 15681.72
Sales: ABCDx62@50.31 ABACx62@50.31 ACCOx62@50.31 ACADx62@50.31 ADBEx62@50.31 
Purchases: ABCDx62@50.31 ABACx62@50.31 ACCOx62@50.31 ACADx62@50.31 ADBEx62@50.31 

2011-05-01
Cash: 84.84
Held: ABCDx62@50.25 ABACx62@50.25 ACCOx62@50.25 ACADx62@50.25 ADBEx62@50.25 
Value: 15662.34
Sales: ABCDx62@50.25 ABACx62@50.25 ACCOx62@50.25 ACADx62@50.25 ADBEx62@50.25 
Purchases: ABCDx62@50.25 ABACx62@50.25 ACCOx62@50.25 ACADx62@50.25 ADBEx62@50.25 

2011-05-02
Cash: 84.84
Held: ABCDx62@50.47 ABACx62@50.47 ACCOx62@50.47 ACADx62@50.47 ADBEx62@50.47 
Value: 15730.16
Sales: ABCDx62@50.47 ABACx62@50.47 ACCOx62@50.47 ACADx62@50.47 ADBEx62@50.47 
Purchases: ABCDx62@50.47 ABACx62@50.47 ACCOx62@50.47 ACADx62@50.47 ADBEx62@50.47 

2011-05-03
Cash: 84.84
Held: ABCDx62@50.56 ABACx62@50.56 ACCOx62@50.56 ACADx62@50.56 ADBEx62@50.56 
Value: 15759.22
Sales: ABCDx62@50.56 ABACx62@50.56 ACCOx62@50.56 ACADx62@50.56 ADBEx62@50.56 
Purchases: ABCDx62@50.56 ABACx62@50.56 ACCOx62@50.56 ACADx62@50.56 ADBEx62@50.56 

2011-05-04
Cash: 84.84
Held: ABCDx62@49.38 ABACx62@49.38 ACCOx62@49.38 ACADx62@49.38 ADBEx62@49.38 
Value: 15391.09
Sales: ABCDx62@49.38 ABACx62@49.38 ACCOx62@49.38 ACADx62@49.38 ADBEx62@49.38 
Purchases: ABCDx62@49.38 ABACx62@49.38 ACCOx62@49.38 ACADx62@49.38 ADBEx62@49.38 

2011-05-05
Cash: 84.84
Held: ABCDx62@50.00 ABACx62@50.00 ACCOx62@50.00 ACADx62@50.00 ADBEx62@50.00 
Value: 15584.84
Sales: ABCDx62@50.00 ABACx62@50.00 ACCOx62@50.00 ACADx62@50.00 ADBEx62@50.00 
Purchases: ABCDx62@50.00 ABACx62@50.00 ACCOx62@50.00 ACADx62@50.00 ADBEx62@50.00 

2011-05-08
Cash: 84.84
Held: ABCDx62@49.84 ABACx62@49.84 ACCOx62@49.84 ACADx62@49.84 ADBEx62@49.84 
Value: 15536.41
Sales: ABCDx62@49.84 ABACx62@49.84 ACCOx62@49.84 ACADx62@49.84 ADBEx62@49.84 
Purchases: ABCDx62@49.84 ABACx62@49.84 ACCOx62@49.84 ACADx62@49.84 ADBEx62@49.84 

2011-05-09
Cash: 84.84
Held: ABCDx62@50.09 ABACx62@50.09 ACCOx62@50.09 ACADx62@50.09 ADBEx62@50.09 
Value: 15613.91
Sales: ABCDx62@50.09 ABACx62@50.09 ACCOx62@50.09 ACADx62@50.09 ADBEx62@50.09 
Purchases: ABCDx62@50.09 ABACx62@50.09 ACCOx62@50.09 ACADx62@50.09 ADBEx62@50.09 

2011-05-10
Cash: 84.84
Held: ABCDx62@50.50 ABACx62@50.50 ACCOx62@50.50 ACADx62@50.50 ADBEx62@50.50 
Value: 15739.84
Sales: ABCDx62@50.50 ABACx62@50.50 ACCOx62@50.50 ACADx62@50.50 ADBEx62@50.50 
Purchases: ABCDx62@50.50 ABACx62@50.50 ACCOx62@50.50 ACADx62@50.50 ADBEx62@50.50 

2011-05-11
Cash: 84.84
Held: ABCDx62@49.84 ABACx62@49.84 ACCOx62@49.84 ACADx62@49.84 ADBEx62@49.84 
Value: 15536.41
Sales: ABCDx62@49.84 ABACx62@49.84 ACCOx62@49.84 ACADx62@49.84 ADBEx62@49.84 
Purchases: ABCDx62@49.84 ABACx62@49.84 ACCOx62@49.84 ACADx62@49.84 ADBEx62@49.84 

2011-05-12
Cash: 84.84
Held: ABCDx62@54.06 ABACx62@54.06 ACCOx62@54.06 ACADx62@54.06 ADBEx62@54.06 
Value: 16844.22
Sales: ABCDx62@54.06 ABACx62@54.06 ACCOx62@54.06 ACADx62@54.06 ADBEx62@54.06 
Purchases: ABCDx62@54.06 ABACx62@54.06 ACCOx62@54.06 ACADx62@54.06 ADBEx62@54.06 

2011-05-15
Cash: 84.84
Held: ABCDx62@52.19 ABACx62@52.19 ACCOx62@52.19 ACADx62@52.19 ADBEx62@52.19 
Value: 16262.97
Sales: ABCDx62@52.19 ABACx62@52.19 ACCOx62@52.19 ACADx62@52.19 ADBEx62@52.19 
Purchases: ABCDx62@52.19 ABACx62@52.19 ACCOx62@52.19 ACADx62@52.19 ADBEx62@52.19 

2011-05-16
Cash: 84.84
Held: ABCDx62@51.69 ABACx62@51.69 ACCOx62@51.69 ACADx62@51.69 ADBEx62@51.69 
Value: 16107.97
Sales: ABCDx62@51.69 ABACx62@51.69 ACCOx62@51.69 ACADx62@51.69 ADBEx62@51.69 
Purchases: ABCDx62@51.69 ABACx62@51.69 ACCOx62@51.69 ACADx62@51.69 ADBEx62@51.69 

2011-05-17
Cash: 84.84
Held: ABCDx62@51.12 ABACx62@51.12 ACCOx62@51.12 ACADx62@51.12 ADBEx62@51.12 
Value: 15933.59
Sales: ABCDx62@51.12 ABACx62@51.12 ACCOx62@51.12 ACADx62@51.12 ADBEx62@51.12 
Purchases: ABCDx62@51.12 ABACx62@51.12 ACCOx62@51.12 ACADx62@51.12 ADBEx62@51.12 

2011-05-18
Cash: 84.84
Held: ABCDx62@51.94 ABACx62@51.94 ACCOx62@51.94 ACADx62@51.94 ADBEx62@51.94 
Value: 16185.47
Sales: ABCDx62@51.94 ABACx62@51.94 ACCOx62@51.94 ACADx62@51.94 ADBEx62@51.94 
Purchases: ABCDx62@51.94 ABACx62@51.94 ACCOx62@51.94 ACADx62@51.94 ADBEx62@51.94 

2011-05-19
Cash: 84.84
Held: ABCDx62@51.16 ABACx62@51.16 ACCOx62@51.16 ACADx62@51.16 ADBEx62@51.16 
Value: 15943.28
Sales: ABCDx62@51.16 ABACx62@51.16 ACCOx62@51.16 ACADx62@51.16 ADBEx62@51.16 
Purchases: ABCDx62@51.16 ABACx62@51.16 ACCOx62@51.16 ACADx62@51.16 ADBEx62@51.16 

2011-05-22
Cash: 84.84
Held: ABCDx62@49.81 ABACx62@49.81 ACCOx62@49.81 ACADx62@49.81 ADBEx62@49.81 
Value: 15526.72
Sales: ABCDx62@49.81 ABACx62@49.81 ACCOx62@49.81 ACADx62@49.81 ADBEx62@49.81 
Purchases: ABCDx62@49.81 ABACx62@49.81 ACCOx62@49.81 ACADx62@49.81 ADBEx62@49.81 

2011-05-23
Cash: 84.84
Held: ABCDx62@49.25 ABACx62@49.25 ACCOx62@49.25 ACADx62@49.25 ADBEx62@49.25 
Value: 15352.34
Sales: ABCDx62@49.25 ABACx62@49.25 ACCOx62@49.25 ACADx62@49.25 ADBEx62@49.25 
Purchases: ABCDx62@49.25 ABACx62@49.25 ACCOx62@49.25 ACADx62@49.25 ADBEx62@49.25 

2011-05-24
Cash: 84.84
Held: ABCDx62@48.25 ABACx62@48.25 ACCOx62@48.25 ACADx62@48.25 ADBEx62@48.25 
Value: 15042.34
Sales: ABCDx62@48.25 ABACx62@48.25 ACCOx62@48.25 ACADx62@48.25 ADBEx62@48.25 
Purchases: ABCDx62@48.25 ABACx62@48.25 ACCOx62@48.25 ACADx62@48.25 ADBEx62@48.25 

2011-05-25
Cash: 84.84
Held: ABCDx62@48.72 ABACx62@48.72 ACCOx62@48.72 ACADx62@48.72 ADBEx62@48.72 
Value: 15187.66
Sales: ABCDx62@48.72 ABACx62@48.72 ACCOx62@48.72 ACADx62@48.72 ADBEx62@48.72 
Purchases: ABCDx62@48.72 ABACx62@48.72 ACCOx62@48.72 ACADx62@48.72 ADBEx62@48.72 

2011-05-26
Cash: 84.84
Held: ABCDx62@49.41 ABACx62@49.41 ACCOx62@49.41 ACADx62@49.41 ADBEx62@49.41 
Value: 15400.78
Sales: ABCDx62@49.41 ABACx62@49.41 ACCOx62@49.41 ACADx62@49.41 ADBEx62@49.41 
Purchases: ABCDx62@49.41 ABACx62@49.41 ACCOx62@49.41 ACADx62@49.41 ADBEx62@49.41 

2011-05-30
Cash: 84.84
Held: ABCDx62@49.69 ABACx62@49.69 ACCOx62@49.69 ACADx62@49.69 ADBEx62@49.69 
Value: 15487.97
Sales: ABCDx62@49.69 ABACx62@49.69 ACCOx62@49.69 ACADx62@49.69 ADBEx62@49.69 
Purchases: ABCDx62@49.69 ABACx62@49.69 ACCOx62@49.69 ACADx62@49.69 ADBEx62@49.69 

2011-05-31
Cash: 84.84
Held: ABCDx62@49.78 ABACx62@49.78 ACCOx62@49.78 ACADx62@49.78 ADBEx62@49.78 
Value: 15517.03
Sales: ABCDx62@49.78 ABACx62@49.78 ACCOx62@49.78 ACADx62@49.78 ADBEx62@49.78 
Purchases: ABCDx62@49.78 ABACx62@49.78 ACCOx62@49.78 ACADx62@49.78 ADBEx62@49.78 

2011-06-01
Cash: 84.84
Held: ABCDx62@48.16 ABACx62@48.16 ACCOx62@48.16 ACADx62@48.16 ADBEx62@48.16 
Value: 15013.28
Sales: ABCDx62@48.16 ABACx62@48.16 ACCOx62@48.16 ACADx62@48.16 ADBEx62@48.16 
Purchases: ABCDx62@48.16 ABACx62@48.16 ACCOx62@48.16 ACADx62@48.16 ADBEx62@48.16 

2011-06-02
Cash: 84.84
Held: ABCDx62@47.38 ABACx62@47.38 ACCOx62@47.38 ACADx62@47.38 ADBEx62@47.38 
Value: 14771.09
Sales: ABCDx62@47.38 ABACx62@47.38 ACCOx62@47.38 ACADx62@47.38 ADBEx62@47.38 
Purchases: ABCDx62@47.38 ABACx62@47.38 ACCOx62@47.38 ACADx62@47.38 ADBEx62@47.38 

2011-06-05
Cash: 84.84
Held: ABCDx62@47.25 ABACx62@47.25 ACCOx62@47.25 ACADx62@47.25 ADBEx62@47.25 
Value: 14732.34
Sales: ABCDx62@47.25 ABACx62@47.25 ACCOx62@47.25 ACADx62@47.25 ADBEx62@47.25 
Purchases: ABCDx62@47.25 ABACx62@47.25 ACCOx62@47.25 ACADx62@47.25 ADBEx62@47.25 

2011-06-06
Cash: 84.84
Held: ABCDx62@47.50 ABACx62@47.50 ACCOx62@47.50 ACADx62@47.50 ADBEx62@47.50 
Value: 14809.84
Sales: ABCDx62@47.50 ABACx62@47.50 ACCOx62@47.50 ACADx62@47.50 ADBEx62@47.50 
Purchases: ABCDx62@47.50 ABACx62@47.50 ACCOx62@47.50 ACADx62@47.50 ADBEx62@47.50 

2011-06-07
Cash: 84.84
Held: ABCDx62@47.53 ABACx62@47.53 ACCOx62@47.53 ACADx62@47.53 ADBEx62@47.53 
Value: 14819.53
Sales: ABCDx62@47.53 ABACx62@47.53 ACCOx62@47.53 ACADx62@47.53 ADBEx62@47.53 
Purchases: ABCDx62@47.53 ABACx62@47.53 ACCOx62@47.53 ACADx62@47.53 ADBEx62@47.53 

2011-06-08
Cash: 84.84
Held: ABCDx62@47.84 ABACx62@47.84 ACCOx62@47.84 ACADx62@47.84 ADBEx62@47.84 
Value: 14916.41
Sales: ABCDx62@47.84 ABACx62@47.84 ACCOx62@47.84 ACADx62@47.84 ADBEx62@47.84 
Purchases: ABCDx62@47.84 ABACx62@47.84 ACCOx62@47.84 ACADx62@47.84 ADBEx62@47.84 

2011-06-09
Cash: 84.84
Held: ABCDx62@48.44 ABACx62@48.44 ACCOx62@48.44 ACADx62@48.44 ADBEx62@48.44 
Value: 15100.47
Sales: ABCDx62@48.44 ABACx62@48.44 ACCOx62@48.44 ACADx62@48.44 ADBEx62@48.44 
Purchases: ABCDx62@48.44 ABACx62@48.44 ACCOx62@48.44 ACADx62@48.44 ADBEx62@48.44 

