2010-10-25
Cash: 10000.00
Held: 
Value: 10000.00
Sales: 
Purchases: HMNFx655@3.05 LIVEx209@9.54 CVBx226@8.83 RASx1227@1.63 CONNx555@3.60 

2010-10-26
Cash: 15.27
Held: LIVEx209@9.59 CVBx226@9.24 CONNx555@4.16 HMNFx655@3.04 RASx1227@1.70 
Value: 10494.71
Sales: HMNFx655@3.04 LIVEx209@9.59 CVBx226@9.24 RASx1227@1.70 CONNx555@4.16 
Purchases: CGAx291@7.19 ARIAx568@3.69 INVTx1234@1.70 WAYNx247@8.49 MTSLx1199@1.75 

2010-10-27
Cash: 12.54
Held: INVTx1234@1.92 WAYNx247@8.50 ARIAx568@3.77 MTSLx1199@2.21 CGAx291@7.72 
Value: 11519.39
Sales: CGAx291@7.72 ARIAx568@3.77 INVTx1234@1.92 WAYNx247@8.50 MTSLx1199@2.21 
Purchases: VTNRx4190@0.55 HMGx505@4.56 PLBCx1061@2.17 IFONx2916@0.79 LOPEx123@18.66 

2010-10-28
Cash: 12.86
Held: PLBCx1061@2.40 HMGx505@5.15 VTNRx4190@0.60 IFONx2916@0.84 LOPEx123@18.61 
Value: 12411.98
Sales: VTNRx4190@0.60 HMGx505@5.15 PLBCx1061@2.40 IFONx2916@0.84 LOPEx123@18.61 
Purchases: FBCx1938@1.28 MPXx407@6.09 SKXx128@19.30 OESXx711@3.49 UCBIx1247@1.99 

2010-10-31
Cash: 18.86
Held: MPXx407@6.28 UCBIx1247@1.92 OESXx711@3.30 SKXx128@19.62 FBCx1938@1.29 
Value: 12328.42
Sales: SKXx128@19.62 FBCx1938@1.29 OESXx711@3.30 MPXx407@6.28 UCBIx1247@1.92 
Purchases: PIPx702@3.51 NCIx268@9.19 AMAGx155@15.90 EXASx353@6.97 NUVAx94@26.12 

2010-11-01
Cash: 22.34
Held: NCIx268@9.02 NUVAx94@25.72 PIPx702@3.45 AMAGx155@15.96 EXASx353@6.30 
Value: 11977.66
Sales: PIPx702@3.45 NCIx268@9.02 AMAGx155@15.96 EXASx353@6.30 NUVAx94@25.72 
Purchases: OREXx453@5.28 NRx444@5.39 ATNIx57@41.41 AXNx973@2.46 OSTKx185@12.88 

2010-11-02
Cash: 53.85
Held: OREXx453@5.29 OSTKx185@12.84 NRx444@5.55 AXNx973@2.56 ATNIx57@40.53 
Value: 12092.13
Sales: AXNx973@2.56 NRx444@5.55 ATNIx57@40.53 OREXx453@5.29 OSTKx185@12.84 
Purchases: ELTKx2015@1.20 BIOSx538@4.49 BIOPx4650@0.52 CDTIx37@64.50 CCURx483@5.00 

2010-11-03
Cash: 39.45
Held: CCURx483@5.01 CDTIx37@75.88 ELTKx2015@1.40 BIOSx538@4.54 BIOPx4650@0.42 
Value: 12483.92
Sales: ELTKx2015@1.40 BIOSx538@4.54 BIOPx4650@0.42 CDTIx37@75.88 CCURx483@5.01 
Purchases: SOFOx199@12.50 LPTHx928@2.69 INVTx1062@2.35 CEIx1236@2.02 BOSCx365@6.84 

2010-11-04
Cash: 12.64
Held: INVTx1062@2.25 LPTHx928@2.67 SOFOx199@13.24 CEIx1236@2.04 BOSCx365@7.36 
Value: 12721.48
Sales: BOSCx365@7.36 INVTx1062@2.25 LPTHx928@2.67 CEIx1236@2.04 SOFOx199@13.24 
Purchases: PBBIx726@3.50 SSFNx373@6.81 GIGAx1156@2.20 IBCPx1570@1.62 ENGx975@2.61 

2010-11-07
Cash: 10.85
Held: IBCPx1570@1.74 PBBIx726@3.51 ENGx975@2.80 GIGAx1156@2.36 SSFNx373@7.21 
Value: 13438.99
Sales: PBBIx726@3.51 SSFNx373@7.21 IBCPx1570@1.74 GIGAx1156@2.36 ENGx975@2.80 
Purchases: GRNx107@25.11 ROIAKx2714@0.99 COx647@4.15 HNRGx223@12.00 BTNx341@7.88 

2010-11-08
Cash: 18.04
Held: GRNx107@27.48 ROIAKx2714@1.15 BTNx341@7.18 COx647@4.25 HNRGx223@13.24 
Value: 14232.06
Sales: GRNx107@27.48 ROIAKx2714@1.15 COx647@4.25 HNRGx223@13.24 BTNx341@7.18 
Purchases: STMPx211@13.47 DRWIx16@176.50 SOLx224@12.66 HGSHx801@3.55 RBCNx124@22.95 

2010-11-09
Cash: 40.79
Held: STMPx211@13.32 DRWIx16@170.75 RBCNx124@22.84 SOLx224@12.29 HGSHx801@3.87 
Value: 14267.93
Sales: SOLx224@12.29 STMPx211@13.32 DRWIx16@170.75 HGSHx801@3.87 RBCNx124@22.84 
Purchases: DFx340@8.39 IMNPx5386@0.53 YTENx258@11.04 NAVBx1630@1.75 RBPAAx1501@1.90 

2010-11-10
Cash: 8.63
Held: RBPAAx1501@1.90 YTENx258@11.01 DFx340@7.69 IMNPx5386@0.50 NAVBx1630@1.74 
Value: 13845.79
Sales: DFx340@7.69 IMNPx5386@0.50 YTENx258@11.01 RBPAAx1501@1.90 NAVBx1630@1.74 
Purchases: UIHCx1069@2.59 LIVEx445@6.21 JMBAx1241@2.23 SMTXx704@3.93 PRKRx6154@0.45 

2010-11-11
Cash: 9.87
Held: LIVEx445@5.97 PRKRx6154@0.46 SMTXx704@3.77 UIHCx1069@2.59 JMBAx1241@2.25 
Value: 13711.11
Sales: PRKRx6154@0.46 LIVEx445@5.97 JMBAx1241@2.25 SMTXx704@3.77 UIHCx1069@2.59 
Purchases: FCSCx6689@0.41 SRDXx303@9.04 AIZx77@35.34 ARCIx908@3.02 ADGEx902@3.04 

2010-11-14
Cash: 25.93
Held: SRDXx303@8.75 AIZx77@35.12 ADGEx902@3.03 ARCIx908@3.03 FCSCx6689@0.45 
Value: 13874.56
Sales: ADGEx902@3.03 SRDXx303@8.75 FCSCx6689@0.45 ARCIx908@3.03 AIZx77@35.12 
Purchases: TORMx301@9.22 COYNx554@5.00 LINKx9567@0.29 SGGx35@77.25 OBCIx1374@2.02 

2010-11-15
Cash: 76.33
Held: TORMx301@8.50 OBCIx1374@2.06 LINKx9567@0.30 SGGx35@78.88 COYNx554@4.75 
Value: 13728.71
Sales: TORMx301@8.50 COYNx554@4.75 LINKx9567@0.30 SGGx35@78.88 OBCIx1374@2.06 
Purchases: NBNx212@12.91 CDTIx57@47.50 HCSGx171@16.02 ASMx1634@1.68 WCNx106@25.78 

2010-11-16
Cash: 68.99
Held: WCNx106@25.92 HCSGx171@15.80 NBNx212@13.07 ASMx1634@1.56 CDTIx57@59.59 
Value: 14234.06
Sales: NBNx212@13.07 CDTIx57@59.59 HCSGx171@15.80 ASMx1634@1.56 WCNx106@25.92 
Purchases: CLBSx2032@1.40 HRTXx4907@0.58 RGSx158@17.98 SSKNx1009@2.82 RAIx88@32.03 

2010-11-17
Cash: 36.05
Held: SSKNx1009@2.53 CLBSx2032@1.44 RGSx158@18.56 RAIx88@32.34 HRTXx4907@0.63 
Value: 14385.02
Sales: CLBSx2032@1.44 HRTXx4907@0.63 RGSx158@18.56 SSKNx1009@2.53 RAIx88@32.34 
Purchases: CVVx479@6.00 SARx155@18.45 APRIx137@21.00 SSKNx1137@2.53 FNx170@16.91 

2010-11-18
Cash: 23.92
Held: SARx155@18.20 CVVx479@6.50 SSKNx1137@5.45 APRIx137@22.20 FNx170@16.48 
Value: 17998.83
Sales: CVVx479@6.50 SARx155@18.20 APRIx137@22.20 SSKNx1137@5.45 FNx170@16.48 
Purchases: HAFCx3829@0.94 BVXx1013@3.55 WERNx177@20.30 ACFCx2431@1.48 FBPx13844@0.26 

2010-11-21
Cash: 11.72
Held: WERNx177@20.88 HAFCx3829@0.91 FBPx13844@0.27 ACFCx2431@1.51 BVXx1013@3.55 
Value: 18196.91
Sales: HAFCx3829@0.91 FBPx13844@0.27 WERNx177@20.88 ACFCx2431@1.51 BVXx1013@3.55 
Purchases: BSFx3466@1.05 INSx3604@1.01 TROVx12129@0.30 CKXx351@10.37 GTIMx5350@0.68 

2010-11-22
Cash: 1.98
Held: CKXx351@10.35 INSx3604@1.09 BSFx3466@0.96 GTIMx5350@0.69 TROVx12129@0.31 
Value: 18342.28
Sales: BSFx3466@0.96 GTIMx5350@0.69 TROVx12129@0.31 CKXx351@10.35 INSx3604@1.09 
Purchases: NYNYx3246@1.13 XPOx1554@2.36 CDTIx44@81.88 LGNDx448@8.19 MTSLx2477@1.48 

2010-11-23
Cash: 70.59
Held: LGNDx448@8.19 XPOx1554@2.36 NYNYx3246@1.12 MTSLx2477@1.42 CDTIx44@70.31 
Value: 17651.86
Sales: NYNYx3246@1.12 CDTIx44@70.31 XPOx1554@2.36 LGNDx448@8.19 MTSLx2477@1.42 
Purchases: ELTKx3043@1.16 ISRx2503@1.41 CONNx1060@3.33 BRCDx681@5.18 NYNYx3151@1.12 

2010-11-25
Cash: 5.14
Held: ISRx2503@1.39 CONNx1060@3.30 BRCDx681@5.05 NYNYx3151@1.08 ELTKx3043@1.22 
Value: 17536.80
Sales: NYNYx3151@1.08 ISRx2503@1.39 BRCDx681@5.05 CONNx1060@3.30 ELTKx3043@1.22 
Purchases: IRCPx223@15.70 LLITx686@5.11 CDTIx53@65.44 RIBTx19479@0.18 ITUSx13489@0.26 

2010-11-28
Cash: 47.25
Held: ITUSx13489@0.25 LLITx686@5.10 RIBTx19479@0.21 CDTIx53@76.06 IRCPx223@15.66 
Value: 18531.65
Sales: IRCPx223@15.66 LLITx686@5.10 CDTIx53@76.06 RIBTx19479@0.21 ITUSx13489@0.25 
Purchases: AIIIx2851@1.30 CYANx1243@2.98 LPTHx2273@1.63 SYPRx1172@3.16 CASMx1235@3.00 

2010-11-29
Cash: 7.76
Held: SYPRx1172@3.44 CASMx1235@2.91 LPTHx2273@1.72 CYANx1243@2.88 AIIIx2851@1.43 
Value: 19198.73
Sales: CASMx1235@2.91 CYANx1243@2.88 AIIIx2851@1.43 LPTHx2273@1.72 SYPRx1172@3.44 
Purchases: VUZIx54847@0.07 CYANx1332@2.88 IOTx1051@3.65 ELTKx3555@1.08 XBKSx6509@0.59 

2010-11-30
Cash: 6.20
Held: IOTx1051@3.75 CYANx1332@3.00 XBKSx6509@0.46 ELTKx3555@1.29 VUZIx54847@0.08 
Value: 19912.12
Sales: XBKSx6509@0.46 CYANx1332@3.00 VUZIx54847@0.08 IOTx1051@3.75 ELTKx3555@1.29 
Purchases: THOx133@29.78 HTMx3555@1.12 MSONx1769@2.25 ICCCx1453@2.74 JKSx168@23.61 

2010-12-01
Cash: 41.01
Held: MSONx1769@2.39 JKSx168@22.42 HTMx3555@1.10 ICCCx1453@3.00 THOx133@29.91 
Value: 20282.55
Sales: THOx133@29.91 HTMx3555@1.10 MSONx1769@2.39 ICCCx1453@3.00 JKSx168@22.42 
Purchases: EDZx35@115.12 AXNx1648@2.46 IGCx6877@0.59 CRTNx1656@2.45 DTRMx877@4.62 

2010-12-02
Cash: 32.59
Held: CRTNx1656@2.34 EDZx35@112.00 DTRMx877@4.88 AXNx1648@2.83 IGCx6877@0.55 
Value: 20551.14
Sales: EDZx35@112.00 IGCx6877@0.55 AXNx1648@2.83 CRTNx1656@2.34 DTRMx877@4.88 
Purchases: TSRIx685@6.00 BORNx352@11.67 LLITx822@5.00 CRMDx3572@1.15 TTMx131@31.31 

2010-12-05
Cash: 11.51
Held: TTMx131@30.64 LLITx822@5.07 TSRIx685@5.38 CRMDx3572@1.19 BORNx352@11.41 
Value: 20144.99
Sales: TSRIx685@5.38 BORNx352@11.41 LLITx822@5.07 CRMDx3572@1.19 TTMx131@30.64 
Purchases: WRNx1685@2.39 SSYx2457@1.64 ZUMZx134@29.98 LBx126@31.84 CPFx139@28.80 

2010-12-06
Cash: 55.19
Held: LBx126@32.03 SSYx2457@1.65 ZUMZx134@30.69 CPFx139@28.41 WRNx1685@2.44 
Value: 20317.21
Sales: WRNx1685@2.44 SSYx2457@1.65 ZUMZx134@30.69 LBx126@32.03 CPFx139@28.41 
Purchases: PTNx4838@0.84 FORRx125@32.34 XCRAx548@7.41 IBCPx3695@1.10 OREXx853@4.76 

2010-12-07
Cash: 25.51
Held: XCRAx548@7.27 FORRx125@33.12 PTNx4838@0.86 IBCPx3695@1.10 OREXx853@11.00 
Value: 25755.91
Sales: OREXx853@11.00 FORRx125@33.12 XCRAx548@7.27 IBCPx3695@1.10 PTNx4838@0.86 
Purchases: CLBHx1846@2.79 GERNx1022@5.04 AHPIx645@7.98 GNMKx1281@4.02 DXRx506@10.17 

2010-12-08
Cash: 13.99
Held: GNMKx1281@4.02 GERNx1022@4.92 CLBHx1846@2.79 AHPIx645@8.26 DXRx506@10.16 
Value: 25807.13
Sales: CLBHx1846@2.79 GNMKx1281@4.02 GERNx1022@4.92 DXRx506@10.16 AHPIx645@8.26 
Purchases: GPLx2132@2.42 OPHCx1453@3.55 MGHx2646@1.95 AGQx9@554.00 GUREx488@10.57 

2010-12-09
Cash: 184.04
Held: AGQx9@543.00 MGHx2646@2.21 OPHCx1453@3.51 GUREx488@10.92 GPLx2132@2.46 
Value: 26597.46
Sales: GPLx2132@2.46 OPHCx1453@3.51 MGHx2646@2.21 AGQx9@543.00 GUREx488@10.92 
Purchases: EMITFx20@264.25 TIKx784@6.78 RLGTx5911@0.90 WTIx308@17.25 ITUSx26603@0.20 

2010-12-12
Cash: 44.34
Held: ITUSx26603@0.27 WTIx308@17.64 RLGTx5911@1.01 EMITFx20@262.75 TIKx784@7.00 
Value: 29372.71
Sales: EMITFx20@262.75 WTIx308@17.64 RLGTx5911@1.01 TIKx784@7.00 ITUSx26603@0.27 
Purchases: CZZx449@13.07 SMMFx1365@4.30 INVEx2633@2.23 LINCx387@15.14 UBFOx1640@3.58 

2010-12-13
Cash: 30.00
Held: INVEx2633@2.23 CZZx449@13.04 LINCx387@15.45 UBFOx1640@3.55 SMMFx1365@4.30 
Value: 29431.57
Sales: CZZx449@13.04 UBFOx1640@3.55 INVEx2633@2.23 LINCx387@15.45 SMMFx1365@4.30 
Purchases: RESx281@20.94 ROIAx5886@1.00 USATPx452@13.00 SPEXx9651@0.61 PTIEx889@6.62 

2010-12-14
Cash: 14.19
Held: PTIEx889@6.53 SPEXx9651@0.63 ROIAx5886@1.05 RESx281@19.23 USATPx452@13.00 
Value: 29359.48
Sales: RESx281@19.23 ROIAx5886@1.05 USATPx452@13.00 SPEXx9651@0.63 PTIEx889@6.53 
Purchases: KINSx1932@3.04 OPHCx2609@2.25 SQBGx53387@0.11 BBYx166@35.31 LCIx1188@4.94 

2010-12-15
Cash: 13.70
Held: BBYx166@34.59 SQBGx53387@0.11 OPHCx2609@2.26 LCIx1188@4.93 KINSx1932@3.16 
Value: 29485.67
Sales: KINSx1932@3.16 OPHCx2609@2.26 SQBGx53387@0.11 BBYx166@34.59 LCIx1188@4.93 
Purchases: CLBSx4211@1.40 SAFMx151@38.94 INVTx2620@2.25 SNCRx224@26.31 CYTKx465@12.66 

2010-12-16
Cash: 34.91
Held: INVTx2620@2.31 SNCRx224@26.94 CLBSx4211@1.43 SAFMx151@38.88 CYTKx465@13.02 
Value: 30068.98
Sales: CLBSx4211@1.43 SAFMx151@38.88 INVTx2620@2.31 SNCRx224@26.94 CYTKx465@13.02 
Purchases: MITKx1234@4.87 LTEAx37578@0.16 INUVx1306@4.60 MMACx50117@0.12 SPUx1488@4.04 

2010-12-19
Cash: 10.72
Held: SPUx1488@4.10 INUVx1306@4.69 LTEAx37578@0.16 MITKx1234@5.04 MMACx50117@0.11 
Value: 29984.93
Sales: MMACx50117@0.11 LTEAx37578@0.16 INUVx1306@4.69 SPUx1488@4.10 MITKx1234@5.04 
Purchases: CRKx54@110.31 SRDXx526@11.40 MAx27@221.25 HEIx113@52.84 Vx88@67.50 

2010-12-20
Cash: 147.38
Held: MAx27@224.75 SRDXx526@11.58 Vx88@68.69 HEIx113@52.84 CRKx54@112.19 
Value: 30379.70
Sales: CRKx54@112.19 SRDXx526@11.58 MAx27@224.75 HEIx113@52.84 Vx88@68.69 
Purchases: GALEx2124@2.86 SBOTx5377@1.13 SMMFx1522@3.99 QRHCx21697@0.28 PNBKx3023@2.01 

2010-12-21
Cash: 6.55
Held: GALEx2124@2.75 QRHCx21697@0.30 PNBKx3023@1.97 SBOTx5377@1.17 SMMFx1522@3.89 
Value: 30524.39
Sales: GALEx2124@2.75 SBOTx5377@1.17 SMMFx1522@3.89 QRHCx21697@0.30 PNBKx3023@1.97 
Purchases: ORNx537@11.35 STVx813@7.50 RBPAAx4359@1.40 CEIx2553@2.39 BIOLx4181@1.46 

2010-12-22
Cash: 19.44
Held: RBPAAx4359@1.31 ORNx537@11.19 STVx813@7.26 CEIx2553@2.40 BIOLx4181@1.64 
Value: 30622.89
Sales: ORNx537@11.19 STVx813@7.26 RBPAAx4359@1.31 BIOLx4181@1.64 CEIx2553@2.40 
Purchases: ORNx547@11.19 JOBx14585@0.42 CFBKx2076@2.95 LIVEx923@6.63 AEZSx5@1068.00 

2010-12-26
Cash: 797.71
Held: JOBx14585@0.43 LIVEx923@6.65 ORNx547@11.16 CFBKx2076@2.90 AEZSx5@1140.00 
Value: 31028.45
Sales: ORNx547@11.16 JOBx14585@0.43 CFBKx2076@2.90 LIVEx923@6.65 AEZSx5@1140.00 
Purchases: CORTx1646@3.77 HMNFx2132@2.91 CKXx635@9.76 EMKRx1348@4.60 BASIx3760@1.65 

2010-12-27
Cash: 14.76
Held: EMKRx1348@4.68 CKXx635@9.82 CORTx1646@3.86 BASIx3760@2.15 HMNFx2132@2.81 
Value: 32988.96
Sales: CORTx1646@3.86 EMKRx1348@4.68 HMNFx2132@2.81 CKXx635@9.82 BASIx3760@2.15 
Purchases: MNROx186@35.31 RLGTx6403@1.03 MSLIx7761@0.85 AHPIx802@8.22 HRBx555@11.87 

2010-12-28
Cash: 48.66
Held: MNROx186@35.22 AHPIx802@7.74 RLGTx6403@1.07 MSLIx7761@0.85 HRBx555@11.90 
Value: 32859.90
Sales: MNROx186@35.22 RLGTx6403@1.07 MSLIx7761@0.85 AHPIx802@7.74 HRBx555@11.90 
Purchases: EQSx2715@2.42 ROIAx5712@1.15 IBCPx4628@1.42 INVTx3514@1.87 

2010-12-29
Cash: 6575.79
Held: INVTx3514@1.94 IBCPx4628@1.31 EQSx2715@2.45 ROIAx5712@1.15 
Value: 32675.82
Sales: ROIAx5712@1.15 EQSx2715@2.45 INVTx3514@1.94 IBCPx4628@1.31 
Purchases: DFFNx17203@0.38 ACADx6167@1.06 FFHLx1872@3.49 JOBx13337@0.49 SGYPx2178@3.00 

2010-12-30
Cash: 3.60
Held: JOBx13337@0.50 ACADx6167@1.19 FFHLx1872@3.43 DFFNx17203@0.65 SGYPx2178@3.35 
Value: 38909.58
Sales: JOBx13337@0.50 ACADx6167@1.19 FFHLx1872@3.43 DFFNx17203@0.65 SGYPx2178@3.35 
Purchases: BIOPx13193@0.59 CVMx9265@0.84 IBCPx5986@1.30 KGJIx1699@4.58 SHLOx650@11.96 

2011-01-02
Cash: 13.14
Held: CVMx9265@0.84 IBCPx5986@1.28 SHLOx650@12.09 KGJIx1699@4.20 BIOPx13193@0.60 
Value: 38370.51
Sales: BIOPx13193@0.60 CVMx9265@0.84 IBCPx5986@1.28 KGJIx1699@4.20 SHLOx650@12.09 
Purchases: IGCx13010@0.59 GMOx1159@6.62 PRPHx6394@1.20 RILYx17055@0.45 BASIx3045@2.52 

2011-01-03
Cash: 2.86
Held: PRPHx6394@1.21 GMOx1159@6.65 BASIx3045@2.40 RILYx17055@0.53 IGCx13010@0.59 
Value: 39463.43
Sales: IGCx13010@0.59 GMOx1159@6.65 RILYx17055@0.53 PRPHx6394@1.21 BASIx3045@2.40 
Purchases: FHx3507@2.25 SIFYx3569@2.21 OHGIx197274@0.04 OVBCx408@19.31 OBCIx4335@1.82 

2011-01-04
Cash: 18.64
Held: OBCIx4335@1.87 SIFYx3569@2.15 OVBCx408@19.39 OHGIx197274@0.08 FHx3507@2.11 
Value: 46894.59
Sales: FHx3507@2.11 SIFYx3569@2.15 OHGIx197274@0.08 OVBCx408@19.39 OBCIx4335@1.87 
Purchases: MLSSx11032@0.85 JOBx21318@0.44 WGBSx7814@1.20 FCELx4466@2.10 ISRLx115@81.19 

2011-01-05
Cash: 45.89
Held: JOBx21318@0.46 MLSSx11032@0.85 FCELx4466@2.09 WGBSx7814@1.18 ISRLx115@86.50 
Value: 47728.44
Sales: MLSSx11032@0.85 JOBx21318@0.46 WGBSx7814@1.18 FCELx4466@2.09 ISRLx115@86.50 
Purchases: CRHx505@18.88 MSONx4359@2.19 WSO.Bx169@56.41 APDNx2026@4.71 BAAx2565@3.72 

2011-01-06
Cash: 32.12
Held: APDNx2026@4.44 MSONx4359@2.23 BAAx2565@3.60 CRHx505@18.69 WSO.Bx169@61.50 
Value: 47816.71
Sales: CRHx505@18.69 MSONx4359@2.23 WSO.Bx169@61.50 APDNx2026@4.44 BAAx2565@3.60 
Purchases: CGAx1292@7.40 OPHCx2140@4.47 SHLMx477@20.02 TGTx173@55.16 WSCIx1886@5.07 

2011-01-09
Cash: 42.71
Held: WSCIx1886@4.98 TGTx173@55.31 SHLMx477@20.39 OPHCx2140@4.04 CGAx1292@7.29 
Value: 46792.32
Sales: CGAx1292@7.29 OPHCx2140@4.04 SHLMx477@20.39 TGTx173@55.31 WSCIx1886@4.98 
Purchases: AXRx848@11.02 IECx1115@8.39 SLWx280@33.41 MSTXx3728@2.51 XOMAx1583@5.91 

2011-01-10
Cash: 22.97
Held: MSTXx3728@2.57 XOMAx1583@5.98 AXRx848@12.12 IECx1115@8.87 SLWx280@35.50 
Value: 49174.47
Sales: AXRx848@12.12 IECx1115@8.87 SLWx280@35.50 MSTXx3728@2.57 XOMAx1583@5.98 
Purchases: CPLAx176@55.84 INSYx32777@0.30 BBGIx1788@5.50 CECOx516@19.05 QRHCx21857@0.45 

2011-01-11
Cash: 14.49
Held: CECOx516@20.19 QRHCx21857@0.46 INSYx32777@0.25 BBGIx1788@5.57 CPLAx176@53.50 
Value: 48054.58
Sales: CPLAx176@53.50 INSYx32777@0.25 BBGIx1788@5.57 QRHCx21857@0.46 CECOx516@20.19 
Purchases: LLITx1656@5.80 SVUx1269@7.57 GLUUx4409@2.18 SQBGx120110@0.08 UCBIx5431@1.77 

2011-01-12
Cash: 10.34
Held: GLUUx4409@2.29 LLITx1656@5.64 SQBGx120110@0.07 SVUx1269@7.73 UCBIx5431@1.83 
Value: 47601.39
Sales: LLITx1656@5.64 SVUx1269@7.73 GLUUx4409@2.29 SQBGx120110@0.07 UCBIx5431@1.83 
Purchases: TAITx6998@1.36 VTNRx20698@0.46 DFFNx21158@0.45 SPCBx105749@0.09 TUESx2164@4.40 

2011-01-13
Cash: 2.84
Held: VTNRx20698@0.60 TAITx6998@1.35 TUESx2164@4.39 DFFNx21158@0.51 SPCBx105749@0.09 
Value: 51675.41
Sales: VTNRx20698@0.60 DFFNx21158@0.51 TAITx6998@1.35 SPCBx105749@0.09 TUESx2164@4.39 
Purchases: CASIx1713@6.03 DRWIx56@183.00 GFNx4270@2.42 CPFx240@43.00 SMITx3180@3.25 

2011-01-17
Cash: 107.82
Held: CASIx1713@5.70 DRWIx56@193.75 CPFx240@39.00 GFNx4270@2.66 SMITx3180@3.28 
Value: 51867.61
Sales: GFNx4270@2.66 DRWIx56@193.75 CASIx1713@5.70 CPFx240@39.00 SMITx3180@3.28 
Purchases: NFECx2362@4.39 PROx906@11.44 CDTIx224@46.19 PHIIx495@20.95 SCKTx5927@1.75 

2011-01-18
Cash: 44.53
Held: PROx906@12.14 NFECx2362@4.51 SCKTx5927@1.75 PHIIx495@20.81 CDTIx224@46.56 
Value: 52805.05
Sales: CDTIx224@46.56 PROx906@12.14 NFECx2362@4.51 PHIIx495@20.81 SCKTx5927@1.75 
Purchases: LRADx4570@2.31 CPFx285@37.00 CALLx1023@10.32 ZAGGx1075@9.82 EMMSx2238@4.72 

2011-01-19
Cash: 25.78
Held: ZAGGx1075@8.95 CALLx1023@10.34 CPFx285@35.81 LRADx4570@2.24 EMMSx2238@4.08 
Value: 49803.32
Sales: LRADx4570@2.24 EMMSx2238@4.08 CALLx1023@10.34 ZAGGx1075@8.95 CPFx285@35.81 
Purchases: ESCAx1744@5.71 DEPOx1756@5.67 HBPx11190@0.89 CREEx185@53.59 MCZx11190@0.89 

2011-01-20
Cash: 47.53
Held: CREEx185@52.91 HBPx11190@0.90 ESCAx1744@5.33 MCZx11190@0.84 DEPOx1756@5.94 
Value: 49028.30
Sales: ESCAx1744@5.33 DEPOx1756@5.94 MCZx11190@0.84 CREEx185@52.91 HBPx11190@0.90 
Purchases: FUNCx2350@4.17 INUVx3053@3.21 IGCx11812@0.83 SPEXx18157@0.54 BPTHx19611@0.50 

2011-01-23
Cash: 5.53
Held: INUVx3053@3.12 SPEXx18157@0.60 FUNCx2350@4.62 BPTHx19611@0.49 IGCx11812@0.86 
Value: 51049.72
Sales: IGCx11812@0.86 BPTHx19611@0.49 INUVx3053@3.12 FUNCx2350@4.62 SPEXx18157@0.60 
Purchases: IPCIx2109@4.84 VISIx1707@5.98 CVUx797@12.80 TEFx409@24.94 DLHCx24907@0.41 

2011-01-24
Cash: 25.60
Held: TEFx409@25.03 CVUx797@12.40 DLHCx24907@0.41 VISIx1707@6.13 IPCIx2109@5.86 
Value: 53174.08
Sales: IPCIx2109@5.86 CVUx797@12.40 VISIx1707@6.13 TEFx409@25.03 DLHCx24907@0.41 
Purchases: NYMXx1515@7.02 AITx342@31.05 SGYPx2798@3.80 EMMSx2607@4.08 CIG.Cx917@11.59 

2011-01-25
Cash: 23.73
Held: CIG.Cx917@12.77 NYMXx1515@6.97 AITx342@31.69 SGYPx2798@4.00 EMMSx2607@4.04 
Value: 54853.59
Sales: NYMXx1515@6.97 AITx342@31.69 SGYPx2798@4.00 EMMSx2607@4.04 CIG.Cx917@12.77 
Purchases: MNTAx863@12.71 WRNx3081@3.56 BPTHx24936@0.44 VBFCx4388@2.50 SPEXx20314@0.54 

2011-01-26
Cash: 3.28
Held: VBFCx4388@2.75 SPEXx20314@0.54 MNTAx863@13.30 BPTHx24936@0.41 WRNx3081@3.60 
Value: 55827.80
Sales: MNTAx863@13.30 WRNx3081@3.60 BPTHx24936@0.41 VBFCx4388@2.75 SPEXx20314@0.54 
Purchases: JYNx156@71.50 TASRx2683@4.16 GENEx3746@2.98 FCAPx704@15.84 MARKx3435@3.25 

2011-01-27
Cash: 29.51
Held: TASRx2683@4.21 FCAPx704@15.55 JYNx156@72.12 GENEx3746@3.10 MARKx3435@3.54 
Value: 57291.77
Sales: JYNx156@72.12 TASRx2683@4.21 GENEx3746@3.10 FCAPx704@15.55 MARKx3435@3.54 
Purchases: SEVx1548@7.40 PSTIx3637@3.15 NSYSx2788@4.11 SBFGx2696@4.25 GTIMx3648@3.14 

2011-01-30
Cash: 9.08
Held: SEVx1548@7.44 SBFGx2696@3.72 PSTIx3637@3.22 GTIMx3648@2.98 NSYSx2788@4.16 
Value: 55744.36
Sales: SEVx1548@7.44 PSTIx3637@3.22 NSYSx2788@4.16 SBFGx2696@3.72 GTIMx3648@2.98 
Purchases: IPCIx2445@4.56 BSFx4955@2.25 NEPTx5436@2.05 ARNAx6799@1.64 SYNx7585@1.47 

2011-01-31
Cash: 5.96
Held: NEPTx5436@2.02 BSFx4955@2.00 SYNx7585@1.55 ARNAx6799@1.60 IPCIx2445@3.87 
Value: 52985.19
Sales: BSFx4955@2.00 IPCIx2445@3.87 SYNx7585@1.55 ARNAx6799@1.60 NEPTx5436@2.02 
Purchases: REIx5887@1.80 SBFGx2902@3.65 LBIXx3260@3.25 DXTRx2611@4.06 NVMIx1162@9.12 

2011-02-01
Cash: 10.14
Held: SBFGx2902@3.41 REIx5887@1.80 LBIXx3260@2.90 DXTRx2611@4.00 NVMIx1162@9.48 
Value: 51412.91
Sales: DXTRx2611@4.00 REIx5887@1.80 LBIXx3260@2.90 SBFGx2902@3.41 NVMIx1162@9.48 
Purchases: CHKEx646@15.91 BSFx5191@1.98 MARKx2929@3.51 RPRXx4283@2.40 PTNx9351@1.10 

2011-02-02
Cash: 13.43
Held: RPRXx4283@2.49 PTNx9351@1.22 CHKEx646@16.50 BSFx5191@1.89 MARKx2929@3.60 
Value: 53096.19
Sales: PTNx9351@1.22 BSFx5191@1.89 MARKx2929@3.60 RPRXx4283@2.49 CHKEx646@16.50 
Purchases: FCXx189@56.16 KTCCx2235@4.75 KINSx3516@3.02 RDCMx961@11.05 TCIx2469@4.30 

2011-02-03
Cash: 15.06
Held: RDCMx961@10.95 FCXx189@57.38 TCIx2469@5.45 KTCCx2235@4.73 KINSx3516@3.06 
Value: 56172.49
Sales: FCXx189@57.38 KTCCx2235@4.73 KINSx3516@3.06 RDCMx961@10.95 TCIx2469@5.45 
Purchases: ACLSx1067@10.52 TCCOx1037@10.83 BWZx299@37.50 ANWx1278@8.79 GFNx4254@2.64 

2011-02-06
Cash: 37.08
Held: BWZx299@37.41 ACLSx1067@11.20 ANWx1278@8.88 TCCOx1037@10.96 GFNx4254@2.65 
Value: 57168.77
Sales: TCCOx1037@10.96 BWZx299@37.41 ACLSx1067@11.20 GFNx4254@2.65 ANWx1278@8.88 
Purchases: MPBx1270@9.00 OPHCx4448@2.57 SSYx7191@1.59 CPFx439@26.00 IHTx9219@1.24 

2011-02-07
Cash: 25.73
Held: SSYx7191@1.60 IHTx9219@1.35 MPBx1270@8.21 OPHCx4448@2.50 CPFx439@26.58 
Value: 57186.26
Sales: MPBx1270@8.21 OPHCx4448@2.50 SSYx7191@1.60 CPFx439@26.58 IHTx9219@1.35 
Purchases: CBPOx721@15.86 GRBKx13950@0.82 SRIx758@15.08 EVBSx3073@3.72 OSBCx10494@1.09 

2011-02-08
Cash: 15.34
Held: GRBKx13950@0.88 CBPOx721@16.25 SRIx758@15.00 EVBSx3073@3.85 OSBCx10494@1.10 
Value: 58745.11
Sales: CBPOx721@16.25 GRBKx13950@0.88 SRIx758@15.00 EVBSx3073@3.85 OSBCx10494@1.10 
Purchases: OPXAx6054@1.94 SVBIx2377@4.94 YRCWx2850@4.12 MSLIx9176@1.28 MLSSx15258@0.77 

2011-02-09
Cash: 10.16
Held: OPXAx6054@1.92 MLSSx15258@0.77 YRCWx2850@3.86 MSLIx9176@1.34 SVBIx2377@5.00 
Value: 58560.95
Sales: OPXAx6054@1.92 MLSSx15258@0.77 YRCWx2850@3.86 SVBIx2377@5.00 MSLIx9176@1.34 
Purchases: HVT.Ax1120@10.45 MNIx2755@4.25 RTRx286@40.88 OREXx3660@3.20 CIG.Cx1041@11.24 

2011-02-10
Cash: 42.19
Held: CIG.Cx1041@11.24 MNIx2755@4.24 RTRx286@40.28 OREXx3660@3.14 HVT.Ax1120@10.72 
Value: 58441.90
Sales: HVT.Ax1120@10.72 MNIx2755@4.24 RTRx286@40.28 OREXx3660@3.14 CIG.Cx1041@11.24 
Purchases: AKAMx280@41.62 OGENx3339@3.50 CSCOx611@19.11 AMKRx1614@7.24 CSCx243@48.00 

2011-02-13
Cash: 77.98
Held: AMKRx1614@7.52 AKAMx280@41.78 CSCx243@47.81 OGENx3339@4.00 CSCOx611@18.84 
Value: 60401.23
Sales: AKAMx280@41.78 OGENx3339@4.00 CSCOx611@18.84 AMKRx1614@7.52 CSCx243@47.81 
Purchases: REFRx1471@8.21 UNBx633@19.06 NOKx1341@9.01 EXPEx558@21.62 DFBGx10599@1.14 

2011-02-14
Cash: 31.01
Held: EXPEx558@21.73 REFRx1471@8.20 UNBx633@19.19 DFBGx10599@1.17 NOKx1341@8.86 
Value: 60651.70
Sales: UNBx633@19.19 REFRx1471@8.20 NOKx1341@8.86 EXPEx558@21.73 DFBGx10599@1.17 
Purchases: MNKDx3485@3.48 FNCXx6486@1.87 IOTx4576@2.65 ARLx2924@4.15 ENOCx637@19.02 

2011-02-15
Cash: 21.52
Held: MNKDx3485@3.97 IOTx4576@2.62 FNCXx6486@24.00 ENOCx637@19.84 ARLx2924@3.92 
Value: 205610.93
Sales: MNKDx3485@3.97 FNCXx6486@24.00 IOTx4576@2.62 ARLx2924@3.92 ENOCx637@19.84 
Purchases: MVISx21874@1.88 ANIKx5032@8.17 CKXx3735@11.01 CURx1605@25.61 TCIx11265@3.65 

2011-02-16
Cash: 30.62
Held: CKXx3735@11.01 TCIx11265@3.39 ANIKx5032@8.73 MVISx21874@1.75 CURx1605@25.88 
Value: 203061.13
Sales: MVISx21874@1.75 ANIKx5032@8.73 CKXx3735@11.01 CURx1605@25.88 TCIx11265@3.39 
Purchases: IDNx28406@1.43 DSCIx4035@10.06 MNOVx10153@4.00 WINTx18885@2.15 ITUSx203110@0.20 

2011-02-17
Cash: 13.03
Held: ITUSx203110@0.19 WINTx18885@2.20 DSCIx4035@10.03 MNOVx10153@3.94 IDNx28406@1.35 
Value: 198934.64
Sales: IDNx28406@1.35 DSCIx4035@10.03 MNOVx10153@3.94 WINTx18885@2.20 ITUSx203110@0.19 
Purchases: CBBx2883@13.80 ROSGx72365@0.55 PLBCx11174@3.56 OGENx11367@3.50 BVXx14107@2.82 

2011-02-21
Cash: 15.43
Held: PLBCx11174@3.57 CBBx2883@13.55 OGENx11367@3.51 BVXx14107@2.86 ROSGx72365@0.56 
Value: 199727.09
Sales: CBBx2883@13.55 OGENx11367@3.51 PLBCx11174@3.57 ROSGx72365@0.56 BVXx14107@2.86 
Purchases: BBWx5890@6.78 THLDx17288@2.31 INUVx13772@2.90 AVEOx2888@13.83 PRPHx28524@1.40 

2011-02-22
Cash: 16.25
Held: PRPHx28524@1.40 BBWx5890@6.54 AVEOx2888@14.34 INUVx13772@3.02 THLDx17288@2.19 
Value: 199337.07
Sales: BBWx5890@6.54 THLDx17288@2.19 INUVx13772@3.02 AVEOx2888@14.34 PRPHx28524@1.40 
Purchases: INSYx166120@0.24 CLFDx7773@5.13 CKHx427@93.19 EMKRx4331@9.20 TAx4464@8.93 

2011-02-23
Cash: 90.98
Held: EMKRx4331@9.76 CKHx427@94.31 CLFDx7773@4.70 INSYx166120@0.27 TAx4464@8.18 
Value: 200520.30
Sales: TAx4464@8.18 EMKRx4331@9.76 CLFDx7773@4.70 CKHx427@94.31 INSYx166120@0.27 
Purchases: NMRXx4256@9.42 NATIx1307@30.67 ITCBx1868@21.47 LOPEx2665@15.05 AMOTx5713@7.02 

2011-02-24
Cash: 26.53
Held: ITCBx1868@22.23 LOPEx2665@15.35 NATIx1307@30.80 AMOTx5713@7.49 NMRXx4256@9.30 
Value: 205071.82
Sales: NMRXx4256@9.30 LOPEx2665@15.35 ITCBx1868@22.23 NATIx1307@30.80 AMOTx5713@7.49 
Purchases: BWENx2681@15.30 FFHLx8913@4.60 IDCCx866@47.34 BPTHx91152@0.45 DCTHx6658@6.16 

2011-02-27
Cash: 19.22
Held: IDCCx866@48.34 DCTHx6658@6.32 FFHLx8913@4.99 BPTHx91152@0.50 BWENx2681@16.09 
Value: 217149.44
Sales: BWENx2681@16.09 FFHLx8913@4.99 IDCCx866@48.34 BPTHx91152@0.50 DCTHx6658@6.32 
Purchases: VIVEx482410@0.09 GSSx14190@3.06 UGPx2731@15.90 OLBKx4950@8.77 NTRIx3078@14.11 

2011-02-28
Cash: 14.62
Held: OLBKx4950@8.90 UGPx2731@15.99 NTRIx3078@13.32 VIVEx482410@0.12 GSSx14190@3.18 
Value: 231743.08
Sales: VIVEx482410@0.12 GSSx14190@3.18 UGPx2731@15.99 OLBKx4950@8.90 NTRIx3078@13.32 
Purchases: CCMx7401@6.26 RPx1916@24.19 TRCBx9553@4.85 RILYx140417@0.33 BOSCx7109@6.52 

2011-03-01
Cash: 13.95
Held: RPx1916@23.72 TRCBx9553@4.85 RILYx140417@0.33 CCMx7401@6.29 BOSCx7109@6.56 
Value: 231325.02
Sales: CCMx7401@6.29 RPx1916@23.72 TRCBx9553@4.85 RILYx140417@0.33 BOSCx7109@6.56 
Purchases: HMNFx18578@2.49 YRCWx20925@2.21 ETNx866@53.38 RTNBx66074@0.70 JKSx1665@27.78 

2011-03-02
Cash: 54.35
Held: ETNx866@54.88 JKSx1665@28.02 YRCWx20925@2.23 HMNFx18578@2.56 RTNBx66074@0.70 
Value: 234729.22
Sales: HMNFx18578@2.56 YRCWx20925@2.23 ETNx866@54.88 RTNBx66074@0.70 JKSx1665@28.02 
Purchases: WECx1601@29.31 DESTx2090@22.45 SKLNx426837@0.11 GTYx2069@22.69 BASIx24703@1.90 

2011-03-03
Cash: 41.27
Held: WECx1601@29.95 SKLNx426837@0.11 BASIx24703@1.98 GTYx2069@21.84 DESTx2090@22.50 
Value: 236085.28
Sales: WECx1601@29.95 GTYx2069@21.84 DESTx2090@22.50 SKLNx426837@0.11 BASIx24703@1.98 
Purchases: FANHx2986@15.81 STVx7110@6.64 MXCx3147@15.00 CPHCx4360@10.83 SMITx14572@3.24 

2011-03-06
Cash: 21.99
Held: CPHCx4360@11.61 STVx7110@6.55 MXCx3147@16.23 FANHx2986@16.06 SMITx14572@3.65 
Value: 249460.61
Sales: FANHx2986@16.06 STVx7110@6.55 MXCx3147@16.23 CPHCx4360@11.61 SMITx14572@3.65 
Purchases: MEETx6930@7.20 CIXx3835@13.01 UBNKx4709@10.59 SPEXx118812@0.42 LAWSx2284@21.84 

2011-03-07
Cash: 16.21
Held: MEETx6930@6.40 SPEXx118812@0.50 UBNKx4709@10.56 LAWSx2284@20.62 CIXx3835@13.01 
Value: 250494.66
Sales: MEETx6930@6.40 CIXx3835@13.01 UBNKx4709@10.56 SPEXx118812@0.50 LAWSx2284@20.62 
Purchases: RGENx14155@3.54 AXDXx11512@4.35 VVUSx8158@6.14 RICKx4994@10.03 FUNCx14869@3.37 

2011-03-08
Cash: 17.01
Held: AXDXx11512@4.09 VVUSx8158@6.17 FUNCx14869@3.20 RICKx4994@10.47 RGENx14155@3.44 
Value: 245985.03
Sales: RGENx14155@3.44 AXDXx11512@4.09 VVUSx8158@6.17 RICKx4994@10.47 FUNCx14869@3.20 
Purchases: CALXx2429@20.25 PRKRx69295@0.71 OCCx8509@5.78 FISIx2909@16.91 URBNx1559@31.55 

2011-03-09
Cash: 46.52
Held: CALXx2429@19.48 PRKRx69295@0.71 FISIx2909@16.81 URBNx1559@30.94 OCCx8509@5.63 
Value: 241606.30
Sales: CALXx2429@19.48 PRKRx69295@0.71 OCCx8509@5.63 FISIx2909@16.81 URBNx1559@30.94 
Purchases: SGMAx7669@6.30 VIAVx2294@21.06 FNSRx1978@24.42 OCLRx3644@13.26 MXCx3897@12.40 

2011-03-10
Cash: 33.58
Held: VIAVx2294@21.39 SGMAx7669@5.50 FNSRx1978@23.75 MXCx3897@11.82 OCLRx3644@12.64 
Value: 230386.87
Sales: SGMAx7669@5.50 VIAVx2294@21.39 FNSRx1978@23.75 OCLRx3644@12.64 MXCx3897@11.82 
Purchases: TGCx46531@0.99 AXDXx15886@2.90 FFHLx12800@3.60 HMNYx61436@0.75 CEIx14402@3.20 

2011-03-13
Cash: 7.52
Held: AXDXx15886@2.70 TGCx46531@1.04 FFHLx12800@3.70 HMNYx61436@0.73 CEIx14402@3.20 
Value: 229553.60
Sales: TGCx46531@1.04 AXDXx15886@2.70 FFHLx12800@3.70 CEIx14402@3.20 HMNYx61436@0.73 
Purchases: SGMAx8578@5.35 GENEx22623@2.03 GBRx13008@3.53 IDSYx10202@4.50 AUMNx2424@18.94 

2011-03-14
Cash: 16.52
Held: GENEx22623@1.99 SGMAx8578@5.03 AUMNx2424@18.31 GBRx13008@3.35 IDSYx10202@4.23 
Value: 219320.11
Sales: SGMAx8578@5.03 GENEx22623@1.99 GBRx13008@3.35 IDSYx10202@4.23 AUMNx2424@18.31 
Purchases: UUUUx86047@0.51 DFFNx125290@0.35 DNNx20794@2.11 URREx31564@1.39 CCJx1517@28.91 

2011-03-15
Cash: 16.58
Held: DNNx20794@2.44 UUUUx86047@0.51 DFFNx125290@0.40 CCJx1517@32.28 URREx31564@1.68 
Value: 246698.45
Sales: UUUUx86047@0.51 DFFNx125290@0.40 DNNx20794@2.44 URREx31564@1.68 CCJx1517@32.28 
Purchases: AEHRx31226@1.58 MLNKx9067@5.44 SPHSx100695@0.49 MNOVx13021@3.79 CALx4199@11.75 

2011-03-16
Cash: 6.50
Held: AEHRx31226@1.69 CALx4199@11.01 SPHSx100695@0.53 MLNKx9067@5.33 MNOVx13021@3.57 
Value: 247159.53
Sales: AEHRx31226@1.69 MLNKx9067@5.33 MNOVx13021@3.57 SPHSx100695@0.53 CALx4199@11.01 
Purchases: PESIx34086@1.45 LIVEx12121@4.08 RVLTx19305@2.56 APDNx13732@3.60 OSIRx7758@6.37 

2011-03-17
Cash: 9.08
Held: APDNx13732@3.48 RVLTx19305@2.92 LIVEx12121@4.08 PESIx34086@1.44 OSIRx7758@6.29 
Value: 251491.96
Sales: PESIx34086@1.44 LIVEx12121@4.08 RVLTx19305@2.92 APDNx13732@3.48 OSIRx7758@6.29 
Purchases: PIPx14707@3.42 MLSSx69838@0.72 SNBCx16227@3.10 SANMx4665@10.78 GTIMx24410@2.06 

2011-03-20
Cash: 6.96
Held: MLSSx69838@0.75 SANMx4665@10.60 SNBCx16227@3.19 GTIMx24410@2.05 PIPx14707@3.31 
Value: 252344.79
Sales: PIPx14707@3.31 MLSSx69838@0.75 SNBCx16227@3.19 SANMx4665@10.60 GTIMx24410@2.05 
Purchases: BGIx37667@1.34 WGOx3802@13.27 NKEx650@77.62 ACYx3578@14.10 FCSCx67291@0.75 

2011-03-21
Cash: 31.39
Held: WGOx3802@13.50 ACYx3578@14.51 FCSCx67291@0.73 BGIx37667@1.30 NKEx650@76.62 
Value: 251154.45
Sales: BGIx37667@1.30 WGOx3802@13.50 NKEx650@76.62 ACYx3578@14.51 FCSCx67291@0.73 
Purchases: IDNx46506@1.08 BSPMx1328@37.81 VQTx448@112.06 RILYx167409@0.30 CIENx2143@23.44 

2011-03-22
Cash: 47.90
Held: CIENx2143@22.22 VQTx448@111.69 RILYx167409@0.30 BSPMx1328@47.66 IDNx46506@0.98 
Value: 256792.03
Sales: IDNx46506@0.98 RILYx167409@0.30 BSPMx1328@47.66 CIENx2143@22.22 VQTx448@111.69 
Purchases: JVAx7901@6.50 INSx22322@2.30 TOPSx66697@0.77 PARx10568@4.86 MBVXx62645@0.82 

2011-03-23
Cash: 7.74
Held: TOPSx66697@0.72 PARx10568@4.75 INSx22322@1.86 JVAx7901@6.66 MBVXx62645@0.91 
Value: 249407.31
Sales: PARx10568@4.75 MBVXx62645@0.91 TOPSx66697@0.72 JVAx7901@6.66 INSx22322@1.86 
Purchases: CNETx6174@8.08 RVLTx13738@3.63 BSFTx1091@45.72 HTHTx2934@17.00 PLBCx23757@2.10 

2011-03-24
Cash: 14.64
Held: PLBCx23757@2.15 RVLTx13738@3.60 CNETx6174@8.72 BSFTx1091@42.75 HTHTx2934@17.02 
Value: 250946.56
Sales: CNETx6174@8.72 HTHTx2934@17.02 BSFTx1091@42.75 RVLTx13738@3.60 PLBCx23757@2.15 
Purchases: MEIPx34148@1.47 DFFNx152052@0.33 URGx27279@1.84 VXXx1672@30.02 MNOVx18186@2.76 

2011-03-27
Cash: 4.98
Held: MEIPx34148@1.45 VXXx1672@30.12 DFFNx152052@0.51 URGx27279@1.77 MNOVx18186@2.70 
Value: 274765.17
Sales: MEIPx34148@1.45 DFFNx152052@0.51 URGx27279@1.77 VXXx1672@30.12 MNOVx18186@2.70 
Purchases: PRKRx74237@0.74 JVAx9642@5.70 NFECx16405@3.35 BBYx1878@29.25 CACBx8847@6.21 

2011-03-28
Cash: 30.51
Held: BBYx1878@29.45 NFECx16405@3.33 PRKRx74237@0.75 JVAx9642@5.68 CACBx8847@6.06 
Value: 274015.09
Sales: PRKRx74237@0.75 JVAx9642@5.68 NFECx16405@3.33 BBYx1878@29.45 CACBx8847@6.06 
Purchases: CLUBx11710@4.68 FANHx4660@11.76 FBPx12125@4.52 EVKx28837@1.90 SPRTx10399@5.27 

2011-03-29
Cash: 25.81
Held: EVKx28837@2.05 CLUBx11710@4.84 FBPx12125@4.74 FANHx4660@13.35 SPRTx10399@5.25 
Value: 290103.45
Sales: CLUBx11710@4.84 FANHx4660@13.35 EVKx28837@2.05 SPRTx10399@5.25 FBPx12125@4.74 
Purchases: HRTXx170604@0.34 BSPMx1185@48.94 RNNx52764@1.10 ESEAx123@468.00 SGYPx18718@3.10 

2011-03-30
Cash: 489.88
Held: ESEAx123@469.00 RNNx52764@1.12 BSPMx1185@49.56 SGYPx18718@3.11 HRTXx170604@0.32 
Value: 288816.53
Sales: HRTXx170604@0.32 BSPMx1185@49.56 RNNx52764@1.12 ESEAx123@469.00 SGYPx18718@3.11 
Purchases: MEIPx34999@1.65 DLHCx117886@0.49 TOPSx80202@0.72 PLBCx30395@1.90 OBCIx21714@2.66 

2011-03-31
Cash: 3.84
Held: MEIPx34999@1.58 TOPSx80202@0.71 PLBCx30395@2.06 OBCIx21714@2.47 DLHCx117886@0.49 
Value: 286287.44
Sales: MEIPx34999@1.58 DLHCx117886@0.49 TOPSx80202@0.71 PLBCx30395@2.06 OBCIx21714@2.47 
Purchases: TORMx3094@18.50 GSBx22637@2.53 MPBx6367@8.99 TTNPx39750@1.44 XTLBx154700@0.37 

2011-04-03
Cash: 25.28
Held: XTLBx154700@0.37 TORMx3094@19.31 MPBx6367@9.14 TTNPx39750@1.35 GSBx22637@2.65 
Value: 288877.51
Sales: TORMx3094@19.31 GSBx22637@2.65 MPBx6367@9.14 TTNPx39750@1.35 XTLBx154700@0.37 
Purchases: USVx1092@52.88 EXFOx6797@8.50 GENEx23874@2.42 MTORx3501@16.50 LOGIx3986@14.49 

2011-04-04
Cash: 57.93
Held: MTORx3501@16.77 GENEx23874@2.29 USVx1092@54.34 EXFOx6797@7.94 LOGIx3986@14.36 
Value: 283961.05
Sales: USVx1092@54.34 EXFOx6797@7.94 GENEx23874@2.29 MTORx3501@16.77 LOGIx3986@14.36 
Purchases: XBKSx90163@0.63 AVAVx1893@30.00 RECNx3784@15.01 RIBTx195808@0.29 SPUx15994@3.55 

2011-04-05
Cash: 6.20
Held: SPUx15994@3.85 AVAVx1893@30.20 RECNx3784@15.56 RIBTx195808@0.21 XBKSx90163@0.60 
Value: 272858.50
Sales: AVAVx1893@30.20 XBKSx90163@0.60 RECNx3784@15.56 SPUx15994@3.85 RIBTx195808@0.21 
Purchases: TORMx3063@17.81 VVUSx8256@6.61 KGJIx27554@1.98 OVBCx2606@20.94 VRMLx12233@4.46 

2011-04-06
Cash: 28.20
Held: TORMx3063@16.73 VVUSx8256@6.70 OVBCx2606@20.94 KGJIx27554@2.10 VRMLx12233@4.29 
Value: 271478.21
Sales: TORMx3063@16.73 VVUSx8256@6.70 KGJIx27554@2.10 OVBCx2606@20.94 VRMLx12233@4.29 
Purchases: MDXGx53255@1.02 UCFCx46025@1.18 HCCIx3508@15.48 VIVEx387785@0.14 PFINx14329@3.79 

2011-04-07
Cash: 7.12
Held: PFINx14329@3.76 HCCIx3508@15.90 MDXGx53255@1.03 VIVEx387785@0.18 UCFCx46025@1.21 
Value: 290030.31
Sales: MDXGx53255@1.03 UCFCx46025@1.21 PFINx14329@3.76 VIVEx387785@0.18 HCCIx3508@15.90 
Purchases: SWKSx2083@27.84 BOSCx4488@12.92 IRCPx4299@13.49 NAIIx13813@4.20 FSNNx828571@0.07 

2011-04-10
Cash: 25.64
Held: SWKSx2083@27.62 FSNNx828571@0.09 NAIIx13813@4.33 BOSCx4488@12.40 IRCPx4299@13.99 
Value: 307743.15
Sales: IRCPx4299@13.99 BOSCx4488@12.40 SWKSx2083@27.62 FSNNx828571@0.09 NAIIx13813@4.33 
Purchases: HRTXx293143@0.21 GTIMx29178@2.11 CKXx6130@10.04 CYRXx3945@15.60 CETCx1043@59.00 

2011-04-11
Cash: 22.61
Held: CKXx6130@13.50 GTIMx29178@2.20 CYRXx3945@16.56 CETCx1043@57.09 HRTXx293143@0.24 
Value: 342185.72
Sales: CYRXx3945@16.56 CETCx1043@57.09 HRTXx293143@0.24 CKXx6130@13.50 GTIMx29178@2.20 
Purchases: IMHx19012@3.60 AXDXx19663@3.48 CASIx14407@4.75 EZPWx2390@28.62 CTSOx10528@6.50 

2011-04-12
Cash: 34.49
Held: AXDXx19663@3.65 EZPWx2390@29.05 IMHx19012@3.53 CTSOx10528@6.00 CASIx14407@4.73 
Value: 339653.00
Sales: IMHx19012@3.53 AXDXx19663@3.65 CASIx14407@4.73 EZPWx2390@29.05 CTSOx10528@6.00 
Purchases: PLBCx31165@2.18 APDNx18871@3.60 IOCx1033@65.75 EXTRx23264@2.92 CIG.Cx5404@12.57 

2011-04-13
Cash: 16.03
Held: CIG.Cx5404@15.40 APDNx18871@3.60 PLBCx31165@2.16 IOCx1033@65.38 EXTRx23264@2.95 
Value: 354621.69
Sales: EXTRx23264@2.95 PLBCx31165@2.16 IOCx1033@65.38 APDNx18871@3.60 CIG.Cx5404@15.40 
Purchases: MSBx2055@34.50 NDSNx1286@55.12 BSPMx1929@36.75 DSSx20857@3.40 ISRx62771@1.13 

2011-04-14
Cash: 96.87
Held: ISRx62771@1.14 NDSNx1286@55.09 DSSx20857@3.40 BSPMx1929@33.81 MSBx2055@36.28 
Value: 353188.53
Sales: MSBx2055@36.28 ISRx62771@1.14 BSPMx1929@33.81 DSSx20857@3.40 NDSNx1286@55.09 
Purchases: CALXx3587@19.69 INVEx20295@3.48 EVKx48061@1.47 BXMTx20654@3.42 CPFx4766@14.82 

2011-04-17
Cash: 28.15
Held: EVKx48061@1.79 CALXx3587@19.09 INVEx20295@3.95 BXMTx20654@3.46 CPFx4766@15.00 
Value: 377670.10
Sales: CALXx3587@19.09 INVEx20295@3.95 EVKx48061@1.79 BXMTx20654@3.46 CPFx4766@15.00 
Purchases: GALEx79493@0.95 PAASx1991@37.94 AMTXx62934@1.20 INFYx1186@63.69 DLHCx137383@0.55 

2011-04-18
Cash: 2.37
Held: GALEx79493@0.90 DLHCx137383@0.65 INFYx1186@64.25 AMTXx62934@1.70 PAASx1991@37.47 
Value: 418624.72
Sales: GALEx79493@0.90 PAASx1991@37.47 AMTXx62934@1.70 INFYx1186@64.25 DLHCx137383@0.65 
Purchases: NYNYx124977@0.67 MYOSx66979@1.25 CLNTx3389@24.70 SYNx74746@1.12 TI.Ax7022@11.92 

2011-04-19
Cash: 17.56
Held: SYNx74746@1.21 CLNTx3389@26.00 MYOSx66979@1.25 TI.Ax7022@12.29 NYNYx124977@0.72 
Value: 438599.14
Sales: MYOSx66979@1.25 NYNYx124977@0.72 CLNTx3389@26.00 SYNx74746@1.21 TI.Ax7022@12.29 
Purchases: OPHCx37646@2.33 SSYx36543@2.40 NBNx6138@14.29 RDCMx13836@6.34 MCZx46906@1.87 

2011-04-20
Cash: 19.49
Held: SSYx36543@2.45 NBNx6138@14.22 RDCMx13836@6.74 OPHCx37646@2.57 MCZx46906@1.91 
Value: 456386.61
Sales: OPHCx37646@2.57 SSYx36543@2.45 NBNx6138@14.22 RDCMx13836@6.74 MCZx46906@1.91 
Purchases: FHx64728@1.41 SOXSx1703@53.59 KELYBx4808@18.98 VXXx3632@25.12 SMNx5590@16.33 

2011-04-24
Cash: 34.76
Held: KELYBx4808@19.00 VXXx3632@24.77 SMNx5590@16.06 FHx64728@1.43 SOXSx1703@54.22 
Value: 456000.23
Sales: FHx64728@1.43 SMNx5590@16.06 KELYBx4808@19.00 VXXx3632@24.77 SOXSx1703@54.22 
Purchases: DSTx1885@48.38 SINOx40012@2.28 NETEx569878@0.16 LEEx45378@2.01 GUREx21399@4.26 

2011-04-25
Cash: 18.51
Held: DSTx1885@48.28 LEEx45378@1.95 SINOx40012@2.30 GUREx21399@3.73 NETEx569878@0.16 
Value: 442611.75
Sales: NETEx569878@0.16 SINOx40012@2.30 DSTx1885@48.28 LEEx45378@1.95 GUREx21399@3.73 
Purchases: HAFCx67596@1.31 HNIx3396@26.06 SILCx4371@20.25 BLDRx33798@2.62 TSCOx1459@60.66 

2011-04-26
Cash: 49.85
Held: HNIx3396@26.70 HAFCx67596@1.34 SILCx4371@21.08 TSCOx1459@61.09 BLDRx33798@2.69 
Value: 453468.14
Sales: HNIx3396@26.70 HAFCx67596@1.34 SILCx4371@21.08 BLDRx33798@2.69 TSCOx1459@61.09 
Purchases: GPLx26997@3.36 PPPx19412@4.67 RVPx66194@1.37 CRD.Bx17469@5.19 HEIx1914@47.38 

2011-04-27
Cash: 26.69
Held: CRD.Bx17469@4.77 RVPx66194@1.36 PPPx19412@4.90 HEIx1914@47.19 GPLx26997@3.91 
Value: 464360.58
Sales: GPLx26997@3.91 RVPx66194@1.36 CRD.Bx17469@4.77 PPPx19412@4.90 HEIx1914@47.19 
Purchases: NHTCx250926@0.37 CTSOx17689@5.25 TZOOx1081@85.88 ANIKx10836@8.57 MNIx31806@2.92 

2011-04-28
Cash: 51.49
Held: MNIx31806@3.03 CTSOx17689@6.18 NHTCx250926@0.45 ANIKx10836@8.39 TZOOx1081@84.12 
Value: 500478.18
Sales: MNIx31806@3.03 NHTCx250926@0.45 TZOOx1081@84.12 ANIKx10836@8.39 CTSOx17689@6.18 
Purchases: ZSLx7567@13.23 AKAMx2867@34.91 ACLSx13601@7.36 LEEx67610@1.48 SMEDx20849@4.80 

2011-05-01
Cash: 35.72
Held: ACLSx13601@7.64 SMEDx20849@4.68 LEEx67610@1.42 ZSLx7567@15.21 AKAMx2867@34.41 
Value: 511267.47
Sales: ZSLx7567@15.21 AKAMx2867@34.41 ACLSx13601@7.64 LEEx67610@1.42 SMEDx20849@4.68 
Purchases: HHSx11780@8.68 OGENx24350@4.20 GEN           x8341@12.26 GENx8341@12.26 DDDx2436@41.97 

2011-05-02
Cash: 49.07
Held: GEN           x8341@12.27 GENx8341@12.27 DDDx2436@38.31 HHSx11780@9.01 OGENx24350@4.20 
Value: 506486.81
Sales: HHSx11780@9.01 OGENx24350@4.20 GEN           x8341@12.27 GENx8341@12.27 DDDx2436@38.31 
Purchases: NHTCx281297@0.36 GDOTx2350@43.09 FSMx20338@4.98 AGQx85@1178.00 IBIOx36167@2.80 

2011-05-03
Cash: 1200.73
Held: AGQx85@1040.00 FSMx20338@5.00 NHTCx281297@0.36 IBIOx36167@2.75 GDOTx2350@41.38 
Value: 489278.37
Sales: NHTCx281297@0.36 GDOTx2350@41.38 FSMx20338@5.00 AGQx85@1040.00 IBIOx36167@2.75 
Purchases: ISIGx18639@5.25 ALQAx444857@0.22 SYMXx31770@3.08 TROVx515188@0.19 SIFYx16812@5.82 

2011-05-04
Cash: 7.40
Held: ALQAx444857@0.24 ISIGx18639@4.94 SIFYx16812@6.53 SYMXx31770@2.80 TROVx515188@0.19 
Value: 495511.34
Sales: ISIGx18639@4.94 ALQAx444857@0.24 SYMXx31770@2.80 TROVx515188@0.19 SIFYx16812@6.53 
Purchases: LVSx2318@42.75 PQx12528@7.91 EMMSx24300@4.08 SPUx31167@3.18 KNDIx47643@2.08 

2011-05-05
Cash: 17.48
Held: SPUx31167@3.15 KNDIx47643@2.11 LVSx2318@43.28 PQx12528@7.80 EMMSx24300@4.44 
Value: 504682.96
Sales: LVSx2318@43.28 PQx12528@7.80 SPUx31167@3.15 KNDIx47643@2.11 EMMSx24300@4.44 
Purchases: SMSIx17590@5.74 MEIPx78839@1.28 BSFx10695@9.44 RCGx46726@2.16 NXTMx4984@20.25 

2011-05-08
Cash: 15.59
Held: MEIPx78839@1.30 BSFx10695@9.45 SMSIx17590@5.61 NXTMx4984@20.02 RCGx46726@2.12 
Value: 501037.81
Sales: SMSIx17590@5.61 MEIPx78839@1.30 BSFx10695@9.45 RCGx46726@2.12 NXTMx4984@20.02 
Purchases: GSITx15233@6.58 CFBKx18724@5.35 INUVx41746@2.40 SYPRx22326@4.49 EIGx6107@16.41 

2011-05-09
Cash: 25.53
Held: SYPRx22326@4.69 INUVx41746@2.32 EIGx6107@16.64 GSITx15233@6.55 CFBKx18724@5.85 
Value: 512606.64
Sales: GSITx15233@6.55 CFBKx18724@5.85 INUVx41746@2.32 EIGx6107@16.64 SYPRx22326@4.69 
Purchases: ZSLx5378@19.06 PHMDx11206@9.15 IOTx38398@2.67 SBFGx32971@3.11 SIFYx18534@5.53 

2011-05-10
Cash: 16.07
Held: IOTx38398@2.72 SBFGx32971@3.18 SIFYx18534@5.68 ZSLx5378@19.80 PHMDx11206@9.76 
Value: 530404.07
Sales: ZSLx5378@19.80 PHMDx11206@9.76 IOTx38398@2.72 SBFGx32971@3.18 SIFYx18534@5.68 
Purchases: SGOCx30224@3.51 BSFTx2611@40.62 TROVx757640@0.14 IHTx67136@1.58 PETSx8209@12.92 

2011-05-11
Cash: 16.55
Held: IHTx67136@1.58 SGOCx30224@3.29 PETSx8209@13.06 TROVx757640@0.14 BSFTx2611@40.97 
Value: 525785.46
Sales: SGOCx30224@3.29 BSFTx2611@40.97 PETSx8209@13.06 IHTx67136@1.58 TROVx757640@0.14 
Purchases: AEYx39676@2.65 BSXx15064@6.98 RCONx56853@1.85 BBGIx23307@4.51 HOLIx9628@10.92 

2011-05-12
Cash: 8.50
Held: RCONx56853@1.95 AEYx39676@2.65 BSXx15064@6.92 BBGIx23307@4.50 HOLIx9628@10.57 
Value: 526963.45
Sales: AEYx39676@2.65 BBGIx23307@4.50 RCONx56853@1.95 BSXx15064@6.92 HOLIx9628@10.57 
Purchases: HKx68871@1.53 NETEx958242@0.11 ALJx9394@11.22 ASMx42157@2.50 BAAx30817@3.42 

2011-05-15
Cash: 6.23
Held: BAAx30817@3.26 HKx68871@1.54 ALJx9394@10.89 ASMx42157@2.74 NETEx958242@0.11 
Value: 529745.64
Sales: HKx68871@1.54 NETEx958242@0.11 ALJx9394@10.89 ASMx42157@2.74 BAAx30817@3.26 
Purchases: WGBSx168204@0.63 TEARx55184@1.92 LLITx31247@3.39 AMTXx70632@1.50 GENEx13705@7.73 

2011-05-16
Cash: 6.92
Held: GENEx13705@7.09 LLITx31247@3.49 AMTXx70632@1.50 WGBSx168204@0.58 TEARx55184@2.00 
Value: 520120.05
Sales: LLITx31247@3.49 TEARx55184@2.00 GENEx13705@7.09 WGBSx168204@0.58 AMTXx70632@1.50 
Purchases: FONRx44272@2.35 EPMx14015@7.42 RMBSx7124@14.60 SPEXx26670@3.90 NVGNx86672@1.20 

2011-05-17
Cash: 12.29
Held: NVGNx86672@1.20 SPEXx26670@3.08 EPMx14015@7.39 FONRx44272@2.36 RMBSx7124@13.33 
Value: 489164.72
Sales: EPMx14015@7.39 RMBSx7124@13.33 NVGNx86672@1.20 FONRx44272@2.36 SPEXx26670@3.08 
Purchases: CADCx3977@24.59 BSPMx3004@32.56 KONEx57542@1.70 SYMXx41294@2.37 GSLx17501@5.59 

2011-05-18
Cash: 45.84
Held: KONEx57542@1.50 SYMXx41294@2.57 CADCx3977@25.20 BSPMx3004@30.45 GSLx17501@5.59 
Value: 482039.19
Sales: BSPMx3004@30.45 SYMXx41294@2.57 CADCx3977@25.20 KONEx57542@1.50 GSLx17501@5.59 
Purchases: BORNx10448@9.23 SPLSx5782@16.67 TAx14948@6.45 ABIOx1006@95.75 CLDXx28781@3.35 

2011-05-19
Cash: 110.76
Held: CLDXx28781@3.37 ABIOx1006@91.56 TAx14948@6.27 SPLSx5782@16.58 BORNx10448@9.00 
Value: 472793.54
Sales: BORNx10448@9.00 SPLSx5782@16.58 TAx14948@6.27 CLDXx28781@3.37 ABIOx1006@91.56 
Purchases: MEIPx77524@1.22 KONEx66139@1.43 DLHCx78786@1.20 VRMLx19956@4.74 DDDx5280@17.91 

2011-05-22
Cash: 16.63
Held: MEIPx77524@1.24 DLHCx78786@1.30 KONEx66139@1.37 DDDx5280@17.64 VRMLx19956@5.09 
Value: 483904.57
Sales: VRMLx19956@5.09 MEIPx77524@1.24 DDDx5280@17.64 KONEx66139@1.37 DLHCx78786@1.30 
Purchases: CFBKx17435@5.55 DXLGx24875@3.89 YRCWx113846@0.85 OGENx21506@4.50 GPSx5089@19.02 

2011-05-23
Cash: 19.67
Held: GPSx5089@19.17 DXLGx24875@3.79 YRCWx113846@0.80 OGENx21506@4.76 CFBKx17435@5.35 
Value: 478602.85
Sales: CFBKx17435@5.35 DXLGx24875@3.79 YRCWx113846@0.80 OGENx21506@4.76 GPSx5089@19.17 
Purchases: MTSLx78477@1.22 MOHx3659@26.16 KROx3416@28.02 FASTx2939@32.56 NWYx18164@5.27 

2011-05-24
Cash: 58.33
Held: MOHx3659@25.91 NWYx18164@5.02 FASTx2939@32.31 KROx3416@27.81 MTSLx78477@1.40 
Value: 485896.45
Sales: MTSLx78477@1.40 MOHx3659@25.91 NWYx18164@5.02 FASTx2939@32.31 KROx3416@27.81 
Purchases: TGSx25568@3.80 INVEx39996@2.43 TISAx40650@2.39 SPEXx33505@2.90 BORNx14167@6.86 

2011-05-25
Cash: 7.04
Held: INVEx39996@2.50 TGSx25568@3.70 SPEXx33505@2.78 TISAx40650@2.51 BORNx14167@6.75 
Value: 485348.23
Sales: TGSx25568@3.70 INVEx39996@2.50 BORNx14167@6.75 SPEXx33505@2.78 TISAx40650@2.51 
Purchases: CNETx19490@4.98 CBLIx905@107.19 NVGNx102157@0.95 KONEx98026@0.99 KGJIx70847@1.37 

2011-05-26
Cash: 67.69
Held: CBLIx905@110.00 CNETx19490@4.90 NVGNx102157@1.00 KONEx98026@1.00 KGJIx70847@1.43 
Value: 496560.31
Sales: CNETx19490@4.90 CBLIx905@110.00 NVGNx102157@1.00 KONEx98026@1.00 KGJIx70847@1.43 
Purchases: KZx15810@6.28 ROIAx40548@2.45 SIGMx11259@8.82 NTZx27133@3.66 CREGx55179@1.80 

2011-05-30
Cash: 12.49
Held: CREGx55179@1.83 SIGMx11259@8.68 ROIAx40548@2.38 NTZx27133@3.70 KZx15810@6.41 
Value: 496973.53
Sales: KZx15810@6.41 ROIAx40548@2.38 SIGMx11259@8.68 NTZx27133@3.70 CREGx55179@1.83 
Purchases: PTNx105745@0.94 ARNAx69003@1.44 SIGMx11451@8.68 TPIVx552028@0.18 TISAx42302@2.35 

2011-05-31
Cash: 6.49
Held: SIGMx11451@8.96 PTNx105745@0.88 TPIVx552028@0.20 ARNAx69003@1.41 TISAx42302@2.33 
Value: 501912.01
Sales: PTNx105745@0.88 ARNAx69003@1.41 SIGMx11451@8.96 TPIVx552028@0.20 TISAx42302@2.33 
Purchases: COYNx30886@3.25 YANGx7325@13.70 CADCx3346@30.00 KONEx145494@0.69 NOKx15415@6.51 

2011-06-01
Cash: 16.64
Held: KONEx145494@0.72 CADCx3346@29.64 NOKx15415@6.73 YANGx7325@14.23 COYNx30886@3.50 
Value: 520041.86
Sales: COYNx30886@3.50 YANGx7325@14.23 CADCx3346@29.64 KONEx145494@0.72 NOKx15415@6.73 
Purchases: ELTKx78197@1.33 CDTIx2889@36.00 LECOx2856@36.41 ARLx43685@2.38 SHOOx2884@36.06 

2011-06-02
Cash: 41.40
Held: LECOx2856@36.59 SHOOx2884@34.75 CDTIx2889@36.56 ARLx43685@2.32 ELTKx78197@1.38 
Value: 519666.76
Sales: ELTKx78197@1.38 ARLx43685@2.32 LECOx2856@36.59 CDTIx2889@36.56 SHOOx2884@34.75 
Purchases: CBPOx9099@11.42 FHx65777@1.58 FTNTx4461@23.30 FFINx3102@33.50 NAIIx30565@3.40 

2011-06-05
Cash: 29.02
Held: FFINx3102@33.31 CBPOx9099@9.85 FHx65777@1.56 FTNTx4461@23.31 NAIIx30565@3.46 
Value: 505368.23
Sales: CBPOx9099@9.85 FHx65777@1.56 FTNTx4461@23.31 FFINx3102@33.31 NAIIx30565@3.46 
Purchases: NWLx6752@14.97 SKLNx1443758@0.07 SSFNx17637@5.73 CADCx3934@25.69 OREXx48364@2.09 

2011-06-06
Cash: 29.49
Held: SKLNx1443758@0.08 OREXx48364@1.82 CADCx3934@26.64 SSFNx17637@5.69 NWLx6752@14.58 
Value: 507207.45
Sales: NWLx6752@14.58 OREXx48364@1.82 SSFNx17637@5.69 CADCx3934@26.64 SKLNx1443758@0.08 
Purchases: BVNx2817@36.00 OPHCx71936@1.41 INOx135255@0.75 BOSCx11793@8.60 BVXx36371@2.79 

2011-06-07
Cash: 33.98
Held: INOx135255@0.76 OPHCx71936@1.38 BOSCx11793@8.80 BVXx36371@2.86 BVNx2817@36.16 
Value: 511651.36
Sales: BVNx2817@36.16 OPHCx71936@1.38 INOx135255@0.76 BVXx36371@2.86 BOSCx11793@8.80 
Purchases: NEONx33889@3.02 VISNx30819@3.32 ROIAKx55915@1.83 ARLx48288@2.12 GIIIx2985@34.28 

2011-06-08
Cash: 6.35
Held: GIIIx2985@33.50 ROIAKx55915@1.81 NEONx33889@2.95 VISNx30819@3.28 ARLx48288@2.11 
Value: 504054.19
Sales: VISNx30819@3.28 GIIIx2985@33.50 ROIAKx55915@1.81 NEONx33889@2.95 ARLx48288@2.11 
Purchases: CJJDx60017@1.68 RCONx96028@1.05 QNSTx9011@11.19 VRTBx68093@1.48 BORNx20209@4.99 

2011-06-09
Cash: 5.45
Held: RCONx96028@1.10 VRTBx68093@1.52 CJJDx60017@1.70 QNSTx9011@10.86 BORNx20209@4.64 
Value: 502745.02
Sales: CJJDx60017@1.70 RCONx96028@1.10 QNSTx9011@10.86 VRTBx68093@1.52 BORNx20209@4.64 
Purchases: GALEx89766@1.12 NFECx55237@1.82 MTGx17069@5.89 PRTKx10102@9.95 VRMLx22286@4.51 

2011-06-12
Cash: 6.27
Held: NFECx55237@2.10 GALEx89766@1.06 MTGx17069@6.12 PRTKx10102@9.67 VRMLx22286@4.51 
Value: 513830.17
Sales: GALEx89766@1.06 VRMLx22286@4.51 NFECx55237@2.10 MTGx17069@6.12 PRTKx10102@9.67 
Purchases: ALNx68959@1.49 DIODx4417@23.27 NBYx89331@1.15 EVKx51133@2.01 GENEx20473@5.02 

2011-06-13
Cash: 5.08
Held: EVKx51133@2.04 NBYx89331@1.10 DIODx4417@23.50 GENEx20473@4.78 ALNx68959@1.37 
Value: 498665.61
Sales: DIODx4417@23.50 ALNx68959@1.37 NBYx89331@1.10 EVKx51133@2.04 GENEx20473@4.78 
Purchases: TAITx85247@1.17 ESXBx77899@1.28 STKLx14090@7.08 GRCx3291@30.30 OIIx2739@36.41 

2011-06-14
Cash: 46.75
Held: ESXBx77899@1.26 OIIx2739@36.38 TAITx85247@1.30 STKLx14090@6.98 GRCx3291@29.19 
Value: 503027.67
Sales: ESXBx77899@1.26 STKLx14090@6.98 TAITx85247@1.30 OIIx2739@36.38 GRCx3291@29.19 
Purchases: PEDx1257300@0.08 FOLDx15035@6.69 ABRx23958@4.20 DXTRx40719@2.47 MFRIx12916@7.79 

2011-06-15
Cash: 3.92
Held: MFRIx12916@7.57 PEDx1257300@0.07 FOLDx15035@6.34 ABRx23958@4.46 DXTRx40719@2.39 
Value: 485340.83
Sales: PEDx1257300@0.07 FOLDx15035@6.34 ABRx23958@4.46 DXTRx40719@2.39 MFRIx12916@7.57 
Purchases: RCONx39132@2.48 AXDXx17586@5.52 INUVx56766@1.71 SPWRx5541@17.52 LODEx31514@3.08 

2011-06-16
Cash: 21.35
Held: RCONx39132@2.31 AXDXx17586@4.85 SPWRx5541@17.06 INUVx56766@1.77 LODEx31514@3.04 
Value: 466522.79
Sales: RCONx39132@2.31 AXDXx17586@4.85 INUVx56766@1.77 SPWRx5541@17.06 LODEx31514@3.04 
Purchases: HQCLx17122@5.45 NAKx10857@8.59 DSTx1804@51.72 VGZx36163@2.58 DLHCx88058@1.06 

2011-06-19
Cash: 11.29
Held: VGZx36163@2.70 DSTx1804@51.00 DLHCx88058@1.11 HQCLx17122@5.32 NAKx10857@8.62 
Value: 472053.67
Sales: HQCLx17122@5.32 NAKx10857@8.62 DSTx1804@51.00 VGZx36163@2.70 DLHCx88058@1.11 
Purchases: CBLIx1275@74.00 OPHCx138803@0.68 MINDx6578@14.35 LIVEx27764@3.40 BBRYx3456@27.31 

2011-06-20
Cash: 88.21
Held: CBLIx1275@69.19 LIVEx27764@3.14 OPHCx138803@0.67 MINDx6578@14.72 BBRYx3456@26.44 
Value: 456673.68
Sales: OPHCx138803@0.67 CBLIx1275@69.19 MINDx6578@14.72 LIVEx27764@3.14 BBRYx3456@26.44 
Purchases: CALIx13468@6.78 DLx41902@2.18 SITOx228392@0.40 SGRPx78726@1.16 INSx70268@1.30 

2011-06-21
Cash: 6.91
Held: CALIx13468@7.50 DLx41902@2.20 SGRPx78726@1.22 INSx70268@1.30 SITOx228392@0.51 
Value: 496953.83
Sales: CALIx13468@7.50 DLx41902@2.20 SITOx228392@0.51 SGRPx78726@1.22 INSx70268@1.30 
Purchases: PMBCx29229@3.40 ACURx4908@20.25 FTEKx16032@6.20 OSBCPx29846@3.33 HPJx73644@1.35 

2011-06-22
Cash: 10.80
Held: OSBCPx29846@3.30 HPJx73644@1.30 FTEKx16032@5.99 ACURx4908@19.45 PMBCx29229@3.39 
Value: 484833.37
Sales: PMBCx29229@3.39 HPJx73644@1.30 FTEKx16032@5.99 OSBCPx29846@3.30 ACURx4908@19.45 
Purchases: NYNYx111440@0.87 LARKx6348@15.27 BSFx17286@5.61 HSTMx8752@11.08 PEIXx66864@1.45 

2011-06-23
Cash: 26.47
Held: BSFx17286@5.50 LARKx6348@15.74 PEIXx66864@1.46 NYNYx111440@0.90 HSTMx8752@11.38 
Value: 492557.19
Sales: LARKx6348@15.74 NYNYx111440@0.90 BSFx17286@5.50 HSTMx8752@11.38 PEIXx66864@1.46 
Purchases: GTXIx20911@4.71 OGENx28067@3.51 SEEDx24202@4.07 KINSx33513@2.94 FCSCx96624@1.02 

2011-06-26
Cash: 7.40
Held: GTXIx20911@4.39 FCSCx96624@0.95 OGENx28067@3.75 SEEDx24202@3.94 KINSx33513@2.96 
Value: 483455.23
Sales: SEEDx24202@3.94 OGENx28067@3.75 GTXIx20911@4.39 KINSx33513@2.96 FCSCx96624@0.95 
Purchases: CHNRx9208@10.50 ARLx30223@3.20 AMRBx15776@6.13 PTIEx24172@4.00 FCSCx101759@0.95 

2011-06-27
Cash: 12.69
Held: AMRBx15776@6.25 PTIEx24172@3.90 CHNRx9208@9.00 FCSCx101759@0.77 ARLx30223@3.17 
Value: 449925.90
Sales: CHNRx9208@9.00 ARLx30223@3.17 PTIEx24172@3.90 AMRBx15776@6.25 FCSCx101759@0.77 
Purchases: ICCCx12622@7.13 VTNRx35994@2.50 FUSBx18592@4.84 PTIEx23070@3.90 FLOx4140@21.73 

2011-06-28
Cash: 15.14
Held: VTNRx35994@2.65 PTIEx23070@4.01 FLOx4140@22.09 ICCCx12622@7.68 FUSBx18592@5.00 
Value: 469324.80
Sales: ICCCx12622@7.68 VTNRx35994@2.65 FUSBx18592@5.00 FLOx4140@22.09 PTIEx23070@4.01 
Purchases: XBKSx8946@10.49 CDTIx4163@22.55 BCLIx14714@6.38 RBPAAx69549@1.35 IGCx302732@0.31 

2011-06-29
Cash: 11.18
Held: RBPAAx69549@1.42 BCLIx14714@7.30 IGCx302732@0.36 CDTIx4163@24.30 XBKSx8946@10.61 
Value: 511264.42
Sales: CDTIx4163@24.30 IGCx302732@0.36 RBPAAx69549@1.42 BCLIx14714@7.30 XBKSx8946@10.61 
Purchases: PDEXx47550@2.15 SINOx68168@1.50 EXFOx13705@7.46 YRCWx86677@1.18 SCKTx45843@2.23 

2011-06-30
Cash: 6.05
Held: SCKTx45843@2.15 PDEXx47550@2.08 YRCWx86677@1.15 SINOx68168@1.46 EXFOx13705@7.73 
Value: 502675.22
Sales: SINOx68168@1.46 EXFOx13705@7.73 PDEXx47550@2.08 YRCWx86677@1.15 SCKTx45843@2.15 
Purchases: IMMYx3351304@0.03 CALIx14203@7.08 SSFNx20107@5.00 CLNTx10261@9.80 SGOCx25319@3.97 

2011-07-04
Cash: 14.61
Held: CALIx14203@7.23 SGOCx25319@3.66 CLNTx10261@9.30 SSFNx20107@4.96 IMMYx3351304@0.04 
Value: 524606.06
Sales: SGOCx25319@3.66 CALIx14203@7.23 SSFNx20107@4.96 CLNTx10261@9.30 IMMYx3351304@0.04 
Purchases: AMXx3879@27.05 SSGx2173@48.28 DARx6132@17.11 HOLIx11657@9.00 CJJDx55210@1.90 

2011-07-05
Cash: 27.82
Held: CJJDx55210@1.90 AMXx3879@26.95 SSGx2173@49.00 HOLIx11657@9.42 DARx6132@17.16 
Value: 531009.48
Sales: CJJDx55210@1.90 SSGx2173@49.00 DARx6132@17.16 HOLIx11657@9.42 AMXx3879@26.95 
Purchases: RCONx51540@2.06 TMKx2519@42.16 SHIPx21240@5.00 MITLx25770@4.12 NTCTx6316@16.81 

2011-07-06
Cash: 28.96
Held: RCONx51540@1.92 SHIPx21240@5.00 NTCTx6316@16.95 TMKx2519@43.44 MITLx25770@4.07 
Value: 526568.69
Sales: TMKx2519@43.44 RCONx51540@1.92 NTCTx6316@16.95 SHIPx21240@5.00 MITLx25770@4.07 
Purchases: FNCXx16850@6.25 OHRPx181550@0.58 PLBCx50158@2.10 FUNCx23342@4.51 ITUSx309666@0.34 

2011-07-07
Cash: 4.60
Held: ITUSx309666@0.30 PLBCx50158@2.05 OHRPx181550@0.55 FNCXx16850@6.25 FUNCx23342@4.40 
Value: 503580.48
Sales: FNCXx16850@6.25 OHRPx181550@0.55 PLBCx50158@2.05 FUNCx23342@4.40 ITUSx309666@0.30 
Purchases: FARMx11645@8.65 LLx5444@18.50 IPCIx29365@3.43 AXNx100716@1.00 AMTXx37448@2.69 

2011-07-10
Cash: 12.01
Held: FARMx11645@9.81 AMTXx37448@2.80 IPCIx29365@3.36 AXNx100716@0.95 LLx5444@18.62 
Value: 514904.65
Sales: FARMx11645@9.81 LLx5444@18.62 IPCIx29365@3.36 AXNx100716@0.95 AMTXx37448@2.80 
Purchases: IMNPx205961@0.50 DFFNx187304@0.55 IGCx343213@0.30 XTNTx38152@2.70 XXIAx10478@9.83 

2011-07-11
Cash: 3.18
Held: XTNTx38152@2.75 IMNPx205961@0.52 DFFNx187304@0.63 XXIAx10478@9.68 IGCx343213@0.33 
Value: 544715.37
Sales: IMNPx205961@0.52 DFFNx187304@0.63 IGCx343213@0.33 XXIAx10478@9.68 XTNTx38152@2.75 
Purchases: CNETx18844@5.78 WKHSx184698@0.59 UPVx3015@36.12 NFECx57652@1.89 BLDRx52129@2.09 

2011-07-12
Cash: 30.18
Held: CNETx18844@5.44 NFECx57652@2.02 UPVx3015@36.91 WKHSx184698@0.50 BLDRx52129@2.12 
Value: 533088.08
Sales: CNETx18844@5.44 UPVx3015@36.91 NFECx57652@2.02 BLDRx52129@2.12 WKHSx184698@0.50 
Purchases: PEDx2132873@0.05 CALIx10449@10.20 OPHCx126949@0.84 TEARx58258@1.83 MCHPx3215@33.16 

2011-07-13
Cash: 26.65
Held: CALIx10449@10.56 PEDx2132873@0.07 MCHPx3215@32.59 OPHCx126949@0.98 TEARx58258@1.75 
Value: 590858.89
Sales: PEDx2132873@0.07 CALIx10449@10.56 OPHCx126949@0.98 TEARx58258@1.75 MCHPx3215@32.59 
Purchases: FARMx12129@9.74 CRVPx109410@1.08 JVAx5288@22.34 TUESx28405@4.16 ITGx10017@11.80 

2011-07-14
Cash: 32.27
Held: FARMx12129@9.33 CRVPx109410@1.10 TUESx28405@4.07 JVAx5288@19.56 ITGx10017@11.78 
Value: 570557.87
Sales: FARMx12129@9.33 CRVPx109410@1.10 JVAx5288@19.56 TUESx28405@4.07 ITGx10017@11.78 
Purchases: ARWRx22248@5.13 ISDRx633764@0.18 CDTIx3862@29.55 BWL.Ax10787@10.58 CTSOx21735@5.25 

2011-07-17
Cash: 13.38
Held: ISDRx633764@0.17 BWL.Ax10787@10.58 CTSOx21735@5.42 ARWRx22248@4.90 CDTIx3862@30.34 
Value: 565899.80
Sales: ARWRx22248@4.90 ISDRx633764@0.17 CDTIx3862@30.34 BWL.Ax10787@10.58 CTSOx21735@5.42 
Purchases: XBKSx14147@8.00 JVAx5836@19.39 TGIx2248@50.34 TOPSx37849@2.99 DCTHx21850@5.18 

2011-07-18
Cash: 33.81
Held: TOPSx37849@3.00 TGIx2248@49.97 DCTHx21850@5.07 JVAx5836@23.00 XBKSx14147@7.48 
Value: 576751.08
Sales: XBKSx14147@7.48 JVAx5836@23.00 TGIx2248@49.97 TOPSx37849@3.00 DCTHx21850@5.07 
Purchases: WBMDx3505@32.91 SNHYx3613@31.92 INTXx6224@18.53 MAYSx6791@16.98 INSx86724@1.33 

2011-07-19
Cash: 51.86
Held: INSx86724@1.33 INTXx6224@18.62 WBMDx3505@36.78 MAYSx6791@17.00 SNHYx3613@33.66 
Value: 597288.86
Sales: WBMDx3505@36.78 SNHYx3613@33.66 INTXx6224@18.62 MAYSx6791@17.00 INSx86724@1.33 
Purchases: IMMYx1706361@0.07 CLBSx111610@1.07 AXNx131249@0.91 MTGx26546@4.50 BASIx67100@1.78 

2011-07-20
Cash: 3.07
Held: BASIx67100@1.91 CLBSx111610@1.06 MTGx26546@4.40 AXNx131249@0.93 IMMYx1706361@0.12 
Value: 690033.75
Sales: CLBSx111610@1.06 IMMYx1706361@0.12 AXNx131249@0.93 MTGx26546@4.40 BASIx67100@1.91 
Purchases: SGOCx37806@3.65 DVAXx5499@25.09 FTNTx6386@21.61 CURx7581@18.20 FFHLx38759@3.56 

2011-07-21
Cash: 37.95
Held: SGOCx37806@3.77 FFHLx38759@3.93 DVAXx5499@26.30 FTNTx6386@20.84 CURx7581@18.59 
Value: 713533.53
Sales: SGOCx37806@3.77 DVAXx5499@26.30 FTNTx6386@20.84 FFHLx38759@3.93 CURx7581@18.59 
Purchases: STXx10019@14.24 RVPx123006@1.16 TZOOx2460@58.00 GNWx17281@8.26 FFIVx1430@99.75 

2011-07-24
Cash: 109.12
Held: RVPx123006@1.15 STXx10019@14.35 GNWx17281@8.77 FFIVx1430@99.81 TZOOx2460@58.69 
Value: 724119.27
Sales: TZOOx2460@58.69 RVPx123006@1.15 STXx10019@14.35 GNWx17281@8.77 FFIVx1430@99.81 
Purchases: RTx15320@9.45 KONAx21555@6.72 FCFPx52663@2.75 CDTIx4787@30.25 GENEx23465@6.17 

2011-07-25
Cash: 21.69
Held: KONAx21555@6.90 GENEx23465@6.34 RTx15320@9.48 FCFPx52663@2.70 CDTIx4787@31.41 
Value: 735153.56
Sales: RTx15320@9.48 KONAx21555@6.90 GENEx23465@6.34 FCFPx52663@2.70 CDTIx4787@31.41 
Purchases: ATECx46240@3.18 TGTXx588122@0.25 EVKx86978@1.69 HDBx4056@36.25 FCFPx54471@2.70 

2011-07-26
Cash: 4.97
Held: EVKx86978@2.00 ATECx46240@2.90 FCFPx54471@2.20 HDBx4056@36.31 TGTXx588122@0.26 
Value: 728069.64
Sales: TGTXx588122@0.26 EVKx86978@2.00 FCFPx54471@2.20 HDBx4056@36.31 ATECx46240@2.90 
Purchases: UCTTx20652@7.05 SINOx30782@4.73 IMMYx1819785@0.08 HMNYx67105@2.17 TCIx82746@1.76 

2011-07-27
Cash: 3.55
Held: UCTTx20652@6.96 SINOx30782@5.30 TCIx82746@1.70 HMNYx67105@2.17 IMMYx1819785@0.06 
Value: 702409.10
Sales: UCTTx20652@6.96 SINOx30782@5.30 IMMYx1819785@0.06 HMNYx67105@2.17 TCIx82746@1.70 
Purchases: CYTRx47289@2.97 ROSGx114169@1.23 OKSBx21955@6.40 JNPRx5686@24.70 DLHCx73544@1.91 

2011-07-28
Cash: 25.94
Held: DLHCx73544@2.30 JNPRx5686@23.33 OKSBx21955@6.27 CYTRx47289@2.94 ROSGx114169@1.45 
Value: 744097.02
Sales: CYTRx47289@2.94 ROSGx114169@1.45 OKSBx21955@6.27 JNPRx5686@23.33 DLHCx73544@2.30 
Purchases: SMMFx49606@3.00 SHIPx28346@5.25 SSYSx5723@26.00 AKAMx6282@23.69 OSKx6078@24.48 

2011-07-31
Cash: 43.61
Held: SHIPx28346@5.06 SSYSx5723@25.84 AKAMx6282@24.53 OSKx6078@24.81 SMMFx49606@3.22 
Value: 756020.18
Sales: AKAMx6282@24.53 SMMFx49606@3.22 SHIPx28346@5.06 SSYSx5723@25.84 OSKx6078@24.81 
Purchases: SPRTx45140@3.35 NVGNx151204@1.00 IBIOx56425@2.68 NUROx343691@0.44 TNAVx14887@10.16 

2011-08-01
Cash: 13.45
Held: TNAVx14887@9.69 NUROx343691@0.43 NVGNx151204@1.00 IBIOx56425@2.57 SPRTx45140@3.26 
Value: 735374.60
Sales: SPRTx45140@3.26 NVGNx151204@1.00 IBIOx56425@2.57 NUROx343691@0.43 TNAVx14887@9.69 
Purchases: IMMYx2942216@0.05 KNDx10732@13.70 GEN           x29346@5.01 RCONx93080@1.58 TNAVx15181@9.69 

2011-08-02
Cash: 24.27
Held: RCONx93080@1.73 TNAVx15181@9.82 KNDx10732@13.96 GEN           x29346@5.68 IMMYx2942216@0.05 
Value: 773758.24
Sales: IMMYx2942216@0.05 RCONx93080@1.73 GEN           x29346@5.68 KNDx10732@13.96 TNAVx15181@9.82 
Purchases: BORNx27492@5.63 XTLBx573112@0.27 INSMx28136@5.50 RILYx2210506@0.07 FOEx15621@9.91 

2011-08-03
Cash: 11.78
Held: XTLBx573112@0.27 FOEx15621@9.81 RILYx2210506@0.08 INSMx28136@5.04 BORNx27492@4.96 
Value: 763087.69
Sales: FOEx15621@9.81 BORNx27492@4.96 RILYx2210506@0.08 XTLBx573112@0.27 INSMx28136@5.04 
Purchases: GECx99099@1.54 BPIx7140@21.38 KFRCx17583@8.68 TMUSx14946@10.21 BBOXx6289@24.27 

2011-08-04
Cash: 19.72
Held: BBOXx6289@25.38 KFRCx17583@8.78 BPIx7140@21.23 TMUSx14946@9.50 GECx99099@1.59 
Value: 765156.18
Sales: BPIx7140@21.23 GECx99099@1.59 KFRCx17583@8.78 BBOXx6289@25.38 TMUSx14946@9.50 
Purchases: CIRx4427@34.56 KRAx6777@22.58 XPOx48575@3.15 TSx3974@38.50 IOx24332@6.29 

2011-08-07
Cash: 81.35
Held: XPOx48575@2.93 IOx24332@5.58 KRAx6777@21.56 TSx3974@34.09 CIRx4427@34.50 
Value: 712466.98
Sales: CIRx4427@34.50 KRAx6777@21.56 XPOx48575@2.93 TSx3974@34.09 IOx24332@5.58 
Purchases: CLGXx14756@9.66 JOBx678666@0.21 FSTRx7895@18.05 SHIPx38297@3.72 MCZx219253@0.65 

2011-08-08
Cash: 21.12
Held: JOBx678666@0.21 SHIPx38297@3.50 CLGXx14756@8.96 FSTRx7895@19.00 MCZx219253@0.64 
Value: 699138.46
Sales: JOBx678666@0.21 FSTRx7895@19.00 CLGXx14756@8.96 SHIPx38297@3.50 MCZx219253@0.64 
Purchases: USEGx46609@3.00 CPLPx27304@5.12 URGx116504@1.20 OGENx66597@2.10 VRMLx55713@2.51 

2011-08-09
Cash: 3.30
Held: USEGx46609@2.82 URGx116504@1.27 CPLPx27304@5.63 VRMLx55713@2.74 OGENx66597@2.20 
Value: 732180.42
Sales: USEGx46609@2.82 CPLPx27304@5.63 URGx116504@1.27 OGENx66597@2.20 VRMLx55713@2.74 
Purchases: GTN.Ax112660@1.30 LLNWx65082@2.25 ENOCx13956@10.49 MTGx65366@2.24 SBBXx30702@4.77 

2011-08-10
Cash: 11.65
Held: ENOCx13956@9.36 MTGx65366@2.19 LLNWx65082@2.38 GTN.Ax112660@1.38 SBBXx30702@4.93 
Value: 735506.83
Sales: LLNWx65082@2.38 ENOCx13956@9.36 MTGx65366@2.19 SBBXx30702@4.93 GTN.Ax112660@1.38 
Purchases: AIQx126794@1.16 ABx10753@13.68 MSTXx136195@1.08 KARx10513@13.99 DRVx2340@62.84 

2011-08-11
Cash: 52.82
Held: DRVx2340@51.31 KARx10513@13.68 AIQx126794@1.61 MSTXx136195@1.17 ABx10753@15.10 
Value: 789846.15
Sales: MSTXx136195@1.17 KARx10513@13.68 ABx10753@15.10 AIQx126794@1.61 DRVx2340@51.31 
Purchases: HOVNPx63435@2.49 MEIPx110492@1.43 FHx104631@1.51 CURx10385@15.21 AMTXx22244@7.10 

2011-08-14
Cash: 8.07
Held: MEIPx110492@1.44 AMTXx22244@6.50 HOVNPx63435@3.00 FHx104631@1.56 CURx10385@15.73 
Value: 820554.78
Sales: HOVNPx63435@3.00 MEIPx110492@1.44 FHx104631@1.56 AMTXx22244@6.50 CURx10385@15.73 
Purchases: SMDDx6233@26.33 TZAx3482@47.12 SRTYx7077@23.19 YANGx10099@16.25 MIDZx3579@45.84 

2011-08-15
Cash: 80.86
Held: SMDDx6233@25.97 SRTYx7077@23.08 MIDZx3579@45.66 TZAx3482@46.81 YANGx10099@16.44 
Value: 817675.13
Sales: SMDDx6233@25.97 TZAx3482@46.81 SRTYx7077@23.08 YANGx10099@16.44 MIDZx3579@45.66 
Purchases: DVx3716@44.00 MLSSx398951@0.41 EVBSx68128@2.40 RVLTx71441@2.29 PEIXx389441@0.42 

2011-08-16
Cash: 34.76
Held: RVLTx71441@2.24 MLSSx398951@0.70 DVx3716@45.00 PEIXx389441@0.41 EVBSx68128@2.47 
Value: 934603.61
Sales: DVx3716@45.00 MLSSx398951@0.70 EVBSx68128@2.47 RVLTx71441@2.24 PEIXx389441@0.41 
Purchases: SRSCx14301@13.07 CNTFx12059@15.50 ISNSx29666@6.30 KNDIx83803@2.23 EVLVx49845@3.75 

2011-08-17
Cash: 12.87
Held: CNTFx12059@14.50 SRSCx14301@13.11 KNDIx83803@2.50 ISNSx29666@6.48 EVLVx49845@3.55 
Value: 941091.32
Sales: CNTFx12059@14.50 EVLVx49845@3.55 ISNSx29666@6.48 KNDIx83803@2.50 SRSCx14301@13.11 
Purchases: HMSYx8100@23.23 OZRKx8382@22.45 INOx244433@0.77 SKLNx752873@0.25 ABACx20556@9.16 

2011-08-18
Cash: 38.48
Held: ABACx20556@9.32 INOx244433@0.63 SKLNx752873@0.25 HMSYx8100@22.45 OZRKx8382@21.47 
Value: 895630.59
Sales: ABACx20556@9.32 OZRKx8382@21.47 INOx244433@0.63 SKLNx752873@0.25 HMSYx8100@22.45 
Purchases: MEIPx124356@1.44 NVGNx210712@0.85 TZOOx5448@32.88 NTAPx5140@34.84 GEN           x38181@4.69 

2011-08-21
Cash: 56.28
Held: MEIPx124356@1.45 NTAPx5140@36.84 GEN           x38181@4.83 NVGNx210712@0.80 TZOOx5448@36.19 
Value: 919794.23
Sales: MEIPx124356@1.45 NVGNx210712@0.80 GEN           x38181@4.83 NTAPx5140@36.84 TZOOx5448@36.19 
Purchases: TDCx4122@44.62 ALLTx17784@10.34 TOPSx89276@2.06 PKDx35170@5.23 SBNYWx7161@25.69 

2011-08-22
Cash: 35.58
Held: TOPSx89276@2.06 ALLTx17784@10.99 SBNYWx7161@25.98 TDCx4122@45.28 PKDx35170@5.00 
Value: 928051.44
Sales: TDCx4122@45.28 ALLTx17784@10.99 TOPSx89276@2.06 PKDx35170@5.00 SBNYWx7161@25.98 
Purchases: SBOTx337593@0.55 FBPx66040@2.81 SHIPx59881@3.10 RCONx117469@1.58 DGICBx10868@17.08 

2011-08-23
Cash: 9.74
Held: RCONx117469@1.52 SHIPx59881@3.31 DGICBx10868@17.19 FBPx66040@2.86 SBOTx337593@0.60 
Value: 954962.06
Sales: RCONx117469@1.52 FBPx66040@2.86 SHIPx59881@3.31 DGICBx10868@17.19 SBOTx337593@0.60 
Purchases: CJJDx106697@1.79 SPUx86005@2.22 RWCx214565@0.89 BACx30033@6.36 SMMFx67254@2.84 

2011-08-24
Cash: 4.55
Held: SPUx86005@2.20 RWCx214565@0.98 BACx30033@8.29 CJJDx106697@1.83 SMMFx67254@3.24 
Value: 1061545.85
Sales: CJJDx106697@1.83 RWCx214565@0.98 SPUx86005@2.20 SMMFx67254@3.24 BACx30033@8.29 
Purchases: USAKx27394@7.75 SKLNx1633086@0.13 HBPx303214@0.70 LFCx5591@37.97 TECSx8502@24.97 

2011-08-25
Cash: 56.58
Held: SKLNx1633086@0.15 HBPx303214@0.78 TECSx8502@26.38 LFCx5591@36.91 USAKx27394@7.64 
Value: 1121391.50
Sales: USAKx27394@7.64 SKLNx1633086@0.15 HBPx303214@0.78 LFCx5591@36.91 TECSx8502@26.38 
Purchases: RYNx5736@39.09 HMNFx132675@1.69 MGHx198496@1.13 MCZx291263@0.77 CALx32978@6.80 

2011-08-28
Cash: 40.41
Held: RYNx5736@40.94 CALx32978@7.94 HMNFx132675@1.86 MGHx198496@1.21 MCZx291263@0.81 
Value: 1219684.25
Sales: RYNx5736@40.94 HMNFx132675@1.86 MGHx198496@1.21 MCZx291263@0.81 CALx32978@7.94 
Purchases: DGLYx290455@0.84 DCTHx69891@3.49 TCIx95632@2.55 NUTRx18552@13.15 SITOx903404@0.27 

2011-08-29
Cash: 8.61
Held: DCTHx69891@3.66 NUTRx18552@13.92 TCIx95632@2.55 DGLYx290455@0.88 SITOx903404@0.30 
Value: 1284667.20
Sales: SITOx903404@0.30 DGLYx290455@0.88 TCIx95632@2.55 NUTRx18552@13.92 DCTHx69891@3.66 
Purchases: IMMYx5139923@0.05 OGENx111200@2.31 ERYx2514@102.19 VIRCx110732@2.32 CAMTx109351@2.35 

2011-08-30
Cash: 36.63
Held: CAMTx109351@2.17 ERYx2514@96.75 VIRCx110732@2.36 IMMYx5139923@0.08 OGENx111200@2.50 
Value: 1431089.25
Sales: IMMYx5139923@0.08 OGENx111200@2.50 ERYx2514@96.75 VIRCx110732@2.36 CAMTx109351@2.17 
Purchases: GIGx154745@1.85 NETEx1431438@0.20 HHx397406@0.72 SYNLx27923@10.25 SYRGx93817@3.05 

2011-08-31
Cash: 10.15
Held: SYNLx27923@10.40 HHx397406@0.77 GIGx154745@1.87 SYRGx93817@2.98 NETEx1431438@0.20 
Value: 1451603.73
Sales: GIGx154745@1.87 NETEx1431438@0.20 SYNLx27923@10.40 HHx397406@0.77 SYRGx93817@2.98 
Purchases: YANGx18853@15.40 XCRAx51010@5.69 OMNx65830@4.41 PHIIx13140@22.09 PBHCx31897@9.10 

2011-09-01
Cash: 33.35
Held: XCRAx51010@5.51 PHIIx13140@21.94 PBHCx31897@9.10 OMNx65830@4.29 YANGx18853@17.42 
Value: 1470561.01
Sales: YANGx18853@17.42 XCRAx51010@5.51 PBHCx31897@9.10 PHIIx13140@21.94 OMNx65830@4.29 
Purchases: CBPOx38951@7.55 BCLIx49763@5.91 HFCx8698@33.81 JVAx16791@17.52 RNWKx34223@8.59 

2011-09-05
Cash: 33.53
Held: CBPOx38951@7.59 HFCx8698@32.94 JVAx16791@17.02 RNWKx34223@8.01 BCLIx49763@6.00 
Value: 1440494.64
Sales: CBPOx38951@7.59 RNWKx34223@8.01 HFCx8698@32.94 BCLIx49763@6.00 JVAx16791@17.02 
Purchases: XBKSx50274@5.73 MERCx34756@8.29 ESLx4623@62.31 MDSYx360211@0.80 BOSCx52945@5.44 

2011-09-06
Cash: 42.01
Held: ESLx4623@63.72 MERCx34756@8.63 MDSYx360211@0.80 BOSCx52945@5.84 XBKSx50274@5.87 
Value: 1487108.16
Sales: MERCx34756@8.63 XBKSx50274@5.87 ESLx4623@63.72 MDSYx360211@0.80 BOSCx52945@5.84 
Purchases: UCFCx291723@1.02 MAYSx22367@13.30 RADAx119435@2.49 LBTYBx7613@39.06 SYUTx61304@4.85 

2011-09-07
Cash: 52.10
Held: RADAx119435@2.57 LBTYBx7613@41.12 SYUTx61304@4.76 MAYSx22367@13.50 UCFCx291723@1.02 
Value: 1511409.62
Sales: UCFCx291723@1.02 MAYSx22367@13.50 LBTYBx7613@41.12 RADAx119435@2.57 SYUTx61304@4.76 
Purchases: TZAx6984@43.28 MIDZx7112@42.50 SGRPx262764@1.15 SMDDx12345@24.48 MLSSx604563@0.50 

2011-09-08
Cash: 51.02
Held: SMDDx12345@25.55 MLSSx604563@0.50 SGRPx262764@1.10 MIDZx7112@44.34 TZAx6984@46.38 
Value: 1545902.20
Sales: SMDDx12345@25.55 MLSSx604563@0.50 SGRPx262764@1.10 MIDZx7112@44.34 TZAx6984@46.38 
Purchases: SPAx39634@7.80 GIIIx13043@23.70 SYNx454559@0.68 FUNCx77295@4.00 CTSOx72949@4.24 

2011-09-11
Cash: 27.77
Held: GIIIx13043@22.11 SPAx39634@7.61 CTSOx72949@4.40 SYNx454559@0.68 FUNCx77295@3.75 
Value: 1509888.21
Sales: SPAx39634@7.61 GIIIx13043@22.11 SYNx454559@0.68 FUNCx77295@3.75 CTSOx72949@4.40 
Purchases: HOVNPx106336@2.84 MPXx75679@3.99 NETEx1510256@0.20 CAPRx495156@0.61 PEIXx815897@0.37 

2011-09-12
Cash: 1.21
Held: MPXx75679@4.08 CAPRx495156@0.65 PEIXx815897@0.38 HOVNPx106336@3.14 NETEx1510256@0.15 
Value: 1500914.70
Sales: HOVNPx106336@3.14 NETEx1510256@0.15 PEIXx815897@0.38 CAPRx495156@0.65 MPXx75679@4.08 
Purchases: IGLDx25311@11.86 CSIQx59432@5.05 DFFNx526799@0.57 LEEx484074@0.62 BZHx37762@7.95 

2011-09-13
Cash: 20.19
Held: LEEx484074@0.62 CSIQx59432@5.08 IGLDx25311@11.50 DFFNx526799@0.75 BZHx37762@8.25 
Value: 1599718.18
Sales: CSIQx59432@5.08 IGLDx25311@11.50 DFFNx526799@0.75 LEEx484074@0.62 BZHx37762@8.25 
Purchases: BGIx359432@0.89 OPHCx484648@0.66 ESNCx355531@0.90 SPEXx171082@1.87 JASOx118962@2.69 

2011-09-14
Cash: 1.86
Held: ESNCx355531@0.82 SPEXx171082@2.27 OPHCx484648@0.67 JASOx118962@2.60 BGIx359432@1.11 
Value: 1712777.64
Sales: ESNCx355531@0.82 OPHCx484648@0.67 BGIx359432@1.11 SPEXx171082@2.27 JASOx118962@2.60 
Purchases: MAGSx149648@2.29 ABEOx190329@1.80 NBYx402960@0.85 WGBSx978457@0.35 MDSYx535128@0.64 

2011-09-15
Cash: 3.05
Held: NBYx402960@0.98 MAGSx149648@2.32 ABEOx190329@1.99 WGBSx978457@0.35 MDSYx535128@0.65 
Value: 1811261.87
Sales: MAGSx149648@2.32 ABEOx190329@1.99 NBYx402960@0.98 WGBSx978457@0.35 MDSYx535128@0.65 
Purchases: SOXSx5660@64.00 RVLTx220932@1.64 NFLXx2159@167.75 PERFx25962@13.95 COOLx3884@93.25 

2011-09-18
Cash: 164.78
Held: RVLTx220932@1.65 PERFx25962@14.99 COOLx3884@92.38 NFLXx2159@156.75 SOXSx5660@67.12 
Value: 1831151.30
Sales: NFLXx2159@156.75 SOXSx5660@67.12 RVLTx220932@1.65 PERFx25962@14.99 COOLx3884@92.38 
Purchases: AMSCx6963@52.59 CYOUx11097@33.00 AXNx501698@0.73 LEEx463559@0.79 SITOx964061@0.38 

2011-09-19
Cash: 50.36
Held: AMSCx6963@53.09 LEEx463559@0.83 AXNx501698@0.74 CYOUx11097@32.62 SITOx964061@0.30 
Value: 1777211.43
Sales: AXNx501698@0.74 CYOUx11097@32.62 AMSCx6963@53.09 LEEx463559@0.83 SITOx964061@0.30 
Purchases: JKSx54421@6.53 YRCWx5077215@0.07 ACFCx142176@2.50 AMTXx91129@3.90 USATx182259@1.95 

2011-09-20
Cash: 12.69
Held: JKSx54421@6.03 AMTXx91129@4.50 YRCWx5077215@0.07 ACFCx142176@2.55 USATx182259@1.86 
Value: 1795487.77
Sales: YRCWx5077215@0.07 USATx182259@1.86 ACFCx142176@2.55 AMTXx91129@4.50 JKSx54421@6.03 
Purchases: MNTAx30931@11.61 FANHx50565@7.10 PRKRx359097@1.00 NUROx206350@1.74 PRANx202933@1.77 

2011-09-21
Cash: 17.04
Held: NUROx206350@1.85 PRKRx359097@0.95 MNTAx30931@10.28 FANHx50565@6.68 PRANx202933@1.77 
Value: 1737760.25
Sales: MNTAx30931@10.28 PRKRx359097@0.95 PRANx202933@1.77 NUROx206350@1.85 FANHx50565@6.68 
Purchases: ARAYx89106@3.90 FFBCWx84575@4.11 CMLSx15298@22.72 TROVx620563@0.56 SPUx154467@2.25 

2011-09-22
Cash: 7.82
Held: SPUx154467@2.21 FFBCWx84575@4.10 CMLSx15298@21.59 ARAYx89106@3.64 TROVx620563@0.69 
Value: 1771309.18
Sales: FFBCWx84575@4.10 TROVx620563@0.69 ARAYx89106@3.64 SPUx154467@2.21 CMLSx15298@21.59 
Purchases: EDCx433@816.50 MIDUx13463@26.31 UBRx21991@16.11 UMDDx8143@43.50 FASx35288@10.04 

2011-09-25
Cash: 779.29
Held: EDCx433@828.00 UBRx21991@16.84 FASx35288@10.93 MIDUx13463@28.05 UMDDx8143@46.84 
Value: 1874444.74
Sales: EDCx433@828.00 MIDUx13463@28.05 UMDDx8143@46.84 UBRx21991@16.84 FASx35288@10.93 
Purchases: SBSAx221771@1.69 AKGx72376@5.18 CKXx37754@9.93 PGTIx271681@1.38 AUMNx43075@8.70 

2011-09-26
Cash: 10.92
Held: PGTIx271681@1.30 CKXx37754@9.93 AKGx72376@5.66 AUMNx43075@8.43 SBSAx221771@1.80 
Value: 1899941.32
Sales: SBSAx221771@1.80 AKGx72376@5.66 CKXx37754@9.93 PGTIx271681@1.30 AUMNx43075@8.43 
Purchases: PIPx168153@2.26 SOXSx5423@70.06 ESXBx330312@1.15 CPHIx348663@1.09 XPLx215931@1.76 

2011-09-27
Cash: 42.05
Held: XPLx215931@1.75 ESXBx330312@1.15 CPHIx348663@1.15 PIPx168153@2.11 SOXSx5423@71.00 
Value: 1898738.51
Sales: PIPx168153@2.11 SOXSx5423@71.00 ESXBx330312@1.15 CPHIx348663@1.15 XPLx215931@1.75 
Purchases: DRAMx17151@22.14 DPKx2184@173.88 JVAx38063@9.98 RVLTx308620@1.23 NFECx474800@0.80 

2011-09-28
Cash: 29.22
Held: DPKx2184@170.50 RVLTx308620@1.32 NFECx474800@0.78 JVAx38063@8.90 DRAMx17151@25.20 
Value: 1921078.08
Sales: DRAMx17151@25.20 RVLTx308620@1.32 JVAx38063@8.90 DPKx2184@170.50 NFECx474800@0.78 
Purchases: AEHRx505702@0.76 INUVx365987@1.05 IOCx8615@44.59 CALXx46221@8.31 TRXx107320@3.58 

2011-09-29
Cash: 47.01
Held: CALXx46221@8.04 IOCx8615@47.91 AEHRx505702@0.95 INUVx365987@1.04 TRXx107320@3.68 
Value: 2040393.37
Sales: CALXx46221@8.04 AEHRx505702@0.95 IOCx8615@47.91 INUVx365987@1.04 TRXx107320@3.68 
Purchases: BDSIx340010@1.20 DYNTx93777@4.35 AMDx78019@5.23 LODEx207175@1.97 MUXx100065@4.08 

2011-10-02
Cash: 6.86
Held: MUXx100065@4.04 DYNTx93777@4.00 AMDx78019@5.03 LODEx207175@2.01 BDSIx340010@1.09 
Value: 1958747.71
Sales: BDSIx340010@1.09 DYNTx93777@4.00 MUXx100065@4.04 LODEx207175@2.01 AMDx78019@5.03 
Purchases: CRRx3871@101.19 CDTIx33926@11.55 SBSAx234591@1.67 FFHLx171872@2.28 RNVAx198885@1.97 

2011-10-03
Cash: 66.60
Held: FFHLx171872@1.85 RNVAx198885@1.69 SBSAx234591@1.52 CDTIx33926@10.10 CRRx3871@92.88 
Value: 1712856.86
Sales: CRRx3871@92.88 CDTIx33926@10.10 SBSAx234591@1.52 FFHLx171872@1.85 RNVAx198885@1.69 
Purchases: WRNx191376@1.79 ENOCx42001@8.16 PBIBx100744@3.40 RADAx187189@1.83 SGMOx114190@3.00 

2011-10-04
Cash: 6.24
Held: RADAx187189@2.13 PBIBx100744@3.21 ENOCx42001@8.57 SGMOx114190@3.48 WRNx191376@1.88 
Value: 1839523.24
Sales: WRNx191376@1.88 ENOCx42001@8.57 PBIBx100744@3.21 SGMOx114190@3.48 RADAx187189@2.13 
Purchases: LTBRx183058@2.01 MEGx278649@1.32 PPPx150213@2.45 GBRx177704@2.07 VRMLx176870@2.08 

2011-10-05
Cash: 5.08
Held: LTBRx183058@2.30 PPPx150213@2.58 MEGx278649@1.21 VRMLx176870@1.97 GBRx177704@2.05 
Value: 1858714.74
Sales: LTBRx183058@2.30 MEGx278649@1.21 PPPx150213@2.58 GBRx177704@2.05 VRMLx176870@1.97 
Purchases: TZAx7759@47.91 SDDx6743@55.12 SRTYx15662@23.73 IINx94834@3.92 CRMDx1004392@0.37 

2011-10-06
Cash: 89.88
Held: IINx94834@4.15 SDDx6743@52.78 SRTYx15662@21.70 CRMDx1004392@0.37 TZAx7759@43.88 
Value: 1801489.98
Sales: SDDx6743@52.78 TZAx7759@43.88 SRTYx15662@21.70 IINx94834@4.15 CRMDx1004392@0.37 
Purchases: CUOx29927@12.04 DFFNx735316@0.49 OBASx302662@1.19 BIOPx132905@2.71 PTIEx81697@4.41 

2011-10-09
Cash: 7.78
Held: PTIEx81697@4.25 OBASx302662@1.26 DFFNx735316@0.65 BIOPx132905@2.75 CUOx29927@11.25 
Value: 1908554.31
Sales: CUOx29927@11.25 DFFNx735316@0.65 OBASx302662@1.26 BIOPx132905@2.75 PTIEx81697@4.25 
Purchases: FHx249439@1.53 SMDDx14877@25.66 DDPx11566@33.00 CEIx263213@1.45 ICCCx72706@5.25 

2011-10-10
Cash: 61.64
Held: SMDDx14877@25.00 DDPx11566@32.25 ICCCx72706@5.39 FHx249439@1.36 CEIx263213@1.41 
Value: 1847417.11
Sales: SMDDx14877@25.00 FHx249439@1.36 DDPx11566@32.25 CEIx263213@1.41 ICCCx72706@5.39 
Purchases: CSIIx50205@7.36 Sx168756@2.19 SPNx15455@23.91 CURx22038@16.77 ASMx212318@1.74 

2011-10-11
Cash: 21.32
Held: SPNx15455@23.91 CSIIx50205@8.10 ASMx212318@1.95 Sx168756@2.47 CURx22038@17.55 
Value: 1993936.94
Sales: CSIIx50205@8.10 Sx168756@2.47 ASMx212318@1.95 SPNx15455@23.91 CURx22038@17.55 
Purchases: ALNx299822@1.33 QUMUx36591@10.90 RCONx586300@0.68 SKLNx2345201@0.17 VBFCx241632@1.65 

2011-10-12
Cash: 4.05
Held: RCONx586300@0.76 VBFCx241632@1.65 SKLNx2345201@0.26 ALNx299822@1.33 QUMUx36591@11.45 
Value: 2271884.96
Sales: ALNx299822@1.33 QUMUx36591@11.45 RCONx586300@0.76 SKLNx2345201@0.26 VBFCx241632@1.65 
Purchases: NAUHx58393@7.78 TZAx11558@39.31 DGLYx568109@0.80 AXNx1514343@0.30 SRTYx23282@19.52 

2011-10-13
Cash: 24.69
Held: SRTYx23282@18.56 AXNx1514343@0.34 DGLYx568109@0.83 NAUHx58393@7.79 TZAx11558@37.41 
Value: 2305949.55
Sales: NAUHx58393@7.79 TZAx11558@37.41 SRTYx23282@18.56 AXNx1514343@0.34 DGLYx568109@0.83 
Purchases: RGSEx288314@1.60 FRBKx329329@1.40 CRMDx1317317@0.35 KONEx576628@0.80 KFFBx71597@6.44 

2011-10-16
Cash: 5.79
Held: RGSEx288314@1.60 KONEx576628@0.78 CRMDx1317317@0.35 FRBKx329329@1.50 KFFBx71597@6.44 
Value: 2327209.98
Sales: RGSEx288314@1.60 KFFBx71597@6.44 CRMDx1317317@0.35 KONEx576628@0.78 FRBKx329329@1.50 
Purchases: OPHCx1011916@0.46 SALx21632@21.52 WGOx64026@7.27 SQQQx23945@19.44 TECSx28049@16.59 

2011-10-17
Cash: 34.11
Held: SALx21632@21.98 WGOx64026@7.39 TECSx28049@17.38 SQQQx23945@20.14 OPHCx1011916@0.46 
Value: 2383852.74
Sales: WGOx64026@7.39 TECSx28049@17.38 OPHCx1011916@0.46 SQQQx23945@20.14 SALx21632@21.98 
Purchases: WGBSx1702573@0.28 COx180552@2.64 SYNx808299@0.59 GRIFx17386@27.42 JRJCx273969@1.74 

2011-10-18
Cash: 15.19
Held: COx180552@2.63 GRIFx17386@27.81 SYNx808299@0.60 WGBSx1702573@0.28 JRJCx273969@1.80 
Value: 2413489.59
Sales: WGBSx1702573@0.28 COx180552@2.63 SYNx808299@0.60 GRIFx17386@27.81 JRJCx273969@1.80 
Purchases: CVMx1723740@0.28 INUVx349810@1.38 BMIx33379@14.46 CROXx29282@16.48 TROVx911120@0.53 

2011-10-19
Cash: 10.13
Held: CVMx1723740@0.28 INUVx349810@1.23 BMIx33379@13.98 CROXx29282@15.46 TROVx911120@0.65 
Value: 2424527.98
Sales: CVMx1723740@0.28 INUVx349810@1.23 BMIx33379@13.98 CROXx29282@15.46 TROVx911120@0.65 
Purchases: SGOCx186530@2.60 APEIx15610@31.06 BDSIx489687@0.99 AEMx10491@46.22 TPIVx3463249@0.14 

