2010-06-01
Cash: 10000.00
Held: 
Value: 10000.00
Sales: 
Purchases: ABCDx63@31.70 ABACx63@31.70 ACCOx63@31.70 ACADx63@31.70 ADBEx63@31.70 

2010-06-02
Cash: 13.52
Held: ABCDx63@32.34 ABACx63@32.34 ACCOx63@32.34 ACADx63@32.34 ADBEx63@32.34 
Value: 10201.80
Sales: ABCDx63@32.34 ABACx63@32.34 ACCOx63@32.34 ACADx63@32.34 ADBEx63@32.34 
Purchases: ABCDx63@32.34 ABACx63@32.34 ACCOx63@32.34 ACADx63@32.34 ADBEx63@32.34 

2010-06-03
Cash: 13.52
Held: ABCDx63@31.61 ABACx63@31.61 ACCOx63@31.61 ACADx63@31.61 ADBEx63@31.61 
Value: 9970.47
Sales: ABCDx63@31.61 ABACx63@31.61 ACCOx63@31.61 ACADx63@31.61 ADBEx63@31.61 
Purchases: ABCDx63@31.61 ABACx63@31.61 ACCOx63@31.61 ACADx63@31.61 ADBEx63@31.61 

2010-06-06
Cash: 13.52
Held: ABCDx63@30.53 ABACx63@30.53 ACCOx63@30.53 ACADx63@30.53 ADBEx63@30.53 
Value: 9630.86
Sales: ABCDx63@30.53 ABACx63@30.53 ACCOx63@30.53 ACADx63@30.53 ADBEx63@30.53 
Purchases: ABCDx63@30.53 ABACx63@30.53 ACCOx63@30.53 ACADx63@30.53 ADBEx63@30.53 

2010-06-07
Cash: 13.52
Held: ABCDx63@30.19 ABACx63@30.19 ACCOx63@30.19 ACADx63@30.19 ADBEx63@30.19 
Value: 9522.58
Sales: ABCDx63@30.19 ABACx63@30.19 ACCOx63@30.19 ACADx63@30.19 ADBEx63@30.19 
Purchases: ABCDx63@30.19 ABACx63@30.19 ACCOx63@30.19 ACADx63@30.19 ADBEx63@30.19 

2010-06-08
Cash: 13.52
Held: ABCDx63@29.98 ABACx63@29.98 ACCOx63@29.98 ACADx63@29.98 ADBEx63@29.98 
Value: 9458.59
Sales: ABCDx63@29.98 ABACx63@29.98 ACCOx63@29.98 ACADx63@29.98 ADBEx63@29.98 
Purchases: ABCDx63@29.98 ABACx63@29.98 ACCOx63@29.98 ACADx63@29.98 ADBEx63@29.98 

2010-06-09
Cash: 13.52
Held: ABCDx63@30.02 ABACx63@30.02 ACCOx63@30.02 ACADx63@30.02 ADBEx63@30.02 
Value: 9468.44
Sales: ABCDx63@30.02 ABACx63@30.02 ACCOx63@30.02 ACADx63@30.02 ADBEx63@30.02 
Purchases: ABCDx63@30.02 ABACx63@30.02 ACCOx63@30.02 ACADx63@30.02 ADBEx63@30.02 

2010-06-10
Cash: 13.52
Held: ABCDx63@30.05 ABACx63@30.05 ACCOx63@30.05 ACADx63@30.05 ADBEx63@30.05 
Value: 9478.28
Sales: ABCDx63@30.05 ABACx63@30.05 ACCOx63@30.05 ACADx63@30.05 ADBEx63@30.05 
Purchases: ABCDx63@30.05 ABACx63@30.05 ACCOx63@30.05 ACADx63@30.05 ADBEx63@30.05 

2010-06-13
Cash: 13.52
Held: ABCDx63@31.14 ABACx63@31.14 ACCOx63@31.14 ACADx63@31.14 ADBEx63@31.14 
Value: 9822.81
Sales: ABCDx63@31.14 ABACx63@31.14 ACCOx63@31.14 ACADx63@31.14 ADBEx63@31.14 
Purchases: ABCDx63@31.14 ABACx63@31.14 ACCOx63@31.14 ACADx63@31.14 ADBEx63@31.14 

2010-06-14
Cash: 13.52
Held: ABCDx63@31.80 ABACx63@31.80 ACCOx63@31.80 ACADx63@31.80 ADBEx63@31.80 
Value: 10029.53
Sales: ABCDx63@31.80 ABACx63@31.80 ACCOx63@31.80 ACADx63@31.80 ADBEx63@31.80 
Purchases: ABCDx63@31.80 ABACx63@31.80 ACCOx63@31.80 ACADx63@31.80 ADBEx63@31.80 

2010-06-15
Cash: 13.52
Held: ABCDx63@31.98 ABACx63@31.98 ACCOx63@31.98 ACADx63@31.98 ADBEx63@31.98 
Value: 10088.59
Sales: ABCDx63@31.98 ABACx63@31.98 ACCOx63@31.98 ACADx63@31.98 ADBEx63@31.98 
Purchases: ABCDx63@31.98 ABACx63@31.98 ACCOx63@31.98 ACADx63@31.98 ADBEx63@31.98 

2010-06-16
Cash: 13.52
Held: ABCDx63@32.81 ABACx63@32.81 ACCOx63@32.81 ACADx63@32.81 ADBEx63@32.81 
Value: 10349.45
Sales: ABCDx63@32.81 ABACx63@32.81 ACCOx63@32.81 ACADx63@32.81 ADBEx63@32.81 
Purchases: ABCDx63@32.81 ABACx63@32.81 ACCOx63@32.81 ACADx63@32.81 ADBEx63@32.81 

2010-06-17
Cash: 13.52
Held: ABCDx63@32.56 ABACx63@32.56 ACCOx63@32.56 ACADx63@32.56 ADBEx63@32.56 
Value: 10270.70
Sales: ABCDx63@32.56 ABACx63@32.56 ACCOx63@32.56 ACADx63@32.56 ADBEx63@32.56 
Purchases: ABCDx63@32.56 ABACx63@32.56 ACCOx63@32.56 ACADx63@32.56 ADBEx63@32.56 

2010-06-20
Cash: 13.52
Held: ABCDx63@33.06 ABACx63@33.06 ACCOx63@33.06 ACADx63@33.06 ADBEx63@33.06 
Value: 10428.20
Sales: ABCDx63@33.06 ABACx63@33.06 ACCOx63@33.06 ACADx63@33.06 ADBEx63@33.06 
Purchases: ABCDx63@33.06 ABACx63@33.06 ACCOx63@33.06 ACADx63@33.06 ADBEx63@33.06 

2010-06-21
Cash: 13.52
Held: ABCDx63@32.41 ABACx63@32.41 ACCOx63@32.41 ACADx63@32.41 ADBEx63@32.41 
Value: 10221.48
Sales: ABCDx63@32.41 ABACx63@32.41 ACCOx63@32.41 ACADx63@32.41 ADBEx63@32.41 
Purchases: ABCDx63@32.41 ABACx63@32.41 ACCOx63@32.41 ACADx63@32.41 ADBEx63@32.41 

2010-06-22
Cash: 13.52
Held: ABCDx63@32.09 ABACx63@32.09 ACCOx63@32.09 ACADx63@32.09 ADBEx63@32.09 
Value: 10123.05
Sales: ABCDx63@32.09 ABACx63@32.09 ACCOx63@32.09 ACADx63@32.09 ADBEx63@32.09 
Purchases: ABCDx63@32.09 ABACx63@32.09 ACCOx63@32.09 ACADx63@32.09 ADBEx63@32.09 

2010-06-23
Cash: 13.52
Held: ABCDx63@31.73 ABACx63@31.73 ACCOx63@31.73 ACADx63@31.73 ADBEx63@31.73 
Value: 10009.84
Sales: ABCDx63@31.73 ABACx63@31.73 ACCOx63@31.73 ACADx63@31.73 ADBEx63@31.73 
Purchases: ABCDx63@31.73 ABACx63@31.73 ACCOx63@31.73 ACADx63@31.73 ADBEx63@31.73 

2010-06-24
Cash: 13.52
Held: ABCDx63@30.92 ABACx63@30.92 ACCOx63@30.92 ACADx63@30.92 ADBEx63@30.92 
Value: 9753.91
Sales: ABCDx63@30.92 ABACx63@30.92 ACCOx63@30.92 ACADx63@30.92 ADBEx63@30.92 
Purchases: ABCDx63@30.92 ABACx63@30.92 ACCOx63@30.92 ACADx63@30.92 ADBEx63@30.92 

2010-06-27
Cash: 13.52
Held: ABCDx63@30.62 ABACx63@30.62 ACCOx63@30.62 ACADx63@30.62 ADBEx63@30.62 
Value: 9660.39
Sales: ABCDx63@30.62 ABACx63@30.62 ACCOx63@30.62 ACADx63@30.62 ADBEx63@30.62 
Purchases: ABCDx63@30.62 ABACx63@30.62 ACCOx63@30.62 ACADx63@30.62 ADBEx63@30.62 

2010-06-28
Cash: 13.52
Held: ABCDx63@30.03 ABACx63@30.03 ACCOx63@30.03 ACADx63@30.03 ADBEx63@30.03 
Value: 9473.36
Sales: ABCDx63@30.03 ABACx63@30.03 ACCOx63@30.03 ACADx63@30.03 ADBEx63@30.03 
Purchases: ABCDx63@30.03 ABACx63@30.03 ACCOx63@30.03 ACADx63@30.03 ADBEx63@30.03 

2010-06-29
Cash: 13.52
Held: ABCDx63@29.16 ABACx63@29.16 ACCOx63@29.16 ACADx63@29.16 ADBEx63@29.16 
Value: 9197.73
Sales: ABCDx63@29.16 ABACx63@29.16 ACCOx63@29.16 ACADx63@29.16 ADBEx63@29.16 
Purchases: ABCDx63@29.16 ABACx63@29.16 ACCOx63@29.16 ACADx63@29.16 ADBEx63@29.16 

2010-06-30
Cash: 13.52
Held: ABCDx63@28.50 ABACx63@28.50 ACCOx63@28.50 ACADx63@28.50 ADBEx63@28.50 
Value: 8991.02
Sales: ABCDx63@28.50 ABACx63@28.50 ACCOx63@28.50 ACADx63@28.50 ADBEx63@28.50 
Purchases: ABCDx63@28.50 ABACx63@28.50 ACCOx63@28.50 ACADx63@28.50 ADBEx63@28.50 

2010-07-01
Cash: 13.52
Held: ABCDx63@28.36 ABACx63@28.36 ACCOx63@28.36 ACADx63@28.36 ADBEx63@28.36 
Value: 8946.72
Sales: ABCDx63@28.36 ABACx63@28.36 ACCOx63@28.36 ACADx63@28.36 ADBEx63@28.36 
Purchases: ABCDx63@28.36 ABACx63@28.36 ACCOx63@28.36 ACADx63@28.36 ADBEx63@28.36 

2010-07-05
Cash: 13.52
Held: ABCDx63@28.34 ABACx63@28.34 ACCOx63@28.34 ACADx63@28.34 ADBEx63@28.34 
Value: 8941.80
Sales: ABCDx63@28.34 ABACx63@28.34 ACCOx63@28.34 ACADx63@28.34 ADBEx63@28.34 
Purchases: ABCDx63@28.34 ABACx63@28.34 ACCOx63@28.34 ACADx63@28.34 ADBEx63@28.34 

2010-07-06
Cash: 13.52
Held: ABCDx63@27.80 ABACx63@27.80 ACCOx63@27.80 ACADx63@27.80 ADBEx63@27.80 
Value: 8769.53
Sales: ABCDx63@27.80 ABACx63@27.80 ACCOx63@27.80 ACADx63@27.80 ADBEx63@27.80 
Purchases: ABCDx63@27.80 ABACx63@27.80 ACCOx63@27.80 ACADx63@27.80 ADBEx63@27.80 

2010-07-07
Cash: 13.52
Held: ABCDx63@28.77 ABACx63@28.77 ACCOx63@28.77 ACADx63@28.77 ADBEx63@28.77 
Value: 9074.69
Sales: ABCDx63@28.77 ABACx63@28.77 ACCOx63@28.77 ACADx63@28.77 ADBEx63@28.77 
Purchases: ABCDx63@28.77 ABACx63@28.77 ACCOx63@28.77 ACADx63@28.77 ADBEx63@28.77 

2010-07-08
Cash: 13.52
Held: ABCDx63@28.88 ABACx63@28.88 ACCOx63@28.88 ACADx63@28.88 ADBEx63@28.88 
Value: 9109.14
Sales: ABCDx63@28.88 ABACx63@28.88 ACCOx63@28.88 ACADx63@28.88 ADBEx63@28.88 
Purchases: ABCDx63@28.88 ABACx63@28.88 ACCOx63@28.88 ACADx63@28.88 ADBEx63@28.88 

2010-07-11
Cash: 13.52
Held: ABCDx63@28.52 ABACx63@28.52 ACCOx63@28.52 ACADx63@28.52 ADBEx63@28.52 
Value: 8995.94
Sales: ABCDx63@28.52 ABACx63@28.52 ACCOx63@28.52 ACADx63@28.52 ADBEx63@28.52 
Purchases: ABCDx63@28.52 ABACx63@28.52 ACCOx63@28.52 ACADx63@28.52 ADBEx63@28.52 

2010-07-12
Cash: 13.52
Held: ABCDx63@28.47 ABACx63@28.47 ACCOx63@28.47 ACADx63@28.47 ADBEx63@28.47 
Value: 8981.17
Sales: ABCDx63@28.47 ABACx63@28.47 ACCOx63@28.47 ACADx63@28.47 ADBEx63@28.47 
Purchases: ABCDx63@28.47 ABACx63@28.47 ACCOx63@28.47 ACADx63@28.47 ADBEx63@28.47 

2010-07-13
Cash: 13.52
Held: ABCDx63@28.62 ABACx63@28.62 ACCOx63@28.62 ACADx63@28.62 ADBEx63@28.62 
Value: 9030.39
Sales: ABCDx63@28.62 ABACx63@28.62 ACCOx63@28.62 ACADx63@28.62 ADBEx63@28.62 
Purchases: ABCDx63@28.62 ABACx63@28.62 ACCOx63@28.62 ACADx63@28.62 ADBEx63@28.62 

2010-07-14
Cash: 13.52
Held: ABCDx63@28.62 ABACx63@28.62 ACCOx63@28.62 ACADx63@28.62 ADBEx63@28.62 
Value: 9030.39
Sales: ABCDx63@28.62 ABACx63@28.62 ACCOx63@28.62 ACADx63@28.62 ADBEx63@28.62 
Purchases: ABCDx63@28.62 ABACx63@28.62 ACCOx63@28.62 ACADx63@28.62 ADBEx63@28.62 

2010-07-15
Cash: 13.52
Held: ABCDx63@28.20 ABACx63@28.20 ACCOx63@28.20 ACADx63@28.20 ADBEx63@28.20 
Value: 8897.50
Sales: ABCDx63@28.20 ABACx63@28.20 ACCOx63@28.20 ACADx63@28.20 ADBEx63@28.20 
Purchases: ABCDx63@28.20 ABACx63@28.20 ACCOx63@28.20 ACADx63@28.20 ADBEx63@28.20 

2010-07-18
Cash: 13.52
Held: ABCDx63@27.30 ABACx63@27.30 ACCOx63@27.30 ACADx63@27.30 ADBEx63@27.30 
Value: 8612.03
Sales: ABCDx63@27.30 ABACx63@27.30 ACCOx63@27.30 ACADx63@27.30 ADBEx63@27.30 
Purchases: ABCDx63@27.30 ABACx63@27.30 ACCOx63@27.30 ACADx63@27.30 ADBEx63@27.30 

2010-07-19
Cash: 13.52
Held: ABCDx63@27.03 ABACx63@27.03 ACCOx63@27.03 ACADx63@27.03 ADBEx63@27.03 
Value: 8528.36
Sales: ABCDx63@27.03 ABACx63@27.03 ACCOx63@27.03 ACADx63@27.03 ADBEx63@27.03 
Purchases: ABCDx63@27.03 ABACx63@27.03 ACCOx63@27.03 ACADx63@27.03 ADBEx63@27.03 

2010-07-20
Cash: 13.52
Held: ABCDx63@27.69 ABACx63@27.69 ACCOx63@27.69 ACADx63@27.69 ADBEx63@27.69 
Value: 8735.08
Sales: ABCDx63@27.69 ABACx63@27.69 ACCOx63@27.69 ACADx63@27.69 ADBEx63@27.69 
Purchases: ABCDx63@27.69 ABACx63@27.69 ACCOx63@27.69 ACADx63@27.69 ADBEx63@27.69 

2010-07-21
Cash: 13.52
Held: ABCDx63@27.95 ABACx63@27.95 ACCOx63@27.95 ACADx63@27.95 ADBEx63@27.95 
Value: 8818.75
Sales: ABCDx63@27.95 ABACx63@27.95 ACCOx63@27.95 ACADx63@27.95 ADBEx63@27.95 
Purchases: ABCDx63@27.95 ABACx63@27.95 ACCOx63@27.95 ACADx63@27.95 ADBEx63@27.95 

2010-07-22
Cash: 13.52
Held: ABCDx63@28.56 ABACx63@28.56 ACCOx63@28.56 ACADx63@28.56 ADBEx63@28.56 
Value: 9010.70
Sales: ABCDx63@28.56 ABACx63@28.56 ACCOx63@28.56 ACADx63@28.56 ADBEx63@28.56 
Purchases: ABCDx63@28.56 ABACx63@28.56 ACCOx63@28.56 ACADx63@28.56 ADBEx63@28.56 

2010-07-25
Cash: 13.52
Held: ABCDx63@29.22 ABACx63@29.22 ACCOx63@29.22 ACADx63@29.22 ADBEx63@29.22 
Value: 9217.42
Sales: ABCDx63@29.22 ABACx63@29.22 ACCOx63@29.22 ACADx63@29.22 ADBEx63@29.22 
Purchases: ABCDx63@29.22 ABACx63@29.22 ACCOx63@29.22 ACADx63@29.22 ADBEx63@29.22 

2010-07-26
Cash: 13.52
Held: ABCDx63@29.73 ABACx63@29.73 ACCOx63@29.73 ACADx63@29.73 ADBEx63@29.73 
Value: 9379.84
Sales: ABCDx63@29.73 ABACx63@29.73 ACCOx63@29.73 ACADx63@29.73 ADBEx63@29.73 
Purchases: ABCDx63@29.73 ABACx63@29.73 ACCOx63@29.73 ACADx63@29.73 ADBEx63@29.73 

2010-07-27
Cash: 13.52
Held: ABCDx63@28.80 ABACx63@28.80 ACCOx63@28.80 ACADx63@28.80 ADBEx63@28.80 
Value: 9084.53
Sales: ABCDx63@28.80 ABACx63@28.80 ACCOx63@28.80 ACADx63@28.80 ADBEx63@28.80 
Purchases: ABCDx63@28.80 ABACx63@28.80 ACCOx63@28.80 ACADx63@28.80 ADBEx63@28.80 

2010-07-28
Cash: 13.52
Held: ABCDx63@28.97 ABACx63@28.97 ACCOx63@28.97 ACADx63@28.97 ADBEx63@28.97 
Value: 9138.67
Sales: ABCDx63@28.97 ABACx63@28.97 ACCOx63@28.97 ACADx63@28.97 ADBEx63@28.97 
Purchases: ABCDx63@28.97 ABACx63@28.97 ACCOx63@28.97 ACADx63@28.97 ADBEx63@28.97 

2010-07-29
Cash: 13.52
Held: ABCDx63@27.78 ABACx63@27.78 ACCOx63@27.78 ACADx63@27.78 ADBEx63@27.78 
Value: 8764.61
Sales: ABCDx63@27.78 ABACx63@27.78 ACCOx63@27.78 ACADx63@27.78 ADBEx63@27.78 
Purchases: ABCDx63@27.78 ABACx63@27.78 ACCOx63@27.78 ACADx63@27.78 ADBEx63@27.78 

2010-08-01
Cash: 13.52
Held: ABCDx63@28.34 ABACx63@28.34 ACCOx63@28.34 ACADx63@28.34 ADBEx63@28.34 
Value: 8941.80
Sales: ABCDx63@28.34 ABACx63@28.34 ACCOx63@28.34 ACADx63@28.34 ADBEx63@28.34 
Purchases: ABCDx63@28.34 ABACx63@28.34 ACCOx63@28.34 ACADx63@28.34 ADBEx63@28.34 

2010-08-02
Cash: 13.52
Held: ABCDx63@28.61 ABACx63@28.61 ACCOx63@28.61 ACADx63@28.61 ADBEx63@28.61 
Value: 9025.47
Sales: ABCDx63@28.61 ABACx63@28.61 ACCOx63@28.61 ACADx63@28.61 ADBEx63@28.61 
Purchases: ABCDx63@28.61 ABACx63@28.61 ACCOx63@28.61 ACADx63@28.61 ADBEx63@28.61 

2010-08-03
Cash: 13.52
Held: ABCDx63@27.86 ABACx63@27.86 ACCOx63@27.86 ACADx63@27.86 ADBEx63@27.86 
Value: 8789.22
Sales: ABCDx63@27.86 ABACx63@27.86 ACCOx63@27.86 ACADx63@27.86 ADBEx63@27.86 
Purchases: ABCDx63@27.86 ABACx63@27.86 ACCOx63@27.86 ACADx63@27.86 ADBEx63@27.86 

2010-08-04
Cash: 13.52
Held: ABCDx63@28.03 ABACx63@28.03 ACCOx63@28.03 ACADx63@28.03 ADBEx63@28.03 
Value: 8843.36
Sales: ABCDx63@28.03 ABACx63@28.03 ACCOx63@28.03 ACADx63@28.03 ADBEx63@28.03 
Purchases: ABCDx63@28.03 ABACx63@28.03 ACCOx63@28.03 ACADx63@28.03 ADBEx63@28.03 

2010-08-05
Cash: 13.52
Held: ABCDx63@28.19 ABACx63@28.19 ACCOx63@28.19 ACADx63@28.19 ADBEx63@28.19 
Value: 8892.58
Sales: ABCDx63@28.19 ABACx63@28.19 ACCOx63@28.19 ACADx63@28.19 ADBEx63@28.19 
Purchases: ABCDx63@28.19 ABACx63@28.19 ACCOx63@28.19 ACADx63@28.19 ADBEx63@28.19 

2010-08-08
Cash: 13.52
Held: ABCDx63@28.92 ABACx63@28.92 ACCOx63@28.92 ACADx63@28.92 ADBEx63@28.92 
Value: 9123.91
Sales: ABCDx63@28.92 ABACx63@28.92 ACCOx63@28.92 ACADx63@28.92 ADBEx63@28.92 
Purchases: ABCDx63@28.92 ABACx63@28.92 ACCOx63@28.92 ACADx63@28.92 ADBEx63@28.92 

2010-08-09
Cash: 13.52
Held: ABCDx63@29.44 ABACx63@29.44 ACCOx63@29.44 ACADx63@29.44 ADBEx63@29.44 
Value: 9286.33
Sales: ABCDx63@29.44 ABACx63@29.44 ACCOx63@29.44 ACADx63@29.44 ADBEx63@29.44 
Purchases: ABCDx63@29.44 ABACx63@29.44 ACCOx63@29.44 ACADx63@29.44 ADBEx63@29.44 

2010-08-10
Cash: 13.52
Held: ABCDx63@28.86 ABACx63@28.86 ACCOx63@28.86 ACADx63@28.86 ADBEx63@28.86 
Value: 9104.22
Sales: ABCDx63@28.86 ABACx63@28.86 ACCOx63@28.86 ACADx63@28.86 ADBEx63@28.86 
Purchases: ABCDx63@28.86 ABACx63@28.86 ACCOx63@28.86 ACADx63@28.86 ADBEx63@28.86 

2010-08-11
Cash: 13.52
Held: ABCDx63@27.66 ABACx63@27.66 ACCOx63@27.66 ACADx63@27.66 ADBEx63@27.66 
Value: 8725.23
Sales: ABCDx63@27.66 ABACx63@27.66 ACCOx63@27.66 ACADx63@27.66 ADBEx63@27.66 
Purchases: ABCDx63@27.66 ABACx63@27.66 ACCOx63@27.66 ACADx63@27.66 ADBEx63@27.66 

2010-08-12
Cash: 13.52
Held: ABCDx63@27.39 ABACx63@27.39 ACCOx63@27.39 ACADx63@27.39 ADBEx63@27.39 
Value: 8641.56
Sales: ABCDx63@27.39 ABACx63@27.39 ACCOx63@27.39 ACADx63@27.39 ADBEx63@27.39 
Purchases: ABCDx63@27.39 ABACx63@27.39 ACCOx63@27.39 ACADx63@27.39 ADBEx63@27.39 

2010-08-15
Cash: 13.52
Held: ABCDx63@27.11 ABACx63@27.11 ACCOx63@27.11 ACADx63@27.11 ADBEx63@27.11 
Value: 8552.97
Sales: ABCDx63@27.11 ABACx63@27.11 ACCOx63@27.11 ACADx63@27.11 ADBEx63@27.11 
Purchases: ABCDx63@27.11 ABACx63@27.11 ACCOx63@27.11 ACADx63@27.11 ADBEx63@27.11 

2010-08-16
Cash: 13.52
Held: ABCDx63@28.75 ABACx63@28.75 ACCOx63@28.75 ACADx63@28.75 ADBEx63@28.75 
Value: 9069.77
Sales: ABCDx63@28.75 ABACx63@28.75 ACCOx63@28.75 ACADx63@28.75 ADBEx63@28.75 
Purchases: ABCDx63@28.75 ABACx63@28.75 ACCOx63@28.75 ACADx63@28.75 ADBEx63@28.75 

2010-08-17
Cash: 13.52
Held: ABCDx63@29.33 ABACx63@29.33 ACCOx63@29.33 ACADx63@29.33 ADBEx63@29.33 
Value: 9251.88
Sales: ABCDx63@29.33 ABACx63@29.33 ACCOx63@29.33 ACADx63@29.33 ADBEx63@29.33 
Purchases: ABCDx63@29.33 ABACx63@29.33 ACCOx63@29.33 ACADx63@29.33 ADBEx63@29.33 

2010-08-18
Cash: 13.52
Held: ABCDx63@29.25 ABACx63@29.25 ACCOx63@29.25 ACADx63@29.25 ADBEx63@29.25 
Value: 9227.27
Sales: ABCDx63@29.25 ABACx63@29.25 ACCOx63@29.25 ACADx63@29.25 ADBEx63@29.25 
Purchases: ABCDx63@29.25 ABACx63@29.25 ACCOx63@29.25 ACADx63@29.25 ADBEx63@29.25 

2010-08-19
Cash: 13.52
Held: ABCDx63@28.27 ABACx63@28.27 ACCOx63@28.27 ACADx63@28.27 ADBEx63@28.27 
Value: 8917.19
Sales: ABCDx63@28.27 ABACx63@28.27 ACCOx63@28.27 ACADx63@28.27 ADBEx63@28.27 
Purchases: ABCDx63@28.27 ABACx63@28.27 ACCOx63@28.27 ACADx63@28.27 ADBEx63@28.27 

2010-08-22
Cash: 13.52
Held: ABCDx63@28.73 ABACx63@28.73 ACCOx63@28.73 ACADx63@28.73 ADBEx63@28.73 
Value: 9064.84
Sales: ABCDx63@28.73 ABACx63@28.73 ACCOx63@28.73 ACADx63@28.73 ADBEx63@28.73 
Purchases: ABCDx63@28.73 ABACx63@28.73 ACCOx63@28.73 ACADx63@28.73 ADBEx63@28.73 

2010-08-23
Cash: 13.52
Held: ABCDx63@27.52 ABACx63@27.52 ACCOx63@27.52 ACADx63@27.52 ADBEx63@27.52 
Value: 8680.94
Sales: ABCDx63@27.52 ABACx63@27.52 ACCOx63@27.52 ACADx63@27.52 ADBEx63@27.52 
Purchases: ABCDx63@27.52 ABACx63@27.52 ACCOx63@27.52 ACADx63@27.52 ADBEx63@27.52 

2010-08-24
Cash: 13.52
Held: ABCDx63@27.14 ABACx63@27.14 ACCOx63@27.14 ACADx63@27.14 ADBEx63@27.14 
Value: 8562.81
Sales: ABCDx63@27.14 ABACx63@27.14 ACCOx63@27.14 ACADx63@27.14 ADBEx63@27.14 
Purchases: ABCDx63@27.14 ABACx63@27.14 ACCOx63@27.14 ACADx63@27.14 ADBEx63@27.14 

2010-08-25
Cash: 13.52
Held: ABCDx63@27.88 ABACx63@27.88 ACCOx63@27.88 ACADx63@27.88 ADBEx63@27.88 
Value: 8794.14
Sales: ABCDx63@27.88 ABACx63@27.88 ACCOx63@27.88 ACADx63@27.88 ADBEx63@27.88 
Purchases: ABCDx63@27.88 ABACx63@27.88 ACCOx63@27.88 ACADx63@27.88 ADBEx63@27.88 

2010-08-26
Cash: 13.52
Held: ABCDx63@27.69 ABACx63@27.69 ACCOx63@27.69 ACADx63@27.69 ADBEx63@27.69 
Value: 8735.08
Sales: ABCDx63@27.69 ABACx63@27.69 ACCOx63@27.69 ACADx63@27.69 ADBEx63@27.69 
Purchases: ABCDx63@27.69 ABACx63@27.69 ACCOx63@27.69 ACADx63@27.69 ADBEx63@27.69 

2010-08-29
Cash: 13.52
Held: ABCDx63@27.77 ABACx63@27.77 ACCOx63@27.77 ACADx63@27.77 ADBEx63@27.77 
Value: 8759.69
Sales: ABCDx63@27.77 ABACx63@27.77 ACCOx63@27.77 ACADx63@27.77 ADBEx63@27.77 
Purchases: ABCDx63@27.77 ABACx63@27.77 ACCOx63@27.77 ACADx63@27.77 ADBEx63@27.77 

2010-08-30
Cash: 13.52
Held: ABCDx63@27.56 ABACx63@27.56 ACCOx63@27.56 ACADx63@27.56 ADBEx63@27.56 
Value: 8695.70
Sales: ABCDx63@27.56 ABACx63@27.56 ACCOx63@27.56 ACADx63@27.56 ADBEx63@27.56 
Purchases: ABCDx63@27.56 ABACx63@27.56 ACCOx63@27.56 ACADx63@27.56 ADBEx63@27.56 

2010-08-31
Cash: 13.52
Held: ABCDx63@27.45 ABACx63@27.45 ACCOx63@27.45 ACADx63@27.45 ADBEx63@27.45 
Value: 8661.25
Sales: ABCDx63@27.45 ABACx63@27.45 ACCOx63@27.45 ACADx63@27.45 ADBEx63@27.45 
Purchases: ABCDx63@27.45 ABACx63@27.45 ACCOx63@27.45 ACADx63@27.45 ADBEx63@27.45 

2010-09-01
Cash: 13.52
Held: ABCDx63@28.47 ABACx63@28.47 ACCOx63@28.47 ACADx63@28.47 ADBEx63@28.47 
Value: 8981.17
Sales: ABCDx63@28.47 ABACx63@28.47 ACCOx63@28.47 ACADx63@28.47 ADBEx63@28.47 
Purchases: ABCDx63@28.47 ABACx63@28.47 ACCOx63@28.47 ACADx63@28.47 ADBEx63@28.47 

2010-09-02
Cash: 13.52
Held: ABCDx63@29.48 ABACx63@29.48 ACCOx63@29.48 ACADx63@29.48 ADBEx63@29.48 
Value: 9301.09
Sales: ABCDx63@29.48 ABACx63@29.48 ACCOx63@29.48 ACADx63@29.48 ADBEx63@29.48 
Purchases: ABCDx63@29.48 ABACx63@29.48 ACCOx63@29.48 ACADx63@29.48 ADBEx63@29.48 

2010-09-06
Cash: 13.52
Held: ABCDx63@29.69 ABACx63@29.69 ACCOx63@29.69 ACADx63@29.69 ADBEx63@29.69 
Value: 9365.08
Sales: ABCDx63@29.69 ABACx63@29.69 ACCOx63@29.69 ACADx63@29.69 ADBEx63@29.69 
Purchases: ABCDx63@29.69 ABACx63@29.69 ACCOx63@29.69 ACADx63@29.69 ADBEx63@29.69 

2010-09-07
Cash: 13.52
Held: ABCDx63@29.08 ABACx63@29.08 ACCOx63@29.08 ACADx63@29.08 ADBEx63@29.08 
Value: 9173.12
Sales: ABCDx63@29.08 ABACx63@29.08 ACCOx63@29.08 ACADx63@29.08 ADBEx63@29.08 
Purchases: ABCDx63@29.08 ABACx63@29.08 ACCOx63@29.08 ACADx63@29.08 ADBEx63@29.08 

2010-09-08
Cash: 13.52
Held: ABCDx63@29.25 ABACx63@29.25 ACCOx63@29.25 ACADx63@29.25 ADBEx63@29.25 
Value: 9227.27
Sales: ABCDx63@29.25 ABACx63@29.25 ACCOx63@29.25 ACADx63@29.25 ADBEx63@29.25 
Purchases: ABCDx63@29.25 ABACx63@29.25 ACCOx63@29.25 ACADx63@29.25 ADBEx63@29.25 

2010-09-09
Cash: 13.52
Held: ABCDx63@28.95 ABACx63@28.95 ACCOx63@28.95 ACADx63@28.95 ADBEx63@28.95 
Value: 9133.75
Sales: ABCDx63@28.95 ABACx63@28.95 ACCOx63@28.95 ACADx63@28.95 ADBEx63@28.95 
Purchases: ABCDx63@28.95 ABACx63@28.95 ACCOx63@28.95 ACADx63@28.95 ADBEx63@28.95 

2010-09-12
Cash: 13.52
Held: ABCDx63@29.23 ABACx63@29.23 ACCOx63@29.23 ACADx63@29.23 ADBEx63@29.23 
Value: 9222.34
Sales: ABCDx63@29.23 ABACx63@29.23 ACCOx63@29.23 ACADx63@29.23 ADBEx63@29.23 
Purchases: ABCDx63@29.23 ABACx63@29.23 ACCOx63@29.23 ACADx63@29.23 ADBEx63@29.23 

2010-09-13
Cash: 13.52
Held: ABCDx63@29.02 ABACx63@29.02 ACCOx63@29.02 ACADx63@29.02 ADBEx63@29.02 
Value: 9153.44
Sales: ABCDx63@29.02 ABACx63@29.02 ACCOx63@29.02 ACADx63@29.02 ADBEx63@29.02 
Purchases: ABCDx63@29.02 ABACx63@29.02 ACCOx63@29.02 ACADx63@29.02 ADBEx63@29.02 

2010-09-14
Cash: 13.52
Held: ABCDx63@29.16 ABACx63@29.16 ACCOx63@29.16 ACADx63@29.16 ADBEx63@29.16 
Value: 9197.73
Sales: ABCDx63@29.16 ABACx63@29.16 ACCOx63@29.16 ACADx63@29.16 ADBEx63@29.16 
Purchases: ABCDx63@29.16 ABACx63@29.16 ACCOx63@29.16 ACADx63@29.16 ADBEx63@29.16 

2010-09-15
Cash: 13.52
Held: ABCDx63@29.34 ABACx63@29.34 ACCOx63@29.34 ACADx63@29.34 ADBEx63@29.34 
Value: 9256.80
Sales: ABCDx63@29.34 ABACx63@29.34 ACCOx63@29.34 ACADx63@29.34 ADBEx63@29.34 
Purchases: ABCDx63@29.34 ABACx63@29.34 ACCOx63@29.34 ACADx63@29.34 ADBEx63@29.34 

2010-09-16
Cash: 13.52
Held: ABCDx63@30.31 ABACx63@30.31 ACCOx63@30.31 ACADx63@30.31 ADBEx63@30.31 
Value: 9561.95
Sales: ABCDx63@30.31 ABACx63@30.31 ACCOx63@30.31 ACADx63@30.31 ADBEx63@30.31 
Purchases: ABCDx63@30.31 ABACx63@30.31 ACCOx63@30.31 ACADx63@30.31 ADBEx63@30.31 

2010-09-19
Cash: 13.52
Held: ABCDx63@30.78 ABACx63@30.78 ACCOx63@30.78 ACADx63@30.78 ADBEx63@30.78 
Value: 9709.61
Sales: ABCDx63@30.78 ABACx63@30.78 ACCOx63@30.78 ACADx63@30.78 ADBEx63@30.78 
Purchases: ABCDx63@30.78 ABACx63@30.78 ACCOx63@30.78 ACADx63@30.78 ADBEx63@30.78 

2010-09-20
Cash: 13.52
Held: ABCDx63@30.98 ABACx63@30.98 ACCOx63@30.98 ACADx63@30.98 ADBEx63@30.98 
Value: 9773.59
Sales: ABCDx63@30.98 ABACx63@30.98 ACCOx63@30.98 ACADx63@30.98 ADBEx63@30.98 
Purchases: ABCDx63@30.98 ABACx63@30.98 ACCOx63@30.98 ACADx63@30.98 ADBEx63@30.98 

2010-09-21
Cash: 13.52
Held: ABCDx63@30.98 ABACx63@30.98 ACCOx63@30.98 ACADx63@30.98 ADBEx63@30.98 
Value: 9773.59
Sales: ABCDx63@30.98 ABACx63@30.98 ACCOx63@30.98 ACADx63@30.98 ADBEx63@30.98 
Purchases: ABCDx63@30.98 ABACx63@30.98 ACCOx63@30.98 ACADx63@30.98 ADBEx63@30.98 

2010-09-22
Cash: 13.52
Held: ABCDx63@30.48 ABACx63@30.48 ACCOx63@30.48 ACADx63@30.48 ADBEx63@30.48 
Value: 9616.09
Sales: ABCDx63@30.48 ABACx63@30.48 ACCOx63@30.48 ACADx63@30.48 ADBEx63@30.48 
Purchases: ABCDx63@30.48 ABACx63@30.48 ACCOx63@30.48 ACADx63@30.48 ADBEx63@30.48 

2010-09-23
Cash: 13.52
Held: ABCDx63@30.97 ABACx63@30.97 ACCOx63@30.97 ACADx63@30.97 ADBEx63@30.97 
Value: 9768.67
Sales: ABCDx63@30.97 ABACx63@30.97 ACCOx63@30.97 ACADx63@30.97 ADBEx63@30.97 
Purchases: ABCDx63@30.97 ABACx63@30.97 ACCOx63@30.97 ACADx63@30.97 ADBEx63@30.97 

2010-09-26
Cash: 13.52
Held: ABCDx63@32.06 ABACx63@32.06 ACCOx63@32.06 ACADx63@32.06 ADBEx63@32.06 
Value: 10113.20
Sales: ABCDx63@32.06 ABACx63@32.06 ACCOx63@32.06 ACADx63@32.06 ADBEx63@32.06 
Purchases: ABCDx63@32.06 ABACx63@32.06 ACCOx63@32.06 ACADx63@32.06 ADBEx63@32.06 

2010-09-27
Cash: 13.52
Held: ABCDx63@31.95 ABACx63@31.95 ACCOx63@31.95 ACADx63@31.95 ADBEx63@31.95 
Value: 10078.75
Sales: ABCDx63@31.95 ABACx63@31.95 ACCOx63@31.95 ACADx63@31.95 ADBEx63@31.95 
Purchases: ABCDx63@31.95 ABACx63@31.95 ACCOx63@31.95 ACADx63@31.95 ADBEx63@31.95 

2010-09-28
Cash: 13.52
Held: ABCDx63@32.09 ABACx63@32.09 ACCOx63@32.09 ACADx63@32.09 ADBEx63@32.09 
Value: 10123.05
Sales: ABCDx63@32.09 ABACx63@32.09 ACCOx63@32.09 ACADx63@32.09 ADBEx63@32.09 
Purchases: ABCDx63@32.09 ABACx63@32.09 ACCOx63@32.09 ACADx63@32.09 ADBEx63@32.09 

2010-09-29
Cash: 13.52
Held: ABCDx63@32.78 ABACx63@32.78 ACCOx63@32.78 ACADx63@32.78 ADBEx63@32.78 
Value: 10339.61
Sales: ABCDx63@32.78 ABACx63@32.78 ACCOx63@32.78 ACADx63@32.78 ADBEx63@32.78 
Purchases: ABCDx63@32.78 ABACx63@32.78 ACCOx63@32.78 ACADx63@32.78 ADBEx63@32.78 

2010-09-30
Cash: 13.52
Held: ABCDx63@33.69 ABACx63@33.69 ACCOx63@33.69 ACADx63@33.69 ADBEx63@33.69 
Value: 10625.08
Sales: ABCDx63@33.69 ABACx63@33.69 ACCOx63@33.69 ACADx63@33.69 ADBEx63@33.69 
Purchases: ABCDx63@33.69 ABACx63@33.69 ACCOx63@33.69 ACADx63@33.69 ADBEx63@33.69 

2010-10-03
Cash: 13.52
Held: ABCDx63@33.56 ABACx63@33.56 ACCOx63@33.56 ACADx63@33.56 ADBEx63@33.56 
Value: 10585.70
Sales: ABCDx63@33.56 ABACx63@33.56 ACCOx63@33.56 ACADx63@33.56 ADBEx63@33.56 
Purchases: ABCDx63@33.56 ABACx63@33.56 ACCOx63@33.56 ACADx63@33.56 ADBEx63@33.56 

2010-10-04
Cash: 13.52
Held: ABCDx63@32.94 ABACx63@32.94 ACCOx63@32.94 ACADx63@32.94 ADBEx63@32.94 
Value: 10388.83
Sales: ABCDx63@32.94 ABACx63@32.94 ACCOx63@32.94 ACADx63@32.94 ADBEx63@32.94 
Purchases: ABCDx63@32.94 ABACx63@32.94 ACCOx63@32.94 ACADx63@32.94 ADBEx63@32.94 

2010-10-05
Cash: 13.52
Held: ABCDx63@33.03 ABACx63@33.03 ACCOx63@33.03 ACADx63@33.03 ADBEx63@33.03 
Value: 10418.36
Sales: ABCDx63@33.03 ABACx63@33.03 ACCOx63@33.03 ACADx63@33.03 ADBEx63@33.03 
Purchases: ABCDx63@33.03 ABACx63@33.03 ACCOx63@33.03 ACADx63@33.03 ADBEx63@33.03 

2010-10-06
Cash: 13.52
Held: ABCDx63@32.94 ABACx63@32.94 ACCOx63@32.94 ACADx63@32.94 ADBEx63@32.94 
Value: 10388.83
Sales: ABCDx63@32.94 ABACx63@32.94 ACCOx63@32.94 ACADx63@32.94 ADBEx63@32.94 
Purchases: ABCDx63@32.94 ABACx63@32.94 ACCOx63@32.94 ACADx63@32.94 ADBEx63@32.94 

2010-10-07
Cash: 13.52
Held: ABCDx63@33.22 ABACx63@33.22 ACCOx63@33.22 ACADx63@33.22 ADBEx63@33.22 
Value: 10477.42
Sales: ABCDx63@33.22 ABACx63@33.22 ACCOx63@33.22 ACADx63@33.22 ADBEx63@33.22 
Purchases: ABCDx63@33.22 ABACx63@33.22 ACCOx63@33.22 ACADx63@33.22 ADBEx63@33.22 

2010-10-10
Cash: 13.52
Held: ABCDx63@33.78 ABACx63@33.78 ACCOx63@33.78 ACADx63@33.78 ADBEx63@33.78 
Value: 10654.61
Sales: ABCDx63@33.78 ABACx63@33.78 ACCOx63@33.78 ACADx63@33.78 ADBEx63@33.78 
Purchases: ABCDx63@33.78 ABACx63@33.78 ACCOx63@33.78 ACADx63@33.78 ADBEx63@33.78 

2010-10-11
Cash: 13.52
Held: ABCDx63@33.62 ABACx63@33.62 ACCOx63@33.62 ACADx63@33.62 ADBEx63@33.62 
Value: 10605.39
Sales: ABCDx63@33.62 ABACx63@33.62 ACCOx63@33.62 ACADx63@33.62 ADBEx63@33.62 
Purchases: ABCDx63@33.62 ABACx63@33.62 ACCOx63@33.62 ACADx63@33.62 ADBEx63@33.62 

2010-10-12
Cash: 13.52
Held: ABCDx63@33.94 ABACx63@33.94 ACCOx63@33.94 ACADx63@33.94 ADBEx63@33.94 
Value: 10703.83
Sales: ABCDx63@33.94 ABACx63@33.94 ACCOx63@33.94 ACADx63@33.94 ADBEx63@33.94 
Purchases: ABCDx63@33.94 ABACx63@33.94 ACCOx63@33.94 ACADx63@33.94 ADBEx63@33.94 

2010-10-13
Cash: 13.52
Held: ABCDx63@34.28 ABACx63@34.28 ACCOx63@34.28 ACADx63@34.28 ADBEx63@34.28 
Value: 10812.11
Sales: ABCDx63@34.28 ABACx63@34.28 ACCOx63@34.28 ACADx63@34.28 ADBEx63@34.28 
Purchases: ABCDx63@34.28 ABACx63@34.28 ACCOx63@34.28 ACADx63@34.28 ADBEx63@34.28 

2010-10-14
Cash: 13.52
Held: ABCDx63@34.59 ABACx63@34.59 ACCOx63@34.59 ACADx63@34.59 ADBEx63@34.59 
Value: 10910.55
Sales: ABCDx63@34.59 ABACx63@34.59 ACCOx63@34.59 ACADx63@34.59 ADBEx63@34.59 
Purchases: ABCDx63@34.59 ABACx63@34.59 ACCOx63@34.59 ACADx63@34.59 ADBEx63@34.59 

2010-10-17
Cash: 13.52
Held: ABCDx63@34.50 ABACx63@34.50 ACCOx63@34.50 ACADx63@34.50 ADBEx63@34.50 
Value: 10881.02
Sales: ABCDx63@34.50 ABACx63@34.50 ACCOx63@34.50 ACADx63@34.50 ADBEx63@34.50 
Purchases: ABCDx63@34.50 ABACx63@34.50 ACCOx63@34.50 ACADx63@34.50 ADBEx63@34.50 

2010-10-18
Cash: 13.52
Held: ABCDx63@34.12 ABACx63@34.12 ACCOx63@34.12 ACADx63@34.12 ADBEx63@34.12 
Value: 10762.89
Sales: ABCDx63@34.12 ABACx63@34.12 ACCOx63@34.12 ACADx63@34.12 ADBEx63@34.12 
Purchases: ABCDx63@34.12 ABACx63@34.12 ACCOx63@34.12 ACADx63@34.12 ADBEx63@34.12 

2010-10-19
Cash: 13.52
Held: ABCDx63@34.12 ABACx63@34.12 ACCOx63@34.12 ACADx63@34.12 ADBEx63@34.12 
Value: 10762.89
Sales: ABCDx63@34.12 ABACx63@34.12 ACCOx63@34.12 ACADx63@34.12 ADBEx63@34.12 
Purchases: ABCDx63@34.12 ABACx63@34.12 ACCOx63@34.12 ACADx63@34.12 ADBEx63@34.12 

2010-10-20
Cash: 13.52
Held: ABCDx63@34.78 ABACx63@34.78 ACCOx63@34.78 ACADx63@34.78 ADBEx63@34.78 
Value: 10969.61
Sales: ABCDx63@34.78 ABACx63@34.78 ACCOx63@34.78 ACADx63@34.78 ADBEx63@34.78 
Purchases: ABCDx63@34.78 ABACx63@34.78 ACCOx63@34.78 ACADx63@34.78 ADBEx63@34.78 

2010-10-21
Cash: 13.52
Held: ABCDx63@34.75 ABACx63@34.75 ACCOx63@34.75 ACADx63@34.75 ADBEx63@34.75 
Value: 10959.77
Sales: ABCDx63@34.75 ABACx63@34.75 ACCOx63@34.75 ACADx63@34.75 ADBEx63@34.75 
Purchases: ABCDx63@34.75 ABACx63@34.75 ACCOx63@34.75 ACADx63@34.75 ADBEx63@34.75 

2010-10-24
Cash: 13.52
Held: ABCDx63@35.03 ABACx63@35.03 ACCOx63@35.03 ACADx63@35.03 ADBEx63@35.03 
Value: 11048.36
Sales: ABCDx63@35.03 ABACx63@35.03 ACCOx63@35.03 ACADx63@35.03 ADBEx63@35.03 
Purchases: ABCDx63@35.03 ABACx63@35.03 ACCOx63@35.03 ACADx63@35.03 ADBEx63@35.03 

2010-10-25
Cash: 13.52
Held: ABCDx63@34.62 ABACx63@34.62 ACCOx63@34.62 ACADx63@34.62 ADBEx63@34.62 
Value: 10920.39
Sales: ABCDx63@34.62 ABACx63@34.62 ACCOx63@34.62 ACADx63@34.62 ADBEx63@34.62 
Purchases: ABCDx63@34.62 ABACx63@34.62 ACCOx63@34.62 ACADx63@34.62 ADBEx63@34.62 

2010-10-26
Cash: 13.52
Held: ABCDx63@34.47 ABACx63@34.47 ACCOx63@34.47 ACADx63@34.47 ADBEx63@34.47 
Value: 10871.17
Sales: ABCDx63@34.47 ABACx63@34.47 ACCOx63@34.47 ACADx63@34.47 ADBEx63@34.47 
Purchases: ABCDx63@34.47 ABACx63@34.47 ACCOx63@34.47 ACADx63@34.47 ADBEx63@34.47 

2010-10-27
Cash: 13.52
Held: ABCDx63@35.12 ABACx63@35.12 ACCOx63@35.12 ACADx63@35.12 ADBEx63@35.12 
Value: 11077.89
Sales: ABCDx63@35.12 ABACx63@35.12 ACCOx63@35.12 ACADx63@35.12 ADBEx63@35.12 
Purchases: ABCDx63@35.12 ABACx63@35.12 ACCOx63@35.12 ACADx63@35.12 ADBEx63@35.12 

2010-10-28
Cash: 13.52
Held: ABCDx63@34.81 ABACx63@34.81 ACCOx63@34.81 ACADx63@34.81 ADBEx63@34.81 
Value: 10979.45
Sales: ABCDx63@34.81 ABACx63@34.81 ACCOx63@34.81 ACADx63@34.81 ADBEx63@34.81 
Purchases: ABCDx63@34.81 ABACx63@34.81 ACCOx63@34.81 ACADx63@34.81 ADBEx63@34.81 

2010-10-31
Cash: 13.52
Held: ABCDx63@34.94 ABACx63@34.94 ACCOx63@34.94 ACADx63@34.94 ADBEx63@34.94 
Value: 11018.83
Sales: ABCDx63@34.94 ABACx63@34.94 ACCOx63@34.94 ACADx63@34.94 ADBEx63@34.94 
Purchases: ABCDx63@34.94 ABACx63@34.94 ACCOx63@34.94 ACADx63@34.94 ADBEx63@34.94 

2010-11-01
Cash: 13.52
Held: ABCDx63@34.97 ABACx63@34.97 ACCOx63@34.97 ACADx63@34.97 ADBEx63@34.97 
Value: 11028.67
Sales: ABCDx63@34.97 ABACx63@34.97 ACCOx63@34.97 ACADx63@34.97 ADBEx63@34.97 
Purchases: ABCDx63@34.97 ABACx63@34.97 ACCOx63@34.97 ACADx63@34.97 ADBEx63@34.97 

2010-11-02
Cash: 13.52
Held: ABCDx63@35.19 ABACx63@35.19 ACCOx63@35.19 ACADx63@35.19 ADBEx63@35.19 
Value: 11097.58
Sales: ABCDx63@35.19 ABACx63@35.19 ACCOx63@35.19 ACADx63@35.19 ADBEx63@35.19 
Purchases: ABCDx63@35.19 ABACx63@35.19 ACCOx63@35.19 ACADx63@35.19 ADBEx63@35.19 

2010-11-03
Cash: 13.52
Held: ABCDx63@35.50 ABACx63@35.50 ACCOx63@35.50 ACADx63@35.50 ADBEx63@35.50 
Value: 11196.02
Sales: ABCDx63@35.50 ABACx63@35.50 ACCOx63@35.50 ACADx63@35.50 ADBEx63@35.50 
Purchases: ABCDx63@35.50 ABACx63@35.50 ACCOx63@35.50 ACADx63@35.50 ADBEx63@35.50 

2010-11-04
Cash: 13.52
Held: ABCDx63@35.97 ABACx63@35.97 ACCOx63@35.97 ACADx63@35.97 ADBEx63@35.97 
Value: 11343.67
Sales: ABCDx63@35.97 ABACx63@35.97 ACCOx63@35.97 ACADx63@35.97 ADBEx63@35.97 
Purchases: ABCDx63@35.97 ABACx63@35.97 ACCOx63@35.97 ACADx63@35.97 ADBEx63@35.97 

2010-11-07
Cash: 13.52
Held: ABCDx63@36.16 ABACx63@36.16 ACCOx63@36.16 ACADx63@36.16 ADBEx63@36.16 
Value: 11402.73
Sales: ABCDx63@36.16 ABACx63@36.16 ACCOx63@36.16 ACADx63@36.16 ADBEx63@36.16 
Purchases: ABCDx63@36.16 ABACx63@36.16 ACCOx63@36.16 ACADx63@36.16 ADBEx63@36.16 

2010-11-08
Cash: 13.52
Held: ABCDx63@36.19 ABACx63@36.19 ACCOx63@36.19 ACADx63@36.19 ADBEx63@36.19 
Value: 11412.58
Sales: ABCDx63@36.19 ABACx63@36.19 ACCOx63@36.19 ACADx63@36.19 ADBEx63@36.19 
Purchases: ABCDx63@36.19 ABACx63@36.19 ACCOx63@36.19 ACADx63@36.19 ADBEx63@36.19 

2010-11-09
Cash: 13.52
Held: ABCDx63@35.47 ABACx63@35.47 ACCOx63@35.47 ACADx63@35.47 ADBEx63@35.47 
Value: 11186.17
Sales: ABCDx63@35.47 ABACx63@35.47 ACCOx63@35.47 ACADx63@35.47 ADBEx63@35.47 
Purchases: ABCDx63@35.47 ABACx63@35.47 ACCOx63@35.47 ACADx63@35.47 ADBEx63@35.47 

2010-11-10
Cash: 13.52
Held: ABCDx63@34.81 ABACx63@34.81 ACCOx63@34.81 ACADx63@34.81 ADBEx63@34.81 
Value: 10979.45
Sales: ABCDx63@34.81 ABACx63@34.81 ACCOx63@34.81 ACADx63@34.81 ADBEx63@34.81 
Purchases: ABCDx63@34.81 ABACx63@34.81 ACCOx63@34.81 ACADx63@34.81 ADBEx63@34.81 

2010-11-11
Cash: 13.52
Held: ABCDx63@35.91 ABACx63@35.91 ACCOx63@35.91 ACADx63@35.91 ADBEx63@35.91 
Value: 11323.98
Sales: ABCDx63@35.91 ABACx63@35.91 ACCOx63@35.91 ACADx63@35.91 ADBEx63@35.91 
Purchases: ABCDx63@35.91 ABACx63@35.91 ACCOx63@35.91 ACADx63@35.91 ADBEx63@35.91 

2010-11-14
Cash: 13.52
Held: ABCDx63@36.53 ABACx63@36.53 ACCOx63@36.53 ACADx63@36.53 ADBEx63@36.53 
Value: 11520.86
Sales: ABCDx63@36.53 ABACx63@36.53 ACCOx63@36.53 ACADx63@36.53 ADBEx63@36.53 
Purchases: ABCDx63@36.53 ABACx63@36.53 ACCOx63@36.53 ACADx63@36.53 ADBEx63@36.53 

2010-11-15
Cash: 13.52
Held: ABCDx63@35.81 ABACx63@35.81 ACCOx63@35.81 ACADx63@35.81 ADBEx63@35.81 
Value: 11294.45
Sales: ABCDx63@35.81 ABACx63@35.81 ACCOx63@35.81 ACADx63@35.81 ADBEx63@35.81 
Purchases: ABCDx63@35.81 ABACx63@35.81 ACCOx63@35.81 ACADx63@35.81 ADBEx63@35.81 

2010-11-16
Cash: 13.52
Held: ABCDx63@35.00 ABACx63@35.00 ACCOx63@35.00 ACADx63@35.00 ADBEx63@35.00 
Value: 11038.52
Sales: ABCDx63@35.00 ABACx63@35.00 ACCOx63@35.00 ACADx63@35.00 ADBEx63@35.00 
Purchases: ABCDx63@35.00 ABACx63@35.00 ACCOx63@35.00 ACADx63@35.00 ADBEx63@35.00 

2010-11-17
Cash: 13.52
Held: ABCDx63@35.62 ABACx63@35.62 ACCOx63@35.62 ACADx63@35.62 ADBEx63@35.62 
Value: 11235.39
Sales: ABCDx63@35.62 ABACx63@35.62 ACCOx63@35.62 ACADx63@35.62 ADBEx63@35.62 
Purchases: ABCDx63@35.62 ABACx63@35.62 ACCOx63@35.62 ACADx63@35.62 ADBEx63@35.62 

2010-11-18
Cash: 13.52
Held: ABCDx63@36.16 ABACx63@36.16 ACCOx63@36.16 ACADx63@36.16 ADBEx63@36.16 
Value: 11402.73
Sales: ABCDx63@36.16 ABACx63@36.16 ACCOx63@36.16 ACADx63@36.16 ADBEx63@36.16 
Purchases: ABCDx63@36.16 ABACx63@36.16 ACCOx63@36.16 ACADx63@36.16 ADBEx63@36.16 

2010-11-21
Cash: 13.52
Held: ABCDx63@36.16 ABACx63@36.16 ACCOx63@36.16 ACADx63@36.16 ADBEx63@36.16 
Value: 11402.73
Sales: ABCDx63@36.16 ABACx63@36.16 ACCOx63@36.16 ACADx63@36.16 ADBEx63@36.16 
Purchases: ABCDx63@36.16 ABACx63@36.16 ACCOx63@36.16 ACADx63@36.16 ADBEx63@36.16 

2010-11-22
Cash: 13.52
Held: ABCDx63@35.88 ABACx63@35.88 ACCOx63@35.88 ACADx63@35.88 ADBEx63@35.88 
Value: 11314.14
Sales: ABCDx63@35.88 ABACx63@35.88 ACCOx63@35.88 ACADx63@35.88 ADBEx63@35.88 
Purchases: ABCDx63@35.88 ABACx63@35.88 ACCOx63@35.88 ACADx63@35.88 ADBEx63@35.88 

2010-11-23
Cash: 13.52
Held: ABCDx63@35.62 ABACx63@35.62 ACCOx63@35.62 ACADx63@35.62 ADBEx63@35.62 
Value: 11235.39
Sales: ABCDx63@35.62 ABACx63@35.62 ACCOx63@35.62 ACADx63@35.62 ADBEx63@35.62 
Purchases: ABCDx63@35.62 ABACx63@35.62 ACCOx63@35.62 ACADx63@35.62 ADBEx63@35.62 

2010-11-25
Cash: 13.52
Held: ABCDx63@35.97 ABACx63@35.97 ACCOx63@35.97 ACADx63@35.97 ADBEx63@35.97 
Value: 11343.67
Sales: ABCDx63@35.97 ABACx63@35.97 ACCOx63@35.97 ACADx63@35.97 ADBEx63@35.97 
Purchases: ABCDx63@35.97 ABACx63@35.97 ACCOx63@35.97 ACADx63@35.97 ADBEx63@35.97 

2010-11-28
Cash: 13.52
Held: ABCDx63@35.94 ABACx63@35.94 ACCOx63@35.94 ACADx63@35.94 ADBEx63@35.94 
Value: 11333.83
Sales: ABCDx63@35.94 ABACx63@35.94 ACCOx63@35.94 ACADx63@35.94 ADBEx63@35.94 
Purchases: ABCDx63@35.94 ABACx63@35.94 ACCOx63@35.94 ACADx63@35.94 ADBEx63@35.94 

2010-11-29
Cash: 13.52
Held: ABCDx63@35.22 ABACx63@35.22 ACCOx63@35.22 ACADx63@35.22 ADBEx63@35.22 
Value: 11107.42
Sales: ABCDx63@35.22 ABACx63@35.22 ACCOx63@35.22 ACADx63@35.22 ADBEx63@35.22 
Purchases: ABCDx63@35.22 ABACx63@35.22 ACCOx63@35.22 ACADx63@35.22 ADBEx63@35.22 

2010-11-30
Cash: 13.52
Held: ABCDx63@35.66 ABACx63@35.66 ACCOx63@35.66 ACADx63@35.66 ADBEx63@35.66 
Value: 11245.23
Sales: ABCDx63@35.66 ABACx63@35.66 ACCOx63@35.66 ACADx63@35.66 ADBEx63@35.66 
Purchases: ABCDx63@35.66 ABACx63@35.66 ACCOx63@35.66 ACADx63@35.66 ADBEx63@35.66 

2010-12-01
Cash: 13.52
Held: ABCDx63@35.97 ABACx63@35.97 ACCOx63@35.97 ACADx63@35.97 ADBEx63@35.97 
Value: 11343.67
Sales: ABCDx63@35.97 ABACx63@35.97 ACCOx63@35.97 ACADx63@35.97 ADBEx63@35.97 
Purchases: ABCDx63@35.97 ABACx63@35.97 ACCOx63@35.97 ACADx63@35.97 ADBEx63@35.97 

2010-12-02
Cash: 13.52
Held: ABCDx63@36.50 ABACx63@36.50 ACCOx63@36.50 ACADx63@36.50 ADBEx63@36.50 
Value: 11511.02
Sales: ABCDx63@36.50 ABACx63@36.50 ACCOx63@36.50 ACADx63@36.50 ADBEx63@36.50 
Purchases: ABCDx63@36.50 ABACx63@36.50 ACCOx63@36.50 ACADx63@36.50 ADBEx63@36.50 

2010-12-05
Cash: 13.52
Held: ABCDx63@37.31 ABACx63@37.31 ACCOx63@37.31 ACADx63@37.31 ADBEx63@37.31 
Value: 11766.95
Sales: ABCDx63@37.31 ABACx63@37.31 ACCOx63@37.31 ACADx63@37.31 ADBEx63@37.31 
Purchases: ABCDx63@37.31 ABACx63@37.31 ACCOx63@37.31 ACADx63@37.31 ADBEx63@37.31 

2010-12-06
Cash: 13.52
Held: ABCDx63@37.59 ABACx63@37.59 ACCOx63@37.59 ACADx63@37.59 ADBEx63@37.59 
Value: 11855.55
Sales: ABCDx63@37.59 ABACx63@37.59 ACCOx63@37.59 ACADx63@37.59 ADBEx63@37.59 
Purchases: ABCDx63@37.59 ABACx63@37.59 ACCOx63@37.59 ACADx63@37.59 ADBEx63@37.59 

2010-12-07
Cash: 13.52
Held: ABCDx63@37.59 ABACx63@37.59 ACCOx63@37.59 ACADx63@37.59 ADBEx63@37.59 
Value: 11855.55
Sales: ABCDx63@37.59 ABACx63@37.59 ACCOx63@37.59 ACADx63@37.59 ADBEx63@37.59 
Purchases: ABCDx63@37.59 ABACx63@37.59 ACCOx63@37.59 ACADx63@37.59 ADBEx63@37.59 

2010-12-08
Cash: 13.52
Held: ABCDx63@37.84 ABACx63@37.84 ACCOx63@37.84 ACADx63@37.84 ADBEx63@37.84 
Value: 11934.30
Sales: ABCDx63@37.84 ABACx63@37.84 ACCOx63@37.84 ACADx63@37.84 ADBEx63@37.84 
Purchases: ABCDx63@37.84 ABACx63@37.84 ACCOx63@37.84 ACADx63@37.84 ADBEx63@37.84 

2010-12-09
Cash: 13.52
Held: ABCDx63@38.00 ABACx63@38.00 ACCOx63@38.00 ACADx63@38.00 ADBEx63@38.00 
Value: 11983.52
Sales: ABCDx63@38.00 ABACx63@38.00 ACCOx63@38.00 ACADx63@38.00 ADBEx63@38.00 
Purchases: ABCDx63@38.00 ABACx63@38.00 ACCOx63@38.00 ACADx63@38.00 ADBEx63@38.00 

2010-12-12
Cash: 13.52
Held: ABCDx63@38.53 ABACx63@38.53 ACCOx63@38.53 ACADx63@38.53 ADBEx63@38.53 
Value: 12150.86
Sales: ABCDx63@38.53 ABACx63@38.53 ACCOx63@38.53 ACADx63@38.53 ADBEx63@38.53 
Purchases: ABCDx63@38.53 ABACx63@38.53 ACCOx63@38.53 ACADx63@38.53 ADBEx63@38.53 

2010-12-13
Cash: 13.52
Held: ABCDx63@38.81 ABACx63@38.81 ACCOx63@38.81 ACADx63@38.81 ADBEx63@38.81 
Value: 12239.45
Sales: ABCDx63@38.81 ABACx63@38.81 ACCOx63@38.81 ACADx63@38.81 ADBEx63@38.81 
Purchases: ABCDx63@38.81 ABACx63@38.81 ACCOx63@38.81 ACADx63@38.81 ADBEx63@38.81 

2010-12-14
Cash: 13.52
Held: ABCDx63@39.00 ABACx63@39.00 ACCOx63@39.00 ACADx63@39.00 ADBEx63@39.00 
Value: 12298.52
Sales: ABCDx63@39.00 ABACx63@39.00 ACCOx63@39.00 ACADx63@39.00 ADBEx63@39.00 
Purchases: ABCDx63@39.00 ABACx63@39.00 ACCOx63@39.00 ACADx63@39.00 ADBEx63@39.00 

2010-12-15
Cash: 13.52
Held: ABCDx63@38.62 ABACx63@38.62 ACCOx63@38.62 ACADx63@38.62 ADBEx63@38.62 
Value: 12180.39
Sales: ABCDx63@38.62 ABACx63@38.62 ACCOx63@38.62 ACADx63@38.62 ADBEx63@38.62 
Purchases: ABCDx63@38.62 ABACx63@38.62 ACCOx63@38.62 ACADx63@38.62 ADBEx63@38.62 

2010-12-16
Cash: 13.52
Held: ABCDx63@39.75 ABACx63@39.75 ACCOx63@39.75 ACADx63@39.75 ADBEx63@39.75 
Value: 12534.77
Sales: ABCDx63@39.75 ABACx63@39.75 ACCOx63@39.75 ACADx63@39.75 ADBEx63@39.75 
Purchases: ABCDx63@39.75 ABACx63@39.75 ACCOx63@39.75 ACADx63@39.75 ADBEx63@39.75 

2010-12-19
Cash: 13.52
Held: ABCDx63@40.09 ABACx63@40.09 ACCOx63@40.09 ACADx63@40.09 ADBEx63@40.09 
Value: 12643.05
Sales: ABCDx63@40.09 ABACx63@40.09 ACCOx63@40.09 ACADx63@40.09 ADBEx63@40.09 
Purchases: ABCDx63@40.09 ABACx63@40.09 ACCOx63@40.09 ACADx63@40.09 ADBEx63@40.09 

2010-12-20
Cash: 13.52
Held: ABCDx63@40.66 ABACx63@40.66 ACCOx63@40.66 ACADx63@40.66 ADBEx63@40.66 
Value: 12820.23
Sales: ABCDx63@40.66 ABACx63@40.66 ACCOx63@40.66 ACADx63@40.66 ADBEx63@40.66 
Purchases: ABCDx63@40.66 ABACx63@40.66 ACCOx63@40.66 ACADx63@40.66 ADBEx63@40.66 

2010-12-21
Cash: 13.52
Held: ABCDx63@40.66 ABACx63@40.66 ACCOx63@40.66 ACADx63@40.66 ADBEx63@40.66 
Value: 12820.23
Sales: ABCDx63@40.66 ABACx63@40.66 ACCOx63@40.66 ACADx63@40.66 ADBEx63@40.66 
Purchases: ABCDx63@40.66 ABACx63@40.66 ACCOx63@40.66 ACADx63@40.66 ADBEx63@40.66 

2010-12-22
Cash: 13.52
Held: ABCDx63@40.91 ABACx63@40.91 ACCOx63@40.91 ACADx63@40.91 ADBEx63@40.91 
Value: 12898.98
Sales: ABCDx63@40.91 ABACx63@40.91 ACCOx63@40.91 ACADx63@40.91 ADBEx63@40.91 
Purchases: ABCDx63@40.91 ABACx63@40.91 ACCOx63@40.91 ACADx63@40.91 ADBEx63@40.91 

2010-12-26
Cash: 13.52
Held: ABCDx63@40.88 ABACx63@40.88 ACCOx63@40.88 ACADx63@40.88 ADBEx63@40.88 
Value: 12889.14
Sales: ABCDx63@40.88 ABACx63@40.88 ACCOx63@40.88 ACADx63@40.88 ADBEx63@40.88 
Purchases: ABCDx63@40.88 ABACx63@40.88 ACCOx63@40.88 ACADx63@40.88 ADBEx63@40.88 

2010-12-27
Cash: 13.52
Held: ABCDx63@41.94 ABACx63@41.94 ACCOx63@41.94 ACADx63@41.94 ADBEx63@41.94 
Value: 13223.83
Sales: ABCDx63@41.94 ABACx63@41.94 ACCOx63@41.94 ACADx63@41.94 ADBEx63@41.94 
Purchases: ABCDx63@41.94 ABACx63@41.94 ACCOx63@41.94 ACADx63@41.94 ADBEx63@41.94 

2010-12-28
Cash: 13.52
Held: ABCDx63@41.53 ABACx63@41.53 ACCOx63@41.53 ACADx63@41.53 ADBEx63@41.53 
Value: 13095.86
Sales: ABCDx63@41.53 ABACx63@41.53 ACCOx63@41.53 ACADx63@41.53 ADBEx63@41.53 
Purchases: ABCDx63@41.53 ABACx63@41.53 ACCOx63@41.53 ACADx63@41.53 ADBEx63@41.53 

2010-12-29
Cash: 13.52
Held: ABCDx63@41.62 ABACx63@41.62 ACCOx63@41.62 ACADx63@41.62 ADBEx63@41.62 
Value: 13125.39
Sales: ABCDx63@41.62 ABACx63@41.62 ACCOx63@41.62 ACADx63@41.62 ADBEx63@41.62 
Purchases: ABCDx63@41.62 ABACx63@41.62 ACCOx63@41.62 ACADx63@41.62 ADBEx63@41.62 

2010-12-30
Cash: 13.52
Held: ABCDx63@41.44 ABACx63@41.44 ACCOx63@41.44 ACADx63@41.44 ADBEx63@41.44 
Value: 13066.33
Sales: ABCDx63@41.44 ABACx63@41.44 ACCOx63@41.44 ACADx63@41.44 ADBEx63@41.44 
Purchases: ABCDx63@41.44 ABACx63@41.44 ACCOx63@41.44 ACADx63@41.44 ADBEx63@41.44 

2011-01-02
Cash: 13.52
Held: ABCDx63@41.56 ABACx63@41.56 ACCOx63@41.56 ACADx63@41.56 ADBEx63@41.56 
Value: 13105.70
Sales: ABCDx63@41.56 ABACx63@41.56 ACCOx63@41.56 ACADx63@41.56 ADBEx63@41.56 
Purchases: ABCDx63@41.56 ABACx63@41.56 ACCOx63@41.56 ACADx63@41.56 ADBEx63@41.56 

2011-01-03
Cash: 13.52
Held: ABCDx63@42.00 ABACx63@42.00 ACCOx63@42.00 ACADx63@42.00 ADBEx63@42.00 
Value: 13243.52
Sales: ABCDx63@42.00 ABACx63@42.00 ACCOx63@42.00 ACADx63@42.00 ADBEx63@42.00 
Purchases: ABCDx63@42.00 ABACx63@42.00 ACCOx63@42.00 ACADx63@42.00 ADBEx63@42.00 

2011-01-04
Cash: 13.52
Held: ABCDx63@41.25 ABACx63@41.25 ACCOx63@41.25 ACADx63@41.25 ADBEx63@41.25 
Value: 13007.27
Sales: ABCDx63@41.25 ABACx63@41.25 ACCOx63@41.25 ACADx63@41.25 ADBEx63@41.25 
Purchases: ABCDx63@41.25 ABACx63@41.25 ACCOx63@41.25 ACADx63@41.25 ADBEx63@41.25 

2011-01-05
Cash: 13.52
Held: ABCDx63@41.38 ABACx63@41.38 ACCOx63@41.38 ACADx63@41.38 ADBEx63@41.38 
Value: 13046.64
Sales: ABCDx63@41.38 ABACx63@41.38 ACCOx63@41.38 ACADx63@41.38 ADBEx63@41.38 
Purchases: ABCDx63@41.38 ABACx63@41.38 ACCOx63@41.38 ACADx63@41.38 ADBEx63@41.38 

2011-01-06
Cash: 13.52
Held: ABCDx63@41.53 ABACx63@41.53 ACCOx63@41.53 ACADx63@41.53 ADBEx63@41.53 
Value: 13095.86
Sales: ABCDx63@41.53 ABACx63@41.53 ACCOx63@41.53 ACADx63@41.53 ADBEx63@41.53 
Purchases: ABCDx63@41.53 ABACx63@41.53 ACCOx63@41.53 ACADx63@41.53 ADBEx63@41.53 

2011-01-09
Cash: 13.52
Held: ABCDx63@41.41 ABACx63@41.41 ACCOx63@41.41 ACADx63@41.41 ADBEx63@41.41 
Value: 13056.48
Sales: ABCDx63@41.41 ABACx63@41.41 ACCOx63@41.41 ACADx63@41.41 ADBEx63@41.41 
Purchases: ABCDx63@41.41 ABACx63@41.41 ACCOx63@41.41 ACADx63@41.41 ADBEx63@41.41 

2011-01-10
Cash: 13.52
Held: ABCDx63@42.53 ABACx63@42.53 ACCOx63@42.53 ACADx63@42.53 ADBEx63@42.53 
Value: 13410.86
Sales: ABCDx63@42.53 ABACx63@42.53 ACCOx63@42.53 ACADx63@42.53 ADBEx63@42.53 
Purchases: ABCDx63@42.53 ABACx63@42.53 ACCOx63@42.53 ACADx63@42.53 ADBEx63@42.53 

2011-01-11
Cash: 13.52
Held: ABCDx63@43.19 ABACx63@43.19 ACCOx63@43.19 ACADx63@43.19 ADBEx63@43.19 
Value: 13617.58
Sales: ABCDx63@43.19 ABACx63@43.19 ACCOx63@43.19 ACADx63@43.19 ADBEx63@43.19 
Purchases: ABCDx63@43.19 ABACx63@43.19 ACCOx63@43.19 ACADx63@43.19 ADBEx63@43.19 

2011-01-12
Cash: 13.52
Held: ABCDx63@42.88 ABACx63@42.88 ACCOx63@42.88 ACADx63@42.88 ADBEx63@42.88 
Value: 13519.14
Sales: ABCDx63@42.88 ABACx63@42.88 ACCOx63@42.88 ACADx63@42.88 ADBEx63@42.88 
Purchases: ABCDx63@42.88 ABACx63@42.88 ACCOx63@42.88 ACADx63@42.88 ADBEx63@42.88 

2011-01-13
Cash: 13.52
Held: ABCDx63@42.78 ABACx63@42.78 ACCOx63@42.78 ACADx63@42.78 ADBEx63@42.78 
Value: 13489.61
Sales: ABCDx63@42.78 ABACx63@42.78 ACCOx63@42.78 ACADx63@42.78 ADBEx63@42.78 
Purchases: ABCDx63@42.78 ABACx63@42.78 ACCOx63@42.78 ACADx63@42.78 ADBEx63@42.78 

2011-01-17
Cash: 13.52
Held: ABCDx63@43.38 ABACx63@43.38 ACCOx63@43.38 ACADx63@43.38 ADBEx63@43.38 
Value: 13676.64
Sales: ABCDx63@43.38 ABACx63@43.38 ACCOx63@43.38 ACADx63@43.38 ADBEx63@43.38 
Purchases: ABCDx63@43.38 ABACx63@43.38 ACCOx63@43.38 ACADx63@43.38 ADBEx63@43.38 

2011-01-18
Cash: 13.52
Held: ABCDx63@44.22 ABACx63@44.22 ACCOx63@44.22 ACADx63@44.22 ADBEx63@44.22 
Value: 13942.42
Sales: ABCDx63@44.22 ABACx63@44.22 ACCOx63@44.22 ACADx63@44.22 ADBEx63@44.22 
Purchases: ABCDx63@44.22 ABACx63@44.22 ACCOx63@44.22 ACADx63@44.22 ADBEx63@44.22 

2011-01-19
Cash: 13.52
Held: ABCDx63@41.94 ABACx63@41.94 ACCOx63@41.94 ACADx63@41.94 ADBEx63@41.94 
Value: 13223.83
Sales: ABCDx63@41.94 ABACx63@41.94 ACCOx63@41.94 ACADx63@41.94 ADBEx63@41.94 
Purchases: ABCDx63@41.94 ABACx63@41.94 ACCOx63@41.94 ACADx63@41.94 ADBEx63@41.94 

2011-01-20
Cash: 13.52
Held: ABCDx63@42.50 ABACx63@42.50 ACCOx63@42.50 ACADx63@42.50 ADBEx63@42.50 
Value: 13401.02
Sales: ABCDx63@42.50 ABACx63@42.50 ACCOx63@42.50 ACADx63@42.50 ADBEx63@42.50 
Purchases: ABCDx63@42.50 ABACx63@42.50 ACCOx63@42.50 ACADx63@42.50 ADBEx63@42.50 

2011-01-23
Cash: 13.52
Held: ABCDx63@42.19 ABACx63@42.19 ACCOx63@42.19 ACADx63@42.19 ADBEx63@42.19 
Value: 13302.58
Sales: ABCDx63@42.19 ABACx63@42.19 ACCOx63@42.19 ACADx63@42.19 ADBEx63@42.19 
Purchases: ABCDx63@42.19 ABACx63@42.19 ACCOx63@42.19 ACADx63@42.19 ADBEx63@42.19 

2011-01-24
Cash: 13.52
Held: ABCDx63@42.78 ABACx63@42.78 ACCOx63@42.78 ACADx63@42.78 ADBEx63@42.78 
Value: 13489.61
Sales: ABCDx63@42.78 ABACx63@42.78 ACCOx63@42.78 ACADx63@42.78 ADBEx63@42.78 
Purchases: ABCDx63@42.78 ABACx63@42.78 ACCOx63@42.78 ACADx63@42.78 ADBEx63@42.78 

2011-01-25
Cash: 13.52
Held: ABCDx63@42.81 ABACx63@42.81 ACCOx63@42.81 ACADx63@42.81 ADBEx63@42.81 
Value: 13499.45
Sales: ABCDx63@42.81 ABACx63@42.81 ACCOx63@42.81 ACADx63@42.81 ADBEx63@42.81 
Purchases: ABCDx63@42.81 ABACx63@42.81 ACCOx63@42.81 ACADx63@42.81 ADBEx63@42.81 

2011-01-26
Cash: 13.52
Held: ABCDx63@42.78 ABACx63@42.78 ACCOx63@42.78 ACADx63@42.78 ADBEx63@42.78 
Value: 13489.61
Sales: ABCDx63@42.78 ABACx63@42.78 ACCOx63@42.78 ACADx63@42.78 ADBEx63@42.78 
Purchases: ABCDx63@42.78 ABACx63@42.78 ACCOx63@42.78 ACADx63@42.78 ADBEx63@42.78 

2011-01-27
Cash: 13.52
Held: ABCDx63@42.50 ABACx63@42.50 ACCOx63@42.50 ACADx63@42.50 ADBEx63@42.50 
Value: 13401.02
Sales: ABCDx63@42.50 ABACx63@42.50 ACCOx63@42.50 ACADx63@42.50 ADBEx63@42.50 
Purchases: ABCDx63@42.50 ABACx63@42.50 ACCOx63@42.50 ACADx63@42.50 ADBEx63@42.50 

2011-01-30
Cash: 13.52
Held: ABCDx63@41.22 ABACx63@41.22 ACCOx63@41.22 ACADx63@41.22 ADBEx63@41.22 
Value: 12997.42
Sales: ABCDx63@41.22 ABACx63@41.22 ACCOx63@41.22 ACADx63@41.22 ADBEx63@41.22 
Purchases: ABCDx63@41.22 ABACx63@41.22 ACCOx63@41.22 ACADx63@41.22 ADBEx63@41.22 

2011-01-31
Cash: 13.52
Held: ABCDx63@42.06 ABACx63@42.06 ACCOx63@42.06 ACADx63@42.06 ADBEx63@42.06 
Value: 13263.20
Sales: ABCDx63@42.06 ABACx63@42.06 ACCOx63@42.06 ACADx63@42.06 ADBEx63@42.06 
Purchases: ABCDx63@42.06 ABACx63@42.06 ACCOx63@42.06 ACADx63@42.06 ADBEx63@42.06 

2011-02-01
Cash: 13.52
Held: ABCDx63@41.75 ABACx63@41.75 ACCOx63@41.75 ACADx63@41.75 ADBEx63@41.75 
Value: 13164.77
Sales: ABCDx63@41.75 ABACx63@41.75 ACCOx63@41.75 ACADx63@41.75 ADBEx63@41.75 
Purchases: ABCDx63@41.75 ABACx63@41.75 ACCOx63@41.75 ACADx63@41.75 ADBEx63@41.75 

2011-02-02
Cash: 13.52
Held: ABCDx63@40.94 ABACx63@40.94 ACCOx63@40.94 ACADx63@40.94 ADBEx63@40.94 
Value: 12908.83
Sales: ABCDx63@40.94 ABACx63@40.94 ACCOx63@40.94 ACADx63@40.94 ADBEx63@40.94 
Purchases: ABCDx63@40.94 ABACx63@40.94 ACCOx63@40.94 ACADx63@40.94 ADBEx63@40.94 

2011-02-03
Cash: 13.52
Held: ABCDx63@41.12 ABACx63@41.12 ACCOx63@41.12 ACADx63@41.12 ADBEx63@41.12 
Value: 12967.89
Sales: ABCDx63@41.12 ABACx63@41.12 ACCOx63@41.12 ACADx63@41.12 ADBEx63@41.12 
Purchases: ABCDx63@41.12 ABACx63@41.12 ACCOx63@41.12 ACADx63@41.12 ADBEx63@41.12 

2011-02-06
Cash: 13.52
Held: ABCDx63@43.44 ABACx63@43.44 ACCOx63@43.44 ACADx63@43.44 ADBEx63@43.44 
Value: 13696.33
Sales: ABCDx63@43.44 ABACx63@43.44 ACCOx63@43.44 ACADx63@43.44 ADBEx63@43.44 
Purchases: ABCDx63@43.44 ABACx63@43.44 ACCOx63@43.44 ACADx63@43.44 ADBEx63@43.44 

2011-02-07
Cash: 13.52
Held: ABCDx63@44.66 ABACx63@44.66 ACCOx63@44.66 ACADx63@44.66 ADBEx63@44.66 
Value: 14080.23
Sales: ABCDx63@44.66 ABACx63@44.66 ACCOx63@44.66 ACADx63@44.66 ADBEx63@44.66 
Purchases: ABCDx63@44.66 ABACx63@44.66 ACCOx63@44.66 ACADx63@44.66 ADBEx63@44.66 

2011-02-08
Cash: 13.52
Held: ABCDx63@44.00 ABACx63@44.00 ACCOx63@44.00 ACADx63@44.00 ADBEx63@44.00 
Value: 13873.52
Sales: ABCDx63@44.00 ABACx63@44.00 ACCOx63@44.00 ACADx63@44.00 ADBEx63@44.00 
Purchases: ABCDx63@44.00 ABACx63@44.00 ACCOx63@44.00 ACADx63@44.00 ADBEx63@44.00 

2011-02-09
Cash: 13.52
Held: ABCDx63@43.22 ABACx63@43.22 ACCOx63@43.22 ACADx63@43.22 ADBEx63@43.22 
Value: 13627.42
Sales: ABCDx63@43.22 ABACx63@43.22 ACCOx63@43.22 ACADx63@43.22 ADBEx63@43.22 
Purchases: ABCDx63@43.22 ABACx63@43.22 ACCOx63@43.22 ACADx63@43.22 ADBEx63@43.22 

2011-02-10
Cash: 13.52
Held: ABCDx63@43.78 ABACx63@43.78 ACCOx63@43.78 ACADx63@43.78 ADBEx63@43.78 
Value: 13804.61
Sales: ABCDx63@43.78 ABACx63@43.78 ACCOx63@43.78 ACADx63@43.78 ADBEx63@43.78 
Purchases: ABCDx63@43.78 ABACx63@43.78 ACCOx63@43.78 ACADx63@43.78 ADBEx63@43.78 

2011-02-13
Cash: 13.52
Held: ABCDx63@45.00 ABACx63@45.00 ACCOx63@45.00 ACADx63@45.00 ADBEx63@45.00 
Value: 14188.52
Sales: ABCDx63@45.00 ABACx63@45.00 ACCOx63@45.00 ACADx63@45.00 ADBEx63@45.00 
Purchases: ABCDx63@45.00 ABACx63@45.00 ACCOx63@45.00 ACADx63@45.00 ADBEx63@45.00 

2011-02-14
Cash: 13.52
Held: ABCDx63@44.78 ABACx63@44.78 ACCOx63@44.78 ACADx63@44.78 ADBEx63@44.78 
Value: 14119.61
Sales: ABCDx63@44.78 ABACx63@44.78 ACCOx63@44.78 ACADx63@44.78 ADBEx63@44.78 
Purchases: ABCDx63@44.78 ABACx63@44.78 ACCOx63@44.78 ACADx63@44.78 ADBEx63@44.78 

2011-02-15
Cash: 13.52
Held: ABCDx63@42.91 ABACx63@42.91 ACCOx63@42.91 ACADx63@42.91 ADBEx63@42.91 
Value: 13528.98
Sales: ABCDx63@42.91 ABACx63@42.91 ACCOx63@42.91 ACADx63@42.91 ADBEx63@42.91 
Purchases: ABCDx63@42.91 ABACx63@42.91 ACCOx63@42.91 ACADx63@42.91 ADBEx63@42.91 

2011-02-16
Cash: 13.52
Held: ABCDx63@43.38 ABACx63@43.38 ACCOx63@43.38 ACADx63@43.38 ADBEx63@43.38 
Value: 13676.64
Sales: ABCDx63@43.38 ABACx63@43.38 ACCOx63@43.38 ACADx63@43.38 ADBEx63@43.38 
Purchases: ABCDx63@43.38 ABACx63@43.38 ACCOx63@43.38 ACADx63@43.38 ADBEx63@43.38 

2011-02-17
Cash: 13.52
Held: ABCDx63@43.84 ABACx63@43.84 ACCOx63@43.84 ACADx63@43.84 ADBEx63@43.84 
Value: 13824.30
Sales: ABCDx63@43.84 ABACx63@43.84 ACCOx63@43.84 ACADx63@43.84 ADBEx63@43.84 
Purchases: ABCDx63@43.84 ABACx63@43.84 ACCOx63@43.84 ACADx63@43.84 ADBEx63@43.84 

2011-02-21
Cash: 13.52
Held: ABCDx63@43.28 ABACx63@43.28 ACCOx63@43.28 ACADx63@43.28 ADBEx63@43.28 
Value: 13647.11
Sales: ABCDx63@43.28 ABACx63@43.28 ACCOx63@43.28 ACADx63@43.28 ADBEx63@43.28 
Purchases: ABCDx63@43.28 ABACx63@43.28 ACCOx63@43.28 ACADx63@43.28 ADBEx63@43.28 

2011-02-22
Cash: 13.52
Held: ABCDx63@42.56 ABACx63@42.56 ACCOx63@42.56 ACADx63@42.56 ADBEx63@42.56 
Value: 13420.70
Sales: ABCDx63@42.56 ABACx63@42.56 ACCOx63@42.56 ACADx63@42.56 ADBEx63@42.56 
Purchases: ABCDx63@42.56 ABACx63@42.56 ACCOx63@42.56 ACADx63@42.56 ADBEx63@42.56 

2011-02-23
Cash: 13.52
Held: ABCDx63@40.34 ABACx63@40.34 ACCOx63@40.34 ACADx63@40.34 ADBEx63@40.34 
Value: 12721.80
Sales: ABCDx63@40.34 ABACx63@40.34 ACCOx63@40.34 ACADx63@40.34 ADBEx63@40.34 
Purchases: ABCDx63@40.34 ABACx63@40.34 ACCOx63@40.34 ACADx63@40.34 ADBEx63@40.34 

2011-02-24
Cash: 13.52
Held: ABCDx63@41.19 ABACx63@41.19 ACCOx63@41.19 ACADx63@41.19 ADBEx63@41.19 
Value: 12987.58
Sales: ABCDx63@41.19 ABACx63@41.19 ACCOx63@41.19 ACADx63@41.19 ADBEx63@41.19 
Purchases: ABCDx63@41.19 ABACx63@41.19 ACCOx63@41.19 ACADx63@41.19 ADBEx63@41.19 

2011-02-27
Cash: 13.52
Held: ABCDx63@42.44 ABACx63@42.44 ACCOx63@42.44 ACADx63@42.44 ADBEx63@42.44 
Value: 13381.33
Sales: ABCDx63@42.44 ABACx63@42.44 ACCOx63@42.44 ACADx63@42.44 ADBEx63@42.44 
Purchases: ABCDx63@42.44 ABACx63@42.44 ACCOx63@42.44 ACADx63@42.44 ADBEx63@42.44 

2011-02-28
Cash: 13.52
Held: ABCDx63@41.97 ABACx63@41.97 ACCOx63@41.97 ACADx63@41.97 ADBEx63@41.97 
Value: 13233.67
Sales: ABCDx63@41.97 ABACx63@41.97 ACCOx63@41.97 ACADx63@41.97 ADBEx63@41.97 
Purchases: ABCDx63@41.97 ABACx63@41.97 ACCOx63@41.97 ACADx63@41.97 ADBEx63@41.97 

2011-03-01
Cash: 13.52
Held: ABCDx63@40.56 ABACx63@40.56 ACCOx63@40.56 ACADx63@40.56 ADBEx63@40.56 
Value: 12790.70
Sales: ABCDx63@40.56 ABACx63@40.56 ACCOx63@40.56 ACADx63@40.56 ADBEx63@40.56 
Purchases: ABCDx63@40.56 ABACx63@40.56 ACCOx63@40.56 ACADx63@40.56 ADBEx63@40.56 

2011-03-02
Cash: 13.52
Held: ABCDx63@42.12 ABACx63@42.12 ACCOx63@42.12 ACADx63@42.12 ADBEx63@42.12 
Value: 13282.89
Sales: ABCDx63@42.12 ABACx63@42.12 ACCOx63@42.12 ACADx63@42.12 ADBEx63@42.12 
Purchases: ABCDx63@42.12 ABACx63@42.12 ACCOx63@42.12 ACADx63@42.12 ADBEx63@42.12 

2011-03-03
Cash: 13.52
Held: ABCDx63@43.34 ABACx63@43.34 ACCOx63@43.34 ACADx63@43.34 ADBEx63@43.34 
Value: 13666.80
Sales: ABCDx63@43.34 ABACx63@43.34 ACCOx63@43.34 ACADx63@43.34 ADBEx63@43.34 
Purchases: ABCDx63@43.34 ABACx63@43.34 ACCOx63@43.34 ACADx63@43.34 ADBEx63@43.34 

2011-03-06
Cash: 13.52
Held: ABCDx63@46.25 ABACx63@46.25 ACCOx63@46.25 ACADx63@46.25 ADBEx63@46.25 
Value: 14582.27
Sales: ABCDx63@46.25 ABACx63@46.25 ACCOx63@46.25 ACADx63@46.25 ADBEx63@46.25 
Purchases: ABCDx63@46.25 ABACx63@46.25 ACCOx63@46.25 ACADx63@46.25 ADBEx63@46.25 

2011-03-07
Cash: 13.52
Held: ABCDx63@46.00 ABACx63@46.00 ACCOx63@46.00 ACADx63@46.00 ADBEx63@46.00 
Value: 14503.52
Sales: ABCDx63@46.00 ABACx63@46.00 ACCOx63@46.00 ACADx63@46.00 ADBEx63@46.00 
Purchases: ABCDx63@46.00 ABACx63@46.00 ACCOx63@46.00 ACADx63@46.00 ADBEx63@46.00 

2011-03-08
Cash: 13.52
Held: ABCDx63@45.66 ABACx63@45.66 ACCOx63@45.66 ACADx63@45.66 ADBEx63@45.66 
Value: 14395.23
Sales: ABCDx63@45.66 ABACx63@45.66 ACCOx63@45.66 ACADx63@45.66 ADBEx63@45.66 
Purchases: ABCDx63@45.66 ABACx63@45.66 ACCOx63@45.66 ACADx63@45.66 ADBEx63@45.66 

2011-03-09
Cash: 13.52
Held: ABCDx63@45.38 ABACx63@45.38 ACCOx63@45.38 ACADx63@45.38 ADBEx63@45.38 
Value: 14306.64
Sales: ABCDx63@45.38 ABACx63@45.38 ACCOx63@45.38 ACADx63@45.38 ADBEx63@45.38 
Purchases: ABCDx63@45.38 ABACx63@45.38 ACCOx63@45.38 ACADx63@45.38 ADBEx63@45.38 

2011-03-10
Cash: 13.52
Held: ABCDx63@45.06 ABACx63@45.06 ACCOx63@45.06 ACADx63@45.06 ADBEx63@45.06 
Value: 14208.20
Sales: ABCDx63@45.06 ABACx63@45.06 ACCOx63@45.06 ACADx63@45.06 ADBEx63@45.06 
Purchases: ABCDx63@45.06 ABACx63@45.06 ACCOx63@45.06 ACADx63@45.06 ADBEx63@45.06 

2011-03-13
Cash: 13.52
Held: ABCDx63@45.09 ABACx63@45.09 ACCOx63@45.09 ACADx63@45.09 ADBEx63@45.09 
Value: 14218.05
Sales: ABCDx63@45.09 ABACx63@45.09 ACCOx63@45.09 ACADx63@45.09 ADBEx63@45.09 
Purchases: ABCDx63@45.09 ABACx63@45.09 ACCOx63@45.09 ACADx63@45.09 ADBEx63@45.09 

2011-03-14
Cash: 13.52
Held: ABCDx63@43.34 ABACx63@43.34 ACCOx63@43.34 ACADx63@43.34 ADBEx63@43.34 
Value: 13666.80
Sales: ABCDx63@43.34 ABACx63@43.34 ACCOx63@43.34 ACADx63@43.34 ADBEx63@43.34 
Purchases: ABCDx63@43.34 ABACx63@43.34 ACCOx63@43.34 ACADx63@43.34 ADBEx63@43.34 

2011-03-15
Cash: 13.52
Held: ABCDx63@43.59 ABACx63@43.59 ACCOx63@43.59 ACADx63@43.59 ADBEx63@43.59 
Value: 13745.55
Sales: ABCDx63@43.59 ABACx63@43.59 ACCOx63@43.59 ACADx63@43.59 ADBEx63@43.59 
Purchases: ABCDx63@43.59 ABACx63@43.59 ACCOx63@43.59 ACADx63@43.59 ADBEx63@43.59 

2011-03-16
Cash: 13.52
Held: ABCDx63@43.12 ABACx63@43.12 ACCOx63@43.12 ACADx63@43.12 ADBEx63@43.12 
Value: 13597.89
Sales: ABCDx63@43.12 ABACx63@43.12 ACCOx63@43.12 ACADx63@43.12 ADBEx63@43.12 
Purchases: ABCDx63@43.12 ABACx63@43.12 ACCOx63@43.12 ACADx63@43.12 ADBEx63@43.12 

2011-03-17
Cash: 13.52
Held: ABCDx63@43.12 ABACx63@43.12 ACCOx63@43.12 ACADx63@43.12 ADBEx63@43.12 
Value: 13597.89
Sales: ABCDx63@43.12 ABACx63@43.12 ACCOx63@43.12 ACADx63@43.12 ADBEx63@43.12 
Purchases: ABCDx63@43.12 ABACx63@43.12 ACCOx63@43.12 ACADx63@43.12 ADBEx63@43.12 

2011-03-20
Cash: 13.52
Held: ABCDx63@43.53 ABACx63@43.53 ACCOx63@43.53 ACADx63@43.53 ADBEx63@43.53 
Value: 13725.86
Sales: ABCDx63@43.53 ABACx63@43.53 ACCOx63@43.53 ACADx63@43.53 ADBEx63@43.53 
Purchases: ABCDx63@43.53 ABACx63@43.53 ACCOx63@43.53 ACADx63@43.53 ADBEx63@43.53 

2011-03-21
Cash: 13.52
Held: ABCDx63@43.91 ABACx63@43.91 ACCOx63@43.91 ACADx63@43.91 ADBEx63@43.91 
Value: 13843.98
Sales: ABCDx63@43.91 ABACx63@43.91 ACCOx63@43.91 ACADx63@43.91 ADBEx63@43.91 
Purchases: ABCDx63@43.91 ABACx63@43.91 ACCOx63@43.91 ACADx63@43.91 ADBEx63@43.91 

2011-03-22
Cash: 13.52
Held: ABCDx63@42.94 ABACx63@42.94 ACCOx63@42.94 ACADx63@42.94 ADBEx63@42.94 
Value: 13538.83
Sales: ABCDx63@42.94 ABACx63@42.94 ACCOx63@42.94 ACADx63@42.94 ADBEx63@42.94 
Purchases: ABCDx63@42.94 ABACx63@42.94 ACCOx63@42.94 ACADx63@42.94 ADBEx63@42.94 

2011-03-23
Cash: 13.52
Held: ABCDx63@44.00 ABACx63@44.00 ACCOx63@44.00 ACADx63@44.00 ADBEx63@44.00 
Value: 13873.52
Sales: ABCDx63@44.00 ABACx63@44.00 ACCOx63@44.00 ACADx63@44.00 ADBEx63@44.00 
Purchases: ABCDx63@44.00 ABACx63@44.00 ACCOx63@44.00 ACADx63@44.00 ADBEx63@44.00 

2011-03-24
Cash: 13.52
Held: ABCDx63@44.00 ABACx63@44.00 ACCOx63@44.00 ACADx63@44.00 ADBEx63@44.00 
Value: 13873.52
Sales: ABCDx63@44.00 ABACx63@44.00 ACCOx63@44.00 ACADx63@44.00 ADBEx63@44.00 
Purchases: ABCDx63@44.00 ABACx63@44.00 ACCOx63@44.00 ACADx63@44.00 ADBEx63@44.00 

2011-03-27
Cash: 13.52
Held: ABCDx63@44.25 ABACx63@44.25 ACCOx63@44.25 ACADx63@44.25 ADBEx63@44.25 
Value: 13952.27
Sales: ABCDx63@44.25 ABACx63@44.25 ACCOx63@44.25 ACADx63@44.25 ADBEx63@44.25 
Purchases: ABCDx63@44.25 ABACx63@44.25 ACCOx63@44.25 ACADx63@44.25 ADBEx63@44.25 

2011-03-28
Cash: 13.52
Held: ABCDx63@43.94 ABACx63@43.94 ACCOx63@43.94 ACADx63@43.94 ADBEx63@43.94 
Value: 13853.83
Sales: ABCDx63@43.94 ABACx63@43.94 ACCOx63@43.94 ACADx63@43.94 ADBEx63@43.94 
Purchases: ABCDx63@43.94 ABACx63@43.94 ACCOx63@43.94 ACADx63@43.94 ADBEx63@43.94 

2011-03-29
Cash: 13.52
Held: ABCDx63@44.78 ABACx63@44.78 ACCOx63@44.78 ACADx63@44.78 ADBEx63@44.78 
Value: 14119.61
Sales: ABCDx63@44.78 ABACx63@44.78 ACCOx63@44.78 ACADx63@44.78 ADBEx63@44.78 
Purchases: ABCDx63@44.78 ABACx63@44.78 ACCOx63@44.78 ACADx63@44.78 ADBEx63@44.78 

2011-03-30
Cash: 13.52
Held: ABCDx63@44.91 ABACx63@44.91 ACCOx63@44.91 ACADx63@44.91 ADBEx63@44.91 
Value: 14158.98
Sales: ABCDx63@44.91 ABACx63@44.91 ACCOx63@44.91 ACADx63@44.91 ADBEx63@44.91 
Purchases: ABCDx63@44.91 ABACx63@44.91 ACCOx63@44.91 ACADx63@44.91 ADBEx63@44.91 

2011-03-31
Cash: 13.52
Held: ABCDx63@44.88 ABACx63@44.88 ACCOx63@44.88 ACADx63@44.88 ADBEx63@44.88 
Value: 14149.14
Sales: ABCDx63@44.88 ABACx63@44.88 ACCOx63@44.88 ACADx63@44.88 ADBEx63@44.88 
Purchases: ABCDx63@44.88 ABACx63@44.88 ACCOx63@44.88 ACADx63@44.88 ADBEx63@44.88 

2011-04-03
Cash: 13.52
Held: ABCDx63@45.06 ABACx63@45.06 ACCOx63@45.06 ACADx63@45.06 ADBEx63@45.06 
Value: 14208.20
Sales: ABCDx63@45.06 ABACx63@45.06 ACCOx63@45.06 ACADx63@45.06 ADBEx63@45.06 
Purchases: ABCDx63@45.06 ABACx63@45.06 ACCOx63@45.06 ACADx63@45.06 ADBEx63@45.06 

2011-04-04
Cash: 13.52
Held: ABCDx63@44.75 ABACx63@44.75 ACCOx63@44.75 ACADx63@44.75 ADBEx63@44.75 
Value: 14109.77
Sales: ABCDx63@44.75 ABACx63@44.75 ACCOx63@44.75 ACADx63@44.75 ADBEx63@44.75 
Purchases: ABCDx63@44.75 ABACx63@44.75 ACCOx63@44.75 ACADx63@44.75 ADBEx63@44.75 

2011-04-05
Cash: 13.52
Held: ABCDx63@45.50 ABACx63@45.50 ACCOx63@45.50 ACADx63@45.50 ADBEx63@45.50 
Value: 14346.02
Sales: ABCDx63@45.50 ABACx63@45.50 ACCOx63@45.50 ACADx63@45.50 ADBEx63@45.50 
Purchases: ABCDx63@45.50 ABACx63@45.50 ACCOx63@45.50 ACADx63@45.50 ADBEx63@45.50 

2011-04-06
Cash: 13.52
Held: ABCDx63@45.22 ABACx63@45.22 ACCOx63@45.22 ACADx63@45.22 ADBEx63@45.22 
Value: 14257.42
Sales: ABCDx63@45.22 ABACx63@45.22 ACCOx63@45.22 ACADx63@45.22 ADBEx63@45.22 
Purchases: ABCDx63@45.22 ABACx63@45.22 ACCOx63@45.22 ACADx63@45.22 ADBEx63@45.22 

2011-04-07
Cash: 13.52
Held: ABCDx63@45.19 ABACx63@45.19 ACCOx63@45.19 ACADx63@45.19 ADBEx63@45.19 
Value: 14247.58
Sales: ABCDx63@45.19 ABACx63@45.19 ACCOx63@45.19 ACADx63@45.19 ADBEx63@45.19 
Purchases: ABCDx63@45.19 ABACx63@45.19 ACCOx63@45.19 ACADx63@45.19 ADBEx63@45.19 

2011-04-10
Cash: 13.52
Held: ABCDx63@44.81 ABACx63@44.81 ACCOx63@44.81 ACADx63@44.81 ADBEx63@44.81 
Value: 14129.45
Sales: ABCDx63@44.81 ABACx63@44.81 ACCOx63@44.81 ACADx63@44.81 ADBEx63@44.81 
Purchases: ABCDx63@44.81 ABACx63@44.81 ACCOx63@44.81 ACADx63@44.81 ADBEx63@44.81 

2011-04-11
Cash: 13.52
Held: ABCDx63@44.75 ABACx63@44.75 ACCOx63@44.75 ACADx63@44.75 ADBEx63@44.75 
Value: 14109.77
Sales: ABCDx63@44.75 ABACx63@44.75 ACCOx63@44.75 ACADx63@44.75 ADBEx63@44.75 
Purchases: ABCDx63@44.75 ABACx63@44.75 ACCOx63@44.75 ACADx63@44.75 ADBEx63@44.75 

2011-04-12
Cash: 13.52
Held: ABCDx63@45.22 ABACx63@45.22 ACCOx63@45.22 ACADx63@45.22 ADBEx63@45.22 
Value: 14257.42
Sales: ABCDx63@45.22 ABACx63@45.22 ACCOx63@45.22 ACADx63@45.22 ADBEx63@45.22 
Purchases: ABCDx63@45.22 ABACx63@45.22 ACCOx63@45.22 ACADx63@45.22 ADBEx63@45.22 

2011-04-13
Cash: 13.52
Held: ABCDx63@46.28 ABACx63@46.28 ACCOx63@46.28 ACADx63@46.28 ADBEx63@46.28 
Value: 14592.11
Sales: ABCDx63@46.28 ABACx63@46.28 ACCOx63@46.28 ACADx63@46.28 ADBEx63@46.28 
Purchases: ABCDx63@46.28 ABACx63@46.28 ACCOx63@46.28 ACADx63@46.28 ADBEx63@46.28 

2011-04-14
Cash: 13.52
Held: ABCDx63@46.62 ABACx63@46.62 ACCOx63@46.62 ACADx63@46.62 ADBEx63@46.62 
Value: 14700.39
Sales: ABCDx63@46.62 ABACx63@46.62 ACCOx63@46.62 ACADx63@46.62 ADBEx63@46.62 
Purchases: ABCDx63@46.62 ABACx63@46.62 ACCOx63@46.62 ACADx63@46.62 ADBEx63@46.62 

2011-04-17
Cash: 13.52
Held: ABCDx63@46.84 ABACx63@46.84 ACCOx63@46.84 ACADx63@46.84 ADBEx63@46.84 
Value: 14769.30
Sales: ABCDx63@46.84 ABACx63@46.84 ACCOx63@46.84 ACADx63@46.84 ADBEx63@46.84 
Purchases: ABCDx63@46.84 ABACx63@46.84 ACCOx63@46.84 ACADx63@46.84 ADBEx63@46.84 

2011-04-18
Cash: 13.52
Held: ABCDx63@46.72 ABACx63@46.72 ACCOx63@46.72 ACADx63@46.72 ADBEx63@46.72 
Value: 14729.92
Sales: ABCDx63@46.72 ABACx63@46.72 ACCOx63@46.72 ACADx63@46.72 ADBEx63@46.72 
Purchases: ABCDx63@46.72 ABACx63@46.72 ACCOx63@46.72 ACADx63@46.72 ADBEx63@46.72 

2011-04-19
Cash: 13.52
Held: ABCDx63@47.47 ABACx63@47.47 ACCOx63@47.47 ACADx63@47.47 ADBEx63@47.47 
Value: 14966.17
Sales: ABCDx63@47.47 ABACx63@47.47 ACCOx63@47.47 ACADx63@47.47 ADBEx63@47.47 
Purchases: ABCDx63@47.47 ABACx63@47.47 ACCOx63@47.47 ACADx63@47.47 ADBEx63@47.47 

2011-04-20
Cash: 13.52
Held: ABCDx63@48.94 ABACx63@48.94 ACCOx63@48.94 ACADx63@48.94 ADBEx63@48.94 
Value: 15428.83
Sales: ABCDx63@48.94 ABACx63@48.94 ACCOx63@48.94 ACADx63@48.94 ADBEx63@48.94 
Purchases: ABCDx63@48.94 ABACx63@48.94 ACCOx63@48.94 ACADx63@48.94 ADBEx63@48.94 

2011-04-24
Cash: 13.52
Held: ABCDx63@49.09 ABACx63@49.09 ACCOx63@49.09 ACADx63@49.09 ADBEx63@49.09 
Value: 15478.05
Sales: ABCDx63@49.09 ABACx63@49.09 ACCOx63@49.09 ACADx63@49.09 ADBEx63@49.09 
Purchases: ABCDx63@49.09 ABACx63@49.09 ACCOx63@49.09 ACADx63@49.09 ADBEx63@49.09 

2011-04-25
Cash: 13.52
Held: ABCDx63@48.44 ABACx63@48.44 ACCOx63@48.44 ACADx63@48.44 ADBEx63@48.44 
Value: 15271.33
Sales: ABCDx63@48.44 ABACx63@48.44 ACCOx63@48.44 ACADx63@48.44 ADBEx63@48.44 
Purchases: ABCDx63@48.44 ABACx63@48.44 ACCOx63@48.44 ACADx63@48.44 ADBEx63@48.44 

2011-04-26
Cash: 13.52
Held: ABCDx63@49.47 ABACx63@49.47 ACCOx63@49.47 ACADx63@49.47 ADBEx63@49.47 
Value: 15596.17
Sales: ABCDx63@49.47 ABACx63@49.47 ACCOx63@49.47 ACADx63@49.47 ADBEx63@49.47 
Purchases: ABCDx63@49.47 ABACx63@49.47 ACCOx63@49.47 ACADx63@49.47 ADBEx63@49.47 

2011-04-27
Cash: 13.52
Held: ABCDx63@49.84 ABACx63@49.84 ACCOx63@49.84 ACADx63@49.84 ADBEx63@49.84 
Value: 15714.30
Sales: ABCDx63@49.84 ABACx63@49.84 ACCOx63@49.84 ACADx63@49.84 ADBEx63@49.84 
Purchases: ABCDx63@49.84 ABACx63@49.84 ACCOx63@49.84 ACADx63@49.84 ADBEx63@49.84 

2011-04-28
Cash: 13.52
Held: ABCDx63@50.31 ABACx63@50.31 ACCOx63@50.31 ACADx63@50.31 ADBEx63@50.31 
Value: 15861.95
Sales: ABCDx63@50.31 ABACx63@50.31 ACCOx63@50.31 ACADx63@50.31 ADBEx63@50.31 
Purchases: ABCDx63@50.31 ABACx63@50.31 ACCOx63@50.31 ACADx63@50.31 ADBEx63@50.31 

2011-05-01
Cash: 13.52
Held: ABCDx63@50.25 ABACx63@50.25 ACCOx63@50.25 ACADx63@50.25 ADBEx63@50.25 
Value: 15842.27
Sales: ABCDx63@50.25 ABACx63@50.25 ACCOx63@50.25 ACADx63@50.25 ADBEx63@50.25 
Purchases: ABCDx63@50.25 ABACx63@50.25 ACCOx63@50.25 ACADx63@50.25 ADBEx63@50.25 

2011-05-02
Cash: 13.52
Held: ABCDx63@50.47 ABACx63@50.47 ACCOx63@50.47 ACADx63@50.47 ADBEx63@50.47 
Value: 15911.17
Sales: ABCDx63@50.47 ABACx63@50.47 ACCOx63@50.47 ACADx63@50.47 ADBEx63@50.47 
Purchases: ABCDx63@50.47 ABACx63@50.47 ACCOx63@50.47 ACADx63@50.47 ADBEx63@50.47 

2011-05-03
Cash: 13.52
Held: ABCDx63@50.56 ABACx63@50.56 ACCOx63@50.56 ACADx63@50.56 ADBEx63@50.56 
Value: 15940.70
Sales: ABCDx63@50.56 ABACx63@50.56 ACCOx63@50.56 ACADx63@50.56 ADBEx63@50.56 
Purchases: ABCDx63@50.56 ABACx63@50.56 ACCOx63@50.56 ACADx63@50.56 ADBEx63@50.56 

2011-05-04
Cash: 13.52
Held: ABCDx63@49.38 ABACx63@49.38 ACCOx63@49.38 ACADx63@49.38 ADBEx63@49.38 
Value: 15566.64
Sales: ABCDx63@49.38 ABACx63@49.38 ACCOx63@49.38 ACADx63@49.38 ADBEx63@49.38 
Purchases: ABCDx63@49.38 ABACx63@49.38 ACCOx63@49.38 ACADx63@49.38 ADBEx63@49.38 

2011-05-05
Cash: 13.52
Held: ABCDx63@50.00 ABACx63@50.00 ACCOx63@50.00 ACADx63@50.00 ADBEx63@50.00 
Value: 15763.52
Sales: ABCDx63@50.00 ABACx63@50.00 ACCOx63@50.00 ACADx63@50.00 ADBEx63@50.00 
Purchases: ABCDx63@50.00 ABACx63@50.00 ACCOx63@50.00 ACADx63@50.00 ADBEx63@50.00 

2011-05-08
Cash: 13.52
Held: ABCDx63@49.84 ABACx63@49.84 ACCOx63@49.84 ACADx63@49.84 ADBEx63@49.84 
Value: 15714.30
Sales: ABCDx63@49.84 ABACx63@49.84 ACCOx63@49.84 ACADx63@49.84 ADBEx63@49.84 
Purchases: ABCDx63@49.84 ABACx63@49.84 ACCOx63@49.84 ACADx63@49.84 ADBEx63@49.84 

2011-05-09
Cash: 13.52
Held: ABCDx63@50.09 ABACx63@50.09 ACCOx63@50.09 ACADx63@50.09 ADBEx63@50.09 
Value: 15793.05
Sales: ABCDx63@50.09 ABACx63@50.09 ACCOx63@50.09 ACADx63@50.09 ADBEx63@50.09 
Purchases: ABCDx63@50.09 ABACx63@50.09 ACCOx63@50.09 ACADx63@50.09 ADBEx63@50.09 

2011-05-10
Cash: 13.52
Held: ABCDx63@50.50 ABACx63@50.50 ACCOx63@50.50 ACADx63@50.50 ADBEx63@50.50 
Value: 15921.02
Sales: ABCDx63@50.50 ABACx63@50.50 ACCOx63@50.50 ACADx63@50.50 ADBEx63@50.50 
Purchases: ABCDx63@50.50 ABACx63@50.50 ACCOx63@50.50 ACADx63@50.50 ADBEx63@50.50 

2011-05-11
Cash: 13.52
Held: ABCDx63@49.84 ABACx63@49.84 ACCOx63@49.84 ACADx63@49.84 ADBEx63@49.84 
Value: 15714.30
Sales: ABCDx63@49.84 ABACx63@49.84 ACCOx63@49.84 ACADx63@49.84 ADBEx63@49.84 
Purchases: ABCDx63@49.84 ABACx63@49.84 ACCOx63@49.84 ACADx63@49.84 ADBEx63@49.84 

2011-05-12
Cash: 13.52
Held: ABCDx63@54.06 ABACx63@54.06 ACCOx63@54.06 ACADx63@54.06 ADBEx63@54.06 
Value: 17043.20
Sales: ABCDx63@54.06 ABACx63@54.06 ACCOx63@54.06 ACADx63@54.06 ADBEx63@54.06 
Purchases: ABCDx63@54.06 ABACx63@54.06 ACCOx63@54.06 ACADx63@54.06 ADBEx63@54.06 

2011-05-15
Cash: 13.52
Held: ABCDx63@52.19 ABACx63@52.19 ACCOx63@52.19 ACADx63@52.19 ADBEx63@52.19 
Value: 16452.58
Sales: ABCDx63@52.19 ABACx63@52.19 ACCOx63@52.19 ACADx63@52.19 ADBEx63@52.19 
Purchases: ABCDx63@52.19 ABACx63@52.19 ACCOx63@52.19 ACADx63@52.19 ADBEx63@52.19 

2011-05-16
Cash: 13.52
Held: ABCDx63@51.69 ABACx63@51.69 ACCOx63@51.69 ACADx63@51.69 ADBEx63@51.69 
Value: 16295.08
Sales: ABCDx63@51.69 ABACx63@51.69 ACCOx63@51.69 ACADx63@51.69 ADBEx63@51.69 
Purchases: ABCDx63@51.69 ABACx63@51.69 ACCOx63@51.69 ACADx63@51.69 ADBEx63@51.69 

2011-05-17
Cash: 13.52
Held: ABCDx63@51.12 ABACx63@51.12 ACCOx63@51.12 ACADx63@51.12 ADBEx63@51.12 
Value: 16117.89
Sales: ABCDx63@51.12 ABACx63@51.12 ACCOx63@51.12 ACADx63@51.12 ADBEx63@51.12 
Purchases: ABCDx63@51.12 ABACx63@51.12 ACCOx63@51.12 ACADx63@51.12 ADBEx63@51.12 

2011-05-18
Cash: 13.52
Held: ABCDx63@51.94 ABACx63@51.94 ACCOx63@51.94 ACADx63@51.94 ADBEx63@51.94 
Value: 16373.83
Sales: ABCDx63@51.94 ABACx63@51.94 ACCOx63@51.94 ACADx63@51.94 ADBEx63@51.94 
Purchases: ABCDx63@51.94 ABACx63@51.94 ACCOx63@51.94 ACADx63@51.94 ADBEx63@51.94 

2011-05-19
Cash: 13.52
Held: ABCDx63@51.16 ABACx63@51.16 ACCOx63@51.16 ACADx63@51.16 ADBEx63@51.16 
Value: 16127.73
Sales: ABCDx63@51.16 ABACx63@51.16 ACCOx63@51.16 ACADx63@51.16 ADBEx63@51.16 
Purchases: ABCDx63@51.16 ABACx63@51.16 ACCOx63@51.16 ACADx63@51.16 ADBEx63@51.16 

2011-05-22
Cash: 13.52
Held: ABCDx63@49.81 ABACx63@49.81 ACCOx63@49.81 ACADx63@49.81 ADBEx63@49.81 
Value: 15704.45
Sales: ABCDx63@49.81 ABACx63@49.81 ACCOx63@49.81 ACADx63@49.81 ADBEx63@49.81 
Purchases: ABCDx63@49.81 ABACx63@49.81 ACCOx63@49.81 ACADx63@49.81 ADBEx63@49.81 

2011-05-23
Cash: 13.52
Held: ABCDx63@49.25 ABACx63@49.25 ACCOx63@49.25 ACADx63@49.25 ADBEx63@49.25 
Value: 15527.27
Sales: ABCDx63@49.25 ABACx63@49.25 ACCOx63@49.25 ACADx63@49.25 ADBEx63@49.25 
Purchases: ABCDx63@49.25 ABACx63@49.25 ACCOx63@49.25 ACADx63@49.25 ADBEx63@49.25 

2011-05-24
Cash: 13.52
Held: ABCDx63@48.25 ABACx63@48.25 ACCOx63@48.25 ACADx63@48.25 ADBEx63@48.25 
Value: 15212.27
Sales: ABCDx63@48.25 ABACx63@48.25 ACCOx63@48.25 ACADx63@48.25 ADBEx63@48.25 
Purchases: ABCDx63@48.25 ABACx63@48.25 ACCOx63@48.25 ACADx63@48.25 ADBEx63@48.25 

2011-05-25
Cash: 13.52
Held: ABCDx63@48.72 ABACx63@48.72 ACCOx63@48.72 ACADx63@48.72 ADBEx63@48.72 
Value: 15359.92
Sales: ABCDx63@48.72 ABACx63@48.72 ACCOx63@48.72 ACADx63@48.72 ADBEx63@48.72 
Purchases: ABCDx63@48.72 ABACx63@48.72 ACCOx63@48.72 ACADx63@48.72 ADBEx63@48.72 

