2010-10-27
Cash: 10000.00
Held: 
Value: 10000.00
Sales: 
Purchases: ABCDx56@35.12 ABACx56@35.12 ACCOx56@35.12 ACADx56@35.12 ADBEx56@35.12 

2010-10-28
Cash: 165.00
Held: ABCDx56@34.81 ABACx56@34.81 ACCOx56@34.81 ACADx56@34.81 ADBEx56@34.81 
Value: 9912.50
Sales: ABCDx56@34.81 ABACx56@34.81 ACCOx56@34.81 ACADx56@34.81 ADBEx56@34.81 
Purchases: ABCDx56@34.81 ABACx56@34.81 ACCOx56@34.81 ACADx56@34.81 ADBEx56@34.81 

2010-10-31
Cash: 165.00
Held: ABCDx56@34.94 ABACx56@34.94 ACCOx56@34.94 ACADx56@34.94 ADBEx56@34.94 
Value: 9947.50
Sales: ABCDx56@34.94 ABACx56@34.94 ACCOx56@34.94 ACADx56@34.94 ADBEx56@34.94 
Purchases: ABCDx56@34.94 ABACx56@34.94 ACCOx56@34.94 ACADx56@34.94 ADBEx56@34.94 

2010-11-01
Cash: 165.00
Held: ABCDx56@34.97 ABACx56@34.97 ACCOx56@34.97 ACADx56@34.97 ADBEx56@34.97 
Value: 9956.25
Sales: ABCDx56@34.97 ABACx56@34.97 ACCOx56@34.97 ACADx56@34.97 ADBEx56@34.97 
Purchases: ABCDx56@34.97 ABACx56@34.97 ACCOx56@34.97 ACADx56@34.97 ADBEx56@34.97 

2010-11-02
Cash: 165.00
Held: ABCDx56@35.19 ABACx56@35.19 ACCOx56@35.19 ACADx56@35.19 ADBEx56@35.19 
Value: 10017.50
Sales: ABCDx56@35.19 ABACx56@35.19 ACCOx56@35.19 ACADx56@35.19 ADBEx56@35.19 
Purchases: ABCDx56@35.19 ABACx56@35.19 ACCOx56@35.19 ACADx56@35.19 ADBEx56@35.19 

2010-11-03
Cash: 165.00
Held: ABCDx56@35.50 ABACx56@35.50 ACCOx56@35.50 ACADx56@35.50 ADBEx56@35.50 
Value: 10105.00
Sales: ABCDx56@35.50 ABACx56@35.50 ACCOx56@35.50 ACADx56@35.50 ADBEx56@35.50 
Purchases: ABCDx56@35.50 ABACx56@35.50 ACCOx56@35.50 ACADx56@35.50 ADBEx56@35.50 

2010-11-04
Cash: 165.00
Held: ABCDx56@35.97 ABACx56@35.97 ACCOx56@35.97 ACADx56@35.97 ADBEx56@35.97 
Value: 10236.25
Sales: ABCDx56@35.97 ABACx56@35.97 ACCOx56@35.97 ACADx56@35.97 ADBEx56@35.97 
Purchases: ABCDx56@35.97 ABACx56@35.97 ACCOx56@35.97 ACADx56@35.97 ADBEx56@35.97 

2010-11-07
Cash: 165.00
Held: ABCDx56@36.16 ABACx56@36.16 ACCOx56@36.16 ACADx56@36.16 ADBEx56@36.16 
Value: 10288.75
Sales: ABCDx56@36.16 ABACx56@36.16 ACCOx56@36.16 ACADx56@36.16 ADBEx56@36.16 
Purchases: ABCDx56@36.16 ABACx56@36.16 ACCOx56@36.16 ACADx56@36.16 ADBEx56@36.16 

2010-11-08
Cash: 165.00
Held: ABCDx56@36.19 ABACx56@36.19 ACCOx56@36.19 ACADx56@36.19 ADBEx56@36.19 
Value: 10297.50
Sales: ABCDx56@36.19 ABACx56@36.19 ACCOx56@36.19 ACADx56@36.19 ADBEx56@36.19 
Purchases: ABCDx56@36.19 ABACx56@36.19 ACCOx56@36.19 ACADx56@36.19 ADBEx56@36.19 

2010-11-09
Cash: 165.00
Held: ABCDx56@35.47 ABACx56@35.47 ACCOx56@35.47 ACADx56@35.47 ADBEx56@35.47 
Value: 10096.25
Sales: ABCDx56@35.47 ABACx56@35.47 ACCOx56@35.47 ACADx56@35.47 ADBEx56@35.47 
Purchases: ABCDx56@35.47 ABACx56@35.47 ACCOx56@35.47 ACADx56@35.47 ADBEx56@35.47 

2010-11-10
Cash: 165.00
Held: ABCDx56@34.81 ABACx56@34.81 ACCOx56@34.81 ACADx56@34.81 ADBEx56@34.81 
Value: 9912.50
Sales: ABCDx56@34.81 ABACx56@34.81 ACCOx56@34.81 ACADx56@34.81 ADBEx56@34.81 
Purchases: ABCDx56@34.81 ABACx56@34.81 ACCOx56@34.81 ACADx56@34.81 ADBEx56@34.81 

2010-11-11
Cash: 165.00
Held: ABCDx56@35.91 ABACx56@35.91 ACCOx56@35.91 ACADx56@35.91 ADBEx56@35.91 
Value: 10218.75
Sales: ABCDx56@35.91 ABACx56@35.91 ACCOx56@35.91 ACADx56@35.91 ADBEx56@35.91 
Purchases: ABCDx56@35.91 ABACx56@35.91 ACCOx56@35.91 ACADx56@35.91 ADBEx56@35.91 

2010-11-14
Cash: 165.00
Held: ABCDx56@36.53 ABACx56@36.53 ACCOx56@36.53 ACADx56@36.53 ADBEx56@36.53 
Value: 10393.75
Sales: ABCDx56@36.53 ABACx56@36.53 ACCOx56@36.53 ACADx56@36.53 ADBEx56@36.53 
Purchases: ABCDx56@36.53 ABACx56@36.53 ACCOx56@36.53 ACADx56@36.53 ADBEx56@36.53 

2010-11-15
Cash: 165.00
Held: ABCDx56@35.81 ABACx56@35.81 ACCOx56@35.81 ACADx56@35.81 ADBEx56@35.81 
Value: 10192.50
Sales: ABCDx56@35.81 ABACx56@35.81 ACCOx56@35.81 ACADx56@35.81 ADBEx56@35.81 
Purchases: ABCDx56@35.81 ABACx56@35.81 ACCOx56@35.81 ACADx56@35.81 ADBEx56@35.81 

2010-11-16
Cash: 165.00
Held: ABCDx56@35.00 ABACx56@35.00 ACCOx56@35.00 ACADx56@35.00 ADBEx56@35.00 
Value: 9965.00
Sales: ABCDx56@35.00 ABACx56@35.00 ACCOx56@35.00 ACADx56@35.00 ADBEx56@35.00 
Purchases: ABCDx56@35.00 ABACx56@35.00 ACCOx56@35.00 ACADx56@35.00 ADBEx56@35.00 

2010-11-17
Cash: 165.00
Held: ABCDx56@35.62 ABACx56@35.62 ACCOx56@35.62 ACADx56@35.62 ADBEx56@35.62 
Value: 10140.00
Sales: ABCDx56@35.62 ABACx56@35.62 ACCOx56@35.62 ACADx56@35.62 ADBEx56@35.62 
Purchases: ABCDx56@35.62 ABACx56@35.62 ACCOx56@35.62 ACADx56@35.62 ADBEx56@35.62 

2010-11-18
Cash: 165.00
Held: ABCDx56@36.16 ABACx56@36.16 ACCOx56@36.16 ACADx56@36.16 ADBEx56@36.16 
Value: 10288.75
Sales: ABCDx56@36.16 ABACx56@36.16 ACCOx56@36.16 ACADx56@36.16 ADBEx56@36.16 
Purchases: ABCDx56@36.16 ABACx56@36.16 ACCOx56@36.16 ACADx56@36.16 ADBEx56@36.16 

2010-11-21
Cash: 165.00
Held: ABCDx56@36.16 ABACx56@36.16 ACCOx56@36.16 ACADx56@36.16 ADBEx56@36.16 
Value: 10288.75
Sales: ABCDx56@36.16 ABACx56@36.16 ACCOx56@36.16 ACADx56@36.16 ADBEx56@36.16 
Purchases: ABCDx56@36.16 ABACx56@36.16 ACCOx56@36.16 ACADx56@36.16 ADBEx56@36.16 

2010-11-22
Cash: 165.00
Held: ABCDx56@35.88 ABACx56@35.88 ACCOx56@35.88 ACADx56@35.88 ADBEx56@35.88 
Value: 10210.00
Sales: ABCDx56@35.88 ABACx56@35.88 ACCOx56@35.88 ACADx56@35.88 ADBEx56@35.88 
Purchases: ABCDx56@35.88 ABACx56@35.88 ACCOx56@35.88 ACADx56@35.88 ADBEx56@35.88 

2010-11-23
Cash: 165.00
Held: ABCDx56@35.62 ABACx56@35.62 ACCOx56@35.62 ACADx56@35.62 ADBEx56@35.62 
Value: 10140.00
Sales: ABCDx56@35.62 ABACx56@35.62 ACCOx56@35.62 ACADx56@35.62 ADBEx56@35.62 
Purchases: ABCDx56@35.62 ABACx56@35.62 ACCOx56@35.62 ACADx56@35.62 ADBEx56@35.62 

2010-11-25
Cash: 165.00
Held: ABCDx56@35.97 ABACx56@35.97 ACCOx56@35.97 ACADx56@35.97 ADBEx56@35.97 
Value: 10236.25
Sales: ABCDx56@35.97 ABACx56@35.97 ACCOx56@35.97 ACADx56@35.97 ADBEx56@35.97 
Purchases: ABCDx56@35.97 ABACx56@35.97 ACCOx56@35.97 ACADx56@35.97 ADBEx56@35.97 

2010-11-28
Cash: 165.00
Held: ABCDx56@35.94 ABACx56@35.94 ACCOx56@35.94 ACADx56@35.94 ADBEx56@35.94 
Value: 10227.50
Sales: ABCDx56@35.94 ABACx56@35.94 ACCOx56@35.94 ACADx56@35.94 ADBEx56@35.94 
Purchases: ABCDx56@35.94 ABACx56@35.94 ACCOx56@35.94 ACADx56@35.94 ADBEx56@35.94 

2010-11-29
Cash: 165.00
Held: ABCDx56@35.22 ABACx56@35.22 ACCOx56@35.22 ACADx56@35.22 ADBEx56@35.22 
Value: 10026.25
Sales: ABCDx56@35.22 ABACx56@35.22 ACCOx56@35.22 ACADx56@35.22 ADBEx56@35.22 
Purchases: ABCDx56@35.22 ABACx56@35.22 ACCOx56@35.22 ACADx56@35.22 ADBEx56@35.22 

2010-11-30
Cash: 165.00
Held: ABCDx56@35.66 ABACx56@35.66 ACCOx56@35.66 ACADx56@35.66 ADBEx56@35.66 
Value: 10148.75
Sales: ABCDx56@35.66 ABACx56@35.66 ACCOx56@35.66 ACADx56@35.66 ADBEx56@35.66 
Purchases: ABCDx56@35.66 ABACx56@35.66 ACCOx56@35.66 ACADx56@35.66 ADBEx56@35.66 

2010-12-01
Cash: 165.00
Held: ABCDx56@35.97 ABACx56@35.97 ACCOx56@35.97 ACADx56@35.97 ADBEx56@35.97 
Value: 10236.25
Sales: ABCDx56@35.97 ABACx56@35.97 ACCOx56@35.97 ACADx56@35.97 ADBEx56@35.97 
Purchases: ABCDx56@35.97 ABACx56@35.97 ACCOx56@35.97 ACADx56@35.97 ADBEx56@35.97 

2010-12-02
Cash: 165.00
Held: ABCDx56@36.50 ABACx56@36.50 ACCOx56@36.50 ACADx56@36.50 ADBEx56@36.50 
Value: 10385.00
Sales: ABCDx56@36.50 ABACx56@36.50 ACCOx56@36.50 ACADx56@36.50 ADBEx56@36.50 
Purchases: ABCDx56@36.50 ABACx56@36.50 ACCOx56@36.50 ACADx56@36.50 ADBEx56@36.50 

2010-12-05
Cash: 165.00
Held: ABCDx56@37.31 ABACx56@37.31 ACCOx56@37.31 ACADx56@37.31 ADBEx56@37.31 
Value: 10612.50
Sales: ABCDx56@37.31 ABACx56@37.31 ACCOx56@37.31 ACADx56@37.31 ADBEx56@37.31 
Purchases: ABCDx56@37.31 ABACx56@37.31 ACCOx56@37.31 ACADx56@37.31 ADBEx56@37.31 

2010-12-06
Cash: 165.00
Held: ABCDx56@37.59 ABACx56@37.59 ACCOx56@37.59 ACADx56@37.59 ADBEx56@37.59 
Value: 10691.25
Sales: ABCDx56@37.59 ABACx56@37.59 ACCOx56@37.59 ACADx56@37.59 ADBEx56@37.59 
Purchases: ABCDx56@37.59 ABACx56@37.59 ACCOx56@37.59 ACADx56@37.59 ADBEx56@37.59 

2010-12-07
Cash: 165.00
Held: ABCDx56@37.59 ABACx56@37.59 ACCOx56@37.59 ACADx56@37.59 ADBEx56@37.59 
Value: 10691.25
Sales: ABCDx56@37.59 ABACx56@37.59 ACCOx56@37.59 ACADx56@37.59 ADBEx56@37.59 
Purchases: ABCDx56@37.59 ABACx56@37.59 ACCOx56@37.59 ACADx56@37.59 ADBEx56@37.59 

2010-12-08
Cash: 165.00
Held: ABCDx56@37.84 ABACx56@37.84 ACCOx56@37.84 ACADx56@37.84 ADBEx56@37.84 
Value: 10761.25
Sales: ABCDx56@37.84 ABACx56@37.84 ACCOx56@37.84 ACADx56@37.84 ADBEx56@37.84 
Purchases: ABCDx56@37.84 ABACx56@37.84 ACCOx56@37.84 ACADx56@37.84 ADBEx56@37.84 

2010-12-09
Cash: 165.00
Held: ABCDx56@38.00 ABACx56@38.00 ACCOx56@38.00 ACADx56@38.00 ADBEx56@38.00 
Value: 10805.00
Sales: ABCDx56@38.00 ABACx56@38.00 ACCOx56@38.00 ACADx56@38.00 ADBEx56@38.00 
Purchases: ABCDx56@38.00 ABACx56@38.00 ACCOx56@38.00 ACADx56@38.00 ADBEx56@38.00 

2010-12-12
Cash: 165.00
Held: ABCDx56@38.53 ABACx56@38.53 ACCOx56@38.53 ACADx56@38.53 ADBEx56@38.53 
Value: 10953.75
Sales: ABCDx56@38.53 ABACx56@38.53 ACCOx56@38.53 ACADx56@38.53 ADBEx56@38.53 
Purchases: ABCDx56@38.53 ABACx56@38.53 ACCOx56@38.53 ACADx56@38.53 ADBEx56@38.53 

2010-12-13
Cash: 165.00
Held: ABCDx56@38.81 ABACx56@38.81 ACCOx56@38.81 ACADx56@38.81 ADBEx56@38.81 
Value: 11032.50
Sales: ABCDx56@38.81 ABACx56@38.81 ACCOx56@38.81 ACADx56@38.81 ADBEx56@38.81 
Purchases: ABCDx56@38.81 ABACx56@38.81 ACCOx56@38.81 ACADx56@38.81 ADBEx56@38.81 

2010-12-14
Cash: 165.00
Held: ABCDx56@39.00 ABACx56@39.00 ACCOx56@39.00 ACADx56@39.00 ADBEx56@39.00 
Value: 11085.00
Sales: ABCDx56@39.00 ABACx56@39.00 ACCOx56@39.00 ACADx56@39.00 ADBEx56@39.00 
Purchases: ABCDx56@39.00 ABACx56@39.00 ACCOx56@39.00 ACADx56@39.00 ADBEx56@39.00 

2010-12-15
Cash: 165.00
Held: ABCDx56@38.62 ABACx56@38.62 ACCOx56@38.62 ACADx56@38.62 ADBEx56@38.62 
Value: 10980.00
Sales: ABCDx56@38.62 ABACx56@38.62 ACCOx56@38.62 ACADx56@38.62 ADBEx56@38.62 
Purchases: ABCDx56@38.62 ABACx56@38.62 ACCOx56@38.62 ACADx56@38.62 ADBEx56@38.62 

2010-12-16
Cash: 165.00
Held: ABCDx56@39.75 ABACx56@39.75 ACCOx56@39.75 ACADx56@39.75 ADBEx56@39.75 
Value: 11295.00
Sales: ABCDx56@39.75 ABACx56@39.75 ACCOx56@39.75 ACADx56@39.75 ADBEx56@39.75 
Purchases: ABCDx56@39.75 ABACx56@39.75 ACCOx56@39.75 ACADx56@39.75 ADBEx56@39.75 

2010-12-19
Cash: 165.00
Held: ABCDx56@40.09 ABACx56@40.09 ACCOx56@40.09 ACADx56@40.09 ADBEx56@40.09 
Value: 11391.25
Sales: ABCDx56@40.09 ABACx56@40.09 ACCOx56@40.09 ACADx56@40.09 ADBEx56@40.09 
Purchases: ABCDx56@40.09 ABACx56@40.09 ACCOx56@40.09 ACADx56@40.09 ADBEx56@40.09 

2010-12-20
Cash: 165.00
Held: ABCDx56@40.66 ABACx56@40.66 ACCOx56@40.66 ACADx56@40.66 ADBEx56@40.66 
Value: 11548.75
Sales: ABCDx56@40.66 ABACx56@40.66 ACCOx56@40.66 ACADx56@40.66 ADBEx56@40.66 
Purchases: ABCDx56@40.66 ABACx56@40.66 ACCOx56@40.66 ACADx56@40.66 ADBEx56@40.66 

2010-12-21
Cash: 165.00
Held: ABCDx56@40.66 ABACx56@40.66 ACCOx56@40.66 ACADx56@40.66 ADBEx56@40.66 
Value: 11548.75
Sales: ABCDx56@40.66 ABACx56@40.66 ACCOx56@40.66 ACADx56@40.66 ADBEx56@40.66 
Purchases: ABCDx56@40.66 ABACx56@40.66 ACCOx56@40.66 ACADx56@40.66 ADBEx56@40.66 

2010-12-22
Cash: 165.00
Held: ABCDx56@40.91 ABACx56@40.91 ACCOx56@40.91 ACADx56@40.91 ADBEx56@40.91 
Value: 11618.75
Sales: ABCDx56@40.91 ABACx56@40.91 ACCOx56@40.91 ACADx56@40.91 ADBEx56@40.91 
Purchases: ABCDx56@40.91 ABACx56@40.91 ACCOx56@40.91 ACADx56@40.91 ADBEx56@40.91 

2010-12-26
Cash: 165.00
Held: ABCDx56@40.88 ABACx56@40.88 ACCOx56@40.88 ACADx56@40.88 ADBEx56@40.88 
Value: 11610.00
Sales: ABCDx56@40.88 ABACx56@40.88 ACCOx56@40.88 ACADx56@40.88 ADBEx56@40.88 
Purchases: ABCDx56@40.88 ABACx56@40.88 ACCOx56@40.88 ACADx56@40.88 ADBEx56@40.88 

2010-12-27
Cash: 165.00
Held: ABCDx56@41.94 ABACx56@41.94 ACCOx56@41.94 ACADx56@41.94 ADBEx56@41.94 
Value: 11907.50
Sales: ABCDx56@41.94 ABACx56@41.94 ACCOx56@41.94 ACADx56@41.94 ADBEx56@41.94 
Purchases: ABCDx56@41.94 ABACx56@41.94 ACCOx56@41.94 ACADx56@41.94 ADBEx56@41.94 

2010-12-28
Cash: 165.00
Held: ABCDx56@41.53 ABACx56@41.53 ACCOx56@41.53 ACADx56@41.53 ADBEx56@41.53 
Value: 11793.75
Sales: ABCDx56@41.53 ABACx56@41.53 ACCOx56@41.53 ACADx56@41.53 ADBEx56@41.53 
Purchases: ABCDx56@41.53 ABACx56@41.53 ACCOx56@41.53 ACADx56@41.53 ADBEx56@41.53 

2010-12-29
Cash: 165.00
Held: ABCDx56@41.62 ABACx56@41.62 ACCOx56@41.62 ACADx56@41.62 ADBEx56@41.62 
Value: 11820.00
Sales: ABCDx56@41.62 ABACx56@41.62 ACCOx56@41.62 ACADx56@41.62 ADBEx56@41.62 
Purchases: ABCDx56@41.62 ABACx56@41.62 ACCOx56@41.62 ACADx56@41.62 ADBEx56@41.62 

2010-12-30
Cash: 165.00
Held: ABCDx56@41.44 ABACx56@41.44 ACCOx56@41.44 ACADx56@41.44 ADBEx56@41.44 
Value: 11767.50
Sales: ABCDx56@41.44 ABACx56@41.44 ACCOx56@41.44 ACADx56@41.44 ADBEx56@41.44 
Purchases: ABCDx56@41.44 ABACx56@41.44 ACCOx56@41.44 ACADx56@41.44 ADBEx56@41.44 

2011-01-02
Cash: 165.00
Held: ABCDx56@41.56 ABACx56@41.56 ACCOx56@41.56 ACADx56@41.56 ADBEx56@41.56 
Value: 11802.50
Sales: ABCDx56@41.56 ABACx56@41.56 ACCOx56@41.56 ACADx56@41.56 ADBEx56@41.56 
Purchases: ABCDx56@41.56 ABACx56@41.56 ACCOx56@41.56 ACADx56@41.56 ADBEx56@41.56 

2011-01-03
Cash: 165.00
Held: ABCDx56@42.00 ABACx56@42.00 ACCOx56@42.00 ACADx56@42.00 ADBEx56@42.00 
Value: 11925.00
Sales: ABCDx56@42.00 ABACx56@42.00 ACCOx56@42.00 ACADx56@42.00 ADBEx56@42.00 
Purchases: ABCDx56@42.00 ABACx56@42.00 ACCOx56@42.00 ACADx56@42.00 ADBEx56@42.00 

2011-01-04
Cash: 165.00
Held: ABCDx56@41.25 ABACx56@41.25 ACCOx56@41.25 ACADx56@41.25 ADBEx56@41.25 
Value: 11715.00
Sales: ABCDx56@41.25 ABACx56@41.25 ACCOx56@41.25 ACADx56@41.25 ADBEx56@41.25 
Purchases: ABCDx56@41.25 ABACx56@41.25 ACCOx56@41.25 ACADx56@41.25 ADBEx56@41.25 

2011-01-05
Cash: 165.00
Held: ABCDx56@41.38 ABACx56@41.38 ACCOx56@41.38 ACADx56@41.38 ADBEx56@41.38 
Value: 11750.00
Sales: ABCDx56@41.38 ABACx56@41.38 ACCOx56@41.38 ACADx56@41.38 ADBEx56@41.38 
Purchases: ABCDx56@41.38 ABACx56@41.38 ACCOx56@41.38 ACADx56@41.38 ADBEx56@41.38 

2011-01-06
Cash: 165.00
Held: ABCDx56@41.53 ABACx56@41.53 ACCOx56@41.53 ACADx56@41.53 ADBEx56@41.53 
Value: 11793.75
Sales: ABCDx56@41.53 ABACx56@41.53 ACCOx56@41.53 ACADx56@41.53 ADBEx56@41.53 
Purchases: ABCDx56@41.53 ABACx56@41.53 ACCOx56@41.53 ACADx56@41.53 ADBEx56@41.53 

2011-01-09
Cash: 165.00
Held: ABCDx56@41.41 ABACx56@41.41 ACCOx56@41.41 ACADx56@41.41 ADBEx56@41.41 
Value: 11758.75
Sales: ABCDx56@41.41 ABACx56@41.41 ACCOx56@41.41 ACADx56@41.41 ADBEx56@41.41 
Purchases: ABCDx56@41.41 ABACx56@41.41 ACCOx56@41.41 ACADx56@41.41 ADBEx56@41.41 

2011-01-10
Cash: 165.00
Held: ABCDx56@42.53 ABACx56@42.53 ACCOx56@42.53 ACADx56@42.53 ADBEx56@42.53 
Value: 12073.75
Sales: ABCDx56@42.53 ABACx56@42.53 ACCOx56@42.53 ACADx56@42.53 ADBEx56@42.53 
Purchases: ABCDx56@42.53 ABACx56@42.53 ACCOx56@42.53 ACADx56@42.53 ADBEx56@42.53 

2011-01-11
Cash: 165.00
Held: ABCDx56@43.19 ABACx56@43.19 ACCOx56@43.19 ACADx56@43.19 ADBEx56@43.19 
Value: 12257.50
Sales: ABCDx56@43.19 ABACx56@43.19 ACCOx56@43.19 ACADx56@43.19 ADBEx56@43.19 
Purchases: ABCDx56@43.19 ABACx56@43.19 ACCOx56@43.19 ACADx56@43.19 ADBEx56@43.19 

2011-01-12
Cash: 165.00
Held: ABCDx56@42.88 ABACx56@42.88 ACCOx56@42.88 ACADx56@42.88 ADBEx56@42.88 
Value: 12170.00
Sales: ABCDx56@42.88 ABACx56@42.88 ACCOx56@42.88 ACADx56@42.88 ADBEx56@42.88 
Purchases: ABCDx56@42.88 ABACx56@42.88 ACCOx56@42.88 ACADx56@42.88 ADBEx56@42.88 

2011-01-13
Cash: 165.00
Held: ABCDx56@42.78 ABACx56@42.78 ACCOx56@42.78 ACADx56@42.78 ADBEx56@42.78 
Value: 12143.75
Sales: ABCDx56@42.78 ABACx56@42.78 ACCOx56@42.78 ACADx56@42.78 ADBEx56@42.78 
Purchases: ABCDx56@42.78 ABACx56@42.78 ACCOx56@42.78 ACADx56@42.78 ADBEx56@42.78 

2011-01-17
Cash: 165.00
Held: ABCDx56@43.38 ABACx56@43.38 ACCOx56@43.38 ACADx56@43.38 ADBEx56@43.38 
Value: 12310.00
Sales: ABCDx56@43.38 ABACx56@43.38 ACCOx56@43.38 ACADx56@43.38 ADBEx56@43.38 
Purchases: ABCDx56@43.38 ABACx56@43.38 ACCOx56@43.38 ACADx56@43.38 ADBEx56@43.38 

2011-01-18
Cash: 165.00
Held: ABCDx56@44.22 ABACx56@44.22 ACCOx56@44.22 ACADx56@44.22 ADBEx56@44.22 
Value: 12546.25
Sales: ABCDx56@44.22 ABACx56@44.22 ACCOx56@44.22 ACADx56@44.22 ADBEx56@44.22 
Purchases: ABCDx56@44.22 ABACx56@44.22 ACCOx56@44.22 ACADx56@44.22 ADBEx56@44.22 

2011-01-19
Cash: 165.00
Held: ABCDx56@41.94 ABACx56@41.94 ACCOx56@41.94 ACADx56@41.94 ADBEx56@41.94 
Value: 11907.50
Sales: ABCDx56@41.94 ABACx56@41.94 ACCOx56@41.94 ACADx56@41.94 ADBEx56@41.94 
Purchases: ABCDx56@41.94 ABACx56@41.94 ACCOx56@41.94 ACADx56@41.94 ADBEx56@41.94 

2011-01-20
Cash: 165.00
Held: ABCDx56@42.50 ABACx56@42.50 ACCOx56@42.50 ACADx56@42.50 ADBEx56@42.50 
Value: 12065.00
Sales: ABCDx56@42.50 ABACx56@42.50 ACCOx56@42.50 ACADx56@42.50 ADBEx56@42.50 
Purchases: ABCDx56@42.50 ABACx56@42.50 ACCOx56@42.50 ACADx56@42.50 ADBEx56@42.50 

2011-01-23
Cash: 165.00
Held: ABCDx56@42.19 ABACx56@42.19 ACCOx56@42.19 ACADx56@42.19 ADBEx56@42.19 
Value: 11977.50
Sales: ABCDx56@42.19 ABACx56@42.19 ACCOx56@42.19 ACADx56@42.19 ADBEx56@42.19 
Purchases: ABCDx56@42.19 ABACx56@42.19 ACCOx56@42.19 ACADx56@42.19 ADBEx56@42.19 

2011-01-24
Cash: 165.00
Held: ABCDx56@42.78 ABACx56@42.78 ACCOx56@42.78 ACADx56@42.78 ADBEx56@42.78 
Value: 12143.75
Sales: ABCDx56@42.78 ABACx56@42.78 ACCOx56@42.78 ACADx56@42.78 ADBEx56@42.78 
Purchases: ABCDx56@42.78 ABACx56@42.78 ACCOx56@42.78 ACADx56@42.78 ADBEx56@42.78 

2011-01-25
Cash: 165.00
Held: ABCDx56@42.81 ABACx56@42.81 ACCOx56@42.81 ACADx56@42.81 ADBEx56@42.81 
Value: 12152.50
Sales: ABCDx56@42.81 ABACx56@42.81 ACCOx56@42.81 ACADx56@42.81 ADBEx56@42.81 
Purchases: ABCDx56@42.81 ABACx56@42.81 ACCOx56@42.81 ACADx56@42.81 ADBEx56@42.81 

2011-01-26
Cash: 165.00
Held: ABCDx56@42.78 ABACx56@42.78 ACCOx56@42.78 ACADx56@42.78 ADBEx56@42.78 
Value: 12143.75
Sales: ABCDx56@42.78 ABACx56@42.78 ACCOx56@42.78 ACADx56@42.78 ADBEx56@42.78 
Purchases: ABCDx56@42.78 ABACx56@42.78 ACCOx56@42.78 ACADx56@42.78 ADBEx56@42.78 

2011-01-27
Cash: 165.00
Held: ABCDx56@42.50 ABACx56@42.50 ACCOx56@42.50 ACADx56@42.50 ADBEx56@42.50 
Value: 12065.00
Sales: ABCDx56@42.50 ABACx56@42.50 ACCOx56@42.50 ACADx56@42.50 ADBEx56@42.50 
Purchases: ABCDx56@42.50 ABACx56@42.50 ACCOx56@42.50 ACADx56@42.50 ADBEx56@42.50 

2011-01-30
Cash: 165.00
Held: ABCDx56@41.22 ABACx56@41.22 ACCOx56@41.22 ACADx56@41.22 ADBEx56@41.22 
Value: 11706.25
Sales: ABCDx56@41.22 ABACx56@41.22 ACCOx56@41.22 ACADx56@41.22 ADBEx56@41.22 
Purchases: ABCDx56@41.22 ABACx56@41.22 ACCOx56@41.22 ACADx56@41.22 ADBEx56@41.22 

2011-01-31
Cash: 165.00
Held: ABCDx56@42.06 ABACx56@42.06 ACCOx56@42.06 ACADx56@42.06 ADBEx56@42.06 
Value: 11942.50
Sales: ABCDx56@42.06 ABACx56@42.06 ACCOx56@42.06 ACADx56@42.06 ADBEx56@42.06 
Purchases: ABCDx56@42.06 ABACx56@42.06 ACCOx56@42.06 ACADx56@42.06 ADBEx56@42.06 

2011-02-01
Cash: 165.00
Held: ABCDx56@41.75 ABACx56@41.75 ACCOx56@41.75 ACADx56@41.75 ADBEx56@41.75 
Value: 11855.00
Sales: ABCDx56@41.75 ABACx56@41.75 ACCOx56@41.75 ACADx56@41.75 ADBEx56@41.75 
Purchases: ABCDx56@41.75 ABACx56@41.75 ACCOx56@41.75 ACADx56@41.75 ADBEx56@41.75 

2011-02-02
Cash: 165.00
Held: ABCDx56@40.94 ABACx56@40.94 ACCOx56@40.94 ACADx56@40.94 ADBEx56@40.94 
Value: 11627.50
Sales: ABCDx56@40.94 ABACx56@40.94 ACCOx56@40.94 ACADx56@40.94 ADBEx56@40.94 
Purchases: ABCDx56@40.94 ABACx56@40.94 ACCOx56@40.94 ACADx56@40.94 ADBEx56@40.94 

2011-02-03
Cash: 165.00
Held: ABCDx56@41.12 ABACx56@41.12 ACCOx56@41.12 ACADx56@41.12 ADBEx56@41.12 
Value: 11680.00
Sales: ABCDx56@41.12 ABACx56@41.12 ACCOx56@41.12 ACADx56@41.12 ADBEx56@41.12 
Purchases: ABCDx56@41.12 ABACx56@41.12 ACCOx56@41.12 ACADx56@41.12 ADBEx56@41.12 

2011-02-06
Cash: 165.00
Held: ABCDx56@43.44 ABACx56@43.44 ACCOx56@43.44 ACADx56@43.44 ADBEx56@43.44 
Value: 12327.50
Sales: ABCDx56@43.44 ABACx56@43.44 ACCOx56@43.44 ACADx56@43.44 ADBEx56@43.44 
Purchases: ABCDx56@43.44 ABACx56@43.44 ACCOx56@43.44 ACADx56@43.44 ADBEx56@43.44 

2011-02-07
Cash: 165.00
Held: ABCDx56@44.66 ABACx56@44.66 ACCOx56@44.66 ACADx56@44.66 ADBEx56@44.66 
Value: 12668.75
Sales: ABCDx56@44.66 ABACx56@44.66 ACCOx56@44.66 ACADx56@44.66 ADBEx56@44.66 
Purchases: ABCDx56@44.66 ABACx56@44.66 ACCOx56@44.66 ACADx56@44.66 ADBEx56@44.66 

2011-02-08
Cash: 165.00
Held: ABCDx56@44.00 ABACx56@44.00 ACCOx56@44.00 ACADx56@44.00 ADBEx56@44.00 
Value: 12485.00
Sales: ABCDx56@44.00 ABACx56@44.00 ACCOx56@44.00 ACADx56@44.00 ADBEx56@44.00 
Purchases: ABCDx56@44.00 ABACx56@44.00 ACCOx56@44.00 ACADx56@44.00 ADBEx56@44.00 

2011-02-09
Cash: 165.00
Held: ABCDx56@43.22 ABACx56@43.22 ACCOx56@43.22 ACADx56@43.22 ADBEx56@43.22 
Value: 12266.25
Sales: ABCDx56@43.22 ABACx56@43.22 ACCOx56@43.22 ACADx56@43.22 ADBEx56@43.22 
Purchases: ABCDx56@43.22 ABACx56@43.22 ACCOx56@43.22 ACADx56@43.22 ADBEx56@43.22 

2011-02-10
Cash: 165.00
Held: ABCDx56@43.78 ABACx56@43.78 ACCOx56@43.78 ACADx56@43.78 ADBEx56@43.78 
Value: 12423.75
Sales: ABCDx56@43.78 ABACx56@43.78 ACCOx56@43.78 ACADx56@43.78 ADBEx56@43.78 
Purchases: ABCDx56@43.78 ABACx56@43.78 ACCOx56@43.78 ACADx56@43.78 ADBEx56@43.78 

2011-02-13
Cash: 165.00
Held: ABCDx56@45.00 ABACx56@45.00 ACCOx56@45.00 ACADx56@45.00 ADBEx56@45.00 
Value: 12765.00
Sales: ABCDx56@45.00 ABACx56@45.00 ACCOx56@45.00 ACADx56@45.00 ADBEx56@45.00 
Purchases: ABCDx56@45.00 ABACx56@45.00 ACCOx56@45.00 ACADx56@45.00 ADBEx56@45.00 

2011-02-14
Cash: 165.00
Held: ABCDx56@44.78 ABACx56@44.78 ACCOx56@44.78 ACADx56@44.78 ADBEx56@44.78 
Value: 12703.75
Sales: ABCDx56@44.78 ABACx56@44.78 ACCOx56@44.78 ACADx56@44.78 ADBEx56@44.78 
Purchases: ABCDx56@44.78 ABACx56@44.78 ACCOx56@44.78 ACADx56@44.78 ADBEx56@44.78 

2011-02-15
Cash: 165.00
Held: ABCDx56@42.91 ABACx56@42.91 ACCOx56@42.91 ACADx56@42.91 ADBEx56@42.91 
Value: 12178.75
Sales: ABCDx56@42.91 ABACx56@42.91 ACCOx56@42.91 ACADx56@42.91 ADBEx56@42.91 
Purchases: ABCDx56@42.91 ABACx56@42.91 ACCOx56@42.91 ACADx56@42.91 ADBEx56@42.91 

2011-02-16
Cash: 165.00
Held: ABCDx56@43.38 ABACx56@43.38 ACCOx56@43.38 ACADx56@43.38 ADBEx56@43.38 
Value: 12310.00
Sales: ABCDx56@43.38 ABACx56@43.38 ACCOx56@43.38 ACADx56@43.38 ADBEx56@43.38 
Purchases: ABCDx56@43.38 ABACx56@43.38 ACCOx56@43.38 ACADx56@43.38 ADBEx56@43.38 

2011-02-17
Cash: 165.00
Held: ABCDx56@43.84 ABACx56@43.84 ACCOx56@43.84 ACADx56@43.84 ADBEx56@43.84 
Value: 12441.25
Sales: ABCDx56@43.84 ABACx56@43.84 ACCOx56@43.84 ACADx56@43.84 ADBEx56@43.84 
Purchases: ABCDx56@43.84 ABACx56@43.84 ACCOx56@43.84 ACADx56@43.84 ADBEx56@43.84 

2011-02-21
Cash: 165.00
Held: ABCDx56@43.28 ABACx56@43.28 ACCOx56@43.28 ACADx56@43.28 ADBEx56@43.28 
Value: 12283.75
Sales: ABCDx56@43.28 ABACx56@43.28 ACCOx56@43.28 ACADx56@43.28 ADBEx56@43.28 
Purchases: ABCDx56@43.28 ABACx56@43.28 ACCOx56@43.28 ACADx56@43.28 ADBEx56@43.28 

2011-02-22
Cash: 165.00
Held: ABCDx56@42.56 ABACx56@42.56 ACCOx56@42.56 ACADx56@42.56 ADBEx56@42.56 
Value: 12082.50
Sales: ABCDx56@42.56 ABACx56@42.56 ACCOx56@42.56 ACADx56@42.56 ADBEx56@42.56 
Purchases: ABCDx56@42.56 ABACx56@42.56 ACCOx56@42.56 ACADx56@42.56 ADBEx56@42.56 

2011-02-23
Cash: 165.00
Held: ABCDx56@40.34 ABACx56@40.34 ACCOx56@40.34 ACADx56@40.34 ADBEx56@40.34 
Value: 11461.25
Sales: ABCDx56@40.34 ABACx56@40.34 ACCOx56@40.34 ACADx56@40.34 ADBEx56@40.34 
Purchases: ABCDx56@40.34 ABACx56@40.34 ACCOx56@40.34 ACADx56@40.34 ADBEx56@40.34 

2011-02-24
Cash: 165.00
Held: ABCDx56@41.19 ABACx56@41.19 ACCOx56@41.19 ACADx56@41.19 ADBEx56@41.19 
Value: 11697.50
Sales: ABCDx56@41.19 ABACx56@41.19 ACCOx56@41.19 ACADx56@41.19 ADBEx56@41.19 
Purchases: ABCDx56@41.19 ABACx56@41.19 ACCOx56@41.19 ACADx56@41.19 ADBEx56@41.19 

2011-02-27
Cash: 165.00
Held: ABCDx56@42.44 ABACx56@42.44 ACCOx56@42.44 ACADx56@42.44 ADBEx56@42.44 
Value: 12047.50
Sales: ABCDx56@42.44 ABACx56@42.44 ACCOx56@42.44 ACADx56@42.44 ADBEx56@42.44 
Purchases: ABCDx56@42.44 ABACx56@42.44 ACCOx56@42.44 ACADx56@42.44 ADBEx56@42.44 

2011-02-28
Cash: 165.00
Held: ABCDx56@41.97 ABACx56@41.97 ACCOx56@41.97 ACADx56@41.97 ADBEx56@41.97 
Value: 11916.25
Sales: ABCDx56@41.97 ABACx56@41.97 ACCOx56@41.97 ACADx56@41.97 ADBEx56@41.97 
Purchases: ABCDx56@41.97 ABACx56@41.97 ACCOx56@41.97 ACADx56@41.97 ADBEx56@41.97 

2011-03-01
Cash: 165.00
Held: ABCDx56@40.56 ABACx56@40.56 ACCOx56@40.56 ACADx56@40.56 ADBEx56@40.56 
Value: 11522.50
Sales: ABCDx56@40.56 ABACx56@40.56 ACCOx56@40.56 ACADx56@40.56 ADBEx56@40.56 
Purchases: ABCDx56@40.56 ABACx56@40.56 ACCOx56@40.56 ACADx56@40.56 ADBEx56@40.56 

2011-03-02
Cash: 165.00
Held: ABCDx56@42.12 ABACx56@42.12 ACCOx56@42.12 ACADx56@42.12 ADBEx56@42.12 
Value: 11960.00
Sales: ABCDx56@42.12 ABACx56@42.12 ACCOx56@42.12 ACADx56@42.12 ADBEx56@42.12 
Purchases: ABCDx56@42.12 ABACx56@42.12 ACCOx56@42.12 ACADx56@42.12 ADBEx56@42.12 

2011-03-03
Cash: 165.00
Held: ABCDx56@43.34 ABACx56@43.34 ACCOx56@43.34 ACADx56@43.34 ADBEx56@43.34 
Value: 12301.25
Sales: ABCDx56@43.34 ABACx56@43.34 ACCOx56@43.34 ACADx56@43.34 ADBEx56@43.34 
Purchases: ABCDx56@43.34 ABACx56@43.34 ACCOx56@43.34 ACADx56@43.34 ADBEx56@43.34 

2011-03-06
Cash: 165.00
Held: ABCDx56@46.25 ABACx56@46.25 ACCOx56@46.25 ACADx56@46.25 ADBEx56@46.25 
Value: 13115.00
Sales: ABCDx56@46.25 ABACx56@46.25 ACCOx56@46.25 ACADx56@46.25 ADBEx56@46.25 
Purchases: ABCDx56@46.25 ABACx56@46.25 ACCOx56@46.25 ACADx56@46.25 ADBEx56@46.25 

2011-03-07
Cash: 165.00
Held: ABCDx56@46.00 ABACx56@46.00 ACCOx56@46.00 ACADx56@46.00 ADBEx56@46.00 
Value: 13045.00
Sales: ABCDx56@46.00 ABACx56@46.00 ACCOx56@46.00 ACADx56@46.00 ADBEx56@46.00 
Purchases: ABCDx56@46.00 ABACx56@46.00 ACCOx56@46.00 ACADx56@46.00 ADBEx56@46.00 

2011-03-08
Cash: 165.00
Held: ABCDx56@45.66 ABACx56@45.66 ACCOx56@45.66 ACADx56@45.66 ADBEx56@45.66 
Value: 12948.75
Sales: ABCDx56@45.66 ABACx56@45.66 ACCOx56@45.66 ACADx56@45.66 ADBEx56@45.66 
Purchases: ABCDx56@45.66 ABACx56@45.66 ACCOx56@45.66 ACADx56@45.66 ADBEx56@45.66 

2011-03-09
Cash: 165.00
Held: ABCDx56@45.38 ABACx56@45.38 ACCOx56@45.38 ACADx56@45.38 ADBEx56@45.38 
Value: 12870.00
Sales: ABCDx56@45.38 ABACx56@45.38 ACCOx56@45.38 ACADx56@45.38 ADBEx56@45.38 
Purchases: ABCDx56@45.38 ABACx56@45.38 ACCOx56@45.38 ACADx56@45.38 ADBEx56@45.38 

2011-03-10
Cash: 165.00
Held: ABCDx56@45.06 ABACx56@45.06 ACCOx56@45.06 ACADx56@45.06 ADBEx56@45.06 
Value: 12782.50
Sales: ABCDx56@45.06 ABACx56@45.06 ACCOx56@45.06 ACADx56@45.06 ADBEx56@45.06 
Purchases: ABCDx56@45.06 ABACx56@45.06 ACCOx56@45.06 ACADx56@45.06 ADBEx56@45.06 

2011-03-13
Cash: 165.00
Held: ABCDx56@45.09 ABACx56@45.09 ACCOx56@45.09 ACADx56@45.09 ADBEx56@45.09 
Value: 12791.25
Sales: ABCDx56@45.09 ABACx56@45.09 ACCOx56@45.09 ACADx56@45.09 ADBEx56@45.09 
Purchases: ABCDx56@45.09 ABACx56@45.09 ACCOx56@45.09 ACADx56@45.09 ADBEx56@45.09 

2011-03-14
Cash: 165.00
Held: ABCDx56@43.34 ABACx56@43.34 ACCOx56@43.34 ACADx56@43.34 ADBEx56@43.34 
Value: 12301.25
Sales: ABCDx56@43.34 ABACx56@43.34 ACCOx56@43.34 ACADx56@43.34 ADBEx56@43.34 
Purchases: ABCDx56@43.34 ABACx56@43.34 ACCOx56@43.34 ACADx56@43.34 ADBEx56@43.34 

2011-03-15
Cash: 165.00
Held: ABCDx56@43.59 ABACx56@43.59 ACCOx56@43.59 ACADx56@43.59 ADBEx56@43.59 
Value: 12371.25
Sales: ABCDx56@43.59 ABACx56@43.59 ACCOx56@43.59 ACADx56@43.59 ADBEx56@43.59 
Purchases: ABCDx56@43.59 ABACx56@43.59 ACCOx56@43.59 ACADx56@43.59 ADBEx56@43.59 

2011-03-16
Cash: 165.00
Held: ABCDx56@43.12 ABACx56@43.12 ACCOx56@43.12 ACADx56@43.12 ADBEx56@43.12 
Value: 12240.00
Sales: ABCDx56@43.12 ABACx56@43.12 ACCOx56@43.12 ACADx56@43.12 ADBEx56@43.12 
Purchases: ABCDx56@43.12 ABACx56@43.12 ACCOx56@43.12 ACADx56@43.12 ADBEx56@43.12 

2011-03-17
Cash: 165.00
Held: ABCDx56@43.12 ABACx56@43.12 ACCOx56@43.12 ACADx56@43.12 ADBEx56@43.12 
Value: 12240.00
Sales: ABCDx56@43.12 ABACx56@43.12 ACCOx56@43.12 ACADx56@43.12 ADBEx56@43.12 
Purchases: ABCDx56@43.12 ABACx56@43.12 ACCOx56@43.12 ACADx56@43.12 ADBEx56@43.12 

2011-03-20
Cash: 165.00
Held: ABCDx56@43.53 ABACx56@43.53 ACCOx56@43.53 ACADx56@43.53 ADBEx56@43.53 
Value: 12353.75
Sales: ABCDx56@43.53 ABACx56@43.53 ACCOx56@43.53 ACADx56@43.53 ADBEx56@43.53 
Purchases: ABCDx56@43.53 ABACx56@43.53 ACCOx56@43.53 ACADx56@43.53 ADBEx56@43.53 

2011-03-21
Cash: 165.00
Held: ABCDx56@43.91 ABACx56@43.91 ACCOx56@43.91 ACADx56@43.91 ADBEx56@43.91 
Value: 12458.75
Sales: ABCDx56@43.91 ABACx56@43.91 ACCOx56@43.91 ACADx56@43.91 ADBEx56@43.91 
Purchases: ABCDx56@43.91 ABACx56@43.91 ACCOx56@43.91 ACADx56@43.91 ADBEx56@43.91 

2011-03-22
Cash: 165.00
Held: ABCDx56@42.94 ABACx56@42.94 ACCOx56@42.94 ACADx56@42.94 ADBEx56@42.94 
Value: 12187.50
Sales: ABCDx56@42.94 ABACx56@42.94 ACCOx56@42.94 ACADx56@42.94 ADBEx56@42.94 
Purchases: ABCDx56@42.94 ABACx56@42.94 ACCOx56@42.94 ACADx56@42.94 ADBEx56@42.94 

2011-03-23
Cash: 165.00
Held: ABCDx56@44.00 ABACx56@44.00 ACCOx56@44.00 ACADx56@44.00 ADBEx56@44.00 
Value: 12485.00
Sales: ABCDx56@44.00 ABACx56@44.00 ACCOx56@44.00 ACADx56@44.00 ADBEx56@44.00 
Purchases: ABCDx56@44.00 ABACx56@44.00 ACCOx56@44.00 ACADx56@44.00 ADBEx56@44.00 

2011-03-24
Cash: 165.00
Held: ABCDx56@44.00 ABACx56@44.00 ACCOx56@44.00 ACADx56@44.00 ADBEx56@44.00 
Value: 12485.00
Sales: ABCDx56@44.00 ABACx56@44.00 ACCOx56@44.00 ACADx56@44.00 ADBEx56@44.00 
Purchases: ABCDx56@44.00 ABACx56@44.00 ACCOx56@44.00 ACADx56@44.00 ADBEx56@44.00 

2011-03-27
Cash: 165.00
Held: ABCDx56@44.25 ABACx56@44.25 ACCOx56@44.25 ACADx56@44.25 ADBEx56@44.25 
Value: 12555.00
Sales: ABCDx56@44.25 ABACx56@44.25 ACCOx56@44.25 ACADx56@44.25 ADBEx56@44.25 
Purchases: ABCDx56@44.25 ABACx56@44.25 ACCOx56@44.25 ACADx56@44.25 ADBEx56@44.25 

2011-03-28
Cash: 165.00
Held: ABCDx56@43.94 ABACx56@43.94 ACCOx56@43.94 ACADx56@43.94 ADBEx56@43.94 
Value: 12467.50
Sales: ABCDx56@43.94 ABACx56@43.94 ACCOx56@43.94 ACADx56@43.94 ADBEx56@43.94 
Purchases: ABCDx56@43.94 ABACx56@43.94 ACCOx56@43.94 ACADx56@43.94 ADBEx56@43.94 

2011-03-29
Cash: 165.00
Held: ABCDx56@44.78 ABACx56@44.78 ACCOx56@44.78 ACADx56@44.78 ADBEx56@44.78 
Value: 12703.75
Sales: ABCDx56@44.78 ABACx56@44.78 ACCOx56@44.78 ACADx56@44.78 ADBEx56@44.78 
Purchases: ABCDx56@44.78 ABACx56@44.78 ACCOx56@44.78 ACADx56@44.78 ADBEx56@44.78 

2011-03-30
Cash: 165.00
Held: ABCDx56@44.91 ABACx56@44.91 ACCOx56@44.91 ACADx56@44.91 ADBEx56@44.91 
Value: 12738.75
Sales: ABCDx56@44.91 ABACx56@44.91 ACCOx56@44.91 ACADx56@44.91 ADBEx56@44.91 
Purchases: ABCDx56@44.91 ABACx56@44.91 ACCOx56@44.91 ACADx56@44.91 ADBEx56@44.91 

2011-03-31
Cash: 165.00
Held: ABCDx56@44.88 ABACx56@44.88 ACCOx56@44.88 ACADx56@44.88 ADBEx56@44.88 
Value: 12730.00
Sales: ABCDx56@44.88 ABACx56@44.88 ACCOx56@44.88 ACADx56@44.88 ADBEx56@44.88 
Purchases: ABCDx56@44.88 ABACx56@44.88 ACCOx56@44.88 ACADx56@44.88 ADBEx56@44.88 

2011-04-03
Cash: 165.00
Held: ABCDx56@45.06 ABACx56@45.06 ACCOx56@45.06 ACADx56@45.06 ADBEx56@45.06 
Value: 12782.50
Sales: ABCDx56@45.06 ABACx56@45.06 ACCOx56@45.06 ACADx56@45.06 ADBEx56@45.06 
Purchases: ABCDx56@45.06 ABACx56@45.06 ACCOx56@45.06 ACADx56@45.06 ADBEx56@45.06 

2011-04-04
Cash: 165.00
Held: ABCDx56@44.75 ABACx56@44.75 ACCOx56@44.75 ACADx56@44.75 ADBEx56@44.75 
Value: 12695.00
Sales: ABCDx56@44.75 ABACx56@44.75 ACCOx56@44.75 ACADx56@44.75 ADBEx56@44.75 
Purchases: ABCDx56@44.75 ABACx56@44.75 ACCOx56@44.75 ACADx56@44.75 ADBEx56@44.75 

2011-04-05
Cash: 165.00
Held: ABCDx56@45.50 ABACx56@45.50 ACCOx56@45.50 ACADx56@45.50 ADBEx56@45.50 
Value: 12905.00
Sales: ABCDx56@45.50 ABACx56@45.50 ACCOx56@45.50 ACADx56@45.50 ADBEx56@45.50 
Purchases: ABCDx56@45.50 ABACx56@45.50 ACCOx56@45.50 ACADx56@45.50 ADBEx56@45.50 

2011-04-06
Cash: 165.00
Held: ABCDx56@45.22 ABACx56@45.22 ACCOx56@45.22 ACADx56@45.22 ADBEx56@45.22 
Value: 12826.25
Sales: ABCDx56@45.22 ABACx56@45.22 ACCOx56@45.22 ACADx56@45.22 ADBEx56@45.22 
Purchases: ABCDx56@45.22 ABACx56@45.22 ACCOx56@45.22 ACADx56@45.22 ADBEx56@45.22 

2011-04-07
Cash: 165.00
Held: ABCDx56@45.19 ABACx56@45.19 ACCOx56@45.19 ACADx56@45.19 ADBEx56@45.19 
Value: 12817.50
Sales: ABCDx56@45.19 ABACx56@45.19 ACCOx56@45.19 ACADx56@45.19 ADBEx56@45.19 
Purchases: ABCDx56@45.19 ABACx56@45.19 ACCOx56@45.19 ACADx56@45.19 ADBEx56@45.19 

2011-04-10
Cash: 165.00
Held: ABCDx56@44.81 ABACx56@44.81 ACCOx56@44.81 ACADx56@44.81 ADBEx56@44.81 
Value: 12712.50
Sales: ABCDx56@44.81 ABACx56@44.81 ACCOx56@44.81 ACADx56@44.81 ADBEx56@44.81 
Purchases: ABCDx56@44.81 ABACx56@44.81 ACCOx56@44.81 ACADx56@44.81 ADBEx56@44.81 

2011-04-11
Cash: 165.00
Held: ABCDx56@44.75 ABACx56@44.75 ACCOx56@44.75 ACADx56@44.75 ADBEx56@44.75 
Value: 12695.00
Sales: ABCDx56@44.75 ABACx56@44.75 ACCOx56@44.75 ACADx56@44.75 ADBEx56@44.75 
Purchases: ABCDx56@44.75 ABACx56@44.75 ACCOx56@44.75 ACADx56@44.75 ADBEx56@44.75 

2011-04-12
Cash: 165.00
Held: ABCDx56@45.22 ABACx56@45.22 ACCOx56@45.22 ACADx56@45.22 ADBEx56@45.22 
Value: 12826.25
Sales: ABCDx56@45.22 ABACx56@45.22 ACCOx56@45.22 ACADx56@45.22 ADBEx56@45.22 
Purchases: ABCDx56@45.22 ABACx56@45.22 ACCOx56@45.22 ACADx56@45.22 ADBEx56@45.22 

2011-04-13
Cash: 165.00
Held: ABCDx56@46.28 ABACx56@46.28 ACCOx56@46.28 ACADx56@46.28 ADBEx56@46.28 
Value: 13123.75
Sales: ABCDx56@46.28 ABACx56@46.28 ACCOx56@46.28 ACADx56@46.28 ADBEx56@46.28 
Purchases: ABCDx56@46.28 ABACx56@46.28 ACCOx56@46.28 ACADx56@46.28 ADBEx56@46.28 

2011-04-14
Cash: 165.00
Held: ABCDx56@46.62 ABACx56@46.62 ACCOx56@46.62 ACADx56@46.62 ADBEx56@46.62 
Value: 13220.00
Sales: ABCDx56@46.62 ABACx56@46.62 ACCOx56@46.62 ACADx56@46.62 ADBEx56@46.62 
Purchases: ABCDx56@46.62 ABACx56@46.62 ACCOx56@46.62 ACADx56@46.62 ADBEx56@46.62 

2011-04-17
Cash: 165.00
Held: ABCDx56@46.84 ABACx56@46.84 ACCOx56@46.84 ACADx56@46.84 ADBEx56@46.84 
Value: 13281.25
Sales: ABCDx56@46.84 ABACx56@46.84 ACCOx56@46.84 ACADx56@46.84 ADBEx56@46.84 
Purchases: ABCDx56@46.84 ABACx56@46.84 ACCOx56@46.84 ACADx56@46.84 ADBEx56@46.84 

2011-04-18
Cash: 165.00
Held: ABCDx56@46.72 ABACx56@46.72 ACCOx56@46.72 ACADx56@46.72 ADBEx56@46.72 
Value: 13246.25
Sales: ABCDx56@46.72 ABACx56@46.72 ACCOx56@46.72 ACADx56@46.72 ADBEx56@46.72 
Purchases: ABCDx56@46.72 ABACx56@46.72 ACCOx56@46.72 ACADx56@46.72 ADBEx56@46.72 

2011-04-19
Cash: 165.00
Held: ABCDx56@47.47 ABACx56@47.47 ACCOx56@47.47 ACADx56@47.47 ADBEx56@47.47 
Value: 13456.25
Sales: ABCDx56@47.47 ABACx56@47.47 ACCOx56@47.47 ACADx56@47.47 ADBEx56@47.47 
Purchases: ABCDx56@47.47 ABACx56@47.47 ACCOx56@47.47 ACADx56@47.47 ADBEx56@47.47 

2011-04-20
Cash: 165.00
Held: ABCDx56@48.94 ABACx56@48.94 ACCOx56@48.94 ACADx56@48.94 ADBEx56@48.94 
Value: 13867.50
Sales: ABCDx56@48.94 ABACx56@48.94 ACCOx56@48.94 ACADx56@48.94 ADBEx56@48.94 
Purchases: ABCDx56@48.94 ABACx56@48.94 ACCOx56@48.94 ACADx56@48.94 ADBEx56@48.94 

2011-04-24
Cash: 165.00
Held: ABCDx56@49.09 ABACx56@49.09 ACCOx56@49.09 ACADx56@49.09 ADBEx56@49.09 
Value: 13911.25
Sales: ABCDx56@49.09 ABACx56@49.09 ACCOx56@49.09 ACADx56@49.09 ADBEx56@49.09 
Purchases: ABCDx56@49.09 ABACx56@49.09 ACCOx56@49.09 ACADx56@49.09 ADBEx56@49.09 

2011-04-25
Cash: 165.00
Held: ABCDx56@48.44 ABACx56@48.44 ACCOx56@48.44 ACADx56@48.44 ADBEx56@48.44 
Value: 13727.50
Sales: ABCDx56@48.44 ABACx56@48.44 ACCOx56@48.44 ACADx56@48.44 ADBEx56@48.44 
Purchases: ABCDx56@48.44 ABACx56@48.44 ACCOx56@48.44 ACADx56@48.44 ADBEx56@48.44 

2011-04-26
Cash: 165.00
Held: ABCDx56@49.47 ABACx56@49.47 ACCOx56@49.47 ACADx56@49.47 ADBEx56@49.47 
Value: 14016.25
Sales: ABCDx56@49.47 ABACx56@49.47 ACCOx56@49.47 ACADx56@49.47 ADBEx56@49.47 
Purchases: ABCDx56@49.47 ABACx56@49.47 ACCOx56@49.47 ACADx56@49.47 ADBEx56@49.47 

2011-04-27
Cash: 165.00
Held: ABCDx56@49.84 ABACx56@49.84 ACCOx56@49.84 ACADx56@49.84 ADBEx56@49.84 
Value: 14121.25
Sales: ABCDx56@49.84 ABACx56@49.84 ACCOx56@49.84 ACADx56@49.84 ADBEx56@49.84 
Purchases: ABCDx56@49.84 ABACx56@49.84 ACCOx56@49.84 ACADx56@49.84 ADBEx56@49.84 

2011-04-28
Cash: 165.00
Held: ABCDx56@50.31 ABACx56@50.31 ACCOx56@50.31 ACADx56@50.31 ADBEx56@50.31 
Value: 14252.50
Sales: ABCDx56@50.31 ABACx56@50.31 ACCOx56@50.31 ACADx56@50.31 ADBEx56@50.31 
Purchases: ABCDx56@50.31 ABACx56@50.31 ACCOx56@50.31 ACADx56@50.31 ADBEx56@50.31 

2011-05-01
Cash: 165.00
Held: ABCDx56@50.25 ABACx56@50.25 ACCOx56@50.25 ACADx56@50.25 ADBEx56@50.25 
Value: 14235.00
Sales: ABCDx56@50.25 ABACx56@50.25 ACCOx56@50.25 ACADx56@50.25 ADBEx56@50.25 
Purchases: ABCDx56@50.25 ABACx56@50.25 ACCOx56@50.25 ACADx56@50.25 ADBEx56@50.25 

2011-05-02
Cash: 165.00
Held: ABCDx56@50.47 ABACx56@50.47 ACCOx56@50.47 ACADx56@50.47 ADBEx56@50.47 
Value: 14296.25
Sales: ABCDx56@50.47 ABACx56@50.47 ACCOx56@50.47 ACADx56@50.47 ADBEx56@50.47 
Purchases: ABCDx56@50.47 ABACx56@50.47 ACCOx56@50.47 ACADx56@50.47 ADBEx56@50.47 

2011-05-03
Cash: 165.00
Held: ABCDx56@50.56 ABACx56@50.56 ACCOx56@50.56 ACADx56@50.56 ADBEx56@50.56 
Value: 14322.50
Sales: ABCDx56@50.56 ABACx56@50.56 ACCOx56@50.56 ACADx56@50.56 ADBEx56@50.56 
Purchases: ABCDx56@50.56 ABACx56@50.56 ACCOx56@50.56 ACADx56@50.56 ADBEx56@50.56 

2011-05-04
Cash: 165.00
Held: ABCDx56@49.38 ABACx56@49.38 ACCOx56@49.38 ACADx56@49.38 ADBEx56@49.38 
Value: 13990.00
Sales: ABCDx56@49.38 ABACx56@49.38 ACCOx56@49.38 ACADx56@49.38 ADBEx56@49.38 
Purchases: ABCDx56@49.38 ABACx56@49.38 ACCOx56@49.38 ACADx56@49.38 ADBEx56@49.38 

2011-05-05
Cash: 165.00
Held: ABCDx56@50.00 ABACx56@50.00 ACCOx56@50.00 ACADx56@50.00 ADBEx56@50.00 
Value: 14165.00
Sales: ABCDx56@50.00 ABACx56@50.00 ACCOx56@50.00 ACADx56@50.00 ADBEx56@50.00 
Purchases: ABCDx56@50.00 ABACx56@50.00 ACCOx56@50.00 ACADx56@50.00 ADBEx56@50.00 

2011-05-08
Cash: 165.00
Held: ABCDx56@49.84 ABACx56@49.84 ACCOx56@49.84 ACADx56@49.84 ADBEx56@49.84 
Value: 14121.25
Sales: ABCDx56@49.84 ABACx56@49.84 ACCOx56@49.84 ACADx56@49.84 ADBEx56@49.84 
Purchases: ABCDx56@49.84 ABACx56@49.84 ACCOx56@49.84 ACADx56@49.84 ADBEx56@49.84 

2011-05-09
Cash: 165.00
Held: ABCDx56@50.09 ABACx56@50.09 ACCOx56@50.09 ACADx56@50.09 ADBEx56@50.09 
Value: 14191.25
Sales: ABCDx56@50.09 ABACx56@50.09 ACCOx56@50.09 ACADx56@50.09 ADBEx56@50.09 
Purchases: ABCDx56@50.09 ABACx56@50.09 ACCOx56@50.09 ACADx56@50.09 ADBEx56@50.09 

2011-05-10
Cash: 165.00
Held: ABCDx56@50.50 ABACx56@50.50 ACCOx56@50.50 ACADx56@50.50 ADBEx56@50.50 
Value: 14305.00
Sales: ABCDx56@50.50 ABACx56@50.50 ACCOx56@50.50 ACADx56@50.50 ADBEx56@50.50 
Purchases: ABCDx56@50.50 ABACx56@50.50 ACCOx56@50.50 ACADx56@50.50 ADBEx56@50.50 

2011-05-11
Cash: 165.00
Held: ABCDx56@49.84 ABACx56@49.84 ACCOx56@49.84 ACADx56@49.84 ADBEx56@49.84 
Value: 14121.25
Sales: ABCDx56@49.84 ABACx56@49.84 ACCOx56@49.84 ACADx56@49.84 ADBEx56@49.84 
Purchases: ABCDx56@49.84 ABACx56@49.84 ACCOx56@49.84 ACADx56@49.84 ADBEx56@49.84 

2011-05-12
Cash: 165.00
Held: ABCDx56@54.06 ABACx56@54.06 ACCOx56@54.06 ACADx56@54.06 ADBEx56@54.06 
Value: 15302.50
Sales: ABCDx56@54.06 ABACx56@54.06 ACCOx56@54.06 ACADx56@54.06 ADBEx56@54.06 
Purchases: ABCDx56@54.06 ABACx56@54.06 ACCOx56@54.06 ACADx56@54.06 ADBEx56@54.06 

2011-05-15
Cash: 165.00
Held: ABCDx56@52.19 ABACx56@52.19 ACCOx56@52.19 ACADx56@52.19 ADBEx56@52.19 
Value: 14777.50
Sales: ABCDx56@52.19 ABACx56@52.19 ACCOx56@52.19 ACADx56@52.19 ADBEx56@52.19 
Purchases: ABCDx56@52.19 ABACx56@52.19 ACCOx56@52.19 ACADx56@52.19 ADBEx56@52.19 

2011-05-16
Cash: 165.00
Held: ABCDx56@51.69 ABACx56@51.69 ACCOx56@51.69 ACADx56@51.69 ADBEx56@51.69 
Value: 14637.50
Sales: ABCDx56@51.69 ABACx56@51.69 ACCOx56@51.69 ACADx56@51.69 ADBEx56@51.69 
Purchases: ABCDx56@51.69 ABACx56@51.69 ACCOx56@51.69 ACADx56@51.69 ADBEx56@51.69 

2011-05-17
Cash: 165.00
Held: ABCDx56@51.12 ABACx56@51.12 ACCOx56@51.12 ACADx56@51.12 ADBEx56@51.12 
Value: 14480.00
Sales: ABCDx56@51.12 ABACx56@51.12 ACCOx56@51.12 ACADx56@51.12 ADBEx56@51.12 
Purchases: ABCDx56@51.12 ABACx56@51.12 ACCOx56@51.12 ACADx56@51.12 ADBEx56@51.12 

2011-05-18
Cash: 165.00
Held: ABCDx56@51.94 ABACx56@51.94 ACCOx56@51.94 ACADx56@51.94 ADBEx56@51.94 
Value: 14707.50
Sales: ABCDx56@51.94 ABACx56@51.94 ACCOx56@51.94 ACADx56@51.94 ADBEx56@51.94 
Purchases: ABCDx56@51.94 ABACx56@51.94 ACCOx56@51.94 ACADx56@51.94 ADBEx56@51.94 

2011-05-19
Cash: 165.00
Held: ABCDx56@51.16 ABACx56@51.16 ACCOx56@51.16 ACADx56@51.16 ADBEx56@51.16 
Value: 14488.75
Sales: ABCDx56@51.16 ABACx56@51.16 ACCOx56@51.16 ACADx56@51.16 ADBEx56@51.16 
Purchases: ABCDx56@51.16 ABACx56@51.16 ACCOx56@51.16 ACADx56@51.16 ADBEx56@51.16 

2011-05-22
Cash: 165.00
Held: ABCDx56@49.81 ABACx56@49.81 ACCOx56@49.81 ACADx56@49.81 ADBEx56@49.81 
Value: 14112.50
Sales: ABCDx56@49.81 ABACx56@49.81 ACCOx56@49.81 ACADx56@49.81 ADBEx56@49.81 
Purchases: ABCDx56@49.81 ABACx56@49.81 ACCOx56@49.81 ACADx56@49.81 ADBEx56@49.81 

2011-05-23
Cash: 165.00
Held: ABCDx56@49.25 ABACx56@49.25 ACCOx56@49.25 ACADx56@49.25 ADBEx56@49.25 
Value: 13955.00
Sales: ABCDx56@49.25 ABACx56@49.25 ACCOx56@49.25 ACADx56@49.25 ADBEx56@49.25 
Purchases: ABCDx56@49.25 ABACx56@49.25 ACCOx56@49.25 ACADx56@49.25 ADBEx56@49.25 

2011-05-24
Cash: 165.00
Held: ABCDx56@48.25 ABACx56@48.25 ACCOx56@48.25 ACADx56@48.25 ADBEx56@48.25 
Value: 13675.00
Sales: ABCDx56@48.25 ABACx56@48.25 ACCOx56@48.25 ACADx56@48.25 ADBEx56@48.25 
Purchases: ABCDx56@48.25 ABACx56@48.25 ACCOx56@48.25 ACADx56@48.25 ADBEx56@48.25 

2011-05-25
Cash: 165.00
Held: ABCDx56@48.72 ABACx56@48.72 ACCOx56@48.72 ACADx56@48.72 ADBEx56@48.72 
Value: 13806.25
Sales: ABCDx56@48.72 ABACx56@48.72 ACCOx56@48.72 ACADx56@48.72 ADBEx56@48.72 
Purchases: ABCDx56@48.72 ABACx56@48.72 ACCOx56@48.72 ACADx56@48.72 ADBEx56@48.72 

2011-05-26
Cash: 165.00
Held: ABCDx56@49.41 ABACx56@49.41 ACCOx56@49.41 ACADx56@49.41 ADBEx56@49.41 
Value: 13998.75
Sales: ABCDx56@49.41 ABACx56@49.41 ACCOx56@49.41 ACADx56@49.41 ADBEx56@49.41 
Purchases: ABCDx56@49.41 ABACx56@49.41 ACCOx56@49.41 ACADx56@49.41 ADBEx56@49.41 

2011-05-30
Cash: 165.00
Held: ABCDx56@49.69 ABACx56@49.69 ACCOx56@49.69 ACADx56@49.69 ADBEx56@49.69 
Value: 14077.50
Sales: ABCDx56@49.69 ABACx56@49.69 ACCOx56@49.69 ACADx56@49.69 ADBEx56@49.69 
Purchases: ABCDx56@49.69 ABACx56@49.69 ACCOx56@49.69 ACADx56@49.69 ADBEx56@49.69 

2011-05-31
Cash: 165.00
Held: ABCDx56@49.78 ABACx56@49.78 ACCOx56@49.78 ACADx56@49.78 ADBEx56@49.78 
Value: 14103.75
Sales: ABCDx56@49.78 ABACx56@49.78 ACCOx56@49.78 ACADx56@49.78 ADBEx56@49.78 
Purchases: ABCDx56@49.78 ABACx56@49.78 ACCOx56@49.78 ACADx56@49.78 ADBEx56@49.78 

2011-06-01
Cash: 165.00
Held: ABCDx56@48.16 ABACx56@48.16 ACCOx56@48.16 ACADx56@48.16 ADBEx56@48.16 
Value: 13648.75
Sales: ABCDx56@48.16 ABACx56@48.16 ACCOx56@48.16 ACADx56@48.16 ADBEx56@48.16 
Purchases: ABCDx56@48.16 ABACx56@48.16 ACCOx56@48.16 ACADx56@48.16 ADBEx56@48.16 

2011-06-02
Cash: 165.00
Held: ABCDx56@47.38 ABACx56@47.38 ACCOx56@47.38 ACADx56@47.38 ADBEx56@47.38 
Value: 13430.00
Sales: ABCDx56@47.38 ABACx56@47.38 ACCOx56@47.38 ACADx56@47.38 ADBEx56@47.38 
Purchases: ABCDx56@47.38 ABACx56@47.38 ACCOx56@47.38 ACADx56@47.38 ADBEx56@47.38 

2011-06-05
Cash: 165.00
Held: ABCDx56@47.25 ABACx56@47.25 ACCOx56@47.25 ACADx56@47.25 ADBEx56@47.25 
Value: 13395.00
Sales: ABCDx56@47.25 ABACx56@47.25 ACCOx56@47.25 ACADx56@47.25 ADBEx56@47.25 
Purchases: ABCDx56@47.25 ABACx56@47.25 ACCOx56@47.25 ACADx56@47.25 ADBEx56@47.25 

2011-06-06
Cash: 165.00
Held: ABCDx56@47.50 ABACx56@47.50 ACCOx56@47.50 ACADx56@47.50 ADBEx56@47.50 
Value: 13465.00
Sales: ABCDx56@47.50 ABACx56@47.50 ACCOx56@47.50 ACADx56@47.50 ADBEx56@47.50 
Purchases: ABCDx56@47.50 ABACx56@47.50 ACCOx56@47.50 ACADx56@47.50 ADBEx56@47.50 

2011-06-07
Cash: 165.00
Held: ABCDx56@47.53 ABACx56@47.53 ACCOx56@47.53 ACADx56@47.53 ADBEx56@47.53 
Value: 13473.75
Sales: ABCDx56@47.53 ABACx56@47.53 ACCOx56@47.53 ACADx56@47.53 ADBEx56@47.53 
Purchases: ABCDx56@47.53 ABACx56@47.53 ACCOx56@47.53 ACADx56@47.53 ADBEx56@47.53 

2011-06-08
Cash: 165.00
Held: ABCDx56@47.84 ABACx56@47.84 ACCOx56@47.84 ACADx56@47.84 ADBEx56@47.84 
Value: 13561.25
Sales: ABCDx56@47.84 ABACx56@47.84 ACCOx56@47.84 ACADx56@47.84 ADBEx56@47.84 
Purchases: ABCDx56@47.84 ABACx56@47.84 ACCOx56@47.84 ACADx56@47.84 ADBEx56@47.84 

2011-06-09
Cash: 165.00
Held: ABCDx56@48.44 ABACx56@48.44 ACCOx56@48.44 ACADx56@48.44 ADBEx56@48.44 
Value: 13727.50
Sales: ABCDx56@48.44 ABACx56@48.44 ACCOx56@48.44 ACADx56@48.44 ADBEx56@48.44 
Purchases: ABCDx56@48.44 ABACx56@48.44 ACCOx56@48.44 ACADx56@48.44 ADBEx56@48.44 

2011-06-12
Cash: 165.00
Held: ABCDx56@48.25 ABACx56@48.25 ACCOx56@48.25 ACADx56@48.25 ADBEx56@48.25 
Value: 13675.00
Sales: ABCDx56@48.25 ABACx56@48.25 ACCOx56@48.25 ACADx56@48.25 ADBEx56@48.25 
Purchases: ABCDx56@48.25 ABACx56@48.25 ACCOx56@48.25 ACADx56@48.25 ADBEx56@48.25 

2011-06-13
Cash: 165.00
Held: ABCDx56@48.34 ABACx56@48.34 ACCOx56@48.34 ACADx56@48.34 ADBEx56@48.34 
Value: 13701.25
Sales: ABCDx56@48.34 ABACx56@48.34 ACCOx56@48.34 ACADx56@48.34 ADBEx56@48.34 
Purchases: ABCDx56@48.34 ABACx56@48.34 ACCOx56@48.34 ACADx56@48.34 ADBEx56@48.34 

2011-06-14
Cash: 165.00
Held: ABCDx56@48.47 ABACx56@48.47 ACCOx56@48.47 ACADx56@48.47 ADBEx56@48.47 
Value: 13736.25
Sales: ABCDx56@48.47 ABACx56@48.47 ACCOx56@48.47 ACADx56@48.47 ADBEx56@48.47 
Purchases: ABCDx56@48.47 ABACx56@48.47 ACCOx56@48.47 ACADx56@48.47 ADBEx56@48.47 

2011-06-15
Cash: 165.00
Held: ABCDx56@47.25 ABACx56@47.25 ACCOx56@47.25 ACADx56@47.25 ADBEx56@47.25 
Value: 13395.00
Sales: ABCDx56@47.25 ABACx56@47.25 ACCOx56@47.25 ACADx56@47.25 ADBEx56@47.25 
Purchases: ABCDx56@47.25 ABACx56@47.25 ACCOx56@47.25 ACADx56@47.25 ADBEx56@47.25 

2011-06-16
Cash: 165.00
Held: ABCDx56@47.69 ABACx56@47.69 ACCOx56@47.69 ACADx56@47.69 ADBEx56@47.69 
Value: 13517.50
Sales: ABCDx56@47.69 ABACx56@47.69 ACCOx56@47.69 ACADx56@47.69 ADBEx56@47.69 
Purchases: ABCDx56@47.69 ABACx56@47.69 ACCOx56@47.69 ACADx56@47.69 ADBEx56@47.69 

2011-06-19
Cash: 165.00
Held: ABCDx56@47.09 ABACx56@47.09 ACCOx56@47.09 ACADx56@47.09 ADBEx56@47.09 
Value: 13351.25
Sales: ABCDx56@47.09 ABACx56@47.09 ACCOx56@47.09 ACADx56@47.09 ADBEx56@47.09 
Purchases: ABCDx56@47.09 ABACx56@47.09 ACCOx56@47.09 ACADx56@47.09 ADBEx56@47.09 

2011-06-20
Cash: 165.00
Held: ABCDx56@48.69 ABACx56@48.69 ACCOx56@48.69 ACADx56@48.69 ADBEx56@48.69 
Value: 13797.50
Sales: ABCDx56@48.69 ABACx56@48.69 ACCOx56@48.69 ACADx56@48.69 ADBEx56@48.69 
Purchases: ABCDx56@48.69 ABACx56@48.69 ACCOx56@48.69 ACADx56@48.69 ADBEx56@48.69 

2011-06-21
Cash: 165.00
Held: ABCDx56@49.56 ABACx56@49.56 ACCOx56@49.56 ACADx56@49.56 ADBEx56@49.56 
Value: 14042.50
Sales: ABCDx56@49.56 ABACx56@49.56 ACCOx56@49.56 ACADx56@49.56 ADBEx56@49.56 
Purchases: ABCDx56@49.56 ABACx56@49.56 ACCOx56@49.56 ACADx56@49.56 ADBEx56@49.56 

2011-06-22
Cash: 165.00
Held: ABCDx56@48.19 ABACx56@48.19 ACCOx56@48.19 ACADx56@48.19 ADBEx56@48.19 
Value: 13657.50
Sales: ABCDx56@48.19 ABACx56@48.19 ACCOx56@48.19 ACADx56@48.19 ADBEx56@48.19 
Purchases: ABCDx56@48.19 ABACx56@48.19 ACCOx56@48.19 ACADx56@48.19 ADBEx56@48.19 

2011-06-23
Cash: 165.00
Held: ABCDx56@49.31 ABACx56@49.31 ACCOx56@49.31 ACADx56@49.31 ADBEx56@49.31 
Value: 13972.50
Sales: ABCDx56@49.31 ABACx56@49.31 ACCOx56@49.31 ACADx56@49.31 ADBEx56@49.31 
Purchases: ABCDx56@49.31 ABACx56@49.31 ACCOx56@49.31 ACADx56@49.31 ADBEx56@49.31 

2011-06-26
Cash: 165.00
Held: ABCDx56@48.34 ABACx56@48.34 ACCOx56@48.34 ACADx56@48.34 ADBEx56@48.34 
Value: 13701.25
Sales: ABCDx56@48.34 ABACx56@48.34 ACCOx56@48.34 ACADx56@48.34 ADBEx56@48.34 
Purchases: ABCDx56@48.34 ABACx56@48.34 ACCOx56@48.34 ACADx56@48.34 ADBEx56@48.34 

2011-06-27
Cash: 165.00
Held: ABCDx56@49.03 ABACx56@49.03 ACCOx56@49.03 ACADx56@49.03 ADBEx56@49.03 
Value: 13893.75
Sales: ABCDx56@49.03 ABACx56@49.03 ACCOx56@49.03 ACADx56@49.03 ADBEx56@49.03 
Purchases: ABCDx56@49.03 ABACx56@49.03 ACCOx56@49.03 ACADx56@49.03 ADBEx56@49.03 

2011-06-28
Cash: 165.00
Held: ABCDx56@50.78 ABACx56@50.78 ACCOx56@50.78 ACADx56@50.78 ADBEx56@50.78 
Value: 14383.75
Sales: ABCDx56@50.78 ABACx56@50.78 ACCOx56@50.78 ACADx56@50.78 ADBEx56@50.78 
Purchases: ABCDx56@50.78 ABACx56@50.78 ACCOx56@50.78 ACADx56@50.78 ADBEx56@50.78 

2011-06-29
Cash: 165.00
Held: ABCDx56@50.53 ABACx56@50.53 ACCOx56@50.53 ACADx56@50.53 ADBEx56@50.53 
Value: 14313.75
Sales: ABCDx56@50.53 ABACx56@50.53 ACCOx56@50.53 ACADx56@50.53 ADBEx56@50.53 
Purchases: ABCDx56@50.53 ABACx56@50.53 ACCOx56@50.53 ACADx56@50.53 ADBEx56@50.53 

2011-06-30
Cash: 165.00
Held: ABCDx56@51.22 ABACx56@51.22 ACCOx56@51.22 ACADx56@51.22 ADBEx56@51.22 
Value: 14506.25
Sales: ABCDx56@51.22 ABACx56@51.22 ACCOx56@51.22 ACADx56@51.22 ADBEx56@51.22 
Purchases: ABCDx56@51.22 ABACx56@51.22 ACCOx56@51.22 ACADx56@51.22 ADBEx56@51.22 

2011-07-04
Cash: 165.00
Held: ABCDx56@51.94 ABACx56@51.94 ACCOx56@51.94 ACADx56@51.94 ADBEx56@51.94 
Value: 14707.50
Sales: ABCDx56@51.94 ABACx56@51.94 ACCOx56@51.94 ACADx56@51.94 ADBEx56@51.94 
Purchases: ABCDx56@51.94 ABACx56@51.94 ACCOx56@51.94 ACADx56@51.94 ADBEx56@51.94 

2011-07-05
Cash: 165.00
Held: ABCDx56@51.50 ABACx56@51.50 ACCOx56@51.50 ACADx56@51.50 ADBEx56@51.50 
Value: 14585.00
Sales: ABCDx56@51.50 ABACx56@51.50 ACCOx56@51.50 ACADx56@51.50 ADBEx56@51.50 
Purchases: ABCDx56@51.50 ABACx56@51.50 ACCOx56@51.50 ACADx56@51.50 ADBEx56@51.50 

2011-07-06
Cash: 165.00
Held: ABCDx56@52.44 ABACx56@52.44 ACCOx56@52.44 ACADx56@52.44 ADBEx56@52.44 
Value: 14847.50
Sales: ABCDx56@52.44 ABACx56@52.44 ACCOx56@52.44 ACADx56@52.44 ADBEx56@52.44 
Purchases: ABCDx56@52.44 ABACx56@52.44 ACCOx56@52.44 ACADx56@52.44 ADBEx56@52.44 

2011-07-07
Cash: 165.00
Held: ABCDx56@51.06 ABACx56@51.06 ACCOx56@51.06 ACADx56@51.06 ADBEx56@51.06 
Value: 14462.50
Sales: ABCDx56@51.06 ABACx56@51.06 ACCOx56@51.06 ACADx56@51.06 ADBEx56@51.06 
Purchases: ABCDx56@51.06 ABACx56@51.06 ACCOx56@51.06 ACADx56@51.06 ADBEx56@51.06 

2011-07-10
Cash: 165.00
Held: ABCDx56@49.44 ABACx56@49.44 ACCOx56@49.44 ACADx56@49.44 ADBEx56@49.44 
Value: 14007.50
Sales: ABCDx56@49.44 ABACx56@49.44 ACCOx56@49.44 ACADx56@49.44 ADBEx56@49.44 
Purchases: ABCDx56@49.44 ABACx56@49.44 ACCOx56@49.44 ACADx56@49.44 ADBEx56@49.44 

2011-07-11
Cash: 165.00
Held: ABCDx56@48.59 ABACx56@48.59 ACCOx56@48.59 ACADx56@48.59 ADBEx56@48.59 
Value: 13771.25
Sales: ABCDx56@48.59 ABACx56@48.59 ACCOx56@48.59 ACADx56@48.59 ADBEx56@48.59 
Purchases: ABCDx56@48.59 ABACx56@48.59 ACCOx56@48.59 ACADx56@48.59 ADBEx56@48.59 

2011-07-12
Cash: 165.00
Held: ABCDx56@48.25 ABACx56@48.25 ACCOx56@48.25 ACADx56@48.25 ADBEx56@48.25 
Value: 13675.00
Sales: ABCDx56@48.25 ABACx56@48.25 ACCOx56@48.25 ACADx56@48.25 ADBEx56@48.25 
Purchases: ABCDx56@48.25 ABACx56@48.25 ACCOx56@48.25 ACADx56@48.25 ADBEx56@48.25 

2011-07-13
Cash: 165.00
Held: ABCDx56@48.28 ABACx56@48.28 ACCOx56@48.28 ACADx56@48.28 ADBEx56@48.28 
Value: 13683.75
Sales: ABCDx56@48.28 ABACx56@48.28 ACCOx56@48.28 ACADx56@48.28 ADBEx56@48.28 
Purchases: ABCDx56@48.28 ABACx56@48.28 ACCOx56@48.28 ACADx56@48.28 ADBEx56@48.28 

2011-07-14
Cash: 165.00
Held: ABCDx56@47.62 ABACx56@47.62 ACCOx56@47.62 ACADx56@47.62 ADBEx56@47.62 
Value: 13500.00
Sales: ABCDx56@47.62 ABACx56@47.62 ACCOx56@47.62 ACADx56@47.62 ADBEx56@47.62 
Purchases: ABCDx56@47.62 ABACx56@47.62 ACCOx56@47.62 ACADx56@47.62 ADBEx56@47.62 

2011-07-17
Cash: 165.00
Held: ABCDx56@46.72 ABACx56@46.72 ACCOx56@46.72 ACADx56@46.72 ADBEx56@46.72 
Value: 13246.25
Sales: ABCDx56@46.72 ABACx56@46.72 ACCOx56@46.72 ACADx56@46.72 ADBEx56@46.72 
Purchases: ABCDx56@46.72 ABACx56@46.72 ACCOx56@46.72 ACADx56@46.72 ADBEx56@46.72 

2011-07-18
Cash: 165.00
Held: ABCDx56@45.75 ABACx56@45.75 ACCOx56@45.75 ACADx56@45.75 ADBEx56@45.75 
Value: 12975.00
Sales: ABCDx56@45.75 ABACx56@45.75 ACCOx56@45.75 ACADx56@45.75 ADBEx56@45.75 
Purchases: ABCDx56@45.75 ABACx56@45.75 ACCOx56@45.75 ACADx56@45.75 ADBEx56@45.75 

2011-07-19
Cash: 165.00
Held: ABCDx56@46.94 ABACx56@46.94 ACCOx56@46.94 ACADx56@46.94 ADBEx56@46.94 
Value: 13307.50
Sales: ABCDx56@46.94 ABACx56@46.94 ACCOx56@46.94 ACADx56@46.94 ADBEx56@46.94 
Purchases: ABCDx56@46.94 ABACx56@46.94 ACCOx56@46.94 ACADx56@46.94 ADBEx56@46.94 

2011-07-20
Cash: 165.00
Held: ABCDx56@47.12 ABACx56@47.12 ACCOx56@47.12 ACADx56@47.12 ADBEx56@47.12 
Value: 13360.00
Sales: ABCDx56@47.12 ABACx56@47.12 ACCOx56@47.12 ACADx56@47.12 ADBEx56@47.12 
Purchases: ABCDx56@47.12 ABACx56@47.12 ACCOx56@47.12 ACADx56@47.12 ADBEx56@47.12 

2011-07-21
Cash: 165.00
Held: ABCDx56@46.94 ABACx56@46.94 ACCOx56@46.94 ACADx56@46.94 ADBEx56@46.94 
Value: 13307.50
Sales: ABCDx56@46.94 ABACx56@46.94 ACCOx56@46.94 ACADx56@46.94 ADBEx56@46.94 
Purchases: ABCDx56@46.94 ABACx56@46.94 ACCOx56@46.94 ACADx56@46.94 ADBEx56@46.94 

2011-07-24
Cash: 165.00
Held: ABCDx56@46.19 ABACx56@46.19 ACCOx56@46.19 ACADx56@46.19 ADBEx56@46.19 
Value: 13097.50
Sales: ABCDx56@46.19 ABACx56@46.19 ACCOx56@46.19 ACADx56@46.19 ADBEx56@46.19 
Purchases: ABCDx56@46.19 ABACx56@46.19 ACCOx56@46.19 ACADx56@46.19 ADBEx56@46.19 

2011-07-25
Cash: 165.00
Held: ABCDx56@45.84 ABACx56@45.84 ACCOx56@45.84 ACADx56@45.84 ADBEx56@45.84 
Value: 13001.25
Sales: ABCDx56@45.84 ABACx56@45.84 ACCOx56@45.84 ACADx56@45.84 ADBEx56@45.84 
Purchases: ABCDx56@45.84 ABACx56@45.84 ACCOx56@45.84 ACADx56@45.84 ADBEx56@45.84 

2011-07-26
Cash: 165.00
Held: ABCDx56@44.44 ABACx56@44.44 ACCOx56@44.44 ACADx56@44.44 ADBEx56@44.44 
Value: 12607.50
Sales: ABCDx56@44.44 ABACx56@44.44 ACCOx56@44.44 ACADx56@44.44 ADBEx56@44.44 
Purchases: ABCDx56@44.44 ABACx56@44.44 ACCOx56@44.44 ACADx56@44.44 ADBEx56@44.44 

2011-07-27
Cash: 165.00
Held: ABCDx56@42.38 ABACx56@42.38 ACCOx56@42.38 ACADx56@42.38 ADBEx56@42.38 
Value: 12030.00
Sales: ABCDx56@42.38 ABACx56@42.38 ACCOx56@42.38 ACADx56@42.38 ADBEx56@42.38 
Purchases: ABCDx56@42.38 ABACx56@42.38 ACCOx56@42.38 ACADx56@42.38 ADBEx56@42.38 

2011-07-28
Cash: 165.00
Held: ABCDx56@41.53 ABACx56@41.53 ACCOx56@41.53 ACADx56@41.53 ADBEx56@41.53 
Value: 11793.75
Sales: ABCDx56@41.53 ABACx56@41.53 ACCOx56@41.53 ACADx56@41.53 ADBEx56@41.53 
Purchases: ABCDx56@41.53 ABACx56@41.53 ACCOx56@41.53 ACADx56@41.53 ADBEx56@41.53 

2011-07-31
Cash: 165.00
Held: ABCDx56@42.62 ABACx56@42.62 ACCOx56@42.62 ACADx56@42.62 ADBEx56@42.62 
Value: 12100.00
Sales: ABCDx56@42.62 ABACx56@42.62 ACCOx56@42.62 ACADx56@42.62 ADBEx56@42.62 
Purchases: ABCDx56@42.62 ABACx56@42.62 ACCOx56@42.62 ACADx56@42.62 ADBEx56@42.62 

2011-08-01
Cash: 165.00
Held: ABCDx56@40.34 ABACx56@40.34 ACCOx56@40.34 ACADx56@40.34 ADBEx56@40.34 
Value: 11461.25
Sales: ABCDx56@40.34 ABACx56@40.34 ACCOx56@40.34 ACADx56@40.34 ADBEx56@40.34 
Purchases: ABCDx56@40.34 ABACx56@40.34 ACCOx56@40.34 ACADx56@40.34 ADBEx56@40.34 

2011-08-02
Cash: 165.00
Held: ABCDx56@39.09 ABACx56@39.09 ACCOx56@39.09 ACADx56@39.09 ADBEx56@39.09 
Value: 11111.25
Sales: ABCDx56@39.09 ABACx56@39.09 ACCOx56@39.09 ACADx56@39.09 ADBEx56@39.09 
Purchases: ABCDx56@39.09 ABACx56@39.09 ACCOx56@39.09 ACADx56@39.09 ADBEx56@39.09 

2011-08-03
Cash: 165.00
Held: ABCDx56@38.84 ABACx56@38.84 ACCOx56@38.84 ACADx56@38.84 ADBEx56@38.84 
Value: 11041.25
Sales: ABCDx56@38.84 ABACx56@38.84 ACCOx56@38.84 ACADx56@38.84 ADBEx56@38.84 
Purchases: ABCDx56@38.84 ABACx56@38.84 ACCOx56@38.84 ACADx56@38.84 ADBEx56@38.84 

2011-08-04
Cash: 165.00
Held: ABCDx56@37.59 ABACx56@37.59 ACCOx56@37.59 ACADx56@37.59 ADBEx56@37.59 
Value: 10691.25
Sales: ABCDx56@37.59 ABACx56@37.59 ACCOx56@37.59 ACADx56@37.59 ADBEx56@37.59 
Purchases: ABCDx56@37.59 ABACx56@37.59 ACCOx56@37.59 ACADx56@37.59 ADBEx56@37.59 

2011-08-07
Cash: 165.00
Held: ABCDx56@35.44 ABACx56@35.44 ACCOx56@35.44 ACADx56@35.44 ADBEx56@35.44 
Value: 10087.50
Sales: ABCDx56@35.44 ABACx56@35.44 ACCOx56@35.44 ACADx56@35.44 ADBEx56@35.44 
Purchases: ABCDx56@35.44 ABACx56@35.44 ACCOx56@35.44 ACADx56@35.44 ADBEx56@35.44 

2011-08-08
Cash: 165.00
Held: ABCDx56@33.28 ABACx56@33.28 ACCOx56@33.28 ACADx56@33.28 ADBEx56@33.28 
Value: 9483.75
Sales: ABCDx56@33.28 ABACx56@33.28 ACCOx56@33.28 ACADx56@33.28 ADBEx56@33.28 
Purchases: ABCDx56@33.28 ABACx56@33.28 ACCOx56@33.28 ACADx56@33.28 ADBEx56@33.28 

2011-08-09
Cash: 165.00
Held: ABCDx56@33.31 ABACx56@33.31 ACCOx56@33.31 ACADx56@33.31 ADBEx56@33.31 
Value: 9492.50
Sales: ABCDx56@33.31 ABACx56@33.31 ACCOx56@33.31 ACADx56@33.31 ADBEx56@33.31 
Purchases: ABCDx56@33.31 ABACx56@33.31 ACCOx56@33.31 ACADx56@33.31 ADBEx56@33.31 

2011-08-10
Cash: 165.00
Held: ABCDx56@32.12 ABACx56@32.12 ACCOx56@32.12 ACADx56@32.12 ADBEx56@32.12 
Value: 9160.00
Sales: ABCDx56@32.12 ABACx56@32.12 ACCOx56@32.12 ACADx56@32.12 ADBEx56@32.12 
Purchases: ABCDx57@32.12 ABACx57@32.12 ACCOx57@32.12 ACADx57@32.12 ADBEx57@32.12 

2011-08-11
Cash: 4.38
Held: ABCDx57@34.94 ABACx57@34.94 ACCOx57@34.94 ACADx57@34.94 ADBEx57@34.94 
Value: 9961.56
Sales: ABCDx57@34.94 ABACx57@34.94 ACCOx57@34.94 ACADx57@34.94 ADBEx57@34.94 
Purchases: ABCDx57@34.94 ABACx57@34.94 ACCOx57@34.94 ACADx57@34.94 ADBEx57@34.94 

2011-08-14
Cash: 4.38
Held: ABCDx57@36.72 ABACx57@36.72 ACCOx57@36.72 ACADx57@36.72 ADBEx57@36.72 
Value: 10469.22
Sales: ABCDx57@36.72 ABACx57@36.72 ACCOx57@36.72 ACADx57@36.72 ADBEx57@36.72 
Purchases: ABCDx57@36.72 ABACx57@36.72 ACCOx57@36.72 ACADx57@36.72 ADBEx57@36.72 

2011-08-15
Cash: 4.38
Held: ABCDx57@36.97 ABACx57@36.97 ACCOx57@36.97 ACADx57@36.97 ADBEx57@36.97 
Value: 10540.47
Sales: ABCDx57@36.97 ABACx57@36.97 ACCOx57@36.97 ACADx57@36.97 ADBEx57@36.97 
Purchases: ABCDx57@36.97 ABACx57@36.97 ACCOx57@36.97 ACADx57@36.97 ADBEx57@36.97 

2011-08-16
Cash: 4.38
Held: ABCDx57@36.88 ABACx57@36.88 ACCOx57@36.88 ACADx57@36.88 ADBEx57@36.88 
Value: 10513.75
Sales: ABCDx57@36.88 ABACx57@36.88 ACCOx57@36.88 ACADx57@36.88 ADBEx57@36.88 
Purchases: ABCDx57@36.88 ABACx57@36.88 ACCOx57@36.88 ACADx57@36.88 ADBEx57@36.88 

2011-08-17
Cash: 4.38
Held: ABCDx57@34.59 ABACx57@34.59 ACCOx57@34.59 ACADx57@34.59 ADBEx57@34.59 
Value: 9863.59
Sales: ABCDx57@34.59 ABACx57@34.59 ACCOx57@34.59 ACADx57@34.59 ADBEx57@34.59 
Purchases: ABCDx57@34.59 ABACx57@34.59 ACCOx57@34.59 ACADx57@34.59 ADBEx57@34.59 

2011-08-18
Cash: 4.38
Held: ABCDx57@31.73 ABACx57@31.73 ACCOx57@31.73 ACADx57@31.73 ADBEx57@31.73 
Value: 9048.67
Sales: ABCDx57@31.73 ABACx57@31.73 ACCOx57@31.73 ACADx57@31.73 ADBEx57@31.73 
Purchases: ABCDx57@31.73 ABACx57@31.73 ACCOx57@31.73 ACADx57@31.73 ADBEx57@31.73 

2011-08-21
Cash: 4.38
Held: ABCDx57@31.98 ABACx57@31.98 ACCOx57@31.98 ACADx57@31.98 ADBEx57@31.98 
Value: 9119.92
Sales: ABCDx57@31.98 ABACx57@31.98 ACCOx57@31.98 ACADx57@31.98 ADBEx57@31.98 
Purchases: ABCDx57@31.98 ABACx57@31.98 ACCOx57@31.98 ACADx57@31.98 ADBEx57@31.98 

2011-08-22
Cash: 4.38
Held: ABCDx57@30.73 ABACx57@30.73 ACCOx57@30.73 ACADx57@30.73 ADBEx57@30.73 
Value: 8763.67
Sales: ABCDx57@30.73 ABACx57@30.73 ACCOx57@30.73 ACADx57@30.73 ADBEx57@30.73 
Purchases: ABCDx57@30.73 ABACx57@30.73 ACCOx57@30.73 ACADx57@30.73 ADBEx57@30.73 

2011-08-23
Cash: 4.38
Held: ABCDx57@31.86 ABACx57@31.86 ACCOx57@31.86 ACADx57@31.86 ADBEx57@31.86 
Value: 9084.30
Sales: ABCDx57@31.86 ABACx57@31.86 ACCOx57@31.86 ACADx57@31.86 ADBEx57@31.86 
Purchases: ABCDx57@31.86 ABACx57@31.86 ACCOx57@31.86 ACADx57@31.86 ADBEx57@31.86 

2011-08-24
Cash: 4.38
Held: ABCDx57@33.44 ABACx57@33.44 ACCOx57@33.44 ACADx57@33.44 ADBEx57@33.44 
Value: 9534.06
Sales: ABCDx57@33.44 ABACx57@33.44 ACCOx57@33.44 ACADx57@33.44 ADBEx57@33.44 
Purchases: ABCDx57@33.44 ABACx57@33.44 ACCOx57@33.44 ACADx57@33.44 ADBEx57@33.44 

2011-08-25
Cash: 4.38
Held: ABCDx57@32.62 ABACx57@32.62 ACCOx57@32.62 ACADx57@32.62 ADBEx57@32.62 
Value: 9302.50
Sales: ABCDx57@32.62 ABACx57@32.62 ACCOx57@32.62 ACADx57@32.62 ADBEx57@32.62 
Purchases: ABCDx57@32.62 ABACx57@32.62 ACCOx57@32.62 ACADx57@32.62 ADBEx57@32.62 

2011-08-28
Cash: 4.38
Held: ABCDx57@35.44 ABACx57@35.44 ACCOx57@35.44 ACADx57@35.44 ADBEx57@35.44 
Value: 10104.06
Sales: ABCDx57@35.44 ABACx57@35.44 ACCOx57@35.44 ACADx57@35.44 ADBEx57@35.44 
Purchases: ABCDx57@35.44 ABACx57@35.44 ACCOx57@35.44 ACADx57@35.44 ADBEx57@35.44 

2011-08-29
Cash: 4.38
Held: ABCDx57@36.47 ABACx57@36.47 ACCOx57@36.47 ACADx57@36.47 ADBEx57@36.47 
Value: 10397.97
Sales: ABCDx57@36.47 ABACx57@36.47 ACCOx57@36.47 ACADx57@36.47 ADBEx57@36.47 
Purchases: ABCDx57@36.47 ABACx57@36.47 ACCOx57@36.47 ACADx57@36.47 ADBEx57@36.47 

2011-08-30
Cash: 4.38
Held: ABCDx57@36.75 ABACx57@36.75 ACCOx57@36.75 ACADx57@36.75 ADBEx57@36.75 
Value: 10478.12
Sales: ABCDx57@36.75 ABACx57@36.75 ACCOx57@36.75 ACADx57@36.75 ADBEx57@36.75 
Purchases: ABCDx57@36.75 ABACx57@36.75 ACCOx57@36.75 ACADx57@36.75 ADBEx57@36.75 

2011-08-31
Cash: 4.38
Held: ABCDx57@36.81 ABACx57@36.81 ACCOx57@36.81 ACADx57@36.81 ADBEx57@36.81 
Value: 10495.94
Sales: ABCDx57@36.81 ABACx57@36.81 ACCOx57@36.81 ACADx57@36.81 ADBEx57@36.81 
Purchases: ABCDx57@36.81 ABACx57@36.81 ACCOx57@36.81 ACADx57@36.81 ADBEx57@36.81 

2011-09-01
Cash: 4.38
Held: ABCDx57@34.91 ABACx57@34.91 ACCOx57@34.91 ACADx57@34.91 ADBEx57@34.91 
Value: 9952.66
Sales: ABCDx57@34.91 ABACx57@34.91 ACCOx57@34.91 ACADx57@34.91 ADBEx57@34.91 
Purchases: ABCDx57@34.91 ABACx57@34.91 ACCOx57@34.91 ACADx57@34.91 ADBEx57@34.91 

2011-09-05
Cash: 4.38
Held: ABCDx57@32.78 ABACx57@32.78 ACCOx57@32.78 ACADx57@32.78 ADBEx57@32.78 
Value: 9347.03
Sales: ABCDx57@32.78 ABACx57@32.78 ACCOx57@32.78 ACADx57@32.78 ADBEx57@32.78 
Purchases: ABCDx57@32.78 ABACx57@32.78 ACCOx57@32.78 ACADx57@32.78 ADBEx57@32.78 

2011-09-06
Cash: 4.38
Held: ABCDx57@34.44 ABACx57@34.44 ACCOx57@34.44 ACADx57@34.44 ADBEx57@34.44 
Value: 9819.06
Sales: ABCDx57@34.44 ABACx57@34.44 ACCOx57@34.44 ACADx57@34.44 ADBEx57@34.44 
Purchases: ABCDx57@34.44 ABACx57@34.44 ACCOx57@34.44 ACADx57@34.44 ADBEx57@34.44 

2011-09-07
Cash: 4.38
Held: ABCDx57@35.41 ABACx57@35.41 ACCOx57@35.41 ACADx57@35.41 ADBEx57@35.41 
Value: 10095.16
Sales: ABCDx57@35.41 ABACx57@35.41 ACCOx57@35.41 ACADx57@35.41 ADBEx57@35.41 
Purchases: ABCDx57@35.41 ABACx57@35.41 ACCOx57@35.41 ACADx57@35.41 ADBEx57@35.41 

2011-09-08
Cash: 4.38
Held: ABCDx57@33.66 ABACx57@33.66 ACCOx57@33.66 ACADx57@33.66 ADBEx57@33.66 
Value: 9596.41
Sales: ABCDx57@33.66 ABACx57@33.66 ACCOx57@33.66 ACADx57@33.66 ADBEx57@33.66 
Purchases: ABCDx57@33.66 ABACx57@33.66 ACCOx57@33.66 ACADx57@33.66 ADBEx57@33.66 

2011-09-11
Cash: 4.38
Held: ABCDx57@32.69 ABACx57@32.69 ACCOx57@32.69 ACADx57@32.69 ADBEx57@32.69 
Value: 9320.31
Sales: ABCDx57@32.69 ABACx57@32.69 ACCOx57@32.69 ACADx57@32.69 ADBEx57@32.69 
Purchases: ABCDx57@32.69 ABACx57@32.69 ACCOx57@32.69 ACADx57@32.69 ADBEx57@32.69 

2011-09-12
Cash: 4.38
Held: ABCDx57@33.53 ABACx57@33.53 ACCOx57@33.53 ACADx57@33.53 ADBEx57@33.53 
Value: 9560.78
Sales: ABCDx57@33.53 ABACx57@33.53 ACCOx57@33.53 ACADx57@33.53 ADBEx57@33.53 
Purchases: ABCDx57@33.53 ABACx57@33.53 ACCOx57@33.53 ACADx57@33.53 ADBEx57@33.53 

2011-09-13
Cash: 4.38
Held: ABCDx57@35.12 ABACx57@35.12 ACCOx57@35.12 ACADx57@35.12 ADBEx57@35.12 
Value: 10015.00
Sales: ABCDx57@35.12 ABACx57@35.12 ACCOx57@35.12 ACADx57@35.12 ADBEx57@35.12 
Purchases: ABCDx57@35.12 ABACx57@35.12 ACCOx57@35.12 ACADx57@35.12 ADBEx57@35.12 

2011-09-14
Cash: 4.38
Held: ABCDx57@37.12 ABACx57@37.12 ACCOx57@37.12 ACADx57@37.12 ADBEx57@37.12 
Value: 10585.00
Sales: ABCDx57@37.12 ABACx57@37.12 ACCOx57@37.12 ACADx57@37.12 ADBEx57@37.12 
Purchases: ABCDx57@37.12 ABACx57@37.12 ACCOx57@37.12 ACADx57@37.12 ADBEx57@37.12 

2011-09-15
Cash: 4.38
Held: ABCDx57@37.19 ABACx57@37.19 ACCOx57@37.19 ACADx57@37.19 ADBEx57@37.19 
Value: 10602.81
Sales: ABCDx57@37.19 ABACx57@37.19 ACCOx57@37.19 ACADx57@37.19 ADBEx57@37.19 
Purchases: ABCDx57@37.19 ABACx57@37.19 ACCOx57@37.19 ACADx57@37.19 ADBEx57@37.19 

2011-09-18
Cash: 4.38
Held: ABCDx57@35.41 ABACx57@35.41 ACCOx57@35.41 ACADx57@35.41 ADBEx57@35.41 
Value: 10095.16
Sales: ABCDx57@35.41 ABACx57@35.41 ACCOx57@35.41 ACADx57@35.41 ADBEx57@35.41 
Purchases: ABCDx57@35.41 ABACx57@35.41 ACCOx57@35.41 ACADx57@35.41 ADBEx57@35.41 

2011-09-19
Cash: 4.38
Held: ABCDx57@35.34 ABACx57@35.34 ACCOx57@35.34 ACADx57@35.34 ADBEx57@35.34 
Value: 10077.34
Sales: ABCDx57@35.34 ABACx57@35.34 ACCOx57@35.34 ACADx57@35.34 ADBEx57@35.34 
Purchases: ABCDx57@35.34 ABACx57@35.34 ACCOx57@35.34 ACADx57@35.34 ADBEx57@35.34 

2011-09-20
Cash: 4.38
Held: ABCDx57@35.09 ABACx57@35.09 ACCOx57@35.09 ACADx57@35.09 ADBEx57@35.09 
Value: 10006.09
Sales: ABCDx57@35.09 ABACx57@35.09 ACCOx57@35.09 ACADx57@35.09 ADBEx57@35.09 
Purchases: ABCDx57@35.09 ABACx57@35.09 ACCOx57@35.09 ACADx57@35.09 ADBEx57@35.09 

2011-09-21
Cash: 4.38
Held: ABCDx57@31.09 ABACx57@31.09 ACCOx57@31.09 ACADx57@31.09 ADBEx57@31.09 
Value: 8866.09
Sales: ABCDx57@31.09 ABACx57@31.09 ACCOx57@31.09 ACADx57@31.09 ADBEx57@31.09 
Purchases: ABCDx57@31.09 ABACx57@31.09 ACCOx57@31.09 ACADx57@31.09 ADBEx57@31.09 

2011-09-22
Cash: 4.38
Held: ABCDx57@31.00 ABACx57@31.00 ACCOx57@31.00 ACADx57@31.00 ADBEx57@31.00 
Value: 8839.38
Sales: ABCDx57@31.00 ABACx57@31.00 ACCOx57@31.00 ACADx57@31.00 ADBEx57@31.00 
Purchases: ABCDx57@31.00 ABACx57@31.00 ACCOx57@31.00 ACADx57@31.00 ADBEx57@31.00 

2011-09-25
Cash: 4.38
Held: ABCDx57@32.03 ABACx57@32.03 ACCOx57@32.03 ACADx57@32.03 ADBEx57@32.03 
Value: 9133.28
Sales: ABCDx57@32.03 ABACx57@32.03 ACCOx57@32.03 ACADx57@32.03 ADBEx57@32.03 
Purchases: ABCDx57@32.03 ABACx57@32.03 ACCOx57@32.03 ACADx57@32.03 ADBEx57@32.03 

2011-09-26
Cash: 4.38
Held: ABCDx57@33.41 ABACx57@33.41 ACCOx57@33.41 ACADx57@33.41 ADBEx57@33.41 
Value: 9525.16
Sales: ABCDx57@33.41 ABACx57@33.41 ACCOx57@33.41 ACADx57@33.41 ADBEx57@33.41 
Purchases: ABCDx57@33.41 ABACx57@33.41 ACCOx57@33.41 ACADx57@33.41 ADBEx57@33.41 

2011-09-27
Cash: 4.38
Held: ABCDx57@33.66 ABACx57@33.66 ACCOx57@33.66 ACADx57@33.66 ADBEx57@33.66 
Value: 9596.41
Sales: ABCDx57@33.66 ABACx57@33.66 ACCOx57@33.66 ACADx57@33.66 ADBEx57@33.66 
Purchases: ABCDx57@33.66 ABACx57@33.66 ACCOx57@33.66 ACADx57@33.66 ADBEx57@33.66 

2011-09-28
Cash: 4.38
Held: ABCDx57@32.50 ABACx57@32.50 ACCOx57@32.50 ACADx57@32.50 ADBEx57@32.50 
Value: 9266.88
Sales: ABCDx57@32.50 ABACx57@32.50 ACCOx57@32.50 ACADx57@32.50 ADBEx57@32.50 
Purchases: ABCDx57@32.50 ABACx57@32.50 ACCOx57@32.50 ACADx57@32.50 ADBEx57@32.50 

2011-09-29
Cash: 4.38
Held: ABCDx57@31.83 ABACx57@31.83 ACCOx57@31.83 ACADx57@31.83 ADBEx57@31.83 
Value: 9075.39
Sales: ABCDx57@31.83 ABACx57@31.83 ACCOx57@31.83 ACADx57@31.83 ADBEx57@31.83 
Purchases: ABCDx57@31.83 ABACx57@31.83 ACCOx57@31.83 ACADx57@31.83 ADBEx57@31.83 

2011-10-02
Cash: 4.38
Held: ABCDx57@30.91 ABACx57@30.91 ACCOx57@30.91 ACADx57@30.91 ADBEx57@30.91 
Value: 8812.66
Sales: ABCDx57@30.91 ABACx57@30.91 ACCOx57@30.91 ACADx57@30.91 ADBEx57@30.91 
Purchases: ABCDx57@30.91 ABACx57@30.91 ACCOx57@30.91 ACADx57@30.91 ADBEx57@30.91 

2011-10-03
Cash: 4.38
Held: ABCDx57@28.88 ABACx57@28.88 ACCOx57@28.88 ACADx57@28.88 ADBEx57@28.88 
Value: 8233.75
Sales: ABCDx57@28.88 ABACx57@28.88 ACCOx57@28.88 ACADx57@28.88 ADBEx57@28.88 
Purchases: ABCDx57@28.88 ABACx57@28.88 ACCOx57@28.88 ACADx57@28.88 ADBEx57@28.88 

2011-10-04
Cash: 4.38
Held: ABCDx57@31.12 ABACx57@31.12 ACCOx57@31.12 ACADx57@31.12 ADBEx57@31.12 
Value: 8875.00
Sales: ABCDx57@31.12 ABACx57@31.12 ACCOx57@31.12 ACADx57@31.12 ADBEx57@31.12 
Purchases: ABCDx57@31.12 ABACx57@31.12 ACCOx57@31.12 ACADx57@31.12 ADBEx57@31.12 

2011-10-05
Cash: 4.38
Held: ABCDx57@31.97 ABACx57@31.97 ACCOx57@31.97 ACADx57@31.97 ADBEx57@31.97 
Value: 9115.47
Sales: ABCDx57@31.97 ABACx57@31.97 ACCOx57@31.97 ACADx57@31.97 ADBEx57@31.97 
Purchases: ABCDx57@31.97 ABACx57@31.97 ACCOx57@31.97 ACADx57@31.97 ADBEx57@31.97 

2011-10-06
Cash: 4.38
Held: ABCDx57@32.31 ABACx57@32.31 ACCOx57@32.31 ACADx57@32.31 ADBEx57@32.31 
Value: 9213.44
Sales: ABCDx57@32.31 ABACx57@32.31 ACCOx57@32.31 ACADx57@32.31 ADBEx57@32.31 
Purchases: ABCDx57@32.31 ABACx57@32.31 ACCOx57@32.31 ACADx57@32.31 ADBEx57@32.31 

2011-10-09
Cash: 4.38
Held: ABCDx57@32.12 ABACx57@32.12 ACCOx57@32.12 ACADx57@32.12 ADBEx57@32.12 
Value: 9160.00
Sales: ABCDx57@32.12 ABACx57@32.12 ACCOx57@32.12 ACADx57@32.12 ADBEx57@32.12 
Purchases: ABCDx57@32.12 ABACx57@32.12 ACCOx57@32.12 ACADx57@32.12 ADBEx57@32.12 

2011-10-10
Cash: 4.38
Held: ABCDx57@32.88 ABACx57@32.88 ACCOx57@32.88 ACADx57@32.88 ADBEx57@32.88 
Value: 9373.75
Sales: ABCDx57@32.88 ABACx57@32.88 ACCOx57@32.88 ACADx57@32.88 ADBEx57@32.88 
Purchases: ABCDx57@32.88 ABACx57@32.88 ACCOx57@32.88 ACADx57@32.88 ADBEx57@32.88 

2011-10-11
Cash: 4.38
Held: ABCDx57@34.22 ABACx57@34.22 ACCOx57@34.22 ACADx57@34.22 ADBEx57@34.22 
Value: 9756.72
Sales: ABCDx57@34.22 ABACx57@34.22 ACCOx57@34.22 ACADx57@34.22 ADBEx57@34.22 
Purchases: ABCDx57@34.22 ABACx57@34.22 ACCOx57@34.22 ACADx57@34.22 ADBEx57@34.22 

2011-10-12
Cash: 4.38
Held: ABCDx57@33.34 ABACx57@33.34 ACCOx57@33.34 ACADx57@33.34 ADBEx57@33.34 
Value: 9507.34
Sales: ABCDx57@33.34 ABACx57@33.34 ACCOx57@33.34 ACADx57@33.34 ADBEx57@33.34 
Purchases: ABCDx57@33.34 ABACx57@33.34 ACCOx57@33.34 ACADx57@33.34 ADBEx57@33.34 

2011-10-13
Cash: 4.38
Held: ABCDx57@33.16 ABACx57@33.16 ACCOx57@33.16 ACADx57@33.16 ADBEx57@33.16 
Value: 9453.91
Sales: ABCDx57@33.16 ABACx57@33.16 ACCOx57@33.16 ACADx57@33.16 ADBEx57@33.16 
Purchases: ABCDx57@33.16 ABACx57@33.16 ACCOx57@33.16 ACADx57@33.16 ADBEx57@33.16 

2011-10-16
Cash: 4.38
Held: ABCDx57@33.03 ABACx57@33.03 ACCOx57@33.03 ACADx57@33.03 ADBEx57@33.03 
Value: 9418.28
Sales: ABCDx57@33.03 ABACx57@33.03 ACCOx57@33.03 ACADx57@33.03 ADBEx57@33.03 
Purchases: ABCDx57@33.03 ABACx57@33.03 ACCOx57@33.03 ACADx57@33.03 ADBEx57@33.03 

2011-10-17
Cash: 4.38
Held: ABCDx57@33.03 ABACx57@33.03 ACCOx57@33.03 ACADx57@33.03 ADBEx57@33.03 
Value: 9418.28
Sales: ABCDx57@33.03 ABACx57@33.03 ACCOx57@33.03 ACADx57@33.03 ADBEx57@33.03 
Purchases: ABCDx57@33.03 ABACx57@33.03 ACCOx57@33.03 ACADx57@33.03 ADBEx57@33.03 

2011-10-18
Cash: 4.38
Held: ABCDx57@33.31 ABACx57@33.31 ACCOx57@33.31 ACADx57@33.31 ADBEx57@33.31 
Value: 9498.44
Sales: ABCDx57@33.31 ABACx57@33.31 ACCOx57@33.31 ACADx57@33.31 ADBEx57@33.31 
Purchases: ABCDx57@33.31 ABACx57@33.31 ACCOx57@33.31 ACADx57@33.31 ADBEx57@33.31 

2011-10-19
Cash: 4.38
Held: ABCDx57@33.12 ABACx57@33.12 ACCOx57@33.12 ACADx57@33.12 ADBEx57@33.12 
Value: 9445.00
Sales: ABCDx57@33.12 ABACx57@33.12 ACCOx57@33.12 ACADx57@33.12 ADBEx57@33.12 
Purchases: ABCDx57@33.12 ABACx57@33.12 ACCOx57@33.12 ACADx57@33.12 ADBEx57@33.12 

2011-10-20
Cash: 4.38
Held: ABCDx57@34.28 ABACx57@34.28 ACCOx57@34.28 ACADx57@34.28 ADBEx57@34.28 
Value: 9774.53
Sales: ABCDx57@34.28 ABACx57@34.28 ACCOx57@34.28 ACADx57@34.28 ADBEx57@34.28 
Purchases: ABCDx57@34.28 ABACx57@34.28 ACCOx57@34.28 ACADx57@34.28 ADBEx57@34.28 

2011-10-23
Cash: 4.38
Held: ABCDx57@35.59 ABACx57@35.59 ACCOx57@35.59 ACADx57@35.59 ADBEx57@35.59 
Value: 10148.59
Sales: ABCDx57@35.59 ABACx57@35.59 ACCOx57@35.59 ACADx57@35.59 ADBEx57@35.59 
Purchases: ABCDx57@35.59 ABACx57@35.59 ACCOx57@35.59 ACADx57@35.59 ADBEx57@35.59 

