2010-03-04
Cash: 10000.00
Held: 
Value: 10000.00
Sales: 
Purchases: ABCDx60@32.84 ABACx60@32.84 ACCOx60@32.84 ACADx60@32.84 ADBEx60@32.84 

2010-03-07
Cash: 146.88
Held: ABCDx60@33.12 ABACx60@33.12 ACCOx60@33.12 ACADx60@33.12 ADBEx60@33.12 
Value: 10084.38
Sales: ABCDx60@33.12 ABACx60@33.12 ACCOx60@33.12 ACADx60@33.12 ADBEx60@33.12 
Purchases: ABCDx60@33.12 ABACx60@33.12 ACCOx60@33.12 ACADx60@33.12 ADBEx60@33.12 

2010-03-08
Cash: 146.88
Held: ABCDx60@32.94 ABACx60@32.94 ACCOx60@32.94 ACADx60@32.94 ADBEx60@32.94 
Value: 10028.12
Sales: ABCDx60@32.94 ABACx60@32.94 ACCOx60@32.94 ACADx60@32.94 ADBEx60@32.94 
Purchases: ABCDx60@32.94 ABACx60@32.94 ACCOx60@32.94 ACADx60@32.94 ADBEx60@32.94 

2010-03-09
Cash: 146.88
Held: ABCDx60@33.19 ABACx60@33.19 ACCOx60@33.19 ACADx60@33.19 ADBEx60@33.19 
Value: 10103.12
Sales: ABCDx60@33.19 ABACx60@33.19 ACCOx60@33.19 ACADx60@33.19 ADBEx60@33.19 
Purchases: ABCDx60@33.19 ABACx60@33.19 ACCOx60@33.19 ACADx60@33.19 ADBEx60@33.19 

2010-03-10
Cash: 146.88
Held: ABCDx60@33.38 ABACx60@33.38 ACCOx60@33.38 ACADx60@33.38 ADBEx60@33.38 
Value: 10159.38
Sales: ABCDx60@33.38 ABACx60@33.38 ACCOx60@33.38 ACADx60@33.38 ADBEx60@33.38 
Purchases: ABCDx60@33.38 ABACx60@33.38 ACCOx60@33.38 ACADx60@33.38 ADBEx60@33.38 

2010-03-11
Cash: 146.88
Held: ABCDx60@33.62 ABACx60@33.62 ACCOx60@33.62 ACADx60@33.62 ADBEx60@33.62 
Value: 10234.38
Sales: ABCDx60@33.62 ABACx60@33.62 ACCOx60@33.62 ACADx60@33.62 ADBEx60@33.62 
Purchases: ABCDx60@33.62 ABACx60@33.62 ACCOx60@33.62 ACADx60@33.62 ADBEx60@33.62 

2010-03-14
Cash: 146.88
Held: ABCDx60@33.31 ABACx60@33.31 ACCOx60@33.31 ACADx60@33.31 ADBEx60@33.31 
Value: 10140.62
Sales: ABCDx60@33.31 ABACx60@33.31 ACCOx60@33.31 ACADx60@33.31 ADBEx60@33.31 
Purchases: ABCDx60@33.31 ABACx60@33.31 ACCOx60@33.31 ACADx60@33.31 ADBEx60@33.31 

2010-03-15
Cash: 146.88
Held: ABCDx60@33.38 ABACx60@33.38 ACCOx60@33.38 ACADx60@33.38 ADBEx60@33.38 
Value: 10159.38
Sales: ABCDx60@33.38 ABACx60@33.38 ACCOx60@33.38 ACADx60@33.38 ADBEx60@33.38 
Purchases: ABCDx60@33.38 ABACx60@33.38 ACCOx60@33.38 ACADx60@33.38 ADBEx60@33.38 

2010-03-16
Cash: 146.88
Held: ABCDx60@33.44 ABACx60@33.44 ACCOx60@33.44 ACADx60@33.44 ADBEx60@33.44 
Value: 10178.12
Sales: ABCDx60@33.44 ABACx60@33.44 ACCOx60@33.44 ACADx60@33.44 ADBEx60@33.44 
Purchases: ABCDx60@33.44 ABACx60@33.44 ACCOx60@33.44 ACADx60@33.44 ADBEx60@33.44 

2010-03-17
Cash: 146.88
Held: ABCDx60@33.31 ABACx60@33.31 ACCOx60@33.31 ACADx60@33.31 ADBEx60@33.31 
Value: 10140.62
Sales: ABCDx60@33.31 ABACx60@33.31 ACCOx60@33.31 ACADx60@33.31 ADBEx60@33.31 
Purchases: ABCDx60@33.31 ABACx60@33.31 ACCOx60@33.31 ACADx60@33.31 ADBEx60@33.31 

2010-03-18
Cash: 146.88
Held: ABCDx60@33.53 ABACx60@33.53 ACCOx60@33.53 ACADx60@33.53 ADBEx60@33.53 
Value: 10206.25
Sales: ABCDx60@33.53 ABACx60@33.53 ACCOx60@33.53 ACADx60@33.53 ADBEx60@33.53 
Purchases: ABCDx60@33.53 ABACx60@33.53 ACCOx60@33.53 ACADx60@33.53 ADBEx60@33.53 

2010-03-21
Cash: 146.88
Held: ABCDx60@33.25 ABACx60@33.25 ACCOx60@33.25 ACADx60@33.25 ADBEx60@33.25 
Value: 10121.88
Sales: ABCDx60@33.25 ABACx60@33.25 ACCOx60@33.25 ACADx60@33.25 ADBEx60@33.25 
Purchases: ABCDx60@33.25 ABACx60@33.25 ACCOx60@33.25 ACADx60@33.25 ADBEx60@33.25 

2010-03-22
Cash: 146.88
Held: ABCDx60@33.78 ABACx60@33.78 ACCOx60@33.78 ACADx60@33.78 ADBEx60@33.78 
Value: 10281.25
Sales: ABCDx60@33.78 ABACx60@33.78 ACCOx60@33.78 ACADx60@33.78 ADBEx60@33.78 
Purchases: ABCDx60@33.78 ABACx60@33.78 ACCOx60@33.78 ACADx60@33.78 ADBEx60@33.78 

2010-03-23
Cash: 146.88
Held: ABCDx60@33.97 ABACx60@33.97 ACCOx60@33.97 ACADx60@33.97 ADBEx60@33.97 
Value: 10337.50
Sales: ABCDx60@33.97 ABACx60@33.97 ACCOx60@33.97 ACADx60@33.97 ADBEx60@33.97 
Purchases: ABCDx60@33.97 ABACx60@33.97 ACCOx60@33.97 ACADx60@33.97 ADBEx60@33.97 

2010-03-24
Cash: 146.88
Held: ABCDx60@34.09 ABACx60@34.09 ACCOx60@34.09 ACADx60@34.09 ADBEx60@34.09 
Value: 10375.00
Sales: ABCDx60@34.09 ABACx60@34.09 ACCOx60@34.09 ACADx60@34.09 ADBEx60@34.09 
Purchases: ABCDx60@34.09 ABACx60@34.09 ACCOx60@34.09 ACADx60@34.09 ADBEx60@34.09 

2010-03-25
Cash: 146.88
Held: ABCDx60@34.66 ABACx60@34.66 ACCOx60@34.66 ACADx60@34.66 ADBEx60@34.66 
Value: 10543.75
Sales: ABCDx60@34.66 ABACx60@34.66 ACCOx60@34.66 ACADx60@34.66 ADBEx60@34.66 
Purchases: ABCDx60@34.66 ABACx60@34.66 ACCOx60@34.66 ACADx60@34.66 ADBEx60@34.66 

2010-03-28
Cash: 146.88
Held: ABCDx60@34.31 ABACx60@34.31 ACCOx60@34.31 ACADx60@34.31 ADBEx60@34.31 
Value: 10440.62
Sales: ABCDx60@34.31 ABACx60@34.31 ACCOx60@34.31 ACADx60@34.31 ADBEx60@34.31 
Purchases: ABCDx60@34.31 ABACx60@34.31 ACCOx60@34.31 ACADx60@34.31 ADBEx60@34.31 

2010-03-29
Cash: 146.88
Held: ABCDx60@34.47 ABACx60@34.47 ACCOx60@34.47 ACADx60@34.47 ADBEx60@34.47 
Value: 10487.50
Sales: ABCDx60@34.47 ABACx60@34.47 ACCOx60@34.47 ACADx60@34.47 ADBEx60@34.47 
Purchases: ABCDx60@34.47 ABACx60@34.47 ACCOx60@34.47 ACADx60@34.47 ADBEx60@34.47 

2010-03-30
Cash: 146.88
Held: ABCDx60@34.56 ABACx60@34.56 ACCOx60@34.56 ACADx60@34.56 ADBEx60@34.56 
Value: 10515.62
Sales: ABCDx60@34.56 ABACx60@34.56 ACCOx60@34.56 ACADx60@34.56 ADBEx60@34.56 
Purchases: ABCDx60@34.56 ABACx60@34.56 ACCOx60@34.56 ACADx60@34.56 ADBEx60@34.56 

2010-03-31
Cash: 146.88
Held: ABCDx60@34.53 ABACx60@34.53 ACCOx60@34.53 ACADx60@34.53 ADBEx60@34.53 
Value: 10506.25
Sales: ABCDx60@34.53 ABACx60@34.53 ACCOx60@34.53 ACADx60@34.53 ADBEx60@34.53 
Purchases: ABCDx60@34.53 ABACx60@34.53 ACCOx60@34.53 ACADx60@34.53 ADBEx60@34.53 

2010-04-04
Cash: 146.88
Held: ABCDx60@34.59 ABACx60@34.59 ACCOx60@34.59 ACADx60@34.59 ADBEx60@34.59 
Value: 10525.00
Sales: ABCDx60@34.59 ABACx60@34.59 ACCOx60@34.59 ACADx60@34.59 ADBEx60@34.59 
Purchases: ABCDx60@34.59 ABACx60@34.59 ACCOx60@34.59 ACADx60@34.59 ADBEx60@34.59 

2010-04-05
Cash: 146.88
Held: ABCDx60@34.62 ABACx60@34.62 ACCOx60@34.62 ACADx60@34.62 ADBEx60@34.62 
Value: 10534.38
Sales: ABCDx60@34.62 ABACx60@34.62 ACCOx60@34.62 ACADx60@34.62 ADBEx60@34.62 
Purchases: ABCDx60@34.62 ABACx60@34.62 ACCOx60@34.62 ACADx60@34.62 ADBEx60@34.62 

2010-04-06
Cash: 146.88
Held: ABCDx60@34.47 ABACx60@34.47 ACCOx60@34.47 ACADx60@34.47 ADBEx60@34.47 
Value: 10487.50
Sales: ABCDx60@34.47 ABACx60@34.47 ACCOx60@34.47 ACADx60@34.47 ADBEx60@34.47 
Purchases: ABCDx60@34.47 ABACx60@34.47 ACCOx60@34.47 ACADx60@34.47 ADBEx60@34.47 

2010-04-07
Cash: 146.88
Held: ABCDx60@34.09 ABACx60@34.09 ACCOx60@34.09 ACADx60@34.09 ADBEx60@34.09 
Value: 10375.00
Sales: ABCDx60@34.09 ABACx60@34.09 ACCOx60@34.09 ACADx60@34.09 ADBEx60@34.09 
Purchases: ABCDx60@34.09 ABACx60@34.09 ACCOx60@34.09 ACADx60@34.09 ADBEx60@34.09 

2010-04-08
Cash: 146.88
Held: ABCDx60@34.03 ABACx60@34.03 ACCOx60@34.03 ACADx60@34.03 ADBEx60@34.03 
Value: 10356.25
Sales: ABCDx60@34.03 ABACx60@34.03 ACCOx60@34.03 ACADx60@34.03 ADBEx60@34.03 
Purchases: ABCDx60@34.03 ABACx60@34.03 ACCOx60@34.03 ACADx60@34.03 ADBEx60@34.03 

2010-04-11
Cash: 146.88
Held: ABCDx60@34.22 ABACx60@34.22 ACCOx60@34.22 ACADx60@34.22 ADBEx60@34.22 
Value: 10412.50
Sales: ABCDx60@34.22 ABACx60@34.22 ACCOx60@34.22 ACADx60@34.22 ADBEx60@34.22 
Purchases: ABCDx60@34.22 ABACx60@34.22 ACCOx60@34.22 ACADx60@34.22 ADBEx60@34.22 

2010-04-12
Cash: 146.88
Held: ABCDx60@34.16 ABACx60@34.16 ACCOx60@34.16 ACADx60@34.16 ADBEx60@34.16 
Value: 10393.75
Sales: ABCDx60@34.16 ABACx60@34.16 ACCOx60@34.16 ACADx60@34.16 ADBEx60@34.16 
Purchases: ABCDx60@34.16 ABACx60@34.16 ACCOx60@34.16 ACADx60@34.16 ADBEx60@34.16 

2010-04-13
Cash: 146.88
Held: ABCDx60@33.94 ABACx60@33.94 ACCOx60@33.94 ACADx60@33.94 ADBEx60@33.94 
Value: 10328.12
Sales: ABCDx60@33.94 ABACx60@33.94 ACCOx60@33.94 ACADx60@33.94 ADBEx60@33.94 
Purchases: ABCDx60@33.94 ABACx60@33.94 ACCOx60@33.94 ACADx60@33.94 ADBEx60@33.94 

2010-04-14
Cash: 146.88
Held: ABCDx60@34.44 ABACx60@34.44 ACCOx60@34.44 ACADx60@34.44 ADBEx60@34.44 
Value: 10478.12
Sales: ABCDx60@34.44 ABACx60@34.44 ACCOx60@34.44 ACADx60@34.44 ADBEx60@34.44 
Purchases: ABCDx60@34.44 ABACx60@34.44 ACCOx60@34.44 ACADx60@34.44 ADBEx60@34.44 

2010-04-15
Cash: 146.88
Held: ABCDx60@35.53 ABACx60@35.53 ACCOx60@35.53 ACADx60@35.53 ADBEx60@35.53 
Value: 10806.25
Sales: ABCDx60@35.53 ABACx60@35.53 ACCOx60@35.53 ACADx60@35.53 ADBEx60@35.53 
Purchases: ABCDx60@35.53 ABACx60@35.53 ACCOx60@35.53 ACADx60@35.53 ADBEx60@35.53 

2010-04-18
Cash: 146.88
Held: ABCDx60@35.34 ABACx60@35.34 ACCOx60@35.34 ACADx60@35.34 ADBEx60@35.34 
Value: 10750.00
Sales: ABCDx60@35.34 ABACx60@35.34 ACCOx60@35.34 ACADx60@35.34 ADBEx60@35.34 
Purchases: ABCDx60@35.34 ABACx60@35.34 ACCOx60@35.34 ACADx60@35.34 ADBEx60@35.34 

2010-04-19
Cash: 146.88
Held: ABCDx60@35.38 ABACx60@35.38 ACCOx60@35.38 ACADx60@35.38 ADBEx60@35.38 
Value: 10759.38
Sales: ABCDx60@35.38 ABACx60@35.38 ACCOx60@35.38 ACADx60@35.38 ADBEx60@35.38 
Purchases: ABCDx60@35.38 ABACx60@35.38 ACCOx60@35.38 ACADx60@35.38 ADBEx60@35.38 

2010-04-20
Cash: 146.88
Held: ABCDx60@36.19 ABACx60@36.19 ACCOx60@36.19 ACADx60@36.19 ADBEx60@36.19 
Value: 11003.12
Sales: ABCDx60@36.19 ABACx60@36.19 ACCOx60@36.19 ACADx60@36.19 ADBEx60@36.19 
Purchases: ABCDx60@36.19 ABACx60@36.19 ACCOx60@36.19 ACADx60@36.19 ADBEx60@36.19 

2010-04-21
Cash: 146.88
Held: ABCDx60@35.81 ABACx60@35.81 ACCOx60@35.81 ACADx60@35.81 ADBEx60@35.81 
Value: 10890.62
Sales: ABCDx60@35.81 ABACx60@35.81 ACCOx60@35.81 ACADx60@35.81 ADBEx60@35.81 
Purchases: ABCDx60@35.81 ABACx60@35.81 ACCOx60@35.81 ACADx60@35.81 ADBEx60@35.81 

2010-04-22
Cash: 146.88
Held: ABCDx60@36.38 ABACx60@36.38 ACCOx60@36.38 ACADx60@36.38 ADBEx60@36.38 
Value: 11059.38
Sales: ABCDx60@36.38 ABACx60@36.38 ACCOx60@36.38 ACADx60@36.38 ADBEx60@36.38 
Purchases: ABCDx60@36.38 ABACx60@36.38 ACCOx60@36.38 ACADx60@36.38 ADBEx60@36.38 

2010-04-25
Cash: 146.88
Held: ABCDx60@36.66 ABACx60@36.66 ACCOx60@36.66 ACADx60@36.66 ADBEx60@36.66 
Value: 11143.75
Sales: ABCDx60@36.66 ABACx60@36.66 ACCOx60@36.66 ACADx60@36.66 ADBEx60@36.66 
Purchases: ABCDx60@36.66 ABACx60@36.66 ACCOx60@36.66 ACADx60@36.66 ADBEx60@36.66 

2010-04-26
Cash: 146.88
Held: ABCDx60@36.59 ABACx60@36.59 ACCOx60@36.59 ACADx60@36.59 ADBEx60@36.59 
Value: 11125.00
Sales: ABCDx60@36.59 ABACx60@36.59 ACCOx60@36.59 ACADx60@36.59 ADBEx60@36.59 
Purchases: ABCDx60@36.59 ABACx60@36.59 ACCOx60@36.59 ACADx60@36.59 ADBEx60@36.59 

2010-04-27
Cash: 146.88
Held: ABCDx60@36.47 ABACx60@36.47 ACCOx60@36.47 ACADx60@36.47 ADBEx60@36.47 
Value: 11087.50
Sales: ABCDx60@36.47 ABACx60@36.47 ACCOx60@36.47 ACADx60@36.47 ADBEx60@36.47 
Purchases: ABCDx60@36.47 ABACx60@36.47 ACCOx60@36.47 ACADx60@36.47 ADBEx60@36.47 

2010-04-28
Cash: 146.88
Held: ABCDx60@36.94 ABACx60@36.94 ACCOx60@36.94 ACADx60@36.94 ADBEx60@36.94 
Value: 11228.12
Sales: ABCDx60@36.94 ABACx60@36.94 ACCOx60@36.94 ACADx60@36.94 ADBEx60@36.94 
Purchases: ABCDx60@36.94 ABACx60@36.94 ACCOx60@36.94 ACADx60@36.94 ADBEx60@36.94 

2010-04-29
Cash: 146.88
Held: ABCDx60@37.25 ABACx60@37.25 ACCOx60@37.25 ACADx60@37.25 ADBEx60@37.25 
Value: 11321.88
Sales: ABCDx60@37.25 ABACx60@37.25 ACCOx60@37.25 ACADx60@37.25 ADBEx60@37.25 
Purchases: ABCDx60@37.25 ABACx60@37.25 ACCOx60@37.25 ACADx60@37.25 ADBEx60@37.25 

2010-05-02
Cash: 146.88
Held: ABCDx60@36.50 ABACx60@36.50 ACCOx60@36.50 ACADx60@36.50 ADBEx60@36.50 
Value: 11096.88
Sales: ABCDx60@36.50 ABACx60@36.50 ACCOx60@36.50 ACADx60@36.50 ADBEx60@36.50 
Purchases: ABCDx60@36.50 ABACx60@36.50 ACCOx60@36.50 ACADx60@36.50 ADBEx60@36.50 

2010-05-03
Cash: 146.88
Held: ABCDx60@36.38 ABACx60@36.38 ACCOx60@36.38 ACADx60@36.38 ADBEx60@36.38 
Value: 11059.38
Sales: ABCDx60@36.38 ABACx60@36.38 ACCOx60@36.38 ACADx60@36.38 ADBEx60@36.38 
Purchases: ABCDx60@36.38 ABACx60@36.38 ACCOx60@36.38 ACADx60@36.38 ADBEx60@36.38 

2010-05-04
Cash: 146.88
Held: ABCDx60@34.91 ABACx60@34.91 ACCOx60@34.91 ACADx60@34.91 ADBEx60@34.91 
Value: 10618.75
Sales: ABCDx60@34.91 ABACx60@34.91 ACCOx60@34.91 ACADx60@34.91 ADBEx60@34.91 
Purchases: ABCDx60@34.91 ABACx60@34.91 ACCOx60@34.91 ACADx60@34.91 ADBEx60@34.91 

2010-05-05
Cash: 146.88
Held: ABCDx60@34.53 ABACx60@34.53 ACCOx60@34.53 ACADx60@34.53 ADBEx60@34.53 
Value: 10506.25
Sales: ABCDx60@34.53 ABACx60@34.53 ACCOx60@34.53 ACADx60@34.53 ADBEx60@34.53 
Purchases: ABCDx60@34.53 ABACx60@34.53 ACCOx60@34.53 ACADx60@34.53 ADBEx60@34.53 

2010-05-06
Cash: 146.88
Held: ABCDx60@33.09 ABACx60@33.09 ACCOx60@33.09 ACADx60@33.09 ADBEx60@33.09 
Value: 10075.00
Sales: ABCDx60@33.09 ABACx60@33.09 ACCOx60@33.09 ACADx60@33.09 ADBEx60@33.09 
Purchases: ABCDx60@33.09 ABACx60@33.09 ACCOx60@33.09 ACADx60@33.09 ADBEx60@33.09 

2010-05-09
Cash: 146.88
Held: ABCDx60@33.19 ABACx60@33.19 ACCOx60@33.19 ACADx60@33.19 ADBEx60@33.19 
Value: 10103.12
Sales: ABCDx60@33.19 ABACx60@33.19 ACCOx60@33.19 ACADx60@33.19 ADBEx60@33.19 
Purchases: ABCDx60@33.19 ABACx60@33.19 ACCOx60@33.19 ACADx60@33.19 ADBEx60@33.19 

2010-05-10
Cash: 146.88
Held: ABCDx60@33.69 ABACx60@33.69 ACCOx60@33.69 ACADx60@33.69 ADBEx60@33.69 
Value: 10253.12
Sales: ABCDx60@33.69 ABACx60@33.69 ACCOx60@33.69 ACADx60@33.69 ADBEx60@33.69 
Purchases: ABCDx60@33.69 ABACx60@33.69 ACCOx60@33.69 ACADx60@33.69 ADBEx60@33.69 

2010-05-11
Cash: 146.88
Held: ABCDx60@34.16 ABACx60@34.16 ACCOx60@34.16 ACADx60@34.16 ADBEx60@34.16 
Value: 10393.75
Sales: ABCDx60@34.16 ABACx60@34.16 ACCOx60@34.16 ACADx60@34.16 ADBEx60@34.16 
Purchases: ABCDx60@34.16 ABACx60@34.16 ACCOx60@34.16 ACADx60@34.16 ADBEx60@34.16 

2010-05-12
Cash: 146.88
Held: ABCDx60@34.84 ABACx60@34.84 ACCOx60@34.84 ACADx60@34.84 ADBEx60@34.84 
Value: 10600.00
Sales: ABCDx60@34.84 ABACx60@34.84 ACCOx60@34.84 ACADx60@34.84 ADBEx60@34.84 
Purchases: ABCDx60@34.84 ABACx60@34.84 ACCOx60@34.84 ACADx60@34.84 ADBEx60@34.84 

2010-05-13
Cash: 146.88
Held: ABCDx60@34.38 ABACx60@34.38 ACCOx60@34.38 ACADx60@34.38 ADBEx60@34.38 
Value: 10459.38
Sales: ABCDx60@34.38 ABACx60@34.38 ACCOx60@34.38 ACADx60@34.38 ADBEx60@34.38 
Purchases: ABCDx60@34.38 ABACx60@34.38 ACCOx60@34.38 ACADx60@34.38 ADBEx60@34.38 

2010-05-16
Cash: 146.88
Held: ABCDx60@34.03 ABACx60@34.03 ACCOx60@34.03 ACADx60@34.03 ADBEx60@34.03 
Value: 10356.25
Sales: ABCDx60@34.03 ABACx60@34.03 ACCOx60@34.03 ACADx60@34.03 ADBEx60@34.03 
Purchases: ABCDx60@34.03 ABACx60@34.03 ACCOx60@34.03 ACADx60@34.03 ADBEx60@34.03 

2010-05-17
Cash: 146.88
Held: ABCDx60@34.00 ABACx60@34.00 ACCOx60@34.00 ACADx60@34.00 ADBEx60@34.00 
Value: 10346.88
Sales: ABCDx60@34.00 ABACx60@34.00 ACCOx60@34.00 ACADx60@34.00 ADBEx60@34.00 
Purchases: ABCDx60@34.00 ABACx60@34.00 ACCOx60@34.00 ACADx60@34.00 ADBEx60@34.00 

2010-05-18
Cash: 146.88
Held: ABCDx60@32.00 ABACx60@32.00 ACCOx60@32.00 ACADx60@32.00 ADBEx60@32.00 
Value: 9746.88
Sales: ABCDx60@32.00 ABACx60@32.00 ACCOx60@32.00 ACADx60@32.00 ADBEx60@32.00 
Purchases: ABCDx60@32.00 ABACx60@32.00 ACCOx60@32.00 ACADx60@32.00 ADBEx60@32.00 

2010-05-19
Cash: 146.88
Held: ABCDx60@31.73 ABACx60@31.73 ACCOx60@31.73 ACADx60@31.73 ADBEx60@31.73 
Value: 9667.19
Sales: ABCDx60@31.73 ABACx60@31.73 ACCOx60@31.73 ACADx60@31.73 ADBEx60@31.73 
Purchases: ABCDx60@31.73 ABACx60@31.73 ACCOx60@31.73 ACADx60@31.73 ADBEx60@31.73 

2010-05-20
Cash: 146.88
Held: ABCDx60@30.31 ABACx60@30.31 ACCOx60@30.31 ACADx60@30.31 ADBEx60@30.31 
Value: 9240.62
Sales: ABCDx60@30.31 ABACx60@30.31 ACCOx60@30.31 ACADx60@30.31 ADBEx60@30.31 
Purchases: ABCDx60@30.31 ABACx60@30.31 ACCOx60@30.31 ACADx60@30.31 ADBEx60@30.31 

2010-05-23
Cash: 146.88
Held: ABCDx60@31.23 ABACx60@31.23 ACCOx60@31.23 ACADx60@31.23 ADBEx60@31.23 
Value: 9517.19
Sales: ABCDx60@31.23 ABACx60@31.23 ACCOx60@31.23 ACADx60@31.23 ADBEx60@31.23 
Purchases: ABCDx60@31.23 ABACx60@31.23 ACCOx60@31.23 ACADx60@31.23 ADBEx60@31.23 

2010-05-24
Cash: 146.88
Held: ABCDx60@30.50 ABACx60@30.50 ACCOx60@30.50 ACADx60@30.50 ADBEx60@30.50 
Value: 9296.88
Sales: ABCDx60@30.50 ABACx60@30.50 ACCOx60@30.50 ACADx60@30.50 ADBEx60@30.50 
Purchases: ABCDx60@30.50 ABACx60@30.50 ACCOx60@30.50 ACADx60@30.50 ADBEx60@30.50 

2010-05-25
Cash: 146.88
Held: ABCDx60@31.52 ABACx60@31.52 ACCOx60@31.52 ACADx60@31.52 ADBEx60@31.52 
Value: 9601.56
Sales: ABCDx60@31.52 ABACx60@31.52 ACCOx60@31.52 ACADx60@31.52 ADBEx60@31.52 
Purchases: ABCDx60@31.52 ABACx60@31.52 ACCOx60@31.52 ACADx60@31.52 ADBEx60@31.52 

2010-05-26
Cash: 146.88
Held: ABCDx60@32.22 ABACx60@32.22 ACCOx60@32.22 ACADx60@32.22 ADBEx60@32.22 
Value: 9812.50
Sales: ABCDx60@32.22 ABACx60@32.22 ACCOx60@32.22 ACADx60@32.22 ADBEx60@32.22 
Purchases: ABCDx60@32.22 ABACx60@32.22 ACCOx60@32.22 ACADx60@32.22 ADBEx60@32.22 

2010-05-27
Cash: 146.88
Held: ABCDx60@32.75 ABACx60@32.75 ACCOx60@32.75 ACADx60@32.75 ADBEx60@32.75 
Value: 9971.88
Sales: ABCDx60@32.75 ABACx60@32.75 ACCOx60@32.75 ACADx60@32.75 ADBEx60@32.75 
Purchases: ABCDx60@32.75 ABACx60@32.75 ACCOx60@32.75 ACADx60@32.75 ADBEx60@32.75 

2010-05-31
Cash: 146.88
Held: ABCDx60@32.09 ABACx60@32.09 ACCOx60@32.09 ACADx60@32.09 ADBEx60@32.09 
Value: 9775.00
Sales: ABCDx60@32.09 ABACx60@32.09 ACCOx60@32.09 ACADx60@32.09 ADBEx60@32.09 
Purchases: ABCDx60@32.09 ABACx60@32.09 ACCOx60@32.09 ACADx60@32.09 ADBEx60@32.09 

2010-06-01
Cash: 146.88
Held: ABCDx60@31.70 ABACx60@31.70 ACCOx60@31.70 ACADx60@31.70 ADBEx60@31.70 
Value: 9657.81
Sales: ABCDx60@31.70 ABACx60@31.70 ACCOx60@31.70 ACADx60@31.70 ADBEx60@31.70 
Purchases: ABCDx60@31.70 ABACx60@31.70 ACCOx60@31.70 ACADx60@31.70 ADBEx60@31.70 

2010-06-02
Cash: 146.88
Held: ABCDx60@32.34 ABACx60@32.34 ACCOx60@32.34 ACADx60@32.34 ADBEx60@32.34 
Value: 9850.00
Sales: ABCDx60@32.34 ABACx60@32.34 ACCOx60@32.34 ACADx60@32.34 ADBEx60@32.34 
Purchases: ABCDx60@32.34 ABACx60@32.34 ACCOx60@32.34 ACADx60@32.34 ADBEx60@32.34 

2010-06-03
Cash: 146.88
Held: ABCDx60@31.61 ABACx60@31.61 ACCOx60@31.61 ACADx60@31.61 ADBEx60@31.61 
Value: 9629.69
Sales: ABCDx60@31.61 ABACx60@31.61 ACCOx60@31.61 ACADx60@31.61 ADBEx60@31.61 
Purchases: ABCDx60@31.61 ABACx60@31.61 ACCOx60@31.61 ACADx60@31.61 ADBEx60@31.61 

2010-06-06
Cash: 146.88
Held: ABCDx60@30.53 ABACx60@30.53 ACCOx60@30.53 ACADx60@30.53 ADBEx60@30.53 
Value: 9306.25
Sales: ABCDx60@30.53 ABACx60@30.53 ACCOx60@30.53 ACADx60@30.53 ADBEx60@30.53 
Purchases: ABCDx60@30.53 ABACx60@30.53 ACCOx60@30.53 ACADx60@30.53 ADBEx60@30.53 

2010-06-07
Cash: 146.88
Held: ABCDx60@30.19 ABACx60@30.19 ACCOx60@30.19 ACADx60@30.19 ADBEx60@30.19 
Value: 9203.12
Sales: ABCDx60@30.19 ABACx60@30.19 ACCOx60@30.19 ACADx60@30.19 ADBEx60@30.19 
Purchases: ABCDx60@30.19 ABACx60@30.19 ACCOx60@30.19 ACADx60@30.19 ADBEx60@30.19 

2010-06-08
Cash: 146.88
Held: ABCDx60@29.98 ABACx60@29.98 ACCOx60@29.98 ACADx60@29.98 ADBEx60@29.98 
Value: 9142.19
Sales: ABCDx60@29.98 ABACx60@29.98 ACCOx60@29.98 ACADx60@29.98 ADBEx60@29.98 
Purchases: ABCDx60@29.98 ABACx60@29.98 ACCOx60@29.98 ACADx60@29.98 ADBEx60@29.98 

2010-06-09
Cash: 146.88
Held: ABCDx60@30.02 ABACx60@30.02 ACCOx60@30.02 ACADx60@30.02 ADBEx60@30.02 
Value: 9151.56
Sales: ABCDx60@30.02 ABACx60@30.02 ACCOx60@30.02 ACADx60@30.02 ADBEx60@30.02 
Purchases: ABCDx60@30.02 ABACx60@30.02 ACCOx60@30.02 ACADx60@30.02 ADBEx60@30.02 

2010-06-10
Cash: 146.88
Held: ABCDx60@30.05 ABACx60@30.05 ACCOx60@30.05 ACADx60@30.05 ADBEx60@30.05 
Value: 9160.94
Sales: ABCDx60@30.05 ABACx60@30.05 ACCOx60@30.05 ACADx60@30.05 ADBEx60@30.05 
Purchases: ABCDx60@30.05 ABACx60@30.05 ACCOx60@30.05 ACADx60@30.05 ADBEx60@30.05 

2010-06-13
Cash: 146.88
Held: ABCDx60@31.14 ABACx60@31.14 ACCOx60@31.14 ACADx60@31.14 ADBEx60@31.14 
Value: 9489.06
Sales: ABCDx60@31.14 ABACx60@31.14 ACCOx60@31.14 ACADx60@31.14 ADBEx60@31.14 
Purchases: ABCDx60@31.14 ABACx60@31.14 ACCOx60@31.14 ACADx60@31.14 ADBEx60@31.14 

2010-06-14
Cash: 146.88
Held: ABCDx60@31.80 ABACx60@31.80 ACCOx60@31.80 ACADx60@31.80 ADBEx60@31.80 
Value: 9685.94
Sales: ABCDx60@31.80 ABACx60@31.80 ACCOx60@31.80 ACADx60@31.80 ADBEx60@31.80 
Purchases: ABCDx60@31.80 ABACx60@31.80 ACCOx60@31.80 ACADx60@31.80 ADBEx60@31.80 

2010-06-15
Cash: 146.88
Held: ABCDx60@31.98 ABACx60@31.98 ACCOx60@31.98 ACADx60@31.98 ADBEx60@31.98 
Value: 9742.19
Sales: ABCDx60@31.98 ABACx60@31.98 ACCOx60@31.98 ACADx60@31.98 ADBEx60@31.98 
Purchases: ABCDx60@31.98 ABACx60@31.98 ACCOx60@31.98 ACADx60@31.98 ADBEx60@31.98 

2010-06-16
Cash: 146.88
Held: ABCDx60@32.81 ABACx60@32.81 ACCOx60@32.81 ACADx60@32.81 ADBEx60@32.81 
Value: 9990.62
Sales: ABCDx60@32.81 ABACx60@32.81 ACCOx60@32.81 ACADx60@32.81 ADBEx60@32.81 
Purchases: ABCDx60@32.81 ABACx60@32.81 ACCOx60@32.81 ACADx60@32.81 ADBEx60@32.81 

2010-06-17
Cash: 146.88
Held: ABCDx60@32.56 ABACx60@32.56 ACCOx60@32.56 ACADx60@32.56 ADBEx60@32.56 
Value: 9915.62
Sales: ABCDx60@32.56 ABACx60@32.56 ACCOx60@32.56 ACADx60@32.56 ADBEx60@32.56 
Purchases: ABCDx60@32.56 ABACx60@32.56 ACCOx60@32.56 ACADx60@32.56 ADBEx60@32.56 

2010-06-20
Cash: 146.88
Held: ABCDx60@33.06 ABACx60@33.06 ACCOx60@33.06 ACADx60@33.06 ADBEx60@33.06 
Value: 10065.62
Sales: ABCDx60@33.06 ABACx60@33.06 ACCOx60@33.06 ACADx60@33.06 ADBEx60@33.06 
Purchases: ABCDx60@33.06 ABACx60@33.06 ACCOx60@33.06 ACADx60@33.06 ADBEx60@33.06 

2010-06-21
Cash: 146.88
Held: ABCDx60@32.41 ABACx60@32.41 ACCOx60@32.41 ACADx60@32.41 ADBEx60@32.41 
Value: 9868.75
Sales: ABCDx60@32.41 ABACx60@32.41 ACCOx60@32.41 ACADx60@32.41 ADBEx60@32.41 
Purchases: ABCDx60@32.41 ABACx60@32.41 ACCOx60@32.41 ACADx60@32.41 ADBEx60@32.41 

2010-06-22
Cash: 146.88
Held: ABCDx60@32.09 ABACx60@32.09 ACCOx60@32.09 ACADx60@32.09 ADBEx60@32.09 
Value: 9775.00
Sales: ABCDx60@32.09 ABACx60@32.09 ACCOx60@32.09 ACADx60@32.09 ADBEx60@32.09 
Purchases: ABCDx60@32.09 ABACx60@32.09 ACCOx60@32.09 ACADx60@32.09 ADBEx60@32.09 

2010-06-23
Cash: 146.88
Held: ABCDx60@31.73 ABACx60@31.73 ACCOx60@31.73 ACADx60@31.73 ADBEx60@31.73 
Value: 9667.19
Sales: ABCDx60@31.73 ABACx60@31.73 ACCOx60@31.73 ACADx60@31.73 ADBEx60@31.73 
Purchases: ABCDx60@31.73 ABACx60@31.73 ACCOx60@31.73 ACADx60@31.73 ADBEx60@31.73 

2010-06-24
Cash: 146.88
Held: ABCDx60@30.92 ABACx60@30.92 ACCOx60@30.92 ACADx60@30.92 ADBEx60@30.92 
Value: 9423.44
Sales: ABCDx60@30.92 ABACx60@30.92 ACCOx60@30.92 ACADx60@30.92 ADBEx60@30.92 
Purchases: ABCDx60@30.92 ABACx60@30.92 ACCOx60@30.92 ACADx60@30.92 ADBEx60@30.92 

2010-06-27
Cash: 146.88
Held: ABCDx60@30.62 ABACx60@30.62 ACCOx60@30.62 ACADx60@30.62 ADBEx60@30.62 
Value: 9334.38
Sales: ABCDx60@30.62 ABACx60@30.62 ACCOx60@30.62 ACADx60@30.62 ADBEx60@30.62 
Purchases: ABCDx60@30.62 ABACx60@30.62 ACCOx60@30.62 ACADx60@30.62 ADBEx60@30.62 

2010-06-28
Cash: 146.88
Held: ABCDx60@30.03 ABACx60@30.03 ACCOx60@30.03 ACADx60@30.03 ADBEx60@30.03 
Value: 9156.25
Sales: ABCDx60@30.03 ABACx60@30.03 ACCOx60@30.03 ACADx60@30.03 ADBEx60@30.03 
Purchases: ABCDx60@30.03 ABACx60@30.03 ACCOx60@30.03 ACADx60@30.03 ADBEx60@30.03 

2010-06-29
Cash: 146.88
Held: ABCDx60@29.16 ABACx60@29.16 ACCOx60@29.16 ACADx60@29.16 ADBEx60@29.16 
Value: 8893.75
Sales: ABCDx60@29.16 ABACx60@29.16 ACCOx60@29.16 ACADx60@29.16 ADBEx60@29.16 
Purchases: ABCDx61@29.16 ABACx61@29.16 ACCOx61@29.16 ACADx61@29.16 ADBEx61@29.16 

2010-06-30
Cash: 1.09
Held: ABCDx61@28.50 ABACx61@28.50 ACCOx61@28.50 ACADx61@28.50 ADBEx61@28.50 
Value: 8693.59
Sales: ABCDx61@28.50 ABACx61@28.50 ACCOx61@28.50 ACADx61@28.50 ADBEx61@28.50 
Purchases: ABCDx61@28.50 ABACx61@28.50 ACCOx61@28.50 ACADx61@28.50 ADBEx61@28.50 

2010-07-01
Cash: 1.09
Held: ABCDx61@28.36 ABACx61@28.36 ACCOx61@28.36 ACADx61@28.36 ADBEx61@28.36 
Value: 8650.70
Sales: ABCDx61@28.36 ABACx61@28.36 ACCOx61@28.36 ACADx61@28.36 ADBEx61@28.36 
Purchases: ABCDx61@28.36 ABACx61@28.36 ACCOx61@28.36 ACADx61@28.36 ADBEx61@28.36 

2010-07-05
Cash: 1.09
Held: ABCDx61@28.34 ABACx61@28.34 ACCOx61@28.34 ACADx61@28.34 ADBEx61@28.34 
Value: 8645.94
Sales: ABCDx61@28.34 ABACx61@28.34 ACCOx61@28.34 ACADx61@28.34 ADBEx61@28.34 
Purchases: ABCDx61@28.34 ABACx61@28.34 ACCOx61@28.34 ACADx61@28.34 ADBEx61@28.34 

2010-07-06
Cash: 1.09
Held: ABCDx61@27.80 ABACx61@27.80 ACCOx61@27.80 ACADx61@27.80 ADBEx61@27.80 
Value: 8479.14
Sales: ABCDx61@27.80 ABACx61@27.80 ACCOx61@27.80 ACADx61@27.80 ADBEx61@27.80 
Purchases: ABCDx61@27.80 ABACx61@27.80 ACCOx61@27.80 ACADx61@27.80 ADBEx61@27.80 

2010-07-07
Cash: 1.09
Held: ABCDx61@28.77 ABACx61@28.77 ACCOx61@28.77 ACADx61@28.77 ADBEx61@28.77 
Value: 8774.61
Sales: ABCDx61@28.77 ABACx61@28.77 ACCOx61@28.77 ACADx61@28.77 ADBEx61@28.77 
Purchases: ABCDx61@28.77 ABACx61@28.77 ACCOx61@28.77 ACADx61@28.77 ADBEx61@28.77 

2010-07-08
Cash: 1.09
Held: ABCDx61@28.88 ABACx61@28.88 ACCOx61@28.88 ACADx61@28.88 ADBEx61@28.88 
Value: 8807.97
Sales: ABCDx61@28.88 ABACx61@28.88 ACCOx61@28.88 ACADx61@28.88 ADBEx61@28.88 
Purchases: ABCDx61@28.88 ABACx61@28.88 ACCOx61@28.88 ACADx61@28.88 ADBEx61@28.88 

2010-07-11
Cash: 1.09
Held: ABCDx61@28.52 ABACx61@28.52 ACCOx61@28.52 ACADx61@28.52 ADBEx61@28.52 
Value: 8698.36
Sales: ABCDx61@28.52 ABACx61@28.52 ACCOx61@28.52 ACADx61@28.52 ADBEx61@28.52 
Purchases: ABCDx61@28.52 ABACx61@28.52 ACCOx61@28.52 ACADx61@28.52 ADBEx61@28.52 

2010-07-12
Cash: 1.09
Held: ABCDx61@28.47 ABACx61@28.47 ACCOx61@28.47 ACADx61@28.47 ADBEx61@28.47 
Value: 8684.06
Sales: ABCDx61@28.47 ABACx61@28.47 ACCOx61@28.47 ACADx61@28.47 ADBEx61@28.47 
Purchases: ABCDx61@28.47 ABACx61@28.47 ACCOx61@28.47 ACADx61@28.47 ADBEx61@28.47 

2010-07-13
Cash: 1.09
Held: ABCDx61@28.62 ABACx61@28.62 ACCOx61@28.62 ACADx61@28.62 ADBEx61@28.62 
Value: 8731.72
Sales: ABCDx61@28.62 ABACx61@28.62 ACCOx61@28.62 ACADx61@28.62 ADBEx61@28.62 
Purchases: ABCDx61@28.62 ABACx61@28.62 ACCOx61@28.62 ACADx61@28.62 ADBEx61@28.62 

2010-07-14
Cash: 1.09
Held: ABCDx61@28.62 ABACx61@28.62 ACCOx61@28.62 ACADx61@28.62 ADBEx61@28.62 
Value: 8731.72
Sales: ABCDx61@28.62 ABACx61@28.62 ACCOx61@28.62 ACADx61@28.62 ADBEx61@28.62 
Purchases: ABCDx61@28.62 ABACx61@28.62 ACCOx61@28.62 ACADx61@28.62 ADBEx61@28.62 

2010-07-15
Cash: 1.09
Held: ABCDx61@28.20 ABACx61@28.20 ACCOx61@28.20 ACADx61@28.20 ADBEx61@28.20 
Value: 8603.05
Sales: ABCDx61@28.20 ABACx61@28.20 ACCOx61@28.20 ACADx61@28.20 ADBEx61@28.20 
Purchases: ABCDx61@28.20 ABACx61@28.20 ACCOx61@28.20 ACADx61@28.20 ADBEx61@28.20 

2010-07-18
Cash: 1.09
Held: ABCDx61@27.30 ABACx61@27.30 ACCOx61@27.30 ACADx61@27.30 ADBEx61@27.30 
Value: 8326.64
Sales: ABCDx61@27.30 ABACx61@27.30 ACCOx61@27.30 ACADx61@27.30 ADBEx61@27.30 
Purchases: ABCDx61@27.30 ABACx61@27.30 ACCOx61@27.30 ACADx61@27.30 ADBEx61@27.30 

2010-07-19
Cash: 1.09
Held: ABCDx61@27.03 ABACx61@27.03 ACCOx61@27.03 ACADx61@27.03 ADBEx61@27.03 
Value: 8245.62
Sales: ABCDx61@27.03 ABACx61@27.03 ACCOx61@27.03 ACADx61@27.03 ADBEx61@27.03 
Purchases: ABCDx61@27.03 ABACx61@27.03 ACCOx61@27.03 ACADx61@27.03 ADBEx61@27.03 

2010-07-20
Cash: 1.09
Held: ABCDx61@27.69 ABACx61@27.69 ACCOx61@27.69 ACADx61@27.69 ADBEx61@27.69 
Value: 8445.78
Sales: ABCDx61@27.69 ABACx61@27.69 ACCOx61@27.69 ACADx61@27.69 ADBEx61@27.69 
Purchases: ABCDx61@27.69 ABACx61@27.69 ACCOx61@27.69 ACADx61@27.69 ADBEx61@27.69 

2010-07-21
Cash: 1.09
Held: ABCDx61@27.95 ABACx61@27.95 ACCOx61@27.95 ACADx61@27.95 ADBEx61@27.95 
Value: 8526.80
Sales: ABCDx61@27.95 ABACx61@27.95 ACCOx61@27.95 ACADx61@27.95 ADBEx61@27.95 
Purchases: ABCDx61@27.95 ABACx61@27.95 ACCOx61@27.95 ACADx61@27.95 ADBEx61@27.95 

2010-07-22
Cash: 1.09
Held: ABCDx61@28.56 ABACx61@28.56 ACCOx61@28.56 ACADx61@28.56 ADBEx61@28.56 
Value: 8712.66
Sales: ABCDx61@28.56 ABACx61@28.56 ACCOx61@28.56 ACADx61@28.56 ADBEx61@28.56 
Purchases: ABCDx61@28.56 ABACx61@28.56 ACCOx61@28.56 ACADx61@28.56 ADBEx61@28.56 

2010-07-25
Cash: 1.09
Held: ABCDx61@29.22 ABACx61@29.22 ACCOx61@29.22 ACADx61@29.22 ADBEx61@29.22 
Value: 8912.81
Sales: ABCDx61@29.22 ABACx61@29.22 ACCOx61@29.22 ACADx61@29.22 ADBEx61@29.22 
Purchases: ABCDx61@29.22 ABACx61@29.22 ACCOx61@29.22 ACADx61@29.22 ADBEx61@29.22 

2010-07-26
Cash: 1.09
Held: ABCDx61@29.73 ABACx61@29.73 ACCOx61@29.73 ACADx61@29.73 ADBEx61@29.73 
Value: 9070.08
Sales: ABCDx61@29.73 ABACx61@29.73 ACCOx61@29.73 ACADx61@29.73 ADBEx61@29.73 
Purchases: ABCDx61@29.73 ABACx61@29.73 ACCOx61@29.73 ACADx61@29.73 ADBEx61@29.73 

2010-07-27
Cash: 1.09
Held: ABCDx61@28.80 ABACx61@28.80 ACCOx61@28.80 ACADx61@28.80 ADBEx61@28.80 
Value: 8784.14
Sales: ABCDx61@28.80 ABACx61@28.80 ACCOx61@28.80 ACADx61@28.80 ADBEx61@28.80 
Purchases: ABCDx61@28.80 ABACx61@28.80 ACCOx61@28.80 ACADx61@28.80 ADBEx61@28.80 

2010-07-28
Cash: 1.09
Held: ABCDx61@28.97 ABACx61@28.97 ACCOx61@28.97 ACADx61@28.97 ADBEx61@28.97 
Value: 8836.56
Sales: ABCDx61@28.97 ABACx61@28.97 ACCOx61@28.97 ACADx61@28.97 ADBEx61@28.97 
Purchases: ABCDx61@28.97 ABACx61@28.97 ACCOx61@28.97 ACADx61@28.97 ADBEx61@28.97 

2010-07-29
Cash: 1.09
Held: ABCDx61@27.78 ABACx61@27.78 ACCOx61@27.78 ACADx61@27.78 ADBEx61@27.78 
Value: 8474.38
Sales: ABCDx61@27.78 ABACx61@27.78 ACCOx61@27.78 ACADx61@27.78 ADBEx61@27.78 
Purchases: ABCDx61@27.78 ABACx61@27.78 ACCOx61@27.78 ACADx61@27.78 ADBEx61@27.78 

2010-08-01
Cash: 1.09
Held: ABCDx61@28.34 ABACx61@28.34 ACCOx61@28.34 ACADx61@28.34 ADBEx61@28.34 
Value: 8645.94
Sales: ABCDx61@28.34 ABACx61@28.34 ACCOx61@28.34 ACADx61@28.34 ADBEx61@28.34 
Purchases: ABCDx61@28.34 ABACx61@28.34 ACCOx61@28.34 ACADx61@28.34 ADBEx61@28.34 

2010-08-02
Cash: 1.09
Held: ABCDx61@28.61 ABACx61@28.61 ACCOx61@28.61 ACADx61@28.61 ADBEx61@28.61 
Value: 8726.95
Sales: ABCDx61@28.61 ABACx61@28.61 ACCOx61@28.61 ACADx61@28.61 ADBEx61@28.61 
Purchases: ABCDx61@28.61 ABACx61@28.61 ACCOx61@28.61 ACADx61@28.61 ADBEx61@28.61 

2010-08-03
Cash: 1.09
Held: ABCDx61@27.86 ABACx61@27.86 ACCOx61@27.86 ACADx61@27.86 ADBEx61@27.86 
Value: 8498.20
Sales: ABCDx61@27.86 ABACx61@27.86 ACCOx61@27.86 ACADx61@27.86 ADBEx61@27.86 
Purchases: ABCDx61@27.86 ABACx61@27.86 ACCOx61@27.86 ACADx61@27.86 ADBEx61@27.86 

2010-08-04
Cash: 1.09
Held: ABCDx61@28.03 ABACx61@28.03 ACCOx61@28.03 ACADx61@28.03 ADBEx61@28.03 
Value: 8550.62
Sales: ABCDx61@28.03 ABACx61@28.03 ACCOx61@28.03 ACADx61@28.03 ADBEx61@28.03 
Purchases: ABCDx61@28.03 ABACx61@28.03 ACCOx61@28.03 ACADx61@28.03 ADBEx61@28.03 

2010-08-05
Cash: 1.09
Held: ABCDx61@28.19 ABACx61@28.19 ACCOx61@28.19 ACADx61@28.19 ADBEx61@28.19 
Value: 8598.28
Sales: ABCDx61@28.19 ABACx61@28.19 ACCOx61@28.19 ACADx61@28.19 ADBEx61@28.19 
Purchases: ABCDx61@28.19 ABACx61@28.19 ACCOx61@28.19 ACADx61@28.19 ADBEx61@28.19 

2010-08-08
Cash: 1.09
Held: ABCDx61@28.92 ABACx61@28.92 ACCOx61@28.92 ACADx61@28.92 ADBEx61@28.92 
Value: 8822.27
Sales: ABCDx61@28.92 ABACx61@28.92 ACCOx61@28.92 ACADx61@28.92 ADBEx61@28.92 
Purchases: ABCDx61@28.92 ABACx61@28.92 ACCOx61@28.92 ACADx61@28.92 ADBEx61@28.92 

2010-08-09
Cash: 1.09
Held: ABCDx61@29.44 ABACx61@29.44 ACCOx61@29.44 ACADx61@29.44 ADBEx61@29.44 
Value: 8979.53
Sales: ABCDx61@29.44 ABACx61@29.44 ACCOx61@29.44 ACADx61@29.44 ADBEx61@29.44 
Purchases: ABCDx61@29.44 ABACx61@29.44 ACCOx61@29.44 ACADx61@29.44 ADBEx61@29.44 

2010-08-10
Cash: 1.09
Held: ABCDx61@28.86 ABACx61@28.86 ACCOx61@28.86 ACADx61@28.86 ADBEx61@28.86 
Value: 8803.20
Sales: ABCDx61@28.86 ABACx61@28.86 ACCOx61@28.86 ACADx61@28.86 ADBEx61@28.86 
Purchases: ABCDx61@28.86 ABACx61@28.86 ACCOx61@28.86 ACADx61@28.86 ADBEx61@28.86 

2010-08-11
Cash: 1.09
Held: ABCDx61@27.66 ABACx61@27.66 ACCOx61@27.66 ACADx61@27.66 ADBEx61@27.66 
Value: 8436.25
Sales: ABCDx61@27.66 ABACx61@27.66 ACCOx61@27.66 ACADx61@27.66 ADBEx61@27.66 
Purchases: ABCDx61@27.66 ABACx61@27.66 ACCOx61@27.66 ACADx61@27.66 ADBEx61@27.66 

2010-08-12
Cash: 1.09
Held: ABCDx61@27.39 ABACx61@27.39 ACCOx61@27.39 ACADx61@27.39 ADBEx61@27.39 
Value: 8355.23
Sales: ABCDx61@27.39 ABACx61@27.39 ACCOx61@27.39 ACADx61@27.39 ADBEx61@27.39 
Purchases: ABCDx61@27.39 ABACx61@27.39 ACCOx61@27.39 ACADx61@27.39 ADBEx61@27.39 

2010-08-15
Cash: 1.09
Held: ABCDx61@27.11 ABACx61@27.11 ACCOx61@27.11 ACADx61@27.11 ADBEx61@27.11 
Value: 8269.45
Sales: ABCDx61@27.11 ABACx61@27.11 ACCOx61@27.11 ACADx61@27.11 ADBEx61@27.11 
Purchases: ABCDx61@27.11 ABACx61@27.11 ACCOx61@27.11 ACADx61@27.11 ADBEx61@27.11 

2010-08-16
Cash: 1.09
Held: ABCDx61@28.75 ABACx61@28.75 ACCOx61@28.75 ACADx61@28.75 ADBEx61@28.75 
Value: 8769.84
Sales: ABCDx61@28.75 ABACx61@28.75 ACCOx61@28.75 ACADx61@28.75 ADBEx61@28.75 
Purchases: ABCDx61@28.75 ABACx61@28.75 ACCOx61@28.75 ACADx61@28.75 ADBEx61@28.75 

2010-08-17
Cash: 1.09
Held: ABCDx61@29.33 ABACx61@29.33 ACCOx61@29.33 ACADx61@29.33 ADBEx61@29.33 
Value: 8946.17
Sales: ABCDx61@29.33 ABACx61@29.33 ACCOx61@29.33 ACADx61@29.33 ADBEx61@29.33 
Purchases: ABCDx61@29.33 ABACx61@29.33 ACCOx61@29.33 ACADx61@29.33 ADBEx61@29.33 

2010-08-18
Cash: 1.09
Held: ABCDx61@29.25 ABACx61@29.25 ACCOx61@29.25 ACADx61@29.25 ADBEx61@29.25 
Value: 8922.34
Sales: ABCDx61@29.25 ABACx61@29.25 ACCOx61@29.25 ACADx61@29.25 ADBEx61@29.25 
Purchases: ABCDx61@29.25 ABACx61@29.25 ACCOx61@29.25 ACADx61@29.25 ADBEx61@29.25 

2010-08-19
Cash: 1.09
Held: ABCDx61@28.27 ABACx61@28.27 ACCOx61@28.27 ACADx61@28.27 ADBEx61@28.27 
Value: 8622.11
Sales: ABCDx61@28.27 ABACx61@28.27 ACCOx61@28.27 ACADx61@28.27 ADBEx61@28.27 
Purchases: ABCDx61@28.27 ABACx61@28.27 ACCOx61@28.27 ACADx61@28.27 ADBEx61@28.27 

2010-08-22
Cash: 1.09
Held: ABCDx61@28.73 ABACx61@28.73 ACCOx61@28.73 ACADx61@28.73 ADBEx61@28.73 
Value: 8765.08
Sales: ABCDx61@28.73 ABACx61@28.73 ACCOx61@28.73 ACADx61@28.73 ADBEx61@28.73 
Purchases: ABCDx61@28.73 ABACx61@28.73 ACCOx61@28.73 ACADx61@28.73 ADBEx61@28.73 

2010-08-23
Cash: 1.09
Held: ABCDx61@27.52 ABACx61@27.52 ACCOx61@27.52 ACADx61@27.52 ADBEx61@27.52 
Value: 8393.36
Sales: ABCDx61@27.52 ABACx61@27.52 ACCOx61@27.52 ACADx61@27.52 ADBEx61@27.52 
Purchases: ABCDx61@27.52 ABACx61@27.52 ACCOx61@27.52 ACADx61@27.52 ADBEx61@27.52 

2010-08-24
Cash: 1.09
Held: ABCDx61@27.14 ABACx61@27.14 ACCOx61@27.14 ACADx61@27.14 ADBEx61@27.14 
Value: 8278.98
Sales: ABCDx61@27.14 ABACx61@27.14 ACCOx61@27.14 ACADx61@27.14 ADBEx61@27.14 
Purchases: ABCDx61@27.14 ABACx61@27.14 ACCOx61@27.14 ACADx61@27.14 ADBEx61@27.14 

2010-08-25
Cash: 1.09
Held: ABCDx61@27.88 ABACx61@27.88 ACCOx61@27.88 ACADx61@27.88 ADBEx61@27.88 
Value: 8502.97
Sales: ABCDx61@27.88 ABACx61@27.88 ACCOx61@27.88 ACADx61@27.88 ADBEx61@27.88 
Purchases: ABCDx61@27.88 ABACx61@27.88 ACCOx61@27.88 ACADx61@27.88 ADBEx61@27.88 

2010-08-26
Cash: 1.09
Held: ABCDx61@27.69 ABACx61@27.69 ACCOx61@27.69 ACADx61@27.69 ADBEx61@27.69 
Value: 8445.78
Sales: ABCDx61@27.69 ABACx61@27.69 ACCOx61@27.69 ACADx61@27.69 ADBEx61@27.69 
Purchases: ABCDx61@27.69 ABACx61@27.69 ACCOx61@27.69 ACADx61@27.69 ADBEx61@27.69 

2010-08-29
Cash: 1.09
Held: ABCDx61@27.77 ABACx61@27.77 ACCOx61@27.77 ACADx61@27.77 ADBEx61@27.77 
Value: 8469.61
Sales: ABCDx61@27.77 ABACx61@27.77 ACCOx61@27.77 ACADx61@27.77 ADBEx61@27.77 
Purchases: ABCDx61@27.77 ABACx61@27.77 ACCOx61@27.77 ACADx61@27.77 ADBEx61@27.77 

2010-08-30
Cash: 1.09
Held: ABCDx61@27.56 ABACx61@27.56 ACCOx61@27.56 ACADx61@27.56 ADBEx61@27.56 
Value: 8407.66
Sales: ABCDx61@27.56 ABACx61@27.56 ACCOx61@27.56 ACADx61@27.56 ADBEx61@27.56 
Purchases: ABCDx61@27.56 ABACx61@27.56 ACCOx61@27.56 ACADx61@27.56 ADBEx61@27.56 

2010-08-31
Cash: 1.09
Held: ABCDx61@27.45 ABACx61@27.45 ACCOx61@27.45 ACADx61@27.45 ADBEx61@27.45 
Value: 8374.30
Sales: ABCDx61@27.45 ABACx61@27.45 ACCOx61@27.45 ACADx61@27.45 ADBEx61@27.45 
Purchases: ABCDx61@27.45 ABACx61@27.45 ACCOx61@27.45 ACADx61@27.45 ADBEx61@27.45 

2010-09-01
Cash: 1.09
Held: ABCDx61@28.47 ABACx61@28.47 ACCOx61@28.47 ACADx61@28.47 ADBEx61@28.47 
Value: 8684.06
Sales: ABCDx61@28.47 ABACx61@28.47 ACCOx61@28.47 ACADx61@28.47 ADBEx61@28.47 
Purchases: ABCDx61@28.47 ABACx61@28.47 ACCOx61@28.47 ACADx61@28.47 ADBEx61@28.47 

2010-09-02
Cash: 1.09
Held: ABCDx61@29.48 ABACx61@29.48 ACCOx61@29.48 ACADx61@29.48 ADBEx61@29.48 
Value: 8993.83
Sales: ABCDx61@29.48 ABACx61@29.48 ACCOx61@29.48 ACADx61@29.48 ADBEx61@29.48 
Purchases: ABCDx61@29.48 ABACx61@29.48 ACCOx61@29.48 ACADx61@29.48 ADBEx61@29.48 

2010-09-06
Cash: 1.09
Held: ABCDx61@29.69 ABACx61@29.69 ACCOx61@29.69 ACADx61@29.69 ADBEx61@29.69 
Value: 9055.78
Sales: ABCDx61@29.69 ABACx61@29.69 ACCOx61@29.69 ACADx61@29.69 ADBEx61@29.69 
Purchases: ABCDx61@29.69 ABACx61@29.69 ACCOx61@29.69 ACADx61@29.69 ADBEx61@29.69 

2010-09-07
Cash: 1.09
Held: ABCDx61@29.08 ABACx61@29.08 ACCOx61@29.08 ACADx61@29.08 ADBEx61@29.08 
Value: 8869.92
Sales: ABCDx61@29.08 ABACx61@29.08 ACCOx61@29.08 ACADx61@29.08 ADBEx61@29.08 
Purchases: ABCDx61@29.08 ABACx61@29.08 ACCOx61@29.08 ACADx61@29.08 ADBEx61@29.08 

2010-09-08
Cash: 1.09
Held: ABCDx61@29.25 ABACx61@29.25 ACCOx61@29.25 ACADx61@29.25 ADBEx61@29.25 
Value: 8922.34
Sales: ABCDx61@29.25 ABACx61@29.25 ACCOx61@29.25 ACADx61@29.25 ADBEx61@29.25 
Purchases: ABCDx61@29.25 ABACx61@29.25 ACCOx61@29.25 ACADx61@29.25 ADBEx61@29.25 

2010-09-09
Cash: 1.09
Held: ABCDx61@28.95 ABACx61@28.95 ACCOx61@28.95 ACADx61@28.95 ADBEx61@28.95 
Value: 8831.80
Sales: ABCDx61@28.95 ABACx61@28.95 ACCOx61@28.95 ACADx61@28.95 ADBEx61@28.95 
Purchases: ABCDx61@28.95 ABACx61@28.95 ACCOx61@28.95 ACADx61@28.95 ADBEx61@28.95 

2010-09-12
Cash: 1.09
Held: ABCDx61@29.23 ABACx61@29.23 ACCOx61@29.23 ACADx61@29.23 ADBEx61@29.23 
Value: 8917.58
Sales: ABCDx61@29.23 ABACx61@29.23 ACCOx61@29.23 ACADx61@29.23 ADBEx61@29.23 
Purchases: ABCDx61@29.23 ABACx61@29.23 ACCOx61@29.23 ACADx61@29.23 ADBEx61@29.23 

2010-09-13
Cash: 1.09
Held: ABCDx61@29.02 ABACx61@29.02 ACCOx61@29.02 ACADx61@29.02 ADBEx61@29.02 
Value: 8850.86
Sales: ABCDx61@29.02 ABACx61@29.02 ACCOx61@29.02 ACADx61@29.02 ADBEx61@29.02 
Purchases: ABCDx61@29.02 ABACx61@29.02 ACCOx61@29.02 ACADx61@29.02 ADBEx61@29.02 

2010-09-14
Cash: 1.09
Held: ABCDx61@29.16 ABACx61@29.16 ACCOx61@29.16 ACADx61@29.16 ADBEx61@29.16 
Value: 8893.75
Sales: ABCDx61@29.16 ABACx61@29.16 ACCOx61@29.16 ACADx61@29.16 ADBEx61@29.16 
Purchases: ABCDx61@29.16 ABACx61@29.16 ACCOx61@29.16 ACADx61@29.16 ADBEx61@29.16 

2010-09-15
Cash: 1.09
Held: ABCDx61@29.34 ABACx61@29.34 ACCOx61@29.34 ACADx61@29.34 ADBEx61@29.34 
Value: 8950.94
Sales: ABCDx61@29.34 ABACx61@29.34 ACCOx61@29.34 ACADx61@29.34 ADBEx61@29.34 
Purchases: ABCDx61@29.34 ABACx61@29.34 ACCOx61@29.34 ACADx61@29.34 ADBEx61@29.34 

2010-09-16
Cash: 1.09
Held: ABCDx61@30.31 ABACx61@30.31 ACCOx61@30.31 ACADx61@30.31 ADBEx61@30.31 
Value: 9246.41
Sales: ABCDx61@30.31 ABACx61@30.31 ACCOx61@30.31 ACADx61@30.31 ADBEx61@30.31 
Purchases: ABCDx61@30.31 ABACx61@30.31 ACCOx61@30.31 ACADx61@30.31 ADBEx61@30.31 

2010-09-19
Cash: 1.09
Held: ABCDx61@30.78 ABACx61@30.78 ACCOx61@30.78 ACADx61@30.78 ADBEx61@30.78 
Value: 9389.38
Sales: ABCDx61@30.78 ABACx61@30.78 ACCOx61@30.78 ACADx61@30.78 ADBEx61@30.78 
Purchases: ABCDx61@30.78 ABACx61@30.78 ACCOx61@30.78 ACADx61@30.78 ADBEx61@30.78 

2010-09-20
Cash: 1.09
Held: ABCDx61@30.98 ABACx61@30.98 ACCOx61@30.98 ACADx61@30.98 ADBEx61@30.98 
Value: 9451.33
Sales: ABCDx61@30.98 ABACx61@30.98 ACCOx61@30.98 ACADx61@30.98 ADBEx61@30.98 
Purchases: ABCDx61@30.98 ABACx61@30.98 ACCOx61@30.98 ACADx61@30.98 ADBEx61@30.98 

2010-09-21
Cash: 1.09
Held: ABCDx61@30.98 ABACx61@30.98 ACCOx61@30.98 ACADx61@30.98 ADBEx61@30.98 
Value: 9451.33
Sales: ABCDx61@30.98 ABACx61@30.98 ACCOx61@30.98 ACADx61@30.98 ADBEx61@30.98 
Purchases: ABCDx61@30.98 ABACx61@30.98 ACCOx61@30.98 ACADx61@30.98 ADBEx61@30.98 

2010-09-22
Cash: 1.09
Held: ABCDx61@30.48 ABACx61@30.48 ACCOx61@30.48 ACADx61@30.48 ADBEx61@30.48 
Value: 9298.83
Sales: ABCDx61@30.48 ABACx61@30.48 ACCOx61@30.48 ACADx61@30.48 ADBEx61@30.48 
Purchases: ABCDx61@30.48 ABACx61@30.48 ACCOx61@30.48 ACADx61@30.48 ADBEx61@30.48 

2010-09-23
Cash: 1.09
Held: ABCDx61@30.97 ABACx61@30.97 ACCOx61@30.97 ACADx61@30.97 ADBEx61@30.97 
Value: 9446.56
Sales: ABCDx61@30.97 ABACx61@30.97 ACCOx61@30.97 ACADx61@30.97 ADBEx61@30.97 
Purchases: ABCDx61@30.97 ABACx61@30.97 ACCOx61@30.97 ACADx61@30.97 ADBEx61@30.97 

2010-09-26
Cash: 1.09
Held: ABCDx61@32.06 ABACx61@32.06 ACCOx61@32.06 ACADx61@32.06 ADBEx61@32.06 
Value: 9780.16
Sales: ABCDx61@32.06 ABACx61@32.06 ACCOx61@32.06 ACADx61@32.06 ADBEx61@32.06 
Purchases: ABCDx61@32.06 ABACx61@32.06 ACCOx61@32.06 ACADx61@32.06 ADBEx61@32.06 

2010-09-27
Cash: 1.09
Held: ABCDx61@31.95 ABACx61@31.95 ACCOx61@31.95 ACADx61@31.95 ADBEx61@31.95 
Value: 9746.80
Sales: ABCDx61@31.95 ABACx61@31.95 ACCOx61@31.95 ACADx61@31.95 ADBEx61@31.95 
Purchases: ABCDx61@31.95 ABACx61@31.95 ACCOx61@31.95 ACADx61@31.95 ADBEx61@31.95 

2010-09-28
Cash: 1.09
Held: ABCDx61@32.09 ABACx61@32.09 ACCOx61@32.09 ACADx61@32.09 ADBEx61@32.09 
Value: 9789.69
Sales: ABCDx61@32.09 ABACx61@32.09 ACCOx61@32.09 ACADx61@32.09 ADBEx61@32.09 
Purchases: ABCDx61@32.09 ABACx61@32.09 ACCOx61@32.09 ACADx61@32.09 ADBEx61@32.09 

2010-09-29
Cash: 1.09
Held: ABCDx61@32.78 ABACx61@32.78 ACCOx61@32.78 ACADx61@32.78 ADBEx61@32.78 
Value: 9999.38
Sales: ABCDx61@32.78 ABACx61@32.78 ACCOx61@32.78 ACADx61@32.78 ADBEx61@32.78 
Purchases: ABCDx61@32.78 ABACx61@32.78 ACCOx61@32.78 ACADx61@32.78 ADBEx61@32.78 

2010-09-30
Cash: 1.09
Held: ABCDx61@33.69 ABACx61@33.69 ACCOx61@33.69 ACADx61@33.69 ADBEx61@33.69 
Value: 10275.78
Sales: ABCDx61@33.69 ABACx61@33.69 ACCOx61@33.69 ACADx61@33.69 ADBEx61@33.69 
Purchases: ABCDx61@33.69 ABACx61@33.69 ACCOx61@33.69 ACADx61@33.69 ADBEx61@33.69 

2010-10-03
Cash: 1.09
Held: ABCDx61@33.56 ABACx61@33.56 ACCOx61@33.56 ACADx61@33.56 ADBEx61@33.56 
Value: 10237.66
Sales: ABCDx61@33.56 ABACx61@33.56 ACCOx61@33.56 ACADx61@33.56 ADBEx61@33.56 
Purchases: ABCDx61@33.56 ABACx61@33.56 ACCOx61@33.56 ACADx61@33.56 ADBEx61@33.56 

2010-10-04
Cash: 1.09
Held: ABCDx61@32.94 ABACx61@32.94 ACCOx61@32.94 ACADx61@32.94 ADBEx61@32.94 
Value: 10047.03
Sales: ABCDx61@32.94 ABACx61@32.94 ACCOx61@32.94 ACADx61@32.94 ADBEx61@32.94 
Purchases: ABCDx61@32.94 ABACx61@32.94 ACCOx61@32.94 ACADx61@32.94 ADBEx61@32.94 

2010-10-05
Cash: 1.09
Held: ABCDx61@33.03 ABACx61@33.03 ACCOx61@33.03 ACADx61@33.03 ADBEx61@33.03 
Value: 10075.62
Sales: ABCDx61@33.03 ABACx61@33.03 ACCOx61@33.03 ACADx61@33.03 ADBEx61@33.03 
Purchases: ABCDx61@33.03 ABACx61@33.03 ACCOx61@33.03 ACADx61@33.03 ADBEx61@33.03 

2010-10-06
Cash: 1.09
Held: ABCDx61@32.94 ABACx61@32.94 ACCOx61@32.94 ACADx61@32.94 ADBEx61@32.94 
Value: 10047.03
Sales: ABCDx61@32.94 ABACx61@32.94 ACCOx61@32.94 ACADx61@32.94 ADBEx61@32.94 
Purchases: ABCDx61@32.94 ABACx61@32.94 ACCOx61@32.94 ACADx61@32.94 ADBEx61@32.94 

2010-10-07
Cash: 1.09
Held: ABCDx61@33.22 ABACx61@33.22 ACCOx61@33.22 ACADx61@33.22 ADBEx61@33.22 
Value: 10132.81
Sales: ABCDx61@33.22 ABACx61@33.22 ACCOx61@33.22 ACADx61@33.22 ADBEx61@33.22 
Purchases: ABCDx61@33.22 ABACx61@33.22 ACCOx61@33.22 ACADx61@33.22 ADBEx61@33.22 

2010-10-10
Cash: 1.09
Held: ABCDx61@33.78 ABACx61@33.78 ACCOx61@33.78 ACADx61@33.78 ADBEx61@33.78 
Value: 10304.38
Sales: ABCDx61@33.78 ABACx61@33.78 ACCOx61@33.78 ACADx61@33.78 ADBEx61@33.78 
Purchases: ABCDx61@33.78 ABACx61@33.78 ACCOx61@33.78 ACADx61@33.78 ADBEx61@33.78 

2010-10-11
Cash: 1.09
Held: ABCDx61@33.62 ABACx61@33.62 ACCOx61@33.62 ACADx61@33.62 ADBEx61@33.62 
Value: 10256.72
Sales: ABCDx61@33.62 ABACx61@33.62 ACCOx61@33.62 ACADx61@33.62 ADBEx61@33.62 
Purchases: ABCDx61@33.62 ABACx61@33.62 ACCOx61@33.62 ACADx61@33.62 ADBEx61@33.62 

2010-10-12
Cash: 1.09
Held: ABCDx61@33.94 ABACx61@33.94 ACCOx61@33.94 ACADx61@33.94 ADBEx61@33.94 
Value: 10352.03
Sales: ABCDx61@33.94 ABACx61@33.94 ACCOx61@33.94 ACADx61@33.94 ADBEx61@33.94 
Purchases: ABCDx61@33.94 ABACx61@33.94 ACCOx61@33.94 ACADx61@33.94 ADBEx61@33.94 

2010-10-13
Cash: 1.09
Held: ABCDx61@34.28 ABACx61@34.28 ACCOx61@34.28 ACADx61@34.28 ADBEx61@34.28 
Value: 10456.88
Sales: ABCDx61@34.28 ABACx61@34.28 ACCOx61@34.28 ACADx61@34.28 ADBEx61@34.28 
Purchases: ABCDx61@34.28 ABACx61@34.28 ACCOx61@34.28 ACADx61@34.28 ADBEx61@34.28 

2010-10-14
Cash: 1.09
Held: ABCDx61@34.59 ABACx61@34.59 ACCOx61@34.59 ACADx61@34.59 ADBEx61@34.59 
Value: 10552.19
Sales: ABCDx61@34.59 ABACx61@34.59 ACCOx61@34.59 ACADx61@34.59 ADBEx61@34.59 
Purchases: ABCDx61@34.59 ABACx61@34.59 ACCOx61@34.59 ACADx61@34.59 ADBEx61@34.59 

2010-10-17
Cash: 1.09
Held: ABCDx61@34.50 ABACx61@34.50 ACCOx61@34.50 ACADx61@34.50 ADBEx61@34.50 
Value: 10523.59
Sales: ABCDx61@34.50 ABACx61@34.50 ACCOx61@34.50 ACADx61@34.50 ADBEx61@34.50 
Purchases: ABCDx61@34.50 ABACx61@34.50 ACCOx61@34.50 ACADx61@34.50 ADBEx61@34.50 

2010-10-18
Cash: 1.09
Held: ABCDx61@34.12 ABACx61@34.12 ACCOx61@34.12 ACADx61@34.12 ADBEx61@34.12 
Value: 10409.22
Sales: ABCDx61@34.12 ABACx61@34.12 ACCOx61@34.12 ACADx61@34.12 ADBEx61@34.12 
Purchases: ABCDx61@34.12 ABACx61@34.12 ACCOx61@34.12 ACADx61@34.12 ADBEx61@34.12 

2010-10-19
Cash: 1.09
Held: ABCDx61@34.12 ABACx61@34.12 ACCOx61@34.12 ACADx61@34.12 ADBEx61@34.12 
Value: 10409.22
Sales: ABCDx61@34.12 ABACx61@34.12 ACCOx61@34.12 ACADx61@34.12 ADBEx61@34.12 
Purchases: ABCDx61@34.12 ABACx61@34.12 ACCOx61@34.12 ACADx61@34.12 ADBEx61@34.12 

2010-10-20
Cash: 1.09
Held: ABCDx61@34.78 ABACx61@34.78 ACCOx61@34.78 ACADx61@34.78 ADBEx61@34.78 
Value: 10609.38
Sales: ABCDx61@34.78 ABACx61@34.78 ACCOx61@34.78 ACADx61@34.78 ADBEx61@34.78 
Purchases: ABCDx61@34.78 ABACx61@34.78 ACCOx61@34.78 ACADx61@34.78 ADBEx61@34.78 

2010-10-21
Cash: 1.09
Held: ABCDx61@34.75 ABACx61@34.75 ACCOx61@34.75 ACADx61@34.75 ADBEx61@34.75 
Value: 10599.84
Sales: ABCDx61@34.75 ABACx61@34.75 ACCOx61@34.75 ACADx61@34.75 ADBEx61@34.75 
Purchases: ABCDx61@34.75 ABACx61@34.75 ACCOx61@34.75 ACADx61@34.75 ADBEx61@34.75 

2010-10-24
Cash: 1.09
Held: ABCDx61@35.03 ABACx61@35.03 ACCOx61@35.03 ACADx61@35.03 ADBEx61@35.03 
Value: 10685.62
Sales: ABCDx61@35.03 ABACx61@35.03 ACCOx61@35.03 ACADx61@35.03 ADBEx61@35.03 
Purchases: ABCDx61@35.03 ABACx61@35.03 ACCOx61@35.03 ACADx61@35.03 ADBEx61@35.03 

2010-10-25
Cash: 1.09
Held: ABCDx61@34.62 ABACx61@34.62 ACCOx61@34.62 ACADx61@34.62 ADBEx61@34.62 
Value: 10561.72
Sales: ABCDx61@34.62 ABACx61@34.62 ACCOx61@34.62 ACADx61@34.62 ADBEx61@34.62 
Purchases: ABCDx61@34.62 ABACx61@34.62 ACCOx61@34.62 ACADx61@34.62 ADBEx61@34.62 

2010-10-26
Cash: 1.09
Held: ABCDx61@34.47 ABACx61@34.47 ACCOx61@34.47 ACADx61@34.47 ADBEx61@34.47 
Value: 10514.06
Sales: ABCDx61@34.47 ABACx61@34.47 ACCOx61@34.47 ACADx61@34.47 ADBEx61@34.47 
Purchases: ABCDx61@34.47 ABACx61@34.47 ACCOx61@34.47 ACADx61@34.47 ADBEx61@34.47 

2010-10-27
Cash: 1.09
Held: ABCDx61@35.12 ABACx61@35.12 ACCOx61@35.12 ACADx61@35.12 ADBEx61@35.12 
Value: 10714.22
Sales: ABCDx61@35.12 ABACx61@35.12 ACCOx61@35.12 ACADx61@35.12 ADBEx61@35.12 
Purchases: ABCDx61@35.12 ABACx61@35.12 ACCOx61@35.12 ACADx61@35.12 ADBEx61@35.12 

2010-10-28
Cash: 1.09
Held: ABCDx61@34.81 ABACx61@34.81 ACCOx61@34.81 ACADx61@34.81 ADBEx61@34.81 
Value: 10618.91
Sales: ABCDx61@34.81 ABACx61@34.81 ACCOx61@34.81 ACADx61@34.81 ADBEx61@34.81 
Purchases: ABCDx61@34.81 ABACx61@34.81 ACCOx61@34.81 ACADx61@34.81 ADBEx61@34.81 

2010-10-31
Cash: 1.09
Held: ABCDx61@34.94 ABACx61@34.94 ACCOx61@34.94 ACADx61@34.94 ADBEx61@34.94 
Value: 10657.03
Sales: ABCDx61@34.94 ABACx61@34.94 ACCOx61@34.94 ACADx61@34.94 ADBEx61@34.94 
Purchases: ABCDx61@34.94 ABACx61@34.94 ACCOx61@34.94 ACADx61@34.94 ADBEx61@34.94 

2010-11-01
Cash: 1.09
Held: ABCDx61@34.97 ABACx61@34.97 ACCOx61@34.97 ACADx61@34.97 ADBEx61@34.97 
Value: 10666.56
Sales: ABCDx61@34.97 ABACx61@34.97 ACCOx61@34.97 ACADx61@34.97 ADBEx61@34.97 
Purchases: ABCDx61@34.97 ABACx61@34.97 ACCOx61@34.97 ACADx61@34.97 ADBEx61@34.97 

2010-11-02
Cash: 1.09
Held: ABCDx61@35.19 ABACx61@35.19 ACCOx61@35.19 ACADx61@35.19 ADBEx61@35.19 
Value: 10733.28
Sales: ABCDx61@35.19 ABACx61@35.19 ACCOx61@35.19 ACADx61@35.19 ADBEx61@35.19 
Purchases: ABCDx61@35.19 ABACx61@35.19 ACCOx61@35.19 ACADx61@35.19 ADBEx61@35.19 

2010-11-03
Cash: 1.09
Held: ABCDx61@35.50 ABACx61@35.50 ACCOx61@35.50 ACADx61@35.50 ADBEx61@35.50 
Value: 10828.59
Sales: ABCDx61@35.50 ABACx61@35.50 ACCOx61@35.50 ACADx61@35.50 ADBEx61@35.50 
Purchases: ABCDx61@35.50 ABACx61@35.50 ACCOx61@35.50 ACADx61@35.50 ADBEx61@35.50 

2010-11-04
Cash: 1.09
Held: ABCDx61@35.97 ABACx61@35.97 ACCOx61@35.97 ACADx61@35.97 ADBEx61@35.97 
Value: 10971.56
Sales: ABCDx61@35.97 ABACx61@35.97 ACCOx61@35.97 ACADx61@35.97 ADBEx61@35.97 
Purchases: ABCDx61@35.97 ABACx61@35.97 ACCOx61@35.97 ACADx61@35.97 ADBEx61@35.97 

2010-11-07
Cash: 1.09
Held: ABCDx61@36.16 ABACx61@36.16 ACCOx61@36.16 ACADx61@36.16 ADBEx61@36.16 
Value: 11028.75
Sales: ABCDx61@36.16 ABACx61@36.16 ACCOx61@36.16 ACADx61@36.16 ADBEx61@36.16 
Purchases: ABCDx61@36.16 ABACx61@36.16 ACCOx61@36.16 ACADx61@36.16 ADBEx61@36.16 

2010-11-08
Cash: 1.09
Held: ABCDx61@36.19 ABACx61@36.19 ACCOx61@36.19 ACADx61@36.19 ADBEx61@36.19 
Value: 11038.28
Sales: ABCDx61@36.19 ABACx61@36.19 ACCOx61@36.19 ACADx61@36.19 ADBEx61@36.19 
Purchases: ABCDx61@36.19 ABACx61@36.19 ACCOx61@36.19 ACADx61@36.19 ADBEx61@36.19 

2010-11-09
Cash: 1.09
Held: ABCDx61@35.47 ABACx61@35.47 ACCOx61@35.47 ACADx61@35.47 ADBEx61@35.47 
Value: 10819.06
Sales: ABCDx61@35.47 ABACx61@35.47 ACCOx61@35.47 ACADx61@35.47 ADBEx61@35.47 
Purchases: ABCDx61@35.47 ABACx61@35.47 ACCOx61@35.47 ACADx61@35.47 ADBEx61@35.47 

2010-11-10
Cash: 1.09
Held: ABCDx61@34.81 ABACx61@34.81 ACCOx61@34.81 ACADx61@34.81 ADBEx61@34.81 
Value: 10618.91
Sales: ABCDx61@34.81 ABACx61@34.81 ACCOx61@34.81 ACADx61@34.81 ADBEx61@34.81 
Purchases: ABCDx61@34.81 ABACx61@34.81 ACCOx61@34.81 ACADx61@34.81 ADBEx61@34.81 

2010-11-11
Cash: 1.09
Held: ABCDx61@35.91 ABACx61@35.91 ACCOx61@35.91 ACADx61@35.91 ADBEx61@35.91 
Value: 10952.50
Sales: ABCDx61@35.91 ABACx61@35.91 ACCOx61@35.91 ACADx61@35.91 ADBEx61@35.91 
Purchases: ABCDx61@35.91 ABACx61@35.91 ACCOx61@35.91 ACADx61@35.91 ADBEx61@35.91 

2010-11-14
Cash: 1.09
Held: ABCDx61@36.53 ABACx61@36.53 ACCOx61@36.53 ACADx61@36.53 ADBEx61@36.53 
Value: 11143.12
Sales: ABCDx61@36.53 ABACx61@36.53 ACCOx61@36.53 ACADx61@36.53 ADBEx61@36.53 
Purchases: ABCDx61@36.53 ABACx61@36.53 ACCOx61@36.53 ACADx61@36.53 ADBEx61@36.53 

2010-11-15
Cash: 1.09
Held: ABCDx61@35.81 ABACx61@35.81 ACCOx61@35.81 ACADx61@35.81 ADBEx61@35.81 
Value: 10923.91
Sales: ABCDx61@35.81 ABACx61@35.81 ACCOx61@35.81 ACADx61@35.81 ADBEx61@35.81 
Purchases: ABCDx61@35.81 ABACx61@35.81 ACCOx61@35.81 ACADx61@35.81 ADBEx61@35.81 

2010-11-16
Cash: 1.09
Held: ABCDx61@35.00 ABACx61@35.00 ACCOx61@35.00 ACADx61@35.00 ADBEx61@35.00 
Value: 10676.09
Sales: ABCDx61@35.00 ABACx61@35.00 ACCOx61@35.00 ACADx61@35.00 ADBEx61@35.00 
Purchases: ABCDx61@35.00 ABACx61@35.00 ACCOx61@35.00 ACADx61@35.00 ADBEx61@35.00 

2010-11-17
Cash: 1.09
Held: ABCDx61@35.62 ABACx61@35.62 ACCOx61@35.62 ACADx61@35.62 ADBEx61@35.62 
Value: 10866.72
Sales: ABCDx61@35.62 ABACx61@35.62 ACCOx61@35.62 ACADx61@35.62 ADBEx61@35.62 
Purchases: ABCDx61@35.62 ABACx61@35.62 ACCOx61@35.62 ACADx61@35.62 ADBEx61@35.62 

2010-11-18
Cash: 1.09
Held: ABCDx61@36.16 ABACx61@36.16 ACCOx61@36.16 ACADx61@36.16 ADBEx61@36.16 
Value: 11028.75
Sales: ABCDx61@36.16 ABACx61@36.16 ACCOx61@36.16 ACADx61@36.16 ADBEx61@36.16 
Purchases: ABCDx61@36.16 ABACx61@36.16 ACCOx61@36.16 ACADx61@36.16 ADBEx61@36.16 

2010-11-21
Cash: 1.09
Held: ABCDx61@36.16 ABACx61@36.16 ACCOx61@36.16 ACADx61@36.16 ADBEx61@36.16 
Value: 11028.75
Sales: ABCDx61@36.16 ABACx61@36.16 ACCOx61@36.16 ACADx61@36.16 ADBEx61@36.16 
Purchases: ABCDx61@36.16 ABACx61@36.16 ACCOx61@36.16 ACADx61@36.16 ADBEx61@36.16 

2010-11-22
Cash: 1.09
Held: ABCDx61@35.88 ABACx61@35.88 ACCOx61@35.88 ACADx61@35.88 ADBEx61@35.88 
Value: 10942.97
Sales: ABCDx61@35.88 ABACx61@35.88 ACCOx61@35.88 ACADx61@35.88 ADBEx61@35.88 
Purchases: ABCDx61@35.88 ABACx61@35.88 ACCOx61@35.88 ACADx61@35.88 ADBEx61@35.88 

2010-11-23
Cash: 1.09
Held: ABCDx61@35.62 ABACx61@35.62 ACCOx61@35.62 ACADx61@35.62 ADBEx61@35.62 
Value: 10866.72
Sales: ABCDx61@35.62 ABACx61@35.62 ACCOx61@35.62 ACADx61@35.62 ADBEx61@35.62 
Purchases: ABCDx61@35.62 ABACx61@35.62 ACCOx61@35.62 ACADx61@35.62 ADBEx61@35.62 

2010-11-25
Cash: 1.09
Held: ABCDx61@35.97 ABACx61@35.97 ACCOx61@35.97 ACADx61@35.97 ADBEx61@35.97 
Value: 10971.56
Sales: ABCDx61@35.97 ABACx61@35.97 ACCOx61@35.97 ACADx61@35.97 ADBEx61@35.97 
Purchases: ABCDx61@35.97 ABACx61@35.97 ACCOx61@35.97 ACADx61@35.97 ADBEx61@35.97 

2010-11-28
Cash: 1.09
Held: ABCDx61@35.94 ABACx61@35.94 ACCOx61@35.94 ACADx61@35.94 ADBEx61@35.94 
Value: 10962.03
Sales: ABCDx61@35.94 ABACx61@35.94 ACCOx61@35.94 ACADx61@35.94 ADBEx61@35.94 
Purchases: ABCDx61@35.94 ABACx61@35.94 ACCOx61@35.94 ACADx61@35.94 ADBEx61@35.94 

2010-11-29
Cash: 1.09
Held: ABCDx61@35.22 ABACx61@35.22 ACCOx61@35.22 ACADx61@35.22 ADBEx61@35.22 
Value: 10742.81
Sales: ABCDx61@35.22 ABACx61@35.22 ACCOx61@35.22 ACADx61@35.22 ADBEx61@35.22 
Purchases: ABCDx61@35.22 ABACx61@35.22 ACCOx61@35.22 ACADx61@35.22 ADBEx61@35.22 

2010-11-30
Cash: 1.09
Held: ABCDx61@35.66 ABACx61@35.66 ACCOx61@35.66 ACADx61@35.66 ADBEx61@35.66 
Value: 10876.25
Sales: ABCDx61@35.66 ABACx61@35.66 ACCOx61@35.66 ACADx61@35.66 ADBEx61@35.66 
Purchases: ABCDx61@35.66 ABACx61@35.66 ACCOx61@35.66 ACADx61@35.66 ADBEx61@35.66 

2010-12-01
Cash: 1.09
Held: ABCDx61@35.97 ABACx61@35.97 ACCOx61@35.97 ACADx61@35.97 ADBEx61@35.97 
Value: 10971.56
Sales: ABCDx61@35.97 ABACx61@35.97 ACCOx61@35.97 ACADx61@35.97 ADBEx61@35.97 
Purchases: ABCDx61@35.97 ABACx61@35.97 ACCOx61@35.97 ACADx61@35.97 ADBEx61@35.97 

2010-12-02
Cash: 1.09
Held: ABCDx61@36.50 ABACx61@36.50 ACCOx61@36.50 ACADx61@36.50 ADBEx61@36.50 
Value: 11133.59
Sales: ABCDx61@36.50 ABACx61@36.50 ACCOx61@36.50 ACADx61@36.50 ADBEx61@36.50 
Purchases: ABCDx61@36.50 ABACx61@36.50 ACCOx61@36.50 ACADx61@36.50 ADBEx61@36.50 

2010-12-05
Cash: 1.09
Held: ABCDx61@37.31 ABACx61@37.31 ACCOx61@37.31 ACADx61@37.31 ADBEx61@37.31 
Value: 11381.41
Sales: ABCDx61@37.31 ABACx61@37.31 ACCOx61@37.31 ACADx61@37.31 ADBEx61@37.31 
Purchases: ABCDx61@37.31 ABACx61@37.31 ACCOx61@37.31 ACADx61@37.31 ADBEx61@37.31 

2010-12-06
Cash: 1.09
Held: ABCDx61@37.59 ABACx61@37.59 ACCOx61@37.59 ACADx61@37.59 ADBEx61@37.59 
Value: 11467.19
Sales: ABCDx61@37.59 ABACx61@37.59 ACCOx61@37.59 ACADx61@37.59 ADBEx61@37.59 
Purchases: ABCDx61@37.59 ABACx61@37.59 ACCOx61@37.59 ACADx61@37.59 ADBEx61@37.59 

2010-12-07
Cash: 1.09
Held: ABCDx61@37.59 ABACx61@37.59 ACCOx61@37.59 ACADx61@37.59 ADBEx61@37.59 
Value: 11467.19
Sales: ABCDx61@37.59 ABACx61@37.59 ACCOx61@37.59 ACADx61@37.59 ADBEx61@37.59 
Purchases: ABCDx61@37.59 ABACx61@37.59 ACCOx61@37.59 ACADx61@37.59 ADBEx61@37.59 

2010-12-08
Cash: 1.09
Held: ABCDx61@37.84 ABACx61@37.84 ACCOx61@37.84 ACADx61@37.84 ADBEx61@37.84 
Value: 11543.44
Sales: ABCDx61@37.84 ABACx61@37.84 ACCOx61@37.84 ACADx61@37.84 ADBEx61@37.84 
Purchases: ABCDx61@37.84 ABACx61@37.84 ACCOx61@37.84 ACADx61@37.84 ADBEx61@37.84 

2010-12-09
Cash: 1.09
Held: ABCDx61@38.00 ABACx61@38.00 ACCOx61@38.00 ACADx61@38.00 ADBEx61@38.00 
Value: 11591.09
Sales: ABCDx61@38.00 ABACx61@38.00 ACCOx61@38.00 ACADx61@38.00 ADBEx61@38.00 
Purchases: ABCDx61@38.00 ABACx61@38.00 ACCOx61@38.00 ACADx61@38.00 ADBEx61@38.00 

2010-12-12
Cash: 1.09
Held: ABCDx61@38.53 ABACx61@38.53 ACCOx61@38.53 ACADx61@38.53 ADBEx61@38.53 
Value: 11753.12
Sales: ABCDx61@38.53 ABACx61@38.53 ACCOx61@38.53 ACADx61@38.53 ADBEx61@38.53 
Purchases: ABCDx61@38.53 ABACx61@38.53 ACCOx61@38.53 ACADx61@38.53 ADBEx61@38.53 

2010-12-13
Cash: 1.09
Held: ABCDx61@38.81 ABACx61@38.81 ACCOx61@38.81 ACADx61@38.81 ADBEx61@38.81 
Value: 11838.91
Sales: ABCDx61@38.81 ABACx61@38.81 ACCOx61@38.81 ACADx61@38.81 ADBEx61@38.81 
Purchases: ABCDx61@38.81 ABACx61@38.81 ACCOx61@38.81 ACADx61@38.81 ADBEx61@38.81 

2010-12-14
Cash: 1.09
Held: ABCDx61@39.00 ABACx61@39.00 ACCOx61@39.00 ACADx61@39.00 ADBEx61@39.00 
Value: 11896.09
Sales: ABCDx61@39.00 ABACx61@39.00 ACCOx61@39.00 ACADx61@39.00 ADBEx61@39.00 
Purchases: ABCDx61@39.00 ABACx61@39.00 ACCOx61@39.00 ACADx61@39.00 ADBEx61@39.00 

2010-12-15
Cash: 1.09
Held: ABCDx61@38.62 ABACx61@38.62 ACCOx61@38.62 ACADx61@38.62 ADBEx61@38.62 
Value: 11781.72
Sales: ABCDx61@38.62 ABACx61@38.62 ACCOx61@38.62 ACADx61@38.62 ADBEx61@38.62 
Purchases: ABCDx61@38.62 ABACx61@38.62 ACCOx61@38.62 ACADx61@38.62 ADBEx61@38.62 

2010-12-16
Cash: 1.09
Held: ABCDx61@39.75 ABACx61@39.75 ACCOx61@39.75 ACADx61@39.75 ADBEx61@39.75 
Value: 12124.84
Sales: ABCDx61@39.75 ABACx61@39.75 ACCOx61@39.75 ACADx61@39.75 ADBEx61@39.75 
Purchases: ABCDx61@39.75 ABACx61@39.75 ACCOx61@39.75 ACADx61@39.75 ADBEx61@39.75 

2010-12-19
Cash: 1.09
Held: ABCDx61@40.09 ABACx61@40.09 ACCOx61@40.09 ACADx61@40.09 ADBEx61@40.09 
Value: 12229.69
Sales: ABCDx61@40.09 ABACx61@40.09 ACCOx61@40.09 ACADx61@40.09 ADBEx61@40.09 
Purchases: ABCDx61@40.09 ABACx61@40.09 ACCOx61@40.09 ACADx61@40.09 ADBEx61@40.09 

2010-12-20
Cash: 1.09
Held: ABCDx61@40.66 ABACx61@40.66 ACCOx61@40.66 ACADx61@40.66 ADBEx61@40.66 
Value: 12401.25
Sales: ABCDx61@40.66 ABACx61@40.66 ACCOx61@40.66 ACADx61@40.66 ADBEx61@40.66 
Purchases: ABCDx61@40.66 ABACx61@40.66 ACCOx61@40.66 ACADx61@40.66 ADBEx61@40.66 

2010-12-21
Cash: 1.09
Held: ABCDx61@40.66 ABACx61@40.66 ACCOx61@40.66 ACADx61@40.66 ADBEx61@40.66 
Value: 12401.25
Sales: ABCDx61@40.66 ABACx61@40.66 ACCOx61@40.66 ACADx61@40.66 ADBEx61@40.66 
Purchases: ABCDx61@40.66 ABACx61@40.66 ACCOx61@40.66 ACADx61@40.66 ADBEx61@40.66 

2010-12-22
Cash: 1.09
Held: ABCDx61@40.91 ABACx61@40.91 ACCOx61@40.91 ACADx61@40.91 ADBEx61@40.91 
Value: 12477.50
Sales: ABCDx61@40.91 ABACx61@40.91 ACCOx61@40.91 ACADx61@40.91 ADBEx61@40.91 
Purchases: ABCDx61@40.91 ABACx61@40.91 ACCOx61@40.91 ACADx61@40.91 ADBEx61@40.91 

2010-12-26
Cash: 1.09
Held: ABCDx61@40.88 ABACx61@40.88 ACCOx61@40.88 ACADx61@40.88 ADBEx61@40.88 
Value: 12467.97
Sales: ABCDx61@40.88 ABACx61@40.88 ACCOx61@40.88 ACADx61@40.88 ADBEx61@40.88 
Purchases: ABCDx61@40.88 ABACx61@40.88 ACCOx61@40.88 ACADx61@40.88 ADBEx61@40.88 

2010-12-27
Cash: 1.09
Held: ABCDx61@41.94 ABACx61@41.94 ACCOx61@41.94 ACADx61@41.94 ADBEx61@41.94 
Value: 12792.03
Sales: ABCDx61@41.94 ABACx61@41.94 ACCOx61@41.94 ACADx61@41.94 ADBEx61@41.94 
Purchases: ABCDx61@41.94 ABACx61@41.94 ACCOx61@41.94 ACADx61@41.94 ADBEx61@41.94 

2010-12-28
Cash: 1.09
Held: ABCDx61@41.53 ABACx61@41.53 ACCOx61@41.53 ACADx61@41.53 ADBEx61@41.53 
Value: 12668.12
Sales: ABCDx61@41.53 ABACx61@41.53 ACCOx61@41.53 ACADx61@41.53 ADBEx61@41.53 
Purchases: ABCDx61@41.53 ABACx61@41.53 ACCOx61@41.53 ACADx61@41.53 ADBEx61@41.53 

2010-12-29
Cash: 1.09
Held: ABCDx61@41.62 ABACx61@41.62 ACCOx61@41.62 ACADx61@41.62 ADBEx61@41.62 
Value: 12696.72
Sales: ABCDx61@41.62 ABACx61@41.62 ACCOx61@41.62 ACADx61@41.62 ADBEx61@41.62 
Purchases: ABCDx61@41.62 ABACx61@41.62 ACCOx61@41.62 ACADx61@41.62 ADBEx61@41.62 

2010-12-30
Cash: 1.09
Held: ABCDx61@41.44 ABACx61@41.44 ACCOx61@41.44 ACADx61@41.44 ADBEx61@41.44 
Value: 12639.53
Sales: ABCDx61@41.44 ABACx61@41.44 ACCOx61@41.44 ACADx61@41.44 ADBEx61@41.44 
Purchases: ABCDx61@41.44 ABACx61@41.44 ACCOx61@41.44 ACADx61@41.44 ADBEx61@41.44 

2011-01-02
Cash: 1.09
Held: ABCDx61@41.56 ABACx61@41.56 ACCOx61@41.56 ACADx61@41.56 ADBEx61@41.56 
Value: 12677.66
Sales: ABCDx61@41.56 ABACx61@41.56 ACCOx61@41.56 ACADx61@41.56 ADBEx61@41.56 
Purchases: ABCDx61@41.56 ABACx61@41.56 ACCOx61@41.56 ACADx61@41.56 ADBEx61@41.56 

2011-01-03
Cash: 1.09
Held: ABCDx61@42.00 ABACx61@42.00 ACCOx61@42.00 ACADx61@42.00 ADBEx61@42.00 
Value: 12811.09
Sales: ABCDx61@42.00 ABACx61@42.00 ACCOx61@42.00 ACADx61@42.00 ADBEx61@42.00 
Purchases: ABCDx61@42.00 ABACx61@42.00 ACCOx61@42.00 ACADx61@42.00 ADBEx61@42.00 

2011-01-04
Cash: 1.09
Held: ABCDx61@41.25 ABACx61@41.25 ACCOx61@41.25 ACADx61@41.25 ADBEx61@41.25 
Value: 12582.34
Sales: ABCDx61@41.25 ABACx61@41.25 ACCOx61@41.25 ACADx61@41.25 ADBEx61@41.25 
Purchases: ABCDx61@41.25 ABACx61@41.25 ACCOx61@41.25 ACADx61@41.25 ADBEx61@41.25 

2011-01-05
Cash: 1.09
Held: ABCDx61@41.38 ABACx61@41.38 ACCOx61@41.38 ACADx61@41.38 ADBEx61@41.38 
Value: 12620.47
Sales: ABCDx61@41.38 ABACx61@41.38 ACCOx61@41.38 ACADx61@41.38 ADBEx61@41.38 
Purchases: ABCDx61@41.38 ABACx61@41.38 ACCOx61@41.38 ACADx61@41.38 ADBEx61@41.38 

2011-01-06
Cash: 1.09
Held: ABCDx61@41.53 ABACx61@41.53 ACCOx61@41.53 ACADx61@41.53 ADBEx61@41.53 
Value: 12668.12
Sales: ABCDx61@41.53 ABACx61@41.53 ACCOx61@41.53 ACADx61@41.53 ADBEx61@41.53 
Purchases: ABCDx61@41.53 ABACx61@41.53 ACCOx61@41.53 ACADx61@41.53 ADBEx61@41.53 

2011-01-09
Cash: 1.09
Held: ABCDx61@41.41 ABACx61@41.41 ACCOx61@41.41 ACADx61@41.41 ADBEx61@41.41 
Value: 12630.00
Sales: ABCDx61@41.41 ABACx61@41.41 ACCOx61@41.41 ACADx61@41.41 ADBEx61@41.41 
Purchases: ABCDx61@41.41 ABACx61@41.41 ACCOx61@41.41 ACADx61@41.41 ADBEx61@41.41 

2011-01-10
Cash: 1.09
Held: ABCDx61@42.53 ABACx61@42.53 ACCOx61@42.53 ACADx61@42.53 ADBEx61@42.53 
Value: 12973.12
Sales: ABCDx61@42.53 ABACx61@42.53 ACCOx61@42.53 ACADx61@42.53 ADBEx61@42.53 
Purchases: ABCDx61@42.53 ABACx61@42.53 ACCOx61@42.53 ACADx61@42.53 ADBEx61@42.53 

2011-01-11
Cash: 1.09
Held: ABCDx61@43.19 ABACx61@43.19 ACCOx61@43.19 ACADx61@43.19 ADBEx61@43.19 
Value: 13173.28
Sales: ABCDx61@43.19 ABACx61@43.19 ACCOx61@43.19 ACADx61@43.19 ADBEx61@43.19 
Purchases: ABCDx61@43.19 ABACx61@43.19 ACCOx61@43.19 ACADx61@43.19 ADBEx61@43.19 

2011-01-12
Cash: 1.09
Held: ABCDx61@42.88 ABACx61@42.88 ACCOx61@42.88 ACADx61@42.88 ADBEx61@42.88 
Value: 13077.97
Sales: ABCDx61@42.88 ABACx61@42.88 ACCOx61@42.88 ACADx61@42.88 ADBEx61@42.88 
Purchases: ABCDx61@42.88 ABACx61@42.88 ACCOx61@42.88 ACADx61@42.88 ADBEx61@42.88 

2011-01-13
Cash: 1.09
Held: ABCDx61@42.78 ABACx61@42.78 ACCOx61@42.78 ACADx61@42.78 ADBEx61@42.78 
Value: 13049.38
Sales: ABCDx61@42.78 ABACx61@42.78 ACCOx61@42.78 ACADx61@42.78 ADBEx61@42.78 
Purchases: ABCDx61@42.78 ABACx61@42.78 ACCOx61@42.78 ACADx61@42.78 ADBEx61@42.78 

2011-01-17
Cash: 1.09
Held: ABCDx61@43.38 ABACx61@43.38 ACCOx61@43.38 ACADx61@43.38 ADBEx61@43.38 
Value: 13230.47
Sales: ABCDx61@43.38 ABACx61@43.38 ACCOx61@43.38 ACADx61@43.38 ADBEx61@43.38 
Purchases: ABCDx61@43.38 ABACx61@43.38 ACCOx61@43.38 ACADx61@43.38 ADBEx61@43.38 

2011-01-18
Cash: 1.09
Held: ABCDx61@44.22 ABACx61@44.22 ACCOx61@44.22 ACADx61@44.22 ADBEx61@44.22 
Value: 13487.81
Sales: ABCDx61@44.22 ABACx61@44.22 ACCOx61@44.22 ACADx61@44.22 ADBEx61@44.22 
Purchases: ABCDx61@44.22 ABACx61@44.22 ACCOx61@44.22 ACADx61@44.22 ADBEx61@44.22 

2011-01-19
Cash: 1.09
Held: ABCDx61@41.94 ABACx61@41.94 ACCOx61@41.94 ACADx61@41.94 ADBEx61@41.94 
Value: 12792.03
Sales: ABCDx61@41.94 ABACx61@41.94 ACCOx61@41.94 ACADx61@41.94 ADBEx61@41.94 
Purchases: ABCDx61@41.94 ABACx61@41.94 ACCOx61@41.94 ACADx61@41.94 ADBEx61@41.94 

2011-01-20
Cash: 1.09
Held: ABCDx61@42.50 ABACx61@42.50 ACCOx61@42.50 ACADx61@42.50 ADBEx61@42.50 
Value: 12963.59
Sales: ABCDx61@42.50 ABACx61@42.50 ACCOx61@42.50 ACADx61@42.50 ADBEx61@42.50 
Purchases: ABCDx61@42.50 ABACx61@42.50 ACCOx61@42.50 ACADx61@42.50 ADBEx61@42.50 

2011-01-23
Cash: 1.09
Held: ABCDx61@42.19 ABACx61@42.19 ACCOx61@42.19 ACADx61@42.19 ADBEx61@42.19 
Value: 12868.28
Sales: ABCDx61@42.19 ABACx61@42.19 ACCOx61@42.19 ACADx61@42.19 ADBEx61@42.19 
Purchases: ABCDx61@42.19 ABACx61@42.19 ACCOx61@42.19 ACADx61@42.19 ADBEx61@42.19 

2011-01-24
Cash: 1.09
Held: ABCDx61@42.78 ABACx61@42.78 ACCOx61@42.78 ACADx61@42.78 ADBEx61@42.78 
Value: 13049.38
Sales: ABCDx61@42.78 ABACx61@42.78 ACCOx61@42.78 ACADx61@42.78 ADBEx61@42.78 
Purchases: ABCDx61@42.78 ABACx61@42.78 ACCOx61@42.78 ACADx61@42.78 ADBEx61@42.78 

2011-01-25
Cash: 1.09
Held: ABCDx61@42.81 ABACx61@42.81 ACCOx61@42.81 ACADx61@42.81 ADBEx61@42.81 
Value: 13058.91
Sales: ABCDx61@42.81 ABACx61@42.81 ACCOx61@42.81 ACADx61@42.81 ADBEx61@42.81 
Purchases: ABCDx61@42.81 ABACx61@42.81 ACCOx61@42.81 ACADx61@42.81 ADBEx61@42.81 

2011-01-26
Cash: 1.09
Held: ABCDx61@42.78 ABACx61@42.78 ACCOx61@42.78 ACADx61@42.78 ADBEx61@42.78 
Value: 13049.38
Sales: ABCDx61@42.78 ABACx61@42.78 ACCOx61@42.78 ACADx61@42.78 ADBEx61@42.78 
Purchases: ABCDx61@42.78 ABACx61@42.78 ACCOx61@42.78 ACADx61@42.78 ADBEx61@42.78 

2011-01-27
Cash: 1.09
Held: ABCDx61@42.50 ABACx61@42.50 ACCOx61@42.50 ACADx61@42.50 ADBEx61@42.50 
Value: 12963.59
Sales: ABCDx61@42.50 ABACx61@42.50 ACCOx61@42.50 ACADx61@42.50 ADBEx61@42.50 
Purchases: ABCDx61@42.50 ABACx61@42.50 ACCOx61@42.50 ACADx61@42.50 ADBEx61@42.50 

2011-01-30
Cash: 1.09
Held: ABCDx61@41.22 ABACx61@41.22 ACCOx61@41.22 ACADx61@41.22 ADBEx61@41.22 
Value: 12572.81
Sales: ABCDx61@41.22 ABACx61@41.22 ACCOx61@41.22 ACADx61@41.22 ADBEx61@41.22 
Purchases: ABCDx61@41.22 ABACx61@41.22 ACCOx61@41.22 ACADx61@41.22 ADBEx61@41.22 

2011-01-31
Cash: 1.09
Held: ABCDx61@42.06 ABACx61@42.06 ACCOx61@42.06 ACADx61@42.06 ADBEx61@42.06 
Value: 12830.16
Sales: ABCDx61@42.06 ABACx61@42.06 ACCOx61@42.06 ACADx61@42.06 ADBEx61@42.06 
Purchases: ABCDx61@42.06 ABACx61@42.06 ACCOx61@42.06 ACADx61@42.06 ADBEx61@42.06 

2011-02-01
Cash: 1.09
Held: ABCDx61@41.75 ABACx61@41.75 ACCOx61@41.75 ACADx61@41.75 ADBEx61@41.75 
Value: 12734.84
Sales: ABCDx61@41.75 ABACx61@41.75 ACCOx61@41.75 ACADx61@41.75 ADBEx61@41.75 
Purchases: ABCDx61@41.75 ABACx61@41.75 ACCOx61@41.75 ACADx61@41.75 ADBEx61@41.75 

2011-02-02
Cash: 1.09
Held: ABCDx61@40.94 ABACx61@40.94 ACCOx61@40.94 ACADx61@40.94 ADBEx61@40.94 
Value: 12487.03
Sales: ABCDx61@40.94 ABACx61@40.94 ACCOx61@40.94 ACADx61@40.94 ADBEx61@40.94 
Purchases: ABCDx61@40.94 ABACx61@40.94 ACCOx61@40.94 ACADx61@40.94 ADBEx61@40.94 

2011-02-03
Cash: 1.09
Held: ABCDx61@41.12 ABACx61@41.12 ACCOx61@41.12 ACADx61@41.12 ADBEx61@41.12 
Value: 12544.22
Sales: ABCDx61@41.12 ABACx61@41.12 ACCOx61@41.12 ACADx61@41.12 ADBEx61@41.12 
Purchases: ABCDx61@41.12 ABACx61@41.12 ACCOx61@41.12 ACADx61@41.12 ADBEx61@41.12 

2011-02-06
Cash: 1.09
Held: ABCDx61@43.44 ABACx61@43.44 ACCOx61@43.44 ACADx61@43.44 ADBEx61@43.44 
Value: 13249.53
Sales: ABCDx61@43.44 ABACx61@43.44 ACCOx61@43.44 ACADx61@43.44 ADBEx61@43.44 
Purchases: ABCDx61@43.44 ABACx61@43.44 ACCOx61@43.44 ACADx61@43.44 ADBEx61@43.44 

2011-02-07
Cash: 1.09
Held: ABCDx61@44.66 ABACx61@44.66 ACCOx61@44.66 ACADx61@44.66 ADBEx61@44.66 
Value: 13621.25
Sales: ABCDx61@44.66 ABACx61@44.66 ACCOx61@44.66 ACADx61@44.66 ADBEx61@44.66 
Purchases: ABCDx61@44.66 ABACx61@44.66 ACCOx61@44.66 ACADx61@44.66 ADBEx61@44.66 

2011-02-08
Cash: 1.09
Held: ABCDx61@44.00 ABACx61@44.00 ACCOx61@44.00 ACADx61@44.00 ADBEx61@44.00 
Value: 13421.09
Sales: ABCDx61@44.00 ABACx61@44.00 ACCOx61@44.00 ACADx61@44.00 ADBEx61@44.00 
Purchases: ABCDx61@44.00 ABACx61@44.00 ACCOx61@44.00 ACADx61@44.00 ADBEx61@44.00 

2011-02-09
Cash: 1.09
Held: ABCDx61@43.22 ABACx61@43.22 ACCOx61@43.22 ACADx61@43.22 ADBEx61@43.22 
Value: 13182.81
Sales: ABCDx61@43.22 ABACx61@43.22 ACCOx61@43.22 ACADx61@43.22 ADBEx61@43.22 
Purchases: ABCDx61@43.22 ABACx61@43.22 ACCOx61@43.22 ACADx61@43.22 ADBEx61@43.22 

2011-02-10
Cash: 1.09
Held: ABCDx61@43.78 ABACx61@43.78 ACCOx61@43.78 ACADx61@43.78 ADBEx61@43.78 
Value: 13354.38
Sales: ABCDx61@43.78 ABACx61@43.78 ACCOx61@43.78 ACADx61@43.78 ADBEx61@43.78 
Purchases: ABCDx61@43.78 ABACx61@43.78 ACCOx61@43.78 ACADx61@43.78 ADBEx61@43.78 

2011-02-13
Cash: 1.09
Held: ABCDx61@45.00 ABACx61@45.00 ACCOx61@45.00 ACADx61@45.00 ADBEx61@45.00 
Value: 13726.09
Sales: ABCDx61@45.00 ABACx61@45.00 ACCOx61@45.00 ACADx61@45.00 ADBEx61@45.00 
Purchases: ABCDx61@45.00 ABACx61@45.00 ACCOx61@45.00 ACADx61@45.00 ADBEx61@45.00 

2011-02-14
Cash: 1.09
Held: ABCDx61@44.78 ABACx61@44.78 ACCOx61@44.78 ACADx61@44.78 ADBEx61@44.78 
Value: 13659.38
Sales: ABCDx61@44.78 ABACx61@44.78 ACCOx61@44.78 ACADx61@44.78 ADBEx61@44.78 
Purchases: ABCDx61@44.78 ABACx61@44.78 ACCOx61@44.78 ACADx61@44.78 ADBEx61@44.78 

2011-02-15
Cash: 1.09
Held: ABCDx61@42.91 ABACx61@42.91 ACCOx61@42.91 ACADx61@42.91 ADBEx61@42.91 
Value: 13087.50
Sales: ABCDx61@42.91 ABACx61@42.91 ACCOx61@42.91 ACADx61@42.91 ADBEx61@42.91 
Purchases: ABCDx61@42.91 ABACx61@42.91 ACCOx61@42.91 ACADx61@42.91 ADBEx61@42.91 

2011-02-16
Cash: 1.09
Held: ABCDx61@43.38 ABACx61@43.38 ACCOx61@43.38 ACADx61@43.38 ADBEx61@43.38 
Value: 13230.47
Sales: ABCDx61@43.38 ABACx61@43.38 ACCOx61@43.38 ACADx61@43.38 ADBEx61@43.38 
Purchases: ABCDx61@43.38 ABACx61@43.38 ACCOx61@43.38 ACADx61@43.38 ADBEx61@43.38 

2011-02-17
Cash: 1.09
Held: ABCDx61@43.84 ABACx61@43.84 ACCOx61@43.84 ACADx61@43.84 ADBEx61@43.84 
Value: 13373.44
Sales: ABCDx61@43.84 ABACx61@43.84 ACCOx61@43.84 ACADx61@43.84 ADBEx61@43.84 
Purchases: ABCDx61@43.84 ABACx61@43.84 ACCOx61@43.84 ACADx61@43.84 ADBEx61@43.84 

2011-02-21
Cash: 1.09
Held: ABCDx61@43.28 ABACx61@43.28 ACCOx61@43.28 ACADx61@43.28 ADBEx61@43.28 
Value: 13201.88
Sales: ABCDx61@43.28 ABACx61@43.28 ACCOx61@43.28 ACADx61@43.28 ADBEx61@43.28 
Purchases: ABCDx61@43.28 ABACx61@43.28 ACCOx61@43.28 ACADx61@43.28 ADBEx61@43.28 

2011-02-22
Cash: 1.09
Held: ABCDx61@42.56 ABACx61@42.56 ACCOx61@42.56 ACADx61@42.56 ADBEx61@42.56 
Value: 12982.66
Sales: ABCDx61@42.56 ABACx61@42.56 ACCOx61@42.56 ACADx61@42.56 ADBEx61@42.56 
Purchases: ABCDx61@42.56 ABACx61@42.56 ACCOx61@42.56 ACADx61@42.56 ADBEx61@42.56 

2011-02-23
Cash: 1.09
Held: ABCDx61@40.34 ABACx61@40.34 ACCOx61@40.34 ACADx61@40.34 ADBEx61@40.34 
Value: 12305.94
Sales: ABCDx61@40.34 ABACx61@40.34 ACCOx61@40.34 ACADx61@40.34 ADBEx61@40.34 
Purchases: ABCDx61@40.34 ABACx61@40.34 ACCOx61@40.34 ACADx61@40.34 ADBEx61@40.34 

2011-02-24
Cash: 1.09
Held: ABCDx61@41.19 ABACx61@41.19 ACCOx61@41.19 ACADx61@41.19 ADBEx61@41.19 
Value: 12563.28
Sales: ABCDx61@41.19 ABACx61@41.19 ACCOx61@41.19 ACADx61@41.19 ADBEx61@41.19 
Purchases: ABCDx61@41.19 ABACx61@41.19 ACCOx61@41.19 ACADx61@41.19 ADBEx61@41.19 

2011-02-27
Cash: 1.09
Held: ABCDx61@42.44 ABACx61@42.44 ACCOx61@42.44 ACADx61@42.44 ADBEx61@42.44 
Value: 12944.53
Sales: ABCDx61@42.44 ABACx61@42.44 ACCOx61@42.44 ACADx61@42.44 ADBEx61@42.44 
Purchases: ABCDx61@42.44 ABACx61@42.44 ACCOx61@42.44 ACADx61@42.44 ADBEx61@42.44 

2011-02-28
Cash: 1.09
Held: ABCDx61@41.97 ABACx61@41.97 ACCOx61@41.97 ACADx61@41.97 ADBEx61@41.97 
Value: 12801.56
Sales: ABCDx61@41.97 ABACx61@41.97 ACCOx61@41.97 ACADx61@41.97 ADBEx61@41.97 
Purchases: ABCDx61@41.97 ABACx61@41.97 ACCOx61@41.97 ACADx61@41.97 ADBEx61@41.97 

