2011-05-26
Cash: 10000.00
Held: 
Value: 10000.00
Sales: 
Purchases: KZx318@6.28 ROIAx816@2.45 SIGMx226@8.82 NTZx546@3.66 CREGx1111@1.80 

2011-05-30
Cash: 12.58
Held: CREGx1111@1.83 SIGMx226@8.68 ROIAx816@2.38 NTZx546@3.70 KZx318@6.41 
Value: 10008.39
Sales: KZx318@6.41 ROIAx816@2.38 SIGMx226@8.68 NTZx546@3.70 CREGx1111@1.83 
Purchases: PTNx2129@0.94 ARNAx1389@1.44 SIGMx230@8.68 TPIVx11117@0.18 TISAx851@2.35 

2011-05-31
Cash: 9.00
Held: SIGMx230@8.96 PTNx2129@0.88 TPIVx11117@0.20 ARNAx1389@1.41 TISAx851@2.33 
Value: 10107.74
Sales: PTNx2129@0.88 ARNAx1389@1.41 SIGMx230@8.96 TPIVx11117@0.20 TISAx851@2.33 
Purchases: COYNx622@3.25 YANGx147@13.70 CADCx67@30.00 KONEx2930@0.69 NOKx310@6.51 

2011-06-01
Cash: 21.72
Held: KONEx2930@0.72 CADCx67@29.64 NOKx310@6.73 YANGx147@14.23 COYNx622@3.50 
Value: 10472.62
Sales: COYNx622@3.50 YANGx147@14.23 CADCx67@29.64 KONEx2930@0.72 NOKx310@6.73 
Purchases: ELTKx1574@1.33 CDTIx58@36.00 LECOx57@36.41 ARLx879@2.38 SHOOx58@36.06 

2011-06-02
Cash: 31.52
Held: LECOx57@36.59 SHOOx58@34.75 CDTIx58@36.56 ARLx879@2.32 ELTKx1574@1.38 
Value: 10464.98
Sales: ELTKx1574@1.38 ARLx879@2.32 LECOx57@36.59 CDTIx58@36.56 SHOOx58@34.75 
Purchases: CBPOx183@11.42 FHx1324@1.58 FTNTx89@23.30 FFINx62@33.50 NAIIx615@3.40 

2011-06-05
Cash: 41.10
Held: FFINx62@33.31 CBPOx183@9.85 FHx1324@1.56 FTNTx89@23.31 NAIIx615@3.46 
Value: 10177.47
Sales: CBPOx183@9.85 FHx1324@1.56 FTNTx89@23.31 FFINx62@33.31 NAIIx615@3.46 
Purchases: NWLx135@14.97 SKLNx29075@0.07 SSFNx355@5.73 CADCx79@25.69 OREXx973@2.09 

2011-06-06
Cash: 24.18
Held: SKLNx29075@0.08 OREXx973@1.82 CADCx79@26.64 SSFNx355@5.69 NWLx135@14.58 
Value: 10214.94
Sales: NWLx135@14.58 OREXx973@1.82 SSFNx355@5.69 CADCx79@26.64 SKLNx29075@0.08 
Purchases: BVNx56@36.00 OPHCx1448@1.41 INOx2723@0.75 BOSCx237@8.60 BVXx732@2.79 

2011-06-07
Cash: 34.62
Held: INOx2723@0.76 OPHCx1448@1.38 BOSCx237@8.80 BVXx732@2.86 BVNx56@36.16 
Value: 10304.21
Sales: BVNx56@36.16 OPHCx1448@1.38 INOx2723@0.76 BVXx732@2.86 BOSCx237@8.80 
Purchases: NEONx682@3.02 VISNx620@3.32 ROIAKx1126@1.83 ARLx972@2.12 GIIIx60@34.28 

2011-06-08
Cash: 8.94
Held: GIIIx60@33.50 ROIAKx1126@1.81 NEONx682@2.95 VISNx620@3.28 ARLx972@2.11 
Value: 10151.36
Sales: VISNx620@3.28 GIIIx60@33.50 ROIAKx1126@1.81 NEONx682@2.95 ARLx972@2.11 
Purchases: CJJDx1208@1.68 RCONx1933@1.05 QNSTx181@11.19 VRTBx1371@1.48 BORNx407@4.99 

2011-06-09
Cash: 8.14
Held: RCONx1933@1.10 VRTBx1371@1.52 CJJDx1208@1.70 QNSTx181@10.86 BORNx407@4.64 
Value: 10125.08
Sales: CJJDx1208@1.70 RCONx1933@1.10 QNSTx181@10.86 VRTBx1371@1.52 BORNx407@4.64 
Purchases: GALEx1807@1.12 NFECx1112@1.82 MTGx343@5.89 PRTKx203@9.95 VRMLx448@4.51 

2011-06-12
Cash: 14.62
Held: NFECx1112@2.10 GALEx1807@1.06 MTGx343@6.12 PRTKx203@9.67 VRMLx448@4.51 
Value: 10348.20
Sales: GALEx1807@1.06 VRMLx448@4.51 NFECx1112@2.10 MTGx343@6.12 PRTKx203@9.67 
Purchases: ALNx1388@1.49 DIODx88@23.27 NBYx1799@1.15 EVKx1029@2.01 GENEx412@5.02 

2011-06-13
Cash: 26.74
Held: EVKx1029@2.04 NBYx1799@1.10 DIODx88@23.50 GENEx412@4.78 ALNx1388@1.37 
Value: 10042.73
Sales: DIODx88@23.50 ALNx1388@1.37 NBYx1799@1.10 EVKx1029@2.04 GENEx412@4.78 
Purchases: TAITx1716@1.17 ESXBx1568@1.28 STKLx283@7.08 GRCx66@30.30 OIIx55@36.41 

2011-06-14
Cash: 22.62
Held: ESXBx1568@1.26 OIIx55@36.38 TAITx1716@1.30 STKLx283@6.98 GRCx66@29.19 
Value: 10130.87
Sales: ESXBx1568@1.26 STKLx283@6.98 TAITx1716@1.30 OIIx55@36.38 GRCx66@29.19 
Purchases: PEDx25321@0.08 FOLDx302@6.69 ABRx482@4.20 DXTRx820@2.47 MFRIx260@7.79 

2011-06-15
Cash: 8.80
Held: MFRIx260@7.57 PEDx25321@0.07 FOLDx302@6.34 ABRx482@4.46 DXTRx820@2.39 
Value: 9774.85
Sales: PEDx25321@0.07 FOLDx302@6.34 ABRx482@4.46 DXTRx820@2.39 MFRIx260@7.57 
Purchases: RCONx788@2.48 AXDXx354@5.52 INUVx1143@1.71 SPWRx111@17.52 LODEx634@3.08 

2011-06-16
Cash: 14.84
Held: RCONx788@2.31 AXDXx354@4.85 SPWRx111@17.06 INUVx1143@1.77 LODEx634@3.04 
Value: 9396.28
Sales: RCONx788@2.31 AXDXx354@4.85 INUVx1143@1.77 SPWRx111@17.06 LODEx634@3.04 
Purchases: HQCLx344@5.45 NAKx218@8.59 DSTx36@51.72 VGZx728@2.58 DLHCx1773@1.06 

2011-06-19
Cash: 29.52
Held: VGZx728@2.70 DSTx36@51.00 DLHCx1773@1.11 HQCLx344@5.32 NAKx218@8.62 
Value: 9507.94
Sales: HQCLx344@5.32 NAKx218@8.62 DSTx36@51.00 VGZx728@2.70 DLHCx1773@1.11 
Purchases: CBLIx25@74.00 OPHCx2795@0.68 MINDx132@14.35 LIVEx559@3.40 BBRYx69@27.31 

2011-06-20
Cash: 77.06
Held: CBLIx25@69.19 LIVEx559@3.14 OPHCx2795@0.67 MINDx132@14.72 BBRYx69@26.44 
Value: 9201.86
Sales: OPHCx2795@0.67 CBLIx25@69.19 MINDx132@14.72 LIVEx559@3.14 BBRYx69@26.44 
Purchases: CALIx271@6.78 DLx844@2.18 SITOx4602@0.40 SGRPx1586@1.16 INSx1415@1.30 

2011-06-21
Cash: 4.90
Held: CALIx271@7.50 DLx844@2.20 SGRPx1586@1.22 INSx1415@1.30 SITOx4602@0.51 
Value: 10013.19
Sales: CALIx271@7.50 DLx844@2.20 SITOx4602@0.51 SGRPx1586@1.22 INSx1415@1.30 
Purchases: PMBCx588@3.40 ACURx98@20.25 FTEKx323@6.20 OSBCPx601@3.33 HPJx1483@1.35 

2011-06-22
Cash: 24.07
Held: OSBCPx601@3.30 HPJx1483@1.30 FTEKx323@5.99 ACURx98@19.45 PMBCx588@3.39 
Value: 9769.75
Sales: PMBCx588@3.39 HPJx1483@1.30 FTEKx323@5.99 OSBCPx601@3.30 ACURx98@19.45 
Purchases: NYNYx2245@0.87 LARKx127@15.27 BSFx348@5.61 HSTMx176@11.08 PEIXx1347@1.45 

2011-06-23
Cash: 21.39
Held: BSFx348@5.50 LARKx127@15.74 PEIXx1347@1.46 NYNYx2245@0.90 HSTMx176@11.38 
Value: 9924.87
Sales: LARKx127@15.74 NYNYx2245@0.90 BSFx348@5.50 HSTMx176@11.38 PEIXx1347@1.46 
Purchases: GTXIx421@4.71 OGENx565@3.51 SEEDx487@4.07 KINSx675@2.94 FCSCx1946@1.02 

2011-06-26
Cash: 8.17
Held: GTXIx421@4.39 FCSCx1946@0.95 OGENx565@3.75 SEEDx487@3.94 KINSx675@2.96 
Value: 9741.60
Sales: SEEDx487@3.94 OGENx565@3.75 GTXIx421@4.39 KINSx675@2.96 FCSCx1946@0.95 
Purchases: CHNRx185@10.50 ARLx608@3.20 AMRBx317@6.13 PTIEx487@4.00 FCSCx2050@0.95 

2011-06-27
Cash: 15.21
Held: AMRBx317@6.25 PTIEx487@3.90 CHNRx185@9.00 FCSCx2050@0.77 ARLx608@3.17 
Value: 9066.80
Sales: CHNRx185@9.00 ARLx608@3.17 PTIEx487@3.90 AMRBx317@6.25 FCSCx2050@0.77 
Purchases: ICCCx254@7.13 VTNRx725@2.50 FUSBx374@4.84 PTIEx464@3.90 FLOx83@21.73 

2011-06-28
Cash: 19.72
Held: VTNRx725@2.65 PTIEx464@4.01 FLOx83@22.09 ICCCx254@7.68 FUSBx374@5.00 
Value: 9457.12
Sales: ICCCx254@7.68 VTNRx725@2.65 FUSBx374@5.00 FLOx83@22.09 PTIEx464@4.01 
Purchases: XBKSx180@10.49 CDTIx83@22.55 BCLIx296@6.38 RBPAAx1401@1.35 IGCx6100@0.31 

2011-06-29
Cash: 26.81
Held: RBPAAx1401@1.42 BCLIx296@7.30 IGCx6100@0.36 CDTIx83@24.30 XBKSx180@10.61 
Value: 10300.14
Sales: CDTIx83@24.30 IGCx6100@0.36 RBPAAx1401@1.42 BCLIx296@7.30 XBKSx180@10.61 
Purchases: PDEXx957@2.15 SINOx1373@1.50 EXFOx276@7.46 YRCWx1746@1.18 SCKTx923@2.23 

2011-06-30
Cash: 5.04
Held: SCKTx923@2.15 PDEXx957@2.08 YRCWx1746@1.15 SINOx1373@1.46 EXFOx276@7.73 
Value: 10127.20
Sales: SINOx1373@1.46 EXFOx276@7.73 PDEXx957@2.08 YRCWx1746@1.15 SCKTx923@2.15 
Purchases: IMMYx67517@0.03 CALIx286@7.08 SSFNx405@5.00 CLNTx206@9.80 SGOCx510@3.97 

2011-07-04
Cash: 9.22
Held: CALIx286@7.23 SGOCx510@3.66 CLNTx206@9.30 SSFNx405@4.96 IMMYx67517@0.04 
Value: 10569.40
Sales: SGOCx510@3.66 CALIx286@7.23 SSFNx405@4.96 CLNTx206@9.30 IMMYx67517@0.04 
Purchases: AMXx78@27.05 SSGx43@48.28 DARx123@17.11 HOLIx234@9.00 CJJDx1112@1.90 

2011-07-05
Cash: 59.97
Held: CJJDx1112@1.90 AMXx78@26.95 SSGx43@49.00 HOLIx234@9.42 DARx123@17.16 
Value: 10697.48
Sales: CJJDx1112@1.90 SSGx43@49.00 DARx123@17.16 HOLIx234@9.42 AMXx78@26.95 
Purchases: RCONx1038@2.06 TMKx50@42.16 SHIPx427@5.00 MITLx519@4.12 NTCTx127@16.81 

2011-07-06
Cash: 41.79
Held: RCONx1038@1.92 SHIPx427@5.00 NTCTx127@16.95 TMKx50@43.44 MITLx519@4.07 
Value: 10607.08
Sales: TMKx50@43.44 RCONx1038@1.92 NTCTx127@16.95 SHIPx427@5.00 MITLx519@4.07 
Purchases: FNCXx339@6.25 OHRPx3657@0.58 PLBCx1010@2.10 FUNCx470@4.51 ITUSx6237@0.34 

2011-07-07
Cash: 4.74
Held: ITUSx6237@0.30 PLBCx1010@2.05 OHRPx3657@0.55 FNCXx339@6.25 FUNCx470@4.40 
Value: 10144.09
Sales: FNCXx339@6.25 OHRPx3657@0.55 PLBCx1010@2.05 FUNCx470@4.40 ITUSx6237@0.30 
Purchases: FARMx234@8.65 LLx109@18.50 IPCIx591@3.43 AXNx2028@1.00 AMTXx754@2.69 

2011-07-10
Cash: 21.06
Held: FARMx234@9.81 AMTXx754@2.80 IPCIx591@3.36 AXNx2028@0.95 LLx109@18.62 
Value: 10371.49
Sales: FARMx234@9.81 LLx109@18.62 IPCIx591@3.36 AXNx2028@0.95 AMTXx754@2.80 
Purchases: IMNPx4148@0.50 DFFNx3772@0.55 IGCx6913@0.30 XTNTx768@2.70 XXIAx211@9.83 

2011-07-11
Cash: 2.65
Held: XTNTx768@2.75 IMNPx4148@0.52 DFFNx3772@0.63 XXIAx211@9.68 IGCx6913@0.33 
Value: 10971.85
Sales: IMNPx4148@0.52 DFFNx3772@0.63 IGCx6913@0.33 XXIAx211@9.68 XTNTx768@2.75 
Purchases: CNETx379@5.78 WKHSx3720@0.59 UPVx60@36.12 NFECx1161@1.89 BLDRx1050@2.09 

2011-07-12
Cash: 30.82
Held: CNETx379@5.44 NFECx1161@2.02 UPVx60@36.91 WKHSx3720@0.50 BLDRx1050@2.12 
Value: 10737.26
Sales: CNETx379@5.44 UPVx60@36.91 NFECx1161@2.02 BLDRx1050@2.12 WKHSx3720@0.50 
Purchases: PEDx42959@0.05 CALIx210@10.20 OPHCx2556@0.84 TEARx1173@1.83 MCHPx64@33.16 

2011-07-13
Cash: 31.86
Held: CALIx210@10.56 PEDx42959@0.07 MCHPx64@32.59 OPHCx2556@0.98 TEARx1173@1.75 
Value: 11901.01
Sales: PEDx42959@0.07 CALIx210@10.56 OPHCx2556@0.98 TEARx1173@1.75 MCHPx64@32.59 
Purchases: FARMx244@9.74 CRVPx2203@1.08 JVAx106@22.34 TUESx572@4.16 ITGx201@11.80 

2011-07-14
Cash: 25.29
Held: FARMx244@9.33 CRVPx2203@1.10 TUESx572@4.07 JVAx106@19.56 ITGx201@11.78 
Value: 11493.66
Sales: FARMx244@9.33 CRVPx2203@1.10 JVAx106@19.56 TUESx572@4.07 ITGx201@11.78 
Purchases: ARWRx448@5.13 ISDRx12766@0.18 CDTIx77@29.55 BWL.Ax217@10.58 CTSOx437@5.25 

2011-07-17
Cash: 32.53
Held: ISDRx12766@0.17 BWL.Ax217@10.58 CTSOx437@5.42 ARWRx448@4.90 CDTIx77@30.34 
Value: 11399.10
Sales: ARWRx448@4.90 ISDRx12766@0.17 CDTIx77@30.34 BWL.Ax217@10.58 CTSOx437@5.42 
Purchases: XBKSx284@8.00 JVAx117@19.39 TGIx45@50.34 TOPSx762@2.99 DCTHx440@5.18 

2011-07-18
Cash: 35.30
Held: TOPSx762@3.00 TGIx45@49.97 DCTHx440@5.07 JVAx117@23.00 XBKSx284@7.48 
Value: 11616.29
Sales: XBKSx284@7.48 JVAx117@23.00 TGIx45@49.97 TOPSx762@3.00 DCTHx440@5.07 
Purchases: WBMDx70@32.91 SNHYx72@31.92 INTXx125@18.53 MAYSx136@16.98 INSx1746@1.33 

2011-07-19
Cash: 65.88
Held: INSx1746@1.33 INTXx125@18.62 WBMDx70@36.78 MAYSx136@17.00 SNHYx72@33.66 
Value: 12026.26
Sales: WBMDx70@36.78 SNHYx72@33.66 INTXx125@18.62 MAYSx136@17.00 INSx1746@1.33 
Purchases: IMMYx34357@0.07 CLBSx2247@1.07 AXNx2642@0.91 MTGx534@4.50 BASIx1351@1.78 

2011-07-20
Cash: 3.24
Held: BASIx1351@1.91 CLBSx2247@1.06 MTGx534@4.40 AXNx2642@0.93 IMMYx34357@0.12 
Value: 13893.68
Sales: CLBSx2247@1.06 IMMYx34357@0.12 AXNx2642@0.93 MTGx534@4.40 BASIx1351@1.91 
Purchases: SGOCx761@3.65 DVAXx110@25.09 FTNTx128@21.61 CURx152@18.20 FFHLx780@3.56 

2011-07-21
Cash: 45.32
Held: SGOCx761@3.77 FFHLx780@3.93 DVAXx110@26.30 FTNTx128@20.84 CURx152@18.59 
Value: 14365.99
Sales: SGOCx761@3.77 DVAXx110@26.30 FTNTx128@20.84 FFHLx780@3.93 CURx152@18.59 
Purchases: STXx201@14.24 RVPx2476@1.16 TZOOx49@58.00 GNWx347@8.26 FFIVx28@99.75 

2011-07-24
Cash: 130.31
Held: RVPx2476@1.15 STXx201@14.35 GNWx347@8.77 FFIVx28@99.81 TZOOx49@58.69 
Value: 14578.16
Sales: TZOOx49@58.69 RVPx2476@1.15 STXx201@14.35 GNWx347@8.77 FFIVx28@99.81 
Purchases: RTx308@9.45 KONAx433@6.72 FCFPx1060@2.75 CDTIx96@30.25 GENEx472@6.17 

2011-07-25
Cash: 25.25
Held: KONAx433@6.90 GENEx472@6.34 RTx308@9.48 FCFPx1060@2.70 CDTIx96@31.41 
Value: 14799.63
Sales: RTx308@9.48 KONAx433@6.90 GENEx472@6.34 FCFPx1060@2.70 CDTIx96@31.41 
Purchases: ATECx930@3.18 TGTXx11839@0.25 EVKx1750@1.69 HDBx81@36.25 FCFPx1096@2.70 

2011-07-26
Cash: 29.93
Held: EVKx1750@2.00 ATECx930@2.90 FCFPx1096@2.20 HDBx81@36.31 TGTXx11839@0.26 
Value: 14657.20
Sales: TGTXx11839@0.26 EVKx1750@2.00 FCFPx1096@2.20 HDBx81@36.31 ATECx930@2.90 
Purchases: UCTTx415@7.05 SINOx619@4.73 IMMYx36635@0.08 HMNYx1350@2.17 TCIx1665@1.76 

2011-07-27
Cash: 12.14
Held: UCTTx415@6.96 SINOx619@5.30 TCIx1665@1.70 HMNYx1350@2.17 IMMYx36635@0.06 
Value: 14140.34
Sales: UCTTx415@6.96 SINOx619@5.30 IMMYx36635@0.06 HMNYx1350@2.17 TCIx1665@1.70 
Purchases: CYTRx951@2.97 ROSGx2298@1.23 OKSBx441@6.40 JNPRx114@24.70 DLHCx1480@1.91 

2011-07-28
Cash: 22.69
Held: DLHCx1480@2.30 JNPRx114@23.33 OKSBx441@6.27 CYTRx951@2.94 ROSGx2298@1.45 
Value: 14980.08
Sales: CYTRx951@2.94 ROSGx2298@1.45 OKSBx441@6.27 JNPRx114@23.33 DLHCx1480@2.30 
Purchases: SMMFx998@3.00 SHIPx570@5.25 SSYSx115@26.00 AKAMx126@23.69 OSKx122@24.48 

2011-07-31
Cash: 31.86
Held: SHIPx570@5.06 SSYSx115@25.84 AKAMx126@24.53 OSKx122@24.81 SMMFx998@3.22 
Value: 15219.62
Sales: AKAMx126@24.53 SMMFx998@3.22 SHIPx570@5.06 SSYSx115@25.84 OSKx122@24.81 
Purchases: SPRTx908@3.35 NVGNx3043@1.00 IBIOx1135@2.68 NUROx6918@0.44 TNAVx299@10.16 

2011-08-01
Cash: 13.49
Held: TNAVx299@9.69 NUROx6918@0.43 NVGNx3043@1.00 IBIOx1135@2.57 SPRTx908@3.26 
Value: 14804.49
Sales: SPRTx908@3.26 NVGNx3043@1.00 IBIOx1135@2.57 NUROx6918@0.43 TNAVx299@9.69 
Purchases: IMMYx59232@0.05 KNDx216@13.70 GEN           x590@5.01 RCONx1873@1.58 TNAVx305@9.69 

2011-08-02
Cash: 12.65
Held: RCONx1873@1.73 TNAVx305@9.82 KNDx216@13.96 GEN           x590@5.68 IMMYx59232@0.05 
Value: 15576.47
Sales: IMMYx59232@0.05 RCONx1873@1.73 GEN           x590@5.68 KNDx216@13.96 TNAVx305@9.82 
Purchases: BORNx553@5.63 XTLBx11537@0.27 INSMx566@5.50 RILYx44499@0.07 FOEx314@9.91 

2011-08-03
Cash: 9.65
Held: XTLBx11537@0.27 FOEx314@9.81 RILYx44499@0.08 INSMx566@5.04 BORNx553@4.96 
Value: 15362.18
Sales: FOEx314@9.81 BORNx553@4.96 RILYx44499@0.08 XTLBx11537@0.27 INSMx566@5.04 
Purchases: GECx1995@1.54 BPIx143@21.38 KFRCx353@8.68 TMUSx300@10.21 BBOXx126@24.27 

2011-08-04
Cash: 48.50
Held: BBOXx126@25.38 KFRCx353@8.78 BPIx143@21.23 TMUSx300@9.50 GECx1995@1.59 
Value: 15403.79
Sales: BPIx143@21.23 GECx1995@1.59 KFRCx353@8.78 BBOXx126@25.38 TMUSx300@9.50 
Purchases: CIRx89@34.56 KRAx136@22.58 XPOx977@3.15 TSx80@38.50 IOx489@6.29 

2011-08-07
Cash: 23.81
Held: XPOx977@2.93 IOx489@5.58 KRAx136@21.56 TSx80@34.09 CIRx89@34.50 
Value: 14344.32
Sales: CIRx89@34.50 KRAx136@21.56 XPOx977@2.93 TSx80@34.09 IOx489@5.58 
Purchases: CLGXx297@9.66 JOBx13663@0.21 FSTRx158@18.05 SHIPx771@3.72 MCZx4414@0.65 

2011-08-08
Cash: 18.98
Held: JOBx13663@0.21 SHIPx771@3.50 CLGXx297@8.96 FSTRx158@19.00 MCZx4414@0.64 
Value: 14075.14
Sales: JOBx13663@0.21 FSTRx158@19.00 CLGXx297@8.96 SHIPx771@3.50 MCZx4414@0.64 
Purchases: USEGx938@3.00 CPLPx549@5.12 URGx2345@1.20 OGENx1340@2.10 VRMLx1121@2.51 

2011-08-09
Cash: 8.28
Held: USEGx938@2.82 URGx2345@1.27 CPLPx549@5.63 VRMLx1121@2.74 OGENx1340@2.20 
Value: 14739.81
Sales: USEGx938@2.82 CPLPx549@5.63 URGx2345@1.27 OGENx1340@2.20 VRMLx1121@2.74 
Purchases: GTN.Ax2268@1.30 LLNWx1310@2.25 ENOCx280@10.49 MTGx1315@2.24 SBBXx618@4.77 

2011-08-10
Cash: 13.06
Held: ENOCx280@9.36 MTGx1315@2.19 LLNWx1310@2.38 GTN.Ax2268@1.38 SBBXx618@4.93 
Value: 14807.86
Sales: LLNWx1310@2.38 ENOCx280@9.36 MTGx1315@2.19 SBBXx618@4.93 GTN.Ax2268@1.38 
Purchases: AIQx2552@1.16 ABx216@13.68 MSTXx2741@1.08 KARx211@13.99 DRVx47@62.84 

2011-08-11
Cash: 25.83
Held: DRVx47@51.31 KARx211@13.68 AIQx2552@1.61 MSTXx2741@1.17 ABx216@15.10 
Value: 15902.24
Sales: MSTXx2741@1.17 KARx211@13.68 ABx216@15.10 AIQx2552@1.61 DRVx47@51.31 
Purchases: HOVNPx1277@2.49 MEIPx2224@1.43 FHx2106@1.51 CURx209@15.21 AMTXx447@7.10 

2011-08-14
Cash: 9.54
Held: MEIPx2224@1.44 AMTXx447@6.50 HOVNPx1277@3.00 FHx2106@1.56 CURx209@15.73 
Value: 16520.86
Sales: HOVNPx1277@3.00 MEIPx2224@1.44 FHx2106@1.56 AMTXx447@6.50 CURx209@15.73 
Purchases: SMDDx125@26.33 TZAx70@47.12 SRTYx142@23.19 YANGx203@16.25 MIDZx72@45.84 

2011-08-15
Cash: 38.97
Held: SMDDx125@25.97 SRTYx142@23.08 MIDZx72@45.66 TZAx70@46.81 YANGx203@16.44 
Value: 16463.09
Sales: SMDDx125@25.97 TZAx70@46.81 SRTYx142@23.08 YANGx203@16.44 MIDZx72@45.66 
Purchases: DVx74@44.00 MLSSx8032@0.41 EVBSx1371@2.40 RVLTx1438@2.29 PEIXx7841@0.42 

2011-08-16
Cash: 39.46
Held: RVLTx1438@2.24 MLSSx8032@0.70 DVx74@45.00 PEIXx7841@0.41 EVBSx1371@2.47 
Value: 18816.34
Sales: DVx74@45.00 MLSSx8032@0.70 EVBSx1371@2.47 RVLTx1438@2.24 PEIXx7841@0.41 
Purchases: SRSCx287@13.07 CNTFx242@15.50 ISNSx597@6.30 KNDIx1687@2.23 EVLVx1003@3.75 

2011-08-17
Cash: 28.55
Held: CNTFx242@14.50 SRSCx287@13.11 KNDIx1687@2.50 ISNSx597@6.48 EVLVx1003@3.55 
Value: 18947.71
Sales: CNTFx242@14.50 EVLVx1003@3.55 ISNSx597@6.48 KNDIx1687@2.50 SRSCx287@13.11 
Purchases: HMSYx163@23.23 OZRKx168@22.45 INOx4921@0.77 SKLNx15158@0.25 ABACx413@9.16 

2011-08-18
Cash: 28.09
Held: ABACx413@9.32 INOx4921@0.63 SKLNx15158@0.25 HMSYx163@22.45 OZRKx168@21.47 
Value: 18033.14
Sales: ABACx413@9.32 OZRKx168@21.47 INOx4921@0.63 SKLNx15158@0.25 HMSYx163@22.45 
Purchases: MEIPx2503@1.44 NVGNx4242@0.85 TZOOx109@32.88 NTAPx103@34.84 GEN           x768@4.69 

2011-08-21
Cash: 46.35
Held: MEIPx2503@1.45 NTAPx103@36.84 GEN           x768@4.83 NVGNx4242@0.80 TZOOx109@36.19 
Value: 18516.30
Sales: MEIPx2503@1.45 NVGNx4242@0.80 GEN           x768@4.83 NTAPx103@36.84 TZOOx109@36.19 
Purchases: TDCx82@44.62 ALLTx358@10.34 TOPSx1797@2.06 PKDx708@5.23 SBNYWx144@25.69 

2011-08-22
Cash: 49.01
Held: TOPSx1797@2.06 ALLTx358@10.99 SBNYWx144@25.98 TDCx82@45.28 PKDx708@5.00 
Value: 18681.83
Sales: TDCx82@45.28 ALLTx358@10.99 TOPSx1797@2.06 PKDx708@5.00 SBNYWx144@25.98 
Purchases: SBOTx6795@0.55 FBPx1329@2.81 SHIPx1205@3.10 RCONx2364@1.58 DGICBx218@17.08 

2011-08-23
Cash: 17.33
Held: RCONx2364@1.52 SHIPx1205@3.31 DGICBx218@17.19 FBPx1329@2.86 SBOTx6795@0.60 
Value: 19223.36
Sales: RCONx2364@1.52 FBPx1329@2.86 SHIPx1205@3.31 DGICBx218@17.19 SBOTx6795@0.60 
Purchases: CJJDx2147@1.79 SPUx1731@2.22 RWCx4319@0.89 BACx604@6.36 SMMFx1353@2.84 

2011-08-24
Cash: 8.23
Held: SPUx1731@2.20 RWCx4319@0.98 BACx604@8.29 CJJDx2147@1.83 SMMFx1353@3.24 
Value: 21367.43
Sales: CJJDx2147@1.83 RWCx4319@0.98 SPUx1731@2.20 SMMFx1353@3.24 BACx604@8.29 
Purchases: USAKx551@7.75 SKLNx32871@0.13 HBPx6103@0.70 LFCx112@37.97 TECSx171@24.97 

2011-08-25
Cash: 28.34
Held: SKLNx32871@0.15 HBPx6103@0.78 TECSx171@26.38 LFCx112@36.91 USAKx551@7.64 
Value: 22572.43
Sales: USAKx551@7.64 SKLNx32871@0.15 HBPx6103@0.78 LFCx112@36.91 TECSx171@26.38 
Purchases: RYNx115@39.09 HMNFx2670@1.69 MGHx3995@1.13 MCZx5862@0.77 CALx663@6.80 

2011-08-28
Cash: 26.54
Held: RYNx115@40.94 CALx663@7.94 HMNFx2670@1.86 MGHx3995@1.21 MCZx5862@0.81 
Value: 24549.01
Sales: RYNx115@40.94 HMNFx2670@1.86 MGHx3995@1.21 MCZx5862@0.81 CALx663@7.94 
Purchases: DGLYx5846@0.84 DCTHx1406@3.49 TCIx1924@2.55 NUTRx373@13.15 SITOx18183@0.27 

2011-08-29
Cash: 10.17
Held: DCTHx1406@3.66 NUTRx373@13.92 TCIx1924@2.55 DGLYx5846@0.88 SITOx18183@0.30 
Value: 25856.50
Sales: SITOx18183@0.30 DGLYx5846@0.88 TCIx1924@2.55 NUTRx373@13.92 DCTHx1406@3.66 
Purchases: IMMYx103451@0.05 OGENx2238@2.31 ERYx50@102.19 VIRCx2228@2.32 CAMTx2200@2.35 

2011-08-30
Cash: 66.04
Held: CAMTx2200@2.17 ERYx50@96.75 VIRCx2228@2.36 IMMYx103451@0.08 OGENx2238@2.50 
Value: 28806.90
Sales: IMMYx103451@0.08 OGENx2238@2.50 ERYx50@96.75 VIRCx2228@2.36 CAMTx2200@2.17 
Purchases: GIGx3114@1.85 NETEx28813@0.20 HHx7999@0.72 SYNLx562@10.25 SYRGx1888@3.05 

2011-08-31
Cash: 4.65
Held: SYNLx562@10.40 HHx7999@0.77 GIGx3114@1.87 SYRGx1888@2.98 NETEx28813@0.20 
Value: 29219.82
Sales: GIGx3114@1.87 NETEx28813@0.20 SYNLx562@10.40 HHx7999@0.77 SYRGx1888@2.98 
Purchases: YANGx379@15.40 XCRAx1026@5.69 OMNx1325@4.41 PHIIx264@22.09 PBHCx642@9.10 

2011-09-01
Cash: 25.02
Held: XCRAx1026@5.51 PHIIx264@21.94 PBHCx642@9.10 OMNx1325@4.29 YANGx379@17.42 
Value: 29600.65
Sales: YANGx379@17.42 XCRAx1026@5.51 PBHCx642@9.10 PHIIx264@21.94 OMNx1325@4.29 
Purchases: CBPOx784@7.55 BCLIx1001@5.91 HFCx175@33.81 JVAx337@17.52 RNWKx688@8.59 

2011-09-05
Cash: 32.31
Held: CBPOx784@7.59 HFCx175@32.94 JVAx337@17.02 RNWKx688@8.01 BCLIx1001@6.00 
Value: 28996.45
Sales: CBPOx784@7.59 RNWKx688@8.01 HFCx175@32.94 BCLIx1001@6.00 JVAx337@17.02 
Purchases: XBKSx1012@5.73 MERCx699@8.29 ESLx93@62.31 MDSYx7250@0.80 BOSCx1065@5.44 

2011-09-06
Cash: 14.42
Held: ESLx93@63.72 MERCx699@8.63 MDSYx7250@0.80 BOSCx1065@5.84 XBKSx1012@5.87 
Value: 29934.16
Sales: MERCx699@8.63 XBKSx1012@5.87 ESLx93@63.72 MDSYx7250@0.80 BOSCx1065@5.84 
Purchases: UCFCx5872@1.02 MAYSx450@13.30 RADAx2404@2.49 LBTYBx153@39.06 SYUTx1234@4.85 

2011-09-07
Cash: 13.97
Held: RADAx2404@2.57 LBTYBx153@41.12 SYUTx1234@4.76 MAYSx450@13.50 UCFCx5872@1.02 
Value: 30422.77
Sales: UCFCx5872@1.02 MAYSx450@13.50 LBTYBx153@41.12 RADAx2404@2.57 SYUTx1234@4.76 
Purchases: TZAx140@43.28 MIDZx143@42.50 SGRPx5289@1.15 SMDDx248@24.48 MLSSx12169@0.50 

2011-09-08
Cash: 44.86
Held: SMDDx248@25.55 MLSSx12169@0.50 SGRPx5289@1.10 MIDZx143@44.34 TZAx140@46.38 
Value: 31114.47
Sales: SMDDx248@25.55 MLSSx12169@0.50 SGRPx5289@1.10 MIDZx143@44.34 TZAx140@46.38 
Purchases: SPAx797@7.80 GIIIx262@23.70 SYNx9148@0.68 FUNCx1555@4.00 CTSOx1468@4.24 

2011-09-11
Cash: 22.99
Held: GIIIx262@22.11 SPAx797@7.61 CTSOx1468@4.40 SYNx9148@0.68 FUNCx1555@3.75 
Value: 30390.72
Sales: SPAx797@7.61 GIIIx262@22.11 SYNx9148@0.68 FUNCx1555@3.75 CTSOx1468@4.40 
Purchases: HOVNPx2140@2.84 MPXx1523@3.99 NETEx30398@0.20 CAPRx9966@0.61 PEIXx16422@0.37 

2011-09-12
Cash: 2.25
Held: MPXx1523@4.08 CAPRx9966@0.65 PEIXx16422@0.38 HOVNPx2140@3.14 NETEx30398@0.15 
Value: 30209.98
Sales: HOVNPx2140@3.14 NETEx30398@0.15 PEIXx16422@0.38 CAPRx9966@0.65 MPXx1523@4.08 
Purchases: IGLDx509@11.86 CSIQx1196@5.05 DFFNx10603@0.57 LEEx9743@0.62 BZHx760@7.95 

2011-09-13
Cash: 7.76
Held: LEEx9743@0.62 CSIQx1196@5.08 IGLDx509@11.50 DFFNx10603@0.75 BZHx760@8.25 
Value: 32198.75
Sales: CSIQx1196@5.08 IGLDx509@11.50 DFFNx10603@0.75 LEEx9743@0.62 BZHx760@8.25 
Purchases: BGIx7234@0.89 OPHCx9754@0.66 ESNCx7156@0.90 SPEXx3443@1.87 JASOx2394@2.69 

2011-09-14
Cash: 3.28
Held: ESNCx7156@0.82 SPEXx3443@2.27 OPHCx9754@0.67 JASOx2394@2.60 BGIx7234@1.11 
Value: 34474.10
Sales: ESNCx7156@0.82 OPHCx9754@0.67 BGIx7234@1.11 SPEXx3443@2.27 JASOx2394@2.60 
Purchases: MAGSx3012@2.29 ABEOx3830@1.80 NBYx8110@0.85 WGBSx19693@0.35 MDSYx10770@0.64 

2011-09-15
Cash: 3.15
Held: NBYx8110@0.98 MAGSx3012@2.32 ABEOx3830@1.99 WGBSx19693@0.35 MDSYx10770@0.65 
Value: 36456.10
Sales: MAGSx3012@2.32 ABEOx3830@1.99 NBYx8110@0.98 WGBSx19693@0.35 MDSYx10770@0.65 
Purchases: SOXSx113@64.00 RVLTx4446@1.64 NFLXx43@167.75 PERFx522@13.95 COOLx78@93.25 

2011-09-18
Cash: 163.94
Held: RVLTx4446@1.65 PERFx522@14.99 COOLx78@92.38 NFLXx43@156.75 SOXSx113@67.12 
Value: 36858.12
Sales: NFLXx43@156.75 SOXSx113@67.12 RVLTx4446@1.65 PERFx522@14.99 COOLx78@92.38 
Purchases: AMSCx140@52.59 CYOUx223@33.00 AXNx10098@0.73 LEEx9330@0.79 SITOx19404@0.38 

2011-09-19
Cash: 22.34
Held: AMSCx140@53.09 LEEx9330@0.83 AXNx10098@0.74 CYOUx223@32.62 SITOx19404@0.30 
Value: 35772.51
Sales: AXNx10098@0.74 CYOUx223@32.62 AMSCx140@53.09 LEEx9330@0.83 SITOx19404@0.30 
Purchases: JKSx1095@6.53 YRCWx102196@0.07 ACFCx2861@2.50 AMTXx1834@3.90 USATx3668@1.95 

2011-09-20
Cash: 7.19
Held: JKSx1095@6.03 AMTXx1834@4.50 YRCWx102196@0.07 ACFCx2861@2.55 USATx3668@1.86 
Value: 36140.43
Sales: YRCWx102196@0.07 USATx3668@1.86 ACFCx2861@2.55 AMTXx1834@4.50 JKSx1095@6.03 
Purchases: MNTAx622@11.61 FANHx1017@7.10 PRKRx7228@1.00 NUROx4153@1.74 PRANx4084@1.77 

2011-09-21
Cash: 15.15
Held: NUROx4153@1.85 PRKRx7228@0.95 MNTAx622@10.28 FANHx1017@6.68 PRANx4084@1.77 
Value: 34979.53
Sales: MNTAx622@10.28 PRKRx7228@0.95 PRANx4084@1.77 NUROx4153@1.85 FANHx1017@6.68 
Purchases: ARAYx1793@3.90 FFBCWx1702@4.11 CMLSx307@22.72 TROVx12491@0.56 SPUx3109@2.25 

2011-09-22
Cash: 26.38
Held: SPUx3109@2.21 FFBCWx1702@4.10 CMLSx307@21.59 ARAYx1793@3.64 TROVx12491@0.69 
Value: 35656.02
Sales: FFBCWx1702@4.10 TROVx12491@0.69 ARAYx1793@3.64 SPUx3109@2.21 CMLSx307@21.59 
Purchases: EDCx8@816.50 MIDUx271@26.31 UBRx442@16.11 UMDDx163@43.50 FASx710@10.04 

2011-09-25
Cash: 654.76
Held: EDCx8@828.00 UBRx442@16.84 FASx710@10.93 MIDUx271@28.05 UMDDx163@46.84 
Value: 37720.01
Sales: EDCx8@828.00 MIDUx271@28.05 UMDDx163@46.84 UBRx442@16.84 FASx710@10.93 
Purchases: SBSAx4462@1.69 AKGx1456@5.18 CKXx759@9.93 PGTIx5467@1.38 AUMNx866@8.70 

2011-09-26
Cash: 18.33
Held: PGTIx5467@1.30 CKXx759@9.93 AKGx1456@5.66 AUMNx866@8.43 SBSAx4462@1.80 
Value: 38233.02
Sales: SBSAx4462@1.80 AKGx1456@5.66 CKXx759@9.93 PGTIx5467@1.30 AUMNx866@8.43 
Purchases: PIPx3383@2.26 SOXSx109@70.06 ESXBx6646@1.15 CPHIx7016@1.09 XPLx4345@1.76 

2011-09-27
Cash: 13.40
Held: XPLx4345@1.75 ESXBx6646@1.15 CPHIx7016@1.15 PIPx3383@2.11 SOXSx109@71.00 
Value: 38208.80
Sales: PIPx3383@2.11 SOXSx109@71.00 ESXBx6646@1.15 CPHIx7016@1.15 XPLx4345@1.75 
Purchases: DRAMx345@22.14 DPKx43@173.88 JVAx765@9.98 RVLTx6210@1.23 NFECx9554@0.80 

2011-09-28
Cash: 179.04
Held: DPKx43@170.50 RVLTx6210@1.32 NFECx9554@0.78 JVAx765@8.90 DRAMx345@25.20 
Value: 38662.13
Sales: DRAMx345@25.20 RVLTx6210@1.32 JVAx765@8.90 DPKx43@170.50 NFECx9554@0.78 
Purchases: AEHRx10177@0.76 INUVx7365@1.05 IOCx173@44.59 CALXx930@8.31 TRXx2159@3.58 

2011-09-29
Cash: 23.45
Held: CALXx930@8.04 IOCx173@47.91 AEHRx10177@0.95 INUVx7365@1.04 TRXx2159@3.68 
Value: 41062.03
Sales: CALXx930@8.04 AEHRx10177@0.95 IOCx173@47.91 INUVx7365@1.04 TRXx2159@3.68 
Purchases: BDSIx6842@1.20 DYNTx1887@4.35 AMDx1570@5.23 LODEx4169@1.97 MUXx2013@4.08 

2011-10-02
Cash: 6.01
Held: MUXx2013@4.04 DYNTx1887@4.00 AMDx1570@5.03 LODEx4169@2.01 BDSIx6842@1.09 
Value: 39419.13
Sales: BDSIx6842@1.09 DYNTx1887@4.00 MUXx2013@4.04 LODEx4169@2.01 AMDx1570@5.03 
Purchases: CRRx77@101.19 CDTIx682@11.55 SBSAx4721@1.67 FFHLx3458@2.28 RNVAx4002@1.97 

2011-10-03
Cash: 104.37
Held: FFHLx3458@1.85 RNVAx4002@1.69 SBSAx4721@1.52 CDTIx682@10.10 CRRx77@92.88 
Value: 34479.76
Sales: CRRx77@92.88 CDTIx682@10.10 SBSAx4721@1.52 FFHLx3458@1.85 RNVAx4002@1.69 
Purchases: WRNx3852@1.79 ENOCx845@8.16 PBIBx2027@3.40 RADAx3768@1.83 SGMOx2298@3.00 

2011-10-04
Cash: 10.17
Held: RADAx3768@2.13 PBIBx2027@3.21 ENOCx845@8.57 SGMOx2298@3.48 WRNx3852@1.88 
Value: 37029.16
Sales: WRNx3852@1.88 ENOCx845@8.57 PBIBx2027@3.21 SGMOx2298@3.48 RADAx3768@2.13 
Purchases: LTBRx3684@2.01 MEGx5609@1.32 PPPx3023@2.45 GBRx3577@2.07 VRMLx3560@2.08 

2011-10-05
Cash: 4.98
Held: LTBRx3684@2.30 PPPx3023@2.58 MEGx5609@1.21 VRMLx3560@1.97 GBRx3577@2.05 
Value: 37415.18
Sales: LTBRx3684@2.30 MEGx5609@1.21 PPPx3023@2.58 GBRx3577@2.05 VRMLx3560@1.97 
Purchases: TZAx156@47.91 SDDx135@55.12 SRTYx315@23.73 IINx1908@3.92 CRMDx20218@0.37 

2011-10-06
Cash: 61.36
Held: IINx1908@4.15 SDDx135@52.78 SRTYx315@21.70 CRMDx20218@0.37 TZAx156@43.88 
Value: 36266.06
Sales: SDDx135@52.78 TZAx156@43.88 SRTYx315@21.70 IINx1908@4.15 CRMDx20218@0.37 
Purchases: CUOx602@12.04 DFFNx14802@0.49 OBASx6092@1.19 BIOPx2675@2.71 PTIEx1644@4.41 

2011-10-09
Cash: 11.55
Held: PTIEx1644@4.25 OBASx6092@1.26 DFFNx14802@0.65 BIOPx2675@2.75 CUOx602@11.25 
Value: 38421.65
Sales: CUOx602@11.25 DFFNx14802@0.65 OBASx6092@1.26 BIOPx2675@2.75 PTIEx1644@4.25 
Purchases: FHx5021@1.53 SMDDx299@25.66 DDPx232@33.00 CEIx5298@1.45 ICCCx1463@5.25 

2011-10-10
Cash: 47.04
Held: SMDDx299@25.00 DDPx232@32.25 ICCCx1463@5.39 FHx5021@1.36 CEIx5298@1.41 
Value: 37191.86
Sales: SMDDx299@25.00 FHx5021@1.36 DDPx232@32.25 CEIx5298@1.41 ICCCx1463@5.39 
Purchases: CSIIx1010@7.36 Sx3397@2.19 SPNx311@23.91 CURx443@16.77 ASMx4274@1.74 

2011-10-11
Cash: 21.54
Held: SPNx311@23.91 CSIIx1010@8.10 ASMx4274@1.95 Sx3397@2.47 CURx443@17.55 
Value: 40140.34
Sales: CSIIx1010@8.10 Sx3397@2.47 ASMx4274@1.95 SPNx311@23.91 CURx443@17.55 
Purchases: ALNx6035@1.33 QUMUx736@10.90 RCONx11802@0.68 SKLNx47211@0.17 VBFCx4864@1.65 

2011-10-12
Cash: 9.19
Held: RCONx11802@0.76 VBFCx4864@1.65 SKLNx47211@0.26 ALNx6035@1.33 QUMUx736@11.45 
Value: 45735.29
Sales: ALNx6035@1.33 QUMUx736@11.45 RCONx11802@0.76 SKLNx47211@0.26 VBFCx4864@1.65 
Purchases: NAUHx1175@7.78 TZAx232@39.31 DGLYx11436@0.80 AXNx30485@0.30 SRTYx468@19.52 

2011-10-13
Cash: 44.95
Held: SRTYx468@18.56 AXNx30485@0.34 DGLYx11436@0.83 NAUHx1175@7.79 TZAx232@37.41 
Value: 46422.96
Sales: NAUHx1175@7.79 TZAx232@37.41 SRTYx468@18.56 AXNx30485@0.34 DGLYx11436@0.83 
Purchases: RGSEx5804@1.60 FRBKx6630@1.40 CRMDx26520@0.35 KONEx11608@0.80 KFFBx1441@6.44 

2011-10-16
Cash: 3.44
Held: RGSEx5804@1.60 KONEx11608@0.78 CRMDx26520@0.35 FRBKx6630@1.50 KFFBx1441@6.44 
Value: 46850.98
Sales: RGSEx5804@1.60 KFFBx1441@6.44 CRMDx26520@0.35 KONEx11608@0.78 FRBKx6630@1.50 
Purchases: OPHCx20371@0.46 SALx435@21.52 WGOx1288@7.27 SQQQx482@19.44 TECSx564@16.59 

2011-10-17
Cash: 30.91
Held: SALx435@21.98 WGOx1288@7.39 TECSx564@17.38 SQQQx482@20.14 OPHCx20371@0.46 
Value: 47990.38
Sales: WGOx1288@7.39 TECSx564@17.38 OPHCx20371@0.46 SQQQx482@20.14 SALx435@21.98 
Purchases: WGBSx34275@0.28 COx3634@2.64 SYNx16272@0.59 GRIFx350@27.42 JRJCx5515@1.74 

2011-10-18
Cash: 3.36
Held: COx3634@2.63 GRIFx350@27.81 SYNx16272@0.60 WGBSx34275@0.28 JRJCx5515@1.80 
Value: 48587.00
Sales: WGBSx34275@0.28 COx3634@2.63 SYNx16272@0.60 GRIFx350@27.81 JRJCx5515@1.80 
Purchases: CVMx34701@0.28 INUVx7042@1.38 BMIx671@14.46 CROXx589@16.48 TROVx18342@0.53 

2011-10-19
Cash: 22.66
Held: CVMx34701@0.28 INUVx7042@1.23 BMIx671@13.98 CROXx589@15.46 TROVx18342@0.65 
Value: 48810.19
Sales: CVMx34701@0.28 INUVx7042@1.23 BMIx671@13.98 CROXx589@15.46 TROVx18342@0.65 
Purchases: SGOCx3755@2.60 APEIx314@31.06 BDSIx9858@0.99 AEMx211@46.22 TPIVx69721@0.14 

2011-10-20
Cash: 19.19
Held: AEMx211@44.72 SGOCx3755@2.65 TPIVx69721@0.18 BDSIx9858@1.02 APEIx314@32.25 
Value: 52137.62
Sales: SGOCx3755@2.65 APEIx314@32.25 BDSIx9858@1.02 AEMx211@44.72 TPIVx69721@0.18 
Purchases: ABACx1916@5.44 ISDRx52150@0.20 CRUSx722@14.43 PTNx16289@0.64 GTIMx7142@1.46 

2011-10-23
Cash: 11.97
Held: ISDRx52150@0.20 ABACx1916@5.40 PTNx16289@0.65 GTIMx7142@1.46 CRUSx722@14.58 
Value: 52321.54
Sales: ABACx1916@5.40 ISDRx52150@0.20 GTIMx7142@1.46 CRUSx722@14.58 PTNx16289@0.65 
Purchases: SYNLx1094@9.56 INSx7753@1.35 NVDQx2092@5.00 BIOPx4324@2.42 BLINx4185@2.50 

2011-10-24
Cash: 10.40
Held: SYNLx1094@9.52 INSx7753@1.61 BLINx4185@2.40 NVDQx2092@5.06 BIOPx4324@2.43 
Value: 54048.28
Sales: SYNLx1094@9.52 BLINx4185@2.40 NVDQx2092@5.06 BIOPx4324@2.43 INSx7753@1.61 
Purchases: CBPOx1403@7.70 BVSNx1264@8.55 EVBSx5301@2.04 WAYNx1271@8.50 URREx8443@1.28 

2011-10-25
Cash: 21.11
Held: BVSNx1264@8.40 WAYNx1271@8.87 CBPOx1403@8.33 EVBSx5301@2.00 URREx8443@1.25 
Value: 54747.04
Sales: CBPOx1403@8.33 BVSNx1264@8.40 EVBSx5301@2.00 WAYNx1271@8.87 URREx8443@1.25 
Purchases: WNRx734@14.90 ATRCx1083@10.10 IBIOx5558@1.97 ICCCx2167@5.05 SMITx3369@3.25 

2011-10-26
Cash: 29.56
Held: ATRCx1083@11.59 ICCCx2167@5.26 IBIOx5558@1.99 WNRx734@15.76 SMITx3369@3.71 
Value: 59117.84
Sales: WNRx734@15.76 ATRCx1083@11.59 IBIOx5558@1.99 ICCCx2167@5.26 SMITx3369@3.71 
Purchases: ZSLx980@12.06 DHTx7164@1.65 DZZx2558@4.62 TUESx3329@3.55 SPEXx5448@2.17 

2011-10-27
Cash: 10.15
Held: TUESx3329@3.57 DHTx7164@1.55 SPEXx5448@2.10 ZSLx980@11.09 DZZx2558@4.48 
Value: 56770.10
Sales: ZSLx980@11.09 DHTx7164@1.55 DZZx2558@4.48 TUESx3329@3.57 SPEXx5448@2.10 
Purchases: EDZx130@87.00 YANGx756@15.01 SMKx237@47.72 FUNCx2838@4.00 QSIIx278@40.81 

2011-10-30
Cash: 106.98
Held: EDZx130@89.56 FUNCx2838@3.72 QSIIx278@38.94 SMKx237@49.12 YANGx756@16.08 
Value: 56931.77
Sales: EDZx130@89.56 YANGx756@16.08 SMKx237@49.12 QSIIx278@38.94 FUNCx2838@3.72 
Purchases: CGAx2919@3.90 ORIx1287@8.84 CPSIx222@51.12 HMNYx13888@0.82 ORRFx1251@9.10 

2011-10-31
Cash: 43.10
Held: ORIx1287@8.59 CPSIx222@50.00 HMNYx13888@0.87 ORRFx1251@9.00 CGAx2919@3.90 
Value: 56931.69
Sales: CGAx2919@3.90 ORRFx1251@9.00 CPSIx222@50.00 HMNYx13888@0.87 ORIx1287@8.59 
Purchases: IGLDx783@14.53 IDTx1011@11.26 AIVx476@23.88 CVBx1317@8.64 CAAx158@72.00 

2011-11-01
Cash: 51.87
Held: CVBx1317@10.56 IGLDx783@15.34 AIVx476@23.59 CAAx158@75.00 IDTx1011@12.19 
Value: 61379.02
Sales: IGLDx783@15.34 CAAx158@75.00 AIVx476@23.59 CVBx1317@10.56 IDTx1011@12.19 
Purchases: INSYx1882@6.52 ISRx15538@0.79 AIIIx10064@1.22 ACFCx9095@1.35 DVDx12275@1.00 

2011-11-02
Cash: 8.61
Held: ISRx15538@0.79 INSYx1882@6.52 ACFCx9095@1.27 AIIIx10064@1.34 DVDx12275@0.95 
Value: 61248.22
Sales: AIIIx10064@1.34 ISRx15538@0.79 DVDx12275@0.95 ACFCx9095@1.27 INSYx1882@6.52 
Purchases: EDZx135@90.38 WGBSx53263@0.23 QUIKx4938@2.48 CECOx1461@8.38 VGx4604@2.66 

2011-11-03
Cash: 54.94
Held: EDZx135@91.19 VGx4604@2.78 QUIKx4938@2.49 CECOx1461@7.48 WGBSx53263@0.23 
Value: 60636.33
Sales: EDZx135@91.19 WGBSx53263@0.23 CECOx1461@7.48 QUIKx4938@2.49 VGx4604@2.78 
Purchases: NHTCx21653@0.56 ANFx206@58.72 EVKx8914@1.36 CECOx1621@7.48 EVLVx5691@2.13 

2011-11-06
Cash: 34.58
Held: EVKx8914@1.35 CECOx1621@7.96 EVLVx5691@2.09 ANFx206@58.38 NHTCx21653@0.62 
Value: 62315.63
Sales: NHTCx21653@0.62 ANFx206@58.38 EVKx8914@1.35 CECOx1621@7.96 EVLVx5691@2.09 
Purchases: CRVPx17304@0.72 SGENx690@18.05 CRMDx24926@0.50 TRTx5129@2.43 FSNNx207727@0.06 

2011-11-07
Cash: 12.71
Held: CRVPx17304@0.70 TRTx5129@2.46 CRMDx24926@0.44 FSNNx207727@0.06 SGENx690@16.70 
Value: 59705.28
Sales: CRVPx17304@0.70 SGENx690@16.70 CRMDx24926@0.44 TRTx5129@2.46 FSNNx207727@0.06 
Purchases: PEDx398051@0.03 SINOx4538@2.63 EVCx7604@1.57 ISNSx2331@5.12 RTKx7370@1.62 

2011-11-08
Cash: 7.21
Held: EVCx7604@1.50 PEDx398051@0.03 ISNSx2331@5.25 SINOx4538@2.84 RTKx7370@1.53 
Value: 59757.33
Sales: PEDx398051@0.03 SINOx4538@2.84 EVCx7604@1.50 ISNSx2331@5.25 RTKx7370@1.53 
Purchases: ARLx8855@1.35 LTRXx10301@1.16 CBIOx232@51.31 IBCPx7967@1.50 HTMx26561@0.45 

2011-11-09
Cash: 49.62
Held: IBCPx7967@1.36 HTMx26561@0.48 LTRXx10301@1.26 CBIOx232@56.00 ARLx8855@1.73 
Value: 64928.44
Sales: ARLx8855@1.73 HTMx26561@0.48 CBIOx232@56.00 IBCPx7967@1.36 LTRXx10301@1.26 
Purchases: TIVOx449@28.88 NILEx390@33.28 ILx2250@5.77 HMNYx8657@1.50 LDLx1402@9.26 

2011-11-10
Cash: 37.48
Held: LDLx1402@9.28 ILx2250@4.90 TIVOx449@28.69 HMNYx8657@1.95 NILEx390@32.03 
Value: 66327.00
Sales: TIVOx449@28.69 NILEx390@32.03 ILx2250@4.90 HMNYx8657@1.95 LDLx1402@9.28 
Purchases: TIVOx462@28.69 ONVIx4573@2.90 ULHx1012@13.10 EDNx1930@6.87 OMEx1572@8.44 

2011-11-13
Cash: 26.14
Held: EDNx1930@7.40 ONVIx4573@2.99 TIVOx462@29.55 OMEx1572@7.76 ULHx1012@14.53 
Value: 68537.17
Sales: ONVIx4573@2.99 TIVOx462@29.55 ULHx1012@14.53 EDNx1930@7.40 OMEx1572@7.76 
Purchases: AEHRx19576@0.70 QUADx1069@12.82 CVOx490@27.92 MSTXx19867@0.69 AMCNx5526@2.48 

2011-11-14
Cash: 29.38
Held: AMCNx5526@2.49 CVOx490@24.80 AEHRx19576@0.71 QUADx1069@12.60 MSTXx19867@0.66 
Value: 66425.47
Sales: AEHRx19576@0.71 AMCNx5526@2.49 MSTXx19867@0.66 QUADx1069@12.60 CVOx490@24.80 
Purchases: ISRx18446@0.72 KONEx16610@0.80 ARWRx1983@6.70 ALIMx8681@1.53 PSDVx8407@1.58 

2011-11-15
Cash: 3.06
Held: ISRx18446@0.72 PSDVx8407@1.40 KONEx16610@0.76 ALIMx8681@1.50 ARWRx1983@6.90 
Value: 64382.04
Sales: ISRx18446@0.72 ALIMx8681@1.50 ARWRx1983@6.90 PSDVx8407@1.40 KONEx16610@0.76 
Purchases: PATKx5649@2.28 GERNx7665@1.68 ALIMx8584@1.50 HGSHx18389@0.70 GSLx7154@1.80 

2011-11-16
Cash: 3.79
Held: GERNx7665@1.66 ALIMx8584@1.36 PATKx5649@2.37 HGSHx18389@0.70 GSLx7154@1.79 
Value: 63471.25
Sales: PATKx5649@2.37 GERNx7665@1.66 ALIMx8584@1.36 HGSHx18389@0.70 GSLx7154@1.79 
Purchases: AIIIx11432@1.11 MTORx1992@6.37 CLNTx5310@2.39 ASYSx1466@8.66 ABACx1669@7.60 

2011-11-17
Cash: 15.21
Held: ABACx1669@7.60 MTORx1992@5.74 ASYSx1466@8.76 CLNTx5310@2.48 AIIIx11432@1.51 
Value: 67402.75
Sales: AIIIx11432@1.51 ABACx1669@7.60 CLNTx5310@2.48 MTORx1992@5.74 ASYSx1466@8.76 
Purchases: SGOCx5309@2.54 BSPMx897@15.02 PERYx968@13.92 LINKx48139@0.28 NTAPx375@35.91 

2011-11-20
Cash: 25.30
Held: NTAPx375@34.47 SGOCx5309@2.28 PERYx968@12.49 LINKx48139@0.28 BSPMx897@14.49 
Value: 63624.13
Sales: SGOCx5309@2.28 BSPMx897@14.49 PERYx968@12.49 LINKx48139@0.28 NTAPx375@34.47 
Purchases: SCVLx620@20.52 HTMx25449@0.50 RBCNx1255@10.13 ABIOx234@54.19 XCOx1198@10.62 

2011-11-21
Cash: 63.99
Held: SCVLx620@20.64 HTMx25449@0.51 RBCNx1255@9.63 ABIOx234@59.62 XCOx1198@10.59 
Value: 64566.95
Sales: SCVLx620@20.64 HTMx25449@0.51 XCOx1198@10.59 ABIOx234@59.62 RBCNx1255@9.63 
Purchases: AEHRx23057@0.56 ARWRx2619@4.93 NLSTx3949@3.27 ROSGx31502@0.41 PEIXx11225@1.15 

2011-11-22
Cash: 5.26
Held: AEHRx23057@0.46 NLSTx3949@2.95 PEIXx11225@1.26 ARWRx2619@4.90 ROSGx31502@0.27 
Value: 57733.08
Sales: AEHRx23057@0.46 ARWRx2619@4.90 NLSTx3949@2.95 ROSGx31502@0.27 PEIXx11225@1.26 
Purchases: SARx929@12.42 GTN.Ax9542@1.21 FROx4065@2.84 LYBx392@29.45 BIO.Bx180@63.88 

2011-11-24
Cash: 60.62
Held: SARx929@12.55 FROx4065@2.85 LYBx392@28.36 GTN.Ax9542@1.40 BIO.Bx180@89.88 
Value: 63957.23
Sales: SARx929@12.55 BIO.Bx180@89.88 FROx4065@2.85 LYBx392@28.36 GTN.Ax9542@1.40 
Purchases: FANHx2185@5.85 ROSGx58150@0.22 FFHLx10075@1.27 RDCMx3534@3.62 PRANx8527@1.50 

2011-11-27
Cash: 9.20
Held: RDCMx3534@3.90 FFHLx10075@1.29 FANHx2185@5.91 PRANx8527@1.50 ROSGx58150@0.23 
Value: 65867.88
Sales: FANHx2185@5.91 ROSGx58150@0.23 FFHLx10075@1.29 RDCMx3534@3.90 PRANx8527@1.50 
Purchases: UAMYx5804@2.27 SINOx5854@2.25 RCONx25842@0.51 EVCx11260@1.17 XTNTx6016@2.19 

2011-11-28
Cash: 5.59
Held: RCONx25842@0.50 XTNTx6016@2.21 UAMYx5804@2.21 EVCx11260@1.26 SINOx5854@2.12 
Value: 65650.28
Sales: UAMYx5804@2.21 SINOx5854@2.12 RCONx25842@0.50 EVCx11260@1.26 XTNTx6016@2.21 
Purchases: EDZx118@110.94 MIDZx357@36.75 EPVx252@52.09 DPKx82@159.75 OTTWx3861@3.40 

2011-11-29
Cash: 83.87
Held: EDZx118@95.06 DPKx82@139.62 EPVx252@47.12 MIDZx357@33.50 OTTWx3861@3.40 
Value: 59714.40
Sales: EDZx118@95.06 EPVx252@47.12 DPKx82@139.62 MIDZx357@33.50 OTTWx3861@3.40 
Purchases: GRBKx19259@0.62 ASTCx16133@0.74 GLBSx3262@3.66 CLSNx1110@10.76 CEIx5635@2.12 

2011-11-30
Cash: 7.41
Held: ASTCx16133@0.71 GRBKx19259@0.52 GLBSx3262@3.72 CLSNx1110@10.17 CEIx5635@2.11 
Value: 56790.30
Sales: GRBKx19259@0.52 ASTCx16133@0.71 GLBSx3262@3.72 CEIx5635@2.11 CLSNx1110@10.17 
Purchases: EDZx125@90.62 RCONx27708@0.41 SSNx6968@1.63 DPKx83@136.25 ERYx164@69.19 

2011-12-01
Cash: 91.81
Held: RCONx27708@0.39 EDZx125@87.81 DPKx83@132.38 SSNx6968@1.96 ERYx164@67.19 
Value: 57534.40
Sales: EDZx125@87.81 RCONx27708@0.39 SSNx6968@1.96 DPKx83@132.38 ERYx164@67.19 
Purchases: PBIBx5531@2.08 ATVx413@27.80 STONx484@23.77 GILx696@16.53 BOSCx4051@2.84 

2011-12-04
Cash: 36.86
Held: PBIBx5531@2.33 ATVx413@27.27 GILx696@17.30 BOSCx4051@3.12 STONx484@24.98 
Value: 60951.93
Sales: ATVx413@27.27 GILx696@17.30 PBIBx5531@2.33 STONx484@24.98 BOSCx4051@3.12 
Purchases: MYOSx121933@0.10 IMMYx110836@0.11 ARWRx2321@5.25 LINKx60966@0.20 HMNYx7816@1.56 

2011-12-05
Cash: 6.19
Held: LINKx60966@0.20 HMNYx7816@1.42 IMMYx110836@0.19 MYOSx121933@0.08 ARWRx2321@5.00 
Value: 65708.59
Sales: IMMYx110836@0.19 MYOSx121933@0.08 ARWRx2321@5.00 LINKx60966@0.20 HMNYx7816@1.42 
Purchases: MYOSx164236@0.08 DRAMx730@18.00 CYRXx1460@9.00 IDRAx11531@1.14 GTIMx10513@1.25 

2011-12-06
Cash: 4.37
Held: DRAMx730@18.00 GTIMx10513@1.30 CYRXx1460@9.24 MYOSx164236@0.10 IDRAx11531@1.16 
Value: 70100.16
Sales: DRAMx730@18.00 MYOSx164236@0.10 CYRXx1460@9.24 IDRAx11531@1.16 GTIMx10513@1.30 
Purchases: TEARx11394@1.23 DRIx336@41.72 COx5966@2.35 BCLIx3709@3.78 PEIXx10786@1.30 

2011-12-07
Cash: 7.83
Held: COx5966@2.44 DRIx336@43.19 PEIXx10786@1.25 BCLIx3709@3.79 TEARx11394@1.40 
Value: 72564.79
Sales: DRIx336@43.19 BCLIx3709@3.79 TEARx11394@1.40 COx5966@2.44 PEIXx10786@1.25 
Purchases: GTYx1117@12.99 WVFCx1636@8.87 NEONx3374@4.30 HEBx69122@0.21 QRHCx53747@0.27 

2011-12-08
Cash: 9.30
Held: QRHCx53747@0.30 NEONx3374@4.20 GTYx1117@12.81 HEBx69122@0.25 WVFCx1636@9.05 
Value: 76696.94
Sales: GTYx1117@12.81 WVFCx1636@9.05 NEONx3374@4.20 HEBx69122@0.25 QRHCx53747@0.30 
Purchases: OPTTx4948@3.10 FROx4537@3.38 NBNx1357@11.30 TSLAx502@30.55 MBVXx58995@0.26 

2011-12-11
Cash: 17.45
Held: NBNx1357@12.65 FROx4537@3.51 TSLAx502@30.44 MBVXx58995@0.26 OPTTx4948@3.11 
Value: 79109.27
Sales: OPTTx4948@3.11 FROx4537@3.51 NBNx1357@12.65 TSLAx502@30.44 MBVXx58995@0.26 
Purchases: IMMYx158257@0.10 LARKx926@17.08 OPHCx31643@0.50 IIIx15212@1.04 KONEx20824@0.76 

2011-12-12
Cash: 9.16
Held: IIIx15212@1.09 KONEx20824@0.68 LARKx926@18.98 OPHCx31643@0.55 IMMYx158257@0.22 
Value: 100540.75
Sales: LARKx926@18.98 IMMYx158257@0.22 OPHCx31643@0.55 IIIx15212@1.09 KONEx20824@0.68 
Purchases: HLTHx125649@0.16 HIHOx8936@2.25 WGBSx154672@0.13 PNTRx5793@3.47 SRTx10310@1.95 

2011-12-13
Cash: 6.20
Held: SRTx10310@1.96 HLTHx125649@0.17 HIHOx8936@2.20 WGBSx154672@0.13 PNTRx5793@3.59 
Value: 102135.55
Sales: PNTRx5793@3.59 HIHOx8936@2.20 WGBSx154672@0.13 HLTHx125649@0.17 SRTx10310@1.96 
Purchases: TRQx1281@15.94 GALEx40854@0.50 NTPx3997@5.11 CTSOx5803@3.52 INSx15016@1.36 

2011-12-14
Cash: 19.56
Held: GALEx40854@0.48 INSx15016@1.48 CTSOx5803@3.52 TRQx1281@16.41 NTPx3997@5.12 
Value: 103768.66
Sales: TRQx1281@16.41 GALEx40854@0.48 NTPx3997@5.12 CTSOx5803@3.52 INSx15016@1.48 
Purchases: GRFx3192@6.50 HOVx15256@1.36 TSLx3140@6.61 NGx2305@9.00 LRNx967@21.45 

2011-12-15
Cash: 23.52
Held: GRFx3192@6.25 HOVx15256@1.38 NGx2305@9.02 TSLx3140@6.67 LRNx967@20.84 
Value: 102929.63
Sales: GRFx3192@6.25 HOVx15256@1.38 TSLx3140@6.67 LRNx967@20.84 NGx2305@9.02 
Purchases: HOVNPx15837@1.30 GALTx26399@0.78 TRECx2402@8.57 SYNx17595@1.17 MBVXx82343@0.25 

2011-12-18
Cash: 2.66
Held: GALTx26399@0.84 SYNx17595@1.20 HOVNPx15837@1.30 MBVXx82343@0.25 TRECx2402@8.33 
Value: 104466.05
Sales: GALTx26399@0.84 HOVNPx15837@1.30 TRECx2402@8.33 SYNx17595@1.20 MBVXx82343@0.25 
Purchases: MBOTx25170@0.83 AXDXx14613@1.43 INVTx14714@1.42 SSKNx5952@3.51 ATHNx421@49.59 

2011-12-19
Cash: 19.13
Held: MBOTx25170@0.81 AXDXx14613@1.15 INVTx14714@1.25 SSKNx5952@3.57 ATHNx421@48.66 
Value: 97346.25
Sales: MBOTx25170@0.81 ATHNx421@48.66 AXDXx14613@1.15 INVTx14714@1.25 SSKNx5952@3.57 
Purchases: NYNYx14978@1.30 DYNx7667@2.54 IGCx74878@0.26 JAKKx1398@13.92 HMNYx9272@2.10 

2011-12-20
Cash: 11.41
Held: JAKKx1398@13.77 DYNx7667@2.54 HMNYx9272@2.00 IGCx74878@0.25 NYNYx14978@1.50 
Value: 98464.17
Sales: NYNYx14978@1.50 DYNx7667@2.54 IGCx74878@0.25 JAKKx1398@13.77 HMNYx9272@2.00 
Purchases: CVVx1707@11.53 ATAIx2473@7.96 CBIOx560@35.12 RTNBx38631@0.51 MBVXx103678@0.19 

2011-12-21
Cash: 37.42
Held: CVVx1707@11.80 ATAIx2473@8.50 RTNBx38631@0.51 CBIOx560@35.50 MBVXx103678@0.20 
Value: 101498.48
Sales: CVVx1707@11.80 ATAIx2473@8.50 CBIOx560@35.50 RTNBx38631@0.51 MBVXx103678@0.20 
Purchases: BZFx1036@19.59 CNITx14922@1.36 MAYSx1519@13.36 CHNx1021@19.88 MGYRx8151@2.49 

2011-12-22
Cash: 17.03
Held: CHNx1021@20.41 MGYRx8151@2.41 MAYSx1519@13.30 BZFx1036@19.59 CNITx14922@1.36 
Value: 101293.24
Sales: BZFx1036@19.59 CNITx14922@1.36 MAYSx1519@13.30 MGYRx8151@2.41 CHNx1021@20.41 
Purchases: KBHx2910@6.96 PROx1315@15.40 VVUSx2298@8.81 ALSKx6083@3.33 HGSHx30687@0.66 

2011-12-26
Cash: 21.76
Held: PROx1315@15.22 ALSKx6083@3.26 VVUSx2298@9.20 KBHx2910@6.60 HGSHx30687@0.68 
Value: 101095.45
Sales: PROx1315@15.22 VVUSx2298@9.20 ALSKx6083@3.26 HGSHx30687@0.68 KBHx2910@6.60 
Purchases: GALTx20839@0.97 OPHCx36101@0.56 PWZx838@24.12 LIVEx4837@4.18 MTSLx14863@1.36 

2011-12-27
Cash: 5.66
Held: LIVEx4837@4.00 GALTx20839@0.98 PWZx838@24.16 OPHCx36101@0.56 MTSLx14863@1.34 
Value: 100151.19
Sales: GALTx20839@0.98 LIVEx4837@4.00 PWZx838@24.16 OPHCx36101@0.56 MTSLx14863@1.34 
Purchases: SPWRx3395@5.90 CIXx1446@13.85 SHLDx624@32.06 BVXx9629@2.08 BASIx14619@1.37 

2011-12-28
Cash: 30.82
Held: SPWRx3395@5.98 BASIx14619@1.30 SHLDx624@33.59 BVXx9629@2.22 CIXx1446@16.66 
Value: 105766.94
Sales: SPWRx3395@5.98 BVXx9629@2.22 CIXx1446@16.66 SHLDx624@33.59 BASIx14619@1.30 
Purchases: SVBIx8812@2.40 LLITx14586@1.45 CPHIx34111@0.62 PERFx1773@11.93 HGSHx40678@0.52 

2011-12-29
Cash: 4.64
Held: PERFx1773@10.71 LLITx14586@1.45 CPHIx34111@0.68 HGSHx40678@0.68 SVBIx8812@2.36 
Value: 111808.16
Sales: SVBIx8812@2.36 LLITx14586@1.45 CPHIx34111@0.68 PERFx1773@10.71 HGSHx40678@0.68 
Purchases: BIOPx23294@0.96 TGTXx1117842@0.02 KONEx65752@0.34 KNDIx6077@3.68 ZAGGx3367@6.64 

2012-01-02
Cash: 3.31
Held: ZAGGx3367@7.33 KNDIx6077@3.73 KONEx65752@0.31 TGTXx1117842@0.02 BIOPx23294@0.97 
Value: 112695.94
Sales: BIOPx23294@0.97 TGTXx1117842@0.02 ZAGGx3367@7.33 KNDIx6077@3.73 KONEx65752@0.31 
Purchases: ZSLx1535@14.68 CYANx3173@7.10 NHTCx34680@0.65 BISx35@641.50 DCTHx7176@3.14 

2012-01-03
Cash: 101.12
Held: DCTHx7176@3.25 ZSLx1535@14.23 NHTCx34680@0.65 CYANx3173@6.86 BISx35@646.00 
Value: 112174.31
Sales: ZSLx1535@14.23 NHTCx34680@0.65 CYANx3173@6.86 BISx35@646.00 DCTHx7176@3.25 
Purchases: BSQRx6776@3.31 WMBx836@26.81 SCOx625@35.88 GIGAx15575@1.44 EPVx504@44.47 

2012-01-04
Cash: 57.97
Held: BSQRx6776@3.21 SCOx625@35.91 GIGAx15575@1.66 EPVx504@46.12 WMBx836@27.64 
Value: 116468.19
Sales: EPVx504@46.12 GIGAx15575@1.66 SCOx625@35.91 BSQRx6776@3.21 WMBx836@27.64 
Purchases: GRNx2166@10.75 EVOLx4037@5.77 HRTXx136985@0.17 IGCx89587@0.26 AMRNx3667@6.35 

2012-01-05
Cash: 13.95
Held: GRNx2166@10.19 AMRNx3667@6.39 EVOLx4037@5.73 IGCx89587@0.27 HRTXx136985@0.24 
Value: 125713.70
Sales: GRNx2166@10.19 IGCx89587@0.27 AMRNx3667@6.39 EVOLx4037@5.73 HRTXx136985@0.24 
Purchases: IMNPx86687@0.29 TOPSx14788@1.70 HWx11586@2.17 BPTHx100570@0.25 KNDIx8060@3.12 

2012-01-08
Cash: 5.11
Held: TOPSx14788@1.80 HWx11586@2.15 KNDIx8060@3.28 IMNPx86687@0.32 BPTHx100570@0.26 
Value: 131861.12
Sales: IMNPx86687@0.32 BPTHx100570@0.26 TOPSx14788@1.80 HWx11586@2.15 KNDIx8060@3.28 
Purchases: AXRx3822@6.90 AEHRx39948@0.66 IOTx21795@1.21 DRRXx36127@0.73 MARKx5795@4.55 

2012-01-09
Cash: 8.49
Held: DRRXx36127@0.80 IOTx21795@1.30 AEHRx39948@0.66 AXRx3822@6.86 MARKx5795@4.25 
Value: 134449.48
Sales: AEHRx39948@0.66 AXRx3822@6.86 IOTx21795@1.30 DRRXx36127@0.80 MARKx5795@4.25 
Purchases: MSBFx5924@4.54 IARTx1116@24.09 DACx7885@3.41 GBRx11899@2.26 CPRXx22588@1.19 

2012-01-10
Cash: 3.99
Held: CPRXx22588@1.21 MSBFx5924@4.59 IARTx1116@23.20 GBRx11899@2.30 DACx7885@2.86 
Value: 130342.68
Sales: MSBFx5924@4.59 GBRx11899@2.30 DACx7885@2.86 IARTx1116@23.20 CPRXx22588@1.21 
Purchases: WBMDx1001@26.03 SGOCx28641@0.91 TEARx22282@1.17 MTEXx63595@0.41 TCIx10306@2.53 

2012-01-11
Cash: 14.12
Held: SGOCx28641@0.91 WBMDx1001@26.44 MTEXx63595@0.43 TCIx10306@2.53 TEARx22282@1.28 
Value: 134481.33
Sales: SGOCx28641@0.91 WBMDx1001@26.44 TEARx22282@1.28 MTEXx63595@0.43 TCIx10306@2.53 
Purchases: CBMXx7@3644.00 HRTx7983@3.37 DLAx1784@15.07 SSYx21185@1.27 URBNx1108@24.27 

2012-01-12
Cash: 1410.71
Held: DLAx1784@15.37 SSYx21185@1.25 HRTx7983@3.49 URBNx1108@24.41 CBMXx7@3960.00 
Value: 137931.69
Sales: CBMXx7@3960.00 HRTx7983@3.49 DLAx1784@15.37 SSYx21185@1.25 URBNx1108@24.41 
Purchases: LTBRx13793@2.00 WSMx815@33.81 BGFVx3438@8.02 COGx1651@16.70 SUMRx5266@5.24 

2012-01-16
Cash: 42.28
Held: WSMx815@33.88 LTBRx13793@2.20 COGx1651@16.91 SUMRx5266@5.02 BGFVx3438@7.87 
Value: 139390.12
Sales: LTBRx13793@2.20 WSMx815@33.88 SUMRx5266@5.02 COGx1651@16.91 BGFVx3438@7.87 
Purchases: HUSAx2071@13.46 PQx4511@6.18 UNTx630@44.25 CASCx683@40.81 REXXx2429@11.48 

2012-01-17
Cash: 6.94
Held: HUSAx2071@12.50 CASCx683@40.25 REXXx2429@11.19 UNTx630@43.22 PQx4511@5.95 
Value: 134624.36
Sales: HUSAx2071@12.50 PQx4511@5.95 UNTx630@43.22 CASCx683@40.25 REXXx2429@11.19 
Purchases: CGAx7278@3.70 LIVEx9033@2.98 BDSIx12883@2.09 QRHCx107699@0.25 UNGx4941@5.45 

2012-01-18
Cash: 6.08
Held: UNGx4941@5.24 LIVEx9033@3.00 QRHCx107699@0.25 BDSIx12883@2.12 CGAx7278@3.99 
Value: 136253.99
Sales: CGAx7278@3.99 LIVEx9033@3.00 BDSIx12883@2.12 QRHCx107699@0.25 UNGx4941@5.24 
Purchases: MEETx7873@3.46 RRDx2290@11.90 RVPx23100@1.18 SKLNx136287@0.20 COOLx295@92.38 

2012-01-19
Cash: 6.46
Held: MEETx7873@3.53 RVPx23100@1.28 COOLx295@92.00 SKLNx136287@0.25 RRDx2290@12.00 
Value: 146058.68
Sales: MEETx7873@3.53 RRDx2290@12.00 RVPx23100@1.28 SKLNx136287@0.25 COOLx295@92.00 
Purchases: SOXSx760@38.41 CDXCx9544@3.06 SMKx674@43.31 ANIPx47106@0.62 ACUx2996@9.75 

2012-01-22
Cash: 45.20
Held: ANIPx47106@0.71 CDXCx9544@3.48 ACUx2996@9.74 SMKx674@43.38 SOXSx760@37.34 
Value: 153509.81
Sales: SOXSx760@37.34 CDXCx9544@3.48 SMKx674@43.38 ACUx2996@9.74 ANIPx47106@0.71 
Purchases: TSLx3721@8.25 CLNTx11810@2.60 PNTRx9936@3.09 LXRXx22569@1.36 NCITx3910@7.85 

2012-01-23
Cash: 8.10
Held: LXRXx22569@1.31 CLNTx11810@2.85 TSLx3721@7.83 PNTRx9936@3.26 NCITx3910@7.63 
Value: 154564.19
Sales: TSLx3721@7.83 CLNTx11810@2.85 PNTRx9936@3.26 NCITx3910@7.63 LXRXx22569@1.31 
Purchases: ZSLx2721@11.36 NETEx181793@0.17 SNFCAx25967@1.19 TWINx953@32.41 CCOIx2007@15.40 

2012-01-24
Cash: 42.82
Held: CCOIx2007@15.15 TWINx953@32.25 ZSLx2721@11.59 SNFCAx25967@1.17 NETEx181793@0.20 
Value: 159455.67
Sales: ZSLx2721@11.59 NETEx181793@0.20 TWINx953@32.25 SNFCAx25967@1.17 CCOIx2007@15.15 
Purchases: MTZx2005@15.90 ZIONx1869@17.06 IDCCx878@36.28 IBIOx43082@0.74 SOLx15260@2.09 

2012-01-25
Cash: 52.76
Held: IDCCx878@36.19 ZIONx1869@17.62 SOLx15260@2.13 IBIOx43082@0.75 MTZx2005@16.47 
Value: 162614.76
Sales: MTZx2005@16.47 ZIONx1869@17.62 IDCCx878@36.19 IBIOx43082@0.75 SOLx15260@2.13 
Purchases: VUZIx650617@0.05 HRTx9947@3.27 GRBKx50806@0.64 DHTx40663@0.80 SYNLx2950@11.02 

2012-01-26
Cash: 5.44
Held: SYNLx2950@10.44 GRBKx50806@0.65 DHTx40663@0.77 HRTx9947@3.48 VUZIx650617@0.05 
Value: 162269.44
Sales: VUZIx650617@0.05 HRTx9947@3.48 SYNLx2950@10.44 DHTx40663@0.77 GRBKx50806@0.65 
Purchases: CRRx313@103.44 BVSNx1607@20.19 VBFCx18979@1.71 PJCx1488@21.80 SUNWx405586@0.08 

2012-01-29
Cash: 111.28
Held: VBFCx18979@1.80 BVSNx1607@20.77 PJCx1488@21.75 SUNWx405586@0.06 CRRx313@101.00 
Value: 155951.30
Sales: CRRx313@101.00 BVSNx1607@20.77 VBFCx18979@1.80 PJCx1488@21.75 SUNWx405586@0.06 
Purchases: CLBSx48724@0.64 DLx13556@2.30 GASLx914@34.09 INFIx5215@5.98 EFSCx2555@12.20 

2012-01-30
Cash: 43.08
Held: DLx13556@2.32 INFIx5215@6.09 GASLx914@36.22 CLBSx48724@0.62 EFSCx2555@12.47 
Value: 158431.95
Sales: CLBSx48724@0.62 DLx13556@2.32 GASLx914@36.22 INFIx5215@6.09 EFSCx2555@12.47 
Purchases: MLSSx79235@0.40 FGPx1865@16.98 VIVEx288096@0.11 OMNx6337@5.00 GLOWx11441@2.77 

2012-01-31
Cash: 12.28
Held: GLOWx11441@2.65 MLSSx79235@0.45 FGPx1865@17.09 VIVEx288096@0.13 OMNx6337@4.98 
Value: 166882.24
Sales: VIVEx288096@0.13 MLSSx79235@0.45 FGPx1865@17.09 OMNx6337@4.98 GLOWx11441@2.65 
Purchases: GSMx2435@13.70 NHTCx43344@0.77 FRPHx1613@20.69 KTECx2646@12.61 AETIx7795@4.28 

2012-02-01
Cash: 33.72
Held: FRPHx1613@21.16 GSMx2435@13.93 NHTCx43344@0.94 KTECx2646@12.85 AETIx7795@4.19 
Value: 175495.61
Sales: GSMx2435@13.93 AETIx7795@4.19 FRPHx1613@21.16 KTECx2646@12.85 NHTCx43344@0.94 
Purchases: SAUCx11699@3.00 AEHRx48734@0.72 PBIBx17033@2.06 CASIx16873@2.08 CKXx3458@10.15 

2012-02-02
Cash: 11.91
Held: CKXx3458@11.27 AEHRx48734@0.72 PBIBx17033@2.10 CASIx16873@2.02 SAUCx11699@3.00 
Value: 179029.60
Sales: AEHRx48734@0.72 SAUCx11699@3.00 PBIBx17033@2.10 CASIx16873@2.02 CKXx3458@11.27 
Purchases: KONAx6556@5.46 ANFx873@40.97 UFIx4162@8.60 AMPx702@50.97 NGx3794@9.44 

2012-02-05
Cash: 76.33
Held: KONAx6556@5.30 UFIx4162@8.52 NGx3794@9.02 ANFx873@40.38 AMPx702@53.12 
Value: 177078.85
Sales: KONAx6556@5.30 ANFx873@40.38 NGx3794@9.02 AMPx702@53.12 UFIx4162@8.52 
Purchases: MNKDx16175@2.19 TJXx1031@34.34 EWx993@35.66 SPEXx33735@1.05 STRLx3273@10.82 

2012-02-06
Cash: 19.34
Held: MNKDx16175@2.40 TJXx1031@34.12 STRLx3273@10.65 SPEXx33735@1.08 EWx993@36.25 
Value: 181313.55
Sales: MNKDx16175@2.40 TJXx1031@34.12 EWx993@36.25 SPEXx33735@1.08 STRLx3273@10.65 
Purchases: HMNFx18043@2.01 PATKx6095@5.95 SKLNx201399@0.18 NEONx9110@3.98 SOHUx685@52.91 

2012-02-07
Cash: 25.38
Held: SKLNx201399@0.18 NEONx9110@3.95 HMNFx18043@2.12 SOHUx685@52.19 PATKx6095@5.99 
Value: 182748.06
Sales: NEONx9110@3.95 PATKx6095@5.99 SOHUx685@52.19 SKLNx201399@0.18 HMNFx18043@2.12 
Purchases: IESCx15555@2.35 SSFNx6645@5.50 ORMPx121812@0.30 NSUx8178@4.47 NFBKx2467@14.81 

2012-02-08
Cash: 14.97
Held: IESCx15555@2.41 NSUx8178@4.22 NFBKx2467@14.93 ORMPx121812@0.30 SSFNx6645@5.95 
Value: 184919.53
Sales: ORMPx121812@0.30 SSFNx6645@5.95 IESCx15555@2.41 NSUx8178@4.22 NFBKx2467@14.93 
Purchases: LIOXx13544@2.73 INSYx3362@11.00 AXDXx26226@1.41 CVMx92482@0.40 PDEXx16156@2.29 

2012-02-09
Cash: 7.44
Held: AXDXx26226@1.40 LIOXx13544@2.69 CVMx92482@0.42 PDEXx16156@2.26 INSYx3362@13.50 
Value: 193891.03
Sales: INSYx3362@13.50 AXDXx26226@1.40 LIOXx13544@2.69 CVMx92482@0.42 PDEXx16156@2.26 
Purchases: RAVEx8356@4.64 CDXSx7816@4.96 IRBTx1540@25.17 APRIx1028@37.69 ARRYx14973@2.59 

2012-02-12
Cash: 54.11
Held: IRBTx1540@25.52 RAVEx8356@4.90 ARRYx14973@2.70 CDXSx7816@4.93 APRIx1028@37.50 
Value: 197775.35
Sales: RAVEx8356@4.90 CDXSx7816@4.93 IRBTx1540@25.52 APRIx1028@37.50 ARRYx14973@2.70 
Purchases: AEHRx48829@0.81 SPSCx1553@25.47 TIKx5533@7.15 ASYSx4163@9.50 OSIRx8172@4.84 

2012-02-13
Cash: 16.03
Held: AEHRx48829@0.80 ASYSx4163@8.87 OSIRx8172@4.80 SPSCx1553@24.25 TIKx5533@7.20 
Value: 192709.30
Sales: AEHRx48829@0.80 TIKx5533@7.20 SPSCx1553@24.25 ASYSx4163@8.87 OSIRx8172@4.80 
Purchases: ELONx700@55.00 DFFNx85657@0.45 ABx2757@13.98 NFECx52067@0.74 HBPx47579@0.81 

2012-02-14
Cash: 50.89
Held: NFECx52067@0.77 ELONx700@55.41 HBPx47579@0.81 DFFNx85657@0.51 ABx2757@13.86 
Value: 199344.94
Sales: ELONx700@55.41 DFFNx85657@0.51 ABx2757@13.86 NFECx52067@0.77 HBPx47579@0.81 
Purchases: NTWKx58615@0.68 MFNCx6472@6.16 EDNx7803@5.11 WKHSx132875@0.30 OIHx925@43.09 

2012-02-15
Cash: 8.75
Held: EDNx7803@5.81 MFNCx6472@6.06 NTWKx58615@0.67 OIHx925@42.66 WKHSx132875@0.40 
Value: 216405.95
Sales: MFNCx6472@6.06 NTWKx58615@0.67 EDNx7803@5.81 WKHSx132875@0.40 OIHx925@42.66 
Purchases: MLSSx108229@0.40 CLNTx13824@3.13 SRTx20710@2.09 GNRCx1697@25.50 VGx17742@2.44 

2012-02-16
Cash: 8.98
Held: VGx17742@2.43 SRTx20710@2.04 MLSSx108229@0.60 GNRCx1697@25.80 CLNTx13824@3.22 
Value: 238593.74
Sales: MLSSx108229@0.60 CLNTx13824@3.22 GNRCx1697@25.80 SRTx20710@2.04 VGx17742@2.43 
Purchases: MNSTx904@52.75 CLBSx73424@0.65 BBWx7820@6.10 ANIPx57487@0.83 SINOx15492@3.08 

2012-02-20
Cash: 39.82
Held: BBWx7820@5.98 ANIPx57487@0.81 MNSTx904@53.34 CLBSx73424@0.67 SINOx15492@3.22 
Value: 240681.15
Sales: BBWx7820@5.98 MNSTx904@53.34 SINOx15492@3.22 ANIPx57487@0.81 CLBSx73424@0.67 
Purchases: IOx6704@7.18 FBPx12836@3.75 RPx2323@20.72 HMNYx19482@2.47 RTNBx50659@0.95 

2012-02-21
Cash: 13.69
Held: RPx2323@20.00 IOx6704@7.20 FBPx12836@3.93 HMNYx19482@2.46 RTNBx50659@1.00 
Value: 243781.71
Sales: FBPx12836@3.93 RPx2323@20.00 HMNYx19482@2.46 IOx6704@7.20 RTNBx50659@1.00 
Purchases: EMITFx861@56.59 DISCBx994@49.03 AXNx93758@0.52 PLBCx20924@2.33 SNPx431@112.88 

2012-02-22
Cash: 157.75
Held: DISCBx994@49.03 PLBCx20924@2.90 SNPx431@113.50 AXNx93758@0.52 EMITFx861@57.00 
Value: 256334.08
Sales: EMITFx861@57.00 DISCBx994@49.03 AXNx93758@0.52 PLBCx20924@2.90 SNPx431@113.50 
Purchases: FBMSx5537@9.26 LPTHx38544@1.33 TGTXx244173@0.21 SKLNx366153@0.14 ARTWx7040@7.28 

2012-02-23
Cash: 13.47
Held: ARTWx7040@7.91 FBMSx5537@9.15 SKLNx366153@0.13 LPTHx38544@1.44 TGTXx244173@0.17 
Value: 250997.60
Sales: FBMSx5537@9.15 LPTHx38544@1.44 TGTXx244173@0.17 SKLNx366153@0.13 ARTWx7040@7.91 
Purchases: JKSx6220@8.07 MLSSx125529@0.40 CLNTx17923@2.80 MSLIx29696@1.69 ICONx2711@18.52 

2012-02-26
Cash: 7.66
Held: MLSSx125529@0.33 JKSx6220@7.70 ICONx2711@18.31 MSLIx29696@1.73 CLNTx17923@2.80 
Value: 240562.77
Sales: MLSSx125529@0.33 CLNTx17923@2.80 ICONx2711@18.31 MSLIx29696@1.73 JKSx6220@7.70 
Purchases: KNDx4555@10.56 RBCNx4860@9.90 TOPSx15882@3.03 PKDx7366@6.53 FORDx19550@2.46 

2012-02-27
Cash: 12.36
Held: TOPSx15882@3.16 FORDx19550@2.43 KNDx4555@10.79 RBCNx4860@9.41 PKDx7366@6.45 
Value: 240065.85
Sales: KNDx4555@10.79 RBCNx4860@9.41 TOPSx15882@3.16 PKDx7366@6.45 FORDx19550@2.43 
Purchases: INTx1110@43.25 HILx8321@5.77 LIVEx10390@4.62 LINKx7166@6.70 GGALx7039@6.82 

2012-02-28
Cash: 22.14
Held: LIVEx10390@4.52 GGALx7039@7.09 INTx1110@42.00 LINKx7166@6.70 HILx8321@5.79 
Value: 239682.87
Sales: INTx1110@42.00 HILx8321@5.79 LIVEx10390@4.52 LINKx7166@6.70 GGALx7039@7.09 
Purchases: CLBSx85592@0.56 BCPCx1646@29.11 APOLx1112@43.09 PEIXx39301@1.22 TROVx60676@0.79 

2012-02-29
Cash: 39.17
Held: CLBSx85592@0.65 APOLx1112@42.91 PEIXx39301@1.25 BCPCx1646@27.22 TROVx60676@0.80 
Value: 245834.62
Sales: CLBSx85592@0.65 APOLx1112@42.91 BCPCx1646@27.22 PEIXx39301@1.25 TROVx60676@0.80 
Purchases: TTECx3237@15.19 YRCWx5420@9.07 GNTXx2036@24.14 CECOx5644@8.71 IKNXx6334@7.76 

2012-03-01
Cash: 34.02
Held: IKNXx6334@7.89 CECOx5644@8.62 YRCWx5420@8.90 GNTXx2036@24.41 TTECx3237@15.98 
Value: 248285.44
Sales: TTECx3237@15.98 YRCWx5420@8.90 GNTXx2036@24.41 CECOx5644@8.62 IKNXx6334@7.89 
Purchases: WMLPx5726@8.67 MLSSx150440@0.33 MOCOx2929@16.95 TOPSx19393@2.56 NHTCx34241@1.45 

2012-03-04
Cash: 4.80
Held: TOPSx19393@2.46 MOCOx2929@16.41 MLSSx150440@0.55 NHTCx34241@1.34 WMLPx5726@7.93 
Value: 269779.27
Sales: WMLPx5726@7.93 MLSSx150440@0.55 MOCOx2929@16.41 TOPSx19393@2.46 NHTCx34241@1.34 
Purchases: CLBSx98136@0.55 HUSAx7576@7.12 OGENx29978@1.80 CCMPx1534@35.16 PRTSx13488@4.00 

2012-03-05
Cash: 37.99
Held: HUSAx7576@6.74 PRTSx13488@3.85 CCMPx1534@33.56 CLBSx98136@0.56 OGENx29978@1.80 
Value: 263412.07
Sales: CLBSx98136@0.56 HUSAx7576@6.74 OGENx29978@1.80 CCMPx1534@33.56 PRTSx13488@3.85 
Purchases: ATLOx2750@19.16 SSYx54299@0.97 ALNYx4217@12.49 TRRx11707@4.50 CVBx6660@7.91 

2012-03-06
Cash: 8.00
Held: SSYx54299@0.97 CVBx6660@10.80 ALNYx4217@11.70 TRRx11707@4.40 ATLOx2750@19.27 
Value: 278421.93
Sales: ATLOx2750@19.27 CVBx6660@10.80 ALNYx4217@11.70 SSYx54299@0.97 TRRx11707@4.40 
Purchases: MVISx23998@2.32 GRBKx83120@0.67 TGDx22361@2.49 CASCx1848@30.12 EDCx44@1248.00 

2012-03-07
Cash: 788.04
Held: EDCx44@1320.00 GRBKx83120@0.68 TGDx22361@2.63 CASCx1848@31.98 MVISx23998@2.34 
Value: 289491.59
Sales: EDCx44@1320.00 GRBKx83120@0.68 CASCx1848@31.98 TGDx22361@2.63 MVISx23998@2.34 
Purchases: CSIQx20179@2.87 AEYx27965@2.07 BVSNx1378@42.00 BWL.Ax5872@9.86 XTLBx128676@0.45 

2012-03-08
Cash: 30.74
Held: XTLBx128676@0.45 AEYx27965@2.08 BWL.Ax5872@11.07 BVSNx1378@42.31 CSIQx20179@3.00 
Value: 299946.55
Sales: AEYx27965@2.08 CSIQx20179@3.00 BVSNx1378@42.31 BWL.Ax5872@11.07 XTLBx128676@0.45 
Purchases: GALEx47619@1.26 MBVXx333174@0.18 ITUSx300019@0.20 WINTx16433@3.65 VRMLx29561@2.03 

2012-03-11
Cash: 4.49
Held: ITUSx300019@0.25 GALEx47619@1.33 WINTx16433@3.65 VRMLx29561@1.95 MBVXx333174@0.18 
Value: 315972.04
Sales: GALEx47619@1.33 VRMLx29561@1.95 MBVXx333174@0.18 WINTx16433@3.65 ITUSx300019@0.25 
Purchases: MEIPx72627@0.87 DGLYx114939@0.55 SONCx8646@7.31 CNITx58509@1.08 KTOSx9561@6.61 

2012-03-12
Cash: 7.41
Held: MEIPx72627@0.74 KTOSx9561@6.51 SONCx8646@7.39 DGLYx114939@0.53 CNITx58509@1.04 
Value: 301670.92
Sales: MEIPx72627@0.74 DGLYx114939@0.53 SONCx8646@7.39 CNITx58509@1.04 KTOSx9561@6.51 
Purchases: MVISx20594@2.93 RESx5828@10.35 DYNx128378@0.47 ADKx14640@4.12 PPHMx94252@0.64 

2012-03-13
Cash: 7.15
Held: ADKx14640@4.24 PPHMx94252@0.65 RESx5828@10.49 DYNx128378@0.56 MVISx20594@3.04 
Value: 318944.31
Sales: MVISx20594@3.04 PPHMx94252@0.65 DYNx128378@0.56 ADKx14640@4.24 RESx5828@10.49 
Purchases: BWENx10996@5.80 MEIPx87384@0.73 TOPSx29265@2.18 ARIIx2553@24.98 BSPMx3074@20.75 

2012-03-14
Cash: 11.14
Held: MEIPx87384@0.72 TOPSx29265@2.18 ARIIx2553@25.66 BWENx10996@5.30 BSPMx3074@17.84 
Value: 305374.43
Sales: BWENx10996@5.30 MEIPx87384@0.72 ARIIx2553@25.66 TOPSx29265@2.18 BSPMx3074@17.84 
Purchases: FAZx2784@21.94 SOXSx1906@32.03 LLITx19766@3.09 WGBSx436203@0.14 HCIx5153@11.85 

2012-03-15
Cash: 29.11
Held: LLITx19766@3.15 HCIx5153@11.84 WGBSx436203@0.20 FAZx2784@20.98 SOXSx1906@30.98 
Value: 328026.59
Sales: WGBSx436203@0.20 FAZx2784@20.98 LLITx19766@3.15 HCIx5153@11.84 SOXSx1906@30.98 
Purchases: XRMx9804@6.69 WMLPx9646@6.80 IFONx87473@0.75 INVTx50473@1.30 OGENx52484@1.25 

2012-03-18
Cash: 8.92
Held: XRMx9804@6.75 IFONx87473@0.79 INVTx50473@1.30 OGENx52484@1.25 WMLPx9646@7.49 
Value: 338735.01
Sales: XRMx9804@6.75 WMLPx9646@7.49 IFONx87473@0.79 INVTx50473@1.30 OGENx52484@1.25 
Purchases: FHx43713@1.55 CCOx8598@7.88 WCSTx13549@5.00 KGJIx40076@1.69 OGXIx4877@13.89 

2012-03-19
Cash: 10.32
Held: OGXIx4877@13.60 WCSTx13549@5.25 KGJIx40076@1.70 CCOx8598@8.14 FHx43713@1.63 
Value: 346854.58
Sales: FHx43713@1.63 CCOx8598@8.14 WCSTx13549@5.25 KGJIx40076@1.70 OGXIx4877@13.60 
Purchases: GVx106740@0.65 SKLNx990909@0.07 CRMEx15771@4.40 MLABx1540@45.03 TGDx30151@2.30 

2012-03-20
Cash: 26.38
Held: GVx106740@0.68 SKLNx990909@0.07 TGDx30151@2.37 MLABx1540@47.66 CRMEx15771@4.25 
Value: 353848.56
Sales: GVx106740@0.68 SKLNx990909@0.07 MLABx1540@47.66 TGDx30151@2.37 CRMEx15771@4.25 
Purchases: CYTXx1672@42.31 SCONx102573@0.69 DYNx112353@0.63 CBIOx1962@36.06 CRMEx16651@4.25 

2012-03-21
Cash: 42.10
Held: DYNx112353@0.66 CRMEx16651@3.91 CYTXx1672@39.16 CBIOx1962@35.69 SCONx102573@0.74 
Value: 350736.83
Sales: CYTXx1672@39.16 SCONx102573@0.74 DYNx112353@0.66 CBIOx1962@35.69 CRMEx16651@3.91 
Purchases: SGOCx80618@0.87 AGOx4350@16.12 CBIOx1965@35.69 HBPx66203@1.06 GAZx13697@5.12 

2012-03-22
Cash: 29.68
Held: AGOx4350@16.22 SGOCx80618@0.81 HBPx66203@1.50 GAZx13697@4.83 CBIOx1965@35.34 
Value: 370772.35
Sales: AGOx4350@16.22 SGOCx80618@0.81 CBIOx1965@35.34 HBPx66203@1.50 GAZx13697@4.83 
Purchases: OHAIx11049@6.71 RCONx25143@2.95 BVSNx2336@31.73 ROSGx185431@0.40 AIRx3796@19.53 

2012-03-25
Cash: 44.58
Held: RCONx25143@3.18 BVSNx2336@31.72 AIRx3796@19.20 OHAIx11049@6.77 ROSGx185431@0.42 
Value: 379644.60
Sales: OHAIx11049@6.77 RCONx25143@3.18 BVSNx2336@31.72 ROSGx185431@0.42 AIRx3796@19.20 
Purchases: OFLXx5969@12.72 SEEDx29766@2.55 BVSNx2393@31.72 XTNTx30136@2.52 HGSHx115016@0.66 

2012-03-26
Cash: 39.74
Held: XTNTx30136@2.37 BVSNx2393@26.77 OFLXx5969@12.86 HGSHx115016@0.69 SEEDx29766@2.63 
Value: 369908.37
Sales: OFLXx5969@12.86 BVSNx2393@26.77 SEEDx29766@2.63 HGSHx115016@0.69 XTNTx30136@2.37 
Purchases: GIGMx56917@1.30 GSBx36456@2.03 EDAPx38929@1.90 AUDCx24903@2.97 NCITx11763@6.29 

2012-03-27
Cash: 9.37
Held: GIGMx56917@1.34 AUDCx24903@2.75 EDAPx38929@1.95 NCITx11763@6.36 GSBx36456@1.96 
Value: 366929.33
Sales: GIGMx56917@1.34 GSBx36456@1.96 EDAPx38929@1.95 AUDCx24903@2.75 NCITx11763@6.36 
Purchases: RCONx33819@2.17 SHIPx22785@3.22 GAZx20667@3.55 XTLBx166808@0.44 VBFCx51330@1.43 

2012-03-28
Cash: 5.42
Held: RCONx33819@2.15 VBFCx51330@1.68 XTLBx166808@0.45 SHIPx22785@3.20 GAZx20667@3.59 
Value: 381088.79
Sales: RCONx33819@2.15 SHIPx22785@3.20 VBFCx51330@1.68 XTLBx166808@0.45 GAZx20667@3.59 
Purchases: CBKx37558@2.03 HMTAx17721@4.30 BSPMx5852@13.02 SNXx2015@37.81 SMITx24589@3.10 

2012-03-29
Cash: 36.68
Held: SNXx2015@38.16 HMTAx17721@4.30 CBKx37558@1.94 SMITx24589@3.36 BSPMx5852@13.65 
Value: 388488.65
Sales: BSPMx5852@13.65 CBKx37558@1.94 HMTAx17721@4.30 SNXx2015@38.16 SMITx24589@3.36 
Purchases: CLBSx199279@0.39 YTENx25899@3.00 PFINx19567@3.97 FSMx17664@4.40 PSDVx39445@1.97 

2012-04-01
Cash: 9.63
Held: PFINx19567@3.95 PSDVx39445@1.92 YTENx25899@2.84 FSMx17664@4.52 CLBSx199279@0.39 
Value: 384094.83
Sales: CLBSx199279@0.39 YTENx25899@2.84 PFINx19567@3.95 PSDVx39445@1.92 FSMx17664@4.52 
Purchases: CHNRx10595@7.25 DYNx137162@0.56 RVLTx99762@0.77 AWIx1578@48.66 OIBR.Cx12252@6.27 

2012-04-02
Cash: 49.78
Held: RVLTx99762@0.70 AWIx1578@47.91 OIBR.Cx12252@6.32 DYNx137162@0.52 CHNRx10595@7.41 
Value: 372772.72
Sales: CHNRx10595@7.41 DYNx137162@0.52 RVLTx99762@0.70 AWIx1578@47.91 OIBR.Cx12252@6.32 
Purchases: ICCCx14614@5.10 RTNBx92035@0.81 RELVx58726@1.27 KERXx44103@1.69 AEZSx170@438.00 

2012-04-03
Cash: 97.23
Held: RELVx58726@1.27 KERXx44103@1.42 ICCCx14614@5.41 RTNBx92035@0.86 AEZSx170@420.00 
Value: 366876.08
Sales: ICCCx14614@5.41 AEZSx170@420.00 RELVx58726@1.27 KERXx44103@1.42 RTNBx92035@0.86 
Purchases: YPFx3172@23.12 OPHCx34624@2.12 SEEDx32611@2.25 GBRx40548@1.81 MITKx8736@8.40 

2012-04-04
Cash: 32.49
Held: YPFx3172@22.83 OPHCx34624@2.11 MITKx8736@8.08 GBRx40548@1.84 SEEDx32611@2.21 
Value: 362751.67
Sales: GBRx40548@1.84 OPHCx34624@2.11 SEEDx32611@2.21 YPFx3172@22.83 MITKx8736@8.08 
Purchases: FHx28333@2.56 OPHCx34394@2.11 VBFCx48366@1.50 XINx22058@3.29 TCIx30224@2.40 

2012-04-08
Cash: 5.31
Held: VBFCx48366@1.44 XINx22058@3.23 TCIx30224@2.40 OPHCx34394@1.80 FHx28333@3.04 
Value: 361488.46
Sales: FHx28333@3.04 OPHCx34394@1.80 VBFCx48366@1.44 XINx22058@3.23 TCIx30224@2.40 
Purchases: AEHRx68233@1.06 LORLx1109@65.19 PATKx7433@9.73 PTCx3445@20.98 SPPIx6784@10.66 

2012-04-09
Cash: 17.15
Held: SPPIx6784@10.18 PTCx3445@21.00 AEHRx68233@1.10 LORLx1109@65.06 PATKx7433@9.00 
Value: 355502.11
Sales: AEHRx68233@1.10 PTCx3445@21.00 PATKx7433@9.00 SPPIx6784@10.18 LORLx1109@65.06 
Purchases: FPAYx1422355@0.05 FNCXx17552@4.05 CLNTx15030@4.73 HUSAx17434@4.08 MOHx2793@25.45 

2012-04-10
Cash: 14.85
Held: MOHx2793@24.66 HUSAx17434@3.72 FNCXx17552@4.00 FPAYx1422355@0.51 CLNTx15030@5.42 
Value: 1010512.96
Sales: FPAYx1422355@0.51 HUSAx17434@3.72 CLNTx15030@5.42 MOHx2793@24.66 FNCXx17552@4.00 
Purchases: DAIOx69215@2.92 CBIOx6793@29.75 IGCx594265@0.34 GBXx11497@17.58 UBOHx30398@6.65 

2012-04-11
Cash: 21.58
Held: DAIOx69215@2.77 UBOHx30398@6.72 IGCx594265@0.34 GBXx11497@17.58 CBIOx6793@30.31 
Value: 1006062.10
Sales: DAIOx69215@2.77 IGCx594265@0.34 UBOHx30398@6.72 GBXx11497@17.58 CBIOx6793@30.31 
Purchases: IMNPx1006307@0.20 BNCNx27604@7.29 SNMXx92312@2.18 IBIOx129830@1.55 NOKx48825@4.12 

2012-04-12
Cash: 7.69
Held: SNMXx92312@2.17 IMNPx1006307@0.20 BNCNx27604@7.25 IBIOx129830@1.40 NOKx48825@4.12 
Value: 984683.90
Sales: IMNPx1006307@0.20 BNCNx27604@7.25 SNMXx92312@2.17 IBIOx129830@1.40 NOKx48825@4.12 
Purchases: DAIOx71868@2.74 AVIDx23362@8.43 ENZx89548@2.20 MNOVx76329@2.58 AVEOx18240@10.80 

2012-04-15
Cash: 8.96
Held: DAIOx71868@2.54 AVEOx18240@10.78 ENZx89548@2.26 MNOVx76329@2.58 AVIDx23362@8.68 
Value: 981203.44
Sales: DAIOx71868@2.54 ENZx89548@2.26 AVIDx23362@8.68 AVEOx18240@10.78 MNOVx76329@2.58 
Purchases: SINOx61528@3.19 CFBKx65413@3.00 NFECx144257@1.36 OPHCx92094@2.13 CPSSx127425@1.54 

2012-04-16
Cash: 4.69
Held: NFECx144257@1.36 SINOx61528@3.28 OPHCx92094@2.31 CPSSx127425@1.54 CFBKx65413@3.45 
Value: 1032664.23
Sales: SINOx61528@3.28 OPHCx92094@2.31 NFECx144257@1.36 CFBKx65413@3.45 CPSSx127425@1.54 
Purchases: SGOCx156427@1.32 CLNTx53650@3.85 CEIx112854@1.83 HALOx24208@8.53 MATx6576@31.41 

2012-04-17
Cash: 16.53
Held: MATx6576@31.77 HALOx24208@8.25 SGOCx156427@1.56 CLNTx53650@3.94 CEIx112854@1.84 
Value: 1071567.57
Sales: SGOCx156427@1.56 CLNTx53650@3.94 MATx6576@31.77 HALOx24208@8.25 CEIx112854@1.84 
Purchases: WHLMx1786018@0.12 CNETx129856@1.65 CNITx171450@1.25 SYNx126052@1.70 TIKx35419@6.05 

2012-04-18
Cash: 2.86
Held: CNETx129856@1.52 SYNx126052@1.69 WHLMx1786018@0.17 TIKx35419@6.32 CNITx171450@1.16 
Value: 1136874.64
Sales: CNETx129856@1.52 WHLMx1786018@0.17 CNITx171450@1.16 SYNx126052@1.69 TIKx35419@6.32 
Purchases: OGENx143017@1.59 EDNx80065@2.84 HGSHx267469@0.85 TCXx201237@1.13 GNWx37821@6.01 

2012-04-19
Cash: 9.65
Held: EDNx80065@2.68 GNWx37821@6.08 TCXx201237@1.18 OGENx143017@1.59 HGSHx267469@0.85 
Value: 1136585.83
Sales: OGENx143017@1.59 EDNx80065@2.68 GNWx37821@6.08 TCXx201237@1.18 HGSHx267469@0.85 
Purchases: BELFBx13816@16.45 CYTRx99731@2.28 ENOCx33521@6.78 TOPSx104758@2.17 EGTx101470@2.24 

2012-04-22
Cash: 5.36
Held: TOPSx104758@2.26 ENOCx33521@6.41 BELFBx13816@15.62 EGTx101470@2.40 CYTRx99731@2.45 
Value: 1155206.47
Sales: BELFBx13816@15.62 CYTRx99731@2.45 ENOCx33521@6.41 TOPSx104758@2.26 EGTx101470@2.40 
Purchases: MYOSx2310977@0.10 BGIx292442@0.79 FSIx124913@1.85 LPTHx164983@1.40 TPXx3510@65.81 

2012-04-23
Cash: 41.80
Held: FSIx124913@1.73 TPXx3510@64.94 LPTHx164983@1.41 MYOSx2310977@0.14 BGIx292442@0.89 
Value: 1260666.28
Sales: MYOSx2310977@0.14 FSIx124913@1.73 BGIx292442@0.89 LPTHx164983@1.41 TPXx3510@64.94 
Purchases: BLDRx71837@3.51 HUSAx139333@1.81 OTELx38906@6.48 XTLBx514567@0.49 MPAAx32032@7.87 

2012-04-24
Cash: 13.59
Held: XTLBx514567@0.55 HUSAx139333@1.68 OTELx38906@5.65 MPAAx32032@7.99 BLDRx71837@3.53 
Value: 1246133.67
Sales: BLDRx71837@3.53 HUSAx139333@1.68 OTELx38906@5.65 XTLBx514567@0.55 MPAAx32032@7.99 
Purchases: BIGx7133@34.94 SNOAx249226@1.00 PNTRx95870@2.60 RTNBx415310@0.60 MVISx140843@1.77 

2012-04-25
Cash: 21.28
Held: SNOAx249226@1.00 MVISx140843@2.00 RTNBx415310@0.60 BIGx7133@35.34 PNTRx95870@2.60 
Value: 1281491.36
Sales: MVISx140843@2.00 SNOAx249226@1.00 PNTRx95870@2.60 RTNBx415310@0.60 BIGx7133@35.34 
Purchases: HEI.Ax7962@32.19 GALEx192694@1.33 ICONx17666@14.51 HEIx6265@40.91 TROVx420255@0.61 

2012-04-26
Cash: 45.64
Held: HEI.Ax7962@32.12 GALEx192694@1.32 ICONx17666@14.91 HEIx6265@40.62 TROVx420255@0.61 
Value: 1284388.72
Sales: HEI.Ax7962@32.12 GALEx192694@1.32 TROVx420255@0.61 HEIx6265@40.62 ICONx17666@14.91 
Purchases: RGENx60275@4.26 IDRAx173511@1.48 COYNx39519@6.50 CNITx193129@1.33 VDSIx33364@7.70 

2012-04-29
Cash: 9.12
Held: VDSIx33364@7.55 RGENx60275@4.45 IDRAx173511@1.44 CNITx193129@1.25 COYNx39519@10.00 
Value: 1406641.69
Sales: RGENx60275@4.45 IDRAx173511@1.44 COYNx39519@10.00 CNITx193129@1.25 VDSIx33364@7.55 
Purchases: WSTGx20184@13.94 WDCx7348@38.28 CRAIx13229@21.27 MXWLx28023@10.04 DECKx5459@51.53 

2012-04-30
Cash: 79.87
Held: WDCx7348@38.69 WSTGx20184@13.60 DECKx5459@50.81 CRAIx13229@20.53 MXWLx28023@9.62 
Value: 1377385.34
Sales: WSTGx20184@13.60 WDCx7348@38.69 CRAIx13229@20.53 MXWLx28023@9.62 DECKx5459@50.81 
Purchases: SCVLx14172@19.44 WKHSx1836214@0.15 DECKx5421@50.81 MXWLx28644@9.62 SINOx94660@2.91 

2012-05-01
Cash: 35.49
Held: SCVLx14172@19.64 SINOx94660@3.02 DECKx5421@52.44 MXWLx28644@9.57 WKHSx1836214@0.19 
Value: 1471380.05
Sales: SCVLx14172@19.64 SINOx94660@3.02 WKHSx1836214@0.19 MXWLx28644@9.57 DECKx5421@52.44 
Purchases: MEETx79761@3.69 COPx5269@55.84 PPHMx639784@0.46 PLBCx86047@3.42 BKSx15127@19.45 

2012-05-02
Cash: 47.77
Held: PLBCx86047@3.37 MEETx79761@3.80 COPx5269@54.66 PPHMx639784@0.49 BKSx15127@18.62 
Value: 1476318.39
Sales: MEETx79761@3.80 PPHMx639784@0.49 BKSx15127@18.62 PLBCx86047@3.37 COPx5269@54.66 
Purchases: ECOLx17627@16.75 OPHCx213977@1.38 ALRx13242@22.30 CBLIx8684@34.00 DGASx14028@21.05 

2012-05-03
Cash: 46.18
Held: CBLIx8684@30.41 ECOLx17627@16.98 OPHCx213977@1.18 DGASx14028@22.00 ALRx13242@21.44 
Value: 1408395.00
Sales: ECOLx17627@16.98 CBLIx8684@30.41 ALRx13242@21.44 OPHCx213977@1.18 DGASx14028@22.00 
Purchases: ABEOx302823@0.93 OPHCx238774@1.18 CEVAx16270@17.31 MITKx110428@2.55 OIBR.Cx48558@5.80 

2012-05-06
Cash: 11.29
Held: CEVAx16270@16.98 ABEOx302823@0.85 OIBR.Cx48558@5.73 OPHCx238774@1.08 MITKx110428@2.81 
Value: 1380293.94
Sales: ABEOx302823@0.85 OPHCx238774@1.08 CEVAx16270@16.98 MITKx110428@2.81 OIBR.Cx48558@5.73 
Purchases: SGOCx131481@2.10 BEBEx4416@62.50 MANTx11070@24.94 PBHx20508@13.46 HFBCx38345@7.20 

2012-05-07
Cash: 66.13
Held: SGOCx131481@2.30 PBHx20508@13.43 MANTx11070@24.44 BEBEx4416@60.69 HFBCx38345@7.05 
Value: 1386872.51
Sales: SGOCx131481@2.30 BEBEx4416@60.69 MANTx11070@24.44 PBHx20508@13.43 HFBCx38345@7.05 
Purchases: CLNTx58635@4.73 BSFTx8421@32.94 IRCPx23700@11.70 INWKx26856@10.33 GLUUx68015@4.08 

2012-05-08
Cash: 24.93
Held: GLUUx68015@4.14 INWKx26856@10.81 CLNTx58635@4.57 BSFTx8421@31.41 IRCPx23700@12.70 
Value: 1405546.41
Sales: CLNTx58635@4.57 GLUUx68015@4.14 IRCPx23700@12.70 BSFTx8421@31.41 INWKx26856@10.81 
Purchases: FOSLx3566@78.81 TASTx59820@4.70 SNCRx13416@20.95 ESEAx1801@156.00 TPXx5993@46.91 

2012-05-09
Cash: 221.48
Held: TASTx59820@5.20 SNCRx13416@20.38 ESEAx1801@150.00 TPXx5993@52.44 FOSLx3566@80.00 
Value: 1454277.69
Sales: SNCRx13416@20.38 FOSLx3566@80.00 TASTx59820@5.20 ESEAx1801@150.00 TPXx5993@52.44 
Purchases: MELIx3728@78.00 DNBx4578@63.53 CRMDx1077164@0.27 INSMx87598@3.32 EGTx72713@4.00 

2012-05-10
Cash: 87.57
Held: DNBx4578@65.06 CRMDx1077164@0.24 EGTx72713@3.64 INSMx87598@3.03 MELIx3728@76.38 
Value: 1371259.65
Sales: MELIx3728@76.38 EGTx72713@3.64 CRMDx1077164@0.24 INSMx87598@3.03 DNBx4578@65.06 
Purchases: ABIOx14836@18.48 IESCx80192@3.42 PAMx45560@6.02 AMEDx27446@9.99 KROx13512@20.30 

2012-05-13
Cash: 28.29
Held: IESCx80192@3.80 AMEDx27446@10.40 ABIOx14836@21.84 KROx13512@20.17 PAMx45560@5.96 
Value: 1458432.62
Sales: PAMx45560@5.96 IESCx80192@3.80 AMEDx27446@10.40 KROx13512@20.17 ABIOx14836@21.84 
Purchases: CVOx18790@15.52 UDOWx5885@49.56 QLDx5549@52.56 VHIx18639@15.65 TQQQx5900@49.44 

2012-05-14
Cash: 50.13
Held: CVOx18790@15.04 QLDx5549@52.81 TQQQx5900@49.84 UDOWx5885@49.25 VHIx18639@16.58 
Value: 1468604.72
Sales: CVOx18790@15.04 QLDx5549@52.81 VHIx18639@16.58 UDOWx5885@49.25 TQQQx5900@49.84 
Purchases: AEx7418@39.59 WLDNx109610@2.68 EGTx96648@3.04 CIGx22050@13.32 CIG.Cx19230@15.27 

2012-05-15
Cash: 37.33
Held: CIG.Cx19230@14.87 WLDNx109610@2.29 AEx7418@38.31 EGTx96648@3.56 CIGx22050@13.29 
Value: 1458183.17
Sales: EGTx96648@3.56 CIGx22050@13.29 WLDNx109610@2.29 AEx7418@38.31 CIG.Cx19230@14.87 
Purchases: CBPOx35518@8.21 ESNCx711461@0.41 CFBKx137620@2.12 CHCIx28474@10.24 TEFx23057@12.65 

2012-05-16
Cash: 3.41
Held: TEFx23057@12.41 ESNCx711461@0.44 CBPOx35518@8.66 CHCIx28474@10.37 CFBKx137620@1.58 
Value: 1419153.81
Sales: CBPOx35518@8.66 ESNCx711461@0.44 CFBKx137620@1.58 CHCIx28474@10.37 TEFx23057@12.41 
Purchases: GALTx130802@2.17 SVTx36623@7.75 RVLTx545807@0.52 ABIOx16483@17.22 LAKEx37052@7.66 

2012-05-17
Cash: 24.37
Held: RVLTx545807@0.44 GALTx130802@2.03 LAKEx37052@7.91 SVTx36623@7.70 ABIOx16483@16.80 
Value: 1357502.05
Sales: GALTx130802@2.03 SVTx36623@7.70 RVLTx545807@0.44 LAKEx37052@7.91 ABIOx16483@16.80 
Purchases: ABCDx199581@1.36 ABEOx603399@0.45 FFHLx319375@0.85 CALLx14940@18.17 BORNx99079@2.74 

2012-05-20
Cash: 14.20
Held: CALLx14940@18.20 ABEOx603399@0.54 FFHLx319375@0.89 ABCDx199581@1.25 BORNx99079@2.71 
Value: 1400188.56
Sales: ABCDx199581@1.25 ABEOx603399@0.54 CALLx14940@18.20 FFHLx319375@0.89 BORNx99079@2.71 
Purchases: OPHCx424199@0.66 SYMXx337363@0.83 RVLTx666880@0.42 MITKx135904@2.06 PGTIx115721@2.42 

2012-05-21
Cash: 3.45
Held: RVLTx666880@0.36 PGTIx115721@2.55 SYMXx337363@0.97 OPHCx424199@0.68 MITKx135904@2.11 
Value: 1437847.82
Sales: OPHCx424199@0.68 SYMXx337363@0.97 RVLTx666880@0.36 MITKx135904@2.11 PGTIx115721@2.55 
Purchases: KIRKx27205@10.57 ATLCx62921@4.57 CKXx28734@10.01 ESEAx2195@131.00 GALEx202524@1.42 

2012-05-22
Cash: 36.10
Held: KIRKx27205@9.94 CKXx28734@10.01 GALEx202524@1.33 ESEAx2195@135.00 ATLCx62921@4.22 
Value: 1389095.98
Sales: KIRKx27205@9.94 ATLCx62921@4.22 CKXx28734@10.01 ESEAx2195@135.00 GALEx202524@1.33 
Purchases: EXPRx16524@16.81 SBOTx867999@0.32 CSWCx12921@21.50 ISNSx49700@5.59 RADAx189027@1.47 

