2011-07-18
Cash: 10000.00
Held: 
Value: 10000.00
Sales: 
Purchases: ABCDx43@45.75 ABACx43@45.75 ACCOx43@45.75 ACADx43@45.75 ADBEx43@45.75 

2011-07-19
Cash: 163.75
Held: ABCDx43@46.94 ABACx43@46.94 ACCOx43@46.94 ACADx43@46.94 ADBEx43@46.94 
Value: 10255.31
Sales: ABCDx43@46.94 ABACx43@46.94 ACCOx43@46.94 ACADx43@46.94 ADBEx43@46.94 
Purchases: ABCDx43@46.94 ABACx43@46.94 ACCOx43@46.94 ACADx43@46.94 ADBEx43@46.94 

2011-07-20
Cash: 163.75
Held: ABCDx43@47.12 ABACx43@47.12 ACCOx43@47.12 ACADx43@47.12 ADBEx43@47.12 
Value: 10295.62
Sales: ABCDx43@47.12 ABACx43@47.12 ACCOx43@47.12 ACADx43@47.12 ADBEx43@47.12 
Purchases: ABCDx43@47.12 ABACx43@47.12 ACCOx43@47.12 ACADx43@47.12 ADBEx43@47.12 

2011-07-21
Cash: 163.75
Held: ABCDx43@46.94 ABACx43@46.94 ACCOx43@46.94 ACADx43@46.94 ADBEx43@46.94 
Value: 10255.31
Sales: ABCDx43@46.94 ABACx43@46.94 ACCOx43@46.94 ACADx43@46.94 ADBEx43@46.94 
Purchases: ABCDx43@46.94 ABACx43@46.94 ACCOx43@46.94 ACADx43@46.94 ADBEx43@46.94 

2011-07-24
Cash: 163.75
Held: ABCDx43@46.19 ABACx43@46.19 ACCOx43@46.19 ACADx43@46.19 ADBEx43@46.19 
Value: 10094.06
Sales: ABCDx43@46.19 ABACx43@46.19 ACCOx43@46.19 ACADx43@46.19 ADBEx43@46.19 
Purchases: ABCDx43@46.19 ABACx43@46.19 ACCOx43@46.19 ACADx43@46.19 ADBEx43@46.19 

2011-07-25
Cash: 163.75
Held: ABCDx43@45.84 ABACx43@45.84 ACCOx43@45.84 ACADx43@45.84 ADBEx43@45.84 
Value: 10020.16
Sales: ABCDx43@45.84 ABACx43@45.84 ACCOx43@45.84 ACADx43@45.84 ADBEx43@45.84 
Purchases: ABCDx43@45.84 ABACx43@45.84 ACCOx43@45.84 ACADx43@45.84 ADBEx43@45.84 

2011-07-26
Cash: 163.75
Held: ABCDx43@44.44 ABACx43@44.44 ACCOx43@44.44 ACADx43@44.44 ADBEx43@44.44 
Value: 9717.81
Sales: ABCDx43@44.44 ABACx43@44.44 ACCOx43@44.44 ACADx43@44.44 ADBEx43@44.44 
Purchases: ABCDx43@44.44 ABACx43@44.44 ACCOx43@44.44 ACADx43@44.44 ADBEx43@44.44 

2011-07-27
Cash: 163.75
Held: ABCDx43@42.38 ABACx43@42.38 ACCOx43@42.38 ACADx43@42.38 ADBEx43@42.38 
Value: 9274.38
Sales: ABCDx43@42.38 ABACx43@42.38 ACCOx43@42.38 ACADx43@42.38 ADBEx43@42.38 
Purchases: ABCDx43@42.38 ABACx43@42.38 ACCOx43@42.38 ACADx43@42.38 ADBEx43@42.38 

2011-07-28
Cash: 163.75
Held: ABCDx43@41.53 ABACx43@41.53 ACCOx43@41.53 ACADx43@41.53 ADBEx43@41.53 
Value: 9092.97
Sales: ABCDx43@41.53 ABACx43@41.53 ACCOx43@41.53 ACADx43@41.53 ADBEx43@41.53 
Purchases: ABCDx43@41.53 ABACx43@41.53 ACCOx43@41.53 ACADx43@41.53 ADBEx43@41.53 

2011-07-31
Cash: 163.75
Held: ABCDx43@42.62 ABACx43@42.62 ACCOx43@42.62 ACADx43@42.62 ADBEx43@42.62 
Value: 9328.12
Sales: ABCDx43@42.62 ABACx43@42.62 ACCOx43@42.62 ACADx43@42.62 ADBEx43@42.62 
Purchases: ABCDx43@42.62 ABACx43@42.62 ACCOx43@42.62 ACADx43@42.62 ADBEx43@42.62 

2011-08-01
Cash: 163.75
Held: ABCDx43@40.34 ABACx43@40.34 ACCOx43@40.34 ACADx43@40.34 ADBEx43@40.34 
Value: 8837.66
Sales: ABCDx43@40.34 ABACx43@40.34 ACCOx43@40.34 ACADx43@40.34 ADBEx43@40.34 
Purchases: ABCDx43@40.34 ABACx43@40.34 ACCOx43@40.34 ACADx43@40.34 ADBEx43@40.34 

2011-08-02
Cash: 163.75
Held: ABCDx43@39.09 ABACx43@39.09 ACCOx43@39.09 ACADx43@39.09 ADBEx43@39.09 
Value: 8568.91
Sales: ABCDx43@39.09 ABACx43@39.09 ACCOx43@39.09 ACADx43@39.09 ADBEx43@39.09 
Purchases: ABCDx43@39.09 ABACx43@39.09 ACCOx43@39.09 ACADx43@39.09 ADBEx43@39.09 

2011-08-03
Cash: 163.75
Held: ABCDx43@38.84 ABACx43@38.84 ACCOx43@38.84 ACADx43@38.84 ADBEx43@38.84 
Value: 8515.16
Sales: ABCDx43@38.84 ABACx43@38.84 ACCOx43@38.84 ACADx43@38.84 ADBEx43@38.84 
Purchases: ABCDx43@38.84 ABACx43@38.84 ACCOx43@38.84 ACADx43@38.84 ADBEx43@38.84 

2011-08-04
Cash: 163.75
Held: ABCDx43@37.59 ABACx43@37.59 ACCOx43@37.59 ACADx43@37.59 ADBEx43@37.59 
Value: 8246.41
Sales: ABCDx43@37.59 ABACx43@37.59 ACCOx43@37.59 ACADx43@37.59 ADBEx43@37.59 
Purchases: ABCDx43@37.59 ABACx43@37.59 ACCOx43@37.59 ACADx43@37.59 ADBEx43@37.59 

2011-08-07
Cash: 163.75
Held: ABCDx43@35.44 ABACx43@35.44 ACCOx43@35.44 ACADx43@35.44 ADBEx43@35.44 
Value: 7782.81
Sales: ABCDx43@35.44 ABACx43@35.44 ACCOx43@35.44 ACADx43@35.44 ADBEx43@35.44 
Purchases: ABCDx43@35.44 ABACx43@35.44 ACCOx43@35.44 ACADx43@35.44 ADBEx43@35.44 

2011-08-08
Cash: 163.75
Held: ABCDx43@33.28 ABACx43@33.28 ACCOx43@33.28 ACADx43@33.28 ADBEx43@33.28 
Value: 7319.22
Sales: ABCDx43@33.28 ABACx43@33.28 ACCOx43@33.28 ACADx43@33.28 ADBEx43@33.28 
Purchases: ABCDx43@33.28 ABACx43@33.28 ACCOx43@33.28 ACADx43@33.28 ADBEx43@33.28 

2011-08-09
Cash: 163.75
Held: ABCDx43@33.31 ABACx43@33.31 ACCOx43@33.31 ACADx43@33.31 ADBEx43@33.31 
Value: 7325.94
Sales: ABCDx43@33.31 ABACx43@33.31 ACCOx43@33.31 ACADx43@33.31 ADBEx43@33.31 
Purchases: ABCDx43@33.31 ABACx43@33.31 ACCOx43@33.31 ACADx43@33.31 ADBEx43@33.31 

2011-08-10
Cash: 163.75
Held: ABCDx43@32.12 ABACx43@32.12 ACCOx43@32.12 ACADx43@32.12 ADBEx43@32.12 
Value: 7070.62
Sales: ABCDx43@32.12 ABACx43@32.12 ACCOx43@32.12 ACADx43@32.12 ADBEx43@32.12 
Purchases: ABCDx44@32.12 ABACx44@32.12 ACCOx44@32.12 ACADx44@32.12 ADBEx44@32.12 

2011-08-11
Cash: 3.12
Held: ABCDx44@34.94 ABACx44@34.94 ACCOx44@34.94 ACADx44@34.94 ADBEx44@34.94 
Value: 7689.38
Sales: ABCDx44@34.94 ABACx44@34.94 ACCOx44@34.94 ACADx44@34.94 ADBEx44@34.94 
Purchases: ABCDx44@34.94 ABACx44@34.94 ACCOx44@34.94 ACADx44@34.94 ADBEx44@34.94 

2011-08-14
Cash: 3.12
Held: ABCDx44@36.72 ABACx44@36.72 ACCOx44@36.72 ACADx44@36.72 ADBEx44@36.72 
Value: 8081.25
Sales: ABCDx44@36.72 ABACx44@36.72 ACCOx44@36.72 ACADx44@36.72 ADBEx44@36.72 
Purchases: ABCDx44@36.72 ABACx44@36.72 ACCOx44@36.72 ACADx44@36.72 ADBEx44@36.72 

2011-08-15
Cash: 3.12
Held: ABCDx44@36.97 ABACx44@36.97 ACCOx44@36.97 ACADx44@36.97 ADBEx44@36.97 
Value: 8136.25
Sales: ABCDx44@36.97 ABACx44@36.97 ACCOx44@36.97 ACADx44@36.97 ADBEx44@36.97 
Purchases: ABCDx44@36.97 ABACx44@36.97 ACCOx44@36.97 ACADx44@36.97 ADBEx44@36.97 

2011-08-16
Cash: 3.12
Held: ABCDx44@36.88 ABACx44@36.88 ACCOx44@36.88 ACADx44@36.88 ADBEx44@36.88 
Value: 8115.62
Sales: ABCDx44@36.88 ABACx44@36.88 ACCOx44@36.88 ACADx44@36.88 ADBEx44@36.88 
Purchases: ABCDx44@36.88 ABACx44@36.88 ACCOx44@36.88 ACADx44@36.88 ADBEx44@36.88 

2011-08-17
Cash: 3.12
Held: ABCDx44@34.59 ABACx44@34.59 ACCOx44@34.59 ACADx44@34.59 ADBEx44@34.59 
Value: 7613.75
Sales: ABCDx44@34.59 ABACx44@34.59 ACCOx44@34.59 ACADx44@34.59 ADBEx44@34.59 
Purchases: ABCDx44@34.59 ABACx44@34.59 ACCOx44@34.59 ACADx44@34.59 ADBEx44@34.59 

2011-08-18
Cash: 3.12
Held: ABCDx44@31.73 ABACx44@31.73 ACCOx44@31.73 ACADx44@31.73 ADBEx44@31.73 
Value: 6984.69
Sales: ABCDx44@31.73 ABACx44@31.73 ACCOx44@31.73 ACADx44@31.73 ADBEx44@31.73 
Purchases: ABCDx44@31.73 ABACx44@31.73 ACCOx44@31.73 ACADx44@31.73 ADBEx44@31.73 

2011-08-21
Cash: 3.12
Held: ABCDx44@31.98 ABACx44@31.98 ACCOx44@31.98 ACADx44@31.98 ADBEx44@31.98 
Value: 7039.69
Sales: ABCDx44@31.98 ABACx44@31.98 ACCOx44@31.98 ACADx44@31.98 ADBEx44@31.98 
Purchases: ABCDx44@31.98 ABACx44@31.98 ACCOx44@31.98 ACADx44@31.98 ADBEx44@31.98 

2011-08-22
Cash: 3.12
Held: ABCDx44@30.73 ABACx44@30.73 ACCOx44@30.73 ACADx44@30.73 ADBEx44@30.73 
Value: 6764.69
Sales: ABCDx44@30.73 ABACx44@30.73 ACCOx44@30.73 ACADx44@30.73 ADBEx44@30.73 
Purchases: ABCDx44@30.73 ABACx44@30.73 ACCOx44@30.73 ACADx44@30.73 ADBEx44@30.73 

2011-08-23
Cash: 3.12
Held: ABCDx44@31.86 ABACx44@31.86 ACCOx44@31.86 ACADx44@31.86 ADBEx44@31.86 
Value: 7012.19
Sales: ABCDx44@31.86 ABACx44@31.86 ACCOx44@31.86 ACADx44@31.86 ADBEx44@31.86 
Purchases: ABCDx44@31.86 ABACx44@31.86 ACCOx44@31.86 ACADx44@31.86 ADBEx44@31.86 

2011-08-24
Cash: 3.12
Held: ABCDx44@33.44 ABACx44@33.44 ACCOx44@33.44 ACADx44@33.44 ADBEx44@33.44 
Value: 7359.38
Sales: ABCDx44@33.44 ABACx44@33.44 ACCOx44@33.44 ACADx44@33.44 ADBEx44@33.44 
Purchases: ABCDx44@33.44 ABACx44@33.44 ACCOx44@33.44 ACADx44@33.44 ADBEx44@33.44 

2011-08-25
Cash: 3.12
Held: ABCDx44@32.62 ABACx44@32.62 ACCOx44@32.62 ACADx44@32.62 ADBEx44@32.62 
Value: 7180.62
Sales: ABCDx44@32.62 ABACx44@32.62 ACCOx44@32.62 ACADx44@32.62 ADBEx44@32.62 
Purchases: ABCDx44@32.62 ABACx44@32.62 ACCOx44@32.62 ACADx44@32.62 ADBEx44@32.62 

2011-08-28
Cash: 3.12
Held: ABCDx44@35.44 ABACx44@35.44 ACCOx44@35.44 ACADx44@35.44 ADBEx44@35.44 
Value: 7799.38
Sales: ABCDx44@35.44 ABACx44@35.44 ACCOx44@35.44 ACADx44@35.44 ADBEx44@35.44 
Purchases: ABCDx44@35.44 ABACx44@35.44 ACCOx44@35.44 ACADx44@35.44 ADBEx44@35.44 

2011-08-29
Cash: 3.12
Held: ABCDx44@36.47 ABACx44@36.47 ACCOx44@36.47 ACADx44@36.47 ADBEx44@36.47 
Value: 8026.25
Sales: ABCDx44@36.47 ABACx44@36.47 ACCOx44@36.47 ACADx44@36.47 ADBEx44@36.47 
Purchases: ABCDx44@36.47 ABACx44@36.47 ACCOx44@36.47 ACADx44@36.47 ADBEx44@36.47 

2011-08-30
Cash: 3.12
Held: ABCDx44@36.75 ABACx44@36.75 ACCOx44@36.75 ACADx44@36.75 ADBEx44@36.75 
Value: 8088.12
Sales: ABCDx44@36.75 ABACx44@36.75 ACCOx44@36.75 ACADx44@36.75 ADBEx44@36.75 
Purchases: ABCDx44@36.75 ABACx44@36.75 ACCOx44@36.75 ACADx44@36.75 ADBEx44@36.75 

2011-08-31
Cash: 3.12
Held: ABCDx44@36.81 ABACx44@36.81 ACCOx44@36.81 ACADx44@36.81 ADBEx44@36.81 
Value: 8101.88
Sales: ABCDx44@36.81 ABACx44@36.81 ACCOx44@36.81 ACADx44@36.81 ADBEx44@36.81 
Purchases: ABCDx44@36.81 ABACx44@36.81 ACCOx44@36.81 ACADx44@36.81 ADBEx44@36.81 

2011-09-01
Cash: 3.12
Held: ABCDx44@34.91 ABACx44@34.91 ACCOx44@34.91 ACADx44@34.91 ADBEx44@34.91 
Value: 7682.50
Sales: ABCDx44@34.91 ABACx44@34.91 ACCOx44@34.91 ACADx44@34.91 ADBEx44@34.91 
Purchases: ABCDx44@34.91 ABACx44@34.91 ACCOx44@34.91 ACADx44@34.91 ADBEx44@34.91 

2011-09-05
Cash: 3.12
Held: ABCDx44@32.78 ABACx44@32.78 ACCOx44@32.78 ACADx44@32.78 ADBEx44@32.78 
Value: 7215.00
Sales: ABCDx44@32.78 ABACx44@32.78 ACCOx44@32.78 ACADx44@32.78 ADBEx44@32.78 
Purchases: ABCDx44@32.78 ABACx44@32.78 ACCOx44@32.78 ACADx44@32.78 ADBEx44@32.78 

2011-09-06
Cash: 3.12
Held: ABCDx44@34.44 ABACx44@34.44 ACCOx44@34.44 ACADx44@34.44 ADBEx44@34.44 
Value: 7579.38
Sales: ABCDx44@34.44 ABACx44@34.44 ACCOx44@34.44 ACADx44@34.44 ADBEx44@34.44 
Purchases: ABCDx44@34.44 ABACx44@34.44 ACCOx44@34.44 ACADx44@34.44 ADBEx44@34.44 

2011-09-07
Cash: 3.12
Held: ABCDx44@35.41 ABACx44@35.41 ACCOx44@35.41 ACADx44@35.41 ADBEx44@35.41 
Value: 7792.50
Sales: ABCDx44@35.41 ABACx44@35.41 ACCOx44@35.41 ACADx44@35.41 ADBEx44@35.41 
Purchases: ABCDx44@35.41 ABACx44@35.41 ACCOx44@35.41 ACADx44@35.41 ADBEx44@35.41 

2011-09-08
Cash: 3.12
Held: ABCDx44@33.66 ABACx44@33.66 ACCOx44@33.66 ACADx44@33.66 ADBEx44@33.66 
Value: 7407.50
Sales: ABCDx44@33.66 ABACx44@33.66 ACCOx44@33.66 ACADx44@33.66 ADBEx44@33.66 
Purchases: ABCDx44@33.66 ABACx44@33.66 ACCOx44@33.66 ACADx44@33.66 ADBEx44@33.66 

2011-09-11
Cash: 3.12
Held: ABCDx44@32.69 ABACx44@32.69 ACCOx44@32.69 ACADx44@32.69 ADBEx44@32.69 
Value: 7194.38
Sales: ABCDx44@32.69 ABACx44@32.69 ACCOx44@32.69 ACADx44@32.69 ADBEx44@32.69 
Purchases: ABCDx44@32.69 ABACx44@32.69 ACCOx44@32.69 ACADx44@32.69 ADBEx44@32.69 

2011-09-12
Cash: 3.12
Held: ABCDx44@33.53 ABACx44@33.53 ACCOx44@33.53 ACADx44@33.53 ADBEx44@33.53 
Value: 7380.00
Sales: ABCDx44@33.53 ABACx44@33.53 ACCOx44@33.53 ACADx44@33.53 ADBEx44@33.53 
Purchases: ABCDx44@33.53 ABACx44@33.53 ACCOx44@33.53 ACADx44@33.53 ADBEx44@33.53 

2011-09-13
Cash: 3.12
Held: ABCDx44@35.12 ABACx44@35.12 ACCOx44@35.12 ACADx44@35.12 ADBEx44@35.12 
Value: 7730.62
Sales: ABCDx44@35.12 ABACx44@35.12 ACCOx44@35.12 ACADx44@35.12 ADBEx44@35.12 
Purchases: ABCDx44@35.12 ABACx44@35.12 ACCOx44@35.12 ACADx44@35.12 ADBEx44@35.12 

2011-09-14
Cash: 3.12
Held: ABCDx44@37.12 ABACx44@37.12 ACCOx44@37.12 ACADx44@37.12 ADBEx44@37.12 
Value: 8170.62
Sales: ABCDx44@37.12 ABACx44@37.12 ACCOx44@37.12 ACADx44@37.12 ADBEx44@37.12 
Purchases: ABCDx44@37.12 ABACx44@37.12 ACCOx44@37.12 ACADx44@37.12 ADBEx44@37.12 

2011-09-15
Cash: 3.12
Held: ABCDx44@37.19 ABACx44@37.19 ACCOx44@37.19 ACADx44@37.19 ADBEx44@37.19 
Value: 8184.38
Sales: ABCDx44@37.19 ABACx44@37.19 ACCOx44@37.19 ACADx44@37.19 ADBEx44@37.19 
Purchases: ABCDx44@37.19 ABACx44@37.19 ACCOx44@37.19 ACADx44@37.19 ADBEx44@37.19 

2011-09-18
Cash: 3.12
Held: ABCDx44@35.41 ABACx44@35.41 ACCOx44@35.41 ACADx44@35.41 ADBEx44@35.41 
Value: 7792.50
Sales: ABCDx44@35.41 ABACx44@35.41 ACCOx44@35.41 ACADx44@35.41 ADBEx44@35.41 
Purchases: ABCDx44@35.41 ABACx44@35.41 ACCOx44@35.41 ACADx44@35.41 ADBEx44@35.41 

2011-09-19
Cash: 3.12
Held: ABCDx44@35.34 ABACx44@35.34 ACCOx44@35.34 ACADx44@35.34 ADBEx44@35.34 
Value: 7778.75
Sales: ABCDx44@35.34 ABACx44@35.34 ACCOx44@35.34 ACADx44@35.34 ADBEx44@35.34 
Purchases: ABCDx44@35.34 ABACx44@35.34 ACCOx44@35.34 ACADx44@35.34 ADBEx44@35.34 

2011-09-20
Cash: 3.12
Held: ABCDx44@35.09 ABACx44@35.09 ACCOx44@35.09 ACADx44@35.09 ADBEx44@35.09 
Value: 7723.75
Sales: ABCDx44@35.09 ABACx44@35.09 ACCOx44@35.09 ACADx44@35.09 ADBEx44@35.09 
Purchases: ABCDx44@35.09 ABACx44@35.09 ACCOx44@35.09 ACADx44@35.09 ADBEx44@35.09 

2011-09-21
Cash: 3.12
Held: ABCDx44@31.09 ABACx44@31.09 ACCOx44@31.09 ACADx44@31.09 ADBEx44@31.09 
Value: 6843.75
Sales: ABCDx44@31.09 ABACx44@31.09 ACCOx44@31.09 ACADx44@31.09 ADBEx44@31.09 
Purchases: ABCDx44@31.09 ABACx44@31.09 ACCOx44@31.09 ACADx44@31.09 ADBEx44@31.09 

2011-09-22
Cash: 3.12
Held: ABCDx44@31.00 ABACx44@31.00 ACCOx44@31.00 ACADx44@31.00 ADBEx44@31.00 
Value: 6823.12
Sales: ABCDx44@31.00 ABACx44@31.00 ACCOx44@31.00 ACADx44@31.00 ADBEx44@31.00 
Purchases: ABCDx44@31.00 ABACx44@31.00 ACCOx44@31.00 ACADx44@31.00 ADBEx44@31.00 

2011-09-25
Cash: 3.12
Held: ABCDx44@32.03 ABACx44@32.03 ACCOx44@32.03 ACADx44@32.03 ADBEx44@32.03 
Value: 7050.00
Sales: ABCDx44@32.03 ABACx44@32.03 ACCOx44@32.03 ACADx44@32.03 ADBEx44@32.03 
Purchases: ABCDx44@32.03 ABACx44@32.03 ACCOx44@32.03 ACADx44@32.03 ADBEx44@32.03 

2011-09-26
Cash: 3.12
Held: ABCDx44@33.41 ABACx44@33.41 ACCOx44@33.41 ACADx44@33.41 ADBEx44@33.41 
Value: 7352.50
Sales: ABCDx44@33.41 ABACx44@33.41 ACCOx44@33.41 ACADx44@33.41 ADBEx44@33.41 
Purchases: ABCDx44@33.41 ABACx44@33.41 ACCOx44@33.41 ACADx44@33.41 ADBEx44@33.41 

2011-09-27
Cash: 3.12
Held: ABCDx44@33.66 ABACx44@33.66 ACCOx44@33.66 ACADx44@33.66 ADBEx44@33.66 
Value: 7407.50
Sales: ABCDx44@33.66 ABACx44@33.66 ACCOx44@33.66 ACADx44@33.66 ADBEx44@33.66 
Purchases: ABCDx44@33.66 ABACx44@33.66 ACCOx44@33.66 ACADx44@33.66 ADBEx44@33.66 

2011-09-28
Cash: 3.12
Held: ABCDx44@32.50 ABACx44@32.50 ACCOx44@32.50 ACADx44@32.50 ADBEx44@32.50 
Value: 7153.12
Sales: ABCDx44@32.50 ABACx44@32.50 ACCOx44@32.50 ACADx44@32.50 ADBEx44@32.50 
Purchases: ABCDx44@32.50 ABACx44@32.50 ACCOx44@32.50 ACADx44@32.50 ADBEx44@32.50 

2011-09-29
Cash: 3.12
Held: ABCDx44@31.83 ABACx44@31.83 ACCOx44@31.83 ACADx44@31.83 ADBEx44@31.83 
Value: 7005.31
Sales: ABCDx44@31.83 ABACx44@31.83 ACCOx44@31.83 ACADx44@31.83 ADBEx44@31.83 
Purchases: ABCDx44@31.83 ABACx44@31.83 ACCOx44@31.83 ACADx44@31.83 ADBEx44@31.83 

2011-10-02
Cash: 3.12
Held: ABCDx44@30.91 ABACx44@30.91 ACCOx44@30.91 ACADx44@30.91 ADBEx44@30.91 
Value: 6802.50
Sales: ABCDx44@30.91 ABACx44@30.91 ACCOx44@30.91 ACADx44@30.91 ADBEx44@30.91 
Purchases: ABCDx44@30.91 ABACx44@30.91 ACCOx44@30.91 ACADx44@30.91 ADBEx44@30.91 

2011-10-03
Cash: 3.12
Held: ABCDx44@28.88 ABACx44@28.88 ACCOx44@28.88 ACADx44@28.88 ADBEx44@28.88 
Value: 6355.62
Sales: ABCDx44@28.88 ABACx44@28.88 ACCOx44@28.88 ACADx44@28.88 ADBEx44@28.88 
Purchases: ABCDx44@28.88 ABACx44@28.88 ACCOx44@28.88 ACADx44@28.88 ADBEx44@28.88 

2011-10-04
Cash: 3.12
Held: ABCDx44@31.12 ABACx44@31.12 ACCOx44@31.12 ACADx44@31.12 ADBEx44@31.12 
Value: 6850.62
Sales: ABCDx44@31.12 ABACx44@31.12 ACCOx44@31.12 ACADx44@31.12 ADBEx44@31.12 
Purchases: ABCDx44@31.12 ABACx44@31.12 ACCOx44@31.12 ACADx44@31.12 ADBEx44@31.12 

2011-10-05
Cash: 3.12
Held: ABCDx44@31.97 ABACx44@31.97 ACCOx44@31.97 ACADx44@31.97 ADBEx44@31.97 
Value: 7036.25
Sales: ABCDx44@31.97 ABACx44@31.97 ACCOx44@31.97 ACADx44@31.97 ADBEx44@31.97 
Purchases: ABCDx44@31.97 ABACx44@31.97 ACCOx44@31.97 ACADx44@31.97 ADBEx44@31.97 

2011-10-06
Cash: 3.12
Held: ABCDx44@32.31 ABACx44@32.31 ACCOx44@32.31 ACADx44@32.31 ADBEx44@32.31 
Value: 7111.88
Sales: ABCDx44@32.31 ABACx44@32.31 ACCOx44@32.31 ACADx44@32.31 ADBEx44@32.31 
Purchases: ABCDx44@32.31 ABACx44@32.31 ACCOx44@32.31 ACADx44@32.31 ADBEx44@32.31 

2011-10-09
Cash: 3.12
Held: ABCDx44@32.12 ABACx44@32.12 ACCOx44@32.12 ACADx44@32.12 ADBEx44@32.12 
Value: 7070.62
Sales: ABCDx44@32.12 ABACx44@32.12 ACCOx44@32.12 ACADx44@32.12 ADBEx44@32.12 
Purchases: ABCDx44@32.12 ABACx44@32.12 ACCOx44@32.12 ACADx44@32.12 ADBEx44@32.12 

2011-10-10
Cash: 3.12
Held: ABCDx44@32.88 ABACx44@32.88 ACCOx44@32.88 ACADx44@32.88 ADBEx44@32.88 
Value: 7235.62
Sales: ABCDx44@32.88 ABACx44@32.88 ACCOx44@32.88 ACADx44@32.88 ADBEx44@32.88 
Purchases: ABCDx44@32.88 ABACx44@32.88 ACCOx44@32.88 ACADx44@32.88 ADBEx44@32.88 

2011-10-11
Cash: 3.12
Held: ABCDx44@34.22 ABACx44@34.22 ACCOx44@34.22 ACADx44@34.22 ADBEx44@34.22 
Value: 7531.25
Sales: ABCDx44@34.22 ABACx44@34.22 ACCOx44@34.22 ACADx44@34.22 ADBEx44@34.22 
Purchases: ABCDx44@34.22 ABACx44@34.22 ACCOx44@34.22 ACADx44@34.22 ADBEx44@34.22 

2011-10-12
Cash: 3.12
Held: ABCDx44@33.34 ABACx44@33.34 ACCOx44@33.34 ACADx44@33.34 ADBEx44@33.34 
Value: 7338.75
Sales: ABCDx44@33.34 ABACx44@33.34 ACCOx44@33.34 ACADx44@33.34 ADBEx44@33.34 
Purchases: ABCDx44@33.34 ABACx44@33.34 ACCOx44@33.34 ACADx44@33.34 ADBEx44@33.34 

2011-10-13
Cash: 3.12
Held: ABCDx44@33.16 ABACx44@33.16 ACCOx44@33.16 ACADx44@33.16 ADBEx44@33.16 
Value: 7297.50
Sales: ABCDx44@33.16 ABACx44@33.16 ACCOx44@33.16 ACADx44@33.16 ADBEx44@33.16 
Purchases: ABCDx44@33.16 ABACx44@33.16 ACCOx44@33.16 ACADx44@33.16 ADBEx44@33.16 

2011-10-16
Cash: 3.12
Held: ABCDx44@33.03 ABACx44@33.03 ACCOx44@33.03 ACADx44@33.03 ADBEx44@33.03 
Value: 7270.00
Sales: ABCDx44@33.03 ABACx44@33.03 ACCOx44@33.03 ACADx44@33.03 ADBEx44@33.03 
Purchases: ABCDx44@33.03 ABACx44@33.03 ACCOx44@33.03 ACADx44@33.03 ADBEx44@33.03 

2011-10-17
Cash: 3.12
Held: ABCDx44@33.03 ABACx44@33.03 ACCOx44@33.03 ACADx44@33.03 ADBEx44@33.03 
Value: 7270.00
Sales: ABCDx44@33.03 ABACx44@33.03 ACCOx44@33.03 ACADx44@33.03 ADBEx44@33.03 
Purchases: ABCDx44@33.03 ABACx44@33.03 ACCOx44@33.03 ACADx44@33.03 ADBEx44@33.03 

2011-10-18
Cash: 3.12
Held: ABCDx44@33.31 ABACx44@33.31 ACCOx44@33.31 ACADx44@33.31 ADBEx44@33.31 
Value: 7331.88
Sales: ABCDx44@33.31 ABACx44@33.31 ACCOx44@33.31 ACADx44@33.31 ADBEx44@33.31 
Purchases: ABCDx44@33.31 ABACx44@33.31 ACCOx44@33.31 ACADx44@33.31 ADBEx44@33.31 

2011-10-19
Cash: 3.12
Held: ABCDx44@33.12 ABACx44@33.12 ACCOx44@33.12 ACADx44@33.12 ADBEx44@33.12 
Value: 7290.62
Sales: ABCDx44@33.12 ABACx44@33.12 ACCOx44@33.12 ACADx44@33.12 ADBEx44@33.12 
Purchases: ABCDx44@33.12 ABACx44@33.12 ACCOx44@33.12 ACADx44@33.12 ADBEx44@33.12 

2011-10-20
Cash: 3.12
Held: ABCDx44@34.28 ABACx44@34.28 ACCOx44@34.28 ACADx44@34.28 ADBEx44@34.28 
Value: 7545.00
Sales: ABCDx44@34.28 ABACx44@34.28 ACCOx44@34.28 ACADx44@34.28 ADBEx44@34.28 
Purchases: ABCDx44@34.28 ABACx44@34.28 ACCOx44@34.28 ACADx44@34.28 ADBEx44@34.28 

2011-10-23
Cash: 3.12
Held: ABCDx44@35.59 ABACx44@35.59 ACCOx44@35.59 ACADx44@35.59 ADBEx44@35.59 
Value: 7833.75
Sales: ABCDx44@35.59 ABACx44@35.59 ACCOx44@35.59 ACADx44@35.59 ADBEx44@35.59 
Purchases: ABCDx44@35.59 ABACx44@35.59 ACCOx44@35.59 ACADx44@35.59 ADBEx44@35.59 

2011-10-24
Cash: 3.12
Held: ABCDx44@36.94 ABACx44@36.94 ACCOx44@36.94 ACADx44@36.94 ADBEx44@36.94 
Value: 8129.38
Sales: ABCDx44@36.94 ABACx44@36.94 ACCOx44@36.94 ACADx44@36.94 ADBEx44@36.94 
Purchases: ABCDx44@36.94 ABACx44@36.94 ACCOx44@36.94 ACADx44@36.94 ADBEx44@36.94 

2011-10-25
Cash: 3.12
Held: ABCDx44@35.97 ABACx44@35.97 ACCOx44@35.97 ACADx44@35.97 ADBEx44@35.97 
Value: 7916.25
Sales: ABCDx44@35.97 ABACx44@35.97 ACCOx44@35.97 ACADx44@35.97 ADBEx44@35.97 
Purchases: ABCDx44@35.97 ABACx44@35.97 ACCOx44@35.97 ACADx44@35.97 ADBEx44@35.97 

2011-10-26
Cash: 3.12
Held: ABCDx44@37.81 ABACx44@37.81 ACCOx44@37.81 ACADx44@37.81 ADBEx44@37.81 
Value: 8321.88
Sales: ABCDx44@37.81 ABACx44@37.81 ACCOx44@37.81 ACADx44@37.81 ADBEx44@37.81 
Purchases: ABCDx44@37.81 ABACx44@37.81 ACCOx44@37.81 ACADx44@37.81 ADBEx44@37.81 

2011-10-27
Cash: 3.12
Held: ABCDx44@39.84 ABACx44@39.84 ACCOx44@39.84 ACADx44@39.84 ADBEx44@39.84 
Value: 8768.75
Sales: ABCDx44@39.84 ABACx44@39.84 ACCOx44@39.84 ACADx44@39.84 ADBEx44@39.84 
Purchases: ABCDx44@39.84 ABACx44@39.84 ACCOx44@39.84 ACADx44@39.84 ADBEx44@39.84 

2011-10-30
Cash: 3.12
Held: ABCDx44@39.84 ABACx44@39.84 ACCOx44@39.84 ACADx44@39.84 ADBEx44@39.84 
Value: 8768.75
Sales: ABCDx44@39.84 ABACx44@39.84 ACCOx44@39.84 ACADx44@39.84 ADBEx44@39.84 
Purchases: ABCDx44@39.84 ABACx44@39.84 ACCOx44@39.84 ACADx44@39.84 ADBEx44@39.84 

2011-10-31
Cash: 3.12
Held: ABCDx44@35.25 ABACx44@35.25 ACCOx44@35.25 ACADx44@35.25 ADBEx44@35.25 
Value: 7758.12
Sales: ABCDx44@35.25 ABACx44@35.25 ACCOx44@35.25 ACADx44@35.25 ADBEx44@35.25 
Purchases: ABCDx44@35.25 ABACx44@35.25 ACCOx44@35.25 ACADx44@35.25 ADBEx44@35.25 

2011-11-01
Cash: 3.12
Held: ABCDx44@35.81 ABACx44@35.81 ACCOx44@35.81 ACADx44@35.81 ADBEx44@35.81 
Value: 7881.88
Sales: ABCDx44@35.81 ABACx44@35.81 ACCOx44@35.81 ACADx44@35.81 ADBEx44@35.81 
Purchases: ABCDx44@35.81 ABACx44@35.81 ACCOx44@35.81 ACADx44@35.81 ADBEx44@35.81 

2011-11-02
Cash: 3.12
Held: ABCDx44@36.81 ABACx44@36.81 ACCOx44@36.81 ACADx44@36.81 ADBEx44@36.81 
Value: 8101.88
Sales: ABCDx44@36.81 ABACx44@36.81 ACCOx44@36.81 ACADx44@36.81 ADBEx44@36.81 
Purchases: ABCDx44@36.81 ABACx44@36.81 ACCOx44@36.81 ACADx44@36.81 ADBEx44@36.81 

2011-11-03
Cash: 3.12
Held: ABCDx44@36.56 ABACx44@36.56 ACCOx44@36.56 ACADx44@36.56 ADBEx44@36.56 
Value: 8046.88
Sales: ABCDx44@36.56 ABACx44@36.56 ACCOx44@36.56 ACADx44@36.56 ADBEx44@36.56 
Purchases: ABCDx44@36.56 ABACx44@36.56 ACCOx44@36.56 ACADx44@36.56 ADBEx44@36.56 

2011-11-06
Cash: 3.12
Held: ABCDx44@36.81 ABACx44@36.81 ACCOx44@36.81 ACADx44@36.81 ADBEx44@36.81 
Value: 8101.88
Sales: ABCDx44@36.81 ABACx44@36.81 ACCOx44@36.81 ACADx44@36.81 ADBEx44@36.81 
Purchases: ABCDx44@36.81 ABACx44@36.81 ACCOx44@36.81 ACADx44@36.81 ADBEx44@36.81 

2011-11-07
Cash: 3.12
Held: ABCDx44@38.03 ABACx44@38.03 ACCOx44@38.03 ACADx44@38.03 ADBEx44@38.03 
Value: 8370.00
Sales: ABCDx44@38.03 ABACx44@38.03 ACCOx44@38.03 ACADx44@38.03 ADBEx44@38.03 
Purchases: ABCDx44@38.03 ABACx44@38.03 ACCOx44@38.03 ACADx44@38.03 ADBEx44@38.03 

2011-11-08
Cash: 3.12
Held: ABCDx44@37.41 ABACx44@37.41 ACCOx44@37.41 ACADx44@37.41 ADBEx44@37.41 
Value: 8232.50
Sales: ABCDx44@37.41 ABACx44@37.41 ACCOx44@37.41 ACADx44@37.41 ADBEx44@37.41 
Purchases: ABCDx44@37.41 ABACx44@37.41 ACCOx44@37.41 ACADx44@37.41 ADBEx44@37.41 

2011-11-09
Cash: 3.12
Held: ABCDx44@36.91 ABACx44@36.91 ACCOx44@36.91 ACADx44@36.91 ADBEx44@36.91 
Value: 8122.50
Sales: ABCDx44@36.91 ABACx44@36.91 ACCOx44@36.91 ACADx44@36.91 ADBEx44@36.91 
Purchases: ABCDx44@36.91 ABACx44@36.91 ACCOx44@36.91 ACADx44@36.91 ADBEx44@36.91 

2011-11-10
Cash: 3.12
Held: ABCDx44@37.59 ABACx44@37.59 ACCOx44@37.59 ACADx44@37.59 ADBEx44@37.59 
Value: 8273.75
Sales: ABCDx44@37.59 ABACx44@37.59 ACCOx44@37.59 ACADx44@37.59 ADBEx44@37.59 
Purchases: ABCDx44@37.59 ABACx44@37.59 ACCOx44@37.59 ACADx44@37.59 ADBEx44@37.59 

2011-11-13
Cash: 3.12
Held: ABCDx44@37.12 ABACx44@37.12 ACCOx44@37.12 ACADx44@37.12 ADBEx44@37.12 
Value: 8170.62
Sales: ABCDx44@37.12 ABACx44@37.12 ACCOx44@37.12 ACADx44@37.12 ADBEx44@37.12 
Purchases: ABCDx44@37.12 ABACx44@37.12 ACCOx44@37.12 ACADx44@37.12 ADBEx44@37.12 

2011-11-14
Cash: 3.12
Held: ABCDx44@37.97 ABACx44@37.97 ACCOx44@37.97 ACADx44@37.97 ADBEx44@37.97 
Value: 8356.25
Sales: ABCDx44@37.97 ABACx44@37.97 ACCOx44@37.97 ACADx44@37.97 ADBEx44@37.97 
Purchases: ABCDx44@37.97 ABACx44@37.97 ACCOx44@37.97 ACADx44@37.97 ADBEx44@37.97 

2011-11-15
Cash: 3.12
Held: ABCDx44@37.34 ABACx44@37.34 ACCOx44@37.34 ACADx44@37.34 ADBEx44@37.34 
Value: 8218.75
Sales: ABCDx44@37.34 ABACx44@37.34 ACCOx44@37.34 ACADx44@37.34 ADBEx44@37.34 
Purchases: ABCDx44@37.34 ABACx44@37.34 ACCOx44@37.34 ACADx44@37.34 ADBEx44@37.34 

2011-11-16
Cash: 3.12
Held: ABCDx44@38.34 ABACx44@38.34 ACCOx44@38.34 ACADx44@38.34 ADBEx44@38.34 
Value: 8438.75
Sales: ABCDx44@38.34 ABACx44@38.34 ACCOx44@38.34 ACADx44@38.34 ADBEx44@38.34 
Purchases: ABCDx44@38.34 ABACx44@38.34 ACCOx44@38.34 ACADx44@38.34 ADBEx44@38.34 

2011-11-17
Cash: 3.12
Held: ABCDx44@37.50 ABACx44@37.50 ACCOx44@37.50 ACADx44@37.50 ADBEx44@37.50 
Value: 8253.12
Sales: ABCDx44@37.50 ABACx44@37.50 ACCOx44@37.50 ACADx44@37.50 ADBEx44@37.50 
Purchases: ABCDx44@37.50 ABACx44@37.50 ACCOx44@37.50 ACADx44@37.50 ADBEx44@37.50 

2011-11-20
Cash: 3.12
Held: ABCDx44@35.81 ABACx44@35.81 ACCOx44@35.81 ACADx44@35.81 ADBEx44@35.81 
Value: 7881.88
Sales: ABCDx44@35.81 ABACx44@35.81 ACCOx44@35.81 ACADx44@35.81 ADBEx44@35.81 
Purchases: ABCDx44@35.81 ABACx44@35.81 ACCOx44@35.81 ACADx44@35.81 ADBEx44@35.81 

2011-11-21
Cash: 3.12
Held: ABCDx44@35.62 ABACx44@35.62 ACCOx44@35.62 ACADx44@35.62 ADBEx44@35.62 
Value: 7840.62
Sales: ABCDx44@35.62 ABACx44@35.62 ACCOx44@35.62 ACADx44@35.62 ADBEx44@35.62 
Purchases: ABCDx44@35.62 ABACx44@35.62 ACCOx44@35.62 ACADx44@35.62 ADBEx44@35.62 

2011-11-22
Cash: 3.12
Held: ABCDx44@35.00 ABACx44@35.00 ACCOx44@35.00 ACADx44@35.00 ADBEx44@35.00 
Value: 7703.12
Sales: ABCDx44@35.00 ABACx44@35.00 ACCOx44@35.00 ACADx44@35.00 ADBEx44@35.00 
Purchases: ABCDx44@35.00 ABACx44@35.00 ACCOx44@35.00 ACADx44@35.00 ADBEx44@35.00 

2011-11-24
Cash: 3.12
Held: ABCDx44@33.41 ABACx44@33.41 ACCOx44@33.41 ACADx44@33.41 ADBEx44@33.41 
Value: 7352.50
Sales: ABCDx44@33.41 ABACx44@33.41 ACCOx44@33.41 ACADx44@33.41 ADBEx44@33.41 
Purchases: ABCDx44@33.41 ABACx44@33.41 ACCOx44@33.41 ACADx44@33.41 ADBEx44@33.41 

2011-11-27
Cash: 3.12
Held: ABCDx44@35.12 ABACx44@35.12 ACCOx44@35.12 ACADx44@35.12 ADBEx44@35.12 
Value: 7730.62
Sales: ABCDx44@35.12 ABACx44@35.12 ACCOx44@35.12 ACADx44@35.12 ADBEx44@35.12 
Purchases: ABCDx44@35.12 ABACx44@35.12 ACCOx44@35.12 ACADx44@35.12 ADBEx44@35.12 

2011-11-28
Cash: 3.12
Held: ABCDx44@35.38 ABACx44@35.38 ACCOx44@35.38 ACADx44@35.38 ADBEx44@35.38 
Value: 7785.62
Sales: ABCDx44@35.38 ABACx44@35.38 ACCOx44@35.38 ACADx44@35.38 ADBEx44@35.38 
Purchases: ABCDx44@35.38 ABACx44@35.38 ACCOx44@35.38 ACADx44@35.38 ADBEx44@35.38 

2011-11-29
Cash: 3.12
Held: ABCDx44@36.59 ABACx44@36.59 ACCOx44@36.59 ACADx44@36.59 ADBEx44@36.59 
Value: 8053.75
Sales: ABCDx44@36.59 ABACx44@36.59 ACCOx44@36.59 ACADx44@36.59 ADBEx44@36.59 
Purchases: ABCDx44@36.59 ABACx44@36.59 ACCOx44@36.59 ACADx44@36.59 ADBEx44@36.59 

2011-11-30
Cash: 3.12
Held: ABCDx44@37.31 ABACx44@37.31 ACCOx44@37.31 ACADx44@37.31 ADBEx44@37.31 
Value: 8211.88
Sales: ABCDx44@37.31 ABACx44@37.31 ACCOx44@37.31 ACADx44@37.31 ADBEx44@37.31 
Purchases: ABCDx44@37.31 ABACx44@37.31 ACCOx44@37.31 ACADx44@37.31 ADBEx44@37.31 

2011-12-01
Cash: 3.12
Held: ABCDx44@38.38 ABACx44@38.38 ACCOx44@38.38 ACADx44@38.38 ADBEx44@38.38 
Value: 8445.62
Sales: ABCDx44@38.38 ABACx44@38.38 ACCOx44@38.38 ACADx44@38.38 ADBEx44@38.38 
Purchases: ABCDx44@38.38 ABACx44@38.38 ACCOx44@38.38 ACADx44@38.38 ADBEx44@38.38 

2011-12-04
Cash: 3.12
Held: ABCDx44@37.53 ABACx44@37.53 ACCOx44@37.53 ACADx44@37.53 ADBEx44@37.53 
Value: 8260.00
Sales: ABCDx44@37.53 ABACx44@37.53 ACCOx44@37.53 ACADx44@37.53 ADBEx44@37.53 
Purchases: ABCDx44@37.53 ABACx44@37.53 ACCOx44@37.53 ACADx44@37.53 ADBEx44@37.53 

2011-12-05
Cash: 3.12
Held: ABCDx44@37.12 ABACx44@37.12 ACCOx44@37.12 ACADx44@37.12 ADBEx44@37.12 
Value: 8170.62
Sales: ABCDx44@37.12 ABACx44@37.12 ACCOx44@37.12 ACADx44@37.12 ADBEx44@37.12 
Purchases: ABCDx44@37.12 ABACx44@37.12 ACCOx44@37.12 ACADx44@37.12 ADBEx44@37.12 

2011-12-06
Cash: 3.12
Held: ABCDx44@36.66 ABACx44@36.66 ACCOx44@36.66 ACADx44@36.66 ADBEx44@36.66 
Value: 8067.50
Sales: ABCDx44@36.66 ABACx44@36.66 ACCOx44@36.66 ACADx44@36.66 ADBEx44@36.66 
Purchases: ABCDx44@36.66 ABACx44@36.66 ACCOx44@36.66 ACADx44@36.66 ADBEx44@36.66 

2011-12-07
Cash: 3.12
Held: ABCDx44@36.22 ABACx44@36.22 ACCOx44@36.22 ACADx44@36.22 ADBEx44@36.22 
Value: 7971.25
Sales: ABCDx44@36.22 ABACx44@36.22 ACCOx44@36.22 ACADx44@36.22 ADBEx44@36.22 
Purchases: ABCDx44@36.22 ABACx44@36.22 ACCOx44@36.22 ACADx44@36.22 ADBEx44@36.22 

2011-12-08
Cash: 3.12
Held: ABCDx44@34.84 ABACx44@34.84 ACCOx44@34.84 ACADx44@34.84 ADBEx44@34.84 
Value: 7668.75
Sales: ABCDx44@34.84 ABACx44@34.84 ACCOx44@34.84 ACADx44@34.84 ADBEx44@34.84 
Purchases: ABCDx44@34.84 ABACx44@34.84 ACCOx44@34.84 ACADx44@34.84 ADBEx44@34.84 

2011-12-11
Cash: 3.12
Held: ABCDx44@34.81 ABACx44@34.81 ACCOx44@34.81 ACADx44@34.81 ADBEx44@34.81 
Value: 7661.88
Sales: ABCDx44@34.81 ABACx44@34.81 ACCOx44@34.81 ACADx44@34.81 ADBEx44@34.81 
Purchases: ABCDx44@34.81 ABACx44@34.81 ACCOx44@34.81 ACADx44@34.81 ADBEx44@34.81 

2011-12-12
Cash: 3.12
Held: ABCDx44@34.06 ABACx44@34.06 ACCOx44@34.06 ACADx44@34.06 ADBEx44@34.06 
Value: 7496.88
Sales: ABCDx44@34.06 ABACx44@34.06 ACCOx44@34.06 ACADx44@34.06 ADBEx44@34.06 
Purchases: ABCDx44@34.06 ABACx44@34.06 ACCOx44@34.06 ACADx44@34.06 ADBEx44@34.06 

2011-12-13
Cash: 3.12
Held: ABCDx44@33.00 ABACx44@33.00 ACCOx44@33.00 ACADx44@33.00 ADBEx44@33.00 
Value: 7263.12
Sales: ABCDx44@33.00 ABACx44@33.00 ACCOx44@33.00 ACADx44@33.00 ADBEx44@33.00 
Purchases: ABCDx44@33.00 ABACx44@33.00 ACCOx44@33.00 ACADx44@33.00 ADBEx44@33.00 

2011-12-14
Cash: 3.12
Held: ABCDx44@33.53 ABACx44@33.53 ACCOx44@33.53 ACADx44@33.53 ADBEx44@33.53 
Value: 7380.00
Sales: ABCDx44@33.53 ABACx44@33.53 ACCOx44@33.53 ACADx44@33.53 ADBEx44@33.53 
Purchases: ABCDx44@33.53 ABACx44@33.53 ACCOx44@33.53 ACADx44@33.53 ADBEx44@33.53 

2011-12-15
Cash: 3.12
Held: ABCDx44@33.72 ABACx44@33.72 ACCOx44@33.72 ACADx44@33.72 ADBEx44@33.72 
Value: 7421.25
Sales: ABCDx44@33.72 ABACx44@33.72 ACCOx44@33.72 ACADx44@33.72 ADBEx44@33.72 
Purchases: ABCDx44@33.72 ABACx44@33.72 ACCOx44@33.72 ACADx44@33.72 ADBEx44@33.72 

2011-12-18
Cash: 3.12
Held: ABCDx44@33.62 ABACx44@33.62 ACCOx44@33.62 ACADx44@33.62 ADBEx44@33.62 
Value: 7400.62
Sales: ABCDx44@33.62 ABACx44@33.62 ACCOx44@33.62 ACADx44@33.62 ADBEx44@33.62 
Purchases: ABCDx44@33.62 ABACx44@33.62 ACCOx44@33.62 ACADx44@33.62 ADBEx44@33.62 

2011-12-19
Cash: 3.12
Held: ABCDx44@34.00 ABACx44@34.00 ACCOx44@34.00 ACADx44@34.00 ADBEx44@34.00 
Value: 7483.12
Sales: ABCDx44@34.00 ABACx44@34.00 ACCOx44@34.00 ACADx44@34.00 ADBEx44@34.00 
Purchases: ABCDx44@34.00 ABACx44@34.00 ACCOx44@34.00 ACADx44@34.00 ADBEx44@34.00 

2011-12-20
Cash: 3.12
Held: ABCDx44@34.44 ABACx44@34.44 ACCOx44@34.44 ACADx44@34.44 ADBEx44@34.44 
Value: 7579.38
Sales: ABCDx44@34.44 ABACx44@34.44 ACCOx44@34.44 ACADx44@34.44 ADBEx44@34.44 
Purchases: ABCDx44@34.44 ABACx44@34.44 ACCOx44@34.44 ACADx44@34.44 ADBEx44@34.44 

2011-12-21
Cash: 3.12
Held: ABCDx44@33.91 ABACx44@33.91 ACCOx44@33.91 ACADx44@33.91 ADBEx44@33.91 
Value: 7462.50
Sales: ABCDx44@33.91 ABACx44@33.91 ACCOx44@33.91 ACADx44@33.91 ADBEx44@33.91 
Purchases: ABCDx44@33.91 ABACx44@33.91 ACCOx44@33.91 ACADx44@33.91 ADBEx44@33.91 

2011-12-22
Cash: 3.12
Held: ABCDx44@34.84 ABACx44@34.84 ACCOx44@34.84 ACADx44@34.84 ADBEx44@34.84 
Value: 7668.75
Sales: ABCDx44@34.84 ABACx44@34.84 ACCOx44@34.84 ACADx44@34.84 ADBEx44@34.84 
Purchases: ABCDx44@34.84 ABACx44@34.84 ACCOx44@34.84 ACADx44@34.84 ADBEx44@34.84 

2011-12-26
Cash: 3.12
Held: ABCDx44@35.19 ABACx44@35.19 ACCOx44@35.19 ACADx44@35.19 ADBEx44@35.19 
Value: 7744.38
Sales: ABCDx44@35.19 ABACx44@35.19 ACCOx44@35.19 ACADx44@35.19 ADBEx44@35.19 
Purchases: ABCDx44@35.19 ABACx44@35.19 ACCOx44@35.19 ACADx44@35.19 ADBEx44@35.19 

2011-12-27
Cash: 3.12
Held: ABCDx44@35.25 ABACx44@35.25 ACCOx44@35.25 ACADx44@35.25 ADBEx44@35.25 
Value: 7758.12
Sales: ABCDx44@35.25 ABACx44@35.25 ACCOx44@35.25 ACADx44@35.25 ADBEx44@35.25 
Purchases: ABCDx44@35.25 ABACx44@35.25 ACCOx44@35.25 ACADx44@35.25 ADBEx44@35.25 

2011-12-28
Cash: 3.12
Held: ABCDx44@34.12 ABACx44@34.12 ACCOx44@34.12 ACADx44@34.12 ADBEx44@34.12 
Value: 7510.62
Sales: ABCDx44@34.12 ABACx44@34.12 ACCOx44@34.12 ACADx44@34.12 ADBEx44@34.12 
Purchases: ABCDx44@34.12 ABACx44@34.12 ACCOx44@34.12 ACADx44@34.12 ADBEx44@34.12 

2011-12-29
Cash: 3.12
Held: ABCDx44@34.94 ABACx44@34.94 ACCOx44@34.94 ACADx44@34.94 ADBEx44@34.94 
Value: 7689.38
Sales: ABCDx44@34.94 ABACx44@34.94 ACCOx44@34.94 ACADx44@34.94 ADBEx44@34.94 
Purchases: ABCDx44@34.94 ABACx44@34.94 ACCOx44@34.94 ACADx44@34.94 ADBEx44@34.94 

2012-01-02
Cash: 3.12
Held: ABCDx44@35.84 ABACx44@35.84 ACCOx44@35.84 ACADx44@35.84 ADBEx44@35.84 
Value: 7888.75
Sales: ABCDx44@35.84 ABACx44@35.84 ACCOx44@35.84 ACADx44@35.84 ADBEx44@35.84 
Purchases: ABCDx44@35.84 ABACx44@35.84 ACCOx44@35.84 ACADx44@35.84 ADBEx44@35.84 

2012-01-03
Cash: 3.12
Held: ABCDx44@36.16 ABACx44@36.16 ACCOx44@36.16 ACADx44@36.16 ADBEx44@36.16 
Value: 7957.50
Sales: ABCDx44@36.16 ABACx44@36.16 ACCOx44@36.16 ACADx44@36.16 ADBEx44@36.16 
Purchases: ABCDx44@36.16 ABACx44@36.16 ACCOx44@36.16 ACADx44@36.16 ADBEx44@36.16 

2012-01-04
Cash: 3.12
Held: ABCDx44@35.88 ABACx44@35.88 ACCOx44@35.88 ACADx44@35.88 ADBEx44@35.88 
Value: 7895.62
Sales: ABCDx44@35.88 ABACx44@35.88 ACCOx44@35.88 ACADx44@35.88 ADBEx44@35.88 
Purchases: ABCDx44@35.88 ABACx44@35.88 ACCOx44@35.88 ACADx44@35.88 ADBEx44@35.88 

2012-01-05
Cash: 3.12
Held: ABCDx44@37.09 ABACx44@37.09 ACCOx44@37.09 ACADx44@37.09 ADBEx44@37.09 
Value: 8163.75
Sales: ABCDx44@37.09 ABACx44@37.09 ACCOx44@37.09 ACADx44@37.09 ADBEx44@37.09 
Purchases: ABCDx44@37.09 ABACx44@37.09 ACCOx44@37.09 ACADx44@37.09 ADBEx44@37.09 

2012-01-08
Cash: 3.12
Held: ABCDx44@37.62 ABACx44@37.62 ACCOx44@37.62 ACADx44@37.62 ADBEx44@37.62 
Value: 8280.62
Sales: ABCDx44@37.62 ABACx44@37.62 ACCOx44@37.62 ACADx44@37.62 ADBEx44@37.62 
Purchases: ABCDx44@37.62 ABACx44@37.62 ACCOx44@37.62 ACADx44@37.62 ADBEx44@37.62 

2012-01-09
Cash: 3.12
Held: ABCDx44@38.81 ABACx44@38.81 ACCOx44@38.81 ACADx44@38.81 ADBEx44@38.81 
Value: 8541.88
Sales: ABCDx44@38.81 ABACx44@38.81 ACCOx44@38.81 ACADx44@38.81 ADBEx44@38.81 
Purchases: ABCDx44@38.81 ABACx44@38.81 ACCOx44@38.81 ACADx44@38.81 ADBEx44@38.81 

2012-01-10
Cash: 3.12
Held: ABCDx44@38.88 ABACx44@38.88 ACCOx44@38.88 ACADx44@38.88 ADBEx44@38.88 
Value: 8555.62
Sales: ABCDx44@38.88 ABACx44@38.88 ACCOx44@38.88 ACADx44@38.88 ADBEx44@38.88 
Purchases: ABCDx44@38.88 ABACx44@38.88 ACCOx44@38.88 ACADx44@38.88 ADBEx44@38.88 

2012-01-11
Cash: 3.12
Held: ABCDx44@39.12 ABACx44@39.12 ACCOx44@39.12 ACADx44@39.12 ADBEx44@39.12 
Value: 8610.62
Sales: ABCDx44@39.12 ABACx44@39.12 ACCOx44@39.12 ACADx44@39.12 ADBEx44@39.12 
Purchases: ABCDx44@39.12 ABACx44@39.12 ACCOx44@39.12 ACADx44@39.12 ADBEx44@39.12 

2012-01-12
Cash: 3.12
Held: ABCDx44@39.06 ABACx44@39.06 ACCOx44@39.06 ACADx44@39.06 ADBEx44@39.06 
Value: 8596.88
Sales: ABCDx44@39.06 ABACx44@39.06 ACCOx44@39.06 ACADx44@39.06 ADBEx44@39.06 
Purchases: ABCDx44@39.06 ABACx44@39.06 ACCOx44@39.06 ACADx44@39.06 ADBEx44@39.06 

2012-01-16
Cash: 3.12
Held: ABCDx44@39.75 ABACx44@39.75 ACCOx44@39.75 ACADx44@39.75 ADBEx44@39.75 
Value: 8748.12
Sales: ABCDx44@39.75 ABACx44@39.75 ACCOx44@39.75 ACADx44@39.75 ADBEx44@39.75 
Purchases: ABCDx44@39.75 ABACx44@39.75 ACCOx44@39.75 ACADx44@39.75 ADBEx44@39.75 

2012-01-17
Cash: 3.12
Held: ABCDx44@40.00 ABACx44@40.00 ACCOx44@40.00 ACADx44@40.00 ADBEx44@40.00 
Value: 8803.12
Sales: ABCDx44@40.00 ABACx44@40.00 ACCOx44@40.00 ACADx44@40.00 ADBEx44@40.00 
Purchases: ABCDx44@40.00 ABACx44@40.00 ACCOx44@40.00 ACADx44@40.00 ADBEx44@40.00 

2012-01-18
Cash: 3.12
Held: ABCDx44@41.38 ABACx44@41.38 ACCOx44@41.38 ACADx44@41.38 ADBEx44@41.38 
Value: 9105.62
Sales: ABCDx44@41.38 ABACx44@41.38 ACCOx44@41.38 ACADx44@41.38 ADBEx44@41.38 
Purchases: ABCDx44@41.38 ABACx44@41.38 ACCOx44@41.38 ACADx44@41.38 ADBEx44@41.38 

2012-01-19
Cash: 3.12
Held: ABCDx44@41.78 ABACx44@41.78 ACCOx44@41.78 ACADx44@41.78 ADBEx44@41.78 
Value: 9195.00
Sales: ABCDx44@41.78 ABACx44@41.78 ACCOx44@41.78 ACADx44@41.78 ADBEx44@41.78 
Purchases: ABCDx44@41.78 ABACx44@41.78 ACCOx44@41.78 ACADx44@41.78 ADBEx44@41.78 

2012-01-22
Cash: 3.12
Held: ABCDx44@40.88 ABACx44@40.88 ACCOx44@40.88 ACADx44@40.88 ADBEx44@40.88 
Value: 8995.62
Sales: ABCDx44@40.88 ABACx44@40.88 ACCOx44@40.88 ACADx44@40.88 ADBEx44@40.88 
Purchases: ABCDx44@40.88 ABACx44@40.88 ACCOx44@40.88 ACADx44@40.88 ADBEx44@40.88 

2012-01-23
Cash: 3.12
Held: ABCDx44@40.91 ABACx44@40.91 ACCOx44@40.91 ACADx44@40.91 ADBEx44@40.91 
Value: 9002.50
Sales: ABCDx44@40.91 ABACx44@40.91 ACCOx44@40.91 ACADx44@40.91 ADBEx44@40.91 
Purchases: ABCDx44@40.91 ABACx44@40.91 ACCOx44@40.91 ACADx44@40.91 ADBEx44@40.91 

2012-01-24
Cash: 3.12
Held: ABCDx44@42.88 ABACx44@42.88 ACCOx44@42.88 ACADx44@42.88 ADBEx44@42.88 
Value: 9435.62
Sales: ABCDx44@42.88 ABACx44@42.88 ACCOx44@42.88 ACADx44@42.88 ADBEx44@42.88 
Purchases: ABCDx44@42.88 ABACx44@42.88 ACCOx44@42.88 ACADx44@42.88 ADBEx44@42.88 

2012-01-25
Cash: 3.12
Held: ABCDx44@44.28 ABACx44@44.28 ACCOx44@44.28 ACADx44@44.28 ADBEx44@44.28 
Value: 9745.00
Sales: ABCDx44@44.28 ABACx44@44.28 ACCOx44@44.28 ACADx44@44.28 ADBEx44@44.28 
Purchases: ABCDx44@44.28 ABACx44@44.28 ACCOx44@44.28 ACADx44@44.28 ADBEx44@44.28 

2012-01-26
Cash: 3.12
Held: ABCDx44@42.38 ABACx44@42.38 ACCOx44@42.38 ACADx44@42.38 ADBEx44@42.38 
Value: 9325.62
Sales: ABCDx44@42.38 ABACx44@42.38 ACCOx44@42.38 ACADx44@42.38 ADBEx44@42.38 
Purchases: ABCDx44@42.38 ABACx44@42.38 ACCOx44@42.38 ACADx44@42.38 ADBEx44@42.38 

2012-01-29
Cash: 3.12
Held: ABCDx44@41.94 ABACx44@41.94 ACCOx44@41.94 ACADx44@41.94 ADBEx44@41.94 
Value: 9229.38
Sales: ABCDx44@41.94 ABACx44@41.94 ACCOx44@41.94 ACADx44@41.94 ADBEx44@41.94 
Purchases: ABCDx44@41.94 ABACx44@41.94 ACCOx44@41.94 ACADx44@41.94 ADBEx44@41.94 

2012-01-30
Cash: 3.12
Held: ABCDx44@43.34 ABACx44@43.34 ACCOx44@43.34 ACADx44@43.34 ADBEx44@43.34 
Value: 9538.75
Sales: ABCDx44@43.34 ABACx44@43.34 ACCOx44@43.34 ACADx44@43.34 ADBEx44@43.34 
Purchases: ABCDx44@43.34 ABACx44@43.34 ACCOx44@43.34 ACADx44@43.34 ADBEx44@43.34 

2012-01-31
Cash: 3.12
Held: ABCDx44@43.09 ABACx44@43.09 ACCOx44@43.09 ACADx44@43.09 ADBEx44@43.09 
Value: 9483.75
Sales: ABCDx44@43.09 ABACx44@43.09 ACCOx44@43.09 ACADx44@43.09 ADBEx44@43.09 
Purchases: ABCDx44@43.09 ABACx44@43.09 ACCOx44@43.09 ACADx44@43.09 ADBEx44@43.09 

2012-02-01
Cash: 3.12
Held: ABCDx44@44.22 ABACx44@44.22 ACCOx44@44.22 ACADx44@44.22 ADBEx44@44.22 
Value: 9731.25
Sales: ABCDx44@44.22 ABACx44@44.22 ACCOx44@44.22 ACADx44@44.22 ADBEx44@44.22 
Purchases: ABCDx44@44.22 ABACx44@44.22 ACCOx44@44.22 ACADx44@44.22 ADBEx44@44.22 

2012-02-02
Cash: 3.12
Held: ABCDx44@44.41 ABACx44@44.41 ACCOx44@44.41 ACADx44@44.41 ADBEx44@44.41 
Value: 9772.50
Sales: ABCDx44@44.41 ABACx44@44.41 ACCOx44@44.41 ACADx44@44.41 ADBEx44@44.41 
Purchases: ABCDx44@44.41 ABACx44@44.41 ACCOx44@44.41 ACADx44@44.41 ADBEx44@44.41 

2012-02-05
Cash: 3.12
Held: ABCDx44@44.75 ABACx44@44.75 ACCOx44@44.75 ACADx44@44.75 ADBEx44@44.75 
Value: 9848.12
Sales: ABCDx44@44.75 ABACx44@44.75 ACCOx44@44.75 ACADx44@44.75 ADBEx44@44.75 
Purchases: ABCDx44@44.75 ABACx44@44.75 ACCOx44@44.75 ACADx44@44.75 ADBEx44@44.75 

2012-02-06
Cash: 3.12
Held: ABCDx44@44.75 ABACx44@44.75 ACCOx44@44.75 ACADx44@44.75 ADBEx44@44.75 
Value: 9848.12
Sales: ABCDx44@44.75 ABACx44@44.75 ACCOx44@44.75 ACADx44@44.75 ADBEx44@44.75 
Purchases: ABCDx44@44.75 ABACx44@44.75 ACCOx44@44.75 ACADx44@44.75 ADBEx44@44.75 

2012-02-07
Cash: 3.12
Held: ABCDx44@44.69 ABACx44@44.69 ACCOx44@44.69 ACADx44@44.69 ADBEx44@44.69 
Value: 9834.38
Sales: ABCDx44@44.69 ABACx44@44.69 ACCOx44@44.69 ACADx44@44.69 ADBEx44@44.69 
Purchases: ABCDx44@44.69 ABACx44@44.69 ACCOx44@44.69 ACADx44@44.69 ADBEx44@44.69 

2012-02-08
Cash: 3.12
Held: ABCDx44@45.00 ABACx44@45.00 ACCOx44@45.00 ACADx44@45.00 ADBEx44@45.00 
Value: 9903.12
Sales: ABCDx44@45.00 ABACx44@45.00 ACCOx44@45.00 ACADx44@45.00 ADBEx44@45.00 
Purchases: ABCDx44@45.00 ABACx44@45.00 ACCOx44@45.00 ACADx44@45.00 ADBEx44@45.00 

2012-02-09
Cash: 3.12
Held: ABCDx44@44.25 ABACx44@44.25 ACCOx44@44.25 ACADx44@44.25 ADBEx44@44.25 
Value: 9738.12
Sales: ABCDx44@44.25 ABACx44@44.25 ACCOx44@44.25 ACADx44@44.25 ADBEx44@44.25 
Purchases: ABCDx44@44.25 ABACx44@44.25 ACCOx44@44.25 ACADx44@44.25 ADBEx44@44.25 

2012-02-12
Cash: 3.12
Held: ABCDx44@44.69 ABACx44@44.69 ACCOx44@44.69 ACADx44@44.69 ADBEx44@44.69 
Value: 9834.38
Sales: ABCDx44@44.69 ABACx44@44.69 ACCOx44@44.69 ACADx44@44.69 ADBEx44@44.69 
Purchases: ABCDx44@44.69 ABACx44@44.69 ACCOx44@44.69 ACADx44@44.69 ADBEx44@44.69 

2012-02-13
Cash: 3.12
Held: ABCDx44@43.75 ABACx44@43.75 ACCOx44@43.75 ACADx44@43.75 ADBEx44@43.75 
Value: 9628.12
Sales: ABCDx44@43.75 ABACx44@43.75 ACCOx44@43.75 ACADx44@43.75 ADBEx44@43.75 
Purchases: ABCDx44@43.75 ABACx44@43.75 ACCOx44@43.75 ACADx44@43.75 ADBEx44@43.75 

2012-02-14
Cash: 3.12
Held: ABCDx44@44.50 ABACx44@44.50 ACCOx44@44.50 ACADx44@44.50 ADBEx44@44.50 
Value: 9793.12
Sales: ABCDx44@44.50 ABACx44@44.50 ACCOx44@44.50 ACADx44@44.50 ADBEx44@44.50 
Purchases: ABCDx44@44.50 ABACx44@44.50 ACCOx44@44.50 ACADx44@44.50 ADBEx44@44.50 

2012-02-15
Cash: 3.12
Held: ABCDx44@43.00 ABACx44@43.00 ACCOx44@43.00 ACADx44@43.00 ADBEx44@43.00 
Value: 9463.12
Sales: ABCDx44@43.00 ABACx44@43.00 ACCOx44@43.00 ACADx44@43.00 ADBEx44@43.00 
Purchases: ABCDx44@43.00 ABACx44@43.00 ACCOx44@43.00 ACADx44@43.00 ADBEx44@43.00 

2012-02-16
Cash: 3.12
Held: ABCDx44@44.03 ABACx44@44.03 ACCOx44@44.03 ACADx44@44.03 ADBEx44@44.03 
Value: 9690.00
Sales: ABCDx44@44.03 ABACx44@44.03 ACCOx44@44.03 ACADx44@44.03 ADBEx44@44.03 
Purchases: ABCDx44@44.03 ABACx44@44.03 ACCOx44@44.03 ACADx44@44.03 ADBEx44@44.03 

2012-02-20
Cash: 3.12
Held: ABCDx44@43.28 ABACx44@43.28 ACCOx44@43.28 ACADx44@43.28 ADBEx44@43.28 
Value: 9525.00
Sales: ABCDx44@43.28 ABACx44@43.28 ACCOx44@43.28 ACADx44@43.28 ADBEx44@43.28 
Purchases: ABCDx44@43.28 ABACx44@43.28 ACCOx44@43.28 ACADx44@43.28 ADBEx44@43.28 

2012-02-21
Cash: 3.12
Held: ABCDx44@42.56 ABACx44@42.56 ACCOx44@42.56 ACADx44@42.56 ADBEx44@42.56 
Value: 9366.88
Sales: ABCDx44@42.56 ABACx44@42.56 ACCOx44@42.56 ACADx44@42.56 ADBEx44@42.56 
Purchases: ABCDx44@42.56 ABACx44@42.56 ACCOx44@42.56 ACADx44@42.56 ADBEx44@42.56 

2012-02-22
Cash: 3.12
Held: ABCDx44@42.72 ABACx44@42.72 ACCOx44@42.72 ACADx44@42.72 ADBEx44@42.72 
Value: 9401.25
Sales: ABCDx44@42.72 ABACx44@42.72 ACCOx44@42.72 ACADx44@42.72 ADBEx44@42.72 
Purchases: ABCDx44@42.72 ABACx44@42.72 ACCOx44@42.72 ACADx44@42.72 ADBEx44@42.72 

2012-02-23
Cash: 3.12
Held: ABCDx44@43.53 ABACx44@43.53 ACCOx44@43.53 ACADx44@43.53 ADBEx44@43.53 
Value: 9580.00
Sales: ABCDx44@43.53 ABACx44@43.53 ACCOx44@43.53 ACADx44@43.53 ADBEx44@43.53 
Purchases: ABCDx44@43.53 ABACx44@43.53 ACCOx44@43.53 ACADx44@43.53 ADBEx44@43.53 

2012-02-26
Cash: 3.12
Held: ABCDx44@42.72 ABACx44@42.72 ACCOx44@42.72 ACADx44@42.72 ADBEx44@42.72 
Value: 9401.25
Sales: ABCDx44@42.72 ABACx44@42.72 ACCOx44@42.72 ACADx44@42.72 ADBEx44@42.72 
Purchases: ABCDx44@42.72 ABACx44@42.72 ACCOx44@42.72 ACADx44@42.72 ADBEx44@42.72 

2012-02-27
Cash: 3.12
Held: ABCDx44@43.50 ABACx44@43.50 ACCOx44@43.50 ACADx44@43.50 ADBEx44@43.50 
Value: 9573.12
Sales: ABCDx44@43.50 ABACx44@43.50 ACCOx44@43.50 ACADx44@43.50 ADBEx44@43.50 
Purchases: ABCDx44@43.50 ABACx44@43.50 ACCOx44@43.50 ACADx44@43.50 ADBEx44@43.50 

2012-02-28
Cash: 3.12
Held: ABCDx44@43.81 ABACx44@43.81 ACCOx44@43.81 ACADx44@43.81 ADBEx44@43.81 
Value: 9641.88
Sales: ABCDx44@43.81 ABACx44@43.81 ACCOx44@43.81 ACADx44@43.81 ADBEx44@43.81 
Purchases: ABCDx44@43.81 ABACx44@43.81 ACCOx44@43.81 ACADx44@43.81 ADBEx44@43.81 

2012-02-29
Cash: 3.12
Held: ABCDx44@43.75 ABACx44@43.75 ACCOx44@43.75 ACADx44@43.75 ADBEx44@43.75 
Value: 9628.12
Sales: ABCDx44@43.75 ABACx44@43.75 ACCOx44@43.75 ACADx44@43.75 ADBEx44@43.75 
Purchases: ABCDx44@43.75 ABACx44@43.75 ACCOx44@43.75 ACADx44@43.75 ADBEx44@43.75 

2012-03-01
Cash: 3.12
Held: ABCDx44@44.16 ABACx44@44.16 ACCOx44@44.16 ACADx44@44.16 ADBEx44@44.16 
Value: 9717.50
Sales: ABCDx44@44.16 ABACx44@44.16 ACCOx44@44.16 ACADx44@44.16 ADBEx44@44.16 
Purchases: ABCDx44@44.16 ABACx44@44.16 ACCOx44@44.16 ACADx44@44.16 ADBEx44@44.16 

2012-03-04
Cash: 3.12
Held: ABCDx44@43.59 ABACx44@43.59 ACCOx44@43.59 ACADx44@43.59 ADBEx44@43.59 
Value: 9593.75
Sales: ABCDx44@43.59 ABACx44@43.59 ACCOx44@43.59 ACADx44@43.59 ADBEx44@43.59 
Purchases: ABCDx44@43.59 ABACx44@43.59 ACCOx44@43.59 ACADx44@43.59 ADBEx44@43.59 

2012-03-05
Cash: 3.12
Held: ABCDx44@42.28 ABACx44@42.28 ACCOx44@42.28 ACADx44@42.28 ADBEx44@42.28 
Value: 9305.00
Sales: ABCDx44@42.28 ABACx44@42.28 ACCOx44@42.28 ACADx44@42.28 ADBEx44@42.28 
Purchases: ABCDx44@42.28 ABACx44@42.28 ACCOx44@42.28 ACADx44@42.28 ADBEx44@42.28 

2012-03-06
Cash: 3.12
Held: ABCDx44@42.47 ABACx44@42.47 ACCOx44@42.47 ACADx44@42.47 ADBEx44@42.47 
Value: 9346.25
Sales: ABCDx44@42.47 ABACx44@42.47 ACCOx44@42.47 ACADx44@42.47 ADBEx44@42.47 
Purchases: ABCDx44@42.47 ABACx44@42.47 ACCOx44@42.47 ACADx44@42.47 ADBEx44@42.47 

2012-03-07
Cash: 3.12
Held: ABCDx44@43.91 ABACx44@43.91 ACCOx44@43.91 ACADx44@43.91 ADBEx44@43.91 
Value: 9662.50
Sales: ABCDx44@43.91 ABACx44@43.91 ACCOx44@43.91 ACADx44@43.91 ADBEx44@43.91 
Purchases: ABCDx44@43.91 ABACx44@43.91 ACCOx44@43.91 ACADx44@43.91 ADBEx44@43.91 

2012-03-08
Cash: 3.12
Held: ABCDx44@44.25 ABACx44@44.25 ACCOx44@44.25 ACADx44@44.25 ADBEx44@44.25 
Value: 9738.12
Sales: ABCDx44@44.25 ABACx44@44.25 ACCOx44@44.25 ACADx44@44.25 ADBEx44@44.25 
Purchases: ABCDx44@44.25 ABACx44@44.25 ACCOx44@44.25 ACADx44@44.25 ADBEx44@44.25 

2012-03-11
Cash: 3.12
Held: ABCDx44@44.44 ABACx44@44.44 ACCOx44@44.44 ACADx44@44.44 ADBEx44@44.44 
Value: 9779.38
Sales: ABCDx44@44.44 ABACx44@44.44 ACCOx44@44.44 ACADx44@44.44 ADBEx44@44.44 
Purchases: ABCDx44@44.44 ABACx44@44.44 ACCOx44@44.44 ACADx44@44.44 ADBEx44@44.44 

2012-03-12
Cash: 3.12
Held: ABCDx44@43.97 ABACx44@43.97 ACCOx44@43.97 ACADx44@43.97 ADBEx44@43.97 
Value: 9676.25
Sales: ABCDx44@43.97 ABACx44@43.97 ACCOx44@43.97 ACADx44@43.97 ADBEx44@43.97 
Purchases: ABCDx44@43.97 ABACx44@43.97 ACCOx44@43.97 ACADx44@43.97 ADBEx44@43.97 

2012-03-13
Cash: 3.12
Held: ABCDx44@45.12 ABACx44@45.12 ACCOx44@45.12 ACADx44@45.12 ADBEx44@45.12 
Value: 9930.62
Sales: ABCDx44@45.12 ABACx44@45.12 ACCOx44@45.12 ACADx44@45.12 ADBEx44@45.12 
Purchases: ABCDx44@45.12 ABACx44@45.12 ACCOx44@45.12 ACADx44@45.12 ADBEx44@45.12 

2012-03-14
Cash: 3.12
Held: ABCDx44@45.09 ABACx44@45.09 ACCOx44@45.09 ACADx44@45.09 ADBEx44@45.09 
Value: 9923.75
Sales: ABCDx44@45.09 ABACx44@45.09 ACCOx44@45.09 ACADx44@45.09 ADBEx44@45.09 
Purchases: ABCDx44@45.09 ABACx44@45.09 ACCOx44@45.09 ACADx44@45.09 ADBEx44@45.09 

2012-03-15
Cash: 3.12
Held: ABCDx44@45.94 ABACx44@45.94 ACCOx44@45.94 ACADx44@45.94 ADBEx44@45.94 
Value: 10109.38
Sales: ABCDx44@45.94 ABACx44@45.94 ACCOx44@45.94 ACADx44@45.94 ADBEx44@45.94 
Purchases: ABCDx44@45.94 ABACx44@45.94 ACCOx44@45.94 ACADx44@45.94 ADBEx44@45.94 

2012-03-18
Cash: 3.12
Held: ABCDx44@45.44 ABACx44@45.44 ACCOx44@45.44 ACADx44@45.44 ADBEx44@45.44 
Value: 9999.38
Sales: ABCDx44@45.44 ABACx44@45.44 ACCOx44@45.44 ACADx44@45.44 ADBEx44@45.44 
Purchases: ABCDx44@45.44 ABACx44@45.44 ACCOx44@45.44 ACADx44@45.44 ADBEx44@45.44 

2012-03-19
Cash: 3.12
Held: ABCDx44@45.09 ABACx44@45.09 ACCOx44@45.09 ACADx44@45.09 ADBEx44@45.09 
Value: 9923.75
Sales: ABCDx44@45.09 ABACx44@45.09 ACCOx44@45.09 ACADx44@45.09 ADBEx44@45.09 
Purchases: ABCDx44@45.09 ABACx44@45.09 ACCOx44@45.09 ACADx44@45.09 ADBEx44@45.09 

2012-03-20
Cash: 3.12
Held: ABCDx44@44.88 ABACx44@44.88 ACCOx44@44.88 ACADx44@44.88 ADBEx44@44.88 
Value: 9875.62
Sales: ABCDx44@44.88 ABACx44@44.88 ACCOx44@44.88 ACADx44@44.88 ADBEx44@44.88 
Purchases: ABCDx44@44.88 ABACx44@44.88 ACCOx44@44.88 ACADx44@44.88 ADBEx44@44.88 

2012-03-21
Cash: 3.12
Held: ABCDx44@44.00 ABACx44@44.00 ACCOx44@44.00 ACADx44@44.00 ADBEx44@44.00 
Value: 9683.12
Sales: ABCDx44@44.00 ABACx44@44.00 ACCOx44@44.00 ACADx44@44.00 ADBEx44@44.00 
Purchases: ABCDx44@44.00 ABACx44@44.00 ACCOx44@44.00 ACADx44@44.00 ADBEx44@44.00 

2012-03-22
Cash: 3.12
Held: ABCDx44@43.56 ABACx44@43.56 ACCOx44@43.56 ACADx44@43.56 ADBEx44@43.56 
Value: 9586.88
Sales: ABCDx44@43.56 ABACx44@43.56 ACCOx44@43.56 ACADx44@43.56 ADBEx44@43.56 
Purchases: ABCDx44@43.56 ABACx44@43.56 ACCOx44@43.56 ACADx44@43.56 ADBEx44@43.56 

2012-03-25
Cash: 3.12
Held: ABCDx44@44.88 ABACx44@44.88 ACCOx44@44.88 ACADx44@44.88 ADBEx44@44.88 
Value: 9875.62
Sales: ABCDx44@44.88 ABACx44@44.88 ACCOx44@44.88 ACADx44@44.88 ADBEx44@44.88 
Purchases: ABCDx44@44.88 ABACx44@44.88 ACCOx44@44.88 ACADx44@44.88 ADBEx44@44.88 

2012-03-26
Cash: 3.12
Held: ABCDx44@45.06 ABACx44@45.06 ACCOx44@45.06 ACADx44@45.06 ADBEx44@45.06 
Value: 9916.88
Sales: ABCDx44@45.06 ABACx44@45.06 ACCOx44@45.06 ACADx44@45.06 ADBEx44@45.06 
Purchases: ABCDx44@45.06 ABACx44@45.06 ACCOx44@45.06 ACADx44@45.06 ADBEx44@45.06 

2012-03-27
Cash: 3.12
Held: ABCDx44@45.41 ABACx44@45.41 ACCOx44@45.41 ACADx44@45.41 ADBEx44@45.41 
Value: 9992.50
Sales: ABCDx44@45.41 ABACx44@45.41 ACCOx44@45.41 ACADx44@45.41 ADBEx44@45.41 
Purchases: ABCDx44@45.41 ABACx44@45.41 ACCOx44@45.41 ACADx44@45.41 ADBEx44@45.41 

2012-03-28
Cash: 3.12
Held: ABCDx44@44.09 ABACx44@44.09 ACCOx44@44.09 ACADx44@44.09 ADBEx44@44.09 
Value: 9703.75
Sales: ABCDx44@44.09 ABACx44@44.09 ACCOx44@44.09 ACADx44@44.09 ADBEx44@44.09 
Purchases: ABCDx44@44.09 ABACx44@44.09 ACCOx44@44.09 ACADx44@44.09 ADBEx44@44.09 

2012-03-29
Cash: 3.12
Held: ABCDx44@44.75 ABACx44@44.75 ACCOx44@44.75 ACADx44@44.75 ADBEx44@44.75 
Value: 9848.12
Sales: ABCDx44@44.75 ABACx44@44.75 ACCOx44@44.75 ACADx44@44.75 ADBEx44@44.75 
Purchases: ABCDx44@44.75 ABACx44@44.75 ACCOx44@44.75 ACADx44@44.75 ADBEx44@44.75 

2012-04-01
Cash: 3.12
Held: ABCDx44@44.50 ABACx44@44.50 ACCOx44@44.50 ACADx44@44.50 ADBEx44@44.50 
Value: 9793.12
Sales: ABCDx44@44.50 ABACx44@44.50 ACCOx44@44.50 ACADx44@44.50 ADBEx44@44.50 
Purchases: ABCDx44@44.50 ABACx44@44.50 ACCOx44@44.50 ACADx44@44.50 ADBEx44@44.50 

2012-04-02
Cash: 3.12
Held: ABCDx44@44.75 ABACx44@44.75 ACCOx44@44.75 ACADx44@44.75 ADBEx44@44.75 
Value: 9848.12
Sales: ABCDx44@44.75 ABACx44@44.75 ACCOx44@44.75 ACADx44@44.75 ADBEx44@44.75 
Purchases: ABCDx44@44.75 ABACx44@44.75 ACCOx44@44.75 ACADx44@44.75 ADBEx44@44.75 

2012-04-03
Cash: 3.12
Held: ABCDx44@44.34 ABACx44@44.34 ACCOx44@44.34 ACADx44@44.34 ADBEx44@44.34 
Value: 9758.75
Sales: ABCDx44@44.34 ABACx44@44.34 ACCOx44@44.34 ACADx44@44.34 ADBEx44@44.34 
Purchases: ABCDx44@44.34 ABACx44@44.34 ACCOx44@44.34 ACADx44@44.34 ADBEx44@44.34 

2012-04-04
Cash: 3.12
Held: ABCDx44@43.66 ABACx44@43.66 ACCOx44@43.66 ACADx44@43.66 ADBEx44@43.66 
Value: 9607.50
Sales: ABCDx44@43.66 ABACx44@43.66 ACCOx44@43.66 ACADx44@43.66 ADBEx44@43.66 
Purchases: ABCDx44@43.66 ABACx44@43.66 ACCOx44@43.66 ACADx44@43.66 ADBEx44@43.66 

2012-04-08
Cash: 3.12
Held: ABCDx44@44.12 ABACx44@44.12 ACCOx44@44.12 ACADx44@44.12 ADBEx44@44.12 
Value: 9710.62
Sales: ABCDx44@44.12 ABACx44@44.12 ACCOx44@44.12 ACADx44@44.12 ADBEx44@44.12 
Purchases: ABCDx44@44.12 ABACx44@44.12 ACCOx44@44.12 ACADx44@44.12 ADBEx44@44.12 

2012-04-09
Cash: 3.12
Held: ABCDx44@43.50 ABACx44@43.50 ACCOx44@43.50 ACADx44@43.50 ADBEx44@43.50 
Value: 9573.12
Sales: ABCDx44@43.50 ABACx44@43.50 ACCOx44@43.50 ACADx44@43.50 ADBEx44@43.50 
Purchases: ABCDx44@43.50 ABACx44@43.50 ACCOx44@43.50 ACADx44@43.50 ADBEx44@43.50 

2012-04-10
Cash: 3.12
Held: ABCDx44@42.97 ABACx44@42.97 ACCOx44@42.97 ACADx44@42.97 ADBEx44@42.97 
Value: 9456.25
Sales: ABCDx44@42.97 ABACx44@42.97 ACCOx44@42.97 ACADx44@42.97 ADBEx44@42.97 
Purchases: ABCDx44@42.97 ABACx44@42.97 ACCOx44@42.97 ACADx44@42.97 ADBEx44@42.97 

2012-04-11
Cash: 3.12
Held: ABCDx44@42.62 ABACx44@42.62 ACCOx44@42.62 ACADx44@42.62 ADBEx44@42.62 
Value: 9380.62
Sales: ABCDx44@42.62 ABACx44@42.62 ACCOx44@42.62 ACADx44@42.62 ADBEx44@42.62 
Purchases: ABCDx44@42.62 ABACx44@42.62 ACCOx44@42.62 ACADx44@42.62 ADBEx44@42.62 

2012-04-12
Cash: 3.12
Held: ABCDx44@43.22 ABACx44@43.22 ACCOx44@43.22 ACADx44@43.22 ADBEx44@43.22 
Value: 9511.25
Sales: ABCDx44@43.22 ABACx44@43.22 ACCOx44@43.22 ACADx44@43.22 ADBEx44@43.22 
Purchases: ABCDx44@43.22 ABACx44@43.22 ACCOx44@43.22 ACADx44@43.22 ADBEx44@43.22 

2012-04-15
Cash: 3.12
Held: ABCDx44@42.59 ABACx44@42.59 ACCOx44@42.59 ACADx44@42.59 ADBEx44@42.59 
Value: 9373.75
Sales: ABCDx44@42.59 ABACx44@42.59 ACCOx44@42.59 ACADx44@42.59 ADBEx44@42.59 
Purchases: ABCDx44@42.59 ABACx44@42.59 ACCOx44@42.59 ACADx44@42.59 ADBEx44@42.59 

2012-04-16
Cash: 3.12
Held: ABCDx44@42.41 ABACx44@42.41 ACCOx44@42.41 ACADx44@42.41 ADBEx44@42.41 
Value: 9332.50
Sales: ABCDx44@42.41 ABACx44@42.41 ACCOx44@42.41 ACADx44@42.41 ADBEx44@42.41 
Purchases: ABCDx44@42.41 ABACx44@42.41 ACCOx44@42.41 ACADx44@42.41 ADBEx44@42.41 

2012-04-17
Cash: 3.12
Held: ABCDx44@42.28 ABACx44@42.28 ACCOx44@42.28 ACADx44@42.28 ADBEx44@42.28 
Value: 9305.00
Sales: ABCDx44@42.28 ABACx44@42.28 ACCOx44@42.28 ACADx44@42.28 ADBEx44@42.28 
Purchases: ABCDx44@42.28 ABACx44@42.28 ACCOx44@42.28 ACADx44@42.28 ADBEx44@42.28 

2012-04-18
Cash: 3.12
Held: ABCDx44@42.41 ABACx44@42.41 ACCOx44@42.41 ACADx44@42.41 ADBEx44@42.41 
Value: 9332.50
Sales: ABCDx44@42.41 ABACx44@42.41 ACCOx44@42.41 ACADx44@42.41 ADBEx44@42.41 
Purchases: ABCDx44@42.41 ABACx44@42.41 ACCOx44@42.41 ACADx44@42.41 ADBEx44@42.41 

2012-04-19
Cash: 3.12
Held: ABCDx44@42.16 ABACx44@42.16 ACCOx44@42.16 ACADx44@42.16 ADBEx44@42.16 
Value: 9277.50
Sales: ABCDx44@42.16 ABACx44@42.16 ACCOx44@42.16 ACADx44@42.16 ADBEx44@42.16 
Purchases: ABCDx44@42.16 ABACx44@42.16 ACCOx44@42.16 ACADx44@42.16 ADBEx44@42.16 

2012-04-22
Cash: 3.12
Held: ABCDx44@41.38 ABACx44@41.38 ACCOx44@41.38 ACADx44@41.38 ADBEx44@41.38 
Value: 9105.62
Sales: ABCDx44@41.38 ABACx44@41.38 ACCOx44@41.38 ACADx44@41.38 ADBEx44@41.38 
Purchases: ABCDx44@41.38 ABACx44@41.38 ACCOx44@41.38 ACADx44@41.38 ADBEx44@41.38 

2012-04-23
Cash: 3.12
Held: ABCDx44@40.38 ABACx44@40.38 ACCOx44@40.38 ACADx44@40.38 ADBEx44@40.38 
Value: 8885.62
Sales: ABCDx44@40.38 ABACx44@40.38 ACCOx44@40.38 ACADx44@40.38 ADBEx44@40.38 
Purchases: ABCDx44@40.38 ABACx44@40.38 ACCOx44@40.38 ACADx44@40.38 ADBEx44@40.38 

2012-04-24
Cash: 3.12
Held: ABCDx44@40.31 ABACx44@40.31 ACCOx44@40.31 ACADx44@40.31 ADBEx44@40.31 
Value: 8871.88
Sales: ABCDx44@40.31 ABACx44@40.31 ACCOx44@40.31 ACADx44@40.31 ADBEx44@40.31 
Purchases: ABCDx44@40.31 ABACx44@40.31 ACCOx44@40.31 ACADx44@40.31 ADBEx44@40.31 

2012-04-25
Cash: 3.12
Held: ABCDx44@41.12 ABACx44@41.12 ACCOx44@41.12 ACADx44@41.12 ADBEx44@41.12 
Value: 9050.62
Sales: ABCDx44@41.12 ABACx44@41.12 ACCOx44@41.12 ACADx44@41.12 ADBEx44@41.12 
Purchases: ABCDx44@41.12 ABACx44@41.12 ACCOx44@41.12 ACADx44@41.12 ADBEx44@41.12 

2012-04-26
Cash: 3.12
Held: ABCDx44@42.19 ABACx44@42.19 ACCOx44@42.19 ACADx44@42.19 ADBEx44@42.19 
Value: 9284.38
Sales: ABCDx44@42.19 ABACx44@42.19 ACCOx44@42.19 ACADx44@42.19 ADBEx44@42.19 
Purchases: ABCDx44@42.19 ABACx44@42.19 ACCOx44@42.19 ACADx44@42.19 ADBEx44@42.19 

2012-04-29
Cash: 3.12
Held: ABCDx44@42.50 ABACx44@42.50 ACCOx44@42.50 ACADx44@42.50 ADBEx44@42.50 
Value: 9353.12
Sales: ABCDx44@42.50 ABACx44@42.50 ACCOx44@42.50 ACADx44@42.50 ADBEx44@42.50 
Purchases: ABCDx44@42.50 ABACx44@42.50 ACCOx44@42.50 ACADx44@42.50 ADBEx44@42.50 

2012-04-30
Cash: 3.12
Held: ABCDx44@42.03 ABACx44@42.03 ACCOx44@42.03 ACADx44@42.03 ADBEx44@42.03 
Value: 9250.00
Sales: ABCDx44@42.03 ABACx44@42.03 ACCOx44@42.03 ACADx44@42.03 ADBEx44@42.03 
Purchases: ABCDx44@42.03 ABACx44@42.03 ACCOx44@42.03 ACADx44@42.03 ADBEx44@42.03 

2012-05-01
Cash: 3.12
Held: ABCDx44@42.69 ABACx44@42.69 ACCOx44@42.69 ACADx44@42.69 ADBEx44@42.69 
Value: 9394.38
Sales: ABCDx44@42.69 ABACx44@42.69 ACCOx44@42.69 ACADx44@42.69 ADBEx44@42.69 
Purchases: ABCDx44@42.69 ABACx44@42.69 ACCOx44@42.69 ACADx44@42.69 ADBEx44@42.69 

2012-05-02
Cash: 3.12
Held: ABCDx44@43.16 ABACx44@43.16 ACCOx44@43.16 ACADx44@43.16 ADBEx44@43.16 
Value: 9497.50
Sales: ABCDx44@43.16 ABACx44@43.16 ACCOx44@43.16 ACADx44@43.16 ADBEx44@43.16 
Purchases: ABCDx44@43.16 ABACx44@43.16 ACCOx44@43.16 ACADx44@43.16 ADBEx44@43.16 

2012-05-03
Cash: 3.12
Held: ABCDx44@42.16 ABACx44@42.16 ACCOx44@42.16 ACADx44@42.16 ADBEx44@42.16 
Value: 9277.50
Sales: ABCDx44@42.16 ABACx44@42.16 ACCOx44@42.16 ACADx44@42.16 ADBEx44@42.16 
Purchases: ABCDx44@42.16 ABACx44@42.16 ACCOx44@42.16 ACADx44@42.16 ADBEx44@42.16 

2012-05-06
Cash: 3.12
Held: ABCDx44@40.66 ABACx44@40.66 ACCOx44@40.66 ACADx44@40.66 ADBEx44@40.66 
Value: 8947.50
Sales: ABCDx44@40.66 ABACx44@40.66 ACCOx44@40.66 ACADx44@40.66 ADBEx44@40.66 
Purchases: ABCDx44@40.66 ABACx44@40.66 ACCOx44@40.66 ACADx44@40.66 ADBEx44@40.66 

2012-05-07
Cash: 3.12
Held: ABCDx44@40.66 ABACx44@40.66 ACCOx44@40.66 ACADx44@40.66 ADBEx44@40.66 
Value: 8947.50
Sales: ABCDx44@40.66 ABACx44@40.66 ACCOx44@40.66 ACADx44@40.66 ADBEx44@40.66 
Purchases: ABCDx44@40.66 ABACx44@40.66 ACCOx44@40.66 ACADx44@40.66 ADBEx44@40.66 

2012-05-08
Cash: 3.12
Held: ABCDx44@39.66 ABACx44@39.66 ACCOx44@39.66 ACADx44@39.66 ADBEx44@39.66 
Value: 8727.50
Sales: ABCDx44@39.66 ABACx44@39.66 ACCOx44@39.66 ACADx44@39.66 ADBEx44@39.66 
Purchases: ABCDx44@39.66 ABACx44@39.66 ACCOx44@39.66 ACADx44@39.66 ADBEx44@39.66 

2012-05-09
Cash: 3.12
Held: ABCDx44@40.62 ABACx44@40.62 ACCOx44@40.62 ACADx44@40.62 ADBEx44@40.62 
Value: 8940.62
Sales: ABCDx44@40.62 ABACx44@40.62 ACCOx44@40.62 ACADx44@40.62 ADBEx44@40.62 
Purchases: ABCDx44@40.62 ABACx44@40.62 ACCOx44@40.62 ACADx44@40.62 ADBEx44@40.62 

2012-05-10
Cash: 3.12
Held: ABCDx44@39.53 ABACx44@39.53 ACCOx44@39.53 ACADx44@39.53 ADBEx44@39.53 
Value: 8700.00
Sales: ABCDx44@39.53 ABACx44@39.53 ACCOx44@39.53 ACADx44@39.53 ADBEx44@39.53 
Purchases: ABCDx44@39.53 ABACx44@39.53 ACCOx44@39.53 ACADx44@39.53 ADBEx44@39.53 

2012-05-13
Cash: 3.12
Held: ABCDx44@38.88 ABACx44@38.88 ACCOx44@38.88 ACADx44@38.88 ADBEx44@38.88 
Value: 8555.62
Sales: ABCDx44@38.88 ABACx44@38.88 ACCOx44@38.88 ACADx44@38.88 ADBEx44@38.88 
Purchases: ABCDx44@38.88 ABACx44@38.88 ACCOx44@38.88 ACADx44@38.88 ADBEx44@38.88 

2012-05-14
Cash: 3.12
Held: ABCDx44@40.91 ABACx44@40.91 ACCOx44@40.91 ACADx44@40.91 ADBEx44@40.91 
Value: 9002.50
Sales: ABCDx44@40.91 ABACx44@40.91 ACCOx44@40.91 ACADx44@40.91 ADBEx44@40.91 
Purchases: ABCDx44@40.91 ABACx44@40.91 ACCOx44@40.91 ACADx44@40.91 ADBEx44@40.91 

2012-05-15
Cash: 3.12
Held: ABCDx44@40.66 ABACx44@40.66 ACCOx44@40.66 ACADx44@40.66 ADBEx44@40.66 
Value: 8947.50
Sales: ABCDx44@40.66 ABACx44@40.66 ACCOx44@40.66 ACADx44@40.66 ADBEx44@40.66 
Purchases: ABCDx44@40.66 ABACx44@40.66 ACCOx44@40.66 ACADx44@40.66 ADBEx44@40.66 

2012-05-16
Cash: 3.12
Held: ABCDx44@41.91 ABACx44@41.91 ACCOx44@41.91 ACADx44@41.91 ADBEx44@41.91 
Value: 9222.50
Sales: ABCDx44@41.91 ABACx44@41.91 ACCOx44@41.91 ACADx44@41.91 ADBEx44@41.91 
Purchases: ABCDx44@41.91 ABACx44@41.91 ACCOx44@41.91 ACADx44@41.91 ADBEx44@41.91 

2012-05-17
Cash: 3.12
Held: ABCDx44@40.00 ABACx44@40.00 ACCOx44@40.00 ACADx44@40.00 ADBEx44@40.00 
Value: 8803.12
Sales: ABCDx44@40.00 ABACx44@40.00 ACCOx44@40.00 ACADx44@40.00 ADBEx44@40.00 
Purchases: ABCDx44@40.00 ABACx44@40.00 ACCOx44@40.00 ACADx44@40.00 ADBEx44@40.00 

2012-05-20
Cash: 3.12
Held: ABCDx44@38.84 ABACx44@38.84 ACCOx44@38.84 ACADx44@38.84 ADBEx44@38.84 
Value: 8548.75
Sales: ABCDx44@38.84 ABACx44@38.84 ACCOx44@38.84 ACADx44@38.84 ADBEx44@38.84 
Purchases: ABCDx44@38.84 ABACx44@38.84 ACCOx44@38.84 ACADx44@38.84 ADBEx44@38.84 

2012-05-21
Cash: 3.12
Held: ABCDx44@40.06 ABACx44@40.06 ACCOx44@40.06 ACADx44@40.06 ADBEx44@40.06 
Value: 8816.88
Sales: ABCDx44@40.06 ABACx44@40.06 ACCOx44@40.06 ACADx44@40.06 ADBEx44@40.06 
Purchases: ABCDx44@40.06 ABACx44@40.06 ACCOx44@40.06 ACADx44@40.06 ADBEx44@40.06 

2012-05-22
Cash: 3.12
Held: ABCDx44@40.03 ABACx44@40.03 ACCOx44@40.03 ACADx44@40.03 ADBEx44@40.03 
Value: 8810.00
Sales: ABCDx44@40.03 ABACx44@40.03 ACCOx44@40.03 ACADx44@40.03 ADBEx44@40.03 
Purchases: ABCDx44@40.03 ABACx44@40.03 ACCOx44@40.03 ACADx44@40.03 ADBEx44@40.03 

2012-05-23
Cash: 3.12
Held: ABCDx44@40.84 ABACx44@40.84 ACCOx44@40.84 ACADx44@40.84 ADBEx44@40.84 
Value: 8988.75
Sales: ABCDx44@40.84 ABACx44@40.84 ACCOx44@40.84 ACADx44@40.84 ADBEx44@40.84 
Purchases: ABCDx44@40.84 ABACx44@40.84 ACCOx44@40.84 ACADx44@40.84 ADBEx44@40.84 

2012-05-24
Cash: 3.12
Held: ABCDx44@41.03 ABACx44@41.03 ACCOx44@41.03 ACADx44@41.03 ADBEx44@41.03 
Value: 9030.00
Sales: ABCDx44@41.03 ABACx44@41.03 ACCOx44@41.03 ACADx44@41.03 ADBEx44@41.03 
Purchases: ABCDx44@41.03 ABACx44@41.03 ACCOx44@41.03 ACADx44@41.03 ADBEx44@41.03 

2012-05-28
Cash: 3.12
Held: ABCDx44@41.47 ABACx44@41.47 ACCOx44@41.47 ACADx44@41.47 ADBEx44@41.47 
Value: 9126.25
Sales: ABCDx44@41.47 ABACx44@41.47 ACCOx44@41.47 ACADx44@41.47 ADBEx44@41.47 
Purchases: ABCDx44@41.47 ABACx44@41.47 ACCOx44@41.47 ACADx44@41.47 ADBEx44@41.47 

2012-05-29
Cash: 3.12
Held: ABCDx44@41.62 ABACx44@41.62 ACCOx44@41.62 ACADx44@41.62 ADBEx44@41.62 
Value: 9160.62
Sales: ABCDx44@41.62 ABACx44@41.62 ACCOx44@41.62 ACADx44@41.62 ADBEx44@41.62 
Purchases: ABCDx44@41.62 ABACx44@41.62 ACCOx44@41.62 ACADx44@41.62 ADBEx44@41.62 

2012-05-30
Cash: 3.12
Held: ABCDx44@41.47 ABACx44@41.47 ACCOx44@41.47 ACADx44@41.47 ADBEx44@41.47 
Value: 9126.25
Sales: ABCDx44@41.47 ABACx44@41.47 ACCOx44@41.47 ACADx44@41.47 ADBEx44@41.47 
Purchases: ABCDx44@41.47 ABACx44@41.47 ACCOx44@41.47 ACADx44@41.47 ADBEx44@41.47 

2012-05-31
Cash: 3.12
Held: ABCDx44@39.19 ABACx44@39.19 ACCOx44@39.19 ACADx44@39.19 ADBEx44@39.19 
Value: 8624.38
Sales: ABCDx44@39.19 ABACx44@39.19 ACCOx44@39.19 ACADx44@39.19 ADBEx44@39.19 
Purchases: ABCDx44@39.19 ABACx44@39.19 ACCOx44@39.19 ACADx44@39.19 ADBEx44@39.19 

2012-06-03
Cash: 3.12
Held: ABCDx44@38.34 ABACx44@38.34 ACCOx44@38.34 ACADx44@38.34 ADBEx44@38.34 
Value: 8438.75
Sales: ABCDx44@38.34 ABACx44@38.34 ACCOx44@38.34 ACADx44@38.34 ADBEx44@38.34 
Purchases: ABCDx44@38.34 ABACx44@38.34 ACCOx44@38.34 ACADx44@38.34 ADBEx44@38.34 

2012-06-04
Cash: 3.12
Held: ABCDx44@37.62 ABACx44@37.62 ACCOx44@37.62 ACADx44@37.62 ADBEx44@37.62 
Value: 8280.62
Sales: ABCDx44@37.62 ABACx44@37.62 ACCOx44@37.62 ACADx44@37.62 ADBEx44@37.62 
Purchases: ABCDx44@37.62 ABACx44@37.62 ACCOx44@37.62 ACADx44@37.62 ADBEx44@37.62 

2012-06-05
Cash: 3.12
Held: ABCDx44@38.72 ABACx44@38.72 ACCOx44@38.72 ACADx44@38.72 ADBEx44@38.72 
Value: 8521.25
Sales: ABCDx44@38.72 ABACx44@38.72 ACCOx44@38.72 ACADx44@38.72 ADBEx44@38.72 
Purchases: ABCDx44@38.72 ABACx44@38.72 ACCOx44@38.72 ACADx44@38.72 ADBEx44@38.72 

2012-06-06
Cash: 3.12
Held: ABCDx44@40.56 ABACx44@40.56 ACCOx44@40.56 ACADx44@40.56 ADBEx44@40.56 
Value: 8926.88
Sales: ABCDx44@40.56 ABACx44@40.56 ACCOx44@40.56 ACADx44@40.56 ADBEx44@40.56 
Purchases: ABCDx44@40.56 ABACx44@40.56 ACCOx44@40.56 ACADx44@40.56 ADBEx44@40.56 

2012-06-07
Cash: 3.12
Held: ABCDx44@39.62 ABACx44@39.62 ACCOx44@39.62 ACADx44@39.62 ADBEx44@39.62 
Value: 8720.62
Sales: ABCDx44@39.62 ABACx44@39.62 ACCOx44@39.62 ACADx44@39.62 ADBEx44@39.62 
Purchases: ABCDx44@39.62 ABACx44@39.62 ACCOx44@39.62 ACADx44@39.62 ADBEx44@39.62 

2012-06-10
Cash: 3.12
Held: ABCDx44@40.06 ABACx44@40.06 ACCOx44@40.06 ACADx44@40.06 ADBEx44@40.06 
Value: 8816.88
Sales: ABCDx44@40.06 ABACx44@40.06 ACCOx44@40.06 ACADx44@40.06 ADBEx44@40.06 
Purchases: ABCDx44@40.06 ABACx44@40.06 ACCOx44@40.06 ACADx44@40.06 ADBEx44@40.06 

2012-06-11
Cash: 3.12
Held: ABCDx44@38.94 ABACx44@38.94 ACCOx44@38.94 ACADx44@38.94 ADBEx44@38.94 
Value: 8569.38
Sales: ABCDx44@38.94 ABACx44@38.94 ACCOx44@38.94 ACADx44@38.94 ADBEx44@38.94 
Purchases: ABCDx44@38.94 ABACx44@38.94 ACCOx44@38.94 ACADx44@38.94 ADBEx44@38.94 

2012-06-12
Cash: 3.12
Held: ABCDx44@39.19 ABACx44@39.19 ACCOx44@39.19 ACADx44@39.19 ADBEx44@39.19 
Value: 8624.38
Sales: ABCDx44@39.19 ABACx44@39.19 ACCOx44@39.19 ACADx44@39.19 ADBEx44@39.19 
Purchases: ABCDx44@39.19 ABACx44@39.19 ACCOx44@39.19 ACADx44@39.19 ADBEx44@39.19 

2012-06-13
Cash: 3.12
Held: ABCDx44@39.09 ABACx44@39.09 ACCOx44@39.09 ACADx44@39.09 ADBEx44@39.09 
Value: 8603.75
Sales: ABCDx44@39.09 ABACx44@39.09 ACCOx44@39.09 ACADx44@39.09 ADBEx44@39.09 
Purchases: ABCDx44@39.09 ABACx44@39.09 ACCOx44@39.09 ACADx44@39.09 ADBEx44@39.09 

2012-06-14
Cash: 3.12
Held: ABCDx44@39.66 ABACx44@39.66 ACCOx44@39.66 ACADx44@39.66 ADBEx44@39.66 
Value: 8727.50
Sales: ABCDx44@39.66 ABACx44@39.66 ACCOx44@39.66 ACADx44@39.66 ADBEx44@39.66 
Purchases: ABCDx44@39.66 ABACx44@39.66 ACCOx44@39.66 ACADx44@39.66 ADBEx44@39.66 

2012-06-17
Cash: 3.12
Held: ABCDx44@39.84 ABACx44@39.84 ACCOx44@39.84 ACADx44@39.84 ADBEx44@39.84 
Value: 8768.75
Sales: ABCDx44@39.84 ABACx44@39.84 ACCOx44@39.84 ACADx44@39.84 ADBEx44@39.84 
Purchases: ABCDx44@39.84 ABACx44@39.84 ACCOx44@39.84 ACADx44@39.84 ADBEx44@39.84 

2012-06-18
Cash: 3.12
Held: ABCDx44@40.47 ABACx44@40.47 ACCOx44@40.47 ACADx44@40.47 ADBEx44@40.47 
Value: 8906.25
Sales: ABCDx44@40.47 ABACx44@40.47 ACCOx44@40.47 ACADx44@40.47 ADBEx44@40.47 
Purchases: ABCDx44@40.47 ABACx44@40.47 ACCOx44@40.47 ACADx44@40.47 ADBEx44@40.47 

2012-06-19
Cash: 3.12
Held: ABCDx44@41.19 ABACx44@41.19 ACCOx44@41.19 ACADx44@41.19 ADBEx44@41.19 
Value: 9064.38
Sales: ABCDx44@41.19 ABACx44@41.19 ACCOx44@41.19 ACADx44@41.19 ADBEx44@41.19 
Purchases: ABCDx44@41.19 ABACx44@41.19 ACCOx44@41.19 ACADx44@41.19 ADBEx44@41.19 

2012-06-20
Cash: 3.12
Held: ABCDx44@40.69 ABACx44@40.69 ACCOx44@40.69 ACADx44@40.69 ADBEx44@40.69 
Value: 8954.38
Sales: ABCDx44@40.69 ABACx44@40.69 ACCOx44@40.69 ACADx44@40.69 ADBEx44@40.69 
Purchases: ABCDx44@40.69 ABACx44@40.69 ACCOx44@40.69 ACADx44@40.69 ADBEx44@40.69 

2012-06-21
Cash: 3.12
Held: ABCDx44@39.47 ABACx44@39.47 ACCOx44@39.47 ACADx44@39.47 ADBEx44@39.47 
Value: 8686.25
Sales: ABCDx44@39.47 ABACx44@39.47 ACCOx44@39.47 ACADx44@39.47 ADBEx44@39.47 
Purchases: ABCDx44@39.47 ABACx44@39.47 ACCOx44@39.47 ACADx44@39.47 ADBEx44@39.47 

2012-06-24
Cash: 3.12
Held: ABCDx44@38.44 ABACx44@38.44 ACCOx44@38.44 ACADx44@38.44 ADBEx44@38.44 
Value: 8459.38
Sales: ABCDx44@38.44 ABACx44@38.44 ACCOx44@38.44 ACADx44@38.44 ADBEx44@38.44 
Purchases: ABCDx44@38.44 ABACx44@38.44 ACCOx44@38.44 ACADx44@38.44 ADBEx44@38.44 

2012-06-25
Cash: 3.12
Held: ABCDx44@38.00 ABACx44@38.00 ACCOx44@38.00 ACADx44@38.00 ADBEx44@38.00 
Value: 8363.12
Sales: ABCDx44@38.00 ABACx44@38.00 ACCOx44@38.00 ACADx44@38.00 ADBEx44@38.00 
Purchases: ABCDx44@38.00 ABACx44@38.00 ACCOx44@38.00 ACADx44@38.00 ADBEx44@38.00 

2012-06-26
Cash: 3.12
Held: ABCDx44@38.44 ABACx44@38.44 ACCOx44@38.44 ACADx44@38.44 ADBEx44@38.44 
Value: 8459.38
Sales: ABCDx44@38.44 ABACx44@38.44 ACCOx44@38.44 ACADx44@38.44 ADBEx44@38.44 
Purchases: ABCDx44@38.44 ABACx44@38.44 ACCOx44@38.44 ACADx44@38.44 ADBEx44@38.44 

2012-06-27
Cash: 3.12
Held: ABCDx44@38.06 ABACx44@38.06 ACCOx44@38.06 ACADx44@38.06 ADBEx44@38.06 
Value: 8376.88
Sales: ABCDx44@38.06 ABACx44@38.06 ACCOx44@38.06 ACADx44@38.06 ADBEx44@38.06 
Purchases: ABCDx44@38.06 ABACx44@38.06 ACCOx44@38.06 ACADx44@38.06 ADBEx44@38.06 

2012-06-28
Cash: 3.12
Held: ABCDx44@38.34 ABACx44@38.34 ACCOx44@38.34 ACADx44@38.34 ADBEx44@38.34 
Value: 8438.75
Sales: ABCDx44@38.34 ABACx44@38.34 ACCOx44@38.34 ACADx44@38.34 ADBEx44@38.34 
Purchases: ABCDx44@38.34 ABACx44@38.34 ACCOx44@38.34 ACADx44@38.34 ADBEx44@38.34 

2012-07-01
Cash: 3.12
Held: ABCDx44@39.53 ABACx44@39.53 ACCOx44@39.53 ACADx44@39.53 ADBEx44@39.53 
Value: 8700.00
Sales: ABCDx44@39.53 ABACx44@39.53 ACCOx44@39.53 ACADx44@39.53 ADBEx44@39.53 
Purchases: ABCDx44@39.53 ABACx44@39.53 ACCOx44@39.53 ACADx44@39.53 ADBEx44@39.53 

2012-07-02
Cash: 3.12
Held: ABCDx44@38.81 ABACx44@38.81 ACCOx44@38.81 ACADx44@38.81 ADBEx44@38.81 
Value: 8541.88
Sales: ABCDx44@38.81 ABACx44@38.81 ACCOx44@38.81 ACADx44@38.81 ADBEx44@38.81 
Purchases: ABCDx44@38.81 ABACx44@38.81 ACCOx44@38.81 ACADx44@38.81 ADBEx44@38.81 

2012-07-04
Cash: 3.12
Held: ABCDx44@39.25 ABACx44@39.25 ACCOx44@39.25 ACADx44@39.25 ADBEx44@39.25 
Value: 8638.12
Sales: ABCDx44@39.25 ABACx44@39.25 ACCOx44@39.25 ACADx44@39.25 ADBEx44@39.25 
Purchases: ABCDx44@39.25 ABACx44@39.25 ACCOx44@39.25 ACADx44@39.25 ADBEx44@39.25 

2012-07-05
Cash: 3.12
Held: ABCDx44@38.81 ABACx44@38.81 ACCOx44@38.81 ACADx44@38.81 ADBEx44@38.81 
Value: 8541.88
Sales: ABCDx44@38.81 ABACx44@38.81 ACCOx44@38.81 ACADx44@38.81 ADBEx44@38.81 
Purchases: ABCDx44@38.81 ABACx44@38.81 ACCOx44@38.81 ACADx44@38.81 ADBEx44@38.81 

2012-07-08
Cash: 3.12
Held: ABCDx44@37.94 ABACx44@37.94 ACCOx44@37.94 ACADx44@37.94 ADBEx44@37.94 
Value: 8349.38
Sales: ABCDx44@37.94 ABACx44@37.94 ACCOx44@37.94 ACADx44@37.94 ADBEx44@37.94 
Purchases: ABCDx44@37.94 ABACx44@37.94 ACCOx44@37.94 ACADx44@37.94 ADBEx44@37.94 

2012-07-09
Cash: 3.12
Held: ABCDx44@38.16 ABACx44@38.16 ACCOx44@38.16 ACADx44@38.16 ADBEx44@38.16 
Value: 8397.50
Sales: ABCDx44@38.16 ABACx44@38.16 ACCOx44@38.16 ACADx44@38.16 ADBEx44@38.16 
Purchases: ABCDx44@38.16 ABACx44@38.16 ACCOx44@38.16 ACADx44@38.16 ADBEx44@38.16 

2012-07-10
Cash: 3.12
Held: ABCDx44@37.44 ABACx44@37.44 ACCOx44@37.44 ACADx44@37.44 ADBEx44@37.44 
Value: 8239.38
Sales: ABCDx44@37.44 ABACx44@37.44 ACCOx44@37.44 ACADx44@37.44 ADBEx44@37.44 
Purchases: ABCDx44@37.44 ABACx44@37.44 ACCOx44@37.44 ACADx44@37.44 ADBEx44@37.44 

2012-07-11
Cash: 3.12
Held: ABCDx44@36.88 ABACx44@36.88 ACCOx44@36.88 ACADx44@36.88 ADBEx44@36.88 
Value: 8115.62
Sales: ABCDx44@36.88 ABACx44@36.88 ACCOx44@36.88 ACADx44@36.88 ADBEx44@36.88 
Purchases: ABCDx44@36.88 ABACx44@36.88 ACCOx44@36.88 ACADx44@36.88 ADBEx44@36.88 

2012-07-12
Cash: 3.12
Held: ABCDx44@36.56 ABACx44@36.56 ACCOx44@36.56 ACADx44@36.56 ADBEx44@36.56 
Value: 8046.88
Sales: ABCDx44@36.56 ABACx44@36.56 ACCOx44@36.56 ACADx44@36.56 ADBEx44@36.56 
Purchases: ABCDx44@36.56 ABACx44@36.56 ACCOx44@36.56 ACADx44@36.56 ADBEx44@36.56 

