2011-01-09
Cash: 10000.00
Held: 
Value: 10000.00
Sales: 
Purchases: ABCDx48@41.41 ABACx48@41.41 ACCOx48@41.41 ACADx48@41.41 ADBEx48@41.41 

2011-01-10
Cash: 62.50
Held: ABCDx48@42.53 ABACx48@42.53 ACCOx48@42.53 ACADx48@42.53 ADBEx48@42.53 
Value: 10270.00
Sales: ABCDx48@42.53 ABACx48@42.53 ACCOx48@42.53 ACADx48@42.53 ADBEx48@42.53 
Purchases: ABCDx48@42.53 ABACx48@42.53 ACCOx48@42.53 ACADx48@42.53 ADBEx48@42.53 

2011-01-11
Cash: 62.50
Held: ABCDx48@43.19 ABACx48@43.19 ACCOx48@43.19 ACADx48@43.19 ADBEx48@43.19 
Value: 10427.50
Sales: ABCDx48@43.19 ABACx48@43.19 ACCOx48@43.19 ACADx48@43.19 ADBEx48@43.19 
Purchases: ABCDx48@43.19 ABACx48@43.19 ACCOx48@43.19 ACADx48@43.19 ADBEx48@43.19 

2011-01-12
Cash: 62.50
Held: ABCDx48@42.88 ABACx48@42.88 ACCOx48@42.88 ACADx48@42.88 ADBEx48@42.88 
Value: 10352.50
Sales: ABCDx48@42.88 ABACx48@42.88 ACCOx48@42.88 ACADx48@42.88 ADBEx48@42.88 
Purchases: ABCDx48@42.88 ABACx48@42.88 ACCOx48@42.88 ACADx48@42.88 ADBEx48@42.88 

2011-01-13
Cash: 62.50
Held: ABCDx48@42.78 ABACx48@42.78 ACCOx48@42.78 ACADx48@42.78 ADBEx48@42.78 
Value: 10330.00
Sales: ABCDx48@42.78 ABACx48@42.78 ACCOx48@42.78 ACADx48@42.78 ADBEx48@42.78 
Purchases: ABCDx48@42.78 ABACx48@42.78 ACCOx48@42.78 ACADx48@42.78 ADBEx48@42.78 

2011-01-17
Cash: 62.50
Held: ABCDx48@43.38 ABACx48@43.38 ACCOx48@43.38 ACADx48@43.38 ADBEx48@43.38 
Value: 10472.50
Sales: ABCDx48@43.38 ABACx48@43.38 ACCOx48@43.38 ACADx48@43.38 ADBEx48@43.38 
Purchases: ABCDx48@43.38 ABACx48@43.38 ACCOx48@43.38 ACADx48@43.38 ADBEx48@43.38 

2011-01-18
Cash: 62.50
Held: ABCDx48@44.22 ABACx48@44.22 ACCOx48@44.22 ACADx48@44.22 ADBEx48@44.22 
Value: 10675.00
Sales: ABCDx48@44.22 ABACx48@44.22 ACCOx48@44.22 ACADx48@44.22 ADBEx48@44.22 
Purchases: ABCDx48@44.22 ABACx48@44.22 ACCOx48@44.22 ACADx48@44.22 ADBEx48@44.22 

2011-01-19
Cash: 62.50
Held: ABCDx48@41.94 ABACx48@41.94 ACCOx48@41.94 ACADx48@41.94 ADBEx48@41.94 
Value: 10127.50
Sales: ABCDx48@41.94 ABACx48@41.94 ACCOx48@41.94 ACADx48@41.94 ADBEx48@41.94 
Purchases: ABCDx48@41.94 ABACx48@41.94 ACCOx48@41.94 ACADx48@41.94 ADBEx48@41.94 

2011-01-20
Cash: 62.50
Held: ABCDx48@42.50 ABACx48@42.50 ACCOx48@42.50 ACADx48@42.50 ADBEx48@42.50 
Value: 10262.50
Sales: ABCDx48@42.50 ABACx48@42.50 ACCOx48@42.50 ACADx48@42.50 ADBEx48@42.50 
Purchases: ABCDx48@42.50 ABACx48@42.50 ACCOx48@42.50 ACADx48@42.50 ADBEx48@42.50 

2011-01-23
Cash: 62.50
Held: ABCDx48@42.19 ABACx48@42.19 ACCOx48@42.19 ACADx48@42.19 ADBEx48@42.19 
Value: 10187.50
Sales: ABCDx48@42.19 ABACx48@42.19 ACCOx48@42.19 ACADx48@42.19 ADBEx48@42.19 
Purchases: ABCDx48@42.19 ABACx48@42.19 ACCOx48@42.19 ACADx48@42.19 ADBEx48@42.19 

2011-01-24
Cash: 62.50
Held: ABCDx48@42.78 ABACx48@42.78 ACCOx48@42.78 ACADx48@42.78 ADBEx48@42.78 
Value: 10330.00
Sales: ABCDx48@42.78 ABACx48@42.78 ACCOx48@42.78 ACADx48@42.78 ADBEx48@42.78 
Purchases: ABCDx48@42.78 ABACx48@42.78 ACCOx48@42.78 ACADx48@42.78 ADBEx48@42.78 

2011-01-25
Cash: 62.50
Held: ABCDx48@42.81 ABACx48@42.81 ACCOx48@42.81 ACADx48@42.81 ADBEx48@42.81 
Value: 10337.50
Sales: ABCDx48@42.81 ABACx48@42.81 ACCOx48@42.81 ACADx48@42.81 ADBEx48@42.81 
Purchases: ABCDx48@42.81 ABACx48@42.81 ACCOx48@42.81 ACADx48@42.81 ADBEx48@42.81 

2011-01-26
Cash: 62.50
Held: ABCDx48@42.78 ABACx48@42.78 ACCOx48@42.78 ACADx48@42.78 ADBEx48@42.78 
Value: 10330.00
Sales: ABCDx48@42.78 ABACx48@42.78 ACCOx48@42.78 ACADx48@42.78 ADBEx48@42.78 
Purchases: ABCDx48@42.78 ABACx48@42.78 ACCOx48@42.78 ACADx48@42.78 ADBEx48@42.78 

2011-01-27
Cash: 62.50
Held: ABCDx48@42.50 ABACx48@42.50 ACCOx48@42.50 ACADx48@42.50 ADBEx48@42.50 
Value: 10262.50
Sales: ABCDx48@42.50 ABACx48@42.50 ACCOx48@42.50 ACADx48@42.50 ADBEx48@42.50 
Purchases: ABCDx48@42.50 ABACx48@42.50 ACCOx48@42.50 ACADx48@42.50 ADBEx48@42.50 

2011-01-30
Cash: 62.50
Held: ABCDx48@41.22 ABACx48@41.22 ACCOx48@41.22 ACADx48@41.22 ADBEx48@41.22 
Value: 9955.00
Sales: ABCDx48@41.22 ABACx48@41.22 ACCOx48@41.22 ACADx48@41.22 ADBEx48@41.22 
Purchases: ABCDx48@41.22 ABACx48@41.22 ACCOx48@41.22 ACADx48@41.22 ADBEx48@41.22 

2011-01-31
Cash: 62.50
Held: ABCDx48@42.06 ABACx48@42.06 ACCOx48@42.06 ACADx48@42.06 ADBEx48@42.06 
Value: 10157.50
Sales: ABCDx48@42.06 ABACx48@42.06 ACCOx48@42.06 ACADx48@42.06 ADBEx48@42.06 
Purchases: ABCDx48@42.06 ABACx48@42.06 ACCOx48@42.06 ACADx48@42.06 ADBEx48@42.06 

2011-02-01
Cash: 62.50
Held: ABCDx48@41.75 ABACx48@41.75 ACCOx48@41.75 ACADx48@41.75 ADBEx48@41.75 
Value: 10082.50
Sales: ABCDx48@41.75 ABACx48@41.75 ACCOx48@41.75 ACADx48@41.75 ADBEx48@41.75 
Purchases: ABCDx48@41.75 ABACx48@41.75 ACCOx48@41.75 ACADx48@41.75 ADBEx48@41.75 

2011-02-02
Cash: 62.50
Held: ABCDx48@40.94 ABACx48@40.94 ACCOx48@40.94 ACADx48@40.94 ADBEx48@40.94 
Value: 9887.50
Sales: ABCDx48@40.94 ABACx48@40.94 ACCOx48@40.94 ACADx48@40.94 ADBEx48@40.94 
Purchases: ABCDx48@40.94 ABACx48@40.94 ACCOx48@40.94 ACADx48@40.94 ADBEx48@40.94 

2011-02-03
Cash: 62.50
Held: ABCDx48@41.12 ABACx48@41.12 ACCOx48@41.12 ACADx48@41.12 ADBEx48@41.12 
Value: 9932.50
Sales: ABCDx48@41.12 ABACx48@41.12 ACCOx48@41.12 ACADx48@41.12 ADBEx48@41.12 
Purchases: ABCDx48@41.12 ABACx48@41.12 ACCOx48@41.12 ACADx48@41.12 ADBEx48@41.12 

2011-02-06
Cash: 62.50
Held: ABCDx48@43.44 ABACx48@43.44 ACCOx48@43.44 ACADx48@43.44 ADBEx48@43.44 
Value: 10487.50
Sales: ABCDx48@43.44 ABACx48@43.44 ACCOx48@43.44 ACADx48@43.44 ADBEx48@43.44 
Purchases: ABCDx48@43.44 ABACx48@43.44 ACCOx48@43.44 ACADx48@43.44 ADBEx48@43.44 

2011-02-07
Cash: 62.50
Held: ABCDx48@44.66 ABACx48@44.66 ACCOx48@44.66 ACADx48@44.66 ADBEx48@44.66 
Value: 10780.00
Sales: ABCDx48@44.66 ABACx48@44.66 ACCOx48@44.66 ACADx48@44.66 ADBEx48@44.66 
Purchases: ABCDx48@44.66 ABACx48@44.66 ACCOx48@44.66 ACADx48@44.66 ADBEx48@44.66 

2011-02-08
Cash: 62.50
Held: ABCDx48@44.00 ABACx48@44.00 ACCOx48@44.00 ACADx48@44.00 ADBEx48@44.00 
Value: 10622.50
Sales: ABCDx48@44.00 ABACx48@44.00 ACCOx48@44.00 ACADx48@44.00 ADBEx48@44.00 
Purchases: ABCDx48@44.00 ABACx48@44.00 ACCOx48@44.00 ACADx48@44.00 ADBEx48@44.00 

2011-02-09
Cash: 62.50
Held: ABCDx48@43.22 ABACx48@43.22 ACCOx48@43.22 ACADx48@43.22 ADBEx48@43.22 
Value: 10435.00
Sales: ABCDx48@43.22 ABACx48@43.22 ACCOx48@43.22 ACADx48@43.22 ADBEx48@43.22 
Purchases: ABCDx48@43.22 ABACx48@43.22 ACCOx48@43.22 ACADx48@43.22 ADBEx48@43.22 

2011-02-10
Cash: 62.50
Held: ABCDx48@43.78 ABACx48@43.78 ACCOx48@43.78 ACADx48@43.78 ADBEx48@43.78 
Value: 10570.00
Sales: ABCDx48@43.78 ABACx48@43.78 ACCOx48@43.78 ACADx48@43.78 ADBEx48@43.78 
Purchases: ABCDx48@43.78 ABACx48@43.78 ACCOx48@43.78 ACADx48@43.78 ADBEx48@43.78 

2011-02-13
Cash: 62.50
Held: ABCDx48@45.00 ABACx48@45.00 ACCOx48@45.00 ACADx48@45.00 ADBEx48@45.00 
Value: 10862.50
Sales: ABCDx48@45.00 ABACx48@45.00 ACCOx48@45.00 ACADx48@45.00 ADBEx48@45.00 
Purchases: ABCDx48@45.00 ABACx48@45.00 ACCOx48@45.00 ACADx48@45.00 ADBEx48@45.00 

2011-02-14
Cash: 62.50
Held: ABCDx48@44.78 ABACx48@44.78 ACCOx48@44.78 ACADx48@44.78 ADBEx48@44.78 
Value: 10810.00
Sales: ABCDx48@44.78 ABACx48@44.78 ACCOx48@44.78 ACADx48@44.78 ADBEx48@44.78 
Purchases: ABCDx48@44.78 ABACx48@44.78 ACCOx48@44.78 ACADx48@44.78 ADBEx48@44.78 

2011-02-15
Cash: 62.50
Held: ABCDx48@42.91 ABACx48@42.91 ACCOx48@42.91 ACADx48@42.91 ADBEx48@42.91 
Value: 10360.00
Sales: ABCDx48@42.91 ABACx48@42.91 ACCOx48@42.91 ACADx48@42.91 ADBEx48@42.91 
Purchases: ABCDx48@42.91 ABACx48@42.91 ACCOx48@42.91 ACADx48@42.91 ADBEx48@42.91 

2011-02-16
Cash: 62.50
Held: ABCDx48@43.38 ABACx48@43.38 ACCOx48@43.38 ACADx48@43.38 ADBEx48@43.38 
Value: 10472.50
Sales: ABCDx48@43.38 ABACx48@43.38 ACCOx48@43.38 ACADx48@43.38 ADBEx48@43.38 
Purchases: ABCDx48@43.38 ABACx48@43.38 ACCOx48@43.38 ACADx48@43.38 ADBEx48@43.38 

2011-02-17
Cash: 62.50
Held: ABCDx48@43.84 ABACx48@43.84 ACCOx48@43.84 ACADx48@43.84 ADBEx48@43.84 
Value: 10585.00
Sales: ABCDx48@43.84 ABACx48@43.84 ACCOx48@43.84 ACADx48@43.84 ADBEx48@43.84 
Purchases: ABCDx48@43.84 ABACx48@43.84 ACCOx48@43.84 ACADx48@43.84 ADBEx48@43.84 

2011-02-21
Cash: 62.50
Held: ABCDx48@43.28 ABACx48@43.28 ACCOx48@43.28 ACADx48@43.28 ADBEx48@43.28 
Value: 10450.00
Sales: ABCDx48@43.28 ABACx48@43.28 ACCOx48@43.28 ACADx48@43.28 ADBEx48@43.28 
Purchases: ABCDx48@43.28 ABACx48@43.28 ACCOx48@43.28 ACADx48@43.28 ADBEx48@43.28 

2011-02-22
Cash: 62.50
Held: ABCDx48@42.56 ABACx48@42.56 ACCOx48@42.56 ACADx48@42.56 ADBEx48@42.56 
Value: 10277.50
Sales: ABCDx48@42.56 ABACx48@42.56 ACCOx48@42.56 ACADx48@42.56 ADBEx48@42.56 
Purchases: ABCDx48@42.56 ABACx48@42.56 ACCOx48@42.56 ACADx48@42.56 ADBEx48@42.56 

2011-02-23
Cash: 62.50
Held: ABCDx48@40.34 ABACx48@40.34 ACCOx48@40.34 ACADx48@40.34 ADBEx48@40.34 
Value: 9745.00
Sales: ABCDx48@40.34 ABACx48@40.34 ACCOx48@40.34 ACADx48@40.34 ADBEx48@40.34 
Purchases: ABCDx48@40.34 ABACx48@40.34 ACCOx48@40.34 ACADx48@40.34 ADBEx48@40.34 

2011-02-24
Cash: 62.50
Held: ABCDx48@41.19 ABACx48@41.19 ACCOx48@41.19 ACADx48@41.19 ADBEx48@41.19 
Value: 9947.50
Sales: ABCDx48@41.19 ABACx48@41.19 ACCOx48@41.19 ACADx48@41.19 ADBEx48@41.19 
Purchases: ABCDx48@41.19 ABACx48@41.19 ACCOx48@41.19 ACADx48@41.19 ADBEx48@41.19 

2011-02-27
Cash: 62.50
Held: ABCDx48@42.44 ABACx48@42.44 ACCOx48@42.44 ACADx48@42.44 ADBEx48@42.44 
Value: 10247.50
Sales: ABCDx48@42.44 ABACx48@42.44 ACCOx48@42.44 ACADx48@42.44 ADBEx48@42.44 
Purchases: ABCDx48@42.44 ABACx48@42.44 ACCOx48@42.44 ACADx48@42.44 ADBEx48@42.44 

2011-02-28
Cash: 62.50
Held: ABCDx48@41.97 ABACx48@41.97 ACCOx48@41.97 ACADx48@41.97 ADBEx48@41.97 
Value: 10135.00
Sales: ABCDx48@41.97 ABACx48@41.97 ACCOx48@41.97 ACADx48@41.97 ADBEx48@41.97 
Purchases: ABCDx48@41.97 ABACx48@41.97 ACCOx48@41.97 ACADx48@41.97 ADBEx48@41.97 

2011-03-01
Cash: 62.50
Held: ABCDx48@40.56 ABACx48@40.56 ACCOx48@40.56 ACADx48@40.56 ADBEx48@40.56 
Value: 9797.50
Sales: ABCDx48@40.56 ABACx48@40.56 ACCOx48@40.56 ACADx48@40.56 ADBEx48@40.56 
Purchases: ABCDx48@40.56 ABACx48@40.56 ACCOx48@40.56 ACADx48@40.56 ADBEx48@40.56 

2011-03-02
Cash: 62.50
Held: ABCDx48@42.12 ABACx48@42.12 ACCOx48@42.12 ACADx48@42.12 ADBEx48@42.12 
Value: 10172.50
Sales: ABCDx48@42.12 ABACx48@42.12 ACCOx48@42.12 ACADx48@42.12 ADBEx48@42.12 
Purchases: ABCDx48@42.12 ABACx48@42.12 ACCOx48@42.12 ACADx48@42.12 ADBEx48@42.12 

2011-03-03
Cash: 62.50
Held: ABCDx48@43.34 ABACx48@43.34 ACCOx48@43.34 ACADx48@43.34 ADBEx48@43.34 
Value: 10465.00
Sales: ABCDx48@43.34 ABACx48@43.34 ACCOx48@43.34 ACADx48@43.34 ADBEx48@43.34 
Purchases: ABCDx48@43.34 ABACx48@43.34 ACCOx48@43.34 ACADx48@43.34 ADBEx48@43.34 

2011-03-06
Cash: 62.50
Held: ABCDx48@46.25 ABACx48@46.25 ACCOx48@46.25 ACADx48@46.25 ADBEx48@46.25 
Value: 11162.50
Sales: ABCDx48@46.25 ABACx48@46.25 ACCOx48@46.25 ACADx48@46.25 ADBEx48@46.25 
Purchases: ABCDx48@46.25 ABACx48@46.25 ACCOx48@46.25 ACADx48@46.25 ADBEx48@46.25 

2011-03-07
Cash: 62.50
Held: ABCDx48@46.00 ABACx48@46.00 ACCOx48@46.00 ACADx48@46.00 ADBEx48@46.00 
Value: 11102.50
Sales: ABCDx48@46.00 ABACx48@46.00 ACCOx48@46.00 ACADx48@46.00 ADBEx48@46.00 
Purchases: ABCDx48@46.00 ABACx48@46.00 ACCOx48@46.00 ACADx48@46.00 ADBEx48@46.00 

2011-03-08
Cash: 62.50
Held: ABCDx48@45.66 ABACx48@45.66 ACCOx48@45.66 ACADx48@45.66 ADBEx48@45.66 
Value: 11020.00
Sales: ABCDx48@45.66 ABACx48@45.66 ACCOx48@45.66 ACADx48@45.66 ADBEx48@45.66 
Purchases: ABCDx48@45.66 ABACx48@45.66 ACCOx48@45.66 ACADx48@45.66 ADBEx48@45.66 

2011-03-09
Cash: 62.50
Held: ABCDx48@45.38 ABACx48@45.38 ACCOx48@45.38 ACADx48@45.38 ADBEx48@45.38 
Value: 10952.50
Sales: ABCDx48@45.38 ABACx48@45.38 ACCOx48@45.38 ACADx48@45.38 ADBEx48@45.38 
Purchases: ABCDx48@45.38 ABACx48@45.38 ACCOx48@45.38 ACADx48@45.38 ADBEx48@45.38 

2011-03-10
Cash: 62.50
Held: ABCDx48@45.06 ABACx48@45.06 ACCOx48@45.06 ACADx48@45.06 ADBEx48@45.06 
Value: 10877.50
Sales: ABCDx48@45.06 ABACx48@45.06 ACCOx48@45.06 ACADx48@45.06 ADBEx48@45.06 
Purchases: ABCDx48@45.06 ABACx48@45.06 ACCOx48@45.06 ACADx48@45.06 ADBEx48@45.06 

2011-03-13
Cash: 62.50
Held: ABCDx48@45.09 ABACx48@45.09 ACCOx48@45.09 ACADx48@45.09 ADBEx48@45.09 
Value: 10885.00
Sales: ABCDx48@45.09 ABACx48@45.09 ACCOx48@45.09 ACADx48@45.09 ADBEx48@45.09 
Purchases: ABCDx48@45.09 ABACx48@45.09 ACCOx48@45.09 ACADx48@45.09 ADBEx48@45.09 

2011-03-14
Cash: 62.50
Held: ABCDx48@43.34 ABACx48@43.34 ACCOx48@43.34 ACADx48@43.34 ADBEx48@43.34 
Value: 10465.00
Sales: ABCDx48@43.34 ABACx48@43.34 ACCOx48@43.34 ACADx48@43.34 ADBEx48@43.34 
Purchases: ABCDx48@43.34 ABACx48@43.34 ACCOx48@43.34 ACADx48@43.34 ADBEx48@43.34 

2011-03-15
Cash: 62.50
Held: ABCDx48@43.59 ABACx48@43.59 ACCOx48@43.59 ACADx48@43.59 ADBEx48@43.59 
Value: 10525.00
Sales: ABCDx48@43.59 ABACx48@43.59 ACCOx48@43.59 ACADx48@43.59 ADBEx48@43.59 
Purchases: ABCDx48@43.59 ABACx48@43.59 ACCOx48@43.59 ACADx48@43.59 ADBEx48@43.59 

2011-03-16
Cash: 62.50
Held: ABCDx48@43.12 ABACx48@43.12 ACCOx48@43.12 ACADx48@43.12 ADBEx48@43.12 
Value: 10412.50
Sales: ABCDx48@43.12 ABACx48@43.12 ACCOx48@43.12 ACADx48@43.12 ADBEx48@43.12 
Purchases: ABCDx48@43.12 ABACx48@43.12 ACCOx48@43.12 ACADx48@43.12 ADBEx48@43.12 

2011-03-17
Cash: 62.50
Held: ABCDx48@43.12 ABACx48@43.12 ACCOx48@43.12 ACADx48@43.12 ADBEx48@43.12 
Value: 10412.50
Sales: ABCDx48@43.12 ABACx48@43.12 ACCOx48@43.12 ACADx48@43.12 ADBEx48@43.12 
Purchases: ABCDx48@43.12 ABACx48@43.12 ACCOx48@43.12 ACADx48@43.12 ADBEx48@43.12 

2011-03-20
Cash: 62.50
Held: ABCDx48@43.53 ABACx48@43.53 ACCOx48@43.53 ACADx48@43.53 ADBEx48@43.53 
Value: 10510.00
Sales: ABCDx48@43.53 ABACx48@43.53 ACCOx48@43.53 ACADx48@43.53 ADBEx48@43.53 
Purchases: ABCDx48@43.53 ABACx48@43.53 ACCOx48@43.53 ACADx48@43.53 ADBEx48@43.53 

2011-03-21
Cash: 62.50
Held: ABCDx48@43.91 ABACx48@43.91 ACCOx48@43.91 ACADx48@43.91 ADBEx48@43.91 
Value: 10600.00
Sales: ABCDx48@43.91 ABACx48@43.91 ACCOx48@43.91 ACADx48@43.91 ADBEx48@43.91 
Purchases: ABCDx48@43.91 ABACx48@43.91 ACCOx48@43.91 ACADx48@43.91 ADBEx48@43.91 

2011-03-22
Cash: 62.50
Held: ABCDx48@42.94 ABACx48@42.94 ACCOx48@42.94 ACADx48@42.94 ADBEx48@42.94 
Value: 10367.50
Sales: ABCDx48@42.94 ABACx48@42.94 ACCOx48@42.94 ACADx48@42.94 ADBEx48@42.94 
Purchases: ABCDx48@42.94 ABACx48@42.94 ACCOx48@42.94 ACADx48@42.94 ADBEx48@42.94 

2011-03-23
Cash: 62.50
Held: ABCDx48@44.00 ABACx48@44.00 ACCOx48@44.00 ACADx48@44.00 ADBEx48@44.00 
Value: 10622.50
Sales: ABCDx48@44.00 ABACx48@44.00 ACCOx48@44.00 ACADx48@44.00 ADBEx48@44.00 
Purchases: ABCDx48@44.00 ABACx48@44.00 ACCOx48@44.00 ACADx48@44.00 ADBEx48@44.00 

2011-03-24
Cash: 62.50
Held: ABCDx48@44.00 ABACx48@44.00 ACCOx48@44.00 ACADx48@44.00 ADBEx48@44.00 
Value: 10622.50
Sales: ABCDx48@44.00 ABACx48@44.00 ACCOx48@44.00 ACADx48@44.00 ADBEx48@44.00 
Purchases: ABCDx48@44.00 ABACx48@44.00 ACCOx48@44.00 ACADx48@44.00 ADBEx48@44.00 

2011-03-27
Cash: 62.50
Held: ABCDx48@44.25 ABACx48@44.25 ACCOx48@44.25 ACADx48@44.25 ADBEx48@44.25 
Value: 10682.50
Sales: ABCDx48@44.25 ABACx48@44.25 ACCOx48@44.25 ACADx48@44.25 ADBEx48@44.25 
Purchases: ABCDx48@44.25 ABACx48@44.25 ACCOx48@44.25 ACADx48@44.25 ADBEx48@44.25 

2011-03-28
Cash: 62.50
Held: ABCDx48@43.94 ABACx48@43.94 ACCOx48@43.94 ACADx48@43.94 ADBEx48@43.94 
Value: 10607.50
Sales: ABCDx48@43.94 ABACx48@43.94 ACCOx48@43.94 ACADx48@43.94 ADBEx48@43.94 
Purchases: ABCDx48@43.94 ABACx48@43.94 ACCOx48@43.94 ACADx48@43.94 ADBEx48@43.94 

2011-03-29
Cash: 62.50
Held: ABCDx48@44.78 ABACx48@44.78 ACCOx48@44.78 ACADx48@44.78 ADBEx48@44.78 
Value: 10810.00
Sales: ABCDx48@44.78 ABACx48@44.78 ACCOx48@44.78 ACADx48@44.78 ADBEx48@44.78 
Purchases: ABCDx48@44.78 ABACx48@44.78 ACCOx48@44.78 ACADx48@44.78 ADBEx48@44.78 

2011-03-30
Cash: 62.50
Held: ABCDx48@44.91 ABACx48@44.91 ACCOx48@44.91 ACADx48@44.91 ADBEx48@44.91 
Value: 10840.00
Sales: ABCDx48@44.91 ABACx48@44.91 ACCOx48@44.91 ACADx48@44.91 ADBEx48@44.91 
Purchases: ABCDx48@44.91 ABACx48@44.91 ACCOx48@44.91 ACADx48@44.91 ADBEx48@44.91 

2011-03-31
Cash: 62.50
Held: ABCDx48@44.88 ABACx48@44.88 ACCOx48@44.88 ACADx48@44.88 ADBEx48@44.88 
Value: 10832.50
Sales: ABCDx48@44.88 ABACx48@44.88 ACCOx48@44.88 ACADx48@44.88 ADBEx48@44.88 
Purchases: ABCDx48@44.88 ABACx48@44.88 ACCOx48@44.88 ACADx48@44.88 ADBEx48@44.88 

2011-04-03
Cash: 62.50
Held: ABCDx48@45.06 ABACx48@45.06 ACCOx48@45.06 ACADx48@45.06 ADBEx48@45.06 
Value: 10877.50
Sales: ABCDx48@45.06 ABACx48@45.06 ACCOx48@45.06 ACADx48@45.06 ADBEx48@45.06 
Purchases: ABCDx48@45.06 ABACx48@45.06 ACCOx48@45.06 ACADx48@45.06 ADBEx48@45.06 

2011-04-04
Cash: 62.50
Held: ABCDx48@44.75 ABACx48@44.75 ACCOx48@44.75 ACADx48@44.75 ADBEx48@44.75 
Value: 10802.50
Sales: ABCDx48@44.75 ABACx48@44.75 ACCOx48@44.75 ACADx48@44.75 ADBEx48@44.75 
Purchases: ABCDx48@44.75 ABACx48@44.75 ACCOx48@44.75 ACADx48@44.75 ADBEx48@44.75 

2011-04-05
Cash: 62.50
Held: ABCDx48@45.50 ABACx48@45.50 ACCOx48@45.50 ACADx48@45.50 ADBEx48@45.50 
Value: 10982.50
Sales: ABCDx48@45.50 ABACx48@45.50 ACCOx48@45.50 ACADx48@45.50 ADBEx48@45.50 
Purchases: ABCDx48@45.50 ABACx48@45.50 ACCOx48@45.50 ACADx48@45.50 ADBEx48@45.50 

2011-04-06
Cash: 62.50
Held: ABCDx48@45.22 ABACx48@45.22 ACCOx48@45.22 ACADx48@45.22 ADBEx48@45.22 
Value: 10915.00
Sales: ABCDx48@45.22 ABACx48@45.22 ACCOx48@45.22 ACADx48@45.22 ADBEx48@45.22 
Purchases: ABCDx48@45.22 ABACx48@45.22 ACCOx48@45.22 ACADx48@45.22 ADBEx48@45.22 

2011-04-07
Cash: 62.50
Held: ABCDx48@45.19 ABACx48@45.19 ACCOx48@45.19 ACADx48@45.19 ADBEx48@45.19 
Value: 10907.50
Sales: ABCDx48@45.19 ABACx48@45.19 ACCOx48@45.19 ACADx48@45.19 ADBEx48@45.19 
Purchases: ABCDx48@45.19 ABACx48@45.19 ACCOx48@45.19 ACADx48@45.19 ADBEx48@45.19 

2011-04-10
Cash: 62.50
Held: ABCDx48@44.81 ABACx48@44.81 ACCOx48@44.81 ACADx48@44.81 ADBEx48@44.81 
Value: 10817.50
Sales: ABCDx48@44.81 ABACx48@44.81 ACCOx48@44.81 ACADx48@44.81 ADBEx48@44.81 
Purchases: ABCDx48@44.81 ABACx48@44.81 ACCOx48@44.81 ACADx48@44.81 ADBEx48@44.81 

2011-04-11
Cash: 62.50
Held: ABCDx48@44.75 ABACx48@44.75 ACCOx48@44.75 ACADx48@44.75 ADBEx48@44.75 
Value: 10802.50
Sales: ABCDx48@44.75 ABACx48@44.75 ACCOx48@44.75 ACADx48@44.75 ADBEx48@44.75 
Purchases: ABCDx48@44.75 ABACx48@44.75 ACCOx48@44.75 ACADx48@44.75 ADBEx48@44.75 

2011-04-12
Cash: 62.50
Held: ABCDx48@45.22 ABACx48@45.22 ACCOx48@45.22 ACADx48@45.22 ADBEx48@45.22 
Value: 10915.00
Sales: ABCDx48@45.22 ABACx48@45.22 ACCOx48@45.22 ACADx48@45.22 ADBEx48@45.22 
Purchases: ABCDx48@45.22 ABACx48@45.22 ACCOx48@45.22 ACADx48@45.22 ADBEx48@45.22 

2011-04-13
Cash: 62.50
Held: ABCDx48@46.28 ABACx48@46.28 ACCOx48@46.28 ACADx48@46.28 ADBEx48@46.28 
Value: 11170.00
Sales: ABCDx48@46.28 ABACx48@46.28 ACCOx48@46.28 ACADx48@46.28 ADBEx48@46.28 
Purchases: ABCDx48@46.28 ABACx48@46.28 ACCOx48@46.28 ACADx48@46.28 ADBEx48@46.28 

2011-04-14
Cash: 62.50
Held: ABCDx48@46.62 ABACx48@46.62 ACCOx48@46.62 ACADx48@46.62 ADBEx48@46.62 
Value: 11252.50
Sales: ABCDx48@46.62 ABACx48@46.62 ACCOx48@46.62 ACADx48@46.62 ADBEx48@46.62 
Purchases: ABCDx48@46.62 ABACx48@46.62 ACCOx48@46.62 ACADx48@46.62 ADBEx48@46.62 

2011-04-17
Cash: 62.50
Held: ABCDx48@46.84 ABACx48@46.84 ACCOx48@46.84 ACADx48@46.84 ADBEx48@46.84 
Value: 11305.00
Sales: ABCDx48@46.84 ABACx48@46.84 ACCOx48@46.84 ACADx48@46.84 ADBEx48@46.84 
Purchases: ABCDx48@46.84 ABACx48@46.84 ACCOx48@46.84 ACADx48@46.84 ADBEx48@46.84 

2011-04-18
Cash: 62.50
Held: ABCDx48@46.72 ABACx48@46.72 ACCOx48@46.72 ACADx48@46.72 ADBEx48@46.72 
Value: 11275.00
Sales: ABCDx48@46.72 ABACx48@46.72 ACCOx48@46.72 ACADx48@46.72 ADBEx48@46.72 
Purchases: ABCDx48@46.72 ABACx48@46.72 ACCOx48@46.72 ACADx48@46.72 ADBEx48@46.72 

2011-04-19
Cash: 62.50
Held: ABCDx48@47.47 ABACx48@47.47 ACCOx48@47.47 ACADx48@47.47 ADBEx48@47.47 
Value: 11455.00
Sales: ABCDx48@47.47 ABACx48@47.47 ACCOx48@47.47 ACADx48@47.47 ADBEx48@47.47 
Purchases: ABCDx48@47.47 ABACx48@47.47 ACCOx48@47.47 ACADx48@47.47 ADBEx48@47.47 

2011-04-20
Cash: 62.50
Held: ABCDx48@48.94 ABACx48@48.94 ACCOx48@48.94 ACADx48@48.94 ADBEx48@48.94 
Value: 11807.50
Sales: ABCDx48@48.94 ABACx48@48.94 ACCOx48@48.94 ACADx48@48.94 ADBEx48@48.94 
Purchases: ABCDx48@48.94 ABACx48@48.94 ACCOx48@48.94 ACADx48@48.94 ADBEx48@48.94 

2011-04-24
Cash: 62.50
Held: ABCDx48@49.09 ABACx48@49.09 ACCOx48@49.09 ACADx48@49.09 ADBEx48@49.09 
Value: 11845.00
Sales: ABCDx48@49.09 ABACx48@49.09 ACCOx48@49.09 ACADx48@49.09 ADBEx48@49.09 
Purchases: ABCDx48@49.09 ABACx48@49.09 ACCOx48@49.09 ACADx48@49.09 ADBEx48@49.09 

2011-04-25
Cash: 62.50
Held: ABCDx48@48.44 ABACx48@48.44 ACCOx48@48.44 ACADx48@48.44 ADBEx48@48.44 
Value: 11687.50
Sales: ABCDx48@48.44 ABACx48@48.44 ACCOx48@48.44 ACADx48@48.44 ADBEx48@48.44 
Purchases: ABCDx48@48.44 ABACx48@48.44 ACCOx48@48.44 ACADx48@48.44 ADBEx48@48.44 

2011-04-26
Cash: 62.50
Held: ABCDx48@49.47 ABACx48@49.47 ACCOx48@49.47 ACADx48@49.47 ADBEx48@49.47 
Value: 11935.00
Sales: ABCDx48@49.47 ABACx48@49.47 ACCOx48@49.47 ACADx48@49.47 ADBEx48@49.47 
Purchases: ABCDx48@49.47 ABACx48@49.47 ACCOx48@49.47 ACADx48@49.47 ADBEx48@49.47 

2011-04-27
Cash: 62.50
Held: ABCDx48@49.84 ABACx48@49.84 ACCOx48@49.84 ACADx48@49.84 ADBEx48@49.84 
Value: 12025.00
Sales: ABCDx48@49.84 ABACx48@49.84 ACCOx48@49.84 ACADx48@49.84 ADBEx48@49.84 
Purchases: ABCDx48@49.84 ABACx48@49.84 ACCOx48@49.84 ACADx48@49.84 ADBEx48@49.84 

2011-04-28
Cash: 62.50
Held: ABCDx48@50.31 ABACx48@50.31 ACCOx48@50.31 ACADx48@50.31 ADBEx48@50.31 
Value: 12137.50
Sales: ABCDx48@50.31 ABACx48@50.31 ACCOx48@50.31 ACADx48@50.31 ADBEx48@50.31 
Purchases: ABCDx48@50.31 ABACx48@50.31 ACCOx48@50.31 ACADx48@50.31 ADBEx48@50.31 

2011-05-01
Cash: 62.50
Held: ABCDx48@50.25 ABACx48@50.25 ACCOx48@50.25 ACADx48@50.25 ADBEx48@50.25 
Value: 12122.50
Sales: ABCDx48@50.25 ABACx48@50.25 ACCOx48@50.25 ACADx48@50.25 ADBEx48@50.25 
Purchases: ABCDx48@50.25 ABACx48@50.25 ACCOx48@50.25 ACADx48@50.25 ADBEx48@50.25 

2011-05-02
Cash: 62.50
Held: ABCDx48@50.47 ABACx48@50.47 ACCOx48@50.47 ACADx48@50.47 ADBEx48@50.47 
Value: 12175.00
Sales: ABCDx48@50.47 ABACx48@50.47 ACCOx48@50.47 ACADx48@50.47 ADBEx48@50.47 
Purchases: ABCDx48@50.47 ABACx48@50.47 ACCOx48@50.47 ACADx48@50.47 ADBEx48@50.47 

2011-05-03
Cash: 62.50
Held: ABCDx48@50.56 ABACx48@50.56 ACCOx48@50.56 ACADx48@50.56 ADBEx48@50.56 
Value: 12197.50
Sales: ABCDx48@50.56 ABACx48@50.56 ACCOx48@50.56 ACADx48@50.56 ADBEx48@50.56 
Purchases: ABCDx48@50.56 ABACx48@50.56 ACCOx48@50.56 ACADx48@50.56 ADBEx48@50.56 

2011-05-04
Cash: 62.50
Held: ABCDx48@49.38 ABACx48@49.38 ACCOx48@49.38 ACADx48@49.38 ADBEx48@49.38 
Value: 11912.50
Sales: ABCDx48@49.38 ABACx48@49.38 ACCOx48@49.38 ACADx48@49.38 ADBEx48@49.38 
Purchases: ABCDx48@49.38 ABACx48@49.38 ACCOx48@49.38 ACADx48@49.38 ADBEx48@49.38 

2011-05-05
Cash: 62.50
Held: ABCDx48@50.00 ABACx48@50.00 ACCOx48@50.00 ACADx48@50.00 ADBEx48@50.00 
Value: 12062.50
Sales: ABCDx48@50.00 ABACx48@50.00 ACCOx48@50.00 ACADx48@50.00 ADBEx48@50.00 
Purchases: ABCDx48@50.00 ABACx48@50.00 ACCOx48@50.00 ACADx48@50.00 ADBEx48@50.00 

2011-05-08
Cash: 62.50
Held: ABCDx48@49.84 ABACx48@49.84 ACCOx48@49.84 ACADx48@49.84 ADBEx48@49.84 
Value: 12025.00
Sales: ABCDx48@49.84 ABACx48@49.84 ACCOx48@49.84 ACADx48@49.84 ADBEx48@49.84 
Purchases: ABCDx48@49.84 ABACx48@49.84 ACCOx48@49.84 ACADx48@49.84 ADBEx48@49.84 

2011-05-09
Cash: 62.50
Held: ABCDx48@50.09 ABACx48@50.09 ACCOx48@50.09 ACADx48@50.09 ADBEx48@50.09 
Value: 12085.00
Sales: ABCDx48@50.09 ABACx48@50.09 ACCOx48@50.09 ACADx48@50.09 ADBEx48@50.09 
Purchases: ABCDx48@50.09 ABACx48@50.09 ACCOx48@50.09 ACADx48@50.09 ADBEx48@50.09 

2011-05-10
Cash: 62.50
Held: ABCDx48@50.50 ABACx48@50.50 ACCOx48@50.50 ACADx48@50.50 ADBEx48@50.50 
Value: 12182.50
Sales: ABCDx48@50.50 ABACx48@50.50 ACCOx48@50.50 ACADx48@50.50 ADBEx48@50.50 
Purchases: ABCDx48@50.50 ABACx48@50.50 ACCOx48@50.50 ACADx48@50.50 ADBEx48@50.50 

2011-05-11
Cash: 62.50
Held: ABCDx48@49.84 ABACx48@49.84 ACCOx48@49.84 ACADx48@49.84 ADBEx48@49.84 
Value: 12025.00
Sales: ABCDx48@49.84 ABACx48@49.84 ACCOx48@49.84 ACADx48@49.84 ADBEx48@49.84 
Purchases: ABCDx48@49.84 ABACx48@49.84 ACCOx48@49.84 ACADx48@49.84 ADBEx48@49.84 

2011-05-12
Cash: 62.50
Held: ABCDx48@54.06 ABACx48@54.06 ACCOx48@54.06 ACADx48@54.06 ADBEx48@54.06 
Value: 13037.50
Sales: ABCDx48@54.06 ABACx48@54.06 ACCOx48@54.06 ACADx48@54.06 ADBEx48@54.06 
Purchases: ABCDx48@54.06 ABACx48@54.06 ACCOx48@54.06 ACADx48@54.06 ADBEx48@54.06 

2011-05-15
Cash: 62.50
Held: ABCDx48@52.19 ABACx48@52.19 ACCOx48@52.19 ACADx48@52.19 ADBEx48@52.19 
Value: 12587.50
Sales: ABCDx48@52.19 ABACx48@52.19 ACCOx48@52.19 ACADx48@52.19 ADBEx48@52.19 
Purchases: ABCDx48@52.19 ABACx48@52.19 ACCOx48@52.19 ACADx48@52.19 ADBEx48@52.19 

2011-05-16
Cash: 62.50
Held: ABCDx48@51.69 ABACx48@51.69 ACCOx48@51.69 ACADx48@51.69 ADBEx48@51.69 
Value: 12467.50
Sales: ABCDx48@51.69 ABACx48@51.69 ACCOx48@51.69 ACADx48@51.69 ADBEx48@51.69 
Purchases: ABCDx48@51.69 ABACx48@51.69 ACCOx48@51.69 ACADx48@51.69 ADBEx48@51.69 

2011-05-17
Cash: 62.50
Held: ABCDx48@51.12 ABACx48@51.12 ACCOx48@51.12 ACADx48@51.12 ADBEx48@51.12 
Value: 12332.50
Sales: ABCDx48@51.12 ABACx48@51.12 ACCOx48@51.12 ACADx48@51.12 ADBEx48@51.12 
Purchases: ABCDx48@51.12 ABACx48@51.12 ACCOx48@51.12 ACADx48@51.12 ADBEx48@51.12 

2011-05-18
Cash: 62.50
Held: ABCDx48@51.94 ABACx48@51.94 ACCOx48@51.94 ACADx48@51.94 ADBEx48@51.94 
Value: 12527.50
Sales: ABCDx48@51.94 ABACx48@51.94 ACCOx48@51.94 ACADx48@51.94 ADBEx48@51.94 
Purchases: ABCDx48@51.94 ABACx48@51.94 ACCOx48@51.94 ACADx48@51.94 ADBEx48@51.94 

2011-05-19
Cash: 62.50
Held: ABCDx48@51.16 ABACx48@51.16 ACCOx48@51.16 ACADx48@51.16 ADBEx48@51.16 
Value: 12340.00
Sales: ABCDx48@51.16 ABACx48@51.16 ACCOx48@51.16 ACADx48@51.16 ADBEx48@51.16 
Purchases: ABCDx48@51.16 ABACx48@51.16 ACCOx48@51.16 ACADx48@51.16 ADBEx48@51.16 

2011-05-22
Cash: 62.50
Held: ABCDx48@49.81 ABACx48@49.81 ACCOx48@49.81 ACADx48@49.81 ADBEx48@49.81 
Value: 12017.50
Sales: ABCDx48@49.81 ABACx48@49.81 ACCOx48@49.81 ACADx48@49.81 ADBEx48@49.81 
Purchases: ABCDx48@49.81 ABACx48@49.81 ACCOx48@49.81 ACADx48@49.81 ADBEx48@49.81 

2011-05-23
Cash: 62.50
Held: ABCDx48@49.25 ABACx48@49.25 ACCOx48@49.25 ACADx48@49.25 ADBEx48@49.25 
Value: 11882.50
Sales: ABCDx48@49.25 ABACx48@49.25 ACCOx48@49.25 ACADx48@49.25 ADBEx48@49.25 
Purchases: ABCDx48@49.25 ABACx48@49.25 ACCOx48@49.25 ACADx48@49.25 ADBEx48@49.25 

2011-05-24
Cash: 62.50
Held: ABCDx48@48.25 ABACx48@48.25 ACCOx48@48.25 ACADx48@48.25 ADBEx48@48.25 
Value: 11642.50
Sales: ABCDx48@48.25 ABACx48@48.25 ACCOx48@48.25 ACADx48@48.25 ADBEx48@48.25 
Purchases: ABCDx48@48.25 ABACx48@48.25 ACCOx48@48.25 ACADx48@48.25 ADBEx48@48.25 

2011-05-25
Cash: 62.50
Held: ABCDx48@48.72 ABACx48@48.72 ACCOx48@48.72 ACADx48@48.72 ADBEx48@48.72 
Value: 11755.00
Sales: ABCDx48@48.72 ABACx48@48.72 ACCOx48@48.72 ACADx48@48.72 ADBEx48@48.72 
Purchases: ABCDx48@48.72 ABACx48@48.72 ACCOx48@48.72 ACADx48@48.72 ADBEx48@48.72 

2011-05-26
Cash: 62.50
Held: ABCDx48@49.41 ABACx48@49.41 ACCOx48@49.41 ACADx48@49.41 ADBEx48@49.41 
Value: 11920.00
Sales: ABCDx48@49.41 ABACx48@49.41 ACCOx48@49.41 ACADx48@49.41 ADBEx48@49.41 
Purchases: ABCDx48@49.41 ABACx48@49.41 ACCOx48@49.41 ACADx48@49.41 ADBEx48@49.41 

2011-05-30
Cash: 62.50
Held: ABCDx48@49.69 ABACx48@49.69 ACCOx48@49.69 ACADx48@49.69 ADBEx48@49.69 
Value: 11987.50
Sales: ABCDx48@49.69 ABACx48@49.69 ACCOx48@49.69 ACADx48@49.69 ADBEx48@49.69 
Purchases: ABCDx48@49.69 ABACx48@49.69 ACCOx48@49.69 ACADx48@49.69 ADBEx48@49.69 

2011-05-31
Cash: 62.50
Held: ABCDx48@49.78 ABACx48@49.78 ACCOx48@49.78 ACADx48@49.78 ADBEx48@49.78 
Value: 12010.00
Sales: ABCDx48@49.78 ABACx48@49.78 ACCOx48@49.78 ACADx48@49.78 ADBEx48@49.78 
Purchases: ABCDx48@49.78 ABACx48@49.78 ACCOx48@49.78 ACADx48@49.78 ADBEx48@49.78 

2011-06-01
Cash: 62.50
Held: ABCDx48@48.16 ABACx48@48.16 ACCOx48@48.16 ACADx48@48.16 ADBEx48@48.16 
Value: 11620.00
Sales: ABCDx48@48.16 ABACx48@48.16 ACCOx48@48.16 ACADx48@48.16 ADBEx48@48.16 
Purchases: ABCDx48@48.16 ABACx48@48.16 ACCOx48@48.16 ACADx48@48.16 ADBEx48@48.16 

2011-06-02
Cash: 62.50
Held: ABCDx48@47.38 ABACx48@47.38 ACCOx48@47.38 ACADx48@47.38 ADBEx48@47.38 
Value: 11432.50
Sales: ABCDx48@47.38 ABACx48@47.38 ACCOx48@47.38 ACADx48@47.38 ADBEx48@47.38 
Purchases: ABCDx48@47.38 ABACx48@47.38 ACCOx48@47.38 ACADx48@47.38 ADBEx48@47.38 

2011-06-05
Cash: 62.50
Held: ABCDx48@47.25 ABACx48@47.25 ACCOx48@47.25 ACADx48@47.25 ADBEx48@47.25 
Value: 11402.50
Sales: ABCDx48@47.25 ABACx48@47.25 ACCOx48@47.25 ACADx48@47.25 ADBEx48@47.25 
Purchases: ABCDx48@47.25 ABACx48@47.25 ACCOx48@47.25 ACADx48@47.25 ADBEx48@47.25 

2011-06-06
Cash: 62.50
Held: ABCDx48@47.50 ABACx48@47.50 ACCOx48@47.50 ACADx48@47.50 ADBEx48@47.50 
Value: 11462.50
Sales: ABCDx48@47.50 ABACx48@47.50 ACCOx48@47.50 ACADx48@47.50 ADBEx48@47.50 
Purchases: ABCDx48@47.50 ABACx48@47.50 ACCOx48@47.50 ACADx48@47.50 ADBEx48@47.50 

2011-06-07
Cash: 62.50
Held: ABCDx48@47.53 ABACx48@47.53 ACCOx48@47.53 ACADx48@47.53 ADBEx48@47.53 
Value: 11470.00
Sales: ABCDx48@47.53 ABACx48@47.53 ACCOx48@47.53 ACADx48@47.53 ADBEx48@47.53 
Purchases: ABCDx48@47.53 ABACx48@47.53 ACCOx48@47.53 ACADx48@47.53 ADBEx48@47.53 

2011-06-08
Cash: 62.50
Held: ABCDx48@47.84 ABACx48@47.84 ACCOx48@47.84 ACADx48@47.84 ADBEx48@47.84 
Value: 11545.00
Sales: ABCDx48@47.84 ABACx48@47.84 ACCOx48@47.84 ACADx48@47.84 ADBEx48@47.84 
Purchases: ABCDx48@47.84 ABACx48@47.84 ACCOx48@47.84 ACADx48@47.84 ADBEx48@47.84 

2011-06-09
Cash: 62.50
Held: ABCDx48@48.44 ABACx48@48.44 ACCOx48@48.44 ACADx48@48.44 ADBEx48@48.44 
Value: 11687.50
Sales: ABCDx48@48.44 ABACx48@48.44 ACCOx48@48.44 ACADx48@48.44 ADBEx48@48.44 
Purchases: ABCDx48@48.44 ABACx48@48.44 ACCOx48@48.44 ACADx48@48.44 ADBEx48@48.44 

2011-06-12
Cash: 62.50
Held: ABCDx48@48.25 ABACx48@48.25 ACCOx48@48.25 ACADx48@48.25 ADBEx48@48.25 
Value: 11642.50
Sales: ABCDx48@48.25 ABACx48@48.25 ACCOx48@48.25 ACADx48@48.25 ADBEx48@48.25 
Purchases: ABCDx48@48.25 ABACx48@48.25 ACCOx48@48.25 ACADx48@48.25 ADBEx48@48.25 

2011-06-13
Cash: 62.50
Held: ABCDx48@48.34 ABACx48@48.34 ACCOx48@48.34 ACADx48@48.34 ADBEx48@48.34 
Value: 11665.00
Sales: ABCDx48@48.34 ABACx48@48.34 ACCOx48@48.34 ACADx48@48.34 ADBEx48@48.34 
Purchases: ABCDx48@48.34 ABACx48@48.34 ACCOx48@48.34 ACADx48@48.34 ADBEx48@48.34 

2011-06-14
Cash: 62.50
Held: ABCDx48@48.47 ABACx48@48.47 ACCOx48@48.47 ACADx48@48.47 ADBEx48@48.47 
Value: 11695.00
Sales: ABCDx48@48.47 ABACx48@48.47 ACCOx48@48.47 ACADx48@48.47 ADBEx48@48.47 
Purchases: ABCDx48@48.47 ABACx48@48.47 ACCOx48@48.47 ACADx48@48.47 ADBEx48@48.47 

2011-06-15
Cash: 62.50
Held: ABCDx48@47.25 ABACx48@47.25 ACCOx48@47.25 ACADx48@47.25 ADBEx48@47.25 
Value: 11402.50
Sales: ABCDx48@47.25 ABACx48@47.25 ACCOx48@47.25 ACADx48@47.25 ADBEx48@47.25 
Purchases: ABCDx48@47.25 ABACx48@47.25 ACCOx48@47.25 ACADx48@47.25 ADBEx48@47.25 

2011-06-16
Cash: 62.50
Held: ABCDx48@47.69 ABACx48@47.69 ACCOx48@47.69 ACADx48@47.69 ADBEx48@47.69 
Value: 11507.50
Sales: ABCDx48@47.69 ABACx48@47.69 ACCOx48@47.69 ACADx48@47.69 ADBEx48@47.69 
Purchases: ABCDx48@47.69 ABACx48@47.69 ACCOx48@47.69 ACADx48@47.69 ADBEx48@47.69 

2011-06-19
Cash: 62.50
Held: ABCDx48@47.09 ABACx48@47.09 ACCOx48@47.09 ACADx48@47.09 ADBEx48@47.09 
Value: 11365.00
Sales: ABCDx48@47.09 ABACx48@47.09 ACCOx48@47.09 ACADx48@47.09 ADBEx48@47.09 
Purchases: ABCDx48@47.09 ABACx48@47.09 ACCOx48@47.09 ACADx48@47.09 ADBEx48@47.09 

2011-06-20
Cash: 62.50
Held: ABCDx48@48.69 ABACx48@48.69 ACCOx48@48.69 ACADx48@48.69 ADBEx48@48.69 
Value: 11747.50
Sales: ABCDx48@48.69 ABACx48@48.69 ACCOx48@48.69 ACADx48@48.69 ADBEx48@48.69 
Purchases: ABCDx48@48.69 ABACx48@48.69 ACCOx48@48.69 ACADx48@48.69 ADBEx48@48.69 

2011-06-21
Cash: 62.50
Held: ABCDx48@49.56 ABACx48@49.56 ACCOx48@49.56 ACADx48@49.56 ADBEx48@49.56 
Value: 11957.50
Sales: ABCDx48@49.56 ABACx48@49.56 ACCOx48@49.56 ACADx48@49.56 ADBEx48@49.56 
Purchases: ABCDx48@49.56 ABACx48@49.56 ACCOx48@49.56 ACADx48@49.56 ADBEx48@49.56 

2011-06-22
Cash: 62.50
Held: ABCDx48@48.19 ABACx48@48.19 ACCOx48@48.19 ACADx48@48.19 ADBEx48@48.19 
Value: 11627.50
Sales: ABCDx48@48.19 ABACx48@48.19 ACCOx48@48.19 ACADx48@48.19 ADBEx48@48.19 
Purchases: ABCDx48@48.19 ABACx48@48.19 ACCOx48@48.19 ACADx48@48.19 ADBEx48@48.19 

2011-06-23
Cash: 62.50
Held: ABCDx48@49.31 ABACx48@49.31 ACCOx48@49.31 ACADx48@49.31 ADBEx48@49.31 
Value: 11897.50
Sales: ABCDx48@49.31 ABACx48@49.31 ACCOx48@49.31 ACADx48@49.31 ADBEx48@49.31 
Purchases: ABCDx48@49.31 ABACx48@49.31 ACCOx48@49.31 ACADx48@49.31 ADBEx48@49.31 

2011-06-26
Cash: 62.50
Held: ABCDx48@48.34 ABACx48@48.34 ACCOx48@48.34 ACADx48@48.34 ADBEx48@48.34 
Value: 11665.00
Sales: ABCDx48@48.34 ABACx48@48.34 ACCOx48@48.34 ACADx48@48.34 ADBEx48@48.34 
Purchases: ABCDx48@48.34 ABACx48@48.34 ACCOx48@48.34 ACADx48@48.34 ADBEx48@48.34 

2011-06-27
Cash: 62.50
Held: ABCDx48@49.03 ABACx48@49.03 ACCOx48@49.03 ACADx48@49.03 ADBEx48@49.03 
Value: 11830.00
Sales: ABCDx48@49.03 ABACx48@49.03 ACCOx48@49.03 ACADx48@49.03 ADBEx48@49.03 
Purchases: ABCDx48@49.03 ABACx48@49.03 ACCOx48@49.03 ACADx48@49.03 ADBEx48@49.03 

2011-06-28
Cash: 62.50
Held: ABCDx48@50.78 ABACx48@50.78 ACCOx48@50.78 ACADx48@50.78 ADBEx48@50.78 
Value: 12250.00
Sales: ABCDx48@50.78 ABACx48@50.78 ACCOx48@50.78 ACADx48@50.78 ADBEx48@50.78 
Purchases: ABCDx48@50.78 ABACx48@50.78 ACCOx48@50.78 ACADx48@50.78 ADBEx48@50.78 

2011-06-29
Cash: 62.50
Held: ABCDx48@50.53 ABACx48@50.53 ACCOx48@50.53 ACADx48@50.53 ADBEx48@50.53 
Value: 12190.00
Sales: ABCDx48@50.53 ABACx48@50.53 ACCOx48@50.53 ACADx48@50.53 ADBEx48@50.53 
Purchases: ABCDx48@50.53 ABACx48@50.53 ACCOx48@50.53 ACADx48@50.53 ADBEx48@50.53 

2011-06-30
Cash: 62.50
Held: ABCDx48@51.22 ABACx48@51.22 ACCOx48@51.22 ACADx48@51.22 ADBEx48@51.22 
Value: 12355.00
Sales: ABCDx48@51.22 ABACx48@51.22 ACCOx48@51.22 ACADx48@51.22 ADBEx48@51.22 
Purchases: ABCDx48@51.22 ABACx48@51.22 ACCOx48@51.22 ACADx48@51.22 ADBEx48@51.22 

2011-07-04
Cash: 62.50
Held: ABCDx48@51.94 ABACx48@51.94 ACCOx48@51.94 ACADx48@51.94 ADBEx48@51.94 
Value: 12527.50
Sales: ABCDx48@51.94 ABACx48@51.94 ACCOx48@51.94 ACADx48@51.94 ADBEx48@51.94 
Purchases: ABCDx48@51.94 ABACx48@51.94 ACCOx48@51.94 ACADx48@51.94 ADBEx48@51.94 

2011-07-05
Cash: 62.50
Held: ABCDx48@51.50 ABACx48@51.50 ACCOx48@51.50 ACADx48@51.50 ADBEx48@51.50 
Value: 12422.50
Sales: ABCDx48@51.50 ABACx48@51.50 ACCOx48@51.50 ACADx48@51.50 ADBEx48@51.50 
Purchases: ABCDx48@51.50 ABACx48@51.50 ACCOx48@51.50 ACADx48@51.50 ADBEx48@51.50 

2011-07-06
Cash: 62.50
Held: ABCDx48@52.44 ABACx48@52.44 ACCOx48@52.44 ACADx48@52.44 ADBEx48@52.44 
Value: 12647.50
Sales: ABCDx48@52.44 ABACx48@52.44 ACCOx48@52.44 ACADx48@52.44 ADBEx48@52.44 
Purchases: ABCDx48@52.44 ABACx48@52.44 ACCOx48@52.44 ACADx48@52.44 ADBEx48@52.44 

2011-07-07
Cash: 62.50
Held: ABCDx48@51.06 ABACx48@51.06 ACCOx48@51.06 ACADx48@51.06 ADBEx48@51.06 
Value: 12317.50
Sales: ABCDx48@51.06 ABACx48@51.06 ACCOx48@51.06 ACADx48@51.06 ADBEx48@51.06 
Purchases: ABCDx48@51.06 ABACx48@51.06 ACCOx48@51.06 ACADx48@51.06 ADBEx48@51.06 

2011-07-10
Cash: 62.50
Held: ABCDx48@49.44 ABACx48@49.44 ACCOx48@49.44 ACADx48@49.44 ADBEx48@49.44 
Value: 11927.50
Sales: ABCDx48@49.44 ABACx48@49.44 ACCOx48@49.44 ACADx48@49.44 ADBEx48@49.44 
Purchases: ABCDx48@49.44 ABACx48@49.44 ACCOx48@49.44 ACADx48@49.44 ADBEx48@49.44 

2011-07-11
Cash: 62.50
Held: ABCDx48@48.59 ABACx48@48.59 ACCOx48@48.59 ACADx48@48.59 ADBEx48@48.59 
Value: 11725.00
Sales: ABCDx48@48.59 ABACx48@48.59 ACCOx48@48.59 ACADx48@48.59 ADBEx48@48.59 
Purchases: ABCDx48@48.59 ABACx48@48.59 ACCOx48@48.59 ACADx48@48.59 ADBEx48@48.59 

2011-07-12
Cash: 62.50
Held: ABCDx48@48.25 ABACx48@48.25 ACCOx48@48.25 ACADx48@48.25 ADBEx48@48.25 
Value: 11642.50
Sales: ABCDx48@48.25 ABACx48@48.25 ACCOx48@48.25 ACADx48@48.25 ADBEx48@48.25 
Purchases: ABCDx48@48.25 ABACx48@48.25 ACCOx48@48.25 ACADx48@48.25 ADBEx48@48.25 

2011-07-13
Cash: 62.50
Held: ABCDx48@48.28 ABACx48@48.28 ACCOx48@48.28 ACADx48@48.28 ADBEx48@48.28 
Value: 11650.00
Sales: ABCDx48@48.28 ABACx48@48.28 ACCOx48@48.28 ACADx48@48.28 ADBEx48@48.28 
Purchases: ABCDx48@48.28 ABACx48@48.28 ACCOx48@48.28 ACADx48@48.28 ADBEx48@48.28 

2011-07-14
Cash: 62.50
Held: ABCDx48@47.62 ABACx48@47.62 ACCOx48@47.62 ACADx48@47.62 ADBEx48@47.62 
Value: 11492.50
Sales: ABCDx48@47.62 ABACx48@47.62 ACCOx48@47.62 ACADx48@47.62 ADBEx48@47.62 
Purchases: ABCDx48@47.62 ABACx48@47.62 ACCOx48@47.62 ACADx48@47.62 ADBEx48@47.62 

2011-07-17
Cash: 62.50
Held: ABCDx48@46.72 ABACx48@46.72 ACCOx48@46.72 ACADx48@46.72 ADBEx48@46.72 
Value: 11275.00
Sales: ABCDx48@46.72 ABACx48@46.72 ACCOx48@46.72 ACADx48@46.72 ADBEx48@46.72 
Purchases: ABCDx48@46.72 ABACx48@46.72 ACCOx48@46.72 ACADx48@46.72 ADBEx48@46.72 

2011-07-18
Cash: 62.50
Held: ABCDx48@45.75 ABACx48@45.75 ACCOx48@45.75 ACADx48@45.75 ADBEx48@45.75 
Value: 11042.50
Sales: ABCDx48@45.75 ABACx48@45.75 ACCOx48@45.75 ACADx48@45.75 ADBEx48@45.75 
Purchases: ABCDx48@45.75 ABACx48@45.75 ACCOx48@45.75 ACADx48@45.75 ADBEx48@45.75 

2011-07-19
Cash: 62.50
Held: ABCDx48@46.94 ABACx48@46.94 ACCOx48@46.94 ACADx48@46.94 ADBEx48@46.94 
Value: 11327.50
Sales: ABCDx48@46.94 ABACx48@46.94 ACCOx48@46.94 ACADx48@46.94 ADBEx48@46.94 
Purchases: ABCDx48@46.94 ABACx48@46.94 ACCOx48@46.94 ACADx48@46.94 ADBEx48@46.94 

2011-07-20
Cash: 62.50
Held: ABCDx48@47.12 ABACx48@47.12 ACCOx48@47.12 ACADx48@47.12 ADBEx48@47.12 
Value: 11372.50
Sales: ABCDx48@47.12 ABACx48@47.12 ACCOx48@47.12 ACADx48@47.12 ADBEx48@47.12 
Purchases: ABCDx48@47.12 ABACx48@47.12 ACCOx48@47.12 ACADx48@47.12 ADBEx48@47.12 

2011-07-21
Cash: 62.50
Held: ABCDx48@46.94 ABACx48@46.94 ACCOx48@46.94 ACADx48@46.94 ADBEx48@46.94 
Value: 11327.50
Sales: ABCDx48@46.94 ABACx48@46.94 ACCOx48@46.94 ACADx48@46.94 ADBEx48@46.94 
Purchases: ABCDx48@46.94 ABACx48@46.94 ACCOx48@46.94 ACADx48@46.94 ADBEx48@46.94 

2011-07-24
Cash: 62.50
Held: ABCDx48@46.19 ABACx48@46.19 ACCOx48@46.19 ACADx48@46.19 ADBEx48@46.19 
Value: 11147.50
Sales: ABCDx48@46.19 ABACx48@46.19 ACCOx48@46.19 ACADx48@46.19 ADBEx48@46.19 
Purchases: ABCDx48@46.19 ABACx48@46.19 ACCOx48@46.19 ACADx48@46.19 ADBEx48@46.19 

2011-07-25
Cash: 62.50
Held: ABCDx48@45.84 ABACx48@45.84 ACCOx48@45.84 ACADx48@45.84 ADBEx48@45.84 
Value: 11065.00
Sales: ABCDx48@45.84 ABACx48@45.84 ACCOx48@45.84 ACADx48@45.84 ADBEx48@45.84 
Purchases: ABCDx48@45.84 ABACx48@45.84 ACCOx48@45.84 ACADx48@45.84 ADBEx48@45.84 

2011-07-26
Cash: 62.50
Held: ABCDx48@44.44 ABACx48@44.44 ACCOx48@44.44 ACADx48@44.44 ADBEx48@44.44 
Value: 10727.50
Sales: ABCDx48@44.44 ABACx48@44.44 ACCOx48@44.44 ACADx48@44.44 ADBEx48@44.44 
Purchases: ABCDx48@44.44 ABACx48@44.44 ACCOx48@44.44 ACADx48@44.44 ADBEx48@44.44 

2011-07-27
Cash: 62.50
Held: ABCDx48@42.38 ABACx48@42.38 ACCOx48@42.38 ACADx48@42.38 ADBEx48@42.38 
Value: 10232.50
Sales: ABCDx48@42.38 ABACx48@42.38 ACCOx48@42.38 ACADx48@42.38 ADBEx48@42.38 
Purchases: ABCDx48@42.38 ABACx48@42.38 ACCOx48@42.38 ACADx48@42.38 ADBEx48@42.38 

2011-07-28
Cash: 62.50
Held: ABCDx48@41.53 ABACx48@41.53 ACCOx48@41.53 ACADx48@41.53 ADBEx48@41.53 
Value: 10030.00
Sales: ABCDx48@41.53 ABACx48@41.53 ACCOx48@41.53 ACADx48@41.53 ADBEx48@41.53 
Purchases: ABCDx48@41.53 ABACx48@41.53 ACCOx48@41.53 ACADx48@41.53 ADBEx48@41.53 

2011-07-31
Cash: 62.50
Held: ABCDx48@42.62 ABACx48@42.62 ACCOx48@42.62 ACADx48@42.62 ADBEx48@42.62 
Value: 10292.50
Sales: ABCDx48@42.62 ABACx48@42.62 ACCOx48@42.62 ACADx48@42.62 ADBEx48@42.62 
Purchases: ABCDx48@42.62 ABACx48@42.62 ACCOx48@42.62 ACADx48@42.62 ADBEx48@42.62 

2011-08-01
Cash: 62.50
Held: ABCDx48@40.34 ABACx48@40.34 ACCOx48@40.34 ACADx48@40.34 ADBEx48@40.34 
Value: 9745.00
Sales: ABCDx48@40.34 ABACx48@40.34 ACCOx48@40.34 ACADx48@40.34 ADBEx48@40.34 
Purchases: ABCDx48@40.34 ABACx48@40.34 ACCOx48@40.34 ACADx48@40.34 ADBEx48@40.34 

2011-08-02
Cash: 62.50
Held: ABCDx48@39.09 ABACx48@39.09 ACCOx48@39.09 ACADx48@39.09 ADBEx48@39.09 
Value: 9445.00
Sales: ABCDx48@39.09 ABACx48@39.09 ACCOx48@39.09 ACADx48@39.09 ADBEx48@39.09 
Purchases: ABCDx48@39.09 ABACx48@39.09 ACCOx48@39.09 ACADx48@39.09 ADBEx48@39.09 

2011-08-03
Cash: 62.50
Held: ABCDx48@38.84 ABACx48@38.84 ACCOx48@38.84 ACADx48@38.84 ADBEx48@38.84 
Value: 9385.00
Sales: ABCDx48@38.84 ABACx48@38.84 ACCOx48@38.84 ACADx48@38.84 ADBEx48@38.84 
Purchases: ABCDx48@38.84 ABACx48@38.84 ACCOx48@38.84 ACADx48@38.84 ADBEx48@38.84 

2011-08-04
Cash: 62.50
Held: ABCDx48@37.59 ABACx48@37.59 ACCOx48@37.59 ACADx48@37.59 ADBEx48@37.59 
Value: 9085.00
Sales: ABCDx48@37.59 ABACx48@37.59 ACCOx48@37.59 ACADx48@37.59 ADBEx48@37.59 
Purchases: ABCDx48@37.59 ABACx48@37.59 ACCOx48@37.59 ACADx48@37.59 ADBEx48@37.59 

2011-08-07
Cash: 62.50
Held: ABCDx48@35.44 ABACx48@35.44 ACCOx48@35.44 ACADx48@35.44 ADBEx48@35.44 
Value: 8567.50
Sales: ABCDx48@35.44 ABACx48@35.44 ACCOx48@35.44 ACADx48@35.44 ADBEx48@35.44 
Purchases: ABCDx48@35.44 ABACx48@35.44 ACCOx48@35.44 ACADx48@35.44 ADBEx48@35.44 

2011-08-08
Cash: 62.50
Held: ABCDx48@33.28 ABACx48@33.28 ACCOx48@33.28 ACADx48@33.28 ADBEx48@33.28 
Value: 8050.00
Sales: ABCDx48@33.28 ABACx48@33.28 ACCOx48@33.28 ACADx48@33.28 ADBEx48@33.28 
Purchases: ABCDx48@33.28 ABACx48@33.28 ACCOx48@33.28 ACADx48@33.28 ADBEx48@33.28 

2011-08-09
Cash: 62.50
Held: ABCDx48@33.31 ABACx48@33.31 ACCOx48@33.31 ACADx48@33.31 ADBEx48@33.31 
Value: 8057.50
Sales: ABCDx48@33.31 ABACx48@33.31 ACCOx48@33.31 ACADx48@33.31 ADBEx48@33.31 
Purchases: ABCDx48@33.31 ABACx48@33.31 ACCOx48@33.31 ACADx48@33.31 ADBEx48@33.31 

2011-08-10
Cash: 62.50
Held: ABCDx48@32.12 ABACx48@32.12 ACCOx48@32.12 ACADx48@32.12 ADBEx48@32.12 
Value: 7772.50
Sales: ABCDx48@32.12 ABACx48@32.12 ACCOx48@32.12 ACADx48@32.12 ADBEx48@32.12 
Purchases: ABCDx48@32.12 ABACx48@32.12 ACCOx48@32.12 ACADx48@32.12 ADBEx48@32.12 

2011-08-11
Cash: 62.50
Held: ABCDx48@34.94 ABACx48@34.94 ACCOx48@34.94 ACADx48@34.94 ADBEx48@34.94 
Value: 8447.50
Sales: ABCDx48@34.94 ABACx48@34.94 ACCOx48@34.94 ACADx48@34.94 ADBEx48@34.94 
Purchases: ABCDx48@34.94 ABACx48@34.94 ACCOx48@34.94 ACADx48@34.94 ADBEx48@34.94 

2011-08-14
Cash: 62.50
Held: ABCDx48@36.72 ABACx48@36.72 ACCOx48@36.72 ACADx48@36.72 ADBEx48@36.72 
Value: 8875.00
Sales: ABCDx48@36.72 ABACx48@36.72 ACCOx48@36.72 ACADx48@36.72 ADBEx48@36.72 
Purchases: ABCDx48@36.72 ABACx48@36.72 ACCOx48@36.72 ACADx48@36.72 ADBEx48@36.72 

2011-08-15
Cash: 62.50
Held: ABCDx48@36.97 ABACx48@36.97 ACCOx48@36.97 ACADx48@36.97 ADBEx48@36.97 
Value: 8935.00
Sales: ABCDx48@36.97 ABACx48@36.97 ACCOx48@36.97 ACADx48@36.97 ADBEx48@36.97 
Purchases: ABCDx48@36.97 ABACx48@36.97 ACCOx48@36.97 ACADx48@36.97 ADBEx48@36.97 

2011-08-16
Cash: 62.50
Held: ABCDx48@36.88 ABACx48@36.88 ACCOx48@36.88 ACADx48@36.88 ADBEx48@36.88 
Value: 8912.50
Sales: ABCDx48@36.88 ABACx48@36.88 ACCOx48@36.88 ACADx48@36.88 ADBEx48@36.88 
Purchases: ABCDx48@36.88 ABACx48@36.88 ACCOx48@36.88 ACADx48@36.88 ADBEx48@36.88 

2011-08-17
Cash: 62.50
Held: ABCDx48@34.59 ABACx48@34.59 ACCOx48@34.59 ACADx48@34.59 ADBEx48@34.59 
Value: 8365.00
Sales: ABCDx48@34.59 ABACx48@34.59 ACCOx48@34.59 ACADx48@34.59 ADBEx48@34.59 
Purchases: ABCDx48@34.59 ABACx48@34.59 ACCOx48@34.59 ACADx48@34.59 ADBEx48@34.59 

2011-08-18
Cash: 62.50
Held: ABCDx48@31.73 ABACx48@31.73 ACCOx48@31.73 ACADx48@31.73 ADBEx48@31.73 
Value: 7678.75
Sales: ABCDx48@31.73 ABACx48@31.73 ACCOx48@31.73 ACADx48@31.73 ADBEx48@31.73 
Purchases: ABCDx48@31.73 ABACx48@31.73 ACCOx48@31.73 ACADx48@31.73 ADBEx48@31.73 

2011-08-21
Cash: 62.50
Held: ABCDx48@31.98 ABACx48@31.98 ACCOx48@31.98 ACADx48@31.98 ADBEx48@31.98 
Value: 7738.75
Sales: ABCDx48@31.98 ABACx48@31.98 ACCOx48@31.98 ACADx48@31.98 ADBEx48@31.98 
Purchases: ABCDx48@31.98 ABACx48@31.98 ACCOx48@31.98 ACADx48@31.98 ADBEx48@31.98 

2011-08-22
Cash: 62.50
Held: ABCDx48@30.73 ABACx48@30.73 ACCOx48@30.73 ACADx48@30.73 ADBEx48@30.73 
Value: 7438.75
Sales: ABCDx48@30.73 ABACx48@30.73 ACCOx48@30.73 ACADx48@30.73 ADBEx48@30.73 
Purchases: ABCDx48@30.73 ABACx48@30.73 ACCOx48@30.73 ACADx48@30.73 ADBEx48@30.73 

2011-08-23
Cash: 62.50
Held: ABCDx48@31.86 ABACx48@31.86 ACCOx48@31.86 ACADx48@31.86 ADBEx48@31.86 
Value: 7708.75
Sales: ABCDx48@31.86 ABACx48@31.86 ACCOx48@31.86 ACADx48@31.86 ADBEx48@31.86 
Purchases: ABCDx48@31.86 ABACx48@31.86 ACCOx48@31.86 ACADx48@31.86 ADBEx48@31.86 

2011-08-24
Cash: 62.50
Held: ABCDx48@33.44 ABACx48@33.44 ACCOx48@33.44 ACADx48@33.44 ADBEx48@33.44 
Value: 8087.50
Sales: ABCDx48@33.44 ABACx48@33.44 ACCOx48@33.44 ACADx48@33.44 ADBEx48@33.44 
Purchases: ABCDx48@33.44 ABACx48@33.44 ACCOx48@33.44 ACADx48@33.44 ADBEx48@33.44 

2011-08-25
Cash: 62.50
Held: ABCDx48@32.62 ABACx48@32.62 ACCOx48@32.62 ACADx48@32.62 ADBEx48@32.62 
Value: 7892.50
Sales: ABCDx48@32.62 ABACx48@32.62 ACCOx48@32.62 ACADx48@32.62 ADBEx48@32.62 
Purchases: ABCDx48@32.62 ABACx48@32.62 ACCOx48@32.62 ACADx48@32.62 ADBEx48@32.62 

2011-08-28
Cash: 62.50
Held: ABCDx48@35.44 ABACx48@35.44 ACCOx48@35.44 ACADx48@35.44 ADBEx48@35.44 
Value: 8567.50
Sales: ABCDx48@35.44 ABACx48@35.44 ACCOx48@35.44 ACADx48@35.44 ADBEx48@35.44 
Purchases: ABCDx48@35.44 ABACx48@35.44 ACCOx48@35.44 ACADx48@35.44 ADBEx48@35.44 

2011-08-29
Cash: 62.50
Held: ABCDx48@36.47 ABACx48@36.47 ACCOx48@36.47 ACADx48@36.47 ADBEx48@36.47 
Value: 8815.00
Sales: ABCDx48@36.47 ABACx48@36.47 ACCOx48@36.47 ACADx48@36.47 ADBEx48@36.47 
Purchases: ABCDx48@36.47 ABACx48@36.47 ACCOx48@36.47 ACADx48@36.47 ADBEx48@36.47 

2011-08-30
Cash: 62.50
Held: ABCDx48@36.75 ABACx48@36.75 ACCOx48@36.75 ACADx48@36.75 ADBEx48@36.75 
Value: 8882.50
Sales: ABCDx48@36.75 ABACx48@36.75 ACCOx48@36.75 ACADx48@36.75 ADBEx48@36.75 
Purchases: ABCDx48@36.75 ABACx48@36.75 ACCOx48@36.75 ACADx48@36.75 ADBEx48@36.75 

2011-08-31
Cash: 62.50
Held: ABCDx48@36.81 ABACx48@36.81 ACCOx48@36.81 ACADx48@36.81 ADBEx48@36.81 
Value: 8897.50
Sales: ABCDx48@36.81 ABACx48@36.81 ACCOx48@36.81 ACADx48@36.81 ADBEx48@36.81 
Purchases: ABCDx48@36.81 ABACx48@36.81 ACCOx48@36.81 ACADx48@36.81 ADBEx48@36.81 

2011-09-01
Cash: 62.50
Held: ABCDx48@34.91 ABACx48@34.91 ACCOx48@34.91 ACADx48@34.91 ADBEx48@34.91 
Value: 8440.00
Sales: ABCDx48@34.91 ABACx48@34.91 ACCOx48@34.91 ACADx48@34.91 ADBEx48@34.91 
Purchases: ABCDx48@34.91 ABACx48@34.91 ACCOx48@34.91 ACADx48@34.91 ADBEx48@34.91 

2011-09-05
Cash: 62.50
Held: ABCDx48@32.78 ABACx48@32.78 ACCOx48@32.78 ACADx48@32.78 ADBEx48@32.78 
Value: 7930.00
Sales: ABCDx48@32.78 ABACx48@32.78 ACCOx48@32.78 ACADx48@32.78 ADBEx48@32.78 
Purchases: ABCDx48@32.78 ABACx48@32.78 ACCOx48@32.78 ACADx48@32.78 ADBEx48@32.78 

2011-09-06
Cash: 62.50
Held: ABCDx48@34.44 ABACx48@34.44 ACCOx48@34.44 ACADx48@34.44 ADBEx48@34.44 
Value: 8327.50
Sales: ABCDx48@34.44 ABACx48@34.44 ACCOx48@34.44 ACADx48@34.44 ADBEx48@34.44 
Purchases: ABCDx48@34.44 ABACx48@34.44 ACCOx48@34.44 ACADx48@34.44 ADBEx48@34.44 

2011-09-07
Cash: 62.50
Held: ABCDx48@35.41 ABACx48@35.41 ACCOx48@35.41 ACADx48@35.41 ADBEx48@35.41 
Value: 8560.00
Sales: ABCDx48@35.41 ABACx48@35.41 ACCOx48@35.41 ACADx48@35.41 ADBEx48@35.41 
Purchases: ABCDx48@35.41 ABACx48@35.41 ACCOx48@35.41 ACADx48@35.41 ADBEx48@35.41 

2011-09-08
Cash: 62.50
Held: ABCDx48@33.66 ABACx48@33.66 ACCOx48@33.66 ACADx48@33.66 ADBEx48@33.66 
Value: 8140.00
Sales: ABCDx48@33.66 ABACx48@33.66 ACCOx48@33.66 ACADx48@33.66 ADBEx48@33.66 
Purchases: ABCDx48@33.66 ABACx48@33.66 ACCOx48@33.66 ACADx48@33.66 ADBEx48@33.66 

2011-09-11
Cash: 62.50
Held: ABCDx48@32.69 ABACx48@32.69 ACCOx48@32.69 ACADx48@32.69 ADBEx48@32.69 
Value: 7907.50
Sales: ABCDx48@32.69 ABACx48@32.69 ACCOx48@32.69 ACADx48@32.69 ADBEx48@32.69 
Purchases: ABCDx48@32.69 ABACx48@32.69 ACCOx48@32.69 ACADx48@32.69 ADBEx48@32.69 

2011-09-12
Cash: 62.50
Held: ABCDx48@33.53 ABACx48@33.53 ACCOx48@33.53 ACADx48@33.53 ADBEx48@33.53 
Value: 8110.00
Sales: ABCDx48@33.53 ABACx48@33.53 ACCOx48@33.53 ACADx48@33.53 ADBEx48@33.53 
Purchases: ABCDx48@33.53 ABACx48@33.53 ACCOx48@33.53 ACADx48@33.53 ADBEx48@33.53 

2011-09-13
Cash: 62.50
Held: ABCDx48@35.12 ABACx48@35.12 ACCOx48@35.12 ACADx48@35.12 ADBEx48@35.12 
Value: 8492.50
Sales: ABCDx48@35.12 ABACx48@35.12 ACCOx48@35.12 ACADx48@35.12 ADBEx48@35.12 
Purchases: ABCDx48@35.12 ABACx48@35.12 ACCOx48@35.12 ACADx48@35.12 ADBEx48@35.12 

2011-09-14
Cash: 62.50
Held: ABCDx48@37.12 ABACx48@37.12 ACCOx48@37.12 ACADx48@37.12 ADBEx48@37.12 
Value: 8972.50
Sales: ABCDx48@37.12 ABACx48@37.12 ACCOx48@37.12 ACADx48@37.12 ADBEx48@37.12 
Purchases: ABCDx48@37.12 ABACx48@37.12 ACCOx48@37.12 ACADx48@37.12 ADBEx48@37.12 

2011-09-15
Cash: 62.50
Held: ABCDx48@37.19 ABACx48@37.19 ACCOx48@37.19 ACADx48@37.19 ADBEx48@37.19 
Value: 8987.50
Sales: ABCDx48@37.19 ABACx48@37.19 ACCOx48@37.19 ACADx48@37.19 ADBEx48@37.19 
Purchases: ABCDx48@37.19 ABACx48@37.19 ACCOx48@37.19 ACADx48@37.19 ADBEx48@37.19 

2011-09-18
Cash: 62.50
Held: ABCDx48@35.41 ABACx48@35.41 ACCOx48@35.41 ACADx48@35.41 ADBEx48@35.41 
Value: 8560.00
Sales: ABCDx48@35.41 ABACx48@35.41 ACCOx48@35.41 ACADx48@35.41 ADBEx48@35.41 
Purchases: ABCDx48@35.41 ABACx48@35.41 ACCOx48@35.41 ACADx48@35.41 ADBEx48@35.41 

2011-09-19
Cash: 62.50
Held: ABCDx48@35.34 ABACx48@35.34 ACCOx48@35.34 ACADx48@35.34 ADBEx48@35.34 
Value: 8545.00
Sales: ABCDx48@35.34 ABACx48@35.34 ACCOx48@35.34 ACADx48@35.34 ADBEx48@35.34 
Purchases: ABCDx48@35.34 ABACx48@35.34 ACCOx48@35.34 ACADx48@35.34 ADBEx48@35.34 

2011-09-20
Cash: 62.50
Held: ABCDx48@35.09 ABACx48@35.09 ACCOx48@35.09 ACADx48@35.09 ADBEx48@35.09 
Value: 8485.00
Sales: ABCDx48@35.09 ABACx48@35.09 ACCOx48@35.09 ACADx48@35.09 ADBEx48@35.09 
Purchases: ABCDx48@35.09 ABACx48@35.09 ACCOx48@35.09 ACADx48@35.09 ADBEx48@35.09 

2011-09-21
Cash: 62.50
Held: ABCDx48@31.09 ABACx48@31.09 ACCOx48@31.09 ACADx48@31.09 ADBEx48@31.09 
Value: 7525.00
Sales: ABCDx48@31.09 ABACx48@31.09 ACCOx48@31.09 ACADx48@31.09 ADBEx48@31.09 
Purchases: ABCDx48@31.09 ABACx48@31.09 ACCOx48@31.09 ACADx48@31.09 ADBEx48@31.09 

2011-09-22
Cash: 62.50
Held: ABCDx48@31.00 ABACx48@31.00 ACCOx48@31.00 ACADx48@31.00 ADBEx48@31.00 
Value: 7502.50
Sales: ABCDx48@31.00 ABACx48@31.00 ACCOx48@31.00 ACADx48@31.00 ADBEx48@31.00 
Purchases: ABCDx48@31.00 ABACx48@31.00 ACCOx48@31.00 ACADx48@31.00 ADBEx48@31.00 

2011-09-25
Cash: 62.50
Held: ABCDx48@32.03 ABACx48@32.03 ACCOx48@32.03 ACADx48@32.03 ADBEx48@32.03 
Value: 7750.00
Sales: ABCDx48@32.03 ABACx48@32.03 ACCOx48@32.03 ACADx48@32.03 ADBEx48@32.03 
Purchases: ABCDx48@32.03 ABACx48@32.03 ACCOx48@32.03 ACADx48@32.03 ADBEx48@32.03 

2011-09-26
Cash: 62.50
Held: ABCDx48@33.41 ABACx48@33.41 ACCOx48@33.41 ACADx48@33.41 ADBEx48@33.41 
Value: 8080.00
Sales: ABCDx48@33.41 ABACx48@33.41 ACCOx48@33.41 ACADx48@33.41 ADBEx48@33.41 
Purchases: ABCDx48@33.41 ABACx48@33.41 ACCOx48@33.41 ACADx48@33.41 ADBEx48@33.41 

2011-09-27
Cash: 62.50
Held: ABCDx48@33.66 ABACx48@33.66 ACCOx48@33.66 ACADx48@33.66 ADBEx48@33.66 
Value: 8140.00
Sales: ABCDx48@33.66 ABACx48@33.66 ACCOx48@33.66 ACADx48@33.66 ADBEx48@33.66 
Purchases: ABCDx48@33.66 ABACx48@33.66 ACCOx48@33.66 ACADx48@33.66 ADBEx48@33.66 

2011-09-28
Cash: 62.50
Held: ABCDx48@32.50 ABACx48@32.50 ACCOx48@32.50 ACADx48@32.50 ADBEx48@32.50 
Value: 7862.50
Sales: ABCDx48@32.50 ABACx48@32.50 ACCOx48@32.50 ACADx48@32.50 ADBEx48@32.50 
Purchases: ABCDx48@32.50 ABACx48@32.50 ACCOx48@32.50 ACADx48@32.50 ADBEx48@32.50 

2011-09-29
Cash: 62.50
Held: ABCDx48@31.83 ABACx48@31.83 ACCOx48@31.83 ACADx48@31.83 ADBEx48@31.83 
Value: 7701.25
Sales: ABCDx48@31.83 ABACx48@31.83 ACCOx48@31.83 ACADx48@31.83 ADBEx48@31.83 
Purchases: ABCDx48@31.83 ABACx48@31.83 ACCOx48@31.83 ACADx48@31.83 ADBEx48@31.83 

2011-10-02
Cash: 62.50
Held: ABCDx48@30.91 ABACx48@30.91 ACCOx48@30.91 ACADx48@30.91 ADBEx48@30.91 
Value: 7480.00
Sales: ABCDx48@30.91 ABACx48@30.91 ACCOx48@30.91 ACADx48@30.91 ADBEx48@30.91 
Purchases: ABCDx48@30.91 ABACx48@30.91 ACCOx48@30.91 ACADx48@30.91 ADBEx48@30.91 

2011-10-03
Cash: 62.50
Held: ABCDx48@28.88 ABACx48@28.88 ACCOx48@28.88 ACADx48@28.88 ADBEx48@28.88 
Value: 6992.50
Sales: ABCDx48@28.88 ABACx48@28.88 ACCOx48@28.88 ACADx48@28.88 ADBEx48@28.88 
Purchases: ABCDx48@28.88 ABACx48@28.88 ACCOx48@28.88 ACADx48@28.88 ADBEx48@28.88 

2011-10-04
Cash: 62.50
Held: ABCDx48@31.12 ABACx48@31.12 ACCOx48@31.12 ACADx48@31.12 ADBEx48@31.12 
Value: 7532.50
Sales: ABCDx48@31.12 ABACx48@31.12 ACCOx48@31.12 ACADx48@31.12 ADBEx48@31.12 
Purchases: ABCDx48@31.12 ABACx48@31.12 ACCOx48@31.12 ACADx48@31.12 ADBEx48@31.12 

2011-10-05
Cash: 62.50
Held: ABCDx48@31.97 ABACx48@31.97 ACCOx48@31.97 ACADx48@31.97 ADBEx48@31.97 
Value: 7735.00
Sales: ABCDx48@31.97 ABACx48@31.97 ACCOx48@31.97 ACADx48@31.97 ADBEx48@31.97 
Purchases: ABCDx48@31.97 ABACx48@31.97 ACCOx48@31.97 ACADx48@31.97 ADBEx48@31.97 

2011-10-06
Cash: 62.50
Held: ABCDx48@32.31 ABACx48@32.31 ACCOx48@32.31 ACADx48@32.31 ADBEx48@32.31 
Value: 7817.50
Sales: ABCDx48@32.31 ABACx48@32.31 ACCOx48@32.31 ACADx48@32.31 ADBEx48@32.31 
Purchases: ABCDx48@32.31 ABACx48@32.31 ACCOx48@32.31 ACADx48@32.31 ADBEx48@32.31 

2011-10-09
Cash: 62.50
Held: ABCDx48@32.12 ABACx48@32.12 ACCOx48@32.12 ACADx48@32.12 ADBEx48@32.12 
Value: 7772.50
Sales: ABCDx48@32.12 ABACx48@32.12 ACCOx48@32.12 ACADx48@32.12 ADBEx48@32.12 
Purchases: ABCDx48@32.12 ABACx48@32.12 ACCOx48@32.12 ACADx48@32.12 ADBEx48@32.12 

2011-10-10
Cash: 62.50
Held: ABCDx48@32.88 ABACx48@32.88 ACCOx48@32.88 ACADx48@32.88 ADBEx48@32.88 
Value: 7952.50
Sales: ABCDx48@32.88 ABACx48@32.88 ACCOx48@32.88 ACADx48@32.88 ADBEx48@32.88 
Purchases: ABCDx48@32.88 ABACx48@32.88 ACCOx48@32.88 ACADx48@32.88 ADBEx48@32.88 

2011-10-11
Cash: 62.50
Held: ABCDx48@34.22 ABACx48@34.22 ACCOx48@34.22 ACADx48@34.22 ADBEx48@34.22 
Value: 8275.00
Sales: ABCDx48@34.22 ABACx48@34.22 ACCOx48@34.22 ACADx48@34.22 ADBEx48@34.22 
Purchases: ABCDx48@34.22 ABACx48@34.22 ACCOx48@34.22 ACADx48@34.22 ADBEx48@34.22 

2011-10-12
Cash: 62.50
Held: ABCDx48@33.34 ABACx48@33.34 ACCOx48@33.34 ACADx48@33.34 ADBEx48@33.34 
Value: 8065.00
Sales: ABCDx48@33.34 ABACx48@33.34 ACCOx48@33.34 ACADx48@33.34 ADBEx48@33.34 
Purchases: ABCDx48@33.34 ABACx48@33.34 ACCOx48@33.34 ACADx48@33.34 ADBEx48@33.34 

2011-10-13
Cash: 62.50
Held: ABCDx48@33.16 ABACx48@33.16 ACCOx48@33.16 ACADx48@33.16 ADBEx48@33.16 
Value: 8020.00
Sales: ABCDx48@33.16 ABACx48@33.16 ACCOx48@33.16 ACADx48@33.16 ADBEx48@33.16 
Purchases: ABCDx48@33.16 ABACx48@33.16 ACCOx48@33.16 ACADx48@33.16 ADBEx48@33.16 

2011-10-16
Cash: 62.50
Held: ABCDx48@33.03 ABACx48@33.03 ACCOx48@33.03 ACADx48@33.03 ADBEx48@33.03 
Value: 7990.00
Sales: ABCDx48@33.03 ABACx48@33.03 ACCOx48@33.03 ACADx48@33.03 ADBEx48@33.03 
Purchases: ABCDx48@33.03 ABACx48@33.03 ACCOx48@33.03 ACADx48@33.03 ADBEx48@33.03 

2011-10-17
Cash: 62.50
Held: ABCDx48@33.03 ABACx48@33.03 ACCOx48@33.03 ACADx48@33.03 ADBEx48@33.03 
Value: 7990.00
Sales: ABCDx48@33.03 ABACx48@33.03 ACCOx48@33.03 ACADx48@33.03 ADBEx48@33.03 
Purchases: ABCDx48@33.03 ABACx48@33.03 ACCOx48@33.03 ACADx48@33.03 ADBEx48@33.03 

2011-10-18
Cash: 62.50
Held: ABCDx48@33.31 ABACx48@33.31 ACCOx48@33.31 ACADx48@33.31 ADBEx48@33.31 
Value: 8057.50
Sales: ABCDx48@33.31 ABACx48@33.31 ACCOx48@33.31 ACADx48@33.31 ADBEx48@33.31 
Purchases: ABCDx48@33.31 ABACx48@33.31 ACCOx48@33.31 ACADx48@33.31 ADBEx48@33.31 

2011-10-19
Cash: 62.50
Held: ABCDx48@33.12 ABACx48@33.12 ACCOx48@33.12 ACADx48@33.12 ADBEx48@33.12 
Value: 8012.50
Sales: ABCDx48@33.12 ABACx48@33.12 ACCOx48@33.12 ACADx48@33.12 ADBEx48@33.12 
Purchases: ABCDx48@33.12 ABACx48@33.12 ACCOx48@33.12 ACADx48@33.12 ADBEx48@33.12 

2011-10-20
Cash: 62.50
Held: ABCDx48@34.28 ABACx48@34.28 ACCOx48@34.28 ACADx48@34.28 ADBEx48@34.28 
Value: 8290.00
Sales: ABCDx48@34.28 ABACx48@34.28 ACCOx48@34.28 ACADx48@34.28 ADBEx48@34.28 
Purchases: ABCDx48@34.28 ABACx48@34.28 ACCOx48@34.28 ACADx48@34.28 ADBEx48@34.28 

2011-10-23
Cash: 62.50
Held: ABCDx48@35.59 ABACx48@35.59 ACCOx48@35.59 ACADx48@35.59 ADBEx48@35.59 
Value: 8605.00
Sales: ABCDx48@35.59 ABACx48@35.59 ACCOx48@35.59 ACADx48@35.59 ADBEx48@35.59 
Purchases: ABCDx48@35.59 ABACx48@35.59 ACCOx48@35.59 ACADx48@35.59 ADBEx48@35.59 

2011-10-24
Cash: 62.50
Held: ABCDx48@36.94 ABACx48@36.94 ACCOx48@36.94 ACADx48@36.94 ADBEx48@36.94 
Value: 8927.50
Sales: ABCDx48@36.94 ABACx48@36.94 ACCOx48@36.94 ACADx48@36.94 ADBEx48@36.94 
Purchases: ABCDx48@36.94 ABACx48@36.94 ACCOx48@36.94 ACADx48@36.94 ADBEx48@36.94 

2011-10-25
Cash: 62.50
Held: ABCDx48@35.97 ABACx48@35.97 ACCOx48@35.97 ACADx48@35.97 ADBEx48@35.97 
Value: 8695.00
Sales: ABCDx48@35.97 ABACx48@35.97 ACCOx48@35.97 ACADx48@35.97 ADBEx48@35.97 
Purchases: ABCDx48@35.97 ABACx48@35.97 ACCOx48@35.97 ACADx48@35.97 ADBEx48@35.97 

2011-10-26
Cash: 62.50
Held: ABCDx48@37.81 ABACx48@37.81 ACCOx48@37.81 ACADx48@37.81 ADBEx48@37.81 
Value: 9137.50
Sales: ABCDx48@37.81 ABACx48@37.81 ACCOx48@37.81 ACADx48@37.81 ADBEx48@37.81 
Purchases: ABCDx48@37.81 ABACx48@37.81 ACCOx48@37.81 ACADx48@37.81 ADBEx48@37.81 

2011-10-27
Cash: 62.50
Held: ABCDx48@39.84 ABACx48@39.84 ACCOx48@39.84 ACADx48@39.84 ADBEx48@39.84 
Value: 9625.00
Sales: ABCDx48@39.84 ABACx48@39.84 ACCOx48@39.84 ACADx48@39.84 ADBEx48@39.84 
Purchases: ABCDx48@39.84 ABACx48@39.84 ACCOx48@39.84 ACADx48@39.84 ADBEx48@39.84 

2011-10-30
Cash: 62.50
Held: ABCDx48@39.84 ABACx48@39.84 ACCOx48@39.84 ACADx48@39.84 ADBEx48@39.84 
Value: 9625.00
Sales: ABCDx48@39.84 ABACx48@39.84 ACCOx48@39.84 ACADx48@39.84 ADBEx48@39.84 
Purchases: ABCDx48@39.84 ABACx48@39.84 ACCOx48@39.84 ACADx48@39.84 ADBEx48@39.84 

2011-10-31
Cash: 62.50
Held: ABCDx48@35.25 ABACx48@35.25 ACCOx48@35.25 ACADx48@35.25 ADBEx48@35.25 
Value: 8522.50
Sales: ABCDx48@35.25 ABACx48@35.25 ACCOx48@35.25 ACADx48@35.25 ADBEx48@35.25 
Purchases: ABCDx48@35.25 ABACx48@35.25 ACCOx48@35.25 ACADx48@35.25 ADBEx48@35.25 

2011-11-01
Cash: 62.50
Held: ABCDx48@35.81 ABACx48@35.81 ACCOx48@35.81 ACADx48@35.81 ADBEx48@35.81 
Value: 8657.50
Sales: ABCDx48@35.81 ABACx48@35.81 ACCOx48@35.81 ACADx48@35.81 ADBEx48@35.81 
Purchases: ABCDx48@35.81 ABACx48@35.81 ACCOx48@35.81 ACADx48@35.81 ADBEx48@35.81 

2011-11-02
Cash: 62.50
Held: ABCDx48@36.81 ABACx48@36.81 ACCOx48@36.81 ACADx48@36.81 ADBEx48@36.81 
Value: 8897.50
Sales: ABCDx48@36.81 ABACx48@36.81 ACCOx48@36.81 ACADx48@36.81 ADBEx48@36.81 
Purchases: ABCDx48@36.81 ABACx48@36.81 ACCOx48@36.81 ACADx48@36.81 ADBEx48@36.81 

2011-11-03
Cash: 62.50
Held: ABCDx48@36.56 ABACx48@36.56 ACCOx48@36.56 ACADx48@36.56 ADBEx48@36.56 
Value: 8837.50
Sales: ABCDx48@36.56 ABACx48@36.56 ACCOx48@36.56 ACADx48@36.56 ADBEx48@36.56 
Purchases: ABCDx48@36.56 ABACx48@36.56 ACCOx48@36.56 ACADx48@36.56 ADBEx48@36.56 

2011-11-06
Cash: 62.50
Held: ABCDx48@36.81 ABACx48@36.81 ACCOx48@36.81 ACADx48@36.81 ADBEx48@36.81 
Value: 8897.50
Sales: ABCDx48@36.81 ABACx48@36.81 ACCOx48@36.81 ACADx48@36.81 ADBEx48@36.81 
Purchases: ABCDx48@36.81 ABACx48@36.81 ACCOx48@36.81 ACADx48@36.81 ADBEx48@36.81 

2011-11-07
Cash: 62.50
Held: ABCDx48@38.03 ABACx48@38.03 ACCOx48@38.03 ACADx48@38.03 ADBEx48@38.03 
Value: 9190.00
Sales: ABCDx48@38.03 ABACx48@38.03 ACCOx48@38.03 ACADx48@38.03 ADBEx48@38.03 
Purchases: ABCDx48@38.03 ABACx48@38.03 ACCOx48@38.03 ACADx48@38.03 ADBEx48@38.03 

2011-11-08
Cash: 62.50
Held: ABCDx48@37.41 ABACx48@37.41 ACCOx48@37.41 ACADx48@37.41 ADBEx48@37.41 
Value: 9040.00
Sales: ABCDx48@37.41 ABACx48@37.41 ACCOx48@37.41 ACADx48@37.41 ADBEx48@37.41 
Purchases: ABCDx48@37.41 ABACx48@37.41 ACCOx48@37.41 ACADx48@37.41 ADBEx48@37.41 

2011-11-09
Cash: 62.50
Held: ABCDx48@36.91 ABACx48@36.91 ACCOx48@36.91 ACADx48@36.91 ADBEx48@36.91 
Value: 8920.00
Sales: ABCDx48@36.91 ABACx48@36.91 ACCOx48@36.91 ACADx48@36.91 ADBEx48@36.91 
Purchases: ABCDx48@36.91 ABACx48@36.91 ACCOx48@36.91 ACADx48@36.91 ADBEx48@36.91 

2011-11-10
Cash: 62.50
Held: ABCDx48@37.59 ABACx48@37.59 ACCOx48@37.59 ACADx48@37.59 ADBEx48@37.59 
Value: 9085.00
Sales: ABCDx48@37.59 ABACx48@37.59 ACCOx48@37.59 ACADx48@37.59 ADBEx48@37.59 
Purchases: ABCDx48@37.59 ABACx48@37.59 ACCOx48@37.59 ACADx48@37.59 ADBEx48@37.59 

2011-11-13
Cash: 62.50
Held: ABCDx48@37.12 ABACx48@37.12 ACCOx48@37.12 ACADx48@37.12 ADBEx48@37.12 
Value: 8972.50
Sales: ABCDx48@37.12 ABACx48@37.12 ACCOx48@37.12 ACADx48@37.12 ADBEx48@37.12 
Purchases: ABCDx48@37.12 ABACx48@37.12 ACCOx48@37.12 ACADx48@37.12 ADBEx48@37.12 

2011-11-14
Cash: 62.50
Held: ABCDx48@37.97 ABACx48@37.97 ACCOx48@37.97 ACADx48@37.97 ADBEx48@37.97 
Value: 9175.00
Sales: ABCDx48@37.97 ABACx48@37.97 ACCOx48@37.97 ACADx48@37.97 ADBEx48@37.97 
Purchases: ABCDx48@37.97 ABACx48@37.97 ACCOx48@37.97 ACADx48@37.97 ADBEx48@37.97 

2011-11-15
Cash: 62.50
Held: ABCDx48@37.34 ABACx48@37.34 ACCOx48@37.34 ACADx48@37.34 ADBEx48@37.34 
Value: 9025.00
Sales: ABCDx48@37.34 ABACx48@37.34 ACCOx48@37.34 ACADx48@37.34 ADBEx48@37.34 
Purchases: ABCDx48@37.34 ABACx48@37.34 ACCOx48@37.34 ACADx48@37.34 ADBEx48@37.34 

2011-11-16
Cash: 62.50
Held: ABCDx48@38.34 ABACx48@38.34 ACCOx48@38.34 ACADx48@38.34 ADBEx48@38.34 
Value: 9265.00
Sales: ABCDx48@38.34 ABACx48@38.34 ACCOx48@38.34 ACADx48@38.34 ADBEx48@38.34 
Purchases: ABCDx48@38.34 ABACx48@38.34 ACCOx48@38.34 ACADx48@38.34 ADBEx48@38.34 

2011-11-17
Cash: 62.50
Held: ABCDx48@37.50 ABACx48@37.50 ACCOx48@37.50 ACADx48@37.50 ADBEx48@37.50 
Value: 9062.50
Sales: ABCDx48@37.50 ABACx48@37.50 ACCOx48@37.50 ACADx48@37.50 ADBEx48@37.50 
Purchases: ABCDx48@37.50 ABACx48@37.50 ACCOx48@37.50 ACADx48@37.50 ADBEx48@37.50 

2011-11-20
Cash: 62.50
Held: ABCDx48@35.81 ABACx48@35.81 ACCOx48@35.81 ACADx48@35.81 ADBEx48@35.81 
Value: 8657.50
Sales: ABCDx48@35.81 ABACx48@35.81 ACCOx48@35.81 ACADx48@35.81 ADBEx48@35.81 
Purchases: ABCDx48@35.81 ABACx48@35.81 ACCOx48@35.81 ACADx48@35.81 ADBEx48@35.81 

2011-11-21
Cash: 62.50
Held: ABCDx48@35.62 ABACx48@35.62 ACCOx48@35.62 ACADx48@35.62 ADBEx48@35.62 
Value: 8612.50
Sales: ABCDx48@35.62 ABACx48@35.62 ACCOx48@35.62 ACADx48@35.62 ADBEx48@35.62 
Purchases: ABCDx48@35.62 ABACx48@35.62 ACCOx48@35.62 ACADx48@35.62 ADBEx48@35.62 

2011-11-22
Cash: 62.50
Held: ABCDx48@35.00 ABACx48@35.00 ACCOx48@35.00 ACADx48@35.00 ADBEx48@35.00 
Value: 8462.50
Sales: ABCDx48@35.00 ABACx48@35.00 ACCOx48@35.00 ACADx48@35.00 ADBEx48@35.00 
Purchases: ABCDx48@35.00 ABACx48@35.00 ACCOx48@35.00 ACADx48@35.00 ADBEx48@35.00 

2011-11-24
Cash: 62.50
Held: ABCDx48@33.41 ABACx48@33.41 ACCOx48@33.41 ACADx48@33.41 ADBEx48@33.41 
Value: 8080.00
Sales: ABCDx48@33.41 ABACx48@33.41 ACCOx48@33.41 ACADx48@33.41 ADBEx48@33.41 
Purchases: ABCDx48@33.41 ABACx48@33.41 ACCOx48@33.41 ACADx48@33.41 ADBEx48@33.41 

2011-11-27
Cash: 62.50
Held: ABCDx48@35.12 ABACx48@35.12 ACCOx48@35.12 ACADx48@35.12 ADBEx48@35.12 
Value: 8492.50
Sales: ABCDx48@35.12 ABACx48@35.12 ACCOx48@35.12 ACADx48@35.12 ADBEx48@35.12 
Purchases: ABCDx48@35.12 ABACx48@35.12 ACCOx48@35.12 ACADx48@35.12 ADBEx48@35.12 

2011-11-28
Cash: 62.50
Held: ABCDx48@35.38 ABACx48@35.38 ACCOx48@35.38 ACADx48@35.38 ADBEx48@35.38 
Value: 8552.50
Sales: ABCDx48@35.38 ABACx48@35.38 ACCOx48@35.38 ACADx48@35.38 ADBEx48@35.38 
Purchases: ABCDx48@35.38 ABACx48@35.38 ACCOx48@35.38 ACADx48@35.38 ADBEx48@35.38 

2011-11-29
Cash: 62.50
Held: ABCDx48@36.59 ABACx48@36.59 ACCOx48@36.59 ACADx48@36.59 ADBEx48@36.59 
Value: 8845.00
Sales: ABCDx48@36.59 ABACx48@36.59 ACCOx48@36.59 ACADx48@36.59 ADBEx48@36.59 
Purchases: ABCDx48@36.59 ABACx48@36.59 ACCOx48@36.59 ACADx48@36.59 ADBEx48@36.59 

2011-11-30
Cash: 62.50
Held: ABCDx48@37.31 ABACx48@37.31 ACCOx48@37.31 ACADx48@37.31 ADBEx48@37.31 
Value: 9017.50
Sales: ABCDx48@37.31 ABACx48@37.31 ACCOx48@37.31 ACADx48@37.31 ADBEx48@37.31 
Purchases: ABCDx48@37.31 ABACx48@37.31 ACCOx48@37.31 ACADx48@37.31 ADBEx48@37.31 

2011-12-01
Cash: 62.50
Held: ABCDx48@38.38 ABACx48@38.38 ACCOx48@38.38 ACADx48@38.38 ADBEx48@38.38 
Value: 9272.50
Sales: ABCDx48@38.38 ABACx48@38.38 ACCOx48@38.38 ACADx48@38.38 ADBEx48@38.38 
Purchases: ABCDx48@38.38 ABACx48@38.38 ACCOx48@38.38 ACADx48@38.38 ADBEx48@38.38 

2011-12-04
Cash: 62.50
Held: ABCDx48@37.53 ABACx48@37.53 ACCOx48@37.53 ACADx48@37.53 ADBEx48@37.53 
Value: 9070.00
Sales: ABCDx48@37.53 ABACx48@37.53 ACCOx48@37.53 ACADx48@37.53 ADBEx48@37.53 
Purchases: ABCDx48@37.53 ABACx48@37.53 ACCOx48@37.53 ACADx48@37.53 ADBEx48@37.53 

2011-12-05
Cash: 62.50
Held: ABCDx48@37.12 ABACx48@37.12 ACCOx48@37.12 ACADx48@37.12 ADBEx48@37.12 
Value: 8972.50
Sales: ABCDx48@37.12 ABACx48@37.12 ACCOx48@37.12 ACADx48@37.12 ADBEx48@37.12 
Purchases: ABCDx48@37.12 ABACx48@37.12 ACCOx48@37.12 ACADx48@37.12 ADBEx48@37.12 

2011-12-06
Cash: 62.50
Held: ABCDx48@36.66 ABACx48@36.66 ACCOx48@36.66 ACADx48@36.66 ADBEx48@36.66 
Value: 8860.00
Sales: ABCDx48@36.66 ABACx48@36.66 ACCOx48@36.66 ACADx48@36.66 ADBEx48@36.66 
Purchases: ABCDx48@36.66 ABACx48@36.66 ACCOx48@36.66 ACADx48@36.66 ADBEx48@36.66 

2011-12-07
Cash: 62.50
Held: ABCDx48@36.22 ABACx48@36.22 ACCOx48@36.22 ACADx48@36.22 ADBEx48@36.22 
Value: 8755.00
Sales: ABCDx48@36.22 ABACx48@36.22 ACCOx48@36.22 ACADx48@36.22 ADBEx48@36.22 
Purchases: ABCDx48@36.22 ABACx48@36.22 ACCOx48@36.22 ACADx48@36.22 ADBEx48@36.22 

2011-12-08
Cash: 62.50
Held: ABCDx48@34.84 ABACx48@34.84 ACCOx48@34.84 ACADx48@34.84 ADBEx48@34.84 
Value: 8425.00
Sales: ABCDx48@34.84 ABACx48@34.84 ACCOx48@34.84 ACADx48@34.84 ADBEx48@34.84 
Purchases: ABCDx48@34.84 ABACx48@34.84 ACCOx48@34.84 ACADx48@34.84 ADBEx48@34.84 

2011-12-11
Cash: 62.50
Held: ABCDx48@34.81 ABACx48@34.81 ACCOx48@34.81 ACADx48@34.81 ADBEx48@34.81 
Value: 8417.50
Sales: ABCDx48@34.81 ABACx48@34.81 ACCOx48@34.81 ACADx48@34.81 ADBEx48@34.81 
Purchases: ABCDx48@34.81 ABACx48@34.81 ACCOx48@34.81 ACADx48@34.81 ADBEx48@34.81 

2011-12-12
Cash: 62.50
Held: ABCDx48@34.06 ABACx48@34.06 ACCOx48@34.06 ACADx48@34.06 ADBEx48@34.06 
Value: 8237.50
Sales: ABCDx48@34.06 ABACx48@34.06 ACCOx48@34.06 ACADx48@34.06 ADBEx48@34.06 
Purchases: ABCDx48@34.06 ABACx48@34.06 ACCOx48@34.06 ACADx48@34.06 ADBEx48@34.06 

2011-12-13
Cash: 62.50
Held: ABCDx48@33.00 ABACx48@33.00 ACCOx48@33.00 ACADx48@33.00 ADBEx48@33.00 
Value: 7982.50
Sales: ABCDx48@33.00 ABACx48@33.00 ACCOx48@33.00 ACADx48@33.00 ADBEx48@33.00 
Purchases: ABCDx48@33.00 ABACx48@33.00 ACCOx48@33.00 ACADx48@33.00 ADBEx48@33.00 

2011-12-14
Cash: 62.50
Held: ABCDx48@33.53 ABACx48@33.53 ACCOx48@33.53 ACADx48@33.53 ADBEx48@33.53 
Value: 8110.00
Sales: ABCDx48@33.53 ABACx48@33.53 ACCOx48@33.53 ACADx48@33.53 ADBEx48@33.53 
Purchases: ABCDx48@33.53 ABACx48@33.53 ACCOx48@33.53 ACADx48@33.53 ADBEx48@33.53 

2011-12-15
Cash: 62.50
Held: ABCDx48@33.72 ABACx48@33.72 ACCOx48@33.72 ACADx48@33.72 ADBEx48@33.72 
Value: 8155.00
Sales: ABCDx48@33.72 ABACx48@33.72 ACCOx48@33.72 ACADx48@33.72 ADBEx48@33.72 
Purchases: ABCDx48@33.72 ABACx48@33.72 ACCOx48@33.72 ACADx48@33.72 ADBEx48@33.72 

2011-12-18
Cash: 62.50
Held: ABCDx48@33.62 ABACx48@33.62 ACCOx48@33.62 ACADx48@33.62 ADBEx48@33.62 
Value: 8132.50
Sales: ABCDx48@33.62 ABACx48@33.62 ACCOx48@33.62 ACADx48@33.62 ADBEx48@33.62 
Purchases: ABCDx48@33.62 ABACx48@33.62 ACCOx48@33.62 ACADx48@33.62 ADBEx48@33.62 

2011-12-19
Cash: 62.50
Held: ABCDx48@34.00 ABACx48@34.00 ACCOx48@34.00 ACADx48@34.00 ADBEx48@34.00 
Value: 8222.50
Sales: ABCDx48@34.00 ABACx48@34.00 ACCOx48@34.00 ACADx48@34.00 ADBEx48@34.00 
Purchases: ABCDx48@34.00 ABACx48@34.00 ACCOx48@34.00 ACADx48@34.00 ADBEx48@34.00 

2011-12-20
Cash: 62.50
Held: ABCDx48@34.44 ABACx48@34.44 ACCOx48@34.44 ACADx48@34.44 ADBEx48@34.44 
Value: 8327.50
Sales: ABCDx48@34.44 ABACx48@34.44 ACCOx48@34.44 ACADx48@34.44 ADBEx48@34.44 
Purchases: ABCDx48@34.44 ABACx48@34.44 ACCOx48@34.44 ACADx48@34.44 ADBEx48@34.44 

2011-12-21
Cash: 62.50
Held: ABCDx48@33.91 ABACx48@33.91 ACCOx48@33.91 ACADx48@33.91 ADBEx48@33.91 
Value: 8200.00
Sales: ABCDx48@33.91 ABACx48@33.91 ACCOx48@33.91 ACADx48@33.91 ADBEx48@33.91 
Purchases: ABCDx48@33.91 ABACx48@33.91 ACCOx48@33.91 ACADx48@33.91 ADBEx48@33.91 

2011-12-22
Cash: 62.50
Held: ABCDx48@34.84 ABACx48@34.84 ACCOx48@34.84 ACADx48@34.84 ADBEx48@34.84 
Value: 8425.00
Sales: ABCDx48@34.84 ABACx48@34.84 ACCOx48@34.84 ACADx48@34.84 ADBEx48@34.84 
Purchases: ABCDx48@34.84 ABACx48@34.84 ACCOx48@34.84 ACADx48@34.84 ADBEx48@34.84 

2011-12-26
Cash: 62.50
Held: ABCDx48@35.19 ABACx48@35.19 ACCOx48@35.19 ACADx48@35.19 ADBEx48@35.19 
Value: 8507.50
Sales: ABCDx48@35.19 ABACx48@35.19 ACCOx48@35.19 ACADx48@35.19 ADBEx48@35.19 
Purchases: ABCDx48@35.19 ABACx48@35.19 ACCOx48@35.19 ACADx48@35.19 ADBEx48@35.19 

2011-12-27
Cash: 62.50
Held: ABCDx48@35.25 ABACx48@35.25 ACCOx48@35.25 ACADx48@35.25 ADBEx48@35.25 
Value: 8522.50
Sales: ABCDx48@35.25 ABACx48@35.25 ACCOx48@35.25 ACADx48@35.25 ADBEx48@35.25 
Purchases: ABCDx48@35.25 ABACx48@35.25 ACCOx48@35.25 ACADx48@35.25 ADBEx48@35.25 

2011-12-28
Cash: 62.50
Held: ABCDx48@34.12 ABACx48@34.12 ACCOx48@34.12 ACADx48@34.12 ADBEx48@34.12 
Value: 8252.50
Sales: ABCDx48@34.12 ABACx48@34.12 ACCOx48@34.12 ACADx48@34.12 ADBEx48@34.12 
Purchases: ABCDx48@34.12 ABACx48@34.12 ACCOx48@34.12 ACADx48@34.12 ADBEx48@34.12 

2011-12-29
Cash: 62.50
Held: ABCDx48@34.94 ABACx48@34.94 ACCOx48@34.94 ACADx48@34.94 ADBEx48@34.94 
Value: 8447.50
Sales: ABCDx48@34.94 ABACx48@34.94 ACCOx48@34.94 ACADx48@34.94 ADBEx48@34.94 
Purchases: ABCDx48@34.94 ABACx48@34.94 ACCOx48@34.94 ACADx48@34.94 ADBEx48@34.94 

2012-01-02
Cash: 62.50
Held: ABCDx48@35.84 ABACx48@35.84 ACCOx48@35.84 ACADx48@35.84 ADBEx48@35.84 
Value: 8665.00
Sales: ABCDx48@35.84 ABACx48@35.84 ACCOx48@35.84 ACADx48@35.84 ADBEx48@35.84 
Purchases: ABCDx48@35.84 ABACx48@35.84 ACCOx48@35.84 ACADx48@35.84 ADBEx48@35.84 

2012-01-03
Cash: 62.50
Held: ABCDx48@36.16 ABACx48@36.16 ACCOx48@36.16 ACADx48@36.16 ADBEx48@36.16 
Value: 8740.00
Sales: ABCDx48@36.16 ABACx48@36.16 ACCOx48@36.16 ACADx48@36.16 ADBEx48@36.16 
Purchases: ABCDx48@36.16 ABACx48@36.16 ACCOx48@36.16 ACADx48@36.16 ADBEx48@36.16 

2012-01-04
Cash: 62.50
Held: ABCDx48@35.88 ABACx48@35.88 ACCOx48@35.88 ACADx48@35.88 ADBEx48@35.88 
Value: 8672.50
Sales: ABCDx48@35.88 ABACx48@35.88 ACCOx48@35.88 ACADx48@35.88 ADBEx48@35.88 
Purchases: ABCDx48@35.88 ABACx48@35.88 ACCOx48@35.88 ACADx48@35.88 ADBEx48@35.88 

