2011-12-13
Cash: 10000.00
Held: 
Value: 10000.00
Sales: 
Purchases: TRQx125@15.94 GALEx4000@0.50 NTPx391@5.11 CTSOx568@3.52 INSx1470@1.36 

2011-12-14
Cash: 11.24
Held: GALEx4000@0.48 INSx1470@1.48 CTSOx568@3.52 TRQx125@16.41 NTPx391@5.12 
Value: 10159.67
Sales: TRQx125@16.41 GALEx4000@0.48 NTPx391@5.12 CTSOx568@3.52 INSx1470@1.48 
Purchases: GRFx312@6.50 HOVx1493@1.36 TSLx307@6.61 NGx225@9.00 LRNx94@21.45 

2011-12-15
Cash: 29.99
Held: GRFx312@6.25 HOVx1493@1.38 NGx225@9.02 TSLx307@6.67 LRNx94@20.84 
Value: 10078.01
Sales: GRFx312@6.25 HOVx1493@1.38 TSLx307@6.67 LRNx94@20.84 NGx225@9.02 
Purchases: HOVNPx1550@1.30 GALTx2584@0.78 TRECx235@8.57 SYNx1722@1.17 MBVXx8062@0.25 

2011-12-18
Cash: 4.22
Held: GALTx2584@0.84 SYNx1722@1.20 HOVNPx1550@1.30 MBVXx8062@0.25 TRECx235@8.33 
Value: 10228.42
Sales: GALTx2584@0.84 HOVNPx1550@1.30 TRECx235@8.33 SYNx1722@1.20 MBVXx8062@0.25 
Purchases: MBOTx2464@0.83 AXDXx1430@1.43 INVTx1440@1.42 SSKNx582@3.51 ATHNx41@49.59 

2011-12-19
Cash: 17.94
Held: MBOTx2464@0.81 AXDXx1430@1.15 INVTx1440@1.25 SSKNx582@3.57 ATHNx41@48.66 
Value: 9531.81
Sales: MBOTx2464@0.81 ATHNx41@48.66 AXDXx1430@1.15 INVTx1440@1.25 SSKNx582@3.57 
Purchases: NYNYx1466@1.30 DYNx750@2.54 IGCx7331@0.26 JAKKx136@13.92 HMNYx907@2.10 

2011-12-20
Cash: 18.15
Held: JAKKx136@13.77 DYNx750@2.54 HMNYx907@2.00 IGCx7331@0.25 NYNYx1466@1.50 
Value: 9641.38
Sales: NYNYx1466@1.50 DYNx750@2.54 IGCx7331@0.25 JAKKx136@13.77 HMNYx907@2.00 
Purchases: CVVx167@11.53 ATAIx242@7.96 CBIOx54@35.12 RTNBx3782@0.51 MBVXx10151@0.19 

2011-12-21
Cash: 36.34
Held: CVVx167@11.80 ATAIx242@8.50 RTNBx3782@0.51 CBIOx54@35.50 MBVXx10151@0.20 
Value: 9938.05
Sales: CVVx167@11.80 ATAIx242@8.50 CBIOx54@35.50 RTNBx3782@0.51 MBVXx10151@0.20 
Purchases: BZFx101@19.59 CNITx1461@1.36 MAYSx148@13.36 CHNx100@19.88 MGYRx798@2.49 

2011-12-22
Cash: 19.71
Held: CHNx100@20.41 MGYRx798@2.41 MAYSx148@13.30 BZFx101@19.59 CNITx1461@1.36 
Value: 9918.02
Sales: BZFx101@19.59 CNITx1461@1.36 MAYSx148@13.30 MGYRx798@2.41 CHNx100@20.41 
Purchases: KBHx284@6.96 PROx128@15.40 VVUSx225@8.81 ALSKx595@3.33 HGSHx3004@0.66 

2011-12-26
Cash: 22.80
Held: PROx128@15.22 ALSKx595@3.26 VVUSx225@9.20 KBHx284@6.60 HGSHx3004@0.68 
Value: 9899.16
Sales: PROx128@15.22 VVUSx225@9.20 ALSKx595@3.26 HGSHx3004@0.68 KBHx284@6.60 
Purchases: GALTx2040@0.97 OPHCx3535@0.56 PWZx82@24.12 LIVEx473@4.18 MTSLx1455@1.36 

2011-12-27
Cash: 5.56
Held: LIVEx473@4.00 GALTx2040@0.98 PWZx82@24.16 OPHCx3535@0.56 MTSLx1455@1.34 
Value: 9806.81
Sales: GALTx2040@0.98 LIVEx473@4.00 PWZx82@24.16 OPHCx3535@0.56 MTSLx1455@1.34 
Purchases: SPWRx332@5.90 CIXx141@13.85 SHLDx61@32.06 BVXx942@2.08 BASIx1431@1.37 

2011-12-28
Cash: 19.57
Held: SPWRx332@5.98 BASIx1431@1.30 SHLDx61@33.59 BVXx942@2.22 CIXx141@16.66 
Value: 10354.76
Sales: SPWRx332@5.98 BVXx942@2.22 CIXx141@16.66 SHLDx61@33.59 BASIx1431@1.30 
Purchases: SVBIx862@2.40 LLITx1428@1.45 CPHIx3339@0.62 PERFx173@11.93 HGSHx3982@0.52 

2011-12-29
Cash: 9.62
Held: PERFx173@10.71 LLITx1428@1.45 CPHIx3339@0.68 HGSHx3982@0.68 SVBIx862@2.36 
Value: 10946.84
Sales: SVBIx862@2.36 LLITx1428@1.45 CPHIx3339@0.68 PERFx173@10.71 HGSHx3982@0.68 
Purchases: BIOPx2280@0.96 TGTXx109445@0.02 KONEx6437@0.34 KNDIx594@3.68 ZAGGx329@6.64 

2012-01-02
Cash: 9.12
Held: ZAGGx329@7.33 KNDIx594@3.73 KONEx6437@0.31 TGTXx109445@0.02 BIOPx2280@0.97 
Value: 11033.27
Sales: BIOPx2280@0.97 TGTXx109445@0.02 ZAGGx329@7.33 KNDIx594@3.73 KONEx6437@0.31 
Purchases: ZSLx150@14.68 CYANx310@7.10 NHTCx3395@0.65 BISx3@641.50 DCTHx702@3.14 

2012-01-03
Cash: 294.20
Held: DCTHx702@3.25 ZSLx150@14.23 NHTCx3395@0.65 CYANx310@6.86 BISx3@646.00 
Value: 10980.51
Sales: ZSLx150@14.23 NHTCx3395@0.65 CYANx310@6.86 BISx3@646.00 DCTHx702@3.25 
Purchases: BSQRx663@3.31 WMBx81@26.81 SCOx61@35.88 GIGAx1524@1.44 EPVx49@44.47 

2012-01-04
Cash: 51.24
Held: BSQRx663@3.21 SCOx61@35.91 GIGAx1524@1.66 EPVx49@46.12 WMBx81@27.64 
Value: 11399.47
Sales: EPVx49@46.12 GIGAx1524@1.66 SCOx61@35.91 BSQRx663@3.21 WMBx81@27.64 
Purchases: GRNx212@10.75 EVOLx395@5.77 HRTXx13407@0.17 IGCx8768@0.26 AMRNx358@6.35 

2012-01-05
Cash: 8.10
Held: GRNx212@10.19 AMRNx358@6.39 EVOLx395@5.73 IGCx8768@0.27 HRTXx13407@0.24 
Value: 12304.31
Sales: GRNx212@10.19 IGCx8768@0.27 AMRNx358@6.39 EVOLx395@5.73 HRTXx13407@0.24 
Purchases: IMNPx8484@0.29 TOPSx1447@1.70 HWx1134@2.17 BPTHx9843@0.25 KNDIx788@3.12 

2012-01-08
Cash: 4.11
Held: TOPSx1447@1.80 HWx1134@2.15 KNDIx788@3.28 IMNPx8484@0.32 BPTHx9843@0.26 
Value: 12905.79
Sales: IMNPx8484@0.32 BPTHx9843@0.26 TOPSx1447@1.80 HWx1134@2.15 KNDIx788@3.28 
Purchases: AXRx374@6.90 AEHRx3909@0.66 IOTx2133@1.21 DRRXx3535@0.73 MARKx567@4.55 

2012-01-09
Cash: 3.61
Held: DRRXx3535@0.80 IOTx2133@1.30 AEHRx3909@0.66 AXRx374@6.86 MARKx567@4.25 
Value: 13159.11
Sales: AEHRx3909@0.66 AXRx374@6.86 IOTx2133@1.30 DRRXx3535@0.80 MARKx567@4.25 
Purchases: MSBFx579@4.54 IARTx109@24.09 DACx771@3.41 GBRx1164@2.26 CPRXx2210@1.19 

2012-01-10
Cash: 14.32
Held: CPRXx2210@1.21 MSBFx579@4.59 IARTx109@23.20 GBRx1164@2.30 DACx771@2.86 
Value: 12757.68
Sales: MSBFx579@4.59 GBRx1164@2.30 DACx771@2.86 IARTx109@23.20 CPRXx2210@1.21 
Purchases: WBMDx98@26.03 SGOCx2803@0.91 TEARx2180@1.17 MTEXx6224@0.41 TCIx1008@2.53 

2012-01-11
Cash: 4.20
Held: SGOCx2803@0.91 WBMDx98@26.44 MTEXx6224@0.43 TCIx1008@2.53 TEARx2180@1.28 
Value: 13162.67
Sales: SGOCx2803@0.91 WBMDx98@26.44 TEARx2180@1.28 MTEXx6224@0.43 TCIx1008@2.53 
Purchases: HRTx781@3.37 DLAx174@15.07 SSYx2073@1.27 URBNx108@24.27 

2012-01-12
Cash: 2656.71
Held: DLAx174@15.37 SSYx2073@1.25 HRTx781@3.49 URBNx108@24.41 
Value: 13283.60
Sales: HRTx781@3.49 DLAx174@15.37 SSYx2073@1.25 URBNx108@24.41 
Purchases: LTBRx1328@2.00 WSMx78@33.81 BGFVx331@8.02 COGx159@16.70 SUMRx507@5.24 

2012-01-16
Cash: 22.86
Held: WSMx78@33.88 LTBRx1328@2.20 COGx159@16.91 SUMRx507@5.02 BGFVx331@7.87 
Value: 13424.00
Sales: LTBRx1328@2.20 WSMx78@33.88 SUMRx507@5.02 COGx159@16.91 BGFVx331@7.87 
Purchases: HUSAx199@13.46 PQx434@6.18 UNTx60@44.25 CASCx65@40.81 REXXx233@11.48 

2012-01-17
Cash: 81.43
Held: HUSAx199@12.50 CASCx65@40.25 REXXx233@11.19 UNTx60@43.22 PQx434@5.95 
Value: 12966.96
Sales: HUSAx199@12.50 PQx434@5.95 UNTx60@43.22 CASCx65@40.25 REXXx233@11.19 
Purchases: CGAx701@3.70 LIVEx870@2.98 BDSIx1240@2.09 QRHCx10373@0.25 UNGx475@5.45 

2012-01-18
Cash: 7.76
Held: UNGx475@5.24 LIVEx870@3.00 QRHCx10373@0.25 BDSIx1240@2.12 CGAx701@3.99 
Value: 13124.09
Sales: CGAx701@3.99 LIVEx870@3.00 BDSIx1240@2.12 QRHCx10373@0.25 UNGx475@5.24 
Purchases: MEETx758@3.46 RRDx220@11.90 RVPx2225@1.18 SKLNx13127@0.20 COOLx28@92.38 

2012-01-19
Cash: 46.97
Held: MEETx758@3.53 RVPx2225@1.28 COOLx28@92.00 SKLNx13127@0.25 RRDx220@12.00 
Value: 14068.54
Sales: MEETx758@3.53 RRDx220@12.00 RVPx2225@1.28 SKLNx13127@0.25 COOLx28@92.00 
Purchases: SOXSx73@38.41 CDXCx919@3.06 SMKx64@43.31 ANIPx4537@0.62 ACUx288@9.75 

2012-01-22
Cash: 58.77
Held: ANIPx4537@0.71 CDXCx919@3.48 ACUx288@9.74 SMKx64@43.38 SOXSx73@37.34 
Value: 14786.26
Sales: SOXSx73@37.34 CDXCx919@3.48 SMKx64@43.38 ACUx288@9.74 ANIPx4537@0.71 
Purchases: TSLx358@8.25 CLNTx1137@2.60 PNTRx957@3.09 LXRXx2173@1.36 NCITx376@7.85 

2012-01-23
Cash: 11.79
Held: LXRXx2173@1.31 CLNTx1137@2.85 TSLx358@7.83 PNTRx957@3.26 NCITx376@7.63 
Value: 14888.02
Sales: TSLx358@7.83 CLNTx1137@2.85 PNTRx957@3.26 NCITx376@7.63 LXRXx2173@1.31 
Purchases: ZSLx262@11.36 NETEx17510@0.17 SNFCAx2501@1.19 TWINx91@32.41 CCOIx193@15.40 

2012-01-24
Cash: 36.27
Held: CCOIx193@15.15 TWINx91@32.25 ZSLx262@11.59 SNFCAx2501@1.17 NETEx17510@0.20 
Value: 15359.35
Sales: ZSLx262@11.59 NETEx17510@0.20 TWINx91@32.25 SNFCAx2501@1.17 CCOIx193@15.15 
Purchases: MTZx193@15.90 ZIONx180@17.06 IDCCx84@36.28 IBIOx4149@0.74 SOLx1469@2.09 

2012-01-25
Cash: 30.86
Held: IDCCx84@36.19 ZIONx180@17.62 SOLx1469@2.13 IBIOx4149@0.75 MTZx193@16.47 
Value: 15663.56
Sales: MTZx193@16.47 ZIONx180@17.62 IDCCx84@36.19 IBIOx4149@0.75 SOLx1469@2.13 
Purchases: VUZIx62669@0.05 HRTx958@3.27 GRBKx4893@0.64 DHTx3916@0.80 SYNLx284@11.02 

2012-01-26
Cash: 3.79
Held: SYNLx284@10.44 GRBKx4893@0.65 DHTx3916@0.77 HRTx958@3.48 VUZIx62669@0.05 
Value: 15630.38
Sales: VUZIx62669@0.05 HRTx958@3.48 SYNLx284@10.44 DHTx3916@0.77 GRBKx4893@0.65 
Purchases: CRRx30@103.44 BVSNx154@20.19 VBFCx1828@1.71 PJCx143@21.80 SUNWx39067@0.08 

2012-01-29
Cash: 49.59
Held: VBFCx1828@1.80 BVSNx154@20.77 PJCx143@21.75 SUNWx39067@0.06 CRRx30@101.00 
Value: 15021.71
Sales: CRRx30@101.00 BVSNx154@20.77 VBFCx1828@1.80 PJCx143@21.75 SUNWx39067@0.06 
Purchases: CLBSx4693@0.64 DLx1305@2.30 GASLx88@34.09 INFIx502@5.98 EFSCx246@12.20 

2012-01-30
Cash: 10.62
Held: DLx1305@2.32 INFIx502@6.09 GASLx88@36.22 CLBSx4693@0.62 EFSCx246@12.47 
Value: 15260.50
Sales: CLBSx4693@0.62 DLx1305@2.32 GASLx88@36.22 INFIx502@6.09 EFSCx246@12.47 
Purchases: MLSSx7632@0.40 FGPx179@16.98 VIVEx27750@0.11 OMNx610@5.00 GLOWx1102@2.77 

2012-01-31
Cash: 14.13
Held: GLOWx1102@2.65 MLSSx7632@0.45 FGPx179@17.09 VIVEx27750@0.13 OMNx610@4.98 
Value: 16074.39
Sales: VIVEx27750@0.13 MLSSx7632@0.45 FGPx179@17.09 OMNx610@4.98 GLOWx1102@2.65 
Purchases: GSMx234@13.70 NHTCx4175@0.77 FRPHx155@20.69 KTECx254@12.61 AETIx750@4.28 

2012-02-01
Cash: 32.74
Held: FRPHx155@21.16 GSMx234@13.93 NHTCx4175@0.94 KTECx254@12.85 AETIx750@4.19 
Value: 16903.61
Sales: GSMx234@13.93 AETIx750@4.19 FRPHx155@21.16 KTECx254@12.85 NHTCx4175@0.94 
Purchases: SAUCx1126@3.00 AEHRx4694@0.72 PBIBx1640@2.06 CASIx1625@2.08 CKXx333@10.15 

2012-02-02
Cash: 6.07
Held: CKXx333@11.27 AEHRx4694@0.72 PBIBx1640@2.10 CASIx1625@2.02 SAUCx1126@3.00 
Value: 17243.91
Sales: AEHRx4694@0.72 SAUCx1126@3.00 PBIBx1640@2.10 CASIx1625@2.02 CKXx333@11.27 
Purchases: KONAx631@5.46 ANFx84@40.97 UFIx400@8.60 AMPx67@50.97 NGx365@9.44 

2012-02-05
Cash: 56.47
Held: KONAx631@5.30 UFIx400@8.52 NGx365@9.02 ANFx84@40.38 AMPx67@53.12 
Value: 17055.07
Sales: KONAx631@5.30 ANFx84@40.38 NGx365@9.02 AMPx67@53.12 UFIx400@8.52 
Purchases: MNKDx1557@2.19 TJXx99@34.34 EWx95@35.66 SPEXx3249@1.05 STRLx315@10.82 

2012-02-06
Cash: 39.50
Held: MNKDx1557@2.40 TJXx99@34.12 STRLx315@10.65 SPEXx3249@1.08 EWx95@36.25 
Value: 17462.46
Sales: MNKDx1557@2.40 TJXx99@34.12 EWx95@36.25 SPEXx3249@1.08 STRLx315@10.65 
Purchases: HMNFx1737@2.01 PATKx587@5.95 SKLNx19396@0.18 NEONx877@3.98 SOHUx66@52.91 

2012-02-07
Cash: 4.30
Held: SKLNx19396@0.18 NEONx877@3.95 HMNFx1737@2.12 SOHUx66@52.19 PATKx587@5.99 
Value: 17600.53
Sales: NEONx877@3.95 PATKx587@5.99 SOHUx66@52.19 SKLNx19396@0.18 HMNFx1737@2.12 
Purchases: IESCx1498@2.35 SSFNx640@5.50 ORMPx11731@0.30 NSUx787@4.47 NFBKx237@14.81 

2012-02-08
Cash: 13.48
Held: IESCx1498@2.41 NSUx787@4.22 NFBKx237@14.93 ORMPx11731@0.30 SSFNx640@5.95 
Value: 17809.76
Sales: ORMPx11731@0.30 SSFNx640@5.95 IESCx1498@2.41 NSUx787@4.22 NFBKx237@14.93 
Purchases: LIOXx1304@2.73 INSYx323@11.00 AXDXx2525@1.41 CVMx8907@0.40 PDEXx1556@2.29 

2012-02-09
Cash: 11.87
Held: AXDXx2525@1.40 LIOXx1304@2.69 CVMx8907@0.42 PDEXx1556@2.26 INSYx323@13.50 
Value: 18671.84
Sales: INSYx323@13.50 AXDXx2525@1.40 LIOXx1304@2.69 CVMx8907@0.42 PDEXx1556@2.26 
Purchases: RAVEx804@4.64 CDXSx752@4.96 IRBTx148@25.17 APRIx99@37.69 ARRYx1441@2.59 

2012-02-12
Cash: 21.69
Held: IRBTx148@25.52 RAVEx804@4.90 ARRYx1441@2.70 CDXSx752@4.93 APRIx99@37.50 
Value: 19045.54
Sales: RAVEx804@4.90 CDXSx752@4.93 IRBTx148@25.52 APRIx99@37.50 ARRYx1441@2.70 
Purchases: AEHRx4702@0.81 SPSCx149@25.47 TIKx532@7.15 ASYSx400@9.50 OSIRx787@4.84 

2012-02-13
Cash: 29.88
Held: AEHRx4702@0.80 ASYSx400@8.87 OSIRx787@4.80 SPSCx149@24.25 TIKx532@7.20 
Value: 18558.89
Sales: AEHRx4702@0.80 TIKx532@7.20 SPSCx149@24.25 ASYSx400@8.87 OSIRx787@4.80 
Purchases: ELONx67@55.00 DFFNx8249@0.45 ABx265@13.98 NFECx5014@0.74 HBPx4582@0.81 

2012-02-14
Cash: 35.23
Held: NFECx5014@0.77 ELONx67@55.41 HBPx4582@0.81 DFFNx8249@0.51 ABx265@13.86 
Value: 19197.80
Sales: ELONx67@55.41 DFFNx8249@0.51 ABx265@13.86 NFECx5014@0.77 HBPx4582@0.81 
Purchases: NTWKx5644@0.68 MFNCx623@6.16 EDNx751@5.11 WKHSx12796@0.30 OIHx89@43.09 

2012-02-15
Cash: 9.20
Held: EDNx751@5.81 MFNCx623@6.06 NTWKx5644@0.67 OIHx89@42.66 WKHSx12796@0.40 
Value: 20840.56
Sales: MFNCx623@6.06 NTWKx5644@0.67 EDNx751@5.81 WKHSx12796@0.40 OIHx89@42.66 
Purchases: MLSSx10422@0.40 CLNTx1331@3.13 SRTx1994@2.09 GNRCx163@25.50 VGx1708@2.44 

2012-02-16
Cash: 15.37
Held: VGx1708@2.43 SRTx1994@2.04 MLSSx10422@0.60 GNRCx163@25.80 CLNTx1331@3.22 
Value: 22977.03
Sales: MLSSx10422@0.60 CLNTx1331@3.22 GNRCx163@25.80 SRTx1994@2.04 VGx1708@2.43 
Purchases: MNSTx87@52.75 CLBSx7070@0.65 BBWx753@6.10 ANIPx5536@0.83 SINOx1491@3.08 

2012-02-20
Cash: 10.78
Held: BBWx753@5.98 ANIPx5536@0.81 MNSTx87@53.34 CLBSx7070@0.67 SINOx1491@3.22 
Value: 23177.88
Sales: BBWx753@5.98 MNSTx87@53.34 SINOx1491@3.22 ANIPx5536@0.81 CLBSx7070@0.67 
Purchases: IOx645@7.18 FBPx1236@3.75 RPx223@20.72 HMNYx1876@2.47 RTNBx4878@0.95 

2012-02-21
Cash: 21.61
Held: RPx223@20.00 IOx645@7.20 FBPx1236@3.93 HMNYx1876@2.46 RTNBx4878@1.00 
Value: 23476.92
Sales: FBPx1236@3.93 RPx223@20.00 HMNYx1876@2.46 IOx645@7.20 RTNBx4878@1.00 
Purchases: EMITFx82@56.59 DISCBx95@49.03 AXNx9029@0.52 PLBCx2015@2.33 SNPx41@112.88 

2012-02-22
Cash: 160.02
Held: DISCBx95@49.03 PLBCx2015@2.90 SNPx41@113.50 AXNx9029@0.52 EMITFx82@57.00 
Value: 24685.04
Sales: EMITFx82@57.00 DISCBx95@49.03 AXNx9029@0.52 PLBCx2015@2.90 SNPx41@113.50 
Purchases: FBMSx533@9.26 LPTHx3711@1.33 TGTXx23513@0.21 SKLNx35260@0.14 ARTWx678@7.28 

2012-02-23
Cash: 4.29
Held: ARTWx678@7.91 FBMSx533@9.15 SKLNx35260@0.13 LPTHx3711@1.44 TGTXx23513@0.17 
Value: 24171.14
Sales: FBMSx533@9.15 LPTHx3711@1.44 TGTXx23513@0.17 SKLNx35260@0.13 ARTWx678@7.91 
Purchases: JKSx599@8.07 MLSSx12088@0.40 CLNTx1726@2.80 MSLIx2859@1.69 ICONx261@18.52 

2012-02-26
Cash: 3.34
Held: MLSSx12088@0.33 JKSx599@7.70 ICONx261@18.31 MSLIx2859@1.73 CLNTx1726@2.80 
Value: 23166.28
Sales: MLSSx12088@0.33 CLNTx1726@2.80 ICONx261@18.31 MSLIx2859@1.73 JKSx599@7.70 
Purchases: KNDx438@10.56 RBCNx468@9.90 TOPSx1529@3.03 PKDx709@6.53 FORDx1882@2.46 

2012-02-27
Cash: 13.50
Held: TOPSx1529@3.16 FORDx1882@2.43 KNDx438@10.79 RBCNx468@9.41 PKDx709@6.45 
Value: 23118.28
Sales: KNDx438@10.79 RBCNx468@9.41 TOPSx1529@3.16 PKDx709@6.45 FORDx1882@2.43 
Purchases: INTx106@43.25 HILx801@5.77 LIVEx1000@4.62 LINKx690@6.70 GGALx677@6.82 

2012-02-28
Cash: 51.48
Held: LIVEx1000@4.52 GGALx677@7.09 INTx106@42.00 LINKx690@6.70 HILx801@5.79 
Value: 23082.33
Sales: INTx106@42.00 HILx801@5.79 LIVEx1000@4.52 LINKx690@6.70 GGALx677@7.09 
Purchases: CLBSx8242@0.56 BCPCx158@29.11 APOLx107@43.09 PEIXx3784@1.22 TROVx5843@0.79 

2012-02-29
Cash: 24.37
Held: CLBSx8242@0.65 APOLx107@42.91 PEIXx3784@1.25 BCPCx158@27.22 TROVx5843@0.80 
Value: 23675.66
Sales: CLBSx8242@0.65 APOLx107@42.91 BCPCx158@27.22 PEIXx3784@1.25 TROVx5843@0.80 
Purchases: TTECx311@15.19 YRCWx522@9.07 GNTXx196@24.14 CECOx543@8.71 IKNXx610@7.76 

2012-03-01
Cash: 21.39
Held: IKNXx610@7.89 CECOx543@8.62 YRCWx522@8.90 GNTXx196@24.41 TTECx311@15.98 
Value: 23911.13
Sales: TTECx311@15.98 YRCWx522@8.90 GNTXx196@24.41 CECOx543@8.62 IKNXx610@7.89 
Purchases: WMLPx551@8.67 MLSSx14488@0.33 MOCOx282@16.95 TOPSx1867@2.56 NHTCx3297@1.45 

2012-03-04
Cash: 8.14
Held: TOPSx1867@2.46 MOCOx282@16.41 MLSSx14488@0.55 NHTCx3297@1.34 WMLPx551@7.93 
Value: 25981.56
Sales: WMLPx551@7.93 MLSSx14488@0.55 MOCOx282@16.41 TOPSx1867@2.46 NHTCx3297@1.34 
Purchases: CLBSx9451@0.55 HUSAx729@7.12 OGENx2887@1.80 CCMPx147@35.16 PRTSx1299@4.00 

2012-03-05
Cash: 34.07
Held: HUSAx729@6.74 PRTSx1299@3.85 CCMPx147@33.56 CLBSx9451@0.56 OGENx2887@1.80 
Value: 25369.76
Sales: CLBSx9451@0.56 HUSAx729@6.74 OGENx2887@1.80 CCMPx147@33.56 PRTSx1299@3.85 
Purchases: ATLOx264@19.16 SSYx5229@0.97 ALNYx406@12.49 TRRx1127@4.50 CVBx641@7.91 

2012-03-06
Cash: 25.52
Held: SSYx5229@0.97 CVBx641@10.80 ALNYx406@11.70 TRRx1127@4.40 ATLOx264@19.27 
Value: 26814.20
Sales: ATLOx264@19.27 CVBx641@10.80 ALNYx406@11.70 SSYx5229@0.97 TRRx1127@4.40 
Purchases: MVISx2311@2.32 GRBKx8005@0.67 TGDx2153@2.49 CASCx178@30.12 EDCx4@1248.00 

2012-03-07
Cash: 373.51
Held: EDCx4@1320.00 GRBKx8005@0.68 TGDx2153@2.63 CASCx178@31.98 MVISx2311@2.34 
Value: 27863.16
Sales: EDCx4@1320.00 GRBKx8005@0.68 CASCx178@31.98 TGDx2153@2.63 MVISx2311@2.34 
Purchases: CSIQx1942@2.87 AEYx2691@2.07 BVSNx132@42.00 BWL.Ax565@9.86 XTLBx12384@0.45 

2012-03-08
Cash: 33.33
Held: XTLBx12384@0.45 AEYx2691@2.08 BWL.Ax565@11.07 BVSNx132@42.31 CSIQx1942@3.00 
Value: 28868.99
Sales: AEYx2691@2.08 CSIQx1942@3.00 BVSNx132@42.31 BWL.Ax565@11.07 XTLBx12384@0.45 
Purchases: GALEx4583@1.26 MBVXx32067@0.18 ITUSx28876@0.20 WINTx1581@3.65 VRMLx2845@2.03 

2012-03-11
Cash: 3.30
Held: ITUSx28876@0.25 GALEx4583@1.33 WINTx1581@3.65 VRMLx2845@1.95 MBVXx32067@0.18 
Value: 30411.40
Sales: GALEx4583@1.33 VRMLx2845@1.95 MBVXx32067@0.18 WINTx1581@3.65 ITUSx28876@0.25 
Purchases: MEIPx6990@0.87 DGLYx11062@0.55 SONCx832@7.31 CNITx5631@1.08 KTOSx920@6.61 

2012-03-12
Cash: 4.05
Held: MEIPx6990@0.74 KTOSx920@6.51 SONCx832@7.39 DGLYx11062@0.53 CNITx5631@1.04 
Value: 29035.01
Sales: MEIPx6990@0.74 DGLYx11062@0.53 SONCx832@7.39 CNITx5631@1.04 KTOSx920@6.51 
Purchases: MVISx1982@2.93 RESx560@10.35 DYNx12356@0.47 ADKx1409@4.12 PPHMx9071@0.64 

2012-03-13
Cash: 11.24
Held: ADKx1409@4.24 PPHMx9071@0.65 RESx560@10.49 DYNx12356@0.56 MVISx1982@3.04 
Value: 30697.37
Sales: MVISx1982@3.04 PPHMx9071@0.65 DYNx12356@0.56 ADKx1409@4.24 RESx560@10.49 
Purchases: BWENx1058@5.80 MEIPx8410@0.73 TOPSx2816@2.18 ARIIx245@24.98 BSPMx295@20.75 

2012-03-14
Cash: 40.59
Held: MEIPx8410@0.72 TOPSx2816@2.18 ARIIx245@25.66 BWENx1058@5.30 BSPMx295@17.84 
Value: 29393.51
Sales: BWENx1058@5.30 MEIPx8410@0.72 ARIIx245@25.66 TOPSx2816@2.18 BSPMx295@17.84 
Purchases: FAZx267@21.94 SOXSx183@32.03 LLITx1902@3.09 WGBSx41986@0.14 HCIx496@11.85 

2012-03-15
Cash: 40.56
Held: LLITx1902@3.15 HCIx496@11.84 WGBSx41986@0.20 FAZx267@20.98 SOXSx183@30.98 
Value: 31575.23
Sales: WGBSx41986@0.20 FAZx267@20.98 LLITx1902@3.15 HCIx496@11.84 SOXSx183@30.98 
Purchases: XRMx943@6.69 WMLPx928@6.80 IFONx8420@0.75 INVTx4858@1.30 OGENx5052@1.25 

2012-03-18
Cash: 9.65
Held: XRMx943@6.75 IFONx8420@0.79 INVTx4858@1.30 OGENx5052@1.25 WMLPx928@7.49 
Value: 32605.61
Sales: XRMx943@6.75 WMLPx928@7.49 IFONx8420@0.79 INVTx4858@1.30 OGENx5052@1.25 
Purchases: FHx4207@1.55 CCOx827@7.88 WCSTx1304@5.00 KGJIx3857@1.69 OGXIx469@13.89 

2012-03-19
Cash: 15.03
Held: OGXIx469@13.60 WCSTx1304@5.25 KGJIx3857@1.70 CCOx827@8.14 FHx4207@1.63 
Value: 33387.03
Sales: FHx4207@1.63 CCOx827@8.14 WCSTx1304@5.25 KGJIx3857@1.70 OGXIx469@13.60 
Purchases: GVx10274@0.65 SKLNx95381@0.07 CRMEx1518@4.40 MLABx148@45.03 TGDx2902@2.30 

2012-03-20
Cash: 14.25
Held: GVx10274@0.68 SKLNx95381@0.07 TGDx2902@2.37 MLABx148@47.66 CRMEx1518@4.25 
Value: 34059.61
Sales: GVx10274@0.68 SKLNx95381@0.07 MLABx148@47.66 TGDx2902@2.37 CRMEx1518@4.25 
Purchases: CYTXx160@42.31 SCONx9873@0.69 DYNx10814@0.63 CBIOx188@36.06 CRMEx1602@4.25 

2012-03-21
Cash: 78.02
Held: DYNx10814@0.66 CRMEx1602@3.91 CYTXx160@39.16 CBIOx188@35.69 SCONx9873@0.74 
Value: 33763.60
Sales: CYTXx160@39.16 SCONx9873@0.74 DYNx10814@0.66 CBIOx188@35.69 CRMEx1602@3.91 
Purchases: SGOCx7760@0.87 AGOx418@16.12 CBIOx189@35.69 HBPx6373@1.06 GAZx1318@5.12 

2012-03-22
Cash: 24.06
Held: AGOx418@16.22 SGOCx7760@0.81 HBPx6373@1.50 GAZx1318@4.83 CBIOx189@35.34 
Value: 35692.49
Sales: AGOx418@16.22 SGOCx7760@0.81 CBIOx189@35.34 HBPx6373@1.50 GAZx1318@4.83 
Purchases: OHAIx1063@6.71 RCONx2420@2.95 BVSNx224@31.73 ROSGx17850@0.40 AIRx365@19.53 

2012-03-25
Cash: 45.99
Held: RCONx2420@3.18 BVSNx224@31.72 AIRx365@19.20 OHAIx1063@6.77 ROSGx17850@0.42 
Value: 36546.60
Sales: OHAIx1063@6.77 RCONx2420@3.18 BVSNx224@31.72 ROSGx17850@0.42 AIRx365@19.20 
Purchases: OFLXx574@12.72 SEEDx2865@2.55 BVSNx230@31.72 XTNTx2901@2.52 HGSHx11072@0.66 

2012-03-26
Cash: 24.32
Held: XTNTx2901@2.37 BVSNx230@26.77 OFLXx574@12.86 HGSHx11072@0.69 SEEDx2865@2.63 
Value: 35611.02
Sales: OFLXx574@12.86 BVSNx230@26.77 SEEDx2865@2.63 HGSHx11072@0.69 XTNTx2901@2.37 
Purchases: GIGMx5479@1.30 GSBx3509@2.03 EDAPx3747@1.90 AUDCx2397@2.97 NCITx1132@6.29 

2012-03-27
Cash: 7.83
Held: GIGMx5479@1.34 AUDCx2397@2.75 EDAPx3747@1.95 NCITx1132@6.36 GSBx3509@1.96 
Value: 35324.28
Sales: GIGMx5479@1.34 GSBx3509@1.96 EDAPx3747@1.95 AUDCx2397@2.75 NCITx1132@6.36 
Purchases: RCONx3255@2.17 SHIPx2193@3.22 GAZx1989@3.55 XTLBx16058@0.44 VBFCx4941@1.43 

2012-03-28
Cash: 7.01
Held: RCONx3255@2.15 VBFCx4941@1.68 XTLBx16058@0.45 SHIPx2193@3.20 GAZx1989@3.59 
Value: 36687.27
Sales: RCONx3255@2.15 SHIPx2193@3.20 VBFCx4941@1.68 XTLBx16058@0.45 GAZx1989@3.59 
Purchases: CBKx3615@2.03 HMTAx1706@4.30 BSPMx563@13.02 SNXx194@37.81 SMITx2367@3.10 

2012-03-29
Cash: 9.63
Held: SNXx194@38.16 HMTAx1706@4.30 CBKx3615@1.94 SMITx2367@3.36 BSPMx563@13.65 
Value: 37399.44
Sales: BSPMx563@13.65 CBKx3615@1.94 HMTAx1706@4.30 SNXx194@38.16 SMITx2367@3.36 
Purchases: CLBSx19184@0.39 YTENx2493@3.00 PFINx1883@3.97 FSMx1700@4.40 PSDVx3797@1.97 

2012-04-01
Cash: 7.52
Held: PFINx1883@3.95 PSDVx3797@1.92 YTENx2493@2.84 FSMx1700@4.52 CLBSx19184@0.39 
Value: 36976.47
Sales: CLBSx19184@0.39 YTENx2493@2.84 PFINx1883@3.95 PSDVx3797@1.92 FSMx1700@4.52 
Purchases: CHNRx1020@7.25 DYNx13204@0.56 RVLTx9604@0.77 AWIx151@48.66 OIBR.Cx1179@6.27 

2012-04-02
Cash: 52.32
Held: RVLTx9604@0.70 AWIx151@47.91 OIBR.Cx1179@6.32 DYNx13204@0.52 CHNRx1020@7.41 
Value: 35887.18
Sales: CHNRx1020@7.41 DYNx13204@0.52 RVLTx9604@0.70 AWIx151@47.91 OIBR.Cx1179@6.32 
Purchases: ICCCx1406@5.10 RTNBx8860@0.81 RELVx5653@1.27 KERXx4245@1.69 AEZSx16@438.00 

2012-04-03
Cash: 176.73
Held: RELVx5653@1.27 KERXx4245@1.42 ICCCx1406@5.41 RTNBx8860@0.86 AEZSx16@420.00 
Value: 35326.03
Sales: ICCCx1406@5.41 AEZSx16@420.00 RELVx5653@1.27 KERXx4245@1.42 RTNBx8860@0.86 
Purchases: YPFx305@23.12 OPHCx3333@2.12 SEEDx3140@2.25 GBRx3904@1.81 MITKx841@8.40 

2012-04-04
Cash: 17.16
Held: YPFx305@22.83 OPHCx3333@2.11 MITKx841@8.08 GBRx3904@1.84 SEEDx3140@2.21 
Value: 34929.08
Sales: GBRx3904@1.84 OPHCx3333@2.11 SEEDx3140@2.21 YPFx305@22.83 MITKx841@8.08 
Purchases: FHx2728@2.56 OPHCx3311@2.11 VBFCx4657@1.50 XINx2123@3.29 TCIx2910@2.40 

2012-04-08
Cash: 6.45
Held: VBFCx4657@1.44 XINx2123@3.23 TCIx2910@2.40 OPHCx3311@1.80 FHx2728@3.04 
Value: 34807.67
Sales: FHx2728@3.04 OPHCx3311@1.80 VBFCx4657@1.44 XINx2123@3.23 TCIx2910@2.40 
Purchases: AEHRx6570@1.06 LORLx106@65.19 PATKx715@9.73 PTCx331@20.98 SPPIx653@10.66 

2012-04-09
Cash: 77.57
Held: SPPIx653@10.18 PTCx331@21.00 AEHRx6570@1.10 LORLx106@65.06 PATKx715@9.00 
Value: 34231.96
Sales: AEHRx6570@1.10 PTCx331@21.00 PATKx715@9.00 SPPIx653@10.18 LORLx106@65.06 
Purchases: FPAYx136961@0.05 FNCXx1690@4.05 CLNTx1447@4.73 HUSAx1678@4.08 MOHx268@25.45 

2012-04-10
Cash: 30.25
Held: MOHx268@24.66 HUSAx1678@3.72 FNCXx1690@4.00 FPAYx136961@0.51 CLNTx1447@5.42 
Value: 97304.92
Sales: FPAYx136961@0.51 HUSAx1678@3.72 CLNTx1447@5.42 MOHx268@24.66 FNCXx1690@4.00 
Purchases: DAIOx6664@2.92 CBIOx654@29.75 IGCx57223@0.34 GBXx1107@17.58 UBOHx2927@6.65 

2012-04-11
Cash: 10.25
Held: DAIOx6664@2.77 UBOHx2927@6.72 IGCx57223@0.34 GBXx1107@17.58 CBIOx654@30.31 
Value: 96876.40
Sales: DAIOx6664@2.77 IGCx57223@0.34 UBOHx2927@6.72 GBXx1107@17.58 CBIOx654@30.31 
Purchases: IMNPx96900@0.20 BNCNx2658@7.29 SNMXx8889@2.18 IBIOx12501@1.55 NOKx4701@4.12 

2012-04-12
Cash: 4.19
Held: SNMXx8889@2.17 IMNPx96900@0.20 BNCNx2658@7.25 IBIOx12501@1.40 NOKx4701@4.12 
Value: 94817.94
Sales: IMNPx96900@0.20 BNCNx2658@7.25 SNMXx8889@2.17 IBIOx12501@1.40 NOKx4701@4.12 
Purchases: DAIOx6920@2.74 AVIDx2249@8.43 ENZx8622@2.20 MNOVx7350@2.58 AVEOx1756@10.80 

2012-04-15
Cash: 12.60
Held: DAIOx6920@2.54 AVEOx1756@10.78 ENZx8622@2.26 MNOVx7350@2.58 AVIDx2249@8.68 
Value: 94482.68
Sales: DAIOx6920@2.54 ENZx8622@2.26 AVIDx2249@8.68 AVEOx1756@10.78 MNOVx7350@2.58 
Purchases: SINOx5924@3.19 CFBKx6298@3.00 NFECx13890@1.36 OPHCx8868@2.13 CPSSx12270@1.54 

2012-04-16
Cash: 6.33
Held: NFECx13890@1.36 SINOx5924@3.28 OPHCx8868@2.31 CPSSx12270@1.54 CFBKx6298@3.45 
Value: 99437.56
Sales: SINOx5924@3.28 OPHCx8868@2.31 NFECx13890@1.36 CFBKx6298@3.45 CPSSx12270@1.54 
Purchases: SGOCx15062@1.32 CLNTx5166@3.85 CEIx10867@1.83 HALOx2331@8.53 MATx633@31.41 

2012-04-17
Cash: 9.97
Held: MATx633@31.77 HALOx2331@8.25 SGOCx15062@1.56 CLNTx5166@3.94 CEIx10867@1.84 
Value: 103183.41
Sales: SGOCx15062@1.56 CLNTx5166@3.94 MATx633@31.77 HALOx2331@8.25 CEIx10867@1.84 
Purchases: WHLMx171979@0.12 CNETx12504@1.65 CNITx16509@1.25 SYNx12137@1.70 TIKx3410@6.05 

2012-04-18
Cash: 5.60
Held: CNETx12504@1.52 SYNx12137@1.69 WHLMx171979@0.17 TIKx3410@6.32 CNITx16509@1.16 
Value: 109471.84
Sales: CNETx12504@1.52 WHLMx171979@0.17 CNITx16509@1.16 SYNx12137@1.69 TIKx3410@6.32 
Purchases: OGENx13771@1.59 EDNx7709@2.84 HGSHx25755@0.85 TCXx19377@1.13 GNWx3641@6.01 

2012-04-19
Cash: 9.07
Held: EDNx7709@2.68 GNWx3641@6.08 TCXx19377@1.18 OGENx13771@1.59 HGSHx25755@0.85 
Value: 109444.04
Sales: OGENx13771@1.59 EDNx7709@2.68 GNWx3641@6.08 TCXx19377@1.18 HGSHx25755@0.85 
Purchases: BELFBx1330@16.45 CYTRx9603@2.28 ENOCx3227@6.78 TOPSx10087@2.17 EGTx9770@2.24 

2012-04-22
Cash: 15.11
Held: TOPSx10087@2.26 ENOCx3227@6.41 BELFBx1330@15.62 EGTx9770@2.40 CYTRx9603@2.45 
Value: 111237.47
Sales: BELFBx1330@15.62 CYTRx9603@2.45 ENOCx3227@6.41 TOPSx10087@2.26 EGTx9770@2.40 
Purchases: MYOSx222529@0.10 BGIx28159@0.79 FSIx12028@1.85 LPTHx15886@1.40 TPXx338@65.81 

2012-04-23
Cash: 4.96
Held: FSIx12028@1.73 TPXx338@64.94 LPTHx15886@1.41 MYOSx222529@0.14 BGIx28159@0.89 
Value: 121392.33
Sales: MYOSx222529@0.14 FSIx12028@1.73 BGIx28159@0.89 LPTHx15886@1.41 TPXx338@64.94 
Purchases: BLDRx6917@3.51 HUSAx13416@1.81 OTELx3746@6.48 XTLBx49548@0.49 MPAAx3084@7.87 

2012-04-24
Cash: 9.76
Held: XTLBx49548@0.55 HUSAx13416@1.68 OTELx3746@5.65 MPAAx3084@7.99 BLDRx6917@3.53 
Value: 119993.23
Sales: BLDRx6917@3.53 HUSAx13416@1.68 OTELx3746@5.65 XTLBx49548@0.55 MPAAx3084@7.99 
Purchases: BIGx686@34.94 SNOAx23998@1.00 PNTRx9231@2.60 RTNBx39991@0.60 MVISx13562@1.77 

2012-04-25
Cash: 34.22
Held: SNOAx23998@1.00 MVISx13562@2.00 RTNBx39991@0.60 BIGx686@35.34 PNTRx9231@2.60 
Value: 123397.53
Sales: MVISx13562@2.00 SNOAx23998@1.00 PNTRx9231@2.60 RTNBx39991@0.60 BIGx686@35.34 
Purchases: HEI.Ax766@32.19 GALEx18554@1.33 ICONx1701@14.51 HEIx603@40.91 TROVx40467@0.61 

2012-04-26
Cash: 40.04
Held: HEI.Ax766@32.12 GALEx18554@1.32 ICONx1701@14.91 HEIx603@40.62 TROVx40467@0.61 
Value: 123676.61
Sales: HEI.Ax766@32.12 GALEx18554@1.32 TROVx40467@0.61 HEIx603@40.62 ICONx1701@14.91 
Purchases: RGENx5804@4.26 IDRAx16707@1.48 COYNx3805@6.50 CNITx18596@1.33 VDSIx3212@7.70 

2012-04-29
Cash: 10.88
Held: VDSIx3212@7.55 RGENx5804@4.45 IDRAx16707@1.44 CNITx18596@1.25 COYNx3805@10.00 
Value: 135447.52
Sales: RGENx5804@4.45 IDRAx16707@1.44 COYNx3805@10.00 CNITx18596@1.25 VDSIx3212@7.55 
Purchases: WSTGx1943@13.94 WDCx707@38.28 CRAIx1273@21.27 MXWLx2698@10.04 DECKx525@51.53 

2012-04-30
Cash: 91.67
Held: WDCx707@38.69 WSTGx1943@13.60 DECKx525@50.81 CRAIx1273@20.53 MXWLx2698@9.62 
Value: 132631.59
Sales: WSTGx1943@13.60 WDCx707@38.69 CRAIx1273@20.53 MXWLx2698@9.62 DECKx525@50.81 
Purchases: SCVLx1364@19.44 WKHSx176813@0.15 DECKx522@50.81 MXWLx2758@9.62 SINOx9115@2.91 

2012-05-01
Cash: 18.17
Held: SCVLx1364@19.64 SINOx9115@3.02 DECKx522@52.44 MXWLx2758@9.57 WKHSx176813@0.19 
Value: 141682.41
Sales: SCVLx1364@19.64 SINOx9115@3.02 WKHSx176813@0.19 MXWLx2758@9.57 DECKx522@52.44 
Purchases: MEETx7680@3.69 COPx507@55.84 PPHMx61606@0.46 PLBCx8285@3.42 BKSx1456@19.45 

2012-05-02
Cash: 40.48
Held: PLBCx8285@3.37 MEETx7680@3.80 COPx507@54.66 PPHMx61606@0.49 BKSx1456@18.62 
Value: 142158.86
Sales: MEETx7680@3.80 PPHMx61606@0.49 BKSx1456@18.62 PLBCx8285@3.37 COPx507@54.66 
Purchases: ECOLx1697@16.75 OPHCx20604@1.38 ALRx1275@22.30 CBLIx836@34.00 DGASx1350@21.05 

2012-05-03
Cash: 37.21
Held: CBLIx836@30.41 ECOLx1697@16.98 OPHCx20604@1.18 DGASx1350@22.00 ALRx1275@21.44 
Value: 135618.41
Sales: ECOLx1697@16.98 CBLIx836@30.41 ALRx1275@21.44 OPHCx20604@1.18 DGASx1350@22.00 
Purchases: ABEOx29159@0.93 OPHCx22992@1.18 CEVAx1566@17.31 MITKx10633@2.55 OIBR.Cx4675@5.80 

2012-05-06
Cash: 19.56
Held: CEVAx1566@16.98 ABEOx29159@0.85 OIBR.Cx4675@5.73 OPHCx22992@1.08 MITKx10633@2.81 
Value: 132912.73
Sales: ABEOx29159@0.85 OPHCx22992@1.08 CEVAx1566@16.98 MITKx10633@2.81 OIBR.Cx4675@5.73 
Purchases: SGOCx12660@2.10 BEBEx425@62.50 MANTx1065@24.94 PBHx1974@13.46 HFBCx3692@7.20 

2012-05-07
Cash: 59.33
Held: SGOCx12660@2.30 PBHx1974@13.43 MANTx1065@24.44 BEBEx425@60.69 HFBCx3692@7.05 
Value: 133547.03
Sales: SGOCx12660@2.30 BEBEx425@60.69 MANTx1065@24.44 PBHx1974@13.43 HFBCx3692@7.05 
Purchases: CLNTx5646@4.73 BSFTx810@32.94 IRCPx2282@11.70 INWKx2586@10.33 GLUUx6549@4.08 

2012-05-08
Cash: 36.73
Held: GLUUx6549@4.14 INWKx2586@10.81 CLNTx5646@4.57 BSFTx810@31.41 IRCPx2282@12.70 
Value: 135346.39
Sales: CLNTx5646@4.57 GLUUx6549@4.14 IRCPx2282@12.70 BSFTx810@31.41 INWKx2586@10.81 
Purchases: FOSLx343@78.81 TASTx5760@4.70 SNCRx1291@20.95 ESEAx173@156.00 TPXx577@46.91 

2012-05-09
Cash: 142.81
Held: TASTx5760@5.20 SNCRx1291@20.38 ESEAx173@150.00 TPXx577@52.44 FOSLx343@80.00 
Value: 140040.87
Sales: SNCRx1291@20.38 FOSLx343@80.00 TASTx5760@5.20 ESEAx173@150.00 TPXx577@52.44 
Purchases: MELIx359@78.00 DNBx440@63.53 CRMDx103726@0.27 INSMx8435@3.32 EGTx7002@4.00 

2012-05-10
Cash: 62.24
Held: DNBx440@65.06 CRMDx103726@0.24 EGTx7002@3.64 INSMx8435@3.03 MELIx359@76.38 
Value: 132045.37
Sales: MELIx359@76.38 EGTx7002@3.64 CRMDx103726@0.24 INSMx8435@3.03 DNBx440@65.06 
Purchases: ABIOx1428@18.48 IESCx7722@3.42 PAMx4387@6.02 AMEDx2642@9.99 KROx1301@20.30 

2012-05-13
Cash: 27.76
Held: IESCx7722@3.80 AMEDx2642@10.40 ABIOx1428@21.84 KROx1301@20.17 PAMx4387@5.96 
Value: 140437.19
Sales: PAMx4387@5.96 IESCx7722@3.80 AMEDx2642@10.40 KROx1301@20.17 ABIOx1428@21.84 
Purchases: CVOx1809@15.52 UDOWx566@49.56 QLDx534@52.56 VHIx1794@15.65 TQQQx568@49.44 

2012-05-14
Cash: 80.74
Held: CVOx1809@15.04 QLDx534@52.81 TQQQx568@49.84 UDOWx566@49.25 VHIx1794@16.58 
Value: 141416.19
Sales: CVOx1809@15.04 QLDx534@52.81 VHIx1794@16.58 UDOWx566@49.25 TQQQx568@49.84 
Purchases: AEx714@39.59 WLDNx10554@2.68 EGTx9306@3.04 CIGx2123@13.32 CIG.Cx1851@15.27 

2012-05-15
Cash: 33.16
Held: CIG.Cx1851@14.87 WLDNx10554@2.29 AEx714@38.31 EGTx9306@3.56 CIGx2123@13.29 
Value: 140413.34
Sales: EGTx9306@3.56 CIGx2123@13.29 WLDNx10554@2.29 AEx714@38.31 CIG.Cx1851@14.87 
Purchases: CBPOx3420@8.21 ESNCx68508@0.41 CFBKx13251@2.12 CHCIx2741@10.24 TEFx2220@12.65 

2012-05-16
Cash: 15.57
Held: TEFx2220@12.41 ESNCx68508@0.44 CBPOx3420@8.66 CHCIx2741@10.37 CFBKx13251@1.58 
Value: 136655.41
Sales: CBPOx3420@8.66 ESNCx68508@0.44 CFBKx13251@1.58 CHCIx2741@10.37 TEFx2220@12.41 
Purchases: GALTx12595@2.17 SVTx3526@7.75 RVLTx52557@0.52 ABIOx1587@17.22 LAKEx3567@7.66 

2012-05-17
Cash: 18.14
Held: RVLTx52557@0.44 GALTx12595@2.03 LAKEx3567@7.91 SVTx3526@7.70 ABIOx1587@16.80 
Value: 130718.75
Sales: GALTx12595@2.03 SVTx3526@7.70 RVLTx52557@0.44 LAKEx3567@7.91 ABIOx1587@16.80 
Purchases: ABCDx19218@1.36 ABEOx58103@0.45 FFHLx30753@0.85 CALLx1438@18.17 BORNx9540@2.74 

2012-05-20
Cash: 15.95
Held: CALLx1438@18.20 ABEOx58103@0.54 FFHLx30753@0.89 ABCDx19218@1.25 BORNx9540@2.71 
Value: 134829.15
Sales: ABCDx19218@1.25 ABEOx58103@0.54 CALLx1438@18.20 FFHLx30753@0.89 BORNx9540@2.71 
Purchases: OPHCx40847@0.66 SYMXx32485@0.83 RVLTx64216@0.42 MITKx13086@2.06 PGTIx11143@2.42 

2012-05-21
Cash: 3.46
Held: RVLTx64216@0.36 PGTIx11143@2.55 SYMXx32485@0.97 OPHCx40847@0.68 MITKx13086@2.11 
Value: 138455.32
Sales: OPHCx40847@0.68 SYMXx32485@0.97 RVLTx64216@0.36 MITKx13086@2.11 PGTIx11143@2.55 
Purchases: KIRKx2619@10.57 ATLCx6058@4.57 CKXx2766@10.01 ESEAx211@131.00 GALEx19501@1.42 

2012-05-22
Cash: 72.21
Held: KIRKx2619@9.94 CKXx2766@10.01 GALEx19501@1.33 ESEAx211@135.00 ATLCx6058@4.22 
Value: 133760.18
Sales: KIRKx2619@9.94 ATLCx6058@4.22 CKXx2766@10.01 ESEAx211@135.00 GALEx19501@1.33 
Purchases: EXPRx1591@16.81 SBOTx83582@0.32 CSWCx1244@21.50 ISNSx4785@5.59 RADAx18202@1.47 

2012-05-23
Cash: 14.17
Held: RADAx18202@1.52 EXPRx1591@17.94 ISNSx4785@5.48 SBOTx83582@0.32 CSWCx1244@21.77 
Value: 136263.67
Sales: EXPRx1591@17.94 SBOTx83582@0.32 CSWCx1244@21.77 ISNSx4785@5.48 RADAx18202@1.52 
Purchases: GRNx2808@9.70 CNETx16029@1.70 BIOPx53461@0.51 STRSx3915@6.96 OSIRx4676@5.83 

2012-05-24
Cash: 7.90
Held: GRNx2808@9.70 CNETx16029@1.81 OSIRx4676@6.40 STRSx3915@7.02 BIOPx53461@0.62 
Value: 146812.53
Sales: GRNx2808@9.70 CNETx16029@1.81 BIOPx53461@0.62 STRSx3915@7.02 OSIRx4676@6.40 
Purchases: SCKTx14249@2.06 BDRx28800@1.02 CAWx7358@3.99 MARKx9851@2.98 PDEXx15450@1.90 

2012-05-28
Cash: 7.52
Held: SCKTx14249@2.09 PDEXx15450@1.95 CAWx7358@4.07 MARKx9851@2.90 BDRx28800@1.01 
Value: 147518.57
Sales: PDEXx15450@1.95 CAWx7358@4.07 BDRx28800@1.01 MARKx9851@2.90 SCKTx14249@2.09 
Purchases: PAYx763@38.66 MMACx105359@0.28 WPRTx1125@26.20 VBFCx22870@1.29 CPRXx50861@0.58 

2012-05-29
Cash: 35.19
Held: CPRXx50861@0.58 VBFCx22870@1.24 PAYx763@35.53 MMACx105359@0.28 WPRTx1125@24.94 
Value: 142571.34
Sales: PAYx763@35.53 MMACx105359@0.28 WPRTx1125@24.94 VBFCx22870@1.24 CPRXx50861@0.58 
Purchases: XBKSx14776@1.93 RVLTx66322@0.43 VIPx3688@7.73 NVGNx13984@2.04 MRVCx41328@0.69 

2012-05-30
Cash: 6.23
Held: RVLTx66322@0.48 NVGNx13984@2.08 MRVCx41328@0.68 VIPx3688@7.62 XBKSx14776@1.70 
Value: 142266.29
Sales: XBKSx14776@1.70 MRVCx41328@0.68 VIPx3688@7.62 NVGNx13984@2.08 RVLTx66322@0.48 
Purchases: SVBIx12645@2.25 CALIx10775@2.64 GFAx11561@2.46 ABIOx1148@24.78 TTMx1370@20.77 

2012-05-31
Cash: 13.63
Held: TTMx1370@20.02 CALIx10775@2.70 ABIOx1148@19.75 GFAx11561@2.43 SVBIx12645@3.10 
Value: 146476.30
Sales: SVBIx12645@3.10 CALIx10775@2.70 GFAx11561@2.43 ABIOx1148@19.75 TTMx1370@20.02 
Purchases: AIIIx26641@1.10 MNGAx59787@0.49 MHOx2035@14.39 ARLx13748@2.13 JOYx542@54.03 

2012-06-03
Cash: 21.64
Held: MNGAx59787@0.48 JOYx542@55.59 MHOx2035@13.53 AIIIx26641@1.30 ARLx13748@2.05 
Value: 149208.38
Sales: AIIIx26641@1.30 MNGAx59787@0.48 MHOx2035@13.53 ARLx13748@2.05 JOYx542@55.59 
Purchases: TEXx1894@15.75 ERXx908@32.84 MPBx3138@9.51 MPELx2718@10.98 QUIKx12970@2.30 

2012-06-04
Cash: 44.81
Held: QUIKx12970@2.20 MPBx3138@10.72 TEXx1894@15.60 ERXx908@32.38 MPELx2718@10.83 
Value: 150580.82
Sales: TEXx1894@15.60 ERXx908@32.38 MPBx3138@10.72 MPELx2718@10.83 QUIKx12970@2.20 
Purchases: NTWKx73469@0.41 WKHSx188185@0.16 OKEx761@39.53 TNPx5985@5.03 SMBKx18247@1.65 

2012-06-05
Cash: 38.96
Held: SMBKx18247@1.65 OKEx761@40.34 NTWKx73469@0.43 WKHSx188185@0.18 TNPx5985@5.14 
Value: 157091.93
Sales: NTWKx73469@0.43 WKHSx188185@0.18 OKEx761@40.34 SMBKx18247@1.65 TNPx5985@5.14 
Purchases: XBKSx24540@1.28 MMACx112196@0.28 LLITx18054@1.74 ORMPx112196@0.28 CHCIx3837@8.19 

2012-06-06
Cash: 4.06
Held: LLITx18054@1.69 ORMPx112196@0.29 CHCIx3837@8.89 MMACx112196@0.28 XBKSx24540@1.26 
Value: 159510.44
Sales: XBKSx24540@1.26 MMACx112196@0.28 LLITx18054@1.69 ORMPx112196@0.29 CHCIx3837@8.89 
Purchases: SNGXx113924@0.28 EGTx11390@2.80 HBPx29012@1.10 VIRCx18229@1.75 TPXx1424@22.39 

2012-06-07
Cash: 20.62
Held: TPXx1424@22.84 HBPx29012@1.10 VIRCx18229@1.75 EGTx11390@2.76 SNGXx113924@0.26 
Value: 157407.82
Sales: SNGXx113924@0.26 EGTx11390@2.76 HBPx29012@1.10 VIRCx18229@1.75 TPXx1424@22.84 
Purchases: AIIIx28352@1.11 CYRXx5246@6.00 ABRx5908@5.33 TLRDx1100@28.59 BLINx3537@8.90 

2012-06-10
Cash: 45.67
Held: BLINx3537@8.80 CYRXx5246@6.12 ABRx5908@5.40 AIIIx28352@1.27 TLRDx1100@29.20 
Value: 163282.63
Sales: AIIIx28352@1.27 CYRXx5246@6.12 ABRx5908@5.40 TLRDx1100@29.20 BLINx3537@8.80 
Purchases: BLINx3712@8.80 SAJAx43542@0.75 REEDx9893@3.30 CVTIx9749@3.35 SITOx181371@0.18 

2012-06-11
Cash: 5.64
Held: CVTIx9749@3.24 SAJAx43542@0.71 BLINx3712@9.50 REEDx9893@3.55 SITOx181371@0.18 
Value: 165556.20
Sales: SITOx181371@0.18 SAJAx43542@0.71 REEDx9893@3.55 CVTIx9749@3.24 BLINx3712@9.50 
Purchases: DGLYx84924@0.39 MBVXx9299@3.56 WPCSx40875@0.81 LOANx34846@0.95 TIKx8601@3.85 

2012-06-12
Cash: 3.30
Held: WPCSx40875@0.84 LOANx34846@1.03 DGLYx84924@0.40 TIKx8601@3.74 MBVXx9299@3.30 
Value: 167057.85
Sales: MBVXx9299@3.30 LOANx34846@1.03 WPCSx40875@0.84 DGLYx84924@0.40 TIKx8601@3.74 
Purchases: AKSx6777@4.93 PLMx43390@0.77 HRTXx64250@0.52 CTICx92@360.00 ADGEx14460@2.31 

2012-06-13
Cash: 296.44
Held: CTICx92@364.50 AKSx6777@5.01 ADGEx14460@2.55 PLMx43390@0.80 HRTXx64250@0.63 
Value: 179852.65
Sales: AKSx6777@5.01 PLMx43390@0.80 HRTXx64250@0.63 CTICx92@364.50 ADGEx14460@2.55 
Purchases: CLBSx66607@0.54 ISRx38670@0.93 INVTx32395@1.11 HMNYx12666@2.84 PHMDx3380@10.64 

2012-06-14
Cash: 7.76
Held: ISRx38670@0.88 INVTx32395@1.13 CLBSx66607@0.50 PHMDx3380@12.67 HMNYx12666@2.80 
Value: 182244.52
Sales: CLBSx66607@0.50 ISRx38670@0.88 INVTx32395@1.13 HMNYx12666@2.80 PHMDx3380@12.67 
Purchases: IGLDx11148@3.27 REGNx327@111.38 BJRIx945@38.53 AGAx1793@20.33 NOKx15384@2.37 

2012-06-17
Cash: 68.94
Held: AGAx1793@20.45 REGNx327@113.12 BJRIx945@39.34 IGLDx11148@3.32 NOKx15384@2.48 
Value: 186087.49
Sales: REGNx327@113.12 IGLDx11148@3.32 NOKx15384@2.48 AGAx1793@20.45 BJRIx945@39.34 
Purchases: HOVNPx9030@4.12 MNGAx88629@0.42 IIVIx2317@16.06 LSCCx9898@3.76 ERYx511@72.81 

2012-06-18
Cash: 18.59
Held: MNGAx88629@0.50 ERYx511@70.88 IIVIx2317@16.16 HOVNPx9030@4.82 LSCCx9898@3.54 
Value: 196541.31
Sales: HOVNPx9030@4.82 MNGAx88629@0.50 ERYx511@70.88 LSCCx9898@3.54 IIVIx2317@16.16 
Purchases: USAKx8330@4.72 MVISx18447@2.13 OHRPx47947@0.82 LAKEx6011@6.54 FEIMx4899@8.02 

2012-06-19
Cash: 4.93
Held: OHRPx47947@0.90 FEIMx4899@8.00 LAKEx6011@6.50 MVISx18447@2.06 USAKx8330@4.63 
Value: 197985.74
Sales: USAKx8330@4.63 MVISx18447@2.06 OHRPx47947@0.90 FEIMx4899@8.00 LAKEx6011@6.50 
Purchases: IMNPx247429@0.16 DACx9775@4.05 AXNx198034@0.20 VIRCx24754@1.60 RNVAx12377@3.20 

2012-06-20
Cash: 1.67
Held: IMNPx247429@0.17 RNVAx12377@3.61 VIRCx24754@1.62 AXNx198034@0.20 DACx9775@4.30 
Value: 208490.35
Sales: IMNPx247429@0.17 DACx9775@4.30 AXNx198034@0.20 VIRCx24754@1.62 RNVAx12377@3.61 
Purchases: FHx10118@4.12 ABACx8471@4.92 RVLTx106947@0.39 MGYRx10373@4.02 CLBSx90655@0.46 

2012-06-21
Cash: 9.72
Held: ABACx8471@4.80 RVLTx106947@0.37 MGYRx10373@4.20 CLBSx90655@0.44 FHx10118@3.96 
Value: 203778.21
Sales: CLBSx90655@0.44 ABACx8471@4.80 RVLTx106947@0.37 MGYRx10373@4.20 FHx10118@3.96 
Purchases: WHLMx370555@0.11 LZBx3615@11.27 HOTRx9265@4.40 HMNYx17202@2.37 BBBYx665@61.28 

2012-06-24
Cash: 11.60
Held: BBBYx665@60.75 HOTRx9265@4.10 LZBx3615@11.25 HMNYx17202@2.37 WHLMx370555@0.15 
Value: 215426.33
Sales: WHLMx370555@0.15 LZBx3615@11.25 HOTRx9265@4.10 HMNYx17202@2.37 BBBYx665@60.75 
Purchases: CYANx6438@6.69 Rx1235@34.88 VIVEx269225@0.16 SAJAx59022@0.73 SOXLx1640@26.27 

2012-06-25
Cash: 30.70
Held: Rx1235@34.34 SOXLx1640@24.67 SAJAx59022@0.75 CYANx6438@6.68 VIVEx269225@0.18 
Value: 218652.40
Sales: CYANx6438@6.68 Rx1235@34.34 VIVEx269225@0.18 SAJAx59022@0.75 SOXLx1640@24.67 
Purchases: MNTAx3298@13.26 MEETx19006@2.30 QCRHx3384@12.92 SRPTx70519@0.62 IDXGx5738@7.62 

2012-06-26
Cash: 11.98
Held: MEETx19006@2.24 SRPTx70519@0.69 IDXGx5738@7.97 MNTAx3298@13.31 QCRHx3384@12.98 
Value: 224785.85
Sales: MNTAx3298@13.31 MEETx19006@2.24 QCRHx3384@12.98 SRPTx70519@0.69 IDXGx5738@7.97 
Purchases: SNGXx195482@0.23 INOx99915@0.45 CRMDx224840@0.20 CAPRx449681@0.10 BBRYx5074@8.86 

2012-06-27
Cash: 5.32
Held: CAPRx449681@0.11 INOx99915@0.46 CRMDx224840@0.23 BBRYx5074@9.09 SNGXx195482@0.25 
Value: 242141.64
Sales: SNGXx195482@0.25 INOx99915@0.46 CRMDx224840@0.23 CAPRx449681@0.11 BBRYx5074@9.09 
Purchases: OMERx4598@10.53 DLTRx924@52.41 GIGAx44436@1.09 RDCMx12612@3.84 DLHCx39047@1.24 

2012-06-28
Cash: 11.74
Held: DLTRx924@53.34 DLHCx39047@1.16 GIGAx44436@1.22 RDCMx12612@3.86 OMERx4598@10.49 
Value: 245719.27
Sales: OMERx4598@10.49 DLTRx924@53.34 GIGAx44436@1.22 RDCMx12612@3.86 DLHCx39047@1.16 
Purchases: VRTXx922@53.25 MDGLx9828@5.00 SCKTx25199@1.95 ANTHx8028@6.12 BCSx4618@10.64 

2012-07-01
Cash: 61.25
Held: ANTHx8028@5.44 BCSx4618@10.61 SCKTx25199@2.06 VRTXx922@56.09 MDGLx9828@5.65 
Value: 251893.96
Sales: VRTXx922@56.09 MDGLx9828@5.65 SCKTx25199@2.06 ANTHx8028@5.44 BCSx4618@10.61 
Purchases: AEHRx45815@1.10 WKHSx335803@0.15 SRNEx201515@0.25 ANTHx9258@5.44 BBRYx6689@7.53 

2012-07-02
Cash: 4.89
Held: ANTHx9258@5.44 AEHRx45815@1.25 SRNEx201515@0.25 WKHSx335803@0.15 BBRYx6689@7.43 
Value: 258104.75
Sales: AEHRx45815@1.25 WKHSx335803@0.15 SRNEx201515@0.25 ANTHx9258@5.44 BBRYx6689@7.43 
Purchases: UUUUx286697@0.18 PIPx37146@1.39 WFBIx4894@10.55 KONEx215096@0.24 HMNYx17433@2.96 

2012-07-04
Cash: 8.64
Held: KONEx215096@0.30 UUUUx286697@0.17 HMNYx17433@3.03 PIPx37146@1.46 WFBIx4894@11.45 
Value: 276392.07
Sales: UUUUx286697@0.17 PIPx37146@1.46 WFBIx4894@11.45 KONEx215096@0.30 HMNYx17433@3.03 
Purchases: MTRx1867@29.59 GALEx34769@1.59 SCOx1187@46.56 DMFx5014@11.02 FORDx34120@1.62 

2012-07-05
Cash: 43.66
Held: FORDx34120@1.61 DMFx5014@10.89 GALEx34769@1.60 SCOx1187@49.12 MTRx1867@29.80 
Value: 279153.41
Sales: MTRx1867@29.80 GALEx34769@1.60 SCOx1187@49.12 DMFx5014@10.89 FORDx34120@1.61 
Purchases: CBMXx29@1892.00 BCLIx11831@4.72 ZIONWx19592@2.85 SAJAx93035@0.60 RVLTx214725@0.26 

2012-07-08
Cash: 967.65
Held: RVLTx214725@0.23 ZIONWx19592@2.83 SAJAx93035@0.66 BCLIx11831@5.10 CBMXx29@1891.00 
Value: 282410.32
Sales: CBMXx29@1891.00 BCLIx11831@5.10 ZIONWx19592@2.83 SAJAx93035@0.66 RVLTx214725@0.23 
Purchases: CNETx33626@1.68 HUSAx47446@1.19 GASLx2347@24.06 SCMPx10734@5.26 MTGx20925@2.70 

2012-07-09
Cash: 12.89
Held: CNETx33626@1.50 HUSAx47446@1.19 SCMPx10734@5.22 GASLx2347@24.80 MTGx20925@2.64 
Value: 276404.42
Sales: CNETx33626@1.50 HUSAx47446@1.19 MTGx20925@2.64 SCMPx10734@5.22 GASLx2347@24.80 
Purchases: BPIx3922@14.09 MNGAx14102@3.92 NLSTx27110@2.04 FUEx4343@12.73 MNOVx29254@1.89 

2012-07-10
Cash: 19.78
Held: MNGAx14102@4.05 BPIx3922@13.14 NLSTx27110@1.99 MNOVx29254@1.89 FUEx4343@12.75 
Value: 273289.70
Sales: BPIx3922@13.14 MNGAx14102@4.05 NLSTx27110@1.99 FUEx4343@12.75 MNOVx29254@1.89 
Purchases: JASOx53610@1.02 HRTXx84101@0.65 LMNXx2830@19.31 AMDx10889@5.02 MBIx5660@9.66 

2012-07-11
Cash: 8.77
Held: LMNXx2830@18.12 JASOx53610@0.99 AMDx10889@4.85 MBIx5660@9.77 HRTXx84101@0.63 
Value: 265509.08
Sales: JASOx53610@0.99 HRTXx84101@0.63 LMNXx2830@18.12 AMDx10889@4.85 MBIx5660@9.77 
Purchases: HGGx7285@7.29 LIVEx4626@11.48 ZIONWx21076@2.52 GRBKx17473@3.04 MBVXx25409@2.09 

2012-07-12
Cash: 13.66
Held: LIVEx4626@10.99 ZIONWx21076@2.80 GRBKx17473@2.82 HGGx7285@7.32 MBVXx25409@2.14 
Value: 266891.73
Sales: HGGx7285@7.32 LIVEx4626@10.99 GRBKx17473@2.82 ZIONWx21076@2.80 MBVXx25409@2.14 
Purchases: MEIPx124155@0.43 DRWIx731@73.00 SVUx19549@2.73 SEEDx36561@1.46 GVx24036@2.22 

2012-07-15
Cash: 18.18
Held: GVx24036@2.30 MEIPx124155@0.47 SVUx19549@2.49 DRWIx731@73.75 SEEDx36561@1.49 
Value: 270746.27
Sales: GVx24036@2.30 DRWIx731@73.75 SVUx19549@2.49 SEEDx36561@1.49 MEIPx124155@0.47 
Purchases: MTEXx8192@6.61 OPTTx20674@2.62 SVUx21744@2.49 HTHTx4766@11.36 RELVx36843@1.47 

2012-07-16
Cash: 18.58
Held: RELVx36843@1.44 SVUx21744@2.47 MTEXx8192@6.52 OPTTx20674@2.71 HTHTx4766@11.32 
Value: 270217.83
Sales: MTEXx8192@6.52 OPTTx20674@2.71 SVUx21744@2.47 HTHTx4766@11.32 RELVx36843@1.44 
Purchases: CALXx11303@4.78 FAZx2486@21.73 SVUx21873@2.47 CALDx11957@4.52 PLBCx18014@3.00 

2012-07-17
Cash: 19.98
Held: PLBCx18014@3.18 CALXx11303@4.59 CALDx11957@4.28 SVUx21873@2.29 FAZx2486@22.02 
Value: 265168.29
Sales: CALXx11303@4.59 FAZx2486@22.02 SVUx21873@2.29 CALDx11957@4.28 PLBCx18014@3.18 
Purchases: DRAMx4794@11.06 LNGx3835@13.83 JBHTx966@54.84 MLNKx16730@3.17 EDUx3542@14.97 

2012-07-18
Cash: 72.64
Held: JBHTx966@54.88 EDUx3542@10.56 LNGx3835@13.77 DRAMx4794@11.06 MLNKx16730@3.23 
Value: 250394.76
Sales: DRAMx4794@11.06 LNGx3835@13.77 JBHTx966@54.88 MLNKx16730@3.23 EDUx3542@10.56 
Purchases: TIVOx4934@10.15 ISRx47263@1.06 HHSx6419@7.80 SQBGx185464@0.27 DFBGx45542@1.10 

2012-07-19
Cash: 13.37
Held: ISRx47263@1.06 SQBGx185464@0.27 TIVOx4934@11.46 HHSx6419@7.23 DFBGx45542@1.16 
Value: 255967.23
Sales: TIVOx4934@11.46 ISRx47263@1.06 DFBGx45542@1.16 SQBGx185464@0.27 HHSx6419@7.23 
Purchases: MBOTx36303@1.41 SOXSx1218@42.00 GFEDx7540@6.79 NAIIx10034@5.10 MEETx26938@1.90 

2012-07-22
Cash: 47.00
Held: GFEDx7540@7.02 MBOTx36303@1.56 MEETx26938@1.91 SOXSx1218@46.72 NAIIx10034@5.28 
Value: 270942.63
Sales: MBOTx36303@1.56 MEETx26938@1.91 GFEDx7540@7.02 NAIIx10034@5.28 SOXSx1218@46.72 
Purchases: CMGx175@308.00 HUSAx55295@0.98 FHNx6816@7.95 MITKx17946@3.02 NOKx32449@1.67 

2012-07-23
Cash: 296.93
Held: FHNx6816@7.93 HUSAx55295@0.86 CMGx175@302.50 MITKx17946@2.80 NOKx32449@1.78 
Value: 262860.24
Sales: CMGx175@302.50 HUSAx55295@0.86 FHNx6816@7.93 MITKx17946@2.80 NOKx32449@1.78 
Purchases: ABEOx175211@0.30 GOROx3020@17.41 ACTGx1668@31.52 RMBSx12637@4.16 BGIx59060@0.89 

2012-07-24
Cash: 10.07
Held: ABEOx175211@0.37 ACTGx1668@32.00 GOROx3020@17.48 BGIx59060@1.15 RMBSx12637@4.13 
Value: 291156.55
Sales: ABEOx175211@0.37 GOROx3020@17.48 BGIx59060@1.15 RMBSx12637@4.13 ACTGx1668@32.00 
Purchases: MNGAx14557@4.00 BRKRx5043@11.55 VISNx215655@0.27 HUSAx71885@0.81 MARKx24783@2.35 

2012-07-25
Cash: 5.16
Held: BRKRx5043@11.63 MNGAx14557@4.40 HUSAx71885@0.81 VISNx215655@0.32 MARKx24783@2.40 
Value: 309441.78
Sales: MNGAx14557@4.40 BRKRx5043@11.63 VISNx215655@0.32 MARKx24783@2.40 HUSAx71885@0.81 
Purchases: NHTCx56282@1.10 BYDx11464@5.40 WSO.Bx909@68.06 NFLXx1043@59.31 WSOx919@67.31 

2012-07-26
Cash: 73.94
Held: BYDx11464@5.41 NFLXx1043@57.38 NHTCx56282@1.38 WSOx919@67.50 WSO.Bx909@67.56 
Value: 323047.47
Sales: NHTCx56282@1.38 BYDx11464@5.41 WSO.Bx909@67.56 NFLXx1043@57.38 WSOx919@67.50 
Purchases: FOEx22127@2.92 LOGMx2731@23.66 RAVNx2001@32.28 CADCx10356@6.24 QSIIx4006@16.12 

2012-07-29
Cash: 37.97
Held: RAVNx2001@34.59 FOEx22127@3.14 CADCx10356@7.08 QSIIx4006@16.41 LOGMx2731@23.31 
Value: 341443.61
Sales: FOEx22127@3.14 LOGMx2731@23.31 RAVNx2001@34.59 CADCx10356@7.08 QSIIx4006@16.41 
Purchases: INODx19179@3.56 SRNEx273154@0.25 CRRx1013@67.38 CVMx195056@0.35 GDOTx7376@9.26 

2012-07-30
Cash: 42.23
Held: CVMx195056@0.36 SRNEx273154@0.16 INODx19179@3.34 CRRx1013@65.44 GDOTx7376@10.22 
Value: 319713.87
Sales: INODx19179@3.34 CRRx1013@65.44 CVMx195056@0.36 SRNEx273154@0.16 GDOTx7376@10.22 
Purchases: MBOTx34939@1.83 AWIx1654@38.66 PGNXx11503@5.56 HMNYx27442@2.33 RTNBx116300@0.55 

2012-07-31
Cash: 10.54
Held: MBOTx34939@1.90 PGNXx11503@5.18 AWIx1654@38.75 HMNYx27442@2.29 RTNBx116300@0.70 
Value: 334331.90
Sales: MBOTx34939@1.90 HMNYx27442@2.29 PGNXx11503@5.18 AWIx1654@38.75 RTNBx116300@0.70 
Purchases: NTWKx145374@0.46 CSIQx25136@2.66 AMRNx5709@11.71 BLINx12157@5.50 VRMLx36151@1.85 

2012-08-01
Cash: 13.38
Held: AMRNx5709@11.56 NTWKx145374@0.45 CSIQx25136@2.71 BLINx12157@5.50 VRMLx36151@1.90 
Value: 335141.55
Sales: NTWKx145374@0.45 CSIQx25136@2.71 AMRNx5709@11.56 VRMLx36151@1.90 BLINx12157@5.50 
Purchases: AXRx13353@5.02 GSPx2056@32.59 LOGMx3519@19.05 MGLNx1413@47.41 CJJDx89371@0.75 

2012-08-02
Cash: 63.76
Held: CJJDx89371@0.75 MGLNx1413@47.88 AXRx13353@6.10 GSPx2056@33.38 LOGMx3519@19.55 
Value: 353618.00
Sales: AXRx13353@6.10 CJJDx89371@0.75 LOGMx3519@19.55 MGLNx1413@47.88 GSPx2056@33.38 
Purchases: MYOSx282894@0.25 INCYx3598@19.66 MTGx75242@0.94 PSDVx33373@2.12 GNWx16370@4.32 

2012-08-05
Cash: 2.65
Held: PSDVx33373@2.08 GNWx16370@4.35 INCYx3598@18.47 MTGx75242@0.84 MYOSx282894@0.25 
Value: 341021.76
Sales: MYOSx282894@0.25 INCYx3598@18.47 MTGx75242@0.84 PSDVx33373@2.08 GNWx16370@4.35 
Purchases: PFIEx77515@0.88 AXTIx24351@2.80 LINCx19651@3.47 MTGx81210@0.84 HDSNx20860@3.27 

2012-08-06
Cash: 6.90
Held: PFIEx77515@1.10 AXTIx24351@2.88 HDSNx20860@3.27 LINCx19651@3.49 MTGx81210@1.04 
Value: 376645.52
Sales: PFIEx77515@1.10 AXTIx24351@2.88 LINCx19651@3.49 MTGx81210@1.04 HDSNx20860@3.27 
Purchases: EXELx15526@4.85 USMx2048@36.78 DLHCx75329@1.00 IMGNx5570@13.52 TROVx29419@2.56 

2012-08-07
Cash: 8.88
Held: DLHCx75329@1.00 USMx2048@37.03 EXELx15526@4.62 TROVx29419@2.54 IMGNx5570@13.10 
Value: 370597.37
Sales: EXELx15526@4.62 USMx2048@37.03 TROVx29419@2.54 IMGNx5570@13.10 DLHCx75329@1.00 
Purchases: SGMSx10817@6.85 TESOx7253@10.22 CNITx97555@0.76 RTNBx134810@0.55 CVMx217942@0.34 

2012-08-08
Cash: 9.88
Held: TESOx7253@10.17 CVMx217942@0.35 SGMSx10817@6.78 RTNBx134810@0.70 CNITx97555@0.91 
Value: 406623.88
Sales: CNITx97555@0.91 SGMSx10817@6.78 TESOx7253@10.17 CVMx217942@0.35 RTNBx134810@0.70 
Purchases: FNCXx54216@1.50 EGTx8164@9.96 SRNEx325299@0.25 PCLNx144@563.00 IBIOx70098@1.16 

2012-08-09
Cash: 257.40
Held: PCLNx144@562.50 FNCXx54216@1.40 SRNEx325299@0.40 IBIOx70098@1.10 EGTx8164@9.60 
Value: 442736.38
Sales: FNCXx54216@1.40 EGTx8164@9.60 SRNEx325299@0.40 PCLNx144@562.50 IBIOx70098@1.10 
Purchases: MNTXx11379@7.78 OTELx25744@3.44 MATRx13966@6.34 TROVx39873@2.22 FNCXx63230@1.40 

2012-08-12
Cash: 13.21
Held: MATRx13966@5.79 FNCXx63230@1.25 MNTXx11379@7.86 OTELx25744@3.00 TROVx39873@2.36 
Value: 420639.94
Sales: FNCXx63230@1.25 OTELx25744@3.00 MATRx13966@5.79 TROVx39873@2.36 MNTXx11379@7.86 
Purchases: MAGSx21515@3.91 SEMx8283@10.16 AXASx38424@2.19 HRGx9692@8.68 PHMDx7033@11.96 

2012-08-13
Cash: 16.36
Held: AXASx38424@2.14 SEMx8283@10.33 MAGSx21515@3.81 HRGx9692@8.61 PHMDx7033@12.27 
Value: 419560.66
Sales: MAGSx21515@3.81 SEMx8283@10.33 PHMDx7033@12.27 HRGx9692@8.61 AXASx38424@2.14 
Purchases: DRAMx8180@10.26 CDXSx36164@2.32 CWBCx32400@2.59 HSKAx9899@8.48 BF.Ax2822@29.73 

2012-08-14
Cash: 9.13
Held: BF.Ax2822@29.83 DRAMx8180@10.08 HSKAx9899@8.38 CWBCx32400@2.60 CDXSx36164@2.46 
Value: 422829.31
Sales: DRAMx8180@10.08 CDXSx36164@2.46 HSKAx9899@8.38 CWBCx32400@2.60 BF.Ax2822@29.83 
Purchases: HTHTx6231@13.57 CJJDx111305@0.76 OTELx32143@2.63 IOCx1018@83.06 CAPRx768882@0.11 

2012-08-15
Cash: 19.89
Held: IOCx1018@80.19 CAPRx768882@0.12 CJJDx111305@0.81 OTELx32143@2.56 HTHTx6231@13.64 
Value: 431374.81
Sales: HTHTx6231@13.64 CJJDx111305@0.81 OTELx32143@2.56 IOCx1018@80.19 CAPRx768882@0.12 
Purchases: SORLx45398@1.90 NTWKx19172@4.50 BASx7337@11.76 CTRNx6906@12.49 PTXx13483@6.40 

2012-08-16
Cash: 18.63
Held: SORLx45398@1.88 BASx7337@11.85 NTWKx19172@4.61 CTRNx6906@11.51 PTXx13483@6.40 
Value: 426430.49
Sales: SORLx45398@1.88 NTWKx19172@4.61 PTXx13483@6.40 BASx7337@11.85 CTRNx6906@11.51 
Purchases: WAFDWx28428@3.00 CLNTx31123@2.74 CRMDx501553@0.17 QRHCx170572@0.50 INOx160982@0.53 

2012-08-19
Cash: 4.25
Held: WAFDWx28428@3.00 INOx160982@0.57 QRHCx170572@0.50 CLNTx31123@2.81 CRMDx501553@0.18 
Value: 440084.82
Sales: CRMDx501553@0.18 CLNTx31123@2.81 INOx160982@0.57 WAFDWx28428@3.00 QRHCx170572@0.50 
Purchases: CGAx24518@3.59 INSYx10608@8.30 MEETx34933@2.52 PLPMx30244@2.91 GCBCx4713@18.67 

2012-08-20
Cash: 25.68
Held: PLPMx30244@2.90 MEETx34933@2.45 INSYx10608@8.30 GCBCx4713@18.67 CGAx24518@3.65 
Value: 438817.73
Sales: CGAx24518@3.65 MEETx34933@2.45 GCBCx4713@18.67 PLPMx30244@2.90 INSYx10608@8.30 
Purchases: ACYx7600@11.55 LIVEx17552@5.00 IOCx1119@78.38 ABIOx5969@14.70 ANTHx13542@6.48 

2012-08-21
Cash: 78.39
Held: ANTHx13542@6.69 LIVEx17552@5.01 IOCx1119@78.00 ABIOx5969@15.12 ACYx7600@11.30 
Value: 442031.85
Sales: ACYx7600@11.30 LIVEx17552@5.01 IOCx1119@78.00 ANTHx13542@6.69 ABIOx5969@15.12 
Purchases: CFBKx54898@1.61 IFMIx81118@1.09 IMUCx36095@2.45 RDCMx29183@3.03 ENGx110534@0.80 

2012-08-22
Cash: 6.69
Held: IMUCx36095@2.35 IFMIx81118@1.10 ENGx110534@0.79 RDCMx29183@3.05 CFBKx54898@1.59 
Value: 437650.32
Sales: IMUCx36095@2.35 IFMIx81118@1.10 CFBKx54898@1.59 RDCMx29183@3.05 ENGx110534@0.79 
Purchases: CFBKx55055@1.59 BRNx31604@2.77 SNGXx291719@0.30 SWMx2703@32.38 PYDSx1250298@0.07 

2012-08-23
Cash: 23.62
Held: BRNx31604@3.30 SWMx2703@32.56 PYDSx1250298@0.10 SNGXx291719@0.39 CFBKx55055@1.51 
Value: 514216.45
Sales: CFBKx55055@1.51 BRNx31604@3.30 PYDSx1250298@0.10 SWMx2703@32.56 SNGXx291719@0.39 
Purchases: GESx3984@25.81 BIGx3401@30.23 SANDx10590@9.71 RVLTx791072@0.13 FGPx5390@19.08 

2012-08-26
Cash: 39.19
Held: RVLTx791072@0.17 GESx3984@26.64 FGPx5390@19.69 BIGx3401@30.38 SANDx10590@10.00 
Value: 556013.45
Sales: GESx3984@26.64 FGPx5390@19.69 SANDx10590@10.00 RVLTx791072@0.17 BIGx3401@30.38 
Purchases: CHHx3530@31.50 HRTx52186@2.13 HRGx14079@7.90 HOLIx12249@9.08 FREDx8294@13.41 

2012-08-27
Cash: 25.93
Held: HRTx52186@2.40 HRGx14079@7.88 CHHx3530@32.06 HOLIx12249@9.42 FREDx8294@13.50 
Value: 576778.00
Sales: CHHx3530@32.06 HRTx52186@2.40 HRGx14079@7.88 HOLIx12249@9.42 FREDx8294@13.50 
Purchases: PPHMx57677@2.00 DGLYx16894@6.83 APDNx15885@7.26 OTTWx19479@5.92 AMCNx75382@1.53 

2012-08-28
Cash: 9.98
Held: AMCNx75382@1.49 APDNx15885@6.72 PPHMx57677@2.39 DGLYx16894@6.17 OTTWx19479@6.00 
Value: 578099.91
Sales: AMCNx75382@1.49 DGLYx16894@6.17 APDNx15885@6.72 OTTWx19479@6.00 PPHMx57677@2.39 
Purchases: WLDNx96334@1.20 WPCSx165125@0.70 MTSLx41281@2.80 CVTIx22980@5.03 SOHUx2835@40.78 

2012-08-29
Cash: 8.52
Held: WPCSx165125@0.70 CVTIx22980@4.91 WLDNx96334@1.29 SOHUx2835@40.00 MTSLx41281@2.90 
Value: 585869.31
Sales: SOHUx2835@40.00 WPCSx165125@0.70 MTSLx41281@2.90 CVTIx22980@4.91 WLDNx96334@1.29 
Purchases: SITOx418434@0.28 WGBSx1952977@0.06 CYRXx25703@4.56 ARQLx20744@5.65 DYx7707@15.20 

2012-08-30
Cash: 10.47
Held: DYx7707@14.86 WGBSx1952977@0.06 ARQLx20744@5.38 CYRXx25703@4.56 SITOx418434@0.30 
Value: 586005.73
Sales: SITOx418434@0.30 CYRXx25703@4.56 WGBSx1952977@0.06 ARQLx20744@5.38 DYx7707@14.86 
Purchases: CIENx8616@13.60 PBTx7724@15.17 ROSGx20313@5.77 OESXx79743@1.47 JKSx38689@3.03 

2012-09-03
Cash: 29.74
Held: CIENx8616@13.65 PBTx7724@15.57 JKSx38689@3.21 OESXx79743@1.52 ROSGx20313@5.22 
Value: 589298.18
Sales: PBTx7724@15.57 ROSGx20313@5.22 CIENx8616@13.65 OESXx79743@1.52 JKSx38689@3.21 
Purchases: FSLRx5953@19.80 GRVYx88611@1.33 CAPRx1071593@0.11 EBRx18420@6.40 GTIMx84812@1.39 

2012-09-04
Cash: 10.22
Held: EBRx18420@6.43 CAPRx1071593@0.12 FSLRx5953@19.27 GTIMx84812@1.43 GRVYx88611@1.31 
Value: 599016.25
Sales: FSLRx5953@19.27 GRVYx88611@1.31 CAPRx1071593@0.12 EBRx18420@6.43 GTIMx84812@1.43 
Purchases: ZSLx2538@47.19 BWENx68458@1.75 RVLTx998401@0.12 DZSIx206529@0.58 BORNx53712@2.23 

2012-09-05
Cash: 43.74
Held: DZSIx206529@0.58 RVLTx998401@0.14 ZSLx2538@46.00 BWENx68458@1.85 BORNx53712@2.18 
Value: 620081.39
Sales: ZSLx2538@46.00 BWENx68458@1.85 RVLTx998401@0.14 DZSIx206529@0.58 BORNx53712@2.18 
Purchases: UAMYx51876@2.39 CALIx73832@1.68 PBIBx69281@1.79 CPHIx399976@0.31 KLDXx102496@1.21 

2012-09-06
Cash: 2.79
Held: CALIx73832@1.50 UAMYx51876@2.64 PBIBx69281@1.79 KLDXx102496@1.22 CPHIx399976@0.30 
Value: 616780.97
Sales: UAMYx51876@2.64 CALIx73832@1.50 PBIBx69281@1.79 CPHIx399976@0.30 KLDXx102496@1.22 
Purchases: FCELx137077@0.90 CADCx28552@4.32 MTRXx11774@10.48 CACCx1351@91.25 LEUx228420@0.54 

2012-09-09
Cash: 85.98
Held: MTRXx11774@10.72 FCELx137077@0.93 LEUx228420@0.50 CACCx1351@90.00 CADCx28552@5.88 
Value: 657448.78
Sales: FCELx137077@0.93 CADCx28552@5.88 MTRXx11774@10.72 CACCx1351@90.00 LEUx228420@0.50 
Purchases: WKHSx773269@0.17 NTPx13148@10.00 GCBCx6399@20.55 PNTRx54778@2.40 MEIPx365140@0.36 

2012-09-10
Cash: 21.39
Held: MEIPx365140@0.39 GCBCx6399@20.55 NTPx13148@10.54 WKHSx773269@0.22 PNTRx54778@2.39 
Value: 713483.99
Sales: MEIPx365140@0.39 NTPx13148@10.54 PNTRx54778@2.39 WKHSx773269@0.22 GCBCx6399@20.55 
Purchases: IMNPx1427316@0.10 MLNXx1393@102.44 GERNx114157@1.25 SUMRx60732@2.35 MSBFx25944@5.50 

2012-09-11
Cash: 7.08
Held: MSBFx25944@5.51 GERNx114157@1.27 IMNPx1427316@0.13 MLNXx1393@103.00 SUMRx60732@2.32 
Value: 757883.26
Sales: MSBFx25944@5.51 IMNPx1427316@0.13 GERNx114157@1.27 SUMRx60732@2.32 MLNXx1393@103.00 
Purchases: PPHMx37894@4.00 CYTRx38861@3.90 UWNx187118@0.81 CENTx13511@11.22 AMRNx11313@13.40 

2012-09-12
Cash: 4.58
Held: AMRNx11313@13.56 UWNx187118@0.92 CENTx13511@11.36 PPHMx37894@4.18 CYTRx38861@3.88 
Value: 788246.75
Sales: PPHMx37894@4.18 AMRNx11313@13.56 UWNx187118@0.92 CENTx13511@11.36 CYTRx38861@3.88 
Purchases: FSBCx25223@6.25 DGLYx38546@4.09 CIGx16432@9.59 DEEx6349@24.83 CIG.Cx14101@11.18 

2012-09-13
Cash: 32.84
Held: CIG.Cx14101@11.13 FSBCx25223@6.05 DGLYx38546@3.89 DEEx6349@24.47 CIGx16432@10.22 
Value: 782870.11
Sales: CIGx16432@10.22 DGLYx38546@3.89 FSBCx25223@6.05 DEEx6349@24.47 CIG.Cx14101@11.13 
Purchases: SGOCx131527@1.19 WKHSx978378@0.16 SBOTx504982@0.31 PBIBx87949@1.78 NNBRx19141@8.18 

2012-09-16
Cash: 7.87
Held: NNBRx19141@8.89 SGOCx131527@1.20 PBIBx87949@1.93 SBOTx504982@0.30 WKHSx978378@0.15 
Value: 796055.34
Sales: SGOCx131527@1.20 WKHSx978378@0.15 SBOTx504982@0.30 PBIBx87949@1.93 NNBRx19141@8.89 
Purchases: ERYx3819@41.69 ABEOx312322@0.51 YANGx12343@12.90 CTICx530@300.00 DAIOx73043@2.18 

2012-09-17
Cash: 223.43
Held: CTICx530@295.00 DAIOx73043@2.17 ERYx3819@42.78 ABEOx312322@0.45 YANGx12343@13.63 
Value: 787252.09
Sales: ABEOx312322@0.45 DAIOx73043@2.17 YANGx12343@13.63 CTICx530@295.00 ERYx3819@42.78 
Purchases: AKSx28226@5.58 MLSSx629801@0.25 CORTx59847@2.63 LAWSx25937@6.07 IMHx23822@6.61 

2012-09-18
Cash: 10.41
Held: MLSSx629801@0.25 IMHx23822@7.55 CORTx59847@2.66 AKSx28226@5.55 LAWSx25937@6.00 
Value: 808836.09
Sales: CORTx59847@2.66 MLSSx629801@0.25 LAWSx25937@6.00 AKSx28226@5.55 IMHx23822@7.55 
Purchases: WRNx190292@0.85 HNIx6173@26.20 WPCSx252707@0.64 SSNx151140@1.07 COOLx3009@53.75 

2012-09-19
Cash: 49.61
Held: WPCSx252707@0.57 SSNx151140@1.09 HNIx6173@26.33 COOLx3009@56.28 WRNx190292@0.79 
Value: 790979.07
Sales: HNIx6173@26.33 WRNx190292@0.79 WPCSx252707@0.57 COOLx3009@56.28 SSNx151140@1.09 
Purchases: GRBKx21092@7.50 USATx123564@1.28 SSYSx2721@58.12 VALUx18408@8.59 LKQx8479@18.66 

2012-09-20
Cash: 55.15
Held: GRBKx21092@7.35 LKQx8479@18.98 SSYSx2721@59.12 VALUx18408@8.85 USATx123564@1.31 
Value: 801717.25
Sales: GRBKx21092@7.35 USATx123564@1.31 SSYSx2721@59.12 VALUx18408@8.85 LKQx8479@18.98 
Purchases: INODx41316@3.88 CDXCx55658@2.88 CGENx38907@4.12 GRBKx21810@7.35 CPRXx84373@1.90 

2012-09-23
Cash: 14.17
Held: CPRXx84373@1.98 GRBKx21810@7.11 CGENx38907@4.08 CDXCx55658@2.55 INODx41316@3.76 
Value: 778145.19
Sales: INODx41316@3.76 GRBKx21810@7.11 CGENx38907@4.08 CDXCx55658@2.55 CPRXx84373@1.98 
Purchases: CNETx162120@0.96 XPOx12599@12.35 SNGXx420485@0.37 SWKSx6384@24.38 PEIXx389167@0.40 

2012-09-24
Cash: 31.47
Held: CNETx162120@0.95 XPOx12599@12.10 SWKSx6384@24.34 PEIXx389167@0.40 SNGXx420485@0.37 
Value: 773212.74
Sales: CNETx162120@0.95 SWKSx6384@24.34 SNGXx420485@0.37 XPOx12599@12.10 PEIXx389167@0.40 
Purchases: MVISx71913@2.15 FPPx33323@4.64 CDXSx47439@3.26 TRTx101769@1.52 VGx69029@2.24 

2012-09-25
Cash: 9.82
Held: VGx69029@2.27 TRTx101769@1.42 CDXSx47439@3.17 MVISx71913@2.24 FPPx33323@4.54 
Value: 763912.40
Sales: MVISx71913@2.24 CDXSx47439@3.17 TRTx101769@1.42 FPPx33323@4.54 VGx69029@2.27 
Purchases: MEIPx311807@0.49 WFBIx15266@10.01 PLBCx45479@3.36 AKO.Bx4361@35.03 RGSEx218199@0.70 

2012-09-26
Cash: 16.53
Held: MEIPx311807@0.57 PLBCx45479@3.36 RGSEx218199@0.70 AKO.Bx4361@35.12 WFBIx15266@10.01 
Value: 789214.03
Sales: MEIPx311807@0.57 WFBIx15266@10.01 PLBCx45479@3.36 AKO.Bx4361@35.12 RGSEx218199@0.70 
Purchases: UAMYx80533@1.96 BFRx37037@4.26 CETVx23588@6.69 MGHx250590@0.63 MTGx108842@1.45 

2012-09-27
Cash: 9.84
Held: UAMYx80533@1.99 MGHx250590@0.64 MTGx108842@1.49 BFRx37037@4.15 CETVx23588@6.64 
Value: 793186.08
Sales: UAMYx80533@1.99 BFRx37037@4.15 CETVx23588@6.64 MGHx250590@0.64 MTGx108842@1.49 
Purchases: PGNXx52707@3.01 PPHMx151111@1.05 MHOx8115@19.55 BAKx11114@14.27 TCCOx27589@5.75 

2012-09-30
Cash: 18.70
Held: PGNXx52707@2.90 BAKx11114@14.11 PPHMx151111@0.98 MHOx8115@19.38 TCCOx27589@5.70 
Value: 772250.88
Sales: PPHMx151111@0.98 MHOx8115@19.38 TCCOx27589@5.70 PGNXx52707@2.90 BAKx11114@14.11 
Purchases: XBKSx102966@1.50 PPHMx157605@0.98 LUNAx95332@1.62 ASTCx164318@0.94 SAJAx275775@0.56 

2012-10-01
Cash: 3.60
Held: ASTCx164318@0.94 SAJAx275775@0.56 PPHMx157605@0.83 LUNAx95332@1.80 XBKSx102966@1.69 
Value: 785363.27
Sales: XBKSx102966@1.69 PPHMx157605@0.83 LUNAx95332@1.80 ASTCx164318@0.94 SAJAx275775@0.56 
Purchases: TGSx99408@1.58 GMANx10986@14.30 CRVPx157072@1.00 AHPIx29631@5.30 HUSAx230929@0.68 

2012-10-02
Cash: 13.64
Held: CRVPx157072@1.00 HUSAx230929@0.64 TGSx99408@1.57 AHPIx29631@5.14 GMANx10986@14.24 
Value: 769799.93
Sales: TGSx99408@1.57 CRVPx157072@1.00 GMANx10986@14.24 AHPIx29631@5.14 HUSAx230929@0.64 
Purchases: CNETx123167@1.25 MDLZx5461@28.19 PRPHx123167@1.25 CLBx1540@99.94 EXPRx13217@11.65 

2012-10-03
Cash: 89.34
Held: PRPHx123167@1.39 CNETx123167@1.12 EXPRx13217@11.33 CLBx1540@100.75 MDLZx5461@27.88 
Value: 766313.85
Sales: CNETx123167@1.12 EXPRx13217@11.33 CLBx1540@100.75 PRPHx123167@1.39 MDLZx5461@27.88 
Purchases: PZEx33911@4.52 NCTYx36497@4.20 EDNx74028@2.07 SKXx8836@17.34 UCBAx25378@6.04 

2012-10-04
Cash: 23.34
Held: EDNx74028@2.10 NCTYx36497@4.28 SKXx8836@17.77 UCBAx25378@6.25 PZEx33911@4.67 
Value: 785723.52
Sales: NCTYx36497@4.28 PZEx33911@4.67 EDNx74028@2.10 SKXx8836@17.77 UCBAx25378@6.25 
Purchases: FSIx109915@1.43 NETEx18056@8.70 OPHCx296619@0.53 HMSYx5666@27.73 RGSEx261865@0.60 

2012-10-07
Cash: 3.91
Held: RGSEx261865@0.52 HMSYx5666@27.62 FSIx109915@1.40 OPHCx296619@0.50 NETEx18056@8.56 
Value: 749540.01
Sales: RGSEx261865@0.52 OPHCx296619@0.50 FSIx109915@1.40 NETEx18056@8.56 HMSYx5666@27.62 
Purchases: CBMXx118@1263.00 SRPTx4222@35.50 QRHCx440791@0.34 ANIPx99938@1.50 RNVAx35272@4.25 

2012-10-08
Cash: 904.33
Held: ANIPx99938@1.50 SRPTx4222@32.84 QRHCx440791@0.37 RNVAx35272@4.42 CBMXx118@1372.00 
Value: 770486.34
Sales: CBMXx118@1372.00 SRPTx4222@32.84 QRHCx440791@0.37 ANIPx99938@1.50 RNVAx35272@4.42 
Purchases: IQNTx20014@7.70 LIVEx37392@4.12 TXMDx61638@2.50 GDOTx15045@10.24 CBAKx61638@2.50 

2012-10-09
Cash: 14.53
Held: LIVEx37392@4.20 TXMDx61638@2.50 IQNTx20014@7.61 GDOTx15045@9.76 CBAKx61638@2.30 
Value: 752042.59
Sales: IQNTx20014@7.61 LIVEx37392@4.20 TXMDx61638@2.50 GDOTx15045@9.76 CBAKx61638@2.30 
Purchases: GECx107404@1.40 EWx3610@41.66 OCx4908@30.64 ACFCx69944@2.15 MBVXx116592@1.29 

2012-10-10
Cash: 56.63
Held: ACFCx69944@2.19 EWx3610@44.03 GECx107404@1.41 OCx4908@30.44 MBVXx116592@1.28 
Value: 762261.86
Sales: GECx107404@1.41 EWx3610@44.03 OCx4908@30.44 ACFCx69944@2.19 MBVXx116592@1.28 
Purchases: HUSAx324386@0.47 UNISx65981@2.31 RNVAx38795@3.93 RPRXx10335@14.75 FOEx53499@2.85 

2012-10-11
Cash: 13.02
Held: RPRXx10335@14.65 HUSAx324386@0.48 FOEx53499@2.79 RNVAx38795@3.70 UNISx65981@2.16 
Value: 742356.08
Sales: HUSAx324386@0.48 UNISx65981@2.16 RNVAx38795@3.70 RPRXx10335@14.65 FOEx53499@2.79 
Purchases: IMMYx59157@2.51 WSO.Bx2165@68.56 ARWRx64530@2.30 OHRPx95799@1.55 ARLx48203@3.08 

2012-10-14
Cash: 39.91
Held: OHRPx95799@1.48 IMMYx59157@2.60 ARWRx64530@2.28 WSO.Bx2165@68.75 ARLx48203@3.20 
Value: 745791.14
Sales: IMMYx59157@2.60 ARLx48203@3.20 ARWRx64530@2.28 OHRPx95799@1.48 WSO.Bx2165@68.75 
Purchases: OPHCx324284@0.46 DLTRx3621@41.19 SSYx126438@1.18 SUMRx95640@1.56 AMDx53479@2.79 

2012-10-15
Cash: 22.33
Held: SSYx126438@1.21 DLTRx3621@40.53 OPHCx324284@0.48 AMDx53479@2.76 SUMRx95640@1.44 
Value: 740773.21
Sales: DLTRx3621@40.53 SSYx126438@1.21 OPHCx324284@0.48 SUMRx95640@1.44 AMDx53479@2.76 
Purchases: HIFSx2105@70.38 CBMXx131@1130.00 DCTHx84659@1.75 GIGAx92619@1.60 SHGx4385@33.78 

2012-10-16
Cash: 165.59
Held: HIFSx2105@70.44 GIGAx92619@1.61 DCTHx84659@1.73 SHGx4385@34.38 CBMXx131@1035.00 
Value: 730404.80
Sales: HIFSx2105@70.44 CBMXx131@1035.00 SHGx4385@34.38 GIGAx92619@1.61 DCTHx84659@1.73 
Purchases: MYOSx486857@0.30 IONSx14450@10.11 BPIx14769@9.89 GROWx27887@5.24 WDFCx3069@47.59 

2012-10-17
Cash: 23.65
Held: BPIx14769@9.92 GROWx27887@5.40 IONSx14450@9.62 MYOSx486857@0.30 WDFCx3069@47.75 
Value: 728700.03
Sales: BPIx14769@9.92 IONSx14450@9.62 MYOSx486857@0.30 GROWx27887@5.40 WDFCx3069@47.75 
Purchases: PRKRx88306@1.65 DHTx25837@5.64 FTNTx7287@20.00 DSSx45250@3.22 IOCx1996@73.00 

2012-10-18
Cash: 38.99
Held: IOCx1996@72.62 DHTx25837@5.65 DSSx45250@3.16 PRKRx88306@1.62 FTNTx7287@19.70 
Value: 720576.99
Sales: PRKRx88306@1.62 DHTx25837@5.65 IOCx1996@72.62 DSSx45250@3.16 FTNTx7287@19.70 
Purchases: MLNXx1871@77.00 APOLx6847@21.05 OBASx25602@5.63 BNCNx18014@8.00 INVEx134647@1.07 

2012-10-21
Cash: 64.41
Held: INVEx134647@1.11 OBASx25602@5.65 APOLx6847@20.44 BNCNx18014@7.92 MLNXx1871@76.50 
Value: 719952.93
Sales: MLNXx1871@76.50 INVEx134647@1.11 OBASx25602@5.65 BNCNx18014@7.92 APOLx6847@20.44 
Purchases: GEOSx2194@65.62 PXLWx59743@2.41 CBLIx3934@36.59 IBIOx138447@1.04 MSLIx113420@1.27 

2012-10-22
Cash: 41.38
Held: CBLIx3934@35.41 PXLWx59743@2.35 GEOSx2194@65.88 MSLIx113420@1.30 IBIOx138447@1.01 
Value: 711454.90
Sales: CBLIx3934@35.41 MSLIx113420@1.30 GEOSx2194@65.88 IBIOx138447@1.01 PXLWx59743@2.35 
Purchases: AXRx21825@6.52 AVIDx21402@6.65 BLDPx187282@0.76 FDMLx19101@7.45 MMYTx9687@14.69 

2012-10-23
Cash: 20.50
Held: MMYTx9687@14.93 AXRx21825@6.62 FDMLx19101@7.57 BLDPx187282@0.74 AVIDx21402@6.65 
Value: 714672.73
Sales: AXRx21825@6.62 BLDPx187282@0.74 AVIDx21402@6.65 MMYTx9687@14.93 FDMLx19101@7.57 
Purchases: MNSTx3326@42.97 BDSIx28586@5.00 LLITx85095@1.68 TEUMx120069@1.19 SSNx198460@0.72 

2012-10-24
Cash: 28.12
Held: TEUMx120069@1.22 SSNx198460@0.75 LLITx85095@1.62 MNSTx3326@47.81 BDSIx28586@5.09 
Value: 737710.99
Sales: LLITx85095@1.62 MNSTx3326@47.81 BDSIx28586@5.09 TEUMx120069@1.22 SSNx198460@0.75 
Purchases: IMMYx86779@1.70 ABACx28377@5.20 IRBTx7988@18.47 UTHRx3315@44.50 TPXx5736@25.72 

2012-10-25
Cash: 62.89
Held: ABACx28377@5.04 IRBTx7988@18.20 TPXx5736@25.73 UTHRx3315@45.81 IMMYx86779@1.59 
Value: 725908.79
Sales: IMMYx86779@1.59 ABACx28377@5.04 IRBTx7988@18.20 UTHRx3315@45.81 TPXx5736@25.73 
Purchases: TBIx10810@13.43 SPRx9704@14.96 DHTx33604@4.32 KONEx631278@0.23 NFXx5330@27.23 

2012-10-30
Cash: 32.32
Held: DHTx33604@4.30 SPRx9704@14.69 KONEx631278@0.27 NFXx5330@27.11 TBIx10810@12.89 
Value: 741381.29
Sales: TBIx10810@12.89 SPRx9704@14.69 DHTx33604@4.30 KONEx631278@0.27 NFXx5330@27.11 
Purchases: HMSYx7178@20.66 QTMx128892@1.15 JNPx224607@0.66 CLGXx6309@23.50 NYTx18110@8.19 

2012-10-31
Cash: 21.74
Held: NYTx18110@8.22 JNPx224607@0.68 CLGXx6309@23.94 HMSYx7178@23.05 QTMx128892@1.03 
Value: 750881.70
Sales: HMSYx7178@23.05 QTMx128892@1.03 JNPx224607@0.68 CLGXx6309@23.94 NYTx18110@8.22 
Purchases: IQNTx32144@4.67 WMLPx17364@8.65 PBIBx107238@1.40 BCRXx52700@2.85 ESIOx14020@10.71 

2012-11-01
Cash: 20.63
Held: PBIBx107238@1.14 BCRXx52700@2.71 IQNTx32144@4.83 ESIOx14020@11.03 WMLPx17364@8.79 
Value: 727567.31
Sales: IQNTx32144@4.83 WMLPx17364@8.79 PBIBx107238@1.14 ESIOx14020@11.03 BCRXx52700@2.71 
Purchases: ABEOx415636@0.35 ZUMZx6903@21.08 DDPx4574@31.81 ABMDx10205@14.26 ENGx373214@0.39 

2012-11-04
Cash: 27.11
Held: ZUMZx6903@20.12 ABEOx415636@0.35 ENGx373214@0.40 DDPx4574@34.94 ABMDx10205@13.92 
Value: 735589.19
Sales: ABEOx415636@0.35 ZUMZx6903@20.12 DDPx4574@34.94 ABMDx10205@13.92 ENGx373214@0.40 
Purchases: GBXx10585@13.90 DFFNx865175@0.17 GLUUx57675@2.55 URREx367884@0.40 PTIEx46989@3.13 

2012-11-05
Cash: 6.52
Held: PTIEx46989@3.08 GLUUx57675@2.50 DFFNx865175@0.15 URREx367884@0.41 GBXx10585@13.60 
Value: 713493.83
Sales: GBXx10585@13.60 DFFNx865175@0.15 GLUUx57675@2.50 URREx367884@0.41 PTIEx46989@3.08 
Purchases: NEUx567@251.38 NCMIx10278@13.88 CRUSx4340@32.88 SFLYx5245@27.20 PAGx4968@28.72 

2012-11-06
Cash: 244.02
Held: PAGx4968@28.27 NCMIx10278@13.85 SFLYx5245@27.02 NEUx567@251.38 CRUSx4340@32.56 
Value: 708581.83
Sales: NEUx567@251.38 NCMIx10278@13.85 CRUSx4340@32.56 SFLYx5245@27.02 PAGx4968@28.27 
Purchases: TRTx94477@1.50 BSFTx4781@29.64 MMYTx11817@11.99 EBIXx68130@2.08 ARCIx71205@1.99 

2012-11-07
Cash: 12.46
Held: MMYTx11817@13.38 EBIXx68130@2.06 TRTx94477@1.57 ARCIx71205@1.93 BSFTx4781@32.28 
Value: 738640.68
Sales: ARCIx71205@1.93 BSFTx4781@32.28 MMYTx11817@13.38 EBIXx68130@2.06 TRTx94477@1.57 
Purchases: RVLTx268692@0.55 PLXSx7206@20.50 OCLRx95320@1.55 ANTHx22524@6.56 VVUSx13613@10.85 

2012-11-08
Cash: 14.09
Held: ANTHx22524@5.76 RVLTx268692@0.62 PLXSx7206@21.73 VVUSx13613@10.02 OCLRx95320@1.55 
Value: 737205.92
Sales: OCLRx95320@1.55 VVUSx13613@10.02 PLXSx7206@21.73 RVLTx268692@0.62 ANTHx22524@5.76 
Purchases: BWENx67042@2.20 BCRXx105285@1.40 SSNx220087@0.67 SYPRx40960@3.60 CPRXx313724@0.47 

2012-11-11
Cash: 3.58
Held: CPRXx313724@0.41 SYPRx40960@3.66 SSNx220087@0.62 BCRXx105285@1.54 BWENx67042@2.26 
Value: 728644.80
Sales: BWENx67042@2.26 BCRXx105285@1.54 SSNx220087@0.62 SYPRx40960@3.66 CPRXx313724@0.41 
Purchases: IMNPx4857829@0.03 CALIx91102@1.60 PGNXx81411@1.79 ARRYx41041@3.55 CPRXx355512@0.41 

2012-11-12
Cash: 3.09
Held: CPRXx355512@0.40 PGNXx81411@1.48 CALIx91102@1.70 IMNPx4857829@0.10 ARRYx41041@3.41 
Value: 1043211.33
Sales: IMNPx4857829@0.10 CALIx91102@1.70 PGNXx81411@1.48 ARRYx41041@3.41 CPRXx355512@0.40 
Purchases: IDNx219578@0.95 ERFx16891@12.35 GSTx248429@0.84 CECOx72967@2.86 CPRXx521733@0.40 

2012-11-13
Cash: 15.29
Held: CPRXx521733@0.49 CECOx72967@2.63 ERFx16891@12.29 GSTx248429@0.82 IDNx219578@1.02 
Value: 1082734.58
Sales: IDNx219578@1.02 ERFx16891@12.29 GSTx248429@0.82 CECOx72967@2.63 CPRXx521733@0.49 
Purchases: GOROx14934@14.50 OMERx32802@6.60 NKTRx32136@6.74 VIRCx103136@2.10 JBNx11285@19.19 

2012-11-14
Cash: 29.47
Held: VIRCx103136@2.15 GOROx14934@12.67 NKTRx32136@6.13 OMERx32802@6.24 JBNx11285@17.97 
Value: 1015417.92
Sales: OMERx32802@6.24 NKTRx32136@6.13 JBNx11285@17.97 VIRCx103136@2.15 GOROx14934@12.67 
Purchases: CBMXx345@588.00 GRBKx41624@4.88 NLSTx290038@0.70 MBIx29472@6.89 GTN.Ax131869@1.54 

2012-11-15
Cash: 231.17
Held: GRBKx41624@4.86 NLSTx290038@0.72 GTN.Ax131869@1.69 MBIx29472@7.06 CBMXx345@461.25 
Value: 1001464.86
Sales: CBMXx345@461.25 GRBKx41624@4.86 NLSTx290038@0.72 MBIx29472@7.06 GTN.Ax131869@1.69 
Purchases: PLCEx4140@48.38 TSLx81778@2.45 EGASx23201@8.63 IFONx328422@0.61 NAIIx41284@4.85 

2012-11-18
Cash: 25.84
Held: PLCEx4140@46.62 IFONx328422@0.60 EGASx23201@8.61 TSLx81778@2.42 NAIIx41284@4.71 
Value: 982267.44
Sales: EGASx23201@8.61 IFONx328422@0.60 PLCEx4140@46.62 TSLx81778@2.42 NAIIx41284@4.71 
Purchases: SBx55510@3.54 DGLYx43770@4.49 PNTRx72781@2.70 OTTWx31432@6.25 DGSEx35144@5.59 

2012-11-19
Cash: 10.70
Held: DGSEx35144@5.12 SBx55510@3.50 DGLYx43770@4.49 OTTWx31432@6.36 PNTRx72781@3.10 
Value: 996204.03
Sales: SBx55510@3.50 DGLYx43770@4.49 PNTRx72781@3.10 OTTWx31432@6.36 DGSEx35144@5.12 
Purchases: SGOCx149796@1.33 CALIx47892@4.16 RCONx106539@1.87 CLNTx54580@3.65 ARCIx144389@1.38 

2012-11-20
Cash: 6.81
Held: RCONx106539@2.06 CALIx47892@4.79 SGOCx149796@1.38 CLNTx54580@4.35 ARCIx144389@1.36 
Value: 1089522.21
Sales: SGOCx149796@1.38 CALIx47892@4.79 RCONx106539@2.06 CLNTx54580@4.35 ARCIx144389@1.36 
Purchases: RAVNx8997@24.22 UTSIx244798@0.89 CRMDx605109@0.36 MAGx22136@9.84 LRNx13396@16.27 

2012-11-22
Cash: 22.62
Held: MAGx22136@10.15 RAVNx8997@24.20 CRMDx605109@0.39 UTSIx244798@0.89 LRNx13396@16.27 
Value: 1114149.46
Sales: RAVNx8997@24.20 CRMDx605109@0.39 UTSIx244798@0.89 MAGx22136@10.15 LRNx13396@16.27 
Purchases: LTBRx160349@1.39 SCONx825236@0.27 HHx586575@0.38 EBRx70079@3.18 GTIMx114835@1.94 

2012-11-25
Cash: 2.56
Held: EBRx70079@3.29 HHx586575@0.37 LTBRx160349@1.30 GTIMx114835@1.80 SCONx825236@0.29 
Value: 1102051.89
Sales: LTBRx160349@1.30 SCONx825236@0.29 HHx586575@0.37 EBRx70079@3.29 GTIMx114835@1.80 
Purchases: MEIPx146940@1.50 HHx595515@0.37 IPCIx101575@2.17 HCHCx19088@11.55 MARKx259276@0.85 

2012-11-26
Cash: 5.07
Held: MEIPx146940@1.48 HHx595515@0.39 IPCIx101575@1.99 MARKx259276@0.85 HCHCx19088@11.78 
Value: 1097180.50
Sales: MEIPx146940@1.48 HHx595515@0.39 IPCIx101575@1.99 HCHCx19088@11.78 MARKx259276@0.85 
Purchases: SRVx28101@7.81 SHIPx172848@1.27 VIVEx1567236@0.14 RNNx487688@0.45 PFHx11014@19.92 

2012-11-27
Cash: 23.95
Held: SHIPx172848@1.39 SRVx28101@7.80 VIVEx1567236@0.18 RNNx487688@0.46 PFHx11014@20.41 
Value: 1190690.19
Sales: VIVEx1567236@0.18 SHIPx172848@1.39 SRVx28101@7.80 RNNx487688@0.46 PFHx11014@20.41 
Purchases: WMLPx43921@5.42 CALIx57785@4.12 CYRXx101775@2.34 GBRx200043@1.19 DGSEx47516@5.01 

2012-11-28
Cash: 7.06
Held: CALIx57785@4.00 DGSEx47516@5.44 CYRXx101775@2.58 GBRx200043@1.42 WMLPx43921@5.40 
Value: 1273438.57
Sales: WMLPx43921@5.40 CALIx57785@4.00 CYRXx101775@2.58 GBRx200043@1.42 DGSEx47516@5.44 
Purchases: CFNBx15688@16.23 STVx125505@2.03 UTIx28274@9.01 FFHLx197426@1.29 CBAKx114687@2.22 

2012-11-29
Cash: 6.87
Held: CFNBx15688@16.38 STVx125505@2.16 FFHLx197426@1.31 UTIx28274@9.43 CBAKx114687@2.69 
Value: 1361611.81
Sales: STVx125505@2.16 UTIx28274@9.43 FFHLx197426@1.31 CBAKx114687@2.69 CFNBx15688@16.38 
Purchases: MLNXx3627@75.06 CAIx13648@19.95 DDPx6464@42.12 KSSx6043@45.06 LZBx18650@14.60 

2012-12-02
Cash: 112.04
Held: LZBx18650@14.79 CAIx13648@20.20 KSSx6043@44.47 DDPx6464@41.50 MLNXx3627@74.31 
Value: 1358172.40
Sales: MLNXx3627@74.31 CAIx13648@20.20 LZBx18650@14.79 DDPx6464@41.50 KSSx6043@44.47 
Purchases: ARLx98776@2.75 GBRx226325@1.20 RICx96985@2.80 AXNx1358504@0.20 IXYSx33176@8.19 

2012-12-03
Cash: 7.46
Held: RICx96985@2.75 AXNx1358504@0.21 IXYSx33176@8.10 GBRx226325@1.19 ARLx98776@2.76 
Value: 1362749.03
Sales: GBRx226325@1.19 AXNx1358504@0.21 RICx96985@2.75 ARLx98776@2.76 IXYSx33176@8.10 
Purchases: ICCCx62352@4.37 BCRXx181699@1.50 RICx99109@2.75 NUROx567835@0.48 MDRXx24602@11.08 

2012-12-04
Cash: 10.60
Held: NUROx567835@0.50 RICx99109@2.89 MDRXx24602@10.93 BCRXx181699@1.44 ICCCx62352@4.25 
Value: 1366027.86
Sales: ICCCx62352@4.25 BCRXx181699@1.44 RICx99109@2.89 NUROx567835@0.50 MDRXx24602@10.93 
Purchases: GECx222033@1.23 ACURx32713@8.35 CVMx910537@0.30 APDNx25304@10.80 UEPSx76942@3.55 

2012-12-05
Cash: 4.63
Held: APDNx25304@10.80 CVMx910537@0.30 ACURx32713@8.00 GECx222033@1.23 UEPSx76942@4.10 
Value: 1396905.41
Sales: GECx222033@1.23 ACURx32713@8.00 CVMx910537@0.30 APDNx25304@10.80 UEPSx76942@4.10 
Purchases: CNETx139690@2.00 FCXx8935@31.27 SSNx349311@0.80 ANIKx29850@9.36 GTN.Ax218219@1.28 

2012-12-06
Cash: 29.14
Held: SSNx349311@0.86 CNETx139690@1.94 FCXx8935@31.17 ANIKx29850@9.50 GTN.Ax218219@1.70 
Value: 1504558.09
Sales: CNETx139690@1.94 FCXx8935@31.17 SSNx349311@0.86 ANIKx29850@9.50 GTN.Ax218219@1.70 
Purchases: SINOx186860@1.61 RRTSx17475@17.22 HFx21163@14.22 VBFCx257206@1.17 PPHMx266321@1.13 

2012-12-09
Cash: 16.29
Held: VBFCx257206@1.17 HFx21163@14.02 PPHMx266321@1.24 SINOx186860@1.53 RRTSx17475@17.33 
Value: 1516761.56
Sales: PPHMx266321@1.24 RRTSx17475@17.33 HFx21163@14.02 VBFCx257206@1.17 SINOx186860@1.53 
Purchases: PBIBx361200@0.84 HDSNx94474@3.21 DDPx7691@39.44 FSNNx4333151@0.07 TWMCx86672@3.50 

2012-12-10
Cash: 41.77
Held: HDSNx94474@3.19 PBIBx361200@0.76 TWMCx86672@3.36 DDPx7691@37.81 FSNNx4333151@0.07 
Value: 1461121.50
Sales: TWMCx86672@3.36 PBIBx361200@0.76 FSNNx4333151@0.07 DDPx7691@37.81 HDSNx94474@3.19 
Purchases: GALTx161488@1.81 GALEx149843@1.95 YTENx170895@1.71 ARCx128208@2.28 WPCSx695901@0.42 

2012-12-11
Cash: 2.57
Held: WPCSx695901@0.39 GALTx161488@1.91 GALEx149843@1.90 YTENx170895@1.64 ARCx128208@2.26 
Value: 1434484.50
Sales: GALTx161488@1.91 GALEx149843@1.90 YTENx170895@1.64 WPCSx695901@0.39 ARCx128208@2.26 
Purchases: DRAMx37956@7.56 TCCOx58803@4.88 CRMDx503483@0.57 DSSx128626@2.23 GTIMx133416@2.15 

