2011-10-13
Cash: 10000.00
Held: 
Value: 10000.00
Sales: 
Purchases: ABCDx60@33.16 ABACx60@33.16 ACCOx60@33.16 ACADx60@33.16 ADBEx60@33.16 

2011-10-16
Cash: 53.12
Held: ABCDx60@33.03 ABACx60@33.03 ACCOx60@33.03 ACADx60@33.03 ADBEx60@33.03 
Value: 9962.50
Sales: ABCDx60@33.03 ABACx60@33.03 ACCOx60@33.03 ACADx60@33.03 ADBEx60@33.03 
Purchases: ABCDx60@33.03 ABACx60@33.03 ACCOx60@33.03 ACADx60@33.03 ADBEx60@33.03 

2011-10-17
Cash: 53.12
Held: ABCDx60@33.03 ABACx60@33.03 ACCOx60@33.03 ACADx60@33.03 ADBEx60@33.03 
Value: 9962.50
Sales: ABCDx60@33.03 ABACx60@33.03 ACCOx60@33.03 ACADx60@33.03 ADBEx60@33.03 
Purchases: ABCDx60@33.03 ABACx60@33.03 ACCOx60@33.03 ACADx60@33.03 ADBEx60@33.03 

2011-10-18
Cash: 53.12
Held: ABCDx60@33.31 ABACx60@33.31 ACCOx60@33.31 ACADx60@33.31 ADBEx60@33.31 
Value: 10046.88
Sales: ABCDx60@33.31 ABACx60@33.31 ACCOx60@33.31 ACADx60@33.31 ADBEx60@33.31 
Purchases: ABCDx60@33.31 ABACx60@33.31 ACCOx60@33.31 ACADx60@33.31 ADBEx60@33.31 

2011-10-19
Cash: 53.12
Held: ABCDx60@33.12 ABACx60@33.12 ACCOx60@33.12 ACADx60@33.12 ADBEx60@33.12 
Value: 9990.62
Sales: ABCDx60@33.12 ABACx60@33.12 ACCOx60@33.12 ACADx60@33.12 ADBEx60@33.12 
Purchases: ABCDx60@33.12 ABACx60@33.12 ACCOx60@33.12 ACADx60@33.12 ADBEx60@33.12 

2011-10-20
Cash: 53.12
Held: ABCDx60@34.28 ABACx60@34.28 ACCOx60@34.28 ACADx60@34.28 ADBEx60@34.28 
Value: 10337.50
Sales: ABCDx60@34.28 ABACx60@34.28 ACCOx60@34.28 ACADx60@34.28 ADBEx60@34.28 
Purchases: ABCDx60@34.28 ABACx60@34.28 ACCOx60@34.28 ACADx60@34.28 ADBEx60@34.28 

2011-10-23
Cash: 53.12
Held: ABCDx60@35.59 ABACx60@35.59 ACCOx60@35.59 ACADx60@35.59 ADBEx60@35.59 
Value: 10731.25
Sales: ABCDx60@35.59 ABACx60@35.59 ACCOx60@35.59 ACADx60@35.59 ADBEx60@35.59 
Purchases: ABCDx60@35.59 ABACx60@35.59 ACCOx60@35.59 ACADx60@35.59 ADBEx60@35.59 

2011-10-24
Cash: 53.12
Held: ABCDx60@36.94 ABACx60@36.94 ACCOx60@36.94 ACADx60@36.94 ADBEx60@36.94 
Value: 11134.38
Sales: ABCDx60@36.94 ABACx60@36.94 ACCOx60@36.94 ACADx60@36.94 ADBEx60@36.94 
Purchases: ABCDx60@36.94 ABACx60@36.94 ACCOx60@36.94 ACADx60@36.94 ADBEx60@36.94 

2011-10-25
Cash: 53.12
Held: ABCDx60@35.97 ABACx60@35.97 ACCOx60@35.97 ACADx60@35.97 ADBEx60@35.97 
Value: 10843.75
Sales: ABCDx60@35.97 ABACx60@35.97 ACCOx60@35.97 ACADx60@35.97 ADBEx60@35.97 
Purchases: ABCDx60@35.97 ABACx60@35.97 ACCOx60@35.97 ACADx60@35.97 ADBEx60@35.97 

2011-10-26
Cash: 53.12
Held: ABCDx60@37.81 ABACx60@37.81 ACCOx60@37.81 ACADx60@37.81 ADBEx60@37.81 
Value: 11396.88
Sales: ABCDx60@37.81 ABACx60@37.81 ACCOx60@37.81 ACADx60@37.81 ADBEx60@37.81 
Purchases: ABCDx60@37.81 ABACx60@37.81 ACCOx60@37.81 ACADx60@37.81 ADBEx60@37.81 

2011-10-27
Cash: 53.12
Held: ABCDx60@39.84 ABACx60@39.84 ACCOx60@39.84 ACADx60@39.84 ADBEx60@39.84 
Value: 12006.25
Sales: ABCDx60@39.84 ABACx60@39.84 ACCOx60@39.84 ACADx60@39.84 ADBEx60@39.84 
Purchases: ABCDx60@39.84 ABACx60@39.84 ACCOx60@39.84 ACADx60@39.84 ADBEx60@39.84 

2011-10-30
Cash: 53.12
Held: ABCDx60@39.84 ABACx60@39.84 ACCOx60@39.84 ACADx60@39.84 ADBEx60@39.84 
Value: 12006.25
Sales: ABCDx60@39.84 ABACx60@39.84 ACCOx60@39.84 ACADx60@39.84 ADBEx60@39.84 
Purchases: ABCDx60@39.84 ABACx60@39.84 ACCOx60@39.84 ACADx60@39.84 ADBEx60@39.84 

2011-10-31
Cash: 53.12
Held: ABCDx60@35.25 ABACx60@35.25 ACCOx60@35.25 ACADx60@35.25 ADBEx60@35.25 
Value: 10628.12
Sales: ABCDx60@35.25 ABACx60@35.25 ACCOx60@35.25 ACADx60@35.25 ADBEx60@35.25 
Purchases: ABCDx60@35.25 ABACx60@35.25 ACCOx60@35.25 ACADx60@35.25 ADBEx60@35.25 

2011-11-01
Cash: 53.12
Held: ABCDx60@35.81 ABACx60@35.81 ACCOx60@35.81 ACADx60@35.81 ADBEx60@35.81 
Value: 10796.88
Sales: ABCDx60@35.81 ABACx60@35.81 ACCOx60@35.81 ACADx60@35.81 ADBEx60@35.81 
Purchases: ABCDx60@35.81 ABACx60@35.81 ACCOx60@35.81 ACADx60@35.81 ADBEx60@35.81 

2011-11-02
Cash: 53.12
Held: ABCDx60@36.81 ABACx60@36.81 ACCOx60@36.81 ACADx60@36.81 ADBEx60@36.81 
Value: 11096.88
Sales: ABCDx60@36.81 ABACx60@36.81 ACCOx60@36.81 ACADx60@36.81 ADBEx60@36.81 
Purchases: ABCDx60@36.81 ABACx60@36.81 ACCOx60@36.81 ACADx60@36.81 ADBEx60@36.81 

2011-11-03
Cash: 53.12
Held: ABCDx60@36.56 ABACx60@36.56 ACCOx60@36.56 ACADx60@36.56 ADBEx60@36.56 
Value: 11021.88
Sales: ABCDx60@36.56 ABACx60@36.56 ACCOx60@36.56 ACADx60@36.56 ADBEx60@36.56 
Purchases: ABCDx60@36.56 ABACx60@36.56 ACCOx60@36.56 ACADx60@36.56 ADBEx60@36.56 

2011-11-06
Cash: 53.12
Held: ABCDx60@36.81 ABACx60@36.81 ACCOx60@36.81 ACADx60@36.81 ADBEx60@36.81 
Value: 11096.88
Sales: ABCDx60@36.81 ABACx60@36.81 ACCOx60@36.81 ACADx60@36.81 ADBEx60@36.81 
Purchases: ABCDx60@36.81 ABACx60@36.81 ACCOx60@36.81 ACADx60@36.81 ADBEx60@36.81 

2011-11-07
Cash: 53.12
Held: ABCDx60@38.03 ABACx60@38.03 ACCOx60@38.03 ACADx60@38.03 ADBEx60@38.03 
Value: 11462.50
Sales: ABCDx60@38.03 ABACx60@38.03 ACCOx60@38.03 ACADx60@38.03 ADBEx60@38.03 
Purchases: ABCDx60@38.03 ABACx60@38.03 ACCOx60@38.03 ACADx60@38.03 ADBEx60@38.03 

2011-11-08
Cash: 53.12
Held: ABCDx60@37.41 ABACx60@37.41 ACCOx60@37.41 ACADx60@37.41 ADBEx60@37.41 
Value: 11275.00
Sales: ABCDx60@37.41 ABACx60@37.41 ACCOx60@37.41 ACADx60@37.41 ADBEx60@37.41 
Purchases: ABCDx60@37.41 ABACx60@37.41 ACCOx60@37.41 ACADx60@37.41 ADBEx60@37.41 

2011-11-09
Cash: 53.12
Held: ABCDx60@36.91 ABACx60@36.91 ACCOx60@36.91 ACADx60@36.91 ADBEx60@36.91 
Value: 11125.00
Sales: ABCDx60@36.91 ABACx60@36.91 ACCOx60@36.91 ACADx60@36.91 ADBEx60@36.91 
Purchases: ABCDx60@36.91 ABACx60@36.91 ACCOx60@36.91 ACADx60@36.91 ADBEx60@36.91 

2011-11-10
Cash: 53.12
Held: ABCDx60@37.59 ABACx60@37.59 ACCOx60@37.59 ACADx60@37.59 ADBEx60@37.59 
Value: 11331.25
Sales: ABCDx60@37.59 ABACx60@37.59 ACCOx60@37.59 ACADx60@37.59 ADBEx60@37.59 
Purchases: ABCDx60@37.59 ABACx60@37.59 ACCOx60@37.59 ACADx60@37.59 ADBEx60@37.59 

2011-11-13
Cash: 53.12
Held: ABCDx60@37.12 ABACx60@37.12 ACCOx60@37.12 ACADx60@37.12 ADBEx60@37.12 
Value: 11190.62
Sales: ABCDx60@37.12 ABACx60@37.12 ACCOx60@37.12 ACADx60@37.12 ADBEx60@37.12 
Purchases: ABCDx60@37.12 ABACx60@37.12 ACCOx60@37.12 ACADx60@37.12 ADBEx60@37.12 

2011-11-14
Cash: 53.12
Held: ABCDx60@37.97 ABACx60@37.97 ACCOx60@37.97 ACADx60@37.97 ADBEx60@37.97 
Value: 11443.75
Sales: ABCDx60@37.97 ABACx60@37.97 ACCOx60@37.97 ACADx60@37.97 ADBEx60@37.97 
Purchases: ABCDx60@37.97 ABACx60@37.97 ACCOx60@37.97 ACADx60@37.97 ADBEx60@37.97 

2011-11-15
Cash: 53.12
Held: ABCDx60@37.34 ABACx60@37.34 ACCOx60@37.34 ACADx60@37.34 ADBEx60@37.34 
Value: 11256.25
Sales: ABCDx60@37.34 ABACx60@37.34 ACCOx60@37.34 ACADx60@37.34 ADBEx60@37.34 
Purchases: ABCDx60@37.34 ABACx60@37.34 ACCOx60@37.34 ACADx60@37.34 ADBEx60@37.34 

2011-11-16
Cash: 53.12
Held: ABCDx60@38.34 ABACx60@38.34 ACCOx60@38.34 ACADx60@38.34 ADBEx60@38.34 
Value: 11556.25
Sales: ABCDx60@38.34 ABACx60@38.34 ACCOx60@38.34 ACADx60@38.34 ADBEx60@38.34 
Purchases: ABCDx60@38.34 ABACx60@38.34 ACCOx60@38.34 ACADx60@38.34 ADBEx60@38.34 

2011-11-17
Cash: 53.12
Held: ABCDx60@37.50 ABACx60@37.50 ACCOx60@37.50 ACADx60@37.50 ADBEx60@37.50 
Value: 11303.12
Sales: ABCDx60@37.50 ABACx60@37.50 ACCOx60@37.50 ACADx60@37.50 ADBEx60@37.50 
Purchases: ABCDx60@37.50 ABACx60@37.50 ACCOx60@37.50 ACADx60@37.50 ADBEx60@37.50 

2011-11-20
Cash: 53.12
Held: ABCDx60@35.81 ABACx60@35.81 ACCOx60@35.81 ACADx60@35.81 ADBEx60@35.81 
Value: 10796.88
Sales: ABCDx60@35.81 ABACx60@35.81 ACCOx60@35.81 ACADx60@35.81 ADBEx60@35.81 
Purchases: ABCDx60@35.81 ABACx60@35.81 ACCOx60@35.81 ACADx60@35.81 ADBEx60@35.81 

2011-11-21
Cash: 53.12
Held: ABCDx60@35.62 ABACx60@35.62 ACCOx60@35.62 ACADx60@35.62 ADBEx60@35.62 
Value: 10740.62
Sales: ABCDx60@35.62 ABACx60@35.62 ACCOx60@35.62 ACADx60@35.62 ADBEx60@35.62 
Purchases: ABCDx60@35.62 ABACx60@35.62 ACCOx60@35.62 ACADx60@35.62 ADBEx60@35.62 

2011-11-22
Cash: 53.12
Held: ABCDx60@35.00 ABACx60@35.00 ACCOx60@35.00 ACADx60@35.00 ADBEx60@35.00 
Value: 10553.12
Sales: ABCDx60@35.00 ABACx60@35.00 ACCOx60@35.00 ACADx60@35.00 ADBEx60@35.00 
Purchases: ABCDx60@35.00 ABACx60@35.00 ACCOx60@35.00 ACADx60@35.00 ADBEx60@35.00 

2011-11-24
Cash: 53.12
Held: ABCDx60@33.41 ABACx60@33.41 ACCOx60@33.41 ACADx60@33.41 ADBEx60@33.41 
Value: 10075.00
Sales: ABCDx60@33.41 ABACx60@33.41 ACCOx60@33.41 ACADx60@33.41 ADBEx60@33.41 
Purchases: ABCDx60@33.41 ABACx60@33.41 ACCOx60@33.41 ACADx60@33.41 ADBEx60@33.41 

2011-11-27
Cash: 53.12
Held: ABCDx60@35.12 ABACx60@35.12 ACCOx60@35.12 ACADx60@35.12 ADBEx60@35.12 
Value: 10590.62
Sales: ABCDx60@35.12 ABACx60@35.12 ACCOx60@35.12 ACADx60@35.12 ADBEx60@35.12 
Purchases: ABCDx60@35.12 ABACx60@35.12 ACCOx60@35.12 ACADx60@35.12 ADBEx60@35.12 

2011-11-28
Cash: 53.12
Held: ABCDx60@35.38 ABACx60@35.38 ACCOx60@35.38 ACADx60@35.38 ADBEx60@35.38 
Value: 10665.62
Sales: ABCDx60@35.38 ABACx60@35.38 ACCOx60@35.38 ACADx60@35.38 ADBEx60@35.38 
Purchases: ABCDx60@35.38 ABACx60@35.38 ACCOx60@35.38 ACADx60@35.38 ADBEx60@35.38 

2011-11-29
Cash: 53.12
Held: ABCDx60@36.59 ABACx60@36.59 ACCOx60@36.59 ACADx60@36.59 ADBEx60@36.59 
Value: 11031.25
Sales: ABCDx60@36.59 ABACx60@36.59 ACCOx60@36.59 ACADx60@36.59 ADBEx60@36.59 
Purchases: ABCDx60@36.59 ABACx60@36.59 ACCOx60@36.59 ACADx60@36.59 ADBEx60@36.59 

2011-11-30
Cash: 53.12
Held: ABCDx60@37.31 ABACx60@37.31 ACCOx60@37.31 ACADx60@37.31 ADBEx60@37.31 
Value: 11246.88
Sales: ABCDx60@37.31 ABACx60@37.31 ACCOx60@37.31 ACADx60@37.31 ADBEx60@37.31 
Purchases: ABCDx60@37.31 ABACx60@37.31 ACCOx60@37.31 ACADx60@37.31 ADBEx60@37.31 

2011-12-01
Cash: 53.12
Held: ABCDx60@38.38 ABACx60@38.38 ACCOx60@38.38 ACADx60@38.38 ADBEx60@38.38 
Value: 11565.62
Sales: ABCDx60@38.38 ABACx60@38.38 ACCOx60@38.38 ACADx60@38.38 ADBEx60@38.38 
Purchases: ABCDx60@38.38 ABACx60@38.38 ACCOx60@38.38 ACADx60@38.38 ADBEx60@38.38 

2011-12-04
Cash: 53.12
Held: ABCDx60@37.53 ABACx60@37.53 ACCOx60@37.53 ACADx60@37.53 ADBEx60@37.53 
Value: 11312.50
Sales: ABCDx60@37.53 ABACx60@37.53 ACCOx60@37.53 ACADx60@37.53 ADBEx60@37.53 
Purchases: ABCDx60@37.53 ABACx60@37.53 ACCOx60@37.53 ACADx60@37.53 ADBEx60@37.53 

2011-12-05
Cash: 53.12
Held: ABCDx60@37.12 ABACx60@37.12 ACCOx60@37.12 ACADx60@37.12 ADBEx60@37.12 
Value: 11190.62
Sales: ABCDx60@37.12 ABACx60@37.12 ACCOx60@37.12 ACADx60@37.12 ADBEx60@37.12 
Purchases: ABCDx60@37.12 ABACx60@37.12 ACCOx60@37.12 ACADx60@37.12 ADBEx60@37.12 

2011-12-06
Cash: 53.12
Held: ABCDx60@36.66 ABACx60@36.66 ACCOx60@36.66 ACADx60@36.66 ADBEx60@36.66 
Value: 11050.00
Sales: ABCDx60@36.66 ABACx60@36.66 ACCOx60@36.66 ACADx60@36.66 ADBEx60@36.66 
Purchases: ABCDx60@36.66 ABACx60@36.66 ACCOx60@36.66 ACADx60@36.66 ADBEx60@36.66 

2011-12-07
Cash: 53.12
Held: ABCDx60@36.22 ABACx60@36.22 ACCOx60@36.22 ACADx60@36.22 ADBEx60@36.22 
Value: 10918.75
Sales: ABCDx60@36.22 ABACx60@36.22 ACCOx60@36.22 ACADx60@36.22 ADBEx60@36.22 
Purchases: ABCDx60@36.22 ABACx60@36.22 ACCOx60@36.22 ACADx60@36.22 ADBEx60@36.22 

2011-12-08
Cash: 53.12
Held: ABCDx60@34.84 ABACx60@34.84 ACCOx60@34.84 ACADx60@34.84 ADBEx60@34.84 
Value: 10506.25
Sales: ABCDx60@34.84 ABACx60@34.84 ACCOx60@34.84 ACADx60@34.84 ADBEx60@34.84 
Purchases: ABCDx60@34.84 ABACx60@34.84 ACCOx60@34.84 ACADx60@34.84 ADBEx60@34.84 

2011-12-11
Cash: 53.12
Held: ABCDx60@34.81 ABACx60@34.81 ACCOx60@34.81 ACADx60@34.81 ADBEx60@34.81 
Value: 10496.88
Sales: ABCDx60@34.81 ABACx60@34.81 ACCOx60@34.81 ACADx60@34.81 ADBEx60@34.81 
Purchases: ABCDx60@34.81 ABACx60@34.81 ACCOx60@34.81 ACADx60@34.81 ADBEx60@34.81 

2011-12-12
Cash: 53.12
Held: ABCDx60@34.06 ABACx60@34.06 ACCOx60@34.06 ACADx60@34.06 ADBEx60@34.06 
Value: 10271.88
Sales: ABCDx60@34.06 ABACx60@34.06 ACCOx60@34.06 ACADx60@34.06 ADBEx60@34.06 
Purchases: ABCDx60@34.06 ABACx60@34.06 ACCOx60@34.06 ACADx60@34.06 ADBEx60@34.06 

2011-12-13
Cash: 53.12
Held: ABCDx60@33.00 ABACx60@33.00 ACCOx60@33.00 ACADx60@33.00 ADBEx60@33.00 
Value: 9953.12
Sales: ABCDx60@33.00 ABACx60@33.00 ACCOx60@33.00 ACADx60@33.00 ADBEx60@33.00 
Purchases: ABCDx60@33.00 ABACx60@33.00 ACCOx60@33.00 ACADx60@33.00 ADBEx60@33.00 

2011-12-14
Cash: 53.12
Held: ABCDx60@33.53 ABACx60@33.53 ACCOx60@33.53 ACADx60@33.53 ADBEx60@33.53 
Value: 10112.50
Sales: ABCDx60@33.53 ABACx60@33.53 ACCOx60@33.53 ACADx60@33.53 ADBEx60@33.53 
Purchases: ABCDx60@33.53 ABACx60@33.53 ACCOx60@33.53 ACADx60@33.53 ADBEx60@33.53 

2011-12-15
Cash: 53.12
Held: ABCDx60@33.72 ABACx60@33.72 ACCOx60@33.72 ACADx60@33.72 ADBEx60@33.72 
Value: 10168.75
Sales: ABCDx60@33.72 ABACx60@33.72 ACCOx60@33.72 ACADx60@33.72 ADBEx60@33.72 
Purchases: ABCDx60@33.72 ABACx60@33.72 ACCOx60@33.72 ACADx60@33.72 ADBEx60@33.72 

2011-12-18
Cash: 53.12
Held: ABCDx60@33.62 ABACx60@33.62 ACCOx60@33.62 ACADx60@33.62 ADBEx60@33.62 
Value: 10140.62
Sales: ABCDx60@33.62 ABACx60@33.62 ACCOx60@33.62 ACADx60@33.62 ADBEx60@33.62 
Purchases: ABCDx60@33.62 ABACx60@33.62 ACCOx60@33.62 ACADx60@33.62 ADBEx60@33.62 

2011-12-19
Cash: 53.12
Held: ABCDx60@34.00 ABACx60@34.00 ACCOx60@34.00 ACADx60@34.00 ADBEx60@34.00 
Value: 10253.12
Sales: ABCDx60@34.00 ABACx60@34.00 ACCOx60@34.00 ACADx60@34.00 ADBEx60@34.00 
Purchases: ABCDx60@34.00 ABACx60@34.00 ACCOx60@34.00 ACADx60@34.00 ADBEx60@34.00 

2011-12-20
Cash: 53.12
Held: ABCDx60@34.44 ABACx60@34.44 ACCOx60@34.44 ACADx60@34.44 ADBEx60@34.44 
Value: 10384.38
Sales: ABCDx60@34.44 ABACx60@34.44 ACCOx60@34.44 ACADx60@34.44 ADBEx60@34.44 
Purchases: ABCDx60@34.44 ABACx60@34.44 ACCOx60@34.44 ACADx60@34.44 ADBEx60@34.44 

2011-12-21
Cash: 53.12
Held: ABCDx60@33.91 ABACx60@33.91 ACCOx60@33.91 ACADx60@33.91 ADBEx60@33.91 
Value: 10225.00
Sales: ABCDx60@33.91 ABACx60@33.91 ACCOx60@33.91 ACADx60@33.91 ADBEx60@33.91 
Purchases: ABCDx60@33.91 ABACx60@33.91 ACCOx60@33.91 ACADx60@33.91 ADBEx60@33.91 

2011-12-22
Cash: 53.12
Held: ABCDx60@34.84 ABACx60@34.84 ACCOx60@34.84 ACADx60@34.84 ADBEx60@34.84 
Value: 10506.25
Sales: ABCDx60@34.84 ABACx60@34.84 ACCOx60@34.84 ACADx60@34.84 ADBEx60@34.84 
Purchases: ABCDx60@34.84 ABACx60@34.84 ACCOx60@34.84 ACADx60@34.84 ADBEx60@34.84 

2011-12-26
Cash: 53.12
Held: ABCDx60@35.19 ABACx60@35.19 ACCOx60@35.19 ACADx60@35.19 ADBEx60@35.19 
Value: 10609.38
Sales: ABCDx60@35.19 ABACx60@35.19 ACCOx60@35.19 ACADx60@35.19 ADBEx60@35.19 
Purchases: ABCDx60@35.19 ABACx60@35.19 ACCOx60@35.19 ACADx60@35.19 ADBEx60@35.19 

2011-12-27
Cash: 53.12
Held: ABCDx60@35.25 ABACx60@35.25 ACCOx60@35.25 ACADx60@35.25 ADBEx60@35.25 
Value: 10628.12
Sales: ABCDx60@35.25 ABACx60@35.25 ACCOx60@35.25 ACADx60@35.25 ADBEx60@35.25 
Purchases: ABCDx60@35.25 ABACx60@35.25 ACCOx60@35.25 ACADx60@35.25 ADBEx60@35.25 

2011-12-28
Cash: 53.12
Held: ABCDx60@34.12 ABACx60@34.12 ACCOx60@34.12 ACADx60@34.12 ADBEx60@34.12 
Value: 10290.62
Sales: ABCDx60@34.12 ABACx60@34.12 ACCOx60@34.12 ACADx60@34.12 ADBEx60@34.12 
Purchases: ABCDx60@34.12 ABACx60@34.12 ACCOx60@34.12 ACADx60@34.12 ADBEx60@34.12 

2011-12-29
Cash: 53.12
Held: ABCDx60@34.94 ABACx60@34.94 ACCOx60@34.94 ACADx60@34.94 ADBEx60@34.94 
Value: 10534.38
Sales: ABCDx60@34.94 ABACx60@34.94 ACCOx60@34.94 ACADx60@34.94 ADBEx60@34.94 
Purchases: ABCDx60@34.94 ABACx60@34.94 ACCOx60@34.94 ACADx60@34.94 ADBEx60@34.94 

2012-01-02
Cash: 53.12
Held: ABCDx60@35.84 ABACx60@35.84 ACCOx60@35.84 ACADx60@35.84 ADBEx60@35.84 
Value: 10806.25
Sales: ABCDx60@35.84 ABACx60@35.84 ACCOx60@35.84 ACADx60@35.84 ADBEx60@35.84 
Purchases: ABCDx60@35.84 ABACx60@35.84 ACCOx60@35.84 ACADx60@35.84 ADBEx60@35.84 

2012-01-03
Cash: 53.12
Held: ABCDx60@36.16 ABACx60@36.16 ACCOx60@36.16 ACADx60@36.16 ADBEx60@36.16 
Value: 10900.00
Sales: ABCDx60@36.16 ABACx60@36.16 ACCOx60@36.16 ACADx60@36.16 ADBEx60@36.16 
Purchases: ABCDx60@36.16 ABACx60@36.16 ACCOx60@36.16 ACADx60@36.16 ADBEx60@36.16 

2012-01-04
Cash: 53.12
Held: ABCDx60@35.88 ABACx60@35.88 ACCOx60@35.88 ACADx60@35.88 ADBEx60@35.88 
Value: 10815.62
Sales: ABCDx60@35.88 ABACx60@35.88 ACCOx60@35.88 ACADx60@35.88 ADBEx60@35.88 
Purchases: ABCDx60@35.88 ABACx60@35.88 ACCOx60@35.88 ACADx60@35.88 ADBEx60@35.88 

2012-01-05
Cash: 53.12
Held: ABCDx60@37.09 ABACx60@37.09 ACCOx60@37.09 ACADx60@37.09 ADBEx60@37.09 
Value: 11181.25
Sales: ABCDx60@37.09 ABACx60@37.09 ACCOx60@37.09 ACADx60@37.09 ADBEx60@37.09 
Purchases: ABCDx60@37.09 ABACx60@37.09 ACCOx60@37.09 ACADx60@37.09 ADBEx60@37.09 

2012-01-08
Cash: 53.12
Held: ABCDx60@37.62 ABACx60@37.62 ACCOx60@37.62 ACADx60@37.62 ADBEx60@37.62 
Value: 11340.62
Sales: ABCDx60@37.62 ABACx60@37.62 ACCOx60@37.62 ACADx60@37.62 ADBEx60@37.62 
Purchases: ABCDx60@37.62 ABACx60@37.62 ACCOx60@37.62 ACADx60@37.62 ADBEx60@37.62 

2012-01-09
Cash: 53.12
Held: ABCDx60@38.81 ABACx60@38.81 ACCOx60@38.81 ACADx60@38.81 ADBEx60@38.81 
Value: 11696.88
Sales: ABCDx60@38.81 ABACx60@38.81 ACCOx60@38.81 ACADx60@38.81 ADBEx60@38.81 
Purchases: ABCDx60@38.81 ABACx60@38.81 ACCOx60@38.81 ACADx60@38.81 ADBEx60@38.81 

2012-01-10
Cash: 53.12
Held: ABCDx60@38.88 ABACx60@38.88 ACCOx60@38.88 ACADx60@38.88 ADBEx60@38.88 
Value: 11715.62
Sales: ABCDx60@38.88 ABACx60@38.88 ACCOx60@38.88 ACADx60@38.88 ADBEx60@38.88 
Purchases: ABCDx60@38.88 ABACx60@38.88 ACCOx60@38.88 ACADx60@38.88 ADBEx60@38.88 

2012-01-11
Cash: 53.12
Held: ABCDx60@39.12 ABACx60@39.12 ACCOx60@39.12 ACADx60@39.12 ADBEx60@39.12 
Value: 11790.62
Sales: ABCDx60@39.12 ABACx60@39.12 ACCOx60@39.12 ACADx60@39.12 ADBEx60@39.12 
Purchases: ABCDx60@39.12 ABACx60@39.12 ACCOx60@39.12 ACADx60@39.12 ADBEx60@39.12 

2012-01-12
Cash: 53.12
Held: ABCDx60@39.06 ABACx60@39.06 ACCOx60@39.06 ACADx60@39.06 ADBEx60@39.06 
Value: 11771.88
Sales: ABCDx60@39.06 ABACx60@39.06 ACCOx60@39.06 ACADx60@39.06 ADBEx60@39.06 
Purchases: ABCDx60@39.06 ABACx60@39.06 ACCOx60@39.06 ACADx60@39.06 ADBEx60@39.06 

2012-01-16
Cash: 53.12
Held: ABCDx60@39.75 ABACx60@39.75 ACCOx60@39.75 ACADx60@39.75 ADBEx60@39.75 
Value: 11978.12
Sales: ABCDx60@39.75 ABACx60@39.75 ACCOx60@39.75 ACADx60@39.75 ADBEx60@39.75 
Purchases: ABCDx60@39.75 ABACx60@39.75 ACCOx60@39.75 ACADx60@39.75 ADBEx60@39.75 

2012-01-17
Cash: 53.12
Held: ABCDx60@40.00 ABACx60@40.00 ACCOx60@40.00 ACADx60@40.00 ADBEx60@40.00 
Value: 12053.12
Sales: ABCDx60@40.00 ABACx60@40.00 ACCOx60@40.00 ACADx60@40.00 ADBEx60@40.00 
Purchases: ABCDx60@40.00 ABACx60@40.00 ACCOx60@40.00 ACADx60@40.00 ADBEx60@40.00 

2012-01-18
Cash: 53.12
Held: ABCDx60@41.38 ABACx60@41.38 ACCOx60@41.38 ACADx60@41.38 ADBEx60@41.38 
Value: 12465.62
Sales: ABCDx60@41.38 ABACx60@41.38 ACCOx60@41.38 ACADx60@41.38 ADBEx60@41.38 
Purchases: ABCDx60@41.38 ABACx60@41.38 ACCOx60@41.38 ACADx60@41.38 ADBEx60@41.38 

2012-01-19
Cash: 53.12
Held: ABCDx60@41.78 ABACx60@41.78 ACCOx60@41.78 ACADx60@41.78 ADBEx60@41.78 
Value: 12587.50
Sales: ABCDx60@41.78 ABACx60@41.78 ACCOx60@41.78 ACADx60@41.78 ADBEx60@41.78 
Purchases: ABCDx60@41.78 ABACx60@41.78 ACCOx60@41.78 ACADx60@41.78 ADBEx60@41.78 

2012-01-22
Cash: 53.12
Held: ABCDx60@40.88 ABACx60@40.88 ACCOx60@40.88 ACADx60@40.88 ADBEx60@40.88 
Value: 12315.62
Sales: ABCDx60@40.88 ABACx60@40.88 ACCOx60@40.88 ACADx60@40.88 ADBEx60@40.88 
Purchases: ABCDx60@40.88 ABACx60@40.88 ACCOx60@40.88 ACADx60@40.88 ADBEx60@40.88 

2012-01-23
Cash: 53.12
Held: ABCDx60@40.91 ABACx60@40.91 ACCOx60@40.91 ACADx60@40.91 ADBEx60@40.91 
Value: 12325.00
Sales: ABCDx60@40.91 ABACx60@40.91 ACCOx60@40.91 ACADx60@40.91 ADBEx60@40.91 
Purchases: ABCDx60@40.91 ABACx60@40.91 ACCOx60@40.91 ACADx60@40.91 ADBEx60@40.91 

2012-01-24
Cash: 53.12
Held: ABCDx60@42.88 ABACx60@42.88 ACCOx60@42.88 ACADx60@42.88 ADBEx60@42.88 
Value: 12915.62
Sales: ABCDx60@42.88 ABACx60@42.88 ACCOx60@42.88 ACADx60@42.88 ADBEx60@42.88 
Purchases: ABCDx60@42.88 ABACx60@42.88 ACCOx60@42.88 ACADx60@42.88 ADBEx60@42.88 

2012-01-25
Cash: 53.12
Held: ABCDx60@44.28 ABACx60@44.28 ACCOx60@44.28 ACADx60@44.28 ADBEx60@44.28 
Value: 13337.50
Sales: ABCDx60@44.28 ABACx60@44.28 ACCOx60@44.28 ACADx60@44.28 ADBEx60@44.28 
Purchases: ABCDx60@44.28 ABACx60@44.28 ACCOx60@44.28 ACADx60@44.28 ADBEx60@44.28 

2012-01-26
Cash: 53.12
Held: ABCDx60@42.38 ABACx60@42.38 ACCOx60@42.38 ACADx60@42.38 ADBEx60@42.38 
Value: 12765.62
Sales: ABCDx60@42.38 ABACx60@42.38 ACCOx60@42.38 ACADx60@42.38 ADBEx60@42.38 
Purchases: ABCDx60@42.38 ABACx60@42.38 ACCOx60@42.38 ACADx60@42.38 ADBEx60@42.38 

2012-01-29
Cash: 53.12
Held: ABCDx60@41.94 ABACx60@41.94 ACCOx60@41.94 ACADx60@41.94 ADBEx60@41.94 
Value: 12634.38
Sales: ABCDx60@41.94 ABACx60@41.94 ACCOx60@41.94 ACADx60@41.94 ADBEx60@41.94 
Purchases: ABCDx60@41.94 ABACx60@41.94 ACCOx60@41.94 ACADx60@41.94 ADBEx60@41.94 

2012-01-30
Cash: 53.12
Held: ABCDx60@43.34 ABACx60@43.34 ACCOx60@43.34 ACADx60@43.34 ADBEx60@43.34 
Value: 13056.25
Sales: ABCDx60@43.34 ABACx60@43.34 ACCOx60@43.34 ACADx60@43.34 ADBEx60@43.34 
Purchases: ABCDx60@43.34 ABACx60@43.34 ACCOx60@43.34 ACADx60@43.34 ADBEx60@43.34 

2012-01-31
Cash: 53.12
Held: ABCDx60@43.09 ABACx60@43.09 ACCOx60@43.09 ACADx60@43.09 ADBEx60@43.09 
Value: 12981.25
Sales: ABCDx60@43.09 ABACx60@43.09 ACCOx60@43.09 ACADx60@43.09 ADBEx60@43.09 
Purchases: ABCDx60@43.09 ABACx60@43.09 ACCOx60@43.09 ACADx60@43.09 ADBEx60@43.09 

2012-02-01
Cash: 53.12
Held: ABCDx60@44.22 ABACx60@44.22 ACCOx60@44.22 ACADx60@44.22 ADBEx60@44.22 
Value: 13318.75
Sales: ABCDx60@44.22 ABACx60@44.22 ACCOx60@44.22 ACADx60@44.22 ADBEx60@44.22 
Purchases: ABCDx60@44.22 ABACx60@44.22 ACCOx60@44.22 ACADx60@44.22 ADBEx60@44.22 

2012-02-02
Cash: 53.12
Held: ABCDx60@44.41 ABACx60@44.41 ACCOx60@44.41 ACADx60@44.41 ADBEx60@44.41 
Value: 13375.00
Sales: ABCDx60@44.41 ABACx60@44.41 ACCOx60@44.41 ACADx60@44.41 ADBEx60@44.41 
Purchases: ABCDx60@44.41 ABACx60@44.41 ACCOx60@44.41 ACADx60@44.41 ADBEx60@44.41 

2012-02-05
Cash: 53.12
Held: ABCDx60@44.75 ABACx60@44.75 ACCOx60@44.75 ACADx60@44.75 ADBEx60@44.75 
Value: 13478.12
Sales: ABCDx60@44.75 ABACx60@44.75 ACCOx60@44.75 ACADx60@44.75 ADBEx60@44.75 
Purchases: ABCDx60@44.75 ABACx60@44.75 ACCOx60@44.75 ACADx60@44.75 ADBEx60@44.75 

2012-02-06
Cash: 53.12
Held: ABCDx60@44.75 ABACx60@44.75 ACCOx60@44.75 ACADx60@44.75 ADBEx60@44.75 
Value: 13478.12
Sales: ABCDx60@44.75 ABACx60@44.75 ACCOx60@44.75 ACADx60@44.75 ADBEx60@44.75 
Purchases: ABCDx60@44.75 ABACx60@44.75 ACCOx60@44.75 ACADx60@44.75 ADBEx60@44.75 

2012-02-07
Cash: 53.12
Held: ABCDx60@44.69 ABACx60@44.69 ACCOx60@44.69 ACADx60@44.69 ADBEx60@44.69 
Value: 13459.38
Sales: ABCDx60@44.69 ABACx60@44.69 ACCOx60@44.69 ACADx60@44.69 ADBEx60@44.69 
Purchases: ABCDx60@44.69 ABACx60@44.69 ACCOx60@44.69 ACADx60@44.69 ADBEx60@44.69 

2012-02-08
Cash: 53.12
Held: ABCDx60@45.00 ABACx60@45.00 ACCOx60@45.00 ACADx60@45.00 ADBEx60@45.00 
Value: 13553.12
Sales: ABCDx60@45.00 ABACx60@45.00 ACCOx60@45.00 ACADx60@45.00 ADBEx60@45.00 
Purchases: ABCDx60@45.00 ABACx60@45.00 ACCOx60@45.00 ACADx60@45.00 ADBEx60@45.00 

2012-02-09
Cash: 53.12
Held: ABCDx60@44.25 ABACx60@44.25 ACCOx60@44.25 ACADx60@44.25 ADBEx60@44.25 
Value: 13328.12
Sales: ABCDx60@44.25 ABACx60@44.25 ACCOx60@44.25 ACADx60@44.25 ADBEx60@44.25 
Purchases: ABCDx60@44.25 ABACx60@44.25 ACCOx60@44.25 ACADx60@44.25 ADBEx60@44.25 

2012-02-12
Cash: 53.12
Held: ABCDx60@44.69 ABACx60@44.69 ACCOx60@44.69 ACADx60@44.69 ADBEx60@44.69 
Value: 13459.38
Sales: ABCDx60@44.69 ABACx60@44.69 ACCOx60@44.69 ACADx60@44.69 ADBEx60@44.69 
Purchases: ABCDx60@44.69 ABACx60@44.69 ACCOx60@44.69 ACADx60@44.69 ADBEx60@44.69 

2012-02-13
Cash: 53.12
Held: ABCDx60@43.75 ABACx60@43.75 ACCOx60@43.75 ACADx60@43.75 ADBEx60@43.75 
Value: 13178.12
Sales: ABCDx60@43.75 ABACx60@43.75 ACCOx60@43.75 ACADx60@43.75 ADBEx60@43.75 
Purchases: ABCDx60@43.75 ABACx60@43.75 ACCOx60@43.75 ACADx60@43.75 ADBEx60@43.75 

2012-02-14
Cash: 53.12
Held: ABCDx60@44.50 ABACx60@44.50 ACCOx60@44.50 ACADx60@44.50 ADBEx60@44.50 
Value: 13403.12
Sales: ABCDx60@44.50 ABACx60@44.50 ACCOx60@44.50 ACADx60@44.50 ADBEx60@44.50 
Purchases: ABCDx60@44.50 ABACx60@44.50 ACCOx60@44.50 ACADx60@44.50 ADBEx60@44.50 

2012-02-15
Cash: 53.12
Held: ABCDx60@43.00 ABACx60@43.00 ACCOx60@43.00 ACADx60@43.00 ADBEx60@43.00 
Value: 12953.12
Sales: ABCDx60@43.00 ABACx60@43.00 ACCOx60@43.00 ACADx60@43.00 ADBEx60@43.00 
Purchases: ABCDx60@43.00 ABACx60@43.00 ACCOx60@43.00 ACADx60@43.00 ADBEx60@43.00 

2012-02-16
Cash: 53.12
Held: ABCDx60@44.03 ABACx60@44.03 ACCOx60@44.03 ACADx60@44.03 ADBEx60@44.03 
Value: 13262.50
Sales: ABCDx60@44.03 ABACx60@44.03 ACCOx60@44.03 ACADx60@44.03 ADBEx60@44.03 
Purchases: ABCDx60@44.03 ABACx60@44.03 ACCOx60@44.03 ACADx60@44.03 ADBEx60@44.03 

2012-02-20
Cash: 53.12
Held: ABCDx60@43.28 ABACx60@43.28 ACCOx60@43.28 ACADx60@43.28 ADBEx60@43.28 
Value: 13037.50
Sales: ABCDx60@43.28 ABACx60@43.28 ACCOx60@43.28 ACADx60@43.28 ADBEx60@43.28 
Purchases: ABCDx60@43.28 ABACx60@43.28 ACCOx60@43.28 ACADx60@43.28 ADBEx60@43.28 

2012-02-21
Cash: 53.12
Held: ABCDx60@42.56 ABACx60@42.56 ACCOx60@42.56 ACADx60@42.56 ADBEx60@42.56 
Value: 12821.88
Sales: ABCDx60@42.56 ABACx60@42.56 ACCOx60@42.56 ACADx60@42.56 ADBEx60@42.56 
Purchases: ABCDx60@42.56 ABACx60@42.56 ACCOx60@42.56 ACADx60@42.56 ADBEx60@42.56 

2012-02-22
Cash: 53.12
Held: ABCDx60@42.72 ABACx60@42.72 ACCOx60@42.72 ACADx60@42.72 ADBEx60@42.72 
Value: 12868.75
Sales: ABCDx60@42.72 ABACx60@42.72 ACCOx60@42.72 ACADx60@42.72 ADBEx60@42.72 
Purchases: ABCDx60@42.72 ABACx60@42.72 ACCOx60@42.72 ACADx60@42.72 ADBEx60@42.72 

2012-02-23
Cash: 53.12
Held: ABCDx60@43.53 ABACx60@43.53 ACCOx60@43.53 ACADx60@43.53 ADBEx60@43.53 
Value: 13112.50
Sales: ABCDx60@43.53 ABACx60@43.53 ACCOx60@43.53 ACADx60@43.53 ADBEx60@43.53 
Purchases: ABCDx60@43.53 ABACx60@43.53 ACCOx60@43.53 ACADx60@43.53 ADBEx60@43.53 

2012-02-26
Cash: 53.12
Held: ABCDx60@42.72 ABACx60@42.72 ACCOx60@42.72 ACADx60@42.72 ADBEx60@42.72 
Value: 12868.75
Sales: ABCDx60@42.72 ABACx60@42.72 ACCOx60@42.72 ACADx60@42.72 ADBEx60@42.72 
Purchases: ABCDx60@42.72 ABACx60@42.72 ACCOx60@42.72 ACADx60@42.72 ADBEx60@42.72 

2012-02-27
Cash: 53.12
Held: ABCDx60@43.50 ABACx60@43.50 ACCOx60@43.50 ACADx60@43.50 ADBEx60@43.50 
Value: 13103.12
Sales: ABCDx60@43.50 ABACx60@43.50 ACCOx60@43.50 ACADx60@43.50 ADBEx60@43.50 
Purchases: ABCDx60@43.50 ABACx60@43.50 ACCOx60@43.50 ACADx60@43.50 ADBEx60@43.50 

2012-02-28
Cash: 53.12
Held: ABCDx60@43.81 ABACx60@43.81 ACCOx60@43.81 ACADx60@43.81 ADBEx60@43.81 
Value: 13196.88
Sales: ABCDx60@43.81 ABACx60@43.81 ACCOx60@43.81 ACADx60@43.81 ADBEx60@43.81 
Purchases: ABCDx60@43.81 ABACx60@43.81 ACCOx60@43.81 ACADx60@43.81 ADBEx60@43.81 

2012-02-29
Cash: 53.12
Held: ABCDx60@43.75 ABACx60@43.75 ACCOx60@43.75 ACADx60@43.75 ADBEx60@43.75 
Value: 13178.12
Sales: ABCDx60@43.75 ABACx60@43.75 ACCOx60@43.75 ACADx60@43.75 ADBEx60@43.75 
Purchases: ABCDx60@43.75 ABACx60@43.75 ACCOx60@43.75 ACADx60@43.75 ADBEx60@43.75 

2012-03-01
Cash: 53.12
Held: ABCDx60@44.16 ABACx60@44.16 ACCOx60@44.16 ACADx60@44.16 ADBEx60@44.16 
Value: 13300.00
Sales: ABCDx60@44.16 ABACx60@44.16 ACCOx60@44.16 ACADx60@44.16 ADBEx60@44.16 
Purchases: ABCDx60@44.16 ABACx60@44.16 ACCOx60@44.16 ACADx60@44.16 ADBEx60@44.16 

2012-03-04
Cash: 53.12
Held: ABCDx60@43.59 ABACx60@43.59 ACCOx60@43.59 ACADx60@43.59 ADBEx60@43.59 
Value: 13131.25
Sales: ABCDx60@43.59 ABACx60@43.59 ACCOx60@43.59 ACADx60@43.59 ADBEx60@43.59 
Purchases: ABCDx60@43.59 ABACx60@43.59 ACCOx60@43.59 ACADx60@43.59 ADBEx60@43.59 

2012-03-05
Cash: 53.12
Held: ABCDx60@42.28 ABACx60@42.28 ACCOx60@42.28 ACADx60@42.28 ADBEx60@42.28 
Value: 12737.50
Sales: ABCDx60@42.28 ABACx60@42.28 ACCOx60@42.28 ACADx60@42.28 ADBEx60@42.28 
Purchases: ABCDx60@42.28 ABACx60@42.28 ACCOx60@42.28 ACADx60@42.28 ADBEx60@42.28 

2012-03-06
Cash: 53.12
Held: ABCDx60@42.47 ABACx60@42.47 ACCOx60@42.47 ACADx60@42.47 ADBEx60@42.47 
Value: 12793.75
Sales: ABCDx60@42.47 ABACx60@42.47 ACCOx60@42.47 ACADx60@42.47 ADBEx60@42.47 
Purchases: ABCDx60@42.47 ABACx60@42.47 ACCOx60@42.47 ACADx60@42.47 ADBEx60@42.47 

2012-03-07
Cash: 53.12
Held: ABCDx60@43.91 ABACx60@43.91 ACCOx60@43.91 ACADx60@43.91 ADBEx60@43.91 
Value: 13225.00
Sales: ABCDx60@43.91 ABACx60@43.91 ACCOx60@43.91 ACADx60@43.91 ADBEx60@43.91 
Purchases: ABCDx60@43.91 ABACx60@43.91 ACCOx60@43.91 ACADx60@43.91 ADBEx60@43.91 

2012-03-08
Cash: 53.12
Held: ABCDx60@44.25 ABACx60@44.25 ACCOx60@44.25 ACADx60@44.25 ADBEx60@44.25 
Value: 13328.12
Sales: ABCDx60@44.25 ABACx60@44.25 ACCOx60@44.25 ACADx60@44.25 ADBEx60@44.25 
Purchases: ABCDx60@44.25 ABACx60@44.25 ACCOx60@44.25 ACADx60@44.25 ADBEx60@44.25 

2012-03-11
Cash: 53.12
Held: ABCDx60@44.44 ABACx60@44.44 ACCOx60@44.44 ACADx60@44.44 ADBEx60@44.44 
Value: 13384.38
Sales: ABCDx60@44.44 ABACx60@44.44 ACCOx60@44.44 ACADx60@44.44 ADBEx60@44.44 
Purchases: ABCDx60@44.44 ABACx60@44.44 ACCOx60@44.44 ACADx60@44.44 ADBEx60@44.44 

2012-03-12
Cash: 53.12
Held: ABCDx60@43.97 ABACx60@43.97 ACCOx60@43.97 ACADx60@43.97 ADBEx60@43.97 
Value: 13243.75
Sales: ABCDx60@43.97 ABACx60@43.97 ACCOx60@43.97 ACADx60@43.97 ADBEx60@43.97 
Purchases: ABCDx60@43.97 ABACx60@43.97 ACCOx60@43.97 ACADx60@43.97 ADBEx60@43.97 

2012-03-13
Cash: 53.12
Held: ABCDx60@45.12 ABACx60@45.12 ACCOx60@45.12 ACADx60@45.12 ADBEx60@45.12 
Value: 13590.62
Sales: ABCDx60@45.12 ABACx60@45.12 ACCOx60@45.12 ACADx60@45.12 ADBEx60@45.12 
Purchases: ABCDx60@45.12 ABACx60@45.12 ACCOx60@45.12 ACADx60@45.12 ADBEx60@45.12 

2012-03-14
Cash: 53.12
Held: ABCDx60@45.09 ABACx60@45.09 ACCOx60@45.09 ACADx60@45.09 ADBEx60@45.09 
Value: 13581.25
Sales: ABCDx60@45.09 ABACx60@45.09 ACCOx60@45.09 ACADx60@45.09 ADBEx60@45.09 
Purchases: ABCDx60@45.09 ABACx60@45.09 ACCOx60@45.09 ACADx60@45.09 ADBEx60@45.09 

2012-03-15
Cash: 53.12
Held: ABCDx60@45.94 ABACx60@45.94 ACCOx60@45.94 ACADx60@45.94 ADBEx60@45.94 
Value: 13834.38
Sales: ABCDx60@45.94 ABACx60@45.94 ACCOx60@45.94 ACADx60@45.94 ADBEx60@45.94 
Purchases: ABCDx60@45.94 ABACx60@45.94 ACCOx60@45.94 ACADx60@45.94 ADBEx60@45.94 

2012-03-18
Cash: 53.12
Held: ABCDx60@45.44 ABACx60@45.44 ACCOx60@45.44 ACADx60@45.44 ADBEx60@45.44 
Value: 13684.38
Sales: ABCDx60@45.44 ABACx60@45.44 ACCOx60@45.44 ACADx60@45.44 ADBEx60@45.44 
Purchases: ABCDx60@45.44 ABACx60@45.44 ACCOx60@45.44 ACADx60@45.44 ADBEx60@45.44 

2012-03-19
Cash: 53.12
Held: ABCDx60@45.09 ABACx60@45.09 ACCOx60@45.09 ACADx60@45.09 ADBEx60@45.09 
Value: 13581.25
Sales: ABCDx60@45.09 ABACx60@45.09 ACCOx60@45.09 ACADx60@45.09 ADBEx60@45.09 
Purchases: ABCDx60@45.09 ABACx60@45.09 ACCOx60@45.09 ACADx60@45.09 ADBEx60@45.09 

2012-03-20
Cash: 53.12
Held: ABCDx60@44.88 ABACx60@44.88 ACCOx60@44.88 ACADx60@44.88 ADBEx60@44.88 
Value: 13515.62
Sales: ABCDx60@44.88 ABACx60@44.88 ACCOx60@44.88 ACADx60@44.88 ADBEx60@44.88 
Purchases: ABCDx60@44.88 ABACx60@44.88 ACCOx60@44.88 ACADx60@44.88 ADBEx60@44.88 

2012-03-21
Cash: 53.12
Held: ABCDx60@44.00 ABACx60@44.00 ACCOx60@44.00 ACADx60@44.00 ADBEx60@44.00 
Value: 13253.12
Sales: ABCDx60@44.00 ABACx60@44.00 ACCOx60@44.00 ACADx60@44.00 ADBEx60@44.00 
Purchases: ABCDx60@44.00 ABACx60@44.00 ACCOx60@44.00 ACADx60@44.00 ADBEx60@44.00 

2012-03-22
Cash: 53.12
Held: ABCDx60@43.56 ABACx60@43.56 ACCOx60@43.56 ACADx60@43.56 ADBEx60@43.56 
Value: 13121.88
Sales: ABCDx60@43.56 ABACx60@43.56 ACCOx60@43.56 ACADx60@43.56 ADBEx60@43.56 
Purchases: ABCDx60@43.56 ABACx60@43.56 ACCOx60@43.56 ACADx60@43.56 ADBEx60@43.56 

2012-03-25
Cash: 53.12
Held: ABCDx60@44.88 ABACx60@44.88 ACCOx60@44.88 ACADx60@44.88 ADBEx60@44.88 
Value: 13515.62
Sales: ABCDx60@44.88 ABACx60@44.88 ACCOx60@44.88 ACADx60@44.88 ADBEx60@44.88 
Purchases: ABCDx60@44.88 ABACx60@44.88 ACCOx60@44.88 ACADx60@44.88 ADBEx60@44.88 

2012-03-26
Cash: 53.12
Held: ABCDx60@45.06 ABACx60@45.06 ACCOx60@45.06 ACADx60@45.06 ADBEx60@45.06 
Value: 13571.88
Sales: ABCDx60@45.06 ABACx60@45.06 ACCOx60@45.06 ACADx60@45.06 ADBEx60@45.06 
Purchases: ABCDx60@45.06 ABACx60@45.06 ACCOx60@45.06 ACADx60@45.06 ADBEx60@45.06 

2012-03-27
Cash: 53.12
Held: ABCDx60@45.41 ABACx60@45.41 ACCOx60@45.41 ACADx60@45.41 ADBEx60@45.41 
Value: 13675.00
Sales: ABCDx60@45.41 ABACx60@45.41 ACCOx60@45.41 ACADx60@45.41 ADBEx60@45.41 
Purchases: ABCDx60@45.41 ABACx60@45.41 ACCOx60@45.41 ACADx60@45.41 ADBEx60@45.41 

2012-03-28
Cash: 53.12
Held: ABCDx60@44.09 ABACx60@44.09 ACCOx60@44.09 ACADx60@44.09 ADBEx60@44.09 
Value: 13281.25
Sales: ABCDx60@44.09 ABACx60@44.09 ACCOx60@44.09 ACADx60@44.09 ADBEx60@44.09 
Purchases: ABCDx60@44.09 ABACx60@44.09 ACCOx60@44.09 ACADx60@44.09 ADBEx60@44.09 

2012-03-29
Cash: 53.12
Held: ABCDx60@44.75 ABACx60@44.75 ACCOx60@44.75 ACADx60@44.75 ADBEx60@44.75 
Value: 13478.12
Sales: ABCDx60@44.75 ABACx60@44.75 ACCOx60@44.75 ACADx60@44.75 ADBEx60@44.75 
Purchases: ABCDx60@44.75 ABACx60@44.75 ACCOx60@44.75 ACADx60@44.75 ADBEx60@44.75 

2012-04-01
Cash: 53.12
Held: ABCDx60@44.50 ABACx60@44.50 ACCOx60@44.50 ACADx60@44.50 ADBEx60@44.50 
Value: 13403.12
Sales: ABCDx60@44.50 ABACx60@44.50 ACCOx60@44.50 ACADx60@44.50 ADBEx60@44.50 
Purchases: ABCDx60@44.50 ABACx60@44.50 ACCOx60@44.50 ACADx60@44.50 ADBEx60@44.50 

2012-04-02
Cash: 53.12
Held: ABCDx60@44.75 ABACx60@44.75 ACCOx60@44.75 ACADx60@44.75 ADBEx60@44.75 
Value: 13478.12
Sales: ABCDx60@44.75 ABACx60@44.75 ACCOx60@44.75 ACADx60@44.75 ADBEx60@44.75 
Purchases: ABCDx60@44.75 ABACx60@44.75 ACCOx60@44.75 ACADx60@44.75 ADBEx60@44.75 

2012-04-03
Cash: 53.12
Held: ABCDx60@44.34 ABACx60@44.34 ACCOx60@44.34 ACADx60@44.34 ADBEx60@44.34 
Value: 13356.25
Sales: ABCDx60@44.34 ABACx60@44.34 ACCOx60@44.34 ACADx60@44.34 ADBEx60@44.34 
Purchases: ABCDx60@44.34 ABACx60@44.34 ACCOx60@44.34 ACADx60@44.34 ADBEx60@44.34 

2012-04-04
Cash: 53.12
Held: ABCDx60@43.66 ABACx60@43.66 ACCOx60@43.66 ACADx60@43.66 ADBEx60@43.66 
Value: 13150.00
Sales: ABCDx60@43.66 ABACx60@43.66 ACCOx60@43.66 ACADx60@43.66 ADBEx60@43.66 
Purchases: ABCDx60@43.66 ABACx60@43.66 ACCOx60@43.66 ACADx60@43.66 ADBEx60@43.66 

2012-04-08
Cash: 53.12
Held: ABCDx60@44.12 ABACx60@44.12 ACCOx60@44.12 ACADx60@44.12 ADBEx60@44.12 
Value: 13290.62
Sales: ABCDx60@44.12 ABACx60@44.12 ACCOx60@44.12 ACADx60@44.12 ADBEx60@44.12 
Purchases: ABCDx60@44.12 ABACx60@44.12 ACCOx60@44.12 ACADx60@44.12 ADBEx60@44.12 

2012-04-09
Cash: 53.12
Held: ABCDx60@43.50 ABACx60@43.50 ACCOx60@43.50 ACADx60@43.50 ADBEx60@43.50 
Value: 13103.12
Sales: ABCDx60@43.50 ABACx60@43.50 ACCOx60@43.50 ACADx60@43.50 ADBEx60@43.50 
Purchases: ABCDx60@43.50 ABACx60@43.50 ACCOx60@43.50 ACADx60@43.50 ADBEx60@43.50 

2012-04-10
Cash: 53.12
Held: ABCDx60@42.97 ABACx60@42.97 ACCOx60@42.97 ACADx60@42.97 ADBEx60@42.97 
Value: 12943.75
Sales: ABCDx60@42.97 ABACx60@42.97 ACCOx60@42.97 ACADx60@42.97 ADBEx60@42.97 
Purchases: ABCDx60@42.97 ABACx60@42.97 ACCOx60@42.97 ACADx60@42.97 ADBEx60@42.97 

2012-04-11
Cash: 53.12
Held: ABCDx60@42.62 ABACx60@42.62 ACCOx60@42.62 ACADx60@42.62 ADBEx60@42.62 
Value: 12840.62
Sales: ABCDx60@42.62 ABACx60@42.62 ACCOx60@42.62 ACADx60@42.62 ADBEx60@42.62 
Purchases: ABCDx60@42.62 ABACx60@42.62 ACCOx60@42.62 ACADx60@42.62 ADBEx60@42.62 

2012-04-12
Cash: 53.12
Held: ABCDx60@43.22 ABACx60@43.22 ACCOx60@43.22 ACADx60@43.22 ADBEx60@43.22 
Value: 13018.75
Sales: ABCDx60@43.22 ABACx60@43.22 ACCOx60@43.22 ACADx60@43.22 ADBEx60@43.22 
Purchases: ABCDx60@43.22 ABACx60@43.22 ACCOx60@43.22 ACADx60@43.22 ADBEx60@43.22 

2012-04-15
Cash: 53.12
Held: ABCDx60@42.59 ABACx60@42.59 ACCOx60@42.59 ACADx60@42.59 ADBEx60@42.59 
Value: 12831.25
Sales: ABCDx60@42.59 ABACx60@42.59 ACCOx60@42.59 ACADx60@42.59 ADBEx60@42.59 
Purchases: ABCDx60@42.59 ABACx60@42.59 ACCOx60@42.59 ACADx60@42.59 ADBEx60@42.59 

2012-04-16
Cash: 53.12
Held: ABCDx60@42.41 ABACx60@42.41 ACCOx60@42.41 ACADx60@42.41 ADBEx60@42.41 
Value: 12775.00
Sales: ABCDx60@42.41 ABACx60@42.41 ACCOx60@42.41 ACADx60@42.41 ADBEx60@42.41 
Purchases: ABCDx60@42.41 ABACx60@42.41 ACCOx60@42.41 ACADx60@42.41 ADBEx60@42.41 

2012-04-17
Cash: 53.12
Held: ABCDx60@42.28 ABACx60@42.28 ACCOx60@42.28 ACADx60@42.28 ADBEx60@42.28 
Value: 12737.50
Sales: ABCDx60@42.28 ABACx60@42.28 ACCOx60@42.28 ACADx60@42.28 ADBEx60@42.28 
Purchases: ABCDx60@42.28 ABACx60@42.28 ACCOx60@42.28 ACADx60@42.28 ADBEx60@42.28 

2012-04-18
Cash: 53.12
Held: ABCDx60@42.41 ABACx60@42.41 ACCOx60@42.41 ACADx60@42.41 ADBEx60@42.41 
Value: 12775.00
Sales: ABCDx60@42.41 ABACx60@42.41 ACCOx60@42.41 ACADx60@42.41 ADBEx60@42.41 
Purchases: ABCDx60@42.41 ABACx60@42.41 ACCOx60@42.41 ACADx60@42.41 ADBEx60@42.41 

2012-04-19
Cash: 53.12
Held: ABCDx60@42.16 ABACx60@42.16 ACCOx60@42.16 ACADx60@42.16 ADBEx60@42.16 
Value: 12700.00
Sales: ABCDx60@42.16 ABACx60@42.16 ACCOx60@42.16 ACADx60@42.16 ADBEx60@42.16 
Purchases: ABCDx60@42.16 ABACx60@42.16 ACCOx60@42.16 ACADx60@42.16 ADBEx60@42.16 

2012-04-22
Cash: 53.12
Held: ABCDx60@41.38 ABACx60@41.38 ACCOx60@41.38 ACADx60@41.38 ADBEx60@41.38 
Value: 12465.62
Sales: ABCDx60@41.38 ABACx60@41.38 ACCOx60@41.38 ACADx60@41.38 ADBEx60@41.38 
Purchases: ABCDx60@41.38 ABACx60@41.38 ACCOx60@41.38 ACADx60@41.38 ADBEx60@41.38 

2012-04-23
Cash: 53.12
Held: ABCDx60@40.38 ABACx60@40.38 ACCOx60@40.38 ACADx60@40.38 ADBEx60@40.38 
Value: 12165.62
Sales: ABCDx60@40.38 ABACx60@40.38 ACCOx60@40.38 ACADx60@40.38 ADBEx60@40.38 
Purchases: ABCDx60@40.38 ABACx60@40.38 ACCOx60@40.38 ACADx60@40.38 ADBEx60@40.38 

2012-04-24
Cash: 53.12
Held: ABCDx60@40.31 ABACx60@40.31 ACCOx60@40.31 ACADx60@40.31 ADBEx60@40.31 
Value: 12146.88
Sales: ABCDx60@40.31 ABACx60@40.31 ACCOx60@40.31 ACADx60@40.31 ADBEx60@40.31 
Purchases: ABCDx60@40.31 ABACx60@40.31 ACCOx60@40.31 ACADx60@40.31 ADBEx60@40.31 

2012-04-25
Cash: 53.12
Held: ABCDx60@41.12 ABACx60@41.12 ACCOx60@41.12 ACADx60@41.12 ADBEx60@41.12 
Value: 12390.62
Sales: ABCDx60@41.12 ABACx60@41.12 ACCOx60@41.12 ACADx60@41.12 ADBEx60@41.12 
Purchases: ABCDx60@41.12 ABACx60@41.12 ACCOx60@41.12 ACADx60@41.12 ADBEx60@41.12 

2012-04-26
Cash: 53.12
Held: ABCDx60@42.19 ABACx60@42.19 ACCOx60@42.19 ACADx60@42.19 ADBEx60@42.19 
Value: 12709.38
Sales: ABCDx60@42.19 ABACx60@42.19 ACCOx60@42.19 ACADx60@42.19 ADBEx60@42.19 
Purchases: ABCDx60@42.19 ABACx60@42.19 ACCOx60@42.19 ACADx60@42.19 ADBEx60@42.19 

2012-04-29
Cash: 53.12
Held: ABCDx60@42.50 ABACx60@42.50 ACCOx60@42.50 ACADx60@42.50 ADBEx60@42.50 
Value: 12803.12
Sales: ABCDx60@42.50 ABACx60@42.50 ACCOx60@42.50 ACADx60@42.50 ADBEx60@42.50 
Purchases: ABCDx60@42.50 ABACx60@42.50 ACCOx60@42.50 ACADx60@42.50 ADBEx60@42.50 

2012-04-30
Cash: 53.12
Held: ABCDx60@42.03 ABACx60@42.03 ACCOx60@42.03 ACADx60@42.03 ADBEx60@42.03 
Value: 12662.50
Sales: ABCDx60@42.03 ABACx60@42.03 ACCOx60@42.03 ACADx60@42.03 ADBEx60@42.03 
Purchases: ABCDx60@42.03 ABACx60@42.03 ACCOx60@42.03 ACADx60@42.03 ADBEx60@42.03 

2012-05-01
Cash: 53.12
Held: ABCDx60@42.69 ABACx60@42.69 ACCOx60@42.69 ACADx60@42.69 ADBEx60@42.69 
Value: 12859.38
Sales: ABCDx60@42.69 ABACx60@42.69 ACCOx60@42.69 ACADx60@42.69 ADBEx60@42.69 
Purchases: ABCDx60@42.69 ABACx60@42.69 ACCOx60@42.69 ACADx60@42.69 ADBEx60@42.69 

2012-05-02
Cash: 53.12
Held: ABCDx60@43.16 ABACx60@43.16 ACCOx60@43.16 ACADx60@43.16 ADBEx60@43.16 
Value: 13000.00
Sales: ABCDx60@43.16 ABACx60@43.16 ACCOx60@43.16 ACADx60@43.16 ADBEx60@43.16 
Purchases: ABCDx60@43.16 ABACx60@43.16 ACCOx60@43.16 ACADx60@43.16 ADBEx60@43.16 

2012-05-03
Cash: 53.12
Held: ABCDx60@42.16 ABACx60@42.16 ACCOx60@42.16 ACADx60@42.16 ADBEx60@42.16 
Value: 12700.00
Sales: ABCDx60@42.16 ABACx60@42.16 ACCOx60@42.16 ACADx60@42.16 ADBEx60@42.16 
Purchases: ABCDx60@42.16 ABACx60@42.16 ACCOx60@42.16 ACADx60@42.16 ADBEx60@42.16 

2012-05-06
Cash: 53.12
Held: ABCDx60@40.66 ABACx60@40.66 ACCOx60@40.66 ACADx60@40.66 ADBEx60@40.66 
Value: 12250.00
Sales: ABCDx60@40.66 ABACx60@40.66 ACCOx60@40.66 ACADx60@40.66 ADBEx60@40.66 
Purchases: ABCDx60@40.66 ABACx60@40.66 ACCOx60@40.66 ACADx60@40.66 ADBEx60@40.66 

2012-05-07
Cash: 53.12
Held: ABCDx60@40.66 ABACx60@40.66 ACCOx60@40.66 ACADx60@40.66 ADBEx60@40.66 
Value: 12250.00
Sales: ABCDx60@40.66 ABACx60@40.66 ACCOx60@40.66 ACADx60@40.66 ADBEx60@40.66 
Purchases: ABCDx60@40.66 ABACx60@40.66 ACCOx60@40.66 ACADx60@40.66 ADBEx60@40.66 

2012-05-08
Cash: 53.12
Held: ABCDx60@39.66 ABACx60@39.66 ACCOx60@39.66 ACADx60@39.66 ADBEx60@39.66 
Value: 11950.00
Sales: ABCDx60@39.66 ABACx60@39.66 ACCOx60@39.66 ACADx60@39.66 ADBEx60@39.66 
Purchases: ABCDx60@39.66 ABACx60@39.66 ACCOx60@39.66 ACADx60@39.66 ADBEx60@39.66 

2012-05-09
Cash: 53.12
Held: ABCDx60@40.62 ABACx60@40.62 ACCOx60@40.62 ACADx60@40.62 ADBEx60@40.62 
Value: 12240.62
Sales: ABCDx60@40.62 ABACx60@40.62 ACCOx60@40.62 ACADx60@40.62 ADBEx60@40.62 
Purchases: ABCDx60@40.62 ABACx60@40.62 ACCOx60@40.62 ACADx60@40.62 ADBEx60@40.62 

2012-05-10
Cash: 53.12
Held: ABCDx60@39.53 ABACx60@39.53 ACCOx60@39.53 ACADx60@39.53 ADBEx60@39.53 
Value: 11912.50
Sales: ABCDx60@39.53 ABACx60@39.53 ACCOx60@39.53 ACADx60@39.53 ADBEx60@39.53 
Purchases: ABCDx60@39.53 ABACx60@39.53 ACCOx60@39.53 ACADx60@39.53 ADBEx60@39.53 

2012-05-13
Cash: 53.12
Held: ABCDx60@38.88 ABACx60@38.88 ACCOx60@38.88 ACADx60@38.88 ADBEx60@38.88 
Value: 11715.62
Sales: ABCDx60@38.88 ABACx60@38.88 ACCOx60@38.88 ACADx60@38.88 ADBEx60@38.88 
Purchases: ABCDx60@38.88 ABACx60@38.88 ACCOx60@38.88 ACADx60@38.88 ADBEx60@38.88 

2012-05-14
Cash: 53.12
Held: ABCDx60@40.91 ABACx60@40.91 ACCOx60@40.91 ACADx60@40.91 ADBEx60@40.91 
Value: 12325.00
Sales: ABCDx60@40.91 ABACx60@40.91 ACCOx60@40.91 ACADx60@40.91 ADBEx60@40.91 
Purchases: ABCDx60@40.91 ABACx60@40.91 ACCOx60@40.91 ACADx60@40.91 ADBEx60@40.91 

2012-05-15
Cash: 53.12
Held: ABCDx60@40.66 ABACx60@40.66 ACCOx60@40.66 ACADx60@40.66 ADBEx60@40.66 
Value: 12250.00
Sales: ABCDx60@40.66 ABACx60@40.66 ACCOx60@40.66 ACADx60@40.66 ADBEx60@40.66 
Purchases: ABCDx60@40.66 ABACx60@40.66 ACCOx60@40.66 ACADx60@40.66 ADBEx60@40.66 

2012-05-16
Cash: 53.12
Held: ABCDx60@41.91 ABACx60@41.91 ACCOx60@41.91 ACADx60@41.91 ADBEx60@41.91 
Value: 12625.00
Sales: ABCDx60@41.91 ABACx60@41.91 ACCOx60@41.91 ACADx60@41.91 ADBEx60@41.91 
Purchases: ABCDx60@41.91 ABACx60@41.91 ACCOx60@41.91 ACADx60@41.91 ADBEx60@41.91 

2012-05-17
Cash: 53.12
Held: ABCDx60@40.00 ABACx60@40.00 ACCOx60@40.00 ACADx60@40.00 ADBEx60@40.00 
Value: 12053.12
Sales: ABCDx60@40.00 ABACx60@40.00 ACCOx60@40.00 ACADx60@40.00 ADBEx60@40.00 
Purchases: ABCDx60@40.00 ABACx60@40.00 ACCOx60@40.00 ACADx60@40.00 ADBEx60@40.00 

2012-05-20
Cash: 53.12
Held: ABCDx60@38.84 ABACx60@38.84 ACCOx60@38.84 ACADx60@38.84 ADBEx60@38.84 
Value: 11706.25
Sales: ABCDx60@38.84 ABACx60@38.84 ACCOx60@38.84 ACADx60@38.84 ADBEx60@38.84 
Purchases: ABCDx60@38.84 ABACx60@38.84 ACCOx60@38.84 ACADx60@38.84 ADBEx60@38.84 

2012-05-21
Cash: 53.12
Held: ABCDx60@40.06 ABACx60@40.06 ACCOx60@40.06 ACADx60@40.06 ADBEx60@40.06 
Value: 12071.88
Sales: ABCDx60@40.06 ABACx60@40.06 ACCOx60@40.06 ACADx60@40.06 ADBEx60@40.06 
Purchases: ABCDx60@40.06 ABACx60@40.06 ACCOx60@40.06 ACADx60@40.06 ADBEx60@40.06 

2012-05-22
Cash: 53.12
Held: ABCDx60@40.03 ABACx60@40.03 ACCOx60@40.03 ACADx60@40.03 ADBEx60@40.03 
Value: 12062.50
Sales: ABCDx60@40.03 ABACx60@40.03 ACCOx60@40.03 ACADx60@40.03 ADBEx60@40.03 
Purchases: ABCDx60@40.03 ABACx60@40.03 ACCOx60@40.03 ACADx60@40.03 ADBEx60@40.03 

2012-05-23
Cash: 53.12
Held: ABCDx60@40.84 ABACx60@40.84 ACCOx60@40.84 ACADx60@40.84 ADBEx60@40.84 
Value: 12306.25
Sales: ABCDx60@40.84 ABACx60@40.84 ACCOx60@40.84 ACADx60@40.84 ADBEx60@40.84 
Purchases: ABCDx60@40.84 ABACx60@40.84 ACCOx60@40.84 ACADx60@40.84 ADBEx60@40.84 

2012-05-24
Cash: 53.12
Held: ABCDx60@41.03 ABACx60@41.03 ACCOx60@41.03 ACADx60@41.03 ADBEx60@41.03 
Value: 12362.50
Sales: ABCDx60@41.03 ABACx60@41.03 ACCOx60@41.03 ACADx60@41.03 ADBEx60@41.03 
Purchases: ABCDx60@41.03 ABACx60@41.03 ACCOx60@41.03 ACADx60@41.03 ADBEx60@41.03 

2012-05-28
Cash: 53.12
Held: ABCDx60@41.47 ABACx60@41.47 ACCOx60@41.47 ACADx60@41.47 ADBEx60@41.47 
Value: 12493.75
Sales: ABCDx60@41.47 ABACx60@41.47 ACCOx60@41.47 ACADx60@41.47 ADBEx60@41.47 
Purchases: ABCDx60@41.47 ABACx60@41.47 ACCOx60@41.47 ACADx60@41.47 ADBEx60@41.47 

2012-05-29
Cash: 53.12
Held: ABCDx60@41.62 ABACx60@41.62 ACCOx60@41.62 ACADx60@41.62 ADBEx60@41.62 
Value: 12540.62
Sales: ABCDx60@41.62 ABACx60@41.62 ACCOx60@41.62 ACADx60@41.62 ADBEx60@41.62 
Purchases: ABCDx60@41.62 ABACx60@41.62 ACCOx60@41.62 ACADx60@41.62 ADBEx60@41.62 

2012-05-30
Cash: 53.12
Held: ABCDx60@41.47 ABACx60@41.47 ACCOx60@41.47 ACADx60@41.47 ADBEx60@41.47 
Value: 12493.75
Sales: ABCDx60@41.47 ABACx60@41.47 ACCOx60@41.47 ACADx60@41.47 ADBEx60@41.47 
Purchases: ABCDx60@41.47 ABACx60@41.47 ACCOx60@41.47 ACADx60@41.47 ADBEx60@41.47 

2012-05-31
Cash: 53.12
Held: ABCDx60@39.19 ABACx60@39.19 ACCOx60@39.19 ACADx60@39.19 ADBEx60@39.19 
Value: 11809.38
Sales: ABCDx60@39.19 ABACx60@39.19 ACCOx60@39.19 ACADx60@39.19 ADBEx60@39.19 
Purchases: ABCDx60@39.19 ABACx60@39.19 ACCOx60@39.19 ACADx60@39.19 ADBEx60@39.19 

2012-06-03
Cash: 53.12
Held: ABCDx60@38.34 ABACx60@38.34 ACCOx60@38.34 ACADx60@38.34 ADBEx60@38.34 
Value: 11556.25
Sales: ABCDx60@38.34 ABACx60@38.34 ACCOx60@38.34 ACADx60@38.34 ADBEx60@38.34 
Purchases: ABCDx60@38.34 ABACx60@38.34 ACCOx60@38.34 ACADx60@38.34 ADBEx60@38.34 

2012-06-04
Cash: 53.12
Held: ABCDx60@37.62 ABACx60@37.62 ACCOx60@37.62 ACADx60@37.62 ADBEx60@37.62 
Value: 11340.62
Sales: ABCDx60@37.62 ABACx60@37.62 ACCOx60@37.62 ACADx60@37.62 ADBEx60@37.62 
Purchases: ABCDx60@37.62 ABACx60@37.62 ACCOx60@37.62 ACADx60@37.62 ADBEx60@37.62 

2012-06-05
Cash: 53.12
Held: ABCDx60@38.72 ABACx60@38.72 ACCOx60@38.72 ACADx60@38.72 ADBEx60@38.72 
Value: 11668.75
Sales: ABCDx60@38.72 ABACx60@38.72 ACCOx60@38.72 ACADx60@38.72 ADBEx60@38.72 
Purchases: ABCDx60@38.72 ABACx60@38.72 ACCOx60@38.72 ACADx60@38.72 ADBEx60@38.72 

2012-06-06
Cash: 53.12
Held: ABCDx60@40.56 ABACx60@40.56 ACCOx60@40.56 ACADx60@40.56 ADBEx60@40.56 
Value: 12221.88
Sales: ABCDx60@40.56 ABACx60@40.56 ACCOx60@40.56 ACADx60@40.56 ADBEx60@40.56 
Purchases: ABCDx60@40.56 ABACx60@40.56 ACCOx60@40.56 ACADx60@40.56 ADBEx60@40.56 

2012-06-07
Cash: 53.12
Held: ABCDx60@39.62 ABACx60@39.62 ACCOx60@39.62 ACADx60@39.62 ADBEx60@39.62 
Value: 11940.62
Sales: ABCDx60@39.62 ABACx60@39.62 ACCOx60@39.62 ACADx60@39.62 ADBEx60@39.62 
Purchases: ABCDx60@39.62 ABACx60@39.62 ACCOx60@39.62 ACADx60@39.62 ADBEx60@39.62 

2012-06-10
Cash: 53.12
Held: ABCDx60@40.06 ABACx60@40.06 ACCOx60@40.06 ACADx60@40.06 ADBEx60@40.06 
Value: 12071.88
Sales: ABCDx60@40.06 ABACx60@40.06 ACCOx60@40.06 ACADx60@40.06 ADBEx60@40.06 
Purchases: ABCDx60@40.06 ABACx60@40.06 ACCOx60@40.06 ACADx60@40.06 ADBEx60@40.06 

2012-06-11
Cash: 53.12
Held: ABCDx60@38.94 ABACx60@38.94 ACCOx60@38.94 ACADx60@38.94 ADBEx60@38.94 
Value: 11734.38
Sales: ABCDx60@38.94 ABACx60@38.94 ACCOx60@38.94 ACADx60@38.94 ADBEx60@38.94 
Purchases: ABCDx60@38.94 ABACx60@38.94 ACCOx60@38.94 ACADx60@38.94 ADBEx60@38.94 

2012-06-12
Cash: 53.12
Held: ABCDx60@39.19 ABACx60@39.19 ACCOx60@39.19 ACADx60@39.19 ADBEx60@39.19 
Value: 11809.38
Sales: ABCDx60@39.19 ABACx60@39.19 ACCOx60@39.19 ACADx60@39.19 ADBEx60@39.19 
Purchases: ABCDx60@39.19 ABACx60@39.19 ACCOx60@39.19 ACADx60@39.19 ADBEx60@39.19 

2012-06-13
Cash: 53.12
Held: ABCDx60@39.09 ABACx60@39.09 ACCOx60@39.09 ACADx60@39.09 ADBEx60@39.09 
Value: 11781.25
Sales: ABCDx60@39.09 ABACx60@39.09 ACCOx60@39.09 ACADx60@39.09 ADBEx60@39.09 
Purchases: ABCDx60@39.09 ABACx60@39.09 ACCOx60@39.09 ACADx60@39.09 ADBEx60@39.09 

2012-06-14
Cash: 53.12
Held: ABCDx60@39.66 ABACx60@39.66 ACCOx60@39.66 ACADx60@39.66 ADBEx60@39.66 
Value: 11950.00
Sales: ABCDx60@39.66 ABACx60@39.66 ACCOx60@39.66 ACADx60@39.66 ADBEx60@39.66 
Purchases: ABCDx60@39.66 ABACx60@39.66 ACCOx60@39.66 ACADx60@39.66 ADBEx60@39.66 

2012-06-17
Cash: 53.12
Held: ABCDx60@39.84 ABACx60@39.84 ACCOx60@39.84 ACADx60@39.84 ADBEx60@39.84 
Value: 12006.25
Sales: ABCDx60@39.84 ABACx60@39.84 ACCOx60@39.84 ACADx60@39.84 ADBEx60@39.84 
Purchases: ABCDx60@39.84 ABACx60@39.84 ACCOx60@39.84 ACADx60@39.84 ADBEx60@39.84 

2012-06-18
Cash: 53.12
Held: ABCDx60@40.47 ABACx60@40.47 ACCOx60@40.47 ACADx60@40.47 ADBEx60@40.47 
Value: 12193.75
Sales: ABCDx60@40.47 ABACx60@40.47 ACCOx60@40.47 ACADx60@40.47 ADBEx60@40.47 
Purchases: ABCDx60@40.47 ABACx60@40.47 ACCOx60@40.47 ACADx60@40.47 ADBEx60@40.47 

2012-06-19
Cash: 53.12
Held: ABCDx60@41.19 ABACx60@41.19 ACCOx60@41.19 ACADx60@41.19 ADBEx60@41.19 
Value: 12409.38
Sales: ABCDx60@41.19 ABACx60@41.19 ACCOx60@41.19 ACADx60@41.19 ADBEx60@41.19 
Purchases: ABCDx60@41.19 ABACx60@41.19 ACCOx60@41.19 ACADx60@41.19 ADBEx60@41.19 

2012-06-20
Cash: 53.12
Held: ABCDx60@40.69 ABACx60@40.69 ACCOx60@40.69 ACADx60@40.69 ADBEx60@40.69 
Value: 12259.38
Sales: ABCDx60@40.69 ABACx60@40.69 ACCOx60@40.69 ACADx60@40.69 ADBEx60@40.69 
Purchases: ABCDx60@40.69 ABACx60@40.69 ACCOx60@40.69 ACADx60@40.69 ADBEx60@40.69 

2012-06-21
Cash: 53.12
Held: ABCDx60@39.47 ABACx60@39.47 ACCOx60@39.47 ACADx60@39.47 ADBEx60@39.47 
Value: 11893.75
Sales: ABCDx60@39.47 ABACx60@39.47 ACCOx60@39.47 ACADx60@39.47 ADBEx60@39.47 
Purchases: ABCDx60@39.47 ABACx60@39.47 ACCOx60@39.47 ACADx60@39.47 ADBEx60@39.47 

2012-06-24
Cash: 53.12
Held: ABCDx60@38.44 ABACx60@38.44 ACCOx60@38.44 ACADx60@38.44 ADBEx60@38.44 
Value: 11584.38
Sales: ABCDx60@38.44 ABACx60@38.44 ACCOx60@38.44 ACADx60@38.44 ADBEx60@38.44 
Purchases: ABCDx60@38.44 ABACx60@38.44 ACCOx60@38.44 ACADx60@38.44 ADBEx60@38.44 

2012-06-25
Cash: 53.12
Held: ABCDx60@38.00 ABACx60@38.00 ACCOx60@38.00 ACADx60@38.00 ADBEx60@38.00 
Value: 11453.12
Sales: ABCDx60@38.00 ABACx60@38.00 ACCOx60@38.00 ACADx60@38.00 ADBEx60@38.00 
Purchases: ABCDx60@38.00 ABACx60@38.00 ACCOx60@38.00 ACADx60@38.00 ADBEx60@38.00 

2012-06-26
Cash: 53.12
Held: ABCDx60@38.44 ABACx60@38.44 ACCOx60@38.44 ACADx60@38.44 ADBEx60@38.44 
Value: 11584.38
Sales: ABCDx60@38.44 ABACx60@38.44 ACCOx60@38.44 ACADx60@38.44 ADBEx60@38.44 
Purchases: ABCDx60@38.44 ABACx60@38.44 ACCOx60@38.44 ACADx60@38.44 ADBEx60@38.44 

2012-06-27
Cash: 53.12
Held: ABCDx60@38.06 ABACx60@38.06 ACCOx60@38.06 ACADx60@38.06 ADBEx60@38.06 
Value: 11471.88
Sales: ABCDx60@38.06 ABACx60@38.06 ACCOx60@38.06 ACADx60@38.06 ADBEx60@38.06 
Purchases: ABCDx60@38.06 ABACx60@38.06 ACCOx60@38.06 ACADx60@38.06 ADBEx60@38.06 

2012-06-28
Cash: 53.12
Held: ABCDx60@38.34 ABACx60@38.34 ACCOx60@38.34 ACADx60@38.34 ADBEx60@38.34 
Value: 11556.25
Sales: ABCDx60@38.34 ABACx60@38.34 ACCOx60@38.34 ACADx60@38.34 ADBEx60@38.34 
Purchases: ABCDx60@38.34 ABACx60@38.34 ACCOx60@38.34 ACADx60@38.34 ADBEx60@38.34 

2012-07-01
Cash: 53.12
Held: ABCDx60@39.53 ABACx60@39.53 ACCOx60@39.53 ACADx60@39.53 ADBEx60@39.53 
Value: 11912.50
Sales: ABCDx60@39.53 ABACx60@39.53 ACCOx60@39.53 ACADx60@39.53 ADBEx60@39.53 
Purchases: ABCDx60@39.53 ABACx60@39.53 ACCOx60@39.53 ACADx60@39.53 ADBEx60@39.53 

2012-07-02
Cash: 53.12
Held: ABCDx60@38.81 ABACx60@38.81 ACCOx60@38.81 ACADx60@38.81 ADBEx60@38.81 
Value: 11696.88
Sales: ABCDx60@38.81 ABACx60@38.81 ACCOx60@38.81 ACADx60@38.81 ADBEx60@38.81 
Purchases: ABCDx60@38.81 ABACx60@38.81 ACCOx60@38.81 ACADx60@38.81 ADBEx60@38.81 

2012-07-04
Cash: 53.12
Held: ABCDx60@39.25 ABACx60@39.25 ACCOx60@39.25 ACADx60@39.25 ADBEx60@39.25 
Value: 11828.12
Sales: ABCDx60@39.25 ABACx60@39.25 ACCOx60@39.25 ACADx60@39.25 ADBEx60@39.25 
Purchases: ABCDx60@39.25 ABACx60@39.25 ACCOx60@39.25 ACADx60@39.25 ADBEx60@39.25 

2012-07-05
Cash: 53.12
Held: ABCDx60@38.81 ABACx60@38.81 ACCOx60@38.81 ACADx60@38.81 ADBEx60@38.81 
Value: 11696.88
Sales: ABCDx60@38.81 ABACx60@38.81 ACCOx60@38.81 ACADx60@38.81 ADBEx60@38.81 
Purchases: ABCDx60@38.81 ABACx60@38.81 ACCOx60@38.81 ACADx60@38.81 ADBEx60@38.81 

2012-07-08
Cash: 53.12
Held: ABCDx60@37.94 ABACx60@37.94 ACCOx60@37.94 ACADx60@37.94 ADBEx60@37.94 
Value: 11434.38
Sales: ABCDx60@37.94 ABACx60@37.94 ACCOx60@37.94 ACADx60@37.94 ADBEx60@37.94 
Purchases: ABCDx60@37.94 ABACx60@37.94 ACCOx60@37.94 ACADx60@37.94 ADBEx60@37.94 

2012-07-09
Cash: 53.12
Held: ABCDx60@38.16 ABACx60@38.16 ACCOx60@38.16 ACADx60@38.16 ADBEx60@38.16 
Value: 11500.00
Sales: ABCDx60@38.16 ABACx60@38.16 ACCOx60@38.16 ACADx60@38.16 ADBEx60@38.16 
Purchases: ABCDx60@38.16 ABACx60@38.16 ACCOx60@38.16 ACADx60@38.16 ADBEx60@38.16 

2012-07-10
Cash: 53.12
Held: ABCDx60@37.44 ABACx60@37.44 ACCOx60@37.44 ACADx60@37.44 ADBEx60@37.44 
Value: 11284.38
Sales: ABCDx60@37.44 ABACx60@37.44 ACCOx60@37.44 ACADx60@37.44 ADBEx60@37.44 
Purchases: ABCDx60@37.44 ABACx60@37.44 ACCOx60@37.44 ACADx60@37.44 ADBEx60@37.44 

2012-07-11
Cash: 53.12
Held: ABCDx60@36.88 ABACx60@36.88 ACCOx60@36.88 ACADx60@36.88 ADBEx60@36.88 
Value: 11115.62
Sales: ABCDx60@36.88 ABACx60@36.88 ACCOx60@36.88 ACADx60@36.88 ADBEx60@36.88 
Purchases: ABCDx60@36.88 ABACx60@36.88 ACCOx60@36.88 ACADx60@36.88 ADBEx60@36.88 

2012-07-12
Cash: 53.12
Held: ABCDx60@36.56 ABACx60@36.56 ACCOx60@36.56 ACADx60@36.56 ADBEx60@36.56 
Value: 11021.88
Sales: ABCDx60@36.56 ABACx60@36.56 ACCOx60@36.56 ACADx60@36.56 ADBEx60@36.56 
Purchases: ABCDx60@36.56 ABACx60@36.56 ACCOx60@36.56 ACADx60@36.56 ADBEx60@36.56 

2012-07-15
Cash: 53.12
Held: ABCDx60@36.81 ABACx60@36.81 ACCOx60@36.81 ACADx60@36.81 ADBEx60@36.81 
Value: 11096.88
Sales: ABCDx60@36.81 ABACx60@36.81 ACCOx60@36.81 ACADx60@36.81 ADBEx60@36.81 
Purchases: ABCDx60@36.81 ABACx60@36.81 ACCOx60@36.81 ACADx60@36.81 ADBEx60@36.81 

2012-07-16
Cash: 53.12
Held: ABCDx60@36.88 ABACx60@36.88 ACCOx60@36.88 ACADx60@36.88 ADBEx60@36.88 
Value: 11115.62
Sales: ABCDx60@36.88 ABACx60@36.88 ACCOx60@36.88 ACADx60@36.88 ADBEx60@36.88 
Purchases: ABCDx60@36.88 ABACx60@36.88 ACCOx60@36.88 ACADx60@36.88 ADBEx60@36.88 

2012-07-17
Cash: 53.12
Held: ABCDx60@37.12 ABACx60@37.12 ACCOx60@37.12 ACADx60@37.12 ADBEx60@37.12 
Value: 11190.62
Sales: ABCDx60@37.12 ABACx60@37.12 ACCOx60@37.12 ACADx60@37.12 ADBEx60@37.12 
Purchases: ABCDx60@37.12 ABACx60@37.12 ACCOx60@37.12 ACADx60@37.12 ADBEx60@37.12 

2012-07-18
Cash: 53.12
Held: ABCDx60@38.16 ABACx60@38.16 ACCOx60@38.16 ACADx60@38.16 ADBEx60@38.16 
Value: 11500.00
Sales: ABCDx60@38.16 ABACx60@38.16 ACCOx60@38.16 ACADx60@38.16 ADBEx60@38.16 
Purchases: ABCDx60@38.16 ABACx60@38.16 ACCOx60@38.16 ACADx60@38.16 ADBEx60@38.16 

2012-07-19
Cash: 53.12
Held: ABCDx60@38.22 ABACx60@38.22 ACCOx60@38.22 ACADx60@38.22 ADBEx60@38.22 
Value: 11518.75
Sales: ABCDx60@38.22 ABACx60@38.22 ACCOx60@38.22 ACADx60@38.22 ADBEx60@38.22 
Purchases: ABCDx60@38.22 ABACx60@38.22 ACCOx60@38.22 ACADx60@38.22 ADBEx60@38.22 

2012-07-22
Cash: 53.12
Held: ABCDx60@36.81 ABACx60@36.81 ACCOx60@36.81 ACADx60@36.81 ADBEx60@36.81 
Value: 11096.88
Sales: ABCDx60@36.81 ABACx60@36.81 ACCOx60@36.81 ACADx60@36.81 ADBEx60@36.81 
Purchases: ABCDx60@36.81 ABACx60@36.81 ACCOx60@36.81 ACADx60@36.81 ADBEx60@36.81 

2012-07-23
Cash: 53.12
Held: ABCDx60@36.59 ABACx60@36.59 ACCOx60@36.59 ACADx60@36.59 ADBEx60@36.59 
Value: 11031.25
Sales: ABCDx60@36.59 ABACx60@36.59 ACCOx60@36.59 ACADx60@36.59 ADBEx60@36.59 
Purchases: ABCDx60@36.59 ABACx60@36.59 ACCOx60@36.59 ACADx60@36.59 ADBEx60@36.59 

2012-07-24
Cash: 53.12
Held: ABCDx60@35.91 ABACx60@35.91 ACCOx60@35.91 ACADx60@35.91 ADBEx60@35.91 
Value: 10825.00
Sales: ABCDx60@35.91 ABACx60@35.91 ACCOx60@35.91 ACADx60@35.91 ADBEx60@35.91 
Purchases: ABCDx60@35.91 ABACx60@35.91 ACCOx60@35.91 ACADx60@35.91 ADBEx60@35.91 

2012-07-25
Cash: 53.12
Held: ABCDx60@36.94 ABACx60@36.94 ACCOx60@36.94 ACADx60@36.94 ADBEx60@36.94 
Value: 11134.38
Sales: ABCDx60@36.94 ABACx60@36.94 ACCOx60@36.94 ACADx60@36.94 ADBEx60@36.94 
Purchases: ABCDx60@36.94 ABACx60@36.94 ACCOx60@36.94 ACADx60@36.94 ADBEx60@36.94 

2012-07-26
Cash: 53.12
Held: ABCDx60@36.84 ABACx60@36.84 ACCOx60@36.84 ACADx60@36.84 ADBEx60@36.84 
Value: 11106.25
Sales: ABCDx60@36.84 ABACx60@36.84 ACCOx60@36.84 ACADx60@36.84 ADBEx60@36.84 
Purchases: ABCDx60@36.84 ABACx60@36.84 ACCOx60@36.84 ACADx60@36.84 ADBEx60@36.84 

2012-07-29
Cash: 53.12
Held: ABCDx60@37.91 ABACx60@37.91 ACCOx60@37.91 ACADx60@37.91 ADBEx60@37.91 
Value: 11425.00
Sales: ABCDx60@37.91 ABACx60@37.91 ACCOx60@37.91 ACADx60@37.91 ADBEx60@37.91 
Purchases: ABCDx60@37.91 ABACx60@37.91 ACCOx60@37.91 ACADx60@37.91 ADBEx60@37.91 

2012-07-30
Cash: 53.12
Held: ABCDx60@38.03 ABACx60@38.03 ACCOx60@38.03 ACADx60@38.03 ADBEx60@38.03 
Value: 11462.50
Sales: ABCDx60@38.03 ABACx60@38.03 ACCOx60@38.03 ACADx60@38.03 ADBEx60@38.03 
Purchases: ABCDx60@38.03 ABACx60@38.03 ACCOx60@38.03 ACADx60@38.03 ADBEx60@38.03 

2012-07-31
Cash: 53.12
Held: ABCDx60@38.72 ABACx60@38.72 ACCOx60@38.72 ACADx60@38.72 ADBEx60@38.72 
Value: 11668.75
Sales: ABCDx60@38.72 ABACx60@38.72 ACCOx60@38.72 ACADx60@38.72 ADBEx60@38.72 
Purchases: ABCDx60@38.72 ABACx60@38.72 ACCOx60@38.72 ACADx60@38.72 ADBEx60@38.72 

2012-08-01
Cash: 53.12
Held: ABCDx60@37.91 ABACx60@37.91 ACCOx60@37.91 ACADx60@37.91 ADBEx60@37.91 
Value: 11425.00
Sales: ABCDx60@37.91 ABACx60@37.91 ACCOx60@37.91 ACADx60@37.91 ADBEx60@37.91 
Purchases: ABCDx60@37.91 ABACx60@37.91 ACCOx60@37.91 ACADx60@37.91 ADBEx60@37.91 

2012-08-02
Cash: 53.12
Held: ABCDx60@38.53 ABACx60@38.53 ACCOx60@38.53 ACADx60@38.53 ADBEx60@38.53 
Value: 11612.50
Sales: ABCDx60@38.53 ABACx60@38.53 ACCOx60@38.53 ACADx60@38.53 ADBEx60@38.53 
Purchases: ABCDx60@38.53 ABACx60@38.53 ACCOx60@38.53 ACADx60@38.53 ADBEx60@38.53 

2012-08-05
Cash: 53.12
Held: ABCDx60@39.72 ABACx60@39.72 ACCOx60@39.72 ACADx60@39.72 ADBEx60@39.72 
Value: 11968.75
Sales: ABCDx60@39.72 ABACx60@39.72 ACCOx60@39.72 ACADx60@39.72 ADBEx60@39.72 
Purchases: ABCDx60@39.72 ABACx60@39.72 ACCOx60@39.72 ACADx60@39.72 ADBEx60@39.72 

2012-08-06
Cash: 53.12
Held: ABCDx60@39.34 ABACx60@39.34 ACCOx60@39.34 ACADx60@39.34 ADBEx60@39.34 
Value: 11856.25
Sales: ABCDx60@39.34 ABACx60@39.34 ACCOx60@39.34 ACADx60@39.34 ADBEx60@39.34 
Purchases: ABCDx60@39.34 ABACx60@39.34 ACCOx60@39.34 ACADx60@39.34 ADBEx60@39.34 

2012-08-07
Cash: 53.12
Held: ABCDx60@40.28 ABACx60@40.28 ACCOx60@40.28 ACADx60@40.28 ADBEx60@40.28 
Value: 12137.50
Sales: ABCDx60@40.28 ABACx60@40.28 ACCOx60@40.28 ACADx60@40.28 ADBEx60@40.28 
Purchases: ABCDx60@40.28 ABACx60@40.28 ACCOx60@40.28 ACADx60@40.28 ADBEx60@40.28 

2012-08-08
Cash: 53.12
Held: ABCDx60@40.56 ABACx60@40.56 ACCOx60@40.56 ACADx60@40.56 ADBEx60@40.56 
Value: 12221.88
Sales: ABCDx60@40.56 ABACx60@40.56 ACCOx60@40.56 ACADx60@40.56 ADBEx60@40.56 
Purchases: ABCDx60@40.56 ABACx60@40.56 ACCOx60@40.56 ACADx60@40.56 ADBEx60@40.56 

2012-08-09
Cash: 53.12
Held: ABCDx60@40.44 ABACx60@40.44 ACCOx60@40.44 ACADx60@40.44 ADBEx60@40.44 
Value: 12184.38
Sales: ABCDx60@40.44 ABACx60@40.44 ACCOx60@40.44 ACADx60@40.44 ADBEx60@40.44 
Purchases: ABCDx60@40.44 ABACx60@40.44 ACCOx60@40.44 ACADx60@40.44 ADBEx60@40.44 

2012-08-12
Cash: 53.12
Held: ABCDx60@40.28 ABACx60@40.28 ACCOx60@40.28 ACADx60@40.28 ADBEx60@40.28 
Value: 12137.50
Sales: ABCDx60@40.28 ABACx60@40.28 ACCOx60@40.28 ACADx60@40.28 ADBEx60@40.28 
Purchases: ABCDx60@40.28 ABACx60@40.28 ACCOx60@40.28 ACADx60@40.28 ADBEx60@40.28 

2012-08-13
Cash: 53.12
Held: ABCDx60@40.62 ABACx60@40.62 ACCOx60@40.62 ACADx60@40.62 ADBEx60@40.62 
Value: 12240.62
Sales: ABCDx60@40.62 ABACx60@40.62 ACCOx60@40.62 ACADx60@40.62 ADBEx60@40.62 
Purchases: ABCDx60@40.62 ABACx60@40.62 ACCOx60@40.62 ACADx60@40.62 ADBEx60@40.62 

2012-08-14
Cash: 53.12
Held: ABCDx60@40.34 ABACx60@40.34 ACCOx60@40.34 ACADx60@40.34 ADBEx60@40.34 
Value: 12156.25
Sales: ABCDx60@40.34 ABACx60@40.34 ACCOx60@40.34 ACADx60@40.34 ADBEx60@40.34 
Purchases: ABCDx60@40.34 ABACx60@40.34 ACCOx60@40.34 ACADx60@40.34 ADBEx60@40.34 

2012-08-15
Cash: 53.12
Held: ABCDx60@37.50 ABACx60@37.50 ACCOx60@37.50 ACADx60@37.50 ADBEx60@37.50 
Value: 11303.12
Sales: ABCDx60@37.50 ABACx60@37.50 ACCOx60@37.50 ACADx60@37.50 ADBEx60@37.50 
Purchases: ABCDx60@37.50 ABACx60@37.50 ACCOx60@37.50 ACADx60@37.50 ADBEx60@37.50 

2012-08-16
Cash: 53.12
Held: ABCDx60@37.22 ABACx60@37.22 ACCOx60@37.22 ACADx60@37.22 ADBEx60@37.22 
Value: 11218.75
Sales: ABCDx60@37.22 ABACx60@37.22 ACCOx60@37.22 ACADx60@37.22 ADBEx60@37.22 
Purchases: ABCDx60@37.22 ABACx60@37.22 ACCOx60@37.22 ACADx60@37.22 ADBEx60@37.22 

2012-08-19
Cash: 53.12
Held: ABCDx60@37.03 ABACx60@37.03 ACCOx60@37.03 ACADx60@37.03 ADBEx60@37.03 
Value: 11162.50
Sales: ABCDx60@37.03 ABACx60@37.03 ACCOx60@37.03 ACADx60@37.03 ADBEx60@37.03 
Purchases: ABCDx60@37.03 ABACx60@37.03 ACCOx60@37.03 ACADx60@37.03 ADBEx60@37.03 

2012-08-20
Cash: 53.12
Held: ABCDx60@36.91 ABACx60@36.91 ACCOx60@36.91 ACADx60@36.91 ADBEx60@36.91 
Value: 11125.00
Sales: ABCDx60@36.91 ABACx60@36.91 ACCOx60@36.91 ACADx60@36.91 ADBEx60@36.91 
Purchases: ABCDx60@36.91 ABACx60@36.91 ACCOx60@36.91 ACADx60@36.91 ADBEx60@36.91 

2012-08-21
Cash: 53.12
Held: ABCDx60@37.06 ABACx60@37.06 ACCOx60@37.06 ACADx60@37.06 ADBEx60@37.06 
Value: 11171.88
Sales: ABCDx60@37.06 ABACx60@37.06 ACCOx60@37.06 ACADx60@37.06 ADBEx60@37.06 
Purchases: ABCDx60@37.06 ABACx60@37.06 ACCOx60@37.06 ACADx60@37.06 ADBEx60@37.06 

2012-08-22
Cash: 53.12
Held: ABCDx60@37.22 ABACx60@37.22 ACCOx60@37.22 ACADx60@37.22 ADBEx60@37.22 
Value: 11218.75
Sales: ABCDx60@37.22 ABACx60@37.22 ACCOx60@37.22 ACADx60@37.22 ADBEx60@37.22 
Purchases: ABCDx60@37.22 ABACx60@37.22 ACCOx60@37.22 ACADx60@37.22 ADBEx60@37.22 

2012-08-23
Cash: 53.12
Held: ABCDx60@37.25 ABACx60@37.25 ACCOx60@37.25 ACADx60@37.25 ADBEx60@37.25 
Value: 11228.12
Sales: ABCDx60@37.25 ABACx60@37.25 ACCOx60@37.25 ACADx60@37.25 ADBEx60@37.25 
Purchases: ABCDx60@37.25 ABACx60@37.25 ACCOx60@37.25 ACADx60@37.25 ADBEx60@37.25 

2012-08-26
Cash: 53.12
Held: ABCDx60@37.81 ABACx60@37.81 ACCOx60@37.81 ACADx60@37.81 ADBEx60@37.81 
Value: 11396.88
Sales: ABCDx60@37.81 ABACx60@37.81 ACCOx60@37.81 ACADx60@37.81 ADBEx60@37.81 
Purchases: ABCDx60@37.81 ABACx60@37.81 ACCOx60@37.81 ACADx60@37.81 ADBEx60@37.81 

2012-08-27
Cash: 53.12
Held: ABCDx60@37.38 ABACx60@37.38 ACCOx60@37.38 ACADx60@37.38 ADBEx60@37.38 
Value: 11265.62
Sales: ABCDx60@37.38 ABACx60@37.38 ACCOx60@37.38 ACADx60@37.38 ADBEx60@37.38 
Purchases: ABCDx60@37.38 ABACx60@37.38 ACCOx60@37.38 ACADx60@37.38 ADBEx60@37.38 

2012-08-28
Cash: 53.12
Held: ABCDx60@37.06 ABACx60@37.06 ACCOx60@37.06 ACADx60@37.06 ADBEx60@37.06 
Value: 11171.88
Sales: ABCDx60@37.06 ABACx60@37.06 ACCOx60@37.06 ACADx60@37.06 ADBEx60@37.06 
Purchases: ABCDx60@37.06 ABACx60@37.06 ACCOx60@37.06 ACADx60@37.06 ADBEx60@37.06 

2012-08-29
Cash: 53.12
Held: ABCDx60@36.97 ABACx60@36.97 ACCOx60@36.97 ACADx60@36.97 ADBEx60@36.97 
Value: 11143.75
Sales: ABCDx60@36.97 ABACx60@36.97 ACCOx60@36.97 ACADx60@36.97 ADBEx60@36.97 
Purchases: ABCDx60@36.97 ABACx60@36.97 ACCOx60@36.97 ACADx60@36.97 ADBEx60@36.97 

2012-08-30
Cash: 53.12
Held: ABCDx60@37.34 ABACx60@37.34 ACCOx60@37.34 ACADx60@37.34 ADBEx60@37.34 
Value: 11256.25
Sales: ABCDx60@37.34 ABACx60@37.34 ACCOx60@37.34 ACADx60@37.34 ADBEx60@37.34 
Purchases: ABCDx60@37.34 ABACx60@37.34 ACCOx60@37.34 ACADx60@37.34 ADBEx60@37.34 

2012-09-03
Cash: 53.12
Held: ABCDx60@36.94 ABACx60@36.94 ACCOx60@36.94 ACADx60@36.94 ADBEx60@36.94 
Value: 11134.38
Sales: ABCDx60@36.94 ABACx60@36.94 ACCOx60@36.94 ACADx60@36.94 ADBEx60@36.94 
Purchases: ABCDx60@36.94 ABACx60@36.94 ACCOx60@36.94 ACADx60@36.94 ADBEx60@36.94 

2012-09-04
Cash: 53.12
Held: ABCDx60@37.06 ABACx60@37.06 ACCOx60@37.06 ACADx60@37.06 ADBEx60@37.06 
Value: 11171.88
Sales: ABCDx60@37.06 ABACx60@37.06 ACCOx60@37.06 ACADx60@37.06 ADBEx60@37.06 
Purchases: ABCDx60@37.06 ABACx60@37.06 ACCOx60@37.06 ACADx60@37.06 ADBEx60@37.06 

2012-09-05
Cash: 53.12
Held: ABCDx60@37.12 ABACx60@37.12 ACCOx60@37.12 ACADx60@37.12 ADBEx60@37.12 
Value: 11190.62
Sales: ABCDx60@37.12 ABACx60@37.12 ACCOx60@37.12 ACADx60@37.12 ADBEx60@37.12 
Purchases: ABCDx60@37.12 ABACx60@37.12 ACCOx60@37.12 ACADx60@37.12 ADBEx60@37.12 

2012-09-06
Cash: 53.12
Held: ABCDx60@37.47 ABACx60@37.47 ACCOx60@37.47 ACADx60@37.47 ADBEx60@37.47 
Value: 11293.75
Sales: ABCDx60@37.47 ABACx60@37.47 ACCOx60@37.47 ACADx60@37.47 ADBEx60@37.47 
Purchases: ABCDx60@37.47 ABACx60@37.47 ACCOx60@37.47 ACADx60@37.47 ADBEx60@37.47 

2012-09-09
Cash: 53.12
Held: ABCDx60@38.31 ABACx60@38.31 ACCOx60@38.31 ACADx60@38.31 ADBEx60@38.31 
Value: 11546.88
Sales: ABCDx60@38.31 ABACx60@38.31 ACCOx60@38.31 ACADx60@38.31 ADBEx60@38.31 
Purchases: ABCDx60@38.31 ABACx60@38.31 ACCOx60@38.31 ACADx60@38.31 ADBEx60@38.31 

2012-09-10
Cash: 53.12
Held: ABCDx60@38.25 ABACx60@38.25 ACCOx60@38.25 ACADx60@38.25 ADBEx60@38.25 
Value: 11528.12
Sales: ABCDx60@38.25 ABACx60@38.25 ACCOx60@38.25 ACADx60@38.25 ADBEx60@38.25 
Purchases: ABCDx60@38.25 ABACx60@38.25 ACCOx60@38.25 ACADx60@38.25 ADBEx60@38.25 

2012-09-11
Cash: 53.12
Held: ABCDx60@37.91 ABACx60@37.91 ACCOx60@37.91 ACADx60@37.91 ADBEx60@37.91 
Value: 11425.00
Sales: ABCDx60@37.91 ABACx60@37.91 ACCOx60@37.91 ACADx60@37.91 ADBEx60@37.91 
Purchases: ABCDx60@37.91 ABACx60@37.91 ACCOx60@37.91 ACADx60@37.91 ADBEx60@37.91 

2012-09-12
Cash: 53.12
Held: ABCDx60@37.47 ABACx60@37.47 ACCOx60@37.47 ACADx60@37.47 ADBEx60@37.47 
Value: 11293.75
Sales: ABCDx60@37.47 ABACx60@37.47 ACCOx60@37.47 ACADx60@37.47 ADBEx60@37.47 
Purchases: ABCDx60@37.47 ABACx60@37.47 ACCOx60@37.47 ACADx60@37.47 ADBEx60@37.47 

2012-09-13
Cash: 53.12
Held: ABCDx60@38.44 ABACx60@38.44 ACCOx60@38.44 ACADx60@38.44 ADBEx60@38.44 
Value: 11584.38
Sales: ABCDx60@38.44 ABACx60@38.44 ACCOx60@38.44 ACADx60@38.44 ADBEx60@38.44 
Purchases: ABCDx60@38.44 ABACx60@38.44 ACCOx60@38.44 ACADx60@38.44 ADBEx60@38.44 

2012-09-16
Cash: 53.12
Held: ABCDx60@39.47 ABACx60@39.47 ACCOx60@39.47 ACADx60@39.47 ADBEx60@39.47 
Value: 11893.75
Sales: ABCDx60@39.47 ABACx60@39.47 ACCOx60@39.47 ACADx60@39.47 ADBEx60@39.47 
Purchases: ABCDx60@39.47 ABACx60@39.47 ACCOx60@39.47 ACADx60@39.47 ADBEx60@39.47 

2012-09-17
Cash: 53.12
Held: ABCDx60@39.56 ABACx60@39.56 ACCOx60@39.56 ACADx60@39.56 ADBEx60@39.56 
Value: 11921.88
Sales: ABCDx60@39.56 ABACx60@39.56 ACCOx60@39.56 ACADx60@39.56 ADBEx60@39.56 
Purchases: ABCDx60@39.56 ABACx60@39.56 ACCOx60@39.56 ACADx60@39.56 ADBEx60@39.56 

2012-09-18
Cash: 53.12
Held: ABCDx60@39.53 ABACx60@39.53 ACCOx60@39.53 ACADx60@39.53 ADBEx60@39.53 
Value: 11912.50
Sales: ABCDx60@39.53 ABACx60@39.53 ACCOx60@39.53 ACADx60@39.53 ADBEx60@39.53 
Purchases: ABCDx60@39.53 ABACx60@39.53 ACCOx60@39.53 ACADx60@39.53 ADBEx60@39.53 

2012-09-19
Cash: 53.12
Held: ABCDx60@39.56 ABACx60@39.56 ACCOx60@39.56 ACADx60@39.56 ADBEx60@39.56 
Value: 11921.88
Sales: ABCDx60@39.56 ABACx60@39.56 ACCOx60@39.56 ACADx60@39.56 ADBEx60@39.56 
Purchases: ABCDx60@39.56 ABACx60@39.56 ACCOx60@39.56 ACADx60@39.56 ADBEx60@39.56 

2012-09-20
Cash: 53.12
Held: ABCDx60@39.53 ABACx60@39.53 ACCOx60@39.53 ACADx60@39.53 ADBEx60@39.53 
Value: 11912.50
Sales: ABCDx60@39.53 ABACx60@39.53 ACCOx60@39.53 ACADx60@39.53 ADBEx60@39.53 
Purchases: ABCDx60@39.53 ABACx60@39.53 ACCOx60@39.53 ACADx60@39.53 ADBEx60@39.53 

2012-09-23
Cash: 53.12
Held: ABCDx60@38.88 ABACx60@38.88 ACCOx60@38.88 ACADx60@38.88 ADBEx60@38.88 
Value: 11715.62
Sales: ABCDx60@38.88 ABACx60@38.88 ACCOx60@38.88 ACADx60@38.88 ADBEx60@38.88 
Purchases: ABCDx60@38.88 ABACx60@38.88 ACCOx60@38.88 ACADx60@38.88 ADBEx60@38.88 

2012-09-24
Cash: 53.12
Held: ABCDx60@38.88 ABACx60@38.88 ACCOx60@38.88 ACADx60@38.88 ADBEx60@38.88 
Value: 11715.62
Sales: ABCDx60@38.88 ABACx60@38.88 ACCOx60@38.88 ACADx60@38.88 ADBEx60@38.88 
Purchases: ABCDx60@38.88 ABACx60@38.88 ACCOx60@38.88 ACADx60@38.88 ADBEx60@38.88 

2012-09-25
Cash: 53.12
Held: ABCDx60@38.47 ABACx60@38.47 ACCOx60@38.47 ACADx60@38.47 ADBEx60@38.47 
Value: 11593.75
Sales: ABCDx60@38.47 ABACx60@38.47 ACCOx60@38.47 ACADx60@38.47 ADBEx60@38.47 
Purchases: ABCDx60@38.47 ABACx60@38.47 ACCOx60@38.47 ACADx60@38.47 ADBEx60@38.47 

2012-09-26
Cash: 53.12
Held: ABCDx60@38.50 ABACx60@38.50 ACCOx60@38.50 ACADx60@38.50 ADBEx60@38.50 
Value: 11603.12
Sales: ABCDx60@38.50 ABACx60@38.50 ACCOx60@38.50 ACADx60@38.50 ADBEx60@38.50 
Purchases: ABCDx60@38.50 ABACx60@38.50 ACCOx60@38.50 ACADx60@38.50 ADBEx60@38.50 

2012-09-27
Cash: 53.12
Held: ABCDx60@38.47 ABACx60@38.47 ACCOx60@38.47 ACADx60@38.47 ADBEx60@38.47 
Value: 11593.75
Sales: ABCDx60@38.47 ABACx60@38.47 ACCOx60@38.47 ACADx60@38.47 ADBEx60@38.47 
Purchases: ABCDx60@38.47 ABACx60@38.47 ACCOx60@38.47 ACADx60@38.47 ADBEx60@38.47 

2012-09-30
Cash: 53.12
Held: ABCDx60@38.50 ABACx60@38.50 ACCOx60@38.50 ACADx60@38.50 ADBEx60@38.50 
Value: 11603.12
Sales: ABCDx60@38.50 ABACx60@38.50 ACCOx60@38.50 ACADx60@38.50 ADBEx60@38.50 
Purchases: ABCDx60@38.50 ABACx60@38.50 ACCOx60@38.50 ACADx60@38.50 ADBEx60@38.50 

2012-10-01
Cash: 53.12
Held: ABCDx60@39.09 ABACx60@39.09 ACCOx60@39.09 ACADx60@39.09 ADBEx60@39.09 
Value: 11781.25
Sales: ABCDx60@39.09 ABACx60@39.09 ACCOx60@39.09 ACADx60@39.09 ADBEx60@39.09 
Purchases: ABCDx60@39.09 ABACx60@39.09 ACCOx60@39.09 ACADx60@39.09 ADBEx60@39.09 

2012-10-02
Cash: 53.12
Held: ABCDx60@39.00 ABACx60@39.00 ACCOx60@39.00 ACADx60@39.00 ADBEx60@39.00 
Value: 11753.12
Sales: ABCDx60@39.00 ABACx60@39.00 ACCOx60@39.00 ACADx60@39.00 ADBEx60@39.00 
Purchases: ABCDx60@39.00 ABACx60@39.00 ACCOx60@39.00 ACADx60@39.00 ADBEx60@39.00 

2012-10-03
Cash: 53.12
Held: ABCDx60@39.22 ABACx60@39.22 ACCOx60@39.22 ACADx60@39.22 ADBEx60@39.22 
Value: 11818.75
Sales: ABCDx60@39.22 ABACx60@39.22 ACCOx60@39.22 ACADx60@39.22 ADBEx60@39.22 
Purchases: ABCDx60@39.22 ABACx60@39.22 ACCOx60@39.22 ACADx60@39.22 ADBEx60@39.22 

2012-10-04
Cash: 53.12
Held: ABCDx60@39.44 ABACx60@39.44 ACCOx60@39.44 ACADx60@39.44 ADBEx60@39.44 
Value: 11884.38
Sales: ABCDx60@39.44 ABACx60@39.44 ACCOx60@39.44 ACADx60@39.44 ADBEx60@39.44 
Purchases: ABCDx60@39.44 ABACx60@39.44 ACCOx60@39.44 ACADx60@39.44 ADBEx60@39.44 

2012-10-07
Cash: 53.12
Held: ABCDx60@38.59 ABACx60@38.59 ACCOx60@38.59 ACADx60@38.59 ADBEx60@38.59 
Value: 11631.25
Sales: ABCDx60@38.59 ABACx60@38.59 ACCOx60@38.59 ACADx60@38.59 ADBEx60@38.59 
Purchases: ABCDx60@38.59 ABACx60@38.59 ACCOx60@38.59 ACADx60@38.59 ADBEx60@38.59 

2012-10-08
Cash: 53.12
Held: ABCDx60@38.66 ABACx60@38.66 ACCOx60@38.66 ACADx60@38.66 ADBEx60@38.66 
Value: 11650.00
Sales: ABCDx60@38.66 ABACx60@38.66 ACCOx60@38.66 ACADx60@38.66 ADBEx60@38.66 
Purchases: ABCDx60@38.66 ABACx60@38.66 ACCOx60@38.66 ACADx60@38.66 ADBEx60@38.66 

2012-10-09
Cash: 53.12
Held: ABCDx60@38.19 ABACx60@38.19 ACCOx60@38.19 ACADx60@38.19 ADBEx60@38.19 
Value: 11509.38
Sales: ABCDx60@38.19 ABACx60@38.19 ACCOx60@38.19 ACADx60@38.19 ADBEx60@38.19 
Purchases: ABCDx60@38.19 ABACx60@38.19 ACCOx60@38.19 ACADx60@38.19 ADBEx60@38.19 

