2011-03-29
Cash: 10000.00
Held: 
Value: 10000.00
Sales: 
Purchases: ABCDx44@44.78 ABACx44@44.78 ACCOx44@44.78 ACADx44@44.78 ADBEx44@44.78 

2011-03-30
Cash: 148.12
Held: ABCDx44@44.91 ABACx44@44.91 ACCOx44@44.91 ACADx44@44.91 ADBEx44@44.91 
Value: 10027.50
Sales: ABCDx44@44.91 ABACx44@44.91 ACCOx44@44.91 ACADx44@44.91 ADBEx44@44.91 
Purchases: ABCDx44@44.91 ABACx44@44.91 ACCOx44@44.91 ACADx44@44.91 ADBEx44@44.91 

2011-03-31
Cash: 148.12
Held: ABCDx44@44.88 ABACx44@44.88 ACCOx44@44.88 ACADx44@44.88 ADBEx44@44.88 
Value: 10020.62
Sales: ABCDx44@44.88 ABACx44@44.88 ACCOx44@44.88 ACADx44@44.88 ADBEx44@44.88 
Purchases: ABCDx44@44.88 ABACx44@44.88 ACCOx44@44.88 ACADx44@44.88 ADBEx44@44.88 

2011-04-03
Cash: 148.12
Held: ABCDx44@45.06 ABACx44@45.06 ACCOx44@45.06 ACADx44@45.06 ADBEx44@45.06 
Value: 10061.88
Sales: ABCDx44@45.06 ABACx44@45.06 ACCOx44@45.06 ACADx44@45.06 ADBEx44@45.06 
Purchases: ABCDx44@45.06 ABACx44@45.06 ACCOx44@45.06 ACADx44@45.06 ADBEx44@45.06 

2011-04-04
Cash: 148.12
Held: ABCDx44@44.75 ABACx44@44.75 ACCOx44@44.75 ACADx44@44.75 ADBEx44@44.75 
Value: 9993.12
Sales: ABCDx44@44.75 ABACx44@44.75 ACCOx44@44.75 ACADx44@44.75 ADBEx44@44.75 
Purchases: ABCDx44@44.75 ABACx44@44.75 ACCOx44@44.75 ACADx44@44.75 ADBEx44@44.75 

2011-04-05
Cash: 148.12
Held: ABCDx44@45.50 ABACx44@45.50 ACCOx44@45.50 ACADx44@45.50 ADBEx44@45.50 
Value: 10158.12
Sales: ABCDx44@45.50 ABACx44@45.50 ACCOx44@45.50 ACADx44@45.50 ADBEx44@45.50 
Purchases: ABCDx44@45.50 ABACx44@45.50 ACCOx44@45.50 ACADx44@45.50 ADBEx44@45.50 

2011-04-06
Cash: 148.12
Held: ABCDx44@45.22 ABACx44@45.22 ACCOx44@45.22 ACADx44@45.22 ADBEx44@45.22 
Value: 10096.25
Sales: ABCDx44@45.22 ABACx44@45.22 ACCOx44@45.22 ACADx44@45.22 ADBEx44@45.22 
Purchases: ABCDx44@45.22 ABACx44@45.22 ACCOx44@45.22 ACADx44@45.22 ADBEx44@45.22 

2011-04-07
Cash: 148.12
Held: ABCDx44@45.19 ABACx44@45.19 ACCOx44@45.19 ACADx44@45.19 ADBEx44@45.19 
Value: 10089.38
Sales: ABCDx44@45.19 ABACx44@45.19 ACCOx44@45.19 ACADx44@45.19 ADBEx44@45.19 
Purchases: ABCDx44@45.19 ABACx44@45.19 ACCOx44@45.19 ACADx44@45.19 ADBEx44@45.19 

2011-04-10
Cash: 148.12
Held: ABCDx44@44.81 ABACx44@44.81 ACCOx44@44.81 ACADx44@44.81 ADBEx44@44.81 
Value: 10006.88
Sales: ABCDx44@44.81 ABACx44@44.81 ACCOx44@44.81 ACADx44@44.81 ADBEx44@44.81 
Purchases: ABCDx44@44.81 ABACx44@44.81 ACCOx44@44.81 ACADx44@44.81 ADBEx44@44.81 

2011-04-11
Cash: 148.12
Held: ABCDx44@44.75 ABACx44@44.75 ACCOx44@44.75 ACADx44@44.75 ADBEx44@44.75 
Value: 9993.12
Sales: ABCDx44@44.75 ABACx44@44.75 ACCOx44@44.75 ACADx44@44.75 ADBEx44@44.75 
Purchases: ABCDx44@44.75 ABACx44@44.75 ACCOx44@44.75 ACADx44@44.75 ADBEx44@44.75 

2011-04-12
Cash: 148.12
Held: ABCDx44@45.22 ABACx44@45.22 ACCOx44@45.22 ACADx44@45.22 ADBEx44@45.22 
Value: 10096.25
Sales: ABCDx44@45.22 ABACx44@45.22 ACCOx44@45.22 ACADx44@45.22 ADBEx44@45.22 
Purchases: ABCDx44@45.22 ABACx44@45.22 ACCOx44@45.22 ACADx44@45.22 ADBEx44@45.22 

2011-04-13
Cash: 148.12
Held: ABCDx44@46.28 ABACx44@46.28 ACCOx44@46.28 ACADx44@46.28 ADBEx44@46.28 
Value: 10330.00
Sales: ABCDx44@46.28 ABACx44@46.28 ACCOx44@46.28 ACADx44@46.28 ADBEx44@46.28 
Purchases: ABCDx44@46.28 ABACx44@46.28 ACCOx44@46.28 ACADx44@46.28 ADBEx44@46.28 

2011-04-14
Cash: 148.12
Held: ABCDx44@46.62 ABACx44@46.62 ACCOx44@46.62 ACADx44@46.62 ADBEx44@46.62 
Value: 10405.62
Sales: ABCDx44@46.62 ABACx44@46.62 ACCOx44@46.62 ACADx44@46.62 ADBEx44@46.62 
Purchases: ABCDx44@46.62 ABACx44@46.62 ACCOx44@46.62 ACADx44@46.62 ADBEx44@46.62 

2011-04-17
Cash: 148.12
Held: ABCDx44@46.84 ABACx44@46.84 ACCOx44@46.84 ACADx44@46.84 ADBEx44@46.84 
Value: 10453.75
Sales: ABCDx44@46.84 ABACx44@46.84 ACCOx44@46.84 ACADx44@46.84 ADBEx44@46.84 
Purchases: ABCDx44@46.84 ABACx44@46.84 ACCOx44@46.84 ACADx44@46.84 ADBEx44@46.84 

2011-04-18
Cash: 148.12
Held: ABCDx44@46.72 ABACx44@46.72 ACCOx44@46.72 ACADx44@46.72 ADBEx44@46.72 
Value: 10426.25
Sales: ABCDx44@46.72 ABACx44@46.72 ACCOx44@46.72 ACADx44@46.72 ADBEx44@46.72 
Purchases: ABCDx44@46.72 ABACx44@46.72 ACCOx44@46.72 ACADx44@46.72 ADBEx44@46.72 

2011-04-19
Cash: 148.12
Held: ABCDx44@47.47 ABACx44@47.47 ACCOx44@47.47 ACADx44@47.47 ADBEx44@47.47 
Value: 10591.25
Sales: ABCDx44@47.47 ABACx44@47.47 ACCOx44@47.47 ACADx44@47.47 ADBEx44@47.47 
Purchases: ABCDx44@47.47 ABACx44@47.47 ACCOx44@47.47 ACADx44@47.47 ADBEx44@47.47 

2011-04-20
Cash: 148.12
Held: ABCDx44@48.94 ABACx44@48.94 ACCOx44@48.94 ACADx44@48.94 ADBEx44@48.94 
Value: 10914.38
Sales: ABCDx44@48.94 ABACx44@48.94 ACCOx44@48.94 ACADx44@48.94 ADBEx44@48.94 
Purchases: ABCDx44@48.94 ABACx44@48.94 ACCOx44@48.94 ACADx44@48.94 ADBEx44@48.94 

2011-04-24
Cash: 148.12
Held: ABCDx44@49.09 ABACx44@49.09 ACCOx44@49.09 ACADx44@49.09 ADBEx44@49.09 
Value: 10948.75
Sales: ABCDx44@49.09 ABACx44@49.09 ACCOx44@49.09 ACADx44@49.09 ADBEx44@49.09 
Purchases: ABCDx44@49.09 ABACx44@49.09 ACCOx44@49.09 ACADx44@49.09 ADBEx44@49.09 

2011-04-25
Cash: 148.12
Held: ABCDx44@48.44 ABACx44@48.44 ACCOx44@48.44 ACADx44@48.44 ADBEx44@48.44 
Value: 10804.38
Sales: ABCDx44@48.44 ABACx44@48.44 ACCOx44@48.44 ACADx44@48.44 ADBEx44@48.44 
Purchases: ABCDx44@48.44 ABACx44@48.44 ACCOx44@48.44 ACADx44@48.44 ADBEx44@48.44 

2011-04-26
Cash: 148.12
Held: ABCDx44@49.47 ABACx44@49.47 ACCOx44@49.47 ACADx44@49.47 ADBEx44@49.47 
Value: 11031.25
Sales: ABCDx44@49.47 ABACx44@49.47 ACCOx44@49.47 ACADx44@49.47 ADBEx44@49.47 
Purchases: ABCDx44@49.47 ABACx44@49.47 ACCOx44@49.47 ACADx44@49.47 ADBEx44@49.47 

2011-04-27
Cash: 148.12
Held: ABCDx44@49.84 ABACx44@49.84 ACCOx44@49.84 ACADx44@49.84 ADBEx44@49.84 
Value: 11113.75
Sales: ABCDx44@49.84 ABACx44@49.84 ACCOx44@49.84 ACADx44@49.84 ADBEx44@49.84 
Purchases: ABCDx44@49.84 ABACx44@49.84 ACCOx44@49.84 ACADx44@49.84 ADBEx44@49.84 

2011-04-28
Cash: 148.12
Held: ABCDx44@50.31 ABACx44@50.31 ACCOx44@50.31 ACADx44@50.31 ADBEx44@50.31 
Value: 11216.88
Sales: ABCDx44@50.31 ABACx44@50.31 ACCOx44@50.31 ACADx44@50.31 ADBEx44@50.31 
Purchases: ABCDx44@50.31 ABACx44@50.31 ACCOx44@50.31 ACADx44@50.31 ADBEx44@50.31 

2011-05-01
Cash: 148.12
Held: ABCDx44@50.25 ABACx44@50.25 ACCOx44@50.25 ACADx44@50.25 ADBEx44@50.25 
Value: 11203.12
Sales: ABCDx44@50.25 ABACx44@50.25 ACCOx44@50.25 ACADx44@50.25 ADBEx44@50.25 
Purchases: ABCDx44@50.25 ABACx44@50.25 ACCOx44@50.25 ACADx44@50.25 ADBEx44@50.25 

2011-05-02
Cash: 148.12
Held: ABCDx44@50.47 ABACx44@50.47 ACCOx44@50.47 ACADx44@50.47 ADBEx44@50.47 
Value: 11251.25
Sales: ABCDx44@50.47 ABACx44@50.47 ACCOx44@50.47 ACADx44@50.47 ADBEx44@50.47 
Purchases: ABCDx44@50.47 ABACx44@50.47 ACCOx44@50.47 ACADx44@50.47 ADBEx44@50.47 

2011-05-03
Cash: 148.12
Held: ABCDx44@50.56 ABACx44@50.56 ACCOx44@50.56 ACADx44@50.56 ADBEx44@50.56 
Value: 11271.88
Sales: ABCDx44@50.56 ABACx44@50.56 ACCOx44@50.56 ACADx44@50.56 ADBEx44@50.56 
Purchases: ABCDx44@50.56 ABACx44@50.56 ACCOx44@50.56 ACADx44@50.56 ADBEx44@50.56 

2011-05-04
Cash: 148.12
Held: ABCDx44@49.38 ABACx44@49.38 ACCOx44@49.38 ACADx44@49.38 ADBEx44@49.38 
Value: 11010.62
Sales: ABCDx44@49.38 ABACx44@49.38 ACCOx44@49.38 ACADx44@49.38 ADBEx44@49.38 
Purchases: ABCDx44@49.38 ABACx44@49.38 ACCOx44@49.38 ACADx44@49.38 ADBEx44@49.38 

2011-05-05
Cash: 148.12
Held: ABCDx44@50.00 ABACx44@50.00 ACCOx44@50.00 ACADx44@50.00 ADBEx44@50.00 
Value: 11148.12
Sales: ABCDx44@50.00 ABACx44@50.00 ACCOx44@50.00 ACADx44@50.00 ADBEx44@50.00 
Purchases: ABCDx44@50.00 ABACx44@50.00 ACCOx44@50.00 ACADx44@50.00 ADBEx44@50.00 

2011-05-08
Cash: 148.12
Held: ABCDx44@49.84 ABACx44@49.84 ACCOx44@49.84 ACADx44@49.84 ADBEx44@49.84 
Value: 11113.75
Sales: ABCDx44@49.84 ABACx44@49.84 ACCOx44@49.84 ACADx44@49.84 ADBEx44@49.84 
Purchases: ABCDx44@49.84 ABACx44@49.84 ACCOx44@49.84 ACADx44@49.84 ADBEx44@49.84 

2011-05-09
Cash: 148.12
Held: ABCDx44@50.09 ABACx44@50.09 ACCOx44@50.09 ACADx44@50.09 ADBEx44@50.09 
Value: 11168.75
Sales: ABCDx44@50.09 ABACx44@50.09 ACCOx44@50.09 ACADx44@50.09 ADBEx44@50.09 
Purchases: ABCDx44@50.09 ABACx44@50.09 ACCOx44@50.09 ACADx44@50.09 ADBEx44@50.09 

2011-05-10
Cash: 148.12
Held: ABCDx44@50.50 ABACx44@50.50 ACCOx44@50.50 ACADx44@50.50 ADBEx44@50.50 
Value: 11258.12
Sales: ABCDx44@50.50 ABACx44@50.50 ACCOx44@50.50 ACADx44@50.50 ADBEx44@50.50 
Purchases: ABCDx44@50.50 ABACx44@50.50 ACCOx44@50.50 ACADx44@50.50 ADBEx44@50.50 

2011-05-11
Cash: 148.12
Held: ABCDx44@49.84 ABACx44@49.84 ACCOx44@49.84 ACADx44@49.84 ADBEx44@49.84 
Value: 11113.75
Sales: ABCDx44@49.84 ABACx44@49.84 ACCOx44@49.84 ACADx44@49.84 ADBEx44@49.84 
Purchases: ABCDx44@49.84 ABACx44@49.84 ACCOx44@49.84 ACADx44@49.84 ADBEx44@49.84 

2011-05-12
Cash: 148.12
Held: ABCDx44@54.06 ABACx44@54.06 ACCOx44@54.06 ACADx44@54.06 ADBEx44@54.06 
Value: 12041.88
Sales: ABCDx44@54.06 ABACx44@54.06 ACCOx44@54.06 ACADx44@54.06 ADBEx44@54.06 
Purchases: ABCDx44@54.06 ABACx44@54.06 ACCOx44@54.06 ACADx44@54.06 ADBEx44@54.06 

2011-05-15
Cash: 148.12
Held: ABCDx44@52.19 ABACx44@52.19 ACCOx44@52.19 ACADx44@52.19 ADBEx44@52.19 
Value: 11629.38
Sales: ABCDx44@52.19 ABACx44@52.19 ACCOx44@52.19 ACADx44@52.19 ADBEx44@52.19 
Purchases: ABCDx44@52.19 ABACx44@52.19 ACCOx44@52.19 ACADx44@52.19 ADBEx44@52.19 

2011-05-16
Cash: 148.12
Held: ABCDx44@51.69 ABACx44@51.69 ACCOx44@51.69 ACADx44@51.69 ADBEx44@51.69 
Value: 11519.38
Sales: ABCDx44@51.69 ABACx44@51.69 ACCOx44@51.69 ACADx44@51.69 ADBEx44@51.69 
Purchases: ABCDx44@51.69 ABACx44@51.69 ACCOx44@51.69 ACADx44@51.69 ADBEx44@51.69 

2011-05-17
Cash: 148.12
Held: ABCDx44@51.12 ABACx44@51.12 ACCOx44@51.12 ACADx44@51.12 ADBEx44@51.12 
Value: 11395.62
Sales: ABCDx44@51.12 ABACx44@51.12 ACCOx44@51.12 ACADx44@51.12 ADBEx44@51.12 
Purchases: ABCDx44@51.12 ABACx44@51.12 ACCOx44@51.12 ACADx44@51.12 ADBEx44@51.12 

2011-05-18
Cash: 148.12
Held: ABCDx44@51.94 ABACx44@51.94 ACCOx44@51.94 ACADx44@51.94 ADBEx44@51.94 
Value: 11574.38
Sales: ABCDx44@51.94 ABACx44@51.94 ACCOx44@51.94 ACADx44@51.94 ADBEx44@51.94 
Purchases: ABCDx44@51.94 ABACx44@51.94 ACCOx44@51.94 ACADx44@51.94 ADBEx44@51.94 

2011-05-19
Cash: 148.12
Held: ABCDx44@51.16 ABACx44@51.16 ACCOx44@51.16 ACADx44@51.16 ADBEx44@51.16 
Value: 11402.50
Sales: ABCDx44@51.16 ABACx44@51.16 ACCOx44@51.16 ACADx44@51.16 ADBEx44@51.16 
Purchases: ABCDx44@51.16 ABACx44@51.16 ACCOx44@51.16 ACADx44@51.16 ADBEx44@51.16 

2011-05-22
Cash: 148.12
Held: ABCDx44@49.81 ABACx44@49.81 ACCOx44@49.81 ACADx44@49.81 ADBEx44@49.81 
Value: 11106.88
Sales: ABCDx44@49.81 ABACx44@49.81 ACCOx44@49.81 ACADx44@49.81 ADBEx44@49.81 
Purchases: ABCDx44@49.81 ABACx44@49.81 ACCOx44@49.81 ACADx44@49.81 ADBEx44@49.81 

2011-05-23
Cash: 148.12
Held: ABCDx44@49.25 ABACx44@49.25 ACCOx44@49.25 ACADx44@49.25 ADBEx44@49.25 
Value: 10983.12
Sales: ABCDx44@49.25 ABACx44@49.25 ACCOx44@49.25 ACADx44@49.25 ADBEx44@49.25 
Purchases: ABCDx44@49.25 ABACx44@49.25 ACCOx44@49.25 ACADx44@49.25 ADBEx44@49.25 

2011-05-24
Cash: 148.12
Held: ABCDx44@48.25 ABACx44@48.25 ACCOx44@48.25 ACADx44@48.25 ADBEx44@48.25 
Value: 10763.12
Sales: ABCDx44@48.25 ABACx44@48.25 ACCOx44@48.25 ACADx44@48.25 ADBEx44@48.25 
Purchases: ABCDx44@48.25 ABACx44@48.25 ACCOx44@48.25 ACADx44@48.25 ADBEx44@48.25 

2011-05-25
Cash: 148.12
Held: ABCDx44@48.72 ABACx44@48.72 ACCOx44@48.72 ACADx44@48.72 ADBEx44@48.72 
Value: 10866.25
Sales: ABCDx44@48.72 ABACx44@48.72 ACCOx44@48.72 ACADx44@48.72 ADBEx44@48.72 
Purchases: ABCDx44@48.72 ABACx44@48.72 ACCOx44@48.72 ACADx44@48.72 ADBEx44@48.72 

2011-05-26
Cash: 148.12
Held: ABCDx44@49.41 ABACx44@49.41 ACCOx44@49.41 ACADx44@49.41 ADBEx44@49.41 
Value: 11017.50
Sales: ABCDx44@49.41 ABACx44@49.41 ACCOx44@49.41 ACADx44@49.41 ADBEx44@49.41 
Purchases: ABCDx44@49.41 ABACx44@49.41 ACCOx44@49.41 ACADx44@49.41 ADBEx44@49.41 

2011-05-30
Cash: 148.12
Held: ABCDx44@49.69 ABACx44@49.69 ACCOx44@49.69 ACADx44@49.69 ADBEx44@49.69 
Value: 11079.38
Sales: ABCDx44@49.69 ABACx44@49.69 ACCOx44@49.69 ACADx44@49.69 ADBEx44@49.69 
Purchases: ABCDx44@49.69 ABACx44@49.69 ACCOx44@49.69 ACADx44@49.69 ADBEx44@49.69 

2011-05-31
Cash: 148.12
Held: ABCDx44@49.78 ABACx44@49.78 ACCOx44@49.78 ACADx44@49.78 ADBEx44@49.78 
Value: 11100.00
Sales: ABCDx44@49.78 ABACx44@49.78 ACCOx44@49.78 ACADx44@49.78 ADBEx44@49.78 
Purchases: ABCDx44@49.78 ABACx44@49.78 ACCOx44@49.78 ACADx44@49.78 ADBEx44@49.78 

2011-06-01
Cash: 148.12
Held: ABCDx44@48.16 ABACx44@48.16 ACCOx44@48.16 ACADx44@48.16 ADBEx44@48.16 
Value: 10742.50
Sales: ABCDx44@48.16 ABACx44@48.16 ACCOx44@48.16 ACADx44@48.16 ADBEx44@48.16 
Purchases: ABCDx44@48.16 ABACx44@48.16 ACCOx44@48.16 ACADx44@48.16 ADBEx44@48.16 

2011-06-02
Cash: 148.12
Held: ABCDx44@47.38 ABACx44@47.38 ACCOx44@47.38 ACADx44@47.38 ADBEx44@47.38 
Value: 10570.62
Sales: ABCDx44@47.38 ABACx44@47.38 ACCOx44@47.38 ACADx44@47.38 ADBEx44@47.38 
Purchases: ABCDx44@47.38 ABACx44@47.38 ACCOx44@47.38 ACADx44@47.38 ADBEx44@47.38 

2011-06-05
Cash: 148.12
Held: ABCDx44@47.25 ABACx44@47.25 ACCOx44@47.25 ACADx44@47.25 ADBEx44@47.25 
Value: 10543.12
Sales: ABCDx44@47.25 ABACx44@47.25 ACCOx44@47.25 ACADx44@47.25 ADBEx44@47.25 
Purchases: ABCDx44@47.25 ABACx44@47.25 ACCOx44@47.25 ACADx44@47.25 ADBEx44@47.25 

2011-06-06
Cash: 148.12
Held: ABCDx44@47.50 ABACx44@47.50 ACCOx44@47.50 ACADx44@47.50 ADBEx44@47.50 
Value: 10598.12
Sales: ABCDx44@47.50 ABACx44@47.50 ACCOx44@47.50 ACADx44@47.50 ADBEx44@47.50 
Purchases: ABCDx44@47.50 ABACx44@47.50 ACCOx44@47.50 ACADx44@47.50 ADBEx44@47.50 

2011-06-07
Cash: 148.12
Held: ABCDx44@47.53 ABACx44@47.53 ACCOx44@47.53 ACADx44@47.53 ADBEx44@47.53 
Value: 10605.00
Sales: ABCDx44@47.53 ABACx44@47.53 ACCOx44@47.53 ACADx44@47.53 ADBEx44@47.53 
Purchases: ABCDx44@47.53 ABACx44@47.53 ACCOx44@47.53 ACADx44@47.53 ADBEx44@47.53 

2011-06-08
Cash: 148.12
Held: ABCDx44@47.84 ABACx44@47.84 ACCOx44@47.84 ACADx44@47.84 ADBEx44@47.84 
Value: 10673.75
Sales: ABCDx44@47.84 ABACx44@47.84 ACCOx44@47.84 ACADx44@47.84 ADBEx44@47.84 
Purchases: ABCDx44@47.84 ABACx44@47.84 ACCOx44@47.84 ACADx44@47.84 ADBEx44@47.84 

2011-06-09
Cash: 148.12
Held: ABCDx44@48.44 ABACx44@48.44 ACCOx44@48.44 ACADx44@48.44 ADBEx44@48.44 
Value: 10804.38
Sales: ABCDx44@48.44 ABACx44@48.44 ACCOx44@48.44 ACADx44@48.44 ADBEx44@48.44 
Purchases: ABCDx44@48.44 ABACx44@48.44 ACCOx44@48.44 ACADx44@48.44 ADBEx44@48.44 

2011-06-12
Cash: 148.12
Held: ABCDx44@48.25 ABACx44@48.25 ACCOx44@48.25 ACADx44@48.25 ADBEx44@48.25 
Value: 10763.12
Sales: ABCDx44@48.25 ABACx44@48.25 ACCOx44@48.25 ACADx44@48.25 ADBEx44@48.25 
Purchases: ABCDx44@48.25 ABACx44@48.25 ACCOx44@48.25 ACADx44@48.25 ADBEx44@48.25 

2011-06-13
Cash: 148.12
Held: ABCDx44@48.34 ABACx44@48.34 ACCOx44@48.34 ACADx44@48.34 ADBEx44@48.34 
Value: 10783.75
Sales: ABCDx44@48.34 ABACx44@48.34 ACCOx44@48.34 ACADx44@48.34 ADBEx44@48.34 
Purchases: ABCDx44@48.34 ABACx44@48.34 ACCOx44@48.34 ACADx44@48.34 ADBEx44@48.34 

2011-06-14
Cash: 148.12
Held: ABCDx44@48.47 ABACx44@48.47 ACCOx44@48.47 ACADx44@48.47 ADBEx44@48.47 
Value: 10811.25
Sales: ABCDx44@48.47 ABACx44@48.47 ACCOx44@48.47 ACADx44@48.47 ADBEx44@48.47 
Purchases: ABCDx44@48.47 ABACx44@48.47 ACCOx44@48.47 ACADx44@48.47 ADBEx44@48.47 

2011-06-15
Cash: 148.12
Held: ABCDx44@47.25 ABACx44@47.25 ACCOx44@47.25 ACADx44@47.25 ADBEx44@47.25 
Value: 10543.12
Sales: ABCDx44@47.25 ABACx44@47.25 ACCOx44@47.25 ACADx44@47.25 ADBEx44@47.25 
Purchases: ABCDx44@47.25 ABACx44@47.25 ACCOx44@47.25 ACADx44@47.25 ADBEx44@47.25 

2011-06-16
Cash: 148.12
Held: ABCDx44@47.69 ABACx44@47.69 ACCOx44@47.69 ACADx44@47.69 ADBEx44@47.69 
Value: 10639.38
Sales: ABCDx44@47.69 ABACx44@47.69 ACCOx44@47.69 ACADx44@47.69 ADBEx44@47.69 
Purchases: ABCDx44@47.69 ABACx44@47.69 ACCOx44@47.69 ACADx44@47.69 ADBEx44@47.69 

2011-06-19
Cash: 148.12
Held: ABCDx44@47.09 ABACx44@47.09 ACCOx44@47.09 ACADx44@47.09 ADBEx44@47.09 
Value: 10508.75
Sales: ABCDx44@47.09 ABACx44@47.09 ACCOx44@47.09 ACADx44@47.09 ADBEx44@47.09 
Purchases: ABCDx44@47.09 ABACx44@47.09 ACCOx44@47.09 ACADx44@47.09 ADBEx44@47.09 

2011-06-20
Cash: 148.12
Held: ABCDx44@48.69 ABACx44@48.69 ACCOx44@48.69 ACADx44@48.69 ADBEx44@48.69 
Value: 10859.38
Sales: ABCDx44@48.69 ABACx44@48.69 ACCOx44@48.69 ACADx44@48.69 ADBEx44@48.69 
Purchases: ABCDx44@48.69 ABACx44@48.69 ACCOx44@48.69 ACADx44@48.69 ADBEx44@48.69 

2011-06-21
Cash: 148.12
Held: ABCDx44@49.56 ABACx44@49.56 ACCOx44@49.56 ACADx44@49.56 ADBEx44@49.56 
Value: 11051.88
Sales: ABCDx44@49.56 ABACx44@49.56 ACCOx44@49.56 ACADx44@49.56 ADBEx44@49.56 
Purchases: ABCDx44@49.56 ABACx44@49.56 ACCOx44@49.56 ACADx44@49.56 ADBEx44@49.56 

2011-06-22
Cash: 148.12
Held: ABCDx44@48.19 ABACx44@48.19 ACCOx44@48.19 ACADx44@48.19 ADBEx44@48.19 
Value: 10749.38
Sales: ABCDx44@48.19 ABACx44@48.19 ACCOx44@48.19 ACADx44@48.19 ADBEx44@48.19 
Purchases: ABCDx44@48.19 ABACx44@48.19 ACCOx44@48.19 ACADx44@48.19 ADBEx44@48.19 

2011-06-23
Cash: 148.12
Held: ABCDx44@49.31 ABACx44@49.31 ACCOx44@49.31 ACADx44@49.31 ADBEx44@49.31 
Value: 10996.88
Sales: ABCDx44@49.31 ABACx44@49.31 ACCOx44@49.31 ACADx44@49.31 ADBEx44@49.31 
Purchases: ABCDx44@49.31 ABACx44@49.31 ACCOx44@49.31 ACADx44@49.31 ADBEx44@49.31 

2011-06-26
Cash: 148.12
Held: ABCDx44@48.34 ABACx44@48.34 ACCOx44@48.34 ACADx44@48.34 ADBEx44@48.34 
Value: 10783.75
Sales: ABCDx44@48.34 ABACx44@48.34 ACCOx44@48.34 ACADx44@48.34 ADBEx44@48.34 
Purchases: ABCDx44@48.34 ABACx44@48.34 ACCOx44@48.34 ACADx44@48.34 ADBEx44@48.34 

2011-06-27
Cash: 148.12
Held: ABCDx44@49.03 ABACx44@49.03 ACCOx44@49.03 ACADx44@49.03 ADBEx44@49.03 
Value: 10935.00
Sales: ABCDx44@49.03 ABACx44@49.03 ACCOx44@49.03 ACADx44@49.03 ADBEx44@49.03 
Purchases: ABCDx44@49.03 ABACx44@49.03 ACCOx44@49.03 ACADx44@49.03 ADBEx44@49.03 

2011-06-28
Cash: 148.12
Held: ABCDx44@50.78 ABACx44@50.78 ACCOx44@50.78 ACADx44@50.78 ADBEx44@50.78 
Value: 11320.00
Sales: ABCDx44@50.78 ABACx44@50.78 ACCOx44@50.78 ACADx44@50.78 ADBEx44@50.78 
Purchases: ABCDx44@50.78 ABACx44@50.78 ACCOx44@50.78 ACADx44@50.78 ADBEx44@50.78 

2011-06-29
Cash: 148.12
Held: ABCDx44@50.53 ABACx44@50.53 ACCOx44@50.53 ACADx44@50.53 ADBEx44@50.53 
Value: 11265.00
Sales: ABCDx44@50.53 ABACx44@50.53 ACCOx44@50.53 ACADx44@50.53 ADBEx44@50.53 
Purchases: ABCDx44@50.53 ABACx44@50.53 ACCOx44@50.53 ACADx44@50.53 ADBEx44@50.53 

2011-06-30
Cash: 148.12
Held: ABCDx44@51.22 ABACx44@51.22 ACCOx44@51.22 ACADx44@51.22 ADBEx44@51.22 
Value: 11416.25
Sales: ABCDx44@51.22 ABACx44@51.22 ACCOx44@51.22 ACADx44@51.22 ADBEx44@51.22 
Purchases: ABCDx44@51.22 ABACx44@51.22 ACCOx44@51.22 ACADx44@51.22 ADBEx44@51.22 

2011-07-04
Cash: 148.12
Held: ABCDx44@51.94 ABACx44@51.94 ACCOx44@51.94 ACADx44@51.94 ADBEx44@51.94 
Value: 11574.38
Sales: ABCDx44@51.94 ABACx44@51.94 ACCOx44@51.94 ACADx44@51.94 ADBEx44@51.94 
Purchases: ABCDx44@51.94 ABACx44@51.94 ACCOx44@51.94 ACADx44@51.94 ADBEx44@51.94 

2011-07-05
Cash: 148.12
Held: ABCDx44@51.50 ABACx44@51.50 ACCOx44@51.50 ACADx44@51.50 ADBEx44@51.50 
Value: 11478.12
Sales: ABCDx44@51.50 ABACx44@51.50 ACCOx44@51.50 ACADx44@51.50 ADBEx44@51.50 
Purchases: ABCDx44@51.50 ABACx44@51.50 ACCOx44@51.50 ACADx44@51.50 ADBEx44@51.50 

2011-07-06
Cash: 148.12
Held: ABCDx44@52.44 ABACx44@52.44 ACCOx44@52.44 ACADx44@52.44 ADBEx44@52.44 
Value: 11684.38
Sales: ABCDx44@52.44 ABACx44@52.44 ACCOx44@52.44 ACADx44@52.44 ADBEx44@52.44 
Purchases: ABCDx44@52.44 ABACx44@52.44 ACCOx44@52.44 ACADx44@52.44 ADBEx44@52.44 

2011-07-07
Cash: 148.12
Held: ABCDx44@51.06 ABACx44@51.06 ACCOx44@51.06 ACADx44@51.06 ADBEx44@51.06 
Value: 11381.88
Sales: ABCDx44@51.06 ABACx44@51.06 ACCOx44@51.06 ACADx44@51.06 ADBEx44@51.06 
Purchases: ABCDx44@51.06 ABACx44@51.06 ACCOx44@51.06 ACADx44@51.06 ADBEx44@51.06 

2011-07-10
Cash: 148.12
Held: ABCDx44@49.44 ABACx44@49.44 ACCOx44@49.44 ACADx44@49.44 ADBEx44@49.44 
Value: 11024.38
Sales: ABCDx44@49.44 ABACx44@49.44 ACCOx44@49.44 ACADx44@49.44 ADBEx44@49.44 
Purchases: ABCDx44@49.44 ABACx44@49.44 ACCOx44@49.44 ACADx44@49.44 ADBEx44@49.44 

2011-07-11
Cash: 148.12
Held: ABCDx44@48.59 ABACx44@48.59 ACCOx44@48.59 ACADx44@48.59 ADBEx44@48.59 
Value: 10838.75
Sales: ABCDx44@48.59 ABACx44@48.59 ACCOx44@48.59 ACADx44@48.59 ADBEx44@48.59 
Purchases: ABCDx44@48.59 ABACx44@48.59 ACCOx44@48.59 ACADx44@48.59 ADBEx44@48.59 

2011-07-12
Cash: 148.12
Held: ABCDx44@48.25 ABACx44@48.25 ACCOx44@48.25 ACADx44@48.25 ADBEx44@48.25 
Value: 10763.12
Sales: ABCDx44@48.25 ABACx44@48.25 ACCOx44@48.25 ACADx44@48.25 ADBEx44@48.25 
Purchases: ABCDx44@48.25 ABACx44@48.25 ACCOx44@48.25 ACADx44@48.25 ADBEx44@48.25 

2011-07-13
Cash: 148.12
Held: ABCDx44@48.28 ABACx44@48.28 ACCOx44@48.28 ACADx44@48.28 ADBEx44@48.28 
Value: 10770.00
Sales: ABCDx44@48.28 ABACx44@48.28 ACCOx44@48.28 ACADx44@48.28 ADBEx44@48.28 
Purchases: ABCDx44@48.28 ABACx44@48.28 ACCOx44@48.28 ACADx44@48.28 ADBEx44@48.28 

2011-07-14
Cash: 148.12
Held: ABCDx44@47.62 ABACx44@47.62 ACCOx44@47.62 ACADx44@47.62 ADBEx44@47.62 
Value: 10625.62
Sales: ABCDx44@47.62 ABACx44@47.62 ACCOx44@47.62 ACADx44@47.62 ADBEx44@47.62 
Purchases: ABCDx44@47.62 ABACx44@47.62 ACCOx44@47.62 ACADx44@47.62 ADBEx44@47.62 

2011-07-17
Cash: 148.12
Held: ABCDx44@46.72 ABACx44@46.72 ACCOx44@46.72 ACADx44@46.72 ADBEx44@46.72 
Value: 10426.25
Sales: ABCDx44@46.72 ABACx44@46.72 ACCOx44@46.72 ACADx44@46.72 ADBEx44@46.72 
Purchases: ABCDx44@46.72 ABACx44@46.72 ACCOx44@46.72 ACADx44@46.72 ADBEx44@46.72 

2011-07-18
Cash: 148.12
Held: ABCDx44@45.75 ABACx44@45.75 ACCOx44@45.75 ACADx44@45.75 ADBEx44@45.75 
Value: 10213.12
Sales: ABCDx44@45.75 ABACx44@45.75 ACCOx44@45.75 ACADx44@45.75 ADBEx44@45.75 
Purchases: ABCDx44@45.75 ABACx44@45.75 ACCOx44@45.75 ACADx44@45.75 ADBEx44@45.75 

2011-07-19
Cash: 148.12
Held: ABCDx44@46.94 ABACx44@46.94 ACCOx44@46.94 ACADx44@46.94 ADBEx44@46.94 
Value: 10474.38
Sales: ABCDx44@46.94 ABACx44@46.94 ACCOx44@46.94 ACADx44@46.94 ADBEx44@46.94 
Purchases: ABCDx44@46.94 ABACx44@46.94 ACCOx44@46.94 ACADx44@46.94 ADBEx44@46.94 

2011-07-20
Cash: 148.12
Held: ABCDx44@47.12 ABACx44@47.12 ACCOx44@47.12 ACADx44@47.12 ADBEx44@47.12 
Value: 10515.62
Sales: ABCDx44@47.12 ABACx44@47.12 ACCOx44@47.12 ACADx44@47.12 ADBEx44@47.12 
Purchases: ABCDx44@47.12 ABACx44@47.12 ACCOx44@47.12 ACADx44@47.12 ADBEx44@47.12 

2011-07-21
Cash: 148.12
Held: ABCDx44@46.94 ABACx44@46.94 ACCOx44@46.94 ACADx44@46.94 ADBEx44@46.94 
Value: 10474.38
Sales: ABCDx44@46.94 ABACx44@46.94 ACCOx44@46.94 ACADx44@46.94 ADBEx44@46.94 
Purchases: ABCDx44@46.94 ABACx44@46.94 ACCOx44@46.94 ACADx44@46.94 ADBEx44@46.94 

2011-07-24
Cash: 148.12
Held: ABCDx44@46.19 ABACx44@46.19 ACCOx44@46.19 ACADx44@46.19 ADBEx44@46.19 
Value: 10309.38
Sales: ABCDx44@46.19 ABACx44@46.19 ACCOx44@46.19 ACADx44@46.19 ADBEx44@46.19 
Purchases: ABCDx44@46.19 ABACx44@46.19 ACCOx44@46.19 ACADx44@46.19 ADBEx44@46.19 

2011-07-25
Cash: 148.12
Held: ABCDx44@45.84 ABACx44@45.84 ACCOx44@45.84 ACADx44@45.84 ADBEx44@45.84 
Value: 10233.75
Sales: ABCDx44@45.84 ABACx44@45.84 ACCOx44@45.84 ACADx44@45.84 ADBEx44@45.84 
Purchases: ABCDx44@45.84 ABACx44@45.84 ACCOx44@45.84 ACADx44@45.84 ADBEx44@45.84 

2011-07-26
Cash: 148.12
Held: ABCDx44@44.44 ABACx44@44.44 ACCOx44@44.44 ACADx44@44.44 ADBEx44@44.44 
Value: 9924.38
Sales: ABCDx44@44.44 ABACx44@44.44 ACCOx44@44.44 ACADx44@44.44 ADBEx44@44.44 
Purchases: ABCDx44@44.44 ABACx44@44.44 ACCOx44@44.44 ACADx44@44.44 ADBEx44@44.44 

2011-07-27
Cash: 148.12
Held: ABCDx44@42.38 ABACx44@42.38 ACCOx44@42.38 ACADx44@42.38 ADBEx44@42.38 
Value: 9470.62
Sales: ABCDx44@42.38 ABACx44@42.38 ACCOx44@42.38 ACADx44@42.38 ADBEx44@42.38 
Purchases: ABCDx44@42.38 ABACx44@42.38 ACCOx44@42.38 ACADx44@42.38 ADBEx44@42.38 

2011-07-28
Cash: 148.12
Held: ABCDx44@41.53 ABACx44@41.53 ACCOx44@41.53 ACADx44@41.53 ADBEx44@41.53 
Value: 9285.00
Sales: ABCDx44@41.53 ABACx44@41.53 ACCOx44@41.53 ACADx44@41.53 ADBEx44@41.53 
Purchases: ABCDx44@41.53 ABACx44@41.53 ACCOx44@41.53 ACADx44@41.53 ADBEx44@41.53 

2011-07-31
Cash: 148.12
Held: ABCDx44@42.62 ABACx44@42.62 ACCOx44@42.62 ACADx44@42.62 ADBEx44@42.62 
Value: 9525.62
Sales: ABCDx44@42.62 ABACx44@42.62 ACCOx44@42.62 ACADx44@42.62 ADBEx44@42.62 
Purchases: ABCDx44@42.62 ABACx44@42.62 ACCOx44@42.62 ACADx44@42.62 ADBEx44@42.62 

2011-08-01
Cash: 148.12
Held: ABCDx44@40.34 ABACx44@40.34 ACCOx44@40.34 ACADx44@40.34 ADBEx44@40.34 
Value: 9023.75
Sales: ABCDx44@40.34 ABACx44@40.34 ACCOx44@40.34 ACADx44@40.34 ADBEx44@40.34 
Purchases: ABCDx44@40.34 ABACx44@40.34 ACCOx44@40.34 ACADx44@40.34 ADBEx44@40.34 

2011-08-02
Cash: 148.12
Held: ABCDx44@39.09 ABACx44@39.09 ACCOx44@39.09 ACADx44@39.09 ADBEx44@39.09 
Value: 8748.75
Sales: ABCDx44@39.09 ABACx44@39.09 ACCOx44@39.09 ACADx44@39.09 ADBEx44@39.09 
Purchases: ABCDx44@39.09 ABACx44@39.09 ACCOx44@39.09 ACADx44@39.09 ADBEx44@39.09 

2011-08-03
Cash: 148.12
Held: ABCDx44@38.84 ABACx44@38.84 ACCOx44@38.84 ACADx44@38.84 ADBEx44@38.84 
Value: 8693.75
Sales: ABCDx44@38.84 ABACx44@38.84 ACCOx44@38.84 ACADx44@38.84 ADBEx44@38.84 
Purchases: ABCDx44@38.84 ABACx44@38.84 ACCOx44@38.84 ACADx44@38.84 ADBEx44@38.84 

2011-08-04
Cash: 148.12
Held: ABCDx44@37.59 ABACx44@37.59 ACCOx44@37.59 ACADx44@37.59 ADBEx44@37.59 
Value: 8418.75
Sales: ABCDx44@37.59 ABACx44@37.59 ACCOx44@37.59 ACADx44@37.59 ADBEx44@37.59 
Purchases: ABCDx44@37.59 ABACx44@37.59 ACCOx44@37.59 ACADx44@37.59 ADBEx44@37.59 

2011-08-07
Cash: 148.12
Held: ABCDx44@35.44 ABACx44@35.44 ACCOx44@35.44 ACADx44@35.44 ADBEx44@35.44 
Value: 7944.38
Sales: ABCDx44@35.44 ABACx44@35.44 ACCOx44@35.44 ACADx44@35.44 ADBEx44@35.44 
Purchases: ABCDx44@35.44 ABACx44@35.44 ACCOx44@35.44 ACADx44@35.44 ADBEx44@35.44 

2011-08-08
Cash: 148.12
Held: ABCDx44@33.28 ABACx44@33.28 ACCOx44@33.28 ACADx44@33.28 ADBEx44@33.28 
Value: 7470.00
Sales: ABCDx44@33.28 ABACx44@33.28 ACCOx44@33.28 ACADx44@33.28 ADBEx44@33.28 
Purchases: ABCDx44@33.28 ABACx44@33.28 ACCOx44@33.28 ACADx44@33.28 ADBEx44@33.28 

2011-08-09
Cash: 148.12
Held: ABCDx44@33.31 ABACx44@33.31 ACCOx44@33.31 ACADx44@33.31 ADBEx44@33.31 
Value: 7476.88
Sales: ABCDx44@33.31 ABACx44@33.31 ACCOx44@33.31 ACADx44@33.31 ADBEx44@33.31 
Purchases: ABCDx44@33.31 ABACx44@33.31 ACCOx44@33.31 ACADx44@33.31 ADBEx44@33.31 

2011-08-10
Cash: 148.12
Held: ABCDx44@32.12 ABACx44@32.12 ACCOx44@32.12 ACADx44@32.12 ADBEx44@32.12 
Value: 7215.62
Sales: ABCDx44@32.12 ABACx44@32.12 ACCOx44@32.12 ACADx44@32.12 ADBEx44@32.12 
Purchases: ABCDx44@32.12 ABACx44@32.12 ACCOx44@32.12 ACADx44@32.12 ADBEx44@32.12 

2011-08-11
Cash: 148.12
Held: ABCDx44@34.94 ABACx44@34.94 ACCOx44@34.94 ACADx44@34.94 ADBEx44@34.94 
Value: 7834.38
Sales: ABCDx44@34.94 ABACx44@34.94 ACCOx44@34.94 ACADx44@34.94 ADBEx44@34.94 
Purchases: ABCDx44@34.94 ABACx44@34.94 ACCOx44@34.94 ACADx44@34.94 ADBEx44@34.94 

2011-08-14
Cash: 148.12
Held: ABCDx44@36.72 ABACx44@36.72 ACCOx44@36.72 ACADx44@36.72 ADBEx44@36.72 
Value: 8226.25
Sales: ABCDx44@36.72 ABACx44@36.72 ACCOx44@36.72 ACADx44@36.72 ADBEx44@36.72 
Purchases: ABCDx44@36.72 ABACx44@36.72 ACCOx44@36.72 ACADx44@36.72 ADBEx44@36.72 

2011-08-15
Cash: 148.12
Held: ABCDx44@36.97 ABACx44@36.97 ACCOx44@36.97 ACADx44@36.97 ADBEx44@36.97 
Value: 8281.25
Sales: ABCDx44@36.97 ABACx44@36.97 ACCOx44@36.97 ACADx44@36.97 ADBEx44@36.97 
Purchases: ABCDx44@36.97 ABACx44@36.97 ACCOx44@36.97 ACADx44@36.97 ADBEx44@36.97 

2011-08-16
Cash: 148.12
Held: ABCDx44@36.88 ABACx44@36.88 ACCOx44@36.88 ACADx44@36.88 ADBEx44@36.88 
Value: 8260.62
Sales: ABCDx44@36.88 ABACx44@36.88 ACCOx44@36.88 ACADx44@36.88 ADBEx44@36.88 
Purchases: ABCDx44@36.88 ABACx44@36.88 ACCOx44@36.88 ACADx44@36.88 ADBEx44@36.88 

2011-08-17
Cash: 148.12
Held: ABCDx44@34.59 ABACx44@34.59 ACCOx44@34.59 ACADx44@34.59 ADBEx44@34.59 
Value: 7758.75
Sales: ABCDx44@34.59 ABACx44@34.59 ACCOx44@34.59 ACADx44@34.59 ADBEx44@34.59 
Purchases: ABCDx44@34.59 ABACx44@34.59 ACCOx44@34.59 ACADx44@34.59 ADBEx44@34.59 

2011-08-18
Cash: 148.12
Held: ABCDx44@31.73 ABACx44@31.73 ACCOx44@31.73 ACADx44@31.73 ADBEx44@31.73 
Value: 7129.69
Sales: ABCDx44@31.73 ABACx44@31.73 ACCOx44@31.73 ACADx44@31.73 ADBEx44@31.73 
Purchases: ABCDx44@31.73 ABACx44@31.73 ACCOx44@31.73 ACADx44@31.73 ADBEx44@31.73 

2011-08-21
Cash: 148.12
Held: ABCDx44@31.98 ABACx44@31.98 ACCOx44@31.98 ACADx44@31.98 ADBEx44@31.98 
Value: 7184.69
Sales: ABCDx44@31.98 ABACx44@31.98 ACCOx44@31.98 ACADx44@31.98 ADBEx44@31.98 
Purchases: ABCDx44@31.98 ABACx44@31.98 ACCOx44@31.98 ACADx44@31.98 ADBEx44@31.98 

2011-08-22
Cash: 148.12
Held: ABCDx44@30.73 ABACx44@30.73 ACCOx44@30.73 ACADx44@30.73 ADBEx44@30.73 
Value: 6909.69
Sales: ABCDx44@30.73 ABACx44@30.73 ACCOx44@30.73 ACADx44@30.73 ADBEx44@30.73 
Purchases: ABCDx44@30.73 ABACx44@30.73 ACCOx44@30.73 ACADx44@30.73 ADBEx44@30.73 

2011-08-23
Cash: 148.12
Held: ABCDx44@31.86 ABACx44@31.86 ACCOx44@31.86 ACADx44@31.86 ADBEx44@31.86 
Value: 7157.19
Sales: ABCDx44@31.86 ABACx44@31.86 ACCOx44@31.86 ACADx44@31.86 ADBEx44@31.86 
Purchases: ABCDx44@31.86 ABACx44@31.86 ACCOx44@31.86 ACADx44@31.86 ADBEx44@31.86 

2011-08-24
Cash: 148.12
Held: ABCDx44@33.44 ABACx44@33.44 ACCOx44@33.44 ACADx44@33.44 ADBEx44@33.44 
Value: 7504.38
Sales: ABCDx44@33.44 ABACx44@33.44 ACCOx44@33.44 ACADx44@33.44 ADBEx44@33.44 
Purchases: ABCDx44@33.44 ABACx44@33.44 ACCOx44@33.44 ACADx44@33.44 ADBEx44@33.44 

2011-08-25
Cash: 148.12
Held: ABCDx44@32.62 ABACx44@32.62 ACCOx44@32.62 ACADx44@32.62 ADBEx44@32.62 
Value: 7325.62
Sales: ABCDx44@32.62 ABACx44@32.62 ACCOx44@32.62 ACADx44@32.62 ADBEx44@32.62 
Purchases: ABCDx44@32.62 ABACx44@32.62 ACCOx44@32.62 ACADx44@32.62 ADBEx44@32.62 

2011-08-28
Cash: 148.12
Held: ABCDx44@35.44 ABACx44@35.44 ACCOx44@35.44 ACADx44@35.44 ADBEx44@35.44 
Value: 7944.38
Sales: ABCDx44@35.44 ABACx44@35.44 ACCOx44@35.44 ACADx44@35.44 ADBEx44@35.44 
Purchases: ABCDx44@35.44 ABACx44@35.44 ACCOx44@35.44 ACADx44@35.44 ADBEx44@35.44 

2011-08-29
Cash: 148.12
Held: ABCDx44@36.47 ABACx44@36.47 ACCOx44@36.47 ACADx44@36.47 ADBEx44@36.47 
Value: 8171.25
Sales: ABCDx44@36.47 ABACx44@36.47 ACCOx44@36.47 ACADx44@36.47 ADBEx44@36.47 
Purchases: ABCDx44@36.47 ABACx44@36.47 ACCOx44@36.47 ACADx44@36.47 ADBEx44@36.47 

2011-08-30
Cash: 148.12
Held: ABCDx44@36.75 ABACx44@36.75 ACCOx44@36.75 ACADx44@36.75 ADBEx44@36.75 
Value: 8233.12
Sales: ABCDx44@36.75 ABACx44@36.75 ACCOx44@36.75 ACADx44@36.75 ADBEx44@36.75 
Purchases: ABCDx44@36.75 ABACx44@36.75 ACCOx44@36.75 ACADx44@36.75 ADBEx44@36.75 

2011-08-31
Cash: 148.12
Held: ABCDx44@36.81 ABACx44@36.81 ACCOx44@36.81 ACADx44@36.81 ADBEx44@36.81 
Value: 8246.88
Sales: ABCDx44@36.81 ABACx44@36.81 ACCOx44@36.81 ACADx44@36.81 ADBEx44@36.81 
Purchases: ABCDx44@36.81 ABACx44@36.81 ACCOx44@36.81 ACADx44@36.81 ADBEx44@36.81 

2011-09-01
Cash: 148.12
Held: ABCDx44@34.91 ABACx44@34.91 ACCOx44@34.91 ACADx44@34.91 ADBEx44@34.91 
Value: 7827.50
Sales: ABCDx44@34.91 ABACx44@34.91 ACCOx44@34.91 ACADx44@34.91 ADBEx44@34.91 
Purchases: ABCDx44@34.91 ABACx44@34.91 ACCOx44@34.91 ACADx44@34.91 ADBEx44@34.91 

2011-09-05
Cash: 148.12
Held: ABCDx44@32.78 ABACx44@32.78 ACCOx44@32.78 ACADx44@32.78 ADBEx44@32.78 
Value: 7360.00
Sales: ABCDx44@32.78 ABACx44@32.78 ACCOx44@32.78 ACADx44@32.78 ADBEx44@32.78 
Purchases: ABCDx44@32.78 ABACx44@32.78 ACCOx44@32.78 ACADx44@32.78 ADBEx44@32.78 

2011-09-06
Cash: 148.12
Held: ABCDx44@34.44 ABACx44@34.44 ACCOx44@34.44 ACADx44@34.44 ADBEx44@34.44 
Value: 7724.38
Sales: ABCDx44@34.44 ABACx44@34.44 ACCOx44@34.44 ACADx44@34.44 ADBEx44@34.44 
Purchases: ABCDx44@34.44 ABACx44@34.44 ACCOx44@34.44 ACADx44@34.44 ADBEx44@34.44 

2011-09-07
Cash: 148.12
Held: ABCDx44@35.41 ABACx44@35.41 ACCOx44@35.41 ACADx44@35.41 ADBEx44@35.41 
Value: 7937.50
Sales: ABCDx44@35.41 ABACx44@35.41 ACCOx44@35.41 ACADx44@35.41 ADBEx44@35.41 
Purchases: ABCDx44@35.41 ABACx44@35.41 ACCOx44@35.41 ACADx44@35.41 ADBEx44@35.41 

2011-09-08
Cash: 148.12
Held: ABCDx44@33.66 ABACx44@33.66 ACCOx44@33.66 ACADx44@33.66 ADBEx44@33.66 
Value: 7552.50
Sales: ABCDx44@33.66 ABACx44@33.66 ACCOx44@33.66 ACADx44@33.66 ADBEx44@33.66 
Purchases: ABCDx44@33.66 ABACx44@33.66 ACCOx44@33.66 ACADx44@33.66 ADBEx44@33.66 

2011-09-11
Cash: 148.12
Held: ABCDx44@32.69 ABACx44@32.69 ACCOx44@32.69 ACADx44@32.69 ADBEx44@32.69 
Value: 7339.38
Sales: ABCDx44@32.69 ABACx44@32.69 ACCOx44@32.69 ACADx44@32.69 ADBEx44@32.69 
Purchases: ABCDx44@32.69 ABACx44@32.69 ACCOx44@32.69 ACADx44@32.69 ADBEx44@32.69 

2011-09-12
Cash: 148.12
Held: ABCDx44@33.53 ABACx44@33.53 ACCOx44@33.53 ACADx44@33.53 ADBEx44@33.53 
Value: 7525.00
Sales: ABCDx44@33.53 ABACx44@33.53 ACCOx44@33.53 ACADx44@33.53 ADBEx44@33.53 
Purchases: ABCDx44@33.53 ABACx44@33.53 ACCOx44@33.53 ACADx44@33.53 ADBEx44@33.53 

2011-09-13
Cash: 148.12
Held: ABCDx44@35.12 ABACx44@35.12 ACCOx44@35.12 ACADx44@35.12 ADBEx44@35.12 
Value: 7875.62
Sales: ABCDx44@35.12 ABACx44@35.12 ACCOx44@35.12 ACADx44@35.12 ADBEx44@35.12 
Purchases: ABCDx44@35.12 ABACx44@35.12 ACCOx44@35.12 ACADx44@35.12 ADBEx44@35.12 

2011-09-14
Cash: 148.12
Held: ABCDx44@37.12 ABACx44@37.12 ACCOx44@37.12 ACADx44@37.12 ADBEx44@37.12 
Value: 8315.62
Sales: ABCDx44@37.12 ABACx44@37.12 ACCOx44@37.12 ACADx44@37.12 ADBEx44@37.12 
Purchases: ABCDx44@37.12 ABACx44@37.12 ACCOx44@37.12 ACADx44@37.12 ADBEx44@37.12 

2011-09-15
Cash: 148.12
Held: ABCDx44@37.19 ABACx44@37.19 ACCOx44@37.19 ACADx44@37.19 ADBEx44@37.19 
Value: 8329.38
Sales: ABCDx44@37.19 ABACx44@37.19 ACCOx44@37.19 ACADx44@37.19 ADBEx44@37.19 
Purchases: ABCDx44@37.19 ABACx44@37.19 ACCOx44@37.19 ACADx44@37.19 ADBEx44@37.19 

2011-09-18
Cash: 148.12
Held: ABCDx44@35.41 ABACx44@35.41 ACCOx44@35.41 ACADx44@35.41 ADBEx44@35.41 
Value: 7937.50
Sales: ABCDx44@35.41 ABACx44@35.41 ACCOx44@35.41 ACADx44@35.41 ADBEx44@35.41 
Purchases: ABCDx44@35.41 ABACx44@35.41 ACCOx44@35.41 ACADx44@35.41 ADBEx44@35.41 

2011-09-19
Cash: 148.12
Held: ABCDx44@35.34 ABACx44@35.34 ACCOx44@35.34 ACADx44@35.34 ADBEx44@35.34 
Value: 7923.75
Sales: ABCDx44@35.34 ABACx44@35.34 ACCOx44@35.34 ACADx44@35.34 ADBEx44@35.34 
Purchases: ABCDx44@35.34 ABACx44@35.34 ACCOx44@35.34 ACADx44@35.34 ADBEx44@35.34 

2011-09-20
Cash: 148.12
Held: ABCDx44@35.09 ABACx44@35.09 ACCOx44@35.09 ACADx44@35.09 ADBEx44@35.09 
Value: 7868.75
Sales: ABCDx44@35.09 ABACx44@35.09 ACCOx44@35.09 ACADx44@35.09 ADBEx44@35.09 
Purchases: ABCDx44@35.09 ABACx44@35.09 ACCOx44@35.09 ACADx44@35.09 ADBEx44@35.09 

2011-09-21
Cash: 148.12
Held: ABCDx44@31.09 ABACx44@31.09 ACCOx44@31.09 ACADx44@31.09 ADBEx44@31.09 
Value: 6988.75
Sales: ABCDx44@31.09 ABACx44@31.09 ACCOx44@31.09 ACADx44@31.09 ADBEx44@31.09 
Purchases: ABCDx44@31.09 ABACx44@31.09 ACCOx44@31.09 ACADx44@31.09 ADBEx44@31.09 

2011-09-22
Cash: 148.12
Held: ABCDx44@31.00 ABACx44@31.00 ACCOx44@31.00 ACADx44@31.00 ADBEx44@31.00 
Value: 6968.12
Sales: ABCDx44@31.00 ABACx44@31.00 ACCOx44@31.00 ACADx44@31.00 ADBEx44@31.00 
Purchases: ABCDx44@31.00 ABACx44@31.00 ACCOx44@31.00 ACADx44@31.00 ADBEx44@31.00 

2011-09-25
Cash: 148.12
Held: ABCDx44@32.03 ABACx44@32.03 ACCOx44@32.03 ACADx44@32.03 ADBEx44@32.03 
Value: 7195.00
Sales: ABCDx44@32.03 ABACx44@32.03 ACCOx44@32.03 ACADx44@32.03 ADBEx44@32.03 
Purchases: ABCDx44@32.03 ABACx44@32.03 ACCOx44@32.03 ACADx44@32.03 ADBEx44@32.03 

2011-09-26
Cash: 148.12
Held: ABCDx44@33.41 ABACx44@33.41 ACCOx44@33.41 ACADx44@33.41 ADBEx44@33.41 
Value: 7497.50
Sales: ABCDx44@33.41 ABACx44@33.41 ACCOx44@33.41 ACADx44@33.41 ADBEx44@33.41 
Purchases: ABCDx44@33.41 ABACx44@33.41 ACCOx44@33.41 ACADx44@33.41 ADBEx44@33.41 

2011-09-27
Cash: 148.12
Held: ABCDx44@33.66 ABACx44@33.66 ACCOx44@33.66 ACADx44@33.66 ADBEx44@33.66 
Value: 7552.50
Sales: ABCDx44@33.66 ABACx44@33.66 ACCOx44@33.66 ACADx44@33.66 ADBEx44@33.66 
Purchases: ABCDx44@33.66 ABACx44@33.66 ACCOx44@33.66 ACADx44@33.66 ADBEx44@33.66 

2011-09-28
Cash: 148.12
Held: ABCDx44@32.50 ABACx44@32.50 ACCOx44@32.50 ACADx44@32.50 ADBEx44@32.50 
Value: 7298.12
Sales: ABCDx44@32.50 ABACx44@32.50 ACCOx44@32.50 ACADx44@32.50 ADBEx44@32.50 
Purchases: ABCDx44@32.50 ABACx44@32.50 ACCOx44@32.50 ACADx44@32.50 ADBEx44@32.50 

2011-09-29
Cash: 148.12
Held: ABCDx44@31.83 ABACx44@31.83 ACCOx44@31.83 ACADx44@31.83 ADBEx44@31.83 
Value: 7150.31
Sales: ABCDx44@31.83 ABACx44@31.83 ACCOx44@31.83 ACADx44@31.83 ADBEx44@31.83 
Purchases: ABCDx44@31.83 ABACx44@31.83 ACCOx44@31.83 ACADx44@31.83 ADBEx44@31.83 

2011-10-02
Cash: 148.12
Held: ABCDx44@30.91 ABACx44@30.91 ACCOx44@30.91 ACADx44@30.91 ADBEx44@30.91 
Value: 6947.50
Sales: ABCDx44@30.91 ABACx44@30.91 ACCOx44@30.91 ACADx44@30.91 ADBEx44@30.91 
Purchases: ABCDx44@30.91 ABACx44@30.91 ACCOx44@30.91 ACADx44@30.91 ADBEx44@30.91 

2011-10-03
Cash: 148.12
Held: ABCDx44@28.88 ABACx44@28.88 ACCOx44@28.88 ACADx44@28.88 ADBEx44@28.88 
Value: 6500.62
Sales: ABCDx44@28.88 ABACx44@28.88 ACCOx44@28.88 ACADx44@28.88 ADBEx44@28.88 
Purchases: ABCDx45@28.88 ABACx45@28.88 ACCOx45@28.88 ACADx45@28.88 ADBEx45@28.88 

2011-10-04
Cash: 3.75
Held: ABCDx45@31.12 ABACx45@31.12 ACCOx45@31.12 ACADx45@31.12 ADBEx45@31.12 
Value: 7006.88
Sales: ABCDx45@31.12 ABACx45@31.12 ACCOx45@31.12 ACADx45@31.12 ADBEx45@31.12 
Purchases: ABCDx45@31.12 ABACx45@31.12 ACCOx45@31.12 ACADx45@31.12 ADBEx45@31.12 

2011-10-05
Cash: 3.75
Held: ABCDx45@31.97 ABACx45@31.97 ACCOx45@31.97 ACADx45@31.97 ADBEx45@31.97 
Value: 7196.72
Sales: ABCDx45@31.97 ABACx45@31.97 ACCOx45@31.97 ACADx45@31.97 ADBEx45@31.97 
Purchases: ABCDx45@31.97 ABACx45@31.97 ACCOx45@31.97 ACADx45@31.97 ADBEx45@31.97 

2011-10-06
Cash: 3.75
Held: ABCDx45@32.31 ABACx45@32.31 ACCOx45@32.31 ACADx45@32.31 ADBEx45@32.31 
Value: 7274.06
Sales: ABCDx45@32.31 ABACx45@32.31 ACCOx45@32.31 ACADx45@32.31 ADBEx45@32.31 
Purchases: ABCDx45@32.31 ABACx45@32.31 ACCOx45@32.31 ACADx45@32.31 ADBEx45@32.31 

2011-10-09
Cash: 3.75
Held: ABCDx45@32.12 ABACx45@32.12 ACCOx45@32.12 ACADx45@32.12 ADBEx45@32.12 
Value: 7231.88
Sales: ABCDx45@32.12 ABACx45@32.12 ACCOx45@32.12 ACADx45@32.12 ADBEx45@32.12 
Purchases: ABCDx45@32.12 ABACx45@32.12 ACCOx45@32.12 ACADx45@32.12 ADBEx45@32.12 

2011-10-10
Cash: 3.75
Held: ABCDx45@32.88 ABACx45@32.88 ACCOx45@32.88 ACADx45@32.88 ADBEx45@32.88 
Value: 7400.62
Sales: ABCDx45@32.88 ABACx45@32.88 ACCOx45@32.88 ACADx45@32.88 ADBEx45@32.88 
Purchases: ABCDx45@32.88 ABACx45@32.88 ACCOx45@32.88 ACADx45@32.88 ADBEx45@32.88 

2011-10-11
Cash: 3.75
Held: ABCDx45@34.22 ABACx45@34.22 ACCOx45@34.22 ACADx45@34.22 ADBEx45@34.22 
Value: 7702.97
Sales: ABCDx45@34.22 ABACx45@34.22 ACCOx45@34.22 ACADx45@34.22 ADBEx45@34.22 
Purchases: ABCDx45@34.22 ABACx45@34.22 ACCOx45@34.22 ACADx45@34.22 ADBEx45@34.22 

2011-10-12
Cash: 3.75
Held: ABCDx45@33.34 ABACx45@33.34 ACCOx45@33.34 ACADx45@33.34 ADBEx45@33.34 
Value: 7506.09
Sales: ABCDx45@33.34 ABACx45@33.34 ACCOx45@33.34 ACADx45@33.34 ADBEx45@33.34 
Purchases: ABCDx45@33.34 ABACx45@33.34 ACCOx45@33.34 ACADx45@33.34 ADBEx45@33.34 

2011-10-13
Cash: 3.75
Held: ABCDx45@33.16 ABACx45@33.16 ACCOx45@33.16 ACADx45@33.16 ADBEx45@33.16 
Value: 7463.91
Sales: ABCDx45@33.16 ABACx45@33.16 ACCOx45@33.16 ACADx45@33.16 ADBEx45@33.16 
Purchases: ABCDx45@33.16 ABACx45@33.16 ACCOx45@33.16 ACADx45@33.16 ADBEx45@33.16 

2011-10-16
Cash: 3.75
Held: ABCDx45@33.03 ABACx45@33.03 ACCOx45@33.03 ACADx45@33.03 ADBEx45@33.03 
Value: 7435.78
Sales: ABCDx45@33.03 ABACx45@33.03 ACCOx45@33.03 ACADx45@33.03 ADBEx45@33.03 
Purchases: ABCDx45@33.03 ABACx45@33.03 ACCOx45@33.03 ACADx45@33.03 ADBEx45@33.03 

2011-10-17
Cash: 3.75
Held: ABCDx45@33.03 ABACx45@33.03 ACCOx45@33.03 ACADx45@33.03 ADBEx45@33.03 
Value: 7435.78
Sales: ABCDx45@33.03 ABACx45@33.03 ACCOx45@33.03 ACADx45@33.03 ADBEx45@33.03 
Purchases: ABCDx45@33.03 ABACx45@33.03 ACCOx45@33.03 ACADx45@33.03 ADBEx45@33.03 

2011-10-18
Cash: 3.75
Held: ABCDx45@33.31 ABACx45@33.31 ACCOx45@33.31 ACADx45@33.31 ADBEx45@33.31 
Value: 7499.06
Sales: ABCDx45@33.31 ABACx45@33.31 ACCOx45@33.31 ACADx45@33.31 ADBEx45@33.31 
Purchases: ABCDx45@33.31 ABACx45@33.31 ACCOx45@33.31 ACADx45@33.31 ADBEx45@33.31 

2011-10-19
Cash: 3.75
Held: ABCDx45@33.12 ABACx45@33.12 ACCOx45@33.12 ACADx45@33.12 ADBEx45@33.12 
Value: 7456.88
Sales: ABCDx45@33.12 ABACx45@33.12 ACCOx45@33.12 ACADx45@33.12 ADBEx45@33.12 
Purchases: ABCDx45@33.12 ABACx45@33.12 ACCOx45@33.12 ACADx45@33.12 ADBEx45@33.12 

2011-10-20
Cash: 3.75
Held: ABCDx45@34.28 ABACx45@34.28 ACCOx45@34.28 ACADx45@34.28 ADBEx45@34.28 
Value: 7717.03
Sales: ABCDx45@34.28 ABACx45@34.28 ACCOx45@34.28 ACADx45@34.28 ADBEx45@34.28 
Purchases: ABCDx45@34.28 ABACx45@34.28 ACCOx45@34.28 ACADx45@34.28 ADBEx45@34.28 

2011-10-23
Cash: 3.75
Held: ABCDx45@35.59 ABACx45@35.59 ACCOx45@35.59 ACADx45@35.59 ADBEx45@35.59 
Value: 8012.34
Sales: ABCDx45@35.59 ABACx45@35.59 ACCOx45@35.59 ACADx45@35.59 ADBEx45@35.59 
Purchases: ABCDx45@35.59 ABACx45@35.59 ACCOx45@35.59 ACADx45@35.59 ADBEx45@35.59 

2011-10-24
Cash: 3.75
Held: ABCDx45@36.94 ABACx45@36.94 ACCOx45@36.94 ACADx45@36.94 ADBEx45@36.94 
Value: 8314.69
Sales: ABCDx45@36.94 ABACx45@36.94 ACCOx45@36.94 ACADx45@36.94 ADBEx45@36.94 
Purchases: ABCDx45@36.94 ABACx45@36.94 ACCOx45@36.94 ACADx45@36.94 ADBEx45@36.94 

2011-10-25
Cash: 3.75
Held: ABCDx45@35.97 ABACx45@35.97 ACCOx45@35.97 ACADx45@35.97 ADBEx45@35.97 
Value: 8096.72
Sales: ABCDx45@35.97 ABACx45@35.97 ACCOx45@35.97 ACADx45@35.97 ADBEx45@35.97 
Purchases: ABCDx45@35.97 ABACx45@35.97 ACCOx45@35.97 ACADx45@35.97 ADBEx45@35.97 

2011-10-26
Cash: 3.75
Held: ABCDx45@37.81 ABACx45@37.81 ACCOx45@37.81 ACADx45@37.81 ADBEx45@37.81 
Value: 8511.56
Sales: ABCDx45@37.81 ABACx45@37.81 ACCOx45@37.81 ACADx45@37.81 ADBEx45@37.81 
Purchases: ABCDx45@37.81 ABACx45@37.81 ACCOx45@37.81 ACADx45@37.81 ADBEx45@37.81 

2011-10-27
Cash: 3.75
Held: ABCDx45@39.84 ABACx45@39.84 ACCOx45@39.84 ACADx45@39.84 ADBEx45@39.84 
Value: 8968.59
Sales: ABCDx45@39.84 ABACx45@39.84 ACCOx45@39.84 ACADx45@39.84 ADBEx45@39.84 
Purchases: ABCDx45@39.84 ABACx45@39.84 ACCOx45@39.84 ACADx45@39.84 ADBEx45@39.84 

2011-10-30
Cash: 3.75
Held: ABCDx45@39.84 ABACx45@39.84 ACCOx45@39.84 ACADx45@39.84 ADBEx45@39.84 
Value: 8968.59
Sales: ABCDx45@39.84 ABACx45@39.84 ACCOx45@39.84 ACADx45@39.84 ADBEx45@39.84 
Purchases: ABCDx45@39.84 ABACx45@39.84 ACCOx45@39.84 ACADx45@39.84 ADBEx45@39.84 

2011-10-31
Cash: 3.75
Held: ABCDx45@35.25 ABACx45@35.25 ACCOx45@35.25 ACADx45@35.25 ADBEx45@35.25 
Value: 7935.00
Sales: ABCDx45@35.25 ABACx45@35.25 ACCOx45@35.25 ACADx45@35.25 ADBEx45@35.25 
Purchases: ABCDx45@35.25 ABACx45@35.25 ACCOx45@35.25 ACADx45@35.25 ADBEx45@35.25 

2011-11-01
Cash: 3.75
Held: ABCDx45@35.81 ABACx45@35.81 ACCOx45@35.81 ACADx45@35.81 ADBEx45@35.81 
Value: 8061.56
Sales: ABCDx45@35.81 ABACx45@35.81 ACCOx45@35.81 ACADx45@35.81 ADBEx45@35.81 
Purchases: ABCDx45@35.81 ABACx45@35.81 ACCOx45@35.81 ACADx45@35.81 ADBEx45@35.81 

2011-11-02
Cash: 3.75
Held: ABCDx45@36.81 ABACx45@36.81 ACCOx45@36.81 ACADx45@36.81 ADBEx45@36.81 
Value: 8286.56
Sales: ABCDx45@36.81 ABACx45@36.81 ACCOx45@36.81 ACADx45@36.81 ADBEx45@36.81 
Purchases: ABCDx45@36.81 ABACx45@36.81 ACCOx45@36.81 ACADx45@36.81 ADBEx45@36.81 

2011-11-03
Cash: 3.75
Held: ABCDx45@36.56 ABACx45@36.56 ACCOx45@36.56 ACADx45@36.56 ADBEx45@36.56 
Value: 8230.31
Sales: ABCDx45@36.56 ABACx45@36.56 ACCOx45@36.56 ACADx45@36.56 ADBEx45@36.56 
Purchases: ABCDx45@36.56 ABACx45@36.56 ACCOx45@36.56 ACADx45@36.56 ADBEx45@36.56 

2011-11-06
Cash: 3.75
Held: ABCDx45@36.81 ABACx45@36.81 ACCOx45@36.81 ACADx45@36.81 ADBEx45@36.81 
Value: 8286.56
Sales: ABCDx45@36.81 ABACx45@36.81 ACCOx45@36.81 ACADx45@36.81 ADBEx45@36.81 
Purchases: ABCDx45@36.81 ABACx45@36.81 ACCOx45@36.81 ACADx45@36.81 ADBEx45@36.81 

2011-11-07
Cash: 3.75
Held: ABCDx45@38.03 ABACx45@38.03 ACCOx45@38.03 ACADx45@38.03 ADBEx45@38.03 
Value: 8560.78
Sales: ABCDx45@38.03 ABACx45@38.03 ACCOx45@38.03 ACADx45@38.03 ADBEx45@38.03 
Purchases: ABCDx45@38.03 ABACx45@38.03 ACCOx45@38.03 ACADx45@38.03 ADBEx45@38.03 

2011-11-08
Cash: 3.75
Held: ABCDx45@37.41 ABACx45@37.41 ACCOx45@37.41 ACADx45@37.41 ADBEx45@37.41 
Value: 8420.16
Sales: ABCDx45@37.41 ABACx45@37.41 ACCOx45@37.41 ACADx45@37.41 ADBEx45@37.41 
Purchases: ABCDx45@37.41 ABACx45@37.41 ACCOx45@37.41 ACADx45@37.41 ADBEx45@37.41 

2011-11-09
Cash: 3.75
Held: ABCDx45@36.91 ABACx45@36.91 ACCOx45@36.91 ACADx45@36.91 ADBEx45@36.91 
Value: 8307.66
Sales: ABCDx45@36.91 ABACx45@36.91 ACCOx45@36.91 ACADx45@36.91 ADBEx45@36.91 
Purchases: ABCDx45@36.91 ABACx45@36.91 ACCOx45@36.91 ACADx45@36.91 ADBEx45@36.91 

2011-11-10
Cash: 3.75
Held: ABCDx45@37.59 ABACx45@37.59 ACCOx45@37.59 ACADx45@37.59 ADBEx45@37.59 
Value: 8462.34
Sales: ABCDx45@37.59 ABACx45@37.59 ACCOx45@37.59 ACADx45@37.59 ADBEx45@37.59 
Purchases: ABCDx45@37.59 ABACx45@37.59 ACCOx45@37.59 ACADx45@37.59 ADBEx45@37.59 

2011-11-13
Cash: 3.75
Held: ABCDx45@37.12 ABACx45@37.12 ACCOx45@37.12 ACADx45@37.12 ADBEx45@37.12 
Value: 8356.88
Sales: ABCDx45@37.12 ABACx45@37.12 ACCOx45@37.12 ACADx45@37.12 ADBEx45@37.12 
Purchases: ABCDx45@37.12 ABACx45@37.12 ACCOx45@37.12 ACADx45@37.12 ADBEx45@37.12 

2011-11-14
Cash: 3.75
Held: ABCDx45@37.97 ABACx45@37.97 ACCOx45@37.97 ACADx45@37.97 ADBEx45@37.97 
Value: 8546.72
Sales: ABCDx45@37.97 ABACx45@37.97 ACCOx45@37.97 ACADx45@37.97 ADBEx45@37.97 
Purchases: ABCDx45@37.97 ABACx45@37.97 ACCOx45@37.97 ACADx45@37.97 ADBEx45@37.97 

2011-11-15
Cash: 3.75
Held: ABCDx45@37.34 ABACx45@37.34 ACCOx45@37.34 ACADx45@37.34 ADBEx45@37.34 
Value: 8406.09
Sales: ABCDx45@37.34 ABACx45@37.34 ACCOx45@37.34 ACADx45@37.34 ADBEx45@37.34 
Purchases: ABCDx45@37.34 ABACx45@37.34 ACCOx45@37.34 ACADx45@37.34 ADBEx45@37.34 

2011-11-16
Cash: 3.75
Held: ABCDx45@38.34 ABACx45@38.34 ACCOx45@38.34 ACADx45@38.34 ADBEx45@38.34 
Value: 8631.09
Sales: ABCDx45@38.34 ABACx45@38.34 ACCOx45@38.34 ACADx45@38.34 ADBEx45@38.34 
Purchases: ABCDx45@38.34 ABACx45@38.34 ACCOx45@38.34 ACADx45@38.34 ADBEx45@38.34 

2011-11-17
Cash: 3.75
Held: ABCDx45@37.50 ABACx45@37.50 ACCOx45@37.50 ACADx45@37.50 ADBEx45@37.50 
Value: 8441.25
Sales: ABCDx45@37.50 ABACx45@37.50 ACCOx45@37.50 ACADx45@37.50 ADBEx45@37.50 
Purchases: ABCDx45@37.50 ABACx45@37.50 ACCOx45@37.50 ACADx45@37.50 ADBEx45@37.50 

2011-11-20
Cash: 3.75
Held: ABCDx45@35.81 ABACx45@35.81 ACCOx45@35.81 ACADx45@35.81 ADBEx45@35.81 
Value: 8061.56
Sales: ABCDx45@35.81 ABACx45@35.81 ACCOx45@35.81 ACADx45@35.81 ADBEx45@35.81 
Purchases: ABCDx45@35.81 ABACx45@35.81 ACCOx45@35.81 ACADx45@35.81 ADBEx45@35.81 

2011-11-21
Cash: 3.75
Held: ABCDx45@35.62 ABACx45@35.62 ACCOx45@35.62 ACADx45@35.62 ADBEx45@35.62 
Value: 8019.38
Sales: ABCDx45@35.62 ABACx45@35.62 ACCOx45@35.62 ACADx45@35.62 ADBEx45@35.62 
Purchases: ABCDx45@35.62 ABACx45@35.62 ACCOx45@35.62 ACADx45@35.62 ADBEx45@35.62 

2011-11-22
Cash: 3.75
Held: ABCDx45@35.00 ABACx45@35.00 ACCOx45@35.00 ACADx45@35.00 ADBEx45@35.00 
Value: 7878.75
Sales: ABCDx45@35.00 ABACx45@35.00 ACCOx45@35.00 ACADx45@35.00 ADBEx45@35.00 
Purchases: ABCDx45@35.00 ABACx45@35.00 ACCOx45@35.00 ACADx45@35.00 ADBEx45@35.00 

2011-11-24
Cash: 3.75
Held: ABCDx45@33.41 ABACx45@33.41 ACCOx45@33.41 ACADx45@33.41 ADBEx45@33.41 
Value: 7520.16
Sales: ABCDx45@33.41 ABACx45@33.41 ACCOx45@33.41 ACADx45@33.41 ADBEx45@33.41 
Purchases: ABCDx45@33.41 ABACx45@33.41 ACCOx45@33.41 ACADx45@33.41 ADBEx45@33.41 

2011-11-27
Cash: 3.75
Held: ABCDx45@35.12 ABACx45@35.12 ACCOx45@35.12 ACADx45@35.12 ADBEx45@35.12 
Value: 7906.88
Sales: ABCDx45@35.12 ABACx45@35.12 ACCOx45@35.12 ACADx45@35.12 ADBEx45@35.12 
Purchases: ABCDx45@35.12 ABACx45@35.12 ACCOx45@35.12 ACADx45@35.12 ADBEx45@35.12 

2011-11-28
Cash: 3.75
Held: ABCDx45@35.38 ABACx45@35.38 ACCOx45@35.38 ACADx45@35.38 ADBEx45@35.38 
Value: 7963.12
Sales: ABCDx45@35.38 ABACx45@35.38 ACCOx45@35.38 ACADx45@35.38 ADBEx45@35.38 
Purchases: ABCDx45@35.38 ABACx45@35.38 ACCOx45@35.38 ACADx45@35.38 ADBEx45@35.38 

2011-11-29
Cash: 3.75
Held: ABCDx45@36.59 ABACx45@36.59 ACCOx45@36.59 ACADx45@36.59 ADBEx45@36.59 
Value: 8237.34
Sales: ABCDx45@36.59 ABACx45@36.59 ACCOx45@36.59 ACADx45@36.59 ADBEx45@36.59 
Purchases: ABCDx45@36.59 ABACx45@36.59 ACCOx45@36.59 ACADx45@36.59 ADBEx45@36.59 

2011-11-30
Cash: 3.75
Held: ABCDx45@37.31 ABACx45@37.31 ACCOx45@37.31 ACADx45@37.31 ADBEx45@37.31 
Value: 8399.06
Sales: ABCDx45@37.31 ABACx45@37.31 ACCOx45@37.31 ACADx45@37.31 ADBEx45@37.31 
Purchases: ABCDx45@37.31 ABACx45@37.31 ACCOx45@37.31 ACADx45@37.31 ADBEx45@37.31 

2011-12-01
Cash: 3.75
Held: ABCDx45@38.38 ABACx45@38.38 ACCOx45@38.38 ACADx45@38.38 ADBEx45@38.38 
Value: 8638.12
Sales: ABCDx45@38.38 ABACx45@38.38 ACCOx45@38.38 ACADx45@38.38 ADBEx45@38.38 
Purchases: ABCDx45@38.38 ABACx45@38.38 ACCOx45@38.38 ACADx45@38.38 ADBEx45@38.38 

2011-12-04
Cash: 3.75
Held: ABCDx45@37.53 ABACx45@37.53 ACCOx45@37.53 ACADx45@37.53 ADBEx45@37.53 
Value: 8448.28
Sales: ABCDx45@37.53 ABACx45@37.53 ACCOx45@37.53 ACADx45@37.53 ADBEx45@37.53 
Purchases: ABCDx45@37.53 ABACx45@37.53 ACCOx45@37.53 ACADx45@37.53 ADBEx45@37.53 

2011-12-05
Cash: 3.75
Held: ABCDx45@37.12 ABACx45@37.12 ACCOx45@37.12 ACADx45@37.12 ADBEx45@37.12 
Value: 8356.88
Sales: ABCDx45@37.12 ABACx45@37.12 ACCOx45@37.12 ACADx45@37.12 ADBEx45@37.12 
Purchases: ABCDx45@37.12 ABACx45@37.12 ACCOx45@37.12 ACADx45@37.12 ADBEx45@37.12 

2011-12-06
Cash: 3.75
Held: ABCDx45@36.66 ABACx45@36.66 ACCOx45@36.66 ACADx45@36.66 ADBEx45@36.66 
Value: 8251.41
Sales: ABCDx45@36.66 ABACx45@36.66 ACCOx45@36.66 ACADx45@36.66 ADBEx45@36.66 
Purchases: ABCDx45@36.66 ABACx45@36.66 ACCOx45@36.66 ACADx45@36.66 ADBEx45@36.66 

2011-12-07
Cash: 3.75
Held: ABCDx45@36.22 ABACx45@36.22 ACCOx45@36.22 ACADx45@36.22 ADBEx45@36.22 
Value: 8152.97
Sales: ABCDx45@36.22 ABACx45@36.22 ACCOx45@36.22 ACADx45@36.22 ADBEx45@36.22 
Purchases: ABCDx45@36.22 ABACx45@36.22 ACCOx45@36.22 ACADx45@36.22 ADBEx45@36.22 

2011-12-08
Cash: 3.75
Held: ABCDx45@34.84 ABACx45@34.84 ACCOx45@34.84 ACADx45@34.84 ADBEx45@34.84 
Value: 7843.59
Sales: ABCDx45@34.84 ABACx45@34.84 ACCOx45@34.84 ACADx45@34.84 ADBEx45@34.84 
Purchases: ABCDx45@34.84 ABACx45@34.84 ACCOx45@34.84 ACADx45@34.84 ADBEx45@34.84 

2011-12-11
Cash: 3.75
Held: ABCDx45@34.81 ABACx45@34.81 ACCOx45@34.81 ACADx45@34.81 ADBEx45@34.81 
Value: 7836.56
Sales: ABCDx45@34.81 ABACx45@34.81 ACCOx45@34.81 ACADx45@34.81 ADBEx45@34.81 
Purchases: ABCDx45@34.81 ABACx45@34.81 ACCOx45@34.81 ACADx45@34.81 ADBEx45@34.81 

2011-12-12
Cash: 3.75
Held: ABCDx45@34.06 ABACx45@34.06 ACCOx45@34.06 ACADx45@34.06 ADBEx45@34.06 
Value: 7667.81
Sales: ABCDx45@34.06 ABACx45@34.06 ACCOx45@34.06 ACADx45@34.06 ADBEx45@34.06 
Purchases: ABCDx45@34.06 ABACx45@34.06 ACCOx45@34.06 ACADx45@34.06 ADBEx45@34.06 

2011-12-13
Cash: 3.75
Held: ABCDx45@33.00 ABACx45@33.00 ACCOx45@33.00 ACADx45@33.00 ADBEx45@33.00 
Value: 7428.75
Sales: ABCDx45@33.00 ABACx45@33.00 ACCOx45@33.00 ACADx45@33.00 ADBEx45@33.00 
Purchases: ABCDx45@33.00 ABACx45@33.00 ACCOx45@33.00 ACADx45@33.00 ADBEx45@33.00 

2011-12-14
Cash: 3.75
Held: ABCDx45@33.53 ABACx45@33.53 ACCOx45@33.53 ACADx45@33.53 ADBEx45@33.53 
Value: 7548.28
Sales: ABCDx45@33.53 ABACx45@33.53 ACCOx45@33.53 ACADx45@33.53 ADBEx45@33.53 
Purchases: ABCDx45@33.53 ABACx45@33.53 ACCOx45@33.53 ACADx45@33.53 ADBEx45@33.53 

2011-12-15
Cash: 3.75
Held: ABCDx45@33.72 ABACx45@33.72 ACCOx45@33.72 ACADx45@33.72 ADBEx45@33.72 
Value: 7590.47
Sales: ABCDx45@33.72 ABACx45@33.72 ACCOx45@33.72 ACADx45@33.72 ADBEx45@33.72 
Purchases: ABCDx45@33.72 ABACx45@33.72 ACCOx45@33.72 ACADx45@33.72 ADBEx45@33.72 

2011-12-18
Cash: 3.75
Held: ABCDx45@33.62 ABACx45@33.62 ACCOx45@33.62 ACADx45@33.62 ADBEx45@33.62 
Value: 7569.38
Sales: ABCDx45@33.62 ABACx45@33.62 ACCOx45@33.62 ACADx45@33.62 ADBEx45@33.62 
Purchases: ABCDx45@33.62 ABACx45@33.62 ACCOx45@33.62 ACADx45@33.62 ADBEx45@33.62 

2011-12-19
Cash: 3.75
Held: ABCDx45@34.00 ABACx45@34.00 ACCOx45@34.00 ACADx45@34.00 ADBEx45@34.00 
Value: 7653.75
Sales: ABCDx45@34.00 ABACx45@34.00 ACCOx45@34.00 ACADx45@34.00 ADBEx45@34.00 
Purchases: ABCDx45@34.00 ABACx45@34.00 ACCOx45@34.00 ACADx45@34.00 ADBEx45@34.00 

2011-12-20
Cash: 3.75
Held: ABCDx45@34.44 ABACx45@34.44 ACCOx45@34.44 ACADx45@34.44 ADBEx45@34.44 
Value: 7752.19
Sales: ABCDx45@34.44 ABACx45@34.44 ACCOx45@34.44 ACADx45@34.44 ADBEx45@34.44 
Purchases: ABCDx45@34.44 ABACx45@34.44 ACCOx45@34.44 ACADx45@34.44 ADBEx45@34.44 

2011-12-21
Cash: 3.75
Held: ABCDx45@33.91 ABACx45@33.91 ACCOx45@33.91 ACADx45@33.91 ADBEx45@33.91 
Value: 7632.66
Sales: ABCDx45@33.91 ABACx45@33.91 ACCOx45@33.91 ACADx45@33.91 ADBEx45@33.91 
Purchases: ABCDx45@33.91 ABACx45@33.91 ACCOx45@33.91 ACADx45@33.91 ADBEx45@33.91 

2011-12-22
Cash: 3.75
Held: ABCDx45@34.84 ABACx45@34.84 ACCOx45@34.84 ACADx45@34.84 ADBEx45@34.84 
Value: 7843.59
Sales: ABCDx45@34.84 ABACx45@34.84 ACCOx45@34.84 ACADx45@34.84 ADBEx45@34.84 
Purchases: ABCDx45@34.84 ABACx45@34.84 ACCOx45@34.84 ACADx45@34.84 ADBEx45@34.84 

2011-12-26
Cash: 3.75
Held: ABCDx45@35.19 ABACx45@35.19 ACCOx45@35.19 ACADx45@35.19 ADBEx45@35.19 
Value: 7920.94
Sales: ABCDx45@35.19 ABACx45@35.19 ACCOx45@35.19 ACADx45@35.19 ADBEx45@35.19 
Purchases: ABCDx45@35.19 ABACx45@35.19 ACCOx45@35.19 ACADx45@35.19 ADBEx45@35.19 

2011-12-27
Cash: 3.75
Held: ABCDx45@35.25 ABACx45@35.25 ACCOx45@35.25 ACADx45@35.25 ADBEx45@35.25 
Value: 7935.00
Sales: ABCDx45@35.25 ABACx45@35.25 ACCOx45@35.25 ACADx45@35.25 ADBEx45@35.25 
Purchases: ABCDx45@35.25 ABACx45@35.25 ACCOx45@35.25 ACADx45@35.25 ADBEx45@35.25 

2011-12-28
Cash: 3.75
Held: ABCDx45@34.12 ABACx45@34.12 ACCOx45@34.12 ACADx45@34.12 ADBEx45@34.12 
Value: 7681.88
Sales: ABCDx45@34.12 ABACx45@34.12 ACCOx45@34.12 ACADx45@34.12 ADBEx45@34.12 
Purchases: ABCDx45@34.12 ABACx45@34.12 ACCOx45@34.12 ACADx45@34.12 ADBEx45@34.12 

2011-12-29
Cash: 3.75
Held: ABCDx45@34.94 ABACx45@34.94 ACCOx45@34.94 ACADx45@34.94 ADBEx45@34.94 
Value: 7864.69
Sales: ABCDx45@34.94 ABACx45@34.94 ACCOx45@34.94 ACADx45@34.94 ADBEx45@34.94 
Purchases: ABCDx45@34.94 ABACx45@34.94 ACCOx45@34.94 ACADx45@34.94 ADBEx45@34.94 

2012-01-02
Cash: 3.75
Held: ABCDx45@35.84 ABACx45@35.84 ACCOx45@35.84 ACADx45@35.84 ADBEx45@35.84 
Value: 8068.59
Sales: ABCDx45@35.84 ABACx45@35.84 ACCOx45@35.84 ACADx45@35.84 ADBEx45@35.84 
Purchases: ABCDx45@35.84 ABACx45@35.84 ACCOx45@35.84 ACADx45@35.84 ADBEx45@35.84 

2012-01-03
Cash: 3.75
Held: ABCDx45@36.16 ABACx45@36.16 ACCOx45@36.16 ACADx45@36.16 ADBEx45@36.16 
Value: 8138.91
Sales: ABCDx45@36.16 ABACx45@36.16 ACCOx45@36.16 ACADx45@36.16 ADBEx45@36.16 
Purchases: ABCDx45@36.16 ABACx45@36.16 ACCOx45@36.16 ACADx45@36.16 ADBEx45@36.16 

2012-01-04
Cash: 3.75
Held: ABCDx45@35.88 ABACx45@35.88 ACCOx45@35.88 ACADx45@35.88 ADBEx45@35.88 
Value: 8075.62
Sales: ABCDx45@35.88 ABACx45@35.88 ACCOx45@35.88 ACADx45@35.88 ADBEx45@35.88 
Purchases: ABCDx45@35.88 ABACx45@35.88 ACCOx45@35.88 ACADx45@35.88 ADBEx45@35.88 

2012-01-05
Cash: 3.75
Held: ABCDx45@37.09 ABACx45@37.09 ACCOx45@37.09 ACADx45@37.09 ADBEx45@37.09 
Value: 8349.84
Sales: ABCDx45@37.09 ABACx45@37.09 ACCOx45@37.09 ACADx45@37.09 ADBEx45@37.09 
Purchases: ABCDx45@37.09 ABACx45@37.09 ACCOx45@37.09 ACADx45@37.09 ADBEx45@37.09 

2012-01-08
Cash: 3.75
Held: ABCDx45@37.62 ABACx45@37.62 ACCOx45@37.62 ACADx45@37.62 ADBEx45@37.62 
Value: 8469.38
Sales: ABCDx45@37.62 ABACx45@37.62 ACCOx45@37.62 ACADx45@37.62 ADBEx45@37.62 
Purchases: ABCDx45@37.62 ABACx45@37.62 ACCOx45@37.62 ACADx45@37.62 ADBEx45@37.62 

2012-01-09
Cash: 3.75
Held: ABCDx45@38.81 ABACx45@38.81 ACCOx45@38.81 ACADx45@38.81 ADBEx45@38.81 
Value: 8736.56
Sales: ABCDx45@38.81 ABACx45@38.81 ACCOx45@38.81 ACADx45@38.81 ADBEx45@38.81 
Purchases: ABCDx45@38.81 ABACx45@38.81 ACCOx45@38.81 ACADx45@38.81 ADBEx45@38.81 

2012-01-10
Cash: 3.75
Held: ABCDx45@38.88 ABACx45@38.88 ACCOx45@38.88 ACADx45@38.88 ADBEx45@38.88 
Value: 8750.62
Sales: ABCDx45@38.88 ABACx45@38.88 ACCOx45@38.88 ACADx45@38.88 ADBEx45@38.88 
Purchases: ABCDx45@38.88 ABACx45@38.88 ACCOx45@38.88 ACADx45@38.88 ADBEx45@38.88 

2012-01-11
Cash: 3.75
Held: ABCDx45@39.12 ABACx45@39.12 ACCOx45@39.12 ACADx45@39.12 ADBEx45@39.12 
Value: 8806.88
Sales: ABCDx45@39.12 ABACx45@39.12 ACCOx45@39.12 ACADx45@39.12 ADBEx45@39.12 
Purchases: ABCDx45@39.12 ABACx45@39.12 ACCOx45@39.12 ACADx45@39.12 ADBEx45@39.12 

2012-01-12
Cash: 3.75
Held: ABCDx45@39.06 ABACx45@39.06 ACCOx45@39.06 ACADx45@39.06 ADBEx45@39.06 
Value: 8792.81
Sales: ABCDx45@39.06 ABACx45@39.06 ACCOx45@39.06 ACADx45@39.06 ADBEx45@39.06 
Purchases: ABCDx45@39.06 ABACx45@39.06 ACCOx45@39.06 ACADx45@39.06 ADBEx45@39.06 

2012-01-16
Cash: 3.75
Held: ABCDx45@39.75 ABACx45@39.75 ACCOx45@39.75 ACADx45@39.75 ADBEx45@39.75 
Value: 8947.50
Sales: ABCDx45@39.75 ABACx45@39.75 ACCOx45@39.75 ACADx45@39.75 ADBEx45@39.75 
Purchases: ABCDx45@39.75 ABACx45@39.75 ACCOx45@39.75 ACADx45@39.75 ADBEx45@39.75 

2012-01-17
Cash: 3.75
Held: ABCDx45@40.00 ABACx45@40.00 ACCOx45@40.00 ACADx45@40.00 ADBEx45@40.00 
Value: 9003.75
Sales: ABCDx45@40.00 ABACx45@40.00 ACCOx45@40.00 ACADx45@40.00 ADBEx45@40.00 
Purchases: ABCDx45@40.00 ABACx45@40.00 ACCOx45@40.00 ACADx45@40.00 ADBEx45@40.00 

2012-01-18
Cash: 3.75
Held: ABCDx45@41.38 ABACx45@41.38 ACCOx45@41.38 ACADx45@41.38 ADBEx45@41.38 
Value: 9313.12
Sales: ABCDx45@41.38 ABACx45@41.38 ACCOx45@41.38 ACADx45@41.38 ADBEx45@41.38 
Purchases: ABCDx45@41.38 ABACx45@41.38 ACCOx45@41.38 ACADx45@41.38 ADBEx45@41.38 

2012-01-19
Cash: 3.75
Held: ABCDx45@41.78 ABACx45@41.78 ACCOx45@41.78 ACADx45@41.78 ADBEx45@41.78 
Value: 9404.53
Sales: ABCDx45@41.78 ABACx45@41.78 ACCOx45@41.78 ACADx45@41.78 ADBEx45@41.78 
Purchases: ABCDx45@41.78 ABACx45@41.78 ACCOx45@41.78 ACADx45@41.78 ADBEx45@41.78 

2012-01-22
Cash: 3.75
Held: ABCDx45@40.88 ABACx45@40.88 ACCOx45@40.88 ACADx45@40.88 ADBEx45@40.88 
Value: 9200.62
Sales: ABCDx45@40.88 ABACx45@40.88 ACCOx45@40.88 ACADx45@40.88 ADBEx45@40.88 
Purchases: ABCDx45@40.88 ABACx45@40.88 ACCOx45@40.88 ACADx45@40.88 ADBEx45@40.88 

2012-01-23
Cash: 3.75
Held: ABCDx45@40.91 ABACx45@40.91 ACCOx45@40.91 ACADx45@40.91 ADBEx45@40.91 
Value: 9207.66
Sales: ABCDx45@40.91 ABACx45@40.91 ACCOx45@40.91 ACADx45@40.91 ADBEx45@40.91 
Purchases: ABCDx45@40.91 ABACx45@40.91 ACCOx45@40.91 ACADx45@40.91 ADBEx45@40.91 

2012-01-24
Cash: 3.75
Held: ABCDx45@42.88 ABACx45@42.88 ACCOx45@42.88 ACADx45@42.88 ADBEx45@42.88 
Value: 9650.62
Sales: ABCDx45@42.88 ABACx45@42.88 ACCOx45@42.88 ACADx45@42.88 ADBEx45@42.88 
Purchases: ABCDx45@42.88 ABACx45@42.88 ACCOx45@42.88 ACADx45@42.88 ADBEx45@42.88 

2012-01-25
Cash: 3.75
Held: ABCDx45@44.28 ABACx45@44.28 ACCOx45@44.28 ACADx45@44.28 ADBEx45@44.28 
Value: 9967.03
Sales: ABCDx45@44.28 ABACx45@44.28 ACCOx45@44.28 ACADx45@44.28 ADBEx45@44.28 
Purchases: ABCDx45@44.28 ABACx45@44.28 ACCOx45@44.28 ACADx45@44.28 ADBEx45@44.28 

2012-01-26
Cash: 3.75
Held: ABCDx45@42.38 ABACx45@42.38 ACCOx45@42.38 ACADx45@42.38 ADBEx45@42.38 
Value: 9538.12
Sales: ABCDx45@42.38 ABACx45@42.38 ACCOx45@42.38 ACADx45@42.38 ADBEx45@42.38 
Purchases: ABCDx45@42.38 ABACx45@42.38 ACCOx45@42.38 ACADx45@42.38 ADBEx45@42.38 

2012-01-29
Cash: 3.75
Held: ABCDx45@41.94 ABACx45@41.94 ACCOx45@41.94 ACADx45@41.94 ADBEx45@41.94 
Value: 9439.69
Sales: ABCDx45@41.94 ABACx45@41.94 ACCOx45@41.94 ACADx45@41.94 ADBEx45@41.94 
Purchases: ABCDx45@41.94 ABACx45@41.94 ACCOx45@41.94 ACADx45@41.94 ADBEx45@41.94 

2012-01-30
Cash: 3.75
Held: ABCDx45@43.34 ABACx45@43.34 ACCOx45@43.34 ACADx45@43.34 ADBEx45@43.34 
Value: 9756.09
Sales: ABCDx45@43.34 ABACx45@43.34 ACCOx45@43.34 ACADx45@43.34 ADBEx45@43.34 
Purchases: ABCDx45@43.34 ABACx45@43.34 ACCOx45@43.34 ACADx45@43.34 ADBEx45@43.34 

2012-01-31
Cash: 3.75
Held: ABCDx45@43.09 ABACx45@43.09 ACCOx45@43.09 ACADx45@43.09 ADBEx45@43.09 
Value: 9699.84
Sales: ABCDx45@43.09 ABACx45@43.09 ACCOx45@43.09 ACADx45@43.09 ADBEx45@43.09 
Purchases: ABCDx45@43.09 ABACx45@43.09 ACCOx45@43.09 ACADx45@43.09 ADBEx45@43.09 

2012-02-01
Cash: 3.75
Held: ABCDx45@44.22 ABACx45@44.22 ACCOx45@44.22 ACADx45@44.22 ADBEx45@44.22 
Value: 9952.97
Sales: ABCDx45@44.22 ABACx45@44.22 ACCOx45@44.22 ACADx45@44.22 ADBEx45@44.22 
Purchases: ABCDx45@44.22 ABACx45@44.22 ACCOx45@44.22 ACADx45@44.22 ADBEx45@44.22 

2012-02-02
Cash: 3.75
Held: ABCDx45@44.41 ABACx45@44.41 ACCOx45@44.41 ACADx45@44.41 ADBEx45@44.41 
Value: 9995.16
Sales: ABCDx45@44.41 ABACx45@44.41 ACCOx45@44.41 ACADx45@44.41 ADBEx45@44.41 
Purchases: ABCDx45@44.41 ABACx45@44.41 ACCOx45@44.41 ACADx45@44.41 ADBEx45@44.41 

2012-02-05
Cash: 3.75
Held: ABCDx45@44.75 ABACx45@44.75 ACCOx45@44.75 ACADx45@44.75 ADBEx45@44.75 
Value: 10072.50
Sales: ABCDx45@44.75 ABACx45@44.75 ACCOx45@44.75 ACADx45@44.75 ADBEx45@44.75 
Purchases: ABCDx45@44.75 ABACx45@44.75 ACCOx45@44.75 ACADx45@44.75 ADBEx45@44.75 

2012-02-06
Cash: 3.75
Held: ABCDx45@44.75 ABACx45@44.75 ACCOx45@44.75 ACADx45@44.75 ADBEx45@44.75 
Value: 10072.50
Sales: ABCDx45@44.75 ABACx45@44.75 ACCOx45@44.75 ACADx45@44.75 ADBEx45@44.75 
Purchases: ABCDx45@44.75 ABACx45@44.75 ACCOx45@44.75 ACADx45@44.75 ADBEx45@44.75 

2012-02-07
Cash: 3.75
Held: ABCDx45@44.69 ABACx45@44.69 ACCOx45@44.69 ACADx45@44.69 ADBEx45@44.69 
Value: 10058.44
Sales: ABCDx45@44.69 ABACx45@44.69 ACCOx45@44.69 ACADx45@44.69 ADBEx45@44.69 
Purchases: ABCDx45@44.69 ABACx45@44.69 ACCOx45@44.69 ACADx45@44.69 ADBEx45@44.69 

2012-02-08
Cash: 3.75
Held: ABCDx45@45.00 ABACx45@45.00 ACCOx45@45.00 ACADx45@45.00 ADBEx45@45.00 
Value: 10128.75
Sales: ABCDx45@45.00 ABACx45@45.00 ACCOx45@45.00 ACADx45@45.00 ADBEx45@45.00 
Purchases: ABCDx45@45.00 ABACx45@45.00 ACCOx45@45.00 ACADx45@45.00 ADBEx45@45.00 

2012-02-09
Cash: 3.75
Held: ABCDx45@44.25 ABACx45@44.25 ACCOx45@44.25 ACADx45@44.25 ADBEx45@44.25 
Value: 9960.00
Sales: ABCDx45@44.25 ABACx45@44.25 ACCOx45@44.25 ACADx45@44.25 ADBEx45@44.25 
Purchases: ABCDx45@44.25 ABACx45@44.25 ACCOx45@44.25 ACADx45@44.25 ADBEx45@44.25 

2012-02-12
Cash: 3.75
Held: ABCDx45@44.69 ABACx45@44.69 ACCOx45@44.69 ACADx45@44.69 ADBEx45@44.69 
Value: 10058.44
Sales: ABCDx45@44.69 ABACx45@44.69 ACCOx45@44.69 ACADx45@44.69 ADBEx45@44.69 
Purchases: ABCDx45@44.69 ABACx45@44.69 ACCOx45@44.69 ACADx45@44.69 ADBEx45@44.69 

2012-02-13
Cash: 3.75
Held: ABCDx45@43.75 ABACx45@43.75 ACCOx45@43.75 ACADx45@43.75 ADBEx45@43.75 
Value: 9847.50
Sales: ABCDx45@43.75 ABACx45@43.75 ACCOx45@43.75 ACADx45@43.75 ADBEx45@43.75 
Purchases: ABCDx45@43.75 ABACx45@43.75 ACCOx45@43.75 ACADx45@43.75 ADBEx45@43.75 

2012-02-14
Cash: 3.75
Held: ABCDx45@44.50 ABACx45@44.50 ACCOx45@44.50 ACADx45@44.50 ADBEx45@44.50 
Value: 10016.25
Sales: ABCDx45@44.50 ABACx45@44.50 ACCOx45@44.50 ACADx45@44.50 ADBEx45@44.50 
Purchases: ABCDx45@44.50 ABACx45@44.50 ACCOx45@44.50 ACADx45@44.50 ADBEx45@44.50 

2012-02-15
Cash: 3.75
Held: ABCDx45@43.00 ABACx45@43.00 ACCOx45@43.00 ACADx45@43.00 ADBEx45@43.00 
Value: 9678.75
Sales: ABCDx45@43.00 ABACx45@43.00 ACCOx45@43.00 ACADx45@43.00 ADBEx45@43.00 
Purchases: ABCDx45@43.00 ABACx45@43.00 ACCOx45@43.00 ACADx45@43.00 ADBEx45@43.00 

2012-02-16
Cash: 3.75
Held: ABCDx45@44.03 ABACx45@44.03 ACCOx45@44.03 ACADx45@44.03 ADBEx45@44.03 
Value: 9910.78
Sales: ABCDx45@44.03 ABACx45@44.03 ACCOx45@44.03 ACADx45@44.03 ADBEx45@44.03 
Purchases: ABCDx45@44.03 ABACx45@44.03 ACCOx45@44.03 ACADx45@44.03 ADBEx45@44.03 

2012-02-20
Cash: 3.75
Held: ABCDx45@43.28 ABACx45@43.28 ACCOx45@43.28 ACADx45@43.28 ADBEx45@43.28 
Value: 9742.03
Sales: ABCDx45@43.28 ABACx45@43.28 ACCOx45@43.28 ACADx45@43.28 ADBEx45@43.28 
Purchases: ABCDx45@43.28 ABACx45@43.28 ACCOx45@43.28 ACADx45@43.28 ADBEx45@43.28 

2012-02-21
Cash: 3.75
Held: ABCDx45@42.56 ABACx45@42.56 ACCOx45@42.56 ACADx45@42.56 ADBEx45@42.56 
Value: 9580.31
Sales: ABCDx45@42.56 ABACx45@42.56 ACCOx45@42.56 ACADx45@42.56 ADBEx45@42.56 
Purchases: ABCDx45@42.56 ABACx45@42.56 ACCOx45@42.56 ACADx45@42.56 ADBEx45@42.56 

2012-02-22
Cash: 3.75
Held: ABCDx45@42.72 ABACx45@42.72 ACCOx45@42.72 ACADx45@42.72 ADBEx45@42.72 
Value: 9615.47
Sales: ABCDx45@42.72 ABACx45@42.72 ACCOx45@42.72 ACADx45@42.72 ADBEx45@42.72 
Purchases: ABCDx45@42.72 ABACx45@42.72 ACCOx45@42.72 ACADx45@42.72 ADBEx45@42.72 

2012-02-23
Cash: 3.75
Held: ABCDx45@43.53 ABACx45@43.53 ACCOx45@43.53 ACADx45@43.53 ADBEx45@43.53 
Value: 9798.28
Sales: ABCDx45@43.53 ABACx45@43.53 ACCOx45@43.53 ACADx45@43.53 ADBEx45@43.53 
Purchases: ABCDx45@43.53 ABACx45@43.53 ACCOx45@43.53 ACADx45@43.53 ADBEx45@43.53 

2012-02-26
Cash: 3.75
Held: ABCDx45@42.72 ABACx45@42.72 ACCOx45@42.72 ACADx45@42.72 ADBEx45@42.72 
Value: 9615.47
Sales: ABCDx45@42.72 ABACx45@42.72 ACCOx45@42.72 ACADx45@42.72 ADBEx45@42.72 
Purchases: ABCDx45@42.72 ABACx45@42.72 ACCOx45@42.72 ACADx45@42.72 ADBEx45@42.72 

2012-02-27
Cash: 3.75
Held: ABCDx45@43.50 ABACx45@43.50 ACCOx45@43.50 ACADx45@43.50 ADBEx45@43.50 
Value: 9791.25
Sales: ABCDx45@43.50 ABACx45@43.50 ACCOx45@43.50 ACADx45@43.50 ADBEx45@43.50 
Purchases: ABCDx45@43.50 ABACx45@43.50 ACCOx45@43.50 ACADx45@43.50 ADBEx45@43.50 

2012-02-28
Cash: 3.75
Held: ABCDx45@43.81 ABACx45@43.81 ACCOx45@43.81 ACADx45@43.81 ADBEx45@43.81 
Value: 9861.56
Sales: ABCDx45@43.81 ABACx45@43.81 ACCOx45@43.81 ACADx45@43.81 ADBEx45@43.81 
Purchases: ABCDx45@43.81 ABACx45@43.81 ACCOx45@43.81 ACADx45@43.81 ADBEx45@43.81 

2012-02-29
Cash: 3.75
Held: ABCDx45@43.75 ABACx45@43.75 ACCOx45@43.75 ACADx45@43.75 ADBEx45@43.75 
Value: 9847.50
Sales: ABCDx45@43.75 ABACx45@43.75 ACCOx45@43.75 ACADx45@43.75 ADBEx45@43.75 
Purchases: ABCDx45@43.75 ABACx45@43.75 ACCOx45@43.75 ACADx45@43.75 ADBEx45@43.75 

2012-03-01
Cash: 3.75
Held: ABCDx45@44.16 ABACx45@44.16 ACCOx45@44.16 ACADx45@44.16 ADBEx45@44.16 
Value: 9938.91
Sales: ABCDx45@44.16 ABACx45@44.16 ACCOx45@44.16 ACADx45@44.16 ADBEx45@44.16 
Purchases: ABCDx45@44.16 ABACx45@44.16 ACCOx45@44.16 ACADx45@44.16 ADBEx45@44.16 

2012-03-04
Cash: 3.75
Held: ABCDx45@43.59 ABACx45@43.59 ACCOx45@43.59 ACADx45@43.59 ADBEx45@43.59 
Value: 9812.34
Sales: ABCDx45@43.59 ABACx45@43.59 ACCOx45@43.59 ACADx45@43.59 ADBEx45@43.59 
Purchases: ABCDx45@43.59 ABACx45@43.59 ACCOx45@43.59 ACADx45@43.59 ADBEx45@43.59 

2012-03-05
Cash: 3.75
Held: ABCDx45@42.28 ABACx45@42.28 ACCOx45@42.28 ACADx45@42.28 ADBEx45@42.28 
Value: 9517.03
Sales: ABCDx45@42.28 ABACx45@42.28 ACCOx45@42.28 ACADx45@42.28 ADBEx45@42.28 
Purchases: ABCDx45@42.28 ABACx45@42.28 ACCOx45@42.28 ACADx45@42.28 ADBEx45@42.28 

2012-03-06
Cash: 3.75
Held: ABCDx45@42.47 ABACx45@42.47 ACCOx45@42.47 ACADx45@42.47 ADBEx45@42.47 
Value: 9559.22
Sales: ABCDx45@42.47 ABACx45@42.47 ACCOx45@42.47 ACADx45@42.47 ADBEx45@42.47 
Purchases: ABCDx45@42.47 ABACx45@42.47 ACCOx45@42.47 ACADx45@42.47 ADBEx45@42.47 

2012-03-07
Cash: 3.75
Held: ABCDx45@43.91 ABACx45@43.91 ACCOx45@43.91 ACADx45@43.91 ADBEx45@43.91 
Value: 9882.66
Sales: ABCDx45@43.91 ABACx45@43.91 ACCOx45@43.91 ACADx45@43.91 ADBEx45@43.91 
Purchases: ABCDx45@43.91 ABACx45@43.91 ACCOx45@43.91 ACADx45@43.91 ADBEx45@43.91 

2012-03-08
Cash: 3.75
Held: ABCDx45@44.25 ABACx45@44.25 ACCOx45@44.25 ACADx45@44.25 ADBEx45@44.25 
Value: 9960.00
Sales: ABCDx45@44.25 ABACx45@44.25 ACCOx45@44.25 ACADx45@44.25 ADBEx45@44.25 
Purchases: ABCDx45@44.25 ABACx45@44.25 ACCOx45@44.25 ACADx45@44.25 ADBEx45@44.25 

2012-03-11
Cash: 3.75
Held: ABCDx45@44.44 ABACx45@44.44 ACCOx45@44.44 ACADx45@44.44 ADBEx45@44.44 
Value: 10002.19
Sales: ABCDx45@44.44 ABACx45@44.44 ACCOx45@44.44 ACADx45@44.44 ADBEx45@44.44 
Purchases: ABCDx45@44.44 ABACx45@44.44 ACCOx45@44.44 ACADx45@44.44 ADBEx45@44.44 

2012-03-12
Cash: 3.75
Held: ABCDx45@43.97 ABACx45@43.97 ACCOx45@43.97 ACADx45@43.97 ADBEx45@43.97 
Value: 9896.72
Sales: ABCDx45@43.97 ABACx45@43.97 ACCOx45@43.97 ACADx45@43.97 ADBEx45@43.97 
Purchases: ABCDx45@43.97 ABACx45@43.97 ACCOx45@43.97 ACADx45@43.97 ADBEx45@43.97 

2012-03-13
Cash: 3.75
Held: ABCDx45@45.12 ABACx45@45.12 ACCOx45@45.12 ACADx45@45.12 ADBEx45@45.12 
Value: 10156.88
Sales: ABCDx45@45.12 ABACx45@45.12 ACCOx45@45.12 ACADx45@45.12 ADBEx45@45.12 
Purchases: ABCDx45@45.12 ABACx45@45.12 ACCOx45@45.12 ACADx45@45.12 ADBEx45@45.12 

2012-03-14
Cash: 3.75
Held: ABCDx45@45.09 ABACx45@45.09 ACCOx45@45.09 ACADx45@45.09 ADBEx45@45.09 
Value: 10149.84
Sales: ABCDx45@45.09 ABACx45@45.09 ACCOx45@45.09 ACADx45@45.09 ADBEx45@45.09 
Purchases: ABCDx45@45.09 ABACx45@45.09 ACCOx45@45.09 ACADx45@45.09 ADBEx45@45.09 

2012-03-15
Cash: 3.75
Held: ABCDx45@45.94 ABACx45@45.94 ACCOx45@45.94 ACADx45@45.94 ADBEx45@45.94 
Value: 10339.69
Sales: ABCDx45@45.94 ABACx45@45.94 ACCOx45@45.94 ACADx45@45.94 ADBEx45@45.94 
Purchases: ABCDx45@45.94 ABACx45@45.94 ACCOx45@45.94 ACADx45@45.94 ADBEx45@45.94 

2012-03-18
Cash: 3.75
Held: ABCDx45@45.44 ABACx45@45.44 ACCOx45@45.44 ACADx45@45.44 ADBEx45@45.44 
Value: 10227.19
Sales: ABCDx45@45.44 ABACx45@45.44 ACCOx45@45.44 ACADx45@45.44 ADBEx45@45.44 
Purchases: ABCDx45@45.44 ABACx45@45.44 ACCOx45@45.44 ACADx45@45.44 ADBEx45@45.44 

2012-03-19
Cash: 3.75
Held: ABCDx45@45.09 ABACx45@45.09 ACCOx45@45.09 ACADx45@45.09 ADBEx45@45.09 
Value: 10149.84
Sales: ABCDx45@45.09 ABACx45@45.09 ACCOx45@45.09 ACADx45@45.09 ADBEx45@45.09 
Purchases: ABCDx45@45.09 ABACx45@45.09 ACCOx45@45.09 ACADx45@45.09 ADBEx45@45.09 

2012-03-20
Cash: 3.75
Held: ABCDx45@44.88 ABACx45@44.88 ACCOx45@44.88 ACADx45@44.88 ADBEx45@44.88 
Value: 10100.62
Sales: ABCDx45@44.88 ABACx45@44.88 ACCOx45@44.88 ACADx45@44.88 ADBEx45@44.88 
Purchases: ABCDx45@44.88 ABACx45@44.88 ACCOx45@44.88 ACADx45@44.88 ADBEx45@44.88 

2012-03-21
Cash: 3.75
Held: ABCDx45@44.00 ABACx45@44.00 ACCOx45@44.00 ACADx45@44.00 ADBEx45@44.00 
Value: 9903.75
Sales: ABCDx45@44.00 ABACx45@44.00 ACCOx45@44.00 ACADx45@44.00 ADBEx45@44.00 
Purchases: ABCDx45@44.00 ABACx45@44.00 ACCOx45@44.00 ACADx45@44.00 ADBEx45@44.00 

2012-03-22
Cash: 3.75
Held: ABCDx45@43.56 ABACx45@43.56 ACCOx45@43.56 ACADx45@43.56 ADBEx45@43.56 
Value: 9805.31
Sales: ABCDx45@43.56 ABACx45@43.56 ACCOx45@43.56 ACADx45@43.56 ADBEx45@43.56 
Purchases: ABCDx45@43.56 ABACx45@43.56 ACCOx45@43.56 ACADx45@43.56 ADBEx45@43.56 

2012-03-25
Cash: 3.75
Held: ABCDx45@44.88 ABACx45@44.88 ACCOx45@44.88 ACADx45@44.88 ADBEx45@44.88 
Value: 10100.62
Sales: ABCDx45@44.88 ABACx45@44.88 ACCOx45@44.88 ACADx45@44.88 ADBEx45@44.88 
Purchases: ABCDx45@44.88 ABACx45@44.88 ACCOx45@44.88 ACADx45@44.88 ADBEx45@44.88 

