2011-04-03
Cash: 10000.00
Held: 
Value: 10000.00
Sales: 
Purchases: USVx37@52.88 EXFOx235@8.50 GENEx826@2.42 MTORx121@16.50 LOGIx138@14.49 

2011-04-04
Cash: 50.85
Held: MTORx121@16.77 GENEx826@2.29 USVx37@54.34 EXFOx235@7.94 LOGIx138@14.36 
Value: 9828.80
Sales: USVx37@54.34 EXFOx235@7.94 GENEx826@2.29 MTORx121@16.77 LOGIx138@14.36 
Purchases: XBKSx3120@0.63 AVAVx65@30.00 RECNx130@15.01 RIBTx6777@0.29 SPUx553@3.55 

2011-04-05
Cash: 33.37
Held: SPUx553@3.85 AVAVx65@30.20 RECNx130@15.56 RIBTx6777@0.21 XBKSx3120@0.60 
Value: 9443.74
Sales: AVAVx65@30.20 XBKSx3120@0.60 RECNx130@15.56 SPUx553@3.85 RIBTx6777@0.21 
Purchases: TORMx106@17.81 VVUSx285@6.61 KGJIx953@1.98 OVBCx90@20.94 VRMLx423@4.46 

2011-04-06
Cash: 13.21
Held: TORMx106@16.73 VVUSx285@6.70 OVBCx90@20.94 KGJIx953@2.10 VRMLx423@4.29 
Value: 9395.90
Sales: TORMx106@16.73 VVUSx285@6.70 KGJIx953@2.10 OVBCx90@20.94 VRMLx423@4.29 
Purchases: MDXGx1843@1.02 UCFCx1592@1.18 HCCIx121@15.48 VIVEx13421@0.14 PFINx495@3.79 

2011-04-07
Cash: 11.46
Held: PFINx495@3.76 HCCIx121@15.90 MDXGx1843@1.03 VIVEx13421@0.18 UCFCx1592@1.21 
Value: 10037.81
Sales: MDXGx1843@1.03 UCFCx1592@1.21 PFINx495@3.76 VIVEx13421@0.18 HCCIx121@15.90 
Purchases: SWKSx72@27.84 BOSCx155@12.92 IRCPx148@13.49 NAIIx478@4.20 FSNNx28676@0.07 

2011-04-10
Cash: 18.57
Held: SWKSx72@27.62 FSNNx28676@0.09 NAIIx478@4.33 BOSCx155@12.40 IRCPx148@13.99 
Value: 10650.62
Sales: IRCPx148@13.99 BOSCx155@12.40 SWKSx72@27.62 FSNNx28676@0.09 NAIIx478@4.33 
Purchases: HRTXx10145@0.21 GTIMx1009@2.11 CKXx212@10.04 CYRXx136@15.60 CETCx36@59.00 

2011-04-11
Cash: 18.11
Held: CKXx212@13.50 GTIMx1009@2.20 CYRXx136@16.56 CETCx36@57.09 HRTXx10145@0.24 
Value: 11841.70
Sales: CYRXx136@16.56 CETCx36@57.09 HRTXx10145@0.24 CKXx212@13.50 GTIMx1009@2.20 
Purchases: IMHx657@3.60 AXDXx680@3.48 CASIx498@4.75 EZPWx82@28.62 CTSOx364@6.50 

2011-04-12
Cash: 31.29
Held: AXDXx680@3.65 EZPWx82@29.05 IMHx657@3.53 CTSOx364@6.00 CASIx498@4.73 
Value: 11753.92
Sales: IMHx657@3.53 AXDXx680@3.65 CASIx498@4.73 EZPWx82@29.05 CTSOx364@6.00 
Purchases: PLBCx1078@2.18 APDNx653@3.60 IOCx35@65.75 EXTRx805@2.92 CIG.Cx187@12.57 

2011-04-13
Cash: 51.24
Held: CIG.Cx187@15.40 APDNx653@3.60 PLBCx1078@2.16 IOCx35@65.38 EXTRx805@2.95 
Value: 12272.18
Sales: EXTRx805@2.95 PLBCx1078@2.16 IOCx35@65.38 APDNx653@3.60 CIG.Cx187@15.40 
Purchases: MSBx71@34.50 NDSNx44@55.12 BSPMx66@36.75 DSSx721@3.40 ISRx2172@1.13 

2011-04-14
Cash: 65.90
Held: ISRx2172@1.14 NDSNx44@55.09 DSSx721@3.40 BSPMx66@33.81 MSBx71@36.28 
Value: 12224.61
Sales: MSBx71@36.28 ISRx2172@1.14 BSPMx66@33.81 DSSx721@3.40 NDSNx44@55.09 
Purchases: CALXx124@19.69 INVEx702@3.48 EVKx1663@1.47 BXMTx714@3.42 CPFx164@14.82 

2011-04-17
Cash: 23.56
Held: EVKx1663@1.79 CALXx124@19.09 INVEx702@3.95 BXMTx714@3.46 CPFx164@15.00 
Value: 13071.49
Sales: CALXx124@19.09 INVEx702@3.95 EVKx1663@1.79 BXMTx714@3.46 CPFx164@15.00 
Purchases: GALEx2751@0.95 PAASx68@37.94 AMTXx2178@1.20 INFYx41@63.69 DLHCx4754@0.55 

2011-04-18
Cash: 38.76
Held: GALEx2751@0.90 DLHCx4754@0.65 INFYx41@64.25 AMTXx2178@1.70 PAASx68@37.47 
Value: 14489.18
Sales: GALEx2751@0.90 PAASx68@37.47 AMTXx2178@1.70 INFYx41@64.25 DLHCx4754@0.65 
Purchases: NYNYx4325@0.67 MYOSx2318@1.25 CLNTx117@24.70 SYNx2587@1.12 TI.Ax243@11.92 

2011-04-19
Cash: 9.24
Held: SYNx2587@1.21 CLNTx117@26.00 MYOSx2318@1.25 TI.Ax243@12.29 NYNYx4325@0.72 
Value: 15180.08
Sales: MYOSx2318@1.25 NYNYx4325@0.72 CLNTx117@26.00 SYNx2587@1.21 TI.Ax243@12.29 
Purchases: OPHCx1302@2.33 SSYx1264@2.40 NBNx212@14.29 RDCMx478@6.34 MCZx1623@1.87 

2011-04-20
Cash: 17.30
Held: SSYx1264@2.45 NBNx212@14.22 RDCMx478@6.74 OPHCx1302@2.57 MCZx1623@1.91 
Value: 15795.12
Sales: OPHCx1302@2.57 SSYx1264@2.45 NBNx212@14.22 RDCMx478@6.74 MCZx1623@1.91 
Purchases: FHx2240@1.41 SOXSx58@53.59 KELYBx166@18.98 VXXx125@25.12 SMNx193@16.33 

2011-04-24
Cash: 84.57
Held: KELYBx166@19.00 VXXx125@24.77 SMNx193@16.06 FHx2240@1.43 SOXSx58@54.22 
Value: 15781.53
Sales: FHx2240@1.43 SMNx193@16.06 KELYBx166@19.00 VXXx125@24.77 SOXSx58@54.22 
Purchases: DSTx65@48.38 SINOx1384@2.28 NETEx19722@0.16 LEEx1570@2.01 GUREx740@4.26 

2011-04-25
Cash: 17.41
Held: DSTx65@48.28 LEEx1570@1.95 SINOx1384@2.30 GUREx740@3.73 NETEx19722@0.16 
Value: 15318.52
Sales: NETEx19722@0.16 SINOx1384@2.30 DSTx65@48.28 LEEx1570@1.95 GUREx740@3.73 
Purchases: HAFCx2339@1.31 HNIx117@26.06 SILCx151@20.25 BLDRx1169@2.62 TSCOx50@60.66 

2011-04-26
Cash: 53.78
Held: HNIx117@26.70 HAFCx2339@1.34 SILCx151@21.08 TSCOx50@61.09 BLDRx1169@2.69 
Value: 15693.40
Sales: HNIx117@26.70 HAFCx2339@1.34 SILCx151@21.08 BLDRx1169@2.69 TSCOx50@61.09 
Purchases: GPLx934@3.36 PPPx671@4.67 RVPx2290@1.37 CRD.Bx604@5.19 HEIx66@47.38 

2011-04-27
Cash: 20.98
Held: CRD.Bx604@4.77 RVPx2290@1.36 PPPx671@4.90 HEIx66@47.19 GPLx934@3.91 
Value: 16070.30
Sales: GPLx934@3.91 RVPx2290@1.36 CRD.Bx604@4.77 PPPx671@4.90 HEIx66@47.19 
Purchases: NHTCx8683@0.37 CTSOx612@5.25 TZOOx37@85.88 ANIKx375@8.57 MNIx1100@2.92 

2011-04-28
Cash: 40.41
Held: MNIx1100@3.03 CTSOx612@6.18 NHTCx8683@0.45 ANIKx375@8.39 TZOOx37@84.12 
Value: 17320.64
Sales: MNIx1100@3.03 NHTCx8683@0.45 TZOOx37@84.12 ANIKx375@8.39 CTSOx612@6.18 
Purchases: ZSLx261@13.23 AKAMx99@34.91 ACLSx470@7.36 LEEx2339@1.48 SMEDx721@4.80 

2011-05-01
Cash: 29.71
Held: ACLSx470@7.64 SMEDx721@4.68 LEEx2339@1.42 ZSLx261@15.21 AKAMx99@34.41 
Value: 17692.33
Sales: ZSLx261@15.21 AKAMx99@34.41 ACLSx470@7.64 LEEx2339@1.42 SMEDx721@4.68 
Purchases: HHSx407@8.68 OGENx842@4.20 GEN           x288@12.26 GENx288@12.26 DDDx84@41.97 

2011-05-02
Cash: 38.08
Held: GEN           x288@12.27 GENx288@12.27 DDDx84@38.31 HHSx407@9.01 OGENx842@4.20 
Value: 17527.75
Sales: HHSx407@9.01 OGENx842@4.20 GEN           x288@12.27 GENx288@12.27 DDDx84@38.31 
Purchases: NHTCx9734@0.36 GDOTx81@43.09 FSMx703@4.98 AGQx2@1178.00 IBIOx1251@2.80 

2011-05-03
Cash: 1170.82
Held: AGQx2@1040.00 FSMx703@5.00 NHTCx9734@0.36 IBIOx1251@2.75 GDOTx81@41.38 
Value: 17062.73
Sales: NHTCx9734@0.36 GDOTx81@41.38 FSMx703@5.00 AGQx2@1040.00 IBIOx1251@2.75 
Purchases: ISIGx650@5.25 ALQAx15513@0.22 SYMXx1107@3.08 TROVx17966@0.19 SIFYx586@5.82 

2011-05-04
Cash: 4.99
Held: ALQAx15513@0.24 ISIGx650@4.94 SIFYx586@6.53 SYMXx1107@2.80 TROVx17966@0.19 
Value: 17280.14
Sales: ISIGx650@4.94 ALQAx15513@0.24 SYMXx1107@2.80 TROVx17966@0.19 SIFYx586@6.53 
Purchases: LVSx80@42.75 PQx436@7.91 EMMSx847@4.08 SPUx1086@3.18 KNDIx1661@2.08 

2011-05-05
Cash: 48.99
Held: SPUx1086@3.15 KNDIx1661@2.11 LVSx80@43.28 PQx436@7.80 EMMSx847@4.44 
Value: 17599.49
Sales: LVSx80@43.28 PQx436@7.80 SPUx1086@3.15 KNDIx1661@2.11 EMMSx847@4.44 
Purchases: SMSIx613@5.74 MEIPx2749@1.28 BSFx372@9.44 RCGx1629@2.16 NXTMx173@20.25 

2011-05-08
Cash: 29.56
Held: MEIPx2749@1.30 BSFx372@9.45 SMSIx613@5.61 NXTMx173@20.02 RCGx1629@2.12 
Value: 17472.62
Sales: SMSIx613@5.61 MEIPx2749@1.30 BSFx372@9.45 RCGx1629@2.12 NXTMx173@20.02 
Purchases: GSITx531@6.58 CFBKx652@5.35 INUVx1455@2.40 SYPRx778@4.49 EIGx212@16.41 

2011-05-09
Cash: 27.84
Held: SYPRx778@4.69 INUVx1455@2.32 EIGx212@16.64 GSITx531@6.55 CFBKx652@5.85 
Value: 17875.30
Sales: GSITx531@6.55 CFBKx652@5.85 INUVx1455@2.32 EIGx212@16.64 SYPRx778@4.69 
Purchases: ZSLx187@19.06 PHMDx390@9.15 IOTx1339@2.67 SBFGx1149@3.11 SIFYx646@5.53 

2011-05-10
Cash: 21.84
Held: IOTx1339@2.72 SBFGx1149@3.18 SIFYx646@5.68 ZSLx187@19.80 PHMDx390@9.76 
Value: 18494.96
Sales: ZSLx187@19.80 PHMDx390@9.76 IOTx1339@2.72 SBFGx1149@3.18 SIFYx646@5.68 
Purchases: SGOCx1053@3.51 BSFTx91@40.62 TROVx26418@0.14 IHTx2341@1.58 PETSx286@12.92 

2011-05-11
Cash: 8.78
Held: IHTx2341@1.58 SGOCx1053@3.29 PETSx286@13.06 TROVx26418@0.14 BSFTx91@40.97 
Value: 18334.06
Sales: SGOCx1053@3.29 BSFTx91@40.97 PETSx286@13.06 IHTx2341@1.58 TROVx26418@0.14 
Purchases: AEYx1383@2.65 BSXx525@6.98 RCONx1982@1.85 BBGIx812@4.51 HOLIx335@10.92 

2011-05-12
Cash: 15.56
Held: RCONx1982@1.95 AEYx1383@2.65 BSXx525@6.92 BBGIx812@4.50 HOLIx335@10.57 
Value: 18375.37
Sales: AEYx1383@2.65 BBGIx812@4.50 RCONx1982@1.95 BSXx525@6.92 HOLIx335@10.57 
Purchases: HKx2401@1.53 NETEx33414@0.11 ALJx327@11.22 ASMx1470@2.50 BAAx1074@3.42 

2011-05-15
Cash: 9.61
Held: BAAx1074@3.26 HKx2401@1.54 ALJx327@10.89 ASMx1470@2.74 NETEx33414@0.11 
Value: 18472.66
Sales: HKx2401@1.54 NETEx33414@0.11 ALJx327@10.89 ASMx1470@2.74 BAAx1074@3.26 
Purchases: WGBSx5865@0.63 TEARx1924@1.92 LLITx1089@3.39 AMTXx2463@1.50 GENEx477@7.73 

2011-05-16
Cash: 10.14
Held: GENEx477@7.09 LLITx1089@3.49 AMTXx2463@1.50 WGBSx5865@0.58 TEARx1924@2.00 
Value: 18137.52
Sales: LLITx1089@3.49 TEARx1924@2.00 GENEx477@7.09 WGBSx5865@0.58 AMTXx2463@1.50 
Purchases: FONRx1543@2.35 EPMx488@7.42 RMBSx248@14.60 SPEXx930@3.90 NVGNx3022@1.20 

2011-05-17
Cash: 14.66
Held: NVGNx3022@1.20 SPEXx930@3.08 EPMx488@7.39 FONRx1543@2.36 RMBSx248@13.33 
Value: 17058.64
Sales: EPMx488@7.39 RMBSx248@13.33 NVGNx3022@1.20 FONRx1543@2.36 SPEXx930@3.08 
Purchases: CADCx138@24.59 BSPMx104@32.56 KONEx2006@1.70 SYMXx1440@2.37 GSLx610@5.59 

2011-05-18
Cash: 46.24
Held: KONEx2006@1.50 SYMXx1440@2.57 CADCx138@25.20 BSPMx104@30.45 GSLx610@5.59 
Value: 16811.45
Sales: BSPMx104@30.45 SYMXx1440@2.57 CADCx138@25.20 KONEx2006@1.50 GSLx610@5.59 
Purchases: BORNx364@9.23 SPLSx201@16.67 TAx521@6.45 ABIOx35@95.75 CLDXx1003@3.35 

2011-05-19
Cash: 30.99
Held: CLDXx1003@3.37 ABIOx35@91.56 TAx521@6.27 SPLSx201@16.58 BORNx364@9.00 
Value: 16489.55
Sales: BORNx364@9.00 SPLSx201@16.58 TAx521@6.27 CLDXx1003@3.37 ABIOx35@91.56 
Purchases: MEIPx2703@1.22 KONEx2306@1.43 DLHCx2747@1.20 VRMLx696@4.74 DDDx184@17.91 

2011-05-22
Cash: 6.24
Held: MEIPx2703@1.24 DLHCx2747@1.30 KONEx2306@1.37 DDDx184@17.64 VRMLx696@5.09 
Value: 16877.05
Sales: VRMLx696@5.09 MEIPx2703@1.24 DDDx184@17.64 KONEx2306@1.37 DLHCx2747@1.30 
Purchases: CFBKx608@5.55 DXLGx867@3.89 YRCWx3970@0.85 OGENx750@4.50 GPSx177@19.02 

2011-05-23
Cash: 13.35
Held: GPSx177@19.17 DXLGx867@3.79 YRCWx3970@0.80 OGENx750@4.76 CFBKx608@5.35 
Value: 16692.16
Sales: CFBKx608@5.35 DXLGx867@3.79 YRCWx3970@0.80 OGENx750@4.76 GPSx177@19.17 
Purchases: MTSLx2737@1.22 MOHx127@26.16 KROx119@28.02 FASTx102@32.56 NWYx633@5.27 

2011-05-24
Cash: 41.07
Held: MOHx127@25.91 NWYx633@5.02 FASTx102@32.31 KROx119@27.81 MTSLx2737@1.40 
Value: 16946.96
Sales: MTSLx2737@1.40 MOHx127@25.91 NWYx633@5.02 FASTx102@32.31 KROx119@27.81 
Purchases: TGSx891@3.80 INVEx1394@2.43 TISAx1417@2.39 SPEXx1168@2.90 BORNx494@6.86 

2011-05-25
Cash: 9.78
Held: INVEx1394@2.50 TGSx891@3.70 SPEXx1168@2.78 TISAx1417@2.51 BORNx494@6.75 
Value: 16927.84
Sales: TGSx891@3.70 INVEx1394@2.50 BORNx494@6.75 SPEXx1168@2.78 TISAx1417@2.51 
Purchases: CNETx679@4.98 CBLIx31@107.19 NVGNx3563@0.95 KONEx3418@0.99 KGJIx2471@1.37 

2011-05-26
Cash: 67.56
Held: CBLIx31@110.00 CNETx679@4.90 NVGNx3563@1.00 KONEx3418@1.00 KGJIx2471@1.43 
Value: 17317.36
Sales: CNETx679@4.90 CBLIx31@110.00 NVGNx3563@1.00 KONEx3418@1.00 KGJIx2471@1.43 
Purchases: KZx551@6.28 ROIAx1414@2.45 SIGMx392@8.82 NTZx946@3.66 CREGx1924@1.80 

2011-05-30
Cash: 10.30
Held: CREGx1924@1.83 SIGMx392@8.68 ROIAx1414@2.38 NTZx946@3.70 KZx551@6.41 
Value: 17331.80
Sales: KZx551@6.41 ROIAx1414@2.38 SIGMx392@8.68 NTZx946@3.70 CREGx1924@1.83 
Purchases: PTNx3687@0.94 ARNAx2406@1.44 SIGMx399@8.68 TPIVx19251@0.18 TISAx1475@2.35 

2011-05-31
Cash: 5.48
Held: SIGMx399@8.96 PTNx3687@0.88 TPIVx19251@0.20 ARNAx2406@1.41 TISAx1475@2.33 
Value: 17503.98
Sales: PTNx3687@0.88 ARNAx2406@1.41 SIGMx399@8.96 TPIVx19251@0.20 TISAx1475@2.33 
Purchases: COYNx1077@3.25 YANGx255@13.70 CADCx116@30.00 KONEx5074@0.69 NOKx537@6.51 

2011-06-01
Cash: 31.88
Held: KONEx5074@0.72 CADCx116@29.64 NOKx537@6.73 YANGx255@14.23 COYNx1077@3.50 
Value: 18136.10
Sales: COYNx1077@3.50 YANGx255@14.23 CADCx116@29.64 KONEx5074@0.72 NOKx537@6.73 
Purchases: ELTKx2727@1.33 CDTIx100@36.00 LECOx99@36.41 ARLx1523@2.38 SHOOx100@36.06 

2011-06-02
Cash: 72.46
Held: LECOx99@36.59 SHOOx100@34.75 CDTIx100@36.56 ARLx1523@2.32 ELTKx2727@1.38 
Value: 18123.26
Sales: ELTKx2727@1.38 ARLx1523@2.32 LECOx99@36.59 CDTIx100@36.56 SHOOx100@34.75 
Purchases: CBPOx317@11.42 FHx2293@1.58 FTNTx155@23.30 FFINx108@33.50 NAIIx1065@3.40 

2011-06-05
Cash: 28.98
Held: FFINx108@33.31 CBPOx317@9.85 FHx2293@1.56 FTNTx155@23.31 NAIIx1065@3.46 
Value: 17625.10
Sales: CBPOx317@9.85 FHx2293@1.56 FTNTx155@23.31 FFINx108@33.31 NAIIx1065@3.46 
Purchases: NWLx235@14.97 SKLNx50352@0.07 SSFNx615@5.73 CADCx137@25.69 OREXx1686@2.09 

2011-06-06
Cash: 15.54
Held: SKLNx50352@0.08 OREXx1686@1.82 CADCx137@26.64 SSFNx615@5.69 NWLx235@14.58 
Value: 17689.44
Sales: NWLx235@14.58 OREXx1686@1.82 SSFNx615@5.69 CADCx137@26.64 SKLNx50352@0.08 
Purchases: BVNx98@36.00 OPHCx2508@1.41 INOx4717@0.75 BOSCx411@8.60 BVXx1268@2.79 

2011-06-07
Cash: 15.25
Held: INOx4717@0.76 OPHCx2508@1.38 BOSCx411@8.80 BVXx1268@2.86 BVNx98@36.16 
Value: 17844.33
Sales: BVNx98@36.16 OPHCx2508@1.38 INOx4717@0.76 BVXx1268@2.86 BOSCx411@8.80 
Purchases: NEONx1181@3.02 VISNx1074@3.32 ROIAKx1950@1.83 ARLx1684@2.12 GIIIx104@34.28 

2011-06-08
Cash: 9.71
Held: GIIIx104@33.50 ROIAKx1950@1.81 NEONx1181@2.95 VISNx1074@3.28 ARLx1684@2.11 
Value: 17579.55
Sales: VISNx1074@3.28 GIIIx104@33.50 ROIAKx1950@1.81 NEONx1181@2.95 ARLx1684@2.11 
Purchases: CJJDx2093@1.68 RCONx3349@1.05 QNSTx314@11.19 VRTBx2374@1.48 BORNx704@4.99 

2011-06-09
Cash: 8.91
Held: RCONx3349@1.10 VRTBx2374@1.52 CJJDx2093@1.70 QNSTx314@10.86 BORNx704@4.64 
Value: 17534.22
Sales: CJJDx2093@1.70 RCONx3349@1.10 QNSTx314@10.86 VRTBx2374@1.52 BORNx704@4.64 
Purchases: GALEx3130@1.12 NFECx1926@1.82 MTGx595@5.89 PRTKx352@9.95 VRMLx777@4.51 

2011-06-12
Cash: 8.31
Held: NFECx1926@2.10 GALEx3130@1.06 MTGx595@6.12 PRTKx352@9.67 VRMLx777@4.51 
Value: 17920.76
Sales: GALEx3130@1.06 VRMLx777@4.51 NFECx1926@2.10 MTGx595@6.12 PRTKx352@9.67 
Purchases: ALNx2405@1.49 DIODx154@23.27 NBYx3115@1.15 EVKx1783@2.01 GENEx714@5.02 

2011-06-13
Cash: 3.02
Held: EVKx1783@2.04 NBYx3115@1.10 DIODx154@23.50 GENEx714@4.78 ALNx2405@1.37 
Value: 17391.90
Sales: DIODx154@23.50 ALNx2405@1.37 NBYx3115@1.10 EVKx1783@2.04 GENEx714@4.78 
Purchases: TAITx2973@1.17 ESXBx2716@1.28 STKLx491@7.08 GRCx114@30.30 OIIx95@36.41 

2011-06-14
Cash: 48.70
Held: ESXBx2716@1.26 OIIx95@36.38 TAITx2973@1.30 STKLx491@6.98 GRCx114@29.19 
Value: 17544.95
Sales: ESXBx2716@1.26 STKLx491@6.98 TAITx2973@1.30 OIIx95@36.38 GRCx114@29.19 
Purchases: PEDx43853@0.08 FOLDx524@6.69 ABRx835@4.20 DXTRx1420@2.47 MFRIx450@7.79 

2011-06-15
Cash: 9.84
Held: MFRIx450@7.57 PEDx43853@0.07 FOLDx524@6.34 ABRx835@4.46 DXTRx1420@2.39 
Value: 16928.16
Sales: PEDx43853@0.07 FOLDx524@6.34 ABRx835@4.46 DXTRx1420@2.39 MFRIx450@7.57 
Purchases: RCONx1364@2.48 AXDXx613@5.52 INUVx1979@1.71 SPWRx193@17.52 LODEx1099@3.08 

2011-06-16
Cash: 11.80
Held: RCONx1364@2.31 AXDXx613@4.85 SPWRx193@17.06 INUVx1979@1.77 LODEx1099@3.04 
Value: 16272.28
Sales: RCONx1364@2.31 AXDXx613@4.85 INUVx1979@1.77 SPWRx193@17.06 LODEx1099@3.04 
Purchases: HQCLx597@5.45 NAKx378@8.59 DSTx62@51.72 VGZx1261@2.58 DLHCx3071@1.06 

2011-06-19
Cash: 56.68
Held: VGZx1261@2.70 DSTx62@51.00 DLHCx3071@1.11 HQCLx597@5.32 NAKx378@8.62 
Value: 16465.81
Sales: HQCLx597@5.32 NAKx378@8.62 DSTx62@51.00 VGZx1261@2.70 DLHCx3071@1.11 
Purchases: CBLIx44@74.00 OPHCx4841@0.68 MINDx229@14.35 LIVEx968@3.40 BBRYx120@27.31 

2011-06-20
Cash: 61.49
Held: CBLIx44@69.19 LIVEx968@3.14 OPHCx4841@0.67 MINDx229@14.72 BBRYx120@26.44 
Value: 15932.05
Sales: OPHCx4841@0.67 CBLIx44@69.19 MINDx229@14.72 LIVEx968@3.14 BBRYx120@26.44 
Purchases: CALIx469@6.78 DLx1461@2.18 SITOx7967@0.40 SGRPx2746@1.16 INSx2451@1.30 

2011-06-21
Cash: 9.49
Held: CALIx469@7.50 DLx1461@2.20 SGRPx2746@1.22 INSx2451@1.30 SITOx7967@0.51 
Value: 17336.54
Sales: CALIx469@7.50 DLx1461@2.20 SITOx7967@0.51 SGRPx2746@1.22 INSx2451@1.30 
Purchases: PMBCx1019@3.40 ACURx171@20.25 FTEKx559@6.20 OSBCPx1041@3.33 HPJx2569@1.35 

2011-06-22
Cash: 9.67
Held: OSBCPx1041@3.30 HPJx2569@1.30 FTEKx559@5.99 ACURx171@19.45 PMBCx1019@3.39 
Value: 16913.97
Sales: PMBCx1019@3.39 HPJx2569@1.30 FTEKx559@5.99 OSBCPx1041@3.30 ACURx171@19.45 
Purchases: NYNYx3887@0.87 LARKx221@15.27 BSFx603@5.61 HSTMx305@11.08 PEIXx2332@1.45 

2011-06-23
Cash: 13.25
Held: BSFx603@5.50 LARKx221@15.74 PEIXx2332@1.46 NYNYx3887@0.90 HSTMx305@11.38 
Value: 17183.08
Sales: LARKx221@15.74 NYNYx3887@0.90 BSFx603@5.50 HSTMx305@11.38 PEIXx2332@1.46 
Purchases: GTXIx729@4.71 OGENx979@3.51 SEEDx844@4.07 KINSx1169@2.94 FCSCx3370@1.02 

2011-06-26
Cash: 5.37
Held: GTXIx729@4.39 FCSCx3370@0.95 OGENx979@3.75 SEEDx844@3.94 KINSx1169@2.96 
Value: 16865.77
Sales: SEEDx844@3.94 OGENx979@3.75 GTXIx729@4.39 KINSx1169@2.96 FCSCx3370@0.95 
Purchases: CHNRx321@10.50 ARLx1054@3.20 AMRBx550@6.13 PTIEx843@4.00 FCSCx3549@0.95 

2011-06-27
Cash: 8.16
Held: AMRBx550@6.25 PTIEx843@3.90 CHNRx321@9.00 FCSCx3549@0.77 ARLx1054@3.17 
Value: 15696.58
Sales: CHNRx321@9.00 ARLx1054@3.17 PTIEx843@3.90 AMRBx550@6.25 FCSCx3549@0.77 
Purchases: ICCCx440@7.13 VTNRx1255@2.50 FUSBx648@4.84 PTIEx804@3.90 FLOx144@21.73 

2011-06-28
Cash: 20.48
Held: VTNRx1255@2.65 PTIEx804@4.01 FLOx144@22.09 ICCCx440@7.68 FUSBx648@5.00 
Value: 16372.70
Sales: ICCCx440@7.68 VTNRx1255@2.65 FUSBx648@5.00 FLOx144@22.09 PTIEx804@4.01 
Purchases: XBKSx312@10.49 CDTIx145@22.55 BCLIx513@6.38 RBPAAx2426@1.35 IGCx10561@0.31 

2011-06-29
Cash: 8.79
Held: RBPAAx2426@1.42 BCLIx513@7.30 IGCx10561@0.36 CDTIx145@24.30 XBKSx312@10.61 
Value: 17835.08
Sales: CDTIx145@24.30 IGCx10561@0.36 RBPAAx2426@1.42 BCLIx513@7.30 XBKSx312@10.61 
Purchases: PDEXx1658@2.15 SINOx2378@1.50 EXFOx478@7.46 YRCWx3023@1.18 SCKTx1599@2.23 

2011-06-30
Cash: 3.69
Held: SCKTx1599@2.15 PDEXx1658@2.08 YRCWx3023@1.15 SINOx2378@1.46 EXFOx478@7.73 
Value: 17535.52
Sales: SINOx2378@1.46 EXFOx478@7.73 PDEXx1658@2.08 YRCWx3023@1.15 SCKTx1599@2.15 
Purchases: IMMYx116908@0.03 CALIx495@7.08 SSFNx701@5.00 CLNTx357@9.80 SGOCx883@3.97 

2011-07-04
Cash: 16.13
Held: CALIx495@7.23 SGOCx883@3.66 CLNTx357@9.30 SSFNx701@4.96 IMMYx116908@0.04 
Value: 18301.05
Sales: SGOCx883@3.66 CALIx495@7.23 SSFNx701@4.96 CLNTx357@9.30 IMMYx116908@0.04 
Purchases: AMXx135@27.05 SSGx75@48.28 DARx213@17.11 HOLIx406@9.00 CJJDx1926@1.90 

2011-07-05
Cash: 70.18
Held: CJJDx1926@1.90 AMXx135@26.95 SSGx75@49.00 HOLIx406@9.42 DARx213@17.16 
Value: 18523.57
Sales: CJJDx1926@1.90 SSGx75@49.00 DARx213@17.16 HOLIx406@9.42 AMXx135@26.95 
Purchases: RCONx1797@2.06 TMKx87@42.16 SHIPx740@5.00 MITLx898@4.12 NTCTx220@16.81 

2011-07-06
Cash: 53.68
Held: RCONx1797@1.92 SHIPx740@5.00 NTCTx220@16.95 TMKx87@43.44 MITLx898@4.07 
Value: 18367.67
Sales: TMKx87@43.44 RCONx1797@1.92 NTCTx220@16.95 SHIPx740@5.00 MITLx898@4.07 
Purchases: FNCXx587@6.25 OHRPx6332@0.58 PLBCx1749@2.10 FUNCx814@4.51 ITUSx10801@0.34 

2011-07-07
Cash: 7.82
Held: ITUSx10801@0.30 PLBCx1749@2.05 OHRPx6332@0.55 FNCXx587@6.25 FUNCx814@4.40 
Value: 17565.91
Sales: FNCXx587@6.25 OHRPx6332@0.55 PLBCx1749@2.05 FUNCx814@4.40 ITUSx10801@0.30 
Purchases: FARMx406@8.65 LLx189@18.50 IPCIx1024@3.43 AXNx3513@1.00 AMTXx1306@2.69 

2011-07-10
Cash: 20.72
Held: FARMx406@9.81 AMTXx1306@2.80 IPCIx1024@3.36 AXNx3513@0.95 LLx189@18.62 
Value: 17960.57
Sales: FARMx406@9.81 LLx189@18.62 IPCIx1024@3.36 AXNx3513@0.95 AMTXx1306@2.80 
Purchases: IMNPx7184@0.50 DFFNx6533@0.55 IGCx11971@0.30 XTNTx1330@2.70 XXIAx365@9.83 

2011-07-11
Cash: 7.59
Held: XTNTx1330@2.75 IMNPx7184@0.52 DFFNx6533@0.63 XXIAx365@9.68 IGCx11971@0.33 
Value: 19000.38
Sales: IMNPx7184@0.52 DFFNx6533@0.63 IGCx11971@0.33 XXIAx365@9.68 XTNTx1330@2.75 
Purchases: CNETx657@5.78 WKHSx6442@0.59 UPVx105@36.12 NFECx2010@1.89 BLDRx1818@2.09 

2011-07-12
Cash: 11.67
Held: CNETx657@5.44 NFECx2010@2.02 UPVx105@36.91 WKHSx6442@0.50 BLDRx1818@2.12 
Value: 18594.69
Sales: CNETx657@5.44 UPVx105@36.91 NFECx2010@2.02 BLDRx1818@2.12 WKHSx6442@0.50 
Purchases: PEDx74396@0.05 CALIx364@10.20 OPHCx4428@0.84 TEARx2032@1.83 MCHPx112@33.16 

2011-07-13
Cash: 10.81
Held: CALIx364@10.56 PEDx74396@0.07 MCHPx112@32.59 OPHCx4428@0.98 TEARx2032@1.75 
Value: 20609.68
Sales: PEDx74396@0.07 CALIx364@10.56 OPHCx4428@0.98 TEARx2032@1.75 MCHPx112@32.59 
Purchases: FARMx423@9.74 CRVPx3816@1.08 JVAx184@22.34 TUESx990@4.16 ITGx349@11.80 

2011-07-14
Cash: 20.24
Held: FARMx423@9.33 CRVPx3816@1.10 TUESx990@4.07 JVAx184@19.56 ITGx349@11.78 
Value: 19902.92
Sales: FARMx423@9.33 CRVPx3816@1.10 JVAx184@19.56 TUESx990@4.07 ITGx349@11.78 
Purchases: ARWRx776@5.13 ISDRx22107@0.18 CDTIx134@29.55 BWL.Ax376@10.58 CTSOx758@5.25 

2011-07-17
Cash: 26.28
Held: ISDRx22107@0.17 BWL.Ax376@10.58 CTSOx758@5.42 ARWRx776@4.90 CDTIx134@30.34 
Value: 19739.85
Sales: ARWRx776@4.90 ISDRx22107@0.17 CDTIx134@30.34 BWL.Ax376@10.58 CTSOx758@5.42 
Purchases: XBKSx493@8.00 JVAx203@19.39 TGIx78@50.34 TOPSx1320@2.99 DCTHx762@5.18 

2011-07-18
Cash: 38.71
Held: TOPSx1320@3.00 TGIx78@49.97 DCTHx762@5.07 JVAx203@23.00 XBKSx493@7.48 
Value: 20116.72
Sales: XBKSx493@7.48 JVAx203@23.00 TGIx78@49.97 TOPSx1320@3.00 DCTHx762@5.07 
Purchases: WBMDx122@32.91 SNHYx126@31.92 INTXx217@18.53 MAYSx236@16.98 INSx3024@1.33 

2011-07-19
Cash: 28.25
Held: INSx3024@1.33 INTXx217@18.62 WBMDx122@36.78 MAYSx236@17.00 SNHYx126@33.66 
Value: 20832.03
Sales: WBMDx122@36.78 SNHYx126@33.66 INTXx217@18.62 MAYSx236@17.00 INSx3024@1.33 
Purchases: IMMYx59513@0.07 CLBSx3892@1.07 AXNx4577@0.91 MTGx925@4.50 BASIx2340@1.78 

2011-07-20
Cash: 5.91
Held: BASIx2340@1.91 CLBSx3892@1.06 MTGx925@4.40 AXNx4577@0.93 IMMYx59513@0.12 
Value: 24066.76
Sales: CLBSx3892@1.06 IMMYx59513@0.12 AXNx4577@0.93 MTGx925@4.40 BASIx2340@1.91 
Purchases: SGOCx1318@3.65 DVAXx191@25.09 FTNTx222@21.61 CURx264@18.20 FFHLx1351@3.56 

2011-07-21
Cash: 49.43
Held: SGOCx1318@3.77 FFHLx1351@3.93 DVAXx191@26.30 FTNTx222@20.84 CURx264@18.59 
Value: 24885.45
Sales: SGOCx1318@3.77 DVAXx191@26.30 FTNTx222@20.84 FFHLx1351@3.93 CURx264@18.59 
Purchases: STXx349@14.24 RVPx4290@1.16 TZOOx85@58.00 GNWx602@8.26 FFIVx49@99.75 

2011-07-24
Cash: 148.90
Held: RVPx4290@1.15 STXx349@14.35 GNWx602@8.77 FFIVx49@99.81 TZOOx85@58.69 
Value: 25253.63
Sales: TZOOx85@58.69 RVPx4290@1.15 STXx349@14.35 GNWx602@8.77 FFIVx49@99.81 
Purchases: RTx534@9.45 KONAx751@6.72 FCFPx1836@2.75 CDTIx166@30.25 GENEx818@6.17 

2011-07-25
Cash: 40.79
Held: KONAx751@6.90 GENEx818@6.34 RTx534@9.48 FCFPx1836@2.70 CDTIx166@31.41 
Value: 25637.19
Sales: RTx534@9.48 KONAx751@6.90 GENEx818@6.34 FCFPx1836@2.70 CDTIx166@31.41 
Purchases: ATECx1612@3.18 TGTXx20509@0.25 EVKx3033@1.69 HDBx141@36.25 FCFPx1899@2.70 

2011-07-26
Cash: 20.15
Held: EVKx3033@2.00 ATECx1612@2.90 FCFPx1899@2.20 HDBx141@36.31 TGTXx20509@0.26 
Value: 25390.50
Sales: TGTXx20509@0.26 EVKx3033@2.00 FCFPx1899@2.20 HDBx141@36.31 ATECx1612@2.90 
Purchases: UCTTx720@7.05 SINOx1073@4.73 IMMYx63462@0.08 HMNYx2340@2.17 TCIx2885@1.76 

2011-07-27
Cash: 5.56
Held: UCTTx720@6.96 SINOx1073@5.30 TCIx2885@1.70 HMNYx2340@2.17 IMMYx63462@0.06 
Value: 24495.41
Sales: UCTTx720@6.96 SINOx1073@5.30 IMMYx63462@0.06 HMNYx2340@2.17 TCIx2885@1.70 
Purchases: CYTRx1649@2.97 ROSGx3981@1.23 OKSBx765@6.40 JNPRx198@24.70 DLHCx2564@1.91 

2011-07-28
Cash: 14.56
Held: DLHCx2564@2.30 JNPRx198@23.33 OKSBx765@6.27 CYTRx1649@2.94 ROSGx3981@1.45 
Value: 25949.31
Sales: CYTRx1649@2.94 ROSGx3981@1.45 OKSBx765@6.27 JNPRx198@23.33 DLHCx2564@2.30 
Purchases: SMMFx1729@3.00 SHIPx988@5.25 SSYSx199@26.00 AKAMx219@23.69 OSKx211@24.48 

2011-07-31
Cash: 47.55
Held: SHIPx988@5.06 SSYSx199@25.84 AKAMx219@24.53 OSKx211@24.81 SMMFx1729@3.22 
Value: 26364.72
Sales: AKAMx219@24.53 SMMFx1729@3.22 SHIPx988@5.06 SSYSx199@25.84 OSKx211@24.81 
Purchases: SPRTx1574@3.35 NVGNx5272@1.00 IBIOx1967@2.68 NUROx11985@0.44 TNAVx519@10.16 

2011-08-01
Cash: 5.70
Held: TNAVx519@9.69 NUROx11985@0.43 NVGNx5272@1.00 IBIOx1967@2.57 SPRTx1574@3.26 
Value: 25644.92
Sales: SPRTx1574@3.26 NVGNx5272@1.00 IBIOx1967@2.57 NUROx11985@0.43 TNAVx519@9.69 
Purchases: IMMYx102604@0.05 KNDx374@13.70 GEN           x1023@5.01 RCONx3246@1.58 TNAVx529@9.69 

2011-08-02
Cash: 10.39
Held: RCONx3246@1.73 TNAVx529@9.82 KNDx374@13.96 GEN           x1023@5.68 IMMYx102604@0.05 
Value: 26983.10
Sales: IMMYx102604@0.05 RCONx3246@1.73 GEN           x1023@5.68 KNDx374@13.96 TNAVx529@9.82 
Purchases: BORNx958@5.63 XTLBx19986@0.27 INSMx981@5.50 RILYx77086@0.07 FOEx544@9.91 

2011-08-03
Cash: 12.91
Held: XTLBx19986@0.27 FOEx544@9.81 RILYx77086@0.08 INSMx981@5.04 BORNx958@4.96 
Value: 26611.62
Sales: FOEx544@9.81 BORNx958@4.96 RILYx77086@0.08 XTLBx19986@0.27 INSMx981@5.04 
Purchases: GECx3455@1.54 BPIx248@21.38 KFRCx613@8.68 TMUSx521@10.21 BBOXx219@24.27 

2011-08-04
Cash: 35.06
Held: BBOXx219@25.38 KFRCx613@8.78 BPIx248@21.23 TMUSx521@9.50 GECx3455@1.59 
Value: 26683.63
Sales: BPIx248@21.23 GECx3455@1.59 KFRCx613@8.78 BBOXx219@25.38 TMUSx521@9.50 
Purchases: CIRx154@34.56 KRAx236@22.58 XPOx1693@3.15 TSx138@38.50 IOx848@6.29 

2011-08-07
Cash: 52.83
Held: XPOx1693@2.93 IOx848@5.58 KRAx236@21.56 TSx138@34.09 CIRx154@34.50 
Value: 24849.73
Sales: CIRx154@34.50 KRAx236@21.56 XPOx1693@2.93 TSx138@34.09 IOx848@5.58 
Purchases: CLGXx514@9.66 JOBx23670@0.21 FSTRx275@18.05 SHIPx1335@3.72 MCZx7647@0.65 

2011-08-08
Cash: 16.81
Held: JOBx23670@0.21 SHIPx1335@3.50 CLGXx514@8.96 FSTRx275@19.00 MCZx7647@0.64 
Value: 24385.13
Sales: JOBx23670@0.21 FSTRx275@19.00 CLGXx514@8.96 SHIPx1335@3.50 MCZx7647@0.64 
Purchases: USEGx1625@3.00 CPLPx952@5.12 URGx4063@1.20 OGENx2322@2.10 VRMLx1943@2.51 

2011-08-09
Cash: 6.69
Held: USEGx1625@2.82 URGx4063@1.27 CPLPx952@5.63 VRMLx1943@2.74 OGENx2322@2.20 
Value: 25537.38
Sales: USEGx1625@2.82 CPLPx952@5.63 URGx4063@1.27 OGENx2322@2.20 VRMLx1943@2.74 
Purchases: GTN.Ax3929@1.30 LLNWx2269@2.25 ENOCx486@10.49 MTGx2279@2.24 SBBXx1070@4.77 

2011-08-10
Cash: 17.10
Held: ENOCx486@9.36 MTGx2279@2.19 LLNWx2269@2.38 GTN.Ax3929@1.38 SBBXx1070@4.93 
Value: 25654.02
Sales: LLNWx2269@2.38 ENOCx486@9.36 MTGx2279@2.19 SBBXx1070@4.93 GTN.Ax3929@1.38 
Purchases: AIQx4422@1.16 ABx375@13.68 MSTXx4750@1.08 KARx366@13.99 DRVx81@62.84 

2011-08-11
Cash: 52.07
Held: DRVx81@51.31 KARx366@13.68 AIQx4422@1.61 MSTXx4750@1.17 ABx375@15.10 
Value: 27556.34
Sales: MSTXx4750@1.17 KARx366@13.68 ABx375@15.10 AIQx4422@1.61 DRVx81@51.31 
Purchases: HOVNPx2213@2.49 MEIPx3854@1.43 FHx3650@1.51 CURx362@15.21 AMTXx776@7.10 

2011-08-14
Cash: 7.62
Held: MEIPx3854@1.44 AMTXx776@6.50 HOVNPx2213@3.00 FHx3650@1.56 CURx362@15.73 
Value: 28627.48
Sales: HOVNPx2213@3.00 MEIPx3854@1.44 FHx3650@1.56 AMTXx776@6.50 CURx362@15.73 
Purchases: SMDDx217@26.33 TZAx121@47.12 SRTYx246@23.19 YANGx352@16.25 MIDZx124@45.84 

2011-08-15
Cash: 103.40
Held: SMDDx217@25.97 SRTYx246@23.08 MIDZx124@45.66 TZAx121@46.81 YANGx352@16.44 
Value: 28527.53
Sales: SMDDx217@25.97 TZAx121@46.81 SRTYx246@23.08 YANGx352@16.44 MIDZx124@45.66 
Purchases: DVx129@44.00 MLSSx13918@0.41 EVBSx2376@2.40 RVLTx2492@2.29 PEIXx13587@0.42 

2011-08-16
Cash: 33.22
Held: RVLTx2492@2.24 MLSSx13918@0.70 DVx129@45.00 PEIXx13587@0.41 EVBSx2376@2.47 
Value: 32606.07
Sales: DVx129@45.00 MLSSx13918@0.70 EVBSx2376@2.47 RVLTx2492@2.24 PEIXx13587@0.41 
Purchases: SRSCx498@13.07 CNTFx420@15.50 ISNSx1034@6.30 KNDIx2923@2.23 EVLVx1738@3.75 

2011-08-17
Cash: 34.89
Held: CNTFx420@14.50 SRSCx498@13.11 KNDIx2923@2.50 ISNSx1034@6.48 EVLVx1738@3.55 
Value: 32832.92
Sales: CNTFx420@14.50 EVLVx1738@3.55 ISNSx1034@6.48 KNDIx2923@2.50 SRSCx498@13.11 
Purchases: HMSYx282@23.23 OZRKx292@22.45 INOx8527@0.77 SKLNx26266@0.25 ABACx717@9.16 

2011-08-18
Cash: 27.02
Held: ABACx717@9.32 INOx8527@0.63 SKLNx26266@0.25 HMSYx282@22.45 OZRKx292@21.47 
Value: 31247.85
Sales: ABACx717@9.32 OZRKx292@21.47 INOx8527@0.63 SKLNx26266@0.25 HMSYx282@22.45 
Purchases: MEIPx4338@1.44 NVGNx7351@0.85 TZOOx190@32.88 NTAPx179@34.84 GEN           x1332@4.69 

2011-08-21
Cash: 17.97
Held: MEIPx4338@1.45 NTAPx179@36.84 GEN           x1332@4.83 NVGNx7351@0.80 TZOOx190@36.19 
Value: 32090.00
Sales: MEIPx4338@1.45 NVGNx7351@0.80 GEN           x1332@4.83 NTAPx179@36.84 TZOOx190@36.19 
Purchases: TDCx143@44.62 ALLTx620@10.34 TOPSx3114@2.06 PKDx1227@5.23 SBNYWx249@25.69 

2011-08-22
Cash: 64.98
Held: TOPSx3114@2.06 ALLTx620@10.99 SBNYWx249@25.98 TDCx143@45.28 PKDx1227@5.00 
Value: 32377.01
Sales: TDCx143@45.28 ALLTx620@10.99 TOPSx3114@2.06 PKDx1227@5.00 SBNYWx249@25.98 
Purchases: SBOTx11777@0.55 FBPx2303@2.81 SHIPx2089@3.10 RCONx4098@1.58 DGICBx379@17.08 

2011-08-23
Cash: 6.42
Held: RCONx4098@1.52 SHIPx2089@3.31 DGICBx379@17.19 FBPx2303@2.86 SBOTx11777@0.60 
Value: 33315.74
Sales: RCONx4098@1.52 FBPx2303@2.86 SHIPx2089@3.31 DGICBx379@17.19 SBOTx11777@0.60 
Purchases: CJJDx3722@1.79 SPUx3000@2.22 RWCx7485@0.89 BACx1047@6.36 SMMFx2346@2.84 

2011-08-24
Cash: 7.89
Held: SPUx3000@2.20 RWCx7485@0.98 BACx1047@8.29 CJJDx3722@1.83 SMMFx2346@3.24 
Value: 37032.49
Sales: CJJDx3722@1.83 RWCx7485@0.98 SPUx3000@2.20 SMMFx2346@3.24 BACx1047@8.29 
Purchases: USAKx955@7.75 SKLNx56970@0.13 HBPx10577@0.70 LFCx195@37.97 TECSx296@24.97 

2011-08-25
Cash: 24.24
Held: SKLNx56970@0.15 HBPx10577@0.78 TECSx296@26.38 LFCx195@36.91 USAKx955@7.64 
Value: 39119.44
Sales: USAKx955@7.64 SKLNx56970@0.15 HBPx10577@0.78 LFCx195@36.91 TECSx296@26.38 
Purchases: RYNx200@39.09 HMNFx4628@1.69 MGHx6924@1.13 MCZx10160@0.77 CALx1150@6.80 

2011-08-28
Cash: 9.77
Held: RYNx200@40.94 CALx1150@7.94 HMNFx4628@1.86 MGHx6924@1.21 MCZx10160@0.81 
Value: 42547.56
Sales: RYNx200@40.94 HMNFx4628@1.86 MGHx6924@1.21 MCZx10160@0.81 CALx1150@7.94 
Purchases: DGLYx10132@0.84 DCTHx2438@3.49 TCIx3336@2.55 NUTRx647@13.15 SITOx31514@0.27 

2011-08-29
Cash: 3.23
Held: DCTHx2438@3.66 NUTRx647@13.92 TCIx3336@2.55 DGLYx10132@0.88 SITOx31514@0.30 
Value: 44814.27
Sales: SITOx31514@0.30 DGLYx10132@0.88 TCIx3336@2.55 NUTRx647@13.92 DCTHx2438@3.66 
Purchases: IMMYx179300@0.05 OGENx3879@2.31 ERYx87@102.19 VIRCx3862@2.32 CAMTx3814@2.35 

2011-08-30
Cash: 76.07
Held: CAMTx3814@2.17 ERYx87@96.75 VIRCx3862@2.36 IMMYx179300@0.08 OGENx3879@2.50 
Value: 49925.88
Sales: IMMYx179300@0.08 OGENx3879@2.50 ERYx87@96.75 VIRCx3862@2.36 CAMTx3814@2.17 
Purchases: GIGx5398@1.85 NETEx49938@0.20 HHx13864@0.72 SYNLx974@10.25 SYRGx3272@3.05 

2011-08-31
Cash: 5.81
Held: SYNLx974@10.40 HHx13864@0.77 GIGx5398@1.87 SYRGx3272@2.98 NETEx49938@0.20 
Value: 50641.58
Sales: GIGx5398@1.87 NETEx49938@0.20 SYNLx974@10.40 HHx13864@0.77 SYRGx3272@2.98 
Purchases: YANGx657@15.40 XCRAx1779@5.69 OMNx2296@4.41 PHIIx458@22.09 PBHCx1112@9.10 

2011-09-01
Cash: 34.21
Held: XCRAx1779@5.51 PHIIx458@21.94 PBHCx1112@9.10 OMNx2296@4.29 YANGx657@17.42 
Value: 51301.73
Sales: YANGx657@17.42 XCRAx1779@5.51 PBHCx1112@9.10 PHIIx458@21.94 OMNx2296@4.29 
Purchases: CBPOx1358@7.55 BCLIx1736@5.91 HFCx303@33.81 JVAx585@17.52 RNWKx1193@8.59 

2011-09-05
Cash: 43.56
Held: CBPOx1358@7.59 HFCx303@32.94 JVAx585@17.02 RNWKx1193@8.01 BCLIx1736@6.00 
Value: 50254.09
Sales: CBPOx1358@7.59 RNWKx1193@8.01 HFCx303@32.94 BCLIx1736@6.00 JVAx585@17.02 
Purchases: XBKSx1753@5.73 MERCx1212@8.29 ESLx161@62.31 MDSYx12566@0.80 BOSCx1847@5.44 

2011-09-06
Cash: 29.30
Held: ESLx161@63.72 MERCx1212@8.63 MDSYx12566@0.80 BOSCx1847@5.84 XBKSx1753@5.87 
Value: 51879.55
Sales: MERCx1212@8.63 XBKSx1753@5.87 ESLx161@63.72 MDSYx12566@0.80 BOSCx1847@5.84 
Purchases: UCFCx10177@1.02 MAYSx780@13.30 RADAx4166@2.49 LBTYBx265@39.06 SYUTx2138@4.85 

2011-09-07
Cash: 33.70
Held: RADAx4166@2.57 LBTYBx265@41.12 SYUTx2138@4.76 MAYSx780@13.50 UCFCx10177@1.02 
Value: 52726.07
Sales: UCFCx10177@1.02 MAYSx780@13.50 LBTYBx265@41.12 RADAx4166@2.57 SYUTx2138@4.76 
Purchases: TZAx243@43.28 MIDZx248@42.50 SGRPx9166@1.15 SMDDx430@24.48 MLSSx21090@0.50 

2011-09-08
Cash: 50.97
Held: SMDDx430@25.55 MLSSx21090@0.50 SGRPx9166@1.10 MIDZx248@44.34 TZAx243@46.38 
Value: 53926.52
Sales: SMDDx430@25.55 MLSSx21090@0.50 SGRPx9166@1.10 MIDZx248@44.34 TZAx243@46.38 
Purchases: SPAx1382@7.80 GIIIx455@23.70 SYNx15856@0.68 FUNCx2696@4.00 CTSOx2544@4.24 

2011-09-11
Cash: 9.86
Held: GIIIx455@22.11 SPAx1382@7.61 CTSOx2544@4.40 SYNx15856@0.68 FUNCx2696@3.75 
Value: 52670.28
Sales: SPAx1382@7.61 GIIIx455@22.11 SYNx15856@0.68 FUNCx2696@3.75 CTSOx2544@4.40 
Purchases: HOVNPx3709@2.84 MPXx2639@3.99 NETEx52683@0.20 CAPRx17272@0.61 PEIXx28461@0.37 

2011-09-12
Cash: 5.58
Held: MPXx2639@4.08 CAPRx17272@0.65 PEIXx28461@0.38 HOVNPx3709@3.14 NETEx52683@0.15 
Value: 52357.02
Sales: HOVNPx3709@3.14 NETEx52683@0.15 PEIXx28461@0.38 CAPRx17272@0.65 MPXx2639@4.08 
Purchases: IGLDx882@11.86 CSIQx2073@5.05 DFFNx18376@0.57 LEEx16886@0.62 BZHx1317@7.95 

2011-09-13
Cash: 15.27
Held: LEEx16886@0.62 CSIQx2073@5.08 IGLDx882@11.50 DFFNx18376@0.75 BZHx1317@8.25 
Value: 55803.77
Sales: CSIQx2073@5.08 IGLDx882@11.50 DFFNx18376@0.75 LEEx16886@0.62 BZHx1317@8.25 
Purchases: BGIx12538@0.89 OPHCx16906@0.66 ESNCx12402@0.90 SPEXx5967@1.87 JASOx4149@2.69 

2011-09-14
Cash: 4.52
Held: ESNCx12402@0.82 SPEXx5967@2.27 OPHCx16906@0.67 JASOx4149@2.60 BGIx12538@1.11 
Value: 59747.34
Sales: ESNCx12402@0.82 OPHCx16906@0.67 BGIx12538@1.11 SPEXx5967@2.27 JASOx4149@2.60 
Purchases: MAGSx5220@2.29 ABEOx6639@1.80 NBYx14056@0.85 WGBSx34131@0.35 MDSYx18667@0.64 

2011-09-15
Cash: 1.94
Held: NBYx14056@0.98 MAGSx5220@2.32 ABEOx6639@1.99 WGBSx34131@0.35 MDSYx18667@0.65 
Value: 63182.65
Sales: MAGSx5220@2.32 ABEOx6639@1.99 NBYx14056@0.98 WGBSx34131@0.35 MDSYx18667@0.65 
Purchases: SOXSx197@64.00 RVLTx7706@1.64 NFLXx75@167.75 PERFx905@13.95 COOLx135@93.25 

2011-09-18
Cash: 141.94
Held: RVLTx7706@1.65 PERFx905@14.99 COOLx135@92.38 NFLXx75@156.75 SOXSx197@67.12 
Value: 63878.28
Sales: NFLXx75@156.75 SOXSx197@67.12 RVLTx7706@1.65 PERFx905@14.99 COOLx135@92.38 
Purchases: AMSCx242@52.59 CYOUx387@33.00 AXNx17501@0.73 LEEx16170@0.79 SITOx33630@0.38 

2011-09-19
Cash: 53.82
Held: AMSCx242@53.09 LEEx16170@0.83 AXNx17501@0.74 CYOUx387@32.62 SITOx33630@0.30 
Value: 61996.23
Sales: AXNx17501@0.74 CYOUx387@32.62 AMSCx242@53.09 LEEx16170@0.83 SITOx33630@0.30 
Purchases: JKSx1898@6.53 YRCWx177113@0.07 ACFCx4959@2.50 AMTXx3178@3.90 USATx6357@1.95 

2011-09-20
Cash: 10.38
Held: JKSx1898@6.03 AMTXx3178@4.50 YRCWx177113@0.07 ACFCx4959@2.55 USATx6357@1.86 
Value: 62633.47
Sales: YRCWx177113@0.07 USATx6357@1.86 ACFCx4959@2.55 AMTXx3178@4.50 JKSx1898@6.03 
Purchases: MNTAx1079@11.61 FANHx1763@7.10 PRKRx12526@1.00 NUROx7198@1.74 PRANx7079@1.77 

2011-09-21
Cash: 8.18
Held: NUROx7198@1.85 PRKRx12526@0.95 MNTAx1079@10.28 FANHx1763@6.68 PRANx7079@1.77 
Value: 60620.09
Sales: MNTAx1079@10.28 PRKRx12526@0.95 PRANx7079@1.77 NUROx7198@1.85 FANHx1763@6.68 
Purchases: ARAYx3108@3.90 FFBCWx2950@4.11 CMLSx533@22.72 TROVx21647@0.56 SPUx5388@2.25 

2011-09-22
Cash: 19.34
Held: SPUx5388@2.21 FFBCWx2950@4.10 CMLSx533@21.59 ARAYx3108@3.64 TROVx21647@0.69 
Value: 61791.17
Sales: FFBCWx2950@4.10 TROVx21647@0.69 ARAYx3108@3.64 SPUx5388@2.21 CMLSx533@21.59 
Purchases: EDCx15@816.50 MIDUx469@26.31 UBRx767@16.11 UMDDx284@43.50 FASx1231@10.04 

2011-09-25
Cash: 135.13
Held: EDCx15@828.00 UBRx767@16.84 FASx1231@10.93 MIDUx469@28.05 UMDDx284@46.84 
Value: 65386.34
Sales: EDCx15@828.00 MIDUx469@28.05 UMDDx284@46.84 UBRx767@16.84 FASx1231@10.93 
Purchases: SBSAx7736@1.69 AKGx2524@5.18 CKXx1316@9.93 PGTIx9477@1.38 AUMNx1502@8.70 

2011-09-26
Cash: 18.93
Held: PGTIx9477@1.30 CKXx1316@9.93 AKGx2524@5.66 AUMNx1502@8.43 SBSAx7736@1.80 
Value: 66275.57
Sales: SBSAx7736@1.80 AKGx2524@5.66 CKXx1316@9.93 PGTIx9477@1.30 AUMNx1502@8.43 
Purchases: PIPx5865@2.26 SOXSx189@70.06 ESXBx11522@1.15 CPHIx12162@1.09 XPLx7532@1.76 

2011-09-27
Cash: 16.19
Held: XPLx7532@1.75 ESXBx11522@1.15 CPHIx12162@1.15 PIPx5865@2.11 SOXSx189@71.00 
Value: 66233.53
Sales: PIPx5865@2.11 SOXSx189@71.00 ESXBx11522@1.15 CPHIx12162@1.15 XPLx7532@1.75 
Purchases: DRAMx598@22.14 DPKx76@173.88 JVAx1327@9.98 RVLTx10765@1.23 NFECx16562@0.80 

2011-09-28
Cash: 47.68
Held: DPKx76@170.50 RVLTx10765@1.32 NFECx16562@0.78 JVAx1327@8.90 DRAMx598@25.20 
Value: 67013.34
Sales: DRAMx598@25.20 RVLTx10765@1.32 JVAx1327@8.90 DPKx76@170.50 NFECx16562@0.78 
Purchases: AEHRx17640@0.76 INUVx12766@1.05 IOCx300@44.59 CALXx1612@8.31 TRXx3743@3.58 

2011-09-29
Cash: 31.16
Held: CALXx1612@8.04 IOCx300@47.91 AEHRx17640@0.95 INUVx12766@1.04 TRXx3743@3.68 
Value: 71173.66
Sales: CALXx1612@8.04 AEHRx17640@0.95 IOCx300@47.91 INUVx12766@1.04 TRXx3743@3.68 
Purchases: BDSIx11860@1.20 DYNTx3271@4.35 AMDx2721@5.23 LODEx7226@1.97 MUXx3490@4.08 

2011-10-02
Cash: 7.37
Held: MUXx3490@4.04 DYNTx3271@4.00 AMDx2721@5.03 LODEx7226@2.01 BDSIx11860@1.09 
Value: 68325.84
Sales: BDSIx11860@1.09 DYNTx3271@4.00 MUXx3490@4.04 LODEx7226@2.01 AMDx2721@5.03 
Purchases: CRRx135@101.19 CDTIx1183@11.55 SBSAx8183@1.67 FFHLx5995@2.28 RNVAx6937@1.97 

2011-10-03
Cash: 12.23
Held: FFHLx5995@1.85 RNVAx6937@1.69 SBSAx8183@1.52 CDTIx1183@10.10 CRRx135@92.88 
Value: 59749.75
Sales: CRRx135@92.88 CDTIx1183@10.10 SBSAx8183@1.52 FFHLx5995@1.85 RNVAx6937@1.69 
Purchases: WRNx6675@1.79 ENOCx1465@8.16 PBIBx3514@3.40 RADAx6529@1.83 SGMOx3983@3.00 

2011-10-04
Cash: 5.78
Held: RADAx6529@2.13 PBIBx3514@3.21 ENOCx1465@8.57 SGMOx3983@3.48 WRNx6675@1.88 
Value: 64167.83
Sales: WRNx6675@1.88 ENOCx1465@8.57 PBIBx3514@3.21 SGMOx3983@3.48 RADAx6529@2.13 
Purchases: LTBRx6385@2.01 MEGx9720@1.32 PPPx5239@2.45 GBRx6198@2.07 VRMLx6169@2.08 

2011-10-05
Cash: 6.78
Held: LTBRx6385@2.30 PPPx5239@2.58 MEGx9720@1.21 VRMLx6169@1.97 GBRx6198@2.05 
Value: 64837.10
Sales: LTBRx6385@2.30 MEGx9720@1.21 PPPx5239@2.58 GBRx6198@2.05 VRMLx6169@1.97 
Purchases: TZAx270@47.91 SDDx235@55.12 SRTYx546@23.73 IINx3308@3.92 CRMDx35035@0.37 

2011-10-06
Cash: 54.91
Held: IINx3308@4.15 SDDx235@52.78 SRTYx546@21.70 CRMDx35035@0.37 TZAx270@43.88 
Value: 62844.75
Sales: SDDx235@52.78 TZAx270@43.88 SRTYx546@21.70 IINx3308@4.15 CRMDx35035@0.37 
Purchases: CUOx1044@12.04 DFFNx25651@0.49 OBASx10558@1.19 BIOPx4636@2.71 PTIEx2850@4.41 

2011-10-09
Cash: 1.82
Held: PTIEx2850@4.25 OBASx10558@1.26 DFFNx25651@0.65 BIOPx4636@2.75 CUOx1044@11.25 
Value: 66579.57
Sales: CUOx1044@11.25 DFFNx25651@0.65 OBASx10558@1.26 BIOPx4636@2.75 PTIEx2850@4.25 
Purchases: FHx8701@1.53 SMDDx519@25.66 DDPx403@33.00 CEIx9182@1.45 ICCCx2536@5.25 

2011-10-10
Cash: 20.38
Held: SMDDx519@25.00 DDPx403@32.25 ICCCx2536@5.39 FHx8701@1.36 CEIx9182@1.41 
Value: 64447.22
Sales: SMDDx519@25.00 FHx8701@1.36 DDPx403@32.25 CEIx9182@1.41 ICCCx2536@5.39 
Purchases: CSIIx1751@7.36 Sx5887@2.19 SPNx539@23.91 CURx768@16.77 ASMx7406@1.74 

2011-10-11
Cash: 22.00
Held: SPNx539@23.91 CSIIx1751@8.10 ASMx7406@1.95 Sx5887@2.47 CURx768@17.55 
Value: 69557.48
Sales: CSIIx1751@8.10 Sx5887@2.47 ASMx7406@1.95 SPNx539@23.91 CURx768@17.55 
Purchases: ALNx10459@1.33 QUMUx1276@10.90 RCONx20452@0.68 SKLNx81811@0.17 VBFCx8429@1.65 

2011-10-12
Cash: 6.23
Held: RCONx20452@0.76 VBFCx8429@1.65 SKLNx81811@0.26 ALNx10459@1.33 QUMUx1276@11.45 
Value: 79253.23
Sales: ALNx10459@1.33 QUMUx1276@11.45 RCONx20452@0.76 SKLNx81811@0.26 VBFCx8429@1.65 
Purchases: NAUHx2037@7.78 TZAx403@39.31 DGLYx19818@0.80 AXNx52826@0.30 SRTYx812@19.52 

2011-10-13
Cash: 12.29
Held: SRTYx812@18.56 AXNx52826@0.34 DGLYx19818@0.83 NAUHx2037@7.79 TZAx403@37.41 
Value: 80442.05
Sales: NAUHx2037@7.79 TZAx403@37.41 SRTYx812@18.56 AXNx52826@0.34 DGLYx19818@0.83 
Purchases: RGSEx10057@1.60 FRBKx11488@1.40 CRMDx45954@0.35 KONEx20115@0.80 KFFBx2497@6.44 

2011-10-16
Cash: 6.44
Held: RGSEx10057@1.60 KONEx20115@0.78 CRMDx45954@0.35 FRBKx11488@1.50 KFFBx2497@6.44 
Value: 81183.67
Sales: RGSEx10057@1.60 KFFBx2497@6.44 CRMDx45954@0.35 KONEx20115@0.78 FRBKx11488@1.50 
Purchases: OPHCx35300@0.46 SALx754@21.52 WGOx2233@7.27 SQQQx835@19.44 TECSx978@16.59 

2011-10-17
Cash: 32.40
Held: SALx754@21.98 WGOx2233@7.39 TECSx978@17.38 SQQQx835@20.14 OPHCx35300@0.46 
Value: 83158.68
Sales: WGOx2233@7.39 TECSx978@17.38 OPHCx35300@0.46 SQQQx835@20.14 SALx754@21.98 
Purchases: WGBSx59392@0.28 COx6298@2.64 SYNx28196@0.59 GRIFx606@27.42 JRJCx9557@1.74 

2011-10-18
Cash: 16.22
Held: COx6298@2.63 GRIFx606@27.81 SYNx28196@0.60 WGBSx59392@0.28 JRJCx9557@1.80 
Value: 84192.33
Sales: WGBSx59392@0.28 COx6298@2.63 SYNx28196@0.60 GRIFx606@27.81 JRJCx9557@1.80 
Purchases: CVMx60131@0.28 INUVx12202@1.38 BMIx1164@14.46 CROXx1021@16.48 TROVx31783@0.53 

2011-10-19
Cash: 15.32
Held: CVMx60131@0.28 INUVx12202@1.23 BMIx1164@13.98 CROXx1021@15.46 TROVx31783@0.65 
Value: 84578.12
Sales: CVMx60131@0.28 INUVx12202@1.23 BMIx1164@13.98 CROXx1021@15.46 TROVx31783@0.65 
Purchases: SGOCx6506@2.60 APEIx544@31.06 BDSIx17082@0.99 AEMx365@46.22 TPIVx120813@0.14 

2011-10-20
Cash: 66.45
Held: AEMx365@44.72 SGOCx6506@2.65 TPIVx120813@0.18 BDSIx17082@1.02 APEIx544@32.25 
Value: 90344.69
Sales: SGOCx6506@2.65 APEIx544@32.25 BDSIx17082@1.02 AEMx365@44.72 TPIVx120813@0.18 
Purchases: ABACx3320@5.44 ISDRx90366@0.20 CRUSx1252@14.43 PTNx28226@0.64 GTIMx12376@1.46 

2011-10-23
Cash: 7.49
Held: ISDRx90366@0.20 ABACx3320@5.40 PTNx28226@0.65 GTIMx12376@1.46 CRUSx1252@14.58 
Value: 90663.52
Sales: ABACx3320@5.40 ISDRx90366@0.20 GTIMx12376@1.46 CRUSx1252@14.58 PTNx28226@0.65 
Purchases: SYNLx1896@9.56 INSx13435@1.35 NVDQx3626@5.00 BIOPx7493@2.42 BLINx7253@2.50 

2011-10-24
Cash: 6.05
Held: SYNLx1896@9.52 INSx13435@1.61 BLINx7253@2.40 NVDQx3626@5.06 BIOPx7493@2.43 
Value: 93655.70
Sales: SYNLx1896@9.52 BLINx7253@2.40 NVDQx3626@5.06 BIOPx7493@2.43 INSx13435@1.61 
Purchases: CBPOx2432@7.70 BVSNx2191@8.55 EVBSx9186@2.04 WAYNx2203@8.50 URREx14630@1.28 

2011-10-25
Cash: 18.27
Held: BVSNx2191@8.40 WAYNx2203@8.87 CBPOx2432@8.33 EVBSx9186@2.00 URREx14630@1.25 
Value: 94867.16
Sales: CBPOx2432@8.33 BVSNx2191@8.40 EVBSx9186@2.00 WAYNx2203@8.87 URREx14630@1.25 
Purchases: WNRx1273@14.90 ATRCx1878@10.10 IBIOx9632@1.97 ICCCx3756@5.05 SMITx5837@3.25 

2011-10-26
Cash: 17.32
Held: ATRCx1878@11.59 ICCCx3756@5.26 IBIOx9632@1.99 WNRx1273@15.76 SMITx5837@3.71 
Value: 102443.78
Sales: WNRx1273@15.76 ATRCx1878@11.59 IBIOx9632@1.99 ICCCx3756@5.26 SMITx5837@3.71 
Purchases: ZSLx1698@12.06 DHTx12414@1.65 DZZx4433@4.62 TUESx5770@3.55 SPEXx9442@2.17 

2011-10-27
Cash: 11.98
Held: TUESx5770@3.57 DHTx12414@1.55 SPEXx9442@2.10 ZSLx1698@11.09 DZZx4433@4.48 
Value: 98375.58
Sales: ZSLx1698@11.09 DHTx12414@1.55 DZZx4433@4.48 TUESx5770@3.57 SPEXx9442@2.10 
Purchases: EDZx226@87.00 YANGx1310@15.01 SMKx412@47.72 FUNCx4918@4.00 QSIIx482@40.81 

2011-10-30
Cash: 49.60
Held: EDZx226@89.56 FUNCx4918@3.72 QSIIx482@38.94 SMKx412@49.12 YANGx1310@16.08 
Value: 98658.86
Sales: EDZx226@89.56 YANGx1310@16.08 SMKx412@49.12 QSIIx482@38.94 FUNCx4918@3.72 
Purchases: CGAx5058@3.90 ORIx2231@8.84 CPSIx385@51.12 HMNYx24068@0.82 ORRFx2167@9.10 

2011-10-31
Cash: 62.54
Held: ORIx2231@8.59 CPSIx385@50.00 HMNYx24068@0.87 ORRFx2167@9.00 CGAx5058@3.90 
Value: 98658.35
Sales: CGAx5058@3.90 ORRFx2167@9.00 CPSIx385@50.00 HMNYx24068@0.87 ORIx2231@8.59 
Purchases: IGLDx1357@14.53 IDTx1752@11.26 AIVx826@23.88 CVBx2283@8.64 CAAx274@72.00 

2011-11-01
Cash: 40.46
Held: CVBx2283@10.56 IGLDx1357@15.34 AIVx826@23.59 CAAx274@75.00 IDTx1752@12.19 
Value: 106367.05
Sales: IGLDx1357@15.34 CAAx274@75.00 AIVx826@23.59 CVBx2283@10.56 IDTx1752@12.19 
Purchases: INSYx3263@6.52 ISRx26927@0.79 AIIIx17441@1.22 ACFCx15762@1.35 DVDx21273@1.00 

2011-11-02
Cash: 1.64
Held: ISRx26927@0.79 INSYx3263@6.52 ACFCx15762@1.27 AIIIx17441@1.34 DVDx21273@0.95 
Value: 106140.33
Sales: AIIIx17441@1.34 ISRx26927@0.79 DVDx21273@0.95 ACFCx15762@1.27 INSYx3263@6.52 
Purchases: EDZx234@90.38 WGBSx92303@0.23 QUIKx8558@2.48 CECOx2532@8.38 VGx7980@2.66 

2011-11-03
Cash: 83.51
Held: EDZx234@91.19 VGx7980@2.78 QUIKx8558@2.49 CECOx2532@7.48 WGBSx92303@0.23 
Value: 105080.04
Sales: EDZx234@91.19 WGBSx92303@0.23 CECOx2532@7.48 QUIKx8558@2.49 VGx7980@2.78 
Purchases: NHTCx37524@0.56 ANFx357@58.72 EVKx15448@1.36 CECOx2809@7.48 EVLVx9862@2.13 

2011-11-06
Cash: 59.92
Held: EVKx15448@1.35 CECOx2809@7.96 EVLVx9862@2.09 ANFx357@58.38 NHTCx37524@0.62 
Value: 107990.15
Sales: NHTCx37524@0.62 ANFx357@58.38 EVKx15448@1.35 CECOx2809@7.96 EVLVx9862@2.09 
Purchases: CRVPx29988@0.72 SGENx1196@18.05 CRMDx43196@0.50 TRTx8889@2.43 FSNNx359981@0.06 

2011-11-07
Cash: 14.81
Held: CRVPx29988@0.70 TRTx8889@2.46 CRMDx43196@0.44 FSNNx359981@0.06 SGENx1196@16.70 
Value: 103466.17
Sales: CRVPx29988@0.70 SGENx1196@16.70 CRMDx43196@0.44 TRTx8889@2.46 FSNNx359981@0.06 
Purchases: PEDx689802@0.03 SINOx7865@2.63 EVCx13177@1.57 ISNSx4040@5.12 RTKx12772@1.62 

2011-11-08
Cash: 7.88
Held: EVCx13177@1.50 PEDx689802@0.03 ISNSx4040@5.25 SINOx7865@2.84 RTKx12772@1.53 
Value: 103556.62
Sales: PEDx689802@0.03 SINOx7865@2.84 EVCx13177@1.50 ISNSx4040@5.25 RTKx12772@1.53 
Purchases: ARLx15346@1.35 LTRXx17852@1.16 CBIOx403@51.31 IBCPx13807@1.50 HTMx46030@0.45 

2011-11-09
Cash: 33.72
Held: IBCPx13807@1.36 HTMx46030@0.48 LTRXx17852@1.26 CBIOx403@56.00 ARLx15346@1.73 
Value: 112522.70
Sales: ARLx15346@1.73 HTMx46030@0.48 CBIOx403@56.00 IBCPx13807@1.36 LTRXx17852@1.26 
Purchases: TIVOx779@28.88 NILEx676@33.28 ILx3900@5.77 HMNYx15003@1.50 LDLx2430@9.26 

2011-11-10
Cash: 28.79
Held: LDLx2430@9.28 ILx3900@4.90 TIVOx779@28.69 HMNYx15003@1.95 NILEx676@32.03 
Value: 114945.61
Sales: TIVOx779@28.69 NILEx676@32.03 ILx3900@4.90 HMNYx15003@1.95 LDLx2430@9.28 
Purchases: TIVOx801@28.69 ONVIx7926@2.90 ULHx1754@13.10 EDNx3345@6.87 OMEx2724@8.44 

2011-11-13
Cash: 30.72
Held: EDNx3345@7.40 ONVIx7926@2.99 TIVOx801@29.55 OMEx2724@7.76 ULHx1754@14.53 
Value: 118776.88
Sales: ONVIx7926@2.99 TIVOx801@29.55 ULHx1754@14.53 EDNx3345@7.40 OMEx2724@7.76 
Purchases: AEHRx33926@0.70 QUADx1852@12.82 CVOx850@27.92 MSTXx34431@0.69 AMCNx9576@2.48 

2011-11-14
Cash: 36.90
Held: AMCNx9576@2.49 CVOx850@24.80 AEHRx33926@0.71 QUADx1852@12.60 MSTXx34431@0.66 
Value: 115114.79
Sales: AEHRx33926@0.71 AMCNx9576@2.49 MSTXx34431@0.66 QUADx1852@12.60 CVOx850@24.80 
Purchases: ISRx31966@0.72 KONEx28785@0.80 ARWRx3436@6.70 ALIMx15044@1.53 PSDVx14570@1.58 

2011-11-15
Cash: 8.34
Held: ISRx31966@0.72 PSDVx14570@1.40 KONEx28785@0.76 ALIMx15044@1.50 ARWRx3436@6.90 
Value: 111573.30
Sales: ISRx31966@0.72 ALIMx15044@1.50 ARWRx3436@6.90 PSDVx14570@1.40 KONEx28785@0.76 
Purchases: PATKx9790@2.28 GERNx13285@1.68 ALIMx14876@1.50 HGSHx31869@0.70 GSLx12398@1.80 

2011-11-16
Cash: 1.84
Held: GERNx13285@1.66 ALIMx14876@1.36 PATKx9790@2.37 HGSHx31869@0.70 GSLx12398@1.79 
Value: 109994.92
Sales: PATKx9790@2.37 GERNx13285@1.66 ALIMx14876@1.36 HGSHx31869@0.70 GSLx12398@1.79 
Purchases: AIIIx19812@1.11 MTORx3452@6.37 CLNTx9202@2.39 ASYSx2541@8.66 ABACx2894@7.60 

2011-11-17
Cash: 10.63
Held: ABACx2894@7.60 MTORx3452@5.74 ASYSx2541@8.76 CLNTx9202@2.48 AIIIx19812@1.51 
Value: 116808.45
Sales: AIIIx19812@1.51 ABACx2894@7.60 CLNTx9202@2.48 MTORx3452@5.74 ASYSx2541@8.76 
Purchases: SGOCx9200@2.54 BSPMx1555@15.02 PERYx1678@13.92 LINKx83425@0.28 NTAPx650@35.91 

2011-11-20
Cash: 26.22
Held: NTAPx650@34.47 SGOCx9200@2.28 PERYx1678@12.49 LINKx83425@0.28 BSPMx1555@14.49 
Value: 110259.12
Sales: SGOCx9200@2.28 BSPMx1555@14.49 PERYx1678@12.49 LINKx83425@0.28 NTAPx650@34.47 
Purchases: SCVLx1074@20.52 HTMx44103@0.50 RBCNx2176@10.13 ABIOx406@54.19 XCOx2076@10.62 

2011-11-21
Cash: 83.44
Held: SCVLx1074@20.64 HTMx44103@0.51 RBCNx2176@9.63 ABIOx406@59.62 XCOx2076@10.59 
Value: 111895.04
Sales: SCVLx1074@20.64 HTMx44103@0.51 XCOx2076@10.59 ABIOx406@59.62 RBCNx2176@9.63 
Purchases: AEHRx39958@0.56 ARWRx4539@4.93 NLSTx6844@3.27 ROSGx54594@0.41 PEIXx19453@1.15 

2011-11-22
Cash: 6.40
Held: AEHRx39958@0.46 NLSTx6844@2.95 PEIXx19453@1.26 ARWRx4539@4.90 ROSGx54594@0.27 
Value: 100051.65
Sales: AEHRx39958@0.46 ARWRx4539@4.90 NLSTx6844@2.95 ROSGx54594@0.27 PEIXx19453@1.26 
Purchases: SARx1610@12.42 GTN.Ax16537@1.21 FROx7046@2.84 LYBx679@29.45 BIO.Bx313@63.88 

2011-11-24
Cash: 42.22
Held: SARx1610@12.55 FROx7046@2.85 LYBx679@28.36 GTN.Ax16537@1.40 BIO.Bx313@89.88 
Value: 110866.19
Sales: SARx1610@12.55 BIO.Bx313@89.88 FROx7046@2.85 LYBx679@28.36 GTN.Ax16537@1.40 
Purchases: FANHx3789@5.85 ROSGx100800@0.22 FFHLx17465@1.27 RDCMx6126@3.62 PRANx14782@1.50 

2011-11-27
Cash: 5.35
Held: RDCMx6126@3.90 FFHLx17465@1.29 FANHx3789@5.91 PRANx14782@1.50 ROSGx100800@0.23 
Value: 114178.29
Sales: FANHx3789@5.91 ROSGx100800@0.23 FFHLx17465@1.29 RDCMx6126@3.90 PRANx14782@1.50 
Purchases: UAMYx10061@2.27 SINOx10149@2.25 RCONx44796@0.51 EVCx19518@1.17 XTNTx10429@2.19 

2011-11-28
Cash: 5.48
Held: RCONx44796@0.50 XTNTx10429@2.21 UAMYx10061@2.21 EVCx19518@1.26 SINOx10149@2.12 
Value: 113800.85
Sales: UAMYx10061@2.21 SINOx10149@2.12 RCONx44796@0.50 EVCx19518@1.26 XTNTx10429@2.21 
Purchases: EDZx205@110.94 MIDZx619@36.75 EPVx436@52.09 DPKx142@159.75 OTTWx6693@3.40 

2011-11-29
Cash: 154.23
Held: EDZx205@95.06 DPKx142@139.62 EPVx436@47.12 MIDZx619@33.50 OTTWx6693@3.40 
Value: 103510.60
Sales: EDZx205@95.06 EPVx436@47.12 DPKx142@139.62 MIDZx619@33.50 OTTWx6693@3.40 
Purchases: GRBKx33384@0.62 ASTCx27966@0.74 GLBSx5656@3.66 CLSNx1924@10.76 CEIx9769@2.12 

2011-11-30
Cash: 5.46
Held: ASTCx27966@0.71 GRBKx33384@0.52 GLBSx5656@3.72 CLSNx1924@10.17 CEIx9769@2.11 
Value: 98442.03
Sales: GRBKx33384@0.52 ASTCx27966@0.71 GLBSx5656@3.72 CEIx9769@2.11 CLSNx1924@10.17 
Purchases: EDZx217@90.62 RCONx48030@0.41 SSNx12079@1.63 DPKx144@136.25 ERYx284@69.19 

2011-12-01
Cash: 131.72
Held: RCONx48030@0.39 EDZx217@87.81 DPKx144@132.38 SSNx12079@1.96 ERYx284@67.19 
Value: 99731.19
Sales: EDZx217@87.81 RCONx48030@0.39 SSNx12079@1.96 DPKx144@132.38 ERYx284@67.19 
Purchases: PBIBx9589@2.08 ATVx717@27.80 STONx839@23.77 GILx1206@16.53 BOSCx7023@2.84 

2011-12-04
Cash: 34.69
Held: PBIBx9589@2.33 ATVx717@27.27 GILx1206@17.30 BOSCx7023@3.12 STONx839@24.98 
Value: 105654.91
Sales: ATVx717@27.27 GILx1206@17.30 PBIBx9589@2.33 STONx839@24.98 BOSCx7023@3.12 
Purchases: MYOSx211361@0.10 IMMYx192125@0.11 ARWRx4024@5.25 LINKx105680@0.20 HMNYx13549@1.56 

2011-12-05
Cash: 5.58
Held: LINKx105680@0.20 HMNYx13549@1.42 IMMYx192125@0.19 MYOSx211361@0.08 ARWRx4024@5.00 
Value: 113899.92
Sales: IMMYx192125@0.19 MYOSx211361@0.08 ARWRx4024@5.00 LINKx105680@0.20 HMNYx13549@1.42 
Purchases: MYOSx284688@0.08 DRAMx1265@18.00 CYRXx2531@9.00 IDRAx19988@1.14 GTIMx18223@1.25 

2011-12-06
Cash: 12.97
Held: DRAMx1265@18.00 GTIMx18223@1.30 CYRXx2531@9.24 MYOSx284688@0.10 IDRAx19988@1.16 
Value: 121512.34
Sales: DRAMx1265@18.00 MYOSx284688@0.10 CYRXx2531@9.24 IDRAx19988@1.16 GTIMx18223@1.30 
Purchases: TEARx19750@1.23 DRIx582@41.72 COx10343@2.35 BCLIx6430@3.78 PEIXx18697@1.30 

2011-12-07
Cash: 24.94
Held: COx10343@2.44 DRIx582@43.19 PEIXx18697@1.25 BCLIx6430@3.79 TEARx19750@1.40 
Value: 125783.96
Sales: DRIx582@43.19 BCLIx6430@3.79 TEARx19750@1.40 COx10343@2.44 PEIXx18697@1.25 
Purchases: GTYx1936@12.99 WVFCx2837@8.87 NEONx5849@4.30 HEBx119816@0.21 QRHCx93166@0.27 

2011-12-08
Cash: 6.29
Held: QRHCx93166@0.30 NEONx5849@4.20 GTYx1936@12.81 HEBx119816@0.25 WVFCx2837@9.05 
Value: 132946.85
Sales: GTYx1936@12.81 WVFCx2837@9.05 NEONx5849@4.20 HEBx119816@0.25 QRHCx93166@0.30 
Purchases: OPTTx8578@3.10 FROx7864@3.38 NBNx2353@11.30 TSLAx870@30.55 MBVXx102262@0.26 

2011-12-11
Cash: 24.88
Held: NBNx2353@12.65 FROx7864@3.51 TSLAx870@30.44 MBVXx102262@0.26 OPTTx8578@3.11 
Value: 137129.41
Sales: OPTTx8578@3.11 FROx7864@3.51 NBNx2353@12.65 TSLAx870@30.44 MBVXx102262@0.26 
Purchases: IMMYx274325@0.10 LARKx1605@17.08 OPHCx54851@0.50 IIIx26370@1.04 KONEx36097@0.76 

2011-12-12
Cash: 16.63
Held: IIIx26370@1.09 KONEx36097@0.68 LARKx1605@18.98 OPHCx54851@0.55 IMMYx274325@0.22 
Value: 174278.83
Sales: LARKx1605@18.98 IMMYx274325@0.22 OPHCx54851@0.55 IIIx26370@1.09 KONEx36097@0.68 
Purchases: HLTHx217802@0.16 HIHOx15491@2.25 WGBSx268111@0.13 PNTRx10042@3.47 SRTx17872@1.95 

2011-12-13
Cash: 5.89
Held: SRTx17872@1.96 HLTHx217802@0.17 HIHOx15491@2.20 WGBSx268111@0.13 PNTRx10042@3.59 
Value: 177043.27
Sales: PNTRx10042@3.59 HIHOx15491@2.20 WGBSx268111@0.13 HLTHx217802@0.17 SRTx17872@1.96 
Purchases: TRQx2221@15.94 GALEx70817@0.50 NTPx6930@5.11 CTSOx10060@3.52 INSx26029@1.36 

2011-12-14
Cash: 14.54
Held: GALEx70817@0.48 INSx26029@1.48 CTSOx10060@3.52 TRQx2221@16.41 NTPx6930@5.12 
Value: 179874.38
Sales: TRQx2221@16.41 GALEx70817@0.48 NTPx6930@5.12 CTSOx10060@3.52 INSx26029@1.48 
Purchases: GRFx5534@6.50 HOVx26445@1.36 TSLx5443@6.61 NGx3997@9.00 LRNx1676@21.45 

2011-12-15
Cash: 25.62
Held: GRFx5534@6.25 HOVx26445@1.38 NGx3997@9.02 TSLx5443@6.67 LRNx1676@20.84 
Value: 178419.94
Sales: GRFx5534@6.25 HOVx26445@1.38 TSLx5443@6.67 LRNx1676@20.84 NGx3997@9.02 
Purchases: HOVNPx27453@1.30 GALTx45761@0.78 TRECx4163@8.57 SYNx30501@1.17 MBVXx142735@0.25 

2011-12-18
Cash: 6.91
Held: GALTx45761@0.84 SYNx30501@1.20 HOVNPx27453@1.30 MBVXx142735@0.25 TRECx4163@8.33 
Value: 181083.43
Sales: GALTx45761@0.84 HOVNPx27453@1.30 TRECx4163@8.33 SYNx30501@1.20 MBVXx142735@0.25 
Purchases: MBOTx43630@0.83 AXDXx25331@1.43 INVTx25506@1.42 SSKNx10318@3.51 ATHNx730@49.59 

2011-12-19
Cash: 17.98
Held: MBOTx43630@0.81 AXDXx25331@1.15 INVTx25506@1.25 SSKNx10318@3.57 ATHNx730@48.66 
Value: 168741.42
Sales: MBOTx43630@0.81 ATHNx730@48.66 AXDXx25331@1.15 INVTx25506@1.25 SSKNx10318@3.57 
Purchases: NYNYx25964@1.30 DYNx13291@2.54 IGCx129796@0.26 JAKKx2424@13.92 HMNYx16073@2.10 

2011-12-20
Cash: 4.74
Held: JAKKx2424@13.77 DYNx13291@2.54 HMNYx16073@2.00 IGCx129796@0.25 NYNYx25964@1.50 
Value: 170679.23
Sales: NYNYx25964@1.50 DYNx13291@2.54 IGCx129796@0.25 JAKKx2424@13.77 HMNYx16073@2.00 
Purchases: CVVx2960@11.53 ATAIx4287@7.96 CBIOx971@35.12 RTNBx66963@0.51 MBVXx179717@0.19 

2011-12-21
Cash: 40.68
Held: CVVx2960@11.80 ATAIx4287@8.50 RTNBx66963@0.51 CBIOx971@35.50 MBVXx179717@0.20 
Value: 175939.49
Sales: CVVx2960@11.80 ATAIx4287@8.50 CBIOx971@35.50 RTNBx66963@0.51 MBVXx179717@0.20 
Purchases: BZFx1795@19.59 CNITx25866@1.36 MAYSx2633@13.36 CHNx1770@19.88 MGYRx14130@2.49 

2011-12-22
Cash: 40.86
Held: CHNx1770@20.41 MGYRx14130@2.41 MAYSx2633@13.30 BZFx1795@19.59 CNITx25866@1.36 
Value: 175583.74
Sales: BZFx1795@19.59 CNITx25866@1.36 MAYSx2633@13.30 MGYRx14130@2.41 CHNx1770@20.41 
Purchases: KBHx5044@6.96 PROx2280@15.40 VVUSx3984@8.81 ALSKx10545@3.33 HGSHx53194@0.66 

2011-12-26
Cash: 23.31
Held: PROx2280@15.22 ALSKx10545@3.26 VVUSx3984@9.20 KBHx5044@6.60 HGSHx53194@0.68 
Value: 175241.09
Sales: PROx2280@15.22 VVUSx3984@9.20 ALSKx10545@3.26 HGSHx53194@0.68 KBHx5044@6.60 
Purchases: GALTx36124@0.97 OPHCx62579@0.56 PWZx1452@24.12 LIVEx8385@4.18 MTSLx25764@1.36 

2011-12-27
Cash: 20.86
Held: LIVEx8385@4.00 GALTx36124@0.98 PWZx1452@24.16 OPHCx62579@0.56 MTSLx25764@1.34 
Value: 173604.20
Sales: GALTx36124@0.98 LIVEx8385@4.00 PWZx1452@24.16 OPHCx62579@0.56 MTSLx25764@1.34 
Purchases: SPWRx5886@5.90 CIXx2506@13.85 SHLDx1082@32.06 BVXx16692@2.08 BASIx25341@1.37 

2011-12-28
Cash: 41.55
Held: SPWRx5886@5.98 BASIx25341@1.30 SHLDx1082@33.59 BVXx16692@2.22 CIXx2506@16.66 
Value: 183337.91
Sales: SPWRx5886@5.98 BVXx16692@2.22 CIXx2506@16.66 SHLDx1082@33.59 BASIx25341@1.30 
Purchases: SVBIx15275@2.40 LLITx25284@1.45 CPHIx59130@0.62 PERFx3073@11.93 HGSHx70511@0.52 

2011-12-29
Cash: 10.65
Held: PERFx3073@10.71 LLITx25284@1.45 CPHIx59130@0.68 HGSHx70511@0.68 SVBIx15275@2.36 
Value: 193810.22
Sales: SVBIx15275@2.36 LLITx25284@1.45 CPHIx59130@0.68 PERFx3073@10.71 HGSHx70511@0.68 
Purchases: BIOPx40378@0.96 TGTXx1937688@0.02 KONEx113976@0.34 KNDIx10534@3.68 ZAGGx5837@6.64 

2012-01-02
Cash: 1.87
Held: ZAGGx5837@7.33 KNDIx10534@3.73 KONEx113976@0.31 TGTXx1937688@0.02 BIOPx40378@0.97 
Value: 195349.50
Sales: BIOPx40378@0.97 TGTXx1937688@0.02 ZAGGx5837@7.33 KNDIx10534@3.73 KONEx113976@0.31 
Purchases: ZSLx2661@14.68 CYANx5501@7.10 NHTCx60116@0.65 BISx60@641.50 DCTHx12440@3.14 

2012-01-03
Cash: 592.26
Held: DCTHx12440@3.25 ZSLx2661@14.23 NHTCx60116@0.65 CYANx5501@6.86 BISx60@646.00 
Value: 194442.09
Sales: ZSLx2661@14.23 NHTCx60116@0.65 CYANx5501@6.86 BISx60@646.00 DCTHx12440@3.25 
Purchases: BSQRx11746@3.31 WMBx1450@26.81 SCOx1083@35.88 GIGAx26997@1.44 EPVx874@44.47 

2012-01-04
Cash: 72.69
Held: BSQRx11746@3.21 SCOx1083@35.91 GIGAx26997@1.66 EPVx874@46.12 WMBx1450@27.64 
Value: 201886.22
Sales: EPVx874@46.12 GIGAx26997@1.66 SCOx1083@35.91 BSQRx11746@3.21 WMBx1450@27.64 
Purchases: GRNx3756@10.75 EVOLx6998@5.77 HRTXx237451@0.17 IGCx155291@0.26 AMRNx6357@6.35 

2012-01-05
Cash: 2.88
Held: GRNx3756@10.19 AMRNx6357@6.39 EVOLx6998@5.73 IGCx155291@0.27 HRTXx237451@0.24 
Value: 217911.68
Sales: GRNx3756@10.19 IGCx155291@0.27 AMRNx6357@6.39 EVOLx6998@5.73 HRTXx237451@0.24 
Purchases: IMNPx150263@0.29 TOPSx25633@1.70 HWx20084@2.17 BPTHx174329@0.25 KNDIx13972@3.12 

2012-01-08
Cash: 4.84
Held: TOPSx25633@1.80 HWx20084@2.15 KNDIx13972@3.28 IMNPx150263@0.32 BPTHx174329@0.26 
Value: 228567.69
Sales: IMNPx150263@0.32 BPTHx174329@0.26 TOPSx25633@1.80 HWx20084@2.15 KNDIx13972@3.28 
Purchases: AXRx6626@6.90 AEHRx69246@0.66 IOTx37781@1.21 DRRXx62622@0.73 MARKx10045@4.55 

2012-01-09
Cash: 6.49
Held: DRRXx62622@0.80 IOTx37781@1.30 AEHRx69246@0.66 AXRx6626@6.86 MARKx10045@4.25 
Value: 233054.43
Sales: AEHRx69246@0.66 AXRx6626@6.86 IOTx37781@1.30 DRRXx62622@0.80 MARKx10045@4.25 
Purchases: MSBFx10268@4.54 IARTx1934@24.09 DACx13668@3.41 GBRx20626@2.26 CPRXx39154@1.19 

2012-01-10
Cash: 20.00
Held: CPRXx39154@1.21 MSBFx10268@4.59 IARTx1934@23.20 GBRx20626@2.30 DACx13668@2.86 
Value: 225936.02
Sales: MSBFx10268@4.59 GBRx20626@2.30 DACx13668@2.86 IARTx1934@23.20 CPRXx39154@1.21 
Purchases: WBMDx1735@26.03 SGOCx49647@0.91 TEARx38624@1.17 MTEXx110236@0.41 TCIx17865@2.53 

2012-01-11
Cash: 25.25
Held: SGOCx49647@0.91 WBMDx1735@26.44 MTEXx110236@0.43 TCIx17865@2.53 TEARx38624@1.28 
Value: 233109.96
Sales: SGOCx49647@0.91 WBMDx1735@26.44 TEARx38624@1.28 MTEXx110236@0.43 TCIx17865@2.53 
Purchases: CBMXx12@3644.00 HRTx13837@3.37 DLAx3093@15.07 SSYx36723@1.27 URBNx1921@24.27 

2012-01-12
Cash: 2915.42
Held: DLAx3093@15.37 SSYx36723@1.25 HRTx13837@3.49 URBNx1921@24.41 CBMXx12@3960.00 
Value: 239048.66
Sales: CBMXx12@3960.00 HRTx13837@3.49 DLAx3093@15.37 SSYx36723@1.25 URBNx1921@24.41 
Purchases: LTBRx23904@2.00 WSMx1413@33.81 BGFVx5958@8.02 COGx2862@16.70 SUMRx9126@5.24 

2012-01-16
Cash: 51.06
Held: WSMx1413@33.88 LTBRx23904@2.20 COGx2862@16.91 SUMRx9126@5.02 BGFVx5958@7.87 
Value: 241576.46
Sales: LTBRx23904@2.20 WSMx1413@33.88 SUMRx9126@5.02 COGx2862@16.91 BGFVx5958@7.87 
Purchases: HUSAx3589@13.46 PQx7818@6.18 UNTx1091@44.25 CASCx1183@40.81 REXXx4209@11.48 

2012-01-17
Cash: 89.57
Held: HUSAx3589@12.50 CASCx1183@40.25 REXXx4209@11.19 UNTx1091@43.22 PQx7818@5.95 
Value: 233318.66
Sales: HUSAx3589@12.50 PQx7818@5.95 UNTx1091@43.22 CASCx1183@40.25 REXXx4209@11.19 
Purchases: CGAx12614@3.70 LIVEx15656@2.98 BDSIx22328@2.09 QRHCx186654@0.25 UNGx8563@5.45 

2012-01-18
Cash: 7.30
Held: UNGx8563@5.24 LIVEx15656@3.00 QRHCx186654@0.25 BDSIx22328@2.12 CGAx12614@3.99 
Value: 236143.19
Sales: CGAx12614@3.99 LIVEx15656@3.00 BDSIx22328@2.12 QRHCx186654@0.25 UNGx8563@5.24 
Purchases: MEETx13646@3.46 RRDx3969@11.90 RVPx40034@1.18 SKLNx236200@0.20 COOLx511@92.38 

2012-01-19
Cash: 30.64
Held: MEETx13646@3.53 RVPx40034@1.28 COOLx511@92.00 SKLNx236200@0.25 RRDx3969@12.00 
Value: 253135.89
Sales: MEETx13646@3.53 RRDx3969@12.00 RVPx40034@1.28 SKLNx236200@0.25 COOLx511@92.00 
Purchases: SOXSx1318@38.41 CDXCx16541@3.06 SMKx1168@43.31 ANIPx81641@0.62 ACUx5192@9.75 

2012-01-22
Cash: 53.96
Held: ANIPx81641@0.71 CDXCx16541@3.48 ACUx5192@9.74 SMKx1168@43.38 SOXSx1318@37.34 
Value: 266048.82
Sales: SOXSx1318@37.34 CDXCx16541@3.48 SMKx1168@43.38 ACUx5192@9.74 ANIPx81641@0.71 
Purchases: TSLx6449@8.25 CLNTx20468@2.60 PNTRx17220@3.09 LXRXx39114@1.36 NCITx6776@7.85 

2012-01-23
Cash: 17.67
Held: LXRXx39114@1.31 CLNTx20468@2.85 TSLx6449@7.83 PNTRx17220@3.26 NCITx6776@7.63 
Value: 267876.22
Sales: TSLx6449@7.83 CLNTx20468@2.85 PNTRx17220@3.26 NCITx6776@7.63 LXRXx39114@1.31 
Purchases: ZSLx4716@11.36 NETEx315067@0.17 SNFCAx45004@1.19 TWINx1653@32.41 CCOIx3479@15.40 

2012-01-24
Cash: 17.38
Held: CCOIx3479@15.15 TWINx1653@32.25 ZSLx4716@11.59 SNFCAx45004@1.17 NETEx315067@0.20 
Value: 276353.35
Sales: ZSLx4716@11.59 NETEx315067@0.20 TWINx1653@32.25 SNFCAx45004@1.17 CCOIx3479@15.15 
Purchases: MTZx3476@15.90 ZIONx3239@17.06 IDCCx1523@36.28 IBIOx74666@0.74 SOLx26447@2.09 

2012-01-25
Cash: 28.16
Held: IDCCx1523@36.19 ZIONx3239@17.62 SOLx26447@2.13 IBIOx74666@0.75 MTZx3476@16.47 
Value: 281828.81
Sales: MTZx3476@16.47 ZIONx3239@17.62 IDCCx1523@36.19 IBIOx74666@0.75 SOLx26447@2.13 
Purchases: VUZIx1127590@0.05 HRTx17239@3.27 GRBKx88052@0.64 DHTx70474@0.80 SYNLx5113@11.02 

2012-01-26
Cash: 6.04
Held: SYNLx5113@10.44 GRBKx88052@0.65 DHTx70474@0.77 HRTx17239@3.48 VUZIx1127590@0.05 
Value: 281230.07
Sales: VUZIx1127590@0.05 HRTx17239@3.48 SYNLx5113@10.44 DHTx70474@0.77 GRBKx88052@0.65 
Purchases: CRRx543@103.44 BVSNx2786@20.19 VBFCx32893@1.71 PJCx2580@21.80 SUNWx702925@0.08 

2012-01-29
Cash: 93.44
Held: VBFCx32893@1.80 BVSNx2786@20.77 PJCx2580@21.75 SUNWx702925@0.06 CRRx543@101.00 
Value: 270279.23
Sales: CRRx543@101.00 BVSNx2786@20.77 VBFCx32893@1.80 PJCx2580@21.75 SUNWx702925@0.06 
Purchases: CLBSx84444@0.64 DLx23494@2.30 GASLx1585@34.09 INFIx9038@5.98 EFSCx4429@12.20 

2012-01-30
Cash: 31.26
Held: DLx23494@2.32 INFIx9038@6.09 GASLx1585@36.22 CLBSx84444@0.62 EFSCx4429@12.47 
Value: 274580.68
Sales: CLBSx84444@0.62 DLx23494@2.32 GASLx1585@36.22 INFIx9038@6.09 EFSCx4429@12.47 
Purchases: MLSSx137323@0.40 FGPx3233@16.98 VIVEx499304@0.11 OMNx10983@5.00 GLOWx19828@2.77 

2012-01-31
Cash: 9.01
Held: GLOWx19828@2.65 MLSSx137323@0.45 FGPx3233@17.09 VIVEx499304@0.13 OMNx10983@4.98 
Value: 289226.14
Sales: VIVEx499304@0.13 MLSSx137323@0.45 FGPx3233@17.09 OMNx10983@4.98 GLOWx19828@2.65 
Purchases: GSMx4221@13.70 NHTCx75121@0.77 FRPHx2796@20.69 KTECx4587@12.61 AETIx13511@4.28 

2012-02-01
Cash: 15.19
Held: FRPHx2796@21.16 GSMx4221@13.93 NHTCx75121@0.94 KTECx4587@12.85 AETIx13511@4.19 
Value: 304154.82
Sales: GSMx4221@13.93 AETIx13511@4.19 FRPHx2796@21.16 KTECx4587@12.85 NHTCx75121@0.94 
Purchases: SAUCx20276@3.00 AEHRx84462@0.72 PBIBx29521@2.06 CASIx29244@2.08 CKXx5994@10.15 

2012-02-02
Cash: 7.09
Held: CKXx5994@11.27 AEHRx84462@0.72 PBIBx29521@2.10 CASIx29244@2.02 SAUCx20276@3.00 
Value: 310280.60
Sales: AEHRx84462@0.72 SAUCx20276@3.00 PBIBx29521@2.10 CASIx29244@2.02 CKXx5994@11.27 
Purchases: KONAx11363@5.46 ANFx1514@40.97 UFIx7214@8.60 AMPx1217@50.97 NGx6575@9.44 

2012-02-05
Cash: 69.08
Held: KONAx11363@5.30 UFIx7214@8.52 NGx6575@9.02 ANFx1514@40.38 AMPx1217@53.12 
Value: 306899.91
Sales: KONAx11363@5.30 ANFx1514@40.38 NGx6575@9.02 AMPx1217@53.12 UFIx7214@8.52 
Purchases: MNKDx28034@2.19 TJXx1787@34.34 EWx1721@35.66 SPEXx58468@1.05 STRLx5672@10.82 

2012-02-06
Cash: 31.30
Held: MNKDx28034@2.40 TJXx1787@34.12 STRLx5672@10.65 SPEXx58468@1.08 EWx1721@36.25 
Value: 314239.42
Sales: MNKDx28034@2.40 TJXx1787@34.12 EWx1721@36.25 SPEXx58468@1.08 STRLx5672@10.65 
Purchases: HMNFx31271@2.01 PATKx10564@5.95 SKLNx349050@0.18 NEONx15789@3.98 SOHUx1187@52.91 

2012-02-07
Cash: 49.41
Held: SKLNx349050@0.18 NEONx15789@3.95 HMNFx31271@2.12 SOHUx1187@52.19 PATKx10564@5.99 
Value: 316725.78
Sales: NEONx15789@3.95 PATKx10564@5.99 SOHUx1187@52.19 SKLNx349050@0.18 HMNFx31271@2.12 
Purchases: IESCx26959@2.35 SSFNx11517@5.50 ORMPx211116@0.30 NSUx14175@4.47 NFBKx4276@14.81 

2012-02-08
Cash: 11.27
Held: IESCx26959@2.41 NSUx14175@4.22 NFBKx4276@14.93 ORMPx211116@0.30 SSFNx11517@5.95 
Value: 320489.06
Sales: ORMPx211116@0.30 SSFNx11517@5.95 IESCx26959@2.41 NSUx14175@4.22 NFBKx4276@14.93 
Purchases: LIOXx23475@2.73 INSYx5827@11.00 AXDXx45454@1.41 CVMx160283@0.40 PDEXx28001@2.29 

2012-02-09
Cash: 3.48
Held: AXDXx45454@1.40 LIOXx23475@2.69 CVMx160283@0.42 PDEXx28001@2.26 INSYx5827@13.50 
Value: 336038.28
Sales: INSYx5827@13.50 AXDXx45454@1.40 LIOXx23475@2.69 CVMx160283@0.42 PDEXx28001@2.26 
Purchases: RAVEx14482@4.64 CDXSx13547@4.96 IRBTx2669@25.17 APRIx1783@37.69 ARRYx25950@2.59 

2012-02-12
Cash: 39.94
Held: IRBTx2669@25.52 RAVEx14482@4.90 ARRYx25950@2.70 CDXSx13547@4.93 APRIx1783@37.50 
Value: 342770.02
Sales: RAVEx14482@4.90 CDXSx13547@4.93 IRBTx2669@25.52 APRIx1783@37.50 ARRYx25950@2.70 
Purchases: AEHRx84628@0.81 SPSCx2691@25.47 TIKx9590@7.15 ASYSx7216@9.50 OSIRx14164@4.84 

2012-02-13
Cash: 22.91
Held: AEHRx84628@0.80 ASYSx7216@8.87 OSIRx14164@4.80 SPSCx2691@24.25 TIKx9590@7.20 
Value: 333989.93
Sales: AEHRx84628@0.80 TIKx9590@7.20 SPSCx2691@24.25 ASYSx7216@8.87 OSIRx14164@4.80 
Purchases: ELONx1214@55.00 DFFNx148456@0.45 ABx4779@13.98 NFECx90238@0.74 HBPx82460@0.81 

2012-02-14
Cash: 33.28
Held: NFECx90238@0.77 ELONx1214@55.41 HBPx82460@0.81 DFFNx148456@0.51 ABx4779@13.86 
Value: 345490.64
Sales: ELONx1214@55.41 DFFNx148456@0.51 ABx4779@13.86 NFECx90238@0.77 HBPx82460@0.81 
Purchases: NTWKx101588@0.68 MFNCx11216@6.16 EDNx13523@5.11 WKHSx230289@0.30 OIHx1603@43.09 

2012-02-15
Cash: 29.33
Held: EDNx13523@5.81 MFNCx11216@6.06 NTWKx101588@0.67 OIHx1603@42.66 WKHSx230289@0.40 
Value: 375059.23
Sales: MFNCx11216@6.06 NTWKx101588@0.67 EDNx13523@5.81 WKHSx230289@0.40 OIHx1603@42.66 
Purchases: MLSSx187575@0.40 CLNTx23958@3.13 SRTx35893@2.09 GNRCx2941@25.50 VGx30749@2.44 

2012-02-16
Cash: 21.42
Held: VGx30749@2.43 SRTx35893@2.04 MLSSx187575@0.60 GNRCx2941@25.80 CLNTx23958@3.22 
Value: 413513.48
Sales: MLSSx187575@0.60 CLNTx23958@3.22 GNRCx2941@25.80 SRTx35893@2.04 VGx30749@2.43 
Purchases: MNSTx1567@52.75 CLBSx127254@0.65 BBWx13554@6.10 ANIPx99632@0.83 SINOx26850@3.08 

2012-02-20
Cash: 48.54
Held: BBWx13554@5.98 ANIPx99632@0.81 MNSTx1567@53.34 CLBSx127254@0.67 SINOx26850@3.22 
Value: 417131.34
Sales: BBWx13554@5.98 MNSTx1567@53.34 SINOx26850@3.22 ANIPx99632@0.81 CLBSx127254@0.67 
Purchases: IOx11619@7.18 FBPx22247@3.75 RPx4026@20.72 HMNYx33766@2.47 RTNBx87799@0.95 

2012-02-21
Cash: 18.66
Held: RPx4026@20.00 IOx11619@7.20 FBPx22247@3.93 HMNYx33766@2.46 RTNBx87799@1.00 
Value: 422505.15
Sales: FBPx22247@3.93 RPx4026@20.00 HMNYx33766@2.46 IOx11619@7.20 RTNBx87799@1.00 
Purchases: EMITFx1493@56.59 DISCBx1723@49.03 AXNx162495@0.52 PLBCx36265@2.33 SNPx748@112.88 

2012-02-22
Cash: 98.48
Held: DISCBx1723@49.03 PLBCx36265@2.90 SNPx748@113.50 AXNx162495@0.52 EMITFx1493@57.00 
Value: 444261.57
Sales: EMITFx1493@57.00 DISCBx1723@49.03 AXNx162495@0.52 PLBCx36265@2.90 SNPx748@113.50 
Purchases: FBMSx9597@9.26 LPTHx66802@1.33 TGTXx423184@0.21 SKLNx634592@0.14 ARTWx12202@7.28 

2012-02-23
Cash: 12.36
Held: ARTWx12202@7.91 FBMSx9597@9.15 SKLNx634592@0.13 LPTHx66802@1.44 TGTXx423184@0.17 
Value: 435013.16
Sales: FBMSx9597@9.15 LPTHx66802@1.44 TGTXx423184@0.17 SKLNx634592@0.13 ARTWx12202@7.91 
Purchases: JKSx10780@8.07 MLSSx217559@0.40 CLNTx31063@2.80 MSLIx51467@1.69 ICONx4698@18.52 

2012-02-26
Cash: 24.42
Held: MLSSx217559@0.33 JKSx10780@7.70 ICONx4698@18.31 MSLIx51467@1.73 CLNTx31063@2.80 
Value: 416928.30
Sales: MLSSx217559@0.33 CLNTx31063@2.80 ICONx4698@18.31 MSLIx51467@1.73 JKSx10780@7.70 
Purchases: KNDx7894@10.56 RBCNx8424@9.90 TOPSx27526@3.03 PKDx12767@6.53 FORDx33883@2.46 

2012-02-27
Cash: 10.64
Held: TOPSx27526@3.16 FORDx33883@2.43 KNDx7894@10.79 RBCNx8424@9.41 PKDx12767@6.45 
Value: 416066.49
Sales: KNDx7894@10.79 RBCNx8424@9.41 TOPSx27526@3.16 PKDx12767@6.45 FORDx33883@2.43 
Purchases: INTx1924@43.25 HILx14422@5.77 LIVEx18007@4.62 LINKx12421@6.70 GGALx12200@6.82 

2012-02-28
Cash: 14.47
Held: LIVEx18007@4.52 GGALx12200@7.09 INTx1924@42.00 LINKx12421@6.70 HILx14422@5.79 
Value: 415402.62
Sales: INTx1924@42.00 HILx14422@5.79 LIVEx18007@4.52 LINKx12421@6.70 GGALx12200@7.09 
Purchases: CLBSx148342@0.56 BCPCx2854@29.11 APOLx1927@43.09 PEIXx68114@1.22 TROVx105160@0.79 

2012-02-29
Cash: 41.63
Held: CLBSx148342@0.65 APOLx1927@42.91 PEIXx68114@1.25 BCPCx2854@27.22 TROVx105160@0.80 
Value: 426062.06
Sales: CLBSx148342@0.65 APOLx1927@42.91 BCPCx2854@27.22 PEIXx68114@1.25 TROVx105160@0.80 
Purchases: TTECx5610@15.19 YRCWx9394@9.07 GNTXx3529@24.14 CECOx9782@8.71 IKNXx10978@7.76 

2012-03-01
Cash: 42.86
Held: IKNXx10978@7.89 CECOx9782@8.62 YRCWx9394@8.90 GNTXx3529@24.41 TTECx5610@15.98 
Value: 430309.57
Sales: TTECx5610@15.98 YRCWx9394@8.90 GNTXx3529@24.41 CECOx9782@8.62 IKNXx10978@7.89 
Purchases: WMLPx9924@8.67 MLSSx260731@0.33 MOCOx5076@16.95 TOPSx33610@2.56 NHTCx59345@1.45 

2012-03-04
Cash: 12.40
Held: TOPSx33610@2.46 MOCOx5076@16.41 MLSSx260731@0.55 NHTCx59345@1.34 WMLPx9924@7.93 
Value: 467561.00
Sales: WMLPx9924@7.93 MLSSx260731@0.55 MOCOx5076@16.41 TOPSx33610@2.46 NHTCx59345@1.34 
Purchases: CLBSx170082@0.55 HUSAx13131@7.12 OGENx51956@1.80 CCMPx2659@35.16 PRTSx23378@4.00 

2012-03-05
Cash: 38.92
Held: HUSAx13131@6.74 PRTSx23378@3.85 CCMPx2659@33.56 CLBSx170082@0.56 OGENx51956@1.80 
Value: 456524.68
Sales: CLBSx170082@0.56 HUSAx13131@6.74 OGENx51956@1.80 CCMPx2659@33.56 PRTSx23378@3.85 
Purchases: ATLOx4766@19.16 SSYx94107@0.97 ALNYx7308@12.49 TRRx20289@4.50 CVBx11542@7.91 

2012-03-06
Cash: 29.56
Held: SSYx94107@0.97 CVBx11542@10.80 ALNYx7308@11.70 TRRx20289@4.40 ATLOx4766@19.27 
Value: 482537.40
Sales: ATLOx4766@19.27 CVBx11542@10.80 ALNYx7308@11.70 SSYx94107@0.97 TRRx20289@4.40 
Purchases: MVISx41592@2.32 GRBKx144057@0.67 TGDx38754@2.49 CASCx3203@30.12 EDCx77@1248.00 

2012-03-07
Cash: 431.11
Held: EDCx77@1320.00 GRBKx144057@0.68 TGDx38754@2.63 CASCx3203@31.98 MVISx41592@2.34 
Value: 501776.25
Sales: EDCx77@1320.00 GRBKx144057@0.68 CASCx3203@31.98 TGDx38754@2.63 MVISx41592@2.34 
Purchases: CSIQx34977@2.87 AEYx48473@2.07 BVSNx2389@42.00 BWL.Ax10178@9.86 XTLBx223035@0.45 

2012-03-08
Cash: 26.48
Held: XTLBx223035@0.45 AEYx48473@2.08 BWL.Ax10178@11.07 BVSNx2389@42.31 CSIQx34977@3.00 
Value: 519898.17
Sales: AEYx48473@2.08 CSIQx34977@3.00 BVSNx2389@42.31 BWL.Ax10178@11.07 XTLBx223035@0.45 
Purchases: GALEx82538@1.26 MBVXx577492@0.18 ITUSx520025@0.20 WINTx28484@3.65 VRMLx51239@2.03 

2012-03-11
Cash: 3.58
Held: ITUSx520025@0.25 GALEx82538@1.33 WINTx28484@3.65 VRMLx51239@1.95 MBVXx577492@0.18 
Value: 547675.18
Sales: GALEx82538@1.33 VRMLx51239@1.95 MBVXx577492@0.18 WINTx28484@3.65 ITUSx520025@0.25 
Purchases: MEIPx125885@0.87 DGLYx199225@0.55 SONCx14987@7.31 CNITx101413@1.08 KTOSx16572@6.61 

2012-03-12
Cash: 7.22
Held: MEIPx125885@0.74 KTOSx16572@6.51 SONCx14987@7.39 DGLYx199225@0.53 CNITx101413@1.04 
Value: 522887.06
Sales: MEIPx125885@0.74 DGLYx199225@0.53 SONCx14987@7.39 CNITx101413@1.04 KTOSx16572@6.51 
Purchases: MVISx35695@2.93 RESx10102@10.35 DYNx222519@0.47 ADKx25376@4.12 PPHMx163367@0.64 

2012-03-13
Cash: 8.88
Held: ADKx25376@4.24 PPHMx163367@0.65 RESx10102@10.49 DYNx222519@0.56 MVISx35695@3.04 
Value: 552827.19
Sales: MVISx35695@3.04 PPHMx163367@0.65 DYNx222519@0.56 ADKx25376@4.24 RESx10102@10.49 
Purchases: BWENx19060@5.80 MEIPx151463@0.73 TOPSx50725@2.18 ARIIx4425@24.98 BSPMx5328@20.75 

2012-03-14
Cash: 22.76
Held: MEIPx151463@0.72 TOPSx50725@2.18 ARIIx4425@25.66 BWENx19060@5.30 BSPMx5328@17.84 
Value: 529306.61
Sales: BWENx19060@5.30 MEIPx151463@0.72 ARIIx4425@25.66 TOPSx50725@2.18 BSPMx5328@17.84 
Purchases: FAZx4825@21.94 SOXSx3304@32.03 LLITx34261@3.09 WGBSx756073@0.14 HCIx8932@11.85 

2012-03-15
Cash: 46.33
Held: LLITx34261@3.15 HCIx8932@11.84 WGBSx756073@0.20 FAZx4825@20.98 SOXSx3304@30.98 
Value: 568569.91
Sales: WGBSx756073@0.20 FAZx4825@20.98 LLITx34261@3.15 HCIx8932@11.84 SOXSx3304@30.98 
Purchases: XRMx16994@6.69 WMLPx16720@6.80 IFONx151618@0.75 INVTx87485@1.30 OGENx90971@1.25 

2012-03-18
Cash: 6.42
Held: XRMx16994@6.75 IFONx151618@0.79 INVTx87485@1.30 OGENx90971@1.25 WMLPx16720@7.49 
Value: 587131.29
Sales: XRMx16994@6.75 WMLPx16720@7.49 IFONx151618@0.79 INVTx87485@1.30 OGENx90971@1.25 
Purchases: FHx75768@1.55 CCOx14903@7.88 WCSTx23485@5.00 KGJIx69465@1.69 OGXIx8453@13.89 

2012-03-19
Cash: 18.20
Held: OGXIx8453@13.60 WCSTx23485@5.25 KGJIx69465@1.70 CCOx14903@8.14 FHx75768@1.63 
Value: 601205.22
Sales: FHx75768@1.63 CCOx14903@8.14 WCSTx23485@5.25 KGJIx69465@1.70 OGXIx8453@13.60 
Purchases: GVx185014@0.65 SKLNx1717549@0.07 CRMEx27337@4.40 MLABx2670@45.03 TGDx52260@2.30 

2012-03-20
Cash: 10.82
Held: GVx185014@0.68 SKLNx1717549@0.07 TGDx52260@2.37 MLABx2670@47.66 CRMEx27337@4.25 
Value: 613329.60
Sales: GVx185014@0.68 SKLNx1717549@0.07 MLABx2670@47.66 TGDx52260@2.37 CRMEx27337@4.25 
Purchases: CYTXx2899@42.31 SCONx177791@0.69 DYNx194744@0.63 CBIOx3401@36.06 CRMEx28862@4.25 

2012-03-21
Cash: 22.33
Held: DYNx194744@0.66 CRMEx28862@3.91 CYTXx2899@39.16 CBIOx3401@35.69 SCONx177791@0.74 
Value: 607932.90
Sales: CYTXx2899@39.16 SCONx177791@0.74 DYNx194744@0.66 CBIOx3401@35.69 CRMEx28862@3.91 
Purchases: SGOCx139735@0.87 AGOx7540@16.12 CBIOx3406@35.69 HBPx114750@1.06 GAZx23742@5.12 

2012-03-22
Cash: 42.24
Held: AGOx7540@16.22 SGOCx139735@0.81 HBPx114750@1.50 GAZx23742@4.83 CBIOx3406@35.34 
Value: 642660.31
Sales: AGOx7540@16.22 SGOCx139735@0.81 CBIOx3406@35.34 HBPx114750@1.50 GAZx23742@4.83 
Purchases: OHAIx19152@6.71 RCONx43581@2.95 BVSNx4050@31.73 ROSGx321408@0.40 AIRx6580@19.53 

2012-03-25
Cash: 30.88
Held: RCONx43581@3.18 BVSNx4050@31.72 AIRx6580@19.20 OHAIx19152@6.77 ROSGx321408@0.42 
Value: 658038.65
Sales: OHAIx19152@6.77 RCONx43581@3.18 BVSNx4050@31.72 ROSGx321408@0.42 AIRx6580@19.20 
Purchases: OFLXx10347@12.72 SEEDx51595@2.55 BVSNx4149@31.72 XTNTx52235@2.52 HGSHx199358@0.66 

2012-03-26
Cash: 13.95
Held: XTNTx52235@2.37 BVSNx4149@26.77 OFLXx10347@12.86 HGSHx199358@0.69 SEEDx51595@2.63 
Value: 641157.07
Sales: OFLXx10347@12.86 BVSNx4149@26.77 SEEDx51595@2.63 HGSHx199358@0.69 XTNTx52235@2.37 
Purchases: GIGMx98654@1.30 GSBx63190@2.03 EDAPx67476@1.90 AUDCx43165@2.97 NCITx20389@6.29 

2012-03-27
Cash: 6.02
Held: GIGMx98654@1.34 AUDCx43165@2.75 EDAPx67476@1.95 NCITx20389@6.36 GSBx63190@1.96 
Value: 635993.32
Sales: GIGMx98654@1.34 GSBx63190@1.96 EDAPx67476@1.95 AUDCx43165@2.75 NCITx20389@6.36 
Purchases: RCONx58619@2.17 SHIPx39494@3.22 GAZx35822@3.55 XTLBx289126@0.44 VBFCx88969@1.43 

2012-03-28
Cash: 3.77
Held: RCONx58619@2.15 VBFCx88969@1.68 XTLBx289126@0.45 SHIPx39494@3.20 GAZx35822@3.59 
Value: 660535.54
Sales: RCONx58619@2.15 SHIPx39494@3.20 VBFCx88969@1.68 XTLBx289126@0.45 GAZx35822@3.59 
Purchases: CBKx65099@2.03 HMTAx30717@4.30 BSPMx10143@13.02 SNXx3493@37.81 SMITx42620@3.10 

