2012-09-26
Cash: 10000.00
Held: 
Value: 10000.00
Sales: 
Purchases: UAMYx1020@1.96 BFRx469@4.26 CETVx298@6.69 MGHx3175@0.63 MTGx1379@1.45 

2012-09-27
Cash: 8.36
Held: UAMYx1020@1.99 MGHx3175@0.64 MTGx1379@1.49 BFRx469@4.15 CETVx298@6.64 
Value: 10050.39
Sales: UAMYx1020@1.99 BFRx469@4.15 CETVx298@6.64 MGHx3175@0.64 MTGx1379@1.49 
Purchases: PGNXx667@3.01 PPHMx1914@1.05 MHOx102@19.55 BAKx140@14.27 TCCOx349@5.75 

2012-09-30
Cash: 34.73
Held: PGNXx667@2.90 BAKx140@14.11 PPHMx1914@0.98 MHOx102@19.38 TCCOx349@5.70 
Value: 9785.57
Sales: PPHMx1914@0.98 MHOx102@19.38 TCCOx349@5.70 PGNXx667@2.90 BAKx140@14.11 
Purchases: XBKSx1304@1.50 PPHMx1997@0.98 LUNAx1208@1.62 ASTCx2082@0.94 SAJAx3494@0.56 

2012-10-01
Cash: 1.64
Held: ASTCx2082@0.94 SAJAx3494@0.56 PPHMx1997@0.83 LUNAx1208@1.80 XBKSx1304@1.69 
Value: 9951.60
Sales: XBKSx1304@1.69 PPHMx1997@0.83 LUNAx1208@1.80 ASTCx2082@0.94 SAJAx3494@0.56 
Purchases: TGSx1259@1.58 GMANx139@14.30 CRVPx1990@1.00 AHPIx375@5.30 HUSAx2926@0.68 

2012-10-02
Cash: 7.02
Held: CRVPx1990@1.00 HUSAx2926@0.64 TGSx1259@1.57 AHPIx375@5.14 GMANx139@14.24 
Value: 9754.49
Sales: TGSx1259@1.57 CRVPx1990@1.00 GMANx139@14.24 AHPIx375@5.14 HUSAx2926@0.64 
Purchases: CNETx1560@1.25 MDLZx69@28.19 PRPHx1560@1.25 CLBx19@99.94 EXPRx167@11.65 

2012-10-03
Cash: 65.45
Held: PRPHx1560@1.39 CNETx1560@1.12 EXPRx167@11.33 CLBx19@100.75 MDLZx69@27.88 
Value: 9710.10
Sales: CNETx1560@1.12 EXPRx167@11.33 CLBx19@100.75 PRPHx1560@1.39 MDLZx69@27.88 
Purchases: PZEx429@4.52 NCTYx462@4.20 EDNx938@2.07 SKXx111@17.34 UCBAx321@6.04 

2012-10-04
Cash: 25.54
Held: EDNx938@2.10 NCTYx462@4.28 SKXx111@17.77 UCBAx321@6.25 PZEx429@4.67 
Value: 9955.38
Sales: NCTYx462@4.28 PZEx429@4.67 EDNx938@2.10 SKXx111@17.77 UCBAx321@6.25 
Purchases: FSIx1392@1.43 NETEx228@8.70 OPHCx3758@0.53 HMSYx71@27.73 RGSEx3317@0.60 

2012-10-07
Cash: 30.34
Held: RGSEx3317@0.52 HMSYx71@27.62 FSIx1392@1.40 OPHCx3758@0.50 NETEx228@8.56 
Value: 9497.22
Sales: RGSEx3317@0.52 OPHCx3758@0.50 FSIx1392@1.40 NETEx228@8.56 HMSYx71@27.62 
Purchases: CBMXx1@1263.00 SRPTx53@35.50 QRHCx5585@0.34 ANIPx1266@1.50 RNVAx446@4.25 

2012-10-08
Cash: 658.82
Held: ANIPx1266@1.50 SRPTx53@32.84 QRHCx5585@0.37 RNVAx446@4.42 CBMXx1@1372.00 
Value: 9709.80
Sales: CBMXx1@1372.00 SRPTx53@32.84 QRHCx5585@0.37 ANIPx1266@1.50 RNVAx446@4.42 
Purchases: IQNTx252@7.70 LIVEx471@4.12 TXMDx776@2.50 GDOTx189@10.24 CBAKx776@2.50 

2012-10-09
Cash: 12.79
Held: LIVEx471@4.20 TXMDx776@2.50 IQNTx252@7.61 GDOTx189@9.76 CBAKx776@2.30 
Value: 9477.82
Sales: IQNTx252@7.61 LIVEx471@4.20 TXMDx776@2.50 GDOTx189@9.76 CBAKx776@2.30 
Purchases: GECx1353@1.40 EWx45@41.66 OCx61@30.64 ACFCx881@2.15 MBVXx1469@1.29 

2012-10-10
Cash: 49.92
Held: ACFCx881@2.19 EWx45@44.03 GECx1353@1.41 OCx61@30.44 MBVXx1469@1.28 
Value: 9605.59
Sales: GECx1353@1.41 EWx45@44.03 OCx61@30.44 ACFCx881@2.19 MBVXx1469@1.28 
Purchases: HUSAx4087@0.47 UNISx831@2.31 RNVAx488@3.93 RPRXx130@14.75 FOEx674@2.85 

2012-10-11
Cash: 8.93
Held: RPRXx130@14.65 HUSAx4087@0.48 FOEx674@2.79 RNVAx488@3.70 UNISx831@2.16 
Value: 9355.04
Sales: HUSAx4087@0.48 UNISx831@2.16 RNVAx488@3.70 RPRXx130@14.65 FOEx674@2.79 
Purchases: IMMYx745@2.51 WSO.Bx27@68.56 ARWRx813@2.30 OHRPx1207@1.55 ARLx607@3.08 

2012-10-14
Cash: 23.32
Held: OHRPx1207@1.48 IMMYx745@2.60 ARWRx813@2.28 WSO.Bx27@68.75 ARLx607@3.20 
Value: 9398.20
Sales: IMMYx745@2.60 ARLx607@3.20 ARWRx813@2.28 OHRPx1207@1.48 WSO.Bx27@68.75 
Purchases: OPHCx4086@0.46 DLTRx45@41.19 SSYx1593@1.18 SUMRx1205@1.56 AMDx673@2.79 

2012-10-15
Cash: 29.80
Held: SSYx1593@1.21 DLTRx45@40.53 OPHCx4086@0.48 AMDx673@2.76 SUMRx1205@1.44 
Value: 9335.41
Sales: DLTRx45@40.53 SSYx1593@1.21 OPHCx4086@0.48 SUMRx1205@1.44 AMDx673@2.76 
Purchases: HIFSx26@70.38 CBMXx1@1130.00 DCTHx1066@1.75 GIGAx1167@1.60 SHGx55@33.78 

2012-10-16
Cash: 785.45
Held: HIFSx26@70.44 GIGAx1167@1.61 DCTHx1066@1.73 SHGx55@34.38 CBMXx1@1035.00 
Value: 9266.41
Sales: HIFSx26@70.44 CBMXx1@1035.00 SHGx55@34.38 GIGAx1167@1.61 DCTHx1066@1.73 
Purchases: MYOSx6176@0.30 IONSx183@10.11 BPIx187@9.89 GROWx353@5.24 WDFCx38@47.59 

2012-10-17
Cash: 56.07
Held: BPIx187@9.92 GROWx353@5.40 IONSx183@9.62 MYOSx6176@0.30 WDFCx38@47.75 
Value: 9244.66
Sales: BPIx187@9.92 IONSx183@9.62 MYOSx6176@0.30 GROWx353@5.40 WDFCx38@47.75 
Purchases: PRKRx1120@1.65 DHTx327@5.64 FTNTx92@20.00 DSSx574@3.22 IOCx25@73.00 

2012-10-18
Cash: 38.05
Held: IOCx25@72.62 DHTx327@5.65 DSSx574@3.16 PRKRx1120@1.62 FTNTx92@19.70 
Value: 9141.86
Sales: PRKRx1120@1.62 DHTx327@5.65 IOCx25@72.62 DSSx574@3.16 FTNTx92@19.70 
Purchases: MLNXx23@77.00 APOLx86@21.05 OBASx324@5.63 BNCNx228@8.00 INVEx1708@1.07 

2012-10-21
Cash: 84.97
Held: INVEx1708@1.11 OBASx324@5.65 APOLx86@20.44 BNCNx228@7.92 MLNXx23@76.50 
Value: 9134.86
Sales: MLNXx23@76.50 INVEx1708@1.11 OBASx324@5.65 BNCNx228@7.92 APOLx86@20.44 
Purchases: GEOSx27@65.62 PXLWx758@2.41 CBLIx49@36.59 IBIOx1756@1.04 MSLIx1439@1.27 

2012-10-22
Cash: 89.83
Held: CBLIx49@35.41 PXLWx758@2.35 GEOSx27@65.88 MSLIx1439@1.30 IBIOx1756@1.01 
Value: 9027.93
Sales: CBLIx49@35.41 MSLIx1439@1.30 GEOSx27@65.88 IBIOx1756@1.01 PXLWx758@2.35 
Purchases: AXRx276@6.52 AVIDx271@6.65 BLDPx2376@0.76 FDMLx242@7.45 MMYTx122@14.69 

2012-10-23
Cash: 27.02
Held: MMYTx122@14.93 AXRx276@6.62 FDMLx242@7.57 BLDPx2376@0.74 AVIDx271@6.65 
Value: 9068.41
Sales: AXRx276@6.62 BLDPx2376@0.74 AVIDx271@6.65 MMYTx122@14.93 FDMLx242@7.57 
Purchases: MNSTx42@42.97 BDSIx362@5.00 LLITx1079@1.68 TEUMx1523@1.19 SSNx2518@0.72 

2012-10-24
Cash: 14.81
Held: TEUMx1523@1.22 SSNx2518@0.75 LLITx1079@1.62 MNSTx42@47.81 BDSIx362@5.09 
Value: 9359.71
Sales: LLITx1079@1.62 MNSTx42@47.81 BDSIx362@5.09 TEUMx1523@1.22 SSNx2518@0.75 
Purchases: IMMYx1101@1.70 ABACx360@5.20 IRBTx101@18.47 UTHRx42@44.50 TPXx72@25.72 

2012-10-25
Cash: 29.98
Held: ABACx360@5.04 IRBTx101@18.20 TPXx72@25.73 UTHRx42@45.81 IMMYx1101@1.59 
Value: 9209.98
Sales: IMMYx1101@1.59 ABACx360@5.04 IRBTx101@18.20 UTHRx42@45.81 TPXx72@25.73 
Purchases: TBIx137@13.43 SPRx123@14.96 DHTx426@4.32 KONEx8009@0.23 NFXx67@27.23 

2012-10-30
Cash: 22.85
Held: DHTx426@4.30 SPRx123@14.69 KONEx8009@0.27 NFXx67@27.11 TBIx137@12.89 
Value: 9406.47
Sales: TBIx137@12.89 SPRx123@14.69 DHTx426@4.30 KONEx8009@0.27 NFXx67@27.11 
Purchases: HMSYx91@20.66 QTMx1635@1.15 JNPx2849@0.66 CLGXx80@23.50 NYTx229@8.19 

2012-10-31
Cash: 10.14
Held: NYTx229@8.22 JNPx2849@0.68 CLGXx80@23.94 HMSYx91@23.05 QTMx1635@1.03 
Value: 9526.82
Sales: HMSYx91@23.05 QTMx1635@1.03 JNPx2849@0.68 CLGXx80@23.94 NYTx229@8.22 
Purchases: IQNTx407@4.67 WMLPx220@8.65 PBIBx1360@1.40 BCRXx668@2.85 ESIOx177@10.71 

2012-11-01
Cash: 18.80
Held: PBIBx1360@1.14 BCRXx668@2.71 IQNTx407@4.83 ESIOx177@11.03 WMLPx220@8.79 
Value: 9230.80
Sales: IQNTx407@4.83 WMLPx220@8.79 PBIBx1360@1.14 ESIOx177@11.03 BCRXx668@2.71 
Purchases: ABEOx5273@0.35 ZUMZx87@21.08 DDPx58@31.81 ABMDx129@14.26 ENGx4735@0.39 

2012-11-04
Cash: 20.42
Held: ZUMZx87@20.12 ABEOx5273@0.35 ENGx4735@0.40 DDPx58@34.94 ABMDx129@13.92 
Value: 9333.19
Sales: ABEOx5273@0.35 ZUMZx87@20.12 DDPx58@34.94 ABMDx129@13.92 ENGx4735@0.40 
Purchases: GBXx134@13.90 DFFNx10977@0.17 GLUUx731@2.55 URREx4667@0.40 PTIEx596@3.13 

2012-11-05
Cash: 7.27
Held: PTIEx596@3.08 GLUUx731@2.50 DFFNx10977@0.15 URREx4667@0.41 GBXx134@13.60 
Value: 9052.98
Sales: GBXx134@13.60 DFFNx10977@0.15 GLUUx731@2.50 URREx4667@0.41 PTIEx596@3.08 
Purchases: NEUx7@251.38 NCMIx130@13.88 CRUSx55@32.88 SFLYx66@27.20 PAGx63@28.72 

2012-11-06
Cash: 75.78
Held: PAGx63@28.27 NCMIx130@13.85 SFLYx66@27.02 NEUx7@251.38 CRUSx55@32.56 
Value: 8990.81
Sales: NEUx7@251.38 NCMIx130@13.85 CRUSx55@32.56 SFLYx66@27.02 PAGx63@28.27 
Purchases: TRTx1198@1.50 BSFTx60@29.64 MMYTx149@11.99 EBIXx864@2.08 ARCIx903@1.99 

2012-11-07
Cash: 34.17
Held: MMYTx149@13.38 EBIXx864@2.06 TRTx1198@1.57 ARCIx903@1.93 BSFTx60@32.28 
Value: 9369.14
Sales: ARCIx903@1.93 BSFTx60@32.28 MMYTx149@13.38 EBIXx864@2.06 TRTx1198@1.57 
Purchases: RVLTx3408@0.55 PLXSx91@20.50 OCLRx1209@1.55 ANTHx285@6.56 VVUSx172@10.85 

2012-11-08
Cash: 20.52
Held: ANTHx285@5.76 RVLTx3408@0.62 PLXSx91@21.73 VVUSx172@10.02 OCLRx1209@1.55 
Value: 9351.54
Sales: OCLRx1209@1.55 VVUSx172@10.02 PLXSx91@21.73 RVLTx3408@0.62 ANTHx285@5.76 
Purchases: BWENx850@2.20 BCRXx1335@1.40 SSNx2791@0.67 SYPRx519@3.60 CPRXx3979@0.47 

2012-11-11
Cash: 4.72
Held: CPRXx3979@0.41 SYPRx519@3.66 SSNx2791@0.62 BCRXx1335@1.54 BWENx850@2.26 
Value: 9242.89
Sales: BWENx850@2.26 BCRXx1335@1.54 SSNx2791@0.62 SYPRx519@3.66 CPRXx3979@0.41 
Purchases: IMNPx61621@0.03 CALIx1155@1.60 PGNXx1032@1.79 ARRYx520@3.55 CPRXx4509@0.41 

2012-11-12
Cash: 4.76
Held: CPRXx4509@0.40 PGNXx1032@1.48 CALIx1155@1.70 IMNPx61621@0.10 ARRYx520@3.41 
Value: 13233.37
Sales: IMNPx61621@0.10 CALIx1155@1.70 PGNXx1032@1.48 ARRYx520@3.41 CPRXx4509@0.40 
Purchases: IDNx2785@0.95 ERFx214@12.35 GSTx3151@0.84 CECOx925@2.86 CPRXx6618@0.40 

2012-11-13
Cash: 6.02
Held: CPRXx6618@0.49 CECOx925@2.63 ERFx214@12.29 GSTx3151@0.82 IDNx2785@1.02 
Value: 13734.84
Sales: IDNx2785@1.02 ERFx214@12.29 GSTx3151@0.82 CECOx925@2.63 CPRXx6618@0.49 
Purchases: GOROx189@14.50 OMERx416@6.60 NKTRx407@6.74 VIRCx1308@2.10 JBNx143@19.19 

2012-11-14
Cash: 15.50
Held: VIRCx1308@2.15 GOROx189@12.67 NKTRx407@6.13 OMERx416@6.24 JBNx143@17.97 
Value: 12882.32
Sales: OMERx416@6.24 NKTRx407@6.13 JBNx143@17.97 VIRCx1308@2.15 GOROx189@12.67 
Purchases: CBMXx4@588.00 GRBKx528@4.88 NLSTx3679@0.70 MBIx373@6.89 GTN.Ax1672@1.54 

2012-11-15
Cash: 233.09
Held: GRBKx528@4.86 NLSTx3679@0.72 GTN.Ax1672@1.69 MBIx373@7.06 CBMXx4@461.25 
Value: 12752.77
Sales: CBMXx4@461.25 GRBKx528@4.86 NLSTx3679@0.72 MBIx373@7.06 GTN.Ax1672@1.69 
Purchases: PLCEx52@48.38 TSLx1041@2.45 EGASx295@8.63 IFONx4182@0.61 NAIIx525@4.85 

2012-11-18
Cash: 43.43
Held: PLCEx52@46.62 IFONx4182@0.60 EGASx295@8.61 TSLx1041@2.42 NAIIx525@4.71 
Value: 12509.69
Sales: EGASx295@8.61 IFONx4182@0.60 PLCEx52@46.62 TSLx1041@2.42 NAIIx525@4.71 
Purchases: SBx706@3.54 DGLYx557@4.49 PNTRx926@2.70 OTTWx400@6.25 DGSEx447@5.59 

2012-11-19
Cash: 13.00
Held: DGSEx447@5.12 SBx706@3.50 DGLYx557@4.49 OTTWx400@6.36 PNTRx926@3.10 
Value: 12687.09
Sales: SBx706@3.50 DGLYx557@4.49 PNTRx926@3.10 OTTWx400@6.36 DGSEx447@5.12 
Purchases: SGOCx1907@1.33 CALIx609@4.16 RCONx1356@1.87 CLNTx695@3.65 ARCIx1838@1.38 

2012-11-20
Cash: 7.97
Held: RCONx1356@2.06 CALIx609@4.79 SGOCx1907@1.38 CLNTx695@4.35 ARCIx1838@1.36 
Value: 13874.71
Sales: SGOCx1907@1.38 CALIx609@4.79 RCONx1356@2.06 CLNTx695@4.35 ARCIx1838@1.36 
Purchases: RAVNx114@24.22 UTSIx3117@0.89 CRMDx7705@0.36 MAGx281@9.84 LRNx170@16.27 

2012-11-22
Cash: 33.34
Held: MAGx281@10.15 RAVNx114@24.20 CRMDx7705@0.39 UTSIx3117@0.89 LRNx170@16.27 
Value: 14188.04
Sales: RAVNx114@24.20 CRMDx7705@0.39 UTSIx3117@0.89 MAGx281@10.15 LRNx170@16.27 
Purchases: LTBRx2041@1.39 SCONx10508@0.27 HHx7469@0.38 EBRx892@3.18 GTIMx1462@1.94 

2012-11-25
Cash: 3.87
Held: EBRx892@3.29 HHx7469@0.37 LTBRx2041@1.30 GTIMx1462@1.80 SCONx10508@0.29 
Value: 14034.06
Sales: LTBRx2041@1.30 SCONx10508@0.29 HHx7469@0.37 EBRx892@3.29 GTIMx1462@1.80 
Purchases: MEIPx1871@1.50 HHx7583@0.37 IPCIx1293@2.17 HCHCx243@11.55 MARKx3301@0.85 

2012-11-26
Cash: 3.19
Held: MEIPx1871@1.48 HHx7583@0.39 IPCIx1293@1.99 MARKx3301@0.85 HCHCx243@11.78 
Value: 13972.09
Sales: MEIPx1871@1.48 HHx7583@0.39 IPCIx1293@1.99 HCHCx243@11.78 MARKx3301@0.85 
Purchases: SRVx357@7.81 SHIPx2201@1.27 VIVEx19958@0.14 RNNx6210@0.45 PFHx140@19.92 

2012-11-27
Cash: 12.52
Held: SHIPx2201@1.39 SRVx357@7.80 VIVEx19958@0.18 RNNx6210@0.46 PFHx140@20.41 
Value: 15162.76
Sales: VIVEx19958@0.18 SHIPx2201@1.39 SRVx357@7.80 RNNx6210@0.46 PFHx140@20.41 
Purchases: WMLPx559@5.42 CALIx735@4.12 CYRXx1296@2.34 GBRx2547@1.19 DGSEx605@5.01 

2012-11-28
Cash: 6.37
Held: CALIx735@4.00 DGSEx605@5.44 CYRXx1296@2.58 GBRx2547@1.42 WMLPx559@5.40 
Value: 16216.47
Sales: WMLPx559@5.40 CALIx735@4.00 CYRXx1296@2.58 GBRx2547@1.42 DGSEx605@5.44 
Purchases: CFNBx199@16.23 STVx1598@2.03 UTIx360@9.01 FFHLx2514@1.29 CBAKx1460@2.22 

2012-11-29
Cash: 14.82
Held: CFNBx199@16.38 STVx1598@2.16 FFHLx2514@1.31 UTIx360@9.43 CBAKx1460@2.69 
Value: 17338.92
Sales: STVx1598@2.16 UTIx360@9.43 FFHLx2514@1.31 CBAKx1460@2.69 CFNBx199@16.38 
Purchases: MLNXx46@75.06 CAIx173@19.95 DDPx82@42.12 KSSx76@45.06 LZBx237@14.60 

2012-12-02
Cash: 94.58
Held: LZBx237@14.79 CAIx173@20.20 KSSx76@44.47 DDPx82@41.50 MLNXx46@74.31 
Value: 17295.73
Sales: MLNXx46@74.31 CAIx173@20.20 LZBx237@14.79 DDPx82@41.50 KSSx76@44.47 
Purchases: ARLx1257@2.75 GBRx2882@1.20 RICx1235@2.80 AXNx17299@0.20 IXYSx422@8.19 

2012-12-03
Cash: 6.97
Held: RICx1235@2.75 AXNx17299@0.21 IXYSx422@8.10 GBRx2882@1.19 ARLx1257@2.76 
Value: 17354.04
Sales: GBRx2882@1.19 AXNx17299@0.21 RICx1235@2.75 ARLx1257@2.76 IXYSx422@8.10 
Purchases: ICCCx794@4.37 BCRXx2313@1.50 RICx1262@2.75 NUROx7231@0.48 MDRXx313@11.08 

2012-12-04
Cash: 5.20
Held: NUROx7231@0.50 RICx1262@2.89 MDRXx313@10.93 BCRXx2313@1.44 ICCCx794@4.25 
Value: 17395.88
Sales: ICCCx794@4.25 BCRXx2313@1.44 RICx1262@2.89 NUROx7231@0.50 MDRXx313@10.93 
Purchases: GECx2827@1.23 ACURx416@8.35 CVMx11595@0.30 APDNx322@10.80 UEPSx979@3.55 

2012-12-05
Cash: 11.22
Held: APDNx322@10.80 CVMx11595@0.30 ACURx416@8.00 GECx2827@1.23 UEPSx979@4.10 
Value: 17788.84
Sales: GECx2827@1.23 ACURx416@8.00 CVMx11595@0.30 APDNx322@10.80 UEPSx979@4.10 
Purchases: CNETx1778@2.00 FCXx113@31.27 SSNx4448@0.80 ANIKx380@9.36 GTN.Ax2778@1.28 

2012-12-06
Cash: 29.13
Held: SSNx4448@0.86 CNETx1778@1.94 FCXx113@31.17 ANIKx380@9.50 GTN.Ax2778@1.70 
Value: 19159.45
Sales: CNETx1778@1.94 FCXx113@31.17 SSNx4448@0.86 ANIKx380@9.50 GTN.Ax2778@1.70 
Purchases: SINOx2379@1.61 RRTSx222@17.22 HFx269@14.22 VBFCx3275@1.17 PPHMx3391@1.13 

2012-12-09
Cash: 18.09
Held: VBFCx3275@1.17 HFx269@14.02 PPHMx3391@1.24 SINOx2379@1.53 RRTSx222@17.33 
Value: 19314.89
Sales: PPHMx3391@1.24 RRTSx222@17.33 HFx269@14.02 VBFCx3275@1.17 SINOx2379@1.53 
Purchases: PBIBx4599@0.84 HDSNx1203@3.21 DDPx97@39.44 FSNNx55179@0.07 TWMCx1103@3.50 

2012-12-10
Cash: 40.82
Held: HDSNx1203@3.19 PBIBx4599@0.76 TWMCx1103@3.36 DDPx97@37.81 FSNNx55179@0.07 
Value: 18608.03
Sales: TWMCx1103@3.36 PBIBx4599@0.76 FSNNx55179@0.07 DDPx97@37.81 HDSNx1203@3.19 
Purchases: GALTx2056@1.81 GALEx1908@1.95 YTENx2176@1.71 ARCx1632@2.28 WPCSx8862@0.42 

2012-12-11
Cash: 4.55
Held: WPCSx8862@0.39 GALTx2056@1.91 GALEx1908@1.90 YTENx2176@1.64 ARCx1632@2.26 
Value: 18268.81
Sales: GALTx2056@1.91 GALEx1908@1.90 YTENx2176@1.64 WPCSx8862@0.39 ARCx1632@2.26 
Purchases: DRAMx483@7.56 TCCOx748@4.88 CRMDx6412@0.57 DSSx1638@2.23 GTIMx1699@2.15 

2012-12-12
Cash: 7.86
Held: DSSx1638@2.29 DRAMx483@7.38 CRMDx6412@0.57 GTIMx1699@2.21 TCCOx748@4.80 
Value: 18322.43
Sales: DRAMx483@7.38 TCCOx748@4.80 CRMDx6412@0.57 DSSx1638@2.29 GTIMx1699@2.21 
Purchases: CBMXx1@1912.00 REEDx677@5.41 MTXx96@37.94 NFECx3523@1.04 NGSx221@16.55 

2012-12-13
Cash: 1784.84
Held: NFECx3523@1.09 NGSx221@16.30 REEDx677@5.43 CBMXx1@1519.00 MTXx96@37.62 
Value: 18032.87
Sales: CBMXx1@1519.00 REEDx677@5.43 MTXx96@37.62 NFECx3523@1.09 NGSx221@16.30 
Purchases: EVIx2404@1.50 HRGx478@7.54 PTIEx1425@2.53 RIGLx655@5.50 ISRx5150@0.70 

2012-12-16
Cash: 10.44
Held: EVIx2404@1.40 ISRx5150@0.70 RIGLx655@6.43 PTIEx1425@2.42 HRGx478@7.55 
Value: 18252.09
Sales: EVIx2404@1.40 HRGx478@7.55 PTIEx1425@2.42 RIGLx655@6.43 ISRx5150@0.70 
Purchases: VGZx1372@2.66 ACURx278@13.10 ABIOx255@14.28 BBYx302@12.08 CSPIx663@5.50 

2012-12-17
Cash: 24.31
Held: VGZx1372@2.72 BBYx302@12.32 CSPIx663@5.63 ABIOx255@17.64 ACURx278@13.80 
Value: 19543.71
Sales: ABIOx255@17.64 ACURx278@13.80 BBYx302@12.32 VGZx1372@2.72 CSPIx663@5.63 
Purchases: MEIPx3151@1.24 NVGNx610@6.40 ADMPx6626@0.59 VBFCx3870@1.01 UNXLx285@13.69 

2012-12-18
Cash: 15.65
Held: MEIPx3151@9.32 VBFCx3870@1.01 NVGNx610@7.11 UNXLx285@13.73 ADMPx6626@0.78 
Value: 46707.39
Sales: MEIPx3151@9.32 NVGNx610@7.11 ADMPx6626@0.78 VBFCx3870@1.01 UNXLx285@13.73 
Purchases: AOBCx1151@8.11 FNCXx6972@1.34 RCMTx1739@5.37 HEBx24590@0.38 NEPTx5494@1.70 

2012-12-19
Cash: 9.59
Held: NEPTx5494@2.00 RCMTx1739@5.35 FNCXx6972@1.21 AOBCx1151@8.54 HEBx24590@0.41 
Value: 48648.00
Sales: FNCXx6972@1.21 HEBx24590@0.41 AOBCx1151@8.54 RCMTx1739@5.35 NEPTx5494@2.00 
Purchases: WKHSx54037@0.18 ARWRx4443@2.19 NICKx781@12.45 IFNx465@20.91 DLBx309@31.44 

2012-12-20
Cash: 29.21
Held: DLBx309@31.34 NICKx781@12.54 ARWRx4443@2.08 WKHSx54037@0.18 IFNx465@20.48 
Value: 48004.02
Sales: DLBx309@31.34 ARWRx4443@2.08 IFNx465@20.48 WKHSx54037@0.18 NICKx781@12.54 
Purchases: FOLDx3255@2.95 ANIPx7562@1.27 MDRXx1066@9.00 SPHSx41746@0.23 ABACx2823@3.40 

2012-12-23
Cash: 10.05
Held: ABACx2823@4.36 ANIPx7562@1.33 MDRXx1066@9.10 SPHSx41746@0.23 FOLDx3255@2.76 
Value: 50660.69
Sales: ABACx2823@4.36 SPHSx41746@0.23 MDRXx1066@9.10 ANIPx7562@1.33 FOLDx3255@2.76 
Purchases: OPXAx8169@1.24 IDRAx13509@0.75 JKSx1725@5.87 ALXx30@335.00 BOSCx1725@5.87 

2012-12-25
Cash: 92.19
Held: OPXAx8169@1.19 JKSx1725@5.61 ALXx30@334.25 BOSCx1725@5.72 IDRAx13509@0.84 
Value: 50730.77
Sales: OPXAx8169@1.19 IDRAx13509@0.84 BOSCx1725@5.72 ALXx30@334.25 JKSx1725@5.61 
Purchases: HLFx381@26.59 DGLYx3001@3.38 AXNx50743@0.20 SNGXx17491@0.58 MHHx1914@5.30 

2012-12-26
Cash: 14.63
Held: HLFx381@27.75 AXNx50743@0.18 MHHx1914@5.18 DGLYx3001@3.17 SNGXx17491@0.58 
Value: 49296.85
Sales: HLFx381@27.75 DGLYx3001@3.17 AXNx50743@0.18 SNGXx17491@0.58 MHHx1914@5.18 
Purchases: SELFx2649@3.72 PTXx1301@7.58 ROIAKx13506@0.73 NKEx192@51.22 SCKTx10956@0.90 

2012-12-27
Cash: 29.12
Held: ROIAKx13506@0.73 SCKTx10956@0.96 PTXx1301@7.55 NKEx192@51.44 SELFx2649@3.69 
Value: 49878.50
Sales: NKEx192@51.44 SELFx2649@3.69 ROIAKx13506@0.73 PTXx1301@7.55 SCKTx10956@0.96 
Purchases: ATVx623@16.00 MEDx391@25.50 MRVLx1409@7.08 CGNTx1937@5.15 MARKx6084@1.64 

2012-12-30
Cash: 18.78
Held: ATVx623@15.62 MRVLx1409@7.14 CGNTx1937@5.35 MEDx391@25.41 MARKx6084@1.69 
Value: 50393.82
Sales: ATVx623@15.62 MEDx391@25.41 MRVLx1409@7.14 CGNTx1937@5.35 MARKx6084@1.69 
Purchases: SGOCx7938@1.27 PRKRx4990@2.02 EDAPx4914@2.05 ARCIx7812@1.29 ISSCx2930@3.44 

2013-01-01
Cash: 5.90
Held: SGOCx7938@1.18 PRKRx4990@2.08 ARCIx7812@1.40 ISSCx2930@3.41 EDAPx4914@2.13 
Value: 51152.50
Sales: SGOCx7938@1.18 PRKRx4990@2.08 EDAPx4914@2.13 ARCIx7812@1.40 ISSCx2930@3.41 
Purchases: EMITFx276@37.00 BIOPx3935@2.60 DYNTx3455@2.96 DEEx391@26.16 RTNBx13465@0.76 

2013-01-02
Cash: 23.66
Held: DYNTx3455@3.15 EMITFx276@37.00 DEEx391@26.75 RTNBx13465@0.80 BIOPx3935@2.60 
Value: 52578.34
Sales: EMITFx276@37.00 BIOPx3935@2.60 DYNTx3455@3.15 DEEx391@26.75 RTNBx13465@0.80 
Purchases: AEHRx12229@0.86 SMDDx310@33.88 VXXx372@28.20 SQQQx286@36.72 TECSx1240@8.48 

2013-01-03
Cash: 57.76
Held: SMDDx310@33.41 AEHRx12229@0.91 VXXx372@28.05 TECSx1240@8.61 SQQQx286@37.22 
Value: 53297.62
Sales: SMDDx310@33.41 AEHRx12229@0.91 VXXx372@28.05 SQQQx286@37.22 TECSx1240@8.61 
Purchases: LRADx10455@1.02 NETEx3331@3.20 CLNTx2618@4.07 IMNx2613@4.08 PLXx2010@5.30 

2013-01-06
Cash: 15.04
Held: IMNx2613@4.07 CLNTx2618@4.29 LRADx10455@1.02 PLXx2010@5.40 NETEx3331@3.20 
Value: 54046.19
Sales: LRADx10455@1.02 NETEx3331@3.20 CLNTx2618@4.29 PLXx2010@5.40 IMNx2613@4.07 
Purchases: GSSx6246@1.73 OTELx7665@1.41 MSONx1589@6.80 GEN           x1816@5.95 GENx1816@5.95 

2013-01-07
Cash: 14.83
Held: MSONx1589@7.08 GEN           x1816@5.98 OTELx7665@1.40 GENx1816@5.98 GSSx6246@1.73 
Value: 54525.53
Sales: GSSx6246@1.73 OTELx7665@1.40 MSONx1589@7.08 GEN           x1816@5.98 GENx1816@5.98 
Purchases: JOBx23203@0.47 IFMIx8862@1.23 CIGx1388@7.85 TSLx2340@4.66 SPRTx2658@4.10 

2013-01-08
Cash: 11.70
Held: JOBx23203@0.47 IFMIx8862@1.29 TSLx2340@5.28 SPRTx2658@4.15 CIGx1388@7.83 
Value: 56598.87
Sales: JOBx23203@0.47 IFMIx8862@1.29 CIGx1388@7.83 TSLx2340@5.28 SPRTx2658@4.15 
Purchases: AXRx958@11.81 JYNx169@66.62 SVUx4041@2.80 ADMPx17417@0.65 IQNTx4087@2.77 

2013-01-09
Cash: 66.49
Held: JYNx169@66.75 SVUx4041@3.39 IQNTx4087@2.84 AXRx958@10.71 ADMPx17417@0.65 
Value: 58235.62
Sales: JYNx169@66.75 IQNTx4087@2.84 SVUx4041@3.39 ADMPx17417@0.65 AXRx958@10.71 
Purchases: CBMXx9@1170.00 PPHMx5391@2.16 LINCx2320@5.02 VISNx2791@4.17 

2013-01-10
Cash: 12771.20
Held: VISNx2791@4.19 PPHMx5391@2.18 LINCx2320@5.09 CBMXx9@1089.00 
Value: 57829.55
Sales: CBMXx9@1089.00 PPHMx5391@2.18 VISNx2791@4.19 LINCx2320@5.09 
Purchases: USPHx470@24.56 CALLx775@14.91 MGx548@21.08 IRLx1236@9.35 CTSOx3855@3.00 

2013-01-13
Cash: 58.49
Held: CALLx775@14.90 MGx548@21.14 CTSOx3855@3.05 IRLx1236@9.44 USPHx470@25.03 
Value: 58380.04
Sales: USPHx470@25.03 IRLx1236@9.44 MGx548@21.14 CALLx775@14.90 CTSOx3855@3.05 
Purchases: GIGx7074@1.65 KBRx401@29.06 SSNx14779@0.79 CNETx5613@2.08 XBKSx9649@1.21 

2013-01-14
Cash: 24.73
Held: SSNx14779@0.74 CNETx5613@2.12 GIGx7074@1.55 KBRx401@28.56 XBKSx9649@1.22 
Value: 57045.42
Sales: CNETx5613@2.12 GIGx7074@1.55 SSNx14779@0.74 KBRx401@28.56 XBKSx9649@1.22 
Purchases: PFHx540@21.09 FAROx362@31.50 TGTXx2932@3.89 WSBFx1700@6.71 AMTXx1703@6.70 

2013-01-15
Cash: 27.12
Held: WSBFx1700@7.33 FAROx362@32.50 AMTXx1703@6.70 TGTXx2932@3.80 PFHx540@21.09 
Value: 58193.21
Sales: PFHx540@21.09 WSBFx1700@7.33 TGTXx2932@3.80 FAROx362@32.50 AMTXx1703@6.70 
Purchases: GMANx991@11.74 ZIONWx3637@3.20 SMBKx6256@1.86 VBFCx11296@1.03 MBVXx5876@1.98 

2013-01-16
Cash: 7.58
Held: VBFCx11296@1.25 ZIONWx3637@3.27 SMBKx6256@1.86 GMANx991@12.12 MBVXx5876@1.84 
Value: 60476.28
Sales: GMANx991@12.12 ZIONWx3637@3.27 MBVXx5876@1.84 VBFCx11296@1.25 SMBKx6256@1.86 
Purchases: LTBRx7328@1.65 PLUGx25199@0.48 ORMPx19504@0.62 BPTHx39009@0.31 CSPIx2011@6.01 

2013-01-17
Cash: 7.79
Held: CSPIx2011@6.01 LTBRx7328@1.81 ORMPx19504@0.70 PLUGx25199@0.50 BPTHx39009@0.35 
Value: 65270.95
Sales: LTBRx7328@1.81 PLUGx25199@0.50 ORMPx19504@0.70 BPTHx39009@0.35 CSPIx2011@6.01 
Purchases: MEETx4309@3.03 CDTIx1120@11.65 ALIMx7722@1.69 CLSNx398@32.75 NEPTx5438@2.40 

2013-01-21
Cash: 30.14
Held: MEETx4309@3.02 NEPTx5438@2.57 ALIMx7722@1.73 CLSNx398@35.56 CDTIx1120@11.70 
Value: 67642.71
Sales: MEETx4309@3.02 CDTIx1120@11.70 ALIMx7722@1.73 CLSNx398@35.56 NEPTx5438@2.57 
Purchases: NTCTx537@25.17 ARWRx6348@2.13 CRD.Ax2657@5.09 SPCBx193244@0.07 BOSCx2761@4.90 

2013-01-22
Cash: 21.93
Held: CRD.Ax2657@4.97 NTCTx537@25.45 ARWRx6348@2.18 BOSCx2761@4.58 SPCBx193244@0.08 
Value: 68831.90
Sales: ARWRx6348@2.18 NTCTx537@25.45 BOSCx2761@4.58 SPCBx193244@0.08 CRD.Ax2657@4.97 
Purchases: AGDx1433@9.60 LIVEx3900@3.53 IPXLx702@19.59 ARNAx1560@8.82 AUMNx3324@4.14 

2013-01-23
Cash: 30.67
Held: AGDx1433@9.72 LIVEx3900@3.58 IPXLx702@19.91 AUMNx3324@4.01 ARNAx1560@8.66 
Value: 68732.83
Sales: AUMNx3324@4.01 LIVEx3900@3.58 AGDx1433@9.72 ARNAx1560@8.66 IPXLx702@19.91 
Purchases: BWENx5563@2.47 SEVx3329@4.13 CVGIx1869@7.35 SNVx5368@2.56 CAPRx124985@0.11 

2013-01-24
Cash: 11.58
Held: CAPRx124985@0.11 SEVx3329@4.09 SNVx5368@2.54 CVGIx1869@7.67 BWENx5563@2.48 
Value: 69140.46
Sales: SNVx5368@2.54 SEVx3329@4.09 CVGIx1869@7.67 BWENx5563@2.48 CAPRx124985@0.11 
Purchases: GVPx6254@2.21 PBIBx10892@1.27 HOTRx5808@2.38 ASMx8133@1.70 MBVXx7946@1.74 

2013-01-27
Cash: 1.90
Held: PBIBx10892@1.45 HOTRx5808@2.43 GVPx6254@2.33 ASMx8133@1.73 MBVXx7946@1.75 
Value: 72460.76
Sales: GVPx6254@2.33 PBIBx10892@1.45 HOTRx5808@2.43 ASMx8133@1.73 MBVXx7946@1.75 
Purchases: SCSSx625@23.17 VIVEx103504@0.14 IGCx111473@0.13 ARCIx10428@1.39 DLHCx13297@1.09 

2013-01-28
Cash: 11.32
Held: DLHCx13297@1.03 ARCIx10428@1.48 IGCx111473@0.14 VIVEx103504@0.15 SCSSx625@22.88 
Value: 74582.05
Sales: SCSSx625@22.88 VIVEx103504@0.15 IGCx111473@0.14 ARCIx10428@1.48 DLHCx13297@1.03 
Purchases: GILDx379@39.34 TBIOx30442@0.49 NVGNx6037@2.47 UAMx1593@9.36 ZNx12966@1.15 

2013-01-29
Cash: 13.40
Held: ZNx12966@1.05 NVGNx6037@2.34 GILDx379@39.97 UAMx1593@9.37 TBIOx30442@0.51 
Value: 73339.18
Sales: GILDx379@39.97 ZNx12966@1.05 NVGNx6037@2.34 UAMx1593@9.37 TBIOx30442@0.51 
Purchases: WMLPx3596@4.08 VMWx186@78.69 NVGNx6268@2.34 HBPx7333@2.00 GVx5642@2.60 

2013-01-30
Cash: 39.23
Held: GVx5642@2.71 VMWx186@78.44 NVGNx6268@2.07 HBPx7333@2.31 WMLPx3596@3.81 
Value: 73546.40
Sales: WMLPx3596@3.81 GVx5642@2.71 NVGNx6268@2.07 HBPx7333@2.31 VMWx186@78.44 
Purchases: MEETx5348@2.75 NETEx5591@2.63 KTCCx1554@9.46 BHLBx611@24.05 SHIPx7138@2.06 

2013-01-31
Cash: 27.14
Held: SHIPx7138@2.05 MEETx5348@2.71 BHLBx611@24.20 KTCCx1554@9.68 NETEx5591@2.55 
Value: 73255.48
Sales: MEETx5348@2.71 SHIPx7138@2.05 KTCCx1554@9.68 BHLBx611@24.20 NETEx5591@2.55 
Purchases: LQDTx447@32.72 SHIPx7144@2.05 CLNTx3599@4.07 HALOx2189@6.69 NVGNx7361@1.99 

2013-02-03
Cash: 32.75
Held: SHIPx7144@1.96 HALOx2189@6.42 NVGNx7361@1.93 LQDTx447@33.72 CLNTx3599@4.15 
Value: 72299.14
Sales: CLNTx3599@4.15 LQDTx447@33.72 SHIPx7144@1.96 NVGNx7361@1.93 HALOx2189@6.42 
Purchases: CBTx388@37.22 PBIBx14319@1.01 STZ.Bx447@32.31 CKHx206@70.00 STZx449@32.16 

2013-02-04
Cash: 97.58
Held: CKHx206@70.75 STZx449@31.17 PBIBx14319@1.00 CBTx388@36.81 STZ.Bx447@31.56 
Value: 71378.94
Sales: CBTx388@36.81 PBIBx14319@1.00 STZ.Bx447@31.56 CKHx206@70.75 STZx449@31.17 
Purchases: MHOx609@23.42 RLGTx7975@1.79 ABIOx566@25.20 CLSNx2735@5.22 KERXx2143@6.66 

2013-02-05
Cash: 28.50
Held: RLGTx7975@1.82 CLSNx2735@5.67 ABIOx566@25.20 MHOx609@23.91 KERXx2143@7.22 
Value: 74351.72
Sales: MHOx609@23.91 RLGTx7975@1.82 ABIOx566@25.20 CLSNx2735@5.67 KERXx2143@7.22 
Purchases: KBALx1652@9.00 DRAMx2665@5.58 RMTIx2568@5.79 CUOx944@15.75 SPGIx320@46.38 

2013-02-06
Cash: 43.71
Held: SPGIx320@44.50 RMTIx2568@5.83 KBALx1652@8.95 DRAMx2665@5.22 CUOx944@17.17 
Value: 74159.11
Sales: KBALx1652@8.95 SPGIx320@44.50 RMTIx2568@5.83 DRAMx2665@5.22 CUOx944@17.17 
Purchases: MPELx762@19.45 DFFNx164748@0.09 GLUUx7097@2.09 MCZx30900@0.48 TTNPx6744@2.20 

2013-02-07
Cash: 9.54
Held: GLUUx7097@2.26 MPELx762@19.98 TTNPx6744@2.18 DFFNx164748@0.08 MCZx30900@0.48 
Value: 73989.05
Sales: MPELx762@19.98 DFFNx164748@0.08 GLUUx7097@2.26 MCZx30900@0.48 TTNPx6744@2.18 
Purchases: TDCx238@62.00 GIGx12229@1.21 CSGSx775@19.08 MXCx2422@6.11 EVRIx2202@6.72 

2013-02-10
Cash: 59.30
Held: GIGx12229@1.25 TDCx238@62.62 CSGSx775@19.28 MXCx2422@6.05 EVRIx2202@7.09 
Value: 75460.10
Sales: GIGx12229@1.25 TDCx238@62.62 CSGSx775@19.28 MXCx2422@6.05 EVRIx2202@7.09 
Purchases: BIOPx6370@2.37 PBIBx16405@0.92 OSURx2502@6.03 NUANx754@20.02 BONTx1294@11.66 

2013-02-11
Cash: 12.20
Held: OSURx2502@5.84 PBIBx16405@1.00 NUANx754@19.52 BONTx1294@11.53 BIOPx6370@2.48 
Value: 76465.29
Sales: PBIBx16405@1.00 BIOPx6370@2.48 OSURx2502@5.84 NUANx754@19.52 BONTx1294@11.53 
Purchases: CASIx6535@2.34 VIVEx127447@0.12 VBFCx10129@1.51 WYYx28866@0.53 BBRYx988@15.47 

2013-02-12
Cash: 13.07
Held: VBFCx10129@1.61 WYYx28866@0.59 CASIx6535@2.34 VIVEx127447@0.12 BBRYx988@15.10 
Value: 78855.00
Sales: VIVEx127447@0.12 CASIx6535@2.34 VBFCx10129@1.61 WYYx28866@0.59 BBRYx988@15.10 
Purchases: SPPx10513@1.50 FNCXx16255@0.97 NETEx6624@2.38 VALx254@61.94 AMTXx2867@5.50 

2013-02-13
Cash: 43.22
Held: SPPx10513@1.55 VALx254@62.50 FNCXx16255@1.16 AMTXx2867@5.60 NETEx6624@2.50 
Value: 83689.33
Sales: SPPx10513@1.55 FNCXx16255@1.16 NETEx6624@2.50 AMTXx2867@5.60 VALx254@62.50 
Purchases: CLFx571@29.27 PRCPx2451@6.83 KVHIx1307@12.80 CLSNx2905@5.76 SCKTx11952@1.40 

2013-02-14
Cash: 42.15
Held: SCKTx11952@1.25 CLFx571@29.78 CLSNx2905@5.76 KVHIx1307@13.10 PRCPx2451@6.70 
Value: 82268.56
Sales: CLFx571@29.78 PRCPx2451@6.70 KVHIx1307@13.10 CLSNx2905@5.76 SCKTx11952@1.25 
Purchases: PLUGx126562@0.13 CTLx506@32.50 RCONx7481@2.20 DYNTx5174@3.18 UWNx18699@0.88 

2013-02-18
Cash: 12.90
Held: RCONx7481@2.37 CTLx506@33.38 DYNTx5174@2.99 UWNx18699@0.98 PLUGx126562@0.15 
Value: 87407.71
Sales: CTLx506@33.38 PLUGx126562@0.15 RCONx7481@2.37 DYNTx5174@2.99 UWNx18699@0.98 
Purchases: STRAx335@52.06 NETEx8092@2.16 LOGMx1042@16.77 IINx3792@4.61 ABIOx770@22.69 

2013-02-19
Cash: 68.88
Held: IINx3792@4.65 ABIOx770@22.89 STRAx335@52.78 NETEx8092@2.01 LOGMx1042@16.70 
Value: 86670.93
Sales: NETEx8092@2.01 STRAx335@52.78 IINx3792@4.65 LOGMx1042@16.70 ABIOx770@22.89 
Purchases: FOLDx5835@2.97 SCONx91260@0.19 RVLTx16666@1.04 FNCXx17505@0.99 MPAAx2942@5.89 

2013-02-20
Cash: 5.26
Held: RVLTx16666@1.35 FNCXx17505@0.82 FOLDx5835@2.78 MPAAx2942@5.69 SCONx91260@0.20 
Value: 88057.74
Sales: FNCXx17505@0.82 MPAAx2942@5.69 RVLTx16666@1.35 SCONx91260@0.20 FOLDx5835@2.78 
Purchases: SNFCAx2108@8.35 HNRx3157@5.58 GRBKx3262@5.40 MARKx13980@1.26 CBMGx6180@2.85 

2013-02-21
Cash: 10.69
Held: HNRx3157@5.40 GRBKx3262@5.28 MARKx13980@1.28 SNFCAx2108@8.11 CBMGx6180@3.00 
Value: 87813.78
Sales: GRBKx3262@5.28 HNRx3157@5.40 CBMGx6180@3.00 SNFCAx2108@8.11 MARKx13980@1.28 
Purchases: ODPx4281@4.10 PAYx955@18.38 DLx3992@4.40 SOXLx503@34.88 RBCNx3548@4.95 

2013-02-24
Cash: 46.35
Held: PAYx955@19.09 DLx3992@4.46 SOXLx503@36.91 RBCNx3548@5.08 ODPx4281@4.21 
Value: 90697.00
Sales: ODPx4281@4.21 PAYx955@19.09 DLx3992@4.46 SOXLx503@36.91 RBCNx3548@5.08 
Purchases: MMSIx1542@11.76 TASRx2512@7.22 EBIXx11704@1.55 XTNTx18318@0.99 SBOTx30227@0.60 

2013-02-25
Cash: 15.77
Held: TASRx2512@7.16 XTNTx18318@0.95 EBIXx11704@1.47 MMSIx1542@12.00 SBOTx30227@0.60 
Value: 89252.59
Sales: MMSIx1542@12.00 TASRx2512@7.16 EBIXx11704@1.47 XTNTx18318@0.95 SBOTx30227@0.60 
Purchases: CBMXx15@1150.00 RVLTx14873@1.20 SSYx23800@0.75 QRHCx6735@2.65 RNVAx5100@3.50 

2013-02-26
Cash: 601.71
Held: SSYx23800@0.65 RVLTx14873@1.15 QRHCx6735@2.75 RNVAx5100@3.53 CBMXx15@1069.00 
Value: 85734.81
Sales: CBMXx15@1069.00 RVLTx14873@1.15 SSYx23800@0.65 QRHCx6735@2.75 RNVAx5100@3.53 
Purchases: AXDXx3290@5.21 TWIx812@21.09 HSIIx1265@13.55 CLSNx3820@4.49 TIx2381@7.20 

2013-02-27
Cash: 39.33
Held: AXDXx3290@5.18 TWIx812@20.92 TIx2381@7.27 CLSNx3820@4.64 HSIIx1265@13.55 
Value: 86241.80
Sales: AXDXx3290@5.18 TWIx812@20.92 HSIIx1265@13.55 CLSNx3820@4.64 TIx2381@7.27 
Purchases: ISRx34496@0.50 YGEx6710@2.57 IGCx82150@0.21 SSYx28742@0.60 RADAx10916@1.58 

2013-02-28
Cash: 2.57
Held: RADAx10916@1.58 ISRx34496@0.52 SSYx28742@0.68 YGEx6710@2.50 IGCx82150@0.21 
Value: 88762.20
Sales: ISRx34496@0.52 YGEx6710@2.50 IGCx82150@0.21 SSYx28742@0.68 RADAx10916@1.58 
Purchases: CBBx1109@16.00 BSFTx845@20.98 JCPx1011@17.55 KONEx5495@3.23 PRPHx10258@1.73 

2013-03-03
Cash: 43.94
Held: PRPHx10258@1.68 KONEx5495@3.23 CBBx1109@14.95 BSFTx845@21.39 JCPx1011@17.86 
Value: 87739.52
Sales: CBBx1109@14.95 BSFTx845@21.39 JCPx1011@17.86 KONEx5495@3.23 PRPHx10258@1.68 
Purchases: IEPx290@60.50 IMHx1576@11.13 GVAx585@29.98 SPEXx1578@11.12 MCRIx2003@8.76 

2013-03-04
Cash: 23.53
Held: IMHx1576@10.99 SPEXx1578@11.07 MCRIx2003@9.58 GVAx585@30.44 IEPx290@62.50 
Value: 89932.09
Sales: IEPx290@62.50 IMHx1576@10.99 GVAx585@30.44 SPEXx1578@11.07 MCRIx2003@9.58 
Purchases: LTBRx10335@1.74 SNMXx7432@2.42 ADMPx26443@0.68 TUESx2336@7.70 HLx4343@4.14 

2013-03-05
Cash: 7.91
Held: TUESx2336@7.94 HLx4343@4.05 SNMXx7432@2.41 LTBRx10335@1.80 ADMPx26443@0.67 
Value: 90379.59
Sales: LTBRx10335@1.80 ADMPx26443@0.67 SNMXx7432@2.41 TUESx2336@7.94 HLx4343@4.05 
Purchases: SITOx26199@0.69 IPXLx1235@14.63 ATx3211@5.63 VXXx820@22.03 MARKx14819@1.22 

2013-03-06
Cash: 17.12
Held: IPXLx1235@15.55 VXXx820@22.30 ATx3211@5.54 SITOx26199@0.68 MARKx14819@1.30 
Value: 92368.61
Sales: SITOx26199@0.68 IPXLx1235@15.55 VXXx820@22.30 MARKx14819@1.30 ATx3211@5.54 
Purchases: GRNx3848@4.80 SEVx5278@3.50 IFMIx7021@2.63 NUROx8881@2.08 MEIPx2220@8.32 

2013-03-07
Cash: 6.67
Held: MEIPx2220@7.82 GRNx3848@5.28 NUROx8881@2.12 SEVx5278@3.62 IFMIx7021@2.44 
Value: 92739.33
Sales: GRNx3848@5.28 MEIPx2220@7.82 IFMIx7021@2.44 NUROx8881@2.12 SEVx5278@3.62 
Purchases: EMITFx435@42.59 OSBCPx2062@8.99 EDNx8315@2.23 MTGx3630@5.11 OSBCx6041@3.07 

2013-03-10
Cash: 28.02
Held: OSBCPx2062@8.82 EDNx8315@2.27 MTGx3630@4.92 EMITFx435@43.81 OSBCx6041@3.16 
Value: 93102.00
Sales: EMITFx435@43.81 EDNx8315@2.27 OSBCPx2062@8.82 MTGx3630@4.92 OSBCx6041@3.16 
Purchases: BORNx11939@1.56 HHx43310@0.43 AKGx5799@3.21 NETEx7924@2.35 CBMGx3920@4.75 

2013-03-11
Cash: 3.42
Held: HHx43310@0.45 AKGx5799@3.38 CBMGx3920@5.95 NETEx7924@2.60 BORNx11939@1.60 
Value: 102114.39
Sales: BORNx11939@1.60 HHx43310@0.45 AKGx5799@3.38 NETEx7924@2.60 CBMGx3920@5.95 
Purchases: KMGx1075@18.98 CNITx17752@1.15 DKSx440@46.38 BIOLx4955@4.12 ERIIx5210@3.92 

2013-03-12
Cash: 36.64
Held: ERIIx5210@3.89 DKSx440@47.62 KMGx1075@19.12 CNITx17752@1.18 BIOLx4955@3.98 
Value: 102486.20
Sales: KMGx1075@19.12 CNITx17752@1.18 DKSx440@47.62 BIOLx4955@3.98 ERIIx5210@3.89 
Purchases: GIGx19150@1.07 REEDx4566@4.49 IRCPx1421@14.42 LAKEx4809@4.26 AEZSx106@192.00 

2013-03-13
Cash: 156.14
Held: LAKEx4809@4.35 GIGx19150@1.08 REEDx4566@4.64 IRCPx1421@14.40 AEZSx106@203.00 
Value: 104933.57
Sales: GIGx19150@1.08 IRCPx1421@14.40 REEDx4566@4.64 LAKEx4809@4.35 AEZSx106@203.00 
Purchases: FNCXx29972@0.70 ONPx11860@1.77 TNAVx3234@6.49 GVPx10761@1.95 CBMGx4197@5.00 

2013-03-14
Cash: 6.52
Held: ONPx11860@1.76 TNAVx3234@6.40 FNCXx29972@0.85 GVPx10761@2.04 CBMGx4197@4.70 
Value: 108713.99
Sales: FNCXx29972@0.85 ONPx11860@1.76 CBMGx4197@4.70 GVPx10761@2.04 TNAVx3234@6.40 
Purchases: SGMAx4819@4.51 PPHMx15094@1.44 OGENx6123@3.55 TRTx11093@1.96 DCTHx12424@1.75 

2013-03-17
Cash: 4.89
Held: TRTx11093@2.17 SGMAx4819@4.46 DCTHx12424@1.73 PPHMx15094@1.35 OGENx6123@3.94 
Value: 111564.71
Sales: SGMAx4819@4.46 PPHMx15094@1.35 OGENx6123@3.94 TRTx11093@2.17 DCTHx12424@1.73 
Purchases: SCONx7437@3.00 ULTAx303@73.62 TXMDx12821@1.74 ESXBx6949@3.21 VHCx1007@22.16 

2013-03-18
Cash: 9.64
Held: ESXBx6949@3.25 VHCx1007@22.72 TXMDx12821@1.72 ULTAx303@74.19 SCONx7437@3.21 
Value: 113878.84
Sales: SCONx7437@3.21 ESXBx6949@3.25 TXMDx12821@1.72 ULTAx303@74.19 VHCx1007@22.72 
Purchases: SMTXx10747@2.12 ABEOx42990@0.53 ROIAx13473@1.69 TXMDx13243@1.72 AMCNx12942@1.76 

2013-03-19
Cash: 4.59
Held: AMCNx12942@1.98 ABEOx42990@0.65 SMTXx10747@2.30 ROIAx13473@1.79 TXMDx13243@1.70 
Value: 124934.50
Sales: AMCNx12942@1.98 TXMDx13243@1.70 ROIAx13473@1.79 SMTXx10747@2.30 ABEOx42990@0.65 
Purchases: FELEx743@33.59 INTXx2719@9.19 WSCIx4713@5.30 MTSLx7642@3.27 PTXx4628@5.40 

2013-03-20
Cash: 41.22
Held: FELEx743@33.75 WSCIx4713@5.10 INTXx2719@9.17 PTXx4628@5.21 MTSLx7642@3.05 
Value: 121529.75
Sales: MTSLx7642@3.05 FELEx743@33.75 INTXx2719@9.17 WSCIx4713@5.10 PTXx4628@5.21 
Purchases: CBMXx34@697.50 MXWLx4064@5.98 CIGx2770@8.77 IBIOx46740@0.52 IKNXx1934@12.56 

2013-03-21
Cash: 606.12
Held: IKNXx1934@11.01 IBIOx46740@0.51 MXWLx4064@5.98 CBMXx34@677.00 CIGx2770@8.61 
Value: 116892.27
Sales: MXWLx4064@5.98 CBMXx34@677.00 CIGx2770@8.61 IBIOx46740@0.51 IKNXx1934@11.01 
Purchases: PLUGx106279@0.22 ORCLx721@32.41 TRMBx787@29.67 GMOx10118@2.31 SPEXx2479@9.43 

2013-03-24
Cash: 43.02
Held: GMOx10118@2.42 TRMBx787@29.62 SPEXx2479@9.22 PLUGx106279@0.26 ORCLx721@32.06 
Value: 121446.59
Sales: PLUGx106279@0.26 ORCLx721@32.06 TRMBx787@29.62 GMOx10118@2.42 SPEXx2479@9.22 
Purchases: IDNx55210@0.44 ABEOx45847@0.53 LIVEx11244@2.16 MOVx759@32.00 FNCXx32385@0.75 

2013-03-25
Cash: 2.81
Held: LIVEx11244@2.10 MOVx759@32.41 ABEOx45847@0.42 FNCXx32385@0.75 IDNx55210@0.40 
Value: 113826.68
Sales: IDNx55210@0.40 ABEOx45847@0.42 LIVEx11244@2.10 MOVx759@32.41 FNCXx32385@0.75 
Purchases: DGICBx1015@22.42 SRNEx126436@0.18 BIOLx5807@3.92 PGTIx3261@6.98 DTRMx2804@8.12 

2013-03-26
Cash: 16.32
Held: PGTIx3261@6.15 DTRMx2804@8.44 DGICBx1015@23.20 SRNEx126436@0.18 BIOLx5807@3.91 
Value: 112747.84
Sales: BIOLx5807@3.91 SRNEx126436@0.18 DGICBx1015@23.20 PGTIx3261@6.15 DTRMx2804@8.44 
Purchases: USGx846@26.62 ZIOPx12743@1.77 CBLIx563@40.00 HALOx3758@6.00 CTICx212@106.00 

2013-03-27
Cash: 133.96
Held: CBLIx563@38.19 HALOx3758@5.91 CTICx212@117.00 ZIOPx12743@1.70 USGx846@26.66 
Value: 112864.66
Sales: ZIOPx12743@1.70 USGx846@26.66 CBLIx563@38.19 CTICx212@117.00 HALOx3758@5.91 
Purchases: OPTTx15048@1.50 CLFx1219@18.52 VCELx33186@0.68 SNBCx6485@3.48 ISNSx5016@4.50 

2013-03-31
Cash: 6.96
Held: SNBCx6485@3.41 VCELx33186@0.70 CLFx1219@19.52 ISNSx5016@4.71 OPTTx15048@1.51 
Value: 115497.07
Sales: OPTTx15048@1.51 SNBCx6485@3.41 CLFx1219@19.52 VCELx33186@0.70 ISNSx5016@4.71 
Purchases: OPXAx9469@2.44 LUNAx18938@1.22 CAASx4851@4.76 YTENx12622@1.83 CPRXx47142@0.49 

2013-04-01
Cash: 1.24
Held: CPRXx47142@0.45 OPXAx9469@2.32 YTENx12622@1.67 CAASx4851@4.68 LUNAx18938@1.21 
Value: 109877.04
Sales: OPXAx9469@2.32 YTENx12622@1.67 CAASx4851@4.68 LUNAx18938@1.21 CPRXx47142@0.45 
Purchases: PLUGx129233@0.17 ZIONWx4969@4.42 AXDXx3407@6.45 MSLIx29687@0.74 HDSNx6052@3.63 

2013-04-02
Cash: 7.67
Held: AXDXx3407@6.49 ZIONWx4969@4.20 HDSNx6052@3.38 MSLIx29687@0.73 PLUGx129233@0.19 
Value: 109657.75
Sales: PLUGx129233@0.19 ZIONWx4969@4.20 AXDXx3407@6.49 MSLIx29687@0.73 HDSNx6052@3.38 
Purchases: EDCx176@124.19 CADCx5311@4.13 LBJx632@34.66 TNAx515@42.56 INOx43022@0.51 

2013-04-03
Cash: 118.55
Held: EDCx176@119.88 INOx43022@0.51 TNAx515@40.28 CADCx5311@3.96 LBJx632@33.56 
Value: 106140.57
Sales: EDCx176@119.88 CADCx5311@3.96 INOx43022@0.51 TNAx515@40.28 LBJx632@33.56 
Purchases: GVx6374@3.33 CLNTx6827@3.11 INVTx29900@0.71 UECx11000@1.93 SPEXx3002@7.07 

2013-04-04
Cash: 7.48
Held: GVx6374@3.09 INVTx29900@0.71 SPEXx3002@7.33 UECx11000@1.98 CLNTx6827@3.05 
Value: 105541.84
Sales: GVx6374@3.09 CLNTx6827@3.05 INVTx29900@0.71 UECx11000@1.98 SPEXx3002@7.33 
Purchases: DRAMx3518@6.00 SPWRx2253@9.37 VIVEx131899@0.16 WYYx37043@0.57 CPSSx2125@9.93 

2013-04-07
Cash: 12.64
Held: WYYx37043@0.58 SPWRx2253@9.56 DRAMx3518@6.78 VIVEx131899@0.20 CPSSx2125@10.52 
Value: 115636.89
Sales: DRAMx3518@6.78 SPWRx2253@9.56 VIVEx131899@0.20 WYYx37043@0.58 CPSSx2125@10.52 
Purchases: CBMXx29@772.00 XXIAx1306@17.70 TEUMx23837@0.97 RDWRx800@28.91 RIGLx5025@4.60 

2013-04-08
Cash: 753.74
Held: TEUMx23837@0.97 RIGLx5025@4.42 RDWRx800@28.77 XXIAx1306@17.98 CBMXx29@774.00 
Value: 115046.77
Sales: CBMXx29@774.00 XXIAx1306@17.98 TEUMx23837@0.97 RDWRx800@28.77 RIGLx5025@4.42 
Purchases: MYOSx255583@0.09 ANCXx1947@11.81 MMACx19504@1.18 OGENx8555@2.69 NFECx43431@0.53 

2013-04-09
Cash: 12.50
Held: NFECx43431@0.58 MYOSx255583@0.12 MMACx19504@1.35 OGENx8555@2.79 ANCXx1947@12.23 
Value: 129862.92
Sales: MYOSx255583@0.12 ANCXx1947@12.23 MMACx19504@1.35 OGENx8555@2.79 NFECx43431@0.58 
Purchases: JYNx450@57.59 AVNWx738@35.16 VIVEx162293@0.16 XTNTx34630@0.75 NRTx1058@24.55 

2013-04-10
Cash: 84.90
Held: XTNTx34630@0.76 NRTx1058@24.73 JYNx450@57.22 AVNWx738@36.59 VIVEx162293@0.17 
Value: 132916.11
Sales: JYNx450@57.22 AVNWx738@36.59 VIVEx162293@0.17 XTNTx34630@0.76 NRTx1058@24.73 
Purchases: TRNSx4373@6.08 MGx1270@20.92 CRD.Ax5112@5.20 CRNTx7107@3.74 CMCTx680@39.06 

2013-04-11
Cash: 42.94
Held: CRD.Ax5112@5.38 TRNSx4373@6.11 MGx1270@20.48 CMCTx680@38.75 CRNTx7107@3.70 
Value: 132911.71
Sales: CRNTx7107@3.70 MGx1270@20.48 TRNSx4373@6.11 CMCTx680@38.75 CRD.Ax5112@5.38 
Purchases: GIGx30550@0.87 APOGx1029@25.81 SGYPx4949@5.37 IBIOx45825@0.58 CREGx28280@0.94 

2013-04-14
Cash: 23.40
Held: CREGx28280@0.96 GIGx30550@0.92 APOGx1029@26.12 IBIOx45825@0.56 SGYPx4949@5.44 
Value: 134751.54
Sales: GIGx30550@0.92 APOGx1029@26.12 SGYPx4949@5.44 IBIOx45825@0.56 CREGx28280@0.96 
Purchases: MNKDx6926@3.89 SGOCx25671@1.05 VISNx11823@2.28 NTICx2497@10.79 INFYx632@42.62 

2013-04-15
Cash: 28.12
Held: MNKDx6926@4.16 SGOCx25671@1.06 INFYx632@42.22 NTICx2497@10.89 VISNx11823@3.22 
Value: 147996.10
Sales: MNKDx6926@4.16 SGOCx25671@1.06 VISNx11823@3.22 NTICx2497@10.89 INFYx632@42.22 
Purchases: DGPx846@34.97 SIVRx1259@23.50 RDWRx2061@14.36 AGQx287@102.81 UGLx509@58.09 

2013-04-16
Cash: 154.46
Held: AGQx287@99.62 UGLx509@57.12 SIVRx1259@23.14 RDWRx2061@14.42 DGPx846@34.31 
Value: 145709.37
Sales: DGPx846@34.31 SIVRx1259@23.14 RDWRx2061@14.42 AGQx287@99.62 UGLx509@57.12 
Purchases: SRPTx858@33.94 MGHx104067@0.28 NLx2606@11.18 WINTx16560@1.76 ASMx26739@1.09 

2013-04-17
Cash: 31.87
Held: SRPTx858@35.25 WINTx16560@1.77 NLx2606@11.11 MGHx104067@0.23 ASMx26739@1.09 
Value: 141605.55
Sales: SRPTx858@35.25 NLx2606@11.11 ASMx26739@1.09 WINTx16560@1.77 MGHx104067@0.23 
Purchases: GRNx7825@3.62 MEETx15311@1.85 VISNx10607@2.67 RICx14751@1.92 CXWx842@33.62 

2013-04-18
Cash: 13.52
Held: GRNx7825@3.93 MEETx15311@1.78 CXWx842@34.31 RICx14751@2.05 VISNx10607@2.63 
Value: 145068.82
Sales: GRNx7825@3.93 MEETx15311@1.78 VISNx10607@2.63 RICx14751@2.05 CXWx842@34.31 
Purchases: LTBRx19342@1.50 NMRXx2800@10.36 INFUx19740@1.47 CRUSx1638@17.70 CNITx24174@1.20 

2013-04-21
Cash: 25.93
Held: INFUx19740@1.47 LTBRx19342@1.59 NMRXx2800@10.40 CNITx24174@1.03 CRUSx1638@17.73 
Value: 142859.45
Sales: LTBRx19342@1.59 NMRXx2800@10.40 INFUx19740@1.47 CRUSx1638@17.73 CNITx24174@1.03 
Purchases: PCMIx4571@6.25 CYx2958@9.66 SBSAx10701@2.67 TROVx5300@5.39 NSITx1721@16.59 

2013-04-22
Cash: 28.52
Held: PCMIx4571@6.43 NSITx1721@17.02 SBSAx10701@2.71 TROVx5300@5.27 CYx2958@9.68 
Value: 144273.29
Sales: PCMIx4571@6.43 CYx2958@9.68 SBSAx10701@2.71 TROVx5300@5.27 NSITx1721@17.02 
Purchases: SGOCx25082@1.15 VUZIx11312@2.55 BISx145@198.25 IKNXx2263@12.75 IDSAx9187@3.14 

2013-04-23
Cash: 112.33
Held: IKNXx2263@12.60 SGOCx25082@1.15 BISx145@197.62 IDSAx9187@3.07 VUZIx11312@2.75 
Value: 145454.35
Sales: SGOCx25082@1.15 VUZIx11312@2.75 BISx145@197.62 IKNXx2263@12.60 IDSAx9187@3.07 
Purchases: ASRx234@124.25 IRWDx1807@16.09 IBIOx70968@0.41 RICx15394@1.89 AUMNx19268@1.51 

2013-04-24
Cash: 28.39
Held: RICx15394@2.05 AUMNx19268@1.75 IRWDx1807@16.28 IBIOx70968@0.43 ASRx234@122.25 
Value: 153855.22
Sales: ASRx234@122.25 IRWDx1807@16.28 RICx15394@2.05 IBIOx70968@0.43 AUMNx19268@1.75 
Purchases: DVx1137@27.05 RESx2387@12.89 EWx936@32.88 ESNDx926@33.22 DZSIx30473@1.01 

2013-04-25
Cash: 30.85
Held: DZSIx30473@1.05 DVx1137@28.45 ESNDx926@33.12 RESx2387@12.63 EWx936@32.66 
Value: 155767.28
Sales: DVx1137@28.45 RESx2387@12.63 EWx936@32.66 ESNDx926@33.12 DZSIx30473@1.05 
Purchases: SEVx8631@3.61 GLBSx13426@2.32 RDCMx10146@3.07 ISRLx350@88.88 LTXBx1736@17.94 

2013-04-28
Cash: 65.11
Held: LTXBx1736@18.03 SEVx8631@3.75 RDCMx10146@3.05 GLBSx13426@2.25 ISRLx350@92.69 
Value: 157335.96
Sales: ISRLx350@92.69 SEVx8631@3.75 GLBSx13426@2.25 RDCMx10146@3.05 LTXBx1736@18.03 
Purchases: KEGx5098@6.17 ICLRx1000@31.45 ECHOx1752@17.95 ISDRx7072@4.45 CBAKx46971@0.67 

2013-04-29
Cash: 32.96
Held: ISDRx7072@4.40 ICLRx1000@31.70 ECHOx1752@17.59 KEGx5098@5.93 CBAKx46971@0.62 
Value: 153023.16
Sales: KEGx5098@5.93 ISDRx7072@4.40 CBAKx46971@0.62 ICLRx1000@31.70 ECHOx1752@17.59 
Purchases: NTPx3919@7.81 DLAx2277@13.44 STRTx805@38.00 AMTXx7461@4.10 TNAVx5786@5.29 

2013-04-30
Cash: 29.82
Held: TNAVx5786@5.23 DLAx2277@13.22 STRTx805@36.59 AMTXx7461@4.00 NTPx3919@7.47 
Value: 148964.41
Sales: NTPx3919@7.47 DLAx2277@13.22 STRTx805@36.59 AMTXx7461@4.00 TNAVx5786@5.23 
Purchases: LXRXx15200@1.96 FVEx6313@4.72 SKLNx175206@0.17 AVEOx5717@5.21 NUANx1546@19.27 

2013-05-01
Cash: 15.23
Held: AVEOx5717@2.25 SKLNx175206@0.16 LXRXx15200@1.98 FVEx6313@4.56 NUANx1546@19.09 
Value: 129317.89
Sales: NUANx1546@19.09 FVEx6313@4.56 SKLNx175206@0.16 AVEOx5717@2.25 LXRXx15200@1.98 
Purchases: FCSCx6631@3.90 CREGx26118@0.99 SSKNx23731@1.09 AOSLx3602@7.18 DCTHx34484@0.75 

2013-05-02
Cash: 4.14
Held: CREGx26118@1.00 SSKNx23731@1.08 DCTHx34484@0.40 AOSLx3602@7.31 FCSCx6631@4.20 
Value: 119714.28
Sales: FCSCx6631@4.20 DCTHx34484@0.40 SSKNx23731@1.08 AOSLx3602@7.31 CREGx26118@1.00 
Purchases: IDRAx44335@0.54 CIGx2913@8.22 JCTCFx2426@9.87 RTNBx41275@0.58 CRAYx1373@17.44 

2013-05-05
Cash: 8.22
Held: JCTCFx2426@9.65 RTNBx41275@0.56 CRAYx1373@16.66 IDRAx44335@0.57 CIGx2913@8.21 
Value: 118582.40
Sales: IDRAx44335@0.57 CIGx2913@8.21 JCTCFx2426@9.65 RTNBx41275@0.56 CRAYx1373@16.66 
Purchases: AVNWx772@30.72 IARTx684@34.62 CETVx8786@2.70 ADMPx64078@0.37 GAZx8322@2.85 

2013-05-06
Cash: 37.87
Held: IARTx684@34.66 GAZx8322@2.81 AVNWx772@30.95 CETVx8786@2.73 ADMPx64078@0.45 
Value: 123849.80
Sales: AVNWx772@30.95 ADMPx64078@0.45 CETVx8786@2.73 IARTx684@34.66 GAZx8322@2.81 
Purchases: NILEx783@31.61 BCBPx2416@10.25 ATHNx292@84.69 SGMOx2974@8.33 NCMIx1492@16.59 

2013-05-07
Cash: 81.19
Held: BCBPx2416@10.25 NCMIx1492@17.19 SGMOx2974@7.91 NILEx783@31.42 ATHNx292@84.69 
Value: 123345.82
Sales: ATHNx292@84.69 BCBPx2416@10.25 NILEx783@31.42 SGMOx2974@7.91 NCMIx1492@17.19 
Purchases: TRXx9239@2.67 MSTXx38537@0.64 SPEXx3024@8.16 CUTRx2819@8.75 SPCBx102792@0.24 

2013-05-08
Cash: 9.64
Held: SPEXx3024@8.00 CUTRx2819@9.16 TRXx9239@2.77 MSTXx38537@0.65 SPCBx102792@0.25 
Value: 126344.09
Sales: TRXx9239@2.77 MSTXx38537@0.65 CUTRx2819@9.16 SPEXx3024@8.00 SPCBx102792@0.25 
Purchases: DCOx1417@17.83 NSATx56159@0.45 OCLRx22979@1.10 AMRIx2488@10.16 BSPMx5158@4.90 

2013-05-09
Cash: 10.02
Held: AMRIx2488@10.43 DCOx1417@18.69 NSATx56159@0.47 OCLRx22979@1.07 BSPMx5158@5.18 
Value: 130143.89
Sales: BSPMx5158@5.18 DCOx1417@18.69 OCLRx22979@1.07 AMRIx2488@10.43 NSATx56159@0.47 
Purchases: RAVEx4265@6.10 WKHSx66758@0.39 MITKx5399@4.82 PRTSx21153@1.23 LPSNx3137@8.30 

2013-05-12
Cash: 12.01
Held: LPSNx3137@8.33 PRTSx21153@1.20 RAVEx4265@6.35 MITKx5399@4.95 WKHSx66758@0.41 
Value: 132700.23
Sales: RAVEx4265@6.35 PRTSx21153@1.20 MITKx5399@4.95 WKHSx66758@0.41 LPSNx3137@8.33 
Purchases: ORBCx7114@3.73 HMNYx6894@3.85 GSSx33593@0.79 SRTx5897@4.50 PTIEx9789@2.71 

2013-05-13
Cash: 8.82
Held: SRTx5897@4.96 PTIEx9789@2.78 ORBCx7114@3.63 HMNYx6894@4.43 GSSx33593@0.77 
Value: 138705.47
Sales: HMNYx6894@4.43 ORBCx7114@3.63 GSSx33593@0.77 PTIEx9789@2.78 SRTx5897@4.96 
Purchases: HNRx9338@2.97 USEGx15677@1.77 REFRx7882@3.52 RILYx81570@0.34 BTNx6750@4.11 

2013-05-14
Cash: 3.90
Held: BTNx6750@4.16 HNRx9338@2.96 USEGx15677@1.81 RILYx81570@0.35 REFRx7882@3.60 
Value: 141032.41
Sales: HNRx9338@2.96 USEGx15677@1.81 REFRx7882@3.60 BTNx6750@4.16 RILYx81570@0.35 
Purchases: RCONx15249@1.85 GNVCx39729@0.71 MOSYx6780@4.16 MSLIx61323@0.46 BKSx1382@20.41 

2013-05-15
Cash: 8.20
Held: RCONx15249@1.79 MSLIx61323@0.48 BKSx1382@20.25 GNVCx39729@0.65 MOSYx6780@4.05 
Value: 138008.12
Sales: GNVCx39729@0.65 RCONx15249@1.79 MOSYx6780@4.05 MSLIx61323@0.48 BKSx1382@20.25 
Purchases: PEDx13146@2.10 CHNRx6781@4.07 OPXAx15684@1.76 HMNYx7667@3.60 TCIx3800@7.26 

2013-05-16
Cash: 12.96
Held: OPXAx15684@1.74 PEDx13146@2.25 CHNRx6781@4.03 TCIx3800@6.39 HMNYx7667@3.60 
Value: 136103.78
Sales: OPXAx15684@1.74 PEDx13146@2.25 TCIx3800@6.39 HMNYx7667@3.60 CHNRx6781@4.03 
Purchases: CALIx8754@3.11 BVXx7397@3.68 PNTRx8477@3.21 VGZx20942@1.30 CSCx636@42.78 

2013-05-19
Cash: 17.16
Held: VGZx20942@1.18 CALIx8754@3.16 CSCx636@44.38 PNTRx8477@3.20 BVXx7397@3.65 
Value: 134730.40
Sales: CALIx8754@3.16 BVXx7397@3.65 PNTRx8477@3.20 CSCx636@44.38 VGZx20942@1.18 
Purchases: PNTRx8422@3.20 CNITx12080@2.23 XTNTx36913@0.73 TCXx14890@1.81 ALIMx6369@4.23 

2013-05-20
Cash: 8.40
Held: XTNTx36913@0.73 ALIMx6369@4.23 TCXx14890@1.85 PNTRx8422@3.18 CNITx12080@2.14 
Value: 134076.78
Sales: CNITx12080@2.14 PNTRx8422@3.18 ALIMx6369@4.23 XTNTx36913@0.73 TCXx14890@1.85 
Purchases: DRAMx2606@10.29 UNXLx1028@26.08 GBRx22525@1.19 DRRXx34824@0.77 FSIx34388@0.78 

2013-05-21
Cash: 10.33
Held: DRRXx34824@0.92 FSIx34388@0.80 DRAMx2606@10.05 UNXLx1028@24.02 GBRx22525@1.19 
Value: 137234.02
Sales: DRAMx2606@10.05 FSIx34388@0.80 GBRx22525@1.19 DRRXx34824@0.92 UNXLx1028@24.02 
Purchases: TISIx788@34.81 HRTXx65361@0.42 FCFPx8996@3.05 ALKx936@29.30 PSCMx751@36.53 

2013-05-22
Cash: 53.59
Held: FCFPx8996@3.03 TISIx788@35.12 ALKx936@28.45 PSCMx751@35.31 HRTXx65361@0.41 
Value: 134927.72
Sales: TISIx788@35.12 HRTXx65361@0.41 FCFPx8996@3.03 ALKx936@28.45 PSCMx751@35.31 
Purchases: NHTCx32916@0.82 EDGWx7252@3.72 HNPx667@40.41 RTNBx49082@0.55 GTN.Ax5190@5.20 

2013-05-23
Cash: 39.42
Held: EDGWx7252@3.75 NHTCx32916@0.83 GTN.Ax5190@5.02 RTNBx49082@0.59 HNPx667@42.06 
Value: 137615.04
Sales: EDGWx7252@3.75 GTN.Ax5190@5.02 HNPx667@42.06 RTNBx49082@0.59 NHTCx32916@0.83 
Purchases: KYOx275@100.06 APRIx1027@26.80 PSCDx687@40.03 ESEAx254@108.00 DGSEx7339@3.75 

2013-05-27
Cash: 122.74
Held: KYOx275@102.25 DGSEx7339@3.59 ESEAx254@115.00 PSCDx687@41.16 APRIx1027@26.30 
Value: 139078.59
Sales: APRIx1027@26.30 KYOx275@102.25 PSCDx687@41.16 ESEAx254@115.00 DGSEx7339@3.59 
Purchases: IKGHx6593@4.22 RCONx13976@1.99 CRUSx1574@17.67 MLSSx26744@1.04 BOSCx8747@3.18 

2013-05-28
Cash: 5.79
Held: RCONx13976@2.04 MLSSx26744@1.15 IKGHx6593@4.22 BOSCx8747@3.03 CRUSx1574@17.41 
Value: 140978.69
Sales: MLSSx26744@1.15 RCONx13976@2.04 BOSCx8747@3.03 CRUSx1574@17.41 IKGHx6593@4.22 
Purchases: NNVCx43384@0.65 GNVCx67145@0.42 IOCx356@79.00 RNNx82907@0.34 XTNTx43384@0.65 

2013-05-29
Cash: 72.64
Held: IOCx356@84.50 XTNTx43384@0.63 GNVCx67145@0.44 RNNx82907@0.36 NNVCx43384@0.62 
Value: 143779.93
Sales: NNVCx43384@0.62 GNVCx67145@0.44 IOCx356@84.50 RNNx82907@0.36 XTNTx43384@0.63 
Purchases: RGSEx8847@3.25 BDLx2659@10.81 COYNx7565@3.80 UNXLx1492@19.27 FNCXx53247@0.54 

2013-05-30
Cash: 24.06
Held: RGSEx8847@3.03 FNCXx53247@0.74 UNXLx1492@19.16 BDLx2659@10.10 COYNx7565@3.80 
Value: 150433.60
Sales: RGSEx8847@3.03 BDLx2659@10.10 UNXLx1492@19.16 COYNx7565@3.80 FNCXx53247@0.74 
Purchases: APDNx2352@12.79 CVIx478@62.88 ANIPx23882@1.26 QRHCx13256@2.27 WFMx567@53.03 

2013-06-02
Cash: 60.13
Held: APDNx2352@13.62 ANIPx23882@1.22 CVIx478@63.66 QRHCx13256@2.50 WFMx567@52.00 
Value: 154268.95
Sales: QRHCx13256@2.50 WFMx567@52.00 APDNx2352@13.62 ANIPx23882@1.22 CVIx478@63.66 
Purchases: HQCLx19159@1.61 ARTXx19783@1.56 SRDXx1299@23.73 ASTCx40609@0.76 PIPx17330@1.78 

2013-06-03
Cash: 26.83
Held: ARTXx19783@1.42 ASTCx40609@0.76 SRDXx1299@24.22 HQCLx19159@1.67 PIPx17330@1.74 
Value: 152582.92
Sales: HQCLx19159@1.67 ARTXx19783@1.42 SRDXx1299@24.22 ASTCx40609@0.76 PIPx17330@1.74 
Purchases: SPWRx1612@18.92 PFINx3829@7.97 INFIx1693@18.02 NSATx62279@0.49 PWx3606@8.46 

2013-06-04
Cash: 41.82
Held: PFINx3829@8.24 SPWRx1612@18.30 NSATx62279@0.49 INFIx1693@20.03 PWx3606@8.04 
Value: 154513.59
Sales: SPWRx1612@18.30 PFINx3829@8.24 INFIx1693@20.03 NSATx62279@0.49 PWx3606@8.04 
Purchases: HUSAx83494@0.37 MDGLx6369@4.85 RWCx10844@2.85 TBIOx79259@0.39 SCONx9809@3.15 

2013-06-05
Cash: 5.58
Held: HUSAx83494@0.35 RWCx10844@2.88 MDGLx6369@4.61 TBIOx79259@0.42 SCONx9809@2.97 
Value: 152255.99
Sales: HUSAx83494@0.35 MDGLx6369@4.61 RWCx10844@2.88 TBIOx79259@0.42 SCONx9809@2.97 
Purchases: IDNx64793@0.47 JASOx4362@6.98 ARWRx15078@2.02 MOSYx6923@4.40 CPHCx2814@10.82 

2013-06-06
Cash: 7.14
Held: CPHCx2814@10.65 JASOx4362@7.21 ARWRx15078@2.05 IDNx64793@0.48 MOSYx6923@4.51 
Value: 154681.64
Sales: IDNx64793@0.48 JASOx4362@7.21 ARWRx15078@2.05 MOSYx6923@4.51 CPHCx2814@10.65 
Purchases: GIGx24163@1.28 PAYx1780@17.38 NVGNx7506@4.12 ISRx54291@0.57 GOLx7585@4.08 

2013-06-09
Cash: 17.06
Held: ISRx54291@0.55 PAYx1780@17.19 NVGNx7506@4.00 GOLx7585@3.91 GIGx24163@1.30 
Value: 151549.97
Sales: GIGx24163@1.30 ISRx54291@0.55 GOLx7585@3.91 NVGNx7506@4.00 PAYx1780@17.19 
Purchases: USMx909@33.34 NVAXx15387@1.97 SENEBx963@31.45 HEBx126296@0.24 CBAKx27564@1.10 

2013-06-10
Cash: 23.52
Held: NVAXx15387@1.93 USMx909@33.38 SENEBx963@31.81 HEBx126296@0.24 CBAKx27564@1.39 
Value: 159303.01
Sales: USMx909@33.38 NVAXx15387@1.93 HEBx126296@0.24 SENEBx963@31.81 CBAKx27564@1.39 
Purchases: UCCx574@55.50 UPROx486@65.50 URTYx588@54.12 RXLx514@61.91 UMDDx506@62.94 

2013-06-11
Cash: 121.32
Held: URTYx588@55.25 UCCx574@54.12 UPROx486@66.75 RXLx514@63.12 UMDDx506@63.50 
Value: 160693.82
Sales: UCCx574@54.12 UMDDx506@63.50 URTYx588@55.25 RXLx514@63.12 UPROx486@66.75 
Purchases: GIGAx23625@1.36 CDZIx5789@5.55 YZCx3531@9.10 LULUx468@68.56 THDx410@78.25 

2013-06-12
Cash: 114.68
Held: GIGAx23625@1.40 CDZIx5789@5.51 YZCx3531@8.84 THDx410@77.50 LULUx468@64.88 
Value: 158470.03
Sales: LULUx468@64.88 CDZIx5789@5.51 YZCx3531@8.84 GIGAx23625@1.40 THDx410@77.50 
Purchases: WRNx48009@0.66 OPXAx18010@1.76 PNBKx24383@1.30 WABx592@53.53 DLHCx38659@0.82 

2013-06-13
Cash: 5.98
Held: OPXAx18010@1.68 DLHCx38659@0.97 PNBKx24383@1.30 WABx592@53.34 WRNx48009@0.64 
Value: 161769.65
Sales: OPXAx18010@1.68 WRNx48009@0.64 PNBKx24383@1.30 WABx592@53.34 DLHCx38659@0.97 
Purchases: PLUGx70340@0.46 TSEMx6162@5.25 SHIPx23613@1.37 NLSTx36347@0.89 SCONx10301@3.14 

2013-06-16
Cash: 7.55
Held: SHIPx23613@1.30 TSEMx6162@5.15 PLUGx70340@0.44 NLSTx36347@0.89 SCONx10301@3.30 
Value: 159725.13
Sales: PLUGx70340@0.44 TSEMx6162@5.15 SHIPx23613@1.30 NLSTx36347@0.89 SCONx10301@3.30 
Purchases: DVAXx2707@11.80 SNGXx19970@1.60 RFILx5394@5.92 SAIAx1026@31.12 ISRx57038@0.56 

2013-06-17
Cash: 25.33
Held: ISRx57038@0.56 RFILx5394@5.62 SAIAx1026@31.80 DVAXx2707@11.10 SNGXx19970@1.54 
Value: 155720.23
Sales: ISRx57038@0.56 SNGXx19970@1.54 RFILx5394@5.62 SAIAx1026@31.80 DVAXx2707@11.10 
Purchases: ABCDx24326@1.28 PXLWx8577@3.63 MRTNx2029@15.34 EDAPx10966@2.84 DLHCx37519@0.83 

2013-06-18
Cash: 16.52
Held: PXLWx8577@3.68 DLHCx37519@0.83 MRTNx2029@16.22 EDAPx10966@2.90 ABCDx24326@1.28 
Value: 158578.36
Sales: MRTNx2029@16.22 ABCDx24326@1.28 DLHCx37519@0.83 EDAPx10966@2.90 PXLWx8577@3.68 
Purchases: CUOx2089@15.18 THMx45295@0.70 TEUMx48042@0.66 ORMPx5218@6.08 AMTXx9061@3.50 

2013-06-19
Cash: 8.27
Held: TEUMx48042@0.60 AMTXx9061@3.50 ORMPx5218@6.00 THMx45295@0.60 CUOx2089@15.03 
Value: 150441.36
Sales: CUOx2089@15.03 THMx45295@0.60 TEUMx48042@0.60 ORMPx5218@6.00 AMTXx9061@3.50 
Purchases: TTEKx1314@22.89 MMACx21804@1.38 CYRXx13200@2.28 ORMPx5014@6.00 VNDAx3494@8.61 

2013-06-20
Cash: 24.24
Held: TTEKx1314@23.73 ORMPx5014@6.05 CYRXx13200@1.97 MMACx21804@1.23 VNDAx3494@8.44 
Value: 143859.98
Sales: TTEKx1314@23.73 CYRXx13200@1.97 ORMPx5014@6.05 MMACx21804@1.23 VNDAx3494@8.44 
Purchases: FPAYx95891@0.30 INDLx2308@12.46 LBJx1521@18.91 FLOx1300@22.12 BAAx34661@0.83 

2013-06-23
Cash: 37.91
Held: BAAx34661@0.75 FLOx1300@21.50 FPAYx95891@0.30 LBJx1521@17.91 INDLx2308@12.15 
Value: 138029.64
Sales: FPAYx95891@0.30 INDLx2308@12.15 LBJx1521@17.91 FLOx1300@21.50 BAAx34661@0.75 
Purchases: ELPx2448@11.27 PQx6769@4.08 ARLx5726@4.82 ORCLx916@30.12 TEOx2067@13.35 

2013-06-24
Cash: 34.15
Held: TEOx2067@13.84 ELPx2448@12.35 PQx6769@4.01 ARLx5726@4.88 ORCLx916@30.50 
Value: 141915.75
Sales: ELPx2448@12.35 PQx6769@4.01 ARLx5726@4.88 ORCLx916@30.50 TEOx2067@13.84 
Purchases: INBKx1432@19.81 SNGXx29254@0.97 SPHSx123415@0.23 EBIXx27290@1.04 AUMNx21497@1.32 

2013-06-25
Cash: 13.12
Held: EBIXx27290@1.13 AUMNx21497@1.32 SPHSx123415@0.23 INBKx1432@20.20 SNGXx29254@0.96 
Value: 144626.99
Sales: INBKx1432@20.20 SNGXx29254@0.96 SPHSx123415@0.23 EBIXx27290@1.13 AUMNx21497@1.32 
Purchases: PYDSx413176@0.07 MGHx144662@0.20 EEIx2698@10.72 MITKx5571@5.19 AXUx31443@0.92 

2013-06-26
Cash: 10.70
Held: MGHx144662@0.18 AXUx31443@0.92 PYDSx413176@0.07 MITKx5571@5.86 EEIx2698@10.88 
Value: 145912.48
Sales: PYDSx413176@0.07 MGHx144662@0.18 EEIx2698@10.88 MITKx5571@5.86 AXUx31443@0.92 
Purchases: SOXSx1868@15.62 MGx1718@16.98 YANGx557@52.31 KNDIx4782@6.10 NCIx2441@11.95 

2013-06-27
Cash: 67.11
Held: MGx1718@17.45 KNDIx4782@6.06 NCIx2441@12.00 SOXSx1868@16.19 YANGx557@51.38 
Value: 147169.90
Sales: NCIx2441@12.00 MGx1718@17.45 YANGx557@51.38 KNDIx4782@6.06 SOXSx1868@16.19 
Purchases: IMMYx3769@7.81 SIXx828@35.53 IBIOx66904@0.44 RCIx767@38.38 GOROx3661@8.04 

2013-06-30
Cash: 20.96
Held: SIXx828@35.50 GOROx3661@8.77 RCIx767@39.22 IMMYx3769@8.34 IBIOx66904@0.46 
Value: 153836.11
Sales: IMMYx3769@8.34 SIXx828@35.50 RCIx767@39.22 IBIOx66904@0.46 GOROx3661@8.77 
Purchases: GIFIx1626@18.92 TCCOx4243@7.25 OGENx9646@3.19 CHCIx1593@19.31 BBRYx3067@10.03 

2013-07-01
Cash: 11.27
Held: GIFIx1626@19.52 CHCIx1593@19.11 OGENx9646@2.94 TCCOx4243@7.65 BBRYx3067@10.20 
Value: 154284.18
Sales: TCCOx4243@7.65 GIFIx1626@19.52 CHCIx1593@19.11 BBRYx3067@10.20 OGENx9646@2.94 
Purchases: ZSLx306@100.75 ISRx59337@0.52 GLLx302@102.06 MMSx825@37.38 NRCIBx904@34.12 

2013-07-02
Cash: 92.04
Held: NRCIBx904@34.19 ISRx59337@0.54 MMSx825@35.16 ZSLx306@101.44 GLLx302@103.19 
Value: 154248.24
Sales: ZSLx306@101.44 ISRx59337@0.54 GLLx302@103.19 MMSx825@35.16 NRCIBx904@34.19 
Purchases: MLSSx28055@1.10 ACHNx4881@6.32 GBXx1402@22.00 SNPx461@66.81 BGIx26150@1.18 

2013-07-04
Cash: 55.86
Held: SNPx461@68.56 MLSSx28055@1.25 ACHNx4881@6.35 GBXx1402@21.80 BGIx26150@1.15 
Value: 158375.84
Sales: MLSSx28055@1.25 ACHNx4881@6.35 GBXx1402@21.80 SNPx461@68.56 BGIx26150@1.15 
Purchases: WMLPx13195@2.40 SINOx20567@1.54 LTEAx527940@0.06 CLNTx5442@5.82 UBRx798@39.66 

2013-07-07
Cash: 33.76
Held: UBRx798@39.53 LTEAx527940@0.06 SINOx20567@1.48 CLNTx5442@5.45 WMLPx13195@2.25 
Value: 153047.01
Sales: WMLPx13195@2.25 SINOx20567@1.48 LTEAx527940@0.06 CLNTx5442@5.45 UBRx798@39.53 
Purchases: PEDx9418@3.25 TYDx850@36.00 INVTx39751@0.77 UQMx24876@1.23 TMFx618@49.50 

2013-07-08
Cash: 29.32
Held: TYDx850@36.53 INVTx39751@0.80 PEDx9418@3.25 TMFx618@50.03 UQMx24876@1.17 
Value: 153504.71
Sales: TYDx850@36.53 PEDx9418@3.25 INVTx39751@0.80 UQMx24876@1.17 TMFx618@50.03 
Purchases: IDNx99016@0.31 EMITFx925@33.19 LEUx9967@3.08 XXIAx2053@14.95 VBFCx18057@1.70 

2013-07-09
Cash: 7.18
Held: VBFCx18057@1.78 LEUx9967@3.22 EMITFx925@34.41 XXIAx2053@14.35 IDNx99016@0.27 
Value: 152280.12
Sales: EMITFx925@34.41 IDNx99016@0.27 VBFCx18057@1.78 XXIAx2053@14.35 LEUx9967@3.22 
Purchases: MTSLx17306@1.76 THMx55394@0.55 MSLIx33462@0.91 IFONx63452@0.48 ISRGx72@417.50 

2013-07-10
Cash: 398.36
Held: IFONx63452@0.52 MSLIx33462@0.95 ISRGx72@424.25 MTSLx17306@1.76 THMx55394@0.61 
Value: 159973.35
Sales: IFONx63452@0.52 THMx55394@0.61 MSLIx33462@0.95 MTSLx17306@1.76 ISRGx72@424.25 
Purchases: MUx2486@12.87 CDTIx5203@6.15 ROIAx14548@2.20 ORMPx4500@7.11 HGSHx4878@6.56 

2013-07-11
Cash: 15.96
Held: MUx2486@12.74 ROIAx14548@2.11 ORMPx4500@6.89 CDTIx5203@6.00 HGSHx4878@6.61 
Value: 156846.57
Sales: MUx2486@12.74 CDTIx5203@6.00 ROIAx14548@2.11 ORMPx4500@6.89 HGSHx4878@6.61 
Purchases: EDZx551@56.91 GRNx5961@5.26 PNRGx803@39.03 DPKx623@50.28 EEVx1247@25.14 

2013-07-14
Cash: 108.44
Held: GRNx5961@5.26 EDZx551@55.94 DPKx623@49.56 PNRGx803@38.38 EEVx1247@24.86 
Value: 154987.32
Sales: GRNx5961@5.26 EDZx551@55.94 PNRGx803@38.38 DPKx623@49.56 EEVx1247@24.86 
Purchases: FLYx2187@14.17 INOx26275@1.18 SSKNx33324@0.93 CEIx24605@1.26 GOROx4150@7.47 

2013-07-15
Cash: 8.11
Held: SSKNx33324@0.95 INOx26275@1.30 FLYx2187@14.71 GOROx4150@7.35 CEIx24605@1.35 
Value: 161713.73
Sales: FLYx2187@14.71 INOx26275@1.30 SSKNx33324@0.95 CEIx24605@1.35 GOROx4150@7.35 
Purchases: STRSx2693@12.01 FNCXx47550@0.68 DDPx1243@26.02 RILYx95101@0.34 TTNPx58825@0.55 

2013-07-16
Cash: 11.95
Held: FNCXx47550@0.70 TTNPx58825@0.60 RILYx95101@0.34 DDPx1243@26.05 STRSx2693@12.70 
Value: 167535.47
Sales: STRSx2693@12.70 FNCXx47550@0.70 DDPx1243@26.05 RILYx95101@0.34 TTNPx58825@0.60 
Purchases: MNGAx44101@0.76 ITCBx2069@16.19 HSIIx2257@14.84 HMNYx8092@4.14 ABEOx83788@0.40 

2013-07-17
Cash: 21.81
Held: MNGAx44101@0.80 ABEOx83788@0.45 ITCBx2069@16.56 HMNYx8092@4.15 HSIIx2257@14.99 
Value: 174668.84
Sales: MNGAx44101@0.80 ITCBx2069@16.56 HSIIx2257@14.99 HMNYx8092@4.15 ABEOx83788@0.45 
Purchases: MGIx1696@20.59 CURx1628@21.45 ZAGGx7200@4.85 HIMXx6365@5.49 ENGx33588@1.04 

2013-07-18
Cash: 19.16
Held: ZAGGx7200@4.81 ENGx33588@1.08 MGIx1696@20.69 HIMXx6365@5.29 CURx1628@21.06 
Value: 173959.33
Sales: MGIx1696@20.69 CURx1628@21.06 ZAGGx7200@4.81 HIMXx6365@5.29 ENGx33588@1.08 
Purchases: ADXSx8655@4.02 GILTx6651@5.23 SCHLx1174@29.62 JAKKx5034@6.91 AXUx31334@1.11 

2013-07-21
Cash: 25.21
Held: ADXSx8655@4.00 JAKKx5034@6.65 AXUx31334@1.13 GILTx6651@5.21 SCHLx1174@29.31 
Value: 172588.01
Sales: ADXSx8655@4.00 GILTx6651@5.21 SCHLx1174@29.31 JAKKx5034@6.65 AXUx31334@1.13 
Purchases: FNCXx51524@0.67 TRTx11066@3.12 SIFYx17258@2.00 JAKKx5191@6.65 ACTGx1571@21.97 

2013-07-22
Cash: 13.60
Held: TRTx11066@3.42 SIFYx17258@1.94 FNCXx51524@0.70 JAKKx5191@6.47 ACTGx1571@21.98 
Value: 175539.99
Sales: FNCXx51524@0.70 JAKKx5191@6.47 ACTGx1571@21.98 TRTx11066@3.42 SIFYx17258@1.94 
Purchases: ZSLx370@94.75 WPCSx9460@3.71 BHLBx1301@26.97 BISx236@148.62 OGENx12063@2.91 

2013-07-23
Cash: 109.96
Held: WPCSx9460@3.81 BHLBx1301@27.27 ZSLx370@94.44 OGENx12063@3.14 BISx236@152.12 
Value: 180359.05
Sales: ZSLx370@94.44 WPCSx9460@3.81 BHLBx1301@27.27 BISx236@152.12 OGENx12063@3.14 
Purchases: AEHRx24543@1.47 OPXAx24205@1.49 EVCx6063@5.95 FXPx1760@20.48 CTGx1966@18.34 

2013-07-24
Cash: 30.00
Held: OPXAx24205@1.53 CTGx1966@18.70 FXPx1760@20.81 AEHRx24543@1.29 EVCx6063@5.11 
Value: 173110.18
Sales: OPXAx24205@1.53 AEHRx24543@1.29 CTGx1966@18.70 EVCx6063@5.11 FXPx1760@20.81 
Purchases: ETBx2266@15.27 CBMXx46@742.50 FCFPx11540@3.00 ALSKx14192@2.44 ALGTx373@92.75 

2013-07-25
Cash: 509.10
Held: ETBx2266@15.34 ALSKx14192@2.55 FCFPx11540@3.00 ALGTx373@93.25 CBMXx46@729.00 
Value: 174414.98
Sales: ETBx2266@15.34 CBMXx46@729.00 FCFPx11540@3.00 ALSKx14192@2.55 ALGTx373@93.25 
Purchases: SGOCx18652@1.87 HNRx8016@4.35 SRPTx949@36.75 PHMx2112@16.52 AEZSx240@145.00 

2013-07-28
Cash: 94.68
Held: HNRx8016@4.30 SGOCx18652@1.80 SRPTx949@37.00 PHMx2112@16.25 AEZSx240@140.00 
Value: 171172.69
Sales: SGOCx18652@1.80 SRPTx949@37.00 HNRx8016@4.30 PHMx2112@16.25 AEZSx240@140.00 
Purchases: ARIIx1005@34.03 IPCIx16693@2.05 WPCSx10799@3.17 EXPEx713@47.97 FORRx974@35.12 

2013-07-29
Cash: 92.14
Held: WPCSx10799@3.20 FORRx974@35.16 ARIIx1005@34.78 EXPEx713@46.25 IPCIx16693@1.90 
Value: 168537.32
Sales: FORRx974@35.16 WPCSx10799@3.20 ARIIx1005@34.78 EXPEx713@46.25 IPCIx16693@1.90 
Purchases: ABEOx88731@0.38 CDTIx4240@7.95 BASx2846@11.84 AIMCx1327@25.39 PTXx9912@3.40 

2013-07-30
Cash: 19.91
Held: BASx2846@11.49 ABEOx88731@0.30 PTXx9912@3.35 AIMCx1327@25.45 CDTIx4240@7.75 
Value: 159187.93
Sales: ABEOx88731@0.30 CDTIx4240@7.75 BASx2846@11.49 AIMCx1327@25.45 PTXx9912@3.35 
Purchases: DRAMx3480@9.15 TRQx8142@3.91 IPIx2377@13.39 OFIXx1388@22.94 SQMx1048@30.36 

2013-07-31
Cash: 31.48
Held: IPIx2377@12.86 TRQx8142@4.00 DRAMx3480@9.54 SQMx1048@29.06 OFIXx1388@22.91 
Value: 158613.53
Sales: TRQx8142@4.00 DRAMx3480@9.54 IPIx2377@12.86 OFIXx1388@22.91 SQMx1048@29.06 
Purchases: VUZIx16439@1.93 LTBRx13858@2.29 BGFVx1549@20.47 AHPIx6502@4.88 BAAx33749@0.94 

2013-08-01
Cash: 18.75
Held: BAAx33749@0.88 LTBRx13858@2.19 AHPIx6502@5.40 BGFVx1549@20.00 VUZIx16439@1.92 
Value: 157697.59
Sales: LTBRx13858@2.19 VUZIx16439@1.92 BGFVx1549@20.00 AHPIx6502@5.40 BAAx33749@0.88 
Purchases: LTBRx14405@2.19 CENXx3758@8.39 BJRIx1003@31.44 BOMx2143@14.71 HDSNx14017@2.25 

2013-08-04
Cash: 30.95
Held: HDSNx14017@2.15 BJRIx1003@31.14 LTBRx14405@1.95 BOMx2143@15.26 CENXx3758@8.33 
Value: 153494.17
Sales: LTBRx14405@1.95 CENXx3758@8.33 BJRIx1003@31.14 BOMx2143@15.26 HDSNx14017@2.15 
Purchases: ORNx2930@10.48 TEARx2507@12.24 JOBx113691@0.27 WPRTx1068@28.72 WTWx807@38.00 

2013-08-05
Cash: 70.26
Held: JOBx113691@0.30 ORNx2930@10.15 WTWx807@38.38 TEARx2507@12.61 WPRTx1068@29.23 
Value: 157720.67
Sales: ORNx2930@10.15 TEARx2507@12.61 JOBx113691@0.30 WPRTx1068@29.23 WTWx807@38.38 
Purchases: IMKTAx1229@25.66 HCIx898@35.09 URREx9197@3.43 HGSHx3886@8.12 LRADx22525@1.40 

2013-08-06
Cash: 44.93
Held: IMKTAx1229@25.52 HCIx898@34.59 URREx9197@3.40 LRADx22525@1.43 HGSHx3886@8.12 
Value: 157489.31
Sales: IMKTAx1229@25.52 HCIx898@34.59 HGSHx3886@8.12 URREx9197@3.40 LRADx22525@1.43 
Purchases: MDRx4519@6.97 SSPx2181@14.44 KONEx10098@3.12 ASMx32464@0.97 TAx3665@8.59 

2013-08-07
Cash: 19.12
Held: KONEx10098@3.45 MDRx4519@6.77 TAx3665@8.11 SSPx2181@14.59 ASMx32464@0.92 
Value: 156855.01
Sales: MDRx4519@6.77 SSPx2181@14.59 KONEx10098@3.45 ASMx32464@0.92 TAx3665@8.11 
Purchases: SCONx19132@1.64 VCELx59214@0.53 YRCWx1307@24.00 CSPIx4573@6.86 INOx15011@2.09 

2013-08-08
Cash: 7.99
Held: CSPIx4573@7.09 INOx15011@2.00 VCELx59214@0.46 YRCWx1307@22.50 SCONx19132@1.69 
Value: 151436.77
Sales: SCONx19132@1.69 VCELx59214@0.46 INOx15011@2.00 YRCWx1307@22.50 CSPIx4573@7.09 
Purchases: OPXAx21026@1.44 VCELx65847@0.46 BOSCx10556@2.87 UAMx3785@8.00 CAMTx16461@1.84 

2013-08-11
Cash: 10.94
Held: OPXAx21026@1.38 CAMTx16461@1.74 VCELx65847@0.60 UAMx3785@7.70 BOSCx10556@3.89 
Value: 167395.96
Sales: OPXAx21026@1.38 VCELx65847@0.60 BOSCx10556@3.89 UAMx3785@7.70 CAMTx16461@1.74 
Purchases: PLUGx81674@0.41 MVISx14944@2.24 XOMAx8369@4.00 BIOLx17167@1.95 CECOx10733@3.12 

2013-08-12
Cash: 6.00
Held: CECOx10733@3.08 PLUGx81674@0.44 XOMAx8369@4.07 MVISx14944@2.23 BIOLx17167@1.93 
Value: 169519.77
Sales: PLUGx81674@0.44 MVISx14944@2.23 BIOLx17167@1.93 XOMAx8369@4.07 CECOx10733@3.08 
Purchases: FALCx38088@0.89 ZSLx409@82.75 IINx10869@3.12 LOVx4254@7.97 BIOLx17569@1.93 

2013-08-13
Cash: 67.81
Held: LOVx4254@7.90 IINx10869@2.81 ZSLx409@82.44 FALCx38088@0.93 BIOLx17569@1.78 
Value: 164638.69
Sales: ZSLx409@82.44 FALCx38088@0.93 IINx10869@2.81 LOVx4254@7.90 BIOLx17569@1.78 
Purchases: FBMSx2440@13.49 GNVCx117586@0.28 FXPx1799@18.30 PBR.Ax2300@14.31 PGNXx7113@4.63 

2013-08-14
Cash: 29.99
Held: PGNXx7113@4.63 FXPx1799@18.45 PBR.Ax2300@14.77 FBMSx2440@13.33 GNVCx117586@0.28 
Value: 165579.63
Sales: FBMSx2440@13.33 GNVCx117586@0.28 PBR.Ax2300@14.77 PGNXx7113@4.63 FXPx1799@18.45 
Purchases: CALIx12738@2.60 SPUx16557@2.00 CREEx566@58.50 ALIMx9973@3.32 GVx19136@1.73 

2013-08-15
Cash: 13.08
Held: SPUx16557@1.88 GVx19136@1.71 CALIx12738@2.32 CREEx566@56.19 ALIMx9973@3.17 
Value: 156832.01
Sales: GVx19136@1.71 ALIMx9973@3.17 CREEx566@56.19 SPUx16557@1.88 CALIx12738@2.32 
Purchases: MNKDx4646@6.75 CPHIx165137@0.19 CAASx4436@7.07 RILYx104537@0.30 OSIRx1568@20.00 

2013-08-18
Cash: 15.04
Held: MNKDx4646@6.12 CAASx4436@7.14 CPHIx165137@0.20 RILYx104537@0.30 OSIRx1568@19.17 
Value: 154576.50
Sales: MNKDx4646@6.12 CPHIx165137@0.20 CAASx4436@7.14 RILYx104537@0.30 OSIRx1568@19.17 
Purchases: BORNx23073@1.34 EROx603@51.25 CREGx16892@1.83 SPHSx7104@4.35 GTIMx14057@2.20 

2013-08-19
Cash: 16.93
Held: CREGx16892@1.89 SPHSx7104@4.15 GTIMx14057@2.10 EROx603@51.25 BORNx23073@1.21 
Value: 149742.76
Sales: BORNx23073@1.21 GTIMx14057@2.10 EROx603@51.25 SPHSx7104@4.15 CREGx16892@1.89 
Purchases: CIEx1205@24.84 GTXIx21703@1.38 WBKx1048@28.56 BIOLx18837@1.59 IDSAx19709@1.52 

2013-08-20
Cash: 28.62
Held: GTXIx21703@1.49 WBKx1048@28.50 IDSAx19709@1.58 BIOLx18837@1.53 CIEx1205@24.66 
Value: 151917.48
Sales: CIEx1205@24.66 GTXIx21703@1.49 WBKx1048@28.50 BIOLx18837@1.53 IDSAx19709@1.58 
Purchases: FSIx28130@1.08 LIVEx9376@3.24 OTIVx20124@1.51 RELVx14404@2.11 HMNYx5946@5.11 

2013-08-21
Cash: 8.14
Held: RELVx14404@2.07 LIVEx9376@3.30 FSIx28130@1.15 HMNYx5946@5.06 OTIVx20124@1.45 
Value: 152399.66
Sales: FSIx28130@1.15 LIVEx9376@3.30 OTIVx20124@1.45 RELVx14404@2.07 HMNYx5946@5.06 
Purchases: CNTFx5037@6.05 SPLSx2124@14.34 IOTx6364@4.79 LPTHx20319@1.50 SSNx59792@0.51 

2013-08-22
Cash: 19.75
Held: CNTFx5037@6.10 SSNx59792@0.48 IOTx6364@4.79 LPTHx20319@1.48 SPLSx2124@13.92 
Value: 149581.61
Sales: CNTFx5037@6.10 SPLSx2124@13.92 SSNx59792@0.48 LPTHx20319@1.48 IOTx6364@4.79 
Purchases: STVx20207@1.48 WKHSx106832@0.28 SBOTx25359@1.18 HPQx1346@22.22 LUNAx25130@1.19 

2013-08-25
Cash: 12.06
Held: HPQx1346@22.36 STVx20207@1.47 SBOTx25359@1.38 LUNAx25130@1.20 WKHSx106832@0.34 
Value: 161292.17
Sales: LUNAx25130@1.20 WKHSx106832@0.34 HPQx1346@22.36 STVx20207@1.47 SBOTx25359@1.38 
Purchases: VUZIx14213@2.27 GESx1144@28.19 PXLWx8422@3.83 RPRXx1714@18.81 DGSEx11437@2.82 

2013-08-26
Cash: 31.37
Held: DGSEx11437@2.57 RPRXx1714@19.09 PXLWx8422@3.85 GESx1144@27.81 VUZIx14213@2.35 
Value: 159788.63
Sales: GESx1144@27.81 VUZIx14213@2.35 PXLWx8422@3.85 RPRXx1714@19.09 DGSEx11437@2.57 
Purchases: ZSLx511@62.44 UCFCx7889@4.05 MARKx10757@2.97 SPCBx6087@5.25 NEPTx10515@3.04 

2013-08-27
Cash: 58.10
Held: NEPTx10515@3.07 ZSLx511@62.91 MARKx10757@2.95 UCFCx7889@4.02 SPCBx6087@4.51 
Value: 155385.19
Sales: ZSLx511@62.91 UCFCx7889@4.02 MARKx10757@2.95 SPCBx6087@4.51 NEPTx10515@3.07 
Purchases: EMITFx1522@20.41 INDLx1135@27.38 FFHLx22682@1.37 HDBx1156@26.88 ANIPx4240@7.33 

2013-08-28
Cash: 40.51
Held: ANIPx4240@6.95 FFHLx22682@1.28 HDBx1156@28.09 EMITFx1522@21.20 INDLx1135@31.34 
Value: 158867.05
Sales: EMITFx1522@21.20 INDLx1135@31.34 FFHLx22682@1.28 HDBx1156@28.09 ANIPx4240@6.95 
Purchases: ATVx2314@13.73 ABACx9931@3.20 LOANx20910@1.52 MSLIx32086@0.99 CPRXx16814@1.89 

2013-08-29
Cash: 13.73
Held: CPRXx16814@1.96 ABACx9931@3.12 ATVx2314@13.73 MSLIx32086@1.11 LOANx20910@1.58 
Value: 164374.14
Sales: ATVx2314@13.73 ABACx9931@3.12 LOANx20910@1.58 MSLIx32086@1.11 CPRXx16814@1.96 
Purchases: PRKRx9157@3.59 NGx12126@2.71 AUMNx26299@1.25 XCRAx7865@4.18 CREGx17298@1.90 

2013-09-02
Cash: 9.16
Held: XCRAx7865@4.07 CREGx17298@1.84 PRKRx9157@3.37 AUMNx26299@1.19 NGx12126@2.79 
Value: 159826.29
Sales: PRKRx9157@3.37 NGx12126@2.79 AUMNx26299@1.19 XCRAx7865@4.07 CREGx17298@1.84 
Purchases: CVVx2839@11.26 IGCx28290@1.13 PNTRx7024@4.55 WYYx33640@0.95 HUSAx106533@0.30 

2013-09-03
Cash: 6.62
Held: WYYx33640@0.94 CVVx2839@11.50 HUSAx106533@0.31 IGCx28290@1.04 PNTRx7024@4.39 
Value: 157568.67
Sales: CVVx2839@11.50 HUSAx106533@0.31 IGCx28290@1.04 PNTRx7024@4.39 WYYx33640@0.94 
Purchases: DFFNx450149@0.07 CYTKx4060@7.76 RVLTx12168@2.59 WTRx1284@24.53 KOOLx31208@1.01 

2013-09-04
Cash: 18.26
Held: RVLTx12168@2.45 KOOLx31208@1.03 WTRx1284@24.52 DFFNx450149@0.07 CYTKx4060@8.41 
Value: 159094.29
Sales: WTRx1284@24.52 CYTKx4060@8.41 RVLTx12168@2.45 DFFNx450149@0.07 KOOLx31208@1.03 
Purchases: IDNx58919@0.54 BIOSx2799@11.37 AGQx335@94.88 LEUx2255@14.11 AMTXx9639@3.30 

2013-09-05
Cash: 42.98
Held: AGQx335@97.50 LEUx2255@13.68 AMTXx9639@3.25 IDNx58919@0.59 BIOSx2799@11.64 
Value: 162215.03
Sales: IDNx58919@0.59 AMTXx9639@3.25 LEUx2255@13.68 AGQx335@97.50 BIOSx2799@11.64 
Purchases: TGCx90092@0.36 OCLRx36447@0.89 MSLIx30903@1.05 ARQLx14295@2.27 URREx11583@2.80 

2013-09-08
Cash: 2.91
Held: TGCx90092@0.37 MSLIx30903@1.15 ARQLx14295@2.22 URREx11583@2.63 OCLRx36447@0.89 
Value: 163559.04
Sales: TGCx90092@0.37 OCLRx36447@0.89 MSLIx30903@1.15 ARQLx14295@2.22 URREx11583@2.63 
Purchases: SPPx14475@2.26 VVUSx2986@10.95 DSSx26584@1.23 BZQx791@41.31 CHCIx2567@12.74 

2013-09-09
Cash: 44.73
Held: SPPx14475@2.05 DSSx26584@1.23 VVUSx2986@10.92 CHCIx2567@13.72 BZQx791@38.62 
Value: 160821.70
Sales: SPPx14475@2.05 VVUSx2986@10.92 DSSx26584@1.23 BZQx791@38.62 CHCIx2567@13.72 
Purchases: MDXGx8041@4.00 AIIIx34578@0.93 ARLx6978@4.61 CONNx605@53.16 AETIx4787@6.72 

2013-09-10
Cash: 7.68
Held: CONNx605@54.75 MDXGx8041@3.91 AETIx4787@6.71 AIIIx34578@0.97 ARLx6978@4.26 
Value: 159984.61
Sales: MDXGx8041@3.91 AIIIx34578@0.97 ARLx6978@4.26 CONNx605@54.75 AETIx4787@6.71 
Purchases: NYMXx4754@6.73 UNISx10156@3.15 MSLIx31383@1.02 CLSNx5692@5.62 NBIXx2734@11.70 

2013-09-11
Cash: 5.04
Held: NBIXx2734@11.57 NYMXx4754@6.44 CLSNx5692@5.67 MSLIx31383@0.98 UNISx10156@3.34 
Value: 159219.21
Sales: NYMXx4754@6.44 UNISx10156@3.34 MSLIx31383@0.98 CLSNx5692@5.67 NBIXx2734@11.57 
Purchases: PLUGx56858@0.56 NNVCx9284@3.43 SOLx7125@4.47 FBSSx2450@12.99 LEUx2868@11.10 

2013-09-12
Cash: 24.20
Held: FBSSx2450@12.99 LEUx2868@10.21 PLUGx56858@0.58 SOLx7125@4.32 NNVCx9284@3.74 
Value: 159628.67
Sales: PLUGx56858@0.58 NNVCx9284@3.74 LEUx2868@10.21 FBSSx2450@12.99 SOLx7125@4.32 
Purchases: SMSIx33257@0.96 BPFHx3002@10.63 ICIx739@43.19 PWx3918@8.15 EVLVx7323@4.36 

2013-09-15
Cash: 18.70
Held: BPFHx3002@10.89 SMSIx33257@1.03 ICIx739@45.41 EVLVx7323@4.62 PWx3918@8.50 
Value: 167674.65
Sales: BPFHx3002@10.89 SMSIx33257@1.03 ICIx739@45.41 PWx3918@8.50 EVLVx7323@4.62 
Purchases: MTEXx1268@26.44 ADXSx5409@6.20 DRWIx563@59.50 TROVx4663@7.19 IIVIx1791@18.72 

2013-09-16
Cash: 63.02
Held: ADXSx5409@6.20 IIVIx1791@18.56 DRWIx563@63.50 MTEXx1268@28.75 TROVx4663@7.17 
Value: 172487.98
Sales: ADXSx5409@6.20 MTEXx1268@28.75 DRWIx563@63.50 IIVIx1791@18.56 TROVx4663@7.17 
Purchases: NAKx23149@1.49 LOANx17689@1.95 BLDPx22998@1.50 KIQx17778@1.94 HMNFx4400@7.84 

2013-09-17
Cash: 4.27
Held: NAKx23149@1.48 HMNFx4400@7.72 LOANx17689@1.78 KIQx17778@1.93 BLDPx22998@1.51 
Value: 168756.97
Sales: NAKx23149@1.48 LOANx17689@1.78 BLDPx22998@1.51 KIQx17778@1.93 HMNFx4400@7.72 
Purchases: IMMYx6357@5.31 NAKx22797@1.48 GNVCx35907@0.94 LEUx3515@9.60 MXCx5067@6.66 

2013-09-18
Cash: 13.01
Held: NAKx22797@1.51 LEUx3515@9.75 IMMYx6357@5.25 GNVCx35907@0.94 MXCx5067@6.68 
Value: 169673.09
Sales: IMMYx6357@5.25 NAKx22797@1.51 GNVCx35907@0.94 LEUx3515@9.75 MXCx5067@6.68 
Purchases: AGENx11311@3.00 DRWIx665@51.00 ENGx35349@0.96 DGLYx2531@13.41 BGIx19732@1.72 

2013-09-19
Cash: 26.57
Held: ENGx35349@0.96 DRWIx665@51.25 AGENx11311@2.93 DGLYx2531@14.70 BGIx19732@1.72 
Value: 172326.43
Sales: AGENx11311@2.93 DRWIx665@51.25 BGIx19732@1.72 DGLYx2531@14.70 ENGx35349@0.96 
Purchases: ADXSx6893@5.00 PIRx1654@20.83 CIXx2526@13.64 MSLIx34131@1.01 DRVx592@58.12 

2013-09-22
Cash: 81.18
Held: ADXSx6893@5.40 PIRx1654@20.45 DRVx592@62.97 MSLIx34131@1.07 CIXx2526@13.82 
Value: 179840.53
Sales: ADXSx6893@5.40 PIRx1654@20.45 CIXx2526@13.82 MSLIx34131@1.07 DRVx592@62.97 
Purchases: SSRIx5359@6.71 SAx2912@12.35 GFIx7553@4.76 VGZx49940@0.72 TRXx11567@3.11 

2013-09-23
Cash: 9.93
Held: VGZx49940@0.64 SSRIx5359@6.30 TRXx11567@3.00 SAx2912@11.96 GFIx7553@4.66 
Value: 170473.65
Sales: SSRIx5359@6.30 SAx2912@11.96 GFIx7553@4.66 VGZx49940@0.64 TRXx11567@3.00 
Purchases: GPLx39651@0.86 SINOx13115@2.60 RVPx12267@2.78 FROx12769@2.67 ASMx25063@1.36 

2013-09-24
Cash: 4.98
Held: RVPx12267@3.30 FROx12769@2.65 SINOx13115@2.64 ASMx25063@1.31 GPLx39651@0.87 
Value: 176293.08
Sales: GPLx39651@0.87 SINOx13115@2.64 RVPx12267@3.30 FROx12769@2.65 ASMx25063@1.31 
Purchases: WHLMx195822@0.18 IMNPx11752@3.00 SMSIx35606@0.99 RHTx752@46.88 AXUx22894@1.54 

2013-09-25
Cash: 12.66
Held: SMSIx35606@0.99 IMNPx11752@2.95 AXUx22894@1.58 WHLMx195822@0.20 RHTx752@47.00 
Value: 180603.31
Sales: SMSIx35606@0.99 IMNPx11752@2.95 RHTx752@47.00 WHLMx195822@0.20 AXUx22894@1.58 
Purchases: DRAMx4345@8.31 ABEOx100305@0.36 CPRTx1164@31.03 CUKx1074@33.62 CLDTx2001@18.05 

