2012-07-11
Cash: 10000.00
Held: 
Value: 10000.00
Sales: 
Purchases: ABCDx54@36.88 ABACx54@36.88 ACCOx54@36.88 ACADx54@36.88 ADBEx54@36.88 

2012-07-12
Cash: 43.75
Held: ABCDx54@36.56 ABACx54@36.56 ACCOx54@36.56 ACADx54@36.56 ADBEx54@36.56 
Value: 9915.62
Sales: ABCDx54@36.56 ABACx54@36.56 ACCOx54@36.56 ACADx54@36.56 ADBEx54@36.56 
Purchases: ABCDx54@36.56 ABACx54@36.56 ACCOx54@36.56 ACADx54@36.56 ADBEx54@36.56 

2012-07-15
Cash: 43.75
Held: ABCDx54@36.81 ABACx54@36.81 ACCOx54@36.81 ACADx54@36.81 ADBEx54@36.81 
Value: 9983.12
Sales: ABCDx54@36.81 ABACx54@36.81 ACCOx54@36.81 ACADx54@36.81 ADBEx54@36.81 
Purchases: ABCDx54@36.81 ABACx54@36.81 ACCOx54@36.81 ACADx54@36.81 ADBEx54@36.81 

2012-07-16
Cash: 43.75
Held: ABCDx54@36.88 ABACx54@36.88 ACCOx54@36.88 ACADx54@36.88 ADBEx54@36.88 
Value: 10000.00
Sales: ABCDx54@36.88 ABACx54@36.88 ACCOx54@36.88 ACADx54@36.88 ADBEx54@36.88 
Purchases: ABCDx54@36.88 ABACx54@36.88 ACCOx54@36.88 ACADx54@36.88 ADBEx54@36.88 

2012-07-17
Cash: 43.75
Held: ABCDx54@37.12 ABACx54@37.12 ACCOx54@37.12 ACADx54@37.12 ADBEx54@37.12 
Value: 10067.50
Sales: ABCDx54@37.12 ABACx54@37.12 ACCOx54@37.12 ACADx54@37.12 ADBEx54@37.12 
Purchases: ABCDx54@37.12 ABACx54@37.12 ACCOx54@37.12 ACADx54@37.12 ADBEx54@37.12 

2012-07-18
Cash: 43.75
Held: ABCDx54@38.16 ABACx54@38.16 ACCOx54@38.16 ACADx54@38.16 ADBEx54@38.16 
Value: 10345.94
Sales: ABCDx54@38.16 ABACx54@38.16 ACCOx54@38.16 ACADx54@38.16 ADBEx54@38.16 
Purchases: ABCDx54@38.16 ABACx54@38.16 ACCOx54@38.16 ACADx54@38.16 ADBEx54@38.16 

2012-07-19
Cash: 43.75
Held: ABCDx54@38.22 ABACx54@38.22 ACCOx54@38.22 ACADx54@38.22 ADBEx54@38.22 
Value: 10362.81
Sales: ABCDx54@38.22 ABACx54@38.22 ACCOx54@38.22 ACADx54@38.22 ADBEx54@38.22 
Purchases: ABCDx54@38.22 ABACx54@38.22 ACCOx54@38.22 ACADx54@38.22 ADBEx54@38.22 

2012-07-22
Cash: 43.75
Held: ABCDx54@36.81 ABACx54@36.81 ACCOx54@36.81 ACADx54@36.81 ADBEx54@36.81 
Value: 9983.12
Sales: ABCDx54@36.81 ABACx54@36.81 ACCOx54@36.81 ACADx54@36.81 ADBEx54@36.81 
Purchases: ABCDx54@36.81 ABACx54@36.81 ACCOx54@36.81 ACADx54@36.81 ADBEx54@36.81 

2012-07-23
Cash: 43.75
Held: ABCDx54@36.59 ABACx54@36.59 ACCOx54@36.59 ACADx54@36.59 ADBEx54@36.59 
Value: 9924.06
Sales: ABCDx54@36.59 ABACx54@36.59 ACCOx54@36.59 ACADx54@36.59 ADBEx54@36.59 
Purchases: ABCDx54@36.59 ABACx54@36.59 ACCOx54@36.59 ACADx54@36.59 ADBEx54@36.59 

2012-07-24
Cash: 43.75
Held: ABCDx54@35.91 ABACx54@35.91 ACCOx54@35.91 ACADx54@35.91 ADBEx54@35.91 
Value: 9738.44
Sales: ABCDx54@35.91 ABACx54@35.91 ACCOx54@35.91 ACADx54@35.91 ADBEx54@35.91 
Purchases: ABCDx54@35.91 ABACx54@35.91 ACCOx54@35.91 ACADx54@35.91 ADBEx54@35.91 

2012-07-25
Cash: 43.75
Held: ABCDx54@36.94 ABACx54@36.94 ACCOx54@36.94 ACADx54@36.94 ADBEx54@36.94 
Value: 10016.88
Sales: ABCDx54@36.94 ABACx54@36.94 ACCOx54@36.94 ACADx54@36.94 ADBEx54@36.94 
Purchases: ABCDx54@36.94 ABACx54@36.94 ACCOx54@36.94 ACADx54@36.94 ADBEx54@36.94 

2012-07-26
Cash: 43.75
Held: ABCDx54@36.84 ABACx54@36.84 ACCOx54@36.84 ACADx54@36.84 ADBEx54@36.84 
Value: 9991.56
Sales: ABCDx54@36.84 ABACx54@36.84 ACCOx54@36.84 ACADx54@36.84 ADBEx54@36.84 
Purchases: ABCDx54@36.84 ABACx54@36.84 ACCOx54@36.84 ACADx54@36.84 ADBEx54@36.84 

2012-07-29
Cash: 43.75
Held: ABCDx54@37.91 ABACx54@37.91 ACCOx54@37.91 ACADx54@37.91 ADBEx54@37.91 
Value: 10278.44
Sales: ABCDx54@37.91 ABACx54@37.91 ACCOx54@37.91 ACADx54@37.91 ADBEx54@37.91 
Purchases: ABCDx54@37.91 ABACx54@37.91 ACCOx54@37.91 ACADx54@37.91 ADBEx54@37.91 

2012-07-30
Cash: 43.75
Held: ABCDx54@38.03 ABACx54@38.03 ACCOx54@38.03 ACADx54@38.03 ADBEx54@38.03 
Value: 10312.19
Sales: ABCDx54@38.03 ABACx54@38.03 ACCOx54@38.03 ACADx54@38.03 ADBEx54@38.03 
Purchases: ABCDx54@38.03 ABACx54@38.03 ACCOx54@38.03 ACADx54@38.03 ADBEx54@38.03 

2012-07-31
Cash: 43.75
Held: ABCDx54@38.72 ABACx54@38.72 ACCOx54@38.72 ACADx54@38.72 ADBEx54@38.72 
Value: 10497.81
Sales: ABCDx54@38.72 ABACx54@38.72 ACCOx54@38.72 ACADx54@38.72 ADBEx54@38.72 
Purchases: ABCDx54@38.72 ABACx54@38.72 ACCOx54@38.72 ACADx54@38.72 ADBEx54@38.72 

2012-08-01
Cash: 43.75
Held: ABCDx54@37.91 ABACx54@37.91 ACCOx54@37.91 ACADx54@37.91 ADBEx54@37.91 
Value: 10278.44
Sales: ABCDx54@37.91 ABACx54@37.91 ACCOx54@37.91 ACADx54@37.91 ADBEx54@37.91 
Purchases: ABCDx54@37.91 ABACx54@37.91 ACCOx54@37.91 ACADx54@37.91 ADBEx54@37.91 

2012-08-02
Cash: 43.75
Held: ABCDx54@38.53 ABACx54@38.53 ACCOx54@38.53 ACADx54@38.53 ADBEx54@38.53 
Value: 10447.19
Sales: ABCDx54@38.53 ABACx54@38.53 ACCOx54@38.53 ACADx54@38.53 ADBEx54@38.53 
Purchases: ABCDx54@38.53 ABACx54@38.53 ACCOx54@38.53 ACADx54@38.53 ADBEx54@38.53 

2012-08-05
Cash: 43.75
Held: ABCDx54@39.72 ABACx54@39.72 ACCOx54@39.72 ACADx54@39.72 ADBEx54@39.72 
Value: 10767.81
Sales: ABCDx54@39.72 ABACx54@39.72 ACCOx54@39.72 ACADx54@39.72 ADBEx54@39.72 
Purchases: ABCDx54@39.72 ABACx54@39.72 ACCOx54@39.72 ACADx54@39.72 ADBEx54@39.72 

2012-08-06
Cash: 43.75
Held: ABCDx54@39.34 ABACx54@39.34 ACCOx54@39.34 ACADx54@39.34 ADBEx54@39.34 
Value: 10666.56
Sales: ABCDx54@39.34 ABACx54@39.34 ACCOx54@39.34 ACADx54@39.34 ADBEx54@39.34 
Purchases: ABCDx54@39.34 ABACx54@39.34 ACCOx54@39.34 ACADx54@39.34 ADBEx54@39.34 

2012-08-07
Cash: 43.75
Held: ABCDx54@40.28 ABACx54@40.28 ACCOx54@40.28 ACADx54@40.28 ADBEx54@40.28 
Value: 10919.69
Sales: ABCDx54@40.28 ABACx54@40.28 ACCOx54@40.28 ACADx54@40.28 ADBEx54@40.28 
Purchases: ABCDx54@40.28 ABACx54@40.28 ACCOx54@40.28 ACADx54@40.28 ADBEx54@40.28 

2012-08-08
Cash: 43.75
Held: ABCDx54@40.56 ABACx54@40.56 ACCOx54@40.56 ACADx54@40.56 ADBEx54@40.56 
Value: 10995.62
Sales: ABCDx54@40.56 ABACx54@40.56 ACCOx54@40.56 ACADx54@40.56 ADBEx54@40.56 
Purchases: ABCDx54@40.56 ABACx54@40.56 ACCOx54@40.56 ACADx54@40.56 ADBEx54@40.56 

2012-08-09
Cash: 43.75
Held: ABCDx54@40.44 ABACx54@40.44 ACCOx54@40.44 ACADx54@40.44 ADBEx54@40.44 
Value: 10961.88
Sales: ABCDx54@40.44 ABACx54@40.44 ACCOx54@40.44 ACADx54@40.44 ADBEx54@40.44 
Purchases: ABCDx54@40.44 ABACx54@40.44 ACCOx54@40.44 ACADx54@40.44 ADBEx54@40.44 

2012-08-12
Cash: 43.75
Held: ABCDx54@40.28 ABACx54@40.28 ACCOx54@40.28 ACADx54@40.28 ADBEx54@40.28 
Value: 10919.69
Sales: ABCDx54@40.28 ABACx54@40.28 ACCOx54@40.28 ACADx54@40.28 ADBEx54@40.28 
Purchases: ABCDx54@40.28 ABACx54@40.28 ACCOx54@40.28 ACADx54@40.28 ADBEx54@40.28 

2012-08-13
Cash: 43.75
Held: ABCDx54@40.62 ABACx54@40.62 ACCOx54@40.62 ACADx54@40.62 ADBEx54@40.62 
Value: 11012.50
Sales: ABCDx54@40.62 ABACx54@40.62 ACCOx54@40.62 ACADx54@40.62 ADBEx54@40.62 
Purchases: ABCDx54@40.62 ABACx54@40.62 ACCOx54@40.62 ACADx54@40.62 ADBEx54@40.62 

2012-08-14
Cash: 43.75
Held: ABCDx54@40.34 ABACx54@40.34 ACCOx54@40.34 ACADx54@40.34 ADBEx54@40.34 
Value: 10936.56
Sales: ABCDx54@40.34 ABACx54@40.34 ACCOx54@40.34 ACADx54@40.34 ADBEx54@40.34 
Purchases: ABCDx54@40.34 ABACx54@40.34 ACCOx54@40.34 ACADx54@40.34 ADBEx54@40.34 

2012-08-15
Cash: 43.75
Held: ABCDx54@37.50 ABACx54@37.50 ACCOx54@37.50 ACADx54@37.50 ADBEx54@37.50 
Value: 10168.75
Sales: ABCDx54@37.50 ABACx54@37.50 ACCOx54@37.50 ACADx54@37.50 ADBEx54@37.50 
Purchases: ABCDx54@37.50 ABACx54@37.50 ACCOx54@37.50 ACADx54@37.50 ADBEx54@37.50 

2012-08-16
Cash: 43.75
Held: ABCDx54@37.22 ABACx54@37.22 ACCOx54@37.22 ACADx54@37.22 ADBEx54@37.22 
Value: 10092.81
Sales: ABCDx54@37.22 ABACx54@37.22 ACCOx54@37.22 ACADx54@37.22 ADBEx54@37.22 
Purchases: ABCDx54@37.22 ABACx54@37.22 ACCOx54@37.22 ACADx54@37.22 ADBEx54@37.22 

2012-08-19
Cash: 43.75
Held: ABCDx54@37.03 ABACx54@37.03 ACCOx54@37.03 ACADx54@37.03 ADBEx54@37.03 
Value: 10042.19
Sales: ABCDx54@37.03 ABACx54@37.03 ACCOx54@37.03 ACADx54@37.03 ADBEx54@37.03 
Purchases: ABCDx54@37.03 ABACx54@37.03 ACCOx54@37.03 ACADx54@37.03 ADBEx54@37.03 

2012-08-20
Cash: 43.75
Held: ABCDx54@36.91 ABACx54@36.91 ACCOx54@36.91 ACADx54@36.91 ADBEx54@36.91 
Value: 10008.44
Sales: ABCDx54@36.91 ABACx54@36.91 ACCOx54@36.91 ACADx54@36.91 ADBEx54@36.91 
Purchases: ABCDx54@36.91 ABACx54@36.91 ACCOx54@36.91 ACADx54@36.91 ADBEx54@36.91 

2012-08-21
Cash: 43.75
Held: ABCDx54@37.06 ABACx54@37.06 ACCOx54@37.06 ACADx54@37.06 ADBEx54@37.06 
Value: 10050.62
Sales: ABCDx54@37.06 ABACx54@37.06 ACCOx54@37.06 ACADx54@37.06 ADBEx54@37.06 
Purchases: ABCDx54@37.06 ABACx54@37.06 ACCOx54@37.06 ACADx54@37.06 ADBEx54@37.06 

2012-08-22
Cash: 43.75
Held: ABCDx54@37.22 ABACx54@37.22 ACCOx54@37.22 ACADx54@37.22 ADBEx54@37.22 
Value: 10092.81
Sales: ABCDx54@37.22 ABACx54@37.22 ACCOx54@37.22 ACADx54@37.22 ADBEx54@37.22 
Purchases: ABCDx54@37.22 ABACx54@37.22 ACCOx54@37.22 ACADx54@37.22 ADBEx54@37.22 

2012-08-23
Cash: 43.75
Held: ABCDx54@37.25 ABACx54@37.25 ACCOx54@37.25 ACADx54@37.25 ADBEx54@37.25 
Value: 10101.25
Sales: ABCDx54@37.25 ABACx54@37.25 ACCOx54@37.25 ACADx54@37.25 ADBEx54@37.25 
Purchases: ABCDx54@37.25 ABACx54@37.25 ACCOx54@37.25 ACADx54@37.25 ADBEx54@37.25 

2012-08-26
Cash: 43.75
Held: ABCDx54@37.81 ABACx54@37.81 ACCOx54@37.81 ACADx54@37.81 ADBEx54@37.81 
Value: 10253.12
Sales: ABCDx54@37.81 ABACx54@37.81 ACCOx54@37.81 ACADx54@37.81 ADBEx54@37.81 
Purchases: ABCDx54@37.81 ABACx54@37.81 ACCOx54@37.81 ACADx54@37.81 ADBEx54@37.81 

2012-08-27
Cash: 43.75
Held: ABCDx54@37.38 ABACx54@37.38 ACCOx54@37.38 ACADx54@37.38 ADBEx54@37.38 
Value: 10135.00
Sales: ABCDx54@37.38 ABACx54@37.38 ACCOx54@37.38 ACADx54@37.38 ADBEx54@37.38 
Purchases: ABCDx54@37.38 ABACx54@37.38 ACCOx54@37.38 ACADx54@37.38 ADBEx54@37.38 

2012-08-28
Cash: 43.75
Held: ABCDx54@37.06 ABACx54@37.06 ACCOx54@37.06 ACADx54@37.06 ADBEx54@37.06 
Value: 10050.62
Sales: ABCDx54@37.06 ABACx54@37.06 ACCOx54@37.06 ACADx54@37.06 ADBEx54@37.06 
Purchases: ABCDx54@37.06 ABACx54@37.06 ACCOx54@37.06 ACADx54@37.06 ADBEx54@37.06 

2012-08-29
Cash: 43.75
Held: ABCDx54@36.97 ABACx54@36.97 ACCOx54@36.97 ACADx54@36.97 ADBEx54@36.97 
Value: 10025.31
Sales: ABCDx54@36.97 ABACx54@36.97 ACCOx54@36.97 ACADx54@36.97 ADBEx54@36.97 
Purchases: ABCDx54@36.97 ABACx54@36.97 ACCOx54@36.97 ACADx54@36.97 ADBEx54@36.97 

2012-08-30
Cash: 43.75
Held: ABCDx54@37.34 ABACx54@37.34 ACCOx54@37.34 ACADx54@37.34 ADBEx54@37.34 
Value: 10126.56
Sales: ABCDx54@37.34 ABACx54@37.34 ACCOx54@37.34 ACADx54@37.34 ADBEx54@37.34 
Purchases: ABCDx54@37.34 ABACx54@37.34 ACCOx54@37.34 ACADx54@37.34 ADBEx54@37.34 

2012-09-03
Cash: 43.75
Held: ABCDx54@36.94 ABACx54@36.94 ACCOx54@36.94 ACADx54@36.94 ADBEx54@36.94 
Value: 10016.88
Sales: ABCDx54@36.94 ABACx54@36.94 ACCOx54@36.94 ACADx54@36.94 ADBEx54@36.94 
Purchases: ABCDx54@36.94 ABACx54@36.94 ACCOx54@36.94 ACADx54@36.94 ADBEx54@36.94 

2012-09-04
Cash: 43.75
Held: ABCDx54@37.06 ABACx54@37.06 ACCOx54@37.06 ACADx54@37.06 ADBEx54@37.06 
Value: 10050.62
Sales: ABCDx54@37.06 ABACx54@37.06 ACCOx54@37.06 ACADx54@37.06 ADBEx54@37.06 
Purchases: ABCDx54@37.06 ABACx54@37.06 ACCOx54@37.06 ACADx54@37.06 ADBEx54@37.06 

2012-09-05
Cash: 43.75
Held: ABCDx54@37.12 ABACx54@37.12 ACCOx54@37.12 ACADx54@37.12 ADBEx54@37.12 
Value: 10067.50
Sales: ABCDx54@37.12 ABACx54@37.12 ACCOx54@37.12 ACADx54@37.12 ADBEx54@37.12 
Purchases: ABCDx54@37.12 ABACx54@37.12 ACCOx54@37.12 ACADx54@37.12 ADBEx54@37.12 

2012-09-06
Cash: 43.75
Held: ABCDx54@37.47 ABACx54@37.47 ACCOx54@37.47 ACADx54@37.47 ADBEx54@37.47 
Value: 10160.31
Sales: ABCDx54@37.47 ABACx54@37.47 ACCOx54@37.47 ACADx54@37.47 ADBEx54@37.47 
Purchases: ABCDx54@37.47 ABACx54@37.47 ACCOx54@37.47 ACADx54@37.47 ADBEx54@37.47 

2012-09-09
Cash: 43.75
Held: ABCDx54@38.31 ABACx54@38.31 ACCOx54@38.31 ACADx54@38.31 ADBEx54@38.31 
Value: 10388.12
Sales: ABCDx54@38.31 ABACx54@38.31 ACCOx54@38.31 ACADx54@38.31 ADBEx54@38.31 
Purchases: ABCDx54@38.31 ABACx54@38.31 ACCOx54@38.31 ACADx54@38.31 ADBEx54@38.31 

2012-09-10
Cash: 43.75
Held: ABCDx54@38.25 ABACx54@38.25 ACCOx54@38.25 ACADx54@38.25 ADBEx54@38.25 
Value: 10371.25
Sales: ABCDx54@38.25 ABACx54@38.25 ACCOx54@38.25 ACADx54@38.25 ADBEx54@38.25 
Purchases: ABCDx54@38.25 ABACx54@38.25 ACCOx54@38.25 ACADx54@38.25 ADBEx54@38.25 

2012-09-11
Cash: 43.75
Held: ABCDx54@37.91 ABACx54@37.91 ACCOx54@37.91 ACADx54@37.91 ADBEx54@37.91 
Value: 10278.44
Sales: ABCDx54@37.91 ABACx54@37.91 ACCOx54@37.91 ACADx54@37.91 ADBEx54@37.91 
Purchases: ABCDx54@37.91 ABACx54@37.91 ACCOx54@37.91 ACADx54@37.91 ADBEx54@37.91 

2012-09-12
Cash: 43.75
Held: ABCDx54@37.47 ABACx54@37.47 ACCOx54@37.47 ACADx54@37.47 ADBEx54@37.47 
Value: 10160.31
Sales: ABCDx54@37.47 ABACx54@37.47 ACCOx54@37.47 ACADx54@37.47 ADBEx54@37.47 
Purchases: ABCDx54@37.47 ABACx54@37.47 ACCOx54@37.47 ACADx54@37.47 ADBEx54@37.47 

2012-09-13
Cash: 43.75
Held: ABCDx54@38.44 ABACx54@38.44 ACCOx54@38.44 ACADx54@38.44 ADBEx54@38.44 
Value: 10421.88
Sales: ABCDx54@38.44 ABACx54@38.44 ACCOx54@38.44 ACADx54@38.44 ADBEx54@38.44 
Purchases: ABCDx54@38.44 ABACx54@38.44 ACCOx54@38.44 ACADx54@38.44 ADBEx54@38.44 

2012-09-16
Cash: 43.75
Held: ABCDx54@39.47 ABACx54@39.47 ACCOx54@39.47 ACADx54@39.47 ADBEx54@39.47 
Value: 10700.31
Sales: ABCDx54@39.47 ABACx54@39.47 ACCOx54@39.47 ACADx54@39.47 ADBEx54@39.47 
Purchases: ABCDx54@39.47 ABACx54@39.47 ACCOx54@39.47 ACADx54@39.47 ADBEx54@39.47 

2012-09-17
Cash: 43.75
Held: ABCDx54@39.56 ABACx54@39.56 ACCOx54@39.56 ACADx54@39.56 ADBEx54@39.56 
Value: 10725.62
Sales: ABCDx54@39.56 ABACx54@39.56 ACCOx54@39.56 ACADx54@39.56 ADBEx54@39.56 
Purchases: ABCDx54@39.56 ABACx54@39.56 ACCOx54@39.56 ACADx54@39.56 ADBEx54@39.56 

2012-09-18
Cash: 43.75
Held: ABCDx54@39.53 ABACx54@39.53 ACCOx54@39.53 ACADx54@39.53 ADBEx54@39.53 
Value: 10717.19
Sales: ABCDx54@39.53 ABACx54@39.53 ACCOx54@39.53 ACADx54@39.53 ADBEx54@39.53 
Purchases: ABCDx54@39.53 ABACx54@39.53 ACCOx54@39.53 ACADx54@39.53 ADBEx54@39.53 

2012-09-19
Cash: 43.75
Held: ABCDx54@39.56 ABACx54@39.56 ACCOx54@39.56 ACADx54@39.56 ADBEx54@39.56 
Value: 10725.62
Sales: ABCDx54@39.56 ABACx54@39.56 ACCOx54@39.56 ACADx54@39.56 ADBEx54@39.56 
Purchases: ABCDx54@39.56 ABACx54@39.56 ACCOx54@39.56 ACADx54@39.56 ADBEx54@39.56 

2012-09-20
Cash: 43.75
Held: ABCDx54@39.53 ABACx54@39.53 ACCOx54@39.53 ACADx54@39.53 ADBEx54@39.53 
Value: 10717.19
Sales: ABCDx54@39.53 ABACx54@39.53 ACCOx54@39.53 ACADx54@39.53 ADBEx54@39.53 
Purchases: ABCDx54@39.53 ABACx54@39.53 ACCOx54@39.53 ACADx54@39.53 ADBEx54@39.53 

2012-09-23
Cash: 43.75
Held: ABCDx54@38.88 ABACx54@38.88 ACCOx54@38.88 ACADx54@38.88 ADBEx54@38.88 
Value: 10540.00
Sales: ABCDx54@38.88 ABACx54@38.88 ACCOx54@38.88 ACADx54@38.88 ADBEx54@38.88 
Purchases: ABCDx54@38.88 ABACx54@38.88 ACCOx54@38.88 ACADx54@38.88 ADBEx54@38.88 

2012-09-24
Cash: 43.75
Held: ABCDx54@38.88 ABACx54@38.88 ACCOx54@38.88 ACADx54@38.88 ADBEx54@38.88 
Value: 10540.00
Sales: ABCDx54@38.88 ABACx54@38.88 ACCOx54@38.88 ACADx54@38.88 ADBEx54@38.88 
Purchases: ABCDx54@38.88 ABACx54@38.88 ACCOx54@38.88 ACADx54@38.88 ADBEx54@38.88 

2012-09-25
Cash: 43.75
Held: ABCDx54@38.47 ABACx54@38.47 ACCOx54@38.47 ACADx54@38.47 ADBEx54@38.47 
Value: 10430.31
Sales: ABCDx54@38.47 ABACx54@38.47 ACCOx54@38.47 ACADx54@38.47 ADBEx54@38.47 
Purchases: ABCDx54@38.47 ABACx54@38.47 ACCOx54@38.47 ACADx54@38.47 ADBEx54@38.47 

2012-09-26
Cash: 43.75
Held: ABCDx54@38.50 ABACx54@38.50 ACCOx54@38.50 ACADx54@38.50 ADBEx54@38.50 
Value: 10438.75
Sales: ABCDx54@38.50 ABACx54@38.50 ACCOx54@38.50 ACADx54@38.50 ADBEx54@38.50 
Purchases: ABCDx54@38.50 ABACx54@38.50 ACCOx54@38.50 ACADx54@38.50 ADBEx54@38.50 

2012-09-27
Cash: 43.75
Held: ABCDx54@38.47 ABACx54@38.47 ACCOx54@38.47 ACADx54@38.47 ADBEx54@38.47 
Value: 10430.31
Sales: ABCDx54@38.47 ABACx54@38.47 ACCOx54@38.47 ACADx54@38.47 ADBEx54@38.47 
Purchases: ABCDx54@38.47 ABACx54@38.47 ACCOx54@38.47 ACADx54@38.47 ADBEx54@38.47 

2012-09-30
Cash: 43.75
Held: ABCDx54@38.50 ABACx54@38.50 ACCOx54@38.50 ACADx54@38.50 ADBEx54@38.50 
Value: 10438.75
Sales: ABCDx54@38.50 ABACx54@38.50 ACCOx54@38.50 ACADx54@38.50 ADBEx54@38.50 
Purchases: ABCDx54@38.50 ABACx54@38.50 ACCOx54@38.50 ACADx54@38.50 ADBEx54@38.50 

2012-10-01
Cash: 43.75
Held: ABCDx54@39.09 ABACx54@39.09 ACCOx54@39.09 ACADx54@39.09 ADBEx54@39.09 
Value: 10599.06
Sales: ABCDx54@39.09 ABACx54@39.09 ACCOx54@39.09 ACADx54@39.09 ADBEx54@39.09 
Purchases: ABCDx54@39.09 ABACx54@39.09 ACCOx54@39.09 ACADx54@39.09 ADBEx54@39.09 

2012-10-02
Cash: 43.75
Held: ABCDx54@39.00 ABACx54@39.00 ACCOx54@39.00 ACADx54@39.00 ADBEx54@39.00 
Value: 10573.75
Sales: ABCDx54@39.00 ABACx54@39.00 ACCOx54@39.00 ACADx54@39.00 ADBEx54@39.00 
Purchases: ABCDx54@39.00 ABACx54@39.00 ACCOx54@39.00 ACADx54@39.00 ADBEx54@39.00 

2012-10-03
Cash: 43.75
Held: ABCDx54@39.22 ABACx54@39.22 ACCOx54@39.22 ACADx54@39.22 ADBEx54@39.22 
Value: 10632.81
Sales: ABCDx54@39.22 ABACx54@39.22 ACCOx54@39.22 ACADx54@39.22 ADBEx54@39.22 
Purchases: ABCDx54@39.22 ABACx54@39.22 ACCOx54@39.22 ACADx54@39.22 ADBEx54@39.22 

2012-10-04
Cash: 43.75
Held: ABCDx54@39.44 ABACx54@39.44 ACCOx54@39.44 ACADx54@39.44 ADBEx54@39.44 
Value: 10691.88
Sales: ABCDx54@39.44 ABACx54@39.44 ACCOx54@39.44 ACADx54@39.44 ADBEx54@39.44 
Purchases: ABCDx54@39.44 ABACx54@39.44 ACCOx54@39.44 ACADx54@39.44 ADBEx54@39.44 

2012-10-07
Cash: 43.75
Held: ABCDx54@38.59 ABACx54@38.59 ACCOx54@38.59 ACADx54@38.59 ADBEx54@38.59 
Value: 10464.06
Sales: ABCDx54@38.59 ABACx54@38.59 ACCOx54@38.59 ACADx54@38.59 ADBEx54@38.59 
Purchases: ABCDx54@38.59 ABACx54@38.59 ACCOx54@38.59 ACADx54@38.59 ADBEx54@38.59 

2012-10-08
Cash: 43.75
Held: ABCDx54@38.66 ABACx54@38.66 ACCOx54@38.66 ACADx54@38.66 ADBEx54@38.66 
Value: 10480.94
Sales: ABCDx54@38.66 ABACx54@38.66 ACCOx54@38.66 ACADx54@38.66 ADBEx54@38.66 
Purchases: ABCDx54@38.66 ABACx54@38.66 ACCOx54@38.66 ACADx54@38.66 ADBEx54@38.66 

2012-10-09
Cash: 43.75
Held: ABCDx54@38.19 ABACx54@38.19 ACCOx54@38.19 ACADx54@38.19 ADBEx54@38.19 
Value: 10354.38
Sales: ABCDx54@38.19 ABACx54@38.19 ACCOx54@38.19 ACADx54@38.19 ADBEx54@38.19 
Purchases: ABCDx54@38.19 ABACx54@38.19 ACCOx54@38.19 ACADx54@38.19 ADBEx54@38.19 

2012-10-10
Cash: 43.75
Held: ABCDx54@37.78 ABACx54@37.78 ACCOx54@37.78 ACADx54@37.78 ADBEx54@37.78 
Value: 10244.69
Sales: ABCDx54@37.78 ABACx54@37.78 ACCOx54@37.78 ACADx54@37.78 ADBEx54@37.78 
Purchases: ABCDx54@37.78 ABACx54@37.78 ACCOx54@37.78 ACADx54@37.78 ADBEx54@37.78 

2012-10-11
Cash: 43.75
Held: ABCDx54@37.69 ABACx54@37.69 ACCOx54@37.69 ACADx54@37.69 ADBEx54@37.69 
Value: 10219.38
Sales: ABCDx54@37.69 ABACx54@37.69 ACCOx54@37.69 ACADx54@37.69 ADBEx54@37.69 
Purchases: ABCDx54@37.69 ABACx54@37.69 ACCOx54@37.69 ACADx54@37.69 ADBEx54@37.69 

2012-10-14
Cash: 43.75
Held: ABCDx54@37.31 ABACx54@37.31 ACCOx54@37.31 ACADx54@37.31 ADBEx54@37.31 
Value: 10118.12
Sales: ABCDx54@37.31 ABACx54@37.31 ACCOx54@37.31 ACADx54@37.31 ADBEx54@37.31 
Purchases: ABCDx54@37.31 ABACx54@37.31 ACCOx54@37.31 ACADx54@37.31 ADBEx54@37.31 

2012-10-15
Cash: 43.75
Held: ABCDx54@37.47 ABACx54@37.47 ACCOx54@37.47 ACADx54@37.47 ADBEx54@37.47 
Value: 10160.31
Sales: ABCDx54@37.47 ABACx54@37.47 ACCOx54@37.47 ACADx54@37.47 ADBEx54@37.47 
Purchases: ABCDx54@37.47 ABACx54@37.47 ACCOx54@37.47 ACADx54@37.47 ADBEx54@37.47 

2012-10-16
Cash: 43.75
Held: ABCDx54@38.00 ABACx54@38.00 ACCOx54@38.00 ACADx54@38.00 ADBEx54@38.00 
Value: 10303.75
Sales: ABCDx54@38.00 ABACx54@38.00 ACCOx54@38.00 ACADx54@38.00 ADBEx54@38.00 
Purchases: ABCDx54@38.00 ABACx54@38.00 ACCOx54@38.00 ACADx54@38.00 ADBEx54@38.00 

2012-10-17
Cash: 43.75
Held: ABCDx54@37.59 ABACx54@37.59 ACCOx54@37.59 ACADx54@37.59 ADBEx54@37.59 
Value: 10194.06
Sales: ABCDx54@37.59 ABACx54@37.59 ACCOx54@37.59 ACADx54@37.59 ADBEx54@37.59 
Purchases: ABCDx54@37.59 ABACx54@37.59 ACCOx54@37.59 ACADx54@37.59 ADBEx54@37.59 

2012-10-18
Cash: 43.75
Held: ABCDx54@36.47 ABACx54@36.47 ACCOx54@36.47 ACADx54@36.47 ADBEx54@36.47 
Value: 9890.31
Sales: ABCDx54@36.47 ABACx54@36.47 ACCOx54@36.47 ACADx54@36.47 ADBEx54@36.47 
Purchases: ABCDx54@36.47 ABACx54@36.47 ACCOx54@36.47 ACADx54@36.47 ADBEx54@36.47 

2012-10-21
Cash: 43.75
Held: ABCDx54@35.66 ABACx54@35.66 ACCOx54@35.66 ACADx54@35.66 ADBEx54@35.66 
Value: 9670.94
Sales: ABCDx54@35.66 ABACx54@35.66 ACCOx54@35.66 ACADx54@35.66 ADBEx54@35.66 
Purchases: ABCDx54@35.66 ABACx54@35.66 ACCOx54@35.66 ACADx54@35.66 ADBEx54@35.66 

2012-10-22
Cash: 43.75
Held: ABCDx54@35.38 ABACx54@35.38 ACCOx54@35.38 ACADx54@35.38 ADBEx54@35.38 
Value: 9595.00
Sales: ABCDx54@35.38 ABACx54@35.38 ACCOx54@35.38 ACADx54@35.38 ADBEx54@35.38 
Purchases: ABCDx54@35.38 ABACx54@35.38 ACCOx54@35.38 ACADx54@35.38 ADBEx54@35.38 

2012-10-23
Cash: 43.75
Held: ABCDx54@35.62 ABACx54@35.62 ACCOx54@35.62 ACADx54@35.62 ADBEx54@35.62 
Value: 9662.50
Sales: ABCDx54@35.62 ABACx54@35.62 ACCOx54@35.62 ACADx54@35.62 ADBEx54@35.62 
Purchases: ABCDx54@35.62 ABACx54@35.62 ACCOx54@35.62 ACADx54@35.62 ADBEx54@35.62 

2012-10-24
Cash: 43.75
Held: ABCDx54@36.19 ABACx54@36.19 ACCOx54@36.19 ACADx54@36.19 ADBEx54@36.19 
Value: 9814.38
Sales: ABCDx54@36.19 ABACx54@36.19 ACCOx54@36.19 ACADx54@36.19 ADBEx54@36.19 
Purchases: ABCDx54@36.19 ABACx54@36.19 ACCOx54@36.19 ACADx54@36.19 ADBEx54@36.19 

2012-10-25
Cash: 43.75
Held: ABCDx54@36.16 ABACx54@36.16 ACCOx54@36.16 ACADx54@36.16 ADBEx54@36.16 
Value: 9805.94
Sales: ABCDx54@36.16 ABACx54@36.16 ACCOx54@36.16 ACADx54@36.16 ADBEx54@36.16 
Purchases: ABCDx54@36.16 ABACx54@36.16 ACCOx54@36.16 ACADx54@36.16 ADBEx54@36.16 

2012-10-30
Cash: 43.75
Held: ABCDx54@36.00 ABACx54@36.00 ACCOx54@36.00 ACADx54@36.00 ADBEx54@36.00 
Value: 9763.75
Sales: ABCDx54@36.00 ABACx54@36.00 ACCOx54@36.00 ACADx54@36.00 ADBEx54@36.00 
Purchases: ABCDx54@36.00 ABACx54@36.00 ACCOx54@36.00 ACADx54@36.00 ADBEx54@36.00 

2012-10-31
Cash: 43.75
Held: ABCDx54@36.03 ABACx54@36.03 ACCOx54@36.03 ACADx54@36.03 ADBEx54@36.03 
Value: 9772.19
Sales: ABCDx54@36.03 ABACx54@36.03 ACCOx54@36.03 ACADx54@36.03 ADBEx54@36.03 
Purchases: ABCDx54@36.03 ABACx54@36.03 ACCOx54@36.03 ACADx54@36.03 ADBEx54@36.03 

2012-11-01
Cash: 43.75
Held: ABCDx54@37.38 ABACx54@37.38 ACCOx54@37.38 ACADx54@37.38 ADBEx54@37.38 
Value: 10135.00
Sales: ABCDx54@37.38 ABACx54@37.38 ACCOx54@37.38 ACADx54@37.38 ADBEx54@37.38 
Purchases: ABCDx54@37.38 ABACx54@37.38 ACCOx54@37.38 ACADx54@37.38 ADBEx54@37.38 

2012-11-04
Cash: 43.75
Held: ABCDx54@37.00 ABACx54@37.00 ACCOx54@37.00 ACADx54@37.00 ADBEx54@37.00 
Value: 10033.75
Sales: ABCDx54@37.00 ABACx54@37.00 ACCOx54@37.00 ACADx54@37.00 ADBEx54@37.00 
Purchases: ABCDx54@37.00 ABACx54@37.00 ACCOx54@37.00 ACADx54@37.00 ADBEx54@37.00 

2012-11-05
Cash: 43.75
Held: ABCDx54@37.62 ABACx54@37.62 ACCOx54@37.62 ACADx54@37.62 ADBEx54@37.62 
Value: 10202.50
Sales: ABCDx54@37.62 ABACx54@37.62 ACCOx54@37.62 ACADx54@37.62 ADBEx54@37.62 
Purchases: ABCDx54@37.62 ABACx54@37.62 ACCOx54@37.62 ACADx54@37.62 ADBEx54@37.62 

2012-11-06
Cash: 43.75
Held: ABCDx54@37.78 ABACx54@37.78 ACCOx54@37.78 ACADx54@37.78 ADBEx54@37.78 
Value: 10244.69
Sales: ABCDx54@37.78 ABACx54@37.78 ACCOx54@37.78 ACADx54@37.78 ADBEx54@37.78 
Purchases: ABCDx54@37.78 ABACx54@37.78 ACCOx54@37.78 ACADx54@37.78 ADBEx54@37.78 

2012-11-07
Cash: 43.75
Held: ABCDx54@37.59 ABACx54@37.59 ACCOx54@37.59 ACADx54@37.59 ADBEx54@37.59 
Value: 10194.06
Sales: ABCDx54@37.59 ABACx54@37.59 ACCOx54@37.59 ACADx54@37.59 ADBEx54@37.59 
Purchases: ABCDx54@37.59 ABACx54@37.59 ACCOx54@37.59 ACADx54@37.59 ADBEx54@37.59 

2012-11-08
Cash: 43.75
Held: ABCDx54@36.62 ABACx54@36.62 ACCOx54@36.62 ACADx54@36.62 ADBEx54@36.62 
Value: 9932.50
Sales: ABCDx54@36.62 ABACx54@36.62 ACCOx54@36.62 ACADx54@36.62 ADBEx54@36.62 
Purchases: ABCDx54@36.62 ABACx54@36.62 ACCOx54@36.62 ACADx54@36.62 ADBEx54@36.62 

2012-11-11
Cash: 43.75
Held: ABCDx54@37.06 ABACx54@37.06 ACCOx54@37.06 ACADx54@37.06 ADBEx54@37.06 
Value: 10050.62
Sales: ABCDx54@37.06 ABACx54@37.06 ACCOx54@37.06 ACADx54@37.06 ADBEx54@37.06 
Purchases: ABCDx54@37.06 ABACx54@37.06 ACCOx54@37.06 ACADx54@37.06 ADBEx54@37.06 

2012-11-12
Cash: 43.75
Held: ABCDx54@36.66 ABACx54@36.66 ACCOx54@36.66 ACADx54@36.66 ADBEx54@36.66 
Value: 9940.94
Sales: ABCDx54@36.66 ABACx54@36.66 ACCOx54@36.66 ACADx54@36.66 ADBEx54@36.66 
Purchases: ABCDx54@36.66 ABACx54@36.66 ACCOx54@36.66 ACADx54@36.66 ADBEx54@36.66 

2012-11-13
Cash: 43.75
Held: ABCDx54@36.41 ABACx54@36.41 ACCOx54@36.41 ACADx54@36.41 ADBEx54@36.41 
Value: 9873.44
Sales: ABCDx54@36.41 ABACx54@36.41 ACCOx54@36.41 ACADx54@36.41 ADBEx54@36.41 
Purchases: ABCDx54@36.41 ABACx54@36.41 ACCOx54@36.41 ACADx54@36.41 ADBEx54@36.41 

2012-11-14
Cash: 43.75
Held: ABCDx54@36.12 ABACx54@36.12 ACCOx54@36.12 ACADx54@36.12 ADBEx54@36.12 
Value: 9797.50
Sales: ABCDx54@36.12 ABACx54@36.12 ACCOx54@36.12 ACADx54@36.12 ADBEx54@36.12 
Purchases: ABCDx54@36.12 ABACx54@36.12 ACCOx54@36.12 ACADx54@36.12 ADBEx54@36.12 

2012-11-15
Cash: 43.75
Held: ABCDx54@35.78 ABACx54@35.78 ACCOx54@35.78 ACADx54@35.78 ADBEx54@35.78 
Value: 9704.69
Sales: ABCDx54@35.78 ABACx54@35.78 ACCOx54@35.78 ACADx54@35.78 ADBEx54@35.78 
Purchases: ABCDx54@35.78 ABACx54@35.78 ACCOx54@35.78 ACADx54@35.78 ADBEx54@35.78 

2012-11-18
Cash: 43.75
Held: ABCDx54@37.00 ABACx54@37.00 ACCOx54@37.00 ACADx54@37.00 ADBEx54@37.00 
Value: 10033.75
Sales: ABCDx54@37.00 ABACx54@37.00 ACCOx54@37.00 ACADx54@37.00 ADBEx54@37.00 
Purchases: ABCDx54@37.00 ABACx54@37.00 ACCOx54@37.00 ACADx54@37.00 ADBEx54@37.00 

2012-11-19
Cash: 43.75
Held: ABCDx54@35.94 ABACx54@35.94 ACCOx54@35.94 ACADx54@35.94 ADBEx54@35.94 
Value: 9746.88
Sales: ABCDx54@35.94 ABACx54@35.94 ACCOx54@35.94 ACADx54@35.94 ADBEx54@35.94 
Purchases: ABCDx54@35.94 ABACx54@35.94 ACCOx54@35.94 ACADx54@35.94 ADBEx54@35.94 

2012-11-20
Cash: 43.75
Held: ABCDx54@36.31 ABACx54@36.31 ACCOx54@36.31 ACADx54@36.31 ADBEx54@36.31 
Value: 9848.12
Sales: ABCDx54@36.31 ABACx54@36.31 ACCOx54@36.31 ACADx54@36.31 ADBEx54@36.31 
Purchases: ABCDx54@36.31 ABACx54@36.31 ACCOx54@36.31 ACADx54@36.31 ADBEx54@36.31 

2012-11-22
Cash: 43.75
Held: ABCDx54@36.16 ABACx54@36.16 ACCOx54@36.16 ACADx54@36.16 ADBEx54@36.16 
Value: 9805.94
Sales: ABCDx54@36.16 ABACx54@36.16 ACCOx54@36.16 ACADx54@36.16 ADBEx54@36.16 
Purchases: ABCDx54@36.16 ABACx54@36.16 ACCOx54@36.16 ACADx54@36.16 ADBEx54@36.16 

2012-11-25
Cash: 43.75
Held: ABCDx54@36.69 ABACx54@36.69 ACCOx54@36.69 ACADx54@36.69 ADBEx54@36.69 
Value: 9949.38
Sales: ABCDx54@36.69 ABACx54@36.69 ACCOx54@36.69 ACADx54@36.69 ADBEx54@36.69 
Purchases: ABCDx54@36.69 ABACx54@36.69 ACCOx54@36.69 ACADx54@36.69 ADBEx54@36.69 

2012-11-26
Cash: 43.75
Held: ABCDx54@37.38 ABACx54@37.38 ACCOx54@37.38 ACADx54@37.38 ADBEx54@37.38 
Value: 10135.00
Sales: ABCDx54@37.38 ABACx54@37.38 ACCOx54@37.38 ACADx54@37.38 ADBEx54@37.38 
Purchases: ABCDx54@37.38 ABACx54@37.38 ACCOx54@37.38 ACADx54@37.38 ADBEx54@37.38 

2012-11-27
Cash: 43.75
Held: ABCDx54@37.12 ABACx54@37.12 ACCOx54@37.12 ACADx54@37.12 ADBEx54@37.12 
Value: 10067.50
Sales: ABCDx54@37.12 ABACx54@37.12 ACCOx54@37.12 ACADx54@37.12 ADBEx54@37.12 
Purchases: ABCDx54@37.12 ABACx54@37.12 ACCOx54@37.12 ACADx54@37.12 ADBEx54@37.12 

2012-11-28
Cash: 43.75
Held: ABCDx54@38.09 ABACx54@38.09 ACCOx54@38.09 ACADx54@38.09 ADBEx54@38.09 
Value: 10329.06
Sales: ABCDx54@38.09 ABACx54@38.09 ACCOx54@38.09 ACADx54@38.09 ADBEx54@38.09 
Purchases: ABCDx54@38.09 ABACx54@38.09 ACCOx54@38.09 ACADx54@38.09 ADBEx54@38.09 

2012-11-29
Cash: 43.75
Held: ABCDx54@38.38 ABACx54@38.38 ACCOx54@38.38 ACADx54@38.38 ADBEx54@38.38 
Value: 10405.00
Sales: ABCDx54@38.38 ABACx54@38.38 ACCOx54@38.38 ACADx54@38.38 ADBEx54@38.38 
Purchases: ABCDx54@38.38 ABACx54@38.38 ACCOx54@38.38 ACADx54@38.38 ADBEx54@38.38 

2012-12-02
Cash: 43.75
Held: ABCDx54@38.59 ABACx54@38.59 ACCOx54@38.59 ACADx54@38.59 ADBEx54@38.59 
Value: 10464.06
Sales: ABCDx54@38.59 ABACx54@38.59 ACCOx54@38.59 ACADx54@38.59 ADBEx54@38.59 
Purchases: ABCDx54@38.59 ABACx54@38.59 ACCOx54@38.59 ACADx54@38.59 ADBEx54@38.59 

2012-12-03
Cash: 43.75
Held: ABCDx54@37.94 ABACx54@37.94 ACCOx54@37.94 ACADx54@37.94 ADBEx54@37.94 
Value: 10286.88
Sales: ABCDx54@37.94 ABACx54@37.94 ACCOx54@37.94 ACADx54@37.94 ADBEx54@37.94 
Purchases: ABCDx54@37.94 ABACx54@37.94 ACCOx54@37.94 ACADx54@37.94 ADBEx54@37.94 

2012-12-04
Cash: 43.75
Held: ABCDx54@38.12 ABACx54@38.12 ACCOx54@38.12 ACADx54@38.12 ADBEx54@38.12 
Value: 10337.50
Sales: ABCDx54@38.12 ABACx54@38.12 ACCOx54@38.12 ACADx54@38.12 ADBEx54@38.12 
Purchases: ABCDx54@38.12 ABACx54@38.12 ACCOx54@38.12 ACADx54@38.12 ADBEx54@38.12 

2012-12-05
Cash: 43.75
Held: ABCDx54@38.53 ABACx54@38.53 ACCOx54@38.53 ACADx54@38.53 ADBEx54@38.53 
Value: 10447.19
Sales: ABCDx54@38.53 ABACx54@38.53 ACCOx54@38.53 ACADx54@38.53 ADBEx54@38.53 
Purchases: ABCDx54@38.53 ABACx54@38.53 ACCOx54@38.53 ACADx54@38.53 ADBEx54@38.53 

2012-12-06
Cash: 43.75
Held: ABCDx54@38.50 ABACx54@38.50 ACCOx54@38.50 ACADx54@38.50 ADBEx54@38.50 
Value: 10438.75
Sales: ABCDx54@38.50 ABACx54@38.50 ACCOx54@38.50 ACADx54@38.50 ADBEx54@38.50 
Purchases: ABCDx54@38.50 ABACx54@38.50 ACCOx54@38.50 ACADx54@38.50 ADBEx54@38.50 

2012-12-09
Cash: 43.75
Held: ABCDx54@37.81 ABACx54@37.81 ACCOx54@37.81 ACADx54@37.81 ADBEx54@37.81 
Value: 10253.12
Sales: ABCDx54@37.81 ABACx54@37.81 ACCOx54@37.81 ACADx54@37.81 ADBEx54@37.81 
Purchases: ABCDx54@37.81 ABACx54@37.81 ACCOx54@37.81 ACADx54@37.81 ADBEx54@37.81 

2012-12-10
Cash: 43.75
Held: ABCDx54@38.75 ABACx54@38.75 ACCOx54@38.75 ACADx54@38.75 ADBEx54@38.75 
Value: 10506.25
Sales: ABCDx54@38.75 ABACx54@38.75 ACCOx54@38.75 ACADx54@38.75 ADBEx54@38.75 
Purchases: ABCDx54@38.75 ABACx54@38.75 ACCOx54@38.75 ACADx54@38.75 ADBEx54@38.75 

2012-12-11
Cash: 43.75
Held: ABCDx54@39.81 ABACx54@39.81 ACCOx54@39.81 ACADx54@39.81 ADBEx54@39.81 
Value: 10793.12
Sales: ABCDx54@39.81 ABACx54@39.81 ACCOx54@39.81 ACADx54@39.81 ADBEx54@39.81 
Purchases: ABCDx54@39.81 ABACx54@39.81 ACCOx54@39.81 ACADx54@39.81 ADBEx54@39.81 

2012-12-12
Cash: 43.75
Held: ABCDx54@40.38 ABACx54@40.38 ACCOx54@40.38 ACADx54@40.38 ADBEx54@40.38 
Value: 10945.00
Sales: ABCDx54@40.38 ABACx54@40.38 ACCOx54@40.38 ACADx54@40.38 ADBEx54@40.38 
Purchases: ABCDx54@40.38 ABACx54@40.38 ACCOx54@40.38 ACADx54@40.38 ADBEx54@40.38 

2012-12-13
Cash: 43.75
Held: ABCDx54@39.72 ABACx54@39.72 ACCOx54@39.72 ACADx54@39.72 ADBEx54@39.72 
Value: 10767.81
Sales: ABCDx54@39.72 ABACx54@39.72 ACCOx54@39.72 ACADx54@39.72 ADBEx54@39.72 
Purchases: ABCDx54@39.72 ABACx54@39.72 ACCOx54@39.72 ACADx54@39.72 ADBEx54@39.72 

2012-12-16
Cash: 43.75
Held: ABCDx54@39.97 ABACx54@39.97 ACCOx54@39.97 ACADx54@39.97 ADBEx54@39.97 
Value: 10835.31
Sales: ABCDx54@39.97 ABACx54@39.97 ACCOx54@39.97 ACADx54@39.97 ADBEx54@39.97 
Purchases: ABCDx54@39.97 ABACx54@39.97 ACCOx54@39.97 ACADx54@39.97 ADBEx54@39.97 

2012-12-17
Cash: 43.75
Held: ABCDx54@40.75 ABACx54@40.75 ACCOx54@40.75 ACADx54@40.75 ADBEx54@40.75 
Value: 11046.25
Sales: ABCDx54@40.75 ABACx54@40.75 ACCOx54@40.75 ACADx54@40.75 ADBEx54@40.75 
Purchases: ABCDx54@40.75 ABACx54@40.75 ACCOx54@40.75 ACADx54@40.75 ADBEx54@40.75 

2012-12-18
Cash: 43.75
Held: ABCDx54@41.47 ABACx54@41.47 ACCOx54@41.47 ACADx54@41.47 ADBEx54@41.47 
Value: 11240.31
Sales: ABCDx54@41.47 ABACx54@41.47 ACCOx54@41.47 ACADx54@41.47 ADBEx54@41.47 
Purchases: ABCDx54@41.47 ABACx54@41.47 ACCOx54@41.47 ACADx54@41.47 ADBEx54@41.47 

2012-12-19
Cash: 43.75
Held: ABCDx54@40.59 ABACx54@40.59 ACCOx54@40.59 ACADx54@40.59 ADBEx54@40.59 
Value: 11004.06
Sales: ABCDx54@40.59 ABACx54@40.59 ACCOx54@40.59 ACADx54@40.59 ADBEx54@40.59 
Purchases: ABCDx54@40.59 ABACx54@40.59 ACCOx54@40.59 ACADx54@40.59 ADBEx54@40.59 

2012-12-20
Cash: 43.75
Held: ABCDx54@40.69 ABACx54@40.69 ACCOx54@40.69 ACADx54@40.69 ADBEx54@40.69 
Value: 11029.38
Sales: ABCDx54@40.69 ABACx54@40.69 ACCOx54@40.69 ACADx54@40.69 ADBEx54@40.69 
Purchases: ABCDx54@40.69 ABACx54@40.69 ACCOx54@40.69 ACADx54@40.69 ADBEx54@40.69 

2012-12-23
Cash: 43.75
Held: ABCDx54@40.88 ABACx54@40.88 ACCOx54@40.88 ACADx54@40.88 ADBEx54@40.88 
Value: 11080.00
Sales: ABCDx54@40.88 ABACx54@40.88 ACCOx54@40.88 ACADx54@40.88 ADBEx54@40.88 
Purchases: ABCDx54@40.88 ABACx54@40.88 ACCOx54@40.88 ACADx54@40.88 ADBEx54@40.88 

2012-12-25
Cash: 43.75
Held: ABCDx54@41.12 ABACx54@41.12 ACCOx54@41.12 ACADx54@41.12 ADBEx54@41.12 
Value: 11147.50
Sales: ABCDx54@41.12 ABACx54@41.12 ACCOx54@41.12 ACADx54@41.12 ADBEx54@41.12 
Purchases: ABCDx54@41.12 ABACx54@41.12 ACCOx54@41.12 ACADx54@41.12 ADBEx54@41.12 

2012-12-26
Cash: 43.75
Held: ABCDx54@40.81 ABACx54@40.81 ACCOx54@40.81 ACADx54@40.81 ADBEx54@40.81 
Value: 11063.12
Sales: ABCDx54@40.81 ABACx54@40.81 ACCOx54@40.81 ACADx54@40.81 ADBEx54@40.81 
Purchases: ABCDx54@40.81 ABACx54@40.81 ACCOx54@40.81 ACADx54@40.81 ADBEx54@40.81 

2012-12-27
Cash: 43.75
Held: ABCDx54@40.22 ABACx54@40.22 ACCOx54@40.22 ACADx54@40.22 ADBEx54@40.22 
Value: 10902.81
Sales: ABCDx54@40.22 ABACx54@40.22 ACCOx54@40.22 ACADx54@40.22 ADBEx54@40.22 
Purchases: ABCDx54@40.22 ABACx54@40.22 ACCOx54@40.22 ACADx54@40.22 ADBEx54@40.22 

2012-12-30
Cash: 43.75
Held: ABCDx54@39.69 ABACx54@39.69 ACCOx54@39.69 ACADx54@39.69 ADBEx54@39.69 
Value: 10759.38
Sales: ABCDx54@39.69 ABACx54@39.69 ACCOx54@39.69 ACADx54@39.69 ADBEx54@39.69 
Purchases: ABCDx54@39.69 ABACx54@39.69 ACCOx54@39.69 ACADx54@39.69 ADBEx54@39.69 

2013-01-01
Cash: 43.75
Held: ABCDx54@42.16 ABACx54@42.16 ACCOx54@42.16 ACADx54@42.16 ADBEx54@42.16 
Value: 11425.94
Sales: ABCDx54@42.16 ABACx54@42.16 ACCOx54@42.16 ACADx54@42.16 ADBEx54@42.16 
Purchases: ABCDx54@42.16 ABACx54@42.16 ACCOx54@42.16 ACADx54@42.16 ADBEx54@42.16 

2013-01-02
Cash: 43.75
Held: ABCDx54@41.94 ABACx54@41.94 ACCOx54@41.94 ACADx54@41.94 ADBEx54@41.94 
Value: 11366.88
Sales: ABCDx54@41.94 ABACx54@41.94 ACCOx54@41.94 ACADx54@41.94 ADBEx54@41.94 
Purchases: ABCDx54@41.94 ABACx54@41.94 ACCOx54@41.94 ACADx54@41.94 ADBEx54@41.94 

2013-01-03
Cash: 43.75
Held: ABCDx54@42.12 ABACx54@42.12 ACCOx54@42.12 ACADx54@42.12 ADBEx54@42.12 
Value: 11417.50
Sales: ABCDx54@42.12 ABACx54@42.12 ACCOx54@42.12 ACADx54@42.12 ADBEx54@42.12 
Purchases: ABCDx54@42.12 ABACx54@42.12 ACCOx54@42.12 ACADx54@42.12 ADBEx54@42.12 

2013-01-06
Cash: 43.75
Held: ABCDx54@42.59 ABACx54@42.59 ACCOx54@42.59 ACADx54@42.59 ADBEx54@42.59 
Value: 11544.06
Sales: ABCDx54@42.59 ABACx54@42.59 ACCOx54@42.59 ACADx54@42.59 ADBEx54@42.59 
Purchases: ABCDx54@42.59 ABACx54@42.59 ACCOx54@42.59 ACADx54@42.59 ADBEx54@42.59 

2013-01-07
Cash: 43.75
Held: ABCDx54@42.47 ABACx54@42.47 ACCOx54@42.47 ACADx54@42.47 ADBEx54@42.47 
Value: 11510.31
Sales: ABCDx54@42.47 ABACx54@42.47 ACCOx54@42.47 ACADx54@42.47 ADBEx54@42.47 
Purchases: ABCDx54@42.47 ABACx54@42.47 ACCOx54@42.47 ACADx54@42.47 ADBEx54@42.47 

2013-01-08
Cash: 43.75
Held: ABCDx54@43.00 ABACx54@43.00 ACCOx54@43.00 ACADx54@43.00 ADBEx54@43.00 
Value: 11653.75
Sales: ABCDx54@43.00 ABACx54@43.00 ACCOx54@43.00 ACADx54@43.00 ADBEx54@43.00 
Purchases: ABCDx54@43.00 ABACx54@43.00 ACCOx54@43.00 ACADx54@43.00 ADBEx54@43.00 

2013-01-09
Cash: 43.75
Held: ABCDx54@43.62 ABACx54@43.62 ACCOx54@43.62 ACADx54@43.62 ADBEx54@43.62 
Value: 11822.50
Sales: ABCDx54@43.62 ABACx54@43.62 ACCOx54@43.62 ACADx54@43.62 ADBEx54@43.62 
Purchases: ABCDx54@43.62 ABACx54@43.62 ACCOx54@43.62 ACADx54@43.62 ADBEx54@43.62 

2013-01-10
Cash: 43.75
Held: ABCDx54@43.66 ABACx54@43.66 ACCOx54@43.66 ACADx54@43.66 ADBEx54@43.66 
Value: 11830.94
Sales: ABCDx54@43.66 ABACx54@43.66 ACCOx54@43.66 ACADx54@43.66 ADBEx54@43.66 
Purchases: ABCDx54@43.66 ABACx54@43.66 ACCOx54@43.66 ACADx54@43.66 ADBEx54@43.66 

2013-01-13
Cash: 43.75
Held: ABCDx54@43.44 ABACx54@43.44 ACCOx54@43.44 ACADx54@43.44 ADBEx54@43.44 
Value: 11771.88
Sales: ABCDx54@43.44 ABACx54@43.44 ACCOx54@43.44 ACADx54@43.44 ADBEx54@43.44 
Purchases: ABCDx54@43.44 ABACx54@43.44 ACCOx54@43.44 ACADx54@43.44 ADBEx54@43.44 

2013-01-14
Cash: 43.75
Held: ABCDx54@43.16 ABACx54@43.16 ACCOx54@43.16 ACADx54@43.16 ADBEx54@43.16 
Value: 11695.94
Sales: ABCDx54@43.16 ABACx54@43.16 ACCOx54@43.16 ACADx54@43.16 ADBEx54@43.16 
Purchases: ABCDx54@43.16 ABACx54@43.16 ACCOx54@43.16 ACADx54@43.16 ADBEx54@43.16 

2013-01-15
Cash: 43.75
Held: ABCDx54@43.16 ABACx54@43.16 ACCOx54@43.16 ACADx54@43.16 ADBEx54@43.16 
Value: 11695.94
Sales: ABCDx54@43.16 ABACx54@43.16 ACCOx54@43.16 ACADx54@43.16 ADBEx54@43.16 
Purchases: ABCDx54@43.16 ABACx54@43.16 ACCOx54@43.16 ACADx54@43.16 ADBEx54@43.16 

2013-01-16
Cash: 43.75
Held: ABCDx54@43.62 ABACx54@43.62 ACCOx54@43.62 ACADx54@43.62 ADBEx54@43.62 
Value: 11822.50
Sales: ABCDx54@43.62 ABACx54@43.62 ACCOx54@43.62 ACADx54@43.62 ADBEx54@43.62 
Purchases: ABCDx54@43.62 ABACx54@43.62 ACCOx54@43.62 ACADx54@43.62 ADBEx54@43.62 

2013-01-17
Cash: 43.75
Held: ABCDx54@44.06 ABACx54@44.06 ACCOx54@44.06 ACADx54@44.06 ADBEx54@44.06 
Value: 11940.62
Sales: ABCDx54@44.06 ABACx54@44.06 ACCOx54@44.06 ACADx54@44.06 ADBEx54@44.06 
Purchases: ABCDx54@44.06 ABACx54@44.06 ACCOx54@44.06 ACADx54@44.06 ADBEx54@44.06 

2013-01-21
Cash: 43.75
Held: ABCDx54@43.97 ABACx54@43.97 ACCOx54@43.97 ACADx54@43.97 ADBEx54@43.97 
Value: 11915.31
Sales: ABCDx54@43.97 ABACx54@43.97 ACCOx54@43.97 ACADx54@43.97 ADBEx54@43.97 
Purchases: ABCDx54@43.97 ABACx54@43.97 ACCOx54@43.97 ACADx54@43.97 ADBEx54@43.97 

2013-01-22
Cash: 43.75
Held: ABCDx54@44.53 ABACx54@44.53 ACCOx54@44.53 ACADx54@44.53 ADBEx54@44.53 
Value: 12067.19
Sales: ABCDx54@44.53 ABACx54@44.53 ACCOx54@44.53 ACADx54@44.53 ADBEx54@44.53 
Purchases: ABCDx54@44.53 ABACx54@44.53 ACCOx54@44.53 ACADx54@44.53 ADBEx54@44.53 

2013-01-23
Cash: 43.75
Held: ABCDx54@44.56 ABACx54@44.56 ACCOx54@44.56 ACADx54@44.56 ADBEx54@44.56 
Value: 12075.62
Sales: ABCDx54@44.56 ABACx54@44.56 ACCOx54@44.56 ACADx54@44.56 ADBEx54@44.56 
Purchases: ABCDx54@44.56 ABACx54@44.56 ACCOx54@44.56 ACADx54@44.56 ADBEx54@44.56 

2013-01-24
Cash: 43.75
Held: ABCDx54@44.72 ABACx54@44.72 ACCOx54@44.72 ACADx54@44.72 ADBEx54@44.72 
Value: 12117.81
Sales: ABCDx54@44.72 ABACx54@44.72 ACCOx54@44.72 ACADx54@44.72 ADBEx54@44.72 
Purchases: ABCDx54@44.72 ABACx54@44.72 ACCOx54@44.72 ACADx54@44.72 ADBEx54@44.72 

2013-01-27
Cash: 43.75
Held: ABCDx54@45.19 ABACx54@45.19 ACCOx54@45.19 ACADx54@45.19 ADBEx54@45.19 
Value: 12244.38
Sales: ABCDx54@45.19 ABACx54@45.19 ACCOx54@45.19 ACADx54@45.19 ADBEx54@45.19 
Purchases: ABCDx54@45.19 ABACx54@45.19 ACCOx54@45.19 ACADx54@45.19 ADBEx54@45.19 

2013-01-28
Cash: 43.75
Held: ABCDx54@44.97 ABACx54@44.97 ACCOx54@44.97 ACADx54@44.97 ADBEx54@44.97 
Value: 12185.31
Sales: ABCDx54@44.97 ABACx54@44.97 ACCOx54@44.97 ACADx54@44.97 ADBEx54@44.97 
Purchases: ABCDx54@44.97 ABACx54@44.97 ACCOx54@44.97 ACADx54@44.97 ADBEx54@44.97 

2013-01-29
Cash: 43.75
Held: ABCDx54@44.59 ABACx54@44.59 ACCOx54@44.59 ACADx54@44.59 ADBEx54@44.59 
Value: 12084.06
Sales: ABCDx54@44.59 ABACx54@44.59 ACCOx54@44.59 ACADx54@44.59 ADBEx54@44.59 
Purchases: ABCDx54@44.59 ABACx54@44.59 ACCOx54@44.59 ACADx54@44.59 ADBEx54@44.59 

2013-01-30
Cash: 43.75
Held: ABCDx54@44.34 ABACx54@44.34 ACCOx54@44.34 ACADx54@44.34 ADBEx54@44.34 
Value: 12016.56
Sales: ABCDx54@44.34 ABACx54@44.34 ACCOx54@44.34 ACADx54@44.34 ADBEx54@44.34 
Purchases: ABCDx54@44.34 ABACx54@44.34 ACCOx54@44.34 ACADx54@44.34 ADBEx54@44.34 

2013-01-31
Cash: 43.75
Held: ABCDx54@45.09 ABACx54@45.09 ACCOx54@45.09 ACADx54@45.09 ADBEx54@45.09 
Value: 12219.06
Sales: ABCDx54@45.09 ABACx54@45.09 ACCOx54@45.09 ACADx54@45.09 ADBEx54@45.09 
Purchases: ABCDx54@45.09 ABACx54@45.09 ACCOx54@45.09 ACADx54@45.09 ADBEx54@45.09 

2013-02-03
Cash: 43.75
Held: ABCDx54@44.81 ABACx54@44.81 ACCOx54@44.81 ACADx54@44.81 ADBEx54@44.81 
Value: 12143.12
Sales: ABCDx54@44.81 ABACx54@44.81 ACCOx54@44.81 ACADx54@44.81 ADBEx54@44.81 
Purchases: ABCDx54@44.81 ABACx54@44.81 ACCOx54@44.81 ACADx54@44.81 ADBEx54@44.81 

2013-02-04
Cash: 43.75
Held: ABCDx54@44.56 ABACx54@44.56 ACCOx54@44.56 ACADx54@44.56 ADBEx54@44.56 
Value: 12075.62
Sales: ABCDx54@44.56 ABACx54@44.56 ACCOx54@44.56 ACADx54@44.56 ADBEx54@44.56 
Purchases: ABCDx54@44.56 ABACx54@44.56 ACCOx54@44.56 ACADx54@44.56 ADBEx54@44.56 

2013-02-05
Cash: 43.75
Held: ABCDx54@44.72 ABACx54@44.72 ACCOx54@44.72 ACADx54@44.72 ADBEx54@44.72 
Value: 12117.81
Sales: ABCDx54@44.72 ABACx54@44.72 ACCOx54@44.72 ACADx54@44.72 ADBEx54@44.72 
Purchases: ABCDx54@44.72 ABACx54@44.72 ACCOx54@44.72 ACADx54@44.72 ADBEx54@44.72 

2013-02-06
Cash: 43.75
Held: ABCDx54@44.91 ABACx54@44.91 ACCOx54@44.91 ACADx54@44.91 ADBEx54@44.91 
Value: 12168.44
Sales: ABCDx54@44.91 ABACx54@44.91 ACCOx54@44.91 ACADx54@44.91 ADBEx54@44.91 
Purchases: ABCDx54@44.91 ABACx54@44.91 ACCOx54@44.91 ACADx54@44.91 ADBEx54@44.91 

2013-02-07
Cash: 43.75
Held: ABCDx54@45.06 ABACx54@45.06 ACCOx54@45.06 ACADx54@45.06 ADBEx54@45.06 
Value: 12210.62
Sales: ABCDx54@45.06 ABACx54@45.06 ACCOx54@45.06 ACADx54@45.06 ADBEx54@45.06 
Purchases: ABCDx54@45.06 ABACx54@45.06 ACCOx54@45.06 ACADx54@45.06 ADBEx54@45.06 

2013-02-10
Cash: 43.75
Held: ABCDx54@45.16 ABACx54@45.16 ACCOx54@45.16 ACADx54@45.16 ADBEx54@45.16 
Value: 12235.94
Sales: ABCDx54@45.16 ABACx54@45.16 ACCOx54@45.16 ACADx54@45.16 ADBEx54@45.16 
Purchases: ABCDx54@45.16 ABACx54@45.16 ACCOx54@45.16 ACADx54@45.16 ADBEx54@45.16 

2013-02-11
Cash: 43.75
Held: ABCDx54@44.81 ABACx54@44.81 ACCOx54@44.81 ACADx54@44.81 ADBEx54@44.81 
Value: 12143.12
Sales: ABCDx54@44.81 ABACx54@44.81 ACCOx54@44.81 ACADx54@44.81 ADBEx54@44.81 
Purchases: ABCDx54@44.81 ABACx54@44.81 ACCOx54@44.81 ACADx54@44.81 ADBEx54@44.81 

2013-02-12
Cash: 43.75
Held: ABCDx54@44.81 ABACx54@44.81 ACCOx54@44.81 ACADx54@44.81 ADBEx54@44.81 
Value: 12143.12
Sales: ABCDx54@44.81 ABACx54@44.81 ACCOx54@44.81 ACADx54@44.81 ADBEx54@44.81 
Purchases: ABCDx54@44.81 ABACx54@44.81 ACCOx54@44.81 ACADx54@44.81 ADBEx54@44.81 

2013-02-13
Cash: 43.75
Held: ABCDx54@44.72 ABACx54@44.72 ACCOx54@44.72 ACADx54@44.72 ADBEx54@44.72 
Value: 12117.81
Sales: ABCDx54@44.72 ABACx54@44.72 ACCOx54@44.72 ACADx54@44.72 ADBEx54@44.72 
Purchases: ABCDx54@44.72 ABACx54@44.72 ACCOx54@44.72 ACADx54@44.72 ADBEx54@44.72 

2013-02-14
Cash: 43.75
Held: ABCDx54@43.47 ABACx54@43.47 ACCOx54@43.47 ACADx54@43.47 ADBEx54@43.47 
Value: 11780.31
Sales: ABCDx54@43.47 ABACx54@43.47 ACCOx54@43.47 ACADx54@43.47 ADBEx54@43.47 
Purchases: ABCDx54@43.47 ABACx54@43.47 ACCOx54@43.47 ACADx54@43.47 ADBEx54@43.47 

2013-02-18
Cash: 43.75
Held: ABCDx54@42.22 ABACx54@42.22 ACCOx54@42.22 ACADx54@42.22 ADBEx54@42.22 
Value: 11442.81
Sales: ABCDx54@42.22 ABACx54@42.22 ACCOx54@42.22 ACADx54@42.22 ADBEx54@42.22 
Purchases: ABCDx54@42.22 ABACx54@42.22 ACCOx54@42.22 ACADx54@42.22 ADBEx54@42.22 

2013-02-19
Cash: 43.75
Held: ABCDx54@42.84 ABACx54@42.84 ACCOx54@42.84 ACADx54@42.84 ADBEx54@42.84 
Value: 11611.56
Sales: ABCDx54@42.84 ABACx54@42.84 ACCOx54@42.84 ACADx54@42.84 ADBEx54@42.84 
Purchases: ABCDx54@42.84 ABACx54@42.84 ACCOx54@42.84 ACADx54@42.84 ADBEx54@42.84 

2013-02-20
Cash: 43.75
Held: ABCDx54@42.12 ABACx54@42.12 ACCOx54@42.12 ACADx54@42.12 ADBEx54@42.12 
Value: 11417.50
Sales: ABCDx54@42.12 ABACx54@42.12 ACCOx54@42.12 ACADx54@42.12 ADBEx54@42.12 
Purchases: ABCDx54@42.12 ABACx54@42.12 ACCOx54@42.12 ACADx54@42.12 ADBEx54@42.12 

2013-02-21
Cash: 43.75
Held: ABCDx54@41.84 ABACx54@41.84 ACCOx54@41.84 ACADx54@41.84 ADBEx54@41.84 
Value: 11341.56
Sales: ABCDx54@41.84 ABACx54@41.84 ACCOx54@41.84 ACADx54@41.84 ADBEx54@41.84 
Purchases: ABCDx54@41.84 ABACx54@41.84 ACCOx54@41.84 ACADx54@41.84 ADBEx54@41.84 

2013-02-24
Cash: 43.75
Held: ABCDx54@42.09 ABACx54@42.09 ACCOx54@42.09 ACADx54@42.09 ADBEx54@42.09 
Value: 11409.06
Sales: ABCDx54@42.09 ABACx54@42.09 ACCOx54@42.09 ACADx54@42.09 ADBEx54@42.09 
Purchases: ABCDx54@42.09 ABACx54@42.09 ACCOx54@42.09 ACADx54@42.09 ADBEx54@42.09 

2013-02-25
Cash: 43.75
Held: ABCDx54@40.62 ABACx54@40.62 ACCOx54@40.62 ACADx54@40.62 ADBEx54@40.62 
Value: 11012.50
Sales: ABCDx54@40.62 ABACx54@40.62 ACCOx54@40.62 ACADx54@40.62 ADBEx54@40.62 
Purchases: ABCDx54@40.62 ABACx54@40.62 ACCOx54@40.62 ACADx54@40.62 ADBEx54@40.62 

2013-02-26
Cash: 43.75
Held: ABCDx54@41.00 ABACx54@41.00 ACCOx54@41.00 ACADx54@41.00 ADBEx54@41.00 
Value: 11113.75
Sales: ABCDx54@41.00 ABACx54@41.00 ACCOx54@41.00 ACADx54@41.00 ADBEx54@41.00 
Purchases: ABCDx54@41.00 ABACx54@41.00 ACCOx54@41.00 ACADx54@41.00 ADBEx54@41.00 

2013-02-27
Cash: 43.75
Held: ABCDx54@41.78 ABACx54@41.78 ACCOx54@41.78 ACADx54@41.78 ADBEx54@41.78 
Value: 11324.69
Sales: ABCDx54@41.78 ABACx54@41.78 ACCOx54@41.78 ACADx54@41.78 ADBEx54@41.78 
Purchases: ABCDx54@41.78 ABACx54@41.78 ACCOx54@41.78 ACADx54@41.78 ADBEx54@41.78 

2013-02-28
Cash: 43.75
Held: ABCDx54@41.19 ABACx54@41.19 ACCOx54@41.19 ACADx54@41.19 ADBEx54@41.19 
Value: 11164.38
Sales: ABCDx54@41.19 ABACx54@41.19 ACCOx54@41.19 ACADx54@41.19 ADBEx54@41.19 
Purchases: ABCDx54@41.19 ABACx54@41.19 ACCOx54@41.19 ACADx54@41.19 ADBEx54@41.19 

2013-03-03
Cash: 43.75
Held: ABCDx54@41.75 ABACx54@41.75 ACCOx54@41.75 ACADx54@41.75 ADBEx54@41.75 
Value: 11316.25
Sales: ABCDx54@41.75 ABACx54@41.75 ACCOx54@41.75 ACADx54@41.75 ADBEx54@41.75 
Purchases: ABCDx54@41.75 ABACx54@41.75 ACCOx54@41.75 ACADx54@41.75 ADBEx54@41.75 

2013-03-04
Cash: 43.75
Held: ABCDx54@42.34 ABACx54@42.34 ACCOx54@42.34 ACADx54@42.34 ADBEx54@42.34 
Value: 11476.56
Sales: ABCDx54@42.34 ABACx54@42.34 ACCOx54@42.34 ACADx54@42.34 ADBEx54@42.34 
Purchases: ABCDx54@42.34 ABACx54@42.34 ACCOx54@42.34 ACADx54@42.34 ADBEx54@42.34 

2013-03-05
Cash: 43.75
Held: ABCDx54@43.00 ABACx54@43.00 ACCOx54@43.00 ACADx54@43.00 ADBEx54@43.00 
Value: 11653.75
Sales: ABCDx54@43.00 ABACx54@43.00 ACCOx54@43.00 ACADx54@43.00 ADBEx54@43.00 
Purchases: ABCDx54@43.00 ABACx54@43.00 ACCOx54@43.00 ACADx54@43.00 ADBEx54@43.00 

2013-03-06
Cash: 43.75
Held: ABCDx54@43.31 ABACx54@43.31 ACCOx54@43.31 ACADx54@43.31 ADBEx54@43.31 
Value: 11738.12
Sales: ABCDx54@43.31 ABACx54@43.31 ACCOx54@43.31 ACADx54@43.31 ADBEx54@43.31 
Purchases: ABCDx54@43.31 ABACx54@43.31 ACCOx54@43.31 ACADx54@43.31 ADBEx54@43.31 

2013-03-07
Cash: 43.75
Held: ABCDx54@43.50 ABACx54@43.50 ACCOx54@43.50 ACADx54@43.50 ADBEx54@43.50 
Value: 11788.75
Sales: ABCDx54@43.50 ABACx54@43.50 ACCOx54@43.50 ACADx54@43.50 ADBEx54@43.50 
Purchases: ABCDx54@43.50 ABACx54@43.50 ACCOx54@43.50 ACADx54@43.50 ADBEx54@43.50 

2013-03-10
Cash: 43.75
Held: ABCDx54@43.00 ABACx54@43.00 ACCOx54@43.00 ACADx54@43.00 ADBEx54@43.00 
Value: 11653.75
Sales: ABCDx54@43.00 ABACx54@43.00 ACCOx54@43.00 ACADx54@43.00 ADBEx54@43.00 
Purchases: ABCDx54@43.00 ABACx54@43.00 ACCOx54@43.00 ACADx54@43.00 ADBEx54@43.00 

2013-03-11
Cash: 43.75
Held: ABCDx54@42.81 ABACx54@42.81 ACCOx54@42.81 ACADx54@42.81 ADBEx54@42.81 
Value: 11603.12
Sales: ABCDx54@42.81 ABACx54@42.81 ACCOx54@42.81 ACADx54@42.81 ADBEx54@42.81 
Purchases: ABCDx54@42.81 ABACx54@42.81 ACCOx54@42.81 ACADx54@42.81 ADBEx54@42.81 

2013-03-12
Cash: 43.75
Held: ABCDx54@42.56 ABACx54@42.56 ACCOx54@42.56 ACADx54@42.56 ADBEx54@42.56 
Value: 11535.62
Sales: ABCDx54@42.56 ABACx54@42.56 ACCOx54@42.56 ACADx54@42.56 ADBEx54@42.56 
Purchases: ABCDx54@42.56 ABACx54@42.56 ACCOx54@42.56 ACADx54@42.56 ADBEx54@42.56 

2013-03-13
Cash: 43.75
Held: ABCDx54@43.03 ABACx54@43.03 ACCOx54@43.03 ACADx54@43.03 ADBEx54@43.03 
Value: 11662.19
Sales: ABCDx54@43.03 ABACx54@43.03 ACCOx54@43.03 ACADx54@43.03 ADBEx54@43.03 
Purchases: ABCDx54@43.03 ABACx54@43.03 ACCOx54@43.03 ACADx54@43.03 ADBEx54@43.03 

2013-03-14
Cash: 43.75
Held: ABCDx54@43.09 ABACx54@43.09 ACCOx54@43.09 ACADx54@43.09 ADBEx54@43.09 
Value: 11679.06
Sales: ABCDx54@43.09 ABACx54@43.09 ACCOx54@43.09 ACADx54@43.09 ADBEx54@43.09 
Purchases: ABCDx54@43.09 ABACx54@43.09 ACCOx54@43.09 ACADx54@43.09 ADBEx54@43.09 

2013-03-17
Cash: 43.75
Held: ABCDx54@42.47 ABACx54@42.47 ACCOx54@42.47 ACADx54@42.47 ADBEx54@42.47 
Value: 11510.31
Sales: ABCDx54@42.47 ABACx54@42.47 ACCOx54@42.47 ACADx54@42.47 ADBEx54@42.47 
Purchases: ABCDx54@42.47 ABACx54@42.47 ACCOx54@42.47 ACADx54@42.47 ADBEx54@42.47 

2013-03-18
Cash: 43.75
Held: ABCDx54@42.69 ABACx54@42.69 ACCOx54@42.69 ACADx54@42.69 ADBEx54@42.69 
Value: 11569.38
Sales: ABCDx54@42.69 ABACx54@42.69 ACCOx54@42.69 ACADx54@42.69 ADBEx54@42.69 
Purchases: ABCDx54@42.69 ABACx54@42.69 ACCOx54@42.69 ACADx54@42.69 ADBEx54@42.69 

2013-03-19
Cash: 43.75
Held: ABCDx54@42.25 ABACx54@42.25 ACCOx54@42.25 ACADx54@42.25 ADBEx54@42.25 
Value: 11451.25
Sales: ABCDx54@42.25 ABACx54@42.25 ACCOx54@42.25 ACADx54@42.25 ADBEx54@42.25 
Purchases: ABCDx54@42.25 ABACx54@42.25 ACCOx54@42.25 ACADx54@42.25 ADBEx54@42.25 

2013-03-20
Cash: 43.75
Held: ABCDx54@42.44 ABACx54@42.44 ACCOx54@42.44 ACADx54@42.44 ADBEx54@42.44 
Value: 11501.88
Sales: ABCDx54@42.44 ABACx54@42.44 ACCOx54@42.44 ACADx54@42.44 ADBEx54@42.44 
Purchases: ABCDx54@42.44 ABACx54@42.44 ACCOx54@42.44 ACADx54@42.44 ADBEx54@42.44 

2013-03-21
Cash: 43.75
Held: ABCDx54@41.78 ABACx54@41.78 ACCOx54@41.78 ACADx54@41.78 ADBEx54@41.78 
Value: 11324.69
Sales: ABCDx54@41.78 ABACx54@41.78 ACCOx54@41.78 ACADx54@41.78 ADBEx54@41.78 
Purchases: ABCDx54@41.78 ABACx54@41.78 ACCOx54@41.78 ACADx54@41.78 ADBEx54@41.78 

2013-03-24
Cash: 43.75
Held: ABCDx54@41.50 ABACx54@41.50 ACCOx54@41.50 ACADx54@41.50 ADBEx54@41.50 
Value: 11248.75
Sales: ABCDx54@41.50 ABACx54@41.50 ACCOx54@41.50 ACADx54@41.50 ADBEx54@41.50 
Purchases: ABCDx54@41.50 ABACx54@41.50 ACCOx54@41.50 ACADx54@41.50 ADBEx54@41.50 

2013-03-25
Cash: 43.75
Held: ABCDx54@41.41 ABACx54@41.41 ACCOx54@41.41 ACADx54@41.41 ADBEx54@41.41 
Value: 11223.44
Sales: ABCDx54@41.41 ABACx54@41.41 ACCOx54@41.41 ACADx54@41.41 ADBEx54@41.41 
Purchases: ABCDx54@41.41 ABACx54@41.41 ACCOx54@41.41 ACADx54@41.41 ADBEx54@41.41 

2013-03-26
Cash: 43.75
Held: ABCDx54@41.41 ABACx54@41.41 ACCOx54@41.41 ACADx54@41.41 ADBEx54@41.41 
Value: 11223.44
Sales: ABCDx54@41.41 ABACx54@41.41 ACCOx54@41.41 ACADx54@41.41 ADBEx54@41.41 
Purchases: ABCDx54@41.41 ABACx54@41.41 ACCOx54@41.41 ACADx54@41.41 ADBEx54@41.41 

2013-03-27
Cash: 43.75
Held: ABCDx54@42.09 ABACx54@42.09 ACCOx54@42.09 ACADx54@42.09 ADBEx54@42.09 
Value: 11409.06
Sales: ABCDx54@42.09 ABACx54@42.09 ACCOx54@42.09 ACADx54@42.09 ADBEx54@42.09 
Purchases: ABCDx54@42.09 ABACx54@42.09 ACCOx54@42.09 ACADx54@42.09 ADBEx54@42.09 

2013-03-31
Cash: 43.75
Held: ABCDx54@41.84 ABACx54@41.84 ACCOx54@41.84 ACADx54@41.84 ADBEx54@41.84 
Value: 11341.56
Sales: ABCDx54@41.84 ABACx54@41.84 ACCOx54@41.84 ACADx54@41.84 ADBEx54@41.84 
Purchases: ABCDx54@41.84 ABACx54@41.84 ACCOx54@41.84 ACADx54@41.84 ADBEx54@41.84 

2013-04-01
Cash: 43.75
Held: ABCDx54@41.12 ABACx54@41.12 ACCOx54@41.12 ACADx54@41.12 ADBEx54@41.12 
Value: 11147.50
Sales: ABCDx54@41.12 ABACx54@41.12 ACCOx54@41.12 ACADx54@41.12 ADBEx54@41.12 
Purchases: ABCDx54@41.12 ABACx54@41.12 ACCOx54@41.12 ACADx54@41.12 ADBEx54@41.12 

2013-04-02
Cash: 43.75
Held: ABCDx54@40.62 ABACx54@40.62 ACCOx54@40.62 ACADx54@40.62 ADBEx54@40.62 
Value: 11012.50
Sales: ABCDx54@40.62 ABACx54@40.62 ACCOx54@40.62 ACADx54@40.62 ADBEx54@40.62 
Purchases: ABCDx54@40.62 ABACx54@40.62 ACCOx54@40.62 ACADx54@40.62 ADBEx54@40.62 

2013-04-03
Cash: 43.75
Held: ABCDx54@40.53 ABACx54@40.53 ACCOx54@40.53 ACADx54@40.53 ADBEx54@40.53 
Value: 10987.19
Sales: ABCDx54@40.53 ABACx54@40.53 ACCOx54@40.53 ACADx54@40.53 ADBEx54@40.53 
Purchases: ABCDx54@40.53 ABACx54@40.53 ACCOx54@40.53 ACADx54@40.53 ADBEx54@40.53 

2013-04-04
Cash: 43.75
Held: ABCDx54@40.72 ABACx54@40.72 ACCOx54@40.72 ACADx54@40.72 ADBEx54@40.72 
Value: 11037.81
Sales: ABCDx54@40.72 ABACx54@40.72 ACCOx54@40.72 ACADx54@40.72 ADBEx54@40.72 
Purchases: ABCDx54@40.72 ABACx54@40.72 ACCOx54@40.72 ACADx54@40.72 ADBEx54@40.72 

2013-04-07
Cash: 43.75
Held: ABCDx54@41.50 ABACx54@41.50 ACCOx54@41.50 ACADx54@41.50 ADBEx54@41.50 
Value: 11248.75
Sales: ABCDx54@41.50 ABACx54@41.50 ACCOx54@41.50 ACADx54@41.50 ADBEx54@41.50 
Purchases: ABCDx54@41.50 ABACx54@41.50 ACCOx54@41.50 ACADx54@41.50 ADBEx54@41.50 

2013-04-08
Cash: 43.75
Held: ABCDx54@41.72 ABACx54@41.72 ACCOx54@41.72 ACADx54@41.72 ADBEx54@41.72 
Value: 11307.81
Sales: ABCDx54@41.72 ABACx54@41.72 ACCOx54@41.72 ACADx54@41.72 ADBEx54@41.72 
Purchases: ABCDx54@41.72 ABACx54@41.72 ACCOx54@41.72 ACADx54@41.72 ADBEx54@41.72 

2013-04-09
Cash: 43.75
Held: ABCDx54@41.72 ABACx54@41.72 ACCOx54@41.72 ACADx54@41.72 ADBEx54@41.72 
Value: 11307.81
Sales: ABCDx54@41.72 ABACx54@41.72 ACCOx54@41.72 ACADx54@41.72 ADBEx54@41.72 
Purchases: ABCDx54@41.72 ABACx54@41.72 ACCOx54@41.72 ACADx54@41.72 ADBEx54@41.72 

2013-04-10
Cash: 43.75
Held: ABCDx54@42.34 ABACx54@42.34 ACCOx54@42.34 ACADx54@42.34 ADBEx54@42.34 
Value: 11476.56
Sales: ABCDx54@42.34 ABACx54@42.34 ACCOx54@42.34 ACADx54@42.34 ADBEx54@42.34 
Purchases: ABCDx54@42.34 ABACx54@42.34 ACCOx54@42.34 ACADx54@42.34 ADBEx54@42.34 

2013-04-11
Cash: 43.75
Held: ABCDx54@43.53 ABACx54@43.53 ACCOx54@43.53 ACADx54@43.53 ADBEx54@43.53 
Value: 11797.19
Sales: ABCDx54@43.53 ABACx54@43.53 ACCOx54@43.53 ACADx54@43.53 ADBEx54@43.53 
Purchases: ABCDx54@43.53 ABACx54@43.53 ACCOx54@43.53 ACADx54@43.53 ADBEx54@43.53 

2013-04-14
Cash: 43.75
Held: ABCDx54@44.50 ABACx54@44.50 ACCOx54@44.50 ACADx54@44.50 ADBEx54@44.50 
Value: 12058.75
Sales: ABCDx54@44.50 ABACx54@44.50 ACCOx54@44.50 ACADx54@44.50 ADBEx54@44.50 
Purchases: ABCDx54@44.50 ABACx54@44.50 ACCOx54@44.50 ACADx54@44.50 ADBEx54@44.50 

2013-04-15
Cash: 43.75
Held: ABCDx54@43.47 ABACx54@43.47 ACCOx54@43.47 ACADx54@43.47 ADBEx54@43.47 
Value: 11780.31
Sales: ABCDx54@43.47 ABACx54@43.47 ACCOx54@43.47 ACADx54@43.47 ADBEx54@43.47 
Purchases: ABCDx54@43.47 ABACx54@43.47 ACCOx54@43.47 ACADx54@43.47 ADBEx54@43.47 

2013-04-16
Cash: 43.75
Held: ABCDx54@43.09 ABACx54@43.09 ACCOx54@43.09 ACADx54@43.09 ADBEx54@43.09 
Value: 11679.06
Sales: ABCDx54@43.09 ABACx54@43.09 ACCOx54@43.09 ACADx54@43.09 ADBEx54@43.09 
Purchases: ABCDx54@43.09 ABACx54@43.09 ACCOx54@43.09 ACADx54@43.09 ADBEx54@43.09 

2013-04-17
Cash: 43.75
Held: ABCDx54@41.78 ABACx54@41.78 ACCOx54@41.78 ACADx54@41.78 ADBEx54@41.78 
Value: 11324.69
Sales: ABCDx54@41.78 ABACx54@41.78 ACCOx54@41.78 ACADx54@41.78 ADBEx54@41.78 
Purchases: ABCDx54@41.78 ABACx54@41.78 ACCOx54@41.78 ACADx54@41.78 ADBEx54@41.78 

2013-04-18
Cash: 43.75
Held: ABCDx54@41.88 ABACx54@41.88 ACCOx54@41.88 ACADx54@41.88 ADBEx54@41.88 
Value: 11350.00
Sales: ABCDx54@41.88 ABACx54@41.88 ACCOx54@41.88 ACADx54@41.88 ADBEx54@41.88 
Purchases: ABCDx54@41.88 ABACx54@41.88 ACCOx54@41.88 ACADx54@41.88 ADBEx54@41.88 

2013-04-21
Cash: 43.75
Held: ABCDx54@42.03 ABACx54@42.03 ACCOx54@42.03 ACADx54@42.03 ADBEx54@42.03 
Value: 11392.19
Sales: ABCDx54@42.03 ABACx54@42.03 ACCOx54@42.03 ACADx54@42.03 ADBEx54@42.03 
Purchases: ABCDx54@42.03 ABACx54@42.03 ACCOx54@42.03 ACADx54@42.03 ADBEx54@42.03 

2013-04-22
Cash: 43.75
Held: ABCDx54@42.22 ABACx54@42.22 ACCOx54@42.22 ACADx54@42.22 ADBEx54@42.22 
Value: 11442.81
Sales: ABCDx54@42.22 ABACx54@42.22 ACCOx54@42.22 ACADx54@42.22 ADBEx54@42.22 
Purchases: ABCDx54@42.22 ABACx54@42.22 ACCOx54@42.22 ACADx54@42.22 ADBEx54@42.22 

2013-04-23
Cash: 43.75
Held: ABCDx54@42.72 ABACx54@42.72 ACCOx54@42.72 ACADx54@42.72 ADBEx54@42.72 
Value: 11577.81
Sales: ABCDx54@42.72 ABACx54@42.72 ACCOx54@42.72 ACADx54@42.72 ADBEx54@42.72 
Purchases: ABCDx54@42.72 ABACx54@42.72 ACCOx54@42.72 ACADx54@42.72 ADBEx54@42.72 

2013-04-24
Cash: 43.75
Held: ABCDx54@43.06 ABACx54@43.06 ACCOx54@43.06 ACADx54@43.06 ADBEx54@43.06 
Value: 11670.62
Sales: ABCDx54@43.06 ABACx54@43.06 ACCOx54@43.06 ACADx54@43.06 ADBEx54@43.06 
Purchases: ABCDx54@43.06 ABACx54@43.06 ACCOx54@43.06 ACADx54@43.06 ADBEx54@43.06 

2013-04-25
Cash: 43.75
Held: ABCDx54@42.44 ABACx54@42.44 ACCOx54@42.44 ACADx54@42.44 ADBEx54@42.44 
Value: 11501.88
Sales: ABCDx54@42.44 ABACx54@42.44 ACCOx54@42.44 ACADx54@42.44 ADBEx54@42.44 
Purchases: ABCDx54@42.44 ABACx54@42.44 ACCOx54@42.44 ACADx54@42.44 ADBEx54@42.44 

2013-04-28
Cash: 43.75
Held: ABCDx54@41.62 ABACx54@41.62 ACCOx54@41.62 ACADx54@41.62 ADBEx54@41.62 
Value: 11282.50
Sales: ABCDx54@41.62 ABACx54@41.62 ACCOx54@41.62 ACADx54@41.62 ADBEx54@41.62 
Purchases: ABCDx54@41.62 ABACx54@41.62 ACCOx54@41.62 ACADx54@41.62 ADBEx54@41.62 

2013-04-29
Cash: 43.75
Held: ABCDx54@41.19 ABACx54@41.19 ACCOx54@41.19 ACADx54@41.19 ADBEx54@41.19 
Value: 11164.38
Sales: ABCDx54@41.19 ABACx54@41.19 ACCOx54@41.19 ACADx54@41.19 ADBEx54@41.19 
Purchases: ABCDx54@41.19 ABACx54@41.19 ACCOx54@41.19 ACADx54@41.19 ADBEx54@41.19 

2013-04-30
Cash: 43.75
Held: ABCDx54@41.41 ABACx54@41.41 ACCOx54@41.41 ACADx54@41.41 ADBEx54@41.41 
Value: 11223.44
Sales: ABCDx54@41.41 ABACx54@41.41 ACCOx54@41.41 ACADx54@41.41 ADBEx54@41.41 
Purchases: ABCDx54@41.41 ABACx54@41.41 ACCOx54@41.41 ACADx54@41.41 ADBEx54@41.41 

2013-05-01
Cash: 43.75
Held: ABCDx54@41.50 ABACx54@41.50 ACCOx54@41.50 ACADx54@41.50 ADBEx54@41.50 
Value: 11248.75
Sales: ABCDx54@41.50 ABACx54@41.50 ACCOx54@41.50 ACADx54@41.50 ADBEx54@41.50 
Purchases: ABCDx54@41.50 ABACx54@41.50 ACCOx54@41.50 ACADx54@41.50 ADBEx54@41.50 

2013-05-02
Cash: 43.75
Held: ABCDx54@41.94 ABACx54@41.94 ACCOx54@41.94 ACADx54@41.94 ADBEx54@41.94 
Value: 11366.88
Sales: ABCDx54@41.94 ABACx54@41.94 ACCOx54@41.94 ACADx54@41.94 ADBEx54@41.94 
Purchases: ABCDx54@41.94 ABACx54@41.94 ACCOx54@41.94 ACADx54@41.94 ADBEx54@41.94 

2013-05-05
Cash: 43.75
Held: ABCDx54@41.44 ABACx54@41.44 ACCOx54@41.44 ACADx54@41.44 ADBEx54@41.44 
Value: 11231.88
Sales: ABCDx54@41.44 ABACx54@41.44 ACCOx54@41.44 ACADx54@41.44 ADBEx54@41.44 
Purchases: ABCDx54@41.44 ABACx54@41.44 ACCOx54@41.44 ACADx54@41.44 ADBEx54@41.44 

2013-05-06
Cash: 43.75
Held: ABCDx54@42.19 ABACx54@42.19 ACCOx54@42.19 ACADx54@42.19 ADBEx54@42.19 
Value: 11434.38
Sales: ABCDx54@42.19 ABACx54@42.19 ACCOx54@42.19 ACADx54@42.19 ADBEx54@42.19 
Purchases: ABCDx54@42.19 ABACx54@42.19 ACCOx54@42.19 ACADx54@42.19 ADBEx54@42.19 

2013-05-07
Cash: 43.75
Held: ABCDx54@42.41 ABACx54@42.41 ACCOx54@42.41 ACADx54@42.41 ADBEx54@42.41 
Value: 11493.44
Sales: ABCDx54@42.41 ABACx54@42.41 ACCOx54@42.41 ACADx54@42.41 ADBEx54@42.41 
Purchases: ABCDx54@42.41 ABACx54@42.41 ACCOx54@42.41 ACADx54@42.41 ADBEx54@42.41 

2013-05-08
Cash: 43.75
Held: ABCDx54@42.97 ABACx54@42.97 ACCOx54@42.97 ACADx54@42.97 ADBEx54@42.97 
Value: 11645.31
Sales: ABCDx54@42.97 ABACx54@42.97 ACCOx54@42.97 ACADx54@42.97 ADBEx54@42.97 
Purchases: ABCDx54@42.97 ABACx54@42.97 ACCOx54@42.97 ACADx54@42.97 ADBEx54@42.97 

2013-05-09
Cash: 43.75
Held: ABCDx54@43.12 ABACx54@43.12 ACCOx54@43.12 ACADx54@43.12 ADBEx54@43.12 
Value: 11687.50
Sales: ABCDx54@43.12 ABACx54@43.12 ACCOx54@43.12 ACADx54@43.12 ADBEx54@43.12 
Purchases: ABCDx54@43.12 ABACx54@43.12 ACCOx54@43.12 ACADx54@43.12 ADBEx54@43.12 

2013-05-12
Cash: 43.75
Held: ABCDx54@43.44 ABACx54@43.44 ACCOx54@43.44 ACADx54@43.44 ADBEx54@43.44 
Value: 11771.88
Sales: ABCDx54@43.44 ABACx54@43.44 ACCOx54@43.44 ACADx54@43.44 ADBEx54@43.44 
Purchases: ABCDx54@43.44 ABACx54@43.44 ACCOx54@43.44 ACADx54@43.44 ADBEx54@43.44 

2013-05-13
Cash: 43.75
Held: ABCDx54@42.97 ABACx54@42.97 ACCOx54@42.97 ACADx54@42.97 ADBEx54@42.97 
Value: 11645.31
Sales: ABCDx54@42.97 ABACx54@42.97 ACCOx54@42.97 ACADx54@42.97 ADBEx54@42.97 
Purchases: ABCDx54@42.97 ABACx54@42.97 ACCOx54@42.97 ACADx54@42.97 ADBEx54@42.97 

2013-05-14
Cash: 43.75
Held: ABCDx54@44.91 ABACx54@44.91 ACCOx54@44.91 ACADx54@44.91 ADBEx54@44.91 
Value: 12168.44
Sales: ABCDx54@44.91 ABACx54@44.91 ACCOx54@44.91 ACADx54@44.91 ADBEx54@44.91 
Purchases: ABCDx54@44.91 ABACx54@44.91 ACCOx54@44.91 ACADx54@44.91 ADBEx54@44.91 

2013-05-15
Cash: 43.75
Held: ABCDx54@45.44 ABACx54@45.44 ACCOx54@45.44 ACADx54@45.44 ADBEx54@45.44 
Value: 12311.88
Sales: ABCDx54@45.44 ABACx54@45.44 ACCOx54@45.44 ACADx54@45.44 ADBEx54@45.44 
Purchases: ABCDx54@45.44 ABACx54@45.44 ACCOx54@45.44 ACADx54@45.44 ADBEx54@45.44 

2013-05-16
Cash: 43.75
Held: ABCDx54@45.03 ABACx54@45.03 ACCOx54@45.03 ACADx54@45.03 ADBEx54@45.03 
Value: 12202.19
Sales: ABCDx54@45.03 ABACx54@45.03 ACCOx54@45.03 ACADx54@45.03 ADBEx54@45.03 
Purchases: ABCDx54@45.03 ABACx54@45.03 ACCOx54@45.03 ACADx54@45.03 ADBEx54@45.03 

2013-05-19
Cash: 43.75
Held: ABCDx54@45.47 ABACx54@45.47 ACCOx54@45.47 ACADx54@45.47 ADBEx54@45.47 
Value: 12320.31
Sales: ABCDx54@45.47 ABACx54@45.47 ACCOx54@45.47 ACADx54@45.47 ADBEx54@45.47 
Purchases: ABCDx54@45.47 ABACx54@45.47 ACCOx54@45.47 ACADx54@45.47 ADBEx54@45.47 

2013-05-20
Cash: 43.75
Held: ABCDx54@46.31 ABACx54@46.31 ACCOx54@46.31 ACADx54@46.31 ADBEx54@46.31 
Value: 12548.12
Sales: ABCDx54@46.31 ABACx54@46.31 ACCOx54@46.31 ACADx54@46.31 ADBEx54@46.31 
Purchases: ABCDx54@46.31 ABACx54@46.31 ACCOx54@46.31 ACADx54@46.31 ADBEx54@46.31 

2013-05-21
Cash: 43.75
Held: ABCDx54@46.72 ABACx54@46.72 ACCOx54@46.72 ACADx54@46.72 ADBEx54@46.72 
Value: 12657.81
Sales: ABCDx54@46.72 ABACx54@46.72 ACCOx54@46.72 ACADx54@46.72 ADBEx54@46.72 
Purchases: ABCDx54@46.72 ABACx54@46.72 ACCOx54@46.72 ACADx54@46.72 ADBEx54@46.72 

2013-05-22
Cash: 43.75
Held: ABCDx54@45.69 ABACx54@45.69 ACCOx54@45.69 ACADx54@45.69 ADBEx54@45.69 
Value: 12379.38
Sales: ABCDx54@45.69 ABACx54@45.69 ACCOx54@45.69 ACADx54@45.69 ADBEx54@45.69 
Purchases: ABCDx54@45.69 ABACx54@45.69 ACCOx54@45.69 ACADx54@45.69 ADBEx54@45.69 

2013-05-23
Cash: 43.75
Held: ABCDx54@45.38 ABACx54@45.38 ACCOx54@45.38 ACADx54@45.38 ADBEx54@45.38 
Value: 12295.00
Sales: ABCDx54@45.38 ABACx54@45.38 ACCOx54@45.38 ACADx54@45.38 ADBEx54@45.38 
Purchases: ABCDx54@45.38 ABACx54@45.38 ACCOx54@45.38 ACADx54@45.38 ADBEx54@45.38 

2013-05-27
Cash: 43.75
Held: ABCDx54@46.09 ABACx54@46.09 ACCOx54@46.09 ACADx54@46.09 ADBEx54@46.09 
Value: 12489.06
Sales: ABCDx54@46.09 ABACx54@46.09 ACCOx54@46.09 ACADx54@46.09 ADBEx54@46.09 
Purchases: ABCDx54@46.09 ABACx54@46.09 ACCOx54@46.09 ACADx54@46.09 ADBEx54@46.09 

2013-05-28
Cash: 43.75
Held: ABCDx54@45.97 ABACx54@45.97 ACCOx54@45.97 ACADx54@45.97 ADBEx54@45.97 
Value: 12455.31
Sales: ABCDx54@45.97 ABACx54@45.97 ACCOx54@45.97 ACADx54@45.97 ADBEx54@45.97 
Purchases: ABCDx54@45.97 ABACx54@45.97 ACCOx54@45.97 ACADx54@45.97 ADBEx54@45.97 

2013-05-29
Cash: 43.75
Held: ABCDx54@46.22 ABACx54@46.22 ACCOx54@46.22 ACADx54@46.22 ADBEx54@46.22 
Value: 12522.81
Sales: ABCDx54@46.22 ABACx54@46.22 ACCOx54@46.22 ACADx54@46.22 ADBEx54@46.22 
Purchases: ABCDx54@46.22 ABACx54@46.22 ACCOx54@46.22 ACADx54@46.22 ADBEx54@46.22 

2013-05-30
Cash: 43.75
Held: ABCDx54@45.91 ABACx54@45.91 ACCOx54@45.91 ACADx54@45.91 ADBEx54@45.91 
Value: 12438.44
Sales: ABCDx54@45.91 ABACx54@45.91 ACCOx54@45.91 ACADx54@45.91 ADBEx54@45.91 
Purchases: ABCDx54@45.91 ABACx54@45.91 ACCOx54@45.91 ACADx54@45.91 ADBEx54@45.91 

2013-06-02
Cash: 43.75
Held: ABCDx54@45.66 ABACx54@45.66 ACCOx54@45.66 ACADx54@45.66 ADBEx54@45.66 
Value: 12370.94
Sales: ABCDx54@45.66 ABACx54@45.66 ACCOx54@45.66 ACADx54@45.66 ADBEx54@45.66 
Purchases: ABCDx54@45.66 ABACx54@45.66 ACCOx54@45.66 ACADx54@45.66 ADBEx54@45.66 

2013-06-03
Cash: 43.75
Held: ABCDx54@46.19 ABACx54@46.19 ACCOx54@46.19 ACADx54@46.19 ADBEx54@46.19 
Value: 12514.38
Sales: ABCDx54@46.19 ABACx54@46.19 ACCOx54@46.19 ACADx54@46.19 ADBEx54@46.19 
Purchases: ABCDx54@46.19 ABACx54@46.19 ACCOx54@46.19 ACADx54@46.19 ADBEx54@46.19 

2013-06-04
Cash: 43.75
Held: ABCDx54@45.31 ABACx54@45.31 ACCOx54@45.31 ACADx54@45.31 ADBEx54@45.31 
Value: 12278.12
Sales: ABCDx54@45.31 ABACx54@45.31 ACCOx54@45.31 ACADx54@45.31 ADBEx54@45.31 
Purchases: ABCDx54@45.31 ABACx54@45.31 ACCOx54@45.31 ACADx54@45.31 ADBEx54@45.31 

2013-06-05
Cash: 43.75
Held: ABCDx54@44.50 ABACx54@44.50 ACCOx54@44.50 ACADx54@44.50 ADBEx54@44.50 
Value: 12058.75
Sales: ABCDx54@44.50 ABACx54@44.50 ACCOx54@44.50 ACADx54@44.50 ADBEx54@44.50 
Purchases: ABCDx54@44.50 ABACx54@44.50 ACCOx54@44.50 ACADx54@44.50 ADBEx54@44.50 

2013-06-06
Cash: 43.75
Held: ABCDx54@45.16 ABACx54@45.16 ACCOx54@45.16 ACADx54@45.16 ADBEx54@45.16 
Value: 12235.94
Sales: ABCDx54@45.16 ABACx54@45.16 ACCOx54@45.16 ACADx54@45.16 ADBEx54@45.16 
Purchases: ABCDx54@45.16 ABACx54@45.16 ACCOx54@45.16 ACADx54@45.16 ADBEx54@45.16 

2013-06-09
Cash: 43.75
Held: ABCDx54@45.34 ABACx54@45.34 ACCOx54@45.34 ACADx54@45.34 ADBEx54@45.34 
Value: 12286.56
Sales: ABCDx54@45.34 ABACx54@45.34 ACCOx54@45.34 ACADx54@45.34 ADBEx54@45.34 
Purchases: ABCDx54@45.34 ABACx54@45.34 ACCOx54@45.34 ACADx54@45.34 ADBEx54@45.34 

2013-06-10
Cash: 43.75
Held: ABCDx54@44.22 ABACx54@44.22 ACCOx54@44.22 ACADx54@44.22 ADBEx54@44.22 
Value: 11982.81
Sales: ABCDx54@44.22 ABACx54@44.22 ACCOx54@44.22 ACADx54@44.22 ADBEx54@44.22 
Purchases: ABCDx54@44.22 ABACx54@44.22 ACCOx54@44.22 ACADx54@44.22 ADBEx54@44.22 

2013-06-11
Cash: 43.75
Held: ABCDx54@44.78 ABACx54@44.78 ACCOx54@44.78 ACADx54@44.78 ADBEx54@44.78 
Value: 12134.69
Sales: ABCDx54@44.78 ABACx54@44.78 ACCOx54@44.78 ACADx54@44.78 ADBEx54@44.78 
Purchases: ABCDx54@44.78 ABACx54@44.78 ACCOx54@44.78 ACADx54@44.78 ADBEx54@44.78 

2013-06-12
Cash: 43.75
Held: ABCDx54@43.88 ABACx54@43.88 ACCOx54@43.88 ACADx54@43.88 ADBEx54@43.88 
Value: 11890.00
Sales: ABCDx54@43.88 ABACx54@43.88 ACCOx54@43.88 ACADx54@43.88 ADBEx54@43.88 
Purchases: ABCDx54@43.88 ABACx54@43.88 ACCOx54@43.88 ACADx54@43.88 ADBEx54@43.88 

2013-06-13
Cash: 43.75
Held: ABCDx54@44.34 ABACx54@44.34 ACCOx54@44.34 ACADx54@44.34 ADBEx54@44.34 
Value: 12016.56
Sales: ABCDx54@44.34 ABACx54@44.34 ACCOx54@44.34 ACADx54@44.34 ADBEx54@44.34 
Purchases: ABCDx54@44.34 ABACx54@44.34 ACCOx54@44.34 ACADx54@44.34 ADBEx54@44.34 

2013-06-16
Cash: 43.75
Held: ABCDx54@44.38 ABACx54@44.38 ACCOx54@44.38 ACADx54@44.38 ADBEx54@44.38 
Value: 12025.00
Sales: ABCDx54@44.38 ABACx54@44.38 ACCOx54@44.38 ACADx54@44.38 ADBEx54@44.38 
Purchases: ABCDx54@44.38 ABACx54@44.38 ACCOx54@44.38 ACADx54@44.38 ADBEx54@44.38 

2013-06-17
Cash: 43.75
Held: ABCDx54@44.38 ABACx54@44.38 ACCOx54@44.38 ACADx54@44.38 ADBEx54@44.38 
Value: 12025.00
Sales: ABCDx54@44.38 ABACx54@44.38 ACCOx54@44.38 ACADx54@44.38 ADBEx54@44.38 
Purchases: ABCDx54@44.38 ABACx54@44.38 ACCOx54@44.38 ACADx54@44.38 ADBEx54@44.38 

2013-06-18
Cash: 43.75
Held: ABCDx54@44.75 ABACx54@44.75 ACCOx54@44.75 ACADx54@44.75 ADBEx54@44.75 
Value: 12126.25
Sales: ABCDx54@44.75 ABACx54@44.75 ACCOx54@44.75 ACADx54@44.75 ADBEx54@44.75 
Purchases: ABCDx54@44.75 ABACx54@44.75 ACCOx54@44.75 ACADx54@44.75 ADBEx54@44.75 

2013-06-19
Cash: 43.75
Held: ABCDx54@43.12 ABACx54@43.12 ACCOx54@43.12 ACADx54@43.12 ADBEx54@43.12 
Value: 11687.50
Sales: ABCDx54@43.12 ABACx54@43.12 ACCOx54@43.12 ACADx54@43.12 ADBEx54@43.12 
Purchases: ABCDx54@43.12 ABACx54@43.12 ACCOx54@43.12 ACADx54@43.12 ADBEx54@43.12 

2013-06-20
Cash: 43.75
Held: ABCDx54@42.59 ABACx54@42.59 ACCOx54@42.59 ACADx54@42.59 ADBEx54@42.59 
Value: 11544.06
Sales: ABCDx54@42.59 ABACx54@42.59 ACCOx54@42.59 ACADx54@42.59 ADBEx54@42.59 
Purchases: ABCDx54@42.59 ABACx54@42.59 ACCOx54@42.59 ACADx54@42.59 ADBEx54@42.59 

2013-06-23
Cash: 43.75
Held: ABCDx54@42.44 ABACx54@42.44 ACCOx54@42.44 ACADx54@42.44 ADBEx54@42.44 
Value: 11501.88
Sales: ABCDx54@42.44 ABACx54@42.44 ACCOx54@42.44 ACADx54@42.44 ADBEx54@42.44 
Purchases: ABCDx54@42.44 ABACx54@42.44 ACCOx54@42.44 ACADx54@42.44 ADBEx54@42.44 

2013-06-24
Cash: 43.75
Held: ABCDx54@42.00 ABACx54@42.00 ACCOx54@42.00 ACADx54@42.00 ADBEx54@42.00 
Value: 11383.75
Sales: ABCDx54@42.00 ABACx54@42.00 ACCOx54@42.00 ACADx54@42.00 ADBEx54@42.00 
Purchases: ABCDx54@42.00 ABACx54@42.00 ACCOx54@42.00 ACADx54@42.00 ADBEx54@42.00 

2013-06-25
Cash: 43.75
Held: ABCDx54@43.09 ABACx54@43.09 ACCOx54@43.09 ACADx54@43.09 ADBEx54@43.09 
Value: 11679.06
Sales: ABCDx54@43.09 ABACx54@43.09 ACCOx54@43.09 ACADx54@43.09 ADBEx54@43.09 
Purchases: ABCDx54@43.09 ABACx54@43.09 ACCOx54@43.09 ACADx54@43.09 ADBEx54@43.09 

2013-06-26
Cash: 43.75
Held: ABCDx54@42.56 ABACx54@42.56 ACCOx54@42.56 ACADx54@42.56 ADBEx54@42.56 
Value: 11535.62
Sales: ABCDx54@42.56 ABACx54@42.56 ACCOx54@42.56 ACADx54@42.56 ADBEx54@42.56 
Purchases: ABCDx54@42.56 ABACx54@42.56 ACCOx54@42.56 ACADx54@42.56 ADBEx54@42.56 

2013-06-27
Cash: 43.75
Held: ABCDx54@43.00 ABACx54@43.00 ACCOx54@43.00 ACADx54@43.00 ADBEx54@43.00 
Value: 11653.75
Sales: ABCDx54@43.00 ABACx54@43.00 ACCOx54@43.00 ACADx54@43.00 ADBEx54@43.00 
Purchases: ABCDx54@43.00 ABACx54@43.00 ACCOx54@43.00 ACADx54@43.00 ADBEx54@43.00 

2013-06-30
Cash: 43.75
Held: ABCDx54@43.06 ABACx54@43.06 ACCOx54@43.06 ACADx54@43.06 ADBEx54@43.06 
Value: 11670.62
Sales: ABCDx54@43.06 ABACx54@43.06 ACCOx54@43.06 ACADx54@43.06 ADBEx54@43.06 
Purchases: ABCDx54@43.06 ABACx54@43.06 ACCOx54@43.06 ACADx54@43.06 ADBEx54@43.06 

2013-07-01
Cash: 43.75
Held: ABCDx54@43.50 ABACx54@43.50 ACCOx54@43.50 ACADx54@43.50 ADBEx54@43.50 
Value: 11788.75
Sales: ABCDx54@43.50 ABACx54@43.50 ACCOx54@43.50 ACADx54@43.50 ADBEx54@43.50 
Purchases: ABCDx54@43.50 ABACx54@43.50 ACCOx54@43.50 ACADx54@43.50 ADBEx54@43.50 

2013-07-02
Cash: 43.75
Held: ABCDx54@42.81 ABACx54@42.81 ACCOx54@42.81 ACADx54@42.81 ADBEx54@42.81 
Value: 11603.12
Sales: ABCDx54@42.81 ABACx54@42.81 ACCOx54@42.81 ACADx54@42.81 ADBEx54@42.81 
Purchases: ABCDx54@42.81 ABACx54@42.81 ACCOx54@42.81 ACADx54@42.81 ADBEx54@42.81 

2013-07-04
Cash: 43.75
Held: ABCDx54@43.47 ABACx54@43.47 ACCOx54@43.47 ACADx54@43.47 ADBEx54@43.47 
Value: 11780.31
Sales: ABCDx54@43.47 ABACx54@43.47 ACCOx54@43.47 ACADx54@43.47 ADBEx54@43.47 
Purchases: ABCDx54@43.47 ABACx54@43.47 ACCOx54@43.47 ACADx54@43.47 ADBEx54@43.47 

2013-07-07
Cash: 43.75
Held: ABCDx54@44.38 ABACx54@44.38 ACCOx54@44.38 ACADx54@44.38 ADBEx54@44.38 
Value: 12025.00
Sales: ABCDx54@44.38 ABACx54@44.38 ACCOx54@44.38 ACADx54@44.38 ADBEx54@44.38 
Purchases: ABCDx54@44.38 ABACx54@44.38 ACCOx54@44.38 ACADx54@44.38 ADBEx54@44.38 

2013-07-08
Cash: 43.75
Held: ABCDx54@44.59 ABACx54@44.59 ACCOx54@44.59 ACADx54@44.59 ADBEx54@44.59 
Value: 12084.06
Sales: ABCDx54@44.59 ABACx54@44.59 ACCOx54@44.59 ACADx54@44.59 ADBEx54@44.59 
Purchases: ABCDx54@44.59 ABACx54@44.59 ACCOx54@44.59 ACADx54@44.59 ADBEx54@44.59 

2013-07-09
Cash: 43.75
Held: ABCDx54@44.62 ABACx54@44.62 ACCOx54@44.62 ACADx54@44.62 ADBEx54@44.62 
Value: 12092.50
Sales: ABCDx54@44.62 ABACx54@44.62 ACCOx54@44.62 ACADx54@44.62 ADBEx54@44.62 
Purchases: ABCDx54@44.62 ABACx54@44.62 ACCOx54@44.62 ACADx54@44.62 ADBEx54@44.62 

2013-07-10
Cash: 43.75
Held: ABCDx54@45.69 ABACx54@45.69 ACCOx54@45.69 ACADx54@45.69 ADBEx54@45.69 
Value: 12379.38
Sales: ABCDx54@45.69 ABACx54@45.69 ACCOx54@45.69 ACADx54@45.69 ADBEx54@45.69 
Purchases: ABCDx54@45.69 ABACx54@45.69 ACCOx54@45.69 ACADx54@45.69 ADBEx54@45.69 

