2012-02-16
Cash: 10000.00
Held: 
Value: 10000.00
Sales: 
Purchases: MNSTx37@52.75 CLBSx3077@0.65 BBWx327@6.10 ANIPx2409@0.83 SINOx649@3.08 

2012-02-20
Cash: 54.66
Held: BBWx327@5.98 ANIPx2409@0.81 MNSTx37@53.34 CLBSx3077@0.67 SINOx649@3.22 
Value: 10087.01
Sales: BBWx327@5.98 MNSTx37@53.34 SINOx649@3.22 ANIPx2409@0.81 CLBSx3077@0.67 
Purchases: IOx280@7.18 FBPx537@3.75 RPx97@20.72 HMNYx816@2.47 RTNBx2123@0.95 

2012-02-21
Cash: 19.87
Held: RPx97@20.00 IOx280@7.20 FBPx537@3.93 HMNYx816@2.46 RTNBx2123@1.00 
Value: 10217.02
Sales: FBPx537@3.93 RPx97@20.00 HMNYx816@2.46 IOx280@7.20 RTNBx2123@1.00 
Purchases: EMITFx36@56.59 DISCBx41@49.03 AXNx3929@0.52 PLBCx876@2.33 SNPx18@112.88 

2012-02-22
Cash: 53.31
Held: DISCBx41@49.03 PLBCx876@2.90 SNPx18@113.50 AXNx3929@0.52 EMITFx36@57.00 
Value: 10742.49
Sales: EMITFx36@57.00 DISCBx41@49.03 AXNx3929@0.52 PLBCx876@2.90 SNPx18@113.50 
Purchases: FBMSx232@9.26 LPTHx1615@1.33 TGTXx10232@0.21 SKLNx15344@0.14 ARTWx295@7.28 

2012-02-23
Cash: 1.92
Held: ARTWx295@7.91 FBMSx232@9.15 SKLNx15344@0.13 LPTHx1615@1.44 TGTXx10232@0.17 
Value: 10518.84
Sales: FBMSx232@9.15 LPTHx1615@1.44 TGTXx10232@0.17 SKLNx15344@0.13 ARTWx295@7.91 
Purchases: JKSx260@8.07 MLSSx5260@0.40 CLNTx751@2.80 MSLIx1244@1.69 ICONx113@18.52 

2012-02-26
Cash: 18.52
Held: MLSSx5260@0.33 JKSx260@7.70 ICONx113@18.31 MSLIx1244@1.73 CLNTx751@2.80 
Value: 10081.93
Sales: MLSSx5260@0.33 CLNTx751@2.80 ICONx113@18.31 MSLIx1244@1.73 JKSx260@7.70 
Purchases: KNDx190@10.56 RBCNx203@9.90 TOPSx665@3.03 PKDx308@6.53 FORDx819@2.46 

2012-02-27
Cash: 24.06
Held: TOPSx665@3.16 FORDx819@2.43 KNDx190@10.79 RBCNx203@9.41 PKDx308@6.45 
Value: 10061.23
Sales: KNDx190@10.79 RBCNx203@9.41 TOPSx665@3.16 PKDx308@6.45 FORDx819@2.43 
Purchases: INTx46@43.25 HILx348@5.77 LIVEx435@4.62 LINKx300@6.70 GGALx295@6.82 

2012-02-28
Cash: 32.00
Held: LIVEx435@4.52 GGALx295@7.09 INTx46@42.00 LINKx300@6.70 HILx348@5.79 
Value: 10045.86
Sales: INTx46@42.00 HILx348@5.79 LIVEx435@4.52 LINKx300@6.70 GGALx295@7.09 
Purchases: CLBSx3587@0.56 BCPCx69@29.11 APOLx46@43.09 PEIXx1647@1.22 TROVx2543@0.79 

2012-02-29
Cash: 28.11
Held: CLBSx3587@0.65 APOLx46@42.91 PEIXx1647@1.25 BCPCx69@27.22 TROVx2543@0.80 
Value: 10303.74
Sales: CLBSx3587@0.65 APOLx46@42.91 BCPCx69@27.22 PEIXx1647@1.25 TROVx2543@0.80 
Purchases: TTECx135@15.19 YRCWx227@9.07 GNTXx85@24.14 CECOx236@8.71 IKNXx265@7.76 

2012-03-01
Cash: 29.88
Held: IKNXx265@7.89 CECOx236@8.62 YRCWx227@8.90 GNTXx85@24.41 TTECx135@15.98 
Value: 10405.86
Sales: TTECx135@15.98 YRCWx227@8.90 GNTXx85@24.41 CECOx236@8.62 IKNXx265@7.89 
Purchases: WMLPx239@8.67 MLSSx6305@0.33 MOCOx122@16.95 TOPSx812@2.56 NHTCx1435@1.45 

2012-03-04
Cash: 23.67
Held: TOPSx812@2.46 MOCOx122@16.41 MLSSx6305@0.55 NHTCx1435@1.34 WMLPx239@7.93 
Value: 11307.90
Sales: WMLPx239@7.93 MLSSx6305@0.55 MOCOx122@16.41 TOPSx812@2.46 NHTCx1435@1.34 
Purchases: CLBSx4113@0.55 HUSAx317@7.12 OGENx1256@1.80 CCMPx64@35.16 PRTSx565@4.00 

2012-03-05
Cash: 18.61
Held: HUSAx317@6.74 PRTSx565@3.85 CCMPx64@33.56 CLBSx4113@0.56 OGENx1256@1.80 
Value: 11041.75
Sales: CLBSx4113@0.56 HUSAx317@6.74 OGENx1256@1.80 CCMPx64@33.56 PRTSx565@3.85 
Purchases: ATLOx115@19.16 SSYx2276@0.97 ALNYx176@12.49 TRRx490@4.50 CVBx279@7.91 

2012-03-06
Cash: 20.02
Held: SSYx2276@0.97 CVBx279@10.80 ALNYx176@11.70 TRRx490@4.40 ATLOx115@19.27 
Value: 11671.08
Sales: ATLOx115@19.27 CVBx279@10.80 ALNYx176@11.70 SSYx2276@0.97 TRRx490@4.40 
Purchases: MVISx1005@2.32 GRBKx3484@0.67 TGDx937@2.49 CASCx77@30.12 EDCx1@1248.00 

2012-03-07
Cash: 1104.19
Held: EDCx1@1320.00 GRBKx3484@0.68 TGDx937@2.63 CASCx77@31.98 MVISx1005@2.34 
Value: 12073.38
Sales: EDCx1@1320.00 GRBKx3484@0.68 CASCx77@31.98 TGDx937@2.63 MVISx1005@2.34 
Purchases: CSIQx841@2.87 AEYx1166@2.07 BVSNx57@42.00 BWL.Ax244@9.86 XTLBx5366@0.45 

2012-03-08
Cash: 32.32
Held: XTLBx5366@0.45 AEYx1166@2.08 BWL.Ax244@11.07 BVSNx57@42.31 CSIQx841@3.00 
Value: 12508.10
Sales: AEYx1166@2.08 CSIQx841@3.00 BVSNx57@42.31 BWL.Ax244@11.07 XTLBx5366@0.45 
Purchases: GALEx1985@1.26 MBVXx13893@0.18 ITUSx12511@0.20 WINTx685@3.65 VRMLx1232@2.03 

2012-03-11
Cash: 3.77
Held: ITUSx12511@0.25 GALEx1985@1.33 WINTx685@3.65 VRMLx1232@1.95 MBVXx13893@0.18 
Value: 13176.37
Sales: GALEx1985@1.33 VRMLx1232@1.95 MBVXx13893@0.18 WINTx685@3.65 ITUSx12511@0.25 
Purchases: MEIPx3028@0.87 DGLYx4793@0.55 SONCx360@7.31 CNITx2439@1.08 KTOSx398@6.61 

2012-03-12
Cash: 10.51
Held: MEIPx3028@0.74 KTOSx398@6.51 SONCx360@7.39 DGLYx4793@0.53 CNITx2439@1.04 
Value: 12580.14
Sales: MEIPx3028@0.74 DGLYx4793@0.53 SONCx360@7.39 CNITx2439@1.04 KTOSx398@6.51 
Purchases: MVISx858@2.93 RESx243@10.35 DYNx5353@0.47 ADKx610@4.12 PPHMx3930@0.64 

2012-03-13
Cash: 5.69
Held: ADKx610@4.24 PPHMx3930@0.65 RESx243@10.49 DYNx5353@0.56 MVISx858@3.04 
Value: 13300.26
Sales: MVISx858@3.04 PPHMx3930@0.65 DYNx5353@0.56 ADKx610@4.24 RESx243@10.49 
Purchases: BWENx458@5.80 MEIPx3644@0.73 TOPSx1220@2.18 ARIIx106@24.98 BSPMx128@20.75 

2012-03-14
Cash: 19.89
Held: MEIPx3644@0.72 TOPSx1220@2.18 ARIIx106@25.66 BWENx458@5.30 BSPMx128@17.84 
Value: 12734.90
Sales: BWENx458@5.30 MEIPx3644@0.72 ARIIx106@25.66 TOPSx1220@2.18 BSPMx128@17.84 
Purchases: FAZx116@21.94 SOXSx79@32.03 LLITx824@3.09 WGBSx18190@0.14 HCIx214@11.85 

2012-03-15
Cash: 30.55
Held: LLITx824@3.15 HCIx214@11.84 WGBSx18190@0.20 FAZx116@20.98 SOXSx79@30.98 
Value: 13680.09
Sales: WGBSx18190@0.20 FAZx116@20.98 LLITx824@3.15 HCIx214@11.84 SOXSx79@30.98 
Purchases: XRMx408@6.69 WMLPx402@6.80 IFONx3648@0.75 INVTx2104@1.30 OGENx2188@1.25 

2012-03-18
Cash: 10.30
Held: XRMx408@6.75 IFONx3648@0.79 INVTx2104@1.30 OGENx2188@1.25 WMLPx402@7.49 
Value: 14126.44
Sales: XRMx408@6.75 WMLPx402@7.49 IFONx3648@0.79 INVTx2104@1.30 OGENx2188@1.25 
Purchases: FHx1822@1.55 CCOx358@7.88 WCSTx565@5.00 KGJIx1671@1.69 OGXIx203@13.89 

2012-03-19
Cash: 12.54
Held: OGXIx203@13.60 WCSTx565@5.25 KGJIx1671@1.70 CCOx358@8.14 FHx1822@1.63 
Value: 14464.93
Sales: FHx1822@1.63 CCOx358@8.14 WCSTx565@5.25 KGJIx1671@1.70 OGXIx203@13.60 
Purchases: GVx4451@0.65 SKLNx41324@0.07 CRMEx657@4.40 MLABx64@45.03 TGDx1257@2.30 

2012-03-20
Cash: 15.37
Held: GVx4451@0.68 SKLNx41324@0.07 TGDx1257@2.37 MLABx64@47.66 CRMEx657@4.25 
Value: 14756.08
Sales: GVx4451@0.68 SKLNx41324@0.07 MLABx64@47.66 TGDx1257@2.37 CRMEx657@4.25 
Purchases: CYTXx69@42.31 SCONx4277@0.69 DYNx4685@0.63 CBIOx81@36.06 CRMEx694@4.25 

2012-03-21
Cash: 64.07
Held: DYNx4685@0.66 CRMEx694@3.91 CYTXx69@39.16 CBIOx81@35.69 SCONx4277@0.74 
Value: 14629.00
Sales: CYTXx69@39.16 SCONx4277@0.74 DYNx4685@0.66 CBIOx81@35.69 CRMEx694@3.91 
Purchases: SGOCx3362@0.87 AGOx181@16.12 CBIOx81@35.69 HBPx2761@1.06 GAZx571@5.12 

2012-03-22
Cash: 44.74
Held: AGOx181@16.22 SGOCx3362@0.81 HBPx2761@1.50 GAZx571@4.83 CBIOx81@35.34 
Value: 15464.95
Sales: AGOx181@16.22 SGOCx3362@0.81 CBIOx81@35.34 HBPx2761@1.50 GAZx571@4.83 
Purchases: OHAIx460@6.71 RCONx1048@2.95 BVSNx97@31.73 ROSGx7734@0.40 AIRx158@19.53 

2012-03-25
Cash: 30.12
Held: RCONx1048@3.18 BVSNx97@31.72 AIRx158@19.20 OHAIx460@6.77 ROSGx7734@0.42 
Value: 15834.91
Sales: OHAIx460@6.77 RCONx1048@3.18 BVSNx97@31.72 ROSGx7734@0.42 AIRx158@19.20 
Purchases: OFLXx249@12.72 SEEDx1241@2.55 BVSNx99@31.72 XTNTx1256@2.52 HGSHx4797@0.66 

2012-03-26
Cash: 30.96
Held: XTNTx1256@2.37 BVSNx99@26.77 OFLXx249@12.86 HGSHx4797@0.69 SEEDx1241@2.63 
Value: 15432.93
Sales: OFLXx249@12.86 BVSNx99@26.77 SEEDx1241@2.63 HGSHx4797@0.69 XTNTx1256@2.37 
Purchases: GIGMx2374@1.30 GSBx1521@2.03 EDAPx1624@1.90 AUDCx1039@2.97 NCITx490@6.29 

2012-03-27
Cash: 6.20
Held: GIGMx2374@1.34 AUDCx1039@2.75 EDAPx1624@1.95 NCITx490@6.36 GSBx1521@1.96 
Value: 15308.55
Sales: GIGMx2374@1.34 GSBx1521@1.96 EDAPx1624@1.95 AUDCx1039@2.75 NCITx490@6.36 
Purchases: RCONx1410@2.17 SHIPx950@3.22 GAZx862@3.55 XTLBx6959@0.44 VBFCx2141@1.43 

2012-03-28
Cash: 6.00
Held: RCONx1410@2.15 VBFCx2141@1.68 XTLBx6959@0.45 SHIPx950@3.20 GAZx862@3.59 
Value: 15899.18
Sales: RCONx1410@2.15 SHIPx950@3.20 VBFCx2141@1.68 XTLBx6959@0.45 GAZx862@3.59 
Purchases: CBKx1566@2.03 HMTAx739@4.30 BSPMx244@13.02 SNXx84@37.81 SMITx1025@3.10 

2012-03-29
Cash: 11.95
Held: SNXx84@38.16 HMTAx739@4.30 CBKx1566@1.94 SMITx1025@3.36 BSPMx244@13.65 
Value: 16207.65
Sales: BSPMx244@13.65 CBKx1566@1.94 HMTAx739@4.30 SNXx84@38.16 SMITx1025@3.36 
Purchases: CLBSx8313@0.39 YTENx1080@3.00 PFINx816@3.97 FSMx736@4.40 PSDVx1645@1.97 

2012-04-01
Cash: 8.93
Held: PFINx816@3.95 PSDVx1645@1.92 YTENx1080@2.84 FSMx736@4.52 CLBSx8313@0.39 
Value: 16024.34
Sales: CLBSx8313@0.39 YTENx1080@2.84 PFINx816@3.95 PSDVx1645@1.92 FSMx736@4.52 
Purchases: CHNRx442@7.25 DYNx5722@0.56 RVLTx4162@0.77 AWIx65@48.66 OIBR.Cx511@6.27 

2012-04-02
Cash: 43.98
Held: RVLTx4162@0.70 AWIx65@47.91 OIBR.Cx511@6.32 DYNx5722@0.52 CHNRx442@7.41 
Value: 15552.62
Sales: CHNRx442@7.41 DYNx5722@0.52 RVLTx4162@0.70 AWIx65@47.91 OIBR.Cx511@6.32 
Purchases: ICCCx609@5.10 RTNBx3839@0.81 RELVx2450@1.27 KERXx1840@1.69 AEZSx7@438.00 

2012-04-03
Cash: 49.21
Held: RELVx2450@1.27 KERXx1840@1.42 ICCCx609@5.41 RTNBx3839@0.86 AEZSx7@420.00 
Value: 15308.02
Sales: ICCCx609@5.41 AEZSx7@420.00 RELVx2450@1.27 KERXx1840@1.42 RTNBx3839@0.86 
Purchases: YPFx132@23.12 OPHCx1444@2.12 SEEDx1360@2.25 GBRx1691@1.81 MITKx364@8.40 

2012-04-04
Cash: 18.47
Held: YPFx132@22.83 OPHCx1444@2.11 MITKx364@8.08 GBRx1691@1.84 SEEDx1360@2.21 
Value: 15136.20
Sales: GBRx1691@1.84 OPHCx1444@2.11 SEEDx1360@2.21 YPFx132@22.83 MITKx364@8.08 
Purchases: FHx1182@2.56 OPHCx1435@2.11 VBFCx2018@1.50 XINx920@3.29 TCIx1261@2.40 

2012-04-08
Cash: 2.85
Held: VBFCx2018@1.44 XINx920@3.23 TCIx1261@2.40 OPHCx1435@1.80 FHx1182@3.04 
Value: 15083.46
Sales: FHx1182@3.04 OPHCx1435@1.80 VBFCx2018@1.44 XINx920@3.23 TCIx1261@2.40 
Purchases: AEHRx2847@1.06 LORLx46@65.19 PATKx310@9.73 PTCx143@20.98 SPPIx283@10.66 

2012-04-09
Cash: 36.52
Held: SPPIx283@10.18 PTCx143@21.00 AEHRx2847@1.10 LORLx46@65.06 PATKx310@9.00 
Value: 14833.83
Sales: AEHRx2847@1.10 PTCx143@21.00 PATKx310@9.00 SPPIx283@10.18 LORLx46@65.06 
Purchases: FPAYx59349@0.05 FNCXx732@4.05 CLNTx627@4.73 HUSAx727@4.08 MOHx116@25.45 

2012-04-10
Cash: 18.57
Held: MOHx116@24.66 HUSAx727@3.72 FNCXx732@4.00 FPAYx59349@0.51 CLNTx627@5.42 
Value: 42165.24
Sales: FPAYx59349@0.51 HUSAx727@3.72 CLNTx627@5.42 MOHx116@24.66 FNCXx732@4.00 
Purchases: DAIOx2888@2.92 CBIOx283@29.75 IGCx24796@0.34 GBXx479@17.58 UBOHx1268@6.65 

2012-04-11
Cash: 30.30
Held: DAIOx2888@2.77 UBOHx1268@6.72 IGCx24796@0.34 GBXx479@17.58 CBIOx283@30.31 
Value: 41979.26
Sales: DAIOx2888@2.77 IGCx24796@0.34 UBOHx1268@6.72 GBXx479@17.58 CBIOx283@30.31 
Purchases: IMNPx41989@0.20 BNCNx1151@7.29 SNMXx3851@2.18 IBIOx5417@1.55 NOKx2037@4.12 

2012-04-12
Cash: 9.86
Held: SNMXx3851@2.17 IMNPx41989@0.20 BNCNx1151@7.25 IBIOx5417@1.40 NOKx2037@4.12 
Value: 41087.31
Sales: IMNPx41989@0.20 BNCNx1151@7.25 SNMXx3851@2.17 IBIOx5417@1.40 NOKx2037@4.12 
Purchases: DAIOx2998@2.74 AVIDx974@8.43 ENZx3736@2.20 MNOVx3184@2.58 AVEOx761@10.80 

2012-04-15
Cash: 13.90
Held: DAIOx2998@2.54 AVEOx761@10.78 ENZx3736@2.26 MNOVx3184@2.58 AVIDx974@8.68 
Value: 40942.01
Sales: DAIOx2998@2.54 ENZx3736@2.26 AVIDx974@8.68 AVEOx761@10.78 MNOVx3184@2.58 
Purchases: SINOx2567@3.19 CFBKx2729@3.00 NFECx6019@1.36 OPHCx3842@2.13 CPSSx5317@1.54 

2012-04-16
Cash: 4.58
Held: NFECx6019@1.36 SINOx2567@3.28 OPHCx3842@2.31 CPSSx5317@1.54 CFBKx2729@3.45 
Value: 43088.92
Sales: SINOx2567@3.28 OPHCx3842@2.31 NFECx6019@1.36 CFBKx2729@3.45 CPSSx5317@1.54 
Purchases: SGOCx6527@1.32 CLNTx2238@3.85 CEIx4708@1.83 HALOx1010@8.53 MATx274@31.41 

2012-04-17
Cash: 17.93
Held: MATx274@31.77 HALOx1010@8.25 SGOCx6527@1.56 CLNTx2238@3.94 CEIx4708@1.84 
Value: 44712.01
Sales: SGOCx6527@1.56 CLNTx2238@3.94 MATx274@31.77 HALOx1010@8.25 CEIx4708@1.84 
Purchases: WHLMx74523@0.12 CNETx5418@1.65 CNITx7153@1.25 SYNx5259@1.70 TIKx1477@6.05 

2012-04-18
Cash: 8.21
Held: CNETx5418@1.52 SYNx5259@1.69 WHLMx74523@0.17 TIKx1477@6.32 CNITx7153@1.16 
Value: 47436.89
Sales: CNETx5418@1.52 WHLMx74523@0.17 CNITx7153@1.16 SYNx5259@1.69 TIKx1477@6.32 
Purchases: OGENx5967@1.59 EDNx3340@2.84 HGSHx11160@0.85 TCXx8396@1.13 GNWx1578@6.01 

2012-04-19
Cash: 5.13
Held: EDNx3340@2.68 GNWx1578@6.08 TCXx8396@1.18 OGENx5967@1.59 HGSHx11160@0.85 
Value: 47424.92
Sales: OGENx5967@1.59 EDNx3340@2.68 GNWx1578@6.08 TCXx8396@1.18 HGSHx11160@0.85 
Purchases: BELFBx576@16.45 CYTRx4161@2.28 ENOCx1398@6.78 TOPSx4371@2.17 EGTx4233@2.24 

2012-04-22
Cash: 15.93
Held: TOPSx4371@2.26 ENOCx1398@6.41 BELFBx576@15.62 EGTx4233@2.40 CYTRx4161@2.45 
Value: 48202.32
Sales: BELFBx576@15.62 CYTRx4161@2.45 ENOCx1398@6.41 TOPSx4371@2.26 EGTx4233@2.40 
Purchases: MYOSx96428@0.10 BGIx12202@0.79 FSIx5212@1.85 LPTHx6884@1.40 TPXx146@65.81 

2012-04-23
Cash: 32.74
Held: FSIx5212@1.73 TPXx146@64.94 LPTHx6884@1.41 MYOSx96428@0.14 BGIx12202@0.89 
Value: 52603.11
Sales: MYOSx96428@0.14 FSIx5212@1.73 BGIx12202@0.89 LPTHx6884@1.41 TPXx146@64.94 
Purchases: BLDRx2997@3.51 HUSAx5813@1.81 OTELx1623@6.48 XTLBx21471@0.49 MPAAx1336@7.87 

2012-04-24
Cash: 11.15
Held: XTLBx21471@0.55 HUSAx5813@1.68 OTELx1623@5.65 MPAAx1336@7.99 BLDRx2997@3.53 
Value: 51997.09
Sales: BLDRx2997@3.53 HUSAx5813@1.68 OTELx1623@5.65 XTLBx21471@0.55 MPAAx1336@7.99 
Purchases: BIGx297@34.94 SNOAx10399@1.00 PNTRx4000@2.60 RTNBx17329@0.60 MVISx5876@1.77 

2012-04-25
Cash: 26.36
Held: SNOAx10399@1.00 MVISx5876@2.00 RTNBx17329@0.60 BIGx297@35.34 PNTRx4000@2.60 
Value: 53471.98
Sales: MVISx5876@2.00 SNOAx10399@1.00 PNTRx4000@2.60 RTNBx17329@0.60 BIGx297@35.34 
Purchases: HEI.Ax332@32.19 GALEx8040@1.33 ICONx737@14.51 HEIx261@40.91 TROVx17535@0.61 

2012-04-26
Cash: 29.16
Held: HEI.Ax332@32.12 GALEx8040@1.32 ICONx737@14.91 HEIx261@40.62 TROVx17535@0.61 
Value: 53592.96
Sales: HEI.Ax332@32.12 GALEx8040@1.32 TROVx17535@0.61 HEIx261@40.62 ICONx737@14.91 
Purchases: RGENx2515@4.26 IDRAx7239@1.48 COYNx1649@6.50 CNITx8058@1.33 VDSIx1392@7.70 

2012-04-29
Cash: 4.04
Held: VDSIx1392@7.55 RGENx2515@4.45 IDRAx7239@1.44 CNITx8058@1.25 COYNx1649@10.00 
Value: 58694.28
Sales: RGENx2515@4.45 IDRAx7239@1.44 COYNx1649@10.00 CNITx8058@1.25 VDSIx1392@7.55 
Purchases: WSTGx842@13.94 WDCx306@38.28 CRAIx552@21.27 MXWLx1169@10.04 DECKx227@51.53 

2012-04-30
Cash: 72.96
Held: WDCx306@38.69 WSTGx842@13.60 DECKx227@50.81 CRAIx552@20.53 MXWLx1169@9.62 
Value: 57474.03
Sales: WSTGx842@13.60 WDCx306@38.69 CRAIx552@20.53 MXWLx1169@9.62 DECKx227@50.81 
Purchases: SCVLx591@19.44 WKHSx76619@0.15 DECKx226@50.81 MXWLx1195@9.62 SINOx3949@2.91 

2012-05-01
Cash: 23.38
Held: SCVLx591@19.64 SINOx3949@3.02 DECKx226@52.44 MXWLx1195@9.57 WKHSx76619@0.19 
Value: 61395.64
Sales: SCVLx591@19.64 SINOx3949@3.02 WKHSx76619@0.19 MXWLx1195@9.57 DECKx226@52.44 
Purchases: MEETx3328@3.69 COPx219@55.84 PPHMx26696@0.46 PLBCx3590@3.42 BKSx631@19.45 

2012-05-02
Cash: 55.80
Held: PLBCx3590@3.37 MEETx3328@3.80 COPx219@54.66 PPHMx26696@0.49 BKSx631@18.62 
Value: 61602.89
Sales: MEETx3328@3.80 PPHMx26696@0.49 BKSx631@18.62 PLBCx3590@3.37 COPx219@54.66 
Purchases: ECOLx735@16.75 OPHCx8928@1.38 ALRx552@22.30 CBLIx362@34.00 DGASx585@21.05 

2012-05-03
Cash: 43.75
Held: CBLIx362@30.41 ECOLx735@16.98 OPHCx8928@1.18 DGASx585@22.00 ALRx552@21.44 
Value: 58770.07
Sales: ECOLx735@16.98 CBLIx362@30.41 ALRx552@21.44 OPHCx8928@1.18 DGASx585@22.00 
Purchases: ABEOx12636@0.93 OPHCx9963@1.18 CEVAx678@17.31 MITKx4608@2.55 OIBR.Cx2026@5.80 

2012-05-06
Cash: 18.89
Held: CEVAx678@16.98 ABEOx12636@0.85 OIBR.Cx2026@5.73 OPHCx9963@1.08 MITKx4608@2.81 
Value: 57597.88
Sales: ABEOx12636@0.85 OPHCx9963@1.08 CEVAx678@16.98 MITKx4608@2.81 OIBR.Cx2026@5.73 
Purchases: SGOCx5486@2.10 BEBEx184@62.50 MANTx461@24.94 PBHx855@13.46 HFBCx1600@7.20 

2012-05-07
Cash: 55.38
Held: SGOCx5486@2.30 PBHx855@13.43 MANTx461@24.44 BEBEx184@60.69 HFBCx1600@7.05 
Value: 57873.29
Sales: SGOCx5486@2.30 BEBEx184@60.69 MANTx461@24.44 PBHx855@13.43 HFBCx1600@7.05 
Purchases: CLNTx2446@4.73 BSFTx351@32.94 IRCPx989@11.70 INWKx1120@10.33 GLUUx2838@4.08 

2012-05-08
Cash: 25.89
Held: GLUUx2838@4.14 INWKx1120@10.81 CLNTx2446@4.57 BSFTx351@31.41 IRCPx989@12.70 
Value: 58652.95
Sales: CLNTx2446@4.57 GLUUx2838@4.14 IRCPx989@12.70 BSFTx351@31.41 INWKx1120@10.81 
Purchases: FOSLx148@78.81 TASTx2496@4.70 SNCRx559@20.95 ESEAx75@156.00 TPXx250@46.91 

2012-05-09
Cash: 120.09
Held: TASTx2496@5.20 SNCRx559@20.38 ESEAx75@150.00 TPXx250@52.44 FOSLx148@80.00 
Value: 60686.34
Sales: SNCRx559@20.38 FOSLx148@80.00 TASTx2496@5.20 ESEAx75@150.00 TPXx250@52.44 
Purchases: MELIx155@78.00 DNBx191@63.53 CRMDx44949@0.27 INSMx3655@3.32 EGTx3034@4.00 

2012-05-10
Cash: 53.02
Held: DNBx191@65.06 CRMDx44949@0.24 EGTx3034@3.64 INSMx3655@3.03 MELIx155@76.38 
Value: 57223.14
Sales: MELIx155@76.38 EGTx3034@3.64 CRMDx44949@0.24 INSMx3655@3.03 DNBx191@65.06 
Purchases: ABIOx619@18.48 IESCx3346@3.42 PAMx1901@6.02 AMEDx1145@9.99 KROx563@20.30 

2012-05-13
Cash: 26.93
Held: IESCx3346@3.80 AMEDx1145@10.40 ABIOx619@21.84 KROx563@20.17 PAMx1901@5.96 
Value: 60860.35
Sales: PAMx1901@5.96 IESCx3346@3.80 AMEDx1145@10.40 KROx563@20.17 ABIOx619@21.84 
Purchases: CVOx784@15.52 UDOWx245@49.56 QLDx231@52.56 VHIx777@15.65 TQQQx246@49.44 

2012-05-14
Cash: 84.76
Held: CVOx784@15.04 QLDx231@52.81 TQQQx246@49.84 UDOWx245@49.25 VHIx777@16.58 
Value: 61284.09
Sales: CVOx784@15.04 QLDx231@52.81 VHIx777@16.58 UDOWx245@49.25 TQQQx246@49.84 
Purchases: AEx309@39.59 WLDNx4573@2.68 EGTx4033@3.04 CIGx920@13.32 CIG.Cx802@15.27 

2012-05-15
Cash: 34.88
Held: CIG.Cx802@14.87 WLDNx4573@2.29 AEx309@38.31 EGTx4033@3.56 CIGx920@13.29 
Value: 60850.44
Sales: EGTx4033@3.56 CIGx920@13.29 WLDNx4573@2.29 AEx309@38.31 CIG.Cx802@14.87 
Purchases: CBPOx1482@8.21 ESNCx29689@0.41 CFBKx5742@2.12 CHCIx1188@10.24 TEFx962@12.65 

2012-05-16
Cash: 8.33
Held: TEFx962@12.41 ESNCx29689@0.44 CBPOx1482@8.66 CHCIx1188@10.37 CFBKx5742@1.58 
Value: 59222.15
Sales: CBPOx1482@8.66 ESNCx29689@0.44 CFBKx5742@1.58 CHCIx1188@10.37 TEFx962@12.41 
Purchases: GALTx5458@2.17 SVTx1528@7.75 RVLTx22776@0.52 ABIOx687@17.22 LAKEx1546@7.66 

2012-05-17
Cash: 20.87
Held: RVLTx22776@0.44 GALTx5458@2.03 LAKEx1546@7.91 SVTx1528@7.70 ABIOx687@16.80 
Value: 56649.84
Sales: GALTx5458@2.03 SVTx1528@7.70 RVLTx22776@0.44 LAKEx1546@7.91 ABIOx687@16.80 
Purchases: ABCDx8328@1.36 ABEOx25180@0.45 FFHLx13327@0.85 CALLx623@18.17 BORNx4134@2.74 

2012-05-20
Cash: 12.60
Held: CALLx623@18.20 ABEOx25180@0.54 FFHLx13327@0.89 ABCDx8328@1.25 BORNx4134@2.71 
Value: 58431.20
Sales: ABCDx8328@1.25 ABEOx25180@0.54 CALLx623@18.20 FFHLx13327@0.89 BORNx4134@2.71 
Purchases: OPHCx17702@0.66 SYMXx14078@0.83 RVLTx27829@0.42 MITKx5671@2.06 PGTIx4829@2.42 

2012-05-21
Cash: 2.10
Held: RVLTx27829@0.36 PGTIx4829@2.55 SYMXx14078@0.97 OPHCx17702@0.68 MITKx5671@2.11 
Value: 60002.68
Sales: OPHCx17702@0.68 SYMXx14078@0.97 RVLTx27829@0.36 MITKx5671@2.11 PGTIx4829@2.55 
Purchases: KIRKx1135@10.57 ATLCx2625@4.57 CKXx1199@10.01 ESEAx91@131.00 GALEx8451@1.42 

2012-05-22
Cash: 88.17
Held: KIRKx1135@9.94 CKXx1199@10.01 GALEx8451@1.33 ESEAx91@135.00 ATLCx2625@4.22 
Value: 57966.31
Sales: KIRKx1135@9.94 ATLCx2625@4.22 CKXx1199@10.01 ESEAx91@135.00 GALEx8451@1.33 
Purchases: EXPRx689@16.81 SBOTx36221@0.32 CSWCx539@21.50 ISNSx2073@5.59 RADAx7888@1.47 

2012-05-23
Cash: 19.85
Held: RADAx7888@1.52 EXPRx689@17.94 ISNSx2073@5.48 SBOTx36221@0.32 CSWCx539@21.77 
Value: 59050.73
Sales: EXPRx689@17.94 SBOTx36221@0.32 CSWCx539@21.77 ISNSx2073@5.48 RADAx7888@1.52 
Purchases: GRNx1217@9.70 CNETx6946@1.70 BIOPx23167@0.51 STRSx1696@6.96 OSIRx2026@5.83 

2012-05-24
Cash: 9.20
Held: GRNx1217@9.70 CNETx6946@1.81 OSIRx2026@6.40 STRSx1696@7.02 BIOPx23167@0.62 
Value: 63621.80
Sales: GRNx1217@9.70 CNETx6946@1.81 BIOPx23167@0.62 STRSx1696@7.02 OSIRx2026@6.40 
Purchases: SCKTx6175@2.06 BDRx12480@1.02 CAWx3188@3.99 MARKx4269@2.98 PDEXx6695@1.90 

2012-05-28
Cash: 6.57
Held: SCKTx6175@2.09 PDEXx6695@1.95 CAWx3188@4.07 MARKx4269@2.90 BDRx12480@1.01 
Value: 63927.71
Sales: PDEXx6695@1.95 CAWx3188@4.07 BDRx12480@1.01 MARKx4269@2.90 SCKTx6175@2.09 
Purchases: PAYx330@38.66 MMACx45657@0.28 WPRTx487@26.20 VBFCx9910@1.29 CPRXx22041@0.58 

2012-05-29
Cash: 55.14
Held: CPRXx22041@0.58 VBFCx9910@1.24 PAYx330@35.53 MMACx45657@0.28 WPRTx487@24.94 
Value: 61786.53
Sales: PAYx330@35.53 MMACx45657@0.28 WPRTx487@24.94 VBFCx9910@1.24 CPRXx22041@0.58 
Purchases: XBKSx6403@1.93 RVLTx28742@0.43 VIPx1598@7.73 NVGNx6060@2.04 MRVCx17910@0.69 

2012-05-30
Cash: 6.79
Held: RVLTx28742@0.48 NVGNx6060@2.08 MRVCx17910@0.68 VIPx1598@7.62 XBKSx6403@1.70 
Value: 61654.47
Sales: XBKSx6403@1.70 MRVCx17910@0.68 VIPx1598@7.62 NVGNx6060@2.08 RVLTx28742@0.48 
Purchases: SVBIx5480@2.25 CALIx4669@2.64 GFAx5010@2.46 ABIOx497@24.78 TTMx593@20.77 

2012-05-31
Cash: 35.80
Held: TTMx593@20.02 CALIx4669@2.70 ABIOx497@19.75 GFAx5010@2.43 SVBIx5480@3.10 
Value: 63482.06
Sales: SVBIx5480@3.10 CALIx4669@2.70 GFAx5010@2.43 ABIOx497@19.75 TTMx593@20.02 
Purchases: AIIIx11546@1.10 MNGAx25911@0.49 MHOx882@14.39 ARLx5958@2.13 JOYx234@54.03 

2012-06-03
Cash: 58.33
Held: MNGAx25911@0.48 JOYx234@55.59 MHOx882@13.53 AIIIx11546@1.30 ARLx5958@2.05 
Value: 64664.70
Sales: AIIIx11546@1.30 MNGAx25911@0.48 MHOx882@13.53 ARLx5958@2.05 JOYx234@55.59 
Purchases: TEXx821@15.75 ERXx393@32.84 MPBx1360@9.51 MPELx1178@10.98 QUIKx5621@2.30 

2012-06-04
Cash: 32.65
Held: QUIKx5621@2.20 MPBx1360@10.72 TEXx821@15.60 ERXx393@32.38 MPELx1178@10.83 
Value: 65259.75
Sales: TEXx821@15.60 ERXx393@32.38 MPBx1360@10.72 MPELx1178@10.83 QUIKx5621@2.20 
Purchases: NTWKx31840@0.41 WKHSx81557@0.16 OKEx330@39.53 TNPx2594@5.03 SMBKx7908@1.65 

2012-06-05
Cash: 8.58
Held: SMBKx7908@1.65 OKEx330@40.34 NTWKx31840@0.43 WKHSx81557@0.18 TNPx2594@5.14 
Value: 68081.75
Sales: NTWKx31840@0.43 WKHSx81557@0.18 OKEx330@40.34 SMBKx7908@1.65 TNPx2594@5.14 
Purchases: XBKSx10635@1.28 MMACx48624@0.28 LLITx7824@1.74 ORMPx48624@0.28 CHCIx1663@8.19 

2012-06-06
Cash: 2.34
Held: LLITx7824@1.69 ORMPx48624@0.29 CHCIx1663@8.89 MMACx48624@0.28 XBKSx10635@1.26 
Value: 69129.99
Sales: XBKSx10635@1.26 MMACx48624@0.28 LLITx7824@1.69 ORMPx48624@0.29 CHCIx1663@8.89 
Purchases: SNGXx49373@0.28 EGTx4936@2.80 HBPx12573@1.10 VIRCx7900@1.75 TPXx617@22.39 

2012-06-07
Cash: 14.04
Held: TPXx617@22.84 HBPx12573@1.10 VIRCx7900@1.75 EGTx4936@2.76 SNGXx49373@0.26 
Value: 68218.69
Sales: SNGXx49373@0.26 EGTx4936@2.76 HBPx12573@1.10 VIRCx7900@1.75 TPXx617@22.84 
Purchases: AIIIx12287@1.11 CYRXx2273@6.00 ABRx2560@5.33 TLRDx477@28.59 BLINx1533@8.90 

2012-06-10
Cash: 17.27
Held: BLINx1533@8.80 CYRXx2273@6.12 ABRx2560@5.40 AIIIx12287@1.27 TLRDx477@29.20 
Value: 70764.75
Sales: AIIIx12287@1.27 CYRXx2273@6.12 ABRx2560@5.40 TLRDx477@29.20 BLINx1533@8.80 
Purchases: BLINx1608@8.80 SAJAx18870@0.75 REEDx4287@3.30 CVTIx4225@3.35 SITOx78604@0.18 

2012-06-11
Cash: 11.38
Held: CVTIx4225@3.24 SAJAx18870@0.71 BLINx1608@9.50 REEDx4287@3.55 SITOx78604@0.18 
Value: 71749.48
Sales: SITOx78604@0.18 SAJAx18870@0.71 REEDx4287@3.55 CVTIx4225@3.24 BLINx1608@9.50 
Purchases: DGLYx36804@0.39 MBVXx4030@3.56 WPCSx17714@0.81 LOANx15102@0.95 TIKx3727@3.85 

2012-06-12
Cash: 4.15
Held: WPCSx17714@0.84 LOANx15102@1.03 DGLYx36804@0.40 TIKx3727@3.74 MBVXx4030@3.30 
Value: 72400.34
Sales: MBVXx4030@3.30 LOANx15102@1.03 WPCSx17714@0.84 DGLYx36804@0.40 TIKx3727@3.74 
Purchases: AKSx2937@4.93 PLMx18804@0.77 HRTXx27845@0.52 CTICx40@360.00 ADGEx6266@2.31 

2012-06-13
Cash: 84.57
Held: CTICx40@364.50 AKSx2937@5.01 ADGEx6266@2.55 PLMx18804@0.80 HRTXx27845@0.63 
Value: 77945.79
Sales: AKSx2937@5.01 PLMx18804@0.80 HRTXx27845@0.63 CTICx40@364.50 ADGEx6266@2.55 
Purchases: CLBSx28866@0.54 ISRx16759@0.93 INVTx14039@1.11 HMNYx5489@2.84 PHMDx1465@10.64 

2012-06-14
Cash: 3.57
Held: ISRx16759@0.88 INVTx14039@1.13 CLBSx28866@0.50 PHMDx1465@12.67 HMNYx5489@2.80 
Value: 78982.73
Sales: CLBSx28866@0.50 ISRx16759@0.88 INVTx14039@1.13 HMNYx5489@2.80 PHMDx1465@12.67 
Purchases: IGLDx4831@3.27 REGNx141@111.38 BJRIx409@38.53 AGAx777@20.33 NOKx6667@2.37 

2012-06-17
Cash: 134.46
Held: AGAx777@20.45 REGNx141@113.12 BJRIx409@39.34 IGLDx4831@3.32 NOKx6667@2.48 
Value: 80646.47
Sales: REGNx141@113.12 IGLDx4831@3.32 NOKx6667@2.48 AGAx777@20.45 BJRIx409@39.34 
Purchases: HOVNPx3913@4.12 MNGAx38410@0.42 IIVIx1004@16.06 LSCCx4289@3.76 ERYx221@72.81 

2012-06-18
Cash: 47.48
Held: MNGAx38410@0.50 ERYx221@70.88 IIVIx1004@16.16 HOVNPx3913@4.82 LSCCx4289@3.54 
Value: 85177.65
Sales: HOVNPx3913@4.82 MNGAx38410@0.50 ERYx221@70.88 LSCCx4289@3.54 IIVIx1004@16.16 
Purchases: USAKx3610@4.72 MVISx7994@2.13 OHRPx20779@0.82 LAKEx2605@6.54 FEIMx2123@8.02 

2012-06-19
Cash: 5.73
Held: OHRPx20779@0.90 FEIMx2123@8.00 LAKEx2605@6.50 MVISx7994@2.06 USAKx3610@4.63 
Value: 85803.67
Sales: USAKx3610@4.63 MVISx7994@2.06 OHRPx20779@0.90 FEIMx2123@8.00 LAKEx2605@6.50 
Purchases: IMNPx107231@0.16 DACx4236@4.05 AXNx85824@0.20 VIRCx10728@1.60 RNVAx5364@3.20 

2012-06-20
Cash: 2.11
Held: IMNPx107231@0.17 RNVAx5364@3.61 VIRCx10728@1.62 AXNx85824@0.20 DACx4236@4.30 
Value: 90356.11
Sales: IMNPx107231@0.17 DACx4236@4.30 AXNx85824@0.20 VIRCx10728@1.62 RNVAx5364@3.61 
Purchases: FHx4385@4.12 ABACx3671@4.92 RVLTx46349@0.39 MGYRx4495@4.02 CLBSx39288@0.46 

2012-06-21
Cash: 7.04
Held: ABACx3671@4.80 RVLTx46349@0.37 MGYRx4495@4.20 CLBSx39288@0.44 FHx4385@3.96 
Value: 88313.89
Sales: CLBSx39288@0.44 ABACx3671@4.80 RVLTx46349@0.37 MGYRx4495@4.20 FHx4385@3.96 
Purchases: WHLMx160592@0.11 LZBx1566@11.27 HOTRx4015@4.40 HMNYx7455@2.37 BBBYx288@61.28 

2012-06-24
Cash: 26.25
Held: BBBYx288@60.75 HOTRx4015@4.10 LZBx1566@11.25 HMNYx7455@2.37 WHLMx160592@0.15 
Value: 93362.19
Sales: WHLMx160592@0.15 LZBx1566@11.25 HOTRx4015@4.10 HMNYx7455@2.37 BBBYx288@60.75 
Purchases: CYANx2790@6.69 Rx535@34.88 VIVEx116677@0.16 SAJAx25579@0.73 SOXLx710@26.27 

2012-06-25
Cash: 41.97
Held: Rx535@34.34 SOXLx710@24.67 SAJAx25579@0.75 CYANx2790@6.68 VIVEx116677@0.18 
Value: 94761.61
Sales: CYANx2790@6.68 Rx535@34.34 VIVEx116677@0.18 SAJAx25579@0.75 SOXLx710@24.67 
Purchases: MNTAx1429@13.26 MEETx8237@2.30 QCRHx1466@12.92 SRPTx30562@0.62 IDXGx2486@7.62 

2012-06-26
Cash: 23.13
Held: MEETx8237@2.24 SRPTx30562@0.69 IDXGx2486@7.97 MNTAx1429@13.31 QCRHx1466@12.98 
Value: 97419.45
Sales: MNTAx1429@13.31 MEETx8237@2.24 QCRHx1466@12.98 SRPTx30562@0.69 IDXGx2486@7.97 
Purchases: SNGXx84719@0.23 INOx43302@0.45 CRMDx97443@0.20 CAPRx194886@0.10 BBRYx2199@8.86 

2012-06-27
Cash: 2.49
Held: CAPRx194886@0.11 INOx43302@0.46 CRMDx97443@0.23 BBRYx2199@9.09 SNGXx84719@0.25 
Value: 104941.22
Sales: SNGXx84719@0.25 INOx43302@0.46 CRMDx97443@0.23 CAPRx194886@0.11 BBRYx2199@9.09 
Purchases: OMERx1992@10.53 DLTRx400@52.41 GIGAx19258@1.09 RDCMx5465@3.84 DLHCx16922@1.24 

2012-06-28
Cash: 40.27
Held: DLTRx400@53.34 DLHCx16922@1.16 GIGAx19258@1.22 RDCMx5465@3.86 OMERx1992@10.49 
Value: 106491.35
Sales: OMERx1992@10.49 DLTRx400@53.34 GIGAx19258@1.22 RDCMx5465@3.86 DLHCx16922@1.16 
Purchases: VRTXx399@53.25 MDGLx4259@5.00 SCKTx10921@1.95 ANTHx3479@6.12 BCSx2001@10.64 

2012-07-01
Cash: 64.34
Held: ANTHx3479@5.44 BCSx2001@10.61 SCKTx10921@2.06 VRTXx399@56.09 MDGLx4259@5.65 
Value: 109165.69
Sales: VRTXx399@56.09 MDGLx4259@5.65 SCKTx10921@2.06 ANTHx3479@5.44 BCSx2001@10.61 
Purchases: AEHRx19855@1.10 WKHSx145530@0.15 SRNEx87332@0.25 ANTHx4012@5.44 BBRYx2899@7.53 

2012-07-02
Cash: 2.87
Held: ANTHx4012@5.44 AEHRx19855@1.25 SRNEx87332@0.25 WKHSx145530@0.15 BBRYx2899@7.43 
Value: 111857.26
Sales: AEHRx19855@1.25 WKHSx145530@0.15 SRNEx87332@0.25 ANTHx4012@5.44 BBRYx2899@7.43 
Purchases: UUUUx124248@0.18 PIPx16098@1.39 WFBIx2121@10.55 KONEx93218@0.24 HMNYx7555@2.96 

2012-07-04
Cash: 4.17
Held: KONEx93218@0.30 UUUUx124248@0.17 HMNYx7555@3.03 PIPx16098@1.46 WFBIx2121@11.45 
Value: 119782.61
Sales: UUUUx124248@0.17 PIPx16098@1.46 WFBIx2121@11.45 KONEx93218@0.30 HMNYx7555@3.03 
Purchases: MTRx809@29.59 GALEx15068@1.59 SCOx514@46.56 DMFx2173@11.02 FORDx14786@1.62 

2012-07-05
Cash: 43.40
Held: FORDx14786@1.61 DMFx2173@10.89 GALEx15068@1.60 SCOx514@49.12 MTRx809@29.80 
Value: 120978.22
Sales: MTRx809@29.80 GALEx15068@1.60 SCOx514@49.12 DMFx2173@10.89 FORDx14786@1.61 
Purchases: CBMXx12@1892.00 BCLIx5127@4.72 ZIONWx8490@2.85 SAJAx40319@0.60 RVLTx93056@0.26 

2012-07-08
Cash: 1497.20
Held: RVLTx93056@0.23 ZIONWx8490@2.83 SAJAx40319@0.66 BCLIx5127@5.10 CBMXx12@1891.00 
Value: 122390.17
Sales: CBMXx12@1891.00 BCLIx5127@5.10 ZIONWx8490@2.83 SAJAx40319@0.66 RVLTx93056@0.23 
Purchases: CNETx14572@1.68 HUSAx20562@1.19 GASLx1017@24.06 SCMPx4652@5.26 MTGx9068@2.70 

2012-07-09
Cash: 10.56
Held: CNETx14572@1.50 HUSAx20562@1.19 SCMPx4652@5.22 GASLx1017@24.80 MTGx9068@2.64 
Value: 119787.41
Sales: CNETx14572@1.50 HUSAx20562@1.19 MTGx9068@2.64 SCMPx4652@5.22 GASLx1017@24.80 
Purchases: BPIx1699@14.09 MNGAx6111@3.92 NLSTx11749@2.04 FUEx1882@12.73 MNOVx12678@1.89 

2012-07-10
Cash: 22.18
Held: MNGAx6111@4.05 BPIx1699@13.14 NLSTx11749@1.99 MNOVx12678@1.89 FUEx1882@12.75 
Value: 118438.16
Sales: BPIx1699@13.14 MNGAx6111@4.05 NLSTx11749@1.99 FUEx1882@12.75 MNOVx12678@1.89 
Purchases: JASOx23233@1.02 HRTXx36447@0.65 LMNXx1226@19.31 AMDx4719@5.02 MBIx2453@9.66 

2012-07-11
Cash: 13.32
Held: LMNXx1226@18.12 JASOx23233@0.99 AMDx4719@4.85 MBIx2453@9.77 HRTXx36447@0.63 
Value: 115066.79
Sales: JASOx23233@0.99 HRTXx36447@0.63 LMNXx1226@18.12 AMDx4719@4.85 MBIx2453@9.77 
Purchases: HGGx3157@7.29 LIVEx2005@11.48 ZIONWx9133@2.52 GRBKx7572@3.04 MBVXx11011@2.09 

2012-07-12
Cash: 10.79
Held: LIVEx2005@10.99 ZIONWx9133@2.80 GRBKx7572@2.82 HGGx3157@7.32 MBVXx11011@2.14 
Value: 115665.71
Sales: HGGx3157@7.32 LIVEx2005@10.99 GRBKx7572@2.82 ZIONWx9133@2.80 MBVXx11011@2.14 
Purchases: MEIPx53806@0.43 DRWIx316@73.00 SVUx8472@2.73 SEEDx15845@1.46 GVx10417@2.22 

2012-07-15
Cash: 66.13
Held: GVx10417@2.30 MEIPx53806@0.47 SVUx8472@2.49 DRWIx316@73.75 SEEDx15845@1.49 
Value: 117335.64
Sales: GVx10417@2.30 DRWIx316@73.75 SVUx8472@2.49 SEEDx15845@1.49 MEIPx53806@0.47 
Purchases: MTEXx3550@6.61 OPTTx8959@2.62 SVUx9423@2.49 HTHTx2065@11.36 RELVx15967@1.47 

2012-07-16
Cash: 17.77
Held: RELVx15967@1.44 SVUx9423@2.47 MTEXx3550@6.52 OPTTx8959@2.71 HTHTx2065@11.32 
Value: 117106.62
Sales: MTEXx3550@6.52 OPTTx8959@2.71 SVUx9423@2.47 HTHTx2065@11.32 RELVx15967@1.44 
Purchases: CALXx4898@4.78 FAZx1077@21.73 SVUx9479@2.47 CALDx5182@4.52 PLBCx7807@3.00 

2012-07-17
Cash: 19.13
Held: PLBCx7807@3.18 CALXx4898@4.59 CALDx5182@4.28 SVUx9479@2.29 FAZx1077@22.02 
Value: 114918.29
Sales: CALXx4898@4.59 FAZx1077@22.02 SVUx9479@2.29 CALDx5182@4.28 PLBCx7807@3.18 
Purchases: DRAMx2077@11.06 LNGx1662@13.83 JBHTx419@54.84 MLNKx7250@3.17 EDUx1535@14.97 

2012-07-18
Cash: 20.64
Held: JBHTx419@54.88 EDUx1535@10.56 LNGx1662@13.77 DRAMx2077@11.06 MLNKx7250@3.23 
Value: 108515.86
Sales: DRAMx2077@11.06 LNGx1662@13.77 JBHTx419@54.88 MLNKx7250@3.23 EDUx1535@10.56 
Purchases: TIVOx2138@10.15 ISRx20482@1.06 HHSx2782@7.80 SQBGx80376@0.27 DFBGx19737@1.10 

2012-07-19
Cash: 8.53
Held: ISRx20482@1.06 SQBGx80376@0.27 TIVOx2138@11.46 HHSx2782@7.23 DFBGx19737@1.16 
Value: 110930.39
Sales: TIVOx2138@11.46 ISRx20482@1.06 DFBGx19737@1.16 SQBGx80376@0.27 HHSx2782@7.23 
Purchases: MBOTx15733@1.41 SOXSx528@42.00 GFEDx3267@6.79 NAIIx4348@5.10 MEETx11674@1.90 

2012-07-22
Cash: 21.78
Held: GFEDx3267@7.02 MBOTx15733@1.56 MEETx11674@1.91 SOXSx528@46.72 NAIIx4348@5.28 
Value: 117420.85
Sales: MBOTx15733@1.56 MEETx11674@1.91 GFEDx3267@7.02 NAIIx4348@5.28 SOXSx528@46.72 
Purchases: CMGx76@308.00 HUSAx23963@0.98 FHNx2954@7.95 MITKx7777@3.02 NOKx14063@1.67 

2012-07-23
Cash: 80.58
Held: FHNx2954@7.93 HUSAx23963@0.86 CMGx76@302.50 MITKx7777@2.80 NOKx14063@1.78 
Value: 113917.44
Sales: CMGx76@302.50 HUSAx23963@0.86 FHNx2954@7.93 MITKx7777@2.80 NOKx14063@1.78 
Purchases: ABEOx75932@0.30 GOROx1308@17.41 ACTGx722@31.52 RMBSx5476@4.16 BGIx25595@0.89 

2012-07-24
Cash: 48.41
Held: ABEOx75932@0.37 ACTGx722@32.00 GOROx1308@17.48 BGIx25595@1.15 RMBSx5476@4.13 
Value: 126179.85
Sales: ABEOx75932@0.37 GOROx1308@17.48 BGIx25595@1.15 RMBSx5476@4.13 ACTGx722@32.00 
Purchases: MNGAx6308@4.00 BRKRx2185@11.55 VISNx93459@0.27 HUSAx31153@0.81 MARKx10740@2.35 

2012-07-25
Cash: 11.62
Held: BRKRx2185@11.63 MNGAx6308@4.40 HUSAx31153@0.81 VISNx93459@0.32 MARKx10740@2.40 
Value: 134103.88
Sales: MNGAx6308@4.40 BRKRx2185@11.63 VISNx93459@0.32 MARKx10740@2.40 HUSAx31153@0.81 
Purchases: NHTCx24391@1.10 BYDx4968@5.40 WSO.Bx394@68.06 NFLXx452@59.31 WSOx398@67.31 

2012-07-26
Cash: 47.62
Held: BYDx4968@5.41 NFLXx452@57.38 NHTCx24391@1.38 WSOx398@67.50 WSO.Bx394@67.56 
Value: 140000.12
Sales: NHTCx24391@1.38 BYDx4968@5.41 WSO.Bx394@67.56 NFLXx452@57.38 WSOx398@67.50 
Purchases: FOEx9589@2.92 LOGMx1183@23.66 RAVNx867@32.28 CADCx4488@6.24 QSIIx1736@16.12 

2012-07-29
Cash: 37.39
Held: RAVNx867@34.59 FOEx9589@3.14 CADCx4488@7.08 QSIIx1736@16.41 LOGMx1183@23.31 
Value: 147972.19
Sales: FOEx9589@3.14 LOGMx1183@23.31 RAVNx867@34.59 CADCx4488@7.08 QSIIx1736@16.41 
Purchases: INODx8311@3.56 SRNEx118377@0.25 CRRx439@67.38 CVMx84531@0.35 GDOTx3196@9.26 

2012-07-30
Cash: 26.54
Held: CVMx84531@0.36 SRNEx118377@0.16 INODx8311@3.34 CRRx439@65.44 GDOTx3196@10.22 
Value: 138554.77
Sales: INODx8311@3.34 CRRx439@65.44 CVMx84531@0.36 SRNEx118377@0.16 GDOTx3196@10.22 
Purchases: MBOTx15141@1.83 AWIx716@38.66 PGNXx4985@5.56 HMNYx11892@2.33 RTNBx50401@0.55 

2012-07-31
Cash: 38.10
Held: MBOTx15141@1.90 PGNXx4985@5.18 AWIx716@38.75 HMNYx11892@2.29 RTNBx50401@0.70 
Value: 144889.73
Sales: MBOTx15141@1.90 HMNYx11892@2.29 PGNXx4985@5.18 AWIx716@38.75 RTNBx50401@0.70 
Purchases: NTWKx63000@0.46 CSIQx10893@2.66 AMRNx2474@11.71 BLINx5268@5.50 VRMLx15667@1.85 

2012-08-01
Cash: 10.42
Held: AMRNx2474@11.56 NTWKx63000@0.45 CSIQx10893@2.71 BLINx5268@5.50 VRMLx15667@1.90 
Value: 145240.63
Sales: NTWKx63000@0.45 CSIQx10893@2.71 AMRNx2474@11.56 VRMLx15667@1.90 BLINx5268@5.50 
Purchases: AXRx5787@5.02 GSPx891@32.59 LOGMx1525@19.05 MGLNx612@47.41 CJJDx38730@0.75 

2012-08-02
Cash: 44.96
Held: CJJDx38730@0.75 MGLNx612@47.88 AXRx5787@6.10 GSPx891@33.38 LOGMx1525@19.55 
Value: 153247.82
Sales: AXRx5787@6.10 CJJDx38730@0.75 LOGMx1525@19.55 MGLNx612@47.88 GSPx891@33.38 
Purchases: MYOSx122598@0.25 INCYx1559@19.66 MTGx32607@0.94 PSDVx14463@2.12 GNWx7094@4.32 

2012-08-05
Cash: 8.12
Held: PSDVx14463@2.08 GNWx7094@4.35 INCYx1559@18.47 MTGx32607@0.84 MYOSx122598@0.25 
Value: 147789.35
Sales: MYOSx122598@0.25 INCYx1559@18.47 MTGx32607@0.84 PSDVx14463@2.08 GNWx7094@4.35 
Purchases: PFIEx33592@0.88 AXTIx10553@2.80 LINCx8516@3.47 MTGx35194@0.84 HDSNx9040@3.27 

2012-08-06
Cash: 5.15
Held: PFIEx33592@1.10 AXTIx10553@2.88 HDSNx9040@3.27 LINCx8516@3.49 MTGx35194@1.04 
Value: 163227.47
Sales: PFIEx33592@1.10 AXTIx10553@2.88 LINCx8516@3.49 MTGx35194@1.04 HDSNx9040@3.27 
Purchases: EXELx6728@4.85 USMx887@36.78 DLHCx32645@1.00 IMGNx2413@13.52 TROVx12749@2.56 

2012-08-07
Cash: 39.72
Held: DLHCx32645@1.00 USMx887@37.03 EXELx6728@4.62 TROVx12749@2.54 IMGNx2413@13.10 
Value: 160606.73
Sales: EXELx6728@4.62 USMx887@37.03 TROVx12749@2.54 IMGNx2413@13.10 DLHCx32645@1.00 
Purchases: SGMSx4688@6.85 TESOx3143@10.22 CNITx42277@0.76 RTNBx58423@0.55 CVMx94450@0.34 

2012-08-08
Cash: 5.93
Held: TESOx3143@10.17 CVMx94450@0.35 SGMSx4688@6.78 RTNBx58423@0.70 CNITx42277@0.91 
Value: 176219.54
Sales: CNITx42277@0.91 SGMSx4688@6.78 TESOx3143@10.17 CVMx94450@0.35 RTNBx58423@0.70 
Purchases: FNCXx23495@1.50 EGTx3538@9.96 SRNEx140975@0.25 PCLNx62@563.00 IBIOx30378@1.16 

2012-08-09
Cash: 342.27
Held: PCLNx62@562.50 FNCXx23495@1.40 SRNEx140975@0.40 IBIOx30378@1.10 EGTx3538@9.60 
Value: 191869.94
Sales: FNCXx23495@1.40 EGTx3538@9.60 SRNEx140975@0.40 PCLNx62@562.50 IBIOx30378@1.10 
Purchases: MNTXx4931@7.78 OTELx11157@3.44 MATRx6052@6.34 TROVx17280@2.22 FNCXx27402@1.40 

2012-08-12
Cash: 10.63
Held: MATRx6052@5.79 FNCXx27402@1.25 MNTXx4931@7.86 OTELx11157@3.00 TROVx17280@2.36 
Value: 182294.11
Sales: FNCXx27402@1.25 OTELx11157@3.00 MATRx6052@5.79 TROVx17280@2.36 MNTXx4931@7.86 
Purchases: MAGSx9324@3.91 SEMx3589@10.16 AXASx16652@2.19 HRGx4200@8.68 PHMDx3048@11.96 

2012-08-13
Cash: 14.64
Held: AXASx16652@2.14 SEMx3589@10.33 MAGSx9324@3.81 HRGx4200@8.61 PHMDx3048@12.27 
Value: 181826.31
Sales: MAGSx9324@3.81 SEMx3589@10.33 PHMDx3048@12.27 HRGx4200@8.61 AXASx16652@2.14 
Purchases: DRAMx3545@10.26 CDXSx15672@2.32 CWBCx14041@2.59 HSKAx4290@8.48 BF.Ax1223@29.73 

2012-08-14
Cash: 4.84
Held: BF.Ax1223@29.83 DRAMx3545@10.08 HSKAx4290@8.38 CWBCx14041@2.60 CDXSx15672@2.46 
Value: 183242.79
Sales: DRAMx3545@10.08 CDXSx15672@2.46 HSKAx4290@8.38 CWBCx14041@2.60 BF.Ax1223@29.83 
Purchases: HTHTx2700@13.57 CJJDx48236@0.76 OTELx13930@2.63 IOCx441@83.06 CAPRx333213@0.11 

2012-08-15
Cash: 27.90
Held: IOCx441@80.19 CAPRx333213@0.12 CJJDx48236@0.81 OTELx13930@2.56 HTHTx2700@13.64 
Value: 186946.62
Sales: HTHTx2700@13.64 CJJDx48236@0.81 OTELx13930@2.56 IOCx441@80.19 CAPRx333213@0.12 
Purchases: SORLx19674@1.90 NTWKx8308@4.50 BASx3179@11.76 CTRNx2993@12.49 PTXx5843@6.40 

2012-08-16
Cash: 19.06
Held: SORLx19674@1.88 BASx3179@11.85 NTWKx8308@4.61 CTRNx2993@11.51 PTXx5843@6.40 
Value: 184803.63
Sales: SORLx19674@1.88 NTWKx8308@4.61 PTXx5843@6.40 BASx3179@11.85 CTRNx2993@11.51 
Purchases: WAFDWx12320@3.00 CLNTx13488@2.74 CRMDx217359@0.17 QRHCx73921@0.50 INOx69765@0.53 

2012-08-19
Cash: 1.81
Held: WAFDWx12320@3.00 INOx69765@0.57 QRHCx73921@0.50 CLNTx13488@2.81 CRMDx217359@0.18 
Value: 190721.04
Sales: CRMDx217359@0.18 CLNTx13488@2.81 INOx69765@0.57 WAFDWx12320@3.00 QRHCx73921@0.50 
Purchases: CGAx10625@3.59 INSYx4597@8.30 MEETx15139@2.52 PLPMx13107@2.91 GCBCx2042@18.67 

2012-08-20
Cash: 23.65
Held: PLPMx13107@2.90 MEETx15139@2.45 INSYx4597@8.30 GCBCx2042@18.67 CGAx10625@3.65 
Value: 190171.89
Sales: CGAx10625@3.65 MEETx15139@2.45 GCBCx2042@18.67 PLPMx13107@2.90 INSYx4597@8.30 
Purchases: ACYx3293@11.55 LIVEx7606@5.00 IOCx485@78.38 ABIOx2586@14.70 ANTHx5869@6.48 

2012-08-21
Cash: 50.01
Held: ANTHx5869@6.69 LIVEx7606@5.01 IOCx485@78.00 ABIOx2586@15.12 ACYx3293@11.30 
Value: 191564.66
Sales: ACYx3293@11.30 LIVEx7606@5.01 IOCx485@78.00 ANTHx5869@6.69 ABIOx2586@15.12 
Purchases: CFBKx23791@1.61 IFMIx35154@1.09 IMUCx15642@2.45 RDCMx12647@3.03 ENGx47902@0.80 

2012-08-22
Cash: 5.98
Held: IMUCx15642@2.35 IFMIx35154@1.10 ENGx47902@0.79 RDCMx12647@3.05 CFBKx23791@1.59 
Value: 189665.89
Sales: IMUCx15642@2.35 IFMIx35154@1.10 CFBKx23791@1.59 RDCMx12647@3.05 ENGx47902@0.79 
Purchases: CFBKx23859@1.59 BRNx13696@2.77 SNGXx126423@0.30 SWMx1171@32.38 PYDSx541845@0.07 

2012-08-23
Cash: 24.99
Held: BRNx13696@3.30 SWMx1171@32.56 PYDSx541845@0.10 SNGXx126423@0.39 CFBKx23859@1.51 
Value: 222847.34
Sales: CFBKx23859@1.51 BRNx13696@3.30 PYDSx541845@0.10 SWMx1171@32.56 SNGXx126423@0.39 
Purchases: GESx1726@25.81 BIGx1474@30.23 SANDx4589@9.71 RVLTx342829@0.13 FGPx2336@19.08 

2012-08-26
Cash: 30.06
Held: RVLTx342829@0.17 GESx1726@26.64 FGPx2336@19.69 BIGx1474@30.38 SANDx4589@10.00 
Value: 240960.52
Sales: GESx1726@26.64 FGPx2336@19.69 SANDx4589@10.00 RVLTx342829@0.17 BIGx1474@30.38 
Purchases: CHHx1529@31.50 HRTx22616@2.13 HRGx6101@7.90 HOLIx5308@9.08 FREDx3594@13.41 

2012-08-27
Cash: 48.39
Held: HRTx22616@2.40 HRGx6101@7.88 CHHx1529@32.06 HOLIx5308@9.42 FREDx3594@13.50 
Value: 249958.71
Sales: CHHx1529@32.06 HRTx22616@2.40 HRGx6101@7.88 HOLIx5308@9.42 FREDx3594@13.50 
Purchases: PPHMx24995@2.00 DGLYx7321@6.83 APDNx6884@7.26 OTTWx8441@5.92 AMCNx32668@1.53 

2012-08-28
Cash: 12.81
Held: AMCNx32668@1.49 APDNx6884@6.72 PPHMx24995@2.39 DGLYx7321@6.17 OTTWx8441@6.00 
Value: 250531.63
Sales: AMCNx32668@1.49 DGLYx7321@6.17 APDNx6884@6.72 OTTWx8441@6.00 PPHMx24995@2.39 
Purchases: WLDNx41748@1.20 WPCSx71560@0.70 MTSLx17890@2.80 CVTIx9959@5.03 SOHUx1228@40.78 

2012-08-29
Cash: 28.33
Held: WPCSx71560@0.70 CVTIx9959@4.91 WLDNx41748@1.29 SOHUx1228@40.00 MTSLx17890@2.90 
Value: 253899.09
Sales: SOHUx1228@40.00 WPCSx71560@0.70 MTSLx17890@2.90 CVTIx9959@4.91 WLDNx41748@1.29 
Purchases: SITOx181337@0.28 WGBSx846364@0.06 CYRXx11139@4.56 ARQLx8990@5.65 DYx3340@15.20 

2012-08-30
Cash: 3.58
Held: DYx3340@14.86 WGBSx846364@0.06 ARQLx8990@5.38 CYRXx11139@4.56 SITOx181337@0.30 
Value: 253958.16
Sales: SITOx181337@0.30 CYRXx11139@4.56 WGBSx846364@0.06 ARQLx8990@5.38 DYx3340@14.86 
Purchases: CIENx3734@13.60 PBTx3347@15.17 ROSGx8803@5.77 OESXx34558@1.47 JKSx16766@3.03 

2012-09-03
Cash: 20.48
Held: CIENx3734@13.65 PBTx3347@15.57 JKSx16766@3.21 OESXx34558@1.52 ROSGx8803@5.22 
Value: 255384.77
Sales: PBTx3347@15.57 ROSGx8803@5.22 CIENx3734@13.65 OESXx34558@1.52 JKSx16766@3.21 
Purchases: FSLRx2580@19.80 GRVYx38401@1.33 CAPRx464397@0.11 EBRx7982@6.40 GTIMx36755@1.39 

2012-09-04
Cash: 6.78
Held: EBRx7982@6.43 CAPRx464397@0.12 FSLRx2580@19.27 GTIMx36755@1.43 GRVYx38401@1.31 
Value: 259596.21
Sales: FSLRx2580@19.27 GRVYx38401@1.31 CAPRx464397@0.12 EBRx7982@6.43 GTIMx36755@1.43 
Purchases: ZSLx1100@47.19 BWENx29668@1.75 RVLTx432677@0.12 DZSIx89503@0.58 BORNx23277@2.23 

2012-09-05
Cash: 14.48
Held: DZSIx89503@0.58 RVLTx432677@0.14 ZSLx1100@46.00 BWENx29668@1.85 BORNx23277@2.18 
Value: 268725.12
Sales: ZSLx1100@46.00 BWENx29668@1.85 RVLTx432677@0.14 DZSIx89503@0.58 BORNx23277@2.18 
Purchases: UAMYx22481@2.39 CALIx31997@1.68 PBIBx30024@1.79 CPHIx173338@0.31 KLDXx44418@1.21 

2012-09-06
Cash: 3.41
Held: CALIx31997@1.50 UAMYx22481@2.64 PBIBx30024@1.79 KLDXx44418@1.22 CPHIx173338@0.30 
Value: 267294.61
Sales: UAMYx22481@2.64 CALIx31997@1.50 PBIBx30024@1.79 CPHIx173338@0.30 KLDXx44418@1.22 
Purchases: FCELx59405@0.90 CADCx12373@4.32 MTRXx5102@10.48 CACCx585@91.25 LEUx98990@0.54 

2012-09-09
Cash: 89.55
Held: MTRXx5102@10.72 FCELx59405@0.93 LEUx98990@0.50 CACCx585@90.00 CADCx12373@5.88 
Value: 284918.41
Sales: FCELx59405@0.93 CADCx12373@5.88 MTRXx5102@10.72 CACCx585@90.00 LEUx98990@0.50 
Purchases: WKHSx335111@0.17 NTPx5698@10.00 GCBCx2773@20.55 PNTRx23739@2.40 MEIPx158240@0.36 

2012-09-10
Cash: 12.06
Held: MEIPx158240@0.39 GCBCx2773@20.55 NTPx5698@10.54 WKHSx335111@0.22 PNTRx23739@2.39 
Value: 309202.37
Sales: MEIPx158240@0.39 NTPx5698@10.54 PNTRx23739@2.39 WKHSx335111@0.22 GCBCx2773@20.55 
Purchases: IMNPx618555@0.10 MLNXx603@102.44 GERNx49472@1.25 SUMRx26319@2.35 MSBFx11243@5.50 

2012-09-11
Cash: 76.29
Held: MSBFx11243@5.51 GERNx49472@1.27 IMNPx618555@0.13 MLNXx603@103.00 SUMRx26319@2.32 
Value: 328443.27
Sales: MSBFx11243@5.51 IMNPx618555@0.13 GERNx49472@1.27 SUMRx26319@2.32 MLNXx603@103.00 
Purchases: PPHMx16422@4.00 CYTRx16841@3.90 UWNx81091@0.81 CENTx5855@11.22 AMRNx4902@13.40 

2012-09-12
Cash: 15.41
Held: AMRNx4902@13.56 UWNx81091@0.92 CENTx5855@11.36 PPHMx16422@4.18 CYTRx16841@3.88 
Value: 341601.69
Sales: PPHMx16422@4.18 AMRNx4902@13.56 UWNx81091@0.92 CENTx5855@11.36 CYTRx16841@3.88 
Purchases: FSBCx10931@6.25 DGLYx16704@4.09 CIGx7121@9.59 DEEx2751@24.83 CIG.Cx6111@11.18 

2012-09-13
Cash: 27.85
Held: CIG.Cx6111@11.13 FSBCx10931@6.05 DGLYx16704@3.89 DEEx2751@24.47 CIGx7121@10.22 
Value: 339271.81
Sales: CIGx7121@10.22 DGLYx16704@3.89 FSBCx10931@6.05 DEEx2751@24.47 CIG.Cx6111@11.13 
Purchases: SGOCx56999@1.19 WKHSx423999@0.16 SBOTx218843@0.31 PBIBx38114@1.78 NNBRx8295@8.18 

2012-09-16
Cash: 6.17
Held: NNBRx8295@8.89 SGOCx56999@1.20 PBIBx38114@1.93 SBOTx218843@0.30 WKHSx423999@0.15 
Value: 344985.73
Sales: SGOCx56999@1.20 WKHSx423999@0.15 SBOTx218843@0.30 PBIBx38114@1.93 NNBRx8295@8.89 
Purchases: ERYx1655@41.69 ABEOx135350@0.51 YANGx5349@12.90 CTICx229@300.00 DAIOx31654@2.18 

2012-09-17
Cash: 306.57
Held: CTICx229@295.00 DAIOx31654@2.17 ERYx1655@42.78 ABEOx135350@0.45 YANGx5349@13.63 
Value: 341174.06
Sales: ABEOx135350@0.45 DAIOx31654@2.17 YANGx5349@13.63 CTICx229@295.00 ERYx1655@42.78 
Purchases: AKSx12232@5.58 MLSSx272939@0.25 CORTx25936@2.63 LAWSx11240@6.07 IMHx10323@6.61 

2012-09-18
Cash: 14.82
Held: MLSSx272939@0.25 IMHx10323@7.55 CORTx25936@2.66 AKSx12232@5.55 LAWSx11240@6.00 
Value: 350527.26
Sales: CORTx25936@2.66 MLSSx272939@0.25 LAWSx11240@6.00 AKSx12232@5.55 IMHx10323@7.55 
Purchases: WRNx82467@0.85 HNIx2675@26.20 WPCSx109516@0.64 SSNx65499@1.07 COOLx1304@53.75 

2012-09-19
Cash: 29.28
Held: WPCSx109516@0.57 SSNx65499@1.09 HNIx2675@26.33 COOLx1304@56.28 WRNx82467@0.79 
Value: 342788.46
Sales: HNIx2675@26.33 WRNx82467@0.79 WPCSx109516@0.57 COOLx1304@56.28 SSNx65499@1.09 
Purchases: GRBKx9141@7.50 USATx53549@1.28 SSYSx1179@58.12 VALUx7977@8.59 LKQx3674@18.66 

2012-09-20
Cash: 48.82
Held: GRBKx9141@7.35 LKQx3674@18.98 SSYSx1179@59.12 VALUx7977@8.85 USATx53549@1.31 
Value: 347441.51
Sales: GRBKx9141@7.35 USATx53549@1.31 SSYSx1179@59.12 VALUx7977@8.85 LKQx3674@18.98 
Purchases: INODx17905@3.88 CDXCx24120@2.88 CGENx16861@4.12 GRBKx9452@7.35 CPRXx36565@1.90 

2012-09-23
Cash: 7.89
Held: CPRXx36565@1.98 GRBKx9452@7.11 CGENx16861@4.08 CDXCx24120@2.55 INODx17905@3.76 
Value: 337226.25
Sales: INODx17905@3.76 GRBKx9452@7.11 CGENx16861@4.08 CDXCx24120@2.55 CPRXx36565@1.98 
Purchases: CNETx70258@0.96 XPOx5460@12.35 SNGXx182226@0.37 SWKSx2766@24.38 PEIXx168654@0.40 

2012-09-24
Cash: 30.43
Held: CNETx70258@0.95 XPOx5460@12.10 SWKSx2766@24.34 PEIXx168654@0.40 SNGXx182226@0.37 
Value: 335088.70
Sales: CNETx70258@0.95 SWKSx2766@24.34 SNGXx182226@0.37 XPOx5460@12.10 PEIXx168654@0.40 
Purchases: MVISx31165@2.15 FPPx14441@4.64 CDXSx20559@3.26 TRTx44104@1.52 VGx29915@2.24 

2012-09-25
Cash: 4.97
Held: VGx29915@2.27 TRTx44104@1.42 CDXSx20559@3.17 MVISx31165@2.24 FPPx14441@4.54 
Value: 331058.16
Sales: MVISx31165@2.24 CDXSx20559@3.17 TRTx44104@1.42 FPPx14441@4.54 VGx29915@2.27 
Purchases: MEIPx135128@0.49 WFBIx6615@10.01 PLBCx19709@3.36 AKO.Bx1890@35.03 RGSEx94561@0.70 

2012-09-26
Cash: 14.93
Held: MEIPx135128@0.57 PLBCx19709@3.36 RGSEx94561@0.70 AKO.Bx1890@35.12 WFBIx6615@10.01 
Value: 342023.16
Sales: MEIPx135128@0.57 WFBIx6615@10.01 PLBCx19709@3.36 AKO.Bx1890@35.12 RGSEx94561@0.70 
Purchases: UAMYx34901@1.96 BFRx16050@4.26 CETVx10222@6.69 MGHx108598@0.63 MTGx47169@1.45 

2012-09-27
Cash: 10.14
Held: UAMYx34901@1.99 MGHx108598@0.64 MTGx47169@1.49 BFRx16050@4.15 CETVx10222@6.64 
Value: 343744.64
Sales: UAMYx34901@1.99 BFRx16050@4.15 CETVx10222@6.64 MGHx108598@0.64 MTGx47169@1.49 
Purchases: PGNXx22841@3.01 PPHMx65487@1.05 MHOx3517@19.55 BAKx4816@14.27 TCCOx11956@5.75 

2012-09-30
Cash: 15.79
Held: PGNXx22841@2.90 BAKx4816@14.11 PPHMx65487@0.98 MHOx3517@19.38 TCCOx11956@5.70 
Value: 334672.07
Sales: PPHMx65487@0.98 MHOx3517@19.38 TCCOx11956@5.70 PGNXx22841@2.90 BAKx4816@14.11 
Purchases: XBKSx44622@1.50 PPHMx68301@0.98 LUNAx41314@1.62 ASTCx71211@0.94 SAJAx119513@0.56 

2012-10-01
Cash: 3.46
Held: ASTCx71211@0.94 SAJAx119513@0.56 PPHMx68301@0.83 LUNAx41314@1.80 XBKSx44622@1.69 
Value: 340354.56
Sales: XBKSx44622@1.69 PPHMx68301@0.83 LUNAx41314@1.80 ASTCx71211@0.94 SAJAx119513@0.56 
Purchases: TGSx43080@1.58 GMANx4761@14.30 CRVPx68070@1.00 AHPIx12841@5.30 HUSAx100078@0.68 

2012-10-02
Cash: 9.40
Held: CRVPx68070@1.00 HUSAx100078@0.64 TGSx43080@1.57 AHPIx12841@5.14 GMANx4761@14.24 
Value: 333609.89
Sales: TGSx43080@1.57 CRVPx68070@1.00 GMANx4761@14.24 AHPIx12841@5.14 HUSAx100078@0.64 
Purchases: CNETx53377@1.25 MDLZx2367@28.19 PRPHx53377@1.25 CLBx667@99.94 EXPRx5727@11.65 

2012-10-03
Cash: 78.66
Held: PRPHx53377@1.39 CNETx53377@1.12 EXPRx5727@11.33 CLBx667@100.75 MDLZx2367@27.88 
Value: 332098.97
Sales: CNETx53377@1.12 EXPRx5727@11.33 CLBx667@100.75 PRPHx53377@1.39 MDLZx2367@27.88 
Purchases: PZEx14696@4.52 NCTYx15817@4.20 EDNx32082@2.07 SKXx3829@17.34 UCBAx10998@6.04 

2012-10-04
Cash: 14.30
Held: EDNx32082@2.10 NCTYx15817@4.28 SKXx3829@17.77 UCBAx10998@6.25 PZEx14696@4.67 
Value: 340510.45
Sales: NCTYx15817@4.28 PZEx14696@4.67 EDNx32082@2.10 SKXx3829@17.77 UCBAx10998@6.25 
Purchases: FSIx47634@1.43 NETEx7825@8.70 OPHCx128546@0.53 HMSYx2455@27.73 RGSEx113485@0.60 

2012-10-07
Cash: 15.03
Held: RGSEx113485@0.52 HMSYx2455@27.62 FSIx47634@1.40 OPHCx128546@0.50 NETEx7825@8.56 
Value: 324829.59
Sales: RGSEx113485@0.52 OPHCx128546@0.50 FSIx47634@1.40 NETEx7825@8.56 HMSYx2455@27.62 
Purchases: CBMXx51@1263.00 SRPTx1830@35.50 QRHCx191026@0.34 ANIPx43310@1.50 RNVAx15286@4.25 

2012-10-08
Cash: 555.46
Held: ANIPx43310@1.50 SRPTx1830@32.84 QRHCx191026@0.37 RNVAx15286@4.42 CBMXx51@1372.00 
Value: 333891.31
Sales: CBMXx51@1372.00 SRPTx1830@32.84 QRHCx191026@0.37 ANIPx43310@1.50 RNVAx15286@4.42 
Purchases: IQNTx8673@7.70 LIVEx16204@4.12 TXMDx26711@2.50 GDOTx6519@10.24 CBAKx26711@2.50 

2012-10-09
Cash: 13.96
Held: LIVEx16204@4.20 TXMDx26711@2.50 IQNTx8673@7.61 GDOTx6519@9.76 CBAKx26711@2.30 
Value: 325899.06
Sales: IQNTx8673@7.61 LIVEx16204@4.20 TXMDx26711@2.50 GDOTx6519@9.76 CBAKx26711@2.30 
Purchases: GECx46544@1.40 EWx1564@41.66 OCx2127@30.64 ACFCx30310@2.15 MBVXx50525@1.29 

2012-10-10
Cash: 38.73
Held: ACFCx30310@2.19 EWx1564@44.03 GECx46544@1.41 OCx2127@30.44 MBVXx50525@1.28 
Value: 330326.62
Sales: GECx46544@1.41 EWx1564@44.03 OCx2127@30.44 ACFCx30310@2.19 MBVXx50525@1.28 
Purchases: HUSAx140573@0.47 UNISx28592@2.31 RNVAx16811@3.93 RPRXx4479@14.75 FOEx23183@2.85 

2012-10-11
Cash: 8.55
Held: RPRXx4479@14.65 HUSAx140573@0.48 FOEx23183@2.79 RNVAx16811@3.70 UNISx28592@2.16 
Value: 321700.79
Sales: HUSAx140573@0.48 UNISx28592@2.16 RNVAx16811@3.70 RPRXx4479@14.65 FOEx23183@2.79 
Purchases: IMMYx25635@2.51 WSO.Bx938@68.56 ARWRx27964@2.30 OHRPx41515@1.55 ARLx20889@3.08 

2012-10-14
Cash: 32.38
Held: OHRPx41515@1.48 IMMYx25635@2.60 ARWRx27964@2.28 WSO.Bx938@68.75 ARLx20889@3.20 
Value: 323189.27
Sales: IMMYx25635@2.60 ARLx20889@3.20 ARWRx27964@2.28 OHRPx41515@1.48 WSO.Bx938@68.75 
Purchases: OPHCx140529@0.46 DLTRx1569@41.19 SSYx54792@1.18 SUMRx41445@1.56 AMDx23175@2.79 

2012-10-15
Cash: 17.88
Held: SSYx54792@1.21 DLTRx1569@40.53 OPHCx140529@0.48 AMDx23175@2.76 SUMRx41445@1.44 
Value: 321014.94
Sales: DLTRx1569@40.53 SSYx54792@1.21 OPHCx140529@0.48 SUMRx41445@1.44 AMDx23175@2.76 
Purchases: HIFSx912@70.38 CBMXx56@1130.00 DCTHx36687@1.75 GIGAx40136@1.60 SHGx1900@33.78 

2012-10-16
Cash: 964.39
Held: HIFSx912@70.44 GIGAx40136@1.61 DCTHx36687@1.73 SHGx1900@34.38 CBMXx56@1035.00 
Value: 316594.67
Sales: HIFSx912@70.44 CBMXx56@1035.00 SHGx1900@34.38 GIGAx40136@1.61 DCTHx36687@1.73 
Purchases: MYOSx211028@0.30 IONSx6263@10.11 BPIx6401@9.89 GROWx12087@5.24 WDFCx1330@47.59 

2012-10-17
Cash: 36.27
Held: BPIx6401@9.92 GROWx12087@5.40 IONSx6263@9.62 MYOSx211028@0.30 WDFCx1330@47.75 
Value: 315855.75
Sales: BPIx6401@9.92 IONSx6263@9.62 MYOSx211028@0.30 GROWx12087@5.40 WDFCx1330@47.75 
Purchases: PRKRx38276@1.65 DHTx11199@5.64 FTNTx3158@20.00 DSSx19614@3.22 IOCx865@73.00 

2012-10-18
Cash: 40.17
Held: IOCx865@72.62 DHTx11199@5.65 DSSx19614@3.16 PRKRx38276@1.62 FTNTx3158@19.70 
Value: 312335.03
Sales: PRKRx38276@1.62 DHTx11199@5.65 IOCx865@72.62 DSSx19614@3.16 FTNTx3158@19.70 
Purchases: MLNXx811@77.00 APOLx2967@21.05 OBASx11097@5.63 BNCNx7808@8.00 INVEx58363@1.07 

2012-10-21
Cash: 47.33
Held: INVEx58363@1.11 OBASx11097@5.65 APOLx2967@20.44 BNCNx7808@7.92 MLNXx811@76.50 
Value: 312065.05
Sales: MLNXx811@76.50 INVEx58363@1.11 OBASx11097@5.65 BNCNx7808@7.92 APOLx2967@20.44 
Purchases: GEOSx951@65.62 PXLWx25895@2.41 CBLIx1705@36.59 IBIOx60010@1.04 MSLIx49162@1.27 

2012-10-22
Cash: 26.89
Held: CBLIx1705@35.41 PXLWx25895@2.35 GEOSx951@65.88 MSLIx49162@1.30 IBIOx60010@1.01 
Value: 308381.84
Sales: CBLIx1705@35.41 MSLIx49162@1.30 GEOSx951@65.88 IBIOx60010@1.01 PXLWx25895@2.35 
Purchases: AXRx9460@6.52 AVIDx9276@6.65 BLDPx81178@0.76 FDMLx8279@7.45 MMYTx4199@14.69 

2012-10-23
Cash: 15.02
Held: MMYTx4199@14.93 AXRx9460@6.62 FDMLx8279@7.57 BLDPx81178@0.74 AVIDx9276@6.65 
Value: 309776.60
Sales: AXRx9460@6.62 BLDPx81178@0.74 AVIDx9276@6.65 MMYTx4199@14.93 FDMLx8279@7.57 
Purchases: MNSTx1441@42.97 BDSIx12391@5.00 LLITx36885@1.68 TEUMx52044@1.19 SSNx86023@0.72 

2012-10-24
Cash: 38.59
Held: TEUMx52044@1.22 SSNx86023@0.75 LLITx36885@1.62 MNSTx1441@47.81 BDSIx12391@5.09 
Value: 319759.38
Sales: LLITx36885@1.62 MNSTx1441@47.81 BDSIx12391@5.09 TEUMx52044@1.22 SSNx86023@0.75 
Purchases: IMMYx37614@1.70 ABACx12300@5.20 IRBTx3462@18.47 UTHRx1437@44.50 TPXx2486@25.72 

2012-10-25
Cash: 35.72
Held: ABACx12300@5.04 IRBTx3462@18.20 TPXx2486@25.73 UTHRx1437@45.81 IMMYx37614@1.59 
Value: 314644.01
Sales: IMMYx37614@1.59 ABACx12300@5.04 IRBTx3462@18.20 UTHRx1437@45.81 TPXx2486@25.73 
Purchases: TBIx4685@13.43 SPRx4206@14.96 DHTx14565@4.32 KONEx273626@0.23 NFXx2310@27.23 

2012-10-30
Cash: 34.82
Held: DHTx14565@4.30 SPRx4206@14.69 KONEx273626@0.27 NFXx2310@27.11 TBIx4685@12.89 
Value: 321350.93
Sales: TBIx4685@12.89 SPRx4206@14.69 DHTx14565@4.30 KONEx273626@0.27 NFXx2310@27.11 
Purchases: HMSYx3111@20.66 QTMx55868@1.15 JNPx97356@0.66 CLGXx2734@23.50 NYTx7849@8.19 

2012-10-31
Cash: 36.45
Held: NYTx7849@8.22 JNPx97356@0.68 CLGXx2734@23.94 HMSYx3111@23.05 QTMx55868@1.03 
Value: 325467.88
Sales: HMSYx3111@23.05 QTMx55868@1.03 JNPx97356@0.68 CLGXx2734@23.94 NYTx7849@8.22 
Purchases: IQNTx13933@4.67 WMLPx7526@8.65 PBIBx46482@1.40 BCRXx22842@2.85 ESIOx6077@10.71 

2012-11-01
Cash: 12.40
Held: PBIBx46482@1.14 BCRXx22842@2.71 IQNTx13933@4.83 ESIOx6077@11.03 WMLPx7526@8.79 
Value: 315362.43
Sales: IQNTx13933@4.83 WMLPx7526@8.79 PBIBx46482@1.14 ESIOx6077@11.03 BCRXx22842@2.71 
Purchases: ABEOx180156@0.35 ZUMZx2992@21.08 DDPx1982@31.81 ABMDx4423@14.26 ENGx161768@0.39 

2012-11-04
Cash: 37.67
Held: ZUMZx2992@20.12 ABEOx180156@0.35 ENGx161768@0.40 DDPx1982@34.94 ABMDx4423@13.92 
Value: 318837.84
Sales: ABEOx180156@0.35 ZUMZx2992@20.12 DDPx1982@34.94 ABMDx4423@13.92 ENGx161768@0.40 
Purchases: GBXx4588@13.90 DFFNx375006@0.17 GLUUx24999@2.55 URREx159457@0.40 PTIEx20367@3.13 

2012-11-05
Cash: 3.89
Held: PTIEx20367@3.08 GLUUx24999@2.50 DFFNx375006@0.15 URREx159457@0.41 GBXx4588@13.60 
Value: 309260.72
Sales: GBXx4588@13.60 DFFNx375006@0.15 GLUUx24999@2.50 URREx159457@0.41 PTIEx20367@3.08 
Purchases: NEUx246@251.38 NCMIx4455@13.88 CRUSx1881@32.88 SFLYx2273@27.20 PAGx2153@28.72 

2012-11-06
Cash: 72.49
Held: PAGx2153@28.27 NCMIx4455@13.85 SFLYx2273@27.02 NEUx246@251.38 CRUSx1881@32.56 
Value: 307131.92
Sales: NEUx246@251.38 NCMIx4455@13.85 CRUSx1881@32.56 SFLYx2273@27.02 PAGx2153@28.27 
Purchases: TRTx40950@1.50 BSFTx2072@29.64 MMYTx5122@11.99 EBIXx29530@2.08 ARCIx30863@1.99 

2012-11-07
Cash: 18.25
Held: MMYTx5122@13.38 EBIXx29530@2.06 TRTx40950@1.57 ARCIx30863@1.93 BSFTx2072@32.28 
Value: 320159.96
Sales: ARCIx30863@1.93 BSFTx2072@32.28 MMYTx5122@13.38 EBIXx29530@2.06 TRTx40950@1.57 
Purchases: RVLTx116463@0.55 PLXSx3123@20.50 OCLRx41316@1.55 ANTHx9763@6.56 VVUSx5900@10.85 

2012-11-08
Cash: 19.06
Held: ANTHx9763@5.76 RVLTx116463@0.62 PLXSx3123@21.73 VVUSx5900@10.02 OCLRx41316@1.55 
Value: 319537.89
Sales: OCLRx41316@1.55 VVUSx5900@10.02 PLXSx3123@21.73 RVLTx116463@0.62 ANTHx9763@5.76 
Purchases: BWENx29059@2.20 BCRXx45635@1.40 SSNx95395@0.67 SYPRx17754@3.60 CPRXx135982@0.47 

2012-11-11
Cash: 1.75
Held: CPRXx135982@0.41 SYPRx17754@3.66 SSNx95395@0.62 BCRXx45635@1.54 BWENx29059@2.26 
Value: 315827.12
Sales: BWENx29059@2.26 BCRXx45635@1.54 SSNx95395@0.62 SYPRx17754@3.66 CPRXx135982@0.41 
Purchases: IMNPx2105599@0.03 CALIx39488@1.60 PGNXx35287@1.79 ARRYx17789@3.55 CPRXx154095@0.41 

2012-11-12
Cash: 0.98
Held: CPRXx154095@0.40 PGNXx35287@1.48 CALIx39488@1.70 IMNPx2105599@0.10 ARRYx17789@3.41 
Value: 452174.31
Sales: IMNPx2105599@0.10 CALIx39488@1.70 PGNXx35287@1.48 ARRYx17789@3.41 CPRXx154095@0.40 
Purchases: IDNx95175@0.95 ERFx7321@12.35 GSTx107680@0.84 CECOx31627@2.86 CPRXx226142@0.40 

2012-11-13
Cash: 11.14
Held: CPRXx226142@0.49 CECOx31627@2.63 ERFx7321@12.29 GSTx107680@0.82 IDNx95175@1.02 
Value: 469305.49
Sales: IDNx95175@1.02 ERFx7321@12.29 GSTx107680@0.82 CECOx31627@2.63 CPRXx226142@0.49 
Purchases: GOROx6473@14.50 OMERx14218@6.60 NKTRx13929@6.74 VIRCx44704@2.10 JBNx4891@19.19 

2012-11-14
Cash: 21.45
Held: VIRCx44704@2.15 GOROx6473@12.67 NKTRx13929@6.13 OMERx14218@6.24 JBNx4891@17.97 
Value: 440128.14
Sales: OMERx14218@6.24 NKTRx13929@6.13 JBNx4891@17.97 VIRCx44704@2.15 GOROx6473@12.67 
Purchases: CBMXx149@588.00 GRBKx18042@4.88 NLSTx125715@0.70 MBIx12774@6.89 GTN.Ax57158@1.54 

2012-11-15
Cash: 419.46
Held: GRBKx18042@4.86 NLSTx125715@0.72 GTN.Ax57158@1.69 MBIx12774@7.06 CBMXx149@461.25 
Value: 434148.42
Sales: CBMXx149@461.25 GRBKx18042@4.86 NLSTx125715@0.72 MBIx12774@7.06 GTN.Ax57158@1.69 
Purchases: PLCEx1794@48.38 TSLx35451@2.45 EGASx10058@8.63 IFONx142375@0.61 NAIIx17897@4.85 

2012-11-18
Cash: 49.89
Held: PLCEx1794@46.62 IFONx142375@0.60 EGASx10058@8.61 TSLx35451@2.42 NAIIx17897@4.71 
Value: 425827.43
Sales: EGASx10058@8.61 IFONx142375@0.60 PLCEx1794@46.62 TSLx35451@2.42 NAIIx17897@4.71 
Purchases: SBx24064@3.54 DGLYx18975@4.49 PNTRx31551@2.70 OTTWx13626@6.25 DGSEx15235@5.59 

2012-11-19
Cash: 11.48
Held: DGSEx15235@5.12 SBx24064@3.50 DGLYx18975@4.49 OTTWx13626@6.36 PNTRx31551@3.10 
Value: 431869.10
Sales: SBx24064@3.50 DGLYx18975@4.49 PNTRx31551@3.10 OTTWx13626@6.36 DGSEx15235@5.12 
Purchases: SGOCx64938@1.33 CALIx20762@4.16 RCONx46186@1.87 CLNTx23661@3.65 ARCIx62595@1.38 

2012-11-20
Cash: 4.43
Held: RCONx46186@2.06 CALIx20762@4.79 SGOCx64938@1.38 CLNTx23661@4.35 ARCIx62595@1.36 
Value: 472323.72
Sales: SGOCx64938@1.38 CALIx20762@4.79 RCONx46186@2.06 CLNTx23661@4.35 ARCIx62595@1.36 
Purchases: RAVNx3900@24.22 UTSIx106123@0.89 CRMDx262323@0.36 MAGx9596@9.84 LRNx5807@16.27 

2012-11-22
Cash: 27.05
Held: MAGx9596@10.15 RAVNx3900@24.20 CRMDx262323@0.39 UTSIx106123@0.89 LRNx5807@16.27 
Value: 482999.89
Sales: RAVNx3900@24.20 CRMDx262323@0.39 UTSIx106123@0.89 MAGx9596@10.15 LRNx5807@16.27 
Purchases: LTBRx69513@1.39 SCONx357751@0.27 HHx254288@0.38 EBRx30380@3.18 GTIMx49782@1.94 

2012-11-25
Cash: 4.49
Held: EBRx30380@3.29 HHx254288@0.37 LTBRx69513@1.30 GTIMx49782@1.80 SCONx357751@0.29 
Value: 477755.53
Sales: LTBRx69513@1.30 SCONx357751@0.29 HHx254288@0.37 EBRx30380@3.29 GTIMx49782@1.80 
Purchases: MEIPx63700@1.50 HHx258164@0.37 IPCIx44034@2.17 HCHCx8275@11.55 MARKx112400@0.85 

2012-11-26
Cash: 2.89
Held: MEIPx63700@1.48 HHx258164@0.39 IPCIx44034@1.99 MARKx112400@0.85 HCHCx8275@11.78 
Value: 475643.78
Sales: MEIPx63700@1.48 HHx258164@0.39 IPCIx44034@1.99 HCHCx8275@11.78 MARKx112400@0.85 
Purchases: SRVx12182@7.81 SHIPx74932@1.27 VIVEx679420@0.14 RNNx211420@0.45 PFHx4775@19.92 

2012-11-27
Cash: 6.59
Held: SHIPx74932@1.39 SRVx12182@7.80 VIVEx679420@0.18 RNNx211420@0.46 PFHx4775@20.41 
Value: 516181.72
Sales: VIVEx679420@0.18 SHIPx74932@1.39 SRVx12182@7.80 RNNx211420@0.46 PFHx4775@20.41 
Purchases: WMLPx19040@5.42 CALIx25050@4.12 CYRXx44121@2.34 GBRx86721@1.19 DGSEx20598@5.01 

2012-11-28
Cash: 12.94
Held: CALIx25050@4.00 DGSEx20598@5.44 CYRXx44121@2.58 GBRx86721@1.42 WMLPx19040@5.40 
Value: 552053.95
Sales: WMLPx19040@5.40 CALIx25050@4.00 CYRXx44121@2.58 GBRx86721@1.42 DGSEx20598@5.44 
Purchases: CFNBx6801@16.23 STVx54408@2.03 UTIx12257@9.01 FFHLx85587@1.29 CBAKx49718@2.22 

2012-11-29
Cash: 5.73
Held: CFNBx6801@16.38 STVx54408@2.16 FFHLx85587@1.31 UTIx12257@9.43 CBAKx49718@2.69 
Value: 590277.99
Sales: STVx54408@2.16 UTIx12257@9.43 FFHLx85587@1.31 CBAKx49718@2.69 CFNBx6801@16.38 
Purchases: MLNXx1572@75.06 CAIx5916@19.95 DDPx2802@42.12 KSSx2619@45.06 LZBx8085@14.60 

2012-12-02
Cash: 130.48
Held: LZBx8085@14.79 CAIx5916@20.20 KSSx2619@44.47 DDPx2802@41.50 MLNXx1572@74.31 
Value: 588787.65
Sales: MLNXx1572@74.31 CAIx5916@20.20 LZBx8085@14.79 DDPx2802@41.50 KSSx2619@44.47 
Purchases: ARLx42820@2.75 GBRx98115@1.20 RICx42044@2.80 AXNx588931@0.20 IXYSx14382@8.19 

2012-12-03
Cash: 9.37
Held: RICx42044@2.75 AXNx588931@0.21 IXYSx14382@8.10 GBRx98115@1.19 ARLx42820@2.76 
Value: 590771.72
Sales: GBRx98115@1.19 AXNx588931@0.21 RICx42044@2.75 ARLx42820@2.76 IXYSx14382@8.10 
Purchases: ICCCx27030@4.37 BCRXx78769@1.50 RICx42965@2.75 NUROx246164@0.48 MDRXx10665@11.08 

2012-12-04
Cash: 11.69
Held: NUROx246164@0.50 RICx42965@2.89 MDRXx10665@10.93 BCRXx78769@1.44 ICCCx27030@4.25 
Value: 592193.22
Sales: ICCCx27030@4.25 BCRXx78769@1.44 RICx42965@2.89 NUROx246164@0.50 MDRXx10665@10.93 
Purchases: GECx96254@1.23 ACURx14181@8.35 CVMx394731@0.30 APDNx10969@10.80 UEPSx33355@3.55 

2012-12-05
Cash: 16.37
Held: APDNx10969@10.80 CVMx394731@0.30 ACURx14181@8.00 GECx96254@1.23 UEPSx33355@4.10 
Value: 605579.02
Sales: GECx96254@1.23 ACURx14181@8.00 CVMx394731@0.30 APDNx10969@10.80 UEPSx33355@4.10 
Purchases: CNETx60557@2.00 FCXx3873@31.27 SSNx151431@0.80 ANIKx12940@9.36 GTN.Ax94601@1.28 

2012-12-06
Cash: 32.57
Held: SSNx151431@0.86 CNETx60557@1.94 FCXx3873@31.17 ANIKx12940@9.50 GTN.Ax94601@1.70 
Value: 652247.97
Sales: CNETx60557@1.94 FCXx3873@31.17 SSNx151431@0.86 ANIKx12940@9.50 GTN.Ax94601@1.70 
Purchases: SINOx81006@1.61 RRTSx7576@17.22 HFx9174@14.22 VBFCx111502@1.17 PPHMx115454@1.13 

2012-12-09
Cash: 9.65
Held: VBFCx111502@1.17 HFx9174@14.02 PPHMx115454@1.24 SINOx81006@1.53 RRTSx7576@17.33 
Value: 657538.52
Sales: PPHMx115454@1.24 RRTSx7576@17.33 HFx9174@14.02 VBFCx111502@1.17 SINOx81006@1.53 
Purchases: PBIBx156585@0.84 HDSNx40956@3.21 DDPx3334@39.44 FSNNx1878484@0.07 TWMCx37573@3.50 

2012-12-10
Cash: 26.67
Held: HDSNx40956@3.19 PBIBx156585@0.76 TWMCx37573@3.36 DDPx3334@37.81 FSNNx1878484@0.07 
Value: 633418.12
Sales: TWMCx37573@3.36 PBIBx156585@0.76 FSNNx1878484@0.07 DDPx3334@37.81 HDSNx40956@3.19 
Purchases: GALTx70007@1.81 GALEx64959@1.95 YTENx74085@1.71 ARCx55580@2.28 WPCSx301683@0.42 

2012-12-11
Cash: 3.73
Held: WPCSx301683@0.39 GALTx70007@1.91 GALEx64959@1.90 YTENx74085@1.64 ARCx55580@2.26 
Value: 621870.60
Sales: GALTx70007@1.91 GALEx64959@1.90 YTENx74085@1.64 WPCSx301683@0.39 ARCx55580@2.26 
Purchases: DRAMx16454@7.56 TCCOx25492@4.88 CRMDx218267@0.57 DSSx55761@2.23 GTIMx57837@2.15 

2012-12-12
Cash: 9.29
Held: DSSx55761@2.29 DRAMx16454@7.38 CRMDx218267@0.57 GTIMx57837@2.21 TCCOx25492@4.80 
Value: 623691.56
Sales: DRAMx16454@7.38 TCCOx25492@4.80 CRMDx218267@0.57 DSSx55761@2.29 GTIMx57837@2.21 
Purchases: CBMXx65@1912.00 REEDx23056@5.41 MTXx3287@37.94 NFECx119936@1.04 NGSx7538@16.55 

2012-12-13
Cash: 505.96
Held: NFECx119936@1.09 NGSx7538@16.30 REEDx23056@5.43 CBMXx65@1519.00 MTXx3287@37.62 
Value: 601658.56
Sales: CBMXx65@1519.00 REEDx23056@5.43 MTXx3287@37.62 NFECx119936@1.09 NGSx7538@16.30 
Purchases: EVIx80221@1.50 HRGx15961@7.54 PTIEx47575@2.53 RIGLx21878@5.50 ISRx171854@0.70 

2012-12-16
Cash: 4.42
Held: EVIx80221@1.40 ISRx171854@0.70 RIGLx21878@6.43 PTIEx47575@2.42 HRGx15961@7.55 
Value: 608991.02
Sales: EVIx80221@1.40 HRGx15961@7.55 PTIEx47575@2.42 RIGLx21878@6.43 ISRx171854@0.70 
Purchases: VGZx45786@2.66 ACURx9296@13.10 ABIOx8528@14.28 BBYx10084@12.08 CSPIx22145@5.50 

2012-12-17
Cash: 17.17
Held: VGZx45786@2.72 BBYx10084@12.32 CSPIx22145@5.63 ABIOx8528@17.64 ACURx9296@13.80 
Value: 652172.45
Sales: ABIOx8528@17.64 ACURx9296@13.80 BBYx10084@12.32 VGZx45786@2.72 CSPIx22145@5.63 
Purchases: MEIPx105169@1.24 NVGNx20385@6.40 ADMPx221133@0.59 VBFCx129173@1.01 UNXLx9529@13.69 

2012-12-18
Cash: 9.53
Held: MEIPx105169@9.32 VBFCx129173@1.01 NVGNx20385@7.11 UNXLx9529@13.73 ADMPx221133@0.78 
Value: 1558813.18
Sales: MEIPx105169@9.32 NVGNx20385@7.11 ADMPx221133@0.78 VBFCx129173@1.01 UNXLx9529@13.73 
Purchases: AOBCx38444@8.11 FNCXx232685@1.34 RCMTx58044@5.37 HEBx820681@0.38 NEPTx183368@1.70 

2012-12-19
Cash: 11.04
Held: NEPTx183368@2.00 RCMTx58044@5.35 FNCXx232685@1.21 AOBCx38444@8.54 HEBx820681@0.41 
Value: 1623595.69
Sales: FNCXx232685@1.21 HEBx820681@0.41 AOBCx38444@8.54 RCMTx58044@5.35 NEPTx183368@2.00 
Purchases: WKHSx1803457@0.18 ARWRx148310@2.19 NICKx26075@12.45 IFNx15532@20.91 DLBx10329@31.44 

2012-12-20
Cash: 9.73
Held: DLBx10329@31.34 NICKx26075@12.54 ARWRx148310@2.08 WKHSx1803457@0.18 IFNx15532@20.48 
Value: 1602094.20
Sales: DLBx10329@31.34 ARWRx148310@2.08 IFNx15532@20.48 WKHSx1803457@0.18 NICKx26075@12.54 
Purchases: FOLDx108645@2.95 ANIPx252391@1.27 MDRXx35602@9.00 SPHSx1393243@0.23 ABACx94230@3.40 

2012-12-23
Cash: 2.58
Held: ABACx94230@4.36 ANIPx252391@1.33 MDRXx35602@9.10 SPHSx1393243@0.23 FOLDx108645@2.76 
Value: 1690773.48
Sales: ABACx94230@4.36 SPHSx1393243@0.23 MDRXx35602@9.10 ANIPx252391@1.33 FOLDx108645@2.76 
Purchases: OPXAx272653@1.24 IDRAx450872@0.75 JKSx57596@5.87 ALXx1009@335.00 BOSCx57596@5.87 

2012-12-25
Cash: 147.83
Held: OPXAx272653@1.19 JKSx57596@5.61 ALXx1009@334.25 BOSCx57596@5.72 IDRAx450872@0.84 
Value: 1693097.02
Sales: OPXAx272653@1.19 IDRAx450872@0.84 BOSCx57596@5.72 ALXx1009@334.25 JKSx57596@5.61 
Purchases: HLFx12733@26.59 DGLYx100157@3.38 AXNx1693510@0.20 SNGXx583747@0.58 MHHx63881@5.30 

2012-12-26
Cash: 4.69
Held: HLFx12733@27.75 AXNx1693510@0.18 MHHx63881@5.18 DGLYx100157@3.17 SNGXx583747@0.58 
Value: 1645260.55
Sales: HLFx12733@27.75 DGLYx100157@3.17 AXNx1693510@0.18 SNGXx583747@0.58 MHHx63881@5.18 
Purchases: SELFx88438@3.72 PTXx43421@7.58 ROIAKx450768@0.73 NKEx6424@51.22 SCKTx365653@0.90 

2012-12-27
Cash: 26.16
Held: ROIAKx450768@0.73 SCKTx365653@0.96 PTXx43421@7.55 NKEx6424@51.44 SELFx88438@3.69 
Value: 1664675.42
Sales: NKEx6424@51.44 SELFx88438@3.69 ROIAKx450768@0.73 PTXx43421@7.55 SCKTx365653@0.96 
Purchases: ATVx20808@16.00 MEDx13056@25.50 MRVLx47037@7.08 CGNTx64667@5.15 MARKx203052@1.64 

2012-12-30
Cash: 17.75
Held: ATVx20808@15.62 MRVLx47037@7.14 CGNTx64667@5.35 MEDx13056@25.41 MARKx203052@1.69 
Value: 1681872.39
Sales: ATVx20808@15.62 MEDx13056@25.41 MRVLx47037@7.14 CGNTx64667@5.35 MARKx203052@1.69 
Purchases: SGOCx264959@1.27 PRKRx166560@2.02 EDAPx164022@2.05 ARCIx260747@1.29 ISSCx97798@3.44 

2013-01-01
Cash: 6.84
Held: SGOCx264959@1.18 PRKRx166560@2.08 ARCIx260747@1.40 ISSCx97798@3.41 EDAPx164022@2.13 
Value: 1707195.40
Sales: SGOCx264959@1.18 PRKRx166560@2.08 EDAPx164022@2.13 ARCIx260747@1.40 ISSCx97798@3.41 
Purchases: EMITFx9228@37.00 BIOPx131342@2.60 DYNTx115314@2.96 DEEx13053@26.16 RTNBx449400@0.76 

2013-01-02
Cash: 27.76
Held: DYNTx115314@3.15 EMITFx9228@37.00 DEEx13053@26.75 RTNBx449400@0.80 BIOPx131342@2.60 
Value: 1754785.77
Sales: EMITFx9228@37.00 BIOPx131342@2.60 DYNTx115314@3.15 DEEx13053@26.75 RTNBx449400@0.80 
Purchases: AEHRx408154@0.86 SMDDx10360@33.88 VXXx12443@28.20 SQQQx9557@36.72 TECSx41403@8.48 

2013-01-03
Cash: 76.44
Held: SMDDx10360@33.41 AEHRx408154@0.91 VXXx12443@28.05 TECSx41403@8.61 SQQQx9557@37.22 
Value: 1778789.92
Sales: SMDDx10360@33.41 AEHRx408154@0.91 VXXx12443@28.05 SQQQx9557@37.22 TECSx41403@8.61 
Purchases: LRADx348942@1.02 NETEx111201@3.20 CLNTx87403@4.07 IMNx87235@4.08 PLXx67114@5.30 

2013-01-06
Cash: 6.93
Held: IMNx87235@4.07 CLNTx87403@4.29 LRADx348942@1.02 PLXx67114@5.40 NETEx111201@3.20 
Value: 1803781.90
Sales: LRADx348942@1.02 NETEx111201@3.20 CLNTx87403@4.29 PLXx67114@5.40 IMNx87235@4.07 
Purchases: GSSx208473@1.73 OTELx255827@1.41 MSONx53046@6.80 GEN           x60639@5.95 GENx60639@5.95 

2013-01-07
Cash: 6.25
Held: MSONx53046@7.08 GEN           x60639@5.98 OTELx255827@1.40 GENx60639@5.98 GSSx208473@1.73 
Value: 1819785.51
Sales: GSSx208473@1.73 OTELx255827@1.40 MSONx53046@7.08 GEN           x60639@5.98 GENx60639@5.98 
Purchases: JOBx774425@0.47 IFMIx295787@1.23 CIGx46354@7.85 TSLx78099@4.66 SPRTx88736@4.10 

2013-01-08
Cash: 10.66
Held: JOBx774425@0.47 IFMIx295787@1.29 TSLx78099@5.28 SPRTx88736@4.15 CIGx46354@7.83 
Value: 1888985.51
Sales: JOBx774425@0.47 IFMIx295787@1.29 CIGx46354@7.83 TSLx78099@5.28 SPRTx88736@4.15 
Purchases: AXRx31982@11.81 JYNx5670@66.62 SVUx134889@2.80 ADMPx581313@0.65 IQNTx136411@2.77 

2013-01-09
Cash: 48.59
Held: JYNx5670@66.75 SVUx134889@3.39 IQNTx136411@2.84 AXRx31982@10.71 ADMPx581313@0.65 
Value: 1943618.92
Sales: JYNx5670@66.75 IQNTx136411@2.84 SVUx134889@3.39 ADMPx581313@0.65 AXRx31982@10.71 
Purchases: CBMXx332@1170.00 PPHMx179951@2.16 LINCx77442@5.02 VISNx93177@4.17 CGGx13@28736.00 

2013-01-10
Cash: 15443.31
Held: VISNx93177@4.19 PPHMx179951@2.18 LINCx77442@5.09 CGGx13@29456.00 CBMXx332@1089.00 
Value: 1936866.59
Sales: CBMXx332@1089.00 PPHMx179951@2.18 VISNx93177@4.19 CGGx13@29456.00 LINCx77442@5.09 
Purchases: USPHx15770@24.56 CALLx25987@14.91 MGx18377@21.08 IRLx41423@9.35 CTSOx129124@3.00 

2013-01-13
Cash: 52.77
Held: CALLx25987@14.90 MGx18377@21.14 CTSOx129124@3.05 IRLx41423@9.44 USPHx15770@25.03 
Value: 1955321.18
Sales: USPHx15770@25.03 IRLx41423@9.44 MGx18377@21.14 CALLx25987@14.90 CTSOx129124@3.05 
Purchases: GIGx236952@1.65 KBRx13455@29.06 SSNx494993@0.79 CNETx188004@2.08 XBKSx323204@1.21 

2013-01-14
Cash: 30.86
Held: SSNx494993@0.74 CNETx188004@2.12 GIGx236952@1.55 KBRx13455@28.56 XBKSx323204@1.22 
Value: 1910606.87
Sales: CNETx188004@2.12 GIGx236952@1.55 SSNx494993@0.74 KBRx13455@28.56 XBKSx323204@1.22 
Purchases: PFHx18115@21.09 FAROx12130@31.50 TGTXx98215@3.89 WSBFx56940@6.71 AMTXx57039@6.70 

2013-01-15
Cash: 43.33
Held: WSBFx56940@7.33 FAROx12130@32.50 AMTXx57039@6.70 TGTXx98215@3.80 PFHx18115@21.09 
Value: 1949055.52
Sales: PFHx18115@21.09 WSBFx56940@7.33 TGTXx98215@3.80 FAROx12130@32.50 AMTXx57039@6.70 
Purchases: GMANx33197@11.74 ZIONWx121845@3.20 SMBKx209536@1.86 VBFCx378356@1.03 MBVXx196827@1.98 

2013-01-16
Cash: 10.83
Held: VBFCx378356@1.25 ZIONWx121845@3.27 SMBKx209536@1.86 GMANx33197@12.12 MBVXx196827@1.84 
Value: 2025527.69
Sales: GMANx33197@12.12 ZIONWx121845@3.27 MBVXx196827@1.84 VBFCx378356@1.25 SMBKx209536@1.86 
Purchases: LTBRx245460@1.65 PLUGx844004@0.48 ORMPx653272@0.62 BPTHx1306545@0.31 CSPIx67385@6.01 

2013-01-17
Cash: 7.00
Held: CSPIx67385@6.01 LTBRx245460@1.81 ORMPx653272@0.70 PLUGx844004@0.50 BPTHx1306545@0.35 
Value: 2186122.13
Sales: LTBRx245460@1.81 PLUGx844004@0.50 ORMPx653272@0.70 BPTHx1306545@0.35 CSPIx67385@6.01 
Purchases: MEETx144331@3.03 CDTIx37535@11.65 ALIMx258646@1.69 CLSNx13350@32.75 NEPTx182147@2.40 

2013-01-21
Cash: 17.26
Held: MEETx144331@3.02 NEPTx182147@2.57 ALIMx258646@1.73 CLSNx13350@35.56 CDTIx37535@11.70 
Value: 2265618.92
Sales: MEETx144331@3.02 CDTIx37535@11.70 ALIMx258646@1.73 CLSNx13350@35.56 NEPTx182147@2.57 
Purchases: NTCTx18001@25.17 ARWRx212648@2.13 CRD.Ax89025@5.09 SPCBx6472519@0.07 BOSCx92503@4.90 

2013-01-22
Cash: 9.78
Held: CRD.Ax89025@4.97 NTCTx18001@25.45 ARWRx212648@2.18 BOSCx92503@4.58 SPCBx6472519@0.08 
Value: 2305443.07
Sales: ARWRx212648@2.18 NTCTx18001@25.45 BOSCx92503@4.58 SPCBx6472519@0.08 CRD.Ax89025@4.97 
Purchases: AGDx48022@9.60 LIVEx130646@3.53 IPXLx23532@19.59 ARNAx52275@8.82 AUMNx111357@4.14 

2013-01-23
Cash: 18.78
Held: AGDx48022@9.72 LIVEx130646@3.58 IPXLx23532@19.91 AUMNx111357@4.01 ARNAx52275@8.66 
Value: 2302127.78
Sales: AUMNx111357@4.01 LIVEx130646@3.58 AGDx48022@9.72 ARNAx52275@8.66 IPXLx23532@19.91 
Purchases: BWENx186354@2.47 SEVx111512@4.13 CVGIx62629@7.35 SNVx179815@2.56 CAPRx4186244@0.11 

2013-01-24
Cash: 8.52
Held: CAPRx4186244@0.11 SEVx111512@4.09 SNVx179815@2.54 CVGIx62629@7.67 BWENx186354@2.48 
Value: 2315789.35
Sales: SNVx179815@2.54 SEVx111512@4.09 CVGIx62629@7.67 BWENx186354@2.48 CAPRx4186244@0.11 
Purchases: GVPx209484@2.21 PBIBx364825@1.27 HOTRx194533@2.38 ASMx272414@1.70 MBVXx266146@1.74 

2013-01-27
Cash: 7.44
Held: PBIBx364825@1.45 HOTRx194533@2.43 GVPx209484@2.33 ASMx272414@1.73 MBVXx266146@1.75 
Value: 2427002.84
Sales: GVPx209484@2.33 PBIBx364825@1.45 HOTRx194533@2.43 ASMx272414@1.73 MBVXx266146@1.75 
Purchases: SCSSx20947@23.17 VIVEx3466784@0.14 IGCx3733710@0.13 ARCIx349297@1.39 DLHCx445385@1.09 

2013-01-28
Cash: 20.41
Held: DLHCx445385@1.03 ARCIx349297@1.48 IGCx3733710@0.14 VIVEx3466784@0.15 SCSSx20947@22.88 
Value: 2498051.00
Sales: SCSSx20947@22.88 VIVEx3466784@0.15 IGCx3733710@0.14 ARCIx349297@1.48 DLHCx445385@1.03 
Purchases: GILDx12698@39.34 TBIOx1019632@0.49 NVGNx202213@2.47 UAMx53380@9.36 ZNx434296@1.15 

2013-01-29
Cash: 32.56
Held: ZNx434296@1.05 NVGNx202213@2.34 GILDx12698@39.97 UAMx53380@9.37 TBIOx1019632@0.51 
Value: 2456422.36
Sales: GILDx12698@39.97 ZNx434296@1.05 NVGNx202213@2.34 UAMx53380@9.37 TBIOx1019632@0.51 
Purchases: WMLPx120468@4.08 VMWx6243@78.69 NVGNx209964@2.34 HBPx245642@2.00 GVx188983@2.60 

2013-01-30
Cash: 43.81
Held: GVx188983@2.71 VMWx6243@78.44 NVGNx209964@2.07 HBPx245642@2.31 WMLPx120468@3.81 
Value: 2463357.63
Sales: WMLPx120468@3.81 GVx188983@2.71 NVGNx209964@2.07 HBPx245642@2.31 VMWx6243@78.44 
Purchases: MEETx179153@2.75 NETEx187266@2.63 KTCCx52074@9.46 BHLBx20487@24.05 SHIPx239097@2.06 

2013-01-31
Cash: 28.60
Held: SHIPx239097@2.05 MEETx179153@2.71 BHLBx20487@24.20 KTCCx52074@9.68 NETEx187266@2.55 
Value: 2453620.91
Sales: MEETx179153@2.71 SHIPx239097@2.05 KTCCx52074@9.68 BHLBx20487@24.20 NETEx187266@2.55 
Purchases: LQDTx14998@32.72 SHIPx239286@2.05 CLNTx120561@4.07 HALOx73336@6.69 NVGNx246566@1.99 

2013-02-03
Cash: 15.81
Held: SHIPx239286@1.96 HALOx73336@6.42 NVGNx246566@1.93 LQDTx14998@33.72 CLNTx120561@4.15 
Value: 2421610.56
Sales: CLNTx120561@4.15 LQDTx14998@33.72 SHIPx239286@1.96 NVGNx246566@1.93 HALOx73336@6.42 
Purchases: CBTx13012@37.22 PBIBx479638@1.01 STZ.Bx14988@32.31 CKHx6918@70.00 STZx15061@32.16 

2013-02-04
Cash: 133.19
Held: CKHx6918@70.75 STZx15061@31.17 PBIBx479638@1.00 CBTx13012@36.81 STZ.Bx14988@31.56 
Value: 2390762.30
Sales: CBTx13012@36.81 PBIBx479638@1.00 STZ.Bx14988@31.56 CKHx6918@70.75 STZx15061@31.17 
Purchases: MHOx20414@23.42 RLGTx267118@1.79 ABIOx18971@25.20 CLSNx91622@5.22 KERXx71792@6.66 

2013-02-05
Cash: 49.75
Held: RLGTx267118@1.82 CLSNx91622@5.67 ABIOx18971@25.20 MHOx20414@23.91 KERXx71792@7.22 
Value: 2490355.69
Sales: MHOx20414@23.91 RLGTx267118@1.82 ABIOx18971@25.20 CLSNx91622@5.67 KERXx71792@7.22 
Purchases: KBALx55341@9.00 DRAMx89290@5.58 RMTIx86036@5.79 CUOx31623@15.75 SPGIx10740@46.38 

2013-02-06
Cash: 18.38
Held: SPGIx10740@44.50 RMTIx86036@5.83 KBALx55341@8.95 DRAMx89290@5.22 CUOx31623@17.17 
Value: 2483860.22
Sales: KBALx55341@8.95 SPGIx10740@44.50 RMTIx86036@5.83 DRAMx89290@5.22 CUOx31623@17.17 
Purchases: MPELx25536@19.45 DFFNx5518042@0.09 GLUUx237707@2.09 MCZx1034983@0.48 TTNPx225885@2.20 

2013-02-07
Cash: 20.61
Held: GLUUx237707@2.26 MPELx25536@19.98 TTNPx225885@2.18 DFFNx5518042@0.08 MCZx1034983@0.48 
Value: 2478171.72
Sales: MPELx25536@19.98 DFFNx5518042@0.08 GLUUx237707@2.26 MCZx1034983@0.48 TTNPx225885@2.18 
Purchases: TDCx7994@62.00 GIGx409628@1.21 CSGSx25979@19.08 MXCx81126@6.11 EVRIx73768@6.72 

2013-02-10
Cash: 21.32
Held: GIGx409628@1.25 TDCx7994@62.62 CSGSx25979@19.28 MXCx81126@6.05 EVRIx73768@7.09 
Value: 2527467.44
Sales: GIGx409628@1.25 TDCx7994@62.62 CSGSx25979@19.28 MXCx81126@6.05 EVRIx73768@7.09 
Purchases: BIOPx213365@2.37 PBIBx549496@0.92 OSURx83812@6.03 NUANx25254@20.02 BONTx43366@11.66 

2013-02-11
Cash: 31.70
Held: OSURx83812@5.84 PBIBx549496@1.00 NUANx25254@19.52 BONTx43366@11.53 BIOPx213365@2.48 
Value: 2561133.68
Sales: PBIBx549496@1.00 BIOPx213365@2.48 OSURx83812@5.84 NUANx25254@19.52 BONTx43366@11.53 
Purchases: CASIx218914@2.34 VIVEx4268729@0.12 VBFCx339275@1.51 WYYx966857@0.53 BBRYx33113@15.47 

2013-02-12
Cash: 13.55
Held: VBFCx339275@1.61 WYYx966857@0.59 CASIx218914@2.34 VIVEx4268729@0.12 BBRYx33113@15.10 
Value: 2641169.37
Sales: VIVEx4268729@0.12 CASIx218914@2.34 VBFCx339275@1.61 WYYx966857@0.59 BBRYx33113@15.10 
Purchases: SPPx352155@1.50 FNCXx544450@0.97 NETEx221866@2.38 VALx8528@61.94 AMTXx96042@5.50 

2013-02-13
Cash: 37.65
Held: SPPx352155@1.55 VALx8528@62.50 FNCXx544450@1.16 AMTXx96042@5.60 NETEx221866@2.50 
Value: 2803106.46
Sales: SPPx352155@1.55 FNCXx544450@1.16 NETEx221866@2.50 AMTXx96042@5.60 VALx8528@62.50 
Purchases: CLFx19156@29.27 PRCPx82104@6.83 KVHIx43809@12.80 CLSNx97301@5.76 SCKTx400332@1.40 

2013-02-14
Cash: 17.30
Held: SCKTx400332@1.25 CLFx19156@29.78 CLSNx97301@5.76 KVHIx43809@13.10 PRCPx82104@6.70 
Value: 2755541.93
Sales: CLFx19156@29.78 PRCPx82104@6.70 KVHIx43809@13.10 CLSNx97301@5.76 SCKTx400332@1.25 
Purchases: PLUGx4239136@0.13 CTLx16957@32.50 RCONx250592@2.20 DYNTx173321@3.18 UWNx626342@0.88 

