2013-03-07
Cash: 10000.00
Held: 
Value: 10000.00
Sales: 
Purchases: ABCDx45@43.50 ABACx45@43.50 ACCOx45@43.50 ACADx45@43.50 ADBEx45@43.50 

2013-03-10
Cash: 212.50
Held: ABCDx45@43.00 ABACx45@43.00 ACCOx45@43.00 ACADx45@43.00 ADBEx45@43.00 
Value: 9887.50
Sales: ABCDx45@43.00 ABACx45@43.00 ACCOx45@43.00 ACADx45@43.00 ADBEx45@43.00 
Purchases: ABCDx45@43.00 ABACx45@43.00 ACCOx45@43.00 ACADx45@43.00 ADBEx45@43.00 

2013-03-11
Cash: 212.50
Held: ABCDx45@42.81 ABACx45@42.81 ACCOx45@42.81 ACADx45@42.81 ADBEx45@42.81 
Value: 9845.31
Sales: ABCDx45@42.81 ABACx45@42.81 ACCOx45@42.81 ACADx45@42.81 ADBEx45@42.81 
Purchases: ABCDx45@42.81 ABACx45@42.81 ACCOx45@42.81 ACADx45@42.81 ADBEx45@42.81 

2013-03-12
Cash: 212.50
Held: ABCDx45@42.56 ABACx45@42.56 ACCOx45@42.56 ACADx45@42.56 ADBEx45@42.56 
Value: 9789.06
Sales: ABCDx45@42.56 ABACx45@42.56 ACCOx45@42.56 ACADx45@42.56 ADBEx45@42.56 
Purchases: ABCDx45@42.56 ABACx45@42.56 ACCOx45@42.56 ACADx45@42.56 ADBEx45@42.56 

2013-03-13
Cash: 212.50
Held: ABCDx45@43.03 ABACx45@43.03 ACCOx45@43.03 ACADx45@43.03 ADBEx45@43.03 
Value: 9894.53
Sales: ABCDx45@43.03 ABACx45@43.03 ACCOx45@43.03 ACADx45@43.03 ADBEx45@43.03 
Purchases: ABCDx45@43.03 ABACx45@43.03 ACCOx45@43.03 ACADx45@43.03 ADBEx45@43.03 

2013-03-14
Cash: 212.50
Held: ABCDx45@43.09 ABACx45@43.09 ACCOx45@43.09 ACADx45@43.09 ADBEx45@43.09 
Value: 9908.59
Sales: ABCDx45@43.09 ABACx45@43.09 ACCOx45@43.09 ACADx45@43.09 ADBEx45@43.09 
Purchases: ABCDx45@43.09 ABACx45@43.09 ACCOx45@43.09 ACADx45@43.09 ADBEx45@43.09 

2013-03-17
Cash: 212.50
Held: ABCDx45@42.47 ABACx45@42.47 ACCOx45@42.47 ACADx45@42.47 ADBEx45@42.47 
Value: 9767.97
Sales: ABCDx45@42.47 ABACx45@42.47 ACCOx45@42.47 ACADx45@42.47 ADBEx45@42.47 
Purchases: ABCDx46@42.47 ABACx46@42.47 ACCOx46@42.47 ACADx46@42.47 ADBEx46@42.47 

2013-03-18
Cash: 0.16
Held: ABCDx46@42.69 ABACx46@42.69 ACCOx46@42.69 ACADx46@42.69 ADBEx46@42.69 
Value: 9818.28
Sales: ABCDx46@42.69 ABACx46@42.69 ACCOx46@42.69 ACADx46@42.69 ADBEx46@42.69 
Purchases: ABCDx46@42.69 ABACx46@42.69 ACCOx46@42.69 ACADx46@42.69 ADBEx46@42.69 

2013-03-19
Cash: 0.16
Held: ABCDx46@42.25 ABACx46@42.25 ACCOx46@42.25 ACADx46@42.25 ADBEx46@42.25 
Value: 9717.66
Sales: ABCDx46@42.25 ABACx46@42.25 ACCOx46@42.25 ACADx46@42.25 ADBEx46@42.25 
Purchases: ABCDx46@42.25 ABACx46@42.25 ACCOx46@42.25 ACADx46@42.25 ADBEx46@42.25 

2013-03-20
Cash: 0.16
Held: ABCDx46@42.44 ABACx46@42.44 ACCOx46@42.44 ACADx46@42.44 ADBEx46@42.44 
Value: 9760.78
Sales: ABCDx46@42.44 ABACx46@42.44 ACCOx46@42.44 ACADx46@42.44 ADBEx46@42.44 
Purchases: ABCDx46@42.44 ABACx46@42.44 ACCOx46@42.44 ACADx46@42.44 ADBEx46@42.44 

2013-03-21
Cash: 0.16
Held: ABCDx46@41.78 ABACx46@41.78 ACCOx46@41.78 ACADx46@41.78 ADBEx46@41.78 
Value: 9609.84
Sales: ABCDx46@41.78 ABACx46@41.78 ACCOx46@41.78 ACADx46@41.78 ADBEx46@41.78 
Purchases: ABCDx46@41.78 ABACx46@41.78 ACCOx46@41.78 ACADx46@41.78 ADBEx46@41.78 

2013-03-24
Cash: 0.16
Held: ABCDx46@41.50 ABACx46@41.50 ACCOx46@41.50 ACADx46@41.50 ADBEx46@41.50 
Value: 9545.16
Sales: ABCDx46@41.50 ABACx46@41.50 ACCOx46@41.50 ACADx46@41.50 ADBEx46@41.50 
Purchases: ABCDx46@41.50 ABACx46@41.50 ACCOx46@41.50 ACADx46@41.50 ADBEx46@41.50 

2013-03-25
Cash: 0.16
Held: ABCDx46@41.41 ABACx46@41.41 ACCOx46@41.41 ACADx46@41.41 ADBEx46@41.41 
Value: 9523.59
Sales: ABCDx46@41.41 ABACx46@41.41 ACCOx46@41.41 ACADx46@41.41 ADBEx46@41.41 
Purchases: ABCDx46@41.41 ABACx46@41.41 ACCOx46@41.41 ACADx46@41.41 ADBEx46@41.41 

2013-03-26
Cash: 0.16
Held: ABCDx46@41.41 ABACx46@41.41 ACCOx46@41.41 ACADx46@41.41 ADBEx46@41.41 
Value: 9523.59
Sales: ABCDx46@41.41 ABACx46@41.41 ACCOx46@41.41 ACADx46@41.41 ADBEx46@41.41 
Purchases: ABCDx46@41.41 ABACx46@41.41 ACCOx46@41.41 ACADx46@41.41 ADBEx46@41.41 

2013-03-27
Cash: 0.16
Held: ABCDx46@42.09 ABACx46@42.09 ACCOx46@42.09 ACADx46@42.09 ADBEx46@42.09 
Value: 9681.72
Sales: ABCDx46@42.09 ABACx46@42.09 ACCOx46@42.09 ACADx46@42.09 ADBEx46@42.09 
Purchases: ABCDx46@42.09 ABACx46@42.09 ACCOx46@42.09 ACADx46@42.09 ADBEx46@42.09 

2013-03-31
Cash: 0.16
Held: ABCDx46@41.84 ABACx46@41.84 ACCOx46@41.84 ACADx46@41.84 ADBEx46@41.84 
Value: 9624.22
Sales: ABCDx46@41.84 ABACx46@41.84 ACCOx46@41.84 ACADx46@41.84 ADBEx46@41.84 
Purchases: ABCDx46@41.84 ABACx46@41.84 ACCOx46@41.84 ACADx46@41.84 ADBEx46@41.84 

2013-04-01
Cash: 0.16
Held: ABCDx46@41.12 ABACx46@41.12 ACCOx46@41.12 ACADx46@41.12 ADBEx46@41.12 
Value: 9458.91
Sales: ABCDx46@41.12 ABACx46@41.12 ACCOx46@41.12 ACADx46@41.12 ADBEx46@41.12 
Purchases: ABCDx46@41.12 ABACx46@41.12 ACCOx46@41.12 ACADx46@41.12 ADBEx46@41.12 

2013-04-02
Cash: 0.16
Held: ABCDx46@40.62 ABACx46@40.62 ACCOx46@40.62 ACADx46@40.62 ADBEx46@40.62 
Value: 9343.91
Sales: ABCDx46@40.62 ABACx46@40.62 ACCOx46@40.62 ACADx46@40.62 ADBEx46@40.62 
Purchases: ABCDx46@40.62 ABACx46@40.62 ACCOx46@40.62 ACADx46@40.62 ADBEx46@40.62 

2013-04-03
Cash: 0.16
Held: ABCDx46@40.53 ABACx46@40.53 ACCOx46@40.53 ACADx46@40.53 ADBEx46@40.53 
Value: 9322.34
Sales: ABCDx46@40.53 ABACx46@40.53 ACCOx46@40.53 ACADx46@40.53 ADBEx46@40.53 
Purchases: ABCDx46@40.53 ABACx46@40.53 ACCOx46@40.53 ACADx46@40.53 ADBEx46@40.53 

2013-04-04
Cash: 0.16
Held: ABCDx46@40.72 ABACx46@40.72 ACCOx46@40.72 ACADx46@40.72 ADBEx46@40.72 
Value: 9365.47
Sales: ABCDx46@40.72 ABACx46@40.72 ACCOx46@40.72 ACADx46@40.72 ADBEx46@40.72 
Purchases: ABCDx46@40.72 ABACx46@40.72 ACCOx46@40.72 ACADx46@40.72 ADBEx46@40.72 

2013-04-07
Cash: 0.16
Held: ABCDx46@41.50 ABACx46@41.50 ACCOx46@41.50 ACADx46@41.50 ADBEx46@41.50 
Value: 9545.16
Sales: ABCDx46@41.50 ABACx46@41.50 ACCOx46@41.50 ACADx46@41.50 ADBEx46@41.50 
Purchases: ABCDx46@41.50 ABACx46@41.50 ACCOx46@41.50 ACADx46@41.50 ADBEx46@41.50 

2013-04-08
Cash: 0.16
Held: ABCDx46@41.72 ABACx46@41.72 ACCOx46@41.72 ACADx46@41.72 ADBEx46@41.72 
Value: 9595.47
Sales: ABCDx46@41.72 ABACx46@41.72 ACCOx46@41.72 ACADx46@41.72 ADBEx46@41.72 
Purchases: ABCDx46@41.72 ABACx46@41.72 ACCOx46@41.72 ACADx46@41.72 ADBEx46@41.72 

2013-04-09
Cash: 0.16
Held: ABCDx46@41.72 ABACx46@41.72 ACCOx46@41.72 ACADx46@41.72 ADBEx46@41.72 
Value: 9595.47
Sales: ABCDx46@41.72 ABACx46@41.72 ACCOx46@41.72 ACADx46@41.72 ADBEx46@41.72 
Purchases: ABCDx46@41.72 ABACx46@41.72 ACCOx46@41.72 ACADx46@41.72 ADBEx46@41.72 

2013-04-10
Cash: 0.16
Held: ABCDx46@42.34 ABACx46@42.34 ACCOx46@42.34 ACADx46@42.34 ADBEx46@42.34 
Value: 9739.22
Sales: ABCDx46@42.34 ABACx46@42.34 ACCOx46@42.34 ACADx46@42.34 ADBEx46@42.34 
Purchases: ABCDx46@42.34 ABACx46@42.34 ACCOx46@42.34 ACADx46@42.34 ADBEx46@42.34 

2013-04-11
Cash: 0.16
Held: ABCDx46@43.53 ABACx46@43.53 ACCOx46@43.53 ACADx46@43.53 ADBEx46@43.53 
Value: 10012.34
Sales: ABCDx46@43.53 ABACx46@43.53 ACCOx46@43.53 ACADx46@43.53 ADBEx46@43.53 
Purchases: ABCDx46@43.53 ABACx46@43.53 ACCOx46@43.53 ACADx46@43.53 ADBEx46@43.53 

2013-04-14
Cash: 0.16
Held: ABCDx46@44.50 ABACx46@44.50 ACCOx46@44.50 ACADx46@44.50 ADBEx46@44.50 
Value: 10235.16
Sales: ABCDx46@44.50 ABACx46@44.50 ACCOx46@44.50 ACADx46@44.50 ADBEx46@44.50 
Purchases: ABCDx46@44.50 ABACx46@44.50 ACCOx46@44.50 ACADx46@44.50 ADBEx46@44.50 

2013-04-15
Cash: 0.16
Held: ABCDx46@43.47 ABACx46@43.47 ACCOx46@43.47 ACADx46@43.47 ADBEx46@43.47 
Value: 9997.97
Sales: ABCDx46@43.47 ABACx46@43.47 ACCOx46@43.47 ACADx46@43.47 ADBEx46@43.47 
Purchases: ABCDx46@43.47 ABACx46@43.47 ACCOx46@43.47 ACADx46@43.47 ADBEx46@43.47 

2013-04-16
Cash: 0.16
Held: ABCDx46@43.09 ABACx46@43.09 ACCOx46@43.09 ACADx46@43.09 ADBEx46@43.09 
Value: 9911.72
Sales: ABCDx46@43.09 ABACx46@43.09 ACCOx46@43.09 ACADx46@43.09 ADBEx46@43.09 
Purchases: ABCDx46@43.09 ABACx46@43.09 ACCOx46@43.09 ACADx46@43.09 ADBEx46@43.09 

2013-04-17
Cash: 0.16
Held: ABCDx46@41.78 ABACx46@41.78 ACCOx46@41.78 ACADx46@41.78 ADBEx46@41.78 
Value: 9609.84
Sales: ABCDx46@41.78 ABACx46@41.78 ACCOx46@41.78 ACADx46@41.78 ADBEx46@41.78 
Purchases: ABCDx46@41.78 ABACx46@41.78 ACCOx46@41.78 ACADx46@41.78 ADBEx46@41.78 

2013-04-18
Cash: 0.16
Held: ABCDx46@41.88 ABACx46@41.88 ACCOx46@41.88 ACADx46@41.88 ADBEx46@41.88 
Value: 9631.41
Sales: ABCDx46@41.88 ABACx46@41.88 ACCOx46@41.88 ACADx46@41.88 ADBEx46@41.88 
Purchases: ABCDx46@41.88 ABACx46@41.88 ACCOx46@41.88 ACADx46@41.88 ADBEx46@41.88 

2013-04-21
Cash: 0.16
Held: ABCDx46@42.03 ABACx46@42.03 ACCOx46@42.03 ACADx46@42.03 ADBEx46@42.03 
Value: 9667.34
Sales: ABCDx46@42.03 ABACx46@42.03 ACCOx46@42.03 ACADx46@42.03 ADBEx46@42.03 
Purchases: ABCDx46@42.03 ABACx46@42.03 ACCOx46@42.03 ACADx46@42.03 ADBEx46@42.03 

2013-04-22
Cash: 0.16
Held: ABCDx46@42.22 ABACx46@42.22 ACCOx46@42.22 ACADx46@42.22 ADBEx46@42.22 
Value: 9710.47
Sales: ABCDx46@42.22 ABACx46@42.22 ACCOx46@42.22 ACADx46@42.22 ADBEx46@42.22 
Purchases: ABCDx46@42.22 ABACx46@42.22 ACCOx46@42.22 ACADx46@42.22 ADBEx46@42.22 

2013-04-23
Cash: 0.16
Held: ABCDx46@42.72 ABACx46@42.72 ACCOx46@42.72 ACADx46@42.72 ADBEx46@42.72 
Value: 9825.47
Sales: ABCDx46@42.72 ABACx46@42.72 ACCOx46@42.72 ACADx46@42.72 ADBEx46@42.72 
Purchases: ABCDx46@42.72 ABACx46@42.72 ACCOx46@42.72 ACADx46@42.72 ADBEx46@42.72 

2013-04-24
Cash: 0.16
Held: ABCDx46@43.06 ABACx46@43.06 ACCOx46@43.06 ACADx46@43.06 ADBEx46@43.06 
Value: 9904.53
Sales: ABCDx46@43.06 ABACx46@43.06 ACCOx46@43.06 ACADx46@43.06 ADBEx46@43.06 
Purchases: ABCDx46@43.06 ABACx46@43.06 ACCOx46@43.06 ACADx46@43.06 ADBEx46@43.06 

2013-04-25
Cash: 0.16
Held: ABCDx46@42.44 ABACx46@42.44 ACCOx46@42.44 ACADx46@42.44 ADBEx46@42.44 
Value: 9760.78
Sales: ABCDx46@42.44 ABACx46@42.44 ACCOx46@42.44 ACADx46@42.44 ADBEx46@42.44 
Purchases: ABCDx46@42.44 ABACx46@42.44 ACCOx46@42.44 ACADx46@42.44 ADBEx46@42.44 

2013-04-28
Cash: 0.16
Held: ABCDx46@41.62 ABACx46@41.62 ACCOx46@41.62 ACADx46@41.62 ADBEx46@41.62 
Value: 9573.91
Sales: ABCDx46@41.62 ABACx46@41.62 ACCOx46@41.62 ACADx46@41.62 ADBEx46@41.62 
Purchases: ABCDx46@41.62 ABACx46@41.62 ACCOx46@41.62 ACADx46@41.62 ADBEx46@41.62 

2013-04-29
Cash: 0.16
Held: ABCDx46@41.19 ABACx46@41.19 ACCOx46@41.19 ACADx46@41.19 ADBEx46@41.19 
Value: 9473.28
Sales: ABCDx46@41.19 ABACx46@41.19 ACCOx46@41.19 ACADx46@41.19 ADBEx46@41.19 
Purchases: ABCDx46@41.19 ABACx46@41.19 ACCOx46@41.19 ACADx46@41.19 ADBEx46@41.19 

2013-04-30
Cash: 0.16
Held: ABCDx46@41.41 ABACx46@41.41 ACCOx46@41.41 ACADx46@41.41 ADBEx46@41.41 
Value: 9523.59
Sales: ABCDx46@41.41 ABACx46@41.41 ACCOx46@41.41 ACADx46@41.41 ADBEx46@41.41 
Purchases: ABCDx46@41.41 ABACx46@41.41 ACCOx46@41.41 ACADx46@41.41 ADBEx46@41.41 

2013-05-01
Cash: 0.16
Held: ABCDx46@41.50 ABACx46@41.50 ACCOx46@41.50 ACADx46@41.50 ADBEx46@41.50 
Value: 9545.16
Sales: ABCDx46@41.50 ABACx46@41.50 ACCOx46@41.50 ACADx46@41.50 ADBEx46@41.50 
Purchases: ABCDx46@41.50 ABACx46@41.50 ACCOx46@41.50 ACADx46@41.50 ADBEx46@41.50 

2013-05-02
Cash: 0.16
Held: ABCDx46@41.94 ABACx46@41.94 ACCOx46@41.94 ACADx46@41.94 ADBEx46@41.94 
Value: 9645.78
Sales: ABCDx46@41.94 ABACx46@41.94 ACCOx46@41.94 ACADx46@41.94 ADBEx46@41.94 
Purchases: ABCDx46@41.94 ABACx46@41.94 ACCOx46@41.94 ACADx46@41.94 ADBEx46@41.94 

2013-05-05
Cash: 0.16
Held: ABCDx46@41.44 ABACx46@41.44 ACCOx46@41.44 ACADx46@41.44 ADBEx46@41.44 
Value: 9530.78
Sales: ABCDx46@41.44 ABACx46@41.44 ACCOx46@41.44 ACADx46@41.44 ADBEx46@41.44 
Purchases: ABCDx46@41.44 ABACx46@41.44 ACCOx46@41.44 ACADx46@41.44 ADBEx46@41.44 

2013-05-06
Cash: 0.16
Held: ABCDx46@42.19 ABACx46@42.19 ACCOx46@42.19 ACADx46@42.19 ADBEx46@42.19 
Value: 9703.28
Sales: ABCDx46@42.19 ABACx46@42.19 ACCOx46@42.19 ACADx46@42.19 ADBEx46@42.19 
Purchases: ABCDx46@42.19 ABACx46@42.19 ACCOx46@42.19 ACADx46@42.19 ADBEx46@42.19 

2013-05-07
Cash: 0.16
Held: ABCDx46@42.41 ABACx46@42.41 ACCOx46@42.41 ACADx46@42.41 ADBEx46@42.41 
Value: 9753.59
Sales: ABCDx46@42.41 ABACx46@42.41 ACCOx46@42.41 ACADx46@42.41 ADBEx46@42.41 
Purchases: ABCDx46@42.41 ABACx46@42.41 ACCOx46@42.41 ACADx46@42.41 ADBEx46@42.41 

2013-05-08
Cash: 0.16
Held: ABCDx46@42.97 ABACx46@42.97 ACCOx46@42.97 ACADx46@42.97 ADBEx46@42.97 
Value: 9882.97
Sales: ABCDx46@42.97 ABACx46@42.97 ACCOx46@42.97 ACADx46@42.97 ADBEx46@42.97 
Purchases: ABCDx46@42.97 ABACx46@42.97 ACCOx46@42.97 ACADx46@42.97 ADBEx46@42.97 

2013-05-09
Cash: 0.16
Held: ABCDx46@43.12 ABACx46@43.12 ACCOx46@43.12 ACADx46@43.12 ADBEx46@43.12 
Value: 9918.91
Sales: ABCDx46@43.12 ABACx46@43.12 ACCOx46@43.12 ACADx46@43.12 ADBEx46@43.12 
Purchases: ABCDx46@43.12 ABACx46@43.12 ACCOx46@43.12 ACADx46@43.12 ADBEx46@43.12 

2013-05-12
Cash: 0.16
Held: ABCDx46@43.44 ABACx46@43.44 ACCOx46@43.44 ACADx46@43.44 ADBEx46@43.44 
Value: 9990.78
Sales: ABCDx46@43.44 ABACx46@43.44 ACCOx46@43.44 ACADx46@43.44 ADBEx46@43.44 
Purchases: ABCDx46@43.44 ABACx46@43.44 ACCOx46@43.44 ACADx46@43.44 ADBEx46@43.44 

2013-05-13
Cash: 0.16
Held: ABCDx46@42.97 ABACx46@42.97 ACCOx46@42.97 ACADx46@42.97 ADBEx46@42.97 
Value: 9882.97
Sales: ABCDx46@42.97 ABACx46@42.97 ACCOx46@42.97 ACADx46@42.97 ADBEx46@42.97 
Purchases: ABCDx46@42.97 ABACx46@42.97 ACCOx46@42.97 ACADx46@42.97 ADBEx46@42.97 

2013-05-14
Cash: 0.16
Held: ABCDx46@44.91 ABACx46@44.91 ACCOx46@44.91 ACADx46@44.91 ADBEx46@44.91 
Value: 10328.59
Sales: ABCDx46@44.91 ABACx46@44.91 ACCOx46@44.91 ACADx46@44.91 ADBEx46@44.91 
Purchases: ABCDx46@44.91 ABACx46@44.91 ACCOx46@44.91 ACADx46@44.91 ADBEx46@44.91 

2013-05-15
Cash: 0.16
Held: ABCDx46@45.44 ABACx46@45.44 ACCOx46@45.44 ACADx46@45.44 ADBEx46@45.44 
Value: 10450.78
Sales: ABCDx46@45.44 ABACx46@45.44 ACCOx46@45.44 ACADx46@45.44 ADBEx46@45.44 
Purchases: ABCDx46@45.44 ABACx46@45.44 ACCOx46@45.44 ACADx46@45.44 ADBEx46@45.44 

2013-05-16
Cash: 0.16
Held: ABCDx46@45.03 ABACx46@45.03 ACCOx46@45.03 ACADx46@45.03 ADBEx46@45.03 
Value: 10357.34
Sales: ABCDx46@45.03 ABACx46@45.03 ACCOx46@45.03 ACADx46@45.03 ADBEx46@45.03 
Purchases: ABCDx46@45.03 ABACx46@45.03 ACCOx46@45.03 ACADx46@45.03 ADBEx46@45.03 

2013-05-19
Cash: 0.16
Held: ABCDx46@45.47 ABACx46@45.47 ACCOx46@45.47 ACADx46@45.47 ADBEx46@45.47 
Value: 10457.97
Sales: ABCDx46@45.47 ABACx46@45.47 ACCOx46@45.47 ACADx46@45.47 ADBEx46@45.47 
Purchases: ABCDx46@45.47 ABACx46@45.47 ACCOx46@45.47 ACADx46@45.47 ADBEx46@45.47 

2013-05-20
Cash: 0.16
Held: ABCDx46@46.31 ABACx46@46.31 ACCOx46@46.31 ACADx46@46.31 ADBEx46@46.31 
Value: 10652.03
Sales: ABCDx46@46.31 ABACx46@46.31 ACCOx46@46.31 ACADx46@46.31 ADBEx46@46.31 
Purchases: ABCDx46@46.31 ABACx46@46.31 ACCOx46@46.31 ACADx46@46.31 ADBEx46@46.31 

2013-05-21
Cash: 0.16
Held: ABCDx46@46.72 ABACx46@46.72 ACCOx46@46.72 ACADx46@46.72 ADBEx46@46.72 
Value: 10745.47
Sales: ABCDx46@46.72 ABACx46@46.72 ACCOx46@46.72 ACADx46@46.72 ADBEx46@46.72 
Purchases: ABCDx46@46.72 ABACx46@46.72 ACCOx46@46.72 ACADx46@46.72 ADBEx46@46.72 

2013-05-22
Cash: 0.16
Held: ABCDx46@45.69 ABACx46@45.69 ACCOx46@45.69 ACADx46@45.69 ADBEx46@45.69 
Value: 10508.28
Sales: ABCDx46@45.69 ABACx46@45.69 ACCOx46@45.69 ACADx46@45.69 ADBEx46@45.69 
Purchases: ABCDx46@45.69 ABACx46@45.69 ACCOx46@45.69 ACADx46@45.69 ADBEx46@45.69 

2013-05-23
Cash: 0.16
Held: ABCDx46@45.38 ABACx46@45.38 ACCOx46@45.38 ACADx46@45.38 ADBEx46@45.38 
Value: 10436.41
Sales: ABCDx46@45.38 ABACx46@45.38 ACCOx46@45.38 ACADx46@45.38 ADBEx46@45.38 
Purchases: ABCDx46@45.38 ABACx46@45.38 ACCOx46@45.38 ACADx46@45.38 ADBEx46@45.38 

2013-05-27
Cash: 0.16
Held: ABCDx46@46.09 ABACx46@46.09 ACCOx46@46.09 ACADx46@46.09 ADBEx46@46.09 
Value: 10601.72
Sales: ABCDx46@46.09 ABACx46@46.09 ACCOx46@46.09 ACADx46@46.09 ADBEx46@46.09 
Purchases: ABCDx46@46.09 ABACx46@46.09 ACCOx46@46.09 ACADx46@46.09 ADBEx46@46.09 

2013-05-28
Cash: 0.16
Held: ABCDx46@45.97 ABACx46@45.97 ACCOx46@45.97 ACADx46@45.97 ADBEx46@45.97 
Value: 10572.97
Sales: ABCDx46@45.97 ABACx46@45.97 ACCOx46@45.97 ACADx46@45.97 ADBEx46@45.97 
Purchases: ABCDx46@45.97 ABACx46@45.97 ACCOx46@45.97 ACADx46@45.97 ADBEx46@45.97 

2013-05-29
Cash: 0.16
Held: ABCDx46@46.22 ABACx46@46.22 ACCOx46@46.22 ACADx46@46.22 ADBEx46@46.22 
Value: 10630.47
Sales: ABCDx46@46.22 ABACx46@46.22 ACCOx46@46.22 ACADx46@46.22 ADBEx46@46.22 
Purchases: ABCDx46@46.22 ABACx46@46.22 ACCOx46@46.22 ACADx46@46.22 ADBEx46@46.22 

2013-05-30
Cash: 0.16
Held: ABCDx46@45.91 ABACx46@45.91 ACCOx46@45.91 ACADx46@45.91 ADBEx46@45.91 
Value: 10558.59
Sales: ABCDx46@45.91 ABACx46@45.91 ACCOx46@45.91 ACADx46@45.91 ADBEx46@45.91 
Purchases: ABCDx46@45.91 ABACx46@45.91 ACCOx46@45.91 ACADx46@45.91 ADBEx46@45.91 

2013-06-02
Cash: 0.16
Held: ABCDx46@45.66 ABACx46@45.66 ACCOx46@45.66 ACADx46@45.66 ADBEx46@45.66 
Value: 10501.09
Sales: ABCDx46@45.66 ABACx46@45.66 ACCOx46@45.66 ACADx46@45.66 ADBEx46@45.66 
Purchases: ABCDx46@45.66 ABACx46@45.66 ACCOx46@45.66 ACADx46@45.66 ADBEx46@45.66 

2013-06-03
Cash: 0.16
Held: ABCDx46@46.19 ABACx46@46.19 ACCOx46@46.19 ACADx46@46.19 ADBEx46@46.19 
Value: 10623.28
Sales: ABCDx46@46.19 ABACx46@46.19 ACCOx46@46.19 ACADx46@46.19 ADBEx46@46.19 
Purchases: ABCDx46@46.19 ABACx46@46.19 ACCOx46@46.19 ACADx46@46.19 ADBEx46@46.19 

2013-06-04
Cash: 0.16
Held: ABCDx46@45.31 ABACx46@45.31 ACCOx46@45.31 ACADx46@45.31 ADBEx46@45.31 
Value: 10422.03
Sales: ABCDx46@45.31 ABACx46@45.31 ACCOx46@45.31 ACADx46@45.31 ADBEx46@45.31 
Purchases: ABCDx46@45.31 ABACx46@45.31 ACCOx46@45.31 ACADx46@45.31 ADBEx46@45.31 

2013-06-05
Cash: 0.16
Held: ABCDx46@44.50 ABACx46@44.50 ACCOx46@44.50 ACADx46@44.50 ADBEx46@44.50 
Value: 10235.16
Sales: ABCDx46@44.50 ABACx46@44.50 ACCOx46@44.50 ACADx46@44.50 ADBEx46@44.50 
Purchases: ABCDx46@44.50 ABACx46@44.50 ACCOx46@44.50 ACADx46@44.50 ADBEx46@44.50 

2013-06-06
Cash: 0.16
Held: ABCDx46@45.16 ABACx46@45.16 ACCOx46@45.16 ACADx46@45.16 ADBEx46@45.16 
Value: 10386.09
Sales: ABCDx46@45.16 ABACx46@45.16 ACCOx46@45.16 ACADx46@45.16 ADBEx46@45.16 
Purchases: ABCDx46@45.16 ABACx46@45.16 ACCOx46@45.16 ACADx46@45.16 ADBEx46@45.16 

2013-06-09
Cash: 0.16
Held: ABCDx46@45.34 ABACx46@45.34 ACCOx46@45.34 ACADx46@45.34 ADBEx46@45.34 
Value: 10429.22
Sales: ABCDx46@45.34 ABACx46@45.34 ACCOx46@45.34 ACADx46@45.34 ADBEx46@45.34 
Purchases: ABCDx46@45.34 ABACx46@45.34 ACCOx46@45.34 ACADx46@45.34 ADBEx46@45.34 

2013-06-10
Cash: 0.16
Held: ABCDx46@44.22 ABACx46@44.22 ACCOx46@44.22 ACADx46@44.22 ADBEx46@44.22 
Value: 10170.47
Sales: ABCDx46@44.22 ABACx46@44.22 ACCOx46@44.22 ACADx46@44.22 ADBEx46@44.22 
Purchases: ABCDx46@44.22 ABACx46@44.22 ACCOx46@44.22 ACADx46@44.22 ADBEx46@44.22 

2013-06-11
Cash: 0.16
Held: ABCDx46@44.78 ABACx46@44.78 ACCOx46@44.78 ACADx46@44.78 ADBEx46@44.78 
Value: 10299.84
Sales: ABCDx46@44.78 ABACx46@44.78 ACCOx46@44.78 ACADx46@44.78 ADBEx46@44.78 
Purchases: ABCDx46@44.78 ABACx46@44.78 ACCOx46@44.78 ACADx46@44.78 ADBEx46@44.78 

2013-06-12
Cash: 0.16
Held: ABCDx46@43.88 ABACx46@43.88 ACCOx46@43.88 ACADx46@43.88 ADBEx46@43.88 
Value: 10091.41
Sales: ABCDx46@43.88 ABACx46@43.88 ACCOx46@43.88 ACADx46@43.88 ADBEx46@43.88 
Purchases: ABCDx46@43.88 ABACx46@43.88 ACCOx46@43.88 ACADx46@43.88 ADBEx46@43.88 

2013-06-13
Cash: 0.16
Held: ABCDx46@44.34 ABACx46@44.34 ACCOx46@44.34 ACADx46@44.34 ADBEx46@44.34 
Value: 10199.22
Sales: ABCDx46@44.34 ABACx46@44.34 ACCOx46@44.34 ACADx46@44.34 ADBEx46@44.34 
Purchases: ABCDx46@44.34 ABACx46@44.34 ACCOx46@44.34 ACADx46@44.34 ADBEx46@44.34 

2013-06-16
Cash: 0.16
Held: ABCDx46@44.38 ABACx46@44.38 ACCOx46@44.38 ACADx46@44.38 ADBEx46@44.38 
Value: 10206.41
Sales: ABCDx46@44.38 ABACx46@44.38 ACCOx46@44.38 ACADx46@44.38 ADBEx46@44.38 
Purchases: ABCDx46@44.38 ABACx46@44.38 ACCOx46@44.38 ACADx46@44.38 ADBEx46@44.38 

2013-06-17
Cash: 0.16
Held: ABCDx46@44.38 ABACx46@44.38 ACCOx46@44.38 ACADx46@44.38 ADBEx46@44.38 
Value: 10206.41
Sales: ABCDx46@44.38 ABACx46@44.38 ACCOx46@44.38 ACADx46@44.38 ADBEx46@44.38 
Purchases: ABCDx46@44.38 ABACx46@44.38 ACCOx46@44.38 ACADx46@44.38 ADBEx46@44.38 

2013-06-18
Cash: 0.16
Held: ABCDx46@44.75 ABACx46@44.75 ACCOx46@44.75 ACADx46@44.75 ADBEx46@44.75 
Value: 10292.66
Sales: ABCDx46@44.75 ABACx46@44.75 ACCOx46@44.75 ACADx46@44.75 ADBEx46@44.75 
Purchases: ABCDx46@44.75 ABACx46@44.75 ACCOx46@44.75 ACADx46@44.75 ADBEx46@44.75 

2013-06-19
Cash: 0.16
Held: ABCDx46@43.12 ABACx46@43.12 ACCOx46@43.12 ACADx46@43.12 ADBEx46@43.12 
Value: 9918.91
Sales: ABCDx46@43.12 ABACx46@43.12 ACCOx46@43.12 ACADx46@43.12 ADBEx46@43.12 
Purchases: ABCDx46@43.12 ABACx46@43.12 ACCOx46@43.12 ACADx46@43.12 ADBEx46@43.12 

2013-06-20
Cash: 0.16
Held: ABCDx46@42.59 ABACx46@42.59 ACCOx46@42.59 ACADx46@42.59 ADBEx46@42.59 
Value: 9796.72
Sales: ABCDx46@42.59 ABACx46@42.59 ACCOx46@42.59 ACADx46@42.59 ADBEx46@42.59 
Purchases: ABCDx46@42.59 ABACx46@42.59 ACCOx46@42.59 ACADx46@42.59 ADBEx46@42.59 

2013-06-23
Cash: 0.16
Held: ABCDx46@42.44 ABACx46@42.44 ACCOx46@42.44 ACADx46@42.44 ADBEx46@42.44 
Value: 9760.78
Sales: ABCDx46@42.44 ABACx46@42.44 ACCOx46@42.44 ACADx46@42.44 ADBEx46@42.44 
Purchases: ABCDx46@42.44 ABACx46@42.44 ACCOx46@42.44 ACADx46@42.44 ADBEx46@42.44 

2013-06-24
Cash: 0.16
Held: ABCDx46@42.00 ABACx46@42.00 ACCOx46@42.00 ACADx46@42.00 ADBEx46@42.00 
Value: 9660.16
Sales: ABCDx46@42.00 ABACx46@42.00 ACCOx46@42.00 ACADx46@42.00 ADBEx46@42.00 
Purchases: ABCDx46@42.00 ABACx46@42.00 ACCOx46@42.00 ACADx46@42.00 ADBEx46@42.00 

2013-06-25
Cash: 0.16
Held: ABCDx46@43.09 ABACx46@43.09 ACCOx46@43.09 ACADx46@43.09 ADBEx46@43.09 
Value: 9911.72
Sales: ABCDx46@43.09 ABACx46@43.09 ACCOx46@43.09 ACADx46@43.09 ADBEx46@43.09 
Purchases: ABCDx46@43.09 ABACx46@43.09 ACCOx46@43.09 ACADx46@43.09 ADBEx46@43.09 

2013-06-26
Cash: 0.16
Held: ABCDx46@42.56 ABACx46@42.56 ACCOx46@42.56 ACADx46@42.56 ADBEx46@42.56 
Value: 9789.53
Sales: ABCDx46@42.56 ABACx46@42.56 ACCOx46@42.56 ACADx46@42.56 ADBEx46@42.56 
Purchases: ABCDx46@42.56 ABACx46@42.56 ACCOx46@42.56 ACADx46@42.56 ADBEx46@42.56 

2013-06-27
Cash: 0.16
Held: ABCDx46@43.00 ABACx46@43.00 ACCOx46@43.00 ACADx46@43.00 ADBEx46@43.00 
Value: 9890.16
Sales: ABCDx46@43.00 ABACx46@43.00 ACCOx46@43.00 ACADx46@43.00 ADBEx46@43.00 
Purchases: ABCDx46@43.00 ABACx46@43.00 ACCOx46@43.00 ACADx46@43.00 ADBEx46@43.00 

2013-06-30
Cash: 0.16
Held: ABCDx46@43.06 ABACx46@43.06 ACCOx46@43.06 ACADx46@43.06 ADBEx46@43.06 
Value: 9904.53
Sales: ABCDx46@43.06 ABACx46@43.06 ACCOx46@43.06 ACADx46@43.06 ADBEx46@43.06 
Purchases: ABCDx46@43.06 ABACx46@43.06 ACCOx46@43.06 ACADx46@43.06 ADBEx46@43.06 

2013-07-01
Cash: 0.16
Held: ABCDx46@43.50 ABACx46@43.50 ACCOx46@43.50 ACADx46@43.50 ADBEx46@43.50 
Value: 10005.16
Sales: ABCDx46@43.50 ABACx46@43.50 ACCOx46@43.50 ACADx46@43.50 ADBEx46@43.50 
Purchases: ABCDx46@43.50 ABACx46@43.50 ACCOx46@43.50 ACADx46@43.50 ADBEx46@43.50 

2013-07-02
Cash: 0.16
Held: ABCDx46@42.81 ABACx46@42.81 ACCOx46@42.81 ACADx46@42.81 ADBEx46@42.81 
Value: 9847.03
Sales: ABCDx46@42.81 ABACx46@42.81 ACCOx46@42.81 ACADx46@42.81 ADBEx46@42.81 
Purchases: ABCDx46@42.81 ABACx46@42.81 ACCOx46@42.81 ACADx46@42.81 ADBEx46@42.81 

2013-07-04
Cash: 0.16
Held: ABCDx46@43.47 ABACx46@43.47 ACCOx46@43.47 ACADx46@43.47 ADBEx46@43.47 
Value: 9997.97
Sales: ABCDx46@43.47 ABACx46@43.47 ACCOx46@43.47 ACADx46@43.47 ADBEx46@43.47 
Purchases: ABCDx46@43.47 ABACx46@43.47 ACCOx46@43.47 ACADx46@43.47 ADBEx46@43.47 

2013-07-07
Cash: 0.16
Held: ABCDx46@44.38 ABACx46@44.38 ACCOx46@44.38 ACADx46@44.38 ADBEx46@44.38 
Value: 10206.41
Sales: ABCDx46@44.38 ABACx46@44.38 ACCOx46@44.38 ACADx46@44.38 ADBEx46@44.38 
Purchases: ABCDx46@44.38 ABACx46@44.38 ACCOx46@44.38 ACADx46@44.38 ADBEx46@44.38 

2013-07-08
Cash: 0.16
Held: ABCDx46@44.59 ABACx46@44.59 ACCOx46@44.59 ACADx46@44.59 ADBEx46@44.59 
Value: 10256.72
Sales: ABCDx46@44.59 ABACx46@44.59 ACCOx46@44.59 ACADx46@44.59 ADBEx46@44.59 
Purchases: ABCDx46@44.59 ABACx46@44.59 ACCOx46@44.59 ACADx46@44.59 ADBEx46@44.59 

2013-07-09
Cash: 0.16
Held: ABCDx46@44.62 ABACx46@44.62 ACCOx46@44.62 ACADx46@44.62 ADBEx46@44.62 
Value: 10263.91
Sales: ABCDx46@44.62 ABACx46@44.62 ACCOx46@44.62 ACADx46@44.62 ADBEx46@44.62 
Purchases: ABCDx46@44.62 ABACx46@44.62 ACCOx46@44.62 ACADx46@44.62 ADBEx46@44.62 

2013-07-10
Cash: 0.16
Held: ABCDx46@45.69 ABACx46@45.69 ACCOx46@45.69 ACADx46@45.69 ADBEx46@45.69 
Value: 10508.28
Sales: ABCDx46@45.69 ABACx46@45.69 ACCOx46@45.69 ACADx46@45.69 ADBEx46@45.69 
Purchases: ABCDx46@45.69 ABACx46@45.69 ACCOx46@45.69 ACADx46@45.69 ADBEx46@45.69 

2013-07-11
Cash: 0.16
Held: ABCDx46@45.78 ABACx46@45.78 ACCOx46@45.78 ACADx46@45.78 ADBEx46@45.78 
Value: 10529.84
Sales: ABCDx46@45.78 ABACx46@45.78 ACCOx46@45.78 ACADx46@45.78 ADBEx46@45.78 
Purchases: ABCDx46@45.78 ABACx46@45.78 ACCOx46@45.78 ACADx46@45.78 ADBEx46@45.78 

2013-07-14
Cash: 0.16
Held: ABCDx46@45.69 ABACx46@45.69 ACCOx46@45.69 ACADx46@45.69 ADBEx46@45.69 
Value: 10508.28
Sales: ABCDx46@45.69 ABACx46@45.69 ACCOx46@45.69 ACADx46@45.69 ADBEx46@45.69 
Purchases: ABCDx46@45.69 ABACx46@45.69 ACCOx46@45.69 ACADx46@45.69 ADBEx46@45.69 

2013-07-15
Cash: 0.16
Held: ABCDx46@46.09 ABACx46@46.09 ACCOx46@46.09 ACADx46@46.09 ADBEx46@46.09 
Value: 10601.72
Sales: ABCDx46@46.09 ABACx46@46.09 ACCOx46@46.09 ACADx46@46.09 ADBEx46@46.09 
Purchases: ABCDx46@46.09 ABACx46@46.09 ACCOx46@46.09 ACADx46@46.09 ADBEx46@46.09 

2013-07-16
Cash: 0.16
Held: ABCDx46@45.94 ABACx46@45.94 ACCOx46@45.94 ACADx46@45.94 ADBEx46@45.94 
Value: 10565.78
Sales: ABCDx46@45.94 ABACx46@45.94 ACCOx46@45.94 ACADx46@45.94 ADBEx46@45.94 
Purchases: ABCDx46@45.94 ABACx46@45.94 ACCOx46@45.94 ACADx46@45.94 ADBEx46@45.94 

2013-07-17
Cash: 0.16
Held: ABCDx46@45.66 ABACx46@45.66 ACCOx46@45.66 ACADx46@45.66 ADBEx46@45.66 
Value: 10501.09
Sales: ABCDx46@45.66 ABACx46@45.66 ACCOx46@45.66 ACADx46@45.66 ADBEx46@45.66 
Purchases: ABCDx46@45.66 ABACx46@45.66 ACCOx46@45.66 ACADx46@45.66 ADBEx46@45.66 

2013-07-18
Cash: 0.16
Held: ABCDx46@45.84 ABACx46@45.84 ACCOx46@45.84 ACADx46@45.84 ADBEx46@45.84 
Value: 10544.22
Sales: ABCDx46@45.84 ABACx46@45.84 ACCOx46@45.84 ACADx46@45.84 ADBEx46@45.84 
Purchases: ABCDx46@45.84 ABACx46@45.84 ACCOx46@45.84 ACADx46@45.84 ADBEx46@45.84 

2013-07-21
Cash: 0.16
Held: ABCDx46@46.22 ABACx46@46.22 ACCOx46@46.22 ACADx46@46.22 ADBEx46@46.22 
Value: 10630.47
Sales: ABCDx46@46.22 ABACx46@46.22 ACCOx46@46.22 ACADx46@46.22 ADBEx46@46.22 
Purchases: ABCDx46@46.22 ABACx46@46.22 ACCOx46@46.22 ACADx46@46.22 ADBEx46@46.22 

2013-07-22
Cash: 0.16
Held: ABCDx46@46.31 ABACx46@46.31 ACCOx46@46.31 ACADx46@46.31 ADBEx46@46.31 
Value: 10652.03
Sales: ABCDx46@46.31 ABACx46@46.31 ACCOx46@46.31 ACADx46@46.31 ADBEx46@46.31 
Purchases: ABCDx46@46.31 ABACx46@46.31 ACCOx46@46.31 ACADx46@46.31 ADBEx46@46.31 

2013-07-23
Cash: 0.16
Held: ABCDx46@46.66 ABACx46@46.66 ACCOx46@46.66 ACADx46@46.66 ADBEx46@46.66 
Value: 10731.09
Sales: ABCDx46@46.66 ABACx46@46.66 ACCOx46@46.66 ACADx46@46.66 ADBEx46@46.66 
Purchases: ABCDx46@46.66 ABACx46@46.66 ACCOx46@46.66 ACADx46@46.66 ADBEx46@46.66 

2013-07-24
Cash: 0.16
Held: ABCDx46@46.62 ABACx46@46.62 ACCOx46@46.62 ACADx46@46.62 ADBEx46@46.62 
Value: 10723.91
Sales: ABCDx46@46.62 ABACx46@46.62 ACCOx46@46.62 ACADx46@46.62 ADBEx46@46.62 
Purchases: ABCDx46@46.62 ABACx46@46.62 ACCOx46@46.62 ACADx46@46.62 ADBEx46@46.62 

2013-07-25
Cash: 0.16
Held: ABCDx46@46.31 ABACx46@46.31 ACCOx46@46.31 ACADx46@46.31 ADBEx46@46.31 
Value: 10652.03
Sales: ABCDx46@46.31 ABACx46@46.31 ACCOx46@46.31 ACADx46@46.31 ADBEx46@46.31 
Purchases: ABCDx46@46.31 ABACx46@46.31 ACCOx46@46.31 ACADx46@46.31 ADBEx46@46.31 

2013-07-28
Cash: 0.16
Held: ABCDx46@45.59 ABACx46@45.59 ACCOx46@45.59 ACADx46@45.59 ADBEx46@45.59 
Value: 10486.72
Sales: ABCDx46@45.59 ABACx46@45.59 ACCOx46@45.59 ACADx46@45.59 ADBEx46@45.59 
Purchases: ABCDx46@45.59 ABACx46@45.59 ACCOx46@45.59 ACADx46@45.59 ADBEx46@45.59 

2013-07-29
Cash: 0.16
Held: ABCDx46@45.56 ABACx46@45.56 ACCOx46@45.56 ACADx46@45.56 ADBEx46@45.56 
Value: 10479.53
Sales: ABCDx46@45.56 ABACx46@45.56 ACCOx46@45.56 ACADx46@45.56 ADBEx46@45.56 
Purchases: ABCDx46@45.56 ABACx46@45.56 ACCOx46@45.56 ACADx46@45.56 ADBEx46@45.56 

2013-07-30
Cash: 0.16
Held: ABCDx46@45.03 ABACx46@45.03 ACCOx46@45.03 ACADx46@45.03 ADBEx46@45.03 
Value: 10357.34
Sales: ABCDx46@45.03 ABACx46@45.03 ACCOx46@45.03 ACADx46@45.03 ADBEx46@45.03 
Purchases: ABCDx46@45.03 ABACx46@45.03 ACCOx46@45.03 ACADx46@45.03 ADBEx46@45.03 

2013-07-31
Cash: 0.16
Held: ABCDx46@45.50 ABACx46@45.50 ACCOx46@45.50 ACADx46@45.50 ADBEx46@45.50 
Value: 10465.16
Sales: ABCDx46@45.50 ABACx46@45.50 ACCOx46@45.50 ACADx46@45.50 ADBEx46@45.50 
Purchases: ABCDx46@45.50 ABACx46@45.50 ACCOx46@45.50 ACADx46@45.50 ADBEx46@45.50 

2013-08-01
Cash: 0.16
Held: ABCDx46@46.06 ABACx46@46.06 ACCOx46@46.06 ACADx46@46.06 ADBEx46@46.06 
Value: 10594.53
Sales: ABCDx46@46.06 ABACx46@46.06 ACCOx46@46.06 ACADx46@46.06 ADBEx46@46.06 
Purchases: ABCDx46@46.06 ABACx46@46.06 ACCOx46@46.06 ACADx46@46.06 ADBEx46@46.06 

2013-08-04
Cash: 0.16
Held: ABCDx46@46.25 ABACx46@46.25 ACCOx46@46.25 ACADx46@46.25 ADBEx46@46.25 
Value: 10637.66
Sales: ABCDx46@46.25 ABACx46@46.25 ACCOx46@46.25 ACADx46@46.25 ADBEx46@46.25 
Purchases: ABCDx46@46.25 ABACx46@46.25 ACCOx46@46.25 ACADx46@46.25 ADBEx46@46.25 

2013-08-05
Cash: 0.16
Held: ABCDx46@45.94 ABACx46@45.94 ACCOx46@45.94 ACADx46@45.94 ADBEx46@45.94 
Value: 10565.78
Sales: ABCDx46@45.94 ABACx46@45.94 ACCOx46@45.94 ACADx46@45.94 ADBEx46@45.94 
Purchases: ABCDx46@45.94 ABACx46@45.94 ACCOx46@45.94 ACADx46@45.94 ADBEx46@45.94 

2013-08-06
Cash: 0.16
Held: ABCDx46@45.88 ABACx46@45.88 ACCOx46@45.88 ACADx46@45.88 ADBEx46@45.88 
Value: 10551.41
Sales: ABCDx46@45.88 ABACx46@45.88 ACCOx46@45.88 ACADx46@45.88 ADBEx46@45.88 
Purchases: ABCDx46@45.88 ABACx46@45.88 ACCOx46@45.88 ACADx46@45.88 ADBEx46@45.88 

2013-08-07
Cash: 0.16
Held: ABCDx46@46.50 ABACx46@46.50 ACCOx46@46.50 ACADx46@46.50 ADBEx46@46.50 
Value: 10695.16
Sales: ABCDx46@46.50 ABACx46@46.50 ACCOx46@46.50 ACADx46@46.50 ADBEx46@46.50 
Purchases: ABCDx46@46.50 ABACx46@46.50 ACCOx46@46.50 ACADx46@46.50 ADBEx46@46.50 

2013-08-08
Cash: 0.16
Held: ABCDx46@45.84 ABACx46@45.84 ACCOx46@45.84 ACADx46@45.84 ADBEx46@45.84 
Value: 10544.22
Sales: ABCDx46@45.84 ABACx46@45.84 ACCOx46@45.84 ACADx46@45.84 ADBEx46@45.84 
Purchases: ABCDx46@45.84 ABACx46@45.84 ACCOx46@45.84 ACADx46@45.84 ADBEx46@45.84 

2013-08-11
Cash: 0.16
Held: ABCDx46@45.88 ABACx46@45.88 ACCOx46@45.88 ACADx46@45.88 ADBEx46@45.88 
Value: 10551.41
Sales: ABCDx46@45.88 ABACx46@45.88 ACCOx46@45.88 ACADx46@45.88 ADBEx46@45.88 
Purchases: ABCDx46@45.88 ABACx46@45.88 ACCOx46@45.88 ACADx46@45.88 ADBEx46@45.88 

2013-08-12
Cash: 0.16
Held: ABCDx46@46.44 ABACx46@46.44 ACCOx46@46.44 ACADx46@46.44 ADBEx46@46.44 
Value: 10680.78
Sales: ABCDx46@46.44 ABACx46@46.44 ACCOx46@46.44 ACADx46@46.44 ADBEx46@46.44 
Purchases: ABCDx46@46.44 ABACx46@46.44 ACCOx46@46.44 ACADx46@46.44 ADBEx46@46.44 

2013-08-13
Cash: 0.16
Held: ABCDx46@46.78 ABACx46@46.78 ACCOx46@46.78 ACADx46@46.78 ADBEx46@46.78 
Value: 10759.84
Sales: ABCDx46@46.78 ABACx46@46.78 ACCOx46@46.78 ACADx46@46.78 ADBEx46@46.78 
Purchases: ABCDx46@46.78 ABACx46@46.78 ACCOx46@46.78 ACADx46@46.78 ADBEx46@46.78 

2013-08-14
Cash: 0.16
Held: ABCDx46@47.59 ABACx46@47.59 ACCOx46@47.59 ACADx46@47.59 ADBEx46@47.59 
Value: 10946.72
Sales: ABCDx46@47.59 ABACx46@47.59 ACCOx46@47.59 ACADx46@47.59 ADBEx46@47.59 
Purchases: ABCDx46@47.59 ABACx46@47.59 ACCOx46@47.59 ACADx46@47.59 ADBEx46@47.59 

2013-08-15
Cash: 0.16
Held: ABCDx46@46.81 ABACx46@46.81 ACCOx46@46.81 ACADx46@46.81 ADBEx46@46.81 
Value: 10767.03
Sales: ABCDx46@46.81 ABACx46@46.81 ACCOx46@46.81 ACADx46@46.81 ADBEx46@46.81 
Purchases: ABCDx46@46.81 ABACx46@46.81 ACCOx46@46.81 ACADx46@46.81 ADBEx46@46.81 

2013-08-18
Cash: 0.16
Held: ABCDx46@46.62 ABACx46@46.62 ACCOx46@46.62 ACADx46@46.62 ADBEx46@46.62 
Value: 10723.91
Sales: ABCDx46@46.62 ABACx46@46.62 ACCOx46@46.62 ACADx46@46.62 ADBEx46@46.62 
Purchases: ABCDx46@46.62 ABACx46@46.62 ACCOx46@46.62 ACADx46@46.62 ADBEx46@46.62 

2013-08-19
Cash: 0.16
Held: ABCDx46@46.44 ABACx46@46.44 ACCOx46@46.44 ACADx46@46.44 ADBEx46@46.44 
Value: 10680.78
Sales: ABCDx46@46.44 ABACx46@46.44 ACCOx46@46.44 ACADx46@46.44 ADBEx46@46.44 
Purchases: ABCDx46@46.44 ABACx46@46.44 ACCOx46@46.44 ACADx46@46.44 ADBEx46@46.44 

2013-08-20
Cash: 0.16
Held: ABCDx46@46.94 ABACx46@46.94 ACCOx46@46.94 ACADx46@46.94 ADBEx46@46.94 
Value: 10795.78
Sales: ABCDx46@46.94 ABACx46@46.94 ACCOx46@46.94 ACADx46@46.94 ADBEx46@46.94 
Purchases: ABCDx46@46.94 ABACx46@46.94 ACCOx46@46.94 ACADx46@46.94 ADBEx46@46.94 

2013-08-21
Cash: 0.16
Held: ABCDx46@46.88 ABACx46@46.88 ACCOx46@46.88 ACADx46@46.88 ADBEx46@46.88 
Value: 10781.41
Sales: ABCDx46@46.88 ABACx46@46.88 ACCOx46@46.88 ACADx46@46.88 ADBEx46@46.88 
Purchases: ABCDx46@46.88 ABACx46@46.88 ACCOx46@46.88 ACADx46@46.88 ADBEx46@46.88 

2013-08-22
Cash: 0.16
Held: ABCDx46@47.97 ABACx46@47.97 ACCOx46@47.97 ACADx46@47.97 ADBEx46@47.97 
Value: 11032.97
Sales: ABCDx46@47.97 ABACx46@47.97 ACCOx46@47.97 ACADx46@47.97 ADBEx46@47.97 
Purchases: ABCDx46@47.97 ABACx46@47.97 ACCOx46@47.97 ACADx46@47.97 ADBEx46@47.97 

2013-08-25
Cash: 0.16
Held: ABCDx46@47.62 ABACx46@47.62 ACCOx46@47.62 ACADx46@47.62 ADBEx46@47.62 
Value: 10953.91
Sales: ABCDx46@47.62 ABACx46@47.62 ACCOx46@47.62 ACADx46@47.62 ADBEx46@47.62 
Purchases: ABCDx46@47.62 ABACx46@47.62 ACCOx46@47.62 ACADx46@47.62 ADBEx46@47.62 

2013-08-26
Cash: 0.16
Held: ABCDx46@47.09 ABACx46@47.09 ACCOx46@47.09 ACADx46@47.09 ADBEx46@47.09 
Value: 10831.72
Sales: ABCDx46@47.09 ABACx46@47.09 ACCOx46@47.09 ACADx46@47.09 ADBEx46@47.09 
Purchases: ABCDx46@47.09 ABACx46@47.09 ACCOx46@47.09 ACADx46@47.09 ADBEx46@47.09 

2013-08-27
Cash: 0.16
Held: ABCDx46@46.88 ABACx46@46.88 ACCOx46@46.88 ACADx46@46.88 ADBEx46@46.88 
Value: 10781.41
Sales: ABCDx46@46.88 ABACx46@46.88 ACCOx46@46.88 ACADx46@46.88 ADBEx46@46.88 
Purchases: ABCDx46@46.88 ABACx46@46.88 ACCOx46@46.88 ACADx46@46.88 ADBEx46@46.88 

2013-08-28
Cash: 0.16
Held: ABCDx46@46.62 ABACx46@46.62 ACCOx46@46.62 ACADx46@46.62 ADBEx46@46.62 
Value: 10723.91
Sales: ABCDx46@46.62 ABACx46@46.62 ACCOx46@46.62 ACADx46@46.62 ADBEx46@46.62 
Purchases: ABCDx46@46.62 ABACx46@46.62 ACCOx46@46.62 ACADx46@46.62 ADBEx46@46.62 

2013-08-29
Cash: 0.16
Held: ABCDx46@46.88 ABACx46@46.88 ACCOx46@46.88 ACADx46@46.88 ADBEx46@46.88 
Value: 10781.41
Sales: ABCDx46@46.88 ABACx46@46.88 ACCOx46@46.88 ACADx46@46.88 ADBEx46@46.88 
Purchases: ABCDx46@46.88 ABACx46@46.88 ACCOx46@46.88 ACADx46@46.88 ADBEx46@46.88 

2013-09-02
Cash: 0.16
Held: ABCDx46@47.03 ABACx46@47.03 ACCOx46@47.03 ACADx46@47.03 ADBEx46@47.03 
Value: 10817.34
Sales: ABCDx46@47.03 ABACx46@47.03 ACCOx46@47.03 ACADx46@47.03 ADBEx46@47.03 
Purchases: ABCDx46@47.03 ABACx46@47.03 ACCOx46@47.03 ACADx46@47.03 ADBEx46@47.03 

2013-09-03
Cash: 0.16
Held: ABCDx46@46.94 ABACx46@46.94 ACCOx46@46.94 ACADx46@46.94 ADBEx46@46.94 
Value: 10795.78
Sales: ABCDx46@46.94 ABACx46@46.94 ACCOx46@46.94 ACADx46@46.94 ADBEx46@46.94 
Purchases: ABCDx46@46.94 ABACx46@46.94 ACCOx46@46.94 ACADx46@46.94 ADBEx46@46.94 

2013-09-04
Cash: 0.16
Held: ABCDx46@47.81 ABACx46@47.81 ACCOx46@47.81 ACADx46@47.81 ADBEx46@47.81 
Value: 10997.03
Sales: ABCDx46@47.81 ABACx46@47.81 ACCOx46@47.81 ACADx46@47.81 ADBEx46@47.81 
Purchases: ABCDx46@47.81 ABACx46@47.81 ACCOx46@47.81 ACADx46@47.81 ADBEx46@47.81 

2013-09-05
Cash: 0.16
Held: ABCDx46@47.72 ABACx46@47.72 ACCOx46@47.72 ACADx46@47.72 ADBEx46@47.72 
Value: 10975.47
Sales: ABCDx46@47.72 ABACx46@47.72 ACCOx46@47.72 ACADx46@47.72 ADBEx46@47.72 
Purchases: ABCDx46@47.72 ABACx46@47.72 ACCOx46@47.72 ACADx46@47.72 ADBEx46@47.72 

2013-09-08
Cash: 0.16
Held: ABCDx46@47.59 ABACx46@47.59 ACCOx46@47.59 ACADx46@47.59 ADBEx46@47.59 
Value: 10946.72
Sales: ABCDx46@47.59 ABACx46@47.59 ACCOx46@47.59 ACADx46@47.59 ADBEx46@47.59 
Purchases: ABCDx46@47.59 ABACx46@47.59 ACCOx46@47.59 ACADx46@47.59 ADBEx46@47.59 

2013-09-09
Cash: 0.16
Held: ABCDx46@48.03 ABACx46@48.03 ACCOx46@48.03 ACADx46@48.03 ADBEx46@48.03 
Value: 11047.34
Sales: ABCDx46@48.03 ABACx46@48.03 ACCOx46@48.03 ACADx46@48.03 ADBEx46@48.03 
Purchases: ABCDx46@48.03 ABACx46@48.03 ACCOx46@48.03 ACADx46@48.03 ADBEx46@48.03 

2013-09-10
Cash: 0.16
Held: ABCDx46@48.59 ABACx46@48.59 ACCOx46@48.59 ACADx46@48.59 ADBEx46@48.59 
Value: 11176.72
Sales: ABCDx46@48.59 ABACx46@48.59 ACCOx46@48.59 ACADx46@48.59 ADBEx46@48.59 
Purchases: ABCDx46@48.59 ABACx46@48.59 ACCOx46@48.59 ACADx46@48.59 ADBEx46@48.59 

2013-09-11
Cash: 0.16
Held: ABCDx46@48.91 ABACx46@48.91 ACCOx46@48.91 ACADx46@48.91 ADBEx46@48.91 
Value: 11248.59
Sales: ABCDx46@48.91 ABACx46@48.91 ACCOx46@48.91 ACADx46@48.91 ADBEx46@48.91 
Purchases: ABCDx46@48.91 ABACx46@48.91 ACCOx46@48.91 ACADx46@48.91 ADBEx46@48.91 

2013-09-12
Cash: 0.16
Held: ABCDx46@48.59 ABACx46@48.59 ACCOx46@48.59 ACADx46@48.59 ADBEx46@48.59 
Value: 11176.72
Sales: ABCDx46@48.59 ABACx46@48.59 ACCOx46@48.59 ACADx46@48.59 ADBEx46@48.59 
Purchases: ABCDx46@48.59 ABACx46@48.59 ACCOx46@48.59 ACADx46@48.59 ADBEx46@48.59 

2013-09-15
Cash: 0.16
Held: ABCDx46@49.06 ABACx46@49.06 ACCOx46@49.06 ACADx46@49.06 ADBEx46@49.06 
Value: 11284.53
Sales: ABCDx46@49.06 ABACx46@49.06 ACCOx46@49.06 ACADx46@49.06 ADBEx46@49.06 
Purchases: ABCDx46@49.06 ABACx46@49.06 ACCOx46@49.06 ACADx46@49.06 ADBEx46@49.06 

2013-09-16
Cash: 0.16
Held: ABCDx46@48.72 ABACx46@48.72 ACCOx46@48.72 ACADx46@48.72 ADBEx46@48.72 
Value: 11205.47
Sales: ABCDx46@48.72 ABACx46@48.72 ACCOx46@48.72 ACADx46@48.72 ADBEx46@48.72 
Purchases: ABCDx46@48.72 ABACx46@48.72 ACCOx46@48.72 ACADx46@48.72 ADBEx46@48.72 

2013-09-17
Cash: 0.16
Held: ABCDx46@48.78 ABACx46@48.78 ACCOx46@48.78 ACADx46@48.78 ADBEx46@48.78 
Value: 11219.84
Sales: ABCDx46@48.78 ABACx46@48.78 ACCOx46@48.78 ACADx46@48.78 ADBEx46@48.78 
Purchases: ABCDx46@48.78 ABACx46@48.78 ACCOx46@48.78 ACADx46@48.78 ADBEx46@48.78 

2013-09-18
Cash: 0.16
Held: ABCDx46@52.91 ABACx46@52.91 ACCOx46@52.91 ACADx46@52.91 ADBEx46@52.91 
Value: 12168.59
Sales: ABCDx46@52.91 ABACx46@52.91 ACCOx46@52.91 ACADx46@52.91 ADBEx46@52.91 
Purchases: ABCDx46@52.91 ABACx46@52.91 ACCOx46@52.91 ACADx46@52.91 ADBEx46@52.91 

2013-09-19
Cash: 0.16
Held: ABCDx46@51.03 ABACx46@51.03 ACCOx46@51.03 ACADx46@51.03 ADBEx46@51.03 
Value: 11737.34
Sales: ABCDx46@51.03 ABACx46@51.03 ACCOx46@51.03 ACADx46@51.03 ADBEx46@51.03 
Purchases: ABCDx46@51.03 ABACx46@51.03 ACCOx46@51.03 ACADx46@51.03 ADBEx46@51.03 

2013-09-22
Cash: 0.16
Held: ABCDx46@51.91 ABACx46@51.91 ACCOx46@51.91 ACADx46@51.91 ADBEx46@51.91 
Value: 11938.59
Sales: ABCDx46@51.91 ABACx46@51.91 ACCOx46@51.91 ACADx46@51.91 ADBEx46@51.91 
Purchases: ABCDx46@51.91 ABACx46@51.91 ACCOx46@51.91 ACADx46@51.91 ADBEx46@51.91 

2013-09-23
Cash: 0.16
Held: ABCDx46@51.62 ABACx46@51.62 ACCOx46@51.62 ACADx46@51.62 ADBEx46@51.62 
Value: 11873.91
Sales: ABCDx46@51.62 ABACx46@51.62 ACCOx46@51.62 ACADx46@51.62 ADBEx46@51.62 
Purchases: ABCDx46@51.62 ABACx46@51.62 ACCOx46@51.62 ACADx46@51.62 ADBEx46@51.62 

2013-09-24
Cash: 0.16
Held: ABCDx46@51.59 ABACx46@51.59 ACCOx46@51.59 ACADx46@51.59 ADBEx46@51.59 
Value: 11866.72
Sales: ABCDx46@51.59 ABACx46@51.59 ACCOx46@51.59 ACADx46@51.59 ADBEx46@51.59 
Purchases: ABCDx46@51.59 ABACx46@51.59 ACCOx46@51.59 ACADx46@51.59 ADBEx46@51.59 

2013-09-25
Cash: 0.16
Held: ABCDx46@51.97 ABACx46@51.97 ACCOx46@51.97 ACADx46@51.97 ADBEx46@51.97 
Value: 11952.97
Sales: ABCDx46@51.97 ABACx46@51.97 ACCOx46@51.97 ACADx46@51.97 ADBEx46@51.97 
Purchases: ABCDx46@51.97 ABACx46@51.97 ACCOx46@51.97 ACADx46@51.97 ADBEx46@51.97 

2013-09-26
Cash: 0.16
Held: ABCDx46@51.84 ABACx46@51.84 ACCOx46@51.84 ACADx46@51.84 ADBEx46@51.84 
Value: 11924.22
Sales: ABCDx46@51.84 ABACx46@51.84 ACCOx46@51.84 ACADx46@51.84 ADBEx46@51.84 
Purchases: ABCDx46@51.84 ABACx46@51.84 ACCOx46@51.84 ACADx46@51.84 ADBEx46@51.84 

2013-09-29
Cash: 0.16
Held: ABCDx46@51.03 ABACx46@51.03 ACCOx46@51.03 ACADx46@51.03 ADBEx46@51.03 
Value: 11737.34
Sales: ABCDx46@51.03 ABACx46@51.03 ACCOx46@51.03 ACADx46@51.03 ADBEx46@51.03 
Purchases: ABCDx46@51.03 ABACx46@51.03 ACCOx46@51.03 ACADx46@51.03 ADBEx46@51.03 

2013-09-30
Cash: 0.16
Held: ABCDx46@50.69 ABACx46@50.69 ACCOx46@50.69 ACADx46@50.69 ADBEx46@50.69 
Value: 11658.28
Sales: ABCDx46@50.69 ABACx46@50.69 ACCOx46@50.69 ACADx46@50.69 ADBEx46@50.69 
Purchases: ABCDx46@50.69 ABACx46@50.69 ACCOx46@50.69 ACADx46@50.69 ADBEx46@50.69 

2013-10-01
Cash: 0.16
Held: ABCDx46@51.59 ABACx46@51.59 ACCOx46@51.59 ACADx46@51.59 ADBEx46@51.59 
Value: 11866.72
Sales: ABCDx46@51.59 ABACx46@51.59 ACCOx46@51.59 ACADx46@51.59 ADBEx46@51.59 
Purchases: ABCDx46@51.59 ABACx46@51.59 ACCOx46@51.59 ACADx46@51.59 ADBEx46@51.59 

2013-10-02
Cash: 0.16
Held: ABCDx46@51.56 ABACx46@51.56 ACCOx46@51.56 ACADx46@51.56 ADBEx46@51.56 
Value: 11859.53
Sales: ABCDx46@51.56 ABACx46@51.56 ACCOx46@51.56 ACADx46@51.56 ADBEx46@51.56 
Purchases: ABCDx46@51.56 ABACx46@51.56 ACCOx46@51.56 ACADx46@51.56 ADBEx46@51.56 

2013-10-03
Cash: 0.16
Held: ABCDx46@51.16 ABACx46@51.16 ACCOx46@51.16 ACADx46@51.16 ADBEx46@51.16 
Value: 11766.09
Sales: ABCDx46@51.16 ABACx46@51.16 ACCOx46@51.16 ACADx46@51.16 ADBEx46@51.16 
Purchases: ABCDx46@51.16 ABACx46@51.16 ACCOx46@51.16 ACADx46@51.16 ADBEx46@51.16 

2013-10-06
Cash: 0.16
Held: ABCDx46@51.34 ABACx46@51.34 ACCOx46@51.34 ACADx46@51.34 ADBEx46@51.34 
Value: 11809.22
Sales: ABCDx46@51.34 ABACx46@51.34 ACCOx46@51.34 ACADx46@51.34 ADBEx46@51.34 
Purchases: ABCDx46@51.34 ABACx46@51.34 ACCOx46@51.34 ACADx46@51.34 ADBEx46@51.34 

2013-10-07
Cash: 0.16
Held: ABCDx46@51.19 ABACx46@51.19 ACCOx46@51.19 ACADx46@51.19 ADBEx46@51.19 
Value: 11773.28
Sales: ABCDx46@51.19 ABACx46@51.19 ACCOx46@51.19 ACADx46@51.19 ADBEx46@51.19 
Purchases: ABCDx46@51.19 ABACx46@51.19 ACCOx46@51.19 ACADx46@51.19 ADBEx46@51.19 

2013-10-08
Cash: 0.16
Held: ABCDx46@50.22 ABACx46@50.22 ACCOx46@50.22 ACADx46@50.22 ADBEx46@50.22 
Value: 11550.47
Sales: ABCDx46@50.22 ABACx46@50.22 ACCOx46@50.22 ACADx46@50.22 ADBEx46@50.22 
Purchases: ABCDx46@50.22 ABACx46@50.22 ACCOx46@50.22 ACADx46@50.22 ADBEx46@50.22 

2013-10-09
Cash: 0.16
Held: ABCDx46@50.28 ABACx46@50.28 ACCOx46@50.28 ACADx46@50.28 ADBEx46@50.28 
Value: 11564.84
Sales: ABCDx46@50.28 ABACx46@50.28 ACCOx46@50.28 ACADx46@50.28 ADBEx46@50.28 
Purchases: ABCDx46@50.28 ABACx46@50.28 ACCOx46@50.28 ACADx46@50.28 ADBEx46@50.28 

2013-10-10
Cash: 0.16
Held: ABCDx46@50.88 ABACx46@50.88 ACCOx46@50.88 ACADx46@50.88 ADBEx46@50.88 
Value: 11701.41
Sales: ABCDx46@50.88 ABACx46@50.88 ACCOx46@50.88 ACADx46@50.88 ADBEx46@50.88 
Purchases: ABCDx46@50.88 ABACx46@50.88 ACCOx46@50.88 ACADx46@50.88 ADBEx46@50.88 

2013-10-13
Cash: 0.16
Held: ABCDx46@51.19 ABACx46@51.19 ACCOx46@51.19 ACADx46@51.19 ADBEx46@51.19 
Value: 11773.28
Sales: ABCDx46@51.19 ABACx46@51.19 ACCOx46@51.19 ACADx46@51.19 ADBEx46@51.19 
Purchases: ABCDx46@51.19 ABACx46@51.19 ACCOx46@51.19 ACADx46@51.19 ADBEx46@51.19 

2013-10-14
Cash: 0.16
Held: ABCDx46@51.09 ABACx46@51.09 ACCOx46@51.09 ACADx46@51.09 ADBEx46@51.09 
Value: 11751.72
Sales: ABCDx46@51.09 ABACx46@51.09 ACCOx46@51.09 ACADx46@51.09 ADBEx46@51.09 
Purchases: ABCDx46@51.09 ABACx46@51.09 ACCOx46@51.09 ACADx46@51.09 ADBEx46@51.09 

2013-10-15
Cash: 0.16
Held: ABCDx46@51.22 ABACx46@51.22 ACCOx46@51.22 ACADx46@51.22 ADBEx46@51.22 
Value: 11780.47
Sales: ABCDx46@51.22 ABACx46@51.22 ACCOx46@51.22 ACADx46@51.22 ADBEx46@51.22 
Purchases: ABCDx46@51.22 ABACx46@51.22 ACCOx46@51.22 ACADx46@51.22 ADBEx46@51.22 

2013-10-16
Cash: 0.16
Held: ABCDx46@51.25 ABACx46@51.25 ACCOx46@51.25 ACADx46@51.25 ADBEx46@51.25 
Value: 11787.66
Sales: ABCDx46@51.25 ABACx46@51.25 ACCOx46@51.25 ACADx46@51.25 ADBEx46@51.25 
Purchases: ABCDx46@51.25 ABACx46@51.25 ACCOx46@51.25 ACADx46@51.25 ADBEx46@51.25 

2013-10-17
Cash: 0.16
Held: ABCDx46@52.94 ABACx46@52.94 ACCOx46@52.94 ACADx46@52.94 ADBEx46@52.94 
Value: 12175.78
Sales: ABCDx46@52.94 ABACx46@52.94 ACCOx46@52.94 ACADx46@52.94 ADBEx46@52.94 
Purchases: ABCDx46@52.94 ABACx46@52.94 ACCOx46@52.94 ACADx46@52.94 ADBEx46@52.94 

2013-10-20
Cash: 0.16
Held: ABCDx46@53.03 ABACx46@53.03 ACCOx46@53.03 ACADx46@53.03 ADBEx46@53.03 
Value: 12197.34
Sales: ABCDx46@53.03 ABACx46@53.03 ACCOx46@53.03 ACADx46@53.03 ADBEx46@53.03 
Purchases: ABCDx46@53.03 ABACx46@53.03 ACCOx46@53.03 ACADx46@53.03 ADBEx46@53.03 

2013-10-21
Cash: 0.16
Held: ABCDx46@52.09 ABACx46@52.09 ACCOx46@52.09 ACADx46@52.09 ADBEx46@52.09 
Value: 11981.72
Sales: ABCDx46@52.09 ABACx46@52.09 ACCOx46@52.09 ACADx46@52.09 ADBEx46@52.09 
Purchases: ABCDx46@52.09 ABACx46@52.09 ACCOx46@52.09 ACADx46@52.09 ADBEx46@52.09 

2013-10-22
Cash: 0.16
Held: ABCDx46@50.75 ABACx46@50.75 ACCOx46@50.75 ACADx46@50.75 ADBEx46@50.75 
Value: 11672.66
Sales: ABCDx46@50.75 ABACx46@50.75 ACCOx46@50.75 ACADx46@50.75 ADBEx46@50.75 
Purchases: ABCDx46@50.75 ABACx46@50.75 ACCOx46@50.75 ACADx46@50.75 ADBEx46@50.75 

2013-10-23
Cash: 0.16
Held: ABCDx46@50.66 ABACx46@50.66 ACCOx46@50.66 ACADx46@50.66 ADBEx46@50.66 
Value: 11651.09
Sales: ABCDx46@50.66 ABACx46@50.66 ACCOx46@50.66 ACADx46@50.66 ADBEx46@50.66 
Purchases: ABCDx46@50.66 ABACx46@50.66 ACCOx46@50.66 ACADx46@50.66 ADBEx46@50.66 

2013-10-24
Cash: 0.16
Held: ABCDx46@51.34 ABACx46@51.34 ACCOx46@51.34 ACADx46@51.34 ADBEx46@51.34 
Value: 11809.22
Sales: ABCDx46@51.34 ABACx46@51.34 ACCOx46@51.34 ACADx46@51.34 ADBEx46@51.34 
Purchases: ABCDx46@51.34 ABACx46@51.34 ACCOx46@51.34 ACADx46@51.34 ADBEx46@51.34 

2013-10-27
Cash: 0.16
Held: ABCDx46@51.78 ABACx46@51.78 ACCOx46@51.78 ACADx46@51.78 ADBEx46@51.78 
Value: 11909.84
Sales: ABCDx46@51.78 ABACx46@51.78 ACCOx46@51.78 ACADx46@51.78 ADBEx46@51.78 
Purchases: ABCDx46@51.78 ABACx46@51.78 ACCOx46@51.78 ACADx46@51.78 ADBEx46@51.78 

2013-10-28
Cash: 0.16
Held: ABCDx46@51.53 ABACx46@51.53 ACCOx46@51.53 ACADx46@51.53 ADBEx46@51.53 
Value: 11852.34
Sales: ABCDx46@51.53 ABACx46@51.53 ACCOx46@51.53 ACADx46@51.53 ADBEx46@51.53 
Purchases: ABCDx46@51.53 ABACx46@51.53 ACCOx46@51.53 ACADx46@51.53 ADBEx46@51.53 

2013-10-29
Cash: 0.16
Held: ABCDx46@51.75 ABACx46@51.75 ACCOx46@51.75 ACADx46@51.75 ADBEx46@51.75 
Value: 11902.66
Sales: ABCDx46@51.75 ABACx46@51.75 ACCOx46@51.75 ACADx46@51.75 ADBEx46@51.75 
Purchases: ABCDx46@51.75 ABACx46@51.75 ACCOx46@51.75 ACADx46@51.75 ADBEx46@51.75 

2013-10-30
Cash: 0.16
Held: ABCDx46@51.16 ABACx46@51.16 ACCOx46@51.16 ACADx46@51.16 ADBEx46@51.16 
Value: 11766.09
Sales: ABCDx46@51.16 ABACx46@51.16 ACCOx46@51.16 ACADx46@51.16 ADBEx46@51.16 
Purchases: ABCDx46@51.16 ABACx46@51.16 ACCOx46@51.16 ACADx46@51.16 ADBEx46@51.16 

2013-10-31
Cash: 0.16
Held: ABCDx46@50.91 ABACx46@50.91 ACCOx46@50.91 ACADx46@50.91 ADBEx46@50.91 
Value: 11708.59
Sales: ABCDx46@50.91 ABACx46@50.91 ACCOx46@50.91 ACADx46@50.91 ADBEx46@50.91 
Purchases: ABCDx46@50.91 ABACx46@50.91 ACCOx46@50.91 ACADx46@50.91 ADBEx46@50.91 

2013-11-03
Cash: 0.16
Held: ABCDx46@51.38 ABACx46@51.38 ACCOx46@51.38 ACADx46@51.38 ADBEx46@51.38 
Value: 11816.41
Sales: ABCDx46@51.38 ABACx46@51.38 ACCOx46@51.38 ACADx46@51.38 ADBEx46@51.38 
Purchases: ABCDx46@51.38 ABACx46@51.38 ACCOx46@51.38 ACADx46@51.38 ADBEx46@51.38 

2013-11-04
Cash: 0.16
Held: ABCDx46@51.19 ABACx46@51.19 ACCOx46@51.19 ACADx46@51.19 ADBEx46@51.19 
Value: 11773.28
Sales: ABCDx46@51.19 ABACx46@51.19 ACCOx46@51.19 ACADx46@51.19 ADBEx46@51.19 
Purchases: ABCDx46@51.19 ABACx46@51.19 ACCOx46@51.19 ACADx46@51.19 ADBEx46@51.19 

2013-11-05
Cash: 0.16
Held: ABCDx46@51.19 ABACx46@51.19 ACCOx46@51.19 ACADx46@51.19 ADBEx46@51.19 
Value: 11773.28
Sales: ABCDx46@51.19 ABACx46@51.19 ACCOx46@51.19 ACADx46@51.19 ADBEx46@51.19 
Purchases: ABCDx46@51.19 ABACx46@51.19 ACCOx46@51.19 ACADx46@51.19 ADBEx46@51.19 

2013-11-06
Cash: 0.16
Held: ABCDx46@51.09 ABACx46@51.09 ACCOx46@51.09 ACADx46@51.09 ADBEx46@51.09 
Value: 11751.72
Sales: ABCDx46@51.09 ABACx46@51.09 ACCOx46@51.09 ACADx46@51.09 ADBEx46@51.09 
Purchases: ABCDx46@51.09 ABACx46@51.09 ACCOx46@51.09 ACADx46@51.09 ADBEx46@51.09 

2013-11-07
Cash: 0.16
Held: ABCDx46@50.12 ABACx46@50.12 ACCOx46@50.12 ACADx46@50.12 ADBEx46@50.12 
Value: 11528.91
Sales: ABCDx46@50.12 ABACx46@50.12 ACCOx46@50.12 ACADx46@50.12 ADBEx46@50.12 
Purchases: ABCDx46@50.12 ABACx46@50.12 ACCOx46@50.12 ACADx46@50.12 ADBEx46@50.12 

2013-11-10
Cash: 0.16
Held: ABCDx46@50.62 ABACx46@50.62 ACCOx46@50.62 ACADx46@50.62 ADBEx46@50.62 
Value: 11643.91
Sales: ABCDx46@50.62 ABACx46@50.62 ACCOx46@50.62 ACADx46@50.62 ADBEx46@50.62 
Purchases: ABCDx46@50.62 ABACx46@50.62 ACCOx46@50.62 ACADx46@50.62 ADBEx46@50.62 

2013-11-11
Cash: 0.16
Held: ABCDx46@51.19 ABACx46@51.19 ACCOx46@51.19 ACADx46@51.19 ADBEx46@51.19 
Value: 11773.28
Sales: ABCDx46@51.19 ABACx46@51.19 ACCOx46@51.19 ACADx46@51.19 ADBEx46@51.19 
Purchases: ABCDx46@51.19 ABACx46@51.19 ACCOx46@51.19 ACADx46@51.19 ADBEx46@51.19 

2013-11-12
Cash: 0.16
Held: ABCDx46@50.88 ABACx46@50.88 ACCOx46@50.88 ACADx46@50.88 ADBEx46@50.88 
Value: 11701.41
Sales: ABCDx46@50.88 ABACx46@50.88 ACCOx46@50.88 ACADx46@50.88 ADBEx46@50.88 
Purchases: ABCDx46@50.88 ABACx46@50.88 ACCOx46@50.88 ACADx46@50.88 ADBEx46@50.88 

2013-11-13
Cash: 0.16
Held: ABCDx46@51.19 ABACx46@51.19 ACCOx46@51.19 ACADx46@51.19 ADBEx46@51.19 
Value: 11773.28
Sales: ABCDx46@51.19 ABACx46@51.19 ACCOx46@51.19 ACADx46@51.19 ADBEx46@51.19 
Purchases: ABCDx46@51.19 ABACx46@51.19 ACCOx46@51.19 ACADx46@51.19 ADBEx46@51.19 

2013-11-14
Cash: 0.16
Held: ABCDx46@54.03 ABACx46@54.03 ACCOx46@54.03 ACADx46@54.03 ADBEx46@54.03 
Value: 12427.34
Sales: ABCDx46@54.03 ABACx46@54.03 ACCOx46@54.03 ACADx46@54.03 ADBEx46@54.03 
Purchases: ABCDx46@54.03 ABACx46@54.03 ACCOx46@54.03 ACADx46@54.03 ADBEx46@54.03 

2013-11-17
Cash: 0.16
Held: ABCDx46@54.44 ABACx46@54.44 ACCOx46@54.44 ACADx46@54.44 ADBEx46@54.44 
Value: 12520.78
Sales: ABCDx46@54.44 ABACx46@54.44 ACCOx46@54.44 ACADx46@54.44 ADBEx46@54.44 
Purchases: ABCDx46@54.44 ABACx46@54.44 ACCOx46@54.44 ACADx46@54.44 ADBEx46@54.44 

2013-11-18
Cash: 0.16
Held: ABCDx46@53.66 ABACx46@53.66 ACCOx46@53.66 ACADx46@53.66 ADBEx46@53.66 
Value: 12341.09
Sales: ABCDx46@53.66 ABACx46@53.66 ACCOx46@53.66 ACADx46@53.66 ADBEx46@53.66 
Purchases: ABCDx46@53.66 ABACx46@53.66 ACCOx46@53.66 ACADx46@53.66 ADBEx46@53.66 

2013-11-19
Cash: 0.16
Held: ABCDx46@53.84 ABACx46@53.84 ACCOx46@53.84 ACADx46@53.84 ADBEx46@53.84 
Value: 12384.22
Sales: ABCDx46@53.84 ABACx46@53.84 ACCOx46@53.84 ACADx46@53.84 ADBEx46@53.84 
Purchases: ABCDx46@53.84 ABACx46@53.84 ACCOx46@53.84 ACADx46@53.84 ADBEx46@53.84 

2013-11-20
Cash: 0.16
Held: ABCDx46@53.81 ABACx46@53.81 ACCOx46@53.81 ACADx46@53.81 ADBEx46@53.81 
Value: 12377.03
Sales: ABCDx46@53.81 ABACx46@53.81 ACCOx46@53.81 ACADx46@53.81 ADBEx46@53.81 
Purchases: ABCDx46@53.81 ABACx46@53.81 ACCOx46@53.81 ACADx46@53.81 ADBEx46@53.81 

2013-11-21
Cash: 0.16
Held: ABCDx46@54.09 ABACx46@54.09 ACCOx46@54.09 ACADx46@54.09 ADBEx46@54.09 
Value: 12441.72
Sales: ABCDx46@54.09 ABACx46@54.09 ACCOx46@54.09 ACADx46@54.09 ADBEx46@54.09 
Purchases: ABCDx46@54.09 ABACx46@54.09 ACCOx46@54.09 ACADx46@54.09 ADBEx46@54.09 

2013-11-24
Cash: 0.16
Held: ABCDx46@54.12 ABACx46@54.12 ACCOx46@54.12 ACADx46@54.12 ADBEx46@54.12 
Value: 12448.91
Sales: ABCDx46@54.12 ABACx46@54.12 ACCOx46@54.12 ACADx46@54.12 ADBEx46@54.12 
Purchases: ABCDx46@54.12 ABACx46@54.12 ACCOx46@54.12 ACADx46@54.12 ADBEx46@54.12 

2013-11-25
Cash: 0.16
Held: ABCDx46@53.25 ABACx46@53.25 ACCOx46@53.25 ACADx46@53.25 ADBEx46@53.25 
Value: 12247.66
Sales: ABCDx46@53.25 ABACx46@53.25 ACCOx46@53.25 ACADx46@53.25 ADBEx46@53.25 
Purchases: ABCDx46@53.25 ABACx46@53.25 ACCOx46@53.25 ACADx46@53.25 ADBEx46@53.25 

2013-11-26
Cash: 0.16
Held: ABCDx46@53.78 ABACx46@53.78 ACCOx46@53.78 ACADx46@53.78 ADBEx46@53.78 
Value: 12369.84
Sales: ABCDx46@53.78 ABACx46@53.78 ACCOx46@53.78 ACADx46@53.78 ADBEx46@53.78 
Purchases: ABCDx46@53.78 ABACx46@53.78 ACCOx46@53.78 ACADx46@53.78 ADBEx46@53.78 

2013-11-28
Cash: 0.16
Held: ABCDx46@53.84 ABACx46@53.84 ACCOx46@53.84 ACADx46@53.84 ADBEx46@53.84 
Value: 12384.22
Sales: ABCDx46@53.84 ABACx46@53.84 ACCOx46@53.84 ACADx46@53.84 ADBEx46@53.84 
Purchases: ABCDx46@53.84 ABACx46@53.84 ACCOx46@53.84 ACADx46@53.84 ADBEx46@53.84 

2013-12-01
Cash: 0.16
Held: ABCDx46@53.47 ABACx46@53.47 ACCOx46@53.47 ACADx46@53.47 ADBEx46@53.47 
Value: 12297.97
Sales: ABCDx46@53.47 ABACx46@53.47 ACCOx46@53.47 ACADx46@53.47 ADBEx46@53.47 
Purchases: ABCDx46@53.47 ABACx46@53.47 ACCOx46@53.47 ACADx46@53.47 ADBEx46@53.47 

2013-12-02
Cash: 0.16
Held: ABCDx46@52.91 ABACx46@52.91 ACCOx46@52.91 ACADx46@52.91 ADBEx46@52.91 
Value: 12168.59
Sales: ABCDx46@52.91 ABACx46@52.91 ACCOx46@52.91 ACADx46@52.91 ADBEx46@52.91 
Purchases: ABCDx46@52.91 ABACx46@52.91 ACCOx46@52.91 ACADx46@52.91 ADBEx46@52.91 

2013-12-03
Cash: 0.16
Held: ABCDx46@52.84 ABACx46@52.84 ACCOx46@52.84 ACADx46@52.84 ADBEx46@52.84 
Value: 12154.22
Sales: ABCDx46@52.84 ABACx46@52.84 ACCOx46@52.84 ACADx46@52.84 ADBEx46@52.84 
Purchases: ABCDx46@52.84 ABACx46@52.84 ACCOx46@52.84 ACADx46@52.84 ADBEx46@52.84 

2013-12-04
Cash: 0.16
Held: ABCDx46@53.34 ABACx46@53.34 ACCOx46@53.34 ACADx46@53.34 ADBEx46@53.34 
Value: 12269.22
Sales: ABCDx46@53.34 ABACx46@53.34 ACCOx46@53.34 ACADx46@53.34 ADBEx46@53.34 
Purchases: ABCDx46@53.34 ABACx46@53.34 ACCOx46@53.34 ACADx46@53.34 ADBEx46@53.34 

2013-12-05
Cash: 0.16
Held: ABCDx46@53.75 ABACx46@53.75 ACCOx46@53.75 ACADx46@53.75 ADBEx46@53.75 
Value: 12362.66
Sales: ABCDx46@53.75 ABACx46@53.75 ACCOx46@53.75 ACADx46@53.75 ADBEx46@53.75 
Purchases: ABCDx46@53.75 ABACx46@53.75 ACCOx46@53.75 ACADx46@53.75 ADBEx46@53.75 

2013-12-08
Cash: 0.16
Held: ABCDx46@54.81 ABACx46@54.81 ACCOx46@54.81 ACADx46@54.81 ADBEx46@54.81 
Value: 12607.03
Sales: ABCDx46@54.81 ABACx46@54.81 ACCOx46@54.81 ACADx46@54.81 ADBEx46@54.81 
Purchases: ABCDx46@54.81 ABACx46@54.81 ACCOx46@54.81 ACADx46@54.81 ADBEx46@54.81 

2013-12-09
Cash: 0.16
Held: ABCDx46@54.91 ABACx46@54.91 ACCOx46@54.91 ACADx46@54.91 ADBEx46@54.91 
Value: 12628.59
Sales: ABCDx46@54.91 ABACx46@54.91 ACCOx46@54.91 ACADx46@54.91 ADBEx46@54.91 
Purchases: ABCDx46@54.91 ABACx46@54.91 ACCOx46@54.91 ACADx46@54.91 ADBEx46@54.91 

2013-12-10
Cash: 0.16
Held: ABCDx46@55.28 ABACx46@55.28 ACCOx46@55.28 ACADx46@55.28 ADBEx46@55.28 
Value: 12714.84
Sales: ABCDx46@55.28 ABACx46@55.28 ACCOx46@55.28 ACADx46@55.28 ADBEx46@55.28 
Purchases: ABCDx46@55.28 ABACx46@55.28 ACCOx46@55.28 ACADx46@55.28 ADBEx46@55.28 

2013-12-11
Cash: 0.16
Held: ABCDx46@54.62 ABACx46@54.62 ACCOx46@54.62 ACADx46@54.62 ADBEx46@54.62 
Value: 12563.91
Sales: ABCDx46@54.62 ABACx46@54.62 ACCOx46@54.62 ACADx46@54.62 ADBEx46@54.62 
Purchases: ABCDx46@54.62 ABACx46@54.62 ACCOx46@54.62 ACADx46@54.62 ADBEx46@54.62 

2013-12-12
Cash: 0.16
Held: ABCDx46@55.38 ABACx46@55.38 ACCOx46@55.38 ACADx46@55.38 ADBEx46@55.38 
Value: 12736.41
Sales: ABCDx46@55.38 ABACx46@55.38 ACCOx46@55.38 ACADx46@55.38 ADBEx46@55.38 
Purchases: ABCDx46@55.38 ABACx46@55.38 ACCOx46@55.38 ACADx46@55.38 ADBEx46@55.38 

2013-12-15
Cash: 0.16
Held: ABCDx46@55.25 ABACx46@55.25 ACCOx46@55.25 ACADx46@55.25 ADBEx46@55.25 
Value: 12707.66
Sales: ABCDx46@55.25 ABACx46@55.25 ACCOx46@55.25 ACADx46@55.25 ADBEx46@55.25 
Purchases: ABCDx46@55.25 ABACx46@55.25 ACCOx46@55.25 ACADx46@55.25 ADBEx46@55.25 

2013-12-16
Cash: 0.16
Held: ABCDx46@56.22 ABACx46@56.22 ACCOx46@56.22 ACADx46@56.22 ADBEx46@56.22 
Value: 12930.47
Sales: ABCDx46@56.22 ABACx46@56.22 ACCOx46@56.22 ACADx46@56.22 ADBEx46@56.22 
Purchases: ABCDx46@56.22 ABACx46@56.22 ACCOx46@56.22 ACADx46@56.22 ADBEx46@56.22 

2013-12-17
Cash: 0.16
Held: ABCDx46@56.50 ABACx46@56.50 ACCOx46@56.50 ACADx46@56.50 ADBEx46@56.50 
Value: 12995.16
Sales: ABCDx46@56.50 ABACx46@56.50 ACCOx46@56.50 ACADx46@56.50 ADBEx46@56.50 
Purchases: ABCDx46@56.50 ABACx46@56.50 ACCOx46@56.50 ACADx46@56.50 ADBEx46@56.50 

2013-12-18
Cash: 0.16
Held: ABCDx46@57.56 ABACx46@57.56 ACCOx46@57.56 ACADx46@57.56 ADBEx46@57.56 
Value: 13239.53
Sales: ABCDx46@57.56 ABACx46@57.56 ACCOx46@57.56 ACADx46@57.56 ADBEx46@57.56 
Purchases: ABCDx46@57.56 ABACx46@57.56 ACCOx46@57.56 ACADx46@57.56 ADBEx46@57.56 

2013-12-19
Cash: 0.16
Held: ABCDx46@57.47 ABACx46@57.47 ACCOx46@57.47 ACADx46@57.47 ADBEx46@57.47 
Value: 13217.97
Sales: ABCDx46@57.47 ABACx46@57.47 ACCOx46@57.47 ACADx46@57.47 ADBEx46@57.47 
Purchases: ABCDx46@57.47 ABACx46@57.47 ACCOx46@57.47 ACADx46@57.47 ADBEx46@57.47 

2013-12-22
Cash: 0.16
Held: ABCDx46@57.44 ABACx46@57.44 ACCOx46@57.44 ACADx46@57.44 ADBEx46@57.44 
Value: 13210.78
Sales: ABCDx46@57.44 ABACx46@57.44 ACCOx46@57.44 ACADx46@57.44 ADBEx46@57.44 
Purchases: ABCDx46@57.44 ABACx46@57.44 ACCOx46@57.44 ACADx46@57.44 ADBEx46@57.44 

2013-12-23
Cash: 0.16
Held: ABCDx46@57.50 ABACx46@57.50 ACCOx46@57.50 ACADx46@57.50 ADBEx46@57.50 
Value: 13225.16
Sales: ABCDx46@57.50 ABACx46@57.50 ACCOx46@57.50 ACADx46@57.50 ADBEx46@57.50 
Purchases: ABCDx46@57.50 ABACx46@57.50 ACCOx46@57.50 ACADx46@57.50 ADBEx46@57.50 

2013-12-25
Cash: 0.16
Held: ABCDx46@57.25 ABACx46@57.25 ACCOx46@57.25 ACADx46@57.25 ADBEx46@57.25 
Value: 13167.66
Sales: ABCDx46@57.25 ABACx46@57.25 ACCOx46@57.25 ACADx46@57.25 ADBEx46@57.25 
Purchases: ABCDx46@57.25 ABACx46@57.25 ACCOx46@57.25 ACADx46@57.25 ADBEx46@57.25 

2013-12-26
Cash: 0.16
Held: ABCDx46@57.22 ABACx46@57.22 ACCOx46@57.22 ACADx46@57.22 ADBEx46@57.22 
Value: 13160.47
Sales: ABCDx46@57.22 ABACx46@57.22 ACCOx46@57.22 ACADx46@57.22 ADBEx46@57.22 
Purchases: ABCDx46@57.22 ABACx46@57.22 ACCOx46@57.22 ACADx46@57.22 ADBEx46@57.22 

2013-12-29
Cash: 0.16
Held: ABCDx46@57.06 ABACx46@57.06 ACCOx46@57.06 ACADx46@57.06 ADBEx46@57.06 
Value: 13124.53
Sales: ABCDx46@57.06 ABACx46@57.06 ACCOx46@57.06 ACADx46@57.06 ADBEx46@57.06 
Purchases: ABCDx46@57.06 ABACx46@57.06 ACCOx46@57.06 ACADx46@57.06 ADBEx46@57.06 

2013-12-30
Cash: 0.16
Held: ABCDx46@57.44 ABACx46@57.44 ACCOx46@57.44 ACADx46@57.44 ADBEx46@57.44 
Value: 13210.78
Sales: ABCDx46@57.44 ABACx46@57.44 ACCOx46@57.44 ACADx46@57.44 ADBEx46@57.44 
Purchases: ABCDx46@57.44 ABACx46@57.44 ACCOx46@57.44 ACADx46@57.44 ADBEx46@57.44 

2014-01-01
Cash: 0.16
Held: ABCDx46@57.09 ABACx46@57.09 ACCOx46@57.09 ACADx46@57.09 ADBEx46@57.09 
Value: 13131.72
Sales: ABCDx46@57.09 ABACx46@57.09 ACCOx46@57.09 ACADx46@57.09 ADBEx46@57.09 
Purchases: ABCDx46@57.09 ABACx46@57.09 ACCOx46@57.09 ACADx46@57.09 ADBEx46@57.09 

2014-01-02
Cash: 0.16
Held: ABCDx46@56.38 ABACx46@56.38 ACCOx46@56.38 ACADx46@56.38 ADBEx46@56.38 
Value: 12966.41
Sales: ABCDx46@56.38 ABACx46@56.38 ACCOx46@56.38 ACADx46@56.38 ADBEx46@56.38 
Purchases: ABCDx46@56.38 ABACx46@56.38 ACCOx46@56.38 ACADx46@56.38 ADBEx46@56.38 

2014-01-05
Cash: 0.16
Held: ABCDx46@57.41 ABACx46@57.41 ACCOx46@57.41 ACADx46@57.41 ADBEx46@57.41 
Value: 13203.59
Sales: ABCDx46@57.41 ABACx46@57.41 ACCOx46@57.41 ACADx46@57.41 ADBEx46@57.41 
Purchases: ABCDx46@57.41 ABACx46@57.41 ACCOx46@57.41 ACADx46@57.41 ADBEx46@57.41 

2014-01-06
Cash: 0.16
Held: ABCDx46@56.94 ABACx46@56.94 ACCOx46@56.94 ACADx46@56.94 ADBEx46@56.94 
Value: 13095.78
Sales: ABCDx46@56.94 ABACx46@56.94 ACCOx46@56.94 ACADx46@56.94 ADBEx46@56.94 
Purchases: ABCDx46@56.94 ABACx46@56.94 ACCOx46@56.94 ACADx46@56.94 ADBEx46@56.94 

2014-01-07
Cash: 0.16
Held: ABCDx46@57.34 ABACx46@57.34 ACCOx46@57.34 ACADx46@57.34 ADBEx46@57.34 
Value: 13189.22
Sales: ABCDx46@57.34 ABACx46@57.34 ACCOx46@57.34 ACADx46@57.34 ADBEx46@57.34 
Purchases: ABCDx46@57.34 ABACx46@57.34 ACCOx46@57.34 ACADx46@57.34 ADBEx46@57.34 

2014-01-08
Cash: 0.16
Held: ABCDx46@58.41 ABACx46@58.41 ACCOx46@58.41 ACADx46@58.41 ADBEx46@58.41 
Value: 13433.59
Sales: ABCDx46@58.41 ABACx46@58.41 ACCOx46@58.41 ACADx46@58.41 ADBEx46@58.41 
Purchases: ABCDx46@58.41 ABACx46@58.41 ACCOx46@58.41 ACADx46@58.41 ADBEx46@58.41 

2014-01-09
Cash: 0.16
Held: ABCDx46@58.50 ABACx46@58.50 ACCOx46@58.50 ACADx46@58.50 ADBEx46@58.50 
Value: 13455.16
Sales: ABCDx46@58.50 ABACx46@58.50 ACCOx46@58.50 ACADx46@58.50 ADBEx46@58.50 
Purchases: ABCDx46@58.50 ABACx46@58.50 ACCOx46@58.50 ACADx46@58.50 ADBEx46@58.50 

2014-01-12
Cash: 0.16
Held: ABCDx46@58.78 ABACx46@58.78 ACCOx46@58.78 ACADx46@58.78 ADBEx46@58.78 
Value: 13519.84
Sales: ABCDx46@58.78 ABACx46@58.78 ACCOx46@58.78 ACADx46@58.78 ADBEx46@58.78 
Purchases: ABCDx46@58.78 ABACx46@58.78 ACCOx46@58.78 ACADx46@58.78 ADBEx46@58.78 

2014-01-13
Cash: 0.16
Held: ABCDx46@59.16 ABACx46@59.16 ACCOx46@59.16 ACADx46@59.16 ADBEx46@59.16 
Value: 13606.09
Sales: ABCDx46@59.16 ABACx46@59.16 ACCOx46@59.16 ACADx46@59.16 ADBEx46@59.16 
Purchases: ABCDx46@59.16 ABACx46@59.16 ACCOx46@59.16 ACADx46@59.16 ADBEx46@59.16 

2014-01-14
Cash: 0.16
Held: ABCDx46@59.81 ABACx46@59.81 ACCOx46@59.81 ACADx46@59.81 ADBEx46@59.81 
Value: 13757.03
Sales: ABCDx46@59.81 ABACx46@59.81 ACCOx46@59.81 ACADx46@59.81 ADBEx46@59.81 
Purchases: ABCDx46@59.81 ABACx46@59.81 ACCOx46@59.81 ACADx46@59.81 ADBEx46@59.81 

2014-01-15
Cash: 0.16
Held: ABCDx46@60.25 ABACx46@60.25 ACCOx46@60.25 ACADx46@60.25 ADBEx46@60.25 
Value: 13857.66
Sales: ABCDx46@60.25 ABACx46@60.25 ACCOx46@60.25 ACADx46@60.25 ADBEx46@60.25 
Purchases: ABCDx46@60.25 ABACx46@60.25 ACCOx46@60.25 ACADx46@60.25 ADBEx46@60.25 

2014-01-16
Cash: 0.16
Held: ABCDx46@60.84 ABACx46@60.84 ACCOx46@60.84 ACADx46@60.84 ADBEx46@60.84 
Value: 13994.22
Sales: ABCDx46@60.84 ABACx46@60.84 ACCOx46@60.84 ACADx46@60.84 ADBEx46@60.84 
Purchases: ABCDx46@60.84 ABACx46@60.84 ACCOx46@60.84 ACADx46@60.84 ADBEx46@60.84 

2014-01-20
Cash: 0.16
Held: ABCDx46@60.69 ABACx46@60.69 ACCOx46@60.69 ACADx46@60.69 ADBEx46@60.69 
Value: 13958.28
Sales: ABCDx46@60.69 ABACx46@60.69 ACCOx46@60.69 ACADx46@60.69 ADBEx46@60.69 
Purchases: ABCDx46@60.69 ABACx46@60.69 ACCOx46@60.69 ACADx46@60.69 ADBEx46@60.69 

2014-01-21
Cash: 0.16
Held: ABCDx46@60.81 ABACx46@60.81 ACCOx46@60.81 ACADx46@60.81 ADBEx46@60.81 
Value: 13987.03
Sales: ABCDx46@60.81 ABACx46@60.81 ACCOx46@60.81 ACADx46@60.81 ADBEx46@60.81 
Purchases: ABCDx46@60.81 ABACx46@60.81 ACCOx46@60.81 ACADx46@60.81 ADBEx46@60.81 

2014-01-22
Cash: 0.16
Held: ABCDx46@60.47 ABACx46@60.47 ACCOx46@60.47 ACADx46@60.47 ADBEx46@60.47 
Value: 13907.97
Sales: ABCDx46@60.47 ABACx46@60.47 ACCOx46@60.47 ACADx46@60.47 ADBEx46@60.47 
Purchases: ABCDx46@60.47 ABACx46@60.47 ACCOx46@60.47 ACADx46@60.47 ADBEx46@60.47 

2014-01-23
Cash: 0.16
Held: ABCDx46@59.22 ABACx46@59.22 ACCOx46@59.22 ACADx46@59.22 ADBEx46@59.22 
Value: 13620.47
Sales: ABCDx46@59.22 ABACx46@59.22 ACCOx46@59.22 ACADx46@59.22 ADBEx46@59.22 
Purchases: ABCDx46@59.22 ABACx46@59.22 ACCOx46@59.22 ACADx46@59.22 ADBEx46@59.22 

2014-01-26
Cash: 0.16
Held: ABCDx46@57.91 ABACx46@57.91 ACCOx46@57.91 ACADx46@57.91 ADBEx46@57.91 
Value: 13318.59
Sales: ABCDx46@57.91 ABACx46@57.91 ACCOx46@57.91 ACADx46@57.91 ADBEx46@57.91 
Purchases: ABCDx46@57.91 ABACx46@57.91 ACCOx46@57.91 ACADx46@57.91 ADBEx46@57.91 

2014-01-27
Cash: 0.16
Held: ABCDx46@58.50 ABACx46@58.50 ACCOx46@58.50 ACADx46@58.50 ADBEx46@58.50 
Value: 13455.16
Sales: ABCDx46@58.50 ABACx46@58.50 ACCOx46@58.50 ACADx46@58.50 ADBEx46@58.50 
Purchases: ABCDx46@58.50 ABACx46@58.50 ACCOx46@58.50 ACADx46@58.50 ADBEx46@58.50 

2014-01-28
Cash: 0.16
Held: ABCDx46@57.66 ABACx46@57.66 ACCOx46@57.66 ACADx46@57.66 ADBEx46@57.66 
Value: 13261.09
Sales: ABCDx46@57.66 ABACx46@57.66 ACCOx46@57.66 ACADx46@57.66 ADBEx46@57.66 
Purchases: ABCDx46@57.66 ABACx46@57.66 ACCOx46@57.66 ACADx46@57.66 ADBEx46@57.66 

2014-01-29
Cash: 0.16
Held: ABCDx46@58.41 ABACx46@58.41 ACCOx46@58.41 ACADx46@58.41 ADBEx46@58.41 
Value: 13433.59
Sales: ABCDx46@58.41 ABACx46@58.41 ACCOx46@58.41 ACADx46@58.41 ADBEx46@58.41 
Purchases: ABCDx46@58.41 ABACx46@58.41 ACCOx46@58.41 ACADx46@58.41 ADBEx46@58.41 

2014-01-30
Cash: 0.16
Held: ABCDx46@58.62 ABACx46@58.62 ACCOx46@58.62 ACADx46@58.62 ADBEx46@58.62 
Value: 13483.91
Sales: ABCDx46@58.62 ABACx46@58.62 ACCOx46@58.62 ACADx46@58.62 ADBEx46@58.62 
Purchases: ABCDx46@58.62 ABACx46@58.62 ACCOx46@58.62 ACADx46@58.62 ADBEx46@58.62 

2014-02-02
Cash: 0.16
Held: ABCDx46@58.16 ABACx46@58.16 ACCOx46@58.16 ACADx46@58.16 ADBEx46@58.16 
Value: 13376.09
Sales: ABCDx46@58.16 ABACx46@58.16 ACCOx46@58.16 ACADx46@58.16 ADBEx46@58.16 
Purchases: ABCDx46@58.16 ABACx46@58.16 ACCOx46@58.16 ACADx46@58.16 ADBEx46@58.16 

2014-02-03
Cash: 0.16
Held: ABCDx46@56.31 ABACx46@56.31 ACCOx46@56.31 ACADx46@56.31 ADBEx46@56.31 
Value: 12952.03
Sales: ABCDx46@56.31 ABACx46@56.31 ACCOx46@56.31 ACADx46@56.31 ADBEx46@56.31 
Purchases: ABCDx46@56.31 ABACx46@56.31 ACCOx46@56.31 ACADx46@56.31 ADBEx46@56.31 

2014-02-04
Cash: 0.16
Held: ABCDx46@57.59 ABACx46@57.59 ACCOx46@57.59 ACADx46@57.59 ADBEx46@57.59 
Value: 13246.72
Sales: ABCDx46@57.59 ABACx46@57.59 ACCOx46@57.59 ACADx46@57.59 ADBEx46@57.59 
Purchases: ABCDx46@57.59 ABACx46@57.59 ACCOx46@57.59 ACADx46@57.59 ADBEx46@57.59 

2014-02-05
Cash: 0.16
Held: ABCDx46@57.50 ABACx46@57.50 ACCOx46@57.50 ACADx46@57.50 ADBEx46@57.50 
Value: 13225.16
Sales: ABCDx46@57.50 ABACx46@57.50 ACCOx46@57.50 ACADx46@57.50 ADBEx46@57.50 
Purchases: ABCDx46@57.50 ABACx46@57.50 ACCOx46@57.50 ACADx46@57.50 ADBEx46@57.50 

2014-02-06
Cash: 0.16
Held: ABCDx46@58.47 ABACx46@58.47 ACCOx46@58.47 ACADx46@58.47 ADBEx46@58.47 
Value: 13447.97
Sales: ABCDx46@58.47 ABACx46@58.47 ACCOx46@58.47 ACADx46@58.47 ADBEx46@58.47 
Purchases: ABCDx46@58.47 ABACx46@58.47 ACCOx46@58.47 ACADx46@58.47 ADBEx46@58.47 

2014-02-09
Cash: 0.16
Held: ABCDx46@59.28 ABACx46@59.28 ACCOx46@59.28 ACADx46@59.28 ADBEx46@59.28 
Value: 13634.84
Sales: ABCDx46@59.28 ABACx46@59.28 ACCOx46@59.28 ACADx46@59.28 ADBEx46@59.28 
Purchases: ABCDx46@59.28 ABACx46@59.28 ACCOx46@59.28 ACADx46@59.28 ADBEx46@59.28 

2014-02-10
Cash: 0.16
Held: ABCDx46@59.00 ABACx46@59.00 ACCOx46@59.00 ACADx46@59.00 ADBEx46@59.00 
Value: 13570.16
Sales: ABCDx46@59.00 ABACx46@59.00 ACCOx46@59.00 ACADx46@59.00 ADBEx46@59.00 
Purchases: ABCDx46@59.00 ABACx46@59.00 ACCOx46@59.00 ACADx46@59.00 ADBEx46@59.00 

2014-02-11
Cash: 0.16
Held: ABCDx46@60.00 ABACx46@60.00 ACCOx46@60.00 ACADx46@60.00 ADBEx46@60.00 
Value: 13800.16
Sales: ABCDx46@60.00 ABACx46@60.00 ACCOx46@60.00 ACADx46@60.00 ADBEx46@60.00 
Purchases: ABCDx46@60.00 ABACx46@60.00 ACCOx46@60.00 ACADx46@60.00 ADBEx46@60.00 

2014-02-12
Cash: 0.16
Held: ABCDx46@59.44 ABACx46@59.44 ACCOx46@59.44 ACADx46@59.44 ADBEx46@59.44 
Value: 13670.78
Sales: ABCDx46@59.44 ABACx46@59.44 ACCOx46@59.44 ACADx46@59.44 ADBEx46@59.44 
Purchases: ABCDx46@59.44 ABACx46@59.44 ACCOx46@59.44 ACADx46@59.44 ADBEx46@59.44 

2014-02-13
Cash: 0.16
Held: ABCDx46@57.16 ABACx46@57.16 ACCOx46@57.16 ACADx46@57.16 ADBEx46@57.16 
Value: 13146.09
Sales: ABCDx46@57.16 ABACx46@57.16 ACCOx46@57.16 ACADx46@57.16 ADBEx46@57.16 
Purchases: ABCDx46@57.16 ABACx46@57.16 ACCOx46@57.16 ACADx46@57.16 ADBEx46@57.16 

2014-02-17
Cash: 0.16
Held: ABCDx46@55.38 ABACx46@55.38 ACCOx46@55.38 ACADx46@55.38 ADBEx46@55.38 
Value: 12736.41
Sales: ABCDx46@55.38 ABACx46@55.38 ACCOx46@55.38 ACADx46@55.38 ADBEx46@55.38 
Purchases: ABCDx46@55.38 ABACx46@55.38 ACCOx46@55.38 ACADx46@55.38 ADBEx46@55.38 

2014-02-18
Cash: 0.16
Held: ABCDx46@55.00 ABACx46@55.00 ACCOx46@55.00 ACADx46@55.00 ADBEx46@55.00 
Value: 12650.16
Sales: ABCDx46@55.00 ABACx46@55.00 ACCOx46@55.00 ACADx46@55.00 ADBEx46@55.00 
Purchases: ABCDx46@55.00 ABACx46@55.00 ACCOx46@55.00 ACADx46@55.00 ADBEx46@55.00 

2014-02-19
Cash: 0.16
Held: ABCDx46@56.12 ABACx46@56.12 ACCOx46@56.12 ACADx46@56.12 ADBEx46@56.12 
Value: 12908.91
Sales: ABCDx46@56.12 ABACx46@56.12 ACCOx46@56.12 ACADx46@56.12 ADBEx46@56.12 
Purchases: ABCDx46@56.12 ABACx46@56.12 ACCOx46@56.12 ACADx46@56.12 ADBEx46@56.12 

2014-02-20
Cash: 0.16
Held: ABCDx46@57.25 ABACx46@57.25 ACCOx46@57.25 ACADx46@57.25 ADBEx46@57.25 
Value: 13167.66
Sales: ABCDx46@57.25 ABACx46@57.25 ACCOx46@57.25 ACADx46@57.25 ADBEx46@57.25 
Purchases: ABCDx46@57.25 ABACx46@57.25 ACCOx46@57.25 ACADx46@57.25 ADBEx46@57.25 

2014-02-23
Cash: 0.16
Held: ABCDx46@56.44 ABACx46@56.44 ACCOx46@56.44 ACADx46@56.44 ADBEx46@56.44 
Value: 12980.78
Sales: ABCDx46@56.44 ABACx46@56.44 ACCOx46@56.44 ACADx46@56.44 ADBEx46@56.44 
Purchases: ABCDx46@56.44 ABACx46@56.44 ACCOx46@56.44 ACADx46@56.44 ADBEx46@56.44 

2014-02-24
Cash: 0.16
Held: ABCDx46@56.81 ABACx46@56.81 ACCOx46@56.81 ACADx46@56.81 ADBEx46@56.81 
Value: 13067.03
Sales: ABCDx46@56.81 ABACx46@56.81 ACCOx46@56.81 ACADx46@56.81 ADBEx46@56.81 
Purchases: ABCDx46@56.81 ABACx46@56.81 ACCOx46@56.81 ACADx46@56.81 ADBEx46@56.81 

2014-02-25
Cash: 0.16
Held: ABCDx46@56.97 ABACx46@56.97 ACCOx46@56.97 ACADx46@56.97 ADBEx46@56.97 
Value: 13102.97
Sales: ABCDx46@56.97 ABACx46@56.97 ACCOx46@56.97 ACADx46@56.97 ADBEx46@56.97 
Purchases: ABCDx46@56.97 ABACx46@56.97 ACCOx46@56.97 ACADx46@56.97 ADBEx46@56.97 

2014-02-26
Cash: 0.16
Held: ABCDx46@57.03 ABACx46@57.03 ACCOx46@57.03 ACADx46@57.03 ADBEx46@57.03 
Value: 13117.34
Sales: ABCDx46@57.03 ABACx46@57.03 ACCOx46@57.03 ACADx46@57.03 ADBEx46@57.03 
Purchases: ABCDx46@57.03 ABACx46@57.03 ACCOx46@57.03 ACADx46@57.03 ADBEx46@57.03 

2014-02-27
Cash: 0.16
Held: ABCDx46@56.44 ABACx46@56.44 ACCOx46@56.44 ACADx46@56.44 ADBEx46@56.44 
Value: 12980.78
Sales: ABCDx46@56.44 ABACx46@56.44 ACCOx46@56.44 ACADx46@56.44 ADBEx46@56.44 
Purchases: ABCDx46@56.44 ABACx46@56.44 ACCOx46@56.44 ACADx46@56.44 ADBEx46@56.44 

2014-03-02
Cash: 0.16
Held: ABCDx46@56.12 ABACx46@56.12 ACCOx46@56.12 ACADx46@56.12 ADBEx46@56.12 
Value: 12908.91
Sales: ABCDx46@56.12 ABACx46@56.12 ACCOx46@56.12 ACADx46@56.12 ADBEx46@56.12 
Purchases: ABCDx46@56.12 ABACx46@56.12 ACCOx46@56.12 ACADx46@56.12 ADBEx46@56.12 

2014-03-03
Cash: 0.16
Held: ABCDx46@57.22 ABACx46@57.22 ACCOx46@57.22 ACADx46@57.22 ADBEx46@57.22 
Value: 13160.47
Sales: ABCDx46@57.22 ABACx46@57.22 ACCOx46@57.22 ACADx46@57.22 ADBEx46@57.22 
Purchases: ABCDx46@57.22 ABACx46@57.22 ACCOx46@57.22 ACADx46@57.22 ADBEx46@57.22 

2014-03-04
Cash: 0.16
Held: ABCDx46@57.72 ABACx46@57.72 ACCOx46@57.72 ACADx46@57.72 ADBEx46@57.72 
Value: 13275.47
Sales: ABCDx46@57.72 ABACx46@57.72 ACCOx46@57.72 ACADx46@57.72 ADBEx46@57.72 
Purchases: ABCDx46@57.72 ABACx46@57.72 ACCOx46@57.72 ACADx46@57.72 ADBEx46@57.72 

