2013-01-08
Cash: 10000.00
Held: 
Value: 10000.00
Sales: 
Purchases: ABCDx46@43.00 ABACx46@43.00 ACCOx46@43.00 ACADx46@43.00 ADBEx46@43.00 

2013-01-09
Cash: 110.00
Held: ABCDx46@43.62 ABACx46@43.62 ACCOx46@43.62 ACADx46@43.62 ADBEx46@43.62 
Value: 10143.75
Sales: ABCDx46@43.62 ABACx46@43.62 ACCOx46@43.62 ACADx46@43.62 ADBEx46@43.62 
Purchases: ABCDx46@43.62 ABACx46@43.62 ACCOx46@43.62 ACADx46@43.62 ADBEx46@43.62 

2013-01-10
Cash: 110.00
Held: ABCDx46@43.66 ABACx46@43.66 ACCOx46@43.66 ACADx46@43.66 ADBEx46@43.66 
Value: 10150.94
Sales: ABCDx46@43.66 ABACx46@43.66 ACCOx46@43.66 ACADx46@43.66 ADBEx46@43.66 
Purchases: ABCDx46@43.66 ABACx46@43.66 ACCOx46@43.66 ACADx46@43.66 ADBEx46@43.66 

2013-01-13
Cash: 110.00
Held: ABCDx46@43.44 ABACx46@43.44 ACCOx46@43.44 ACADx46@43.44 ADBEx46@43.44 
Value: 10100.62
Sales: ABCDx46@43.44 ABACx46@43.44 ACCOx46@43.44 ACADx46@43.44 ADBEx46@43.44 
Purchases: ABCDx46@43.44 ABACx46@43.44 ACCOx46@43.44 ACADx46@43.44 ADBEx46@43.44 

2013-01-14
Cash: 110.00
Held: ABCDx46@43.16 ABACx46@43.16 ACCOx46@43.16 ACADx46@43.16 ADBEx46@43.16 
Value: 10035.94
Sales: ABCDx46@43.16 ABACx46@43.16 ACCOx46@43.16 ACADx46@43.16 ADBEx46@43.16 
Purchases: ABCDx46@43.16 ABACx46@43.16 ACCOx46@43.16 ACADx46@43.16 ADBEx46@43.16 

2013-01-15
Cash: 110.00
Held: ABCDx46@43.16 ABACx46@43.16 ACCOx46@43.16 ACADx46@43.16 ADBEx46@43.16 
Value: 10035.94
Sales: ABCDx46@43.16 ABACx46@43.16 ACCOx46@43.16 ACADx46@43.16 ADBEx46@43.16 
Purchases: ABCDx46@43.16 ABACx46@43.16 ACCOx46@43.16 ACADx46@43.16 ADBEx46@43.16 

2013-01-16
Cash: 110.00
Held: ABCDx46@43.62 ABACx46@43.62 ACCOx46@43.62 ACADx46@43.62 ADBEx46@43.62 
Value: 10143.75
Sales: ABCDx46@43.62 ABACx46@43.62 ACCOx46@43.62 ACADx46@43.62 ADBEx46@43.62 
Purchases: ABCDx46@43.62 ABACx46@43.62 ACCOx46@43.62 ACADx46@43.62 ADBEx46@43.62 

2013-01-17
Cash: 110.00
Held: ABCDx46@44.06 ABACx46@44.06 ACCOx46@44.06 ACADx46@44.06 ADBEx46@44.06 
Value: 10244.38
Sales: ABCDx46@44.06 ABACx46@44.06 ACCOx46@44.06 ACADx46@44.06 ADBEx46@44.06 
Purchases: ABCDx46@44.06 ABACx46@44.06 ACCOx46@44.06 ACADx46@44.06 ADBEx46@44.06 

2013-01-21
Cash: 110.00
Held: ABCDx46@43.97 ABACx46@43.97 ACCOx46@43.97 ACADx46@43.97 ADBEx46@43.97 
Value: 10222.81
Sales: ABCDx46@43.97 ABACx46@43.97 ACCOx46@43.97 ACADx46@43.97 ADBEx46@43.97 
Purchases: ABCDx46@43.97 ABACx46@43.97 ACCOx46@43.97 ACADx46@43.97 ADBEx46@43.97 

2013-01-22
Cash: 110.00
Held: ABCDx46@44.53 ABACx46@44.53 ACCOx46@44.53 ACADx46@44.53 ADBEx46@44.53 
Value: 10352.19
Sales: ABCDx46@44.53 ABACx46@44.53 ACCOx46@44.53 ACADx46@44.53 ADBEx46@44.53 
Purchases: ABCDx46@44.53 ABACx46@44.53 ACCOx46@44.53 ACADx46@44.53 ADBEx46@44.53 

2013-01-23
Cash: 110.00
Held: ABCDx46@44.56 ABACx46@44.56 ACCOx46@44.56 ACADx46@44.56 ADBEx46@44.56 
Value: 10359.38
Sales: ABCDx46@44.56 ABACx46@44.56 ACCOx46@44.56 ACADx46@44.56 ADBEx46@44.56 
Purchases: ABCDx46@44.56 ABACx46@44.56 ACCOx46@44.56 ACADx46@44.56 ADBEx46@44.56 

2013-01-24
Cash: 110.00
Held: ABCDx46@44.72 ABACx46@44.72 ACCOx46@44.72 ACADx46@44.72 ADBEx46@44.72 
Value: 10395.31
Sales: ABCDx46@44.72 ABACx46@44.72 ACCOx46@44.72 ACADx46@44.72 ADBEx46@44.72 
Purchases: ABCDx46@44.72 ABACx46@44.72 ACCOx46@44.72 ACADx46@44.72 ADBEx46@44.72 

2013-01-27
Cash: 110.00
Held: ABCDx46@45.19 ABACx46@45.19 ACCOx46@45.19 ACADx46@45.19 ADBEx46@45.19 
Value: 10503.12
Sales: ABCDx46@45.19 ABACx46@45.19 ACCOx46@45.19 ACADx46@45.19 ADBEx46@45.19 
Purchases: ABCDx46@45.19 ABACx46@45.19 ACCOx46@45.19 ACADx46@45.19 ADBEx46@45.19 

2013-01-28
Cash: 110.00
Held: ABCDx46@44.97 ABACx46@44.97 ACCOx46@44.97 ACADx46@44.97 ADBEx46@44.97 
Value: 10452.81
Sales: ABCDx46@44.97 ABACx46@44.97 ACCOx46@44.97 ACADx46@44.97 ADBEx46@44.97 
Purchases: ABCDx46@44.97 ABACx46@44.97 ACCOx46@44.97 ACADx46@44.97 ADBEx46@44.97 

2013-01-29
Cash: 110.00
Held: ABCDx46@44.59 ABACx46@44.59 ACCOx46@44.59 ACADx46@44.59 ADBEx46@44.59 
Value: 10366.56
Sales: ABCDx46@44.59 ABACx46@44.59 ACCOx46@44.59 ACADx46@44.59 ADBEx46@44.59 
Purchases: ABCDx46@44.59 ABACx46@44.59 ACCOx46@44.59 ACADx46@44.59 ADBEx46@44.59 

2013-01-30
Cash: 110.00
Held: ABCDx46@44.34 ABACx46@44.34 ACCOx46@44.34 ACADx46@44.34 ADBEx46@44.34 
Value: 10309.06
Sales: ABCDx46@44.34 ABACx46@44.34 ACCOx46@44.34 ACADx46@44.34 ADBEx46@44.34 
Purchases: ABCDx46@44.34 ABACx46@44.34 ACCOx46@44.34 ACADx46@44.34 ADBEx46@44.34 

2013-01-31
Cash: 110.00
Held: ABCDx46@45.09 ABACx46@45.09 ACCOx46@45.09 ACADx46@45.09 ADBEx46@45.09 
Value: 10481.56
Sales: ABCDx46@45.09 ABACx46@45.09 ACCOx46@45.09 ACADx46@45.09 ADBEx46@45.09 
Purchases: ABCDx46@45.09 ABACx46@45.09 ACCOx46@45.09 ACADx46@45.09 ADBEx46@45.09 

2013-02-03
Cash: 110.00
Held: ABCDx46@44.81 ABACx46@44.81 ACCOx46@44.81 ACADx46@44.81 ADBEx46@44.81 
Value: 10416.88
Sales: ABCDx46@44.81 ABACx46@44.81 ACCOx46@44.81 ACADx46@44.81 ADBEx46@44.81 
Purchases: ABCDx46@44.81 ABACx46@44.81 ACCOx46@44.81 ACADx46@44.81 ADBEx46@44.81 

2013-02-04
Cash: 110.00
Held: ABCDx46@44.56 ABACx46@44.56 ACCOx46@44.56 ACADx46@44.56 ADBEx46@44.56 
Value: 10359.38
Sales: ABCDx46@44.56 ABACx46@44.56 ACCOx46@44.56 ACADx46@44.56 ADBEx46@44.56 
Purchases: ABCDx46@44.56 ABACx46@44.56 ACCOx46@44.56 ACADx46@44.56 ADBEx46@44.56 

2013-02-05
Cash: 110.00
Held: ABCDx46@44.72 ABACx46@44.72 ACCOx46@44.72 ACADx46@44.72 ADBEx46@44.72 
Value: 10395.31
Sales: ABCDx46@44.72 ABACx46@44.72 ACCOx46@44.72 ACADx46@44.72 ADBEx46@44.72 
Purchases: ABCDx46@44.72 ABACx46@44.72 ACCOx46@44.72 ACADx46@44.72 ADBEx46@44.72 

2013-02-06
Cash: 110.00
Held: ABCDx46@44.91 ABACx46@44.91 ACCOx46@44.91 ACADx46@44.91 ADBEx46@44.91 
Value: 10438.44
Sales: ABCDx46@44.91 ABACx46@44.91 ACCOx46@44.91 ACADx46@44.91 ADBEx46@44.91 
Purchases: ABCDx46@44.91 ABACx46@44.91 ACCOx46@44.91 ACADx46@44.91 ADBEx46@44.91 

2013-02-07
Cash: 110.00
Held: ABCDx46@45.06 ABACx46@45.06 ACCOx46@45.06 ACADx46@45.06 ADBEx46@45.06 
Value: 10474.38
Sales: ABCDx46@45.06 ABACx46@45.06 ACCOx46@45.06 ACADx46@45.06 ADBEx46@45.06 
Purchases: ABCDx46@45.06 ABACx46@45.06 ACCOx46@45.06 ACADx46@45.06 ADBEx46@45.06 

2013-02-10
Cash: 110.00
Held: ABCDx46@45.16 ABACx46@45.16 ACCOx46@45.16 ACADx46@45.16 ADBEx46@45.16 
Value: 10495.94
Sales: ABCDx46@45.16 ABACx46@45.16 ACCOx46@45.16 ACADx46@45.16 ADBEx46@45.16 
Purchases: ABCDx46@45.16 ABACx46@45.16 ACCOx46@45.16 ACADx46@45.16 ADBEx46@45.16 

2013-02-11
Cash: 110.00
Held: ABCDx46@44.81 ABACx46@44.81 ACCOx46@44.81 ACADx46@44.81 ADBEx46@44.81 
Value: 10416.88
Sales: ABCDx46@44.81 ABACx46@44.81 ACCOx46@44.81 ACADx46@44.81 ADBEx46@44.81 
Purchases: ABCDx46@44.81 ABACx46@44.81 ACCOx46@44.81 ACADx46@44.81 ADBEx46@44.81 

2013-02-12
Cash: 110.00
Held: ABCDx46@44.81 ABACx46@44.81 ACCOx46@44.81 ACADx46@44.81 ADBEx46@44.81 
Value: 10416.88
Sales: ABCDx46@44.81 ABACx46@44.81 ACCOx46@44.81 ACADx46@44.81 ADBEx46@44.81 
Purchases: ABCDx46@44.81 ABACx46@44.81 ACCOx46@44.81 ACADx46@44.81 ADBEx46@44.81 

2013-02-13
Cash: 110.00
Held: ABCDx46@44.72 ABACx46@44.72 ACCOx46@44.72 ACADx46@44.72 ADBEx46@44.72 
Value: 10395.31
Sales: ABCDx46@44.72 ABACx46@44.72 ACCOx46@44.72 ACADx46@44.72 ADBEx46@44.72 
Purchases: ABCDx46@44.72 ABACx46@44.72 ACCOx46@44.72 ACADx46@44.72 ADBEx46@44.72 

2013-02-14
Cash: 110.00
Held: ABCDx46@43.47 ABACx46@43.47 ACCOx46@43.47 ACADx46@43.47 ADBEx46@43.47 
Value: 10107.81
Sales: ABCDx46@43.47 ABACx46@43.47 ACCOx46@43.47 ACADx46@43.47 ADBEx46@43.47 
Purchases: ABCDx46@43.47 ABACx46@43.47 ACCOx46@43.47 ACADx46@43.47 ADBEx46@43.47 

2013-02-18
Cash: 110.00
Held: ABCDx46@42.22 ABACx46@42.22 ACCOx46@42.22 ACADx46@42.22 ADBEx46@42.22 
Value: 9820.31
Sales: ABCDx46@42.22 ABACx46@42.22 ACCOx46@42.22 ACADx46@42.22 ADBEx46@42.22 
Purchases: ABCDx46@42.22 ABACx46@42.22 ACCOx46@42.22 ACADx46@42.22 ADBEx46@42.22 

2013-02-19
Cash: 110.00
Held: ABCDx46@42.84 ABACx46@42.84 ACCOx46@42.84 ACADx46@42.84 ADBEx46@42.84 
Value: 9964.06
Sales: ABCDx46@42.84 ABACx46@42.84 ACCOx46@42.84 ACADx46@42.84 ADBEx46@42.84 
Purchases: ABCDx46@42.84 ABACx46@42.84 ACCOx46@42.84 ACADx46@42.84 ADBEx46@42.84 

2013-02-20
Cash: 110.00
Held: ABCDx46@42.12 ABACx46@42.12 ACCOx46@42.12 ACADx46@42.12 ADBEx46@42.12 
Value: 9798.75
Sales: ABCDx46@42.12 ABACx46@42.12 ACCOx46@42.12 ACADx46@42.12 ADBEx46@42.12 
Purchases: ABCDx46@42.12 ABACx46@42.12 ACCOx46@42.12 ACADx46@42.12 ADBEx46@42.12 

2013-02-21
Cash: 110.00
Held: ABCDx46@41.84 ABACx46@41.84 ACCOx46@41.84 ACADx46@41.84 ADBEx46@41.84 
Value: 9734.06
Sales: ABCDx46@41.84 ABACx46@41.84 ACCOx46@41.84 ACADx46@41.84 ADBEx46@41.84 
Purchases: ABCDx46@41.84 ABACx46@41.84 ACCOx46@41.84 ACADx46@41.84 ADBEx46@41.84 

2013-02-24
Cash: 110.00
Held: ABCDx46@42.09 ABACx46@42.09 ACCOx46@42.09 ACADx46@42.09 ADBEx46@42.09 
Value: 9791.56
Sales: ABCDx46@42.09 ABACx46@42.09 ACCOx46@42.09 ACADx46@42.09 ADBEx46@42.09 
Purchases: ABCDx46@42.09 ABACx46@42.09 ACCOx46@42.09 ACADx46@42.09 ADBEx46@42.09 

2013-02-25
Cash: 110.00
Held: ABCDx46@40.62 ABACx46@40.62 ACCOx46@40.62 ACADx46@40.62 ADBEx46@40.62 
Value: 9453.75
Sales: ABCDx46@40.62 ABACx46@40.62 ACCOx46@40.62 ACADx46@40.62 ADBEx46@40.62 
Purchases: ABCDx46@40.62 ABACx46@40.62 ACCOx46@40.62 ACADx46@40.62 ADBEx46@40.62 

2013-02-26
Cash: 110.00
Held: ABCDx46@41.00 ABACx46@41.00 ACCOx46@41.00 ACADx46@41.00 ADBEx46@41.00 
Value: 9540.00
Sales: ABCDx46@41.00 ABACx46@41.00 ACCOx46@41.00 ACADx46@41.00 ADBEx46@41.00 
Purchases: ABCDx46@41.00 ABACx46@41.00 ACCOx46@41.00 ACADx46@41.00 ADBEx46@41.00 

2013-02-27
Cash: 110.00
Held: ABCDx46@41.78 ABACx46@41.78 ACCOx46@41.78 ACADx46@41.78 ADBEx46@41.78 
Value: 9719.69
Sales: ABCDx46@41.78 ABACx46@41.78 ACCOx46@41.78 ACADx46@41.78 ADBEx46@41.78 
Purchases: ABCDx46@41.78 ABACx46@41.78 ACCOx46@41.78 ACADx46@41.78 ADBEx46@41.78 

2013-02-28
Cash: 110.00
Held: ABCDx46@41.19 ABACx46@41.19 ACCOx46@41.19 ACADx46@41.19 ADBEx46@41.19 
Value: 9583.12
Sales: ABCDx46@41.19 ABACx46@41.19 ACCOx46@41.19 ACADx46@41.19 ADBEx46@41.19 
Purchases: ABCDx46@41.19 ABACx46@41.19 ACCOx46@41.19 ACADx46@41.19 ADBEx46@41.19 

2013-03-03
Cash: 110.00
Held: ABCDx46@41.75 ABACx46@41.75 ACCOx46@41.75 ACADx46@41.75 ADBEx46@41.75 
Value: 9712.50
Sales: ABCDx46@41.75 ABACx46@41.75 ACCOx46@41.75 ACADx46@41.75 ADBEx46@41.75 
Purchases: ABCDx46@41.75 ABACx46@41.75 ACCOx46@41.75 ACADx46@41.75 ADBEx46@41.75 

2013-03-04
Cash: 110.00
Held: ABCDx46@42.34 ABACx46@42.34 ACCOx46@42.34 ACADx46@42.34 ADBEx46@42.34 
Value: 9849.06
Sales: ABCDx46@42.34 ABACx46@42.34 ACCOx46@42.34 ACADx46@42.34 ADBEx46@42.34 
Purchases: ABCDx46@42.34 ABACx46@42.34 ACCOx46@42.34 ACADx46@42.34 ADBEx46@42.34 

2013-03-05
Cash: 110.00
Held: ABCDx46@43.00 ABACx46@43.00 ACCOx46@43.00 ACADx46@43.00 ADBEx46@43.00 
Value: 10000.00
Sales: ABCDx46@43.00 ABACx46@43.00 ACCOx46@43.00 ACADx46@43.00 ADBEx46@43.00 
Purchases: ABCDx46@43.00 ABACx46@43.00 ACCOx46@43.00 ACADx46@43.00 ADBEx46@43.00 

2013-03-06
Cash: 110.00
Held: ABCDx46@43.31 ABACx46@43.31 ACCOx46@43.31 ACADx46@43.31 ADBEx46@43.31 
Value: 10071.88
Sales: ABCDx46@43.31 ABACx46@43.31 ACCOx46@43.31 ACADx46@43.31 ADBEx46@43.31 
Purchases: ABCDx46@43.31 ABACx46@43.31 ACCOx46@43.31 ACADx46@43.31 ADBEx46@43.31 

2013-03-07
Cash: 110.00
Held: ABCDx46@43.50 ABACx46@43.50 ACCOx46@43.50 ACADx46@43.50 ADBEx46@43.50 
Value: 10115.00
Sales: ABCDx46@43.50 ABACx46@43.50 ACCOx46@43.50 ACADx46@43.50 ADBEx46@43.50 
Purchases: ABCDx46@43.50 ABACx46@43.50 ACCOx46@43.50 ACADx46@43.50 ADBEx46@43.50 

2013-03-10
Cash: 110.00
Held: ABCDx46@43.00 ABACx46@43.00 ACCOx46@43.00 ACADx46@43.00 ADBEx46@43.00 
Value: 10000.00
Sales: ABCDx46@43.00 ABACx46@43.00 ACCOx46@43.00 ACADx46@43.00 ADBEx46@43.00 
Purchases: ABCDx46@43.00 ABACx46@43.00 ACCOx46@43.00 ACADx46@43.00 ADBEx46@43.00 

2013-03-11
Cash: 110.00
Held: ABCDx46@42.81 ABACx46@42.81 ACCOx46@42.81 ACADx46@42.81 ADBEx46@42.81 
Value: 9956.88
Sales: ABCDx46@42.81 ABACx46@42.81 ACCOx46@42.81 ACADx46@42.81 ADBEx46@42.81 
Purchases: ABCDx46@42.81 ABACx46@42.81 ACCOx46@42.81 ACADx46@42.81 ADBEx46@42.81 

2013-03-12
Cash: 110.00
Held: ABCDx46@42.56 ABACx46@42.56 ACCOx46@42.56 ACADx46@42.56 ADBEx46@42.56 
Value: 9899.38
Sales: ABCDx46@42.56 ABACx46@42.56 ACCOx46@42.56 ACADx46@42.56 ADBEx46@42.56 
Purchases: ABCDx46@42.56 ABACx46@42.56 ACCOx46@42.56 ACADx46@42.56 ADBEx46@42.56 

2013-03-13
Cash: 110.00
Held: ABCDx46@43.03 ABACx46@43.03 ACCOx46@43.03 ACADx46@43.03 ADBEx46@43.03 
Value: 10007.19
Sales: ABCDx46@43.03 ABACx46@43.03 ACCOx46@43.03 ACADx46@43.03 ADBEx46@43.03 
Purchases: ABCDx46@43.03 ABACx46@43.03 ACCOx46@43.03 ACADx46@43.03 ADBEx46@43.03 

2013-03-14
Cash: 110.00
Held: ABCDx46@43.09 ABACx46@43.09 ACCOx46@43.09 ACADx46@43.09 ADBEx46@43.09 
Value: 10021.56
Sales: ABCDx46@43.09 ABACx46@43.09 ACCOx46@43.09 ACADx46@43.09 ADBEx46@43.09 
Purchases: ABCDx46@43.09 ABACx46@43.09 ACCOx46@43.09 ACADx46@43.09 ADBEx46@43.09 

2013-03-17
Cash: 110.00
Held: ABCDx46@42.47 ABACx46@42.47 ACCOx46@42.47 ACADx46@42.47 ADBEx46@42.47 
Value: 9877.81
Sales: ABCDx46@42.47 ABACx46@42.47 ACCOx46@42.47 ACADx46@42.47 ADBEx46@42.47 
Purchases: ABCDx46@42.47 ABACx46@42.47 ACCOx46@42.47 ACADx46@42.47 ADBEx46@42.47 

2013-03-18
Cash: 110.00
Held: ABCDx46@42.69 ABACx46@42.69 ACCOx46@42.69 ACADx46@42.69 ADBEx46@42.69 
Value: 9928.12
Sales: ABCDx46@42.69 ABACx46@42.69 ACCOx46@42.69 ACADx46@42.69 ADBEx46@42.69 
Purchases: ABCDx46@42.69 ABACx46@42.69 ACCOx46@42.69 ACADx46@42.69 ADBEx46@42.69 

2013-03-19
Cash: 110.00
Held: ABCDx46@42.25 ABACx46@42.25 ACCOx46@42.25 ACADx46@42.25 ADBEx46@42.25 
Value: 9827.50
Sales: ABCDx46@42.25 ABACx46@42.25 ACCOx46@42.25 ACADx46@42.25 ADBEx46@42.25 
Purchases: ABCDx46@42.25 ABACx46@42.25 ACCOx46@42.25 ACADx46@42.25 ADBEx46@42.25 

2013-03-20
Cash: 110.00
Held: ABCDx46@42.44 ABACx46@42.44 ACCOx46@42.44 ACADx46@42.44 ADBEx46@42.44 
Value: 9870.62
Sales: ABCDx46@42.44 ABACx46@42.44 ACCOx46@42.44 ACADx46@42.44 ADBEx46@42.44 
Purchases: ABCDx46@42.44 ABACx46@42.44 ACCOx46@42.44 ACADx46@42.44 ADBEx46@42.44 

2013-03-21
Cash: 110.00
Held: ABCDx46@41.78 ABACx46@41.78 ACCOx46@41.78 ACADx46@41.78 ADBEx46@41.78 
Value: 9719.69
Sales: ABCDx46@41.78 ABACx46@41.78 ACCOx46@41.78 ACADx46@41.78 ADBEx46@41.78 
Purchases: ABCDx46@41.78 ABACx46@41.78 ACCOx46@41.78 ACADx46@41.78 ADBEx46@41.78 

2013-03-24
Cash: 110.00
Held: ABCDx46@41.50 ABACx46@41.50 ACCOx46@41.50 ACADx46@41.50 ADBEx46@41.50 
Value: 9655.00
Sales: ABCDx46@41.50 ABACx46@41.50 ACCOx46@41.50 ACADx46@41.50 ADBEx46@41.50 
Purchases: ABCDx46@41.50 ABACx46@41.50 ACCOx46@41.50 ACADx46@41.50 ADBEx46@41.50 

2013-03-25
Cash: 110.00
Held: ABCDx46@41.41 ABACx46@41.41 ACCOx46@41.41 ACADx46@41.41 ADBEx46@41.41 
Value: 9633.44
Sales: ABCDx46@41.41 ABACx46@41.41 ACCOx46@41.41 ACADx46@41.41 ADBEx46@41.41 
Purchases: ABCDx46@41.41 ABACx46@41.41 ACCOx46@41.41 ACADx46@41.41 ADBEx46@41.41 

2013-03-26
Cash: 110.00
Held: ABCDx46@41.41 ABACx46@41.41 ACCOx46@41.41 ACADx46@41.41 ADBEx46@41.41 
Value: 9633.44
Sales: ABCDx46@41.41 ABACx46@41.41 ACCOx46@41.41 ACADx46@41.41 ADBEx46@41.41 
Purchases: ABCDx46@41.41 ABACx46@41.41 ACCOx46@41.41 ACADx46@41.41 ADBEx46@41.41 

2013-03-27
Cash: 110.00
Held: ABCDx46@42.09 ABACx46@42.09 ACCOx46@42.09 ACADx46@42.09 ADBEx46@42.09 
Value: 9791.56
Sales: ABCDx46@42.09 ABACx46@42.09 ACCOx46@42.09 ACADx46@42.09 ADBEx46@42.09 
Purchases: ABCDx46@42.09 ABACx46@42.09 ACCOx46@42.09 ACADx46@42.09 ADBEx46@42.09 

2013-03-31
Cash: 110.00
Held: ABCDx46@41.84 ABACx46@41.84 ACCOx46@41.84 ACADx46@41.84 ADBEx46@41.84 
Value: 9734.06
Sales: ABCDx46@41.84 ABACx46@41.84 ACCOx46@41.84 ACADx46@41.84 ADBEx46@41.84 
Purchases: ABCDx46@41.84 ABACx46@41.84 ACCOx46@41.84 ACADx46@41.84 ADBEx46@41.84 

2013-04-01
Cash: 110.00
Held: ABCDx46@41.12 ABACx46@41.12 ACCOx46@41.12 ACADx46@41.12 ADBEx46@41.12 
Value: 9568.75
Sales: ABCDx46@41.12 ABACx46@41.12 ACCOx46@41.12 ACADx46@41.12 ADBEx46@41.12 
Purchases: ABCDx46@41.12 ABACx46@41.12 ACCOx46@41.12 ACADx46@41.12 ADBEx46@41.12 

2013-04-02
Cash: 110.00
Held: ABCDx46@40.62 ABACx46@40.62 ACCOx46@40.62 ACADx46@40.62 ADBEx46@40.62 
Value: 9453.75
Sales: ABCDx46@40.62 ABACx46@40.62 ACCOx46@40.62 ACADx46@40.62 ADBEx46@40.62 
Purchases: ABCDx46@40.62 ABACx46@40.62 ACCOx46@40.62 ACADx46@40.62 ADBEx46@40.62 

2013-04-03
Cash: 110.00
Held: ABCDx46@40.53 ABACx46@40.53 ACCOx46@40.53 ACADx46@40.53 ADBEx46@40.53 
Value: 9432.19
Sales: ABCDx46@40.53 ABACx46@40.53 ACCOx46@40.53 ACADx46@40.53 ADBEx46@40.53 
Purchases: ABCDx46@40.53 ABACx46@40.53 ACCOx46@40.53 ACADx46@40.53 ADBEx46@40.53 

2013-04-04
Cash: 110.00
Held: ABCDx46@40.72 ABACx46@40.72 ACCOx46@40.72 ACADx46@40.72 ADBEx46@40.72 
Value: 9475.31
Sales: ABCDx46@40.72 ABACx46@40.72 ACCOx46@40.72 ACADx46@40.72 ADBEx46@40.72 
Purchases: ABCDx46@40.72 ABACx46@40.72 ACCOx46@40.72 ACADx46@40.72 ADBEx46@40.72 

2013-04-07
Cash: 110.00
Held: ABCDx46@41.50 ABACx46@41.50 ACCOx46@41.50 ACADx46@41.50 ADBEx46@41.50 
Value: 9655.00
Sales: ABCDx46@41.50 ABACx46@41.50 ACCOx46@41.50 ACADx46@41.50 ADBEx46@41.50 
Purchases: ABCDx46@41.50 ABACx46@41.50 ACCOx46@41.50 ACADx46@41.50 ADBEx46@41.50 

2013-04-08
Cash: 110.00
Held: ABCDx46@41.72 ABACx46@41.72 ACCOx46@41.72 ACADx46@41.72 ADBEx46@41.72 
Value: 9705.31
Sales: ABCDx46@41.72 ABACx46@41.72 ACCOx46@41.72 ACADx46@41.72 ADBEx46@41.72 
Purchases: ABCDx46@41.72 ABACx46@41.72 ACCOx46@41.72 ACADx46@41.72 ADBEx46@41.72 

2013-04-09
Cash: 110.00
Held: ABCDx46@41.72 ABACx46@41.72 ACCOx46@41.72 ACADx46@41.72 ADBEx46@41.72 
Value: 9705.31
Sales: ABCDx46@41.72 ABACx46@41.72 ACCOx46@41.72 ACADx46@41.72 ADBEx46@41.72 
Purchases: ABCDx46@41.72 ABACx46@41.72 ACCOx46@41.72 ACADx46@41.72 ADBEx46@41.72 

2013-04-10
Cash: 110.00
Held: ABCDx46@42.34 ABACx46@42.34 ACCOx46@42.34 ACADx46@42.34 ADBEx46@42.34 
Value: 9849.06
Sales: ABCDx46@42.34 ABACx46@42.34 ACCOx46@42.34 ACADx46@42.34 ADBEx46@42.34 
Purchases: ABCDx46@42.34 ABACx46@42.34 ACCOx46@42.34 ACADx46@42.34 ADBEx46@42.34 

2013-04-11
Cash: 110.00
Held: ABCDx46@43.53 ABACx46@43.53 ACCOx46@43.53 ACADx46@43.53 ADBEx46@43.53 
Value: 10122.19
Sales: ABCDx46@43.53 ABACx46@43.53 ACCOx46@43.53 ACADx46@43.53 ADBEx46@43.53 
Purchases: ABCDx46@43.53 ABACx46@43.53 ACCOx46@43.53 ACADx46@43.53 ADBEx46@43.53 

2013-04-14
Cash: 110.00
Held: ABCDx46@44.50 ABACx46@44.50 ACCOx46@44.50 ACADx46@44.50 ADBEx46@44.50 
Value: 10345.00
Sales: ABCDx46@44.50 ABACx46@44.50 ACCOx46@44.50 ACADx46@44.50 ADBEx46@44.50 
Purchases: ABCDx46@44.50 ABACx46@44.50 ACCOx46@44.50 ACADx46@44.50 ADBEx46@44.50 

2013-04-15
Cash: 110.00
Held: ABCDx46@43.47 ABACx46@43.47 ACCOx46@43.47 ACADx46@43.47 ADBEx46@43.47 
Value: 10107.81
Sales: ABCDx46@43.47 ABACx46@43.47 ACCOx46@43.47 ACADx46@43.47 ADBEx46@43.47 
Purchases: ABCDx46@43.47 ABACx46@43.47 ACCOx46@43.47 ACADx46@43.47 ADBEx46@43.47 

2013-04-16
Cash: 110.00
Held: ABCDx46@43.09 ABACx46@43.09 ACCOx46@43.09 ACADx46@43.09 ADBEx46@43.09 
Value: 10021.56
Sales: ABCDx46@43.09 ABACx46@43.09 ACCOx46@43.09 ACADx46@43.09 ADBEx46@43.09 
Purchases: ABCDx46@43.09 ABACx46@43.09 ACCOx46@43.09 ACADx46@43.09 ADBEx46@43.09 

2013-04-17
Cash: 110.00
Held: ABCDx46@41.78 ABACx46@41.78 ACCOx46@41.78 ACADx46@41.78 ADBEx46@41.78 
Value: 9719.69
Sales: ABCDx46@41.78 ABACx46@41.78 ACCOx46@41.78 ACADx46@41.78 ADBEx46@41.78 
Purchases: ABCDx46@41.78 ABACx46@41.78 ACCOx46@41.78 ACADx46@41.78 ADBEx46@41.78 

2013-04-18
Cash: 110.00
Held: ABCDx46@41.88 ABACx46@41.88 ACCOx46@41.88 ACADx46@41.88 ADBEx46@41.88 
Value: 9741.25
Sales: ABCDx46@41.88 ABACx46@41.88 ACCOx46@41.88 ACADx46@41.88 ADBEx46@41.88 
Purchases: ABCDx46@41.88 ABACx46@41.88 ACCOx46@41.88 ACADx46@41.88 ADBEx46@41.88 

2013-04-21
Cash: 110.00
Held: ABCDx46@42.03 ABACx46@42.03 ACCOx46@42.03 ACADx46@42.03 ADBEx46@42.03 
Value: 9777.19
Sales: ABCDx46@42.03 ABACx46@42.03 ACCOx46@42.03 ACADx46@42.03 ADBEx46@42.03 
Purchases: ABCDx46@42.03 ABACx46@42.03 ACCOx46@42.03 ACADx46@42.03 ADBEx46@42.03 

2013-04-22
Cash: 110.00
Held: ABCDx46@42.22 ABACx46@42.22 ACCOx46@42.22 ACADx46@42.22 ADBEx46@42.22 
Value: 9820.31
Sales: ABCDx46@42.22 ABACx46@42.22 ACCOx46@42.22 ACADx46@42.22 ADBEx46@42.22 
Purchases: ABCDx46@42.22 ABACx46@42.22 ACCOx46@42.22 ACADx46@42.22 ADBEx46@42.22 

2013-04-23
Cash: 110.00
Held: ABCDx46@42.72 ABACx46@42.72 ACCOx46@42.72 ACADx46@42.72 ADBEx46@42.72 
Value: 9935.31
Sales: ABCDx46@42.72 ABACx46@42.72 ACCOx46@42.72 ACADx46@42.72 ADBEx46@42.72 
Purchases: ABCDx46@42.72 ABACx46@42.72 ACCOx46@42.72 ACADx46@42.72 ADBEx46@42.72 

2013-04-24
Cash: 110.00
Held: ABCDx46@43.06 ABACx46@43.06 ACCOx46@43.06 ACADx46@43.06 ADBEx46@43.06 
Value: 10014.38
Sales: ABCDx46@43.06 ABACx46@43.06 ACCOx46@43.06 ACADx46@43.06 ADBEx46@43.06 
Purchases: ABCDx46@43.06 ABACx46@43.06 ACCOx46@43.06 ACADx46@43.06 ADBEx46@43.06 

2013-04-25
Cash: 110.00
Held: ABCDx46@42.44 ABACx46@42.44 ACCOx46@42.44 ACADx46@42.44 ADBEx46@42.44 
Value: 9870.62
Sales: ABCDx46@42.44 ABACx46@42.44 ACCOx46@42.44 ACADx46@42.44 ADBEx46@42.44 
Purchases: ABCDx46@42.44 ABACx46@42.44 ACCOx46@42.44 ACADx46@42.44 ADBEx46@42.44 

2013-04-28
Cash: 110.00
Held: ABCDx46@41.62 ABACx46@41.62 ACCOx46@41.62 ACADx46@41.62 ADBEx46@41.62 
Value: 9683.75
Sales: ABCDx46@41.62 ABACx46@41.62 ACCOx46@41.62 ACADx46@41.62 ADBEx46@41.62 
Purchases: ABCDx46@41.62 ABACx46@41.62 ACCOx46@41.62 ACADx46@41.62 ADBEx46@41.62 

2013-04-29
Cash: 110.00
Held: ABCDx46@41.19 ABACx46@41.19 ACCOx46@41.19 ACADx46@41.19 ADBEx46@41.19 
Value: 9583.12
Sales: ABCDx46@41.19 ABACx46@41.19 ACCOx46@41.19 ACADx46@41.19 ADBEx46@41.19 
Purchases: ABCDx46@41.19 ABACx46@41.19 ACCOx46@41.19 ACADx46@41.19 ADBEx46@41.19 

2013-04-30
Cash: 110.00
Held: ABCDx46@41.41 ABACx46@41.41 ACCOx46@41.41 ACADx46@41.41 ADBEx46@41.41 
Value: 9633.44
Sales: ABCDx46@41.41 ABACx46@41.41 ACCOx46@41.41 ACADx46@41.41 ADBEx46@41.41 
Purchases: ABCDx46@41.41 ABACx46@41.41 ACCOx46@41.41 ACADx46@41.41 ADBEx46@41.41 

2013-05-01
Cash: 110.00
Held: ABCDx46@41.50 ABACx46@41.50 ACCOx46@41.50 ACADx46@41.50 ADBEx46@41.50 
Value: 9655.00
Sales: ABCDx46@41.50 ABACx46@41.50 ACCOx46@41.50 ACADx46@41.50 ADBEx46@41.50 
Purchases: ABCDx46@41.50 ABACx46@41.50 ACCOx46@41.50 ACADx46@41.50 ADBEx46@41.50 

2013-05-02
Cash: 110.00
Held: ABCDx46@41.94 ABACx46@41.94 ACCOx46@41.94 ACADx46@41.94 ADBEx46@41.94 
Value: 9755.62
Sales: ABCDx46@41.94 ABACx46@41.94 ACCOx46@41.94 ACADx46@41.94 ADBEx46@41.94 
Purchases: ABCDx46@41.94 ABACx46@41.94 ACCOx46@41.94 ACADx46@41.94 ADBEx46@41.94 

2013-05-05
Cash: 110.00
Held: ABCDx46@41.44 ABACx46@41.44 ACCOx46@41.44 ACADx46@41.44 ADBEx46@41.44 
Value: 9640.62
Sales: ABCDx46@41.44 ABACx46@41.44 ACCOx46@41.44 ACADx46@41.44 ADBEx46@41.44 
Purchases: ABCDx46@41.44 ABACx46@41.44 ACCOx46@41.44 ACADx46@41.44 ADBEx46@41.44 

2013-05-06
Cash: 110.00
Held: ABCDx46@42.19 ABACx46@42.19 ACCOx46@42.19 ACADx46@42.19 ADBEx46@42.19 
Value: 9813.12
Sales: ABCDx46@42.19 ABACx46@42.19 ACCOx46@42.19 ACADx46@42.19 ADBEx46@42.19 
Purchases: ABCDx46@42.19 ABACx46@42.19 ACCOx46@42.19 ACADx46@42.19 ADBEx46@42.19 

2013-05-07
Cash: 110.00
Held: ABCDx46@42.41 ABACx46@42.41 ACCOx46@42.41 ACADx46@42.41 ADBEx46@42.41 
Value: 9863.44
Sales: ABCDx46@42.41 ABACx46@42.41 ACCOx46@42.41 ACADx46@42.41 ADBEx46@42.41 
Purchases: ABCDx46@42.41 ABACx46@42.41 ACCOx46@42.41 ACADx46@42.41 ADBEx46@42.41 

2013-05-08
Cash: 110.00
Held: ABCDx46@42.97 ABACx46@42.97 ACCOx46@42.97 ACADx46@42.97 ADBEx46@42.97 
Value: 9992.81
Sales: ABCDx46@42.97 ABACx46@42.97 ACCOx46@42.97 ACADx46@42.97 ADBEx46@42.97 
Purchases: ABCDx46@42.97 ABACx46@42.97 ACCOx46@42.97 ACADx46@42.97 ADBEx46@42.97 

2013-05-09
Cash: 110.00
Held: ABCDx46@43.12 ABACx46@43.12 ACCOx46@43.12 ACADx46@43.12 ADBEx46@43.12 
Value: 10028.75
Sales: ABCDx46@43.12 ABACx46@43.12 ACCOx46@43.12 ACADx46@43.12 ADBEx46@43.12 
Purchases: ABCDx46@43.12 ABACx46@43.12 ACCOx46@43.12 ACADx46@43.12 ADBEx46@43.12 

2013-05-12
Cash: 110.00
Held: ABCDx46@43.44 ABACx46@43.44 ACCOx46@43.44 ACADx46@43.44 ADBEx46@43.44 
Value: 10100.62
Sales: ABCDx46@43.44 ABACx46@43.44 ACCOx46@43.44 ACADx46@43.44 ADBEx46@43.44 
Purchases: ABCDx46@43.44 ABACx46@43.44 ACCOx46@43.44 ACADx46@43.44 ADBEx46@43.44 

2013-05-13
Cash: 110.00
Held: ABCDx46@42.97 ABACx46@42.97 ACCOx46@42.97 ACADx46@42.97 ADBEx46@42.97 
Value: 9992.81
Sales: ABCDx46@42.97 ABACx46@42.97 ACCOx46@42.97 ACADx46@42.97 ADBEx46@42.97 
Purchases: ABCDx46@42.97 ABACx46@42.97 ACCOx46@42.97 ACADx46@42.97 ADBEx46@42.97 

2013-05-14
Cash: 110.00
Held: ABCDx46@44.91 ABACx46@44.91 ACCOx46@44.91 ACADx46@44.91 ADBEx46@44.91 
Value: 10438.44
Sales: ABCDx46@44.91 ABACx46@44.91 ACCOx46@44.91 ACADx46@44.91 ADBEx46@44.91 
Purchases: ABCDx46@44.91 ABACx46@44.91 ACCOx46@44.91 ACADx46@44.91 ADBEx46@44.91 

2013-05-15
Cash: 110.00
Held: ABCDx46@45.44 ABACx46@45.44 ACCOx46@45.44 ACADx46@45.44 ADBEx46@45.44 
Value: 10560.62
Sales: ABCDx46@45.44 ABACx46@45.44 ACCOx46@45.44 ACADx46@45.44 ADBEx46@45.44 
Purchases: ABCDx46@45.44 ABACx46@45.44 ACCOx46@45.44 ACADx46@45.44 ADBEx46@45.44 

2013-05-16
Cash: 110.00
Held: ABCDx46@45.03 ABACx46@45.03 ACCOx46@45.03 ACADx46@45.03 ADBEx46@45.03 
Value: 10467.19
Sales: ABCDx46@45.03 ABACx46@45.03 ACCOx46@45.03 ACADx46@45.03 ADBEx46@45.03 
Purchases: ABCDx46@45.03 ABACx46@45.03 ACCOx46@45.03 ACADx46@45.03 ADBEx46@45.03 

2013-05-19
Cash: 110.00
Held: ABCDx46@45.47 ABACx46@45.47 ACCOx46@45.47 ACADx46@45.47 ADBEx46@45.47 
Value: 10567.81
Sales: ABCDx46@45.47 ABACx46@45.47 ACCOx46@45.47 ACADx46@45.47 ADBEx46@45.47 
Purchases: ABCDx46@45.47 ABACx46@45.47 ACCOx46@45.47 ACADx46@45.47 ADBEx46@45.47 

2013-05-20
Cash: 110.00
Held: ABCDx46@46.31 ABACx46@46.31 ACCOx46@46.31 ACADx46@46.31 ADBEx46@46.31 
Value: 10761.88
Sales: ABCDx46@46.31 ABACx46@46.31 ACCOx46@46.31 ACADx46@46.31 ADBEx46@46.31 
Purchases: ABCDx46@46.31 ABACx46@46.31 ACCOx46@46.31 ACADx46@46.31 ADBEx46@46.31 

2013-05-21
Cash: 110.00
Held: ABCDx46@46.72 ABACx46@46.72 ACCOx46@46.72 ACADx46@46.72 ADBEx46@46.72 
Value: 10855.31
Sales: ABCDx46@46.72 ABACx46@46.72 ACCOx46@46.72 ACADx46@46.72 ADBEx46@46.72 
Purchases: ABCDx46@46.72 ABACx46@46.72 ACCOx46@46.72 ACADx46@46.72 ADBEx46@46.72 

2013-05-22
Cash: 110.00
Held: ABCDx46@45.69 ABACx46@45.69 ACCOx46@45.69 ACADx46@45.69 ADBEx46@45.69 
Value: 10618.12
Sales: ABCDx46@45.69 ABACx46@45.69 ACCOx46@45.69 ACADx46@45.69 ADBEx46@45.69 
Purchases: ABCDx46@45.69 ABACx46@45.69 ACCOx46@45.69 ACADx46@45.69 ADBEx46@45.69 

2013-05-23
Cash: 110.00
Held: ABCDx46@45.38 ABACx46@45.38 ACCOx46@45.38 ACADx46@45.38 ADBEx46@45.38 
Value: 10546.25
Sales: ABCDx46@45.38 ABACx46@45.38 ACCOx46@45.38 ACADx46@45.38 ADBEx46@45.38 
Purchases: ABCDx46@45.38 ABACx46@45.38 ACCOx46@45.38 ACADx46@45.38 ADBEx46@45.38 

2013-05-27
Cash: 110.00
Held: ABCDx46@46.09 ABACx46@46.09 ACCOx46@46.09 ACADx46@46.09 ADBEx46@46.09 
Value: 10711.56
Sales: ABCDx46@46.09 ABACx46@46.09 ACCOx46@46.09 ACADx46@46.09 ADBEx46@46.09 
Purchases: ABCDx46@46.09 ABACx46@46.09 ACCOx46@46.09 ACADx46@46.09 ADBEx46@46.09 

2013-05-28
Cash: 110.00
Held: ABCDx46@45.97 ABACx46@45.97 ACCOx46@45.97 ACADx46@45.97 ADBEx46@45.97 
Value: 10682.81
Sales: ABCDx46@45.97 ABACx46@45.97 ACCOx46@45.97 ACADx46@45.97 ADBEx46@45.97 
Purchases: ABCDx46@45.97 ABACx46@45.97 ACCOx46@45.97 ACADx46@45.97 ADBEx46@45.97 

2013-05-29
Cash: 110.00
Held: ABCDx46@46.22 ABACx46@46.22 ACCOx46@46.22 ACADx46@46.22 ADBEx46@46.22 
Value: 10740.31
Sales: ABCDx46@46.22 ABACx46@46.22 ACCOx46@46.22 ACADx46@46.22 ADBEx46@46.22 
Purchases: ABCDx46@46.22 ABACx46@46.22 ACCOx46@46.22 ACADx46@46.22 ADBEx46@46.22 

2013-05-30
Cash: 110.00
Held: ABCDx46@45.91 ABACx46@45.91 ACCOx46@45.91 ACADx46@45.91 ADBEx46@45.91 
Value: 10668.44
Sales: ABCDx46@45.91 ABACx46@45.91 ACCOx46@45.91 ACADx46@45.91 ADBEx46@45.91 
Purchases: ABCDx46@45.91 ABACx46@45.91 ACCOx46@45.91 ACADx46@45.91 ADBEx46@45.91 

2013-06-02
Cash: 110.00
Held: ABCDx46@45.66 ABACx46@45.66 ACCOx46@45.66 ACADx46@45.66 ADBEx46@45.66 
Value: 10610.94
Sales: ABCDx46@45.66 ABACx46@45.66 ACCOx46@45.66 ACADx46@45.66 ADBEx46@45.66 
Purchases: ABCDx46@45.66 ABACx46@45.66 ACCOx46@45.66 ACADx46@45.66 ADBEx46@45.66 

2013-06-03
Cash: 110.00
Held: ABCDx46@46.19 ABACx46@46.19 ACCOx46@46.19 ACADx46@46.19 ADBEx46@46.19 
Value: 10733.12
Sales: ABCDx46@46.19 ABACx46@46.19 ACCOx46@46.19 ACADx46@46.19 ADBEx46@46.19 
Purchases: ABCDx46@46.19 ABACx46@46.19 ACCOx46@46.19 ACADx46@46.19 ADBEx46@46.19 

2013-06-04
Cash: 110.00
Held: ABCDx46@45.31 ABACx46@45.31 ACCOx46@45.31 ACADx46@45.31 ADBEx46@45.31 
Value: 10531.88
Sales: ABCDx46@45.31 ABACx46@45.31 ACCOx46@45.31 ACADx46@45.31 ADBEx46@45.31 
Purchases: ABCDx46@45.31 ABACx46@45.31 ACCOx46@45.31 ACADx46@45.31 ADBEx46@45.31 

2013-06-05
Cash: 110.00
Held: ABCDx46@44.50 ABACx46@44.50 ACCOx46@44.50 ACADx46@44.50 ADBEx46@44.50 
Value: 10345.00
Sales: ABCDx46@44.50 ABACx46@44.50 ACCOx46@44.50 ACADx46@44.50 ADBEx46@44.50 
Purchases: ABCDx46@44.50 ABACx46@44.50 ACCOx46@44.50 ACADx46@44.50 ADBEx46@44.50 

2013-06-06
Cash: 110.00
Held: ABCDx46@45.16 ABACx46@45.16 ACCOx46@45.16 ACADx46@45.16 ADBEx46@45.16 
Value: 10495.94
Sales: ABCDx46@45.16 ABACx46@45.16 ACCOx46@45.16 ACADx46@45.16 ADBEx46@45.16 
Purchases: ABCDx46@45.16 ABACx46@45.16 ACCOx46@45.16 ACADx46@45.16 ADBEx46@45.16 

2013-06-09
Cash: 110.00
Held: ABCDx46@45.34 ABACx46@45.34 ACCOx46@45.34 ACADx46@45.34 ADBEx46@45.34 
Value: 10539.06
Sales: ABCDx46@45.34 ABACx46@45.34 ACCOx46@45.34 ACADx46@45.34 ADBEx46@45.34 
Purchases: ABCDx46@45.34 ABACx46@45.34 ACCOx46@45.34 ACADx46@45.34 ADBEx46@45.34 

2013-06-10
Cash: 110.00
Held: ABCDx46@44.22 ABACx46@44.22 ACCOx46@44.22 ACADx46@44.22 ADBEx46@44.22 
Value: 10280.31
Sales: ABCDx46@44.22 ABACx46@44.22 ACCOx46@44.22 ACADx46@44.22 ADBEx46@44.22 
Purchases: ABCDx46@44.22 ABACx46@44.22 ACCOx46@44.22 ACADx46@44.22 ADBEx46@44.22 

2013-06-11
Cash: 110.00
Held: ABCDx46@44.78 ABACx46@44.78 ACCOx46@44.78 ACADx46@44.78 ADBEx46@44.78 
Value: 10409.69
Sales: ABCDx46@44.78 ABACx46@44.78 ACCOx46@44.78 ACADx46@44.78 ADBEx46@44.78 
Purchases: ABCDx46@44.78 ABACx46@44.78 ACCOx46@44.78 ACADx46@44.78 ADBEx46@44.78 

2013-06-12
Cash: 110.00
Held: ABCDx46@43.88 ABACx46@43.88 ACCOx46@43.88 ACADx46@43.88 ADBEx46@43.88 
Value: 10201.25
Sales: ABCDx46@43.88 ABACx46@43.88 ACCOx46@43.88 ACADx46@43.88 ADBEx46@43.88 
Purchases: ABCDx46@43.88 ABACx46@43.88 ACCOx46@43.88 ACADx46@43.88 ADBEx46@43.88 

2013-06-13
Cash: 110.00
Held: ABCDx46@44.34 ABACx46@44.34 ACCOx46@44.34 ACADx46@44.34 ADBEx46@44.34 
Value: 10309.06
Sales: ABCDx46@44.34 ABACx46@44.34 ACCOx46@44.34 ACADx46@44.34 ADBEx46@44.34 
Purchases: ABCDx46@44.34 ABACx46@44.34 ACCOx46@44.34 ACADx46@44.34 ADBEx46@44.34 

2013-06-16
Cash: 110.00
Held: ABCDx46@44.38 ABACx46@44.38 ACCOx46@44.38 ACADx46@44.38 ADBEx46@44.38 
Value: 10316.25
Sales: ABCDx46@44.38 ABACx46@44.38 ACCOx46@44.38 ACADx46@44.38 ADBEx46@44.38 
Purchases: ABCDx46@44.38 ABACx46@44.38 ACCOx46@44.38 ACADx46@44.38 ADBEx46@44.38 

2013-06-17
Cash: 110.00
Held: ABCDx46@44.38 ABACx46@44.38 ACCOx46@44.38 ACADx46@44.38 ADBEx46@44.38 
Value: 10316.25
Sales: ABCDx46@44.38 ABACx46@44.38 ACCOx46@44.38 ACADx46@44.38 ADBEx46@44.38 
Purchases: ABCDx46@44.38 ABACx46@44.38 ACCOx46@44.38 ACADx46@44.38 ADBEx46@44.38 

2013-06-18
Cash: 110.00
Held: ABCDx46@44.75 ABACx46@44.75 ACCOx46@44.75 ACADx46@44.75 ADBEx46@44.75 
Value: 10402.50
Sales: ABCDx46@44.75 ABACx46@44.75 ACCOx46@44.75 ACADx46@44.75 ADBEx46@44.75 
Purchases: ABCDx46@44.75 ABACx46@44.75 ACCOx46@44.75 ACADx46@44.75 ADBEx46@44.75 

2013-06-19
Cash: 110.00
Held: ABCDx46@43.12 ABACx46@43.12 ACCOx46@43.12 ACADx46@43.12 ADBEx46@43.12 
Value: 10028.75
Sales: ABCDx46@43.12 ABACx46@43.12 ACCOx46@43.12 ACADx46@43.12 ADBEx46@43.12 
Purchases: ABCDx46@43.12 ABACx46@43.12 ACCOx46@43.12 ACADx46@43.12 ADBEx46@43.12 

2013-06-20
Cash: 110.00
Held: ABCDx46@42.59 ABACx46@42.59 ACCOx46@42.59 ACADx46@42.59 ADBEx46@42.59 
Value: 9906.56
Sales: ABCDx46@42.59 ABACx46@42.59 ACCOx46@42.59 ACADx46@42.59 ADBEx46@42.59 
Purchases: ABCDx46@42.59 ABACx46@42.59 ACCOx46@42.59 ACADx46@42.59 ADBEx46@42.59 

2013-06-23
Cash: 110.00
Held: ABCDx46@42.44 ABACx46@42.44 ACCOx46@42.44 ACADx46@42.44 ADBEx46@42.44 
Value: 9870.62
Sales: ABCDx46@42.44 ABACx46@42.44 ACCOx46@42.44 ACADx46@42.44 ADBEx46@42.44 
Purchases: ABCDx46@42.44 ABACx46@42.44 ACCOx46@42.44 ACADx46@42.44 ADBEx46@42.44 

2013-06-24
Cash: 110.00
Held: ABCDx46@42.00 ABACx46@42.00 ACCOx46@42.00 ACADx46@42.00 ADBEx46@42.00 
Value: 9770.00
Sales: ABCDx46@42.00 ABACx46@42.00 ACCOx46@42.00 ACADx46@42.00 ADBEx46@42.00 
Purchases: ABCDx46@42.00 ABACx46@42.00 ACCOx46@42.00 ACADx46@42.00 ADBEx46@42.00 

2013-06-25
Cash: 110.00
Held: ABCDx46@43.09 ABACx46@43.09 ACCOx46@43.09 ACADx46@43.09 ADBEx46@43.09 
Value: 10021.56
Sales: ABCDx46@43.09 ABACx46@43.09 ACCOx46@43.09 ACADx46@43.09 ADBEx46@43.09 
Purchases: ABCDx46@43.09 ABACx46@43.09 ACCOx46@43.09 ACADx46@43.09 ADBEx46@43.09 

2013-06-26
Cash: 110.00
Held: ABCDx46@42.56 ABACx46@42.56 ACCOx46@42.56 ACADx46@42.56 ADBEx46@42.56 
Value: 9899.38
Sales: ABCDx46@42.56 ABACx46@42.56 ACCOx46@42.56 ACADx46@42.56 ADBEx46@42.56 
Purchases: ABCDx46@42.56 ABACx46@42.56 ACCOx46@42.56 ACADx46@42.56 ADBEx46@42.56 

2013-06-27
Cash: 110.00
Held: ABCDx46@43.00 ABACx46@43.00 ACCOx46@43.00 ACADx46@43.00 ADBEx46@43.00 
Value: 10000.00
Sales: ABCDx46@43.00 ABACx46@43.00 ACCOx46@43.00 ACADx46@43.00 ADBEx46@43.00 
Purchases: ABCDx46@43.00 ABACx46@43.00 ACCOx46@43.00 ACADx46@43.00 ADBEx46@43.00 

2013-06-30
Cash: 110.00
Held: ABCDx46@43.06 ABACx46@43.06 ACCOx46@43.06 ACADx46@43.06 ADBEx46@43.06 
Value: 10014.38
Sales: ABCDx46@43.06 ABACx46@43.06 ACCOx46@43.06 ACADx46@43.06 ADBEx46@43.06 
Purchases: ABCDx46@43.06 ABACx46@43.06 ACCOx46@43.06 ACADx46@43.06 ADBEx46@43.06 

2013-07-01
Cash: 110.00
Held: ABCDx46@43.50 ABACx46@43.50 ACCOx46@43.50 ACADx46@43.50 ADBEx46@43.50 
Value: 10115.00
Sales: ABCDx46@43.50 ABACx46@43.50 ACCOx46@43.50 ACADx46@43.50 ADBEx46@43.50 
Purchases: ABCDx46@43.50 ABACx46@43.50 ACCOx46@43.50 ACADx46@43.50 ADBEx46@43.50 

2013-07-02
Cash: 110.00
Held: ABCDx46@42.81 ABACx46@42.81 ACCOx46@42.81 ACADx46@42.81 ADBEx46@42.81 
Value: 9956.88
Sales: ABCDx46@42.81 ABACx46@42.81 ACCOx46@42.81 ACADx46@42.81 ADBEx46@42.81 
Purchases: ABCDx46@42.81 ABACx46@42.81 ACCOx46@42.81 ACADx46@42.81 ADBEx46@42.81 

2013-07-04
Cash: 110.00
Held: ABCDx46@43.47 ABACx46@43.47 ACCOx46@43.47 ACADx46@43.47 ADBEx46@43.47 
Value: 10107.81
Sales: ABCDx46@43.47 ABACx46@43.47 ACCOx46@43.47 ACADx46@43.47 ADBEx46@43.47 
Purchases: ABCDx46@43.47 ABACx46@43.47 ACCOx46@43.47 ACADx46@43.47 ADBEx46@43.47 

2013-07-07
Cash: 110.00
Held: ABCDx46@44.38 ABACx46@44.38 ACCOx46@44.38 ACADx46@44.38 ADBEx46@44.38 
Value: 10316.25
Sales: ABCDx46@44.38 ABACx46@44.38 ACCOx46@44.38 ACADx46@44.38 ADBEx46@44.38 
Purchases: ABCDx46@44.38 ABACx46@44.38 ACCOx46@44.38 ACADx46@44.38 ADBEx46@44.38 

2013-07-08
Cash: 110.00
Held: ABCDx46@44.59 ABACx46@44.59 ACCOx46@44.59 ACADx46@44.59 ADBEx46@44.59 
Value: 10366.56
Sales: ABCDx46@44.59 ABACx46@44.59 ACCOx46@44.59 ACADx46@44.59 ADBEx46@44.59 
Purchases: ABCDx46@44.59 ABACx46@44.59 ACCOx46@44.59 ACADx46@44.59 ADBEx46@44.59 

2013-07-09
Cash: 110.00
Held: ABCDx46@44.62 ABACx46@44.62 ACCOx46@44.62 ACADx46@44.62 ADBEx46@44.62 
Value: 10373.75
Sales: ABCDx46@44.62 ABACx46@44.62 ACCOx46@44.62 ACADx46@44.62 ADBEx46@44.62 
Purchases: ABCDx46@44.62 ABACx46@44.62 ACCOx46@44.62 ACADx46@44.62 ADBEx46@44.62 

2013-07-10
Cash: 110.00
Held: ABCDx46@45.69 ABACx46@45.69 ACCOx46@45.69 ACADx46@45.69 ADBEx46@45.69 
Value: 10618.12
Sales: ABCDx46@45.69 ABACx46@45.69 ACCOx46@45.69 ACADx46@45.69 ADBEx46@45.69 
Purchases: ABCDx46@45.69 ABACx46@45.69 ACCOx46@45.69 ACADx46@45.69 ADBEx46@45.69 

2013-07-11
Cash: 110.00
Held: ABCDx46@45.78 ABACx46@45.78 ACCOx46@45.78 ACADx46@45.78 ADBEx46@45.78 
Value: 10639.69
Sales: ABCDx46@45.78 ABACx46@45.78 ACCOx46@45.78 ACADx46@45.78 ADBEx46@45.78 
Purchases: ABCDx46@45.78 ABACx46@45.78 ACCOx46@45.78 ACADx46@45.78 ADBEx46@45.78 

2013-07-14
Cash: 110.00
Held: ABCDx46@45.69 ABACx46@45.69 ACCOx46@45.69 ACADx46@45.69 ADBEx46@45.69 
Value: 10618.12
Sales: ABCDx46@45.69 ABACx46@45.69 ACCOx46@45.69 ACADx46@45.69 ADBEx46@45.69 
Purchases: ABCDx46@45.69 ABACx46@45.69 ACCOx46@45.69 ACADx46@45.69 ADBEx46@45.69 

2013-07-15
Cash: 110.00
Held: ABCDx46@46.09 ABACx46@46.09 ACCOx46@46.09 ACADx46@46.09 ADBEx46@46.09 
Value: 10711.56
Sales: ABCDx46@46.09 ABACx46@46.09 ACCOx46@46.09 ACADx46@46.09 ADBEx46@46.09 
Purchases: ABCDx46@46.09 ABACx46@46.09 ACCOx46@46.09 ACADx46@46.09 ADBEx46@46.09 

2013-07-16
Cash: 110.00
Held: ABCDx46@45.94 ABACx46@45.94 ACCOx46@45.94 ACADx46@45.94 ADBEx46@45.94 
Value: 10675.62
Sales: ABCDx46@45.94 ABACx46@45.94 ACCOx46@45.94 ACADx46@45.94 ADBEx46@45.94 
Purchases: ABCDx46@45.94 ABACx46@45.94 ACCOx46@45.94 ACADx46@45.94 ADBEx46@45.94 

2013-07-17
Cash: 110.00
Held: ABCDx46@45.66 ABACx46@45.66 ACCOx46@45.66 ACADx46@45.66 ADBEx46@45.66 
Value: 10610.94
Sales: ABCDx46@45.66 ABACx46@45.66 ACCOx46@45.66 ACADx46@45.66 ADBEx46@45.66 
Purchases: ABCDx46@45.66 ABACx46@45.66 ACCOx46@45.66 ACADx46@45.66 ADBEx46@45.66 

2013-07-18
Cash: 110.00
Held: ABCDx46@45.84 ABACx46@45.84 ACCOx46@45.84 ACADx46@45.84 ADBEx46@45.84 
Value: 10654.06
Sales: ABCDx46@45.84 ABACx46@45.84 ACCOx46@45.84 ACADx46@45.84 ADBEx46@45.84 
Purchases: ABCDx46@45.84 ABACx46@45.84 ACCOx46@45.84 ACADx46@45.84 ADBEx46@45.84 

2013-07-21
Cash: 110.00
Held: ABCDx46@46.22 ABACx46@46.22 ACCOx46@46.22 ACADx46@46.22 ADBEx46@46.22 
Value: 10740.31
Sales: ABCDx46@46.22 ABACx46@46.22 ACCOx46@46.22 ACADx46@46.22 ADBEx46@46.22 
Purchases: ABCDx46@46.22 ABACx46@46.22 ACCOx46@46.22 ACADx46@46.22 ADBEx46@46.22 

2013-07-22
Cash: 110.00
Held: ABCDx46@46.31 ABACx46@46.31 ACCOx46@46.31 ACADx46@46.31 ADBEx46@46.31 
Value: 10761.88
Sales: ABCDx46@46.31 ABACx46@46.31 ACCOx46@46.31 ACADx46@46.31 ADBEx46@46.31 
Purchases: ABCDx46@46.31 ABACx46@46.31 ACCOx46@46.31 ACADx46@46.31 ADBEx46@46.31 

2013-07-23
Cash: 110.00
Held: ABCDx46@46.66 ABACx46@46.66 ACCOx46@46.66 ACADx46@46.66 ADBEx46@46.66 
Value: 10840.94
Sales: ABCDx46@46.66 ABACx46@46.66 ACCOx46@46.66 ACADx46@46.66 ADBEx46@46.66 
Purchases: ABCDx46@46.66 ABACx46@46.66 ACCOx46@46.66 ACADx46@46.66 ADBEx46@46.66 

2013-07-24
Cash: 110.00
Held: ABCDx46@46.62 ABACx46@46.62 ACCOx46@46.62 ACADx46@46.62 ADBEx46@46.62 
Value: 10833.75
Sales: ABCDx46@46.62 ABACx46@46.62 ACCOx46@46.62 ACADx46@46.62 ADBEx46@46.62 
Purchases: ABCDx46@46.62 ABACx46@46.62 ACCOx46@46.62 ACADx46@46.62 ADBEx46@46.62 

2013-07-25
Cash: 110.00
Held: ABCDx46@46.31 ABACx46@46.31 ACCOx46@46.31 ACADx46@46.31 ADBEx46@46.31 
Value: 10761.88
Sales: ABCDx46@46.31 ABACx46@46.31 ACCOx46@46.31 ACADx46@46.31 ADBEx46@46.31 
Purchases: ABCDx46@46.31 ABACx46@46.31 ACCOx46@46.31 ACADx46@46.31 ADBEx46@46.31 

2013-07-28
Cash: 110.00
Held: ABCDx46@45.59 ABACx46@45.59 ACCOx46@45.59 ACADx46@45.59 ADBEx46@45.59 
Value: 10596.56
Sales: ABCDx46@45.59 ABACx46@45.59 ACCOx46@45.59 ACADx46@45.59 ADBEx46@45.59 
Purchases: ABCDx46@45.59 ABACx46@45.59 ACCOx46@45.59 ACADx46@45.59 ADBEx46@45.59 

2013-07-29
Cash: 110.00
Held: ABCDx46@45.56 ABACx46@45.56 ACCOx46@45.56 ACADx46@45.56 ADBEx46@45.56 
Value: 10589.38
Sales: ABCDx46@45.56 ABACx46@45.56 ACCOx46@45.56 ACADx46@45.56 ADBEx46@45.56 
Purchases: ABCDx46@45.56 ABACx46@45.56 ACCOx46@45.56 ACADx46@45.56 ADBEx46@45.56 

2013-07-30
Cash: 110.00
Held: ABCDx46@45.03 ABACx46@45.03 ACCOx46@45.03 ACADx46@45.03 ADBEx46@45.03 
Value: 10467.19
Sales: ABCDx46@45.03 ABACx46@45.03 ACCOx46@45.03 ACADx46@45.03 ADBEx46@45.03 
Purchases: ABCDx46@45.03 ABACx46@45.03 ACCOx46@45.03 ACADx46@45.03 ADBEx46@45.03 

2013-07-31
Cash: 110.00
Held: ABCDx46@45.50 ABACx46@45.50 ACCOx46@45.50 ACADx46@45.50 ADBEx46@45.50 
Value: 10575.00
Sales: ABCDx46@45.50 ABACx46@45.50 ACCOx46@45.50 ACADx46@45.50 ADBEx46@45.50 
Purchases: ABCDx46@45.50 ABACx46@45.50 ACCOx46@45.50 ACADx46@45.50 ADBEx46@45.50 

2013-08-01
Cash: 110.00
Held: ABCDx46@46.06 ABACx46@46.06 ACCOx46@46.06 ACADx46@46.06 ADBEx46@46.06 
Value: 10704.38
Sales: ABCDx46@46.06 ABACx46@46.06 ACCOx46@46.06 ACADx46@46.06 ADBEx46@46.06 
Purchases: ABCDx46@46.06 ABACx46@46.06 ACCOx46@46.06 ACADx46@46.06 ADBEx46@46.06 

2013-08-04
Cash: 110.00
Held: ABCDx46@46.25 ABACx46@46.25 ACCOx46@46.25 ACADx46@46.25 ADBEx46@46.25 
Value: 10747.50
Sales: ABCDx46@46.25 ABACx46@46.25 ACCOx46@46.25 ACADx46@46.25 ADBEx46@46.25 
Purchases: ABCDx46@46.25 ABACx46@46.25 ACCOx46@46.25 ACADx46@46.25 ADBEx46@46.25 

2013-08-05
Cash: 110.00
Held: ABCDx46@45.94 ABACx46@45.94 ACCOx46@45.94 ACADx46@45.94 ADBEx46@45.94 
Value: 10675.62
Sales: ABCDx46@45.94 ABACx46@45.94 ACCOx46@45.94 ACADx46@45.94 ADBEx46@45.94 
Purchases: ABCDx46@45.94 ABACx46@45.94 ACCOx46@45.94 ACADx46@45.94 ADBEx46@45.94 

2013-08-06
Cash: 110.00
Held: ABCDx46@45.88 ABACx46@45.88 ACCOx46@45.88 ACADx46@45.88 ADBEx46@45.88 
Value: 10661.25
Sales: ABCDx46@45.88 ABACx46@45.88 ACCOx46@45.88 ACADx46@45.88 ADBEx46@45.88 
Purchases: ABCDx46@45.88 ABACx46@45.88 ACCOx46@45.88 ACADx46@45.88 ADBEx46@45.88 

2013-08-07
Cash: 110.00
Held: ABCDx46@46.50 ABACx46@46.50 ACCOx46@46.50 ACADx46@46.50 ADBEx46@46.50 
Value: 10805.00
Sales: ABCDx46@46.50 ABACx46@46.50 ACCOx46@46.50 ACADx46@46.50 ADBEx46@46.50 
Purchases: ABCDx46@46.50 ABACx46@46.50 ACCOx46@46.50 ACADx46@46.50 ADBEx46@46.50 

2013-08-08
Cash: 110.00
Held: ABCDx46@45.84 ABACx46@45.84 ACCOx46@45.84 ACADx46@45.84 ADBEx46@45.84 
Value: 10654.06
Sales: ABCDx46@45.84 ABACx46@45.84 ACCOx46@45.84 ACADx46@45.84 ADBEx46@45.84 
Purchases: ABCDx46@45.84 ABACx46@45.84 ACCOx46@45.84 ACADx46@45.84 ADBEx46@45.84 

2013-08-11
Cash: 110.00
Held: ABCDx46@45.88 ABACx46@45.88 ACCOx46@45.88 ACADx46@45.88 ADBEx46@45.88 
Value: 10661.25
Sales: ABCDx46@45.88 ABACx46@45.88 ACCOx46@45.88 ACADx46@45.88 ADBEx46@45.88 
Purchases: ABCDx46@45.88 ABACx46@45.88 ACCOx46@45.88 ACADx46@45.88 ADBEx46@45.88 

2013-08-12
Cash: 110.00
Held: ABCDx46@46.44 ABACx46@46.44 ACCOx46@46.44 ACADx46@46.44 ADBEx46@46.44 
Value: 10790.62
Sales: ABCDx46@46.44 ABACx46@46.44 ACCOx46@46.44 ACADx46@46.44 ADBEx46@46.44 
Purchases: ABCDx46@46.44 ABACx46@46.44 ACCOx46@46.44 ACADx46@46.44 ADBEx46@46.44 

2013-08-13
Cash: 110.00
Held: ABCDx46@46.78 ABACx46@46.78 ACCOx46@46.78 ACADx46@46.78 ADBEx46@46.78 
Value: 10869.69
Sales: ABCDx46@46.78 ABACx46@46.78 ACCOx46@46.78 ACADx46@46.78 ADBEx46@46.78 
Purchases: ABCDx46@46.78 ABACx46@46.78 ACCOx46@46.78 ACADx46@46.78 ADBEx46@46.78 

2013-08-14
Cash: 110.00
Held: ABCDx46@47.59 ABACx46@47.59 ACCOx46@47.59 ACADx46@47.59 ADBEx46@47.59 
Value: 11056.56
Sales: ABCDx46@47.59 ABACx46@47.59 ACCOx46@47.59 ACADx46@47.59 ADBEx46@47.59 
Purchases: ABCDx46@47.59 ABACx46@47.59 ACCOx46@47.59 ACADx46@47.59 ADBEx46@47.59 

2013-08-15
Cash: 110.00
Held: ABCDx46@46.81 ABACx46@46.81 ACCOx46@46.81 ACADx46@46.81 ADBEx46@46.81 
Value: 10876.88
Sales: ABCDx46@46.81 ABACx46@46.81 ACCOx46@46.81 ACADx46@46.81 ADBEx46@46.81 
Purchases: ABCDx46@46.81 ABACx46@46.81 ACCOx46@46.81 ACADx46@46.81 ADBEx46@46.81 

2013-08-18
Cash: 110.00
Held: ABCDx46@46.62 ABACx46@46.62 ACCOx46@46.62 ACADx46@46.62 ADBEx46@46.62 
Value: 10833.75
Sales: ABCDx46@46.62 ABACx46@46.62 ACCOx46@46.62 ACADx46@46.62 ADBEx46@46.62 
Purchases: ABCDx46@46.62 ABACx46@46.62 ACCOx46@46.62 ACADx46@46.62 ADBEx46@46.62 

2013-08-19
Cash: 110.00
Held: ABCDx46@46.44 ABACx46@46.44 ACCOx46@46.44 ACADx46@46.44 ADBEx46@46.44 
Value: 10790.62
Sales: ABCDx46@46.44 ABACx46@46.44 ACCOx46@46.44 ACADx46@46.44 ADBEx46@46.44 
Purchases: ABCDx46@46.44 ABACx46@46.44 ACCOx46@46.44 ACADx46@46.44 ADBEx46@46.44 

2013-08-20
Cash: 110.00
Held: ABCDx46@46.94 ABACx46@46.94 ACCOx46@46.94 ACADx46@46.94 ADBEx46@46.94 
Value: 10905.62
Sales: ABCDx46@46.94 ABACx46@46.94 ACCOx46@46.94 ACADx46@46.94 ADBEx46@46.94 
Purchases: ABCDx46@46.94 ABACx46@46.94 ACCOx46@46.94 ACADx46@46.94 ADBEx46@46.94 

2013-08-21
Cash: 110.00
Held: ABCDx46@46.88 ABACx46@46.88 ACCOx46@46.88 ACADx46@46.88 ADBEx46@46.88 
Value: 10891.25
Sales: ABCDx46@46.88 ABACx46@46.88 ACCOx46@46.88 ACADx46@46.88 ADBEx46@46.88 
Purchases: ABCDx46@46.88 ABACx46@46.88 ACCOx46@46.88 ACADx46@46.88 ADBEx46@46.88 

2013-08-22
Cash: 110.00
Held: ABCDx46@47.97 ABACx46@47.97 ACCOx46@47.97 ACADx46@47.97 ADBEx46@47.97 
Value: 11142.81
Sales: ABCDx46@47.97 ABACx46@47.97 ACCOx46@47.97 ACADx46@47.97 ADBEx46@47.97 
Purchases: ABCDx46@47.97 ABACx46@47.97 ACCOx46@47.97 ACADx46@47.97 ADBEx46@47.97 

2013-08-25
Cash: 110.00
Held: ABCDx46@47.62 ABACx46@47.62 ACCOx46@47.62 ACADx46@47.62 ADBEx46@47.62 
Value: 11063.75
Sales: ABCDx46@47.62 ABACx46@47.62 ACCOx46@47.62 ACADx46@47.62 ADBEx46@47.62 
Purchases: ABCDx46@47.62 ABACx46@47.62 ACCOx46@47.62 ACADx46@47.62 ADBEx46@47.62 

2013-08-26
Cash: 110.00
Held: ABCDx46@47.09 ABACx46@47.09 ACCOx46@47.09 ACADx46@47.09 ADBEx46@47.09 
Value: 10941.56
Sales: ABCDx46@47.09 ABACx46@47.09 ACCOx46@47.09 ACADx46@47.09 ADBEx46@47.09 
Purchases: ABCDx46@47.09 ABACx46@47.09 ACCOx46@47.09 ACADx46@47.09 ADBEx46@47.09 

2013-08-27
Cash: 110.00
Held: ABCDx46@46.88 ABACx46@46.88 ACCOx46@46.88 ACADx46@46.88 ADBEx46@46.88 
Value: 10891.25
Sales: ABCDx46@46.88 ABACx46@46.88 ACCOx46@46.88 ACADx46@46.88 ADBEx46@46.88 
Purchases: ABCDx46@46.88 ABACx46@46.88 ACCOx46@46.88 ACADx46@46.88 ADBEx46@46.88 

2013-08-28
Cash: 110.00
Held: ABCDx46@46.62 ABACx46@46.62 ACCOx46@46.62 ACADx46@46.62 ADBEx46@46.62 
Value: 10833.75
Sales: ABCDx46@46.62 ABACx46@46.62 ACCOx46@46.62 ACADx46@46.62 ADBEx46@46.62 
Purchases: ABCDx46@46.62 ABACx46@46.62 ACCOx46@46.62 ACADx46@46.62 ADBEx46@46.62 

2013-08-29
Cash: 110.00
Held: ABCDx46@46.88 ABACx46@46.88 ACCOx46@46.88 ACADx46@46.88 ADBEx46@46.88 
Value: 10891.25
Sales: ABCDx46@46.88 ABACx46@46.88 ACCOx46@46.88 ACADx46@46.88 ADBEx46@46.88 
Purchases: ABCDx46@46.88 ABACx46@46.88 ACCOx46@46.88 ACADx46@46.88 ADBEx46@46.88 

2013-09-02
Cash: 110.00
Held: ABCDx46@47.03 ABACx46@47.03 ACCOx46@47.03 ACADx46@47.03 ADBEx46@47.03 
Value: 10927.19
Sales: ABCDx46@47.03 ABACx46@47.03 ACCOx46@47.03 ACADx46@47.03 ADBEx46@47.03 
Purchases: ABCDx46@47.03 ABACx46@47.03 ACCOx46@47.03 ACADx46@47.03 ADBEx46@47.03 

2013-09-03
Cash: 110.00
Held: ABCDx46@46.94 ABACx46@46.94 ACCOx46@46.94 ACADx46@46.94 ADBEx46@46.94 
Value: 10905.62
Sales: ABCDx46@46.94 ABACx46@46.94 ACCOx46@46.94 ACADx46@46.94 ADBEx46@46.94 
Purchases: ABCDx46@46.94 ABACx46@46.94 ACCOx46@46.94 ACADx46@46.94 ADBEx46@46.94 

2013-09-04
Cash: 110.00
Held: ABCDx46@47.81 ABACx46@47.81 ACCOx46@47.81 ACADx46@47.81 ADBEx46@47.81 
Value: 11106.88
Sales: ABCDx46@47.81 ABACx46@47.81 ACCOx46@47.81 ACADx46@47.81 ADBEx46@47.81 
Purchases: ABCDx46@47.81 ABACx46@47.81 ACCOx46@47.81 ACADx46@47.81 ADBEx46@47.81 

2013-09-05
Cash: 110.00
Held: ABCDx46@47.72 ABACx46@47.72 ACCOx46@47.72 ACADx46@47.72 ADBEx46@47.72 
Value: 11085.31
Sales: ABCDx46@47.72 ABACx46@47.72 ACCOx46@47.72 ACADx46@47.72 ADBEx46@47.72 
Purchases: ABCDx46@47.72 ABACx46@47.72 ACCOx46@47.72 ACADx46@47.72 ADBEx46@47.72 

2013-09-08
Cash: 110.00
Held: ABCDx46@47.59 ABACx46@47.59 ACCOx46@47.59 ACADx46@47.59 ADBEx46@47.59 
Value: 11056.56
Sales: ABCDx46@47.59 ABACx46@47.59 ACCOx46@47.59 ACADx46@47.59 ADBEx46@47.59 
Purchases: ABCDx46@47.59 ABACx46@47.59 ACCOx46@47.59 ACADx46@47.59 ADBEx46@47.59 

2013-09-09
Cash: 110.00
Held: ABCDx46@48.03 ABACx46@48.03 ACCOx46@48.03 ACADx46@48.03 ADBEx46@48.03 
Value: 11157.19
Sales: ABCDx46@48.03 ABACx46@48.03 ACCOx46@48.03 ACADx46@48.03 ADBEx46@48.03 
Purchases: ABCDx46@48.03 ABACx46@48.03 ACCOx46@48.03 ACADx46@48.03 ADBEx46@48.03 

2013-09-10
Cash: 110.00
Held: ABCDx46@48.59 ABACx46@48.59 ACCOx46@48.59 ACADx46@48.59 ADBEx46@48.59 
Value: 11286.56
Sales: ABCDx46@48.59 ABACx46@48.59 ACCOx46@48.59 ACADx46@48.59 ADBEx46@48.59 
Purchases: ABCDx46@48.59 ABACx46@48.59 ACCOx46@48.59 ACADx46@48.59 ADBEx46@48.59 

2013-09-11
Cash: 110.00
Held: ABCDx46@48.91 ABACx46@48.91 ACCOx46@48.91 ACADx46@48.91 ADBEx46@48.91 
Value: 11358.44
Sales: ABCDx46@48.91 ABACx46@48.91 ACCOx46@48.91 ACADx46@48.91 ADBEx46@48.91 
Purchases: ABCDx46@48.91 ABACx46@48.91 ACCOx46@48.91 ACADx46@48.91 ADBEx46@48.91 

2013-09-12
Cash: 110.00
Held: ABCDx46@48.59 ABACx46@48.59 ACCOx46@48.59 ACADx46@48.59 ADBEx46@48.59 
Value: 11286.56
Sales: ABCDx46@48.59 ABACx46@48.59 ACCOx46@48.59 ACADx46@48.59 ADBEx46@48.59 
Purchases: ABCDx46@48.59 ABACx46@48.59 ACCOx46@48.59 ACADx46@48.59 ADBEx46@48.59 

2013-09-15
Cash: 110.00
Held: ABCDx46@49.06 ABACx46@49.06 ACCOx46@49.06 ACADx46@49.06 ADBEx46@49.06 
Value: 11394.38
Sales: ABCDx46@49.06 ABACx46@49.06 ACCOx46@49.06 ACADx46@49.06 ADBEx46@49.06 
Purchases: ABCDx46@49.06 ABACx46@49.06 ACCOx46@49.06 ACADx46@49.06 ADBEx46@49.06 

2013-09-16
Cash: 110.00
Held: ABCDx46@48.72 ABACx46@48.72 ACCOx46@48.72 ACADx46@48.72 ADBEx46@48.72 
Value: 11315.31
Sales: ABCDx46@48.72 ABACx46@48.72 ACCOx46@48.72 ACADx46@48.72 ADBEx46@48.72 
Purchases: ABCDx46@48.72 ABACx46@48.72 ACCOx46@48.72 ACADx46@48.72 ADBEx46@48.72 

2013-09-17
Cash: 110.00
Held: ABCDx46@48.78 ABACx46@48.78 ACCOx46@48.78 ACADx46@48.78 ADBEx46@48.78 
Value: 11329.69
Sales: ABCDx46@48.78 ABACx46@48.78 ACCOx46@48.78 ACADx46@48.78 ADBEx46@48.78 
Purchases: ABCDx46@48.78 ABACx46@48.78 ACCOx46@48.78 ACADx46@48.78 ADBEx46@48.78 

2013-09-18
Cash: 110.00
Held: ABCDx46@52.91 ABACx46@52.91 ACCOx46@52.91 ACADx46@52.91 ADBEx46@52.91 
Value: 12278.44
Sales: ABCDx46@52.91 ABACx46@52.91 ACCOx46@52.91 ACADx46@52.91 ADBEx46@52.91 
Purchases: ABCDx46@52.91 ABACx46@52.91 ACCOx46@52.91 ACADx46@52.91 ADBEx46@52.91 

2013-09-19
Cash: 110.00
Held: ABCDx46@51.03 ABACx46@51.03 ACCOx46@51.03 ACADx46@51.03 ADBEx46@51.03 
Value: 11847.19
Sales: ABCDx46@51.03 ABACx46@51.03 ACCOx46@51.03 ACADx46@51.03 ADBEx46@51.03 
Purchases: ABCDx46@51.03 ABACx46@51.03 ACCOx46@51.03 ACADx46@51.03 ADBEx46@51.03 

2013-09-22
Cash: 110.00
Held: ABCDx46@51.91 ABACx46@51.91 ACCOx46@51.91 ACADx46@51.91 ADBEx46@51.91 
Value: 12048.44
Sales: ABCDx46@51.91 ABACx46@51.91 ACCOx46@51.91 ACADx46@51.91 ADBEx46@51.91 
Purchases: ABCDx46@51.91 ABACx46@51.91 ACCOx46@51.91 ACADx46@51.91 ADBEx46@51.91 

2013-09-23
Cash: 110.00
Held: ABCDx46@51.62 ABACx46@51.62 ACCOx46@51.62 ACADx46@51.62 ADBEx46@51.62 
Value: 11983.75
Sales: ABCDx46@51.62 ABACx46@51.62 ACCOx46@51.62 ACADx46@51.62 ADBEx46@51.62 
Purchases: ABCDx46@51.62 ABACx46@51.62 ACCOx46@51.62 ACADx46@51.62 ADBEx46@51.62 

2013-09-24
Cash: 110.00
Held: ABCDx46@51.59 ABACx46@51.59 ACCOx46@51.59 ACADx46@51.59 ADBEx46@51.59 
Value: 11976.56
Sales: ABCDx46@51.59 ABACx46@51.59 ACCOx46@51.59 ACADx46@51.59 ADBEx46@51.59 
Purchases: ABCDx46@51.59 ABACx46@51.59 ACCOx46@51.59 ACADx46@51.59 ADBEx46@51.59 

2013-09-25
Cash: 110.00
Held: ABCDx46@51.97 ABACx46@51.97 ACCOx46@51.97 ACADx46@51.97 ADBEx46@51.97 
Value: 12062.81
Sales: ABCDx46@51.97 ABACx46@51.97 ACCOx46@51.97 ACADx46@51.97 ADBEx46@51.97 
Purchases: ABCDx46@51.97 ABACx46@51.97 ACCOx46@51.97 ACADx46@51.97 ADBEx46@51.97 

2013-09-26
Cash: 110.00
Held: ABCDx46@51.84 ABACx46@51.84 ACCOx46@51.84 ACADx46@51.84 ADBEx46@51.84 
Value: 12034.06
Sales: ABCDx46@51.84 ABACx46@51.84 ACCOx46@51.84 ACADx46@51.84 ADBEx46@51.84 
Purchases: ABCDx46@51.84 ABACx46@51.84 ACCOx46@51.84 ACADx46@51.84 ADBEx46@51.84 

2013-09-29
Cash: 110.00
Held: ABCDx46@51.03 ABACx46@51.03 ACCOx46@51.03 ACADx46@51.03 ADBEx46@51.03 
Value: 11847.19
Sales: ABCDx46@51.03 ABACx46@51.03 ACCOx46@51.03 ACADx46@51.03 ADBEx46@51.03 
Purchases: ABCDx46@51.03 ABACx46@51.03 ACCOx46@51.03 ACADx46@51.03 ADBEx46@51.03 

2013-09-30
Cash: 110.00
Held: ABCDx46@50.69 ABACx46@50.69 ACCOx46@50.69 ACADx46@50.69 ADBEx46@50.69 
Value: 11768.12
Sales: ABCDx46@50.69 ABACx46@50.69 ACCOx46@50.69 ACADx46@50.69 ADBEx46@50.69 
Purchases: ABCDx46@50.69 ABACx46@50.69 ACCOx46@50.69 ACADx46@50.69 ADBEx46@50.69 

2013-10-01
Cash: 110.00
Held: ABCDx46@51.59 ABACx46@51.59 ACCOx46@51.59 ACADx46@51.59 ADBEx46@51.59 
Value: 11976.56
Sales: ABCDx46@51.59 ABACx46@51.59 ACCOx46@51.59 ACADx46@51.59 ADBEx46@51.59 
Purchases: ABCDx46@51.59 ABACx46@51.59 ACCOx46@51.59 ACADx46@51.59 ADBEx46@51.59 

2013-10-02
Cash: 110.00
Held: ABCDx46@51.56 ABACx46@51.56 ACCOx46@51.56 ACADx46@51.56 ADBEx46@51.56 
Value: 11969.38
Sales: ABCDx46@51.56 ABACx46@51.56 ACCOx46@51.56 ACADx46@51.56 ADBEx46@51.56 
Purchases: ABCDx46@51.56 ABACx46@51.56 ACCOx46@51.56 ACADx46@51.56 ADBEx46@51.56 

2013-10-03
Cash: 110.00
Held: ABCDx46@51.16 ABACx46@51.16 ACCOx46@51.16 ACADx46@51.16 ADBEx46@51.16 
Value: 11875.94
Sales: ABCDx46@51.16 ABACx46@51.16 ACCOx46@51.16 ACADx46@51.16 ADBEx46@51.16 
Purchases: ABCDx46@51.16 ABACx46@51.16 ACCOx46@51.16 ACADx46@51.16 ADBEx46@51.16 

2013-10-06
Cash: 110.00
Held: ABCDx46@51.34 ABACx46@51.34 ACCOx46@51.34 ACADx46@51.34 ADBEx46@51.34 
Value: 11919.06
Sales: ABCDx46@51.34 ABACx46@51.34 ACCOx46@51.34 ACADx46@51.34 ADBEx46@51.34 
Purchases: ABCDx46@51.34 ABACx46@51.34 ACCOx46@51.34 ACADx46@51.34 ADBEx46@51.34 

2013-10-07
Cash: 110.00
Held: ABCDx46@51.19 ABACx46@51.19 ACCOx46@51.19 ACADx46@51.19 ADBEx46@51.19 
Value: 11883.12
Sales: ABCDx46@51.19 ABACx46@51.19 ACCOx46@51.19 ACADx46@51.19 ADBEx46@51.19 
Purchases: ABCDx46@51.19 ABACx46@51.19 ACCOx46@51.19 ACADx46@51.19 ADBEx46@51.19 

2013-10-08
Cash: 110.00
Held: ABCDx46@50.22 ABACx46@50.22 ACCOx46@50.22 ACADx46@50.22 ADBEx46@50.22 
Value: 11660.31
Sales: ABCDx46@50.22 ABACx46@50.22 ACCOx46@50.22 ACADx46@50.22 ADBEx46@50.22 
Purchases: ABCDx46@50.22 ABACx46@50.22 ACCOx46@50.22 ACADx46@50.22 ADBEx46@50.22 

2013-10-09
Cash: 110.00
Held: ABCDx46@50.28 ABACx46@50.28 ACCOx46@50.28 ACADx46@50.28 ADBEx46@50.28 
Value: 11674.69
Sales: ABCDx46@50.28 ABACx46@50.28 ACCOx46@50.28 ACADx46@50.28 ADBEx46@50.28 
Purchases: ABCDx46@50.28 ABACx46@50.28 ACCOx46@50.28 ACADx46@50.28 ADBEx46@50.28 

2013-10-10
Cash: 110.00
Held: ABCDx46@50.88 ABACx46@50.88 ACCOx46@50.88 ACADx46@50.88 ADBEx46@50.88 
Value: 11811.25
Sales: ABCDx46@50.88 ABACx46@50.88 ACCOx46@50.88 ACADx46@50.88 ADBEx46@50.88 
Purchases: ABCDx46@50.88 ABACx46@50.88 ACCOx46@50.88 ACADx46@50.88 ADBEx46@50.88 

2013-10-13
Cash: 110.00
Held: ABCDx46@51.19 ABACx46@51.19 ACCOx46@51.19 ACADx46@51.19 ADBEx46@51.19 
Value: 11883.12
Sales: ABCDx46@51.19 ABACx46@51.19 ACCOx46@51.19 ACADx46@51.19 ADBEx46@51.19 
Purchases: ABCDx46@51.19 ABACx46@51.19 ACCOx46@51.19 ACADx46@51.19 ADBEx46@51.19 

2013-10-14
Cash: 110.00
Held: ABCDx46@51.09 ABACx46@51.09 ACCOx46@51.09 ACADx46@51.09 ADBEx46@51.09 
Value: 11861.56
Sales: ABCDx46@51.09 ABACx46@51.09 ACCOx46@51.09 ACADx46@51.09 ADBEx46@51.09 
Purchases: ABCDx46@51.09 ABACx46@51.09 ACCOx46@51.09 ACADx46@51.09 ADBEx46@51.09 

2013-10-15
Cash: 110.00
Held: ABCDx46@51.22 ABACx46@51.22 ACCOx46@51.22 ACADx46@51.22 ADBEx46@51.22 
Value: 11890.31
Sales: ABCDx46@51.22 ABACx46@51.22 ACCOx46@51.22 ACADx46@51.22 ADBEx46@51.22 
Purchases: ABCDx46@51.22 ABACx46@51.22 ACCOx46@51.22 ACADx46@51.22 ADBEx46@51.22 

2013-10-16
Cash: 110.00
Held: ABCDx46@51.25 ABACx46@51.25 ACCOx46@51.25 ACADx46@51.25 ADBEx46@51.25 
Value: 11897.50
Sales: ABCDx46@51.25 ABACx46@51.25 ACCOx46@51.25 ACADx46@51.25 ADBEx46@51.25 
Purchases: ABCDx46@51.25 ABACx46@51.25 ACCOx46@51.25 ACADx46@51.25 ADBEx46@51.25 

2013-10-17
Cash: 110.00
Held: ABCDx46@52.94 ABACx46@52.94 ACCOx46@52.94 ACADx46@52.94 ADBEx46@52.94 
Value: 12285.62
Sales: ABCDx46@52.94 ABACx46@52.94 ACCOx46@52.94 ACADx46@52.94 ADBEx46@52.94 
Purchases: ABCDx46@52.94 ABACx46@52.94 ACCOx46@52.94 ACADx46@52.94 ADBEx46@52.94 

2013-10-20
Cash: 110.00
Held: ABCDx46@53.03 ABACx46@53.03 ACCOx46@53.03 ACADx46@53.03 ADBEx46@53.03 
Value: 12307.19
Sales: ABCDx46@53.03 ABACx46@53.03 ACCOx46@53.03 ACADx46@53.03 ADBEx46@53.03 
Purchases: ABCDx46@53.03 ABACx46@53.03 ACCOx46@53.03 ACADx46@53.03 ADBEx46@53.03 

2013-10-21
Cash: 110.00
Held: ABCDx46@52.09 ABACx46@52.09 ACCOx46@52.09 ACADx46@52.09 ADBEx46@52.09 
Value: 12091.56
Sales: ABCDx46@52.09 ABACx46@52.09 ACCOx46@52.09 ACADx46@52.09 ADBEx46@52.09 
Purchases: ABCDx46@52.09 ABACx46@52.09 ACCOx46@52.09 ACADx46@52.09 ADBEx46@52.09 

2013-10-22
Cash: 110.00
Held: ABCDx46@50.75 ABACx46@50.75 ACCOx46@50.75 ACADx46@50.75 ADBEx46@50.75 
Value: 11782.50
Sales: ABCDx46@50.75 ABACx46@50.75 ACCOx46@50.75 ACADx46@50.75 ADBEx46@50.75 
Purchases: ABCDx46@50.75 ABACx46@50.75 ACCOx46@50.75 ACADx46@50.75 ADBEx46@50.75 

2013-10-23
Cash: 110.00
Held: ABCDx46@50.66 ABACx46@50.66 ACCOx46@50.66 ACADx46@50.66 ADBEx46@50.66 
Value: 11760.94
Sales: ABCDx46@50.66 ABACx46@50.66 ACCOx46@50.66 ACADx46@50.66 ADBEx46@50.66 
Purchases: ABCDx46@50.66 ABACx46@50.66 ACCOx46@50.66 ACADx46@50.66 ADBEx46@50.66 

2013-10-24
Cash: 110.00
Held: ABCDx46@51.34 ABACx46@51.34 ACCOx46@51.34 ACADx46@51.34 ADBEx46@51.34 
Value: 11919.06
Sales: ABCDx46@51.34 ABACx46@51.34 ACCOx46@51.34 ACADx46@51.34 ADBEx46@51.34 
Purchases: ABCDx46@51.34 ABACx46@51.34 ACCOx46@51.34 ACADx46@51.34 ADBEx46@51.34 

2013-10-27
Cash: 110.00
Held: ABCDx46@51.78 ABACx46@51.78 ACCOx46@51.78 ACADx46@51.78 ADBEx46@51.78 
Value: 12019.69
Sales: ABCDx46@51.78 ABACx46@51.78 ACCOx46@51.78 ACADx46@51.78 ADBEx46@51.78 
Purchases: ABCDx46@51.78 ABACx46@51.78 ACCOx46@51.78 ACADx46@51.78 ADBEx46@51.78 

2013-10-28
Cash: 110.00
Held: ABCDx46@51.53 ABACx46@51.53 ACCOx46@51.53 ACADx46@51.53 ADBEx46@51.53 
Value: 11962.19
Sales: ABCDx46@51.53 ABACx46@51.53 ACCOx46@51.53 ACADx46@51.53 ADBEx46@51.53 
Purchases: ABCDx46@51.53 ABACx46@51.53 ACCOx46@51.53 ACADx46@51.53 ADBEx46@51.53 

2013-10-29
Cash: 110.00
Held: ABCDx46@51.75 ABACx46@51.75 ACCOx46@51.75 ACADx46@51.75 ADBEx46@51.75 
Value: 12012.50
Sales: ABCDx46@51.75 ABACx46@51.75 ACCOx46@51.75 ACADx46@51.75 ADBEx46@51.75 
Purchases: ABCDx46@51.75 ABACx46@51.75 ACCOx46@51.75 ACADx46@51.75 ADBEx46@51.75 

2013-10-30
Cash: 110.00
Held: ABCDx46@51.16 ABACx46@51.16 ACCOx46@51.16 ACADx46@51.16 ADBEx46@51.16 
Value: 11875.94
Sales: ABCDx46@51.16 ABACx46@51.16 ACCOx46@51.16 ACADx46@51.16 ADBEx46@51.16 
Purchases: ABCDx46@51.16 ABACx46@51.16 ACCOx46@51.16 ACADx46@51.16 ADBEx46@51.16 

2013-10-31
Cash: 110.00
Held: ABCDx46@50.91 ABACx46@50.91 ACCOx46@50.91 ACADx46@50.91 ADBEx46@50.91 
Value: 11818.44
Sales: ABCDx46@50.91 ABACx46@50.91 ACCOx46@50.91 ACADx46@50.91 ADBEx46@50.91 
Purchases: ABCDx46@50.91 ABACx46@50.91 ACCOx46@50.91 ACADx46@50.91 ADBEx46@50.91 

2013-11-03
Cash: 110.00
Held: ABCDx46@51.38 ABACx46@51.38 ACCOx46@51.38 ACADx46@51.38 ADBEx46@51.38 
Value: 11926.25
Sales: ABCDx46@51.38 ABACx46@51.38 ACCOx46@51.38 ACADx46@51.38 ADBEx46@51.38 
Purchases: ABCDx46@51.38 ABACx46@51.38 ACCOx46@51.38 ACADx46@51.38 ADBEx46@51.38 

2013-11-04
Cash: 110.00
Held: ABCDx46@51.19 ABACx46@51.19 ACCOx46@51.19 ACADx46@51.19 ADBEx46@51.19 
Value: 11883.12
Sales: ABCDx46@51.19 ABACx46@51.19 ACCOx46@51.19 ACADx46@51.19 ADBEx46@51.19 
Purchases: ABCDx46@51.19 ABACx46@51.19 ACCOx46@51.19 ACADx46@51.19 ADBEx46@51.19 

2013-11-05
Cash: 110.00
Held: ABCDx46@51.19 ABACx46@51.19 ACCOx46@51.19 ACADx46@51.19 ADBEx46@51.19 
Value: 11883.12
Sales: ABCDx46@51.19 ABACx46@51.19 ACCOx46@51.19 ACADx46@51.19 ADBEx46@51.19 
Purchases: ABCDx46@51.19 ABACx46@51.19 ACCOx46@51.19 ACADx46@51.19 ADBEx46@51.19 

2013-11-06
Cash: 110.00
Held: ABCDx46@51.09 ABACx46@51.09 ACCOx46@51.09 ACADx46@51.09 ADBEx46@51.09 
Value: 11861.56
Sales: ABCDx46@51.09 ABACx46@51.09 ACCOx46@51.09 ACADx46@51.09 ADBEx46@51.09 
Purchases: ABCDx46@51.09 ABACx46@51.09 ACCOx46@51.09 ACADx46@51.09 ADBEx46@51.09 

2013-11-07
Cash: 110.00
Held: ABCDx46@50.12 ABACx46@50.12 ACCOx46@50.12 ACADx46@50.12 ADBEx46@50.12 
Value: 11638.75
Sales: ABCDx46@50.12 ABACx46@50.12 ACCOx46@50.12 ACADx46@50.12 ADBEx46@50.12 
Purchases: ABCDx46@50.12 ABACx46@50.12 ACCOx46@50.12 ACADx46@50.12 ADBEx46@50.12 

2013-11-10
Cash: 110.00
Held: ABCDx46@50.62 ABACx46@50.62 ACCOx46@50.62 ACADx46@50.62 ADBEx46@50.62 
Value: 11753.75
Sales: ABCDx46@50.62 ABACx46@50.62 ACCOx46@50.62 ACADx46@50.62 ADBEx46@50.62 
Purchases: ABCDx46@50.62 ABACx46@50.62 ACCOx46@50.62 ACADx46@50.62 ADBEx46@50.62 

2013-11-11
Cash: 110.00
Held: ABCDx46@51.19 ABACx46@51.19 ACCOx46@51.19 ACADx46@51.19 ADBEx46@51.19 
Value: 11883.12
Sales: ABCDx46@51.19 ABACx46@51.19 ACCOx46@51.19 ACADx46@51.19 ADBEx46@51.19 
Purchases: ABCDx46@51.19 ABACx46@51.19 ACCOx46@51.19 ACADx46@51.19 ADBEx46@51.19 

2013-11-12
Cash: 110.00
Held: ABCDx46@50.88 ABACx46@50.88 ACCOx46@50.88 ACADx46@50.88 ADBEx46@50.88 
Value: 11811.25
Sales: ABCDx46@50.88 ABACx46@50.88 ACCOx46@50.88 ACADx46@50.88 ADBEx46@50.88 
Purchases: ABCDx46@50.88 ABACx46@50.88 ACCOx46@50.88 ACADx46@50.88 ADBEx46@50.88 

2013-11-13
Cash: 110.00
Held: ABCDx46@51.19 ABACx46@51.19 ACCOx46@51.19 ACADx46@51.19 ADBEx46@51.19 
Value: 11883.12
Sales: ABCDx46@51.19 ABACx46@51.19 ACCOx46@51.19 ACADx46@51.19 ADBEx46@51.19 
Purchases: ABCDx46@51.19 ABACx46@51.19 ACCOx46@51.19 ACADx46@51.19 ADBEx46@51.19 

2013-11-14
Cash: 110.00
Held: ABCDx46@54.03 ABACx46@54.03 ACCOx46@54.03 ACADx46@54.03 ADBEx46@54.03 
Value: 12537.19
Sales: ABCDx46@54.03 ABACx46@54.03 ACCOx46@54.03 ACADx46@54.03 ADBEx46@54.03 
Purchases: ABCDx46@54.03 ABACx46@54.03 ACCOx46@54.03 ACADx46@54.03 ADBEx46@54.03 

2013-11-17
Cash: 110.00
Held: ABCDx46@54.44 ABACx46@54.44 ACCOx46@54.44 ACADx46@54.44 ADBEx46@54.44 
Value: 12630.62
Sales: ABCDx46@54.44 ABACx46@54.44 ACCOx46@54.44 ACADx46@54.44 ADBEx46@54.44 
Purchases: ABCDx46@54.44 ABACx46@54.44 ACCOx46@54.44 ACADx46@54.44 ADBEx46@54.44 

2013-11-18
Cash: 110.00
Held: ABCDx46@53.66 ABACx46@53.66 ACCOx46@53.66 ACADx46@53.66 ADBEx46@53.66 
Value: 12450.94
Sales: ABCDx46@53.66 ABACx46@53.66 ACCOx46@53.66 ACADx46@53.66 ADBEx46@53.66 
Purchases: ABCDx46@53.66 ABACx46@53.66 ACCOx46@53.66 ACADx46@53.66 ADBEx46@53.66 

2013-11-19
Cash: 110.00
Held: ABCDx46@53.84 ABACx46@53.84 ACCOx46@53.84 ACADx46@53.84 ADBEx46@53.84 
Value: 12494.06
Sales: ABCDx46@53.84 ABACx46@53.84 ACCOx46@53.84 ACADx46@53.84 ADBEx46@53.84 
Purchases: ABCDx46@53.84 ABACx46@53.84 ACCOx46@53.84 ACADx46@53.84 ADBEx46@53.84 

2013-11-20
Cash: 110.00
Held: ABCDx46@53.81 ABACx46@53.81 ACCOx46@53.81 ACADx46@53.81 ADBEx46@53.81 
Value: 12486.88
Sales: ABCDx46@53.81 ABACx46@53.81 ACCOx46@53.81 ACADx46@53.81 ADBEx46@53.81 
Purchases: ABCDx46@53.81 ABACx46@53.81 ACCOx46@53.81 ACADx46@53.81 ADBEx46@53.81 

2013-11-21
Cash: 110.00
Held: ABCDx46@54.09 ABACx46@54.09 ACCOx46@54.09 ACADx46@54.09 ADBEx46@54.09 
Value: 12551.56
Sales: ABCDx46@54.09 ABACx46@54.09 ACCOx46@54.09 ACADx46@54.09 ADBEx46@54.09 
Purchases: ABCDx46@54.09 ABACx46@54.09 ACCOx46@54.09 ACADx46@54.09 ADBEx46@54.09 

2013-11-24
Cash: 110.00
Held: ABCDx46@54.12 ABACx46@54.12 ACCOx46@54.12 ACADx46@54.12 ADBEx46@54.12 
Value: 12558.75
Sales: ABCDx46@54.12 ABACx46@54.12 ACCOx46@54.12 ACADx46@54.12 ADBEx46@54.12 
Purchases: ABCDx46@54.12 ABACx46@54.12 ACCOx46@54.12 ACADx46@54.12 ADBEx46@54.12 

2013-11-25
Cash: 110.00
Held: ABCDx46@53.25 ABACx46@53.25 ACCOx46@53.25 ACADx46@53.25 ADBEx46@53.25 
Value: 12357.50
Sales: ABCDx46@53.25 ABACx46@53.25 ACCOx46@53.25 ACADx46@53.25 ADBEx46@53.25 
Purchases: ABCDx46@53.25 ABACx46@53.25 ACCOx46@53.25 ACADx46@53.25 ADBEx46@53.25 

2013-11-26
Cash: 110.00
Held: ABCDx46@53.78 ABACx46@53.78 ACCOx46@53.78 ACADx46@53.78 ADBEx46@53.78 
Value: 12479.69
Sales: ABCDx46@53.78 ABACx46@53.78 ACCOx46@53.78 ACADx46@53.78 ADBEx46@53.78 
Purchases: ABCDx46@53.78 ABACx46@53.78 ACCOx46@53.78 ACADx46@53.78 ADBEx46@53.78 

2013-11-28
Cash: 110.00
Held: ABCDx46@53.84 ABACx46@53.84 ACCOx46@53.84 ACADx46@53.84 ADBEx46@53.84 
Value: 12494.06
Sales: ABCDx46@53.84 ABACx46@53.84 ACCOx46@53.84 ACADx46@53.84 ADBEx46@53.84 
Purchases: ABCDx46@53.84 ABACx46@53.84 ACCOx46@53.84 ACADx46@53.84 ADBEx46@53.84 

2013-12-01
Cash: 110.00
Held: ABCDx46@53.47 ABACx46@53.47 ACCOx46@53.47 ACADx46@53.47 ADBEx46@53.47 
Value: 12407.81
Sales: ABCDx46@53.47 ABACx46@53.47 ACCOx46@53.47 ACADx46@53.47 ADBEx46@53.47 
Purchases: ABCDx46@53.47 ABACx46@53.47 ACCOx46@53.47 ACADx46@53.47 ADBEx46@53.47 

2013-12-02
Cash: 110.00
Held: ABCDx46@52.91 ABACx46@52.91 ACCOx46@52.91 ACADx46@52.91 ADBEx46@52.91 
Value: 12278.44
Sales: ABCDx46@52.91 ABACx46@52.91 ACCOx46@52.91 ACADx46@52.91 ADBEx46@52.91 
Purchases: ABCDx46@52.91 ABACx46@52.91 ACCOx46@52.91 ACADx46@52.91 ADBEx46@52.91 

2013-12-03
Cash: 110.00
Held: ABCDx46@52.84 ABACx46@52.84 ACCOx46@52.84 ACADx46@52.84 ADBEx46@52.84 
Value: 12264.06
Sales: ABCDx46@52.84 ABACx46@52.84 ACCOx46@52.84 ACADx46@52.84 ADBEx46@52.84 
Purchases: ABCDx46@52.84 ABACx46@52.84 ACCOx46@52.84 ACADx46@52.84 ADBEx46@52.84 

2013-12-04
Cash: 110.00
Held: ABCDx46@53.34 ABACx46@53.34 ACCOx46@53.34 ACADx46@53.34 ADBEx46@53.34 
Value: 12379.06
Sales: ABCDx46@53.34 ABACx46@53.34 ACCOx46@53.34 ACADx46@53.34 ADBEx46@53.34 
Purchases: ABCDx46@53.34 ABACx46@53.34 ACCOx46@53.34 ACADx46@53.34 ADBEx46@53.34 

2013-12-05
Cash: 110.00
Held: ABCDx46@53.75 ABACx46@53.75 ACCOx46@53.75 ACADx46@53.75 ADBEx46@53.75 
Value: 12472.50
Sales: ABCDx46@53.75 ABACx46@53.75 ACCOx46@53.75 ACADx46@53.75 ADBEx46@53.75 
Purchases: ABCDx46@53.75 ABACx46@53.75 ACCOx46@53.75 ACADx46@53.75 ADBEx46@53.75 

2013-12-08
Cash: 110.00
Held: ABCDx46@54.81 ABACx46@54.81 ACCOx46@54.81 ACADx46@54.81 ADBEx46@54.81 
Value: 12716.88
Sales: ABCDx46@54.81 ABACx46@54.81 ACCOx46@54.81 ACADx46@54.81 ADBEx46@54.81 
Purchases: ABCDx46@54.81 ABACx46@54.81 ACCOx46@54.81 ACADx46@54.81 ADBEx46@54.81 

2013-12-09
Cash: 110.00
Held: ABCDx46@54.91 ABACx46@54.91 ACCOx46@54.91 ACADx46@54.91 ADBEx46@54.91 
Value: 12738.44
Sales: ABCDx46@54.91 ABACx46@54.91 ACCOx46@54.91 ACADx46@54.91 ADBEx46@54.91 
Purchases: ABCDx46@54.91 ABACx46@54.91 ACCOx46@54.91 ACADx46@54.91 ADBEx46@54.91 

2013-12-10
Cash: 110.00
Held: ABCDx46@55.28 ABACx46@55.28 ACCOx46@55.28 ACADx46@55.28 ADBEx46@55.28 
Value: 12824.69
Sales: ABCDx46@55.28 ABACx46@55.28 ACCOx46@55.28 ACADx46@55.28 ADBEx46@55.28 
Purchases: ABCDx46@55.28 ABACx46@55.28 ACCOx46@55.28 ACADx46@55.28 ADBEx46@55.28 

2013-12-11
Cash: 110.00
Held: ABCDx46@54.62 ABACx46@54.62 ACCOx46@54.62 ACADx46@54.62 ADBEx46@54.62 
Value: 12673.75
Sales: ABCDx46@54.62 ABACx46@54.62 ACCOx46@54.62 ACADx46@54.62 ADBEx46@54.62 
Purchases: ABCDx46@54.62 ABACx46@54.62 ACCOx46@54.62 ACADx46@54.62 ADBEx46@54.62 

2013-12-12
Cash: 110.00
Held: ABCDx46@55.38 ABACx46@55.38 ACCOx46@55.38 ACADx46@55.38 ADBEx46@55.38 
Value: 12846.25
Sales: ABCDx46@55.38 ABACx46@55.38 ACCOx46@55.38 ACADx46@55.38 ADBEx46@55.38 
Purchases: ABCDx46@55.38 ABACx46@55.38 ACCOx46@55.38 ACADx46@55.38 ADBEx46@55.38 

2013-12-15
Cash: 110.00
Held: ABCDx46@55.25 ABACx46@55.25 ACCOx46@55.25 ACADx46@55.25 ADBEx46@55.25 
Value: 12817.50
Sales: ABCDx46@55.25 ABACx46@55.25 ACCOx46@55.25 ACADx46@55.25 ADBEx46@55.25 
Purchases: ABCDx46@55.25 ABACx46@55.25 ACCOx46@55.25 ACADx46@55.25 ADBEx46@55.25 

2013-12-16
Cash: 110.00
Held: ABCDx46@56.22 ABACx46@56.22 ACCOx46@56.22 ACADx46@56.22 ADBEx46@56.22 
Value: 13040.31
Sales: ABCDx46@56.22 ABACx46@56.22 ACCOx46@56.22 ACADx46@56.22 ADBEx46@56.22 
Purchases: ABCDx46@56.22 ABACx46@56.22 ACCOx46@56.22 ACADx46@56.22 ADBEx46@56.22 

2013-12-17
Cash: 110.00
Held: ABCDx46@56.50 ABACx46@56.50 ACCOx46@56.50 ACADx46@56.50 ADBEx46@56.50 
Value: 13105.00
Sales: ABCDx46@56.50 ABACx46@56.50 ACCOx46@56.50 ACADx46@56.50 ADBEx46@56.50 
Purchases: ABCDx46@56.50 ABACx46@56.50 ACCOx46@56.50 ACADx46@56.50 ADBEx46@56.50 

2013-12-18
Cash: 110.00
Held: ABCDx46@57.56 ABACx46@57.56 ACCOx46@57.56 ACADx46@57.56 ADBEx46@57.56 
Value: 13349.38
Sales: ABCDx46@57.56 ABACx46@57.56 ACCOx46@57.56 ACADx46@57.56 ADBEx46@57.56 
Purchases: ABCDx46@57.56 ABACx46@57.56 ACCOx46@57.56 ACADx46@57.56 ADBEx46@57.56 

2013-12-19
Cash: 110.00
Held: ABCDx46@57.47 ABACx46@57.47 ACCOx46@57.47 ACADx46@57.47 ADBEx46@57.47 
Value: 13327.81
Sales: ABCDx46@57.47 ABACx46@57.47 ACCOx46@57.47 ACADx46@57.47 ADBEx46@57.47 
Purchases: ABCDx46@57.47 ABACx46@57.47 ACCOx46@57.47 ACADx46@57.47 ADBEx46@57.47 

2013-12-22
Cash: 110.00
Held: ABCDx46@57.44 ABACx46@57.44 ACCOx46@57.44 ACADx46@57.44 ADBEx46@57.44 
Value: 13320.62
Sales: ABCDx46@57.44 ABACx46@57.44 ACCOx46@57.44 ACADx46@57.44 ADBEx46@57.44 
Purchases: ABCDx46@57.44 ABACx46@57.44 ACCOx46@57.44 ACADx46@57.44 ADBEx46@57.44 

2013-12-23
Cash: 110.00
Held: ABCDx46@57.50 ABACx46@57.50 ACCOx46@57.50 ACADx46@57.50 ADBEx46@57.50 
Value: 13335.00
Sales: ABCDx46@57.50 ABACx46@57.50 ACCOx46@57.50 ACADx46@57.50 ADBEx46@57.50 
Purchases: ABCDx46@57.50 ABACx46@57.50 ACCOx46@57.50 ACADx46@57.50 ADBEx46@57.50 

2013-12-25
Cash: 110.00
Held: ABCDx46@57.25 ABACx46@57.25 ACCOx46@57.25 ACADx46@57.25 ADBEx46@57.25 
Value: 13277.50
Sales: ABCDx46@57.25 ABACx46@57.25 ACCOx46@57.25 ACADx46@57.25 ADBEx46@57.25 
Purchases: ABCDx46@57.25 ABACx46@57.25 ACCOx46@57.25 ACADx46@57.25 ADBEx46@57.25 

2013-12-26
Cash: 110.00
Held: ABCDx46@57.22 ABACx46@57.22 ACCOx46@57.22 ACADx46@57.22 ADBEx46@57.22 
Value: 13270.31
Sales: ABCDx46@57.22 ABACx46@57.22 ACCOx46@57.22 ACADx46@57.22 ADBEx46@57.22 
Purchases: ABCDx46@57.22 ABACx46@57.22 ACCOx46@57.22 ACADx46@57.22 ADBEx46@57.22 

2013-12-29
Cash: 110.00
Held: ABCDx46@57.06 ABACx46@57.06 ACCOx46@57.06 ACADx46@57.06 ADBEx46@57.06 
Value: 13234.38
Sales: ABCDx46@57.06 ABACx46@57.06 ACCOx46@57.06 ACADx46@57.06 ADBEx46@57.06 
Purchases: ABCDx46@57.06 ABACx46@57.06 ACCOx46@57.06 ACADx46@57.06 ADBEx46@57.06 

2013-12-30
Cash: 110.00
Held: ABCDx46@57.44 ABACx46@57.44 ACCOx46@57.44 ACADx46@57.44 ADBEx46@57.44 
Value: 13320.62
Sales: ABCDx46@57.44 ABACx46@57.44 ACCOx46@57.44 ACADx46@57.44 ADBEx46@57.44 
Purchases: ABCDx46@57.44 ABACx46@57.44 ACCOx46@57.44 ACADx46@57.44 ADBEx46@57.44 

2014-01-01
Cash: 110.00
Held: ABCDx46@57.09 ABACx46@57.09 ACCOx46@57.09 ACADx46@57.09 ADBEx46@57.09 
Value: 13241.56
Sales: ABCDx46@57.09 ABACx46@57.09 ACCOx46@57.09 ACADx46@57.09 ADBEx46@57.09 
Purchases: ABCDx46@57.09 ABACx46@57.09 ACCOx46@57.09 ACADx46@57.09 ADBEx46@57.09 

2014-01-02
Cash: 110.00
Held: ABCDx46@56.38 ABACx46@56.38 ACCOx46@56.38 ACADx46@56.38 ADBEx46@56.38 
Value: 13076.25
Sales: ABCDx46@56.38 ABACx46@56.38 ACCOx46@56.38 ACADx46@56.38 ADBEx46@56.38 
Purchases: ABCDx46@56.38 ABACx46@56.38 ACCOx46@56.38 ACADx46@56.38 ADBEx46@56.38 

2014-01-05
Cash: 110.00
Held: ABCDx46@57.41 ABACx46@57.41 ACCOx46@57.41 ACADx46@57.41 ADBEx46@57.41 
Value: 13313.44
Sales: ABCDx46@57.41 ABACx46@57.41 ACCOx46@57.41 ACADx46@57.41 ADBEx46@57.41 
Purchases: ABCDx46@57.41 ABACx46@57.41 ACCOx46@57.41 ACADx46@57.41 ADBEx46@57.41 

