2013-06-09
Cash: 10000.00
Held: 
Value: 10000.00
Sales: 
Purchases: ABCDx44@45.34 ABACx44@45.34 ACCOx44@45.34 ACADx44@45.34 ADBEx44@45.34 

2013-06-10
Cash: 24.38
Held: ABCDx44@44.22 ABACx44@44.22 ACCOx44@44.22 ACADx44@44.22 ADBEx44@44.22 
Value: 9752.50
Sales: ABCDx44@44.22 ABACx44@44.22 ACCOx44@44.22 ACADx44@44.22 ADBEx44@44.22 
Purchases: ABCDx44@44.22 ABACx44@44.22 ACCOx44@44.22 ACADx44@44.22 ADBEx44@44.22 

2013-06-11
Cash: 24.38
Held: ABCDx44@44.78 ABACx44@44.78 ACCOx44@44.78 ACADx44@44.78 ADBEx44@44.78 
Value: 9876.25
Sales: ABCDx44@44.78 ABACx44@44.78 ACCOx44@44.78 ACADx44@44.78 ADBEx44@44.78 
Purchases: ABCDx44@44.78 ABACx44@44.78 ACCOx44@44.78 ACADx44@44.78 ADBEx44@44.78 

2013-06-12
Cash: 24.38
Held: ABCDx44@43.88 ABACx44@43.88 ACCOx44@43.88 ACADx44@43.88 ADBEx44@43.88 
Value: 9676.88
Sales: ABCDx44@43.88 ABACx44@43.88 ACCOx44@43.88 ACADx44@43.88 ADBEx44@43.88 
Purchases: ABCDx44@43.88 ABACx44@43.88 ACCOx44@43.88 ACADx44@43.88 ADBEx44@43.88 

2013-06-13
Cash: 24.38
Held: ABCDx44@44.34 ABACx44@44.34 ACCOx44@44.34 ACADx44@44.34 ADBEx44@44.34 
Value: 9780.00
Sales: ABCDx44@44.34 ABACx44@44.34 ACCOx44@44.34 ACADx44@44.34 ADBEx44@44.34 
Purchases: ABCDx44@44.34 ABACx44@44.34 ACCOx44@44.34 ACADx44@44.34 ADBEx44@44.34 

2013-06-16
Cash: 24.38
Held: ABCDx44@44.38 ABACx44@44.38 ACCOx44@44.38 ACADx44@44.38 ADBEx44@44.38 
Value: 9786.88
Sales: ABCDx44@44.38 ABACx44@44.38 ACCOx44@44.38 ACADx44@44.38 ADBEx44@44.38 
Purchases: ABCDx44@44.38 ABACx44@44.38 ACCOx44@44.38 ACADx44@44.38 ADBEx44@44.38 

2013-06-17
Cash: 24.38
Held: ABCDx44@44.38 ABACx44@44.38 ACCOx44@44.38 ACADx44@44.38 ADBEx44@44.38 
Value: 9786.88
Sales: ABCDx44@44.38 ABACx44@44.38 ACCOx44@44.38 ACADx44@44.38 ADBEx44@44.38 
Purchases: ABCDx44@44.38 ABACx44@44.38 ACCOx44@44.38 ACADx44@44.38 ADBEx44@44.38 

2013-06-18
Cash: 24.38
Held: ABCDx44@44.75 ABACx44@44.75 ACCOx44@44.75 ACADx44@44.75 ADBEx44@44.75 
Value: 9869.38
Sales: ABCDx44@44.75 ABACx44@44.75 ACCOx44@44.75 ACADx44@44.75 ADBEx44@44.75 
Purchases: ABCDx44@44.75 ABACx44@44.75 ACCOx44@44.75 ACADx44@44.75 ADBEx44@44.75 

2013-06-19
Cash: 24.38
Held: ABCDx44@43.12 ABACx44@43.12 ACCOx44@43.12 ACADx44@43.12 ADBEx44@43.12 
Value: 9511.88
Sales: ABCDx44@43.12 ABACx44@43.12 ACCOx44@43.12 ACADx44@43.12 ADBEx44@43.12 
Purchases: ABCDx44@43.12 ABACx44@43.12 ACCOx44@43.12 ACADx44@43.12 ADBEx44@43.12 

2013-06-20
Cash: 24.38
Held: ABCDx44@42.59 ABACx44@42.59 ACCOx44@42.59 ACADx44@42.59 ADBEx44@42.59 
Value: 9395.00
Sales: ABCDx44@42.59 ABACx44@42.59 ACCOx44@42.59 ACADx44@42.59 ADBEx44@42.59 
Purchases: ABCDx44@42.59 ABACx44@42.59 ACCOx44@42.59 ACADx44@42.59 ADBEx44@42.59 

2013-06-23
Cash: 24.38
Held: ABCDx44@42.44 ABACx44@42.44 ACCOx44@42.44 ACADx44@42.44 ADBEx44@42.44 
Value: 9360.62
Sales: ABCDx44@42.44 ABACx44@42.44 ACCOx44@42.44 ACADx44@42.44 ADBEx44@42.44 
Purchases: ABCDx44@42.44 ABACx44@42.44 ACCOx44@42.44 ACADx44@42.44 ADBEx44@42.44 

2013-06-24
Cash: 24.38
Held: ABCDx44@42.00 ABACx44@42.00 ACCOx44@42.00 ACADx44@42.00 ADBEx44@42.00 
Value: 9264.38
Sales: ABCDx44@42.00 ABACx44@42.00 ACCOx44@42.00 ACADx44@42.00 ADBEx44@42.00 
Purchases: ABCDx44@42.00 ABACx44@42.00 ACCOx44@42.00 ACADx44@42.00 ADBEx44@42.00 

2013-06-25
Cash: 24.38
Held: ABCDx44@43.09 ABACx44@43.09 ACCOx44@43.09 ACADx44@43.09 ADBEx44@43.09 
Value: 9505.00
Sales: ABCDx44@43.09 ABACx44@43.09 ACCOx44@43.09 ACADx44@43.09 ADBEx44@43.09 
Purchases: ABCDx44@43.09 ABACx44@43.09 ACCOx44@43.09 ACADx44@43.09 ADBEx44@43.09 

2013-06-26
Cash: 24.38
Held: ABCDx44@42.56 ABACx44@42.56 ACCOx44@42.56 ACADx44@42.56 ADBEx44@42.56 
Value: 9388.12
Sales: ABCDx44@42.56 ABACx44@42.56 ACCOx44@42.56 ACADx44@42.56 ADBEx44@42.56 
Purchases: ABCDx44@42.56 ABACx44@42.56 ACCOx44@42.56 ACADx44@42.56 ADBEx44@42.56 

2013-06-27
Cash: 24.38
Held: ABCDx44@43.00 ABACx44@43.00 ACCOx44@43.00 ACADx44@43.00 ADBEx44@43.00 
Value: 9484.38
Sales: ABCDx44@43.00 ABACx44@43.00 ACCOx44@43.00 ACADx44@43.00 ADBEx44@43.00 
Purchases: ABCDx44@43.00 ABACx44@43.00 ACCOx44@43.00 ACADx44@43.00 ADBEx44@43.00 

2013-06-30
Cash: 24.38
Held: ABCDx44@43.06 ABACx44@43.06 ACCOx44@43.06 ACADx44@43.06 ADBEx44@43.06 
Value: 9498.12
Sales: ABCDx44@43.06 ABACx44@43.06 ACCOx44@43.06 ACADx44@43.06 ADBEx44@43.06 
Purchases: ABCDx44@43.06 ABACx44@43.06 ACCOx44@43.06 ACADx44@43.06 ADBEx44@43.06 

2013-07-01
Cash: 24.38
Held: ABCDx44@43.50 ABACx44@43.50 ACCOx44@43.50 ACADx44@43.50 ADBEx44@43.50 
Value: 9594.38
Sales: ABCDx44@43.50 ABACx44@43.50 ACCOx44@43.50 ACADx44@43.50 ADBEx44@43.50 
Purchases: ABCDx44@43.50 ABACx44@43.50 ACCOx44@43.50 ACADx44@43.50 ADBEx44@43.50 

2013-07-02
Cash: 24.38
Held: ABCDx44@42.81 ABACx44@42.81 ACCOx44@42.81 ACADx44@42.81 ADBEx44@42.81 
Value: 9443.12
Sales: ABCDx44@42.81 ABACx44@42.81 ACCOx44@42.81 ACADx44@42.81 ADBEx44@42.81 
Purchases: ABCDx44@42.81 ABACx44@42.81 ACCOx44@42.81 ACADx44@42.81 ADBEx44@42.81 

2013-07-04
Cash: 24.38
Held: ABCDx44@43.47 ABACx44@43.47 ACCOx44@43.47 ACADx44@43.47 ADBEx44@43.47 
Value: 9587.50
Sales: ABCDx44@43.47 ABACx44@43.47 ACCOx44@43.47 ACADx44@43.47 ADBEx44@43.47 
Purchases: ABCDx44@43.47 ABACx44@43.47 ACCOx44@43.47 ACADx44@43.47 ADBEx44@43.47 

2013-07-07
Cash: 24.38
Held: ABCDx44@44.38 ABACx44@44.38 ACCOx44@44.38 ACADx44@44.38 ADBEx44@44.38 
Value: 9786.88
Sales: ABCDx44@44.38 ABACx44@44.38 ACCOx44@44.38 ACADx44@44.38 ADBEx44@44.38 
Purchases: ABCDx44@44.38 ABACx44@44.38 ACCOx44@44.38 ACADx44@44.38 ADBEx44@44.38 

2013-07-08
Cash: 24.38
Held: ABCDx44@44.59 ABACx44@44.59 ACCOx44@44.59 ACADx44@44.59 ADBEx44@44.59 
Value: 9835.00
Sales: ABCDx44@44.59 ABACx44@44.59 ACCOx44@44.59 ACADx44@44.59 ADBEx44@44.59 
Purchases: ABCDx44@44.59 ABACx44@44.59 ACCOx44@44.59 ACADx44@44.59 ADBEx44@44.59 

2013-07-09
Cash: 24.38
Held: ABCDx44@44.62 ABACx44@44.62 ACCOx44@44.62 ACADx44@44.62 ADBEx44@44.62 
Value: 9841.88
Sales: ABCDx44@44.62 ABACx44@44.62 ACCOx44@44.62 ACADx44@44.62 ADBEx44@44.62 
Purchases: ABCDx44@44.62 ABACx44@44.62 ACCOx44@44.62 ACADx44@44.62 ADBEx44@44.62 

2013-07-10
Cash: 24.38
Held: ABCDx44@45.69 ABACx44@45.69 ACCOx44@45.69 ACADx44@45.69 ADBEx44@45.69 
Value: 10075.62
Sales: ABCDx44@45.69 ABACx44@45.69 ACCOx44@45.69 ACADx44@45.69 ADBEx44@45.69 
Purchases: ABCDx44@45.69 ABACx44@45.69 ACCOx44@45.69 ACADx44@45.69 ADBEx44@45.69 

2013-07-11
Cash: 24.38
Held: ABCDx44@45.78 ABACx44@45.78 ACCOx44@45.78 ACADx44@45.78 ADBEx44@45.78 
Value: 10096.25
Sales: ABCDx44@45.78 ABACx44@45.78 ACCOx44@45.78 ACADx44@45.78 ADBEx44@45.78 
Purchases: ABCDx44@45.78 ABACx44@45.78 ACCOx44@45.78 ACADx44@45.78 ADBEx44@45.78 

2013-07-14
Cash: 24.38
Held: ABCDx44@45.69 ABACx44@45.69 ACCOx44@45.69 ACADx44@45.69 ADBEx44@45.69 
Value: 10075.62
Sales: ABCDx44@45.69 ABACx44@45.69 ACCOx44@45.69 ACADx44@45.69 ADBEx44@45.69 
Purchases: ABCDx44@45.69 ABACx44@45.69 ACCOx44@45.69 ACADx44@45.69 ADBEx44@45.69 

2013-07-15
Cash: 24.38
Held: ABCDx44@46.09 ABACx44@46.09 ACCOx44@46.09 ACADx44@46.09 ADBEx44@46.09 
Value: 10165.00
Sales: ABCDx44@46.09 ABACx44@46.09 ACCOx44@46.09 ACADx44@46.09 ADBEx44@46.09 
Purchases: ABCDx44@46.09 ABACx44@46.09 ACCOx44@46.09 ACADx44@46.09 ADBEx44@46.09 

2013-07-16
Cash: 24.38
Held: ABCDx44@45.94 ABACx44@45.94 ACCOx44@45.94 ACADx44@45.94 ADBEx44@45.94 
Value: 10130.62
Sales: ABCDx44@45.94 ABACx44@45.94 ACCOx44@45.94 ACADx44@45.94 ADBEx44@45.94 
Purchases: ABCDx44@45.94 ABACx44@45.94 ACCOx44@45.94 ACADx44@45.94 ADBEx44@45.94 

2013-07-17
Cash: 24.38
Held: ABCDx44@45.66 ABACx44@45.66 ACCOx44@45.66 ACADx44@45.66 ADBEx44@45.66 
Value: 10068.75
Sales: ABCDx44@45.66 ABACx44@45.66 ACCOx44@45.66 ACADx44@45.66 ADBEx44@45.66 
Purchases: ABCDx44@45.66 ABACx44@45.66 ACCOx44@45.66 ACADx44@45.66 ADBEx44@45.66 

2013-07-18
Cash: 24.38
Held: ABCDx44@45.84 ABACx44@45.84 ACCOx44@45.84 ACADx44@45.84 ADBEx44@45.84 
Value: 10110.00
Sales: ABCDx44@45.84 ABACx44@45.84 ACCOx44@45.84 ACADx44@45.84 ADBEx44@45.84 
Purchases: ABCDx44@45.84 ABACx44@45.84 ACCOx44@45.84 ACADx44@45.84 ADBEx44@45.84 

2013-07-21
Cash: 24.38
Held: ABCDx44@46.22 ABACx44@46.22 ACCOx44@46.22 ACADx44@46.22 ADBEx44@46.22 
Value: 10192.50
Sales: ABCDx44@46.22 ABACx44@46.22 ACCOx44@46.22 ACADx44@46.22 ADBEx44@46.22 
Purchases: ABCDx44@46.22 ABACx44@46.22 ACCOx44@46.22 ACADx44@46.22 ADBEx44@46.22 

2013-07-22
Cash: 24.38
Held: ABCDx44@46.31 ABACx44@46.31 ACCOx44@46.31 ACADx44@46.31 ADBEx44@46.31 
Value: 10213.12
Sales: ABCDx44@46.31 ABACx44@46.31 ACCOx44@46.31 ACADx44@46.31 ADBEx44@46.31 
Purchases: ABCDx44@46.31 ABACx44@46.31 ACCOx44@46.31 ACADx44@46.31 ADBEx44@46.31 

2013-07-23
Cash: 24.38
Held: ABCDx44@46.66 ABACx44@46.66 ACCOx44@46.66 ACADx44@46.66 ADBEx44@46.66 
Value: 10288.75
Sales: ABCDx44@46.66 ABACx44@46.66 ACCOx44@46.66 ACADx44@46.66 ADBEx44@46.66 
Purchases: ABCDx44@46.66 ABACx44@46.66 ACCOx44@46.66 ACADx44@46.66 ADBEx44@46.66 

2013-07-24
Cash: 24.38
Held: ABCDx44@46.62 ABACx44@46.62 ACCOx44@46.62 ACADx44@46.62 ADBEx44@46.62 
Value: 10281.88
Sales: ABCDx44@46.62 ABACx44@46.62 ACCOx44@46.62 ACADx44@46.62 ADBEx44@46.62 
Purchases: ABCDx44@46.62 ABACx44@46.62 ACCOx44@46.62 ACADx44@46.62 ADBEx44@46.62 

2013-07-25
Cash: 24.38
Held: ABCDx44@46.31 ABACx44@46.31 ACCOx44@46.31 ACADx44@46.31 ADBEx44@46.31 
Value: 10213.12
Sales: ABCDx44@46.31 ABACx44@46.31 ACCOx44@46.31 ACADx44@46.31 ADBEx44@46.31 
Purchases: ABCDx44@46.31 ABACx44@46.31 ACCOx44@46.31 ACADx44@46.31 ADBEx44@46.31 

2013-07-28
Cash: 24.38
Held: ABCDx44@45.59 ABACx44@45.59 ACCOx44@45.59 ACADx44@45.59 ADBEx44@45.59 
Value: 10055.00
Sales: ABCDx44@45.59 ABACx44@45.59 ACCOx44@45.59 ACADx44@45.59 ADBEx44@45.59 
Purchases: ABCDx44@45.59 ABACx44@45.59 ACCOx44@45.59 ACADx44@45.59 ADBEx44@45.59 

2013-07-29
Cash: 24.38
Held: ABCDx44@45.56 ABACx44@45.56 ACCOx44@45.56 ACADx44@45.56 ADBEx44@45.56 
Value: 10048.12
Sales: ABCDx44@45.56 ABACx44@45.56 ACCOx44@45.56 ACADx44@45.56 ADBEx44@45.56 
Purchases: ABCDx44@45.56 ABACx44@45.56 ACCOx44@45.56 ACADx44@45.56 ADBEx44@45.56 

2013-07-30
Cash: 24.38
Held: ABCDx44@45.03 ABACx44@45.03 ACCOx44@45.03 ACADx44@45.03 ADBEx44@45.03 
Value: 9931.25
Sales: ABCDx44@45.03 ABACx44@45.03 ACCOx44@45.03 ACADx44@45.03 ADBEx44@45.03 
Purchases: ABCDx44@45.03 ABACx44@45.03 ACCOx44@45.03 ACADx44@45.03 ADBEx44@45.03 

2013-07-31
Cash: 24.38
Held: ABCDx44@45.50 ABACx44@45.50 ACCOx44@45.50 ACADx44@45.50 ADBEx44@45.50 
Value: 10034.38
Sales: ABCDx44@45.50 ABACx44@45.50 ACCOx44@45.50 ACADx44@45.50 ADBEx44@45.50 
Purchases: ABCDx44@45.50 ABACx44@45.50 ACCOx44@45.50 ACADx44@45.50 ADBEx44@45.50 

2013-08-01
Cash: 24.38
Held: ABCDx44@46.06 ABACx44@46.06 ACCOx44@46.06 ACADx44@46.06 ADBEx44@46.06 
Value: 10158.12
Sales: ABCDx44@46.06 ABACx44@46.06 ACCOx44@46.06 ACADx44@46.06 ADBEx44@46.06 
Purchases: ABCDx44@46.06 ABACx44@46.06 ACCOx44@46.06 ACADx44@46.06 ADBEx44@46.06 

2013-08-04
Cash: 24.38
Held: ABCDx44@46.25 ABACx44@46.25 ACCOx44@46.25 ACADx44@46.25 ADBEx44@46.25 
Value: 10199.38
Sales: ABCDx44@46.25 ABACx44@46.25 ACCOx44@46.25 ACADx44@46.25 ADBEx44@46.25 
Purchases: ABCDx44@46.25 ABACx44@46.25 ACCOx44@46.25 ACADx44@46.25 ADBEx44@46.25 

2013-08-05
Cash: 24.38
Held: ABCDx44@45.94 ABACx44@45.94 ACCOx44@45.94 ACADx44@45.94 ADBEx44@45.94 
Value: 10130.62
Sales: ABCDx44@45.94 ABACx44@45.94 ACCOx44@45.94 ACADx44@45.94 ADBEx44@45.94 
Purchases: ABCDx44@45.94 ABACx44@45.94 ACCOx44@45.94 ACADx44@45.94 ADBEx44@45.94 

2013-08-06
Cash: 24.38
Held: ABCDx44@45.88 ABACx44@45.88 ACCOx44@45.88 ACADx44@45.88 ADBEx44@45.88 
Value: 10116.88
Sales: ABCDx44@45.88 ABACx44@45.88 ACCOx44@45.88 ACADx44@45.88 ADBEx44@45.88 
Purchases: ABCDx44@45.88 ABACx44@45.88 ACCOx44@45.88 ACADx44@45.88 ADBEx44@45.88 

2013-08-07
Cash: 24.38
Held: ABCDx44@46.50 ABACx44@46.50 ACCOx44@46.50 ACADx44@46.50 ADBEx44@46.50 
Value: 10254.38
Sales: ABCDx44@46.50 ABACx44@46.50 ACCOx44@46.50 ACADx44@46.50 ADBEx44@46.50 
Purchases: ABCDx44@46.50 ABACx44@46.50 ACCOx44@46.50 ACADx44@46.50 ADBEx44@46.50 

2013-08-08
Cash: 24.38
Held: ABCDx44@45.84 ABACx44@45.84 ACCOx44@45.84 ACADx44@45.84 ADBEx44@45.84 
Value: 10110.00
Sales: ABCDx44@45.84 ABACx44@45.84 ACCOx44@45.84 ACADx44@45.84 ADBEx44@45.84 
Purchases: ABCDx44@45.84 ABACx44@45.84 ACCOx44@45.84 ACADx44@45.84 ADBEx44@45.84 

2013-08-11
Cash: 24.38
Held: ABCDx44@45.88 ABACx44@45.88 ACCOx44@45.88 ACADx44@45.88 ADBEx44@45.88 
Value: 10116.88
Sales: ABCDx44@45.88 ABACx44@45.88 ACCOx44@45.88 ACADx44@45.88 ADBEx44@45.88 
Purchases: ABCDx44@45.88 ABACx44@45.88 ACCOx44@45.88 ACADx44@45.88 ADBEx44@45.88 

2013-08-12
Cash: 24.38
Held: ABCDx44@46.44 ABACx44@46.44 ACCOx44@46.44 ACADx44@46.44 ADBEx44@46.44 
Value: 10240.62
Sales: ABCDx44@46.44 ABACx44@46.44 ACCOx44@46.44 ACADx44@46.44 ADBEx44@46.44 
Purchases: ABCDx44@46.44 ABACx44@46.44 ACCOx44@46.44 ACADx44@46.44 ADBEx44@46.44 

2013-08-13
Cash: 24.38
Held: ABCDx44@46.78 ABACx44@46.78 ACCOx44@46.78 ACADx44@46.78 ADBEx44@46.78 
Value: 10316.25
Sales: ABCDx44@46.78 ABACx44@46.78 ACCOx44@46.78 ACADx44@46.78 ADBEx44@46.78 
Purchases: ABCDx44@46.78 ABACx44@46.78 ACCOx44@46.78 ACADx44@46.78 ADBEx44@46.78 

2013-08-14
Cash: 24.38
Held: ABCDx44@47.59 ABACx44@47.59 ACCOx44@47.59 ACADx44@47.59 ADBEx44@47.59 
Value: 10495.00
Sales: ABCDx44@47.59 ABACx44@47.59 ACCOx44@47.59 ACADx44@47.59 ADBEx44@47.59 
Purchases: ABCDx44@47.59 ABACx44@47.59 ACCOx44@47.59 ACADx44@47.59 ADBEx44@47.59 

2013-08-15
Cash: 24.38
Held: ABCDx44@46.81 ABACx44@46.81 ACCOx44@46.81 ACADx44@46.81 ADBEx44@46.81 
Value: 10323.12
Sales: ABCDx44@46.81 ABACx44@46.81 ACCOx44@46.81 ACADx44@46.81 ADBEx44@46.81 
Purchases: ABCDx44@46.81 ABACx44@46.81 ACCOx44@46.81 ACADx44@46.81 ADBEx44@46.81 

2013-08-18
Cash: 24.38
Held: ABCDx44@46.62 ABACx44@46.62 ACCOx44@46.62 ACADx44@46.62 ADBEx44@46.62 
Value: 10281.88
Sales: ABCDx44@46.62 ABACx44@46.62 ACCOx44@46.62 ACADx44@46.62 ADBEx44@46.62 
Purchases: ABCDx44@46.62 ABACx44@46.62 ACCOx44@46.62 ACADx44@46.62 ADBEx44@46.62 

2013-08-19
Cash: 24.38
Held: ABCDx44@46.44 ABACx44@46.44 ACCOx44@46.44 ACADx44@46.44 ADBEx44@46.44 
Value: 10240.62
Sales: ABCDx44@46.44 ABACx44@46.44 ACCOx44@46.44 ACADx44@46.44 ADBEx44@46.44 
Purchases: ABCDx44@46.44 ABACx44@46.44 ACCOx44@46.44 ACADx44@46.44 ADBEx44@46.44 

2013-08-20
Cash: 24.38
Held: ABCDx44@46.94 ABACx44@46.94 ACCOx44@46.94 ACADx44@46.94 ADBEx44@46.94 
Value: 10350.62
Sales: ABCDx44@46.94 ABACx44@46.94 ACCOx44@46.94 ACADx44@46.94 ADBEx44@46.94 
Purchases: ABCDx44@46.94 ABACx44@46.94 ACCOx44@46.94 ACADx44@46.94 ADBEx44@46.94 

2013-08-21
Cash: 24.38
Held: ABCDx44@46.88 ABACx44@46.88 ACCOx44@46.88 ACADx44@46.88 ADBEx44@46.88 
Value: 10336.88
Sales: ABCDx44@46.88 ABACx44@46.88 ACCOx44@46.88 ACADx44@46.88 ADBEx44@46.88 
Purchases: ABCDx44@46.88 ABACx44@46.88 ACCOx44@46.88 ACADx44@46.88 ADBEx44@46.88 

2013-08-22
Cash: 24.38
Held: ABCDx44@47.97 ABACx44@47.97 ACCOx44@47.97 ACADx44@47.97 ADBEx44@47.97 
Value: 10577.50
Sales: ABCDx44@47.97 ABACx44@47.97 ACCOx44@47.97 ACADx44@47.97 ADBEx44@47.97 
Purchases: ABCDx44@47.97 ABACx44@47.97 ACCOx44@47.97 ACADx44@47.97 ADBEx44@47.97 

2013-08-25
Cash: 24.38
Held: ABCDx44@47.62 ABACx44@47.62 ACCOx44@47.62 ACADx44@47.62 ADBEx44@47.62 
Value: 10501.88
Sales: ABCDx44@47.62 ABACx44@47.62 ACCOx44@47.62 ACADx44@47.62 ADBEx44@47.62 
Purchases: ABCDx44@47.62 ABACx44@47.62 ACCOx44@47.62 ACADx44@47.62 ADBEx44@47.62 

2013-08-26
Cash: 24.38
Held: ABCDx44@47.09 ABACx44@47.09 ACCOx44@47.09 ACADx44@47.09 ADBEx44@47.09 
Value: 10385.00
Sales: ABCDx44@47.09 ABACx44@47.09 ACCOx44@47.09 ACADx44@47.09 ADBEx44@47.09 
Purchases: ABCDx44@47.09 ABACx44@47.09 ACCOx44@47.09 ACADx44@47.09 ADBEx44@47.09 

2013-08-27
Cash: 24.38
Held: ABCDx44@46.88 ABACx44@46.88 ACCOx44@46.88 ACADx44@46.88 ADBEx44@46.88 
Value: 10336.88
Sales: ABCDx44@46.88 ABACx44@46.88 ACCOx44@46.88 ACADx44@46.88 ADBEx44@46.88 
Purchases: ABCDx44@46.88 ABACx44@46.88 ACCOx44@46.88 ACADx44@46.88 ADBEx44@46.88 

2013-08-28
Cash: 24.38
Held: ABCDx44@46.62 ABACx44@46.62 ACCOx44@46.62 ACADx44@46.62 ADBEx44@46.62 
Value: 10281.88
Sales: ABCDx44@46.62 ABACx44@46.62 ACCOx44@46.62 ACADx44@46.62 ADBEx44@46.62 
Purchases: ABCDx44@46.62 ABACx44@46.62 ACCOx44@46.62 ACADx44@46.62 ADBEx44@46.62 

2013-08-29
Cash: 24.38
Held: ABCDx44@46.88 ABACx44@46.88 ACCOx44@46.88 ACADx44@46.88 ADBEx44@46.88 
Value: 10336.88
Sales: ABCDx44@46.88 ABACx44@46.88 ACCOx44@46.88 ACADx44@46.88 ADBEx44@46.88 
Purchases: ABCDx44@46.88 ABACx44@46.88 ACCOx44@46.88 ACADx44@46.88 ADBEx44@46.88 

2013-09-02
Cash: 24.38
Held: ABCDx44@47.03 ABACx44@47.03 ACCOx44@47.03 ACADx44@47.03 ADBEx44@47.03 
Value: 10371.25
Sales: ABCDx44@47.03 ABACx44@47.03 ACCOx44@47.03 ACADx44@47.03 ADBEx44@47.03 
Purchases: ABCDx44@47.03 ABACx44@47.03 ACCOx44@47.03 ACADx44@47.03 ADBEx44@47.03 

2013-09-03
Cash: 24.38
Held: ABCDx44@46.94 ABACx44@46.94 ACCOx44@46.94 ACADx44@46.94 ADBEx44@46.94 
Value: 10350.62
Sales: ABCDx44@46.94 ABACx44@46.94 ACCOx44@46.94 ACADx44@46.94 ADBEx44@46.94 
Purchases: ABCDx44@46.94 ABACx44@46.94 ACCOx44@46.94 ACADx44@46.94 ADBEx44@46.94 

2013-09-04
Cash: 24.38
Held: ABCDx44@47.81 ABACx44@47.81 ACCOx44@47.81 ACADx44@47.81 ADBEx44@47.81 
Value: 10543.12
Sales: ABCDx44@47.81 ABACx44@47.81 ACCOx44@47.81 ACADx44@47.81 ADBEx44@47.81 
Purchases: ABCDx44@47.81 ABACx44@47.81 ACCOx44@47.81 ACADx44@47.81 ADBEx44@47.81 

2013-09-05
Cash: 24.38
Held: ABCDx44@47.72 ABACx44@47.72 ACCOx44@47.72 ACADx44@47.72 ADBEx44@47.72 
Value: 10522.50
Sales: ABCDx44@47.72 ABACx44@47.72 ACCOx44@47.72 ACADx44@47.72 ADBEx44@47.72 
Purchases: ABCDx44@47.72 ABACx44@47.72 ACCOx44@47.72 ACADx44@47.72 ADBEx44@47.72 

2013-09-08
Cash: 24.38
Held: ABCDx44@47.59 ABACx44@47.59 ACCOx44@47.59 ACADx44@47.59 ADBEx44@47.59 
Value: 10495.00
Sales: ABCDx44@47.59 ABACx44@47.59 ACCOx44@47.59 ACADx44@47.59 ADBEx44@47.59 
Purchases: ABCDx44@47.59 ABACx44@47.59 ACCOx44@47.59 ACADx44@47.59 ADBEx44@47.59 

2013-09-09
Cash: 24.38
Held: ABCDx44@48.03 ABACx44@48.03 ACCOx44@48.03 ACADx44@48.03 ADBEx44@48.03 
Value: 10591.25
Sales: ABCDx44@48.03 ABACx44@48.03 ACCOx44@48.03 ACADx44@48.03 ADBEx44@48.03 
Purchases: ABCDx44@48.03 ABACx44@48.03 ACCOx44@48.03 ACADx44@48.03 ADBEx44@48.03 

2013-09-10
Cash: 24.38
Held: ABCDx44@48.59 ABACx44@48.59 ACCOx44@48.59 ACADx44@48.59 ADBEx44@48.59 
Value: 10715.00
Sales: ABCDx44@48.59 ABACx44@48.59 ACCOx44@48.59 ACADx44@48.59 ADBEx44@48.59 
Purchases: ABCDx44@48.59 ABACx44@48.59 ACCOx44@48.59 ACADx44@48.59 ADBEx44@48.59 

2013-09-11
Cash: 24.38
Held: ABCDx44@48.91 ABACx44@48.91 ACCOx44@48.91 ACADx44@48.91 ADBEx44@48.91 
Value: 10783.75
Sales: ABCDx44@48.91 ABACx44@48.91 ACCOx44@48.91 ACADx44@48.91 ADBEx44@48.91 
Purchases: ABCDx44@48.91 ABACx44@48.91 ACCOx44@48.91 ACADx44@48.91 ADBEx44@48.91 

2013-09-12
Cash: 24.38
Held: ABCDx44@48.59 ABACx44@48.59 ACCOx44@48.59 ACADx44@48.59 ADBEx44@48.59 
Value: 10715.00
Sales: ABCDx44@48.59 ABACx44@48.59 ACCOx44@48.59 ACADx44@48.59 ADBEx44@48.59 
Purchases: ABCDx44@48.59 ABACx44@48.59 ACCOx44@48.59 ACADx44@48.59 ADBEx44@48.59 

2013-09-15
Cash: 24.38
Held: ABCDx44@49.06 ABACx44@49.06 ACCOx44@49.06 ACADx44@49.06 ADBEx44@49.06 
Value: 10818.12
Sales: ABCDx44@49.06 ABACx44@49.06 ACCOx44@49.06 ACADx44@49.06 ADBEx44@49.06 
Purchases: ABCDx44@49.06 ABACx44@49.06 ACCOx44@49.06 ACADx44@49.06 ADBEx44@49.06 

2013-09-16
Cash: 24.38
Held: ABCDx44@48.72 ABACx44@48.72 ACCOx44@48.72 ACADx44@48.72 ADBEx44@48.72 
Value: 10742.50
Sales: ABCDx44@48.72 ABACx44@48.72 ACCOx44@48.72 ACADx44@48.72 ADBEx44@48.72 
Purchases: ABCDx44@48.72 ABACx44@48.72 ACCOx44@48.72 ACADx44@48.72 ADBEx44@48.72 

2013-09-17
Cash: 24.38
Held: ABCDx44@48.78 ABACx44@48.78 ACCOx44@48.78 ACADx44@48.78 ADBEx44@48.78 
Value: 10756.25
Sales: ABCDx44@48.78 ABACx44@48.78 ACCOx44@48.78 ACADx44@48.78 ADBEx44@48.78 
Purchases: ABCDx44@48.78 ABACx44@48.78 ACCOx44@48.78 ACADx44@48.78 ADBEx44@48.78 

2013-09-18
Cash: 24.38
Held: ABCDx44@52.91 ABACx44@52.91 ACCOx44@52.91 ACADx44@52.91 ADBEx44@52.91 
Value: 11663.75
Sales: ABCDx44@52.91 ABACx44@52.91 ACCOx44@52.91 ACADx44@52.91 ADBEx44@52.91 
Purchases: ABCDx44@52.91 ABACx44@52.91 ACCOx44@52.91 ACADx44@52.91 ADBEx44@52.91 

2013-09-19
Cash: 24.38
Held: ABCDx44@51.03 ABACx44@51.03 ACCOx44@51.03 ACADx44@51.03 ADBEx44@51.03 
Value: 11251.25
Sales: ABCDx44@51.03 ABACx44@51.03 ACCOx44@51.03 ACADx44@51.03 ADBEx44@51.03 
Purchases: ABCDx44@51.03 ABACx44@51.03 ACCOx44@51.03 ACADx44@51.03 ADBEx44@51.03 

2013-09-22
Cash: 24.38
Held: ABCDx44@51.91 ABACx44@51.91 ACCOx44@51.91 ACADx44@51.91 ADBEx44@51.91 
Value: 11443.75
Sales: ABCDx44@51.91 ABACx44@51.91 ACCOx44@51.91 ACADx44@51.91 ADBEx44@51.91 
Purchases: ABCDx44@51.91 ABACx44@51.91 ACCOx44@51.91 ACADx44@51.91 ADBEx44@51.91 

2013-09-23
Cash: 24.38
Held: ABCDx44@51.62 ABACx44@51.62 ACCOx44@51.62 ACADx44@51.62 ADBEx44@51.62 
Value: 11381.88
Sales: ABCDx44@51.62 ABACx44@51.62 ACCOx44@51.62 ACADx44@51.62 ADBEx44@51.62 
Purchases: ABCDx44@51.62 ABACx44@51.62 ACCOx44@51.62 ACADx44@51.62 ADBEx44@51.62 

2013-09-24
Cash: 24.38
Held: ABCDx44@51.59 ABACx44@51.59 ACCOx44@51.59 ACADx44@51.59 ADBEx44@51.59 
Value: 11375.00
Sales: ABCDx44@51.59 ABACx44@51.59 ACCOx44@51.59 ACADx44@51.59 ADBEx44@51.59 
Purchases: ABCDx44@51.59 ABACx44@51.59 ACCOx44@51.59 ACADx44@51.59 ADBEx44@51.59 

2013-09-25
Cash: 24.38
Held: ABCDx44@51.97 ABACx44@51.97 ACCOx44@51.97 ACADx44@51.97 ADBEx44@51.97 
Value: 11457.50
Sales: ABCDx44@51.97 ABACx44@51.97 ACCOx44@51.97 ACADx44@51.97 ADBEx44@51.97 
Purchases: ABCDx44@51.97 ABACx44@51.97 ACCOx44@51.97 ACADx44@51.97 ADBEx44@51.97 

2013-09-26
Cash: 24.38
Held: ABCDx44@51.84 ABACx44@51.84 ACCOx44@51.84 ACADx44@51.84 ADBEx44@51.84 
Value: 11430.00
Sales: ABCDx44@51.84 ABACx44@51.84 ACCOx44@51.84 ACADx44@51.84 ADBEx44@51.84 
Purchases: ABCDx44@51.84 ABACx44@51.84 ACCOx44@51.84 ACADx44@51.84 ADBEx44@51.84 

2013-09-29
Cash: 24.38
Held: ABCDx44@51.03 ABACx44@51.03 ACCOx44@51.03 ACADx44@51.03 ADBEx44@51.03 
Value: 11251.25
Sales: ABCDx44@51.03 ABACx44@51.03 ACCOx44@51.03 ACADx44@51.03 ADBEx44@51.03 
Purchases: ABCDx44@51.03 ABACx44@51.03 ACCOx44@51.03 ACADx44@51.03 ADBEx44@51.03 

2013-09-30
Cash: 24.38
Held: ABCDx44@50.69 ABACx44@50.69 ACCOx44@50.69 ACADx44@50.69 ADBEx44@50.69 
Value: 11175.62
Sales: ABCDx44@50.69 ABACx44@50.69 ACCOx44@50.69 ACADx44@50.69 ADBEx44@50.69 
Purchases: ABCDx44@50.69 ABACx44@50.69 ACCOx44@50.69 ACADx44@50.69 ADBEx44@50.69 

2013-10-01
Cash: 24.38
Held: ABCDx44@51.59 ABACx44@51.59 ACCOx44@51.59 ACADx44@51.59 ADBEx44@51.59 
Value: 11375.00
Sales: ABCDx44@51.59 ABACx44@51.59 ACCOx44@51.59 ACADx44@51.59 ADBEx44@51.59 
Purchases: ABCDx44@51.59 ABACx44@51.59 ACCOx44@51.59 ACADx44@51.59 ADBEx44@51.59 

2013-10-02
Cash: 24.38
Held: ABCDx44@51.56 ABACx44@51.56 ACCOx44@51.56 ACADx44@51.56 ADBEx44@51.56 
Value: 11368.12
Sales: ABCDx44@51.56 ABACx44@51.56 ACCOx44@51.56 ACADx44@51.56 ADBEx44@51.56 
Purchases: ABCDx44@51.56 ABACx44@51.56 ACCOx44@51.56 ACADx44@51.56 ADBEx44@51.56 

2013-10-03
Cash: 24.38
Held: ABCDx44@51.16 ABACx44@51.16 ACCOx44@51.16 ACADx44@51.16 ADBEx44@51.16 
Value: 11278.75
Sales: ABCDx44@51.16 ABACx44@51.16 ACCOx44@51.16 ACADx44@51.16 ADBEx44@51.16 
Purchases: ABCDx44@51.16 ABACx44@51.16 ACCOx44@51.16 ACADx44@51.16 ADBEx44@51.16 

2013-10-06
Cash: 24.38
Held: ABCDx44@51.34 ABACx44@51.34 ACCOx44@51.34 ACADx44@51.34 ADBEx44@51.34 
Value: 11320.00
Sales: ABCDx44@51.34 ABACx44@51.34 ACCOx44@51.34 ACADx44@51.34 ADBEx44@51.34 
Purchases: ABCDx44@51.34 ABACx44@51.34 ACCOx44@51.34 ACADx44@51.34 ADBEx44@51.34 

2013-10-07
Cash: 24.38
Held: ABCDx44@51.19 ABACx44@51.19 ACCOx44@51.19 ACADx44@51.19 ADBEx44@51.19 
Value: 11285.62
Sales: ABCDx44@51.19 ABACx44@51.19 ACCOx44@51.19 ACADx44@51.19 ADBEx44@51.19 
Purchases: ABCDx44@51.19 ABACx44@51.19 ACCOx44@51.19 ACADx44@51.19 ADBEx44@51.19 

2013-10-08
Cash: 24.38
Held: ABCDx44@50.22 ABACx44@50.22 ACCOx44@50.22 ACADx44@50.22 ADBEx44@50.22 
Value: 11072.50
Sales: ABCDx44@50.22 ABACx44@50.22 ACCOx44@50.22 ACADx44@50.22 ADBEx44@50.22 
Purchases: ABCDx44@50.22 ABACx44@50.22 ACCOx44@50.22 ACADx44@50.22 ADBEx44@50.22 

2013-10-09
Cash: 24.38
Held: ABCDx44@50.28 ABACx44@50.28 ACCOx44@50.28 ACADx44@50.28 ADBEx44@50.28 
Value: 11086.25
Sales: ABCDx44@50.28 ABACx44@50.28 ACCOx44@50.28 ACADx44@50.28 ADBEx44@50.28 
Purchases: ABCDx44@50.28 ABACx44@50.28 ACCOx44@50.28 ACADx44@50.28 ADBEx44@50.28 

2013-10-10
Cash: 24.38
Held: ABCDx44@50.88 ABACx44@50.88 ACCOx44@50.88 ACADx44@50.88 ADBEx44@50.88 
Value: 11216.88
Sales: ABCDx44@50.88 ABACx44@50.88 ACCOx44@50.88 ACADx44@50.88 ADBEx44@50.88 
Purchases: ABCDx44@50.88 ABACx44@50.88 ACCOx44@50.88 ACADx44@50.88 ADBEx44@50.88 

2013-10-13
Cash: 24.38
Held: ABCDx44@51.19 ABACx44@51.19 ACCOx44@51.19 ACADx44@51.19 ADBEx44@51.19 
Value: 11285.62
Sales: ABCDx44@51.19 ABACx44@51.19 ACCOx44@51.19 ACADx44@51.19 ADBEx44@51.19 
Purchases: ABCDx44@51.19 ABACx44@51.19 ACCOx44@51.19 ACADx44@51.19 ADBEx44@51.19 

2013-10-14
Cash: 24.38
Held: ABCDx44@51.09 ABACx44@51.09 ACCOx44@51.09 ACADx44@51.09 ADBEx44@51.09 
Value: 11265.00
Sales: ABCDx44@51.09 ABACx44@51.09 ACCOx44@51.09 ACADx44@51.09 ADBEx44@51.09 
Purchases: ABCDx44@51.09 ABACx44@51.09 ACCOx44@51.09 ACADx44@51.09 ADBEx44@51.09 

2013-10-15
Cash: 24.38
Held: ABCDx44@51.22 ABACx44@51.22 ACCOx44@51.22 ACADx44@51.22 ADBEx44@51.22 
Value: 11292.50
Sales: ABCDx44@51.22 ABACx44@51.22 ACCOx44@51.22 ACADx44@51.22 ADBEx44@51.22 
Purchases: ABCDx44@51.22 ABACx44@51.22 ACCOx44@51.22 ACADx44@51.22 ADBEx44@51.22 

2013-10-16
Cash: 24.38
Held: ABCDx44@51.25 ABACx44@51.25 ACCOx44@51.25 ACADx44@51.25 ADBEx44@51.25 
Value: 11299.38
Sales: ABCDx44@51.25 ABACx44@51.25 ACCOx44@51.25 ACADx44@51.25 ADBEx44@51.25 
Purchases: ABCDx44@51.25 ABACx44@51.25 ACCOx44@51.25 ACADx44@51.25 ADBEx44@51.25 

2013-10-17
Cash: 24.38
Held: ABCDx44@52.94 ABACx44@52.94 ACCOx44@52.94 ACADx44@52.94 ADBEx44@52.94 
Value: 11670.62
Sales: ABCDx44@52.94 ABACx44@52.94 ACCOx44@52.94 ACADx44@52.94 ADBEx44@52.94 
Purchases: ABCDx44@52.94 ABACx44@52.94 ACCOx44@52.94 ACADx44@52.94 ADBEx44@52.94 

2013-10-20
Cash: 24.38
Held: ABCDx44@53.03 ABACx44@53.03 ACCOx44@53.03 ACADx44@53.03 ADBEx44@53.03 
Value: 11691.25
Sales: ABCDx44@53.03 ABACx44@53.03 ACCOx44@53.03 ACADx44@53.03 ADBEx44@53.03 
Purchases: ABCDx44@53.03 ABACx44@53.03 ACCOx44@53.03 ACADx44@53.03 ADBEx44@53.03 

2013-10-21
Cash: 24.38
Held: ABCDx44@52.09 ABACx44@52.09 ACCOx44@52.09 ACADx44@52.09 ADBEx44@52.09 
Value: 11485.00
Sales: ABCDx44@52.09 ABACx44@52.09 ACCOx44@52.09 ACADx44@52.09 ADBEx44@52.09 
Purchases: ABCDx44@52.09 ABACx44@52.09 ACCOx44@52.09 ACADx44@52.09 ADBEx44@52.09 

2013-10-22
Cash: 24.38
Held: ABCDx44@50.75 ABACx44@50.75 ACCOx44@50.75 ACADx44@50.75 ADBEx44@50.75 
Value: 11189.38
Sales: ABCDx44@50.75 ABACx44@50.75 ACCOx44@50.75 ACADx44@50.75 ADBEx44@50.75 
Purchases: ABCDx44@50.75 ABACx44@50.75 ACCOx44@50.75 ACADx44@50.75 ADBEx44@50.75 

2013-10-23
Cash: 24.38
Held: ABCDx44@50.66 ABACx44@50.66 ACCOx44@50.66 ACADx44@50.66 ADBEx44@50.66 
Value: 11168.75
Sales: ABCDx44@50.66 ABACx44@50.66 ACCOx44@50.66 ACADx44@50.66 ADBEx44@50.66 
Purchases: ABCDx44@50.66 ABACx44@50.66 ACCOx44@50.66 ACADx44@50.66 ADBEx44@50.66 

2013-10-24
Cash: 24.38
Held: ABCDx44@51.34 ABACx44@51.34 ACCOx44@51.34 ACADx44@51.34 ADBEx44@51.34 
Value: 11320.00
Sales: ABCDx44@51.34 ABACx44@51.34 ACCOx44@51.34 ACADx44@51.34 ADBEx44@51.34 
Purchases: ABCDx44@51.34 ABACx44@51.34 ACCOx44@51.34 ACADx44@51.34 ADBEx44@51.34 

2013-10-27
Cash: 24.38
Held: ABCDx44@51.78 ABACx44@51.78 ACCOx44@51.78 ACADx44@51.78 ADBEx44@51.78 
Value: 11416.25
Sales: ABCDx44@51.78 ABACx44@51.78 ACCOx44@51.78 ACADx44@51.78 ADBEx44@51.78 
Purchases: ABCDx44@51.78 ABACx44@51.78 ACCOx44@51.78 ACADx44@51.78 ADBEx44@51.78 

2013-10-28
Cash: 24.38
Held: ABCDx44@51.53 ABACx44@51.53 ACCOx44@51.53 ACADx44@51.53 ADBEx44@51.53 
Value: 11361.25
Sales: ABCDx44@51.53 ABACx44@51.53 ACCOx44@51.53 ACADx44@51.53 ADBEx44@51.53 
Purchases: ABCDx44@51.53 ABACx44@51.53 ACCOx44@51.53 ACADx44@51.53 ADBEx44@51.53 

2013-10-29
Cash: 24.38
Held: ABCDx44@51.75 ABACx44@51.75 ACCOx44@51.75 ACADx44@51.75 ADBEx44@51.75 
Value: 11409.38
Sales: ABCDx44@51.75 ABACx44@51.75 ACCOx44@51.75 ACADx44@51.75 ADBEx44@51.75 
Purchases: ABCDx44@51.75 ABACx44@51.75 ACCOx44@51.75 ACADx44@51.75 ADBEx44@51.75 

2013-10-30
Cash: 24.38
Held: ABCDx44@51.16 ABACx44@51.16 ACCOx44@51.16 ACADx44@51.16 ADBEx44@51.16 
Value: 11278.75
Sales: ABCDx44@51.16 ABACx44@51.16 ACCOx44@51.16 ACADx44@51.16 ADBEx44@51.16 
Purchases: ABCDx44@51.16 ABACx44@51.16 ACCOx44@51.16 ACADx44@51.16 ADBEx44@51.16 

2013-10-31
Cash: 24.38
Held: ABCDx44@50.91 ABACx44@50.91 ACCOx44@50.91 ACADx44@50.91 ADBEx44@50.91 
Value: 11223.75
Sales: ABCDx44@50.91 ABACx44@50.91 ACCOx44@50.91 ACADx44@50.91 ADBEx44@50.91 
Purchases: ABCDx44@50.91 ABACx44@50.91 ACCOx44@50.91 ACADx44@50.91 ADBEx44@50.91 

2013-11-03
Cash: 24.38
Held: ABCDx44@51.38 ABACx44@51.38 ACCOx44@51.38 ACADx44@51.38 ADBEx44@51.38 
Value: 11326.88
Sales: ABCDx44@51.38 ABACx44@51.38 ACCOx44@51.38 ACADx44@51.38 ADBEx44@51.38 
Purchases: ABCDx44@51.38 ABACx44@51.38 ACCOx44@51.38 ACADx44@51.38 ADBEx44@51.38 

2013-11-04
Cash: 24.38
Held: ABCDx44@51.19 ABACx44@51.19 ACCOx44@51.19 ACADx44@51.19 ADBEx44@51.19 
Value: 11285.62
Sales: ABCDx44@51.19 ABACx44@51.19 ACCOx44@51.19 ACADx44@51.19 ADBEx44@51.19 
Purchases: ABCDx44@51.19 ABACx44@51.19 ACCOx44@51.19 ACADx44@51.19 ADBEx44@51.19 

2013-11-05
Cash: 24.38
Held: ABCDx44@51.19 ABACx44@51.19 ACCOx44@51.19 ACADx44@51.19 ADBEx44@51.19 
Value: 11285.62
Sales: ABCDx44@51.19 ABACx44@51.19 ACCOx44@51.19 ACADx44@51.19 ADBEx44@51.19 
Purchases: ABCDx44@51.19 ABACx44@51.19 ACCOx44@51.19 ACADx44@51.19 ADBEx44@51.19 

2013-11-06
Cash: 24.38
Held: ABCDx44@51.09 ABACx44@51.09 ACCOx44@51.09 ACADx44@51.09 ADBEx44@51.09 
Value: 11265.00
Sales: ABCDx44@51.09 ABACx44@51.09 ACCOx44@51.09 ACADx44@51.09 ADBEx44@51.09 
Purchases: ABCDx44@51.09 ABACx44@51.09 ACCOx44@51.09 ACADx44@51.09 ADBEx44@51.09 

2013-11-07
Cash: 24.38
Held: ABCDx44@50.12 ABACx44@50.12 ACCOx44@50.12 ACADx44@50.12 ADBEx44@50.12 
Value: 11051.88
Sales: ABCDx44@50.12 ABACx44@50.12 ACCOx44@50.12 ACADx44@50.12 ADBEx44@50.12 
Purchases: ABCDx44@50.12 ABACx44@50.12 ACCOx44@50.12 ACADx44@50.12 ADBEx44@50.12 

2013-11-10
Cash: 24.38
Held: ABCDx44@50.62 ABACx44@50.62 ACCOx44@50.62 ACADx44@50.62 ADBEx44@50.62 
Value: 11161.88
Sales: ABCDx44@50.62 ABACx44@50.62 ACCOx44@50.62 ACADx44@50.62 ADBEx44@50.62 
Purchases: ABCDx44@50.62 ABACx44@50.62 ACCOx44@50.62 ACADx44@50.62 ADBEx44@50.62 

2013-11-11
Cash: 24.38
Held: ABCDx44@51.19 ABACx44@51.19 ACCOx44@51.19 ACADx44@51.19 ADBEx44@51.19 
Value: 11285.62
Sales: ABCDx44@51.19 ABACx44@51.19 ACCOx44@51.19 ACADx44@51.19 ADBEx44@51.19 
Purchases: ABCDx44@51.19 ABACx44@51.19 ACCOx44@51.19 ACADx44@51.19 ADBEx44@51.19 

2013-11-12
Cash: 24.38
Held: ABCDx44@50.88 ABACx44@50.88 ACCOx44@50.88 ACADx44@50.88 ADBEx44@50.88 
Value: 11216.88
Sales: ABCDx44@50.88 ABACx44@50.88 ACCOx44@50.88 ACADx44@50.88 ADBEx44@50.88 
Purchases: ABCDx44@50.88 ABACx44@50.88 ACCOx44@50.88 ACADx44@50.88 ADBEx44@50.88 

2013-11-13
Cash: 24.38
Held: ABCDx44@51.19 ABACx44@51.19 ACCOx44@51.19 ACADx44@51.19 ADBEx44@51.19 
Value: 11285.62
Sales: ABCDx44@51.19 ABACx44@51.19 ACCOx44@51.19 ACADx44@51.19 ADBEx44@51.19 
Purchases: ABCDx44@51.19 ABACx44@51.19 ACCOx44@51.19 ACADx44@51.19 ADBEx44@51.19 

2013-11-14
Cash: 24.38
Held: ABCDx44@54.03 ABACx44@54.03 ACCOx44@54.03 ACADx44@54.03 ADBEx44@54.03 
Value: 11911.25
Sales: ABCDx44@54.03 ABACx44@54.03 ACCOx44@54.03 ACADx44@54.03 ADBEx44@54.03 
Purchases: ABCDx44@54.03 ABACx44@54.03 ACCOx44@54.03 ACADx44@54.03 ADBEx44@54.03 

2013-11-17
Cash: 24.38
Held: ABCDx44@54.44 ABACx44@54.44 ACCOx44@54.44 ACADx44@54.44 ADBEx44@54.44 
Value: 12000.62
Sales: ABCDx44@54.44 ABACx44@54.44 ACCOx44@54.44 ACADx44@54.44 ADBEx44@54.44 
Purchases: ABCDx44@54.44 ABACx44@54.44 ACCOx44@54.44 ACADx44@54.44 ADBEx44@54.44 

2013-11-18
Cash: 24.38
Held: ABCDx44@53.66 ABACx44@53.66 ACCOx44@53.66 ACADx44@53.66 ADBEx44@53.66 
Value: 11828.75
Sales: ABCDx44@53.66 ABACx44@53.66 ACCOx44@53.66 ACADx44@53.66 ADBEx44@53.66 
Purchases: ABCDx44@53.66 ABACx44@53.66 ACCOx44@53.66 ACADx44@53.66 ADBEx44@53.66 

2013-11-19
Cash: 24.38
Held: ABCDx44@53.84 ABACx44@53.84 ACCOx44@53.84 ACADx44@53.84 ADBEx44@53.84 
Value: 11870.00
Sales: ABCDx44@53.84 ABACx44@53.84 ACCOx44@53.84 ACADx44@53.84 ADBEx44@53.84 
Purchases: ABCDx44@53.84 ABACx44@53.84 ACCOx44@53.84 ACADx44@53.84 ADBEx44@53.84 

2013-11-20
Cash: 24.38
Held: ABCDx44@53.81 ABACx44@53.81 ACCOx44@53.81 ACADx44@53.81 ADBEx44@53.81 
Value: 11863.12
Sales: ABCDx44@53.81 ABACx44@53.81 ACCOx44@53.81 ACADx44@53.81 ADBEx44@53.81 
Purchases: ABCDx44@53.81 ABACx44@53.81 ACCOx44@53.81 ACADx44@53.81 ADBEx44@53.81 

2013-11-21
Cash: 24.38
Held: ABCDx44@54.09 ABACx44@54.09 ACCOx44@54.09 ACADx44@54.09 ADBEx44@54.09 
Value: 11925.00
Sales: ABCDx44@54.09 ABACx44@54.09 ACCOx44@54.09 ACADx44@54.09 ADBEx44@54.09 
Purchases: ABCDx44@54.09 ABACx44@54.09 ACCOx44@54.09 ACADx44@54.09 ADBEx44@54.09 

2013-11-24
Cash: 24.38
Held: ABCDx44@54.12 ABACx44@54.12 ACCOx44@54.12 ACADx44@54.12 ADBEx44@54.12 
Value: 11931.88
Sales: ABCDx44@54.12 ABACx44@54.12 ACCOx44@54.12 ACADx44@54.12 ADBEx44@54.12 
Purchases: ABCDx44@54.12 ABACx44@54.12 ACCOx44@54.12 ACADx44@54.12 ADBEx44@54.12 

2013-11-25
Cash: 24.38
Held: ABCDx44@53.25 ABACx44@53.25 ACCOx44@53.25 ACADx44@53.25 ADBEx44@53.25 
Value: 11739.38
Sales: ABCDx44@53.25 ABACx44@53.25 ACCOx44@53.25 ACADx44@53.25 ADBEx44@53.25 
Purchases: ABCDx44@53.25 ABACx44@53.25 ACCOx44@53.25 ACADx44@53.25 ADBEx44@53.25 

2013-11-26
Cash: 24.38
Held: ABCDx44@53.78 ABACx44@53.78 ACCOx44@53.78 ACADx44@53.78 ADBEx44@53.78 
Value: 11856.25
Sales: ABCDx44@53.78 ABACx44@53.78 ACCOx44@53.78 ACADx44@53.78 ADBEx44@53.78 
Purchases: ABCDx44@53.78 ABACx44@53.78 ACCOx44@53.78 ACADx44@53.78 ADBEx44@53.78 

2013-11-28
Cash: 24.38
Held: ABCDx44@53.84 ABACx44@53.84 ACCOx44@53.84 ACADx44@53.84 ADBEx44@53.84 
Value: 11870.00
Sales: ABCDx44@53.84 ABACx44@53.84 ACCOx44@53.84 ACADx44@53.84 ADBEx44@53.84 
Purchases: ABCDx44@53.84 ABACx44@53.84 ACCOx44@53.84 ACADx44@53.84 ADBEx44@53.84 

2013-12-01
Cash: 24.38
Held: ABCDx44@53.47 ABACx44@53.47 ACCOx44@53.47 ACADx44@53.47 ADBEx44@53.47 
Value: 11787.50
Sales: ABCDx44@53.47 ABACx44@53.47 ACCOx44@53.47 ACADx44@53.47 ADBEx44@53.47 
Purchases: ABCDx44@53.47 ABACx44@53.47 ACCOx44@53.47 ACADx44@53.47 ADBEx44@53.47 

2013-12-02
Cash: 24.38
Held: ABCDx44@52.91 ABACx44@52.91 ACCOx44@52.91 ACADx44@52.91 ADBEx44@52.91 
Value: 11663.75
Sales: ABCDx44@52.91 ABACx44@52.91 ACCOx44@52.91 ACADx44@52.91 ADBEx44@52.91 
Purchases: ABCDx44@52.91 ABACx44@52.91 ACCOx44@52.91 ACADx44@52.91 ADBEx44@52.91 

2013-12-03
Cash: 24.38
Held: ABCDx44@52.84 ABACx44@52.84 ACCOx44@52.84 ACADx44@52.84 ADBEx44@52.84 
Value: 11650.00
Sales: ABCDx44@52.84 ABACx44@52.84 ACCOx44@52.84 ACADx44@52.84 ADBEx44@52.84 
Purchases: ABCDx44@52.84 ABACx44@52.84 ACCOx44@52.84 ACADx44@52.84 ADBEx44@52.84 

2013-12-04
Cash: 24.38
Held: ABCDx44@53.34 ABACx44@53.34 ACCOx44@53.34 ACADx44@53.34 ADBEx44@53.34 
Value: 11760.00
Sales: ABCDx44@53.34 ABACx44@53.34 ACCOx44@53.34 ACADx44@53.34 ADBEx44@53.34 
Purchases: ABCDx44@53.34 ABACx44@53.34 ACCOx44@53.34 ACADx44@53.34 ADBEx44@53.34 

2013-12-05
Cash: 24.38
Held: ABCDx44@53.75 ABACx44@53.75 ACCOx44@53.75 ACADx44@53.75 ADBEx44@53.75 
Value: 11849.38
Sales: ABCDx44@53.75 ABACx44@53.75 ACCOx44@53.75 ACADx44@53.75 ADBEx44@53.75 
Purchases: ABCDx44@53.75 ABACx44@53.75 ACCOx44@53.75 ACADx44@53.75 ADBEx44@53.75 

2013-12-08
Cash: 24.38
Held: ABCDx44@54.81 ABACx44@54.81 ACCOx44@54.81 ACADx44@54.81 ADBEx44@54.81 
Value: 12083.12
Sales: ABCDx44@54.81 ABACx44@54.81 ACCOx44@54.81 ACADx44@54.81 ADBEx44@54.81 
Purchases: ABCDx44@54.81 ABACx44@54.81 ACCOx44@54.81 ACADx44@54.81 ADBEx44@54.81 

2013-12-09
Cash: 24.38
Held: ABCDx44@54.91 ABACx44@54.91 ACCOx44@54.91 ACADx44@54.91 ADBEx44@54.91 
Value: 12103.75
Sales: ABCDx44@54.91 ABACx44@54.91 ACCOx44@54.91 ACADx44@54.91 ADBEx44@54.91 
Purchases: ABCDx44@54.91 ABACx44@54.91 ACCOx44@54.91 ACADx44@54.91 ADBEx44@54.91 

2013-12-10
Cash: 24.38
Held: ABCDx44@55.28 ABACx44@55.28 ACCOx44@55.28 ACADx44@55.28 ADBEx44@55.28 
Value: 12186.25
Sales: ABCDx44@55.28 ABACx44@55.28 ACCOx44@55.28 ACADx44@55.28 ADBEx44@55.28 
Purchases: ABCDx44@55.28 ABACx44@55.28 ACCOx44@55.28 ACADx44@55.28 ADBEx44@55.28 

2013-12-11
Cash: 24.38
Held: ABCDx44@54.62 ABACx44@54.62 ACCOx44@54.62 ACADx44@54.62 ADBEx44@54.62 
Value: 12041.88
Sales: ABCDx44@54.62 ABACx44@54.62 ACCOx44@54.62 ACADx44@54.62 ADBEx44@54.62 
Purchases: ABCDx44@54.62 ABACx44@54.62 ACCOx44@54.62 ACADx44@54.62 ADBEx44@54.62 

2013-12-12
Cash: 24.38
Held: ABCDx44@55.38 ABACx44@55.38 ACCOx44@55.38 ACADx44@55.38 ADBEx44@55.38 
Value: 12206.88
Sales: ABCDx44@55.38 ABACx44@55.38 ACCOx44@55.38 ACADx44@55.38 ADBEx44@55.38 
Purchases: ABCDx44@55.38 ABACx44@55.38 ACCOx44@55.38 ACADx44@55.38 ADBEx44@55.38 

2013-12-15
Cash: 24.38
Held: ABCDx44@55.25 ABACx44@55.25 ACCOx44@55.25 ACADx44@55.25 ADBEx44@55.25 
Value: 12179.38
Sales: ABCDx44@55.25 ABACx44@55.25 ACCOx44@55.25 ACADx44@55.25 ADBEx44@55.25 
Purchases: ABCDx44@55.25 ABACx44@55.25 ACCOx44@55.25 ACADx44@55.25 ADBEx44@55.25 

2013-12-16
Cash: 24.38
Held: ABCDx44@56.22 ABACx44@56.22 ACCOx44@56.22 ACADx44@56.22 ADBEx44@56.22 
Value: 12392.50
Sales: ABCDx44@56.22 ABACx44@56.22 ACCOx44@56.22 ACADx44@56.22 ADBEx44@56.22 
Purchases: ABCDx44@56.22 ABACx44@56.22 ACCOx44@56.22 ACADx44@56.22 ADBEx44@56.22 

2013-12-17
Cash: 24.38
Held: ABCDx44@56.50 ABACx44@56.50 ACCOx44@56.50 ACADx44@56.50 ADBEx44@56.50 
Value: 12454.38
Sales: ABCDx44@56.50 ABACx44@56.50 ACCOx44@56.50 ACADx44@56.50 ADBEx44@56.50 
Purchases: ABCDx44@56.50 ABACx44@56.50 ACCOx44@56.50 ACADx44@56.50 ADBEx44@56.50 

2013-12-18
Cash: 24.38
Held: ABCDx44@57.56 ABACx44@57.56 ACCOx44@57.56 ACADx44@57.56 ADBEx44@57.56 
Value: 12688.12
Sales: ABCDx44@57.56 ABACx44@57.56 ACCOx44@57.56 ACADx44@57.56 ADBEx44@57.56 
Purchases: ABCDx44@57.56 ABACx44@57.56 ACCOx44@57.56 ACADx44@57.56 ADBEx44@57.56 

2013-12-19
Cash: 24.38
Held: ABCDx44@57.47 ABACx44@57.47 ACCOx44@57.47 ACADx44@57.47 ADBEx44@57.47 
Value: 12667.50
Sales: ABCDx44@57.47 ABACx44@57.47 ACCOx44@57.47 ACADx44@57.47 ADBEx44@57.47 
Purchases: ABCDx44@57.47 ABACx44@57.47 ACCOx44@57.47 ACADx44@57.47 ADBEx44@57.47 

2013-12-22
Cash: 24.38
Held: ABCDx44@57.44 ABACx44@57.44 ACCOx44@57.44 ACADx44@57.44 ADBEx44@57.44 
Value: 12660.62
Sales: ABCDx44@57.44 ABACx44@57.44 ACCOx44@57.44 ACADx44@57.44 ADBEx44@57.44 
Purchases: ABCDx44@57.44 ABACx44@57.44 ACCOx44@57.44 ACADx44@57.44 ADBEx44@57.44 

2013-12-23
Cash: 24.38
Held: ABCDx44@57.50 ABACx44@57.50 ACCOx44@57.50 ACADx44@57.50 ADBEx44@57.50 
Value: 12674.38
Sales: ABCDx44@57.50 ABACx44@57.50 ACCOx44@57.50 ACADx44@57.50 ADBEx44@57.50 
Purchases: ABCDx44@57.50 ABACx44@57.50 ACCOx44@57.50 ACADx44@57.50 ADBEx44@57.50 

2013-12-25
Cash: 24.38
Held: ABCDx44@57.25 ABACx44@57.25 ACCOx44@57.25 ACADx44@57.25 ADBEx44@57.25 
Value: 12619.38
Sales: ABCDx44@57.25 ABACx44@57.25 ACCOx44@57.25 ACADx44@57.25 ADBEx44@57.25 
Purchases: ABCDx44@57.25 ABACx44@57.25 ACCOx44@57.25 ACADx44@57.25 ADBEx44@57.25 

2013-12-26
Cash: 24.38
Held: ABCDx44@57.22 ABACx44@57.22 ACCOx44@57.22 ACADx44@57.22 ADBEx44@57.22 
Value: 12612.50
Sales: ABCDx44@57.22 ABACx44@57.22 ACCOx44@57.22 ACADx44@57.22 ADBEx44@57.22 
Purchases: ABCDx44@57.22 ABACx44@57.22 ACCOx44@57.22 ACADx44@57.22 ADBEx44@57.22 

2013-12-29
Cash: 24.38
Held: ABCDx44@57.06 ABACx44@57.06 ACCOx44@57.06 ACADx44@57.06 ADBEx44@57.06 
Value: 12578.12
Sales: ABCDx44@57.06 ABACx44@57.06 ACCOx44@57.06 ACADx44@57.06 ADBEx44@57.06 
Purchases: ABCDx44@57.06 ABACx44@57.06 ACCOx44@57.06 ACADx44@57.06 ADBEx44@57.06 

2013-12-30
Cash: 24.38
Held: ABCDx44@57.44 ABACx44@57.44 ACCOx44@57.44 ACADx44@57.44 ADBEx44@57.44 
Value: 12660.62
Sales: ABCDx44@57.44 ABACx44@57.44 ACCOx44@57.44 ACADx44@57.44 ADBEx44@57.44 
Purchases: ABCDx44@57.44 ABACx44@57.44 ACCOx44@57.44 ACADx44@57.44 ADBEx44@57.44 

2014-01-01
Cash: 24.38
Held: ABCDx44@57.09 ABACx44@57.09 ACCOx44@57.09 ACADx44@57.09 ADBEx44@57.09 
Value: 12585.00
Sales: ABCDx44@57.09 ABACx44@57.09 ACCOx44@57.09 ACADx44@57.09 ADBEx44@57.09 
Purchases: ABCDx44@57.09 ABACx44@57.09 ACCOx44@57.09 ACADx44@57.09 ADBEx44@57.09 

2014-01-02
Cash: 24.38
Held: ABCDx44@56.38 ABACx44@56.38 ACCOx44@56.38 ACADx44@56.38 ADBEx44@56.38 
Value: 12426.88
Sales: ABCDx44@56.38 ABACx44@56.38 ACCOx44@56.38 ACADx44@56.38 ADBEx44@56.38 
Purchases: ABCDx44@56.38 ABACx44@56.38 ACCOx44@56.38 ACADx44@56.38 ADBEx44@56.38 

2014-01-05
Cash: 24.38
Held: ABCDx44@57.41 ABACx44@57.41 ACCOx44@57.41 ACADx44@57.41 ADBEx44@57.41 
Value: 12653.75
Sales: ABCDx44@57.41 ABACx44@57.41 ACCOx44@57.41 ACADx44@57.41 ADBEx44@57.41 
Purchases: ABCDx44@57.41 ABACx44@57.41 ACCOx44@57.41 ACADx44@57.41 ADBEx44@57.41 

2014-01-06
Cash: 24.38
Held: ABCDx44@56.94 ABACx44@56.94 ACCOx44@56.94 ACADx44@56.94 ADBEx44@56.94 
Value: 12550.62
Sales: ABCDx44@56.94 ABACx44@56.94 ACCOx44@56.94 ACADx44@56.94 ADBEx44@56.94 
Purchases: ABCDx44@56.94 ABACx44@56.94 ACCOx44@56.94 ACADx44@56.94 ADBEx44@56.94 

2014-01-07
Cash: 24.38
Held: ABCDx44@57.34 ABACx44@57.34 ACCOx44@57.34 ACADx44@57.34 ADBEx44@57.34 
Value: 12640.00
Sales: ABCDx44@57.34 ABACx44@57.34 ACCOx44@57.34 ACADx44@57.34 ADBEx44@57.34 
Purchases: ABCDx44@57.34 ABACx44@57.34 ACCOx44@57.34 ACADx44@57.34 ADBEx44@57.34 

2014-01-08
Cash: 24.38
Held: ABCDx44@58.41 ABACx44@58.41 ACCOx44@58.41 ACADx44@58.41 ADBEx44@58.41 
Value: 12873.75
Sales: ABCDx44@58.41 ABACx44@58.41 ACCOx44@58.41 ACADx44@58.41 ADBEx44@58.41 
Purchases: ABCDx44@58.41 ABACx44@58.41 ACCOx44@58.41 ACADx44@58.41 ADBEx44@58.41 

2014-01-09
Cash: 24.38
Held: ABCDx44@58.50 ABACx44@58.50 ACCOx44@58.50 ACADx44@58.50 ADBEx44@58.50 
Value: 12894.38
Sales: ABCDx44@58.50 ABACx44@58.50 ACCOx44@58.50 ACADx44@58.50 ADBEx44@58.50 
Purchases: ABCDx44@58.50 ABACx44@58.50 ACCOx44@58.50 ACADx44@58.50 ADBEx44@58.50 

2014-01-12
Cash: 24.38
Held: ABCDx44@58.78 ABACx44@58.78 ACCOx44@58.78 ACADx44@58.78 ADBEx44@58.78 
Value: 12956.25
Sales: ABCDx44@58.78 ABACx44@58.78 ACCOx44@58.78 ACADx44@58.78 ADBEx44@58.78 
Purchases: ABCDx44@58.78 ABACx44@58.78 ACCOx44@58.78 ACADx44@58.78 ADBEx44@58.78 

2014-01-13
Cash: 24.38
Held: ABCDx44@59.16 ABACx44@59.16 ACCOx44@59.16 ACADx44@59.16 ADBEx44@59.16 
Value: 13038.75
Sales: ABCDx44@59.16 ABACx44@59.16 ACCOx44@59.16 ACADx44@59.16 ADBEx44@59.16 
Purchases: ABCDx44@59.16 ABACx44@59.16 ACCOx44@59.16 ACADx44@59.16 ADBEx44@59.16 

2014-01-14
Cash: 24.38
Held: ABCDx44@59.81 ABACx44@59.81 ACCOx44@59.81 ACADx44@59.81 ADBEx44@59.81 
Value: 13183.12
Sales: ABCDx44@59.81 ABACx44@59.81 ACCOx44@59.81 ACADx44@59.81 ADBEx44@59.81 
Purchases: ABCDx44@59.81 ABACx44@59.81 ACCOx44@59.81 ACADx44@59.81 ADBEx44@59.81 

2014-01-15
Cash: 24.38
Held: ABCDx44@60.25 ABACx44@60.25 ACCOx44@60.25 ACADx44@60.25 ADBEx44@60.25 
Value: 13279.38
Sales: ABCDx44@60.25 ABACx44@60.25 ACCOx44@60.25 ACADx44@60.25 ADBEx44@60.25 
Purchases: ABCDx44@60.25 ABACx44@60.25 ACCOx44@60.25 ACADx44@60.25 ADBEx44@60.25 

2014-01-16
Cash: 24.38
Held: ABCDx44@60.84 ABACx44@60.84 ACCOx44@60.84 ACADx44@60.84 ADBEx44@60.84 
Value: 13410.00
Sales: ABCDx44@60.84 ABACx44@60.84 ACCOx44@60.84 ACADx44@60.84 ADBEx44@60.84 
Purchases: ABCDx44@60.84 ABACx44@60.84 ACCOx44@60.84 ACADx44@60.84 ADBEx44@60.84 

2014-01-20
Cash: 24.38
Held: ABCDx44@60.69 ABACx44@60.69 ACCOx44@60.69 ACADx44@60.69 ADBEx44@60.69 
Value: 13375.62
Sales: ABCDx44@60.69 ABACx44@60.69 ACCOx44@60.69 ACADx44@60.69 ADBEx44@60.69 
Purchases: ABCDx44@60.69 ABACx44@60.69 ACCOx44@60.69 ACADx44@60.69 ADBEx44@60.69 

2014-01-21
Cash: 24.38
Held: ABCDx44@60.81 ABACx44@60.81 ACCOx44@60.81 ACADx44@60.81 ADBEx44@60.81 
Value: 13403.12
Sales: ABCDx44@60.81 ABACx44@60.81 ACCOx44@60.81 ACADx44@60.81 ADBEx44@60.81 
Purchases: ABCDx44@60.81 ABACx44@60.81 ACCOx44@60.81 ACADx44@60.81 ADBEx44@60.81 

2014-01-22
Cash: 24.38
Held: ABCDx44@60.47 ABACx44@60.47 ACCOx44@60.47 ACADx44@60.47 ADBEx44@60.47 
Value: 13327.50
Sales: ABCDx44@60.47 ABACx44@60.47 ACCOx44@60.47 ACADx44@60.47 ADBEx44@60.47 
Purchases: ABCDx44@60.47 ABACx44@60.47 ACCOx44@60.47 ACADx44@60.47 ADBEx44@60.47 

2014-01-23
Cash: 24.38
Held: ABCDx44@59.22 ABACx44@59.22 ACCOx44@59.22 ACADx44@59.22 ADBEx44@59.22 
Value: 13052.50
Sales: ABCDx44@59.22 ABACx44@59.22 ACCOx44@59.22 ACADx44@59.22 ADBEx44@59.22 
Purchases: ABCDx44@59.22 ABACx44@59.22 ACCOx44@59.22 ACADx44@59.22 ADBEx44@59.22 

2014-01-26
Cash: 24.38
Held: ABCDx44@57.91 ABACx44@57.91 ACCOx44@57.91 ACADx44@57.91 ADBEx44@57.91 
Value: 12763.75
Sales: ABCDx44@57.91 ABACx44@57.91 ACCOx44@57.91 ACADx44@57.91 ADBEx44@57.91 
Purchases: ABCDx44@57.91 ABACx44@57.91 ACCOx44@57.91 ACADx44@57.91 ADBEx44@57.91 

2014-01-27
Cash: 24.38
Held: ABCDx44@58.50 ABACx44@58.50 ACCOx44@58.50 ACADx44@58.50 ADBEx44@58.50 
Value: 12894.38
Sales: ABCDx44@58.50 ABACx44@58.50 ACCOx44@58.50 ACADx44@58.50 ADBEx44@58.50 
Purchases: ABCDx44@58.50 ABACx44@58.50 ACCOx44@58.50 ACADx44@58.50 ADBEx44@58.50 

2014-01-28
Cash: 24.38
Held: ABCDx44@57.66 ABACx44@57.66 ACCOx44@57.66 ACADx44@57.66 ADBEx44@57.66 
Value: 12708.75
Sales: ABCDx44@57.66 ABACx44@57.66 ACCOx44@57.66 ACADx44@57.66 ADBEx44@57.66 
Purchases: ABCDx44@57.66 ABACx44@57.66 ACCOx44@57.66 ACADx44@57.66 ADBEx44@57.66 

2014-01-29
Cash: 24.38
Held: ABCDx44@58.41 ABACx44@58.41 ACCOx44@58.41 ACADx44@58.41 ADBEx44@58.41 
Value: 12873.75
Sales: ABCDx44@58.41 ABACx44@58.41 ACCOx44@58.41 ACADx44@58.41 ADBEx44@58.41 
Purchases: ABCDx44@58.41 ABACx44@58.41 ACCOx44@58.41 ACADx44@58.41 ADBEx44@58.41 

2014-01-30
Cash: 24.38
Held: ABCDx44@58.62 ABACx44@58.62 ACCOx44@58.62 ACADx44@58.62 ADBEx44@58.62 
Value: 12921.88
Sales: ABCDx44@58.62 ABACx44@58.62 ACCOx44@58.62 ACADx44@58.62 ADBEx44@58.62 
Purchases: ABCDx44@58.62 ABACx44@58.62 ACCOx44@58.62 ACADx44@58.62 ADBEx44@58.62 

2014-02-02
Cash: 24.38
Held: ABCDx44@58.16 ABACx44@58.16 ACCOx44@58.16 ACADx44@58.16 ADBEx44@58.16 
Value: 12818.75
Sales: ABCDx44@58.16 ABACx44@58.16 ACCOx44@58.16 ACADx44@58.16 ADBEx44@58.16 
Purchases: ABCDx44@58.16 ABACx44@58.16 ACCOx44@58.16 ACADx44@58.16 ADBEx44@58.16 

2014-02-03
Cash: 24.38
Held: ABCDx44@56.31 ABACx44@56.31 ACCOx44@56.31 ACADx44@56.31 ADBEx44@56.31 
Value: 12413.12
Sales: ABCDx44@56.31 ABACx44@56.31 ACCOx44@56.31 ACADx44@56.31 ADBEx44@56.31 
Purchases: ABCDx44@56.31 ABACx44@56.31 ACCOx44@56.31 ACADx44@56.31 ADBEx44@56.31 

2014-02-04
Cash: 24.38
Held: ABCDx44@57.59 ABACx44@57.59 ACCOx44@57.59 ACADx44@57.59 ADBEx44@57.59 
Value: 12695.00
Sales: ABCDx44@57.59 ABACx44@57.59 ACCOx44@57.59 ACADx44@57.59 ADBEx44@57.59 
Purchases: ABCDx44@57.59 ABACx44@57.59 ACCOx44@57.59 ACADx44@57.59 ADBEx44@57.59 

2014-02-05
Cash: 24.38
Held: ABCDx44@57.50 ABACx44@57.50 ACCOx44@57.50 ACADx44@57.50 ADBEx44@57.50 
Value: 12674.38
Sales: ABCDx44@57.50 ABACx44@57.50 ACCOx44@57.50 ACADx44@57.50 ADBEx44@57.50 
Purchases: ABCDx44@57.50 ABACx44@57.50 ACCOx44@57.50 ACADx44@57.50 ADBEx44@57.50 

2014-02-06
Cash: 24.38
Held: ABCDx44@58.47 ABACx44@58.47 ACCOx44@58.47 ACADx44@58.47 ADBEx44@58.47 
Value: 12887.50
Sales: ABCDx44@58.47 ABACx44@58.47 ACCOx44@58.47 ACADx44@58.47 ADBEx44@58.47 
Purchases: ABCDx44@58.47 ABACx44@58.47 ACCOx44@58.47 ACADx44@58.47 ADBEx44@58.47 

2014-02-09
Cash: 24.38
Held: ABCDx44@59.28 ABACx44@59.28 ACCOx44@59.28 ACADx44@59.28 ADBEx44@59.28 
Value: 13066.25
Sales: ABCDx44@59.28 ABACx44@59.28 ACCOx44@59.28 ACADx44@59.28 ADBEx44@59.28 
Purchases: ABCDx44@59.28 ABACx44@59.28 ACCOx44@59.28 ACADx44@59.28 ADBEx44@59.28 

2014-02-10
Cash: 24.38
Held: ABCDx44@59.00 ABACx44@59.00 ACCOx44@59.00 ACADx44@59.00 ADBEx44@59.00 
Value: 13004.38
Sales: ABCDx44@59.00 ABACx44@59.00 ACCOx44@59.00 ACADx44@59.00 ADBEx44@59.00 
Purchases: ABCDx44@59.00 ABACx44@59.00 ACCOx44@59.00 ACADx44@59.00 ADBEx44@59.00 

2014-02-11
Cash: 24.38
Held: ABCDx44@60.00 ABACx44@60.00 ACCOx44@60.00 ACADx44@60.00 ADBEx44@60.00 
Value: 13224.38
Sales: ABCDx44@60.00 ABACx44@60.00 ACCOx44@60.00 ACADx44@60.00 ADBEx44@60.00 
Purchases: ABCDx44@60.00 ABACx44@60.00 ACCOx44@60.00 ACADx44@60.00 ADBEx44@60.00 

2014-02-12
Cash: 24.38
Held: ABCDx44@59.44 ABACx44@59.44 ACCOx44@59.44 ACADx44@59.44 ADBEx44@59.44 
Value: 13100.62
Sales: ABCDx44@59.44 ABACx44@59.44 ACCOx44@59.44 ACADx44@59.44 ADBEx44@59.44 
Purchases: ABCDx44@59.44 ABACx44@59.44 ACCOx44@59.44 ACADx44@59.44 ADBEx44@59.44 

2014-02-13
Cash: 24.38
Held: ABCDx44@57.16 ABACx44@57.16 ACCOx44@57.16 ACADx44@57.16 ADBEx44@57.16 
Value: 12598.75
Sales: ABCDx44@57.16 ABACx44@57.16 ACCOx44@57.16 ACADx44@57.16 ADBEx44@57.16 
Purchases: ABCDx44@57.16 ABACx44@57.16 ACCOx44@57.16 ACADx44@57.16 ADBEx44@57.16 

2014-02-17
Cash: 24.38
Held: ABCDx44@55.38 ABACx44@55.38 ACCOx44@55.38 ACADx44@55.38 ADBEx44@55.38 
Value: 12206.88
Sales: ABCDx44@55.38 ABACx44@55.38 ACCOx44@55.38 ACADx44@55.38 ADBEx44@55.38 
Purchases: ABCDx44@55.38 ABACx44@55.38 ACCOx44@55.38 ACADx44@55.38 ADBEx44@55.38 

2014-02-18
Cash: 24.38
Held: ABCDx44@55.00 ABACx44@55.00 ACCOx44@55.00 ACADx44@55.00 ADBEx44@55.00 
Value: 12124.38
Sales: ABCDx44@55.00 ABACx44@55.00 ACCOx44@55.00 ACADx44@55.00 ADBEx44@55.00 
Purchases: ABCDx44@55.00 ABACx44@55.00 ACCOx44@55.00 ACADx44@55.00 ADBEx44@55.00 

2014-02-19
Cash: 24.38
Held: ABCDx44@56.12 ABACx44@56.12 ACCOx44@56.12 ACADx44@56.12 ADBEx44@56.12 
Value: 12371.88
Sales: ABCDx44@56.12 ABACx44@56.12 ACCOx44@56.12 ACADx44@56.12 ADBEx44@56.12 
Purchases: ABCDx44@56.12 ABACx44@56.12 ACCOx44@56.12 ACADx44@56.12 ADBEx44@56.12 

2014-02-20
Cash: 24.38
Held: ABCDx44@57.25 ABACx44@57.25 ACCOx44@57.25 ACADx44@57.25 ADBEx44@57.25 
Value: 12619.38
Sales: ABCDx44@57.25 ABACx44@57.25 ACCOx44@57.25 ACADx44@57.25 ADBEx44@57.25 
Purchases: ABCDx44@57.25 ABACx44@57.25 ACCOx44@57.25 ACADx44@57.25 ADBEx44@57.25 

2014-02-23
Cash: 24.38
Held: ABCDx44@56.44 ABACx44@56.44 ACCOx44@56.44 ACADx44@56.44 ADBEx44@56.44 
Value: 12440.62
Sales: ABCDx44@56.44 ABACx44@56.44 ACCOx44@56.44 ACADx44@56.44 ADBEx44@56.44 
Purchases: ABCDx44@56.44 ABACx44@56.44 ACCOx44@56.44 ACADx44@56.44 ADBEx44@56.44 

2014-02-24
Cash: 24.38
Held: ABCDx44@56.81 ABACx44@56.81 ACCOx44@56.81 ACADx44@56.81 ADBEx44@56.81 
Value: 12523.12
Sales: ABCDx44@56.81 ABACx44@56.81 ACCOx44@56.81 ACADx44@56.81 ADBEx44@56.81 
Purchases: ABCDx44@56.81 ABACx44@56.81 ACCOx44@56.81 ACADx44@56.81 ADBEx44@56.81 

2014-02-25
Cash: 24.38
Held: ABCDx44@56.97 ABACx44@56.97 ACCOx44@56.97 ACADx44@56.97 ADBEx44@56.97 
Value: 12557.50
Sales: ABCDx44@56.97 ABACx44@56.97 ACCOx44@56.97 ACADx44@56.97 ADBEx44@56.97 
Purchases: ABCDx44@56.97 ABACx44@56.97 ACCOx44@56.97 ACADx44@56.97 ADBEx44@56.97 

2014-02-26
Cash: 24.38
Held: ABCDx44@57.03 ABACx44@57.03 ACCOx44@57.03 ACADx44@57.03 ADBEx44@57.03 
Value: 12571.25
Sales: ABCDx44@57.03 ABACx44@57.03 ACCOx44@57.03 ACADx44@57.03 ADBEx44@57.03 
Purchases: ABCDx44@57.03 ABACx44@57.03 ACCOx44@57.03 ACADx44@57.03 ADBEx44@57.03 

2014-02-27
Cash: 24.38
Held: ABCDx44@56.44 ABACx44@56.44 ACCOx44@56.44 ACADx44@56.44 ADBEx44@56.44 
Value: 12440.62
Sales: ABCDx44@56.44 ABACx44@56.44 ACCOx44@56.44 ACADx44@56.44 ADBEx44@56.44 
Purchases: ABCDx44@56.44 ABACx44@56.44 ACCOx44@56.44 ACADx44@56.44 ADBEx44@56.44 

2014-03-02
Cash: 24.38
Held: ABCDx44@56.12 ABACx44@56.12 ACCOx44@56.12 ACADx44@56.12 ADBEx44@56.12 
Value: 12371.88
Sales: ABCDx44@56.12 ABACx44@56.12 ACCOx44@56.12 ACADx44@56.12 ADBEx44@56.12 
Purchases: ABCDx44@56.12 ABACx44@56.12 ACCOx44@56.12 ACADx44@56.12 ADBEx44@56.12 

2014-03-03
Cash: 24.38
Held: ABCDx44@57.22 ABACx44@57.22 ACCOx44@57.22 ACADx44@57.22 ADBEx44@57.22 
Value: 12612.50
Sales: ABCDx44@57.22 ABACx44@57.22 ACCOx44@57.22 ACADx44@57.22 ADBEx44@57.22 
Purchases: ABCDx44@57.22 ABACx44@57.22 ACCOx44@57.22 ACADx44@57.22 ADBEx44@57.22 

2014-03-04
Cash: 24.38
Held: ABCDx44@57.72 ABACx44@57.72 ACCOx44@57.72 ACADx44@57.72 ADBEx44@57.72 
Value: 12722.50
Sales: ABCDx44@57.72 ABACx44@57.72 ACCOx44@57.72 ACADx44@57.72 ADBEx44@57.72 
Purchases: ABCDx44@57.72 ABACx44@57.72 ACCOx44@57.72 ACADx44@57.72 ADBEx44@57.72 

2014-03-05
Cash: 24.38
Held: ABCDx44@58.38 ABACx44@58.38 ACCOx44@58.38 ACADx44@58.38 ADBEx44@58.38 
Value: 12866.88
Sales: ABCDx44@58.38 ABACx44@58.38 ACCOx44@58.38 ACADx44@58.38 ADBEx44@58.38 
Purchases: ABCDx44@58.38 ABACx44@58.38 ACCOx44@58.38 ACADx44@58.38 ADBEx44@58.38 

2014-03-06
Cash: 24.38
Held: ABCDx44@59.06 ABACx44@59.06 ACCOx44@59.06 ACADx44@59.06 ADBEx44@59.06 
Value: 13018.12
Sales: ABCDx44@59.06 ABACx44@59.06 ACCOx44@59.06 ACADx44@59.06 ADBEx44@59.06 
Purchases: ABCDx44@59.06 ABACx44@59.06 ACCOx44@59.06 ACADx44@59.06 ADBEx44@59.06 

2014-03-09
Cash: 24.38
Held: ABCDx44@58.28 ABACx44@58.28 ACCOx44@58.28 ACADx44@58.28 ADBEx44@58.28 
Value: 12846.25
Sales: ABCDx44@58.28 ABACx44@58.28 ACCOx44@58.28 ACADx44@58.28 ADBEx44@58.28 
Purchases: ABCDx44@58.28 ABACx44@58.28 ACCOx44@58.28 ACADx44@58.28 ADBEx44@58.28 

2014-03-10
Cash: 24.38
Held: ABCDx44@58.22 ABACx44@58.22 ACCOx44@58.22 ACADx44@58.22 ADBEx44@58.22 
Value: 12832.50
Sales: ABCDx44@58.22 ABACx44@58.22 ACCOx44@58.22 ACADx44@58.22 ADBEx44@58.22 
Purchases: ABCDx44@58.22 ABACx44@58.22 ACCOx44@58.22 ACADx44@58.22 ADBEx44@58.22 

2014-03-11
Cash: 24.38
Held: ABCDx44@56.53 ABACx44@56.53 ACCOx44@56.53 ACADx44@56.53 ADBEx44@56.53 
Value: 12461.25
Sales: ABCDx44@56.53 ABACx44@56.53 ACCOx44@56.53 ACADx44@56.53 ADBEx44@56.53 
Purchases: ABCDx44@56.53 ABACx44@56.53 ACCOx44@56.53 ACADx44@56.53 ADBEx44@56.53 

2014-03-12
Cash: 24.38
Held: ABCDx44@57.16 ABACx44@57.16 ACCOx44@57.16 ACADx44@57.16 ADBEx44@57.16 
Value: 12598.75
Sales: ABCDx44@57.16 ABACx44@57.16 ACCOx44@57.16 ACADx44@57.16 ADBEx44@57.16 
Purchases: ABCDx44@57.16 ABACx44@57.16 ACCOx44@57.16 ACADx44@57.16 ADBEx44@57.16 

2014-03-13
Cash: 24.38
Held: ABCDx44@55.62 ABACx44@55.62 ACCOx44@55.62 ACADx44@55.62 ADBEx44@55.62 
Value: 12261.88
Sales: ABCDx44@55.62 ABACx44@55.62 ACCOx44@55.62 ACADx44@55.62 ADBEx44@55.62 
Purchases: ABCDx44@55.62 ABACx44@55.62 ACCOx44@55.62 ACADx44@55.62 ADBEx44@55.62 

2014-03-16
Cash: 24.38
Held: ABCDx44@55.69 ABACx44@55.69 ACCOx44@55.69 ACADx44@55.69 ADBEx44@55.69 
Value: 12275.62
Sales: ABCDx44@55.69 ABACx44@55.69 ACCOx44@55.69 ACADx44@55.69 ADBEx44@55.69 
Purchases: ABCDx44@55.69 ABACx44@55.69 ACCOx44@55.69 ACADx44@55.69 ADBEx44@55.69 

2014-03-17
Cash: 24.38
Held: ABCDx44@55.97 ABACx44@55.97 ACCOx44@55.97 ACADx44@55.97 ADBEx44@55.97 
Value: 12337.50
Sales: ABCDx44@55.97 ABACx44@55.97 ACCOx44@55.97 ACADx44@55.97 ADBEx44@55.97 
Purchases: ABCDx44@55.97 ABACx44@55.97 ACCOx44@55.97 ACADx44@55.97 ADBEx44@55.97 

2014-03-18
Cash: 24.38
Held: ABCDx44@56.72 ABACx44@56.72 ACCOx44@56.72 ACADx44@56.72 ADBEx44@56.72 
Value: 12502.50
Sales: ABCDx44@56.72 ABACx44@56.72 ACCOx44@56.72 ACADx44@56.72 ADBEx44@56.72 
Purchases: ABCDx44@56.72 ABACx44@56.72 ACCOx44@56.72 ACADx44@56.72 ADBEx44@56.72 

2014-03-19
Cash: 24.38
Held: ABCDx44@56.53 ABACx44@56.53 ACCOx44@56.53 ACADx44@56.53 ADBEx44@56.53 
Value: 12461.25
Sales: ABCDx44@56.53 ABACx44@56.53 ACCOx44@56.53 ACADx44@56.53 ADBEx44@56.53 
Purchases: ABCDx44@56.53 ABACx44@56.53 ACCOx44@56.53 ACADx44@56.53 ADBEx44@56.53 

2014-03-20
Cash: 24.38
Held: ABCDx44@57.19 ABACx44@57.19 ACCOx44@57.19 ACADx44@57.19 ADBEx44@57.19 
Value: 12605.62
Sales: ABCDx44@57.19 ABACx44@57.19 ACCOx44@57.19 ACADx44@57.19 ADBEx44@57.19 
Purchases: ABCDx44@57.19 ABACx44@57.19 ACCOx44@57.19 ACADx44@57.19 ADBEx44@57.19 

2014-03-23
Cash: 24.38
Held: ABCDx44@56.09 ABACx44@56.09 ACCOx44@56.09 ACADx44@56.09 ADBEx44@56.09 
Value: 12365.00
Sales: ABCDx44@56.09 ABACx44@56.09 ACCOx44@56.09 ACADx44@56.09 ADBEx44@56.09 
Purchases: ABCDx44@56.09 ABACx44@56.09 ACCOx44@56.09 ACADx44@56.09 ADBEx44@56.09 

2014-03-24
Cash: 24.38
Held: ABCDx44@55.50 ABACx44@55.50 ACCOx44@55.50 ACADx44@55.50 ADBEx44@55.50 
Value: 12234.38
Sales: ABCDx44@55.50 ABACx44@55.50 ACCOx44@55.50 ACADx44@55.50 ADBEx44@55.50 
Purchases: ABCDx44@55.50 ABACx44@55.50 ACCOx44@55.50 ACADx44@55.50 ADBEx44@55.50 

2014-03-25
Cash: 24.38
Held: ABCDx44@55.41 ABACx44@55.41 ACCOx44@55.41 ACADx44@55.41 ADBEx44@55.41 
Value: 12213.75
Sales: ABCDx44@55.41 ABACx44@55.41 ACCOx44@55.41 ACADx44@55.41 ADBEx44@55.41 
Purchases: ABCDx44@55.41 ABACx44@55.41 ACCOx44@55.41 ACADx44@55.41 ADBEx44@55.41 

2014-03-26
Cash: 24.38
Held: ABCDx44@55.59 ABACx44@55.59 ACCOx44@55.59 ACADx44@55.59 ADBEx44@55.59 
Value: 12255.00
Sales: ABCDx44@55.59 ABACx44@55.59 ACCOx44@55.59 ACADx44@55.59 ADBEx44@55.59 
Purchases: ABCDx44@55.59 ABACx44@55.59 ACCOx44@55.59 ACADx44@55.59 ADBEx44@55.59 

2014-03-27
Cash: 24.38
Held: ABCDx44@54.84 ABACx44@54.84 ACCOx44@54.84 ACADx44@54.84 ADBEx44@54.84 
Value: 12090.00
Sales: ABCDx44@54.84 ABACx44@54.84 ACCOx44@54.84 ACADx44@54.84 ADBEx44@54.84 
Purchases: ABCDx44@54.84 ABACx44@54.84 ACCOx44@54.84 ACADx44@54.84 ADBEx44@54.84 

2014-03-30
Cash: 24.38
Held: ABCDx44@54.97 ABACx44@54.97 ACCOx44@54.97 ACADx44@54.97 ADBEx44@54.97 
Value: 12117.50
Sales: ABCDx44@54.97 ABACx44@54.97 ACCOx44@54.97 ACADx44@54.97 ADBEx44@54.97 
Purchases: ABCDx44@54.97 ABACx44@54.97 ACCOx44@54.97 ACADx44@54.97 ADBEx44@54.97 

2014-03-31
Cash: 24.38
Held: ABCDx44@56.19 ABACx44@56.19 ACCOx44@56.19 ACADx44@56.19 ADBEx44@56.19 
Value: 12385.62
Sales: ABCDx44@56.19 ABACx44@56.19 ACCOx44@56.19 ACADx44@56.19 ADBEx44@56.19 
Purchases: ABCDx44@56.19 ABACx44@56.19 ACCOx44@56.19 ACADx44@56.19 ADBEx44@56.19 

2014-04-01
Cash: 24.38
Held: ABCDx44@56.41 ABACx44@56.41 ACCOx44@56.41 ACADx44@56.41 ADBEx44@56.41 
Value: 12433.75
Sales: ABCDx44@56.41 ABACx44@56.41 ACCOx44@56.41 ACADx44@56.41 ADBEx44@56.41 
Purchases: ABCDx44@56.41 ABACx44@56.41 ACCOx44@56.41 ACADx44@56.41 ADBEx44@56.41 

2014-04-02
Cash: 24.38
Held: ABCDx44@56.78 ABACx44@56.78 ACCOx44@56.78 ACADx44@56.78 ADBEx44@56.78 
Value: 12516.25
Sales: ABCDx44@56.78 ABACx44@56.78 ACCOx44@56.78 ACADx44@56.78 ADBEx44@56.78 
Purchases: ABCDx44@56.78 ABACx44@56.78 ACCOx44@56.78 ACADx44@56.78 ADBEx44@56.78 

2014-04-03
Cash: 24.38
Held: ABCDx44@57.09 ABACx44@57.09 ACCOx44@57.09 ACADx44@57.09 ADBEx44@57.09 
Value: 12585.00
Sales: ABCDx44@57.09 ABACx44@57.09 ACCOx44@57.09 ACADx44@57.09 ADBEx44@57.09 
Purchases: ABCDx44@57.09 ABACx44@57.09 ACCOx44@57.09 ACADx44@57.09 ADBEx44@57.09 

2014-04-06
Cash: 24.38
Held: ABCDx44@55.56 ABACx44@55.56 ACCOx44@55.56 ACADx44@55.56 ADBEx44@55.56 
Value: 12248.12
Sales: ABCDx44@55.56 ABACx44@55.56 ACCOx44@55.56 ACADx44@55.56 ADBEx44@55.56 
Purchases: ABCDx44@55.56 ABACx44@55.56 ACCOx44@55.56 ACADx44@55.56 ADBEx44@55.56 

2014-04-07
Cash: 24.38
Held: ABCDx44@54.22 ABACx44@54.22 ACCOx44@54.22 ACADx44@54.22 ADBEx44@54.22 
Value: 11952.50
Sales: ABCDx44@54.22 ABACx44@54.22 ACCOx44@54.22 ACADx44@54.22 ADBEx44@54.22 
Purchases: ABCDx44@54.22 ABACx44@54.22 ACCOx44@54.22 ACADx44@54.22 ADBEx44@54.22 

2014-04-08
Cash: 24.38
Held: ABCDx44@55.44 ABACx44@55.44 ACCOx44@55.44 ACADx44@55.44 ADBEx44@55.44 
Value: 12220.62
Sales: ABCDx44@55.44 ABACx44@55.44 ACCOx44@55.44 ACADx44@55.44 ADBEx44@55.44 
Purchases: ABCDx44@55.44 ABACx44@55.44 ACCOx44@55.44 ACADx44@55.44 ADBEx44@55.44 

2014-04-09
Cash: 24.38
Held: ABCDx44@55.56 ABACx44@55.56 ACCOx44@55.56 ACADx44@55.56 ADBEx44@55.56 
Value: 12248.12
Sales: ABCDx44@55.56 ABACx44@55.56 ACCOx44@55.56 ACADx44@55.56 ADBEx44@55.56 
Purchases: ABCDx44@55.56 ABACx44@55.56 ACCOx44@55.56 ACADx44@55.56 ADBEx44@55.56 

2014-04-10
Cash: 24.38
Held: ABCDx44@53.69 ABACx44@53.69 ACCOx44@53.69 ACADx44@53.69 ADBEx44@53.69 
Value: 11835.62
Sales: ABCDx44@53.69 ABACx44@53.69 ACCOx44@53.69 ACADx44@53.69 ADBEx44@53.69 
Purchases: ABCDx44@53.69 ABACx44@53.69 ACCOx44@53.69 ACADx44@53.69 ADBEx44@53.69 

2014-04-13
Cash: 24.38
Held: ABCDx44@53.19 ABACx44@53.19 ACCOx44@53.19 ACADx44@53.19 ADBEx44@53.19 
Value: 11725.62
Sales: ABCDx44@53.19 ABACx44@53.19 ACCOx44@53.19 ACADx44@53.19 ADBEx44@53.19 
Purchases: ABCDx44@53.19 ABACx44@53.19 ACCOx44@53.19 ACADx44@53.19 ADBEx44@53.19 

2014-04-14
Cash: 24.38
Held: ABCDx44@52.84 ABACx44@52.84 ACCOx44@52.84 ACADx44@52.84 ADBEx44@52.84 
Value: 11650.00
Sales: ABCDx44@52.84 ABACx44@52.84 ACCOx44@52.84 ACADx44@52.84 ADBEx44@52.84 
Purchases: ABCDx44@52.84 ABACx44@52.84 ACCOx44@52.84 ACADx44@52.84 ADBEx44@52.84 

2014-04-15
Cash: 24.38
Held: ABCDx44@53.56 ABACx44@53.56 ACCOx44@53.56 ACADx44@53.56 ADBEx44@53.56 
Value: 11808.12
Sales: ABCDx44@53.56 ABACx44@53.56 ACCOx44@53.56 ACADx44@53.56 ADBEx44@53.56 
Purchases: ABCDx44@53.56 ABACx44@53.56 ACCOx44@53.56 ACADx44@53.56 ADBEx44@53.56 

2014-04-16
Cash: 24.38
Held: ABCDx44@53.75 ABACx44@53.75 ACCOx44@53.75 ACADx44@53.75 ADBEx44@53.75 
Value: 11849.38
Sales: ABCDx44@53.75 ABACx44@53.75 ACCOx44@53.75 ACADx44@53.75 ADBEx44@53.75 
Purchases: ABCDx44@53.75 ABACx44@53.75 ACCOx44@53.75 ACADx44@53.75 ADBEx44@53.75 

2014-04-20
Cash: 24.38
Held: ABCDx44@54.62 ABACx44@54.62 ACCOx44@54.62 ACADx44@54.62 ADBEx44@54.62 
Value: 12041.88
Sales: ABCDx44@54.62 ABACx44@54.62 ACCOx44@54.62 ACADx44@54.62 ADBEx44@54.62 
Purchases: ABCDx44@54.62 ABACx44@54.62 ACCOx44@54.62 ACADx44@54.62 ADBEx44@54.62 

2014-04-21
Cash: 24.38
Held: ABCDx44@54.69 ABACx44@54.69 ACCOx44@54.69 ACADx44@54.69 ADBEx44@54.69 
Value: 12055.62
Sales: ABCDx44@54.69 ABACx44@54.69 ACCOx44@54.69 ACADx44@54.69 ADBEx44@54.69 
Purchases: ABCDx44@54.69 ABACx44@54.69 ACCOx44@54.69 ACADx44@54.69 ADBEx44@54.69 

2014-04-22
Cash: 24.38
Held: ABCDx44@54.84 ABACx44@54.84 ACCOx44@54.84 ACADx44@54.84 ADBEx44@54.84 
Value: 12090.00
Sales: ABCDx44@54.84 ABACx44@54.84 ACCOx44@54.84 ACADx44@54.84 ADBEx44@54.84 
Purchases: ABCDx44@54.84 ABACx44@54.84 ACCOx44@54.84 ACADx44@54.84 ADBEx44@54.84 

2014-04-23
Cash: 24.38
Held: ABCDx44@55.22 ABACx44@55.22 ACCOx44@55.22 ACADx44@55.22 ADBEx44@55.22 
Value: 12172.50
Sales: ABCDx44@55.22 ABACx44@55.22 ACCOx44@55.22 ACADx44@55.22 ADBEx44@55.22 
Purchases: ABCDx44@55.22 ABACx44@55.22 ACCOx44@55.22 ACADx44@55.22 ADBEx44@55.22 

2014-04-24
Cash: 24.38
Held: ABCDx44@55.25 ABACx44@55.25 ACCOx44@55.25 ACADx44@55.25 ADBEx44@55.25 
Value: 12179.38
Sales: ABCDx44@55.25 ABACx44@55.25 ACCOx44@55.25 ACADx44@55.25 ADBEx44@55.25 
Purchases: ABCDx44@55.25 ABACx44@55.25 ACCOx44@55.25 ACADx44@55.25 ADBEx44@55.25 

2014-04-27
Cash: 24.38
Held: ABCDx44@54.84 ABACx44@54.84 ACCOx44@54.84 ACADx44@54.84 ADBEx44@54.84 
Value: 12090.00
Sales: ABCDx44@54.84 ABACx44@54.84 ACCOx44@54.84 ACADx44@54.84 ADBEx44@54.84 
Purchases: ABCDx44@54.84 ABACx44@54.84 ACCOx44@54.84 ACADx44@54.84 ADBEx44@54.84 

2014-04-28
Cash: 24.38
Held: ABCDx44@53.28 ABACx44@53.28 ACCOx44@53.28 ACADx44@53.28 ADBEx44@53.28 
Value: 11746.25
Sales: ABCDx44@53.28 ABACx44@53.28 ACCOx44@53.28 ACADx44@53.28 ADBEx44@53.28 
Purchases: ABCDx44@53.28 ABACx44@53.28 ACCOx44@53.28 ACADx44@53.28 ADBEx44@53.28 

2014-04-29
Cash: 24.38
Held: ABCDx44@53.44 ABACx44@53.44 ACCOx44@53.44 ACADx44@53.44 ADBEx44@53.44 
Value: 11780.62
Sales: ABCDx44@53.44 ABACx44@53.44 ACCOx44@53.44 ACADx44@53.44 ADBEx44@53.44 
Purchases: ABCDx44@53.44 ABACx44@53.44 ACCOx44@53.44 ACADx44@53.44 ADBEx44@53.44 

2014-04-30
Cash: 24.38
Held: ABCDx44@53.94 ABACx44@53.94 ACCOx44@53.94 ACADx44@53.94 ADBEx44@53.94 
Value: 11890.62
Sales: ABCDx44@53.94 ABACx44@53.94 ACCOx44@53.94 ACADx44@53.94 ADBEx44@53.94 
Purchases: ABCDx44@53.94 ABACx44@53.94 ACCOx44@53.94 ACADx44@53.94 ADBEx44@53.94 

2014-05-01
Cash: 24.38
Held: ABCDx44@54.50 ABACx44@54.50 ACCOx44@54.50 ACADx44@54.50 ADBEx44@54.50 
Value: 12014.38
Sales: ABCDx44@54.50 ABACx44@54.50 ACCOx44@54.50 ACADx44@54.50 ADBEx44@54.50 
Purchases: ABCDx44@54.50 ABACx44@54.50 ACCOx44@54.50 ACADx44@54.50 ADBEx44@54.50 

2014-05-04
Cash: 24.38
Held: ABCDx44@54.31 ABACx44@54.31 ACCOx44@54.31 ACADx44@54.31 ADBEx44@54.31 
Value: 11973.12
Sales: ABCDx44@54.31 ABACx44@54.31 ACCOx44@54.31 ACADx44@54.31 ADBEx44@54.31 
Purchases: ABCDx44@54.31 ABACx44@54.31 ACCOx44@54.31 ACADx44@54.31 ADBEx44@54.31 

2014-05-05
Cash: 24.38
Held: ABCDx44@55.09 ABACx44@55.09 ACCOx44@55.09 ACADx44@55.09 ADBEx44@55.09 
Value: 12145.00
Sales: ABCDx44@55.09 ABACx44@55.09 ACCOx44@55.09 ACADx44@55.09 ADBEx44@55.09 
Purchases: ABCDx44@55.09 ABACx44@55.09 ACCOx44@55.09 ACADx44@55.09 ADBEx44@55.09 

2014-05-06
Cash: 24.38
Held: ABCDx44@55.12 ABACx44@55.12 ACCOx44@55.12 ACADx44@55.12 ADBEx44@55.12 
Value: 12151.88
Sales: ABCDx44@55.12 ABACx44@55.12 ACCOx44@55.12 ACADx44@55.12 ADBEx44@55.12 
Purchases: ABCDx44@55.12 ABACx44@55.12 ACCOx44@55.12 ACADx44@55.12 ADBEx44@55.12 

2014-05-07
Cash: 24.38
Held: ABCDx44@55.03 ABACx44@55.03 ACCOx44@55.03 ACADx44@55.03 ADBEx44@55.03 
Value: 12131.25
Sales: ABCDx44@55.03 ABACx44@55.03 ACCOx44@55.03 ACADx44@55.03 ADBEx44@55.03 
Purchases: ABCDx44@55.03 ABACx44@55.03 ACCOx44@55.03 ACADx44@55.03 ADBEx44@55.03 

2014-05-08
Cash: 24.38
Held: ABCDx44@55.25 ABACx44@55.25 ACCOx44@55.25 ACADx44@55.25 ADBEx44@55.25 
Value: 12179.38
Sales: ABCDx44@55.25 ABACx44@55.25 ACCOx44@55.25 ACADx44@55.25 ADBEx44@55.25 
Purchases: ABCDx44@55.25 ABACx44@55.25 ACCOx44@55.25 ACADx44@55.25 ADBEx44@55.25 

2014-05-11
Cash: 24.38
Held: ABCDx44@55.59 ABACx44@55.59 ACCOx44@55.59 ACADx44@55.59 ADBEx44@55.59 
Value: 12255.00
Sales: ABCDx44@55.59 ABACx44@55.59 ACCOx44@55.59 ACADx44@55.59 ADBEx44@55.59 
Purchases: ABCDx44@55.59 ABACx44@55.59 ACCOx44@55.59 ACADx44@55.59 ADBEx44@55.59 

2014-05-12
Cash: 24.38
Held: ABCDx44@56.62 ABACx44@56.62 ACCOx44@56.62 ACADx44@56.62 ADBEx44@56.62 
Value: 12481.88
Sales: ABCDx44@56.62 ABACx44@56.62 ACCOx44@56.62 ACADx44@56.62 ADBEx44@56.62 
Purchases: ABCDx44@56.62 ABACx44@56.62 ACCOx44@56.62 ACADx44@56.62 ADBEx44@56.62 

2014-05-13
Cash: 24.38
Held: ABCDx44@56.78 ABACx44@56.78 ACCOx44@56.78 ACADx44@56.78 ADBEx44@56.78 
Value: 12516.25
Sales: ABCDx44@56.78 ABACx44@56.78 ACCOx44@56.78 ACADx44@56.78 ADBEx44@56.78 
Purchases: ABCDx44@56.78 ABACx44@56.78 ACCOx44@56.78 ACADx44@56.78 ADBEx44@56.78 

2014-05-14
Cash: 24.38
Held: ABCDx44@54.59 ABACx44@54.59 ACCOx44@54.59 ACADx44@54.59 ADBEx44@54.59 
Value: 12035.00
Sales: ABCDx44@54.59 ABACx44@54.59 ACCOx44@54.59 ACADx44@54.59 ADBEx44@54.59 
Purchases: ABCDx44@54.59 ABACx44@54.59 ACCOx44@54.59 ACADx44@54.59 ADBEx44@54.59 

2014-05-15
Cash: 24.38
Held: ABCDx44@54.38 ABACx44@54.38 ACCOx44@54.38 ACADx44@54.38 ADBEx44@54.38 
Value: 11986.88
Sales: ABCDx44@54.38 ABACx44@54.38 ACCOx44@54.38 ACADx44@54.38 ADBEx44@54.38 
Purchases: ABCDx44@54.38 ABACx44@54.38 ACCOx44@54.38 ACADx44@54.38 ADBEx44@54.38 

2014-05-18
Cash: 24.38
Held: ABCDx44@54.91 ABACx44@54.91 ACCOx44@54.91 ACADx44@54.91 ADBEx44@54.91 
Value: 12103.75
Sales: ABCDx44@54.91 ABACx44@54.91 ACCOx44@54.91 ACADx44@54.91 ADBEx44@54.91 
Purchases: ABCDx44@54.91 ABACx44@54.91 ACCOx44@54.91 ACADx44@54.91 ADBEx44@54.91 

2014-05-19
Cash: 24.38
Held: ABCDx44@54.88 ABACx44@54.88 ACCOx44@54.88 ACADx44@54.88 ADBEx44@54.88 
Value: 12096.88
Sales: ABCDx44@54.88 ABACx44@54.88 ACCOx44@54.88 ACADx44@54.88 ADBEx44@54.88 
Purchases: ABCDx44@54.88 ABACx44@54.88 ACCOx44@54.88 ACADx44@54.88 ADBEx44@54.88 

2014-05-20
Cash: 24.38
Held: ABCDx44@54.59 ABACx44@54.59 ACCOx44@54.59 ACADx44@54.59 ADBEx44@54.59 
Value: 12035.00
Sales: ABCDx44@54.59 ABACx44@54.59 ACCOx44@54.59 ACADx44@54.59 ADBEx44@54.59 
Purchases: ABCDx44@54.59 ABACx44@54.59 ACCOx44@54.59 ACADx44@54.59 ADBEx44@54.59 

2014-05-21
Cash: 24.38
Held: ABCDx44@55.00 ABACx44@55.00 ACCOx44@55.00 ACADx44@55.00 ADBEx44@55.00 
Value: 12124.38
Sales: ABCDx44@55.00 ABACx44@55.00 ACCOx44@55.00 ACADx44@55.00 ADBEx44@55.00 
Purchases: ABCDx44@55.00 ABACx44@55.00 ACCOx44@55.00 ACADx44@55.00 ADBEx44@55.00 

2014-05-22
Cash: 24.38
Held: ABCDx44@55.66 ABACx44@55.66 ACCOx44@55.66 ACADx44@55.66 ADBEx44@55.66 
Value: 12268.75
Sales: ABCDx44@55.66 ABACx44@55.66 ACCOx44@55.66 ACADx44@55.66 ADBEx44@55.66 
Purchases: ABCDx44@55.66 ABACx44@55.66 ACCOx44@55.66 ACADx44@55.66 ADBEx44@55.66 

2014-05-26
Cash: 24.38
Held: ABCDx44@56.31 ABACx44@56.31 ACCOx44@56.31 ACADx44@56.31 ADBEx44@56.31 
Value: 12413.12
Sales: ABCDx44@56.31 ABACx44@56.31 ACCOx44@56.31 ACADx44@56.31 ADBEx44@56.31 
Purchases: ABCDx44@56.31 ABACx44@56.31 ACCOx44@56.31 ACADx44@56.31 ADBEx44@56.31 

2014-05-27
Cash: 24.38
Held: ABCDx44@56.41 ABACx44@56.41 ACCOx44@56.41 ACADx44@56.41 ADBEx44@56.41 
Value: 12433.75
Sales: ABCDx44@56.41 ABACx44@56.41 ACCOx44@56.41 ACADx44@56.41 ADBEx44@56.41 
Purchases: ABCDx44@56.41 ABACx44@56.41 ACCOx44@56.41 ACADx44@56.41 ADBEx44@56.41 

2014-05-28
Cash: 24.38
Held: ABCDx44@57.19 ABACx44@57.19 ACCOx44@57.19 ACADx44@57.19 ADBEx44@57.19 
Value: 12605.62
Sales: ABCDx44@57.19 ABACx44@57.19 ACCOx44@57.19 ACADx44@57.19 ADBEx44@57.19 
Purchases: ABCDx44@57.19 ABACx44@57.19 ACCOx44@57.19 ACADx44@57.19 ADBEx44@57.19 

2014-05-29
Cash: 24.38
Held: ABCDx44@56.88 ABACx44@56.88 ACCOx44@56.88 ACADx44@56.88 ADBEx44@56.88 
Value: 12536.88
Sales: ABCDx44@56.88 ABACx44@56.88 ACCOx44@56.88 ACADx44@56.88 ADBEx44@56.88 
Purchases: ABCDx44@56.88 ABACx44@56.88 ACCOx44@56.88 ACADx44@56.88 ADBEx44@56.88 

2014-06-01
Cash: 24.38
Held: ABCDx44@56.97 ABACx44@56.97 ACCOx44@56.97 ACADx44@56.97 ADBEx44@56.97 
Value: 12557.50
Sales: ABCDx44@56.97 ABACx44@56.97 ACCOx44@56.97 ACADx44@56.97 ADBEx44@56.97 
Purchases: ABCDx44@56.97 ABACx44@56.97 ACCOx44@56.97 ACADx44@56.97 ADBEx44@56.97 

2014-06-02
Cash: 24.38
Held: ABCDx44@56.72 ABACx44@56.72 ACCOx44@56.72 ACADx44@56.72 ADBEx44@56.72 
Value: 12502.50
Sales: ABCDx44@56.72 ABACx44@56.72 ACCOx44@56.72 ACADx44@56.72 ADBEx44@56.72 
Purchases: ABCDx44@56.72 ABACx44@56.72 ACCOx44@56.72 ACADx44@56.72 ADBEx44@56.72 

2014-06-03
Cash: 24.38
Held: ABCDx44@57.03 ABACx44@57.03 ACCOx44@57.03 ACADx44@57.03 ADBEx44@57.03 
Value: 12571.25
Sales: ABCDx44@57.03 ABACx44@57.03 ACCOx44@57.03 ACADx44@57.03 ADBEx44@57.03 
Purchases: ABCDx44@57.03 ABACx44@57.03 ACCOx44@57.03 ACADx44@57.03 ADBEx44@57.03 

2014-06-04
Cash: 24.38
Held: ABCDx44@57.44 ABACx44@57.44 ACCOx44@57.44 ACADx44@57.44 ADBEx44@57.44 
Value: 12660.62
Sales: ABCDx44@57.44 ABACx44@57.44 ACCOx44@57.44 ACADx44@57.44 ADBEx44@57.44 
Purchases: ABCDx44@57.44 ABACx44@57.44 ACCOx44@57.44 ACADx44@57.44 ADBEx44@57.44 

