2013-11-12
Cash: 10000.00
Held: 
Value: 10000.00
Sales: 
Purchases: APDNx304@6.57 YUMAx397@5.03 SRPTx152@13.11 HSKAx289@6.91 RNVAx474@4.22 

2013-11-13
Cash: 15.87
Held: APDNx304@6.85 SRPTx152@12.84 HSKAx289@7.50 RNVAx474@3.82 YUMAx397@5.16 
Value: 10077.91
Sales: YUMAx397@5.16 HSKAx289@7.50 SRPTx152@12.84 APDNx304@6.85 RNVAx474@3.82 
Purchases: SRPTx156@12.84 PERYx133@15.12 HNRx709@2.84 CDXSx1371@1.47 PEIXx746@2.70 

2013-11-14
Cash: 21.63
Held: HNRx709@2.90 SRPTx156@14.57 PERYx133@14.89 PEIXx746@2.42 CDXSx1371@1.34 
Value: 9973.62
Sales: SRPTx156@14.57 PERYx133@14.89 HNRx709@2.90 CDXSx1371@1.34 PEIXx746@2.42 
Purchases: AEYx720@2.77 CWCOx171@11.61 PRCPx194@10.25 CADCx398@5.00 TTNPx2462@0.81 

2013-11-17
Cash: 21.49
Held: AEYx720@2.72 TTNPx2462@0.80 CWCOx171@11.54 CADCx398@5.21 PRCPx194@10.63 
Value: 10059.41
Sales: AEYx720@2.72 CWCOx171@11.54 CADCx398@5.21 TTNPx2462@0.80 PRCPx194@10.63 
Purchases: CETx96@20.95 SMKx87@22.95 SUMRx981@2.05 NUROx878@2.29 ENGx1407@1.43 

2013-11-18
Cash: 17.81
Held: NUROx878@2.14 ENGx1407@1.55 SMKx87@23.05 CETx96@20.81 SUMRx981@2.02 
Value: 10062.09
Sales: CETx96@20.81 SMKx87@23.05 SUMRx981@2.02 NUROx878@2.14 ENGx1407@1.55 
Purchases: SNFCAx462@4.35 ARCWx153@13.12 SUMRx996@2.02 FPPx485@4.15 CREGx539@3.73 

2013-11-19
Cash: 10.57
Held: CREGx539@3.35 ARCWx153@9.12 SUMRx996@2.10 SNFCAx462@4.41 FPPx485@4.16 
Value: 9357.32
Sales: SNFCAx462@4.41 ARCWx153@9.12 SUMRx996@2.10 FPPx485@4.16 CREGx539@3.35 
Purchases: GNVCx1336@1.40 CLNTx351@5.32 BSPMx126@14.77 IFONx2430@0.77 CNTYx398@4.69 

2013-11-20
Cash: 19.19
Held: CNTYx398@4.72 IFONx2430@0.76 CLNTx351@5.26 GNVCx1336@1.46 BSPMx126@13.86 
Value: 9287.13
Sales: IFONx2430@0.76 CLNTx351@5.26 BSPMx126@13.86 GNVCx1336@1.46 CNTYx398@4.72 
Purchases: ROXx2322@0.80 ARCWx233@7.94 ADMPx9289@0.20 AHTx218@8.51 AEZSx17@105.00 

2013-11-21
Cash: 82.59
Held: AHTx218@8.54 ARCWx233@8.58 ADMPx9289@0.22 ROXx2322@0.80 AEZSx17@104.00 
Value: 9611.26
Sales: ROXx2322@0.80 ARCWx233@8.58 ADMPx9289@0.22 AHTx218@8.54 AEZSx17@104.00 
Purchases: SGOCx427@4.50 INDLx42@45.19 SAx258@7.44 IPCIx478@4.02 NVGSx96@20.00 

2013-11-24
Cash: 30.67
Held: SGOCx427@4.17 NVGSx96@20.09 SAx258@7.11 IPCIx478@3.76 INDLx42@48.81 
Value: 9422.57
Sales: SGOCx427@4.17 INDLx42@48.81 SAx258@7.11 IPCIx478@3.76 NVGSx96@20.09 
Purchases: SGOCx451@4.17 DGLYx229@8.23 NLSTx3194@0.59 AMRNx1058@1.78 TTNPx2545@0.74 

2013-11-25
Cash: 5.79
Held: AMRNx1058@1.89 SGOCx451@3.82 TTNPx2545@0.75 NLSTx3194@0.58 DGLYx229@7.51 
Value: 9209.70
Sales: SGOCx451@3.82 AMRNx1058@1.89 NLSTx3194@0.58 DGLYx229@7.51 TTNPx2545@0.75 
Purchases: VUZIx825@2.23 GMOx1574@1.17 SHIPx2166@0.85 NFECx1165@1.58 IDSAx800@2.30 

2013-11-26
Cash: 5.38
Held: SHIPx2166@0.90 NFECx1165@1.58 GMOx1574@1.11 IDSAx800@2.34 VUZIx825@2.28 
Value: 9295.34
Sales: VUZIx825@2.28 GMOx1574@1.11 SHIPx2166@0.90 NFECx1165@1.58 IDSAx800@2.34 
Purchases: MTEXx88@21.02 CJJDx2213@0.84 IGLDx185@10.04 URREx597@3.11 JASOx192@9.65 

2013-11-28
Cash: 21.37
Held: CJJDx2213@0.90 IGLDx185@10.77 MTEXx88@21.00 JASOx192@9.83 URREx597@3.30 
Value: 9711.51
Sales: IGLDx185@10.77 CJJDx2213@0.90 MTEXx88@21.00 URREx597@3.30 JASOx192@9.83 
Purchases: TCCOx273@7.10 GNVCx1135@1.71 ARLx431@4.50 BSPMx157@12.32 CAMTx554@3.50 

2013-12-01
Cash: 19.19
Held: CAMTx554@4.55 GNVCx1135@1.68 TCCOx273@7.13 BSPMx157@13.30 ARLx431@4.66 
Value: 10489.09
Sales: TCCOx273@7.13 GNVCx1135@1.68 BSPMx157@13.30 ARLx431@4.66 CAMTx554@4.55 
Purchases: ELTKx773@2.71 AVNWx69@30.36 OBASx381@5.50 FTNTx122@17.11 MLMx21@96.38 

2013-12-02
Cash: 92.02
Held: MLMx21@97.44 OBASx381@5.69 AVNWx69@28.20 FTNTx122@17.23 ELTKx773@2.73 
Value: 10465.90
Sales: AVNWx69@28.20 ELTKx773@2.73 OBASx381@5.69 FTNTx122@17.23 MLMx21@97.44 
Purchases: NRCIBx63@32.88 IRx37@55.34 CAPRx930@2.25 AMTXx909@2.30 CREGx573@3.65 

2013-12-03
Cash: 71.47
Held: NRCIBx63@33.00 CREGx573@3.99 CAPRx930@2.50 IRx37@55.62 AMTXx909@2.40 
Value: 11001.95
Sales: IRx37@55.62 CREGx573@3.99 AMTXx909@2.40 CAPRx930@2.50 NRCIBx63@33.00 
Purchases: GMANx255@8.60 RFILx216@10.16 EDNx319@6.89 CIEx126@17.39 RILYx12220@0.18 

2013-12-04
Cash: 25.22
Held: EDNx319@6.89 RFILx216@9.68 RILYx12220@0.20 GMANx255@8.06 CIEx126@17.64 
Value: 11036.20
Sales: GMANx255@8.06 RFILx216@9.68 EDNx319@6.89 CIEx126@17.64 RILYx12220@0.20 
Purchases: EXPRx115@19.16 LDOSx54@40.44 SRNEx256@8.61 SHLDx44@50.09 CUBAx281@7.85 

2013-12-05
Cash: 35.19
Held: EXPRx115@19.27 SHLDx44@51.75 LDOSx54@41.56 SRNEx256@8.70 CUBAx281@7.78 
Value: 11186.65
Sales: EXPRx115@19.27 LDOSx54@41.56 SRNEx256@8.70 SHLDx44@51.75 CUBAx281@7.78 
Purchases: EMITFx114@19.59 VLGEAx65@34.16 SNOAx516@4.33 GBRx1118@2.00 SOLx628@3.56 

2013-12-08
Cash: 27.47
Held: SNOAx516@4.50 VLGEAx65@33.53 SOLx628@2.96 EMITFx114@21.41 GBRx1118@2.00 
Value: 11064.78
Sales: EMITFx114@21.41 VLGEAx65@33.53 SNOAx516@4.50 GBRx1118@2.00 SOLx628@2.96 
Purchases: CBMXx3@677.00 CALIx585@3.78 SEACx183@12.07 IOCx37@58.50 NWYx520@4.25 

2013-12-09
Cash: 239.52
Held: CALIx585@3.79 IOCx37@61.12 NWYx520@4.24 SEACx183@11.47 CBMXx3@684.00 
Value: 11072.44
Sales: SEACx183@11.47 CALIx585@3.79 CBMXx3@684.00 IOCx37@61.12 NWYx520@4.24 
Purchases: RFILx247@8.95 GERNx385@5.75 SOLx750@2.95 SMx26@84.00 FSNNx22150@0.10 

2013-12-10
Cash: 36.89
Held: GERNx385@5.17 RFILx247@9.10 SMx26@83.62 SOLx750@3.06 FSNNx22150@0.10 
Value: 10960.27
Sales: RFILx247@9.10 GERNx385@5.17 SOLx750@3.06 SMx26@83.62 FSNNx22150@0.10 
Purchases: YTENx1521@1.44 GBRx1378@1.59 INFIx146@14.93 ARRYx431@5.08 CRISx788@2.78 

2013-12-11
Cash: 20.08
Held: YTENx1521@1.33 INFIx146@13.29 CRISx788@2.50 ARRYx431@4.90 GBRx1378@1.64 
Value: 10323.99
Sales: YTENx1521@1.33 GBRx1378@1.64 ARRYx431@4.90 INFIx146@13.29 CRISx788@2.50 
Purchases: SHIx74@27.72 CENTAx307@6.71 INVTx1720@1.20 GRCx67@30.80 NUROx697@2.96 

2013-12-12
Cash: 21.05
Held: NUROx697@3.18 INVTx1720@1.20 CENTAx307@6.32 GRCx67@30.66 SHIx74@28.53 
Value: 10407.24
Sales: SHIx74@28.53 CENTAx307@6.32 INVTx1720@1.20 GRCx67@30.66 NUROx697@3.18 
Purchases: AEHRx816@2.55 FRPHx56@36.62 LIVEx603@3.45 SIGMx464@4.48 INFIx156@13.26 

2013-12-15
Cash: 47.77
Held: FRPHx56@36.66 LIVEx603@3.41 SIGMx464@4.48 AEHRx816@2.85 INFIx156@13.01 
Value: 10590.28
Sales: AEHRx816@2.85 SIGMx464@4.48 LIVEx603@3.41 FRPHx56@36.66 INFIx156@13.01 
Purchases: HRTx605@3.50 SWZx157@13.41 NLx202@10.48 TROVx428@4.94 SNOAx543@3.90 

2013-12-16
Cash: 18.90
Held: SNOAx543@3.88 HRTx605@3.49 NLx202@10.34 SWZx157@13.36 TROVx428@4.86 
Value: 10504.47
Sales: HRTx605@3.49 SNOAx543@3.88 NLx202@10.34 TROVx428@4.86 SWZx157@13.36 
Purchases: EMITFx152@13.80 RGSEx946@2.22 CYTRx404@5.19 LEUx617@3.40 XTLBx955@2.20 

2013-12-17
Cash: 10.94
Held: XTLBx955@2.92 RGSEx946@2.54 LEUx617@3.60 EMITFx152@14.64 CYTRx404@5.00 
Value: 11667.75
Sales: EMITFx152@14.64 RGSEx946@2.54 CYTRx404@5.00 LEUx617@3.60 XTLBx955@2.92 
Purchases: CBMXx4@515.00 CBIOx85@27.23 FISVx41@56.59 MDSOx40@57.88 

2013-12-18
Cash: 2657.49
Held: FISVx41@57.53 MDSOx40@59.16 CBMXx4@497.25 CBIOx85@26.73 
Value: 11643.94
Sales: CBMXx4@497.25 CBIOx85@26.73 FISVx41@57.53 MDSOx40@59.16 
Purchases: FPAYx3637@0.64 GCHx233@9.99 JBLx147@15.76 APDNx241@9.66 VALUx231@10.08 

2013-12-19
Cash: 15.98
Held: APDNx241@10.05 GCHx233@10.00 FPAYx3637@0.60 VALUx231@10.74 JBLx147@16.30 
Value: 11826.92
Sales: FPAYx3637@0.60 GCHx233@10.00 JBLx147@16.30 APDNx241@10.05 VALUx231@10.74 
Purchases: SRNEx290@8.16 WPCSx1665@1.42 ARLx471@5.01 CHNx117@20.20 SPCBx600@3.94 

2013-12-22
Cash: 9.48
Held: WPCSx1665@1.66 CHNx117@20.03 SRNEx290@8.23 ARLx471@4.96 SPCBx600@4.11 
Value: 12305.23
Sales: ARLx471@4.96 WPCSx1665@1.66 SRNEx290@8.23 SPCBx600@4.11 CHNx117@20.03 
Purchases: MDx46@52.84 WGOx92@26.61 IINx681@3.61 TRTx815@3.02 UECx1390@1.77 

2013-12-23
Cash: 47.80
Held: IINx681@3.72 MDx46@52.81 TRTx815@3.26 UECx1390@1.78 WGOx92@27.36 
Value: 12659.33
Sales: MDx46@52.81 WGOx92@27.36 IINx681@3.72 TRTx815@3.26 UECx1390@1.78 
Purchases: IDRAx806@3.14 FSBCx314@8.06 DLHCx1795@1.41 VFCx41@61.06 BAAx6029@0.42 

2013-12-25
Cash: 29.85
Held: BAAx6029@0.45 VFCx41@61.50 DLHCx1795@1.49 FSBCx314@8.06 IDRAx806@3.39 
Value: 13203.55
Sales: IDRAx806@3.39 FSBCx314@8.06 DLHCx1795@1.49 VFCx41@61.50 BAAx6029@0.45 
Purchases: AMRNx1397@1.89 YGEx573@4.60 VRTBx1610@1.64 INUVx1956@1.35 OHGIx660@4.00 

2013-12-26
Cash: 7.35
Held: AMRNx1397@1.88 VRTBx1610@1.66 INUVx1956@1.33 OHGIx660@4.35 YGEx573@4.65 
Value: 13443.61
Sales: YGEx573@4.65 AMRNx1397@1.88 INUVx1956@1.33 VRTBx1610@1.66 OHGIx660@4.35 
Purchases: MLSSx1581@1.70 ICIx64@41.88 MXEx178@15.07 ARCWx252@10.65 BVXx1261@2.13 

2013-12-29
Cash: 22.67
Held: MLSSx1581@1.60 ICIx64@41.38 ARCWx252@11.60 MXEx178@15.18 BVXx1261@2.09 
Value: 13460.52
Sales: MLSSx1581@1.60 ICIx64@41.38 ARCWx252@11.60 BVXx1261@2.09 MXEx178@15.18 
Purchases: INXXx252@10.67 CEEx89@30.16 SUMRx1529@1.76 SPCBx618@4.35 IFx324@8.30 

2013-12-30
Cash: 19.17
Held: INXXx252@10.58 IFx324@8.16 CEEx89@30.48 SUMRx1529@1.80 SPCBx618@4.70 
Value: 13696.61
Sales: INXXx252@10.58 CEEx89@30.48 SUMRx1529@1.80 SPCBx618@4.70 IFx324@8.16 
Purchases: TEUMx2301@1.19 WPCSx1343@2.04 GIGAx2823@0.97 MYGNx132@20.70 BF.Ax74@36.75 

2014-01-01
Cash: 27.74
Held: WPCSx1343@2.77 TEUMx2301@1.20 BF.Ax74@37.19 MYGNx132@20.92 GIGAx2823@0.99 
Value: 14817.86
Sales: TEUMx2301@1.20 WPCSx1343@2.77 GIGAx2823@0.99 MYGNx132@20.92 BF.Ax74@37.19 
Purchases: GYROx258@11.45 SHIPx1512@1.96 WYYx1807@1.64 DGICBx126@23.41 UNXLx311@9.50 

2014-01-02
Cash: 32.96
Held: WYYx1807@1.57 SHIPx1512@1.97 DGICBx126@23.12 UNXLx311@9.98 GYROx258@11.50 
Value: 14832.21
Sales: UNXLx311@9.98 SHIPx1512@1.97 DGICBx126@23.12 WYYx1807@1.57 GYROx258@11.50 
Purchases: ZSLx35@84.25 ADXSx719@4.12 THDx47@62.78 RUTHx219@13.52 ADUSx135@21.84 

2014-01-05
Cash: 59.13
Held: ADUSx135@23.30 RUTHx219@13.66 ADXSx719@3.95 ZSLx35@83.44 THDx47@63.03 
Value: 14917.20
Sales: ADXSx719@3.95 ZSLx35@83.44 THDx47@63.03 RUTHx219@13.66 ADUSx135@23.30 
Purchases: SAMx13@222.38 VHIx186@15.96 BIOLx1109@2.69 AMTXx1296@2.30 CBMGx596@5.00 

2014-01-06
Cash: 113.17
Held: SAMx13@222.75 AMTXx1296@2.30 VHIx186@15.83 CBMGx596@5.00 BIOLx1109@2.98 
Value: 15220.11
Sales: BIOLx1109@2.98 VHIx186@15.83 AMTXx1296@2.30 SAMx13@222.75 CBMGx596@5.00 
Purchases: SCSSx177@17.17 INOx1193@2.55 SHLOx183@16.55 TCXx256@11.87 FORDx1951@1.56 

2014-01-07
Cash: 28.80
Held: FORDx1951@1.60 INOx1193@2.45 SHLOx183@17.00 TCXx256@13.18 SCSSx177@17.36 
Value: 15629.17
Sales: SCSSx177@17.36 INOx1193@2.45 TCXx256@13.18 SHLOx183@17.00 FORDx1951@1.60 
Purchases: OMERx290@10.77 NETEx732@4.27 WPCSx1475@2.12 DYYx459@6.80 EMXx3125@1.00 

2014-01-08
Cash: 7.28
Held: WPCSx1475@2.02 EMXx3125@1.00 DYYx459@6.61 OMERx290@11.48 NETEx732@4.25 
Value: 15584.00
Sales: OMERx290@11.48 NETEx732@4.25 WPCSx1475@2.02 EMXx3125@1.00 DYYx459@6.61 
Purchases: KSx114@27.20 ISRx5565@0.56 HGGx278@11.18 SEEDx1543@2.02 SPRTx1074@2.90 

2014-01-09
Cash: 27.01
Held: ISRx5565@0.58 HGGx278@10.82 KSx114@27.55 SEEDx1543@1.88 SPRTx1074@2.87 
Value: 15385.65
Sales: KSx114@27.55 ISRx5565@0.58 SEEDx1543@1.88 SPRTx1074@2.87 HGGx278@10.82 
Purchases: MVISx2214@1.39 AVIDx439@7.00 SIGx41@73.75 PIRx150@20.45 BBBYx43@69.94 

2014-01-12
Cash: 136.94
Held: PIRx150@21.45 BBBYx43@69.50 SIGx41@71.25 MVISx2214@1.28 AVIDx439@7.29 
Value: 15299.08
Sales: MVISx2214@1.28 PIRx150@21.45 SIGx41@71.25 AVIDx439@7.29 BBBYx43@69.50 
Purchases: VOXXx222@13.76 ACFCx719@4.25 SHLDx83@36.50 DXTRx2508@1.22 BORNx1092@2.80 

2014-01-13
Cash: 42.07
Held: SHLDx83@35.91 ACFCx719@4.21 DXTRx2508@1.28 VOXXx222@13.85 BORNx1092@2.46 
Value: 15023.27
Sales: VOXXx222@13.85 BORNx1092@2.46 SHLDx83@35.91 DXTRx2508@1.28 ACFCx719@4.21 
Purchases: GALTx226@13.25 SEVx435@6.90 NRPx181@16.59 LULUx60@49.88 SCKTx4116@0.73 

2014-01-14
Cash: 27.38
Held: GALTx226@12.44 SCKTx4116@0.75 SEVx435@6.90 NRPx181@16.19 LULUx60@50.03 
Value: 14857.89
Sales: GALTx226@12.44 SEVx435@6.90 NRPx181@16.19 LULUx60@50.03 SCKTx4116@0.75 
Purchases: CLUBx249@11.89 INOx1188@2.50 ORMPx113@26.27 NUROx1143@2.60 GMEx80@36.75 

2014-01-15
Cash: 47.75
Held: NUROx1143@2.65 INOx1188@2.45 GMEx80@36.75 CLUBx249@11.49 ORMPx113@22.03 
Value: 14277.90
Sales: CLUBx249@11.49 INOx1188@2.45 ORMPx113@22.03 GMEx80@36.75 NUROx1143@2.65 
Purchases: OPTTx1146@2.49 COOLx119@23.94 INUVx2011@1.42 MNOVx1142@2.50 ISRx3570@0.80 

2014-01-16
Cash: 9.77
Held: ISRx3570@0.82 COOLx119@24.36 INUVx2011@1.38 MNOVx1142@2.50 OPTTx1146@2.60 
Value: 14444.40
Sales: ISRx3570@0.82 INUVx2011@1.38 OPTTx1146@2.60 MNOVx1142@2.50 COOLx119@24.36 
Purchases: BCRXx266@10.82 USNAx48@59.00 RLIx64@44.88 NUSx35@80.31 HEBx8251@0.35 

2014-01-20
Cash: 162.61
Held: USNAx48@60.00 RLIx64@45.62 BCRXx266@11.40 HEBx8251@0.50 NUSx35@79.50 
Value: 15902.59
Sales: USNAx48@60.00 RLIx64@45.62 HEBx8251@0.50 BCRXx266@11.40 NUSx35@79.50 
Purchases: VUZIx1078@2.95 MNGAx3001@1.06 DECKx41@76.06 NUSx40@79.50 HLITx484@6.57 

2014-01-21
Cash: 64.97
Held: MNGAx3001@1.05 HLITx484@6.72 DECKx41@75.75 NUSx40@78.56 VUZIx1078@2.80 
Value: 15734.80
Sales: VUZIx1078@2.80 MNGAx3001@1.05 DECKx41@75.75 NUSx40@78.56 HLITx484@6.72 
Purchases: CRMDx1367@2.30 AMRNx1840@1.71 OTIVx798@3.94 CDXSx1873@1.68 URREx857@3.67 

2014-01-22
Cash: 8.44
Held: AMRNx1840@1.70 CRMDx1367@2.37 CDXSx1873@1.68 URREx857@3.92 OTIVx798@4.33 
Value: 16334.69
Sales: OTIVx798@4.33 AMRNx1840@1.70 CRMDx1367@2.37 CDXSx1873@1.68 URREx857@3.92 
Purchases: MLSSx2080@1.57 HTHTx117@27.69 AMDx890@3.67 MTSLx1563@2.09 OESXx498@6.56 

2014-01-23
Cash: 30.16
Held: MLSSx2080@1.55 AMDx890@3.60 OESXx498@6.51 MTSLx1563@2.09 HTHTx117@26.84 
Value: 16107.39
Sales: MLSSx2080@1.55 HTHTx117@26.84 AMDx890@3.60 MTSLx1563@2.09 OESXx498@6.51 
Purchases: ISRx4183@0.77 NFECx1894@1.70 HRCx86@37.06 DZSIx710@4.53 BLINx503@6.40 

2014-01-26
Cash: 43.25
Held: ISRx4183@0.75 DZSIx710@4.48 NFECx1894@1.53 HRCx86@37.34 BLINx503@6.15 
Value: 15564.20
Sales: ISRx4183@0.75 NFECx1894@1.53 HRCx86@37.34 DZSIx710@4.48 BLINx503@6.15 
Purchases: KSUx31@100.38 SYMXx3021@1.03 PAMx751@4.14 MVVx51@60.78 TQQQx52@59.22 

2014-01-27
Cash: 51.29
Held: SYMXx3021@1.05 TQQQx52@56.53 KSUx31@100.06 MVVx51@59.69 PAMx751@4.19 
Value: 15456.12
Sales: KSUx31@100.06 SYMXx3021@1.05 PAMx751@4.19 MVVx51@59.69 TQQQx52@56.53 
Purchases: DLx165@18.69 ASTCx1048@2.95 XTLBx948@3.26 AHPIx583@5.30 ETEx76@40.59 

2014-01-28
Cash: 16.17
Held: ASTCx1048@3.13 XTLBx948@3.59 DLx165@21.70 ETEx76@41.00 AHPIx583@5.20 
Value: 16428.64
Sales: DLx165@21.70 ASTCx1048@3.13 AHPIx583@5.20 XTLBx948@3.59 ETEx76@41.00 
Purchases: XTNTx5664@0.58 ASGx632@5.19 ETOx141@23.14 SPEXx555@5.91 RCIIx136@24.02 

2014-01-29
Cash: 53.02
Held: ETOx141@23.27 XTNTx5664@0.60 SPEXx555@5.82 RCIIx136@24.38 ASGx632@5.17 
Value: 16546.32
Sales: ASGx632@5.17 SPEXx555@5.82 ETOx141@23.27 XTNTx5664@0.60 RCIIx136@24.38 
Purchases: BSACx169@19.58 VIPx339@9.74 CYRXx689@4.80 PGNXx747@4.43 CTICx10@325.00 

2014-01-30
Cash: 68.30
Held: PGNXx747@5.10 CTICx10@329.00 BSACx169@19.61 CYRXx689@4.80 VIPx339@9.50 
Value: 17011.39
Sales: VIPx339@9.50 BSACx169@19.61 CYRXx689@4.80 PGNXx747@5.10 CTICx10@329.00 
Purchases: TEARx515@6.60 KMTx79@42.78 BVSNx294@11.57 SBCFx309@10.99 LEUx739@4.60 

2014-02-02
Cash: 33.06
Held: BVSNx294@11.50 SBCFx309@11.15 LEUx739@4.53 TEARx515@6.45 KMTx79@43.16 
Value: 16938.21
Sales: TEARx515@6.45 KMTx79@43.16 BVSNx294@11.50 SBCFx309@11.15 LEUx739@4.53 
Purchases: ABCDx1925@1.76 HGGx411@8.24 IFONx1399@2.42 ORMPx155@21.81 OSTKx164@20.61 

2014-02-03
Cash: 16.77
Held: IFONx1399@2.48 OSTKx164@20.80 ORMPx155@16.48 HGGx411@7.75 ABCDx1925@1.77 
Value: 16044.31
Sales: ABCDx1925@1.77 HGGx411@7.75 IFONx1399@2.48 ORMPx155@16.48 OSTKx164@20.80 
Purchases: STWDx134@23.91 HUSAx9435@0.34 UQMx1854@1.73 TTFx329@9.73 GALEx737@4.35 

2014-02-04
Cash: 16.72
Held: TTFx329@9.60 GALEx737@4.35 HUSAx9435@0.34 STWDx134@24.03 UQMx1854@1.68 
Value: 15925.79
Sales: STWDx134@24.03 GALEx737@4.35 UQMx1854@1.68 TTFx329@9.60 HUSAx9435@0.34 
Purchases: TREXx49@63.78 LQDTx149@21.28 SUNWx28959@0.11 TTWOx186@17.11 IMKTAx138@23.00 

2014-02-05
Cash: 88.19
Held: TTWOx186@18.00 IMKTAx138@22.58 SUNWx28959@0.08 LQDTx149@20.50 TREXx49@64.06 
Value: 15062.75
Sales: IMKTAx138@22.58 TREXx49@64.06 SUNWx28959@0.08 TTWOx186@18.00 LQDTx149@20.50 
Purchases: ALQAx376@8.00 CDXCx692@4.35 NLSTx2008@1.50 CASSx62@48.06 SNOAx981@3.07 

2014-02-06
Cash: 39.62
Held: ALQAx376@8.50 SNOAx981@3.07 CASSx62@48.19 NLSTx2008@1.68 CDXCx692@4.77 
Value: 15908.55
Sales: ALQAx376@8.50 CDXCx692@4.77 SNOAx981@3.07 NLSTx2008@1.68 CASSx62@48.19 
Purchases: INUVx2791@1.14 CNITx775@4.10 PBHx120@26.45 SFLYx70@45.00 NVCNx615@5.17 

2014-02-09
Cash: 44.00
Held: PBHx120@27.31 INUVx2791@1.27 NVCNx615@5.20 SFLYx70@43.75 CNITx775@4.17 
Value: 16357.99
Sales: CNITx775@4.17 INUVx2791@1.27 PBHx120@27.31 SFLYx70@43.75 NVCNx615@5.20 
Purchases: JOBx9085@0.36 CLFDx142@22.89 CALDx286@11.42 VXXx72@45.34 GAZx1104@2.96 

2014-02-10
Cash: 35.66
Held: CALDx286@11.83 JOBx9085@0.39 CLFDx142@21.62 VXXx72@44.78 GAZx1104@2.88 
Value: 16436.15
Sales: JOBx9085@0.39 CLFDx142@21.62 CALDx286@11.83 VXXx72@44.78 GAZx1104@2.88 
Purchases: BWPx255@12.87 ATECx1454@2.26 RELVx1565@2.10 MGEEx88@36.94 PRANx352@9.33 

2014-02-11
Cash: 49.43
Held: BWPx255@13.61 ATECx1454@1.99 RELVx1565@2.09 MGEEx88@37.88 PRANx352@8.69 
Value: 16075.22
Sales: BWPx255@13.61 PRANx352@8.69 RELVx1565@2.09 MGEEx88@37.88 ATECx1454@1.99 
Purchases: SPARx620@5.18 BFRx559@5.75 APDNx372@8.64 XTLBx824@3.90 AYRx181@17.75 

2014-02-12
Cash: 8.58
Held: APDNx372@8.31 XTLBx824@4.00 SPARx620@5.16 AYRx181@17.67 BFRx559@6.37 
Value: 16356.18
Sales: SPARx620@5.16 BFRx559@6.37 APDNx372@8.31 XTLBx824@4.00 AYRx181@17.67 
Purchases: MYOSx386@8.45 OGXIx285@11.48 VSATx58@55.50 IGIx163@20.02 NTNx5545@0.59 

2014-02-13
Cash: 70.22
Held: OGXIx285@11.70 IGIx163@20.16 NTNx5545@0.57 MYOSx386@8.30 VSATx58@57.34 
Value: 16379.29
Sales: MYOSx386@8.30 NTNx5545@0.57 VSATx58@57.34 IGIx163@20.16 OGXIx285@11.70 
Purchases: SITOx7280@0.45 IPIx235@13.94 WFMx63@51.66 INSMx196@16.67 MGHx6299@0.52 

2014-02-17
Cash: 30.70
Held: WFMx63@52.22 IPIx235@14.68 MGHx6299@0.47 SITOx7280@0.47 INSMx196@18.31 
Value: 16741.19
Sales: MGHx6299@0.47 SITOx7280@0.47 IPIx235@14.68 INSMx196@18.31 WFMx63@52.22 
Purchases: WHLMx13392@0.25 SPRTx1334@2.51 LLITx383@8.73 DSx684@4.89 WTWx151@22.08 

2014-02-18
Cash: 23.90
Held: WTWx151@20.91 DSx684@4.79 LLITx383@8.88 WHLMx13392@0.28 SPRTx1334@2.52 
Value: 16969.79
Sales: WHLMx13392@0.28 SPRTx1334@2.52 LLITx383@8.88 DSx684@4.79 WTWx151@20.91 
Purchases: DCOx134@25.27 ISDRx345@9.82 CPLx260@13.02 SMIx796@4.26 HRTx789@4.30 

2014-02-19
Cash: 24.45
Held: ISDRx345@9.05 DCOx134@24.42 HRTx789@4.41 CPLx260@14.02 SMIx796@4.20 
Value: 16886.44
Sales: DCOx134@24.42 ISDRx345@9.05 CPLx260@14.02 SMIx796@4.20 HRTx789@4.41 
Purchases: GNVCx940@3.59 ARCWx330@10.22 TSx77@43.78 OTEXx66@50.81 TIKx628@5.37 

2014-02-20
Cash: 41.97
Held: OTEXx66@50.94 ARCWx330@10.72 TSx77@43.41 GNVCx940@3.47 TIKx628@5.10 
Value: 16749.55
Sales: GNVCx940@3.47 ARCWx330@10.72 TSx77@43.41 OTEXx66@50.94 TIKx628@5.10 
Purchases: EMITFx884@3.79 EVIx1005@3.33 ULBIx928@3.61 CONNx100@33.38 PRANx421@7.95 

2014-02-23
Cash: 19.67
Held: EVIx1005@3.22 CONNx100@33.59 ULBIx928@3.70 EMITFx884@3.86 PRANx421@8.39 
Value: 16992.87
Sales: EMITFx884@3.86 EVIx1005@3.22 ULBIx928@3.70 CONNx100@33.59 PRANx421@8.39 
Purchases: PMDx201@16.91 HBMDx271@12.50 AXNx7553@0.45 ARLx374@9.07 NCMIx213@15.88 

2014-02-24
Cash: 33.40
Held: HBMDx271@10.00 NCMIx213@16.16 AXNx7553@0.50 ARLx374@9.40 PMDx201@16.89 
Value: 16871.21
Sales: PMDx201@16.89 HBMDx271@10.00 AXNx7553@0.50 ARLx374@9.40 NCMIx213@16.16 
Purchases: FSIx3124@1.08 NLSTx1748@1.93 CYRNx899@3.75 MDCAx151@22.31 ATECx2279@1.48 

2014-02-25
Cash: 9.53
Held: ATECx2279@1.50 FSIx3124@0.94 NLSTx1748@1.99 CYRNx899@3.90 MDCAx151@22.75 
Value: 16785.03
Sales: FSIx3124@0.94 NLSTx1748@1.99 CYRNx899@3.90 MDCAx151@22.75 ATECx2279@1.50 
Purchases: IDNx4359@0.77 USVx113@29.50 GSBx1511@2.22 WCSTx616@5.45 ASMx1621@2.07 

2014-02-26
Cash: 26.84
Held: USVx113@29.11 WCSTx616@5.18 ASMx1621@2.04 GSBx1511@2.29 IDNx4359@0.75 
Value: 16540.23
Sales: GSBx1511@2.29 USVx113@29.11 WCSTx616@5.18 ASMx1621@2.04 IDNx4359@0.75 
Purchases: ARCIx1095@3.02 STVx1106@2.99 AXNx7877@0.42 BOOMx157@21.05 PDEXx1489@2.22 

2014-02-27
Cash: 7.93
Held: STVx1106@2.99 PDEXx1489@2.30 AXNx7877@0.49 ARCIx1095@2.87 BOOMx157@21.12 
Value: 17058.98
Sales: BOOMx157@21.12 STVx1106@2.99 AXNx7877@0.49 ARCIx1095@2.87 PDEXx1489@2.30 
Purchases: XRAx4805@0.71 LIVEx473@7.20 WACx131@25.94 PERFx548@6.22 MTLx1949@1.75 

2014-03-02
Cash: 25.95
Held: PERFx548@6.83 LIVEx473@7.30 XRAx4805@0.70 WACx131@25.30 MTLx1949@1.65 
Value: 17115.98
Sales: WACx131@25.30 LIVEx473@7.30 XRAx4805@0.70 PERFx548@6.83 MTLx1949@1.65 
Purchases: CNETx845@4.05 CNITx663@5.16 ARWRx171@19.91 MGICx397@8.60 DECKx46@73.31 

2014-03-03
Cash: 80.72
Held: CNETx845@4.68 MGICx397@8.81 DECKx46@73.56 ARWRx171@20.38 CNITx663@5.21 
Value: 17856.47
Sales: CNETx845@4.68 CNITx663@5.21 ARWRx171@20.38 MGICx397@8.81 DECKx46@73.56 
Purchases: MNTAx247@14.41 NAKx4104@0.87 PROx106@33.62 IMNPx850@4.20 CLDXx132@26.86 

2014-03-04
Cash: 48.14
Held: PROx106@33.31 CLDXx132@27.88 IMNPx850@4.25 NAKx4104@0.99 MNTAx247@14.54 
Value: 18526.34
Sales: IMNPx850@4.25 NAKx4104@0.99 PROx106@33.31 CLDXx132@27.88 MNTAx247@14.54 
Purchases: BISx52@70.06 PERFx587@6.31 LBTYAx85@43.31 LBTYBx83@44.31 LBTYKx88@41.84 

2014-03-05
Cash: 138.19
Held: PERFx587@6.31 LBTYAx85@43.28 LBTYBx83@43.12 LBTYKx88@41.78 BISx52@70.62 
Value: 18448.87
Sales: BISx52@70.62 LBTYKx88@41.78 PERFx587@6.31 LBTYBx83@43.12 LBTYAx85@43.28 
Purchases: GCBCx145@25.31 AETIx528@6.98 LEUx838@4.40 VHCx184@20.02 XOMAx527@7.00 

2014-03-06
Cash: 35.10
Held: VHCx184@19.05 LEUx838@4.01 XOMAx527@6.59 GCBCx145@25.75 AETIx528@6.81 
Value: 17703.08
Sales: AETIx528@6.81 GCBCx145@25.75 LEUx838@4.01 VHCx184@19.05 XOMAx527@6.59 
Purchases: TISAx753@4.70 SPLSx310@11.40 LIVEx429@8.25 RILYx13617@0.26 MGCDx342@10.35 

2014-03-09
Cash: 11.02
Held: LIVEx429@8.01 RILYx13617@0.27 TISAx753@4.56 MGCDx342@10.34 SPLSx310@11.53 
Value: 17668.10
Sales: TISAx753@4.56 LIVEx429@8.01 SPLSx310@11.53 RILYx13617@0.27 MGCDx342@10.34 
Purchases: BORNx1021@3.46 GRBKx1154@3.06 NMRXx272@12.95 THMx4256@0.83 INSGx1635@2.16 

2014-03-10
Cash: 14.69
Held: GRBKx1154@3.32 INSGx1635@2.13 NMRXx272@13.23 THMx4256@0.84 BORNx1021@3.24 
Value: 17810.56
Sales: NMRXx272@13.23 GRBKx1154@3.32 BORNx1021@3.24 THMx4256@0.84 INSGx1635@2.13 
Purchases: FNCXx7916@0.45 ARCWx312@11.41 DDDx55@64.50 VHCx216@16.42 PXLWx544@6.54 

2014-03-11
Cash: 38.13
Held: PXLWx544@6.40 FNCXx7916@0.44 VHCx216@15.98 DDDx55@60.25 ARCWx312@11.13 
Value: 17239.58
Sales: FNCXx7916@0.44 DDDx55@60.25 ARCWx312@11.13 VHCx216@15.98 PXLWx544@6.40 
Purchases: CNETx845@4.08 HOTRx861@4.00 BSPMx211@16.31 MYGNx99@34.53 BONTx351@9.80 

2014-03-12
Cash: 50.33
Held: CNETx845@4.08 MYGNx99@35.19 HOTRx861@3.95 BONTx351@10.51 BSPMx211@15.26 
Value: 17287.82
Sales: CNETx845@4.08 BONTx351@10.51 BSPMx211@15.26 MYGNx99@35.19 HOTRx861@3.95 
Purchases: ROXx3005@1.15 BPIx224@15.42 DLx166@20.78 EXPRx217@15.89 ARTXx787@4.39 

2014-03-13
Cash: 23.02
Held: ARTXx787@4.35 EXPRx217@15.82 DLx166@20.00 BPIx224@14.94 ROXx3005@1.18 
Value: 17091.67
Sales: BPIx224@14.94 ARTXx787@4.35 DLx166@20.00 ROXx3005@1.18 EXPRx217@15.82 
Purchases: SGMAx437@7.81 OPTTx719@4.75 SSYx2071@1.65 EVRIx424@8.05 ORMPx301@11.34 

2014-03-16
Cash: 19.76
Held: SSYx2071@1.80 SGMAx437@10.26 ORMPx301@11.40 EVRIx424@8.05 OPTTx719@4.20 
Value: 18091.87
Sales: SGMAx437@10.26 ORMPx301@11.40 SSYx2071@1.80 EVRIx424@8.05 OPTTx719@4.20 
Purchases: ESNCx1501@2.41 AMRCx476@7.59 AXNx8616@0.42 OMERx318@11.34 ADUSx166@21.78 

2014-03-17
Cash: 20.41
Held: ADUSx166@22.09 ESNCx1501@2.15 AMRCx476@7.76 AXNx8616@0.39 OMERx318@11.77 
Value: 17713.55
Sales: ESNCx1501@2.15 AMRCx476@7.76 AXNx8616@0.39 OMERx318@11.77 ADUSx166@22.09 
Purchases: MEETx1032@3.43 AUMNx3135@1.13 MGCDx348@10.18 KONEx570@6.21 OPTTx863@4.10 

2014-03-18
Cash: 9.52
Held: MEETx1032@3.51 KONEx570@6.37 AUMNx3135@1.09 MGCDx348@10.25 OPTTx863@4.15 
Value: 17826.88
Sales: OPTTx863@4.15 MEETx1032@3.51 MGCDx348@10.25 KONEx570@6.37 AUMNx3135@1.09 
Purchases: BLDPx758@4.70 APDNx493@7.22 FSMx916@3.89 FCELx1291@2.76 JRJCx657@5.42 

2014-03-19
Cash: 17.19
Held: APDNx493@7.62 FSMx916@3.62 FCELx1291@2.55 JRJCx657@5.20 BLDPx758@4.65 
Value: 17321.98
Sales: JRJCx657@5.20 FCELx1291@2.55 BLDPx758@4.65 APDNx493@7.62 FSMx916@3.62 
Purchases: MOCx1732@2.00 WLKx52@66.56 IGCx3806@0.91 NVGNx815@4.25 WCSTx602@5.75 

2014-03-20
Cash: 7.43
Held: MOCx1732@1.99 NVGNx815@4.34 WCSTx602@5.75 IGCx3806@0.90 WLKx52@67.75 
Value: 17401.02
Sales: MOCx1732@1.99 NVGNx815@4.34 IGCx3806@0.90 WCSTx602@5.75 WLKx52@67.75 
Purchases: PRTSx1180@2.95 BOFIx154@22.45 TEUMx3164@1.10 CDTIx126@27.50 CIDMx1265@2.75 

2014-03-23
Cash: 40.24
Held: TEUMx3164@1.14 BOFIx154@21.50 CIDMx1265@2.80 PRTSx1180@2.90 CDTIx126@24.84 
Value: 17052.85
Sales: PRTSx1180@2.90 BOFIx154@21.50 TEUMx3164@1.14 CDTIx126@24.84 CIDMx1265@2.80 
Purchases: SYMCx184@18.50 CNETx815@4.18 YANGx129@26.38 KELYBx136@25.03 ADXSx699@4.88 

2014-03-24
Cash: 25.43
Held: CNETx815@4.08 ADXSx699@4.81 KELYBx136@25.03 SYMCx184@19.19 YANGx129@25.81 
Value: 16974.87
Sales: CNETx815@4.08 ADXSx699@4.81 SYMCx184@19.19 KELYBx136@25.03 YANGx129@25.81 
Purchases: DRAMx337@10.05 TRXx1609@2.11 FUEx295@11.51 ABTLx282@12.03 UUUUx367@9.25 

2014-03-25
Cash: 12.72
Held: TRXx1609@2.14 DRAMx337@9.90 ABTLx282@12.67 UUUUx367@9.89 FUEx295@11.24 
Value: 17312.53
Sales: DRAMx337@9.90 TRXx1609@2.14 FUEx295@11.24 ABTLx282@12.67 UUUUx367@9.89 
Purchases: MNGAx2234@1.55 ARWRx200@17.27 AXUx1989@1.74 OHRPx239@14.46 MVISx1649@2.10 

2014-03-26
Cash: 17.40
Held: MNGAx2234@1.60 OHRPx239@14.50 AXUx1989@1.53 MVISx1649@2.00 ARWRx200@16.14 
Value: 16626.26
Sales: MNGAx2234@1.60 MVISx1649@2.00 OHRPx239@14.50 ARWRx200@16.14 AXUx1989@1.53 
Purchases: EXELx816@4.07 RGSEx865@3.84 CMCTx138@24.00 EVRIx494@6.72 INSMx211@15.71 

2014-03-27
Cash: 37.35
Held: RGSEx865@3.86 EXELx816@3.90 EVRIx494@6.70 INSMx211@17.05 CMCTx138@23.41 
Value: 16694.80
Sales: EXELx816@3.90 RGSEx865@3.86 INSMx211@17.05 EVRIx494@6.70 CMCTx138@23.41 
Purchases: GOOGx5@561.00 IDNx3668@0.91 HTMx4336@0.77 INVTx710@4.70 SOLx1033@3.23 

2014-03-30
Cash: 539.02
Held: INVTx710@4.80 HTMx4336@0.75 SOLx1033@3.36 GOOGx5@567.00 IDNx3668@0.99 
Value: 17136.99
Sales: GOOGx5@567.00 IDNx3668@0.99 HTMx4336@0.75 INVTx710@4.80 SOLx1033@3.36 
Purchases: GRNx614@5.58 LDOSx98@34.62 SGBx260@13.15 DGLYx549@6.24 SPEXx1135@3.02 

2014-03-31
Cash: 48.19
Held: GRNx614@5.95 SPEXx1135@3.00 LDOSx98@35.88 SGBx260@13.35 DGLYx549@6.15 
Value: 17468.66
Sales: GRNx614@5.95 LDOSx98@35.88 SGBx260@13.35 DGLYx549@6.15 SPEXx1135@3.00 
Purchases: MNKDx869@4.02 INSYx82@42.12 MLIx116@30.11 SPEXx1164@3.00 PRANx1294@2.70 

2014-04-01
Cash: 43.96
Held: MNKDx869@7.75 MLIx116@30.56 SPEXx1164@3.01 INSYx82@43.44 PRANx1294@2.36 
Value: 20442.24
Sales: MNKDx869@7.75 INSYx82@43.44 MLIx116@30.56 SPEXx1164@3.01 PRANx1294@2.36 
Purchases: GIGx2523@1.62 ARTXx755@5.41 CLNTx650@6.29 CDTIx250@16.34 SPANx186@21.97 

2014-04-02
Cash: 10.00
Held: ARTXx755@5.58 SPANx186@21.70 GIGx2523@1.71 CLNTx650@6.44 CDTIx250@15.95 
Value: 20747.69
Sales: GIGx2523@1.71 ARTXx755@5.58 CLNTx650@6.44 SPANx186@21.70 CDTIx250@15.95 
Purchases: LQDTx230@17.98 KONEx653@6.35 VIIx1321@3.14 HOTRx1209@3.43 PRANx1788@2.32 

2014-04-03
Cash: 19.74
Held: KONEx653@6.34 HOTRx1209@3.40 LQDTx230@18.64 VIIx1321@3.17 PRANx1788@2.42 
Value: 21072.36
Sales: LQDTx230@18.64 PRANx1788@2.42 VIIx1321@3.17 KONEx653@6.34 HOTRx1209@3.40 
Purchases: CSLSx178@23.56 BIOPx1801@2.34 SSNx8780@0.48 MNOVx2045@2.06 FRBKx1164@3.62 

2014-04-06
Cash: 23.45
Held: SSNx8780@0.50 CSLSx178@23.50 FRBKx1164@3.57 MNOVx2045@2.05 BIOPx1801@2.25 
Value: 20998.39
Sales: CSLSx178@23.50 BIOPx1801@2.25 SSNx8780@0.50 MNOVx2045@2.05 FRBKx1164@3.57 
Purchases: OPTTx1376@3.05 NETEx1418@2.96 CLNTx746@5.63 XTLBx1082@3.88 DLHCx2799@1.50 

2014-04-07
Cash: 5.15
Held: XTLBx1082@3.65 DLHCx2799@1.50 CLNTx746@5.48 NETEx1418@3.05 OPTTx1376@2.92 
Value: 20585.62
Sales: OPTTx1376@2.92 NETEx1418@3.05 CLNTx746@5.48 XTLBx1082@3.65 DLHCx2799@1.50 
Purchases: SOXLx48@84.50 WGBSx2421@1.70 JRJCx955@4.31 KNDIx305@13.46 SHLDx107@38.16 

2014-04-08
Cash: 110.44
Held: SOXLx48@88.75 KNDIx305@14.50 SHLDx107@37.25 WGBSx2421@1.63 JRJCx955@4.38 
Value: 20906.49
Sales: JRJCx955@4.38 WGBSx2421@1.63 KNDIx305@14.50 SOXLx48@88.75 SHLDx107@37.25 
Purchases: USEGx970@4.31 PIPx2662@1.57 LTEAx8040@0.52 OHRPx420@9.95 BPTHx1779@2.35 

2014-04-09
Cash: 5.76
Held: OHRPx420@10.48 USEGx970@4.39 LTEAx8040@0.65 BPTHx1779@2.75 PIPx2662@1.52 
Value: 22827.28
Sales: USEGx970@4.39 PIPx2662@1.52 LTEAx8040@0.65 OHRPx420@10.48 BPTHx1779@2.75 
Purchases: HBMDx426@10.70 EBR.Bx913@5.00 CRAIx213@21.38 IKGHx1463@3.12 SIDx1084@4.21 

2014-04-10
Cash: 21.91
Held: SIDx1084@4.13 HBMDx426@10.70 IKGHx1463@3.15 EBR.Bx913@4.98 CRAIx213@20.73 
Value: 22629.79
Sales: HBMDx426@10.70 CRAIx213@20.73 EBR.Bx913@4.98 IKGHx1463@3.15 SIDx1084@4.13 
Purchases: MNGAx2920@1.55 EIDOx165@27.41 JOBx21556@0.21 DFFNx983@4.60 BBBYx71@63.09 

2014-04-13
Cash: 53.42
Held: JOBx21556@0.20 MNGAx2920@1.51 BBBYx71@64.44 EIDOx165@27.94 DFFNx983@4.90 
Value: 22771.99
Sales: MNGAx2920@1.51 JOBx21556@0.20 EIDOx165@27.94 DFFNx983@4.90 BBBYx71@64.44 
Purchases: CSIQx181@25.05 IONSx131@34.53 TSLx396@11.48 SRPTx203@22.41 BIBx134@33.78 

2014-04-14
Cash: 95.04
Held: SRPTx203@22.50 CSIQx181@25.80 IONSx131@33.22 TSLx396@10.85 BIBx134@33.09 
Value: 22415.21
Sales: CSIQx181@25.80 IONSx131@33.22 TSLx396@10.85 SRPTx203@22.50 BIBx134@33.09 
Purchases: MEIPx516@8.69 CVMx3449@1.30 TGTXx818@5.48 CAPRx734@6.10 BOSCx936@4.79 

2014-04-15
Cash: 5.30
Held: MEIPx516@8.86 CVMx3449@1.22 CAPRx734@5.80 TGTXx818@5.34 BOSCx936@4.25 
Value: 21387.34
Sales: MEIPx516@8.86 CVMx3449@1.22 TGTXx818@5.34 CAPRx734@5.80 BOSCx936@4.25 
Purchases: IDRAx1527@2.80 SMTXx2777@1.54 KONEx939@4.55 LXRXx2742@1.56 PTXx994@4.30 

2014-04-16
Cash: 9.36
Held: LXRXx2742@1.56 KONEx939@4.70 SMTXx2777@1.58 PTXx994@4.34 IDRAx1527@2.92 
Value: 21858.67
Sales: IDRAx1527@2.92 SMTXx2777@1.58 KONEx939@4.70 LXRXx2742@1.56 PTXx994@4.34 
Purchases: UNXLx599@7.29 DGLYx967@4.52 SPEXx2415@1.81 MFRIx463@9.44 HUSAx8575@0.51 

2014-04-20
Cash: 11.22
Held: HUSAx8575@0.46 MFRIx463@9.24 SPEXx2415@2.08 DGLYx967@4.61 UNXLx599@7.24 
Value: 22050.90
Sales: HUSAx8575@0.46 DGLYx967@4.61 SPEXx2415@2.08 MFRIx463@9.24 UNXLx599@7.24 
Purchases: LTEAx8651@0.51 MGIx303@14.51 OESXx796@5.54 HMNYx1018@4.33 FCSCx1088@4.05 

2014-04-21
Cash: 22.68
Held: MGIx303@12.69 LTEAx8651@0.47 HMNYx1018@4.30 OESXx796@5.69 FCSCx1088@4.29 
Value: 21507.76
Sales: MGIx303@12.69 FCSCx1088@4.29 LTEAx8651@0.47 HMNYx1018@4.30 OESXx796@5.69 
Purchases: CMGx8@508.25 TATTx563@7.63 SSNx11323@0.38 ASMx2886@1.49 MAGx659@6.52 

2014-04-22
Cash: 248.09
Held: MAGx659@6.79 SSNx11323@0.38 CMGx8@511.00 ASMx2886@1.54 TATTx563@8.05 
Value: 22086.44
Sales: CMGx8@511.00 TATTx563@8.05 SSNx11323@0.38 ASMx2886@1.54 MAGx659@6.79 
Purchases: BEBEx76@57.91 AUMNx6221@0.71 TOPSx577@7.65 KONEx1107@3.99 MDSOx109@40.38 

2014-04-23
Cash: 37.68
Held: TOPSx577@7.45 KONEx1107@4.18 AUMNx6221@0.74 MDSOx109@43.84 BEBEx76@55.59 
Value: 22571.89
Sales: BEBEx76@55.59 MDSOx109@43.84 TOPSx577@7.45 KONEx1107@4.18 AUMNx6221@0.74 
Purchases: EDGWx607@7.43 UISx174@25.80 LONEx17362@0.26 ISRGx11@376.25 XTNTx6268@0.72 

2014-04-24
Cash: 406.06
Held: UISx174@25.25 XTNTx6268@0.71 EDGWx607@7.39 LONEx17362@0.24 ISRGx11@368.50 
Value: 21955.92
Sales: EDGWx607@7.39 UISx174@25.25 LONEx17362@0.24 ISRGx11@368.50 XTNTx6268@0.71 
Purchases: TCBIx78@56.25 CNETx1676@2.62 ZIXIx1265@3.47 TGTXx860@5.10 IGTx348@12.59 

2014-04-27
Cash: 18.33
Held: CNETx1676@2.68 TCBIx78@55.75 ZIXIx1265@3.44 IGTx348@12.50 TGTXx860@4.69 
Value: 21593.50
Sales: CNETx1676@2.68 TCBIx78@55.75 ZIXIx1265@3.44 IGTx348@12.50 TGTXx860@4.69 
Purchases: PLUGx804@5.37 FNCXx707@6.10 CYTKx943@4.58 MYEx216@19.94 CVLTx91@47.00 

2014-04-28
Cash: 60.67
Held: CVLTx91@46.03 FNCXx707@5.85 PLUGx804@4.44 MYEx216@18.84 CYTKx943@4.57 
Value: 20337.51
Sales: PLUGx804@4.44 FNCXx707@5.85 CVLTx91@46.03 MYEx216@18.84 CYTKx943@4.57 
Purchases: NKTRx362@11.23 FNCXx695@5.85 CYTKx889@4.57 DZSIx1452@2.80 OGXIx1037@3.92 

2014-04-29
Cash: 11.96
Held: DZSIx1452@2.75 OGXIx1037@3.85 FNCXx695@5.46 NKTRx362@11.35 CYTKx889@4.49 
Value: 19891.70
Sales: FNCXx695@5.46 NKTRx362@11.35 CYTKx889@4.49 DZSIx1452@2.75 OGXIx1037@3.85 
Purchases: UCTTx454@8.75 ELTKx2353@1.69 OIBR.Cx4276@0.93 GUREx2127@1.87 OGXIx1033@3.85 

2014-04-30
Cash: 9.81
Held: UCTTx454@8.49 OGXIx1033@3.85 OIBR.Cx4276@1.12 GUREx2127@1.90 ELTKx2353@1.59 
Value: 20414.56
Sales: UCTTx454@8.49 ELTKx2353@1.59 OIBR.Cx4276@1.12 GUREx2127@1.90 OGXIx1033@3.85 
Purchases: NETEx1873@2.18 PSPx345@11.82 CNITx995@4.10 SYNx2778@1.47 CMPRx103@39.41 

2014-05-01
Cash: 31.20
Held: PSPx345@11.88 SYNx2778@1.46 CMPRx103@38.69 NETEx1873@2.20 CNITx995@4.35 
Value: 20620.29
Sales: NETEx1873@2.20 PSPx345@11.88 CNITx995@4.35 SYNx2778@1.46 CMPRx103@38.69 
Purchases: SLMx460@8.96 DLBx104@39.44 SYNx2824@1.46 QUIKx1068@3.86 BGFVx340@12.12 

2014-05-04
Cash: 32.18
Held: DLBx104@39.06 QUIKx1068@3.63 SYNx2824@1.33 SLMx460@8.86 BGFVx340@12.00 
Value: 19883.89
Sales: DLBx104@39.06 BGFVx340@12.00 SYNx2824@1.33 QUIKx1068@3.63 SLMx460@8.86 
Purchases: LCUTx248@16.00 IMMUx1223@3.25 CAPRx846@4.70 BCORx229@17.33 UBCx175@22.69 

2014-05-05
Cash: 27.15
Held: CAPRx846@4.84 LCUTx248@14.83 BCORx229@17.16 IMMUx1223@3.36 UBCx175@22.77 
Value: 19820.31
Sales: LCUTx248@14.83 IMMUx1223@3.36 BCORx229@17.16 CAPRx846@4.84 UBCx175@22.77 
Purchases: MGPIx724@5.47 NETEx2177@1.82 CRD.Ax475@8.33 CRAIx189@20.94 RELVx2064@1.92 

2014-05-06
Cash: 22.35
Held: RELVx2064@1.95 CRD.Ax475@8.16 CRAIx189@20.84 MGPIx724@5.58 NETEx2177@1.87 
Value: 19971.05
Sales: MGPIx724@5.58 NETEx2177@1.87 CRAIx189@20.84 RELVx2064@1.95 CRD.Ax475@8.16 
Purchases: GLDDx514@7.76 OLEDx172@23.09 GIFIx207@19.25 OHGIx927@4.31 ATHNx37@105.75 

2014-05-07
Cash: 117.83
Held: GIFIx207@19.55 OHGIx927@4.18 OLEDx172@24.67 GLDDx514@7.56 ATHNx37@105.25 
Value: 20061.53
Sales: ATHNx37@105.25 OLEDx172@24.67 GIFIx207@19.55 OHGIx927@4.18 GLDDx514@7.56 
Purchases: CORTx2036@1.97 EVKx740@5.42 TREEx169@23.69 PCOx2865@1.40 WFMx102@38.97 

2014-05-08
Cash: 48.86
Held: EVKx740@5.33 CORTx2036@1.72 PCOx2865@1.37 WFMx102@39.16 TREEx169@23.80 
Value: 19434.04
Sales: CORTx2036@1.72 EVKx740@5.33 TREEx169@23.80 PCOx2865@1.37 WFMx102@39.16 
Purchases: AVNWx323@12.00 ISBCx374@10.39 GEOSx81@47.50 ICADx560@6.93 TREXx117@33.19 

2014-05-11
Cash: 60.88
Held: GEOSx81@50.38 AVNWx323@12.48 ICADx560@7.06 ISBCx374@10.48 TREXx117@33.88 
Value: 20005.61
Sales: AVNWx323@12.48 ISBCx374@10.48 GEOSx81@50.38 ICADx560@7.06 TREXx117@33.88 
Purchases: SGMSx443@9.02 INVTx1533@2.61 BSPMx432@9.24 CECOx858@4.66 GENEx3883@1.03 

2014-05-12
Cash: 16.46
Held: INVTx1533@2.76 CECOx858@5.01 GENEx3883@1.05 SGMSx443@9.14 BSPMx432@9.66 
Value: 20844.42
Sales: SGMSx443@9.14 INVTx1533@2.76 BSPMx432@9.66 CECOx858@5.01 GENEx3883@1.05 
Purchases: INSYx160@26.00 OHRPx614@6.78 NOAx537@7.75 CLBx25@166.75 ESNCx3064@1.36 

2014-05-13
Cash: 22.12
Held: NOAx537@7.67 ESNCx3064@1.40 OHRPx614@7.90 CLBx25@164.00 INSYx160@27.00 
Value: 21702.35
Sales: ESNCx3064@1.40 OHRPx614@7.90 NOAx537@7.67 CLBx25@164.00 INSYx160@27.00 
Purchases: HPJx1046@4.15 ACYx272@15.94 FFHLx3558@1.22 PTIEx948@4.58 NEONx1173@3.70 

2014-05-14
Cash: 9.06
Held: HPJx1046@3.97 PTIEx948@4.60 NEONx1173@3.63 FFHLx3558@1.24 ACYx272@15.50 
Value: 21412.44
Sales: HPJx1046@3.97 FFHLx3558@1.24 NEONx1173@3.63 ACYx272@15.50 PTIEx948@4.60 
Purchases: OMEXx2659@1.61 HYGSx289@14.78 INVTx1798@2.38 DXPEx66@64.50 TCCOx930@4.60 

2014-05-15
Cash: 41.50
Held: DXPEx66@66.62 INVTx1798@2.08 HYGSx289@14.03 OMEXx2659@1.62 TCCOx930@4.74 
Value: 20948.25
Sales: OMEXx2659@1.62 INVTx1798@2.08 DXPEx66@66.62 HYGSx289@14.03 TCCOx930@4.74 
Purchases: ACATx123@34.03 NLSTx2991@1.40 SRNEx819@5.11 FSNNx837@5.00 SSKNx10476@0.40 

2014-05-18
Cash: 14.89
Held: ACATx123@33.50 SSKNx10476@0.38 NLSTx2991@1.24 SRNEx819@4.96 FSNNx837@5.00 
Value: 20072.59
Sales: SRNEx819@4.96 ACATx123@33.50 NLSTx2991@1.24 SSKNx10476@0.38 FSNNx837@5.00 
Purchases: CSIQx181@22.09 ACXMx196@20.41 AXASx859@4.67 WTTx1639@2.45 MBVXx3211@1.25 

2014-05-19
Cash: 32.83
Held: AXASx859@4.85 WTTx1639@2.54 CSIQx181@22.00 ACXMx196@21.95 MBVXx3211@1.30 
Value: 20820.34
Sales: CSIQx181@22.00 ACXMx196@21.95 MBVXx3211@1.30 WTTx1639@2.54 AXASx859@4.85 
Purchases: EMITFx1048@3.97 FFBCWx860@4.84 RCONx1176@3.54 HOTRx1954@2.13 CAPRx771@5.40 

2014-05-20
Cash: 8.94
Held: RCONx1176@3.40 CAPRx771@5.10 HOTRx1954@2.26 FFBCWx860@5.01 EMITFx1048@3.63 
Value: 20471.91
Sales: EMITFx1048@3.63 FFBCWx860@5.01 RCONx1176@3.40 HOTRx1954@2.26 CAPRx771@5.10 
Purchases: JRJCx1719@2.38 DFFNx1023@4.00 LIVEx1563@2.62 AMTXx818@5.00 DKSx94@43.50 

2014-05-21
Cash: 14.49
Held: LIVEx1563@2.40 DKSx94@42.84 AMTXx818@4.98 DFFNx1023@4.00 JRJCx1719@2.50 
Value: 20257.14
Sales: LIVEx1563@2.40 DFFNx1023@4.00 DKSx94@42.84 AMTXx818@4.98 JRJCx1719@2.50 
Purchases: GMANx865@4.68 OGENx2251@1.80 SPHSx1261@3.21 SYPRx1033@3.92 MGCDx415@9.76 

2014-05-22
Cash: 10.08
Held: SYPRx1033@3.84 SPHSx1261@3.20 MGCDx415@9.81 OGENx2251@1.88 GMANx865@4.56 
Value: 20257.85
Sales: MGCDx415@9.81 OGENx2251@1.88 SPHSx1261@3.20 SYPRx1033@3.84 GMANx865@4.56 
Purchases: LIVEx1717@2.36 HEIx77@52.06 TPIVx2315@1.75 XTNTx6329@0.64 EVLVx937@4.32 

2014-05-26
Cash: 47.18
Held: LIVEx1717@4.02 XTNTx6329@0.66 TPIVx2315@1.70 EVLVx937@4.65 HEIx77@53.75 
Value: 23557.13
Sales: LIVEx1717@4.02 HEIx77@53.75 TPIVx2315@1.70 XTNTx6329@0.66 EVLVx937@4.65 
Purchases: EGHTx647@7.28 XCRAx471@9.99 IGCx3414@1.38 TPIVx2771@1.70 HGSHx1166@4.04 

2014-05-27
Cash: 8.13
Held: XCRAx471@10.00 TPIVx2771@1.98 EGHTx647@7.53 IGCx3414@1.85 HGSHx1166@4.31 
Value: 26417.12
Sales: EGHTx647@7.53 IGCx3414@1.85 XCRAx471@10.00 TPIVx2771@1.98 HGSHx1166@4.31 
Purchases: MOCx3107@1.70 INUVx7545@0.70 ORMPx785@6.73 ALOGx77@67.94 TGCx12288@0.43 

2014-05-28
Cash: 54.03
Held: MOCx3107@1.69 TGCx12288@0.44 ALOGx77@68.00 INUVx7545@0.79 ORMPx785@7.99 
Value: 28179.84
Sales: MOCx3107@1.69 TGCx12288@0.44 INUVx7545@0.79 ALOGx77@68.00 ORMPx785@7.99 
Purchases: ATVx549@10.26 DSWx236@23.86 DAIOx2110@2.67 WGBSx5470@1.03 CETCx655@8.60 

2014-05-29
Cash: 14.34
Held: DAIOx2110@2.60 DSWx236@24.70 ATVx549@10.64 WGBSx5470@1.40 CETCx655@9.40 
Value: 30987.27
Sales: ATVx549@10.64 DAIOx2110@2.60 CETCx655@9.40 WGBSx5470@1.40 DSWx236@24.70 
Purchases: VISIx759@8.16 OMEXx4523@1.37 MGHx20654@0.30 SGRPx4334@1.43 SPEXx3021@2.05 

2014-06-01
Cash: 10.75
Held: SGRPx4334@1.37 SPEXx3021@1.94 VISIx759@8.25 MGHx20654@0.30 OMEXx4523@1.39 
Value: 30555.21
Sales: OMEXx4523@1.39 VISIx759@8.25 SGRPx4334@1.37 SPEXx3021@1.94 MGHx20654@0.30 
Purchases: LOANx2716@2.25 GLUUx1678@3.64 TOPSx1621@3.77 SPHSx2106@2.90 SPEXx3149@1.94 

2014-06-02
Cash: 6.20
Held: TOPSx1621@3.00 GLUUx1678@3.59 SPEXx3149@1.99 SPHSx2106@2.75 LOANx2716@2.25 
Value: 29062.70
Sales: LOANx2716@2.25 GLUUx1678@3.59 TOPSx1621@3.00 SPHSx2106@2.75 SPEXx3149@1.99 
Purchases: CYTKx1244@4.67 NBYx6529@0.89 ASTCx2084@2.79 UQMx3027@1.92 NOVx78@74.25 

2014-06-03
Cash: 23.68
Held: NOVx78@75.88 ASTCx2084@3.09 NBYx6529@0.90 UQMx3027@1.83 CYTKx1244@4.77 
Value: 29729.57
Sales: CYTKx1244@4.77 NOVx78@75.88 ASTCx2084@3.09 UQMx3027@1.83 NBYx6529@0.90 
Purchases: IMUCx5082@1.17 TOPSx2001@2.97 VCELx1409@4.22 INVAx253@23.45 AUMNx11223@0.53 

2014-06-04
Cash: 16.01
Held: TOPSx2001@3.11 IMUCx5082@1.15 INVAx253@24.30 VCELx1409@4.22 AUMNx11223@0.54 
Value: 30236.34
Sales: IMUCx5082@1.15 TOPSx2001@3.11 VCELx1409@4.22 INVAx253@24.30 AUMNx11223@0.54 
Purchases: PFIEx1492@4.05 FNCXx1257@4.81 CADCx1708@3.54 JAKKx802@7.54 XTLBx2437@2.48 

2014-06-05
Cash: 12.22
Held: PFIEx1492@4.15 XTLBx2437@2.57 FNCXx1257@4.88 JAKKx802@7.71 CADCx1708@3.58 
Value: 30897.28
Sales: PFIEx1492@4.15 FNCXx1257@4.88 CADCx1708@3.58 JAKKx802@7.71 XTLBx2437@2.57 
Purchases: MBVXx4351@1.42 ULBIx1605@3.85 RIBTx1067@5.79 SSKNx18170@0.34 IXYSx558@11.07 

2014-06-08
Cash: 7.01
Held: SSKNx18170@0.38 ULBIx1605@3.78 IXYSx558@11.07 RIBTx1067@5.87 MBVXx4351@1.44 
Value: 31684.25
Sales: MBVXx4351@1.44 ULBIx1605@3.78 SSKNx18170@0.38 RIBTx1067@5.87 IXYSx558@11.07 
Purchases: HRIx231@27.38 PYTx312@20.28 TOPSx3370@1.88 GYBx314@20.14 ATAIx1280@4.95 

2014-06-09
Cash: 38.52
Held: TOPSx3370@1.87 GYBx314@20.41 ATAIx1280@4.86 HRIx231@26.84 PYTx312@19.92 
Value: 31384.91
Sales: HRIx231@26.84 ATAIx1280@4.86 PYTx312@19.92 TOPSx3370@1.87 GYBx314@20.41 
Purchases: SMSIx7473@0.84 NSRx254@24.70 DGICBx298@21.00 RCONx1523@4.12 SYPRx1120@5.60 

2014-06-10
Cash: 25.98
Held: RCONx1523@4.41 SYPRx1120@5.25 DGICBx298@20.66 SMSIx7473@0.82 NSRx254@24.48 
Value: 31123.79
Sales: SMSIx7473@0.82 RCONx1523@4.41 DGICBx298@20.66 SYPRx1120@5.25 NSRx254@24.48 
Purchases: CHNRx1778@3.50 DGLYx1841@3.38 INVTx1548@4.02 KELYBx310@20.06 VIIx2593@2.40 

2014-06-11
Cash: 10.81
Held: INVTx1548@3.72 KELYBx310@18.78 CHNRx1778@3.42 VIIx2593@2.52 DGLYx1841@3.30 
Value: 30283.15
Sales: CHNRx1778@3.42 DGLYx1841@3.30 INVTx1548@3.72 KELYBx310@18.78 VIIx2593@2.52 
Purchases: VUZIx2610@2.32 OPTTx3460@1.75 JVAx845@7.16 SYNx4148@1.46 KTECx514@11.77 

2014-06-12
Cash: 14.34
Held: SYNx4148@1.42 JVAx845@7.20 KTECx514@11.58 OPTTx3460@1.75 VUZIx2610@2.38 
Value: 30207.71
Sales: VUZIx2610@2.38 KTECx514@11.58 JVAx845@7.20 SYNx4148@1.42 OPTTx3460@1.75 
Purchases: AXNx19485@0.31 CXDCx628@9.61 UNXLx733@8.24 LULUx162@37.16 TDGx35@168.12 

2014-06-15
Cash: 186.32
Held: TDGx35@168.88 AXNx19485@0.34 UNXLx733@7.98 LULUx162@37.50 CXDCx628@9.58 
Value: 30663.30
Sales: LULUx162@37.50 AXNx19485@0.34 CXDCx628@9.58 TDGx35@168.88 UNXLx733@7.98 
Purchases: CDTIx438@14.00 VHIx1168@5.25 SXLx135@45.25 IDNx8176@0.75 KOOLx4200@1.46 

2014-06-16
Cash: 26.72
Held: KOOLx4200@1.47 SXLx135@45.25 VHIx1168@5.10 CDTIx438@13.80 IDNx8176@0.77 
Value: 30605.66
Sales: CDTIx438@13.80 VHIx1168@5.10 SXLx135@45.25 IDNx8176@0.77 KOOLx4200@1.47 
Purchases: RNNx6876@0.89 NAVBx3708@1.65 BCLIx1457@4.20 INVTx1974@3.10 COOLx545@11.22 

2014-06-17
Cash: 14.32
Held: INVTx1974@3.09 COOLx545@10.26 BCLIx1457@4.36 RNNx6876@0.90 NAVBx3708@1.61 
Value: 30214.70
Sales: NAVBx3708@1.61 INVTx1974@3.09 BCLIx1457@4.36 RNNx6876@0.90 COOLx545@10.26 
Purchases: BWENx619@9.76 TGTXx674@8.95 YPFx209@28.84 TPIVx3752@1.61 ENGx1741@3.47 

2014-06-18
Cash: 27.33
Held: YPFx209@30.80 ENGx1741@3.43 TPIVx3752@1.43 TGTXx674@8.30 BWENx619@9.60 
Value: 29334.61
Sales: BWENx619@9.60 TGTXx674@8.30 YPFx209@30.80 TPIVx3752@1.43 ENGx1741@3.43 
Purchases: ISRLx44@132.88 REIx339@17.28 PRPHx3690@1.59 CEIx9165@0.64 COOLx582@10.08 

2014-06-19
Cash: 30.92
Held: PRPHx3690@1.58 COOLx582@10.26 REIx339@17.41 ISRLx44@137.62 CEIx9165@0.67 
Value: 29927.51
Sales: CEIx9165@0.67 REIx339@17.41 ISRLx44@137.62 PRPHx3690@1.58 COOLx582@10.26 
Purchases: LARKx287@20.81 DLx376@15.90 UTEKx262@22.84 TGTXx735@8.13 SAJAx997@6.00 

2014-06-22
Cash: 31.83
Held: UTEKx262@22.36 DLx376@15.15 SAJAx997@6.00 LARKx287@20.33 TGTXx735@8.50 
Value: 29649.47
Sales: LARKx287@20.33 DLx376@15.15 UTEKx262@22.36 TGTXx735@8.50 SAJAx997@6.00 
Purchases: COHx173@34.25 SQBGx557@10.63 RGSEx2171@2.73 AOBCx384@15.43 TRNx140@42.22 

2014-06-23
Cash: 38.27
Held: RGSEx2171@2.82 AOBCx384@15.15 COHx173@34.03 SQBGx557@11.30 TRNx140@42.47 
Value: 30103.56
Sales: RGSEx2171@2.82 SQBGx557@11.30 TRNx140@42.47 AOBCx384@15.15 COHx173@34.03 
Purchases: AWXx1465@4.11 IGCx4096@1.47 JRJCx1436@4.19 ISRLx47@126.69 LEUx2041@2.95 

2014-06-24
Cash: 70.80
Held: AWXx1465@4.30 LEUx2041@2.75 JRJCx1436@4.28 ISRLx47@125.44 IGCx4096@1.45 
Value: 29967.63
Sales: JRJCx1436@4.28 IGCx4096@1.45 LEUx2041@2.75 ISRLx47@125.44 AWXx1465@4.30 
Purchases: CBPOx144@41.50 OZRKx183@32.69 NVCNx958@6.25 GRCx170@35.06 CBMGx486@12.32 

2014-06-25
Cash: 74.02
Held: CBPOx144@40.41 NVCNx958@6.20 GRCx170@35.94 OZRKx183@33.09 CBMGx486@13.30 
Value: 30459.19
Sales: CBPOx144@40.41 OZRKx183@33.09 CBMGx486@13.30 GRCx170@35.94 NVCNx958@6.20 
Purchases: ATVx525@11.60 NETEx3562@1.71 LIVEx1429@4.26 AXNx18455@0.33 HRTXx521@11.68 

2014-06-26
Cash: 10.78
Held: LIVEx1429@4.46 ATVx525@12.20 AXNx18455@0.32 NETEx3562@1.67 HRTXx521@11.95 
Value: 30874.80
Sales: ATVx525@12.20 HRTXx521@11.95 LIVEx1429@4.46 AXNx18455@0.32 NETEx3562@1.67 
Purchases: CNETx3072@2.01 MFNCx507@12.16 OGENx2832@2.18 FSNNx1143@5.40 AXUx4823@1.28 

2014-06-29
Cash: 19.53
Held: MFNCx507@13.00 CNETx3072@2.05 AXUx4823@1.26 FSNNx1143@5.27 OGENx2832@2.00 
Value: 30673.46
Sales: MFNCx507@13.00 CNETx3072@2.05 OGENx2832@2.00 FSNNx1143@5.27 AXUx4823@1.26 
Purchases: SYRGx471@13.00 UNXLx852@7.20 GAZx2115@2.90 OESXx1518@4.04 OMNx674@9.10 

2014-06-30
Cash: 16.65
Held: GAZx2115@2.92 SYRGx471@13.10 UNXLx852@8.08 OESXx1518@4.12 OMNx674@9.14 
Value: 31662.28
Sales: UNXLx852@8.08 OMNx674@9.14 GAZx2115@2.92 OESXx1518@4.12 SYRGx471@13.10 
Purchases: GAIAx826@7.66 OGENx3247@1.95 OLBKx399@15.85 UECx4007@1.58 XTLBx2286@2.77 

2014-07-01
Cash: 15.41
Held: OLBKx399@15.70 XTLBx2286@3.05 UECx4007@1.75 GAIAx826@7.48 OGENx3247@1.97 
Value: 32841.87
Sales: GAIAx826@7.48 OGENx3247@1.97 OLBKx399@15.70 UECx4007@1.75 XTLBx2286@3.05 
Purchases: OSBCPx656@10.00 OPHCx5254@1.25 TKRx136@48.03 RELVx4131@1.59 ADGEx3711@1.77 

2014-07-02
Cash: 47.74
Held: OSBCPx656@9.91 TKRx136@49.72 RELVx4131@1.52 ADGEx3711@1.63 OPHCx5254@1.30 
Value: 32462.84
Sales: TKRx136@49.72 OPHCx5254@1.30 OSBCPx656@9.91 RELVx4131@1.52 ADGEx3711@1.63 
Purchases: MNKDx649@10.00 GPLx5503@1.18 SYMXx3933@1.65 CVMx5409@1.20 SCKTx3983@1.63 

2014-07-06
Cash: 6.36
Held: MNKDx649@10.06 CVMx5409@1.20 SCKTx3983@1.69 SYMXx3933@1.64 GPLx5503@1.21 
Value: 32868.91
Sales: MNKDx649@10.06 GPLx5503@1.21 CVMx5409@1.20 SYMXx3933@1.64 SCKTx3983@1.69 
Purchases: LINCx1580@4.16 DLAx455@14.43 GBRx2266@2.90 SSKNx21909@0.30 JOEx271@24.25 

2014-07-07
Cash: 12.55
Held: JOEx271@23.94 DLAx455@14.41 SSKNx21909@0.28 LINCx1580@4.01 GBRx2266@2.75 
Value: 31759.63
Sales: GBRx2266@2.75 DLAx455@14.41 LINCx1580@4.01 JOEx271@23.94 SSKNx21909@0.28 
Purchases: LOANx1814@3.50 WCSTx2343@2.71 OTIVx2888@2.20 LEUx1119@5.67 OGENx3414@1.86 

2014-07-08
Cash: 9.50
Held: LEUx1119@6.90 LOANx1814@3.70 WCSTx2343@2.79 OTIVx2888@2.18 OGENx3414@2.01 
Value: 34130.28
Sales: LOANx1814@3.70 WCSTx2343@2.79 OTIVx2888@2.18 LEUx1119@6.90 OGENx3414@2.01 
Purchases: IPCIx1995@3.42 CDTIx559@12.20 KONEx1143@5.97 ARRYx1625@4.20 AMOTx515@13.24 

2014-07-09
Cash: 20.25
Held: KONEx1143@6.04 ARRYx1625@4.00 IPCIx1995@2.80 AMOTx515@13.30 CDTIx559@12.05 
Value: 32592.55
Sales: IPCIx1995@2.80 CDTIx559@12.05 KONEx1143@6.04 ARRYx1625@4.00 AMOTx515@13.30 
Purchases: NUROx3017@2.16 COx1506@4.33 TPIVx3926@1.66 HMNYx1586@4.11 TCIx517@12.59 

2014-07-10
Cash: 10.99
Held: NUROx3017@2.26 COx1506@4.70 TPIVx3926@1.78 TCIx517@12.58 HMNYx1586@4.47 
Value: 34485.41
Sales: HMNYx1586@4.47 COx1506@4.70 TPIVx3926@1.78 NUROx3017@2.26 TCIx517@12.58 
Purchases: LQDTx537@12.82 CXDCx1121@6.15 MTLx3985@1.73 CAMTx1736@3.97 

2014-07-13
Cash: 6919.45
Held: CAMTx1736@4.18 LQDTx537@13.13 MTLx3985@1.75 CXDCx1121@6.36 
Value: 35330.31
Sales: LQDTx537@13.13 CXDCx1121@6.36 MTLx3985@1.75 CAMTx1736@4.18 
Purchases: SSRIx800@8.83 NETEx5565@1.27 MUXx2419@2.92 FSMx1284@5.50 BAAx21407@0.33 

2014-07-14
Cash: 11.60
Held: MUXx2419@2.94 SSRIx800@9.16 BAAx21407@0.32 FSMx1284@5.67 NETEx5565@1.18 
Value: 35146.49
Sales: SSRIx800@9.16 NETEx5565@1.18 FSMx1284@5.67 MUXx2419@2.94 BAAx21407@0.32 
Purchases: YUMAx1324@5.31 SINOx4016@1.75 KOSSx2312@3.04 ISLEx829@8.48 MBVXx5712@1.23 

2014-07-15
Cash: 8.09
Held: ISLEx829@8.42 SINOx4016@1.71 KOSSx2312@2.99 YUMAx1324@5.30 MBVXx5712@1.23 
Value: 34817.12
Sales: YUMAx1324@5.30 SINOx4016@1.71 KOSSx2312@2.99 ISLEx829@8.42 MBVXx5712@1.23 
Purchases: ATVx586@11.87 OPTTx6216@1.12 CASMx3626@1.92 FHCOx1666@4.18 TGSx2275@3.06 

2014-07-16
Cash: 12.56
Held: ATVx586@12.47 TGSx2275@2.93 CASMx3626@1.91 FHCOx1666@4.14 OPTTx6216@1.12 
Value: 34771.44
Sales: ATVx586@12.47 TGSx2275@2.93 FHCOx1666@4.14 OPTTx6216@1.12 CASMx3626@1.91 
Purchases: CDXSx3779@1.84 INVTx3327@2.09 IGCx6497@1.07 YTENx10380@0.67 CETCx404@17.20 

2014-07-17
Cash: 8.09
Held: INVTx3327@1.98 YTENx10380@0.57 CDXSx3779@1.83 IGCx6497@1.02 CETCx404@16.59 
Value: 32755.52
Sales: YTENx10380@0.57 INVTx3327@1.98 IGCx6497@1.02 CDXSx3779@1.83 CETCx404@16.59 
Purchases: PLUGx1437@4.56 FFBCWx1247@5.25 RPRXx429@15.25 INTXx1645@3.98 LCIx177@36.88 

2014-07-20
Cash: 41.08
Held: RPRXx429@15.17 FFBCWx1247@5.25 INTXx1645@3.97 PLUGx1437@5.18 LCIx177@38.09 
Value: 33814.17
Sales: PLUGx1437@5.18 FFBCWx1247@5.25 RPRXx429@15.17 INTXx1645@3.97 LCIx177@38.09 
Purchases: CJJDx4663@1.45 YTENx12765@0.53 NUSx108@62.53 HMNYx1847@3.66 NVLNx1182@5.72 

2014-07-21
Cash: 15.96
Held: YTENx12765@0.60 CJJDx4663@1.56 NVLNx1182@5.76 HMNYx1847@3.71 NUSx108@60.38 
Value: 35133.43
Sales: CJJDx4663@1.56 YTENx12765@0.60 NVLNx1182@5.76 HMNYx1847@3.71 NUSx108@60.38 
Purchases: KEGx1013@6.93 CNETx4132@1.70 COOLx632@11.10 EZPWx720@9.76 UAMYx4684@1.50 

2014-07-22
Cash: 20.64
Held: CNETx4132@1.70 EZPWx720@9.52 UAMYx4684@1.51 COOLx632@10.80 KEGx1013@6.85 
Value: 34738.72
Sales: CNETx4132@1.70 UAMYx4684@1.51 KEGx1013@6.85 EZPWx720@9.52 COOLx632@10.80 
Purchases: EDZx243@28.53 BFRx523@13.28 SILCx229@30.30 PESIx1539@4.51 EDUx329@21.09 

2014-07-23
Cash: 38.17
Held: EDUx329@20.52 EDZx243@28.53 PESIx1539@4.57 SILCx229@29.06 BFRx523@13.06 
Value: 34241.62
Sales: EDZx243@28.53 PESIx1539@4.57 SILCx229@29.06 BFRx523@13.06 EDUx329@20.52 
Purchases: CNMDx177@38.66 LOANx2818@2.43 GSKx136@50.06 JNPRx305@22.44 AUMNx5478@1.25 

2014-07-24
Cash: 53.16
Held: CNMDx177@39.19 JNPRx305@23.17 AUMNx5478@1.23 LOANx2818@2.62 GSKx136@48.91 
Value: 34829.27
Sales: CNMDx177@39.19 LOANx2818@2.62 GSKx136@48.91 JNPRx305@23.17 AUMNx5478@1.23 
Purchases: MANHx221@31.44 SHIPx4739@1.47 FDMLx394@17.67 INVAx298@23.38 CBAKx1995@3.49 

2014-07-27
Cash: 25.06
Held: SHIPx4739@1.46 INVAx298@22.53 FDMLx394@17.67 MANHx221@31.45 CBAKx1995@4.14 
Value: 35832.54
Sales: MANHx221@31.45 SHIPx4739@1.46 FDMLx394@17.67 INVAx298@22.53 CBAKx1995@4.14 
Purchases: IQNTx625@11.45 DRWIx179@40.00 CLFDx541@13.23 DHIx332@21.55 ANGOx510@14.03 

2014-07-28
Cash: 49.26
Held: CLFDx541@13.11 DHIx332@21.56 DRWIx179@38.25 IQNTx625@11.04 ANGOx510@14.37 
Value: 35373.61
Sales: IQNTx625@11.04 DRWIx179@38.25 CLFDx541@13.11 DHIx332@21.56 ANGOx510@14.37 
Purchases: FPAYx10103@0.70 IDXXx54@129.12 CBIx111@63.41 KONEx1241@5.70 MXWLx628@11.26 

2014-07-29
Cash: 146.06
Held: IDXXx54@129.12 KONEx1241@5.55 FPAYx10103@0.70 CBIx111@60.81 MXWLx628@11.02 
Value: 34754.31
Sales: FPAYx10103@0.70 IDXXx54@129.12 KONEx1241@5.55 MXWLx628@11.02 CBIx111@60.81 
Purchases: GALTx1121@6.20 HLFx118@58.50 OSKx148@46.72 CBIOx362@19.19 IPXLx301@23.06 

2014-07-30
Cash: 99.92
Held: HLFx118@55.47 GALTx1121@6.51 IPXLx301@23.14 CBIOx362@19.59 OSKx148@46.59 
Value: 34899.01
Sales: GALTx1121@6.51 HLFx118@55.47 OSKx148@46.59 IPXLx301@23.14 CBIOx362@19.59 
Purchases: CTLx176@39.56 ETRMx5@1292.00 WINx622@11.21 HILx1501@4.65 AXUx6846@1.02 

2014-07-31
Cash: 545.79
Held: CTLx176@39.12 AXUx6846@1.04 ETRMx5@1323.00 HILx1501@4.14 WINx622@11.37 
Value: 34452.37
Sales: CTLx176@39.12 ETRMx5@1323.00 WINx622@11.37 HILx1501@4.14 AXUx6846@1.04 
Purchases: UIHCx475@14.50 CBMGx362@18.98 EDAPx3533@1.95 MTWx258@26.61 EHTHx332@20.70 

2014-08-03
Cash: 63.83
Held: EHTHx332@20.39 UIHCx475@14.65 EDAPx3533@1.80 CBMGx362@24.38 MTWx258@27.17 
Value: 35984.33
Sales: UIHCx475@14.65 CBMGx362@24.38 EDAPx3533@1.80 MTWx258@27.17 EHTHx332@20.39 
Purchases: INSYx278@25.84 SHIPx5178@1.39 ANIKx175@41.09 XTNTx1403@5.13 PXLWx1151@6.25 

2014-08-04
Cash: 23.15
Held: SHIPx5178@1.47 PXLWx1151@6.16 XTNTx1403@4.99 INSYx278@25.75 ANIKx175@40.34 
Value: 35940.95
Sales: INSYx278@25.75 SHIPx5178@1.47 ANIKx175@40.34 XTNTx1403@4.99 PXLWx1151@6.16 
Purchases: YTENx17535@0.41 DGSEx4855@1.48 INSMx569@12.63 NEx267@26.83 ABTLx883@8.14 

2014-08-05
Cash: 26.12
Held: DGSEx4855@1.60 YTENx17535@0.54 NEx267@26.50 ABTLx883@8.20 INSMx569@12.57 
Value: 38733.17
Sales: INSMx569@12.57 YTENx17535@0.54 ABTLx883@8.20 NEx267@26.50 DGSEx4855@1.60 
Purchases: FNCXx3759@2.06 ECOM          x455@17.00 IRWDx579@13.36 IHTx3759@2.06 ASPSx92@84.06 

2014-08-06
Cash: 38.15
Held: IHTx3759@2.01 ECOM          x455@16.83 FNCXx3759@2.05 IRWDx579@14.00 ASPSx92@86.62 
Value: 39034.05
Sales: FNCXx3759@2.05 ECOM          x455@16.83 IRWDx579@14.00 IHTx3759@2.01 ASPSx92@86.62 
Purchases: CRRx74@105.19 TWXx105@73.69 ROIAx2534@3.08 ROIAKx2337@3.34 XTLBx3086@2.53 

2014-08-07
Cash: 97.44
Held: XTLBx3086@2.89 ROIAKx2337@3.00 TWXx105@72.00 ROIAx2534@3.03 CRRx74@102.44 
Value: 38845.52
Sales: CRRx74@102.44 ROIAx2534@3.03 TWXx105@72.00 ROIAKx2337@3.00 XTLBx3086@2.89 
Purchases: MNTXx639@12.15 DISCAx189@41.06 DISCKx194@39.97 APEIx262@29.62 PHMDx891@8.72 

2014-08-10
Cash: 37.76
Held: DISCAx189@42.28 DISCKx194@41.03 MNTXx639@12.02 PHMDx891@9.27 APEIx262@29.91 
Value: 39770.03
Sales: DISCAx189@42.28 DISCKx194@41.03 APEIx262@29.91 PHMDx891@9.27 MNTXx639@12.02 
Purchases: LTBRx3059@2.60 GSITx1422@5.59 DLAx749@10.62 JOBSx217@36.50 OMEx679@11.71 

2014-08-11
Cash: 44.57
Held: DLAx749@10.31 LTBRx3059@2.83 GSITx1422@5.20 OMEx679@12.27 JOBSx217@31.66 
Value: 39022.20
Sales: LTBRx3059@2.83 GSITx1422@5.20 DLAx749@10.31 JOBSx217@31.66 OMEx679@12.27 
Purchases: TEARx2242@3.48 KNDx397@19.62 WGBSx709@11.00 RXDx389@20.06 ADGEx6450@1.21 

2014-08-12
Cash: 20.30
Held: KNDx397@19.44 RXDx389@20.50 ADGEx6450@1.26 WGBSx709@11.00 TEARx2242@3.38 
Value: 39215.86
Sales: TEARx2242@3.38 KNDx397@19.44 WGBSx709@11.00 RXDx389@20.50 ADGEx6450@1.26 
Purchases: MNKDx1044@7.51 BDEx974@8.05 VRTBx1786@4.39 EDNx578@13.55 GSITx1516@5.17 

2014-08-13
Cash: 23.66
Held: EDNx578@13.00 MNKDx1044@7.30 VRTBx1786@4.39 GSITx1516@5.09 BDEx974@8.00 
Value: 38509.54
Sales: MNKDx1044@7.30 GSITx1516@5.09 VRTBx1786@4.39 BDEx974@8.00 EDNx578@13.00 
Purchases: GALTx1758@4.38 SOLx3056@2.52 SIFx280@27.50 TPIVx6015@1.28 CREEx172@44.75 

2014-08-14
Cash: 13.89
Held: CREEx172@45.06 GALTx1758@4.68 TPIVx6015@1.23 SOLx3056@2.64 SIFx280@27.77 
Value: 39236.92
Sales: GALTx1758@4.68 SOLx3056@2.64 SIFx280@27.77 CREEx172@45.06 TPIVx6015@1.23 
Purchases: VLGEAx382@20.50 MSLIx4265@1.84 CNITx1547@5.07 OHGIx3030@2.59 KONEx1751@4.48 

2014-08-17
Cash: 22.69
Held: OHGIx3030@2.88 KONEx1751@4.31 MSLIx4265@1.83 VLGEAx382@19.53 CNITx1547@5.00 
Value: 39297.26
Sales: VLGEAx382@19.53 MSLIx4265@1.83 CNITx1547@5.00 OHGIx3030@2.88 KONEx1751@4.31 
Purchases: ROXx7343@1.07 SINOx5308@1.48 SMSIx7936@0.99 CHCIx916@8.58 CBMGx344@22.80 

2014-08-18
Cash: 21.44
Held: SMSIx7936@1.08 SINOx5308@1.59 CHCIx916@8.26 CBMGx344@21.41 ROXx7343@1.03 
Value: 39525.03
Sales: SMSIx7936@1.08 SINOx5308@1.59 ROXx7343@1.03 CHCIx916@8.26 CBMGx344@21.41 
Purchases: CDXCx2159@3.66 WCSTx3406@2.32 LEUx1531@5.16 ICCCx1756@4.50 EGTx3594@2.20 

2014-08-19
Cash: 13.58
Held: LEUx1531@5.00 WCSTx3406@2.39 CDXCx2159@3.60 ICCCx1756@4.43 EGTx3594@2.32 
Value: 39700.34
Sales: CDXCx2159@3.60 WCSTx3406@2.39 LEUx1531@5.00 ICCCx1756@4.43 EGTx3594@2.32 
Purchases: IDNx1741@4.56 ALNx6902@1.15 GENEx12217@0.65 MITKx3351@2.37 CASCx575@13.80 

2014-08-20
Cash: 11.78
Held: GENEx12217@0.63 CASCx575@13.80 ALNx6902@1.20 MITKx3351@2.25 IDNx1741@5.09 
Value: 40325.18
Sales: ALNx6902@1.20 IDNx1741@5.09 GENEx12217@0.63 MITKx3351@2.25 CASCx575@13.80 
Purchases: RGSEx4406@1.83 HLTHx7200@1.12 NSECx749@10.76 REEDx1337@6.03 PLXx3306@2.44 

2014-08-21
Cash: 10.80
Held: NSECx749@11.00 RGSEx4406@1.82 HLTHx7200@1.12 REEDx1337@6.23 PLXx3306@2.44 
Value: 40729.91
Sales: RGSEx4406@1.82 HLTHx7200@1.12 NSECx749@11.00 REEDx1337@6.23 PLXx3306@2.44 
Purchases: LRADx2771@2.94 FCELx3193@2.55 NVCNx1594@5.11 VBFCx325@25.00 OHGIx3233@2.52 

2014-08-24
Cash: 25.05
Held: VBFCx325@25.11 NVCNx1594@5.60 OHGIx3233@2.32 FCELx3193@2.65 LRADx2771@3.10 
Value: 41667.77
Sales: LRADx2771@3.10 FCELx3193@2.65 OHGIx3233@2.32 VBFCx325@25.11 NVCNx1594@5.60 
Purchases: BORNx3457@2.41 WGBSx1701@4.90 PNTRx1243@6.70 KNDIx438@19.02 BDRx5628@1.48 

2014-08-25
Cash: 15.57
Held: KNDIx438@19.73 WGBSx1701@4.60 PNTRx1243@6.87 BORNx3457@2.28 BDRx5628@1.42 
Value: 40898.10
Sales: BORNx3457@2.28 WGBSx1701@4.60 PNTRx1243@6.87 KNDIx438@19.73 BDRx5628@1.42 
Purchases: RGSEx5048@1.62 UNAMx678@12.06 BSPMx615@13.30 OZMx691@11.82 BOSCx2478@3.30 

2014-08-26
Cash: 16.63
Held: RGSEx5048@1.45 UNAMx678@12.05 BOSCx2478@3.54 OZMx691@12.32 BSPMx615@13.37 
Value: 41008.95
Sales: RGSEx5048@1.45 BOSCx2478@3.54 BSPMx615@13.37 OZMx691@12.32 UNAMx678@12.05 
Purchases: FSIx5062@1.62 TSLx669@12.25 FUEx959@8.55 MOVx203@40.25 NVCNx1663@4.93 

2014-08-27
Cash: 47.39
Held: MOVx203@38.47 NVCNx1663@5.00 FSIx5062@1.59 TSLx669@12.40 FUEx959@8.60 
Value: 40762.79
Sales: FSIx5062@1.59 TSLx669@12.40 FUEx959@8.60 MOVx203@38.47 NVCNx1663@5.00 
Purchases: INUVx6522@1.25 NLSTx7414@1.10 SKYx2355@3.46 AOBCx713@11.43 QUIKx2348@3.47 

2014-08-28
Cash: 8.70
Held: QUIKx2348@3.38 INUVx6522@1.40 AOBCx713@11.11 NLSTx7414@1.12 SKYx2355@3.53 
Value: 41617.33
Sales: SKYx2355@3.53 NLSTx7414@1.12 INUVx6522@1.40 AOBCx713@11.11 QUIKx2348@3.38 
Purchases: CNETx3784@2.20 GESx355@23.41 GENEx11723@0.71 WSMx126@65.88 ISNSx2256@3.69 

2014-09-01
Cash: 39.74
Held: WSMx126@65.94 CNETx3784@2.10 GENEx11723@0.66 ISNSx2256@3.91 GESx355@23.38 
Value: 41151.24
Sales: CNETx3784@2.10 GESx355@23.38 GENEx11723@0.66 WSMx126@65.94 ISNSx2256@3.91 
Purchases: FROx4115@2.00 SBOTx5208@1.58 KOSSx3722@2.21 EDAPx5310@1.55 UECx6533@1.26 

2014-09-02
Cash: 3.57
Held: FROx4115@2.01 UECx6533@1.35 KOSSx3722@2.20 SBOTx5208@1.51 EDAPx5310@1.56 
Value: 41420.42
Sales: KOSSx3722@2.20 SBOTx5208@1.51 FROx4115@2.01 EDAPx5310@1.56 UECx6533@1.35 
Purchases: EXELx4478@1.85 NCTYx2655@3.12 SBOTx5487@1.51 RIBTx1593@5.20 CONNx264@31.38 

2014-09-03
Cash: 7.11
Held: CONNx264@30.42 EXELx4478@1.90 SBOTx5487@1.74 NCTYx2655@3.10 RIBTx1593@5.00 
Value: 42291.57
Sales: EXELx4478@1.90 NCTYx2655@3.10 SBOTx5487@1.74 RIBTx1593@5.00 CONNx264@30.42 
Purchases: CLDx593@14.25 SKYx2819@3.00 KONEx1879@4.50 ATROx157@53.62 JRJCx992@8.52 

2014-09-04
Cash: 54.44
Held: CLDx593@14.17 KONEx1879@4.39 SKYx2819@2.94 ATROx157@54.25 JRJCx992@8.53 
Value: 41974.92
Sales: CLDx593@14.17 SKYx2819@2.94 KONEx1879@4.39 ATROx157@54.25 JRJCx992@8.53 
Purchases: AVNWx499@16.80 SCVLx426@19.70 IGCx9763@0.86 RPRXx491@17.09 MTRXx365@22.94 

2014-09-07
Cash: 39.68
Held: MTRXx365@24.73 RPRXx491@16.69 SCVLx426@19.41 AVNWx499@17.77 IGCx9763@0.88 
Value: 42983.69
Sales: SCVLx426@19.41 AVNWx499@17.77 IGCx9763@0.88 RPRXx491@16.69 MTRXx365@24.73 
Purchases: SGOCx3058@2.81 IDNx1655@5.19 MITKx2661@3.23 ARTWx1662@5.17 GLOWx6369@1.35 

2014-09-08
Cash: 9.67
Held: ARTWx1662@5.17 GLOWx6369@1.34 SGOCx3058@2.66 MITKx2661@3.07 IDNx1655@5.15 
Value: 41964.31
Sales: SGOCx3058@2.66 IDNx1655@5.15 MITKx2661@3.07 ARTWx1662@5.17 GLOWx6369@1.34 
Purchases: PRANx3454@2.43 WRLDx118@71.00 AUMNx11338@0.74 KERXx547@15.33 BDRx5748@1.46 

2014-09-09
Cash: 25.06
Held: AUMNx11338@0.72 WRLDx118@71.44 KERXx547@14.59 PRANx3454@2.40 BDRx5748@1.48 
Value: 41403.94
Sales: PRANx3454@2.40 WRLDx118@71.44 BDRx5748@1.48 KERXx547@14.59 AUMNx11338@0.72 
Purchases: TCCOx1819@4.55 THMx15333@0.54 LBJx302@27.36 KOSSx4080@2.03 ABACx1656@5.00 

2014-09-10
Cash: 23.59
Held: ABACx1656@5.48 KOSSx4080@2.04 LBJx302@26.98 TCCOx1819@4.59 THMx15333@0.57 
Value: 42653.94
Sales: ABACx1656@5.48 THMx15333@0.57 LBJx302@26.98 KOSSx4080@2.04 TCCOx1819@4.59 
Purchases: NHTCx654@13.04 IMMRx867@9.83 LEUx2707@3.15 RADAx2369@3.60 MGCDx1209@7.05 

2014-09-11
Cash: 25.43
Held: RADAx2369@3.66 LEUx2707@2.92 IMMRx867@9.99 NHTCx654@11.95 MGCDx1209@6.85 
Value: 41364.68
Sales: NHTCx654@11.95 IMMRx867@9.99 LEUx2707@2.92 RADAx2369@3.66 MGCDx1209@6.85 
Purchases: WKHSx35972@0.23 INVEx547@15.10 RICx3882@2.13 STRMx2068@4.00 MBVXx1315@6.29 

2014-09-14
Cash: 17.16
Held: INVEx547@15.05 RICx3882@2.20 WKHSx35972@0.20 STRMx2068@4.10 MBVXx1315@5.50 
Value: 39692.34
Sales: WKHSx35972@0.20 INVEx547@15.05 RICx3882@2.20 STRMx2068@4.10 MBVXx1315@5.50 
Purchases: FNCXx2205@3.60 OREXx1541@5.15 MTSLx4870@1.63 AHPIx1881@4.22 FCSCx2897@2.74 

2014-09-15
Cash: 10.00
Held: FNCXx2205@3.41 OREXx1541@4.85 AHPIx1881@4.36 FCSCx2897@2.69 MTSLx4870@1.49 
Value: 38254.42
Sales: FNCXx2205@3.41 OREXx1541@4.85 MTSLx4870@1.49 AHPIx1881@4.36 FCSCx2897@2.69 
Purchases: DRNx543@14.07 UNISx3213@2.38 GOGLx667@11.47 SYNx4025@1.90 NTNx20140@0.38 

2014-09-16
Cash: 14.98
Held: DRNx543@14.57 SYNx4025@1.85 GOGLx667@11.43 UNISx3213@2.45 NTNx20140@0.38 
Value: 38515.11
Sales: UNISx3213@2.45 GOGLx667@11.43 SYNx4025@1.85 NTNx20140@0.38 DRNx543@14.57 
Purchases: OPXAx7005@1.10 COOLx873@8.82 ATx3057@2.52 RADAx2864@2.69 NSSCx1746@4.41 

2014-09-17
Cash: 7.28
Held: RADAx2864@2.82 OPXAx7005@1.11 NSSCx1746@4.44 COOLx873@8.64 ATx3057@2.25 
Value: 38038.88
Sales: OPXAx7005@1.11 COOLx873@8.64 ATx3057@2.25 RADAx2864@2.82 NSSCx1746@4.44 
Purchases: TEUMx7043@1.08 ESCAx620@12.26 OMEXx8847@0.86 HGSHx1214@6.26 VHCx1114@6.83 

2014-09-18
Cash: 16.58
Held: TEUMx7043@1.04 VHCx1114@5.60 OMEXx8847@0.88 ESCAx620@12.24 HGSHx1214@5.64 
Value: 35803.91
Sales: ESCAx620@12.24 OMEXx8847@0.88 TEUMx7043@1.04 HGSHx1214@5.64 VHCx1114@5.60 
Purchases: SINOx2864@2.50 NETEx2460@2.91 OTIVx2040@3.51 IFONx2923@2.45 ANTHx4476@1.60 

2014-09-21
Cash: 6.09
Held: ANTHx4476@1.61 IFONx2923@2.40 SINOx2864@2.28 OTIVx2040@3.13 NETEx2460@3.25 
Value: 35140.23
Sales: NETEx2460@3.25 SINOx2864@2.28 IFONx2923@2.40 OTIVx2040@3.13 ANTHx4476@1.61 
Purchases: VHCx1320@5.32 RPRXx759@9.25 LEUx4286@1.64 QRHCx3819@1.84 CETCx173@40.59 

2014-09-22
Cash: 20.05
Held: RPRXx759@8.95 QRHCx3819@1.84 VHCx1320@5.00 LEUx4286@1.45 CETCx173@35.69 
Value: 32831.31
Sales: CETCx173@35.69 RPRXx759@8.95 VHCx1320@5.00 QRHCx3819@1.84 LEUx4286@1.45 
Purchases: ESNCx8527@0.77 CREGx5659@1.16 KONEx2052@3.20 MTLx8420@0.78 MBVXx851@7.71 

2014-09-23
Cash: 7.43
Held: ESNCx8527@0.84 CREGx5659@1.24 KONEx2052@3.16 MTLx8420@0.79 MBVXx851@8.39 
Value: 34464.46
Sales: ESNCx8527@0.84 MBVXx851@8.39 KONEx2052@3.16 MTLx8420@0.79 CREGx5659@1.24 
Purchases: SRSCx614@11.21 GRBKx1045@6.59 WPCSx8207@0.84 TTMIx1009@6.83 CEIx14067@0.49 

2014-09-24
Cash: 19.69
Held: WPCSx8207@0.84 GRBKx1045@6.48 SRSCx614@11.42 TTMIx1009@6.92 CEIx14067@0.45 
Value: 34011.04
Sales: SRSCx614@11.42 GRBKx1045@6.48 WPCSx8207@0.84 TTMIx1009@6.92 CEIx14067@0.45 
Purchases: CNETx1236@5.50 ACURx2000@3.40 SBOTx5528@1.23 OTIVx2370@2.87 NVCNx1178@5.77 

2014-09-25
Cash: 13.86
Held: CNETx1236@6.62 NVCNx1178@5.76 ACURx2000@3.40 SBOTx5528@1.15 OTIVx2370@2.94 
Value: 35111.48
Sales: CNETx1236@6.62 ACURx2000@3.40 SBOTx5528@1.15 OTIVx2370@2.94 NVCNx1178@5.76 
Purchases: CYTXx688@10.20 LLITx1413@4.97 OMNx1233@5.69 OHGIx3375@2.08 MBVXx988@7.10 

2014-09-28
Cash: 16.77
Held: OHGIx3375@2.25 LLITx1413@4.92 OMNx1233@5.67 CYTXx688@10.05 MBVXx988@6.90 
Value: 35286.46
Sales: CYTXx688@10.05 MBVXx988@6.90 LLITx1413@4.92 OHGIx3375@2.25 OMNx1233@5.67 
Purchases: IRMx222@31.66 OMEXx8020@0.88 LEUx6593@1.07 POWLx157@44.69 FINLx280@25.12 

2014-09-29
Cash: 94.60
Held: POWLx157@43.12 FINLx280@25.39 LEUx6593@10.00 OMEXx8020@0.95 IRMx222@32.59 
Value: 94760.98
Sales: IRMx222@32.59 OMEXx8020@0.95 FINLx280@25.39 POWLx157@43.12 LEUx6593@10.00 
Purchases: WMLPx25269@0.75 SRSCx2011@9.42 DGLYx1155@16.41 ELGXx1752@10.81 AMCNx10890@1.74 

2014-09-30
Cash: 17.97
Held: AMCNx10890@1.73 SRSCx2011@9.60 DGLYx1155@15.53 ELGXx1752@10.57 WMLPx25269@0.77 
Value: 94086.92
Sales: WMLPx25269@0.77 AMCNx10890@1.73 DGLYx1155@15.53 ELGXx1752@10.57 SRSCx2011@9.60 
Purchases: EXELx11909@1.58 PDFSx1493@12.60 IOTx3194@5.89 UBRx464@40.50 XTLBx11202@1.68 

2014-10-01
Cash: 33.12
Held: XTLBx11202@1.67 IOTx3194@5.82 UBRx464@39.25 PDFSx1493@12.72 EXELx11909@1.52 
Value: 92626.86
Sales: EXELx11909@1.52 PDFSx1493@12.72 IOTx3194@5.82 UBRx464@39.25 XTLBx11202@1.67 
Purchases: CNETx2412@7.68 FNCXx5448@3.40 JRJCx2895@6.40 ADPx258@71.69 GROWx5401@3.43 

2014-10-02
Cash: 35.53
Held: CNETx2412@7.88 ADPx258@73.56 FNCXx5448@3.21 GROWx5401@3.32 JRJCx2895@6.12 
Value: 91165.34
Sales: CNETx2412@7.88 FNCXx5448@3.21 GROWx5401@3.32 ADPx258@73.56 JRJCx2895@6.12 
Purchases: GASLx863@21.12 NTNx62864@0.29 WAFDWx4362@4.18 LEUx2464@7.40 CPRXx6701@2.72 

2014-10-05
Cash: 8.47
Held: CPRXx6701@2.75 WAFDWx4362@4.90 GASLx863@20.06 LEUx2464@7.59 NTNx62864@0.34 
Value: 97197.80
Sales: LEUx2464@7.59 WAFDWx4362@4.90 GASLx863@20.06 NTNx62864@0.34 CPRXx6701@2.75 
Purchases: UAMYx17354@1.12 INVTx12152@1.60 GBRx15551@1.25 MTLx19067@1.02 OHAIx3192@6.09 

2014-10-06
Cash: 3.90
Held: INVTx12152@1.53 UAMYx17354@1.05 OHAIx3192@6.16 GBRx15551@1.04 MTLx19067@0.95 
Value: 90772.33
Sales: UAMYx17354@1.05 INVTx12152@1.53 GBRx15551@1.04 MTLx19067@0.95 OHAIx3192@6.16 
Purchases: SORLx4631@3.92 QBAKx14300@1.27 CLFx2221@8.17 XTLBx7726@2.35 GOROx3912@4.64 

2014-10-07
Cash: 7.94
Held: XTLBx7726@2.20 SORLx4631@3.60 CLFx2221@7.75 GOROx3912@4.35 QBAKx14300@1.27 
Value: 86059.25
Sales: SORLx4631@3.60 QBAKx14300@1.27 CLFx2221@7.75 XTLBx7726@2.20 GOROx3912@4.35 
Purchases: CYTXx1999@8.61 ACURx5737@3.00 UISx835@20.59 GBRx16706@1.03 CMCTx882@19.50 

2014-10-08
Cash: 31.58
Held: UISx835@20.17 ACURx5737@2.95 CMCTx882@19.23 GBRx16706@1.10 CYTXx1999@7.42 
Value: 83965.89
Sales: CYTXx1999@7.42 ACURx5737@2.95 UISx835@20.17 GBRx16706@1.10 CMCTx882@19.23 
Purchases: NAKx41993@0.40 VIIx8886@1.89 FPPx5297@3.17 ISSCx5954@2.82 CHCIx2399@7.00 

2014-10-09
Cash: 5.16
Held: NAKx41993@0.41 VIIx8886@1.60 CHCIx2399@6.93 ISSCx5954@2.79 FPPx5297@2.85 
Value: 79757.50
Sales: NAKx41993@0.41 VIIx8886@1.60 CHCIx2399@6.93 ISSCx5954@2.79 FPPx5297@2.85 
Purchases: ARWRx2328@6.85 PHXx615@25.91 ARCWx1268@12.58 TPIVx26581@0.60 WPCSx25324@0.63 

2014-10-12
Cash: 23.31
Held: WPCSx25324@0.62 TPIVx26581@0.55 PHXx615@23.38 ARCWx1268@10.11 ARWRx2328@6.45 
Value: 72549.61
Sales: ARWRx2328@6.45 WPCSx25324@0.62 ARCWx1268@10.11 TPIVx26581@0.55 PHXx615@23.38 
Purchases: RTIXx3849@3.77 APHx316@45.81 IGCx22666@0.64 GASLx1058@13.70 ISNSx6562@2.21 

2014-10-13
Cash: 48.52
Held: APHx316@45.84 GASLx1058@11.20 ISNSx6562@2.06 RTIXx3849@3.67 IGCx22666@0.61 
Value: 67858.05
Sales: RTIXx3849@3.67 APHx316@45.84 IGCx22666@0.61 GASLx1058@11.20 ISNSx6562@2.06 
Purchases: CNETx3497@3.88 BGIx13440@1.01 MNTAx1357@10.00 ARCWx1474@9.20 GTXIx32319@0.42 

2014-10-14
Cash: 8.57
Held: CNETx3497@4.50 GTXIx32319@0.45 MNTAx1357@10.26 ARCWx1474@8.24 BGIx13440@0.97 
Value: 69395.57
Sales: CNETx3497@4.50 MNTAx1357@10.26 ARCWx1474@8.24 GTXIx32319@0.45 BGIx13440@0.97 
Purchases: TPLx101@137.25 RBCNx3351@4.14 GASLx1375@10.09 AHPIx3084@4.50 OBCIx3119@4.45 

2014-10-15
Cash: 24.06
Held: OBCIx3119@3.96 TPLx101@132.00 GASLx1375@11.37 AHPIx3084@4.70 RBCNx3351@4.15 
Value: 69733.91
Sales: RBCNx3351@4.15 TPLx101@132.00 GASLx1375@11.37 AHPIx3084@4.70 OBCIx3119@3.96 
Purchases: SNNx481@28.94 QVCAx582@23.94 SHPGx80@173.50 ENOCx1076@12.95 CLMx3236@4.31 

2014-10-16
Cash: 123.18
Held: SNNx481@30.28 ENOCx1076@13.61 CLMx3236@4.62 QVCAx582@23.78 SHPGx80@182.12 
Value: 72696.70
Sales: SNNx481@30.28 CLMx3236@4.62 SHPGx80@182.12 ENOCx1076@13.61 QVCAx582@23.78 
Purchases: TEARx4735@3.07 TRXx8034@1.81 QVCBx581@25.02 NUSx329@44.16 ARTWx2742@5.30 

2014-10-19
Cash: 24.45
Held: ARTWx2742@5.37 TRXx8034@1.75 QVCBx581@25.14 NUSx329@44.12 TEARx4735@3.16 
Value: 72898.66
Sales: TEARx4735@3.16 TRXx8034@1.75 QVCBx581@25.14 NUSx329@44.12 ARTWx2742@5.37 
Purchases: TPIVx38379@0.38 MGHx42870@0.34 DPKx378@38.50 PBHCx1474@9.89 URBNx493@29.55 

2014-10-20
Cash: 41.18
Held: DPKx378@37.03 TPIVx38379@0.35 PBHCx1474@9.64 URBNx493@30.23 MGHx42870@0.37 
Value: 72458.14
Sales: MGHx42870@0.37 DPKx378@37.03 TPIVx38379@0.35 URBNx493@30.23 PBHCx1474@9.64 
Purchases: CWEIx200@72.19 VSRx4140@3.50 REN           x798@18.16 RENx3991@3.63 LAKEx1046@13.84 

2014-10-21
Cash: 70.63
Held: CWEIx200@75.38 VSRx4140@3.59 LAKEx1046@14.71 REN           x798@18.91 RENx3991@3.78 
Value: 75565.59
Sales: CWEIx200@75.38 VSRx4140@3.59 REN           x798@18.91 RENx3991@3.78 LAKEx1046@14.71 
Purchases: MPETx8397@1.80 AMCNx6996@2.16 EBR.Bx3976@3.80 VXXx462@32.69 DLHCx5835@2.59 

2014-10-22
Cash: 14.90
Held: AMCNx6996@2.13 VXXx462@33.34 DLHCx5835@2.55 MPETx8397@1.80 EBR.Bx3976@3.53 
Value: 74356.46
Sales: MPETx8397@1.80 AMCNx6996@2.13 EBR.Bx3976@3.53 VXXx462@33.34 DLHCx5835@2.55 
Purchases: ASPSx213@69.62 CETCx462@32.19 BAAx87455@0.17 ATx6638@2.24 OCNx777@19.12 

2014-10-23
Cash: 53.72
Held: BAAx87455@0.18 ASPSx213@71.88 ATx6638@2.32 OCNx777@19.45 CETCx462@28.70 
Value: 74887.85
Sales: CETCx462@28.70 ASPSx213@71.88 OCNx777@19.45 ATx6638@2.32 BAAx87455@0.18 
Purchases: CABx305@48.97 UTEKx869@17.23 TPIVx48305@0.31 CLBx116@128.50 SSKNx7841@1.91 

2014-10-26
Cash: 114.79
Held: UTEKx869@17.59 SSKNx7841@1.93 CLBx116@129.00 TPIVx48305@0.31 CABx305@49.09 
Value: 75449.41
Sales: CABx305@49.09 UTEKx869@17.59 SSKNx7841@1.93 CLBx116@129.00 TPIVx48305@0.31 
Purchases: IGCx19351@0.78 EGTx8384@1.80 HUBGx442@34.09 JAKKx2321@6.50 SYNAx242@62.16 

2014-10-27
Cash: 72.48
Held: HUBGx442@35.16 JAKKx2321@6.41 IGCx19351@0.77 EGTx8384@1.80 SYNAx242@63.22 
Value: 75778.66
Sales: IGCx19351@0.77 SYNAx242@63.22 HUBGx442@35.16 JAKKx2321@6.41 EGTx8384@1.80 
Purchases: PDFSx1251@12.11 DRRXx19947@0.76 IBIOx11229@1.35 IHTx6339@2.39 BASx1201@12.62 

2014-10-28
Cash: 12.61
Held: DRRXx19947@0.76 IHTx6339@2.31 BASx1201@12.69 PDFSx1251@12.27 IBIOx11229@1.00 
Value: 71634.97
Sales: PDFSx1251@12.27 DRRXx19947@0.76 BASx1201@12.69 IHTx6339@2.31 IBIOx11229@1.00 
Purchases: DCOx557@25.69 ENGx10851@1.32 AXNx49396@0.29 APDNx2513@5.70 PESx1575@9.09 

2014-10-29
Cash: 28.76
Held: APDNx2513@6.31 DCOx557@24.86 ENGx10851@1.30 PESx1575@9.15 AXNx49396@0.30 
Value: 73063.11
Sales: DCOx557@24.86 PESx1575@9.15 AXNx49396@0.30 APDNx2513@6.31 ENGx10851@1.30 
Purchases: MPWRx350@41.72 LAYNx2164@6.75 SBOTx11599@1.26 GIGAx8854@1.65 ZIOPx4789@3.05 

2014-10-30
Cash: 19.77
Held: GIGAx8854@1.66 LAYNx2164@6.99 ZIOPx4789@3.16 MPWRx350@43.38 SBOTx11599@1.30 
Value: 75233.11
Sales: LAYNx2164@6.99 MPWRx350@43.38 ZIOPx4789@3.16 GIGAx8854@1.66 SBOTx11599@1.30 
Purchases: ARAYx2380@6.32 WNCx1553@9.69 AFSIx671@22.41 GLUUx4078@3.69 HGGx2640@5.70 

2014-11-02
Cash: 19.96
Held: WNCx1553@10.44 GLUUx4078@3.85 AFSIx671@23.64 HGGx2640@5.25 ARAYx2380@6.34 
Value: 76739.79
Sales: ARAYx2380@6.34 WNCx1553@10.44 HGGx2640@5.25 GLUUx4078@3.85 AFSIx671@23.64 
Purchases: AUYx3818@4.02 MGIx1820@8.43 PPPx4526@3.39 CRNTx11807@1.30 TGDx15347@1.00 

2014-11-03
Cash: 11.43
Held: TGDx15347@1.02 PPPx4526@3.52 MGIx1820@8.12 AUYx3818@4.01 CRNTx11807@1.26 
Value: 76551.65
Sales: AUYx3818@4.01 MGIx1820@8.12 PPPx4526@3.52 CRNTx11807@1.26 TGDx15347@1.02 
Purchases: KBALx1184@12.93 MGIx1886@8.12 COYNx784@19.52 ISNSx6864@2.23 CEIx43731@0.35 

2014-11-04
Cash: 13.57
Held: KBALx1184@12.77 ISNSx6864@2.13 MGIx1886@8.45 CEIx43731@0.34 COYNx784@20.38 
Value: 76552.52
Sales: KBALx1184@12.77 MGIx1886@8.45 COYNx784@20.38 ISNSx6864@2.13 CEIx43731@0.34 
Purchases: NEOx3202@4.78 APx796@19.22 PQx3945@3.88 GASLx1411@10.84 CRKx310@49.34 

2014-11-05
Cash: 37.75
Held: GASLx1411@11.66 NEOx3202@4.76 APx796@18.81 CRKx310@49.41 PQx3945@4.01 
Value: 77848.66
Sales: CRKx310@49.41 NEOx3202@4.76 PQx3945@4.01 GASLx1411@11.66 APx796@18.81 
Purchases: AKSx2506@6.21 SSRIx3892@4.00 ZAGGx3082@5.05 GPLx23241@0.67 NWYx5989@2.60 

2014-11-06
Cash: 10.82
Held: ZAGGx3082@5.19 SSRIx3892@4.44 NWYx5989@2.73 AKSx2506@6.23 GPLx23241@0.73 
Value: 82228.50
Sales: AKSx2506@6.23 SSRIx3892@4.44 ZAGGx3082@5.19 GPLx23241@0.73 NWYx5989@2.73 
Purchases: WEBx1112@14.79 UBNx1212@13.56 GNWx1941@8.47 CEIx60905@0.27 AMRIx1034@15.90 

2014-11-09
Cash: 22.95
Held: AMRIx1034@16.77 WEBx1112@15.43 UBNx1212@13.55 GNWx1941@8.45 CEIx60905@0.30 
Value: 85617.22
Sales: WEBx1112@15.43 UBNx1212@13.55 AMRIx1034@16.77 CEIx60905@0.30 GNWx1941@8.45 
Purchases: CVOx1313@13.04 AKRXx473@36.19 MSONx1465@11.69 FNGNx543@31.53 GNWx2025@8.45 

