2013-07-23
Cash: 10000.00
Held: 
Value: 10000.00
Sales: 
Purchases: AEHRx1360@1.47 OPXAx1342@1.49 EVCx336@5.95 FXPx97@20.48 CTGx109@18.34 

2013-07-24
Cash: 15.89
Held: OPXAx1342@1.53 CTGx109@18.70 FXPx97@20.81 AEHRx1360@1.29 EVCx336@5.11 
Value: 9598.17
Sales: OPXAx1342@1.53 AEHRx1360@1.29 CTGx109@18.70 EVCx336@5.11 FXPx97@20.81 
Purchases: ETBx125@15.27 CBMXx2@742.50 FCFPx639@3.00 ALSKx786@2.44 ALGTx20@92.75 

2013-07-25
Cash: 514.58
Held: ETBx125@15.34 ALSKx786@2.55 FCFPx639@3.00 ALGTx20@93.25 CBMXx2@729.00 
Value: 9677.46
Sales: ETBx125@15.34 CBMXx2@729.00 FCFPx639@3.00 ALSKx786@2.55 ALGTx20@93.25 
Purchases: SGOCx1034@1.87 HNRx444@4.35 SRPTx52@36.75 PHMx117@16.52 AEZSx13@145.00 

2013-07-28
Cash: 83.34
Held: HNRx444@4.30 SGOCx1034@1.80 SRPTx52@37.00 PHMx117@16.25 AEZSx13@140.00 
Value: 9499.13
Sales: SGOCx1034@1.80 SRPTx52@37.00 HNRx444@4.30 PHMx117@16.25 AEZSx13@140.00 
Purchases: ARIIx55@34.03 IPCIx926@2.05 WPCSx599@3.17 EXPEx39@47.97 FORRx54@35.12 

2013-07-29
Cash: 62.08
Held: WPCSx599@3.20 FORRx54@35.16 ARIIx55@34.78 EXPEx39@46.25 IPCIx926@1.90 
Value: 9353.33
Sales: FORRx54@35.16 WPCSx599@3.20 ARIIx55@34.78 EXPEx39@46.25 IPCIx926@1.90 
Purchases: ABEOx4924@0.38 CDTIx235@7.95 BASx157@11.84 AIMCx73@25.39 PTXx550@3.40 

2013-07-30
Cash: 31.52
Held: BASx157@11.49 ABEOx4924@0.30 PTXx550@3.35 AIMCx73@25.45 CDTIx235@7.75 
Value: 8834.85
Sales: ABEOx4924@0.30 CDTIx235@7.75 BASx157@11.49 AIMCx73@25.45 PTXx550@3.35 
Purchases: DRAMx193@9.15 TRQx451@3.91 IPIx131@13.39 OFIXx77@22.94 SQMx58@30.36 

2013-07-31
Cash: 24.51
Held: IPIx131@12.86 TRQx451@4.00 DRAMx193@9.54 SQMx58@29.06 OFIXx77@22.91 
Value: 8803.54
Sales: TRQx451@4.00 DRAMx193@9.54 IPIx131@12.86 OFIXx77@22.91 SQMx58@29.06 
Purchases: VUZIx912@1.93 LTBRx769@2.29 BGFVx86@20.47 AHPIx360@4.88 BAAx1873@0.94 

2013-08-01
Cash: 6.15
Held: BAAx1873@0.88 LTBRx769@2.19 AHPIx360@5.40 BGFVx86@20.00 VUZIx912@1.92 
Value: 8752.26
Sales: LTBRx769@2.19 VUZIx912@1.92 BGFVx86@20.00 AHPIx360@5.40 BAAx1873@0.88 
Purchases: LTBRx799@2.19 CENXx208@8.39 BJRIx55@31.44 BOMx118@14.71 HDSNx777@2.25 

2013-08-04
Cash: 44.44
Held: HDSNx777@2.15 BJRIx55@31.14 LTBRx799@1.95 BOMx118@15.26 CENXx208@8.33 
Value: 8518.90
Sales: LTBRx799@1.95 CENXx208@8.33 BJRIx55@31.14 BOMx118@15.26 HDSNx777@2.15 
Purchases: ORNx162@10.48 TEARx139@12.24 JOBx6309@0.27 WPRTx59@28.72 WTWx44@38.00 

2013-08-05
Cash: 50.07
Held: JOBx6309@0.30 ORNx162@10.15 WTWx44@38.38 TEARx139@12.61 WPRTx59@29.23 
Value: 8753.16
Sales: ORNx162@10.15 TEARx139@12.61 JOBx6309@0.30 WPRTx59@29.23 WTWx44@38.38 
Purchases: IMKTAx68@25.66 HCIx49@35.09 URREx510@3.43 HGSHx215@8.12 LRADx1250@1.40 

2013-08-06
Cash: 44.12
Held: IMKTAx68@25.52 HCIx49@34.59 URREx510@3.40 LRADx1250@1.43 HGSHx215@8.12 
Value: 8740.78
Sales: IMKTAx68@25.52 HCIx49@34.59 HGSHx215@8.12 URREx510@3.40 LRADx1250@1.43 
Purchases: MDRx250@6.97 SSPx121@14.44 KONEx560@3.12 ASMx1801@0.97 TAx203@8.59 

2013-08-07
Cash: 13.05
Held: KONEx560@3.45 MDRx250@6.77 TAx203@8.11 SSPx121@14.59 ASMx1801@0.92 
Value: 8705.82
Sales: MDRx250@6.77 SSPx121@14.59 KONEx560@3.45 ASMx1801@0.92 TAx203@8.11 
Purchases: SCONx1061@1.64 VCELx3286@0.53 YRCWx72@24.00 CSPIx253@6.86 INOx833@2.09 

2013-08-08
Cash: 21.01
Held: CSPIx253@7.09 INOx833@2.00 VCELx3286@0.46 YRCWx72@22.50 SCONx1061@1.69 
Value: 8405.72
Sales: SCONx1061@1.69 VCELx3286@0.46 INOx833@2.00 YRCWx72@22.50 CSPIx253@7.09 
Purchases: OPXAx1167@1.44 VCELx3654@0.46 BOSCx585@2.87 UAMx210@8.00 CAMTx913@1.84 

2013-08-11
Cash: 5.82
Held: OPXAx1167@1.38 CAMTx913@1.74 VCELx3654@0.60 UAMx210@7.70 BOSCx585@3.89 
Value: 9290.58
Sales: OPXAx1167@1.38 VCELx3654@0.60 BOSCx585@3.89 UAMx210@7.70 CAMTx913@1.74 
Purchases: PLUGx4532@0.41 MVISx829@2.24 XOMAx464@4.00 BIOLx952@1.95 CECOx595@3.12 

2013-08-12
Cash: 7.23
Held: CECOx595@3.08 PLUGx4532@0.44 XOMAx464@4.07 MVISx829@2.23 BIOLx952@1.93 
Value: 9408.44
Sales: PLUGx4532@0.44 MVISx829@2.23 BIOLx952@1.93 XOMAx464@4.07 CECOx595@3.08 
Purchases: FALCx2113@0.89 ZSLx22@82.75 IINx603@3.12 LOVx236@7.97 BIOLx975@1.93 

2013-08-13
Cash: 64.17
Held: LOVx236@7.90 IINx603@2.81 ZSLx22@82.44 FALCx2113@0.93 BIOLx975@1.78 
Value: 9137.81
Sales: ZSLx22@82.44 FALCx2113@0.93 IINx603@2.81 LOVx236@7.90 BIOLx975@1.78 
Purchases: FBMSx135@13.49 GNVCx6526@0.28 FXPx99@18.30 PBR.Ax127@14.31 PGNXx394@4.63 

2013-08-14
Cash: 36.03
Held: PGNXx394@4.63 FXPx99@18.45 PBR.Ax127@14.77 FBMSx135@13.33 GNVCx6526@0.28 
Value: 9189.67
Sales: FBMSx135@13.33 GNVCx6526@0.28 PBR.Ax127@14.77 PGNXx394@4.63 FXPx99@18.45 
Purchases: CALIx707@2.60 SPUx918@2.00 CREEx31@58.50 ALIMx553@3.32 GVx1062@1.73 

2013-08-15
Cash: 28.36
Held: SPUx918@1.88 GVx1062@1.71 CALIx707@2.32 CREEx31@56.19 ALIMx553@3.17 
Value: 8705.31
Sales: GVx1062@1.71 ALIMx553@3.17 CREEx31@56.19 SPUx918@1.88 CALIx707@2.32 
Purchases: MNKDx257@6.75 CPHIx9166@0.19 CAASx246@7.07 RILYx5802@0.30 OSIRx87@20.00 

2013-08-18
Cash: 9.38
Held: MNKDx257@6.12 CAASx246@7.14 CPHIx9166@0.20 RILYx5802@0.30 OSIRx87@19.17 
Value: 8580.68
Sales: MNKDx257@6.12 CPHIx9166@0.20 CAASx246@7.14 RILYx5802@0.30 OSIRx87@19.17 
Purchases: BORNx1280@1.34 EROx33@51.25 CREGx937@1.83 SPHSx394@4.35 GTIMx780@2.20 

2013-08-19
Cash: 29.74
Held: CREGx937@1.89 SPHSx394@4.15 GTIMx780@2.10 EROx33@51.25 BORNx1280@1.21 
Value: 8312.52
Sales: BORNx1280@1.21 GTIMx780@2.10 EROx33@51.25 SPHSx394@4.15 CREGx937@1.89 
Purchases: CIEx66@24.84 GTXIx1204@1.38 WBKx58@28.56 BIOLx1045@1.59 IDSAx1094@1.52 

2013-08-20
Cash: 31.08
Held: GTXIx1204@1.49 WBKx58@28.50 IDSAx1094@1.58 BIOLx1045@1.53 CIEx66@24.66 
Value: 8433.37
Sales: CIEx66@24.66 GTXIx1204@1.49 WBKx58@28.50 BIOLx1045@1.53 IDSAx1094@1.58 
Purchases: FSIx1561@1.08 LIVEx520@3.24 OTIVx1117@1.51 RELVx799@2.11 HMNYx330@5.11 

2013-08-21
Cash: 4.56
Held: RELVx799@2.07 LIVEx520@3.30 FSIx1561@1.15 HMNYx330@5.06 OTIVx1117@1.45 
Value: 8460.11
Sales: FSIx1561@1.15 LIVEx520@3.30 OTIVx1117@1.45 RELVx799@2.07 HMNYx330@5.06 
Purchases: CNTFx279@6.05 SPLSx117@14.34 IOTx353@4.79 LPTHx1128@1.50 SSNx3319@0.51 

2013-08-22
Cash: 19.27
Held: CNTFx279@6.10 SSNx3319@0.48 IOTx353@4.79 LPTHx1128@1.48 SPLSx117@13.92 
Value: 8304.03
Sales: CNTFx279@6.10 SPLSx117@13.92 SSNx3319@0.48 LPTHx1128@1.48 IOTx353@4.79 
Purchases: STVx1121@1.48 WKHSx5930@0.28 SBOTx1407@1.18 HPQx74@22.22 LUNAx1395@1.19 

2013-08-25
Cash: 19.19
Held: HPQx74@22.36 STVx1121@1.47 SBOTx1407@1.38 LUNAx1395@1.20 WKHSx5930@0.34 
Value: 8953.84
Sales: LUNAx1395@1.20 WKHSx5930@0.34 HPQx74@22.36 STVx1121@1.47 SBOTx1407@1.38 
Purchases: VUZIx789@2.27 GESx63@28.19 PXLWx467@3.83 RPRXx95@18.81 DGSEx634@2.82 

2013-08-26
Cash: 23.45
Held: DGSEx634@2.57 RPRXx95@19.09 PXLWx467@3.85 GESx63@27.81 VUZIx789@2.35 
Value: 8870.73
Sales: GESx63@27.81 VUZIx789@2.35 PXLWx467@3.85 RPRXx95@19.09 DGSEx634@2.57 
Purchases: ZSLx28@62.44 UCFCx437@4.05 MARKx597@2.97 SPCBx337@5.25 NEPTx583@3.04 

2013-08-27
Cash: 37.76
Held: NEPTx583@3.07 ZSLx28@62.91 MARKx597@2.95 UCFCx437@4.02 SPCBx337@4.51 
Value: 8626.79
Sales: ZSLx28@62.91 UCFCx437@4.02 MARKx597@2.95 SPCBx337@4.51 NEPTx583@3.07 
Purchases: EMITFx84@20.41 INDLx63@27.38 FFHLx1259@1.37 HDBx64@26.88 ANIPx235@7.33 

2013-08-28
Cash: 20.96
Held: ANIPx235@6.95 FFHLx1259@1.28 HDBx64@28.09 EMITFx84@21.20 INDLx63@31.34 
Value: 8819.61
Sales: EMITFx84@21.20 INDLx63@31.34 FFHLx1259@1.28 HDBx64@28.09 ANIPx235@6.95 
Purchases: ATVx128@13.73 ABACx551@3.20 LOANx1160@1.52 MSLIx1781@0.99 CPRXx933@1.89 

2013-08-29
Cash: 10.53
Held: CPRXx933@1.96 ABACx551@3.12 ATVx128@13.73 MSLIx1781@1.11 LOANx1160@1.58 
Value: 9125.25
Sales: ATVx128@13.73 ABACx551@3.12 LOANx1160@1.58 MSLIx1781@1.11 CPRXx933@1.96 
Purchases: PRKRx508@3.59 NGx673@2.71 AUMNx1460@1.25 XCRAx436@4.18 CREGx960@1.90 

2013-09-02
Cash: 5.43
Held: XCRAx436@4.07 CREGx960@1.84 PRKRx508@3.37 AUMNx1460@1.19 NGx673@2.79 
Value: 8872.92
Sales: PRKRx508@3.37 NGx673@2.79 AUMNx1460@1.19 XCRAx436@4.07 CREGx960@1.84 
Purchases: CVVx157@11.26 IGCx1570@1.13 PNTRx389@4.55 WYYx1867@0.95 HUSAx5914@0.30 

2013-09-03
Cash: 12.77
Held: WYYx1867@0.94 CVVx157@11.50 HUSAx5914@0.31 IGCx1570@1.04 PNTRx389@4.39 
Value: 8747.64
Sales: CVVx157@11.50 HUSAx5914@0.31 IGCx1570@1.04 PNTRx389@4.39 WYYx1867@0.94 
Purchases: DFFNx24990@0.07 CYTKx225@7.76 RVLTx675@2.59 WTRx71@24.53 KOOLx1732@1.01 

2013-09-04
Cash: 13.00
Held: RVLTx675@2.45 KOOLx1732@1.03 WTRx71@24.52 DFFNx24990@0.07 CYTKx225@8.41 
Value: 8832.15
Sales: WTRx71@24.52 CYTKx225@8.41 RVLTx675@2.45 DFFNx24990@0.07 KOOLx1732@1.03 
Purchases: IDNx3270@0.54 BIOSx155@11.37 AGQx18@94.88 LEUx125@14.11 AMTXx535@3.30 

2013-09-05
Cash: 66.97
Held: AGQx18@97.50 LEUx125@13.68 AMTXx535@3.25 IDNx3270@0.59 BIOSx155@11.64 
Value: 9003.77
Sales: IDNx3270@0.59 AMTXx535@3.25 LEUx125@13.68 AGQx18@97.50 BIOSx155@11.64 
Purchases: TGCx5000@0.36 OCLRx2023@0.89 MSLIx1715@1.05 ARQLx793@2.27 URREx642@2.80 

2013-09-08
Cash: 4.23
Held: TGCx5000@0.37 MSLIx1715@1.15 ARQLx793@2.22 URREx642@2.63 OCLRx2023@0.89 
Value: 9078.51
Sales: TGCx5000@0.37 OCLRx2023@0.89 MSLIx1715@1.15 ARQLx793@2.22 URREx642@2.63 
Purchases: SPPx803@2.26 VVUSx165@10.95 DSSx1475@1.23 BZQx43@41.31 CHCIx142@12.74 

2013-09-09
Cash: 55.88
Held: SPPx803@2.05 DSSx1475@1.23 VVUSx165@10.92 CHCIx142@13.72 BZQx43@38.62 
Value: 8928.65
Sales: SPPx803@2.05 VVUSx165@10.92 DSSx1475@1.23 BZQx43@38.62 CHCIx142@13.72 
Purchases: MDXGx446@4.00 AIIIx1919@0.93 ARLx387@4.61 CONNx33@53.16 AETIx265@6.72 

2013-09-10
Cash: 41.19
Held: CONNx33@54.75 MDXGx446@3.91 AETIx265@6.71 AIIIx1919@0.97 ARLx387@4.26 
Value: 8881.39
Sales: MDXGx446@3.91 AIIIx1919@0.97 ARLx387@4.26 CONNx33@54.75 AETIx265@6.71 
Purchases: NYMXx263@6.73 UNISx563@3.15 MSLIx1742@1.02 CLSNx316@5.62 NBIXx151@11.70 

2013-09-11
Cash: 18.15
Held: NBIXx151@11.57 NYMXx263@6.44 CLSNx316@5.67 MSLIx1742@0.98 UNISx563@3.34 
Value: 8839.13
Sales: NYMXx263@6.44 UNISx563@3.34 MSLIx1742@0.98 CLSNx316@5.67 NBIXx151@11.57 
Purchases: PLUGx3156@0.56 NNVCx515@3.43 SOLx395@4.47 FBSSx136@12.99 LEUx159@11.10 

2013-09-12
Cash: 8.05
Held: FBSSx136@12.99 LEUx159@10.21 PLUGx3156@0.58 SOLx395@4.32 NNVCx515@3.74 
Value: 8862.00
Sales: PLUGx3156@0.58 NNVCx515@3.74 LEUx159@10.21 FBSSx136@12.99 SOLx395@4.32 
Purchases: SMSIx1846@0.96 BPFHx166@10.63 ICIx41@43.19 PWx217@8.15 EVLVx406@4.36 

2013-09-15
Cash: 16.06
Held: BPFHx166@10.89 SMSIx1846@1.03 ICIx41@45.41 EVLVx406@4.62 PWx217@8.50 
Value: 9308.11
Sales: BPFHx166@10.89 SMSIx1846@1.03 ICIx41@45.41 PWx217@8.50 EVLVx406@4.62 
Purchases: MTEXx70@26.44 ADXSx300@6.20 DRWIx31@59.50 TROVx258@7.19 IIVIx99@18.72 

2013-09-16
Cash: 44.68
Held: ADXSx300@6.20 IIVIx99@18.56 DRWIx31@63.50 MTEXx70@28.75 TROVx258@7.17 
Value: 9573.48
Sales: ADXSx300@6.20 MTEXx70@28.75 DRWIx31@63.50 IIVIx99@18.56 TROVx258@7.17 
Purchases: NAKx1284@1.49 LOANx981@1.95 BLDPx1276@1.50 KIQx986@1.94 HMNFx244@7.84 

2013-09-17
Cash: 6.69
Held: NAKx1284@1.48 HMNFx244@7.72 LOANx981@1.78 KIQx986@1.93 BLDPx1276@1.51 
Value: 9366.57
Sales: NAKx1284@1.48 LOANx981@1.78 BLDPx1276@1.51 KIQx986@1.93 HMNFx244@7.72 
Purchases: IMMYx352@5.31 NAKx1265@1.48 GNVCx1993@0.94 LEUx195@9.60 MXCx281@6.66 

2013-09-18
Cash: 8.04
Held: NAKx1265@1.51 LEUx195@9.75 IMMYx352@5.25 GNVCx1993@0.94 MXCx281@6.68 
Value: 9417.43
Sales: IMMYx352@5.25 NAKx1265@1.51 GNVCx1993@0.94 LEUx195@9.75 MXCx281@6.68 
Purchases: AGENx627@3.00 DRWIx36@51.00 ENGx1962@0.96 DGLYx140@13.41 BGIx1095@1.72 

2013-09-19
Cash: 57.02
Held: ENGx1962@0.96 DRWIx36@51.25 AGENx627@2.93 DGLYx140@14.70 BGIx1095@1.72 
Value: 9563.91
Sales: AGENx627@2.93 DRWIx36@51.25 BGIx1095@1.72 DGLYx140@14.70 ENGx1962@0.96 
Purchases: ADXSx382@5.00 PIRx91@20.83 CIXx140@13.64 MSLIx1894@1.01 DRVx32@58.12 

2013-09-22
Cash: 76.37
Held: ADXSx382@5.40 PIRx91@20.45 DRVx32@62.97 MSLIx1894@1.07 CIXx140@13.82 
Value: 9976.82
Sales: ADXSx382@5.40 PIRx91@20.45 CIXx140@13.82 MSLIx1894@1.07 DRVx32@62.97 
Purchases: SSRIx297@6.71 SAx161@12.35 GFIx419@4.76 VGZx2770@0.72 TRXx641@3.11 

2013-09-23
Cash: 11.81
Held: VGZx2770@0.64 SSRIx297@6.30 TRXx641@3.00 SAx161@11.96 GFIx419@4.66 
Value: 9457.63
Sales: SSRIx297@6.30 SAx161@11.96 GFIx419@4.66 VGZx2770@0.64 TRXx641@3.00 
Purchases: GPLx2199@0.86 SINOx727@2.60 RVPx680@2.78 FROx708@2.67 ASMx1390@1.36 

2013-09-24
Cash: 5.76
Held: RVPx680@3.30 FROx708@2.65 SINOx727@2.64 ASMx1390@1.31 GPLx2199@0.87 
Value: 9780.20
Sales: GPLx2199@0.87 SINOx727@2.64 RVPx680@3.30 FROx708@2.65 ASMx1390@1.31 
Purchases: WHLMx10863@0.18 IMNPx652@3.00 SMSIx1975@0.99 RHTx41@46.88 AXUx1270@1.54 

2013-09-25
Cash: 34.83
Held: SMSIx1975@0.99 IMNPx652@2.95 AXUx1270@1.58 WHLMx10863@0.20 RHTx41@47.00 
Value: 10019.21
Sales: SMSIx1975@0.99 IMNPx652@2.95 RHTx41@47.00 WHLMx10863@0.20 AXUx1270@1.58 
Purchases: DRAMx241@8.31 ABEOx5564@0.36 CPRTx64@31.03 CUKx59@33.62 CLDTx111@18.05 

2013-09-26
Cash: 39.18
Held: CPRTx64@30.73 ABEOx5564@0.46 CLDTx111@18.02 DRAMx241@8.58 CUKx59@33.94 
Value: 10634.78
Sales: DRAMx241@8.58 ABEOx5564@0.46 CPRTx64@30.73 CUKx59@33.94 CLDTx111@18.02 
Purchases: SHIPx1215@1.75 WPRTx85@25.02 JCPx223@9.53 AMAGx96@22.09 FCSCx509@4.17 

2013-09-29
Cash: 12.24
Held: SHIPx1215@1.71 AMAGx96@21.41 FCSCx509@4.25 JCPx223@8.73 WPRTx85@24.94 
Value: 10373.81
Sales: SHIPx1215@1.71 WPRTx85@24.94 JCPx223@8.73 AMAGx96@21.41 FCSCx509@4.25 
Purchases: TSCOx31@66.00 NKTRx199@10.38 LPTHx1728@1.20 VGZx4322@0.48 PRTKx648@3.20 

2013-09-30
Cash: 40.12
Held: VGZx4322@0.46 LPTHx1728@1.20 TSCOx31@68.06 NKTRx199@10.44 PRTKx648@3.16 
Value: 10336.79
Sales: TSCOx31@68.06 NKTRx199@10.44 LPTHx1728@1.20 VGZx4322@0.46 PRTKx648@3.16 
Purchases: OPXAx935@2.21 ACHNx691@2.99 RVPx652@3.17 SNGXx1003@2.06 TRTx652@3.17 

2013-10-01
Cash: 3.01
Held: OPXAx935@2.06 RVPx652@3.11 TRTx652@3.07 ACHNx691@2.70 SNGXx1003@2.23 
Value: 10061.09
Sales: OPXAx935@2.06 SNGXx1003@2.23 ACHNx691@2.70 RVPx652@3.11 TRTx652@3.07 
Purchases: GERNx617@3.26 ACHNx745@2.70 IOTx418@4.81 GLBSx675@2.98 SKLNx6706@0.30 

2013-10-02
Cash: 4.97
Held: IOTx418@4.73 SKLNx6706@0.28 GERNx617@3.39 GLBSx675@3.01 ACHNx745@2.90 
Value: 10144.58
Sales: GERNx617@3.39 ACHNx745@2.90 IOTx418@4.73 SKLNx6706@0.28 GLBSx675@3.01 
Purchases: ADXSx404@5.01 TISIx58@34.50 NFECx1200@1.69 KONEx777@2.61 ABCDx1460@1.39 

2013-10-03
Cash: 33.95
Held: ADXSx404@4.98 NFECx1200@1.54 KONEx777@2.97 TISIx58@33.44 ABCDx1460@1.47 
Value: 10287.52
Sales: ADXSx404@4.98 TISIx58@33.44 NFECx1200@1.54 KONEx777@2.97 ABCDx1460@1.47 
Purchases: SINOx961@2.14 EBFx116@17.59 CGNTx428@4.80 TROVx270@7.61 SPANx108@19.00 

2013-10-06
Cash: 28.24
Held: SPANx108@18.84 EBFx116@17.77 CGNTx428@5.00 SINOx961@2.17 TROVx270@7.22 
Value: 10298.54
Sales: CGNTx428@5.00 EBFx116@17.77 SPANx108@18.84 TROVx270@7.22 SINOx961@2.17 
Purchases: BSETx142@14.46 PSCIx50@40.41 NUROx1226@1.68 CEVAx151@13.59 LCIx114@17.94 

2013-10-07
Cash: 67.94
Held: CEVAx151@13.84 NUROx1226@1.68 PSCIx50@40.12 LCIx114@17.84 BSETx142@14.26 
Value: 10282.69
Sales: LCIx114@17.84 CEVAx151@13.84 BSETx142@14.26 NUROx1226@1.68 PSCIx50@40.12 
Purchases: CVVx208@9.88 MHOx112@18.33 KBHx122@16.73 XRAx2855@0.72 OIBR.Cx1202@1.71 

2013-10-08
Cash: 21.14
Held: XRAx2855@0.70 CVVx208@9.90 KBHx122@16.47 OIBR.Cx1202@1.82 MHOx112@18.36 
Value: 10332.52
Sales: CVVx208@9.90 MHOx112@18.36 KBHx122@16.47 XRAx2855@0.70 OIBR.Cx1202@1.82 
Purchases: AEHRx902@2.29 CVMx2430@0.85 COYNx430@4.80 ATROx49@41.75 PNRGx52@39.34 

2013-10-09
Cash: 46.09
Held: CVMx2430@0.82 AEHRx902@2.45 ATROx49@42.50 PNRGx52@42.50 COYNx430@4.80 
Value: 10604.30
Sales: AEHRx902@2.45 CVMx2430@0.82 COYNx430@4.80 ATROx49@42.50 PNRGx52@42.50 
Purchases: PLUGx3595@0.59 CBMXx3@619.00 HPJx1606@1.32 UAMYx1696@1.25 LRNx120@17.56 

2013-10-10
Cash: 278.89
Held: HPJx1606@1.38 UAMYx1696@1.50 PLUGx3595@0.69 CBMXx3@614.00 LRNx120@18.88 
Value: 11626.32
Sales: UAMYx1696@1.50 HPJx1606@1.38 CBMXx3@614.00 LRNx120@18.88 PLUGx3595@0.69 
Purchases: PRKRx877@2.65 ADTNx93@24.81 JOBx11629@0.20 ACHNx949@2.45 SCKTx1906@1.22 

2013-10-13
Cash: 20.02
Held: JOBx11629@0.20 SCKTx1906@1.30 ADTNx93@24.89 PRKRx877@2.46 ACHNx949@2.65 
Value: 11810.97
Sales: PRKRx877@2.46 ADTNx93@24.89 JOBx11629@0.20 ACHNx949@2.65 SCKTx1906@1.30 
Purchases: EMITFx94@25.00 ACURx256@9.20 IDRAx1045@2.26 SMKx98@23.95 SAJAx1817@1.30 

2013-10-14
Cash: 34.37
Held: SAJAx1817@1.31 ACURx256@8.85 EMITFx94@24.80 SMKx98@24.45 IDRAx1045@2.19 
Value: 11695.15
Sales: EMITFx94@24.80 ACURx256@8.85 SAJAx1817@1.31 SMKx98@24.45 IDRAx1045@2.19 
Purchases: LTBRx1278@1.83 MLSSx1559@1.50 AMRNx464@5.03 ARIAx560@4.17 PRKRx955@2.45 

2013-10-15
Cash: 8.05
Held: AMRNx464@5.03 MLSSx1559@1.49 PRKRx955@3.07 LTBRx1278@1.90 ARIAx560@4.01 
Value: 12273.24
Sales: LTBRx1278@1.90 MLSSx1559@1.49 AMRNx464@5.03 ARIAx560@4.01 PRKRx955@3.07 
Purchases: TDCx56@43.25 INUVx1497@1.64 BCLIx840@2.92 ARTWx401@6.12 GOROx546@4.49 

2013-10-16
Cash: 38.79
Held: ARTWx401@5.99 INUVx1497@1.72 TDCx56@41.22 GOROx546@5.02 BCLIx840@2.86 
Value: 12465.31
Sales: TDCx56@41.22 BCLIx840@2.86 INUVx1497@1.72 ARTWx401@5.99 GOROx546@5.02 
Purchases: ETRMx1@1596.00 SWKx32@76.12 GDOTx122@20.38 IVZx78@31.88 DCTHx6081@0.41 

2013-10-17
Cash: 968.63
Held: SWKx32@74.94 DCTHx6081@0.45 ETRMx1@1586.00 IVZx78@32.62 GDOTx122@20.78 
Value: 12768.85
Sales: ETRMx1@1586.00 SWKx32@74.94 GDOTx122@20.78 IVZx78@32.62 DCTHx6081@0.45 
Purchases: AMCNx1221@2.09 NVGNx533@4.79 VISNx255@10.00 OSTKx97@26.09 QRHCx1283@1.99 

2013-10-20
Cash: 30.02
Held: AMCNx1221@2.16 QRHCx1283@2.06 NVGNx533@4.64 OSTKx97@26.23 VISNx255@10.94 
Value: 13118.50
Sales: AMCNx1221@2.16 NVGNx533@4.64 VISNx255@10.94 OSTKx97@26.23 QRHCx1283@2.06 
Purchases: LLITx849@3.09 GOGLx303@8.65 ARIAx979@2.68 CPRXx1441@1.82 ACTGx167@15.63 

2013-10-21
Cash: 17.58
Held: CPRXx1441@1.70 ARIAx979@3.09 LLITx849@3.35 GOGLx303@8.81 ACTGx167@16.12 
Value: 13699.40
Sales: LLITx849@3.35 ARIAx979@3.09 ACTGx167@16.12 GOGLx303@8.81 CPRXx1441@1.70 
Purchases: IMMUx644@4.25 SVUx373@7.34 CRMDx3113@0.88 LEUx283@9.67 WINTx1141@2.40 

2013-10-22
Cash: 9.58
Held: WINTx1141@2.40 SVUx373@7.16 LEUx283@9.01 IMMUx644@4.16 CRMDx3113@0.81 
Value: 13169.22
Sales: CRMDx3113@0.81 SVUx373@7.16 IMMUx644@4.16 LEUx283@9.01 WINTx1141@2.40 
Purchases: LTBRx1531@1.72 CJJDx2212@1.19 YRCWx218@12.06 CPEx386@6.82 INSYx73@35.88 

2013-10-23
Cash: 21.95
Held: CJJDx2212@1.05 LTBRx1531@1.78 INSYx73@38.41 YRCWx218@11.75 CPEx386@7.00 
Value: 13136.88
Sales: LTBRx1531@1.78 CJJDx2212@1.05 YRCWx218@11.75 CPEx386@7.00 INSYx73@38.41 
Purchases: HEI.Ax67@39.00 IGLDx222@11.83 NCTYx858@3.06 CREEx42@62.22 DCTHx7959@0.33 

2013-10-24
Cash: 31.80
Held: HEI.Ax67@39.69 CREEx42@61.59 DCTHx7959@0.32 IGLDx222@13.03 NCTYx858@2.92 
Value: 13223.46
Sales: HEI.Ax67@39.69 IGLDx222@13.03 NCTYx858@2.92 CREEx42@61.59 DCTHx7959@0.32 
Purchases: VUZIx997@2.65 DGLYx249@10.59 ACATx52@50.59 APDNx376@7.02 FORMx493@5.36 

2013-10-27
Cash: 30.78
Held: APDNx376@6.97 FORMx493@5.30 ACATx52@49.97 DGLYx249@11.33 VUZIx997@2.69 
Value: 13364.78
Sales: VUZIx997@2.69 DGLYx249@11.33 ACATx52@49.97 APDNx376@6.97 FORMx493@5.30 
Purchases: MEIPx319@8.36 TVTYx232@11.49 BORNx1436@1.86 RMDx52@50.75 ECHOx139@19.09 

2013-10-28
Cash: 67.46
Held: MEIPx319@8.30 RMDx52@50.44 ECHOx139@19.62 TVTYx232@10.77 BORNx1436@2.05 
Value: 13509.15
Sales: MEIPx319@8.30 TVTYx232@10.77 BORNx1436@2.05 RMDx52@50.44 ECHOx139@19.62 
Purchases: AIQx117@23.08 MDGLx532@5.08 TGTXx720@3.75 CYOUx94@28.69 RTKx1543@1.75 

2013-10-29
Cash: 10.57
Held: AIQx117@24.38 MDGLx532@4.85 TGTXx720@3.54 CYOUx94@28.59 RTKx1543@1.80 
Value: 13456.51
Sales: CYOUx94@28.59 MDGLx532@4.85 TGTXx720@3.54 AIQx117@24.38 RTKx1543@1.80 
Purchases: DGLYx291@9.22 BSPMx337@7.98 SSKNx3282@0.82 RADAx1408@1.91 SYNx1805@1.49 

2013-10-30
Cash: 14.40
Held: RADAx1408@1.91 SSKNx3282@0.73 SYNx1805@1.55 DGLYx291@9.22 BSPMx337@7.56 
Value: 13126.99
Sales: DGLYx291@9.22 BSPMx337@7.56 SSKNx3282@0.73 RADAx1408@1.91 SYNx1805@1.55 
Purchases: DCOx105@24.81 CETVx880@2.98 YRCWx281@9.31 PRXLx56@46.41 AMRNx1450@1.81 

2013-10-31
Cash: 59.43
Held: AMRNx1450@1.65 DCOx105@24.91 YRCWx281@9.51 PRXLx56@45.62 CETVx880@3.15 
Value: 13066.69
Sales: DCOx105@24.91 AMRNx1450@1.65 YRCWx281@9.51 CETVx880@3.15 PRXLx56@45.62 
Purchases: BBOXx104@25.02 NLSTx3226@0.81 AVPx148@17.56 NEOGx56@45.91 AUDCx425@6.15 

2013-11-03
Cash: 68.73
Held: BBOXx104@24.25 AVPx148@18.34 NEOGx56@45.72 NLSTx3226@0.78 AUDCx425@6.73 
Value: 13241.89
Sales: AUDCx425@6.73 NLSTx3226@0.78 AVPx148@18.34 BBOXx104@24.25 NEOGx56@45.72 
Purchases: TGBx1197@2.21 CTHRx512@5.17 OMEXx1166@2.27 KOPNx739@3.58 BYDx257@10.27 

2013-11-04
Cash: 15.18
Held: BYDx257@10.12 CTHRx512@5.08 TGBx1197@2.08 OMEXx1166@2.43 KOPNx739@3.60 
Value: 13198.27
Sales: TGBx1197@2.08 OMEXx1166@2.43 BYDx257@10.12 CTHRx512@5.08 KOPNx739@3.60 
Purchases: PEDx898@2.94 FLWSx522@5.05 WRLDx29@89.38 CRD.Bx271@9.72 HBIOx600@4.40 

2013-11-05
Cash: 57.42
Held: CRD.Bx271@9.66 FLWSx522@5.09 PEDx898@3.20 WRLDx29@89.56 HBIOx600@4.37 
Value: 13424.03
Sales: FLWSx522@5.09 PEDx898@3.20 WRLDx29@89.56 CRD.Bx271@9.66 HBIOx600@4.37 
Purchases: BGCx92@29.02 WKHSx15788@0.17 BSFTx105@25.44 EXLSx115@23.25 AMTXx1398@1.92 

2013-11-06
Cash: 41.20
Held: EXLSx115@24.03 AMTXx1398@1.96 WKHSx15788@0.19 BSFTx105@25.95 BGCx92@28.53 
Value: 13893.57
Sales: BGCx92@28.53 WKHSx15788@0.19 BSFTx105@25.95 EXLSx115@24.03 AMTXx1398@1.96 
Purchases: SYKEx139@19.94 ESNCx4340@0.64 VNDAx419@6.62 LEUx501@5.54 IDSAx975@2.85 

2013-11-07
Cash: 16.38
Held: ESNCx4340@0.70 LEUx501@5.22 SYKEx139@19.70 VNDAx419@5.85 IDSAx975@2.84 
Value: 13629.21
Sales: SYKEx139@19.70 ESNCx4340@0.70 IDSAx975@2.84 LEUx501@5.22 VNDAx419@5.85 
Purchases: QUADx103@26.34 INSGx1250@2.18 BIOSx483@5.64 XTLBx626@4.35 INWKx478@5.70 

2013-11-10
Cash: 18.47
Held: XTLBx626@4.40 QUADx103@25.06 INWKx478@5.72 INSGx1250@2.27 BIOSx483@6.11 
Value: 13874.63
Sales: QUADx103@25.06 INSGx1250@2.27 BIOSx483@6.11 XTLBx626@4.40 INWKx478@5.72 
Purchases: ARLx538@5.15 GERNx584@4.75 MCZx5904@0.47 NUROx1422@1.95 UNXLx198@13.97 

2013-11-11
Cash: 17.08
Held: NUROx1422@1.81 GERNx584@5.07 UNXLx198@14.99 MCZx5904@0.48 ARLx538@5.84 
Value: 14495.44
Sales: UNXLx198@14.99 ARLx538@5.84 GERNx584@5.07 MCZx5904@0.48 NUROx1422@1.81 
Purchases: UBRx60@47.69 CRUSx150@19.20 XTNTx5916@0.49 HGSHx773@3.75 MBVXx2283@1.27 

2013-11-12
Cash: 57.85
Held: UBRx60@48.34 XTNTx5916@0.47 HGSHx773@5.74 MBVXx2283@1.26 CRUSx150@19.34 
Value: 15952.12
Sales: MBVXx2283@1.26 CRUSx150@19.34 XTNTx5916@0.47 UBRx60@48.34 HGSHx773@5.74 
Purchases: APDNx485@6.57 YUMAx634@5.03 SRPTx243@13.11 HSKAx461@6.91 RNVAx756@4.22 

2013-11-13
Cash: 15.17
Held: APDNx485@6.85 SRPTx243@12.84 HSKAx461@7.50 RNVAx756@3.82 YUMAx634@5.16 
Value: 16076.41
Sales: YUMAx634@5.16 HSKAx461@7.50 SRPTx243@12.84 APDNx485@6.85 RNVAx756@3.82 
Purchases: SRPTx250@12.84 PERYx212@15.12 HNRx1132@2.84 CDXSx2187@1.47 PEIXx1191@2.70 

2013-11-14
Cash: 16.86
Held: HNRx1132@2.90 SRPTx250@14.57 PERYx212@14.89 PEIXx1191@2.42 CDXSx2187@1.34 
Value: 15911.86
Sales: SRPTx250@14.57 PERYx212@14.89 HNRx1132@2.90 CDXSx2187@1.34 PEIXx1191@2.42 
Purchases: AEYx1149@2.77 CWCOx274@11.61 PRCPx310@10.25 CADCx636@5.00 TTNPx3928@0.81 

2013-11-17
Cash: 9.29
Held: AEYx1149@2.72 TTNPx3928@0.80 CWCOx274@11.54 CADCx636@5.21 PRCPx310@10.63 
Value: 16049.04
Sales: AEYx1149@2.72 CWCOx274@11.54 CADCx636@5.21 TTNPx3928@0.80 PRCPx310@10.63 
Purchases: CETx153@20.95 SMKx139@22.95 SUMRx1565@2.05 NUROx1402@2.29 ENGx2245@1.43 

2013-11-18
Cash: 24.34
Held: NUROx1402@2.14 ENGx2245@1.55 SMKx139@23.05 CETx153@20.81 SUMRx1565@2.02 
Value: 16053.20
Sales: CETx153@20.81 SMKx139@23.05 SUMRx1565@2.02 NUROx1402@2.14 ENGx2245@1.55 
Purchases: SNFCAx737@4.35 ARCWx244@13.12 SUMRx1589@2.02 FPPx773@4.15 CREGx860@3.73 

2013-11-19
Cash: 21.53
Held: CREGx860@3.35 ARCWx244@9.12 SUMRx1589@2.10 SNFCAx737@4.41 FPPx773@4.16 
Value: 14929.15
Sales: SNFCAx737@4.41 ARCWx244@9.12 SUMRx1589@2.10 FPPx773@4.16 CREGx860@3.35 
Purchases: GNVCx2132@1.40 CLNTx561@5.32 BSPMx202@14.77 IFONx3877@0.77 CNTYx636@4.69 

2013-11-20
Cash: 5.49
Held: CNTYx636@4.72 IFONx3877@0.76 CLNTx561@5.26 GNVCx2132@1.46 BSPMx202@13.86 
Value: 14816.28
Sales: IFONx3877@0.76 CLNTx561@5.26 BSPMx202@13.86 GNVCx2132@1.46 CNTYx636@4.72 
Purchases: ROXx3704@0.80 ARCWx373@7.94 ADMPx14819@0.20 AHTx348@8.51 AEZSx28@105.00 

2013-11-21
Cash: 27.86
Held: AHTx348@8.54 ARCWx373@8.58 ADMPx14819@0.22 ROXx3704@0.80 AEZSx28@104.00 
Value: 15333.32
Sales: ROXx3704@0.80 ARCWx373@8.58 ADMPx14819@0.22 AHTx348@8.54 AEZSx28@104.00 
Purchases: SGOCx681@4.50 INDLx67@45.19 SAx412@7.44 IPCIx762@4.02 NVGSx153@20.00 

2013-11-24
Cash: 52.51
Held: SGOCx681@4.17 NVGSx153@20.09 SAx412@7.11 IPCIx762@3.76 INDLx67@48.81 
Value: 15032.35
Sales: SGOCx681@4.17 INDLx67@48.81 SAx412@7.11 IPCIx762@3.76 NVGSx153@20.09 
Purchases: SGOCx720@4.17 DGLYx365@8.23 NLSTx5097@0.59 AMRNx1688@1.78 TTNPx4061@0.74 

2013-11-25
Cash: 8.27
Held: AMRNx1688@1.89 SGOCx720@3.82 TTNPx4061@0.75 NLSTx5097@0.58 DGLYx365@7.51 
Value: 14692.81
Sales: SGOCx720@3.82 AMRNx1688@1.89 NLSTx5097@0.58 DGLYx365@7.51 TTNPx4061@0.75 
Purchases: VUZIx1317@2.23 GMOx2511@1.17 SHIPx3456@0.85 NFECx1859@1.58 IDSAx1277@2.30 

2013-11-26
Cash: 4.21
Held: SHIPx3456@0.90 NFECx1859@1.58 GMOx2511@1.11 IDSAx1277@2.34 VUZIx1317@2.28 
Value: 14829.54
Sales: VUZIx1317@2.28 GMOx2511@1.11 SHIPx3456@0.90 NFECx1859@1.58 IDSAx1277@2.34 
Purchases: MTEXx141@21.02 CJJDx3531@0.84 IGLDx295@10.04 URREx953@3.11 JASOx307@9.65 

2013-11-28
Cash: 14.02
Held: CJJDx3531@0.90 IGLDx295@10.77 MTEXx141@21.00 JASOx307@9.83 URREx953@3.30 
Value: 15493.62
Sales: IGLDx295@10.77 CJJDx3531@0.90 MTEXx141@21.00 URREx953@3.30 JASOx307@9.83 
Purchases: TCCOx436@7.10 GNVCx1812@1.71 ARLx688@4.50 BSPMx251@12.32 CAMTx885@3.50 

2013-12-01
Cash: 12.99
Held: CAMTx885@4.55 GNVCx1812@1.68 TCCOx436@7.13 BSPMx251@13.30 ARLx688@4.66 
Value: 16735.94
Sales: TCCOx436@7.13 GNVCx1812@1.68 BSPMx251@13.30 ARLx688@4.66 CAMTx885@4.55 
Purchases: ELTKx1234@2.71 AVNWx110@30.36 OBASx608@5.50 FTNTx195@17.11 MLMx34@96.38 

2013-12-02
Cash: 94.03
Held: MLMx34@97.44 OBASx608@5.69 AVNWx110@28.20 FTNTx195@17.23 ELTKx1234@2.73 
Value: 16699.72
Sales: AVNWx110@28.20 ELTKx1234@2.73 OBASx608@5.69 FTNTx195@17.23 MLMx34@97.44 
Purchases: NRCIBx101@32.88 IRx60@55.34 CAPRx1484@2.25 AMTXx1451@2.30 CREGx914@3.65 

2013-12-03
Cash: 44.83
Held: NRCIBx101@33.00 CREGx914@3.99 CAPRx1484@2.50 IRx60@55.62 AMTXx1451@2.40 
Value: 17555.37
Sales: IRx60@55.62 CREGx914@3.99 AMTXx1451@2.40 CAPRx1484@2.50 NRCIBx101@33.00 
Purchases: GMANx408@8.60 RFILx345@10.16 EDNx509@6.89 CIEx201@17.39 RILYx19500@0.18 

2013-12-04
Cash: 28.14
Held: EDNx509@6.89 RFILx345@9.68 RILYx19500@0.20 GMANx408@8.06 CIEx201@17.64 
Value: 17609.27
Sales: GMANx408@8.06 RFILx345@9.68 EDNx509@6.89 CIEx201@17.64 RILYx19500@0.20 
Purchases: EXPRx183@19.16 LDOSx87@40.44 SRNEx409@8.61 SHLDx70@50.09 CUBAx448@7.85 

2013-12-05
Cash: 40.32
Held: EXPRx183@19.27 SHLDx70@51.75 LDOSx87@41.56 SRNEx409@8.70 CUBAx448@7.78 
Value: 17849.95
Sales: EXPRx183@19.27 LDOSx87@41.56 SRNEx409@8.70 SHLDx70@51.75 CUBAx448@7.78 
Purchases: EMITFx182@19.59 VLGEAx104@34.16 SNOAx824@4.33 GBRx1784@2.00 SOLx1002@3.56 

2013-12-08
Cash: 29.59
Held: SNOAx824@4.50 VLGEAx104@33.53 SOLx1002@2.96 EMITFx182@21.41 GBRx1784@2.00 
Value: 17655.64
Sales: EMITFx182@21.41 VLGEAx104@33.53 SNOAx824@4.50 GBRx1784@2.00 SOLx1002@2.96 
Purchases: CBMXx5@677.00 CALIx934@3.78 SEACx292@12.07 IOCx60@58.50 NWYx830@4.25 

2013-12-09
Cash: 178.74
Held: CALIx934@3.79 IOCx60@61.12 NWYx830@4.24 SEACx292@11.47 CBMXx5@684.00 
Value: 17671.88
Sales: SEACx292@11.47 CALIx934@3.79 CBMXx5@684.00 IOCx60@61.12 NWYx830@4.24 
Purchases: RFILx394@8.95 GERNx614@5.75 SOLx1198@2.95 SMx42@84.00 FSNNx35352@0.10 

2013-12-10
Cash: 18.34
Held: GERNx614@5.17 RFILx394@9.10 SMx42@83.62 SOLx1198@3.06 FSNNx35352@0.10 
Value: 17493.01
Sales: RFILx394@9.10 GERNx614@5.17 SOLx1198@3.06 SMx42@83.62 FSNNx35352@0.10 
Purchases: YTENx2428@1.44 GBRx2200@1.59 INFIx234@14.93 ARRYx688@5.08 CRISx1258@2.78 

2013-12-11
Cash: 14.34
Held: YTENx2428@1.33 INFIx234@13.29 CRISx1258@2.50 ARRYx688@4.90 GBRx2200@1.64 
Value: 16475.76
Sales: YTENx2428@1.33 GBRx2200@1.64 ARRYx688@4.90 INFIx234@13.29 CRISx1258@2.50 
Purchases: SHIx118@27.72 CENTAx491@6.71 INVTx2745@1.20 GRCx106@30.80 NUROx1112@2.96 

2013-12-12
Cash: 58.31
Held: NUROx1112@3.18 INVTx2745@1.20 CENTAx491@6.32 GRCx106@30.66 SHIx118@28.53 
Value: 16608.18
Sales: SHIx118@28.53 CENTAx491@6.32 INVTx2745@1.20 GRCx106@30.66 NUROx1112@3.18 
Purchases: AEHRx1302@2.55 FRPHx90@36.62 LIVEx963@3.45 SIGMx741@4.48 INFIx250@13.26 

2013-12-15
Cash: 34.74
Held: FRPHx90@36.66 LIVEx963@3.41 SIGMx741@4.48 AEHRx1302@2.85 INFIx250@13.01 
Value: 16899.95
Sales: AEHRx1302@2.85 SIGMx741@4.48 LIVEx963@3.41 FRPHx90@36.66 INFIx250@13.01 
Purchases: HRTx965@3.50 SWZx252@13.41 NLx322@10.48 TROVx684@4.94 SNOAx866@3.90 

2013-12-16
Cash: 12.96
Held: SNOAx866@3.88 HRTx965@3.49 NLx322@10.34 SWZx252@13.36 TROVx684@4.86 
Value: 16762.93
Sales: HRTx965@3.49 SNOAx866@3.88 NLx322@10.34 TROVx684@4.86 SWZx252@13.36 
Purchases: EMITFx242@13.80 RGSEx1509@2.22 CYTRx645@5.19 LEUx985@3.40 XTLBx1524@2.20 

2013-12-17
Cash: 23.59
Held: XTLBx1524@2.92 RGSEx1509@2.54 LEUx985@3.60 EMITFx242@14.64 CYTRx645@5.00 
Value: 18618.64
Sales: EMITFx242@14.64 RGSEx1509@2.54 CYTRx645@5.00 LEUx985@3.60 XTLBx1524@2.92 
Purchases: CBMXx7@515.00 CBIOx136@27.23 FISVx65@56.59 MDSOx64@57.88 

2013-12-18
Cash: 3927.18
Held: FISVx65@57.53 MDSOx64@59.16 CBMXx7@497.25 CBIOx136@26.73 
Value: 18569.33
Sales: CBMXx7@497.25 CBIOx136@26.73 FISVx65@57.53 MDSOx64@59.16 
Purchases: FPAYx5801@0.64 GCHx371@9.99 JBLx235@15.76 APDNx384@9.66 VALUx368@10.08 

2013-12-19
Cash: 28.96
Held: APDNx384@10.05 GCHx371@10.00 FPAYx5801@0.60 VALUx368@10.74 JBLx235@16.30 
Value: 18861.02
Sales: FPAYx5801@0.60 GCHx371@10.00 JBLx235@16.30 APDNx384@10.05 VALUx368@10.74 
Purchases: SRNEx462@8.16 WPCSx2656@1.42 ARLx752@5.01 CHNx186@20.20 SPCBx957@3.94 

2013-12-22
Cash: 24.87
Held: WPCSx2656@1.66 CHNx186@20.03 SRNEx462@8.23 ARLx752@4.96 SPCBx957@4.11 
Value: 19624.02
Sales: ARLx752@4.96 WPCSx2656@1.66 SRNEx462@8.23 SPCBx957@4.11 CHNx186@20.03 
Purchases: MDx74@52.84 WGOx147@26.61 IINx1087@3.61 TRTx1299@3.02 UECx2217@1.77 

2013-12-23
Cash: 33.20
Held: IINx1087@3.72 MDx74@52.81 TRTx1299@3.26 UECx2217@1.78 WGOx147@27.36 
Value: 20188.86
Sales: MDx74@52.81 WGOx147@27.36 IINx1087@3.72 TRTx1299@3.26 UECx2217@1.78 
Purchases: IDRAx1285@3.14 FSBCx500@8.06 DLHCx2863@1.41 VFCx66@61.06 BAAx9615@0.42 

2013-12-25
Cash: 16.95
Held: BAAx9615@0.45 VFCx66@61.50 DLHCx2863@1.49 FSBCx500@8.06 IDRAx1285@3.39 
Value: 21056.98
Sales: IDRAx1285@3.39 FSBCx500@8.06 DLHCx2863@1.49 VFCx66@61.50 BAAx9615@0.45 
Purchases: AMRNx2228@1.89 YGEx915@4.60 VRTBx2568@1.64 INUVx3120@1.35 OHGIx1052@4.00 

2013-12-26
Cash: 7.01
Held: AMRNx2228@1.88 VRTBx2568@1.66 INUVx3120@1.33 OHGIx1052@4.35 YGEx915@4.65 
Value: 21439.68
Sales: YGEx915@4.65 AMRNx2228@1.88 INUVx3120@1.33 VRTBx2568@1.66 OHGIx1052@4.35 
Purchases: MLSSx2522@1.70 ICIx102@41.88 MXEx284@15.07 ARCWx402@10.65 BVXx2012@2.13 

2013-12-29
Cash: 32.61
Held: MLSSx2522@1.60 ICIx102@41.38 ARCWx402@11.60 MXEx284@15.18 BVXx2012@2.09 
Value: 21466.70
Sales: MLSSx2522@1.60 ICIx102@41.38 ARCWx402@11.60 BVXx2012@2.09 MXEx284@15.18 
Purchases: INXXx402@10.67 CEEx142@30.16 SUMRx2439@1.76 SPCBx986@4.35 IFx517@8.30 

2013-12-30
Cash: 22.22
Held: INXXx402@10.58 IFx517@8.16 CEEx142@30.48 SUMRx2439@1.80 SPCBx986@4.70 
Value: 21843.34
Sales: INXXx402@10.58 CEEx142@30.48 SUMRx2439@1.80 SPCBx986@4.70 IFx517@8.16 
Purchases: TEUMx3669@1.19 WPCSx2142@2.04 GIGAx4502@0.97 MYGNx211@20.70 BF.Ax118@36.75 

2014-01-01
Cash: 35.22
Held: WPCSx2142@2.77 TEUMx3669@1.20 BF.Ax118@37.19 MYGNx211@20.92 GIGAx4502@0.99 
Value: 23631.75
Sales: TEUMx3669@1.20 WPCSx2142@2.77 GIGAx4502@0.99 MYGNx211@20.92 BF.Ax118@37.19 
Purchases: GYROx412@11.45 SHIPx2411@1.96 WYYx2882@1.64 DGICBx201@23.41 UNXLx497@9.50 

2014-01-02
Cash: 35.97
Held: WYYx2882@1.57 SHIPx2411@1.97 DGICBx201@23.12 UNXLx497@9.98 GYROx412@11.50 
Value: 23655.10
Sales: UNXLx497@9.98 SHIPx2411@1.97 DGICBx201@23.12 WYYx2882@1.57 GYROx412@11.50 
Purchases: ZSLx56@84.25 ADXSx1148@4.12 THDx75@62.78 RUTHx349@13.52 ADUSx216@21.84 

2014-01-05
Cash: 59.56
Held: ADUSx216@23.30 RUTHx349@13.66 ADXSx1148@3.95 ZSLx56@83.44 THDx75@63.03 
Value: 23791.26
Sales: ADXSx1148@3.95 ZSLx56@83.44 THDx75@63.03 RUTHx349@13.66 ADUSx216@23.30 
Purchases: SAMx21@222.38 VHIx298@15.96 BIOLx1769@2.69 AMTXx2068@2.30 CBMGx951@5.00 

2014-01-06
Cash: 94.37
Held: SAMx21@222.75 AMTXx2068@2.30 VHIx298@15.83 CBMGx951@5.00 BIOLx1769@2.98 
Value: 24274.37
Sales: BIOLx1769@2.98 VHIx298@15.83 AMTXx2068@2.30 SAMx21@222.75 CBMGx951@5.00 
Purchases: SCSSx282@17.17 INOx1903@2.55 SHLOx293@16.55 TCXx409@11.87 FORDx3112@1.56 

2014-01-07
Cash: 22.46
Held: FORDx3112@1.60 INOx1903@2.45 SHLOx293@17.00 TCXx409@13.18 SCSSx282@17.36 
Value: 24928.15
Sales: SCSSx282@17.36 INOx1903@2.45 TCXx409@13.18 SHLOx293@17.00 FORDx3112@1.60 
Purchases: OMERx462@10.77 NETEx1167@4.27 WPCSx2352@2.12 DYYx733@6.80 EMXx4985@1.00 

2014-01-08
Cash: 14.09
Held: WPCSx2352@2.02 EMXx4985@1.00 DYYx733@6.61 OMERx462@11.48 NETEx1167@4.25 
Value: 24855.62
Sales: OMERx462@11.48 NETEx1167@4.25 WPCSx2352@2.02 EMXx4985@1.00 DYYx733@6.61 
Purchases: KSx182@27.20 ISRx8876@0.56 HGGx444@11.18 SEEDx2461@2.02 SPRTx1713@2.90 

2014-01-09
Cash: 31.35
Held: ISRx8876@0.58 HGGx444@10.82 KSx182@27.55 SEEDx2461@1.88 SPRTx1713@2.87 
Value: 24539.10
Sales: KSx182@27.55 ISRx8876@0.58 SEEDx2461@1.88 SPRTx1713@2.87 HGGx444@10.82 
Purchases: MVISx3531@1.39 AVIDx701@7.00 SIGx66@73.75 PIRx239@20.45 BBBYx70@69.94 

2014-01-12
Cash: 73.83
Held: PIRx239@21.45 BBBYx70@69.50 SIGx66@71.25 MVISx3531@1.28 AVIDx701@7.29 
Value: 24398.91
Sales: MVISx3531@1.28 PIRx239@21.45 SIGx66@71.25 AVIDx701@7.29 BBBYx70@69.50 
Purchases: VOXXx354@13.76 ACFCx1148@4.25 SHLDx133@36.50 DXTRx4000@1.22 BORNx1742@2.80 

2014-01-13
Cash: 37.28
Held: SHLDx133@35.91 ACFCx1148@4.21 DXTRx4000@1.28 VOXXx354@13.85 BORNx1742@2.46 
Value: 23958.46
Sales: VOXXx354@13.85 BORNx1742@2.46 SHLDx133@35.91 DXTRx4000@1.28 ACFCx1148@4.21 
Purchases: GALTx361@13.25 SEVx694@6.90 NRPx288@16.59 LULUx96@49.88 SCKTx6564@0.73 

2014-01-14
Cash: 29.11
Held: GALTx361@12.44 SCKTx6564@0.75 SEVx694@6.90 NRPx288@16.19 LULUx96@50.03 
Value: 23694.56
Sales: GALTx361@12.44 SEVx694@6.90 NRPx288@16.19 LULUx96@50.03 SCKTx6564@0.75 
Purchases: CLUBx398@11.89 INOx1895@2.50 ORMPx180@26.27 NUROx1822@2.60 GMEx128@36.75 

2014-01-15
Cash: 56.29
Held: NUROx1822@2.65 INOx1895@2.45 GMEx128@36.75 CLUBx398@11.49 ORMPx180@22.03 
Value: 22770.09
Sales: CLUBx398@11.49 INOx1895@2.45 ORMPx180@22.03 GMEx128@36.75 NUROx1822@2.65 
Purchases: OPTTx1828@2.49 COOLx190@23.94 INUVx3207@1.42 MNOVx1821@2.50 ISRx5693@0.80 

2014-01-16
Cash: 10.34
Held: ISRx5693@0.82 COOLx190@24.36 INUVx3207@1.38 MNOVx1821@2.50 OPTTx1828@2.60 
Value: 23035.75
Sales: ISRx5693@0.82 INUVx3207@1.38 OPTTx1828@2.60 MNOVx1821@2.50 COOLx190@24.36 
Purchases: BCRXx425@10.82 USNAx78@59.00 RLIx102@44.88 NUSx57@80.31 HEBx13159@0.35 

2014-01-20
Cash: 73.12
Held: USNAx78@60.00 RLIx102@45.62 BCRXx425@11.40 HEBx13159@0.50 NUSx57@79.50 
Value: 25362.20
Sales: USNAx78@60.00 RLIx102@45.62 HEBx13159@0.50 BCRXx425@11.40 NUSx57@79.50 
Purchases: VUZIx1719@2.95 MNGAx4787@1.06 DECKx66@76.06 NUSx63@79.50 HLITx772@6.57 

2014-01-21
Cash: 119.43
Held: MNGAx4787@1.05 HLITx772@6.72 DECKx66@75.75 NUSx63@78.56 VUZIx1719@2.80 
Value: 25095.20
Sales: VUZIx1719@2.80 MNGAx4787@1.05 DECKx66@75.75 NUSx63@78.56 HLITx772@6.72 
Purchases: CRMDx2181@2.30 AMRNx2935@1.71 OTIVx1274@3.94 CDXSx2988@1.68 URREx1367@3.67 

2014-01-22
Cash: 3.90
Held: AMRNx2935@1.70 CRMDx2181@2.37 CDXSx2988@1.68 URREx1367@3.92 OTIVx1274@4.33 
Value: 26052.54
Sales: OTIVx1274@4.33 AMRNx2935@1.70 CRMDx2181@2.37 CDXSx2988@1.68 URREx1367@3.92 
Purchases: MLSSx3318@1.57 HTHTx188@27.69 AMDx1419@3.67 MTSLx2493@2.09 OESXx794@6.56 

2014-01-23
Cash: 11.87
Held: MLSSx3318@1.55 AMDx1419@3.60 OESXx794@6.51 MTSLx2493@2.09 HTHTx188@26.84 
Value: 25688.88
Sales: MLSSx3318@1.55 HTHTx188@26.84 AMDx1419@3.60 MTSLx2493@2.09 OESXx794@6.51 
Purchases: ISRx6672@0.77 NFECx3021@1.70 HRCx138@37.06 DZSIx1133@4.53 BLINx802@6.40 

2014-01-26
Cash: 34.94
Held: ISRx6672@0.75 DZSIx1133@4.48 NFECx3021@1.53 HRCx138@37.34 BLINx802@6.15 
Value: 24822.75
Sales: ISRx6672@0.75 NFECx3021@1.53 HRCx138@37.34 DZSIx1133@4.48 BLINx802@6.15 
Purchases: KSUx49@100.38 SYMXx4818@1.03 PAMx1198@4.14 MVVx81@60.78 TQQQx83@59.22 

2014-01-27
Cash: 141.62
Held: SYMXx4818@1.05 TQQQx83@56.53 KSUx49@100.06 MVVx81@59.69 PAMx1198@4.19 
Value: 24650.72
Sales: KSUx49@100.06 SYMXx4818@1.05 PAMx1198@4.19 MVVx81@59.69 TQQQx83@56.53 
Purchases: DLx263@18.69 ASTCx1671@2.95 XTLBx1512@3.26 AHPIx930@5.30 ETEx121@40.59 

2014-01-28
Cash: 37.43
Held: ASTCx1671@3.13 XTLBx1512@3.59 DLx263@21.70 ETEx121@41.00 AHPIx930@5.20 
Value: 26201.14
Sales: DLx263@21.70 ASTCx1671@3.13 AHPIx930@5.20 XTLBx1512@3.59 ETEx121@41.00 
Purchases: XTNTx9033@0.58 ASGx1009@5.19 ETOx226@23.14 SPEXx886@5.91 RCIIx218@24.02 

2014-01-29
Cash: 21.57
Held: ETOx226@23.27 XTNTx9033@0.60 SPEXx886@5.82 RCIIx218@24.38 ASGx1009@5.17 
Value: 26389.26
Sales: ASGx1009@5.17 SPEXx886@5.82 ETOx226@23.27 XTNTx9033@0.60 RCIIx218@24.38 
Purchases: BSACx269@19.58 VIPx541@9.74 CYRXx1099@4.80 PGNXx1191@4.43 CTICx16@325.00 

2014-01-30
Cash: 100.40
Held: PGNXx1191@5.10 CTICx16@329.00 BSACx269@19.61 CYRXx1099@4.80 VIPx541@9.50 
Value: 27130.84
Sales: VIPx541@9.50 BSACx269@19.61 CYRXx1099@4.80 PGNXx1191@5.10 CTICx16@329.00 
Purchases: TEARx821@6.60 KMTx126@42.78 BVSNx468@11.57 SBCFx493@10.99 LEUx1179@4.60 

2014-02-02
Cash: 61.23
Held: BVSNx468@11.50 SBCFx493@11.15 LEUx1179@4.53 TEARx821@6.45 KMTx126@43.16 
Value: 27014.24
Sales: TEARx821@6.45 KMTx126@43.16 BVSNx468@11.50 SBCFx493@11.15 LEUx1179@4.53 
Purchases: ABCDx3070@1.76 HGGx655@8.24 IFONx2232@2.42 ORMPx247@21.81 OSTKx262@20.61 

2014-02-03
Cash: 24.52
Held: IFONx2232@2.48 OSTKx262@20.80 ORMPx247@16.48 HGGx655@7.75 ABCDx3070@1.77 
Value: 25590.06
Sales: ABCDx3070@1.77 HGGx655@7.75 IFONx2232@2.48 ORMPx247@16.48 OSTKx262@20.80 
Purchases: STWDx214@23.91 HUSAx15049@0.34 UQMx2957@1.73 TTFx526@9.73 GALEx1176@4.35 

2014-02-04
Cash: 5.54
Held: TTFx526@9.60 GALEx1176@4.35 HUSAx15049@0.34 STWDx214@24.03 UQMx2957@1.68 
Value: 25400.90
Sales: STWDx214@24.03 GALEx1176@4.35 UQMx2957@1.68 TTFx526@9.60 HUSAx15049@0.34 
Purchases: TREXx79@63.78 LQDTx238@21.28 SUNWx46189@0.11 TTWOx296@17.11 IMKTAx220@23.00 

2014-02-05
Cash: 92.76
Held: TTWOx296@18.00 IMKTAx220@22.58 SUNWx46189@0.08 LQDTx238@20.50 TREXx79@64.06 
Value: 24023.79
Sales: IMKTAx220@22.58 TREXx79@64.06 SUNWx46189@0.08 TTWOx296@18.00 LQDTx238@20.50 
Purchases: ALQAx600@8.00 CDXCx1104@4.35 NLSTx3203@1.50 CASSx99@48.06 SNOAx1564@3.07 

2014-02-06
Cash: 55.01
Held: ALQAx600@8.50 SNOAx1564@3.07 CASSx99@48.19 NLSTx3203@1.68 CDXCx1104@4.77 
Value: 25373.14
Sales: ALQAx600@8.50 CDXCx1104@4.77 SNOAx1564@3.07 NLSTx3203@1.68 CASSx99@48.19 
Purchases: INUVx4452@1.14 CNITx1237@4.10 PBHx191@26.45 SFLYx112@45.00 NVCNx981@5.17 

2014-02-09
Cash: 59.64
Held: PBHx191@27.31 INUVx4452@1.27 NVCNx981@5.20 SFLYx112@43.75 CNITx1237@4.17 
Value: 26089.32
Sales: CNITx1237@4.17 INUVx4452@1.27 PBHx191@27.31 SFLYx112@43.75 NVCNx981@5.20 
Purchases: JOBx14489@0.36 CLFDx227@22.89 CALDx456@11.42 VXXx115@45.34 GAZx1762@2.96 

2014-02-10
Cash: 35.48
Held: CALDx456@11.83 JOBx14489@0.39 CLFDx227@21.62 VXXx115@44.78 GAZx1762@2.88 
Value: 26213.05
Sales: JOBx14489@0.39 CLFDx227@21.62 CALDx456@11.83 VXXx115@44.78 GAZx1762@2.88 
Purchases: BWPx407@12.87 ATECx2319@2.26 RELVx2496@2.10 MGEEx141@36.94 PRANx562@9.33 

2014-02-11
Cash: 44.49
Held: BWPx407@13.61 ATECx2319@1.99 RELVx2496@2.09 MGEEx141@37.88 PRANx562@8.69 
Value: 25637.86
Sales: BWPx407@13.61 PRANx562@8.69 RELVx2496@2.09 MGEEx141@37.88 ATECx2319@1.99 
Purchases: SPARx989@5.18 BFRx891@5.75 APDNx593@8.64 XTLBx1314@3.90 AYRx288@17.75 

2014-02-12
Cash: 30.89
Held: APDNx593@8.31 XTLBx1314@4.00 SPARx989@5.16 AYRx288@17.67 BFRx891@6.37 
Value: 26085.74
Sales: SPARx989@5.16 BFRx891@6.37 APDNx593@8.31 XTLBx1314@4.00 AYRx288@17.67 
Purchases: MYOSx617@8.45 OGXIx454@11.48 VSATx94@55.50 IGIx260@20.02 NTNx8844@0.59 

2014-02-13
Cash: 22.16
Held: OGXIx454@11.70 IGIx260@20.16 NTNx8844@0.57 MYOSx617@8.30 VSATx94@57.34 
Value: 26125.02
Sales: MYOSx617@8.30 NTNx8844@0.57 VSATx94@57.34 IGIx260@20.16 OGXIx454@11.70 
Purchases: SITOx11612@0.45 IPIx374@13.94 WFMx101@51.66 INSMx313@16.67 MGHx10047@0.52 

2014-02-17
Cash: 27.35
Held: WFMx101@52.22 IPIx374@14.68 MGHx10047@0.47 SITOx11612@0.47 INSMx313@18.31 
Value: 26702.55
Sales: MGHx10047@0.47 SITOx11612@0.47 IPIx374@14.68 INSMx313@18.31 WFMx101@52.22 
Purchases: WHLMx21362@0.25 SPRTx2127@2.51 LLITx611@8.73 DSx1091@4.89 WTWx241@22.08 

2014-02-18
Cash: 35.35
Held: WTWx241@20.91 DSx1091@4.79 LLITx611@8.88 WHLMx21362@0.28 SPRTx2127@2.52 
Value: 27067.05
Sales: WHLMx21362@0.28 SPRTx2127@2.52 LLITx611@8.88 DSx1091@4.79 WTWx241@20.91 
Purchases: DCOx214@25.27 ISDRx551@9.82 CPLx415@13.02 SMIx1270@4.26 HRTx1258@4.30 

2014-02-19
Cash: 21.72
Held: ISDRx551@9.05 DCOx214@24.42 HRTx1258@4.41 CPLx415@14.02 SMIx1270@4.20 
Value: 26933.54
Sales: DCOx214@24.42 ISDRx551@9.05 CPLx415@14.02 SMIx1270@4.20 HRTx1258@4.41 
Purchases: GNVCx1500@3.59 ARCWx527@10.22 TSx123@43.78 OTEXx106@50.81 TIKx1002@5.37 

2014-02-20
Cash: 10.44
Held: OTEXx106@50.94 ARCWx527@10.72 TSx123@43.41 GNVCx1500@3.47 TIKx1002@5.10 
Value: 26715.39
Sales: GNVCx1500@3.47 ARCWx527@10.72 TSx123@43.41 OTEXx106@50.94 TIKx1002@5.10 
Purchases: EMITFx1410@3.79 EVIx1604@3.33 ULBIx1480@3.61 CONNx160@33.38 PRANx672@7.95 

2014-02-23
Cash: 7.61
Held: EVIx1604@3.22 CONNx160@33.59 ULBIx1480@3.70 EMITFx1410@3.86 PRANx672@8.39 
Value: 27103.68
Sales: EMITFx1410@3.86 EVIx1604@3.22 ULBIx1480@3.70 CONNx160@33.59 PRANx672@8.39 
Purchases: PMDx320@16.91 HBMDx433@12.50 AXNx12047@0.45 ARLx597@9.07 NCMIx341@15.88 

2014-02-24
Cash: 29.61
Held: HBMDx433@10.00 NCMIx341@16.16 AXNx12047@0.50 ARLx597@9.40 PMDx320@16.89 
Value: 26908.25
Sales: PMDx320@16.89 HBMDx433@10.00 AXNx12047@0.50 ARLx597@9.40 NCMIx341@16.16 
Purchases: FSIx4982@1.08 NLSTx2788@1.93 CYRNx1435@3.75 MDCAx241@22.31 ATECx3635@1.48 

2014-02-25
Cash: 7.27
Held: ATECx3635@1.50 FSIx4982@0.94 NLSTx2788@1.99 CYRNx1435@3.90 MDCAx241@22.75 
Value: 26771.14
Sales: FSIx4982@0.94 NLSTx2788@1.99 CYRNx1435@3.90 MDCAx241@22.75 ATECx3635@1.50 
Purchases: IDNx6953@0.77 USVx181@29.50 GSBx2411@2.22 WCSTx982@5.45 ASMx2586@2.07 

2014-02-26
Cash: 18.62
Held: USVx181@29.11 WCSTx982@5.18 ASMx2586@2.04 GSBx2411@2.29 IDNx6953@0.75 
Value: 26380.56
Sales: GSBx2411@2.29 USVx181@29.11 WCSTx982@5.18 ASMx2586@2.04 IDNx6953@0.75 
Purchases: ARCIx1747@3.02 STVx1764@2.99 AXNx12564@0.42 BOOMx250@21.05 PDEXx2375@2.22 

2014-02-27
Cash: 18.88
Held: STVx1764@2.99 PDEXx2375@2.30 AXNx12564@0.49 ARCIx1747@2.87 BOOMx250@21.12 
Value: 27207.89
Sales: BOOMx250@21.12 STVx1764@2.99 AXNx12564@0.49 ARCIx1747@2.87 PDEXx2375@2.30 
Purchases: XRAx7664@0.71 LIVEx755@7.20 WACx209@25.94 PERFx875@6.22 MTLx3109@1.75 

2014-03-02
Cash: 28.24
Held: PERFx875@6.83 LIVEx755@7.30 XRAx7664@0.70 WACx209@25.30 MTLx3109@1.65 
Value: 27299.35
Sales: WACx209@25.30 LIVEx755@7.30 XRAx7664@0.70 PERFx875@6.83 MTLx3109@1.65 
Purchases: CNETx1347@4.05 CNITx1058@5.16 ARWRx274@19.91 MGICx634@8.60 DECKx74@73.31 

2014-03-03
Cash: 50.68
Held: CNETx1347@4.68 MGICx634@8.81 DECKx74@73.56 ARWRx274@20.38 CNITx1058@5.21 
Value: 28480.89
Sales: CNETx1347@4.68 CNITx1058@5.21 ARWRx274@20.38 MGICx634@8.81 DECKx74@73.56 
Purchases: MNTAx395@14.41 NAKx6546@0.87 PROx169@33.62 IMNPx1356@4.20 CLDXx212@26.86 

2014-03-04
Cash: 23.68
Held: PROx169@33.31 CLDXx212@27.88 IMNPx1356@4.25 NAKx6546@0.99 MNTAx395@14.54 
Value: 29550.99
Sales: IMNPx1356@4.25 NAKx6546@0.99 PROx169@33.31 CLDXx212@27.88 MNTAx395@14.54 
Purchases: BISx84@70.06 PERFx936@6.31 LBTYAx136@43.31 LBTYBx133@44.31 LBTYKx141@41.84 

2014-03-05
Cash: 76.87
Held: PERFx936@6.31 LBTYAx136@43.28 LBTYBx133@43.12 LBTYKx141@41.78 BISx84@70.62 
Value: 29427.24
Sales: BISx84@70.62 LBTYKx141@41.78 PERFx936@6.31 LBTYBx133@43.12 LBTYAx136@43.28 
Purchases: GCBCx232@25.31 AETIx843@6.98 LEUx1338@4.40 VHCx294@20.02 XOMAx840@7.00 

2014-03-06
Cash: 20.51
Held: VHCx294@19.05 LEUx1338@4.01 XOMAx840@6.59 GCBCx232@25.75 AETIx843@6.81 
Value: 28237.08
Sales: AETIx843@6.81 GCBCx232@25.75 LEUx1338@4.01 VHCx294@19.05 XOMAx840@6.59 
Purchases: TISAx1201@4.70 SPLSx495@11.40 LIVEx684@8.25 RILYx21720@0.26 MGCDx545@10.35 

2014-03-09
Cash: 19.08
Held: LIVEx684@8.01 RILYx21720@0.27 TISAx1201@4.56 MGCDx545@10.34 SPLSx495@11.53 
Value: 28181.43
Sales: TISAx1201@4.56 LIVEx684@8.01 SPLSx495@11.53 RILYx21720@0.27 MGCDx545@10.34 
Purchases: BORNx1628@3.46 GRBKx1841@3.06 NMRXx435@12.95 THMx6790@0.83 INSGx2609@2.16 

2014-03-10
Cash: 5.87
Held: GRBKx1841@3.32 INSGx2609@2.13 NMRXx435@13.23 THMx6790@0.84 BORNx1628@3.24 
Value: 28409.17
Sales: NMRXx435@13.23 GRBKx1841@3.32 BORNx1628@3.24 THMx6790@0.84 INSGx2609@2.13 
Purchases: FNCXx12627@0.45 ARCWx498@11.41 DDDx88@64.50 VHCx345@16.42 PXLWx868@6.54 

2014-03-11
Cash: 29.87
Held: PXLWx868@6.40 FNCXx12627@0.44 VHCx345@15.98 DDDx88@60.25 ARCWx498@11.13 
Value: 27496.91
Sales: FNCXx12627@0.44 DDDx88@60.25 ARCWx498@11.13 VHCx345@15.98 PXLWx868@6.40 
Purchases: CNETx1348@4.08 HOTRx1374@4.00 BSPMx337@16.31 MYGNx159@34.53 BONTx561@9.80 

2014-03-12
Cash: 19.77
Held: CNETx1348@4.08 MYGNx159@35.19 HOTRx1374@3.95 BONTx561@10.51 BSPMx337@15.26 
Value: 27574.89
Sales: CNETx1348@4.08 BONTx561@10.51 BSPMx337@15.26 MYGNx159@35.19 HOTRx1374@3.95 
Purchases: ROXx4794@1.15 BPIx357@15.42 DLx265@20.78 EXPRx347@15.89 ARTXx1256@4.39 

2014-03-13
Cash: 18.60
Held: ARTXx1256@4.35 EXPRx347@15.82 DLx265@20.00 BPIx357@14.94 ROXx4794@1.18 
Value: 27261.92
Sales: BPIx357@14.94 ARTXx1256@4.35 DLx265@20.00 ROXx4794@1.18 EXPRx347@15.82 
Purchases: SGMAx698@7.81 OPTTx1147@4.75 SSYx3303@1.65 EVRIx677@8.05 ORMPx480@11.34 

2014-03-16
Cash: 19.30
Held: SSYx3303@1.80 SGMAx698@10.26 ORMPx480@11.40 EVRIx677@8.05 OPTTx1147@4.20 
Value: 28859.50
Sales: SGMAx698@10.26 ORMPx480@11.40 SSYx3303@1.80 EVRIx677@8.05 OPTTx1147@4.20 
Purchases: ESNCx2394@2.41 AMRCx760@7.59 AXNx13745@0.42 OMERx508@11.34 ADUSx264@21.78 

2014-03-17
Cash: 36.60
Held: ADUSx264@22.09 ESNCx2394@2.15 AMRCx760@7.76 AXNx13745@0.39 OMERx508@11.77 
Value: 28256.27
Sales: ESNCx2394@2.15 AMRCx760@7.76 AXNx13745@0.39 OMERx508@11.77 ADUSx264@22.09 
Purchases: MEETx1647@3.43 AUMNx5001@1.13 MGCDx555@10.18 KONEx909@6.21 OPTTx1377@4.10 

2014-03-18
Cash: 13.71
Held: MEETx1647@3.51 KONEx909@6.37 AUMNx5001@1.09 MGCDx555@10.25 OPTTx1377@4.15 
Value: 28437.08
Sales: OPTTx1377@4.15 MEETx1647@3.51 MGCDx555@10.25 KONEx909@6.37 AUMNx5001@1.09 
Purchases: BLDPx1210@4.70 APDNx787@7.22 FSMx1461@3.89 FCELx2060@2.76 JRJCx1048@5.42 

2014-03-19
Cash: 18.42
Held: APDNx787@7.62 FSMx1461@3.62 FCELx2060@2.55 JRJCx1048@5.20 BLDPx1210@4.65 
Value: 27631.79
Sales: JRJCx1048@5.20 FCELx2060@2.55 BLDPx1210@4.65 APDNx787@7.62 FSMx1461@3.62 
Purchases: MOCx2763@2.00 WLKx83@66.56 IGCx6071@0.91 NVGNx1300@4.25 WCSTx961@5.75 

2014-03-20
Cash: 4.79
Held: MOCx2763@1.99 NVGNx1300@4.34 WCSTx961@5.75 IGCx6071@0.90 WLKx83@67.75 
Value: 27757.91
Sales: MOCx2763@1.99 NVGNx1300@4.34 IGCx6071@0.90 WCSTx961@5.75 WLKx83@67.75 
Purchases: PRTSx1882@2.95 BOFIx247@22.45 TEUMx5048@1.10 CDTIx201@27.50 CIDMx2018@2.75 

2014-03-23
Cash: 33.73
Held: TEUMx5048@1.14 BOFIx247@21.50 CIDMx2018@2.80 PRTSx1882@2.90 CDTIx201@24.84 
Value: 27201.28
Sales: PRTSx1882@2.90 BOFIx247@21.50 TEUMx5048@1.14 CDTIx201@24.84 CIDMx2018@2.80 
Purchases: SYMCx294@18.50 CNETx1301@4.18 YANGx206@26.38 KELYBx217@25.03 ADXSx1115@4.88 

2014-03-24
Cash: 19.50
Held: CNETx1301@4.08 ADXSx1115@4.81 KELYBx217@25.03 SYMCx294@19.19 YANGx206@25.81 
Value: 27077.00
Sales: CNETx1301@4.08 ADXSx1115@4.81 SYMCx294@19.19 KELYBx217@25.03 YANGx206@25.81 
Purchases: DRAMx539@10.05 TRXx2567@2.11 FUEx470@11.51 ABTLx450@12.03 UUUUx585@9.25 

2014-03-25
Cash: 12.98
Held: TRXx2567@2.14 DRAMx539@9.90 ABTLx450@12.67 UUUUx585@9.89 FUEx470@11.24 
Value: 27615.41
Sales: DRAMx539@9.90 TRXx2567@2.14 FUEx470@11.24 ABTLx450@12.67 UUUUx585@9.89 
Purchases: MNGAx3563@1.55 ARWRx319@17.27 AXUx3173@1.74 OHRPx381@14.46 MVISx2630@2.10 

2014-03-26
Cash: 32.37
Held: MNGAx3563@1.60 OHRPx381@14.50 AXUx3173@1.53 MVISx2630@2.00 ARWRx319@16.14 
Value: 26520.70
Sales: MNGAx3563@1.60 MVISx2630@2.00 OHRPx381@14.50 ARWRx319@16.14 AXUx3173@1.53 
Purchases: EXELx1303@4.07 RGSEx1381@3.84 CMCTx221@24.00 EVRIx789@6.72 INSMx337@15.71 

2014-03-27
Cash: 14.58
Held: RGSEx1381@3.86 EXELx1303@3.90 EVRIx789@6.70 INSMx337@17.05 CMCTx221@23.41 
Value: 26629.84
Sales: EXELx1303@3.90 RGSEx1381@3.86 INSMx337@17.05 EVRIx789@6.70 CMCTx221@23.41 
Purchases: GOOGx9@561.00 IDNx5851@0.91 HTMx6916@0.77 INVTx1133@4.70 SOLx1648@3.23 

2014-03-30
Cash: 282.04
Held: INVTx1133@4.80 HTMx6916@0.75 SOLx1648@3.36 GOOGx9@567.00 IDNx5851@0.99 
Value: 27341.43
Sales: GOOGx9@567.00 IDNx5851@0.99 HTMx6916@0.75 INVTx1133@4.80 SOLx1648@3.36 
Purchases: GRNx980@5.58 LDOSx157@34.62 SGBx415@13.15 DGLYx876@6.24 SPEXx1810@3.02 

2014-03-31
Cash: 52.06
Held: GRNx980@5.95 SPEXx1810@3.00 LDOSx157@35.88 SGBx415@13.35 DGLYx876@6.15 
Value: 27871.60
Sales: GRNx980@5.95 LDOSx157@35.88 SGBx415@13.35 DGLYx876@6.15 SPEXx1810@3.00 
Purchases: MNKDx1386@4.02 INSYx132@42.12 MLIx185@30.11 SPEXx1858@3.00 PRANx2065@2.70 

2014-04-01
Cash: 21.91
Held: MNKDx1386@7.75 MLIx185@30.56 SPEXx1858@3.01 INSYx132@43.44 PRANx2065@2.36 
Value: 32615.47
Sales: MNKDx1386@7.75 INSYx132@43.44 MLIx185@30.56 SPEXx1858@3.01 PRANx2065@2.36 
Purchases: GIGx4026@1.62 ARTXx1205@5.41 CLNTx1037@6.29 CDTIx399@16.34 SPANx296@21.97 

2014-04-02
Cash: 27.98
Held: ARTXx1205@5.58 SPANx296@21.70 GIGx4026@1.71 CLNTx1037@6.44 CDTIx399@15.95 
Value: 33103.08
Sales: GIGx4026@1.71 ARTXx1205@5.58 CLNTx1037@6.44 SPANx296@21.70 CDTIx399@15.95 
Purchases: LQDTx368@17.98 KONEx1042@6.35 VIIx2108@3.14 HOTRx1930@3.43 PRANx2853@2.32 

2014-04-03
Cash: 6.92
Held: KONEx1042@6.34 HOTRx1930@3.40 LQDTx368@18.64 VIIx2108@3.17 PRANx2853@2.42 
Value: 33621.77
Sales: LQDTx368@18.64 PRANx2853@2.42 VIIx2108@3.17 KONEx1042@6.34 HOTRx1930@3.40 
Purchases: CSLSx285@23.56 BIOPx2873@2.34 SSNx14009@0.48 MNOVx3263@2.06 FRBKx1857@3.62 

2014-04-06
Cash: 15.73
Held: SSNx14009@0.50 CSLSx285@23.50 FRBKx1857@3.57 MNOVx3263@2.05 BIOPx2873@2.25 
Value: 33503.75
Sales: CSLSx285@23.50 BIOPx2873@2.25 SSNx14009@0.50 MNOVx3263@2.05 FRBKx1857@3.57 
Purchases: OPTTx2196@3.05 NETEx2263@2.96 CLNTx1190@5.63 XTLBx1726@3.88 DLHCx4467@1.50 

2014-04-07
Cash: 6.37
Held: XTLBx1726@3.65 DLHCx4467@1.50 CLNTx1190@5.48 NETEx2263@3.05 OPTTx2196@2.92 
Value: 32845.27
Sales: OPTTx2196@2.92 NETEx2263@3.05 CLNTx1190@5.48 XTLBx1726@3.65 DLHCx4467@1.50 
Purchases: SOXLx77@84.50 WGBSx3863@1.70 JRJCx1524@4.31 KNDIx488@13.46 SHLDx172@38.16 

2014-04-08
Cash: 72.81
Held: SOXLx77@88.75 KNDIx488@14.50 SHLDx172@37.25 WGBSx3863@1.63 JRJCx1524@4.38 
Value: 33359.25
Sales: JRJCx1524@4.38 WGBSx3863@1.63 KNDIx488@14.50 SOXLx77@88.75 SHLDx172@37.25 
Purchases: USEGx1548@4.31 PIPx4248@1.57 LTEAx12829@0.52 OHRPx670@9.95 BPTHx2839@2.35 

2014-04-09
Cash: 8.39
Held: OHRPx670@10.48 USEGx1548@4.39 LTEAx12829@0.65 BPTHx2839@2.75 PIPx4248@1.52 
Value: 36424.19
Sales: USEGx1548@4.39 PIPx4248@1.52 LTEAx12829@0.65 OHRPx670@10.48 BPTHx2839@2.75 
Purchases: HBMDx680@10.70 EBR.Bx1456@5.00 CRAIx340@21.38 IKGHx2335@3.12 SIDx1729@4.21 

2014-04-10
Cash: 34.66
Held: SIDx1729@4.13 HBMDx680@10.70 IKGHx2335@3.15 EBR.Bx1456@4.98 CRAIx340@20.73 
Value: 36109.08
Sales: HBMDx680@10.70 CRAIx340@20.73 EBR.Bx1456@4.98 IKGHx2335@3.15 SIDx1729@4.13 
Purchases: MNGAx4659@1.55 EIDOx263@27.41 JOBx34395@0.21 DFFNx1569@4.60 BBBYx114@63.09 

2014-04-13
Cash: 46.55
Held: JOBx34395@0.20 MNGAx4659@1.51 BBBYx114@64.44 EIDOx263@27.94 DFFNx1569@4.90 
Value: 36336.96
Sales: MNGAx4659@1.51 JOBx34395@0.20 EIDOx263@27.94 DFFNx1569@4.90 BBBYx114@64.44 
Purchases: CSIQx290@25.05 IONSx210@34.53 TSLx633@11.48 SRPTx324@22.41 BIBx215@33.78 

2014-04-14
Cash: 34.54
Held: SRPTx324@22.50 CSIQx290@25.80 IONSx210@33.22 TSLx633@10.85 BIBx215@33.09 
Value: 35765.77
Sales: CSIQx290@25.80 IONSx210@33.22 TSLx633@10.85 SRPTx324@22.50 BIBx215@33.09 
Purchases: MEIPx823@8.69 CVMx5503@1.30 TGTXx1305@5.48 CAPRx1172@6.10 BOSCx1493@4.79 

2014-04-15
Cash: 10.02
Held: MEIPx823@8.86 CVMx5503@1.22 CAPRx1172@5.80 TGTXx1305@5.34 BOSCx1493@4.25 
Value: 34125.70
Sales: MEIPx823@8.86 CVMx5503@1.22 TGTXx1305@5.34 CAPRx1172@5.80 BOSCx1493@4.25 
Purchases: IDRAx2436@2.80 SMTXx4431@1.54 KONEx1499@4.55 LXRXx4376@1.56 PTXx1586@4.30 

2014-04-16
Cash: 11.74
Held: LXRXx4376@1.56 KONEx1499@4.70 SMTXx4431@1.58 PTXx1586@4.34 IDRAx2436@2.92 
Value: 34877.80
Sales: IDRAx2436@2.92 SMTXx4431@1.58 KONEx1499@4.70 LXRXx4376@1.56 PTXx1586@4.34 
Purchases: UNXLx956@7.29 DGLYx1543@4.52 SPEXx3854@1.81 MFRIx739@9.44 HUSAx13683@0.51 

2014-04-20
Cash: 12.30
Held: HUSAx13683@0.46 MFRIx739@9.24 SPEXx3854@2.08 DGLYx1543@4.61 UNXLx956@7.24 
Value: 35184.61
Sales: HUSAx13683@0.46 DGLYx1543@4.61 SPEXx3854@2.08 MFRIx739@9.24 UNXLx956@7.24 
Purchases: LTEAx13804@0.51 MGIx485@14.51 OESXx1270@5.54 HMNYx1625@4.33 FCSCx1737@4.05 

2014-04-21
Cash: 7.49
Held: MGIx485@12.69 LTEAx13804@0.47 HMNYx1625@4.30 OESXx1270@5.69 FCSCx1737@4.29 
Value: 34315.36
Sales: MGIx485@12.69 FCSCx1737@4.29 LTEAx13804@0.47 HMNYx1625@4.30 OESXx1270@5.69 
Purchases: CMGx13@508.25 TATTx899@7.63 SSNx18066@0.38 ASMx4605@1.49 MAGx1052@6.52 

2014-04-22
Cash: 265.69
Held: MAGx1052@6.79 SSNx18066@0.38 CMGx13@511.00 ASMx4605@1.54 TATTx899@8.05 
Value: 35239.76
Sales: CMGx13@511.00 TATTx899@8.05 SSNx18066@0.38 ASMx4605@1.54 MAGx1052@6.79 
Purchases: BEBEx121@57.91 AUMNx9927@0.71 TOPSx921@7.65 KONEx1766@3.99 MDSOx174@40.38 

2014-04-23
Cash: 69.11
Held: TOPSx921@7.45 KONEx1766@4.18 AUMNx9927@0.74 MDSOx174@43.84 BEBEx121@55.59 
Value: 36015.13
Sales: BEBEx121@55.59 MDSOx174@43.84 TOPSx921@7.45 KONEx1766@4.18 AUMNx9927@0.74 
Purchases: EDGWx969@7.43 UISx279@25.80 LONEx27702@0.26 ISRGx19@376.25 XTNTx10001@0.72 

2014-04-24
Cash: 64.03
Held: UISx279@25.25 XTNTx10001@0.71 EDGWx969@7.39 LONEx27702@0.24 ISRGx19@368.50 
Value: 35020.32
Sales: EDGWx969@7.39 UISx279@25.25 LONEx27702@0.24 ISRGx19@368.50 XTNTx10001@0.71 
Purchases: TCBIx124@56.25 CNETx2674@2.62 ZIXIx2018@3.47 TGTXx1372@5.10 IGTx556@12.59 

2014-04-27
Cash: 36.39
Held: CNETx2674@2.68 TCBIx124@55.75 ZIXIx2018@3.44 IGTx556@12.50 TGTXx1372@4.69 
Value: 34442.30
Sales: CNETx2674@2.68 TCBIx124@55.75 ZIXIx2018@3.44 IGTx556@12.50 TGTXx1372@4.69 
Purchases: PLUGx1282@5.37 FNCXx1128@6.10 CYTKx1504@4.58 MYEx345@19.94 CVLTx146@47.00 

2014-04-28
Cash: 48.06
Held: CVLTx146@46.03 FNCXx1128@5.85 PLUGx1282@4.44 MYEx345@18.84 CYTKx1504@4.57 
Value: 32437.91
Sales: PLUGx1282@4.44 FNCXx1128@5.85 CVLTx146@46.03 MYEx345@18.84 CYTKx1504@4.57 
Purchases: NKTRx577@11.23 FNCXx1108@5.85 CYTKx1419@4.57 DZSIx2316@2.80 OGXIx1655@3.92 

2014-04-29
Cash: 17.30
Held: DZSIx2316@2.75 OGXIx1655@3.85 FNCXx1108@5.46 NKTRx577@11.35 CYTKx1419@4.49 
Value: 31726.85
Sales: FNCXx1108@5.46 NKTRx577@11.35 CYTKx1419@4.49 DZSIx2316@2.75 OGXIx1655@3.85 
Purchases: UCTTx725@8.75 ELTKx3753@1.69 OIBR.Cx6821@0.93 GUREx3393@1.87 OGXIx1648@3.85 

2014-04-30
Cash: 4.72
Held: UCTTx725@8.49 OGXIx1648@3.85 OIBR.Cx6821@1.12 GUREx3393@1.90 ELTKx3753@1.59 
Value: 32560.74
Sales: UCTTx725@8.49 ELTKx3753@1.59 OIBR.Cx6821@1.12 GUREx3393@1.90 OGXIx1648@3.85 
Purchases: NETEx2987@2.18 PSPx550@11.82 CNITx1587@4.10 SYNx4430@1.47 CMPRx165@39.41 

2014-05-01
Cash: 26.74
Held: PSPx550@11.88 SYNx4430@1.46 CMPRx165@38.69 NETEx2987@2.20 CNITx1587@4.35 
Value: 32888.35
Sales: NETEx2987@2.20 PSPx550@11.88 CNITx1587@4.35 SYNx4430@1.46 CMPRx165@38.69 
Purchases: SLMx734@8.96 DLBx166@39.44 SYNx4505@1.46 QUIKx1704@3.86 BGFVx542@12.12 

2014-05-04
Cash: 43.38
Held: DLBx166@39.06 QUIKx1704@3.63 SYNx4505@1.33 SLMx734@8.86 BGFVx542@12.00 
Value: 31713.52
Sales: DLBx166@39.06 BGFVx542@12.00 SYNx4505@1.33 QUIKx1704@3.63 SLMx734@8.86 
Purchases: LCUTx396@16.00 IMMUx1951@3.25 CAPRx1349@4.70 BCORx366@17.33 UBCx279@22.69 

2014-05-05
Cash: 25.62
Held: CAPRx1349@4.84 LCUTx396@14.83 BCORx366@17.16 IMMUx1951@3.36 UBCx279@22.77 
Value: 31611.45
Sales: LCUTx396@14.83 IMMUx1951@3.36 BCORx366@17.16 CAPRx1349@4.84 UBCx279@22.77 
Purchases: MGPIx1156@5.47 NETEx3473@1.82 CRD.Ax759@8.33 CRAIx301@20.94 RELVx3292@1.92 

2014-05-06
Cash: 24.01
Held: RELVx3292@1.95 CRD.Ax759@8.16 CRAIx301@20.84 MGPIx1156@5.58 NETEx3473@1.87 
Value: 31851.84
Sales: MGPIx1156@5.58 NETEx3473@1.87 CRAIx301@20.84 RELVx3292@1.95 CRD.Ax759@8.16 
Purchases: GLDDx820@7.76 OLEDx275@23.09 GIFIx330@19.25 OHGIx1478@4.31 ATHNx60@105.75 

2014-05-07
Cash: 70.85
Held: GIFIx330@19.55 OHGIx1478@4.18 OLEDx275@24.67 GLDDx820@7.56 ATHNx60@105.25 
Value: 31996.71
Sales: ATHNx60@105.25 OLEDx275@24.67 GIFIx330@19.55 OHGIx1478@4.18 GLDDx820@7.56 
Purchases: CORTx3248@1.97 EVKx1180@5.42 TREEx270@23.69 PCOx4569@1.40 WFMx164@38.97 

2014-05-08
Cash: 16.34
Held: EVKx1180@5.33 CORTx3248@1.72 PCOx4569@1.37 WFMx164@39.16 TREEx270@23.80 
Value: 30996.05
Sales: CORTx3248@1.72 EVKx1180@5.33 TREEx270@23.80 PCOx4569@1.37 WFMx164@39.16 
Purchases: AVNWx516@12.00 ISBCx596@10.39 GEOSx130@47.50 ICADx894@6.93 TREXx186@33.19 

2014-05-11
Cash: 68.22
Held: GEOSx130@50.38 AVNWx516@12.48 ICADx894@7.06 ISBCx596@10.48 TREXx186@33.88 
Value: 31910.04
Sales: AVNWx516@12.48 ISBCx596@10.48 GEOSx130@50.38 ICADx894@7.06 TREXx186@33.88 
Purchases: SGMSx707@9.02 INVTx2445@2.61 BSPMx690@9.24 CECOx1369@4.66 GENEx6194@1.03 

2014-05-12
Cash: 12.17
Held: INVTx2445@2.76 CECOx1369@5.01 GENEx6194@1.05 SGMSx707@9.14 BSPMx690@9.66 
Value: 33248.57
Sales: SGMSx707@9.14 INVTx2445@2.76 BSPMx690@9.66 CECOx1369@5.01 GENEx6194@1.05 
Purchases: INSYx255@26.00 OHRPx980@6.78 NOAx858@7.75 CLBx39@166.75 ESNCx4888@1.36 

2014-05-13
Cash: 170.79
Held: NOAx858@7.67 ESNCx4888@1.40 OHRPx980@7.90 CLBx39@164.00 INSYx255@27.00 
Value: 34619.84
Sales: ESNCx4888@1.40 OHRPx980@7.90 NOAx858@7.67 CLBx39@164.00 INSYx255@27.00 
Purchases: HPJx1669@4.15 ACYx434@15.94 FFHLx5676@1.22 PTIEx1512@4.58 NEONx1871@3.70 

2014-05-14
Cash: 12.69
Held: HPJx1669@3.97 PTIEx1512@4.60 NEONx1871@3.63 FFHLx5676@1.24 ACYx434@15.50 
Value: 34157.26
Sales: HPJx1669@3.97 FFHLx5676@1.24 NEONx1871@3.63 ACYx434@15.50 PTIEx1512@4.60 
Purchases: OMEXx4242@1.61 HYGSx462@14.78 INVTx2869@2.38 DXPEx105@64.50 TCCOx1484@4.60 

2014-05-15
Cash: 65.31
Held: DXPEx105@66.62 INVTx2869@2.08 HYGSx462@14.03 OMEXx4242@1.62 TCCOx1484@4.74 
Value: 33415.26
Sales: OMEXx4242@1.62 INVTx2869@2.08 DXPEx105@66.62 HYGSx462@14.03 TCCOx1484@4.74 
Purchases: ACATx196@34.03 NLSTx4772@1.40 SRNEx1307@5.11 FSNNx1336@5.00 SSKNx16711@0.40 

2014-05-18
Cash: 21.75
Held: ACATx196@33.50 SSKNx16711@0.38 NLSTx4772@1.24 SRNEx1307@4.96 FSNNx1336@5.00 
Value: 32018.32
Sales: SRNEx1307@4.96 ACATx196@33.50 NLSTx4772@1.24 SSKNx16711@0.38 FSNNx1336@5.00 
Purchases: CSIQx289@22.09 ACXMx313@20.41 AXASx1370@4.67 WTTx2614@2.45 MBVXx5122@1.25 

2014-05-19
Cash: 40.84
Held: AXASx1370@4.85 WTTx2614@2.54 CSIQx289@22.00 ACXMx313@21.95 MBVXx5122@1.30 
Value: 33211.52
Sales: CSIQx289@22.00 ACXMx313@21.95 MBVXx5122@1.30 WTTx2614@2.54 AXASx1370@4.85 
Purchases: EMITFx1672@3.97 FFBCWx1372@4.84 RCONx1876@3.54 HOTRx3117@2.13 CAPRx1230@5.40 

2014-05-20
Cash: 10.99
Held: RCONx1876@3.40 CAPRx1230@5.10 HOTRx3117@2.26 FFBCWx1372@5.01 EMITFx1672@3.63 
Value: 32655.61
Sales: EMITFx1672@3.63 FFBCWx1372@5.01 RCONx1876@3.40 HOTRx3117@2.26 CAPRx1230@5.10 
Purchases: JRJCx2743@2.38 DFFNx1632@4.00 LIVEx2493@2.62 AMTXx1306@5.00 DKSx150@43.50 

2014-05-21
Cash: 12.40
Held: LIVEx2493@2.40 DKSx150@42.84 AMTXx1306@4.98 DFFNx1632@4.00 JRJCx2743@2.50 
Value: 32313.12
Sales: LIVEx2493@2.40 DFFNx1632@4.00 DKSx150@42.84 AMTXx1306@4.98 JRJCx2743@2.50 
Purchases: GMANx1380@4.68 OGENx3590@1.80 SPHSx2012@3.21 SYPRx1648@3.92 MGCDx662@9.76 

2014-05-22
Cash: 13.75
Held: SYPRx1648@3.84 SPHSx2012@3.20 MGCDx662@9.81 OGENx3590@1.88 GMANx1380@4.56 
Value: 32314.15
Sales: MGCDx662@9.81 OGENx3590@1.88 SPHSx2012@3.20 SYPRx1648@3.84 GMANx1380@4.56 
Purchases: LIVEx2739@2.36 HEIx124@52.06 TPIVx3693@1.75 XTNTx10096@0.64 EVLVx1495@4.32 

2014-05-26
Cash: 11.64
Held: LIVEx2739@4.02 XTNTx10096@0.66 TPIVx3693@1.70 EVLVx1495@4.65 HEIx124@53.75 
Value: 37579.31
Sales: LIVEx2739@4.02 HEIx124@53.75 TPIVx3693@1.70 XTNTx10096@0.66 EVLVx1495@4.65 
Purchases: EGHTx1032@7.28 XCRAx752@9.99 IGCx5446@1.38 TPIVx4420@1.70 HGSHx1860@4.04 

2014-05-27
Cash: 8.57
Held: XCRAx752@10.00 TPIVx4420@1.98 EGHTx1032@7.53 IGCx5446@1.85 HGSHx1860@4.31 
Value: 42141.45
Sales: EGHTx1032@7.53 IGCx5446@1.85 XCRAx752@10.00 TPIVx4420@1.98 HGSHx1860@4.31 
Purchases: MOCx4957@1.70 INUVx12037@0.70 ORMPx1252@6.73 ALOGx124@67.94 TGCx19603@0.43 

2014-05-28
Cash: 6.58
Held: MOCx4957@1.69 TGCx19603@0.44 ALOGx124@68.00 INUVx12037@0.79 ORMPx1252@7.99 
Value: 44953.24
Sales: MOCx4957@1.69 TGCx19603@0.44 INUVx12037@0.79 ALOGx124@68.00 ORMPx1252@7.99 
Purchases: ATVx876@10.26 DSWx376@23.86 DAIOx3367@2.67 WGBSx8726@1.03 CETCx1045@8.60 

2014-05-29
Cash: 27.85
Held: DAIOx3367@2.60 DSWx376@24.70 ATVx876@10.64 WGBSx8726@1.40 CETCx1045@9.40 
Value: 49431.47
Sales: ATVx876@10.64 DAIOx3367@2.60 CETCx1045@9.40 WGBSx8726@1.40 DSWx376@24.70 
Purchases: VISIx1212@8.16 OMEXx7215@1.37 MGHx32948@0.30 SGRPx6915@1.43 SPEXx4820@2.05 

2014-06-01
Cash: 3.64
Held: SGRPx6915@1.37 SPEXx4820@1.94 VISIx1212@8.25 MGHx32948@0.30 OMEXx7215@1.39 
Value: 48742.19
Sales: OMEXx7215@1.39 VISIx1212@8.25 SGRPx6915@1.37 SPEXx4820@1.94 MGHx32948@0.30 
Purchases: LOANx4332@2.25 GLUUx2677@3.64 TOPSx2586@3.77 SPHSx3361@2.90 SPEXx5023@1.94 

2014-06-02
Cash: 6.24
Held: TOPSx2586@3.00 GLUUx2677@3.59 SPEXx5023@1.99 SPHSx3361@2.75 LOANx4332@2.25 
Value: 46360.95
Sales: LOANx4332@2.25 GLUUx2677@3.59 TOPSx2586@3.00 SPHSx3361@2.75 SPEXx5023@1.99 
Purchases: CYTKx1984@4.67 NBYx10416@0.89 ASTCx3324@2.79 UQMx4829@1.92 NOVx124@74.25 

2014-06-03
Cash: 71.14
Held: NOVx124@75.88 ASTCx3324@3.09 NBYx10416@0.90 UQMx4829@1.83 CYTKx1984@4.77 
Value: 47423.86
Sales: CYTKx1984@4.77 NOVx124@75.88 ASTCx3324@3.09 UQMx4829@1.83 NBYx10416@0.90 
Purchases: IMUCx8107@1.17 TOPSx3192@2.97 VCELx2248@4.22 INVAx404@23.45 AUMNx17903@0.53 

2014-06-04
Cash: 13.26
Held: TOPSx3192@3.11 IMUCx8107@1.15 INVAx404@24.30 VCELx2248@4.22 AUMNx17903@0.54 
Value: 48232.61
Sales: IMUCx8107@1.15 TOPSx3192@3.11 VCELx2248@4.22 INVAx404@24.30 AUMNx17903@0.54 
Purchases: PFIEx2381@4.05 FNCXx2006@4.81 CADCx2725@3.54 JAKKx1279@7.54 XTLBx3888@2.48 

2014-06-05
Cash: 11.19
Held: PFIEx2381@4.15 XTLBx3888@2.57 FNCXx2006@4.88 JAKKx1279@7.71 CADCx2725@3.58 
Value: 49287.08
Sales: PFIEx2381@4.15 FNCXx2006@4.88 CADCx2725@3.58 JAKKx1279@7.71 XTLBx3888@2.57 
Purchases: MBVXx6942@1.42 ULBIx2560@3.85 RIBTx1702@5.79 SSKNx28984@0.34 IXYSx890@11.07 

2014-06-08
Cash: 12.32
Held: SSKNx28984@0.38 ULBIx2560@3.78 IXYSx890@11.07 RIBTx1702@5.87 MBVXx6942@1.44 
Value: 50542.48
Sales: MBVXx6942@1.44 ULBIx2560@3.78 SSKNx28984@0.38 RIBTx1702@5.87 IXYSx890@11.07 
Purchases: HRIx369@27.38 PYTx498@20.28 TOPSx5377@1.88 GYBx501@20.14 ATAIx2042@4.95 

2014-06-09
Cash: 36.16
Held: TOPSx5377@1.87 GYBx501@20.41 ATAIx2042@4.86 HRIx369@26.84 PYTx498@19.92 
Value: 50064.59
Sales: HRIx369@26.84 ATAIx2042@4.86 PYTx498@19.92 TOPSx5377@1.87 GYBx501@20.41 
Purchases: SMSIx11922@0.84 NSRx405@24.70 DGICBx476@21.00 RCONx2429@4.12 SYPRx1787@5.60 

2014-06-10
Cash: 31.08
Held: RCONx2429@4.41 SYPRx1787@5.25 DGICBx476@20.66 SMSIx11922@0.82 NSRx405@24.48 
Value: 49647.59
Sales: SMSIx11922@0.82 RCONx2429@4.41 DGICBx476@20.66 SYPRx1787@5.25 NSRx405@24.48 
Purchases: CHNRx2837@3.50 DGLYx2936@3.38 INVTx2470@4.02 KELYBx494@20.06 VIIx4136@2.40 

2014-06-11
Cash: 24.75
Held: INVTx2470@3.72 KELYBx494@18.78 CHNRx2837@3.42 VIIx4136@2.52 DGLYx2936@3.30 
Value: 48307.02
Sales: CHNRx2837@3.42 DGLYx2936@3.30 INVTx2470@3.72 KELYBx494@18.78 VIIx4136@2.52 
Purchases: VUZIx4163@2.32 OPTTx5520@1.75 JVAx1349@7.16 SYNx6617@1.46 KTECx820@11.77 

2014-06-12
Cash: 13.73
Held: SYNx6617@1.42 JVAx1349@7.20 KTECx820@11.58 OPTTx5520@1.75 VUZIx4163@2.38 
Value: 48186.68
Sales: VUZIx4163@2.38 KTECx820@11.58 JVAx1349@7.20 SYNx6617@1.42 OPTTx5520@1.75 
Purchases: AXNx31082@0.31 CXDCx1002@9.61 UNXLx1169@8.24 LULUx259@37.16 TDGx57@168.12 

2014-06-15
Cash: 79.13
Held: TDGx57@168.88 AXNx31082@0.34 UNXLx1169@7.98 LULUx259@37.50 CXDCx1002@9.58 
Value: 48914.57
Sales: LULUx259@37.50 AXNx31082@0.34 CXDCx1002@9.58 TDGx57@168.88 UNXLx1169@7.98 
Purchases: CDTIx698@14.00 VHIx1863@5.25 SXLx216@45.25 IDNx13043@0.75 KOOLx6700@1.46 

2014-06-16
Cash: 23.83
Held: KOOLx6700@1.47 SXLx216@45.25 VHIx1863@5.10 CDTIx698@13.80 IDNx13043@0.77 
Value: 48822.79
Sales: CDTIx698@13.80 VHIx1863@5.10 SXLx216@45.25 IDNx13043@0.77 KOOLx6700@1.47 
Purchases: RNNx10969@0.89 NAVBx5916@1.65 BCLIx2325@4.20 INVTx3150@3.10 COOLx870@11.22 

2014-06-17
Cash: 7.90
Held: INVTx3150@3.09 COOLx870@10.26 BCLIx2325@4.36 RNNx10969@0.90 NAVBx5916@1.61 
Value: 48198.62
Sales: NAVBx5916@1.61 INVTx3150@3.09 BCLIx2325@4.36 RNNx10969@0.90 COOLx870@10.26 
Purchases: BWENx987@9.76 TGTXx1076@8.95 YPFx334@28.84 TPIVx5986@1.61 ENGx2777@3.47 

2014-06-18
Cash: 22.58
Held: YPFx334@30.80 ENGx2777@3.43 TPIVx5986@1.43 TGTXx1076@8.30 BWENx987@9.60 
Value: 46795.27
Sales: BWENx987@9.60 TGTXx1076@8.30 YPFx334@30.80 TPIVx5986@1.43 ENGx2777@3.43 
Purchases: ISRLx70@132.88 REIx541@17.28 PRPHx5886@1.59 CEIx14620@0.64 COOLx928@10.08 

2014-06-19
Cash: 75.74
Held: PRPHx5886@1.58 COOLx928@10.26 REIx541@17.41 ISRLx70@137.62 CEIx14620@0.67 
Value: 47740.12
Sales: CEIx14620@0.67 REIx541@17.41 ISRLx70@137.62 PRPHx5886@1.58 COOLx928@10.26 
Purchases: LARKx458@20.81 DLx600@15.90 UTEKx417@22.84 TGTXx1174@8.13 SAJAx1591@6.00 

2014-06-22
Cash: 49.17
Held: UTEKx417@22.36 DLx600@15.15 SAJAx1591@6.00 LARKx458@20.33 TGTXx1174@8.50 
Value: 47297.37
Sales: LARKx458@20.33 DLx600@15.15 UTEKx417@22.36 TGTXx1174@8.50 SAJAx1591@6.00 
Purchases: COHx276@34.25 SQBGx889@10.63 RGSEx3464@2.73 AOBCx613@15.43 TRNx224@42.22 

2014-06-23
Cash: 18.06
Held: RGSEx3464@2.82 AOBCx613@15.15 COHx276@34.03 SQBGx889@11.30 TRNx224@42.47 
Value: 48022.16
Sales: RGSEx3464@2.82 SQBGx889@11.30 TRNx224@42.47 AOBCx613@15.15 COHx276@34.03 
Purchases: AWXx2337@4.11 IGCx6534@1.47 JRJCx2291@4.19 ISRLx75@126.69 LEUx3256@2.95 

2014-06-24
Cash: 108.63
Held: AWXx2337@4.30 LEUx3256@2.75 JRJCx2291@4.28 ISRLx75@125.44 IGCx6534@1.45 
Value: 47805.29
Sales: JRJCx2291@4.28 IGCx6534@1.45 LEUx3256@2.75 ISRLx75@125.44 AWXx2337@4.30 
Purchases: CBPOx230@41.50 OZRKx292@32.69 NVCNx1529@6.25 GRCx272@35.06 CBMGx776@12.32 

2014-06-25
Cash: 61.72
Held: CBPOx230@40.41 NVCNx1529@6.20 GRCx272@35.94 OZRKx292@33.09 CBMGx776@13.30 
Value: 48590.52
Sales: CBPOx230@40.41 OZRKx292@33.09 CBMGx776@13.30 GRCx272@35.94 NVCNx1529@6.20 
Purchases: ATVx837@11.60 NETEx5683@1.71 LIVEx2280@4.26 AXNx29441@0.33 HRTXx832@11.68 

2014-06-26
Cash: 10.25
Held: LIVEx2280@4.46 ATVx837@12.20 AXNx29441@0.32 NETEx5683@1.67 HRTXx832@11.95 
Value: 49253.50
Sales: ATVx837@12.20 HRTXx832@11.95 LIVEx2280@4.46 AXNx29441@0.32 NETEx5683@1.67 
Purchases: CNETx4901@2.01 MFNCx810@12.16 OGENx4519@2.18 FSNNx1824@5.40 AXUx7694@1.28 

2014-06-29
Cash: 9.90
Held: MFNCx810@13.00 CNETx4901@2.05 AXUx7694@1.26 FSNNx1824@5.27 OGENx4519@2.00 
Value: 48933.04
Sales: MFNCx810@13.00 CNETx4901@2.05 OGENx4519@2.00 FSNNx1824@5.27 AXUx7694@1.26 
Purchases: SYRGx752@13.00 UNXLx1359@7.20 GAZx3374@2.90 OESXx2422@4.04 OMNx1075@9.10 

2014-06-30
Cash: 20.59
Held: GAZx3374@2.92 SYRGx752@13.10 UNXLx1359@8.08 OESXx2422@4.12 OMNx1075@9.14 
Value: 50510.42
Sales: UNXLx1359@8.08 OMNx1075@9.14 GAZx3374@2.92 OESXx2422@4.12 SYRGx752@13.10 
Purchases: GAIAx1318@7.66 OGENx5180@1.95 OLBKx637@15.85 UECx6393@1.58 XTLBx3647@2.77 

2014-07-01
Cash: 12.96
Held: OLBKx637@15.70 XTLBx3647@3.05 UECx6393@1.75 GAIAx1318@7.48 OGENx5180@1.97 
Value: 52392.24
Sales: GAIAx1318@7.48 OGENx5180@1.97 OLBKx637@15.70 UECx6393@1.75 XTLBx3647@3.05 
Purchases: OSBCPx1047@10.00 OPHCx8382@1.25 TKRx218@48.03 RELVx6590@1.59 ADGEx5921@1.77 

2014-07-02
Cash: 19.46
Held: OSBCPx1047@9.91 TKRx218@49.72 RELVx6590@1.52 ADGEx5921@1.63 OPHCx8382@1.30 
Value: 51789.20
Sales: TKRx218@49.72 OPHCx8382@1.30 OSBCPx1047@9.91 RELVx6590@1.52 ADGEx5921@1.63 
Purchases: MNKDx1035@10.00 GPLx8780@1.18 SYMXx6275@1.65 CVMx8630@1.20 SCKTx6354@1.63 

2014-07-06
Cash: 11.38
Held: MNKDx1035@10.06 CVMx8630@1.20 SCKTx6354@1.69 SYMXx6275@1.64 GPLx8780@1.21 
Value: 52437.00
Sales: MNKDx1035@10.06 GPLx8780@1.21 CVMx8630@1.20 SYMXx6275@1.64 SCKTx6354@1.69 
Purchases: LINCx2520@4.16 DLAx726@14.43 GBRx3615@2.90 SSKNx34952@0.30 JOEx432@24.25 

2014-07-07
Cash: 29.23
Held: JOEx432@23.94 DLAx726@14.41 SSKNx34952@0.28 LINCx2520@4.01 GBRx3615@2.75 
Value: 50667.53
Sales: GBRx3615@2.75 DLAx726@14.41 LINCx2520@4.01 JOEx432@23.94 SSKNx34952@0.28 
Purchases: LOANx2895@3.50 WCSTx3738@2.71 OTIVx4607@2.20 LEUx1786@5.67 OGENx5447@1.86 

2014-07-08
Cash: 6.45
Held: LEUx1786@6.90 LOANx2895@3.70 WCSTx3738@2.79 OTIVx4607@2.18 OGENx5447@2.01 
Value: 54450.82
Sales: LOANx2895@3.70 WCSTx3738@2.79 OTIVx4607@2.18 LEUx1786@6.90 OGENx5447@2.01 
Purchases: IPCIx3184@3.42 CDTIx892@12.20 KONEx1824@5.97 ARRYx2593@4.20 AMOTx822@13.24 

2014-07-09
Cash: 15.95
Held: KONEx1824@6.04 ARRYx2593@4.00 IPCIx3184@2.80 AMOTx822@13.30 CDTIx892@12.05 
Value: 51996.73
Sales: IPCIx3184@2.80 CDTIx892@12.05 KONEx1824@6.04 ARRYx2593@4.00 AMOTx822@13.30 
Purchases: NUROx4814@2.16 COx2402@4.33 TPIVx6264@1.66 HMNYx2530@4.11 TCIx825@12.59 

2014-07-10
Cash: 15.80
Held: NUROx4814@2.26 COx2402@4.70 TPIVx6264@1.78 TCIx825@12.58 HMNYx2530@4.47 
Value: 55016.36
Sales: HMNYx2530@4.47 COx2402@4.70 TPIVx6264@1.78 NUROx4814@2.26 TCIx825@12.58 
Purchases: LQDTx858@12.82 CXDCx1789@6.15 MTLx6358@1.73 CAMTx2771@3.97 

2014-07-13
Cash: 11011.84
Held: CAMTx2771@4.18 LQDTx858@13.13 MTLx6358@1.75 CXDCx1789@6.36 
Value: 56365.13
Sales: LQDTx858@13.13 CXDCx1789@6.36 MTLx6358@1.75 CAMTx2771@4.18 
Purchases: SSRIx1276@8.83 NETEx8879@1.27 MUXx3860@2.92 FSMx2049@5.50 BAAx34152@0.33 

2014-07-14
Cash: 15.05
Held: MUXx3860@2.94 SSRIx1276@9.16 BAAx34152@0.32 FSMx2049@5.67 NETEx8879@1.18 
Value: 56071.80
Sales: SSRIx1276@9.16 NETEx8879@1.18 FSMx2049@5.67 MUXx3860@2.94 BAAx34152@0.32 
Purchases: YUMAx2112@5.31 SINOx6408@1.75 KOSSx3690@3.04 ISLEx1322@8.48 MBVXx9113@1.23 

2014-07-15
Cash: 12.63
Held: ISLEx1322@8.42 SINOx6408@1.71 KOSSx3690@2.99 YUMAx2112@5.30 MBVXx9113@1.23 
Value: 55546.26
Sales: YUMAx2112@5.30 SINOx6408@1.71 KOSSx3690@2.99 ISLEx1322@8.42 MBVXx9113@1.23 
Purchases: ATVx936@11.87 OPTTx9917@1.12 CASMx5786@1.92 FHCOx2657@4.18 TGSx3629@3.06 

2014-07-16
Cash: 9.55
Held: ATVx936@12.47 TGSx3629@2.93 CASMx5786@1.91 FHCOx2657@4.14 OPTTx9917@1.12 
Value: 55474.14
Sales: ATVx936@12.47 TGSx3629@2.93 FHCOx2657@4.14 OPTTx9917@1.12 CASMx5786@1.91 
Purchases: CDXSx6030@1.84 INVTx5308@2.09 IGCx10365@1.07 YTENx16561@0.67 CETCx644@17.20 

2014-07-17
Cash: 19.81
Held: INVTx5308@1.98 YTENx16561@0.57 CDXSx6030@1.83 IGCx10365@1.02 CETCx644@16.59 
Value: 52258.19
Sales: YTENx16561@0.57 INVTx5308@1.98 IGCx10365@1.02 CDXSx6030@1.83 CETCx644@16.59 
Purchases: PLUGx2292@4.56 FFBCWx1990@5.25 RPRXx685@15.25 INTXx2625@3.98 LCIx283@36.88 

2014-07-20
Cash: 31.79
Held: RPRXx685@15.17 FFBCWx1990@5.25 INTXx2625@3.97 PLUGx2292@5.18 LCIx283@38.09 
Value: 53947.49
Sales: PLUGx2292@5.18 FFBCWx1990@5.25 RPRXx685@15.17 INTXx2625@3.97 LCIx283@38.09 
Purchases: CJJDx7440@1.45 YTENx20365@0.53 NUSx172@62.53 HMNYx2947@3.66 NVLNx1886@5.72 

