2013-02-06
Cash: 10000.00
Held: 
Value: 10000.00
Sales: 
Purchases: ABCDx44@44.91 ABACx44@44.91 ACCOx44@44.91 ACADx44@44.91 ADBEx44@44.91 

2013-02-07
Cash: 120.62
Held: ABCDx44@45.06 ABACx44@45.06 ACCOx44@45.06 ACADx44@45.06 ADBEx44@45.06 
Value: 10034.38
Sales: ABCDx44@45.06 ABACx44@45.06 ACCOx44@45.06 ACADx44@45.06 ADBEx44@45.06 
Purchases: ABCDx44@45.06 ABACx44@45.06 ACCOx44@45.06 ACADx44@45.06 ADBEx44@45.06 

2013-02-10
Cash: 120.62
Held: ABCDx44@45.16 ABACx44@45.16 ACCOx44@45.16 ACADx44@45.16 ADBEx44@45.16 
Value: 10055.00
Sales: ABCDx44@45.16 ABACx44@45.16 ACCOx44@45.16 ACADx44@45.16 ADBEx44@45.16 
Purchases: ABCDx44@45.16 ABACx44@45.16 ACCOx44@45.16 ACADx44@45.16 ADBEx44@45.16 

2013-02-11
Cash: 120.62
Held: ABCDx44@44.81 ABACx44@44.81 ACCOx44@44.81 ACADx44@44.81 ADBEx44@44.81 
Value: 9979.38
Sales: ABCDx44@44.81 ABACx44@44.81 ACCOx44@44.81 ACADx44@44.81 ADBEx44@44.81 
Purchases: ABCDx44@44.81 ABACx44@44.81 ACCOx44@44.81 ACADx44@44.81 ADBEx44@44.81 

2013-02-12
Cash: 120.62
Held: ABCDx44@44.81 ABACx44@44.81 ACCOx44@44.81 ACADx44@44.81 ADBEx44@44.81 
Value: 9979.38
Sales: ABCDx44@44.81 ABACx44@44.81 ACCOx44@44.81 ACADx44@44.81 ADBEx44@44.81 
Purchases: ABCDx44@44.81 ABACx44@44.81 ACCOx44@44.81 ACADx44@44.81 ADBEx44@44.81 

2013-02-13
Cash: 120.62
Held: ABCDx44@44.72 ABACx44@44.72 ACCOx44@44.72 ACADx44@44.72 ADBEx44@44.72 
Value: 9958.75
Sales: ABCDx44@44.72 ABACx44@44.72 ACCOx44@44.72 ACADx44@44.72 ADBEx44@44.72 
Purchases: ABCDx44@44.72 ABACx44@44.72 ACCOx44@44.72 ACADx44@44.72 ADBEx44@44.72 

2013-02-14
Cash: 120.62
Held: ABCDx44@43.47 ABACx44@43.47 ACCOx44@43.47 ACADx44@43.47 ADBEx44@43.47 
Value: 9683.75
Sales: ABCDx44@43.47 ABACx44@43.47 ACCOx44@43.47 ACADx44@43.47 ADBEx44@43.47 
Purchases: ABCDx44@43.47 ABACx44@43.47 ACCOx44@43.47 ACADx44@43.47 ADBEx44@43.47 

2013-02-18
Cash: 120.62
Held: ABCDx44@42.22 ABACx44@42.22 ACCOx44@42.22 ACADx44@42.22 ADBEx44@42.22 
Value: 9408.75
Sales: ABCDx44@42.22 ABACx44@42.22 ACCOx44@42.22 ACADx44@42.22 ADBEx44@42.22 
Purchases: ABCDx44@42.22 ABACx44@42.22 ACCOx44@42.22 ACADx44@42.22 ADBEx44@42.22 

2013-02-19
Cash: 120.62
Held: ABCDx44@42.84 ABACx44@42.84 ACCOx44@42.84 ACADx44@42.84 ADBEx44@42.84 
Value: 9546.25
Sales: ABCDx44@42.84 ABACx44@42.84 ACCOx44@42.84 ACADx44@42.84 ADBEx44@42.84 
Purchases: ABCDx44@42.84 ABACx44@42.84 ACCOx44@42.84 ACADx44@42.84 ADBEx44@42.84 

2013-02-20
Cash: 120.62
Held: ABCDx44@42.12 ABACx44@42.12 ACCOx44@42.12 ACADx44@42.12 ADBEx44@42.12 
Value: 9388.12
Sales: ABCDx44@42.12 ABACx44@42.12 ACCOx44@42.12 ACADx44@42.12 ADBEx44@42.12 
Purchases: ABCDx44@42.12 ABACx44@42.12 ACCOx44@42.12 ACADx44@42.12 ADBEx44@42.12 

2013-02-21
Cash: 120.62
Held: ABCDx44@41.84 ABACx44@41.84 ACCOx44@41.84 ACADx44@41.84 ADBEx44@41.84 
Value: 9326.25
Sales: ABCDx44@41.84 ABACx44@41.84 ACCOx44@41.84 ACADx44@41.84 ADBEx44@41.84 
Purchases: ABCDx44@41.84 ABACx44@41.84 ACCOx44@41.84 ACADx44@41.84 ADBEx44@41.84 

2013-02-24
Cash: 120.62
Held: ABCDx44@42.09 ABACx44@42.09 ACCOx44@42.09 ACADx44@42.09 ADBEx44@42.09 
Value: 9381.25
Sales: ABCDx44@42.09 ABACx44@42.09 ACCOx44@42.09 ACADx44@42.09 ADBEx44@42.09 
Purchases: ABCDx44@42.09 ABACx44@42.09 ACCOx44@42.09 ACADx44@42.09 ADBEx44@42.09 

2013-02-25
Cash: 120.62
Held: ABCDx44@40.62 ABACx44@40.62 ACCOx44@40.62 ACADx44@40.62 ADBEx44@40.62 
Value: 9058.12
Sales: ABCDx44@40.62 ABACx44@40.62 ACCOx44@40.62 ACADx44@40.62 ADBEx44@40.62 
Purchases: ABCDx44@40.62 ABACx44@40.62 ACCOx44@40.62 ACADx44@40.62 ADBEx44@40.62 

2013-02-26
Cash: 120.62
Held: ABCDx44@41.00 ABACx44@41.00 ACCOx44@41.00 ACADx44@41.00 ADBEx44@41.00 
Value: 9140.62
Sales: ABCDx44@41.00 ABACx44@41.00 ACCOx44@41.00 ACADx44@41.00 ADBEx44@41.00 
Purchases: ABCDx44@41.00 ABACx44@41.00 ACCOx44@41.00 ACADx44@41.00 ADBEx44@41.00 

2013-02-27
Cash: 120.62
Held: ABCDx44@41.78 ABACx44@41.78 ACCOx44@41.78 ACADx44@41.78 ADBEx44@41.78 
Value: 9312.50
Sales: ABCDx44@41.78 ABACx44@41.78 ACCOx44@41.78 ACADx44@41.78 ADBEx44@41.78 
Purchases: ABCDx44@41.78 ABACx44@41.78 ACCOx44@41.78 ACADx44@41.78 ADBEx44@41.78 

2013-02-28
Cash: 120.62
Held: ABCDx44@41.19 ABACx44@41.19 ACCOx44@41.19 ACADx44@41.19 ADBEx44@41.19 
Value: 9181.88
Sales: ABCDx44@41.19 ABACx44@41.19 ACCOx44@41.19 ACADx44@41.19 ADBEx44@41.19 
Purchases: ABCDx44@41.19 ABACx44@41.19 ACCOx44@41.19 ACADx44@41.19 ADBEx44@41.19 

2013-03-03
Cash: 120.62
Held: ABCDx44@41.75 ABACx44@41.75 ACCOx44@41.75 ACADx44@41.75 ADBEx44@41.75 
Value: 9305.62
Sales: ABCDx44@41.75 ABACx44@41.75 ACCOx44@41.75 ACADx44@41.75 ADBEx44@41.75 
Purchases: ABCDx44@41.75 ABACx44@41.75 ACCOx44@41.75 ACADx44@41.75 ADBEx44@41.75 

2013-03-04
Cash: 120.62
Held: ABCDx44@42.34 ABACx44@42.34 ACCOx44@42.34 ACADx44@42.34 ADBEx44@42.34 
Value: 9436.25
Sales: ABCDx44@42.34 ABACx44@42.34 ACCOx44@42.34 ACADx44@42.34 ADBEx44@42.34 
Purchases: ABCDx44@42.34 ABACx44@42.34 ACCOx44@42.34 ACADx44@42.34 ADBEx44@42.34 

2013-03-05
Cash: 120.62
Held: ABCDx44@43.00 ABACx44@43.00 ACCOx44@43.00 ACADx44@43.00 ADBEx44@43.00 
Value: 9580.62
Sales: ABCDx44@43.00 ABACx44@43.00 ACCOx44@43.00 ACADx44@43.00 ADBEx44@43.00 
Purchases: ABCDx44@43.00 ABACx44@43.00 ACCOx44@43.00 ACADx44@43.00 ADBEx44@43.00 

2013-03-06
Cash: 120.62
Held: ABCDx44@43.31 ABACx44@43.31 ACCOx44@43.31 ACADx44@43.31 ADBEx44@43.31 
Value: 9649.38
Sales: ABCDx44@43.31 ABACx44@43.31 ACCOx44@43.31 ACADx44@43.31 ADBEx44@43.31 
Purchases: ABCDx44@43.31 ABACx44@43.31 ACCOx44@43.31 ACADx44@43.31 ADBEx44@43.31 

2013-03-07
Cash: 120.62
Held: ABCDx44@43.50 ABACx44@43.50 ACCOx44@43.50 ACADx44@43.50 ADBEx44@43.50 
Value: 9690.62
Sales: ABCDx44@43.50 ABACx44@43.50 ACCOx44@43.50 ACADx44@43.50 ADBEx44@43.50 
Purchases: ABCDx44@43.50 ABACx44@43.50 ACCOx44@43.50 ACADx44@43.50 ADBEx44@43.50 

2013-03-10
Cash: 120.62
Held: ABCDx44@43.00 ABACx44@43.00 ACCOx44@43.00 ACADx44@43.00 ADBEx44@43.00 
Value: 9580.62
Sales: ABCDx44@43.00 ABACx44@43.00 ACCOx44@43.00 ACADx44@43.00 ADBEx44@43.00 
Purchases: ABCDx44@43.00 ABACx44@43.00 ACCOx44@43.00 ACADx44@43.00 ADBEx44@43.00 

2013-03-11
Cash: 120.62
Held: ABCDx44@42.81 ABACx44@42.81 ACCOx44@42.81 ACADx44@42.81 ADBEx44@42.81 
Value: 9539.38
Sales: ABCDx44@42.81 ABACx44@42.81 ACCOx44@42.81 ACADx44@42.81 ADBEx44@42.81 
Purchases: ABCDx44@42.81 ABACx44@42.81 ACCOx44@42.81 ACADx44@42.81 ADBEx44@42.81 

2013-03-12
Cash: 120.62
Held: ABCDx44@42.56 ABACx44@42.56 ACCOx44@42.56 ACADx44@42.56 ADBEx44@42.56 
Value: 9484.38
Sales: ABCDx44@42.56 ABACx44@42.56 ACCOx44@42.56 ACADx44@42.56 ADBEx44@42.56 
Purchases: ABCDx44@42.56 ABACx44@42.56 ACCOx44@42.56 ACADx44@42.56 ADBEx44@42.56 

2013-03-13
Cash: 120.62
Held: ABCDx44@43.03 ABACx44@43.03 ACCOx44@43.03 ACADx44@43.03 ADBEx44@43.03 
Value: 9587.50
Sales: ABCDx44@43.03 ABACx44@43.03 ACCOx44@43.03 ACADx44@43.03 ADBEx44@43.03 
Purchases: ABCDx44@43.03 ABACx44@43.03 ACCOx44@43.03 ACADx44@43.03 ADBEx44@43.03 

2013-03-14
Cash: 120.62
Held: ABCDx44@43.09 ABACx44@43.09 ACCOx44@43.09 ACADx44@43.09 ADBEx44@43.09 
Value: 9601.25
Sales: ABCDx44@43.09 ABACx44@43.09 ACCOx44@43.09 ACADx44@43.09 ADBEx44@43.09 
Purchases: ABCDx44@43.09 ABACx44@43.09 ACCOx44@43.09 ACADx44@43.09 ADBEx44@43.09 

2013-03-17
Cash: 120.62
Held: ABCDx44@42.47 ABACx44@42.47 ACCOx44@42.47 ACADx44@42.47 ADBEx44@42.47 
Value: 9463.75
Sales: ABCDx44@42.47 ABACx44@42.47 ACCOx44@42.47 ACADx44@42.47 ADBEx44@42.47 
Purchases: ABCDx44@42.47 ABACx44@42.47 ACCOx44@42.47 ACADx44@42.47 ADBEx44@42.47 

2013-03-18
Cash: 120.62
Held: ABCDx44@42.69 ABACx44@42.69 ACCOx44@42.69 ACADx44@42.69 ADBEx44@42.69 
Value: 9511.88
Sales: ABCDx44@42.69 ABACx44@42.69 ACCOx44@42.69 ACADx44@42.69 ADBEx44@42.69 
Purchases: ABCDx44@42.69 ABACx44@42.69 ACCOx44@42.69 ACADx44@42.69 ADBEx44@42.69 

2013-03-19
Cash: 120.62
Held: ABCDx44@42.25 ABACx44@42.25 ACCOx44@42.25 ACADx44@42.25 ADBEx44@42.25 
Value: 9415.62
Sales: ABCDx44@42.25 ABACx44@42.25 ACCOx44@42.25 ACADx44@42.25 ADBEx44@42.25 
Purchases: ABCDx44@42.25 ABACx44@42.25 ACCOx44@42.25 ACADx44@42.25 ADBEx44@42.25 

2013-03-20
Cash: 120.62
Held: ABCDx44@42.44 ABACx44@42.44 ACCOx44@42.44 ACADx44@42.44 ADBEx44@42.44 
Value: 9456.88
Sales: ABCDx44@42.44 ABACx44@42.44 ACCOx44@42.44 ACADx44@42.44 ADBEx44@42.44 
Purchases: ABCDx44@42.44 ABACx44@42.44 ACCOx44@42.44 ACADx44@42.44 ADBEx44@42.44 

2013-03-21
Cash: 120.62
Held: ABCDx44@41.78 ABACx44@41.78 ACCOx44@41.78 ACADx44@41.78 ADBEx44@41.78 
Value: 9312.50
Sales: ABCDx44@41.78 ABACx44@41.78 ACCOx44@41.78 ACADx44@41.78 ADBEx44@41.78 
Purchases: ABCDx44@41.78 ABACx44@41.78 ACCOx44@41.78 ACADx44@41.78 ADBEx44@41.78 

2013-03-24
Cash: 120.62
Held: ABCDx44@41.50 ABACx44@41.50 ACCOx44@41.50 ACADx44@41.50 ADBEx44@41.50 
Value: 9250.62
Sales: ABCDx44@41.50 ABACx44@41.50 ACCOx44@41.50 ACADx44@41.50 ADBEx44@41.50 
Purchases: ABCDx44@41.50 ABACx44@41.50 ACCOx44@41.50 ACADx44@41.50 ADBEx44@41.50 

2013-03-25
Cash: 120.62
Held: ABCDx44@41.41 ABACx44@41.41 ACCOx44@41.41 ACADx44@41.41 ADBEx44@41.41 
Value: 9230.00
Sales: ABCDx44@41.41 ABACx44@41.41 ACCOx44@41.41 ACADx44@41.41 ADBEx44@41.41 
Purchases: ABCDx44@41.41 ABACx44@41.41 ACCOx44@41.41 ACADx44@41.41 ADBEx44@41.41 

2013-03-26
Cash: 120.62
Held: ABCDx44@41.41 ABACx44@41.41 ACCOx44@41.41 ACADx44@41.41 ADBEx44@41.41 
Value: 9230.00
Sales: ABCDx44@41.41 ABACx44@41.41 ACCOx44@41.41 ACADx44@41.41 ADBEx44@41.41 
Purchases: ABCDx44@41.41 ABACx44@41.41 ACCOx44@41.41 ACADx44@41.41 ADBEx44@41.41 

2013-03-27
Cash: 120.62
Held: ABCDx44@42.09 ABACx44@42.09 ACCOx44@42.09 ACADx44@42.09 ADBEx44@42.09 
Value: 9381.25
Sales: ABCDx44@42.09 ABACx44@42.09 ACCOx44@42.09 ACADx44@42.09 ADBEx44@42.09 
Purchases: ABCDx44@42.09 ABACx44@42.09 ACCOx44@42.09 ACADx44@42.09 ADBEx44@42.09 

2013-03-31
Cash: 120.62
Held: ABCDx44@41.84 ABACx44@41.84 ACCOx44@41.84 ACADx44@41.84 ADBEx44@41.84 
Value: 9326.25
Sales: ABCDx44@41.84 ABACx44@41.84 ACCOx44@41.84 ACADx44@41.84 ADBEx44@41.84 
Purchases: ABCDx44@41.84 ABACx44@41.84 ACCOx44@41.84 ACADx44@41.84 ADBEx44@41.84 

2013-04-01
Cash: 120.62
Held: ABCDx44@41.12 ABACx44@41.12 ACCOx44@41.12 ACADx44@41.12 ADBEx44@41.12 
Value: 9168.12
Sales: ABCDx44@41.12 ABACx44@41.12 ACCOx44@41.12 ACADx44@41.12 ADBEx44@41.12 
Purchases: ABCDx44@41.12 ABACx44@41.12 ACCOx44@41.12 ACADx44@41.12 ADBEx44@41.12 

2013-04-02
Cash: 120.62
Held: ABCDx44@40.62 ABACx44@40.62 ACCOx44@40.62 ACADx44@40.62 ADBEx44@40.62 
Value: 9058.12
Sales: ABCDx44@40.62 ABACx44@40.62 ACCOx44@40.62 ACADx44@40.62 ADBEx44@40.62 
Purchases: ABCDx44@40.62 ABACx44@40.62 ACCOx44@40.62 ACADx44@40.62 ADBEx44@40.62 

2013-04-03
Cash: 120.62
Held: ABCDx44@40.53 ABACx44@40.53 ACCOx44@40.53 ACADx44@40.53 ADBEx44@40.53 
Value: 9037.50
Sales: ABCDx44@40.53 ABACx44@40.53 ACCOx44@40.53 ACADx44@40.53 ADBEx44@40.53 
Purchases: ABCDx44@40.53 ABACx44@40.53 ACCOx44@40.53 ACADx44@40.53 ADBEx44@40.53 

2013-04-04
Cash: 120.62
Held: ABCDx44@40.72 ABACx44@40.72 ACCOx44@40.72 ACADx44@40.72 ADBEx44@40.72 
Value: 9078.75
Sales: ABCDx44@40.72 ABACx44@40.72 ACCOx44@40.72 ACADx44@40.72 ADBEx44@40.72 
Purchases: ABCDx44@40.72 ABACx44@40.72 ACCOx44@40.72 ACADx44@40.72 ADBEx44@40.72 

2013-04-07
Cash: 120.62
Held: ABCDx44@41.50 ABACx44@41.50 ACCOx44@41.50 ACADx44@41.50 ADBEx44@41.50 
Value: 9250.62
Sales: ABCDx44@41.50 ABACx44@41.50 ACCOx44@41.50 ACADx44@41.50 ADBEx44@41.50 
Purchases: ABCDx44@41.50 ABACx44@41.50 ACCOx44@41.50 ACADx44@41.50 ADBEx44@41.50 

2013-04-08
Cash: 120.62
Held: ABCDx44@41.72 ABACx44@41.72 ACCOx44@41.72 ACADx44@41.72 ADBEx44@41.72 
Value: 9298.75
Sales: ABCDx44@41.72 ABACx44@41.72 ACCOx44@41.72 ACADx44@41.72 ADBEx44@41.72 
Purchases: ABCDx44@41.72 ABACx44@41.72 ACCOx44@41.72 ACADx44@41.72 ADBEx44@41.72 

2013-04-09
Cash: 120.62
Held: ABCDx44@41.72 ABACx44@41.72 ACCOx44@41.72 ACADx44@41.72 ADBEx44@41.72 
Value: 9298.75
Sales: ABCDx44@41.72 ABACx44@41.72 ACCOx44@41.72 ACADx44@41.72 ADBEx44@41.72 
Purchases: ABCDx44@41.72 ABACx44@41.72 ACCOx44@41.72 ACADx44@41.72 ADBEx44@41.72 

2013-04-10
Cash: 120.62
Held: ABCDx44@42.34 ABACx44@42.34 ACCOx44@42.34 ACADx44@42.34 ADBEx44@42.34 
Value: 9436.25
Sales: ABCDx44@42.34 ABACx44@42.34 ACCOx44@42.34 ACADx44@42.34 ADBEx44@42.34 
Purchases: ABCDx44@42.34 ABACx44@42.34 ACCOx44@42.34 ACADx44@42.34 ADBEx44@42.34 

2013-04-11
Cash: 120.62
Held: ABCDx44@43.53 ABACx44@43.53 ACCOx44@43.53 ACADx44@43.53 ADBEx44@43.53 
Value: 9697.50
Sales: ABCDx44@43.53 ABACx44@43.53 ACCOx44@43.53 ACADx44@43.53 ADBEx44@43.53 
Purchases: ABCDx44@43.53 ABACx44@43.53 ACCOx44@43.53 ACADx44@43.53 ADBEx44@43.53 

2013-04-14
Cash: 120.62
Held: ABCDx44@44.50 ABACx44@44.50 ACCOx44@44.50 ACADx44@44.50 ADBEx44@44.50 
Value: 9910.62
Sales: ABCDx44@44.50 ABACx44@44.50 ACCOx44@44.50 ACADx44@44.50 ADBEx44@44.50 
Purchases: ABCDx44@44.50 ABACx44@44.50 ACCOx44@44.50 ACADx44@44.50 ADBEx44@44.50 

2013-04-15
Cash: 120.62
Held: ABCDx44@43.47 ABACx44@43.47 ACCOx44@43.47 ACADx44@43.47 ADBEx44@43.47 
Value: 9683.75
Sales: ABCDx44@43.47 ABACx44@43.47 ACCOx44@43.47 ACADx44@43.47 ADBEx44@43.47 
Purchases: ABCDx44@43.47 ABACx44@43.47 ACCOx44@43.47 ACADx44@43.47 ADBEx44@43.47 

2013-04-16
Cash: 120.62
Held: ABCDx44@43.09 ABACx44@43.09 ACCOx44@43.09 ACADx44@43.09 ADBEx44@43.09 
Value: 9601.25
Sales: ABCDx44@43.09 ABACx44@43.09 ACCOx44@43.09 ACADx44@43.09 ADBEx44@43.09 
Purchases: ABCDx44@43.09 ABACx44@43.09 ACCOx44@43.09 ACADx44@43.09 ADBEx44@43.09 

2013-04-17
Cash: 120.62
Held: ABCDx44@41.78 ABACx44@41.78 ACCOx44@41.78 ACADx44@41.78 ADBEx44@41.78 
Value: 9312.50
Sales: ABCDx44@41.78 ABACx44@41.78 ACCOx44@41.78 ACADx44@41.78 ADBEx44@41.78 
Purchases: ABCDx44@41.78 ABACx44@41.78 ACCOx44@41.78 ACADx44@41.78 ADBEx44@41.78 

2013-04-18
Cash: 120.62
Held: ABCDx44@41.88 ABACx44@41.88 ACCOx44@41.88 ACADx44@41.88 ADBEx44@41.88 
Value: 9333.12
Sales: ABCDx44@41.88 ABACx44@41.88 ACCOx44@41.88 ACADx44@41.88 ADBEx44@41.88 
Purchases: ABCDx44@41.88 ABACx44@41.88 ACCOx44@41.88 ACADx44@41.88 ADBEx44@41.88 

2013-04-21
Cash: 120.62
Held: ABCDx44@42.03 ABACx44@42.03 ACCOx44@42.03 ACADx44@42.03 ADBEx44@42.03 
Value: 9367.50
Sales: ABCDx44@42.03 ABACx44@42.03 ACCOx44@42.03 ACADx44@42.03 ADBEx44@42.03 
Purchases: ABCDx44@42.03 ABACx44@42.03 ACCOx44@42.03 ACADx44@42.03 ADBEx44@42.03 

2013-04-22
Cash: 120.62
Held: ABCDx44@42.22 ABACx44@42.22 ACCOx44@42.22 ACADx44@42.22 ADBEx44@42.22 
Value: 9408.75
Sales: ABCDx44@42.22 ABACx44@42.22 ACCOx44@42.22 ACADx44@42.22 ADBEx44@42.22 
Purchases: ABCDx44@42.22 ABACx44@42.22 ACCOx44@42.22 ACADx44@42.22 ADBEx44@42.22 

2013-04-23
Cash: 120.62
Held: ABCDx44@42.72 ABACx44@42.72 ACCOx44@42.72 ACADx44@42.72 ADBEx44@42.72 
Value: 9518.75
Sales: ABCDx44@42.72 ABACx44@42.72 ACCOx44@42.72 ACADx44@42.72 ADBEx44@42.72 
Purchases: ABCDx44@42.72 ABACx44@42.72 ACCOx44@42.72 ACADx44@42.72 ADBEx44@42.72 

2013-04-24
Cash: 120.62
Held: ABCDx44@43.06 ABACx44@43.06 ACCOx44@43.06 ACADx44@43.06 ADBEx44@43.06 
Value: 9594.38
Sales: ABCDx44@43.06 ABACx44@43.06 ACCOx44@43.06 ACADx44@43.06 ADBEx44@43.06 
Purchases: ABCDx44@43.06 ABACx44@43.06 ACCOx44@43.06 ACADx44@43.06 ADBEx44@43.06 

2013-04-25
Cash: 120.62
Held: ABCDx44@42.44 ABACx44@42.44 ACCOx44@42.44 ACADx44@42.44 ADBEx44@42.44 
Value: 9456.88
Sales: ABCDx44@42.44 ABACx44@42.44 ACCOx44@42.44 ACADx44@42.44 ADBEx44@42.44 
Purchases: ABCDx44@42.44 ABACx44@42.44 ACCOx44@42.44 ACADx44@42.44 ADBEx44@42.44 

2013-04-28
Cash: 120.62
Held: ABCDx44@41.62 ABACx44@41.62 ACCOx44@41.62 ACADx44@41.62 ADBEx44@41.62 
Value: 9278.12
Sales: ABCDx44@41.62 ABACx44@41.62 ACCOx44@41.62 ACADx44@41.62 ADBEx44@41.62 
Purchases: ABCDx44@41.62 ABACx44@41.62 ACCOx44@41.62 ACADx44@41.62 ADBEx44@41.62 

2013-04-29
Cash: 120.62
Held: ABCDx44@41.19 ABACx44@41.19 ACCOx44@41.19 ACADx44@41.19 ADBEx44@41.19 
Value: 9181.88
Sales: ABCDx44@41.19 ABACx44@41.19 ACCOx44@41.19 ACADx44@41.19 ADBEx44@41.19 
Purchases: ABCDx44@41.19 ABACx44@41.19 ACCOx44@41.19 ACADx44@41.19 ADBEx44@41.19 

2013-04-30
Cash: 120.62
Held: ABCDx44@41.41 ABACx44@41.41 ACCOx44@41.41 ACADx44@41.41 ADBEx44@41.41 
Value: 9230.00
Sales: ABCDx44@41.41 ABACx44@41.41 ACCOx44@41.41 ACADx44@41.41 ADBEx44@41.41 
Purchases: ABCDx44@41.41 ABACx44@41.41 ACCOx44@41.41 ACADx44@41.41 ADBEx44@41.41 

2013-05-01
Cash: 120.62
Held: ABCDx44@41.50 ABACx44@41.50 ACCOx44@41.50 ACADx44@41.50 ADBEx44@41.50 
Value: 9250.62
Sales: ABCDx44@41.50 ABACx44@41.50 ACCOx44@41.50 ACADx44@41.50 ADBEx44@41.50 
Purchases: ABCDx44@41.50 ABACx44@41.50 ACCOx44@41.50 ACADx44@41.50 ADBEx44@41.50 

2013-05-02
Cash: 120.62
Held: ABCDx44@41.94 ABACx44@41.94 ACCOx44@41.94 ACADx44@41.94 ADBEx44@41.94 
Value: 9346.88
Sales: ABCDx44@41.94 ABACx44@41.94 ACCOx44@41.94 ACADx44@41.94 ADBEx44@41.94 
Purchases: ABCDx44@41.94 ABACx44@41.94 ACCOx44@41.94 ACADx44@41.94 ADBEx44@41.94 

2013-05-05
Cash: 120.62
Held: ABCDx44@41.44 ABACx44@41.44 ACCOx44@41.44 ACADx44@41.44 ADBEx44@41.44 
Value: 9236.88
Sales: ABCDx44@41.44 ABACx44@41.44 ACCOx44@41.44 ACADx44@41.44 ADBEx44@41.44 
Purchases: ABCDx44@41.44 ABACx44@41.44 ACCOx44@41.44 ACADx44@41.44 ADBEx44@41.44 

2013-05-06
Cash: 120.62
Held: ABCDx44@42.19 ABACx44@42.19 ACCOx44@42.19 ACADx44@42.19 ADBEx44@42.19 
Value: 9401.88
Sales: ABCDx44@42.19 ABACx44@42.19 ACCOx44@42.19 ACADx44@42.19 ADBEx44@42.19 
Purchases: ABCDx44@42.19 ABACx44@42.19 ACCOx44@42.19 ACADx44@42.19 ADBEx44@42.19 

2013-05-07
Cash: 120.62
Held: ABCDx44@42.41 ABACx44@42.41 ACCOx44@42.41 ACADx44@42.41 ADBEx44@42.41 
Value: 9450.00
Sales: ABCDx44@42.41 ABACx44@42.41 ACCOx44@42.41 ACADx44@42.41 ADBEx44@42.41 
Purchases: ABCDx44@42.41 ABACx44@42.41 ACCOx44@42.41 ACADx44@42.41 ADBEx44@42.41 

2013-05-08
Cash: 120.62
Held: ABCDx44@42.97 ABACx44@42.97 ACCOx44@42.97 ACADx44@42.97 ADBEx44@42.97 
Value: 9573.75
Sales: ABCDx44@42.97 ABACx44@42.97 ACCOx44@42.97 ACADx44@42.97 ADBEx44@42.97 
Purchases: ABCDx44@42.97 ABACx44@42.97 ACCOx44@42.97 ACADx44@42.97 ADBEx44@42.97 

2013-05-09
Cash: 120.62
Held: ABCDx44@43.12 ABACx44@43.12 ACCOx44@43.12 ACADx44@43.12 ADBEx44@43.12 
Value: 9608.12
Sales: ABCDx44@43.12 ABACx44@43.12 ACCOx44@43.12 ACADx44@43.12 ADBEx44@43.12 
Purchases: ABCDx44@43.12 ABACx44@43.12 ACCOx44@43.12 ACADx44@43.12 ADBEx44@43.12 

2013-05-12
Cash: 120.62
Held: ABCDx44@43.44 ABACx44@43.44 ACCOx44@43.44 ACADx44@43.44 ADBEx44@43.44 
Value: 9676.88
Sales: ABCDx44@43.44 ABACx44@43.44 ACCOx44@43.44 ACADx44@43.44 ADBEx44@43.44 
Purchases: ABCDx44@43.44 ABACx44@43.44 ACCOx44@43.44 ACADx44@43.44 ADBEx44@43.44 

2013-05-13
Cash: 120.62
Held: ABCDx44@42.97 ABACx44@42.97 ACCOx44@42.97 ACADx44@42.97 ADBEx44@42.97 
Value: 9573.75
Sales: ABCDx44@42.97 ABACx44@42.97 ACCOx44@42.97 ACADx44@42.97 ADBEx44@42.97 
Purchases: ABCDx44@42.97 ABACx44@42.97 ACCOx44@42.97 ACADx44@42.97 ADBEx44@42.97 

2013-05-14
Cash: 120.62
Held: ABCDx44@44.91 ABACx44@44.91 ACCOx44@44.91 ACADx44@44.91 ADBEx44@44.91 
Value: 10000.00
Sales: ABCDx44@44.91 ABACx44@44.91 ACCOx44@44.91 ACADx44@44.91 ADBEx44@44.91 
Purchases: ABCDx44@44.91 ABACx44@44.91 ACCOx44@44.91 ACADx44@44.91 ADBEx44@44.91 

2013-05-15
Cash: 120.62
Held: ABCDx44@45.44 ABACx44@45.44 ACCOx44@45.44 ACADx44@45.44 ADBEx44@45.44 
Value: 10116.88
Sales: ABCDx44@45.44 ABACx44@45.44 ACCOx44@45.44 ACADx44@45.44 ADBEx44@45.44 
Purchases: ABCDx44@45.44 ABACx44@45.44 ACCOx44@45.44 ACADx44@45.44 ADBEx44@45.44 

2013-05-16
Cash: 120.62
Held: ABCDx44@45.03 ABACx44@45.03 ACCOx44@45.03 ACADx44@45.03 ADBEx44@45.03 
Value: 10027.50
Sales: ABCDx44@45.03 ABACx44@45.03 ACCOx44@45.03 ACADx44@45.03 ADBEx44@45.03 
Purchases: ABCDx44@45.03 ABACx44@45.03 ACCOx44@45.03 ACADx44@45.03 ADBEx44@45.03 

2013-05-19
Cash: 120.62
Held: ABCDx44@45.47 ABACx44@45.47 ACCOx44@45.47 ACADx44@45.47 ADBEx44@45.47 
Value: 10123.75
Sales: ABCDx44@45.47 ABACx44@45.47 ACCOx44@45.47 ACADx44@45.47 ADBEx44@45.47 
Purchases: ABCDx44@45.47 ABACx44@45.47 ACCOx44@45.47 ACADx44@45.47 ADBEx44@45.47 

2013-05-20
Cash: 120.62
Held: ABCDx44@46.31 ABACx44@46.31 ACCOx44@46.31 ACADx44@46.31 ADBEx44@46.31 
Value: 10309.38
Sales: ABCDx44@46.31 ABACx44@46.31 ACCOx44@46.31 ACADx44@46.31 ADBEx44@46.31 
Purchases: ABCDx44@46.31 ABACx44@46.31 ACCOx44@46.31 ACADx44@46.31 ADBEx44@46.31 

2013-05-21
Cash: 120.62
Held: ABCDx44@46.72 ABACx44@46.72 ACCOx44@46.72 ACADx44@46.72 ADBEx44@46.72 
Value: 10398.75
Sales: ABCDx44@46.72 ABACx44@46.72 ACCOx44@46.72 ACADx44@46.72 ADBEx44@46.72 
Purchases: ABCDx44@46.72 ABACx44@46.72 ACCOx44@46.72 ACADx44@46.72 ADBEx44@46.72 

2013-05-22
Cash: 120.62
Held: ABCDx44@45.69 ABACx44@45.69 ACCOx44@45.69 ACADx44@45.69 ADBEx44@45.69 
Value: 10171.88
Sales: ABCDx44@45.69 ABACx44@45.69 ACCOx44@45.69 ACADx44@45.69 ADBEx44@45.69 
Purchases: ABCDx44@45.69 ABACx44@45.69 ACCOx44@45.69 ACADx44@45.69 ADBEx44@45.69 

2013-05-23
Cash: 120.62
Held: ABCDx44@45.38 ABACx44@45.38 ACCOx44@45.38 ACADx44@45.38 ADBEx44@45.38 
Value: 10103.12
Sales: ABCDx44@45.38 ABACx44@45.38 ACCOx44@45.38 ACADx44@45.38 ADBEx44@45.38 
Purchases: ABCDx44@45.38 ABACx44@45.38 ACCOx44@45.38 ACADx44@45.38 ADBEx44@45.38 

2013-05-27
Cash: 120.62
Held: ABCDx44@46.09 ABACx44@46.09 ACCOx44@46.09 ACADx44@46.09 ADBEx44@46.09 
Value: 10261.25
Sales: ABCDx44@46.09 ABACx44@46.09 ACCOx44@46.09 ACADx44@46.09 ADBEx44@46.09 
Purchases: ABCDx44@46.09 ABACx44@46.09 ACCOx44@46.09 ACADx44@46.09 ADBEx44@46.09 

2013-05-28
Cash: 120.62
Held: ABCDx44@45.97 ABACx44@45.97 ACCOx44@45.97 ACADx44@45.97 ADBEx44@45.97 
Value: 10233.75
Sales: ABCDx44@45.97 ABACx44@45.97 ACCOx44@45.97 ACADx44@45.97 ADBEx44@45.97 
Purchases: ABCDx44@45.97 ABACx44@45.97 ACCOx44@45.97 ACADx44@45.97 ADBEx44@45.97 

2013-05-29
Cash: 120.62
Held: ABCDx44@46.22 ABACx44@46.22 ACCOx44@46.22 ACADx44@46.22 ADBEx44@46.22 
Value: 10288.75
Sales: ABCDx44@46.22 ABACx44@46.22 ACCOx44@46.22 ACADx44@46.22 ADBEx44@46.22 
Purchases: ABCDx44@46.22 ABACx44@46.22 ACCOx44@46.22 ACADx44@46.22 ADBEx44@46.22 

2013-05-30
Cash: 120.62
Held: ABCDx44@45.91 ABACx44@45.91 ACCOx44@45.91 ACADx44@45.91 ADBEx44@45.91 
Value: 10220.00
Sales: ABCDx44@45.91 ABACx44@45.91 ACCOx44@45.91 ACADx44@45.91 ADBEx44@45.91 
Purchases: ABCDx44@45.91 ABACx44@45.91 ACCOx44@45.91 ACADx44@45.91 ADBEx44@45.91 

2013-06-02
Cash: 120.62
Held: ABCDx44@45.66 ABACx44@45.66 ACCOx44@45.66 ACADx44@45.66 ADBEx44@45.66 
Value: 10165.00
Sales: ABCDx44@45.66 ABACx44@45.66 ACCOx44@45.66 ACADx44@45.66 ADBEx44@45.66 
Purchases: ABCDx44@45.66 ABACx44@45.66 ACCOx44@45.66 ACADx44@45.66 ADBEx44@45.66 

2013-06-03
Cash: 120.62
Held: ABCDx44@46.19 ABACx44@46.19 ACCOx44@46.19 ACADx44@46.19 ADBEx44@46.19 
Value: 10281.88
Sales: ABCDx44@46.19 ABACx44@46.19 ACCOx44@46.19 ACADx44@46.19 ADBEx44@46.19 
Purchases: ABCDx44@46.19 ABACx44@46.19 ACCOx44@46.19 ACADx44@46.19 ADBEx44@46.19 

2013-06-04
Cash: 120.62
Held: ABCDx44@45.31 ABACx44@45.31 ACCOx44@45.31 ACADx44@45.31 ADBEx44@45.31 
Value: 10089.38
Sales: ABCDx44@45.31 ABACx44@45.31 ACCOx44@45.31 ACADx44@45.31 ADBEx44@45.31 
Purchases: ABCDx44@45.31 ABACx44@45.31 ACCOx44@45.31 ACADx44@45.31 ADBEx44@45.31 

2013-06-05
Cash: 120.62
Held: ABCDx44@44.50 ABACx44@44.50 ACCOx44@44.50 ACADx44@44.50 ADBEx44@44.50 
Value: 9910.62
Sales: ABCDx44@44.50 ABACx44@44.50 ACCOx44@44.50 ACADx44@44.50 ADBEx44@44.50 
Purchases: ABCDx44@44.50 ABACx44@44.50 ACCOx44@44.50 ACADx44@44.50 ADBEx44@44.50 

2013-06-06
Cash: 120.62
Held: ABCDx44@45.16 ABACx44@45.16 ACCOx44@45.16 ACADx44@45.16 ADBEx44@45.16 
Value: 10055.00
Sales: ABCDx44@45.16 ABACx44@45.16 ACCOx44@45.16 ACADx44@45.16 ADBEx44@45.16 
Purchases: ABCDx44@45.16 ABACx44@45.16 ACCOx44@45.16 ACADx44@45.16 ADBEx44@45.16 

2013-06-09
Cash: 120.62
Held: ABCDx44@45.34 ABACx44@45.34 ACCOx44@45.34 ACADx44@45.34 ADBEx44@45.34 
Value: 10096.25
Sales: ABCDx44@45.34 ABACx44@45.34 ACCOx44@45.34 ACADx44@45.34 ADBEx44@45.34 
Purchases: ABCDx44@45.34 ABACx44@45.34 ACCOx44@45.34 ACADx44@45.34 ADBEx44@45.34 

2013-06-10
Cash: 120.62
Held: ABCDx44@44.22 ABACx44@44.22 ACCOx44@44.22 ACADx44@44.22 ADBEx44@44.22 
Value: 9848.75
Sales: ABCDx44@44.22 ABACx44@44.22 ACCOx44@44.22 ACADx44@44.22 ADBEx44@44.22 
Purchases: ABCDx44@44.22 ABACx44@44.22 ACCOx44@44.22 ACADx44@44.22 ADBEx44@44.22 

2013-06-11
Cash: 120.62
Held: ABCDx44@44.78 ABACx44@44.78 ACCOx44@44.78 ACADx44@44.78 ADBEx44@44.78 
Value: 9972.50
Sales: ABCDx44@44.78 ABACx44@44.78 ACCOx44@44.78 ACADx44@44.78 ADBEx44@44.78 
Purchases: ABCDx44@44.78 ABACx44@44.78 ACCOx44@44.78 ACADx44@44.78 ADBEx44@44.78 

2013-06-12
Cash: 120.62
Held: ABCDx44@43.88 ABACx44@43.88 ACCOx44@43.88 ACADx44@43.88 ADBEx44@43.88 
Value: 9773.12
Sales: ABCDx44@43.88 ABACx44@43.88 ACCOx44@43.88 ACADx44@43.88 ADBEx44@43.88 
Purchases: ABCDx44@43.88 ABACx44@43.88 ACCOx44@43.88 ACADx44@43.88 ADBEx44@43.88 

2013-06-13
Cash: 120.62
Held: ABCDx44@44.34 ABACx44@44.34 ACCOx44@44.34 ACADx44@44.34 ADBEx44@44.34 
Value: 9876.25
Sales: ABCDx44@44.34 ABACx44@44.34 ACCOx44@44.34 ACADx44@44.34 ADBEx44@44.34 
Purchases: ABCDx44@44.34 ABACx44@44.34 ACCOx44@44.34 ACADx44@44.34 ADBEx44@44.34 

2013-06-16
Cash: 120.62
Held: ABCDx44@44.38 ABACx44@44.38 ACCOx44@44.38 ACADx44@44.38 ADBEx44@44.38 
Value: 9883.12
Sales: ABCDx44@44.38 ABACx44@44.38 ACCOx44@44.38 ACADx44@44.38 ADBEx44@44.38 
Purchases: ABCDx44@44.38 ABACx44@44.38 ACCOx44@44.38 ACADx44@44.38 ADBEx44@44.38 

2013-06-17
Cash: 120.62
Held: ABCDx44@44.38 ABACx44@44.38 ACCOx44@44.38 ACADx44@44.38 ADBEx44@44.38 
Value: 9883.12
Sales: ABCDx44@44.38 ABACx44@44.38 ACCOx44@44.38 ACADx44@44.38 ADBEx44@44.38 
Purchases: ABCDx44@44.38 ABACx44@44.38 ACCOx44@44.38 ACADx44@44.38 ADBEx44@44.38 

2013-06-18
Cash: 120.62
Held: ABCDx44@44.75 ABACx44@44.75 ACCOx44@44.75 ACADx44@44.75 ADBEx44@44.75 
Value: 9965.62
Sales: ABCDx44@44.75 ABACx44@44.75 ACCOx44@44.75 ACADx44@44.75 ADBEx44@44.75 
Purchases: ABCDx44@44.75 ABACx44@44.75 ACCOx44@44.75 ACADx44@44.75 ADBEx44@44.75 

2013-06-19
Cash: 120.62
Held: ABCDx44@43.12 ABACx44@43.12 ACCOx44@43.12 ACADx44@43.12 ADBEx44@43.12 
Value: 9608.12
Sales: ABCDx44@43.12 ABACx44@43.12 ACCOx44@43.12 ACADx44@43.12 ADBEx44@43.12 
Purchases: ABCDx44@43.12 ABACx44@43.12 ACCOx44@43.12 ACADx44@43.12 ADBEx44@43.12 

2013-06-20
Cash: 120.62
Held: ABCDx44@42.59 ABACx44@42.59 ACCOx44@42.59 ACADx44@42.59 ADBEx44@42.59 
Value: 9491.25
Sales: ABCDx44@42.59 ABACx44@42.59 ACCOx44@42.59 ACADx44@42.59 ADBEx44@42.59 
Purchases: ABCDx44@42.59 ABACx44@42.59 ACCOx44@42.59 ACADx44@42.59 ADBEx44@42.59 

2013-06-23
Cash: 120.62
Held: ABCDx44@42.44 ABACx44@42.44 ACCOx44@42.44 ACADx44@42.44 ADBEx44@42.44 
Value: 9456.88
Sales: ABCDx44@42.44 ABACx44@42.44 ACCOx44@42.44 ACADx44@42.44 ADBEx44@42.44 
Purchases: ABCDx44@42.44 ABACx44@42.44 ACCOx44@42.44 ACADx44@42.44 ADBEx44@42.44 

2013-06-24
Cash: 120.62
Held: ABCDx44@42.00 ABACx44@42.00 ACCOx44@42.00 ACADx44@42.00 ADBEx44@42.00 
Value: 9360.62
Sales: ABCDx44@42.00 ABACx44@42.00 ACCOx44@42.00 ACADx44@42.00 ADBEx44@42.00 
Purchases: ABCDx44@42.00 ABACx44@42.00 ACCOx44@42.00 ACADx44@42.00 ADBEx44@42.00 

2013-06-25
Cash: 120.62
Held: ABCDx44@43.09 ABACx44@43.09 ACCOx44@43.09 ACADx44@43.09 ADBEx44@43.09 
Value: 9601.25
Sales: ABCDx44@43.09 ABACx44@43.09 ACCOx44@43.09 ACADx44@43.09 ADBEx44@43.09 
Purchases: ABCDx44@43.09 ABACx44@43.09 ACCOx44@43.09 ACADx44@43.09 ADBEx44@43.09 

2013-06-26
Cash: 120.62
Held: ABCDx44@42.56 ABACx44@42.56 ACCOx44@42.56 ACADx44@42.56 ADBEx44@42.56 
Value: 9484.38
Sales: ABCDx44@42.56 ABACx44@42.56 ACCOx44@42.56 ACADx44@42.56 ADBEx44@42.56 
Purchases: ABCDx44@42.56 ABACx44@42.56 ACCOx44@42.56 ACADx44@42.56 ADBEx44@42.56 

2013-06-27
Cash: 120.62
Held: ABCDx44@43.00 ABACx44@43.00 ACCOx44@43.00 ACADx44@43.00 ADBEx44@43.00 
Value: 9580.62
Sales: ABCDx44@43.00 ABACx44@43.00 ACCOx44@43.00 ACADx44@43.00 ADBEx44@43.00 
Purchases: ABCDx44@43.00 ABACx44@43.00 ACCOx44@43.00 ACADx44@43.00 ADBEx44@43.00 

2013-06-30
Cash: 120.62
Held: ABCDx44@43.06 ABACx44@43.06 ACCOx44@43.06 ACADx44@43.06 ADBEx44@43.06 
Value: 9594.38
Sales: ABCDx44@43.06 ABACx44@43.06 ACCOx44@43.06 ACADx44@43.06 ADBEx44@43.06 
Purchases: ABCDx44@43.06 ABACx44@43.06 ACCOx44@43.06 ACADx44@43.06 ADBEx44@43.06 

2013-07-01
Cash: 120.62
Held: ABCDx44@43.50 ABACx44@43.50 ACCOx44@43.50 ACADx44@43.50 ADBEx44@43.50 
Value: 9690.62
Sales: ABCDx44@43.50 ABACx44@43.50 ACCOx44@43.50 ACADx44@43.50 ADBEx44@43.50 
Purchases: ABCDx44@43.50 ABACx44@43.50 ACCOx44@43.50 ACADx44@43.50 ADBEx44@43.50 

2013-07-02
Cash: 120.62
Held: ABCDx44@42.81 ABACx44@42.81 ACCOx44@42.81 ACADx44@42.81 ADBEx44@42.81 
Value: 9539.38
Sales: ABCDx44@42.81 ABACx44@42.81 ACCOx44@42.81 ACADx44@42.81 ADBEx44@42.81 
Purchases: ABCDx44@42.81 ABACx44@42.81 ACCOx44@42.81 ACADx44@42.81 ADBEx44@42.81 

2013-07-04
Cash: 120.62
Held: ABCDx44@43.47 ABACx44@43.47 ACCOx44@43.47 ACADx44@43.47 ADBEx44@43.47 
Value: 9683.75
Sales: ABCDx44@43.47 ABACx44@43.47 ACCOx44@43.47 ACADx44@43.47 ADBEx44@43.47 
Purchases: ABCDx44@43.47 ABACx44@43.47 ACCOx44@43.47 ACADx44@43.47 ADBEx44@43.47 

2013-07-07
Cash: 120.62
Held: ABCDx44@44.38 ABACx44@44.38 ACCOx44@44.38 ACADx44@44.38 ADBEx44@44.38 
Value: 9883.12
Sales: ABCDx44@44.38 ABACx44@44.38 ACCOx44@44.38 ACADx44@44.38 ADBEx44@44.38 
Purchases: ABCDx44@44.38 ABACx44@44.38 ACCOx44@44.38 ACADx44@44.38 ADBEx44@44.38 

2013-07-08
Cash: 120.62
Held: ABCDx44@44.59 ABACx44@44.59 ACCOx44@44.59 ACADx44@44.59 ADBEx44@44.59 
Value: 9931.25
Sales: ABCDx44@44.59 ABACx44@44.59 ACCOx44@44.59 ACADx44@44.59 ADBEx44@44.59 
Purchases: ABCDx44@44.59 ABACx44@44.59 ACCOx44@44.59 ACADx44@44.59 ADBEx44@44.59 

2013-07-09
Cash: 120.62
Held: ABCDx44@44.62 ABACx44@44.62 ACCOx44@44.62 ACADx44@44.62 ADBEx44@44.62 
Value: 9938.12
Sales: ABCDx44@44.62 ABACx44@44.62 ACCOx44@44.62 ACADx44@44.62 ADBEx44@44.62 
Purchases: ABCDx44@44.62 ABACx44@44.62 ACCOx44@44.62 ACADx44@44.62 ADBEx44@44.62 

2013-07-10
Cash: 120.62
Held: ABCDx44@45.69 ABACx44@45.69 ACCOx44@45.69 ACADx44@45.69 ADBEx44@45.69 
Value: 10171.88
Sales: ABCDx44@45.69 ABACx44@45.69 ACCOx44@45.69 ACADx44@45.69 ADBEx44@45.69 
Purchases: ABCDx44@45.69 ABACx44@45.69 ACCOx44@45.69 ACADx44@45.69 ADBEx44@45.69 

2013-07-11
Cash: 120.62
Held: ABCDx44@45.78 ABACx44@45.78 ACCOx44@45.78 ACADx44@45.78 ADBEx44@45.78 
Value: 10192.50
Sales: ABCDx44@45.78 ABACx44@45.78 ACCOx44@45.78 ACADx44@45.78 ADBEx44@45.78 
Purchases: ABCDx44@45.78 ABACx44@45.78 ACCOx44@45.78 ACADx44@45.78 ADBEx44@45.78 

2013-07-14
Cash: 120.62
Held: ABCDx44@45.69 ABACx44@45.69 ACCOx44@45.69 ACADx44@45.69 ADBEx44@45.69 
Value: 10171.88
Sales: ABCDx44@45.69 ABACx44@45.69 ACCOx44@45.69 ACADx44@45.69 ADBEx44@45.69 
Purchases: ABCDx44@45.69 ABACx44@45.69 ACCOx44@45.69 ACADx44@45.69 ADBEx44@45.69 

2013-07-15
Cash: 120.62
Held: ABCDx44@46.09 ABACx44@46.09 ACCOx44@46.09 ACADx44@46.09 ADBEx44@46.09 
Value: 10261.25
Sales: ABCDx44@46.09 ABACx44@46.09 ACCOx44@46.09 ACADx44@46.09 ADBEx44@46.09 
Purchases: ABCDx44@46.09 ABACx44@46.09 ACCOx44@46.09 ACADx44@46.09 ADBEx44@46.09 

2013-07-16
Cash: 120.62
Held: ABCDx44@45.94 ABACx44@45.94 ACCOx44@45.94 ACADx44@45.94 ADBEx44@45.94 
Value: 10226.88
Sales: ABCDx44@45.94 ABACx44@45.94 ACCOx44@45.94 ACADx44@45.94 ADBEx44@45.94 
Purchases: ABCDx44@45.94 ABACx44@45.94 ACCOx44@45.94 ACADx44@45.94 ADBEx44@45.94 

2013-07-17
Cash: 120.62
Held: ABCDx44@45.66 ABACx44@45.66 ACCOx44@45.66 ACADx44@45.66 ADBEx44@45.66 
Value: 10165.00
Sales: ABCDx44@45.66 ABACx44@45.66 ACCOx44@45.66 ACADx44@45.66 ADBEx44@45.66 
Purchases: ABCDx44@45.66 ABACx44@45.66 ACCOx44@45.66 ACADx44@45.66 ADBEx44@45.66 

2013-07-18
Cash: 120.62
Held: ABCDx44@45.84 ABACx44@45.84 ACCOx44@45.84 ACADx44@45.84 ADBEx44@45.84 
Value: 10206.25
Sales: ABCDx44@45.84 ABACx44@45.84 ACCOx44@45.84 ACADx44@45.84 ADBEx44@45.84 
Purchases: ABCDx44@45.84 ABACx44@45.84 ACCOx44@45.84 ACADx44@45.84 ADBEx44@45.84 

2013-07-21
Cash: 120.62
Held: ABCDx44@46.22 ABACx44@46.22 ACCOx44@46.22 ACADx44@46.22 ADBEx44@46.22 
Value: 10288.75
Sales: ABCDx44@46.22 ABACx44@46.22 ACCOx44@46.22 ACADx44@46.22 ADBEx44@46.22 
Purchases: ABCDx44@46.22 ABACx44@46.22 ACCOx44@46.22 ACADx44@46.22 ADBEx44@46.22 

2013-07-22
Cash: 120.62
Held: ABCDx44@46.31 ABACx44@46.31 ACCOx44@46.31 ACADx44@46.31 ADBEx44@46.31 
Value: 10309.38
Sales: ABCDx44@46.31 ABACx44@46.31 ACCOx44@46.31 ACADx44@46.31 ADBEx44@46.31 
Purchases: ABCDx44@46.31 ABACx44@46.31 ACCOx44@46.31 ACADx44@46.31 ADBEx44@46.31 

2013-07-23
Cash: 120.62
Held: ABCDx44@46.66 ABACx44@46.66 ACCOx44@46.66 ACADx44@46.66 ADBEx44@46.66 
Value: 10385.00
Sales: ABCDx44@46.66 ABACx44@46.66 ACCOx44@46.66 ACADx44@46.66 ADBEx44@46.66 
Purchases: ABCDx44@46.66 ABACx44@46.66 ACCOx44@46.66 ACADx44@46.66 ADBEx44@46.66 

2013-07-24
Cash: 120.62
Held: ABCDx44@46.62 ABACx44@46.62 ACCOx44@46.62 ACADx44@46.62 ADBEx44@46.62 
Value: 10378.12
Sales: ABCDx44@46.62 ABACx44@46.62 ACCOx44@46.62 ACADx44@46.62 ADBEx44@46.62 
Purchases: ABCDx44@46.62 ABACx44@46.62 ACCOx44@46.62 ACADx44@46.62 ADBEx44@46.62 

2013-07-25
Cash: 120.62
Held: ABCDx44@46.31 ABACx44@46.31 ACCOx44@46.31 ACADx44@46.31 ADBEx44@46.31 
Value: 10309.38
Sales: ABCDx44@46.31 ABACx44@46.31 ACCOx44@46.31 ACADx44@46.31 ADBEx44@46.31 
Purchases: ABCDx44@46.31 ABACx44@46.31 ACCOx44@46.31 ACADx44@46.31 ADBEx44@46.31 

2013-07-28
Cash: 120.62
Held: ABCDx44@45.59 ABACx44@45.59 ACCOx44@45.59 ACADx44@45.59 ADBEx44@45.59 
Value: 10151.25
Sales: ABCDx44@45.59 ABACx44@45.59 ACCOx44@45.59 ACADx44@45.59 ADBEx44@45.59 
Purchases: ABCDx44@45.59 ABACx44@45.59 ACCOx44@45.59 ACADx44@45.59 ADBEx44@45.59 

2013-07-29
Cash: 120.62
Held: ABCDx44@45.56 ABACx44@45.56 ACCOx44@45.56 ACADx44@45.56 ADBEx44@45.56 
Value: 10144.38
Sales: ABCDx44@45.56 ABACx44@45.56 ACCOx44@45.56 ACADx44@45.56 ADBEx44@45.56 
Purchases: ABCDx44@45.56 ABACx44@45.56 ACCOx44@45.56 ACADx44@45.56 ADBEx44@45.56 

2013-07-30
Cash: 120.62
Held: ABCDx44@45.03 ABACx44@45.03 ACCOx44@45.03 ACADx44@45.03 ADBEx44@45.03 
Value: 10027.50
Sales: ABCDx44@45.03 ABACx44@45.03 ACCOx44@45.03 ACADx44@45.03 ADBEx44@45.03 
Purchases: ABCDx44@45.03 ABACx44@45.03 ACCOx44@45.03 ACADx44@45.03 ADBEx44@45.03 

2013-07-31
Cash: 120.62
Held: ABCDx44@45.50 ABACx44@45.50 ACCOx44@45.50 ACADx44@45.50 ADBEx44@45.50 
Value: 10130.62
Sales: ABCDx44@45.50 ABACx44@45.50 ACCOx44@45.50 ACADx44@45.50 ADBEx44@45.50 
Purchases: ABCDx44@45.50 ABACx44@45.50 ACCOx44@45.50 ACADx44@45.50 ADBEx44@45.50 

2013-08-01
Cash: 120.62
Held: ABCDx44@46.06 ABACx44@46.06 ACCOx44@46.06 ACADx44@46.06 ADBEx44@46.06 
Value: 10254.38
Sales: ABCDx44@46.06 ABACx44@46.06 ACCOx44@46.06 ACADx44@46.06 ADBEx44@46.06 
Purchases: ABCDx44@46.06 ABACx44@46.06 ACCOx44@46.06 ACADx44@46.06 ADBEx44@46.06 

2013-08-04
Cash: 120.62
Held: ABCDx44@46.25 ABACx44@46.25 ACCOx44@46.25 ACADx44@46.25 ADBEx44@46.25 
Value: 10295.62
Sales: ABCDx44@46.25 ABACx44@46.25 ACCOx44@46.25 ACADx44@46.25 ADBEx44@46.25 
Purchases: ABCDx44@46.25 ABACx44@46.25 ACCOx44@46.25 ACADx44@46.25 ADBEx44@46.25 

2013-08-05
Cash: 120.62
Held: ABCDx44@45.94 ABACx44@45.94 ACCOx44@45.94 ACADx44@45.94 ADBEx44@45.94 
Value: 10226.88
Sales: ABCDx44@45.94 ABACx44@45.94 ACCOx44@45.94 ACADx44@45.94 ADBEx44@45.94 
Purchases: ABCDx44@45.94 ABACx44@45.94 ACCOx44@45.94 ACADx44@45.94 ADBEx44@45.94 

2013-08-06
Cash: 120.62
Held: ABCDx44@45.88 ABACx44@45.88 ACCOx44@45.88 ACADx44@45.88 ADBEx44@45.88 
Value: 10213.12
Sales: ABCDx44@45.88 ABACx44@45.88 ACCOx44@45.88 ACADx44@45.88 ADBEx44@45.88 
Purchases: ABCDx44@45.88 ABACx44@45.88 ACCOx44@45.88 ACADx44@45.88 ADBEx44@45.88 

2013-08-07
Cash: 120.62
Held: ABCDx44@46.50 ABACx44@46.50 ACCOx44@46.50 ACADx44@46.50 ADBEx44@46.50 
Value: 10350.62
Sales: ABCDx44@46.50 ABACx44@46.50 ACCOx44@46.50 ACADx44@46.50 ADBEx44@46.50 
Purchases: ABCDx44@46.50 ABACx44@46.50 ACCOx44@46.50 ACADx44@46.50 ADBEx44@46.50 

2013-08-08
Cash: 120.62
Held: ABCDx44@45.84 ABACx44@45.84 ACCOx44@45.84 ACADx44@45.84 ADBEx44@45.84 
Value: 10206.25
Sales: ABCDx44@45.84 ABACx44@45.84 ACCOx44@45.84 ACADx44@45.84 ADBEx44@45.84 
Purchases: ABCDx44@45.84 ABACx44@45.84 ACCOx44@45.84 ACADx44@45.84 ADBEx44@45.84 

2013-08-11
Cash: 120.62
Held: ABCDx44@45.88 ABACx44@45.88 ACCOx44@45.88 ACADx44@45.88 ADBEx44@45.88 
Value: 10213.12
Sales: ABCDx44@45.88 ABACx44@45.88 ACCOx44@45.88 ACADx44@45.88 ADBEx44@45.88 
Purchases: ABCDx44@45.88 ABACx44@45.88 ACCOx44@45.88 ACADx44@45.88 ADBEx44@45.88 

2013-08-12
Cash: 120.62
Held: ABCDx44@46.44 ABACx44@46.44 ACCOx44@46.44 ACADx44@46.44 ADBEx44@46.44 
Value: 10336.88
Sales: ABCDx44@46.44 ABACx44@46.44 ACCOx44@46.44 ACADx44@46.44 ADBEx44@46.44 
Purchases: ABCDx44@46.44 ABACx44@46.44 ACCOx44@46.44 ACADx44@46.44 ADBEx44@46.44 

2013-08-13
Cash: 120.62
Held: ABCDx44@46.78 ABACx44@46.78 ACCOx44@46.78 ACADx44@46.78 ADBEx44@46.78 
Value: 10412.50
Sales: ABCDx44@46.78 ABACx44@46.78 ACCOx44@46.78 ACADx44@46.78 ADBEx44@46.78 
Purchases: ABCDx44@46.78 ABACx44@46.78 ACCOx44@46.78 ACADx44@46.78 ADBEx44@46.78 

2013-08-14
Cash: 120.62
Held: ABCDx44@47.59 ABACx44@47.59 ACCOx44@47.59 ACADx44@47.59 ADBEx44@47.59 
Value: 10591.25
Sales: ABCDx44@47.59 ABACx44@47.59 ACCOx44@47.59 ACADx44@47.59 ADBEx44@47.59 
Purchases: ABCDx44@47.59 ABACx44@47.59 ACCOx44@47.59 ACADx44@47.59 ADBEx44@47.59 

2013-08-15
Cash: 120.62
Held: ABCDx44@46.81 ABACx44@46.81 ACCOx44@46.81 ACADx44@46.81 ADBEx44@46.81 
Value: 10419.38
Sales: ABCDx44@46.81 ABACx44@46.81 ACCOx44@46.81 ACADx44@46.81 ADBEx44@46.81 
Purchases: ABCDx44@46.81 ABACx44@46.81 ACCOx44@46.81 ACADx44@46.81 ADBEx44@46.81 

2013-08-18
Cash: 120.62
Held: ABCDx44@46.62 ABACx44@46.62 ACCOx44@46.62 ACADx44@46.62 ADBEx44@46.62 
Value: 10378.12
Sales: ABCDx44@46.62 ABACx44@46.62 ACCOx44@46.62 ACADx44@46.62 ADBEx44@46.62 
Purchases: ABCDx44@46.62 ABACx44@46.62 ACCOx44@46.62 ACADx44@46.62 ADBEx44@46.62 

2013-08-19
Cash: 120.62
Held: ABCDx44@46.44 ABACx44@46.44 ACCOx44@46.44 ACADx44@46.44 ADBEx44@46.44 
Value: 10336.88
Sales: ABCDx44@46.44 ABACx44@46.44 ACCOx44@46.44 ACADx44@46.44 ADBEx44@46.44 
Purchases: ABCDx44@46.44 ABACx44@46.44 ACCOx44@46.44 ACADx44@46.44 ADBEx44@46.44 

2013-08-20
Cash: 120.62
Held: ABCDx44@46.94 ABACx44@46.94 ACCOx44@46.94 ACADx44@46.94 ADBEx44@46.94 
Value: 10446.88
Sales: ABCDx44@46.94 ABACx44@46.94 ACCOx44@46.94 ACADx44@46.94 ADBEx44@46.94 
Purchases: ABCDx44@46.94 ABACx44@46.94 ACCOx44@46.94 ACADx44@46.94 ADBEx44@46.94 

2013-08-21
Cash: 120.62
Held: ABCDx44@46.88 ABACx44@46.88 ACCOx44@46.88 ACADx44@46.88 ADBEx44@46.88 
Value: 10433.12
Sales: ABCDx44@46.88 ABACx44@46.88 ACCOx44@46.88 ACADx44@46.88 ADBEx44@46.88 
Purchases: ABCDx44@46.88 ABACx44@46.88 ACCOx44@46.88 ACADx44@46.88 ADBEx44@46.88 

2013-08-22
Cash: 120.62
Held: ABCDx44@47.97 ABACx44@47.97 ACCOx44@47.97 ACADx44@47.97 ADBEx44@47.97 
Value: 10673.75
Sales: ABCDx44@47.97 ABACx44@47.97 ACCOx44@47.97 ACADx44@47.97 ADBEx44@47.97 
Purchases: ABCDx44@47.97 ABACx44@47.97 ACCOx44@47.97 ACADx44@47.97 ADBEx44@47.97 

2013-08-25
Cash: 120.62
Held: ABCDx44@47.62 ABACx44@47.62 ACCOx44@47.62 ACADx44@47.62 ADBEx44@47.62 
Value: 10598.12
Sales: ABCDx44@47.62 ABACx44@47.62 ACCOx44@47.62 ACADx44@47.62 ADBEx44@47.62 
Purchases: ABCDx44@47.62 ABACx44@47.62 ACCOx44@47.62 ACADx44@47.62 ADBEx44@47.62 

2013-08-26
Cash: 120.62
Held: ABCDx44@47.09 ABACx44@47.09 ACCOx44@47.09 ACADx44@47.09 ADBEx44@47.09 
Value: 10481.25
Sales: ABCDx44@47.09 ABACx44@47.09 ACCOx44@47.09 ACADx44@47.09 ADBEx44@47.09 
Purchases: ABCDx44@47.09 ABACx44@47.09 ACCOx44@47.09 ACADx44@47.09 ADBEx44@47.09 

2013-08-27
Cash: 120.62
Held: ABCDx44@46.88 ABACx44@46.88 ACCOx44@46.88 ACADx44@46.88 ADBEx44@46.88 
Value: 10433.12
Sales: ABCDx44@46.88 ABACx44@46.88 ACCOx44@46.88 ACADx44@46.88 ADBEx44@46.88 
Purchases: ABCDx44@46.88 ABACx44@46.88 ACCOx44@46.88 ACADx44@46.88 ADBEx44@46.88 

2013-08-28
Cash: 120.62
Held: ABCDx44@46.62 ABACx44@46.62 ACCOx44@46.62 ACADx44@46.62 ADBEx44@46.62 
Value: 10378.12
Sales: ABCDx44@46.62 ABACx44@46.62 ACCOx44@46.62 ACADx44@46.62 ADBEx44@46.62 
Purchases: ABCDx44@46.62 ABACx44@46.62 ACCOx44@46.62 ACADx44@46.62 ADBEx44@46.62 

2013-08-29
Cash: 120.62
Held: ABCDx44@46.88 ABACx44@46.88 ACCOx44@46.88 ACADx44@46.88 ADBEx44@46.88 
Value: 10433.12
Sales: ABCDx44@46.88 ABACx44@46.88 ACCOx44@46.88 ACADx44@46.88 ADBEx44@46.88 
Purchases: ABCDx44@46.88 ABACx44@46.88 ACCOx44@46.88 ACADx44@46.88 ADBEx44@46.88 

2013-09-02
Cash: 120.62
Held: ABCDx44@47.03 ABACx44@47.03 ACCOx44@47.03 ACADx44@47.03 ADBEx44@47.03 
Value: 10467.50
Sales: ABCDx44@47.03 ABACx44@47.03 ACCOx44@47.03 ACADx44@47.03 ADBEx44@47.03 
Purchases: ABCDx44@47.03 ABACx44@47.03 ACCOx44@47.03 ACADx44@47.03 ADBEx44@47.03 

2013-09-03
Cash: 120.62
Held: ABCDx44@46.94 ABACx44@46.94 ACCOx44@46.94 ACADx44@46.94 ADBEx44@46.94 
Value: 10446.88
Sales: ABCDx44@46.94 ABACx44@46.94 ACCOx44@46.94 ACADx44@46.94 ADBEx44@46.94 
Purchases: ABCDx44@46.94 ABACx44@46.94 ACCOx44@46.94 ACADx44@46.94 ADBEx44@46.94 

2013-09-04
Cash: 120.62
Held: ABCDx44@47.81 ABACx44@47.81 ACCOx44@47.81 ACADx44@47.81 ADBEx44@47.81 
Value: 10639.38
Sales: ABCDx44@47.81 ABACx44@47.81 ACCOx44@47.81 ACADx44@47.81 ADBEx44@47.81 
Purchases: ABCDx44@47.81 ABACx44@47.81 ACCOx44@47.81 ACADx44@47.81 ADBEx44@47.81 

2013-09-05
Cash: 120.62
Held: ABCDx44@47.72 ABACx44@47.72 ACCOx44@47.72 ACADx44@47.72 ADBEx44@47.72 
Value: 10618.75
Sales: ABCDx44@47.72 ABACx44@47.72 ACCOx44@47.72 ACADx44@47.72 ADBEx44@47.72 
Purchases: ABCDx44@47.72 ABACx44@47.72 ACCOx44@47.72 ACADx44@47.72 ADBEx44@47.72 

2013-09-08
Cash: 120.62
Held: ABCDx44@47.59 ABACx44@47.59 ACCOx44@47.59 ACADx44@47.59 ADBEx44@47.59 
Value: 10591.25
Sales: ABCDx44@47.59 ABACx44@47.59 ACCOx44@47.59 ACADx44@47.59 ADBEx44@47.59 
Purchases: ABCDx44@47.59 ABACx44@47.59 ACCOx44@47.59 ACADx44@47.59 ADBEx44@47.59 

2013-09-09
Cash: 120.62
Held: ABCDx44@48.03 ABACx44@48.03 ACCOx44@48.03 ACADx44@48.03 ADBEx44@48.03 
Value: 10687.50
Sales: ABCDx44@48.03 ABACx44@48.03 ACCOx44@48.03 ACADx44@48.03 ADBEx44@48.03 
Purchases: ABCDx44@48.03 ABACx44@48.03 ACCOx44@48.03 ACADx44@48.03 ADBEx44@48.03 

2013-09-10
Cash: 120.62
Held: ABCDx44@48.59 ABACx44@48.59 ACCOx44@48.59 ACADx44@48.59 ADBEx44@48.59 
Value: 10811.25
Sales: ABCDx44@48.59 ABACx44@48.59 ACCOx44@48.59 ACADx44@48.59 ADBEx44@48.59 
Purchases: ABCDx44@48.59 ABACx44@48.59 ACCOx44@48.59 ACADx44@48.59 ADBEx44@48.59 

2013-09-11
Cash: 120.62
Held: ABCDx44@48.91 ABACx44@48.91 ACCOx44@48.91 ACADx44@48.91 ADBEx44@48.91 
Value: 10880.00
Sales: ABCDx44@48.91 ABACx44@48.91 ACCOx44@48.91 ACADx44@48.91 ADBEx44@48.91 
Purchases: ABCDx44@48.91 ABACx44@48.91 ACCOx44@48.91 ACADx44@48.91 ADBEx44@48.91 

2013-09-12
Cash: 120.62
Held: ABCDx44@48.59 ABACx44@48.59 ACCOx44@48.59 ACADx44@48.59 ADBEx44@48.59 
Value: 10811.25
Sales: ABCDx44@48.59 ABACx44@48.59 ACCOx44@48.59 ACADx44@48.59 ADBEx44@48.59 
Purchases: ABCDx44@48.59 ABACx44@48.59 ACCOx44@48.59 ACADx44@48.59 ADBEx44@48.59 

2013-09-15
Cash: 120.62
Held: ABCDx44@49.06 ABACx44@49.06 ACCOx44@49.06 ACADx44@49.06 ADBEx44@49.06 
Value: 10914.38
Sales: ABCDx44@49.06 ABACx44@49.06 ACCOx44@49.06 ACADx44@49.06 ADBEx44@49.06 
Purchases: ABCDx44@49.06 ABACx44@49.06 ACCOx44@49.06 ACADx44@49.06 ADBEx44@49.06 

2013-09-16
Cash: 120.62
Held: ABCDx44@48.72 ABACx44@48.72 ACCOx44@48.72 ACADx44@48.72 ADBEx44@48.72 
Value: 10838.75
Sales: ABCDx44@48.72 ABACx44@48.72 ACCOx44@48.72 ACADx44@48.72 ADBEx44@48.72 
Purchases: ABCDx44@48.72 ABACx44@48.72 ACCOx44@48.72 ACADx44@48.72 ADBEx44@48.72 

2013-09-17
Cash: 120.62
Held: ABCDx44@48.78 ABACx44@48.78 ACCOx44@48.78 ACADx44@48.78 ADBEx44@48.78 
Value: 10852.50
Sales: ABCDx44@48.78 ABACx44@48.78 ACCOx44@48.78 ACADx44@48.78 ADBEx44@48.78 
Purchases: ABCDx44@48.78 ABACx44@48.78 ACCOx44@48.78 ACADx44@48.78 ADBEx44@48.78 

2013-09-18
Cash: 120.62
Held: ABCDx44@52.91 ABACx44@52.91 ACCOx44@52.91 ACADx44@52.91 ADBEx44@52.91 
Value: 11760.00
Sales: ABCDx44@52.91 ABACx44@52.91 ACCOx44@52.91 ACADx44@52.91 ADBEx44@52.91 
Purchases: ABCDx44@52.91 ABACx44@52.91 ACCOx44@52.91 ACADx44@52.91 ADBEx44@52.91 

2013-09-19
Cash: 120.62
Held: ABCDx44@51.03 ABACx44@51.03 ACCOx44@51.03 ACADx44@51.03 ADBEx44@51.03 
Value: 11347.50
Sales: ABCDx44@51.03 ABACx44@51.03 ACCOx44@51.03 ACADx44@51.03 ADBEx44@51.03 
Purchases: ABCDx44@51.03 ABACx44@51.03 ACCOx44@51.03 ACADx44@51.03 ADBEx44@51.03 

2013-09-22
Cash: 120.62
Held: ABCDx44@51.91 ABACx44@51.91 ACCOx44@51.91 ACADx44@51.91 ADBEx44@51.91 
Value: 11540.00
Sales: ABCDx44@51.91 ABACx44@51.91 ACCOx44@51.91 ACADx44@51.91 ADBEx44@51.91 
Purchases: ABCDx44@51.91 ABACx44@51.91 ACCOx44@51.91 ACADx44@51.91 ADBEx44@51.91 

2013-09-23
Cash: 120.62
Held: ABCDx44@51.62 ABACx44@51.62 ACCOx44@51.62 ACADx44@51.62 ADBEx44@51.62 
Value: 11478.12
Sales: ABCDx44@51.62 ABACx44@51.62 ACCOx44@51.62 ACADx44@51.62 ADBEx44@51.62 
Purchases: ABCDx44@51.62 ABACx44@51.62 ACCOx44@51.62 ACADx44@51.62 ADBEx44@51.62 

2013-09-24
Cash: 120.62
Held: ABCDx44@51.59 ABACx44@51.59 ACCOx44@51.59 ACADx44@51.59 ADBEx44@51.59 
Value: 11471.25
Sales: ABCDx44@51.59 ABACx44@51.59 ACCOx44@51.59 ACADx44@51.59 ADBEx44@51.59 
Purchases: ABCDx44@51.59 ABACx44@51.59 ACCOx44@51.59 ACADx44@51.59 ADBEx44@51.59 

2013-09-25
Cash: 120.62
Held: ABCDx44@51.97 ABACx44@51.97 ACCOx44@51.97 ACADx44@51.97 ADBEx44@51.97 
Value: 11553.75
Sales: ABCDx44@51.97 ABACx44@51.97 ACCOx44@51.97 ACADx44@51.97 ADBEx44@51.97 
Purchases: ABCDx44@51.97 ABACx44@51.97 ACCOx44@51.97 ACADx44@51.97 ADBEx44@51.97 

2013-09-26
Cash: 120.62
Held: ABCDx44@51.84 ABACx44@51.84 ACCOx44@51.84 ACADx44@51.84 ADBEx44@51.84 
Value: 11526.25
Sales: ABCDx44@51.84 ABACx44@51.84 ACCOx44@51.84 ACADx44@51.84 ADBEx44@51.84 
Purchases: ABCDx44@51.84 ABACx44@51.84 ACCOx44@51.84 ACADx44@51.84 ADBEx44@51.84 

2013-09-29
Cash: 120.62
Held: ABCDx44@51.03 ABACx44@51.03 ACCOx44@51.03 ACADx44@51.03 ADBEx44@51.03 
Value: 11347.50
Sales: ABCDx44@51.03 ABACx44@51.03 ACCOx44@51.03 ACADx44@51.03 ADBEx44@51.03 
Purchases: ABCDx44@51.03 ABACx44@51.03 ACCOx44@51.03 ACADx44@51.03 ADBEx44@51.03 

2013-09-30
Cash: 120.62
Held: ABCDx44@50.69 ABACx44@50.69 ACCOx44@50.69 ACADx44@50.69 ADBEx44@50.69 
Value: 11271.88
Sales: ABCDx44@50.69 ABACx44@50.69 ACCOx44@50.69 ACADx44@50.69 ADBEx44@50.69 
Purchases: ABCDx44@50.69 ABACx44@50.69 ACCOx44@50.69 ACADx44@50.69 ADBEx44@50.69 

2013-10-01
Cash: 120.62
Held: ABCDx44@51.59 ABACx44@51.59 ACCOx44@51.59 ACADx44@51.59 ADBEx44@51.59 
Value: 11471.25
Sales: ABCDx44@51.59 ABACx44@51.59 ACCOx44@51.59 ACADx44@51.59 ADBEx44@51.59 
Purchases: ABCDx44@51.59 ABACx44@51.59 ACCOx44@51.59 ACADx44@51.59 ADBEx44@51.59 

2013-10-02
Cash: 120.62
Held: ABCDx44@51.56 ABACx44@51.56 ACCOx44@51.56 ACADx44@51.56 ADBEx44@51.56 
Value: 11464.38
Sales: ABCDx44@51.56 ABACx44@51.56 ACCOx44@51.56 ACADx44@51.56 ADBEx44@51.56 
Purchases: ABCDx44@51.56 ABACx44@51.56 ACCOx44@51.56 ACADx44@51.56 ADBEx44@51.56 

2013-10-03
Cash: 120.62
Held: ABCDx44@51.16 ABACx44@51.16 ACCOx44@51.16 ACADx44@51.16 ADBEx44@51.16 
Value: 11375.00
Sales: ABCDx44@51.16 ABACx44@51.16 ACCOx44@51.16 ACADx44@51.16 ADBEx44@51.16 
Purchases: ABCDx44@51.16 ABACx44@51.16 ACCOx44@51.16 ACADx44@51.16 ADBEx44@51.16 

2013-10-06
Cash: 120.62
Held: ABCDx44@51.34 ABACx44@51.34 ACCOx44@51.34 ACADx44@51.34 ADBEx44@51.34 
Value: 11416.25
Sales: ABCDx44@51.34 ABACx44@51.34 ACCOx44@51.34 ACADx44@51.34 ADBEx44@51.34 
Purchases: ABCDx44@51.34 ABACx44@51.34 ACCOx44@51.34 ACADx44@51.34 ADBEx44@51.34 

2013-10-07
Cash: 120.62
Held: ABCDx44@51.19 ABACx44@51.19 ACCOx44@51.19 ACADx44@51.19 ADBEx44@51.19 
Value: 11381.88
Sales: ABCDx44@51.19 ABACx44@51.19 ACCOx44@51.19 ACADx44@51.19 ADBEx44@51.19 
Purchases: ABCDx44@51.19 ABACx44@51.19 ACCOx44@51.19 ACADx44@51.19 ADBEx44@51.19 

2013-10-08
Cash: 120.62
Held: ABCDx44@50.22 ABACx44@50.22 ACCOx44@50.22 ACADx44@50.22 ADBEx44@50.22 
Value: 11168.75
Sales: ABCDx44@50.22 ABACx44@50.22 ACCOx44@50.22 ACADx44@50.22 ADBEx44@50.22 
Purchases: ABCDx44@50.22 ABACx44@50.22 ACCOx44@50.22 ACADx44@50.22 ADBEx44@50.22 

2013-10-09
Cash: 120.62
Held: ABCDx44@50.28 ABACx44@50.28 ACCOx44@50.28 ACADx44@50.28 ADBEx44@50.28 
Value: 11182.50
Sales: ABCDx44@50.28 ABACx44@50.28 ACCOx44@50.28 ACADx44@50.28 ADBEx44@50.28 
Purchases: ABCDx44@50.28 ABACx44@50.28 ACCOx44@50.28 ACADx44@50.28 ADBEx44@50.28 

2013-10-10
Cash: 120.62
Held: ABCDx44@50.88 ABACx44@50.88 ACCOx44@50.88 ACADx44@50.88 ADBEx44@50.88 
Value: 11313.12
Sales: ABCDx44@50.88 ABACx44@50.88 ACCOx44@50.88 ACADx44@50.88 ADBEx44@50.88 
Purchases: ABCDx44@50.88 ABACx44@50.88 ACCOx44@50.88 ACADx44@50.88 ADBEx44@50.88 

2013-10-13
Cash: 120.62
Held: ABCDx44@51.19 ABACx44@51.19 ACCOx44@51.19 ACADx44@51.19 ADBEx44@51.19 
Value: 11381.88
Sales: ABCDx44@51.19 ABACx44@51.19 ACCOx44@51.19 ACADx44@51.19 ADBEx44@51.19 
Purchases: ABCDx44@51.19 ABACx44@51.19 ACCOx44@51.19 ACADx44@51.19 ADBEx44@51.19 

2013-10-14
Cash: 120.62
Held: ABCDx44@51.09 ABACx44@51.09 ACCOx44@51.09 ACADx44@51.09 ADBEx44@51.09 
Value: 11361.25
Sales: ABCDx44@51.09 ABACx44@51.09 ACCOx44@51.09 ACADx44@51.09 ADBEx44@51.09 
Purchases: ABCDx44@51.09 ABACx44@51.09 ACCOx44@51.09 ACADx44@51.09 ADBEx44@51.09 

2013-10-15
Cash: 120.62
Held: ABCDx44@51.22 ABACx44@51.22 ACCOx44@51.22 ACADx44@51.22 ADBEx44@51.22 
Value: 11388.75
Sales: ABCDx44@51.22 ABACx44@51.22 ACCOx44@51.22 ACADx44@51.22 ADBEx44@51.22 
Purchases: ABCDx44@51.22 ABACx44@51.22 ACCOx44@51.22 ACADx44@51.22 ADBEx44@51.22 

2013-10-16
Cash: 120.62
Held: ABCDx44@51.25 ABACx44@51.25 ACCOx44@51.25 ACADx44@51.25 ADBEx44@51.25 
Value: 11395.62
Sales: ABCDx44@51.25 ABACx44@51.25 ACCOx44@51.25 ACADx44@51.25 ADBEx44@51.25 
Purchases: ABCDx44@51.25 ABACx44@51.25 ACCOx44@51.25 ACADx44@51.25 ADBEx44@51.25 

2013-10-17
Cash: 120.62
Held: ABCDx44@52.94 ABACx44@52.94 ACCOx44@52.94 ACADx44@52.94 ADBEx44@52.94 
Value: 11766.88
Sales: ABCDx44@52.94 ABACx44@52.94 ACCOx44@52.94 ACADx44@52.94 ADBEx44@52.94 
Purchases: ABCDx44@52.94 ABACx44@52.94 ACCOx44@52.94 ACADx44@52.94 ADBEx44@52.94 

2013-10-20
Cash: 120.62
Held: ABCDx44@53.03 ABACx44@53.03 ACCOx44@53.03 ACADx44@53.03 ADBEx44@53.03 
Value: 11787.50
Sales: ABCDx44@53.03 ABACx44@53.03 ACCOx44@53.03 ACADx44@53.03 ADBEx44@53.03 
Purchases: ABCDx44@53.03 ABACx44@53.03 ACCOx44@53.03 ACADx44@53.03 ADBEx44@53.03 

2013-10-21
Cash: 120.62
Held: ABCDx44@52.09 ABACx44@52.09 ACCOx44@52.09 ACADx44@52.09 ADBEx44@52.09 
Value: 11581.25
Sales: ABCDx44@52.09 ABACx44@52.09 ACCOx44@52.09 ACADx44@52.09 ADBEx44@52.09 
Purchases: ABCDx44@52.09 ABACx44@52.09 ACCOx44@52.09 ACADx44@52.09 ADBEx44@52.09 

2013-10-22
Cash: 120.62
Held: ABCDx44@50.75 ABACx44@50.75 ACCOx44@50.75 ACADx44@50.75 ADBEx44@50.75 
Value: 11285.62
Sales: ABCDx44@50.75 ABACx44@50.75 ACCOx44@50.75 ACADx44@50.75 ADBEx44@50.75 
Purchases: ABCDx44@50.75 ABACx44@50.75 ACCOx44@50.75 ACADx44@50.75 ADBEx44@50.75 

2013-10-23
Cash: 120.62
Held: ABCDx44@50.66 ABACx44@50.66 ACCOx44@50.66 ACADx44@50.66 ADBEx44@50.66 
Value: 11265.00
Sales: ABCDx44@50.66 ABACx44@50.66 ACCOx44@50.66 ACADx44@50.66 ADBEx44@50.66 
Purchases: ABCDx44@50.66 ABACx44@50.66 ACCOx44@50.66 ACADx44@50.66 ADBEx44@50.66 

2013-10-24
Cash: 120.62
Held: ABCDx44@51.34 ABACx44@51.34 ACCOx44@51.34 ACADx44@51.34 ADBEx44@51.34 
Value: 11416.25
Sales: ABCDx44@51.34 ABACx44@51.34 ACCOx44@51.34 ACADx44@51.34 ADBEx44@51.34 
Purchases: ABCDx44@51.34 ABACx44@51.34 ACCOx44@51.34 ACADx44@51.34 ADBEx44@51.34 

2013-10-27
Cash: 120.62
Held: ABCDx44@51.78 ABACx44@51.78 ACCOx44@51.78 ACADx44@51.78 ADBEx44@51.78 
Value: 11512.50
Sales: ABCDx44@51.78 ABACx44@51.78 ACCOx44@51.78 ACADx44@51.78 ADBEx44@51.78 
Purchases: ABCDx44@51.78 ABACx44@51.78 ACCOx44@51.78 ACADx44@51.78 ADBEx44@51.78 

2013-10-28
Cash: 120.62
Held: ABCDx44@51.53 ABACx44@51.53 ACCOx44@51.53 ACADx44@51.53 ADBEx44@51.53 
Value: 11457.50
Sales: ABCDx44@51.53 ABACx44@51.53 ACCOx44@51.53 ACADx44@51.53 ADBEx44@51.53 
Purchases: ABCDx44@51.53 ABACx44@51.53 ACCOx44@51.53 ACADx44@51.53 ADBEx44@51.53 

2013-10-29
Cash: 120.62
Held: ABCDx44@51.75 ABACx44@51.75 ACCOx44@51.75 ACADx44@51.75 ADBEx44@51.75 
Value: 11505.62
Sales: ABCDx44@51.75 ABACx44@51.75 ACCOx44@51.75 ACADx44@51.75 ADBEx44@51.75 
Purchases: ABCDx44@51.75 ABACx44@51.75 ACCOx44@51.75 ACADx44@51.75 ADBEx44@51.75 

2013-10-30
Cash: 120.62
Held: ABCDx44@51.16 ABACx44@51.16 ACCOx44@51.16 ACADx44@51.16 ADBEx44@51.16 
Value: 11375.00
Sales: ABCDx44@51.16 ABACx44@51.16 ACCOx44@51.16 ACADx44@51.16 ADBEx44@51.16 
Purchases: ABCDx44@51.16 ABACx44@51.16 ACCOx44@51.16 ACADx44@51.16 ADBEx44@51.16 

2013-10-31
Cash: 120.62
Held: ABCDx44@50.91 ABACx44@50.91 ACCOx44@50.91 ACADx44@50.91 ADBEx44@50.91 
Value: 11320.00
Sales: ABCDx44@50.91 ABACx44@50.91 ACCOx44@50.91 ACADx44@50.91 ADBEx44@50.91 
Purchases: ABCDx44@50.91 ABACx44@50.91 ACCOx44@50.91 ACADx44@50.91 ADBEx44@50.91 

2013-11-03
Cash: 120.62
Held: ABCDx44@51.38 ABACx44@51.38 ACCOx44@51.38 ACADx44@51.38 ADBEx44@51.38 
Value: 11423.12
Sales: ABCDx44@51.38 ABACx44@51.38 ACCOx44@51.38 ACADx44@51.38 ADBEx44@51.38 
Purchases: ABCDx44@51.38 ABACx44@51.38 ACCOx44@51.38 ACADx44@51.38 ADBEx44@51.38 

2013-11-04
Cash: 120.62
Held: ABCDx44@51.19 ABACx44@51.19 ACCOx44@51.19 ACADx44@51.19 ADBEx44@51.19 
Value: 11381.88
Sales: ABCDx44@51.19 ABACx44@51.19 ACCOx44@51.19 ACADx44@51.19 ADBEx44@51.19 
Purchases: ABCDx44@51.19 ABACx44@51.19 ACCOx44@51.19 ACADx44@51.19 ADBEx44@51.19 

2013-11-05
Cash: 120.62
Held: ABCDx44@51.19 ABACx44@51.19 ACCOx44@51.19 ACADx44@51.19 ADBEx44@51.19 
Value: 11381.88
Sales: ABCDx44@51.19 ABACx44@51.19 ACCOx44@51.19 ACADx44@51.19 ADBEx44@51.19 
Purchases: ABCDx44@51.19 ABACx44@51.19 ACCOx44@51.19 ACADx44@51.19 ADBEx44@51.19 

2013-11-06
Cash: 120.62
Held: ABCDx44@51.09 ABACx44@51.09 ACCOx44@51.09 ACADx44@51.09 ADBEx44@51.09 
Value: 11361.25
Sales: ABCDx44@51.09 ABACx44@51.09 ACCOx44@51.09 ACADx44@51.09 ADBEx44@51.09 
Purchases: ABCDx44@51.09 ABACx44@51.09 ACCOx44@51.09 ACADx44@51.09 ADBEx44@51.09 

2013-11-07
Cash: 120.62
Held: ABCDx44@50.12 ABACx44@50.12 ACCOx44@50.12 ACADx44@50.12 ADBEx44@50.12 
Value: 11148.12
Sales: ABCDx44@50.12 ABACx44@50.12 ACCOx44@50.12 ACADx44@50.12 ADBEx44@50.12 
Purchases: ABCDx44@50.12 ABACx44@50.12 ACCOx44@50.12 ACADx44@50.12 ADBEx44@50.12 

2013-11-10
Cash: 120.62
Held: ABCDx44@50.62 ABACx44@50.62 ACCOx44@50.62 ACADx44@50.62 ADBEx44@50.62 
Value: 11258.12
Sales: ABCDx44@50.62 ABACx44@50.62 ACCOx44@50.62 ACADx44@50.62 ADBEx44@50.62 
Purchases: ABCDx44@50.62 ABACx44@50.62 ACCOx44@50.62 ACADx44@50.62 ADBEx44@50.62 

2013-11-11
Cash: 120.62
Held: ABCDx44@51.19 ABACx44@51.19 ACCOx44@51.19 ACADx44@51.19 ADBEx44@51.19 
Value: 11381.88
Sales: ABCDx44@51.19 ABACx44@51.19 ACCOx44@51.19 ACADx44@51.19 ADBEx44@51.19 
Purchases: ABCDx44@51.19 ABACx44@51.19 ACCOx44@51.19 ACADx44@51.19 ADBEx44@51.19 

2013-11-12
Cash: 120.62
Held: ABCDx44@50.88 ABACx44@50.88 ACCOx44@50.88 ACADx44@50.88 ADBEx44@50.88 
Value: 11313.12
Sales: ABCDx44@50.88 ABACx44@50.88 ACCOx44@50.88 ACADx44@50.88 ADBEx44@50.88 
Purchases: ABCDx44@50.88 ABACx44@50.88 ACCOx44@50.88 ACADx44@50.88 ADBEx44@50.88 

2013-11-13
Cash: 120.62
Held: ABCDx44@51.19 ABACx44@51.19 ACCOx44@51.19 ACADx44@51.19 ADBEx44@51.19 
Value: 11381.88
Sales: ABCDx44@51.19 ABACx44@51.19 ACCOx44@51.19 ACADx44@51.19 ADBEx44@51.19 
Purchases: ABCDx44@51.19 ABACx44@51.19 ACCOx44@51.19 ACADx44@51.19 ADBEx44@51.19 

2013-11-14
Cash: 120.62
Held: ABCDx44@54.03 ABACx44@54.03 ACCOx44@54.03 ACADx44@54.03 ADBEx44@54.03 
Value: 12007.50
Sales: ABCDx44@54.03 ABACx44@54.03 ACCOx44@54.03 ACADx44@54.03 ADBEx44@54.03 
Purchases: ABCDx44@54.03 ABACx44@54.03 ACCOx44@54.03 ACADx44@54.03 ADBEx44@54.03 

2013-11-17
Cash: 120.62
Held: ABCDx44@54.44 ABACx44@54.44 ACCOx44@54.44 ACADx44@54.44 ADBEx44@54.44 
Value: 12096.88
Sales: ABCDx44@54.44 ABACx44@54.44 ACCOx44@54.44 ACADx44@54.44 ADBEx44@54.44 
Purchases: ABCDx44@54.44 ABACx44@54.44 ACCOx44@54.44 ACADx44@54.44 ADBEx44@54.44 

2013-11-18
Cash: 120.62
Held: ABCDx44@53.66 ABACx44@53.66 ACCOx44@53.66 ACADx44@53.66 ADBEx44@53.66 
Value: 11925.00
Sales: ABCDx44@53.66 ABACx44@53.66 ACCOx44@53.66 ACADx44@53.66 ADBEx44@53.66 
Purchases: ABCDx44@53.66 ABACx44@53.66 ACCOx44@53.66 ACADx44@53.66 ADBEx44@53.66 

2013-11-19
Cash: 120.62
Held: ABCDx44@53.84 ABACx44@53.84 ACCOx44@53.84 ACADx44@53.84 ADBEx44@53.84 
Value: 11966.25
Sales: ABCDx44@53.84 ABACx44@53.84 ACCOx44@53.84 ACADx44@53.84 ADBEx44@53.84 
Purchases: ABCDx44@53.84 ABACx44@53.84 ACCOx44@53.84 ACADx44@53.84 ADBEx44@53.84 

2013-11-20
Cash: 120.62
Held: ABCDx44@53.81 ABACx44@53.81 ACCOx44@53.81 ACADx44@53.81 ADBEx44@53.81 
Value: 11959.38
Sales: ABCDx44@53.81 ABACx44@53.81 ACCOx44@53.81 ACADx44@53.81 ADBEx44@53.81 
Purchases: ABCDx44@53.81 ABACx44@53.81 ACCOx44@53.81 ACADx44@53.81 ADBEx44@53.81 

2013-11-21
Cash: 120.62
Held: ABCDx44@54.09 ABACx44@54.09 ACCOx44@54.09 ACADx44@54.09 ADBEx44@54.09 
Value: 12021.25
Sales: ABCDx44@54.09 ABACx44@54.09 ACCOx44@54.09 ACADx44@54.09 ADBEx44@54.09 
Purchases: ABCDx44@54.09 ABACx44@54.09 ACCOx44@54.09 ACADx44@54.09 ADBEx44@54.09 

2013-11-24
Cash: 120.62
Held: ABCDx44@54.12 ABACx44@54.12 ACCOx44@54.12 ACADx44@54.12 ADBEx44@54.12 
Value: 12028.12
Sales: ABCDx44@54.12 ABACx44@54.12 ACCOx44@54.12 ACADx44@54.12 ADBEx44@54.12 
Purchases: ABCDx44@54.12 ABACx44@54.12 ACCOx44@54.12 ACADx44@54.12 ADBEx44@54.12 

2013-11-25
Cash: 120.62
Held: ABCDx44@53.25 ABACx44@53.25 ACCOx44@53.25 ACADx44@53.25 ADBEx44@53.25 
Value: 11835.62
Sales: ABCDx44@53.25 ABACx44@53.25 ACCOx44@53.25 ACADx44@53.25 ADBEx44@53.25 
Purchases: ABCDx44@53.25 ABACx44@53.25 ACCOx44@53.25 ACADx44@53.25 ADBEx44@53.25 

2013-11-26
Cash: 120.62
Held: ABCDx44@53.78 ABACx44@53.78 ACCOx44@53.78 ACADx44@53.78 ADBEx44@53.78 
Value: 11952.50
Sales: ABCDx44@53.78 ABACx44@53.78 ACCOx44@53.78 ACADx44@53.78 ADBEx44@53.78 
Purchases: ABCDx44@53.78 ABACx44@53.78 ACCOx44@53.78 ACADx44@53.78 ADBEx44@53.78 

2013-11-28
Cash: 120.62
Held: ABCDx44@53.84 ABACx44@53.84 ACCOx44@53.84 ACADx44@53.84 ADBEx44@53.84 
Value: 11966.25
Sales: ABCDx44@53.84 ABACx44@53.84 ACCOx44@53.84 ACADx44@53.84 ADBEx44@53.84 
Purchases: ABCDx44@53.84 ABACx44@53.84 ACCOx44@53.84 ACADx44@53.84 ADBEx44@53.84 

2013-12-01
Cash: 120.62
Held: ABCDx44@53.47 ABACx44@53.47 ACCOx44@53.47 ACADx44@53.47 ADBEx44@53.47 
Value: 11883.75
Sales: ABCDx44@53.47 ABACx44@53.47 ACCOx44@53.47 ACADx44@53.47 ADBEx44@53.47 
Purchases: ABCDx44@53.47 ABACx44@53.47 ACCOx44@53.47 ACADx44@53.47 ADBEx44@53.47 

2013-12-02
Cash: 120.62
Held: ABCDx44@52.91 ABACx44@52.91 ACCOx44@52.91 ACADx44@52.91 ADBEx44@52.91 
Value: 11760.00
Sales: ABCDx44@52.91 ABACx44@52.91 ACCOx44@52.91 ACADx44@52.91 ADBEx44@52.91 
Purchases: ABCDx44@52.91 ABACx44@52.91 ACCOx44@52.91 ACADx44@52.91 ADBEx44@52.91 

2013-12-03
Cash: 120.62
Held: ABCDx44@52.84 ABACx44@52.84 ACCOx44@52.84 ACADx44@52.84 ADBEx44@52.84 
Value: 11746.25
Sales: ABCDx44@52.84 ABACx44@52.84 ACCOx44@52.84 ACADx44@52.84 ADBEx44@52.84 
Purchases: ABCDx44@52.84 ABACx44@52.84 ACCOx44@52.84 ACADx44@52.84 ADBEx44@52.84 

2013-12-04
Cash: 120.62
Held: ABCDx44@53.34 ABACx44@53.34 ACCOx44@53.34 ACADx44@53.34 ADBEx44@53.34 
Value: 11856.25
Sales: ABCDx44@53.34 ABACx44@53.34 ACCOx44@53.34 ACADx44@53.34 ADBEx44@53.34 
Purchases: ABCDx44@53.34 ABACx44@53.34 ACCOx44@53.34 ACADx44@53.34 ADBEx44@53.34 

2013-12-05
Cash: 120.62
Held: ABCDx44@53.75 ABACx44@53.75 ACCOx44@53.75 ACADx44@53.75 ADBEx44@53.75 
Value: 11945.62
Sales: ABCDx44@53.75 ABACx44@53.75 ACCOx44@53.75 ACADx44@53.75 ADBEx44@53.75 
Purchases: ABCDx44@53.75 ABACx44@53.75 ACCOx44@53.75 ACADx44@53.75 ADBEx44@53.75 

2013-12-08
Cash: 120.62
Held: ABCDx44@54.81 ABACx44@54.81 ACCOx44@54.81 ACADx44@54.81 ADBEx44@54.81 
Value: 12179.38
Sales: ABCDx44@54.81 ABACx44@54.81 ACCOx44@54.81 ACADx44@54.81 ADBEx44@54.81 
Purchases: ABCDx44@54.81 ABACx44@54.81 ACCOx44@54.81 ACADx44@54.81 ADBEx44@54.81 

2013-12-09
Cash: 120.62
Held: ABCDx44@54.91 ABACx44@54.91 ACCOx44@54.91 ACADx44@54.91 ADBEx44@54.91 
Value: 12200.00
Sales: ABCDx44@54.91 ABACx44@54.91 ACCOx44@54.91 ACADx44@54.91 ADBEx44@54.91 
Purchases: ABCDx44@54.91 ABACx44@54.91 ACCOx44@54.91 ACADx44@54.91 ADBEx44@54.91 

2013-12-10
Cash: 120.62
Held: ABCDx44@55.28 ABACx44@55.28 ACCOx44@55.28 ACADx44@55.28 ADBEx44@55.28 
Value: 12282.50
Sales: ABCDx44@55.28 ABACx44@55.28 ACCOx44@55.28 ACADx44@55.28 ADBEx44@55.28 
Purchases: ABCDx44@55.28 ABACx44@55.28 ACCOx44@55.28 ACADx44@55.28 ADBEx44@55.28 

2013-12-11
Cash: 120.62
Held: ABCDx44@54.62 ABACx44@54.62 ACCOx44@54.62 ACADx44@54.62 ADBEx44@54.62 
Value: 12138.12
Sales: ABCDx44@54.62 ABACx44@54.62 ACCOx44@54.62 ACADx44@54.62 ADBEx44@54.62 
Purchases: ABCDx44@54.62 ABACx44@54.62 ACCOx44@54.62 ACADx44@54.62 ADBEx44@54.62 

2013-12-12
Cash: 120.62
Held: ABCDx44@55.38 ABACx44@55.38 ACCOx44@55.38 ACADx44@55.38 ADBEx44@55.38 
Value: 12303.12
Sales: ABCDx44@55.38 ABACx44@55.38 ACCOx44@55.38 ACADx44@55.38 ADBEx44@55.38 
Purchases: ABCDx44@55.38 ABACx44@55.38 ACCOx44@55.38 ACADx44@55.38 ADBEx44@55.38 

2013-12-15
Cash: 120.62
Held: ABCDx44@55.25 ABACx44@55.25 ACCOx44@55.25 ACADx44@55.25 ADBEx44@55.25 
Value: 12275.62
Sales: ABCDx44@55.25 ABACx44@55.25 ACCOx44@55.25 ACADx44@55.25 ADBEx44@55.25 
Purchases: ABCDx44@55.25 ABACx44@55.25 ACCOx44@55.25 ACADx44@55.25 ADBEx44@55.25 

2013-12-16
Cash: 120.62
Held: ABCDx44@56.22 ABACx44@56.22 ACCOx44@56.22 ACADx44@56.22 ADBEx44@56.22 
Value: 12488.75
Sales: ABCDx44@56.22 ABACx44@56.22 ACCOx44@56.22 ACADx44@56.22 ADBEx44@56.22 
Purchases: ABCDx44@56.22 ABACx44@56.22 ACCOx44@56.22 ACADx44@56.22 ADBEx44@56.22 

2013-12-17
Cash: 120.62
Held: ABCDx44@56.50 ABACx44@56.50 ACCOx44@56.50 ACADx44@56.50 ADBEx44@56.50 
Value: 12550.62
Sales: ABCDx44@56.50 ABACx44@56.50 ACCOx44@56.50 ACADx44@56.50 ADBEx44@56.50 
Purchases: ABCDx44@56.50 ABACx44@56.50 ACCOx44@56.50 ACADx44@56.50 ADBEx44@56.50 

2013-12-18
Cash: 120.62
Held: ABCDx44@57.56 ABACx44@57.56 ACCOx44@57.56 ACADx44@57.56 ADBEx44@57.56 
Value: 12784.38
Sales: ABCDx44@57.56 ABACx44@57.56 ACCOx44@57.56 ACADx44@57.56 ADBEx44@57.56 
Purchases: ABCDx44@57.56 ABACx44@57.56 ACCOx44@57.56 ACADx44@57.56 ADBEx44@57.56 

2013-12-19
Cash: 120.62
Held: ABCDx44@57.47 ABACx44@57.47 ACCOx44@57.47 ACADx44@57.47 ADBEx44@57.47 
Value: 12763.75
Sales: ABCDx44@57.47 ABACx44@57.47 ACCOx44@57.47 ACADx44@57.47 ADBEx44@57.47 
Purchases: ABCDx44@57.47 ABACx44@57.47 ACCOx44@57.47 ACADx44@57.47 ADBEx44@57.47 

2013-12-22
Cash: 120.62
Held: ABCDx44@57.44 ABACx44@57.44 ACCOx44@57.44 ACADx44@57.44 ADBEx44@57.44 
Value: 12756.88
Sales: ABCDx44@57.44 ABACx44@57.44 ACCOx44@57.44 ACADx44@57.44 ADBEx44@57.44 
Purchases: ABCDx44@57.44 ABACx44@57.44 ACCOx44@57.44 ACADx44@57.44 ADBEx44@57.44 

2013-12-23
Cash: 120.62
Held: ABCDx44@57.50 ABACx44@57.50 ACCOx44@57.50 ACADx44@57.50 ADBEx44@57.50 
Value: 12770.62
Sales: ABCDx44@57.50 ABACx44@57.50 ACCOx44@57.50 ACADx44@57.50 ADBEx44@57.50 
Purchases: ABCDx44@57.50 ABACx44@57.50 ACCOx44@57.50 ACADx44@57.50 ADBEx44@57.50 

2013-12-25
Cash: 120.62
Held: ABCDx44@57.25 ABACx44@57.25 ACCOx44@57.25 ACADx44@57.25 ADBEx44@57.25 
Value: 12715.62
Sales: ABCDx44@57.25 ABACx44@57.25 ACCOx44@57.25 ACADx44@57.25 ADBEx44@57.25 
Purchases: ABCDx44@57.25 ABACx44@57.25 ACCOx44@57.25 ACADx44@57.25 ADBEx44@57.25 

2013-12-26
Cash: 120.62
Held: ABCDx44@57.22 ABACx44@57.22 ACCOx44@57.22 ACADx44@57.22 ADBEx44@57.22 
Value: 12708.75
Sales: ABCDx44@57.22 ABACx44@57.22 ACCOx44@57.22 ACADx44@57.22 ADBEx44@57.22 
Purchases: ABCDx44@57.22 ABACx44@57.22 ACCOx44@57.22 ACADx44@57.22 ADBEx44@57.22 

2013-12-29
Cash: 120.62
Held: ABCDx44@57.06 ABACx44@57.06 ACCOx44@57.06 ACADx44@57.06 ADBEx44@57.06 
Value: 12674.38
Sales: ABCDx44@57.06 ABACx44@57.06 ACCOx44@57.06 ACADx44@57.06 ADBEx44@57.06 
Purchases: ABCDx44@57.06 ABACx44@57.06 ACCOx44@57.06 ACADx44@57.06 ADBEx44@57.06 

2013-12-30
Cash: 120.62
Held: ABCDx44@57.44 ABACx44@57.44 ACCOx44@57.44 ACADx44@57.44 ADBEx44@57.44 
Value: 12756.88
Sales: ABCDx44@57.44 ABACx44@57.44 ACCOx44@57.44 ACADx44@57.44 ADBEx44@57.44 
Purchases: ABCDx44@57.44 ABACx44@57.44 ACCOx44@57.44 ACADx44@57.44 ADBEx44@57.44 

2014-01-01
Cash: 120.62
Held: ABCDx44@57.09 ABACx44@57.09 ACCOx44@57.09 ACADx44@57.09 ADBEx44@57.09 
Value: 12681.25
Sales: ABCDx44@57.09 ABACx44@57.09 ACCOx44@57.09 ACADx44@57.09 ADBEx44@57.09 
Purchases: ABCDx44@57.09 ABACx44@57.09 ACCOx44@57.09 ACADx44@57.09 ADBEx44@57.09 

2014-01-02
Cash: 120.62
Held: ABCDx44@56.38 ABACx44@56.38 ACCOx44@56.38 ACADx44@56.38 ADBEx44@56.38 
Value: 12523.12
Sales: ABCDx44@56.38 ABACx44@56.38 ACCOx44@56.38 ACADx44@56.38 ADBEx44@56.38 
Purchases: ABCDx44@56.38 ABACx44@56.38 ACCOx44@56.38 ACADx44@56.38 ADBEx44@56.38 

2014-01-05
Cash: 120.62
Held: ABCDx44@57.41 ABACx44@57.41 ACCOx44@57.41 ACADx44@57.41 ADBEx44@57.41 
Value: 12750.00
Sales: ABCDx44@57.41 ABACx44@57.41 ACCOx44@57.41 ACADx44@57.41 ADBEx44@57.41 
Purchases: ABCDx44@57.41 ABACx44@57.41 ACCOx44@57.41 ACADx44@57.41 ADBEx44@57.41 

2014-01-06
Cash: 120.62
Held: ABCDx44@56.94 ABACx44@56.94 ACCOx44@56.94 ACADx44@56.94 ADBEx44@56.94 
Value: 12646.88
Sales: ABCDx44@56.94 ABACx44@56.94 ACCOx44@56.94 ACADx44@56.94 ADBEx44@56.94 
Purchases: ABCDx44@56.94 ABACx44@56.94 ACCOx44@56.94 ACADx44@56.94 ADBEx44@56.94 

2014-01-07
Cash: 120.62
Held: ABCDx44@57.34 ABACx44@57.34 ACCOx44@57.34 ACADx44@57.34 ADBEx44@57.34 
Value: 12736.25
Sales: ABCDx44@57.34 ABACx44@57.34 ACCOx44@57.34 ACADx44@57.34 ADBEx44@57.34 
Purchases: ABCDx44@57.34 ABACx44@57.34 ACCOx44@57.34 ACADx44@57.34 ADBEx44@57.34 

2014-01-08
Cash: 120.62
Held: ABCDx44@58.41 ABACx44@58.41 ACCOx44@58.41 ACADx44@58.41 ADBEx44@58.41 
Value: 12970.00
Sales: ABCDx44@58.41 ABACx44@58.41 ACCOx44@58.41 ACADx44@58.41 ADBEx44@58.41 
Purchases: ABCDx44@58.41 ABACx44@58.41 ACCOx44@58.41 ACADx44@58.41 ADBEx44@58.41 

2014-01-09
Cash: 120.62
Held: ABCDx44@58.50 ABACx44@58.50 ACCOx44@58.50 ACADx44@58.50 ADBEx44@58.50 
Value: 12990.62
Sales: ABCDx44@58.50 ABACx44@58.50 ACCOx44@58.50 ACADx44@58.50 ADBEx44@58.50 
Purchases: ABCDx44@58.50 ABACx44@58.50 ACCOx44@58.50 ACADx44@58.50 ADBEx44@58.50 

2014-01-12
Cash: 120.62
Held: ABCDx44@58.78 ABACx44@58.78 ACCOx44@58.78 ACADx44@58.78 ADBEx44@58.78 
Value: 13052.50
Sales: ABCDx44@58.78 ABACx44@58.78 ACCOx44@58.78 ACADx44@58.78 ADBEx44@58.78 
Purchases: ABCDx44@58.78 ABACx44@58.78 ACCOx44@58.78 ACADx44@58.78 ADBEx44@58.78 

2014-01-13
Cash: 120.62
Held: ABCDx44@59.16 ABACx44@59.16 ACCOx44@59.16 ACADx44@59.16 ADBEx44@59.16 
Value: 13135.00
Sales: ABCDx44@59.16 ABACx44@59.16 ACCOx44@59.16 ACADx44@59.16 ADBEx44@59.16 
Purchases: ABCDx44@59.16 ABACx44@59.16 ACCOx44@59.16 ACADx44@59.16 ADBEx44@59.16 

2014-01-14
Cash: 120.62
Held: ABCDx44@59.81 ABACx44@59.81 ACCOx44@59.81 ACADx44@59.81 ADBEx44@59.81 
Value: 13279.38
Sales: ABCDx44@59.81 ABACx44@59.81 ACCOx44@59.81 ACADx44@59.81 ADBEx44@59.81 
Purchases: ABCDx44@59.81 ABACx44@59.81 ACCOx44@59.81 ACADx44@59.81 ADBEx44@59.81 

2014-01-15
Cash: 120.62
Held: ABCDx44@60.25 ABACx44@60.25 ACCOx44@60.25 ACADx44@60.25 ADBEx44@60.25 
Value: 13375.62
Sales: ABCDx44@60.25 ABACx44@60.25 ACCOx44@60.25 ACADx44@60.25 ADBEx44@60.25 
Purchases: ABCDx44@60.25 ABACx44@60.25 ACCOx44@60.25 ACADx44@60.25 ADBEx44@60.25 

2014-01-16
Cash: 120.62
Held: ABCDx44@60.84 ABACx44@60.84 ACCOx44@60.84 ACADx44@60.84 ADBEx44@60.84 
Value: 13506.25
Sales: ABCDx44@60.84 ABACx44@60.84 ACCOx44@60.84 ACADx44@60.84 ADBEx44@60.84 
Purchases: ABCDx44@60.84 ABACx44@60.84 ACCOx44@60.84 ACADx44@60.84 ADBEx44@60.84 

2014-01-20
Cash: 120.62
Held: ABCDx44@60.69 ABACx44@60.69 ACCOx44@60.69 ACADx44@60.69 ADBEx44@60.69 
Value: 13471.88
Sales: ABCDx44@60.69 ABACx44@60.69 ACCOx44@60.69 ACADx44@60.69 ADBEx44@60.69 
Purchases: ABCDx44@60.69 ABACx44@60.69 ACCOx44@60.69 ACADx44@60.69 ADBEx44@60.69 

2014-01-21
Cash: 120.62
Held: ABCDx44@60.81 ABACx44@60.81 ACCOx44@60.81 ACADx44@60.81 ADBEx44@60.81 
Value: 13499.38
Sales: ABCDx44@60.81 ABACx44@60.81 ACCOx44@60.81 ACADx44@60.81 ADBEx44@60.81 
Purchases: ABCDx44@60.81 ABACx44@60.81 ACCOx44@60.81 ACADx44@60.81 ADBEx44@60.81 

2014-01-22
Cash: 120.62
Held: ABCDx44@60.47 ABACx44@60.47 ACCOx44@60.47 ACADx44@60.47 ADBEx44@60.47 
Value: 13423.75
Sales: ABCDx44@60.47 ABACx44@60.47 ACCOx44@60.47 ACADx44@60.47 ADBEx44@60.47 
Purchases: ABCDx44@60.47 ABACx44@60.47 ACCOx44@60.47 ACADx44@60.47 ADBEx44@60.47 

2014-01-23
Cash: 120.62
Held: ABCDx44@59.22 ABACx44@59.22 ACCOx44@59.22 ACADx44@59.22 ADBEx44@59.22 
Value: 13148.75
Sales: ABCDx44@59.22 ABACx44@59.22 ACCOx44@59.22 ACADx44@59.22 ADBEx44@59.22 
Purchases: ABCDx44@59.22 ABACx44@59.22 ACCOx44@59.22 ACADx44@59.22 ADBEx44@59.22 

2014-01-26
Cash: 120.62
Held: ABCDx44@57.91 ABACx44@57.91 ACCOx44@57.91 ACADx44@57.91 ADBEx44@57.91 
Value: 12860.00
Sales: ABCDx44@57.91 ABACx44@57.91 ACCOx44@57.91 ACADx44@57.91 ADBEx44@57.91 
Purchases: ABCDx44@57.91 ABACx44@57.91 ACCOx44@57.91 ACADx44@57.91 ADBEx44@57.91 

2014-01-27
Cash: 120.62
Held: ABCDx44@58.50 ABACx44@58.50 ACCOx44@58.50 ACADx44@58.50 ADBEx44@58.50 
Value: 12990.62
Sales: ABCDx44@58.50 ABACx44@58.50 ACCOx44@58.50 ACADx44@58.50 ADBEx44@58.50 
Purchases: ABCDx44@58.50 ABACx44@58.50 ACCOx44@58.50 ACADx44@58.50 ADBEx44@58.50 

2014-01-28
Cash: 120.62
Held: ABCDx44@57.66 ABACx44@57.66 ACCOx44@57.66 ACADx44@57.66 ADBEx44@57.66 
Value: 12805.00
Sales: ABCDx44@57.66 ABACx44@57.66 ACCOx44@57.66 ACADx44@57.66 ADBEx44@57.66 
Purchases: ABCDx44@57.66 ABACx44@57.66 ACCOx44@57.66 ACADx44@57.66 ADBEx44@57.66 

2014-01-29
Cash: 120.62
Held: ABCDx44@58.41 ABACx44@58.41 ACCOx44@58.41 ACADx44@58.41 ADBEx44@58.41 
Value: 12970.00
Sales: ABCDx44@58.41 ABACx44@58.41 ACCOx44@58.41 ACADx44@58.41 ADBEx44@58.41 
Purchases: ABCDx44@58.41 ABACx44@58.41 ACCOx44@58.41 ACADx44@58.41 ADBEx44@58.41 

2014-01-30
Cash: 120.62
Held: ABCDx44@58.62 ABACx44@58.62 ACCOx44@58.62 ACADx44@58.62 ADBEx44@58.62 
Value: 13018.12
Sales: ABCDx44@58.62 ABACx44@58.62 ACCOx44@58.62 ACADx44@58.62 ADBEx44@58.62 
Purchases: ABCDx44@58.62 ABACx44@58.62 ACCOx44@58.62 ACADx44@58.62 ADBEx44@58.62 

2014-02-02
Cash: 120.62
Held: ABCDx44@58.16 ABACx44@58.16 ACCOx44@58.16 ACADx44@58.16 ADBEx44@58.16 
Value: 12915.00
Sales: ABCDx44@58.16 ABACx44@58.16 ACCOx44@58.16 ACADx44@58.16 ADBEx44@58.16 
Purchases: ABCDx44@58.16 ABACx44@58.16 ACCOx44@58.16 ACADx44@58.16 ADBEx44@58.16 

2014-02-03
Cash: 120.62
Held: ABCDx44@56.31 ABACx44@56.31 ACCOx44@56.31 ACADx44@56.31 ADBEx44@56.31 
Value: 12509.38
Sales: ABCDx44@56.31 ABACx44@56.31 ACCOx44@56.31 ACADx44@56.31 ADBEx44@56.31 
Purchases: ABCDx44@56.31 ABACx44@56.31 ACCOx44@56.31 ACADx44@56.31 ADBEx44@56.31 

