2014-04-16
Cash: 10000.00
Held: 
Value: 10000.00
Sales: 
Purchases: ABCDx37@53.75 ABACx37@53.75 ACCOx37@53.75 ACADx37@53.75 ADBEx37@53.75 

2014-04-20
Cash: 56.25
Held: ABCDx37@54.62 ABACx37@54.62 ACCOx37@54.62 ACADx37@54.62 ADBEx37@54.62 
Value: 10161.88
Sales: ABCDx37@54.62 ABACx37@54.62 ACCOx37@54.62 ACADx37@54.62 ADBEx37@54.62 
Purchases: ABCDx37@54.62 ABACx37@54.62 ACCOx37@54.62 ACADx37@54.62 ADBEx37@54.62 

2014-04-21
Cash: 56.25
Held: ABCDx37@54.69 ABACx37@54.69 ACCOx37@54.69 ACADx37@54.69 ADBEx37@54.69 
Value: 10173.44
Sales: ABCDx37@54.69 ABACx37@54.69 ACCOx37@54.69 ACADx37@54.69 ADBEx37@54.69 
Purchases: ABCDx37@54.69 ABACx37@54.69 ACCOx37@54.69 ACADx37@54.69 ADBEx37@54.69 

2014-04-22
Cash: 56.25
Held: ABCDx37@54.84 ABACx37@54.84 ACCOx37@54.84 ACADx37@54.84 ADBEx37@54.84 
Value: 10202.34
Sales: ABCDx37@54.84 ABACx37@54.84 ACCOx37@54.84 ACADx37@54.84 ADBEx37@54.84 
Purchases: ABCDx37@54.84 ABACx37@54.84 ACCOx37@54.84 ACADx37@54.84 ADBEx37@54.84 

2014-04-23
Cash: 56.25
Held: ABCDx37@55.22 ABACx37@55.22 ACCOx37@55.22 ACADx37@55.22 ADBEx37@55.22 
Value: 10271.72
Sales: ABCDx37@55.22 ABACx37@55.22 ACCOx37@55.22 ACADx37@55.22 ADBEx37@55.22 
Purchases: ABCDx37@55.22 ABACx37@55.22 ACCOx37@55.22 ACADx37@55.22 ADBEx37@55.22 

2014-04-24
Cash: 56.25
Held: ABCDx37@55.25 ABACx37@55.25 ACCOx37@55.25 ACADx37@55.25 ADBEx37@55.25 
Value: 10277.50
Sales: ABCDx37@55.25 ABACx37@55.25 ACCOx37@55.25 ACADx37@55.25 ADBEx37@55.25 
Purchases: ABCDx37@55.25 ABACx37@55.25 ACCOx37@55.25 ACADx37@55.25 ADBEx37@55.25 

2014-04-27
Cash: 56.25
Held: ABCDx37@54.84 ABACx37@54.84 ACCOx37@54.84 ACADx37@54.84 ADBEx37@54.84 
Value: 10202.34
Sales: ABCDx37@54.84 ABACx37@54.84 ACCOx37@54.84 ACADx37@54.84 ADBEx37@54.84 
Purchases: ABCDx37@54.84 ABACx37@54.84 ACCOx37@54.84 ACADx37@54.84 ADBEx37@54.84 

2014-04-28
Cash: 56.25
Held: ABCDx37@53.28 ABACx37@53.28 ACCOx37@53.28 ACADx37@53.28 ADBEx37@53.28 
Value: 9913.28
Sales: ABCDx37@53.28 ABACx37@53.28 ACCOx37@53.28 ACADx37@53.28 ADBEx37@53.28 
Purchases: ABCDx37@53.28 ABACx37@53.28 ACCOx37@53.28 ACADx37@53.28 ADBEx37@53.28 

2014-04-29
Cash: 56.25
Held: ABCDx37@53.44 ABACx37@53.44 ACCOx37@53.44 ACADx37@53.44 ADBEx37@53.44 
Value: 9942.19
Sales: ABCDx37@53.44 ABACx37@53.44 ACCOx37@53.44 ACADx37@53.44 ADBEx37@53.44 
Purchases: ABCDx37@53.44 ABACx37@53.44 ACCOx37@53.44 ACADx37@53.44 ADBEx37@53.44 

2014-04-30
Cash: 56.25
Held: ABCDx37@53.94 ABACx37@53.94 ACCOx37@53.94 ACADx37@53.94 ADBEx37@53.94 
Value: 10034.69
Sales: ABCDx37@53.94 ABACx37@53.94 ACCOx37@53.94 ACADx37@53.94 ADBEx37@53.94 
Purchases: ABCDx37@53.94 ABACx37@53.94 ACCOx37@53.94 ACADx37@53.94 ADBEx37@53.94 

2014-05-01
Cash: 56.25
Held: ABCDx37@54.50 ABACx37@54.50 ACCOx37@54.50 ACADx37@54.50 ADBEx37@54.50 
Value: 10138.75
Sales: ABCDx37@54.50 ABACx37@54.50 ACCOx37@54.50 ACADx37@54.50 ADBEx37@54.50 
Purchases: ABCDx37@54.50 ABACx37@54.50 ACCOx37@54.50 ACADx37@54.50 ADBEx37@54.50 

2014-05-04
Cash: 56.25
Held: ABCDx37@54.31 ABACx37@54.31 ACCOx37@54.31 ACADx37@54.31 ADBEx37@54.31 
Value: 10104.06
Sales: ABCDx37@54.31 ABACx37@54.31 ACCOx37@54.31 ACADx37@54.31 ADBEx37@54.31 
Purchases: ABCDx37@54.31 ABACx37@54.31 ACCOx37@54.31 ACADx37@54.31 ADBEx37@54.31 

2014-05-05
Cash: 56.25
Held: ABCDx37@55.09 ABACx37@55.09 ACCOx37@55.09 ACADx37@55.09 ADBEx37@55.09 
Value: 10248.59
Sales: ABCDx37@55.09 ABACx37@55.09 ACCOx37@55.09 ACADx37@55.09 ADBEx37@55.09 
Purchases: ABCDx37@55.09 ABACx37@55.09 ACCOx37@55.09 ACADx37@55.09 ADBEx37@55.09 

2014-05-06
Cash: 56.25
Held: ABCDx37@55.12 ABACx37@55.12 ACCOx37@55.12 ACADx37@55.12 ADBEx37@55.12 
Value: 10254.38
Sales: ABCDx37@55.12 ABACx37@55.12 ACCOx37@55.12 ACADx37@55.12 ADBEx37@55.12 
Purchases: ABCDx37@55.12 ABACx37@55.12 ACCOx37@55.12 ACADx37@55.12 ADBEx37@55.12 

2014-05-07
Cash: 56.25
Held: ABCDx37@55.03 ABACx37@55.03 ACCOx37@55.03 ACADx37@55.03 ADBEx37@55.03 
Value: 10237.03
Sales: ABCDx37@55.03 ABACx37@55.03 ACCOx37@55.03 ACADx37@55.03 ADBEx37@55.03 
Purchases: ABCDx37@55.03 ABACx37@55.03 ACCOx37@55.03 ACADx37@55.03 ADBEx37@55.03 

2014-05-08
Cash: 56.25
Held: ABCDx37@55.25 ABACx37@55.25 ACCOx37@55.25 ACADx37@55.25 ADBEx37@55.25 
Value: 10277.50
Sales: ABCDx37@55.25 ABACx37@55.25 ACCOx37@55.25 ACADx37@55.25 ADBEx37@55.25 
Purchases: ABCDx37@55.25 ABACx37@55.25 ACCOx37@55.25 ACADx37@55.25 ADBEx37@55.25 

2014-05-11
Cash: 56.25
Held: ABCDx37@55.59 ABACx37@55.59 ACCOx37@55.59 ACADx37@55.59 ADBEx37@55.59 
Value: 10341.09
Sales: ABCDx37@55.59 ABACx37@55.59 ACCOx37@55.59 ACADx37@55.59 ADBEx37@55.59 
Purchases: ABCDx37@55.59 ABACx37@55.59 ACCOx37@55.59 ACADx37@55.59 ADBEx37@55.59 

2014-05-12
Cash: 56.25
Held: ABCDx37@56.62 ABACx37@56.62 ACCOx37@56.62 ACADx37@56.62 ADBEx37@56.62 
Value: 10531.88
Sales: ABCDx37@56.62 ABACx37@56.62 ACCOx37@56.62 ACADx37@56.62 ADBEx37@56.62 
Purchases: ABCDx37@56.62 ABACx37@56.62 ACCOx37@56.62 ACADx37@56.62 ADBEx37@56.62 

2014-05-13
Cash: 56.25
Held: ABCDx37@56.78 ABACx37@56.78 ACCOx37@56.78 ACADx37@56.78 ADBEx37@56.78 
Value: 10560.78
Sales: ABCDx37@56.78 ABACx37@56.78 ACCOx37@56.78 ACADx37@56.78 ADBEx37@56.78 
Purchases: ABCDx37@56.78 ABACx37@56.78 ACCOx37@56.78 ACADx37@56.78 ADBEx37@56.78 

2014-05-14
Cash: 56.25
Held: ABCDx37@54.59 ABACx37@54.59 ACCOx37@54.59 ACADx37@54.59 ADBEx37@54.59 
Value: 10156.09
Sales: ABCDx37@54.59 ABACx37@54.59 ACCOx37@54.59 ACADx37@54.59 ADBEx37@54.59 
Purchases: ABCDx37@54.59 ABACx37@54.59 ACCOx37@54.59 ACADx37@54.59 ADBEx37@54.59 

2014-05-15
Cash: 56.25
Held: ABCDx37@54.38 ABACx37@54.38 ACCOx37@54.38 ACADx37@54.38 ADBEx37@54.38 
Value: 10115.62
Sales: ABCDx37@54.38 ABACx37@54.38 ACCOx37@54.38 ACADx37@54.38 ADBEx37@54.38 
Purchases: ABCDx37@54.38 ABACx37@54.38 ACCOx37@54.38 ACADx37@54.38 ADBEx37@54.38 

2014-05-18
Cash: 56.25
Held: ABCDx37@54.91 ABACx37@54.91 ACCOx37@54.91 ACADx37@54.91 ADBEx37@54.91 
Value: 10213.91
Sales: ABCDx37@54.91 ABACx37@54.91 ACCOx37@54.91 ACADx37@54.91 ADBEx37@54.91 
Purchases: ABCDx37@54.91 ABACx37@54.91 ACCOx37@54.91 ACADx37@54.91 ADBEx37@54.91 

2014-05-19
Cash: 56.25
Held: ABCDx37@54.88 ABACx37@54.88 ACCOx37@54.88 ACADx37@54.88 ADBEx37@54.88 
Value: 10208.12
Sales: ABCDx37@54.88 ABACx37@54.88 ACCOx37@54.88 ACADx37@54.88 ADBEx37@54.88 
Purchases: ABCDx37@54.88 ABACx37@54.88 ACCOx37@54.88 ACADx37@54.88 ADBEx37@54.88 

2014-05-20
Cash: 56.25
Held: ABCDx37@54.59 ABACx37@54.59 ACCOx37@54.59 ACADx37@54.59 ADBEx37@54.59 
Value: 10156.09
Sales: ABCDx37@54.59 ABACx37@54.59 ACCOx37@54.59 ACADx37@54.59 ADBEx37@54.59 
Purchases: ABCDx37@54.59 ABACx37@54.59 ACCOx37@54.59 ACADx37@54.59 ADBEx37@54.59 

2014-05-21
Cash: 56.25
Held: ABCDx37@55.00 ABACx37@55.00 ACCOx37@55.00 ACADx37@55.00 ADBEx37@55.00 
Value: 10231.25
Sales: ABCDx37@55.00 ABACx37@55.00 ACCOx37@55.00 ACADx37@55.00 ADBEx37@55.00 
Purchases: ABCDx37@55.00 ABACx37@55.00 ACCOx37@55.00 ACADx37@55.00 ADBEx37@55.00 

2014-05-22
Cash: 56.25
Held: ABCDx37@55.66 ABACx37@55.66 ACCOx37@55.66 ACADx37@55.66 ADBEx37@55.66 
Value: 10352.66
Sales: ABCDx37@55.66 ABACx37@55.66 ACCOx37@55.66 ACADx37@55.66 ADBEx37@55.66 
Purchases: ABCDx37@55.66 ABACx37@55.66 ACCOx37@55.66 ACADx37@55.66 ADBEx37@55.66 

2014-05-26
Cash: 56.25
Held: ABCDx37@56.31 ABACx37@56.31 ACCOx37@56.31 ACADx37@56.31 ADBEx37@56.31 
Value: 10474.06
Sales: ABCDx37@56.31 ABACx37@56.31 ACCOx37@56.31 ACADx37@56.31 ADBEx37@56.31 
Purchases: ABCDx37@56.31 ABACx37@56.31 ACCOx37@56.31 ACADx37@56.31 ADBEx37@56.31 

2014-05-27
Cash: 56.25
Held: ABCDx37@56.41 ABACx37@56.41 ACCOx37@56.41 ACADx37@56.41 ADBEx37@56.41 
Value: 10491.41
Sales: ABCDx37@56.41 ABACx37@56.41 ACCOx37@56.41 ACADx37@56.41 ADBEx37@56.41 
Purchases: ABCDx37@56.41 ABACx37@56.41 ACCOx37@56.41 ACADx37@56.41 ADBEx37@56.41 

2014-05-28
Cash: 56.25
Held: ABCDx37@57.19 ABACx37@57.19 ACCOx37@57.19 ACADx37@57.19 ADBEx37@57.19 
Value: 10635.94
Sales: ABCDx37@57.19 ABACx37@57.19 ACCOx37@57.19 ACADx37@57.19 ADBEx37@57.19 
Purchases: ABCDx37@57.19 ABACx37@57.19 ACCOx37@57.19 ACADx37@57.19 ADBEx37@57.19 

2014-05-29
Cash: 56.25
Held: ABCDx37@56.88 ABACx37@56.88 ACCOx37@56.88 ACADx37@56.88 ADBEx37@56.88 
Value: 10578.12
Sales: ABCDx37@56.88 ABACx37@56.88 ACCOx37@56.88 ACADx37@56.88 ADBEx37@56.88 
Purchases: ABCDx37@56.88 ABACx37@56.88 ACCOx37@56.88 ACADx37@56.88 ADBEx37@56.88 

2014-06-01
Cash: 56.25
Held: ABCDx37@56.97 ABACx37@56.97 ACCOx37@56.97 ACADx37@56.97 ADBEx37@56.97 
Value: 10595.47
Sales: ABCDx37@56.97 ABACx37@56.97 ACCOx37@56.97 ACADx37@56.97 ADBEx37@56.97 
Purchases: ABCDx37@56.97 ABACx37@56.97 ACCOx37@56.97 ACADx37@56.97 ADBEx37@56.97 

2014-06-02
Cash: 56.25
Held: ABCDx37@56.72 ABACx37@56.72 ACCOx37@56.72 ACADx37@56.72 ADBEx37@56.72 
Value: 10549.22
Sales: ABCDx37@56.72 ABACx37@56.72 ACCOx37@56.72 ACADx37@56.72 ADBEx37@56.72 
Purchases: ABCDx37@56.72 ABACx37@56.72 ACCOx37@56.72 ACADx37@56.72 ADBEx37@56.72 

2014-06-03
Cash: 56.25
Held: ABCDx37@57.03 ABACx37@57.03 ACCOx37@57.03 ACADx37@57.03 ADBEx37@57.03 
Value: 10607.03
Sales: ABCDx37@57.03 ABACx37@57.03 ACCOx37@57.03 ACADx37@57.03 ADBEx37@57.03 
Purchases: ABCDx37@57.03 ABACx37@57.03 ACCOx37@57.03 ACADx37@57.03 ADBEx37@57.03 

2014-06-04
Cash: 56.25
Held: ABCDx37@57.44 ABACx37@57.44 ACCOx37@57.44 ACADx37@57.44 ADBEx37@57.44 
Value: 10682.19
Sales: ABCDx37@57.44 ABACx37@57.44 ACCOx37@57.44 ACADx37@57.44 ADBEx37@57.44 
Purchases: ABCDx37@57.44 ABACx37@57.44 ACCOx37@57.44 ACADx37@57.44 ADBEx37@57.44 

2014-06-05
Cash: 56.25
Held: ABCDx37@58.59 ABACx37@58.59 ACCOx37@58.59 ACADx37@58.59 ADBEx37@58.59 
Value: 10896.09
Sales: ABCDx37@58.59 ABACx37@58.59 ACCOx37@58.59 ACADx37@58.59 ADBEx37@58.59 
Purchases: ABCDx37@58.59 ABACx37@58.59 ACCOx37@58.59 ACADx37@58.59 ADBEx37@58.59 

2014-06-08
Cash: 56.25
Held: ABCDx37@59.00 ABACx37@59.00 ACCOx37@59.00 ACADx37@59.00 ADBEx37@59.00 
Value: 10971.25
Sales: ABCDx37@59.00 ABACx37@59.00 ACCOx37@59.00 ACADx37@59.00 ADBEx37@59.00 
Purchases: ABCDx37@59.00 ABACx37@59.00 ACCOx37@59.00 ACADx37@59.00 ADBEx37@59.00 

2014-06-09
Cash: 56.25
Held: ABCDx37@59.16 ABACx37@59.16 ACCOx37@59.16 ACADx37@59.16 ADBEx37@59.16 
Value: 11000.16
Sales: ABCDx37@59.16 ABACx37@59.16 ACCOx37@59.16 ACADx37@59.16 ADBEx37@59.16 
Purchases: ABCDx37@59.16 ABACx37@59.16 ACCOx37@59.16 ACADx37@59.16 ADBEx37@59.16 

2014-06-10
Cash: 56.25
Held: ABCDx37@58.34 ABACx37@58.34 ACCOx37@58.34 ACADx37@58.34 ADBEx37@58.34 
Value: 10849.84
Sales: ABCDx37@58.34 ABACx37@58.34 ACCOx37@58.34 ACADx37@58.34 ADBEx37@58.34 
Purchases: ABCDx37@58.34 ABACx37@58.34 ACCOx37@58.34 ACADx37@58.34 ADBEx37@58.34 

2014-06-11
Cash: 56.25
Held: ABCDx37@58.91 ABACx37@58.91 ACCOx37@58.91 ACADx37@58.91 ADBEx37@58.91 
Value: 10953.91
Sales: ABCDx37@58.91 ABACx37@58.91 ACCOx37@58.91 ACADx37@58.91 ADBEx37@58.91 
Purchases: ABCDx37@58.91 ABACx37@58.91 ACCOx37@58.91 ACADx37@58.91 ADBEx37@58.91 

2014-06-12
Cash: 56.25
Held: ABCDx37@58.53 ABACx37@58.53 ACCOx37@58.53 ACADx37@58.53 ADBEx37@58.53 
Value: 10884.53
Sales: ABCDx37@58.53 ABACx37@58.53 ACCOx37@58.53 ACADx37@58.53 ADBEx37@58.53 
Purchases: ABCDx37@58.53 ABACx37@58.53 ACCOx37@58.53 ACADx37@58.53 ADBEx37@58.53 

2014-06-15
Cash: 56.25
Held: ABCDx37@58.56 ABACx37@58.56 ACCOx37@58.56 ACADx37@58.56 ADBEx37@58.56 
Value: 10890.31
Sales: ABCDx37@58.56 ABACx37@58.56 ACCOx37@58.56 ACADx37@58.56 ADBEx37@58.56 
Purchases: ABCDx37@58.56 ABACx37@58.56 ACCOx37@58.56 ACADx37@58.56 ADBEx37@58.56 

2014-06-16
Cash: 56.25
Held: ABCDx37@58.28 ABACx37@58.28 ACCOx37@58.28 ACADx37@58.28 ADBEx37@58.28 
Value: 10838.28
Sales: ABCDx37@58.28 ABACx37@58.28 ACCOx37@58.28 ACADx37@58.28 ADBEx37@58.28 
Purchases: ABCDx37@58.28 ABACx37@58.28 ACCOx37@58.28 ACADx37@58.28 ADBEx37@58.28 

2014-06-17
Cash: 56.25
Held: ABCDx37@58.88 ABACx37@58.88 ACCOx37@58.88 ACADx37@58.88 ADBEx37@58.88 
Value: 10948.12
Sales: ABCDx37@58.88 ABACx37@58.88 ACCOx37@58.88 ACADx37@58.88 ADBEx37@58.88 
Purchases: ABCDx37@58.88 ABACx37@58.88 ACCOx37@58.88 ACADx37@58.88 ADBEx37@58.88 

2014-06-18
Cash: 56.25
Held: ABCDx37@59.19 ABACx37@59.19 ACCOx37@59.19 ACADx37@59.19 ADBEx37@59.19 
Value: 11005.94
Sales: ABCDx37@59.19 ABACx37@59.19 ACCOx37@59.19 ACADx37@59.19 ADBEx37@59.19 
Purchases: ABCDx37@59.19 ABACx37@59.19 ACCOx37@59.19 ACADx37@59.19 ADBEx37@59.19 

2014-06-19
Cash: 56.25
Held: ABCDx37@57.84 ABACx37@57.84 ACCOx37@57.84 ACADx37@57.84 ADBEx37@57.84 
Value: 10757.34
Sales: ABCDx37@57.84 ABACx37@57.84 ACCOx37@57.84 ACADx37@57.84 ADBEx37@57.84 
Purchases: ABCDx37@57.84 ABACx37@57.84 ACCOx37@57.84 ACADx37@57.84 ADBEx37@57.84 

2014-06-22
Cash: 56.25
Held: ABCDx37@58.72 ABACx37@58.72 ACCOx37@58.72 ACADx37@58.72 ADBEx37@58.72 
Value: 10919.22
Sales: ABCDx37@58.72 ABACx37@58.72 ACCOx37@58.72 ACADx37@58.72 ADBEx37@58.72 
Purchases: ABCDx37@58.72 ABACx37@58.72 ACCOx37@58.72 ACADx37@58.72 ADBEx37@58.72 

2014-06-23
Cash: 56.25
Held: ABCDx37@58.03 ABACx37@58.03 ACCOx37@58.03 ACADx37@58.03 ADBEx37@58.03 
Value: 10792.03
Sales: ABCDx37@58.03 ABACx37@58.03 ACCOx37@58.03 ACADx37@58.03 ADBEx37@58.03 
Purchases: ABCDx37@58.03 ABACx37@58.03 ACCOx37@58.03 ACADx37@58.03 ADBEx37@58.03 

2014-06-24
Cash: 56.25
Held: ABCDx37@57.62 ABACx37@57.62 ACCOx37@57.62 ACADx37@57.62 ADBEx37@57.62 
Value: 10716.88
Sales: ABCDx37@57.62 ABACx37@57.62 ACCOx37@57.62 ACADx37@57.62 ADBEx37@57.62 
Purchases: ABCDx37@57.62 ABACx37@57.62 ACCOx37@57.62 ACADx37@57.62 ADBEx37@57.62 

2014-06-25
Cash: 56.25
Held: ABCDx37@58.00 ABACx37@58.00 ACCOx37@58.00 ACADx37@58.00 ADBEx37@58.00 
Value: 10786.25
Sales: ABCDx37@58.00 ABACx37@58.00 ACCOx37@58.00 ACADx37@58.00 ADBEx37@58.00 
Purchases: ABCDx37@58.00 ABACx37@58.00 ACCOx37@58.00 ACADx37@58.00 ADBEx37@58.00 

2014-06-26
Cash: 56.25
Held: ABCDx37@57.53 ABACx37@57.53 ACCOx37@57.53 ACADx37@57.53 ADBEx37@57.53 
Value: 10699.53
Sales: ABCDx37@57.53 ABACx37@57.53 ACCOx37@57.53 ACADx37@57.53 ADBEx37@57.53 
Purchases: ABCDx37@57.53 ABACx37@57.53 ACCOx37@57.53 ACADx37@57.53 ADBEx37@57.53 

2014-06-29
Cash: 56.25
Held: ABCDx37@57.38 ABACx37@57.38 ACCOx37@57.38 ACADx37@57.38 ADBEx37@57.38 
Value: 10670.62
Sales: ABCDx37@57.38 ABACx37@57.38 ACCOx37@57.38 ACADx37@57.38 ADBEx37@57.38 
Purchases: ABCDx37@57.38 ABACx37@57.38 ACCOx37@57.38 ACADx37@57.38 ADBEx37@57.38 

2014-06-30
Cash: 56.25
Held: ABCDx37@57.75 ABACx37@57.75 ACCOx37@57.75 ACADx37@57.75 ADBEx37@57.75 
Value: 10740.00
Sales: ABCDx37@57.75 ABACx37@57.75 ACCOx37@57.75 ACADx37@57.75 ADBEx37@57.75 
Purchases: ABCDx37@57.75 ABACx37@57.75 ACCOx37@57.75 ACADx37@57.75 ADBEx37@57.75 

2014-07-01
Cash: 56.25
Held: ABCDx37@58.12 ABACx37@58.12 ACCOx37@58.12 ACADx37@58.12 ADBEx37@58.12 
Value: 10809.38
Sales: ABCDx37@58.12 ABACx37@58.12 ACCOx37@58.12 ACADx37@58.12 ADBEx37@58.12 
Purchases: ABCDx37@58.12 ABACx37@58.12 ACCOx37@58.12 ACADx37@58.12 ADBEx37@58.12 

2014-07-02
Cash: 56.25
Held: ABCDx37@58.19 ABACx37@58.19 ACCOx37@58.19 ACADx37@58.19 ADBEx37@58.19 
Value: 10820.94
Sales: ABCDx37@58.19 ABACx37@58.19 ACCOx37@58.19 ACADx37@58.19 ADBEx37@58.19 
Purchases: ABCDx37@58.19 ABACx37@58.19 ACCOx37@58.19 ACADx37@58.19 ADBEx37@58.19 

2014-07-06
Cash: 56.25
Held: ABCDx37@58.19 ABACx37@58.19 ACCOx37@58.19 ACADx37@58.19 ADBEx37@58.19 
Value: 10820.94
Sales: ABCDx37@58.19 ABACx37@58.19 ACCOx37@58.19 ACADx37@58.19 ADBEx37@58.19 
Purchases: ABCDx37@58.19 ABACx37@58.19 ACCOx37@58.19 ACADx37@58.19 ADBEx37@58.19 

2014-07-07
Cash: 56.25
Held: ABCDx37@57.84 ABACx37@57.84 ACCOx37@57.84 ACADx37@57.84 ADBEx37@57.84 
Value: 10757.34
Sales: ABCDx37@57.84 ABACx37@57.84 ACCOx37@57.84 ACADx37@57.84 ADBEx37@57.84 
Purchases: ABCDx37@57.84 ABACx37@57.84 ACCOx37@57.84 ACADx37@57.84 ADBEx37@57.84 

2014-07-08
Cash: 56.25
Held: ABCDx37@57.06 ABACx37@57.06 ACCOx37@57.06 ACADx37@57.06 ADBEx37@57.06 
Value: 10612.81
Sales: ABCDx37@57.06 ABACx37@57.06 ACCOx37@57.06 ACADx37@57.06 ADBEx37@57.06 
Purchases: ABCDx37@57.06 ABACx37@57.06 ACCOx37@57.06 ACADx37@57.06 ADBEx37@57.06 

2014-07-09
Cash: 56.25
Held: ABCDx37@56.41 ABACx37@56.41 ACCOx37@56.41 ACADx37@56.41 ADBEx37@56.41 
Value: 10491.41
Sales: ABCDx37@56.41 ABACx37@56.41 ACCOx37@56.41 ACADx37@56.41 ADBEx37@56.41 
Purchases: ABCDx37@56.41 ABACx37@56.41 ACCOx37@56.41 ACADx37@56.41 ADBEx37@56.41 

2014-07-10
Cash: 56.25
Held: ABCDx37@56.34 ABACx37@56.34 ACCOx37@56.34 ACADx37@56.34 ADBEx37@56.34 
Value: 10479.84
Sales: ABCDx37@56.34 ABACx37@56.34 ACCOx37@56.34 ACADx37@56.34 ADBEx37@56.34 
Purchases: ABCDx37@56.34 ABACx37@56.34 ACCOx37@56.34 ACADx37@56.34 ADBEx37@56.34 

2014-07-13
Cash: 56.25
Held: ABCDx37@56.94 ABACx37@56.94 ACCOx37@56.94 ACADx37@56.94 ADBEx37@56.94 
Value: 10589.69
Sales: ABCDx37@56.94 ABACx37@56.94 ACCOx37@56.94 ACADx37@56.94 ADBEx37@56.94 
Purchases: ABCDx37@56.94 ABACx37@56.94 ACCOx37@56.94 ACADx37@56.94 ADBEx37@56.94 

2014-07-14
Cash: 56.25
Held: ABCDx37@56.69 ABACx37@56.69 ACCOx37@56.69 ACADx37@56.69 ADBEx37@56.69 
Value: 10543.44
Sales: ABCDx37@56.69 ABACx37@56.69 ACCOx37@56.69 ACADx37@56.69 ADBEx37@56.69 
Purchases: ABCDx37@56.69 ABACx37@56.69 ACCOx37@56.69 ACADx37@56.69 ADBEx37@56.69 

2014-07-15
Cash: 56.25
Held: ABCDx37@56.88 ABACx37@56.88 ACCOx37@56.88 ACADx37@56.88 ADBEx37@56.88 
Value: 10578.12
Sales: ABCDx37@56.88 ABACx37@56.88 ACCOx37@56.88 ACADx37@56.88 ADBEx37@56.88 
Purchases: ABCDx37@56.88 ABACx37@56.88 ACCOx37@56.88 ACADx37@56.88 ADBEx37@56.88 

2014-07-16
Cash: 56.25
Held: ABCDx37@56.47 ABACx37@56.47 ACCOx37@56.47 ACADx37@56.47 ADBEx37@56.47 
Value: 10502.97
Sales: ABCDx37@56.47 ABACx37@56.47 ACCOx37@56.47 ACADx37@56.47 ADBEx37@56.47 
Purchases: ABCDx37@56.47 ABACx37@56.47 ACCOx37@56.47 ACADx37@56.47 ADBEx37@56.47 

2014-07-17
Cash: 56.25
Held: ABCDx37@55.41 ABACx37@55.41 ACCOx37@55.41 ACADx37@55.41 ADBEx37@55.41 
Value: 10306.41
Sales: ABCDx37@55.41 ABACx37@55.41 ACCOx37@55.41 ACADx37@55.41 ADBEx37@55.41 
Purchases: ABCDx37@55.41 ABACx37@55.41 ACCOx37@55.41 ACADx37@55.41 ADBEx37@55.41 

2014-07-20
Cash: 56.25
Held: ABCDx37@55.88 ABACx37@55.88 ACCOx37@55.88 ACADx37@55.88 ADBEx37@55.88 
Value: 10393.12
Sales: ABCDx37@55.88 ABACx37@55.88 ACCOx37@55.88 ACADx37@55.88 ADBEx37@55.88 
Purchases: ABCDx37@55.88 ABACx37@55.88 ACCOx37@55.88 ACADx37@55.88 ADBEx37@55.88 

2014-07-21
Cash: 56.25
Held: ABCDx37@57.00 ABACx37@57.00 ACCOx37@57.00 ACADx37@57.00 ADBEx37@57.00 
Value: 10601.25
Sales: ABCDx37@57.00 ABACx37@57.00 ACCOx37@57.00 ACADx37@57.00 ADBEx37@57.00 
Purchases: ABCDx37@57.00 ABACx37@57.00 ACCOx37@57.00 ACADx37@57.00 ADBEx37@57.00 

2014-07-22
Cash: 56.25
Held: ABCDx37@58.12 ABACx37@58.12 ACCOx37@58.12 ACADx37@58.12 ADBEx37@58.12 
Value: 10809.38
Sales: ABCDx37@58.12 ABACx37@58.12 ACCOx37@58.12 ACADx37@58.12 ADBEx37@58.12 
Purchases: ABCDx37@58.12 ABACx37@58.12 ACCOx37@58.12 ACADx37@58.12 ADBEx37@58.12 

2014-07-23
Cash: 56.25
Held: ABCDx37@57.59 ABACx37@57.59 ACCOx37@57.59 ACADx37@57.59 ADBEx37@57.59 
Value: 10711.09
Sales: ABCDx37@57.59 ABACx37@57.59 ACCOx37@57.59 ACADx37@57.59 ADBEx37@57.59 
Purchases: ABCDx37@57.59 ABACx37@57.59 ACCOx37@57.59 ACADx37@57.59 ADBEx37@57.59 

2014-07-24
Cash: 56.25
Held: ABCDx37@56.53 ABACx37@56.53 ACCOx37@56.53 ACADx37@56.53 ADBEx37@56.53 
Value: 10514.53
Sales: ABCDx37@56.53 ABACx37@56.53 ACCOx37@56.53 ACADx37@56.53 ADBEx37@56.53 
Purchases: ABCDx37@56.53 ABACx37@56.53 ACCOx37@56.53 ACADx37@56.53 ADBEx37@56.53 

2014-07-27
Cash: 56.25
Held: ABCDx37@56.50 ABACx37@56.50 ACCOx37@56.50 ACADx37@56.50 ADBEx37@56.50 
Value: 10508.75
Sales: ABCDx37@56.50 ABACx37@56.50 ACCOx37@56.50 ACADx37@56.50 ADBEx37@56.50 
Purchases: ABCDx37@56.50 ABACx37@56.50 ACCOx37@56.50 ACADx37@56.50 ADBEx37@56.50 

2014-07-28
Cash: 56.25
Held: ABCDx37@56.28 ABACx37@56.28 ACCOx37@56.28 ACADx37@56.28 ADBEx37@56.28 
Value: 10468.28
Sales: ABCDx37@56.28 ABACx37@56.28 ACCOx37@56.28 ACADx37@56.28 ADBEx37@56.28 
Purchases: ABCDx37@56.28 ABACx37@56.28 ACCOx37@56.28 ACADx37@56.28 ADBEx37@56.28 

2014-07-29
Cash: 56.25
Held: ABCDx37@56.22 ABACx37@56.22 ACCOx37@56.22 ACADx37@56.22 ADBEx37@56.22 
Value: 10456.72
Sales: ABCDx37@56.22 ABACx37@56.22 ACCOx37@56.22 ACADx37@56.22 ADBEx37@56.22 
Purchases: ABCDx37@56.22 ABACx37@56.22 ACCOx37@56.22 ACADx37@56.22 ADBEx37@56.22 

2014-07-30
Cash: 56.25
Held: ABCDx37@56.22 ABACx37@56.22 ACCOx37@56.22 ACADx37@56.22 ADBEx37@56.22 
Value: 10456.72
Sales: ABCDx37@56.22 ABACx37@56.22 ACCOx37@56.22 ACADx37@56.22 ADBEx37@56.22 
Purchases: ABCDx37@56.22 ABACx37@56.22 ACCOx37@56.22 ACADx37@56.22 ADBEx37@56.22 

2014-07-31
Cash: 56.25
Held: ABCDx37@55.78 ABACx37@55.78 ACCOx37@55.78 ACADx37@55.78 ADBEx37@55.78 
Value: 10375.78
Sales: ABCDx37@55.78 ABACx37@55.78 ACCOx37@55.78 ACADx37@55.78 ADBEx37@55.78 
Purchases: ABCDx37@55.78 ABACx37@55.78 ACCOx37@55.78 ACADx37@55.78 ADBEx37@55.78 

2014-08-03
Cash: 56.25
Held: ABCDx37@56.19 ABACx37@56.19 ACCOx37@56.19 ACADx37@56.19 ADBEx37@56.19 
Value: 10450.94
Sales: ABCDx37@56.19 ABACx37@56.19 ACCOx37@56.19 ACADx37@56.19 ADBEx37@56.19 
Purchases: ABCDx37@56.19 ABACx37@56.19 ACCOx37@56.19 ACADx37@56.19 ADBEx37@56.19 

2014-08-04
Cash: 56.25
Held: ABCDx37@55.91 ABACx37@55.91 ACCOx37@55.91 ACADx37@55.91 ADBEx37@55.91 
Value: 10398.91
Sales: ABCDx37@55.91 ABACx37@55.91 ACCOx37@55.91 ACADx37@55.91 ADBEx37@55.91 
Purchases: ABCDx37@55.91 ABACx37@55.91 ACCOx37@55.91 ACADx37@55.91 ADBEx37@55.91 

2014-08-05
Cash: 56.25
Held: ABCDx37@55.22 ABACx37@55.22 ACCOx37@55.22 ACADx37@55.22 ADBEx37@55.22 
Value: 10271.72
Sales: ABCDx37@55.22 ABACx37@55.22 ACCOx37@55.22 ACADx37@55.22 ADBEx37@55.22 
Purchases: ABCDx37@55.22 ABACx37@55.22 ACCOx37@55.22 ACADx37@55.22 ADBEx37@55.22 

2014-08-06
Cash: 56.25
Held: ABCDx37@55.97 ABACx37@55.97 ACCOx37@55.97 ACADx37@55.97 ADBEx37@55.97 
Value: 10410.47
Sales: ABCDx37@55.97 ABACx37@55.97 ACCOx37@55.97 ACADx37@55.97 ADBEx37@55.97 
Purchases: ABCDx37@55.97 ABACx37@55.97 ACCOx37@55.97 ACADx37@55.97 ADBEx37@55.97 

2014-08-07
Cash: 56.25
Held: ABCDx37@55.31 ABACx37@55.31 ACCOx37@55.31 ACADx37@55.31 ADBEx37@55.31 
Value: 10289.06
Sales: ABCDx37@55.31 ABACx37@55.31 ACCOx37@55.31 ACADx37@55.31 ADBEx37@55.31 
Purchases: ABCDx37@55.31 ABACx37@55.31 ACCOx37@55.31 ACADx37@55.31 ADBEx37@55.31 

2014-08-10
Cash: 56.25
Held: ABCDx37@55.44 ABACx37@55.44 ACCOx37@55.44 ACADx37@55.44 ADBEx37@55.44 
Value: 10312.19
Sales: ABCDx37@55.44 ABACx37@55.44 ACCOx37@55.44 ACADx37@55.44 ADBEx37@55.44 
Purchases: ABCDx37@55.44 ABACx37@55.44 ACCOx37@55.44 ACADx37@55.44 ADBEx37@55.44 

2014-08-11
Cash: 56.25
Held: ABCDx37@55.00 ABACx37@55.00 ACCOx37@55.00 ACADx37@55.00 ADBEx37@55.00 
Value: 10231.25
Sales: ABCDx37@55.00 ABACx37@55.00 ACCOx37@55.00 ACADx37@55.00 ADBEx37@55.00 
Purchases: ABCDx37@55.00 ABACx37@55.00 ACCOx37@55.00 ACADx37@55.00 ADBEx37@55.00 

2014-08-12
Cash: 56.25
Held: ABCDx37@54.47 ABACx37@54.47 ACCOx37@54.47 ACADx37@54.47 ADBEx37@54.47 
Value: 10132.97
Sales: ABCDx37@54.47 ABACx37@54.47 ACCOx37@54.47 ACADx37@54.47 ADBEx37@54.47 
Purchases: ABCDx37@54.47 ABACx37@54.47 ACCOx37@54.47 ACADx37@54.47 ADBEx37@54.47 

2014-08-13
Cash: 56.25
Held: ABCDx37@54.78 ABACx37@54.78 ACCOx37@54.78 ACADx37@54.78 ADBEx37@54.78 
Value: 10190.78
Sales: ABCDx37@54.78 ABACx37@54.78 ACCOx37@54.78 ACADx37@54.78 ADBEx37@54.78 
Purchases: ABCDx37@54.78 ABACx37@54.78 ACCOx37@54.78 ACADx37@54.78 ADBEx37@54.78 

2014-08-14
Cash: 56.25
Held: ABCDx37@58.94 ABACx37@58.94 ACCOx37@58.94 ACADx37@58.94 ADBEx37@58.94 
Value: 10959.69
Sales: ABCDx37@58.94 ABACx37@58.94 ACCOx37@58.94 ACADx37@58.94 ADBEx37@58.94 
Purchases: ABCDx37@58.94 ABACx37@58.94 ACCOx37@58.94 ACADx37@58.94 ADBEx37@58.94 

2014-08-17
Cash: 56.25
Held: ABCDx37@57.75 ABACx37@57.75 ACCOx37@57.75 ACADx37@57.75 ADBEx37@57.75 
Value: 10740.00
Sales: ABCDx37@57.75 ABACx37@57.75 ACCOx37@57.75 ACADx37@57.75 ADBEx37@57.75 
Purchases: ABCDx37@57.75 ABACx37@57.75 ACCOx37@57.75 ACADx37@57.75 ADBEx37@57.75 

2014-08-18
Cash: 56.25
Held: ABCDx37@58.53 ABACx37@58.53 ACCOx37@58.53 ACADx37@58.53 ADBEx37@58.53 
Value: 10884.53
Sales: ABCDx37@58.53 ABACx37@58.53 ACCOx37@58.53 ACADx37@58.53 ADBEx37@58.53 
Purchases: ABCDx37@58.53 ABACx37@58.53 ACCOx37@58.53 ACADx37@58.53 ADBEx37@58.53 

2014-08-19
Cash: 56.25
Held: ABCDx37@58.31 ABACx37@58.31 ACCOx37@58.31 ACADx37@58.31 ADBEx37@58.31 
Value: 10844.06
Sales: ABCDx37@58.31 ABACx37@58.31 ACCOx37@58.31 ACADx37@58.31 ADBEx37@58.31 
Purchases: ABCDx37@58.31 ABACx37@58.31 ACCOx37@58.31 ACADx37@58.31 ADBEx37@58.31 

2014-08-20
Cash: 56.25
Held: ABCDx37@58.38 ABACx37@58.38 ACCOx37@58.38 ACADx37@58.38 ADBEx37@58.38 
Value: 10855.62
Sales: ABCDx37@58.38 ABACx37@58.38 ACCOx37@58.38 ACADx37@58.38 ADBEx37@58.38 
Purchases: ABCDx37@58.38 ABACx37@58.38 ACCOx37@58.38 ACADx37@58.38 ADBEx37@58.38 

2014-08-21
Cash: 56.25
Held: ABCDx37@57.91 ABACx37@57.91 ACCOx37@57.91 ACADx37@57.91 ADBEx37@57.91 
Value: 10768.91
Sales: ABCDx37@57.91 ABACx37@57.91 ACCOx37@57.91 ACADx37@57.91 ADBEx37@57.91 
Purchases: ABCDx37@57.91 ABACx37@57.91 ACCOx37@57.91 ACADx37@57.91 ADBEx37@57.91 

2014-08-24
Cash: 56.25
Held: ABCDx37@57.88 ABACx37@57.88 ACCOx37@57.88 ACADx37@57.88 ADBEx37@57.88 
Value: 10763.12
Sales: ABCDx37@57.88 ABACx37@57.88 ACCOx37@57.88 ACADx37@57.88 ADBEx37@57.88 
Purchases: ABCDx37@57.88 ABACx37@57.88 ACCOx37@57.88 ACADx37@57.88 ADBEx37@57.88 

2014-08-25
Cash: 56.25
Held: ABCDx37@57.75 ABACx37@57.75 ACCOx37@57.75 ACADx37@57.75 ADBEx37@57.75 
Value: 10740.00
Sales: ABCDx37@57.75 ABACx37@57.75 ACCOx37@57.75 ACADx37@57.75 ADBEx37@57.75 
Purchases: ABCDx37@57.75 ABACx37@57.75 ACCOx37@57.75 ACADx37@57.75 ADBEx37@57.75 

2014-08-26
Cash: 56.25
Held: ABCDx37@58.00 ABACx37@58.00 ACCOx37@58.00 ACADx37@58.00 ADBEx37@58.00 
Value: 10786.25
Sales: ABCDx37@58.00 ABACx37@58.00 ACCOx37@58.00 ACADx37@58.00 ADBEx37@58.00 
Purchases: ABCDx37@58.00 ABACx37@58.00 ACCOx37@58.00 ACADx37@58.00 ADBEx37@58.00 

2014-08-27
Cash: 56.25
Held: ABCDx37@57.12 ABACx37@57.12 ACCOx37@57.12 ACADx37@57.12 ADBEx37@57.12 
Value: 10624.38
Sales: ABCDx37@57.12 ABACx37@57.12 ACCOx37@57.12 ACADx37@57.12 ADBEx37@57.12 
Purchases: ABCDx37@57.12 ABACx37@57.12 ACCOx37@57.12 ACADx37@57.12 ADBEx37@57.12 

2014-08-28
Cash: 56.25
Held: ABCDx37@57.34 ABACx37@57.34 ACCOx37@57.34 ACADx37@57.34 ADBEx37@57.34 
Value: 10664.84
Sales: ABCDx37@57.34 ABACx37@57.34 ACCOx37@57.34 ACADx37@57.34 ADBEx37@57.34 
Purchases: ABCDx37@57.34 ABACx37@57.34 ACCOx37@57.34 ACADx37@57.34 ADBEx37@57.34 

2014-09-01
Cash: 56.25
Held: ABCDx37@57.22 ABACx37@57.22 ACCOx37@57.22 ACADx37@57.22 ADBEx37@57.22 
Value: 10641.72
Sales: ABCDx37@57.22 ABACx37@57.22 ACCOx37@57.22 ACADx37@57.22 ADBEx37@57.22 
Purchases: ABCDx37@57.22 ABACx37@57.22 ACCOx37@57.22 ACADx37@57.22 ADBEx37@57.22 

2014-09-02
Cash: 56.25
Held: ABCDx37@58.22 ABACx37@58.22 ACCOx37@58.22 ACADx37@58.22 ADBEx37@58.22 
Value: 10826.72
Sales: ABCDx37@58.22 ABACx37@58.22 ACCOx37@58.22 ACADx37@58.22 ADBEx37@58.22 
Purchases: ABCDx37@58.22 ABACx37@58.22 ACCOx37@58.22 ACADx37@58.22 ADBEx37@58.22 

2014-09-03
Cash: 56.25
Held: ABCDx37@58.12 ABACx37@58.12 ACCOx37@58.12 ACADx37@58.12 ADBEx37@58.12 
Value: 10809.38
Sales: ABCDx37@58.12 ABACx37@58.12 ACCOx37@58.12 ACADx37@58.12 ADBEx37@58.12 
Purchases: ABCDx37@58.12 ABACx37@58.12 ACCOx37@58.12 ACADx37@58.12 ADBEx37@58.12 

2014-09-04
Cash: 56.25
Held: ABCDx37@57.59 ABACx37@57.59 ACCOx37@57.59 ACADx37@57.59 ADBEx37@57.59 
Value: 10711.09
Sales: ABCDx37@57.59 ABACx37@57.59 ACCOx37@57.59 ACADx37@57.59 ADBEx37@57.59 
Purchases: ABCDx37@57.59 ABACx37@57.59 ACCOx37@57.59 ACADx37@57.59 ADBEx37@57.59 

2014-09-07
Cash: 56.25
Held: ABCDx37@57.72 ABACx37@57.72 ACCOx37@57.72 ACADx37@57.72 ADBEx37@57.72 
Value: 10734.22
Sales: ABCDx37@57.72 ABACx37@57.72 ACCOx37@57.72 ACADx37@57.72 ADBEx37@57.72 
Purchases: ABCDx37@57.72 ABACx37@57.72 ACCOx37@57.72 ACADx37@57.72 ADBEx37@57.72 

2014-09-08
Cash: 56.25
Held: ABCDx37@57.69 ABACx37@57.69 ACCOx37@57.69 ACADx37@57.69 ADBEx37@57.69 
Value: 10728.44
Sales: ABCDx37@57.69 ABACx37@57.69 ACCOx37@57.69 ACADx37@57.69 ADBEx37@57.69 
Purchases: ABCDx37@57.69 ABACx37@57.69 ACCOx37@57.69 ACADx37@57.69 ADBEx37@57.69 

2014-09-09
Cash: 56.25
Held: ABCDx37@57.59 ABACx37@57.59 ACCOx37@57.59 ACADx37@57.59 ADBEx37@57.59 
Value: 10711.09
Sales: ABCDx37@57.59 ABACx37@57.59 ACCOx37@57.59 ACADx37@57.59 ADBEx37@57.59 
Purchases: ABCDx37@57.59 ABACx37@57.59 ACCOx37@57.59 ACADx37@57.59 ADBEx37@57.59 

2014-09-10
Cash: 56.25
Held: ABCDx37@57.53 ABACx37@57.53 ACCOx37@57.53 ACADx37@57.53 ADBEx37@57.53 
Value: 10699.53
Sales: ABCDx37@57.53 ABACx37@57.53 ACCOx37@57.53 ACADx37@57.53 ADBEx37@57.53 
Purchases: ABCDx37@57.53 ABACx37@57.53 ACCOx37@57.53 ACADx37@57.53 ADBEx37@57.53 

2014-09-11
Cash: 56.25
Held: ABCDx37@57.62 ABACx37@57.62 ACCOx37@57.62 ACADx37@57.62 ADBEx37@57.62 
Value: 10716.88
Sales: ABCDx37@57.62 ABACx37@57.62 ACCOx37@57.62 ACADx37@57.62 ADBEx37@57.62 
Purchases: ABCDx37@57.62 ABACx37@57.62 ACCOx37@57.62 ACADx37@57.62 ADBEx37@57.62 

2014-09-14
Cash: 56.25
Held: ABCDx37@58.50 ABACx37@58.50 ACCOx37@58.50 ACADx37@58.50 ADBEx37@58.50 
Value: 10878.75
Sales: ABCDx37@58.50 ABACx37@58.50 ACCOx37@58.50 ACADx37@58.50 ADBEx37@58.50 
Purchases: ABCDx37@58.50 ABACx37@58.50 ACCOx37@58.50 ACADx37@58.50 ADBEx37@58.50 

2014-09-15
Cash: 56.25
Held: ABCDx37@57.81 ABACx37@57.81 ACCOx37@57.81 ACADx37@57.81 ADBEx37@57.81 
Value: 10751.56
Sales: ABCDx37@57.81 ABACx37@57.81 ACCOx37@57.81 ACADx37@57.81 ADBEx37@57.81 
Purchases: ABCDx37@57.81 ABACx37@57.81 ACCOx37@57.81 ACADx37@57.81 ADBEx37@57.81 

2014-09-16
Cash: 56.25
Held: ABCDx37@58.00 ABACx37@58.00 ACCOx37@58.00 ACADx37@58.00 ADBEx37@58.00 
Value: 10786.25
Sales: ABCDx37@58.00 ABACx37@58.00 ACCOx37@58.00 ACADx37@58.00 ADBEx37@58.00 
Purchases: ABCDx37@58.00 ABACx37@58.00 ACCOx37@58.00 ACADx37@58.00 ADBEx37@58.00 

2014-09-17
Cash: 56.25
Held: ABCDx37@59.19 ABACx37@59.19 ACCOx37@59.19 ACADx37@59.19 ADBEx37@59.19 
Value: 11005.94
Sales: ABCDx37@59.19 ABACx37@59.19 ACCOx37@59.19 ACADx37@59.19 ADBEx37@59.19 
Purchases: ABCDx37@59.19 ABACx37@59.19 ACCOx37@59.19 ACADx37@59.19 ADBEx37@59.19 

2014-09-18
Cash: 56.25
Held: ABCDx37@58.81 ABACx37@58.81 ACCOx37@58.81 ACADx37@58.81 ADBEx37@58.81 
Value: 10936.56
Sales: ABCDx37@58.81 ABACx37@58.81 ACCOx37@58.81 ACADx37@58.81 ADBEx37@58.81 
Purchases: ABCDx37@58.81 ABACx37@58.81 ACCOx37@58.81 ACADx37@58.81 ADBEx37@58.81 

2014-09-21
Cash: 56.25
Held: ABCDx37@58.12 ABACx37@58.12 ACCOx37@58.12 ACADx37@58.12 ADBEx37@58.12 
Value: 10809.38
Sales: ABCDx37@58.12 ABACx37@58.12 ACCOx37@58.12 ACADx37@58.12 ADBEx37@58.12 
Purchases: ABCDx37@58.12 ABACx37@58.12 ACCOx37@58.12 ACADx37@58.12 ADBEx37@58.12 

2014-09-22
Cash: 56.25
Held: ABCDx37@57.25 ABACx37@57.25 ACCOx37@57.25 ACADx37@57.25 ADBEx37@57.25 
Value: 10647.50
Sales: ABCDx37@57.25 ABACx37@57.25 ACCOx37@57.25 ACADx37@57.25 ADBEx37@57.25 
Purchases: ABCDx37@57.25 ABACx37@57.25 ACCOx37@57.25 ACADx37@57.25 ADBEx37@57.25 

2014-09-23
Cash: 56.25
Held: ABCDx37@56.88 ABACx37@56.88 ACCOx37@56.88 ACADx37@56.88 ADBEx37@56.88 
Value: 10578.12
Sales: ABCDx37@56.88 ABACx37@56.88 ACCOx37@56.88 ACADx37@56.88 ADBEx37@56.88 
Purchases: ABCDx37@56.88 ABACx37@56.88 ACCOx37@56.88 ACADx37@56.88 ADBEx37@56.88 

2014-09-24
Cash: 56.25
Held: ABCDx37@57.88 ABACx37@57.88 ACCOx37@57.88 ACADx37@57.88 ADBEx37@57.88 
Value: 10763.12
Sales: ABCDx37@57.88 ABACx37@57.88 ACCOx37@57.88 ACADx37@57.88 ADBEx37@57.88 
Purchases: ABCDx37@57.88 ABACx37@57.88 ACCOx37@57.88 ACADx37@57.88 ADBEx37@57.88 

2014-09-25
Cash: 56.25
Held: ABCDx37@56.78 ABACx37@56.78 ACCOx37@56.78 ACADx37@56.78 ADBEx37@56.78 
Value: 10560.78
Sales: ABCDx37@56.78 ABACx37@56.78 ACCOx37@56.78 ACADx37@56.78 ADBEx37@56.78 
Purchases: ABCDx37@56.78 ABACx37@56.78 ACCOx37@56.78 ACADx37@56.78 ADBEx37@56.78 

2014-09-28
Cash: 56.25
Held: ABCDx37@56.03 ABACx37@56.03 ACCOx37@56.03 ACADx37@56.03 ADBEx37@56.03 
Value: 10422.03
Sales: ABCDx37@56.03 ABACx37@56.03 ACCOx37@56.03 ACADx37@56.03 ADBEx37@56.03 
Purchases: ABCDx37@56.03 ABACx37@56.03 ACCOx37@56.03 ACADx37@56.03 ADBEx37@56.03 

2014-09-29
Cash: 56.25
Held: ABCDx37@57.22 ABACx37@57.22 ACCOx37@57.22 ACADx37@57.22 ADBEx37@57.22 
Value: 10641.72
Sales: ABCDx37@57.22 ABACx37@57.22 ACCOx37@57.22 ACADx37@57.22 ADBEx37@57.22 
Purchases: ABCDx37@57.22 ABACx37@57.22 ACCOx37@57.22 ACADx37@57.22 ADBEx37@57.22 

2014-09-30
Cash: 56.25
Held: ABCDx37@56.84 ABACx37@56.84 ACCOx37@56.84 ACADx37@56.84 ADBEx37@56.84 
Value: 10572.34
Sales: ABCDx37@56.84 ABACx37@56.84 ACCOx37@56.84 ACADx37@56.84 ADBEx37@56.84 
Purchases: ABCDx37@56.84 ABACx37@56.84 ACCOx37@56.84 ACADx37@56.84 ADBEx37@56.84 

2014-10-01
Cash: 56.25
Held: ABCDx37@56.12 ABACx37@56.12 ACCOx37@56.12 ACADx37@56.12 ADBEx37@56.12 
Value: 10439.38
Sales: ABCDx37@56.12 ABACx37@56.12 ACCOx37@56.12 ACADx37@56.12 ADBEx37@56.12 
Purchases: ABCDx37@56.12 ABACx37@56.12 ACCOx37@56.12 ACADx37@56.12 ADBEx37@56.12 

2014-10-02
Cash: 56.25
Held: ABCDx37@56.19 ABACx37@56.19 ACCOx37@56.19 ACADx37@56.19 ADBEx37@56.19 
Value: 10450.94
Sales: ABCDx37@56.19 ABACx37@56.19 ACCOx37@56.19 ACADx37@56.19 ADBEx37@56.19 
Purchases: ABCDx37@56.19 ABACx37@56.19 ACCOx37@56.19 ACADx37@56.19 ADBEx37@56.19 

2014-10-05
Cash: 56.25
Held: ABCDx37@57.06 ABACx37@57.06 ACCOx37@57.06 ACADx37@57.06 ADBEx37@57.06 
Value: 10612.81
Sales: ABCDx37@57.06 ABACx37@57.06 ACCOx37@57.06 ACADx37@57.06 ADBEx37@57.06 
Purchases: ABCDx37@57.06 ABACx37@57.06 ACCOx37@57.06 ACADx37@57.06 ADBEx37@57.06 

2014-10-06
Cash: 56.25
Held: ABCDx37@56.25 ABACx37@56.25 ACCOx37@56.25 ACADx37@56.25 ADBEx37@56.25 
Value: 10462.50
Sales: ABCDx37@56.25 ABACx37@56.25 ACCOx37@56.25 ACADx37@56.25 ADBEx37@56.25 
Purchases: ABCDx37@56.25 ABACx37@56.25 ACCOx37@56.25 ACADx37@56.25 ADBEx37@56.25 

2014-10-07
Cash: 56.25
Held: ABCDx37@55.06 ABACx37@55.06 ACCOx37@55.06 ACADx37@55.06 ADBEx37@55.06 
Value: 10242.81
Sales: ABCDx37@55.06 ABACx37@55.06 ACCOx37@55.06 ACADx37@55.06 ADBEx37@55.06 
Purchases: ABCDx37@55.06 ABACx37@55.06 ACCOx37@55.06 ACADx37@55.06 ADBEx37@55.06 

2014-10-08
Cash: 56.25
Held: ABCDx37@56.28 ABACx37@56.28 ACCOx37@56.28 ACADx37@56.28 ADBEx37@56.28 
Value: 10468.28
Sales: ABCDx37@56.28 ABACx37@56.28 ACCOx37@56.28 ACADx37@56.28 ADBEx37@56.28 
Purchases: ABCDx37@56.28 ABACx37@56.28 ACCOx37@56.28 ACADx37@56.28 ADBEx37@56.28 

2014-10-09
Cash: 56.25
Held: ABCDx37@54.91 ABACx37@54.91 ACCOx37@54.91 ACADx37@54.91 ADBEx37@54.91 
Value: 10213.91
Sales: ABCDx37@54.91 ABACx37@54.91 ACCOx37@54.91 ACADx37@54.91 ADBEx37@54.91 
Purchases: ABCDx37@54.91 ABACx37@54.91 ACCOx37@54.91 ACADx37@54.91 ADBEx37@54.91 

2014-10-12
Cash: 56.25
Held: ABCDx37@53.72 ABACx37@53.72 ACCOx37@53.72 ACADx37@53.72 ADBEx37@53.72 
Value: 9994.22
Sales: ABCDx37@53.72 ABACx37@53.72 ACCOx37@53.72 ACADx37@53.72 ADBEx37@53.72 
Purchases: ABCDx37@53.72 ABACx37@53.72 ACCOx37@53.72 ACADx37@53.72 ADBEx37@53.72 

2014-10-13
Cash: 56.25
Held: ABCDx37@53.03 ABACx37@53.03 ACCOx37@53.03 ACADx37@53.03 ADBEx37@53.03 
Value: 9867.03
Sales: ABCDx37@53.03 ABACx37@53.03 ACCOx37@53.03 ACADx37@53.03 ADBEx37@53.03 
Purchases: ABCDx37@53.03 ABACx37@53.03 ACCOx37@53.03 ACADx37@53.03 ADBEx37@53.03 

2014-10-14
Cash: 56.25
Held: ABCDx37@50.88 ABACx37@50.88 ACCOx37@50.88 ACADx37@50.88 ADBEx37@50.88 
Value: 9468.12
Sales: ABCDx37@50.88 ABACx37@50.88 ACCOx37@50.88 ACADx37@50.88 ADBEx37@50.88 
Purchases: ABCDx37@50.88 ABACx37@50.88 ACCOx37@50.88 ACADx37@50.88 ADBEx37@50.88 

2014-10-15
Cash: 56.25
Held: ABCDx37@50.78 ABACx37@50.78 ACCOx37@50.78 ACADx37@50.78 ADBEx37@50.78 
Value: 9450.78
Sales: ABCDx37@50.78 ABACx37@50.78 ACCOx37@50.78 ACADx37@50.78 ADBEx37@50.78 
Purchases: ABCDx37@50.78 ABACx37@50.78 ACCOx37@50.78 ACADx37@50.78 ADBEx37@50.78 

2014-10-16
Cash: 56.25
Held: ABCDx37@52.16 ABACx37@52.16 ACCOx37@52.16 ACADx37@52.16 ADBEx37@52.16 
Value: 9705.16
Sales: ABCDx37@52.16 ABACx37@52.16 ACCOx37@52.16 ACADx37@52.16 ADBEx37@52.16 
Purchases: ABCDx37@52.16 ABACx37@52.16 ACCOx37@52.16 ACADx37@52.16 ADBEx37@52.16 

2014-10-19
Cash: 56.25
Held: ABCDx37@52.06 ABACx37@52.06 ACCOx37@52.06 ACADx37@52.06 ADBEx37@52.06 
Value: 9687.81
Sales: ABCDx37@52.06 ABACx37@52.06 ACCOx37@52.06 ACADx37@52.06 ADBEx37@52.06 
Purchases: ABCDx37@52.06 ABACx37@52.06 ACCOx37@52.06 ACADx37@52.06 ADBEx37@52.06 

2014-10-20
Cash: 56.25
Held: ABCDx37@52.88 ABACx37@52.88 ACCOx37@52.88 ACADx37@52.88 ADBEx37@52.88 
Value: 9838.12
Sales: ABCDx37@52.88 ABACx37@52.88 ACCOx37@52.88 ACADx37@52.88 ADBEx37@52.88 
Purchases: ABCDx37@52.88 ABACx37@52.88 ACCOx37@52.88 ACADx37@52.88 ADBEx37@52.88 

2014-10-21
Cash: 56.25
Held: ABCDx37@53.78 ABACx37@53.78 ACCOx37@53.78 ACADx37@53.78 ADBEx37@53.78 
Value: 10005.78
Sales: ABCDx37@53.78 ABACx37@53.78 ACCOx37@53.78 ACADx37@53.78 ADBEx37@53.78 
Purchases: ABCDx37@53.78 ABACx37@53.78 ACCOx37@53.78 ACADx37@53.78 ADBEx37@53.78 

2014-10-22
Cash: 56.25
Held: ABCDx37@53.59 ABACx37@53.59 ACCOx37@53.59 ACADx37@53.59 ADBEx37@53.59 
Value: 9971.09
Sales: ABCDx37@53.59 ABACx37@53.59 ACCOx37@53.59 ACADx37@53.59 ADBEx37@53.59 
Purchases: ABCDx37@53.59 ABACx37@53.59 ACCOx37@53.59 ACADx37@53.59 ADBEx37@53.59 

2014-10-23
Cash: 56.25
Held: ABCDx37@53.69 ABACx37@53.69 ACCOx37@53.69 ACADx37@53.69 ADBEx37@53.69 
Value: 9988.44
Sales: ABCDx37@53.69 ABACx37@53.69 ACCOx37@53.69 ACADx37@53.69 ADBEx37@53.69 
Purchases: ABCDx37@53.69 ABACx37@53.69 ACCOx37@53.69 ACADx37@53.69 ADBEx37@53.69 

2014-10-26
Cash: 56.25
Held: ABCDx37@53.94 ABACx37@53.94 ACCOx37@53.94 ACADx37@53.94 ADBEx37@53.94 
Value: 10034.69
Sales: ABCDx37@53.94 ABACx37@53.94 ACCOx37@53.94 ACADx37@53.94 ADBEx37@53.94 
Purchases: ABCDx37@53.94 ABACx37@53.94 ACCOx37@53.94 ACADx37@53.94 ADBEx37@53.94 

2014-10-27
Cash: 56.25
Held: ABCDx37@54.12 ABACx37@54.12 ACCOx37@54.12 ACADx37@54.12 ADBEx37@54.12 
Value: 10069.38
Sales: ABCDx37@54.12 ABACx37@54.12 ACCOx37@54.12 ACADx37@54.12 ADBEx37@54.12 
Purchases: ABCDx37@54.12 ABACx37@54.12 ACCOx37@54.12 ACADx37@54.12 ADBEx37@54.12 

2014-10-28
Cash: 56.25
Held: ABCDx37@54.59 ABACx37@54.59 ACCOx37@54.59 ACADx37@54.59 ADBEx37@54.59 
Value: 10156.09
Sales: ABCDx37@54.59 ABACx37@54.59 ACCOx37@54.59 ACADx37@54.59 ADBEx37@54.59 
Purchases: ABCDx37@54.59 ABACx37@54.59 ACCOx37@54.59 ACADx37@54.59 ADBEx37@54.59 

2014-10-29
Cash: 56.25
Held: ABCDx37@53.91 ABACx37@53.91 ACCOx37@53.91 ACADx37@53.91 ADBEx37@53.91 
Value: 10028.91
Sales: ABCDx37@53.91 ABACx37@53.91 ACCOx37@53.91 ACADx37@53.91 ADBEx37@53.91 
Purchases: ABCDx37@53.91 ABACx37@53.91 ACCOx37@53.91 ACADx37@53.91 ADBEx37@53.91 

2014-10-30
Cash: 56.25
Held: ABCDx37@55.22 ABACx37@55.22 ACCOx37@55.22 ACADx37@55.22 ADBEx37@55.22 
Value: 10271.72
Sales: ABCDx37@55.22 ABACx37@55.22 ACCOx37@55.22 ACADx37@55.22 ADBEx37@55.22 
Purchases: ABCDx37@55.22 ABACx37@55.22 ACCOx37@55.22 ACADx37@55.22 ADBEx37@55.22 

2014-11-02
Cash: 56.25
Held: ABCDx37@39.91 ABACx37@39.91 ACCOx37@39.91 ACADx37@39.91 ADBEx37@39.91 
Value: 7438.91
Sales: ABCDx37@39.91 ABACx37@39.91 ACCOx37@39.91 ACADx37@39.91 ADBEx37@39.91 
Purchases: ABCDx37@39.91 ABACx37@39.91 ACCOx37@39.91 ACADx37@39.91 ADBEx37@39.91 

2014-11-03
Cash: 56.25
Held: ABCDx37@40.25 ABACx37@40.25 ACCOx37@40.25 ACADx37@40.25 ADBEx37@40.25 
Value: 7502.50
Sales: ABCDx37@40.25 ABACx37@40.25 ACCOx37@40.25 ACADx37@40.25 ADBEx37@40.25 
Purchases: ABCDx37@40.25 ABACx37@40.25 ACCOx37@40.25 ACADx37@40.25 ADBEx37@40.25 

2014-11-04
Cash: 56.25
Held: ABCDx37@40.62 ABACx37@40.62 ACCOx37@40.62 ACADx37@40.62 ADBEx37@40.62 
Value: 7571.88
Sales: ABCDx37@40.62 ABACx37@40.62 ACCOx37@40.62 ACADx37@40.62 ADBEx37@40.62 
Purchases: ABCDx37@40.62 ABACx37@40.62 ACCOx37@40.62 ACADx37@40.62 ADBEx37@40.62 

2014-11-05
Cash: 56.25
Held: ABCDx37@40.38 ABACx37@40.38 ACCOx37@40.38 ACADx37@40.38 ADBEx37@40.38 
Value: 7525.62
Sales: ABCDx37@40.38 ABACx37@40.38 ACCOx37@40.38 ACADx37@40.38 ADBEx37@40.38 
Purchases: ABCDx37@40.38 ABACx37@40.38 ACCOx37@40.38 ACADx37@40.38 ADBEx37@40.38 

2014-11-06
Cash: 56.25
Held: ABCDx37@41.38 ABACx37@41.38 ACCOx37@41.38 ACADx37@41.38 ADBEx37@41.38 
Value: 7710.62
Sales: ABCDx37@41.38 ABACx37@41.38 ACCOx37@41.38 ACADx37@41.38 ADBEx37@41.38 
Purchases: ABCDx37@41.38 ABACx37@41.38 ACCOx37@41.38 ACADx37@41.38 ADBEx37@41.38 

2014-11-09
Cash: 56.25
Held: ABCDx37@40.97 ABACx37@40.97 ACCOx37@40.97 ACADx37@40.97 ADBEx37@40.97 
Value: 7635.47
Sales: ABCDx37@40.97 ABACx37@40.97 ACCOx37@40.97 ACADx37@40.97 ADBEx37@40.97 
Purchases: ABCDx37@40.97 ABACx37@40.97 ACCOx37@40.97 ACADx37@40.97 ADBEx37@40.97 

2014-11-10
Cash: 56.25
Held: ABCDx37@41.53 ABACx37@41.53 ACCOx37@41.53 ACADx37@41.53 ADBEx37@41.53 
Value: 7739.53
Sales: ABCDx37@41.53 ABACx37@41.53 ACCOx37@41.53 ACADx37@41.53 ADBEx37@41.53 
Purchases: ABCDx37@41.53 ABACx37@41.53 ACCOx37@41.53 ACADx37@41.53 ADBEx37@41.53 

2014-11-11
Cash: 56.25
Held: ABCDx37@41.31 ABACx37@41.31 ACCOx37@41.31 ACADx37@41.31 ADBEx37@41.31 
Value: 7699.06
Sales: ABCDx37@41.31 ABACx37@41.31 ACCOx37@41.31 ACADx37@41.31 ADBEx37@41.31 
Purchases: ABCDx37@41.31 ABACx37@41.31 ACCOx37@41.31 ACADx37@41.31 ADBEx37@41.31 

2014-11-12
Cash: 56.25
Held: ABCDx37@41.56 ABACx37@41.56 ACCOx37@41.56 ACADx37@41.56 ADBEx37@41.56 
Value: 7745.31
Sales: ABCDx37@41.56 ABACx37@41.56 ACCOx37@41.56 ACADx37@41.56 ADBEx37@41.56 
Purchases: ABCDx37@41.56 ABACx37@41.56 ACCOx37@41.56 ACADx37@41.56 ADBEx37@41.56 

2014-11-13
Cash: 56.25
Held: ABCDx37@41.38 ABACx37@41.38 ACCOx37@41.38 ACADx37@41.38 ADBEx37@41.38 
Value: 7710.62
Sales: ABCDx37@41.38 ABACx37@41.38 ACCOx37@41.38 ACADx37@41.38 ADBEx37@41.38 
Purchases: ABCDx37@41.38 ABACx37@41.38 ACCOx37@41.38 ACADx37@41.38 ADBEx37@41.38 

2014-11-16
Cash: 56.25
Held: ABCDx37@41.56 ABACx37@41.56 ACCOx37@41.56 ACADx37@41.56 ADBEx37@41.56 
Value: 7745.31
Sales: ABCDx37@41.56 ABACx37@41.56 ACCOx37@41.56 ACADx37@41.56 ADBEx37@41.56 
Purchases: ABCDx37@41.56 ABACx37@41.56 ACCOx37@41.56 ACADx37@41.56 ADBEx37@41.56 

2014-11-17
Cash: 56.25
Held: ABCDx37@40.25 ABACx37@40.25 ACCOx37@40.25 ACADx37@40.25 ADBEx37@40.25 
Value: 7502.50
Sales: ABCDx37@40.25 ABACx37@40.25 ACCOx37@40.25 ACADx37@40.25 ADBEx37@40.25 
Purchases: ABCDx37@40.25 ABACx37@40.25 ACCOx37@40.25 ACADx37@40.25 ADBEx37@40.25 

2014-11-18
Cash: 56.25
Held: ABCDx37@40.81 ABACx37@40.81 ACCOx37@40.81 ACADx37@40.81 ADBEx37@40.81 
Value: 7606.56
Sales: ABCDx37@40.81 ABACx37@40.81 ACCOx37@40.81 ACADx37@40.81 ADBEx37@40.81 
Purchases: ABCDx37@40.81 ABACx37@40.81 ACCOx37@40.81 ACADx37@40.81 ADBEx37@40.81 

2014-11-19
Cash: 56.25
Held: ABCDx37@40.56 ABACx37@40.56 ACCOx37@40.56 ACADx37@40.56 ADBEx37@40.56 
Value: 7560.31
Sales: ABCDx37@40.56 ABACx37@40.56 ACCOx37@40.56 ACADx37@40.56 ADBEx37@40.56 
Purchases: ABCDx37@40.56 ABACx37@40.56 ACCOx37@40.56 ACADx37@40.56 ADBEx37@40.56 

2014-11-20
Cash: 56.25
Held: ABCDx37@41.75 ABACx37@41.75 ACCOx37@41.75 ACADx37@41.75 ADBEx37@41.75 
Value: 7780.00
Sales: ABCDx37@41.75 ABACx37@41.75 ACCOx37@41.75 ACADx37@41.75 ADBEx37@41.75 
Purchases: ABCDx37@41.75 ABACx37@41.75 ACCOx37@41.75 ACADx37@41.75 ADBEx37@41.75 

2014-11-23
Cash: 56.25
Held: ABCDx37@42.44 ABACx37@42.44 ACCOx37@42.44 ACADx37@42.44 ADBEx37@42.44 
Value: 7907.19
Sales: ABCDx37@42.44 ABACx37@42.44 ACCOx37@42.44 ACADx37@42.44 ADBEx37@42.44 
Purchases: ABCDx37@42.44 ABACx37@42.44 ACCOx37@42.44 ACADx37@42.44 ADBEx37@42.44 

2014-11-24
Cash: 56.25
Held: ABCDx37@42.34 ABACx37@42.34 ACCOx37@42.34 ACADx37@42.34 ADBEx37@42.34 
Value: 7889.84
Sales: ABCDx37@42.34 ABACx37@42.34 ACCOx37@42.34 ACADx37@42.34 ADBEx37@42.34 
Purchases: ABCDx37@42.34 ABACx37@42.34 ACCOx37@42.34 ACADx37@42.34 ADBEx37@42.34 

2014-11-25
Cash: 56.25
Held: ABCDx37@42.69 ABACx37@42.69 ACCOx37@42.69 ACADx37@42.69 ADBEx37@42.69 
Value: 7953.44
Sales: ABCDx37@42.69 ABACx37@42.69 ACCOx37@42.69 ACADx37@42.69 ADBEx37@42.69 
Purchases: ABCDx37@42.69 ABACx37@42.69 ACCOx37@42.69 ACADx37@42.69 ADBEx37@42.69 

2014-11-27
Cash: 56.25
Held: ABCDx37@42.75 ABACx37@42.75 ACCOx37@42.75 ACADx37@42.75 ADBEx37@42.75 
Value: 7965.00
Sales: ABCDx37@42.75 ABACx37@42.75 ACCOx37@42.75 ACADx37@42.75 ADBEx37@42.75 
Purchases: ABCDx37@42.75 ABACx37@42.75 ACCOx37@42.75 ACADx37@42.75 ADBEx37@42.75 

2014-11-30
Cash: 56.25
Held: ABCDx37@42.69 ABACx37@42.69 ACCOx37@42.69 ACADx37@42.69 ADBEx37@42.69 
Value: 7953.44
Sales: ABCDx37@42.69 ABACx37@42.69 ACCOx37@42.69 ACADx37@42.69 ADBEx37@42.69 
Purchases: ABCDx37@42.69 ABACx37@42.69 ACCOx37@42.69 ACADx37@42.69 ADBEx37@42.69 

2014-12-01
Cash: 56.25
Held: ABCDx37@41.59 ABACx37@41.59 ACCOx37@41.59 ACADx37@41.59 ADBEx37@41.59 
Value: 7751.09
Sales: ABCDx37@41.59 ABACx37@41.59 ACCOx37@41.59 ACADx37@41.59 ADBEx37@41.59 
Purchases: ABCDx37@41.59 ABACx37@41.59 ACCOx37@41.59 ACADx37@41.59 ADBEx37@41.59 

2014-12-02
Cash: 56.25
Held: ABCDx37@41.97 ABACx37@41.97 ACCOx37@41.97 ACADx37@41.97 ADBEx37@41.97 
Value: 7820.47
Sales: ABCDx37@41.97 ABACx37@41.97 ACCOx37@41.97 ACADx37@41.97 ADBEx37@41.97 
Purchases: ABCDx37@41.97 ABACx37@41.97 ACCOx37@41.97 ACADx37@41.97 ADBEx37@41.97 

2014-12-03
Cash: 56.25
Held: ABCDx37@42.16 ABACx37@42.16 ACCOx37@42.16 ACADx37@42.16 ADBEx37@42.16 
Value: 7855.16
Sales: ABCDx37@42.16 ABACx37@42.16 ACCOx37@42.16 ACADx37@42.16 ADBEx37@42.16 
Purchases: ABCDx37@42.16 ABACx37@42.16 ACCOx37@42.16 ACADx37@42.16 ADBEx37@42.16 

2014-12-04
Cash: 56.25
Held: ABCDx37@42.22 ABACx37@42.22 ACCOx37@42.22 ACADx37@42.22 ADBEx37@42.22 
Value: 7866.72
Sales: ABCDx37@42.22 ABACx37@42.22 ACCOx37@42.22 ACADx37@42.22 ADBEx37@42.22 
Purchases: ABCDx37@42.22 ABACx37@42.22 ACCOx37@42.22 ACADx37@42.22 ADBEx37@42.22 

2014-12-07
Cash: 56.25
Held: ABCDx37@42.22 ABACx37@42.22 ACCOx37@42.22 ACADx37@42.22 ADBEx37@42.22 
Value: 7866.72
Sales: ABCDx37@42.22 ABACx37@42.22 ACCOx37@42.22 ACADx37@42.22 ADBEx37@42.22 
Purchases: ABCDx37@42.22 ABACx37@42.22 ACCOx37@42.22 ACADx37@42.22 ADBEx37@42.22 

2014-12-08
Cash: 56.25
Held: ABCDx37@41.00 ABACx37@41.00 ACCOx37@41.00 ACADx37@41.00 ADBEx37@41.00 
Value: 7641.25
Sales: ABCDx37@41.00 ABACx37@41.00 ACCOx37@41.00 ACADx37@41.00 ADBEx37@41.00 
Purchases: ABCDx37@41.00 ABACx37@41.00 ACCOx37@41.00 ACADx37@41.00 ADBEx37@41.00 

2014-12-09
Cash: 56.25
Held: ABCDx37@41.38 ABACx37@41.38 ACCOx37@41.38 ACADx37@41.38 ADBEx37@41.38 
Value: 7710.62
Sales: ABCDx37@41.38 ABACx37@41.38 ACCOx37@41.38 ACADx37@41.38 ADBEx37@41.38 
Purchases: ABCDx37@41.38 ABACx37@41.38 ACCOx37@41.38 ACADx37@41.38 ADBEx37@41.38 

2014-12-10
Cash: 56.25
Held: ABCDx37@40.50 ABACx37@40.50 ACCOx37@40.50 ACADx37@40.50 ADBEx37@40.50 
Value: 7548.75
Sales: ABCDx37@40.50 ABACx37@40.50 ACCOx37@40.50 ACADx37@40.50 ADBEx37@40.50 
Purchases: ABCDx37@40.50 ABACx37@40.50 ACCOx37@40.50 ACADx37@40.50 ADBEx37@40.50 

2014-12-11
Cash: 56.25
Held: ABCDx37@40.19 ABACx37@40.19 ACCOx37@40.19 ACADx37@40.19 ADBEx37@40.19 
Value: 7490.94
Sales: ABCDx37@40.19 ABACx37@40.19 ACCOx37@40.19 ACADx37@40.19 ADBEx37@40.19 
Purchases: ABCDx37@40.19 ABACx37@40.19 ACCOx37@40.19 ACADx37@40.19 ADBEx37@40.19 

2014-12-14
Cash: 56.25
Held: ABCDx37@40.06 ABACx37@40.06 ACCOx37@40.06 ACADx37@40.06 ADBEx37@40.06 
Value: 7467.81
Sales: ABCDx37@40.06 ABACx37@40.06 ACCOx37@40.06 ACADx37@40.06 ADBEx37@40.06 
Purchases: ABCDx37@40.06 ABACx37@40.06 ACCOx37@40.06 ACADx37@40.06 ADBEx37@40.06 

2014-12-15
Cash: 56.25
Held: ABCDx37@38.31 ABACx37@38.31 ACCOx37@38.31 ACADx37@38.31 ADBEx37@38.31 
Value: 7144.06
Sales: ABCDx37@38.31 ABACx37@38.31 ACCOx37@38.31 ACADx37@38.31 ADBEx37@38.31 
Purchases: ABCDx37@38.31 ABACx37@38.31 ACCOx37@38.31 ACADx37@38.31 ADBEx37@38.31 

2014-12-16
Cash: 56.25
Held: ABCDx37@38.34 ABACx37@38.34 ACCOx37@38.34 ACADx37@38.34 ADBEx37@38.34 
Value: 7149.84
Sales: ABCDx37@38.34 ABACx37@38.34 ACCOx37@38.34 ACADx37@38.34 ADBEx37@38.34 
Purchases: ABCDx37@38.34 ABACx37@38.34 ACCOx37@38.34 ACADx37@38.34 ADBEx37@38.34 

2014-12-17
Cash: 56.25
Held: ABCDx37@40.47 ABACx37@40.47 ACCOx37@40.47 ACADx37@40.47 ADBEx37@40.47 
Value: 7542.97
Sales: ABCDx37@40.47 ABACx37@40.47 ACCOx37@40.47 ACADx37@40.47 ADBEx37@40.47 
Purchases: ABCDx37@40.47 ABACx37@40.47 ACCOx37@40.47 ACADx37@40.47 ADBEx37@40.47 

2014-12-18
Cash: 56.25
Held: ABCDx37@40.91 ABACx37@40.91 ACCOx37@40.91 ACADx37@40.91 ADBEx37@40.91 
Value: 7623.91
Sales: ABCDx37@40.91 ABACx37@40.91 ACCOx37@40.91 ACADx37@40.91 ADBEx37@40.91 
Purchases: ABCDx37@40.91 ABACx37@40.91 ACCOx37@40.91 ACADx37@40.91 ADBEx37@40.91 

2014-12-21
Cash: 56.25
Held: ABCDx37@41.38 ABACx37@41.38 ACCOx37@41.38 ACADx37@41.38 ADBEx37@41.38 
Value: 7710.62
Sales: ABCDx37@41.38 ABACx37@41.38 ACCOx37@41.38 ACADx37@41.38 ADBEx37@41.38 
Purchases: ABCDx37@41.38 ABACx37@41.38 ACCOx37@41.38 ACADx37@41.38 ADBEx37@41.38 

2014-12-22
Cash: 56.25
Held: ABCDx37@41.97 ABACx37@41.97 ACCOx37@41.97 ACADx37@41.97 ADBEx37@41.97 
Value: 7820.47
Sales: ABCDx37@41.97 ABACx37@41.97 ACCOx37@41.97 ACADx37@41.97 ADBEx37@41.97 
Purchases: ABCDx37@41.97 ABACx37@41.97 ACCOx37@41.97 ACADx37@41.97 ADBEx37@41.97 

2014-12-23
Cash: 56.25
Held: ABCDx37@41.41 ABACx37@41.41 ACCOx37@41.41 ACADx37@41.41 ADBEx37@41.41 
Value: 7716.41
Sales: ABCDx37@41.41 ABACx37@41.41 ACCOx37@41.41 ACADx37@41.41 ADBEx37@41.41 
Purchases: ABCDx37@41.41 ABACx37@41.41 ACCOx37@41.41 ACADx37@41.41 ADBEx37@41.41 

2014-12-25
Cash: 56.25
Held: ABCDx37@41.34 ABACx37@41.34 ACCOx37@41.34 ACADx37@41.34 ADBEx37@41.34 
Value: 7704.84
Sales: ABCDx37@41.34 ABACx37@41.34 ACCOx37@41.34 ACADx37@41.34 ADBEx37@41.34 
Purchases: ABCDx37@41.34 ABACx37@41.34 ACCOx37@41.34 ACADx37@41.34 ADBEx37@41.34 

2014-12-28
Cash: 56.25
Held: ABCDx37@41.38 ABACx37@41.38 ACCOx37@41.38 ACADx37@41.38 ADBEx37@41.38 
Value: 7710.62
Sales: ABCDx37@41.38 ABACx37@41.38 ACCOx37@41.38 ACADx37@41.38 ADBEx37@41.38 
Purchases: ABCDx37@41.38 ABACx37@41.38 ACCOx37@41.38 ACADx37@41.38 ADBEx37@41.38 

2014-12-29
Cash: 56.25
Held: ABCDx37@41.22 ABACx37@41.22 ACCOx37@41.22 ACADx37@41.22 ADBEx37@41.22 
Value: 7681.72
Sales: ABCDx37@41.22 ABACx37@41.22 ACCOx37@41.22 ACADx37@41.22 ADBEx37@41.22 
Purchases: ABCDx37@41.22 ABACx37@41.22 ACCOx37@41.22 ACADx37@41.22 ADBEx37@41.22 

2014-12-30
Cash: 56.25
Held: ABCDx37@41.38 ABACx37@41.38 ACCOx37@41.38 ACADx37@41.38 ADBEx37@41.38 
Value: 7710.62
Sales: ABCDx37@41.38 ABACx37@41.38 ACCOx37@41.38 ACADx37@41.38 ADBEx37@41.38 
Purchases: ABCDx37@41.38 ABACx37@41.38 ACCOx37@41.38 ACADx37@41.38 ADBEx37@41.38 

2015-01-01
Cash: 56.25
Held: ABCDx37@41.19 ABACx37@41.19 ACCOx37@41.19 ACADx37@41.19 ADBEx37@41.19 
Value: 7675.94
Sales: ABCDx37@41.19 ABACx37@41.19 ACCOx37@41.19 ACADx37@41.19 ADBEx37@41.19 
Purchases: ABCDx37@41.19 ABACx37@41.19 ACCOx37@41.19 ACADx37@41.19 ADBEx37@41.19 

2015-01-04
Cash: 56.25
Held: ABCDx37@40.31 ABACx37@40.31 ACCOx37@40.31 ACADx37@40.31 ADBEx37@40.31 
Value: 7514.06
Sales: ABCDx37@40.31 ABACx37@40.31 ACCOx37@40.31 ACADx37@40.31 ADBEx37@40.31 
Purchases: ABCDx37@40.31 ABACx37@40.31 ACCOx37@40.31 ACADx37@40.31 ADBEx37@40.31 

2015-01-05
Cash: 56.25
Held: ABCDx37@39.81 ABACx37@39.81 ACCOx37@39.81 ACADx37@39.81 ADBEx37@39.81 
Value: 7421.56
Sales: ABCDx37@39.81 ABACx37@39.81 ACCOx37@39.81 ACADx37@39.81 ADBEx37@39.81 
Purchases: ABCDx37@39.81 ABACx37@39.81 ACCOx37@39.81 ACADx37@39.81 ADBEx37@39.81 

2015-01-06
Cash: 56.25
Held: ABCDx37@39.53 ABACx37@39.53 ACCOx37@39.53 ACADx37@39.53 ADBEx37@39.53 
Value: 7369.53
Sales: ABCDx37@39.53 ABACx37@39.53 ACCOx37@39.53 ACADx37@39.53 ADBEx37@39.53 
Purchases: ABCDx37@39.53 ABACx37@39.53 ACCOx37@39.53 ACADx37@39.53 ADBEx37@39.53 

2015-01-07
Cash: 56.25
Held: ABCDx37@40.25 ABACx37@40.25 ACCOx37@40.25 ACADx37@40.25 ADBEx37@40.25 
Value: 7502.50
Sales: ABCDx37@40.25 ABACx37@40.25 ACCOx37@40.25 ACADx37@40.25 ADBEx37@40.25 
Purchases: ABCDx37@40.25 ABACx37@40.25 ACCOx37@40.25 ACADx37@40.25 ADBEx37@40.25 

2015-01-08
Cash: 56.25
Held: ABCDx37@41.00 ABACx37@41.00 ACCOx37@41.00 ACADx37@41.00 ADBEx37@41.00 
Value: 7641.25
Sales: ABCDx37@41.00 ABACx37@41.00 ACCOx37@41.00 ACADx37@41.00 ADBEx37@41.00 
Purchases: ABCDx37@41.00 ABACx37@41.00 ACCOx37@41.00 ACADx37@41.00 ADBEx37@41.00 

2015-01-11
Cash: 56.25
Held: ABCDx37@40.62 ABACx37@40.62 ACCOx37@40.62 ACADx37@40.62 ADBEx37@40.62 
Value: 7571.88
Sales: ABCDx37@40.62 ABACx37@40.62 ACCOx37@40.62 ACADx37@40.62 ADBEx37@40.62 
Purchases: ABCDx37@40.62 ABACx37@40.62 ACCOx37@40.62 ACADx37@40.62 ADBEx37@40.62 

2015-01-12
Cash: 56.25
Held: ABCDx37@40.47 ABACx37@40.47 ACCOx37@40.47 ACADx37@40.47 ADBEx37@40.47 
Value: 7542.97
Sales: ABCDx37@40.47 ABACx37@40.47 ACCOx37@40.47 ACADx37@40.47 ADBEx37@40.47 
Purchases: ABCDx37@40.47 ABACx37@40.47 ACCOx37@40.47 ACADx37@40.47 ADBEx37@40.47 

2015-01-13
Cash: 56.25
Held: ABCDx37@39.03 ABACx37@39.03 ACCOx37@39.03 ACADx37@39.03 ADBEx37@39.03 
Value: 7277.03
Sales: ABCDx37@39.03 ABACx37@39.03 ACCOx37@39.03 ACADx37@39.03 ADBEx37@39.03 
Purchases: ABCDx37@39.03 ABACx37@39.03 ACCOx37@39.03 ACADx37@39.03 ADBEx37@39.03 

2015-01-14
Cash: 56.25
Held: ABCDx37@39.34 ABACx37@39.34 ACCOx37@39.34 ACADx37@39.34 ADBEx37@39.34 
Value: 7334.84
Sales: ABCDx37@39.34 ABACx37@39.34 ACCOx37@39.34 ACADx37@39.34 ADBEx37@39.34 
Purchases: ABCDx37@39.34 ABACx37@39.34 ACCOx37@39.34 ACADx37@39.34 ADBEx37@39.34 

2015-01-15
Cash: 56.25
Held: ABCDx37@37.84 ABACx37@37.84 ACCOx37@37.84 ACADx37@37.84 ADBEx37@37.84 
Value: 7057.34
Sales: ABCDx37@37.84 ABACx37@37.84 ACCOx37@37.84 ACADx37@37.84 ADBEx37@37.84 
Purchases: ABCDx37@37.84 ABACx37@37.84 ACCOx37@37.84 ACADx37@37.84 ADBEx37@37.84 

2015-01-19
Cash: 56.25
Held: ABCDx37@38.44 ABACx37@38.44 ACCOx37@38.44 ACADx37@38.44 ADBEx37@38.44 
Value: 7167.19
Sales: ABCDx37@38.44 ABACx37@38.44 ACCOx37@38.44 ACADx37@38.44 ADBEx37@38.44 
Purchases: ABCDx37@38.44 ABACx37@38.44 ACCOx37@38.44 ACADx37@38.44 ADBEx37@38.44 

2015-01-20
Cash: 56.25
Held: ABCDx37@37.75 ABACx37@37.75 ACCOx37@37.75 ACADx37@37.75 ADBEx37@37.75 
Value: 7040.00
Sales: ABCDx37@37.75 ABACx37@37.75 ACCOx37@37.75 ACADx37@37.75 ADBEx37@37.75 
Purchases: ABCDx37@37.75 ABACx37@37.75 ACCOx37@37.75 ACADx37@37.75 ADBEx37@37.75 

2015-01-21
Cash: 56.25
Held: ABCDx37@38.50 ABACx37@38.50 ACCOx37@38.50 ACADx37@38.50 ADBEx37@38.50 
Value: 7178.75
Sales: ABCDx37@38.50 ABACx37@38.50 ACCOx37@38.50 ACADx37@38.50 ADBEx37@38.50 
Purchases: ABCDx37@38.50 ABACx37@38.50 ACCOx37@38.50 ACADx37@38.50 ADBEx37@38.50 

2015-01-22
Cash: 56.25
Held: ABCDx37@39.59 ABACx37@39.59 ACCOx37@39.59 ACADx37@39.59 ADBEx37@39.59 
Value: 7381.09
Sales: ABCDx37@39.59 ABACx37@39.59 ACCOx37@39.59 ACADx37@39.59 ADBEx37@39.59 
Purchases: ABCDx37@39.59 ABACx37@39.59 ACCOx37@39.59 ACADx37@39.59 ADBEx37@39.59 

2015-01-25
Cash: 56.25
Held: ABCDx37@38.78 ABACx37@38.78 ACCOx37@38.78 ACADx37@38.78 ADBEx37@38.78 
Value: 7230.78
Sales: ABCDx37@38.78 ABACx37@38.78 ACCOx37@38.78 ACADx37@38.78 ADBEx37@38.78 
Purchases: ABCDx37@38.78 ABACx37@38.78 ACCOx37@38.78 ACADx37@38.78 ADBEx37@38.78 

2015-01-26
Cash: 56.25
Held: ABCDx37@38.69 ABACx37@38.69 ACCOx37@38.69 ACADx37@38.69 ADBEx37@38.69 
Value: 7213.44
Sales: ABCDx37@38.69 ABACx37@38.69 ACCOx37@38.69 ACADx37@38.69 ADBEx37@38.69 
Purchases: ABCDx37@38.69 ABACx37@38.69 ACCOx37@38.69 ACADx37@38.69 ADBEx37@38.69 

2015-01-27
Cash: 56.25
Held: ABCDx37@39.00 ABACx37@39.00 ACCOx37@39.00 ACADx37@39.00 ADBEx37@39.00 
Value: 7271.25
Sales: ABCDx37@39.00 ABACx37@39.00 ACCOx37@39.00 ACADx37@39.00 ADBEx37@39.00 
Purchases: ABCDx37@39.00 ABACx37@39.00 ACCOx37@39.00 ACADx37@39.00 ADBEx37@39.00 

2015-01-28
Cash: 56.25
Held: ABCDx37@38.00 ABACx37@38.00 ACCOx37@38.00 ACADx37@38.00 ADBEx37@38.00 
Value: 7086.25
Sales: ABCDx37@38.00 ABACx37@38.00 ACCOx37@38.00 ACADx37@38.00 ADBEx37@38.00 
Purchases: ABCDx37@38.00 ABACx37@38.00 ACCOx37@38.00 ACADx37@38.00 ADBEx37@38.00 

2015-01-29
Cash: 56.25
Held: ABCDx37@38.00 ABACx37@38.00 ACCOx37@38.00 ACADx37@38.00 ADBEx37@38.00 
Value: 7086.25
Sales: ABCDx37@38.00 ABACx37@38.00 ACCOx37@38.00 ACADx37@38.00 ADBEx37@38.00 
Purchases: ABCDx37@38.00 ABACx37@38.00 ACCOx37@38.00 ACADx37@38.00 ADBEx37@38.00 

2015-02-01
Cash: 56.25
Held: ABCDx37@37.91 ABACx37@37.91 ACCOx37@37.91 ACADx37@37.91 ADBEx37@37.91 
Value: 7068.91
Sales: ABCDx37@37.91 ABACx37@37.91 ACCOx37@37.91 ACADx37@37.91 ADBEx37@37.91 
Purchases: ABCDx37@37.91 ABACx37@37.91 ACCOx37@37.91 ACADx37@37.91 ADBEx37@37.91 

2015-02-02
Cash: 56.25
Held: ABCDx37@39.03 ABACx37@39.03 ACCOx37@39.03 ACADx37@39.03 ADBEx37@39.03 
Value: 7277.03
Sales: ABCDx37@39.03 ABACx37@39.03 ACCOx37@39.03 ACADx37@39.03 ADBEx37@39.03 
Purchases: ABCDx37@39.03 ABACx37@39.03 ACCOx37@39.03 ACADx37@39.03 ADBEx37@39.03 

2015-02-03
Cash: 56.25
Held: ABCDx37@39.34 ABACx37@39.34 ACCOx37@39.34 ACADx37@39.34 ADBEx37@39.34 
Value: 7334.84
Sales: ABCDx37@39.34 ABACx37@39.34 ACCOx37@39.34 ACADx37@39.34 ADBEx37@39.34 
Purchases: ABCDx37@39.34 ABACx37@39.34 ACCOx37@39.34 ACADx37@39.34 ADBEx37@39.34 

2015-02-04
Cash: 56.25
Held: ABCDx37@39.22 ABACx37@39.22 ACCOx37@39.22 ACADx37@39.22 ADBEx37@39.22 
Value: 7311.72
Sales: ABCDx37@39.22 ABACx37@39.22 ACCOx37@39.22 ACADx37@39.22 ADBEx37@39.22 
Purchases: ABCDx37@39.22 ABACx37@39.22 ACCOx37@39.22 ACADx37@39.22 ADBEx37@39.22 

2015-02-05
Cash: 56.25
Held: ABCDx37@39.53 ABACx37@39.53 ACCOx37@39.53 ACADx37@39.53 ADBEx37@39.53 
Value: 7369.53
Sales: ABCDx37@39.53 ABACx37@39.53 ACCOx37@39.53 ACADx37@39.53 ADBEx37@39.53 
Purchases: ABCDx37@39.53 ABACx37@39.53 ACCOx37@39.53 ACADx37@39.53 ADBEx37@39.53 

2015-02-08
Cash: 56.25
Held: ABCDx37@39.22 ABACx37@39.22 ACCOx37@39.22 ACADx37@39.22 ADBEx37@39.22 
Value: 7311.72
Sales: ABCDx37@39.22 ABACx37@39.22 ACCOx37@39.22 ACADx37@39.22 ADBEx37@39.22 
Purchases: ABCDx37@39.22 ABACx37@39.22 ACCOx37@39.22 ACADx37@39.22 ADBEx37@39.22 

2015-02-09
Cash: 56.25
Held: ABCDx37@39.31 ABACx37@39.31 ACCOx37@39.31 ACADx37@39.31 ADBEx37@39.31 
Value: 7329.06
Sales: ABCDx37@39.31 ABACx37@39.31 ACCOx37@39.31 ACADx37@39.31 ADBEx37@39.31 
Purchases: ABCDx37@39.31 ABACx37@39.31 ACCOx37@39.31 ACADx37@39.31 ADBEx37@39.31 

2015-02-10
Cash: 56.25
Held: ABCDx37@39.62 ABACx37@39.62 ACCOx37@39.62 ACADx37@39.62 ADBEx37@39.62 
Value: 7386.88
Sales: ABCDx37@39.62 ABACx37@39.62 ACCOx37@39.62 ACADx37@39.62 ADBEx37@39.62 
Purchases: ABCDx37@39.62 ABACx37@39.62 ACCOx37@39.62 ACADx37@39.62 ADBEx37@39.62 

2015-02-11
Cash: 56.25
Held: ABCDx37@39.59 ABACx37@39.59 ACCOx37@39.59 ACADx37@39.59 ADBEx37@39.59 
Value: 7381.09
Sales: ABCDx37@39.59 ABACx37@39.59 ACCOx37@39.59 ACADx37@39.59 ADBEx37@39.59 
Purchases: ABCDx37@39.59 ABACx37@39.59 ACCOx37@39.59 ACADx37@39.59 ADBEx37@39.59 

2015-02-12
Cash: 56.25
Held: ABCDx37@39.97 ABACx37@39.97 ACCOx37@39.97 ACADx37@39.97 ADBEx37@39.97 
Value: 7450.47
Sales: ABCDx37@39.97 ABACx37@39.97 ACCOx37@39.97 ACADx37@39.97 ADBEx37@39.97 
Purchases: ABCDx37@39.97 ABACx37@39.97 ACCOx37@39.97 ACADx37@39.97 ADBEx37@39.97 

2015-02-16
Cash: 56.25
Held: ABCDx37@40.00 ABACx37@40.00 ACCOx37@40.00 ACADx37@40.00 ADBEx37@40.00 
Value: 7456.25
Sales: ABCDx37@40.00 ABACx37@40.00 ACCOx37@40.00 ACADx37@40.00 ADBEx37@40.00 
Purchases: ABCDx37@40.00 ABACx37@40.00 ACCOx37@40.00 ACADx37@40.00 ADBEx37@40.00 

2015-02-17
Cash: 56.25
Held: ABCDx37@41.12 ABACx37@41.12 ACCOx37@41.12 ACADx37@41.12 ADBEx37@41.12 
Value: 7664.38
Sales: ABCDx37@41.12 ABACx37@41.12 ACCOx37@41.12 ACADx37@41.12 ADBEx37@41.12 
Purchases: ABCDx37@41.12 ABACx37@41.12 ACCOx37@41.12 ACADx37@41.12 ADBEx37@41.12 

2015-02-18
Cash: 56.25
Held: ABCDx37@41.41 ABACx37@41.41 ACCOx37@41.41 ACADx37@41.41 ADBEx37@41.41 
Value: 7716.41
Sales: ABCDx37@41.41 ABACx37@41.41 ACCOx37@41.41 ACADx37@41.41 ADBEx37@41.41 
Purchases: ABCDx37@41.41 ABACx37@41.41 ACCOx37@41.41 ACADx37@41.41 ADBEx37@41.41 

2015-02-19
Cash: 56.25
Held: ABCDx37@41.09 ABACx37@41.09 ACCOx37@41.09 ACADx37@41.09 ADBEx37@41.09 
Value: 7658.59
Sales: ABCDx37@41.09 ABACx37@41.09 ACCOx37@41.09 ACADx37@41.09 ADBEx37@41.09 
Purchases: ABCDx37@41.09 ABACx37@41.09 ACCOx37@41.09 ACADx37@41.09 ADBEx37@41.09 

2015-02-22
Cash: 56.25
Held: ABCDx37@41.88 ABACx37@41.88 ACCOx37@41.88 ACADx37@41.88 ADBEx37@41.88 
Value: 7803.12
Sales: ABCDx37@41.88 ABACx37@41.88 ACCOx37@41.88 ACADx37@41.88 ADBEx37@41.88 
Purchases: ABCDx37@41.88 ABACx37@41.88 ACCOx37@41.88 ACADx37@41.88 ADBEx37@41.88 

2015-02-23
Cash: 56.25
Held: ABCDx37@41.62 ABACx37@41.62 ACCOx37@41.62 ACADx37@41.62 ADBEx37@41.62 
Value: 7756.88
Sales: ABCDx37@41.62 ABACx37@41.62 ACCOx37@41.62 ACADx37@41.62 ADBEx37@41.62 
Purchases: ABCDx37@41.62 ABACx37@41.62 ACCOx37@41.62 ACADx37@41.62 ADBEx37@41.62 

2015-02-24
Cash: 56.25
Held: ABCDx37@42.34 ABACx37@42.34 ACCOx37@42.34 ACADx37@42.34 ADBEx37@42.34 
Value: 7889.84
Sales: ABCDx37@42.34 ABACx37@42.34 ACCOx37@42.34 ACADx37@42.34 ADBEx37@42.34 
Purchases: ABCDx37@42.34 ABACx37@42.34 ACCOx37@42.34 ACADx37@42.34 ADBEx37@42.34 

2015-02-25
Cash: 56.25
Held: ABCDx37@42.22 ABACx37@42.22 ACCOx37@42.22 ACADx37@42.22 ADBEx37@42.22 
Value: 7866.72
Sales: ABCDx37@42.22 ABACx37@42.22 ACCOx37@42.22 ACADx37@42.22 ADBEx37@42.22 
Purchases: ABCDx37@42.22 ABACx37@42.22 ACCOx37@42.22 ACADx37@42.22 ADBEx37@42.22 

2015-02-26
Cash: 56.25
Held: ABCDx37@42.31 ABACx37@42.31 ACCOx37@42.31 ACADx37@42.31 ADBEx37@42.31 
Value: 7884.06
Sales: ABCDx37@42.31 ABACx37@42.31 ACCOx37@42.31 ACADx37@42.31 ADBEx37@42.31 
Purchases: ABCDx37@42.31 ABACx37@42.31 ACCOx37@42.31 ACADx37@42.31 ADBEx37@42.31 

2015-03-01
Cash: 56.25
Held: ABCDx37@42.34 ABACx37@42.34 ACCOx37@42.34 ACADx37@42.34 ADBEx37@42.34 
Value: 7889.84
Sales: ABCDx37@42.34 ABACx37@42.34 ACCOx37@42.34 ACADx37@42.34 ADBEx37@42.34 
Purchases: ABCDx37@42.34 ABACx37@42.34 ACCOx37@42.34 ACADx37@42.34 ADBEx37@42.34 

2015-03-02
Cash: 56.25
Held: ABCDx37@42.44 ABACx37@42.44 ACCOx37@42.44 ACADx37@42.44 ADBEx37@42.44 
Value: 7907.19
Sales: ABCDx37@42.44 ABACx37@42.44 ACCOx37@42.44 ACADx37@42.44 ADBEx37@42.44 
Purchases: ABCDx37@42.44 ABACx37@42.44 ACCOx37@42.44 ACADx37@42.44 ADBEx37@42.44 

2015-03-03
Cash: 56.25
Held: ABCDx37@41.94 ABACx37@41.94 ACCOx37@41.94 ACADx37@41.94 ADBEx37@41.94 
Value: 7814.69
Sales: ABCDx37@41.94 ABACx37@41.94 ACCOx37@41.94 ACADx37@41.94 ADBEx37@41.94 
Purchases: ABCDx37@41.94 ABACx37@41.94 ACCOx37@41.94 ACADx37@41.94 ADBEx37@41.94 

2015-03-04
Cash: 56.25
Held: ABCDx37@42.00 ABACx37@42.00 ACCOx37@42.00 ACADx37@42.00 ADBEx37@42.00 
Value: 7826.25
Sales: ABCDx37@42.00 ABACx37@42.00 ACCOx37@42.00 ACADx37@42.00 ADBEx37@42.00 
Purchases: ABCDx37@42.00 ABACx37@42.00 ACCOx37@42.00 ACADx37@42.00 ADBEx37@42.00 

2015-03-05
Cash: 56.25
Held: ABCDx37@41.94 ABACx37@41.94 ACCOx37@41.94 ACADx37@41.94 ADBEx37@41.94 
Value: 7814.69
Sales: ABCDx37@41.94 ABACx37@41.94 ACCOx37@41.94 ACADx37@41.94 ADBEx37@41.94 
Purchases: ABCDx37@41.94 ABACx37@41.94 ACCOx37@41.94 ACADx37@41.94 ADBEx37@41.94 

2015-03-08
Cash: 56.25
Held: ABCDx37@41.53 ABACx37@41.53 ACCOx37@41.53 ACADx37@41.53 ADBEx37@41.53 
Value: 7739.53
Sales: ABCDx37@41.53 ABACx37@41.53 ACCOx37@41.53 ACADx37@41.53 ADBEx37@41.53 
Purchases: ABCDx37@41.53 ABACx37@41.53 ACCOx37@41.53 ACADx37@41.53 ADBEx37@41.53 

2015-03-09
Cash: 56.25
Held: ABCDx37@41.22 ABACx37@41.22 ACCOx37@41.22 ACADx37@41.22 ADBEx37@41.22 
Value: 7681.72
Sales: ABCDx37@41.22 ABACx37@41.22 ACCOx37@41.22 ACADx37@41.22 ADBEx37@41.22 
Purchases: ABCDx37@41.22 ABACx37@41.22 ACCOx37@41.22 ACADx37@41.22 ADBEx37@41.22 

2015-03-10
Cash: 56.25
Held: ABCDx37@40.78 ABACx37@40.78 ACCOx37@40.78 ACADx37@40.78 ADBEx37@40.78 
Value: 7600.78
Sales: ABCDx37@40.78 ABACx37@40.78 ACCOx37@40.78 ACADx37@40.78 ADBEx37@40.78 
Purchases: ABCDx37@40.78 ABACx37@40.78 ACCOx37@40.78 ACADx37@40.78 ADBEx37@40.78 

2015-03-11
Cash: 56.25
Held: ABCDx37@41.00 ABACx37@41.00 ACCOx37@41.00 ACADx37@41.00 ADBEx37@41.00 
Value: 7641.25
Sales: ABCDx37@41.00 ABACx37@41.00 ACCOx37@41.00 ACADx37@41.00 ADBEx37@41.00 
Purchases: ABCDx37@41.00 ABACx37@41.00 ACCOx37@41.00 ACADx37@41.00 ADBEx37@41.00 

2015-03-12
Cash: 56.25
Held: ABCDx37@40.97 ABACx37@40.97 ACCOx37@40.97 ACADx37@40.97 ADBEx37@40.97 
Value: 7635.47
Sales: ABCDx37@40.97 ABACx37@40.97 ACCOx37@40.97 ACADx37@40.97 ADBEx37@40.97 
Purchases: ABCDx37@40.97 ABACx37@40.97 ACCOx37@40.97 ACADx37@40.97 ADBEx37@40.97 

2015-03-15
Cash: 56.25
Held: ABCDx37@41.16 ABACx37@41.16 ACCOx37@41.16 ACADx37@41.16 ADBEx37@41.16 
Value: 7670.16
Sales: ABCDx37@41.16 ABACx37@41.16 ACCOx37@41.16 ACADx37@41.16 ADBEx37@41.16 
Purchases: ABCDx37@41.16 ABACx37@41.16 ACCOx37@41.16 ACADx37@41.16 ADBEx37@41.16 

2015-03-16
Cash: 56.25
Held: ABCDx37@41.53 ABACx37@41.53 ACCOx37@41.53 ACADx37@41.53 ADBEx37@41.53 
Value: 7739.53
Sales: ABCDx37@41.53 ABACx37@41.53 ACCOx37@41.53 ACADx37@41.53 ADBEx37@41.53 
Purchases: ABCDx37@41.53 ABACx37@41.53 ACCOx37@41.53 ACADx37@41.53 ADBEx37@41.53 

2015-03-17
Cash: 56.25
Held: ABCDx37@41.44 ABACx37@41.44 ACCOx37@41.44 ACADx37@41.44 ADBEx37@41.44 
Value: 7722.19
Sales: ABCDx37@41.44 ABACx37@41.44 ACCOx37@41.44 ACADx37@41.44 ADBEx37@41.44 
Purchases: ABCDx37@41.44 ABACx37@41.44 ACCOx37@41.44 ACADx37@41.44 ADBEx37@41.44 

2015-03-18
Cash: 56.25
Held: ABCDx37@42.06 ABACx37@42.06 ACCOx37@42.06 ACADx37@42.06 ADBEx37@42.06 
Value: 7837.81
Sales: ABCDx37@42.06 ABACx37@42.06 ACCOx37@42.06 ACADx37@42.06 ADBEx37@42.06 
Purchases: ABCDx37@42.06 ABACx37@42.06 ACCOx37@42.06 ACADx37@42.06 ADBEx37@42.06 

2015-03-19
Cash: 56.25
Held: ABCDx37@42.38 ABACx37@42.38 ACCOx37@42.38 ACADx37@42.38 ADBEx37@42.38 
Value: 7895.62
Sales: ABCDx37@42.38 ABACx37@42.38 ACCOx37@42.38 ACADx37@42.38 ADBEx37@42.38 
Purchases: ABCDx37@42.38 ABACx37@42.38 ACCOx37@42.38 ACADx37@42.38 ADBEx37@42.38 

2015-03-22
Cash: 56.25
Held: ABCDx37@42.12 ABACx37@42.12 ACCOx37@42.12 ACADx37@42.12 ADBEx37@42.12 
Value: 7849.38
Sales: ABCDx37@42.12 ABACx37@42.12 ACCOx37@42.12 ACADx37@42.12 ADBEx37@42.12 
Purchases: ABCDx37@42.12 ABACx37@42.12 ACCOx37@42.12 ACADx37@42.12 ADBEx37@42.12 

2015-03-23
Cash: 56.25
Held: ABCDx37@42.12 ABACx37@42.12 ACCOx37@42.12 ACADx37@42.12 ADBEx37@42.12 
Value: 7849.38
Sales: ABCDx37@42.12 ABACx37@42.12 ACCOx37@42.12 ACADx37@42.12 ADBEx37@42.12 
Purchases: ABCDx37@42.12 ABACx37@42.12 ACCOx37@42.12 ACADx37@42.12 ADBEx37@42.12 

2015-03-24
Cash: 56.25
Held: ABCDx37@41.16 ABACx37@41.16 ACCOx37@41.16 ACADx37@41.16 ADBEx37@41.16 
Value: 7670.16
Sales: ABCDx37@41.16 ABACx37@41.16 ACCOx37@41.16 ACADx37@41.16 ADBEx37@41.16 
Purchases: ABCDx37@41.16 ABACx37@41.16 ACCOx37@41.16 ACADx37@41.16 ADBEx37@41.16 

2015-03-25
Cash: 56.25
Held: ABCDx37@40.69 ABACx37@40.69 ACCOx37@40.69 ACADx37@40.69 ADBEx37@40.69 
Value: 7583.44
Sales: ABCDx37@40.69 ABACx37@40.69 ACCOx37@40.69 ACADx37@40.69 ADBEx37@40.69 
Purchases: ABCDx37@40.69 ABACx37@40.69 ACCOx37@40.69 ACADx37@40.69 ADBEx37@40.69 

2015-03-26
Cash: 56.25
Held: ABCDx37@40.59 ABACx37@40.59 ACCOx37@40.59 ACADx37@40.59 ADBEx37@40.59 
Value: 7566.09
Sales: ABCDx37@40.59 ABACx37@40.59 ACCOx37@40.59 ACADx37@40.59 ADBEx37@40.59 
Purchases: ABCDx37@40.59 ABACx37@40.59 ACCOx37@40.59 ACADx37@40.59 ADBEx37@40.59 

2015-03-29
Cash: 56.25
Held: ABCDx37@41.53 ABACx37@41.53 ACCOx37@41.53 ACADx37@41.53 ADBEx37@41.53 
Value: 7739.53
Sales: ABCDx37@41.53 ABACx37@41.53 ACCOx37@41.53 ACADx37@41.53 ADBEx37@41.53 
Purchases: ABCDx37@41.53 ABACx37@41.53 ACCOx37@41.53 ACADx37@41.53 ADBEx37@41.53 

2015-03-30
Cash: 56.25
Held: ABCDx37@41.28 ABACx37@41.28 ACCOx37@41.28 ACADx37@41.28 ADBEx37@41.28 
Value: 7693.28
Sales: ABCDx37@41.28 ABACx37@41.28 ACCOx37@41.28 ACADx37@41.28 ADBEx37@41.28 
Purchases: ABCDx37@41.28 ABACx37@41.28 ACCOx37@41.28 ACADx37@41.28 ADBEx37@41.28 

2015-03-31
Cash: 56.25
Held: ABCDx37@41.47 ABACx37@41.47 ACCOx37@41.47 ACADx37@41.47 ADBEx37@41.47 
Value: 7727.97
Sales: ABCDx37@41.47 ABACx37@41.47 ACCOx37@41.47 ACADx37@41.47 ADBEx37@41.47 
Purchases: ABCDx37@41.47 ABACx37@41.47 ACCOx37@41.47 ACADx37@41.47 ADBEx37@41.47 

2015-04-01
Cash: 56.25
Held: ABCDx37@41.47 ABACx37@41.47 ACCOx37@41.47 ACADx37@41.47 ADBEx37@41.47 
Value: 7727.97
Sales: ABCDx37@41.47 ABACx37@41.47 ACCOx37@41.47 ACADx37@41.47 ADBEx37@41.47 
Purchases: ABCDx37@41.47 ABACx37@41.47 ACCOx37@41.47 ACADx37@41.47 ADBEx37@41.47 

2015-04-05
Cash: 56.25
Held: ABCDx37@41.69 ABACx37@41.69 ACCOx37@41.69 ACADx37@41.69 ADBEx37@41.69 
Value: 7768.44
Sales: ABCDx37@41.69 ABACx37@41.69 ACCOx37@41.69 ACADx37@41.69 ADBEx37@41.69 
Purchases: ABCDx37@41.69 ABACx37@41.69 ACCOx37@41.69 ACADx37@41.69 ADBEx37@41.69 

2015-04-06
Cash: 56.25
Held: ABCDx37@41.94 ABACx37@41.94 ACCOx37@41.94 ACADx37@41.94 ADBEx37@41.94 
Value: 7814.69
Sales: ABCDx37@41.94 ABACx37@41.94 ACCOx37@41.94 ACADx37@41.94 ADBEx37@41.94 
Purchases: ABCDx37@41.94 ABACx37@41.94 ACCOx37@41.94 ACADx37@41.94 ADBEx37@41.94 

2015-04-07
Cash: 56.25
Held: ABCDx37@42.44 ABACx37@42.44 ACCOx37@42.44 ACADx37@42.44 ADBEx37@42.44 
Value: 7907.19
Sales: ABCDx37@42.44 ABACx37@42.44 ACCOx37@42.44 ACADx37@42.44 ADBEx37@42.44 
Purchases: ABCDx37@42.44 ABACx37@42.44 ACCOx37@42.44 ACADx37@42.44 ADBEx37@42.44 

2015-04-08
Cash: 56.25
Held: ABCDx37@42.16 ABACx37@42.16 ACCOx37@42.16 ACADx37@42.16 ADBEx37@42.16 
Value: 7855.16
Sales: ABCDx37@42.16 ABACx37@42.16 ACCOx37@42.16 ACADx37@42.16 ADBEx37@42.16 
Purchases: ABCDx37@42.16 ABACx37@42.16 ACCOx37@42.16 ACADx37@42.16 ADBEx37@42.16 

2015-04-09
Cash: 56.25
Held: ABCDx37@42.81 ABACx37@42.81 ACCOx37@42.81 ACADx37@42.81 ADBEx37@42.81 
Value: 7976.56
Sales: ABCDx37@42.81 ABACx37@42.81 ACCOx37@42.81 ACADx37@42.81 ADBEx37@42.81 
Purchases: ABCDx37@42.81 ABACx37@42.81 ACCOx37@42.81 ACADx37@42.81 ADBEx37@42.81 

2015-04-12
Cash: 56.25
Held: ABCDx37@43.59 ABACx37@43.59 ACCOx37@43.59 ACADx37@43.59 ADBEx37@43.59 
Value: 8121.09
Sales: ABCDx37@43.59 ABACx37@43.59 ACCOx37@43.59 ACADx37@43.59 ADBEx37@43.59 
Purchases: ABCDx37@43.59 ABACx37@43.59 ACCOx37@43.59 ACADx37@43.59 ADBEx37@43.59 

2015-04-13
Cash: 56.25
Held: ABCDx37@42.97 ABACx37@42.97 ACCOx37@42.97 ACADx37@42.97 ADBEx37@42.97 
Value: 8005.47
Sales: ABCDx37@42.97 ABACx37@42.97 ACCOx37@42.97 ACADx37@42.97 ADBEx37@42.97 
Purchases: ABCDx37@42.97 ABACx37@42.97 ACCOx37@42.97 ACADx37@42.97 ADBEx37@42.97 

2015-04-14
Cash: 56.25
Held: ABCDx37@43.28 ABACx37@43.28 ACCOx37@43.28 ACADx37@43.28 ADBEx37@43.28 
Value: 8063.28
Sales: ABCDx37@43.28 ABACx37@43.28 ACCOx37@43.28 ACADx37@43.28 ADBEx37@43.28 
Purchases: ABCDx37@43.28 ABACx37@43.28 ACCOx37@43.28 ACADx37@43.28 ADBEx37@43.28 

