2014-06-12
Cash: 10000.00
Held: 
Value: 10000.00
Sales: 
Purchases: ABCDx34@58.53 ABACx34@58.53 ACCOx34@58.53 ACADx34@58.53 ADBEx34@58.53 

2014-06-15
Cash: 49.69
Held: ABCDx34@58.56 ABACx34@58.56 ACCOx34@58.56 ACADx34@58.56 ADBEx34@58.56 
Value: 10005.31
Sales: ABCDx34@58.56 ABACx34@58.56 ACCOx34@58.56 ACADx34@58.56 ADBEx34@58.56 
Purchases: ABCDx34@58.56 ABACx34@58.56 ACCOx34@58.56 ACADx34@58.56 ADBEx34@58.56 

2014-06-16
Cash: 49.69
Held: ABCDx34@58.28 ABACx34@58.28 ACCOx34@58.28 ACADx34@58.28 ADBEx34@58.28 
Value: 9957.50
Sales: ABCDx34@58.28 ABACx34@58.28 ACCOx34@58.28 ACADx34@58.28 ADBEx34@58.28 
Purchases: ABCDx34@58.28 ABACx34@58.28 ACCOx34@58.28 ACADx34@58.28 ADBEx34@58.28 

2014-06-17
Cash: 49.69
Held: ABCDx34@58.88 ABACx34@58.88 ACCOx34@58.88 ACADx34@58.88 ADBEx34@58.88 
Value: 10058.44
Sales: ABCDx34@58.88 ABACx34@58.88 ACCOx34@58.88 ACADx34@58.88 ADBEx34@58.88 
Purchases: ABCDx34@58.88 ABACx34@58.88 ACCOx34@58.88 ACADx34@58.88 ADBEx34@58.88 

2014-06-18
Cash: 49.69
Held: ABCDx34@59.19 ABACx34@59.19 ACCOx34@59.19 ACADx34@59.19 ADBEx34@59.19 
Value: 10111.56
Sales: ABCDx34@59.19 ABACx34@59.19 ACCOx34@59.19 ACADx34@59.19 ADBEx34@59.19 
Purchases: ABCDx34@59.19 ABACx34@59.19 ACCOx34@59.19 ACADx34@59.19 ADBEx34@59.19 

2014-06-19
Cash: 49.69
Held: ABCDx34@57.84 ABACx34@57.84 ACCOx34@57.84 ACADx34@57.84 ADBEx34@57.84 
Value: 9883.12
Sales: ABCDx34@57.84 ABACx34@57.84 ACCOx34@57.84 ACADx34@57.84 ADBEx34@57.84 
Purchases: ABCDx34@57.84 ABACx34@57.84 ACCOx34@57.84 ACADx34@57.84 ADBEx34@57.84 

2014-06-22
Cash: 49.69
Held: ABCDx34@58.72 ABACx34@58.72 ACCOx34@58.72 ACADx34@58.72 ADBEx34@58.72 
Value: 10031.88
Sales: ABCDx34@58.72 ABACx34@58.72 ACCOx34@58.72 ACADx34@58.72 ADBEx34@58.72 
Purchases: ABCDx34@58.72 ABACx34@58.72 ACCOx34@58.72 ACADx34@58.72 ADBEx34@58.72 

2014-06-23
Cash: 49.69
Held: ABCDx34@58.03 ABACx34@58.03 ACCOx34@58.03 ACADx34@58.03 ADBEx34@58.03 
Value: 9915.00
Sales: ABCDx34@58.03 ABACx34@58.03 ACCOx34@58.03 ACADx34@58.03 ADBEx34@58.03 
Purchases: ABCDx34@58.03 ABACx34@58.03 ACCOx34@58.03 ACADx34@58.03 ADBEx34@58.03 

2014-06-24
Cash: 49.69
Held: ABCDx34@57.62 ABACx34@57.62 ACCOx34@57.62 ACADx34@57.62 ADBEx34@57.62 
Value: 9845.94
Sales: ABCDx34@57.62 ABACx34@57.62 ACCOx34@57.62 ACADx34@57.62 ADBEx34@57.62 
Purchases: ABCDx34@57.62 ABACx34@57.62 ACCOx34@57.62 ACADx34@57.62 ADBEx34@57.62 

2014-06-25
Cash: 49.69
Held: ABCDx34@58.00 ABACx34@58.00 ACCOx34@58.00 ACADx34@58.00 ADBEx34@58.00 
Value: 9909.69
Sales: ABCDx34@58.00 ABACx34@58.00 ACCOx34@58.00 ACADx34@58.00 ADBEx34@58.00 
Purchases: ABCDx34@58.00 ABACx34@58.00 ACCOx34@58.00 ACADx34@58.00 ADBEx34@58.00 

2014-06-26
Cash: 49.69
Held: ABCDx34@57.53 ABACx34@57.53 ACCOx34@57.53 ACADx34@57.53 ADBEx34@57.53 
Value: 9830.00
Sales: ABCDx34@57.53 ABACx34@57.53 ACCOx34@57.53 ACADx34@57.53 ADBEx34@57.53 
Purchases: ABCDx34@57.53 ABACx34@57.53 ACCOx34@57.53 ACADx34@57.53 ADBEx34@57.53 

2014-06-29
Cash: 49.69
Held: ABCDx34@57.38 ABACx34@57.38 ACCOx34@57.38 ACADx34@57.38 ADBEx34@57.38 
Value: 9803.44
Sales: ABCDx34@57.38 ABACx34@57.38 ACCOx34@57.38 ACADx34@57.38 ADBEx34@57.38 
Purchases: ABCDx34@57.38 ABACx34@57.38 ACCOx34@57.38 ACADx34@57.38 ADBEx34@57.38 

2014-06-30
Cash: 49.69
Held: ABCDx34@57.75 ABACx34@57.75 ACCOx34@57.75 ACADx34@57.75 ADBEx34@57.75 
Value: 9867.19
Sales: ABCDx34@57.75 ABACx34@57.75 ACCOx34@57.75 ACADx34@57.75 ADBEx34@57.75 
Purchases: ABCDx34@57.75 ABACx34@57.75 ACCOx34@57.75 ACADx34@57.75 ADBEx34@57.75 

2014-07-01
Cash: 49.69
Held: ABCDx34@58.12 ABACx34@58.12 ACCOx34@58.12 ACADx34@58.12 ADBEx34@58.12 
Value: 9930.94
Sales: ABCDx34@58.12 ABACx34@58.12 ACCOx34@58.12 ACADx34@58.12 ADBEx34@58.12 
Purchases: ABCDx34@58.12 ABACx34@58.12 ACCOx34@58.12 ACADx34@58.12 ADBEx34@58.12 

2014-07-02
Cash: 49.69
Held: ABCDx34@58.19 ABACx34@58.19 ACCOx34@58.19 ACADx34@58.19 ADBEx34@58.19 
Value: 9941.56
Sales: ABCDx34@58.19 ABACx34@58.19 ACCOx34@58.19 ACADx34@58.19 ADBEx34@58.19 
Purchases: ABCDx34@58.19 ABACx34@58.19 ACCOx34@58.19 ACADx34@58.19 ADBEx34@58.19 

2014-07-06
Cash: 49.69
Held: ABCDx34@58.19 ABACx34@58.19 ACCOx34@58.19 ACADx34@58.19 ADBEx34@58.19 
Value: 9941.56
Sales: ABCDx34@58.19 ABACx34@58.19 ACCOx34@58.19 ACADx34@58.19 ADBEx34@58.19 
Purchases: ABCDx34@58.19 ABACx34@58.19 ACCOx34@58.19 ACADx34@58.19 ADBEx34@58.19 

2014-07-07
Cash: 49.69
Held: ABCDx34@57.84 ABACx34@57.84 ACCOx34@57.84 ACADx34@57.84 ADBEx34@57.84 
Value: 9883.12
Sales: ABCDx34@57.84 ABACx34@57.84 ACCOx34@57.84 ACADx34@57.84 ADBEx34@57.84 
Purchases: ABCDx34@57.84 ABACx34@57.84 ACCOx34@57.84 ACADx34@57.84 ADBEx34@57.84 

2014-07-08
Cash: 49.69
Held: ABCDx34@57.06 ABACx34@57.06 ACCOx34@57.06 ACADx34@57.06 ADBEx34@57.06 
Value: 9750.31
Sales: ABCDx34@57.06 ABACx34@57.06 ACCOx34@57.06 ACADx34@57.06 ADBEx34@57.06 
Purchases: ABCDx34@57.06 ABACx34@57.06 ACCOx34@57.06 ACADx34@57.06 ADBEx34@57.06 

2014-07-09
Cash: 49.69
Held: ABCDx34@56.41 ABACx34@56.41 ACCOx34@56.41 ACADx34@56.41 ADBEx34@56.41 
Value: 9638.75
Sales: ABCDx34@56.41 ABACx34@56.41 ACCOx34@56.41 ACADx34@56.41 ADBEx34@56.41 
Purchases: ABCDx34@56.41 ABACx34@56.41 ACCOx34@56.41 ACADx34@56.41 ADBEx34@56.41 

2014-07-10
Cash: 49.69
Held: ABCDx34@56.34 ABACx34@56.34 ACCOx34@56.34 ACADx34@56.34 ADBEx34@56.34 
Value: 9628.12
Sales: ABCDx34@56.34 ABACx34@56.34 ACCOx34@56.34 ACADx34@56.34 ADBEx34@56.34 
Purchases: ABCDx34@56.34 ABACx34@56.34 ACCOx34@56.34 ACADx34@56.34 ADBEx34@56.34 

2014-07-13
Cash: 49.69
Held: ABCDx34@56.94 ABACx34@56.94 ACCOx34@56.94 ACADx34@56.94 ADBEx34@56.94 
Value: 9729.06
Sales: ABCDx34@56.94 ABACx34@56.94 ACCOx34@56.94 ACADx34@56.94 ADBEx34@56.94 
Purchases: ABCDx34@56.94 ABACx34@56.94 ACCOx34@56.94 ACADx34@56.94 ADBEx34@56.94 

2014-07-14
Cash: 49.69
Held: ABCDx34@56.69 ABACx34@56.69 ACCOx34@56.69 ACADx34@56.69 ADBEx34@56.69 
Value: 9686.56
Sales: ABCDx34@56.69 ABACx34@56.69 ACCOx34@56.69 ACADx34@56.69 ADBEx34@56.69 
Purchases: ABCDx34@56.69 ABACx34@56.69 ACCOx34@56.69 ACADx34@56.69 ADBEx34@56.69 

2014-07-15
Cash: 49.69
Held: ABCDx34@56.88 ABACx34@56.88 ACCOx34@56.88 ACADx34@56.88 ADBEx34@56.88 
Value: 9718.44
Sales: ABCDx34@56.88 ABACx34@56.88 ACCOx34@56.88 ACADx34@56.88 ADBEx34@56.88 
Purchases: ABCDx34@56.88 ABACx34@56.88 ACCOx34@56.88 ACADx34@56.88 ADBEx34@56.88 

2014-07-16
Cash: 49.69
Held: ABCDx34@56.47 ABACx34@56.47 ACCOx34@56.47 ACADx34@56.47 ADBEx34@56.47 
Value: 9649.38
Sales: ABCDx34@56.47 ABACx34@56.47 ACCOx34@56.47 ACADx34@56.47 ADBEx34@56.47 
Purchases: ABCDx34@56.47 ABACx34@56.47 ACCOx34@56.47 ACADx34@56.47 ADBEx34@56.47 

2014-07-17
Cash: 49.69
Held: ABCDx34@55.41 ABACx34@55.41 ACCOx34@55.41 ACADx34@55.41 ADBEx34@55.41 
Value: 9468.75
Sales: ABCDx34@55.41 ABACx34@55.41 ACCOx34@55.41 ACADx34@55.41 ADBEx34@55.41 
Purchases: ABCDx34@55.41 ABACx34@55.41 ACCOx34@55.41 ACADx34@55.41 ADBEx34@55.41 

2014-07-20
Cash: 49.69
Held: ABCDx34@55.88 ABACx34@55.88 ACCOx34@55.88 ACADx34@55.88 ADBEx34@55.88 
Value: 9548.44
Sales: ABCDx34@55.88 ABACx34@55.88 ACCOx34@55.88 ACADx34@55.88 ADBEx34@55.88 
Purchases: ABCDx34@55.88 ABACx34@55.88 ACCOx34@55.88 ACADx34@55.88 ADBEx34@55.88 

2014-07-21
Cash: 49.69
Held: ABCDx34@57.00 ABACx34@57.00 ACCOx34@57.00 ACADx34@57.00 ADBEx34@57.00 
Value: 9739.69
Sales: ABCDx34@57.00 ABACx34@57.00 ACCOx34@57.00 ACADx34@57.00 ADBEx34@57.00 
Purchases: ABCDx34@57.00 ABACx34@57.00 ACCOx34@57.00 ACADx34@57.00 ADBEx34@57.00 

2014-07-22
Cash: 49.69
Held: ABCDx34@58.12 ABACx34@58.12 ACCOx34@58.12 ACADx34@58.12 ADBEx34@58.12 
Value: 9930.94
Sales: ABCDx34@58.12 ABACx34@58.12 ACCOx34@58.12 ACADx34@58.12 ADBEx34@58.12 
Purchases: ABCDx34@58.12 ABACx34@58.12 ACCOx34@58.12 ACADx34@58.12 ADBEx34@58.12 

2014-07-23
Cash: 49.69
Held: ABCDx34@57.59 ABACx34@57.59 ACCOx34@57.59 ACADx34@57.59 ADBEx34@57.59 
Value: 9840.62
Sales: ABCDx34@57.59 ABACx34@57.59 ACCOx34@57.59 ACADx34@57.59 ADBEx34@57.59 
Purchases: ABCDx34@57.59 ABACx34@57.59 ACCOx34@57.59 ACADx34@57.59 ADBEx34@57.59 

2014-07-24
Cash: 49.69
Held: ABCDx34@56.53 ABACx34@56.53 ACCOx34@56.53 ACADx34@56.53 ADBEx34@56.53 
Value: 9660.00
Sales: ABCDx34@56.53 ABACx34@56.53 ACCOx34@56.53 ACADx34@56.53 ADBEx34@56.53 
Purchases: ABCDx34@56.53 ABACx34@56.53 ACCOx34@56.53 ACADx34@56.53 ADBEx34@56.53 

2014-07-27
Cash: 49.69
Held: ABCDx34@56.50 ABACx34@56.50 ACCOx34@56.50 ACADx34@56.50 ADBEx34@56.50 
Value: 9654.69
Sales: ABCDx34@56.50 ABACx34@56.50 ACCOx34@56.50 ACADx34@56.50 ADBEx34@56.50 
Purchases: ABCDx34@56.50 ABACx34@56.50 ACCOx34@56.50 ACADx34@56.50 ADBEx34@56.50 

2014-07-28
Cash: 49.69
Held: ABCDx34@56.28 ABACx34@56.28 ACCOx34@56.28 ACADx34@56.28 ADBEx34@56.28 
Value: 9617.50
Sales: ABCDx34@56.28 ABACx34@56.28 ACCOx34@56.28 ACADx34@56.28 ADBEx34@56.28 
Purchases: ABCDx34@56.28 ABACx34@56.28 ACCOx34@56.28 ACADx34@56.28 ADBEx34@56.28 

2014-07-29
Cash: 49.69
Held: ABCDx34@56.22 ABACx34@56.22 ACCOx34@56.22 ACADx34@56.22 ADBEx34@56.22 
Value: 9606.88
Sales: ABCDx34@56.22 ABACx34@56.22 ACCOx34@56.22 ACADx34@56.22 ADBEx34@56.22 
Purchases: ABCDx34@56.22 ABACx34@56.22 ACCOx34@56.22 ACADx34@56.22 ADBEx34@56.22 

2014-07-30
Cash: 49.69
Held: ABCDx34@56.22 ABACx34@56.22 ACCOx34@56.22 ACADx34@56.22 ADBEx34@56.22 
Value: 9606.88
Sales: ABCDx34@56.22 ABACx34@56.22 ACCOx34@56.22 ACADx34@56.22 ADBEx34@56.22 
Purchases: ABCDx34@56.22 ABACx34@56.22 ACCOx34@56.22 ACADx34@56.22 ADBEx34@56.22 

2014-07-31
Cash: 49.69
Held: ABCDx34@55.78 ABACx34@55.78 ACCOx34@55.78 ACADx34@55.78 ADBEx34@55.78 
Value: 9532.50
Sales: ABCDx34@55.78 ABACx34@55.78 ACCOx34@55.78 ACADx34@55.78 ADBEx34@55.78 
Purchases: ABCDx34@55.78 ABACx34@55.78 ACCOx34@55.78 ACADx34@55.78 ADBEx34@55.78 

2014-08-03
Cash: 49.69
Held: ABCDx34@56.19 ABACx34@56.19 ACCOx34@56.19 ACADx34@56.19 ADBEx34@56.19 
Value: 9601.56
Sales: ABCDx34@56.19 ABACx34@56.19 ACCOx34@56.19 ACADx34@56.19 ADBEx34@56.19 
Purchases: ABCDx34@56.19 ABACx34@56.19 ACCOx34@56.19 ACADx34@56.19 ADBEx34@56.19 

2014-08-04
Cash: 49.69
Held: ABCDx34@55.91 ABACx34@55.91 ACCOx34@55.91 ACADx34@55.91 ADBEx34@55.91 
Value: 9553.75
Sales: ABCDx34@55.91 ABACx34@55.91 ACCOx34@55.91 ACADx34@55.91 ADBEx34@55.91 
Purchases: ABCDx34@55.91 ABACx34@55.91 ACCOx34@55.91 ACADx34@55.91 ADBEx34@55.91 

2014-08-05
Cash: 49.69
Held: ABCDx34@55.22 ABACx34@55.22 ACCOx34@55.22 ACADx34@55.22 ADBEx34@55.22 
Value: 9436.88
Sales: ABCDx34@55.22 ABACx34@55.22 ACCOx34@55.22 ACADx34@55.22 ADBEx34@55.22 
Purchases: ABCDx34@55.22 ABACx34@55.22 ACCOx34@55.22 ACADx34@55.22 ADBEx34@55.22 

2014-08-06
Cash: 49.69
Held: ABCDx34@55.97 ABACx34@55.97 ACCOx34@55.97 ACADx34@55.97 ADBEx34@55.97 
Value: 9564.38
Sales: ABCDx34@55.97 ABACx34@55.97 ACCOx34@55.97 ACADx34@55.97 ADBEx34@55.97 
Purchases: ABCDx34@55.97 ABACx34@55.97 ACCOx34@55.97 ACADx34@55.97 ADBEx34@55.97 

2014-08-07
Cash: 49.69
Held: ABCDx34@55.31 ABACx34@55.31 ACCOx34@55.31 ACADx34@55.31 ADBEx34@55.31 
Value: 9452.81
Sales: ABCDx34@55.31 ABACx34@55.31 ACCOx34@55.31 ACADx34@55.31 ADBEx34@55.31 
Purchases: ABCDx34@55.31 ABACx34@55.31 ACCOx34@55.31 ACADx34@55.31 ADBEx34@55.31 

2014-08-10
Cash: 49.69
Held: ABCDx34@55.44 ABACx34@55.44 ACCOx34@55.44 ACADx34@55.44 ADBEx34@55.44 
Value: 9474.06
Sales: ABCDx34@55.44 ABACx34@55.44 ACCOx34@55.44 ACADx34@55.44 ADBEx34@55.44 
Purchases: ABCDx34@55.44 ABACx34@55.44 ACCOx34@55.44 ACADx34@55.44 ADBEx34@55.44 

2014-08-11
Cash: 49.69
Held: ABCDx34@55.00 ABACx34@55.00 ACCOx34@55.00 ACADx34@55.00 ADBEx34@55.00 
Value: 9399.69
Sales: ABCDx34@55.00 ABACx34@55.00 ACCOx34@55.00 ACADx34@55.00 ADBEx34@55.00 
Purchases: ABCDx34@55.00 ABACx34@55.00 ACCOx34@55.00 ACADx34@55.00 ADBEx34@55.00 

2014-08-12
Cash: 49.69
Held: ABCDx34@54.47 ABACx34@54.47 ACCOx34@54.47 ACADx34@54.47 ADBEx34@54.47 
Value: 9309.38
Sales: ABCDx34@54.47 ABACx34@54.47 ACCOx34@54.47 ACADx34@54.47 ADBEx34@54.47 
Purchases: ABCDx34@54.47 ABACx34@54.47 ACCOx34@54.47 ACADx34@54.47 ADBEx34@54.47 

2014-08-13
Cash: 49.69
Held: ABCDx34@54.78 ABACx34@54.78 ACCOx34@54.78 ACADx34@54.78 ADBEx34@54.78 
Value: 9362.50
Sales: ABCDx34@54.78 ABACx34@54.78 ACCOx34@54.78 ACADx34@54.78 ADBEx34@54.78 
Purchases: ABCDx34@54.78 ABACx34@54.78 ACCOx34@54.78 ACADx34@54.78 ADBEx34@54.78 

2014-08-14
Cash: 49.69
Held: ABCDx34@58.94 ABACx34@58.94 ACCOx34@58.94 ACADx34@58.94 ADBEx34@58.94 
Value: 10069.06
Sales: ABCDx34@58.94 ABACx34@58.94 ACCOx34@58.94 ACADx34@58.94 ADBEx34@58.94 
Purchases: ABCDx34@58.94 ABACx34@58.94 ACCOx34@58.94 ACADx34@58.94 ADBEx34@58.94 

2014-08-17
Cash: 49.69
Held: ABCDx34@57.75 ABACx34@57.75 ACCOx34@57.75 ACADx34@57.75 ADBEx34@57.75 
Value: 9867.19
Sales: ABCDx34@57.75 ABACx34@57.75 ACCOx34@57.75 ACADx34@57.75 ADBEx34@57.75 
Purchases: ABCDx34@57.75 ABACx34@57.75 ACCOx34@57.75 ACADx34@57.75 ADBEx34@57.75 

2014-08-18
Cash: 49.69
Held: ABCDx34@58.53 ABACx34@58.53 ACCOx34@58.53 ACADx34@58.53 ADBEx34@58.53 
Value: 10000.00
Sales: ABCDx34@58.53 ABACx34@58.53 ACCOx34@58.53 ACADx34@58.53 ADBEx34@58.53 
Purchases: ABCDx34@58.53 ABACx34@58.53 ACCOx34@58.53 ACADx34@58.53 ADBEx34@58.53 

2014-08-19
Cash: 49.69
Held: ABCDx34@58.31 ABACx34@58.31 ACCOx34@58.31 ACADx34@58.31 ADBEx34@58.31 
Value: 9962.81
Sales: ABCDx34@58.31 ABACx34@58.31 ACCOx34@58.31 ACADx34@58.31 ADBEx34@58.31 
Purchases: ABCDx34@58.31 ABACx34@58.31 ACCOx34@58.31 ACADx34@58.31 ADBEx34@58.31 

2014-08-20
Cash: 49.69
Held: ABCDx34@58.38 ABACx34@58.38 ACCOx34@58.38 ACADx34@58.38 ADBEx34@58.38 
Value: 9973.44
Sales: ABCDx34@58.38 ABACx34@58.38 ACCOx34@58.38 ACADx34@58.38 ADBEx34@58.38 
Purchases: ABCDx34@58.38 ABACx34@58.38 ACCOx34@58.38 ACADx34@58.38 ADBEx34@58.38 

2014-08-21
Cash: 49.69
Held: ABCDx34@57.91 ABACx34@57.91 ACCOx34@57.91 ACADx34@57.91 ADBEx34@57.91 
Value: 9893.75
Sales: ABCDx34@57.91 ABACx34@57.91 ACCOx34@57.91 ACADx34@57.91 ADBEx34@57.91 
Purchases: ABCDx34@57.91 ABACx34@57.91 ACCOx34@57.91 ACADx34@57.91 ADBEx34@57.91 

2014-08-24
Cash: 49.69
Held: ABCDx34@57.88 ABACx34@57.88 ACCOx34@57.88 ACADx34@57.88 ADBEx34@57.88 
Value: 9888.44
Sales: ABCDx34@57.88 ABACx34@57.88 ACCOx34@57.88 ACADx34@57.88 ADBEx34@57.88 
Purchases: ABCDx34@57.88 ABACx34@57.88 ACCOx34@57.88 ACADx34@57.88 ADBEx34@57.88 

2014-08-25
Cash: 49.69
Held: ABCDx34@57.75 ABACx34@57.75 ACCOx34@57.75 ACADx34@57.75 ADBEx34@57.75 
Value: 9867.19
Sales: ABCDx34@57.75 ABACx34@57.75 ACCOx34@57.75 ACADx34@57.75 ADBEx34@57.75 
Purchases: ABCDx34@57.75 ABACx34@57.75 ACCOx34@57.75 ACADx34@57.75 ADBEx34@57.75 

2014-08-26
Cash: 49.69
Held: ABCDx34@58.00 ABACx34@58.00 ACCOx34@58.00 ACADx34@58.00 ADBEx34@58.00 
Value: 9909.69
Sales: ABCDx34@58.00 ABACx34@58.00 ACCOx34@58.00 ACADx34@58.00 ADBEx34@58.00 
Purchases: ABCDx34@58.00 ABACx34@58.00 ACCOx34@58.00 ACADx34@58.00 ADBEx34@58.00 

2014-08-27
Cash: 49.69
Held: ABCDx34@57.12 ABACx34@57.12 ACCOx34@57.12 ACADx34@57.12 ADBEx34@57.12 
Value: 9760.94
Sales: ABCDx34@57.12 ABACx34@57.12 ACCOx34@57.12 ACADx34@57.12 ADBEx34@57.12 
Purchases: ABCDx34@57.12 ABACx34@57.12 ACCOx34@57.12 ACADx34@57.12 ADBEx34@57.12 

2014-08-28
Cash: 49.69
Held: ABCDx34@57.34 ABACx34@57.34 ACCOx34@57.34 ACADx34@57.34 ADBEx34@57.34 
Value: 9798.12
Sales: ABCDx34@57.34 ABACx34@57.34 ACCOx34@57.34 ACADx34@57.34 ADBEx34@57.34 
Purchases: ABCDx34@57.34 ABACx34@57.34 ACCOx34@57.34 ACADx34@57.34 ADBEx34@57.34 

2014-09-01
Cash: 49.69
Held: ABCDx34@57.22 ABACx34@57.22 ACCOx34@57.22 ACADx34@57.22 ADBEx34@57.22 
Value: 9776.88
Sales: ABCDx34@57.22 ABACx34@57.22 ACCOx34@57.22 ACADx34@57.22 ADBEx34@57.22 
Purchases: ABCDx34@57.22 ABACx34@57.22 ACCOx34@57.22 ACADx34@57.22 ADBEx34@57.22 

2014-09-02
Cash: 49.69
Held: ABCDx34@58.22 ABACx34@58.22 ACCOx34@58.22 ACADx34@58.22 ADBEx34@58.22 
Value: 9946.88
Sales: ABCDx34@58.22 ABACx34@58.22 ACCOx34@58.22 ACADx34@58.22 ADBEx34@58.22 
Purchases: ABCDx34@58.22 ABACx34@58.22 ACCOx34@58.22 ACADx34@58.22 ADBEx34@58.22 

2014-09-03
Cash: 49.69
Held: ABCDx34@58.12 ABACx34@58.12 ACCOx34@58.12 ACADx34@58.12 ADBEx34@58.12 
Value: 9930.94
Sales: ABCDx34@58.12 ABACx34@58.12 ACCOx34@58.12 ACADx34@58.12 ADBEx34@58.12 
Purchases: ABCDx34@58.12 ABACx34@58.12 ACCOx34@58.12 ACADx34@58.12 ADBEx34@58.12 

2014-09-04
Cash: 49.69
Held: ABCDx34@57.59 ABACx34@57.59 ACCOx34@57.59 ACADx34@57.59 ADBEx34@57.59 
Value: 9840.62
Sales: ABCDx34@57.59 ABACx34@57.59 ACCOx34@57.59 ACADx34@57.59 ADBEx34@57.59 
Purchases: ABCDx34@57.59 ABACx34@57.59 ACCOx34@57.59 ACADx34@57.59 ADBEx34@57.59 

2014-09-07
Cash: 49.69
Held: ABCDx34@57.72 ABACx34@57.72 ACCOx34@57.72 ACADx34@57.72 ADBEx34@57.72 
Value: 9861.88
Sales: ABCDx34@57.72 ABACx34@57.72 ACCOx34@57.72 ACADx34@57.72 ADBEx34@57.72 
Purchases: ABCDx34@57.72 ABACx34@57.72 ACCOx34@57.72 ACADx34@57.72 ADBEx34@57.72 

2014-09-08
Cash: 49.69
Held: ABCDx34@57.69 ABACx34@57.69 ACCOx34@57.69 ACADx34@57.69 ADBEx34@57.69 
Value: 9856.56
Sales: ABCDx34@57.69 ABACx34@57.69 ACCOx34@57.69 ACADx34@57.69 ADBEx34@57.69 
Purchases: ABCDx34@57.69 ABACx34@57.69 ACCOx34@57.69 ACADx34@57.69 ADBEx34@57.69 

2014-09-09
Cash: 49.69
Held: ABCDx34@57.59 ABACx34@57.59 ACCOx34@57.59 ACADx34@57.59 ADBEx34@57.59 
Value: 9840.62
Sales: ABCDx34@57.59 ABACx34@57.59 ACCOx34@57.59 ACADx34@57.59 ADBEx34@57.59 
Purchases: ABCDx34@57.59 ABACx34@57.59 ACCOx34@57.59 ACADx34@57.59 ADBEx34@57.59 

2014-09-10
Cash: 49.69
Held: ABCDx34@57.53 ABACx34@57.53 ACCOx34@57.53 ACADx34@57.53 ADBEx34@57.53 
Value: 9830.00
Sales: ABCDx34@57.53 ABACx34@57.53 ACCOx34@57.53 ACADx34@57.53 ADBEx34@57.53 
Purchases: ABCDx34@57.53 ABACx34@57.53 ACCOx34@57.53 ACADx34@57.53 ADBEx34@57.53 

2014-09-11
Cash: 49.69
Held: ABCDx34@57.62 ABACx34@57.62 ACCOx34@57.62 ACADx34@57.62 ADBEx34@57.62 
Value: 9845.94
Sales: ABCDx34@57.62 ABACx34@57.62 ACCOx34@57.62 ACADx34@57.62 ADBEx34@57.62 
Purchases: ABCDx34@57.62 ABACx34@57.62 ACCOx34@57.62 ACADx34@57.62 ADBEx34@57.62 

2014-09-14
Cash: 49.69
Held: ABCDx34@58.50 ABACx34@58.50 ACCOx34@58.50 ACADx34@58.50 ADBEx34@58.50 
Value: 9994.69
Sales: ABCDx34@58.50 ABACx34@58.50 ACCOx34@58.50 ACADx34@58.50 ADBEx34@58.50 
Purchases: ABCDx34@58.50 ABACx34@58.50 ACCOx34@58.50 ACADx34@58.50 ADBEx34@58.50 

2014-09-15
Cash: 49.69
Held: ABCDx34@57.81 ABACx34@57.81 ACCOx34@57.81 ACADx34@57.81 ADBEx34@57.81 
Value: 9877.81
Sales: ABCDx34@57.81 ABACx34@57.81 ACCOx34@57.81 ACADx34@57.81 ADBEx34@57.81 
Purchases: ABCDx34@57.81 ABACx34@57.81 ACCOx34@57.81 ACADx34@57.81 ADBEx34@57.81 

2014-09-16
Cash: 49.69
Held: ABCDx34@58.00 ABACx34@58.00 ACCOx34@58.00 ACADx34@58.00 ADBEx34@58.00 
Value: 9909.69
Sales: ABCDx34@58.00 ABACx34@58.00 ACCOx34@58.00 ACADx34@58.00 ADBEx34@58.00 
Purchases: ABCDx34@58.00 ABACx34@58.00 ACCOx34@58.00 ACADx34@58.00 ADBEx34@58.00 

2014-09-17
Cash: 49.69
Held: ABCDx34@59.19 ABACx34@59.19 ACCOx34@59.19 ACADx34@59.19 ADBEx34@59.19 
Value: 10111.56
Sales: ABCDx34@59.19 ABACx34@59.19 ACCOx34@59.19 ACADx34@59.19 ADBEx34@59.19 
Purchases: ABCDx34@59.19 ABACx34@59.19 ACCOx34@59.19 ACADx34@59.19 ADBEx34@59.19 

2014-09-18
Cash: 49.69
Held: ABCDx34@58.81 ABACx34@58.81 ACCOx34@58.81 ACADx34@58.81 ADBEx34@58.81 
Value: 10047.81
Sales: ABCDx34@58.81 ABACx34@58.81 ACCOx34@58.81 ACADx34@58.81 ADBEx34@58.81 
Purchases: ABCDx34@58.81 ABACx34@58.81 ACCOx34@58.81 ACADx34@58.81 ADBEx34@58.81 

2014-09-21
Cash: 49.69
Held: ABCDx34@58.12 ABACx34@58.12 ACCOx34@58.12 ACADx34@58.12 ADBEx34@58.12 
Value: 9930.94
Sales: ABCDx34@58.12 ABACx34@58.12 ACCOx34@58.12 ACADx34@58.12 ADBEx34@58.12 
Purchases: ABCDx34@58.12 ABACx34@58.12 ACCOx34@58.12 ACADx34@58.12 ADBEx34@58.12 

2014-09-22
Cash: 49.69
Held: ABCDx34@57.25 ABACx34@57.25 ACCOx34@57.25 ACADx34@57.25 ADBEx34@57.25 
Value: 9782.19
Sales: ABCDx34@57.25 ABACx34@57.25 ACCOx34@57.25 ACADx34@57.25 ADBEx34@57.25 
Purchases: ABCDx34@57.25 ABACx34@57.25 ACCOx34@57.25 ACADx34@57.25 ADBEx34@57.25 

2014-09-23
Cash: 49.69
Held: ABCDx34@56.88 ABACx34@56.88 ACCOx34@56.88 ACADx34@56.88 ADBEx34@56.88 
Value: 9718.44
Sales: ABCDx34@56.88 ABACx34@56.88 ACCOx34@56.88 ACADx34@56.88 ADBEx34@56.88 
Purchases: ABCDx34@56.88 ABACx34@56.88 ACCOx34@56.88 ACADx34@56.88 ADBEx34@56.88 

2014-09-24
Cash: 49.69
Held: ABCDx34@57.88 ABACx34@57.88 ACCOx34@57.88 ACADx34@57.88 ADBEx34@57.88 
Value: 9888.44
Sales: ABCDx34@57.88 ABACx34@57.88 ACCOx34@57.88 ACADx34@57.88 ADBEx34@57.88 
Purchases: ABCDx34@57.88 ABACx34@57.88 ACCOx34@57.88 ACADx34@57.88 ADBEx34@57.88 

2014-09-25
Cash: 49.69
Held: ABCDx34@56.78 ABACx34@56.78 ACCOx34@56.78 ACADx34@56.78 ADBEx34@56.78 
Value: 9702.50
Sales: ABCDx34@56.78 ABACx34@56.78 ACCOx34@56.78 ACADx34@56.78 ADBEx34@56.78 
Purchases: ABCDx34@56.78 ABACx34@56.78 ACCOx34@56.78 ACADx34@56.78 ADBEx34@56.78 

2014-09-28
Cash: 49.69
Held: ABCDx34@56.03 ABACx34@56.03 ACCOx34@56.03 ACADx34@56.03 ADBEx34@56.03 
Value: 9575.00
Sales: ABCDx34@56.03 ABACx34@56.03 ACCOx34@56.03 ACADx34@56.03 ADBEx34@56.03 
Purchases: ABCDx34@56.03 ABACx34@56.03 ACCOx34@56.03 ACADx34@56.03 ADBEx34@56.03 

2014-09-29
Cash: 49.69
Held: ABCDx34@57.22 ABACx34@57.22 ACCOx34@57.22 ACADx34@57.22 ADBEx34@57.22 
Value: 9776.88
Sales: ABCDx34@57.22 ABACx34@57.22 ACCOx34@57.22 ACADx34@57.22 ADBEx34@57.22 
Purchases: ABCDx34@57.22 ABACx34@57.22 ACCOx34@57.22 ACADx34@57.22 ADBEx34@57.22 

2014-09-30
Cash: 49.69
Held: ABCDx34@56.84 ABACx34@56.84 ACCOx34@56.84 ACADx34@56.84 ADBEx34@56.84 
Value: 9713.12
Sales: ABCDx34@56.84 ABACx34@56.84 ACCOx34@56.84 ACADx34@56.84 ADBEx34@56.84 
Purchases: ABCDx34@56.84 ABACx34@56.84 ACCOx34@56.84 ACADx34@56.84 ADBEx34@56.84 

2014-10-01
Cash: 49.69
Held: ABCDx34@56.12 ABACx34@56.12 ACCOx34@56.12 ACADx34@56.12 ADBEx34@56.12 
Value: 9590.94
Sales: ABCDx34@56.12 ABACx34@56.12 ACCOx34@56.12 ACADx34@56.12 ADBEx34@56.12 
Purchases: ABCDx34@56.12 ABACx34@56.12 ACCOx34@56.12 ACADx34@56.12 ADBEx34@56.12 

2014-10-02
Cash: 49.69
Held: ABCDx34@56.19 ABACx34@56.19 ACCOx34@56.19 ACADx34@56.19 ADBEx34@56.19 
Value: 9601.56
Sales: ABCDx34@56.19 ABACx34@56.19 ACCOx34@56.19 ACADx34@56.19 ADBEx34@56.19 
Purchases: ABCDx34@56.19 ABACx34@56.19 ACCOx34@56.19 ACADx34@56.19 ADBEx34@56.19 

2014-10-05
Cash: 49.69
Held: ABCDx34@57.06 ABACx34@57.06 ACCOx34@57.06 ACADx34@57.06 ADBEx34@57.06 
Value: 9750.31
Sales: ABCDx34@57.06 ABACx34@57.06 ACCOx34@57.06 ACADx34@57.06 ADBEx34@57.06 
Purchases: ABCDx34@57.06 ABACx34@57.06 ACCOx34@57.06 ACADx34@57.06 ADBEx34@57.06 

2014-10-06
Cash: 49.69
Held: ABCDx34@56.25 ABACx34@56.25 ACCOx34@56.25 ACADx34@56.25 ADBEx34@56.25 
Value: 9612.19
Sales: ABCDx34@56.25 ABACx34@56.25 ACCOx34@56.25 ACADx34@56.25 ADBEx34@56.25 
Purchases: ABCDx34@56.25 ABACx34@56.25 ACCOx34@56.25 ACADx34@56.25 ADBEx34@56.25 

2014-10-07
Cash: 49.69
Held: ABCDx34@55.06 ABACx34@55.06 ACCOx34@55.06 ACADx34@55.06 ADBEx34@55.06 
Value: 9410.31
Sales: ABCDx34@55.06 ABACx34@55.06 ACCOx34@55.06 ACADx34@55.06 ADBEx34@55.06 
Purchases: ABCDx34@55.06 ABACx34@55.06 ACCOx34@55.06 ACADx34@55.06 ADBEx34@55.06 

2014-10-08
Cash: 49.69
Held: ABCDx34@56.28 ABACx34@56.28 ACCOx34@56.28 ACADx34@56.28 ADBEx34@56.28 
Value: 9617.50
Sales: ABCDx34@56.28 ABACx34@56.28 ACCOx34@56.28 ACADx34@56.28 ADBEx34@56.28 
Purchases: ABCDx34@56.28 ABACx34@56.28 ACCOx34@56.28 ACADx34@56.28 ADBEx34@56.28 

2014-10-09
Cash: 49.69
Held: ABCDx34@54.91 ABACx34@54.91 ACCOx34@54.91 ACADx34@54.91 ADBEx34@54.91 
Value: 9383.75
Sales: ABCDx34@54.91 ABACx34@54.91 ACCOx34@54.91 ACADx34@54.91 ADBEx34@54.91 
Purchases: ABCDx34@54.91 ABACx34@54.91 ACCOx34@54.91 ACADx34@54.91 ADBEx34@54.91 

2014-10-12
Cash: 49.69
Held: ABCDx34@53.72 ABACx34@53.72 ACCOx34@53.72 ACADx34@53.72 ADBEx34@53.72 
Value: 9181.88
Sales: ABCDx34@53.72 ABACx34@53.72 ACCOx34@53.72 ACADx34@53.72 ADBEx34@53.72 
Purchases: ABCDx34@53.72 ABACx34@53.72 ACCOx34@53.72 ACADx34@53.72 ADBEx34@53.72 

2014-10-13
Cash: 49.69
Held: ABCDx34@53.03 ABACx34@53.03 ACCOx34@53.03 ACADx34@53.03 ADBEx34@53.03 
Value: 9065.00
Sales: ABCDx34@53.03 ABACx34@53.03 ACCOx34@53.03 ACADx34@53.03 ADBEx34@53.03 
Purchases: ABCDx34@53.03 ABACx34@53.03 ACCOx34@53.03 ACADx34@53.03 ADBEx34@53.03 

2014-10-14
Cash: 49.69
Held: ABCDx34@50.88 ABACx34@50.88 ACCOx34@50.88 ACADx34@50.88 ADBEx34@50.88 
Value: 8698.44
Sales: ABCDx34@50.88 ABACx34@50.88 ACCOx34@50.88 ACADx34@50.88 ADBEx34@50.88 
Purchases: ABCDx34@50.88 ABACx34@50.88 ACCOx34@50.88 ACADx34@50.88 ADBEx34@50.88 

2014-10-15
Cash: 49.69
Held: ABCDx34@50.78 ABACx34@50.78 ACCOx34@50.78 ACADx34@50.78 ADBEx34@50.78 
Value: 8682.50
Sales: ABCDx34@50.78 ABACx34@50.78 ACCOx34@50.78 ACADx34@50.78 ADBEx34@50.78 
Purchases: ABCDx34@50.78 ABACx34@50.78 ACCOx34@50.78 ACADx34@50.78 ADBEx34@50.78 

2014-10-16
Cash: 49.69
Held: ABCDx34@52.16 ABACx34@52.16 ACCOx34@52.16 ACADx34@52.16 ADBEx34@52.16 
Value: 8916.25
Sales: ABCDx34@52.16 ABACx34@52.16 ACCOx34@52.16 ACADx34@52.16 ADBEx34@52.16 
Purchases: ABCDx34@52.16 ABACx34@52.16 ACCOx34@52.16 ACADx34@52.16 ADBEx34@52.16 

2014-10-19
Cash: 49.69
Held: ABCDx34@52.06 ABACx34@52.06 ACCOx34@52.06 ACADx34@52.06 ADBEx34@52.06 
Value: 8900.31
Sales: ABCDx34@52.06 ABACx34@52.06 ACCOx34@52.06 ACADx34@52.06 ADBEx34@52.06 
Purchases: ABCDx34@52.06 ABACx34@52.06 ACCOx34@52.06 ACADx34@52.06 ADBEx34@52.06 

2014-10-20
Cash: 49.69
Held: ABCDx34@52.88 ABACx34@52.88 ACCOx34@52.88 ACADx34@52.88 ADBEx34@52.88 
Value: 9038.44
Sales: ABCDx34@52.88 ABACx34@52.88 ACCOx34@52.88 ACADx34@52.88 ADBEx34@52.88 
Purchases: ABCDx34@52.88 ABACx34@52.88 ACCOx34@52.88 ACADx34@52.88 ADBEx34@52.88 

2014-10-21
Cash: 49.69
Held: ABCDx34@53.78 ABACx34@53.78 ACCOx34@53.78 ACADx34@53.78 ADBEx34@53.78 
Value: 9192.50
Sales: ABCDx34@53.78 ABACx34@53.78 ACCOx34@53.78 ACADx34@53.78 ADBEx34@53.78 
Purchases: ABCDx34@53.78 ABACx34@53.78 ACCOx34@53.78 ACADx34@53.78 ADBEx34@53.78 

2014-10-22
Cash: 49.69
Held: ABCDx34@53.59 ABACx34@53.59 ACCOx34@53.59 ACADx34@53.59 ADBEx34@53.59 
Value: 9160.62
Sales: ABCDx34@53.59 ABACx34@53.59 ACCOx34@53.59 ACADx34@53.59 ADBEx34@53.59 
Purchases: ABCDx34@53.59 ABACx34@53.59 ACCOx34@53.59 ACADx34@53.59 ADBEx34@53.59 

2014-10-23
Cash: 49.69
Held: ABCDx34@53.69 ABACx34@53.69 ACCOx34@53.69 ACADx34@53.69 ADBEx34@53.69 
Value: 9176.56
Sales: ABCDx34@53.69 ABACx34@53.69 ACCOx34@53.69 ACADx34@53.69 ADBEx34@53.69 
Purchases: ABCDx34@53.69 ABACx34@53.69 ACCOx34@53.69 ACADx34@53.69 ADBEx34@53.69 

2014-10-26
Cash: 49.69
Held: ABCDx34@53.94 ABACx34@53.94 ACCOx34@53.94 ACADx34@53.94 ADBEx34@53.94 
Value: 9219.06
Sales: ABCDx34@53.94 ABACx34@53.94 ACCOx34@53.94 ACADx34@53.94 ADBEx34@53.94 
Purchases: ABCDx34@53.94 ABACx34@53.94 ACCOx34@53.94 ACADx34@53.94 ADBEx34@53.94 

2014-10-27
Cash: 49.69
Held: ABCDx34@54.12 ABACx34@54.12 ACCOx34@54.12 ACADx34@54.12 ADBEx34@54.12 
Value: 9250.94
Sales: ABCDx34@54.12 ABACx34@54.12 ACCOx34@54.12 ACADx34@54.12 ADBEx34@54.12 
Purchases: ABCDx34@54.12 ABACx34@54.12 ACCOx34@54.12 ACADx34@54.12 ADBEx34@54.12 

2014-10-28
Cash: 49.69
Held: ABCDx34@54.59 ABACx34@54.59 ACCOx34@54.59 ACADx34@54.59 ADBEx34@54.59 
Value: 9330.62
Sales: ABCDx34@54.59 ABACx34@54.59 ACCOx34@54.59 ACADx34@54.59 ADBEx34@54.59 
Purchases: ABCDx34@54.59 ABACx34@54.59 ACCOx34@54.59 ACADx34@54.59 ADBEx34@54.59 

2014-10-29
Cash: 49.69
Held: ABCDx34@53.91 ABACx34@53.91 ACCOx34@53.91 ACADx34@53.91 ADBEx34@53.91 
Value: 9213.75
Sales: ABCDx34@53.91 ABACx34@53.91 ACCOx34@53.91 ACADx34@53.91 ADBEx34@53.91 
Purchases: ABCDx34@53.91 ABACx34@53.91 ACCOx34@53.91 ACADx34@53.91 ADBEx34@53.91 

2014-10-30
Cash: 49.69
Held: ABCDx34@55.22 ABACx34@55.22 ACCOx34@55.22 ACADx34@55.22 ADBEx34@55.22 
Value: 9436.88
Sales: ABCDx34@55.22 ABACx34@55.22 ACCOx34@55.22 ACADx34@55.22 ADBEx34@55.22 
Purchases: ABCDx34@55.22 ABACx34@55.22 ACCOx34@55.22 ACADx34@55.22 ADBEx34@55.22 

2014-11-02
Cash: 49.69
Held: ABCDx34@39.91 ABACx34@39.91 ACCOx34@39.91 ACADx34@39.91 ADBEx34@39.91 
Value: 6833.75
Sales: ABCDx34@39.91 ABACx34@39.91 ACCOx34@39.91 ACADx34@39.91 ADBEx34@39.91 
Purchases: ABCDx34@39.91 ABACx34@39.91 ACCOx34@39.91 ACADx34@39.91 ADBEx34@39.91 

2014-11-03
Cash: 49.69
Held: ABCDx34@40.25 ABACx34@40.25 ACCOx34@40.25 ACADx34@40.25 ADBEx34@40.25 
Value: 6892.19
Sales: ABCDx34@40.25 ABACx34@40.25 ACCOx34@40.25 ACADx34@40.25 ADBEx34@40.25 
Purchases: ABCDx34@40.25 ABACx34@40.25 ACCOx34@40.25 ACADx34@40.25 ADBEx34@40.25 

2014-11-04
Cash: 49.69
Held: ABCDx34@40.62 ABACx34@40.62 ACCOx34@40.62 ACADx34@40.62 ADBEx34@40.62 
Value: 6955.94
Sales: ABCDx34@40.62 ABACx34@40.62 ACCOx34@40.62 ACADx34@40.62 ADBEx34@40.62 
Purchases: ABCDx34@40.62 ABACx34@40.62 ACCOx34@40.62 ACADx34@40.62 ADBEx34@40.62 

2014-11-05
Cash: 49.69
Held: ABCDx34@40.38 ABACx34@40.38 ACCOx34@40.38 ACADx34@40.38 ADBEx34@40.38 
Value: 6913.44
Sales: ABCDx34@40.38 ABACx34@40.38 ACCOx34@40.38 ACADx34@40.38 ADBEx34@40.38 
Purchases: ABCDx34@40.38 ABACx34@40.38 ACCOx34@40.38 ACADx34@40.38 ADBEx34@40.38 

2014-11-06
Cash: 49.69
Held: ABCDx34@41.38 ABACx34@41.38 ACCOx34@41.38 ACADx34@41.38 ADBEx34@41.38 
Value: 7083.44
Sales: ABCDx34@41.38 ABACx34@41.38 ACCOx34@41.38 ACADx34@41.38 ADBEx34@41.38 
Purchases: ABCDx34@41.38 ABACx34@41.38 ACCOx34@41.38 ACADx34@41.38 ADBEx34@41.38 

2014-11-09
Cash: 49.69
Held: ABCDx34@40.97 ABACx34@40.97 ACCOx34@40.97 ACADx34@40.97 ADBEx34@40.97 
Value: 7014.38
Sales: ABCDx34@40.97 ABACx34@40.97 ACCOx34@40.97 ACADx34@40.97 ADBEx34@40.97 
Purchases: ABCDx34@40.97 ABACx34@40.97 ACCOx34@40.97 ACADx34@40.97 ADBEx34@40.97 

2014-11-10
Cash: 49.69
Held: ABCDx34@41.53 ABACx34@41.53 ACCOx34@41.53 ACADx34@41.53 ADBEx34@41.53 
Value: 7110.00
Sales: ABCDx34@41.53 ABACx34@41.53 ACCOx34@41.53 ACADx34@41.53 ADBEx34@41.53 
Purchases: ABCDx34@41.53 ABACx34@41.53 ACCOx34@41.53 ACADx34@41.53 ADBEx34@41.53 

2014-11-11
Cash: 49.69
Held: ABCDx34@41.31 ABACx34@41.31 ACCOx34@41.31 ACADx34@41.31 ADBEx34@41.31 
Value: 7072.81
Sales: ABCDx34@41.31 ABACx34@41.31 ACCOx34@41.31 ACADx34@41.31 ADBEx34@41.31 
Purchases: ABCDx34@41.31 ABACx34@41.31 ACCOx34@41.31 ACADx34@41.31 ADBEx34@41.31 

2014-11-12
Cash: 49.69
Held: ABCDx34@41.56 ABACx34@41.56 ACCOx34@41.56 ACADx34@41.56 ADBEx34@41.56 
Value: 7115.31
Sales: ABCDx34@41.56 ABACx34@41.56 ACCOx34@41.56 ACADx34@41.56 ADBEx34@41.56 
Purchases: ABCDx34@41.56 ABACx34@41.56 ACCOx34@41.56 ACADx34@41.56 ADBEx34@41.56 

2014-11-13
Cash: 49.69
Held: ABCDx34@41.38 ABACx34@41.38 ACCOx34@41.38 ACADx34@41.38 ADBEx34@41.38 
Value: 7083.44
Sales: ABCDx34@41.38 ABACx34@41.38 ACCOx34@41.38 ACADx34@41.38 ADBEx34@41.38 
Purchases: ABCDx34@41.38 ABACx34@41.38 ACCOx34@41.38 ACADx34@41.38 ADBEx34@41.38 

2014-11-16
Cash: 49.69
Held: ABCDx34@41.56 ABACx34@41.56 ACCOx34@41.56 ACADx34@41.56 ADBEx34@41.56 
Value: 7115.31
Sales: ABCDx34@41.56 ABACx34@41.56 ACCOx34@41.56 ACADx34@41.56 ADBEx34@41.56 
Purchases: ABCDx34@41.56 ABACx34@41.56 ACCOx34@41.56 ACADx34@41.56 ADBEx34@41.56 

2014-11-17
Cash: 49.69
Held: ABCDx34@40.25 ABACx34@40.25 ACCOx34@40.25 ACADx34@40.25 ADBEx34@40.25 
Value: 6892.19
Sales: ABCDx34@40.25 ABACx34@40.25 ACCOx34@40.25 ACADx34@40.25 ADBEx34@40.25 
Purchases: ABCDx34@40.25 ABACx34@40.25 ACCOx34@40.25 ACADx34@40.25 ADBEx34@40.25 

2014-11-18
Cash: 49.69
Held: ABCDx34@40.81 ABACx34@40.81 ACCOx34@40.81 ACADx34@40.81 ADBEx34@40.81 
Value: 6987.81
Sales: ABCDx34@40.81 ABACx34@40.81 ACCOx34@40.81 ACADx34@40.81 ADBEx34@40.81 
Purchases: ABCDx34@40.81 ABACx34@40.81 ACCOx34@40.81 ACADx34@40.81 ADBEx34@40.81 

2014-11-19
Cash: 49.69
Held: ABCDx34@40.56 ABACx34@40.56 ACCOx34@40.56 ACADx34@40.56 ADBEx34@40.56 
Value: 6945.31
Sales: ABCDx34@40.56 ABACx34@40.56 ACCOx34@40.56 ACADx34@40.56 ADBEx34@40.56 
Purchases: ABCDx34@40.56 ABACx34@40.56 ACCOx34@40.56 ACADx34@40.56 ADBEx34@40.56 

2014-11-20
Cash: 49.69
Held: ABCDx34@41.75 ABACx34@41.75 ACCOx34@41.75 ACADx34@41.75 ADBEx34@41.75 
Value: 7147.19
Sales: ABCDx34@41.75 ABACx34@41.75 ACCOx34@41.75 ACADx34@41.75 ADBEx34@41.75 
Purchases: ABCDx34@41.75 ABACx34@41.75 ACCOx34@41.75 ACADx34@41.75 ADBEx34@41.75 

2014-11-23
Cash: 49.69
Held: ABCDx34@42.44 ABACx34@42.44 ACCOx34@42.44 ACADx34@42.44 ADBEx34@42.44 
Value: 7264.06
Sales: ABCDx34@42.44 ABACx34@42.44 ACCOx34@42.44 ACADx34@42.44 ADBEx34@42.44 
Purchases: ABCDx34@42.44 ABACx34@42.44 ACCOx34@42.44 ACADx34@42.44 ADBEx34@42.44 

2014-11-24
Cash: 49.69
Held: ABCDx34@42.34 ABACx34@42.34 ACCOx34@42.34 ACADx34@42.34 ADBEx34@42.34 
Value: 7248.12
Sales: ABCDx34@42.34 ABACx34@42.34 ACCOx34@42.34 ACADx34@42.34 ADBEx34@42.34 
Purchases: ABCDx34@42.34 ABACx34@42.34 ACCOx34@42.34 ACADx34@42.34 ADBEx34@42.34 

2014-11-25
Cash: 49.69
Held: ABCDx34@42.69 ABACx34@42.69 ACCOx34@42.69 ACADx34@42.69 ADBEx34@42.69 
Value: 7306.56
Sales: ABCDx34@42.69 ABACx34@42.69 ACCOx34@42.69 ACADx34@42.69 ADBEx34@42.69 
Purchases: ABCDx34@42.69 ABACx34@42.69 ACCOx34@42.69 ACADx34@42.69 ADBEx34@42.69 

2014-11-27
Cash: 49.69
Held: ABCDx34@42.75 ABACx34@42.75 ACCOx34@42.75 ACADx34@42.75 ADBEx34@42.75 
Value: 7317.19
Sales: ABCDx34@42.75 ABACx34@42.75 ACCOx34@42.75 ACADx34@42.75 ADBEx34@42.75 
Purchases: ABCDx34@42.75 ABACx34@42.75 ACCOx34@42.75 ACADx34@42.75 ADBEx34@42.75 

2014-11-30
Cash: 49.69
Held: ABCDx34@42.69 ABACx34@42.69 ACCOx34@42.69 ACADx34@42.69 ADBEx34@42.69 
Value: 7306.56
Sales: ABCDx34@42.69 ABACx34@42.69 ACCOx34@42.69 ACADx34@42.69 ADBEx34@42.69 
Purchases: ABCDx34@42.69 ABACx34@42.69 ACCOx34@42.69 ACADx34@42.69 ADBEx34@42.69 

2014-12-01
Cash: 49.69
Held: ABCDx34@41.59 ABACx34@41.59 ACCOx34@41.59 ACADx34@41.59 ADBEx34@41.59 
Value: 7120.62
Sales: ABCDx34@41.59 ABACx34@41.59 ACCOx34@41.59 ACADx34@41.59 ADBEx34@41.59 
Purchases: ABCDx34@41.59 ABACx34@41.59 ACCOx34@41.59 ACADx34@41.59 ADBEx34@41.59 

2014-12-02
Cash: 49.69
Held: ABCDx34@41.97 ABACx34@41.97 ACCOx34@41.97 ACADx34@41.97 ADBEx34@41.97 
Value: 7184.38
Sales: ABCDx34@41.97 ABACx34@41.97 ACCOx34@41.97 ACADx34@41.97 ADBEx34@41.97 
Purchases: ABCDx34@41.97 ABACx34@41.97 ACCOx34@41.97 ACADx34@41.97 ADBEx34@41.97 

2014-12-03
Cash: 49.69
Held: ABCDx34@42.16 ABACx34@42.16 ACCOx34@42.16 ACADx34@42.16 ADBEx34@42.16 
Value: 7216.25
Sales: ABCDx34@42.16 ABACx34@42.16 ACCOx34@42.16 ACADx34@42.16 ADBEx34@42.16 
Purchases: ABCDx34@42.16 ABACx34@42.16 ACCOx34@42.16 ACADx34@42.16 ADBEx34@42.16 

2014-12-04
Cash: 49.69
Held: ABCDx34@42.22 ABACx34@42.22 ACCOx34@42.22 ACADx34@42.22 ADBEx34@42.22 
Value: 7226.88
Sales: ABCDx34@42.22 ABACx34@42.22 ACCOx34@42.22 ACADx34@42.22 ADBEx34@42.22 
Purchases: ABCDx34@42.22 ABACx34@42.22 ACCOx34@42.22 ACADx34@42.22 ADBEx34@42.22 

2014-12-07
Cash: 49.69
Held: ABCDx34@42.22 ABACx34@42.22 ACCOx34@42.22 ACADx34@42.22 ADBEx34@42.22 
Value: 7226.88
Sales: ABCDx34@42.22 ABACx34@42.22 ACCOx34@42.22 ACADx34@42.22 ADBEx34@42.22 
Purchases: ABCDx34@42.22 ABACx34@42.22 ACCOx34@42.22 ACADx34@42.22 ADBEx34@42.22 

2014-12-08
Cash: 49.69
Held: ABCDx34@41.00 ABACx34@41.00 ACCOx34@41.00 ACADx34@41.00 ADBEx34@41.00 
Value: 7019.69
Sales: ABCDx34@41.00 ABACx34@41.00 ACCOx34@41.00 ACADx34@41.00 ADBEx34@41.00 
Purchases: ABCDx34@41.00 ABACx34@41.00 ACCOx34@41.00 ACADx34@41.00 ADBEx34@41.00 

2014-12-09
Cash: 49.69
Held: ABCDx34@41.38 ABACx34@41.38 ACCOx34@41.38 ACADx34@41.38 ADBEx34@41.38 
Value: 7083.44
Sales: ABCDx34@41.38 ABACx34@41.38 ACCOx34@41.38 ACADx34@41.38 ADBEx34@41.38 
Purchases: ABCDx34@41.38 ABACx34@41.38 ACCOx34@41.38 ACADx34@41.38 ADBEx34@41.38 

2014-12-10
Cash: 49.69
Held: ABCDx34@40.50 ABACx34@40.50 ACCOx34@40.50 ACADx34@40.50 ADBEx34@40.50 
Value: 6934.69
Sales: ABCDx34@40.50 ABACx34@40.50 ACCOx34@40.50 ACADx34@40.50 ADBEx34@40.50 
Purchases: ABCDx34@40.50 ABACx34@40.50 ACCOx34@40.50 ACADx34@40.50 ADBEx34@40.50 

2014-12-11
Cash: 49.69
Held: ABCDx34@40.19 ABACx34@40.19 ACCOx34@40.19 ACADx34@40.19 ADBEx34@40.19 
Value: 6881.56
Sales: ABCDx34@40.19 ABACx34@40.19 ACCOx34@40.19 ACADx34@40.19 ADBEx34@40.19 
Purchases: ABCDx34@40.19 ABACx34@40.19 ACCOx34@40.19 ACADx34@40.19 ADBEx34@40.19 

2014-12-14
Cash: 49.69
Held: ABCDx34@40.06 ABACx34@40.06 ACCOx34@40.06 ACADx34@40.06 ADBEx34@40.06 
Value: 6860.31
Sales: ABCDx34@40.06 ABACx34@40.06 ACCOx34@40.06 ACADx34@40.06 ADBEx34@40.06 
Purchases: ABCDx34@40.06 ABACx34@40.06 ACCOx34@40.06 ACADx34@40.06 ADBEx34@40.06 

2014-12-15
Cash: 49.69
Held: ABCDx34@38.31 ABACx34@38.31 ACCOx34@38.31 ACADx34@38.31 ADBEx34@38.31 
Value: 6562.81
Sales: ABCDx34@38.31 ABACx34@38.31 ACCOx34@38.31 ACADx34@38.31 ADBEx34@38.31 
Purchases: ABCDx34@38.31 ABACx34@38.31 ACCOx34@38.31 ACADx34@38.31 ADBEx34@38.31 

2014-12-16
Cash: 49.69
Held: ABCDx34@38.34 ABACx34@38.34 ACCOx34@38.34 ACADx34@38.34 ADBEx34@38.34 
Value: 6568.12
Sales: ABCDx34@38.34 ABACx34@38.34 ACCOx34@38.34 ACADx34@38.34 ADBEx34@38.34 
Purchases: ABCDx34@38.34 ABACx34@38.34 ACCOx34@38.34 ACADx34@38.34 ADBEx34@38.34 

2014-12-17
Cash: 49.69
Held: ABCDx34@40.47 ABACx34@40.47 ACCOx34@40.47 ACADx34@40.47 ADBEx34@40.47 
Value: 6929.38
Sales: ABCDx34@40.47 ABACx34@40.47 ACCOx34@40.47 ACADx34@40.47 ADBEx34@40.47 
Purchases: ABCDx34@40.47 ABACx34@40.47 ACCOx34@40.47 ACADx34@40.47 ADBEx34@40.47 

2014-12-18
Cash: 49.69
Held: ABCDx34@40.91 ABACx34@40.91 ACCOx34@40.91 ACADx34@40.91 ADBEx34@40.91 
Value: 7003.75
Sales: ABCDx34@40.91 ABACx34@40.91 ACCOx34@40.91 ACADx34@40.91 ADBEx34@40.91 
Purchases: ABCDx34@40.91 ABACx34@40.91 ACCOx34@40.91 ACADx34@40.91 ADBEx34@40.91 

2014-12-21
Cash: 49.69
Held: ABCDx34@41.38 ABACx34@41.38 ACCOx34@41.38 ACADx34@41.38 ADBEx34@41.38 
Value: 7083.44
Sales: ABCDx34@41.38 ABACx34@41.38 ACCOx34@41.38 ACADx34@41.38 ADBEx34@41.38 
Purchases: ABCDx34@41.38 ABACx34@41.38 ACCOx34@41.38 ACADx34@41.38 ADBEx34@41.38 

2014-12-22
Cash: 49.69
Held: ABCDx34@41.97 ABACx34@41.97 ACCOx34@41.97 ACADx34@41.97 ADBEx34@41.97 
Value: 7184.38
Sales: ABCDx34@41.97 ABACx34@41.97 ACCOx34@41.97 ACADx34@41.97 ADBEx34@41.97 
Purchases: ABCDx34@41.97 ABACx34@41.97 ACCOx34@41.97 ACADx34@41.97 ADBEx34@41.97 

2014-12-23
Cash: 49.69
Held: ABCDx34@41.41 ABACx34@41.41 ACCOx34@41.41 ACADx34@41.41 ADBEx34@41.41 
Value: 7088.75
Sales: ABCDx34@41.41 ABACx34@41.41 ACCOx34@41.41 ACADx34@41.41 ADBEx34@41.41 
Purchases: ABCDx34@41.41 ABACx34@41.41 ACCOx34@41.41 ACADx34@41.41 ADBEx34@41.41 

2014-12-25
Cash: 49.69
Held: ABCDx34@41.34 ABACx34@41.34 ACCOx34@41.34 ACADx34@41.34 ADBEx34@41.34 
Value: 7078.12
Sales: ABCDx34@41.34 ABACx34@41.34 ACCOx34@41.34 ACADx34@41.34 ADBEx34@41.34 
Purchases: ABCDx34@41.34 ABACx34@41.34 ACCOx34@41.34 ACADx34@41.34 ADBEx34@41.34 

2014-12-28
Cash: 49.69
Held: ABCDx34@41.38 ABACx34@41.38 ACCOx34@41.38 ACADx34@41.38 ADBEx34@41.38 
Value: 7083.44
Sales: ABCDx34@41.38 ABACx34@41.38 ACCOx34@41.38 ACADx34@41.38 ADBEx34@41.38 
Purchases: ABCDx34@41.38 ABACx34@41.38 ACCOx34@41.38 ACADx34@41.38 ADBEx34@41.38 

2014-12-29
Cash: 49.69
Held: ABCDx34@41.22 ABACx34@41.22 ACCOx34@41.22 ACADx34@41.22 ADBEx34@41.22 
Value: 7056.88
Sales: ABCDx34@41.22 ABACx34@41.22 ACCOx34@41.22 ACADx34@41.22 ADBEx34@41.22 
Purchases: ABCDx34@41.22 ABACx34@41.22 ACCOx34@41.22 ACADx34@41.22 ADBEx34@41.22 

2014-12-30
Cash: 49.69
Held: ABCDx34@41.38 ABACx34@41.38 ACCOx34@41.38 ACADx34@41.38 ADBEx34@41.38 
Value: 7083.44
Sales: ABCDx34@41.38 ABACx34@41.38 ACCOx34@41.38 ACADx34@41.38 ADBEx34@41.38 
Purchases: ABCDx34@41.38 ABACx34@41.38 ACCOx34@41.38 ACADx34@41.38 ADBEx34@41.38 

2015-01-01
Cash: 49.69
Held: ABCDx34@41.19 ABACx34@41.19 ACCOx34@41.19 ACADx34@41.19 ADBEx34@41.19 
Value: 7051.56
Sales: ABCDx34@41.19 ABACx34@41.19 ACCOx34@41.19 ACADx34@41.19 ADBEx34@41.19 
Purchases: ABCDx34@41.19 ABACx34@41.19 ACCOx34@41.19 ACADx34@41.19 ADBEx34@41.19 

2015-01-04
Cash: 49.69
Held: ABCDx34@40.31 ABACx34@40.31 ACCOx34@40.31 ACADx34@40.31 ADBEx34@40.31 
Value: 6902.81
Sales: ABCDx34@40.31 ABACx34@40.31 ACCOx34@40.31 ACADx34@40.31 ADBEx34@40.31 
Purchases: ABCDx34@40.31 ABACx34@40.31 ACCOx34@40.31 ACADx34@40.31 ADBEx34@40.31 

2015-01-05
Cash: 49.69
Held: ABCDx34@39.81 ABACx34@39.81 ACCOx34@39.81 ACADx34@39.81 ADBEx34@39.81 
Value: 6817.81
Sales: ABCDx34@39.81 ABACx34@39.81 ACCOx34@39.81 ACADx34@39.81 ADBEx34@39.81 
Purchases: ABCDx34@39.81 ABACx34@39.81 ACCOx34@39.81 ACADx34@39.81 ADBEx34@39.81 

2015-01-06
Cash: 49.69
Held: ABCDx34@39.53 ABACx34@39.53 ACCOx34@39.53 ACADx34@39.53 ADBEx34@39.53 
Value: 6770.00
Sales: ABCDx34@39.53 ABACx34@39.53 ACCOx34@39.53 ACADx34@39.53 ADBEx34@39.53 
Purchases: ABCDx34@39.53 ABACx34@39.53 ACCOx34@39.53 ACADx34@39.53 ADBEx34@39.53 

2015-01-07
Cash: 49.69
Held: ABCDx34@40.25 ABACx34@40.25 ACCOx34@40.25 ACADx34@40.25 ADBEx34@40.25 
Value: 6892.19
Sales: ABCDx34@40.25 ABACx34@40.25 ACCOx34@40.25 ACADx34@40.25 ADBEx34@40.25 
Purchases: ABCDx34@40.25 ABACx34@40.25 ACCOx34@40.25 ACADx34@40.25 ADBEx34@40.25 

2015-01-08
Cash: 49.69
Held: ABCDx34@41.00 ABACx34@41.00 ACCOx34@41.00 ACADx34@41.00 ADBEx34@41.00 
Value: 7019.69
Sales: ABCDx34@41.00 ABACx34@41.00 ACCOx34@41.00 ACADx34@41.00 ADBEx34@41.00 
Purchases: ABCDx34@41.00 ABACx34@41.00 ACCOx34@41.00 ACADx34@41.00 ADBEx34@41.00 

2015-01-11
Cash: 49.69
Held: ABCDx34@40.62 ABACx34@40.62 ACCOx34@40.62 ACADx34@40.62 ADBEx34@40.62 
Value: 6955.94
Sales: ABCDx34@40.62 ABACx34@40.62 ACCOx34@40.62 ACADx34@40.62 ADBEx34@40.62 
Purchases: ABCDx34@40.62 ABACx34@40.62 ACCOx34@40.62 ACADx34@40.62 ADBEx34@40.62 

2015-01-12
Cash: 49.69
Held: ABCDx34@40.47 ABACx34@40.47 ACCOx34@40.47 ACADx34@40.47 ADBEx34@40.47 
Value: 6929.38
Sales: ABCDx34@40.47 ABACx34@40.47 ACCOx34@40.47 ACADx34@40.47 ADBEx34@40.47 
Purchases: ABCDx34@40.47 ABACx34@40.47 ACCOx34@40.47 ACADx34@40.47 ADBEx34@40.47 

2015-01-13
Cash: 49.69
Held: ABCDx34@39.03 ABACx34@39.03 ACCOx34@39.03 ACADx34@39.03 ADBEx34@39.03 
Value: 6685.00
Sales: ABCDx34@39.03 ABACx34@39.03 ACCOx34@39.03 ACADx34@39.03 ADBEx34@39.03 
Purchases: ABCDx34@39.03 ABACx34@39.03 ACCOx34@39.03 ACADx34@39.03 ADBEx34@39.03 

2015-01-14
Cash: 49.69
Held: ABCDx34@39.34 ABACx34@39.34 ACCOx34@39.34 ACADx34@39.34 ADBEx34@39.34 
Value: 6738.12
Sales: ABCDx34@39.34 ABACx34@39.34 ACCOx34@39.34 ACADx34@39.34 ADBEx34@39.34 
Purchases: ABCDx34@39.34 ABACx34@39.34 ACCOx34@39.34 ACADx34@39.34 ADBEx34@39.34 

2015-01-15
Cash: 49.69
Held: ABCDx34@37.84 ABACx34@37.84 ACCOx34@37.84 ACADx34@37.84 ADBEx34@37.84 
Value: 6483.12
Sales: ABCDx34@37.84 ABACx34@37.84 ACCOx34@37.84 ACADx34@37.84 ADBEx34@37.84 
Purchases: ABCDx34@37.84 ABACx34@37.84 ACCOx34@37.84 ACADx34@37.84 ADBEx34@37.84 

2015-01-19
Cash: 49.69
Held: ABCDx34@38.44 ABACx34@38.44 ACCOx34@38.44 ACADx34@38.44 ADBEx34@38.44 
Value: 6584.06
Sales: ABCDx34@38.44 ABACx34@38.44 ACCOx34@38.44 ACADx34@38.44 ADBEx34@38.44 
Purchases: ABCDx34@38.44 ABACx34@38.44 ACCOx34@38.44 ACADx34@38.44 ADBEx34@38.44 

2015-01-20
Cash: 49.69
Held: ABCDx34@37.75 ABACx34@37.75 ACCOx34@37.75 ACADx34@37.75 ADBEx34@37.75 
Value: 6467.19
Sales: ABCDx34@37.75 ABACx34@37.75 ACCOx34@37.75 ACADx34@37.75 ADBEx34@37.75 
Purchases: ABCDx34@37.75 ABACx34@37.75 ACCOx34@37.75 ACADx34@37.75 ADBEx34@37.75 

2015-01-21
Cash: 49.69
Held: ABCDx34@38.50 ABACx34@38.50 ACCOx34@38.50 ACADx34@38.50 ADBEx34@38.50 
Value: 6594.69
Sales: ABCDx34@38.50 ABACx34@38.50 ACCOx34@38.50 ACADx34@38.50 ADBEx34@38.50 
Purchases: ABCDx34@38.50 ABACx34@38.50 ACCOx34@38.50 ACADx34@38.50 ADBEx34@38.50 

2015-01-22
Cash: 49.69
Held: ABCDx34@39.59 ABACx34@39.59 ACCOx34@39.59 ACADx34@39.59 ADBEx34@39.59 
Value: 6780.62
Sales: ABCDx34@39.59 ABACx34@39.59 ACCOx34@39.59 ACADx34@39.59 ADBEx34@39.59 
Purchases: ABCDx34@39.59 ABACx34@39.59 ACCOx34@39.59 ACADx34@39.59 ADBEx34@39.59 

2015-01-25
Cash: 49.69
Held: ABCDx34@38.78 ABACx34@38.78 ACCOx34@38.78 ACADx34@38.78 ADBEx34@38.78 
Value: 6642.50
Sales: ABCDx34@38.78 ABACx34@38.78 ACCOx34@38.78 ACADx34@38.78 ADBEx34@38.78 
Purchases: ABCDx34@38.78 ABACx34@38.78 ACCOx34@38.78 ACADx34@38.78 ADBEx34@38.78 

2015-01-26
Cash: 49.69
Held: ABCDx34@38.69 ABACx34@38.69 ACCOx34@38.69 ACADx34@38.69 ADBEx34@38.69 
Value: 6626.56
Sales: ABCDx34@38.69 ABACx34@38.69 ACCOx34@38.69 ACADx34@38.69 ADBEx34@38.69 
Purchases: ABCDx34@38.69 ABACx34@38.69 ACCOx34@38.69 ACADx34@38.69 ADBEx34@38.69 

2015-01-27
Cash: 49.69
Held: ABCDx34@39.00 ABACx34@39.00 ACCOx34@39.00 ACADx34@39.00 ADBEx34@39.00 
Value: 6679.69
Sales: ABCDx34@39.00 ABACx34@39.00 ACCOx34@39.00 ACADx34@39.00 ADBEx34@39.00 
Purchases: ABCDx34@39.00 ABACx34@39.00 ACCOx34@39.00 ACADx34@39.00 ADBEx34@39.00 

2015-01-28
Cash: 49.69
Held: ABCDx34@38.00 ABACx34@38.00 ACCOx34@38.00 ACADx34@38.00 ADBEx34@38.00 
Value: 6509.69
Sales: ABCDx34@38.00 ABACx34@38.00 ACCOx34@38.00 ACADx34@38.00 ADBEx34@38.00 
Purchases: ABCDx34@38.00 ABACx34@38.00 ACCOx34@38.00 ACADx34@38.00 ADBEx34@38.00 

2015-01-29
Cash: 49.69
Held: ABCDx34@38.00 ABACx34@38.00 ACCOx34@38.00 ACADx34@38.00 ADBEx34@38.00 
Value: 6509.69
Sales: ABCDx34@38.00 ABACx34@38.00 ACCOx34@38.00 ACADx34@38.00 ADBEx34@38.00 
Purchases: ABCDx34@38.00 ABACx34@38.00 ACCOx34@38.00 ACADx34@38.00 ADBEx34@38.00 

2015-02-01
Cash: 49.69
Held: ABCDx34@37.91 ABACx34@37.91 ACCOx34@37.91 ACADx34@37.91 ADBEx34@37.91 
Value: 6493.75
Sales: ABCDx34@37.91 ABACx34@37.91 ACCOx34@37.91 ACADx34@37.91 ADBEx34@37.91 
Purchases: ABCDx34@37.91 ABACx34@37.91 ACCOx34@37.91 ACADx34@37.91 ADBEx34@37.91 

2015-02-02
Cash: 49.69
Held: ABCDx34@39.03 ABACx34@39.03 ACCOx34@39.03 ACADx34@39.03 ADBEx34@39.03 
Value: 6685.00
Sales: ABCDx34@39.03 ABACx34@39.03 ACCOx34@39.03 ACADx34@39.03 ADBEx34@39.03 
Purchases: ABCDx34@39.03 ABACx34@39.03 ACCOx34@39.03 ACADx34@39.03 ADBEx34@39.03 

2015-02-03
Cash: 49.69
Held: ABCDx34@39.34 ABACx34@39.34 ACCOx34@39.34 ACADx34@39.34 ADBEx34@39.34 
Value: 6738.12
Sales: ABCDx34@39.34 ABACx34@39.34 ACCOx34@39.34 ACADx34@39.34 ADBEx34@39.34 
Purchases: ABCDx34@39.34 ABACx34@39.34 ACCOx34@39.34 ACADx34@39.34 ADBEx34@39.34 

2015-02-04
Cash: 49.69
Held: ABCDx34@39.22 ABACx34@39.22 ACCOx34@39.22 ACADx34@39.22 ADBEx34@39.22 
Value: 6716.88
Sales: ABCDx34@39.22 ABACx34@39.22 ACCOx34@39.22 ACADx34@39.22 ADBEx34@39.22 
Purchases: ABCDx34@39.22 ABACx34@39.22 ACCOx34@39.22 ACADx34@39.22 ADBEx34@39.22 

2015-02-05
Cash: 49.69
Held: ABCDx34@39.53 ABACx34@39.53 ACCOx34@39.53 ACADx34@39.53 ADBEx34@39.53 
Value: 6770.00
Sales: ABCDx34@39.53 ABACx34@39.53 ACCOx34@39.53 ACADx34@39.53 ADBEx34@39.53 
Purchases: ABCDx34@39.53 ABACx34@39.53 ACCOx34@39.53 ACADx34@39.53 ADBEx34@39.53 

2015-02-08
Cash: 49.69
Held: ABCDx34@39.22 ABACx34@39.22 ACCOx34@39.22 ACADx34@39.22 ADBEx34@39.22 
Value: 6716.88
Sales: ABCDx34@39.22 ABACx34@39.22 ACCOx34@39.22 ACADx34@39.22 ADBEx34@39.22 
Purchases: ABCDx34@39.22 ABACx34@39.22 ACCOx34@39.22 ACADx34@39.22 ADBEx34@39.22 

2015-02-09
Cash: 49.69
Held: ABCDx34@39.31 ABACx34@39.31 ACCOx34@39.31 ACADx34@39.31 ADBEx34@39.31 
Value: 6732.81
Sales: ABCDx34@39.31 ABACx34@39.31 ACCOx34@39.31 ACADx34@39.31 ADBEx34@39.31 
Purchases: ABCDx34@39.31 ABACx34@39.31 ACCOx34@39.31 ACADx34@39.31 ADBEx34@39.31 

2015-02-10
Cash: 49.69
Held: ABCDx34@39.62 ABACx34@39.62 ACCOx34@39.62 ACADx34@39.62 ADBEx34@39.62 
Value: 6785.94
Sales: ABCDx34@39.62 ABACx34@39.62 ACCOx34@39.62 ACADx34@39.62 ADBEx34@39.62 
Purchases: ABCDx34@39.62 ABACx34@39.62 ACCOx34@39.62 ACADx34@39.62 ADBEx34@39.62 

2015-02-11
Cash: 49.69
Held: ABCDx34@39.59 ABACx34@39.59 ACCOx34@39.59 ACADx34@39.59 ADBEx34@39.59 
Value: 6780.62
Sales: ABCDx34@39.59 ABACx34@39.59 ACCOx34@39.59 ACADx34@39.59 ADBEx34@39.59 
Purchases: ABCDx34@39.59 ABACx34@39.59 ACCOx34@39.59 ACADx34@39.59 ADBEx34@39.59 

2015-02-12
Cash: 49.69
Held: ABCDx34@39.97 ABACx34@39.97 ACCOx34@39.97 ACADx34@39.97 ADBEx34@39.97 
Value: 6844.38
Sales: ABCDx34@39.97 ABACx34@39.97 ACCOx34@39.97 ACADx34@39.97 ADBEx34@39.97 
Purchases: ABCDx34@39.97 ABACx34@39.97 ACCOx34@39.97 ACADx34@39.97 ADBEx34@39.97 

2015-02-16
Cash: 49.69
Held: ABCDx34@40.00 ABACx34@40.00 ACCOx34@40.00 ACADx34@40.00 ADBEx34@40.00 
Value: 6849.69
Sales: ABCDx34@40.00 ABACx34@40.00 ACCOx34@40.00 ACADx34@40.00 ADBEx34@40.00 
Purchases: ABCDx34@40.00 ABACx34@40.00 ACCOx34@40.00 ACADx34@40.00 ADBEx34@40.00 

2015-02-17
Cash: 49.69
Held: ABCDx34@41.12 ABACx34@41.12 ACCOx34@41.12 ACADx34@41.12 ADBEx34@41.12 
Value: 7040.94
Sales: ABCDx34@41.12 ABACx34@41.12 ACCOx34@41.12 ACADx34@41.12 ADBEx34@41.12 
Purchases: ABCDx34@41.12 ABACx34@41.12 ACCOx34@41.12 ACADx34@41.12 ADBEx34@41.12 

2015-02-18
Cash: 49.69
Held: ABCDx34@41.41 ABACx34@41.41 ACCOx34@41.41 ACADx34@41.41 ADBEx34@41.41 
Value: 7088.75
Sales: ABCDx34@41.41 ABACx34@41.41 ACCOx34@41.41 ACADx34@41.41 ADBEx34@41.41 
Purchases: ABCDx34@41.41 ABACx34@41.41 ACCOx34@41.41 ACADx34@41.41 ADBEx34@41.41 

2015-02-19
Cash: 49.69
Held: ABCDx34@41.09 ABACx34@41.09 ACCOx34@41.09 ACADx34@41.09 ADBEx34@41.09 
Value: 7035.62
Sales: ABCDx34@41.09 ABACx34@41.09 ACCOx34@41.09 ACADx34@41.09 ADBEx34@41.09 
Purchases: ABCDx34@41.09 ABACx34@41.09 ACCOx34@41.09 ACADx34@41.09 ADBEx34@41.09 

2015-02-22
Cash: 49.69
Held: ABCDx34@41.88 ABACx34@41.88 ACCOx34@41.88 ACADx34@41.88 ADBEx34@41.88 
Value: 7168.44
Sales: ABCDx34@41.88 ABACx34@41.88 ACCOx34@41.88 ACADx34@41.88 ADBEx34@41.88 
Purchases: ABCDx34@41.88 ABACx34@41.88 ACCOx34@41.88 ACADx34@41.88 ADBEx34@41.88 

2015-02-23
Cash: 49.69
Held: ABCDx34@41.62 ABACx34@41.62 ACCOx34@41.62 ACADx34@41.62 ADBEx34@41.62 
Value: 7125.94
Sales: ABCDx34@41.62 ABACx34@41.62 ACCOx34@41.62 ACADx34@41.62 ADBEx34@41.62 
Purchases: ABCDx34@41.62 ABACx34@41.62 ACCOx34@41.62 ACADx34@41.62 ADBEx34@41.62 

2015-02-24
Cash: 49.69
Held: ABCDx34@42.34 ABACx34@42.34 ACCOx34@42.34 ACADx34@42.34 ADBEx34@42.34 
Value: 7248.12
Sales: ABCDx34@42.34 ABACx34@42.34 ACCOx34@42.34 ACADx34@42.34 ADBEx34@42.34 
Purchases: ABCDx34@42.34 ABACx34@42.34 ACCOx34@42.34 ACADx34@42.34 ADBEx34@42.34 

2015-02-25
Cash: 49.69
Held: ABCDx34@42.22 ABACx34@42.22 ACCOx34@42.22 ACADx34@42.22 ADBEx34@42.22 
Value: 7226.88
Sales: ABCDx34@42.22 ABACx34@42.22 ACCOx34@42.22 ACADx34@42.22 ADBEx34@42.22 
Purchases: ABCDx34@42.22 ABACx34@42.22 ACCOx34@42.22 ACADx34@42.22 ADBEx34@42.22 

2015-02-26
Cash: 49.69
Held: ABCDx34@42.31 ABACx34@42.31 ACCOx34@42.31 ACADx34@42.31 ADBEx34@42.31 
Value: 7242.81
Sales: ABCDx34@42.31 ABACx34@42.31 ACCOx34@42.31 ACADx34@42.31 ADBEx34@42.31 
Purchases: ABCDx34@42.31 ABACx34@42.31 ACCOx34@42.31 ACADx34@42.31 ADBEx34@42.31 

2015-03-01
Cash: 49.69
Held: ABCDx34@42.34 ABACx34@42.34 ACCOx34@42.34 ACADx34@42.34 ADBEx34@42.34 
Value: 7248.12
Sales: ABCDx34@42.34 ABACx34@42.34 ACCOx34@42.34 ACADx34@42.34 ADBEx34@42.34 
Purchases: ABCDx34@42.34 ABACx34@42.34 ACCOx34@42.34 ACADx34@42.34 ADBEx34@42.34 

2015-03-02
Cash: 49.69
Held: ABCDx34@42.44 ABACx34@42.44 ACCOx34@42.44 ACADx34@42.44 ADBEx34@42.44 
Value: 7264.06
Sales: ABCDx34@42.44 ABACx34@42.44 ACCOx34@42.44 ACADx34@42.44 ADBEx34@42.44 
Purchases: ABCDx34@42.44 ABACx34@42.44 ACCOx34@42.44 ACADx34@42.44 ADBEx34@42.44 

2015-03-03
Cash: 49.69
Held: ABCDx34@41.94 ABACx34@41.94 ACCOx34@41.94 ACADx34@41.94 ADBEx34@41.94 
Value: 7179.06
Sales: ABCDx34@41.94 ABACx34@41.94 ACCOx34@41.94 ACADx34@41.94 ADBEx34@41.94 
Purchases: ABCDx34@41.94 ABACx34@41.94 ACCOx34@41.94 ACADx34@41.94 ADBEx34@41.94 

2015-03-04
Cash: 49.69
Held: ABCDx34@42.00 ABACx34@42.00 ACCOx34@42.00 ACADx34@42.00 ADBEx34@42.00 
Value: 7189.69
Sales: ABCDx34@42.00 ABACx34@42.00 ACCOx34@42.00 ACADx34@42.00 ADBEx34@42.00 
Purchases: ABCDx34@42.00 ABACx34@42.00 ACCOx34@42.00 ACADx34@42.00 ADBEx34@42.00 

2015-03-05
Cash: 49.69
Held: ABCDx34@41.94 ABACx34@41.94 ACCOx34@41.94 ACADx34@41.94 ADBEx34@41.94 
Value: 7179.06
Sales: ABCDx34@41.94 ABACx34@41.94 ACCOx34@41.94 ACADx34@41.94 ADBEx34@41.94 
Purchases: ABCDx34@41.94 ABACx34@41.94 ACCOx34@41.94 ACADx34@41.94 ADBEx34@41.94 

2015-03-08
Cash: 49.69
Held: ABCDx34@41.53 ABACx34@41.53 ACCOx34@41.53 ACADx34@41.53 ADBEx34@41.53 
Value: 7110.00
Sales: ABCDx34@41.53 ABACx34@41.53 ACCOx34@41.53 ACADx34@41.53 ADBEx34@41.53 
Purchases: ABCDx34@41.53 ABACx34@41.53 ACCOx34@41.53 ACADx34@41.53 ADBEx34@41.53 

2015-03-09
Cash: 49.69
Held: ABCDx34@41.22 ABACx34@41.22 ACCOx34@41.22 ACADx34@41.22 ADBEx34@41.22 
Value: 7056.88
Sales: ABCDx34@41.22 ABACx34@41.22 ACCOx34@41.22 ACADx34@41.22 ADBEx34@41.22 
Purchases: ABCDx34@41.22 ABACx34@41.22 ACCOx34@41.22 ACADx34@41.22 ADBEx34@41.22 

2015-03-10
Cash: 49.69
Held: ABCDx34@40.78 ABACx34@40.78 ACCOx34@40.78 ACADx34@40.78 ADBEx34@40.78 
Value: 6982.50
Sales: ABCDx34@40.78 ABACx34@40.78 ACCOx34@40.78 ACADx34@40.78 ADBEx34@40.78 
Purchases: ABCDx34@40.78 ABACx34@40.78 ACCOx34@40.78 ACADx34@40.78 ADBEx34@40.78 

2015-03-11
Cash: 49.69
Held: ABCDx34@41.00 ABACx34@41.00 ACCOx34@41.00 ACADx34@41.00 ADBEx34@41.00 
Value: 7019.69
Sales: ABCDx34@41.00 ABACx34@41.00 ACCOx34@41.00 ACADx34@41.00 ADBEx34@41.00 
Purchases: ABCDx34@41.00 ABACx34@41.00 ACCOx34@41.00 ACADx34@41.00 ADBEx34@41.00 

2015-03-12
Cash: 49.69
Held: ABCDx34@40.97 ABACx34@40.97 ACCOx34@40.97 ACADx34@40.97 ADBEx34@40.97 
Value: 7014.38
Sales: ABCDx34@40.97 ABACx34@40.97 ACCOx34@40.97 ACADx34@40.97 ADBEx34@40.97 
Purchases: ABCDx34@40.97 ABACx34@40.97 ACCOx34@40.97 ACADx34@40.97 ADBEx34@40.97 

2015-03-15
Cash: 49.69
Held: ABCDx34@41.16 ABACx34@41.16 ACCOx34@41.16 ACADx34@41.16 ADBEx34@41.16 
Value: 7046.25
Sales: ABCDx34@41.16 ABACx34@41.16 ACCOx34@41.16 ACADx34@41.16 ADBEx34@41.16 
Purchases: ABCDx34@41.16 ABACx34@41.16 ACCOx34@41.16 ACADx34@41.16 ADBEx34@41.16 

2015-03-16
Cash: 49.69
Held: ABCDx34@41.53 ABACx34@41.53 ACCOx34@41.53 ACADx34@41.53 ADBEx34@41.53 
Value: 7110.00
Sales: ABCDx34@41.53 ABACx34@41.53 ACCOx34@41.53 ACADx34@41.53 ADBEx34@41.53 
Purchases: ABCDx34@41.53 ABACx34@41.53 ACCOx34@41.53 ACADx34@41.53 ADBEx34@41.53 

2015-03-17
Cash: 49.69
Held: ABCDx34@41.44 ABACx34@41.44 ACCOx34@41.44 ACADx34@41.44 ADBEx34@41.44 
Value: 7094.06
Sales: ABCDx34@41.44 ABACx34@41.44 ACCOx34@41.44 ACADx34@41.44 ADBEx34@41.44 
Purchases: ABCDx34@41.44 ABACx34@41.44 ACCOx34@41.44 ACADx34@41.44 ADBEx34@41.44 

2015-03-18
Cash: 49.69
Held: ABCDx34@42.06 ABACx34@42.06 ACCOx34@42.06 ACADx34@42.06 ADBEx34@42.06 
Value: 7200.31
Sales: ABCDx34@42.06 ABACx34@42.06 ACCOx34@42.06 ACADx34@42.06 ADBEx34@42.06 
Purchases: ABCDx34@42.06 ABACx34@42.06 ACCOx34@42.06 ACADx34@42.06 ADBEx34@42.06 

2015-03-19
Cash: 49.69
Held: ABCDx34@42.38 ABACx34@42.38 ACCOx34@42.38 ACADx34@42.38 ADBEx34@42.38 
Value: 7253.44
Sales: ABCDx34@42.38 ABACx34@42.38 ACCOx34@42.38 ACADx34@42.38 ADBEx34@42.38 
Purchases: ABCDx34@42.38 ABACx34@42.38 ACCOx34@42.38 ACADx34@42.38 ADBEx34@42.38 

2015-03-22
Cash: 49.69
Held: ABCDx34@42.12 ABACx34@42.12 ACCOx34@42.12 ACADx34@42.12 ADBEx34@42.12 
Value: 7210.94
Sales: ABCDx34@42.12 ABACx34@42.12 ACCOx34@42.12 ACADx34@42.12 ADBEx34@42.12 
Purchases: ABCDx34@42.12 ABACx34@42.12 ACCOx34@42.12 ACADx34@42.12 ADBEx34@42.12 

2015-03-23
Cash: 49.69
Held: ABCDx34@42.12 ABACx34@42.12 ACCOx34@42.12 ACADx34@42.12 ADBEx34@42.12 
Value: 7210.94
Sales: ABCDx34@42.12 ABACx34@42.12 ACCOx34@42.12 ACADx34@42.12 ADBEx34@42.12 
Purchases: ABCDx34@42.12 ABACx34@42.12 ACCOx34@42.12 ACADx34@42.12 ADBEx34@42.12 

2015-03-24
Cash: 49.69
Held: ABCDx34@41.16 ABACx34@41.16 ACCOx34@41.16 ACADx34@41.16 ADBEx34@41.16 
Value: 7046.25
Sales: ABCDx34@41.16 ABACx34@41.16 ACCOx34@41.16 ACADx34@41.16 ADBEx34@41.16 
Purchases: ABCDx34@41.16 ABACx34@41.16 ACCOx34@41.16 ACADx34@41.16 ADBEx34@41.16 

2015-03-25
Cash: 49.69
Held: ABCDx34@40.69 ABACx34@40.69 ACCOx34@40.69 ACADx34@40.69 ADBEx34@40.69 
Value: 6966.56
Sales: ABCDx34@40.69 ABACx34@40.69 ACCOx34@40.69 ACADx34@40.69 ADBEx34@40.69 
Purchases: ABCDx34@40.69 ABACx34@40.69 ACCOx34@40.69 ACADx34@40.69 ADBEx34@40.69 

2015-03-26
Cash: 49.69
Held: ABCDx34@40.59 ABACx34@40.59 ACCOx34@40.59 ACADx34@40.59 ADBEx34@40.59 
Value: 6950.62
Sales: ABCDx34@40.59 ABACx34@40.59 ACCOx34@40.59 ACADx34@40.59 ADBEx34@40.59 
Purchases: ABCDx34@40.59 ABACx34@40.59 ACCOx34@40.59 ACADx34@40.59 ADBEx34@40.59 

2015-03-29
Cash: 49.69
Held: ABCDx34@41.53 ABACx34@41.53 ACCOx34@41.53 ACADx34@41.53 ADBEx34@41.53 
Value: 7110.00
Sales: ABCDx34@41.53 ABACx34@41.53 ACCOx34@41.53 ACADx34@41.53 ADBEx34@41.53 
Purchases: ABCDx34@41.53 ABACx34@41.53 ACCOx34@41.53 ACADx34@41.53 ADBEx34@41.53 

2015-03-30
Cash: 49.69
Held: ABCDx34@41.28 ABACx34@41.28 ACCOx34@41.28 ACADx34@41.28 ADBEx34@41.28 
Value: 7067.50
Sales: ABCDx34@41.28 ABACx34@41.28 ACCOx34@41.28 ACADx34@41.28 ADBEx34@41.28 
Purchases: ABCDx34@41.28 ABACx34@41.28 ACCOx34@41.28 ACADx34@41.28 ADBEx34@41.28 

2015-03-31
Cash: 49.69
Held: ABCDx34@41.47 ABACx34@41.47 ACCOx34@41.47 ACADx34@41.47 ADBEx34@41.47 
Value: 7099.38
Sales: ABCDx34@41.47 ABACx34@41.47 ACCOx34@41.47 ACADx34@41.47 ADBEx34@41.47 
Purchases: ABCDx34@41.47 ABACx34@41.47 ACCOx34@41.47 ACADx34@41.47 ADBEx34@41.47 

2015-04-01
Cash: 49.69
Held: ABCDx34@41.47 ABACx34@41.47 ACCOx34@41.47 ACADx34@41.47 ADBEx34@41.47 
Value: 7099.38
Sales: ABCDx34@41.47 ABACx34@41.47 ACCOx34@41.47 ACADx34@41.47 ADBEx34@41.47 
Purchases: ABCDx34@41.47 ABACx34@41.47 ACCOx34@41.47 ACADx34@41.47 ADBEx34@41.47 

2015-04-05
Cash: 49.69
Held: ABCDx34@41.69 ABACx34@41.69 ACCOx34@41.69 ACADx34@41.69 ADBEx34@41.69 
Value: 7136.56
Sales: ABCDx34@41.69 ABACx34@41.69 ACCOx34@41.69 ACADx34@41.69 ADBEx34@41.69 
Purchases: ABCDx34@41.69 ABACx34@41.69 ACCOx34@41.69 ACADx34@41.69 ADBEx34@41.69 

2015-04-06
Cash: 49.69
Held: ABCDx34@41.94 ABACx34@41.94 ACCOx34@41.94 ACADx34@41.94 ADBEx34@41.94 
Value: 7179.06
Sales: ABCDx34@41.94 ABACx34@41.94 ACCOx34@41.94 ACADx34@41.94 ADBEx34@41.94 
Purchases: ABCDx34@41.94 ABACx34@41.94 ACCOx34@41.94 ACADx34@41.94 ADBEx34@41.94 

2015-04-07
Cash: 49.69
Held: ABCDx34@42.44 ABACx34@42.44 ACCOx34@42.44 ACADx34@42.44 ADBEx34@42.44 
Value: 7264.06
Sales: ABCDx34@42.44 ABACx34@42.44 ACCOx34@42.44 ACADx34@42.44 ADBEx34@42.44 
Purchases: ABCDx34@42.44 ABACx34@42.44 ACCOx34@42.44 ACADx34@42.44 ADBEx34@42.44 

2015-04-08
Cash: 49.69
Held: ABCDx34@42.16 ABACx34@42.16 ACCOx34@42.16 ACADx34@42.16 ADBEx34@42.16 
Value: 7216.25
Sales: ABCDx34@42.16 ABACx34@42.16 ACCOx34@42.16 ACADx34@42.16 ADBEx34@42.16 
Purchases: ABCDx34@42.16 ABACx34@42.16 ACCOx34@42.16 ACADx34@42.16 ADBEx34@42.16 

2015-04-09
Cash: 49.69
Held: ABCDx34@42.81 ABACx34@42.81 ACCOx34@42.81 ACADx34@42.81 ADBEx34@42.81 
Value: 7327.81
Sales: ABCDx34@42.81 ABACx34@42.81 ACCOx34@42.81 ACADx34@42.81 ADBEx34@42.81 
Purchases: ABCDx34@42.81 ABACx34@42.81 ACCOx34@42.81 ACADx34@42.81 ADBEx34@42.81 

2015-04-12
Cash: 49.69
Held: ABCDx34@43.59 ABACx34@43.59 ACCOx34@43.59 ACADx34@43.59 ADBEx34@43.59 
Value: 7460.62
Sales: ABCDx34@43.59 ABACx34@43.59 ACCOx34@43.59 ACADx34@43.59 ADBEx34@43.59 
Purchases: ABCDx34@43.59 ABACx34@43.59 ACCOx34@43.59 ACADx34@43.59 ADBEx34@43.59 

2015-04-13
Cash: 49.69
Held: ABCDx34@42.97 ABACx34@42.97 ACCOx34@42.97 ACADx34@42.97 ADBEx34@42.97 
Value: 7354.38
Sales: ABCDx34@42.97 ABACx34@42.97 ACCOx34@42.97 ACADx34@42.97 ADBEx34@42.97 
Purchases: ABCDx34@42.97 ABACx34@42.97 ACCOx34@42.97 ACADx34@42.97 ADBEx34@42.97 

2015-04-14
Cash: 49.69
Held: ABCDx34@43.28 ABACx34@43.28 ACCOx34@43.28 ACADx34@43.28 ADBEx34@43.28 
Value: 7407.50
Sales: ABCDx34@43.28 ABACx34@43.28 ACCOx34@43.28 ACADx34@43.28 ADBEx34@43.28 
Purchases: ABCDx34@43.28 ABACx34@43.28 ACCOx34@43.28 ACADx34@43.28 ADBEx34@43.28 

2015-04-15
Cash: 49.69
Held: ABCDx34@43.12 ABACx34@43.12 ACCOx34@43.12 ACADx34@43.12 ADBEx34@43.12 
Value: 7380.94
Sales: ABCDx34@43.12 ABACx34@43.12 ACCOx34@43.12 ACADx34@43.12 ADBEx34@43.12 
Purchases: ABCDx34@43.12 ABACx34@43.12 ACCOx34@43.12 ACADx34@43.12 ADBEx34@43.12 

2015-04-16
Cash: 49.69
Held: ABCDx34@42.75 ABACx34@42.75 ACCOx34@42.75 ACADx34@42.75 ADBEx34@42.75 
Value: 7317.19
Sales: ABCDx34@42.75 ABACx34@42.75 ACCOx34@42.75 ACADx34@42.75 ADBEx34@42.75 
Purchases: ABCDx34@42.75 ABACx34@42.75 ACCOx34@42.75 ACADx34@42.75 ADBEx34@42.75 

2015-04-19
Cash: 49.69
Held: ABCDx34@43.34 ABACx34@43.34 ACCOx34@43.34 ACADx34@43.34 ADBEx34@43.34 
Value: 7418.12
Sales: ABCDx34@43.34 ABACx34@43.34 ACCOx34@43.34 ACADx34@43.34 ADBEx34@43.34 
Purchases: ABCDx34@43.34 ABACx34@43.34 ACCOx34@43.34 ACADx34@43.34 ADBEx34@43.34 

2015-04-20
Cash: 49.69
Held: ABCDx34@43.41 ABACx34@43.41 ACCOx34@43.41 ACADx34@43.41 ADBEx34@43.41 
Value: 7428.75
Sales: ABCDx34@43.41 ABACx34@43.41 ACCOx34@43.41 ACADx34@43.41 ADBEx34@43.41 
Purchases: ABCDx34@43.41 ABACx34@43.41 ACCOx34@43.41 ACADx34@43.41 ADBEx34@43.41 

2015-04-21
Cash: 49.69
Held: ABCDx34@42.72 ABACx34@42.72 ACCOx34@42.72 ACADx34@42.72 ADBEx34@42.72 
Value: 7311.88
Sales: ABCDx34@42.72 ABACx34@42.72 ACCOx34@42.72 ACADx34@42.72 ADBEx34@42.72 
Purchases: ABCDx34@42.72 ABACx34@42.72 ACCOx34@42.72 ACADx34@42.72 ADBEx34@42.72 

2015-04-22
Cash: 49.69
Held: ABCDx34@42.41 ABACx34@42.41 ACCOx34@42.41 ACADx34@42.41 ADBEx34@42.41 
Value: 7258.75
Sales: ABCDx34@42.41 ABACx34@42.41 ACCOx34@42.41 ACADx34@42.41 ADBEx34@42.41 
Purchases: ABCDx34@42.41 ABACx34@42.41 ACCOx34@42.41 ACADx34@42.41 ADBEx34@42.41 

2015-04-23
Cash: 49.69
Held: ABCDx34@42.72 ABACx34@42.72 ACCOx34@42.72 ACADx34@42.72 ADBEx34@42.72 
Value: 7311.88
Sales: ABCDx34@42.72 ABACx34@42.72 ACCOx34@42.72 ACADx34@42.72 ADBEx34@42.72 
Purchases: ABCDx34@42.72 ABACx34@42.72 ACCOx34@42.72 ACADx34@42.72 ADBEx34@42.72 

2015-04-26
Cash: 49.69
Held: ABCDx34@42.75 ABACx34@42.75 ACCOx34@42.75 ACADx34@42.75 ADBEx34@42.75 
Value: 7317.19
Sales: ABCDx34@42.75 ABACx34@42.75 ACCOx34@42.75 ACADx34@42.75 ADBEx34@42.75 
Purchases: ABCDx34@42.75 ABACx34@42.75 ACCOx34@42.75 ACADx34@42.75 ADBEx34@42.75 

2015-04-27
Cash: 49.69
Held: ABCDx34@41.88 ABACx34@41.88 ACCOx34@41.88 ACADx34@41.88 ADBEx34@41.88 
Value: 7168.44
Sales: ABCDx34@41.88 ABACx34@41.88 ACCOx34@41.88 ACADx34@41.88 ADBEx34@41.88 
Purchases: ABCDx34@41.88 ABACx34@41.88 ACCOx34@41.88 ACADx34@41.88 ADBEx34@41.88 

2015-04-28
Cash: 49.69
Held: ABCDx34@42.03 ABACx34@42.03 ACCOx34@42.03 ACADx34@42.03 ADBEx34@42.03 
Value: 7195.00
Sales: ABCDx34@42.03 ABACx34@42.03 ACCOx34@42.03 ACADx34@42.03 ADBEx34@42.03 
Purchases: ABCDx34@42.03 ABACx34@42.03 ACCOx34@42.03 ACADx34@42.03 ADBEx34@42.03 

2015-04-29
Cash: 49.69
Held: ABCDx34@41.84 ABACx34@41.84 ACCOx34@41.84 ACADx34@41.84 ADBEx34@41.84 
Value: 7163.12
Sales: ABCDx34@41.84 ABACx34@41.84 ACCOx34@41.84 ACADx34@41.84 ADBEx34@41.84 
Purchases: ABCDx34@41.84 ABACx34@41.84 ACCOx34@41.84 ACADx34@41.84 ADBEx34@41.84 

2015-04-30
Cash: 49.69
Held: ABCDx34@41.41 ABACx34@41.41 ACCOx34@41.41 ACADx34@41.41 ADBEx34@41.41 
Value: 7088.75
Sales: ABCDx34@41.41 ABACx34@41.41 ACCOx34@41.41 ACADx34@41.41 ADBEx34@41.41 
Purchases: ABCDx34@41.41 ABACx34@41.41 ACCOx34@41.41 ACADx34@41.41 ADBEx34@41.41 

2015-05-03
Cash: 49.69
Held: ABCDx34@41.88 ABACx34@41.88 ACCOx34@41.88 ACADx34@41.88 ADBEx34@41.88 
Value: 7168.44
Sales: ABCDx34@41.88 ABACx34@41.88 ACCOx34@41.88 ACADx34@41.88 ADBEx34@41.88 
Purchases: ABCDx34@41.88 ABACx34@41.88 ACCOx34@41.88 ACADx34@41.88 ADBEx34@41.88 

2015-05-04
Cash: 49.69
Held: ABCDx34@41.72 ABACx34@41.72 ACCOx34@41.72 ACADx34@41.72 ADBEx34@41.72 
Value: 7141.88
Sales: ABCDx34@41.72 ABACx34@41.72 ACCOx34@41.72 ACADx34@41.72 ADBEx34@41.72 
Purchases: ABCDx34@41.72 ABACx34@41.72 ACCOx34@41.72 ACADx34@41.72 ADBEx34@41.72 

2015-05-05
Cash: 49.69
Held: ABCDx34@41.88 ABACx34@41.88 ACCOx34@41.88 ACADx34@41.88 ADBEx34@41.88 
Value: 7168.44
Sales: ABCDx34@41.88 ABACx34@41.88 ACCOx34@41.88 ACADx34@41.88 ADBEx34@41.88 
Purchases: ABCDx34@41.88 ABACx34@41.88 ACCOx34@41.88 ACADx34@41.88 ADBEx34@41.88 

2015-05-06
Cash: 49.69
Held: ABCDx34@41.59 ABACx34@41.59 ACCOx34@41.59 ACADx34@41.59 ADBEx34@41.59 
Value: 7120.62
Sales: ABCDx34@41.59 ABACx34@41.59 ACCOx34@41.59 ACADx34@41.59 ADBEx34@41.59 
Purchases: ABCDx34@41.59 ABACx34@41.59 ACCOx34@41.59 ACADx34@41.59 ADBEx34@41.59 

2015-05-07
Cash: 49.69
Held: ABCDx34@42.22 ABACx34@42.22 ACCOx34@42.22 ACADx34@42.22 ADBEx34@42.22 
Value: 7226.88
Sales: ABCDx34@42.22 ABACx34@42.22 ACCOx34@42.22 ACADx34@42.22 ADBEx34@42.22 
Purchases: ABCDx34@42.22 ABACx34@42.22 ACCOx34@42.22 ACADx34@42.22 ADBEx34@42.22 

2015-05-10
Cash: 49.69
Held: ABCDx34@42.38 ABACx34@42.38 ACCOx34@42.38 ACADx34@42.38 ADBEx34@42.38 
Value: 7253.44
Sales: ABCDx34@42.38 ABACx34@42.38 ACCOx34@42.38 ACADx34@42.38 ADBEx34@42.38 
Purchases: ABCDx34@42.38 ABACx34@42.38 ACCOx34@42.38 ACADx34@42.38 ADBEx34@42.38 

2015-05-11
Cash: 49.69
Held: ABCDx34@42.38 ABACx34@42.38 ACCOx34@42.38 ACADx34@42.38 ADBEx34@42.38 
Value: 7253.44
Sales: ABCDx34@42.38 ABACx34@42.38 ACCOx34@42.38 ACADx34@42.38 ADBEx34@42.38 
Purchases: ABCDx34@42.38 ABACx34@42.38 ACCOx34@42.38 ACADx34@42.38 ADBEx34@42.38 

2015-05-12
Cash: 49.69
Held: ABCDx34@42.06 ABACx34@42.06 ACCOx34@42.06 ACADx34@42.06 ADBEx34@42.06 
Value: 7200.31
Sales: ABCDx34@42.06 ABACx34@42.06 ACCOx34@42.06 ACADx34@42.06 ADBEx34@42.06 
Purchases: ABCDx34@42.06 ABACx34@42.06 ACCOx34@42.06 ACADx34@42.06 ADBEx34@42.06 

2015-05-13
Cash: 49.69
Held: ABCDx34@42.19 ABACx34@42.19 ACCOx34@42.19 ACADx34@42.19 ADBEx34@42.19 
Value: 7221.56
Sales: ABCDx34@42.19 ABACx34@42.19 ACCOx34@42.19 ACADx34@42.19 ADBEx34@42.19 
Purchases: ABCDx34@42.19 ABACx34@42.19 ACCOx34@42.19 ACADx34@42.19 ADBEx34@42.19 

2015-05-14
Cash: 49.69
Held: ABCDx34@42.12 ABACx34@42.12 ACCOx34@42.12 ACADx34@42.12 ADBEx34@42.12 
Value: 7210.94
Sales: ABCDx34@42.12 ABACx34@42.12 ACCOx34@42.12 ACADx34@42.12 ADBEx34@42.12 
Purchases: ABCDx34@42.12 ABACx34@42.12 ACCOx34@42.12 ACADx34@42.12 ADBEx34@42.12 

2015-05-17
Cash: 49.69
Held: ABCDx34@42.06 ABACx34@42.06 ACCOx34@42.06 ACADx34@42.06 ADBEx34@42.06 
Value: 7200.31
Sales: ABCDx34@42.06 ABACx34@42.06 ACCOx34@42.06 ACADx34@42.06 ADBEx34@42.06 
Purchases: ABCDx34@42.06 ABACx34@42.06 ACCOx34@42.06 ACADx34@42.06 ADBEx34@42.06 

2015-05-18
Cash: 49.69
Held: ABCDx34@41.56 ABACx34@41.56 ACCOx34@41.56 ACADx34@41.56 ADBEx34@41.56 
Value: 7115.31
Sales: ABCDx34@41.56 ABACx34@41.56 ACCOx34@41.56 ACADx34@41.56 ADBEx34@41.56 
Purchases: ABCDx34@41.56 ABACx34@41.56 ACCOx34@41.56 ACADx34@41.56 ADBEx34@41.56 

2015-05-19
Cash: 49.69
Held: ABCDx34@42.50 ABACx34@42.50 ACCOx34@42.50 ACADx34@42.50 ADBEx34@42.50 
Value: 7274.69
Sales: ABCDx34@42.50 ABACx34@42.50 ACCOx34@42.50 ACADx34@42.50 ADBEx34@42.50 
Purchases: ABCDx34@42.50 ABACx34@42.50 ACCOx34@42.50 ACADx34@42.50 ADBEx34@42.50 

2015-05-20
Cash: 49.69
Held: ABCDx34@42.56 ABACx34@42.56 ACCOx34@42.56 ACADx34@42.56 ADBEx34@42.56 
Value: 7285.31
Sales: ABCDx34@42.56 ABACx34@42.56 ACCOx34@42.56 ACADx34@42.56 ADBEx34@42.56 
Purchases: ABCDx34@42.56 ABACx34@42.56 ACCOx34@42.56 ACADx34@42.56 ADBEx34@42.56 

2015-05-21
Cash: 49.69
Held: ABCDx34@42.28 ABACx34@42.28 ACCOx34@42.28 ACADx34@42.28 ADBEx34@42.28 
Value: 7237.50
Sales: ABCDx34@42.28 ABACx34@42.28 ACCOx34@42.28 ACADx34@42.28 ADBEx34@42.28 
Purchases: ABCDx34@42.28 ABACx34@42.28 ACCOx34@42.28 ACADx34@42.28 ADBEx34@42.28 

2015-05-25
Cash: 49.69
Held: ABCDx34@42.47 ABACx34@42.47 ACCOx34@42.47 ACADx34@42.47 ADBEx34@42.47 
Value: 7269.38
Sales: ABCDx34@42.47 ABACx34@42.47 ACCOx34@42.47 ACADx34@42.47 ADBEx34@42.47 
Purchases: ABCDx34@42.47 ABACx34@42.47 ACCOx34@42.47 ACADx34@42.47 ADBEx34@42.47 

2015-05-26
Cash: 49.69
Held: ABCDx34@42.28 ABACx34@42.28 ACCOx34@42.28 ACADx34@42.28 ADBEx34@42.28 
Value: 7237.50
Sales: ABCDx34@42.28 ABACx34@42.28 ACCOx34@42.28 ACADx34@42.28 ADBEx34@42.28 
Purchases: ABCDx34@42.28 ABACx34@42.28 ACCOx34@42.28 ACADx34@42.28 ADBEx34@42.28 

2015-05-27
Cash: 49.69
Held: ABCDx34@42.44 ABACx34@42.44 ACCOx34@42.44 ACADx34@42.44 ADBEx34@42.44 
Value: 7264.06
Sales: ABCDx34@42.44 ABACx34@42.44 ACCOx34@42.44 ACADx34@42.44 ADBEx34@42.44 
Purchases: ABCDx34@42.44 ABACx34@42.44 ACCOx34@42.44 ACADx34@42.44 ADBEx34@42.44 

2015-05-28
Cash: 49.69
Held: ABCDx34@41.78 ABACx34@41.78 ACCOx34@41.78 ACADx34@41.78 ADBEx34@41.78 
Value: 7152.50
Sales: ABCDx34@41.78 ABACx34@41.78 ACCOx34@41.78 ACADx34@41.78 ADBEx34@41.78 
Purchases: ABCDx34@41.78 ABACx34@41.78 ACCOx34@41.78 ACADx34@41.78 ADBEx34@41.78 

2015-05-31
Cash: 49.69
Held: ABCDx34@41.44 ABACx34@41.44 ACCOx34@41.44 ACADx34@41.44 ADBEx34@41.44 
Value: 7094.06
Sales: ABCDx34@41.44 ABACx34@41.44 ACCOx34@41.44 ACADx34@41.44 ADBEx34@41.44 
Purchases: ABCDx34@41.44 ABACx34@41.44 ACCOx34@41.44 ACADx34@41.44 ADBEx34@41.44 

2015-06-01
Cash: 49.69
Held: ABCDx34@40.94 ABACx34@40.94 ACCOx34@40.94 ACADx34@40.94 ADBEx34@40.94 
Value: 7009.06
Sales: ABCDx34@40.94 ABACx34@40.94 ACCOx34@40.94 ACADx34@40.94 ADBEx34@40.94 
Purchases: ABCDx34@40.94 ABACx34@40.94 ACCOx34@40.94 ACADx34@40.94 ADBEx34@40.94 

2015-06-02
Cash: 49.69
Held: ABCDx34@41.31 ABACx34@41.31 ACCOx34@41.31 ACADx34@41.31 ADBEx34@41.31 
Value: 7072.81
Sales: ABCDx34@41.31 ABACx34@41.31 ACCOx34@41.31 ACADx34@41.31 ADBEx34@41.31 
Purchases: ABCDx34@41.31 ABACx34@41.31 ACCOx34@41.31 ACADx34@41.31 ADBEx34@41.31 

2015-06-03
Cash: 49.69
Held: ABCDx34@40.88 ABACx34@40.88 ACCOx34@40.88 ACADx34@40.88 ADBEx34@40.88 
Value: 6998.44
Sales: ABCDx34@40.88 ABACx34@40.88 ACCOx34@40.88 ACADx34@40.88 ADBEx34@40.88 
Purchases: ABCDx34@40.88 ABACx34@40.88 ACCOx34@40.88 ACADx34@40.88 ADBEx34@40.88 

2015-06-04
Cash: 49.69
Held: ABCDx34@40.53 ABACx34@40.53 ACCOx34@40.53 ACADx34@40.53 ADBEx34@40.53 
Value: 6940.00
Sales: ABCDx34@40.53 ABACx34@40.53 ACCOx34@40.53 ACADx34@40.53 ADBEx34@40.53 
Purchases: ABCDx34@40.53 ABACx34@40.53 ACCOx34@40.53 ACADx34@40.53 ADBEx34@40.53 

2015-06-07
Cash: 49.69
Held: ABCDx34@40.25 ABACx34@40.25 ACCOx34@40.25 ACADx34@40.25 ADBEx34@40.25 
Value: 6892.19
Sales: ABCDx34@40.25 ABACx34@40.25 ACCOx34@40.25 ACADx34@40.25 ADBEx34@40.25 
Purchases: ABCDx34@40.25 ABACx34@40.25 ACCOx34@40.25 ACADx34@40.25 ADBEx34@40.25 

2015-06-08
Cash: 49.69
Held: ABCDx34@39.94 ABACx34@39.94 ACCOx34@39.94 ACADx34@39.94 ADBEx34@39.94 
Value: 6839.06
Sales: ABCDx34@39.94 ABACx34@39.94 ACCOx34@39.94 ACADx34@39.94 ADBEx34@39.94 
Purchases: ABCDx34@39.94 ABACx34@39.94 ACCOx34@39.94 ACADx34@39.94 ADBEx34@39.94 

2015-06-09
Cash: 49.69
Held: ABCDx34@40.41 ABACx34@40.41 ACCOx34@40.41 ACADx34@40.41 ADBEx34@40.41 
Value: 6918.75
Sales: ABCDx34@40.41 ABACx34@40.41 ACCOx34@40.41 ACADx34@40.41 ADBEx34@40.41 
Purchases: ABCDx34@40.41 ABACx34@40.41 ACCOx34@40.41 ACADx34@40.41 ADBEx34@40.41 

