2014-05-22
Cash: 10000.00
Held: 
Value: 10000.00
Sales: 
Purchases: LIVEx847@2.36 HEIx38@52.06 TPIVx1142@1.75 XTNTx3124@0.64 EVLVx462@4.32 

2014-05-26
Cash: 28.96
Held: LIVEx847@4.02 XTNTx3124@0.66 TPIVx1142@1.70 EVLVx462@4.65 HEIx38@53.75 
Value: 11627.54
Sales: LIVEx847@4.02 HEIx38@53.75 TPIVx1142@1.70 XTNTx3124@0.66 EVLVx462@4.65 
Purchases: EGHTx319@7.28 XCRAx232@9.99 IGCx1685@1.38 TPIVx1367@1.70 HGSHx575@4.04 

2014-05-27
Cash: 14.90
Held: XCRAx232@10.00 TPIVx1367@1.98 EGHTx319@7.53 IGCx1685@1.85 HGSHx575@4.31 
Value: 13038.70
Sales: EGHTx319@7.53 IGCx1685@1.85 XCRAx232@10.00 TPIVx1367@1.98 HGSHx575@4.31 
Purchases: MOCx1533@1.70 INUVx3724@0.70 ORMPx387@6.73 ALOGx38@67.94 TGCx6065@0.43 

2014-05-28
Cash: 30.92
Held: MOCx1533@1.69 TGCx6065@0.44 ALOGx38@68.00 INUVx3724@0.79 ORMPx387@7.99 
Value: 13908.17
Sales: MOCx1533@1.69 TGCx6065@0.44 INUVx3724@0.79 ALOGx38@68.00 ORMPx387@7.99 
Purchases: ATVx271@10.26 DSWx116@23.86 DAIOx1041@2.67 WGBSx2699@1.03 CETCx323@8.60 

2014-05-29
Cash: 22.21
Held: DAIOx1041@2.60 DSWx116@24.70 ATVx271@10.64 WGBSx2699@1.40 CETCx323@9.40 
Value: 15292.93
Sales: ATVx271@10.64 DAIOx1041@2.60 CETCx323@9.40 WGBSx2699@1.40 DSWx116@24.70 
Purchases: VISIx374@8.16 OMEXx2232@1.37 MGHx10193@0.30 SGRPx2139@1.43 SPEXx1491@2.05 

2014-06-01
Cash: 10.17
Held: SGRPx2139@1.37 SPEXx1491@1.94 VISIx374@8.25 MGHx10193@0.30 OMEXx2232@1.39 
Value: 15079.63
Sales: OMEXx2232@1.39 VISIx374@8.25 SGRPx2139@1.37 SPEXx1491@1.94 MGHx10193@0.30 
Purchases: LOANx1340@2.25 GLUUx828@3.64 TOPSx800@3.77 SPHSx1039@2.90 SPEXx1554@1.94 

2014-06-02
Cash: 5.63
Held: TOPSx800@3.00 GLUUx828@3.59 SPEXx1554@1.99 SPHSx1039@2.75 LOANx1340@2.25 
Value: 14343.09
Sales: LOANx1340@2.25 GLUUx828@3.59 TOPSx800@3.00 SPHSx1039@2.75 SPEXx1554@1.99 
Purchases: CYTKx614@4.67 NBYx3222@0.89 ASTCx1028@2.79 UQMx1494@1.92 NOVx38@74.25 

2014-06-03
Cash: 49.52
Held: NOVx38@75.88 ASTCx1028@3.09 NBYx3222@0.90 UQMx1494@1.83 CYTKx614@4.77 
Value: 14671.25
Sales: CYTKx614@4.77 NOVx38@75.88 ASTCx1028@3.09 UQMx1494@1.83 NBYx3222@0.90 
Purchases: IMUCx2508@1.17 TOPSx987@2.97 VCELx695@4.22 INVAx125@23.45 AUMNx5538@0.53 

2014-06-04
Cash: 7.38
Held: TOPSx987@3.11 IMUCx2508@1.15 INVAx125@24.30 VCELx695@4.22 AUMNx5538@0.54 
Value: 14921.39
Sales: IMUCx2508@1.15 TOPSx987@3.11 VCELx695@4.22 INVAx125@24.30 AUMNx5538@0.54 
Purchases: PFIEx736@4.05 FNCXx620@4.81 CADCx843@3.54 JAKKx395@7.54 XTLBx1203@2.48 

2014-06-05
Cash: 13.32
Held: PFIEx736@4.15 XTLBx1203@2.57 FNCXx620@4.88 JAKKx395@7.71 CADCx843@3.58 
Value: 15247.40
Sales: PFIEx736@4.15 FNCXx620@4.88 CADCx843@3.58 JAKKx395@7.71 XTLBx1203@2.57 
Purchases: MBVXx2147@1.42 ULBIx792@3.85 RIBTx526@5.79 SSKNx8966@0.34 IXYSx275@11.07 

2014-06-08
Cash: 11.33
Held: SSKNx8966@0.38 ULBIx792@3.78 IXYSx275@11.07 RIBTx526@5.87 MBVXx2147@1.44 
Value: 15635.70
Sales: MBVXx2147@1.44 ULBIx792@3.78 SSKNx8966@0.38 RIBTx526@5.87 IXYSx275@11.07 
Purchases: HRIx114@27.38 PYTx154@20.28 TOPSx1663@1.88 GYBx155@20.14 ATAIx631@4.95 

2014-06-09
Cash: 20.64
Held: TOPSx1663@1.87 GYBx155@20.41 ATAIx631@4.86 HRIx114@26.84 PYTx154@19.92 
Value: 15488.03
Sales: HRIx114@26.84 ATAIx631@4.86 PYTx154@19.92 TOPSx1663@1.87 GYBx155@20.41 
Purchases: SMSIx3688@0.84 NSRx125@24.70 DGICBx147@21.00 RCONx751@4.12 SYPRx552@5.60 

2014-06-10
Cash: 28.79
Held: RCONx751@4.41 SYPRx552@5.25 DGICBx147@20.66 SMSIx3688@0.82 NSRx125@24.48 
Value: 15359.35
Sales: SMSIx3688@0.82 RCONx751@4.41 DGICBx147@20.66 SYPRx552@5.25 NSRx125@24.48 
Purchases: CHNRx877@3.50 DGLYx908@3.38 INVTx764@4.02 KELYBx153@20.06 VIIx1279@2.40 

2014-06-11
Cash: 9.44
Held: INVTx764@3.72 KELYBx153@18.78 CHNRx877@3.42 VIIx1279@2.52 DGLYx908@3.30 
Value: 14944.45
Sales: CHNRx877@3.42 DGLYx908@3.30 INVTx764@3.72 KELYBx153@18.78 VIIx1279@2.52 
Purchases: VUZIx1288@2.32 OPTTx1707@1.75 JVAx417@7.16 SYNx2047@1.46 KTECx253@11.77 

2014-06-12
Cash: 15.64
Held: SYNx2047@1.42 JVAx417@7.20 KTECx253@11.58 OPTTx1707@1.75 VUZIx1288@2.38 
Value: 14907.35
Sales: VUZIx1288@2.38 KTECx253@11.58 JVAx417@7.20 SYNx2047@1.42 OPTTx1707@1.75 
Purchases: AXNx9615@0.31 CXDCx310@9.61 UNXLx361@8.24 LULUx80@37.16 TDGx17@168.12 

2014-06-15
Cash: 141.18
Held: TDGx17@168.88 AXNx9615@0.34 UNXLx361@7.98 LULUx80@37.50 CXDCx310@9.58 
Value: 15132.17
Sales: LULUx80@37.50 AXNx9615@0.34 CXDCx310@9.58 TDGx17@168.88 UNXLx361@7.98 
Purchases: CDTIx216@14.00 VHIx576@5.25 SXLx66@45.25 IDNx4035@0.75 KOOLx2072@1.46 

2014-06-16
Cash: 46.38
Held: KOOLx2072@1.47 SXLx66@45.25 VHIx576@5.10 CDTIx216@13.80 IDNx4035@0.77 
Value: 15103.80
Sales: CDTIx216@13.80 VHIx576@5.10 SXLx66@45.25 IDNx4035@0.77 KOOLx2072@1.47 
Purchases: RNNx3393@0.89 NAVBx1830@1.65 BCLIx719@4.20 INVTx974@3.10 COOLx269@11.22 

2014-06-17
Cash: 7.25
Held: INVTx974@3.09 COOLx269@10.26 BCLIx719@4.36 RNNx3393@0.90 NAVBx1830@1.61 
Value: 14910.82
Sales: NAVBx1830@1.61 INVTx974@3.09 BCLIx719@4.36 RNNx3393@0.90 COOLx269@10.26 
Purchases: BWENx305@9.76 TGTXx333@8.95 YPFx103@28.84 TPIVx1851@1.61 ENGx859@3.47 

2014-06-18
Cash: 20.29
Held: YPFx103@30.80 ENGx859@3.43 TPIVx1851@1.43 TGTXx333@8.30 BWENx305@9.60 
Value: 14476.16
Sales: BWENx305@9.60 TGTXx333@8.30 YPFx103@30.80 TPIVx1851@1.43 ENGx859@3.43 
Purchases: ISRLx21@132.88 REIx167@17.28 PRPHx1821@1.59 CEIx4522@0.64 COOLx287@10.08 

2014-06-19
Cash: 117.59
Held: PRPHx1821@1.58 COOLx287@10.26 REIx167@17.41 ISRLx21@137.62 CEIx4522@0.67 
Value: 14765.26
Sales: CEIx4522@0.67 REIx167@17.41 ISRLx21@137.62 PRPHx1821@1.58 COOLx287@10.26 
Purchases: LARKx141@20.81 DLx185@15.90 UTEKx129@22.84 TGTXx363@8.13 SAJAx492@6.00 

2014-06-22
Cash: 38.43
Held: UTEKx129@22.36 DLx185@15.15 SAJAx492@6.00 LARKx141@20.33 TGTXx363@8.50 
Value: 14629.02
Sales: LARKx141@20.33 DLx185@15.15 UTEKx129@22.36 TGTXx363@8.50 SAJAx492@6.00 
Purchases: COHx85@34.25 SQBGx275@10.63 RGSEx1071@2.73 AOBCx189@15.43 TRNx69@42.22 

2014-06-23
Cash: 40.11
Held: RGSEx1071@2.82 AOBCx189@15.15 COHx85@34.03 SQBGx275@11.30 TRNx69@42.47 
Value: 14853.36
Sales: RGSEx1071@2.82 SQBGx275@11.30 TRNx69@42.47 AOBCx189@15.15 COHx85@34.03 
Purchases: AWXx722@4.11 IGCx2021@1.47 JRJCx708@4.19 ISRLx23@126.69 LEUx1007@2.95 

2014-06-24
Cash: 64.88
Held: AWXx722@4.30 LEUx1007@2.75 JRJCx708@4.28 ISRLx23@125.44 IGCx2021@1.45 
Value: 14786.33
Sales: JRJCx708@4.28 IGCx2021@1.45 LEUx1007@2.75 ISRLx23@125.44 AWXx722@4.30 
Purchases: CBPOx71@41.50 OZRKx90@32.69 NVCNx473@6.25 GRCx84@35.06 CBMGx240@12.32 

2014-06-25
Cash: 39.58
Held: CBPOx71@40.41 NVCNx473@6.20 GRCx84@35.94 OZRKx90@33.09 CBMGx240@13.30 
Value: 15029.09
Sales: CBPOx71@40.41 OZRKx90@33.09 CBMGx240@13.30 GRCx84@35.94 NVCNx473@6.20 
Purchases: ATVx259@11.60 NETEx1757@1.71 LIVEx705@4.26 AXNx9106@0.33 HRTXx257@11.68 

2014-06-26
Cash: 8.00
Held: LIVEx705@4.46 ATVx259@12.20 AXNx9106@0.32 NETEx1757@1.67 HRTXx257@11.95 
Value: 15234.12
Sales: ATVx259@12.20 HRTXx257@11.95 LIVEx705@4.46 AXNx9106@0.32 NETEx1757@1.67 
Purchases: CNETx1516@2.01 MFNCx250@12.16 OGENx1397@2.18 FSNNx564@5.40 AXUx2379@1.28 

2014-06-29
Cash: 12.74
Held: MFNCx250@13.00 CNETx1516@2.05 AXUx2379@1.26 FSNNx564@5.27 OGENx1397@2.00 
Value: 15134.72
Sales: MFNCx250@13.00 CNETx1516@2.05 OGENx1397@2.00 FSNNx564@5.27 AXUx2379@1.26 
Purchases: SYRGx232@13.00 UNXLx420@7.20 GAZx1043@2.90 OESXx749@4.04 OMNx332@9.10 

2014-06-30
Cash: 22.96
Held: GAZx1043@2.92 SYRGx232@13.10 UNXLx420@8.08 OESXx749@4.12 OMNx332@9.14 
Value: 15622.20
Sales: UNXLx420@8.08 OMNx332@9.14 GAZx1043@2.92 OESXx749@4.12 SYRGx232@13.10 
Purchases: GAIAx407@7.66 OGENx1602@1.95 OLBKx197@15.85 UECx1977@1.58 XTLBx1128@2.77 

2014-07-01
Cash: 9.70
Held: OLBKx197@15.70 XTLBx1128@3.05 UECx1977@1.75 GAIAx407@7.48 OGENx1602@1.97 
Value: 16204.30
Sales: GAIAx407@7.48 OGENx1602@1.97 OLBKx197@15.70 UECx1977@1.75 XTLBx1128@3.05 
Purchases: OSBCPx324@10.00 OPHCx2592@1.25 TKRx67@48.03 RELVx2038@1.59 ADGEx1831@1.77 

2014-07-02
Cash: 26.10
Held: OSBCPx324@9.91 TKRx67@49.72 RELVx2038@1.52 ADGEx1831@1.63 OPHCx2592@1.30 
Value: 16017.09
Sales: TKRx67@49.72 OPHCx2592@1.30 OSBCPx324@9.91 RELVx2038@1.52 ADGEx1831@1.63 
Purchases: MNKDx320@10.00 GPLx2715@1.18 SYMXx1941@1.65 CVMx2669@1.20 SCKTx1965@1.63 

2014-07-06
Cash: 4.79
Held: MNKDx320@10.06 CVMx2669@1.20 SCKTx1965@1.69 SYMXx1941@1.64 GPLx2715@1.21 
Value: 16217.41
Sales: MNKDx320@10.06 GPLx2715@1.21 CVMx2669@1.20 SYMXx1941@1.64 SCKTx1965@1.69 
Purchases: LINCx779@4.16 DLAx224@14.43 GBRx1118@2.90 SSKNx10809@0.30 JOEx133@24.25 

2014-07-07
Cash: 33.28
Held: JOEx133@23.94 DLAx224@14.41 SSKNx10809@0.28 LINCx779@4.01 GBRx1118@2.75 
Value: 15670.44
Sales: GBRx1118@2.75 DLAx224@14.41 LINCx779@4.01 JOEx133@23.94 SSKNx10809@0.28 
Purchases: LOANx895@3.50 WCSTx1156@2.71 OTIVx1425@2.20 LEUx552@5.67 OGENx1684@1.86 

2014-07-08
Cash: 6.50
Held: LEUx552@6.90 LOANx895@3.70 WCSTx1156@2.79 OTIVx1425@2.18 OGENx1684@2.01 
Value: 16839.89
Sales: LOANx895@3.70 WCSTx1156@2.79 OTIVx1425@2.18 LEUx552@6.90 OGENx1684@2.01 
Purchases: IPCIx984@3.42 CDTIx275@12.20 KONEx564@5.97 ARRYx802@4.20 AMOTx254@13.24 

2014-07-09
Cash: 21.17
Held: KONEx564@6.04 ARRYx802@4.00 IPCIx984@2.80 AMOTx254@13.30 CDTIx275@12.05 
Value: 16081.46
Sales: IPCIx984@2.80 CDTIx275@12.05 KONEx564@6.04 ARRYx802@4.00 AMOTx254@13.30 
Purchases: NUROx1488@2.16 COx743@4.33 TPIVx1937@1.66 HMNYx782@4.11 TCIx255@12.59 

2014-07-10
Cash: 10.69
Held: NUROx1488@2.26 COx743@4.70 TPIVx1937@1.78 TCIx255@12.58 HMNYx782@4.47 
Value: 17015.12
Sales: HMNYx782@4.47 COx743@4.70 TPIVx1937@1.78 NUROx1488@2.26 TCIx255@12.58 
Purchases: LQDTx265@12.82 CXDCx553@6.15 MTLx1966@1.73 CAMTx857@3.97 

2014-07-13
Cash: 3412.65
Held: CAMTx857@4.18 LQDTx265@13.13 MTLx1966@1.75 CXDCx553@6.36 
Value: 17432.08
Sales: LQDTx265@13.13 CXDCx553@6.36 MTLx1966@1.75 CAMTx857@4.18 
Purchases: SSRIx394@8.83 NETEx2746@1.27 MUXx1194@2.92 FSMx633@5.50 BAAx10562@0.33 

2014-07-14
Cash: 13.49
Held: MUXx1194@2.94 SSRIx394@9.16 BAAx10562@0.32 FSMx633@5.67 NETEx2746@1.18 
Value: 17341.04
Sales: SSRIx394@9.16 NETEx2746@1.18 FSMx633@5.67 MUXx1194@2.94 BAAx10562@0.32 
Purchases: YUMAx653@5.31 SINOx1981@1.75 KOSSx1141@3.04 ISLEx409@8.48 MBVXx2818@1.23 

2014-07-15
Cash: 5.83
Held: ISLEx409@8.42 SINOx1981@1.71 KOSSx1141@2.99 YUMAx653@5.30 MBVXx2818@1.23 
Value: 17178.54
Sales: YUMAx653@5.30 SINOx1981@1.71 KOSSx1141@2.99 ISLEx409@8.42 MBVXx2818@1.23 
Purchases: ATVx289@11.87 OPTTx3067@1.12 CASMx1789@1.92 FHCOx822@4.18 TGSx1122@3.06 

2014-07-16
Cash: 9.15
Held: ATVx289@12.47 TGSx1122@2.93 CASMx1789@1.91 FHCOx822@4.14 OPTTx3067@1.12 
Value: 17155.99
Sales: ATVx289@12.47 TGSx1122@2.93 FHCOx822@4.14 OPTTx3067@1.12 CASMx1789@1.91 
Purchases: CDXSx1864@1.84 INVTx1641@2.09 IGCx3205@1.07 YTENx5121@0.67 CETCx199@17.20 

2014-07-17
Cash: 12.64
Held: INVTx1641@1.98 YTENx5121@0.57 CDXSx1864@1.83 IGCx3205@1.02 CETCx199@16.59 
Value: 16161.68
Sales: YTENx5121@0.57 INVTx1641@1.98 IGCx3205@1.02 CDXSx1864@1.83 CETCx199@16.59 
Purchases: PLUGx709@4.56 FFBCWx615@5.25 RPRXx211@15.25 INTXx812@3.98 LCIx87@36.88 

2014-07-20
Cash: 42.87
Held: RPRXx211@15.17 FFBCWx615@5.25 INTXx812@3.97 PLUGx709@5.18 LCIx87@38.09 
Value: 16683.65
Sales: PLUGx709@5.18 FFBCWx615@5.25 RPRXx211@15.17 INTXx812@3.97 LCIx87@38.09 
Purchases: CJJDx2300@1.45 YTENx6298@0.53 NUSx53@62.53 HMNYx911@3.66 NVLNx583@5.72 

2014-07-21
Cash: 29.03
Held: YTENx6298@0.60 CJJDx2300@1.56 NVLNx583@5.76 HMNYx911@3.71 NUSx53@60.38 
Value: 17335.08
Sales: CJJDx2300@1.56 YTENx6298@0.60 NVLNx583@5.76 HMNYx911@3.71 NUSx53@60.38 
Purchases: KEGx500@6.93 CNETx2039@1.70 COOLx312@11.10 EZPWx355@9.76 UAMYx2311@1.50 

2014-07-22
Cash: 9.32
Held: CNETx2039@1.70 EZPWx355@9.52 UAMYx2311@1.51 COOLx312@10.80 KEGx500@6.85 
Value: 17140.32
Sales: CNETx2039@1.70 UAMYx2311@1.51 KEGx500@6.85 EZPWx355@9.52 COOLx312@10.80 
Purchases: EDZx120@28.53 BFRx258@13.28 SILCx113@30.30 PESIx759@4.51 EDUx162@21.09 

2014-07-23
Cash: 24.88
Held: EDUx162@20.52 EDZx120@28.53 PESIx759@4.57 SILCx113@29.06 BFRx258@13.06 
Value: 16895.21
Sales: EDZx120@28.53 PESIx759@4.57 SILCx113@29.06 BFRx258@13.06 EDUx162@20.52 
Purchases: CNMDx87@38.66 LOANx1390@2.43 GSKx67@50.06 JNPRx150@22.44 AUMNx2703@1.25 

2014-07-24
Cash: 56.29
Held: CNMDx87@39.19 JNPRx150@23.17 AUMNx2703@1.23 LOANx1390@2.62 GSKx67@48.91 
Value: 17184.66
Sales: CNMDx87@39.19 LOANx1390@2.62 GSKx67@48.91 JNPRx150@23.17 AUMNx2703@1.23 
Purchases: MANHx109@31.44 SHIPx2338@1.47 FDMLx194@17.67 INVAx147@23.38 CBAKx984@3.49 

2014-07-27
Cash: 22.90
Held: SHIPx2338@1.46 INVAx147@22.53 FDMLx194@17.67 MANHx109@31.45 CBAKx984@4.14 
Value: 17679.49
Sales: MANHx109@31.45 SHIPx2338@1.46 FDMLx194@17.67 INVAx147@22.53 CBAKx984@4.14 
Purchases: IQNTx308@11.45 DRWIx88@40.00 CLFDx267@13.23 DHIx164@21.55 ANGOx252@14.03 

2014-07-28
Cash: 30.87
Held: CLFDx267@13.11 DHIx164@21.56 DRWIx88@38.25 IQNTx308@11.04 ANGOx252@14.37 
Value: 17453.89
Sales: IQNTx308@11.04 DRWIx88@38.25 CLFDx267@13.11 DHIx164@21.56 ANGOx252@14.37 
Purchases: FPAYx4985@0.70 IDXXx27@129.12 CBIx55@63.41 KONEx612@5.70 MXWLx310@11.26 

2014-07-29
Cash: 11.85
Held: IDXXx27@129.12 KONEx612@5.55 FPAYx4985@0.70 CBIx55@60.81 MXWLx310@11.02 
Value: 17147.73
Sales: FPAYx4985@0.70 IDXXx27@129.12 KONEx612@5.55 MXWLx310@11.02 CBIx55@60.81 
Purchases: GALTx553@6.20 HLFx58@58.50 OSKx73@46.72 CBIOx178@19.19 IPXLx148@23.06 

2014-07-30
Cash: 87.47
Held: HLFx58@55.47 GALTx553@6.51 IPXLx148@23.14 CBIOx178@19.59 OSKx73@46.59 
Value: 17219.48
Sales: GALTx553@6.51 HLFx58@55.47 OSKx73@46.59 IPXLx148@23.14 CBIOx178@19.59 
Purchases: CTLx87@39.56 ETRMx2@1292.00 WINx307@11.21 HILx740@4.65 AXUx3377@1.02 

2014-07-31
Cash: 868.98
Held: CTLx87@39.12 AXUx3377@1.04 ETRMx2@1323.00 HILx740@4.14 WINx307@11.37 
Value: 16984.86
Sales: CTLx87@39.12 ETRMx2@1323.00 WINx307@11.37 HILx740@4.14 AXUx3377@1.04 
Purchases: UIHCx234@14.50 CBMGx178@18.98 EDAPx1741@1.95 MTWx127@26.61 EHTHx164@20.70 

2014-08-03
Cash: 42.65
Held: EHTHx164@20.39 UIHCx234@14.65 EDAPx1741@1.80 CBMGx178@24.38 MTWx127@27.17 
Value: 17737.48
Sales: UIHCx234@14.65 CBMGx178@24.38 EDAPx1741@1.80 MTWx127@27.17 EHTHx164@20.39 
Purchases: INSYx137@25.84 SHIPx2552@1.39 ANIKx86@41.09 XTNTx691@5.13 PXLWx567@6.25 

2014-08-04
Cash: 28.62
Held: SHIPx2552@1.47 PXLWx567@6.16 XTNTx691@4.99 INSYx137@25.75 ANIKx86@40.34 
Value: 17716.39
Sales: INSYx137@25.75 SHIPx2552@1.47 ANIKx86@40.34 XTNTx691@4.99 PXLWx567@6.16 
Purchases: YTENx8643@0.41 DGSEx2393@1.48 INSMx280@12.63 NEx132@26.83 ABTLx435@8.14 

2014-08-05
Cash: 11.08
Held: DGSEx2393@1.60 YTENx8643@0.54 NEx132@26.50 ABTLx435@8.20 INSMx280@12.57 
Value: 19092.55
Sales: INSMx280@12.57 YTENx8643@0.54 ABTLx435@8.20 NEx132@26.50 DGSEx2393@1.60 
Purchases: FNCXx1853@2.06 ECOM          x224@17.00 IRWDx285@13.36 IHTx1853@2.06 ASPSx45@84.06 

2014-08-06
Cash: 57.93
Held: IHTx1853@2.01 ECOM          x224@16.83 FNCXx1853@2.05 IRWDx285@14.00 ASPSx45@86.62 
Value: 19239.75
Sales: FNCXx1853@2.05 ECOM          x224@16.83 IRWDx285@14.00 IHTx1853@2.01 ASPSx45@86.62 
Purchases: CRRx36@105.19 TWXx52@73.69 ROIAx1249@3.08 ROIAKx1152@3.34 XTLBx1521@2.53 

2014-08-07
Cash: 79.67
Held: XTLBx1521@2.89 ROIAKx1152@3.00 TWXx52@72.00 ROIAx1249@3.03 CRRx36@102.44 
Value: 19147.65
Sales: CRRx36@102.44 ROIAx1249@3.03 TWXx52@72.00 ROIAKx1152@3.00 XTLBx1521@2.89 
Purchases: MNTXx315@12.15 DISCAx93@41.06 DISCKx95@39.97 APEIx129@29.62 PHMDx439@8.72 

2014-08-10
Cash: 55.90
Held: DISCAx93@42.28 DISCKx95@41.03 MNTXx315@12.02 PHMDx439@9.27 APEIx129@29.91 
Value: 19602.35
Sales: DISCAx93@42.28 DISCKx95@41.03 APEIx129@29.91 PHMDx439@9.27 MNTXx315@12.02 
Purchases: LTBRx1508@2.60 GSITx701@5.59 DLAx369@10.62 JOBSx107@36.50 OMEx334@11.71 

2014-08-11
Cash: 28.96
Held: DLAx369@10.31 LTBRx1508@2.83 GSITx701@5.20 OMEx334@12.27 JOBSx107@31.66 
Value: 19233.23
Sales: LTBRx1508@2.83 GSITx701@5.20 DLAx369@10.31 JOBSx107@31.66 OMEx334@12.27 
Purchases: TEARx1105@3.48 KNDx196@19.62 WGBSx349@11.00 RXDx191@20.06 ADGEx3179@1.21 

2014-08-12
Cash: 23.41
Held: KNDx196@19.44 RXDx191@20.50 ADGEx3179@1.26 WGBSx349@11.00 TEARx1105@3.38 
Value: 19328.30
Sales: TEARx1105@3.38 KNDx196@19.44 WGBSx349@11.00 RXDx191@20.50 ADGEx3179@1.26 
Purchases: MNKDx514@7.51 BDEx480@8.05 VRTBx880@4.39 EDNx285@13.55 GSITx747@5.17 

2014-08-13
Cash: 16.78
Held: EDNx285@13.00 MNKDx514@7.30 VRTBx880@4.39 GSITx747@5.09 BDEx480@8.00 
Value: 18980.25
Sales: MNKDx514@7.30 GSITx747@5.09 VRTBx880@4.39 BDEx480@8.00 EDNx285@13.00 
Purchases: GALTx866@4.38 SOLx1506@2.52 SIFx138@27.50 TPIVx2965@1.28 CREEx84@44.75 

2014-08-14
Cash: 43.69
Held: CREEx84@45.06 GALTx866@4.68 TPIVx2965@1.23 SOLx1506@2.64 SIFx138@27.77 
Value: 19338.33
Sales: GALTx866@4.68 SOLx1506@2.64 SIFx138@27.77 CREEx84@45.06 TPIVx2965@1.23 
Purchases: VLGEAx188@20.50 MSLIx2102@1.84 CNITx762@5.07 OHGIx1493@2.59 KONEx863@4.48 

2014-08-17
Cash: 20.11
Held: OHGIx1493@2.88 KONEx863@4.31 MSLIx2102@1.83 VLGEAx188@19.53 CNITx762@5.00 
Value: 19368.25
Sales: VLGEAx188@19.53 MSLIx2102@1.83 CNITx762@5.00 OHGIx1493@2.88 KONEx863@4.31 
Purchases: ROXx3619@1.07 SINOx2616@1.48 SMSIx3911@0.99 CHCIx451@8.58 CBMGx169@22.80 

2014-08-18
Cash: 27.67
Held: SMSIx3911@1.08 SINOx2616@1.59 CHCIx451@8.26 CBMGx169@21.41 ROXx3619@1.03 
Value: 19481.38
Sales: SMSIx3911@1.08 SINOx2616@1.59 ROXx3619@1.03 CHCIx451@8.26 CBMGx169@21.41 
Purchases: CDXCx1064@3.66 WCSTx1679@2.32 LEUx755@5.16 ICCCx865@4.50 EGTx1771@2.20 

2014-08-19
Cash: 7.93
Held: LEUx755@5.00 WCSTx1679@2.39 CDXCx1064@3.60 ICCCx865@4.43 EGTx1771@2.32 
Value: 19567.73
Sales: CDXCx1064@3.60 WCSTx1679@2.39 LEUx755@5.00 ICCCx865@4.43 EGTx1771@2.32 
Purchases: IDNx858@4.56 ALNx3401@1.15 GENEx6021@0.65 MITKx1651@2.37 CASCx283@13.80 

2014-08-20
Cash: 14.95
Held: GENEx6021@0.63 CASCx283@13.80 ALNx3401@1.20 MITKx1651@2.25 IDNx858@5.09 
Value: 19875.69
Sales: ALNx3401@1.20 IDNx858@5.09 GENEx6021@0.63 MITKx1651@2.25 CASCx283@13.80 
Purchases: RGSEx2172@1.83 HLTHx3548@1.12 NSECx369@10.76 REEDx659@6.03 PLXx1629@2.44 

2014-08-21
Cash: 8.49
Held: NSECx369@11.00 RGSEx2172@1.82 HLTHx3548@1.12 REEDx659@6.23 PLXx1629@2.44 
Value: 20075.13
Sales: RGSEx2172@1.82 HLTHx3548@1.12 NSECx369@11.00 REEDx659@6.23 PLXx1629@2.44 
Purchases: LRADx1365@2.94 FCELx1574@2.55 NVCNx785@5.11 VBFCx160@25.00 OHGIx1593@2.52 

2014-08-24
Cash: 23.38
Held: VBFCx160@25.11 NVCNx785@5.60 OHGIx1593@2.32 FCELx1574@2.65 LRADx1365@3.10 
Value: 20537.04
Sales: LRADx1365@3.10 FCELx1574@2.65 OHGIx1593@2.32 VBFCx160@25.11 NVCNx785@5.60 
Purchases: BORNx1704@2.41 WGBSx838@4.90 PNTRx613@6.70 KNDIx216@19.02 BDRx2774@1.48 

2014-08-25
Cash: 4.43
Held: KNDIx216@19.73 WGBSx838@4.60 PNTRx613@6.87 BORNx1704@2.28 BDRx2774@1.42 
Value: 20157.93
Sales: BORNx1704@2.28 WGBSx838@4.60 PNTRx613@6.87 KNDIx216@19.73 BDRx2774@1.42 
Purchases: RGSEx2488@1.62 UNAMx334@12.06 BSPMx303@13.30 OZMx341@11.82 BOSCx1221@3.30 

2014-08-26
Cash: 8.27
Held: RGSEx2488@1.45 UNAMx334@12.05 BOSCx1221@3.54 OZMx341@12.32 BSPMx303@13.37 
Value: 20212.69
Sales: RGSEx2488@1.45 BOSCx1221@3.54 BSPMx303@13.37 OZMx341@12.32 UNAMx334@12.05 
Purchases: FSIx2495@1.62 TSLx330@12.25 FUEx472@8.55 MOVx100@40.25 NVCNx820@4.93 

2014-08-27
Cash: 26.53
Held: MOVx100@38.47 NVCNx820@5.00 FSIx2495@1.59 TSLx330@12.40 FUEx472@8.60 
Value: 20091.49
Sales: FSIx2495@1.59 TSLx330@12.40 FUEx472@8.60 MOVx100@38.47 NVCNx820@5.00 
Purchases: INUVx3214@1.25 NLSTx3654@1.10 SKYx1161@3.46 AOBCx351@11.43 QUIKx1157@3.47 

2014-08-28
Cash: 10.44
Held: QUIKx1157@3.38 INUVx3214@1.40 AOBCx351@11.11 NLSTx3654@1.12 SKYx1161@3.53 
Value: 20512.76
Sales: SKYx1161@3.53 NLSTx3654@1.12 INUVx3214@1.40 AOBCx351@11.11 QUIKx1157@3.38 
Purchases: CNETx1865@2.20 GESx175@23.41 GENEx5778@0.71 WSMx62@65.88 ISNSx1111@3.69 

2014-09-01
Cash: 29.74
Held: WSMx62@65.94 CNETx1865@2.10 GENEx5778@0.66 ISNSx1111@3.91 GESx175@23.38 
Value: 20282.83
Sales: CNETx1865@2.10 GESx175@23.38 GENEx5778@0.66 WSMx62@65.94 ISNSx1111@3.91 
Purchases: FROx2028@2.00 SBOTx2567@1.58 KOSSx1834@2.21 EDAPx2617@1.55 UECx3220@1.26 

2014-09-02
Cash: 3.62
Held: FROx2028@2.01 UECx3220@1.35 KOSSx1834@2.20 SBOTx2567@1.51 EDAPx2617@1.56 
Value: 20415.50
Sales: KOSSx1834@2.20 SBOTx2567@1.51 FROx2028@2.01 EDAPx2617@1.56 UECx3220@1.35 
Purchases: EXELx2207@1.85 NCTYx1309@3.12 SBOTx2704@1.51 RIBTx785@5.20 CONNx130@31.38 

2014-09-03
Cash: 7.92
Held: CONNx130@30.42 EXELx2207@1.90 SBOTx2704@1.74 NCTYx1309@3.10 RIBTx785@5.00 
Value: 20844.90
Sales: EXELx2207@1.90 NCTYx1309@3.10 SBOTx2704@1.74 RIBTx785@5.00 CONNx130@30.42 
Purchases: CLDx292@14.25 SKYx1389@3.00 KONEx926@4.50 ATROx77@53.62 JRJCx489@8.52 

2014-09-04
Cash: 52.82
Held: CLDx292@14.17 KONEx926@4.39 SKYx1389@2.94 ATROx77@54.25 JRJCx489@8.53 
Value: 20688.66
Sales: CLDx292@14.17 SKYx1389@2.94 KONEx926@4.39 ATROx77@54.25 JRJCx489@8.53 
Purchases: AVNWx246@16.80 SCVLx210@19.70 IGCx4812@0.86 RPRXx242@17.09 MTRXx180@22.94 

2014-09-07
Cash: 15.87
Held: MTRXx180@24.73 RPRXx242@16.69 SCVLx210@19.41 AVNWx246@17.77 IGCx4812@0.88 
Value: 21186.08
Sales: SCVLx210@19.41 AVNWx246@17.77 IGCx4812@0.88 RPRXx242@16.69 MTRXx180@24.73 
Purchases: SGOCx1507@2.81 IDNx816@5.19 MITKx1311@3.23 ARTWx819@5.17 GLOWx3139@1.35 

2014-09-08
Cash: 7.07
Held: ARTWx819@5.17 GLOWx3139@1.34 SGOCx1507@2.66 MITKx1311@3.07 IDNx816@5.15 
Value: 20683.76
Sales: SGOCx1507@2.66 IDNx816@5.15 MITKx1311@3.07 ARTWx819@5.17 GLOWx3139@1.34 
Purchases: PRANx1702@2.43 WRLDx58@71.00 AUMNx5588@0.74 KERXx269@15.33 BDRx2833@1.46 

2014-09-09
Cash: 34.67
Held: AUMNx5588@0.72 WRLDx58@71.44 KERXx269@14.59 PRANx1702@2.40 BDRx2833@1.48 
Value: 20407.96
Sales: PRANx1702@2.40 WRLDx58@71.44 BDRx2833@1.48 KERXx269@14.59 AUMNx5588@0.72 
Purchases: TCCOx896@4.55 THMx7557@0.54 LBJx149@27.36 KOSSx2011@2.03 ABACx816@5.00 

2014-09-10
Cash: 11.92
Held: ABACx816@5.48 KOSSx2011@2.04 LBJx149@26.98 TCCOx896@4.59 THMx7557@0.57 
Value: 21023.87
Sales: ABACx816@5.48 THMx7557@0.57 LBJx149@26.98 KOSSx2011@2.04 TCCOx896@4.59 
Purchases: NHTCx322@13.04 IMMRx427@9.83 LEUx1334@3.15 RADAx1168@3.60 MGCDx596@7.05 

2014-09-11
Cash: 19.45
Held: RADAx1168@3.66 LEUx1334@2.92 IMMRx427@9.99 NHTCx322@11.95 MGCDx596@6.85 
Value: 20388.79
Sales: NHTCx322@11.95 IMMRx427@9.99 LEUx1334@2.92 RADAx1168@3.66 MGCDx596@6.85 
Purchases: WKHSx17730@0.23 INVEx270@15.10 RICx1913@2.13 STRMx1019@4.00 MBVXx648@6.29 

2014-09-14
Cash: 6.17
Held: INVEx270@15.05 RICx1913@2.20 WKHSx17730@0.20 STRMx1019@4.10 MBVXx648@5.50 
Value: 19564.56
Sales: WKHSx17730@0.20 INVEx270@15.05 RICx1913@2.20 STRMx1019@4.10 MBVXx648@5.50 
Purchases: FNCXx1087@3.60 OREXx760@5.15 MTSLx2400@1.63 AHPIx927@4.22 FCSCx1427@2.74 

2014-09-15
Cash: 6.16
Held: FNCXx1087@3.41 OREXx760@4.85 AHPIx927@4.36 FCSCx1427@2.69 MTSLx2400@1.49 
Value: 18855.74
Sales: FNCXx1087@3.41 OREXx760@4.85 MTSLx2400@1.49 AHPIx927@4.36 FCSCx1427@2.69 
Purchases: DRNx268@14.07 UNISx1583@2.38 GOGLx328@11.47 SYNx1984@1.90 NTNx9927@0.38 

2014-09-16
Cash: 12.77
Held: DRNx268@14.57 SYNx1984@1.85 GOGLx328@11.43 UNISx1583@2.45 NTNx9927@0.38 
Value: 18984.39
Sales: UNISx1583@2.45 GOGLx328@11.43 SYNx1984@1.85 NTNx9927@0.38 DRNx268@14.57 
Purchases: OPXAx3452@1.10 COOLx430@8.82 ATx1506@2.52 RADAx1411@2.69 NSSCx860@4.41 

2014-09-17
Cash: 13.83
Held: RADAx1411@2.82 OPXAx3452@1.11 NSSCx860@4.44 COOLx430@8.64 ATx1506@2.25 
Value: 18749.81
Sales: OPXAx3452@1.11 COOLx430@8.64 ATx1506@2.25 RADAx1411@2.82 NSSCx860@4.44 
Purchases: TEUMx3471@1.08 ESCAx305@12.26 OMEXx4361@0.86 HGSHx598@6.26 VHCx549@6.83 

2014-09-18
Cash: 19.21
Held: TEUMx3471@1.04 VHCx549@5.60 OMEXx4361@0.88 ESCAx305@12.24 HGSHx598@5.64 
Value: 17648.57
Sales: ESCAx305@12.24 OMEXx4361@0.88 TEUMx3471@1.04 HGSHx598@5.64 VHCx549@5.60 
Purchases: SINOx1411@2.50 NETEx1212@2.91 OTIVx1005@3.51 IFONx1441@2.45 ANTHx2206@1.60 

2014-09-21
Cash: 8.59
Held: ANTHx2206@1.61 IFONx1441@2.40 SINOx1411@2.28 OTIVx1005@3.13 NETEx1212@3.25 
Value: 17321.59
Sales: NETEx1212@3.25 SINOx1411@2.28 IFONx1441@2.40 OTIVx1005@3.13 ANTHx2206@1.61 
Purchases: VHCx651@5.32 RPRXx374@9.25 LEUx2112@1.64 QRHCx1882@1.84 CETCx85@40.59 

2014-09-22
Cash: 22.57
Held: RPRXx374@8.95 QRHCx1882@1.84 VHCx651@5.00 LEUx2112@1.45 CETCx85@35.69 
Value: 16184.88
Sales: CETCx85@35.69 RPRXx374@8.95 VHCx651@5.00 QRHCx1882@1.84 LEUx2112@1.45 
Purchases: ESNCx4203@0.77 CREGx2790@1.16 KONEx1011@3.20 MTLx4151@0.78 MBVXx419@7.71 

2014-09-23
Cash: 9.47
Held: ESNCx4203@0.84 CREGx2790@1.24 KONEx1011@3.16 MTLx4151@0.79 MBVXx419@8.39 
Value: 16989.63
Sales: ESNCx4203@0.84 MBVXx419@8.39 KONEx1011@3.16 MTLx4151@0.79 CREGx2790@1.24 
Purchases: SRSCx303@11.21 GRBKx515@6.59 WPCSx4045@0.84 TTMIx497@6.83 CEIx6934@0.49 

2014-09-24
Cash: 10.60
Held: WPCSx4045@0.84 GRBKx515@6.48 SRSCx303@11.42 TTMIx497@6.92 CEIx6934@0.45 
Value: 16766.18
Sales: SRSCx303@11.42 GRBKx515@6.48 WPCSx4045@0.84 TTMIx497@6.92 CEIx6934@0.45 
Purchases: CNETx609@5.50 ACURx986@3.40 SBOTx2725@1.23 OTIVx1168@2.87 NVCNx581@5.77 

2014-09-25
Cash: 7.61
Held: CNETx609@6.62 NVCNx581@5.76 ACURx986@3.40 SBOTx2725@1.15 OTIVx1168@2.94 
Value: 17308.29
Sales: CNETx609@6.62 ACURx986@3.40 SBOTx2725@1.15 OTIVx1168@2.94 NVCNx581@5.76 
Purchases: CYTXx339@10.20 LLITx696@4.97 OMNx608@5.69 OHGIx1664@2.08 MBVXx487@7.10 

2014-09-28
Cash: 11.10
Held: OHGIx1664@2.25 LLITx696@4.92 OMNx608@5.67 CYTXx339@10.05 MBVXx487@6.90 
Value: 17394.65
Sales: CYTXx339@10.05 MBVXx487@6.90 LLITx696@4.92 OHGIx1664@2.25 OMNx608@5.67 
Purchases: IRMx109@31.66 OMEXx3953@0.88 LEUx3250@1.07 POWLx77@44.69 FINLx138@25.12 

2014-09-29
Cash: 79.24
Held: POWLx77@43.12 FINLx138@25.39 LEUx3250@10.00 OMEXx3953@0.95 IRMx109@32.59 
Value: 46712.61
Sales: IRMx109@32.59 OMEXx3953@0.95 FINLx138@25.39 POWLx77@43.12 LEUx3250@10.00 
Purchases: WMLPx12456@0.75 SRSCx991@9.42 DGLYx569@16.41 ELGXx864@10.81 AMCNx5368@1.74 

2014-09-30
Cash: 14.80
Held: AMCNx5368@1.73 SRSCx991@9.60 DGLYx569@15.53 ELGXx864@10.57 WMLPx12456@0.77 
Value: 46380.50
Sales: WMLPx12456@0.77 AMCNx5368@1.73 DGLYx569@15.53 ELGXx864@10.57 SRSCx991@9.60 
Purchases: EXELx5870@1.58 PDFSx736@12.60 IOTx1574@5.89 UBRx229@40.50 XTLBx5522@1.68 

2014-10-01
Cash: 9.11
Held: XTLBx5522@1.67 IOTx1574@5.82 UBRx229@39.25 PDFSx736@12.72 EXELx5870@1.52 
Value: 45660.49
Sales: EXELx5870@1.52 PDFSx736@12.72 IOTx1574@5.82 UBRx229@39.25 XTLBx5522@1.67 
Purchases: CNETx1189@7.68 FNCXx2685@3.40 JRJCx1427@6.40 ADPx127@71.69 GROWx2662@3.43 

2014-10-02
Cash: 34.59
Held: CNETx1189@7.88 ADPx127@73.56 FNCXx2685@3.21 GROWx2662@3.32 JRJCx1427@6.12 
Value: 44939.88
Sales: CNETx1189@7.88 FNCXx2685@3.21 GROWx2662@3.32 ADPx127@73.56 JRJCx1427@6.12 
Purchases: GASLx425@21.12 NTNx30988@0.29 WAFDWx2150@4.18 LEUx1214@7.40 CPRXx3303@2.72 

2014-10-05
Cash: 19.51
Held: CPRXx3303@2.75 WAFDWx2150@4.90 GASLx425@20.06 LEUx1214@7.59 NTNx30988@0.34 
Value: 47913.68
Sales: LEUx1214@7.59 WAFDWx2150@4.90 GASLx425@20.06 NTNx30988@0.34 CPRXx3303@2.75 
Purchases: UAMYx8555@1.12 INVTx5990@1.60 GBRx7666@1.25 MTLx9399@1.02 OHAIx1573@6.09 

2014-10-06
Cash: 5.02
Held: INVTx5990@1.53 UAMYx8555@1.05 OHAIx1573@6.16 GBRx7666@1.04 MTLx9399@0.95 
Value: 44746.19
Sales: UAMYx8555@1.05 INVTx5990@1.53 GBRx7666@1.04 MTLx9399@0.95 OHAIx1573@6.16 
Purchases: SORLx2283@3.92 QBAKx7049@1.27 CLFx1095@8.17 XTLBx3808@2.35 GOROx1928@4.64 

2014-10-07
Cash: 5.44
Held: XTLBx3808@2.20 SORLx2283@3.60 CLFx1095@7.75 GOROx1928@4.35 QBAKx7049@1.27 
Value: 42422.96
Sales: SORLx2283@3.60 QBAKx7049@1.27 CLFx1095@7.75 XTLBx3808@2.20 GOROx1928@4.35 
Purchases: CYTXx985@8.61 ACURx2828@3.00 UISx411@20.59 GBRx8235@1.03 CMCTx435@19.50 

2014-10-08
Cash: 27.89
Held: UISx411@20.17 ACURx2828@2.95 CMCTx435@19.23 GBRx8235@1.10 CYTXx985@7.42 
Value: 41391.71
Sales: CYTXx985@7.42 ACURx2828@2.95 UISx411@20.17 GBRx8235@1.10 CMCTx435@19.23 
Purchases: NAKx20700@0.40 VIIx4380@1.89 FPPx2611@3.17 ISSCx2935@2.82 CHCIx1182@7.00 

2014-10-09
Cash: 8.79
Held: NAKx20700@0.41 VIIx4380@1.60 CHCIx1182@6.93 ISSCx2935@2.79 FPPx2611@2.85 
Value: 39317.37
Sales: NAKx20700@0.41 VIIx4380@1.60 CHCIx1182@6.93 ISSCx2935@2.79 FPPx2611@2.85 
Purchases: ARWRx1147@6.85 PHXx303@25.91 ARCWx625@12.58 TPIVx13103@0.60 WPCSx12484@0.63 

2014-10-12
Cash: 21.17
Held: WPCSx12484@0.62 TPIVx13103@0.55 PHXx303@23.38 ARCWx625@10.11 ARWRx1147@6.45 
Value: 35765.05
Sales: ARWRx1147@6.45 WPCSx12484@0.62 ARCWx625@10.11 TPIVx13103@0.55 PHXx303@23.38 
Purchases: RTIXx1897@3.77 APHx156@45.81 IGCx11174@0.64 GASLx521@13.70 ISNSx3235@2.21 

2014-10-13
Cash: 22.90
Held: APHx156@45.84 GASLx521@11.20 ISNSx3235@2.06 RTIXx1897@3.67 IGCx11174@0.61 
Value: 33453.67
Sales: RTIXx1897@3.67 APHx156@45.84 IGCx11174@0.61 GASLx521@11.20 ISNSx3235@2.06 
Purchases: CNETx1724@3.88 BGIx6626@1.01 MNTAx669@10.00 ARCWx727@9.20 GTXIx15933@0.42 

2014-10-14
Cash: 1.08
Held: CNETx1724@4.50 GTXIx15933@0.45 MNTAx669@10.26 ARCWx727@8.24 BGIx6626@0.97 
Value: 34211.34
Sales: CNETx1724@4.50 MNTAx669@10.26 ARCWx727@8.24 GTXIx15933@0.45 BGIx6626@0.97 
Purchases: TPLx49@137.25 RBCNx1652@4.14 GASLx677@10.09 AHPIx1520@4.50 OBCIx1537@4.45 

2014-10-15
Cash: 133.86
Held: OBCIx1537@3.96 TPLx49@132.00 GASLx677@11.37 AHPIx1520@4.70 RBCNx1652@4.15 
Value: 34381.44
Sales: RBCNx1652@4.15 TPLx49@132.00 GASLx677@11.37 AHPIx1520@4.70 OBCIx1537@3.96 
Purchases: SNNx237@28.94 QVCAx287@23.94 SHPGx39@173.50 ENOCx530@12.95 CLMx1595@4.31 

2014-10-16
Cash: 149.32
Held: SNNx237@30.28 ENOCx530@13.61 CLMx1595@4.62 QVCAx287@23.78 SHPGx39@182.12 
Value: 35837.69
Sales: SNNx237@30.28 CLMx1595@4.62 SHPGx39@182.12 ENOCx530@13.61 QVCAx287@23.78 
Purchases: TEARx2334@3.07 TRXx3960@1.81 QVCBx286@25.02 NUSx162@44.16 ARTWx1352@5.30 

2014-10-19
Cash: 31.24
Held: ARTWx1352@5.37 TRXx3960@1.75 QVCBx286@25.14 NUSx162@44.12 TEARx2334@3.16 
Value: 35937.23
Sales: TEARx2334@3.16 TRXx3960@1.75 QVCBx286@25.14 NUSx162@44.12 ARTWx1352@5.37 
Purchases: TPIVx18920@0.38 MGHx21134@0.34 DPKx186@38.50 PBHCx726@9.89 URBNx243@29.55 

2014-10-20
Cash: 40.95
Held: DPKx186@37.03 TPIVx18920@0.35 PBHCx726@9.64 URBNx243@30.23 MGHx21134@0.37 
Value: 35720.71
Sales: MGHx21134@0.37 DPKx186@37.03 TPIVx18920@0.35 URBNx243@30.23 PBHCx726@9.64 
Purchases: CWEIx98@72.19 VSRx2041@3.50 REN           x393@18.16 RENx1967@3.63 LAKEx516@13.84 

2014-10-21
Cash: 82.16
Held: CWEIx98@75.38 VSRx2041@3.59 LAKEx516@14.71 REN           x393@18.91 RENx1967@3.78 
Value: 37250.65
Sales: CWEIx98@75.38 VSRx2041@3.59 REN           x393@18.91 RENx1967@3.78 LAKEx516@14.71 
Purchases: MPETx4139@1.80 AMCNx3448@2.16 EBR.Bx1960@3.80 VXXx227@32.69 DLHCx2876@2.59 

2014-10-22
Cash: 35.06
Held: AMCNx3448@2.13 VXXx227@33.34 DLHCx2876@2.55 MPETx4139@1.80 EBR.Bx1960@3.53 
Value: 36654.15
Sales: MPETx4139@1.80 AMCNx3448@2.13 EBR.Bx1960@3.53 VXXx227@33.34 DLHCx2876@2.55 
Purchases: ASPSx105@69.62 CETCx227@32.19 BAAx43111@0.17 ATx3272@2.24 OCNx383@19.12 

2014-10-23
Cash: 51.28
Held: BAAx43111@0.18 ASPSx105@71.88 ATx3272@2.32 OCNx383@19.45 CETCx227@28.70 
Value: 36918.67
Sales: CETCx227@28.70 ASPSx105@71.88 OCNx383@19.45 ATx3272@2.32 BAAx43111@0.18 
Purchases: CABx150@48.97 UTEKx428@17.23 TPIVx23813@0.31 CLBx57@128.50 SSKNx3865@1.91 

2014-10-26
Cash: 106.37
Held: UTEKx428@17.59 SSKNx3865@1.93 CLBx57@129.00 TPIVx23813@0.31 CABx150@49.09 
Value: 37195.22
Sales: CABx150@49.09 UTEKx428@17.59 SSKNx3865@1.93 CLBx57@129.00 TPIVx23813@0.31 
Purchases: IGCx9539@0.78 EGTx4133@1.80 HUBGx218@34.09 JAKKx1144@6.50 SYNAx119@62.16 

2014-10-27
Cash: 53.23
Held: HUBGx218@35.16 JAKKx1144@6.41 IGCx9539@0.77 EGTx4133@1.80 SYNAx119@63.22 
Value: 37357.35
Sales: IGCx9539@0.77 SYNAx119@63.22 HUBGx218@35.16 JAKKx1144@6.41 EGTx4133@1.80 
Purchases: PDFSx616@12.11 DRRXx9833@0.76 IBIOx5536@1.35 IHTx3125@2.39 BASx592@12.62 

2014-10-28
Cash: 15.68
Held: DRRXx9833@0.76 IHTx3125@2.31 BASx592@12.69 PDFSx616@12.27 IBIOx5536@1.00 
Value: 35314.35
Sales: PDFSx616@12.27 DRRXx9833@0.76 BASx592@12.69 IHTx3125@2.31 IBIOx5536@1.00 
Purchases: DCOx274@25.69 ENGx5349@1.32 AXNx24351@0.29 APDNx1239@5.70 PESx776@9.09 

2014-10-29
Cash: 32.80
Held: APDNx1239@6.31 DCOx274@24.86 ENGx5349@1.30 PESx776@9.15 AXNx24351@0.30 
Value: 36018.95
Sales: DCOx274@24.86 PESx776@9.15 AXNx24351@0.30 APDNx1239@6.31 ENGx5349@1.30 
Purchases: MPWRx172@41.72 LAYNx1067@6.75 SBOTx5718@1.26 GIGAx4364@1.65 ZIOPx2361@3.05 

2014-10-30
Cash: 32.54
Held: GIGAx4364@1.66 LAYNx1067@6.99 ZIOPx2361@3.16 MPWRx172@43.38 SBOTx5718@1.30 
Value: 37087.87
Sales: LAYNx1067@6.99 MPWRx172@43.38 ZIOPx2361@3.16 GIGAx4364@1.66 SBOTx5718@1.30 
Purchases: ARAYx1173@6.32 WNCx765@9.69 AFSIx331@22.41 GLUUx2010@3.69 HGGx1301@5.70 

2014-11-02
Cash: 16.25
Held: WNCx765@10.44 GLUUx2010@3.85 AFSIx331@23.64 HGGx1301@5.25 ARAYx1173@6.34 
Value: 37830.59
Sales: ARAYx1173@6.34 WNCx765@10.44 HGGx1301@5.25 GLUUx2010@3.85 AFSIx331@23.64 
Purchases: AUYx1882@4.02 MGIx897@8.43 PPPx2231@3.39 CRNTx5820@1.30 TGDx7566@1.00 

2014-11-03
Cash: 9.05
Held: TGDx7566@1.02 PPPx2231@3.52 MGIx897@8.12 AUYx1882@4.01 CRNTx5820@1.26 
Value: 37737.91
Sales: AUYx1882@4.01 MGIx897@8.12 PPPx2231@3.52 CRNTx5820@1.26 TGDx7566@1.02 
Purchases: KBALx583@12.93 MGIx929@8.12 COYNx386@19.52 ISNSx3383@2.23 CEIx21558@0.35 

2014-11-04
Cash: 32.92
Held: KBALx583@12.77 ISNSx3383@2.13 MGIx929@8.45 CEIx21558@0.34 COYNx386@20.38 
Value: 37737.85
Sales: KBALx583@12.77 MGIx929@8.45 COYNx386@20.38 ISNSx3383@2.13 CEIx21558@0.34 
Purchases: NEOx1578@4.78 APx392@19.22 PQx1944@3.88 GASLx696@10.84 CRKx152@49.34 

2014-11-05
Cash: 67.40
Held: GASLx696@11.66 NEOx1578@4.76 APx392@18.81 CRKx152@49.41 PQx1944@4.01 
Value: 38377.17
Sales: CRKx152@49.41 NEOx1578@4.76 PQx1944@4.01 GASLx696@11.66 APx392@18.81 
Purchases: AKSx1235@6.21 SSRIx1918@4.00 ZAGGx1519@5.05 GPLx11457@0.67 NWYx2952@2.60 

2014-11-06
Cash: 13.18
Held: ZAGGx1519@5.19 SSRIx1918@4.44 NWYx2952@2.73 AKSx1235@6.23 GPLx11457@0.73 
Value: 40535.90
Sales: AKSx1235@6.23 SSRIx1918@4.44 ZAGGx1519@5.19 GPLx11457@0.73 NWYx2952@2.73 
Purchases: WEBx548@14.79 UBNx597@13.56 GNWx957@8.47 CEIx30024@0.27 AMRIx509@15.90 

2014-11-09
Cash: 30.72
Held: AMRIx509@16.77 WEBx548@15.43 UBNx597@13.55 GNWx957@8.45 CEIx30024@0.30 
Value: 42205.68
Sales: WEBx548@15.43 UBNx597@13.55 AMRIx509@16.77 CEIx30024@0.30 GNWx957@8.45 
Purchases: CVOx647@13.04 AKRXx233@36.19 MSONx722@11.69 FNGNx267@31.53 GNWx998@8.45 

2014-11-10
Cash: 44.29
Held: CVOx647@11.76 FNGNx267@31.42 MSONx722@11.22 GNWx998@8.12 AKRXx233@36.03 
Value: 40637.40
Sales: MSONx722@11.22 CVOx647@11.76 AKRXx233@36.03 FNGNx267@31.42 GNWx998@8.12 
Purchases: RDNTx1022@7.95 BVXx2257@3.60 AMSCx694@11.70 SUMRx4301@1.89 PLPCx163@49.81 

2014-11-11
Cash: 20.20
Held: AMSCx694@11.20 PLPCx163@49.81 RDNTx1022@7.60 SUMRx4301@2.50 BVXx2257@3.57 
Value: 42494.10
Sales: RDNTx1022@7.60 PLPCx163@49.81 AMSCx694@11.20 SUMRx4301@2.50 BVXx2257@3.57 
Purchases: RYNx324@26.20 REN           x653@13.00 RENx3269@2.60 SALMx1092@7.78 GROWx2930@2.90 

2014-11-12
Cash: 21.89
Held: RYNx324@26.09 GROWx2930@2.90 REN           x653@12.50 SALMx1092@7.99 RENx3269@2.50 
Value: 42032.61
Sales: RYNx324@26.09 REN           x653@12.50 RENx3269@2.50 GROWx2930@2.90 SALMx1092@7.99 
Purchases: PLUGx1983@4.24 CLUBx1419@5.92 CYRXx1668@5.04 NVGNx3100@2.71 SNGXx4593@1.83 

2014-11-13
Cash: 10.35
Held: NVGNx3100@2.54 CLUBx1419@5.87 PLUGx1983@3.99 CYRXx1668@5.04 SNGXx4593@1.80 
Value: 40796.82
Sales: CLUBx1419@5.87 PLUGx1983@3.99 CYRXx1668@5.04 NVGNx3100@2.54 SNGXx4593@1.80 
Purchases: CSIQx319@25.56 VTNRx1590@5.13 DWSNx931@8.76 GHDXx250@32.59 MBVXx2331@3.50 

2014-11-16
Cash: 26.96
Held: GHDXx250@31.41 VTNRx1590@5.00 CSIQx319@26.50 DWSNx931@8.61 MBVXx2331@3.28 
Value: 39941.39
Sales: CSIQx319@26.50 VTNRx1590@5.00 DWSNx931@8.61 GHDXx250@31.41 MBVXx2331@3.28 
Purchases: IFONx5748@1.39 VRMLx5325@1.50 CRMDx5545@1.44 MOVx300@26.55 ABIOx1296@6.16 

2014-11-17
Cash: 31.39
Held: MOVx300@26.31 IFONx5748@1.23 ABIOx1296@6.16 CRMDx5545@1.53 VRMLx5325@1.34 
Value: 38601.47
Sales: IFONx5748@1.23 VRMLx5325@1.34 CRMDx5545@1.53 MOVx300@26.31 ABIOx1296@6.16 
Purchases: CLNTx2098@3.68 AVDx657@11.74 ACYx909@8.49 INVTx9530@0.81 CEAx367@21.03 

2014-11-18
Cash: 9.14
Held: INVTx9530@0.89 AVDx657@11.01 CLNTx2098@3.94 ACYx909@8.40 CEAx367@21.59 
Value: 39548.33
Sales: AVDx657@11.01 CLNTx2098@3.94 INVTx9530@0.89 ACYx909@8.40 CEAx367@21.59 
Purchases: PEDx11806@0.67 CLBSx1672@4.73 CALIx6940@1.14 CADCx1470@5.38 COOLx1883@4.20 

2014-11-19
Cash: 6.61
Held: CALIx6940@1.21 COOLx1883@3.54 PEDx11806@0.64 CLBSx1672@4.35 CADCx1470@5.34 
Value: 37750.63
Sales: PEDx11806@0.64 CALIx6940@1.21 CADCx1470@5.34 CLBSx1672@4.35 COOLx1883@3.54 
Purchases: CXDCx1398@5.40 OTIVx3793@1.99 CLFx943@8.00 DXTRx11986@0.63 EGTx4240@1.78 

2014-11-20
Cash: 12.52
Held: CLFx943@9.55 OTIVx3793@1.65 DXTRx11986@0.59 EGTx4240@1.64 CXDCx1398@5.50 
Value: 36986.13
Sales: CLFx943@9.55 OTIVx3793@1.65 CXDCx1398@5.50 DXTRx11986@0.59 EGTx4240@1.64 
Purchases: OMEx676@10.93 CYANx1156@6.40 RMTIx819@9.02 CEIx27395@0.27 LXRXx7784@0.95 

2014-11-23
Cash: 17.37
Held: RMTIx819@9.10 LXRXx7784@0.96 CYANx1156@6.29 CEIx27395@0.27 OMEx676@10.75 
Value: 36878.23
Sales: OMEx676@10.75 CYANx1156@6.29 RMTIx819@9.10 CEIx27395@0.27 LXRXx7784@0.96 
Purchases: FXPx153@47.97 WPCSx14751@0.50 OTIVx4525@1.63 YANGx528@13.97 TPIVx19927@0.37 

2014-11-24
Cash: 37.46
Held: WPCSx14751@0.51 FXPx153@48.12 TPIVx19927@0.39 OTIVx4525@1.65 YANGx528@14.01 
Value: 37553.67
Sales: YANGx528@14.01 WPCSx14751@0.51 OTIVx4525@1.65 FXPx153@48.12 TPIVx19927@0.39 
Purchases: CALXx715@10.49 LTBRx3773@1.99 PHMDx3952@1.90 AOBCx790@9.50 MBVXx2833@2.65 

2014-11-25
Cash: 18.71
Held: CALXx715@10.81 AOBCx790@9.66 LTBRx3773@2.00 PHMDx3952@1.83 MBVXx2833@2.50 
Value: 37239.05
Sales: CALXx715@10.81 LTBRx3773@2.00 MBVXx2833@2.50 AOBCx790@9.66 PHMDx3952@1.83 
Purchases: FNCXx2843@2.62 RVLTx6106@1.22 SPEXx5729@1.30 XRAx11281@0.66 PHMDx4069@1.83 

2014-11-27
Cash: 4.79
Held: RVLTx6106@1.32 XRAx11281@0.63 FNCXx2843@3.30 SPEXx5729@1.25 PHMDx4069@1.77 
Value: 38917.92
Sales: XRAx11281@0.63 PHMDx4069@1.77 RVLTx6106@1.32 SPEXx5729@1.25 FNCXx2843@3.30 
Purchases: ELTKx5331@1.46 OGENx8108@0.96 DSXx1013@7.68 UAGx350@22.23 ERIIx1588@4.90 

2014-11-30
Cash: 11.23
Held: ERIIx1588@4.68 DSXx1013@7.47 UAGx350@22.44 OGENx8108@0.95 ELTKx5331@1.44 
Value: 38244.66
Sales: ELTKx5331@1.44 OGENx8108@0.95 UAGx350@22.44 DSXx1013@7.47 ERIIx1588@4.68 
Purchases: TPLMx1561@4.90 STOx398@19.19 PDSx1189@6.43 FSMx1884@4.06 SDRLx528@14.46 

2014-12-01
Cash: 34.91
Held: PDSx1189@6.39 STOx398@19.47 SDRLx528@13.97 FSMx1884@4.18 TPLMx1561@4.50 
Value: 37656.46
Sales: TPLMx1561@4.50 STOx398@19.47 PDSx1189@6.39 FSMx1884@4.18 SDRLx528@13.97 
Purchases: SGYx489@15.38 REN           x860@8.75 RENx4303@1.75 GASLx1244@6.05 RADAx3178@2.37 

2014-12-02
Cash: 22.71
Held: RADAx3178@2.44 GASLx1244@6.01 REN           x860@10.00 SGYx489@15.51 RENx4303@2.00 
Value: 40043.19
Sales: SGYx489@15.51 REN           x860@10.00 RENx4303@2.00 GASLx1244@6.01 RADAx3178@2.44 
Purchases: EXELx5601@1.43 MLSSx4023@1.99 PCYOx1820@4.40 GASLx1332@6.01 SIEBx3657@2.19 

2014-12-03
Cash: 9.20
Held: MLSSx4023@1.98 GASLx1332@5.89 SIEBx3657@2.19 EXELx5601@1.43 PCYOx1820@4.35 
Value: 39757.29
Sales: EXELx5601@1.43 MLSSx4023@1.98 PCYOx1820@4.35 GASLx1332@5.89 SIEBx3657@2.19 
Purchases: CNETx2065@3.85 NOGx1113@7.14 DSSx18073@0.44 CEIx46761@0.17 XKEx1478@5.38 

2014-12-04
Cash: 7.82
Held: NOGx1113@6.41 CNETx2065@3.78 DSSx18073@0.52 XKEx1478@6.08 CEIx46761@0.16 
Value: 40811.72
Sales: CNETx2065@3.78 NOGx1113@6.41 DSSx18073@0.52 CEIx46761@0.16 XKEx1478@6.08 
Purchases: OPXAx10205@0.80 IKGHx5441@1.50 TBIOx4945@1.65 DESTx565@14.44 PTNx10600@0.77 

2014-12-07
Cash: 7.63
Held: OPXAx10205@0.83 PTNx10600@0.79 IKGHx5441@1.48 DESTx565@14.25 TBIOx4945@1.60 
Value: 40869.54
Sales: OPXAx10205@0.83 PTNx10600@0.79 TBIOx4945@1.60 DESTx565@14.25 IKGHx5441@1.48 
Purchases: CBKx1780@4.59 BDLx289@28.25 AVEOx11513@0.71 AEOx686@11.90 TCCOx1615@5.06 

2014-12-08
Cash: 29.63
Held: AEOx686@12.39 AVEOx11513@0.60 CBKx1780@4.25 TCCOx1615@4.80 BDLx289@28.80 
Value: 39079.09
Sales: CBKx1780@4.25 BDLx289@28.80 AVEOx11513@0.60 AEOx686@12.39 TCCOx1615@4.80 
Purchases: RADAx2832@2.76 YTENx17370@0.45 FPPx4007@1.95 INFYx243@32.12 AXASx3299@2.37 

2014-12-09
Cash: 11.18
Held: AXASx3299@2.58 RADAx2832@2.78 YTENx17370@0.50 INFYx243@32.06 FPPx4007@2.14 
Value: 41447.49
Sales: FPPx4007@2.14 YTENx17370@0.50 INFYx243@32.06 RADAx2832@2.78 AXASx3299@2.58 
Purchases: SFLx572@14.47 VRTBx1915@4.33 AXNx33157@0.25 NOAx2388@3.47 CONNx389@21.27 

2014-12-10
Cash: 33.39
Held: NOAx2388@3.33 CONNx389@18.52 VRTBx1915@4.78 SFLx572@13.36 AXNx33157@0.27 
Value: 40938.89
Sales: SFLx572@13.36 VRTBx1915@4.78 AXNx33157@0.27 NOAx2388@3.33 CONNx389@18.52 
Purchases: PLGx15745@0.52 WCFBx1087@7.53 LCIx193@42.38 DDEx9522@0.86 OIBR.Cx17421@0.47 

2014-12-11
Cash: 11.36
Held: OIBR.Cx17421@0.44 WCFBx1087@7.40 DDEx9522@0.84 LCIx193@43.81 PLGx15745@0.52 
Value: 40358.20
Sales: PLGx15745@0.52 WCFBx1087@7.40 LCIx193@43.81 DDEx9522@0.84 OIBR.Cx17421@0.44 
Purchases: MEIPx2012@4.01 YTENx25218@0.32 MINDx1423@5.67 VTNRx2523@3.20 TCIx896@9.00 

2014-12-14
Cash: 8.43
Held: MEIPx2012@4.25 VTNRx2523@3.26 YTENx25218@0.34 TCIx896@9.38 MINDx1423@5.85 
Value: 42093.92
Sales: MEIPx2012@4.25 VTNRx2523@3.26 MINDx1423@5.85 YTENx25218@0.34 TCIx896@9.38 
Purchases: TGCx27152@0.31 HCCIx856@9.83 MEIx238@35.25 TDFx370@22.75 IOCx184@45.75 

2014-12-15
Cash: 37.34
Held: TDFx370@22.53 TGCx27152@0.25 IOCx184@44.59 HCCIx856@10.12 MEIx238@33.25 
Value: 39940.96
Sales: MEIx238@33.25 TGCx27152@0.25 HCCIx856@10.12 IOCx184@44.59 TDFx370@22.53 
Purchases: RCONx3804@2.10 SWZx705@11.33 QUMUx591@13.50 CGGx1@6256.00 SPHSx15361@0.52 

2014-12-16
Cash: 1745.20
Held: RCONx3804@2.21 SPHSx15361@0.47 SWZx705@11.29 QUMUx591@13.60 CGGx1@6584.00 
Value: 39956.14
Sales: RCONx3804@2.21 SWZx705@11.29 QUMUx591@13.60 CGGx1@6584.00 SPHSx15361@0.47 
Purchases: FHx14268@0.56 ANTHx4592@1.74 SPHSx17003@0.47 CYCCx1091@7.32 CEIx61468@0.13 

2014-12-17
Cash: 5.55
Held: ANTHx4592@1.74 SPHSx17003@0.50 FHx14268@0.59 CEIx61468@0.16 CYCCx1091@9.00 
Value: 44570.08
Sales: FHx14268@0.59 CYCCx1091@9.00 ANTHx4592@1.74 SPHSx17003@0.50 CEIx61468@0.16 
Purchases: TOPSx8106@1.10 WLDNx785@11.34 OIBR.Cx25461@0.35 HGSHx2169@4.11 MBVXx4457@2.00 

2014-12-18
Cash: 10.73
Held: TOPSx8106@1.05 WLDNx785@11.60 OIBR.Cx25461@0.40 HGSHx2169@4.02 MBVXx4457@2.20 
Value: 46329.87
Sales: MBVXx4457@2.20 OIBR.Cx25461@0.40 TOPSx8106@1.05 HGSHx2169@4.02 WLDNx785@11.60 
Purchases: TZAx743@12.47 DJPx296@31.23 SRTYx289@32.00 ERYx434@21.31 DUGx170@54.19 

2014-12-21
Cash: 110.72
Held: ERYx434@20.50 SRTYx289@31.59 DJPx296@31.05 DUGx170@52.31 TZAx743@12.29 
Value: 45352.08
Sales: TZAx743@12.29 DJPx296@31.05 SRTYx289@31.59 ERYx434@20.50 DUGx170@52.31 
Purchases: FINLx394@22.98 CHNRx3860@2.35 QBAKx6978@1.30 CEIx82469@0.11 WORx301@30.06 

2014-12-22
Cash: 37.52
Held: FINLx394@22.80 CHNRx3860@2.05 QBAKx6978@1.44 CEIx82469@0.14 WORx301@30.00 
Value: 47563.69
Sales: CHNRx3860@2.05 WORx301@30.00 FINLx394@22.80 CEIx82469@0.14 QBAKx6978@1.44 
Purchases: GPLx15851@0.60 OPTTx15851@0.60 VIIx6472@1.47 MRVCx998@9.53 CBMGx752@12.64 

2014-12-23
Cash: 9.38
Held: MRVCx998@10.79 VIIx6472@1.47 GPLx15851@0.58 CBMGx752@12.50 OPTTx15851@0.65 
Value: 49185.36
Sales: GPLx15851@0.58 OPTTx15851@0.65 VIIx6472@1.47 MRVCx998@10.79 CBMGx752@12.50 
Purchases: ADGEx16677@0.59 OCNx662@14.85 EXKx5044@1.95 MAGx1508@6.52 ASPSx333@29.48 

2014-12-25
Cash: 30.26
Held: MAGx1508@7.05 ADGEx16677@0.64 ASPSx333@33.94 OCNx662@14.88 EXKx5044@2.12 
Value: 53180.96
Sales: ASPSx333@33.94 OCNx662@14.88 EXKx5044@2.12 MAGx1508@7.05 ADGEx16677@0.64 
Purchases: CEQPx15@705.00 ALNYx113@93.62 OGENx11819@0.90 GTXIx13462@0.79 GIGAx7236@1.47 

2014-12-28
Cash: 119.94
Held: GTXIx13462@0.77 CEQPx15@702.00 ALNYx113@98.00 GIGAx7236@1.58 OGENx11819@0.88 
Value: 53922.72
Sales: ALNYx113@98.00 CEQPx15@702.00 GTXIx13462@0.77 GIGAx7236@1.58 OGENx11819@0.88 
Purchases: DRAMx1576@6.84 SZKx584@18.44 HMGx1003@10.75 CUBAx1177@9.16 AHCx1003@10.74 

2014-12-29
Cash: 42.06
Held: HMGx1003@10.95 DRAMx1576@6.06 AHCx1003@10.93 SZKx584@18.72 CUBAx1177@9.43 
Value: 53569.36
Sales: DRAMx1576@6.06 AHCx1003@10.93 HMGx1003@10.95 CUBAx1177@9.43 SZKx584@18.72 
Purchases: SPPx7819@1.37 GFx758@14.12 NAVBx6265@1.71 CNITx3035@3.53 WPCSx36939@0.29 

2014-12-30
Cash: 17.51
Held: GFx758@14.03 WPCSx36939@0.29 SPPx7819@1.38 NAVBx6265@1.81 CNITx3035@3.52 
Value: 54174.99
Sales: SPPx7819@1.38 GFx758@14.03 NAVBx6265@1.81 WPCSx36939@0.29 CNITx3035@3.52 
Purchases: DRAMx1805@6.00 RGSEx22112@0.49 SHIPx13547@0.80 HAINx182@59.28 DSSx24080@0.45 

2015-01-01
Cash: 51.36
Held: SHIPx13547@0.83 RGSEx22112@0.49 DSSx24080@0.44 DRAMx1805@5.28 HAINx182@58.25 
Value: 52859.03
Sales: DRAMx1805@5.28 RGSEx22112@0.49 SHIPx13547@0.83 HAINx182@58.25 DSSx24080@0.44 
Purchases: LTBRx6690@1.58 RRCx199@53.00 NVGNx4916@2.15 CPHIx34096@0.31 CBAKx5807@1.82 

2015-01-04
Cash: 27.68
Held: NVGNx4916@2.18 LTBRx6690@1.64 CPHIx34096@0.31 RRCx199@54.59 CBAKx5807@1.73 
Value: 53197.02
Sales: LTBRx6690@1.64 RRCx199@54.59 NVGNx4916@2.18 CPHIx34096@0.31 CBAKx5807@1.73 
Purchases: DRAMx2149@4.95 MDXGx1102@9.65 BLDPx5844@1.82 GNTXx599@17.73 IECx2225@4.78 

2015-01-05
Cash: 29.49
Held: DRAMx2149@5.13 IECx2225@4.75 GNTXx599@17.56 MDXGx1102@9.38 BLDPx5844@1.80 
Value: 52998.11
Sales: DRAMx2149@5.13 MDXGx1102@9.38 IECx2225@4.75 GNTXx599@17.56 BLDPx5844@1.80 
Purchases: ONVIx2355@4.50 REN           x1927@5.50 CELx1476@7.18 RENx9639@1.10 PTNRx2482@4.27 

2015-01-06
Cash: 8.78
Held: CELx1476@7.00 PTNRx2482@4.14 REN           x1927@5.25 RENx9639@1.05 ONVIx2355@4.57 
Value: 51616.72
Sales: PTNRx2482@4.14 REN           x1927@5.25 CELx1476@7.00 RENx9639@1.05 ONVIx2355@4.57 
Purchases: PEDx25814@0.40 BTEx711@14.50 GASLx3090@3.34 UECx6574@1.57 ADGEx18116@0.57 

2015-01-07
Cash: 17.85
Held: BTEx711@14.34 PEDx25814@0.38 ADGEx18116@0.56 GASLx3090@3.10 UECx6574@1.50 
Value: 49607.37
Sales: BTEx711@14.34 PEDx25814@0.38 GASLx3090@3.10 UECx6574@1.50 ADGEx18116@0.56 
Purchases: QADBx607@16.34 CHNRx4467@2.22 JOBx7351@1.35 BCLIx1944@5.10 HBIOx1964@5.05 

2015-01-08
Cash: 8.68
Held: JOBx7351@1.30 QADBx607@16.73 CHNRx4467@2.22 BCLIx1944@4.61 HBIOx1964@5.06 
Value: 48536.89
Sales: QADBx607@16.73 CHNRx4467@2.22 JOBx7351@1.30 BCLIx1944@4.61 HBIOx1964@5.06 
Purchases: MNGAx20655@0.47 APOLx355@27.31 REN           x2284@4.25 CGNTx3346@2.90 INFIx679@14.29 

2015-01-11
Cash: 19.73
Held: MNGAx20655@0.50 INFIx679@14.81 CGNTx3346@3.15 REN           x2284@4.06 APOLx355@26.94 
Value: 49778.77
Sales: MNGAx20655@0.50 APOLx355@26.94 REN           x2284@4.06 CGNTx3346@3.15 INFIx679@14.81 
Purchases: SBLKx1951@5.10 RTx1592@6.25 INVTx16590@0.60 AOIx70@142.00 CALIx8228@1.21 

2015-01-12
Cash: 24.44
Held: CALIx8228@1.17 INVTx16590@0.60 RTx1592@6.46 AOIx70@128.00 SBLKx1951@5.06 
Value: 48721.31
Sales: RTx1592@6.46 CALIx8228@1.17 INVTx16590@0.60 SBLKx1951@5.06 AOIx70@128.00 
Purchases: SCHNx544@17.91 TIFx108@89.69 JOBx8861@1.10 TESOx999@9.75 VNDAx793@12.28 

2015-01-13
Cash: 71.14
Held: JOBx8861@0.99 SCHNx544@17.34 TESOx999@9.67 TIFx108@85.50 VNDAx793@11.87 
Value: 46587.49
Sales: SCHNx544@17.34 JOBx8861@0.99 TESOx999@9.67 TIFx108@85.50 VNDAx793@11.87 
Purchases: FFBCWx1688@5.52 ECOM          x967@9.63 REXXx3477@2.68 LINKx629@14.80 OIBR.Cx3982@2.34 

2015-01-14
Cash: 13.82
Held: ECOM          x967@9.88 FFBCWx1688@5.55 OIBR.Cx3982@2.16 LINKx629@14.90 REXXx3477@2.75 
Value: 46474.83
Sales: FFBCWx1688@5.55 ECOM          x967@9.88 REXXx3477@2.75 LINKx629@14.90 OIBR.Cx3982@2.16 
Purchases: HBMx1351@6.88 FCXx487@19.08 KBHx684@13.57 MBVXx6637@1.40 OCNx1316@7.06 

2015-01-15
Cash: 24.78
Held: HBMx1351@6.91 KBHx684@12.35 FCXx487@18.62 OCNx1316@7.78 MBVXx6637@1.30 
Value: 45746.18
Sales: HBMx1351@6.91 FCXx487@18.62 KBHx684@12.35 MBVXx6637@1.30 OCNx1316@7.78 
Purchases: FPAYx16640@0.55 EDUCx1946@4.70 IGCx14754@0.62 BBYx266@34.38 EHTHx1001@9.13 

2015-01-19
Cash: 17.84
Held: BBYx266@35.12 EDUCx1946@4.49 EHTHx1001@10.04 FPAYx16640@0.80 IGCx14754@0.63 
Value: 50746.43
Sales: FPAYx16640@0.80 EDUCx1946@4.49 IGCx14754@0.63 BBYx266@35.12 EHTHx1001@10.04 
Purchases: KEGx7247@1.40 SZKx527@19.23 SRNEx1081@9.38 MFCBx1937@5.24 MNGAx15149@0.67 

2015-01-20
Cash: 23.27
Held: MNGAx15149@0.63 MFCBx1937@4.90 SZKx527@25.27 KEGx7247@1.33 SRNEx1081@10.05 
Value: 52868.37
Sales: KEGx7247@1.33 MNGAx15149@0.63 SRNEx1081@10.05 MFCBx1937@4.90 SZKx527@25.27 
Purchases: HKx9615@1.10 EVKx1741@6.07 CPLx812@13.01 BISx261@40.38 ESNCx17337@0.61 

2015-01-21
Cash: 53.79
Held: EVKx1741@6.22 ESNCx17337@0.61 HKx9615@1.27 CPLx812@13.82 BISx261@40.81 
Value: 55534.53
Sales: ESNCx17337@0.61 EVKx1741@6.22 CPLx812@13.82 BISx261@40.81 HKx9615@1.27 
Purchases: LLITx4053@2.74 YTENx26449@0.42 SNOAx13547@0.82 KIQx2977@3.73 INWKx2157@5.15 

2015-01-22
Cash: 4.91
Held: SNOAx13547@0.79 YTENx26449@0.43 LLITx4053@2.71 INWKx2157@5.50 KIQx2977@4.24 
Value: 57547.12
Sales: LLITx4053@2.71 YTENx26449@0.43 SNOAx13547@0.79 KIQx2977@4.24 INWKx2157@5.50 
Purchases: ADXSx1546@7.44 SZKx615@18.70 RCONx7936@1.45 OHRPx1442@7.98 MFCBx2628@4.38 

2015-01-25
Cash: 15.93
Held: RCONx7936@1.35 ADXSx1546@7.77 MFCBx2628@4.35 OHRPx1442@7.80 SZKx615@26.42 
Value: 61672.21
Sales: ADXSx1546@7.77 SZKx615@26.42 RCONx7936@1.35 OHRPx1442@7.80 MFCBx2628@4.35 
Purchases: OMEXx14859@0.83 TZOOx1344@9.17 GENEx10277@1.20 CPLx972@12.68 MTx1314@9.38 

2015-01-26
Cash: 23.00
Held: MTx1314@9.51 GENEx10277@1.38 OMEXx14859@0.91 CPLx972@12.87 TZOOx1344@8.98 
Value: 64792.74
Sales: OMEXx14859@0.91 MTx1314@9.51 GENEx10277@1.38 CPLx972@12.87 TZOOx1344@8.98 
Purchases: SBSx2618@4.95 GOGLx2938@4.41 SRVx3100@4.18 MFRIx2249@5.76 MPXx1880@6.89 

2015-01-27
Cash: 9.14
Held: MPXx1880@7.24 SRVx3100@4.20 SBSx2618@5.22 MFRIx2249@5.89 GOGLx2938@4.50 
Value: 66766.39
Sales: SBSx2618@5.22 GOGLx2938@4.50 SRVx3100@4.20 MFRIx2249@5.89 MPXx1880@7.24 
Purchases: CLFx1961@6.81 BDRx6919@1.93 OCNx1981@6.74 MSFTx312@42.75 STAAx2301@5.80 

2015-01-28
Cash: 29.10
Held: CLFx1961@6.64 MSFTx312@40.94 OCNx1981@6.59 STAAx2301@5.70 BDRx6919@1.75 
Value: 64100.49
Sales: CLFx1961@6.64 STAAx2301@5.70 BDRx6919@1.75 MSFTx312@40.94 OCNx1981@6.59 
Purchases: PEDx22498@0.57 YTENx31275@0.41 COOLx1643@7.80 EZPWx1232@10.40 STRLx3278@3.91 

2015-01-29
Cash: 15.54
Held: EZPWx1232@10.31 STRLx3278@3.74 COOLx1643@5.46 YTENx31275@0.43 PEDx22498@0.54 
Value: 59549.26
Sales: PEDx22498@0.54 YTENx31275@0.43 COOLx1643@5.46 EZPWx1232@10.31 STRLx3278@3.74 
Purchases: BIOPx22053@0.54 DHXx1384@8.60 CGNTx4961@2.40 THMx25341@0.47 GASLx4510@2.64 

2015-02-01
Cash: 8.13
Held: DHXx1384@8.30 CGNTx4961@2.38 GASLx4510@2.95 THMx25341@0.48 BIOPx22053@0.48 
Value: 59351.62
Sales: THMx25341@0.48 BIOPx22053@0.48 CGNTx4961@2.38 GASLx4510@2.95 DHXx1384@8.30 
Purchases: SIDx7811@1.52 MPETx15827@0.75 HAx593@20.02 OHGIx7965@1.49 DECKx176@67.31 

2015-02-02
Cash: 26.33
Held: HAx593@19.16 OHGIx7965@1.65 MPETx15827@0.78 SIDx7811@1.66 DECKx176@69.38 
Value: 62050.48
Sales: MPETx15827@0.78 HAx593@19.16 DECKx176@69.38 OHGIx7965@1.65 SIDx7811@1.66 
Purchases: WMLPx1351@9.18 SHIPx16765@0.74 WPCSx47729@0.26 GLBSx6709@1.85 SCOx154@80.19 

2015-02-03
Cash: 70.79
Held: WPCSx47729@0.24 SHIPx16765@0.72 SCOx154@77.62 GLBSx6709@1.80 WMLPx1351@9.52 
Value: 60494.99
Sales: WMLPx1351@9.52 SHIPx16765@0.72 WPCSx47729@0.24 GLBSx6709@1.80 SCOx154@77.62 
Purchases: FSIx10080@1.20 ICIx288@41.88 PSTIx4116@2.94 SHIPx16799@0.72 KONEx2886@4.19 

2015-02-04
Cash: 42.94
Held: SHIPx16799@0.82 PSTIx4116@2.91 FSIx10080@1.27 KONEx2886@4.17 ICIx288@41.88 
Value: 62690.28
Sales: ICIx288@41.88 FSIx10080@1.27 SHIPx16799@0.82 PSTIx4116@2.91 KONEx2886@4.17 
Purchases: UBNx1316@9.52 PHMDx7935@1.58 CBLIx3857@3.25 RSYSx6530@1.92 PHTx866@14.48 

2015-02-05
Cash: 10.47
Held: CBLIx3857@3.10 UBNx1316@9.75 PHMDx7935@1.64 PHTx866@13.99 RSYSx6530@1.91 
Value: 62397.83
Sales: RSYSx6530@1.91 CBLIx3857@3.10 PHTx866@13.99 UBNx1316@9.75 PHMDx7935@1.64 
Purchases: HSNIx191@65.06 FNCXx5378@2.32 SGCx671@18.59 DXRx2086@5.98 GEOSx531@23.48 

2015-02-08
Cash: 70.38
Held: HSNIx191@64.75 FNCXx5378@2.17 GEOSx531@21.62 SGCx671@18.44 DXRx2086@5.75 
Value: 59956.41
Sales: HSNIx191@64.75 FNCXx5378@2.17 GEOSx531@21.62 SGCx671@18.44 DXRx2086@5.75 
Purchases: FARMx495@24.22 CASMx9156@1.31 FFHLx22204@0.54 OHGIx5329@2.25 HGSHx3782@3.17 

2015-02-09
Cash: 7.78
Held: FARMx495@23.77 OHGIx5329@1.90 CASMx9156@1.26 FFHLx22204@0.64 HGSHx3782@3.36 
Value: 60352.11
Sales: FARMx495@23.77 CASMx9156@1.26 FFHLx22204@0.64 OHGIx5329@1.90 HGSHx3782@3.36 
Purchases: FSCx1697@7.11 NTGRx398@30.30 UPWx119@101.19 ARCWx1871@6.45 EGOVx776@15.54 

2015-02-10
Cash: 63.24
Held: NTGRx398@30.67 UPWx119@102.88 FSCx1697@6.85 EGOVx776@15.71 ARCWx1871@6.40 
Value: 60303.03
Sales: NTGRx398@30.67 EGOVx776@15.71 FSCx1697@6.85 ARCWx1871@6.40 UPWx119@102.88 
Purchases: CYOUx496@24.30 NILEx435@27.70 AOIx125@96.00 OHGIx6774@1.78 OAx193@62.22 

2015-02-11
Cash: 133.13
Held: OAx193@62.00 OHGIx6774@1.95 AOIx125@98.00 NILEx435@29.41 CYOUx496@24.98 
Value: 62743.72
Sales: AOIx125@98.00 CYOUx496@24.98 OHGIx6774@1.95 OAx193@62.00 NILEx435@29.41 
Purchases: CGAx6305@1.99 KEGx5809@2.16 RCONx6183@2.03 LGCYx972@12.91 TTIx2417@5.19 

2015-02-12
Cash: 7.30
Held: TTIx2417@5.10 RCONx6183@2.02 KEGx5809@2.16 LGCYx972@13.68 CGAx6305@1.94 
Value: 62903.95
Sales: KEGx5809@2.16 CGAx6305@1.94 TTIx2417@5.10 LGCYx972@13.68 RCONx6183@2.02 
Purchases: FHx15729@0.80 RCONx6229@2.02 PNRAx79@158.12 AXPx158@79.44 MBVXx11983@1.05 

2015-02-16
Cash: 121.36
Held: RCONx6229@2.26 AXPx158@77.19 FHx15729@0.82 MBVXx11983@0.88 PNRAx79@155.62 
Value: 62126.09
Sales: FHx15729@0.82 RCONx6229@2.26 PNRAx79@155.62 AXPx158@77.19 MBVXx11983@0.88 
Purchases: RYNx453@27.38 SZKx690@18.00 PRANx10269@1.21 TISAx4008@3.10 DFBGx41410@0.30 

2015-02-17
Cash: 31.87
Held: RYNx453@27.23 SZKx690@18.03 TISAx4008@3.18 DFBGx41410@0.22 PRANx10269@1.14 
Value: 58366.82
Sales: RYNx453@27.23 SZKx690@18.03 PRANx10269@1.14 DFBGx41410@0.22 TISAx4008@3.18 
Purchases: RGSEx40247@0.29 KGCx4306@2.71 RVPx2605@4.48 CECOx2288@5.10 PRANx10242@1.14 

2015-02-18
Cash: 4.05
Held: RVPx2605@4.26 RGSEx40247@0.34 CECOx2288@5.08 KGCx4306@2.80 PRANx10242@1.10 
Value: 59734.46
Sales: RGSEx40247@0.34 KGCx4306@2.80 RVPx2605@4.26 CECOx2288@5.08 PRANx10242@1.10 
Purchases: UUUx2149@5.56 GLBSx7418@1.61 CADCx2949@4.05 FOSLx142@83.75 DFBGx62897@0.19 

2015-02-19
Cash: 58.45
Held: UUUx2149@5.02 GLBSx7418@1.65 CADCx2949@4.06 DFBGx62897@0.20 FOSLx142@84.88 
Value: 59685.40
Sales: UUUx2149@5.02 FOSLx142@84.88 CADCx2949@4.06 GLBSx7418@1.65 DFBGx62897@0.20 
Purchases: GTSx575@20.73 RCONx7190@1.66 ROSGx3270@3.65 CEIx44208@0.27 GENEx1387@8.60 

2015-02-22
Cash: 22.44
Held: RCONx7190@1.72 GENEx1387@6.15 GTSx575@18.39 CEIx44208@0.27 ROSGx3270@3.60 
Value: 55197.51
Sales: RCONx7190@1.72 GENEx1387@6.15 ROSGx3270@3.60 CEIx44208@0.27 GTSx575@18.39 
Purchases: ABACx1757@6.28 MNGAx12986@0.85 KONEx3276@3.37 OESXx2992@3.69 RNVAx9357@1.18 

2015-02-23
Cash: 7.50
Held: ABACx1757@6.28 MNGAx12986@0.85 KONEx3276@3.54 RNVAx9357@1.17 OESXx2992@3.64 
Value: 55516.70
Sales: ABACx1757@6.28 RNVAx9357@1.17 KONEx3276@3.54 OESXx2992@3.64 MNGAx12986@0.85 
Purchases: BWENx2255@4.92 UEICx195@56.88 GEN           x1632@6.80 GENx1632@6.80 LODEx14999@0.74 

2015-02-24
Cash: 26.73
Held: UEICx195@55.31 GEN           x1632@7.12 GENx1632@7.12 BWENx2255@4.60 LODEx14999@0.72 
Value: 55234.94
Sales: BWENx2255@4.60 UEICx195@55.31 GEN           x1632@7.12 GENx1632@7.12 LODEx14999@0.72 
Purchases: SGOCx28333@0.39 SEEDx9056@1.22 VISNx910@12.13 DXTRx20851@0.53 EHTHx1137@9.71 

2015-02-25
Cash: 13.52
Held: SGOCx28333@0.45 EHTHx1137@9.65 VISNx910@14.50 DXTRx20851@0.58 SEEDx9056@1.24 
Value: 60254.03
Sales: SGOCx28333@0.45 SEEDx9056@1.24 VISNx910@14.50 DXTRx20851@0.58 EHTHx1137@9.65 
Purchases: BBGx1152@10.45 AXNx9565@1.26 GBRx8795@1.37 GLDDx1928@6.25 HVTx521@23.12 

2015-02-26
Cash: 14.07
Held: BBGx1152@10.01 HVTx521@23.05 AXNx9565@1.23 GBRx8795@1.45 GLDDx1928@6.13 
Value: 59890.93
Sales: BBGx1152@10.01 GBRx8795@1.45 AXNx9565@1.23 HVTx521@23.05 GLDDx1928@6.13 
Purchases: LLx244@48.94 GMOx27226@0.44 IBIOx13160@0.91 CEIx44360@0.27 XKEx1948@6.15 

2015-03-01
Cash: 39.45
Held: GMOx27226@0.43 XKEx1948@6.13 IBIOx13160@1.04 CEIx44360@0.25 LLx244@38.25 
Value: 57793.79
Sales: LLx244@38.25 GMOx27226@0.43 IBIOx13160@1.04 CEIx44360@0.25 XKEx1948@6.13 
Purchases: SZKx652@17.70 ENOCx861@13.42 VISNx907@12.74 GENEx1999@5.78 IPSx281@41.12 

2015-03-02
Cash: 25.11
Held: GENEx1999@5.76 ENOCx861@12.81 VISNx907@12.54 IPSx281@41.12 SZKx652@24.81 
Value: 61681.16
Sales: ENOCx861@12.81 SZKx652@24.81 GENEx1999@5.76 VISNx907@12.54 IPSx281@41.12 
Purchases: HLFx405@30.41 STAAx1803@6.84 DWSNx2405@5.13 ABIOx2390@5.16 WTWx1144@10.78 

2015-03-03
Cash: 32.84
Held: HLFx405@31.03 WTWx1144@10.60 DWSNx2405@5.10 ABIOx2390@4.90 STAAx1803@7.74 
Value: 62657.33
Sales: HLFx405@31.03 STAAx1803@7.74 DWSNx2405@5.10 ABIOx2390@4.90 WTWx1144@10.60 
Purchases: VRTBx3785@3.31 PRIMx734@17.06 IBIOx13622@0.92 PSCDx236@53.00 BAAx59684@0.21 

2015-03-04
Cash: 32.55
Held: VRTBx3785@3.31 BAAx59684@0.21 PRIMx734@17.81 PSCDx236@52.88 IBIOx13622@0.84 
Value: 62087.51
Sales: VRTBx3785@3.31 PRIMx734@17.81 IBIOx13622@0.84 PSCDx236@52.88 BAAx59684@0.21 
Purchases: NJRx413@30.06 BOBEx267@46.34 SKLNx2752@4.51 SUNWx3820@3.25 CYCCx940@13.20 

2015-03-05
Cash: 55.73
Held: BOBEx267@47.59 SKLNx2752@4.99 SUNWx3820@3.20 NJRx413@29.89 CYCCx940@12.60 
Value: 62902.32
Sales: NJRx413@29.89 BOBEx267@47.59 SKLNx2752@4.99 SUNWx3820@3.20 CYCCx940@12.60 
Purchases: STRLx5219@2.41 PHMDx6837@1.84 FSTRx336@37.44 CDIx880@14.28 SUNWx3932@3.20 

2015-03-08
Cash: 18.88
Held: STRLx5219@2.60 SUNWx3932@3.24 PHMDx6837@1.89 FSTRx336@37.25 CDIx880@14.02 
Value: 64102.99
Sales: FSTRx336@37.25 PHMDx6837@1.89 SUNWx3932@3.24 CDIx880@14.02 STRLx5219@2.60 
Purchases: BORNx11050@1.16 YTENx15445@0.83 IFMIx7865@1.63 GEFx347@36.91 CRKx528@24.25 

2015-03-09
Cash: 33.21
Held: IFMIx7865@1.59 YTENx15445@0.77 GEFx347@36.12 CRKx528@22.50 BORNx11050@1.16 
Value: 61665.38
Sales: CRKx528@22.50 YTENx15445@0.77 IFMIx7865@1.59 GEFx347@36.12 BORNx11050@1.16 
Purchases: HURCx427@28.86 HKx7171@1.72 AQNx1927@6.40 MDSYx5553@2.22 ERIIx4403@2.80 

2015-03-10
Cash: 17.08
Held: ERIIx4403@2.66 HKx7171@1.60 MDSYx5553@2.52 HURCx427@29.06 AQNx1927@6.93 
Value: 62954.70
Sales: HURCx427@29.06 HKx7171@1.60 MDSYx5553@2.52 AQNx1927@6.93 ERIIx4403@2.66 
Purchases: OPXAx17734@0.71 UBMx1045@12.05 TITNx1029@12.23 GBRx8393@1.50 AVEOx8566@1.47 

2015-03-11
Cash: 14.96
Held: OPXAx17734@0.68 AVEOx8566@1.47 TITNx1029@12.28 UBMx1045@14.77 GBRx8393@1.51 
Value: 65413.98
Sales: OPXAx17734@0.68 UBMx1045@14.77 TITNx1029@12.28 GBRx8393@1.51 AVEOx8566@1.47 
Purchases: BIOSx3769@3.47 TEUMx28443@0.46 ROLx581@22.50 GOGLx3223@4.06 PRTSx4808@2.72 

2015-03-12
Cash: 15.74
Held: TEUMx28443@0.49 PRTSx4808@2.74 GOGLx3223@4.09 ROLx581@22.55 BIOSx3769@3.82 
Value: 67807.64
Sales: PRTSx4808@2.74 TEUMx28443@0.49 ROLx581@22.55 GOGLx3223@4.09 BIOSx3769@3.82 
Purchases: LAYNx2521@5.38 ASTCx3931@3.45 JOBx12670@1.07 BVXx5467@2.48 SALMx2135@6.35 

2015-03-15
Cash: 6.37
Held: ASTCx3931@3.27 JOBx12670@1.08 SALMx2135@6.22 LAYNx2521@5.06 BVXx5467@2.59 
Value: 66731.91
Sales: LAYNx2521@5.06 JOBx12670@1.08 ASTCx3931@3.27 SALMx2135@6.22 BVXx5467@2.59 
Purchases: EXELx5054@2.64 GALEx9203@1.45 MDGLx5727@2.33 MTLx9399@1.42 VRMLx8039@1.66 

2015-03-16
Cash: 3.85
Held: GALEx9203@1.40 MDGLx5727@2.34 EXELx5054@2.62 VRMLx8039@1.83 MTLx9399@1.14 
Value: 64952.62
Sales: EXELx5054@2.62 GALEx9203@1.40 MDGLx5727@2.34 MTLx9399@1.14 VRMLx8039@1.83 
Purchases: SIEBx7922@1.64 PRTSx5505@2.36 CTICx64@200.00 PKOHx265@48.84 MXCx2701@4.81 

2015-03-17
Cash: 243.36
Held: PKOHx265@50.12 CTICx64@194.00 PRTSx5505@2.18 SIEBx7922@1.68 MXCx2701@4.90 
Value: 64478.83
Sales: PRTSx5505@2.18 MXCx2701@4.90 CTICx64@194.00 PKOHx265@50.12 SIEBx7922@1.68 
Purchases: PFIEx9082@1.42 SCONx9412@1.37 MDSYx5731@2.25 CURx415@31.06 SALMx2286@5.64 

2015-03-18
Cash: 7.40
Held: PFIEx9082@1.37 SALMx2286@6.06 MDSYx5731@2.20 SCONx9412@1.48 CURx415@28.59 
Value: 64705.05
Sales: PFIEx9082@1.37 SCONx9412@1.48 MDSYx5731@2.20 SALMx2286@6.06 CURx415@28.59 
Purchases: WGx4556@2.84 RDNTx1674@7.73 EGYx3886@3.33 WGBSx3243@3.99 JNPx1996@6.48 

2015-03-19
Cash: 9.88
Held: JNPx1996@7.36 WGx4556@3.10 WGBSx3243@4.09 RDNTx1674@7.65 EGYx3886@3.29 
Value: 67669.16
Sales: WGx4556@3.10 RDNTx1674@7.65 EGYx3886@3.29 JNPx1996@7.36 WGBSx3243@4.09 
Purchases: TBIOx9269@1.46 NVGNx3350@4.04 AXNx7236@1.87 DGICBx629@21.50 SQMx755@17.91 

2015-03-22
Cash: 31.04
Held: DGICBx629@22.05 NVGNx3350@3.80 AXNx7236@1.75 TBIOx9269@1.50 SQMx755@19.00 
Value: 67542.64
Sales: TBIOx9269@1.50 NVGNx3350@3.80 AXNx7236@1.75 SQMx755@19.00 DGICBx629@22.05 
Purchases: AMRNx5403@2.50 NLSTx10806@1.25 EWVx268@50.25 CAPRx1465@9.22 CATOx352@38.31 

2015-03-23
Cash: 69.17
Held: AMRNx5403@2.39 CAPRx1465@9.63 CATOx352@38.22 NLSTx10806@1.29 EWVx268@51.00 
Value: 68158.95
Sales: AMRNx5403@2.39 NLSTx10806@1.29 EWVx268@51.00 CAPRx1465@9.63 CATOx352@38.22 
Purchases: MEIPx6647@2.05 YTENx21982@0.62 SITOx48679@0.28 HALOx967@14.09 FNCXx9029@1.51 

2015-03-24
Cash: 4.11
Held: MEIPx6647@1.99 HALOx967@14.00 YTENx21982@0.66 FNCXx9029@1.54 SITOx48679@0.29 
Value: 69306.58
Sales: MEIPx6647@1.99 YTENx21982@0.66 SITOx48679@0.29 HALOx967@14.00 FNCXx9029@1.54 
Purchases: TRXx36488@0.38 SONSx1589@8.72 COYNx1108@12.50 CPRXx3261@4.25 JRJCx2986@4.64 

2015-03-25
Cash: 25.17
Held: CPRXx3261@3.99 TRXx36488@0.35 JRJCx2986@4.80 SONSx1589@8.32 COYNx1108@12.75 
Value: 67494.79
Sales: COYNx1108@12.75 TRXx36488@0.35 SONSx1589@8.32 JRJCx2986@4.80 CPRXx3261@3.99 
Purchases: IIJIx1589@8.49 CECOx2689@5.02 LEUx2721@4.96 RADAx5251@2.57 VRMLx7800@1.73 

2015-03-26
Cash: 10.11
Held: RADAx5251@2.46 CECOx2689@5.04 IIJIx1589@8.15 LEUx2721@5.00 VRMLx7800@1.92 
Value: 68010.79
Sales: IIJIx1589@8.15 VRMLx7800@1.92 CECOx2689@5.04 RADAx5251@2.46 LEUx2721@5.00 
Purchases: MGAx259@52.38 SONCx425@32.00 COx2455@5.54 SCMPx961@14.14 APOLx712@19.09 

2015-03-29
Cash: 63.38
Held: COx2455@5.72 SCMPx961@14.66 SONCx425@32.44 APOLx712@19.28 MGAx259@52.12 
Value: 69202.13
Sales: MGAx259@52.12 APOLx712@19.28 SONCx425@32.44 COx2455@5.72 SCMPx961@14.66 
Purchases: CHNRx8813@1.57 BBDx1573@8.80 OHRPx4890@2.83 WRLDx184@74.94 MBVXx8874@1.56 

2015-03-30
Cash: 58.27
Held: BBDx1573@9.05 OHRPx4890@2.83 WRLDx184@74.12 CHNRx8813@1.61 MBVXx8874@1.86 
Value: 72467.87
Sales: CHNRx8813@1.61 WRLDx184@74.12 BBDx1573@9.05 OHRPx4890@2.83 MBVXx8874@1.86 
Purchases: SKYx4164@3.48 GILx490@29.55 ADMPx3825@3.79 ASMx10977@1.32 DGSEx9538@1.52 

2015-03-31
Cash: 17.71
Held: DGSEx9538@1.53 GILx490@29.59 SKYx4164@3.56 ASMx10977@1.38 ADMPx3825@4.00 
Value: 74387.49
Sales: ADMPx3825@4.00 GILx490@29.59 SKYx4164@3.56 ASMx10977@1.38 DGSEx9538@1.53 
Purchases: WWEx1060@14.02 BRNx6223@2.39 SSNx10406@1.43 ARCWx2827@5.26 CNETx3719@4.00 

2015-04-01
Cash: 17.58
Held: SSNx10406@1.40 CNETx3719@3.82 BRNx6223@2.48 ARCWx2827@5.00 WWEx1060@13.75 
Value: 72943.74
Sales: CNETx3719@3.82 BRNx6223@2.48 SSNx10406@1.40 ARCWx2827@5.00 WWEx1060@13.75 
Purchases: IMNPx8383@1.74 TEUMx38403@0.38 TKCx1281@11.38 ARCIx7294@2.00 BDRx15036@0.97 

2015-04-05
Cash: 9.18
Held: TEUMx38403@0.39 TKCx1281@11.45 IMNPx8383@1.80 ARCIx7294@2.05 BDRx15036@0.96 
Value: 74133.81
Sales: IMNPx8383@1.80 TEUMx38403@0.39 TKCx1281@11.45 BDRx15036@0.96 ARCIx7294@2.05 
Purchases: VTNRx5293@2.80 CGNTx8827@1.68 SHLDx361@40.97 HHx32234@0.46 WLDNx1115@13.29 

2015-04-06
Cash: 49.27
Held: VTNRx5293@2.53 WLDNx1115@14.21 HHx32234@0.49 SHLDx361@41.53 CGNTx8827@1.48 
Value: 73137.26
Sales: CGNTx8827@1.48 VTNRx5293@2.53 SHLDx361@41.53 HHx32234@0.49 WLDNx1115@14.21 
Purchases: CRMDx1665@8.78 JOBx18057@0.81 RPRXx1716@8.52 SUNWx3346@4.37 CTSOx1963@7.45 

2015-04-07
Cash: 14.54
Held: JOBx18057@0.85 RPRXx1716@8.37 SUNWx3346@4.21 CTSOx1963@8.55 CRMDx1665@9.20 
Value: 75913.36
Sales: CRMDx1665@9.20 JOBx18057@0.85 RPRXx1716@8.37 SUNWx3346@4.21 CTSOx1963@8.55 
Purchases: NYMXx11249@1.35 SKLNx5728@2.65 IRCPx506@30.00 RILYx1518@10.00 SIEBx9091@1.67 

2015-04-08
Cash: 8.91
Held: SKLNx5728@3.00 NYMXx11249@1.38 SIEBx9091@1.62 RILYx1518@9.95 IRCPx506@31.72 
Value: 78602.22
Sales: NYMXx11249@1.38 SIEBx9091@1.62 IRCPx506@31.72 SKLNx5728@3.00 RILYx1518@9.95 
Purchases: PRTKx538@29.20 FXPx566@27.77 YANGx2659@5.91 ACURx3980@3.95 SSNx10913@1.44 

2015-04-09
Cash: 23.19
Held: FXPx566@27.48 SSNx10913@1.60 ACURx3980@4.30 PRTKx538@27.73 YANGx2659@5.79 
Value: 80467.21
Sales: ACURx3980@4.30 SSNx10913@1.60 FXPx566@27.48 YANGx2659@5.79 PRTKx538@27.73 
Purchases: BRNx6677@2.41 GEOSx885@18.17 NWYx5936@2.71 FPPx16764@0.96 HKx8941@1.80 

2015-04-12
Cash: 15.52
Held: BRNx6677@2.94 NWYx5936@2.75 GEOSx885@18.56 HKx8941@1.71 FPPx16764@1.07 
Value: 85625.54
Sales: BRNx6677@2.94 GEOSx885@18.56 NWYx5936@2.75 FPPx16764@1.07 HKx8941@1.71 
Purchases: TSRIx4104@4.17 SOXSx1531@11.18 CWSTx3019@5.67 DYYx4281@4.00 LAWSx726@23.58 

2015-04-13
Cash: 22.96
Held: TSRIx4104@4.53 CWSTx3019@5.88 DYYx4281@4.00 LAWSx726@24.17 SOXSx1531@11.36 
Value: 88431.61
Sales: TSRIx4104@4.53 SOXSx1531@11.36 CWSTx3019@5.88 DYYx4281@4.00 LAWSx726@24.17 
Purchases: NCTYx9880@1.79 PRKRx26400@0.67 JJUx1050@16.83 SUNWx4312@4.10 SITOx53582@0.33 

2015-04-14
Cash: 18.37
Held: JJUx1050@17.44 PRKRx26400@0.70 SUNWx4312@3.91 NCTYx9880@1.77 SITOx53582@0.31 
Value: 87770.02
Sales: NCTYx9880@1.77 PRKRx26400@0.70 JJUx1050@17.44 SUNWx4312@3.91 SITOx53582@0.31 
Purchases: WRNx45022@0.39 BRNx6752@2.60 ARWRx2368@7.41 QBAKx12904@1.36 COREx602@29.16 

2015-04-15
Cash: 10.43
Held: COREx602@28.48 BRNx6752@2.52 QBAKx12904@1.36 WRNx45022@0.40 ARWRx2368@7.15 
Value: 86655.78
Sales: WRNx45022@0.40 COREx602@28.48 ARWRx2368@7.15 QBAKx12904@1.36 BRNx6752@2.52 
Purchases: OPXAx40311@0.43 CALIx12841@1.35 VIVEx43338@0.40 MSBx1221@14.19 BDRx21140@0.82 

2015-04-16
Cash: 9.48
Held: OPXAx40311@0.44 CALIx12841@1.26 VIVEx43338@0.40 MSBx1221@15.49 BDRx21140@0.81 
Value: 87292.18
Sales: OPXAx40311@0.44 CALIx12841@1.26 VIVEx43338@0.40 MSBx1221@15.49 BDRx21140@0.81 
Purchases: NCTYx11336@1.54 DTOx243@71.69 SSKNx10516@1.66 DXTRx37147@0.47 PTXx2096@8.33 

2015-04-19
Cash: 42.27
Held: SSKNx10516@1.57 PTXx2096@8.43 NCTYx11336@1.50 DTOx243@74.00 DXTRx37147@0.45 
Value: 85924.64
Sales: NCTYx11336@1.50 DTOx243@74.00 SSKNx10516@1.57 DXTRx37147@0.45 PTXx2096@8.43 
Purchases: HSCx1102@15.59 LFCx239@71.75 MTWx850@20.20 GLFx1083@15.86 KONEx3397@5.06 

2015-04-20
Cash: 59.68
Held: HSCx1102@16.03 KONEx3397@5.25 LFCx239@75.06 GLFx1083@15.37 MTWx850@20.06 
Value: 87196.09
Sales: HSCx1102@16.03 GLFx1083@15.37 KONEx3397@5.25 LFCx239@75.06 MTWx850@20.06 
Purchases: FAROx375@46.44 GNMKx1623@10.74 SHIPx25639@0.68 NVDQx1261@13.83 MNOVx4317@4.04 

2015-04-21
Cash: 34.53
Held: FAROx375@45.62 SHIPx25639@0.77 GNMKx1623@10.71 MNOVx4317@4.04 NVDQx1261@12.76 
Value: 87794.53
Sales: FAROx375@45.62 GNMKx1623@10.71 SHIPx25639@0.77 MNOVx4317@4.04 NVDQx1261@12.76 
Purchases: NKTRx1626@10.80 UNXLx3026@5.80 FTKx1135@15.47 SANMx859@20.44 HOGx314@55.75 

2015-04-22
Cash: 67.30
Held: SANMx859@20.92 HOGx314@56.47 NKTRx1626@10.85 UNXLx3026@5.79 FTKx1135@15.11 
Value: 88081.86
Sales: HOGx314@56.47 FTKx1135@15.11 SANMx859@20.92 UNXLx3026@5.79 NKTRx1626@10.85 
Purchases: BCLIx4145@4.25 NBYx26685@0.66 NRPx3151@5.59 SKLNx2868@6.14 GLBSx12147@1.45 

2015-04-23
Cash: 8.91
Held: NBYx26685@0.65 SKLNx2868@6.06 NRPx3151@5.95 GLBSx12147@1.45 BCLIx4145@4.15 
Value: 88284.38
Sales: BCLIx4145@4.15 GLBSx12147@1.45 NBYx26685@0.65 NRPx3151@5.95 SKLNx2868@6.06 
Purchases: CDTIx1888@9.35 HMNYx6375@2.77 VIRCx6196@2.85 PWx2871@6.15 BIOLx8248@2.14 

2015-04-26
Cash: 8.65
Held: VIRCx6196@2.76 HMNYx6375@3.17 CDTIx1888@9.55 PWx2871@6.25 BIOLx8248@2.20 
Value: 91423.82
Sales: BIOLx8248@2.20 CDTIx1888@9.55 HMNYx6375@3.17 VIRCx6196@2.76 PWx2871@6.25 
Purchases: SNAKx2089@8.75 AMSCx2658@6.88 CIDMx18284@1.00 CEAx464@39.34 DDDx681@26.83 

2015-04-27
Cash: 51.48
Held: SNAKx2089@9.21 AMSCx2658@6.98 CIDMx18284@0.88 DDDx681@25.00 CEAx464@38.00 
Value: 88592.00
Sales: SNAKx2089@9.21 AMSCx2658@6.98 CIDMx18284@0.88 CEAx464@38.00 DDDx681@25.00 
Purchases: AKRXx409@43.22 COOLx2307@7.68 DRRXx8598@2.06 TRNx629@28.12 CPRXx5119@3.46 

2015-04-28
Cash: 74.74
Held: CPRXx5119@3.55 DRRXx8598@2.00 COOLx2307@7.74 TRNx629@28.11 AKRXx409@44.28 
Value: 89091.23
Sales: AKRXx409@44.28 COOLx2307@7.74 DRRXx8598@2.00 TRNx629@28.11 CPRXx5119@3.55 
Purchases: NTNx45700@0.39 MDCAx900@19.80 CLDXx727@24.48 HMNYx6698@2.66 CBMGx739@24.09 

2015-04-29
Cash: 32.81
Held: CLDXx727@24.30 HMNYx6698@2.55 NTNx45700@0.38 MDCAx900@21.86 CBMGx739@25.80 
Value: 90879.74
Sales: MDCAx900@21.86 CBMGx739@25.80 CLDXx727@24.30 HMNYx6698@2.55 NTNx45700@0.38 
Purchases: SSYSx457@39.75 SYMXx12196@1.49 GLBSx11362@1.60 LLx687@26.45 SVUx2030@8.95 

2015-04-30
Cash: 16.19
Held: SYMXx12196@1.50 SVUx2030@8.80 GLBSx11362@1.52 SSYSx457@37.88 LLx687@28.06 
Value: 90020.57
Sales: SVUx2030@8.80 SYMXx12196@1.50 GLBSx11362@1.52 SSYSx457@37.88 LLx687@28.06 
Purchases: SMSIx14291@1.26 STMx2264@7.95 GBRx10113@1.78 BWENx4487@4.01 HURNx297@60.50 

2015-05-03
Cash: 47.24
Held: HURNx297@60.56 STMx2264@7.89 SMSIx14291@1.24 BWENx4487@4.07 GBRx10113@1.78 
Value: 89890.27
Sales: SMSIx14291@1.24 STMx2264@7.89 GBRx10113@1.78 BWENx4487@4.07 HURNx297@60.56 
Purchases: ARAYx2707@6.64 AEx388@46.28 PTNx20661@0.87 TREEx324@55.34 NOKx2715@6.62 

2015-05-04
Cash: 71.84
Held: PTNx20661@0.92 AEx388@47.00 ARAYx2707@7.13 NOKx2715@6.42 TREEx324@56.00 
Value: 92191.68
Sales: PTNx20661@0.92 ARAYx2707@7.13 AEx388@47.00 TREEx324@56.00 NOKx2715@6.42 
Purchases: GTLSx507@36.34 GYROx5150@3.58 GIIIx327@56.25 KGJIx18438@1.00 ABAXx335@55.03 

2015-05-05
Cash: 60.78
Held: ABAXx335@53.38 GIIIx327@56.19 GTLSx507@35.56 KGJIx18438@1.05 GYROx5150@3.32 
Value: 90800.81
Sales: GTLSx507@35.56 ABAXx335@53.38 GYROx5150@3.32 GIIIx327@56.19 KGJIx18438@1.05 
Purchases: SHENx550@32.97 DAIOx5693@3.19 CEVAx969@18.73 RAILx721@25.17 OBCIx5086@3.57 

2015-05-06
Cash: 49.30
Held: CEVAx969@19.05 DAIOx5693@3.20 OBCIx5086@3.45 SHENx550@32.03 RAILx721@24.05 
Value: 89216.59
Sales: SHENx550@32.03 DAIOx5693@3.20 CEVAx969@19.05 RAILx721@24.05 OBCIx5086@3.45 
Purchases: CLBSx7594@2.35 KONAx849@21.02 GIGAx10196@1.75 AVPx2530@7.05 MAVx1301@13.71 

2015-05-07
Cash: 11.98
Held: KONAx849@20.92 AVPx2530@7.16 GIGAx10196@1.83 CLBSx7594@2.38 MAVx1301@13.89 
Value: 90701.27
Sales: CLBSx7594@2.38 KONAx849@20.92 AVPx2530@7.16 GIGAx10196@1.83 MAVx1301@13.89 
Purchases: FNCXx7851@2.31 GFIx4929@3.68 CEQPx32@555.00 OHGIx12953@1.40 SUMRx8132@2.23 

2015-05-10
Cash: 386.56
Held: CEQPx32@520.00 FNCXx7851@3.08 OHGIx12953@1.30 SUMRx8132@2.58 GFIx4929@3.56 
Value: 96575.75
Sales: FNCXx7851@3.08 GFIx4929@3.56 CEQPx32@520.00 OHGIx12953@1.30 SUMRx8132@2.58 
Purchases: BIOSx5319@3.63 PROx1062@18.19 SJIx742@26.00 FFHLx24448@0.79 NETEx21951@0.88 

2015-05-11
Cash: 26.91
Held: PROx1062@17.86 FFHLx24448@0.74 SJIx742@26.03 NETEx21951@0.89 BIOSx5319@3.94 
Value: 96899.34
Sales: BIOSx5319@3.94 PROx1062@17.86 SJIx742@26.03 FFHLx24448@0.74 NETEx21951@0.89 
Purchases: PRKRx49705@0.39 CBLIx9504@2.04 ENOCx1930@10.04 FFHLx26180@0.74 MTRXx1061@18.27 

2015-05-12
Cash: 5.93
Held: CBLIx9504@1.92 MTRXx1061@18.59 ENOCx1930@10.46 PRKRx49705@0.37 FFHLx26180@0.81 
Value: 97774.45
Sales: PRKRx49705@0.37 CBLIx9504@1.92 ENOCx1930@10.46 FFHLx26180@0.81 MTRXx1061@18.59 
Purchases: RDNTx2692@7.26 NMRXx2123@9.21 CHCIx5079@3.85 CASCx2263@8.64 STRLx6035@3.24 

2015-05-13
Cash: 10.37
Held: STRLx6035@3.32 CASCx2263@10.50 RDNTx2692@7.01 CHCIx5079@3.85 NMRXx2123@9.15 
Value: 101659.80
Sales: RDNTx2692@7.01 NMRXx2123@9.15 CHCIx5079@3.85 CASCx2263@10.50 STRLx6035@3.32 
Purchases: KOSSx7559@2.69 CADCx5082@4.00 OREXx4025@5.05 SRTx3146@6.46 WPCSx7615@2.67 

2015-05-14
Cash: 15.27
Held: WPCSx7615@2.62 SRTx3146@6.65 OREXx4025@4.98 CADCx5082@3.94 KOSSx7559@2.89 
Value: 102792.93
Sales: KOSSx7559@2.89 CADCx5082@3.94 WPCSx7615@2.62 OREXx4025@4.98 SRTx3146@6.65 
Purchases: VUZIx3745@5.49 DCOx841@24.42 INVEx2828@7.27 SYMXx15936@1.29 CAMTx7017@2.93 

2015-05-17
Cash: 26.60
Held: CAMTx7017@2.96 DCOx841@25.02 INVEx2828@7.44 SYMXx15936@1.28 VUZIx3745@5.62 
Value: 104339.37
Sales: VUZIx3745@5.62 DCOx841@25.02 INVEx2828@7.44 SYMXx15936@1.28 CAMTx7017@2.96 
Purchases: HHx59605@0.35 WRLDx244@85.25 GIGAx10383@2.01 MMYTx1163@17.94 PTIEx9573@2.18 

2015-05-18
Cash: 75.94
Held: MMYTx1163@18.50 HHx59605@0.36 PTIEx9573@2.05 GIGAx10383@2.60 WRLDx244@84.81 
Value: 110373.77
Sales: HHx59605@0.36 WRLDx244@84.81 GIGAx10383@2.60 MMYTx1163@18.50 PTIEx9573@2.05 
Purchases: HGGx4970@4.44 NETEx29433@0.75 SANWx4572@4.83 AHPIx7484@2.95 SOFOx3289@6.71 

2015-05-19
Cash: 6.82
Held: SANWx4572@4.71 AHPIx7484@2.98 SOFOx3289@6.88 HGGx4970@4.16 NETEx29433@0.74 
Value: 108939.07
Sales: SANWx4572@4.71 HGGx4970@4.16 NETEx29433@0.74 AHPIx7484@2.98 SOFOx3289@6.88 
Purchases: UAMYx20949@1.04 WSFSx859@25.36 INVTx75120@0.29 URBNx629@34.62 GLOWx29050@0.75 

