2014-07-06
Cash: 10000.00
Held: 
Value: 10000.00
Sales: 
Purchases: LINCx480@4.16 DLAx138@14.43 GBRx689@2.90 SSKNx6665@0.30 JOEx82@24.25 

2014-07-07
Cash: 25.13
Held: JOEx82@23.94 DLAx138@14.41 SSKNx6665@0.28 LINCx480@4.01 GBRx689@2.75 
Value: 9662.84
Sales: GBRx689@2.75 DLAx138@14.41 LINCx480@4.01 JOEx82@23.94 SSKNx6665@0.28 
Purchases: LOANx552@3.50 WCSTx712@2.71 OTIVx878@2.20 LEUx340@5.67 OGENx1038@1.86 

2014-07-08
Cash: 10.26
Held: LEUx340@6.90 LOANx552@3.70 WCSTx712@2.79 OTIVx878@2.18 OGENx1038@2.01 
Value: 10383.41
Sales: LOANx552@3.70 WCSTx712@2.79 OTIVx878@2.18 LEUx340@6.90 OGENx1038@2.01 
Purchases: IPCIx607@3.42 CDTIx170@12.20 KONEx347@5.97 ARRYx494@4.20 AMOTx156@13.24 

2014-07-09
Cash: 21.63
Held: KONEx347@6.04 ARRYx494@4.00 IPCIx607@2.80 AMOTx156@13.30 CDTIx170@12.05 
Value: 9915.54
Sales: IPCIx607@2.80 CDTIx170@12.05 KONEx347@6.04 ARRYx494@4.00 AMOTx156@13.30 
Purchases: NUROx918@2.16 COx458@4.33 TPIVx1194@1.66 HMNYx482@4.11 TCIx157@12.59 

2014-07-10
Cash: 10.08
Held: NUROx918@2.26 COx458@4.70 TPIVx1194@1.78 TCIx157@12.58 HMNYx482@4.47 
Value: 10491.13
Sales: HMNYx482@4.47 COx458@4.70 TPIVx1194@1.78 NUROx918@2.26 TCIx157@12.58 
Purchases: LQDTx163@12.82 CXDCx341@6.15 MTLx1212@1.73 CAMTx528@3.97 

2014-07-13
Cash: 2110.94
Held: CAMTx528@4.18 LQDTx163@13.13 MTLx1212@1.75 CXDCx341@6.36 
Value: 10748.02
Sales: LQDTx163@13.13 CXDCx341@6.36 MTLx1212@1.75 CAMTx528@4.18 
Purchases: SSRIx243@8.83 NETEx1693@1.27 MUXx736@2.92 FSMx390@5.50 BAAx6512@0.33 

2014-07-14
Cash: 9.93
Held: MUXx736@2.94 SSRIx243@9.16 BAAx6512@0.32 FSMx390@5.67 NETEx1693@1.18 
Value: 10691.87
Sales: SSRIx243@9.16 NETEx1693@1.18 FSMx390@5.67 MUXx736@2.94 BAAx6512@0.32 
Purchases: YUMAx402@5.31 SINOx1221@1.75 KOSSx703@3.04 ISLEx252@8.48 MBVXx1737@1.23 

2014-07-15
Cash: 11.18
Held: ISLEx252@8.42 SINOx1221@1.71 KOSSx703@2.99 YUMAx402@5.30 MBVXx1737@1.23 
Value: 10591.73
Sales: YUMAx402@5.30 SINOx1221@1.71 KOSSx703@2.99 ISLEx252@8.42 MBVXx1737@1.23 
Purchases: ATVx178@11.87 OPTTx1891@1.12 CASMx1103@1.92 FHCOx506@4.18 TGSx692@3.06 

2014-07-16
Cash: 10.74
Held: ATVx178@12.47 TGSx692@2.93 CASMx1103@1.91 FHCOx506@4.14 OPTTx1891@1.12 
Value: 10577.72
Sales: ATVx178@12.47 TGSx692@2.93 FHCOx506@4.14 OPTTx1891@1.12 CASMx1103@1.91 
Purchases: CDXSx1149@1.84 INVTx1012@2.09 IGCx1976@1.07 YTENx3157@0.67 CETCx122@17.20 

2014-07-17
Cash: 20.15
Held: INVTx1012@1.98 YTENx3157@0.57 CDXSx1149@1.83 IGCx1976@1.02 CETCx122@16.59 
Value: 9965.11
Sales: YTENx3157@0.57 INVTx1012@1.98 IGCx1976@1.02 CDXSx1149@1.83 CETCx122@16.59 
Purchases: PLUGx437@4.56 FFBCWx379@5.25 RPRXx130@15.25 INTXx500@3.98 LCIx54@36.88 

2014-07-20
Cash: 19.27
Held: RPRXx130@15.17 FFBCWx379@5.25 INTXx500@3.97 PLUGx437@5.18 LCIx54@38.09 
Value: 10287.30
Sales: PLUGx437@5.18 FFBCWx379@5.25 RPRXx130@15.17 INTXx500@3.97 LCIx54@38.09 
Purchases: CJJDx1418@1.45 YTENx3883@0.53 NUSx32@62.53 HMNYx562@3.66 NVLNx359@5.72 

2014-07-21
Cash: 62.73
Held: YTENx3883@0.60 CJJDx1418@1.56 NVLNx359@5.76 HMNYx562@3.71 NUSx32@60.38 
Value: 10690.39
Sales: CJJDx1418@1.56 YTENx3883@0.60 NVLNx359@5.76 HMNYx562@3.71 NUSx32@60.38 
Purchases: KEGx308@6.93 CNETx1257@1.70 COOLx192@11.10 EZPWx219@9.76 UAMYx1425@1.50 

2014-07-22
Cash: 12.94
Held: CNETx1257@1.70 EZPWx219@9.52 UAMYx1425@1.51 COOLx192@10.80 KEGx308@6.85 
Value: 10570.41
Sales: CNETx1257@1.70 UAMYx1425@1.51 KEGx308@6.85 EZPWx219@9.52 COOLx192@10.80 
Purchases: EDZx74@28.53 BFRx159@13.28 SILCx69@30.30 PESIx468@4.51 EDUx100@21.09 

2014-07-23
Cash: 36.04
Held: EDUx100@20.52 EDZx74@28.53 PESIx468@4.57 SILCx69@29.06 BFRx159@13.06 
Value: 10420.07
Sales: EDZx74@28.53 PESIx468@4.57 SILCx69@29.06 BFRx159@13.06 EDUx100@20.52 
Purchases: CNMDx53@38.66 LOANx857@2.43 GSKx41@50.06 JNPRx92@22.44 AUMNx1667@1.25 

2014-07-24
Cash: 88.48
Held: CNMDx53@39.19 JNPRx92@23.17 AUMNx1667@1.23 LOANx857@2.62 GSKx41@48.91 
Value: 10598.18
Sales: CNMDx53@39.19 LOANx857@2.62 GSKx41@48.91 JNPRx92@23.17 AUMNx1667@1.23 
Purchases: MANHx67@31.44 SHIPx1442@1.47 FDMLx119@17.67 INVAx90@23.38 CBAKx607@3.49 

2014-07-27
Cash: 47.25
Held: SHIPx1442@1.46 INVAx90@22.53 FDMLx119@17.67 MANHx67@31.45 CBAKx607@4.14 
Value: 10904.00
Sales: MANHx67@31.45 SHIPx1442@1.46 FDMLx119@17.67 INVAx90@22.53 CBAKx607@4.14 
Purchases: IQNTx190@11.45 DRWIx54@40.00 CLFDx164@13.23 DHIx101@21.55 ANGOx155@14.03 

2014-07-28
Cash: 47.67
Held: CLFDx164@13.11 DHIx101@21.56 DRWIx54@38.25 IQNTx190@11.04 ANGOx155@14.37 
Value: 10765.26
Sales: IQNTx190@11.04 DRWIx54@38.25 CLFDx164@13.11 DHIx101@21.56 ANGOx155@14.37 
Purchases: FPAYx3074@0.70 IDXXx16@129.12 CBIx33@63.41 KONEx377@5.70 MXWLx191@11.26 

2014-07-29
Cash: 155.60
Held: IDXXx16@129.12 KONEx377@5.55 FPAYx3074@0.70 CBIx33@60.81 MXWLx191@11.02 
Value: 10578.94
Sales: FPAYx3074@0.70 IDXXx16@129.12 KONEx377@5.55 MXWLx191@11.02 CBIx33@60.81 
Purchases: GALTx341@6.20 HLFx36@58.50 OSKx45@46.72 CBIOx110@19.19 IPXLx91@23.06 

2014-07-30
Cash: 47.35
Held: HLFx36@55.47 GALTx341@6.51 IPXLx91@23.14 CBIOx110@19.59 OSKx45@46.59 
Value: 10622.54
Sales: GALTx341@6.51 HLFx36@55.47 OSKx45@46.59 IPXLx91@23.14 CBIOx110@19.59 
Purchases: CTLx53@39.56 ETRMx1@1292.00 WINx189@11.21 HILx457@4.65 AXUx2083@1.02 

2014-07-31
Cash: 866.85
Held: CTLx53@39.12 AXUx2083@1.04 ETRMx1@1323.00 HILx457@4.14 WINx189@11.37 
Value: 10470.54
Sales: CTLx53@39.12 ETRMx1@1323.00 WINx189@11.37 HILx457@4.14 AXUx2083@1.04 
Purchases: UIHCx144@14.50 CBMGx110@18.98 EDAPx1073@1.95 MTWx78@26.61 EHTHx101@20.70 

2014-08-03
Cash: 35.15
Held: EHTHx101@20.39 UIHCx144@14.65 EDAPx1073@1.80 CBMGx110@24.38 MTWx78@27.17 
Value: 10935.82
Sales: UIHCx144@14.65 CBMGx110@24.38 EDAPx1073@1.80 MTWx78@27.17 EHTHx101@20.39 
Purchases: INSYx84@25.84 SHIPx1573@1.39 ANIKx53@41.09 XTNTx426@5.13 PXLWx349@6.25 

2014-08-04
Cash: 34.90
Held: SHIPx1573@1.47 PXLWx349@6.16 XTNTx426@4.99 INSYx84@25.75 ANIKx53@40.34 
Value: 10922.90
Sales: INSYx84@25.75 SHIPx1573@1.47 ANIKx53@40.34 XTNTx426@4.99 PXLWx349@6.16 
Purchases: YTENx5329@0.41 DGSEx1475@1.48 INSMx172@12.63 NEx81@26.83 ABTLx268@8.14 

2014-08-05
Cash: 27.18
Held: DGSEx1475@1.60 YTENx5329@0.54 NEx81@26.50 ABTLx268@8.20 INSMx172@12.57 
Value: 11771.50
Sales: INSMx172@12.57 YTENx5329@0.54 ABTLx268@8.20 NEx81@26.50 DGSEx1475@1.60 
Purchases: FNCXx1142@2.06 ECOM          x138@17.00 IRWDx176@13.36 IHTx1142@2.06 ASPSx28@84.06 

2014-08-06
Cash: 14.21
Held: IHTx1142@2.01 ECOM          x138@16.83 FNCXx1142@2.05 IRWDx176@14.00 ASPSx28@86.62 
Value: 11863.14
Sales: FNCXx1142@2.05 ECOM          x138@16.83 IRWDx176@14.00 IHTx1142@2.01 ASPSx28@86.62 
Purchases: CRRx22@105.19 TWXx32@73.69 ROIAx770@3.08 ROIAKx710@3.34 XTLBx938@2.53 

2014-08-07
Cash: 75.58
Held: XTLBx938@2.89 ROIAKx710@3.00 TWXx32@72.00 ROIAx770@3.03 CRRx22@102.44 
Value: 11807.17
Sales: CRRx22@102.44 ROIAx770@3.03 TWXx32@72.00 ROIAKx710@3.00 XTLBx938@2.89 
Purchases: MNTXx194@12.15 DISCAx57@41.06 DISCKx59@39.97 APEIx79@29.62 PHMDx270@8.72 

2014-08-10
Cash: 57.22
Held: DISCAx57@42.28 DISCKx59@41.03 MNTXx194@12.02 PHMDx270@9.27 APEIx79@29.91 
Value: 12087.06
Sales: DISCAx57@42.28 DISCKx59@41.03 APEIx79@29.91 PHMDx270@9.27 MNTXx194@12.02 
Purchases: LTBRx929@2.60 GSITx432@5.59 DLAx227@10.62 JOBSx66@36.50 OMEx206@11.71 

2014-08-11
Cash: 25.66
Held: DLAx227@10.31 LTBRx929@2.83 GSITx432@5.20 OMEx206@12.27 JOBSx66@31.66 
Value: 11859.44
Sales: LTBRx929@2.83 GSITx432@5.20 DLAx227@10.31 JOBSx66@31.66 OMEx206@12.27 
Purchases: TEARx681@3.48 KNDx120@19.62 WGBSx215@11.00 RXDx118@20.06 ADGEx1960@1.21 

2014-08-12
Cash: 30.34
Held: KNDx120@19.44 RXDx118@20.50 ADGEx1960@1.26 WGBSx215@11.00 TEARx681@3.38 
Value: 11918.35
Sales: TEARx681@3.38 KNDx120@19.44 WGBSx215@11.00 RXDx118@20.50 ADGEx1960@1.26 
Purchases: MNKDx317@7.51 BDEx296@8.05 VRTBx542@4.39 EDNx175@13.55 GSITx460@5.17 

2014-08-13
Cash: 25.78
Held: EDNx175@13.00 MNKDx317@7.30 VRTBx542@4.39 GSITx460@5.09 BDEx296@8.00 
Value: 11704.17
Sales: MNKDx317@7.30 GSITx460@5.09 VRTBx542@4.39 BDEx296@8.00 EDNx175@13.00 
Purchases: GALTx534@4.38 SOLx929@2.52 SIFx85@27.50 TPIVx1828@1.28 CREEx52@44.75 

2014-08-14
Cash: 20.35
Held: CREEx52@45.06 GALTx534@4.68 TPIVx1828@1.23 SOLx929@2.64 SIFx85@27.77 
Value: 11925.07
Sales: GALTx534@4.68 SOLx929@2.64 SIFx85@27.77 CREEx52@45.06 TPIVx1828@1.23 
Purchases: VLGEAx116@20.50 MSLIx1296@1.84 CNITx470@5.07 OHGIx920@2.59 KONEx532@4.48 

2014-08-17
Cash: 13.32
Held: OHGIx920@2.88 KONEx532@4.31 MSLIx1296@1.83 VLGEAx116@19.53 CNITx470@5.00 
Value: 11943.29
Sales: VLGEAx116@19.53 MSLIx1296@1.83 CNITx470@5.00 OHGIx920@2.88 KONEx532@4.31 
Purchases: ROXx2231@1.07 SINOx1613@1.48 SMSIx2412@0.99 CHCIx278@8.58 CBMGx104@22.80 

2014-08-18
Cash: 23.39
Held: SMSIx2412@1.08 SINOx1613@1.59 CHCIx278@8.26 CBMGx104@21.41 ROXx2231@1.03 
Value: 12013.41
Sales: SMSIx2412@1.08 SINOx1613@1.59 ROXx2231@1.03 CHCIx278@8.26 CBMGx104@21.41 
Purchases: CDXCx656@3.66 WCSTx1035@2.32 LEUx465@5.16 ICCCx533@4.50 EGTx1092@2.20 

2014-08-19
Cash: 11.31
Held: LEUx465@5.00 WCSTx1035@2.39 CDXCx656@3.60 ICCCx533@4.43 EGTx1092@2.32 
Value: 12066.75
Sales: CDXCx656@3.60 WCSTx1035@2.39 LEUx465@5.00 ICCCx533@4.43 EGTx1092@2.32 
Purchases: IDNx529@4.56 ALNx2097@1.15 GENEx3713@0.65 MITKx1018@2.37 CASCx174@13.80 

2014-08-20
Cash: 17.36
Held: GENEx3713@0.63 CASCx174@13.80 ALNx2097@1.20 MITKx1018@2.25 IDNx529@5.09 
Value: 12256.61
Sales: ALNx2097@1.20 IDNx529@5.09 GENEx3713@0.63 MITKx1018@2.25 CASCx174@13.80 
Purchases: RGSEx1339@1.83 HLTHx2188@1.12 NSECx227@10.76 REEDx406@6.03 PLXx1004@2.44 

2014-08-21
Cash: 15.39
Held: NSECx227@11.00 RGSEx1339@1.82 HLTHx2188@1.12 REEDx406@6.23 PLXx1004@2.44 
Value: 12379.39
Sales: RGSEx1339@1.82 HLTHx2188@1.12 NSECx227@11.00 REEDx406@6.23 PLXx1004@2.44 
Purchases: LRADx842@2.94 FCELx970@2.55 NVCNx484@5.11 VBFCx99@25.00 OHGIx982@2.52 

2014-08-24
Cash: 8.00
Held: VBFCx99@25.11 NVCNx484@5.60 OHGIx982@2.32 FCELx970@2.65 LRADx842@3.10 
Value: 12664.28
Sales: LRADx842@3.10 FCELx970@2.65 OHGIx982@2.32 VBFCx99@25.11 NVCNx484@5.60 
Purchases: BORNx1050@2.41 WGBSx517@4.90 PNTRx378@6.70 KNDIx133@19.02 BDRx1710@1.48 

2014-08-25
Cash: 8.14
Held: KNDIx133@19.73 WGBSx517@4.60 PNTRx378@6.87 BORNx1050@2.28 BDRx1710@1.42 
Value: 12430.42
Sales: BORNx1050@2.28 WGBSx517@4.60 PNTRx378@6.87 KNDIx133@19.73 BDRx1710@1.42 
Purchases: RGSEx1534@1.62 UNAMx206@12.06 BSPMx186@13.30 OZMx210@11.82 BOSCx753@3.30 

2014-08-26
Cash: 19.31
Held: RGSEx1534@1.45 UNAMx206@12.05 BOSCx753@3.54 OZMx210@12.32 BSPMx186@13.37 
Value: 12464.04
Sales: RGSEx1534@1.45 BOSCx753@3.54 BSPMx186@13.37 OZMx210@12.32 UNAMx206@12.05 
Purchases: FSIx1538@1.62 TSLx203@12.25 FUEx291@8.55 MOVx61@40.25 NVCNx505@4.93 

2014-08-27
Cash: 53.67
Held: MOVx61@38.47 NVCNx505@5.00 FSIx1538@1.59 TSLx203@12.40 FUEx291@8.60 
Value: 12390.38
Sales: FSIx1538@1.59 TSLx203@12.40 FUEx291@8.60 MOVx61@38.47 NVCNx505@5.00 
Purchases: INUVx1982@1.25 NLSTx2253@1.10 SKYx716@3.46 AOBCx216@11.43 QUIKx713@3.47 

2014-08-28
Cash: 14.01
Held: QUIKx713@3.38 INUVx1982@1.40 AOBCx216@11.11 NLSTx2253@1.12 SKYx716@3.53 
Value: 12650.36
Sales: SKYx716@3.53 NLSTx2253@1.12 INUVx1982@1.40 AOBCx216@11.11 QUIKx713@3.38 
Purchases: CNETx1150@2.20 GESx108@23.41 GENEx3563@0.71 WSMx38@65.88 ISNSx685@3.69 

2014-09-01
Cash: 33.27
Held: WSMx38@65.94 CNETx1150@2.10 GENEx3563@0.66 ISNSx685@3.91 GESx108@23.38 
Value: 12508.53
Sales: CNETx1150@2.10 GESx108@23.38 GENEx3563@0.66 WSMx38@65.94 ISNSx685@3.91 
Purchases: FROx1250@2.00 SBOTx1583@1.58 KOSSx1131@2.21 EDAPx1614@1.55 UECx1985@1.26 

2014-09-02
Cash: 4.68
Held: FROx1250@2.01 UECx1985@1.35 KOSSx1131@2.20 SBOTx1583@1.51 EDAPx1614@1.56 
Value: 12590.28
Sales: KOSSx1131@2.20 SBOTx1583@1.51 FROx1250@2.01 EDAPx1614@1.56 UECx1985@1.35 
Purchases: EXELx1361@1.85 NCTYx807@3.12 SBOTx1667@1.51 RIBTx484@5.20 CONNx80@31.38 

2014-09-03
Cash: 12.62
Held: CONNx80@30.42 EXELx1361@1.90 SBOTx1667@1.74 NCTYx807@3.10 RIBTx484@5.00 
Value: 12855.16
Sales: EXELx1361@1.90 NCTYx807@3.10 SBOTx1667@1.74 RIBTx484@5.00 CONNx80@30.42 
Purchases: CLDx180@14.25 SKYx857@3.00 KONEx571@4.50 ATROx47@53.62 JRJCx301@8.52 

2014-09-04
Cash: 63.73
Held: CLDx180@14.17 KONEx571@4.39 SKYx857@2.94 ATROx47@54.25 JRJCx301@8.53 
Value: 12758.48
Sales: CLDx180@14.17 SKYx857@2.94 KONEx571@4.39 ATROx47@54.25 JRJCx301@8.53 
Purchases: AVNWx151@16.80 SCVLx129@19.70 IGCx2967@0.86 RPRXx149@17.09 MTRXx111@22.94 

2014-09-07
Cash: 36.20
Held: MTRXx111@24.73 RPRXx149@16.69 SCVLx129@19.41 AVNWx151@17.77 IGCx2967@0.88 
Value: 13064.78
Sales: SCVLx129@19.41 AVNWx151@17.77 IGCx2967@0.88 RPRXx149@16.69 MTRXx111@24.73 
Purchases: SGOCx929@2.81 IDNx503@5.19 MITKx808@3.23 ARTWx505@5.17 GLOWx1936@1.35 

2014-09-08
Cash: 7.65
Held: ARTWx505@5.17 GLOWx1936@1.34 SGOCx929@2.66 MITKx808@3.07 IDNx503@5.15 
Value: 12755.14
Sales: SGOCx929@2.66 IDNx503@5.15 MITKx808@3.07 ARTWx505@5.17 GLOWx1936@1.34 
Purchases: PRANx1049@2.43 WRLDx35@71.00 AUMNx3446@0.74 KERXx166@15.33 BDRx1747@1.46 

2014-09-09
Cash: 75.53
Held: AUMNx3446@0.72 WRLDx35@71.44 KERXx166@14.59 PRANx1049@2.40 BDRx1747@1.48 
Value: 12584.66
Sales: PRANx1049@2.40 WRLDx35@71.44 BDRx1747@1.48 KERXx166@14.59 AUMNx3446@0.72 
Purchases: TCCOx553@4.55 THMx4660@0.54 LBJx91@27.36 KOSSx1240@2.03 ABACx503@5.00 

2014-09-10
Cash: 30.46
Held: ABACx503@5.48 KOSSx1240@2.04 LBJx91@26.98 TCCOx553@4.59 THMx4660@0.57 
Value: 12964.72
Sales: ABACx503@5.48 THMx4660@0.57 LBJx91@26.98 KOSSx1240@2.04 TCCOx553@4.59 
Purchases: NHTCx198@13.04 IMMRx263@9.83 LEUx823@3.15 RADAx720@3.60 MGCDx367@7.05 

2014-09-11
Cash: 26.06
Held: RADAx720@3.66 LEUx823@2.92 IMMRx263@9.99 NHTCx198@11.95 MGCDx367@6.85 
Value: 12573.66
Sales: NHTCx198@11.95 IMMRx263@9.99 LEUx823@2.92 RADAx720@3.66 MGCDx367@6.85 
Purchases: WKHSx10934@0.23 INVEx166@15.10 RICx1180@2.13 STRMx628@4.00 MBVXx399@6.29 

2014-09-14
Cash: 16.44
Held: INVEx166@15.05 RICx1180@2.20 WKHSx10934@0.20 STRMx628@4.10 MBVXx399@5.50 
Value: 12065.85
Sales: WKHSx10934@0.20 INVEx166@15.05 RICx1180@2.20 STRMx628@4.10 MBVXx399@5.50 
Purchases: FNCXx670@3.60 OREXx468@5.15 MTSLx1480@1.63 AHPIx572@4.22 FCSCx880@2.74 

2014-09-15
Cash: 7.88
Held: FNCXx670@3.41 OREXx468@4.85 AHPIx572@4.36 FCSCx880@2.69 MTSLx1480@1.49 
Value: 11629.05
Sales: FNCXx670@3.41 OREXx468@4.85 MTSLx1480@1.49 AHPIx572@4.36 FCSCx880@2.69 
Purchases: DRNx165@14.07 UNISx976@2.38 GOGLx202@11.47 SYNx1223@1.90 NTNx6122@0.38 

2014-09-16
Cash: 17.22
Held: DRNx165@14.57 SYNx1223@1.85 GOGLx202@11.43 UNISx976@2.45 NTNx6122@0.38 
Value: 11708.27
Sales: UNISx976@2.45 GOGLx202@11.43 SYNx1223@1.85 NTNx6122@0.38 DRNx165@14.57 
Purchases: OPXAx2129@1.10 COOLx265@8.82 ATx929@2.52 RADAx870@2.69 NSSCx530@4.41 

2014-09-17
Cash: 11.97
Held: RADAx870@2.82 OPXAx2129@1.11 NSSCx530@4.44 COOLx265@8.64 ATx929@2.25 
Value: 11563.54
Sales: OPXAx2129@1.11 COOLx265@8.64 ATx929@2.25 RADAx870@2.82 NSSCx530@4.44 
Purchases: TEUMx2141@1.08 ESCAx188@12.26 OMEXx2689@0.86 HGSHx369@6.26 VHCx338@6.83 

2014-09-18
Cash: 15.97
Held: TEUMx2141@1.04 VHCx338@5.60 OMEXx2689@0.88 ESCAx188@12.24 HGSHx369@5.64 
Value: 10884.95
Sales: ESCAx188@12.24 OMEXx2689@0.88 TEUMx2141@1.04 HGSHx369@5.64 VHCx338@5.60 
Purchases: SINOx870@2.50 NETEx748@2.91 OTIVx620@3.51 IFONx888@2.45 ANTHx1360@1.60 

2014-09-21
Cash: 6.72
Held: ANTHx1360@1.61 IFONx888@2.40 SINOx870@2.28 OTIVx620@3.13 NETEx748@3.25 
Value: 10683.47
Sales: NETEx748@3.25 SINOx870@2.28 IFONx888@2.40 OTIVx620@3.13 ANTHx1360@1.61 
Purchases: VHCx401@5.32 RPRXx230@9.25 LEUx1303@1.64 QRHCx1161@1.84 CETCx52@40.59 

2014-09-22
Cash: 39.13
Held: RPRXx230@8.95 QRHCx1161@1.84 VHCx401@5.00 LEUx1303@1.45 CETCx52@35.69 
Value: 9984.76
Sales: CETCx52@35.69 RPRXx230@8.95 VHCx401@5.00 QRHCx1161@1.84 LEUx1303@1.45 
Purchases: ESNCx2593@0.77 CREGx1721@1.16 KONEx624@3.20 MTLx2560@0.78 MBVXx258@7.71 

2014-09-23
Cash: 9.48
Held: ESNCx2593@0.84 CREGx1721@1.24 KONEx624@3.16 MTLx2560@0.79 MBVXx258@8.39 
Value: 10480.86
Sales: ESNCx2593@0.84 MBVXx258@8.39 KONEx624@3.16 MTLx2560@0.79 CREGx1721@1.24 
Purchases: SRSCx186@11.21 GRBKx318@6.59 WPCSx2495@0.84 TTMIx306@6.83 CEIx4277@0.49 

2014-09-24
Cash: 19.55
Held: WPCSx2495@0.84 GRBKx318@6.48 SRSCx186@11.42 TTMIx306@6.92 CEIx4277@0.45 
Value: 10342.75
Sales: SRSCx186@11.42 GRBKx318@6.48 WPCSx2495@0.84 TTMIx306@6.92 CEIx4277@0.45 
Purchases: CNETx376@5.50 ACURx608@3.40 SBOTx1681@1.23 OTIVx720@2.87 NVCNx358@5.77 

2014-09-25
Cash: 7.62
Held: CNETx376@6.62 NVCNx358@5.76 ACURx608@3.40 SBOTx1681@1.15 OTIVx720@2.94 
Value: 10677.50
Sales: CNETx376@6.62 ACURx608@3.40 SBOTx1681@1.15 OTIVx720@2.94 NVCNx358@5.76 
Purchases: CYTXx209@10.20 LLITx429@4.97 OMNx375@5.69 OHGIx1026@2.08 MBVXx300@7.10 

2014-09-28
Cash: 14.55
Held: OHGIx1026@2.25 LLITx429@4.92 OMNx375@5.67 CYTXx209@10.05 MBVXx300@6.90 
Value: 10730.81
Sales: CYTXx209@10.05 MBVXx300@6.90 LLITx429@4.92 OHGIx1026@2.25 OMNx375@5.67 
Purchases: IRMx67@31.66 OMEXx2439@0.88 LEUx2005@1.07 POWLx48@44.69 FINLx85@25.12 

2014-09-29
Cash: 37.21
Held: POWLx48@43.12 FINLx85@25.39 LEUx2005@10.00 OMEXx2439@0.95 IRMx67@32.59 
Value: 28816.72
Sales: IRMx67@32.59 OMEXx2439@0.95 FINLx85@25.39 POWLx48@43.12 LEUx2005@10.00 
Purchases: WMLPx7684@0.75 SRSCx611@9.42 DGLYx351@16.41 ELGXx533@10.81 AMCNx3311@1.74 

2014-09-30
Cash: 13.38
Held: AMCNx3311@1.73 SRSCx611@9.60 DGLYx351@15.53 ELGXx533@10.57 WMLPx7684@0.77 
Value: 28611.79
Sales: WMLPx7684@0.77 AMCNx3311@1.73 DGLYx351@15.53 ELGXx533@10.57 SRSCx611@9.60 
Purchases: EXELx3621@1.58 PDFSx454@12.60 IOTx971@5.89 UBRx141@40.50 XTLBx3406@1.68 

2014-10-01
Cash: 17.91
Held: XTLBx3406@1.67 IOTx971@5.82 UBRx141@39.25 PDFSx454@12.72 EXELx3621@1.52 
Value: 28167.97
Sales: EXELx3621@1.52 PDFSx454@12.72 IOTx971@5.82 UBRx141@39.25 XTLBx3406@1.67 
Purchases: CNETx733@7.68 FNCXx1656@3.40 JRJCx880@6.40 ADPx78@71.69 GROWx1642@3.43 

2014-10-02
Cash: 53.92
Held: CNETx733@7.88 ADPx78@73.56 FNCXx1656@3.21 GROWx1642@3.32 JRJCx880@6.12 
Value: 27722.86
Sales: CNETx733@7.88 FNCXx1656@3.21 GROWx1642@3.32 ADPx78@73.56 JRJCx880@6.12 
Purchases: GASLx262@21.12 NTNx19116@0.29 WAFDWx1326@4.18 LEUx749@7.40 CPRXx2037@2.72 

2014-10-05
Cash: 17.95
Held: CPRXx2037@2.75 WAFDWx1326@4.90 GASLx262@20.06 LEUx749@7.59 NTNx19116@0.34 
Value: 29557.32
Sales: LEUx749@7.59 WAFDWx1326@4.90 GASLx262@20.06 NTNx19116@0.34 CPRXx2037@2.75 
Purchases: UAMYx5277@1.12 INVTx3695@1.60 GBRx4729@1.25 MTLx5798@1.02 OHAIx970@6.09 

2014-10-06
Cash: 6.27
Held: INVTx3695@1.53 UAMYx5277@1.05 OHAIx970@6.16 GBRx4729@1.04 MTLx5798@0.95 
Value: 27603.37
Sales: UAMYx5277@1.05 INVTx3695@1.53 GBRx4729@1.04 MTLx5798@0.95 OHAIx970@6.16 
Purchases: SORLx1408@3.92 QBAKx4348@1.27 CLFx675@8.17 XTLBx2349@2.35 GOROx1189@4.64 

2014-10-07
Cash: 11.25
Held: XTLBx2349@2.20 SORLx1408@3.60 CLFx675@7.75 GOROx1189@4.35 QBAKx4348@1.27 
Value: 26170.65
Sales: SORLx1408@3.60 QBAKx4348@1.27 CLFx675@7.75 XTLBx2349@2.20 GOROx1189@4.35 
Purchases: CYTXx607@8.61 ACURx1744@3.00 UISx254@20.59 GBRx5080@1.03 CMCTx268@19.50 

2014-10-08
Cash: 22.15
Held: UISx254@20.17 ACURx1744@2.95 CMCTx268@19.23 GBRx5080@1.10 CYTXx607@7.42 
Value: 25535.15
Sales: CYTXx607@7.42 ACURx1744@2.95 UISx254@20.17 GBRx5080@1.10 CMCTx268@19.23 
Purchases: NAKx12770@0.40 VIIx2702@1.89 FPPx1611@3.17 ISSCx1810@2.82 CHCIx729@7.00 

2014-10-09
Cash: 8.06
Held: NAKx12770@0.41 VIIx2702@1.60 CHCIx729@6.93 ISSCx1810@2.79 FPPx1611@2.85 
Value: 24255.45
Sales: NAKx12770@0.41 VIIx2702@1.60 CHCIx729@6.93 ISSCx1810@2.79 FPPx1611@2.85 
Purchases: ARWRx708@6.85 PHXx187@25.91 ARCWx385@12.58 TPIVx8083@0.60 WPCSx7701@0.63 

2014-10-12
Cash: 16.18
Held: WPCSx7701@0.62 TPIVx8083@0.55 PHXx187@23.38 ARCWx385@10.11 ARWRx708@6.45 
Value: 22065.05
Sales: ARWRx708@6.45 WPCSx7701@0.62 ARCWx385@10.11 TPIVx8083@0.55 PHXx187@23.38 
Purchases: RTIXx1170@3.77 APHx96@45.81 IGCx6893@0.64 GASLx322@13.70 ISNSx1995@2.21 

2014-10-13
Cash: 21.01
Held: APHx96@45.84 GASLx322@11.20 ISNSx1995@2.06 RTIXx1170@3.67 IGCx6893@0.61 
Value: 20637.81
Sales: RTIXx1170@3.67 APHx96@45.84 IGCx6893@0.61 GASLx322@11.20 ISNSx1995@2.06 
Purchases: CNETx1063@3.88 BGIx4087@1.01 MNTAx412@10.00 ARCWx448@9.20 GTXIx9829@0.42 

2014-10-14
Cash: 15.13
Held: CNETx1063@4.50 GTXIx9829@0.45 MNTAx412@10.26 ARCWx448@8.24 BGIx4087@0.97 
Value: 21105.19
Sales: CNETx1063@4.50 MNTAx412@10.26 ARCWx448@8.24 GTXIx9829@0.45 BGIx4087@0.97 
Purchases: TPLx30@137.25 RBCNx1019@4.14 GASLx418@10.09 AHPIx938@4.50 OBCIx948@4.45 

2014-10-15
Cash: 110.34
Held: OBCIx948@3.96 TPLx30@132.00 GASLx418@11.37 AHPIx938@4.70 RBCNx1019@4.15 
Value: 21211.92
Sales: RBCNx1019@4.15 TPLx30@132.00 GASLx418@11.37 AHPIx938@4.70 OBCIx948@3.96 
Purchases: SNNx146@28.94 QVCAx177@23.94 SHPGx24@173.50 ENOCx327@12.95 CLMx984@4.31 

2014-10-16
Cash: 110.78
Held: SNNx146@30.28 ENOCx327@13.61 CLMx984@4.62 QVCAx177@23.78 SHPGx24@182.12 
Value: 22109.54
Sales: SNNx146@30.28 CLMx984@4.62 SHPGx24@182.12 ENOCx327@13.61 QVCAx177@23.78 
Purchases: TEARx1440@3.07 TRXx2443@1.81 QVCBx176@25.02 NUSx100@44.16 ARTWx834@5.30 

2014-10-19
Cash: 28.29
Held: ARTWx834@5.37 TRXx2443@1.75 QVCBx176@25.14 NUSx100@44.12 TEARx1440@3.16 
Value: 22170.91
Sales: TEARx1440@3.16 TRXx2443@1.75 QVCBx176@25.14 NUSx100@44.12 ARTWx834@5.37 
Purchases: TPIVx11672@0.38 MGHx13038@0.34 DPKx115@38.50 PBHCx448@9.89 URBNx150@29.55 

2014-10-20
Cash: 12.32
Held: DPKx115@37.03 TPIVx11672@0.35 PBHCx448@9.64 URBNx150@30.23 MGHx13038@0.37 
Value: 22036.99
Sales: MGHx13038@0.37 DPKx115@37.03 TPIVx11672@0.35 URBNx150@30.23 PBHCx448@9.64 
Purchases: CWEIx61@72.19 VSRx1259@3.50 REN           x242@18.16 RENx1213@3.63 LAKEx318@13.84 

2014-10-21
Cash: 26.70
Held: CWEIx61@75.38 VSRx1259@3.59 LAKEx318@14.71 REN           x242@18.91 RENx1213@3.78 
Value: 22981.86
Sales: CWEIx61@75.38 VSRx1259@3.59 REN           x242@18.91 RENx1213@3.78 LAKEx318@14.71 
Purchases: MPETx2553@1.80 AMCNx2127@2.16 EBR.Bx1209@3.80 VXXx140@32.69 DLHCx1774@2.59 

2014-10-22
Cash: 26.53
Held: AMCNx2127@2.13 VXXx140@33.34 DLHCx1774@2.55 MPETx2553@1.80 EBR.Bx1209@3.53 
Value: 22613.90
Sales: MPETx2553@1.80 AMCNx2127@2.13 EBR.Bx1209@3.53 VXXx140@33.34 DLHCx1774@2.55 
Purchases: ASPSx64@69.62 CETCx140@32.19 BAAx26597@0.17 ATx2018@2.24 OCNx236@19.12 

2014-10-23
Cash: 94.70
Held: BAAx26597@0.18 ASPSx64@71.88 ATx2018@2.32 OCNx236@19.45 CETCx140@28.70 
Value: 22775.36
Sales: CETCx140@28.70 ASPSx64@71.88 OCNx236@19.45 ATx2018@2.32 BAAx26597@0.18 
Purchases: CABx93@48.97 UTEKx264@17.23 TPIVx14691@0.31 CLBx35@128.50 SSKNx2384@1.91 

2014-10-26
Cash: 65.00
Held: UTEKx264@17.59 SSKNx2384@1.93 CLBx35@129.00 TPIVx14691@0.31 CABx93@49.09 
Value: 22945.92
Sales: CABx93@49.09 UTEKx264@17.59 SSKNx2384@1.93 CLBx35@129.00 TPIVx14691@0.31 
Purchases: IGCx5885@0.78 EGTx2549@1.80 HUBGx134@34.09 JAKKx706@6.50 SYNAx73@62.16 

2014-10-27
Cash: 74.21
Held: HUBGx134@35.16 JAKKx706@6.41 IGCx5885@0.77 EGTx2549@1.80 SYNAx73@63.22 
Value: 23044.96
Sales: IGCx5885@0.77 SYNAx73@63.22 HUBGx134@35.16 JAKKx706@6.41 EGTx2549@1.80 
Purchases: PDFSx380@12.11 DRRXx6066@0.76 IBIOx3415@1.35 IHTx1927@2.39 BASx365@12.62 

2014-10-28
Cash: 13.73
Held: DRRXx6066@0.76 IHTx1927@2.31 BASx365@12.69 PDFSx380@12.27 IBIOx3415@1.00 
Value: 21784.74
Sales: PDFSx380@12.27 DRRXx6066@0.76 BASx365@12.69 IHTx1927@2.31 IBIOx3415@1.00 
Purchases: DCOx169@25.69 ENGx3299@1.32 AXNx15021@0.29 APDNx764@5.70 PESx479@9.09 

2014-10-29
Cash: 21.05
Held: APDNx764@6.31 DCOx169@24.86 ENGx3299@1.30 PESx479@9.15 AXNx15021@0.30 
Value: 22219.24
Sales: DCOx169@24.86 PESx479@9.15 AXNx15021@0.30 APDNx764@6.31 ENGx3299@1.30 
Purchases: MPWRx106@41.72 LAYNx658@6.75 SBOTx3527@1.26 GIGAx2692@1.65 ZIOPx1456@3.05 

2014-10-30
Cash: 27.57
Held: GIGAx2692@1.66 LAYNx658@6.99 ZIOPx1456@3.16 MPWRx106@43.38 SBOTx3527@1.30 
Value: 22878.35
Sales: LAYNx658@6.99 MPWRx106@43.38 ZIOPx1456@3.16 GIGAx2692@1.66 SBOTx3527@1.30 
Purchases: ARAYx723@6.32 WNCx472@9.69 AFSIx204@22.41 GLUUx1240@3.69 HGGx802@5.70 

2014-11-02
Cash: 19.70
Held: WNCx472@10.44 GLUUx1240@3.85 AFSIx204@23.64 HGGx802@5.25 ARAYx723@6.34 
Value: 23336.61
Sales: ARAYx723@6.34 WNCx472@10.44 HGGx802@5.25 GLUUx1240@3.85 AFSIx204@23.64 
Purchases: AUYx1161@4.02 MGIx553@8.43 PPPx1376@3.39 CRNTx3590@1.30 TGDx4667@1.00 

2014-11-03
Cash: 9.51
Held: TGDx4667@1.02 PPPx1376@3.52 MGIx553@8.12 AUYx1161@4.01 CRNTx3590@1.26 
Value: 23279.51
Sales: AUYx1161@4.01 MGIx553@8.12 PPPx1376@3.52 CRNTx3590@1.26 TGDx4667@1.02 
Purchases: KBALx360@12.93 MGIx573@8.12 COYNx238@19.52 ISNSx2087@2.23 CEIx13298@0.35 

2014-11-04
Cash: 18.37
Held: KBALx360@12.77 ISNSx2087@2.13 MGIx573@8.45 CEIx13298@0.34 COYNx238@20.38 
Value: 23279.29
Sales: KBALx360@12.77 MGIx573@8.45 COYNx238@20.38 ISNSx2087@2.13 CEIx13298@0.34 
Purchases: NEOx973@4.78 APx242@19.22 PQx1199@3.88 GASLx429@10.84 CRKx94@49.34 

2014-11-05
Cash: 32.76
Held: GASLx429@11.66 NEOx973@4.76 APx242@18.81 CRKx94@49.41 PQx1199@4.01 
Value: 23673.31
Sales: CRKx94@49.41 NEOx973@4.76 PQx1199@4.01 GASLx429@11.66 APx242@18.81 
Purchases: AKSx762@6.21 SSRIx1183@4.00 ZAGGx937@5.05 GPLx7067@0.67 NWYx1821@2.60 

2014-11-06
Cash: 7.77
Held: ZAGGx937@5.19 SSRIx1183@4.44 NWYx1821@2.73 AKSx762@6.23 GPLx7067@0.73 
Value: 25004.87
Sales: AKSx762@6.23 SSRIx1183@4.44 ZAGGx937@5.19 GPLx7067@0.73 NWYx1821@2.73 
Purchases: WEBx338@14.79 UBNx368@13.56 GNWx590@8.47 CEIx18520@0.27 AMRIx314@15.90 

2014-11-09
Cash: 25.73
Held: AMRIx314@16.77 WEBx338@15.43 UBNx368@13.55 GNWx590@8.45 CEIx18520@0.30 
Value: 26034.87
Sales: WEBx338@15.43 UBNx368@13.55 AMRIx314@16.77 CEIx18520@0.30 GNWx590@8.45 
Purchases: CVOx399@13.04 AKRXx143@36.19 MSONx445@11.69 FNGNx165@31.53 GNWx615@8.45 

2014-11-10
Cash: 55.21
Held: CVOx399@11.76 FNGNx165@31.42 MSONx445@11.22 GNWx615@8.12 AKRXx143@36.03 
Value: 25068.07
Sales: MSONx445@11.22 CVOx399@11.76 AKRXx143@36.03 FNGNx165@31.42 GNWx615@8.12 
Purchases: RDNTx630@7.95 BVXx1392@3.60 AMSCx428@11.70 SUMRx2653@1.89 PLPCx100@49.81 

2014-11-11
Cash: 45.98
Held: AMSCx428@11.20 PLPCx100@49.81 RDNTx630@7.60 SUMRx2653@2.50 BVXx1392@3.57 
Value: 26213.53
Sales: RDNTx630@7.60 PLPCx100@49.81 AMSCx428@11.20 SUMRx2653@2.50 BVXx1392@3.57 
Purchases: RYNx200@26.20 REN           x403@13.00 RENx2016@2.60 SALMx673@7.78 GROWx1807@2.90 

2014-11-12
Cash: 15.30
Held: RYNx200@26.09 GROWx1807@2.90 REN           x403@12.50 SALMx673@7.99 RENx2016@2.50 
Value: 25928.67
Sales: RYNx200@26.09 REN           x403@12.50 RENx2016@2.50 GROWx1807@2.90 SALMx673@7.99 
Purchases: PLUGx1223@4.24 CLUBx875@5.92 CYRXx1029@5.04 NVGNx1912@2.71 SNGXx2833@1.83 

2014-11-13
Cash: 10.49
Held: NVGNx1912@2.54 CLUBx875@5.87 PLUGx1223@3.99 CYRXx1029@5.04 SNGXx2833@1.80 
Value: 25166.49
Sales: CLUBx875@5.87 PLUGx1223@3.99 CYRXx1029@5.04 NVGNx1912@2.54 SNGXx2833@1.80 
Purchases: CSIQx196@25.56 VTNRx981@5.13 DWSNx574@8.76 GHDXx154@32.59 MBVXx1438@3.50 

2014-11-16
Cash: 45.36
Held: GHDXx154@31.41 VTNRx981@5.00 CSIQx196@26.50 DWSNx574@8.61 MBVXx1438@3.28 
Value: 24638.33
Sales: CSIQx196@26.50 VTNRx981@5.00 DWSNx574@8.61 GHDXx154@31.41 MBVXx1438@3.28 
Purchases: IFONx3545@1.39 VRMLx3285@1.50 CRMDx3420@1.44 MOVx185@26.55 ABIOx799@6.16 

2014-11-17
Cash: 25.12
Held: MOVx185@26.31 IFONx3545@1.23 ABIOx799@6.16 CRMDx3420@1.53 VRMLx3285@1.34 
Value: 23811.83
Sales: IFONx3545@1.23 VRMLx3285@1.34 CRMDx3420@1.53 MOVx185@26.31 ABIOx799@6.16 
Purchases: CLNTx1294@3.68 AVDx405@11.74 ACYx560@8.49 INVTx5879@0.81 CEAx226@21.03 

2014-11-18
Cash: 23.71
Held: INVTx5879@0.89 AVDx405@11.01 CLNTx1294@3.94 ACYx560@8.40 CEAx226@21.59 
Value: 24395.95
Sales: AVDx405@11.01 CLNTx1294@3.94 INVTx5879@0.89 ACYx560@8.40 CEAx226@21.59 
Purchases: PEDx7283@0.67 CLBSx1031@4.73 CALIx4281@1.14 CADCx907@5.38 COOLx1161@4.20 

2014-11-19
Cash: 7.00
Held: CALIx4281@1.21 COOLx1161@3.54 PEDx7283@0.64 CLBSx1031@4.35 CADCx907@5.34 
Value: 23287.51
Sales: PEDx7283@0.64 CALIx4281@1.21 CADCx907@5.34 CLBSx1031@4.35 COOLx1161@3.54 
Purchases: CXDCx862@5.40 OTIVx2340@1.99 CLFx582@8.00 DXTRx7394@0.63 EGTx2616@1.78 

2014-11-20
Cash: 6.36
Held: CLFx582@9.55 OTIVx2340@1.65 DXTRx7394@0.59 EGTx2616@1.64 CXDCx862@5.50 
Value: 22816.18
Sales: CLFx582@9.55 OTIVx2340@1.65 CXDCx862@5.50 DXTRx7394@0.59 EGTx2616@1.64 
Purchases: OMEx417@10.93 CYANx713@6.40 RMTIx505@9.02 CEIx16899@0.27 LXRXx4802@0.95 

2014-11-23
Cash: 13.68
Held: RMTIx505@9.10 LXRXx4802@0.96 CYANx713@6.29 CEIx16899@0.27 OMEx417@10.75 
Value: 22749.61
Sales: OMEx417@10.75 CYANx713@6.29 RMTIx505@9.10 CEIx16899@0.27 LXRXx4802@0.96 
Purchases: FXPx94@47.97 WPCSx9099@0.50 OTIVx2791@1.63 YANGx325@13.97 TPIVx12293@0.37 

2014-11-24
Cash: 52.35
Held: WPCSx9099@0.51 FXPx94@48.12 TPIVx12293@0.39 OTIVx2791@1.65 YANGx325@14.01 
Value: 23166.19
Sales: YANGx325@14.01 WPCSx9099@0.51 OTIVx2791@1.65 FXPx94@48.12 TPIVx12293@0.39 
Purchases: CALXx441@10.49 LTBRx2327@1.99 PHMDx2438@1.90 AOBCx487@9.50 MBVXx1748@2.65 

2014-11-25
Cash: 15.32
Held: CALXx441@10.81 AOBCx487@9.66 LTBRx2327@2.00 PHMDx2438@1.83 MBVXx1748@2.50 
Value: 22971.96
Sales: CALXx441@10.81 LTBRx2327@2.00 MBVXx1748@2.50 AOBCx487@9.66 PHMDx2438@1.83 
Purchases: FNCXx1754@2.62 RVLTx3766@1.22 SPEXx3534@1.30 XRAx6959@0.66 PHMDx2510@1.83 

2014-11-27
Cash: 3.46
Held: RVLTx3766@1.32 XRAx6959@0.63 FNCXx1754@3.30 SPEXx3534@1.25 PHMDx2510@1.77 
Value: 24007.71
Sales: XRAx6959@0.63 PHMDx2510@1.77 RVLTx3766@1.32 SPEXx3534@1.25 FNCXx1754@3.30 
Purchases: ELTKx3288@1.46 OGENx5001@0.96 DSXx625@7.68 UAGx215@22.23 ERIIx980@4.90 

2014-11-30
Cash: 25.93
Held: ERIIx980@4.68 DSXx625@7.47 UAGx215@22.44 OGENx5001@0.95 ELTKx3288@1.44 
Value: 23592.11
Sales: ELTKx3288@1.44 OGENx5001@0.95 UAGx215@22.44 DSXx625@7.47 ERIIx980@4.68 
Purchases: TPLMx963@4.90 STOx245@19.19 PDSx733@6.43 FSMx1162@4.06 SDRLx326@14.46 

2014-12-01
Cash: 30.67
Held: PDSx733@6.39 STOx245@19.47 SDRLx326@13.97 FSMx1162@4.18 TPLMx963@4.50 
Value: 23228.95
Sales: TPLMx963@4.50 STOx245@19.47 PDSx733@6.39 FSMx1162@4.18 SDRLx326@13.97 
Purchases: SGYx302@15.38 REN           x530@8.75 RENx2654@1.75 GASLx767@6.05 RADAx1960@2.37 

2014-12-02
Cash: 16.88
Held: RADAx1960@2.44 GASLx767@6.01 REN           x530@10.00 SGYx302@15.51 RENx2654@2.00 
Value: 24700.55
Sales: SGYx302@15.51 REN           x530@10.00 RENx2654@2.00 GASLx767@6.01 RADAx1960@2.44 
Purchases: EXELx3455@1.43 MLSSx2482@1.99 PCYOx1123@4.40 GASLx821@6.01 SIEBx2256@2.19 

2014-12-03
Cash: 6.75
Held: MLSSx2482@1.98 GASLx821@5.89 SIEBx2256@2.19 EXELx3455@1.43 PCYOx1123@4.35 
Value: 24524.25
Sales: EXELx3455@1.43 MLSSx2482@1.98 PCYOx1123@4.35 GASLx821@5.89 SIEBx2256@2.19 
Purchases: CNETx1274@3.85 NOGx686@7.14 DSSx11148@0.44 CEIx28844@0.17 XKEx911@5.38 

2014-12-04
Cash: 11.99
Held: NOGx686@6.41 CNETx1274@3.78 DSSx11148@0.52 XKEx911@6.08 CEIx28844@0.16 
Value: 25174.55
Sales: CNETx1274@3.78 NOGx686@6.41 DSSx11148@0.52 CEIx28844@0.16 XKEx911@6.08 
Purchases: OPXAx6295@0.80 IKGHx3356@1.50 TBIOx3050@1.65 DESTx348@14.44 PTNx6538@0.77 

2014-12-07
Cash: 13.45
Held: OPXAx6295@0.83 PTNx6538@0.79 IKGHx3356@1.48 DESTx348@14.25 TBIOx3050@1.60 
Value: 25210.33
Sales: OPXAx6295@0.83 PTNx6538@0.79 TBIOx3050@1.60 DESTx348@14.25 IKGHx3356@1.48 
Purchases: CBKx1098@4.59 BDLx178@28.25 AVEOx7101@0.71 AEOx423@11.90 TCCOx996@5.06 

2014-12-08
Cash: 29.35
Held: AEOx423@12.39 AVEOx7101@0.60 CBKx1098@4.25 TCCOx996@4.80 BDLx178@28.80 
Value: 24105.80
Sales: CBKx1098@4.25 BDLx178@28.80 AVEOx7101@0.60 AEOx423@12.39 TCCOx996@4.80 
Purchases: RADAx1746@2.76 YTENx10714@0.45 FPPx2472@1.95 INFYx150@32.12 AXASx2034@2.37 

2014-12-09
Cash: 8.01
Held: AXASx2034@2.58 RADAx1746@2.78 YTENx10714@0.50 INFYx150@32.06 FPPx2472@2.14 
Value: 25566.54
Sales: FPPx2472@2.14 YTENx10714@0.50 INFYx150@32.06 RADAx1746@2.78 AXASx2034@2.58 
Purchases: SFLx353@14.47 VRTBx1181@4.33 AXNx20453@0.25 NOAx1473@3.47 CONNx240@21.27 

2014-12-10
Cash: 18.21
Held: NOAx1473@3.33 CONNx240@18.52 VRTBx1181@4.78 SFLx353@13.36 AXNx20453@0.27 
Value: 25252.39
Sales: SFLx353@13.36 VRTBx1181@4.78 AXNx20453@0.27 NOAx1473@3.33 CONNx240@18.52 
Purchases: PLGx9712@0.52 WCFBx670@7.53 LCIx119@42.38 DDEx5873@0.86 OIBR.Cx10746@0.47 

2014-12-11
Cash: 13.12
Held: OIBR.Cx10746@0.44 WCFBx670@7.40 DDEx5873@0.84 LCIx119@43.81 PLGx9712@0.52 
Value: 24894.20
Sales: PLGx9712@0.52 WCFBx670@7.40 LCIx119@43.81 DDEx5873@0.84 OIBR.Cx10746@0.44 
Purchases: MEIPx1241@4.01 YTENx15555@0.32 MINDx877@5.67 VTNRx1556@3.20 TCIx553@9.00 

2014-12-14
Cash: 7.77
Held: MEIPx1241@4.25 VTNRx1556@3.26 YTENx15555@0.34 TCIx553@9.38 MINDx877@5.85 
Value: 25964.80
Sales: MEIPx1241@4.25 VTNRx1556@3.26 MINDx877@5.85 YTENx15555@0.34 TCIx553@9.38 
Purchases: TGCx16748@0.31 HCCIx528@9.83 MEIx147@35.25 TDFx228@22.75 IOCx113@45.75 

2014-12-15
Cash: 44.19
Held: TDFx228@22.53 TGCx16748@0.25 IOCx113@44.59 HCCIx528@10.12 MEIx147@33.25 
Value: 24637.03
Sales: MEIx147@33.25 TGCx16748@0.25 HCCIx528@10.12 IOCx113@44.59 TDFx228@22.53 
Purchases: RCONx2346@2.10 SWZx434@11.33 QUMUx364@13.50 SPHSx9475@0.52 

2014-12-16
Cash: 4953.76
Held: RCONx2346@2.21 SPHSx9475@0.47 SWZx434@11.29 QUMUx364@13.60 
Value: 24444.01
Sales: RCONx2346@2.21 SWZx434@11.29 QUMUx364@13.60 SPHSx9475@0.47 
Purchases: FHx8729@0.56 ANTHx2809@1.74 SPHSx10402@0.47 CYCCx667@7.32 CEIx37604@0.13 

2014-12-17
Cash: 6.96
Held: ANTHx2809@1.74 SPHSx10402@0.50 FHx8729@0.59 CEIx37604@0.16 CYCCx667@9.00 
Value: 27265.95
Sales: FHx8729@0.59 CYCCx667@9.00 ANTHx2809@1.74 SPHSx10402@0.50 CEIx37604@0.16 
Purchases: TOPSx4959@1.10 WLDNx480@11.34 OIBR.Cx15576@0.35 HGSHx1327@4.11 MBVXx2726@2.00 

2014-12-18
Cash: 9.72
Held: TOPSx4959@1.05 WLDNx480@11.60 OIBR.Cx15576@0.40 HGSHx1327@4.02 MBVXx2726@2.20 
Value: 28342.32
Sales: MBVXx2726@2.20 OIBR.Cx15576@0.40 TOPSx4959@1.05 HGSHx1327@4.02 WLDNx480@11.60 
Purchases: TZAx454@12.47 DJPx181@31.23 SRTYx177@32.00 ERYx265@21.31 DUGx104@54.19 

2014-12-21
Cash: 80.77
Held: ERYx265@20.50 SRTYx177@31.59 DJPx181@31.05 DUGx104@52.31 TZAx454@12.29 
Value: 27744.59
Sales: TZAx454@12.29 DJPx181@31.05 SRTYx177@31.59 ERYx265@20.50 DUGx104@52.31 
Purchases: FINLx241@22.98 CHNRx2361@2.35 QBAKx4269@1.30 CEIx50451@0.11 WORx184@30.06 

2014-12-22
Cash: 28.69
Held: FINLx241@22.80 CHNRx2361@2.05 QBAKx4269@1.44 CEIx50451@0.14 WORx184@30.00 
Value: 29097.70
Sales: CHNRx2361@2.05 WORx184@30.00 FINLx241@22.80 CEIx50451@0.14 QBAKx4269@1.44 
Purchases: GPLx9697@0.60 OPTTx9697@0.60 VIIx3959@1.47 MRVCx610@9.53 CBMGx460@12.64 

2014-12-23
Cash: 12.01
Held: MRVCx610@10.79 VIIx3959@1.47 GPLx9697@0.58 CBMGx460@12.50 OPTTx9697@0.65 
Value: 30089.11
Sales: GPLx9697@0.58 OPTTx9697@0.65 VIIx3959@1.47 MRVCx610@10.79 CBMGx460@12.50 
Purchases: ADGEx10202@0.59 OCNx405@14.85 EXKx3085@1.95 MAGx923@6.52 ASPSx204@29.48 

2014-12-25
Cash: 7.95
Held: MAGx923@7.05 ADGEx10202@0.64 ASPSx204@33.94 OCNx405@14.88 EXKx3085@2.12 
Value: 32534.83
Sales: ASPSx204@33.94 OCNx405@14.88 EXKx3085@2.12 MAGx923@7.05 ADGEx10202@0.64 
Purchases: CEQPx9@705.00 ALNYx69@93.62 OGENx7230@0.90 GTXIx8236@0.79 GIGAx4427@1.47 

2014-12-28
Cash: 210.17
Held: GTXIx8236@0.77 CEQPx9@702.00 ALNYx69@98.00 GIGAx4427@1.58 OGENx7230@0.88 
Value: 32988.61
Sales: ALNYx69@98.00 CEQPx9@702.00 GTXIx8236@0.77 GIGAx4427@1.58 OGENx7230@0.88 
Purchases: DRAMx964@6.84 SZKx357@18.44 HMGx613@10.75 CUBAx720@9.16 AHCx614@10.74 

2014-12-29
Cash: 34.86
Held: HMGx613@10.95 DRAMx964@6.06 AHCx614@10.93 SZKx357@18.72 CUBAx720@9.43 
Value: 32772.41
Sales: DRAMx964@6.06 AHCx614@10.93 HMGx613@10.95 CUBAx720@9.43 SZKx357@18.72 
Purchases: SPPx4783@1.37 GFx464@14.12 NAVBx3833@1.71 CNITx1857@3.53 WPCSx22598@0.29 

2014-12-30
Cash: 6.27
Held: GFx464@14.03 WPCSx22598@0.29 SPPx4783@1.38 NAVBx3833@1.81 CNITx1857@3.52 
Value: 33142.91
Sales: SPPx4783@1.38 GFx464@14.03 NAVBx3833@1.81 WPCSx22598@0.29 CNITx1857@3.52 
Purchases: DRAMx1104@6.00 RGSEx13527@0.49 SHIPx8287@0.80 HAINx111@59.28 DSSx14731@0.45 

2015-01-01
Cash: 54.38
Held: SHIPx8287@0.83 RGSEx13527@0.49 DSSx14731@0.44 DRAMx1104@5.28 HAINx111@58.25 
Value: 32338.36
Sales: DRAMx1104@5.28 RGSEx13527@0.49 SHIPx8287@0.83 HAINx111@58.25 DSSx14731@0.44 
Purchases: LTBRx4093@1.58 RRCx122@53.00 NVGNx3007@2.15 CPHIx20859@0.31 CBAKx3553@1.82 

2015-01-04
Cash: 3.79
Held: NVGNx3007@2.18 LTBRx4093@1.64 CPHIx20859@0.31 RRCx122@54.59 CBAKx3553@1.73 
Value: 32545.50
Sales: LTBRx4093@1.64 RRCx122@54.59 NVGNx3007@2.18 CPHIx20859@0.31 CBAKx3553@1.73 
Purchases: DRAMx1315@4.95 MDXGx674@9.65 BLDPx3575@1.82 GNTXx367@17.73 IECx1361@4.78 

2015-01-05
Cash: 10.82
Held: DRAMx1315@5.13 IECx1361@4.75 GNTXx367@17.56 MDXGx674@9.38 BLDPx3575@1.80 
Value: 32423.83
Sales: DRAMx1315@5.13 MDXGx674@9.38 IECx1361@4.75 GNTXx367@17.56 BLDPx3575@1.80 
Purchases: ONVIx1441@4.50 REN           x1179@5.50 CELx903@7.18 RENx5897@1.10 PTNRx1518@4.27 

2015-01-06
Cash: 6.03
Held: CELx903@7.00 PTNRx1518@4.14 REN           x1179@5.25 RENx5897@1.05 ONVIx1441@4.57 
Value: 31578.77
Sales: PTNRx1518@4.14 REN           x1179@5.25 CELx903@7.00 RENx5897@1.05 ONVIx1441@4.57 
Purchases: PEDx15793@0.40 BTEx435@14.50 GASLx1891@3.34 UECx4021@1.57 ADGEx11083@0.57 

2015-01-07
Cash: 10.38
Held: BTEx435@14.34 PEDx15793@0.38 ADGEx11083@0.56 GASLx1891@3.10 UECx4021@1.50 
Value: 30349.39
Sales: BTEx435@14.34 PEDx15793@0.38 GASLx1891@3.10 UECx4021@1.50 ADGEx11083@0.56 
Purchases: QADBx371@16.34 CHNRx2733@2.22 JOBx4497@1.35 BCLIx1189@5.10 HBIOx1201@5.05 

2015-01-08
Cash: 15.74
Held: JOBx4497@1.30 QADBx371@16.73 CHNRx2733@2.22 BCLIx1189@4.61 HBIOx1201@5.06 
Value: 29694.51
Sales: QADBx371@16.73 CHNRx2733@2.22 JOBx4497@1.30 BCLIx1189@4.61 HBIOx1201@5.06 
Purchases: MNGAx12636@0.47 APOLx217@27.31 REN           x1397@4.25 CGNTx2047@2.90 INFIx415@14.29 

2015-01-11
Cash: 24.84
Held: MNGAx12636@0.50 INFIx415@14.81 CGNTx2047@3.15 REN           x1397@4.06 APOLx217@26.94 
Value: 30454.17
Sales: MNGAx12636@0.50 APOLx217@26.94 REN           x1397@4.06 CGNTx2047@3.15 INFIx415@14.81 
Purchases: SBLKx1193@5.10 RTx974@6.25 INVTx10149@0.60 AOIx42@142.00 CALIx5033@1.21 

2015-01-12
Cash: 136.38
Held: CALIx5033@1.17 INVTx10149@0.60 RTx974@6.46 AOIx42@128.00 SBLKx1193@5.06 
Value: 29818.84
Sales: RTx974@6.46 CALIx5033@1.17 INVTx10149@0.60 SBLKx1193@5.06 AOIx42@128.00 
Purchases: SCHNx333@17.91 TIFx66@89.69 JOBx5423@1.10 TESOx611@9.75 VNDAx485@12.28 

2015-01-13
Cash: 59.85
Held: JOBx5423@0.99 SCHNx333@17.34 TESOx611@9.67 TIFx66@85.50 VNDAx485@11.87 
Value: 28513.46
Sales: SCHNx333@17.34 JOBx5423@0.99 TESOx611@9.67 TIFx66@85.50 VNDAx485@11.87 
Purchases: FFBCWx1033@5.52 ECOM          x592@9.63 REXXx2128@2.68 LINKx385@14.80 OIBR.Cx2437@2.34 

2015-01-14
Cash: 7.79
Held: ECOM          x592@9.88 FFBCWx1033@5.55 OIBR.Cx2437@2.16 LINKx385@14.90 REXXx2128@2.75 
Value: 28444.57
Sales: FFBCWx1033@5.55 ECOM          x592@9.88 REXXx2128@2.75 LINKx385@14.90 OIBR.Cx2437@2.16 
Purchases: HBMx827@6.88 FCXx298@19.08 KBHx419@13.57 MBVXx4062@1.40 OCNx805@7.06 

2015-01-15
Cash: 13.92
Held: HBMx827@6.91 KBHx419@12.35 FCXx298@18.62 OCNx805@7.78 MBVXx4062@1.30 
Value: 27997.88
Sales: HBMx827@6.91 FCXx298@18.62 KBHx419@12.35 MBVXx4062@1.30 OCNx805@7.78 
Purchases: FPAYx10184@0.55 EDUCx1191@4.70 IGCx9029@0.62 BBYx162@34.38 EHTHx613@9.13 

2015-01-19
Cash: 35.70
Held: BBYx162@35.12 EDUCx1191@4.49 EHTHx613@10.04 FPAYx10184@0.80 IGCx9029@0.63 
Value: 31057.86
Sales: FPAYx10184@0.80 EDUCx1191@4.49 IGCx9029@0.63 BBYx162@35.12 EHTHx613@10.04 
Purchases: KEGx4435@1.40 SZKx322@19.23 SRNEx662@9.38 MFCBx1185@5.24 MNGAx9272@0.67 

2015-01-20
Cash: 23.36
Held: MNGAx9272@0.63 MFCBx1185@4.90 SZKx322@25.27 KEGx4435@1.33 SRNEx662@10.05 
Value: 32353.74
Sales: KEGx4435@1.33 MNGAx9272@0.63 SRNEx662@10.05 MFCBx1185@4.90 SZKx322@25.27 
Purchases: HKx5884@1.10 EVKx1065@6.07 CPLx497@13.01 BISx160@40.38 ESNCx10610@0.61 

2015-01-21
Cash: 23.22
Held: EVKx1065@6.22 ESNCx10610@0.61 HKx5884@1.27 CPLx497@13.82 BISx160@40.81 
Value: 33985.46
Sales: ESNCx10610@0.61 EVKx1065@6.22 CPLx497@13.82 BISx160@40.81 HKx5884@1.27 
Purchases: LLITx2480@2.74 YTENx16186@0.42 SNOAx8290@0.82 KIQx1822@3.73 INWKx1320@5.15 

2015-01-22
Cash: 3.63
Held: SNOAx8290@0.79 YTENx16186@0.43 LLITx2480@2.71 INWKx1320@5.50 KIQx1822@4.24 
Value: 35217.20
Sales: LLITx2480@2.71 YTENx16186@0.43 SNOAx8290@0.79 KIQx1822@4.24 INWKx1320@5.50 
Purchases: ADXSx946@7.44 SZKx376@18.70 RCONx4856@1.45 OHRPx882@7.98 MFCBx1608@4.38 

2015-01-25
Cash: 23.05
Held: RCONx4856@1.35 ADXSx946@7.77 MFCBx1608@4.35 OHRPx882@7.80 SZKx376@26.42 
Value: 37738.96
Sales: ADXSx946@7.77 SZKx376@26.42 RCONx4856@1.35 OHRPx882@7.80 MFCBx1608@4.35 
Purchases: OMEXx9092@0.83 TZOOx822@9.17 GENEx6288@1.20 CPLx595@12.68 MTx804@9.38 

2015-01-26
Cash: 17.58
Held: MTx804@9.51 GENEx6288@1.38 OMEXx9092@0.91 CPLx595@12.87 TZOOx822@8.98 
Value: 39648.42
Sales: OMEXx9092@0.91 MTx804@9.51 GENEx6288@1.38 CPLx595@12.87 TZOOx822@8.98 
Purchases: SBSx1602@4.95 GOGLx1798@4.41 SRVx1897@4.18 MFRIx1376@5.76 MPXx1150@6.89 

2015-01-27
Cash: 9.10
Held: MPXx1150@7.24 SRVx1897@4.20 SBSx1602@5.22 MFRIx1376@5.89 GOGLx1798@4.50 
Value: 40855.98
Sales: SBSx1602@5.22 GOGLx1798@4.50 SRVx1897@4.20 MFRIx1376@5.89 MPXx1150@7.24 
Purchases: CLFx1200@6.81 BDRx4234@1.93 OCNx1212@6.74 MSFTx191@42.75 STAAx1408@5.80 

2015-01-28
Cash: 15.82
Held: CLFx1200@6.64 MSFTx191@40.94 OCNx1212@6.59 STAAx1408@5.70 BDRx4234@1.75 
Value: 39224.52
Sales: CLFx1200@6.64 STAAx1408@5.70 BDRx4234@1.75 MSFTx191@40.94 OCNx1212@6.59 
Purchases: PEDx13767@0.57 YTENx19138@0.41 COOLx1005@7.80 EZPWx754@10.40 STRLx2006@3.91 

2015-01-29
Cash: 10.88
Held: EZPWx754@10.31 STRLx2006@3.74 COOLx1005@5.46 YTENx19138@0.43 PEDx13767@0.54 
Value: 36440.40
Sales: PEDx13767@0.54 YTENx19138@0.43 COOLx1005@5.46 EZPWx754@10.31 STRLx2006@3.74 
Purchases: BIOPx13495@0.54 DHXx847@8.60 CGNTx3036@2.40 THMx15507@0.47 GASLx2759@2.64 

2015-02-01
Cash: 6.15
Held: DHXx847@8.30 CGNTx3036@2.38 GASLx2759@2.95 THMx15507@0.48 BIOPx13495@0.48 
Value: 36319.18
Sales: THMx15507@0.48 BIOPx13495@0.48 CGNTx3036@2.38 GASLx2759@2.95 DHXx847@8.30 
Purchases: SIDx4780@1.52 MPETx9685@0.75 HAx362@20.02 OHGIx4874@1.49 DECKx107@67.31 

2015-02-02
Cash: 80.57
Held: HAx362@19.16 OHGIx4874@1.65 MPETx9685@0.78 SIDx4780@1.66 DECKx107@69.38 
Value: 37970.03
Sales: MPETx9685@0.78 HAx362@19.16 DECKx107@69.38 OHGIx4874@1.65 SIDx4780@1.66 
Purchases: WMLPx827@9.18 SHIPx10258@0.74 WPCSx29206@0.26 GLBSx4105@1.85 SCOx94@80.19 

2015-02-03
Cash: 60.99
Held: WPCSx29206@0.24 SHIPx10258@0.72 SCOx94@77.62 GLBSx4105@1.80 WMLPx827@9.52 
Value: 37018.93
Sales: WMLPx827@9.52 SHIPx10258@0.72 WPCSx29206@0.24 GLBSx4105@1.80 SCOx94@77.62 
Purchases: FSIx6168@1.20 ICIx176@41.88 PSTIx2518@2.94 SHIPx10279@0.72 KONEx1766@4.19 

2015-02-04
Cash: 39.48
Held: SHIPx10279@0.82 PSTIx2518@2.91 FSIx6168@1.27 KONEx1766@4.17 ICIx176@41.88 
Value: 38362.22
Sales: ICIx176@41.88 FSIx6168@1.27 SHIPx10279@0.82 PSTIx2518@2.91 KONEx1766@4.17 
Purchases: UBNx805@9.52 PHMDx4855@1.58 CBLIx2360@3.25 RSYSx3996@1.92 PHTx529@14.48 

2015-02-05
Cash: 24.47
Held: CBLIx2360@3.10 UBNx805@9.75 PHMDx4855@1.64 PHTx529@13.99 RSYSx3996@1.91 
Value: 38183.64
Sales: RSYSx3996@1.91 CBLIx2360@3.10 PHTx529@13.99 UBNx805@9.75 PHMDx4855@1.64 
Purchases: HSNIx117@65.06 FNCXx3291@2.32 SGCx410@18.59 DXRx1276@5.98 GEOSx325@23.48 

2015-02-08
Cash: 48.24
Held: HSNIx117@64.75 FNCXx3291@2.17 GEOSx325@21.62 SGCx410@18.44 DXRx1276@5.75 
Value: 36689.70
Sales: HSNIx117@64.75 FNCXx3291@2.17 GEOSx325@21.62 SGCx410@18.44 DXRx1276@5.75 
Purchases: FARMx302@24.22 CASMx5603@1.31 FFHLx13587@0.54 OHGIx3261@2.25 HGSHx2314@3.17 

2015-02-09
Cash: 28.16
Held: FARMx302@23.77 OHGIx3261@1.90 CASMx5603@1.26 FFHLx13587@0.64 HGSHx2314@3.36 
Value: 36932.15
Sales: FARMx302@23.77 CASMx5603@1.26 FFHLx13587@0.64 OHGIx3261@1.90 HGSHx2314@3.36 
Purchases: FSCx1038@7.11 NTGRx243@30.30 UPWx72@101.19 ARCWx1145@6.45 EGOVx475@15.54 

2015-02-10
Cash: 139.57
Held: NTGRx243@30.67 UPWx72@102.88 FSCx1038@6.85 EGOVx475@15.71 ARCWx1145@6.40 
Value: 36900.66
Sales: NTGRx243@30.67 EGOVx475@15.71 FSCx1038@6.85 ARCWx1145@6.40 UPWx72@102.88 
Purchases: CYOUx303@24.30 NILEx266@27.70 AOIx76@96.00 OHGIx4145@1.78 OAx118@62.22 

2015-02-11
Cash: 152.63
Held: OAx118@62.00 OHGIx4145@1.95 AOIx76@98.00 NILEx266@29.41 CYOUx303@24.98 
Value: 38392.52
Sales: AOIx76@98.00 CYOUx303@24.98 OHGIx4145@1.95 OAx118@62.00 NILEx266@29.41 
Purchases: CGAx3858@1.99 KEGx3554@2.16 RCONx3783@2.03 LGCYx594@12.91 TTIx1479@5.19 

2015-02-12
Cash: 15.77
Held: TTIx1479@5.10 RCONx3783@2.02 KEGx3554@2.16 LGCYx594@13.68 CGAx3858@1.94 
Value: 38489.97
Sales: KEGx3554@2.16 CGAx3858@1.94 TTIx1479@5.10 LGCYx594@13.68 RCONx3783@2.02 
Purchases: FHx9624@0.80 RCONx3811@2.02 PNRAx48@158.12 AXPx96@79.44 MBVXx7332@1.05 

2015-02-16
Cash: 183.05
Held: RCONx3811@2.26 AXPx96@77.19 FHx9624@0.82 MBVXx7332@0.88 PNRAx48@155.62 
Value: 38016.31
Sales: FHx9624@0.82 RCONx3811@2.26 PNRAx48@155.62 AXPx96@77.19 MBVXx7332@0.88 
Purchases: RYNx277@27.38 SZKx422@18.00 PRANx6283@1.21 TISAx2452@3.10 DFBGx25340@0.30 

2015-02-17
Cash: 31.77
Held: RYNx277@27.23 SZKx422@18.03 TISAx2452@3.18 DFBGx25340@0.22 PRANx6283@1.14 
Value: 35715.94
Sales: RYNx277@27.23 SZKx422@18.03 PRANx6283@1.14 DFBGx25340@0.22 TISAx2452@3.18 
Purchases: RGSEx24628@0.29 KGCx2634@2.71 RVPx1594@4.48 CECOx1400@5.10 PRANx6267@1.14 

2015-02-18
Cash: 6.02
Held: RVPx1594@4.26 RGSEx24628@0.34 CECOx1400@5.08 KGCx2634@2.80 PRANx6267@1.10 
Value: 36552.76
Sales: RGSEx24628@0.34 KGCx2634@2.80 RVPx1594@4.26 CECOx1400@5.08 PRANx6267@1.10 
Purchases: UUUx1315@5.56 GLBSx4539@1.61 CADCx1804@4.05 FOSLx87@83.75 DFBGx38488@0.19 

2015-02-19
Cash: 29.50
Held: UUUx1315@5.02 GLBSx4539@1.65 CADCx1804@4.06 DFBGx38488@0.20 FOSLx87@84.88 
Value: 36522.86
Sales: UUUx1315@5.02 FOSLx87@84.88 CADCx1804@4.06 GLBSx4539@1.65 DFBGx38488@0.20 
Purchases: GTSx352@20.73 RCONx4399@1.66 ROSGx2001@3.65 CEIx27052@0.27 GENEx849@8.60 

2015-02-22
Cash: 9.61
Held: RCONx4399@1.72 GENEx849@6.15 GTSx352@18.39 CEIx27052@0.27 ROSGx2001@3.60 
Value: 33775.59
Sales: RCONx4399@1.72 GENEx849@6.15 ROSGx2001@3.60 CEIx27052@0.27 GTSx352@18.39 
Purchases: ABACx1075@6.28 MNGAx7946@0.85 KONEx2004@3.37 OESXx1830@3.69 RNVAx5726@1.18 

2015-02-23
Cash: 10.03
Held: ABACx1075@6.28 MNGAx7946@0.85 KONEx2004@3.54 RNVAx5726@1.17 OESXx1830@3.64 
Value: 33970.84
Sales: ABACx1075@6.28 RNVAx5726@1.17 KONEx2004@3.54 OESXx1830@3.64 MNGAx7946@0.85 
Purchases: BWENx1380@4.92 UEICx119@56.88 GEN           x999@6.80 GENx999@6.80 LODEx9178@0.74 

2015-02-24
Cash: 28.70
Held: UEICx119@55.31 GEN           x999@7.12 GENx999@7.12 BWENx1380@4.60 LODEx9178@0.72 
Value: 33799.12
Sales: BWENx1380@4.60 UEICx119@55.31 GEN           x999@7.12 GENx999@7.12 LODEx9178@0.72 
Purchases: SGOCx17337@0.39 SEEDx5542@1.22 VISNx557@12.13 DXTRx12759@0.53 EHTHx696@9.71 

2015-02-25
Cash: 3.51
Held: SGOCx17337@0.45 EHTHx696@9.65 VISNx557@14.50 DXTRx12759@0.58 SEEDx5542@1.24 
Value: 36870.72
Sales: SGOCx17337@0.45 SEEDx5542@1.24 VISNx557@14.50 DXTRx12759@0.58 EHTHx696@9.65 
Purchases: BBGx705@10.45 AXNx5853@1.26 GBRx5382@1.37 GLDDx1179@6.25 HVTx318@23.12 

2015-02-26
Cash: 31.39
Held: BBGx705@10.01 HVTx318@23.05 AXNx5853@1.23 GBRx5382@1.45 GLDDx1179@6.13 
Value: 36648.67
Sales: BBGx705@10.01 GBRx5382@1.45 AXNx5853@1.23 HVTx318@23.05 GLDDx1179@6.13 
Purchases: LLx149@48.94 GMOx16660@0.44 IBIOx8053@0.91 CEIx27145@0.27 XKEx1192@6.15 

2015-03-01
Cash: 39.45
Held: GMOx16660@0.43 XKEx1192@6.13 IBIOx8053@1.04 CEIx27145@0.25 LLx149@38.25 
Value: 35368.70
Sales: LLx149@38.25 GMOx16660@0.43 IBIOx8053@1.04 CEIx27145@0.25 XKEx1192@6.13 
Purchases: SZKx399@17.70 ENOCx527@13.42 VISNx555@12.74 GENEx1223@5.78 IPSx172@41.12 

2015-03-02
Cash: 15.94
Held: GENEx1223@5.76 ENOCx527@12.81 VISNx555@12.54 IPSx172@41.12 SZKx399@24.81 
Value: 37747.58
Sales: ENOCx527@12.81 SZKx399@24.81 GENEx1223@5.76 VISNx555@12.54 IPSx172@41.12 
Purchases: HLFx248@30.41 STAAx1103@6.84 DWSNx1471@5.13 ABIOx1463@5.16 WTWx700@10.78 

2015-03-03
Cash: 21.68
Held: HLFx248@31.03 WTWx700@10.60 DWSNx1471@5.10 ABIOx1463@4.90 STAAx1103@7.74 
Value: 38344.66
Sales: HLFx248@31.03 STAAx1103@7.74 DWSNx1471@5.10 ABIOx1463@4.90 WTWx700@10.60 
Purchases: VRTBx2316@3.31 PRIMx449@17.06 IBIOx8336@0.92 PSCDx144@53.00 BAAx36525@0.21 

2015-03-04
Cash: 47.08
Held: VRTBx2316@3.31 BAAx36525@0.21 PRIMx449@17.81 PSCDx144@52.88 IBIOx8336@0.84 
Value: 37995.88
Sales: VRTBx2316@3.31 PRIMx449@17.81 IBIOx8336@0.84 PSCDx144@52.88 BAAx36525@0.21 
Purchases: NJRx252@30.06 BOBEx163@46.34 SKLNx1684@4.51 SUNWx2338@3.25 CYCCx575@13.20 

2015-03-05
Cash: 78.07
Held: BOBEx163@47.59 SKLNx1684@4.99 SUNWx2338@3.20 NJRx252@29.89 CYCCx575@12.60 
Value: 38494.22
Sales: NJRx252@29.89 BOBEx163@47.59 SKLNx1684@4.99 SUNWx2338@3.20 CYCCx575@12.60 
Purchases: STRLx3194@2.41 PHMDx4184@1.84 FSTRx205@37.44 CDIx539@14.28 SUNWx2406@3.20 

2015-03-08
Cash: 28.68
Held: STRLx3194@2.60 SUNWx2406@3.24 PHMDx4184@1.89 FSTRx205@37.25 CDIx539@14.02 
Value: 39229.00
Sales: FSTRx205@37.25 PHMDx4184@1.89 SUNWx2406@3.24 CDIx539@14.02 STRLx3194@2.60 
Purchases: BORNx6762@1.16 YTENx9451@0.83 IFMIx4813@1.63 GEFx212@36.91 CRKx323@24.25 

2015-03-09
Cash: 37.46
Held: IFMIx4813@1.59 YTENx9451@0.77 GEFx212@36.12 CRKx323@22.50 BORNx6762@1.16 
Value: 37737.81
Sales: CRKx323@22.50 YTENx9451@0.77 IFMIx4813@1.59 GEFx212@36.12 BORNx6762@1.16 
Purchases: HURCx261@28.86 HKx4388@1.72 AQNx1179@6.40 MDSYx3398@2.22 ERIIx2694@2.80 

2015-03-10
Cash: 24.34
Held: ERIIx2694@2.66 HKx4388@1.60 MDSYx3398@2.52 HURCx261@29.06 AQNx1179@6.93 
Value: 38526.67
Sales: HURCx261@29.06 HKx4388@1.60 MDSYx3398@2.52 AQNx1179@6.93 ERIIx2694@2.66 
Purchases: OPXAx10853@0.71 UBMx639@12.05 TITNx630@12.23 GBRx5136@1.50 AVEOx5242@1.47 

2015-03-11
Cash: 12.47
Held: OPXAx10853@0.68 AVEOx5242@1.47 TITNx630@12.28 UBMx639@14.77 GBRx5136@1.51 
Value: 40030.29
Sales: OPXAx10853@0.68 UBMx639@14.77 TITNx630@12.28 GBRx5136@1.51 AVEOx5242@1.47 
Purchases: BIOSx2306@3.47 TEUMx17405@0.46 ROLx355@22.50 GOGLx1972@4.06 PRTSx2942@2.72 

2015-03-12
Cash: 25.87
Held: TEUMx17405@0.49 PRTSx2942@2.74 GOGLx1972@4.09 ROLx355@22.55 BIOSx2306@3.82 
Value: 41494.88
Sales: PRTSx2942@2.74 TEUMx17405@0.49 ROLx355@22.55 GOGLx1972@4.09 BIOSx2306@3.82 
Purchases: LAYNx1542@5.38 ASTCx2406@3.45 JOBx7753@1.07 BVXx3345@2.48 SALMx1306@6.35 

2015-03-15
Cash: 11.34
Held: ASTCx2406@3.27 JOBx7753@1.08 SALMx1306@6.22 LAYNx1542@5.06 BVXx3345@2.59 
Value: 40836.75
Sales: LAYNx1542@5.06 JOBx7753@1.08 ASTCx2406@3.27 SALMx1306@6.22 BVXx3345@2.59 
Purchases: EXELx3092@2.64 GALEx5631@1.45 MDGLx3505@2.33 MTLx5751@1.42 VRMLx4919@1.66 

2015-03-16
Cash: 6.68
Held: GALEx5631@1.40 MDGLx3505@2.34 EXELx3092@2.62 VRMLx4919@1.83 MTLx5751@1.14 
Value: 39748.09
Sales: EXELx3092@2.62 GALEx5631@1.40 MDGLx3505@2.34 MTLx5751@1.14 VRMLx4919@1.83 
Purchases: SIEBx4848@1.64 PRTSx3369@2.36 CTICx39@200.00 PKOHx162@48.84 MXCx1653@4.81 

2015-03-17
Cash: 189.04
Held: PKOHx162@50.12 CTICx39@194.00 PRTSx3369@2.18 SIEBx4848@1.68 MXCx1653@4.90 
Value: 39458.90
Sales: PRTSx3369@2.18 MXCx1653@4.90 CTICx39@194.00 PKOHx162@50.12 SIEBx4848@1.68 
Purchases: PFIEx5557@1.42 SCONx5759@1.37 MDSYx3507@2.25 CURx254@31.06 SALMx1399@5.64 

2015-03-18
Cash: 6.03
Held: PFIEx5557@1.37 SALMx1399@6.06 MDSYx3507@2.20 SCONx5759@1.48 CURx254@28.59 
Value: 39597.24
Sales: PFIEx5557@1.37 SCONx5759@1.48 MDSYx3507@2.20 SALMx1399@6.06 CURx254@28.59 
Purchases: WGx2788@2.84 RDNTx1024@7.73 EGYx2378@3.33 WGBSx1984@3.99 JNPx1222@6.48 

2015-03-19
Cash: 9.07
Held: JNPx1222@7.36 WGx2788@3.10 WGBSx1984@4.09 RDNTx1024@7.65 EGYx2378@3.29 
Value: 41411.58
Sales: WGx2788@3.10 RDNTx1024@7.65 EGYx2378@3.29 JNPx1222@7.36 WGBSx1984@4.09 
Purchases: TBIOx5672@1.46 NVGNx2050@4.04 AXNx4428@1.87 DGICBx385@21.50 SQMx462@17.91 

2015-03-22
Cash: 19.54
Held: DGICBx385@22.05 NVGNx2050@3.80 AXNx4428@1.75 TBIOx5672@1.50 SQMx462@19.00 
Value: 41334.18
Sales: TBIOx5672@1.50 NVGNx2050@3.80 AXNx4428@1.75 SQMx462@19.00 DGICBx385@22.05 
Purchases: AMRNx3306@2.50 NLSTx6613@1.25 EWVx164@50.25 CAPRx896@9.22 CATOx215@38.31 

2015-03-23
Cash: 64.75
Held: AMRNx3306@2.39 CAPRx896@9.63 CATOx215@38.22 NLSTx6613@1.29 EWVx164@51.00 
Value: 41711.21
Sales: AMRNx3306@2.39 NLSTx6613@1.29 EWVx164@51.00 CAPRx896@9.63 CATOx215@38.22 
Purchases: MEIPx4067@2.05 YTENx13452@0.62 SITOx29790@0.28 HALOx591@14.09 FNCXx5525@1.51 

2015-03-24
Cash: 15.94
Held: MEIPx4067@1.99 HALOx591@14.00 YTENx13452@0.66 FNCXx5525@1.54 SITOx29790@0.29 
Value: 42413.62
Sales: MEIPx4067@1.99 YTENx13452@0.66 SITOx29790@0.29 HALOx591@14.00 FNCXx5525@1.54 
Purchases: TRXx22329@0.38 SONSx972@8.72 COYNx678@12.50 CPRXx1995@4.25 JRJCx1827@4.64 

2015-03-25
Cash: 24.42
Held: CPRXx1995@3.99 TRXx22329@0.35 JRJCx1827@4.80 SONSx972@8.32 COYNx678@12.75 
Value: 41305.14
Sales: COYNx678@12.75 TRXx22329@0.35 SONSx972@8.32 JRJCx1827@4.80 CPRXx1995@3.99 
Purchases: IIJIx972@8.49 CECOx1645@5.02 LEUx1665@4.96 RADAx3214@2.57 VRMLx4773@1.73 

2015-03-26
Cash: 13.13
Held: RADAx3214@2.46 CECOx1645@5.04 IIJIx972@8.15 LEUx1665@5.00 VRMLx4773@1.92 
Value: 41620.91
Sales: IIJIx972@8.15 VRMLx4773@1.92 CECOx1645@5.04 RADAx3214@2.46 LEUx1665@5.00 
Purchases: MGAx158@52.38 SONCx260@32.00 COx1502@5.54 SCMPx588@14.14 APOLx435@19.09 

2015-03-29
Cash: 85.52
Held: COx1502@5.72 SCMPx588@14.66 SONCx260@32.44 APOLx435@19.28 MGAx158@52.12 
Value: 42349.80
Sales: MGAx158@52.12 APOLx435@19.28 SONCx260@32.44 COx1502@5.72 SCMPx588@14.66 
Purchases: CHNRx5393@1.57 BBDx962@8.80 OHRPx2992@2.83 WRLDx113@74.94 MBVXx5430@1.56 

2015-03-30
Cash: 14.51
Held: BBDx962@9.05 OHRPx2992@2.83 WRLDx113@74.12 CHNRx5393@1.61 MBVXx5430@1.86 
Value: 44347.66
Sales: CHNRx5393@1.61 WRLDx113@74.12 BBDx962@9.05 OHRPx2992@2.83 MBVXx5430@1.86 
Purchases: SKYx2548@3.48 GILx300@29.55 ADMPx2340@3.79 ASMx6717@1.32 DGSEx5837@1.52 

2015-03-31
Cash: 10.92
Held: DGSEx5837@1.53 GILx300@29.59 SKYx2548@3.56 ASMx6717@1.38 ADMPx2340@4.00 
Value: 45522.19
Sales: ADMPx2340@4.00 GILx300@29.59 SKYx2548@3.56 ASMx6717@1.38 DGSEx5837@1.53 
Purchases: WWEx649@14.02 BRNx3808@2.39 SSNx6368@1.43 ARCWx1730@5.26 CNETx2276@4.00 

2015-04-01
Cash: 6.46
Held: SSNx6368@1.40 CNETx2276@3.82 BRNx3808@2.48 ARCWx1730@5.00 WWEx649@13.75 
Value: 44638.55
Sales: CNETx2276@3.82 BRNx3808@2.48 SSNx6368@1.40 ARCWx1730@5.00 WWEx649@13.75 
Purchases: IMNPx5130@1.74 TEUMx23501@0.38 TKCx784@11.38 ARCIx4463@2.00 BDRx9201@0.97 

2015-04-05
Cash: 6.45
Held: TEUMx23501@0.39 TKCx784@11.45 IMNPx5130@1.80 ARCIx4463@2.05 BDRx9201@0.96 
Value: 45366.80
Sales: IMNPx5130@1.80 TEUMx23501@0.39 TKCx784@11.45 BDRx9201@0.96 ARCIx4463@2.05 
Purchases: VTNRx3239@2.80 CGNTx5401@1.68 SHLDx221@40.97 HHx19726@0.46 WLDNx682@13.29 

2015-04-06
Cash: 32.66
Held: VTNRx3239@2.53 WLDNx682@14.21 HHx19726@0.49 SHLDx221@41.53 CGNTx5401@1.48 
Value: 44756.87
Sales: CGNTx5401@1.48 VTNRx3239@2.53 SHLDx221@41.53 HHx19726@0.49 WLDNx682@14.21 
Purchases: CRMDx1019@8.78 JOBx11050@0.81 RPRXx1050@8.52 SUNWx2047@4.37 CTSOx1201@7.45 

2015-04-07
Cash: 13.88
Held: JOBx11050@0.85 RPRXx1050@8.37 SUNWx2047@4.21 CTSOx1201@8.55 CRMDx1019@9.20 
Value: 46455.58
Sales: CRMDx1019@9.20 JOBx11050@0.85 RPRXx1050@8.37 SUNWx2047@4.21 CTSOx1201@8.55 
Purchases: NYMXx6884@1.35 SKLNx3505@2.65 IRCPx309@30.00 RILYx929@10.00 SIEBx5563@1.67 

2015-04-08
Cash: 25.47
Held: SKLNx3505@3.00 NYMXx6884@1.38 SIEBx5563@1.62 RILYx929@9.95 IRCPx309@31.72 
Value: 48099.84
Sales: NYMXx6884@1.38 SIEBx5563@1.62 IRCPx309@31.72 SKLNx3505@3.00 RILYx929@9.95 
Purchases: PRTKx329@29.20 FXPx346@27.77 YANGx1627@5.91 ACURx2435@3.95 SSNx6678@1.44 

2015-04-09
Cash: 33.75
Held: FXPx346@27.48 SSNx6678@1.60 ACURx2435@4.30 PRTKx329@27.73 YANGx1627@5.79 
Value: 49241.35
Sales: ACURx2435@4.30 SSNx6678@1.60 FXPx346@27.48 YANGx1627@5.79 PRTKx329@27.73 
Purchases: BRNx4086@2.41 GEOSx541@18.17 NWYx3632@2.71 FPPx10259@0.96 HKx5471@1.80 

2015-04-12
Cash: 21.37
Held: BRNx4086@2.94 NWYx3632@2.75 GEOSx541@18.56 HKx5471@1.71 FPPx10259@1.07 
Value: 52397.82
Sales: BRNx4086@2.94 GEOSx541@18.56 NWYx3632@2.75 FPPx10259@1.07 HKx5471@1.71 
Purchases: TSRIx2511@4.17 SOXSx937@11.18 CWSTx1847@5.67 DYYx2619@4.00 LAWSx444@23.58 

2015-04-13
Cash: 26.24
Held: TSRIx2511@4.53 CWSTx1847@5.88 DYYx2619@4.00 LAWSx444@24.17 SOXSx937@11.36 
Value: 54114.59
Sales: TSRIx2511@4.53 SOXSx937@11.36 CWSTx1847@5.88 DYYx2619@4.00 LAWSx444@24.17 
Purchases: NCTYx6046@1.79 PRKRx16155@0.67 JJUx643@16.83 SUNWx2638@4.10 SITOx32788@0.33 

2015-04-14
Cash: 6.42
Held: JJUx643@17.44 PRKRx16155@0.70 SUNWx2638@3.91 NCTYx6046@1.77 SITOx32788@0.31 
Value: 53710.17
Sales: NCTYx6046@1.77 PRKRx16155@0.70 JJUx643@17.44 SUNWx2638@3.91 SITOx32788@0.31 
Purchases: WRNx27551@0.39 BRNx4132@2.60 ARWRx1449@7.41 QBAKx7896@1.36 COREx368@29.16 

2015-04-15
Cash: 18.50
Held: COREx368@28.48 BRNx4132@2.52 QBAKx7896@1.36 WRNx27551@0.40 ARWRx1449@7.15 
Value: 53028.58
Sales: WRNx27551@0.40 COREx368@28.48 ARWRx1449@7.15 QBAKx7896@1.36 BRNx4132@2.52 
Purchases: OPXAx24668@0.43 CALIx7858@1.35 VIVEx26520@0.40 MSBx747@14.19 BDRx12936@0.82 

2015-04-16
Cash: 9.08
Held: OPXAx24668@0.44 CALIx7858@1.26 VIVEx26520@0.40 MSBx747@15.49 BDRx12936@0.81 
Value: 53417.79
Sales: OPXAx24668@0.44 CALIx7858@1.26 VIVEx26520@0.40 MSBx747@15.49 BDRx12936@0.81 
Purchases: NCTYx6937@1.54 DTOx149@71.69 SSKNx6435@1.66 DXTRx22732@0.47 PTXx1282@8.33 

2015-04-19
Cash: 9.96
Held: SSKNx6435@1.57 PTXx1282@8.43 NCTYx6937@1.50 DTOx149@74.00 DXTRx22732@0.45 
Value: 52581.57
Sales: NCTYx6937@1.50 DTOx149@74.00 SSKNx6435@1.57 DXTRx22732@0.45 PTXx1282@8.43 
Purchases: HSCx674@15.59 LFCx146@71.75 MTWx520@20.20 GLFx663@15.86 KONEx2078@5.06 

2015-04-20
Cash: 63.74
Held: HSCx674@16.03 KONEx2078@5.25 LFCx146@75.06 GLFx663@15.37 MTWx520@20.06 
Value: 53358.37
Sales: HSCx674@16.03 GLFx663@15.37 KONEx2078@5.25 LFCx146@75.06 MTWx520@20.06 
Purchases: FAROx229@46.44 GNMKx993@10.74 SHIPx15689@0.68 NVDQx771@13.83 MNOVx2642@4.04 

2015-04-21
Cash: 53.22
Held: FAROx229@45.62 SHIPx15689@0.77 GNMKx993@10.71 MNOVx2642@4.04 NVDQx771@12.76 
Value: 53725.62
Sales: FAROx229@45.62 GNMKx993@10.71 SHIPx15689@0.77 MNOVx2642@4.04 NVDQx771@12.76 
Purchases: NKTRx995@10.80 UNXLx1852@5.80 FTKx694@15.47 SANMx525@20.44 HOGx192@55.75 

2015-04-22
Cash: 70.68
Held: SANMx525@20.92 HOGx192@56.47 NKTRx995@10.85 UNXLx1852@5.79 FTKx694@15.11 
Value: 53901.22
Sales: HOGx192@56.47 FTKx694@15.11 SANMx525@20.92 UNXLx1852@5.79 NKTRx995@10.85 
Purchases: BCLIx2536@4.25 NBYx16329@0.66 NRPx1928@5.59 SKLNx1755@6.14 GLBSx7433@1.45 

2015-04-23
Cash: 10.21
Held: NBYx16329@0.65 SKLNx1755@6.06 NRPx1928@5.95 GLBSx7433@1.45 BCLIx2536@4.15 
Value: 54025.14
Sales: BCLIx2536@4.15 GLBSx7433@1.45 NBYx16329@0.65 NRPx1928@5.95 SKLNx1755@6.06 
Purchases: CDTIx1155@9.35 HMNYx3901@2.77 VIRCx3791@2.85 PWx1757@6.15 BIOLx5047@2.14 

2015-04-26
Cash: 10.73
Held: VIRCx3791@2.76 HMNYx3901@3.17 CDTIx1155@9.55 PWx1757@6.25 BIOLx5047@2.20 
Value: 55946.22
Sales: BIOLx5047@2.20 CDTIx1155@9.55 HMNYx3901@3.17 VIRCx3791@2.76 PWx1757@6.25 
Purchases: SNAKx1278@8.75 AMSCx1626@6.88 CIDMx11189@1.00 CEAx284@39.34 DDDx417@26.83 

2015-04-27
Cash: 28.66
Held: SNAKx1278@9.21 AMSCx1626@6.98 CIDMx11189@0.88 DDDx417@25.00 CEAx284@38.00 
Value: 54212.49
Sales: SNAKx1278@9.21 AMSCx1626@6.98 CIDMx11189@0.88 CEAx284@38.00 DDDx417@25.00 
Purchases: AKRXx250@43.22 COOLx1411@7.68 DRRXx5261@2.06 TRNx385@28.12 CPRXx3132@3.46 

2015-04-28
Cash: 63.44
Held: CPRXx3132@3.55 DRRXx5261@2.00 COOLx1411@7.74 TRNx385@28.11 AKRXx250@44.28 
Value: 54517.63
Sales: AKRXx250@44.28 COOLx1411@7.74 DRRXx5261@2.00 TRNx385@28.11 CPRXx3132@3.55 
Purchases: NTNx27965@0.39 MDCAx550@19.80 CLDXx445@24.48 HMNYx4098@2.66 CBMGx452@24.09 

2015-04-29
Cash: 38.76
Held: CLDXx445@24.30 HMNYx4098@2.55 NTNx27965@0.38 MDCAx550@21.86 CBMGx452@25.80 
Value: 55610.24
Sales: MDCAx550@21.86 CBMGx452@25.80 CLDXx445@24.30 HMNYx4098@2.55 NTNx27965@0.38 
Purchases: SSYSx279@39.75 SYMXx7463@1.49 GLBSx6952@1.60 LLx420@26.45 SVUx1242@8.95 

2015-04-30
Cash: 47.79
Held: SYMXx7463@1.50 SVUx1242@8.80 GLBSx6952@1.52 SSYSx279@37.88 LLx420@28.06 
Value: 55085.16
Sales: SVUx1242@8.80 SYMXx7463@1.50 GLBSx6952@1.52 SSYSx279@37.88 LLx420@28.06 
Purchases: SMSIx8745@1.26 STMx1385@7.95 GBRx6188@1.78 BWENx2746@4.01 HURNx182@60.50 

2015-05-03
Cash: 15.33
Held: HURNx182@60.56 STMx1385@7.89 SMSIx8745@1.24 BWENx2746@4.07 GBRx6188@1.78 
Value: 55005.48
Sales: SMSIx8745@1.24 STMx1385@7.89 GBRx6188@1.78 BWENx2746@4.07 HURNx182@60.56 
Purchases: ARAYx1656@6.64 AEx237@46.28 PTNx12643@0.87 TREEx198@55.34 NOKx1661@6.62 

2015-05-04
Cash: 83.36
Held: PTNx12643@0.92 AEx237@47.00 ARAYx1656@7.13 NOKx1661@6.42 TREEx198@56.00 
Value: 56413.14
Sales: PTNx12643@0.92 ARAYx1656@7.13 AEx237@47.00 TREEx198@56.00 NOKx1661@6.42 
Purchases: GTLSx310@36.34 GYROx3151@3.58 GIIIx200@56.25 KGJIx11282@1.00 ABAXx205@55.03 

2015-05-05
Cash: 52.34
Held: ABAXx205@53.38 GIIIx200@56.19 GTLSx310@35.56 KGJIx11282@1.05 GYROx3151@3.32 
Value: 55562.29
Sales: GTLSx310@35.56 ABAXx205@53.38 GYROx3151@3.32 GIIIx200@56.19 KGJIx11282@1.05 
Purchases: SHENx337@32.97 DAIOx3484@3.19 CEVAx593@18.73 RAILx441@25.17 OBCIx3112@3.57 

2015-05-06
Cash: 18.68
Held: CEVAx593@19.05 DAIOx3484@3.20 OBCIx3112@3.45 SHENx337@32.03 RAILx441@24.05 
Value: 54592.72
Sales: SHENx337@32.03 DAIOx3484@3.20 CEVAx593@19.05 RAILx441@24.05 OBCIx3112@3.45 
Purchases: CLBSx4646@2.35 KONAx519@21.02 GIGAx6239@1.75 AVPx1548@7.05 MAVx796@13.71 

2015-05-07
Cash: 22.56
Held: KONAx519@20.92 AVPx1548@7.16 GIGAx6239@1.83 CLBSx4646@2.38 MAVx796@13.89 
Value: 55501.21
Sales: CLBSx4646@2.38 KONAx519@20.92 AVPx1548@7.16 GIGAx6239@1.83 MAVx796@13.89 
Purchases: FNCXx4804@2.31 GFIx3016@3.68 CEQPx20@555.00 OHGIx7926@1.40 SUMRx4976@2.23 

2015-05-10
Cash: 5.09
Held: CEQPx20@520.00 FNCXx4804@3.08 OHGIx7926@1.30 SUMRx4976@2.58 GFIx3016@3.56 
Value: 59081.12
Sales: FNCXx4804@3.08 GFIx3016@3.56 CEQPx20@520.00 OHGIx7926@1.30 SUMRx4976@2.58 
Purchases: BIOSx3254@3.63 PROx649@18.19 SJIx454@26.00 FFHLx14956@0.79 NETEx13429@0.88 

2015-05-11
Cash: 26.84
Held: PROx649@17.86 FFHLx14956@0.74 SJIx454@26.03 NETEx13429@0.89 BIOSx3254@3.94 
Value: 59279.34
Sales: BIOSx3254@3.94 PROx649@17.86 SJIx454@26.03 FFHLx14956@0.74 NETEx13429@0.89 
Purchases: PRKRx30408@0.39 CBLIx5814@2.04 ENOCx1180@10.04 FFHLx16016@0.74 MTRXx649@18.27 

2015-05-12
Cash: 12.30
Held: CBLIx5814@1.92 MTRXx649@18.59 ENOCx1180@10.46 PRKRx30408@0.37 FFHLx16016@0.81 
Value: 59814.39
Sales: PRKRx30408@0.37 CBLIx5814@1.92 ENOCx1180@10.46 FFHLx16016@0.81 MTRXx649@18.59 
Purchases: RDNTx1647@7.26 NMRXx1298@9.21 CHCIx3107@3.85 CASCx1384@8.64 STRLx3691@3.24 

2015-05-13
Cash: 19.48
Held: STRLx3691@3.32 CASCx1384@10.50 RDNTx1647@7.01 CHCIx3107@3.85 NMRXx1298@9.15 
Value: 62190.46
Sales: RDNTx1647@7.01 NMRXx1298@9.15 CHCIx3107@3.85 CASCx1384@10.50 STRLx3691@3.32 
Purchases: KOSSx4624@2.69 CADCx3109@4.00 OREXx2462@5.05 SRTx1925@6.46 WPCSx4658@2.67 

2015-05-14
Cash: 9.61
Held: WPCSx4658@2.62 SRTx1925@6.65 OREXx2462@4.98 CADCx3109@3.94 KOSSx4624@2.89 
Value: 62883.73
Sales: KOSSx4624@2.89 CADCx3109@3.94 WPCSx4658@2.62 OREXx2462@4.98 SRTx1925@6.65 
Purchases: VUZIx2291@5.49 DCOx514@24.42 INVEx1730@7.27 SYMXx9749@1.29 CAMTx4292@2.93 

2015-05-17
Cash: 30.14
Held: CAMTx4292@2.96 DCOx514@25.02 INVEx1730@7.44 SYMXx9749@1.28 VUZIx2291@5.62 
Value: 63829.45
Sales: VUZIx2291@5.62 DCOx514@25.02 INVEx1730@7.44 SYMXx9749@1.28 CAMTx4292@2.96 
Purchases: HHx36463@0.35 WRLDx149@85.25 GIGAx6351@2.01 MMYTx711@17.94 PTIEx5856@2.18 

2015-05-18
Cash: 79.76
Held: MMYTx711@18.50 HHx36463@0.36 PTIEx5856@2.05 GIGAx6351@2.60 WRLDx149@84.81 
Value: 67520.41
Sales: HHx36463@0.36 WRLDx149@84.81 GIGAx6351@2.60 MMYTx711@18.50 PTIEx5856@2.05 
Purchases: HGGx3040@4.44 NETEx18005@0.75 SANWx2796@4.83 AHPIx4578@2.95 SOFOx2012@6.71 

2015-05-19
Cash: 11.42
Held: SANWx2796@4.71 AHPIx4578@2.98 SOFOx2012@6.88 HGGx3040@4.16 NETEx18005@0.74 
Value: 66642.94
Sales: SANWx2796@4.71 HGGx3040@4.16 NETEx18005@0.74 AHPIx4578@2.98 SOFOx2012@6.88 
Purchases: UAMYx12815@1.04 WSFSx525@25.36 INVTx45954@0.29 URBNx384@34.62 GLOWx17771@0.75 

2015-05-20
Cash: 48.47
Held: GLOWx17771@0.81 INVTx45954@0.31 UAMYx12815@1.07 URBNx384@34.00 WSFSx525@25.47 
Value: 68835.60
Sales: UAMYx12815@1.07 INVTx45954@0.31 URBNx384@34.00 WSFSx525@25.47 GLOWx17771@0.81 
Purchases: TECLx349@39.41 FASx415@33.12 MIDUx476@28.92 SOXLx376@36.56 RETLx436@31.52 

2015-05-21
Cash: 80.82
Held: SOXLx376@37.31 RETLx436@31.48 FASx415@32.88 MIDUx476@28.88 TECLx349@39.62 
Value: 69054.25
Sales: TECLx349@39.62 FASx415@32.88 MIDUx476@28.88 SOXLx376@37.31 RETLx436@31.48 
Purchases: IBMFx503@27.41 FANHx1645@8.39 GBRx7587@1.82 UALx253@54.41 FFAx905@15.26 

2015-05-25
Cash: 82.52
Held: IBMFx503@27.42 UALx253@54.09 FFAx905@15.25 GBRx7587@2.09 FANHx1645@8.50 
Value: 71200.84
Sales: IBMFx503@27.42 FANHx1645@8.50 GBRx7587@2.09 UALx253@54.09 FFAx905@15.25 
Purchases: FNCXx5860@2.43 QUMUx1778@8.01 DGSEx28480@0.50 CNITx3650@3.90 PRANx10628@1.34 

2015-05-26
Cash: 8.69
Held: DGSEx28480@0.52 FNCXx5860@2.42 QUMUx1778@8.20 PRANx10628@1.29 CNITx3650@4.00 
Value: 71895.28
Sales: FNCXx5860@2.42 PRANx10628@1.29 QUMUx1778@8.20 CNITx3650@4.00 DGSEx28480@0.52 
Purchases: CJJDx4397@3.27 REN           x1943@7.40 RENx9712@1.48 OHGIx9396@1.53 IBIOx15798@0.91 

2015-05-27
Cash: 8.58
Held: CJJDx4397@3.35 OHGIx9396@2.51 REN           x1943@6.90 RENx9712@1.38 IBIOx15798@0.97 
Value: 80451.11
Sales: CJJDx4397@3.35 REN           x1943@6.90 RENx9712@1.38 OHGIx9396@2.51 IBIOx15798@0.97 
Purchases: MDSYx7415@2.17 FOSLx228@70.44 CIDMx18712@0.86 LFCx656@24.52 AEZSx572@28.09 

2015-05-28
Cash: 59.75
Held: CIDMx18712@0.88 LFCx656@24.19 MDSYx7415@2.25 FOSLx228@71.94 AEZSx572@29.83 
Value: 82538.31
Sales: MDSYx7415@2.25 FOSLx228@71.94 CIDMx18712@0.88 LFCx656@24.19 AEZSx572@29.83 
Purchases: SOXSx449@36.75 YINNx299@55.19 IMHx944@17.48 MARPSx1445@11.42 DGSEx42338@0.39 

2015-05-31
Cash: 19.36
Held: DGSEx42338@0.48 IMHx944@17.50 MARPSx1445@11.35 YINNx299@55.31 SOXSx449@36.41 
Value: 86148.63
Sales: IMHx944@17.50 YINNx299@55.31 SOXSx449@36.41 MARPSx1445@11.35 DGSEx42338@0.48 
Purchases: WMLPx1674@10.29 CBMGx471@36.53 XCRAx2217@7.77 EBRx8449@2.04 WILCx3618@4.76 

2015-06-01
Cash: 37.53
Held: XCRAx2217@7.65 EBRx8449@2.16 WILCx3618@5.08 CBMGx471@37.25 WMLPx1674@9.95 
Value: 87824.21
Sales: WMLPx1674@9.95 CBMGx471@37.25 XCRAx2217@7.65 EBRx8449@2.16 WILCx3618@5.08 
Purchases: OPXAx35847@0.49 PATKx443@39.62 ZEUSx1004@17.48 TBIOx7377@2.38 CREGx21961@0.80 

2015-06-02
Cash: 23.23
Held: OPXAx35847@0.57 CREGx21961@0.85 ZEUSx1004@18.91 PATKx443@39.56 TBIOx7377@2.23 
Value: 92080.95
Sales: OPXAx35847@0.57 PATKx443@39.56 ZEUSx1004@18.91 TBIOx7377@2.23 CREGx21961@0.85 
Purchases: CIGIx437@42.12 HQCLx10465@1.76 PBIBx17875@1.03 VIVEx22186@0.83 WKHSx63495@0.29 

2015-06-03
Cash: 8.09
Held: PBIBx17875@1.08 HQCLx10465@1.51 CIGIx437@42.50 VIVEx22186@0.85 WKHSx63495@0.29 
Value: 90962.99
Sales: HQCLx10465@1.51 CIGIx437@42.50 PBIBx17875@1.08 VIVEx22186@0.85 WKHSx63495@0.29 
Purchases: UAMYx27558@0.66 EMITFx12049@1.51 TBIOx8309@2.19 FGPx818@22.23 EVIx4664@3.90 

2015-06-04
Cash: 7.93
Held: EVIx4664@4.03 UAMYx27558@0.65 EMITFx12049@1.48 FGPx818@21.97 TBIOx8309@2.12 
Value: 90136.23
Sales: UAMYx27558@0.65 EVIx4664@4.03 TBIOx8309@2.12 EMITFx12049@1.48 FGPx818@21.97 
Purchases: MYOSx4576@3.94 FSIx7267@2.48 COYNx1862@9.68 HBPx5669@3.18 BIOLx12873@1.40 

2015-06-07
Cash: 7.27
Held: FSIx7267@2.62 HBPx5669@3.13 MYOSx4576@3.95 BIOLx12873@1.62 COYNx1862@9.25 
Value: 92940.30
Sales: MYOSx4576@3.95 FSIx7267@2.62 COYNx1862@9.25 HBPx5669@3.13 BIOLx12873@1.62 
Purchases: QUMUx2147@8.66 ZUMZx779@23.86 ESLx198@93.62 EXPOx430@43.22 FPPx9991@1.86 

2015-06-08
Cash: 60.30
Held: EXPOx430@43.00 ESLx198@92.44 ZUMZx779@23.95 QUMUx2147@8.55 FPPx9991@1.93 
Value: 93142.05
Sales: QUMUx2147@8.55 ZUMZx779@23.95 ESLx198@92.44 EXPOx430@43.00 FPPx9991@1.93 
Purchases: BLINx11287@1.65 NAKx47778@0.39 OCCx4863@3.83 BDRx24192@0.77 DGSEx49037@0.38 

2015-06-09
Cash: 3.51
Held: DGSEx49037@0.32 NAKx47778@0.38 BLINx11287@1.66 OCCx4863@3.94 BDRx24192@0.79 
Value: 90857.11
Sales: NAKx47778@0.38 OCCx4863@3.94 BLINx11287@1.66 BDRx24192@0.79 DGSEx49037@0.32 
Purchases: JBLUx974@18.66 AVEOx8412@2.16 MGCDx3461@5.25 CAPRx3402@5.34 GSHx601@30.19 

2015-06-10
Cash: 35.60
Held: CAPRx3402@5.52 JBLUx974@19.19 AVEOx8412@2.22 GSHx601@30.39 MGCDx3461@5.40 
Value: 93130.99
Sales: JBLUx974@19.19 MGCDx3461@5.40 AVEOx8412@2.22 CAPRx3402@5.52 GSHx601@30.39 
Purchases: HOTRx6701@2.78 AETIx4085@4.56 SNOAx11943@1.56 BTXx4690@3.97 DGSEx64219@0.29 

2015-06-11
Cash: 10.50
Held: DGSEx64219@0.31 BTXx4690@3.95 SNOAx11943@1.85 HOTRx6701@2.90 AETIx4085@4.56 
Value: 98591.25
Sales: HOTRx6701@2.90 AETIx4085@4.56 SNOAx11943@1.85 BTXx4690@3.95 DGSEx64219@0.31 
Purchases: YTENx5956@3.31 TRXx73025@0.27 NETEx35864@0.55 VISIx2196@8.98 SHLDx679@29.00 

2015-06-14
Cash: 33.73
Held: YTENx5956@3.17 SHLDx679@28.09 TRXx73025@0.30 VISIx2196@9.17 NETEx35864@0.57 
Value: 100478.12
Sales: NETEx35864@0.57 TRXx73025@0.30 YTENx5956@3.17 VISIx2196@9.17 SHLDx679@28.09 
Purchases: ROSTx416@48.22 IMMUx4772@4.21 YTENx6339@3.17 HNRx12104@1.66 AXNx8970@2.24 

2015-06-15
Cash: 40.95
Held: HNRx12104@1.77 YTENx6339@3.25 IMMUx4772@4.07 AXNx8970@2.17 ROSTx416@48.53 
Value: 101137.84
Sales: ROSTx416@48.53 AXNx8970@2.17 YTENx6339@3.25 HNRx12104@1.77 IMMUx4772@4.07 
Purchases: RGSEx6546@3.09 RCONx11558@1.75 SNOAx12801@1.58 PPGx175@115.25 CAPRx3989@5.07 

2015-06-16
Cash: 64.42
Held: RCONx11558@1.76 RGSEx6546@2.87 CAPRx3989@5.70 SNOAx12801@1.56 PPGx175@116.25 
Value: 102227.18
Sales: RGSEx6546@2.87 RCONx11558@1.76 SNOAx12801@1.56 PPGx175@116.25 CAPRx3989@5.70 
Purchases: CPSTx2129@9.60 AMCNx3599@5.68 PYDSx81781@0.25 IDXXx308@66.31 OHGIx4677@4.37 

2015-06-17
Cash: 31.15
Held: AMCNx3599@4.60 IDXXx308@66.50 OHGIx4677@4.26 PYDSx81781@0.27 CPSTx2129@9.80 
Value: 99946.24
Sales: CPSTx2129@9.80 AMCNx3599@4.60 PYDSx81781@0.27 IDXXx308@66.50 OHGIx4677@4.26 
Purchases: OPXAx38439@0.52 OGENx11757@1.70 AXNx10358@1.93 LAKEx1700@11.76 HGSHx6706@2.98 

2015-06-18
Cash: 5.01
Held: OPXAx38439@0.52 LAKEx1700@11.49 AXNx10358@1.79 OGENx11757@1.56 HGSHx6706@2.81 
Value: 95255.38
Sales: OPXAx38439@0.52 OGENx11757@1.56 AXNx10358@1.79 LAKEx1700@11.49 HGSHx6706@2.81 
Purchases: NCTYx12057@1.58 CRMDx3945@4.83 LINCx9245@2.06 CAPRx3664@5.20 SPCBx1537@12.39 

2015-06-21
Cash: 13.34
Held: CAPRx3664@5.00 LINCx9245@2.10 CRMDx3945@4.71 NCTYx12057@1.57 SPCBx1537@12.60 
Value: 94630.74
Sales: NCTYx12057@1.57 CRMDx3945@4.71 LINCx9245@2.10 SPCBx1537@12.60 CAPRx3664@5.00 
Purchases: AVHIx1299@14.56 UNBx738@25.62 TVTYx1514@12.50 ISSCx6481@2.92 UECx9185@2.06 

2015-06-22
Cash: 27.66
Held: AVHIx1299@14.98 TVTYx1514@12.42 UECx9185@2.03 ISSCx6481@3.25 UNBx738@26.50 
Value: 97548.28
Sales: AVHIx1299@14.98 UNBx738@26.50 TVTYx1514@12.42 ISSCx6481@3.25 UECx9185@2.03 
Purchases: NGDx6637@2.94 PBIBx10324@1.89 ATLCx6503@3.00 PHXx975@20.00 DGSEx50038@0.39 

2015-06-23
Cash: 11.95
Held: DGSEx50038@0.35 PBIBx10324@1.71 NGDx6637@2.92 PHXx975@20.84 ATLCx6503@3.03 
Value: 94585.47
Sales: NGDx6637@2.92 PBIBx10324@1.71 ATLCx6503@3.03 PHXx975@20.84 DGSEx50038@0.35 
Purchases: ATAIx3603@5.25 BWXTx815@23.19 KONEx3908@4.84 RTNBx18554@1.02 HUMx100@189.00 

2015-06-24
Cash: 41.42
Held: BWXTx815@33.31 ATAIx3603@5.15 KONEx3908@4.84 HUMx100@184.88 RTNBx18554@1.19 
Value: 105229.77
Sales: BWXTx815@33.31 HUMx100@184.88 KONEx3908@4.84 RTNBx18554@1.19 ATAIx3603@5.15 
Purchases: AFAMx540@38.97 COYNx2215@9.50 WPCSx10117@2.08 EPCx205@102.56 PHMDx12752@1.65 

2015-06-25
Cash: 28.90
Held: WPCSx10117@1.98 EPCx205@135.75 PHMDx12752@1.66 AFAMx540@39.19 COYNx2215@9.38 
Value: 111008.54
Sales: AFAMx540@39.19 COYNx2215@9.38 WPCSx10117@1.98 EPCx205@135.75 PHMDx12752@1.66 
Purchases: USAKx1011@21.95 WRLDx349@63.56 MEIx710@31.27 FPPx17341@1.28 CRISx7473@2.97 

2015-06-28
Cash: 30.74
Held: CRISx7473@3.17 WRLDx349@60.72 MEIx710@30.05 USAKx1011@21.47 FPPx17341@1.24 
Value: 109455.50
Sales: USAKx1011@21.47 WRLDx349@60.72 MEIx710@30.05 FPPx17341@1.24 CRISx7473@3.17 
Purchases: MUx1131@19.34 DJCOx111@196.00 BIOPx47593@0.46 OGENx16969@1.29 VBFCx1180@18.55 

2015-06-29
Cash: 154.81
Held: VBFCx1180@18.89 DJCOx111@196.50 MUx1131@18.89 OGENx16969@1.32 BIOPx47593@0.45 
Value: 109441.46
Sales: DJCOx111@196.50 MUx1131@18.89 BIOPx47593@0.45 OGENx16969@1.32 VBFCx1180@18.89 
Purchases: MBOTx42937@0.51 PRKRx59138@0.37 VISNx1839@11.90 GSTx7296@3.00 AGOx934@23.42 

2015-06-30
Cash: 20.40
Held: AGOx934@24.34 MBOTx42937@0.54 PRKRx59138@0.41 VISNx1839@12.37 GSTx7296@3.12 
Value: 115687.01
Sales: AGOx934@24.34 MBOTx42937@0.54 VISNx1839@12.37 GSTx7296@3.12 PRKRx59138@0.41 
Purchases: APOLx1792@12.91 CRMDx6010@3.85 EPCx237@97.50 WYYx13855@1.67 CIDMx34016@0.68 

