2014-04-27
Cash: 10000.00
Held: 
Value: 10000.00
Sales: 
Purchases: PLUGx372@5.37 FNCXx327@6.10 CYTKx436@4.58 MYEx100@19.94 CVLTx42@47.00 

2014-04-28
Cash: 42.93
Held: CVLTx42@46.03 FNCXx327@5.85 PLUGx372@4.44 MYEx100@18.84 CYTKx436@4.57 
Value: 9418.94
Sales: PLUGx372@4.44 FNCXx327@5.85 CVLTx42@46.03 MYEx100@18.84 CYTKx436@4.57 
Purchases: NKTRx167@11.23 FNCXx321@5.85 CYTKx412@4.57 DZSIx672@2.80 OGXIx480@3.92 

2014-04-29
Cash: 19.09
Held: DZSIx672@2.75 OGXIx480@3.85 FNCXx321@5.46 NKTRx167@11.35 CYTKx412@4.49 
Value: 9212.75
Sales: FNCXx321@5.46 NKTRx167@11.35 CYTKx412@4.49 DZSIx672@2.75 OGXIx480@3.85 
Purchases: UCTTx210@8.75 ELTKx1089@1.69 OIBR.Cx1980@0.93 GUREx985@1.87 OGXIx478@3.85 

2014-04-30
Cash: 10.45
Held: UCTTx210@8.49 OGXIx478@3.85 OIBR.Cx1980@1.12 GUREx985@1.90 ELTKx1089@1.59 
Value: 9454.97
Sales: UCTTx210@8.49 ELTKx1089@1.59 OIBR.Cx1980@1.12 GUREx985@1.90 OGXIx478@3.85 
Purchases: NETEx867@2.18 PSPx159@11.82 CNITx461@4.10 SYNx1286@1.47 CMPRx47@39.41 

2014-05-01
Cash: 52.77
Held: PSPx159@11.88 SYNx1286@1.46 CMPRx47@38.69 NETEx867@2.20 CNITx461@4.35 
Value: 9550.76
Sales: NETEx867@2.20 PSPx159@11.88 CNITx461@4.35 SYNx1286@1.46 CMPRx47@38.69 
Purchases: SLMx213@8.96 DLBx48@39.44 SYNx1308@1.46 QUIKx494@3.86 BGFVx157@12.12 

2014-05-04
Cash: 30.52
Held: DLBx48@39.06 QUIKx494@3.63 SYNx1308@1.33 SLMx213@8.86 BGFVx157@12.00 
Value: 9209.95
Sales: DLBx48@39.06 BGFVx157@12.00 SYNx1308@1.33 QUIKx494@3.63 SLMx213@8.86 
Purchases: LCUTx115@16.00 IMMUx566@3.25 CAPRx391@4.70 BCORx106@17.33 UBCx81@22.69 

2014-05-05
Cash: 18.59
Held: CAPRx391@4.84 LCUTx115@14.83 BCORx106@17.16 IMMUx566@3.36 UBCx81@22.77 
Value: 9180.19
Sales: LCUTx115@14.83 IMMUx566@3.36 BCORx106@17.16 CAPRx391@4.84 UBCx81@22.77 
Purchases: MGPIx335@5.47 NETEx1008@1.82 CRD.Ax220@8.33 CRAIx87@20.94 RELVx956@1.92 

2014-05-06
Cash: 24.08
Held: RELVx956@1.95 CRD.Ax220@8.16 CRAIx87@20.84 MGPIx335@5.58 NETEx1008@1.87 
Value: 9250.00
Sales: MGPIx335@5.58 NETEx1008@1.87 CRAIx87@20.84 RELVx956@1.95 CRD.Ax220@8.16 
Purchases: GLDDx238@7.76 OLEDx80@23.09 GIFIx96@19.25 OHGIx429@4.31 ATHNx17@105.75 

2014-05-07
Cash: 61.08
Held: GIFIx96@19.55 OHGIx429@4.18 OLEDx80@24.67 GLDDx238@7.56 ATHNx17@105.25 
Value: 9292.61
Sales: ATHNx17@105.25 OLEDx80@24.67 GIFIx96@19.55 OHGIx429@4.18 GLDDx238@7.56 
Purchases: CORTx943@1.97 EVKx342@5.42 TREEx78@23.69 PCOx1327@1.40 WFMx47@38.97 

2014-05-08
Cash: 43.40
Held: EVKx342@5.33 CORTx943@1.72 PCOx1327@1.37 WFMx47@39.16 TREEx78@23.80 
Value: 9001.97
Sales: CORTx943@1.72 EVKx342@5.33 TREEx78@23.80 PCOx1327@1.37 WFMx47@39.16 
Purchases: AVNWx150@12.00 ISBCx173@10.39 GEOSx37@47.50 ICADx259@6.93 TREXx54@33.19 

2014-05-11
Cash: 59.97
Held: GEOSx37@50.38 AVNWx150@12.48 ICADx259@7.06 ISBCx173@10.48 TREXx54@33.88 
Value: 9265.20
Sales: AVNWx150@12.48 ISBCx173@10.48 GEOSx37@50.38 ICADx259@7.06 TREXx54@33.88 
Purchases: SGMSx205@9.02 INVTx710@2.61 BSPMx200@9.24 CECOx397@4.66 GENEx1798@1.03 

2014-05-12
Cash: 11.79
Held: INVTx710@2.76 CECOx397@5.01 GENEx1798@1.05 SGMSx205@9.14 BSPMx200@9.66 
Value: 9653.50
Sales: SGMSx205@9.14 INVTx710@2.76 BSPMx200@9.66 CECOx397@5.01 GENEx1798@1.05 
Purchases: INSYx74@26.00 OHRPx284@6.78 NOAx249@7.75 CLBx11@166.75 ESNCx1419@1.36 

2014-05-13
Cash: 109.29
Held: NOAx249@7.67 ESNCx1419@1.40 OHRPx284@7.90 CLBx11@164.00 INSYx74@27.00 
Value: 10051.90
Sales: ESNCx1419@1.40 OHRPx284@7.90 NOAx249@7.67 CLBx11@164.00 INSYx74@27.00 
Purchases: HPJx484@4.15 ACYx126@15.94 FFHLx1648@1.22 PTIEx439@4.58 NEONx543@3.70 

2014-05-14
Cash: 7.35
Held: HPJx484@3.97 PTIEx439@4.60 NEONx543@3.63 FFHLx1648@1.24 ACYx126@15.50 
Value: 9917.72
Sales: HPJx484@3.97 FFHLx1648@1.24 NEONx543@3.63 ACYx126@15.50 PTIEx439@4.60 
Purchases: OMEXx1231@1.61 HYGSx134@14.78 INVTx833@2.38 DXPEx30@64.50 TCCOx431@4.60 

2014-05-15
Cash: 53.16
Held: DXPEx30@66.62 INVTx833@2.08 HYGSx134@14.03 OMEXx1231@1.62 TCCOx431@4.74 
Value: 9701.36
Sales: OMEXx1231@1.62 INVTx833@2.08 DXPEx30@66.62 HYGSx134@14.03 TCCOx431@4.74 
Purchases: ACATx57@34.03 NLSTx1385@1.40 SRNEx379@5.11 FSNNx388@5.00 SSKNx4851@0.40 

2014-05-18
Cash: 5.66
Held: ACATx57@33.50 SSKNx4851@0.38 NLSTx1385@1.24 SRNEx379@4.96 FSNNx388@5.00 
Value: 9295.89
Sales: SRNEx379@4.96 ACATx57@33.50 NLSTx1385@1.24 SSKNx4851@0.38 FSNNx388@5.00 
Purchases: CSIQx84@22.09 ACXMx91@20.41 AXASx397@4.67 WTTx759@2.45 MBVXx1487@1.25 

2014-05-19
Cash: 10.61
Held: AXASx397@4.85 WTTx759@2.54 CSIQx84@22.00 ACXMx91@21.95 MBVXx1487@1.30 
Value: 9642.37
Sales: CSIQx84@22.00 ACXMx91@21.95 MBVXx1487@1.30 WTTx759@2.54 AXASx397@4.85 
Purchases: EMITFx485@3.97 FFBCWx398@4.84 RCONx544@3.54 HOTRx905@2.13 CAPRx357@5.40 

2014-05-20
Cash: 9.40
Held: RCONx544@3.40 CAPRx357@5.10 HOTRx905@2.26 FFBCWx398@5.01 EMITFx485@3.63 
Value: 9481.19
Sales: EMITFx485@3.63 FFBCWx398@5.01 RCONx544@3.40 HOTRx905@2.26 CAPRx357@5.10 
Purchases: JRJCx796@2.38 DFFNx474@4.00 LIVEx723@2.62 AMTXx379@5.00 DKSx43@43.50 

2014-05-21
Cash: 30.89
Held: LIVEx723@2.40 DKSx43@42.84 AMTXx379@4.98 DFFNx474@4.00 JRJCx796@2.50 
Value: 9382.25
Sales: LIVEx723@2.40 DFFNx474@4.00 DKSx43@42.84 AMTXx379@4.98 JRJCx796@2.50 
Purchases: GMANx400@4.68 OGENx1042@1.80 SPHSx584@3.21 SYPRx478@3.92 MGCDx192@9.76 

2014-05-22
Cash: 12.57
Held: SYPRx478@3.84 SPHSx584@3.20 MGCDx192@9.81 OGENx1042@1.88 GMANx400@4.56 
Value: 9382.63
Sales: MGCDx192@9.81 OGENx1042@1.88 SPHSx584@3.20 SYPRx478@3.84 GMANx400@4.56 
Purchases: LIVEx795@2.36 HEIx36@52.06 TPIVx1072@1.75 XTNTx2931@0.64 EVLVx434@4.32 

2014-05-26
Cash: 5.42
Held: LIVEx795@4.02 XTNTx2931@0.66 TPIVx1072@1.70 EVLVx434@4.65 HEIx36@53.75 
Value: 10910.90
Sales: LIVEx795@4.02 HEIx36@53.75 TPIVx1072@1.70 XTNTx2931@0.66 EVLVx434@4.65 
Purchases: EGHTx299@7.28 XCRAx218@9.99 IGCx1581@1.38 TPIVx1283@1.70 HGSHx540@4.04 

2014-05-27
Cash: 11.47
Held: XCRAx218@10.00 TPIVx1283@1.98 EGHTx299@7.53 IGCx1581@1.85 HGSHx540@4.31 
Value: 12235.13
Sales: EGHTx299@7.53 IGCx1581@1.85 XCRAx218@10.00 TPIVx1283@1.98 HGSHx540@4.31 
Purchases: MOCx1439@1.70 INUVx3494@0.70 ORMPx363@6.73 ALOGx36@67.94 TGCx5691@0.43 

2014-05-28
Cash: 6.41
Held: MOCx1439@1.69 TGCx5691@0.44 ALOGx36@68.00 INUVx3494@0.79 ORMPx363@7.99 
Value: 13050.79
Sales: MOCx1439@1.69 TGCx5691@0.44 INUVx3494@0.79 ALOGx36@68.00 ORMPx363@7.99 
Purchases: ATVx254@10.26 DSWx109@23.86 DAIOx977@2.67 WGBSx2533@1.03 CETCx303@8.60 

2014-05-29
Cash: 20.16
Held: DAIOx977@2.60 DSWx109@24.70 ATVx254@10.64 WGBSx2533@1.40 CETCx303@9.40 
Value: 14350.26
Sales: ATVx254@10.64 DAIOx977@2.60 CETCx303@9.40 WGBSx2533@1.40 DSWx109@24.70 
Purchases: VISIx351@8.16 OMEXx2094@1.37 MGHx9565@0.30 SGRPx2007@1.43 SPEXx1399@2.05 

2014-06-01
Cash: 10.00
Held: SGRPx2007@1.37 SPEXx1399@1.94 VISIx351@8.25 MGHx9565@0.30 OMEXx2094@1.39 
Value: 14150.12
Sales: OMEXx2094@1.39 VISIx351@8.25 SGRPx2007@1.37 SPEXx1399@1.94 MGHx9565@0.30 
Purchases: LOANx1257@2.25 GLUUx777@3.64 TOPSx750@3.77 SPHSx975@2.90 SPEXx1458@1.94 

2014-06-02
Cash: 8.93
Held: TOPSx750@3.00 GLUUx777@3.59 SPEXx1458@1.99 SPHSx975@2.75 LOANx1257@2.25 
Value: 13459.50
Sales: LOANx1257@2.25 GLUUx777@3.59 TOPSx750@3.00 SPHSx975@2.75 SPEXx1458@1.99 
Purchases: CYTKx576@4.67 NBYx3024@0.89 ASTCx965@2.79 UQMx1402@1.92 NOVx36@74.25 

2014-06-03
Cash: 20.55
Held: NOVx36@75.88 ASTCx965@3.09 NBYx3024@0.90 UQMx1402@1.83 CYTKx576@4.77 
Value: 13768.08
Sales: CYTKx576@4.77 NOVx36@75.88 ASTCx965@3.09 UQMx1402@1.83 NBYx3024@0.90 
Purchases: IMUCx2353@1.17 TOPSx926@2.97 VCELx652@4.22 INVAx117@23.45 AUMNx5197@0.53 

2014-06-04
Cash: 16.45
Held: TOPSx926@3.11 IMUCx2353@1.15 INVAx117@24.30 VCELx652@4.22 AUMNx5197@0.54 
Value: 14002.54
Sales: IMUCx2353@1.15 TOPSx926@3.11 VCELx652@4.22 INVAx117@24.30 AUMNx5197@0.54 
Purchases: PFIEx691@4.05 FNCXx582@4.81 CADCx791@3.54 JAKKx371@7.54 XTLBx1129@2.48 

2014-06-05
Cash: 8.01
Held: PFIEx691@4.15 XTLBx1129@2.57 FNCXx582@4.88 JAKKx371@7.71 CADCx791@3.58 
Value: 14308.58
Sales: PFIEx691@4.15 FNCXx582@4.88 CADCx791@3.58 JAKKx371@7.71 XTLBx1129@2.57 
Purchases: MBVXx2015@1.42 ULBIx743@3.85 RIBTx494@5.79 SSKNx8414@0.34 IXYSx258@11.07 

2014-06-08
Cash: 9.74
Held: SSKNx8414@0.38 ULBIx743@3.78 IXYSx258@11.07 RIBTx494@5.87 MBVXx2015@1.44 
Value: 14673.02
Sales: MBVXx2015@1.44 ULBIx743@3.78 SSKNx8414@0.38 RIBTx494@5.87 IXYSx258@11.07 
Purchases: HRIx107@27.38 PYTx144@20.28 TOPSx1561@1.88 GYBx145@20.14 ATAIx592@4.95 

2014-06-09
Cash: 38.57
Held: TOPSx1561@1.87 GYBx145@20.41 ATAIx592@4.86 HRIx107@26.84 PYTx144@19.92 
Value: 14534.51
Sales: HRIx107@26.84 ATAIx592@4.86 PYTx144@19.92 TOPSx1561@1.87 GYBx145@20.41 
Purchases: SMSIx3461@0.84 NSRx117@24.70 DGICBx138@21.00 RCONx705@4.12 SYPRx518@5.60 

2014-06-10
Cash: 32.57
Held: RCONx705@4.41 SYPRx518@5.25 DGICBx138@20.66 SMSIx3461@0.82 NSRx117@24.48 
Value: 14413.87
Sales: SMSIx3461@0.82 RCONx705@4.41 DGICBx138@20.66 SYPRx518@5.25 NSRx117@24.48 
Purchases: CHNRx823@3.50 DGLYx852@3.38 INVTx717@4.02 KELYBx143@20.06 VIIx1200@2.40 

2014-06-11
Cash: 21.47
Held: INVTx717@3.72 KELYBx143@18.78 CHNRx823@3.42 VIIx1200@2.52 DGLYx852@3.30 
Value: 14025.23
Sales: CHNRx823@3.42 DGLYx852@3.30 INVTx717@3.72 KELYBx143@18.78 VIIx1200@2.52 
Purchases: VUZIx1208@2.32 OPTTx1602@1.75 JVAx391@7.16 SYNx1921@1.46 KTECx238@11.77 

2014-06-12
Cash: 12.51
Held: SYNx1921@1.42 JVAx391@7.20 KTECx238@11.58 OPTTx1602@1.75 VUZIx1208@2.38 
Value: 13990.25
Sales: VUZIx1208@2.38 KTECx238@11.58 JVAx391@7.20 SYNx1921@1.42 OPTTx1602@1.75 
Purchases: AXNx9024@0.31 CXDCx291@9.61 UNXLx339@8.24 LULUx75@37.16 TDGx16@168.12 

2014-06-15
Cash: 125.13
Held: TDGx16@168.88 AXNx9024@0.34 UNXLx339@7.98 LULUx75@37.50 CXDCx291@9.58 
Value: 14201.20
Sales: LULUx75@37.50 AXNx9024@0.34 CXDCx291@9.58 TDGx16@168.88 UNXLx339@7.98 
Purchases: CDTIx202@14.00 VHIx540@5.25 SXLx62@45.25 IDNx3786@0.75 KOOLx1945@1.46 

2014-06-16
Cash: 53.57
Held: KOOLx1945@1.47 SXLx62@45.25 VHIx540@5.10 CDTIx202@13.80 IDNx3786@0.77 
Value: 14174.80
Sales: CDTIx202@13.80 VHIx540@5.10 SXLx62@45.25 IDNx3786@0.77 KOOLx1945@1.47 
Purchases: RNNx3184@0.89 NAVBx1717@1.65 BCLIx675@4.20 INVTx914@3.10 COOLx252@11.22 

2014-06-17
Cash: 12.24
Held: INVTx914@3.09 COOLx252@10.26 BCLIx675@4.36 RNNx3184@0.90 NAVBx1717@1.61 
Value: 13994.17
Sales: NAVBx1717@1.61 INVTx914@3.09 BCLIx675@4.36 RNNx3184@0.90 COOLx252@10.26 
Purchases: BWENx286@9.76 TGTXx312@8.95 YPFx97@28.84 TPIVx1738@1.61 ENGx806@3.47 

2014-06-18
Cash: 16.04
Held: YPFx97@30.80 ENGx806@3.43 TPIVx1738@1.43 TGTXx312@8.30 BWENx286@9.60 
Value: 13587.13
Sales: BWENx286@9.60 TGTXx312@8.30 YPFx97@30.80 TPIVx1738@1.43 ENGx806@3.43 
Purchases: ISRLx20@132.88 REIx157@17.28 PRPHx1709@1.59 CEIx4245@0.64 COOLx269@10.08 

2014-06-19
Cash: 71.03
Held: PRPHx1709@1.58 COOLx269@10.26 REIx157@17.41 ISRLx20@137.62 CEIx4245@0.67 
Value: 13859.84
Sales: CEIx4245@0.67 REIx157@17.41 ISRLx20@137.62 PRPHx1709@1.58 COOLx269@10.26 
Purchases: LARKx133@20.81 DLx174@15.90 UTEKx121@22.84 TGTXx340@8.13 SAJAx461@6.00 

2014-06-22
Cash: 30.20
Held: UTEKx121@22.36 DLx174@15.15 SAJAx461@6.00 LARKx133@20.33 TGTXx340@8.50 
Value: 13731.15
Sales: LARKx133@20.33 DLx174@15.15 UTEKx121@22.36 TGTXx340@8.50 SAJAx461@6.00 
Purchases: COHx80@34.25 SQBGx258@10.63 RGSEx1005@2.73 AOBCx177@15.43 TRNx65@42.22 

2014-06-23
Cash: 28.49
Held: RGSEx1005@2.82 AOBCx177@15.15 COHx80@34.03 SQBGx258@11.30 TRNx65@42.47 
Value: 13941.74
Sales: RGSEx1005@2.82 SQBGx258@11.30 TRNx65@42.47 AOBCx177@15.15 COHx80@34.03 
Purchases: AWXx678@4.11 IGCx1897@1.47 JRJCx665@4.19 ISRLx22@126.69 LEUx945@2.95 

2014-06-24
Cash: 6.09
Held: AWXx678@4.30 LEUx945@2.75 JRJCx665@4.28 ISRLx22@125.44 IGCx1897@1.45 
Value: 13878.45
Sales: JRJCx665@4.28 IGCx1897@1.45 LEUx945@2.75 ISRLx22@125.44 AWXx678@4.30 
Purchases: CBPOx66@41.50 OZRKx84@32.69 NVCNx444@6.25 GRCx79@35.06 CBMGx225@12.32 

2014-06-25
Cash: 76.69
Held: CBPOx66@40.41 NVCNx444@6.20 GRCx79@35.94 OZRKx84@33.09 CBMGx225@13.30 
Value: 14106.69
Sales: CBPOx66@40.41 OZRKx84@33.09 CBMGx225@13.30 GRCx79@35.94 NVCNx444@6.20 
Purchases: ATVx243@11.60 NETEx1649@1.71 LIVEx662@4.26 AXNx8547@0.33 HRTXx241@11.68 

2014-06-26
Cash: 10.55
Held: LIVEx662@4.46 ATVx243@12.20 AXNx8547@0.32 NETEx1649@1.67 HRTXx241@11.95 
Value: 14299.07
Sales: ATVx243@12.20 HRTXx241@11.95 LIVEx662@4.46 AXNx8547@0.32 NETEx1649@1.67 
Purchases: CNETx1422@2.01 MFNCx235@12.16 OGENx1312@2.18 FSNNx529@5.40 AXUx2233@1.28 

2014-06-29
Cash: 10.09
Held: MFNCx235@13.00 CNETx1422@2.05 AXUx2233@1.26 FSNNx529@5.27 OGENx1312@2.00 
Value: 14205.94
Sales: MFNCx235@13.00 CNETx1422@2.05 OGENx1312@2.00 FSNNx529@5.27 AXUx2233@1.26 
Purchases: SYRGx218@13.00 UNXLx394@7.20 GAZx979@2.90 OESXx703@4.04 OMNx312@9.10 

2014-06-30
Cash: 16.82
Held: GAZx979@2.92 SYRGx218@13.10 UNXLx394@8.08 OESXx703@4.12 OMNx312@9.14 
Value: 14663.35
Sales: UNXLx394@8.08 OMNx312@9.14 GAZx979@2.92 OESXx703@4.12 SYRGx218@13.10 
Purchases: GAIAx382@7.66 OGENx1503@1.95 OLBKx185@15.85 UECx1856@1.58 XTLBx1058@2.77 

2014-07-01
Cash: 10.70
Held: OLBKx185@15.70 XTLBx1058@3.05 UECx1856@1.75 GAIAx382@7.48 OGENx1503@1.97 
Value: 15209.54
Sales: GAIAx382@7.48 OGENx1503@1.97 OLBKx185@15.70 UECx1856@1.75 XTLBx1058@3.05 
Purchases: OSBCPx304@10.00 OPHCx2433@1.25 TKRx63@48.03 RELVx1913@1.59 ADGEx1719@1.77 

2014-07-02
Cash: 19.13
Held: OSBCPx304@9.91 TKRx63@49.72 RELVx1913@1.52 ADGEx1719@1.63 OPHCx2433@1.30 
Value: 15033.97
Sales: TKRx63@49.72 OPHCx2433@1.30 OSBCPx304@9.91 RELVx1913@1.52 ADGEx1719@1.63 
Purchases: MNKDx300@10.00 GPLx2548@1.18 SYMXx1821@1.65 CVMx2505@1.20 SCKTx1844@1.63 

2014-07-06
Cash: 10.77
Held: MNKDx300@10.06 CVMx2505@1.20 SCKTx1844@1.69 SYMXx1821@1.64 GPLx2548@1.21 
Value: 15221.94
Sales: MNKDx300@10.06 GPLx2548@1.21 CVMx2505@1.20 SYMXx1821@1.64 SCKTx1844@1.69 
Purchases: LINCx731@4.16 DLAx210@14.43 GBRx1049@2.90 SSKNx10146@0.30 JOEx125@24.25 

2014-07-07
Cash: 32.58
Held: JOEx125@23.94 DLAx210@14.41 SSKNx10146@0.28 LINCx731@4.01 GBRx1049@2.75 
Value: 14708.57
Sales: GBRx1049@2.75 DLAx210@14.41 LINCx731@4.01 JOEx125@23.94 SSKNx10146@0.28 
Purchases: LOANx840@3.50 WCSTx1085@2.71 OTIVx1337@2.20 LEUx518@5.67 OGENx1581@1.86 

2014-07-08
Cash: 7.60
Held: LEUx518@6.90 LOANx840@3.70 WCSTx1085@2.79 OTIVx1337@2.18 OGENx1581@2.01 
Value: 15806.15
Sales: LOANx840@3.70 WCSTx1085@2.79 OTIVx1337@2.18 LEUx518@6.90 OGENx1581@2.01 
Purchases: IPCIx924@3.42 CDTIx259@12.20 KONEx529@5.97 ARRYx752@4.20 AMOTx238@13.24 

2014-07-09
Cash: 18.61
Held: KONEx529@6.04 ARRYx752@4.00 IPCIx924@2.80 AMOTx238@13.30 CDTIx259@12.05 
Value: 15093.99
Sales: IPCIx924@2.80 CDTIx259@12.05 KONEx529@6.04 ARRYx752@4.00 AMOTx238@13.30 
Purchases: NUROx1397@2.16 COx697@4.33 TPIVx1818@1.66 HMNYx734@4.11 TCIx239@12.59 

2014-07-10
Cash: 15.20
Held: NUROx1397@2.26 COx697@4.70 TPIVx1818@1.78 TCIx239@12.58 HMNYx734@4.47 
Value: 15970.22
Sales: HMNYx734@4.47 COx697@4.70 TPIVx1818@1.78 NUROx1397@2.26 TCIx239@12.58 
Purchases: LQDTx249@12.82 CXDCx519@6.15 MTLx1845@1.73 CAMTx804@3.97 

2014-07-13
Cash: 3201.76
Held: CAMTx804@4.18 LQDTx249@13.13 MTLx1845@1.75 CXDCx519@6.36 
Value: 16361.57
Sales: LQDTx249@13.13 CXDCx519@6.36 MTLx1845@1.75 CAMTx804@4.18 
Purchases: SSRIx370@8.83 NETEx2577@1.27 MUXx1120@2.92 FSMx594@5.50 BAAx9913@0.33 

2014-07-14
Cash: 14.20
Held: MUXx1120@2.94 SSRIx370@9.16 BAAx9913@0.32 FSMx594@5.67 NETEx2577@1.18 
Value: 16276.19
Sales: SSRIx370@9.16 NETEx2577@1.18 FSMx594@5.67 MUXx1120@2.94 BAAx9913@0.32 
Purchases: YUMAx613@5.31 SINOx1860@1.75 KOSSx1071@3.04 ISLEx384@8.48 MBVXx2645@1.23 

2014-07-15
Cash: 2.59
Held: ISLEx384@8.42 SINOx1860@1.71 KOSSx1071@2.99 YUMAx613@5.30 MBVXx2645@1.23 
Value: 16123.63
Sales: YUMAx613@5.30 SINOx1860@1.71 KOSSx1071@2.99 ISLEx384@8.42 MBVXx2645@1.23 
Purchases: ATVx271@11.87 OPTTx2878@1.12 CASMx1679@1.92 FHCOx771@4.18 TGSx1053@3.06 

2014-07-16
Cash: 15.08
Held: ATVx271@12.47 TGSx1053@2.93 CASMx1679@1.91 FHCOx771@4.14 OPTTx2878@1.12 
Value: 16102.35
Sales: ATVx271@12.47 TGSx1053@2.93 FHCOx771@4.14 OPTTx2878@1.12 CASMx1679@1.91 
Purchases: CDXSx1750@1.84 INVTx1541@2.09 IGCx3008@1.07 YTENx4807@0.67 CETCx187@17.20 

2014-07-17
Cash: 5.37
Held: INVTx1541@1.98 YTENx4807@0.57 CDXSx1750@1.83 IGCx3008@1.02 CETCx187@16.59 
Value: 15168.84
Sales: YTENx4807@0.57 INVTx1541@1.98 IGCx3008@1.02 CDXSx1750@1.83 CETCx187@16.59 
Purchases: PLUGx665@4.56 FFBCWx577@5.25 RPRXx198@15.25 INTXx762@3.98 LCIx82@36.88 

2014-07-20
Cash: 31.75
Held: RPRXx198@15.17 FFBCWx577@5.25 INTXx762@3.97 PLUGx665@5.18 LCIx82@38.09 
Value: 15658.89
Sales: PLUGx665@5.18 FFBCWx577@5.25 RPRXx198@15.17 INTXx762@3.97 LCIx82@38.09 
Purchases: CJJDx2159@1.45 YTENx5911@0.53 NUSx50@62.53 HMNYx855@3.66 NVLNx547@5.72 

2014-07-21
Cash: 12.21
Held: YTENx5911@0.60 CJJDx2159@1.56 NVLNx547@5.76 HMNYx855@3.71 NUSx50@60.38 
Value: 16269.76
Sales: CJJDx2159@1.56 YTENx5911@0.60 NVLNx547@5.76 HMNYx855@3.71 NUSx50@60.38 
Purchases: KEGx469@6.93 CNETx1913@1.70 COOLx293@11.10 EZPWx333@9.76 UAMYx2169@1.50 

2014-07-22
Cash: 11.65
Held: CNETx1913@1.70 EZPWx333@9.52 UAMYx2169@1.51 COOLx293@10.80 KEGx469@6.85 
Value: 16086.98
Sales: CNETx1913@1.70 UAMYx2169@1.51 KEGx469@6.85 EZPWx333@9.52 COOLx293@10.80 
Purchases: EDZx112@28.53 BFRx242@13.28 SILCx106@30.30 PESIx713@4.51 EDUx152@21.09 

2014-07-23
Cash: 42.84
Held: EDUx152@20.52 EDZx112@28.53 PESIx713@4.57 SILCx106@29.06 BFRx242@13.06 
Value: 15857.10
Sales: EDZx112@28.53 PESIx713@4.57 SILCx106@29.06 BFRx242@13.06 EDUx152@20.52 
Purchases: CNMDx82@38.66 LOANx1305@2.43 GSKx63@50.06 JNPRx141@22.44 AUMNx2537@1.25 

2014-07-24
Cash: 27.67
Held: CNMDx82@39.19 JNPRx141@23.17 AUMNx2537@1.23 LOANx1305@2.62 GSKx63@48.91 
Value: 16129.05
Sales: CNMDx82@39.19 LOANx1305@2.62 GSKx63@48.91 JNPRx141@23.17 AUMNx2537@1.23 
Purchases: MANHx102@31.44 SHIPx2194@1.47 FDMLx182@17.67 INVAx138@23.38 CBAKx924@3.49 

2014-07-27
Cash: 30.84
Held: SHIPx2194@1.46 INVAx138@22.53 FDMLx182@17.67 MANHx102@31.45 CBAKx924@4.14 
Value: 16593.74
Sales: MANHx102@31.45 SHIPx2194@1.46 FDMLx182@17.67 INVAx138@22.53 CBAKx924@4.14 
Purchases: IQNTx289@11.45 DRWIx82@40.00 CLFDx250@13.23 DHIx154@21.55 ANGOx236@14.03 

2014-07-28
Cash: 67.55
Held: CLFDx250@13.11 DHIx154@21.56 DRWIx82@38.25 IQNTx289@11.04 ANGOx236@14.37 
Value: 16382.97
Sales: IQNTx289@11.04 DRWIx82@38.25 CLFDx250@13.11 DHIx154@21.56 ANGOx236@14.37 
Purchases: FPAYx4679@0.70 IDXXx25@129.12 CBIx51@63.41 KONEx574@5.70 MXWLx291@11.26 

2014-07-29
Cash: 97.54
Held: IDXXx25@129.12 KONEx574@5.55 FPAYx4679@0.70 CBIx51@60.81 MXWLx291@11.02 
Value: 16097.28
Sales: FPAYx4679@0.70 IDXXx25@129.12 KONEx574@5.55 MXWLx291@11.02 CBIx51@60.81 
Purchases: GALTx519@6.20 HLFx55@58.50 OSKx68@46.72 CBIOx167@19.19 IPXLx139@23.06 

2014-07-30
Cash: 75.51
Held: HLFx55@55.47 GALTx519@6.51 IPXLx139@23.14 CBIOx167@19.59 OSKx68@46.59 
Value: 16162.95
Sales: GALTx519@6.51 HLFx55@55.47 OSKx68@46.59 IPXLx139@23.14 CBIOx167@19.59 
Purchases: CTLx81@39.56 ETRMx2@1292.00 WINx288@11.21 HILx695@4.65 AXUx3170@1.02 

2014-07-31
Cash: 683.06
Held: CTLx81@39.12 AXUx3170@1.04 ETRMx2@1323.00 HILx695@4.14 WINx288@11.37 
Value: 15946.60
Sales: CTLx81@39.12 ETRMx2@1323.00 WINx288@11.37 HILx695@4.14 AXUx3170@1.04 
Purchases: UIHCx219@14.50 CBMGx167@18.98 EDAPx1635@1.95 MTWx119@26.61 EHTHx154@20.70 

2014-08-03
Cash: 57.34
Held: EHTHx154@20.39 UIHCx219@14.65 EDAPx1635@1.80 CBMGx167@24.38 MTWx119@27.17 
Value: 16652.26
Sales: UIHCx219@14.65 CBMGx167@24.38 EDAPx1635@1.80 MTWx119@27.17 EHTHx154@20.39 
Purchases: INSYx128@25.84 SHIPx2396@1.39 ANIKx81@41.09 XTNTx649@5.13 PXLWx532@6.25 

2014-08-04
Cash: 32.41
Held: SHIPx2396@1.47 PXLWx532@6.16 XTNTx649@4.99 INSYx128@25.75 ANIKx81@40.34 
Value: 16632.32
Sales: INSYx128@25.75 SHIPx2396@1.47 ANIKx81@40.34 XTNTx649@4.99 PXLWx532@6.16 
Purchases: YTENx8115@0.41 DGSEx2246@1.48 INSMx263@12.63 NEx123@26.83 ABTLx408@8.14 

2014-08-05
Cash: 37.08
Held: DGSEx2246@1.60 YTENx8115@0.54 NEx123@26.50 ABTLx408@8.20 INSMx263@12.57 
Value: 17924.59
Sales: INSMx263@12.57 YTENx8115@0.54 ABTLx408@8.20 NEx123@26.50 DGSEx2246@1.60 
Purchases: FNCXx1739@2.06 ECOM          x210@17.00 IRWDx268@13.36 IHTx1739@2.06 ASPSx42@84.06 

2014-08-06
Cash: 77.07
Held: IHTx1739@2.01 ECOM          x210@16.83 FNCXx1739@2.05 IRWDx268@14.00 ASPSx42@86.62 
Value: 18062.52
Sales: FNCXx1739@2.05 ECOM          x210@16.83 IRWDx268@14.00 IHTx1739@2.01 ASPSx42@86.62 
Purchases: CRRx34@105.19 TWXx49@73.69 ROIAx1172@3.08 ROIAKx1081@3.34 XTLBx1428@2.53 

2014-08-07
Cash: 43.40
Held: XTLBx1428@2.89 ROIAKx1081@3.00 TWXx49@72.00 ROIAx1172@3.03 CRRx34@102.44 
Value: 17975.42
Sales: CRRx34@102.44 ROIAx1172@3.03 TWXx49@72.00 ROIAKx1081@3.00 XTLBx1428@2.89 
Purchases: MNTXx295@12.15 DISCAx87@41.06 DISCKx89@39.97 APEIx121@29.62 PHMDx412@8.72 

2014-08-10
Cash: 85.22
Held: DISCAx87@42.28 DISCKx89@41.03 MNTXx295@12.02 PHMDx412@9.27 APEIx121@29.91 
Value: 18401.70
Sales: DISCAx87@42.28 DISCKx89@41.03 APEIx121@29.91 PHMDx412@9.27 MNTXx295@12.02 
Purchases: LTBRx1415@2.60 GSITx658@5.59 DLAx346@10.62 JOBSx100@36.50 OMEx314@11.71 

2014-08-11
Cash: 44.36
Held: DLAx346@10.31 LTBRx1415@2.83 GSITx658@5.20 OMEx314@12.27 JOBSx100@31.66 
Value: 18057.61
Sales: LTBRx1415@2.83 GSITx658@5.20 DLAx346@10.31 JOBSx100@31.66 OMEx314@12.27 
Purchases: TEARx1037@3.48 KNDx184@19.62 WGBSx328@11.00 RXDx180@20.06 ADGEx2984@1.21 

2014-08-12
Cash: 7.59
Held: KNDx184@19.44 RXDx180@20.50 ADGEx2984@1.26 WGBSx328@11.00 TEARx1037@3.38 
Value: 18147.18
Sales: TEARx1037@3.38 KNDx184@19.44 WGBSx328@11.00 RXDx180@20.50 ADGEx2984@1.26 
Purchases: MNKDx483@7.51 BDEx451@8.05 VRTBx826@4.39 EDNx267@13.55 GSITx701@5.17 

2014-08-13
Cash: 20.73
Held: EDNx267@13.00 MNKDx483@7.30 VRTBx826@4.39 GSITx701@5.09 BDEx451@8.00 
Value: 17820.64
Sales: MNKDx483@7.30 GSITx701@5.09 VRTBx826@4.39 BDEx451@8.00 EDNx267@13.00 
Purchases: GALTx813@4.38 SOLx1414@2.52 SIFx129@27.50 TPIVx2783@1.28 CREEx79@44.75 

2014-08-14
Cash: 52.22
Held: CREEx79@45.06 GALTx813@4.68 TPIVx2783@1.23 SOLx1414@2.64 SIFx129@27.77 
Value: 18156.75
Sales: GALTx813@4.68 SOLx1414@2.64 SIFx129@27.77 CREEx79@45.06 TPIVx2783@1.23 
Purchases: VLGEAx177@20.50 MSLIx1973@1.84 CNITx716@5.07 OHGIx1402@2.59 KONEx810@4.48 

2014-08-17
Cash: 7.75
Held: OHGIx1402@2.88 KONEx810@4.31 MSLIx1973@1.83 VLGEAx177@19.53 CNITx716@5.00 
Value: 18184.45
Sales: VLGEAx177@19.53 MSLIx1973@1.83 CNITx716@5.00 OHGIx1402@2.88 KONEx810@4.31 
Purchases: ROXx3397@1.07 SINOx2456@1.48 SMSIx3672@0.99 CHCIx423@8.58 CBMGx159@22.80 

2014-08-18
Cash: 23.18
Held: SMSIx3672@1.08 SINOx2456@1.59 CHCIx423@8.26 CBMGx159@21.41 ROXx3397@1.03 
Value: 18290.37
Sales: SMSIx3672@1.08 SINOx2456@1.59 ROXx3397@1.03 CHCIx423@8.26 CBMGx159@21.41 
Purchases: CDXCx999@3.66 WCSTx1576@2.32 LEUx708@5.16 ICCCx812@4.50 EGTx1663@2.20 

2014-08-19
Cash: 12.37
Held: LEUx708@5.00 WCSTx1576@2.39 CDXCx999@3.60 ICCCx812@4.43 EGTx1663@2.32 
Value: 18371.59
Sales: CDXCx999@3.60 WCSTx1576@2.39 LEUx708@5.00 ICCCx812@4.43 EGTx1663@2.32 
Purchases: IDNx806@4.56 ALNx3193@1.15 GENEx5653@0.65 MITKx1550@2.37 CASCx266@13.80 

2014-08-20
Cash: 8.13
Held: GENEx5653@0.63 CASCx266@13.80 ALNx3193@1.20 MITKx1550@2.25 IDNx806@5.09 
Value: 18660.97
Sales: ALNx3193@1.20 IDNx806@5.09 GENEx5653@0.63 MITKx1550@2.25 CASCx266@13.80 
Purchases: RGSEx2039@1.83 HLTHx3331@1.12 NSECx346@10.76 REEDx618@6.03 PLXx1529@2.44 

2014-08-21
Cash: 18.89
Held: NSECx346@11.00 RGSEx2039@1.82 HLTHx3331@1.12 REEDx618@6.23 PLXx1529@2.44 
Value: 18847.97
Sales: RGSEx2039@1.82 HLTHx3331@1.12 NSECx346@11.00 REEDx618@6.23 PLXx1529@2.44 
Purchases: LRADx1282@2.94 FCELx1477@2.55 NVCNx737@5.11 VBFCx150@25.00 OHGIx1496@2.52 

2014-08-24
Cash: 27.26
Held: VBFCx150@25.11 NVCNx737@5.60 OHGIx1496@2.32 FCELx1477@2.65 LRADx1282@3.10 
Value: 19281.53
Sales: LRADx1282@3.10 FCELx1477@2.65 OHGIx1496@2.32 VBFCx150@25.11 NVCNx737@5.60 
Purchases: BORNx1600@2.41 WGBSx787@4.90 PNTRx575@6.70 KNDIx202@19.02 BDRx2604@1.48 

2014-08-25
Cash: 21.86
Held: KNDIx202@19.73 WGBSx787@4.60 PNTRx575@6.87 BORNx1600@2.28 BDRx2604@1.42 
Value: 18924.87
Sales: BORNx1600@2.28 WGBSx787@4.60 PNTRx575@6.87 KNDIx202@19.73 BDRx2604@1.42 
Purchases: RGSEx2336@1.62 UNAMx313@12.06 BSPMx284@13.30 OZMx320@11.82 BOSCx1146@3.30 

2014-08-26
Cash: 23.20
Held: RGSEx2336@1.45 UNAMx313@12.05 BOSCx1146@3.54 OZMx320@12.32 BSPMx284@13.37 
Value: 18976.08
Sales: RGSEx2336@1.45 BOSCx1146@3.54 BSPMx284@13.37 OZMx320@12.32 UNAMx313@12.05 
Purchases: FSIx2342@1.62 TSLx309@12.25 FUEx444@8.55 MOVx94@40.25 NVCNx769@4.93 

2014-08-27
Cash: 27.27
Held: MOVx94@38.47 NVCNx769@5.00 FSIx2342@1.59 TSLx309@12.40 FUEx444@8.60 
Value: 18861.96
Sales: FSIx2342@1.59 TSLx309@12.40 FUEx444@8.60 MOVx94@38.47 NVCNx769@5.00 
Purchases: INUVx3017@1.25 NLSTx3430@1.10 SKYx1089@3.46 AOBCx330@11.43 QUIKx1086@3.47 

2014-08-28
Cash: 9.11
Held: QUIKx1086@3.38 INUVx3017@1.40 AOBCx330@11.11 NLSTx3430@1.12 SKYx1089@3.53 
Value: 19257.20
Sales: SKYx1089@3.53 NLSTx3430@1.12 INUVx3017@1.40 AOBCx330@11.11 QUIKx1086@3.38 
Purchases: CNETx1751@2.20 GESx164@23.41 GENEx5424@0.71 WSMx58@65.88 ISNSx1043@3.69 

2014-09-01
Cash: 48.06
Held: WSMx58@65.94 CNETx1751@2.10 GENEx5424@0.66 ISNSx1043@3.91 GESx164@23.38 
Value: 19041.33
Sales: CNETx1751@2.10 GESx164@23.38 GENEx5424@0.66 WSMx58@65.94 ISNSx1043@3.91 
Purchases: FROx1904@2.00 SBOTx2410@1.58 KOSSx1722@2.21 EDAPx2457@1.55 UECx3022@1.26 

2014-09-02
Cash: 3.23
Held: FROx1904@2.01 UECx3022@1.35 KOSSx1722@2.20 SBOTx2410@1.51 EDAPx2457@1.56 
Value: 19165.80
Sales: KOSSx1722@2.20 SBOTx2410@1.51 FROx1904@2.01 EDAPx2457@1.56 UECx3022@1.35 
Purchases: EXELx2072@1.85 NCTYx1228@3.12 SBOTx2538@1.51 RIBTx737@5.20 CONNx122@31.38 

2014-09-03
Cash: 11.74
Held: CONNx122@30.42 EXELx2072@1.90 SBOTx2538@1.74 NCTYx1228@3.10 RIBTx737@5.00 
Value: 19568.86
Sales: EXELx2072@1.90 NCTYx1228@3.10 SBOTx2538@1.74 RIBTx737@5.00 CONNx122@30.42 
Purchases: CLDx274@14.25 SKYx1304@3.00 KONEx869@4.50 ATROx72@53.62 JRJCx459@8.52 

2014-09-04
Cash: 68.60
Held: CLDx274@14.17 KONEx869@4.39 SKYx1304@2.94 ATROx72@54.25 JRJCx459@8.53 
Value: 19422.04
Sales: CLDx274@14.17 SKYx1304@2.94 KONEx869@4.39 ATROx72@54.25 JRJCx459@8.53 
Purchases: AVNWx231@16.80 SCVLx197@19.70 IGCx4517@0.86 RPRXx227@17.09 MTRXx169@22.94 

2014-09-07
Cash: 19.72
Held: MTRXx169@24.73 RPRXx227@16.69 SCVLx197@19.41 AVNWx231@17.77 IGCx4517@0.88 
Value: 19889.21
Sales: SCVLx197@19.41 AVNWx231@17.77 IGCx4517@0.88 RPRXx227@16.69 MTRXx169@24.73 
Purchases: SGOCx1415@2.81 IDNx766@5.19 MITKx1231@3.23 ARTWx769@5.17 GLOWx2947@1.35 

2014-09-08
Cash: 4.50
Held: ARTWx769@5.17 GLOWx2947@1.34 SGOCx1415@2.66 MITKx1231@3.07 IDNx766@5.15 
Value: 19417.57
Sales: SGOCx1415@2.66 IDNx766@5.15 MITKx1231@3.07 ARTWx769@5.17 GLOWx2947@1.34 
Purchases: PRANx1598@2.43 WRLDx54@71.00 AUMNx5246@0.74 KERXx253@15.33 BDRx2660@1.46 

2014-09-09
Cash: 56.14
Held: AUMNx5246@0.72 WRLDx54@71.44 KERXx253@14.59 PRANx1598@2.40 BDRx2660@1.48 
Value: 19158.11
Sales: PRANx1598@2.40 WRLDx54@71.44 BDRx2660@1.48 KERXx253@14.59 AUMNx5246@0.72 
Purchases: TCCOx841@4.55 THMx7095@0.54 LBJx140@27.36 KOSSx1888@2.03 ABACx766@5.00 

2014-09-10
Cash: 7.70
Held: ABACx766@5.48 KOSSx1888@2.04 LBJx140@26.98 TCCOx841@4.59 THMx7095@0.57 
Value: 19736.26
Sales: ABACx766@5.48 THMx7095@0.57 LBJx140@26.98 KOSSx1888@2.04 TCCOx841@4.59 
Purchases: NHTCx302@13.04 IMMRx401@9.83 LEUx1252@3.15 RADAx1096@3.60 MGCDx559@7.05 

2014-09-11
Cash: 26.54
Held: RADAx1096@3.66 LEUx1252@2.92 IMMRx401@9.99 NHTCx302@11.95 MGCDx559@6.85 
Value: 19140.54
Sales: NHTCx302@11.95 IMMRx401@9.99 LEUx1252@2.92 RADAx1096@3.66 MGCDx559@6.85 
Purchases: WKHSx16645@0.23 INVEx253@15.10 RICx1796@2.13 STRMx957@4.00 MBVXx608@6.29 

2014-09-14
Cash: 13.05
Held: INVEx253@15.05 RICx1796@2.20 WKHSx16645@0.20 STRMx957@4.10 MBVXx608@5.50 
Value: 18367.09
Sales: WKHSx16645@0.20 INVEx253@15.05 RICx1796@2.20 STRMx957@4.10 MBVXx608@5.50 
Purchases: FNCXx1020@3.60 OREXx713@5.15 MTSLx2253@1.63 AHPIx870@4.22 FCSCx1340@2.74 

2014-09-15
Cash: 10.30
Held: FNCXx1020@3.41 OREXx713@4.85 AHPIx870@4.36 FCSCx1340@2.69 MTSLx2253@1.49 
Value: 17701.84
Sales: FNCXx1020@3.41 OREXx713@4.85 MTSLx2253@1.49 AHPIx870@4.36 FCSCx1340@2.69 
Purchases: DRNx251@14.07 UNISx1487@2.38 GOGLx308@11.47 SYNx1862@1.90 NTNx9319@0.38 

2014-09-16
Cash: 18.83
Held: DRNx251@14.57 SYNx1862@1.85 GOGLx308@11.43 UNISx1487@2.45 NTNx9319@0.38 
Value: 17822.41
Sales: UNISx1487@2.45 GOGLx308@11.43 SYNx1862@1.85 NTNx9319@0.38 DRNx251@14.57 
Purchases: OPXAx3241@1.10 COOLx404@8.82 ATx1414@2.52 RADAx1325@2.69 NSSCx808@4.41 

2014-09-17
Cash: 5.62
Held: RADAx1325@2.82 OPXAx3241@1.11 NSSCx808@4.44 COOLx404@8.64 ATx1414@2.25 
Value: 17602.15
Sales: OPXAx3241@1.11 COOLx404@8.64 ATx1414@2.25 RADAx1325@2.82 NSSCx808@4.44 
Purchases: TEUMx3259@1.08 ESCAx287@12.26 OMEXx4094@0.86 HGSHx562@6.26 VHCx515@6.83 

2014-09-18
Cash: 8.33
Held: TEUMx3259@1.04 VHCx515@5.60 OMEXx4094@0.88 ESCAx287@12.24 HGSHx562@5.64 
Value: 16568.41
Sales: ESCAx287@12.24 OMEXx4094@0.88 TEUMx3259@1.04 HGSHx562@5.64 VHCx515@5.60 
Purchases: SINOx1325@2.50 NETEx1138@2.91 OTIVx944@3.51 IFONx1352@2.45 ANTHx2071@1.60 

2014-09-21
Cash: 6.79
Held: ANTHx2071@1.61 IFONx1352@2.40 SINOx1325@2.28 OTIVx944@3.13 NETEx1138@3.25 
Value: 16261.26
Sales: NETEx1138@3.25 SINOx1325@2.28 IFONx1352@2.40 OTIVx944@3.13 ANTHx2071@1.61 
Purchases: VHCx611@5.32 RPRXx351@9.25 LEUx1983@1.64 QRHCx1767@1.84 CETCx80@40.59 

2014-09-22
Cash: 13.87
Held: RPRXx351@8.95 QRHCx1767@1.84 VHCx611@5.00 LEUx1983@1.45 CETCx80@35.69 
Value: 15193.16
Sales: CETCx80@35.69 RPRXx351@8.95 VHCx611@5.00 QRHCx1767@1.84 LEUx1983@1.45 
Purchases: ESNCx3946@0.77 CREGx2619@1.16 KONEx949@3.20 MTLx3896@0.78 MBVXx394@7.71 

2014-09-23
Cash: 4.00
Held: ESNCx3946@0.84 CREGx2619@1.24 KONEx949@3.16 MTLx3896@0.79 MBVXx394@8.39 
Value: 15949.09
Sales: ESNCx3946@0.84 MBVXx394@8.39 KONEx949@3.16 MTLx3896@0.79 CREGx2619@1.24 
Purchases: SRSCx284@11.21 GRBKx484@6.59 WPCSx3798@0.84 TTMIx467@6.83 CEIx6509@0.49 

2014-09-24
Cash: 7.89
Held: WPCSx3798@0.84 GRBKx484@6.48 SRSCx284@11.42 TTMIx467@6.92 CEIx6509@0.45 
Value: 15739.22
Sales: SRSCx284@11.42 GRBKx484@6.48 WPCSx3798@0.84 TTMIx467@6.92 CEIx6509@0.45 
Purchases: CNETx572@5.50 ACURx925@3.40 SBOTx2558@1.23 OTIVx1097@2.87 NVCNx545@5.77 

2014-09-25
Cash: 8.48
Held: CNETx572@6.62 NVCNx545@5.76 ACURx925@3.40 SBOTx2558@1.15 OTIVx1097@2.94 
Value: 16248.52
Sales: CNETx572@6.62 ACURx925@3.40 SBOTx2558@1.15 OTIVx1097@2.94 NVCNx545@5.76 
Purchases: CYTXx318@10.20 LLITx654@4.97 OMNx570@5.69 OHGIx1562@2.08 MBVXx457@7.10 

2014-09-28
Cash: 15.77
Held: OHGIx1562@2.25 LLITx654@4.92 OMNx570@5.67 CYTXx318@10.05 MBVXx457@6.90 
Value: 16329.64
Sales: CYTXx318@10.05 MBVXx457@6.90 LLITx654@4.92 OHGIx1562@2.25 OMNx570@5.67 
Purchases: IRMx103@31.66 OMEXx3711@0.88 LEUx3051@1.07 POWLx73@44.69 FINLx129@25.12 

2014-09-29
Cash: 34.96
Held: POWLx73@43.12 FINLx129@25.39 LEUx3051@10.00 OMEXx3711@0.95 IRMx103@32.59 
Value: 43851.81
Sales: IRMx103@32.59 OMEXx3711@0.95 FINLx129@25.39 POWLx73@43.12 LEUx3051@10.00 
Purchases: WMLPx11693@0.75 SRSCx930@9.42 DGLYx534@16.41 ELGXx811@10.81 AMCNx5039@1.74 

2014-09-30
Cash: 20.80
Held: AMCNx5039@1.73 SRSCx930@9.60 DGLYx534@15.53 ELGXx811@10.57 WMLPx11693@0.77 
Value: 43540.13
Sales: WMLPx11693@0.77 AMCNx5039@1.73 DGLYx534@15.53 ELGXx811@10.57 SRSCx930@9.60 
Purchases: EXELx5511@1.58 PDFSx691@12.60 IOTx1478@5.89 UBRx215@40.50 XTLBx5184@1.68 

2014-10-01
Cash: 3.30
Held: XTLBx5184@1.67 IOTx1478@5.82 UBRx215@39.25 PDFSx691@12.72 EXELx5511@1.52 
Value: 42864.14
Sales: EXELx5511@1.52 PDFSx691@12.72 IOTx1478@5.82 UBRx215@39.25 XTLBx5184@1.67 
Purchases: CNETx1116@7.68 FNCXx2521@3.40 JRJCx1339@6.40 ADPx119@71.69 GROWx2499@3.43 

2014-10-02
Cash: 52.11
Held: CNETx1116@7.88 ADPx119@73.56 FNCXx2521@3.21 GROWx2499@3.32 JRJCx1339@6.12 
Value: 42187.29
Sales: CNETx1116@7.88 FNCXx2521@3.21 GROWx2499@3.32 ADPx119@73.56 JRJCx1339@6.12 
Purchases: GASLx399@21.12 NTNx29090@0.29 WAFDWx2018@4.18 LEUx1140@7.40 CPRXx3101@2.72 

2014-10-05
Cash: 15.45
Held: CPRXx3101@2.75 WAFDWx2018@4.90 GASLx399@20.06 LEUx1140@7.59 NTNx29090@0.34 
Value: 44978.76
Sales: LEUx1140@7.59 WAFDWx2018@4.90 GASLx399@20.06 NTNx29090@0.34 CPRXx3101@2.75 
Purchases: UAMYx8031@1.12 INVTx5623@1.60 GBRx7196@1.25 MTLx8823@1.02 OHAIx1477@6.09 

2014-10-06
Cash: 3.48
Held: INVTx5623@1.53 UAMYx8031@1.05 OHAIx1477@6.16 GBRx7196@1.04 MTLx8823@0.95 
Value: 42005.43
Sales: UAMYx8031@1.05 INVTx5623@1.53 GBRx7196@1.04 MTLx8823@0.95 OHAIx1477@6.16 
Purchases: SORLx2143@3.92 QBAKx6617@1.27 CLFx1028@8.17 XTLBx3575@2.35 GOROx1810@4.64 

2014-10-07
Cash: 4.48
Held: XTLBx3575@2.20 SORLx2143@3.60 CLFx1028@7.75 GOROx1810@4.35 QBAKx6617@1.27 
Value: 39824.46
Sales: SORLx2143@3.60 QBAKx6617@1.27 CLFx1028@7.75 XTLBx3575@2.20 GOROx1810@4.35 
Purchases: CYTXx925@8.61 ACURx2654@3.00 UISx386@20.59 GBRx7730@1.03 CMCTx408@19.50 

2014-10-08
Cash: 29.59
Held: UISx386@20.17 ACURx2654@2.95 CMCTx408@19.23 GBRx7730@1.10 CYTXx925@7.42 
Value: 38856.00
Sales: CYTXx925@7.42 ACURx2654@2.95 UISx386@20.17 GBRx7730@1.10 CMCTx408@19.23 
Purchases: NAKx19432@0.40 VIIx4112@1.89 FPPx2451@3.17 ISSCx2755@2.82 CHCIx1110@7.00 

2014-10-09
Cash: 5.42
Held: NAKx19432@0.41 VIIx4112@1.60 CHCIx1110@6.93 ISSCx2755@2.79 FPPx2451@2.85 
Value: 36908.64
Sales: NAKx19432@0.41 VIIx4112@1.60 CHCIx1110@6.93 ISSCx2755@2.79 FPPx2451@2.85 
Purchases: ARWRx1077@6.85 PHXx284@25.91 ARCWx586@12.58 TPIVx12300@0.60 WPCSx11719@0.63 

2014-10-12
Cash: 38.56
Held: WPCSx11719@0.62 TPIVx12300@0.55 PHXx284@23.38 ARCWx586@10.11 ARWRx1077@6.45 
Value: 33576.71
Sales: ARWRx1077@6.45 WPCSx11719@0.62 ARCWx586@10.11 TPIVx12300@0.55 PHXx284@23.38 
Purchases: RTIXx1781@3.77 APHx146@45.81 IGCx10490@0.64 GASLx490@13.70 ISNSx3037@2.21 

2014-10-13
Cash: 30.37
Held: APHx146@45.84 GASLx490@11.20 ISNSx3037@2.06 RTIXx1781@3.67 IGCx10490@0.61 
Value: 31404.56
Sales: RTIXx1781@3.67 APHx146@45.84 IGCx10490@0.61 GASLx490@11.20 ISNSx3037@2.06 
Purchases: CNETx1618@3.88 BGIx6220@1.01 MNTAx628@10.00 ARCWx682@9.20 GTXIx14957@0.42 

2014-10-14
Cash: 7.29
Held: CNETx1618@4.50 GTXIx14957@0.45 MNTAx628@10.26 ARCWx682@8.24 BGIx6220@0.97 
Value: 32116.02
Sales: CNETx1618@4.50 MNTAx628@10.26 ARCWx682@8.24 GTXIx14957@0.45 BGIx6220@0.97 
Purchases: TPLx46@137.25 RBCNx1551@4.14 GASLx636@10.09 AHPIx1427@4.50 OBCIx1443@4.45 

2014-10-15
Cash: 119.06
Held: OBCIx1443@3.96 TPLx46@132.00 GASLx636@11.37 AHPIx1427@4.70 RBCNx1551@4.15 
Value: 32276.24
Sales: RBCNx1551@4.15 TPLx46@132.00 GASLx636@11.37 AHPIx1427@4.70 OBCIx1443@3.96 
Purchases: SNNx223@28.94 QVCAx269@23.94 SHPGx37@173.50 ENOCx498@12.95 CLMx1498@4.31 

2014-10-16
Cash: 59.56
Held: SNNx223@30.28 ENOCx498@13.61 CLMx1498@4.62 QVCAx269@23.78 SHPGx37@182.12 
Value: 33647.93
Sales: SNNx223@30.28 CLMx1498@4.62 SHPGx37@182.12 ENOCx498@13.61 QVCAx269@23.78 
Purchases: TEARx2191@3.07 TRXx3718@1.81 QVCBx269@25.02 NUSx152@44.16 ARTWx1269@5.30 

2014-10-19
Cash: 25.25
Held: ARTWx1269@5.37 TRXx3718@1.75 QVCBx269@25.14 NUSx152@44.12 TEARx2191@3.16 
Value: 33741.39
Sales: TEARx2191@3.16 TRXx3718@1.75 QVCBx269@25.14 NUSx152@44.12 ARTWx1269@5.37 
Purchases: TPIVx17764@0.38 MGHx19842@0.34 DPKx175@38.50 PBHCx682@9.89 URBNx228@29.55 

2014-10-20
Cash: 25.54
Held: DPKx175@37.03 TPIVx17764@0.35 PBHCx682@9.64 URBNx228@30.23 MGHx19842@0.37 
Value: 33537.35
Sales: MGHx19842@0.37 DPKx175@37.03 TPIVx17764@0.35 URBNx228@30.23 PBHCx682@9.64 
Purchases: CWEIx92@72.19 VSRx1916@3.50 REN           x369@18.16 RENx1847@3.63 LAKEx484@13.84 

2014-10-21
Cash: 83.87
Held: CWEIx92@75.38 VSRx1916@3.59 LAKEx484@14.71 REN           x369@18.91 RENx1847@3.78 
Value: 34973.37
Sales: CWEIx92@75.38 VSRx1916@3.59 REN           x369@18.91 RENx1847@3.78 LAKEx484@14.71 
Purchases: MPETx3886@1.80 AMCNx3238@2.16 EBR.Bx1840@3.80 VXXx213@32.69 DLHCx2700@2.59 

2014-10-22
Cash: 36.29
Held: AMCNx3238@2.13 VXXx213@33.34 DLHCx2700@2.55 MPETx3886@1.80 EBR.Bx1840@3.53 
Value: 34413.29
Sales: MPETx3886@1.80 AMCNx3238@2.13 EBR.Bx1840@3.53 VXXx213@33.34 DLHCx2700@2.55 
Purchases: ASPSx98@69.62 CETCx213@32.19 BAAx40475@0.17 ATx3072@2.24 OCNx359@19.12 

2014-10-23
Cash: 103.70
Held: BAAx40475@0.18 ASPSx98@71.88 ATx3072@2.32 OCNx359@19.45 CETCx213@28.70 
Value: 34660.56
Sales: CETCx213@28.70 ASPSx98@71.88 OCNx359@19.45 ATx3072@2.32 BAAx40475@0.18 
Purchases: CABx141@48.97 UTEKx402@17.23 TPIVx22357@0.31 CLBx53@128.50 SSKNx3629@1.91 

2014-10-26
Cash: 153.31
Held: UTEKx402@17.59 SSKNx3629@1.93 CLBx53@129.00 TPIVx22357@0.31 CABx141@49.09 
Value: 34920.03
Sales: CABx141@49.09 UTEKx402@17.59 SSKNx3629@1.93 CLBx53@129.00 TPIVx22357@0.31 
Purchases: IGCx8956@0.78 EGTx3880@1.80 HUBGx204@34.09 JAKKx1074@6.50 SYNAx112@62.16 

2014-10-27
Cash: 55.41
Held: HUBGx204@35.16 JAKKx1074@6.41 IGCx8956@0.77 EGTx3880@1.80 SYNAx112@63.22 
Value: 35071.83
Sales: IGCx8956@0.77 SYNAx112@63.22 HUBGx204@35.16 JAKKx1074@6.41 EGTx3880@1.80 
Purchases: PDFSx579@12.11 DRRXx9232@0.76 IBIOx5197@1.35 IHTx2934@2.39 BASx555@12.62 

2014-10-28
Cash: 15.79
Held: DRRXx9232@0.76 IHTx2934@2.31 BASx555@12.69 PDFSx579@12.27 IBIOx5197@1.00 
Value: 33153.98
Sales: PDFSx579@12.27 DRRXx9232@0.76 BASx555@12.69 IHTx2934@2.31 IBIOx5197@1.00 
Purchases: DCOx258@25.69 ENGx5022@1.32 AXNx22861@0.29 APDNx1163@5.70 PESx729@9.09 

2014-10-29
Cash: 7.88
Held: APDNx1163@6.31 DCOx258@24.86 ENGx5022@1.30 PESx729@9.15 AXNx22861@0.30 
Value: 33814.74
Sales: DCOx258@24.86 PESx729@9.15 AXNx22861@0.30 APDNx1163@6.31 ENGx5022@1.30 
Purchases: MPWRx162@41.72 LAYNx1001@6.75 SBOTx5368@1.26 GIGAx4097@1.65 ZIOPx2216@3.05 

2014-10-30
Cash: 14.94
Held: GIGAx4097@1.66 LAYNx1001@6.99 ZIOPx2216@3.16 MPWRx162@43.38 SBOTx5368@1.30 
Value: 34818.88
Sales: LAYNx1001@6.99 MPWRx162@43.38 ZIOPx2216@3.16 GIGAx4097@1.66 SBOTx5368@1.30 
Purchases: ARAYx1101@6.32 WNCx718@9.69 AFSIx310@22.41 GLUUx1887@3.69 HGGx1221@5.70 

2014-11-02
Cash: 37.91
Held: WNCx718@10.44 GLUUx1887@3.85 AFSIx310@23.64 HGGx1221@5.25 ARAYx1101@6.34 
Value: 35515.26
Sales: ARAYx1101@6.34 WNCx718@10.44 HGGx1221@5.25 GLUUx1887@3.85 AFSIx310@23.64 
Purchases: AUYx1767@4.02 MGIx842@8.43 PPPx2094@3.39 CRNTx5464@1.30 TGDx7103@1.00 

2014-11-03
Cash: 9.85
Held: TGDx7103@1.02 PPPx2094@3.52 MGIx842@8.12 AUYx1767@4.01 CRNTx5464@1.26 
Value: 35428.22
Sales: AUYx1767@4.01 MGIx842@8.12 PPPx2094@3.52 CRNTx5464@1.26 TGDx7103@1.02 
Purchases: KBALx548@12.93 MGIx872@8.12 COYNx363@19.52 ISNSx3176@2.23 CEIx20239@0.35 

2014-11-04
Cash: 10.79
Held: KBALx548@12.77 ISNSx3176@2.13 MGIx872@8.45 CEIx20239@0.34 COYNx363@20.38 
Value: 35428.54
Sales: KBALx548@12.77 MGIx872@8.45 COYNx363@20.38 ISNSx3176@2.13 CEIx20239@0.34 
Purchases: NEOx1481@4.78 APx368@19.22 PQx1825@3.88 GASLx653@10.84 CRKx143@49.34 

2014-11-05
Cash: 55.31
Held: GASLx653@11.66 NEOx1481@4.76 APx368@18.81 CRKx143@49.41 PQx1825@4.01 
Value: 36028.43
Sales: CRKx143@49.41 NEOx1481@4.76 PQx1825@4.01 GASLx653@11.66 APx368@18.81 
Purchases: AKSx1160@6.21 SSRIx1801@4.00 ZAGGx1426@5.05 GPLx10756@0.67 NWYx2771@2.60 

2014-11-06
Cash: 8.13
Held: ZAGGx1426@5.19 SSRIx1801@4.44 NWYx2771@2.73 AKSx1160@6.23 GPLx10756@0.73 
Value: 38055.19
Sales: AKSx1160@6.23 SSRIx1801@4.44 ZAGGx1426@5.19 GPLx10756@0.73 NWYx2771@2.73 
Purchases: WEBx514@14.79 UBNx561@13.56 GNWx898@8.47 CEIx28186@0.27 AMRIx478@15.90 

2014-11-09
Cash: 29.89
Held: AMRIx478@16.77 WEBx514@15.43 UBNx561@13.55 GNWx898@8.45 CEIx28186@0.30 
Value: 39622.60
Sales: WEBx514@15.43 UBNx561@13.55 AMRIx478@16.77 CEIx28186@0.30 GNWx898@8.45 
Purchases: CVOx607@13.04 AKRXx218@36.19 MSONx678@11.69 FNGNx251@31.53 GNWx937@8.45 

2014-11-10
Cash: 59.96
Held: CVOx607@11.76 FNGNx251@31.42 MSONx678@11.22 GNWx937@8.12 AKRXx218@36.03 
Value: 38150.78
Sales: MSONx678@11.22 CVOx607@11.76 AKRXx218@36.03 FNGNx251@31.42 GNWx937@8.12 
Purchases: RDNTx959@7.95 BVXx2119@3.60 AMSCx651@11.70 SUMRx4037@1.89 PLPCx153@49.81 

2014-11-11
Cash: 31.35
Held: AMSCx651@11.20 PLPCx153@49.81 RDNTx959@7.60 SUMRx4037@2.50 BVXx2119@3.57 
Value: 39893.78
Sales: RDNTx959@7.60 PLPCx153@49.81 AMSCx651@11.20 SUMRx4037@2.50 BVXx2119@3.57 
Purchases: RYNx304@26.20 REN           x613@13.00 RENx3069@2.60 SALMx1025@7.78 GROWx2750@2.90 

2014-11-12
Cash: 28.98
Held: RYNx304@26.09 GROWx2750@2.90 REN           x613@12.50 SALMx1025@7.99 RENx3069@2.50 
Value: 39460.54
Sales: RYNx304@26.09 REN           x613@12.50 RENx3069@2.50 GROWx2750@2.90 SALMx1025@7.99 
Purchases: PLUGx1862@4.24 CLUBx1332@5.92 CYRXx1566@5.04 NVGNx2911@2.71 SNGXx4312@1.83 

2014-11-13
Cash: 6.91
Held: NVGNx2911@2.54 CLUBx1332@5.87 PLUGx1862@3.99 CYRXx1566@5.04 SNGXx4312@1.80 
Value: 38300.17
Sales: CLUBx1332@5.87 PLUGx1862@3.99 CYRXx1566@5.04 NVGNx2911@2.54 SNGXx4312@1.80 
Purchases: CSIQx299@25.56 VTNRx1493@5.13 DWSNx874@8.76 GHDXx235@32.59 MBVXx2188@3.50 

2014-11-16
Cash: 27.66
Held: GHDXx235@31.41 VTNRx1493@5.00 CSIQx299@26.50 DWSNx874@8.61 MBVXx2188@3.28 
Value: 37496.33
Sales: CSIQx299@26.50 VTNRx1493@5.00 DWSNx874@8.61 GHDXx235@31.41 MBVXx2188@3.28 
Purchases: IFONx5396@1.39 VRMLx4999@1.50 CRMDx5206@1.44 MOVx282@26.55 ABIOx1217@6.16 

2014-11-17
Cash: 17.28
Held: MOVx282@26.31 IFONx5396@1.23 ABIOx1217@6.16 CRMDx5206@1.53 VRMLx4999@1.34 
Value: 36238.41
Sales: IFONx5396@1.23 VRMLx4999@1.34 CRMDx5206@1.53 MOVx282@26.31 ABIOx1217@6.16 
Purchases: CLNTx1969@3.68 AVDx617@11.74 ACYx853@8.49 INVTx8947@0.81 CEAx344@21.03 

2014-11-18
Cash: 21.99
Held: INVTx8947@0.89 AVDx617@11.01 CLNTx1969@3.94 ACYx853@8.40 CEAx344@21.59 
Value: 37126.77
Sales: AVDx617@11.01 CLNTx1969@3.94 INVTx8947@0.89 ACYx853@8.40 CEAx344@21.59 
Purchases: PEDx11083@0.67 CLBSx1569@4.73 CALIx6515@1.14 CADCx1380@5.38 COOLx1768@4.20 

2014-11-19
Cash: 8.00
Held: CALIx6515@1.21 COOLx1768@3.54 PEDx11083@0.64 CLBSx1569@4.35 CADCx1380@5.34 
Value: 35439.18
Sales: PEDx11083@0.64 CALIx6515@1.21 CADCx1380@5.34 CLBSx1569@4.35 COOLx1768@3.54 
Purchases: CXDCx1312@5.40 OTIVx3561@1.99 CLFx885@8.00 DXTRx11252@0.63 EGTx3981@1.78 

2014-11-20
Cash: 14.49
Held: CLFx885@9.55 OTIVx3561@1.65 DXTRx11252@0.59 EGTx3981@1.64 CXDCx1312@5.50 
Value: 34720.88
Sales: CLFx885@9.55 OTIVx3561@1.65 CXDCx1312@5.50 DXTRx11252@0.59 EGTx3981@1.64 
Purchases: OMEx635@10.93 CYANx1085@6.40 RMTIx769@9.02 CEIx25717@0.27 LXRXx7308@0.95 

2014-11-23
Cash: 11.08
Held: RMTIx769@9.10 LXRXx7308@0.96 CYANx1085@6.29 CEIx25717@0.27 OMEx635@10.75 
Value: 34619.55
Sales: OMEx635@10.75 CYANx1085@6.29 RMTIx769@9.10 CEIx25717@0.27 LXRXx7308@0.96 
Purchases: FXPx144@47.97 WPCSx13847@0.50 OTIVx4248@1.63 YANGx495@13.97 TPIVx18707@0.37 

2014-11-24
Cash: 26.50
Held: WPCSx13847@0.51 FXPx144@48.12 TPIVx18707@0.39 OTIVx4248@1.65 YANGx495@14.01 
Value: 35253.67
Sales: YANGx495@14.01 WPCSx13847@0.51 OTIVx4248@1.65 FXPx144@48.12 TPIVx18707@0.39 
Purchases: CALXx671@10.49 LTBRx3542@1.99 PHMDx3710@1.90 AOBCx742@9.50 MBVXx2660@2.65 

2014-11-25
Cash: 14.51
Held: CALXx671@10.81 AOBCx742@9.66 LTBRx3542@2.00 PHMDx3710@1.83 MBVXx2660@2.50 
Value: 34958.23
Sales: CALXx671@10.81 LTBRx3542@2.00 MBVXx2660@2.50 AOBCx742@9.66 PHMDx3710@1.83 
Purchases: FNCXx2669@2.62 RVLTx5732@1.22 SPEXx5378@1.30 XRAx10590@0.66 PHMDx3820@1.83 

2014-11-27
Cash: 3.96
Held: RVLTx5732@1.32 XRAx10590@0.63 FNCXx2669@3.30 SPEXx5378@1.25 PHMDx3820@1.77 
Value: 36534.35
Sales: XRAx10590@0.63 PHMDx3820@1.77 RVLTx5732@1.32 SPEXx5378@1.25 FNCXx2669@3.30 
Purchases: ELTKx5004@1.46 OGENx7611@0.96 DSXx951@7.68 UAGx328@22.23 ERIIx1491@4.90 

2014-11-30
Cash: 22.61
Held: ERIIx1491@4.68 DSXx951@7.47 UAGx328@22.44 OGENx7611@0.95 ELTKx5004@1.44 
Value: 35902.16
Sales: ELTKx5004@1.44 OGENx7611@0.95 UAGx328@22.44 DSXx951@7.47 ERIIx1491@4.68 
Purchases: TPLMx1465@4.90 STOx374@19.19 PDSx1116@6.43 FSMx1769@4.06 SDRLx496@14.46 

2014-12-01
Cash: 22.01
Held: PDSx1116@6.39 STOx374@19.47 SDRLx496@13.97 FSMx1769@4.18 TPLMx1465@4.50 
Value: 35350.13
Sales: TPLMx1465@4.50 STOx374@19.47 PDSx1116@6.39 FSMx1769@4.18 SDRLx496@13.97 
Purchases: SGYx459@15.38 REN           x808@8.75 RENx4040@1.75 GASLx1168@6.05 RADAx2984@2.37 

2014-12-02
Cash: 12.59
Held: RADAx2984@2.44 GASLx1168@6.01 REN           x808@10.00 SGYx459@15.51 RENx4040@2.00 
Value: 37591.69
Sales: SGYx459@15.51 REN           x808@10.00 RENx4040@2.00 GASLx1168@6.01 RADAx2984@2.44 
Purchases: EXELx5258@1.43 MLSSx3777@1.99 PCYOx1709@4.40 GASLx1250@6.01 SIEBx3433@2.19 

2014-12-03
Cash: 9.31
Held: MLSSx3777@1.98 GASLx1250@5.89 SIEBx3433@2.19 EXELx5258@1.43 PCYOx1709@4.35 
Value: 37323.33
Sales: EXELx5258@1.43 MLSSx3777@1.98 PCYOx1709@4.35 GASLx1250@5.89 SIEBx3433@2.19 
Purchases: CNETx1939@3.85 NOGx1045@7.14 DSSx16967@0.44 CEIx43898@0.17 XKEx1387@5.38 

2014-12-04
Cash: 7.37
Held: NOGx1045@6.41 CNETx1939@3.78 DSSx16967@0.52 XKEx1387@6.08 CEIx43898@0.16 
Value: 38312.75
Sales: CNETx1939@3.78 NOGx1045@6.41 DSSx16967@0.52 CEIx43898@0.16 XKEx1387@6.08 
Purchases: OPXAx9580@0.80 IKGHx5108@1.50 TBIOx4642@1.65 DESTx530@14.44 PTNx9951@0.77 

2014-12-07
Cash: 13.17
Held: OPXAx9580@0.83 PTNx9951@0.79 IKGHx5108@1.48 DESTx530@14.25 TBIOx4642@1.60 
Value: 38367.11
Sales: OPXAx9580@0.83 PTNx9951@0.79 TBIOx4642@1.60 DESTx530@14.25 IKGHx5108@1.48 
Purchases: CBKx1671@4.59 BDLx271@28.25 AVEOx10808@0.71 AEOx644@11.90 TCCOx1516@5.06 

2014-12-08
Cash: 37.05
Held: AEOx644@12.39 AVEOx10808@0.60 CBKx1671@4.25 TCCOx1516@4.80 BDLx271@28.80 
Value: 36686.16
Sales: CBKx1671@4.25 BDLx271@28.80 AVEOx10808@0.60 AEOx644@12.39 TCCOx1516@4.80 
Purchases: RADAx2658@2.76 YTENx16306@0.45 FPPx3762@1.95 INFYx228@32.12 AXASx3097@2.37 

2014-12-09
Cash: 15.44
Held: AXASx3097@2.58 RADAx2658@2.78 YTENx16306@0.50 INFYx228@32.06 FPPx3762@2.14 
Value: 38909.59
Sales: FPPx3762@2.14 YTENx16306@0.50 INFYx228@32.06 RADAx2658@2.78 AXASx3097@2.58 
Purchases: SFLx537@14.47 VRTBx1797@4.33 AXNx31127@0.25 NOAx2242@3.47 CONNx365@21.27 

2014-12-10
Cash: 37.21
Held: NOAx2242@3.33 CONNx365@18.52 VRTBx1797@4.78 SFLx537@13.36 AXNx31127@0.27 
Value: 38432.24
Sales: SFLx537@13.36 VRTBx1797@4.78 AXNx31127@0.27 NOAx2242@3.33 CONNx365@18.52 
Purchases: PLGx14781@0.52 WCFBx1020@7.53 LCIx181@42.38 DDEx8939@0.86 OIBR.Cx16355@0.47 

2014-12-11
Cash: 21.39
Held: OIBR.Cx16355@0.44 WCFBx1020@7.40 DDEx8939@0.84 LCIx181@43.81 PLGx14781@0.52 
Value: 37886.87
Sales: PLGx14781@0.52 WCFBx1020@7.40 LCIx181@43.81 DDEx8939@0.84 OIBR.Cx16355@0.44 
Purchases: MEIPx1888@4.01 YTENx23674@0.32 MINDx1335@5.67 VTNRx2368@3.20 TCIx841@9.00 

2014-12-14
Cash: 18.75
Held: MEIPx1888@4.25 VTNRx2368@3.26 YTENx23674@0.34 TCIx841@9.38 MINDx1335@5.85 
Value: 39515.89
Sales: MEIPx1888@4.25 VTNRx2368@3.26 MINDx1335@5.85 YTENx23674@0.34 TCIx841@9.38 
Purchases: TGCx25489@0.31 HCCIx804@9.83 MEIx224@35.25 TDFx347@22.75 IOCx172@45.75 

2014-12-15
Cash: 51.75
Held: TDFx347@22.53 TGCx25489@0.25 IOCx172@44.59 HCCIx804@10.12 MEIx224@33.25 
Value: 37494.69
Sales: MEIx224@33.25 TGCx25489@0.25 HCCIx804@10.12 IOCx172@44.59 TDFx347@22.53 
Purchases: RCONx3571@2.10 SWZx661@11.33 QUMUx555@13.50 CGGx1@6256.00 SPHSx14420@0.52 

2014-12-16
Cash: 1261.91
Held: RCONx3571@2.21 SPHSx14420@0.47 SWZx661@11.29 QUMUx555@13.60 CGGx1@6584.00 
Value: 37529.08
Sales: RCONx3571@2.21 SWZx661@11.29 QUMUx555@13.60 CGGx1@6584.00 SPHSx14420@0.47 
Purchases: FHx13401@0.56 ANTHx4313@1.74 SPHSx15970@0.47 CYCCx1025@7.32 CEIx57734@0.13 

2014-12-17
Cash: 3.65
Held: ANTHx4313@1.74 SPHSx15970@0.50 FHx13401@0.59 CEIx57734@0.16 CYCCx1025@9.00 
Value: 41863.19
Sales: FHx13401@0.59 CYCCx1025@9.00 ANTHx4313@1.74 SPHSx15970@0.50 CEIx57734@0.16 
Purchases: TOPSx7614@1.10 WLDNx738@11.34 OIBR.Cx23915@0.35 HGSHx2037@4.11 MBVXx4186@2.00 

2014-12-18
Cash: 3.70
Held: TOPSx7614@1.05 WLDNx738@11.60 OIBR.Cx23915@0.40 HGSHx2037@4.02 MBVXx4186@2.20 
Value: 43516.24
Sales: MBVXx4186@2.20 OIBR.Cx23915@0.40 TOPSx7614@1.05 HGSHx2037@4.02 WLDNx738@11.60 
Purchases: TZAx698@12.47 DJPx278@31.23 SRTYx271@32.00 ERYx408@21.31 DUGx160@54.19 

2014-12-21
Cash: 92.40
Held: ERYx408@20.50 SRTYx271@31.59 DJPx278@31.05 DUGx160@52.31 TZAx698@12.29 
Value: 42597.10
Sales: TZAx698@12.29 DJPx278@31.05 SRTYx271@31.59 ERYx408@20.50 DUGx160@52.31 
Purchases: FINLx370@22.98 CHNRx3625@2.35 QBAKx6554@1.30 CEIx77459@0.11 WORx283@30.06 

2014-12-22
Cash: 29.58
Held: FINLx370@22.80 CHNRx3625@2.05 QBAKx6554@1.44 CEIx77459@0.14 WORx283@30.00 
Value: 44674.48
Sales: CHNRx3625@2.05 WORx283@30.00 FINLx370@22.80 CEIx77459@0.14 QBAKx6554@1.44 
Purchases: GPLx14889@0.60 OPTTx14889@0.60 VIIx6079@1.47 MRVCx937@9.53 CBMGx706@12.64 

2014-12-23
Cash: 15.24
Held: MRVCx937@10.79 VIIx6079@1.47 GPLx14889@0.58 CBMGx706@12.50 OPTTx14889@0.65 
Value: 46197.24
Sales: GPLx14889@0.58 OPTTx14889@0.65 VIIx6079@1.47 MRVCx937@10.79 CBMGx706@12.50 
Purchases: ADGEx15664@0.59 OCNx622@14.85 EXKx4737@1.95 MAGx1417@6.52 ASPSx313@29.48 

2014-12-25
Cash: 15.40
Held: MAGx1417@7.05 ADGEx15664@0.64 ASPSx313@33.94 OCNx622@14.88 EXKx4737@2.12 
Value: 49951.37
Sales: ASPSx313@33.94 OCNx622@14.88 EXKx4737@2.12 MAGx1417@7.05 ADGEx15664@0.64 
Purchases: CEQPx14@705.00 ALNYx106@93.62 OGENx11101@0.90 GTXIx12645@0.79 GIGAx6797@1.47 

2014-12-28
Cash: 187.53
Held: GTXIx12645@0.77 CEQPx14@702.00 ALNYx106@98.00 GIGAx6797@1.58 OGENx11101@0.88 
Value: 50647.80
Sales: ALNYx106@98.00 CEQPx14@702.00 GTXIx12645@0.77 GIGAx6797@1.58 OGENx11101@0.88 
Purchases: DRAMx1480@6.84 SZKx549@18.44 HMGx942@10.75 CUBAx1106@9.16 AHCx942@10.74 

2014-12-29
Cash: 30.19
Held: HMGx942@10.95 DRAMx1480@6.06 AHCx942@10.93 SZKx549@18.72 CUBAx1106@9.43 
Value: 50316.34
Sales: DRAMx1480@6.06 AHCx942@10.93 HMGx942@10.95 CUBAx1106@9.43 SZKx549@18.72 
Purchases: SPPx7344@1.37 GFx712@14.12 NAVBx5885@1.71 CNITx2851@3.53 WPCSx34696@0.29 

2014-12-30
Cash: 14.42
Held: GFx712@14.03 WPCSx34696@0.29 SPPx7344@1.38 NAVBx5885@1.81 CNITx2851@3.52 
Value: 50885.23
Sales: SPPx7344@1.38 GFx712@14.03 NAVBx5885@1.81 WPCSx34696@0.29 CNITx2851@3.52 
Purchases: DRAMx1696@6.00 RGSEx20769@0.49 SHIPx12724@0.80 HAINx171@59.28 DSSx22618@0.45 

2015-01-01
Cash: 41.82
Held: SHIPx12724@0.83 RGSEx20769@0.49 DSSx22618@0.44 DRAMx1696@5.28 HAINx171@58.25 
Value: 49648.69
Sales: DRAMx1696@5.28 RGSEx20769@0.49 SHIPx12724@0.83 HAINx171@58.25 DSSx22618@0.44 
Purchases: LTBRx6284@1.58 RRCx187@53.00 NVGNx4617@2.15 CPHIx32025@0.31 CBAKx5454@1.82 

2015-01-04
Cash: 22.51
Held: NVGNx4617@2.18 LTBRx6284@1.64 CPHIx32025@0.31 RRCx187@54.59 CBAKx5454@1.73 
Value: 49966.32
Sales: LTBRx6284@1.64 RRCx187@54.59 NVGNx4617@2.18 CPHIx32025@0.31 CBAKx5454@1.73 
Purchases: DRAMx2019@4.95 MDXGx1035@9.65 BLDPx5489@1.82 GNTXx563@17.73 IECx2090@4.78 

2015-01-05
Cash: 18.75
Held: DRAMx2019@5.13 IECx2090@4.75 GNTXx563@17.56 MDXGx1035@9.38 BLDPx5489@1.80 
Value: 49779.54
Sales: DRAMx2019@5.13 MDXGx1035@9.38 IECx2090@4.75 GNTXx563@17.56 BLDPx5489@1.80 
Purchases: ONVIx2212@4.50 REN           x1810@5.50 CELx1386@7.18 RENx9054@1.10 PTNRx2331@4.27 

2015-01-06
Cash: 11.35
Held: CELx1386@7.00 PTNRx2331@4.14 REN           x1810@5.25 RENx9054@1.05 ONVIx2212@4.57 
Value: 48482.11
Sales: PTNRx2331@4.14 REN           x1810@5.25 CELx1386@7.00 RENx9054@1.05 ONVIx2212@4.57 
Purchases: PEDx24246@0.40 BTEx668@14.50 GASLx2903@3.34 UECx6174@1.57 ADGEx17016@0.57 

2015-01-07
Cash: 13.27
Held: BTEx668@14.34 PEDx24246@0.38 ADGEx17016@0.56 GASLx2903@3.10 UECx6174@1.50 
Value: 46594.66
Sales: BTEx668@14.34 PEDx24246@0.38 GASLx2903@3.10 UECx6174@1.50 ADGEx17016@0.56 
Purchases: QADBx570@16.34 CHNRx4196@2.22 JOBx6904@1.35 BCLIx1826@5.10 HBIOx1845@5.05 

2015-01-08
Cash: 8.80
Held: JOBx6904@1.30 QADBx570@16.73 CHNRx4196@2.22 BCLIx1826@4.61 HBIOx1845@5.06 
Value: 45589.14
Sales: QADBx570@16.73 CHNRx4196@2.22 JOBx6904@1.30 BCLIx1826@4.61 HBIOx1845@5.06 
Purchases: MNGAx19400@0.47 APOLx333@27.31 REN           x2145@4.25 CGNTx3143@2.90 INFIx638@14.29 

2015-01-11
Cash: 28.05
Held: MNGAx19400@0.50 INFIx638@14.81 CGNTx3143@3.15 REN           x2145@4.06 APOLx333@26.94 
Value: 46755.97
Sales: MNGAx19400@0.50 APOLx333@26.94 REN           x2145@4.06 CGNTx3143@3.15 INFIx638@14.81 
Purchases: SBLKx1833@5.10 RTx1496@6.25 INVTx15582@0.60 AOIx65@142.00 CALIx7728@1.21 

2015-01-12
Cash: 123.51
Held: CALIx7728@1.17 INVTx15582@0.60 RTx1496@6.46 AOIx65@128.00 SBLKx1833@5.06 
Value: 45773.35
Sales: RTx1496@6.46 CALIx7728@1.17 INVTx15582@0.60 SBLKx1833@5.06 AOIx65@128.00 
Purchases: SCHNx511@17.91 TIFx102@89.69 JOBx8325@1.10 TESOx938@9.75 VNDAx745@12.28 

2015-01-13
Cash: 25.85
Held: JOBx8325@0.99 SCHNx511@17.34 TESOx938@9.67 TIFx102@85.50 VNDAx745@11.87 
Value: 43766.49
Sales: SCHNx511@17.34 JOBx8325@0.99 TESOx938@9.67 TIFx102@85.50 VNDAx745@11.87 
Purchases: FFBCWx1585@5.52 ECOM          x908@9.63 REXXx3266@2.68 LINKx591@14.80 OIBR.Cx3740@2.34 

2015-01-14
Cash: 23.61
Held: ECOM          x908@9.88 FFBCWx1585@5.55 OIBR.Cx3740@2.16 LINKx591@14.90 REXXx3266@2.75 
Value: 43660.65
Sales: FFBCWx1585@5.55 ECOM          x908@9.88 REXXx3266@2.75 LINKx591@14.90 OIBR.Cx3740@2.16 
Purchases: HBMx1269@6.88 FCXx457@19.08 KBHx643@13.57 MBVXx6235@1.40 OCNx1237@7.06 

2015-01-15
Cash: 23.99
Held: HBMx1269@6.91 KBHx643@12.35 FCXx457@18.62 OCNx1237@7.78 MBVXx6235@1.30 
Value: 42976.34
Sales: HBMx1269@6.91 FCXx457@18.62 KBHx643@12.35 MBVXx6235@1.30 OCNx1237@7.78 
Purchases: FPAYx15633@0.55 EDUCx1829@4.70 IGCx13860@0.62 BBYx250@34.38 EHTHx941@9.13 

2015-01-19
Cash: 3.83
Held: BBYx250@35.12 EDUCx1829@4.49 EHTHx941@10.04 FPAYx15633@0.80 IGCx13860@0.63 
Value: 47674.42
Sales: FPAYx15633@0.80 EDUCx1829@4.49 IGCx13860@0.63 BBYx250@35.12 EHTHx941@10.04 
Purchases: KEGx6808@1.40 SZKx495@19.23 SRNEx1016@9.38 MFCBx1820@5.24 MNGAx14232@0.67 

2015-01-20
Cash: 18.61
Held: MNGAx14232@0.63 MFCBx1820@4.90 SZKx495@25.27 KEGx6808@1.33 SRNEx1016@10.05 
Value: 49667.54
Sales: KEGx6808@1.33 MNGAx14232@0.63 SRNEx1016@10.05 MFCBx1820@4.90 SZKx495@25.27 
Purchases: HKx9033@1.10 EVKx1636@6.07 CPLx763@13.01 BISx246@40.38 ESNCx16288@0.61 

2015-01-21
Cash: 13.07
Held: EVKx1636@6.22 ESNCx16288@0.61 HKx9033@1.27 CPLx763@13.82 BISx246@40.81 
Value: 52172.85
Sales: ESNCx16288@0.61 EVKx1636@6.22 CPLx763@13.82 BISx246@40.81 HKx9033@1.27 
Purchases: LLITx3807@2.74 YTENx24848@0.42 SNOAx12727@0.82 KIQx2797@3.73 INWKx2026@5.15 

2015-01-22
Cash: 7.80
Held: SNOAx12727@0.79 YTENx24848@0.43 LLITx3807@2.71 INWKx2026@5.50 KIQx2797@4.24 
Value: 54063.58
Sales: LLITx3807@2.71 YTENx24848@0.43 SNOAx12727@0.79 KIQx2797@4.24 INWKx2026@5.50 
Purchases: ADXSx1453@7.44 SZKx578@18.70 RCONx7456@1.45 OHRPx1354@7.98 MFCBx2469@4.38 

2015-01-25
Cash: 11.08
Held: RCONx7456@1.35 ADXSx1453@7.77 MFCBx2469@4.35 OHRPx1354@7.80 SZKx578@26.42 
Value: 57941.01
Sales: ADXSx1453@7.77 SZKx578@26.42 RCONx7456@1.35 OHRPx1354@7.80 MFCBx2469@4.35 
Purchases: OMEXx13960@0.83 TZOOx1263@9.17 GENEx9655@1.20 CPLx913@12.68 MTx1235@9.38 

2015-01-26
Cash: 16.82
Held: MTx1235@9.51 GENEx9655@1.38 OMEXx13960@0.91 CPLx913@12.87 TZOOx1263@8.98 
Value: 60872.66
Sales: OMEXx13960@0.91 MTx1235@9.51 GENEx9655@1.38 CPLx913@12.87 TZOOx1263@8.98 
Purchases: SBSx2459@4.95 GOGLx2760@4.41 SRVx2912@4.18 MFRIx2113@5.76 MPXx1766@6.89 

2015-01-27
Cash: 15.90
Held: MPXx1766@7.24 SRVx2912@4.20 SBSx2459@5.22 MFRIx2113@5.89 GOGLx2760@4.50 
Value: 62726.62
Sales: SBSx2459@5.22 GOGLx2760@4.50 SRVx2912@4.20 MFRIx2113@5.89 MPXx1766@7.24 
Purchases: CLFx1842@6.81 BDRx6501@1.93 OCNx1861@6.74 MSFTx293@42.75 STAAx2162@5.80 

2015-01-28
Cash: 33.32
Held: CLFx1842@6.64 MSFTx293@40.94 OCNx1861@6.59 STAAx2162@5.70 BDRx6501@1.75 
Value: 60222.19
Sales: CLFx1842@6.64 STAAx2162@5.70 BDRx6501@1.75 MSFTx293@40.94 OCNx1861@6.59 
Purchases: PEDx21137@0.57 YTENx29382@0.41 COOLx1544@7.80 EZPWx1158@10.40 STRLx3080@3.91 

2015-01-29
Cash: 4.70
Held: EZPWx1158@10.31 STRLx3080@3.74 COOLx1544@5.46 YTENx29382@0.43 PEDx21137@0.54 
Value: 55945.25
Sales: PEDx21137@0.54 YTENx29382@0.43 COOLx1544@5.46 EZPWx1158@10.31 STRLx3080@3.74 
Purchases: BIOPx20718@0.54 DHXx1300@8.60 CGNTx4661@2.40 THMx23807@0.47 GASLx4237@2.64 

2015-02-01
Cash: 9.54
Held: DHXx1300@8.30 CGNTx4661@2.38 GASLx4237@2.95 THMx23807@0.48 BIOPx20718@0.48 
Value: 55759.64
Sales: THMx23807@0.48 BIOPx20718@0.48 CGNTx4661@2.38 GASLx4237@2.95 DHXx1300@8.30 
Purchases: SIDx7339@1.52 MPETx14869@0.75 HAx557@20.02 OHGIx7483@1.49 DECKx165@67.31 

2015-02-02
Cash: 49.36
Held: HAx557@19.16 OHGIx7483@1.65 MPETx14869@0.78 SIDx7339@1.66 DECKx165@69.38 
Value: 58294.65
Sales: MPETx14869@0.78 HAx557@19.16 DECKx165@69.38 OHGIx7483@1.65 SIDx7339@1.66 
Purchases: WMLPx1270@9.18 SHIPx15750@0.74 WPCSx44840@0.26 GLBSx6303@1.85 SCOx145@80.19 

2015-02-03
Cash: 33.64
Held: WPCSx44840@0.24 SHIPx15750@0.72 SCOx145@77.62 GLBSx6303@1.80 WMLPx1270@9.52 
Value: 56832.75
Sales: WMLPx1270@9.52 SHIPx15750@0.72 WPCSx44840@0.24 GLBSx6303@1.80 SCOx145@77.62 
Purchases: FSIx9470@1.20 ICIx271@41.88 PSTIx3866@2.94 SHIPx15782@0.72 KONEx2711@4.19 

2015-02-04
Cash: 25.51
Held: SHIPx15782@0.82 PSTIx3866@2.91 FSIx9470@1.27 KONEx2711@4.17 ICIx271@41.88 
Value: 58895.18
Sales: ICIx271@41.88 FSIx9470@1.27 SHIPx15782@0.82 PSTIx3866@2.91 KONEx2711@4.17 
Purchases: UBNx1236@9.52 PHMDx7454@1.58 CBLIx3624@3.25 RSYSx6135@1.92 PHTx813@14.48 

2015-02-05
Cash: 20.15
Held: CBLIx3624@3.10 UBNx1236@9.75 PHMDx7454@1.64 PHTx813@13.99 RSYSx6135@1.91 
Value: 58620.53
Sales: RSYSx6135@1.91 CBLIx3624@3.10 PHTx813@13.99 UBNx1236@9.75 PHMDx7454@1.64 
Purchases: HSNIx180@65.06 FNCXx5052@2.32 SGCx630@18.59 DXRx1960@5.98 GEOSx499@23.48 

2015-02-08
Cash: 32.57
Held: HSNIx180@64.75 FNCXx5052@2.17 GEOSx499@21.62 SGCx630@18.44 DXRx1960@5.75 
Value: 56326.52
Sales: HSNIx180@64.75 FNCXx5052@2.17 GEOSx499@21.62 SGCx630@18.44 DXRx1960@5.75 
Purchases: FARMx465@24.22 CASMx8602@1.31 FFHLx20860@0.54 OHGIx5006@2.25 HGSHx3553@3.17 

2015-02-09
Cash: 8.43
Held: FARMx465@23.77 OHGIx5006@1.90 CASMx8602@1.26 FFHLx20860@0.64 HGSHx3553@3.36 
Value: 56698.41
Sales: FARMx465@23.77 CASMx8602@1.26 FFHLx20860@0.64 OHGIx5006@1.90 HGSHx3553@3.36 
Purchases: FSCx1595@7.11 NTGRx374@30.30 UPWx112@101.19 ARCWx1758@6.45 EGOVx729@15.54 

2015-02-10
Cash: 29.23
Held: NTGRx374@30.67 UPWx112@102.88 FSCx1595@6.85 EGOVx729@15.71 ARCWx1758@6.40 
Value: 56652.48
Sales: NTGRx374@30.67 EGOVx729@15.71 FSCx1595@6.85 ARCWx1758@6.40 UPWx112@102.88 
Purchases: CYOUx466@24.30 NILEx408@27.70 AOIx118@96.00 OHGIx6364@1.78 OAx182@62.22 

2015-02-11
Cash: 45.79
Held: OAx182@62.00 OHGIx6364@1.95 AOIx118@98.00 NILEx408@29.41 CYOUx466@24.98 
Value: 58945.30
Sales: AOIx118@98.00 CYOUx466@24.98 OHGIx6364@1.95 OAx182@62.00 NILEx408@29.41 
Purchases: CGAx5923@1.99 KEGx5457@2.16 RCONx5809@2.03 LGCYx913@12.91 TTIx2270@5.19 

2015-02-12
Cash: 13.08
Held: TTIx2270@5.10 RCONx5809@2.02 KEGx5457@2.16 LGCYx913@13.68 CGAx5923@1.94 
Value: 59095.78
Sales: KEGx5457@2.16 CGAx5923@1.94 TTIx2270@5.10 LGCYx913@13.68 RCONx5809@2.02 
Purchases: FHx14777@0.80 RCONx5852@2.02 PNRAx74@158.12 AXPx148@79.44 MBVXx11258@1.05 

2015-02-16
Cash: 182.07
Held: RCONx5852@2.26 AXPx148@77.19 FHx14777@0.82 MBVXx11258@0.88 PNRAx74@155.62 
Value: 58366.48
Sales: FHx14777@0.82 RCONx5852@2.26 PNRAx74@155.62 AXPx148@77.19 MBVXx11258@0.88 
Purchases: RYNx426@27.38 SZKx648@18.00 PRANx9647@1.21 TISAx3766@3.10 DFBGx38904@0.30 

2015-02-17
Cash: 22.01
Held: RYNx426@27.23 SZKx648@18.03 TISAx3766@3.18 DFBGx38904@0.22 PRANx9647@1.14 
Value: 54834.73
Sales: RYNx426@27.23 SZKx648@18.03 PRANx9647@1.14 DFBGx38904@0.22 TISAx3766@3.18 
Purchases: RGSEx37811@0.29 KGCx4045@2.71 RVPx2447@4.48 CECOx2149@5.10 PRANx9623@1.14 

2015-02-18
Cash: 8.52
Held: RVPx2447@4.26 RGSEx37811@0.34 CECOx2149@5.08 KGCx4045@2.80 PRANx9623@1.10 
Value: 56119.60
Sales: RGSEx37811@0.34 KGCx4045@2.80 RVPx2447@4.26 CECOx2149@5.08 PRANx9623@1.10 
Purchases: UUUx2019@5.56 GLBSx6969@1.61 CADCx2770@4.05 FOSLx134@83.75 DFBGx59091@0.19 

2015-02-19
Cash: 7.27
Held: UUUx2019@5.02 GLBSx6969@1.65 CADCx2770@4.06 DFBGx59091@0.20 FOSLx134@84.88 
Value: 56074.15
Sales: UUUx2019@5.02 FOSLx134@84.88 CADCx2770@4.06 GLBSx6969@1.65 DFBGx59091@0.20 
Purchases: GTSx540@20.73 RCONx6755@1.66 ROSGx3072@3.65 CEIx41533@0.27 GENEx1303@8.60 

2015-02-22
Cash: 26.67
Held: RCONx6755@1.72 GENEx1303@6.15 GTSx540@18.39 CEIx41533@0.27 ROSGx3072@3.60 
Value: 51858.50
Sales: RCONx6755@1.72 GENEx1303@6.15 ROSGx3072@3.60 CEIx41533@0.27 GTSx540@18.39 
Purchases: ABACx1651@6.28 MNGAx12200@0.85 KONEx3078@3.37 OESXx2811@3.69 RNVAx8791@1.18 

2015-02-23
Cash: 5.06
Held: ABACx1651@6.28 MNGAx12200@0.85 KONEx3078@3.54 RNVAx8791@1.17 OESXx2811@3.64 
Value: 52158.41
Sales: ABACx1651@6.28 RNVAx8791@1.17 KONEx3078@3.54 OESXx2811@3.64 MNGAx12200@0.85 
Purchases: BWENx2119@4.92 UEICx183@56.88 GEN           x1533@6.80 GENx1533@6.80 LODEx14092@0.74 

2015-02-24
Cash: 38.25
Held: UEICx183@55.31 GEN           x1533@7.12 GENx1533@7.12 BWENx2119@4.60 LODEx14092@0.72 
Value: 51893.69
Sales: BWENx2119@4.60 UEICx183@55.31 GEN           x1533@7.12 GENx1533@7.12 LODEx14092@0.72 
Purchases: SGOCx26619@0.39 SEEDx8509@1.22 VISNx855@12.13 DXTRx19590@0.53 EHTHx1068@9.71 

2015-02-25
Cash: 13.16
Held: SGOCx26619@0.45 EHTHx1068@9.65 VISNx855@14.50 DXTRx19590@0.58 SEEDx8509@1.24 
Value: 56609.33
Sales: SGOCx26619@0.45 SEEDx8509@1.24 VISNx855@14.50 DXTRx19590@0.58 EHTHx1068@9.65 
Purchases: BBGx1083@10.45 AXNx8987@1.26 GBRx8263@1.37 GLDDx1811@6.25 HVTx489@23.12 

2015-02-26
Cash: 18.93
Held: BBGx1083@10.01 HVTx489@23.05 AXNx8987@1.23 GBRx8263@1.45 GLDDx1811@6.13 
Value: 56267.95
Sales: BBGx1083@10.01 GBRx8263@1.45 AXNx8987@1.23 HVTx489@23.05 GLDDx1811@6.13 
Purchases: LLx229@48.94 GMOx25579@0.44 IBIOx12364@0.91 CEIx41676@0.27 XKEx1830@6.15 

2015-03-01
Cash: 49.85
Held: GMOx25579@0.43 XKEx1830@6.13 IBIOx12364@1.04 CEIx41676@0.25 LLx229@38.25 
Value: 54300.26
Sales: LLx229@38.25 GMOx25579@0.43 IBIOx12364@1.04 CEIx41676@0.25 XKEx1830@6.13 
Purchases: SZKx613@17.70 ENOCx809@13.42 VISNx852@12.74 GENEx1878@5.78 IPSx264@41.12 

2015-03-02
Cash: 19.42
Held: GENEx1878@5.76 ENOCx809@12.81 VISNx852@12.54 IPSx264@41.12 SZKx613@24.81 
Value: 57955.58
Sales: ENOCx809@12.81 SZKx613@24.81 GENEx1878@5.76 VISNx852@12.54 IPSx264@41.12 
Purchases: HLFx381@30.41 STAAx1694@6.84 DWSNx2259@5.13 ABIOx2246@5.16 WTWx1075@10.78 

2015-03-03
Cash: 18.35
Held: HLFx381@31.03 WTWx1075@10.60 DWSNx2259@5.10 ABIOx2246@4.90 STAAx1694@7.74 
Value: 58872.91
Sales: HLFx381@31.03 STAAx1694@7.74 DWSNx2259@5.10 ABIOx2246@4.90 WTWx1075@10.60 
Purchases: VRTBx3556@3.31 PRIMx690@17.06 IBIOx12799@0.92 PSCDx222@53.00 BAAx56079@0.21 

2015-03-04
Cash: 13.00
Held: VRTBx3556@3.31 BAAx56079@0.21 PRIMx690@17.81 PSCDx222@52.88 IBIOx12799@0.84 
Value: 58337.74
Sales: VRTBx3556@3.31 PRIMx690@17.81 IBIOx12799@0.84 PSCDx222@52.88 BAAx56079@0.21 
Purchases: NJRx388@30.06 BOBEx251@46.34 SKLNx2586@4.51 SUNWx3590@3.25 CYCCx883@13.20 

2015-03-05
Cash: 48.04
Held: BOBEx251@47.59 SKLNx2586@4.99 SUNWx3590@3.20 NJRx388@29.89 CYCCx883@12.60 
Value: 59103.71
Sales: NJRx388@29.89 BOBEx251@47.59 SKLNx2586@4.99 SUNWx3590@3.20 CYCCx883@12.60 
Purchases: STRLx4904@2.41 PHMDx6424@1.84 FSTRx315@37.44 CDIx827@14.28 SUNWx3694@3.20 

2015-03-08
Cash: 43.82
Held: STRLx4904@2.60 SUNWx3694@3.24 PHMDx6424@1.89 FSTRx315@37.25 CDIx827@14.02 
Value: 60231.97
Sales: FSTRx315@37.25 PHMDx6424@1.89 SUNWx3694@3.24 CDIx827@14.02 STRLx4904@2.60 
Purchases: BORNx10383@1.16 YTENx14512@0.83 IFMIx7390@1.63 GEFx326@36.91 CRKx496@24.25 

2015-03-09
Cash: 35.70
Held: IFMIx7390@1.59 YTENx14512@0.77 GEFx326@36.12 CRKx496@22.50 BORNx10383@1.16 
Value: 57941.82
Sales: CRKx496@22.50 YTENx14512@0.77 IFMIx7390@1.59 GEFx326@36.12 BORNx10383@1.16 
Purchases: HURCx401@28.86 HKx6738@1.72 AQNx1811@6.40 MDSYx5218@2.22 ERIIx4137@2.80 

2015-03-10
Cash: 19.66
Held: ERIIx4137@2.66 HKx6738@1.60 MDSYx5218@2.52 HURCx401@29.06 AQNx1811@6.93 
Value: 59153.54
Sales: HURCx401@29.06 HKx6738@1.60 MDSYx5218@2.52 AQNx1811@6.93 ERIIx4137@2.66 
Purchases: OPXAx16663@0.71 UBMx982@12.05 TITNx967@12.23 GBRx7887@1.50 AVEOx8049@1.47 

2015-03-11
Cash: 10.01
Held: OPXAx16663@0.68 AVEOx8049@1.47 TITNx967@12.28 UBMx982@14.77 GBRx7887@1.51 
Value: 61464.62
Sales: OPXAx16663@0.68 UBMx982@14.77 TITNx967@12.28 GBRx7887@1.51 AVEOx8049@1.47 
Purchases: BIOSx3541@3.47 TEUMx26726@0.46 ROLx546@22.50 GOGLx3028@4.06 PRTSx4518@2.72 

2015-03-12
Cash: 15.38
Held: TEUMx26726@0.49 PRTSx4518@2.74 GOGLx3028@4.09 ROLx546@22.55 BIOSx3541@3.82 
Value: 63713.61
Sales: PRTSx4518@2.74 TEUMx26726@0.49 ROLx546@22.55 GOGLx3028@4.09 BIOSx3541@3.82 
Purchases: LAYNx2369@5.38 ASTCx3694@3.45 JOBx11905@1.07 BVXx5137@2.48 SALMx2006@6.35 

2015-03-15
Cash: 4.09
Held: ASTCx3694@3.27 JOBx11905@1.08 SALMx2006@6.22 LAYNx2369@5.06 BVXx5137@2.59 
Value: 62702.72
Sales: LAYNx2369@5.06 JOBx11905@1.08 ASTCx3694@3.27 SALMx2006@6.22 BVXx5137@2.59 
Purchases: EXELx4749@2.64 GALEx8647@1.45 MDGLx5382@2.33 MTLx8831@1.42 VRMLx7553@1.66 

2015-03-16
Cash: 3.58
Held: GALEx8647@1.40 MDGLx5382@2.34 EXELx4749@2.62 VRMLx7553@1.83 MTLx8831@1.14 
Value: 61030.91
Sales: EXELx4749@2.62 GALEx8647@1.40 MDGLx5382@2.34 MTLx8831@1.14 VRMLx7553@1.83 
Purchases: SIEBx7444@1.64 PRTSx5173@2.36 CTICx61@200.00 PKOHx249@48.84 MXCx2538@4.81 

2015-03-17
Cash: 54.02
Held: PKOHx249@50.12 CTICx61@194.00 PRTSx5173@2.18 SIEBx7444@1.68 MXCx2538@4.90 
Value: 60580.49
Sales: PRTSx5173@2.18 MXCx2538@4.90 CTICx61@194.00 PKOHx249@50.12 SIEBx7444@1.68 
Purchases: PFIEx8532@1.42 SCONx8843@1.37 MDSYx5384@2.25 CURx390@31.06 SALMx2148@5.64 

2015-03-18
Cash: 5.34
Held: PFIEx8532@1.37 SALMx2148@6.06 MDSYx5384@2.20 SCONx8843@1.48 CURx390@28.59 
Value: 60792.98
Sales: PFIEx8532@1.37 SCONx8843@1.48 MDSYx5384@2.20 SALMx2148@6.06 CURx390@28.59 
Purchases: WGx4281@2.84 RDNTx1572@7.73 EGYx3651@3.33 WGBSx3047@3.99 JNPx1876@6.48 

2015-03-19
Cash: 9.59
Held: JNPx1876@7.36 WGx4281@3.10 WGBSx3047@4.09 RDNTx1572@7.65 EGYx3651@3.29 
Value: 63578.67
Sales: WGx4281@3.10 RDNTx1572@7.65 EGYx3651@3.29 JNPx1876@7.36 WGBSx3047@4.09 
Purchases: TBIOx8709@1.46 NVGNx3148@4.04 AXNx6799@1.87 DGICBx591@21.50 SQMx710@17.91 

2015-03-22
Cash: 14.04
Held: DGICBx591@22.05 NVGNx3148@3.80 AXNx6799@1.75 TBIOx8709@1.50 SQMx710@19.00 
Value: 63460.35
Sales: TBIOx8709@1.50 NVGNx3148@3.80 AXNx6799@1.75 SQMx710@19.00 DGICBx591@22.05 
Purchases: AMRNx5076@2.50 NLSTx10153@1.25 EWVx252@50.25 CAPRx1376@9.22 CATOx331@38.31 

2015-03-23
Cash: 49.66
Held: AMRNx5076@2.39 CAPRx1376@9.63 CATOx331@38.22 NLSTx10153@1.29 EWVx252@51.00 
Value: 64039.40
Sales: AMRNx5076@2.39 NLSTx10153@1.29 EWVx252@51.00 CAPRx1376@9.63 CATOx331@38.22 
Purchases: MEIPx6245@2.05 YTENx20653@0.62 SITOx45737@0.28 HALOx908@14.09 FNCXx8483@1.51 

2015-03-24
Cash: 12.82
Held: MEIPx6245@1.99 HALOx908@14.00 YTENx20653@0.66 FNCXx8483@1.54 SITOx45737@0.29 
Value: 65117.71
Sales: MEIPx6245@1.99 YTENx20653@0.66 SITOx45737@0.29 HALOx908@14.00 FNCXx8483@1.54 
Purchases: TRXx34283@0.38 SONSx1493@8.72 COYNx1041@12.50 CPRXx3064@4.25 JRJCx2806@4.64 

2015-03-25
Cash: 21.00
Held: CPRXx3064@3.99 TRXx34283@0.35 JRJCx2806@4.80 SONSx1493@8.32 COYNx1041@12.75 
Value: 63415.45
Sales: COYNx1041@12.75 TRXx34283@0.35 SONSx1493@8.32 JRJCx2806@4.80 CPRXx3064@3.99 
Purchases: IIJIx1493@8.49 CECOx2526@5.02 LEUx2556@4.96 RADAx4934@2.57 VRMLx7329@1.73 

2015-03-26
Cash: 12.59
Held: RADAx4934@2.46 CECOx2526@5.04 IIJIx1493@8.15 LEUx2556@5.00 VRMLx7329@1.92 
Value: 63900.25
Sales: IIJIx1493@8.15 VRMLx7329@1.92 CECOx2526@5.04 RADAx4934@2.46 LEUx2556@5.00 
Purchases: MGAx244@52.38 SONCx399@32.00 COx2307@5.54 SCMPx903@14.14 APOLx669@19.09 

2015-03-29
Cash: 31.43
Held: COx2307@5.72 SCMPx903@14.66 SONCx399@32.44 APOLx669@19.28 MGAx244@52.12 
Value: 65019.40
Sales: MGAx244@52.12 APOLx669@19.28 SONCx399@32.44 COx2307@5.72 SCMPx903@14.66 
Purchases: CHNRx8281@1.57 BBDx1478@8.80 OHRPx4594@2.83 WRLDx173@74.94 MBVXx8338@1.56 

2015-03-30
Cash: 44.60
Held: BBDx1478@9.05 OHRPx4594@2.83 WRLDx173@74.12 CHNRx8281@1.61 MBVXx8338@1.86 
Value: 68087.82
Sales: CHNRx8281@1.61 WRLDx173@74.12 BBDx1478@9.05 OHRPx4594@2.83 MBVXx8338@1.86 
Purchases: SKYx3912@3.48 GILx460@29.55 ADMPx3593@3.79 ASMx10313@1.32 DGSEx8961@1.52 

2015-03-31
Cash: 33.66
Held: DGSEx8961@1.53 GILx460@29.59 SKYx3912@3.56 ASMx10313@1.38 ADMPx3593@4.00 
Value: 69891.15
Sales: ADMPx3593@4.00 GILx460@29.59 SKYx3912@3.56 ASMx10313@1.38 DGSEx8961@1.53 
Purchases: WWEx996@14.02 BRNx5847@2.39 SSNx9777@1.43 ARCWx2656@5.26 CNETx3494@4.00 

2015-04-01
Cash: 16.64
Held: SSNx9777@1.40 CNETx3494@3.82 BRNx5847@2.48 ARCWx2656@5.00 WWEx996@13.75 
Value: 68534.74
Sales: CNETx3494@3.82 BRNx5847@2.48 SSNx9777@1.40 ARCWx2656@5.00 WWEx996@13.75 
Purchases: IMNPx7876@1.74 TEUMx36082@0.38 TKCx1204@11.38 ARCIx6853@2.00 BDRx14127@0.97 

2015-04-05
Cash: 4.59
Held: TEUMx36082@0.39 TKCx1204@11.45 IMNPx7876@1.80 ARCIx6853@2.05 BDRx14127@0.96 
Value: 69652.89
Sales: IMNPx7876@1.80 TEUMx36082@0.39 TKCx1204@11.45 BDRx14127@0.96 ARCIx6853@2.05 
Purchases: VTNRx4973@2.80 CGNTx8293@1.68 SHLDx340@40.97 HHx30286@0.46 WLDNx1048@13.29 

2015-04-06
Cash: 8.26
Held: VTNRx4973@2.53 WLDNx1048@14.21 HHx30286@0.49 SHLDx340@41.53 CGNTx8293@1.48 
Value: 68717.52
Sales: CGNTx8293@1.48 VTNRx4973@2.53 SHLDx340@41.53 HHx30286@0.49 WLDNx1048@14.21 
Purchases: CRMDx1565@8.78 JOBx16966@0.81 RPRXx1612@8.52 SUNWx3144@4.37 CTSOx1844@7.45 

2015-04-07
Cash: 12.55
Held: JOBx16966@0.85 RPRXx1612@8.37 SUNWx3144@4.21 CTSOx1844@8.55 CRMDx1565@9.20 
Value: 71325.73
Sales: CRMDx1565@9.20 JOBx16966@0.85 RPRXx1612@8.37 SUNWx3144@4.21 CTSOx1844@8.55 
Purchases: NYMXx10569@1.35 SKLNx5382@2.65 IRCPx475@30.00 RILYx1426@10.00 SIEBx8542@1.67 

2015-04-08
Cash: 22.83
Held: SKLNx5382@3.00 NYMXx10569@1.38 SIEBx8542@1.62 RILYx1426@9.95 IRCPx475@31.72 
Value: 73851.41
Sales: NYMXx10569@1.38 SIEBx8542@1.62 IRCPx475@31.72 SKLNx5382@3.00 RILYx1426@9.95 
Purchases: PRTKx505@29.20 FXPx531@27.77 YANGx2499@5.91 ACURx3740@3.95 SSNx10254@1.44 

2015-04-09
Cash: 50.57
Held: FXPx531@27.48 SSNx10254@1.60 ACURx3740@4.30 PRTKx505@27.73 YANGx2499@5.79 
Value: 75604.81
Sales: ACURx3740@4.30 SSNx10254@1.60 FXPx531@27.48 YANGx2499@5.79 PRTKx505@27.73 
Purchases: BRNx6273@2.41 GEOSx832@18.17 NWYx5577@2.71 FPPx15751@0.96 HKx8401@1.80 

2015-04-12
Cash: 7.50
Held: BRNx6273@2.94 NWYx5577@2.75 GEOSx832@18.56 HKx8401@1.71 FPPx15751@1.07 
Value: 80451.31
Sales: BRNx6273@2.94 GEOSx832@18.56 NWYx5577@2.75 FPPx15751@1.07 HKx8401@1.71 
Purchases: TSRIx3856@4.17 SOXSx1439@11.18 CWSTx2836@5.67 DYYx4022@4.00 LAWSx682@23.58 

2015-04-13
Cash: 23.27
Held: TSRIx3856@4.53 CWSTx2836@5.88 DYYx4022@4.00 LAWSx682@24.17 SOXSx1439@11.36 
Value: 83087.71
Sales: TSRIx3856@4.53 SOXSx1439@11.36 CWSTx2836@5.88 DYYx4022@4.00 LAWSx682@24.17 
Purchases: NCTYx9283@1.79 PRKRx24805@0.67 JJUx987@16.83 SUNWx4051@4.10 SITOx50344@0.33 

2015-04-14
Cash: 11.12
Held: JJUx987@17.44 PRKRx24805@0.70 SUNWx4051@3.91 NCTYx9283@1.77 SITOx50344@0.31 
Value: 82466.47
Sales: NCTYx9283@1.77 PRKRx24805@0.70 JJUx987@17.44 SUNWx4051@3.91 SITOx50344@0.31 
Purchases: WRNx42302@0.39 BRNx6344@2.60 ARWRx2225@7.41 QBAKx12124@1.36 COREx565@29.16 

2015-04-15
Cash: 27.53
Held: COREx565@28.48 BRNx6344@2.52 QBAKx12124@1.36 WRNx42302@0.40 ARWRx2225@7.15 
Value: 81419.96
Sales: WRNx42302@0.40 COREx565@28.48 ARWRx2225@7.15 QBAKx12124@1.36 BRNx6344@2.52 
Purchases: OPXAx37875@0.43 CALIx12065@1.35 VIVEx40719@0.40 MSBx1147@14.19 BDRx19862@0.82 

2015-04-16
Cash: 13.22
Held: OPXAx37875@0.44 CALIx12065@1.26 VIVEx40719@0.40 MSBx1147@15.49 BDRx19862@0.81 
Value: 82017.62
Sales: OPXAx37875@0.44 CALIx12065@1.26 VIVEx40719@0.40 MSBx1147@15.49 BDRx19862@0.81 
Purchases: NCTYx10651@1.54 DTOx228@71.69 SSKNx9880@1.66 DXTRx34903@0.47 PTXx1969@8.33 

2015-04-19
Cash: 66.11
Held: SSKNx9880@1.57 PTXx1969@8.43 NCTYx10651@1.50 DTOx228@74.00 DXTRx34903@0.45 
Value: 80732.00
Sales: NCTYx10651@1.50 DTOx228@74.00 SSKNx9880@1.57 DXTRx34903@0.45 PTXx1969@8.43 
Purchases: HSCx1035@15.59 LFCx225@71.75 MTWx799@20.20 GLFx1018@15.86 KONEx3191@5.06 

2015-04-20
Cash: 19.60
Held: HSCx1035@16.03 KONEx3191@5.25 LFCx225@75.06 GLFx1018@15.37 MTWx799@20.06 
Value: 81927.49
Sales: HSCx1035@16.03 GLFx1018@15.37 KONEx3191@5.25 LFCx225@75.06 MTWx799@20.06 
Purchases: FAROx352@46.44 GNMKx1525@10.74 SHIPx24090@0.68 NVDQx1184@13.83 MNOVx4056@4.04 

2015-04-21
Cash: 59.28
Held: FAROx352@45.62 SHIPx24090@0.77 GNMKx1525@10.71 MNOVx4056@4.04 NVDQx1184@12.76 
Value: 82490.92
Sales: FAROx352@45.62 GNMKx1525@10.71 SHIPx24090@0.77 MNOVx4056@4.04 NVDQx1184@12.76 
Purchases: NKTRx1528@10.80 UNXLx2844@5.80 FTKx1066@15.47 SANMx807@20.44 HOGx295@55.75 

2015-04-22
Cash: 66.87
Held: SANMx807@20.92 HOGx295@56.47 NKTRx1528@10.85 UNXLx2844@5.79 FTKx1066@15.11 
Value: 82760.98
Sales: HOGx295@56.47 FTKx1066@15.11 SANMx807@20.92 UNXLx2844@5.79 NKTRx1528@10.85 
Purchases: BCLIx3894@4.25 NBYx25073@0.66 NRPx2961@5.59 SKLNx2695@6.14 GLBSx11413@1.45 

