2015-06-22
Cash: 10000.00
Held: 
Value: 10000.00
Sales: 
Purchases: ABCDx50@39.88 ABACx50@39.88 ACCOx50@39.88 ACADx50@39.88 ADBEx50@39.88 

2015-06-23
Cash: 31.25
Held: ABCDx50@39.47 ABACx50@39.47 ACCOx50@39.47 ACADx50@39.47 ADBEx50@39.47 
Value: 9898.44
Sales: ABCDx50@39.47 ABACx50@39.47 ACCOx50@39.47 ACADx50@39.47 ADBEx50@39.47 
Purchases: ABCDx50@39.47 ABACx50@39.47 ACCOx50@39.47 ACADx50@39.47 ADBEx50@39.47 

2015-06-24
Cash: 31.25
Held: ABCDx50@39.81 ABACx50@39.81 ACCOx50@39.81 ACADx50@39.81 ADBEx50@39.81 
Value: 9984.38
Sales: ABCDx50@39.81 ABACx50@39.81 ACCOx50@39.81 ACADx50@39.81 ADBEx50@39.81 
Purchases: ABCDx50@39.81 ABACx50@39.81 ACCOx50@39.81 ACADx50@39.81 ADBEx50@39.81 

2015-06-25
Cash: 31.25
Held: ABCDx50@40.00 ABACx50@40.00 ACCOx50@40.00 ACADx50@40.00 ADBEx50@40.00 
Value: 10031.25
Sales: ABCDx50@40.00 ABACx50@40.00 ACCOx50@40.00 ACADx50@40.00 ADBEx50@40.00 
Purchases: ABCDx50@40.00 ABACx50@40.00 ACCOx50@40.00 ACADx50@40.00 ADBEx50@40.00 

2015-06-28
Cash: 31.25
Held: ABCDx50@39.59 ABACx50@39.59 ACCOx50@39.59 ACADx50@39.59 ADBEx50@39.59 
Value: 9929.69
Sales: ABCDx50@39.59 ABACx50@39.59 ACCOx50@39.59 ACADx50@39.59 ADBEx50@39.59 
Purchases: ABCDx50@39.59 ABACx50@39.59 ACCOx50@39.59 ACADx50@39.59 ADBEx50@39.59 

2015-06-29
Cash: 31.25
Held: ABCDx50@39.09 ABACx50@39.09 ACCOx50@39.09 ACADx50@39.09 ADBEx50@39.09 
Value: 9804.69
Sales: ABCDx50@39.09 ABACx50@39.09 ACCOx50@39.09 ACADx50@39.09 ADBEx50@39.09 
Purchases: ABCDx50@39.09 ABACx50@39.09 ACCOx50@39.09 ACADx50@39.09 ADBEx50@39.09 

2015-06-30
Cash: 31.25
Held: ABCDx50@38.88 ABACx50@38.88 ACCOx50@38.88 ACADx50@38.88 ADBEx50@38.88 
Value: 9750.00
Sales: ABCDx50@38.88 ABACx50@38.88 ACCOx50@38.88 ACADx50@38.88 ADBEx50@38.88 
Purchases: ABCDx50@38.88 ABACx50@38.88 ACCOx50@38.88 ACADx50@38.88 ADBEx50@38.88 

2015-07-01
Cash: 31.25
Held: ABCDx50@39.38 ABACx50@39.38 ACCOx50@39.38 ACADx50@39.38 ADBEx50@39.38 
Value: 9875.00
Sales: ABCDx50@39.38 ABACx50@39.38 ACCOx50@39.38 ACADx50@39.38 ADBEx50@39.38 
Purchases: ABCDx50@39.38 ABACx50@39.38 ACCOx50@39.38 ACADx50@39.38 ADBEx50@39.38 

2015-07-05
Cash: 31.25
Held: ABCDx50@39.12 ABACx50@39.12 ACCOx50@39.12 ACADx50@39.12 ADBEx50@39.12 
Value: 9812.50
Sales: ABCDx50@39.12 ABACx50@39.12 ACCOx50@39.12 ACADx50@39.12 ADBEx50@39.12 
Purchases: ABCDx50@39.12 ABACx50@39.12 ACCOx50@39.12 ACADx50@39.12 ADBEx50@39.12 

2015-07-06
Cash: 31.25
Held: ABCDx50@39.53 ABACx50@39.53 ACCOx50@39.53 ACADx50@39.53 ADBEx50@39.53 
Value: 9914.06
Sales: ABCDx50@39.53 ABACx50@39.53 ACCOx50@39.53 ACADx50@39.53 ADBEx50@39.53 
Purchases: ABCDx50@39.53 ABACx50@39.53 ACCOx50@39.53 ACADx50@39.53 ADBEx50@39.53 

2015-07-07
Cash: 31.25
Held: ABCDx50@39.47 ABACx50@39.47 ACCOx50@39.47 ACADx50@39.47 ADBEx50@39.47 
Value: 9898.44
Sales: ABCDx50@39.47 ABACx50@39.47 ACCOx50@39.47 ACADx50@39.47 ADBEx50@39.47 
Purchases: ABCDx50@39.47 ABACx50@39.47 ACCOx50@39.47 ACADx50@39.47 ADBEx50@39.47 

2015-07-08
Cash: 31.25
Held: ABCDx50@39.28 ABACx50@39.28 ACCOx50@39.28 ACADx50@39.28 ADBEx50@39.28 
Value: 9851.56
Sales: ABCDx50@39.28 ABACx50@39.28 ACCOx50@39.28 ACADx50@39.28 ADBEx50@39.28 
Purchases: ABCDx50@39.28 ABACx50@39.28 ACCOx50@39.28 ACADx50@39.28 ADBEx50@39.28 

2015-07-09
Cash: 31.25
Held: ABCDx50@39.28 ABACx50@39.28 ACCOx50@39.28 ACADx50@39.28 ADBEx50@39.28 
Value: 9851.56
Sales: ABCDx50@39.28 ABACx50@39.28 ACCOx50@39.28 ACADx50@39.28 ADBEx50@39.28 
Purchases: ABCDx50@39.28 ABACx50@39.28 ACCOx50@39.28 ACADx50@39.28 ADBEx50@39.28 

2015-07-12
Cash: 31.25
Held: ABCDx50@39.72 ABACx50@39.72 ACCOx50@39.72 ACADx50@39.72 ADBEx50@39.72 
Value: 9960.94
Sales: ABCDx50@39.72 ABACx50@39.72 ACCOx50@39.72 ACADx50@39.72 ADBEx50@39.72 
Purchases: ABCDx50@39.72 ABACx50@39.72 ACCOx50@39.72 ACADx50@39.72 ADBEx50@39.72 

2015-07-13
Cash: 31.25
Held: ABCDx50@40.06 ABACx50@40.06 ACCOx50@40.06 ACADx50@40.06 ADBEx50@40.06 
Value: 10046.88
Sales: ABCDx50@40.06 ABACx50@40.06 ACCOx50@40.06 ACADx50@40.06 ADBEx50@40.06 
Purchases: ABCDx50@40.06 ABACx50@40.06 ACCOx50@40.06 ACADx50@40.06 ADBEx50@40.06 

2015-07-14
Cash: 31.25
Held: ABCDx50@40.41 ABACx50@40.41 ACCOx50@40.41 ACADx50@40.41 ADBEx50@40.41 
Value: 10132.81
Sales: ABCDx50@40.41 ABACx50@40.41 ACCOx50@40.41 ACADx50@40.41 ADBEx50@40.41 
Purchases: ABCDx50@40.41 ABACx50@40.41 ACCOx50@40.41 ACADx50@40.41 ADBEx50@40.41 

2015-07-15
Cash: 31.25
Held: ABCDx50@40.38 ABACx50@40.38 ACCOx50@40.38 ACADx50@40.38 ADBEx50@40.38 
Value: 10125.00
Sales: ABCDx50@40.38 ABACx50@40.38 ACCOx50@40.38 ACADx50@40.38 ADBEx50@40.38 
Purchases: ABCDx50@40.38 ABACx50@40.38 ACCOx50@40.38 ACADx50@40.38 ADBEx50@40.38 

2015-07-16
Cash: 31.25
Held: ABCDx50@40.19 ABACx50@40.19 ACCOx50@40.19 ACADx50@40.19 ADBEx50@40.19 
Value: 10078.12
Sales: ABCDx50@40.19 ABACx50@40.19 ACCOx50@40.19 ACADx50@40.19 ADBEx50@40.19 
Purchases: ABCDx50@40.19 ABACx50@40.19 ACCOx50@40.19 ACADx50@40.19 ADBEx50@40.19 

2015-07-19
Cash: 31.25
Held: ABCDx50@40.06 ABACx50@40.06 ACCOx50@40.06 ACADx50@40.06 ADBEx50@40.06 
Value: 10046.88
Sales: ABCDx50@40.06 ABACx50@40.06 ACCOx50@40.06 ACADx50@40.06 ADBEx50@40.06 
Purchases: ABCDx50@40.06 ABACx50@40.06 ACCOx50@40.06 ACADx50@40.06 ADBEx50@40.06 

2015-07-20
Cash: 31.25
Held: ABCDx50@39.97 ABACx50@39.97 ACCOx50@39.97 ACADx50@39.97 ADBEx50@39.97 
Value: 10023.44
Sales: ABCDx50@39.97 ABACx50@39.97 ACCOx50@39.97 ACADx50@39.97 ADBEx50@39.97 
Purchases: ABCDx50@39.97 ABACx50@39.97 ACCOx50@39.97 ACADx50@39.97 ADBEx50@39.97 

2015-07-21
Cash: 31.25
Held: ABCDx50@39.28 ABACx50@39.28 ACCOx50@39.28 ACADx50@39.28 ADBEx50@39.28 
Value: 9851.56
Sales: ABCDx50@39.28 ABACx50@39.28 ACCOx50@39.28 ACADx50@39.28 ADBEx50@39.28 
Purchases: ABCDx50@39.28 ABACx50@39.28 ACCOx50@39.28 ACADx50@39.28 ADBEx50@39.28 

2015-07-22
Cash: 31.25
Held: ABCDx50@40.38 ABACx50@40.38 ACCOx50@40.38 ACADx50@40.38 ADBEx50@40.38 
Value: 10125.00
Sales: ABCDx50@40.38 ABACx50@40.38 ACCOx50@40.38 ACADx50@40.38 ADBEx50@40.38 
Purchases: ABCDx50@40.38 ABACx50@40.38 ACCOx50@40.38 ACADx50@40.38 ADBEx50@40.38 

2015-07-23
Cash: 31.25
Held: ABCDx50@40.12 ABACx50@40.12 ACCOx50@40.12 ACADx50@40.12 ADBEx50@40.12 
Value: 10062.50
Sales: ABCDx50@40.12 ABACx50@40.12 ACCOx50@40.12 ACADx50@40.12 ADBEx50@40.12 
Purchases: ABCDx50@40.12 ABACx50@40.12 ACCOx50@40.12 ACADx50@40.12 ADBEx50@40.12 

2015-07-26
Cash: 31.25
Held: ABCDx50@39.03 ABACx50@39.03 ACCOx50@39.03 ACADx50@39.03 ADBEx50@39.03 
Value: 9789.06
Sales: ABCDx50@39.03 ABACx50@39.03 ACCOx50@39.03 ACADx50@39.03 ADBEx50@39.03 
Purchases: ABCDx50@39.03 ABACx50@39.03 ACCOx50@39.03 ACADx50@39.03 ADBEx50@39.03 

2015-07-27
Cash: 31.25
Held: ABCDx50@40.00 ABACx50@40.00 ACCOx50@40.00 ACADx50@40.00 ADBEx50@40.00 
Value: 10031.25
Sales: ABCDx50@40.00 ABACx50@40.00 ACCOx50@40.00 ACADx50@40.00 ADBEx50@40.00 
Purchases: ABCDx50@40.00 ABACx50@40.00 ACCOx50@40.00 ACADx50@40.00 ADBEx50@40.00 

2015-07-28
Cash: 31.25
Held: ABCDx50@40.50 ABACx50@40.50 ACCOx50@40.50 ACADx50@40.50 ADBEx50@40.50 
Value: 10156.25
Sales: ABCDx50@40.50 ABACx50@40.50 ACCOx50@40.50 ACADx50@40.50 ADBEx50@40.50 
Purchases: ABCDx50@40.50 ABACx50@40.50 ACCOx50@40.50 ACADx50@40.50 ADBEx50@40.50 

2015-07-29
Cash: 31.25
Held: ABCDx50@40.25 ABACx50@40.25 ACCOx50@40.25 ACADx50@40.25 ADBEx50@40.25 
Value: 10093.75
Sales: ABCDx50@40.25 ABACx50@40.25 ACCOx50@40.25 ACADx50@40.25 ADBEx50@40.25 
Purchases: ABCDx50@40.25 ABACx50@40.25 ACCOx50@40.25 ACADx50@40.25 ADBEx50@40.25 

2015-07-30
Cash: 31.25
Held: ABCDx50@41.06 ABACx50@41.06 ACCOx50@41.06 ACADx50@41.06 ADBEx50@41.06 
Value: 10296.88
Sales: ABCDx50@41.06 ABACx50@41.06 ACCOx50@41.06 ACADx50@41.06 ADBEx50@41.06 
Purchases: ABCDx50@41.06 ABACx50@41.06 ACCOx50@41.06 ACADx50@41.06 ADBEx50@41.06 

2015-08-02
Cash: 31.25
Held: ABCDx50@40.91 ABACx50@40.91 ACCOx50@40.91 ACADx50@40.91 ADBEx50@40.91 
Value: 10257.81
Sales: ABCDx50@40.91 ABACx50@40.91 ACCOx50@40.91 ACADx50@40.91 ADBEx50@40.91 
Purchases: ABCDx50@40.91 ABACx50@40.91 ACCOx50@40.91 ACADx50@40.91 ADBEx50@40.91 

2015-08-03
Cash: 31.25
Held: ABCDx50@40.94 ABACx50@40.94 ACCOx50@40.94 ACADx50@40.94 ADBEx50@40.94 
Value: 10265.62
Sales: ABCDx50@40.94 ABACx50@40.94 ACCOx50@40.94 ACADx50@40.94 ADBEx50@40.94 
Purchases: ABCDx50@40.94 ABACx50@40.94 ACCOx50@40.94 ACADx50@40.94 ADBEx50@40.94 

2015-08-04
Cash: 31.25
Held: ABCDx50@40.94 ABACx50@40.94 ACCOx50@40.94 ACADx50@40.94 ADBEx50@40.94 
Value: 10265.62
Sales: ABCDx50@40.94 ABACx50@40.94 ACCOx50@40.94 ACADx50@40.94 ADBEx50@40.94 
Purchases: ABCDx50@40.94 ABACx50@40.94 ACCOx50@40.94 ACADx50@40.94 ADBEx50@40.94 

2015-08-05
Cash: 31.25
Held: ABCDx50@40.94 ABACx50@40.94 ACCOx50@40.94 ACADx50@40.94 ADBEx50@40.94 
Value: 10265.62
Sales: ABCDx50@40.94 ABACx50@40.94 ACCOx50@40.94 ACADx50@40.94 ADBEx50@40.94 
Purchases: ABCDx50@40.94 ABACx50@40.94 ACCOx50@40.94 ACADx50@40.94 ADBEx50@40.94 

2015-08-06
Cash: 31.25
Held: ABCDx50@40.12 ABACx50@40.12 ACCOx50@40.12 ACADx50@40.12 ADBEx50@40.12 
Value: 10062.50
Sales: ABCDx50@40.12 ABACx50@40.12 ACCOx50@40.12 ACADx50@40.12 ADBEx50@40.12 
Purchases: ABCDx50@40.12 ABACx50@40.12 ACCOx50@40.12 ACADx50@40.12 ADBEx50@40.12 

2015-08-09
Cash: 31.25
Held: ABCDx50@40.25 ABACx50@40.25 ACCOx50@40.25 ACADx50@40.25 ADBEx50@40.25 
Value: 10093.75
Sales: ABCDx50@40.25 ABACx50@40.25 ACCOx50@40.25 ACADx50@40.25 ADBEx50@40.25 
Purchases: ABCDx50@40.25 ABACx50@40.25 ACCOx50@40.25 ACADx50@40.25 ADBEx50@40.25 

2015-08-10
Cash: 31.25
Held: ABCDx50@40.19 ABACx50@40.19 ACCOx50@40.19 ACADx50@40.19 ADBEx50@40.19 
Value: 10078.12
Sales: ABCDx50@40.19 ABACx50@40.19 ACCOx50@40.19 ACADx50@40.19 ADBEx50@40.19 
Purchases: ABCDx50@40.19 ABACx50@40.19 ACCOx50@40.19 ACADx50@40.19 ADBEx50@40.19 

2015-08-11
Cash: 31.25
Held: ABCDx50@39.06 ABACx50@39.06 ACCOx50@39.06 ACADx50@39.06 ADBEx50@39.06 
Value: 9796.88
Sales: ABCDx50@39.06 ABACx50@39.06 ACCOx50@39.06 ACADx50@39.06 ADBEx50@39.06 
Purchases: ABCDx50@39.06 ABACx50@39.06 ACCOx50@39.06 ACADx50@39.06 ADBEx50@39.06 

2015-08-12
Cash: 31.25
Held: ABCDx50@38.94 ABACx50@38.94 ACCOx50@38.94 ACADx50@38.94 ADBEx50@38.94 
Value: 9765.62
Sales: ABCDx50@38.94 ABACx50@38.94 ACCOx50@38.94 ACADx50@38.94 ADBEx50@38.94 
Purchases: ABCDx50@38.94 ABACx50@38.94 ACCOx50@38.94 ACADx50@38.94 ADBEx50@38.94 

2015-08-13
Cash: 31.25
Held: ABCDx50@38.62 ABACx50@38.62 ACCOx50@38.62 ACADx50@38.62 ADBEx50@38.62 
Value: 9687.50
Sales: ABCDx50@38.62 ABACx50@38.62 ACCOx50@38.62 ACADx50@38.62 ADBEx50@38.62 
Purchases: ABCDx50@38.62 ABACx50@38.62 ACCOx50@38.62 ACADx50@38.62 ADBEx50@38.62 

2015-08-16
Cash: 31.25
Held: ABCDx50@38.38 ABACx50@38.38 ACCOx50@38.38 ACADx50@38.38 ADBEx50@38.38 
Value: 9625.00
Sales: ABCDx50@38.38 ABACx50@38.38 ACCOx50@38.38 ACADx50@38.38 ADBEx50@38.38 
Purchases: ABCDx50@38.38 ABACx50@38.38 ACCOx50@38.38 ACADx50@38.38 ADBEx50@38.38 

2015-08-17
Cash: 31.25
Held: ABCDx50@39.12 ABACx50@39.12 ACCOx50@39.12 ACADx50@39.12 ADBEx50@39.12 
Value: 9812.50
Sales: ABCDx50@39.12 ABACx50@39.12 ACCOx50@39.12 ACADx50@39.12 ADBEx50@39.12 
Purchases: ABCDx50@39.12 ABACx50@39.12 ACCOx50@39.12 ACADx50@39.12 ADBEx50@39.12 

2015-08-18
Cash: 31.25
Held: ABCDx50@38.69 ABACx50@38.69 ACCOx50@38.69 ACADx50@38.69 ADBEx50@38.69 
Value: 9703.12
Sales: ABCDx50@38.69 ABACx50@38.69 ACCOx50@38.69 ACADx50@38.69 ADBEx50@38.69 
Purchases: ABCDx50@38.69 ABACx50@38.69 ACCOx50@38.69 ACADx50@38.69 ADBEx50@38.69 

2015-08-19
Cash: 31.25
Held: ABCDx50@38.00 ABACx50@38.00 ACCOx50@38.00 ACADx50@38.00 ADBEx50@38.00 
Value: 9531.25
Sales: ABCDx50@38.00 ABACx50@38.00 ACCOx50@38.00 ACADx50@38.00 ADBEx50@38.00 
Purchases: ABCDx50@38.00 ABACx50@38.00 ACCOx50@38.00 ACADx50@38.00 ADBEx50@38.00 

2015-08-20
Cash: 31.25
Held: ABCDx50@37.12 ABACx50@37.12 ACCOx50@37.12 ACADx50@37.12 ADBEx50@37.12 
Value: 9312.50
Sales: ABCDx50@37.12 ABACx50@37.12 ACCOx50@37.12 ACADx50@37.12 ADBEx50@37.12 
Purchases: ABCDx50@37.12 ABACx50@37.12 ACCOx50@37.12 ACADx50@37.12 ADBEx50@37.12 

2015-08-23
Cash: 31.25
Held: ABCDx50@33.88 ABACx50@33.88 ACCOx50@33.88 ACADx50@33.88 ADBEx50@33.88 
Value: 8500.00
Sales: ABCDx50@33.88 ABACx50@33.88 ACCOx50@33.88 ACADx50@33.88 ADBEx50@33.88 
Purchases: ABCDx50@33.88 ABACx50@33.88 ACCOx50@33.88 ACADx50@33.88 ADBEx50@33.88 

2015-08-24
Cash: 31.25
Held: ABCDx50@35.69 ABACx50@35.69 ACCOx50@35.69 ACADx50@35.69 ADBEx50@35.69 
Value: 8953.12
Sales: ABCDx50@35.69 ABACx50@35.69 ACCOx50@35.69 ACADx50@35.69 ADBEx50@35.69 
Purchases: ABCDx50@35.69 ABACx50@35.69 ACCOx50@35.69 ACADx50@35.69 ADBEx50@35.69 

2015-08-25
Cash: 31.25
Held: ABCDx50@35.38 ABACx50@35.38 ACCOx50@35.38 ACADx50@35.38 ADBEx50@35.38 
Value: 8875.00
Sales: ABCDx50@35.38 ABACx50@35.38 ACCOx50@35.38 ACADx50@35.38 ADBEx50@35.38 
Purchases: ABCDx50@35.38 ABACx50@35.38 ACCOx50@35.38 ACADx50@35.38 ADBEx50@35.38 

2015-08-26
Cash: 31.25
Held: ABCDx50@36.16 ABACx50@36.16 ACCOx50@36.16 ACADx50@36.16 ADBEx50@36.16 
Value: 9070.31
Sales: ABCDx50@36.16 ABACx50@36.16 ACCOx50@36.16 ACADx50@36.16 ADBEx50@36.16 
Purchases: ABCDx50@36.16 ABACx50@36.16 ACCOx50@36.16 ACADx50@36.16 ADBEx50@36.16 

2015-08-27
Cash: 31.25
Held: ABCDx50@36.44 ABACx50@36.44 ACCOx50@36.44 ACADx50@36.44 ADBEx50@36.44 
Value: 9140.62
Sales: ABCDx50@36.44 ABACx50@36.44 ACCOx50@36.44 ACADx50@36.44 ADBEx50@36.44 
Purchases: ABCDx50@36.44 ABACx50@36.44 ACCOx50@36.44 ACADx50@36.44 ADBEx50@36.44 

2015-08-30
Cash: 31.25
Held: ABCDx50@36.44 ABACx50@36.44 ACCOx50@36.44 ACADx50@36.44 ADBEx50@36.44 
Value: 9140.62
Sales: ABCDx50@36.44 ABACx50@36.44 ACCOx50@36.44 ACADx50@36.44 ADBEx50@36.44 
Purchases: ABCDx50@36.44 ABACx50@36.44 ACCOx50@36.44 ACADx50@36.44 ADBEx50@36.44 

2015-08-31
Cash: 31.25
Held: ABCDx50@35.31 ABACx50@35.31 ACCOx50@35.31 ACADx50@35.31 ADBEx50@35.31 
Value: 8859.38
Sales: ABCDx50@35.31 ABACx50@35.31 ACCOx50@35.31 ACADx50@35.31 ADBEx50@35.31 
Purchases: ABCDx50@35.31 ABACx50@35.31 ACCOx50@35.31 ACADx50@35.31 ADBEx50@35.31 

2015-09-01
Cash: 31.25
Held: ABCDx50@35.34 ABACx50@35.34 ACCOx50@35.34 ACADx50@35.34 ADBEx50@35.34 
Value: 8867.19
Sales: ABCDx50@35.34 ABACx50@35.34 ACCOx50@35.34 ACADx50@35.34 ADBEx50@35.34 
Purchases: ABCDx50@35.34 ABACx50@35.34 ACCOx50@35.34 ACADx50@35.34 ADBEx50@35.34 

2015-09-02
Cash: 31.25
Held: ABCDx50@35.62 ABACx50@35.62 ACCOx50@35.62 ACADx50@35.62 ADBEx50@35.62 
Value: 8937.50
Sales: ABCDx50@35.62 ABACx50@35.62 ACCOx50@35.62 ACADx50@35.62 ADBEx50@35.62 
Purchases: ABCDx50@35.62 ABACx50@35.62 ACCOx50@35.62 ACADx50@35.62 ADBEx50@35.62 

2015-09-03
Cash: 31.25
Held: ABCDx50@35.03 ABACx50@35.03 ACCOx50@35.03 ACADx50@35.03 ADBEx50@35.03 
Value: 8789.06
Sales: ABCDx50@35.03 ABACx50@35.03 ACCOx50@35.03 ACADx50@35.03 ADBEx50@35.03 
Purchases: ABCDx50@35.03 ABACx50@35.03 ACCOx50@35.03 ACADx50@35.03 ADBEx50@35.03 

2015-09-07
Cash: 31.25
Held: ABCDx50@35.81 ABACx50@35.81 ACCOx50@35.81 ACADx50@35.81 ADBEx50@35.81 
Value: 8984.38
Sales: ABCDx50@35.81 ABACx50@35.81 ACCOx50@35.81 ACADx50@35.81 ADBEx50@35.81 
Purchases: ABCDx50@35.81 ABACx50@35.81 ACCOx50@35.81 ACADx50@35.81 ADBEx50@35.81 

2015-09-08
Cash: 31.25
Held: ABCDx50@36.50 ABACx50@36.50 ACCOx50@36.50 ACADx50@36.50 ADBEx50@36.50 
Value: 9156.25
Sales: ABCDx50@36.50 ABACx50@36.50 ACCOx50@36.50 ACADx50@36.50 ADBEx50@36.50 
Purchases: ABCDx50@36.50 ABACx50@36.50 ACCOx50@36.50 ACADx50@36.50 ADBEx50@36.50 

2015-09-09
Cash: 31.25
Held: ABCDx50@35.62 ABACx50@35.62 ACCOx50@35.62 ACADx50@35.62 ADBEx50@35.62 
Value: 8937.50
Sales: ABCDx50@35.62 ABACx50@35.62 ACCOx50@35.62 ACADx50@35.62 ADBEx50@35.62 
Purchases: ABCDx50@35.62 ABACx50@35.62 ACCOx50@35.62 ACADx50@35.62 ADBEx50@35.62 

2015-09-10
Cash: 31.25
Held: ABCDx50@35.66 ABACx50@35.66 ACCOx50@35.66 ACADx50@35.66 ADBEx50@35.66 
Value: 8945.31
Sales: ABCDx50@35.66 ABACx50@35.66 ACCOx50@35.66 ACADx50@35.66 ADBEx50@35.66 
Purchases: ABCDx50@35.66 ABACx50@35.66 ACCOx50@35.66 ACADx50@35.66 ADBEx50@35.66 

2015-09-13
Cash: 31.25
Held: ABCDx50@35.91 ABACx50@35.91 ACCOx50@35.91 ACADx50@35.91 ADBEx50@35.91 
Value: 9007.81
Sales: ABCDx50@35.91 ABACx50@35.91 ACCOx50@35.91 ACADx50@35.91 ADBEx50@35.91 
Purchases: ABCDx50@35.91 ABACx50@35.91 ACCOx50@35.91 ACADx50@35.91 ADBEx50@35.91 

2015-09-14
Cash: 31.25
Held: ABCDx50@35.75 ABACx50@35.75 ACCOx50@35.75 ACADx50@35.75 ADBEx50@35.75 
Value: 8968.75
Sales: ABCDx50@35.75 ABACx50@35.75 ACCOx50@35.75 ACADx50@35.75 ADBEx50@35.75 
Purchases: ABCDx50@35.75 ABACx50@35.75 ACCOx50@35.75 ACADx50@35.75 ADBEx50@35.75 

2015-09-15
Cash: 31.25
Held: ABCDx50@36.16 ABACx50@36.16 ACCOx50@36.16 ACADx50@36.16 ADBEx50@36.16 
Value: 9070.31
Sales: ABCDx50@36.16 ABACx50@36.16 ACCOx50@36.16 ACADx50@36.16 ADBEx50@36.16 
Purchases: ABCDx50@36.16 ABACx50@36.16 ACCOx50@36.16 ACADx50@36.16 ADBEx50@36.16 

2015-09-16
Cash: 31.25
Held: ABCDx50@36.62 ABACx50@36.62 ACCOx50@36.62 ACADx50@36.62 ADBEx50@36.62 
Value: 9187.50
Sales: ABCDx50@36.62 ABACx50@36.62 ACCOx50@36.62 ACADx50@36.62 ADBEx50@36.62 
Purchases: ABCDx50@36.62 ABACx50@36.62 ACCOx50@36.62 ACADx50@36.62 ADBEx50@36.62 

2015-09-17
Cash: 31.25
Held: ABCDx50@35.88 ABACx50@35.88 ACCOx50@35.88 ACADx50@35.88 ADBEx50@35.88 
Value: 9000.00
Sales: ABCDx50@35.88 ABACx50@35.88 ACCOx50@35.88 ACADx50@35.88 ADBEx50@35.88 
Purchases: ABCDx50@35.88 ABACx50@35.88 ACCOx50@35.88 ACADx50@35.88 ADBEx50@35.88 

2015-09-20
Cash: 31.25
Held: ABCDx50@35.97 ABACx50@35.97 ACCOx50@35.97 ACADx50@35.97 ADBEx50@35.97 
Value: 9023.44
Sales: ABCDx50@35.97 ABACx50@35.97 ACCOx50@35.97 ACADx50@35.97 ADBEx50@35.97 
Purchases: ABCDx50@35.97 ABACx50@35.97 ACCOx50@35.97 ACADx50@35.97 ADBEx50@35.97 

2015-09-21
Cash: 31.25
Held: ABCDx50@35.19 ABACx50@35.19 ACCOx50@35.19 ACADx50@35.19 ADBEx50@35.19 
Value: 8828.12
Sales: ABCDx50@35.19 ABACx50@35.19 ACCOx50@35.19 ACADx50@35.19 ADBEx50@35.19 
Purchases: ABCDx50@35.19 ABACx50@35.19 ACCOx50@35.19 ACADx50@35.19 ADBEx50@35.19 

2015-09-22
Cash: 31.25
Held: ABCDx50@35.09 ABACx50@35.09 ACCOx50@35.09 ACADx50@35.09 ADBEx50@35.09 
Value: 8804.69
Sales: ABCDx50@35.09 ABACx50@35.09 ACCOx50@35.09 ACADx50@35.09 ADBEx50@35.09 
Purchases: ABCDx50@35.09 ABACx50@35.09 ACCOx50@35.09 ACADx50@35.09 ADBEx50@35.09 

2015-09-23
Cash: 31.25
Held: ABCDx50@34.56 ABACx50@34.56 ACCOx50@34.56 ACADx50@34.56 ADBEx50@34.56 
Value: 8671.88
Sales: ABCDx50@34.56 ABACx50@34.56 ACCOx50@34.56 ACADx50@34.56 ADBEx50@34.56 
Purchases: ABCDx50@34.56 ABACx50@34.56 ACCOx50@34.56 ACADx50@34.56 ADBEx50@34.56 

2015-09-24
Cash: 31.25
Held: ABCDx50@34.69 ABACx50@34.69 ACCOx50@34.69 ACADx50@34.69 ADBEx50@34.69 
Value: 8703.12
Sales: ABCDx50@34.69 ABACx50@34.69 ACCOx50@34.69 ACADx50@34.69 ADBEx50@34.69 
Purchases: ABCDx50@34.69 ABACx50@34.69 ACCOx50@34.69 ACADx50@34.69 ADBEx50@34.69 

2015-09-27
Cash: 31.25
Held: ABCDx50@34.12 ABACx50@34.12 ACCOx50@34.12 ACADx50@34.12 ADBEx50@34.12 
Value: 8562.50
Sales: ABCDx50@34.12 ABACx50@34.12 ACCOx50@34.12 ACADx50@34.12 ADBEx50@34.12 
Purchases: ABCDx50@34.12 ABACx50@34.12 ACCOx50@34.12 ACADx50@34.12 ADBEx50@34.12 

2015-09-28
Cash: 31.25
Held: ABCDx50@33.38 ABACx50@33.38 ACCOx50@33.38 ACADx50@33.38 ADBEx50@33.38 
Value: 8375.00
Sales: ABCDx50@33.38 ABACx50@33.38 ACCOx50@33.38 ACADx50@33.38 ADBEx50@33.38 
Purchases: ABCDx50@33.38 ABACx50@33.38 ACCOx50@33.38 ACADx50@33.38 ADBEx50@33.38 

2015-09-29
Cash: 31.25
Held: ABCDx50@34.09 ABACx50@34.09 ACCOx50@34.09 ACADx50@34.09 ADBEx50@34.09 
Value: 8554.69
Sales: ABCDx50@34.09 ABACx50@34.09 ACCOx50@34.09 ACADx50@34.09 ADBEx50@34.09 
Purchases: ABCDx50@34.09 ABACx50@34.09 ACCOx50@34.09 ACADx50@34.09 ADBEx50@34.09 

2015-09-30
Cash: 31.25
Held: ABCDx50@34.31 ABACx50@34.31 ACCOx50@34.31 ACADx50@34.31 ADBEx50@34.31 
Value: 8609.38
Sales: ABCDx50@34.31 ABACx50@34.31 ACCOx50@34.31 ACADx50@34.31 ADBEx50@34.31 
Purchases: ABCDx50@34.31 ABACx50@34.31 ACCOx50@34.31 ACADx50@34.31 ADBEx50@34.31 

2015-10-01
Cash: 31.25
Held: ABCDx50@33.19 ABACx50@33.19 ACCOx50@33.19 ACADx50@33.19 ADBEx50@33.19 
Value: 8328.12
Sales: ABCDx50@33.19 ABACx50@33.19 ACCOx50@33.19 ACADx50@33.19 ADBEx50@33.19 
Purchases: ABCDx50@33.19 ABACx50@33.19 ACCOx50@33.19 ACADx50@33.19 ADBEx50@33.19 

2015-10-04
Cash: 31.25
Held: ABCDx50@35.03 ABACx50@35.03 ACCOx50@35.03 ACADx50@35.03 ADBEx50@35.03 
Value: 8789.06
Sales: ABCDx50@35.03 ABACx50@35.03 ACCOx50@35.03 ACADx50@35.03 ADBEx50@35.03 
Purchases: ABCDx50@35.03 ABACx50@35.03 ACCOx50@35.03 ACADx50@35.03 ADBEx50@35.03 

2015-10-05
Cash: 31.25
Held: ABCDx50@35.12 ABACx50@35.12 ACCOx50@35.12 ACADx50@35.12 ADBEx50@35.12 
Value: 8812.50
Sales: ABCDx50@35.12 ABACx50@35.12 ACCOx50@35.12 ACADx50@35.12 ADBEx50@35.12 
Purchases: ABCDx50@35.12 ABACx50@35.12 ACCOx50@35.12 ACADx50@35.12 ADBEx50@35.12 

2015-10-06
Cash: 31.25
Held: ABCDx50@35.19 ABACx50@35.19 ACCOx50@35.19 ACADx50@35.19 ADBEx50@35.19 
Value: 8828.12
Sales: ABCDx50@35.19 ABACx50@35.19 ACCOx50@35.19 ACADx50@35.19 ADBEx50@35.19 
Purchases: ABCDx50@35.19 ABACx50@35.19 ACCOx50@35.19 ACADx50@35.19 ADBEx50@35.19 

2015-10-07
Cash: 31.25
Held: ABCDx50@35.38 ABACx50@35.38 ACCOx50@35.38 ACADx50@35.38 ADBEx50@35.38 
Value: 8875.00
Sales: ABCDx50@35.38 ABACx50@35.38 ACCOx50@35.38 ACADx50@35.38 ADBEx50@35.38 
Purchases: ABCDx50@35.38 ABACx50@35.38 ACCOx50@35.38 ACADx50@35.38 ADBEx50@35.38 

2015-10-08
Cash: 31.25
Held: ABCDx50@35.94 ABACx50@35.94 ACCOx50@35.94 ACADx50@35.94 ADBEx50@35.94 
Value: 9015.62
Sales: ABCDx50@35.94 ABACx50@35.94 ACCOx50@35.94 ACADx50@35.94 ADBEx50@35.94 
Purchases: ABCDx50@35.94 ABACx50@35.94 ACCOx50@35.94 ACADx50@35.94 ADBEx50@35.94 

2015-10-11
Cash: 31.25
Held: ABCDx50@36.09 ABACx50@36.09 ACCOx50@36.09 ACADx50@36.09 ADBEx50@36.09 
Value: 9054.69
Sales: ABCDx50@36.09 ABACx50@36.09 ACCOx50@36.09 ACADx50@36.09 ADBEx50@36.09 
Purchases: ABCDx50@36.09 ABACx50@36.09 ACCOx50@36.09 ACADx50@36.09 ADBEx50@36.09 

2015-10-12
Cash: 31.25
Held: ABCDx50@35.75 ABACx50@35.75 ACCOx50@35.75 ACADx50@35.75 ADBEx50@35.75 
Value: 8968.75
Sales: ABCDx50@35.75 ABACx50@35.75 ACCOx50@35.75 ACADx50@35.75 ADBEx50@35.75 
Purchases: ABCDx50@35.75 ABACx50@35.75 ACCOx50@35.75 ACADx50@35.75 ADBEx50@35.75 

2015-10-13
Cash: 31.25
Held: ABCDx50@35.62 ABACx50@35.62 ACCOx50@35.62 ACADx50@35.62 ADBEx50@35.62 
Value: 8937.50
Sales: ABCDx50@35.62 ABACx50@35.62 ACCOx50@35.62 ACADx50@35.62 ADBEx50@35.62 
Purchases: ABCDx50@35.62 ABACx50@35.62 ACCOx50@35.62 ACADx50@35.62 ADBEx50@35.62 

2015-10-14
Cash: 31.25
Held: ABCDx50@35.12 ABACx50@35.12 ACCOx50@35.12 ACADx50@35.12 ADBEx50@35.12 
Value: 8812.50
Sales: ABCDx50@35.12 ABACx50@35.12 ACCOx50@35.12 ACADx50@35.12 ADBEx50@35.12 
Purchases: ABCDx50@35.12 ABACx50@35.12 ACCOx50@35.12 ACADx50@35.12 ADBEx50@35.12 

2015-10-15
Cash: 31.25
Held: ABCDx50@35.69 ABACx50@35.69 ACCOx50@35.69 ACADx50@35.69 ADBEx50@35.69 
Value: 8953.12
Sales: ABCDx50@35.69 ABACx50@35.69 ACCOx50@35.69 ACADx50@35.69 ADBEx50@35.69 
Purchases: ABCDx50@35.69 ABACx50@35.69 ACCOx50@35.69 ACADx50@35.69 ADBEx50@35.69 

2015-10-18
Cash: 31.25
Held: ABCDx50@35.69 ABACx50@35.69 ACCOx50@35.69 ACADx50@35.69 ADBEx50@35.69 
Value: 8953.12
Sales: ABCDx50@35.69 ABACx50@35.69 ACCOx50@35.69 ACADx50@35.69 ADBEx50@35.69 
Purchases: ABCDx50@35.69 ABACx50@35.69 ACCOx50@35.69 ACADx50@35.69 ADBEx50@35.69 

2015-10-19
Cash: 31.25
Held: ABCDx50@36.12 ABACx50@36.12 ACCOx50@36.12 ACADx50@36.12 ADBEx50@36.12 
Value: 9062.50
Sales: ABCDx50@36.12 ABACx50@36.12 ACCOx50@36.12 ACADx50@36.12 ADBEx50@36.12 
Purchases: ABCDx50@36.12 ABACx50@36.12 ACCOx50@36.12 ACADx50@36.12 ADBEx50@36.12 

2015-10-20
Cash: 31.25
Held: ABCDx50@36.53 ABACx50@36.53 ACCOx50@36.53 ACADx50@36.53 ADBEx50@36.53 
Value: 9164.06
Sales: ABCDx50@36.53 ABACx50@36.53 ACCOx50@36.53 ACADx50@36.53 ADBEx50@36.53 
Purchases: ABCDx50@36.53 ABACx50@36.53 ACCOx50@36.53 ACADx50@36.53 ADBEx50@36.53 

2015-10-21
Cash: 31.25
Held: ABCDx50@36.03 ABACx50@36.03 ACCOx50@36.03 ACADx50@36.03 ADBEx50@36.03 
Value: 9039.06
Sales: ABCDx50@36.03 ABACx50@36.03 ACCOx50@36.03 ACADx50@36.03 ADBEx50@36.03 
Purchases: ABCDx50@36.03 ABACx50@36.03 ACCOx50@36.03 ACADx50@36.03 ADBEx50@36.03 

2015-10-22
Cash: 31.25
Held: ABCDx50@36.50 ABACx50@36.50 ACCOx50@36.50 ACADx50@36.50 ADBEx50@36.50 
Value: 9156.25
Sales: ABCDx50@36.50 ABACx50@36.50 ACCOx50@36.50 ACADx50@36.50 ADBEx50@36.50 
Purchases: ABCDx50@36.50 ABACx50@36.50 ACCOx50@36.50 ACADx50@36.50 ADBEx50@36.50 

2015-10-25
Cash: 31.25
Held: ABCDx50@36.97 ABACx50@36.97 ACCOx50@36.97 ACADx50@36.97 ADBEx50@36.97 
Value: 9273.44
Sales: ABCDx50@36.97 ABACx50@36.97 ACCOx50@36.97 ACADx50@36.97 ADBEx50@36.97 
Purchases: ABCDx50@36.97 ABACx50@36.97 ACCOx50@36.97 ACADx50@36.97 ADBEx50@36.97 

2015-10-26
Cash: 31.25
Held: ABCDx50@36.66 ABACx50@36.66 ACCOx50@36.66 ACADx50@36.66 ADBEx50@36.66 
Value: 9195.31
Sales: ABCDx50@36.66 ABACx50@36.66 ACCOx50@36.66 ACADx50@36.66 ADBEx50@36.66 
Purchases: ABCDx50@36.66 ABACx50@36.66 ACCOx50@36.66 ACADx50@36.66 ADBEx50@36.66 

2015-10-27
Cash: 31.25
Held: ABCDx50@37.06 ABACx50@37.06 ACCOx50@37.06 ACADx50@37.06 ADBEx50@37.06 
Value: 9296.88
Sales: ABCDx50@37.06 ABACx50@37.06 ACCOx50@37.06 ACADx50@37.06 ADBEx50@37.06 
Purchases: ABCDx50@37.06 ABACx50@37.06 ACCOx50@37.06 ACADx50@37.06 ADBEx50@37.06 

2015-10-28
Cash: 31.25
Held: ABCDx50@37.47 ABACx50@37.47 ACCOx50@37.47 ACADx50@37.47 ADBEx50@37.47 
Value: 9398.44
Sales: ABCDx50@37.47 ABACx50@37.47 ACCOx50@37.47 ACADx50@37.47 ADBEx50@37.47 
Purchases: ABCDx50@37.47 ABACx50@37.47 ACCOx50@37.47 ACADx50@37.47 ADBEx50@37.47 

2015-10-29
Cash: 31.25
Held: ABCDx50@37.72 ABACx50@37.72 ACCOx50@37.72 ACADx50@37.72 ADBEx50@37.72 
Value: 9460.94
Sales: ABCDx50@37.72 ABACx50@37.72 ACCOx50@37.72 ACADx50@37.72 ADBEx50@37.72 
Purchases: ABCDx50@37.72 ABACx50@37.72 ACCOx50@37.72 ACADx50@37.72 ADBEx50@37.72 

2015-11-01
Cash: 31.25
Held: ABCDx50@37.88 ABACx50@37.88 ACCOx50@37.88 ACADx50@37.88 ADBEx50@37.88 
Value: 9500.00
Sales: ABCDx50@37.88 ABACx50@37.88 ACCOx50@37.88 ACADx50@37.88 ADBEx50@37.88 
Purchases: ABCDx50@37.88 ABACx50@37.88 ACCOx50@37.88 ACADx50@37.88 ADBEx50@37.88 

2015-11-02
Cash: 31.25
Held: ABCDx50@38.31 ABACx50@38.31 ACCOx50@38.31 ACADx50@38.31 ADBEx50@38.31 
Value: 9609.38
Sales: ABCDx50@38.31 ABACx50@38.31 ACCOx50@38.31 ACADx50@38.31 ADBEx50@38.31 
Purchases: ABCDx50@38.31 ABACx50@38.31 ACCOx50@38.31 ACADx50@38.31 ADBEx50@38.31 

2015-11-03
Cash: 31.25
Held: ABCDx50@38.34 ABACx50@38.34 ACCOx50@38.34 ACADx50@38.34 ADBEx50@38.34 
Value: 9617.19
Sales: ABCDx50@38.34 ABACx50@38.34 ACCOx50@38.34 ACADx50@38.34 ADBEx50@38.34 
Purchases: ABCDx50@38.34 ABACx50@38.34 ACCOx50@38.34 ACADx50@38.34 ADBEx50@38.34 

2015-11-04
Cash: 31.25
Held: ABCDx50@38.28 ABACx50@38.28 ACCOx50@38.28 ACADx50@38.28 ADBEx50@38.28 
Value: 9601.56
Sales: ABCDx50@38.28 ABACx50@38.28 ACCOx50@38.28 ACADx50@38.28 ADBEx50@38.28 
Purchases: ABCDx50@38.28 ABACx50@38.28 ACCOx50@38.28 ACADx50@38.28 ADBEx50@38.28 

2015-11-05
Cash: 31.25
Held: ABCDx50@38.09 ABACx50@38.09 ACCOx50@38.09 ACADx50@38.09 ADBEx50@38.09 
Value: 9554.69
Sales: ABCDx50@38.09 ABACx50@38.09 ACCOx50@38.09 ACADx50@38.09 ADBEx50@38.09 
Purchases: ABCDx50@38.09 ABACx50@38.09 ACCOx50@38.09 ACADx50@38.09 ADBEx50@38.09 

2015-11-08
Cash: 31.25
Held: ABCDx50@38.03 ABACx50@38.03 ACCOx50@38.03 ACADx50@38.03 ADBEx50@38.03 
Value: 9539.06
Sales: ABCDx50@38.03 ABACx50@38.03 ACCOx50@38.03 ACADx50@38.03 ADBEx50@38.03 
Purchases: ABCDx50@38.03 ABACx50@38.03 ACCOx50@38.03 ACADx50@38.03 ADBEx50@38.03 

2015-11-09
Cash: 31.25
Held: ABCDx50@37.88 ABACx50@37.88 ACCOx50@37.88 ACADx50@37.88 ADBEx50@37.88 
Value: 9500.00
Sales: ABCDx50@37.88 ABACx50@37.88 ACCOx50@37.88 ACADx50@37.88 ADBEx50@37.88 
Purchases: ABCDx50@37.88 ABACx50@37.88 ACCOx50@37.88 ACADx50@37.88 ADBEx50@37.88 

2015-11-10
Cash: 31.25
Held: ABCDx50@38.16 ABACx50@38.16 ACCOx50@38.16 ACADx50@38.16 ADBEx50@38.16 
Value: 9570.31
Sales: ABCDx50@38.16 ABACx50@38.16 ACCOx50@38.16 ACADx50@38.16 ADBEx50@38.16 
Purchases: ABCDx50@38.16 ABACx50@38.16 ACCOx50@38.16 ACADx50@38.16 ADBEx50@38.16 

2015-11-11
Cash: 31.25
Held: ABCDx50@37.38 ABACx50@37.38 ACCOx50@37.38 ACADx50@37.38 ADBEx50@37.38 
Value: 9375.00
Sales: ABCDx50@37.38 ABACx50@37.38 ACCOx50@37.38 ACADx50@37.38 ADBEx50@37.38 
Purchases: ABCDx50@37.38 ABACx50@37.38 ACCOx50@37.38 ACADx50@37.38 ADBEx50@37.38 

2015-11-12
Cash: 31.25
Held: ABCDx50@37.38 ABACx50@37.38 ACCOx50@37.38 ACADx50@37.38 ADBEx50@37.38 
Value: 9375.00
Sales: ABCDx50@37.38 ABACx50@37.38 ACCOx50@37.38 ACADx50@37.38 ADBEx50@37.38 
Purchases: ABCDx50@37.38 ABACx50@37.38 ACCOx50@37.38 ACADx50@37.38 ADBEx50@37.38 

2015-11-15
Cash: 31.25
Held: ABCDx50@36.75 ABACx50@36.75 ACCOx50@36.75 ACADx50@36.75 ADBEx50@36.75 
Value: 9218.75
Sales: ABCDx50@36.75 ABACx50@36.75 ACCOx50@36.75 ACADx50@36.75 ADBEx50@36.75 
Purchases: ABCDx50@36.75 ABACx50@36.75 ACCOx50@36.75 ACADx50@36.75 ADBEx50@36.75 

2015-11-16
Cash: 31.25
Held: ABCDx50@36.50 ABACx50@36.50 ACCOx50@36.50 ACADx50@36.50 ADBEx50@36.50 
Value: 9156.25
Sales: ABCDx50@36.50 ABACx50@36.50 ACCOx50@36.50 ACADx50@36.50 ADBEx50@36.50 
Purchases: ABCDx50@36.50 ABACx50@36.50 ACCOx50@36.50 ACADx50@36.50 ADBEx50@36.50 

2015-11-17
Cash: 31.25
Held: ABCDx50@38.44 ABACx50@38.44 ACCOx50@38.44 ACADx50@38.44 ADBEx50@38.44 
Value: 9640.62
Sales: ABCDx50@38.44 ABACx50@38.44 ACCOx50@38.44 ACADx50@38.44 ADBEx50@38.44 
Purchases: ABCDx50@38.44 ABACx50@38.44 ACCOx50@38.44 ACADx50@38.44 ADBEx50@38.44 

2015-11-18
Cash: 31.25
Held: ABCDx50@39.16 ABACx50@39.16 ACCOx50@39.16 ACADx50@39.16 ADBEx50@39.16 
Value: 9820.31
Sales: ABCDx50@39.16 ABACx50@39.16 ACCOx50@39.16 ACADx50@39.16 ADBEx50@39.16 
Purchases: ABCDx50@39.16 ABACx50@39.16 ACCOx50@39.16 ACADx50@39.16 ADBEx50@39.16 

2015-11-19
Cash: 31.25
Held: ABCDx50@38.78 ABACx50@38.78 ACCOx50@38.78 ACADx50@38.78 ADBEx50@38.78 
Value: 9726.56
Sales: ABCDx50@38.78 ABACx50@38.78 ACCOx50@38.78 ACADx50@38.78 ADBEx50@38.78 
Purchases: ABCDx50@38.78 ABACx50@38.78 ACCOx50@38.78 ACADx50@38.78 ADBEx50@38.78 

2015-11-22
Cash: 31.25
Held: ABCDx50@39.28 ABACx50@39.28 ACCOx50@39.28 ACADx50@39.28 ADBEx50@39.28 
Value: 9851.56
Sales: ABCDx50@39.28 ABACx50@39.28 ACCOx50@39.28 ACADx50@39.28 ADBEx50@39.28 
Purchases: ABCDx50@39.28 ABACx50@39.28 ACCOx50@39.28 ACADx50@39.28 ADBEx50@39.28 

2015-11-23
Cash: 31.25
Held: ABCDx50@39.81 ABACx50@39.81 ACCOx50@39.81 ACADx50@39.81 ADBEx50@39.81 
Value: 9984.38
Sales: ABCDx50@39.81 ABACx50@39.81 ACCOx50@39.81 ACADx50@39.81 ADBEx50@39.81 
Purchases: ABCDx50@39.81 ABACx50@39.81 ACCOx50@39.81 ACADx50@39.81 ADBEx50@39.81 

2015-11-24
Cash: 31.25
Held: ABCDx50@40.59 ABACx50@40.59 ACCOx50@40.59 ACADx50@40.59 ADBEx50@40.59 
Value: 10179.69
Sales: ABCDx50@40.59 ABACx50@40.59 ACCOx50@40.59 ACADx50@40.59 ADBEx50@40.59 
Purchases: ABCDx50@40.59 ABACx50@40.59 ACCOx50@40.59 ACADx50@40.59 ADBEx50@40.59 

2015-11-26
Cash: 31.25
Held: ABCDx50@41.31 ABACx50@41.31 ACCOx50@41.31 ACADx50@41.31 ADBEx50@41.31 
Value: 10359.38
Sales: ABCDx50@41.31 ABACx50@41.31 ACCOx50@41.31 ACADx50@41.31 ADBEx50@41.31 
Purchases: ABCDx50@41.31 ABACx50@41.31 ACCOx50@41.31 ACADx50@41.31 ADBEx50@41.31 

2015-11-29
Cash: 31.25
Held: ABCDx50@41.97 ABACx50@41.97 ACCOx50@41.97 ACADx50@41.97 ADBEx50@41.97 
Value: 10523.44
Sales: ABCDx50@41.97 ABACx50@41.97 ACCOx50@41.97 ACADx50@41.97 ADBEx50@41.97 
Purchases: ABCDx50@41.97 ABACx50@41.97 ACCOx50@41.97 ACADx50@41.97 ADBEx50@41.97 

2015-11-30
Cash: 31.25
Held: ABCDx50@42.16 ABACx50@42.16 ACCOx50@42.16 ACADx50@42.16 ADBEx50@42.16 
Value: 10570.31
Sales: ABCDx50@42.16 ABACx50@42.16 ACCOx50@42.16 ACADx50@42.16 ADBEx50@42.16 
Purchases: ABCDx50@42.16 ABACx50@42.16 ACCOx50@42.16 ACADx50@42.16 ADBEx50@42.16 

2015-12-01
Cash: 31.25
Held: ABCDx50@41.06 ABACx50@41.06 ACCOx50@41.06 ACADx50@41.06 ADBEx50@41.06 
Value: 10296.88
Sales: ABCDx50@41.06 ABACx50@41.06 ACCOx50@41.06 ACADx50@41.06 ADBEx50@41.06 
Purchases: ABCDx50@41.06 ABACx50@41.06 ACCOx50@41.06 ACADx50@41.06 ADBEx50@41.06 

2015-12-02
Cash: 31.25
Held: ABCDx50@40.62 ABACx50@40.62 ACCOx50@40.62 ACADx50@40.62 ADBEx50@40.62 
Value: 10187.50
Sales: ABCDx50@40.62 ABACx50@40.62 ACCOx50@40.62 ACADx50@40.62 ADBEx50@40.62 
Purchases: ABCDx50@40.62 ABACx50@40.62 ACCOx50@40.62 ACADx50@40.62 ADBEx50@40.62 

2015-12-03
Cash: 31.25
Held: ABCDx50@40.22 ABACx50@40.22 ACCOx50@40.22 ACADx50@40.22 ADBEx50@40.22 
Value: 10085.94
Sales: ABCDx50@40.22 ABACx50@40.22 ACCOx50@40.22 ACADx50@40.22 ADBEx50@40.22 
Purchases: ABCDx50@40.22 ABACx50@40.22 ACCOx50@40.22 ACADx50@40.22 ADBEx50@40.22 

2015-12-06
Cash: 31.25
Held: ABCDx50@40.91 ABACx50@40.91 ACCOx50@40.91 ACADx50@40.91 ADBEx50@40.91 
Value: 10257.81
Sales: ABCDx50@40.91 ABACx50@40.91 ACCOx50@40.91 ACADx50@40.91 ADBEx50@40.91 
Purchases: ABCDx50@40.91 ABACx50@40.91 ACCOx50@40.91 ACADx50@40.91 ADBEx50@40.91 

2015-12-07
Cash: 31.25
Held: ABCDx50@40.62 ABACx50@40.62 ACCOx50@40.62 ACADx50@40.62 ADBEx50@40.62 
Value: 10187.50
Sales: ABCDx50@40.62 ABACx50@40.62 ACCOx50@40.62 ACADx50@40.62 ADBEx50@40.62 
Purchases: ABCDx50@40.62 ABACx50@40.62 ACCOx50@40.62 ACADx50@40.62 ADBEx50@40.62 

2015-12-08
Cash: 31.25
Held: ABCDx50@41.25 ABACx50@41.25 ACCOx50@41.25 ACADx50@41.25 ADBEx50@41.25 
Value: 10343.75
Sales: ABCDx50@41.25 ABACx50@41.25 ACCOx50@41.25 ACADx50@41.25 ADBEx50@41.25 
Purchases: ABCDx50@41.25 ABACx50@41.25 ACCOx50@41.25 ACADx50@41.25 ADBEx50@41.25 

2015-12-09
Cash: 31.25
Held: ABCDx50@40.97 ABACx50@40.97 ACCOx50@40.97 ACADx50@40.97 ADBEx50@40.97 
Value: 10273.44
Sales: ABCDx50@40.97 ABACx50@40.97 ACCOx50@40.97 ACADx50@40.97 ADBEx50@40.97 
Purchases: ABCDx50@40.97 ABACx50@40.97 ACCOx50@40.97 ACADx50@40.97 ADBEx50@40.97 

2015-12-10
Cash: 31.25
Held: ABCDx50@40.75 ABACx50@40.75 ACCOx50@40.75 ACADx50@40.75 ADBEx50@40.75 
Value: 10218.75
Sales: ABCDx50@40.75 ABACx50@40.75 ACCOx50@40.75 ACADx50@40.75 ADBEx50@40.75 
Purchases: ABCDx50@40.75 ABACx50@40.75 ACCOx50@40.75 ACADx50@40.75 ADBEx50@40.75 

2015-12-13
Cash: 31.25
Held: ABCDx50@40.22 ABACx50@40.22 ACCOx50@40.22 ACADx50@40.22 ADBEx50@40.22 
Value: 10085.94
Sales: ABCDx50@40.22 ABACx50@40.22 ACCOx50@40.22 ACADx50@40.22 ADBEx50@40.22 
Purchases: ABCDx50@40.22 ABACx50@40.22 ACCOx50@40.22 ACADx50@40.22 ADBEx50@40.22 

2015-12-14
Cash: 31.25
Held: ABCDx50@40.75 ABACx50@40.75 ACCOx50@40.75 ACADx50@40.75 ADBEx50@40.75 
Value: 10218.75
Sales: ABCDx50@40.75 ABACx50@40.75 ACCOx50@40.75 ACADx50@40.75 ADBEx50@40.75 
Purchases: ABCDx50@40.75 ABACx50@40.75 ACCOx50@40.75 ACADx50@40.75 ADBEx50@40.75 

2015-12-15
Cash: 31.25
Held: ABCDx50@41.00 ABACx50@41.00 ACCOx50@41.00 ACADx50@41.00 ADBEx50@41.00 
Value: 10281.25
Sales: ABCDx50@41.00 ABACx50@41.00 ACCOx50@41.00 ACADx50@41.00 ADBEx50@41.00 
Purchases: ABCDx50@41.00 ABACx50@41.00 ACCOx50@41.00 ACADx50@41.00 ADBEx50@41.00 

2015-12-16
Cash: 31.25
Held: ABCDx50@41.56 ABACx50@41.56 ACCOx50@41.56 ACADx50@41.56 ADBEx50@41.56 
Value: 10421.88
Sales: ABCDx50@41.56 ABACx50@41.56 ACCOx50@41.56 ACADx50@41.56 ADBEx50@41.56 
Purchases: ABCDx50@41.56 ABACx50@41.56 ACCOx50@41.56 ACADx50@41.56 ADBEx50@41.56 

2015-12-17
Cash: 31.25
Held: ABCDx50@40.56 ABACx50@40.56 ACCOx50@40.56 ACADx50@40.56 ADBEx50@40.56 
Value: 10171.88
Sales: ABCDx50@40.56 ABACx50@40.56 ACCOx50@40.56 ACADx50@40.56 ADBEx50@40.56 
Purchases: ABCDx50@40.56 ABACx50@40.56 ACCOx50@40.56 ACADx50@40.56 ADBEx50@40.56 

2015-12-20
Cash: 31.25
Held: ABCDx50@40.50 ABACx50@40.50 ACCOx50@40.50 ACADx50@40.50 ADBEx50@40.50 
Value: 10156.25
Sales: ABCDx50@40.50 ABACx50@40.50 ACCOx50@40.50 ACADx50@40.50 ADBEx50@40.50 
Purchases: ABCDx50@40.50 ABACx50@40.50 ACCOx50@40.50 ACADx50@40.50 ADBEx50@40.50 

2015-12-21
Cash: 31.25
Held: ABCDx50@41.00 ABACx50@41.00 ACCOx50@41.00 ACADx50@41.00 ADBEx50@41.00 
Value: 10281.25
Sales: ABCDx50@41.00 ABACx50@41.00 ACCOx50@41.00 ACADx50@41.00 ADBEx50@41.00 
Purchases: ABCDx50@41.00 ABACx50@41.00 ACCOx50@41.00 ACADx50@41.00 ADBEx50@41.00 

2015-12-22
Cash: 31.25
Held: ABCDx50@41.62 ABACx50@41.62 ACCOx50@41.62 ACADx50@41.62 ADBEx50@41.62 
Value: 10437.50
Sales: ABCDx50@41.62 ABACx50@41.62 ACCOx50@41.62 ACADx50@41.62 ADBEx50@41.62 
Purchases: ABCDx50@41.62 ABACx50@41.62 ACCOx50@41.62 ACADx50@41.62 ADBEx50@41.62 

2015-12-23
Cash: 31.25
Held: ABCDx50@41.78 ABACx50@41.78 ACCOx50@41.78 ACADx50@41.78 ADBEx50@41.78 
Value: 10476.56
Sales: ABCDx50@41.78 ABACx50@41.78 ACCOx50@41.78 ACADx50@41.78 ADBEx50@41.78 
Purchases: ABCDx50@41.78 ABACx50@41.78 ACCOx50@41.78 ACADx50@41.78 ADBEx50@41.78 

2015-12-27
Cash: 31.25
Held: ABCDx50@42.03 ABACx50@42.03 ACCOx50@42.03 ACADx50@42.03 ADBEx50@42.03 
Value: 10539.06
Sales: ABCDx50@42.03 ABACx50@42.03 ACCOx50@42.03 ACADx50@42.03 ADBEx50@42.03 
Purchases: ABCDx50@42.03 ABACx50@42.03 ACCOx50@42.03 ACADx50@42.03 ADBEx50@42.03 

2015-12-28
Cash: 31.25
Held: ABCDx50@42.09 ABACx50@42.09 ACCOx50@42.09 ACADx50@42.09 ADBEx50@42.09 
Value: 10554.69
Sales: ABCDx50@42.09 ABACx50@42.09 ACCOx50@42.09 ACADx50@42.09 ADBEx50@42.09 
Purchases: ABCDx50@42.09 ABACx50@42.09 ACCOx50@42.09 ACADx50@42.09 ADBEx50@42.09 

2015-12-29
Cash: 31.25
Held: ABCDx50@42.38 ABACx50@42.38 ACCOx50@42.38 ACADx50@42.38 ADBEx50@42.38 
Value: 10625.00
Sales: ABCDx50@42.38 ABACx50@42.38 ACCOx50@42.38 ACADx50@42.38 ADBEx50@42.38 
Purchases: ABCDx50@42.38 ABACx50@42.38 ACCOx50@42.38 ACADx50@42.38 ADBEx50@42.38 

2015-12-30
Cash: 31.25
Held: ABCDx50@41.91 ABACx50@41.91 ACCOx50@41.91 ACADx50@41.91 ADBEx50@41.91 
Value: 10507.81
Sales: ABCDx50@41.91 ABACx50@41.91 ACCOx50@41.91 ACADx50@41.91 ADBEx50@41.91 
Purchases: ABCDx50@41.91 ABACx50@41.91 ACCOx50@41.91 ACADx50@41.91 ADBEx50@41.91 

2016-01-03
Cash: 31.25
Held: ABCDx50@41.06 ABACx50@41.06 ACCOx50@41.06 ACADx50@41.06 ADBEx50@41.06 
Value: 10296.88
Sales: ABCDx50@41.06 ABACx50@41.06 ACCOx50@41.06 ACADx50@41.06 ADBEx50@41.06 
Purchases: ABCDx50@41.06 ABACx50@41.06 ACCOx50@41.06 ACADx50@41.06 ADBEx50@41.06 

2016-01-04
Cash: 31.25
Held: ABCDx50@40.72 ABACx50@40.72 ACCOx50@40.72 ACADx50@40.72 ADBEx50@40.72 
Value: 10210.94
Sales: ABCDx50@40.72 ABACx50@40.72 ACCOx50@40.72 ACADx50@40.72 ADBEx50@40.72 
Purchases: ABCDx50@40.72 ABACx50@40.72 ACCOx50@40.72 ACADx50@40.72 ADBEx50@40.72 

2016-01-05
Cash: 31.25
Held: ABCDx50@40.25 ABACx50@40.25 ACCOx50@40.25 ACADx50@40.25 ADBEx50@40.25 
Value: 10093.75
Sales: ABCDx50@40.25 ABACx50@40.25 ACCOx50@40.25 ACADx50@40.25 ADBEx50@40.25 
Purchases: ABCDx50@40.25 ABACx50@40.25 ACCOx50@40.25 ACADx50@40.25 ADBEx50@40.25 

2016-01-06
Cash: 31.25
Held: ABCDx50@40.12 ABACx50@40.12 ACCOx50@40.12 ACADx50@40.12 ADBEx50@40.12 
Value: 10062.50
Sales: ABCDx50@40.12 ABACx50@40.12 ACCOx50@40.12 ACADx50@40.12 ADBEx50@40.12 
Purchases: ABCDx50@40.12 ABACx50@40.12 ACCOx50@40.12 ACADx50@40.12 ADBEx50@40.12 

2016-01-07
Cash: 31.25
Held: ABCDx50@39.22 ABACx50@39.22 ACCOx50@39.22 ACADx50@39.22 ADBEx50@39.22 
Value: 9835.94
Sales: ABCDx50@39.22 ABACx50@39.22 ACCOx50@39.22 ACADx50@39.22 ADBEx50@39.22 
Purchases: ABCDx50@39.22 ABACx50@39.22 ACCOx50@39.22 ACADx50@39.22 ADBEx50@39.22 

2016-01-10
Cash: 31.25
Held: ABCDx50@38.72 ABACx50@38.72 ACCOx50@38.72 ACADx50@38.72 ADBEx50@38.72 
Value: 9710.94
Sales: ABCDx50@38.72 ABACx50@38.72 ACCOx50@38.72 ACADx50@38.72 ADBEx50@38.72 
Purchases: ABCDx50@38.72 ABACx50@38.72 ACCOx50@38.72 ACADx50@38.72 ADBEx50@38.72 

2016-01-11
Cash: 31.25
Held: ABCDx50@38.44 ABACx50@38.44 ACCOx50@38.44 ACADx50@38.44 ADBEx50@38.44 
Value: 9640.62
Sales: ABCDx50@38.44 ABACx50@38.44 ACCOx50@38.44 ACADx50@38.44 ADBEx50@38.44 
Purchases: ABCDx50@38.44 ABACx50@38.44 ACCOx50@38.44 ACADx50@38.44 ADBEx50@38.44 

2016-01-12
Cash: 31.25
Held: ABCDx50@38.34 ABACx50@38.34 ACCOx50@38.34 ACADx50@38.34 ADBEx50@38.34 
Value: 9617.19
Sales: ABCDx50@38.34 ABACx50@38.34 ACCOx50@38.34 ACADx50@38.34 ADBEx50@38.34 
Purchases: ABCDx50@38.34 ABACx50@38.34 ACCOx50@38.34 ACADx50@38.34 ADBEx50@38.34 

2016-01-13
Cash: 31.25
Held: ABCDx50@36.94 ABACx50@36.94 ACCOx50@36.94 ACADx50@36.94 ADBEx50@36.94 
Value: 9265.62
Sales: ABCDx50@36.94 ABACx50@36.94 ACCOx50@36.94 ACADx50@36.94 ADBEx50@36.94 
Purchases: ABCDx50@36.94 ABACx50@36.94 ACCOx50@36.94 ACADx50@36.94 ADBEx50@36.94 

2016-01-14
Cash: 31.25
Held: ABCDx50@36.66 ABACx50@36.66 ACCOx50@36.66 ACADx50@36.66 ADBEx50@36.66 
Value: 9195.31
Sales: ABCDx50@36.66 ABACx50@36.66 ACCOx50@36.66 ACADx50@36.66 ADBEx50@36.66 
Purchases: ABCDx50@36.66 ABACx50@36.66 ACCOx50@36.66 ACADx50@36.66 ADBEx50@36.66 

2016-01-18
Cash: 31.25
Held: ABCDx50@37.62 ABACx50@37.62 ACCOx50@37.62 ACADx50@37.62 ADBEx50@37.62 
Value: 9437.50
Sales: ABCDx50@37.62 ABACx50@37.62 ACCOx50@37.62 ACADx50@37.62 ADBEx50@37.62 
Purchases: ABCDx50@37.62 ABACx50@37.62 ACCOx50@37.62 ACADx50@37.62 ADBEx50@37.62 

2016-01-19
Cash: 31.25
Held: ABCDx50@36.69 ABACx50@36.69 ACCOx50@36.69 ACADx50@36.69 ADBEx50@36.69 
Value: 9203.12
Sales: ABCDx50@36.69 ABACx50@36.69 ACCOx50@36.69 ACADx50@36.69 ADBEx50@36.69 
Purchases: ABCDx50@36.69 ABACx50@36.69 ACCOx50@36.69 ACADx50@36.69 ADBEx50@36.69 

2016-01-20
Cash: 31.25
Held: ABCDx50@37.34 ABACx50@37.34 ACCOx50@37.34 ACADx50@37.34 ADBEx50@37.34 
Value: 9367.19
Sales: ABCDx50@37.34 ABACx50@37.34 ACCOx50@37.34 ACADx50@37.34 ADBEx50@37.34 
Purchases: ABCDx50@37.34 ABACx50@37.34 ACCOx50@37.34 ACADx50@37.34 ADBEx50@37.34 

2016-01-21
Cash: 31.25
Held: ABCDx50@37.91 ABACx50@37.91 ACCOx50@37.91 ACADx50@37.91 ADBEx50@37.91 
Value: 9507.81
Sales: ABCDx50@37.91 ABACx50@37.91 ACCOx50@37.91 ACADx50@37.91 ADBEx50@37.91 
Purchases: ABCDx50@37.91 ABACx50@37.91 ACCOx50@37.91 ACADx50@37.91 ADBEx50@37.91 

2016-01-24
Cash: 31.25
Held: ABCDx50@37.41 ABACx50@37.41 ACCOx50@37.41 ACADx50@37.41 ADBEx50@37.41 
Value: 9382.81
Sales: ABCDx50@37.41 ABACx50@37.41 ACCOx50@37.41 ACADx50@37.41 ADBEx50@37.41 
Purchases: ABCDx50@37.41 ABACx50@37.41 ACCOx50@37.41 ACADx50@37.41 ADBEx50@37.41 

2016-01-25
Cash: 31.25
Held: ABCDx50@37.88 ABACx50@37.88 ACCOx50@37.88 ACADx50@37.88 ADBEx50@37.88 
Value: 9500.00
Sales: ABCDx50@37.88 ABACx50@37.88 ACCOx50@37.88 ACADx50@37.88 ADBEx50@37.88 
Purchases: ABCDx50@37.88 ABACx50@37.88 ACCOx50@37.88 ACADx50@37.88 ADBEx50@37.88 

2016-01-26
Cash: 31.25
Held: ABCDx50@37.38 ABACx50@37.38 ACCOx50@37.38 ACADx50@37.38 ADBEx50@37.38 
Value: 9375.00
Sales: ABCDx50@37.38 ABACx50@37.38 ACCOx50@37.38 ACADx50@37.38 ADBEx50@37.38 
Purchases: ABCDx50@37.38 ABACx50@37.38 ACCOx50@37.38 ACADx50@37.38 ADBEx50@37.38 

2016-01-27
Cash: 31.25
Held: ABCDx50@37.28 ABACx50@37.28 ACCOx50@37.28 ACADx50@37.28 ADBEx50@37.28 
Value: 9351.56
Sales: ABCDx50@37.28 ABACx50@37.28 ACCOx50@37.28 ACADx50@37.28 ADBEx50@37.28 
Purchases: ABCDx50@37.28 ABACx50@37.28 ACCOx50@37.28 ACADx50@37.28 ADBEx50@37.28 

2016-01-28
Cash: 31.25
Held: ABCDx50@36.44 ABACx50@36.44 ACCOx50@36.44 ACADx50@36.44 ADBEx50@36.44 
Value: 9140.62
Sales: ABCDx50@36.44 ABACx50@36.44 ACCOx50@36.44 ACADx50@36.44 ADBEx50@36.44 
Purchases: ABCDx50@36.44 ABACx50@36.44 ACCOx50@36.44 ACADx50@36.44 ADBEx50@36.44 

2016-01-31
Cash: 31.25
Held: ABCDx50@37.38 ABACx50@37.38 ACCOx50@37.38 ACADx50@37.38 ADBEx50@37.38 
Value: 9375.00
Sales: ABCDx50@37.38 ABACx50@37.38 ACCOx50@37.38 ACADx50@37.38 ADBEx50@37.38 
Purchases: ABCDx50@37.38 ABACx50@37.38 ACCOx50@37.38 ACADx50@37.38 ADBEx50@37.38 

2016-02-01
Cash: 31.25
Held: ABCDx50@37.19 ABACx50@37.19 ACCOx50@37.19 ACADx50@37.19 ADBEx50@37.19 
Value: 9328.12
Sales: ABCDx50@37.19 ABACx50@37.19 ACCOx50@37.19 ACADx50@37.19 ADBEx50@37.19 
Purchases: ABCDx50@37.19 ABACx50@37.19 ACCOx50@37.19 ACADx50@37.19 ADBEx50@37.19 

2016-02-02
Cash: 31.25
Held: ABCDx50@37.28 ABACx50@37.28 ACCOx50@37.28 ACADx50@37.28 ADBEx50@37.28 
Value: 9351.56
Sales: ABCDx50@37.28 ABACx50@37.28 ACCOx50@37.28 ACADx50@37.28 ADBEx50@37.28 
Purchases: ABCDx50@37.28 ABACx50@37.28 ACCOx50@37.28 ACADx50@37.28 ADBEx50@37.28 

2016-02-03
Cash: 31.25
Held: ABCDx50@37.16 ABACx50@37.16 ACCOx50@37.16 ACADx50@37.16 ADBEx50@37.16 
Value: 9320.31
Sales: ABCDx50@37.16 ABACx50@37.16 ACCOx50@37.16 ACADx50@37.16 ADBEx50@37.16 
Purchases: ABCDx50@37.16 ABACx50@37.16 ACCOx50@37.16 ACADx50@37.16 ADBEx50@37.16 

2016-02-04
Cash: 31.25
Held: ABCDx50@37.25 ABACx50@37.25 ACCOx50@37.25 ACADx50@37.25 ADBEx50@37.25 
Value: 9343.75
Sales: ABCDx50@37.25 ABACx50@37.25 ACCOx50@37.25 ACADx50@37.25 ADBEx50@37.25 
Purchases: ABCDx50@37.25 ABACx50@37.25 ACCOx50@37.25 ACADx50@37.25 ADBEx50@37.25 

2016-02-07
Cash: 31.25
Held: ABCDx50@35.62 ABACx50@35.62 ACCOx50@35.62 ACADx50@35.62 ADBEx50@35.62 
Value: 8937.50
Sales: ABCDx50@35.62 ABACx50@35.62 ACCOx50@35.62 ACADx50@35.62 ADBEx50@35.62 
Purchases: ABCDx50@35.62 ABACx50@35.62 ACCOx50@35.62 ACADx50@35.62 ADBEx50@35.62 

2016-02-08
Cash: 31.25
Held: ABCDx50@34.22 ABACx50@34.22 ACCOx50@34.22 ACADx50@34.22 ADBEx50@34.22 
Value: 8585.94
Sales: ABCDx50@34.22 ABACx50@34.22 ACCOx50@34.22 ACADx50@34.22 ADBEx50@34.22 
Purchases: ABCDx50@34.22 ABACx50@34.22 ACCOx50@34.22 ACADx50@34.22 ADBEx50@34.22 

2016-02-09
Cash: 31.25
Held: ABCDx50@35.62 ABACx50@35.62 ACCOx50@35.62 ACADx50@35.62 ADBEx50@35.62 
Value: 8937.50
Sales: ABCDx50@35.62 ABACx50@35.62 ACCOx50@35.62 ACADx50@35.62 ADBEx50@35.62 
Purchases: ABCDx50@35.62 ABACx50@35.62 ACCOx50@35.62 ACADx50@35.62 ADBEx50@35.62 

2016-02-10
Cash: 31.25
Held: ABCDx50@35.12 ABACx50@35.12 ACCOx50@35.12 ACADx50@35.12 ADBEx50@35.12 
Value: 8812.50
Sales: ABCDx50@35.12 ABACx50@35.12 ACCOx50@35.12 ACADx50@35.12 ADBEx50@35.12 
Purchases: ABCDx50@35.12 ABACx50@35.12 ACCOx50@35.12 ACADx50@35.12 ADBEx50@35.12 

2016-02-11
Cash: 31.25
Held: ABCDx50@35.84 ABACx50@35.84 ACCOx50@35.84 ACADx50@35.84 ADBEx50@35.84 
Value: 8992.19
Sales: ABCDx50@35.84 ABACx50@35.84 ACCOx50@35.84 ACADx50@35.84 ADBEx50@35.84 
Purchases: ABCDx50@35.84 ABACx50@35.84 ACCOx50@35.84 ACADx50@35.84 ADBEx50@35.84 

2016-02-15
Cash: 31.25
Held: ABCDx50@36.72 ABACx50@36.72 ACCOx50@36.72 ACADx50@36.72 ADBEx50@36.72 
Value: 9210.94
Sales: ABCDx50@36.72 ABACx50@36.72 ACCOx50@36.72 ACADx50@36.72 ADBEx50@36.72 
Purchases: ABCDx50@36.72 ABACx50@36.72 ACCOx50@36.72 ACADx50@36.72 ADBEx50@36.72 

2016-02-16
Cash: 31.25
Held: ABCDx50@35.22 ABACx50@35.22 ACCOx50@35.22 ACADx50@35.22 ADBEx50@35.22 
Value: 8835.94
Sales: ABCDx50@35.22 ABACx50@35.22 ACCOx50@35.22 ACADx50@35.22 ADBEx50@35.22 
Purchases: ABCDx50@35.22 ABACx50@35.22 ACCOx50@35.22 ACADx50@35.22 ADBEx50@35.22 

2016-02-17
Cash: 31.25
Held: ABCDx50@37.72 ABACx50@37.72 ACCOx50@37.72 ACADx50@37.72 ADBEx50@37.72 
Value: 9460.94
Sales: ABCDx50@37.72 ABACx50@37.72 ACCOx50@37.72 ACADx50@37.72 ADBEx50@37.72 
Purchases: ABCDx50@37.72 ABACx50@37.72 ACCOx50@37.72 ACADx50@37.72 ADBEx50@37.72 

2016-02-18
Cash: 31.25
Held: ABCDx50@36.97 ABACx50@36.97 ACCOx50@36.97 ACADx50@36.97 ADBEx50@36.97 
Value: 9273.44
Sales: ABCDx50@36.97 ABACx50@36.97 ACCOx50@36.97 ACADx50@36.97 ADBEx50@36.97 
Purchases: ABCDx50@36.97 ABACx50@36.97 ACCOx50@36.97 ACADx50@36.97 ADBEx50@36.97 

2016-02-21
Cash: 31.25
Held: ABCDx50@37.88 ABACx50@37.88 ACCOx50@37.88 ACADx50@37.88 ADBEx50@37.88 
Value: 9500.00
Sales: ABCDx50@37.88 ABACx50@37.88 ACCOx50@37.88 ACADx50@37.88 ADBEx50@37.88 
Purchases: ABCDx50@37.88 ABACx50@37.88 ACCOx50@37.88 ACADx50@37.88 ADBEx50@37.88 

2016-02-22
Cash: 31.25
Held: ABCDx50@37.62 ABACx50@37.62 ACCOx50@37.62 ACADx50@37.62 ADBEx50@37.62 
Value: 9437.50
Sales: ABCDx50@37.62 ABACx50@37.62 ACCOx50@37.62 ACADx50@37.62 ADBEx50@37.62 
Purchases: ABCDx50@37.62 ABACx50@37.62 ACCOx50@37.62 ACADx50@37.62 ADBEx50@37.62 

2016-02-23
Cash: 31.25
Held: ABCDx50@36.66 ABACx50@36.66 ACCOx50@36.66 ACADx50@36.66 ADBEx50@36.66 
Value: 9195.31
Sales: ABCDx50@36.66 ABACx50@36.66 ACCOx50@36.66 ACADx50@36.66 ADBEx50@36.66 
Purchases: ABCDx50@36.66 ABACx50@36.66 ACCOx50@36.66 ACADx50@36.66 ADBEx50@36.66 

2016-02-24
Cash: 31.25
Held: ABCDx50@37.62 ABACx50@37.62 ACCOx50@37.62 ACADx50@37.62 ADBEx50@37.62 
Value: 9437.50
Sales: ABCDx50@37.62 ABACx50@37.62 ACCOx50@37.62 ACADx50@37.62 ADBEx50@37.62 
Purchases: ABCDx50@37.62 ABACx50@37.62 ACCOx50@37.62 ACADx50@37.62 ADBEx50@37.62 

2016-02-25
Cash: 31.25
Held: ABCDx50@37.75 ABACx50@37.75 ACCOx50@37.75 ACADx50@37.75 ADBEx50@37.75 
Value: 9468.75
Sales: ABCDx50@37.75 ABACx50@37.75 ACCOx50@37.75 ACADx50@37.75 ADBEx50@37.75 
Purchases: ABCDx50@37.75 ABACx50@37.75 ACCOx50@37.75 ACADx50@37.75 ADBEx50@37.75 

2016-02-28
Cash: 31.25
Held: ABCDx50@37.59 ABACx50@37.59 ACCOx50@37.59 ACADx50@37.59 ADBEx50@37.59 
Value: 9429.69
Sales: ABCDx50@37.59 ABACx50@37.59 ACCOx50@37.59 ACADx50@37.59 ADBEx50@37.59 
Purchases: ABCDx50@37.59 ABACx50@37.59 ACCOx50@37.59 ACADx50@37.59 ADBEx50@37.59 

2016-02-29
Cash: 31.25
Held: ABCDx50@37.62 ABACx50@37.62 ACCOx50@37.62 ACADx50@37.62 ADBEx50@37.62 
Value: 9437.50
Sales: ABCDx50@37.62 ABACx50@37.62 ACCOx50@37.62 ACADx50@37.62 ADBEx50@37.62 
Purchases: ABCDx50@37.62 ABACx50@37.62 ACCOx50@37.62 ACADx50@37.62 ADBEx50@37.62 

2016-03-01
Cash: 31.25
Held: ABCDx50@38.50 ABACx50@38.50 ACCOx50@38.50 ACADx50@38.50 ADBEx50@38.50 
Value: 9656.25
Sales: ABCDx50@38.50 ABACx50@38.50 ACCOx50@38.50 ACADx50@38.50 ADBEx50@38.50 
Purchases: ABCDx50@38.50 ABACx50@38.50 ACCOx50@38.50 ACADx50@38.50 ADBEx50@38.50 

2016-03-02
Cash: 31.25
Held: ABCDx50@38.91 ABACx50@38.91 ACCOx50@38.91 ACADx50@38.91 ADBEx50@38.91 
Value: 9757.81
Sales: ABCDx50@38.91 ABACx50@38.91 ACCOx50@38.91 ACADx50@38.91 ADBEx50@38.91 
Purchases: ABCDx50@38.91 ABACx50@38.91 ACCOx50@38.91 ACADx50@38.91 ADBEx50@38.91 

2016-03-03
Cash: 31.25
Held: ABCDx50@39.12 ABACx50@39.12 ACCOx50@39.12 ACADx50@39.12 ADBEx50@39.12 
Value: 9812.50
Sales: ABCDx50@39.12 ABACx50@39.12 ACCOx50@39.12 ACADx50@39.12 ADBEx50@39.12 
Purchases: ABCDx50@39.12 ABACx50@39.12 ACCOx50@39.12 ACADx50@39.12 ADBEx50@39.12 

2016-03-06
Cash: 31.25
Held: ABCDx50@39.03 ABACx50@39.03 ACCOx50@39.03 ACADx50@39.03 ADBEx50@39.03 
Value: 9789.06
Sales: ABCDx50@39.03 ABACx50@39.03 ACCOx50@39.03 ACADx50@39.03 ADBEx50@39.03 
Purchases: ABCDx50@39.03 ABACx50@39.03 ACCOx50@39.03 ACADx50@39.03 ADBEx50@39.03 

2016-03-07
Cash: 31.25
Held: ABCDx50@38.97 ABACx50@38.97 ACCOx50@38.97 ACADx50@38.97 ADBEx50@38.97 
Value: 9773.44
Sales: ABCDx50@38.97 ABACx50@38.97 ACCOx50@38.97 ACADx50@38.97 ADBEx50@38.97 
Purchases: ABCDx50@38.97 ABACx50@38.97 ACCOx50@38.97 ACADx50@38.97 ADBEx50@38.97 

2016-03-08
Cash: 31.25
Held: ABCDx50@38.31 ABACx50@38.31 ACCOx50@38.31 ACADx50@38.31 ADBEx50@38.31 
Value: 9609.38
Sales: ABCDx50@38.31 ABACx50@38.31 ACCOx50@38.31 ACADx50@38.31 ADBEx50@38.31 
Purchases: ABCDx50@38.31 ABACx50@38.31 ACCOx50@38.31 ACADx50@38.31 ADBEx50@38.31 

2016-03-09
Cash: 31.25
Held: ABCDx50@38.16 ABACx50@38.16 ACCOx50@38.16 ACADx50@38.16 ADBEx50@38.16 
Value: 9570.31
Sales: ABCDx50@38.16 ABACx50@38.16 ACCOx50@38.16 ACADx50@38.16 ADBEx50@38.16 
Purchases: ABCDx50@38.16 ABACx50@38.16 ACCOx50@38.16 ACADx50@38.16 ADBEx50@38.16 

2016-03-10
Cash: 31.25
Held: ABCDx50@38.44 ABACx50@38.44 ACCOx50@38.44 ACADx50@38.44 ADBEx50@38.44 
Value: 9640.62
Sales: ABCDx50@38.44 ABACx50@38.44 ACCOx50@38.44 ACADx50@38.44 ADBEx50@38.44 
Purchases: ABCDx50@38.44 ABACx50@38.44 ACCOx50@38.44 ACADx50@38.44 ADBEx50@38.44 

2016-03-13
Cash: 31.25
Held: ABCDx50@38.97 ABACx50@38.97 ACCOx50@38.97 ACADx50@38.97 ADBEx50@38.97 
Value: 9773.44
Sales: ABCDx50@38.97 ABACx50@38.97 ACCOx50@38.97 ACADx50@38.97 ADBEx50@38.97 
Purchases: ABCDx50@38.97 ABACx50@38.97 ACCOx50@38.97 ACADx50@38.97 ADBEx50@38.97 

2016-03-14
Cash: 31.25
Held: ABCDx50@38.59 ABACx50@38.59 ACCOx50@38.59 ACADx50@38.59 ADBEx50@38.59 
Value: 9679.69
Sales: ABCDx50@38.59 ABACx50@38.59 ACCOx50@38.59 ACADx50@38.59 ADBEx50@38.59 
Purchases: ABCDx50@38.59 ABACx50@38.59 ACCOx50@38.59 ACADx50@38.59 ADBEx50@38.59 

2016-03-15
Cash: 31.25
Held: ABCDx50@38.09 ABACx50@38.09 ACCOx50@38.09 ACADx50@38.09 ADBEx50@38.09 
Value: 9554.69
Sales: ABCDx50@38.09 ABACx50@38.09 ACCOx50@38.09 ACADx50@38.09 ADBEx50@38.09 
Purchases: ABCDx50@38.09 ABACx50@38.09 ACCOx50@38.09 ACADx50@38.09 ADBEx50@38.09 

2016-03-16
Cash: 31.25
Held: ABCDx50@39.06 ABACx50@39.06 ACCOx50@39.06 ACADx50@39.06 ADBEx50@39.06 
Value: 9796.88
Sales: ABCDx50@39.06 ABACx50@39.06 ACCOx50@39.06 ACADx50@39.06 ADBEx50@39.06 
Purchases: ABCDx50@39.06 ABACx50@39.06 ACCOx50@39.06 ACADx50@39.06 ADBEx50@39.06 

2016-03-17
Cash: 31.25
Held: ABCDx50@39.34 ABACx50@39.34 ACCOx50@39.34 ACADx50@39.34 ADBEx50@39.34 
Value: 9867.19
Sales: ABCDx50@39.34 ABACx50@39.34 ACCOx50@39.34 ACADx50@39.34 ADBEx50@39.34 
Purchases: ABCDx50@39.34 ABACx50@39.34 ACCOx50@39.34 ACADx50@39.34 ADBEx50@39.34 

2016-03-20
Cash: 31.25
Held: ABCDx50@40.06 ABACx50@40.06 ACCOx50@40.06 ACADx50@40.06 ADBEx50@40.06 
Value: 10046.88
Sales: ABCDx50@40.06 ABACx50@40.06 ACCOx50@40.06 ACADx50@40.06 ADBEx50@40.06 
Purchases: ABCDx50@40.06 ABACx50@40.06 ACCOx50@40.06 ACADx50@40.06 ADBEx50@40.06 

2016-03-21
Cash: 31.25
Held: ABCDx50@39.56 ABACx50@39.56 ACCOx50@39.56 ACADx50@39.56 ADBEx50@39.56 
Value: 9921.88
Sales: ABCDx50@39.56 ABACx50@39.56 ACCOx50@39.56 ACADx50@39.56 ADBEx50@39.56 
Purchases: ABCDx50@39.56 ABACx50@39.56 ACCOx50@39.56 ACADx50@39.56 ADBEx50@39.56 

2016-03-22
Cash: 31.25
Held: ABCDx50@39.91 ABACx50@39.91 ACCOx50@39.91 ACADx50@39.91 ADBEx50@39.91 
Value: 10007.81
Sales: ABCDx50@39.91 ABACx50@39.91 ACCOx50@39.91 ACADx50@39.91 ADBEx50@39.91 
Purchases: ABCDx50@39.91 ABACx50@39.91 ACCOx50@39.91 ACADx50@39.91 ADBEx50@39.91 

2016-03-23
Cash: 31.25
Held: ABCDx50@39.16 ABACx50@39.16 ACCOx50@39.16 ACADx50@39.16 ADBEx50@39.16 
Value: 9820.31
Sales: ABCDx50@39.16 ABACx50@39.16 ACCOx50@39.16 ACADx50@39.16 ADBEx50@39.16 
Purchases: ABCDx50@39.16 ABACx50@39.16 ACCOx50@39.16 ACADx50@39.16 ADBEx50@39.16 

2016-03-27
Cash: 31.25
Held: ABCDx50@39.53 ABACx50@39.53 ACCOx50@39.53 ACADx50@39.53 ADBEx50@39.53 
Value: 9914.06
Sales: ABCDx50@39.53 ABACx50@39.53 ACCOx50@39.53 ACADx50@39.53 ADBEx50@39.53 
Purchases: ABCDx50@39.53 ABACx50@39.53 ACCOx50@39.53 ACADx50@39.53 ADBEx50@39.53 

2016-03-28
Cash: 31.25
Held: ABCDx50@39.34 ABACx50@39.34 ACCOx50@39.34 ACADx50@39.34 ADBEx50@39.34 
Value: 9867.19
Sales: ABCDx50@39.34 ABACx50@39.34 ACCOx50@39.34 ACADx50@39.34 ADBEx50@39.34 
Purchases: ABCDx50@39.34 ABACx50@39.34 ACCOx50@39.34 ACADx50@39.34 ADBEx50@39.34 

2016-03-29
Cash: 31.25
Held: ABCDx50@40.38 ABACx50@40.38 ACCOx50@40.38 ACADx50@40.38 ADBEx50@40.38 
Value: 10125.00
Sales: ABCDx50@40.38 ABACx50@40.38 ACCOx50@40.38 ACADx50@40.38 ADBEx50@40.38 
Purchases: ABCDx50@40.38 ABACx50@40.38 ACCOx50@40.38 ACADx50@40.38 ADBEx50@40.38 

2016-03-30
Cash: 31.25
Held: ABCDx50@40.00 ABACx50@40.00 ACCOx50@40.00 ACADx50@40.00 ADBEx50@40.00 
Value: 10031.25
Sales: ABCDx50@40.00 ABACx50@40.00 ACCOx50@40.00 ACADx50@40.00 ADBEx50@40.00 
Purchases: ABCDx50@40.00 ABACx50@40.00 ACCOx50@40.00 ACADx50@40.00 ADBEx50@40.00 

2016-03-31
Cash: 31.25
Held: ABCDx50@39.56 ABACx50@39.56 ACCOx50@39.56 ACADx50@39.56 ADBEx50@39.56 
Value: 9921.88
Sales: ABCDx50@39.56 ABACx50@39.56 ACCOx50@39.56 ACADx50@39.56 ADBEx50@39.56 
Purchases: ABCDx50@39.56 ABACx50@39.56 ACCOx50@39.56 ACADx50@39.56 ADBEx50@39.56 

2016-04-03
Cash: 31.25
Held: ABCDx50@40.31 ABACx50@40.31 ACCOx50@40.31 ACADx50@40.31 ADBEx50@40.31 
Value: 10109.38
Sales: ABCDx50@40.31 ABACx50@40.31 ACCOx50@40.31 ACADx50@40.31 ADBEx50@40.31 
Purchases: ABCDx50@40.31 ABACx50@40.31 ACCOx50@40.31 ACADx50@40.31 ADBEx50@40.31 

2016-04-04
Cash: 31.25
Held: ABCDx50@39.72 ABACx50@39.72 ACCOx50@39.72 ACADx50@39.72 ADBEx50@39.72 
Value: 9960.94
Sales: ABCDx50@39.72 ABACx50@39.72 ACCOx50@39.72 ACADx50@39.72 ADBEx50@39.72 
Purchases: ABCDx50@39.72 ABACx50@39.72 ACCOx50@39.72 ACADx50@39.72 ADBEx50@39.72 

2016-04-05
Cash: 31.25
Held: ABCDx50@39.28 ABACx50@39.28 ACCOx50@39.28 ACADx50@39.28 ADBEx50@39.28 
Value: 9851.56
Sales: ABCDx50@39.28 ABACx50@39.28 ACCOx50@39.28 ACADx50@39.28 ADBEx50@39.28 
Purchases: ABCDx50@39.28 ABACx50@39.28 ACCOx50@39.28 ACADx50@39.28 ADBEx50@39.28 

2016-04-06
Cash: 31.25
Held: ABCDx50@39.88 ABACx50@39.88 ACCOx50@39.88 ACADx50@39.88 ADBEx50@39.88 
Value: 10000.00
Sales: ABCDx50@39.88 ABACx50@39.88 ACCOx50@39.88 ACADx50@39.88 ADBEx50@39.88 
Purchases: ABCDx50@39.88 ABACx50@39.88 ACCOx50@39.88 ACADx50@39.88 ADBEx50@39.88 

2016-04-07
Cash: 31.25
Held: ABCDx50@39.69 ABACx50@39.69 ACCOx50@39.69 ACADx50@39.69 ADBEx50@39.69 
Value: 9953.12
Sales: ABCDx50@39.69 ABACx50@39.69 ACCOx50@39.69 ACADx50@39.69 ADBEx50@39.69 
Purchases: ABCDx50@39.69 ABACx50@39.69 ACCOx50@39.69 ACADx50@39.69 ADBEx50@39.69 

2016-04-10
Cash: 31.25
Held: ABCDx50@39.88 ABACx50@39.88 ACCOx50@39.88 ACADx50@39.88 ADBEx50@39.88 
Value: 10000.00
Sales: ABCDx50@39.88 ABACx50@39.88 ACCOx50@39.88 ACADx50@39.88 ADBEx50@39.88 
Purchases: ABCDx50@39.88 ABACx50@39.88 ACCOx50@39.88 ACADx50@39.88 ADBEx50@39.88 

2016-04-11
Cash: 31.25
Held: ABCDx50@39.47 ABACx50@39.47 ACCOx50@39.47 ACADx50@39.47 ADBEx50@39.47 
Value: 9898.44
Sales: ABCDx50@39.47 ABACx50@39.47 ACCOx50@39.47 ACADx50@39.47 ADBEx50@39.47 
Purchases: ABCDx50@39.47 ABACx50@39.47 ACCOx50@39.47 ACADx50@39.47 ADBEx50@39.47 

2016-04-12
Cash: 31.25
Held: ABCDx50@39.53 ABACx50@39.53 ACCOx50@39.53 ACADx50@39.53 ADBEx50@39.53 
Value: 9914.06
Sales: ABCDx50@39.53 ABACx50@39.53 ACCOx50@39.53 ACADx50@39.53 ADBEx50@39.53 
Purchases: ABCDx50@39.53 ABACx50@39.53 ACCOx50@39.53 ACADx50@39.53 ADBEx50@39.53 

2016-04-13
Cash: 31.25
Held: ABCDx50@40.88 ABACx50@40.88 ACCOx50@40.88 ACADx50@40.88 ADBEx50@40.88 
Value: 10250.00
Sales: ABCDx50@40.88 ABACx50@40.88 ACCOx50@40.88 ACADx50@40.88 ADBEx50@40.88 
Purchases: ABCDx50@40.88 ABACx50@40.88 ACCOx50@40.88 ACADx50@40.88 ADBEx50@40.88 

2016-04-14
Cash: 31.25
Held: ABCDx50@40.78 ABACx50@40.78 ACCOx50@40.78 ACADx50@40.78 ADBEx50@40.78 
Value: 10226.56
Sales: ABCDx50@40.78 ABACx50@40.78 ACCOx50@40.78 ACADx50@40.78 ADBEx50@40.78 
Purchases: ABCDx50@40.78 ABACx50@40.78 ACCOx50@40.78 ACADx50@40.78 ADBEx50@40.78 

2016-04-17
Cash: 31.25
Held: ABCDx50@40.72 ABACx50@40.72 ACCOx50@40.72 ACADx50@40.72 ADBEx50@40.72 
Value: 10210.94
Sales: ABCDx50@40.72 ABACx50@40.72 ACCOx50@40.72 ACADx50@40.72 ADBEx50@40.72 
Purchases: ABCDx50@40.72 ABACx50@40.72 ACCOx50@40.72 ACADx50@40.72 ADBEx50@40.72 

2016-04-18
Cash: 31.25
Held: ABCDx50@41.19 ABACx50@41.19 ACCOx50@41.19 ACADx50@41.19 ADBEx50@41.19 
Value: 10328.12
Sales: ABCDx50@41.19 ABACx50@41.19 ACCOx50@41.19 ACADx50@41.19 ADBEx50@41.19 
Purchases: ABCDx50@41.19 ABACx50@41.19 ACCOx50@41.19 ACADx50@41.19 ADBEx50@41.19 

2016-04-19
Cash: 31.25
Held: ABCDx50@41.41 ABACx50@41.41 ACCOx50@41.41 ACADx50@41.41 ADBEx50@41.41 
Value: 10382.81
Sales: ABCDx50@41.41 ABACx50@41.41 ACCOx50@41.41 ACADx50@41.41 ADBEx50@41.41 
Purchases: ABCDx50@41.41 ABACx50@41.41 ACCOx50@41.41 ACADx50@41.41 ADBEx50@41.41 

2016-04-20
Cash: 31.25
Held: ABCDx50@41.50 ABACx50@41.50 ACCOx50@41.50 ACADx50@41.50 ADBEx50@41.50 
Value: 10406.25
Sales: ABCDx50@41.50 ABACx50@41.50 ACCOx50@41.50 ACADx50@41.50 ADBEx50@41.50 
Purchases: ABCDx50@41.50 ABACx50@41.50 ACCOx50@41.50 ACADx50@41.50 ADBEx50@41.50 

2016-04-21
Cash: 31.25
Held: ABCDx50@41.97 ABACx50@41.97 ACCOx50@41.97 ACADx50@41.97 ADBEx50@41.97 
Value: 10523.44
Sales: ABCDx50@41.97 ABACx50@41.97 ACCOx50@41.97 ACADx50@41.97 ADBEx50@41.97 
Purchases: ABCDx50@41.97 ABACx50@41.97 ACCOx50@41.97 ACADx50@41.97 ADBEx50@41.97 

2016-04-24
Cash: 31.25
Held: ABCDx50@41.72 ABACx50@41.72 ACCOx50@41.72 ACADx50@41.72 ADBEx50@41.72 
Value: 10460.94
Sales: ABCDx50@41.72 ABACx50@41.72 ACCOx50@41.72 ACADx50@41.72 ADBEx50@41.72 
Purchases: ABCDx50@41.72 ABACx50@41.72 ACCOx50@41.72 ACADx50@41.72 ADBEx50@41.72 

2016-04-25
Cash: 31.25
Held: ABCDx50@41.81 ABACx50@41.81 ACCOx50@41.81 ACADx50@41.81 ADBEx50@41.81 
Value: 10484.38
Sales: ABCDx50@41.81 ABACx50@41.81 ACCOx50@41.81 ACADx50@41.81 ADBEx50@41.81 
Purchases: ABCDx50@41.81 ABACx50@41.81 ACCOx50@41.81 ACADx50@41.81 ADBEx50@41.81 

2016-04-26
Cash: 31.25
Held: ABCDx50@41.34 ABACx50@41.34 ACCOx50@41.34 ACADx50@41.34 ADBEx50@41.34 
Value: 10367.19
Sales: ABCDx50@41.34 ABACx50@41.34 ACCOx50@41.34 ACADx50@41.34 ADBEx50@41.34 
Purchases: ABCDx50@41.34 ABACx50@41.34 ACCOx50@41.34 ACADx50@41.34 ADBEx50@41.34 

2016-04-27
Cash: 31.25
Held: ABCDx50@41.25 ABACx50@41.25 ACCOx50@41.25 ACADx50@41.25 ADBEx50@41.25 
Value: 10343.75
Sales: ABCDx50@41.25 ABACx50@41.25 ACCOx50@41.25 ACADx50@41.25 ADBEx50@41.25 
Purchases: ABCDx50@41.25 ABACx50@41.25 ACCOx50@41.25 ACADx50@41.25 ADBEx50@41.25 

2016-04-28
Cash: 31.25
Held: ABCDx50@40.91 ABACx50@40.91 ACCOx50@40.91 ACADx50@40.91 ADBEx50@40.91 
Value: 10257.81
Sales: ABCDx50@40.91 ABACx50@40.91 ACCOx50@40.91 ACADx50@40.91 ADBEx50@40.91 
Purchases: ABCDx50@40.91 ABACx50@40.91 ACCOx50@40.91 ACADx50@40.91 ADBEx50@40.91 

2016-05-01
Cash: 31.25
Held: ABCDx50@41.19 ABACx50@41.19 ACCOx50@41.19 ACADx50@41.19 ADBEx50@41.19 
Value: 10328.12
Sales: ABCDx50@41.19 ABACx50@41.19 ACCOx50@41.19 ACADx50@41.19 ADBEx50@41.19 
Purchases: ABCDx50@41.19 ABACx50@41.19 ACCOx50@41.19 ACADx50@41.19 ADBEx50@41.19 

2016-05-02
Cash: 31.25
Held: ABCDx50@41.31 ABACx50@41.31 ACCOx50@41.31 ACADx50@41.31 ADBEx50@41.31 
Value: 10359.38
Sales: ABCDx50@41.31 ABACx50@41.31 ACCOx50@41.31 ACADx50@41.31 ADBEx50@41.31 
Purchases: ABCDx50@41.31 ABACx50@41.31 ACCOx50@41.31 ACADx50@41.31 ADBEx50@41.31 

2016-05-03
Cash: 31.25
Held: ABCDx50@40.81 ABACx50@40.81 ACCOx50@40.81 ACADx50@40.81 ADBEx50@40.81 
Value: 10234.38
Sales: ABCDx50@40.81 ABACx50@40.81 ACCOx50@40.81 ACADx50@40.81 ADBEx50@40.81 
Purchases: ABCDx50@40.81 ABACx50@40.81 ACCOx50@40.81 ACADx50@40.81 ADBEx50@40.81 

2016-05-04
Cash: 31.25
Held: ABCDx50@40.62 ABACx50@40.62 ACCOx50@40.62 ACADx50@40.62 ADBEx50@40.62 
Value: 10187.50
Sales: ABCDx50@40.62 ABACx50@40.62 ACCOx50@40.62 ACADx50@40.62 ADBEx50@40.62 
Purchases: ABCDx50@40.62 ABACx50@40.62 ACCOx50@40.62 ACADx50@40.62 ADBEx50@40.62 

2016-05-05
Cash: 31.25
Held: ABCDx50@40.88 ABACx50@40.88 ACCOx50@40.88 ACADx50@40.88 ADBEx50@40.88 
Value: 10250.00
Sales: ABCDx50@40.88 ABACx50@40.88 ACCOx50@40.88 ACADx50@40.88 ADBEx50@40.88 
Purchases: ABCDx50@40.88 ABACx50@40.88 ACCOx50@40.88 ACADx50@40.88 ADBEx50@40.88 

2016-05-08
Cash: 31.25
Held: ABCDx50@41.50 ABACx50@41.50 ACCOx50@41.50 ACADx50@41.50 ADBEx50@41.50 
Value: 10406.25
Sales: ABCDx50@41.50 ABACx50@41.50 ACCOx50@41.50 ACADx50@41.50 ADBEx50@41.50 
Purchases: ABCDx50@41.50 ABACx50@41.50 ACCOx50@41.50 ACADx50@41.50 ADBEx50@41.50 

2016-05-09
Cash: 31.25
Held: ABCDx50@41.50 ABACx50@41.50 ACCOx50@41.50 ACADx50@41.50 ADBEx50@41.50 
Value: 10406.25
Sales: ABCDx50@41.50 ABACx50@41.50 ACCOx50@41.50 ACADx50@41.50 ADBEx50@41.50 
Purchases: ABCDx50@41.50 ABACx50@41.50 ACCOx50@41.50 ACADx50@41.50 ADBEx50@41.50 

2016-05-10
Cash: 31.25
Held: ABCDx50@42.19 ABACx50@42.19 ACCOx50@42.19 ACADx50@42.19 ADBEx50@42.19 
Value: 10578.12
Sales: ABCDx50@42.19 ABACx50@42.19 ACCOx50@42.19 ACADx50@42.19 ADBEx50@42.19 
Purchases: ABCDx50@42.19 ABACx50@42.19 ACCOx50@42.19 ACADx50@42.19 ADBEx50@42.19 

2016-05-11
Cash: 31.25
Held: ABCDx50@42.59 ABACx50@42.59 ACCOx50@42.59 ACADx50@42.59 ADBEx50@42.59 
Value: 10679.69
Sales: ABCDx50@42.59 ABACx50@42.59 ACCOx50@42.59 ACADx50@42.59 ADBEx50@42.59 
Purchases: ABCDx50@42.59 ABACx50@42.59 ACCOx50@42.59 ACADx50@42.59 ADBEx50@42.59 

2016-05-12
Cash: 31.25
Held: ABCDx50@42.56 ABACx50@42.56 ACCOx50@42.56 ACADx50@42.56 ADBEx50@42.56 
Value: 10671.88
Sales: ABCDx50@42.56 ABACx50@42.56 ACCOx50@42.56 ACADx50@42.56 ADBEx50@42.56 
Purchases: ABCDx50@42.56 ABACx50@42.56 ACCOx50@42.56 ACADx50@42.56 ADBEx50@42.56 

2016-05-15
Cash: 31.25
Held: ABCDx50@42.62 ABACx50@42.62 ACCOx50@42.62 ACADx50@42.62 ADBEx50@42.62 
Value: 10687.50
Sales: ABCDx50@42.62 ABACx50@42.62 ACCOx50@42.62 ACADx50@42.62 ADBEx50@42.62 
Purchases: ABCDx50@42.62 ABACx50@42.62 ACCOx50@42.62 ACADx50@42.62 ADBEx50@42.62 

2016-05-16
Cash: 31.25
Held: ABCDx50@44.97 ABACx50@44.97 ACCOx50@44.97 ACADx50@44.97 ADBEx50@44.97 
Value: 11273.44
Sales: ABCDx50@44.97 ABACx50@44.97 ACCOx50@44.97 ACADx50@44.97 ADBEx50@44.97 
Purchases: ABCDx50@44.97 ABACx50@44.97 ACCOx50@44.97 ACADx50@44.97 ADBEx50@44.97 

2016-05-17
Cash: 31.25
Held: ABCDx50@44.44 ABACx50@44.44 ACCOx50@44.44 ACADx50@44.44 ADBEx50@44.44 
Value: 11140.62
Sales: ABCDx50@44.44 ABACx50@44.44 ACCOx50@44.44 ACADx50@44.44 ADBEx50@44.44 
Purchases: ABCDx50@44.44 ABACx50@44.44 ACCOx50@44.44 ACADx50@44.44 ADBEx50@44.44 

2016-05-18
Cash: 31.25
Held: ABCDx50@44.06 ABACx50@44.06 ACCOx50@44.06 ACADx50@44.06 ADBEx50@44.06 
Value: 11046.88
Sales: ABCDx50@44.06 ABACx50@44.06 ACCOx50@44.06 ACADx50@44.06 ADBEx50@44.06 
Purchases: ABCDx50@44.06 ABACx50@44.06 ACCOx50@44.06 ACADx50@44.06 ADBEx50@44.06 

2016-05-19
Cash: 31.25
Held: ABCDx50@44.88 ABACx50@44.88 ACCOx50@44.88 ACADx50@44.88 ADBEx50@44.88 
Value: 11250.00
Sales: ABCDx50@44.88 ABACx50@44.88 ACCOx50@44.88 ACADx50@44.88 ADBEx50@44.88 
Purchases: ABCDx50@44.88 ABACx50@44.88 ACCOx50@44.88 ACADx50@44.88 ADBEx50@44.88 

2016-05-22
Cash: 31.25
Held: ABCDx50@44.88 ABACx50@44.88 ACCOx50@44.88 ACADx50@44.88 ADBEx50@44.88 
Value: 11250.00
Sales: ABCDx50@44.88 ABACx50@44.88 ACCOx50@44.88 ACADx50@44.88 ADBEx50@44.88 
Purchases: ABCDx50@44.88 ABACx50@44.88 ACCOx50@44.88 ACADx50@44.88 ADBEx50@44.88 

2016-05-23
Cash: 31.25
Held: ABCDx50@44.75 ABACx50@44.75 ACCOx50@44.75 ACADx50@44.75 ADBEx50@44.75 
Value: 11218.75
Sales: ABCDx50@44.75 ABACx50@44.75 ACCOx50@44.75 ACADx50@44.75 ADBEx50@44.75 
Purchases: ABCDx50@44.75 ABACx50@44.75 ACCOx50@44.75 ACADx50@44.75 ADBEx50@44.75 

2016-05-24
Cash: 31.25
Held: ABCDx50@45.12 ABACx50@45.12 ACCOx50@45.12 ACADx50@45.12 ADBEx50@45.12 
Value: 11312.50
Sales: ABCDx50@45.12 ABACx50@45.12 ACCOx50@45.12 ACADx50@45.12 ADBEx50@45.12 
Purchases: ABCDx50@45.12 ABACx50@45.12 ACCOx50@45.12 ACADx50@45.12 ADBEx50@45.12 

2016-05-25
Cash: 31.25
Held: ABCDx50@45.59 ABACx50@45.59 ACCOx50@45.59 ACADx50@45.59 ADBEx50@45.59 
Value: 11429.69
Sales: ABCDx50@45.59 ABACx50@45.59 ACCOx50@45.59 ACADx50@45.59 ADBEx50@45.59 
Purchases: ABCDx50@45.59 ABACx50@45.59 ACCOx50@45.59 ACADx50@45.59 ADBEx50@45.59 

2016-05-26
Cash: 31.25
Held: ABCDx50@45.56 ABACx50@45.56 ACCOx50@45.56 ACADx50@45.56 ADBEx50@45.56 
Value: 11421.88
Sales: ABCDx50@45.56 ABACx50@45.56 ACCOx50@45.56 ACADx50@45.56 ADBEx50@45.56 
Purchases: ABCDx50@45.56 ABACx50@45.56 ACCOx50@45.56 ACADx50@45.56 ADBEx50@45.56 

2016-05-30
Cash: 31.25
Held: ABCDx50@45.78 ABACx50@45.78 ACCOx50@45.78 ACADx50@45.78 ADBEx50@45.78 
Value: 11476.56
Sales: ABCDx50@45.78 ABACx50@45.78 ACCOx50@45.78 ACADx50@45.78 ADBEx50@45.78 
Purchases: ABCDx50@45.78 ABACx50@45.78 ACCOx50@45.78 ACADx50@45.78 ADBEx50@45.78 

2016-05-31
Cash: 31.25
Held: ABCDx50@45.75 ABACx50@45.75 ACCOx50@45.75 ACADx50@45.75 ADBEx50@45.75 
Value: 11468.75
Sales: ABCDx50@45.75 ABACx50@45.75 ACCOx50@45.75 ACADx50@45.75 ADBEx50@45.75 
Purchases: ABCDx50@45.75 ABACx50@45.75 ACCOx50@45.75 ACADx50@45.75 ADBEx50@45.75 

2016-06-01
Cash: 31.25
Held: ABCDx50@45.91 ABACx50@45.91 ACCOx50@45.91 ACADx50@45.91 ADBEx50@45.91 
Value: 11507.81
Sales: ABCDx50@45.91 ABACx50@45.91 ACCOx50@45.91 ACADx50@45.91 ADBEx50@45.91 
Purchases: ABCDx50@45.91 ABACx50@45.91 ACCOx50@45.91 ACADx50@45.91 ADBEx50@45.91 

2016-06-02
Cash: 31.25
Held: ABCDx50@45.72 ABACx50@45.72 ACCOx50@45.72 ACADx50@45.72 ADBEx50@45.72 
Value: 11460.94
Sales: ABCDx50@45.72 ABACx50@45.72 ACCOx50@45.72 ACADx50@45.72 ADBEx50@45.72 
Purchases: ABCDx50@45.72 ABACx50@45.72 ACCOx50@45.72 ACADx50@45.72 ADBEx50@45.72 

2016-06-05
Cash: 31.25
Held: ABCDx50@45.72 ABACx50@45.72 ACCOx50@45.72 ACADx50@45.72 ADBEx50@45.72 
Value: 11460.94
Sales: ABCDx50@45.72 ABACx50@45.72 ACCOx50@45.72 ACADx50@45.72 ADBEx50@45.72 
Purchases: ABCDx50@45.72 ABACx50@45.72 ACCOx50@45.72 ACADx50@45.72 ADBEx50@45.72 

2016-06-06
Cash: 31.25
Held: ABCDx50@45.81 ABACx50@45.81 ACCOx50@45.81 ACADx50@45.81 ADBEx50@45.81 
Value: 11484.38
Sales: ABCDx50@45.81 ABACx50@45.81 ACCOx50@45.81 ACADx50@45.81 ADBEx50@45.81 
Purchases: ABCDx50@45.81 ABACx50@45.81 ACCOx50@45.81 ACADx50@45.81 ADBEx50@45.81 

2016-06-07
Cash: 31.25
Held: ABCDx50@45.75 ABACx50@45.75 ACCOx50@45.75 ACADx50@45.75 ADBEx50@45.75 
Value: 11468.75
Sales: ABCDx50@45.75 ABACx50@45.75 ACCOx50@45.75 ACADx50@45.75 ADBEx50@45.75 
Purchases: ABCDx50@45.75 ABACx50@45.75 ACCOx50@45.75 ACADx50@45.75 ADBEx50@45.75 

2016-06-08
Cash: 31.25
Held: ABCDx50@45.97 ABACx50@45.97 ACCOx50@45.97 ACADx50@45.97 ADBEx50@45.97 
Value: 11523.44
Sales: ABCDx50@45.97 ABACx50@45.97 ACCOx50@45.97 ACADx50@45.97 ADBEx50@45.97 
Purchases: ABCDx50@45.97 ABACx50@45.97 ACCOx50@45.97 ACADx50@45.97 ADBEx50@45.97 

2016-06-09
Cash: 31.25
Held: ABCDx50@45.72 ABACx50@45.72 ACCOx50@45.72 ACADx50@45.72 ADBEx50@45.72 
Value: 11460.94
Sales: ABCDx50@45.72 ABACx50@45.72 ACCOx50@45.72 ACADx50@45.72 ADBEx50@45.72 
Purchases: ABCDx50@45.72 ABACx50@45.72 ACCOx50@45.72 ACADx50@45.72 ADBEx50@45.72 

2016-06-12
Cash: 31.25
Held: ABCDx50@45.31 ABACx50@45.31 ACCOx50@45.31 ACADx50@45.31 ADBEx50@45.31 
Value: 11359.38
Sales: ABCDx50@45.31 ABACx50@45.31 ACCOx50@45.31 ACADx50@45.31 ADBEx50@45.31 
Purchases: ABCDx50@45.31 ABACx50@45.31 ACCOx50@45.31 ACADx50@45.31 ADBEx50@45.31 

2016-06-13
Cash: 31.25
Held: ABCDx50@44.69 ABACx50@44.69 ACCOx50@44.69 ACADx50@44.69 ADBEx50@44.69 
Value: 11203.12
Sales: ABCDx50@44.69 ABACx50@44.69 ACCOx50@44.69 ACADx50@44.69 ADBEx50@44.69 
Purchases: ABCDx50@44.69 ABACx50@44.69 ACCOx50@44.69 ACADx50@44.69 ADBEx50@44.69 

2016-06-14
Cash: 31.25
Held: ABCDx50@45.12 ABACx50@45.12 ACCOx50@45.12 ACADx50@45.12 ADBEx50@45.12 
Value: 11312.50
Sales: ABCDx50@45.12 ABACx50@45.12 ACCOx50@45.12 ACADx50@45.12 ADBEx50@45.12 
Purchases: ABCDx50@45.12 ABACx50@45.12 ACCOx50@45.12 ACADx50@45.12 ADBEx50@45.12 

2016-06-15
Cash: 31.25
Held: ABCDx50@44.72 ABACx50@44.72 ACCOx50@44.72 ACADx50@44.72 ADBEx50@44.72 
Value: 11210.94
Sales: ABCDx50@44.72 ABACx50@44.72 ACCOx50@44.72 ACADx50@44.72 ADBEx50@44.72 
Purchases: ABCDx50@44.72 ABACx50@44.72 ACCOx50@44.72 ACADx50@44.72 ADBEx50@44.72 

2016-06-16
Cash: 31.25
Held: ABCDx50@45.41 ABACx50@45.41 ACCOx50@45.41 ACADx50@45.41 ADBEx50@45.41 
Value: 11382.81
Sales: ABCDx50@45.41 ABACx50@45.41 ACCOx50@45.41 ACADx50@45.41 ADBEx50@45.41 
Purchases: ABCDx50@45.41 ABACx50@45.41 ACCOx50@45.41 ACADx50@45.41 ADBEx50@45.41 

