2015-01-26
Cash: 10000.00
Held: 
Value: 10000.00
Sales: 
Purchases: SBSx404@4.95 GOGLx453@4.41 SRVx478@4.18 MFRIx347@5.76 MPXx290@6.89 

2015-01-27
Cash: 7.23
Held: MPXx290@7.24 SRVx478@4.20 SBSx404@5.22 MFRIx347@5.89 GOGLx453@4.50 
Value: 10304.48
Sales: SBSx404@5.22 GOGLx453@4.50 SRVx478@4.20 MFRIx347@5.89 MPXx290@7.24 
Purchases: CLFx302@6.81 BDRx1067@1.93 OCNx305@6.74 MSFTx48@42.75 STAAx355@5.80 

2015-01-28
Cash: 22.85
Held: CLFx302@6.64 MSFTx48@40.94 OCNx305@6.59 STAAx355@5.70 BDRx1067@1.75 
Value: 9893.70
Sales: CLFx302@6.64 STAAx355@5.70 BDRx1067@1.75 MSFTx48@40.94 OCNx305@6.59 
Purchases: PEDx3472@0.57 YTENx4827@0.41 COOLx253@7.80 EZPWx190@10.40 STRLx506@3.91 

2015-01-29
Cash: 8.78
Held: EZPWx190@10.31 STRLx506@3.74 COOLx253@5.46 YTENx4827@0.43 PEDx3472@0.54 
Value: 9192.63
Sales: PEDx3472@0.54 YTENx4827@0.43 COOLx253@5.46 EZPWx190@10.31 STRLx506@3.74 
Purchases: BIOPx3404@0.54 DHXx213@8.60 CGNTx765@2.40 THMx3911@0.47 GASLx696@2.64 

2015-02-01
Cash: 9.97
Held: DHXx213@8.30 CGNTx765@2.38 GASLx696@2.95 THMx3911@0.48 BIOPx3404@0.48 
Value: 9162.28
Sales: THMx3911@0.48 BIOPx3404@0.48 CGNTx765@2.38 GASLx696@2.95 DHXx213@8.30 
Purchases: SIDx1205@1.52 MPETx2443@0.75 HAx91@20.02 OHGIx1229@1.49 DECKx27@67.31 

2015-02-02
Cash: 28.63
Held: HAx91@19.16 OHGIx1229@1.65 MPETx2443@0.78 SIDx1205@1.66 DECKx27@69.38 
Value: 9578.81
Sales: MPETx2443@0.78 HAx91@19.16 DECKx27@69.38 OHGIx1229@1.65 SIDx1205@1.66 
Purchases: WMLPx208@9.18 SHIPx2588@0.74 WPCSx7368@0.26 GLBSx1035@1.85 SCOx23@80.19 

2015-02-03
Cash: 79.30
Held: WPCSx7368@0.24 SHIPx2588@0.72 SCOx23@77.62 GLBSx1035@1.80 WMLPx208@9.52 
Value: 9340.51
Sales: WMLPx208@9.52 SHIPx2588@0.72 WPCSx7368@0.24 GLBSx1035@1.80 SCOx23@77.62 
Purchases: FSIx1556@1.20 ICIx44@41.88 PSTIx635@2.94 SHIPx2593@0.72 KONEx445@4.19 

2015-02-04
Cash: 31.26
Held: SHIPx2593@0.82 PSTIx635@2.91 FSIx1556@1.27 KONEx445@4.17 ICIx44@41.88 
Value: 9679.39
Sales: ICIx44@41.88 FSIx1556@1.27 SHIPx2593@0.82 PSTIx635@2.91 KONEx445@4.17 
Purchases: UBNx203@9.52 PHMDx1225@1.58 CBLIx595@3.25 RSYSx1008@1.92 PHTx133@14.48 

2015-02-05
Cash: 16.12
Held: CBLIx595@3.10 UBNx203@9.75 PHMDx1225@1.64 PHTx133@13.99 RSYSx1008@1.91 
Value: 9634.61
Sales: RSYSx1008@1.91 CBLIx595@3.10 PHTx133@13.99 UBNx203@9.75 PHMDx1225@1.64 
Purchases: HSNIx29@65.06 FNCXx830@2.32 SGCx103@18.59 DXRx322@5.98 GEOSx82@23.48 

2015-02-08
Cash: 55.35
Held: HSNIx29@64.75 FNCXx830@2.17 GEOSx82@21.62 SGCx103@18.44 DXRx322@5.75 
Value: 9257.95
Sales: HSNIx29@64.75 FNCXx830@2.17 GEOSx82@21.62 SGCx103@18.44 DXRx322@5.75 
Purchases: FARMx76@24.22 CASMx1413@1.31 FFHLx3428@0.54 OHGIx822@2.25 HGSHx584@3.17 

2015-02-09
Cash: 14.91
Held: FARMx76@23.77 OHGIx822@1.90 CASMx1413@1.26 FFHLx3428@0.64 HGSHx584@3.36 
Value: 9319.53
Sales: FARMx76@23.77 CASMx1413@1.26 FFHLx3428@0.64 OHGIx822@1.90 HGSHx584@3.36 
Purchases: FSCx262@7.11 NTGRx61@30.30 UPWx18@101.19 ARCWx289@6.45 EGOVx119@15.54 

2015-02-10
Cash: 74.42
Held: NTGRx61@30.67 UPWx18@102.88 FSCx262@6.85 EGOVx119@15.71 ARCWx289@6.40 
Value: 9311.01
Sales: NTGRx61@30.67 EGOVx119@15.71 FSCx262@6.85 ARCWx289@6.40 UPWx18@102.88 
Purchases: CYOUx76@24.30 NILEx67@27.70 AOIx19@96.00 OHGIx1046@1.78 OAx29@62.22 

2015-02-11
Cash: 117.83
Held: OAx29@62.00 OHGIx1046@1.95 AOIx19@98.00 NILEx67@29.41 CYOUx76@24.98 
Value: 9686.77
Sales: AOIx19@98.00 CYOUx76@24.98 OHGIx1046@1.95 OAx29@62.00 NILEx67@29.41 
Purchases: CGAx973@1.99 KEGx896@2.16 RCONx954@2.03 LGCYx150@12.91 TTIx373@5.19 

2015-02-12
Cash: 6.49
Held: TTIx373@5.10 RCONx954@2.02 KEGx896@2.16 LGCYx150@13.68 CGAx973@1.94 
Value: 9711.49
Sales: KEGx896@2.16 CGAx973@1.94 TTIx373@5.10 LGCYx150@13.68 RCONx954@2.02 
Purchases: FHx2428@0.80 RCONx961@2.02 PNRAx12@158.12 AXPx24@79.44 MBVXx1850@1.05 

2015-02-16
Cash: 82.66
Held: RCONx961@2.26 AXPx24@77.19 FHx2428@0.82 MBVXx1850@0.88 PNRAx12@155.62 
Value: 9592.61
Sales: FHx2428@0.82 RCONx961@2.26 PNRAx12@155.62 AXPx24@77.19 MBVXx1850@0.88 
Purchases: RYNx70@27.38 SZKx106@18.00 PRANx1585@1.21 TISAx618@3.10 DFBGx6394@0.30 

2015-02-17
Cash: 16.50
Held: RYNx70@27.23 SZKx106@18.03 TISAx618@3.18 DFBGx6394@0.22 PRANx1585@1.14 
Value: 9012.10
Sales: RYNx70@27.23 SZKx106@18.03 PRANx1585@1.14 DFBGx6394@0.22 TISAx618@3.18 
Purchases: RGSEx6214@0.29 KGCx664@2.71 RVPx402@4.48 CECOx353@5.10 PRANx1581@1.14 

2015-02-18
Cash: 5.95
Held: RVPx402@4.26 RGSEx6214@0.34 CECOx353@5.08 KGCx664@2.80 PRANx1581@1.10 
Value: 9223.25
Sales: RGSEx6214@0.34 KGCx664@2.80 RVPx402@4.26 CECOx353@5.08 PRANx1581@1.10 
Purchases: UUUx331@5.56 GLBSx1145@1.61 CADCx455@4.05 FOSLx22@83.75 DFBGx9711@0.19 

2015-02-19
Cash: 9.38
Held: UUUx331@5.02 GLBSx1145@1.65 CADCx455@4.06 DFBGx9711@0.20 FOSLx22@84.88 
Value: 9216.18
Sales: UUUx331@5.02 FOSLx22@84.88 CADCx455@4.06 GLBSx1145@1.65 DFBGx9711@0.20 
Purchases: GTSx88@20.73 RCONx1110@1.66 ROSGx504@3.65 CEIx6826@0.27 GENEx214@8.60 

2015-02-22
Cash: 25.09
Held: RCONx1110@1.72 GENEx214@6.15 GTSx88@18.39 CEIx6826@0.27 ROSGx504@3.60 
Value: 8525.49
Sales: RCONx1110@1.72 GENEx214@6.15 ROSGx504@3.60 CEIx6826@0.27 GTSx88@18.39 
Purchases: ABACx271@6.28 MNGAx2005@0.85 KONEx506@3.37 OESXx462@3.69 RNVAx1445@1.18 

2015-02-23
Cash: 4.86
Held: ABACx271@6.28 MNGAx2005@0.85 KONEx506@3.54 RNVAx1445@1.17 OESXx462@3.64 
Value: 8574.80
Sales: ABACx271@6.28 RNVAx1445@1.17 KONEx506@3.54 OESXx462@3.64 MNGAx2005@0.85 
Purchases: BWENx348@4.92 UEICx30@56.88 GEN           x252@6.80 GENx252@6.80 LODEx2316@0.74 

2015-02-24
Cash: 13.76
Held: UEICx30@55.31 GEN           x252@7.12 GENx252@7.12 BWENx348@4.60 LODEx2316@0.72 
Value: 8531.53
Sales: BWENx348@4.60 UEICx30@55.31 GEN           x252@7.12 GENx252@7.12 LODEx2316@0.72 
Purchases: SGOCx4376@0.39 SEEDx1398@1.22 VISNx140@12.13 DXTRx3220@0.53 EHTHx175@9.71 

2015-02-25
Cash: 16.26
Held: SGOCx4376@0.45 EHTHx175@9.65 VISNx140@14.50 DXTRx3220@0.58 SEEDx1398@1.24 
Value: 9305.42
Sales: SGOCx4376@0.45 SEEDx1398@1.24 VISNx140@14.50 DXTRx3220@0.58 EHTHx175@9.65 
Purchases: BBGx178@10.45 AXNx1477@1.26 GBRx1358@1.37 GLDDx297@6.25 HVTx80@23.12 

2015-02-26
Cash: 17.22
Held: BBGx178@10.01 HVTx80@23.05 AXNx1477@1.23 GBRx1358@1.45 GLDDx297@6.13 
Value: 9249.42
Sales: BBGx178@10.01 GBRx1358@1.45 AXNx1477@1.23 HVTx80@23.05 GLDDx297@6.13 
Purchases: LLx37@48.94 GMOx4204@0.44 IBIOx2032@0.91 CEIx6850@0.27 XKEx300@6.15 

2015-03-01
Cash: 45.61
Held: GMOx4204@0.43 XKEx300@6.13 IBIOx2032@1.04 CEIx6850@0.25 LLx37@38.25 
Value: 8932.83
Sales: LLx37@38.25 GMOx4204@0.43 IBIOx2032@1.04 CEIx6850@0.25 XKEx300@6.13 
Purchases: SZKx100@17.70 ENOCx133@13.42 VISNx140@12.74 GENEx309@5.78 IPSx43@41.12 

2015-03-02
Cash: 38.72
Held: GENEx309@5.76 ENOCx133@12.81 VISNx140@12.54 IPSx43@41.12 SZKx100@24.81 
Value: 9528.25
Sales: ENOCx133@12.81 SZKx100@24.81 GENEx309@5.76 VISNx140@12.54 IPSx43@41.12 
Purchases: HLFx62@30.41 STAAx278@6.84 DWSNx371@5.13 ABIOx369@5.16 WTWx176@10.78 

2015-03-03
Cash: 37.16
Held: HLFx62@31.03 WTWx176@10.60 DWSNx371@5.10 ABIOx369@4.90 STAAx278@7.74 
Value: 9678.42
Sales: HLFx62@31.03 STAAx278@7.74 DWSNx371@5.10 ABIOx369@4.90 WTWx176@10.60 
Purchases: VRTBx584@3.31 PRIMx113@17.06 IBIOx2104@0.92 PSCDx36@53.00 BAAx9219@0.21 

2015-03-04
Cash: 37.85
Held: VRTBx584@3.31 BAAx9219@0.21 PRIMx113@17.81 PSCDx36@52.88 IBIOx2104@0.84 
Value: 9590.18
Sales: VRTBx584@3.31 PRIMx113@17.81 IBIOx2104@0.84 PSCDx36@52.88 BAAx9219@0.21 
Purchases: NJRx63@30.06 BOBEx41@46.34 SKLNx425@4.51 SUNWx590@3.25 CYCCx145@13.20 

2015-03-05
Cash: 46.72
Held: BOBEx41@47.59 SKLNx425@4.99 SUNWx590@3.20 NJRx63@29.89 CYCCx145@12.60 
Value: 9715.96
Sales: NJRx63@29.89 BOBEx41@47.59 SKLNx425@4.99 SUNWx590@3.20 CYCCx145@12.60 
Purchases: STRLx806@2.41 PHMDx1056@1.84 FSTRx51@37.44 CDIx136@14.28 SUNWx607@3.20 

2015-03-08
Cash: 37.01
Held: STRLx806@2.60 SUNWx607@3.24 PHMDx1056@1.89 FSTRx51@37.25 CDIx136@14.02 
Value: 9901.52
Sales: FSTRx51@37.25 PHMDx1056@1.89 SUNWx607@3.24 CDIx136@14.02 STRLx806@2.60 
Purchases: BORNx1706@1.16 YTENx2385@0.83 IFMIx1214@1.63 GEFx53@36.91 CRKx81@24.25 

2015-03-09
Cash: 43.60
Held: IFMIx1214@1.59 YTENx2385@0.77 GEFx53@36.12 CRKx81@22.50 BORNx1706@1.16 
Value: 9526.52
Sales: CRKx81@22.50 YTENx2385@0.77 IFMIx1214@1.59 GEFx53@36.12 BORNx1706@1.16 
Purchases: HURCx66@28.86 HKx1107@1.72 AQNx297@6.40 MDSYx857@2.22 ERIIx680@2.80 

2015-03-10
Cash: 10.05
Held: ERIIx680@2.66 HKx1107@1.60 MDSYx857@2.52 HURCx66@29.06 AQNx297@6.93 
Value: 9725.21
Sales: HURCx66@29.06 HKx1107@1.60 MDSYx857@2.52 AQNx297@6.93 ERIIx680@2.66 
Purchases: OPXAx2739@0.71 UBMx161@12.05 TITNx159@12.23 GBRx1296@1.50 AVEOx1323@1.47 

2015-03-11
Cash: 8.60
Held: OPXAx2739@0.68 AVEOx1323@1.47 TITNx159@12.28 UBMx161@14.77 GBRx1296@1.51 
Value: 10103.95
Sales: OPXAx2739@0.68 UBMx161@14.77 TITNx159@12.28 GBRx1296@1.51 AVEOx1323@1.47 
Purchases: BIOSx582@3.47 TEUMx4393@0.46 ROLx89@22.50 GOGLx497@4.06 PRTSx742@2.72 

2015-03-12
Cash: 25.01
Held: TEUMx4393@0.49 PRTSx742@2.74 GOGLx497@4.09 ROLx89@22.55 BIOSx582@3.82 
Value: 10473.54
Sales: PRTSx742@2.74 TEUMx4393@0.49 ROLx89@22.55 GOGLx497@4.09 BIOSx582@3.82 
Purchases: LAYNx389@5.38 ASTCx607@3.45 JOBx1957@1.07 BVXx844@2.48 SALMx329@6.35 

2015-03-15
Cash: 9.69
Held: ASTCx607@3.27 JOBx1957@1.08 SALMx329@6.22 LAYNx389@5.06 BVXx844@2.59 
Value: 10307.60
Sales: LAYNx389@5.06 JOBx1957@1.08 ASTCx607@3.27 SALMx329@6.22 BVXx844@2.59 
Purchases: EXELx780@2.64 GALEx1421@1.45 MDGLx884@2.33 MTLx1451@1.42 VRMLx1241@1.66 

2015-03-16
Cash: 6.83
Held: GALEx1421@1.40 MDGLx884@2.34 EXELx780@2.62 VRMLx1241@1.83 MTLx1451@1.14 
Value: 10032.90
Sales: EXELx780@2.62 GALEx1421@1.40 MDGLx884@2.34 MTLx1451@1.14 VRMLx1241@1.83 
Purchases: SIEBx1223@1.64 PRTSx850@2.36 CTICx10@200.00 PKOHx41@48.84 MXCx417@4.81 

2015-03-17
Cash: 14.36
Held: PKOHx41@50.12 CTICx10@194.00 PRTSx850@2.18 SIEBx1223@1.68 MXCx417@4.90 
Value: 9959.12
Sales: PRTSx850@2.18 MXCx417@4.90 CTICx10@194.00 PKOHx41@50.12 SIEBx1223@1.68 
Purchases: PFIEx1402@1.42 SCONx1453@1.37 MDSYx885@2.25 CURx64@31.06 SALMx353@5.64 

2015-03-18
Cash: 7.22
Held: PFIEx1402@1.37 SALMx353@6.06 MDSYx885@2.20 SCONx1453@1.48 CURx64@28.59 
Value: 9994.24
Sales: PFIEx1402@1.37 SCONx1453@1.48 MDSYx885@2.20 SALMx353@6.06 CURx64@28.59 
Purchases: WGx703@2.84 RDNTx258@7.73 EGYx600@3.33 WGBSx500@3.99 JNPx308@6.48 

2015-03-19
Cash: 14.22
Held: JNPx308@7.36 WGx703@3.10 WGBSx500@4.09 RDNTx258@7.65 EGYx600@3.29 
Value: 10451.59
Sales: WGx703@3.10 RDNTx258@7.65 EGYx600@3.29 JNPx308@7.36 WGBSx500@4.09 
Purchases: TBIOx1431@1.46 NVGNx517@4.04 AXNx1117@1.87 DGICBx97@21.50 SQMx116@17.91 

2015-03-22
Cash: 22.65
Held: DGICBx97@22.05 NVGNx517@3.80 AXNx1117@1.75 TBIOx1431@1.50 SQMx116@19.00 
Value: 10431.45
Sales: TBIOx1431@1.50 NVGNx517@3.80 AXNx1117@1.75 SQMx116@19.00 DGICBx97@22.05 
Purchases: AMRNx834@2.50 NLSTx1669@1.25 EWVx41@50.25 CAPRx226@9.22 CATOx54@38.31 

2015-03-23
Cash: 47.63
Held: AMRNx834@2.39 CAPRx226@9.63 CATOx54@38.22 NLSTx1669@1.29 EWVx41@51.00 
Value: 10526.32
Sales: AMRNx834@2.39 NLSTx1669@1.29 EWVx41@51.00 CAPRx226@9.63 CATOx54@38.22 
Purchases: MEIPx1026@2.05 YTENx3394@0.62 SITOx7518@0.28 HALOx149@14.09 FNCXx1394@1.51 

2015-03-24
Cash: 7.70
Held: MEIPx1026@1.99 HALOx149@14.00 YTENx3394@0.66 FNCXx1394@1.54 SITOx7518@0.29 
Value: 10703.58
Sales: MEIPx1026@1.99 YTENx3394@0.66 SITOx7518@0.29 HALOx149@14.00 FNCXx1394@1.54 
Purchases: TRXx5635@0.38 SONSx245@8.72 COYNx171@12.50 CPRXx503@4.25 JRJCx461@4.64 

2015-03-25
Cash: 12.26
Held: CPRXx503@3.99 TRXx5635@0.35 JRJCx461@4.80 SONSx245@8.32 COYNx171@12.75 
Value: 10424.04
Sales: COYNx171@12.75 TRXx5635@0.35 SONSx245@8.32 JRJCx461@4.80 CPRXx503@3.99 
Purchases: IIJIx245@8.49 CECOx415@5.02 LEUx420@4.96 RADAx811@2.57 VRMLx1204@1.73 

2015-03-26
Cash: 8.75
Held: RADAx811@2.46 CECOx415@5.04 IIJIx245@8.15 LEUx420@5.00 VRMLx1204@1.92 
Value: 10503.73
Sales: IIJIx245@8.15 VRMLx1204@1.92 CECOx415@5.04 RADAx811@2.46 LEUx420@5.00 
Purchases: MGAx40@52.38 SONCx65@32.00 COx379@5.54 SCMPx148@14.14 APOLx110@19.09 

2015-03-29
Cash: 36.30
Held: COx379@5.72 SCMPx148@14.66 SONCx65@32.44 APOLx110@19.28 MGAx40@52.12 
Value: 10687.21
Sales: MGAx40@52.12 APOLx110@19.28 SONCx65@32.44 COx379@5.72 SCMPx148@14.66 
Purchases: CHNRx1361@1.57 BBDx242@8.80 OHRPx755@2.83 WRLDx28@74.94 MBVXx1370@1.56 

2015-03-30
Cash: 49.60
Held: BBDx242@9.05 OHRPx755@2.83 WRLDx28@74.12 CHNRx1361@1.61 MBVXx1370@1.86 
Value: 11191.52
Sales: CHNRx1361@1.61 WRLDx28@74.12 BBDx242@9.05 OHRPx755@2.83 MBVXx1370@1.86 
Purchases: SKYx643@3.48 GILx75@29.55 ADMPx590@3.79 ASMx1695@1.32 DGSEx1473@1.52 

2015-03-31
Cash: 25.82
Held: DGSEx1473@1.53 GILx75@29.59 SKYx643@3.56 ASMx1695@1.38 ADMPx590@4.00 
Value: 11487.77
Sales: ADMPx590@4.00 GILx75@29.59 SKYx643@3.56 ASMx1695@1.38 DGSEx1473@1.53 
Purchases: WWEx163@14.02 BRNx961@2.39 SSNx1607@1.43 ARCWx436@5.26 CNETx574@4.00 

2015-04-01
Cash: 16.95
Held: SSNx1607@1.40 CNETx574@3.82 BRNx961@2.48 ARCWx436@5.00 WWEx163@13.75 
Value: 11265.21
Sales: CNETx574@3.82 BRNx961@2.48 SSNx1607@1.40 ARCWx436@5.00 WWEx163@13.75 
Purchases: IMNPx1294@1.74 TEUMx5930@0.38 TKCx197@11.38 ARCIx1126@2.00 BDRx2322@0.97 

2015-04-05
Cash: 13.39
Held: TEUMx5930@0.39 TKCx197@11.45 IMNPx1294@1.80 ARCIx1126@2.05 BDRx2322@0.96 
Value: 11448.88
Sales: IMNPx1294@1.80 TEUMx5930@0.39 TKCx197@11.45 BDRx2322@0.96 ARCIx1126@2.05 
Purchases: VTNRx817@2.80 CGNTx1363@1.68 SHLDx55@40.97 HHx4978@0.46 WLDNx172@13.29 

2015-04-06
Cash: 42.54
Held: VTNRx817@2.53 WLDNx172@14.21 HHx4978@0.49 SHLDx55@41.53 CGNTx1363@1.48 
Value: 11294.53
Sales: CGNTx1363@1.48 VTNRx817@2.53 SHLDx55@41.53 HHx4978@0.49 WLDNx172@14.21 
Purchases: CRMDx257@8.78 JOBx2788@0.81 RPRXx265@8.52 SUNWx516@4.37 CTSOx303@7.45 

2015-04-07
Cash: 7.99
Held: JOBx2788@0.85 RPRXx265@8.37 SUNWx516@4.21 CTSOx303@8.55 CRMDx257@9.20 
Value: 11723.12
Sales: CRMDx257@9.20 JOBx2788@0.85 RPRXx265@8.37 SUNWx516@4.21 CTSOx303@8.55 
Purchases: NYMXx1737@1.35 SKLNx884@2.65 IRCPx78@30.00 RILYx234@10.00 SIEBx1404@1.67 

2015-04-08
Cash: 11.33
Held: SKLNx884@3.00 NYMXx1737@1.38 SIEBx1404@1.62 RILYx234@9.95 IRCPx78@31.72 
Value: 12137.93
Sales: NYMXx1737@1.38 SIEBx1404@1.62 IRCPx78@31.72 SKLNx884@3.00 RILYx234@9.95 
Purchases: PRTKx83@29.20 FXPx87@27.77 YANGx410@5.91 ACURx614@3.95 SSNx1685@1.44 

2015-04-09
Cash: 23.35
Held: FXPx87@27.48 SSNx1685@1.60 ACURx614@4.30 PRTKx83@27.73 YANGx410@5.79 
Value: 12425.98
Sales: ACURx614@4.30 SSNx1685@1.60 FXPx87@27.48 YANGx410@5.79 PRTKx83@27.73 
Purchases: BRNx1031@2.41 GEOSx136@18.17 NWYx916@2.71 FPPx2588@0.96 HKx1380@1.80 

2015-04-12
Cash: 18.41
Held: BRNx1031@2.94 NWYx916@2.75 GEOSx136@18.56 HKx1380@1.71 FPPx2588@1.07 
Value: 13222.20
Sales: BRNx1031@2.94 GEOSx136@18.56 NWYx916@2.75 FPPx2588@1.07 HKx1380@1.71 
Purchases: TSRIx633@4.17 SOXSx236@11.18 CWSTx466@5.67 DYYx661@4.00 LAWSx112@23.58 

2015-04-13
Cash: 15.15
Held: TSRIx633@4.53 CWSTx466@5.88 DYYx661@4.00 LAWSx112@24.17 SOXSx236@11.36 
Value: 13655.06
Sales: TSRIx633@4.53 SOXSx236@11.36 CWSTx466@5.88 DYYx661@4.00 LAWSx112@24.17 
Purchases: NCTYx1525@1.79 PRKRx4076@0.67 JJUx162@16.83 SUNWx665@4.10 SITOx8273@0.33 

2015-04-14
Cash: 10.22
Held: JJUx162@17.44 PRKRx4076@0.70 SUNWx665@3.91 NCTYx1525@1.77 SITOx8273@0.31 
Value: 13553.00
Sales: NCTYx1525@1.77 PRKRx4076@0.70 JJUx162@17.44 SUNWx665@3.91 SITOx8273@0.31 
Purchases: WRNx6952@0.39 BRNx1042@2.60 ARWRx365@7.41 QBAKx1992@1.36 COREx92@29.16 

2015-04-15
Cash: 36.77
Held: COREx92@28.48 BRNx1042@2.52 QBAKx1992@1.36 WRNx6952@0.40 ARWRx365@7.15 
Value: 13381.80
Sales: WRNx6952@0.40 COREx92@28.48 ARWRx365@7.15 QBAKx1992@1.36 BRNx1042@2.52 
Purchases: OPXAx6225@0.43 CALIx1983@1.35 VIVEx6692@0.40 MSBx188@14.19 BDRx3264@0.82 

2015-04-16
Cash: 9.90
Held: OPXAx6225@0.44 CALIx1983@1.26 VIVEx6692@0.40 MSBx188@15.49 BDRx3264@0.81 
Value: 13479.36
Sales: OPXAx6225@0.44 CALIx1983@1.26 VIVEx6692@0.40 MSBx188@15.49 BDRx3264@0.81 
Purchases: NCTYx1750@1.54 DTOx37@71.69 SSKNx1623@1.66 DXTRx5736@0.47 PTXx323@8.33 

2015-04-19
Cash: 51.68
Held: SSKNx1623@1.57 PTXx323@8.43 NCTYx1750@1.50 DTOx37@74.00 DXTRx5736@0.45 
Value: 13267.01
Sales: NCTYx1750@1.50 DTOx37@74.00 SSKNx1623@1.57 DXTRx5736@0.45 PTXx323@8.43 
Purchases: HSCx170@15.59 LFCx36@71.75 MTWx131@20.20 GLFx167@15.86 KONEx524@5.06 

2015-04-20
Cash: 87.24
Held: HSCx170@16.03 KONEx524@5.25 LFCx36@75.06 GLFx167@15.37 MTWx131@20.06 
Value: 13460.31
Sales: HSCx170@16.03 GLFx167@15.37 KONEx524@5.25 LFCx36@75.06 MTWx131@20.06 
Purchases: FAROx57@46.44 GNMKx250@10.74 SHIPx3957@0.68 NVDQx194@13.83 MNOVx666@4.04 

2015-04-21
Cash: 63.70
Held: FAROx57@45.62 SHIPx3957@0.77 GNMKx250@10.71 MNOVx666@4.04 NVDQx194@12.76 
Value: 13554.06
Sales: FAROx57@45.62 GNMKx250@10.71 SHIPx3957@0.77 MNOVx666@4.04 NVDQx194@12.76 
Purchases: NKTRx251@10.80 UNXLx467@5.80 FTKx175@15.47 SANMx132@20.44 HOGx48@55.75 

2015-04-22
Cash: 54.30
Held: SANMx132@20.92 HOGx48@56.47 NKTRx251@10.85 UNXLx467@5.79 FTKx175@15.11 
Value: 13597.86
Sales: HOGx48@56.47 FTKx175@15.11 SANMx132@20.92 UNXLx467@5.79 NKTRx251@10.85 
Purchases: BCLIx639@4.25 NBYx4119@0.66 NRPx486@5.59 SKLNx442@6.14 GLBSx1875@1.45 

2015-04-23
Cash: 12.99
Held: NBYx4119@0.65 SKLNx442@6.06 NRPx486@5.95 GLBSx1875@1.45 BCLIx639@4.15 
Value: 13629.13
Sales: BCLIx639@4.15 GLBSx1875@1.45 NBYx4119@0.65 NRPx486@5.95 SKLNx442@6.06 
Purchases: CDTIx291@9.35 HMNYx984@2.77 VIRCx956@2.85 PWx443@6.15 BIOLx1273@2.14 

2015-04-26
Cash: 9.60
Held: VIRCx956@2.76 HMNYx984@3.17 CDTIx291@9.55 PWx443@6.25 BIOLx1273@2.20 
Value: 14113.64
Sales: BIOLx1273@2.20 CDTIx291@9.55 HMNYx984@3.17 VIRCx956@2.76 PWx443@6.25 
Purchases: SNAKx322@8.75 AMSCx410@6.88 CIDMx2822@1.00 CEAx71@39.34 DDDx105@26.83 

2015-04-27
Cash: 43.43
Held: SNAKx322@9.21 AMSCx410@6.98 CIDMx2822@0.88 DDDx105@25.00 CEAx71@38.00 
Value: 13677.37
Sales: SNAKx322@9.21 AMSCx410@6.98 CIDMx2822@0.88 CEAx71@38.00 DDDx105@25.00 
Purchases: AKRXx63@43.22 COOLx356@7.68 DRRXx1327@2.06 TRNx97@28.12 CPRXx790@3.46 

2015-04-28
Cash: 24.01
Held: CPRXx790@3.55 DRRXx1327@2.00 COOLx356@7.74 TRNx97@28.11 AKRXx63@44.28 
Value: 13754.28
Sales: AKRXx63@44.28 COOLx356@7.74 DRRXx1327@2.00 TRNx97@28.11 CPRXx790@3.55 
Purchases: NTNx7055@0.39 MDCAx138@19.80 CLDXx112@24.48 HMNYx1034@2.66 CBMGx114@24.09 

2015-04-29
Cash: 32.08
Held: CLDXx112@24.30 HMNYx1034@2.55 NTNx7055@0.38 MDCAx138@21.86 CBMGx114@25.80 
Value: 14028.35
Sales: MDCAx138@21.86 CBMGx114@25.80 CLDXx112@24.30 HMNYx1034@2.55 NTNx7055@0.38 
Purchases: SSYSx70@39.75 SYMXx1882@1.49 GLBSx1753@1.60 LLx106@26.45 SVUx313@8.95 

2015-04-30
Cash: 30.76
Held: SYMXx1882@1.50 SVUx313@8.80 GLBSx1753@1.52 SSYSx70@37.88 LLx106@28.06 
Value: 13896.79
Sales: SVUx313@8.80 SYMXx1882@1.50 GLBSx1753@1.52 SSYSx70@37.88 LLx106@28.06 
Purchases: SMSIx2206@1.26 STMx349@7.95 GBRx1561@1.78 BWENx692@4.01 HURNx45@60.50 

2015-05-03
Cash: 65.85
Held: HURNx45@60.56 STMx349@7.89 SMSIx2206@1.24 BWENx692@4.07 GBRx1561@1.78 
Value: 13876.61
Sales: SMSIx2206@1.24 STMx349@7.89 GBRx1561@1.78 BWENx692@4.07 HURNx45@60.56 
Purchases: ARAYx417@6.64 AEx59@46.28 PTNx3189@0.87 TREEx50@55.34 NOKx419@6.62 

2015-05-04
Cash: 60.65
Held: PTNx3189@0.92 AEx59@47.00 ARAYx417@7.13 NOKx419@6.42 TREEx50@56.00 
Value: 14230.80
Sales: PTNx3189@0.92 ARAYx417@7.13 AEx59@47.00 TREEx50@56.00 NOKx419@6.42 
Purchases: GTLSx78@36.34 GYROx794@3.58 GIIIx50@56.25 KGJIx2846@1.00 ABAXx51@55.03 

2015-05-05
Cash: 88.31
Held: ABAXx51@53.38 GIIIx50@56.19 GTLSx78@35.56 KGJIx2846@1.05 GYROx794@3.32 
Value: 14017.76
Sales: GTLSx78@35.56 ABAXx51@53.38 GYROx794@3.32 GIIIx50@56.19 KGJIx2846@1.05 
Purchases: SHENx85@32.97 DAIOx879@3.19 CEVAx149@18.73 RAILx111@25.17 OBCIx785@3.57 

2015-05-06
Cash: 23.69
Held: CEVAx149@19.05 DAIOx879@3.20 OBCIx785@3.45 SHENx85@32.03 RAILx111@24.05 
Value: 13773.29
Sales: SHENx85@32.03 DAIOx879@3.20 CEVAx149@19.05 RAILx111@24.05 OBCIx785@3.45 
Purchases: CLBSx1172@2.35 KONAx131@21.02 GIGAx1574@1.75 AVPx390@7.05 MAVx200@13.71 

2015-05-07
Cash: 20.00
Held: KONAx131@20.92 AVPx390@7.16 GIGAx1574@1.83 CLBSx1172@2.38 MAVx200@13.89 
Value: 14002.27
Sales: CLBSx1172@2.38 KONAx131@20.92 AVPx390@7.16 GIGAx1574@1.83 MAVx200@13.89 
Purchases: FNCXx1212@2.31 GFIx761@3.68 CEQPx5@555.00 OHGIx1999@1.40 SUMRx1255@2.23 

2015-05-10
Cash: 28.02
Held: CEQPx5@520.00 FNCXx1212@3.08 OHGIx1999@1.30 SUMRx1255@2.58 GFIx761@3.56 
Value: 14906.96
Sales: FNCXx1212@3.08 GFIx761@3.56 CEQPx5@520.00 OHGIx1999@1.30 SUMRx1255@2.58 
Purchases: BIOSx821@3.63 PROx163@18.19 SJIx114@26.00 FFHLx3773@0.79 NETEx3388@0.88 

2015-05-11
Cash: 35.60
Held: PROx163@17.86 FFHLx3773@0.74 SJIx114@26.03 NETEx3388@0.89 BIOSx821@3.94 
Value: 14957.22
Sales: BIOSx821@3.94 PROx163@17.86 SJIx114@26.03 FFHLx3773@0.74 NETEx3388@0.89 
Purchases: PRKRx7672@0.39 CBLIx1467@2.04 ENOCx297@10.04 FFHLx4041@0.74 MTRXx163@18.27 

2015-05-12
Cash: 24.47
Held: CBLIx1467@1.92 MTRXx163@18.59 ENOCx297@10.46 PRKRx7672@0.37 FFHLx4041@0.81 
Value: 15091.67
Sales: PRKRx7672@0.37 CBLIx1467@1.92 ENOCx297@10.46 FFHLx4041@0.81 MTRXx163@18.59 
Purchases: RDNTx415@7.26 NMRXx327@9.21 CHCIx784@3.85 CASCx349@8.64 STRLx931@3.24 

2015-05-13
Cash: 15.75
Held: STRLx931@3.32 CASCx349@10.50 RDNTx415@7.01 CHCIx784@3.85 NMRXx327@9.15 
Value: 15690.95
Sales: RDNTx415@7.01 NMRXx327@9.15 CHCIx784@3.85 CASCx349@10.50 STRLx931@3.32 
Purchases: KOSSx1166@2.69 CADCx784@4.00 OREXx621@5.05 SRTx485@6.46 WPCSx1175@2.67 

2015-05-14
Cash: 11.80
Held: WPCSx1175@2.62 SRTx485@6.65 OREXx621@4.98 CADCx784@3.94 KOSSx1166@2.89 
Value: 15865.66
Sales: KOSSx1166@2.89 CADCx784@3.94 WPCSx1175@2.62 OREXx621@4.98 SRTx485@6.65 
Purchases: VUZIx578@5.49 DCOx129@24.42 INVEx436@7.27 SYMXx2459@1.29 CAMTx1083@2.93 

2015-05-17
Cash: 28.43
Held: CAMTx1083@2.96 DCOx129@25.02 INVEx436@7.44 SYMXx2459@1.28 VUZIx578@5.62 
Value: 16103.78
Sales: VUZIx578@5.62 DCOx129@25.02 INVEx436@7.44 SYMXx2459@1.28 CAMTx1083@2.96 
Purchases: HHx9199@0.35 WRLDx37@85.25 GIGAx1602@2.01 MMYTx179@17.94 PTIEx1477@2.18 

2015-05-18
Cash: 79.13
Held: MMYTx179@18.50 HHx9199@0.36 PTIEx1477@2.05 GIGAx1602@2.60 WRLDx37@84.81 
Value: 17034.90
Sales: HHx9199@0.36 WRLDx37@84.81 GIGAx1602@2.60 MMYTx179@18.50 PTIEx1477@2.05 
Purchases: HGGx767@4.44 NETEx4542@0.75 SANWx705@4.83 AHPIx1155@2.95 SOFOx507@6.71 

2015-05-19
Cash: 9.22
Held: SANWx705@4.71 AHPIx1155@2.98 SOFOx507@6.88 HGGx767@4.16 NETEx4542@0.74 
Value: 16813.46
Sales: SANWx705@4.71 HGGx767@4.16 NETEx4542@0.74 AHPIx1155@2.98 SOFOx507@6.88 
Purchases: UAMYx3233@1.04 WSFSx132@25.36 INVTx11593@0.29 URBNx97@34.62 GLOWx4483@0.75 

2015-05-20
Cash: 20.28
Held: GLOWx4483@0.81 INVTx11593@0.31 UAMYx3233@1.07 URBNx97@34.00 WSFSx132@25.47 
Value: 17366.48
Sales: UAMYx3233@1.07 INVTx11593@0.31 URBNx97@34.00 WSFSx132@25.47 GLOWx4483@0.81 
Purchases: TECLx88@39.41 FASx104@33.12 MIDUx120@28.92 SOXLx94@36.56 RETLx110@31.52 

2015-05-21
Cash: 79.51
Held: SOXLx94@37.31 RETLx110@31.48 FASx104@32.88 MIDUx120@28.88 TECLx88@39.62 
Value: 17421.16
Sales: TECLx88@39.62 FASx104@32.88 MIDUx120@28.88 SOXLx94@37.31 RETLx110@31.48 
Purchases: IBMFx127@27.41 FANHx415@8.39 GBRx1914@1.82 UALx64@54.41 FFAx228@15.26 

2015-05-25
Cash: 13.60
Held: IBMFx127@27.42 UALx64@54.09 FFAx228@15.25 GBRx1914@2.09 FANHx415@8.50 
Value: 17962.64
Sales: IBMFx127@27.42 FANHx415@8.50 GBRx1914@2.09 UALx64@54.09 FFAx228@15.25 
Purchases: FNCXx1478@2.43 QUMUx448@8.01 DGSEx7185@0.50 CNITx921@3.90 PRANx2681@1.34 

2015-05-26
Cash: 7.18
Held: DGSEx7185@0.52 FNCXx1478@2.42 QUMUx448@8.20 PRANx2681@1.29 CNITx921@4.00 
Value: 18137.76
Sales: FNCXx1478@2.42 PRANx2681@1.29 QUMUx448@8.20 CNITx921@4.00 DGSEx7185@0.52 
Purchases: CJJDx1109@3.27 REN           x490@7.40 RENx2450@1.48 OHGIx2370@1.53 IBIOx3985@0.91 

2015-05-27
Cash: 5.75
Held: CJJDx1109@3.35 OHGIx2370@2.51 REN           x490@6.90 RENx2450@1.38 IBIOx3985@0.97 
Value: 20295.86
Sales: CJJDx1109@3.35 REN           x490@6.90 RENx2450@1.38 OHGIx2370@2.51 IBIOx3985@0.97 
Purchases: MDSYx1870@2.17 FOSLx57@70.44 CIDMx4720@0.86 LFCx165@24.52 AEZSx144@28.09 

2015-05-28
Cash: 74.04
Held: CIDMx4720@0.88 LFCx165@24.19 MDSYx1870@2.25 FOSLx57@71.94 AEZSx144@29.83 
Value: 20821.21
Sales: MDSYx1870@2.25 FOSLx57@71.94 CIDMx4720@0.88 LFCx165@24.19 AEZSx144@29.83 
Purchases: SOXSx113@36.75 YINNx75@55.19 IMHx238@17.48 MARPSx364@11.42 DGSEx10680@0.39 

2015-05-31
Cash: 46.50
Held: DGSEx10680@0.48 IMHx238@17.50 MARPSx364@11.35 YINNx75@55.31 SOXSx113@36.41 
Value: 21732.00
Sales: IMHx238@17.50 YINNx75@55.31 SOXSx113@36.41 MARPSx364@11.35 DGSEx10680@0.48 
Purchases: WMLPx422@10.29 CBMGx118@36.53 XCRAx559@7.77 EBRx2131@2.04 WILCx912@4.76 

2015-06-01
Cash: 48.23
Held: XCRAx559@7.65 EBRx2131@2.16 WILCx912@5.08 CBMGx118@37.25 WMLPx422@9.95 
Value: 22153.97
Sales: WMLPx422@9.95 CBMGx118@37.25 XCRAx559@7.65 EBRx2131@2.16 WILCx912@5.08 
Purchases: OPXAx9042@0.49 PATKx111@39.62 ZEUSx253@17.48 TBIOx1861@2.38 CREGx5539@0.80 

2015-06-02
Cash: 40.66
Held: OPXAx9042@0.57 CREGx5539@0.85 ZEUSx253@18.91 PATKx111@39.56 TBIOx1861@2.23 
Value: 23227.32
Sales: OPXAx9042@0.57 PATKx111@39.56 ZEUSx253@18.91 TBIOx1861@2.23 CREGx5539@0.85 
Purchases: CIGIx110@42.12 HQCLx2639@1.76 PBIBx4508@1.03 VIVEx5596@0.83 WKHSx16016@0.29 

2015-06-03
Cash: 14.70
Held: PBIBx4508@1.08 HQCLx2639@1.51 CIGIx110@42.50 VIVEx5596@0.85 WKHSx16016@0.29 
Value: 22945.37
Sales: HQCLx2639@1.51 CIGIx110@42.50 PBIBx4508@1.08 VIVEx5596@0.85 WKHSx16016@0.29 
Purchases: UAMYx6951@0.66 EMITFx3039@1.51 TBIOx2095@2.19 FGPx206@22.23 EVIx1176@3.90 

2015-06-04
Cash: 14.40
Held: EVIx1176@4.03 UAMYx6951@0.65 EMITFx3039@1.48 FGPx206@21.97 TBIOx2095@2.12 
Value: 22736.93
Sales: UAMYx6951@0.65 EVIx1176@4.03 TBIOx2095@2.12 EMITFx3039@1.48 FGPx206@21.97 
Purchases: MYOSx1154@3.94 FSIx1833@2.48 COYNx469@9.68 HBPx1430@3.18 BIOLx3247@1.40 

2015-06-07
Cash: 10.31
Held: FSIx1833@2.62 HBPx1430@3.13 MYOSx1154@3.95 BIOLx3247@1.62 COYNx469@9.25 
Value: 23444.49
Sales: MYOSx1154@3.95 FSIx1833@2.62 COYNx469@9.25 HBPx1430@3.13 BIOLx3247@1.62 
Purchases: QUMUx541@8.66 ZUMZx196@23.86 ESLx50@93.62 EXPOx108@43.22 FPPx2520@1.86 

2015-06-08
Cash: 48.06
Held: EXPOx108@43.00 ESLx50@92.44 ZUMZx196@23.95 QUMUx541@8.55 FPPx2520@1.93 
Value: 23495.42
Sales: QUMUx541@8.55 ZUMZx196@23.95 ESLx50@92.44 EXPOx108@43.00 FPPx2520@1.93 
Purchases: BLINx2847@1.65 NAKx12052@0.39 OCCx1226@3.83 BDRx6102@0.77 DGSEx12369@0.38 

2015-06-09
Cash: 4.67
Held: DGSEx12369@0.32 NAKx12052@0.38 BLINx2847@1.66 OCCx1226@3.94 BDRx6102@0.79 
Value: 22918.99
Sales: NAKx12052@0.38 OCCx1226@3.94 BLINx2847@1.66 BDRx6102@0.79 DGSEx12369@0.32 
Purchases: JBLUx245@18.66 AVEOx2121@2.16 MGCDx873@5.25 CAPRx858@5.34 GSHx151@30.19 

2015-06-10
Cash: 43.37
Held: CAPRx858@5.52 JBLUx245@19.19 AVEOx2121@2.22 GSHx151@30.39 MGCDx873@5.40 
Value: 23492.00
Sales: JBLUx245@19.19 MGCDx873@5.40 AVEOx2121@2.22 CAPRx858@5.52 GSHx151@30.39 
Purchases: HOTRx1690@2.78 AETIx1030@4.56 SNOAx3012@1.56 BTXx1183@3.97 DGSEx16199@0.29 

2015-06-11
Cash: 6.53
Held: DGSEx16199@0.31 BTXx1183@3.95 SNOAx3012@1.85 HOTRx1690@2.90 AETIx1030@4.56 
Value: 24869.13
Sales: HOTRx1690@2.90 AETIx1030@4.56 SNOAx3012@1.85 BTXx1183@3.95 DGSEx16199@0.31 
Purchases: YTENx1502@3.31 TRXx18420@0.27 NETEx9046@0.55 VISIx554@8.98 SHLDx171@29.00 

2015-06-14
Cash: 17.38
Held: YTENx1502@3.17 SHLDx171@28.09 TRXx18420@0.30 VISIx554@9.17 NETEx9046@0.57 
Value: 25345.38
Sales: NETEx9046@0.57 TRXx18420@0.30 YTENx1502@3.17 VISIx554@9.17 SHLDx171@28.09 
Purchases: ROSTx105@48.22 IMMUx1203@4.21 YTENx1599@3.17 HNRx3053@1.66 AXNx2262@2.24 

2015-06-15
Cash: 12.08
Held: HNRx3053@1.77 YTENx1599@3.25 IMMUx1203@4.07 AXNx2262@2.17 ROSTx105@48.53 
Value: 25511.94
Sales: ROSTx105@48.53 AXNx2262@2.17 YTENx1599@3.25 HNRx3053@1.77 IMMUx1203@4.07 
Purchases: RGSEx1651@3.09 RCONx2915@1.75 SNOAx3229@1.58 PPGx44@115.25 CAPRx1006@5.07 

2015-06-16
Cash: 35.55
Held: RCONx2915@1.76 RGSEx1651@2.87 CAPRx1006@5.70 SNOAx3229@1.56 PPGx44@116.25 
Value: 25786.49
Sales: RGSEx1651@2.87 RCONx2915@1.76 SNOAx3229@1.56 PPGx44@116.25 CAPRx1006@5.70 
Purchases: CPSTx537@9.60 AMCNx908@5.68 PYDSx20629@0.25 IDXXx77@66.31 OHGIx1179@4.37 

2015-06-17
Cash: 56.46
Held: AMCNx908@4.60 IDXXx77@66.50 OHGIx1179@4.26 PYDSx20629@0.27 CPSTx537@9.80 
Value: 25210.90
Sales: CPSTx537@9.80 AMCNx908@4.60 PYDSx20629@0.27 IDXXx77@66.50 OHGIx1179@4.26 
Purchases: OPXAx9696@0.52 OGENx2965@1.70 AXNx2612@1.93 LAKEx428@11.76 HGSHx1691@2.98 

2015-06-18
Cash: 15.05
Held: OPXAx9696@0.52 LAKEx428@11.49 AXNx2612@1.79 OGENx2965@1.56 HGSHx1691@2.81 
Value: 24028.16
Sales: OPXAx9696@0.52 OGENx2965@1.56 AXNx2612@1.79 LAKEx428@11.49 HGSHx1691@2.81 
Purchases: NCTYx3041@1.58 CRMDx995@4.83 LINCx2332@2.06 CAPRx924@5.20 SPCBx387@12.39 

2015-06-21
Cash: 14.71
Held: CAPRx924@5.00 LINCx2332@2.10 CRMDx995@4.71 NCTYx3041@1.57 SPCBx387@12.60 
Value: 23870.51
Sales: NCTYx3041@1.57 CRMDx995@4.71 LINCx2332@2.10 SPCBx387@12.60 CAPRx924@5.00 
Purchases: AVHIx327@14.56 UNBx186@25.62 TVTYx381@12.50 ISSCx1635@2.92 UECx2316@2.06 

2015-06-22
Cash: 33.52
Held: AVHIx327@14.98 TVTYx381@12.42 UECx2316@2.03 ISSCx1635@3.25 UNBx186@26.50 
Value: 24606.19
Sales: AVHIx327@14.98 UNBx186@26.50 TVTYx381@12.42 ISSCx1635@3.25 UECx2316@2.03 
Purchases: NGDx1674@2.94 PBIBx2604@1.89 ATLCx1640@3.00 PHXx246@20.00 DGSEx12622@0.39 

2015-06-23
Cash: 3.68
Held: DGSEx12622@0.35 PBIBx2604@1.71 NGDx1674@2.92 PHXx246@20.84 ATLCx1640@3.03 
Value: 23858.91
Sales: NGDx1674@2.92 PBIBx2604@1.71 ATLCx1640@3.03 PHXx246@20.84 DGSEx12622@0.35 
Purchases: ATAIx908@5.25 BWXTx205@23.19 KONEx985@4.84 RTNBx4680@1.02 HUMx25@189.00 

2015-06-24
Cash: 74.82
Held: BWXTx205@33.31 ATAIx908@5.15 KONEx985@4.84 HUMx25@184.88 RTNBx4680@1.19 
Value: 26539.00
Sales: BWXTx205@33.31 HUMx25@184.88 KONEx985@4.84 RTNBx4680@1.19 ATAIx908@5.15 
Purchases: AFAMx136@38.97 COYNx558@9.50 WPCSx2551@2.08 EPCx51@102.56 PHMDx3216@1.65 

2015-06-25
Cash: 93.62
Held: WPCSx2551@1.98 EPCx51@135.75 PHMDx3216@1.66 AFAMx136@39.19 COYNx558@9.38 
Value: 27973.22
Sales: AFAMx136@39.19 COYNx558@9.38 WPCSx2551@1.98 EPCx51@135.75 PHMDx3216@1.66 
Purchases: USAKx254@21.95 WRLDx88@63.56 MEIx178@31.27 FPPx4369@1.28 CRISx1883@2.97 

2015-06-28
Cash: 51.00
Held: CRISx1883@3.17 WRLDx88@60.72 MEIx178@30.05 USAKx254@21.47 FPPx4369@1.24 
Value: 27583.20
Sales: USAKx254@21.47 WRLDx88@60.72 MEIx178@30.05 FPPx4369@1.24 CRISx1883@3.17 
Purchases: MUx285@19.34 DJCOx28@196.00 BIOPx11993@0.46 OGENx4276@1.29 VBFCx297@18.55 

2015-06-29
Cash: 41.29
Held: VBFCx297@18.89 DJCOx28@196.50 MUx285@18.89 OGENx4276@1.32 BIOPx11993@0.45 
Value: 27579.55
Sales: DJCOx28@196.50 MUx285@18.89 BIOPx11993@0.45 OGENx4276@1.32 VBFCx297@18.89 
Purchases: MBOTx10820@0.51 PRKRx14903@0.37 VISNx463@11.90 GSTx1838@3.00 AGOx235@23.42 

2015-06-30
Cash: 20.92
Held: AGOx235@24.34 MBOTx10820@0.54 PRKRx14903@0.41 VISNx463@12.37 GSTx1838@3.12 
Value: 29152.83
Sales: AGOx235@24.34 MBOTx10820@0.54 VISNx463@12.37 GSTx1838@3.12 PRKRx14903@0.41 
Purchases: APOLx451@12.91 CRMDx1514@3.85 EPCx59@97.50 WYYx3491@1.67 CIDMx8572@0.68 

2015-07-01
Cash: 91.14
Held: WYYx3491@1.69 CIDMx8572@0.69 EPCx59@100.06 APOLx451@12.39 CRMDx1514@3.79 
Value: 29135.11
Sales: APOLx451@12.39 CRMDx1514@3.79 CIDMx8572@0.69 WYYx3491@1.69 EPCx59@100.06 
Purchases: ETRMx9@610.50 RENXx374@15.57 TRSx233@24.91 FBPx1201@4.85 WKHSx30677@0.19 

2015-07-05
Cash: 360.59
Held: TRSx233@24.58 FBPx1201@4.68 RENXx374@15.22 ETRMx9@546.00 WKHSx30677@0.21 
Value: 28754.39
Sales: ETRMx9@546.00 RENXx374@15.22 TRSx233@24.58 FBPx1201@4.68 WKHSx30677@0.21 
Purchases: NIx339@16.95 FCx323@17.75 DMRCx146@39.38 SIEBx3595@1.60 PESx1091@5.27 

2015-07-06
Cash: 25.62
Held: PESx1091@5.01 NIx339@16.95 SIEBx3595@1.48 DMRCx146@39.94 FCx323@17.84 
Value: 28157.21
Sales: NIx339@16.95 FCx323@17.84 DMRCx146@39.94 SIEBx3595@1.48 PESx1091@5.01 
Purchases: MPETx16085@0.35 ALLTx967@5.82 KELYBx374@15.02 XCOx6869@0.82 PHMDx5121@1.10 

2015-07-07
Cash: 16.41
Held: ALLTx967@5.59 KELYBx374@15.02 MPETx16085@0.34 PHMDx5121@1.11 XCOx6869@0.94 
Value: 28653.43
Sales: MPETx16085@0.34 ALLTx967@5.59 KELYBx374@15.02 XCOx6869@0.94 PHMDx5121@1.11 
Purchases: ATVx955@6.00 ETRMx13@430.50 HNRx4981@1.15 SILCx210@27.20 CHIMx424@13.50 

2015-07-08
Cash: 160.18
Held: HNRx4981@1.30 ATVx955@6.13 CHIMx424@14.51 SILCx210@26.34 ETRMx13@420.00 
Value: 29631.11
Sales: ATVx955@6.13 ETRMx13@420.00 HNRx4981@1.30 SILCx210@26.34 CHIMx424@14.51 
Purchases: PRFTx375@15.79 CNITx2439@2.43 JAKKx685@8.65 IOx5200@1.14 DGSEx14112@0.42 

2015-07-09
Cash: 7.92
Held: DGSEx14112@0.47 JAKKx685@9.10 IOx5200@1.09 PRFTx375@15.36 CNITx2439@3.00 
Value: 31618.67
Sales: PRFTx375@15.36 CNITx2439@3.00 JAKKx685@9.10 IOx5200@1.09 DGSEx14112@0.47 
Purchases: HFBLx310@20.34 FNCXx3764@1.68 AXNx4981@1.27 OHGIx2385@2.65 ANTHx828@7.63 

2015-07-12
Cash: 28.31
Held: ANTHx828@8.46 HFBLx310@20.34 FNCXx3764@1.82 OHGIx2385@2.68 AXNx4981@1.42 
Value: 33655.87
Sales: HFBLx310@20.34 FNCXx3764@1.82 AXNx4981@1.42 ANTHx828@8.46 OHGIx2385@2.68 
Purchases: YANGx89@75.19 SCLNx748@8.99 CHCIx1848@3.64 TGDx14959@0.45 TPIVx8109@0.83 

2015-07-13
Cash: 48.23
Held: SCLNx748@9.20 TGDx14959@0.47 TPIVx8109@0.77 CHCIx1848@3.50 YANGx89@79.31 
Value: 33733.36
Sales: YANGx89@79.31 SCLNx748@9.20 TPIVx8109@0.77 TGDx14959@0.47 CHCIx1848@3.50 
Purchases: USAKx311@21.66 XCOx8435@0.80 NTZx3213@2.10 KONEx1374@4.91 VBFCx328@20.55 

2015-07-14
Cash: 19.94
Held: VBFCx328@20.75 KONEx1374@4.80 NTZx3213@2.22 USAKx311@21.84 XCOx8435@0.89 
Value: 34859.04
Sales: USAKx311@21.84 XCOx8435@0.89 NTZx3213@2.22 VBFCx328@20.75 KONEx1374@4.80 
Purchases: PEDx17433@0.40 KRx183@38.09 SAJAx1263@5.52 KONEx1452@4.80 ITUBx696@10.01 

2015-07-15
Cash: 9.05
Held: ITUBx696@9.99 PEDx17433@0.43 KONEx1452@5.09 SAJAx1263@5.73 KRx183@38.34 
Value: 36103.55
Sales: PEDx17433@0.43 KRx183@38.34 SAJAx1263@5.73 KONEx1452@5.09 ITUBx696@9.99 
Purchases: FSIx5270@1.37 CRFx349@20.69 LWAYx466@15.47 AXNx4877@1.48 RGSEx4912@1.47 

2015-07-16
Cash: 15.11
Held: RGSEx4912@1.55 FSIx5270@1.19 AXNx4877@1.52 CRFx349@18.50 LWAYx466@15.22 
Value: 34860.51
Sales: RGSEx4912@1.55 CRFx349@18.50 AXNx4877@1.52 LWAYx466@15.22 FSIx5270@1.19 
Purchases: TIVOx497@14.02 CVCYx645@10.80 SPEXx26814@0.26 CEIx3789@1.84 DCTHx12235@0.57 

2015-07-19
Cash: 12.01
Held: SPEXx26814@0.25 DCTHx12235@0.61 TIVOx497@13.27 CVCYx645@11.10 CEIx3789@1.91 
Value: 35172.17
Sales: TIVOx497@13.27 CVCYx645@11.10 CEIx3789@1.91 SPEXx26814@0.25 DCTHx12235@0.61 
Purchases: OPTTx13527@0.52 DFFNx4786@1.47 TZOOx740@9.50 KEMx3908@1.80 SPEXx28137@0.25 

2015-07-20
Cash: 5.87
Held: SPEXx28137@0.22 DFFNx4786@1.44 KEMx3908@1.79 TZOOx740@9.22 OPTTx13527@0.55 
Value: 34343.64
Sales: OPTTx13527@0.55 DFFNx4786@1.44 TZOOx740@9.22 KEMx3908@1.79 SPEXx28137@0.22 
Purchases: TRXx20196@0.34 INVTx27474@0.25 AUx999@6.87 MUXx9537@0.72 CDEx1643@4.18 

2015-07-21
Cash: 6.59
Held: MUXx9537@0.70 INVTx27474@0.27 TRXx20196@0.33 AUx999@6.67 CDEx1643@4.20 
Value: 34333.64
Sales: TRXx20196@0.33 INVTx27474@0.27 AUx999@6.67 MUXx9537@0.70 CDEx1643@4.20 
Purchases: CRKx853@8.05 HMSYx591@11.61 TPIVx12489@0.55 TGDx20803@0.33 MXCx2328@2.95 

2015-07-22
Cash: 9.61
Held: HMSYx591@11.56 TGDx20803@0.32 TPIVx12489@0.48 MXCx2328@3.10 CRKx853@8.75 
Value: 34175.55
Sales: CRKx853@8.75 HMSYx591@11.56 TPIVx12489@0.48 TGDx20803@0.32 MXCx2328@3.10 
Purchases: AXON          x360@18.94 AQNx947@7.21 DYYx1789@3.82 ESEAx1260@5.42 ATIx329@20.75 

2015-07-23
Cash: 36.44
Held: AXON          x360@15.61 ATIx329@22.05 ESEAx1260@6.89 DYYx1789@3.90 AQNx947@7.20 
Value: 35386.88
Sales: AXON          x360@15.61 AQNx947@7.20 DYYx1789@3.90 ESEAx1260@6.89 ATIx329@22.05 
Purchases: AUMNx28309@0.25 SHIPx7077@1.00 REXXx2680@2.64 LODEx18152@0.39 MVOx1128@6.27 

2015-07-26
Cash: 6.39
Held: SHIPx7077@1.02 AUMNx28309@0.27 REXXx2680@2.26 MVOx1128@6.07 LODEx18152@0.40 
Value: 35028.11
Sales: MVOx1128@6.07 SHIPx7077@1.02 REXXx2680@2.26 LODEx18152@0.40 AUMNx28309@0.27 
Purchases: SPNCx461@15.19 CYRXx2883@2.43 AXON          x465@15.05 QSIIx539@12.98 BIIBx22@305.50 

2015-07-27
Cash: 309.72
Held: BIIBx22@312.50 AXON          x465@15.42 CYRXx2883@2.65 SPNCx461@15.71 QSIIx539@12.57 
Value: 36015.11
Sales: SPNCx461@15.71 BIIBx22@312.50 CYRXx2883@2.65 AXON          x465@15.42 QSIIx539@12.57 
Purchases: BBGx1185@6.08 NHTCx293@24.56 UISx441@16.31 KERXx922@7.81 ETEx247@29.11 

2015-07-28
Cash: 32.37
Held: BBGx1185@6.28 ETEx247@30.42 UISx441@16.05 NHTCx293@29.61 KERXx922@8.30 
Value: 38391.79
Sales: BBGx1185@6.28 NHTCx293@29.61 UISx441@16.05 KERXx922@8.30 ETEx247@30.42 
Purchases: CRKx1104@6.95 BIDUx45@169.25 AEPIx154@49.75 MNOVx2109@3.64 CEIx3979@1.93 

2015-07-29
Cash: 85.80
Held: BIDUx45@172.50 AEPIx154@47.88 MNOVx2109@3.72 CEIx3979@1.86 CRKx1104@7.00 
Value: 38198.35
Sales: CRKx1104@7.00 BIDUx45@172.50 AEPIx154@47.88 CEIx3979@1.86 MNOVx2109@3.72 
Purchases: HOVNPx772@9.89 HHx54563@0.14 ITUSx1389@5.50 ISNSx1862@4.10 RNVAx15279@0.50 

2015-07-30
Cash: 7.06
Held: ITUSx1389@5.11 HHx54563@0.14 ISNSx1862@4.14 RNVAx15279@0.50 HOVNPx772@10.92 
Value: 38524.63
Sales: HOVNPx772@10.92 HHx54563@0.14 RNVAx15279@0.50 ISNSx1862@4.14 ITUSx1389@5.11 
Purchases: BDSIx995@7.74 CYBEx1158@6.65 GIGAx5103@1.51 KOOLx11327@0.68 WFMx216@35.56 

2015-08-02
Cash: 35.97
Held: KOOLx11327@0.62 WFMx216@36.38 GIGAx5103@1.48 CYBEx1158@5.88 BDSIx995@8.08 
Value: 37317.37
Sales: BDSIx995@8.08 WFMx216@36.38 GIGAx5103@1.48 CYBEx1158@5.88 KOOLx11327@0.62 
Purchases: UNISx4312@1.73 CMPRx115@64.50 SNOAx5146@1.45 RADAx6118@1.22 IXYSx716@10.42 

2015-08-03
Cash: 51.04
Held: RADAx6118@1.17 SNOAx5146@1.38 IXYSx716@10.76 UNISx4312@1.61 CMPRx115@66.75 
Value: 36632.18
Sales: UNISx4312@1.61 CMPRx115@66.75 SNOAx5146@1.38 RADAx6118@1.17 IXYSx716@10.76 
Purchases: SGYx1344@5.45 PRKRx28177@0.26 REN           x2664@2.75 RENx13325@0.55 BKSx426@17.19 

2015-08-04
Cash: 8.11
Held: PRKRx28177@0.27 REN           x2664@2.75 SGYx1344@5.30 RENx13325@0.55 BKSx426@17.89 
Value: 37014.25
Sales: SGYx1344@5.30 PRKRx28177@0.27 REN           x2664@2.75 RENx13325@0.55 BKSx426@17.89 
Purchases: HMSYx820@9.02 VIAVx1158@6.39 FSTRx352@21.00 AXON          x593@12.47 EMMSx1504@4.92 

2015-08-05
Cash: 26.22
Held: VIAVx1158@6.27 AXON          x593@11.46 HMSYx820@8.89 FSTRx352@20.06 EMMSx1504@5.12 
Value: 36137.11
Sales: HMSYx820@8.89 VIAVx1158@6.27 FSTRx352@20.06 AXON          x593@11.46 EMMSx1504@5.12 
Purchases: HOVNPx1229@5.88 TRSx449@16.09 RSOx2401@3.01 OHGIx4574@1.58 LLx557@12.95 

2015-08-06
Cash: 17.23
Held: OHGIx4574@1.36 TRSx449@17.05 RSOx2401@2.99 HOVNPx1229@5.60 LLx557@12.18 
Value: 34741.48
Sales: HOVNPx1229@5.60 TRSx449@17.05 RSOx2401@2.99 OHGIx4574@1.36 LLx557@12.18 
Purchases: SPPx890@7.80 IPCIx2823@2.46 POWLx266@26.09 EVEPx870@7.98 ATECx12193@0.57 

2015-08-09
Cash: 19.75
Held: SPPx890@7.55 ATECx12193@0.70 EVEPx870@8.54 POWLx266@27.12 IPCIx2823@2.35 
Value: 36554.60
Sales: SPPx890@7.55 IPCIx2823@2.35 POWLx266@27.12 EVEPx870@8.54 ATECx12193@0.70 
Purchases: ACTAx556@13.14 IFONx5113@1.43 PXLWx1529@4.78 MTSLx5148@1.42 ECHOx289@25.22 

2015-08-10
Cash: 29.92
Held: PXLWx1529@4.90 IFONx5113@1.38 ECHOx289@25.78 ACTAx556@13.45 MTSLx5148@1.46 
Value: 37021.57
Sales: ACTAx556@13.45 IFONx5113@1.38 ECHOx289@25.78 MTSLx5148@1.46 PXLWx1529@4.90 
Purchases: UAMx1044@7.09 ENOCx886@8.35 NLx1496@4.95 DRYSx11@643.00 KTOSx1490@4.97 

2015-08-11
Cash: 339.82
Held: KTOSx1490@4.78 ENOCx886@8.58 NLx1496@4.75 UAMx1044@7.18 DRYSx11@574.00 
Value: 35979.69
Sales: UAMx1044@7.18 ENOCx886@8.58 NLx1496@4.75 DRYSx11@574.00 KTOSx1490@4.78 
Purchases: RGSEx5033@1.43 AVIDx843@8.53 WRLDx220@32.62 FVEx2086@3.45 NTNx32713@0.22 

2015-08-12
Cash: 23.76
Held: RGSEx5033@1.39 WRLDx220@34.25 FVEx2086@3.52 NTNx32713@0.22 AVIDx843@9.60 
Value: 37184.62
Sales: RGSEx5033@1.39 FVEx2086@3.52 WRLDx220@34.25 AVIDx843@9.60 NTNx32713@0.22 
Purchases: ASCMAx271@27.41 ELONx1364@5.45 CBLIx1962@3.79 NLSTx16904@0.44 TPIVx15824@0.47 

2015-08-13
Cash: 17.07
Held: CBLIx1962@3.53 ELONx1364@5.65 TPIVx15824@0.48 NLSTx16904@0.44 ASCMAx271@28.19 
Value: 37316.81
Sales: ELONx1364@5.65 ASCMAx271@28.19 CBLIx1962@3.53 NLSTx16904@0.44 TPIVx15824@0.48 
Purchases: CPAx117@63.50 RMTIx647@11.53 SSNx10658@0.70 VALUx562@13.27 RLGTx1342@5.56 

2015-08-16
Cash: 44.60
Held: SSNx10658@0.68 RMTIx647@12.52 RLGTx1342@5.60 VALUx562@13.39 CPAx117@61.00 
Value: 37576.41
Sales: RLGTx1342@5.60 RMTIx647@12.52 SSNx10658@0.68 VALUx562@13.39 CPAx117@61.00 
Purchases: NYMXx2982@2.52 CBKx4198@1.79 IMUCx15990@0.47 OHGIx5256@1.43 BDRx12955@0.58 

2015-08-17
Cash: 4.40
Held: IMUCx15990@0.46 OHGIx5256@1.50 NYMXx2982@2.42 CBKx4198@1.69 BDRx12955@0.58 
Value: 37070.72
Sales: NYMXx2982@2.42 CBKx4198@1.69 IMUCx15990@0.46 OHGIx5256@1.50 BDRx12955@0.58 
Purchases: CBKx4385@1.69 NRPx2725@2.72 IDXGx4385@1.69 ICCCx807@9.18 OBCIx2776@2.67 

2015-08-18
Cash: 12.02
Held: OBCIx2776@2.83 NRPx2725@2.74 IDXGx4385@1.84 ICCCx807@8.59 CBKx4385@1.78 
Value: 38144.83
Sales: CBKx4385@1.78 NRPx2725@2.74 IDXGx4385@1.84 ICCCx807@8.59 OBCIx2776@2.83 
Purchases: MTZx474@16.09 VTRx128@59.44 AVEOx4891@1.56 WCSTx3563@2.14 BLINx5735@1.33 

2015-08-19
Cash: 25.49
Held: AVEOx4891@1.50 WCSTx3563@2.16 BLINx5735@1.39 MTZx474@16.22 VTRx128@59.94 
Value: 38387.95
Sales: MTZx474@16.22 VTRx128@59.94 WCSTx3563@2.16 AVEOx4891@1.50 BLINx5735@1.39 
Purchases: RLOGx3071@2.50 CJJDx3838@2.00 NFECx7245@1.06 NUROx9031@0.85 ATECx13016@0.59 

2015-08-20
Cash: 3.22
Held: ATECx13016@0.58 NUROx9031@0.95 NFECx7245@1.08 CJJDx3838@2.00 RLOGx3071@2.48 
Value: 39253.42
Sales: RLOGx3071@2.48 CJJDx3838@2.00 NFECx7245@1.08 NUROx9031@0.95 ATECx13016@0.58 
Purchases: CALIx8440@0.93 CBIOx1072@7.32 SSIx659@11.90 GASLx1330@5.90 BASIx6183@1.27 

2015-08-23
Cash: 19.86
Held: CALIx8440@0.86 BASIx6183@1.35 GASLx1330@4.37 SSIx659@9.74 CBIOx1072@21.59 
Value: 51003.89
Sales: CALIx8440@0.86 CBIOx1072@21.59 SSIx659@9.74 GASLx1330@4.37 BASIx6183@1.35 
Purchases: GIGx6540@1.56 ONPx7034@1.45 ECTx6258@1.63 IOx23186@0.44 CPRXx3101@3.29 

2015-08-24
Cash: 3.96
Held: CPRXx3101@3.44 ONPx7034@1.59 ECTx6258@1.83 IOx23186@0.46 GIGx6540@1.70 
Value: 55089.22
Sales: GIGx6540@1.70 ONPx7034@1.59 ECTx6258@1.83 IOx23186@0.46 CPRXx3101@3.44 
Purchases: PHMDx13775@0.80 CDEx3369@3.27 SSNx22035@0.50 BORNx11356@0.97 DRNx693@15.88 

2015-08-25
Cash: 14.81
Held: SSNx22035@0.59 DRNx693@13.96 PHMDx13775@0.78 CDEx3369@3.07 BORNx11356@1.06 
Value: 55804.85
Sales: PHMDx13775@0.78 CDEx3369@3.07 SSNx22035@0.59 BORNx11356@1.06 DRNx693@13.96 
Purchases: BBGx2960@3.77 ESNCx21462@0.52 CLNTx8330@1.34 CBIOx1322@8.44 SYPRx8651@1.29 

2015-08-26
Cash: 10.98
Held: SYPRx8651@1.38 ESNCx21462@0.51 BBGx2960@4.12 CLNTx8330@1.45 CBIOx1322@7.93 
Value: 57650.55
Sales: BBGx2960@4.12 ESNCx21462@0.51 CLNTx8330@1.45 SYPRx8651@1.38 CBIOx1322@7.93 
Purchases: UNISx9685@1.19 IGCx57664@0.20 GFIx4271@2.70 DAKTx1381@8.34 RELVx10384@1.11 

2015-08-27
Cash: 10.28
Held: RELVx10384@1.13 DAKTx1381@8.56 UNISx9685@1.13 IGCx57664@0.30 GFIx4271@3.06 
Value: 64884.32
Sales: UNISx9685@1.13 IGCx57664@0.30 DAKTx1381@8.56 RELVx10384@1.13 GFIx4271@3.06 
Purchases: MYOSx7415@1.75 FLWSx1550@8.37 SYTx193@67.12 DCTHx33283@0.39 TECSx312@41.56 

2015-08-30
Cash: 39.51
Held: FLWSx1550@8.83 SYTx193@67.94 DCTHx33283@0.42 TECSx312@41.53 MYOSx7415@1.75 
Value: 66745.30
Sales: FLWSx1550@8.83 TECSx312@41.53 MYOSx7415@1.75 DCTHx33283@0.42 SYTx193@67.94 
Purchases: GBRx8957@1.49 NETEx63578@0.21 RGSx1186@11.25 LINCx24718@0.54 WKHSx46025@0.29 

2015-08-31
Cash: 8.14
Held: LINCx24718@0.46 RGSx1186@10.73 GBRx8957@1.41 WKHSx46025@0.35 NETEx63578@0.19 
Value: 64919.27
Sales: GBRx8957@1.41 NETEx63578@0.19 RGSx1186@10.73 LINCx24718@0.46 WKHSx46025@0.35 
Purchases: LBJx741@17.50 FORDx9544@1.36 FBIZx586@22.16 UBRx1105@11.74 OIBR.Cx18027@0.72 

2015-09-01
Cash: 26.58
Held: FORDx9544@1.77 UBRx1105@11.53 OIBR.Cx18027@0.72 LBJx741@17.61 FBIZx586@22.27 
Value: 68736.54
Sales: LBJx741@17.61 OIBR.Cx18027@0.72 FBIZx586@22.27 UBRx1105@11.53 FORDx9544@1.77 
Purchases: TOPSx14028@0.98 YINNx813@16.91 CYANx2067@6.65 ALNYx137@99.75 RAIx335@41.00 

2015-09-02
Cash: 101.52
Held: TOPSx14028@1.05 ALNYx137@102.88 YINNx813@17.34 CYANx2067@6.69 RAIx335@41.38 
Value: 70714.28
Sales: ALNYx137@102.88 YINNx813@17.34 RAIx335@41.38 TOPSx14028@1.05 CYANx2067@6.69 
Purchases: CLDx3673@3.85 TPLMx4447@3.18 ROIAx5049@2.80 HMYx17682@0.80 SGOCx32895@0.43 

2015-09-03
Cash: 8.71
Held: HMYx17682@0.79 SGOCx32895@0.43 CLDx3673@3.80 ROIAx5049@2.65 TPLMx4447@3.10 
Value: 69246.83
Sales: SGOCx32895@0.43 CLDx3673@3.80 ROIAx5049@2.65 HMYx17682@0.79 TPLMx4447@3.10 
Purchases: ETRMx45@303.50 DRAMx3550@3.90 INTGx553@25.03 MFRIx2896@4.78 ERSx4084@3.39 

2015-09-07
Cash: 206.85
Held: ERSx4084@3.54 INTGx553@25.50 MFRIx2896@4.83 DRAMx3550@3.78 ETRMx45@283.50 
Value: 68918.14
Sales: DRAMx3550@3.78 ETRMx45@283.50 INTGx553@25.50 MFRIx2896@4.83 ERSx4084@3.54 
Purchases: EMLx850@16.20 WRLDx402@34.22 NLSTx38276@0.36 KERXx2841@4.85 DLHCx5627@2.45 

2015-09-08
Cash: 41.03
Held: DLHCx5627@2.56 EMLx850@15.92 WRLDx402@35.62 NLSTx38276@0.38 KERXx2841@4.68 
Value: 70139.46
Sales: EMLx850@15.92 WRLDx402@35.62 NLSTx38276@0.38 KERXx2841@4.68 DLHCx5627@2.56 
Purchases: DRWIx3117@4.50 YANGx134@104.06 XCOx18950@0.74 STRMx4540@3.09 FXPx328@42.66 

2015-09-09
Cash: 122.00
Held: FXPx328@45.06 DRWIx3117@4.40 XCOx18950@0.74 STRMx4540@3.02 YANGx134@112.31 
Value: 71398.42
Sales: DRWIx3117@4.40 YANGx134@112.31 FXPx328@45.06 STRMx4540@3.02 XCOx18950@0.74 
Purchases: FPAYx29750@0.48 CRKx987@14.45 QUMUx3275@4.36 LINCx35707@0.40 CIG.Cx7635@1.87 

2015-09-10
Cash: 19.15
Held: CIG.Cx7635@1.96 FPAYx29750@0.51 LINCx35707@0.40 QUMUx3275@4.07 CRKx987@14.80 
Value: 72363.09
Sales: FPAYx29750@0.51 QUMUx3275@4.07 CRKx987@14.80 LINCx35707@0.40 CIG.Cx7635@1.96 
Purchases: SPPx2766@5.23 BLINx11134@1.30 PESx5744@2.52 CONNx551@26.22 AEZSx2278@6.35 

2015-09-13
Cash: 36.01
Held: SPPx2766@4.66 CONNx551@27.59 PESx5744@2.45 BLINx11134@1.26 AEZSx2278@5.98 
Value: 69848.20
Sales: SPPx2766@4.66 AEZSx2278@5.98 BLINx11134@1.26 CONNx551@27.59 PESx5744@2.45 
Purchases: MTKx279@50.00 FNSRx1146@12.18 UQMx19951@0.70 DRYSx40@345.00 CHKEx944@14.80 

2015-09-14
Cash: 202.44
Held: CHKEx944@14.11 FNSRx1146@12.37 MTKx279@50.25 UQMx19951@0.67 DRYSx40@330.00 
Value: 68279.84
Sales: CHKEx944@14.11 FNSRx1146@12.37 UQMx19951@0.67 DRYSx40@330.00 MTKx279@50.25 
Purchases: ABACx4808@2.84 CLNEx3323@4.11 WRLDx473@28.86 CASIx13394@1.02 AVPx3923@3.48 

2015-09-15
Cash: 10.46
Held: ABACx4808@2.88 AVPx3923@3.85 CASIx13394@0.95 WRLDx473@27.62 CLNEx3323@4.39 
Value: 69347.23
Sales: ABACx4808@2.88 CLNEx3323@4.39 WRLDx473@27.62 AVPx3923@3.85 CASIx13394@0.95 
Purchases: FALCx6730@2.06 UNISx11855@1.17 UNAMx1156@11.99 RLOGx5878@2.36 NAKx35572@0.39 

2015-09-16
Cash: 9.70
Held: UNAMx1156@12.00 NAKx35572@0.41 FALCx6730@2.12 UNISx11855@1.12 RLOGx5878@2.40 
Value: 70113.39
Sales: FALCx6730@2.12 NAKx35572@0.41 UNISx11855@1.12 RLOGx5878@2.40 UNAMx1156@12.00 
Purchases: HOVNPx2205@6.36 ROIAx5587@2.51 VXXx637@21.98 SHLOx1622@8.64 SITOx2697@5.20 

2015-09-17
Cash: 27.48
Held: VXXx637@24.11 SHLOx1622@8.59 ROIAx5587@2.55 HOVNPx2205@5.68 SITOx2697@5.07 
Value: 69773.77
Sales: HOVNPx2205@5.68 ROIAx5587@2.55 VXXx637@24.11 SHLOx1622@8.59 SITOx2697@5.07 
Purchases: RGSEx10491@1.33 CLCx298@46.75 COOLx1761@7.92 TPIVx28479@0.49 FORDx9303@1.50 

2015-09-20
Cash: 29.07
Held: FORDx9303@1.60 RGSEx10491@1.48 COOLx1761@8.10 CLCx298@46.75 TPIVx28479@0.51 
Value: 73157.80
Sales: RGSEx10491@1.48 CLCx298@46.75 COOLx1761@8.10 TPIVx28479@0.51 FORDx9303@1.60 
Purchases: TPLMx7100@2.06 ARCWx6446@2.27 AIQx1228@11.91 SCONx14631@1.00 CBIOx2123@6.89 

2015-09-21
Cash: 17.84
Held: AIQx1228@11.55 ARCWx6446@2.00 CBIOx2123@5.64 SCONx14631@0.97 TPLMx7100@1.73 
Value: 65545.99
Sales: TPLMx7100@1.73 SCONx14631@0.97 ARCWx6446@2.00 AIQx1228@11.55 CBIOx2123@5.64 
Purchases: CDEx4369@3.00 SKLNx3959@3.31 WFTx1420@9.23 PKOHx436@30.00 AWHx341@38.38 

2015-09-22
Cash: 64.94
Held: AWHx341@38.16 PKOHx436@30.50 SKLNx3959@3.84 CDEx4369@2.87 WFTx1420@9.32 
Value: 67346.29
Sales: CDEx4369@2.87 SKLNx3959@3.84 WFTx1420@9.32 PKOHx436@30.50 AWHx341@38.16 
Purchases: ACADx350@38.38 HKx18451@0.73 OPHCx12584@1.07 CBIOx2448@5.50 GMOx44890@0.30 

2015-09-23
Cash: 44.16
Held: ACADx350@37.50 GMOx44890@0.31 HKx18451@0.65 OPHCx12584@1.08 CBIOx2448@5.32 
Value: 65694.87
Sales: HKx18451@0.65 OPHCx12584@1.08 ACADx350@37.50 GMOx44890@0.31 CBIOx2448@5.32 
Purchases: CALIx14435@0.91 DEPOx548@23.95 LINCx38634@0.34 ANIPx295@44.50 TGCx59730@0.22 

2015-09-24
Cash: 25.15
Held: CALIx14435@0.88 ANIPx295@46.59 TGCx59730@0.25 LINCx38634@0.27 DEPOx548@22.62 
Value: 64234.34
Sales: CALIx14435@0.88 DEPOx548@22.62 LINCx38634@0.27 ANIPx295@46.59 TGCx59730@0.25 
Purchases: BBGx4040@3.18 AXRx2622@4.90 GTXIx15112@0.85 SPEXx32125@0.40 SDRLx2059@6.24 

2015-09-27
Cash: 6.54
Held: BBGx4040@2.88 GTXIx15112@0.84 SDRLx2059@5.92 SPEXx32125@0.35 AXRx2622@4.90 
Value: 60620.67
Sales: BBGx4040@2.88 AXRx2622@4.90 GTXIx15112@0.84 SPEXx32125@0.35 SDRLx2059@5.92 
Purchases: MPETx13779@0.88 ARWRx1667@7.27 LINCx48496@0.25 INAPx1801@6.73 ATECx33668@0.36 

2015-09-28
Cash: 8.78
Held: ATECx33668@0.33 MPETx13779@0.53 LINCx48496@0.20 INAPx1801@6.18 ARWRx1667@6.40 
Value: 49914.41
Sales: MPETx13779@0.53 ARWRx1667@6.40 LINCx48496@0.20 INAPx1801@6.18 ATECx33668@0.33 
Purchases: IMUCx22691@0.44 SRNEx1231@8.11 CHCIx2773@3.60 SPXCx831@12.00 FCSCx2399@4.16 

2015-09-29
Cash: 15.12
Held: IMUCx22691@0.44 SPXCx831@11.55 SRNEx1231@8.24 CHCIx2773@4.20 FCSCx2399@3.93 
Value: 50811.17
Sales: IMUCx22691@0.44 SRNEx1231@8.24 CHCIx2773@4.20 SPXCx831@11.55 FCSCx2399@3.93 
Purchases: DRAMx2871@3.54 SINOx12545@0.81 HRTXx465@21.83 HUNx1074@9.46 QRHCx16934@0.60 

2015-09-30
Cash: 15.16
Held: HUNx1074@9.92 QRHCx16934@0.58 DRAMx2871@3.63 SINOx12545@0.72 HRTXx465@24.27 
Value: 51237.11
Sales: DRAMx2871@3.63 SINOx12545@0.72 HUNx1074@9.92 HRTXx465@24.27 QRHCx16934@0.58 
Purchases: ADXSx992@10.33 FNCXx12650@0.81 ULHx659@15.53 OGENx6209@1.65 RGENx368@27.81 

2015-10-01
Cash: 27.00
Held: ADXSx992@9.64 FNCXx12650@0.74 RGENx368@26.78 OGENx6209@1.57 ULHx659@15.85 
Value: 49006.21
Sales: ADXSx992@9.64 FNCXx12650@0.74 ULHx659@15.85 OGENx6209@1.57 RGENx368@26.78 
Purchases: SCONx16896@0.58 MSGNx517@18.94 CSWCx585@16.75 EVKx3920@2.50 DXTRx39204@0.25 

2015-10-04
Cash: 14.77
Held: EVKx3920@2.51 CSWCx585@15.01 DXTRx39204@0.23 MSGNx517@19.84 SCONx16896@0.51 
Value: 46521.00
Sales: SCONx16896@0.51 EVKx3920@2.51 CSWCx585@15.01 MSGNx517@19.84 DXTRx39204@0.23 
Purchases: IOTx1195@7.78 CAAx239@38.88 VIIx5965@1.56 INVTx29069@0.32 FORDx7689@1.21 

2015-10-05
Cash: 20.99
Held: FORDx7689@1.33 IOTx1195@7.93 INVTx29069@0.31 CAAx239@40.19 VIIx5965@1.49 
Value: 47231.09
Sales: CAAx239@40.19 IOTx1195@7.93 INVTx29069@0.31 VIIx5965@1.49 FORDx7689@1.33 
Purchases: EDZx220@42.91 SOXSx176@53.62 SQQQx400@23.59 ERYx367@25.70 BZQx134@70.25 

2015-10-06
Cash: 69.66
Held: EDZx220@39.62 ERYx367@23.34 SQQQx400@23.31 BZQx134@66.25 SOXSx176@51.91 
Value: 44692.32
Sales: EDZx220@39.62 SOXSx176@51.91 BZQx134@66.25 ERYx367@23.34 SQQQx400@23.31 
Purchases: TEUMx22351@0.40 CDZIx1986@4.50 EXASx876@10.20 GVPx6570@1.36 IDSAx3575@2.50 

2015-10-07
Cash: 4.16
Held: TEUMx22351@0.43 CDZIx1986@3.91 GVPx6570@1.40 IDSAx3575@2.51 EXASx876@9.62 
Value: 43976.76
Sales: CDZIx1986@3.91 TEUMx22351@0.43 GVPx6570@1.40 EXASx876@9.62 IDSAx3575@2.51 
Purchases: SSYx5236@1.68 EXASx914@9.62 YUMx131@67.12 MHLDx616@14.26 NEONx3892@2.26 

2015-10-08
Cash: 20.61
Held: SSYx5236@1.68 NEONx3892@2.24 MHLDx616@14.45 YUMx131@67.50 EXASx914@8.00 
Value: 42592.08
Sales: NEONx3892@2.24 EXASx914@8.00 MHLDx616@14.45 SSYx5236@1.68 YUMx131@67.50 
Purchases: ISIGx3276@2.60 IECx2469@3.45 OIIMx4867@1.75 INFIx1082@7.87 COOLx1044@8.16 

2015-10-11
Cash: 10.74
Held: ISIGx3276@2.60 COOLx1044@7.74 INFIx1082@8.40 OIIMx4867@1.76 IECx2469@3.41 
Value: 42677.39
Sales: ISIGx3276@2.60 IECx2469@3.41 OIIMx4867@1.76 INFIx1082@8.40 COOLx1044@7.74 
Purchases: SMCIx318@26.80 SCONx30480@0.28 ANGOx690@12.37 BDEx1537@5.55 BZQx138@61.62 

2015-10-12
Cash: 51.53
Held: ANGOx690@12.32 BZQx138@67.31 SMCIx318@26.31 SCONx30480@0.28 BDEx1537@5.66 
Value: 43444.00
Sales: SMCIx318@26.31 SCONx30480@0.28 ANGOx690@12.32 BDEx1537@5.66 BZQx138@67.31 
Purchases: CDZIx2975@2.92 HLTHx2393@3.63 FTEKx4323@2.01 GROWx5677@1.53 SITOx2859@3.04 

2015-10-13
Cash: 4.32
Held: HLTHx2393@3.96 GROWx5677@1.58 FTEKx4323@1.93 CDZIx2975@3.01 SITOx2859@3.09 
Value: 44582.90
Sales: CDZIx2975@3.01 FTEKx4323@1.93 HLTHx2393@3.96 GROWx5677@1.58 SITOx2859@3.09 
Purchases: UQMx16830@0.53 CENXx1498@5.95 UNTx603@14.78 GASLx351@25.38 WKHSx26218@0.34 

2015-10-14
Cash: 18.55
Held: CENXx1498@5.52 GASLx351@26.00 UQMx16830@0.55 UNTx603@14.64 WKHSx26218@0.37 
Value: 45198.05
Sales: UNTx603@14.64 CENXx1498@5.52 UQMx16830@0.55 GASLx351@26.00 WKHSx26218@0.37 
Purchases: SINOx11302@0.80 HRTXx390@23.16 ALIMx3435@2.63 TTNPx2035@4.44 NSSCx1379@6.55 

2015-10-15
Cash: 18.93
Held: NSSCx1379@6.90 ALIMx3435@2.86 TTNPx2035@4.45 SINOx11302@0.80 HRTXx390@23.84 
Value: 46746.44
Sales: SINOx11302@0.80 HRTXx390@23.84 ALIMx3435@2.86 TTNPx2035@4.45 NSSCx1379@6.90 
Purchases: VOXXx1595@5.86 WMTx157@59.47 STXx226@41.28 CBAKx3201@2.92 SOXSx204@45.75 

2015-10-18
Cash: 54.91
Held: STXx226@39.19 WMTx157@58.78 VOXXx1595@5.85 SOXSx204@45.81 CBAKx3201@3.02 
Value: 46484.45
Sales: VOXXx1595@5.85 SOXSx204@45.81 STXx226@39.19 CBAKx3201@3.02 WMTx157@58.78 
Purchases: WRNx30984@0.30 GMOx29984@0.31 OLEDx260@35.62 SSNx11623@0.80 IDXGx6834@1.36 

2015-10-19
Cash: 35.67
Held: SSNx11623@0.76 GMOx29984@0.31 OLEDx260@35.06 IDXGx6834@1.57 WRNx30984@0.30 
Value: 47307.70
Sales: WRNx30984@0.30 IDXGx6834@1.57 OLEDx260@35.06 SSNx11623@0.76 GMOx29984@0.31 
Purchases: GPLx18560@0.51 MYRGx419@22.58 CBIOx2371@3.99 QUMUx2975@3.18 BASx2516@3.76 

2015-10-20
Cash: 6.23
Held: BASx2516@3.83 QUMUx2975@3.16 MYRGx419@21.89 GPLx18560@0.55 CBIOx2371@3.91 
Value: 47691.70
Sales: GPLx18560@0.55 MYRGx419@21.89 QUMUx2975@3.16 BASx2516@3.83 CBIOx2371@3.91 
Purchases: CRSx313@30.41 DRWIx3179@3.00 LODEx17348@0.55 AHPIx3910@2.44 RMBSx956@9.98 

2015-10-21
Cash: 23.68
Held: DRWIx3179@2.70 AHPIx3910@2.56 LODEx17348@0.60 RMBSx956@10.42 CRSx313@30.02 
Value: 48384.93
Sales: CRSx313@30.02 DRWIx3179@2.70 RMBSx956@10.42 LODEx17348@0.60 AHPIx3910@2.56 
Purchases: MUx589@16.41 SGOCx19749@0.49 EXARx1825@5.30 SPEXx30234@0.32 AUMNx29317@0.33 

2015-10-22
Cash: 17.06
Held: SGOCx19749@0.52 MUx589@16.91 SPEXx30234@0.34 AUMNx29317@0.34 EXARx1825@5.53 
Value: 50591.81
Sales: SGOCx19749@0.52 MUx589@16.91 EXARx1825@5.53 SPEXx30234@0.34 AUMNx29317@0.34 
Purchases: CNMDx249@40.59 ACATx604@16.75 THCx341@29.61 CYHx374@27.00 CHCIx3488@2.90 

2015-10-25
Cash: 55.61
Held: CNMDx249@40.22 CYHx374@28.38 THCx341@29.86 ACATx604@20.31 CHCIx3488@2.76 
Value: 52759.19
Sales: CNMDx249@40.22 ACATx604@20.31 CYHx374@28.38 THCx341@29.86 CHCIx3488@2.76 
Purchases: NRPx5383@1.96 FTNTx301@35.03 SKXx321@32.78 SRCLx87@120.12 SMEDx1324@7.97 

2015-10-26
Cash: 140.03
Held: SMEDx1324@8.24 NRPx5383@1.86 SRCLx87@122.06 FTNTx301@34.56 SKXx321@31.55 
Value: 52216.25
Sales: SMEDx1324@8.24 FTNTx301@34.56 SKXx321@31.55 SRCLx87@122.06 NRPx5383@1.86 
Purchases: NETEx104458@0.10 CDZIx2933@3.56 DLAx732@14.25 WLBx1405@7.43 ADUSx432@24.12 

2015-10-27
Cash: 38.21
Held: ADUSx432@25.45 DLAx732@15.44 CDZIx2933@3.33 WLBx1405@6.85 NETEx104458@0.10 
Value: 52171.02
Sales: NETEx104458@0.10 WLBx1405@6.85 DLAx732@15.44 CDZIx2933@3.33 ADUSx432@25.45 
Purchases: CRRx649@16.06 RCIIx582@17.91 GASLx606@17.20 ELGXx1191@8.76 RRTSx1114@9.36 

2015-10-28
Cash: 43.03
Held: GASLx606@18.45 RCIIx582@17.52 RRTSx1114@9.93 CRRx649@19.16 ELGXx1191@8.99 
Value: 55623.49
Sales: CRRx649@19.16 RRTSx1114@9.93 GASLx606@18.45 ELGXx1191@8.99 RCIIx582@17.52 
Purchases: AKAMx180@61.69 UQMx18860@0.59 CNXx1576@7.06 SAIAx467@23.80 RCIIx635@17.52 

2015-10-29
Cash: 35.38
Held: CNXx1576@6.80 SAIAx467@23.12 RCIIx635@18.34 AKAMx180@61.28 UQMx18860@0.52 
Value: 54039.26
Sales: AKAMx180@61.28 UQMx18860@0.52 SAIAx467@23.12 CNXx1576@6.80 RCIIx635@18.34 
Purchases: ILGx612@17.66 BOOMx1452@7.44 BWLDx70@152.50 FCNx320@33.72 NXPIx147@73.25 

2015-11-01
Cash: 195.97
Held: ILGx612@17.64 BWLDx70@153.88 NXPIx147@77.62 FCNx320@33.81 BOOMx1452@7.29 
Value: 54577.87
Sales: ILGx612@17.64 BOOMx1452@7.29 BWLDx70@153.88 FCNx320@33.81 NXPIx147@77.62 
Purchases: OPTTx4607@2.37 DGIx731@14.93 AANx440@24.80 RPRXx5932@1.84 DMRCx480@22.70 

2015-11-02
Cash: 27.56
Held: RPRXx5932@1.67 DGIx731@15.80 DMRCx480@23.84 AANx440@25.30 OPTTx4607@2.70 
Value: 56491.98
Sales: DMRCx480@23.84 DGIx731@15.80 RPRXx5932@1.67 AANx440@25.30 OPTTx4607@2.70 
Purchases: ESCAx788@14.32 CALXx1632@6.92 PRZMx8758@1.29 IMMYx1535@7.36 RGSEx9913@1.14 

2015-11-03
Cash: 18.94
Held: CALXx1632@6.98 RGSEx9913@1.15 PRZMx8758@1.29 IMMYx1535@6.91 ESCAx788@14.03 
Value: 55776.76
Sales: CALXx1632@6.98 RGSEx9913@1.15 ESCAx788@14.03 PRZMx8758@1.29 IMMYx1535@6.91 
Purchases: UNXLx10827@1.03 GPNx165@67.50 AROCx843@13.22 OPHCx16400@0.68 HGSHx4915@2.27 

2015-11-04
Cash: 31.46
Held: AROCx843@12.98 GPNx165@67.94 OPHCx16400@0.68 UNXLx10827@0.97 HGSHx4915@2.46 
Value: 55935.29
Sales: UNXLx10827@0.97 GPNx165@67.94 AROCx843@12.98 OPHCx16400@0.68 HGSHx4915@2.46 
Purchases: PZZAx197@56.69 TGHx771@14.50 USATPx771@14.50 FAROx459@24.36 AYRx560@19.95 

2015-11-05
Cash: 54.15
Held: FAROx459@24.95 TGHx771@14.87 PZZAx197@59.31 AYRx560@20.61 USATPx771@15.41 
Value: 58074.27
Sales: PZZAx197@59.31 FAROx459@24.95 USATPx771@15.41 TGHx771@14.87 AYRx560@20.61 
Purchases: WACx1087@10.68 ARCx2233@5.20 TDWx1086@10.69 SPEXx38709@0.30 LCIx300@38.62 

2015-11-08
Cash: 46.88
Held: TDWx1086@11.30 SPEXx38709@0.28 WACx1087@10.77 LCIx300@37.75 ARCx2233@5.10 
Value: 57582.45
Sales: WACx1087@10.77 ARCx2233@5.10 TDWx1086@11.30 SPEXx38709@0.28 LCIx300@37.75 
Purchases: ETRMx59@194.25 AVIDx1729@6.66 ENOCx2424@4.75 BLINx9213@1.25 SWIRx596@19.31 

2015-11-09
Cash: 65.79
Held: SWIRx596@17.52 ENOCx2424@4.54 ETRMx59@178.50 BLINx9213@1.18 AVIDx1729@6.31 
Value: 53815.31
Sales: ETRMx59@178.50 AVIDx1729@6.31 ENOCx2424@4.54 BLINx9213@1.18 SWIRx596@17.52 
Purchases: TATx6150@1.75 LXUx1464@7.35 TWIx2271@4.74 PRZMx9041@1.19 TLRDx494@21.77 

2015-11-10
Cash: 14.59
Held: TWIx2271@4.87 LXUx1464@7.81 PRZMx9041@1.15 TATx6150@1.85 TLRDx494@22.09 
Value: 55198.72
Sales: TATx6150@1.85 LXUx1464@7.81 TWIx2271@4.87 PRZMx9041@1.15 TLRDx494@22.09 
Purchases: CPSTx3860@2.86 RGSEx16986@0.65 FTKx1294@8.53 EVEPx2751@4.01 LABLx173@63.59 

2015-11-11
Cash: 44.90
Held: EVEPx2751@3.76 RGSEx16986@0.60 LABLx173@61.44 FTKx1294@8.56 CPSTx3860@2.12 
Value: 50469.72
Sales: CPSTx3860@2.12 RGSEx16986@0.60 FTKx1294@8.56 EVEPx2751@3.76 LABLx173@61.44 
Purchases: ASCMAx563@17.91 ELTKx7479@1.35 INVTx63073@0.16 RTKx2684@3.76 RGSEx16820@0.60 

2015-11-12
Cash: 16.08
Held: RGSEx16820@0.52 INVTx63073@0.19 ASCMAx563@17.75 RTKx2684@3.32 ELTKx7479@1.39 
Value: 50041.13
Sales: ASCMAx563@17.75 RGSEx16820@0.52 INVTx63073@0.19 ELTKx7479@1.39 RTKx2684@3.32 
Purchases: SGYx1624@6.16 HPJx4526@2.21 WTIx3088@3.24 GASLx606@16.50 ATWx637@15.70 

2015-11-15
Cash: 22.60
Held: HPJx4526@2.22 ATWx637@15.61 WTIx3088@3.39 GASLx606@17.56 SGYx1624@6.19 
Value: 51184.65
Sales: GASLx606@17.56 HPJx4526@2.22 SGYx1624@6.19 WTIx3088@3.39 ATWx637@15.61 
Purchases: ZSLx166@61.50 FNCXx19322@0.53 HHx68235@0.15 FOSLx311@32.81 WINTx37911@0.27 

2015-11-16
Cash: 60.82
Held: HHx68235@0.14 FNCXx19322@0.43 WINTx37911@0.24 ZSLx166@61.44 FOSLx311@32.16 
Value: 47219.35
Sales: ZSLx166@61.44 FNCXx19322@0.43 HHx68235@0.14 FOSLx311@32.16 WINTx37911@0.24 
Purchases: BEBEx1662@5.68 MNKDx4234@2.23 CLNTx8912@1.06 FOSLx293@32.16 DXYNx1888@5.00 

2015-11-17
Cash: 31.23
Held: MNKDx4234@2.26 DXYNx1888@5.00 CLNTx8912@1.13 BEBEx1662@5.05 FOSLx293@34.94 
Value: 47739.68
Sales: MNKDx4234@2.26 BEBEx1662@5.05 CLNTx8912@1.13 FOSLx293@34.94 DXYNx1888@5.00 
Purchases: MGHx86810@0.11 SSYx8760@1.09 SPUx15158@0.63 MFCBx4526@2.11 TIKx2035@4.69 

2015-11-18
Cash: 3.02
Held: SPUx15158@0.57 SSYx8760@1.06 MFCBx4526@2.36 MGHx86810@0.13 TIKx2035@5.15 
Value: 50363.57
Sales: MGHx86810@0.13 SSYx8760@1.06 SPUx15158@0.57 MFCBx4526@2.36 TIKx2035@5.15 
Purchases: BEBEx2014@5.00 NHTCx240@41.97 DGLYx2348@4.29 TCIx1180@8.53 KOOLx35970@0.28 

2015-11-19
Cash: 10.82
Held: KOOLx35970@0.33 TCIx1180@8.57 NHTCx240@41.38 DGLYx2348@4.10 BEBEx2014@4.80 
Value: 51225.95
Sales: BEBEx2014@4.80 NHTCx240@41.38 DGLYx2348@4.10 TCIx1180@8.57 KOOLx35970@0.33 
Purchases: KIRKx742@13.80 OPHCx16521@0.62 COYNx4199@2.44 RADAx23287@0.44 CETCx3415@3.00 

2015-11-22
Cash: 10.53
Held: RADAx23287@0.46 KIRKx742@13.02 OPHCx16521@0.50 CETCx3415@2.90 COYNx4199@2.50 
Value: 49047.86
Sales: KIRKx742@13.02 OPHCx16521@0.50 COYNx4199@2.50 RADAx23287@0.46 CETCx3415@2.90 
Purchases: MENTx556@17.62 CVOx822@11.92 NBYx61296@0.16 UVEx514@19.06 BONTx7004@1.40 

2015-11-23
Cash: 32.67
Held: CVOx822@12.00 NBYx61296@0.15 UVEx514@21.23 MENTx556@18.50 BONTx7004@1.27 
Value: 49184.83
Sales: MENTx556@18.50 CVOx822@12.00 NBYx61296@0.15 UVEx514@21.23 BONTx7004@1.27 
Purchases: PQx13475@0.73 CEQPx501@19.62 PCOx17891@0.55 DRADx1906@5.16 NMx7179@1.37 

2015-11-24
Cash: 8.33
Held: CEQPx501@19.33 PCOx17891@0.54 NMx7179@1.51 DRADx1906@5.67 PQx13475@0.77 
Value: 51378.78
Sales: DRADx1906@5.67 PQx13475@0.77 CEQPx501@19.33 PCOx17891@0.54 NMx7179@1.51 
Purchases: UNXLx14076@0.73 EDNx580@17.69 APDNx3447@2.98 AHPIx4391@2.34 BFRx465@22.06 

2015-11-26
Cash: 37.83
Held: APDNx3447@2.99 EDNx580@17.59 AHPIx4391@2.34 UNXLx14076@0.74 BFRx465@21.20 
Value: 51102.79
Sales: UNXLx14076@0.74 EDNx580@17.59 APDNx3447@2.99 AHPIx4391@2.34 BFRx465@21.20 
Purchases: WMLPx2449@4.17 QBAKx12617@0.81 GASSx2626@3.89 ROSGx7095@1.44 NFECx11482@0.89 

2015-11-29
Cash: 8.18
Held: GASSx2626@3.89 NFECx11482@0.89 QBAKx12617@0.86 WMLPx2449@4.17 ROSGx7095@1.43 
Value: 51654.96
Sales: WMLPx2449@4.17 QBAKx12617@0.86 GASSx2626@3.89 ROSGx7095@1.43 NFECx11482@0.89 
Purchases: YUMAx41323@0.25 SHIx286@36.03 GLOWx22960@0.45 XCOx8980@1.15 REXXx6578@1.57 

2015-11-30
Cash: 28.37
Held: GLOWx22960@0.49 REXXx6578@1.28 YUMAx41323@0.31 XCOx8980@1.26 SHIx286@37.34 
Value: 54505.74
Sales: YUMAx41323@0.31 SHIx286@37.34 REXXx6578@1.28 XCOx8980@1.26 GLOWx22960@0.49 
Purchases: UBRx363@29.95 HPJx3771@2.89 VALE.Px3992@2.73 SPCBx2294@4.75 XKEx2202@4.95 

2015-12-01
Cash: 37.50
Held: HPJx3771@2.94 VALE.Px3992@2.62 UBRx363@30.45 XKEx2202@4.77 SPCBx2294@4.94 
Value: 54470.36
Sales: HPJx3771@2.94 SPCBx2294@4.94 UBRx363@30.45 VALE.Px3992@2.62 XKEx2202@4.77 
Purchases: SKLNx3607@3.02 GBLx310@35.06 WGBSx12520@0.87 MESOx1821@5.98 OPHCx23180@0.47 

2015-12-02
Cash: 31.32
Held: GBLx310@35.47 SKLNx3607@3.11 WGBSx12520@0.79 MESOx1821@5.80 OPHCx23180@0.40 
Value: 51966.40
Sales: MESOx1821@5.80 GBLx310@35.47 WGBSx12520@0.79 SKLNx3607@3.11 OPHCx23180@0.40 
Purchases: INVEx4460@2.33 CMLSx3935@2.64 SLCTx1332@7.80 PRZMx9360@1.11 OGXIx6497@1.60 

2015-12-03
Cash: 7.19
Held: OGXIx6497@1.36 INVEx4460@2.21 PRZMx9360@1.32 SLCTx1332@7.52 CMLSx3935@2.56 
Value: 51156.07
Sales: INVEx4460@2.21 CMLSx3935@2.56 SLCTx1332@7.52 PRZMx9360@1.32 OGXIx6497@1.36 
Purchases: ATVx1298@7.88 NETEx53865@0.19 UTIx2590@3.95 GIGAx5246@1.95 LLITx4488@2.28 

2015-12-06
Cash: 9.37
Held: ATVx1298@8.33 GIGAx5246@1.90 LLITx4488@2.50 UTIx2590@3.74 NETEx53865@0.34 
Value: 60014.77
Sales: ATVx1298@8.33 NETEx53865@0.34 LLITx4488@2.50 GIGAx5246@1.90 UTIx2590@3.74 
Purchases: SBLKx16003@0.75 OPXAx3809@3.15 GIGAx6316@1.90 CIDMx34284@0.35 PVHx147@81.19 

2015-12-07
Cash: 72.50
Held: OPXAx3809@3.01 CIDMx34284@0.35 GIGAx6316@1.79 SBLKx16003@0.70 PVHx147@79.44 
Value: 57727.87
Sales: OPXAx3809@3.01 SBLKx16003@0.70 GIGAx6316@1.79 CIDMx34284@0.35 PVHx147@79.44 
Purchases: THLDx19239@0.60 CRKx1319@8.75 GNVCx5629@2.05 VNRx3848@3.00 REXXx11433@1.01 

2015-12-08
Cash: 8.85
Held: THLDx19239@0.60 REXXx11433@1.01 GNVCx5629@1.92 VNRx3848@3.01 CRKx1319@11.20 
Value: 60264.52
Sales: THLDx19239@0.60 CRKx1319@11.20 GNVCx5629@1.92 VNRx3848@3.01 REXXx11433@1.01 
Purchases: USEGx86083@0.14 TCCOx3837@3.14 RASx4183@2.88 CORRx699@17.23 RNVAx4878@2.47 

2015-12-09
Cash: 11.50
Held: CORRx699@17.19 USEGx86083@0.13 RNVAx4878@1.93 RASx4183@2.80 TCCOx3837@3.70 
Value: 58539.36
Sales: USEGx86083@0.13 TCCOx3837@3.70 RASx4183@2.80 CORRx699@17.19 RNVAx4878@1.93 
Purchases: YUMAx78039@0.15 WMLPx4108@2.85 VTNRx8545@1.37 IMHx663@17.66 AEZSx2378@4.92 

2015-12-10
Cash: 7.45
Held: VTNRx8545@1.30 IMHx663@18.00 YUMAx78039@0.17 WMLPx4108@2.71 AEZSx2378@4.65 
Value: 58508.85
Sales: YUMAx78039@0.17 IMHx663@18.00 VTNRx8545@1.30 WMLPx4108@2.71 AEZSx2378@4.65 
Purchases: CENTx774@15.12 VIVEx16247@0.72 CIENx586@19.94 CASCx859@13.62 MSBx2641@4.43 

2015-12-13
Cash: 27.48
Held: CIENx586@19.78 CASCx859@14.28 CENTx774@14.53 VIVEx16247@0.75 MSBx2641@4.35 
Value: 58811.80
Sales: CENTx774@14.53 VIVEx16247@0.75 CIENx586@19.78 CASCx859@14.28 MSBx2641@4.35 
Purchases: CVOx1235@9.52 EDUCx853@13.78 NAVx1339@8.78 JRJCx2742@4.29 CMLSx5768@2.04 

2015-12-14
Cash: 14.93
Held: CVOx1235@8.00 EDUCx853@13.68 NAVx1339@8.45 JRJCx2742@4.50 CMLSx5768@1.93 
Value: 56351.88
Sales: CVOx1235@8.00 EDUCx853@13.68 NAVx1339@8.45 JRJCx2742@4.50 CMLSx5768@1.93 
Purchases: BGIx24502@0.46 IFMIx9796@1.15 EMFx1168@9.65 GASLx1812@6.22 TCCOx4319@2.61 

2015-12-15
Cash: 5.05
Held: IFMIx9796@1.20 EMFx1168@9.85 GASLx1812@6.45 TCCOx4319@3.19 BGIx24502@0.47 
Value: 60245.24
Sales: TCCOx4319@3.19 IFMIx9796@1.20 EMFx1168@9.85 GASLx1812@6.45 BGIx24502@0.47 
Purchases: CYTXx3274@3.68 SBx13389@0.90 KMTx590@20.41 ALIMx5263@2.29 KTECx1302@9.25 

2015-12-16
Cash: 18.63
Held: ALIMx5263@2.33 SBx13389@0.91 KTECx1302@9.01 CYTXx3274@4.50 KMTx590@18.14 
Value: 61632.05
Sales: CYTXx3274@4.50 SBx13389@0.91 KMTx590@18.14 ALIMx5263@2.33 KTECx1302@9.01 
Purchases: CHNRx8870@1.39 FCELx2262@5.45 DRYSx86@142.62 RELVx30070@0.41 AMTXx5431@2.27 

2015-12-17
Cash: 62.10
Held: RELVx30070@0.37 FCELx2262@5.74 AMTXx5431@2.26 CHNRx8870@1.46 DRYSx86@134.25 
Value: 60939.66
Sales: CHNRx8870@1.46 FCELx2262@5.74 DRYSx86@134.25 RELVx30070@0.37 AMTXx5431@2.26 
Purchases: HKx45137@0.27 TGPx1306@9.33 PIRx2572@4.74 TKx1612@7.56 JXSBx468@26.00 

2015-12-20
Cash: 29.94
Held: PIRx2572@4.76 TGPx1306@10.10 JXSBx468@25.88 HKx45137@0.30 TKx1612@8.91 
Value: 65479.41
Sales: HKx45137@0.30 PIRx2572@4.76 TKx1612@8.91 TGPx1306@10.10 JXSBx468@25.88 
Purchases: MYOSx5954@2.20 CWEIx413@31.64 YGEx26726@0.49 LGCYx11193@1.17 SNOAx11491@1.14 

2015-12-21
Cash: 31.56
Held: CWEIx413@29.28 SNOAx11491@1.12 YGEx26726@0.54 MYOSx5954@2.36 LGCYx11193@1.13 
Value: 66123.57
Sales: CWEIx413@29.28 MYOSx5954@2.36 YGEx26726@0.54 SNOAx11491@1.12 LGCYx11193@1.13 
Purchases: CYTXx4640@2.85 COYNx8267@1.60 MESOx2211@5.98 URREx33918@0.39 ACTGx3140@4.21 

2015-12-22
Cash: 7.87
Held: ACTGx3140@3.96 MESOx2211@6.35 URREx33918@0.41 CYTXx4640@3.22 COYNx8267@1.61 
Value: 68648.76
Sales: CYTXx4640@3.22 COYNx8267@1.61 MESOx2211@6.35 URREx33918@0.41 ACTGx3140@3.96 
Purchases: SPPx1354@10.13 HKx54919@0.25 GLUUx6023@2.28 GFNx3043@4.51 SCSx942@14.56 

2015-12-23
Cash: 23.94
Held: SPPx1354@11.54 SCSx942@14.32 GLUUx6023@2.53 HKx54919@0.32 GFNx3043@4.68 
Value: 76189.64
Sales: SPPx1354@11.54 HKx54919@0.32 GLUUx6023@2.53 GFNx3043@4.68 SCSx942@14.32 
Purchases: NBYx5861@2.60 FCSCx3066@4.97 PSDVx3400@4.48 CAPRx4851@3.14 LEUx10367@1.47 

2015-12-27
Cash: 13.73
Held: PSDVx3400@4.55 CAPRx4851@2.93 NBYx5861@2.02 LEUx10367@1.58 FCSCx3066@4.70 
Value: 72323.24
Sales: NBYx5861@2.02 FCSCx3066@4.70 PSDVx3400@4.55 CAPRx4851@2.93 LEUx10367@1.58 
Purchases: DGLYx2049@7.06 RNVAx9643@1.50 NKEx228@63.22 AEZSx2995@4.83 MXCx6757@2.14 

2015-12-28
Cash: 57.37
Held: RNVAx9643@1.35 DGLYx2049@6.75 MXCx6757@2.35 NKEx228@64.31 AEZSx2995@4.87 
Value: 72030.89
Sales: DGLYx2049@6.75 NKEx228@64.31 MXCx6757@2.35 AEZSx2995@4.87 RNVAx9643@1.35 
Purchases: WGx5647@2.55 NEONx5583@2.58 PERFx6026@2.39 MFCBx8092@1.78 DNRx6760@2.13 

2015-12-29
Cash: 5.57
Held: PERFx6026@2.41 MFCBx8092@1.76 DNRx6760@2.06 NEONx5583@2.43 WGx5647@2.65 
Value: 71230.19
Sales: WGx5647@2.65 NEONx5583@2.43 PERFx6026@2.41 MFCBx8092@1.76 DNRx6760@2.06 
Purchases: ATECx47479@0.30 ITUSx5584@2.55 CGNTx11396@1.25 FPPx26890@0.53 CAFx703@20.25 

2015-12-30
Cash: 13.93
Held: ITUSx5584@2.97 ATECx47479@0.30 CGNTx11396@1.29 CAFx703@19.91 FPPx26890@0.55 
Value: 74327.99
Sales: FPPx26890@0.55 ATECx47479@0.30 CGNTx11396@1.29 CAFx703@19.91 ITUSx5584@2.97 
Purchases: HQCLx691@21.50 SAJAx3911@3.80 DWSNx4629@3.21 DRYSx65@226.50 NUROx7469@1.99 

2016-01-03
Cash: 155.64
Held: NUROx7469@1.92 HQCLx691@21.11 SAJAx3911@3.75 DWSNx4629@3.43 DRYSx65@255.00 
Value: 76199.39
Sales: HQCLx691@21.11 SAJAx3911@3.75 DWSNx4629@3.43 DRYSx65@255.00 NUROx7469@1.92 
Purchases: YUMAx76217@0.20 SCONx66265@0.23 EDUCx1425@10.69 TRTx5541@2.75 MNGAx10159@1.50 

2016-01-04
Cash: 14.12
Held: MNGAx10159@1.59 EDUCx1425@10.93 TRTx5541@2.93 YUMAx76217@0.23 SCONx66265@0.20 
Value: 78751.73
Sales: YUMAx76217@0.23 MNGAx10159@1.59 EDUCx1425@10.93 TRTx5541@2.93 SCONx66265@0.20 
Purchases: PERIx5267@2.99 AXNx24234@0.65 DRWIx6058@2.60 YINNx996@15.81 BTXx4291@3.67 

2016-01-05
Cash: 7.11
Held: BTXx4291@3.56 PERIx5267@2.88 DRWIx6058@2.51 AXNx24234@0.87 YINNx996@14.66 
Value: 81347.11
Sales: PERIx5267@2.88 DRWIx6058@2.51 AXNx24234@0.87 BTXx4291@3.56 YINNx996@14.66 
Purchases: SHENx804@20.23 UNISx20863@0.78 GIGAx11790@1.38 RDCMx1171@13.88 WKHSx2288@7.11 

2016-01-06
Cash: 18.17
Held: GIGAx11790@1.19 SHENx804@20.45 RDCMx1171@13.40 UNISx20863@0.80 WKHSx2288@7.00 
Value: 78889.55
Sales: SHENx804@20.45 UNISx20863@0.80 GIGAx11790@1.19 RDCMx1171@13.40 WKHSx2288@7.00 
Purchases: EXELx3069@5.14 NAVx1856@8.50 AMSx9738@1.62 BELFBx928@16.98 RBCNx13715@1.15 

2016-01-07
Cash: 21.16
Held: RBCNx13715@1.17 EXELx3069@4.98 NAVx1856@8.05 AMSx9738@1.62 BELFBx928@16.55 
Value: 77418.90
Sales: EXELx3069@4.98 BELFBx928@16.55 AMSx9738@1.62 NAVx1856@8.05 RBCNx13715@1.17 
Purchases: GALEx16295@0.95 MDGLx53385@0.29 AEZSx4677@3.31 CEIx3464@4.47 DTRMx7478@2.07 

2016-01-10
Cash: 6.76
Held: DTRMx7478@2.02 GALEx16295@0.83 MDGLx53385@0.28 CEIx3464@4.40 AEZSx4677@3.29 
Value: 74203.43
Sales: GALEx16295@0.83 MDGLx53385@0.28 AEZSx4677@3.29 CEIx3464@4.40 DTRMx7478@2.02 
Purchases: SORLx7493@1.98 FHx7534@1.97 ARTWx5377@2.76 NTICx1335@11.11 GLFx4681@3.17 

2016-01-11
Cash: 15.18
Held: ARTWx5377@2.90 SORLx7493@1.72 NTICx1335@10.25 GLFx4681@2.94 FHx7534@1.91 
Value: 70330.94
Sales: SORLx7493@1.72 FHx7534@1.91 GLFx4681@2.94 NTICx1335@10.25 ARTWx5377@2.90 
Purchases: MPETx30581@0.46 SBx33497@0.42 GNVCx17587@0.80 NLSTx19269@0.73 MCFx3294@4.27 

2016-01-12
Cash: 2.75
Held: MPETx30581@0.40 SBx33497@0.40 NLSTx19269@0.69 GNVCx17587@0.62 MCFx3294@4.11 
Value: 63364.46
Sales: MPETx30581@0.40 SBx33497@0.40 GNVCx17587@0.62 NLSTx19269@0.69 MCFx3294@4.11 
Purchases: FCXx3032@4.18 HKx21846@0.58 COYNx8070@1.57 EGOx5049@2.51 DSXx5089@2.49 

2016-01-13
Cash: 2.23
Held: DSXx5089@2.12 FCXx3032@3.81 HKx21846@0.58 EGOx5049@2.52 COYNx8070@1.78 
Value: 62100.42
Sales: FCXx3032@3.81 HKx21846@0.58 COYNx8070@1.78 EGOx5049@2.52 DSXx5089@2.12 
Purchases: WGBSx20696@0.60 SINOx23883@0.52 GNVCx20696@0.60 LLITx6863@1.81 OPHCx2484@5.00 

2016-01-14
Cash: 2.47
Held: LLITx6863@1.72 WGBSx20696@0.59 SINOx23883@0.43 OPHCx2484@4.55 GNVCx20696@0.58 
Value: 57589.86
Sales: WGBSx20696@0.59 SINOx23883@0.43 OPHCx2484@4.55 LLITx6863@1.72 GNVCx20696@0.58 
Purchases: GLBSx104722@0.11 TICCx2654@4.34 TREEx182@62.97 HALOx1182@9.74 CGGx8@1382.00 

2016-01-18
Cash: 522.45
Held: HALOx1182@10.31 TICCx2654@4.42 GLBSx104722@0.09 CGGx8@1444.00 TREEx182@68.69 
Value: 57928.39
Sales: TREEx182@68.69 TICCx2654@4.42 GLBSx104722@0.09 CGGx8@1444.00 HALOx1182@10.31 
Purchases: VNRx5387@2.15 SRPTx805@14.39 CURx1370@8.45 GLADx2378@4.87 GSLx6472@1.79 

2016-01-19
Cash: 10.41
Held: SRPTx805@13.00 GLADx2378@4.96 VNRx5387@1.40 GSLx6472@1.73 CURx1370@7.40 
Value: 51151.88
Sales: CURx1370@7.40 SRPTx805@13.00 VNRx5387@1.40 GLADx2378@4.96 GSLx6472@1.73 
Purchases: HOVNPx3410@3.00 MPETx44483@0.23 EVKx6017@1.70 GAZx19673@0.52 COOLx2470@4.14 

2016-01-20
Cash: 3.89
Held: EVKx6017@1.82 COOLx2470@3.96 MPETx44483@0.27 GAZx19673@0.50 HOVNPx3410@3.11 
Value: 53190.98
Sales: MPETx44483@0.27 HOVNPx3410@3.11 EVKx6017@1.82 GAZx19673@0.50 COOLx2470@3.96 
Purchases: TPLMx30386@0.35 CRZOx596@17.84 CLRx669@15.89 TCBIWx471@22.55 SDRLx5751@1.85 

2016-01-21
Cash: 30.53
Held: CLRx669@19.91 SDRLx5751@2.09 CRZOx596@23.05 TCBIWx471@20.09 TPLMx30386@0.45 
Value: 62238.81
Sales: TPLMx30386@0.45 CRZOx596@23.05 TCBIWx471@20.09 CLRx669@19.91 SDRLx5751@2.09 
Purchases: HHx138267@0.09 PNRGx336@37.00 ALKSx369@33.66 MXCx6012@2.07 KONEx3926@3.17 

