2015-11-29
Cash: 10000.00
Held: 
Value: 10000.00
Sales: 
Purchases: YUMAx8000@0.25 SHIx55@36.03 GLOWx4444@0.45 XCOx1738@1.15 REXXx1273@1.57 

2015-11-30
Cash: 20.31
Held: GLOWx4444@0.49 REXXx1273@1.28 YUMAx8000@0.31 XCOx1738@1.26 SHIx55@37.34 
Value: 10551.46
Sales: YUMAx8000@0.31 SHIx55@37.34 REXXx1273@1.28 XCOx1738@1.26 GLOWx4444@0.49 
Purchases: UBRx70@29.95 HPJx730@2.89 VALE.Px772@2.73 SPCBx444@4.75 XKEx426@4.95 

2015-12-01
Cash: 19.30
Held: HPJx730@2.94 VALE.Px772@2.62 UBRx70@30.45 XKEx426@4.77 SPCBx444@4.94 
Value: 10544.60
Sales: HPJx730@2.94 SPCBx444@4.94 UBRx70@30.45 VALE.Px772@2.62 XKEx426@4.77 
Purchases: SKLNx698@3.02 GBLx60@35.06 WGBSx2423@0.87 MESOx352@5.98 OPHCx4487@0.47 

2015-12-02
Cash: 11.04
Held: GBLx60@35.47 SKLNx698@3.11 WGBSx2423@0.79 MESOx352@5.80 OPHCx4487@0.40 
Value: 10060.01
Sales: MESOx352@5.80 GBLx60@35.47 WGBSx2423@0.79 SKLNx698@3.11 OPHCx4487@0.40 
Purchases: INVEx863@2.33 CMLSx761@2.64 SLCTx257@7.80 PRZMx1812@1.11 OGXIx1257@1.60 

2015-12-03
Cash: 12.17
Held: OGXIx1257@1.36 INVEx863@2.21 PRZMx1812@1.32 SLCTx257@7.52 CMLSx761@2.56 
Value: 9903.67
Sales: INVEx863@2.21 CMLSx761@2.56 SLCTx257@7.52 PRZMx1812@1.32 OGXIx1257@1.36 
Purchases: ATVx251@7.88 NETEx10428@0.19 UTIx501@3.95 GIGAx1015@1.95 LLITx869@2.28 

2015-12-06
Cash: 6.64
Held: ATVx251@8.33 GIGAx1015@1.90 LLITx869@2.50 UTIx501@3.74 NETEx10428@0.34 
Value: 11618.69
Sales: ATVx251@8.33 NETEx10428@0.34 LLITx869@2.50 GIGAx1015@1.90 UTIx501@3.74 
Purchases: SBLKx3098@0.75 OPXAx737@3.15 GIGAx1222@1.90 CIDMx6637@0.35 PVHx28@81.19 

2015-12-07
Cash: 54.23
Held: OPXAx737@3.01 CIDMx6637@0.35 GIGAx1222@1.79 SBLKx3098@0.70 PVHx28@79.44 
Value: 11176.91
Sales: OPXAx737@3.01 SBLKx3098@0.70 GIGAx1222@1.79 CIDMx6637@0.35 PVHx28@79.44 
Purchases: THLDx3725@0.60 CRKx255@8.75 GNVCx1090@2.05 VNRx745@3.00 REXXx2213@1.01 

2015-12-08
Cash: 5.33
Held: THLDx3725@0.60 REXXx2213@1.01 GNVCx1090@1.92 VNRx745@3.01 CRKx255@11.20 
Value: 11667.09
Sales: THLDx3725@0.60 CRKx255@11.20 GNVCx1090@1.92 VNRx745@3.01 REXXx2213@1.01 
Purchases: USEGx16665@0.14 TCCOx742@3.14 RASx809@2.88 CORRx135@17.23 RNVAx944@2.47 

2015-12-09
Cash: 13.81
Held: CORRx135@17.19 USEGx16665@0.13 RNVAx944@1.93 RASx809@2.80 TCCOx742@3.70 
Value: 11332.93
Sales: USEGx16665@0.13 TCCOx742@3.70 RASx809@2.80 CORRx135@17.19 RNVAx944@1.93 
Purchases: YUMAx15108@0.15 WMLPx795@2.85 VTNRx1654@1.37 IMHx128@17.66 AEZSx460@4.92 

2015-12-10
Cash: 10.68
Held: VTNRx1654@1.30 IMHx128@18.00 YUMAx15108@0.17 WMLPx795@2.71 AEZSx460@4.65 
Value: 11327.06
Sales: YUMAx15108@0.17 IMHx128@18.00 VTNRx1654@1.30 WMLPx795@2.71 AEZSx460@4.65 
Purchases: CENTx149@15.12 VIVEx3145@0.72 CIENx113@19.94 CASCx166@13.62 MSBx511@4.43 

2015-12-13
Cash: 32.56
Held: CIENx113@19.78 CASCx166@14.28 CENTx149@14.53 VIVEx3145@0.75 MSBx511@4.35 
Value: 11386.09
Sales: CENTx149@14.53 VIVEx3145@0.75 CIENx113@19.78 CASCx166@14.28 MSBx511@4.35 
Purchases: CVOx239@9.52 EDUCx165@13.78 NAVx259@8.78 JRJCx530@4.29 CMLSx1116@2.04 

2015-12-14
Cash: 12.94
Held: CVOx239@8.00 EDUCx165@13.68 NAVx259@8.45 JRJCx530@4.50 CMLSx1116@1.93 
Value: 10909.98
Sales: CVOx239@8.00 EDUCx165@13.68 NAVx259@8.45 JRJCx530@4.50 CMLSx1116@1.93 
Purchases: BGIx4743@0.46 IFMIx1896@1.15 EMFx226@9.65 GASLx350@6.22 TCCOx836@2.61 

2015-12-15
Cash: 8.69
Held: IFMIx1896@1.20 EMFx226@9.85 GASLx350@6.45 TCCOx836@3.19 BGIx4743@0.47 
Value: 11663.40
Sales: TCCOx836@3.19 IFMIx1896@1.20 EMFx226@9.85 GASLx350@6.45 BGIx4743@0.47 
Purchases: CYTXx633@3.68 SBx2592@0.90 KMTx114@20.41 ALIMx1019@2.29 KTECx252@9.25 

2015-12-16
Cash: 11.74
Held: ALIMx1019@2.33 SBx2592@0.91 KTECx252@9.01 CYTXx633@4.50 KMTx114@18.14 
Value: 11931.72
Sales: CYTXx633@4.50 SBx2592@0.91 KMTx114@18.14 ALIMx1019@2.33 KTECx252@9.01 
Purchases: CHNRx1717@1.39 FCELx437@5.45 DRYSx16@142.62 RELVx5821@0.41 AMTXx1051@2.27 

2015-12-17
Cash: 111.01
Held: RELVx5821@0.37 FCELx437@5.74 AMTXx1051@2.26 CHNRx1717@1.46 DRYSx16@134.25 
Value: 11802.85
Sales: CHNRx1717@1.46 FCELx437@5.74 DRYSx16@134.25 RELVx5821@0.37 AMTXx1051@2.26 
Purchases: HKx8742@0.27 TGPx253@9.33 PIRx498@4.74 TKx312@7.56 JXSBx90@26.00 

2015-12-20
Cash: 24.38
Held: PIRx498@4.76 TGPx253@10.10 JXSBx90@25.88 HKx8742@0.30 TKx312@8.91 
Value: 12681.94
Sales: HKx8742@0.30 PIRx498@4.76 TKx312@8.91 TGPx253@10.10 JXSBx90@25.88 
Purchases: MYOSx1153@2.20 CWEIx80@31.64 YGEx5176@0.49 LGCYx2167@1.17 SNOAx2225@1.14 

2015-12-21
Cash: 7.86
Held: CWEIx80@29.28 SNOAx2225@1.12 YGEx5176@0.54 MYOSx1153@2.36 LGCYx2167@1.13 
Value: 12806.68
Sales: CWEIx80@29.28 MYOSx1153@2.36 YGEx5176@0.54 SNOAx2225@1.12 LGCYx2167@1.13 
Purchases: CYTXx898@2.85 COYNx1601@1.60 MESOx428@5.98 URREx6569@0.39 ACTGx608@4.21 

2015-12-22
Cash: 5.66
Held: ACTGx608@3.96 MESOx428@6.35 URREx6569@0.41 CYTXx898@3.22 COYNx1601@1.61 
Value: 13295.46
Sales: CYTXx898@3.22 COYNx1601@1.61 MESOx428@6.35 URREx6569@0.41 ACTGx608@3.96 
Purchases: SPPx262@10.13 HKx10636@0.25 GLUUx1166@2.28 GFNx589@4.51 SCSx182@14.56 

2015-12-23
Cash: 16.22
Held: SPPx262@11.54 SCSx182@14.32 GLUUx1166@2.53 HKx10636@0.32 GFNx589@4.68 
Value: 14755.50
Sales: SPPx262@11.54 HKx10636@0.32 GLUUx1166@2.53 GFNx589@4.68 SCSx182@14.32 
Purchases: NBYx1135@2.60 FCSCx593@4.97 PSDVx658@4.48 CAPRx939@3.14 LEUx2007@1.47 

2015-12-27
Cash: 11.54
Held: PSDVx658@4.55 CAPRx939@2.93 NBYx1135@2.02 LEUx2007@1.58 FCSCx593@4.70 
Value: 14006.95
Sales: NBYx1135@2.02 FCSCx593@4.70 PSDVx658@4.55 CAPRx939@2.93 LEUx2007@1.58 
Purchases: DGLYx396@7.06 RNVAx1867@1.50 NKEx44@63.22 AEZSx580@4.83 MXCx1308@2.14 

2015-12-28
Cash: 29.37
Held: RNVAx1867@1.35 DGLYx396@6.75 MXCx1308@2.35 NKEx44@64.31 AEZSx580@4.87 
Value: 13950.36
Sales: DGLYx396@6.75 NKEx44@64.31 MXCx1308@2.35 AEZSx580@4.87 RNVAx1867@1.35 
Purchases: WGx1093@2.55 NEONx1081@2.58 PERFx1167@2.39 MFCBx1567@1.78 DNRx1309@2.13 

2015-12-29
Cash: 4.45
Held: PERFx1167@2.41 MFCBx1567@1.76 DNRx1309@2.06 NEONx1081@2.43 WGx1093@2.65 
Value: 13795.28
Sales: WGx1093@2.65 NEONx1081@2.43 PERFx1167@2.41 MFCBx1567@1.76 DNRx1309@2.06 
Purchases: ATECx9195@0.30 ITUSx1081@2.55 CGNTx2207@1.25 FPPx5207@0.53 CAFx136@20.25 

2015-12-30
Cash: 7.60
Held: ITUSx1081@2.97 ATECx9195@0.30 CGNTx2207@1.29 CAFx136@19.91 FPPx5207@0.55 
Value: 14395.08
Sales: FPPx5207@0.55 ATECx9195@0.30 CGNTx2207@1.29 CAFx136@19.91 ITUSx1081@2.97 
Purchases: HQCLx133@21.50 SAJAx757@3.80 DWSNx896@3.21 DRYSx12@226.50 NUROx1446@1.99 

2016-01-03
Cash: 185.51
Held: NUROx1446@1.92 HQCLx133@21.11 SAJAx757@3.75 DWSNx896@3.43 DRYSx12@255.00 
Value: 14741.01
Sales: HQCLx133@21.11 SAJAx757@3.75 DWSNx896@3.43 DRYSx12@255.00 NUROx1446@1.92 
Purchases: YUMAx14744@0.20 SCONx12819@0.23 EDUCx275@10.69 TRTx1072@2.75 MNGAx1965@1.50 

2016-01-04
Cash: 10.25
Held: MNGAx1965@1.59 EDUCx275@10.93 TRTx1072@2.93 YUMAx14744@0.23 SCONx12819@0.20 
Value: 15234.59
Sales: YUMAx14744@0.23 MNGAx1965@1.59 EDUCx275@10.93 TRTx1072@2.93 SCONx12819@0.20 
Purchases: PERIx1018@2.99 AXNx4688@0.65 DRWIx1172@2.60 YINNx192@15.81 BTXx830@3.67 

2016-01-05
Cash: 15.01
Held: BTXx830@3.56 PERIx1018@2.88 DRWIx1172@2.51 AXNx4688@0.87 YINNx192@14.66 
Value: 15737.53
Sales: PERIx1018@2.88 DRWIx1172@2.51 AXNx4688@0.87 BTXx830@3.56 YINNx192@14.66 
Purchases: SHENx155@20.23 UNISx4036@0.78 GIGAx2280@1.38 RDCMx226@13.88 WKHSx442@7.11 

2016-01-06
Cash: 28.00
Held: GIGAx2280@1.19 SHENx155@20.45 RDCMx226@13.40 UNISx4036@0.80 WKHSx442@7.00 
Value: 15262.47
Sales: SHENx155@20.45 UNISx4036@0.80 GIGAx2280@1.19 RDCMx226@13.40 WKHSx442@7.00 
Purchases: EXELx593@5.14 NAVx359@8.50 AMSx1884@1.62 BELFBx179@16.98 RBCNx2653@1.15 

2016-01-07
Cash: 18.09
Held: RBCNx2653@1.17 EXELx593@4.98 NAVx359@8.05 AMSx1884@1.62 BELFBx179@16.55 
Value: 14978.33
Sales: EXELx593@4.98 BELFBx179@16.55 AMSx1884@1.62 NAVx359@8.05 RBCNx2653@1.17 
Purchases: GALEx3152@0.95 MDGLx10328@0.29 AEZSx904@3.31 CEIx670@4.47 DTRMx1446@2.07 

2016-01-10
Cash: 7.32
Held: DTRMx1446@2.02 GALEx3152@0.83 MDGLx10328@0.28 CEIx670@4.40 AEZSx904@3.29 
Value: 14356.38
Sales: GALEx3152@0.83 MDGLx10328@0.28 AEZSx904@3.29 CEIx670@4.40 DTRMx1446@2.02 
Purchases: SORLx1449@1.98 FHx1457@1.97 ARTWx1040@2.76 NTICx258@11.11 GLFx905@3.17 

2016-01-11
Cash: 11.63
Held: ARTWx1040@2.90 SORLx1449@1.72 NTICx258@10.25 GLFx905@2.94 FHx1457@1.91 
Value: 13607.73
Sales: SORLx1449@1.72 FHx1457@1.91 GLFx905@2.94 NTICx258@10.25 ARTWx1040@2.90 
Purchases: MPETx5916@0.46 SBx6481@0.42 GNVCx3402@0.80 NLSTx3728@0.73 MCFx637@4.27 

2016-01-12
Cash: 3.09
Held: MPETx5916@0.40 SBx6481@0.40 NLSTx3728@0.69 GNVCx3402@0.62 MCFx637@4.11 
Value: 12260.09
Sales: MPETx5916@0.40 SBx6481@0.40 GNVCx3402@0.62 NLSTx3728@0.69 MCFx637@4.11 
Purchases: FCXx586@4.18 HKx4227@0.58 COYNx1561@1.57 EGOx976@2.51 DSXx984@2.49 

2016-01-13
Cash: 7.62
Held: DSXx984@2.12 FCXx586@3.81 HKx4227@0.58 EGOx976@2.52 COYNx1561@1.78 
Value: 12015.90
Sales: FCXx586@3.81 HKx4227@0.58 COYNx1561@1.78 EGOx976@2.52 DSXx984@2.12 
Purchases: WGBSx4004@0.60 SINOx4621@0.52 GNVCx4004@0.60 LLITx1328@1.81 OPHCx480@5.00 

2016-01-14
Cash: 4.20
Held: LLITx1328@1.72 WGBSx4004@0.59 SINOx4621@0.43 OPHCx480@4.55 GNVCx4004@0.58 
Value: 11143.45
Sales: WGBSx4004@0.59 SINOx4621@0.43 OPHCx480@4.55 LLITx1328@1.72 GNVCx4004@0.58 
Purchases: GLBSx20263@0.11 TICCx513@4.34 TREEx35@62.97 HALOx228@9.74 CGGx1@1382.00 

2016-01-18
Cash: 881.35
Held: HALOx228@10.31 TICCx513@4.42 GLBSx20263@0.09 CGGx1@1444.00 TREEx35@68.69 
Value: 11173.30
Sales: TREEx35@68.69 TICCx513@4.42 GLBSx20263@0.09 CGGx1@1444.00 HALOx228@10.31 
Purchases: VNRx1039@2.15 SRPTx155@14.39 CURx264@8.45 GLADx458@4.87 GSLx1248@1.79 

2016-01-19
Cash: 11.94
Held: SRPTx155@13.00 GLADx458@4.96 VNRx1039@1.40 GSLx1248@1.73 CURx264@7.40 
Value: 9866.87
Sales: CURx264@7.40 SRPTx155@13.00 VNRx1039@1.40 GLADx458@4.96 GSLx1248@1.73 
Purchases: HOVNPx657@3.00 MPETx8580@0.23 EVKx1160@1.70 GAZx3794@0.52 COOLx476@4.14 

2016-01-20
Cash: 6.52
Held: EVKx1160@1.82 COOLx476@3.96 MPETx8580@0.27 GAZx3794@0.50 HOVNPx657@3.11 
Value: 10260.12
Sales: MPETx8580@0.27 HOVNPx657@3.11 EVKx1160@1.82 GAZx3794@0.50 COOLx476@3.96 
Purchases: TPLMx5861@0.35 CRZOx114@17.84 CLRx129@15.89 TCBIWx91@22.55 SDRLx1109@1.85 

2016-01-21
Cash: 21.13
Held: CLRx129@19.91 SDRLx1109@2.09 CRZOx114@23.05 TCBIWx91@20.09 TPLMx5861@0.45 
Value: 11999.72
Sales: TPLMx5861@0.45 CRZOx114@23.05 TCBIWx91@20.09 CLRx129@19.91 SDRLx1109@2.09 
Purchases: HHx26658@0.09 PNRGx64@37.00 ALKSx71@33.66 MXCx1159@2.07 KONEx757@3.17 

2016-01-24
Cash: 43.06
Held: HHx26658@0.12 KONEx757@3.12 ALKSx71@35.44 MXCx1159@2.11 PNRGx64@38.00 
Value: 12995.91
Sales: PNRGx64@38.00 HHx26658@0.12 MXCx1159@2.11 KONEx757@3.12 ALKSx71@35.44 
Purchases: UUUx649@4.00 DDGx78@33.16 OILx562@4.62 EGBNx57@45.09 TCBIWx130@19.88 

2016-01-25
Cash: 62.57
Held: OILx562@4.65 EGBNx57@44.38 UUUx649@4.09 DDGx78@34.41 TCBIWx130@19.88 
Value: 13126.12
Sales: UUUx649@4.09 DDGx78@34.41 OILx562@4.65 EGBNx57@44.38 TCBIWx130@19.88 
Purchases: YUMAx13821@0.19 ATWx452@5.80 CXDCx866@3.03 TDWx514@5.10 DEEx29@89.31 

2016-01-26
Cash: 43.35
Held: TDWx514@5.06 ATWx452@5.80 DEEx29@96.38 YUMAx13821@0.18 CXDCx866@3.14 
Value: 13268.60
Sales: YUMAx13821@0.18 ATWx452@5.80 CXDCx866@3.14 TDWx514@5.06 DEEx29@96.38 
Purchases: ASCMAx256@10.35 GEN           x1560@1.70 GENx1560@1.70 DRYSx13@191.25 BONTx1499@1.77 

2016-01-27
Cash: 175.21
Held: GEN           x1560@1.73 GENx1560@1.73 DRYSx13@206.25 ASCMAx256@11.26 BONTx1499@1.65 
Value: 13611.46
Sales: ASCMAx256@11.26 GEN           x1560@1.73 GENx1560@1.73 DRYSx13@206.25 BONTx1499@1.65 
Purchases: INBKx106@25.58 CVOx630@4.32 SMEDx412@6.60 LPTHx1093@2.49 TSSx68@39.91 

2016-01-28
Cash: 23.08
Held: SMEDx412@5.96 CVOx630@4.08 TSSx68@38.00 LPTHx1093@2.44 INBKx106@26.45 
Value: 13102.56
Sales: INBKx106@26.45 CVOx630@4.08 SMEDx412@5.96 LPTHx1093@2.44 TSSx68@38.00 
Purchases: DVx134@19.52 SEICx69@37.59 ENOCx498@5.26 OSISx50@52.06 EBAYx113@23.19 

2016-01-31
Cash: 49.85
Held: SEICx69@39.28 ENOCx498@5.25 DVx134@19.77 OSISx50@54.09 EBAYx113@23.34 
Value: 13365.88
Sales: SEICx69@39.28 DVx134@19.77 ENOCx498@5.25 OSISx50@54.09 EBAYx113@23.34 
Purchases: CLDXx318@8.39 NTCTx125@21.31 KOOLx10692@0.25 EXTRx944@2.83 ADGEx7423@0.36 

2016-02-01
Cash: 15.93
Held: KOOLx10692@0.23 CLDXx318@8.07 NTCTx125@21.05 ADGEx7423@0.40 EXTRx944@2.79 
Value: 13273.45
Sales: EXTRx944@2.79 ADGEx7423@0.40 NTCTx125@21.05 CLDXx318@8.07 KOOLx10692@0.23 
Purchases: FPAYx4915@0.54 QTMx5648@0.47 IDXGx10618@0.25 MOG.Bx62@42.78 NOKx419@6.33 

2016-02-02
Cash: 6.34
Held: FPAYx4915@0.54 MOG.Bx62@39.56 IDXGx10618@0.25 QTMx5648@0.50 NOKx419@6.36 
Value: 13256.59
Sales: FPAYx4915@0.54 QTMx5648@0.50 IDXGx10618@0.25 MOG.Bx62@39.56 NOKx419@6.36 
Purchases: ENGx3272@0.81 ROIAx1867@1.42 PRZMx4418@0.60 IDTIx140@18.81 DEEx24@109.06 

2016-02-03
Cash: 52.60
Held: ENGx3272@1.01 PRZMx4418@0.61 ROIAx1867@1.36 IDTIx140@18.16 DEEx24@109.06 
Value: 13750.08
Sales: DEEx24@109.06 ROIAx1867@1.36 PRZMx4418@0.61 IDTIx140@18.16 ENGx3272@1.01 
Purchases: USAKx189@14.50 NOVx98@28.05 AXEx67@40.56 LBIXx1697@1.62 PXLWx1978@1.39 

2016-02-04
Cash: 45.24
Held: NOVx98@28.27 PXLWx1978@1.37 LBIXx1697@1.82 AXEx67@41.81 USAKx189@15.75 
Value: 14392.62
Sales: USAKx189@15.75 NOVx98@28.27 AXEx67@41.81 LBIXx1697@1.82 PXLWx1978@1.37 
Purchases: PMTx244@11.80 JLLx24@116.94 BXCx719@4.00 KONEx1273@2.26 GRAx42@67.81 

2016-02-07
Cash: 106.87
Held: GRAx42@65.88 KONEx1273@2.30 PMTx244@11.39 BXCx719@3.91 JLLx24@109.88 
Value: 14030.23
Sales: PMTx244@11.39 JLLx24@109.88 BXCx719@3.91 KONEx1273@2.30 GRAx42@65.88 
Purchases: TBIx134@20.91 CCOx734@3.82 PPPx1721@1.63 STRAx62@44.97 ICUIx32@86.19 

2016-02-08
Cash: 73.59
Held: PPPx1721@1.67 TBIx134@20.69 CCOx734@3.81 ICUIx32@86.06 STRAx62@44.91 
Value: 14054.78
Sales: TBIx134@20.69 STRAx62@44.91 CCOx734@3.81 PPPx1721@1.67 ICUIx32@86.06 
Purchases: SPAx226@12.40 BCRXx1570@1.79 GNWx1578@1.78 ESLx54@51.38 BZHx452@6.21 

2016-02-09
Cash: 51.51
Held: ESLx54@53.06 SPAx226@13.65 GNWx1578@1.67 BCRXx1570@1.84 BZHx452@6.94 
Value: 14662.64
Sales: SPAx226@13.65 ESLx54@53.06 GNWx1578@1.67 BCRXx1570@1.84 BZHx452@6.94 
Purchases: IKGHx2715@1.08 CEMx284@10.30 DNRx2404@1.22 MCZx14666@0.20 EVLVx5146@0.57 

2016-02-10
Cash: 8.89
Held: DNRx2404@1.10 EVLVx5146@0.58 IKGHx2715@1.10 CEMx284@9.90 MCZx14666@0.23 
Value: 14806.92
Sales: IKGHx2715@1.10 CEMx284@9.90 EVLVx5146@0.58 MCZx14666@0.23 DNRx2404@1.10 
Purchases: UNTx417@7.10 BSPMx1987@1.49 USNAx31@93.19 MSTXx13462@0.22 ATECx14810@0.20 

2016-02-11
Cash: 73.14
Held: USNAx31@98.00 ATECx14810@0.22 MSTXx13462@0.25 UNTx417@7.24 BSPMx1987@1.50 
Value: 15733.27
Sales: UNTx417@7.24 USNAx31@98.00 MSTXx13462@0.25 BSPMx1987@1.50 ATECx14810@0.22 
Purchases: CLDx2200@1.43 FWRDx85@36.81 OESXx2383@1.32 IOx1165@2.70 RUSHBx212@14.83 

2016-02-15
Cash: 24.44
Held: FWRDx85@37.91 RUSHBx212@15.57 CLDx2200@1.46 IOx1165@3.44 OESXx2383@1.26 
Value: 16768.28
Sales: CLDx2200@1.46 OESXx2383@1.26 RUSHBx212@15.57 IOx1165@3.44 FWRDx85@37.91 
Purchases: SCSSx212@15.76 TRXx13974@0.24 CBMXx653@5.13 AMSCx583@5.75 GSOLx511@6.56 

2016-02-16
Cash: 21.13
Held: AMSCx583@5.92 TRXx13974@0.27 GSOLx511@7.52 SCSSx212@15.83 CBMXx653@5.24 
Value: 17865.48
Sales: SCSSx212@15.83 TRXx13974@0.27 CBMXx653@5.24 AMSCx583@5.92 GSOLx511@7.52 
Purchases: TPLMx9164@0.39 YANGx25@141.38 FXPx66@54.00 AHPIx2626@1.36 SINOx7941@0.45 

2016-02-17
Cash: 48.78
Held: FXPx66@51.94 AHPIx2626@1.48 SINOx7941@0.45 TPLMx9164@0.42 YANGx25@133.25 
Value: 18116.84
Sales: SINOx7941@0.45 YANGx25@133.25 FXPx66@51.94 AHPIx2626@1.48 TPLMx9164@0.42 
Purchases: YUMAx17257@0.21 LIVEx2307@1.57 ROIAKx2625@1.38 SSGx74@48.81 ADGEx10654@0.34 

2016-02-18
Cash: 13.22
Held: ROIAKx2625@1.37 LIVEx2307@1.47 ADGEx10654@0.36 YUMAx17257@0.19 SSGx74@49.91 
Value: 17807.90
Sales: YUMAx17257@0.19 LIVEx2307@1.47 ROIAKx2625@1.37 SSGx74@49.91 ADGEx10654@0.36 
Purchases: MPETx3561@1.00 DIODx207@17.19 CASYx33@104.81 IOSPx81@43.62 IVCx289@12.31 

2016-02-21
Cash: 138.34
Held: IOSPx81@44.19 DIODx207@17.50 MPETx3561@1.11 CASYx33@107.19 IVCx289@12.67 
Value: 18493.35
Sales: DIODx207@17.50 IOSPx81@44.19 CASYx33@107.19 MPETx3561@1.11 IVCx289@12.67 
Purchases: CVOx1050@3.52 SSYx10271@0.36 ECAx1131@3.27 SMx427@8.66 TRNx221@16.69 

2016-02-22
Cash: 17.18
Held: SSYx10271@0.37 ECAx1131@3.25 CVOx1050@3.18 TRNx221@16.31 SMx427@8.19 
Value: 17934.20
Sales: CVOx1050@3.18 SSYx10271@0.37 SMx427@8.19 ECAx1131@3.25 TRNx221@16.31 
Purchases: NAUHx2599@1.38 LLx311@11.50 COYNx2160@1.66 INAPx1700@2.11 SWNx508@7.05 

2016-02-23
Cash: 17.72
Held: INAPx1700@2.16 NAUHx2599@1.54 LLx311@11.25 SWNx508@6.39 COYNx2160@1.73 
Value: 18175.54
Sales: NAUHx2599@1.54 LLx311@11.25 COYNx2160@1.73 INAPx1700@2.16 SWNx508@6.39 
Purchases: IMNPx8262@0.44 NYNYx272@13.35 LGCYx4846@0.75 INVAx323@11.24 INSx1340@2.71 

2016-02-24
Cash: 10.74
Held: INVAx323@11.45 INSx1340@2.71 IMNPx8262@0.45 NYNYx272@13.73 LGCYx4846@0.78 
Value: 18572.72
Sales: IMNPx8262@0.45 NYNYx272@13.73 LGCYx4846@0.78 INVAx323@11.45 INSx1340@2.71 
Purchases: UNISx3993@0.93 ZIONWx2691@1.38 NLSx208@17.81 AREXx5626@0.66 TECKx669@5.55 

2016-02-25
Cash: 12.75
Held: NLSx208@18.31 AREXx5626@0.69 ZIONWx2691@1.65 TECKx669@6.06 UNISx3993@0.90 
Value: 19791.07
Sales: UNISx3993@0.90 NLSx208@18.31 ZIONWx2691@1.65 AREXx5626@0.69 TECKx669@6.06 
Purchases: TILEx256@15.41 KGCx1379@2.87 ROIAx3664@1.08 SKLNx2474@1.60 OIBR.Cx1832@2.16 

2016-02-28
Cash: 18.28
Held: TILEx256@15.71 SKLNx2474@1.00 ROIAx3664@1.27 OIBR.Cx1832@1.75 KGCx1379@2.94 
Value: 18425.35
Sales: TILEx256@15.71 KGCx1379@2.94 ROIAx3664@1.27 SKLNx2474@1.00 OIBR.Cx1832@1.75 
Purchases: PRAAx162@22.62 ACTGx1240@2.97 MESOx585@6.29 ZBRAx61@59.56 WTWx331@11.11 

2016-02-29
Cash: 86.81
Held: ZBRAx61@62.25 WTWx331@11.70 ACTGx1240@3.15 MESOx585@7.50 PRAAx162@24.91 
Value: 20086.59
Sales: PRAAx162@24.91 MESOx585@7.50 WTWx331@11.70 ACTGx1240@3.15 ZBRAx61@62.25 
Purchases: HSCx1024@3.92 SKLNx6275@0.64 DXPEx292@13.76 IDXGx18262@0.22 FNCXx7306@0.55 

2016-03-01
Cash: 4.47
Held: DXPEx292@15.28 SKLNx6275@0.45 FNCXx7306@0.45 HSCx1024@3.66 IDXGx18262@0.28 
Value: 19439.28
Sales: FNCXx7306@0.45 SKLNx6275@0.45 DXPEx292@15.28 IDXGx18262@0.28 HSCx1024@3.66 
Purchases: FSSx341@11.40 OREXx5183@0.75 IPIx5635@0.69 SKLNx8640@0.45 VRXx59@65.31 

2016-03-02
Cash: 36.32
Held: SKLNx8640@0.41 OREXx5183@0.71 FSSx341@11.60 IPIx5635@0.89 VRXx59@66.81 
Value: 20171.68
Sales: OREXx5183@0.71 IPIx5635@0.89 FSSx341@11.60 SKLNx8640@0.41 VRXx59@66.81 
Purchases: ITGRx127@31.75 FNCXx9841@0.41 ZIONWx2068@1.95 SKLNx9841@0.41 ASPSx199@20.27 

2016-03-03
Cash: 5.68
Held: ZIONWx2068@2.07 ITGRx127@34.00 SKLNx9841@0.38 FNCXx9841@0.42 ASPSx199@20.31 
Value: 20518.15
Sales: ITGRx127@34.00 FNCXx9841@0.42 ZIONWx2068@2.07 SKLNx9841@0.38 ASPSx199@20.31 
Purchases: KONAx334@12.27 AMSx2267@1.81 NAIIx346@11.86 HGSHx2848@1.44 KRx109@37.62 

2016-03-06
Cash: 9.72
Held: KONAx334@13.15 AMSx2267@1.86 KRx109@36.59 NAIIx346@12.06 HGSHx2848@1.44 
Value: 20883.40
Sales: KONAx334@13.15 AMSx2267@1.86 NAIIx346@12.06 HGSHx2848@1.44 KRx109@36.59 
Purchases: TRXx16063@0.26 HSKAx139@30.00 DMRCx154@27.11 ERYx170@24.50 MARKx971@4.30 

2016-03-07
Cash: 20.96
Held: ERYx170@23.19 TRXx16063@0.26 HSKAx139@31.16 DMRCx154@26.95 MARKx971@4.27 
Value: 20766.59
Sales: TRXx16063@0.26 HSKAx139@31.16 DMRCx154@26.95 ERYx170@23.19 MARKx971@4.27 
Purchases: CLNEx1339@3.10 IINx626@6.63 SNMXx1436@2.89 WFTx634@6.55 BASIx3432@1.21 

2016-03-08
Cash: 9.79
Held: IINx626@6.80 BASIx3432@1.30 SNMXx1436@2.80 CLNEx1339@3.10 WFTx634@6.13 
Value: 20786.04
Sales: CLNEx1339@3.10 IINx626@6.80 SNMXx1436@2.80 WFTx634@6.13 BASIx3432@1.30 
Purchases: INUVx2335@1.78 TOPSx1443@2.88 CYRXx2322@1.79 FNHCx210@19.77 OCLRx1034@4.02 

2016-03-09
Cash: 8.57
Held: TOPSx1443@2.90 INUVx2335@1.81 CYRXx2322@1.78 FNHCx210@19.30 OCLRx1034@4.02 
Value: 20761.52
Sales: OCLRx1034@4.02 INUVx2335@1.81 CYRXx2322@1.78 FNHCx210@19.30 TOPSx1443@2.90 
Purchases: MBOTx15377@0.27 DNRx1813@2.29 GASLx1407@2.95 DRYSx24@168.00 SDRLx1051@3.95 

2016-03-10
Cash: 127.18
Held: MBOTx15377@0.26 DNRx1813@2.34 SDRLx1051@3.97 GASLx1407@3.10 DRYSx24@159.62 
Value: 20732.84
Sales: MBOTx15377@0.26 SDRLx1051@3.97 GASLx1407@3.10 DRYSx24@159.62 DNRx1813@2.34 
Purchases: BBSIx171@24.11 TATx4067@1.02 IFONx3483@1.19 SCMPx333@12.44 CCRNx384@10.78 

2016-03-13
Cash: 35.75
Held: IFONx3483@1.14 SCMPx333@12.26 TATx4067@1.06 CCRNx384@11.46 BBSIx171@27.55 
Value: 21507.79
Sales: TATx4067@1.06 BBSIx171@27.55 IFONx3483@1.14 SCMPx333@12.26 CCRNx384@11.46 
Purchases: JCOMx74@57.56 SKLNx23890@0.18 GLBSx28672@0.15 TROVx796@5.40 HMNYx3613@1.19 

2016-03-14
Cash: 47.00
Held: SKLNx23890@0.20 GLBSx28672@0.18 HMNYx3613@1.30 TROVx796@5.70 JCOMx74@58.28 
Value: 23531.92
Sales: GLBSx28672@0.18 SKLNx23890@0.20 TROVx796@5.70 HMNYx3613@1.30 JCOMx74@58.28 
Purchases: SGYx2558@1.84 MTx1167@4.03 SPRTx5473@0.86 DEEx64@73.25 WTIx1897@2.48 

2016-03-15
Cash: 21.65
Held: MTx1167@4.03 WTIx1897@2.45 SGYx2558@1.66 DEEx64@88.00 SPRTx5473@0.90 
Value: 24176.13
Sales: SGYx2558@1.66 MTx1167@4.03 SPRTx5473@0.90 DEEx64@88.00 WTIx1897@2.45 
Purchases: PBR.Ax1421@3.40 ASTCx2505@1.93 EBR.Bx1777@2.72 SAx469@10.30 SSKNx5088@0.95 

2016-03-16
Cash: 11.79
Held: ASTCx2505@1.84 PBR.Ax1421@4.35 SSKNx5088@0.96 SAx469@11.61 EBR.Bx1777@2.97 
Value: 26412.19
Sales: PBR.Ax1421@4.35 ASTCx2505@1.84 EBR.Bx1777@2.97 SSKNx5088@0.96 SAx469@11.61 
Purchases: MDGLx22011@0.24 NRPx571@9.25 OREXx9607@0.55 EVRIx2182@2.42 GCBCx289@18.25 

2016-03-17
Cash: 11.52
Held: NRPx571@9.52 OREXx9607@0.57 MDGLx22011@0.26 GCBCx289@18.00 EVRIx2182@2.39 
Value: 27065.12
Sales: MDGLx22011@0.26 NRPx571@9.52 OREXx9607@0.57 EVRIx2182@2.39 GCBCx289@18.00 
Purchases: CLBSx6445@0.84 GESx295@18.31 CBLIx2122@2.55 BZQx134@40.31 PRKRx16912@0.32 

2016-03-20
Cash: 22.51
Held: CBLIx2122@2.55 PRKRx16912@0.32 CLBSx6445@0.82 GESx295@18.72 BZQx134@40.47 
Value: 27076.88
Sales: CLBSx6445@0.82 PRKRx16912@0.32 CBLIx2122@2.55 GESx295@18.72 BZQx134@40.47 
Purchases: MVISx2820@1.92 AKRXx288@18.80 GFIx1432@3.78 AXTIx2123@2.55 NUROx3185@1.70 

2016-03-21
Cash: 6.81
Held: NUROx3185@1.60 AXTIx2123@2.53 AKRXx288@21.97 MVISx2820@1.70 GFIx1432@3.88 
Value: 27150.21
Sales: MVISx2820@1.70 AXTIx2123@2.53 GFIx1432@3.88 AKRXx288@21.97 NUROx3185@1.60 
Purchases: UAMYx25862@0.21 TBIOx7539@0.72 UNTx557@9.74 EGYx5124@1.06 GASLx2011@2.70 

2016-03-22
Cash: 6.73
Held: UAMYx25862@0.20 GASLx2011@2.68 EGYx5124@1.09 UNTx557@10.01 TBIOx7539@0.65 
Value: 26625.05
Sales: UAMYx25862@0.20 EGYx5124@1.09 UNTx557@10.01 GASLx2011@2.68 TBIOx7539@0.65 
Purchases: UAMYx26631@0.20 DESTx611@8.71 ECTx4033@1.32 XTNTx2218@2.40 INFIx940@5.66 

2016-03-23
Cash: 8.33
Held: ECTx4033@1.33 XTNTx2218@2.39 UAMYx26631@0.18 INFIx940@5.24 DESTx611@7.83 
Value: 25176.92
Sales: UAMYx26631@0.18 DESTx611@7.83 ECTx4033@1.33 INFIx940@5.24 XTNTx2218@2.39 
Purchases: SSRIx936@5.38 QBAKx11445@0.44 NNVCx1683@2.99 LEUx1667@3.02 SCONx23982@0.21 

2016-03-27
Cash: 5.73
Held: SSRIx936@5.52 LEUx1667@3.61 QBAKx11445@0.55 NNVCx1683@3.04 SCONx23982@0.20 
Value: 27391.32
Sales: SSRIx936@5.52 NNVCx1683@3.04 LEUx1667@3.61 SCONx23982@0.20 QBAKx11445@0.55 
Purchases: LCIx298@18.38 YANGx203@26.98 CLMTx480@11.41 HGSHx2899@1.89 NEOGx122@44.75 

2016-03-28
Cash: 25.16
Held: NEOGx122@44.75 HGSHx2899@1.83 CLMTx480@11.35 LCIx298@17.30 YANGx203@26.88 
Value: 26848.90
Sales: CLMTx480@11.35 YANGx203@26.88 NEOGx122@44.75 HGSHx2899@1.83 LCIx298@17.30 
Purchases: TPLMx10326@0.52 SIGMx857@6.26 SPHSx3919@1.37 QRHCx11425@0.47 PRANx1789@3.00 

2016-03-29
Cash: 6.98
Held: SIGMx857@6.81 QRHCx11425@0.46 SPHSx3919@1.43 PRANx1789@3.04 TPLMx10326@0.56 
Value: 27919.99
Sales: TPLMx10326@0.56 SIGMx857@6.81 SPHSx3919@1.43 QRHCx11425@0.46 PRANx1789@3.04 
Purchases: SGYx7160@0.78 LGCYx6893@0.81 NLSTx4104@1.36 BPTx391@14.25 PRPHx4652@1.20 

2016-03-30
Cash: 15.05
Held: PRPHx4652@1.22 BPTx391@14.30 SGYx7160@0.71 NLSTx4104@1.40 LGCYx6893@0.88 
Value: 28174.85
Sales: SGYx7160@0.71 LGCYx6893@0.88 NLSTx4104@1.40 BPTx391@14.30 PRPHx4652@1.22 
Purchases: GOLx695@8.10 OPKx565@9.96 SSNx6709@0.84 NRTx748@7.53 REXXx6628@0.85 

2016-03-31
Cash: 14.00
Held: SSNx6709@0.86 NRTx748@7.80 GOLx695@7.45 OPKx565@10.25 REXXx6628@0.75 
Value: 27557.27
Sales: REXXx6628@0.75 GOLx695@7.45 OPKx565@10.25 SSNx6709@0.86 NRTx748@7.80 
Purchases: CHNRx4022@1.37 YTENx2900@1.90 VRXx211@26.03 NFECx7550@0.73 IDSAx2305@2.39 

2016-04-03
Cash: 21.19
Held: NFECx7550@0.70 YTENx2900@1.86 CHNRx4022@1.74 IDSAx2305@2.50 VRXx211@28.38 
Value: 29451.53
Sales: CHNRx4022@1.74 YTENx2900@1.86 VRXx211@28.38 NFECx7550@0.70 IDSAx2305@2.50 
Purchases: TIVOx335@17.56 NNVCx2664@2.21 VRTBx4148@1.42 NETEx20308@0.29 VNRx4268@1.38 

2016-04-04
Cash: 8.86
Held: VRTBx4148@1.42 TIVOx335@17.47 VNRx4268@1.47 NNVCx2664@2.31 NETEx20308@0.27 
Value: 29662.38
Sales: TIVOx335@17.47 NNVCx2664@2.31 VRTBx4148@1.42 VNRx4268@1.47 NETEx20308@0.27 
Purchases: SPPx553@10.73 AROCx893@6.64 BRCDx657@9.02 AWIx144@41.19 BVXx3683@1.61 

2016-04-05
Cash: 10.19
Held: SPPx553@10.70 AWIx144@41.34 AROCx893@6.78 BRCDx657@9.57 BVXx3683@1.66 
Value: 30340.22
Sales: SPPx553@10.70 AROCx893@6.78 BRCDx657@9.57 AWIx144@41.34 BVXx3683@1.66 
Purchases: VCELx1867@3.25 LBJx97@62.03 FFHLx11453@0.53 SBOTx1576@3.85 DLHCx1728@3.51 

2016-04-06
Cash: 55.95
Held: DLHCx1728@3.80 VCELx1867@3.32 FFHLx11453@0.60 SBOTx1576@4.00 LBJx97@60.03 
Value: 31822.68
Sales: VCELx1867@3.32 LBJx97@60.03 FFHLx11453@0.60 SBOTx1576@4.00 DLHCx1728@3.80 
Purchases: GALEx4080@1.56 NVLNx3575@1.78 IMNx4513@1.41 SPUx2535@2.51 CREGx23570@0.27 

2016-04-07
Cash: 4.50
Held: SPUx2535@2.43 CREGx23570@0.28 GALEx4080@1.45 IMNx4513@1.34 NVLNx3575@1.77 
Value: 31053.63
Sales: GALEx4080@1.45 NVLNx3575@1.77 IMNx4513@1.34 SPUx2535@2.43 CREGx23570@0.28 
Purchases: SHLMx245@25.28 DRWIx891@6.97 ROIAx4968@1.25 FHCOx4703@1.32 BISx172@35.97 

2016-04-10
Cash: 44.52
Held: SHLMx245@25.22 FHCOx4703@1.36 DRWIx891@6.09 ROIAx4968@1.45 BISx172@37.41 
Value: 31685.34
Sales: FHCOx4703@1.36 DRWIx891@6.09 ROIAx4968@1.45 SHLMx245@25.22 BISx172@37.41 
Purchases: UAAx146@43.38 SEACx1646@3.85 VSRx2484@2.55 OHGIx9599@0.66 HOFTx236@26.77 

2016-04-11
Cash: 26.47
Held: VSRx2484@2.78 OHGIx9599@0.63 HOFTx236@26.17 UAAx146@41.16 SEACx1646@3.88 
Value: 31549.75
Sales: UAAx146@41.16 HOFTx236@26.17 VSRx2484@2.78 SEACx1646@3.88 OHGIx9599@0.63 
Purchases: INSYx449@14.03 PNTRx1034@6.10 PRZMx21029@0.30 BZQx172@36.66 GPSx263@23.94 

2016-04-12
Cash: 30.54
Held: GPSx263@23.73 INSYx449@13.86 PRZMx21029@0.30 BZQx172@33.38 PNTRx1034@6.02 
Value: 30769.96
Sales: INSYx449@13.86 PNTRx1034@6.02 PRZMx21029@0.30 BZQx172@33.38 GPSx263@23.73 
Purchases: CBMXx1876@3.28 ALQAx8544@0.72 OREXx12559@0.49 INSYx444@13.86 GLOWx17577@0.35 

2016-04-13
Cash: 3.47
Held: ALQAx8544@0.74 GLOWx17577@0.35 OREXx12559@0.46 INSYx444@14.32 CBMXx1876@3.43 
Value: 31050.66
Sales: INSYx444@14.32 ALQAx8544@0.74 CBMXx1876@3.43 OREXx12559@0.46 GLOWx17577@0.35 
Purchases: IMNPx14115@0.44 YANGx289@21.48 GLBSx20697@0.30 FXPx158@39.16 BZQx188@33.00 

2016-04-14
Cash: 31.11
Held: FXPx158@39.78 IMNPx14115@0.42 GLBSx20697@0.30 BZQx188@33.72 YANGx289@22.05 
Value: 31164.52
Sales: IMNPx14115@0.42 YANGx289@22.05 GLBSx20697@0.30 FXPx158@39.78 BZQx188@33.72 
Purchases: MNKDx3776@1.65 CRKx1684@3.70 STXx231@26.97 CEIx1246@5.00 MLSSx3481@1.79 

2016-04-17
Cash: 12.26
Held: MNKDx3776@1.62 MLSSx3481@1.79 STXx231@25.52 CEIx1246@4.48 CRKx1684@3.50 
Value: 29731.72
Sales: MNKDx3776@1.62 MLSSx3481@1.79 STXx231@25.52 CEIx1246@4.48 CRKx1684@3.50 
Purchases: PLGx2251@2.64 SMCIx222@26.72 SHIPx2832@2.10 LSCCx1052@5.65 SDRLx1665@3.57 

2016-04-18
Cash: 23.29
Held: SHIPx2832@2.36 SDRLx1665@3.90 LSCCx1052@5.67 SMCIx222@27.31 PLGx2251@2.71 
Value: 31331.70
Sales: SMCIx222@27.31 PLGx2251@2.71 SHIPx2832@2.36 LSCCx1052@5.67 SDRLx1665@3.90 
Purchases: FHx3387@1.85 FNCXx18425@0.34 DRWIx939@6.67 FUEx883@7.09 DTRMx3990@1.57 

2016-04-19
Cash: 10.18
Held: DTRMx3990@1.56 FNCXx18425@0.53 DRWIx939@6.48 FHx3387@1.86 FUEx883@9.23 
Value: 36527.39
Sales: FHx3387@1.86 FNCXx18425@0.53 DRWIx939@6.48 FUEx883@9.23 DTRMx3990@1.56 
Purchases: ZSLx183@39.88 ILMNx52@138.50 DPKx269@27.16 ERYx400@18.23 VXXx462@15.80 

2016-04-20
Cash: 131.32
Held: DPKx269@27.08 ERYx400@17.52 VXXx462@16.30 ZSLx183@39.00 ILMNx52@140.00 
Value: 36367.74
Sales: ZSLx183@39.00 ILMNx52@140.00 DPKx269@27.08 ERYx400@17.52 VXXx462@16.30 
Purchases: OMERx539@13.48 HRTXx329@22.05 SMKx316@23.00 CLDXx1818@4.00 FLXSx192@37.72 

2016-04-21
Cash: 68.46
Held: CLDXx1818@4.11 FLXSx192@41.00 OMERx539@13.68 SMKx316@23.00 HRTXx329@22.22 
Value: 37362.62
Sales: FLXSx192@41.00 HRTXx329@22.22 SMKx316@23.00 CLDXx1818@4.11 OMERx539@13.68 
Purchases: TRNSx731@10.22 DTOx50@146.88 SRPTx655@11.41 GLBSx21344@0.35 ERICx903@8.27 

2016-04-24
Cash: 134.47
Held: ERICx903@8.22 TRNSx731@10.28 SRPTx655@14.95 GLBSx21344@0.37 DTOx50@146.25 
Value: 40078.17
Sales: SRPTx655@14.95 DTOx50@146.25 TRNSx731@10.28 GLBSx21344@0.37 ERICx903@8.22 
Purchases: IMNPx22259@0.36 WKHSx1067@7.51 UBNx1248@6.42 LAKEx850@9.43 UALx156@51.06 

2016-04-25
Cash: 52.05
Held: UBNx1248@6.47 LAKEx850@9.37 IMNPx22259@0.40 UALx156@49.75 WKHSx1067@6.99 
Value: 40206.09
Sales: IMNPx22259@0.40 WKHSx1067@6.99 UBNx1248@6.47 LAKEx850@9.37 UALx156@49.75 
Purchases: PRGOx81@98.75 CYRXx3033@2.65 INVEx3773@2.13 MNOVx1095@7.34 STRLx1699@4.73 

2016-04-26
Cash: 54.77
Held: INVEx3773@2.31 STRLx1699@5.56 PRGOx81@99.44 CYRXx3033@2.50 MNOVx1095@7.09 
Value: 41616.83
Sales: PRGOx81@99.44 INVEx3773@2.31 CYRXx3033@2.50 MNOVx1095@7.09 STRLx1699@5.56 
Purchases: LTBRx20305@0.41 Bx254@32.66 EVKx4141@2.01 SPUx3964@2.10 CEIx1931@4.31 

2016-04-27
Cash: 33.70
Held: SPUx3964@2.30 EVKx4141@2.11 Bx254@33.97 LTBRx20305@0.43 CEIx1931@4.30 
Value: 43551.55
Sales: LTBRx20305@0.43 Bx254@33.97 EVKx4141@2.11 SPUx3964@2.30 CEIx1931@4.30 
Purchases: FNCXx28092@0.31 SEEDx4466@1.95 HMNYx6453@1.35 BPTHx3871@2.25 DVAXx483@18.00 

2016-04-28
Cash: 19.03
Held: FNCXx28092@0.30 BPTHx3871@2.22 HMNYx6453@1.29 DVAXx483@17.50 SEEDx4466@2.03 
Value: 42884.31
Sales: FNCXx28092@0.30 SEEDx4466@2.03 HMNYx6453@1.29 BPTHx3871@2.22 DVAXx483@17.50 
Purchases: INFNx710@12.07 GNVCx11288@0.76 IRETx1438@5.96 IPGPx98@87.06 OSISx169@50.59 

2016-05-01
Cash: 83.85
Held: INFNx710@11.88 OSISx169@50.88 GNVCx11288@0.90 IPGPx98@86.56 IRETx1438@6.06 
Value: 44472.00
Sales: INFNx710@11.88 GNVCx11288@0.90 IRETx1438@6.06 IPGPx98@86.56 OSISx169@50.88 
Purchases: CMPRx100@88.50 MOHx171@51.81 IMGNx1319@6.74 SRCLx92@96.19 RUTHx556@15.97 

2016-05-02
Cash: 146.40
Held: RUTHx556@16.66 MOHx171@49.62 SRCLx92@95.06 CMPRx100@88.81 IMGNx1319@6.54 
Value: 44145.17
Sales: CMPRx100@88.81 RUTHx556@16.66 IMGNx1319@6.54 SRCLx92@95.06 MOHx171@49.62 
Purchases: SINOx10034@0.88 CBIOx6792@1.30 STXx433@20.38 GSLx3958@2.23 NSITx363@24.28 

2016-05-03
Cash: 23.49
Held: STXx433@19.81 SINOx10034@0.84 NSITx363@23.38 CBIOx6792@1.42 GSLx3958@1.95 
Value: 42877.40
Sales: SINOx10034@0.84 CBIOx6792@1.42 STXx433@19.81 GSLx3958@1.95 NSITx363@23.38 
Purchases: SHIPx3223@2.66 AROCx1433@5.98 IDXGx20421@0.42 YGEx2784@3.08 AREXx3619@2.37 

2016-05-04
Cash: 9.63
Held: AREXx3619@2.60 SHIPx3223@2.56 YGEx2784@3.06 IDXGx20421@0.44 AROCx1433@7.67 
Value: 46168.66
Sales: SHIPx3223@2.56 AROCx1433@7.67 IDXGx20421@0.44 YGEx2784@3.06 AREXx3619@2.60 
Purchases: EDUCx779@11.85 YGEx3017@3.06 EXASx1570@5.88 BGFVx975@9.46 DRYSx49@186.00 

2016-05-05
Cash: 134.32
Held: EDUCx779@12.62 YGEx3017@3.08 DRYSx49@160.75 EXASx1570@5.84 BGFVx975@8.86 
Value: 44938.90
Sales: YGEx3017@3.08 EDUCx779@12.62 EXASx1570@5.84 DRYSx49@160.75 BGFVx975@8.86 
Purchases: AVDx696@12.91 FSTRx801@11.21 RRTSx1216@7.39 NPOx191@46.97 PTXx14977@0.60 

2016-05-08
Cash: 30.50
Held: AVDx696@13.25 NPOx191@46.81 PTXx14977@0.62 RRTSx1216@8.02 FSTRx801@12.12 
Value: 46943.55
Sales: AVDx696@13.25 FSTRx801@12.12 NPOx191@46.81 RRTSx1216@8.02 PTXx14977@0.62 
Purchases: CIDMx44716@0.21 VGx2289@4.10 GSTx7452@1.26 WFTx1667@5.63 ADGEx32370@0.29 

2016-05-09
Cash: 6.73
Held: VGx2289@4.09 CIDMx44716@2.01 ADGEx32370@0.28 GSTx7452@1.00 WFTx1667@5.33 
Value: 124635.60
Sales: ADGEx32370@0.28 GSTx7452@1.00 CIDMx44716@2.01 WFTx1667@5.33 VGx2289@4.09 
Purchases: BEBEx6828@3.65 QBAKx55399@0.45 KVHIx3085@8.08 ELONx5313@4.69 UNISx69221@0.36 

2016-05-10
Cash: 10.43
Held: ELONx5313@4.69 QBAKx55399@0.45 UNISx69221@0.37 KVHIx3085@7.81 BEBEx6828@3.66 
Value: 124563.66
Sales: ELONx5313@4.69 QBAKx55399@0.45 KVHIx3085@7.81 BEBEx6828@3.66 UNISx69221@0.37 
Purchases: MNKDx25677@0.97 MLSSx11756@2.12 GEN           x12456@2.00 GENx12456@2.00 DTRMx23730@1.05 

2016-05-11
Cash: 2.97
Held: MNKDx25677@0.93 DTRMx23730@1.24 MLSSx11756@2.29 GEN           x12456@2.07 GENx12456@2.07 
Value: 131803.70
Sales: MNKDx25677@0.93 MLSSx11756@2.29 GEN           x12456@2.07 GENx12456@2.07 DTRMx23730@1.24 
Purchases: ODPx7047@3.74 TREXx608@43.34 SPLSx3098@8.51 ADMPx3064@8.60 PTXx61313@0.43 

2016-05-12
Cash: 20.48
Held: PTXx61313@0.41 ODPx7047@3.49 SPLSx3098@8.25 ADMPx3064@7.98 TREXx608@42.09 
Value: 125352.76
Sales: ODPx7047@3.49 TREXx608@42.09 SPLSx3098@8.25 ADMPx3064@7.98 PTXx61313@0.41 
Purchases: Mx807@31.06 CYTRx10850@2.31 GLBSx71610@0.35 XTLBx28812@0.87 NEONx15965@1.57 

2016-05-15
Cash: 5.54
Held: XTLBx28812@0.87 NEONx15965@1.57 GLBSx71610@0.36 Mx807@31.47 CYTRx10850@2.28 
Value: 126058.34
Sales: GLBSx71610@0.36 Mx807@31.47 NEONx15965@1.57 CYTRx10850@2.28 XTLBx28812@0.87 
Purchases: CYTXx9661@2.61 ECC           x1565@16.11 DXPEx1696@14.86 SPHSx25985@0.97 STAAx4649@5.42 

2016-05-16
Cash: 19.17
Held: DXPEx1696@13.55 SPHSx25985@0.90 STAAx4649@5.17 CYTXx9661@2.42 ECC           x1565@16.20 
Value: 119159.43
Sales: CYTXx9661@2.42 ECC           x1565@16.20 DXPEx1696@13.55 SPHSx25985@0.90 STAAx4649@5.17 
Purchases: RGSEx66179@0.36 DYNTx8728@2.73 CASIx19856@1.20 XTNTx13618@1.75 CMLSx9928@2.40 

2016-05-17
Cash: 2.69
Held: DYNTx8728@2.59 RGSEx66179@0.37 XTNTx13618@1.71 CASIx19856@1.23 CMLSx9928@2.28 
Value: 117448.13
Sales: RGSEx66179@0.37 DYNTx8728@2.59 CASIx19856@1.23 XTNTx13618@1.71 CMLSx9928@2.28 
Purchases: AAMEx6868@3.42 VOXXx7012@3.35 VSRx18791@1.25 RLGTx7479@3.14 PRZMx90341@0.26 

2016-05-18
Cash: 5.62
Held: VSRx18791@1.25 AAMEx6868@3.35 PRZMx90341@0.25 RLGTx7479@3.12 VOXXx7012@3.27 
Value: 115338.74
Sales: AAMEx6868@3.35 VOXXx7012@3.27 VSRx18791@1.25 RLGTx7479@3.12 PRZMx90341@0.25 
Purchases: AEHRx22179@1.04 NETEx76879@0.30 LIVEx14420@1.60 TBIOx45251@0.51 DAVEx4660@4.95 

2016-05-19
Cash: 7.13
Held: LIVEx14420@1.57 AEHRx22179@1.04 DAVEx4660@5.16 TBIOx45251@0.55 NETEx76879@0.29 
Value: 116941.52
Sales: AEHRx22179@1.04 NETEx76879@0.29 LIVEx14420@1.57 DAVEx4660@5.16 TBIOx45251@0.55 
Purchases: TISAx13065@1.79 LTRXx21654@1.08 ORMPx2808@8.33 NETEx80638@0.29 SDRLx7218@3.24 

2016-05-22
Cash: 5.09
Held: SDRLx7218@3.06 LTRXx21654@1.00 ORMPx2808@9.00 TISAx13065@1.78 NETEx80638@0.28 
Value: 114862.39
Sales: TISAx13065@1.78 LTRXx21654@1.00 ORMPx2808@9.00 NETEx80638@0.28 SDRLx7218@3.06 
Purchases: WSTLx24440@0.94 YTENx28722@0.80 AUMNx60472@0.38 NWYx13511@1.70 NVCNx46883@0.49 

2016-05-23
Cash: 2.41
Held: NWYx13511@1.74 WSTLx24440@0.90 YTENx28722@0.86 NVCNx46883@0.46 AUMNx60472@0.38 
Value: 114741.94
Sales: YTENx28722@0.86 WSTLx24440@0.90 AUMNx60472@0.38 NWYx13511@1.74 NVCNx46883@0.46 
Purchases: BAAx76482@0.30 HKx99784@0.23 PQx10980@2.09 CADCx8962@2.56 NVCNx49892@0.46 

2016-05-24
Cash: 2.76
Held: BAAx76482@0.28 NVCNx49892@0.46 CADCx8962@2.50 HKx99784@0.23 PQx10980@2.43 
Value: 116399.67
Sales: HKx99784@0.23 NVCNx49892@0.46 CADCx8962@2.50 PQx10980@2.43 BAAx76482@0.28 
Purchases: GFNx5477@4.25 NBYx8405@2.77 NRCIBx615@37.81 STKLx7011@3.32 DSWx1217@19.12 

2016-05-25
Cash: 35.99
Held: NRCIBx615@37.22 NBYx8405@2.91 STKLx7011@3.54 DSWx1217@20.30 GFNx5477@4.08 
Value: 119234.94
Sales: DSWx1217@20.30 NBYx8405@2.91 STKLx7011@3.54 GFNx5477@4.08 NRCIBx615@37.22 
Purchases: CGNTx30581@0.78 YANGx930@25.64 GLBSx50741@0.47 ESEAx11923@2.00 SOXSx804@29.62 

2016-05-26
Cash: 31.26
Held: ESEAx11923@2.05 CGNTx30581@0.79 GLBSx50741@0.45 SOXSx804@29.58 YANGx930@25.03 
Value: 118533.76
Sales: GLBSx50741@0.45 YANGx930@25.03 CGNTx30581@0.79 ESEAx11923@2.05 SOXSx804@29.58 
Purchases: DVx1347@17.59 TGCx34853@0.68 DLx2183@10.86 XRAx28227@0.84 PTXx52687@0.45 

2016-05-30
Cash: 9.95
Held: XRAx28227@0.76 DLx2183@10.43 TGCx34853@0.73 DVx1347@17.94 PTXx52687@0.44 
Value: 117006.88
Sales: DVx1347@17.94 TGCx34853@0.73 DLx2183@10.43 XRAx28227@0.76 PTXx52687@0.44 
Purchases: APLPx1642@14.25 EDUCx2136@10.95 VHIx11816@1.98 TGDx97509@0.24 PTXx53192@0.44 

2016-05-31
Cash: 8.71
Held: EDUCx2136@10.65 TGDx97509@0.27 APLPx1642@13.99 PTXx53192@0.45 VHIx11816@2.00 
Value: 119624.08
Sales: APLPx1642@13.99 EDUCx2136@10.65 VHIx11816@2.00 TGDx97509@0.27 PTXx53192@0.45 
Purchases: AEYx13825@1.73 CYCCx5849@4.09 TTNPx3491@6.85 SYBTx827@28.91 CREGx11733@2.04 

2016-06-01
Cash: 30.26
Held: CREGx11733@2.18 AEYx13825@1.85 SYBTx827@28.91 TTNPx3491@6.35 CYCCx5849@4.40 
Value: 122980.62
Sales: AEYx13825@1.85 CYCCx5849@4.40 TTNPx3491@6.35 SYBTx827@28.91 CREGx11733@2.18 
Purchases: SGYx47298@0.52 MDSYx17563@1.40 PSDVx7106@3.46 EVRIx17322@1.42 HALLx2543@9.67 

2016-06-02
Cash: 4.79
Held: HALLx2543@9.88 PSDVx7106@3.64 SGYx47298@0.41 MDSYx17563@1.55 EVRIx17322@1.40 
Value: 121871.87
Sales: SGYx47298@0.41 MDSYx17563@1.55 HALLx2543@9.88 EVRIx17322@1.40 PSDVx7106@3.64 
Purchases: HOVNPx5243@4.65 DVx1538@15.84 ETRMx696@35.00 DAKTx3924@6.21 AMSCx2722@8.95 

2016-06-05
Cash: 30.30
Held: AMSCx2722@8.65 DVx1538@16.38 DAKTx3924@6.10 HOVNPx5243@4.89 ETRMx696@34.66 
Value: 122460.93
Sales: DVx1538@16.38 DAKTx3924@6.10 ETRMx696@34.66 AMSCx2722@8.65 HOVNPx5243@4.89 
Purchases: SGYx61245@0.40 OPTTx6330@3.87 SRPTx1565@15.65 CONNx2870@8.53 HKx81627@0.30 

2016-06-06
Cash: 10.67
Held: CONNx2870@8.52 SRPTx1565@21.19 SGYx61245@0.64 HKx81627@0.33 OPTTx6330@4.54 
Value: 152512.10
Sales: SGYx61245@0.64 HKx81627@0.33 SRPTx1565@21.19 CONNx2870@8.52 OPTTx6330@4.54 
Purchases: CDTIx17940@1.70 IDXGx108925@0.28 COYNx20334@1.50 ADMPx7387@4.13 FPPx51712@0.59 

2016-06-07
Cash: 5.17
Held: IDXGx108925@0.32 CDTIx17940@1.70 ADMPx7387@3.82 FPPx51712@0.68 COYNx20334@1.29 
Value: 154995.68
Sales: ADMPx7387@3.82 CDTIx17940@1.70 COYNx20334@1.29 IDXGx108925@0.32 FPPx51712@0.68 
Purchases: MOCx10991@2.82 GIGx12152@2.55 XCRAx4613@6.72 DRYSx379@81.62 BOSCx10333@3.00 

2016-06-08
Cash: 72.06
Held: XCRAx4613@6.66 MOCx10991@2.67 GIGx12152@2.40 DRYSx379@72.62 BOSCx10333@3.08 
Value: 148661.34
Sales: MOCx10991@2.67 GIGx12152@2.40 XCRAx4613@6.66 DRYSx379@72.62 BOSCx10333@3.08 
Purchases: CALIx16333@1.82 NTNx247778@0.12 GIGAx25845@1.15 OPTTx8644@3.44 DCTHx110111@0.27 

2016-06-09
Cash: 3.43
Held: CALIx16333@1.85 GIGAx25845@1.13 DCTHx110111@0.23 NTNx247778@0.13 OPTTx8644@3.36 
Value: 145989.09
Sales: CALIx16333@1.85 NTNx247778@0.13 GIGAx25845@1.13 OPTTx8644@3.36 DCTHx110111@0.23 
Purchases: SGYx54066@0.54 DLHCx6807@4.29 AREXx11633@2.51 HOMBx1329@21.97 BLINx26296@1.11 

2016-06-12
Cash: 5.31
Held: AREXx11633@2.35 DLHCx6807@4.40 SGYx54066@5.18 BLINx26296@1.09 HOMBx1329@22.19 
Value: 395469.18
Sales: SGYx54066@5.18 BLINx26296@1.09 HOMBx1329@22.19 AREXx11633@2.35 DLHCx6807@4.40 
Purchases: ACURx37670@2.10 OCNx45450@1.74 TLRDx6943@11.39 HMNYx7909@10.00 BLINx72573@1.09 

2016-06-13
Cash: 14.90
Held: ACURx37670@2.02 HMNYx7909@10.34 BLINx72573@1.20 OCNx45450@1.65 TLRDx6943@11.73 
Value: 401428.92
Sales: ACURx37670@2.02 OCNx45450@1.65 TLRDx6943@11.73 HMNYx7909@10.34 BLINx72573@1.20 
Purchases: ONVIx21243@3.78 ACURx39754@2.02 CBIOx50190@1.60 WLLx6934@11.58 CWEIx3476@23.09 

2016-06-14
Cash: 19.88
Held: CWEIx3476@23.20 ONVIx21243@3.44 ACURx39754@1.90 WLLx6934@11.21 CBIOx50190@1.64 
Value: 389316.97
Sales: CWEIx3476@23.20 ONVIx21243@3.44 CBIOx50190@1.64 WLLx6934@11.21 ACURx39754@1.90 
Purchases: AXON          x5946@13.09 MESOx18490@4.21 FPPx112855@0.69 INFIx57693@1.35 KOOLx25441@3.06 

2016-06-15
Cash: 11.57
Held: KOOLx25441@3.01 AXON          x5946@12.83 INFIx57693@1.56 MESOx18490@4.02 FPPx112855@0.73 
Value: 399538.42
Sales: AXON          x5946@12.83 MESOx18490@4.02 FPPx112855@0.73 INFIx57693@1.56 KOOLx25441@3.01 
Purchases: KEGx363265@0.22 IDNx50261@1.59 MESOx19879@4.02 DRAMx33154@2.41 CALIx42728@1.87 

2016-06-16
Cash: 6.68
Held: CALIx42728@1.78 DRAMx33154@2.60 MESOx19879@4.09 KEGx363265@0.22 IDNx50261@1.61 
Value: 404409.19
Sales: DRAMx33154@2.60 CALIx42728@1.78 KEGx363265@0.22 MESOx19879@4.09 IDNx50261@1.61 
Purchases: TTIx14602@5.54 SYMXx77044@1.05 NVLNx54632@1.48 CAVMx2026@39.91 KFYx3627@22.30 

2016-06-19
Cash: 44.85
Held: TTIx14602@5.77 NVLNx54632@1.44 SYMXx77044@1.05 CAVMx2026@40.41 KFYx3627@22.69 
Value: 408016.88
Sales: KFYx3627@22.69 TTIx14602@5.77 SYMXx77044@1.05 NVLNx54632@1.44 CAVMx2026@40.41 
Purchases: FFBCWx11117@7.34 SITOx24136@3.38 GBRx50368@1.62 PTXx163206@0.50 RNVAx121810@0.67 

2016-06-20
Cash: 11.17
Held: FFBCWx11117@7.34 PTXx163206@0.48 RNVAx121810@0.68 SITOx24136@3.20 GBRx50368@1.67 
Value: 404123.08
Sales: FFBCWx11117@7.34 SITOx24136@3.20 RNVAx121810@0.68 GBRx50368@1.67 PTXx163206@0.48 
Purchases: CLNTx85988@0.94 DPKx2857@28.28 SALMx13297@6.08 ISRLx1049@77.00 CRTNx76280@1.06 

2016-06-21
Cash: 82.02
Held: CRTNx76280@1.06 DPKx2857@27.95 SALMx13297@6.16 CLNTx85988@0.92 ISRLx1049@77.00 
Value: 402554.96
Sales: CLNTx85988@0.92 DPKx2857@27.95 CRTNx76280@1.06 ISRLx1049@77.00 SALMx13297@6.16 
Purchases: CDXCx27758@2.90 CBIOx52612@1.53 INFIx61478@1.31 SPHSx46264@1.74 VHCx19592@4.11 

2016-06-22
Cash: 4.33
Held: INFIx61478@1.34 VHCx19592@4.20 SPHSx46264@1.79 CDXCx27758@3.10 CBIOx52612@1.46 
Value: 410311.13
Sales: SPHSx46264@1.79 CBIOx52612@1.46 VHCx19592@4.20 INFIx61478@1.34 CDXCx27758@3.10 
Purchases: YTENx113941@0.72 ACADx2449@33.50 BSPMx20565@3.99 TSLAx419@195.75 NVCNx134558@0.61 

2016-06-23
Cash: 67.22
Held: ACADx2449@30.88 YTENx113941@0.71 NVCNx134558@0.49 TSLAx419@190.00 BSPMx20565@3.20 
Value: 367907.80
Sales: YTENx113941@0.71 ACADx2449@30.88 BSPMx20565@3.20 TSLAx419@190.00 NVCNx134558@0.49 
Purchases: MSNx126847@0.58 MLNKx61307@1.20 INVTx46568@1.58 CPHIx319946@0.23 EBSx2520@29.19 

2016-06-26
Cash: 31.34
Held: EBSx2520@29.80 INVTx46568@1.51 CPHIx319946@0.24 MLNKx61307@1.17 MSNx126847@0.55 
Value: 363675.63
Sales: MSNx126847@0.55 MLNKx61307@1.17 INVTx46568@1.51 CPHIx319946@0.24 EBSx2520@29.80 
Purchases: DZKx2076@35.03 LYGx25700@2.83 SANx19662@3.70 TI.Ax12083@6.02 BCSx10315@7.05 

2016-06-27
Cash: 20.90
Held: BCSx10315@7.27 SANx19662@3.80 LYGx25700@2.99 DZKx2076@37.00 TI.Ax12083@6.11 
Value: 377217.68
Sales: DZKx2076@37.00 LYGx25700@2.99 SANx19662@3.80 TI.Ax12083@6.11 BCSx10315@7.27 
Purchases: CFXx2929@25.75 MANx1226@61.50 CDIx13524@5.58 DRYSx2095@36.00 SSNCx2851@26.45 

2016-06-28
Cash: 120.51
Held: MANx1226@61.53 CFXx2929@26.22 SSNCx2851@27.45 DRYSx2095@37.19 CDIx13524@5.71 
Value: 385763.93
Sales: CDIx13524@5.71 SSNCx2851@27.45 DRYSx2095@37.19 CFXx2929@26.22 MANx1226@61.53 
Purchases: DRAMx41934@1.84 WGx30503@2.53 NNBRx5614@13.74 CIEx52845@1.46 OHAIx37442@2.06 

2016-06-29
Cash: 9.50
Held: NNBRx5614@13.55 WGx30503@2.40 DRAMx41934@1.95 OHAIx37442@1.95 CIEx52845@1.35 
Value: 375399.59
Sales: WGx30503@2.40 DRAMx41934@1.95 NNBRx5614@13.55 CIEx52845@1.35 OHAIx37442@1.95 
Purchases: GALEx214454@0.35 RGSEx17585@4.27 RNVAx115524@0.65 OPTTx31278@2.40 MNGAx134057@0.56 

2016-06-30
Cash: 1.53
Held: MNGAx134057@0.59 GALEx214454@0.50 RGSEx17585@4.10 RNVAx115524@0.61 OPTTx31278@2.52 
Value: 407686.93
Sales: MNGAx134057@0.59 RGSEx17585@4.10 RNVAx115524@0.61 OPTTx31278@2.52 GALEx214454@0.50 
Purchases: GRNx16410@4.97 NYMXx23639@3.45 SBOTx21073@3.87 OGENx153906@0.53 UQMx129448@0.63 

2016-07-04
Cash: 5.08
Held: GRNx16410@5.47 NYMXx23639@3.50 UQMx129448@0.63 SBOTx21073@3.80 OGENx153906@0.60 
Value: 426473.33
Sales: GRNx16410@5.47 NYMXx23639@3.50 SBOTx21073@3.80 OGENx153906@0.60 UQMx129448@0.63 
Purchases: AMCNx25688@3.32 HIMXx10538@8.09 TTNPx15973@5.34 LGF.Ax4356@19.58 ARQLx46359@1.84 

2016-07-05
Cash: 20.25
Held: AMCNx25688@3.12 TTNPx15973@5.22 LGF.Ax4356@19.00 HIMXx10538@8.10 ARQLx46359@1.74 
Value: 412317.62
Sales: AMCNx25688@3.12 HIMXx10538@8.10 LGF.Ax4356@19.00 TTNPx15973@5.22 ARQLx46359@1.74 
Purchases: TPLMx358567@0.23 HNRx121238@0.68 QUIKx90603@0.91 BIOLx80040@1.03 DFBGx31602@2.61 

2016-07-06
Cash: 3.62
Held: HNRx121238@0.76 QUIKx90603@0.94 DFBGx31602@2.87 TPLMx358567@0.26 BIOLx80040@1.04 
Value: 444423.82
Sales: TPLMx358567@0.26 HNRx121238@0.76 BIOLx80040@1.04 QUIKx90603@0.94 DFBGx31602@2.87 
Purchases: SYUTx26613@3.34 ROIAx27953@3.18 TI.Ax15703@5.66 DRYSx3158@28.14 TIx12662@7.02 

2016-07-07
Cash: 27.93
Held: SYUTx26613@3.44 TIx12662@7.19 ROIAx27953@3.11 DRYSx3158@28.02 TI.Ax15703@5.82 
Value: 449405.75
Sales: ROIAx27953@3.11 TIx12662@7.19 TI.Ax15703@5.82 DRYSx3158@28.02 SYUTx26613@3.44 
Purchases: CAPRx21768@4.13 GPLx58362@1.54 DYYx29367@3.06 VGZx55145@1.63 FORDx62398@1.44 

2016-07-10
Cash: 9.06
Held: VGZx55145@1.66 FORDx62398@1.32 CAPRx21768@4.20 DYYx29367@3.20 GPLx58362@1.55 
Value: 449752.99
Sales: GPLx58362@1.55 DYYx29367@3.20 CAPRx21768@4.20 VGZx55145@1.66 FORDx62398@1.32 
Purchases: PEDx359802@0.25 UCOx8337@10.79 CDTIx47601@1.89 PSMTx1078@83.38 BLINx89950@1.00 

2016-07-11
Cash: 76.67
Held: PEDx359802@0.24 PSMTx1078@85.00 UCOx8337@11.07 BLINx89950@0.93 CDTIx47601@3.98 
Value: 543492.43
Sales: PEDx359802@0.24 UCOx8337@11.07 CDTIx47601@3.98 PSMTx1078@85.00 BLINx89950@0.93 
Purchases: HGGx60068@1.81 VSRx79335@1.37 RWCx21521@5.05 FPPx213232@0.51 INTXx52503@2.07 

2016-07-12
Cash: 3.09
Held: VSRx79335@1.48 RWCx21521@5.35 INTXx52503@2.05 HGGx60068@1.89 FPPx213232@0.65 
Value: 592386.60
Sales: HGGx60068@1.89 VSRx79335@1.48 RWCx21521@5.35 INTXx52503@2.05 FPPx213232@0.65 
Purchases: USEGx57497@2.06 BGIx51979@2.28 DGLYx22350@5.30 SRNEx18337@6.46 CNTFx69286@1.71 

2016-07-13
Cash: 12.74
Held: CNTFx69286@1.74 USEGx57497@2.08 SRNEx18337@6.30 DGLYx22350@5.77 BGIx51979@2.48 
Value: 613603.61
Sales: USEGx57497@2.08 CNTFx69286@1.74 DGLYx22350@5.77 SRNEx18337@6.30 BGIx51979@2.48 
Purchases: GALEx299383@0.41 NAKx266806@0.46 FUEx14917@8.23 HMNYx13864@8.85 CETCx33350@3.68 

2016-07-14
Cash: 11.28
Held: GALEx299383@0.41 NAKx266806@0.51 HMNYx13864@9.40 FUEx14917@8.23 CETCx33350@3.55 
Value: 630174.65
Sales: GALEx299383@0.41 CETCx33350@3.55 FUEx14917@8.23 HMNYx13864@9.40 NAKx266806@0.51 
Purchases: BDSIx48665@2.59 HNRx179999@0.70 DWSNx16563@7.61 CRTNx151835@0.83 HLXx18187@6.93 

2016-07-17
Cash: 6.23
Held: CRTNx151835@0.89 HLXx18187@6.75 HNRx179999@0.71 DWSNx16563@8.11 BDSIx48665@2.60 
Value: 646540.21
Sales: BDSIx48665@2.60 HNRx179999@0.71 DWSNx16563@8.11 CRTNx151835@0.89 HLXx18187@6.75 
Purchases: ETRMx7103@18.20 CWEIx4404@29.36 CYCCx25861@5.00 OHGIx159628@0.81 INFYx7712@16.77 

2016-07-18
Cash: 35.20
Held: CWEIx4404@30.69 INFYx7712@16.81 OHGIx159628@0.82 ETRMx7103@17.42 CYCCx25861@5.02 
Value: 649265.52
Sales: CWEIx4404@30.69 ETRMx7103@17.42 CYCCx25861@5.02 OHGIx159628@0.82 INFYx7712@16.81 
Purchases: ETRMx7453@17.42 FOEx10279@12.63 PHMDx480902@0.27 BGIx55265@2.35 TGCx139600@0.93 

2016-07-19
Cash: 10.98
Held: TGCx139600@0.87 FOEx10279@12.53 PHMDx480902@0.25 ETRMx7453@16.45 BGIx55265@2.66 
Value: 640152.23
Sales: ETRMx7453@16.45 TGCx139600@0.87 PHMDx480902@0.25 BGIx55265@2.66 FOEx10279@12.53 
Purchases: SMCIx6705@19.09 HHx85912@1.49 BCLIx49811@2.57 ISNSx53337@2.40 SBOTx41175@3.11 

2016-07-20
Cash: 11.63
Held: HHx85912@1.48 ISNSx53337@2.48 BCLIx49811@2.52 SBOTx41175@3.15 SMCIx6705@19.58 
Value: 645991.46
Sales: SMCIx6705@19.58 HHx85912@1.48 BCLIx49811@2.52 ISNSx53337@2.48 SBOTx41175@3.15 
Purchases: UNISx38571@3.35 SIEBx115343@1.12 CENXx17849@7.24 ZEUSx4796@26.94 AXUx79268@1.63 

2016-07-21
Cash: 10.12
Held: ZEUSx4796@27.70 CENXx17849@7.05 SIEBx115343@1.20 AXUx79268@1.67 UNISx38571@3.77 
Value: 674923.78
Sales: UNISx38571@3.77 SIEBx115343@1.20 CENXx17849@7.05 ZEUSx4796@27.70 AXUx79268@1.67 
Purchases: BGIx56006@2.41 TBIOx299998@0.45 WCSTx85429@1.58 CRTNx192781@0.70 CMLSx43276@3.12 

2016-07-24
Cash: 3.35
Held: CRTNx192781@0.75 WCSTx85429@1.57 CMLSx43276@3.12 TBIOx299998@0.43 BGIx56006@2.67 
Value: 692233.53
Sales: BGIx56006@2.67 TBIOx299998@0.43 WCSTx85429@1.57 CRTNx192781@0.75 CMLSx43276@3.12 
Purchases: MCFx14501@9.55 GLBSx242963@0.57 TYPEx7021@19.72 OLNx6707@20.64 ASPSx5544@24.97 

2016-07-25
Cash: 39.33
Held: TYPEx7021@20.44 GLBSx242963@0.56 ASPSx5544@24.30 MCFx14501@9.29 OLNx6707@20.84 
Value: 688806.13
Sales: GLBSx242963@0.56 MCFx14501@9.29 TYPEx7021@20.44 OLNx6707@20.84 ASPSx5544@24.30 
Purchases: IUSGx3246@42.44 IUSVx3000@45.91 ITOTx2793@49.31 UGEx3375@40.81 UXIx3201@43.03 

2016-07-26
Cash: 120.23
Held: UGEx3375@40.50 UXIx3201@43.28 IUSGx3246@42.62 IUSVx3000@46.06 ITOTx2793@49.47 
Value: 690065.48
Sales: IUSGx3246@42.62 IUSVx3000@46.06 ITOTx2793@49.47 UGEx3375@40.50 UXIx3201@43.28 
Purchases: CBMXx43139@3.20 TCCOx35384@3.90 TOPSx43271@3.19 GBRx38655@3.57 CRMEx45855@3.01 

2016-07-27
Cash: 8.90
Held: TOPSx43271@3.40 GBRx38655@3.00 CRMEx45855@3.07 TCCOx35384@3.82 CBMXx43139@3.11 
Value: 673214.65
Sales: CBMXx43139@3.11 GBRx38655@3.00 TOPSx43271@3.40 CRMEx45855@3.07 TCCOx35384@3.82 
Purchases: CBMXx43302@3.11 AKAMx2669@50.44 CVGIx33238@4.05 SPUx13954@9.65 SPHSx24941@5.40 

2016-07-28
Cash: 38.21
Held: SPUx13954@12.82 CVGIx33238@3.97 SPHSx24941@5.95 AKAMx2669@50.62 CBMXx43302@3.06 
Value: 726936.47
Sales: CBMXx43302@3.06 AKAMx2669@50.62 CVGIx33238@3.97 SPUx13954@12.82 SPHSx24941@5.95 
Purchases: RCIIx13485@10.78 INFNx17392@8.36 KOOLx36065@4.03 RRTSx20053@7.25 SCONx50126@2.90 

2016-07-31
Cash: 8.80
Held: KOOLx36065@4.85 INFNx17392@8.80 RCIIx13485@10.81 RRTSx20053@7.57 SCONx50126@2.82 
Value: 766960.68
Sales: INFNx17392@8.80 SCONx50126@2.82 RCIIx13485@10.81 RRTSx20053@7.57 KOOLx36065@4.85 
Purchases: DRAMx86685@1.77 MVISx98355@1.56 WRLDx3518@43.59 CHCIx82453@1.86 BCORx15279@10.04 

2016-08-01
Cash: 36.11
Held: BCORx15279@10.08 DRAMx86685@1.58 WRLDx3518@45.53 CHCIx82453@1.82 MVISx98355@1.55 
Value: 753689.05
Sales: DRAMx86685@1.58 MVISx98355@1.55 WRLDx3518@45.53 CHCIx82453@1.82 BCORx15279@10.08 
Purchases: UNISx43702@3.45 YTENx274166@0.55 BASx221615@0.68 KERXx33266@4.53 EHTHx16309@9.24 

2016-08-02
Cash: 8.99
Held: BASx221615@0.65 YTENx274166@0.50 EHTHx16309@9.10 KERXx33266@4.21 UNISx43702@3.08 
Value: 704244.10
Sales: UNISx43702@3.08 YTENx274166@0.50 BASx221615@0.65 KERXx33266@4.21 EHTHx16309@9.10 
Purchases: GRNx29031@4.85 PTNx265860@0.53 GENCx12027@11.71 SIEBx112679@1.25 XBKSx66465@2.12 

2016-08-03
Cash: 4.83
Held: GRNx29031@5.15 PTNx265860@0.62 GENCx12027@12.13 SIEBx112679@1.17 XBKSx66465@1.96 
Value: 722349.24
Sales: GRNx29031@5.15 PTNx265860@0.62 GENCx12027@12.13 XBKSx66465@1.96 SIEBx112679@1.17 
Purchases: VGZx114679@1.26 TOPSx26211@5.51 MFINx27254@5.30 CROXx17090@8.45 SPEXx96313@1.50 

2016-08-04
Cash: 12.02
Held: TOPSx26211@5.18 VGZx114679@1.20 SPEXx96313@1.52 CROXx17090@8.30 MFINx27254@5.89 
Value: 722101.31
Sales: MFINx27254@5.89 CROXx17090@8.30 TOPSx26211@5.18 SPEXx96313@1.52 VGZx114679@1.20 
Purchases: ABACx61465@2.35 OMEXx39562@3.65 ESEAx63091@2.29 SGMOx29912@4.83 KOOLx32459@4.45 

2016-08-07
Cash: 10.51
Held: ABACx61465@2.56 KOOLx32459@4.31 ESEAx63091@2.45 SGMOx29912@4.82 OMEXx39562@3.77 
Value: 745086.21
Sales: ABACx61465@2.56 OMEXx39562@3.77 SGMOx29912@4.82 ESEAx63091@2.45 KOOLx32459@4.31 
Purchases: PLPMx41398@3.60 QVCBx6768@22.02 PPPx85630@1.74 HOSx24627@6.05 SWIRx10715@13.91 

2016-08-08
Cash: 33.50
Held: PLPMx41398@3.74 SWIRx10715@14.48 HOSx24627@6.67 QVCBx6768@21.92 PPPx85630@1.76 
Value: 773352.34
Sales: HOSx24627@6.67 PPPx85630@1.76 QVCBx6768@21.92 PLPMx41398@3.74 SWIRx10715@14.48 
Purchases: SHENx4927@31.39 RGSEx21162@7.31 DGLYx30042@5.15 LONEx18096@8.55 TAx20569@7.52 

2016-08-09
Cash: 23.42
Held: RGSEx21162@7.55 SHENx4927@30.11 LONEx18096@9.38 DGLYx30042@5.06 TAx20569@7.75 
Value: 789333.34
Sales: SHENx4927@30.11 RGSEx21162@7.55 DGLYx30042@5.06 LONEx18096@9.38 TAx20569@7.75 
Purchases: IKGHx216261@0.73 IMUCx1214313@0.13 ISNSx38489@4.10 MTSLx125314@1.26 MTWx32151@4.91 

2016-08-10
Cash: 2.67
Held: IMUCx1214313@0.12 ISNSx38489@3.75 IKGHx216261@0.77 MTSLx125314@1.25 MTWx32151@4.78 
Value: 766937.72
Sales: IKGHx216261@0.77 IMUCx1214313@0.12 ISNSx38489@3.75 MTSLx125314@1.25 MTWx32151@4.78 
Purchases: SPWRx14806@10.36 FSTRx16388@9.36 AMSCx21422@7.16 MYGNx7859@19.52 RELVx236016@0.65 

2016-08-11
Cash: 29.86
Held: RELVx236016@0.74 SPWRx14806@10.52 AMSCx21422@6.68 MYGNx7859@20.86 FSTRx16388@9.55 
Value: 794027.31
Sales: SPWRx14806@10.52 FSTRx16388@9.55 AMSCx21422@6.68 RELVx236016@0.74 MYGNx7859@20.86 
Purchases: GALTx83564@1.90 APEIx7172@22.14 SHLMx7218@22.00 SUNWx56700@2.80 TCCOx56503@2.81 

2016-08-14
Cash: 25.88
Held: GALTx83564@1.95 SHLMx7218@21.61 SUNWx56700@2.77 TCCOx56503@2.62 APEIx7172@22.00 
Value: 781774.19
Sales: GALTx83564@1.95 TCCOx56503@2.62 SHLMx7218@21.61 SUNWx56700@2.77 APEIx7172@22.00 
Purchases: KEGx1954018@0.08 RTx48400@3.23 AMSx70099@2.23 SMEDx36454@4.29 SGMOx35203@4.44 

2016-08-15
Cash: 6.74
Held: SMEDx36454@4.69 RTx48400@3.27 KEGx1954018@0.08 SGMOx35203@4.57 AMSx70099@2.10 
Value: 793696.63
Sales: RTx48400@3.27 KEGx1954018@0.08 AMSx70099@2.10 SMEDx36454@4.69 SGMOx35203@4.57 
Purchases: DLAx7857@20.20 EVKx70858@2.24 UECx148311@1.07 URREx112568@1.41 OGENx240457@0.66 

2016-08-16
Cash: 5.38
Held: EVKx70858@2.32 DLAx7857@19.00 UECx148311@1.12 URREx112568@1.36 OGENx240457@0.68 
Value: 796511.86
Sales: DLAx7857@19.00 EVKx70858@2.32 URREx112568@1.36 UECx148311@1.12 OGENx240457@0.68 
Purchases: MEETx30343@5.25 LIVEx87513@1.82 NETEx81685@1.95 SPHSx37040@4.30 OGXIx318604@0.50 

2016-08-17
Cash: 5.46
Held: LIVEx87513@1.80 MEETx30343@5.48 OGXIx318604@0.50 SPHSx37040@4.46 NETEx81685@1.88 
Value: 801898.99
Sales: MEETx30343@5.48 LIVEx87513@1.80 NETEx81685@1.88 SPHSx37040@4.46 OGXIx318604@0.50 
Purchases: PEDx697362@0.23 IKGHx254618@0.63 SPUx21529@7.45 CIDMx79414@2.02 NVCNx267256@0.60 

2016-08-18
Cash: 6.86
Held: SPUx21529@6.49 CIDMx79414@2.02 NVCNx267256@0.58 PEDx697362@0.24 IKGHx254618@0.56 
Value: 765062.55
Sales: PEDx697362@0.24 IKGHx254618@0.56 NVCNx267256@0.58 SPUx21529@6.49 CIDMx79414@2.02 
Purchases: ABACx53113@2.88 PLABx16957@9.02 WPCSx115040@1.33 GLBSx263779@0.58 INSYx9326@16.41 

2016-08-21
Cash: 11.73
Held: WPCSx115040@1.32 ABACx53113@2.93 INSYx9326@16.00 GLBSx263779@0.57 PLABx16957@8.98 
Value: 759244.21
Sales: ABACx53113@2.93 PLABx16957@8.98 WPCSx115040@1.32 GLBSx263779@0.57 INSYx9326@16.00 
Purchases: SNGXx253040@0.60 NAKx176596@0.86 PYDSx97365@1.56 IKGHx281181@0.54 FACx118606@1.28 

2016-08-22
Cash: 2.68
Held: NAKx176596@0.76 IKGHx281181@0.55 PYDSx97365@1.55 FACx118606@1.20 SNGXx253040@0.61 
Value: 736335.79
Sales: NAKx176596@0.76 PYDSx97365@1.55 FACx118606@1.20 SNGXx253040@0.61 IKGHx281181@0.55 
Purchases: CNETx88188@1.67 ZEUSx7081@20.80 JRJCx34025@4.33 ARCIx144445@1.02 NWYx67867@2.17 

2016-08-23
Cash: 9.31
Held: CNETx88188@1.62 NWYx67867@2.14 ZEUSx7081@20.31 ARCIx144445@1.05 JRJCx34025@4.40 
Value: 733290.69
Sales: CNETx88188@1.62 JRJCx34025@4.40 ZEUSx7081@20.31 NWYx67867@2.14 ARCIx144445@1.05 
Purchases: ETRMx11322@12.95 PRTSx40392@3.63 BSPMx51466@2.85 SPHSx38291@3.83 AAMEx42639@3.44 

2016-08-24
Cash: 7.38
Held: AAMEx42639@3.55 PRTSx40392@3.51 SPHSx38291@3.55 ETRMx11322@13.81 BSPMx51466@2.45 
Value: 711575.18
Sales: AAMEx42639@3.55 PRTSx40392@3.51 ETRMx11322@13.81 BSPMx51466@2.45 SPHSx38291@3.55 
Purchases: EXPRx12063@11.80 YTENx355874@0.40 STLYx65881@2.16 YGEx36036@3.95 INSGx46351@3.07 

2016-08-25
Cash: 15.27
Held: EXPRx12063@11.78 STLYx65881@2.08 YTENx355874@0.44 YGEx36036@3.82 INSGx46351@3.17 
Value: 720331.66
Sales: EXPRx12063@11.78 YTENx355874@0.44 STLYx65881@2.08 YGEx36036@3.82 INSGx46351@3.17 
Purchases: ADXSx12155@11.85 ATAIx35668@4.04 ARWRx20967@6.87 BDSIx58309@2.47 BASx288132@0.50 

2016-08-28
Cash: 14.18
Held: ADXSx12155@11.83 BASx288132@0.46 ATAIx35668@4.45 ARWRx20967@6.83 BDSIx58309@2.47 
Value: 722238.76
Sales: ADXSx12155@11.83 ATAIx35668@4.45 ARWRx20967@6.83 BDSIx58309@2.47 BASx288132@0.46 
Purchases: XRMx17829@8.10 SXIx1729@83.50 HYGSx25697@5.62 INTXx80695@1.79 CBIOx119382@1.21 

2016-08-29
Cash: 84.50
Held: XRMx17829@8.53 HYGSx25697@5.72 SXIx1729@84.12 INTXx80695@1.80 CBIOx119382@1.26 
Value: 740223.58
Sales: XRMx17829@8.53 SXIx1729@84.12 HYGSx25697@5.72 INTXx80695@1.80 CBIOx119382@1.26 
Purchases: IKGHx361162@0.41 PTXx235035@0.63 QNSTx48526@3.05 BRCDx16045@9.23 ACETx7419@19.95 

2016-08-30
Cash: 19.76
Held: ACETx7419@20.00 PTXx235035@0.60 QNSTx48526@3.13 IKGHx361162@0.45 BRCDx16045@9.15 
Value: 750663.74
Sales: IKGHx361162@0.45 PTXx235035@0.60 QNSTx48526@3.13 BRCDx16045@9.15 ACETx7419@20.00 
Purchases: CBKx90432@1.66 GIIIx4601@32.62 GSOLx18794@7.99 DSWx6457@23.25 BOSCx52866@2.84 

2016-08-31
Cash: 36.67
Held: GIIIx4601@31.55 DSWx6457@24.08 CBKx90432@1.50 GSOLx18794@8.21 BOSCx52866@2.70 
Value: 733317.56
Sales: DSWx6457@24.08 GIIIx4601@31.55 GSOLx18794@8.21 BOSCx52866@2.70 CBKx90432@1.50 
Purchases: AVAVx5812@25.23 CDEx11660@12.58 OREXx37602@3.90 SPHSx48887@3.00 HEBx101133@1.45 

2016-09-01
Cash: 8.34
Held: OREXx37602@3.94 AVAVx5812@24.33 SPHSx48887@2.96 HEBx101133@1.40 CDEx11660@13.44 
Value: 732593.03
Sales: AVAVx5812@24.33 CDEx11660@13.44 OREXx37602@3.94 HEBx101133@1.40 SPHSx48887@2.96 
Purchases: NCSx9682@15.13 NAVBx472551@0.31 SNMXx35054@4.18 GCOx3050@48.03 IMNx183192@0.80 

2016-09-05
Cash: 30.74
Held: GCOx3050@49.50 IMNx183192@0.81 NCSx9682@15.02 SNMXx35054@4.30 NAVBx472551@0.55 
Value: 855429.25
Sales: NAVBx472551@0.55 NCSx9682@15.02 SNMXx35054@4.30 GCOx3050@49.50 IMNx183192@0.81 
Purchases: NAUHx83904@2.04 DOx10447@16.38 NLSTx92989@1.84 WACx49883@3.43 IDNx103663@1.65 

2016-09-06
Cash: 21.35
Held: DOx10447@16.42 NLSTx92989@1.74 WACx49883@3.15 NAUHx83904@2.17 IDNx103663@1.62 
Value: 840565.61
Sales: NAUHx83904@2.17 DOx10447@16.42 NLSTx92989@1.74 WACx49883@3.15 IDNx103663@1.62 
Purchases: WLFCx7746@21.70 IKGHx382126@0.44 IFONx300170@0.56 NETEx127328@1.32 DRYSx23125@7.27 

2016-09-07
Cash: 6.70
Held: IFONx300170@0.55 WLFCx7746@21.97 IKGHx382126@0.39 DRYSx23125@7.35 NETEx127328@1.26 
Value: 814607.92
Sales: WLFCx7746@21.97 IKGHx382126@0.39 IFONx300170@0.55 NETEx127328@1.26 DRYSx23125@7.35 
Purchases: WACx52396@3.11 MDGLx14874@10.95 CASYx1344@121.19 SOLx149490@1.09 MFINx39721@4.10 

2016-09-08
Cash: 57.42
Held: CASYx1344@118.75 MDGLx14874@11.02 SOLx149490@1.10 WACx52396@3.42 MFINx39721@3.93 
Value: 823281.98
Sales: WACx52396@3.42 MDGLx14874@11.02 CASYx1344@118.75 SOLx149490@1.10 MFINx39721@3.93 
Purchases: TSCOx2379@69.19 SVUx33453@4.92 URREx99181@1.66 SHLOx24211@6.80 ASTCx84010@1.96 

2016-09-11
Cash: 67.44
Held: ASTCx84010@1.85 SHLOx24211@6.70 SVUx33453@4.70 TSCOx2379@68.00 URREx99181@1.53 
Value: 788396.93
Sales: TSCOx2379@68.00 SVUx33453@4.70 ASTCx84010@1.85 URREx99181@1.53 SHLOx24211@6.70 
Purchases: SKLNx875735@0.18 THRMx5180@30.44 RPRXx78839@2.00 TAP.Ax1530@103.00 QVCAx8105@19.45 

2016-09-12
Cash: 115.76
Held: RPRXx78839@2.00 SKLNx875735@0.17 THRMx5180@30.75 QVCAx8105@19.34 TAP.Ax1530@103.00 
Value: 780363.29
Sales: SKLNx875735@0.17 THRMx5180@30.75 RPRXx78839@2.00 TAP.Ax1530@103.00 QVCAx8105@19.34 
Purchases: HOVx92917@1.68 CHKEx15656@9.97 YINNx8457@18.45 NOGx50511@3.09 GASLx3285@47.50 

2016-09-13
Cash: 54.34
Held: NOGx50511@2.95 HOVx92917@1.69 CHKEx15656@9.52 GASLx3285@43.75 YINNx8457@18.38 
Value: 754307.05
Sales: HOVx92917@1.69 CHKEx15656@9.52 YINNx8457@18.38 NOGx50511@2.95 GASLx3285@43.75 
Purchases: SGMAx26470@5.70 ABACx83820@1.80 NETEx138424@1.09 OGENx301722@0.50 IFMIx123684@1.22 

2016-09-14
Cash: 6.91
Held: ABACx83820@2.24 IFMIx123684@1.16 SGMAx26470@5.60 OGENx301722@0.53 NETEx138424@1.18 
Value: 802694.38
Sales: SGMAx26470@5.60 ABACx83820@2.24 NETEx138424@1.18 IFMIx123684@1.16 OGENx301722@0.53 
Purchases: ETRMx17775@9.03 HKx17931@8.95 QVCBx8449@19.00 SYRGx25447@6.31 AREXx52454@3.06 

2016-09-15
Cash: 21.71
Held: AREXx52454@2.93 QVCBx8449@19.00 SYRGx25447@6.02 HKx17931@8.37 ETRMx17775@8.46 
Value: 767830.76
Sales: ETRMx17775@8.46 HKx17931@8.37 QVCBx8449@19.00 SYRGx25447@6.02 AREXx52454@2.93 
Purchases: UUUUx90322@1.70 OPTTx21215@7.24 SPWRx20337@7.55 SPPIx31729@4.84 NYMXx48001@3.20 

2016-09-18
Cash: 16.24
Held: SPPIx31729@4.81 SPWRx20337@7.60 NYMXx48001@3.36 UUUUx90322@1.65 OPTTx21215@7.47 
Value: 775950.56
Sales: NYMXx48001@3.36 UUUUx90322@1.65 SPWRx20337@7.60 SPPIx31729@4.81 OPTTx21215@7.47 
Purchases: UUUUx94032@1.65 SOXSx9352@16.59 SSGx6085@25.50 DBx11740@13.22 NEPTx153689@1.01 

2016-09-19
Cash: 30.78
Held: NEPTx153689@1.00 DBx11740@12.80 UUUUx94032@1.70 SSGx6085@26.14 SOXSx9352@16.62 
Value: 778370.57
Sales: UUUUx94032@1.70 SOXSx9352@16.62 SSGx6085@26.14 DBx11740@12.80 NEPTx153689@1.00 
Purchases: RYFx4996@31.16 RGSEx64853@2.40 HHx105151@1.48 RELVx204897@0.76 VICLx51723@3.01 

2016-09-20
Cash: 20.83
Held: RELVx204897@0.80 RGSEx64853@2.15 HHx105151@1.48 RYFx4996@31.09 VICLx51723@3.10 
Value: 774695.94
Sales: RYFx4996@31.09 RGSEx64853@2.15 HHx105151@1.48 RELVx204897@0.80 VICLx51723@3.10 
Purchases: AIIIx154939@1.00 CHKx22993@6.74 RIBTx130154@1.19 FMNBx14278@10.85 AXUx85116@1.82 

2016-09-21
Cash: 8.12
Held: CHKx22993@6.90 FMNBx14278@10.84 AXUx85116@2.01 RIBTx130154@1.19 AIIIx154939@1.10 
Value: 809825.73
Sales: AXUx85116@2.01 AIIIx154939@1.10 CHKx22993@6.90 RIBTx130154@1.19 FMNBx14278@10.84 
Purchases: HNIx4039@40.09 SBOTx64035@2.53 TXMDx25344@6.39 AHPIx145868@1.11 DFBGx27586@5.87 

2016-09-22
Cash: 34.80
Held: HNIx4039@41.38 AHPIx145868@1.08 TXMDx25344@6.26 SBOTx64035@2.49 DFBGx27586@6.03 
Value: 809234.48
Sales: HNIx4039@41.38 SBOTx64035@2.49 TXMDx25344@6.26 AHPIx145868@1.08 DFBGx27586@6.03 
Purchases: HRTx39686@4.08 YGEx44336@3.65 MDSYx143242@1.13 VXXx4804@33.69 UTIx78545@2.06 

2016-09-25
Cash: 19.21
Held: VXXx4804@35.03 HRTx39686@4.09 YGEx44336@3.80 UTIx78545@1.87 MDSYx143242@1.19 
Value: 816538.20
Sales: MDSYx143242@1.19 HRTx39686@4.09 YGEx44336@3.80 UTIx78545@1.87 VXXx4804@35.03 
Purchases: SORLx45368@3.60 TRXx183463@0.89 HRTXx8994@18.16 APRIx46659@3.50 PPHMx408368@0.40 

2016-09-26
Cash: 12.83
Held: SORLx45368@3.99 TRXx183463@0.85 PPHMx408368@0.45 APRIx46659@3.43 HRTXx8994@17.23 
Value: 835780.67
Sales: SORLx45368@3.99 TRXx183463@0.85 HRTXx8994@17.23 APRIx46659@3.43 PPHMx408368@0.45 
Purchases: RAVEx55179@3.03 VNRx167156@1.00 SPUx20416@8.19 LBTYBx4911@34.03 RTNBx261125@0.64 

2016-09-27
Cash: 31.93
Held: SPUx20416@6.78 LBTYBx4911@34.03 RAVEx55179@3.17 RTNBx261125@0.63 VNRx167156@0.88 
Value: 792074.36
Sales: RAVEx55179@3.17 VNRx167156@0.88 SPUx20416@6.78 LBTYBx4911@34.03 RTNBx261125@0.63 
Purchases: INVEx73004@2.17 CVMx586679@0.27 BIOPx50284@3.15 UTIx94312@1.68 MBVXx38919@4.07 

2016-09-28
Cash: 5.17
Held: CVMx586679@0.27 INVEx73004@2.26 UTIx94312@1.63 MBVXx38919@4.07 BIOPx50284@3.03 
Value: 787847.05
Sales: INVEx73004@2.26 CVMx586679@0.27 BIOPx50284@3.03 UTIx94312@1.63 MBVXx38919@4.07 
Purchases: ARRYx24777@6.36 ATAIx37593@4.19 AOIx8678@18.16 PTIEx143295@1.10 TPXx2782@56.62 

2016-09-29
Cash: 54.07
Held: PTIEx143295@1.03 ATAIx37593@4.07 TPXx2782@55.50 AOIx8678@18.47 ARRYx24777@6.28 
Value: 771005.71
Sales: ARRYx24777@6.28 ATAIx37593@4.07 AOIx8678@18.47 PTIEx143295@1.03 TPXx2782@55.50 
Purchases: EXELx12398@12.44 ETRMx15739@9.80 SONSx19896@7.75 SEEDx66737@2.31 CCURx27878@5.53 

2016-10-02
Cash: 19.41
Held: EXELx12398@12.99 ETRMx15739@9.80 CCURx27878@5.53 SONSx19896@7.73 SEEDx66737@2.37 
Value: 781404.50
Sales: EXELx12398@12.99 ETRMx15739@9.80 SONSx19896@7.73 SEEDx66737@2.37 CCURx27878@5.53 
Purchases: CTSHx3211@48.66 RGSEx40596@3.85 INVTx107044@1.46 CAMPx11225@13.92 DCTHx63004@2.48 

2016-10-03
Cash: 57.98
Held: CAMPx11225@13.65 RGSEx40596@2.37 INVTx107044@1.35 CTSHx3211@51.09 DCTHx63004@2.65 
Value: 724954.15
Sales: CTSHx3211@51.09 RGSEx40596@2.37 CAMPx11225@13.65 INVTx107044@1.35 DCTHx63004@2.65 
Purchases: GBRx53715@2.70 TRXx185936@0.78 BSPMx40279@3.60 VNRx174671@0.83 HPJx51588@2.81 

2016-10-04
Cash: 5.75
Held: HPJx51588@2.90 TRXx185936@0.75 GBRx53715@2.54 VNRx174671@0.52 BSPMx40279@3.42 
Value: 654052.21
Sales: HPJx51588@2.90 GBRx53715@2.54 VNRx174671@0.52 BSPMx40279@3.42 TRXx185936@0.75 
Purchases: THLDx233565@0.56 RGSEx55442@2.36 SYNTx4980@26.27 VVUSx115773@1.13 HHx115773@1.13 

2016-10-05
Cash: 10.99
Held: RGSEx55442@2.59 HHx115773@1.15 VVUSx115773@1.14 THLDx233565@0.59 SYNTx4980@25.98 
Value: 675890.85
Sales: THLDx233565@0.59 RGSEx55442@2.59 HHx115773@1.15 VVUSx115773@1.14 SYNTx4980@25.98 
Purchases: PLGx57057@2.37 LTBRx82937@1.63 PYDSx61140@2.21 CEIx51381@2.63 ATECx19595@6.90 

2016-10-06
Cash: 9.41
Held: ATECx19595@6.45 LTBRx82937@1.60 PYDSx61140@2.31 CEIx51381@2.60 PLGx57057@2.28 
Value: 663935.86
Sales: LTBRx82937@1.60 PLGx57057@2.28 PYDSx61140@2.31 CEIx51381@2.60 ATECx19595@6.45 
Purchases: KELYBx6971@19.05 RECNx10214@13.00 INVTx158109@0.84 ALNYx3678@36.09 CTSOx22617@5.87 

2016-10-09
Cash: 51.90
Held: INVTx158109@0.82 KELYBx6971@18.98 ALNYx3678@35.09 CTSOx22617@5.65 RECNx10214@13.05 
Value: 652099.87
Sales: ALNYx3678@35.09 RECNx10214@13.05 INVTx158109@0.82 KELYBx6971@18.98 CTSOx22617@5.65 
Purchases: BKEx6123@21.30 QTMx176187@0.74 ISCAx4140@31.50 FCSCx207054@0.63 BASIx137255@0.95 

2016-10-10
Cash: 30.62
Held: BASIx137255@0.96 QTMx176187@0.73 BKEx6123@21.59 FCSCx207054@0.64 ISCAx4140@31.09 
Value: 653892.65
Sales: ISCAx4140@31.09 BKEx6123@21.59 QTMx176187@0.73 FCSCx207054@0.64 BASIx137255@0.96 
Purchases: LEEx42059@3.11 CMTLx11242@11.63 HNRx153839@0.85 VNRx266900@0.49 PRANx41383@3.16 

2016-10-11
Cash: 6.06
Held: HNRx153839@0.84 LEEx42059@3.40 CMTLx11242@11.29 VNRx266900@0.50 PRANx41383@3.25 
Value: 667080.20
Sales: CMTLx11242@11.29 PRANx41383@3.25 HNRx153839@0.84 LEEx42059@3.40 VNRx266900@0.50 
Purchases: PPHMx351203@0.38 XPLx208418@0.64 CRNTx61762@2.16 AMTXx92622@1.44 FSNNx98855@1.35 

2016-10-12
Cash: 1.52
Held: XPLx208418@0.67 AMTXx92622@1.32 PPHMx351203@0.37 FSNNx98855@1.43 CRNTx61762@2.10 
Value: 662909.38
Sales: PPHMx351203@0.37 CRNTx61762@2.10 FSNNx98855@1.43 AMTXx92622@1.32 XPLx208418@0.67 
Purchases: VCELx54132@2.45 MDSYx128686@1.03 ERICx23768@5.58 NANOx6613@20.05 CETCx57624@2.30 

2016-10-13
Cash: 15.42
Held: ERICx23768@5.45 VCELx54132@2.40 NANOx6613@20.02 MDSYx128686@1.06 CETCx57624@2.20 
Value: 654913.37
Sales: VCELx54132@2.40 MDSYx128686@1.06 ERICx23768@5.45 NANOx6613@20.02 CETCx57624@2.20 
Purchases: PTNx214773@0.61 VSRx102308@1.28 TGTXx18680@7.01 CVTIx8922@14.68 OGENx311921@0.42 

2016-10-16
Cash: 15.46
Held: CVTIx8922@15.21 PTNx214773@0.59 VSRx102308@1.25 TGTXx18680@6.56 OGENx311921@0.42 
Value: 643791.94
Sales: PTNx214773@0.59 VSRx102308@1.25 TGTXx18680@6.56 CVTIx8922@15.21 OGENx311921@0.42 
Purchases: SMSIx65014@1.98 OPTTx45184@2.85 MGHx585343@0.22 XTNTx134128@0.96 LODEx415271@0.31 

2016-10-17
Cash: 2.70
Held: XTNTx134128@1.00 SMSIx65014@1.85 MGHx585343@0.24 LODEx415271@0.30 OPTTx45184@3.42 
Value: 673985.14
Sales: SMSIx65014@1.85 OPTTx45184@3.42 MGHx585343@0.24 LODEx415271@0.30 XTNTx134128@1.00 
Purchases: NHTCx6114@22.05 HHx133493@1.01 CRMDx60170@2.24 PSOx14671@9.19 ESNCx117175@1.15 

2016-10-18
Cash: 12.17
Held: ESNCx117175@1.14 PSOx14671@9.28 HHx133493@1.01 CRMDx60170@2.30 NHTCx6114@24.20 
Value: 690928.25
Sales: ESNCx117175@1.14 HHx133493@1.01 CRMDx60170@2.30 PSOx14671@9.28 NHTCx6114@24.20 
Purchases: DRAMx132865@1.04 TISAx79406@1.74 ROSGx209322@0.66 OMERx18348@7.53 DHXx22618@6.11 

2016-10-19
Cash: 7.96
Held: DHXx22618@6.00 DRAMx132865@1.10 OMERx18348@7.65 TISAx79406@1.80 ROSGx209322@0.58 
Value: 686487.50
Sales: DRAMx132865@1.10 OMERx18348@7.65 ROSGx209322@0.58 TISAx79406@1.80 DHXx22618@6.00 
Purchases: LTBRx100927@1.36 CREEx6166@22.27 HMNYx24874@5.52 VDSIx9234@14.87 WSCIx41472@3.31 

2016-10-20
Cash: 30.02
Held: WSCIx41472@3.46 CREEx6166@22.31 LTBRx100927@1.33 VDSIx9234@14.68 HMNYx24874@5.85 
Value: 696485.69
Sales: LTBRx100927@1.33 VDSIx9234@14.68 HMNYx24874@5.85 CREEx6166@22.31 WSCIx41472@3.46 
Purchases: TCCOx54609@2.55 SCONx63339@2.20 DXPEx6035@23.08 UNFx1184@117.56 PRANx45369@3.07 

2016-10-23
Cash: 126.27
Held: DXPEx6035@21.38 UNFx1184@118.38 TCCOx54609@2.50 SCONx63339@2.12 PRANx45369@3.16 
Value: 683400.27
Sales: TCCOx54609@2.50 PRANx45369@3.16 DXPEx6035@21.38 UNFx1184@118.38 SCONx63339@2.12 
Purchases: SMSIx89948@1.52 CIAx16773@8.15 RCGx102011@1.34 SKXx7146@19.12 CEIx74288@1.84 

2016-10-24
Cash: 23.37
Held: SMSIx89948@1.53 RCGx102011@1.34 CEIx74288@1.61 SKXx7146@19.05 CIAx16773@7.98 
Value: 663942.37
Sales: SMSIx89948@1.53 CIAx16773@7.98 RCGx102011@1.34 SKXx7146@19.05 CEIx74288@1.61 
Purchases: SOLx134098@0.99 CLWx2376@55.88 TDWx80458@1.65 BASx390453@0.34 STSx11665@11.38 

2016-10-25
Cash: 38.95
Held: TDWx80458@1.68 BASx390453@0.52 STSx11665@11.62 CLWx2376@55.25 SOLx134098@0.97 
Value: 735118.79
Sales: SOLx134098@0.97 CLWx2376@55.25 TDWx80458@1.68 BASx390453@0.52 STSx11665@11.62 
Purchases: PMBCx25569@5.75 FCELx39744@3.70 SONCx6711@21.91 KONEx27838@5.28 PTIEx233414@0.63 

2016-10-26
Cash: 19.55
Held: PTIEx233414@0.61 SONCx6711@22.31 KONEx27838@5.53 FCELx39744@4.00 PMBCx25569@5.90 
Value: 755881.45
Sales: PMBCx25569@5.90 FCELx39744@4.00 SONCx6711@22.31 KONEx27838@5.53 PTIEx233414@0.61 
Purchases: CYNOx3615@41.81 EWx1588@95.19 NUVAx2562@59.00 GSTx134964@1.12 WINTx65428@2.31 

2016-10-27
Cash: 63.55
Held: WINTx65428@2.15 NUVAx2562@58.00 EWx1588@92.38 GSTx134964@1.09 CYNOx3615@43.25 
Value: 739485.23
Sales: CYNOx3615@43.25 EWx1588@92.38 NUVAx2562@58.00 GSTx134964@1.09 WINTx65428@2.15 
Purchases: PRXLx2577@57.38 CYHx28066@5.27 TREEx1936@76.38 BASx379327@0.39 CMLSx101302@1.46 

2016-10-30
Cash: 79.45
Held: CYHx28066@5.35 BASx379327@0.35 PRXLx2577@57.19 CMLSx101302@1.49 TREEx1936@77.62 
Value: 731695.80
Sales: PRXLx2577@57.19 CYHx28066@5.35 TREEx1936@77.62 BASx379327@0.35 CMLSx101302@1.49 
Purchases: OPXAx146339@1.00 CRRx23876@6.13 STONx10679@13.70 SNMXx125084@1.17 SYNAx2795@52.34 

2016-10-31
Cash: 48.08
Held: OPXAx146339@0.80 SNMXx125084@1.17 CRRx23876@6.37 SYNAx2795@52.31 STONx10679@13.00 
Value: 700585.88
Sales: OPXAx146339@0.80 CRRx23876@6.37 STONx10679@13.00 SNMXx125084@1.17 SYNAx2795@52.31 
Purchases: XRMx22789@6.15 DFFNx29991@4.67 NSITx4847@28.91 FORMx15829@8.85 ZBHx1314@106.56 

2016-11-01
Cash: 111.83
Held: FORMx15829@8.75 XRMx22789@6.13 ZBHx1314@103.69 DFFNx29991@4.50 NSITx4847@28.75 
Value: 688843.35
Sales: XRMx22789@6.13 DFFNx29991@4.50 NSITx4847@28.75 FORMx15829@8.75 ZBHx1314@103.69 
Purchases: OPXAx176675@0.78 ETRMx24594@5.60 LLx9052@15.22 YUMx2271@60.66 BKDx12020@11.46 

2016-11-02
Cash: 39.04
Held: OPXAx176675@0.63 YUMx2271@59.88 ETRMx24594@5.95 BKDx12020@11.94 LLx9052@15.07 
Value: 673520.02
Sales: OPXAx176675@0.63 ETRMx24594@5.95 LLx9052@15.07 YUMx2271@59.88 BKDx12020@11.94 
Purchases: TGCx189734@0.71 IFMIx114186@1.18 KATEx9156@14.71 MYGNx7931@16.98 UIHCx11721@11.49 

2016-11-03
Cash: 16.14
Held: KATEx9156@15.02 TGCx189734@0.68 MYGNx7931@16.09 IFMIx114186@1.18 UIHCx11721@10.83 
Value: 655882.99
Sales: TGCx189734@0.68 UIHCx11721@10.83 IFMIx114186@1.18 KATEx9156@15.02 MYGNx7931@16.09 
Purchases: PRFTx8874@14.78 BREWx9790@13.40 STONx14575@9.00 PTNx252253@0.52 ERIIx14613@8.98 

2016-11-06
Cash: 17.48
Held: ERIIx14613@9.46 PTNx252253@0.52 BREWx9790@13.70 PRFTx8874@14.48 STONx14575@9.02 
Value: 663581.85
Sales: BREWx9790@13.70 PTNx252253@0.52 STONx14575@9.02 PRFTx8874@14.48 ERIIx14613@9.46 
Purchases: DWCHx21933@6.05 ACHNx30173@4.40 MDCAx39029@3.40 AKRXx6827@19.44 SQBGx30227@4.39 

2016-11-07
Cash: 26.93
Held: SQBGx30227@4.65 AKRXx6827@19.73 ACHNx30173@4.40 DWCHx21933@6.37 MDCAx39029@3.05 
Value: 666782.03
Sales: AKRXx6827@19.73 MDCAx39029@3.05 ACHNx30173@4.40 SQBGx30227@4.65 DWCHx21933@6.37 
Purchases: HSNIx4336@30.75 TEUMx833299@0.16 ALRx3749@35.56 ABTLx12071@11.05 DCTHx82312@1.62 

2016-11-08
Cash: 67.98
Held: TEUMx833299@0.16 HSNIx4336@33.31 DCTHx82312@1.60 ABTLx12071@11.94 ALRx3749@35.28 
Value: 685901.32
Sales: HSNIx4336@33.31 TEUMx833299@0.16 ALRx3749@35.28 ABTLx12071@11.94 DCTHx82312@1.60 
Purchases: BIOSx100841@1.36 DCTHx85758@1.60 MATXx4064@33.75 CGGx7621@18.00 PRZMx979756@0.14 

2016-11-09
Cash: 24.61
Held: MATXx4064@34.44 DCTHx85758@1.58 PRZMx979756@0.15 CGGx7621@17.55 BIOSx100841@1.26 
Value: 683231.03
Sales: BIOSx100841@1.26 CGGx7621@17.55 PRZMx979756@0.15 MATXx4064@34.44 DCTHx85758@1.58 
Purchases: BIOSx108469@1.26 IPXLx9690@14.10 GIGAx192470@0.71 BISx4578@29.84 DXTRx93595@1.46 

2016-11-10
Cash: 25.46
Held: IPXLx9690@14.20 GIGAx192470@0.74 DXTRx93595@1.47 BISx4578@30.52 BIOSx108469@1.30 
Value: 698374.75
Sales: BIOSx108469@1.30 IPXLx9690@14.20 GIGAx192470@0.74 BISx4578@30.52 DXTRx93595@1.47 
Purchases: MNSTx3296@42.38 CAGx4081@34.22 PPPx150159@0.93 THCx9439@14.80 HMSYx8401@16.62 

2016-11-13
Cash: 51.44
Held: THCx9439@14.95 HMSYx8401@16.70 MNSTx3296@41.78 PPPx150159@0.82 CAGx4081@34.91 
Value: 684784.33
Sales: MNSTx3296@41.78 HMSYx8401@16.70 CAGx4081@34.91 PPPx150159@0.82 THCx9439@14.95 
Purchases: GOLx8436@16.23 ELPx16322@8.39 LBJx1821@75.19 YTENx326148@0.42 TRXx273913@0.50 

2016-11-14
Cash: 49.75
Held: YTENx326148@0.38 GOLx8436@16.16 TRXx273913@0.52 ELPx16322@8.15 LBJx1821@76.00 
Value: 674076.80
Sales: GOLx8436@16.16 YTENx326148@0.38 LBJx1821@76.00 ELPx16322@8.15 TRXx273913@0.52 
Purchases: SVTx15407@8.75 PPPx170643@0.79 ASAx12203@11.05 AGQx3668@36.75 CRTNx228561@0.59 

2016-11-15
Cash: 31.62
Held: AGQx3668@37.50 CRTNx228561@0.57 ASAx12203@11.44 PPPx170643@0.83 SVTx15407@9.28 
Value: 692036.27
Sales: ASAx12203@11.44 PPPx170643@0.83 SVTx15407@9.28 CRTNx228561@0.57 AGQx3668@37.50 
Purchases: NYNYx7363@18.80 THLDx307605@0.45 SORLx35046@3.95 SYNx153802@0.90 EDGWx19739@7.01 

2016-11-16
Cash: 12.23
Held: SORLx35046@4.09 EDGWx19739@7.20 SYNx153802@0.91 THLDx307605@0.44 NYNYx7363@19.66 
Value: 705491.27
Sales: SORLx35046@4.09 EDGWx19739@7.20 THLDx307605@0.44 SYNx153802@0.91 NYNYx7363@19.66 
Purchases: MSNx185712@0.76 PTNx282196@0.50 PDLIx46728@3.02 PLXx282196@0.50 SITOx31713@4.45 

2016-11-17
Cash: 2.94
Held: PTNx282196@0.52 PDLIx46728@3.00 SITOx31713@3.98 MSNx185712@0.76 PLXx282196@0.49 
Value: 692537.86
Sales: MSNx185712@0.76 PTNx282196@0.52 PLXx282196@0.49 PDLIx46728@3.00 SITOx31713@3.98 
Purchases: SPPx12763@10.85 UAMYx512953@0.27 VUZIx19931@6.95 EXASx9475@14.62 HMNYx23797@5.82 

2016-11-20
Cash: 23.33
Held: SPPx12763@10.95 UAMYx512953@0.30 HMNYx23797@5.62 EXASx9475@14.40 VUZIx19931@7.50 
Value: 713401.88
Sales: SPPx12763@10.95 UAMYx512953@0.30 VUZIx19931@7.50 EXASx9475@14.40 HMNYx23797@5.62 
Purchases: SINOx29291@4.87 SHIPx46031@3.10 GLBSx22644@6.30 GSLx67329@2.12 ESEAx54679@2.61 

2016-11-21
Cash: 12.02
Held: SHIPx46031@2.80 ESEAx54679@2.21 GLBSx22644@4.50 SINOx29291@3.67 GSLx67329@1.97 
Value: 591840.04
Sales: SINOx29291@3.67 SHIPx46031@2.80 GLBSx22644@4.50 GSLx67329@1.97 ESEAx54679@2.21 
Purchases: GRFx16195@7.31 SCONx64335@1.84 SHIPx42262@2.80 YTENx358606@0.33 CETCx30347@3.90 

2016-11-22
Cash: 11.25
Held: GRFx16195@7.58 SHIPx42262@2.45 YTENx358606@0.28 CETCx30347@4.22 SCONx64335@2.07 
Value: 587888.01
Sales: GRFx16195@7.58 SCONx64335@2.07 SHIPx42262@2.45 YTENx358606@0.28 CETCx30347@4.22 
Purchases: SINOx34282@3.43 TOPSx37206@3.16 GLBSx33407@3.52 KGJIx88399@1.33 ASMx86431@1.36 

